<?xml version="1.0" encoding="UTF-8" ?>
<testsuite errors="0" failures="0" hostname="travis-job-c49092a0-f8c6-4fef-85f1-5557b99d58b6" name="ptolemy.domains.continuous.test.junit.JUnitTclTest" skipped="0" tests="156" time="72.812" timestamp="2020-07-24T16:45:19">
  <properties>
[...]
</properties>
  <testcase classname="ptolemy.util.test.junit.TclTests" name="[0] ThereAreNoTclTests (RunTclFile)" time="0.008" />
  <testcase classname="ptolemy.util.test.junit.AutoKnownFailedTests" name="[0] ThereAreNoKnowFailedTests (RunModel)" time="0.002" />
  <testcase classname="ptolemy.util.test.junit.AutoNameArchTests" name="[0] ThereAreNoAutoArchTests (RunModel)" time="0.012" />
  <testcase classname="ptolemy.util.test.junit.AutoTests" name="[0] /home/travis/build/icyphy/ptII/ptolemy/domains/continuous/test/auto/BouncingBall.xml (RunModel)" time="3.311" />
  <testcase classname="ptolemy.util.test.junit.AutoTests" name="[1] /home/travis/build/icyphy/ptII/ptolemy/domains/continuous/test/auto/BouncingBallWithoutGR.xml (RunModel)" time="0.904" />
  <testcase classname="ptolemy.util.test.junit.AutoTests" name="[2] /home/travis/build/icyphy/ptII/ptolemy/domains/continuous/test/auto/Brownian.xml (RunModel)" time="0.124" />
  <testcase classname="ptolemy.util.test.junit.AutoTests" name="[3] /home/travis/build/icyphy/ptII/ptolemy/domains/continuous/test/auto/CarTracking.xml (RunModel)" time="4.716" />
  <testcase classname="ptolemy.util.test.junit.AutoTests" name="[4] /home/travis/build/icyphy/ptII/ptolemy/domains/continuous/test/auto/CartPendulum.xml (RunModel)" time="0.451" />
  <testcase classname="ptolemy.util.test.junit.AutoTests" name="[5] /home/travis/build/icyphy/ptII/ptolemy/domains/continuous/test/auto/CausalityInterface10.xml (RunModel)" time="0.055" />
  <testcase classname="ptolemy.util.test.junit.AutoTests" name="[6] /home/travis/build/icyphy/ptII/ptolemy/domains/continuous/test/auto/CausalityInterface11.xml (RunModel)" time="0.038" />
  <testcase classname="ptolemy.util.test.junit.AutoTests" name="[7] /home/travis/build/icyphy/ptII/ptolemy/domains/continuous/test/auto/CausalityInterface12.xml (RunModel)" time="0.037" />
  <testcase classname="ptolemy.util.test.junit.AutoTests" name="[8] /home/travis/build/icyphy/ptII/ptolemy/domains/continuous/test/auto/CausalityInterface13.xml (RunModel)" time="0.024" />
  <testcase classname="ptolemy.util.test.junit.AutoTests" name="[9] /home/travis/build/icyphy/ptII/ptolemy/domains/continuous/test/auto/CausalityInterface14.xml (RunModel)" time="0.031" />
  <testcase classname="ptolemy.util.test.junit.AutoTests" name="[10] /home/travis/build/icyphy/ptII/ptolemy/domains/continuous/test/auto/CausalityInterface4.xml (RunModel)" time="0.056" />
  <testcase classname="ptolemy.util.test.junit.AutoTests" name="[11] /home/travis/build/icyphy/ptII/ptolemy/domains/continuous/test/auto/CausalityInterface5.xml (RunModel)" time="0.039" />
  <testcase classname="ptolemy.util.test.junit.AutoTests" name="[12] /home/travis/build/icyphy/ptII/ptolemy/domains/continuous/test/auto/CausalityInterface6.xml (RunModel)" time="0.035" />
  <testcase classname="ptolemy.util.test.junit.AutoTests" name="[13] /home/travis/build/icyphy/ptII/ptolemy/domains/continuous/test/auto/CausalityInterface7.xml (RunModel)" time="0.047" />
  <testcase classname="ptolemy.util.test.junit.AutoTests" name="[14] /home/travis/build/icyphy/ptII/ptolemy/domains/continuous/test/auto/CausalityInterface8.xml (RunModel)" time="0.042" />
  <testcase classname="ptolemy.util.test.junit.AutoTests" name="[15] /home/travis/build/icyphy/ptII/ptolemy/domains/continuous/test/auto/CausalityInterface9.xml (RunModel)" time="0.05" />
  <testcase classname="ptolemy.util.test.junit.AutoTests" name="[16] /home/travis/build/icyphy/ptII/ptolemy/domains/continuous/test/auto/CausalityInterfaceFeedback1.xml (RunModel)" time="0.034" />
  <testcase classname="ptolemy.util.test.junit.AutoTests" name="[17] /home/travis/build/icyphy/ptII/ptolemy/domains/continuous/test/auto/CausalityInterfaceFeedback2.xml (RunModel)" time="0.036" />
  <testcase classname="ptolemy.util.test.junit.AutoTests" name="[18] /home/travis/build/icyphy/ptII/ptolemy/domains/continuous/test/auto/CompareWithCurrentTime.xml (RunModel)" time="0.025" />
  <testcase classname="ptolemy.util.test.junit.AutoTests" name="[19] /home/travis/build/icyphy/ptII/ptolemy/domains/continuous/test/auto/ComparedClocks.xml (RunModel)" time="0.069" />
  <testcase classname="ptolemy.util.test.junit.AutoTests" name="[20] /home/travis/build/icyphy/ptII/ptolemy/domains/continuous/test/auto/ContinuousAOCClone.xml (RunModel)" time="2.597" />
  <testcase classname="ptolemy.util.test.junit.AutoTests" name="[21] /home/travis/build/icyphy/ptII/ptolemy/domains/continuous/test/auto/ContinuousClock.xml (RunModel)" time="0.094" />
  <testcase classname="ptolemy.util.test.junit.AutoTests" name="[22] /home/travis/build/icyphy/ptII/ptolemy/domains/continuous/test/auto/ContinuousInContinuous.xml (RunModel)" time="0.091" />
  <testcase classname="ptolemy.util.test.junit.AutoTests" name="[23] /home/travis/build/icyphy/ptII/ptolemy/domains/continuous/test/auto/ContinuousInContinuousInContinuous.xml (RunModel)" time="0.027" />
  <testcase classname="ptolemy.util.test.junit.AutoTests" name="[24] /home/travis/build/icyphy/ptII/ptolemy/domains/continuous/test/auto/ContinuousInDE.xml (RunModel)" time="0.121" />
  <testcase classname="ptolemy.util.test.junit.AutoTests" name="[25] /home/travis/build/icyphy/ptII/ptolemy/domains/continuous/test/auto/ContinuousInDE2.xml (RunModel)" time="0.051" />
  <testcase classname="ptolemy.util.test.junit.AutoTests" name="[26] /home/travis/build/icyphy/ptII/ptolemy/domains/continuous/test/auto/ContinuousInDE3.xml (RunModel)" time="0.043" />
  <testcase classname="ptolemy.util.test.junit.AutoTests" name="[27] /home/travis/build/icyphy/ptII/ptolemy/domains/continuous/test/auto/ContinuousInDE4.xml (RunModel)" time="0.027" />
  <testcase classname="ptolemy.util.test.junit.AutoTests" name="[28] /home/travis/build/icyphy/ptII/ptolemy/domains/continuous/test/auto/ContinuousInDEDifferentRefinements.xml (RunModel)" time="0.082" />
  <testcase classname="ptolemy.util.test.junit.AutoTests" name="[29] /home/travis/build/icyphy/ptII/ptolemy/domains/continuous/test/auto/ContinuousInDEDifferentRefinementsPreemptive.xml (RunModel)" time="0.082" />
  <testcase classname="ptolemy.util.test.junit.AutoTests" name="[30] /home/travis/build/icyphy/ptII/ptolemy/domains/continuous/test/auto/ContinuousInDEInContinuous2.xml (RunModel)" time="0.052" />
  <testcase classname="ptolemy.util.test.junit.AutoTests" name="[31] /home/travis/build/icyphy/ptII/ptolemy/domains/continuous/test/auto/ContinuousInDEInContinuous3.xml (RunModel)" time="0.051" />
  <testcase classname="ptolemy.util.test.junit.AutoTests" name="[32] /home/travis/build/icyphy/ptII/ptolemy/domains/continuous/test/auto/ContinuousInDEInput.xml (RunModel)" time="0.034" />
  <testcase classname="ptolemy.util.test.junit.AutoTests" name="[33] /home/travis/build/icyphy/ptII/ptolemy/domains/continuous/test/auto/ContinuousInDEInput2.xml (RunModel)" time="0.035" />
  <testcase classname="ptolemy.util.test.junit.AutoTests" name="[34] /home/travis/build/icyphy/ptII/ptolemy/domains/continuous/test/auto/ContinuousInDEInput3.xml (RunModel)" time="0.03" />
  <testcase classname="ptolemy.util.test.junit.AutoTests" name="[35] /home/travis/build/icyphy/ptII/ptolemy/domains/continuous/test/auto/ContinuousInDESharingRefinement.xml (RunModel)" time="0.187" />
  <testcase classname="ptolemy.util.test.junit.AutoTests" name="[36] /home/travis/build/icyphy/ptII/ptolemy/domains/continuous/test/auto/ContinuousInDEwithNoPorts.xml (RunModel)" time="0.023" />
  <testcase classname="ptolemy.util.test.junit.AutoTests" name="[37] /home/travis/build/icyphy/ptII/ptolemy/domains/continuous/test/auto/ContinuousInsideDE.xml (RunModel)" time="0.087" />
  <testcase classname="ptolemy.util.test.junit.AutoTests" name="[38] /home/travis/build/icyphy/ptII/ptolemy/domains/continuous/test/auto/ContinuousMerge1.xml (RunModel)" time="0.032" />
  <testcase classname="ptolemy.util.test.junit.AutoTests" name="[39] /home/travis/build/icyphy/ptII/ptolemy/domains/continuous/test/auto/ContinuousMerge2.xml (RunModel)" time="0.053" />
  <testcase classname="ptolemy.util.test.junit.AutoTests" name="[40] /home/travis/build/icyphy/ptII/ptolemy/domains/continuous/test/auto/ContinuousMerge3.xml (RunModel)" time="0.066" />
  <testcase classname="ptolemy.util.test.junit.AutoTests" name="[41] /home/travis/build/icyphy/ptII/ptolemy/domains/continuous/test/auto/ContinuousWithinContinuous.xml (RunModel)" time="0.049" />
  <testcase classname="ptolemy.util.test.junit.AutoTests" name="[42] /home/travis/build/icyphy/ptII/ptolemy/domains/continuous/test/auto/ContinuousWithinContinuous2.xml (RunModel)" time="0.078" />
  <testcase classname="ptolemy.util.test.junit.AutoTests" name="[43] /home/travis/build/icyphy/ptII/ptolemy/domains/continuous/test/auto/ContinuousWithinContinuous3.xml (RunModel)" time="0.034" />
  <testcase classname="ptolemy.util.test.junit.AutoTests" name="[44] /home/travis/build/icyphy/ptII/ptolemy/domains/continuous/test/auto/ContinuousWithinContinuous4.xml (RunModel)" time="0.086" />
  <testcase classname="ptolemy.util.test.junit.AutoTests" name="[45] /home/travis/build/icyphy/ptII/ptolemy/domains/continuous/test/auto/ContinuousWithinContinuous5.xml (RunModel)" time="0.036" />
  <testcase classname="ptolemy.util.test.junit.AutoTests" name="[46] /home/travis/build/icyphy/ptII/ptolemy/domains/continuous/test/auto/ContinuousWithinContinuous6.xml (RunModel)" time="0.031" />
  <testcase classname="ptolemy.util.test.junit.AutoTests" name="[47] /home/travis/build/icyphy/ptII/ptolemy/domains/continuous/test/auto/ContinuousWithinContinuous7.xml (RunModel)" time="0.062" />
  <testcase classname="ptolemy.util.test.junit.AutoTests" name="[48] /home/travis/build/icyphy/ptII/ptolemy/domains/continuous/test/auto/DCMotor.xml (RunModel)" time="14.246" />
  <testcase classname="ptolemy.util.test.junit.AutoTests" name="[49] /home/travis/build/icyphy/ptII/ptolemy/domains/continuous/test/auto/DEInContinuous.xml (RunModel)" time="0.034" />
  <testcase classname="ptolemy.util.test.junit.AutoTests" name="[50] /home/travis/build/icyphy/ptII/ptolemy/domains/continuous/test/auto/DEinContinuous2.xml (RunModel)" time="0.031" />
  <testcase classname="ptolemy.util.test.junit.AutoTests" name="[51] /home/travis/build/icyphy/ptII/ptolemy/domains/continuous/test/auto/Derivative.xml (RunModel)" time="0.195" />
  <testcase classname="ptolemy.util.test.junit.AutoTests" name="[52] /home/travis/build/icyphy/ptII/ptolemy/domains/continuous/test/auto/Derivative1.xml (RunModel)" time="0.071" />
  <testcase classname="ptolemy.util.test.junit.AutoTests" name="[53] /home/travis/build/icyphy/ptII/ptolemy/domains/continuous/test/auto/DiscreteClock.xml (RunModel)" time="0.016" />
  <testcase classname="ptolemy.util.test.junit.AutoTests" name="[54] /home/travis/build/icyphy/ptII/ptolemy/domains/continuous/test/auto/EfficiencyCurve.xml (RunModel)" time="0.121" />
  <testcase classname="ptolemy.util.test.junit.AutoTests" name="[55] /home/travis/build/icyphy/ptII/ptolemy/domains/continuous/test/auto/ExponentialResponse.xml (RunModel)" time="0.113" />
  <testcase classname="ptolemy.util.test.junit.AutoTests" name="[56] /home/travis/build/icyphy/ptII/ptolemy/domains/continuous/test/auto/ExponentialResponseRK45.xml (RunModel)" time="0.038" />
  <testcase classname="ptolemy.util.test.junit.AutoTests" name="[57] /home/travis/build/icyphy/ptII/ptolemy/domains/continuous/test/auto/Friction.xml (RunModel)" time="1.588" />
  <testcase classname="ptolemy.util.test.junit.AutoTests" name="[58] /home/travis/build/icyphy/ptII/ptolemy/domains/continuous/test/auto/FurutaPendulum.xml (RunModel)" time="3.061" />
  <testcase classname="ptolemy.util.test.junit.AutoTests" name="[59] /home/travis/build/icyphy/ptII/ptolemy/domains/continuous/test/auto/HierarchicalExecution.xml (RunModel)" time="1.929" />
  <testcase classname="ptolemy.util.test.junit.AutoTests" name="[60] /home/travis/build/icyphy/ptII/ptolemy/domains/continuous/test/auto/HybridPlant.xml (RunModel)" time="0.597" />
  <testcase classname="ptolemy.util.test.junit.AutoTests" name="[61] /home/travis/build/icyphy/ptII/ptolemy/domains/continuous/test/auto/Hysteresis.xml (RunModel)" time="0.196" />
  <testcase classname="ptolemy.util.test.junit.AutoTests" name="[62] /home/travis/build/icyphy/ptII/ptolemy/domains/continuous/test/auto/HysteresisWithRandomDelay.xml (RunModel)" time="0.227" />
  <testcase classname="ptolemy.util.test.junit.AutoTests" name="[63] /home/travis/build/icyphy/ptII/ptolemy/domains/continuous/test/auto/HysteresisWithRandomLosses.xml (RunModel)" time="2.286" />
  <testcase classname="ptolemy.util.test.junit.AutoTests" name="[64] /home/travis/build/icyphy/ptII/ptolemy/domains/continuous/test/auto/ImmediateTransitions.xml (RunModel)" time="0.036" />
  <testcase classname="ptolemy.util.test.junit.AutoTests" name="[65] /home/travis/build/icyphy/ptII/ptolemy/domains/continuous/test/auto/ImpulseFeedback.xml (RunModel)" time="0.018" />
  <testcase classname="ptolemy.util.test.junit.AutoTests" name="[66] /home/travis/build/icyphy/ptII/ptolemy/domains/continuous/test/auto/ImpulseFeedback2.xml (RunModel)" time="0.022" />
  <testcase classname="ptolemy.util.test.junit.AutoTests" name="[67] /home/travis/build/icyphy/ptII/ptolemy/domains/continuous/test/auto/IncreasingRatePoisson.xml (RunModel)" time="0.71" />
  <testcase classname="ptolemy.util.test.junit.AutoTests" name="[68] /home/travis/build/icyphy/ptII/ptolemy/domains/continuous/test/auto/InitialStateFeedback.xml (RunModel)" time="0.011" />
  <testcase classname="ptolemy.util.test.junit.AutoTests" name="[69] /home/travis/build/icyphy/ptII/ptolemy/domains/continuous/test/auto/Integration.xml (RunModel)" time="0.009" />
  <testcase classname="ptolemy.util.test.junit.AutoTests" name="[70] /home/travis/build/icyphy/ptII/ptolemy/domains/continuous/test/auto/Integration2.xml (RunModel)" time="0.078" />
  <testcase classname="ptolemy.util.test.junit.AutoTests" name="[71] /home/travis/build/icyphy/ptII/ptolemy/domains/continuous/test/auto/Integration3.xml (RunModel)" time="0.022" />
  <testcase classname="ptolemy.util.test.junit.AutoTests" name="[72] /home/travis/build/icyphy/ptII/ptolemy/domains/continuous/test/auto/Integration5.xml (RunModel)" time="0.01" />
  <testcase classname="ptolemy.util.test.junit.AutoTests" name="[73] /home/travis/build/icyphy/ptII/ptolemy/domains/continuous/test/auto/IntegratorImpulse.xml (RunModel)" time="0.01" />
  <testcase classname="ptolemy.util.test.junit.AutoTests" name="[74] /home/travis/build/icyphy/ptII/ptolemy/domains/continuous/test/auto/IntegratorImpulse2.xml (RunModel)" time="0.015" />
  <testcase classname="ptolemy.util.test.junit.AutoTests" name="[75] /home/travis/build/icyphy/ptII/ptolemy/domains/continuous/test/auto/LevelCrossing1.xml (RunModel)" time="0.013" />
  <testcase classname="ptolemy.util.test.junit.AutoTests" name="[76] /home/travis/build/icyphy/ptII/ptolemy/domains/continuous/test/auto/LevelCrossing2.xml (RunModel)" time="0.014" />
  <testcase classname="ptolemy.util.test.junit.AutoTests" name="[77] /home/travis/build/icyphy/ptII/ptolemy/domains/continuous/test/auto/LevelCrossing3.xml (RunModel)" time="0.012" />
  <testcase classname="ptolemy.util.test.junit.AutoTests" name="[78] /home/travis/build/icyphy/ptII/ptolemy/domains/continuous/test/auto/LevelCrossing4.xml (RunModel)" time="0.016" />
  <testcase classname="ptolemy.util.test.junit.AutoTests" name="[79] /home/travis/build/icyphy/ptII/ptolemy/domains/continuous/test/auto/LevelCrossing5.xml (RunModel)" time="0.017" />
  <testcase classname="ptolemy.util.test.junit.AutoTests" name="[80] /home/travis/build/icyphy/ptII/ptolemy/domains/continuous/test/auto/LevelCrossing6.xml (RunModel)" time="0.018" />
  <testcase classname="ptolemy.util.test.junit.AutoTests" name="[81] /home/travis/build/icyphy/ptII/ptolemy/domains/continuous/test/auto/LevelCrossingDetector.xml (RunModel)" time="0.042" />
  <testcase classname="ptolemy.util.test.junit.AutoTests" name="[82] /home/travis/build/icyphy/ptII/ptolemy/domains/continuous/test/auto/LevelCrossingDetectorDetectingDirections.xml (RunModel)" time="0.085" />
  <testcase classname="ptolemy.util.test.junit.AutoTests" name="[83] /home/travis/build/icyphy/ptII/ptolemy/domains/continuous/test/auto/LevelCrossingDetectorDetectsGlitches.xml (RunModel)" time="0.057" />
  <testcase classname="ptolemy.util.test.junit.AutoTests" name="[84] /home/travis/build/icyphy/ptII/ptolemy/domains/continuous/test/auto/LevelCrossingNoInitialOuput.xml (RunModel)" time="0.014" />
  <testcase classname="ptolemy.util.test.junit.AutoTests" name="[85] /home/travis/build/icyphy/ptII/ptolemy/domains/continuous/test/auto/LinearStateSpaceExample.xml (RunModel)" time="0.072" />
  <testcase classname="ptolemy.util.test.junit.AutoTests" name="[86] /home/travis/build/icyphy/ptII/ptolemy/domains/continuous/test/auto/Lorenz.xml (RunModel)" time="3.376" />
  <testcase classname="ptolemy.util.test.junit.AutoTests" name="[87] /home/travis/build/icyphy/ptII/ptolemy/domains/continuous/test/auto/LorenzDifferentialSystem.xml (RunModel)" time="0.826" />
  <testcase classname="ptolemy.util.test.junit.AutoTests" name="[88] /home/travis/build/icyphy/ptII/ptolemy/domains/continuous/test/auto/LorenzDifferentialSystemWithInput.xml (RunModel)" time="1.181" />
  <testcase classname="ptolemy.util.test.junit.AutoTests" name="[89] /home/travis/build/icyphy/ptII/ptolemy/domains/continuous/test/auto/LorenzDifferentialSystemWithTime.xml (RunModel)" time="0.615" />
  <testcase classname="ptolemy.util.test.junit.AutoTests" name="[90] /home/travis/build/icyphy/ptII/ptolemy/domains/continuous/test/auto/Microsteps.xml (RunModel)" time="0.031" />
  <testcase classname="ptolemy.util.test.junit.AutoTests" name="[91] /home/travis/build/icyphy/ptII/ptolemy/domains/continuous/test/auto/Modal1.xml (RunModel)" time="0.043" />
  <testcase classname="ptolemy.util.test.junit.AutoTests" name="[92] /home/travis/build/icyphy/ptII/ptolemy/domains/continuous/test/auto/Modal2.xml (RunModel)" time="0.051" />
  <testcase classname="ptolemy.util.test.junit.AutoTests" name="[93] /home/travis/build/icyphy/ptII/ptolemy/domains/continuous/test/auto/ModalTransitionGuardWithReset.xml (RunModel)" time="0.033" />
  <testcase classname="ptolemy.util.test.junit.AutoTests" name="[94] /home/travis/build/icyphy/ptII/ptolemy/domains/continuous/test/auto/ModalTransitionGuardWithResetUsingPreemptiveTransition.xml (RunModel)" time="0.028" />
  <testcase classname="ptolemy.util.test.junit.AutoTests" name="[95] /home/travis/build/icyphy/ptII/ptolemy/domains/continuous/test/auto/ModalTransitionGuardWithResetUsingPreemptiveTransition2.xml (RunModel)" time="0.028" />
  <testcase classname="ptolemy.util.test.junit.AutoTests" name="[96] /home/travis/build/icyphy/ptII/ptolemy/domains/continuous/test/auto/ModalTransitionGuardWithResetUsingPreemptiveTransition3.xml (RunModel)" time="0.035" />
  <testcase classname="ptolemy.util.test.junit.AutoTests" name="[97] /home/travis/build/icyphy/ptII/ptolemy/domains/continuous/test/auto/NewtonsCradle.xml (RunModel)" time="0.797" />
  <testcase classname="ptolemy.util.test.junit.AutoTests" name="[98] /home/travis/build/icyphy/ptII/ptolemy/domains/continuous/test/auto/NewtonsCradleAnimated.xml (RunModel)" time="1.291" />
  <testcase classname="ptolemy.util.test.junit.AutoTests" name="[99] /home/travis/build/icyphy/ptII/ptolemy/domains/continuous/test/auto/NewtonsCradleComplicated.xml (RunModel)" time="0.869" />
  <testcase classname="ptolemy.util.test.junit.AutoTests" name="[100] /home/travis/build/icyphy/ptII/ptolemy/domains/continuous/test/auto/NewtonsCradleNondeterministic.xml (RunModel)" time="0.695" />
  <testcase classname="ptolemy.util.test.junit.AutoTests" name="[101] /home/travis/build/icyphy/ptII/ptolemy/domains/continuous/test/auto/NewtonsCradlePerfectlyInelastic1.xml (RunModel)" time="1.197" />
  <testcase classname="ptolemy.util.test.junit.AutoTests" name="[102] /home/travis/build/icyphy/ptII/ptolemy/domains/continuous/test/auto/Noise.xml (RunModel)" time="0.199" />
  <testcase classname="ptolemy.util.test.junit.AutoTests" name="[103] /home/travis/build/icyphy/ptII/ptolemy/domains/continuous/test/auto/NoiseSpectrum.xml (RunModel)" time="0.675" />
  <testcase classname="ptolemy.util.test.junit.AutoTests" name="[104] /home/travis/build/icyphy/ptII/ptolemy/domains/continuous/test/auto/ParameterizedNewtonsCradleAnimated.xml (RunModel)" time="0.375" />
  <testcase classname="ptolemy.util.test.junit.AutoTests" name="[105] /home/travis/build/icyphy/ptII/ptolemy/domains/continuous/test/auto/ParameterizedNewtonsCradleAnimatedNondeterministic.xml (RunModel)" time="1.118" />
  <testcase classname="ptolemy.util.test.junit.AutoTests" name="[106] /home/travis/build/icyphy/ptII/ptolemy/domains/continuous/test/auto/Pendulum3D.xml (RunModel)" time="0.176" />
  <testcase classname="ptolemy.util.test.junit.AutoTests" name="[107] /home/travis/build/icyphy/ptII/ptolemy/domains/continuous/test/auto/PeriodicSampler.xml (RunModel)" time="0.012" />
  <testcase classname="ptolemy.util.test.junit.AutoTests" name="[108] /home/travis/build/icyphy/ptII/ptolemy/domains/continuous/test/auto/PeriodicSampler1.xml (RunModel)" time="0.038" />
  <testcase classname="ptolemy.util.test.junit.AutoTests" name="[109] /home/travis/build/icyphy/ptII/ptolemy/domains/continuous/test/auto/PeriodicSampler2.xml (RunModel)" time="0.072" />
  <testcase classname="ptolemy.util.test.junit.AutoTests" name="[110] /home/travis/build/icyphy/ptII/ptolemy/domains/continuous/test/auto/Poisson.xml (RunModel)" time="0.462" />
  <testcase classname="ptolemy.util.test.junit.AutoTests" name="[111] /home/travis/build/icyphy/ptII/ptolemy/domains/continuous/test/auto/PoissonClock.xml (RunModel)" time="0.015" />
  <testcase classname="ptolemy.util.test.junit.AutoTests" name="[112] /home/travis/build/icyphy/ptII/ptolemy/domains/continuous/test/auto/PoissonClock2.xml (RunModel)" time="0.016" />
  <testcase classname="ptolemy.util.test.junit.AutoTests" name="[113] /home/travis/build/icyphy/ptII/ptolemy/domains/continuous/test/auto/PortParameterHierarchy.xml (RunModel)" time="0.024" />
  <testcase classname="ptolemy.util.test.junit.AutoTests" name="[114] /home/travis/build/icyphy/ptII/ptolemy/domains/continuous/test/auto/RandomHybridPlant.xml (RunModel)" time="0.55" />
  <testcase classname="ptolemy.util.test.junit.AutoTests" name="[115] /home/travis/build/icyphy/ptII/ptolemy/domains/continuous/test/auto/ResetTransitionWithStartTime1.xml (RunModel)" time="0.047" />
  <testcase classname="ptolemy.util.test.junit.AutoTests" name="[116] /home/travis/build/icyphy/ptII/ptolemy/domains/continuous/test/auto/ResetTransitionWithStartTime2.xml (RunModel)" time="0.044" />
  <testcase classname="ptolemy.util.test.junit.AutoTests" name="[117] /home/travis/build/icyphy/ptII/ptolemy/domains/continuous/test/auto/ResetTransitionWithStartTime3.xml (RunModel)" time="0.034" />
  <testcase classname="ptolemy.util.test.junit.AutoTests" name="[118] /home/travis/build/icyphy/ptII/ptolemy/domains/continuous/test/auto/ResetTransitionWithStartTime4.xml (RunModel)" time="0.023" />
  <testcase classname="ptolemy.util.test.junit.AutoTests" name="[119] /home/travis/build/icyphy/ptII/ptolemy/domains/continuous/test/auto/ResetTransitionWithStartTime5.xml (RunModel)" time="0.034" />
  <testcase classname="ptolemy.util.test.junit.AutoTests" name="[120] /home/travis/build/icyphy/ptII/ptolemy/domains/continuous/test/auto/ResetTransitionWithStartTime6.xml (RunModel)" time="0.024" />
  <testcase classname="ptolemy.util.test.junit.AutoTests" name="[121] /home/travis/build/icyphy/ptII/ptolemy/domains/continuous/test/auto/SRinContinuous.xml (RunModel)" time="0.022" />
  <testcase classname="ptolemy.util.test.junit.AutoTests" name="[122] /home/travis/build/icyphy/ptII/ptolemy/domains/continuous/test/auto/SampledClocks.xml (RunModel)" time="0.035" />
  <testcase classname="ptolemy.util.test.junit.AutoTests" name="[123] /home/travis/build/icyphy/ptII/ptolemy/domains/continuous/test/auto/Satellite.xml (RunModel)" time="0.685" />
  <testcase classname="ptolemy.util.test.junit.AutoTests" name="[124] /home/travis/build/icyphy/ptII/ptolemy/domains/continuous/test/auto/SigmaDelta.xml (RunModel)" time="2.019" />
  <testcase classname="ptolemy.util.test.junit.AutoTests" name="[125] /home/travis/build/icyphy/ptII/ptolemy/domains/continuous/test/auto/SingleRefinement.xml (RunModel)" time="0.462" />
  <testcase classname="ptolemy.util.test.junit.AutoTests" name="[126] /home/travis/build/icyphy/ptII/ptolemy/domains/continuous/test/auto/SinuBouncingBall.xml (RunModel)" time="0.806" />
  <testcase classname="ptolemy.util.test.junit.AutoTests" name="[127] /home/travis/build/icyphy/ptII/ptolemy/domains/continuous/test/auto/Sinusoid.xml (RunModel)" time="0.011" />
  <testcase classname="ptolemy.util.test.junit.AutoTests" name="[128] /home/travis/build/icyphy/ptII/ptolemy/domains/continuous/test/auto/SinusoidInNoise.xml (RunModel)" time="0.725" />
  <testcase classname="ptolemy.util.test.junit.AutoTests" name="[129] /home/travis/build/icyphy/ptII/ptolemy/domains/continuous/test/auto/SinusoidRK45.xml (RunModel)" time="0.014" />
  <testcase classname="ptolemy.util.test.junit.AutoTests" name="[130] /home/travis/build/icyphy/ptII/ptolemy/domains/continuous/test/auto/SinusoidWithMultipleImpulses.xml (RunModel)" time="0.013" />
  <testcase classname="ptolemy.util.test.junit.AutoTests" name="[131] /home/travis/build/icyphy/ptII/ptolemy/domains/continuous/test/auto/SquareWave.xml (RunModel)" time="0.158" />
  <testcase classname="ptolemy.util.test.junit.AutoTests" name="[132] /home/travis/build/icyphy/ptII/ptolemy/domains/continuous/test/auto/Starmac.xml (RunModel)" time="3.357" />
  <testcase classname="ptolemy.util.test.junit.AutoTests" name="[133] /home/travis/build/icyphy/ptII/ptolemy/domains/continuous/test/auto/StaticUnits.xml (RunModel)" time="2.513" />
  <testcase classname="ptolemy.util.test.junit.AutoTests" name="[134] /home/travis/build/icyphy/ptII/ptolemy/domains/continuous/test/auto/StickyMasses.xml (RunModel)" time="0.183" />
  <testcase classname="ptolemy.util.test.junit.AutoTests" name="[135] /home/travis/build/icyphy/ptII/ptolemy/domains/continuous/test/auto/StopTime.xml (RunModel)" time="0.06" />
  <testcase classname="ptolemy.util.test.junit.AutoTests" name="[136] /home/travis/build/icyphy/ptII/ptolemy/domains/continuous/test/auto/StopTime2.xml (RunModel)" time="0.052" />
  <testcase classname="ptolemy.util.test.junit.AutoTests" name="[137] /home/travis/build/icyphy/ptII/ptolemy/domains/continuous/test/auto/Switch.xml (RunModel)" time="0.064" />
  <testcase classname="ptolemy.util.test.junit.AutoTests" name="[138] /home/travis/build/icyphy/ptII/ptolemy/domains/continuous/test/auto/Thermostat.xml (RunModel)" time="0.213" />
  <testcase classname="ptolemy.util.test.junit.AutoTests" name="[139] /home/travis/build/icyphy/ptII/ptolemy/domains/continuous/test/auto/TimeDelay.xml (RunModel)" time="0.014" />
  <testcase classname="ptolemy.util.test.junit.AutoTests" name="[140] /home/travis/build/icyphy/ptII/ptolemy/domains/continuous/test/auto/TimeDelay2.xml (RunModel)" time="0.025" />
  <testcase classname="ptolemy.util.test.junit.AutoTests" name="[141] /home/travis/build/icyphy/ptII/ptolemy/domains/continuous/test/auto/TimeDelay3.xml (RunModel)" time="0.01" />
  <testcase classname="ptolemy.util.test.junit.AutoTests" name="[142] /home/travis/build/icyphy/ptII/ptolemy/domains/continuous/test/auto/TransferAbsentToInside.xml (RunModel)" time="0.104" />
  <testcase classname="ptolemy.util.test.junit.AutoTests" name="[143] /home/travis/build/icyphy/ptII/ptolemy/domains/continuous/test/auto/Transmission.xml (RunModel)" time="0.759" />
  <testcase classname="ptolemy.util.test.junit.AutoTests" name="[144] /home/travis/build/icyphy/ptII/ptolemy/domains/continuous/test/auto/TriggeredContinuousClock.xml (RunModel)" time="0.065" />
  <testcase classname="ptolemy.util.test.junit.AutoTests" name="[145] /home/travis/build/icyphy/ptII/ptolemy/domains/continuous/test/auto/TwoMachineInfiniteBusControl.xml (RunModel)" time="2.875" />
  <testcase classname="ptolemy.util.test.junit.AutoTests" name="[146] /home/travis/build/icyphy/ptII/ptolemy/domains/continuous/test/auto/V2V.xml (RunModel)" time="0.918" />
  <testcase classname="ptolemy.util.test.junit.AutoTests" name="[147] /home/travis/build/icyphy/ptII/ptolemy/domains/continuous/test/auto/hierarchicalModalModel.xml (RunModel)" time="0.031" />
  <testcase classname="ptolemy.util.test.junit.AutoTests" name="[148] /home/travis/build/icyphy/ptII/ptolemy/domains/continuous/test/auto/hierarchicalModalModel1.xml (RunModel)" time="0.03" />
  <testcase classname="ptolemy.util.test.junit.AutoTests" name="[149] /home/travis/build/icyphy/ptII/ptolemy/domains/continuous/test/auto/hierarchicalModalModel2.xml (RunModel)" time="0.028" />
  <testcase classname="ptolemy.util.test.junit.AutoTests" name="[150] /home/travis/build/icyphy/ptII/ptolemy/domains/continuous/test/auto/hierarchicalModalModel3.xml (RunModel)" time="0.023" />
  <testcase classname="ptolemy.util.test.junit.AutoTests" name="[151] /home/travis/build/icyphy/ptII/ptolemy/domains/continuous/test/auto/hierarchicalModalModel4.xml (RunModel)" time="0.047" />
  <testcase classname="ptolemy.util.test.junit.AutoTests" name="[152] /home/travis/build/icyphy/ptII/ptolemy/domains/continuous/test/auto/junk.xml (RunModel)" time="0.139" />
  <system-out><![CDATA[No tcl tests in /home/travis/build/icyphy/ptII/ptolemy/domains/continuous/test
No auto/knownFailedTests/*.xml tests in /home/travis/build/icyphy/ptII/ptolemy/domains/continuous/test
No auto/linux-amd64/*.xml tests in /home/travis/build/icyphy/ptII/ptolemy/domains/continuous/test
AutoTests.java: About to close Vertx.
AutoTests.java: Vertx closed.

===========================================================================================
----------------- testing Fri Jul 24 16:45:20 UTC 2020 /home/travis/build/icyphy/ptII/ptolemy/domains/continuous/test/auto/BouncingBall.xml
----------------- Instantiating /home/travis/build/icyphy/ptII/ptolemy/domains/continuous/test/auto/BouncingBall.xml
2590 ms. Memory: 155648K Free: 86242K (55%)
----------------- Invoking toplevel() on ptolemy.moml.MoMLSimpleApplication@12b9f4c
----------------- Done invoking toplevel() on ptolemy.moml.MoMLSimpleApplication@12b9f4c
reloadAllAccessors: .BouncingBall

===========================================================================================
----------------- testing Fri Jul 24 16:45:23 UTC 2020 /home/travis/build/icyphy/ptII/ptolemy/domains/continuous/test/auto/BouncingBallWithoutGR.xml
----------------- Instantiating /home/travis/build/icyphy/ptII/ptolemy/domains/continuous/test/auto/BouncingBallWithoutGR.xml
785 ms. Memory: 155648K Free: 88149K (57%)
----------------- Invoking toplevel() on ptolemy.moml.MoMLSimpleApplication@5d0cfff3
----------------- Done invoking toplevel() on ptolemy.moml.MoMLSimpleApplication@5d0cfff3
reloadAllAccessors: .BouncingBallWithoutGR

===========================================================================================
----------------- testing Fri Jul 24 16:45:24 UTC 2020 /home/travis/build/icyphy/ptII/ptolemy/domains/continuous/test/auto/Brownian.xml
----------------- Instantiating /home/travis/build/icyphy/ptII/ptolemy/domains/continuous/test/auto/Brownian.xml
31 ms. Memory: 155648K Free: 78947K (51%)
----------------- Invoking toplevel() on ptolemy.moml.MoMLSimpleApplication@2e46144a
----------------- Done invoking toplevel() on ptolemy.moml.MoMLSimpleApplication@2e46144a
reloadAllAccessors: .Brownian

===========================================================================================
----------------- testing Fri Jul 24 16:45:24 UTC 2020 /home/travis/build/icyphy/ptII/ptolemy/domains/continuous/test/auto/CarTracking.xml
----------------- Instantiating /home/travis/build/icyphy/ptII/ptolemy/domains/continuous/test/auto/CarTracking.xml
4259 ms. Memory: 229376K Free: 176335K (77%)
----------------- Invoking toplevel() on ptolemy.moml.MoMLSimpleApplication@71e819d4
----------------- Done invoking toplevel() on ptolemy.moml.MoMLSimpleApplication@71e819d4
reloadAllAccessors: .CarTracking

===========================================================================================
----------------- testing Fri Jul 24 16:45:28 UTC 2020 /home/travis/build/icyphy/ptII/ptolemy/domains/continuous/test/auto/CartPendulum.xml
----------------- Instantiating /home/travis/build/icyphy/ptII/ptolemy/domains/continuous/test/auto/CartPendulum.xml
335 ms. Memory: 229376K Free: 84689K (37%)
----------------- Invoking toplevel() on ptolemy.moml.MoMLSimpleApplication@7bb0af27
----------------- Done invoking toplevel() on ptolemy.moml.MoMLSimpleApplication@7bb0af27
reloadAllAccessors: .CartPendulum

===========================================================================================
----------------- testing Fri Jul 24 16:45:29 UTC 2020 /home/travis/build/icyphy/ptII/ptolemy/domains/continuous/test/auto/CausalityInterface10.xml
----------------- Instantiating /home/travis/build/icyphy/ptII/ptolemy/domains/continuous/test/auto/CausalityInterface10.xml
13 ms. Memory: 229376K Free: 210389K (92%)
----------------- Invoking toplevel() on ptolemy.moml.MoMLSimpleApplication@3720091c
----------------- Done invoking toplevel() on ptolemy.moml.MoMLSimpleApplication@3720091c
reloadAllAccessors: .CausalityInterface10

===========================================================================================
----------------- testing Fri Jul 24 16:45:29 UTC 2020 /home/travis/build/icyphy/ptII/ptolemy/domains/continuous/test/auto/CausalityInterface11.xml
----------------- Instantiating /home/travis/build/icyphy/ptII/ptolemy/domains/continuous/test/auto/CausalityInterface11.xml
10 ms. Memory: 229376K Free: 204247K (89%)
----------------- Invoking toplevel() on ptolemy.moml.MoMLSimpleApplication@7b4e9460
----------------- Done invoking toplevel() on ptolemy.moml.MoMLSimpleApplication@7b4e9460
reloadAllAccessors: .CausalityInterface11

===========================================================================================
----------------- testing Fri Jul 24 16:45:29 UTC 2020 /home/travis/build/icyphy/ptII/ptolemy/domains/continuous/test/auto/CausalityInterface12.xml
----------------- Instantiating /home/travis/build/icyphy/ptII/ptolemy/domains/continuous/test/auto/CausalityInterface12.xml
8 ms. Memory: 229376K Free: 198103K (86%)
----------------- Invoking toplevel() on ptolemy.moml.MoMLSimpleApplication@7c2a7d4d
----------------- Done invoking toplevel() on ptolemy.moml.MoMLSimpleApplication@7c2a7d4d
reloadAllAccessors: .CausalityInterface12

===========================================================================================
----------------- testing Fri Jul 24 16:45:29 UTC 2020 /home/travis/build/icyphy/ptII/ptolemy/domains/continuous/test/auto/CausalityInterface13.xml
----------------- Instantiating /home/travis/build/icyphy/ptII/ptolemy/domains/continuous/test/auto/CausalityInterface13.xml
6 ms. Memory: 229376K Free: 191959K (84%)
----------------- Invoking toplevel() on ptolemy.moml.MoMLSimpleApplication@4baf26de
----------------- Done invoking toplevel() on ptolemy.moml.MoMLSimpleApplication@4baf26de
reloadAllAccessors: .CausalityInterface13

===========================================================================================
----------------- testing Fri Jul 24 16:45:29 UTC 2020 /home/travis/build/icyphy/ptII/ptolemy/domains/continuous/test/auto/CausalityInterface14.xml
----------------- Instantiating /home/travis/build/icyphy/ptII/ptolemy/domains/continuous/test/auto/CausalityInterface14.xml
4 ms. Memory: 229376K Free: 186295K (81%)
----------------- Invoking toplevel() on ptolemy.moml.MoMLSimpleApplication@69288c2a
----------------- Done invoking toplevel() on ptolemy.moml.MoMLSimpleApplication@69288c2a
reloadAllAccessors: .CausalityInterface14

===========================================================================================
----------------- testing Fri Jul 24 16:45:29 UTC 2020 /home/travis/build/icyphy/ptII/ptolemy/domains/continuous/test/auto/CausalityInterface4.xml
----------------- Instantiating /home/travis/build/icyphy/ptII/ptolemy/domains/continuous/test/auto/CausalityInterface4.xml
3 ms. Memory: 229376K Free: 179671K (78%)
----------------- Invoking toplevel() on ptolemy.moml.MoMLSimpleApplication@40fa2887
----------------- Done invoking toplevel() on ptolemy.moml.MoMLSimpleApplication@40fa2887
reloadAllAccessors: .CausalityInterface4

===========================================================================================
----------------- testing Fri Jul 24 16:45:29 UTC 2020 /home/travis/build/icyphy/ptII/ptolemy/domains/continuous/test/auto/CausalityInterface5.xml
----------------- Instantiating /home/travis/build/icyphy/ptII/ptolemy/domains/continuous/test/auto/CausalityInterface5.xml
4 ms. Memory: 229376K Free: 170965K (75%)
----------------- Invoking toplevel() on ptolemy.moml.MoMLSimpleApplication@1cdc6681
----------------- Done invoking toplevel() on ptolemy.moml.MoMLSimpleApplication@1cdc6681
reloadAllAccessors: .CausalityInterface5

===========================================================================================
----------------- testing Fri Jul 24 16:45:29 UTC 2020 /home/travis/build/icyphy/ptII/ptolemy/domains/continuous/test/auto/CausalityInterface6.xml
----------------- Instantiating /home/travis/build/icyphy/ptII/ptolemy/domains/continuous/test/auto/CausalityInterface6.xml
9 ms. Memory: 229376K Free: 165335K (72%)
----------------- Invoking toplevel() on ptolemy.moml.MoMLSimpleApplication@30b1c550
----------------- Done invoking toplevel() on ptolemy.moml.MoMLSimpleApplication@30b1c550
reloadAllAccessors: .CausalityInterface6

===========================================================================================
----------------- testing Fri Jul 24 16:45:29 UTC 2020 /home/travis/build/icyphy/ptII/ptolemy/domains/continuous/test/auto/CausalityInterface7.xml
----------------- Instantiating /home/travis/build/icyphy/ptII/ptolemy/domains/continuous/test/auto/CausalityInterface7.xml
14 ms. Memory: 229376K Free: 157143K (69%)
----------------- Invoking toplevel() on ptolemy.moml.MoMLSimpleApplication@d26349f
----------------- Done invoking toplevel() on ptolemy.moml.MoMLSimpleApplication@d26349f
reloadAllAccessors: .CausalityInterface7

===========================================================================================
----------------- testing Fri Jul 24 16:45:29 UTC 2020 /home/travis/build/icyphy/ptII/ptolemy/domains/continuous/test/auto/CausalityInterface8.xml
----------------- Instantiating /home/travis/build/icyphy/ptII/ptolemy/domains/continuous/test/auto/CausalityInterface8.xml
7 ms. Memory: 229376K Free: 147927K (64%)
----------------- Invoking toplevel() on ptolemy.moml.MoMLSimpleApplication@53f3ccda
----------------- Done invoking toplevel() on ptolemy.moml.MoMLSimpleApplication@53f3ccda
reloadAllAccessors: .CausalityInterface8

===========================================================================================
----------------- testing Fri Jul 24 16:45:29 UTC 2020 /home/travis/build/icyphy/ptII/ptolemy/domains/continuous/test/auto/CausalityInterface9.xml
----------------- Instantiating /home/travis/build/icyphy/ptII/ptolemy/domains/continuous/test/auto/CausalityInterface9.xml
6 ms. Memory: 229376K Free: 137173K (60%)
----------------- Invoking toplevel() on ptolemy.moml.MoMLSimpleApplication@725f57f6
----------------- Done invoking toplevel() on ptolemy.moml.MoMLSimpleApplication@725f57f6
reloadAllAccessors: .CausalityInterface9

===========================================================================================
----------------- testing Fri Jul 24 16:45:29 UTC 2020 /home/travis/build/icyphy/ptII/ptolemy/domains/continuous/test/auto/CausalityInterfaceFeedback1.xml
----------------- Instantiating /home/travis/build/icyphy/ptII/ptolemy/domains/continuous/test/auto/CausalityInterfaceFeedback1.xml
8 ms. Memory: 229376K Free: 130519K (57%)
----------------- Invoking toplevel() on ptolemy.moml.MoMLSimpleApplication@7d5f5635
----------------- Done invoking toplevel() on ptolemy.moml.MoMLSimpleApplication@7d5f5635
reloadAllAccessors: .CausalityInterfaceFeedback1

===========================================================================================
----------------- testing Fri Jul 24 16:45:29 UTC 2020 /home/travis/build/icyphy/ptII/ptolemy/domains/continuous/test/auto/CausalityInterfaceFeedback2.xml
----------------- Instantiating /home/travis/build/icyphy/ptII/ptolemy/domains/continuous/test/auto/CausalityInterfaceFeedback2.xml
6 ms. Memory: 229376K Free: 123861K (54%)
----------------- Invoking toplevel() on ptolemy.moml.MoMLSimpleApplication@119d5a90
----------------- Done invoking toplevel() on ptolemy.moml.MoMLSimpleApplication@119d5a90
reloadAllAccessors: .CausalityInterfaceFeedback2

===========================================================================================
----------------- testing Fri Jul 24 16:45:29 UTC 2020 /home/travis/build/icyphy/ptII/ptolemy/domains/continuous/test/auto/CompareWithCurrentTime.xml
----------------- Instantiating /home/travis/build/icyphy/ptII/ptolemy/domains/continuous/test/auto/CompareWithCurrentTime.xml
3 ms. Memory: 229376K Free: 119765K (52%)
----------------- Invoking toplevel() on ptolemy.moml.MoMLSimpleApplication@716c9b00
----------------- Done invoking toplevel() on ptolemy.moml.MoMLSimpleApplication@716c9b00
reloadAllAccessors: .CompareWithCurrentTime

===========================================================================================
----------------- testing Fri Jul 24 16:45:29 UTC 2020 /home/travis/build/icyphy/ptII/ptolemy/domains/continuous/test/auto/ComparedClocks.xml
----------------- Instantiating /home/travis/build/icyphy/ptII/ptolemy/domains/continuous/test/auto/ComparedClocks.xml
7 ms. Memory: 229376K Free: 104391K (46%)
----------------- Invoking toplevel() on ptolemy.moml.MoMLSimpleApplication@10188045
----------------- Done invoking toplevel() on ptolemy.moml.MoMLSimpleApplication@10188045
reloadAllAccessors: .ComparedClocks

===========================================================================================
----------------- testing Fri Jul 24 16:45:30 UTC 2020 /home/travis/build/icyphy/ptII/ptolemy/domains/continuous/test/auto/ContinuousAOCClone.xml
----------------- Instantiating /home/travis/build/icyphy/ptII/ptolemy/domains/continuous/test/auto/ContinuousAOCClone.xml
2428 ms. Memory: 275456K Free: 151707K (55%)
----------------- Invoking toplevel() on ptolemy.moml.MoMLSimpleApplication@3a05e99e
----------------- Done invoking toplevel() on ptolemy.moml.MoMLSimpleApplication@3a05e99e
reloadAllAccessors: .ContinuousAOCClone

===========================================================================================
----------------- testing Fri Jul 24 16:45:32 UTC 2020 /home/travis/build/icyphy/ptII/ptolemy/domains/continuous/test/auto/ContinuousClock.xml
----------------- Instantiating /home/travis/build/icyphy/ptII/ptolemy/domains/continuous/test/auto/ContinuousClock.xml
31 ms. Memory: 275456K Free: 129693K (47%)
----------------- Invoking toplevel() on ptolemy.moml.MoMLSimpleApplication@6268ee29
----------------- Done invoking toplevel() on ptolemy.moml.MoMLSimpleApplication@6268ee29
reloadAllAccessors: .ContinuousClock

===========================================================================================
----------------- testing Fri Jul 24 16:45:32 UTC 2020 /home/travis/build/icyphy/ptII/ptolemy/domains/continuous/test/auto/ContinuousInContinuous.xml
----------------- Instantiating /home/travis/build/icyphy/ptII/ptolemy/domains/continuous/test/auto/ContinuousInContinuous.xml
44 ms. Memory: 275456K Free: 106141K (39%)
----------------- Invoking toplevel() on ptolemy.moml.MoMLSimpleApplication@20e0a1b8
----------------- Done invoking toplevel() on ptolemy.moml.MoMLSimpleApplication@20e0a1b8
reloadAllAccessors: .ContinuousInContinuous

===========================================================================================
----------------- testing Fri Jul 24 16:45:32 UTC 2020 /home/travis/build/icyphy/ptII/ptolemy/domains/continuous/test/auto/ContinuousInContinuousInContinuous.xml
----------------- Instantiating /home/travis/build/icyphy/ptII/ptolemy/domains/continuous/test/auto/ContinuousInContinuousInContinuous.xml
9 ms. Memory: 275456K Free: 98459K (36%)
----------------- Invoking toplevel() on ptolemy.moml.MoMLSimpleApplication@29ea78b3
----------------- Done invoking toplevel() on ptolemy.moml.MoMLSimpleApplication@29ea78b3
reloadAllAccessors: .ContinuousInContinuousInContinuous

===========================================================================================
----------------- testing Fri Jul 24 16:45:32 UTC 2020 /home/travis/build/icyphy/ptII/ptolemy/domains/continuous/test/auto/ContinuousInDE.xml
----------------- Instantiating /home/travis/build/icyphy/ptII/ptolemy/domains/continuous/test/auto/ContinuousInDE.xml
96 ms. Memory: 275456K Free: 251035K (91%)
----------------- Invoking toplevel() on ptolemy.moml.MoMLSimpleApplication@ddca198
----------------- Done invoking toplevel() on ptolemy.moml.MoMLSimpleApplication@ddca198
reloadAllAccessors: .ContinuousInDE

===========================================================================================
----------------- testing Fri Jul 24 16:45:32 UTC 2020 /home/travis/build/icyphy/ptII/ptolemy/domains/continuous/test/auto/ContinuousInDE2.xml
----------------- Instantiating /home/travis/build/icyphy/ptII/ptolemy/domains/continuous/test/auto/ContinuousInDE2.xml
34 ms. Memory: 275456K Free: 241305K (88%)
----------------- Invoking toplevel() on ptolemy.moml.MoMLSimpleApplication@559d358f
----------------- Done invoking toplevel() on ptolemy.moml.MoMLSimpleApplication@559d358f
reloadAllAccessors: .ContinuousInDE2

===========================================================================================
----------------- testing Fri Jul 24 16:45:33 UTC 2020 /home/travis/build/icyphy/ptII/ptolemy/domains/continuous/test/auto/ContinuousInDE3.xml
----------------- Instantiating /home/travis/build/icyphy/ptII/ptolemy/domains/continuous/test/auto/ContinuousInDE3.xml
31 ms. Memory: 275456K Free: 231579K (84%)
----------------- Invoking toplevel() on ptolemy.moml.MoMLSimpleApplication@3d50f3
----------------- Done invoking toplevel() on ptolemy.moml.MoMLSimpleApplication@3d50f3
reloadAllAccessors: .ContinuousInDE3

===========================================================================================
----------------- testing Fri Jul 24 16:45:33 UTC 2020 /home/travis/build/icyphy/ptII/ptolemy/domains/continuous/test/auto/ContinuousInDE4.xml
----------------- Instantiating /home/travis/build/icyphy/ptII/ptolemy/domains/continuous/test/auto/ContinuousInDE4.xml
11 ms. Memory: 275456K Free: 225435K (82%)
----------------- Invoking toplevel() on ptolemy.moml.MoMLSimpleApplication@6e7cd592
----------------- Done invoking toplevel() on ptolemy.moml.MoMLSimpleApplication@6e7cd592
reloadAllAccessors: .ContinuousInDE4

===========================================================================================
----------------- testing Fri Jul 24 16:45:33 UTC 2020 /home/travis/build/icyphy/ptII/ptolemy/domains/continuous/test/auto/ContinuousInDEDifferentRefinements.xml
----------------- Instantiating /home/travis/build/icyphy/ptII/ptolemy/domains/continuous/test/auto/ContinuousInDEDifferentRefinements.xml
46 ms. Memory: 275456K Free: 194186K (70%)
----------------- Invoking toplevel() on ptolemy.moml.MoMLSimpleApplication@64587cfd
----------------- Done invoking toplevel() on ptolemy.moml.MoMLSimpleApplication@64587cfd
reloadAllAccessors: .ContinuousInDEDifferentRefinements

===========================================================================================
----------------- testing Fri Jul 24 16:45:33 UTC 2020 /home/travis/build/icyphy/ptII/ptolemy/domains/continuous/test/auto/ContinuousInDEDifferentRefinementsPreemptive.xml
----------------- Instantiating /home/travis/build/icyphy/ptII/ptolemy/domains/continuous/test/auto/ContinuousInDEDifferentRefinementsPreemptive.xml
43 ms. Memory: 275456K Free: 163481K (59%)
----------------- Invoking toplevel() on ptolemy.moml.MoMLSimpleApplication@324c9436
----------------- Done invoking toplevel() on ptolemy.moml.MoMLSimpleApplication@324c9436
reloadAllAccessors: .ContinuousInDEDifferentRefinementsPreemptive

===========================================================================================
----------------- testing Fri Jul 24 16:45:33 UTC 2020 /home/travis/build/icyphy/ptII/ptolemy/domains/continuous/test/auto/ContinuousInDEInContinuous2.xml
----------------- Instantiating /home/travis/build/icyphy/ptII/ptolemy/domains/continuous/test/auto/ContinuousInDEInContinuous2.xml
29 ms. Memory: 275456K Free: 152217K (55%)
----------------- Invoking toplevel() on ptolemy.moml.MoMLSimpleApplication@39dcb1db
----------------- Done invoking toplevel() on ptolemy.moml.MoMLSimpleApplication@39dcb1db
reloadAllAccessors: .ContinuousInDEInContinuous2

===========================================================================================
----------------- testing Fri Jul 24 16:45:33 UTC 2020 /home/travis/build/icyphy/ptII/ptolemy/domains/continuous/test/auto/ContinuousInDEInContinuous3.xml
----------------- Instantiating /home/travis/build/icyphy/ptII/ptolemy/domains/continuous/test/auto/ContinuousInDEInContinuous3.xml
31 ms. Memory: 275456K Free: 139929K (51%)
----------------- Invoking toplevel() on ptolemy.moml.MoMLSimpleApplication@6d2b605b
----------------- Done invoking toplevel() on ptolemy.moml.MoMLSimpleApplication@6d2b605b
reloadAllAccessors: .ContinuousInDEInContinuous3

===========================================================================================
----------------- testing Fri Jul 24 16:45:33 UTC 2020 /home/travis/build/icyphy/ptII/ptolemy/domains/continuous/test/auto/ContinuousInDEInput.xml
----------------- Instantiating /home/travis/build/icyphy/ptII/ptolemy/domains/continuous/test/auto/ContinuousInDEInput.xml
15 ms. Memory: 275456K Free: 132761K (48%)
----------------- Invoking toplevel() on ptolemy.moml.MoMLSimpleApplication@31af67d2
----------------- Done invoking toplevel() on ptolemy.moml.MoMLSimpleApplication@31af67d2
reloadAllAccessors: .ContinuousInDEInput

===========================================================================================
----------------- testing Fri Jul 24 16:45:33 UTC 2020 /home/travis/build/icyphy/ptII/ptolemy/domains/continuous/test/auto/ContinuousInDEInput2.xml
----------------- Instantiating /home/travis/build/icyphy/ptII/ptolemy/domains/continuous/test/auto/ContinuousInDEInput2.xml
12 ms. Memory: 275456K Free: 125083K (45%)
----------------- Invoking toplevel() on ptolemy.moml.MoMLSimpleApplication@6699144c
----------------- Done invoking toplevel() on ptolemy.moml.MoMLSimpleApplication@6699144c
reloadAllAccessors: .ContinuousInDEInput2

===========================================================================================
----------------- testing Fri Jul 24 16:45:33 UTC 2020 /home/travis/build/icyphy/ptII/ptolemy/domains/continuous/test/auto/ContinuousInDEInput3.xml
----------------- Instantiating /home/travis/build/icyphy/ptII/ptolemy/domains/continuous/test/auto/ContinuousInDEInput3.xml
11 ms. Memory: 275456K Free: 117401K (43%)
----------------- Invoking toplevel() on ptolemy.moml.MoMLSimpleApplication@5540781
----------------- Done invoking toplevel() on ptolemy.moml.MoMLSimpleApplication@5540781
reloadAllAccessors: .ContinuousInDEInput3

===========================================================================================
----------------- testing Fri Jul 24 16:45:33 UTC 2020 /home/travis/build/icyphy/ptII/ptolemy/domains/continuous/test/auto/ContinuousInDESharingRefinement.xml
----------------- Instantiating /home/travis/build/icyphy/ptII/ptolemy/domains/continuous/test/auto/ContinuousInDESharingRefinement.xml
156 ms. Memory: 275456K Free: 186910K (68%)
----------------- Invoking toplevel() on ptolemy.moml.MoMLSimpleApplication@20799ba2
----------------- Done invoking toplevel() on ptolemy.moml.MoMLSimpleApplication@20799ba2
reloadAllAccessors: .ContinuousInDESharingRefinement

===========================================================================================
----------------- testing Fri Jul 24 16:45:33 UTC 2020 /home/travis/build/icyphy/ptII/ptolemy/domains/continuous/test/auto/ContinuousInDEwithNoPorts.xml
----------------- Instantiating /home/travis/build/icyphy/ptII/ptolemy/domains/continuous/test/auto/ContinuousInDEwithNoPorts.xml
5 ms. Memory: 275456K Free: 182587K (66%)
----------------- Invoking toplevel() on ptolemy.moml.MoMLSimpleApplication@105e2db9
----------------- Done invoking toplevel() on ptolemy.moml.MoMLSimpleApplication@105e2db9
reloadAllAccessors: .ContinuousInDEwithNoPorts

===========================================================================================
----------------- testing Fri Jul 24 16:45:33 UTC 2020 /home/travis/build/icyphy/ptII/ptolemy/domains/continuous/test/auto/ContinuousInsideDE.xml
----------------- Instantiating /home/travis/build/icyphy/ptII/ptolemy/domains/continuous/test/auto/ContinuousInsideDE.xml
36 ms. Memory: 275456K Free: 170809K (62%)
----------------- Invoking toplevel() on ptolemy.moml.MoMLSimpleApplication@28c0fd50
----------------- Done invoking toplevel() on ptolemy.moml.MoMLSimpleApplication@28c0fd50
reloadAllAccessors: .ContinuousInsideDE

===========================================================================================
----------------- testing Fri Jul 24 16:45:33 UTC 2020 /home/travis/build/icyphy/ptII/ptolemy/domains/continuous/test/auto/ContinuousMerge1.xml
----------------- Instantiating /home/travis/build/icyphy/ptII/ptolemy/domains/continuous/test/auto/ContinuousMerge1.xml
3 ms. Memory: 275456K Free: 166683K (61%)
----------------- Invoking toplevel() on ptolemy.moml.MoMLSimpleApplication@5580a455
----------------- Done invoking toplevel() on ptolemy.moml.MoMLSimpleApplication@5580a455
reloadAllAccessors: .ContinuousMerge1

===========================================================================================
----------------- testing Fri Jul 24 16:45:33 UTC 2020 /home/travis/build/icyphy/ptII/ptolemy/domains/continuous/test/auto/ContinuousMerge2.xml
----------------- Instantiating /home/travis/build/icyphy/ptII/ptolemy/domains/continuous/test/auto/ContinuousMerge2.xml
19 ms. Memory: 275456K Free: 156473K (57%)
----------------- Invoking toplevel() on ptolemy.moml.MoMLSimpleApplication@604a2ce8
----------------- Done invoking toplevel() on ptolemy.moml.MoMLSimpleApplication@604a2ce8
reloadAllAccessors: .ContinuousMerge2

===========================================================================================
----------------- testing Fri Jul 24 16:45:33 UTC 2020 /home/travis/build/icyphy/ptII/ptolemy/domains/continuous/test/auto/ContinuousMerge3.xml
----------------- Instantiating /home/travis/build/icyphy/ptII/ptolemy/domains/continuous/test/auto/ContinuousMerge3.xml
40 ms. Memory: 275456K Free: 145723K (53%)
----------------- Invoking toplevel() on ptolemy.moml.MoMLSimpleApplication@174d386e
----------------- Done invoking toplevel() on ptolemy.moml.MoMLSimpleApplication@174d386e
reloadAllAccessors: .ContinuousMerge3

===========================================================================================
----------------- testing Fri Jul 24 16:45:33 UTC 2020 /home/travis/build/icyphy/ptII/ptolemy/domains/continuous/test/auto/ContinuousWithinContinuous.xml
----------------- Instantiating /home/travis/build/icyphy/ptII/ptolemy/domains/continuous/test/auto/ContinuousWithinContinuous.xml
33 ms. Memory: 275456K Free: 135993K (49%)
----------------- Invoking toplevel() on ptolemy.moml.MoMLSimpleApplication@28cdc0b6
----------------- Done invoking toplevel() on ptolemy.moml.MoMLSimpleApplication@28cdc0b6
reloadAllAccessors: .ContinuousWithinContinuous

===========================================================================================
----------------- testing Fri Jul 24 16:45:34 UTC 2020 /home/travis/build/icyphy/ptII/ptolemy/domains/continuous/test/auto/ContinuousWithinContinuous2.xml
----------------- Instantiating /home/travis/build/icyphy/ptII/ptolemy/domains/continuous/test/auto/ContinuousWithinContinuous2.xml
61 ms. Memory: 275456K Free: 124729K (45%)
----------------- Invoking toplevel() on ptolemy.moml.MoMLSimpleApplication@4f032c8
----------------- Done invoking toplevel() on ptolemy.moml.MoMLSimpleApplication@4f032c8
reloadAllAccessors: .ContinuousWithinContinuous2

===========================================================================================
----------------- testing Fri Jul 24 16:45:34 UTC 2020 /home/travis/build/icyphy/ptII/ptolemy/domains/continuous/test/auto/ContinuousWithinContinuous3.xml
----------------- Instantiating /home/travis/build/icyphy/ptII/ptolemy/domains/continuous/test/auto/ContinuousWithinContinuous3.xml
15 ms. Memory: 275456K Free: 117561K (43%)
----------------- Invoking toplevel() on ptolemy.moml.MoMLSimpleApplication@55610a96
----------------- Done invoking toplevel() on ptolemy.moml.MoMLSimpleApplication@55610a96
reloadAllAccessors: .ContinuousWithinContinuous3

===========================================================================================
----------------- testing Fri Jul 24 16:45:34 UTC 2020 /home/travis/build/icyphy/ptII/ptolemy/domains/continuous/test/auto/ContinuousWithinContinuous4.xml
----------------- Instantiating /home/travis/build/icyphy/ptII/ptolemy/domains/continuous/test/auto/ContinuousWithinContinuous4.xml
71 ms. Memory: 275456K Free: 105273K (38%)
----------------- Invoking toplevel() on ptolemy.moml.MoMLSimpleApplication@1c5e18e9
----------------- Done invoking toplevel() on ptolemy.moml.MoMLSimpleApplication@1c5e18e9
reloadAllAccessors: .ContinuousWithinContinuous4

===========================================================================================
----------------- testing Fri Jul 24 16:45:34 UTC 2020 /home/travis/build/icyphy/ptII/ptolemy/domains/continuous/test/auto/ContinuousWithinContinuous5.xml
----------------- Instantiating /home/travis/build/icyphy/ptII/ptolemy/domains/continuous/test/auto/ContinuousWithinContinuous5.xml
13 ms. Memory: 275456K Free: 98105K (36%)
----------------- Invoking toplevel() on ptolemy.moml.MoMLSimpleApplication@7bd885ab
----------------- Done invoking toplevel() on ptolemy.moml.MoMLSimpleApplication@7bd885ab
reloadAllAccessors: .ContinuousWithinContinuous5

===========================================================================================
----------------- testing Fri Jul 24 16:45:34 UTC 2020 /home/travis/build/icyphy/ptII/ptolemy/domains/continuous/test/auto/ContinuousWithinContinuous6.xml
----------------- Instantiating /home/travis/build/icyphy/ptII/ptolemy/domains/continuous/test/auto/ContinuousWithinContinuous6.xml
11 ms. Memory: 275456K Free: 255219K (93%)
----------------- Invoking toplevel() on ptolemy.moml.MoMLSimpleApplication@1e9191ff
----------------- Done invoking toplevel() on ptolemy.moml.MoMLSimpleApplication@1e9191ff
reloadAllAccessors: .ContinuousWithinContinuous6

===========================================================================================
----------------- testing Fri Jul 24 16:45:34 UTC 2020 /home/travis/build/icyphy/ptII/ptolemy/domains/continuous/test/auto/ContinuousWithinContinuous7.xml
----------------- Instantiating /home/travis/build/icyphy/ptII/ptolemy/domains/continuous/test/auto/ContinuousWithinContinuous7.xml
48 ms. Memory: 275456K Free: 243955K (89%)
----------------- Invoking toplevel() on ptolemy.moml.MoMLSimpleApplication@520aa833
----------------- Done invoking toplevel() on ptolemy.moml.MoMLSimpleApplication@520aa833
reloadAllAccessors: .ContinuousWithinContinuous7

===========================================================================================
----------------- testing Fri Jul 24 16:45:34 UTC 2020 /home/travis/build/icyphy/ptII/ptolemy/domains/continuous/test/auto/DCMotor.xml
----------------- Instantiating /home/travis/build/icyphy/ptII/ptolemy/domains/continuous/test/auto/DCMotor.xml
14150 ms. Memory: 275456K Free: 238865K (87%)
----------------- Invoking toplevel() on ptolemy.moml.MoMLSimpleApplication@22cbbe04
----------------- Done invoking toplevel() on ptolemy.moml.MoMLSimpleApplication@22cbbe04
reloadAllAccessors: .DCMotor

===========================================================================================
----------------- testing Fri Jul 24 16:45:48 UTC 2020 /home/travis/build/icyphy/ptII/ptolemy/domains/continuous/test/auto/DEInContinuous.xml
----------------- Instantiating /home/travis/build/icyphy/ptII/ptolemy/domains/continuous/test/auto/DEInContinuous.xml
12 ms. Memory: 275456K Free: 232735K (84%)
----------------- Invoking toplevel() on ptolemy.moml.MoMLSimpleApplication@66cf7a3e
----------------- Done invoking toplevel() on ptolemy.moml.MoMLSimpleApplication@66cf7a3e
reloadAllAccessors: .DEInContinuous

===========================================================================================
----------------- testing Fri Jul 24 16:45:48 UTC 2020 /home/travis/build/icyphy/ptII/ptolemy/domains/continuous/test/auto/DEinContinuous2.xml
----------------- Instantiating /home/travis/build/icyphy/ptII/ptolemy/domains/continuous/test/auto/DEinContinuous2.xml
8 ms. Memory: 275456K Free: 225057K (82%)
----------------- Invoking toplevel() on ptolemy.moml.MoMLSimpleApplication@6e1d8f8f
----------------- Done invoking toplevel() on ptolemy.moml.MoMLSimpleApplication@6e1d8f8f
reloadAllAccessors: .DEinContinuous2

===========================================================================================
----------------- testing Fri Jul 24 16:45:48 UTC 2020 /home/travis/build/icyphy/ptII/ptolemy/domains/continuous/test/auto/Derivative.xml
----------------- Instantiating /home/travis/build/icyphy/ptII/ptolemy/domains/continuous/test/auto/Derivative.xml
137 ms. Memory: 275456K Free: 195361K (71%)
----------------- Invoking toplevel() on ptolemy.moml.MoMLSimpleApplication@583320de
----------------- Done invoking toplevel() on ptolemy.moml.MoMLSimpleApplication@583320de
reloadAllAccessors: .Derivative2

===========================================================================================
----------------- testing Fri Jul 24 16:45:48 UTC 2020 /home/travis/build/icyphy/ptII/ptolemy/domains/continuous/test/auto/Derivative1.xml
----------------- Instantiating /home/travis/build/icyphy/ptII/ptolemy/domains/continuous/test/auto/Derivative1.xml
30 ms. Memory: 275456K Free: 181025K (66%)
----------------- Invoking toplevel() on ptolemy.moml.MoMLSimpleApplication@3bd280f0
----------------- Done invoking toplevel() on ptolemy.moml.MoMLSimpleApplication@3bd280f0
reloadAllAccessors: .Derivative1

===========================================================================================
----------------- testing Fri Jul 24 16:45:48 UTC 2020 /home/travis/build/icyphy/ptII/ptolemy/domains/continuous/test/auto/DiscreteClock.xml
----------------- Instantiating /home/travis/build/icyphy/ptII/ptolemy/domains/continuous/test/auto/DiscreteClock.xml
4 ms. Memory: 275456K Free: 175905K (64%)
----------------- Invoking toplevel() on ptolemy.moml.MoMLSimpleApplication@2964704d
----------------- Done invoking toplevel() on ptolemy.moml.MoMLSimpleApplication@2964704d
reloadAllAccessors: .DiscreteClock

===========================================================================================
----------------- testing Fri Jul 24 16:45:48 UTC 2020 /home/travis/build/icyphy/ptII/ptolemy/domains/continuous/test/auto/EfficiencyCurve.xml
----------------- Instantiating /home/travis/build/icyphy/ptII/ptolemy/domains/continuous/test/auto/EfficiencyCurve.xml
90 ms. Memory: 275456K Free: 166689K (61%)
----------------- Invoking toplevel() on ptolemy.moml.MoMLSimpleApplication@2fdce27d
----------------- Done invoking toplevel() on ptolemy.moml.MoMLSimpleApplication@2fdce27d
reloadAllAccessors: .EfficiencyCurve

===========================================================================================
----------------- testing Fri Jul 24 16:45:49 UTC 2020 /home/travis/build/icyphy/ptII/ptolemy/domains/continuous/test/auto/ExponentialResponse.xml
----------------- Instantiating /home/travis/build/icyphy/ptII/ptolemy/domains/continuous/test/auto/ExponentialResponse.xml
100 ms. Memory: 275456K Free: 151329K (55%)
----------------- Invoking toplevel() on ptolemy.moml.MoMLSimpleApplication@68052328
----------------- Done invoking toplevel() on ptolemy.moml.MoMLSimpleApplication@68052328
reloadAllAccessors: .ExponentialResponse

===========================================================================================
----------------- testing Fri Jul 24 16:45:49 UTC 2020 /home/travis/build/icyphy/ptII/ptolemy/domains/continuous/test/auto/ExponentialResponseRK45.xml
----------------- Instantiating /home/travis/build/icyphy/ptII/ptolemy/domains/continuous/test/auto/ExponentialResponseRK45.xml
26 ms. Memory: 275456K Free: 144671K (53%)
----------------- Invoking toplevel() on ptolemy.moml.MoMLSimpleApplication@42090140
----------------- Done invoking toplevel() on ptolemy.moml.MoMLSimpleApplication@42090140
reloadAllAccessors: .ExponentialResponseRK45

===========================================================================================
----------------- testing Fri Jul 24 16:45:49 UTC 2020 /home/travis/build/icyphy/ptII/ptolemy/domains/continuous/test/auto/Friction.xml
----------------- Instantiating /home/travis/build/icyphy/ptII/ptolemy/domains/continuous/test/auto/Friction.xml
1432 ms. Memory: 275456K Free: 211568K (77%)
----------------- Invoking toplevel() on ptolemy.moml.MoMLSimpleApplication@2e1266c
----------------- Done invoking toplevel() on ptolemy.moml.MoMLSimpleApplication@2e1266c
reloadAllAccessors: .Friction

===========================================================================================
----------------- testing Fri Jul 24 16:45:50 UTC 2020 /home/travis/build/icyphy/ptII/ptolemy/domains/continuous/test/auto/FurutaPendulum.xml
----------------- Instantiating /home/travis/build/icyphy/ptII/ptolemy/domains/continuous/test/auto/FurutaPendulum.xml
2902 ms. Memory: 275456K Free: 206522K (75%)
----------------- Invoking toplevel() on ptolemy.moml.MoMLSimpleApplication@34fdccf0
----------------- Done invoking toplevel() on ptolemy.moml.MoMLSimpleApplication@34fdccf0
reloadAllAccessors: .FurutaPendulum

===========================================================================================
----------------- testing Fri Jul 24 16:45:53 UTC 2020 /home/travis/build/icyphy/ptII/ptolemy/domains/continuous/test/auto/HierarchicalExecution.xml
----------------- Instantiating /home/travis/build/icyphy/ptII/ptolemy/domains/continuous/test/auto/HierarchicalExecution.xml
1652 ms. Memory: 330752K Free: 298809K (90%)
----------------- Invoking toplevel() on ptolemy.moml.MoMLSimpleApplication@73b2e987
----------------- Done invoking toplevel() on ptolemy.moml.MoMLSimpleApplication@73b2e987
reloadAllAccessors: .HierarchicalExecution

===========================================================================================
----------------- testing Fri Jul 24 16:45:55 UTC 2020 /home/travis/build/icyphy/ptII/ptolemy/domains/continuous/test/auto/HybridPlant.xml
----------------- Instantiating /home/travis/build/icyphy/ptII/ptolemy/domains/continuous/test/auto/HybridPlant.xml
522 ms. Memory: 330752K Free: 231221K (70%)
----------------- Invoking toplevel() on ptolemy.moml.MoMLSimpleApplication@4323e8c3
----------------- Done invoking toplevel() on ptolemy.moml.MoMLSimpleApplication@4323e8c3
reloadAllAccessors: .HybridPlant

===========================================================================================
----------------- testing Fri Jul 24 16:45:56 UTC 2020 /home/travis/build/icyphy/ptII/ptolemy/domains/continuous/test/auto/Hysteresis.xml
----------------- Instantiating /home/travis/build/icyphy/ptII/ptolemy/domains/continuous/test/auto/Hysteresis.xml
144 ms. Memory: 330752K Free: 168743K (51%)
----------------- Invoking toplevel() on ptolemy.moml.MoMLSimpleApplication@1e13f961
----------------- Done invoking toplevel() on ptolemy.moml.MoMLSimpleApplication@1e13f961
reloadAllAccessors: .Hysteresis

===========================================================================================
----------------- testing Fri Jul 24 16:45:56 UTC 2020 /home/travis/build/icyphy/ptII/ptolemy/domains/continuous/test/auto/HysteresisWithRandomDelay.xml
----------------- Instantiating /home/travis/build/icyphy/ptII/ptolemy/domains/continuous/test/auto/HysteresisWithRandomDelay.xml
172 ms. Memory: 330752K Free: 293286K (89%)
----------------- Invoking toplevel() on ptolemy.moml.MoMLSimpleApplication@2c14c582
----------------- Done invoking toplevel() on ptolemy.moml.MoMLSimpleApplication@2c14c582
reloadAllAccessors: .HysteresisWithRandomDelay

===========================================================================================
----------------- testing Fri Jul 24 16:45:56 UTC 2020 /home/travis/build/icyphy/ptII/ptolemy/domains/continuous/test/auto/HysteresisWithRandomLosses.xml
----------------- Instantiating /home/travis/build/icyphy/ptII/ptolemy/domains/continuous/test/auto/HysteresisWithRandomLosses.xml
2200 ms. Memory: 330752K Free: 137923K (42%)
----------------- Invoking toplevel() on ptolemy.moml.MoMLSimpleApplication@5a4992cd
----------------- Done invoking toplevel() on ptolemy.moml.MoMLSimpleApplication@5a4992cd
reloadAllAccessors: .HysteresisWithRandomLosses

===========================================================================================
----------------- testing Fri Jul 24 16:45:59 UTC 2020 /home/travis/build/icyphy/ptII/ptolemy/domains/continuous/test/auto/ImmediateTransitions.xml
----------------- Instantiating /home/travis/build/icyphy/ptII/ptolemy/domains/continuous/test/auto/ImmediateTransitions.xml
10 ms. Memory: 330752K Free: 126651K (38%)
----------------- Invoking toplevel() on ptolemy.moml.MoMLSimpleApplication@5622b0d4
----------------- Done invoking toplevel() on ptolemy.moml.MoMLSimpleApplication@5622b0d4
reloadAllAccessors: .ImmediateTransitions

===========================================================================================
----------------- testing Fri Jul 24 16:45:59 UTC 2020 /home/travis/build/icyphy/ptII/ptolemy/domains/continuous/test/auto/ImpulseFeedback.xml
----------------- Instantiating /home/travis/build/icyphy/ptII/ptolemy/domains/continuous/test/auto/ImpulseFeedback.xml
7 ms. Memory: 330752K Free: 121035K (37%)
----------------- Invoking toplevel() on ptolemy.moml.MoMLSimpleApplication@74977d86
----------------- Done invoking toplevel() on ptolemy.moml.MoMLSimpleApplication@74977d86
reloadAllAccessors: .ImpulseFeedback

===========================================================================================
----------------- testing Fri Jul 24 16:45:59 UTC 2020 /home/travis/build/icyphy/ptII/ptolemy/domains/continuous/test/auto/ImpulseFeedback2.xml
----------------- Instantiating /home/travis/build/icyphy/ptII/ptolemy/domains/continuous/test/auto/ImpulseFeedback2.xml
5 ms. Memory: 330752K Free: 311989K (94%)
----------------- Invoking toplevel() on ptolemy.moml.MoMLSimpleApplication@6f4837d3
----------------- Done invoking toplevel() on ptolemy.moml.MoMLSimpleApplication@6f4837d3
reloadAllAccessors: .ImpulseFeedback2

===========================================================================================
----------------- testing Fri Jul 24 16:45:59 UTC 2020 /home/travis/build/icyphy/ptII/ptolemy/domains/continuous/test/auto/IncreasingRatePoisson.xml
----------------- Instantiating /home/travis/build/icyphy/ptII/ptolemy/domains/continuous/test/auto/IncreasingRatePoisson.xml
679 ms. Memory: 330752K Free: 207558K (63%)
----------------- Invoking toplevel() on ptolemy.moml.MoMLSimpleApplication@61d1ea00
----------------- Done invoking toplevel() on ptolemy.moml.MoMLSimpleApplication@61d1ea00
reloadAllAccessors: .IncreasingRatePoisson

===========================================================================================
----------------- testing Fri Jul 24 16:45:59 UTC 2020 /home/travis/build/icyphy/ptII/ptolemy/domains/continuous/test/auto/InitialStateFeedback.xml
----------------- Instantiating /home/travis/build/icyphy/ptII/ptolemy/domains/continuous/test/auto/InitialStateFeedback.xml
3 ms. Memory: 330752K Free: 202952K (61%)
----------------- Invoking toplevel() on ptolemy.moml.MoMLSimpleApplication@76cba0d3
----------------- Done invoking toplevel() on ptolemy.moml.MoMLSimpleApplication@76cba0d3
reloadAllAccessors: .InitialStateFeedback

===========================================================================================
----------------- testing Fri Jul 24 16:45:59 UTC 2020 /home/travis/build/icyphy/ptII/ptolemy/domains/continuous/test/auto/Integration.xml
----------------- Instantiating /home/travis/build/icyphy/ptII/ptolemy/domains/continuous/test/auto/Integration.xml
2 ms. Memory: 330752K Free: 198856K (60%)
----------------- Invoking toplevel() on ptolemy.moml.MoMLSimpleApplication@7274b286
----------------- Done invoking toplevel() on ptolemy.moml.MoMLSimpleApplication@7274b286
reloadAllAccessors: .Integration

===========================================================================================
----------------- testing Fri Jul 24 16:45:59 UTC 2020 /home/travis/build/icyphy/ptII/ptolemy/domains/continuous/test/auto/Integration2.xml
----------------- Instantiating /home/travis/build/icyphy/ptII/ptolemy/domains/continuous/test/auto/Integration2.xml
68 ms. Memory: 330752K Free: 184520K (56%)
----------------- Invoking toplevel() on ptolemy.moml.MoMLSimpleApplication@715c1d51
----------------- Done invoking toplevel() on ptolemy.moml.MoMLSimpleApplication@715c1d51
reloadAllAccessors: .Integration2

===========================================================================================
----------------- testing Fri Jul 24 16:46:00 UTC 2020 /home/travis/build/icyphy/ptII/ptolemy/domains/continuous/test/auto/Integration3.xml
----------------- Instantiating /home/travis/build/icyphy/ptII/ptolemy/domains/continuous/test/auto/Integration3.xml
2 ms. Memory: 330752K Free: 179896K (54%)
----------------- Invoking toplevel() on ptolemy.moml.MoMLSimpleApplication@26b16da4
----------------- Done invoking toplevel() on ptolemy.moml.MoMLSimpleApplication@26b16da4
reloadAllAccessors: .Integration3

===========================================================================================
----------------- testing Fri Jul 24 16:46:00 UTC 2020 /home/travis/build/icyphy/ptII/ptolemy/domains/continuous/test/auto/Integration5.xml
----------------- Instantiating /home/travis/build/icyphy/ptII/ptolemy/domains/continuous/test/auto/Integration5.xml
2 ms. Memory: 330752K Free: 175814K (53%)
----------------- Invoking toplevel() on ptolemy.moml.MoMLSimpleApplication@274c837b
----------------- Done invoking toplevel() on ptolemy.moml.MoMLSimpleApplication@274c837b
reloadAllAccessors: .Integration5

===========================================================================================
----------------- testing Fri Jul 24 16:46:00 UTC 2020 /home/travis/build/icyphy/ptII/ptolemy/domains/continuous/test/auto/IntegratorImpulse.xml
----------------- Instantiating /home/travis/build/icyphy/ptII/ptolemy/domains/continuous/test/auto/IntegratorImpulse.xml
2 ms. Memory: 330752K Free: 171688K (52%)
----------------- Invoking toplevel() on ptolemy.moml.MoMLSimpleApplication@2d3f6e0b
----------------- Done invoking toplevel() on ptolemy.moml.MoMLSimpleApplication@2d3f6e0b
reloadAllAccessors: .IntegratorImpulse

===========================================================================================
----------------- testing Fri Jul 24 16:46:00 UTC 2020 /home/travis/build/icyphy/ptII/ptolemy/domains/continuous/test/auto/IntegratorImpulse2.xml
----------------- Instantiating /home/travis/build/icyphy/ptII/ptolemy/domains/continuous/test/auto/IntegratorImpulse2.xml
7 ms. Memory: 330752K Free: 167112K (51%)
----------------- Invoking toplevel() on ptolemy.moml.MoMLSimpleApplication@4d14cda6
----------------- Done invoking toplevel() on ptolemy.moml.MoMLSimpleApplication@4d14cda6
reloadAllAccessors: .IntegratorImpulse2

===========================================================================================
----------------- testing Fri Jul 24 16:46:00 UTC 2020 /home/travis/build/icyphy/ptII/ptolemy/domains/continuous/test/auto/LevelCrossing1.xml
----------------- Instantiating /home/travis/build/icyphy/ptII/ptolemy/domains/continuous/test/auto/LevelCrossing1.xml
2 ms. Memory: 330752K Free: 161992K (49%)
----------------- Invoking toplevel() on ptolemy.moml.MoMLSimpleApplication@6de4c8d5
----------------- Done invoking toplevel() on ptolemy.moml.MoMLSimpleApplication@6de4c8d5
reloadAllAccessors: .LevelCrossing1

===========================================================================================
----------------- testing Fri Jul 24 16:46:00 UTC 2020 /home/travis/build/icyphy/ptII/ptolemy/domains/continuous/test/auto/LevelCrossing2.xml
----------------- Instantiating /home/travis/build/icyphy/ptII/ptolemy/domains/continuous/test/auto/LevelCrossing2.xml
4 ms. Memory: 330752K Free: 156872K (47%)
----------------- Invoking toplevel() on ptolemy.moml.MoMLSimpleApplication@15574897
----------------- Done invoking toplevel() on ptolemy.moml.MoMLSimpleApplication@15574897
reloadAllAccessors: .LevelCrossing2

===========================================================================================
----------------- testing Fri Jul 24 16:46:00 UTC 2020 /home/travis/build/icyphy/ptII/ptolemy/domains/continuous/test/auto/LevelCrossing3.xml
----------------- Instantiating /home/travis/build/icyphy/ptII/ptolemy/domains/continuous/test/auto/LevelCrossing3.xml
2 ms. Memory: 330752K Free: 151752K (46%)
----------------- Invoking toplevel() on ptolemy.moml.MoMLSimpleApplication@23d7ca4b
----------------- Done invoking toplevel() on ptolemy.moml.MoMLSimpleApplication@23d7ca4b
reloadAllAccessors: .LevelCrossing3

===========================================================================================
----------------- testing Fri Jul 24 16:46:00 UTC 2020 /home/travis/build/icyphy/ptII/ptolemy/domains/continuous/test/auto/LevelCrossing4.xml
----------------- Instantiating /home/travis/build/icyphy/ptII/ptolemy/domains/continuous/test/auto/LevelCrossing4.xml
3 ms. Memory: 330752K Free: 146632K (44%)
----------------- Invoking toplevel() on ptolemy.moml.MoMLSimpleApplication@cd7eab9
----------------- Done invoking toplevel() on ptolemy.moml.MoMLSimpleApplication@cd7eab9
reloadAllAccessors: .LevelCrossing4

===========================================================================================
----------------- testing Fri Jul 24 16:46:00 UTC 2020 /home/travis/build/icyphy/ptII/ptolemy/domains/continuous/test/auto/LevelCrossing5.xml
----------------- Instantiating /home/travis/build/icyphy/ptII/ptolemy/domains/continuous/test/auto/LevelCrossing5.xml
3 ms. Memory: 330752K Free: 141512K (43%)
----------------- Invoking toplevel() on ptolemy.moml.MoMLSimpleApplication@16b9c36
----------------- Done invoking toplevel() on ptolemy.moml.MoMLSimpleApplication@16b9c36
reloadAllAccessors: .LevelCrossing5

===========================================================================================
[...]
7 ms. Memory: 330752K Free: 153543K (46%)
----------------- Invoking toplevel() on ptolemy.moml.MoMLSimpleApplication@7355dcee
----------------- Done invoking toplevel() on ptolemy.moml.MoMLSimpleApplication@7355dcee
reloadAllAccessors: .SRinContinuous

===========================================================================================
----------------- testing Fri Jul 24 16:46:15 UTC 2020 /home/travis/build/icyphy/ptII/ptolemy/domains/continuous/test/auto/SampledClocks.xml
----------------- Instantiating /home/travis/build/icyphy/ptII/ptolemy/domains/continuous/test/auto/SampledClocks.xml
6 ms. Memory: 330752K Free: 140745K (43%)
----------------- Invoking toplevel() on ptolemy.moml.MoMLSimpleApplication@312deefb
----------------- Done invoking toplevel() on ptolemy.moml.MoMLSimpleApplication@312deefb
reloadAllAccessors: .SampledClocks

===========================================================================================
----------------- testing Fri Jul 24 16:46:15 UTC 2020 /home/travis/build/icyphy/ptII/ptolemy/domains/continuous/test/auto/Satellite.xml
----------------- Instantiating /home/travis/build/icyphy/ptII/ptolemy/domains/continuous/test/auto/Satellite.xml
667 ms. Memory: 330752K Free: 143895K (44%)
----------------- Invoking toplevel() on ptolemy.moml.MoMLSimpleApplication@40055ac6
----------------- Done invoking toplevel() on ptolemy.moml.MoMLSimpleApplication@40055ac6
reloadAllAccessors: .Satellite

===========================================================================================
----------------- testing Fri Jul 24 16:46:16 UTC 2020 /home/travis/build/icyphy/ptII/ptolemy/domains/continuous/test/auto/SigmaDelta.xml
----------------- Instantiating /home/travis/build/icyphy/ptII/ptolemy/domains/continuous/test/auto/SigmaDelta.xml
1850 ms. Memory: 330752K Free: 272725K (82%)
----------------- Invoking toplevel() on ptolemy.moml.MoMLSimpleApplication@7cda7671
----------------- Done invoking toplevel() on ptolemy.moml.MoMLSimpleApplication@7cda7671
reloadAllAccessors: .SigmaDelta

===========================================================================================
----------------- testing Fri Jul 24 16:46:18 UTC 2020 /home/travis/build/icyphy/ptII/ptolemy/domains/continuous/test/auto/SingleRefinement.xml
----------------- Instantiating /home/travis/build/icyphy/ptII/ptolemy/domains/continuous/test/auto/SingleRefinement.xml
332 ms. Memory: 330752K Free: 286877K (87%)
----------------- Invoking toplevel() on ptolemy.moml.MoMLSimpleApplication@4f417879
----------------- Done invoking toplevel() on ptolemy.moml.MoMLSimpleApplication@4f417879
reloadAllAccessors: .SingleRefinement

===========================================================================================
----------------- testing Fri Jul 24 16:46:18 UTC 2020 /home/travis/build/icyphy/ptII/ptolemy/domains/continuous/test/auto/SinuBouncingBall.xml
----------------- Instantiating /home/travis/build/icyphy/ptII/ptolemy/domains/continuous/test/auto/SinuBouncingBall.xml
736 ms. Memory: 330752K Free: 269748K (82%)
----------------- Invoking toplevel() on ptolemy.moml.MoMLSimpleApplication@34c6b12f
----------------- Done invoking toplevel() on ptolemy.moml.MoMLSimpleApplication@34c6b12f
reloadAllAccessors: .SinuBouncingBall

===========================================================================================
----------------- testing Fri Jul 24 16:46:19 UTC 2020 /home/travis/build/icyphy/ptII/ptolemy/domains/continuous/test/auto/Sinusoid.xml
----------------- Instantiating /home/travis/build/icyphy/ptII/ptolemy/domains/continuous/test/auto/Sinusoid.xml
4 ms. Memory: 330752K Free: 265124K (80%)
----------------- Invoking toplevel() on ptolemy.moml.MoMLSimpleApplication@9e8f319
----------------- Done invoking toplevel() on ptolemy.moml.MoMLSimpleApplication@9e8f319
reloadAllAccessors: .Sinusoid

===========================================================================================
----------------- testing Fri Jul 24 16:46:19 UTC 2020 /home/travis/build/icyphy/ptII/ptolemy/domains/continuous/test/auto/SinusoidInNoise.xml
----------------- Instantiating /home/travis/build/icyphy/ptII/ptolemy/domains/continuous/test/auto/SinusoidInNoise.xml
686 ms. Memory: 330752K Free: 129460K (39%)
----------------- Invoking toplevel() on ptolemy.moml.MoMLSimpleApplication@31c472b3
----------------- Done invoking toplevel() on ptolemy.moml.MoMLSimpleApplication@31c472b3
reloadAllAccessors: .SinusoidInNoise

===========================================================================================
----------------- testing Fri Jul 24 16:46:20 UTC 2020 /home/travis/build/icyphy/ptII/ptolemy/domains/continuous/test/auto/SinusoidRK45.xml
----------------- Instantiating /home/travis/build/icyphy/ptII/ptolemy/domains/continuous/test/auto/SinusoidRK45.xml
2 ms. Memory: 330752K Free: 125364K (38%)
----------------- Invoking toplevel() on ptolemy.moml.MoMLSimpleApplication@54916da2
----------------- Done invoking toplevel() on ptolemy.moml.MoMLSimpleApplication@54916da2
reloadAllAccessors: .SinusoidRK45

===========================================================================================
----------------- testing Fri Jul 24 16:46:20 UTC 2020 /home/travis/build/icyphy/ptII/ptolemy/domains/continuous/test/auto/SinusoidWithMultipleImpulses.xml
----------------- Instantiating /home/travis/build/icyphy/ptII/ptolemy/domains/continuous/test/auto/SinusoidWithMultipleImpulses.xml
2 ms. Memory: 330752K Free: 120754K (37%)
----------------- Invoking toplevel() on ptolemy.moml.MoMLSimpleApplication@67d888a8
----------------- Done invoking toplevel() on ptolemy.moml.MoMLSimpleApplication@67d888a8
reloadAllAccessors: .SinusoidWithMultipleImpulses

===========================================================================================
----------------- testing Fri Jul 24 16:46:20 UTC 2020 /home/travis/build/icyphy/ptII/ptolemy/domains/continuous/test/auto/SquareWave.xml
----------------- Instantiating /home/travis/build/icyphy/ptII/ptolemy/domains/continuous/test/auto/SquareWave.xml
119 ms. Memory: 330752K Free: 290070K (88%)
----------------- Invoking toplevel() on ptolemy.moml.MoMLSimpleApplication@29c7b00c
----------------- Done invoking toplevel() on ptolemy.moml.MoMLSimpleApplication@29c7b00c
reloadAllAccessors: .SquareWave

===========================================================================================
----------------- testing Fri Jul 24 16:46:20 UTC 2020 /home/travis/build/icyphy/ptII/ptolemy/domains/continuous/test/auto/Starmac.xml
----------------- Instantiating /home/travis/build/icyphy/ptII/ptolemy/domains/continuous/test/auto/Starmac.xml
3065 ms. Memory: 330752K Free: 173812K (53%)
----------------- Invoking toplevel() on ptolemy.moml.MoMLSimpleApplication@66459fbd
----------------- Done invoking toplevel() on ptolemy.moml.MoMLSimpleApplication@66459fbd
reloadAllAccessors: .Starmac

===========================================================================================
----------------- testing Fri Jul 24 16:46:23 UTC 2020 /home/travis/build/icyphy/ptII/ptolemy/domains/continuous/test/auto/StaticUnits.xml
----------------- Instantiating /home/travis/build/icyphy/ptII/ptolemy/domains/continuous/test/auto/StaticUnits.xml
1812 ms. Memory: 330752K Free: 286262K (87%)
----------------- Invoking toplevel() on ptolemy.moml.MoMLSimpleApplication@503d3734
----------------- Done invoking toplevel() on ptolemy.moml.MoMLSimpleApplication@503d3734
reloadAllAccessors: .StaticUnits

===========================================================================================
----------------- testing Fri Jul 24 16:46:26 UTC 2020 /home/travis/build/icyphy/ptII/ptolemy/domains/continuous/test/auto/StickyMasses.xml
----------------- Instantiating /home/travis/build/icyphy/ptII/ptolemy/domains/continuous/test/auto/StickyMasses.xml
128 ms. Memory: 330752K Free: 236086K (71%)
----------------- Invoking toplevel() on ptolemy.moml.MoMLSimpleApplication@1acba572
----------------- Done invoking toplevel() on ptolemy.moml.MoMLSimpleApplication@1acba572
reloadAllAccessors: .StickyMasses

===========================================================================================
----------------- testing Fri Jul 24 16:46:26 UTC 2020 /home/travis/build/icyphy/ptII/ptolemy/domains/continuous/test/auto/StopTime.xml
----------------- Instantiating /home/travis/build/icyphy/ptII/ptolemy/domains/continuous/test/auto/StopTime.xml
39 ms. Memory: 330752K Free: 211000K (64%)
----------------- Invoking toplevel() on ptolemy.moml.MoMLSimpleApplication@54e72b9c
----------------- Done invoking toplevel() on ptolemy.moml.MoMLSimpleApplication@54e72b9c
reloadAllAccessors: .StopTime

===========================================================================================
----------------- testing Fri Jul 24 16:46:26 UTC 2020 /home/travis/build/icyphy/ptII/ptolemy/domains/continuous/test/auto/StopTime2.xml
----------------- Instantiating /home/travis/build/icyphy/ptII/ptolemy/domains/continuous/test/auto/StopTime2.xml
32 ms. Memory: 330752K Free: 188952K (57%)
----------------- Invoking toplevel() on ptolemy.moml.MoMLSimpleApplication@c895a12
----------------- Done invoking toplevel() on ptolemy.moml.MoMLSimpleApplication@c895a12
reloadAllAccessors: .StopTime2

===========================================================================================
----------------- testing Fri Jul 24 16:46:26 UTC 2020 /home/travis/build/icyphy/ptII/ptolemy/domains/continuous/test/auto/Switch.xml
----------------- Instantiating /home/travis/build/icyphy/ptII/ptolemy/domains/continuous/test/auto/Switch.xml
41 ms. Memory: 330752K Free: 164406K (50%)
----------------- Invoking toplevel() on ptolemy.moml.MoMLSimpleApplication@e625ffc
----------------- Done invoking toplevel() on ptolemy.moml.MoMLSimpleApplication@e625ffc
reloadAllAccessors: .Switch

===========================================================================================
----------------- testing Fri Jul 24 16:46:26 UTC 2020 /home/travis/build/icyphy/ptII/ptolemy/domains/continuous/test/auto/Thermostat.xml
----------------- Instantiating /home/travis/build/icyphy/ptII/ptolemy/domains/continuous/test/auto/Thermostat.xml
189 ms. Memory: 330752K Free: 284704K (86%)
----------------- Invoking toplevel() on ptolemy.moml.MoMLSimpleApplication@3db74839
----------------- Done invoking toplevel() on ptolemy.moml.MoMLSimpleApplication@3db74839
reloadAllAccessors: .Thermostat

===========================================================================================
----------------- testing Fri Jul 24 16:46:27 UTC 2020 /home/travis/build/icyphy/ptII/ptolemy/domains/continuous/test/auto/TimeDelay.xml
----------------- Instantiating /home/travis/build/icyphy/ptII/ptolemy/domains/continuous/test/auto/TimeDelay.xml
4 ms. Memory: 330752K Free: 279568K (85%)
----------------- Invoking toplevel() on ptolemy.moml.MoMLSimpleApplication@1e7f4cc8
----------------- Done invoking toplevel() on ptolemy.moml.MoMLSimpleApplication@1e7f4cc8
reloadAllAccessors: .TimeDelay

===========================================================================================
----------------- testing Fri Jul 24 16:46:27 UTC 2020 /home/travis/build/icyphy/ptII/ptolemy/domains/continuous/test/auto/TimeDelay2.xml
----------------- Instantiating /home/travis/build/icyphy/ptII/ptolemy/domains/continuous/test/auto/TimeDelay2.xml
7 ms. Memory: 330752K Free: 269873K (82%)
----------------- Invoking toplevel() on ptolemy.moml.MoMLSimpleApplication@3a2d43c5
----------------- Done invoking toplevel() on ptolemy.moml.MoMLSimpleApplication@3a2d43c5
reloadAllAccessors: .TimeDelay2

===========================================================================================
----------------- testing Fri Jul 24 16:46:27 UTC 2020 /home/travis/build/icyphy/ptII/ptolemy/domains/continuous/test/auto/TimeDelay3.xml
----------------- Instantiating /home/travis/build/icyphy/ptII/ptolemy/domains/continuous/test/auto/TimeDelay3.xml
2 ms. Memory: 330752K Free: 265777K (80%)
----------------- Invoking toplevel() on ptolemy.moml.MoMLSimpleApplication@7067856
----------------- Done invoking toplevel() on ptolemy.moml.MoMLSimpleApplication@7067856
reloadAllAccessors: .TimeDelay3

===========================================================================================
----------------- testing Fri Jul 24 16:46:27 UTC 2020 /home/travis/build/icyphy/ptII/ptolemy/domains/continuous/test/auto/TransferAbsentToInside.xml
----------------- Instantiating /home/travis/build/icyphy/ptII/ptolemy/domains/continuous/test/auto/TransferAbsentToInside.xml
29 ms. Memory: 330752K Free: 213032K (64%)
----------------- Invoking toplevel() on ptolemy.moml.MoMLSimpleApplication@1761b08f
----------------- Done invoking toplevel() on ptolemy.moml.MoMLSimpleApplication@1761b08f
reloadAllAccessors: .TransferAbsentToInside

===========================================================================================
----------------- testing Fri Jul 24 16:46:27 UTC 2020 /home/travis/build/icyphy/ptII/ptolemy/domains/continuous/test/auto/Transmission.xml
----------------- Instantiating /home/travis/build/icyphy/ptII/ptolemy/domains/continuous/test/auto/Transmission.xml
730 ms. Memory: 330752K Free: 172081K (52%)
----------------- Invoking toplevel() on ptolemy.moml.MoMLSimpleApplication@174fbaae
----------------- Done invoking toplevel() on ptolemy.moml.MoMLSimpleApplication@174fbaae
reloadAllAccessors: .Transmission

===========================================================================================
----------------- testing Fri Jul 24 16:46:27 UTC 2020 /home/travis/build/icyphy/ptII/ptolemy/domains/continuous/test/auto/TriggeredContinuousClock.xml
----------------- Instantiating /home/travis/build/icyphy/ptII/ptolemy/domains/continuous/test/auto/TriggeredContinuousClock.xml
38 ms. Memory: 330752K Free: 142385K (43%)
----------------- Invoking toplevel() on ptolemy.moml.MoMLSimpleApplication@3f96333a
----------------- Done invoking toplevel() on ptolemy.moml.MoMLSimpleApplication@3f96333a
reloadAllAccessors: .TriggeredContinuousClock

===========================================================================================
----------------- testing Fri Jul 24 16:46:28 UTC 2020 /home/travis/build/icyphy/ptII/ptolemy/domains/continuous/test/auto/TwoMachineInfiniteBusControl.xml
----------------- Instantiating /home/travis/build/icyphy/ptII/ptolemy/domains/continuous/test/auto/TwoMachineInfiniteBusControl.xml
2734 ms. Memory: 330752K Free: 135536K (41%)
----------------- Invoking toplevel() on ptolemy.moml.MoMLSimpleApplication@228bd5c4
----------------- Done invoking toplevel() on ptolemy.moml.MoMLSimpleApplication@228bd5c4
reloadAllAccessors: .TwoMachineInfiniteBusControl

===========================================================================================
----------------- testing Fri Jul 24 16:46:30 UTC 2020 /home/travis/build/icyphy/ptII/ptolemy/domains/continuous/test/auto/V2V.xml
----------------- Instantiating /home/travis/build/icyphy/ptII/ptolemy/domains/continuous/test/auto/V2V.xml
807 ms. Memory: 397312K Free: 204779K (52%)
----------------- Invoking toplevel() on ptolemy.moml.MoMLSimpleApplication@53adba48
----------------- Done invoking toplevel() on ptolemy.moml.MoMLSimpleApplication@53adba48
reloadAllAccessors: .V2V

===========================================================================================
----------------- testing Fri Jul 24 16:46:31 UTC 2020 /home/travis/build/icyphy/ptII/ptolemy/domains/continuous/test/auto/hierarchicalModalModel.xml
----------------- Instantiating /home/travis/build/icyphy/ptII/ptolemy/domains/continuous/test/auto/hierarchicalModalModel.xml
8 ms. Memory: 397312K Free: 190939K (48%)
----------------- Invoking toplevel() on ptolemy.moml.MoMLSimpleApplication@77b305ed
----------------- Done invoking toplevel() on ptolemy.moml.MoMLSimpleApplication@77b305ed
reloadAllAccessors: .hierarchicalModalModel

===========================================================================================
----------------- testing Fri Jul 24 16:46:31 UTC 2020 /home/travis/build/icyphy/ptII/ptolemy/domains/continuous/test/auto/hierarchicalModalModel1.xml
----------------- Instantiating /home/travis/build/icyphy/ptII/ptolemy/domains/continuous/test/auto/hierarchicalModalModel1.xml
8 ms. Memory: 397312K Free: 176617K (44%)
----------------- Invoking toplevel() on ptolemy.moml.MoMLSimpleApplication@5929d256
----------------- Done invoking toplevel() on ptolemy.moml.MoMLSimpleApplication@5929d256
reloadAllAccessors: .hierarchicalModalModel1

===========================================================================================
----------------- testing Fri Jul 24 16:46:31 UTC 2020 /home/travis/build/icyphy/ptII/ptolemy/domains/continuous/test/auto/hierarchicalModalModel2.xml
----------------- Instantiating /home/travis/build/icyphy/ptII/ptolemy/domains/continuous/test/auto/hierarchicalModalModel2.xml
7 ms. Memory: 397312K Free: 164315K (41%)
----------------- Invoking toplevel() on ptolemy.moml.MoMLSimpleApplication@391cd06c
----------------- Done invoking toplevel() on ptolemy.moml.MoMLSimpleApplication@391cd06c
reloadAllAccessors: .hierarchicalModalModel2

===========================================================================================
----------------- testing Fri Jul 24 16:46:31 UTC 2020 /home/travis/build/icyphy/ptII/ptolemy/domains/continuous/test/auto/hierarchicalModalModel3.xml
----------------- Instantiating /home/travis/build/icyphy/ptII/ptolemy/domains/continuous/test/auto/hierarchicalModalModel3.xml
6 ms. Memory: 397312K Free: 153579K (39%)
----------------- Invoking toplevel() on ptolemy.moml.MoMLSimpleApplication@31fef7c6
----------------- Done invoking toplevel() on ptolemy.moml.MoMLSimpleApplication@31fef7c6
reloadAllAccessors: .hierarchicalModalModel3

===========================================================================================
----------------- testing Fri Jul 24 16:46:31 UTC 2020 /home/travis/build/icyphy/ptII/ptolemy/domains/continuous/test/auto/hierarchicalModalModel4.xml
----------------- Instantiating /home/travis/build/icyphy/ptII/ptolemy/domains/continuous/test/auto/hierarchicalModalModel4.xml
26 ms. Memory: 397312K Free: 373720K (94%)
----------------- Invoking toplevel() on ptolemy.moml.MoMLSimpleApplication@2efdd3d6
----------------- Done invoking toplevel() on ptolemy.moml.MoMLSimpleApplication@2efdd3d6
reloadAllAccessors: .hierarchicalModalModel4

===========================================================================================
----------------- testing Fri Jul 24 16:46:31 UTC 2020 /home/travis/build/icyphy/ptII/ptolemy/domains/continuous/test/auto/junk.xml
----------------- Instantiating /home/travis/build/icyphy/ptII/ptolemy/domains/continuous/test/auto/junk.xml
114 ms. Memory: 397312K Free: 345058K (87%)
----------------- Invoking toplevel() on ptolemy.moml.MoMLSimpleApplication@5c49e271
----------------- Done invoking toplevel() on ptolemy.moml.MoMLSimpleApplication@5c49e271
reloadAllAccessors: .junk
AutoTests.java: About to close Vertx.
AutoTests.java: Vertx closed.
]]></system-out>
  <system-err><![CDATA[Warning: '.HysteresisWithRandomDelay.NonStrictTest' The test produced only 221 tokens, yet the correctValues parameter was expecting 222 tokens.
Warning: '.HysteresisWithRandomDelay.NonStrictTest2' The test produced only 220 tokens, yet the correctValues parameter was expecting 221 tokens.
Warning: '.HysteresisWithRandomDelay.NonStrictTest3' The test produced only 22 tokens, yet the correctValues parameter was expecting 30 tokens.
Warning: '.IncreasingRatePoisson.NonStrictTest' The test produced only 384 tokens, yet the correctValues parameter was expecting 402 tokens.
Warning: '.Poisson.NonStrictTest' The test produced only 410 tokens, yet the correctValues parameter was expecting 430 tokens.
]]></system-err>
</testsuite>
