<?xml version="1.0" encoding="UTF-8" ?>
<testsuite errors="0" failures="0" hostname="travis-job-5b26ffbc-6212-4350-8b19-c34a9e39e56d" name="ptolemy.domains.pn.test.junit.JUnitTclTest" skipped="0" tests="43" time="6.777" timestamp="2020-01-03T05:44:19">
  <properties>
[...]
</properties>
  <testcase classname="ptolemy.util.test.junit.TclTests" name="[0] /home/travis/build/icyphy/ptII/ptolemy/domains/pn/test/PNDirector.tcl (RunTclFile)" time="0.582" />
  <testcase classname="ptolemy.util.test.junit.TclTests" name="[1] /home/travis/build/icyphy/ptII/ptolemy/domains/pn/test/TimedPNDirector.tcl (RunTclFile)" time="0.025" />
  <testcase classname="ptolemy.util.test.junit.AutoKnownFailedTests" name="[0] ThereAreNoKnowFailedTests (RunModel)" time="0.008" />
  <testcase classname="ptolemy.util.test.junit.AutoNameArchTests" name="[0] ThereAreNoAutoArchTests (RunModel)" time="0.002" />
  <testcase classname="ptolemy.util.test.junit.AutoTests" name="[0] /home/travis/build/icyphy/ptII/ptolemy/domains/pn/test/auto/Branching-switch-PN-ptolemy-2.xml (RunModel)" time="0.168" />
  <testcase classname="ptolemy.util.test.junit.AutoTests" name="[1] /home/travis/build/icyphy/ptII/ptolemy/domains/pn/test/auto/Branching-switch-PN-ptolemy.xml (RunModel)" time="0.254" />
  <testcase classname="ptolemy.util.test.junit.AutoTests" name="[2] /home/travis/build/icyphy/ptII/ptolemy/domains/pn/test/auto/BrockAckermanTest.xml (RunModel)" time="0.414" />
  <testcase classname="ptolemy.util.test.junit.AutoTests" name="[3] /home/travis/build/icyphy/ptII/ptolemy/domains/pn/test/auto/CounterMachine.xml (RunModel)" time="1.338" />
  <testcase classname="ptolemy.util.test.junit.AutoTests" name="[4] /home/travis/build/icyphy/ptII/ptolemy/domains/pn/test/auto/CounterMachine1.xml (RunModel)" time="1.285" />
  <testcase classname="ptolemy.util.test.junit.AutoTests" name="[5] /home/travis/build/icyphy/ptII/ptolemy/domains/pn/test/auto/CounterMachineWithException.xml (RunModel)" time="0.721" />
  <testcase classname="ptolemy.util.test.junit.AutoTests" name="[6] /home/travis/build/icyphy/ptII/ptolemy/domains/pn/test/auto/FinalState.xml (RunModel)" time="0.107" />
  <testcase classname="ptolemy.util.test.junit.AutoTests" name="[7] /home/travis/build/icyphy/ptII/ptolemy/domains/pn/test/auto/FourExpressions.xml (RunModel)" time="0.047" />
  <testcase classname="ptolemy.util.test.junit.AutoTests" name="[8] /home/travis/build/icyphy/ptII/ptolemy/domains/pn/test/auto/Identity.xml (RunModel)" time="0.049" />
  <testcase classname="ptolemy.util.test.junit.AutoTests" name="[9] /home/travis/build/icyphy/ptII/ptolemy/domains/pn/test/auto/IdentityWithFeedback.xml (RunModel)" time="0.036" />
  <testcase classname="ptolemy.util.test.junit.AutoTests" name="[10] /home/travis/build/icyphy/ptII/ptolemy/domains/pn/test/auto/NondeterministicMergeTest.xml (RunModel)" time="0.052" />
  <testcase classname="ptolemy.util.test.junit.AutoTests" name="[11] /home/travis/build/icyphy/ptII/ptolemy/domains/pn/test/auto/OrderedMerge.xml (RunModel)" time="0.227" />
  <testcase classname="ptolemy.util.test.junit.AutoTests" name="[12] /home/travis/build/icyphy/ptII/ptolemy/domains/pn/test/auto/PNAbstractReceiverTest.xml (RunModel)" time="0.032" />
  <testcase classname="ptolemy.util.test.junit.AutoTests" name="[13] /home/travis/build/icyphy/ptII/ptolemy/domains/pn/test/auto/QR.xml (RunModel)" time="0.085" />
  <testcase classname="ptolemy.util.test.junit.AutoTests" name="[14] /home/travis/build/icyphy/ptII/ptolemy/domains/pn/test/auto/RemoveNilTokens.xml (RunModel)" time="0.077" />
  <testcase classname="ptolemy.util.test.junit.AutoTests" name="[15] /home/travis/build/icyphy/ptII/ptolemy/domains/pn/test/auto/Stack.xml (RunModel)" time="0.156" />
  <testcase classname="ptolemy.util.test.junit.AutoTests" name="[16] /home/travis/build/icyphy/ptII/ptolemy/domains/pn/test/auto/TestRemoveNilTokens.xml (RunModel)" time="0.042" />
  <testcase classname="ptolemy.util.test.junit.AutoTests" name="[17] /home/travis/build/icyphy/ptII/ptolemy/domains/pn/test/auto/TestSeq2Array.xml (RunModel)" time="0.027" />
  <testcase classname="ptolemy.util.test.junit.AutoTests" name="[18] /home/travis/build/icyphy/ptII/ptolemy/domains/pn/test/auto/TrivialIdentity.xml (RunModel)" time="0.027" />
  <testcase classname="ptolemy.util.test.junit.AutoTests" name="[19] /home/travis/build/icyphy/ptII/ptolemy/domains/pn/test/auto/WidthInferenceTest1.xml (RunModel)" time="0.037" />
  <testcase classname="ptolemy.util.test.junit.AutoTests" name="[20] /home/travis/build/icyphy/ptII/ptolemy/domains/pn/test/auto/WidthInferenceTest2.xml (RunModel)" time="0.022" />
  <testcase classname="ptolemy.util.test.junit.AutoTests" name="[21] /home/travis/build/icyphy/ptII/ptolemy/domains/pn/test/auto/WidthInferenceTest3.xml (RunModel)" time="0.051" />
  <testcase classname="ptolemy.util.test.junit.AutoTests" name="[22] /home/travis/build/icyphy/ptII/ptolemy/domains/pn/test/auto/WidthInferenceTest4.xml (RunModel)" time="0.07" />
  <testcase classname="ptolemy.util.test.junit.AutoTests" name="[23] /home/travis/build/icyphy/ptII/ptolemy/domains/pn/test/auto/WidthInferenceTest5.xml (RunModel)" time="0.061" />
  <testcase classname="ptolemy.util.test.junit.AutoTests" name="[24] /home/travis/build/icyphy/ptII/ptolemy/domains/pn/test/auto/controlled_kahnnet.xml (RunModel)" time="0.03" />
  <testcase classname="ptolemy.util.test.junit.AutoTests" name="[25] /home/travis/build/icyphy/ptII/ptolemy/domains/pn/test/auto/demandDriven.xml (RunModel)" time="0.018" />
  <testcase classname="ptolemy.util.test.junit.AutoTests" name="[26] /home/travis/build/icyphy/ptII/ptolemy/domains/pn/test/auto/feedback.xml (RunModel)" time="0.02" />
  <testcase classname="ptolemy.util.test.junit.AutoTests" name="[27] /home/travis/build/icyphy/ptII/ptolemy/domains/pn/test/auto/helloWorld.xml (RunModel)" time="0.017" />
  <testcase classname="ptolemy.util.test.junit.AutoTests" name="[28] /home/travis/build/icyphy/ptII/ptolemy/domains/pn/test/auto/helloWorld2.xml (RunModel)" time="0.028" />
  <testcase classname="ptolemy.util.test.junit.AutoTests" name="[29] /home/travis/build/icyphy/ptII/ptolemy/domains/pn/test/auto/noOutput.xml (RunModel)" time="0.037" />
  <testcase classname="ptolemy.util.test.junit.AutoTests" name="[30] /home/travis/build/icyphy/ptII/ptolemy/domains/pn/test/auto/relationGroup.xml (RunModel)" time="0.013" />
  <testcase classname="ptolemy.util.test.junit.AutoTests" name="[31] /home/travis/build/icyphy/ptII/ptolemy/domains/pn/test/auto/relationGroup2.xml (RunModel)" time="0.013" />
  <testcase classname="ptolemy.util.test.junit.AutoTests" name="[32] /home/travis/build/icyphy/ptII/ptolemy/domains/pn/test/auto/relationGroup3.xml (RunModel)" time="0.014" />
  <testcase classname="ptolemy.util.test.junit.AutoTests" name="[33] /home/travis/build/icyphy/ptII/ptolemy/domains/pn/test/auto/relationGroup4.xml (RunModel)" time="0.016" />
  <testcase classname="ptolemy.util.test.junit.AutoTests" name="[34] /home/travis/build/icyphy/ptII/ptolemy/domains/pn/test/auto/relationGroup5.xml (RunModel)" time="0.013" />
  <testcase classname="ptolemy.util.test.junit.AutoTests" name="[35] /home/travis/build/icyphy/ptII/ptolemy/domains/pn/test/auto/relationGroup6.xml (RunModel)" time="0.016" />
  <testcase classname="ptolemy.util.test.junit.AutoTests" name="[36] /home/travis/build/icyphy/ptII/ptolemy/domains/pn/test/auto/relationGroup7.xml (RunModel)" time="0.017" />
  <testcase classname="ptolemy.util.test.junit.AutoTests" name="[37] /home/travis/build/icyphy/ptII/ptolemy/domains/pn/test/auto/relationGroup8.xml (RunModel)" time="0.012" />
  <testcase classname="ptolemy.util.test.junit.AutoTests" name="[38] /home/travis/build/icyphy/ptII/ptolemy/domains/pn/test/auto/widthTest.xml (RunModel)" time="0.036" />
  <system-out><![CDATA[/home/travis/build/icyphy/ptII/ptolemy/domains/pn/test/PNDirector.tcl
testDefs.tcl: setting time out to 9000 seconds at Fri Jan 03 05:44:20 UTC 2020
76 ms. Memory: 129024K Free: 96710K (75%)
86 ms. Memory: 129024K Free: 89032K (69%)
/home/travis/build/icyphy/ptII/ptolemy/domains/pn/test/TimedPNDirector.tcl


==== $PTII/ptolemy/domains/pn/test/TimedPNDirector.tcl: TimedPNDirector-6.1 Test an application
==== Contents of test case:


    set e0 [java::new ptolemy.actor.TypedCompositeActor]
    set manager [java::new ptolemy.actor.Manager]
    set director [java::new ptolemy.domains.pn.kernel.TimedPNDirector]
    $e0 setDirector $director
    $e0 setName top
    $e0 setManager $manager

    # FIXME: why doesn't the getParameter option work.
    set ramp [java::new ptolemy.actor.lib.Ramp $e0 ramp]
    set param [java::cast ptolemy.data.expr.Parameter  [$ramp getAttribute  firingCountLimit]]
    $param setExpression 20

    set rec [java::new ptolemy.actor.lib.Recorder $e0 rec]
    $e0 connect  [java::field [java::cast ptolemy.actor.lib.Source $ramp] output]  [java::field [java::cast ptolemy.actor.lib.Sink $rec] input]

    error "Running this test sometimes causes an endless loop" 

#    [$e0 getManager] execute
#    enumToTokenValues [$rec getRecord 0]


.... Test generated KNOWN error:
Running this test sometimes causes an endless loop
    while executing
"error "Running this test sometimes causes an endless loop" "
    ("uplevel" body line 18)
    invoked from within
"uplevel $contents_of_test"
01/03/20 05:44:20
Failed: 0  Total Tests: 3  ((Passed: 2, Newly Passed: 0)  Known Failed: 1) /home/travis/build/icyphy/ptII/ptolemy/domains/pn/test
No auto/knownFailedTests/*.xml tests in /home/travis/build/icyphy/ptII/ptolemy/domains/pn/test
No auto/linux-amd64/*.xml tests in /home/travis/build/icyphy/ptII/ptolemy/domains/pn/test
AutoTests.java: About to close Vertx.
AutoTests.java: Vertx closed.

===========================================================================================
----------------- testing Fri Jan 03 05:44:20 UTC 2020 /home/travis/build/icyphy/ptII/ptolemy/domains/pn/test/auto/Branching-switch-PN-ptolemy-2.xml
----------------- Instantiating /home/travis/build/icyphy/ptII/ptolemy/domains/pn/test/auto/Branching-switch-PN-ptolemy-2.xml
51 ms. Memory: 129024K Free: 103250K (80%)
----------------- Invoking toplevel() on ptolemy.moml.MoMLSimpleApplication@7e4f3ce
----------------- Done invoking toplevel() on ptolemy.moml.MoMLSimpleApplication@7e4f3ce
reloadAllAccessors: .Branching-switch-PN-ptolemy-2

===========================================================================================
----------------- testing Fri Jan 03 05:44:21 UTC 2020 /home/travis/build/icyphy/ptII/ptolemy/domains/pn/test/auto/Branching-switch-PN-ptolemy.xml
----------------- Instantiating /home/travis/build/icyphy/ptII/ptolemy/domains/pn/test/auto/Branching-switch-PN-ptolemy.xml
138 ms. Memory: 129024K Free: 112938K (88%)
----------------- Invoking toplevel() on ptolemy.moml.MoMLSimpleApplication@4a2af484
----------------- Done invoking toplevel() on ptolemy.moml.MoMLSimpleApplication@4a2af484
reloadAllAccessors: .Branching-switch-PN-ptolemy

===========================================================================================
----------------- testing Fri Jan 03 05:44:21 UTC 2020 /home/travis/build/icyphy/ptII/ptolemy/domains/pn/test/auto/BrockAckermanTest.xml
----------------- Instantiating /home/travis/build/icyphy/ptII/ptolemy/domains/pn/test/auto/BrockAckermanTest.xml
253 ms. Memory: 129024K Free: 99047K (77%)
----------------- Invoking toplevel() on ptolemy.moml.MoMLSimpleApplication@7de8b36c
----------------- Done invoking toplevel() on ptolemy.moml.MoMLSimpleApplication@7de8b36c
reloadAllAccessors: .BrockAckermanTest

===========================================================================================
----------------- testing Fri Jan 03 05:44:21 UTC 2020 /home/travis/build/icyphy/ptII/ptolemy/domains/pn/test/auto/CounterMachine.xml
----------------- Instantiating /home/travis/build/icyphy/ptII/ptolemy/domains/pn/test/auto/CounterMachine.xml
845 ms. Memory: 160768K Free: 115577K (72%)
----------------- Invoking toplevel() on ptolemy.moml.MoMLSimpleApplication@39d26675
----------------- Done invoking toplevel() on ptolemy.moml.MoMLSimpleApplication@39d26675
reloadAllAccessors: .CounterMachine

===========================================================================================
----------------- testing Fri Jan 03 05:44:23 UTC 2020 /home/travis/build/icyphy/ptII/ptolemy/domains/pn/test/auto/CounterMachine1.xml
----------------- Instantiating /home/travis/build/icyphy/ptII/ptolemy/domains/pn/test/auto/CounterMachine1.xml
900 ms. Memory: 160768K Free: 119128K (74%)
----------------- Invoking toplevel() on ptolemy.moml.MoMLSimpleApplication@23370b08
----------------- Done invoking toplevel() on ptolemy.moml.MoMLSimpleApplication@23370b08
reloadAllAccessors: .CounterMachine1

===========================================================================================
----------------- testing Fri Jan 03 05:44:24 UTC 2020 /home/travis/build/icyphy/ptII/ptolemy/domains/pn/test/auto/CounterMachineWithException.xml
----------------- Instantiating /home/travis/build/icyphy/ptII/ptolemy/domains/pn/test/auto/CounterMachineWithException.xml
425 ms. Memory: 160768K Free: 91692K (57%)
----------------- Invoking toplevel() on ptolemy.moml.MoMLSimpleApplication@547867c0
----------------- Done invoking toplevel() on ptolemy.moml.MoMLSimpleApplication@547867c0
reloadAllAccessors: .CounterMachineWithException

===========================================================================================
----------------- testing Fri Jan 03 05:44:25 UTC 2020 /home/travis/build/icyphy/ptII/ptolemy/domains/pn/test/auto/FinalState.xml
----------------- Instantiating /home/travis/build/icyphy/ptII/ptolemy/domains/pn/test/auto/FinalState.xml
22 ms. Memory: 160768K Free: 85178K (53%)
----------------- Invoking toplevel() on ptolemy.moml.MoMLSimpleApplication@444f8b18
----------------- Done invoking toplevel() on ptolemy.moml.MoMLSimpleApplication@444f8b18
reloadAllAccessors: .FinalState

===========================================================================================
----------------- testing Fri Jan 03 05:44:25 UTC 2020 /home/travis/build/icyphy/ptII/ptolemy/domains/pn/test/auto/FourExpressions.xml
----------------- Instantiating /home/travis/build/icyphy/ptII/ptolemy/domains/pn/test/auto/FourExpressions.xml
23 ms. Memory: 160768K Free: 78568K (49%)
----------------- Invoking toplevel() on ptolemy.moml.MoMLSimpleApplication@71c38b0f
----------------- Done invoking toplevel() on ptolemy.moml.MoMLSimpleApplication@71c38b0f
reloadAllAccessors: .FourExpressions

===========================================================================================
----------------- testing Fri Jan 03 05:44:25 UTC 2020 /home/travis/build/icyphy/ptII/ptolemy/domains/pn/test/auto/Identity.xml
----------------- Instantiating /home/travis/build/icyphy/ptII/ptolemy/domains/pn/test/auto/Identity.xml
21 ms. Memory: 160768K Free: 73820K (46%)
----------------- Invoking toplevel() on ptolemy.moml.MoMLSimpleApplication@1bf8bee2
----------------- Done invoking toplevel() on ptolemy.moml.MoMLSimpleApplication@1bf8bee2
reloadAllAccessors: .Identity

===========================================================================================
----------------- testing Fri Jan 03 05:44:25 UTC 2020 /home/travis/build/icyphy/ptII/ptolemy/domains/pn/test/auto/IdentityWithFeedback.xml
----------------- Instantiating /home/travis/build/icyphy/ptII/ptolemy/domains/pn/test/auto/IdentityWithFeedback.xml
9 ms. Memory: 160768K Free: 70376K (44%)
----------------- Invoking toplevel() on ptolemy.moml.MoMLSimpleApplication@5249cd23
----------------- Done invoking toplevel() on ptolemy.moml.MoMLSimpleApplication@5249cd23
reloadAllAccessors: .IdentityWithFeedback

===========================================================================================
----------------- testing Fri Jan 03 05:44:25 UTC 2020 /home/travis/build/icyphy/ptII/ptolemy/domains/pn/test/auto/NondeterministicMergeTest.xml
----------------- Instantiating /home/travis/build/icyphy/ptII/ptolemy/domains/pn/test/auto/NondeterministicMergeTest.xml
24 ms. Memory: 160768K Free: 64566K (40%)
----------------- Invoking toplevel() on ptolemy.moml.MoMLSimpleApplication@4e109088
----------------- Done invoking toplevel() on ptolemy.moml.MoMLSimpleApplication@4e109088
reloadAllAccessors: .NondeterministicMergeTest

===========================================================================================
----------------- testing Fri Jan 03 05:44:25 UTC 2020 /home/travis/build/icyphy/ptII/ptolemy/domains/pn/test/auto/OrderedMerge.xml
----------------- Instantiating /home/travis/build/icyphy/ptII/ptolemy/domains/pn/test/auto/OrderedMerge.xml
163 ms. Memory: 160768K Free: 56133K (35%)
----------------- Invoking toplevel() on ptolemy.moml.MoMLSimpleApplication@7559c691
----------------- Done invoking toplevel() on ptolemy.moml.MoMLSimpleApplication@7559c691
reloadAllAccessors: .OrderedMerge

===========================================================================================
----------------- testing Fri Jan 03 05:44:25 UTC 2020 /home/travis/build/icyphy/ptII/ptolemy/domains/pn/test/auto/PNAbstractReceiverTest.xml
----------------- Instantiating /home/travis/build/icyphy/ptII/ptolemy/domains/pn/test/auto/PNAbstractReceiverTest.xml
6 ms. Memory: 160768K Free: 52936K (33%)
----------------- Invoking toplevel() on ptolemy.moml.MoMLSimpleApplication@3fd13934
----------------- Done invoking toplevel() on ptolemy.moml.MoMLSimpleApplication@3fd13934
reloadAllAccessors: .PNAbstractReceiverTest

===========================================================================================
----------------- testing Fri Jan 03 05:44:25 UTC 2020 /home/travis/build/icyphy/ptII/ptolemy/domains/pn/test/auto/QR.xml
----------------- Instantiating /home/travis/build/icyphy/ptII/ptolemy/domains/pn/test/auto/QR.xml
24 ms. Memory: 193536K Free: 171637K (89%)
----------------- Invoking toplevel() on ptolemy.moml.MoMLSimpleApplication@623f961f
----------------- Done invoking toplevel() on ptolemy.moml.MoMLSimpleApplication@623f961f
reloadAllAccessors: .QR

===========================================================================================
----------------- testing Fri Jan 03 05:44:25 UTC 2020 /home/travis/build/icyphy/ptII/ptolemy/domains/pn/test/auto/RemoveNilTokens.xml
----------------- Instantiating /home/travis/build/icyphy/ptII/ptolemy/domains/pn/test/auto/RemoveNilTokens.xml
28 ms. Memory: 193536K Free: 163118K (84%)
----------------- Invoking toplevel() on ptolemy.moml.MoMLSimpleApplication@4e1a31ad
----------------- Done invoking toplevel() on ptolemy.moml.MoMLSimpleApplication@4e1a31ad
reloadAllAccessors: .RemoveNilTokens

===========================================================================================
----------------- testing Fri Jan 03 05:44:25 UTC 2020 /home/travis/build/icyphy/ptII/ptolemy/domains/pn/test/auto/Stack.xml
----------------- Instantiating /home/travis/build/icyphy/ptII/ptolemy/domains/pn/test/auto/Stack.xml
66 ms. Memory: 193536K Free: 141941K (73%)
----------------- Invoking toplevel() on ptolemy.moml.MoMLSimpleApplication@7b0dd80d
----------------- Done invoking toplevel() on ptolemy.moml.MoMLSimpleApplication@7b0dd80d
reloadAllAccessors: .Stack

===========================================================================================
----------------- testing Fri Jan 03 05:44:25 UTC 2020 /home/travis/build/icyphy/ptII/ptolemy/domains/pn/test/auto/TestRemoveNilTokens.xml
----------------- Instantiating /home/travis/build/icyphy/ptII/ptolemy/domains/pn/test/auto/TestRemoveNilTokens.xml
20 ms. Memory: 193536K Free: 135633K (70%)
----------------- Invoking toplevel() on ptolemy.moml.MoMLSimpleApplication@2e4adf1b
----------------- Done invoking toplevel() on ptolemy.moml.MoMLSimpleApplication@2e4adf1b
reloadAllAccessors: .TestRemoveNilTokens

===========================================================================================
----------------- testing Fri Jan 03 05:44:26 UTC 2020 /home/travis/build/icyphy/ptII/ptolemy/domains/pn/test/auto/TestSeq2Array.xml
----------------- Instantiating /home/travis/build/icyphy/ptII/ptolemy/domains/pn/test/auto/TestSeq2Array.xml
12 ms. Memory: 193536K Free: 130725K (68%)
----------------- Invoking toplevel() on ptolemy.moml.MoMLSimpleApplication@bcf6de
----------------- Done invoking toplevel() on ptolemy.moml.MoMLSimpleApplication@bcf6de
reloadAllAccessors: .TestSeq2Array

===========================================================================================
----------------- testing Fri Jan 03 05:44:26 UTC 2020 /home/travis/build/icyphy/ptII/ptolemy/domains/pn/test/auto/TrivialIdentity.xml
----------------- Instantiating /home/travis/build/icyphy/ptII/ptolemy/domains/pn/test/auto/TrivialIdentity.xml
8 ms. Memory: 193536K Free: 126597K (65%)
----------------- Invoking toplevel() on ptolemy.moml.MoMLSimpleApplication@2f846f
----------------- Done invoking toplevel() on ptolemy.moml.MoMLSimpleApplication@2f846f
reloadAllAccessors: .TrivialIdentity

===========================================================================================
----------------- testing Fri Jan 03 05:44:26 UTC 2020 /home/travis/build/icyphy/ptII/ptolemy/domains/pn/test/auto/WidthInferenceTest1.xml
----------------- Instantiating /home/travis/build/icyphy/ptII/ptolemy/domains/pn/test/auto/WidthInferenceTest1.xml
11 ms. Memory: 193536K Free: 121296K (63%)
----------------- Invoking toplevel() on ptolemy.moml.MoMLSimpleApplication@17b9495d
----------------- Done invoking toplevel() on ptolemy.moml.MoMLSimpleApplication@17b9495d
reloadAllAccessors: .1

===========================================================================================
----------------- testing Fri Jan 03 05:44:26 UTC 2020 /home/travis/build/icyphy/ptII/ptolemy/domains/pn/test/auto/WidthInferenceTest2.xml
----------------- Instantiating /home/travis/build/icyphy/ptII/ptolemy/domains/pn/test/auto/WidthInferenceTest2.xml
7 ms. Memory: 193536K Free: 116177K (60%)
----------------- Invoking toplevel() on ptolemy.moml.MoMLSimpleApplication@63507fc3
----------------- Done invoking toplevel() on ptolemy.moml.MoMLSimpleApplication@63507fc3
reloadAllAccessors: .2

===========================================================================================
----------------- testing Fri Jan 03 05:44:26 UTC 2020 /home/travis/build/icyphy/ptII/ptolemy/domains/pn/test/auto/WidthInferenceTest3.xml
----------------- Instantiating /home/travis/build/icyphy/ptII/ptolemy/domains/pn/test/auto/WidthInferenceTest3.xml
16 ms. Memory: 193536K Free: 102540K (53%)
----------------- Invoking toplevel() on ptolemy.moml.MoMLSimpleApplication@137656da
----------------- Done invoking toplevel() on ptolemy.moml.MoMLSimpleApplication@137656da
reloadAllAccessors: .3

===========================================================================================
----------------- testing Fri Jan 03 05:44:26 UTC 2020 /home/travis/build/icyphy/ptII/ptolemy/domains/pn/test/auto/WidthInferenceTest4.xml
----------------- Instantiating /home/travis/build/icyphy/ptII/ptolemy/domains/pn/test/auto/WidthInferenceTest4.xml
16 ms. Memory: 193536K Free: 90414K (47%)
----------------- Invoking toplevel() on ptolemy.moml.MoMLSimpleApplication@1992389a
----------------- Done invoking toplevel() on ptolemy.moml.MoMLSimpleApplication@1992389a
reloadAllAccessors: .WidthInferenceTest4

===========================================================================================
----------------- testing Fri Jan 03 05:44:26 UTC 2020 /home/travis/build/icyphy/ptII/ptolemy/domains/pn/test/auto/WidthInferenceTest5.xml
----------------- Instantiating /home/travis/build/icyphy/ptII/ptolemy/domains/pn/test/auto/WidthInferenceTest5.xml
35 ms. Memory: 193536K Free: 78988K (41%)
----------------- Invoking toplevel() on ptolemy.moml.MoMLSimpleApplication@3b9fb58e
----------------- Done invoking toplevel() on ptolemy.moml.MoMLSimpleApplication@3b9fb58e
reloadAllAccessors: .WidthInferenceTest5

===========================================================================================
----------------- testing Fri Jan 03 05:44:26 UTC 2020 /home/travis/build/icyphy/ptII/ptolemy/domains/pn/test/auto/controlled_kahnnet.xml
----------------- Instantiating /home/travis/build/icyphy/ptII/ptolemy/domains/pn/test/auto/controlled_kahnnet.xml
11 ms. Memory: 193536K Free: 74892K (39%)
----------------- Invoking toplevel() on ptolemy.moml.MoMLSimpleApplication@774eb003
----------------- Done invoking toplevel() on ptolemy.moml.MoMLSimpleApplication@774eb003
reloadAllAccessors: .controlled_kahnnet

===========================================================================================
----------------- testing Fri Jan 03 05:44:26 UTC 2020 /home/travis/build/icyphy/ptII/ptolemy/domains/pn/test/auto/demandDriven.xml
----------------- Instantiating /home/travis/build/icyphy/ptII/ptolemy/domains/pn/test/auto/demandDriven.xml
8 ms. Memory: 193536K Free: 71657K (37%)
----------------- Invoking toplevel() on ptolemy.moml.MoMLSimpleApplication@1e696e82
----------------- Done invoking toplevel() on ptolemy.moml.MoMLSimpleApplication@1e696e82
reloadAllAccessors: .demandDriven

===========================================================================================
----------------- testing Fri Jan 03 05:44:26 UTC 2020 /home/travis/build/icyphy/ptII/ptolemy/domains/pn/test/auto/feedback.xml
----------------- Instantiating /home/travis/build/icyphy/ptII/ptolemy/domains/pn/test/auto/feedback.xml
7 ms. Memory: 193536K Free: 68213K (35%)
----------------- Invoking toplevel() on ptolemy.moml.MoMLSimpleApplication@1e71dd61
----------------- Done invoking toplevel() on ptolemy.moml.MoMLSimpleApplication@1e71dd61
reloadAllAccessors: .feedback

===========================================================================================
----------------- testing Fri Jan 03 05:44:26 UTC 2020 /home/travis/build/icyphy/ptII/ptolemy/domains/pn/test/auto/helloWorld.xml
----------------- Instantiating /home/travis/build/icyphy/ptII/ptolemy/domains/pn/test/auto/helloWorld.xml
4 ms. Memory: 193536K Free: 66475K (34%)
----------------- Invoking toplevel() on ptolemy.moml.MoMLSimpleApplication@3bee1794
----------------- Done invoking toplevel() on ptolemy.moml.MoMLSimpleApplication@3bee1794
reloadAllAccessors: .helloWorld

===========================================================================================
----------------- testing Fri Jan 03 05:44:26 UTC 2020 /home/travis/build/icyphy/ptII/ptolemy/domains/pn/test/auto/helloWorld2.xml
----------------- Instantiating /home/travis/build/icyphy/ptII/ptolemy/domains/pn/test/auto/helloWorld2.xml
5 ms. Memory: 193536K Free: 175863K (91%)
----------------- Invoking toplevel() on ptolemy.moml.MoMLSimpleApplication@3b3da568
----------------- Done invoking toplevel() on ptolemy.moml.MoMLSimpleApplication@3b3da568
reloadAllAccessors: .helloWorld2

===========================================================================================
----------------- testing Fri Jan 03 05:44:26 UTC 2020 /home/travis/build/icyphy/ptII/ptolemy/domains/pn/test/auto/noOutput.xml
----------------- Instantiating /home/travis/build/icyphy/ptII/ptolemy/domains/pn/test/auto/noOutput.xml
23 ms. Memory: 193536K Free: 170970K (88%)
----------------- Invoking toplevel() on ptolemy.moml.MoMLSimpleApplication@1787815c
----------------- Done invoking toplevel() on ptolemy.moml.MoMLSimpleApplication@1787815c
reloadAllAccessors: .noOutput

===========================================================================================
----------------- testing Fri Jan 03 05:44:26 UTC 2020 /home/travis/build/icyphy/ptII/ptolemy/domains/pn/test/auto/relationGroup.xml
----------------- Instantiating /home/travis/build/icyphy/ptII/ptolemy/domains/pn/test/auto/relationGroup.xml
2 ms. Memory: 193536K Free: 168103K (87%)
----------------- Invoking toplevel() on ptolemy.moml.MoMLSimpleApplication@6d9d6309
----------------- Done invoking toplevel() on ptolemy.moml.MoMLSimpleApplication@6d9d6309
reloadAllAccessors: .relationGroup

===========================================================================================
----------------- testing Fri Jan 03 05:44:26 UTC 2020 /home/travis/build/icyphy/ptII/ptolemy/domains/pn/test/auto/relationGroup2.xml
----------------- Instantiating /home/travis/build/icyphy/ptII/ptolemy/domains/pn/test/auto/relationGroup2.xml
4 ms. Memory: 193536K Free: 166077K (86%)
----------------- Invoking toplevel() on ptolemy.moml.MoMLSimpleApplication@de46e5
----------------- Done invoking toplevel() on ptolemy.moml.MoMLSimpleApplication@de46e5
reloadAllAccessors: .relationGroup2

===========================================================================================
----------------- testing Fri Jan 03 05:44:26 UTC 2020 /home/travis/build/icyphy/ptII/ptolemy/domains/pn/test/auto/relationGroup3.xml
----------------- Instantiating /home/travis/build/icyphy/ptII/ptolemy/domains/pn/test/auto/relationGroup3.xml
3 ms. Memory: 193536K Free: 163802K (85%)
----------------- Invoking toplevel() on ptolemy.moml.MoMLSimpleApplication@7e0ee055
----------------- Done invoking toplevel() on ptolemy.moml.MoMLSimpleApplication@7e0ee055
reloadAllAccessors: .relationGroup3

===========================================================================================
----------------- testing Fri Jan 03 05:44:26 UTC 2020 /home/travis/build/icyphy/ptII/ptolemy/domains/pn/test/auto/relationGroup4.xml
----------------- Instantiating /home/travis/build/icyphy/ptII/ptolemy/domains/pn/test/auto/relationGroup4.xml
4 ms. Memory: 193536K Free: 161519K (83%)
----------------- Invoking toplevel() on ptolemy.moml.MoMLSimpleApplication@54786643
----------------- Done invoking toplevel() on ptolemy.moml.MoMLSimpleApplication@54786643
reloadAllAccessors: .relationGroup4

===========================================================================================
----------------- testing Fri Jan 03 05:44:26 UTC 2020 /home/travis/build/icyphy/ptII/ptolemy/domains/pn/test/auto/relationGroup5.xml
----------------- Instantiating /home/travis/build/icyphy/ptII/ptolemy/domains/pn/test/auto/relationGroup5.xml
4 ms. Memory: 193536K Free: 159449K (82%)
----------------- Invoking toplevel() on ptolemy.moml.MoMLSimpleApplication@203f78c9
----------------- Done invoking toplevel() on ptolemy.moml.MoMLSimpleApplication@203f78c9
reloadAllAccessors: .relationGroup5

===========================================================================================
----------------- testing Fri Jan 03 05:44:26 UTC 2020 /home/travis/build/icyphy/ptII/ptolemy/domains/pn/test/auto/relationGroup6.xml
----------------- Instantiating /home/travis/build/icyphy/ptII/ptolemy/domains/pn/test/auto/relationGroup6.xml
4 ms. Memory: 193536K Free: 156634K (81%)
----------------- Invoking toplevel() on ptolemy.moml.MoMLSimpleApplication@7dae42da
----------------- Done invoking toplevel() on ptolemy.moml.MoMLSimpleApplication@7dae42da
reloadAllAccessors: .relationGroup6

===========================================================================================
----------------- testing Fri Jan 03 05:44:26 UTC 2020 /home/travis/build/icyphy/ptII/ptolemy/domains/pn/test/auto/relationGroup7.xml
----------------- Instantiating /home/travis/build/icyphy/ptII/ptolemy/domains/pn/test/auto/relationGroup7.xml
5 ms. Memory: 193536K Free: 154016K (80%)
----------------- Invoking toplevel() on ptolemy.moml.MoMLSimpleApplication@5f57ce8
----------------- Done invoking toplevel() on ptolemy.moml.MoMLSimpleApplication@5f57ce8
reloadAllAccessors: .relationGroup7

===========================================================================================
----------------- testing Fri Jan 03 05:44:26 UTC 2020 /home/travis/build/icyphy/ptII/ptolemy/domains/pn/test/auto/relationGroup8.xml
----------------- Instantiating /home/travis/build/icyphy/ptII/ptolemy/domains/pn/test/auto/relationGroup8.xml
4 ms. Memory: 193536K Free: 150899K (78%)
----------------- Invoking toplevel() on ptolemy.moml.MoMLSimpleApplication@7c46d211
----------------- Done invoking toplevel() on ptolemy.moml.MoMLSimpleApplication@7c46d211
reloadAllAccessors: .relationGroup8

===========================================================================================
----------------- testing Fri Jan 03 05:44:26 UTC 2020 /home/travis/build/icyphy/ptII/ptolemy/domains/pn/test/auto/widthTest.xml
----------------- Instantiating /home/travis/build/icyphy/ptII/ptolemy/domains/pn/test/auto/widthTest.xml
13 ms. Memory: 193536K Free: 147145K (76%)
----------------- Invoking toplevel() on ptolemy.moml.MoMLSimpleApplication@79fe7696
----------------- Done invoking toplevel() on ptolemy.moml.MoMLSimpleApplication@79fe7696
reloadAllAccessors: .widthTest
AutoTests.java: About to close Vertx.
AutoTests.java: Vertx closed.
]]></system-out>
  <system-err><![CDATA[java.lang.RuntimeException: Execution failed
	at ptolemy.moml.MoMLSimpleApplication$UnloadThread.run(MoMLSimpleApplication.java:402)
Caused by: ptolemy.kernel.util.IllegalActionException: At the current time, process-oriented domains (PN and CSP) cannot be nested inside firing-based domains (SDF, DE, CT, etc.).
  in .PNInsideDE.CompositeActor.port
Because:
class ptolemy.domains.de.kernel.DEReceiver cannot be cast to class ptolemy.actor.process.ProcessReceiver (ptolemy.domains.de.kernel.DEReceiver and ptolemy.actor.process.ProcessReceiver are in unnamed module of loader 'app')
	at ptolemy.actor.process.BranchController.addBranches(BranchController.java:182)
	at ptolemy.actor.process.CompositeProcessDirector.createBranchController(CompositeProcessDirector.java:221)
	at ptolemy.actor.process.CompositeProcessDirector.initialize(CompositeProcessDirector.java:289)
	at ptolemy.domains.pn.kernel.PNDirector.initialize(PNDirector.java:241)
	at ptolemy.actor.CompositeActor.initialize(CompositeActor.java:935)
	at ptolemy.actor.Director.initialize(Director.java:938)
	at ptolemy.actor.Director.initialize(Director.java:907)
	at ptolemy.domains.de.kernel.DEDirector.initialize(DEDirector.java:944)
	at ptolemy.actor.CompositeActor.initialize(CompositeActor.java:935)
	at ptolemy.actor.Manager.initialize(Manager.java:724)
	at ptolemy.actor.Manager.execute(Manager.java:356)
	at ptolemy.actor.Manager.run(Manager.java:1263)
	at ptolemy.actor.Manager$PtolemyRunThread.run(Manager.java:1933)
Caused by: java.lang.ClassCastException: class ptolemy.domains.de.kernel.DEReceiver cannot be cast to class ptolemy.actor.process.ProcessReceiver (ptolemy.domains.de.kernel.DEReceiver and ptolemy.actor.process.ProcessReceiver are in unnamed module of loader 'app')
	at ptolemy.actor.process.BranchController.addBranches(BranchController.java:178)
	... 12 more
Warning: '.RemoveNilTokens.Test2' The test produced only 7 tokens, yet the correctValues parameter was expecting 8 tokens.
Warning: '.RemoveNilTokens.Test' The test produced only 10 tokens, yet the correctValues parameter was expecting 13 tokens.
]]></system-err>
</testsuite>
