<?xml version="1.0" encoding="UTF-8" ?>
<testsuite errors="0" failures="0" hostname="travis-job-22a5cbd9-a542-49bf-a1d1-30902ca1332b" name="ptolemy.domains.de.test.junit.JUnitTclTest" skipped="0" tests="101" time="121.322" timestamp="2020-10-13T15:47:45">
  <properties>
[...]
</properties>
  <testcase classname="ptolemy.util.test.junit.TclTests" name="[0] /home/travis/build/icyphy/ptII/ptolemy/domains/de/test/DependencyLoop.tcl (RunTclFile)" time="0.901" />
  <testcase classname="ptolemy.util.test.junit.TclTests" name="[1] /home/travis/build/icyphy/ptII/ptolemy/domains/de/test/RunDETestsAsQSS.tcl (RunTclFile)" time="81.27" />
  <testcase classname="ptolemy.util.test.junit.AutoKnownFailedTests" name="[0] /home/travis/build/icyphy/ptII/ptolemy/domains/de/test/auto/knownFailedTests/DESDFClockTest.xml (RunModel)" time="2.061" />
  <testcase classname="ptolemy.util.test.junit.AutoKnownFailedTests" name="[1] /home/travis/build/icyphy/ptII/ptolemy/domains/de/test/auto/knownFailedTests/DirectFeedback.xml (RunModel)" time="0.016" />
  <testcase classname="ptolemy.util.test.junit.AutoKnownFailedTests" name="[2] /home/travis/build/icyphy/ptII/ptolemy/domains/de/test/auto/knownFailedTests/FSMSource.xml (RunModel)" time="0.029" />
  <testcase classname="ptolemy.util.test.junit.AutoKnownFailedTests" name="[3] /home/travis/build/icyphy/ptII/ptolemy/domains/de/test/auto/knownFailedTests/HierarchicalModel.xml (RunModel)" time="0.045" />
  <testcase classname="ptolemy.util.test.junit.AutoKnownFailedTests" name="[4] /home/travis/build/icyphy/ptII/ptolemy/domains/de/test/auto/knownFailedTests/dependencyLoop.xml (RunModel)" time="0.042" />
  <testcase classname="ptolemy.util.test.junit.AutoKnownFailedTests" name="[5] /home/travis/build/icyphy/ptII/ptolemy/domains/de/test/auto/knownFailedTests/dependencyLoop2.xml (RunModel)" time="0.041" />
  <testcase classname="ptolemy.util.test.junit.AutoNameArchTests" name="[0] ThereAreNoAutoArchTests (RunModel)" time="0.001" />
  <testcase classname="ptolemy.util.test.junit.AutoTests" name="[0] /home/travis/build/icyphy/ptII/ptolemy/domains/de/test/auto/ActorDepthCalculation_actorWithoutPorts.xml (RunModel)" time="0.017" />
  <testcase classname="ptolemy.util.test.junit.AutoTests" name="[1] /home/travis/build/icyphy/ptII/ptolemy/domains/de/test/auto/AssemblyLine.xml (RunModel)" time="0.023" />
  <testcase classname="ptolemy.util.test.junit.AutoTests" name="[2] /home/travis/build/icyphy/ptII/ptolemy/domains/de/test/auto/CQBug1.xml (RunModel)" time="0.012" />
  <testcase classname="ptolemy.util.test.junit.AutoTests" name="[3] /home/travis/build/icyphy/ptII/ptolemy/domains/de/test/auto/CancelFireAt.xml (RunModel)" time="0.024" />
  <testcase classname="ptolemy.util.test.junit.AutoTests" name="[4] /home/travis/build/icyphy/ptII/ptolemy/domains/de/test/auto/CausalityAndComposabilityAnalysis.xml (RunModel)" time="0.01" />
  <testcase classname="ptolemy.util.test.junit.AutoTests" name="[5] /home/travis/build/icyphy/ptII/ptolemy/domains/de/test/auto/CausalityInterface1.xml (RunModel)" time="0.016" />
  <testcase classname="ptolemy.util.test.junit.AutoTests" name="[6] /home/travis/build/icyphy/ptII/ptolemy/domains/de/test/auto/CausalityInterface15.xml (RunModel)" time="0.015" />
  <testcase classname="ptolemy.util.test.junit.AutoTests" name="[7] /home/travis/build/icyphy/ptII/ptolemy/domains/de/test/auto/CausalityInterface2.xml (RunModel)" time="0.014" />
  <testcase classname="ptolemy.util.test.junit.AutoTests" name="[8] /home/travis/build/icyphy/ptII/ptolemy/domains/de/test/auto/CausalityInterface3.xml (RunModel)" time="0.016" />
  <testcase classname="ptolemy.util.test.junit.AutoTests" name="[9] /home/travis/build/icyphy/ptII/ptolemy/domains/de/test/auto/ClockDrift.xml (RunModel)" time="0.037" />
  <testcase classname="ptolemy.util.test.junit.AutoTests" name="[10] /home/travis/build/icyphy/ptII/ptolemy/domains/de/test/auto/ClockDriftAndValueChange.xml (RunModel)" time="0.029" />
  <testcase classname="ptolemy.util.test.junit.AutoTests" name="[11] /home/travis/build/icyphy/ptII/ptolemy/domains/de/test/auto/ClockDriftChange.xml (RunModel)" time="0.028" />
  <testcase classname="ptolemy.util.test.junit.AutoTests" name="[12] /home/travis/build/icyphy/ptII/ptolemy/domains/de/test/auto/ComposableCausalityAnalysis.xml (RunModel)" time="0.018" />
  <testcase classname="ptolemy.util.test.junit.AutoTests" name="[13] /home/travis/build/icyphy/ptII/ptolemy/domains/de/test/auto/DEFixedPointLimitation.xml (RunModel)" time="0.007" />
  <testcase classname="ptolemy.util.test.junit.AutoTests" name="[14] /home/travis/build/icyphy/ptII/ptolemy/domains/de/test/auto/DEScheduleTest.xml (RunModel)" time="0.017" />
  <testcase classname="ptolemy.util.test.junit.AutoTests" name="[15] /home/travis/build/icyphy/ptII/ptolemy/domains/de/test/auto/DEinDEwithStartTimes.xml (RunModel)" time="0.015" />
  <testcase classname="ptolemy.util.test.junit.AutoTests" name="[16] /home/travis/build/icyphy/ptII/ptolemy/domains/de/test/auto/DEinDEwithStartTimes2.xml (RunModel)" time="0.02" />
  <testcase classname="ptolemy.util.test.junit.AutoTests" name="[17] /home/travis/build/icyphy/ptII/ptolemy/domains/de/test/auto/DateDemo.xml (RunModel)" time="0.031" />
  <testcase classname="ptolemy.util.test.junit.AutoTests" name="[18] /home/travis/build/icyphy/ptII/ptolemy/domains/de/test/auto/DateToEvent.xml (RunModel)" time="2.049" />
  <testcase classname="ptolemy.util.test.junit.AutoTests" name="[19] /home/travis/build/icyphy/ptII/ptolemy/domains/de/test/auto/DepthTest1.xml (RunModel)" time="0.008" />
  <testcase classname="ptolemy.util.test.junit.AutoTests" name="[20] /home/travis/build/icyphy/ptII/ptolemy/domains/de/test/auto/DepthTest2.xml (RunModel)" time="0.016" />
  <testcase classname="ptolemy.util.test.junit.AutoTests" name="[21] /home/travis/build/icyphy/ptII/ptolemy/domains/de/test/auto/DepthTest3.xml (RunModel)" time="0.007" />
  <testcase classname="ptolemy.util.test.junit.AutoTests" name="[22] /home/travis/build/icyphy/ptII/ptolemy/domains/de/test/auto/DepthTest4.xml (RunModel)" time="0.01" />
  <testcase classname="ptolemy.util.test.junit.AutoTests" name="[23] /home/travis/build/icyphy/ptII/ptolemy/domains/de/test/auto/DepthTest5.xml (RunModel)" time="0.016" />
  <testcase classname="ptolemy.util.test.junit.AutoTests" name="[24] /home/travis/build/icyphy/ptII/ptolemy/domains/de/test/auto/DepthTest6.xml (RunModel)" time="0.011" />
  <testcase classname="ptolemy.util.test.junit.AutoTests" name="[25] /home/travis/build/icyphy/ptII/ptolemy/domains/de/test/auto/DepthTest7.xml (RunModel)" time="0.01" />
  <testcase classname="ptolemy.util.test.junit.AutoTests" name="[26] /home/travis/build/icyphy/ptII/ptolemy/domains/de/test/auto/EventToDate.xml (RunModel)" time="3.055" />
  <testcase classname="ptolemy.util.test.junit.AutoTests" name="[27] /home/travis/build/icyphy/ptII/ptolemy/domains/de/test/auto/FSM1.xml (RunModel)" time="0.042" />
  <testcase classname="ptolemy.util.test.junit.AutoTests" name="[28] /home/travis/build/icyphy/ptII/ptolemy/domains/de/test/auto/FSM7.xml (RunModel)" time="0.045" />
  <testcase classname="ptolemy.util.test.junit.AutoTests" name="[29] /home/travis/build/icyphy/ptII/ptolemy/domains/de/test/auto/Inspection.xml (RunModel)" time="0.041" />
  <testcase classname="ptolemy.util.test.junit.AutoTests" name="[30] /home/travis/build/icyphy/ptII/ptolemy/domains/de/test/auto/Iteration.xml (RunModel)" time="0.023" />
  <testcase classname="ptolemy.util.test.junit.AutoTests" name="[31] /home/travis/build/icyphy/ptII/ptolemy/domains/de/test/auto/LineFault.xml (RunModel)" time="0.52" />
  <testcase classname="ptolemy.util.test.junit.AutoTests" name="[32] /home/travis/build/icyphy/ptII/ptolemy/domains/de/test/auto/MergeModel1Add.xml (RunModel)" time="0.049" />
  <testcase classname="ptolemy.util.test.junit.AutoTests" name="[33] /home/travis/build/icyphy/ptII/ptolemy/domains/de/test/auto/MergeModel2Add.xml (RunModel)" time="0.035" />
  <testcase classname="ptolemy.util.test.junit.AutoTests" name="[34] /home/travis/build/icyphy/ptII/ptolemy/domains/de/test/auto/MergeModel3Add.xml (RunModel)" time="0.037" />
  <testcase classname="ptolemy.util.test.junit.AutoTests" name="[35] /home/travis/build/icyphy/ptII/ptolemy/domains/de/test/auto/MergeWithoutDiscard.xml (RunModel)" time="0.009" />
  <testcase classname="ptolemy.util.test.junit.AutoTests" name="[36] /home/travis/build/icyphy/ptII/ptolemy/domains/de/test/auto/Modal1.xml (RunModel)" time="0.032" />
  <testcase classname="ptolemy.util.test.junit.AutoTests" name="[37] /home/travis/build/icyphy/ptII/ptolemy/domains/de/test/auto/Modal2.xml (RunModel)" time="0.027" />
  <testcase classname="ptolemy.util.test.junit.AutoTests" name="[38] /home/travis/build/icyphy/ptII/ptolemy/domains/de/test/auto/Modal3.xml (RunModel)" time="0.033" />
  <testcase classname="ptolemy.util.test.junit.AutoTests" name="[39] /home/travis/build/icyphy/ptII/ptolemy/domains/de/test/auto/Modal4.xml (RunModel)" time="0.027" />
  <testcase classname="ptolemy.util.test.junit.AutoTests" name="[40] /home/travis/build/icyphy/ptII/ptolemy/domains/de/test/auto/Modal5.xml (RunModel)" time="0.027" />
  <testcase classname="ptolemy.util.test.junit.AutoTests" name="[41] /home/travis/build/icyphy/ptII/ptolemy/domains/de/test/auto/Modal6.xml (RunModel)" time="0.025" />
  <testcase classname="ptolemy.util.test.junit.AutoTests" name="[42] /home/travis/build/icyphy/ptII/ptolemy/domains/de/test/auto/Modal7.xml (RunModel)" time="0.025" />
  <testcase classname="ptolemy.util.test.junit.AutoTests" name="[43] /home/travis/build/icyphy/ptII/ptolemy/domains/de/test/auto/ModalModel.xml (RunModel)" time="0.186" />
  <testcase classname="ptolemy.util.test.junit.AutoTests" name="[44] /home/travis/build/icyphy/ptII/ptolemy/domains/de/test/auto/ModalSource.xml (RunModel)" time="0.022" />
  <testcase classname="ptolemy.util.test.junit.AutoTests" name="[45] /home/travis/build/icyphy/ptII/ptolemy/domains/de/test/auto/NonInterruptibleTimerZeroDelay.xml (RunModel)" time="0.012" />
  <testcase classname="ptolemy.util.test.junit.AutoTests" name="[46] /home/travis/build/icyphy/ptII/ptolemy/domains/de/test/auto/OpenQueueingNetwork.xml (RunModel)" time="2.495" />
  <testcase classname="ptolemy.util.test.junit.AutoTests" name="[47] /home/travis/build/icyphy/ptII/ptolemy/domains/de/test/auto/OpenQueuingNetwork.xml (RunModel)" time="0.289" />
  <testcase classname="ptolemy.util.test.junit.AutoTests" name="[48] /home/travis/build/icyphy/ptII/ptolemy/domains/de/test/auto/PeriodicSampler.xml (RunModel)" time="0.011" />
  <testcase classname="ptolemy.util.test.junit.AutoTests" name="[49] /home/travis/build/icyphy/ptII/ptolemy/domains/de/test/auto/PersistentIO.xml (RunModel)" time="0.016" />
  <testcase classname="ptolemy.util.test.junit.AutoTests" name="[50] /home/travis/build/icyphy/ptII/ptolemy/domains/de/test/auto/PortParameterResetOnInitialize.xml (RunModel)" time="0.009" />
  <testcase classname="ptolemy.util.test.junit.AutoTests" name="[51] /home/travis/build/icyphy/ptII/ptolemy/domains/de/test/auto/PortParameterUpdates.xml (RunModel)" time="0.015" />
  <testcase classname="ptolemy.util.test.junit.AutoTests" name="[52] /home/travis/build/icyphy/ptII/ptolemy/domains/de/test/auto/QueueAndServer.xml (RunModel)" time="0.023" />
  <testcase classname="ptolemy.util.test.junit.AutoTests" name="[53] /home/travis/build/icyphy/ptII/ptolemy/domains/de/test/auto/Records.xml (RunModel)" time="0.015" />
  <testcase classname="ptolemy.util.test.junit.AutoTests" name="[54] /home/travis/build/icyphy/ptII/ptolemy/domains/de/test/auto/ResetTransitionWithStartTime1.xml (RunModel)" time="0.016" />
  <testcase classname="ptolemy.util.test.junit.AutoTests" name="[55] /home/travis/build/icyphy/ptII/ptolemy/domains/de/test/auto/ResetTransitionWithStartTime2.xml (RunModel)" time="0.017" />
  <testcase classname="ptolemy.util.test.junit.AutoTests" name="[56] /home/travis/build/icyphy/ptII/ptolemy/domains/de/test/auto/ResetTransitionWithStartTime3.xml (RunModel)" time="0.016" />
  <testcase classname="ptolemy.util.test.junit.AutoTests" name="[57] /home/travis/build/icyphy/ptII/ptolemy/domains/de/test/auto/ResetTransitionWithStartTime4.xml (RunModel)" time="0.015" />
  <testcase classname="ptolemy.util.test.junit.AutoTests" name="[58] /home/travis/build/icyphy/ptII/ptolemy/domains/de/test/auto/ResettableTimer1.xml (RunModel)" time="0.009" />
  <testcase classname="ptolemy.util.test.junit.AutoTests" name="[59] /home/travis/build/icyphy/ptII/ptolemy/domains/de/test/auto/ResettableTimer2.xml (RunModel)" time="0.008" />
  <testcase classname="ptolemy.util.test.junit.AutoTests" name="[60] /home/travis/build/icyphy/ptII/ptolemy/domains/de/test/auto/ResettableTimer3.xml (RunModel)" time="0.007" />
  <testcase classname="ptolemy.util.test.junit.AutoTests" name="[61] /home/travis/build/icyphy/ptII/ptolemy/domains/de/test/auto/ResettableTimer4.xml (RunModel)" time="0.008" />
  <testcase classname="ptolemy.util.test.junit.AutoTests" name="[62] /home/travis/build/icyphy/ptII/ptolemy/domains/de/test/auto/ResettableTimer5.xml (RunModel)" time="0.008" />
  <testcase classname="ptolemy.util.test.junit.AutoTests" name="[63] /home/travis/build/icyphy/ptII/ptolemy/domains/de/test/auto/ResettableTimer6.xml (RunModel)" time="0.018" />
  <testcase classname="ptolemy.util.test.junit.AutoTests" name="[64] /home/travis/build/icyphy/ptII/ptolemy/domains/de/test/auto/ServerZeroDelay.xml (RunModel)" time="0.008" />
  <testcase classname="ptolemy.util.test.junit.AutoTests" name="[65] /home/travis/build/icyphy/ptII/ptolemy/domains/de/test/auto/SmartSender.xml (RunModel)" time="3.007" />
  <testcase classname="ptolemy.util.test.junit.AutoTests" name="[66] /home/travis/build/icyphy/ptII/ptolemy/domains/de/test/auto/ThreadedComposite.xml (RunModel)" time="0.137" />
  <testcase classname="ptolemy.util.test.junit.AutoTests" name="[67] /home/travis/build/icyphy/ptII/ptolemy/domains/de/test/auto/Time.xml (RunModel)" time="0.383" />
  <testcase classname="ptolemy.util.test.junit.AutoTests" name="[68] /home/travis/build/icyphy/ptII/ptolemy/domains/de/test/auto/TimeDelayZeroDelay.xml (RunModel)" time="0.01" />
  <testcase classname="ptolemy.util.test.junit.AutoTests" name="[69] /home/travis/build/icyphy/ptII/ptolemy/domains/de/test/auto/TimerZeroDelay.xml (RunModel)" time="0.009" />
  <testcase classname="ptolemy.util.test.junit.AutoTests" name="[70] /home/travis/build/icyphy/ptII/ptolemy/domains/de/test/auto/TimingParadox.xml (RunModel)" time="0.318" />
  <testcase classname="ptolemy.util.test.junit.AutoTests" name="[71] /home/travis/build/icyphy/ptII/ptolemy/domains/de/test/auto/TransferInputs.xml (RunModel)" time="0.016" />
  <testcase classname="ptolemy.util.test.junit.AutoTests" name="[72] /home/travis/build/icyphy/ptII/ptolemy/domains/de/test/auto/TransferOutputs2.xml (RunModel)" time="0.013" />
  <testcase classname="ptolemy.util.test.junit.AutoTests" name="[73] /home/travis/build/icyphy/ptII/ptolemy/domains/de/test/auto/Trilateration.xml (RunModel)" time="10.807" />
  <testcase classname="ptolemy.util.test.junit.AutoTests" name="[74] /home/travis/build/icyphy/ptII/ptolemy/domains/de/test/auto/TwoSigmaDelta.xml (RunModel)" time="1.894" />
  <testcase classname="ptolemy.util.test.junit.AutoTests" name="[75] /home/travis/build/icyphy/ptII/ptolemy/domains/de/test/auto/VariableDelay.xml (RunModel)" time="0.016" />
  <testcase classname="ptolemy.util.test.junit.AutoTests" name="[76] /home/travis/build/icyphy/ptII/ptolemy/domains/de/test/auto/VariableDelay2.xml (RunModel)" time="0.009" />
  <testcase classname="ptolemy.util.test.junit.AutoTests" name="[77] /home/travis/build/icyphy/ptII/ptolemy/domains/de/test/auto/VariableDelayZeroDelay.xml (RunModel)" time="0.011" />
  <testcase classname="ptolemy.util.test.junit.AutoTests" name="[78] /home/travis/build/icyphy/ptII/ptolemy/domains/de/test/auto/VariableDelayZeroDelay2.xml (RunModel)" time="0.008" />
  <testcase classname="ptolemy.util.test.junit.AutoTests" name="[79] /home/travis/build/icyphy/ptII/ptolemy/domains/de/test/auto/deInCt.xml (RunModel)" time="0.013" />
  <testcase classname="ptolemy.util.test.junit.AutoTests" name="[80] /home/travis/build/icyphy/ptII/ptolemy/domains/de/test/auto/deInCt2.xml (RunModel)" time="0.021" />
  <testcase classname="ptolemy.util.test.junit.AutoTests" name="[81] /home/travis/build/icyphy/ptII/ptolemy/domains/de/test/auto/dynamicCausalityInterface1.xml (RunModel)" time="0.024" />
  <testcase classname="ptolemy.util.test.junit.AutoTests" name="[82] /home/travis/build/icyphy/ptII/ptolemy/domains/de/test/auto/fsm_de_test.xml (RunModel)" time="0.018" />
  <testcase classname="ptolemy.util.test.junit.AutoTests" name="[83] /home/travis/build/icyphy/ptII/ptolemy/domains/de/test/auto/functionDependencyReconstruction.xml (RunModel)" time="0.033" />
  <testcase classname="ptolemy.util.test.junit.AutoTests" name="[84] /home/travis/build/icyphy/ptII/ptolemy/domains/de/test/auto/multirate.xml (RunModel)" time="0.012" />
  <testcase classname="ptolemy.util.test.junit.AutoTests" name="[85] /home/travis/build/icyphy/ptII/ptolemy/domains/de/test/auto/multirate2.xml (RunModel)" time="0.014" />
  <testcase classname="ptolemy.util.test.junit.AutoTests" name="[86] /home/travis/build/icyphy/ptII/ptolemy/domains/de/test/auto/realtime.xml (RunModel)" time="10.008" />
  <testcase classname="ptolemy.util.test.junit.AutoTests" name="[87] /home/travis/build/icyphy/ptII/ptolemy/domains/de/test/auto/relationGroup.xml (RunModel)" time="0.013" />
  <testcase classname="ptolemy.util.test.junit.AutoTests" name="[88] /home/travis/build/icyphy/ptII/ptolemy/domains/de/test/auto/relationGroup2.xml (RunModel)" time="0.007" />
  <testcase classname="ptolemy.util.test.junit.AutoTests" name="[89] /home/travis/build/icyphy/ptII/ptolemy/domains/de/test/auto/sortWithOpaquePorts.xml (RunModel)" time="0.015" />
  <testcase classname="ptolemy.util.test.junit.AutoTests" name="[90] /home/travis/build/icyphy/ptII/ptolemy/domains/de/test/auto/transferInputsandOutputs.xml (RunModel)" time="0.019" />
  <testcase classname="ptolemy.util.test.junit.AutoTests" name="[91] /home/travis/build/icyphy/ptII/ptolemy/domains/de/test/auto/triggerType.xml (RunModel)" time="0.009" />
  <system-out><![CDATA[/home/travis/build/icyphy/ptII/ptolemy/domains/de/test/DependencyLoop.tcl
testDefs.tcl: setting time out to 9000 seconds at Tue Oct 13 15:47:45 UTC 2020
63 ms. Memory: 129024K Free: 78792K (61%)
12 ms. Memory: 129024K Free: 61384K (48%)
/home/travis/build/icyphy/ptII/ptolemy/domains/de/test/RunDETestsAsQSS.tcl
Run the DE tests using ptolemy.domains.qss.test.QSSDirectorTest, which extends QSSDirector and prints a message in the constructors.
------------------ testing $PTII/ptolemy/domains/de/test/auto/knownFailedTests/DirectFeedback.xml (Known Failure) 
54 ms. Memory: 129024K Free: 56264K (44%)


==== $PTIIhome/travis/build/icyphy/ptII/ptolemy/domains/de/test/../../../../: Auto Automatic test in file $PTII/ptolemy/domains/de/test/auto/knownFailedTests/DirectFeedback.xml
==== Contents of test case:

	    # FIXME: we should use $relativeFilename here, but it
	    # might have backslashes under Windows, which causes no end
	    # of trouble.
	    createAndExecute $file
	    list {}
	
.... Test generated KNOWN error:
    while executing
ptolemy.kernel.util.IllegalActionException: Test fails in iteration 1.
Value was: 1.0. Should have been: 2.0
  in .DirectFeedback.Test
	at ptolemy.actor.lib.Test.fire(Test.java:268)
	at ptolemy.domains.de.kernel.DEDirector._fire(DEDirector.java:1949)
	at ptolemy.domains.de.kernel.DEDirector.fire(DEDirector.java:502)
	at ptolemy.actor.CompositeActor.fire(CompositeActor.java:455)
	at ptolemy.actor.Manager.iterate(Manager.java:851)
	at ptolemy.actor.Manager.execute(Manager.java:369)
	at ptolemy.actor.Manager.run(Manager.java:1263)
	at ptolemy.actor.Manager$PtolemyRunThread.run(Manager.java:1933)

    while executing
ptolemy.kernel.util.IllegalActionException: Test fails in iteration 1.
Value was: 1.0. Should have been: 2.0
  in .DirectFeedback.Test
    while executing
"java::new ptolemy.moml.MoMLSimpleApplication $file
"
    (procedure "createAndExecute" line 2)
    invoked from within
"createAndExecute $file"
    ("uplevel" body line 5)
    invoked from within
"uplevel $contents_of_test"
------------------ testing $PTII/ptolemy/domains/de/test/auto/knownFailedTests/dependencyLoop.xml (Known Failure) 
13 ms. Memory: 129024K Free: 53192K (41%)


==== $PTIIhome/travis/build/icyphy/ptII/ptolemy/domains/de/test/../../../../: Auto Automatic test in file $PTII/ptolemy/domains/de/test/auto/knownFailedTests/dependencyLoop.xml
==== Contents of test case:

	    # FIXME: we should use $relativeFilename here, but it
	    # might have backslashes under Windows, which causes no end
	    # of trouble.
	    createAndExecute $file
	    list {}
	
.... Test generated KNOWN error:
    while executing
ptolemy.kernel.util.IllegalActionException: Found a zero delay loop containing .dependencyLoop.original
  in .dependencyLoop and .dependencyLoop.original
	at ptolemy.actor.util.CausalityInterfaceForComposites._computeOutputPortDepth(CausalityInterfaceForComposites.java:759)
	at ptolemy.actor.util.CausalityInterfaceForComposites._computeInputDepth(CausalityInterfaceForComposites.java:696)
	at ptolemy.actor.util.CausalityInterfaceForComposites._computeOutputPortDepth(CausalityInterfaceForComposites.java:765)
	at ptolemy.actor.util.CausalityInterfaceForComposites._computeInputDepth(CausalityInterfaceForComposites.java:696)
	at ptolemy.actor.util.CausalityInterfaceForComposites._computeOutputPortDepth(CausalityInterfaceForComposites.java:765)
	at ptolemy.actor.util.CausalityInterfaceForComposites._computeInputDepth(CausalityInterfaceForComposites.java:696)
	at ptolemy.actor.util.CausalityInterfaceForComposites._computeActorDepth(CausalityInterfaceForComposites.java:532)
	at ptolemy.actor.util.CausalityInterfaceForComposites.checkForCycles(CausalityInterfaceForComposites.java:96)
	at ptolemy.domains.de.kernel.DEDirector.preinitialize(DEDirector.java:1338)
	at ptolemy.actor.CompositeActor.preinitialize(CompositeActor.java:1828)
	at ptolemy.actor.Manager.preinitializeAndResolveTypes(Manager.java:1040)
	at ptolemy.actor.Manager.initialize(Manager.java:710)
	at ptolemy.actor.Manager.execute(Manager.java:356)
	at ptolemy.actor.Manager.run(Manager.java:1263)
	at ptolemy.actor.Manager$PtolemyRunThread.run(Manager.java:1933)

    while executing
ptolemy.kernel.util.IllegalActionException: Found a zero delay loop containing .dependencyLoop.original
  in .dependencyLoop and .dependencyLoop.original
    while executing
"java::new ptolemy.moml.MoMLSimpleApplication $file
"
    (procedure "createAndExecute" line 2)
    invoked from within
"createAndExecute $file"
    ("uplevel" body line 5)
    invoked from within
"uplevel $contents_of_test"
------------------ testing $PTII/ptolemy/domains/de/test/auto/knownFailedTests/FSMSource.xml (Known Failure) 
60 ms. Memory: 129024K Free: 111488K (86%)
!!!! Auto was marked as failing, but now passes
------------------ testing $PTII/ptolemy/domains/de/test/auto/knownFailedTests/HierarchicalModel.xml (Known Failure) 
8 ms. Memory: 129024K Free: 94024K (73%)


==== $PTIIhome/travis/build/icyphy/ptII/ptolemy/domains/de/test/../../../../: Auto Automatic test in file $PTII/ptolemy/domains/de/test/auto/knownFailedTests/HierarchicalModel.xml
==== Contents of test case:

	    # FIXME: we should use $relativeFilename here, but it
	    # might have backslashes under Windows, which causes no end
	    # of trouble.
	    createAndExecute $file
	    list {}
	
.... Test generated KNOWN error:
    while executing
ptolemy.kernel.util.IllegalActionException: Found a zero delay loop containing .HierarchicalModel.A
  in .HierarchicalModel and .HierarchicalModel.A
	at ptolemy.actor.util.CausalityInterfaceForComposites._computeOutputPortDepth(CausalityInterfaceForComposites.java:759)
	at ptolemy.actor.util.CausalityInterfaceForComposites._computeInputDepth(CausalityInterfaceForComposites.java:696)
	at ptolemy.actor.util.CausalityInterfaceForComposites._computeOutputPortDepth(CausalityInterfaceForComposites.java:765)
	at ptolemy.actor.util.CausalityInterfaceForComposites._computeInputDepth(CausalityInterfaceForComposites.java:696)
	at ptolemy.actor.util.CausalityInterfaceForComposites._computeOutputPortDepth(CausalityInterfaceForComposites.java:765)
	at ptolemy.actor.util.CausalityInterfaceForComposites._computeInputDepth(CausalityInterfaceForComposites.java:696)
	at ptolemy.actor.util.CausalityInterfaceForComposites._computeActorDepth(CausalityInterfaceForComposites.java:532)
	at ptolemy.actor.util.CausalityInterfaceForComposites.checkForCycles(CausalityInterfaceForComposites.java:96)
	at ptolemy.domains.de.kernel.DEDirector.preinitialize(DEDirector.java:1338)
	at ptolemy.actor.CompositeActor.preinitialize(CompositeActor.java:1828)
	at ptolemy.actor.Manager.preinitializeAndResolveTypes(Manager.java:1040)
	at ptolemy.actor.Manager.initialize(Manager.java:710)
	at ptolemy.actor.Manager.execute(Manager.java:356)
	at ptolemy.actor.Manager.run(Manager.java:1263)
	at ptolemy.actor.Manager$PtolemyRunThread.run(Manager.java:1933)

    while executing
ptolemy.kernel.util.IllegalActionException: Found a zero delay loop containing .HierarchicalModel.A
  in .HierarchicalModel and .HierarchicalModel.A
    while executing
"java::new ptolemy.moml.MoMLSimpleApplication $file
"
    (procedure "createAndExecute" line 2)
    invoked from within
"createAndExecute $file"
    ("uplevel" body line 5)
    invoked from within
"uplevel $contents_of_test"
------------------ testing $PTII/ptolemy/domains/de/test/auto/knownFailedTests/dependencyLoop2.xml (Known Failure) 
12 ms. Memory: 129024K Free: 78146K (61%)


==== $PTIIhome/travis/build/icyphy/ptII/ptolemy/domains/de/test/../../../../: Auto Automatic test in file $PTII/ptolemy/domains/de/test/auto/knownFailedTests/dependencyLoop2.xml
==== Contents of test case:

	    # FIXME: we should use $relativeFilename here, but it
	    # might have backslashes under Windows, which causes no end
	    # of trouble.
	    createAndExecute $file
	    list {}
	
.... Test generated KNOWN error:
    while executing
ptolemy.kernel.util.IllegalActionException: Found a zero delay loop containing .dependencyLoop2.original
  in .dependencyLoop2 and .dependencyLoop2.original
	at ptolemy.actor.util.CausalityInterfaceForComposites._computeOutputPortDepth(CausalityInterfaceForComposites.java:759)
	at ptolemy.actor.util.CausalityInterfaceForComposites._computeInputDepth(CausalityInterfaceForComposites.java:696)
	at ptolemy.actor.util.CausalityInterfaceForComposites._computeOutputPortDepth(CausalityInterfaceForComposites.java:765)
	at ptolemy.actor.util.CausalityInterfaceForComposites._computeInputDepth(CausalityInterfaceForComposites.java:696)
	at ptolemy.actor.util.CausalityInterfaceForComposites._computeOutputPortDepth(CausalityInterfaceForComposites.java:765)
	at ptolemy.actor.util.CausalityInterfaceForComposites._computeInputDepth(CausalityInterfaceForComposites.java:696)
	at ptolemy.actor.util.CausalityInterfaceForComposites._computeActorDepth(CausalityInterfaceForComposites.java:532)
	at ptolemy.actor.util.CausalityInterfaceForComposites.checkForCycles(CausalityInterfaceForComposites.java:96)
	at ptolemy.domains.de.kernel.DEDirector.preinitialize(DEDirector.java:1338)
	at ptolemy.actor.CompositeActor.preinitialize(CompositeActor.java:1828)
	at ptolemy.actor.Manager.preinitializeAndResolveTypes(Manager.java:1040)
	at ptolemy.actor.Manager.initialize(Manager.java:710)
	at ptolemy.actor.Manager.execute(Manager.java:356)
	at ptolemy.actor.Manager.run(Manager.java:1263)
	at ptolemy.actor.Manager$PtolemyRunThread.run(Manager.java:1933)

    while executing
ptolemy.kernel.util.IllegalActionException: Found a zero delay loop containing .dependencyLoop2.original
  in .dependencyLoop2 and .dependencyLoop2.original
    while executing
"java::new ptolemy.moml.MoMLSimpleApplication $file
"
    (procedure "createAndExecute" line 2)
    invoked from within
"createAndExecute $file"
    ("uplevel" body line 5)
    invoked from within
"uplevel $contents_of_test"
------------------ testing $PTII/ptolemy/domains/de/test/auto/knownFailedTests/DESDFClockTest.xml (Known Failure) 
2055 ms. Memory: 129024K Free: 108622K (84%)


==== $PTIIhome/travis/build/icyphy/ptII/ptolemy/domains/de/test/../../../../: Auto Automatic test in file $PTII/ptolemy/domains/de/test/auto/knownFailedTests/DESDFClockTest.xml
==== Contents of test case:

	    # FIXME: we should use $relativeFilename here, but it
	    # might have backslashes under Windows, which causes no end
	    # of trouble.
	    createAndExecute $file
	    list {}
	
.... Test generated KNOWN error:
    while executing
ptolemy.kernel.util.IllegalActionException: Actor is not ready to fire.  Perhaps UpSample.prefire() returned false? Try debugging the actor by selecting "Listen to Actor".  Also, for SDF check moml for tokenConsumptionRate on input.
  in .DESDFClockTest.Play Bell.Copy1:SDF Director and .DESDFClockTest.Play Bell.UpSample
	at ptolemy.actor.sched.StaticSchedulingDirector.fire(StaticSchedulingDirector.java:227)
	at ptolemy.domains.sdf.kernel.SDFDirector.fire(SDFDirector.java:500)
	at ptolemy.actor.CompositeActor.fire(CompositeActor.java:455)
	at ptolemy.domains.de.kernel.DEDirector._fire(DEDirector.java:1949)
	at ptolemy.domains.de.kernel.DEDirector.fire(DEDirector.java:502)
	at ptolemy.actor.CompositeActor.fire(CompositeActor.java:455)
	at ptolemy.actor.Manager.iterate(Manager.java:851)
	at ptolemy.actor.Manager.execute(Manager.java:369)
	at ptolemy.actor.Manager.run(Manager.java:1263)
	at ptolemy.actor.Manager$PtolemyRunThread.run(Manager.java:1933)

    while executing
ptolemy.kernel.util.IllegalActionException: Actor is not ready to fire.  Perhaps UpSample.prefire() returned false? Try debugging the actor by selecting "Listen to Actor".  Also, for SDF check moml for tokenConsumptionRate on input.
  in .DESDFClockTest.Play Bell.Copy1:SDF Director and .DESDFClockTest.Play Bell.UpSample
    while executing
"java::new ptolemy.moml.MoMLSimpleApplication $file
"
    (procedure "createAndExecute" line 2)
    invoked from within
"createAndExecute $file"
    ("uplevel" body line 5)
    invoked from within
"uplevel $contents_of_test"
------------------ testing $PTII/ptolemy/domains/de/test/auto/ActorDepthCalculation_actorWithoutPorts.xml
auto.tcl: Setting watchdog for 200 seconds at Tue Oct 13 15:47:49 UTC 2020
4 ms. Memory: 129024K Free: 100944K (78%)
ptolemy.util.test.WatchDog.cancel(): canceling Tue Oct 13 15:47:49 UTC 2020
auto.tcl: Setting watchdog for 200 seconds at Tue Oct 13 15:47:49 UTC 2020
5 ms. Memory: 129024K Free: 99920K (77%)
ptolemy.util.test.WatchDog.cancel(): canceling Tue Oct 13 15:47:49 UTC 2020
------------------ testing $PTII/ptolemy/domains/de/test/auto/AssemblyLine.xml
auto.tcl: Setting watchdog for 200 seconds at Tue Oct 13 15:47:49 UTC 2020
13 ms. Memory: 51200K Free: 28194K (55%)
ptolemy.util.test.WatchDog.cancel(): canceling Tue Oct 13 15:47:49 UTC 2020
auto.tcl: Setting watchdog for 200 seconds at Tue Oct 13 15:47:49 UTC 2020
6 ms. Memory: 51200K Free: 27289K (53%)
ptolemy.util.test.WatchDog.cancel(): canceling Tue Oct 13 15:47:49 UTC 2020
------------------ testing $PTII/ptolemy/domains/de/test/auto/CQBug1.xml
auto.tcl: Setting watchdog for 200 seconds at Tue Oct 13 15:47:49 UTC 2020
2 ms. Memory: 51200K Free: 32804K (64%)
ptolemy.util.test.WatchDog.cancel(): canceling Tue Oct 13 15:47:50 UTC 2020
auto.tcl: Setting watchdog for 200 seconds at Tue Oct 13 15:47:50 UTC 2020
2 ms. Memory: 51200K Free: 32804K (64%)
ptolemy.util.test.WatchDog.cancel(): canceling Tue Oct 13 15:47:50 UTC 2020
------------------ testing $PTII/ptolemy/domains/de/test/auto/CancelFireAt.xml
auto.tcl: Setting watchdog for 200 seconds at Tue Oct 13 15:47:50 UTC 2020
4 ms. Memory: 51200K Free: 34565K (68%)
ptolemy.util.test.WatchDog.cancel(): canceling Tue Oct 13 15:47:50 UTC 2020
auto.tcl: Setting watchdog for 200 seconds at Tue Oct 13 15:47:50 UTC 2020
1 ms. Memory: 51200K Free: 34098K (67%)
ptolemy.util.test.WatchDog.cancel(): canceling Tue Oct 13 15:47:50 UTC 2020
------------------ testing $PTII/ptolemy/domains/de/test/auto/CausalityAndComposabilityAnalysis.xml
auto.tcl: Setting watchdog for 200 seconds at Tue Oct 13 15:47:50 UTC 2020
5 ms. Memory: 51200K Free: 32391K (63%)
ptolemy.util.test.WatchDog.cancel(): canceling Tue Oct 13 15:47:50 UTC 2020
auto.tcl: Setting watchdog for 200 seconds at Tue Oct 13 15:47:50 UTC 2020
5 ms. Memory: 51200K Free: 31963K (62%)
ptolemy.util.test.WatchDog.cancel(): canceling Tue Oct 13 15:47:50 UTC 2020
------------------ testing $PTII/ptolemy/domains/de/test/auto/CausalityInterface1.xml
auto.tcl: Setting watchdog for 200 seconds at Tue Oct 13 15:47:50 UTC 2020
13 ms. Memory: 51200K Free: 31102K (61%)
ptolemy.util.test.WatchDog.cancel(): canceling Tue Oct 13 15:47:50 UTC 2020
auto.tcl: Setting watchdog for 200 seconds at Tue Oct 13 15:47:50 UTC 2020
3 ms. Memory: 51200K Free: 30396K (59%)
ptolemy.util.test.WatchDog.cancel(): canceling Tue Oct 13 15:47:50 UTC 2020
------------------ testing $PTII/ptolemy/domains/de/test/auto/CausalityInterface15.xml
auto.tcl: Setting watchdog for 200 seconds at Tue Oct 13 15:47:50 UTC 2020
6 ms. Memory: 51200K Free: 31525K (62%)
ptolemy.util.test.WatchDog.cancel(): canceling Tue Oct 13 15:47:50 UTC 2020
auto.tcl: Setting watchdog for 200 seconds at Tue Oct 13 15:47:50 UTC 2020
4 ms. Memory: 51200K Free: 30339K (59%)
ptolemy.util.test.WatchDog.cancel(): canceling Tue Oct 13 15:47:50 UTC 2020
------------------ testing $PTII/ptolemy/domains/de/test/auto/CausalityInterface2.xml
auto.tcl: Setting watchdog for 200 seconds at Tue Oct 13 15:47:50 UTC 2020
4 ms. Memory: 51200K Free: 32007K (63%)
ptolemy.util.test.WatchDog.cancel(): canceling Tue Oct 13 15:47:50 UTC 2020
auto.tcl: Setting watchdog for 200 seconds at Tue Oct 13 15:47:50 UTC 2020
5 ms. Memory: 51200K Free: 31355K (61%)
ptolemy.util.test.WatchDog.cancel(): canceling Tue Oct 13 15:47:50 UTC 2020
------------------ testing $PTII/ptolemy/domains/de/test/auto/CausalityInterface3.xml
auto.tcl: Setting watchdog for 200 seconds at Tue Oct 13 15:47:50 UTC 2020
6 ms. Memory: 51200K Free: 31551K (62%)
ptolemy.util.test.WatchDog.cancel(): canceling Tue Oct 13 15:47:50 UTC 2020
auto.tcl: Setting watchdog for 200 seconds at Tue Oct 13 15:47:50 UTC 2020
5 ms. Memory: 51200K Free: 31067K (61%)
ptolemy.util.test.WatchDog.cancel(): canceling Tue Oct 13 15:47:50 UTC 2020
------------------ testing $PTII/ptolemy/domains/de/test/auto/ClockDrift.xml
auto.tcl: Setting watchdog for 200 seconds at Tue Oct 13 15:47:50 UTC 2020
82 ms. Memory: 51200K Free: 24134K (47%)
ptolemy.util.test.WatchDog.cancel(): canceling Tue Oct 13 15:47:50 UTC 2020
auto.tcl: Setting watchdog for 200 seconds at Tue Oct 13 15:47:50 UTC 2020
56 ms. Memory: 51200K Free: 21127K (41%)
ptolemy.util.test.WatchDog.cancel(): canceling Tue Oct 13 15:47:50 UTC 2020
------------------ testing $PTII/ptolemy/domains/de/test/auto/ClockDriftAndValueChange.xml
auto.tcl: Setting watchdog for 200 seconds at Tue Oct 13 15:47:50 UTC 2020
37 ms. Memory: 51200K Free: 24513K (48%)
ptolemy.util.test.WatchDog.cancel(): canceling Tue Oct 13 15:47:50 UTC 2020
auto.tcl: Setting watchdog for 200 seconds at Tue Oct 13 15:47:50 UTC 2020
27 ms. Memory: 51200K Free: 21441K (42%)
ptolemy.util.test.WatchDog.cancel(): canceling Tue Oct 13 15:47:50 UTC 2020
------------------ testing $PTII/ptolemy/domains/de/test/auto/ClockDriftChange.xml
auto.tcl: Setting watchdog for 200 seconds at Tue Oct 13 15:47:50 UTC 2020
22 ms. Memory: 51200K Free: 26018K (51%)
ptolemy.util.test.WatchDog.cancel(): canceling Tue Oct 13 15:47:50 UTC 2020
auto.tcl: Setting watchdog for 200 seconds at Tue Oct 13 15:47:50 UTC 2020
26 ms. Memory: 51200K Free: 23638K (46%)
ptolemy.util.test.WatchDog.cancel(): canceling Tue Oct 13 15:47:50 UTC 2020
------------------ testing $PTII/ptolemy/domains/de/test/auto/ComposableCausalityAnalysis.xml
auto.tcl: Setting watchdog for 200 seconds at Tue Oct 13 15:47:50 UTC 2020
2 ms. Memory: 51200K Free: 30825K (60%)
ptolemy.util.test.WatchDog.cancel(): canceling Tue Oct 13 15:47:51 UTC 2020
auto.tcl: Setting watchdog for 200 seconds at Tue Oct 13 15:47:51 UTC 2020
2 ms. Memory: 51200K Free: 29783K (58%)
ptolemy.util.test.WatchDog.cancel(): canceling Tue Oct 13 15:47:51 UTC 2020
------------------ testing $PTII/ptolemy/domains/de/test/auto/DEFixedPointLimitation.xml
auto.tcl: Setting watchdog for 200 seconds at Tue Oct 13 15:47:51 UTC 2020
2 ms. Memory: 51200K Free: 32170K (63%)
ptolemy.util.test.WatchDog.cancel(): canceling Tue Oct 13 15:47:51 UTC 2020
auto.tcl: Setting watchdog for 200 seconds at Tue Oct 13 15:47:51 UTC 2020
2 ms. Memory: 51200K Free: 31318K (61%)
ptolemy.util.test.WatchDog.cancel(): canceling Tue Oct 13 15:47:51 UTC 2020
------------------ testing $PTII/ptolemy/domains/de/test/auto/DEScheduleTest.xml
auto.tcl: Setting watchdog for 200 seconds at Tue Oct 13 15:47:51 UTC 2020
6 ms. Memory: 51200K Free: 32581K (64%)
ptolemy.util.test.WatchDog.cancel(): canceling Tue Oct 13 15:47:51 UTC 2020
auto.tcl: Setting watchdog for 200 seconds at Tue Oct 13 15:47:51 UTC 2020
2 ms. Memory: 51200K Free: 31826K (62%)
ptolemy.util.test.WatchDog.cancel(): canceling Tue Oct 13 15:47:51 UTC 2020
------------------ testing $PTII/ptolemy/domains/de/test/auto/DEinDEwithStartTimes.xml
auto.tcl: Setting watchdog for 200 seconds at Tue Oct 13 15:47:51 UTC 2020
7 ms. Memory: 51200K Free: 30752K (60%)
ptolemy.util.test.WatchDog.cancel(): canceling Tue Oct 13 15:47:51 UTC 2020
auto.tcl: Setting watchdog for 200 seconds at Tue Oct 13 15:47:51 UTC 2020
5 ms. Memory: 51200K Free: 29886K (58%)
ptolemy.util.test.WatchDog.cancel(): canceling Tue Oct 13 15:47:51 UTC 2020
------------------ testing $PTII/ptolemy/domains/de/test/auto/DEinDEwithStartTimes2.xml
auto.tcl: Setting watchdog for 200 seconds at Tue Oct 13 15:47:51 UTC 2020
4 ms. Memory: 51200K Free: 29868K (58%)
ptolemy.util.test.WatchDog.cancel(): canceling Tue Oct 13 15:47:51 UTC 2020
auto.tcl: Setting watchdog for 200 seconds at Tue Oct 13 15:47:51 UTC 2020
3 ms. Memory: 51200K Free: 28843K (56%)
ptolemy.util.test.WatchDog.cancel(): canceling Tue Oct 13 15:47:51 UTC 2020
------------------ testing $PTII/ptolemy/domains/de/test/auto/DateDemo.xml
auto.tcl: Setting watchdog for 200 seconds at Tue Oct 13 15:47:51 UTC 2020
11 ms. Memory: 51200K Free: 24026K (47%)
ptolemy.util.test.WatchDog.cancel(): canceling Tue Oct 13 15:47:51 UTC 2020
auto.tcl: Setting watchdog for 200 seconds at Tue Oct 13 15:47:51 UTC 2020
4 ms. Memory: 51200K Free: 22670K (44%)
ptolemy.util.test.WatchDog.cancel(): canceling Tue Oct 13 15:47:51 UTC 2020
------------------ testing $PTII/ptolemy/domains/de/test/auto/DateToEvent.xml
auto.tcl: Setting watchdog for 200 seconds at Tue Oct 13 15:47:51 UTC 2020
2015 ms. Memory: 51200K Free: 20244K (40%)
ptolemy.util.test.WatchDog.cancel(): canceling Tue Oct 13 15:47:53 UTC 2020
auto.tcl: Setting watchdog for 200 seconds at Tue Oct 13 15:47:53 UTC 2020
2004 ms. Memory: 51200K Free: 19399K (38%)
ptolemy.util.test.WatchDog.cancel(): canceling Tue Oct 13 15:47:55 UTC 2020
------------------ testing $PTII/ptolemy/domains/de/test/auto/DepthTest1.xml
auto.tcl: Setting watchdog for 200 seconds at Tue Oct 13 15:47:55 UTC 2020
2 ms. Memory: 51200K Free: 33429K (65%)
ptolemy.util.test.WatchDog.cancel(): canceling Tue Oct 13 15:47:55 UTC 2020
auto.tcl: Setting watchdog for 200 seconds at Tue Oct 13 15:47:55 UTC 2020
1 ms. Memory: 51200K Free: 32943K (64%)
ptolemy.util.test.WatchDog.cancel(): canceling Tue Oct 13 15:47:55 UTC 2020
------------------ testing $PTII/ptolemy/domains/de/test/auto/DepthTest2.xml
auto.tcl: Setting watchdog for 200 seconds at Tue Oct 13 15:47:55 UTC 2020
8 ms. Memory: 51200K Free: 30147K (59%)
ptolemy.util.test.WatchDog.cancel(): canceling Tue Oct 13 15:47:55 UTC 2020
auto.tcl: Setting watchdog for 200 seconds at Tue Oct 13 15:47:55 UTC 2020
2 ms. Memory: 51200K Free: 29720K (58%)
ptolemy.util.test.WatchDog.cancel(): canceling Tue Oct 13 15:47:55 UTC 2020
------------------ testing $PTII/ptolemy/domains/de/test/auto/DepthTest3.xml
auto.tcl: Setting watchdog for 200 seconds at Tue Oct 13 15:47:55 UTC 2020
2 ms. Memory: 51200K Free: 33723K (66%)
ptolemy.util.test.WatchDog.cancel(): canceling Tue Oct 13 15:47:55 UTC 2020
auto.tcl: Setting watchdog for 200 seconds at Tue Oct 13 15:47:55 UTC 2020
1 ms. Memory: 51200K Free: 33270K (65%)
ptolemy.util.test.WatchDog.cancel(): canceling Tue Oct 13 15:47:55 UTC 2020
------------------ testing $PTII/ptolemy/domains/de/test/auto/DepthTest4.xml
auto.tcl: Setting watchdog for 200 seconds at Tue Oct 13 15:47:55 UTC 2020
2 ms. Memory: 51200K Free: 31964K (62%)
ptolemy.util.test.WatchDog.cancel(): canceling Tue Oct 13 15:47:55 UTC 2020
auto.tcl: Setting watchdog for 200 seconds at Tue Oct 13 15:47:55 UTC 2020
3 ms. Memory: 51200K Free: 31267K (61%)
ptolemy.util.test.WatchDog.cancel(): canceling Tue Oct 13 15:47:55 UTC 2020
------------------ testing $PTII/ptolemy/domains/de/test/auto/DepthTest5.xml
auto.tcl: Setting watchdog for 200 seconds at Tue Oct 13 15:47:55 UTC 2020
3 ms. Memory: 51200K Free: 31425K (61%)
ptolemy.util.test.WatchDog.cancel(): canceling Tue Oct 13 15:47:55 UTC 2020
auto.tcl: Setting watchdog for 200 seconds at Tue Oct 13 15:47:55 UTC 2020
2 ms. Memory: 51200K Free: 30683K (60%)
ptolemy.util.test.WatchDog.cancel(): canceling Tue Oct 13 15:47:55 UTC 2020
------------------ testing $PTII/ptolemy/domains/de/test/auto/DepthTest6.xml
auto.tcl: Setting watchdog for 200 seconds at Tue Oct 13 15:47:55 UTC 2020
3 ms. Memory: 51200K Free: 31110K (61%)
ptolemy.util.test.WatchDog.cancel(): canceling Tue Oct 13 15:47:55 UTC 2020
auto.tcl: Setting watchdog for 200 seconds at Tue Oct 13 15:47:55 UTC 2020
4 ms. Memory: 51200K Free: 30659K (60%)
ptolemy.util.test.WatchDog.cancel(): canceling Tue Oct 13 15:47:55 UTC 2020
------------------ testing $PTII/ptolemy/domains/de/test/auto/DepthTest7.xml
auto.tcl: Setting watchdog for 200 seconds at Tue Oct 13 15:47:55 UTC 2020
7 ms. Memory: 51200K Free: 31682K (62%)
ptolemy.util.test.WatchDog.cancel(): canceling Tue Oct 13 15:47:55 UTC 2020
auto.tcl: Setting watchdog for 200 seconds at Tue Oct 13 15:47:55 UTC 2020
4 ms. Memory: 51200K Free: 30765K (60%)
ptolemy.util.test.WatchDog.cancel(): canceling Tue Oct 13 15:47:55 UTC 2020
------------------ testing $PTII/ptolemy/domains/de/test/auto/EventToDate.xml
auto.tcl: Setting watchdog for 200 seconds at Tue Oct 13 15:47:55 UTC 2020
3005 ms. Memory: 51200K Free: 22944K (45%)
ptolemy.util.test.WatchDog.cancel(): canceling Tue Oct 13 15:47:59 UTC 2020
auto.tcl: Setting watchdog for 200 seconds at Tue Oct 13 15:47:59 UTC 2020
3004 ms. Memory: 51200K Free: 22035K (43%)
ptolemy.util.test.WatchDog.cancel(): canceling Tue Oct 13 15:48:02 UTC 2020
------------------ testing $PTII/ptolemy/domains/de/test/auto/FSM1.xml
auto.tcl: Setting watchdog for 200 seconds at Tue Oct 13 15:48:02 UTC 2020
18 ms. Memory: 51200K Free: 24224K (47%)
ptolemy.util.test.WatchDog.cancel(): canceling Tue Oct 13 15:48:02 UTC 2020
auto.tcl: Setting watchdog for 200 seconds at Tue Oct 13 15:48:02 UTC 2020
16 ms. Memory: 51200K Free: 20693K (40%)
ptolemy.util.test.WatchDog.cancel(): canceling Tue Oct 13 15:48:02 UTC 2020
------------------ testing $PTII/ptolemy/domains/de/test/auto/FSM7.xml
auto.tcl: Setting watchdog for 200 seconds at Tue Oct 13 15:48:02 UTC 2020
13 ms. Memory: 51200K Free: 23403K (46%)
ptolemy.util.test.WatchDog.cancel(): canceling Tue Oct 13 15:48:02 UTC 2020
auto.tcl: Setting watchdog for 200 seconds at Tue Oct 13 15:48:02 UTC 2020
19 ms. Memory: 51200K Free: 20331K (40%)
ptolemy.util.test.WatchDog.cancel(): canceling Tue Oct 13 15:48:02 UTC 2020
------------------ testing $PTII/ptolemy/domains/de/test/auto/Inspection.xml
auto.tcl: Setting watchdog for 200 seconds at Tue Oct 13 15:48:02 UTC 2020
26 ms. Memory: 51200K Free: 23613K (46%)
ptolemy.util.test.WatchDog.cancel(): canceling Tue Oct 13 15:48:02 UTC 2020
auto.tcl: Setting watchdog for 200 seconds at Tue Oct 13 15:48:02 UTC 2020
25 ms. Memory: 51200K Free: 21940K (43%)
ptolemy.util.test.WatchDog.cancel(): canceling Tue Oct 13 15:48:02 UTC 2020
------------------ testing $PTII/ptolemy/domains/de/test/auto/Iteration.xml
auto.tcl: Setting watchdog for 200 seconds at Tue Oct 13 15:48:02 UTC 2020
8 ms. Memory: 51200K Free: 29180K (57%)
ptolemy.util.test.WatchDog.cancel(): canceling Tue Oct 13 15:48:02 UTC 2020
auto.tcl: Setting watchdog for 200 seconds at Tue Oct 13 15:48:02 UTC 2020
5 ms. Memory: 51200K Free: 27997K (55%)
ptolemy.util.test.WatchDog.cancel(): canceling Tue Oct 13 15:48:02 UTC 2020
------------------ testing $PTII/ptolemy/domains/de/test/auto/LineFault.xml
auto.tcl: Setting watchdog for 200 seconds at Tue Oct 13 15:48:02 UTC 2020
592 ms. Memory: 51200K Free: 13578K (27%)
ptolemy.util.test.WatchDog.cancel(): canceling Tue Oct 13 15:48:03 UTC 2020
auto.tcl: Setting watchdog for 200 seconds at Tue Oct 13 15:48:03 UTC 2020
525 ms. Memory: 61440K Free: 18057K (29%)
ptolemy.util.test.WatchDog.cancel(): canceling Tue Oct 13 15:48:03 UTC 2020
------------------ testing $PTII/ptolemy/domains/de/test/auto/MergeModel1Add.xml
auto.tcl: Setting watchdog for 200 seconds at Tue Oct 13 15:48:03 UTC 2020
27 ms. Memory: 55296K Free: 19522K (35%)
ptolemy.util.test.WatchDog.cancel(): canceling Tue Oct 13 15:48:04 UTC 2020
auto.tcl: Setting watchdog for 200 seconds at Tue Oct 13 15:48:04 UTC 2020
10 ms. Memory: 55296K Free: 17917K (32%)
ptolemy.util.test.WatchDog.cancel(): canceling Tue Oct 13 15:48:04 UTC 2020
------------------ testing $PTII/ptolemy/domains/de/test/auto/MergeModel2Add.xml
auto.tcl: Setting watchdog for 200 seconds at Tue Oct 13 15:48:04 UTC 2020
7 ms. Memory: 55296K Free: 21542K (39%)
ptolemy.util.test.WatchDog.cancel(): canceling Tue Oct 13 15:48:04 UTC 2020
auto.tcl: Setting watchdog for 200 seconds at Tue Oct 13 15:48:04 UTC 2020
6 ms. Memory: 55296K Free: 20059K (36%)
ptolemy.util.test.WatchDog.cancel(): canceling Tue Oct 13 15:48:04 UTC 2020
------------------ testing $PTII/ptolemy/domains/de/test/auto/MergeModel3Add.xml
auto.tcl: Setting watchdog for 200 seconds at Tue Oct 13 15:48:04 UTC 2020
7 ms. Memory: 51200K Free: 17492K (34%)
ptolemy.util.test.WatchDog.cancel(): canceling Tue Oct 13 15:48:04 UTC 2020
auto.tcl: Setting watchdog for 200 seconds at Tue Oct 13 15:48:04 UTC 2020
7 ms. Memory: 51200K Free: 16111K (31%)
ptolemy.util.test.WatchDog.cancel(): canceling Tue Oct 13 15:48:04 UTC 2020
------------------ testing $PTII/ptolemy/domains/de/test/auto/MergeWithoutDiscard.xml
auto.tcl: Setting watchdog for 200 seconds at Tue Oct 13 15:48:04 UTC 2020
2 ms. Memory: 51200K Free: 31839K (62%)
ptolemy.util.test.WatchDog.cancel(): canceling Tue Oct 13 15:48:04 UTC 2020
auto.tcl: Setting watchdog for 200 seconds at Tue Oct 13 15:48:04 UTC 2020
1 ms. Memory: 51200K Free: 31399K (61%)
ptolemy.util.test.WatchDog.cancel(): canceling Tue Oct 13 15:48:04 UTC 2020
------------------ testing $PTII/ptolemy/domains/de/test/auto/Modal1.xml
auto.tcl: Setting watchdog for 200 seconds at Tue Oct 13 15:48:04 UTC 2020
18 ms. Memory: 51200K Free: 24472K (48%)
ptolemy.util.test.WatchDog.cancel(): canceling Tue Oct 13 15:48:04 UTC 2020
auto.tcl: Setting watchdog for 200 seconds at Tue Oct 13 15:48:04 UTC 2020
18 ms. Memory: 51200K Free: 20958K (41%)
ptolemy.util.test.WatchDog.cancel(): canceling Tue Oct 13 15:48:04 UTC 2020
------------------ testing $PTII/ptolemy/domains/de/test/auto/Modal2.xml
auto.tcl: Setting watchdog for 200 seconds at Tue Oct 13 15:48:04 UTC 2020
18 ms. Memory: 51200K Free: 24349K (48%)
ptolemy.util.test.WatchDog.cancel(): canceling Tue Oct 13 15:48:04 UTC 2020
auto.tcl: Setting watchdog for 200 seconds at Tue Oct 13 15:48:04 UTC 2020
13 ms. Memory: 51200K Free: 20824K (41%)
ptolemy.util.test.WatchDog.cancel(): canceling Tue Oct 13 15:48:04 UTC 2020
------------------ testing $PTII/ptolemy/domains/de/test/auto/Modal3.xml
auto.tcl: Setting watchdog for 200 seconds at Tue Oct 13 15:48:04 UTC 2020
12 ms. Memory: 51200K Free: 24090K (47%)
ptolemy.util.test.WatchDog.cancel(): canceling Tue Oct 13 15:48:04 UTC 2020
auto.tcl: Setting watchdog for 200 seconds at Tue Oct 13 15:48:04 UTC 2020
13 ms. Memory: 51200K Free: 20835K (41%)
ptolemy.util.test.WatchDog.cancel(): canceling Tue Oct 13 15:48:04 UTC 2020
------------------ testing $PTII/ptolemy/domains/de/test/auto/Modal4.xml
auto.tcl: Setting watchdog for 200 seconds at Tue Oct 13 15:48:04 UTC 2020
11 ms. Memory: 51200K Free: 23048K (45%)
ptolemy.util.test.WatchDog.cancel(): canceling Tue Oct 13 15:48:04 UTC 2020
auto.tcl: Setting watchdog for 200 seconds at Tue Oct 13 15:48:04 UTC 2020
15 ms. Memory: 51200K Free: 19224K (38%)
ptolemy.util.test.WatchDog.cancel(): canceling Tue Oct 13 15:48:04 UTC 2020
------------------ testing $PTII/ptolemy/domains/de/test/auto/Modal5.xml
auto.tcl: Setting watchdog for 200 seconds at Tue Oct 13 15:48:04 UTC 2020
10 ms. Memory: 51200K Free: 23049K (45%)
ptolemy.util.test.WatchDog.cancel(): canceling Tue Oct 13 15:48:04 UTC 2020
auto.tcl: Setting watchdog for 200 seconds at Tue Oct 13 15:48:04 UTC 2020
12 ms. Memory: 51200K Free: 19380K (38%)
ptolemy.util.test.WatchDog.cancel(): canceling Tue Oct 13 15:48:04 UTC 2020
------------------ testing $PTII/ptolemy/domains/de/test/auto/Modal6.xml
auto.tcl: Setting watchdog for 200 seconds at Tue Oct 13 15:48:04 UTC 2020
10 ms. Memory: 51200K Free: 23785K (46%)
ptolemy.util.test.WatchDog.cancel(): canceling Tue Oct 13 15:48:04 UTC 2020
auto.tcl: Setting watchdog for 200 seconds at Tue Oct 13 15:48:04 UTC 2020
12 ms. Memory: 51200K Free: 20231K (40%)
ptolemy.util.test.WatchDog.cancel(): canceling Tue Oct 13 15:48:04 UTC 2020
------------------ testing $PTII/ptolemy/domains/de/test/auto/Modal7.xml
auto.tcl: Setting watchdog for 200 seconds at Tue Oct 13 15:48:04 UTC 2020
9 ms. Memory: 51200K Free: 22760K (44%)
ptolemy.util.test.WatchDog.cancel(): canceling Tue Oct 13 15:48:04 UTC 2020
auto.tcl: Setting watchdog for 200 seconds at Tue Oct 13 15:48:04 UTC 2020
9 ms. Memory: 51200K Free: 19440K (38%)
ptolemy.util.test.WatchDog.cancel(): canceling Tue Oct 13 15:48:04 UTC 2020
------------------ testing $PTII/ptolemy/domains/de/test/auto/ModalModel.xml
auto.tcl: Setting watchdog for 200 seconds at Tue Oct 13 15:48:05 UTC 2020
200 ms. Memory: 51200K Free: 17324K (34%)
ptolemy.util.test.WatchDog.cancel(): canceling Tue Oct 13 15:48:05 UTC 2020
auto.tcl: Setting watchdog for 200 seconds at Tue Oct 13 15:48:05 UTC 2020
215 ms. Memory: 69632K Free: 35735K (51%)
ptolemy.util.test.WatchDog.cancel(): canceling Tue Oct 13 15:48:05 UTC 2020
------------------ testing $PTII/ptolemy/domains/de/test/auto/ModalSource.xml
auto.tcl: Setting watchdog for 200 seconds at Tue Oct 13 15:48:05 UTC 2020
8 ms. Memory: 51200K Free: 27884K (54%)
ptolemy.util.test.WatchDog.cancel(): canceling Tue Oct 13 15:48:05 UTC 2020
auto.tcl: Setting watchdog for 200 seconds at Tue Oct 13 15:48:05 UTC 2020
5 ms. Memory: 51200K Free: 25836K (50%)
ptolemy.util.test.WatchDog.cancel(): canceling Tue Oct 13 15:48:05 UTC 2020
------------------ testing $PTII/ptolemy/domains/de/test/auto/NonInterruptibleTimerZeroDelay.xml
auto.tcl: Setting watchdog for 200 seconds at Tue Oct 13 15:48:05 UTC 2020
3 ms. Memory: 51200K Free: 32804K (64%)
ptolemy.util.test.WatchDog.cancel(): canceling Tue Oct 13 15:48:05 UTC 2020
auto.tcl: Setting watchdog for 200 seconds at Tue Oct 13 15:48:05 UTC 2020
2 ms. Memory: 51200K Free: 32156K (63%)
ptolemy.util.test.WatchDog.cancel(): canceling Tue Oct 13 15:48:05 UTC 2020
------------------ testing $PTII/ptolemy/domains/de/test/auto/OpenQueueingNetwork.xml
auto.tcl: Setting watchdog for 200 seconds at Tue Oct 13 15:48:05 UTC 2020
3192 ms. Memory: 129024K Free: 83599K (65%)
ptolemy.util.test.WatchDog.cancel(): canceling Tue Oct 13 15:48:09 UTC 2020
auto.tcl: Setting watchdog for 200 seconds at Tue Oct 13 15:48:09 UTC 2020
2500 ms. Memory: 155648K Free: 123592K (79%)
ptolemy.util.test.WatchDog.cancel(): canceling Tue Oct 13 15:48:11 UTC 2020
------------------ testing $PTII/ptolemy/domains/de/test/auto/OpenQueuingNetwork.xml
auto.tcl: Setting watchdog for 200 seconds at Tue Oct 13 15:48:11 UTC 2020
235 ms. Memory: 58368K Free: 32627K (56%)
ptolemy.util.test.WatchDog.cancel(): canceling Tue Oct 13 15:48:11 UTC 2020
auto.tcl: Setting watchdog for 200 seconds at Tue Oct 13 15:48:11 UTC 2020
225 ms. Memory: 58368K Free: 14492K (25%)
ptolemy.util.test.WatchDog.cancel(): canceling Tue Oct 13 15:48:12 UTC 2020
------------------ testing $PTII/ptolemy/domains/de/test/auto/PeriodicSampler.xml
auto.tcl: Setting watchdog for 200 seconds at Tue Oct 13 15:48:12 UTC 2020
3 ms. Memory: 51200K Free: 32022K (63%)
ptolemy.util.test.WatchDog.cancel(): canceling Tue Oct 13 15:48:12 UTC 2020
auto.tcl: Setting watchdog for 200 seconds at Tue Oct 13 15:48:12 UTC 2020
2 ms. Memory: 51200K Free: 31494K (62%)
ptolemy.util.test.WatchDog.cancel(): canceling Tue Oct 13 15:48:12 UTC 2020
------------------ testing $PTII/ptolemy/domains/de/test/auto/PersistentIO.xml
auto.tcl: Setting watchdog for 200 seconds at Tue Oct 13 15:48:12 UTC 2020
16 ms. Memory: 51200K Free: 26946K (53%)
ptolemy.util.test.WatchDog.cancel(): canceling Tue Oct 13 15:48:12 UTC 2020
auto.tcl: Setting watchdog for 200 seconds at Tue Oct 13 15:48:12 UTC 2020
2 ms. Memory: 51200K Free: 25426K (50%)
ptolemy.util.test.WatchDog.cancel(): canceling Tue Oct 13 15:48:12 UTC 2020
------------------ testing $PTII/ptolemy/domains/de/test/auto/PortParameterResetOnInitialize.xml
auto.tcl: Setting watchdog for 200 seconds at Tue Oct 13 15:48:12 UTC 2020
2 ms. Memory: 51200K Free: 31938K (62%)
ptolemy.util.test.WatchDog.cancel(): canceling Tue Oct 13 15:48:12 UTC 2020
auto.tcl: Setting watchdog for 200 seconds at Tue Oct 13 15:48:12 UTC 2020
2 ms. Memory: 51200K Free: 31434K (61%)
ptolemy.util.test.WatchDog.cancel(): canceling Tue Oct 13 15:48:12 UTC 2020
------------------ testing $PTII/ptolemy/domains/de/test/auto/PortParameterUpdates.xml
auto.tcl: Setting watchdog for 200 seconds at Tue Oct 13 15:48:12 UTC 2020
3 ms. Memory: 51200K Free: 30015K (59%)
ptolemy.util.test.WatchDog.cancel(): canceling Tue Oct 13 15:48:12 UTC 2020
auto.tcl: Setting watchdog for 200 seconds at Tue Oct 13 15:48:12 UTC 2020
3 ms. Memory: 51200K Free: 28988K (57%)
ptolemy.util.test.WatchDog.cancel(): canceling Tue Oct 13 15:48:12 UTC 2020
------------------ testing $PTII/ptolemy/domains/de/test/auto/QueueAndServer.xml
auto.tcl: Setting watchdog for 200 seconds at Tue Oct 13 15:48:12 UTC 2020
6 ms. Memory: 51200K Free: 28907K (56%)
ptolemy.util.test.WatchDog.cancel(): canceling Tue Oct 13 15:48:12 UTC 2020
auto.tcl: Setting watchdog for 200 seconds at Tue Oct 13 15:48:12 UTC 2020
5 ms. Memory: 51200K Free: 27434K (54%)
ptolemy.util.test.WatchDog.cancel(): canceling Tue Oct 13 15:48:12 UTC 2020
------------------ testing $PTII/ptolemy/domains/de/test/auto/Records.xml
auto.tcl: Setting watchdog for 200 seconds at Tue Oct 13 15:48:12 UTC 2020
5 ms. Memory: 51200K Free: 31171K (61%)
ptolemy.util.test.WatchDog.cancel(): canceling Tue Oct 13 15:48:12 UTC 2020
auto.tcl: Setting watchdog for 200 seconds at Tue Oct 13 15:48:12 UTC 2020
1 ms. Memory: 51200K Free: 30659K (60%)
ptolemy.util.test.WatchDog.cancel(): canceling Tue Oct 13 15:48:12 UTC 2020
------------------ testing $PTII/ptolemy/domains/de/test/auto/ResetTransitionWithStartTime1.xml
auto.tcl: Setting watchdog for 200 seconds at Tue Oct 13 15:48:12 UTC 2020
10 ms. Memory: 51200K Free: 28429K (56%)
ptolemy.util.test.WatchDog.cancel(): canceling Tue Oct 13 15:48:12 UTC 2020
auto.tcl: Setting watchdog for 200 seconds at Tue Oct 13 15:48:12 UTC 2020
5 ms. Memory: 51200K Free: 26381K (52%)
ptolemy.util.test.WatchDog.cancel(): canceling Tue Oct 13 15:48:12 UTC 2020
------------------ testing $PTII/ptolemy/domains/de/test/auto/ResetTransitionWithStartTime2.xml
auto.tcl: Setting watchdog for 200 seconds at Tue Oct 13 15:48:12 UTC 2020
5 ms. Memory: 51200K Free: 28385K (55%)
ptolemy.util.test.WatchDog.cancel(): canceling Tue Oct 13 15:48:12 UTC 2020
auto.tcl: Setting watchdog for 200 seconds at Tue Oct 13 15:48:12 UTC 2020
5 ms. Memory: 51200K Free: 26343K (51%)
ptolemy.util.test.WatchDog.cancel(): canceling Tue Oct 13 15:48:12 UTC 2020
------------------ testing $PTII/ptolemy/domains/de/test/auto/ResetTransitionWithStartTime3.xml
auto.tcl: Setting watchdog for 200 seconds at Tue Oct 13 15:48:12 UTC 2020
6 ms. Memory: 51200K Free: 28383K (55%)
ptolemy.util.test.WatchDog.cancel(): canceling Tue Oct 13 15:48:12 UTC 2020
auto.tcl: Setting watchdog for 200 seconds at Tue Oct 13 15:48:12 UTC 2020
5 ms. Memory: 51200K Free: 26341K (51%)
ptolemy.util.test.WatchDog.cancel(): canceling Tue Oct 13 15:48:12 UTC 2020
------------------ testing $PTII/ptolemy/domains/de/test/auto/ResetTransitionWithStartTime4.xml
auto.tcl: Setting watchdog for 200 seconds at Tue Oct 13 15:48:12 UTC 2020
11 ms. Memory: 51200K Free: 28831K (56%)
ptolemy.util.test.WatchDog.cancel(): canceling Tue Oct 13 15:48:12 UTC 2020
auto.tcl: Setting watchdog for 200 seconds at Tue Oct 13 15:48:12 UTC 2020
2 ms. Memory: 51200K Free: 27358K (53%)
ptolemy.util.test.WatchDog.cancel(): canceling Tue Oct 13 15:48:12 UTC 2020
------------------ testing $PTII/ptolemy/domains/de/test/auto/ResettableTimer1.xml
auto.tcl: Setting watchdog for 200 seconds at Tue Oct 13 15:48:12 UTC 2020
2 ms. Memory: 51200K Free: 32560K (64%)
ptolemy.util.test.WatchDog.cancel(): canceling Tue Oct 13 15:48:12 UTC 2020
auto.tcl: Setting watchdog for 200 seconds at Tue Oct 13 15:48:12 UTC 2020
1 ms. Memory: 51200K Free: 31933K (62%)
ptolemy.util.test.WatchDog.cancel(): canceling Tue Oct 13 15:48:12 UTC 2020
------------------ testing $PTII/ptolemy/domains/de/test/auto/ResettableTimer2.xml
auto.tcl: Setting watchdog for 200 seconds at Tue Oct 13 15:48:12 UTC 2020
2 ms. Memory: 51200K Free: 32616K (64%)
ptolemy.util.test.WatchDog.cancel(): canceling Tue Oct 13 15:48:12 UTC 2020
auto.tcl: Setting watchdog for 200 seconds at Tue Oct 13 15:48:12 UTC 2020
2 ms. Memory: 51200K Free: 31989K (62%)
ptolemy.util.test.WatchDog.cancel(): canceling Tue Oct 13 15:48:12 UTC 2020
------------------ testing $PTII/ptolemy/domains/de/test/auto/ResettableTimer3.xml
auto.tcl: Setting watchdog for 200 seconds at Tue Oct 13 15:48:12 UTC 2020
1 ms. Memory: 51200K Free: 32516K (64%)
ptolemy.util.test.WatchDog.cancel(): canceling Tue Oct 13 15:48:12 UTC 2020
auto.tcl: Setting watchdog for 200 seconds at Tue Oct 13 15:48:12 UTC 2020
1 ms. Memory: 51200K Free: 32516K (64%)
ptolemy.util.test.WatchDog.cancel(): canceling Tue Oct 13 15:48:12 UTC 2020
------------------ testing $PTII/ptolemy/domains/de/test/auto/ResettableTimer4.xml
auto.tcl: Setting watchdog for 200 seconds at Tue Oct 13 15:48:13 UTC 2020
1 ms. Memory: 51200K Free: 32529K (64%)
ptolemy.util.test.WatchDog.cancel(): canceling Tue Oct 13 15:48:13 UTC 2020
auto.tcl: Setting watchdog for 200 seconds at Tue Oct 13 15:48:13 UTC 2020
1 ms. Memory: 51200K Free: 32015K (63%)
ptolemy.util.test.WatchDog.cancel(): canceling Tue Oct 13 15:48:13 UTC 2020
------------------ testing $PTII/ptolemy/domains/de/test/auto/ResettableTimer5.xml
auto.tcl: Setting watchdog for 200 seconds at Tue Oct 13 15:48:13 UTC 2020
2 ms. Memory: 51200K Free: 32014K (63%)
ptolemy.util.test.WatchDog.cancel(): canceling Tue Oct 13 15:48:13 UTC 2020
auto.tcl: Setting watchdog for 200 seconds at Tue Oct 13 15:48:13 UTC 2020
1 ms. Memory: 51200K Free: 32014K (63%)
ptolemy.util.test.WatchDog.cancel(): canceling Tue Oct 13 15:48:13 UTC 2020
------------------ testing $PTII/ptolemy/domains/de/test/auto/ResettableTimer6.xml
auto.tcl: Setting watchdog for 200 seconds at Tue Oct 13 15:48:13 UTC 2020
2 ms. Memory: 51200K Free: 32004K (63%)
ptolemy.util.test.WatchDog.cancel(): canceling Tue Oct 13 15:48:13 UTC 2020
auto.tcl: Setting watchdog for 200 seconds at Tue Oct 13 15:48:13 UTC 2020
2 ms. Memory: 51200K Free: 31494K (62%)
ptolemy.util.test.WatchDog.cancel(): canceling Tue Oct 13 15:48:13 UTC 2020
------------------ testing $PTII/ptolemy/domains/de/test/auto/ServerZeroDelay.xml
auto.tcl: Setting watchdog for 200 seconds at Tue Oct 13 15:48:13 UTC 2020
3 ms. Memory: 51200K Free: 32509K (63%)
ptolemy.util.test.WatchDog.cancel(): canceling Tue Oct 13 15:48:13 UTC 2020
auto.tcl: Setting watchdog for 200 seconds at Tue Oct 13 15:48:13 UTC 2020
2 ms. Memory: 51200K Free: 31485K (61%)
ptolemy.util.test.WatchDog.cancel(): canceling Tue Oct 13 15:48:13 UTC 2020
------------------ testing $PTII/ptolemy/domains/de/test/auto/SmartSender.xml
auto.tcl: Setting watchdog for 200 seconds at Tue Oct 13 15:48:13 UTC 2020
3002 ms. Memory: 51200K Free: 32510K (63%)
ptolemy.util.test.WatchDog.cancel(): canceling Tue Oct 13 15:48:16 UTC 2020
auto.tcl: Setting watchdog for 200 seconds at Tue Oct 13 15:48:16 UTC 2020
3002 ms. Memory: 51200K Free: 31990K (62%)
ptolemy.util.test.WatchDog.cancel(): canceling Tue Oct 13 15:48:19 UTC 2020
------------------ testing $PTII/ptolemy/domains/de/test/auto/ThreadedComposite.xml
auto.tcl: Setting watchdog for 200 seconds at Tue Oct 13 15:48:19 UTC 2020
242 ms. Memory: 51200K Free: 11014K (22%)
ptolemy.util.test.WatchDog.cancel(): canceling Tue Oct 13 15:48:19 UTC 2020
auto.tcl: Setting watchdog for 200 seconds at Tue Oct 13 15:48:19 UTC 2020
123 ms. Memory: 61440K Free: 35344K (58%)
ptolemy.util.test.WatchDog.cancel(): canceling Tue Oct 13 15:48:19 UTC 2020
------------------ testing $PTII/ptolemy/domains/de/test/auto/Time.xml
auto.tcl: Setting watchdog for 200 seconds at Tue Oct 13 15:48:19 UTC 2020
441 ms. Memory: 51200K Free: 8718K (17%)
ptolemy.util.test.WatchDog.cancel(): canceling Tue Oct 13 15:48:20 UTC 2020
auto.tcl: Setting watchdog for 200 seconds at Tue Oct 13 15:48:20 UTC 2020
422 ms. Memory: 51200K Free: 13330K (26%)
ptolemy.util.test.WatchDog.cancel(): canceling Tue Oct 13 15:48:20 UTC 2020
------------------ testing $PTII/ptolemy/domains/de/test/auto/TimeDelayZeroDelay.xml
auto.tcl: Setting watchdog for 200 seconds at Tue Oct 13 15:48:20 UTC 2020
3 ms. Memory: 51200K Free: 32832K (64%)
ptolemy.util.test.WatchDog.cancel(): canceling Tue Oct 13 15:48:20 UTC 2020
auto.tcl: Setting watchdog for 200 seconds at Tue Oct 13 15:48:20 UTC 2020
2 ms. Memory: 51200K Free: 31996K (62%)
ptolemy.util.test.WatchDog.cancel(): canceling Tue Oct 13 15:48:20 UTC 2020
------------------ testing $PTII/ptolemy/domains/de/test/auto/TimerZeroDelay.xml
auto.tcl: Setting watchdog for 200 seconds at Tue Oct 13 15:48:20 UTC 2020
2 ms. Memory: 51200K Free: 32904K (64%)
ptolemy.util.test.WatchDog.cancel(): canceling Tue Oct 13 15:48:20 UTC 2020
auto.tcl: Setting watchdog for 200 seconds at Tue Oct 13 15:48:20 UTC 2020
2 ms. Memory: 51200K Free: 32068K (63%)
ptolemy.util.test.WatchDog.cancel(): canceling Tue Oct 13 15:48:20 UTC 2020
------------------ testing $PTII/ptolemy/domains/de/test/auto/TimingParadox.xml
auto.tcl: Setting watchdog for 200 seconds at Tue Oct 13 15:48:20 UTC 2020
305 ms. Memory: 51200K Free: 21128K (41%)
ptolemy.util.test.WatchDog.cancel(): canceling Tue Oct 13 15:48:21 UTC 2020
auto.tcl: Setting watchdog for 200 seconds at Tue Oct 13 15:48:21 UTC 2020
282 ms. Memory: 51200K Free: 11794K (23%)
ptolemy.util.test.WatchDog.cancel(): canceling Tue Oct 13 15:48:21 UTC 2020
------------------ testing $PTII/ptolemy/domains/de/test/auto/TransferInputs.xml
auto.tcl: Setting watchdog for 200 seconds at Tue Oct 13 15:48:21 UTC 2020
1 ms. Memory: 51200K Free: 30945K (60%)
ptolemy.util.test.WatchDog.cancel(): canceling Tue Oct 13 15:48:21 UTC 2020
auto.tcl: Setting watchdog for 200 seconds at Tue Oct 13 15:48:21 UTC 2020
2 ms. Memory: 51200K Free: 30054K (59%)
ptolemy.util.test.WatchDog.cancel(): canceling Tue Oct 13 15:48:21 UTC 2020
------------------ testing $PTII/ptolemy/domains/de/test/auto/TransferOutputs2.xml
auto.tcl: Setting watchdog for 200 seconds at Tue Oct 13 15:48:21 UTC 2020
3 ms. Memory: 51200K Free: 28387K (55%)
ptolemy.util.test.WatchDog.cancel(): canceling Tue Oct 13 15:48:21 UTC 2020
auto.tcl: Setting watchdog for 200 seconds at Tue Oct 13 15:48:21 UTC 2020
4 ms. Memory: 51200K Free: 26982K (53%)
ptolemy.util.test.WatchDog.cancel(): canceling Tue Oct 13 15:48:21 UTC 2020
------------------ testing $PTII/ptolemy/domains/de/test/auto/Trilateration.xml
auto.tcl: Setting watchdog for 200 seconds at Tue Oct 13 15:48:21 UTC 2020
11272 ms. Memory: 428032K Free: 262291K (61%)
ptolemy.util.test.WatchDog.cancel(): canceling Tue Oct 13 15:48:33 UTC 2020
auto.tcl: Setting watchdog for 200 seconds at Tue Oct 13 15:48:33 UTC 2020
8663 ms. Memory: 428032K Free: 165281K (39%)
ptolemy.util.test.WatchDog.cancel(): canceling Tue Oct 13 15:48:42 UTC 2020
------------------ testing $PTII/ptolemy/domains/de/test/auto/TwoSigmaDelta.xml
auto.tcl: Setting watchdog for 200 seconds at Tue Oct 13 15:48:42 UTC 2020
2189 ms. Memory: 89088K Free: 28091K (32%)
ptolemy.util.test.WatchDog.cancel(): canceling Tue Oct 13 15:48:44 UTC 2020
auto.tcl: Setting watchdog for 200 seconds at Tue Oct 13 15:48:44 UTC 2020
1809 ms. Memory: 89088K Free: 27609K (31%)
ptolemy.util.test.WatchDog.cancel(): canceling Tue Oct 13 15:48:46 UTC 2020
------------------ testing $PTII/ptolemy/domains/de/test/auto/VariableDelay.xml
auto.tcl: Setting watchdog for 200 seconds at Tue Oct 13 15:48:46 UTC 2020
4 ms. Memory: 51200K Free: 31440K (61%)
ptolemy.util.test.WatchDog.cancel(): canceling Tue Oct 13 15:48:46 UTC 2020
auto.tcl: Setting watchdog for 200 seconds at Tue Oct 13 15:48:46 UTC 2020
1 ms. Memory: 51200K Free: 30424K (59%)
ptolemy.util.test.WatchDog.cancel(): canceling Tue Oct 13 15:48:46 UTC 2020
------------------ testing $PTII/ptolemy/domains/de/test/auto/VariableDelay2.xml
auto.tcl: Setting watchdog for 200 seconds at Tue Oct 13 15:48:46 UTC 2020
2 ms. Memory: 51200K Free: 32521K (64%)
ptolemy.util.test.WatchDog.cancel(): canceling Tue Oct 13 15:48:46 UTC 2020
auto.tcl: Setting watchdog for 200 seconds at Tue Oct 13 15:48:46 UTC 2020
2 ms. Memory: 51200K Free: 31343K (61%)
ptolemy.util.test.WatchDog.cancel(): canceling Tue Oct 13 15:48:46 UTC 2020
------------------ testing $PTII/ptolemy/domains/de/test/auto/VariableDelayZeroDelay.xml
auto.tcl: Setting watchdog for 200 seconds at Tue Oct 13 15:48:46 UTC 2020
2 ms. Memory: 51200K Free: 32366K (63%)
ptolemy.util.test.WatchDog.cancel(): canceling Tue Oct 13 15:48:46 UTC 2020
auto.tcl: Setting watchdog for 200 seconds at Tue Oct 13 15:48:46 UTC 2020
2 ms. Memory: 51200K Free: 31858K (62%)
ptolemy.util.test.WatchDog.cancel(): canceling Tue Oct 13 15:48:46 UTC 2020
------------------ testing $PTII/ptolemy/domains/de/test/auto/VariableDelayZeroDelay2.xml
auto.tcl: Setting watchdog for 200 seconds at Tue Oct 13 15:48:47 UTC 2020
1 ms. Memory: 51200K Free: 32365K (63%)
ptolemy.util.test.WatchDog.cancel(): canceling Tue Oct 13 15:48:47 UTC 2020
auto.tcl: Setting watchdog for 200 seconds at Tue Oct 13 15:48:47 UTC 2020
2 ms. Memory: 51200K Free: 31341K (61%)
ptolemy.util.test.WatchDog.cancel(): canceling Tue Oct 13 15:48:47 UTC 2020
------------------ testing $PTII/ptolemy/domains/de/test/auto/deInCt.xml
auto.tcl: Setting watchdog for 200 seconds at Tue Oct 13 15:48:47 UTC 2020
0
1
1
1
0
0
0
0
1
1
1
0
0
0
1
1
1
1
1
0
0
0
1
1
1
1
0
0
0
1
1
1
0
0
0
0
1
1
1
0
0
1
1
1
1
7 ms. Memory: 51200K Free: 31338K (61%)
ptolemy.util.test.WatchDog.cancel(): canceling Tue Oct 13 15:48:47 UTC 2020
auto.tcl: Setting watchdog for 200 seconds at Tue Oct 13 15:48:47 UTC 2020
0
1
1
1
0
0
0
1
1
1
0
0
0
0
1
1
1
1
0
0
1
1
1
1
0
0
0
1
1
1
1
0
0
1
1
1
0
0
0
1
1
1
1
1
7 ms. Memory: 51200K Free: 29807K (58%)
ptolemy.util.test.WatchDog.cancel(): canceling Tue Oct 13 15:48:47 UTC 2020
------------------ testing $PTII/ptolemy/domains/de/test/auto/deInCt2.xml
auto.tcl: Setting watchdog for 200 seconds at Tue Oct 13 15:48:47 UTC 2020
0
1
1
1
0
0
1
1
1
0
0
1
1
1
0
0
1
1
1
0
0
1
1
1
0
0
1
1
1
0
0
1
1
1
0
0
1
1
1
0
0
0
12 ms. Memory: 51200K Free: 31339K (61%)
ptolemy.util.test.WatchDog.cancel(): canceling Tue Oct 13 15:48:47 UTC 2020
auto.tcl: Setting watchdog for 200 seconds at Tue Oct 13 15:48:47 UTC 2020
0
1
1
1
0
0
1
1
1
0
0
1
1
1
0
0
1
1
1
0
0
1
1
1
0
0
1
1
1
0
0
1
1
1
0
0
1
1
1
0
0
0
8 ms. Memory: 51200K Free: 29795K (58%)
ptolemy.util.test.WatchDog.cancel(): canceling Tue Oct 13 15:48:47 UTC 2020
------------------ testing $PTII/ptolemy/domains/de/test/auto/dynamicCausalityInterface1.xml
auto.tcl: Setting watchdog for 200 seconds at Tue Oct 13 15:48:47 UTC 2020
1 ms. Memory: 51200K Free: 27237K (53%)
ptolemy.util.test.WatchDog.cancel(): canceling Tue Oct 13 15:48:47 UTC 2020
auto.tcl: Setting watchdog for 200 seconds at Tue Oct 13 15:48:47 UTC 2020
1 ms. Memory: 51200K Free: 26730K (52%)
ptolemy.util.test.WatchDog.cancel(): canceling Tue Oct 13 15:48:47 UTC 2020
------------------ testing $PTII/ptolemy/domains/de/test/auto/fsm_de_test.xml
auto.tcl: Setting watchdog for 200 seconds at Tue Oct 13 15:48:47 UTC 2020
14 ms. Memory: 51200K Free: 27136K (53%)
ptolemy.util.test.WatchDog.cancel(): canceling Tue Oct 13 15:48:47 UTC 2020
auto.tcl: Setting watchdog for 200 seconds at Tue Oct 13 15:48:47 UTC 2020
6 ms. Memory: 51200K Free: 25088K (49%)
ptolemy.util.test.WatchDog.cancel(): canceling Tue Oct 13 15:48:47 UTC 2020
------------------ testing $PTII/ptolemy/domains/de/test/auto/functionDependencyReconstruction.xml
auto.tcl: Setting watchdog for 200 seconds at Tue Oct 13 15:48:47 UTC 2020
2 ms. Memory: 51200K Free: 20982K (41%)
ptolemy.util.test.WatchDog.cancel(): canceling Tue Oct 13 15:48:47 UTC 2020
auto.tcl: Setting watchdog for 200 seconds at Tue Oct 13 15:48:47 UTC 2020
3 ms. Memory: 51200K Free: 18934K (37%)
ptolemy.util.test.WatchDog.cancel(): canceling Tue Oct 13 15:48:47 UTC 2020
------------------ testing $PTII/ptolemy/domains/de/test/auto/multirate.xml
auto.tcl: Setting watchdog for 200 seconds at Tue Oct 13 15:48:47 UTC 2020
7 ms. Memory: 51200K Free: 29776K (58%)
ptolemy.util.test.WatchDog.cancel(): canceling Tue Oct 13 15:48:47 UTC 2020
auto.tcl: Setting watchdog for 200 seconds at Tue Oct 13 15:48:47 UTC 2020
3 ms. Memory: 51200K Free: 28031K (55%)
ptolemy.util.test.WatchDog.cancel(): canceling Tue Oct 13 15:48:47 UTC 2020
------------------ testing $PTII/ptolemy/domains/de/test/auto/multirate2.xml
auto.tcl: Setting watchdog for 200 seconds at Tue Oct 13 15:48:47 UTC 2020
5 ms. Memory: 51200K Free: 29942K (58%)
ptolemy.util.test.WatchDog.cancel(): canceling Tue Oct 13 15:48:47 UTC 2020
auto.tcl: Setting watchdog for 200 seconds at Tue Oct 13 15:48:47 UTC 2020
3 ms. Memory: 51200K Free: 28730K (56%)
ptolemy.util.test.WatchDog.cancel(): canceling Tue Oct 13 15:48:47 UTC 2020
------------------ testing $PTII/ptolemy/domains/de/test/auto/realtime.xml
auto.tcl: Setting watchdog for 200 seconds at Tue Oct 13 15:48:47 UTC 2020
10002 ms. Memory: 51200K Free: 32019K (63%)
ptolemy.util.test.WatchDog.cancel(): canceling Tue Oct 13 15:48:57 UTC 2020
auto.tcl: Setting watchdog for 200 seconds at Tue Oct 13 15:48:57 UTC 2020
10002 ms. Memory: 51200K Free: 31284K (61%)
ptolemy.util.test.WatchDog.cancel(): canceling Tue Oct 13 15:49:07 UTC 2020
------------------ testing $PTII/ptolemy/domains/de/test/auto/relationGroup.xml
auto.tcl: Setting watchdog for 200 seconds at Tue Oct 13 15:49:07 UTC 2020
2 ms. Memory: 51200K Free: 33069K (65%)
ptolemy.util.test.WatchDog.cancel(): canceling Tue Oct 13 15:49:07 UTC 2020
auto.tcl: Setting watchdog for 200 seconds at Tue Oct 13 15:49:07 UTC 2020
1 ms. Memory: 51200K Free: 32333K (63%)
ptolemy.util.test.WatchDog.cancel(): canceling Tue Oct 13 15:49:07 UTC 2020
------------------ testing $PTII/ptolemy/domains/de/test/auto/relationGroup2.xml
auto.tcl: Setting watchdog for 200 seconds at Tue Oct 13 15:49:07 UTC 2020
1 ms. Memory: 51200K Free: 33125K (65%)
ptolemy.util.test.WatchDog.cancel(): canceling Tue Oct 13 15:49:07 UTC 2020
auto.tcl: Setting watchdog for 200 seconds at Tue Oct 13 15:49:07 UTC 2020
2 ms. Memory: 51200K Free: 32390K (63%)
ptolemy.util.test.WatchDog.cancel(): canceling Tue Oct 13 15:49:07 UTC 2020
------------------ testing $PTII/ptolemy/domains/de/test/auto/sortWithOpaquePorts.xml
auto.tcl: Setting watchdog for 200 seconds at Tue Oct 13 15:49:07 UTC 2020
1 ms. Memory: 51200K Free: 31863K (62%)
ptolemy.util.test.WatchDog.cancel(): canceling Tue Oct 13 15:49:07 UTC 2020
auto.tcl: Setting watchdog for 200 seconds at Tue Oct 13 15:49:07 UTC 2020
2 ms. Memory: 51200K Free: 30853K (60%)
ptolemy.util.test.WatchDog.cancel(): canceling Tue Oct 13 15:49:07 UTC 2020
------------------ testing $PTII/ptolemy/domains/de/test/auto/transferInputsandOutputs.xml
auto.tcl: Setting watchdog for 200 seconds at Tue Oct 13 15:49:07 UTC 2020
2 ms. Memory: 51200K Free: 29307K (57%)
ptolemy.util.test.WatchDog.cancel(): canceling Tue Oct 13 15:49:07 UTC 2020
auto.tcl: Setting watchdog for 200 seconds at Tue Oct 13 15:49:07 UTC 2020
3 ms. Memory: 51200K Free: 28283K (55%)
ptolemy.util.test.WatchDog.cancel(): canceling Tue Oct 13 15:49:07 UTC 2020
------------------ testing $PTII/ptolemy/domains/de/test/auto/triggerType.xml
auto.tcl: Setting watchdog for 200 seconds at Tue Oct 13 15:49:07 UTC 2020
2 ms. Memory: 51200K Free: 32332K (63%)
ptolemy.util.test.WatchDog.cancel(): canceling Tue Oct 13 15:49:07 UTC 2020
auto.tcl: Setting watchdog for 200 seconds at Tue Oct 13 15:49:07 UTC 2020
1 ms. Memory: 51200K Free: 31308K (61%)
ptolemy.util.test.WatchDog.cancel(): canceling Tue Oct 13 15:49:07 UTC 2020
10/13/20 03:49:07
Failed: 0  Total Tests: 192  ((Passed: 187, Newly Passed: 1)  Known Failed: 5) /home/travis/build/icyphy/ptII/ptolemy/domains/de/test
10/13/20 03:49:07
Failed: 0  Total Tests: 192  ((Passed: 187, Newly Passed: 1)  Known Failed: 5) /home/travis/build/icyphy/ptII/ptolemy/domains/de/test
----------------- testing (KnownFailure) /home/travis/build/icyphy/ptII/ptolemy/domains/de/test/auto/knownFailedTests/DESDFClockTest.xml
2011 ms. Memory: 51200K Free: 25217K (49%)
Known Failure: java.lang.reflect.InvocationTargetException
----------------- testing (KnownFailure) /home/travis/build/icyphy/ptII/ptolemy/domains/de/test/auto/knownFailedTests/DirectFeedback.xml
2 ms. Memory: 51200K Free: 21631K (42%)
Known Failure: java.lang.reflect.InvocationTargetException
----------------- testing (KnownFailure) /home/travis/build/icyphy/ptII/ptolemy/domains/de/test/auto/knownFailedTests/FSMSource.xml
13 ms. Memory: 51200K Free: 13953K (27%)
----------------- testing (KnownFailure) /home/travis/build/icyphy/ptII/ptolemy/domains/de/test/auto/knownFailedTests/HierarchicalModel.xml
8 ms. Memory: 51200K Free: 26136K (51%)
Known Failure: java.lang.reflect.InvocationTargetException
----------------- testing (KnownFailure) /home/travis/build/icyphy/ptII/ptolemy/domains/de/test/auto/knownFailedTests/dependencyLoop.xml
2 ms. Memory: 51200K Free: 11100K (22%)
Known Failure: java.lang.reflect.InvocationTargetException
----------------- testing (KnownFailure) /home/travis/build/icyphy/ptII/ptolemy/domains/de/test/auto/knownFailedTests/dependencyLoop2.xml
5 ms. Memory: 51200K Free: 24119K (47%)
Known Failure: java.lang.reflect.InvocationTargetException
No auto/linux-amd64/*.xml tests in /home/travis/build/icyphy/ptII/ptolemy/domains/de/test
AutoTests.java: About to close Vertx.
AutoTests.java: Vertx closed.

===========================================================================================
----------------- testing Tue Oct 13 15:49:10 UTC 2020 /home/travis/build/icyphy/ptII/ptolemy/domains/de/test/auto/ActorDepthCalculation_actorWithoutPorts.xml
----------------- Instantiating /home/travis/build/icyphy/ptII/ptolemy/domains/de/test/auto/ActorDepthCalculation_actorWithoutPorts.xml
2 ms. Memory: 51200K Free: 17284K (34%)
----------------- Invoking toplevel() on ptolemy.moml.MoMLSimpleApplication@5ed952e2
----------------- Done invoking toplevel() on ptolemy.moml.MoMLSimpleApplication@5ed952e2
reloadAllAccessors: .ActorDepthCalculation_actorWithoutPorts

===========================================================================================
----------------- testing Tue Oct 13 15:49:10 UTC 2020 /home/travis/build/icyphy/ptII/ptolemy/domains/de/test/auto/AssemblyLine.xml
----------------- Instantiating /home/travis/build/icyphy/ptII/ptolemy/domains/de/test/auto/AssemblyLine.xml
2 ms. Memory: 51200K Free: 10138K (20%)
----------------- Invoking toplevel() on ptolemy.moml.MoMLSimpleApplication@53841e81
----------------- Done invoking toplevel() on ptolemy.moml.MoMLSimpleApplication@53841e81
reloadAllAccessors: .AssemblyLine

===========================================================================================
----------------- testing Tue Oct 13 15:49:10 UTC 2020 /home/travis/build/icyphy/ptII/ptolemy/domains/de/test/auto/CQBug1.xml
----------------- Instantiating /home/travis/build/icyphy/ptII/ptolemy/domains/de/test/auto/CQBug1.xml
1 ms. Memory: 51200K Free: 34865K (68%)
----------------- Invoking toplevel() on ptolemy.moml.MoMLSimpleApplication@6db097a
----------------- Done invoking toplevel() on ptolemy.moml.MoMLSimpleApplication@6db097a
reloadAllAccessors: .CQBug1

===========================================================================================
----------------- testing Tue Oct 13 15:49:10 UTC 2020 /home/travis/build/icyphy/ptII/ptolemy/domains/de/test/auto/CancelFireAt.xml
----------------- Instantiating /home/travis/build/icyphy/ptII/ptolemy/domains/de/test/auto/CancelFireAt.xml
1 ms. Memory: 51200K Free: 32248K (63%)
----------------- Invoking toplevel() on ptolemy.moml.MoMLSimpleApplication@690b4f85
----------------- Done invoking toplevel() on ptolemy.moml.MoMLSimpleApplication@690b4f85
reloadAllAccessors: .CancelFireAt

===========================================================================================
----------------- testing Tue Oct 13 15:49:10 UTC 2020 /home/travis/build/icyphy/ptII/ptolemy/domains/de/test/auto/CausalityAndComposabilityAnalysis.xml
----------------- Instantiating /home/travis/build/icyphy/ptII/ptolemy/domains/de/test/auto/CausalityAndComposabilityAnalysis.xml
1 ms. Memory: 51200K Free: 28042K (55%)
----------------- Invoking toplevel() on ptolemy.moml.MoMLSimpleApplication@4a01ba68
----------------- Done invoking toplevel() on ptolemy.moml.MoMLSimpleApplication@4a01ba68
reloadAllAccessors: .CausalityAndComposabilityAnalysis

===========================================================================================
----------------- testing Tue Oct 13 15:49:10 UTC 2020 /home/travis/build/icyphy/ptII/ptolemy/domains/de/test/auto/CausalityInterface1.xml
----------------- Instantiating /home/travis/build/icyphy/ptII/ptolemy/domains/de/test/auto/CausalityInterface1.xml
5 ms. Memory: 51200K Free: 23008K (45%)
----------------- Invoking toplevel() on ptolemy.moml.MoMLSimpleApplication@4c070364
----------------- Done invoking toplevel() on ptolemy.moml.MoMLSimpleApplication@4c070364
reloadAllAccessors: .CausalityInterface1

===========================================================================================
----------------- testing Tue Oct 13 15:49:10 UTC 2020 /home/travis/build/icyphy/ptII/ptolemy/domains/de/test/auto/CausalityInterface15.xml
----------------- Instantiating /home/travis/build/icyphy/ptII/ptolemy/domains/de/test/auto/CausalityInterface15.xml
1 ms. Memory: 51200K Free: 17427K (34%)
----------------- Invoking toplevel() on ptolemy.moml.MoMLSimpleApplication@4077dc1c
----------------- Done invoking toplevel() on ptolemy.moml.MoMLSimpleApplication@4077dc1c
reloadAllAccessors: .CausalityInterface15

===========================================================================================
----------------- testing Tue Oct 13 15:49:10 UTC 2020 /home/travis/build/icyphy/ptII/ptolemy/domains/de/test/auto/CausalityInterface2.xml
----------------- Instantiating /home/travis/build/icyphy/ptII/ptolemy/domains/de/test/auto/CausalityInterface2.xml
1 ms. Memory: 51200K Free: 13014K (25%)
[...]
	at ptolemy.actor.Manager.run(Manager.java:1263)
	at ptolemy.actor.Manager$PtolemyRunThread.run(Manager.java:1933)
java.lang.RuntimeException: Execution failed
	at ptolemy.moml.MoMLSimpleApplication$UnloadThread.run(MoMLSimpleApplication.java:402)
Caused by: ptolemy.kernel.util.IllegalActionException: Actor is not ready to fire.  Perhaps UpSample.prefire() returned false? Try debugging the actor by selecting "Listen to Actor".  Also, for SDF check moml for tokenConsumptionRate on input.
  in .DESDFClockTest.Play Bell.Copy1:SDF Director and .DESDFClockTest.Play Bell.UpSample
	at ptolemy.actor.sched.StaticSchedulingDirector.fire(StaticSchedulingDirector.java:227)
	at ptolemy.domains.sdf.kernel.SDFDirector.fire(SDFDirector.java:500)
	at ptolemy.actor.CompositeActor.fire(CompositeActor.java:455)
	at ptolemy.domains.de.kernel.DEDirector._fire(DEDirector.java:1949)
	at ptolemy.domains.de.kernel.DEDirector.fire(DEDirector.java:502)
	at ptolemy.actor.CompositeActor.fire(CompositeActor.java:455)
	at ptolemy.actor.Manager.iterate(Manager.java:851)
	at ptolemy.actor.Manager.execute(Manager.java:369)
	at ptolemy.actor.Manager.run(Manager.java:1263)
	at ptolemy.actor.Manager$PtolemyRunThread.run(Manager.java:1933)
java.lang.reflect.InvocationTargetException
	at java.base/jdk.internal.reflect.NativeConstructorAccessorImpl.newInstance0(Native Method)
	at java.base/jdk.internal.reflect.NativeConstructorAccessorImpl.newInstance(NativeConstructorAccessorImpl.java:62)
	at java.base/jdk.internal.reflect.DelegatingConstructorAccessorImpl.newInstance(DelegatingConstructorAccessorImpl.java:45)
	at java.base/java.lang.reflect.Constructor.newInstance(Constructor.java:490)
	at ptolemy.util.test.junit.AutoKnownFailedTests.RunModel(AutoKnownFailedTests.java:105)
	at java.base/jdk.internal.reflect.NativeMethodAccessorImpl.invoke0(Native Method)
	at java.base/jdk.internal.reflect.NativeMethodAccessorImpl.invoke(NativeMethodAccessorImpl.java:62)
	at java.base/jdk.internal.reflect.DelegatingMethodAccessorImpl.invoke(DelegatingMethodAccessorImpl.java:43)
	at java.base/java.lang.reflect.Method.invoke(Method.java:566)
	at org.junit.runners.model.FrameworkMethod$1.runReflectiveCall(FrameworkMethod.java:44)
	at org.junit.internal.runners.model.ReflectiveCallable.run(ReflectiveCallable.java:15)
	at org.junit.runners.model.FrameworkMethod.invokeExplosively(FrameworkMethod.java:41)
	at junitparams.internal.InvokeParameterisedMethod.evaluate(InvokeParameterisedMethod.java:102)
	at org.junit.internal.runners.statements.FailOnTimeout$1.run(FailOnTimeout.java:28)
Caused by: ptolemy.kernel.util.IllegalActionException: Actor is not ready to fire.  Perhaps UpSample.prefire() returned false? Try debugging the actor by selecting "Listen to Actor".  Also, for SDF check moml for tokenConsumptionRate on input.
  in .DESDFClockTest.Play Bell.Copy1:SDF Director and .DESDFClockTest.Play Bell.UpSample
	at ptolemy.actor.sched.StaticSchedulingDirector.fire(StaticSchedulingDirector.java:227)
	at ptolemy.domains.sdf.kernel.SDFDirector.fire(SDFDirector.java:500)
	at ptolemy.actor.CompositeActor.fire(CompositeActor.java:455)
	at ptolemy.domains.de.kernel.DEDirector._fire(DEDirector.java:1949)
	at ptolemy.domains.de.kernel.DEDirector.fire(DEDirector.java:502)
	at ptolemy.actor.CompositeActor.fire(CompositeActor.java:455)
	at ptolemy.actor.Manager.iterate(Manager.java:851)
	at ptolemy.actor.Manager.execute(Manager.java:369)
	at ptolemy.actor.Manager.run(Manager.java:1263)
	at ptolemy.actor.Manager$PtolemyRunThread.run(Manager.java:1933)
java.lang.RuntimeException: Execution failed
	at ptolemy.moml.MoMLSimpleApplication$UnloadThread.run(MoMLSimpleApplication.java:402)
Caused by: ptolemy.kernel.util.IllegalActionException: Test fails in iteration 1.
Value was: 1.0. Should have been: 2.0
  in .DirectFeedback.Test
	at ptolemy.actor.lib.Test.fire(Test.java:268)
	at ptolemy.domains.de.kernel.DEDirector._fire(DEDirector.java:1949)
	at ptolemy.domains.de.kernel.DEDirector.fire(DEDirector.java:502)
	at ptolemy.actor.CompositeActor.fire(CompositeActor.java:455)
	at ptolemy.actor.Manager.iterate(Manager.java:851)
	at ptolemy.actor.Manager.execute(Manager.java:369)
	at ptolemy.actor.Manager.run(Manager.java:1263)
	at ptolemy.actor.Manager$PtolemyRunThread.run(Manager.java:1933)
java.lang.reflect.InvocationTargetException
	at java.base/jdk.internal.reflect.NativeConstructorAccessorImpl.newInstance0(Native Method)
	at java.base/jdk.internal.reflect.NativeConstructorAccessorImpl.newInstance(NativeConstructorAccessorImpl.java:62)
	at java.base/jdk.internal.reflect.DelegatingConstructorAccessorImpl.newInstance(DelegatingConstructorAccessorImpl.java:45)
	at java.base/java.lang.reflect.Constructor.newInstance(Constructor.java:490)
	at ptolemy.util.test.junit.AutoKnownFailedTests.RunModel(AutoKnownFailedTests.java:105)
	at java.base/jdk.internal.reflect.NativeMethodAccessorImpl.invoke0(Native Method)
	at java.base/jdk.internal.reflect.NativeMethodAccessorImpl.invoke(NativeMethodAccessorImpl.java:62)
	at java.base/jdk.internal.reflect.DelegatingMethodAccessorImpl.invoke(DelegatingMethodAccessorImpl.java:43)
	at java.base/java.lang.reflect.Method.invoke(Method.java:566)
	at org.junit.runners.model.FrameworkMethod$1.runReflectiveCall(FrameworkMethod.java:44)
	at org.junit.internal.runners.model.ReflectiveCallable.run(ReflectiveCallable.java:15)
	at org.junit.runners.model.FrameworkMethod.invokeExplosively(FrameworkMethod.java:41)
	at junitparams.internal.InvokeParameterisedMethod.evaluate(InvokeParameterisedMethod.java:102)
	at org.junit.internal.runners.statements.FailOnTimeout$1.run(FailOnTimeout.java:28)
Caused by: ptolemy.kernel.util.IllegalActionException: Test fails in iteration 1.
Value was: 1.0. Should have been: 2.0
  in .DirectFeedback.Test
	at ptolemy.actor.lib.Test.fire(Test.java:268)
	at ptolemy.domains.de.kernel.DEDirector._fire(DEDirector.java:1949)
	at ptolemy.domains.de.kernel.DEDirector.fire(DEDirector.java:502)
	at ptolemy.actor.CompositeActor.fire(CompositeActor.java:455)
	at ptolemy.actor.Manager.iterate(Manager.java:851)
	at ptolemy.actor.Manager.execute(Manager.java:369)
	at ptolemy.actor.Manager.run(Manager.java:1263)
	at ptolemy.actor.Manager$PtolemyRunThread.run(Manager.java:1933)
java.lang.RuntimeException: Execution failed
	at ptolemy.moml.MoMLSimpleApplication$UnloadThread.run(MoMLSimpleApplication.java:402)
Caused by: ptolemy.kernel.util.IllegalActionException: Found a zero delay loop containing .HierarchicalModel.A
  in .HierarchicalModel and .HierarchicalModel.A
	at ptolemy.actor.util.CausalityInterfaceForComposites._computeOutputPortDepth(CausalityInterfaceForComposites.java:759)
	at ptolemy.actor.util.CausalityInterfaceForComposites._computeInputDepth(CausalityInterfaceForComposites.java:696)
	at ptolemy.actor.util.CausalityInterfaceForComposites._computeOutputPortDepth(CausalityInterfaceForComposites.java:765)
	at ptolemy.actor.util.CausalityInterfaceForComposites._computeInputDepth(CausalityInterfaceForComposites.java:696)
	at ptolemy.actor.util.CausalityInterfaceForComposites._computeOutputPortDepth(CausalityInterfaceForComposites.java:765)
	at ptolemy.actor.util.CausalityInterfaceForComposites._computeInputDepth(CausalityInterfaceForComposites.java:696)
	at ptolemy.actor.util.CausalityInterfaceForComposites._computeActorDepth(CausalityInterfaceForComposites.java:532)
	at ptolemy.actor.util.CausalityInterfaceForComposites.checkForCycles(CausalityInterfaceForComposites.java:96)
	at ptolemy.domains.de.kernel.DEDirector.preinitialize(DEDirector.java:1338)
	at ptolemy.actor.CompositeActor.preinitialize(CompositeActor.java:1828)
	at ptolemy.actor.Manager.preinitializeAndResolveTypes(Manager.java:1040)
	at ptolemy.actor.Manager.initialize(Manager.java:710)
	at ptolemy.actor.Manager.execute(Manager.java:356)
	at ptolemy.actor.Manager.run(Manager.java:1263)
	at ptolemy.actor.Manager$PtolemyRunThread.run(Manager.java:1933)
java.lang.reflect.InvocationTargetException
	at java.base/jdk.internal.reflect.NativeConstructorAccessorImpl.newInstance0(Native Method)
	at java.base/jdk.internal.reflect.NativeConstructorAccessorImpl.newInstance(NativeConstructorAccessorImpl.java:62)
	at java.base/jdk.internal.reflect.DelegatingConstructorAccessorImpl.newInstance(DelegatingConstructorAccessorImpl.java:45)
	at java.base/java.lang.reflect.Constructor.newInstance(Constructor.java:490)
	at ptolemy.util.test.junit.AutoKnownFailedTests.RunModel(AutoKnownFailedTests.java:105)
	at java.base/jdk.internal.reflect.NativeMethodAccessorImpl.invoke0(Native Method)
	at java.base/jdk.internal.reflect.NativeMethodAccessorImpl.invoke(NativeMethodAccessorImpl.java:62)
	at java.base/jdk.internal.reflect.DelegatingMethodAccessorImpl.invoke(DelegatingMethodAccessorImpl.java:43)
	at java.base/java.lang.reflect.Method.invoke(Method.java:566)
	at org.junit.runners.model.FrameworkMethod$1.runReflectiveCall(FrameworkMethod.java:44)
	at org.junit.internal.runners.model.ReflectiveCallable.run(ReflectiveCallable.java:15)
	at org.junit.runners.model.FrameworkMethod.invokeExplosively(FrameworkMethod.java:41)
	at junitparams.internal.InvokeParameterisedMethod.evaluate(InvokeParameterisedMethod.java:102)
	at org.junit.internal.runners.statements.FailOnTimeout$1.run(FailOnTimeout.java:28)
Caused by: ptolemy.kernel.util.IllegalActionException: Found a zero delay loop containing .HierarchicalModel.A
  in .HierarchicalModel and .HierarchicalModel.A
	at ptolemy.actor.util.CausalityInterfaceForComposites._computeOutputPortDepth(CausalityInterfaceForComposites.java:759)
	at ptolemy.actor.util.CausalityInterfaceForComposites._computeInputDepth(CausalityInterfaceForComposites.java:696)
	at ptolemy.actor.util.CausalityInterfaceForComposites._computeOutputPortDepth(CausalityInterfaceForComposites.java:765)
	at ptolemy.actor.util.CausalityInterfaceForComposites._computeInputDepth(CausalityInterfaceForComposites.java:696)
	at ptolemy.actor.util.CausalityInterfaceForComposites._computeOutputPortDepth(CausalityInterfaceForComposites.java:765)
	at ptolemy.actor.util.CausalityInterfaceForComposites._computeInputDepth(CausalityInterfaceForComposites.java:696)
	at ptolemy.actor.util.CausalityInterfaceForComposites._computeActorDepth(CausalityInterfaceForComposites.java:532)
	at ptolemy.actor.util.CausalityInterfaceForComposites.checkForCycles(CausalityInterfaceForComposites.java:96)
	at ptolemy.domains.de.kernel.DEDirector.preinitialize(DEDirector.java:1338)
	at ptolemy.actor.CompositeActor.preinitialize(CompositeActor.java:1828)
	at ptolemy.actor.Manager.preinitializeAndResolveTypes(Manager.java:1040)
	at ptolemy.actor.Manager.initialize(Manager.java:710)
	at ptolemy.actor.Manager.execute(Manager.java:356)
	at ptolemy.actor.Manager.run(Manager.java:1263)
	at ptolemy.actor.Manager$PtolemyRunThread.run(Manager.java:1933)
java.lang.RuntimeException: Execution failed
	at ptolemy.moml.MoMLSimpleApplication$UnloadThread.run(MoMLSimpleApplication.java:402)
Caused by: ptolemy.kernel.util.IllegalActionException: Found a zero delay loop containing .dependencyLoop.original
  in .dependencyLoop and .dependencyLoop.original
	at ptolemy.actor.util.CausalityInterfaceForComposites._computeOutputPortDepth(CausalityInterfaceForComposites.java:759)
	at ptolemy.actor.util.CausalityInterfaceForComposites._computeInputDepth(CausalityInterfaceForComposites.java:696)
	at ptolemy.actor.util.CausalityInterfaceForComposites._computeOutputPortDepth(CausalityInterfaceForComposites.java:765)
	at ptolemy.actor.util.CausalityInterfaceForComposites._computeInputDepth(CausalityInterfaceForComposites.java:696)
	at ptolemy.actor.util.CausalityInterfaceForComposites._computeOutputPortDepth(CausalityInterfaceForComposites.java:765)
	at ptolemy.actor.util.CausalityInterfaceForComposites._computeInputDepth(CausalityInterfaceForComposites.java:696)
	at ptolemy.actor.util.CausalityInterfaceForComposites._computeActorDepth(CausalityInterfaceForComposites.java:532)
	at ptolemy.actor.util.CausalityInterfaceForComposites.checkForCycles(CausalityInterfaceForComposites.java:96)
	at ptolemy.domains.de.kernel.DEDirector.preinitialize(DEDirector.java:1338)
	at ptolemy.actor.CompositeActor.preinitialize(CompositeActor.java:1828)
	at ptolemy.actor.Manager.preinitializeAndResolveTypes(Manager.java:1040)
	at ptolemy.actor.Manager.initialize(Manager.java:710)
	at ptolemy.actor.Manager.execute(Manager.java:356)
	at ptolemy.actor.Manager.run(Manager.java:1263)
	at ptolemy.actor.Manager$PtolemyRunThread.run(Manager.java:1933)
java.lang.reflect.InvocationTargetException
	at java.base/jdk.internal.reflect.NativeConstructorAccessorImpl.newInstance0(Native Method)
	at java.base/jdk.internal.reflect.NativeConstructorAccessorImpl.newInstance(NativeConstructorAccessorImpl.java:62)
	at java.base/jdk.internal.reflect.DelegatingConstructorAccessorImpl.newInstance(DelegatingConstructorAccessorImpl.java:45)
	at java.base/java.lang.reflect.Constructor.newInstance(Constructor.java:490)
	at ptolemy.util.test.junit.AutoKnownFailedTests.RunModel(AutoKnownFailedTests.java:105)
	at java.base/jdk.internal.reflect.NativeMethodAccessorImpl.invoke0(Native Method)
	at java.base/jdk.internal.reflect.NativeMethodAccessorImpl.invoke(NativeMethodAccessorImpl.java:62)
	at java.base/jdk.internal.reflect.DelegatingMethodAccessorImpl.invoke(DelegatingMethodAccessorImpl.java:43)
	at java.base/java.lang.reflect.Method.invoke(Method.java:566)
	at org.junit.runners.model.FrameworkMethod$1.runReflectiveCall(FrameworkMethod.java:44)
	at org.junit.internal.runners.model.ReflectiveCallable.run(ReflectiveCallable.java:15)
	at org.junit.runners.model.FrameworkMethod.invokeExplosively(FrameworkMethod.java:41)
	at junitparams.internal.InvokeParameterisedMethod.evaluate(InvokeParameterisedMethod.java:102)
	at org.junit.internal.runners.statements.FailOnTimeout$1.run(FailOnTimeout.java:28)
Caused by: ptolemy.kernel.util.IllegalActionException: Found a zero delay loop containing .dependencyLoop.original
  in .dependencyLoop and .dependencyLoop.original
	at ptolemy.actor.util.CausalityInterfaceForComposites._computeOutputPortDepth(CausalityInterfaceForComposites.java:759)
	at ptolemy.actor.util.CausalityInterfaceForComposites._computeInputDepth(CausalityInterfaceForComposites.java:696)
	at ptolemy.actor.util.CausalityInterfaceForComposites._computeOutputPortDepth(CausalityInterfaceForComposites.java:765)
	at ptolemy.actor.util.CausalityInterfaceForComposites._computeInputDepth(CausalityInterfaceForComposites.java:696)
	at ptolemy.actor.util.CausalityInterfaceForComposites._computeOutputPortDepth(CausalityInterfaceForComposites.java:765)
	at ptolemy.actor.util.CausalityInterfaceForComposites._computeInputDepth(CausalityInterfaceForComposites.java:696)
	at ptolemy.actor.util.CausalityInterfaceForComposites._computeActorDepth(CausalityInterfaceForComposites.java:532)
	at ptolemy.actor.util.CausalityInterfaceForComposites.checkForCycles(CausalityInterfaceForComposites.java:96)
	at ptolemy.domains.de.kernel.DEDirector.preinitialize(DEDirector.java:1338)
	at ptolemy.actor.CompositeActor.preinitialize(CompositeActor.java:1828)
	at ptolemy.actor.Manager.preinitializeAndResolveTypes(Manager.java:1040)
	at ptolemy.actor.Manager.initialize(Manager.java:710)
	at ptolemy.actor.Manager.execute(Manager.java:356)
	at ptolemy.actor.Manager.run(Manager.java:1263)
	at ptolemy.actor.Manager$PtolemyRunThread.run(Manager.java:1933)
java.lang.RuntimeException: Execution failed
	at ptolemy.moml.MoMLSimpleApplication$UnloadThread.run(MoMLSimpleApplication.java:402)
Caused by: ptolemy.kernel.util.IllegalActionException: Found a zero delay loop containing .dependencyLoop2.original
  in .dependencyLoop2 and .dependencyLoop2.original
	at ptolemy.actor.util.CausalityInterfaceForComposites._computeOutputPortDepth(CausalityInterfaceForComposites.java:759)
	at ptolemy.actor.util.CausalityInterfaceForComposites._computeInputDepth(CausalityInterfaceForComposites.java:696)
	at ptolemy.actor.util.CausalityInterfaceForComposites._computeOutputPortDepth(CausalityInterfaceForComposites.java:765)
	at ptolemy.actor.util.CausalityInterfaceForComposites._computeInputDepth(CausalityInterfaceForComposites.java:696)
	at ptolemy.actor.util.CausalityInterfaceForComposites._computeOutputPortDepth(CausalityInterfaceForComposites.java:765)
	at ptolemy.actor.util.CausalityInterfaceForComposites._computeInputDepth(CausalityInterfaceForComposites.java:696)
	at ptolemy.actor.util.CausalityInterfaceForComposites._computeActorDepth(CausalityInterfaceForComposites.java:532)
	at ptolemy.actor.util.CausalityInterfaceForComposites.checkForCycles(CausalityInterfaceForComposites.java:96)
	at ptolemy.domains.de.kernel.DEDirector.preinitialize(DEDirector.java:1338)
	at ptolemy.actor.CompositeActor.preinitialize(CompositeActor.java:1828)
	at ptolemy.actor.Manager.preinitializeAndResolveTypes(Manager.java:1040)
	at ptolemy.actor.Manager.initialize(Manager.java:710)
	at ptolemy.actor.Manager.execute(Manager.java:356)
	at ptolemy.actor.Manager.run(Manager.java:1263)
	at ptolemy.actor.Manager$PtolemyRunThread.run(Manager.java:1933)
java.lang.reflect.InvocationTargetException
	at java.base/jdk.internal.reflect.NativeConstructorAccessorImpl.newInstance0(Native Method)
	at java.base/jdk.internal.reflect.NativeConstructorAccessorImpl.newInstance(NativeConstructorAccessorImpl.java:62)
	at java.base/jdk.internal.reflect.DelegatingConstructorAccessorImpl.newInstance(DelegatingConstructorAccessorImpl.java:45)
	at java.base/java.lang.reflect.Constructor.newInstance(Constructor.java:490)
	at ptolemy.util.test.junit.AutoKnownFailedTests.RunModel(AutoKnownFailedTests.java:105)
	at java.base/jdk.internal.reflect.NativeMethodAccessorImpl.invoke0(Native Method)
	at java.base/jdk.internal.reflect.NativeMethodAccessorImpl.invoke(NativeMethodAccessorImpl.java:62)
	at java.base/jdk.internal.reflect.DelegatingMethodAccessorImpl.invoke(DelegatingMethodAccessorImpl.java:43)
	at java.base/java.lang.reflect.Method.invoke(Method.java:566)
	at org.junit.runners.model.FrameworkMethod$1.runReflectiveCall(FrameworkMethod.java:44)
	at org.junit.internal.runners.model.ReflectiveCallable.run(ReflectiveCallable.java:15)
	at org.junit.runners.model.FrameworkMethod.invokeExplosively(FrameworkMethod.java:41)
	at junitparams.internal.InvokeParameterisedMethod.evaluate(InvokeParameterisedMethod.java:102)
	at org.junit.internal.runners.statements.FailOnTimeout$1.run(FailOnTimeout.java:28)
Caused by: ptolemy.kernel.util.IllegalActionException: Found a zero delay loop containing .dependencyLoop2.original
  in .dependencyLoop2 and .dependencyLoop2.original
	at ptolemy.actor.util.CausalityInterfaceForComposites._computeOutputPortDepth(CausalityInterfaceForComposites.java:759)
	at ptolemy.actor.util.CausalityInterfaceForComposites._computeInputDepth(CausalityInterfaceForComposites.java:696)
	at ptolemy.actor.util.CausalityInterfaceForComposites._computeOutputPortDepth(CausalityInterfaceForComposites.java:765)
	at ptolemy.actor.util.CausalityInterfaceForComposites._computeInputDepth(CausalityInterfaceForComposites.java:696)
	at ptolemy.actor.util.CausalityInterfaceForComposites._computeOutputPortDepth(CausalityInterfaceForComposites.java:765)
	at ptolemy.actor.util.CausalityInterfaceForComposites._computeInputDepth(CausalityInterfaceForComposites.java:696)
	at ptolemy.actor.util.CausalityInterfaceForComposites._computeActorDepth(CausalityInterfaceForComposites.java:532)
	at ptolemy.actor.util.CausalityInterfaceForComposites.checkForCycles(CausalityInterfaceForComposites.java:96)
	at ptolemy.domains.de.kernel.DEDirector.preinitialize(DEDirector.java:1338)
	at ptolemy.actor.CompositeActor.preinitialize(CompositeActor.java:1828)
	at ptolemy.actor.Manager.preinitializeAndResolveTypes(Manager.java:1040)
	at ptolemy.actor.Manager.initialize(Manager.java:710)
	at ptolemy.actor.Manager.execute(Manager.java:356)
	at ptolemy.actor.Manager.run(Manager.java:1263)
	at ptolemy.actor.Manager$PtolemyRunThread.run(Manager.java:1933)
]]></system-err>
</testsuite>
