<?xml version="1.0" encoding="UTF-8" ?>
<testsuite errors="0" failures="0" hostname="travis-job-cdda5081-0b2f-4a14-a711-5e2441e5f8c8" name="ptolemy.domains.continuous.test.junit.JUnitTclTest" skipped="0" tests="156" time="96.146" timestamp="2019-10-10T20:32:12">
  <properties>
[...]
</properties>
  <testcase classname="ptolemy.util.test.junit.TclTests" name="[0] ThereAreNoTclTests (RunTclFile)" time="0.011" />
  <testcase classname="ptolemy.util.test.junit.AutoKnownFailedTests" name="[0] ThereAreNoKnowFailedTests (RunModel)" time="0.002" />
  <testcase classname="ptolemy.util.test.junit.AutoNameArchTests" name="[0] ThereAreNoAutoArchTests (RunModel)" time="0.016" />
  <testcase classname="ptolemy.util.test.junit.AutoTests" name="[0] /home/travis/build/icyphy/ptII/ptolemy/domains/continuous/test/auto/BouncingBall.xml (RunModel)" time="3.827" />
  <testcase classname="ptolemy.util.test.junit.AutoTests" name="[1] /home/travis/build/icyphy/ptII/ptolemy/domains/continuous/test/auto/BouncingBallWithoutGR.xml (RunModel)" time="1.196" />
  <testcase classname="ptolemy.util.test.junit.AutoTests" name="[2] /home/travis/build/icyphy/ptII/ptolemy/domains/continuous/test/auto/Brownian.xml (RunModel)" time="0.136" />
  <testcase classname="ptolemy.util.test.junit.AutoTests" name="[3] /home/travis/build/icyphy/ptII/ptolemy/domains/continuous/test/auto/CarTracking.xml (RunModel)" time="5.472" />
  <testcase classname="ptolemy.util.test.junit.AutoTests" name="[4] /home/travis/build/icyphy/ptII/ptolemy/domains/continuous/test/auto/CartPendulum.xml (RunModel)" time="0.737" />
  <testcase classname="ptolemy.util.test.junit.AutoTests" name="[5] /home/travis/build/icyphy/ptII/ptolemy/domains/continuous/test/auto/CausalityInterface10.xml (RunModel)" time="0.074" />
  <testcase classname="ptolemy.util.test.junit.AutoTests" name="[6] /home/travis/build/icyphy/ptII/ptolemy/domains/continuous/test/auto/CausalityInterface11.xml (RunModel)" time="0.045" />
  <testcase classname="ptolemy.util.test.junit.AutoTests" name="[7] /home/travis/build/icyphy/ptII/ptolemy/domains/continuous/test/auto/CausalityInterface12.xml (RunModel)" time="0.086" />
  <testcase classname="ptolemy.util.test.junit.AutoTests" name="[8] /home/travis/build/icyphy/ptII/ptolemy/domains/continuous/test/auto/CausalityInterface13.xml (RunModel)" time="0.05" />
  <testcase classname="ptolemy.util.test.junit.AutoTests" name="[9] /home/travis/build/icyphy/ptII/ptolemy/domains/continuous/test/auto/CausalityInterface14.xml (RunModel)" time="0.044" />
  <testcase classname="ptolemy.util.test.junit.AutoTests" name="[10] /home/travis/build/icyphy/ptII/ptolemy/domains/continuous/test/auto/CausalityInterface4.xml (RunModel)" time="0.061" />
  <testcase classname="ptolemy.util.test.junit.AutoTests" name="[11] /home/travis/build/icyphy/ptII/ptolemy/domains/continuous/test/auto/CausalityInterface5.xml (RunModel)" time="0.059" />
  <testcase classname="ptolemy.util.test.junit.AutoTests" name="[12] /home/travis/build/icyphy/ptII/ptolemy/domains/continuous/test/auto/CausalityInterface6.xml (RunModel)" time="0.033" />
  <testcase classname="ptolemy.util.test.junit.AutoTests" name="[13] /home/travis/build/icyphy/ptII/ptolemy/domains/continuous/test/auto/CausalityInterface7.xml (RunModel)" time="0.054" />
  <testcase classname="ptolemy.util.test.junit.AutoTests" name="[14] /home/travis/build/icyphy/ptII/ptolemy/domains/continuous/test/auto/CausalityInterface8.xml (RunModel)" time="0.064" />
  <testcase classname="ptolemy.util.test.junit.AutoTests" name="[15] /home/travis/build/icyphy/ptII/ptolemy/domains/continuous/test/auto/CausalityInterface9.xml (RunModel)" time="0.065" />
  <testcase classname="ptolemy.util.test.junit.AutoTests" name="[16] /home/travis/build/icyphy/ptII/ptolemy/domains/continuous/test/auto/CausalityInterfaceFeedback1.xml (RunModel)" time="0.045" />
  <testcase classname="ptolemy.util.test.junit.AutoTests" name="[17] /home/travis/build/icyphy/ptII/ptolemy/domains/continuous/test/auto/CausalityInterfaceFeedback2.xml (RunModel)" time="0.045" />
  <testcase classname="ptolemy.util.test.junit.AutoTests" name="[18] /home/travis/build/icyphy/ptII/ptolemy/domains/continuous/test/auto/CompareWithCurrentTime.xml (RunModel)" time="0.022" />
  <testcase classname="ptolemy.util.test.junit.AutoTests" name="[19] /home/travis/build/icyphy/ptII/ptolemy/domains/continuous/test/auto/ComparedClocks.xml (RunModel)" time="0.101" />
  <testcase classname="ptolemy.util.test.junit.AutoTests" name="[20] /home/travis/build/icyphy/ptII/ptolemy/domains/continuous/test/auto/ContinuousAOCClone.xml (RunModel)" time="3.446" />
  <testcase classname="ptolemy.util.test.junit.AutoTests" name="[21] /home/travis/build/icyphy/ptII/ptolemy/domains/continuous/test/auto/ContinuousClock.xml (RunModel)" time="0.113" />
  <testcase classname="ptolemy.util.test.junit.AutoTests" name="[22] /home/travis/build/icyphy/ptII/ptolemy/domains/continuous/test/auto/ContinuousInContinuous.xml (RunModel)" time="0.122" />
  <testcase classname="ptolemy.util.test.junit.AutoTests" name="[23] /home/travis/build/icyphy/ptII/ptolemy/domains/continuous/test/auto/ContinuousInContinuousInContinuous.xml (RunModel)" time="0.034" />
  <testcase classname="ptolemy.util.test.junit.AutoTests" name="[24] /home/travis/build/icyphy/ptII/ptolemy/domains/continuous/test/auto/ContinuousInDE.xml (RunModel)" time="0.154" />
  <testcase classname="ptolemy.util.test.junit.AutoTests" name="[25] /home/travis/build/icyphy/ptII/ptolemy/domains/continuous/test/auto/ContinuousInDE2.xml (RunModel)" time="0.086" />
  <testcase classname="ptolemy.util.test.junit.AutoTests" name="[26] /home/travis/build/icyphy/ptII/ptolemy/domains/continuous/test/auto/ContinuousInDE3.xml (RunModel)" time="0.076" />
  <testcase classname="ptolemy.util.test.junit.AutoTests" name="[27] /home/travis/build/icyphy/ptII/ptolemy/domains/continuous/test/auto/ContinuousInDE4.xml (RunModel)" time="0.046" />
  <testcase classname="ptolemy.util.test.junit.AutoTests" name="[28] /home/travis/build/icyphy/ptII/ptolemy/domains/continuous/test/auto/ContinuousInDEDifferentRefinements.xml (RunModel)" time="0.146" />
  <testcase classname="ptolemy.util.test.junit.AutoTests" name="[29] /home/travis/build/icyphy/ptII/ptolemy/domains/continuous/test/auto/ContinuousInDEDifferentRefinementsPreemptive.xml (RunModel)" time="0.121" />
  <testcase classname="ptolemy.util.test.junit.AutoTests" name="[30] /home/travis/build/icyphy/ptII/ptolemy/domains/continuous/test/auto/ContinuousInDEInContinuous2.xml (RunModel)" time="0.076" />
  <testcase classname="ptolemy.util.test.junit.AutoTests" name="[31] /home/travis/build/icyphy/ptII/ptolemy/domains/continuous/test/auto/ContinuousInDEInContinuous3.xml (RunModel)" time="0.082" />
  <testcase classname="ptolemy.util.test.junit.AutoTests" name="[32] /home/travis/build/icyphy/ptII/ptolemy/domains/continuous/test/auto/ContinuousInDEInput.xml (RunModel)" time="0.059" />
  <testcase classname="ptolemy.util.test.junit.AutoTests" name="[33] /home/travis/build/icyphy/ptII/ptolemy/domains/continuous/test/auto/ContinuousInDEInput2.xml (RunModel)" time="0.047" />
  <testcase classname="ptolemy.util.test.junit.AutoTests" name="[34] /home/travis/build/icyphy/ptII/ptolemy/domains/continuous/test/auto/ContinuousInDEInput3.xml (RunModel)" time="0.049" />
  <testcase classname="ptolemy.util.test.junit.AutoTests" name="[35] /home/travis/build/icyphy/ptII/ptolemy/domains/continuous/test/auto/ContinuousInDESharingRefinement.xml (RunModel)" time="0.218" />
  <testcase classname="ptolemy.util.test.junit.AutoTests" name="[36] /home/travis/build/icyphy/ptII/ptolemy/domains/continuous/test/auto/ContinuousInDEwithNoPorts.xml (RunModel)" time="0.022" />
  <testcase classname="ptolemy.util.test.junit.AutoTests" name="[37] /home/travis/build/icyphy/ptII/ptolemy/domains/continuous/test/auto/ContinuousInsideDE.xml (RunModel)" time="0.113" />
  <testcase classname="ptolemy.util.test.junit.AutoTests" name="[38] /home/travis/build/icyphy/ptII/ptolemy/domains/continuous/test/auto/ContinuousMerge1.xml (RunModel)" time="0.024" />
  <testcase classname="ptolemy.util.test.junit.AutoTests" name="[39] /home/travis/build/icyphy/ptII/ptolemy/domains/continuous/test/auto/ContinuousMerge2.xml (RunModel)" time="0.064" />
  <testcase classname="ptolemy.util.test.junit.AutoTests" name="[40] /home/travis/build/icyphy/ptII/ptolemy/domains/continuous/test/auto/ContinuousMerge3.xml (RunModel)" time="0.096" />
  <testcase classname="ptolemy.util.test.junit.AutoTests" name="[41] /home/travis/build/icyphy/ptII/ptolemy/domains/continuous/test/auto/ContinuousWithinContinuous.xml (RunModel)" time="0.077" />
  <testcase classname="ptolemy.util.test.junit.AutoTests" name="[42] /home/travis/build/icyphy/ptII/ptolemy/domains/continuous/test/auto/ContinuousWithinContinuous2.xml (RunModel)" time="0.104" />
  <testcase classname="ptolemy.util.test.junit.AutoTests" name="[43] /home/travis/build/icyphy/ptII/ptolemy/domains/continuous/test/auto/ContinuousWithinContinuous3.xml (RunModel)" time="0.04" />
  <testcase classname="ptolemy.util.test.junit.AutoTests" name="[44] /home/travis/build/icyphy/ptII/ptolemy/domains/continuous/test/auto/ContinuousWithinContinuous4.xml (RunModel)" time="0.111" />
  <testcase classname="ptolemy.util.test.junit.AutoTests" name="[45] /home/travis/build/icyphy/ptII/ptolemy/domains/continuous/test/auto/ContinuousWithinContinuous5.xml (RunModel)" time="0.043" />
  <testcase classname="ptolemy.util.test.junit.AutoTests" name="[46] /home/travis/build/icyphy/ptII/ptolemy/domains/continuous/test/auto/ContinuousWithinContinuous6.xml (RunModel)" time="0.047" />
  <testcase classname="ptolemy.util.test.junit.AutoTests" name="[47] /home/travis/build/icyphy/ptII/ptolemy/domains/continuous/test/auto/ContinuousWithinContinuous7.xml (RunModel)" time="0.085" />
  <testcase classname="ptolemy.util.test.junit.AutoTests" name="[48] /home/travis/build/icyphy/ptII/ptolemy/domains/continuous/test/auto/DCMotor.xml (RunModel)" time="18.144" />
  <testcase classname="ptolemy.util.test.junit.AutoTests" name="[49] /home/travis/build/icyphy/ptII/ptolemy/domains/continuous/test/auto/DEInContinuous.xml (RunModel)" time="0.031" />
  <testcase classname="ptolemy.util.test.junit.AutoTests" name="[50] /home/travis/build/icyphy/ptII/ptolemy/domains/continuous/test/auto/DEinContinuous2.xml (RunModel)" time="0.031" />
  <testcase classname="ptolemy.util.test.junit.AutoTests" name="[51] /home/travis/build/icyphy/ptII/ptolemy/domains/continuous/test/auto/Derivative.xml (RunModel)" time="0.213" />
  <testcase classname="ptolemy.util.test.junit.AutoTests" name="[52] /home/travis/build/icyphy/ptII/ptolemy/domains/continuous/test/auto/Derivative1.xml (RunModel)" time="0.051" />
  <testcase classname="ptolemy.util.test.junit.AutoTests" name="[53] /home/travis/build/icyphy/ptII/ptolemy/domains/continuous/test/auto/DiscreteClock.xml (RunModel)" time="0.018" />
  <testcase classname="ptolemy.util.test.junit.AutoTests" name="[54] /home/travis/build/icyphy/ptII/ptolemy/domains/continuous/test/auto/EfficiencyCurve.xml (RunModel)" time="0.094" />
  <testcase classname="ptolemy.util.test.junit.AutoTests" name="[55] /home/travis/build/icyphy/ptII/ptolemy/domains/continuous/test/auto/ExponentialResponse.xml (RunModel)" time="0.136" />
  <testcase classname="ptolemy.util.test.junit.AutoTests" name="[56] /home/travis/build/icyphy/ptII/ptolemy/domains/continuous/test/auto/ExponentialResponseRK45.xml (RunModel)" time="0.04" />
  <testcase classname="ptolemy.util.test.junit.AutoTests" name="[57] /home/travis/build/icyphy/ptII/ptolemy/domains/continuous/test/auto/Friction.xml (RunModel)" time="1.898" />
  <testcase classname="ptolemy.util.test.junit.AutoTests" name="[58] /home/travis/build/icyphy/ptII/ptolemy/domains/continuous/test/auto/FurutaPendulum.xml (RunModel)" time="4.569" />
  <testcase classname="ptolemy.util.test.junit.AutoTests" name="[59] /home/travis/build/icyphy/ptII/ptolemy/domains/continuous/test/auto/HierarchicalExecution.xml (RunModel)" time="3.21" />
  <testcase classname="ptolemy.util.test.junit.AutoTests" name="[60] /home/travis/build/icyphy/ptII/ptolemy/domains/continuous/test/auto/HybridPlant.xml (RunModel)" time="0.719" />
  <testcase classname="ptolemy.util.test.junit.AutoTests" name="[61] /home/travis/build/icyphy/ptII/ptolemy/domains/continuous/test/auto/Hysteresis.xml (RunModel)" time="0.249" />
  <testcase classname="ptolemy.util.test.junit.AutoTests" name="[62] /home/travis/build/icyphy/ptII/ptolemy/domains/continuous/test/auto/HysteresisWithRandomDelay.xml (RunModel)" time="0.308" />
  <testcase classname="ptolemy.util.test.junit.AutoTests" name="[63] /home/travis/build/icyphy/ptII/ptolemy/domains/continuous/test/auto/HysteresisWithRandomLosses.xml (RunModel)" time="2.903" />
  <testcase classname="ptolemy.util.test.junit.AutoTests" name="[64] /home/travis/build/icyphy/ptII/ptolemy/domains/continuous/test/auto/ImmediateTransitions.xml (RunModel)" time="0.051" />
  <testcase classname="ptolemy.util.test.junit.AutoTests" name="[65] /home/travis/build/icyphy/ptII/ptolemy/domains/continuous/test/auto/ImpulseFeedback.xml (RunModel)" time="0.031" />
  <testcase classname="ptolemy.util.test.junit.AutoTests" name="[66] /home/travis/build/icyphy/ptII/ptolemy/domains/continuous/test/auto/ImpulseFeedback2.xml (RunModel)" time="0.026" />
  <testcase classname="ptolemy.util.test.junit.AutoTests" name="[67] /home/travis/build/icyphy/ptII/ptolemy/domains/continuous/test/auto/IncreasingRatePoisson.xml (RunModel)" time="1.008" />
  <testcase classname="ptolemy.util.test.junit.AutoTests" name="[68] /home/travis/build/icyphy/ptII/ptolemy/domains/continuous/test/auto/InitialStateFeedback.xml (RunModel)" time="0.026" />
  <testcase classname="ptolemy.util.test.junit.AutoTests" name="[69] /home/travis/build/icyphy/ptII/ptolemy/domains/continuous/test/auto/Integration.xml (RunModel)" time="0.019" />
  <testcase classname="ptolemy.util.test.junit.AutoTests" name="[70] /home/travis/build/icyphy/ptII/ptolemy/domains/continuous/test/auto/Integration2.xml (RunModel)" time="0.108" />
  <testcase classname="ptolemy.util.test.junit.AutoTests" name="[71] /home/travis/build/icyphy/ptII/ptolemy/domains/continuous/test/auto/Integration3.xml (RunModel)" time="0.017" />
  <testcase classname="ptolemy.util.test.junit.AutoTests" name="[72] /home/travis/build/icyphy/ptII/ptolemy/domains/continuous/test/auto/Integration5.xml (RunModel)" time="0.024" />
  <testcase classname="ptolemy.util.test.junit.AutoTests" name="[73] /home/travis/build/icyphy/ptII/ptolemy/domains/continuous/test/auto/IntegratorImpulse.xml (RunModel)" time="0.018" />
  <testcase classname="ptolemy.util.test.junit.AutoTests" name="[74] /home/travis/build/icyphy/ptII/ptolemy/domains/continuous/test/auto/IntegratorImpulse2.xml (RunModel)" time="0.018" />
  <testcase classname="ptolemy.util.test.junit.AutoTests" name="[75] /home/travis/build/icyphy/ptII/ptolemy/domains/continuous/test/auto/LevelCrossing1.xml (RunModel)" time="0.017" />
  <testcase classname="ptolemy.util.test.junit.AutoTests" name="[76] /home/travis/build/icyphy/ptII/ptolemy/domains/continuous/test/auto/LevelCrossing2.xml (RunModel)" time="0.025" />
  <testcase classname="ptolemy.util.test.junit.AutoTests" name="[77] /home/travis/build/icyphy/ptII/ptolemy/domains/continuous/test/auto/LevelCrossing3.xml (RunModel)" time="0.021" />
  <testcase classname="ptolemy.util.test.junit.AutoTests" name="[78] /home/travis/build/icyphy/ptII/ptolemy/domains/continuous/test/auto/LevelCrossing4.xml (RunModel)" time="0.023" />
  <testcase classname="ptolemy.util.test.junit.AutoTests" name="[79] /home/travis/build/icyphy/ptII/ptolemy/domains/continuous/test/auto/LevelCrossing5.xml (RunModel)" time="0.026" />
  <testcase classname="ptolemy.util.test.junit.AutoTests" name="[80] /home/travis/build/icyphy/ptII/ptolemy/domains/continuous/test/auto/LevelCrossing6.xml (RunModel)" time="0.018" />
  <testcase classname="ptolemy.util.test.junit.AutoTests" name="[81] /home/travis/build/icyphy/ptII/ptolemy/domains/continuous/test/auto/LevelCrossingDetector.xml (RunModel)" time="0.047" />
  <testcase classname="ptolemy.util.test.junit.AutoTests" name="[82] /home/travis/build/icyphy/ptII/ptolemy/domains/continuous/test/auto/LevelCrossingDetectorDetectingDirections.xml (RunModel)" time="0.104" />
  <testcase classname="ptolemy.util.test.junit.AutoTests" name="[83] /home/travis/build/icyphy/ptII/ptolemy/domains/continuous/test/auto/LevelCrossingDetectorDetectsGlitches.xml (RunModel)" time="0.072" />
  <testcase classname="ptolemy.util.test.junit.AutoTests" name="[84] /home/travis/build/icyphy/ptII/ptolemy/domains/continuous/test/auto/LevelCrossingNoInitialOuput.xml (RunModel)" time="0.022" />
  <testcase classname="ptolemy.util.test.junit.AutoTests" name="[85] /home/travis/build/icyphy/ptII/ptolemy/domains/continuous/test/auto/LinearStateSpaceExample.xml (RunModel)" time="0.072" />
  <testcase classname="ptolemy.util.test.junit.AutoTests" name="[86] /home/travis/build/icyphy/ptII/ptolemy/domains/continuous/test/auto/Lorenz.xml (RunModel)" time="5.772" />
  <testcase classname="ptolemy.util.test.junit.AutoTests" name="[87] /home/travis/build/icyphy/ptII/ptolemy/domains/continuous/test/auto/LorenzDifferentialSystem.xml (RunModel)" time="1.323" />
  <testcase classname="ptolemy.util.test.junit.AutoTests" name="[88] /home/travis/build/icyphy/ptII/ptolemy/domains/continuous/test/auto/LorenzDifferentialSystemWithInput.xml (RunModel)" time="1.767" />
  <testcase classname="ptolemy.util.test.junit.AutoTests" name="[89] /home/travis/build/icyphy/ptII/ptolemy/domains/continuous/test/auto/LorenzDifferentialSystemWithTime.xml (RunModel)" time="0.934" />
  <testcase classname="ptolemy.util.test.junit.AutoTests" name="[90] /home/travis/build/icyphy/ptII/ptolemy/domains/continuous/test/auto/Microsteps.xml (RunModel)" time="0.054" />
  <testcase classname="ptolemy.util.test.junit.AutoTests" name="[91] /home/travis/build/icyphy/ptII/ptolemy/domains/continuous/test/auto/Modal1.xml (RunModel)" time="0.088" />
  <testcase classname="ptolemy.util.test.junit.AutoTests" name="[92] /home/travis/build/icyphy/ptII/ptolemy/domains/continuous/test/auto/Modal2.xml (RunModel)" time="0.06" />
  <testcase classname="ptolemy.util.test.junit.AutoTests" name="[93] /home/travis/build/icyphy/ptII/ptolemy/domains/continuous/test/auto/ModalTransitionGuardWithReset.xml (RunModel)" time="0.05" />
  <testcase classname="ptolemy.util.test.junit.AutoTests" name="[94] /home/travis/build/icyphy/ptII/ptolemy/domains/continuous/test/auto/ModalTransitionGuardWithResetUsingPreemptiveTransition.xml (RunModel)" time="0.051" />
  <testcase classname="ptolemy.util.test.junit.AutoTests" name="[95] /home/travis/build/icyphy/ptII/ptolemy/domains/continuous/test/auto/ModalTransitionGuardWithResetUsingPreemptiveTransition2.xml (RunModel)" time="0.031" />
  <testcase classname="ptolemy.util.test.junit.AutoTests" name="[96] /home/travis/build/icyphy/ptII/ptolemy/domains/continuous/test/auto/ModalTransitionGuardWithResetUsingPreemptiveTransition3.xml (RunModel)" time="0.06" />
  <testcase classname="ptolemy.util.test.junit.AutoTests" name="[97] /home/travis/build/icyphy/ptII/ptolemy/domains/continuous/test/auto/NewtonsCradle.xml (RunModel)" time="1.09" />
  <testcase classname="ptolemy.util.test.junit.AutoTests" name="[98] /home/travis/build/icyphy/ptII/ptolemy/domains/continuous/test/auto/NewtonsCradleAnimated.xml (RunModel)" time="1.646" />
  <testcase classname="ptolemy.util.test.junit.AutoTests" name="[99] /home/travis/build/icyphy/ptII/ptolemy/domains/continuous/test/auto/NewtonsCradleComplicated.xml (RunModel)" time="1.189" />
  <testcase classname="ptolemy.util.test.junit.AutoTests" name="[100] /home/travis/build/icyphy/ptII/ptolemy/domains/continuous/test/auto/NewtonsCradleNondeterministic.xml (RunModel)" time="0.903" />
  <testcase classname="ptolemy.util.test.junit.AutoTests" name="[101] /home/travis/build/icyphy/ptII/ptolemy/domains/continuous/test/auto/NewtonsCradlePerfectlyInelastic1.xml (RunModel)" time="1.642" />
  <testcase classname="ptolemy.util.test.junit.AutoTests" name="[102] /home/travis/build/icyphy/ptII/ptolemy/domains/continuous/test/auto/Noise.xml (RunModel)" time="0.25" />
  <testcase classname="ptolemy.util.test.junit.AutoTests" name="[103] /home/travis/build/icyphy/ptII/ptolemy/domains/continuous/test/auto/NoiseSpectrum.xml (RunModel)" time="0.968" />
  <testcase classname="ptolemy.util.test.junit.AutoTests" name="[104] /home/travis/build/icyphy/ptII/ptolemy/domains/continuous/test/auto/ParameterizedNewtonsCradleAnimated.xml (RunModel)" time="0.483" />
  <testcase classname="ptolemy.util.test.junit.AutoTests" name="[105] /home/travis/build/icyphy/ptII/ptolemy/domains/continuous/test/auto/ParameterizedNewtonsCradleAnimatedNondeterministic.xml (RunModel)" time="1.425" />
  <testcase classname="ptolemy.util.test.junit.AutoTests" name="[106] /home/travis/build/icyphy/ptII/ptolemy/domains/continuous/test/auto/Pendulum3D.xml (RunModel)" time="0.204" />
  <testcase classname="ptolemy.util.test.junit.AutoTests" name="[107] /home/travis/build/icyphy/ptII/ptolemy/domains/continuous/test/auto/PeriodicSampler.xml (RunModel)" time="0.018" />
  <testcase classname="ptolemy.util.test.junit.AutoTests" name="[108] /home/travis/build/icyphy/ptII/ptolemy/domains/continuous/test/auto/PeriodicSampler1.xml (RunModel)" time="0.056" />
  <testcase classname="ptolemy.util.test.junit.AutoTests" name="[109] /home/travis/build/icyphy/ptII/ptolemy/domains/continuous/test/auto/PeriodicSampler2.xml (RunModel)" time="0.101" />
  <testcase classname="ptolemy.util.test.junit.AutoTests" name="[110] /home/travis/build/icyphy/ptII/ptolemy/domains/continuous/test/auto/Poisson.xml (RunModel)" time="0.61" />
  <testcase classname="ptolemy.util.test.junit.AutoTests" name="[111] /home/travis/build/icyphy/ptII/ptolemy/domains/continuous/test/auto/PoissonClock.xml (RunModel)" time="0.02" />
  <testcase classname="ptolemy.util.test.junit.AutoTests" name="[112] /home/travis/build/icyphy/ptII/ptolemy/domains/continuous/test/auto/PoissonClock2.xml (RunModel)" time="0.018" />
  <testcase classname="ptolemy.util.test.junit.AutoTests" name="[113] /home/travis/build/icyphy/ptII/ptolemy/domains/continuous/test/auto/PortParameterHierarchy.xml (RunModel)" time="0.04" />
  <testcase classname="ptolemy.util.test.junit.AutoTests" name="[114] /home/travis/build/icyphy/ptII/ptolemy/domains/continuous/test/auto/RandomHybridPlant.xml (RunModel)" time="0.705" />
  <testcase classname="ptolemy.util.test.junit.AutoTests" name="[115] /home/travis/build/icyphy/ptII/ptolemy/domains/continuous/test/auto/ResetTransitionWithStartTime1.xml (RunModel)" time="0.049" />
  <testcase classname="ptolemy.util.test.junit.AutoTests" name="[116] /home/travis/build/icyphy/ptII/ptolemy/domains/continuous/test/auto/ResetTransitionWithStartTime2.xml (RunModel)" time="0.057" />
  <testcase classname="ptolemy.util.test.junit.AutoTests" name="[117] /home/travis/build/icyphy/ptII/ptolemy/domains/continuous/test/auto/ResetTransitionWithStartTime3.xml (RunModel)" time="0.057" />
  <testcase classname="ptolemy.util.test.junit.AutoTests" name="[118] /home/travis/build/icyphy/ptII/ptolemy/domains/continuous/test/auto/ResetTransitionWithStartTime4.xml (RunModel)" time="0.037" />
  <testcase classname="ptolemy.util.test.junit.AutoTests" name="[119] /home/travis/build/icyphy/ptII/ptolemy/domains/continuous/test/auto/ResetTransitionWithStartTime5.xml (RunModel)" time="0.041" />
  <testcase classname="ptolemy.util.test.junit.AutoTests" name="[120] /home/travis/build/icyphy/ptII/ptolemy/domains/continuous/test/auto/ResetTransitionWithStartTime6.xml (RunModel)" time="0.035" />
  <testcase classname="ptolemy.util.test.junit.AutoTests" name="[121] /home/travis/build/icyphy/ptII/ptolemy/domains/continuous/test/auto/SRinContinuous.xml (RunModel)" time="0.042" />
  <testcase classname="ptolemy.util.test.junit.AutoTests" name="[122] /home/travis/build/icyphy/ptII/ptolemy/domains/continuous/test/auto/SampledClocks.xml (RunModel)" time="0.051" />
  <testcase classname="ptolemy.util.test.junit.AutoTests" name="[123] /home/travis/build/icyphy/ptII/ptolemy/domains/continuous/test/auto/Satellite.xml (RunModel)" time="1.095" />
  <testcase classname="ptolemy.util.test.junit.AutoTests" name="[124] /home/travis/build/icyphy/ptII/ptolemy/domains/continuous/test/auto/SigmaDelta.xml (RunModel)" time="3.11" />
  <testcase classname="ptolemy.util.test.junit.AutoTests" name="[125] /home/travis/build/icyphy/ptII/ptolemy/domains/continuous/test/auto/SingleRefinement.xml (RunModel)" time="0.559" />
  <testcase classname="ptolemy.util.test.junit.AutoTests" name="[126] /home/travis/build/icyphy/ptII/ptolemy/domains/continuous/test/auto/SinuBouncingBall.xml (RunModel)" time="1.103" />
  <testcase classname="ptolemy.util.test.junit.AutoTests" name="[127] /home/travis/build/icyphy/ptII/ptolemy/domains/continuous/test/auto/Sinusoid.xml (RunModel)" time="0.026" />
  <testcase classname="ptolemy.util.test.junit.AutoTests" name="[128] /home/travis/build/icyphy/ptII/ptolemy/domains/continuous/test/auto/SinusoidInNoise.xml (RunModel)" time="1.127" />
  <testcase classname="ptolemy.util.test.junit.AutoTests" name="[129] /home/travis/build/icyphy/ptII/ptolemy/domains/continuous/test/auto/SinusoidRK45.xml (RunModel)" time="0.031" />
  <testcase classname="ptolemy.util.test.junit.AutoTests" name="[130] /home/travis/build/icyphy/ptII/ptolemy/domains/continuous/test/auto/SinusoidWithMultipleImpulses.xml (RunModel)" time="0.036" />
  <testcase classname="ptolemy.util.test.junit.AutoTests" name="[131] /home/travis/build/icyphy/ptII/ptolemy/domains/continuous/test/auto/SquareWave.xml (RunModel)" time="0.241" />
  <testcase classname="ptolemy.util.test.junit.AutoTests" name="[132] /home/travis/build/icyphy/ptII/ptolemy/domains/continuous/test/auto/Starmac.xml (RunModel)" time="3.561" />
  <testcase classname="ptolemy.util.test.junit.AutoTests" name="[133] /home/travis/build/icyphy/ptII/ptolemy/domains/continuous/test/auto/StaticUnits.xml (RunModel)" time="2.964" />
  <testcase classname="ptolemy.util.test.junit.AutoTests" name="[134] /home/travis/build/icyphy/ptII/ptolemy/domains/continuous/test/auto/StickyMasses.xml (RunModel)" time="0.205" />
  <testcase classname="ptolemy.util.test.junit.AutoTests" name="[135] /home/travis/build/icyphy/ptII/ptolemy/domains/continuous/test/auto/StopTime.xml (RunModel)" time="0.084" />
  <testcase classname="ptolemy.util.test.junit.AutoTests" name="[136] /home/travis/build/icyphy/ptII/ptolemy/domains/continuous/test/auto/StopTime2.xml (RunModel)" time="0.06" />
  <testcase classname="ptolemy.util.test.junit.AutoTests" name="[137] /home/travis/build/icyphy/ptII/ptolemy/domains/continuous/test/auto/Switch.xml (RunModel)" time="0.084" />
  <testcase classname="ptolemy.util.test.junit.AutoTests" name="[138] /home/travis/build/icyphy/ptII/ptolemy/domains/continuous/test/auto/Thermostat.xml (RunModel)" time="0.226" />
  <testcase classname="ptolemy.util.test.junit.AutoTests" name="[139] /home/travis/build/icyphy/ptII/ptolemy/domains/continuous/test/auto/TimeDelay.xml (RunModel)" time="0.017" />
  <testcase classname="ptolemy.util.test.junit.AutoTests" name="[140] /home/travis/build/icyphy/ptII/ptolemy/domains/continuous/test/auto/TimeDelay2.xml (RunModel)" time="0.035" />
  <testcase classname="ptolemy.util.test.junit.AutoTests" name="[141] /home/travis/build/icyphy/ptII/ptolemy/domains/continuous/test/auto/TimeDelay3.xml (RunModel)" time="0.022" />
  <testcase classname="ptolemy.util.test.junit.AutoTests" name="[142] /home/travis/build/icyphy/ptII/ptolemy/domains/continuous/test/auto/TransferAbsentToInside.xml (RunModel)" time="0.142" />
  <testcase classname="ptolemy.util.test.junit.AutoTests" name="[143] /home/travis/build/icyphy/ptII/ptolemy/domains/continuous/test/auto/Transmission.xml (RunModel)" time="0.967" />
  <testcase classname="ptolemy.util.test.junit.AutoTests" name="[144] /home/travis/build/icyphy/ptII/ptolemy/domains/continuous/test/auto/TriggeredContinuousClock.xml (RunModel)" time="0.083" />
  <testcase classname="ptolemy.util.test.junit.AutoTests" name="[145] /home/travis/build/icyphy/ptII/ptolemy/domains/continuous/test/auto/TwoMachineInfiniteBusControl.xml (RunModel)" time="3.446" />
  <testcase classname="ptolemy.util.test.junit.AutoTests" name="[146] /home/travis/build/icyphy/ptII/ptolemy/domains/continuous/test/auto/V2V.xml (RunModel)" time="0.997" />
  <testcase classname="ptolemy.util.test.junit.AutoTests" name="[147] /home/travis/build/icyphy/ptII/ptolemy/domains/continuous/test/auto/hierarchicalModalModel.xml (RunModel)" time="0.04" />
  <testcase classname="ptolemy.util.test.junit.AutoTests" name="[148] /home/travis/build/icyphy/ptII/ptolemy/domains/continuous/test/auto/hierarchicalModalModel1.xml (RunModel)" time="0.042" />
  <testcase classname="ptolemy.util.test.junit.AutoTests" name="[149] /home/travis/build/icyphy/ptII/ptolemy/domains/continuous/test/auto/hierarchicalModalModel2.xml (RunModel)" time="0.047" />
  <testcase classname="ptolemy.util.test.junit.AutoTests" name="[150] /home/travis/build/icyphy/ptII/ptolemy/domains/continuous/test/auto/hierarchicalModalModel3.xml (RunModel)" time="0.06" />
  <testcase classname="ptolemy.util.test.junit.AutoTests" name="[151] /home/travis/build/icyphy/ptII/ptolemy/domains/continuous/test/auto/hierarchicalModalModel4.xml (RunModel)" time="0.044" />
  <testcase classname="ptolemy.util.test.junit.AutoTests" name="[152] /home/travis/build/icyphy/ptII/ptolemy/domains/continuous/test/auto/junk.xml (RunModel)" time="0.215" />
  <system-out><![CDATA[No tcl tests in /home/travis/build/icyphy/ptII/ptolemy/domains/continuous/test
No auto/knownFailedTests/*.xml tests in /home/travis/build/icyphy/ptII/ptolemy/domains/continuous/test
No auto/linux-amd64/*.xml tests in /home/travis/build/icyphy/ptII/ptolemy/domains/continuous/test
AutoTests.java: About to close Vertx.
AutoTests.java: Vertx closed.

===========================================================================================
----------------- testing Thu Oct 10 20:32:12 UTC 2019 /home/travis/build/icyphy/ptII/ptolemy/domains/continuous/test/auto/BouncingBall.xml
----------------- Instantiating /home/travis/build/icyphy/ptII/ptolemy/domains/continuous/test/auto/BouncingBall.xml
2984 ms. Memory: 120832K Free: 81274K (67%)
----------------- Invoking toplevel() on ptolemy.moml.MoMLSimpleApplication@37304810
----------------- Done invoking toplevel() on ptolemy.moml.MoMLSimpleApplication@37304810
reloadAllAccessors: .BouncingBall

===========================================================================================
----------------- testing Thu Oct 10 20:32:16 UTC 2019 /home/travis/build/icyphy/ptII/ptolemy/domains/continuous/test/auto/BouncingBallWithoutGR.xml
----------------- Instantiating /home/travis/build/icyphy/ptII/ptolemy/domains/continuous/test/auto/BouncingBallWithoutGR.xml
971 ms. Memory: 145408K Free: 81142K (56%)
----------------- Invoking toplevel() on ptolemy.moml.MoMLSimpleApplication@6eb459e6
----------------- Done invoking toplevel() on ptolemy.moml.MoMLSimpleApplication@6eb459e6
reloadAllAccessors: .BouncingBallWithoutGR

===========================================================================================
----------------- testing Thu Oct 10 20:32:17 UTC 2019 /home/travis/build/icyphy/ptII/ptolemy/domains/continuous/test/auto/Brownian.xml
----------------- Instantiating /home/travis/build/icyphy/ptII/ptolemy/domains/continuous/test/auto/Brownian.xml
49 ms. Memory: 145408K Free: 71926K (49%)
----------------- Invoking toplevel() on ptolemy.moml.MoMLSimpleApplication@588bfddf
----------------- Done invoking toplevel() on ptolemy.moml.MoMLSimpleApplication@588bfddf
reloadAllAccessors: .Brownian

===========================================================================================
----------------- testing Thu Oct 10 20:32:17 UTC 2019 /home/travis/build/icyphy/ptII/ptolemy/domains/continuous/test/auto/CarTracking.xml
----------------- Instantiating /home/travis/build/icyphy/ptII/ptolemy/domains/continuous/test/auto/CarTracking.xml
4857 ms. Memory: 210944K Free: 193404K (92%)
----------------- Invoking toplevel() on ptolemy.moml.MoMLSimpleApplication@299f3a39
----------------- Done invoking toplevel() on ptolemy.moml.MoMLSimpleApplication@299f3a39
reloadAllAccessors: .CarTracking

===========================================================================================
----------------- testing Thu Oct 10 20:32:23 UTC 2019 /home/travis/build/icyphy/ptII/ptolemy/domains/continuous/test/auto/CartPendulum.xml
----------------- Instantiating /home/travis/build/icyphy/ptII/ptolemy/domains/continuous/test/auto/CartPendulum.xml
529 ms. Memory: 210944K Free: 103788K (49%)
----------------- Invoking toplevel() on ptolemy.moml.MoMLSimpleApplication@87bf074
----------------- Done invoking toplevel() on ptolemy.moml.MoMLSimpleApplication@87bf074
reloadAllAccessors: .CartPendulum

===========================================================================================
----------------- testing Thu Oct 10 20:32:24 UTC 2019 /home/travis/build/icyphy/ptII/ptolemy/domains/continuous/test/auto/CausalityInterface10.xml
----------------- Instantiating /home/travis/build/icyphy/ptII/ptolemy/domains/continuous/test/auto/CausalityInterface10.xml
17 ms. Memory: 210944K Free: 93562K (44%)
----------------- Invoking toplevel() on ptolemy.moml.MoMLSimpleApplication@7c76b0bd
----------------- Done invoking toplevel() on ptolemy.moml.MoMLSimpleApplication@7c76b0bd
reloadAllAccessors: .CausalityInterface10

===========================================================================================
----------------- testing Thu Oct 10 20:32:24 UTC 2019 /home/travis/build/icyphy/ptII/ptolemy/domains/continuous/test/auto/CausalityInterface11.xml
----------------- Instantiating /home/travis/build/icyphy/ptII/ptolemy/domains/continuous/test/auto/CausalityInterface11.xml
11 ms. Memory: 210944K Free: 87404K (41%)
----------------- Invoking toplevel() on ptolemy.moml.MoMLSimpleApplication@25ef6f83
----------------- Done invoking toplevel() on ptolemy.moml.MoMLSimpleApplication@25ef6f83
reloadAllAccessors: .CausalityInterface11

===========================================================================================
----------------- testing Thu Oct 10 20:32:24 UTC 2019 /home/travis/build/icyphy/ptII/ptolemy/domains/continuous/test/auto/CausalityInterface12.xml
----------------- Instantiating /home/travis/build/icyphy/ptII/ptolemy/domains/continuous/test/auto/CausalityInterface12.xml
11 ms. Memory: 210944K Free: 81260K (39%)
----------------- Invoking toplevel() on ptolemy.moml.MoMLSimpleApplication@61f2e7b2
----------------- Done invoking toplevel() on ptolemy.moml.MoMLSimpleApplication@61f2e7b2
reloadAllAccessors: .CausalityInterface12

===========================================================================================
----------------- testing Thu Oct 10 20:32:24 UTC 2019 /home/travis/build/icyphy/ptII/ptolemy/domains/continuous/test/auto/CausalityInterface13.xml
----------------- Instantiating /home/travis/build/icyphy/ptII/ptolemy/domains/continuous/test/auto/CausalityInterface13.xml
10 ms. Memory: 210944K Free: 75100K (36%)
----------------- Invoking toplevel() on ptolemy.moml.MoMLSimpleApplication@24a552a4
----------------- Done invoking toplevel() on ptolemy.moml.MoMLSimpleApplication@24a552a4
reloadAllAccessors: .CausalityInterface13

===========================================================================================
----------------- testing Thu Oct 10 20:32:24 UTC 2019 /home/travis/build/icyphy/ptII/ptolemy/domains/continuous/test/auto/CausalityInterface14.xml
----------------- Instantiating /home/travis/build/icyphy/ptII/ptolemy/domains/continuous/test/auto/CausalityInterface14.xml
6 ms. Memory: 210944K Free: 193983K (92%)
----------------- Invoking toplevel() on ptolemy.moml.MoMLSimpleApplication@7a7fa3d9
----------------- Done invoking toplevel() on ptolemy.moml.MoMLSimpleApplication@7a7fa3d9
reloadAllAccessors: .CausalityInterface14

===========================================================================================
----------------- testing Thu Oct 10 20:32:24 UTC 2019 /home/travis/build/icyphy/ptII/ptolemy/domains/continuous/test/auto/CausalityInterface4.xml
----------------- Instantiating /home/travis/build/icyphy/ptII/ptolemy/domains/continuous/test/auto/CausalityInterface4.xml
6 ms. Memory: 210944K Free: 186815K (89%)
----------------- Invoking toplevel() on ptolemy.moml.MoMLSimpleApplication@a8e35a7
----------------- Done invoking toplevel() on ptolemy.moml.MoMLSimpleApplication@a8e35a7
reloadAllAccessors: .CausalityInterface4

===========================================================================================
----------------- testing Thu Oct 10 20:32:24 UTC 2019 /home/travis/build/icyphy/ptII/ptolemy/domains/continuous/test/auto/CausalityInterface5.xml
----------------- Instantiating /home/travis/build/icyphy/ptII/ptolemy/domains/continuous/test/auto/CausalityInterface5.xml
16 ms. Memory: 210944K Free: 178623K (85%)
----------------- Invoking toplevel() on ptolemy.moml.MoMLSimpleApplication@3071269c
----------------- Done invoking toplevel() on ptolemy.moml.MoMLSimpleApplication@3071269c
reloadAllAccessors: .CausalityInterface5

===========================================================================================
----------------- testing Thu Oct 10 20:32:24 UTC 2019 /home/travis/build/icyphy/ptII/ptolemy/domains/continuous/test/auto/CausalityInterface6.xml
----------------- Instantiating /home/travis/build/icyphy/ptII/ptolemy/domains/continuous/test/auto/CausalityInterface6.xml
9 ms. Memory: 210944K Free: 172975K (82%)
----------------- Invoking toplevel() on ptolemy.moml.MoMLSimpleApplication@651b2dc7
----------------- Done invoking toplevel() on ptolemy.moml.MoMLSimpleApplication@651b2dc7
reloadAllAccessors: .CausalityInterface6

===========================================================================================
----------------- testing Thu Oct 10 20:32:24 UTC 2019 /home/travis/build/icyphy/ptII/ptolemy/domains/continuous/test/auto/CausalityInterface7.xml
----------------- Instantiating /home/travis/build/icyphy/ptII/ptolemy/domains/continuous/test/auto/CausalityInterface7.xml
13 ms. Memory: 210944K Free: 164287K (78%)
----------------- Invoking toplevel() on ptolemy.moml.MoMLSimpleApplication@61932e8d
----------------- Done invoking toplevel() on ptolemy.moml.MoMLSimpleApplication@61932e8d
reloadAllAccessors: .CausalityInterface7

===========================================================================================
----------------- testing Thu Oct 10 20:32:24 UTC 2019 /home/travis/build/icyphy/ptII/ptolemy/domains/continuous/test/auto/CausalityInterface8.xml
----------------- Instantiating /home/travis/build/icyphy/ptII/ptolemy/domains/continuous/test/auto/CausalityInterface8.xml
9 ms. Memory: 210944K Free: 155071K (74%)
----------------- Invoking toplevel() on ptolemy.moml.MoMLSimpleApplication@3813d18e
----------------- Done invoking toplevel() on ptolemy.moml.MoMLSimpleApplication@3813d18e
reloadAllAccessors: .CausalityInterface8

===========================================================================================
----------------- testing Thu Oct 10 20:32:24 UTC 2019 /home/travis/build/icyphy/ptII/ptolemy/domains/continuous/test/auto/CausalityInterface9.xml
----------------- Instantiating /home/travis/build/icyphy/ptII/ptolemy/domains/continuous/test/auto/CausalityInterface9.xml
11 ms. Memory: 210944K Free: 144314K (68%)
----------------- Invoking toplevel() on ptolemy.moml.MoMLSimpleApplication@77201570
----------------- Done invoking toplevel() on ptolemy.moml.MoMLSimpleApplication@77201570
reloadAllAccessors: .CausalityInterface9

===========================================================================================
----------------- testing Thu Oct 10 20:32:24 UTC 2019 /home/travis/build/icyphy/ptII/ptolemy/domains/continuous/test/auto/CausalityInterfaceFeedback1.xml
----------------- Instantiating /home/travis/build/icyphy/ptII/ptolemy/domains/continuous/test/auto/CausalityInterfaceFeedback1.xml
11 ms. Memory: 210944K Free: 137663K (65%)
----------------- Invoking toplevel() on ptolemy.moml.MoMLSimpleApplication@67c038fc
----------------- Done invoking toplevel() on ptolemy.moml.MoMLSimpleApplication@67c038fc
reloadAllAccessors: .CausalityInterfaceFeedback1

===========================================================================================
----------------- testing Thu Oct 10 20:32:24 UTC 2019 /home/travis/build/icyphy/ptII/ptolemy/domains/continuous/test/auto/CausalityInterfaceFeedback2.xml
----------------- Instantiating /home/travis/build/icyphy/ptII/ptolemy/domains/continuous/test/auto/CausalityInterfaceFeedback2.xml
8 ms. Memory: 210944K Free: 130991K (62%)
----------------- Invoking toplevel() on ptolemy.moml.MoMLSimpleApplication@ec047d4
----------------- Done invoking toplevel() on ptolemy.moml.MoMLSimpleApplication@ec047d4
reloadAllAccessors: .CausalityInterfaceFeedback2

===========================================================================================
----------------- testing Thu Oct 10 20:32:24 UTC 2019 /home/travis/build/icyphy/ptII/ptolemy/domains/continuous/test/auto/CompareWithCurrentTime.xml
----------------- Instantiating /home/travis/build/icyphy/ptII/ptolemy/domains/continuous/test/auto/CompareWithCurrentTime.xml
4 ms. Memory: 210944K Free: 127423K (60%)
----------------- Invoking toplevel() on ptolemy.moml.MoMLSimpleApplication@123cc7ba
----------------- Done invoking toplevel() on ptolemy.moml.MoMLSimpleApplication@123cc7ba
reloadAllAccessors: .CompareWithCurrentTime

===========================================================================================
----------------- testing Thu Oct 10 20:32:24 UTC 2019 /home/travis/build/icyphy/ptII/ptolemy/domains/continuous/test/auto/ComparedClocks.xml
----------------- Instantiating /home/travis/build/icyphy/ptII/ptolemy/domains/continuous/test/auto/ComparedClocks.xml
9 ms. Memory: 210944K Free: 112063K (53%)
----------------- Invoking toplevel() on ptolemy.moml.MoMLSimpleApplication@5d7cb65b
----------------- Done invoking toplevel() on ptolemy.moml.MoMLSimpleApplication@5d7cb65b
reloadAllAccessors: .ComparedClocks

===========================================================================================
----------------- testing Thu Oct 10 20:32:25 UTC 2019 /home/travis/build/icyphy/ptII/ptolemy/domains/continuous/test/auto/ContinuousAOCClone.xml
----------------- Instantiating /home/travis/build/icyphy/ptII/ptolemy/domains/continuous/test/auto/ContinuousAOCClone.xml
3139 ms. Memory: 253952K Free: 119058K (47%)
----------------- Invoking toplevel() on ptolemy.moml.MoMLSimpleApplication@15e0e2ba
----------------- Done invoking toplevel() on ptolemy.moml.MoMLSimpleApplication@15e0e2ba
reloadAllAccessors: .ContinuousAOCClone

===========================================================================================
----------------- testing Thu Oct 10 20:32:28 UTC 2019 /home/travis/build/icyphy/ptII/ptolemy/domains/continuous/test/auto/ContinuousClock.xml
----------------- Instantiating /home/travis/build/icyphy/ptII/ptolemy/domains/continuous/test/auto/ContinuousClock.xml
38 ms. Memory: 253952K Free: 97040K (38%)
----------------- Invoking toplevel() on ptolemy.moml.MoMLSimpleApplication@7ef61ac2
----------------- Done invoking toplevel() on ptolemy.moml.MoMLSimpleApplication@7ef61ac2
reloadAllAccessors: .ContinuousClock

===========================================================================================
----------------- testing Thu Oct 10 20:32:28 UTC 2019 /home/travis/build/icyphy/ptII/ptolemy/domains/continuous/test/auto/ContinuousInContinuous.xml
----------------- Instantiating /home/travis/build/icyphy/ptII/ptolemy/domains/continuous/test/auto/ContinuousInContinuous.xml
50 ms. Memory: 253952K Free: 223902K (88%)
----------------- Invoking toplevel() on ptolemy.moml.MoMLSimpleApplication@52dd747a
----------------- Done invoking toplevel() on ptolemy.moml.MoMLSimpleApplication@52dd747a
reloadAllAccessors: .ContinuousInContinuous

===========================================================================================
----------------- testing Thu Oct 10 20:32:28 UTC 2019 /home/travis/build/icyphy/ptII/ptolemy/domains/continuous/test/auto/ContinuousInContinuousInContinuous.xml
----------------- Instantiating /home/travis/build/icyphy/ptII/ptolemy/domains/continuous/test/auto/ContinuousInContinuousInContinuous.xml
9 ms. Memory: 253952K Free: 215725K (85%)
----------------- Invoking toplevel() on ptolemy.moml.MoMLSimpleApplication@31189d85
----------------- Done invoking toplevel() on ptolemy.moml.MoMLSimpleApplication@31189d85
reloadAllAccessors: .ContinuousInContinuousInContinuous

===========================================================================================
----------------- testing Thu Oct 10 20:32:28 UTC 2019 /home/travis/build/icyphy/ptII/ptolemy/domains/continuous/test/auto/ContinuousInDE.xml
----------------- Instantiating /home/travis/build/icyphy/ptII/ptolemy/domains/continuous/test/auto/ContinuousInDE.xml
120 ms. Memory: 253952K Free: 204975K (81%)
----------------- Invoking toplevel() on ptolemy.moml.MoMLSimpleApplication@e645a9
----------------- Done invoking toplevel() on ptolemy.moml.MoMLSimpleApplication@e645a9
reloadAllAccessors: .ContinuousInDE

===========================================================================================
----------------- testing Thu Oct 10 20:32:28 UTC 2019 /home/travis/build/icyphy/ptII/ptolemy/domains/continuous/test/auto/ContinuousInDE2.xml
----------------- Instantiating /home/travis/build/icyphy/ptII/ptolemy/domains/continuous/test/auto/ContinuousInDE2.xml
49 ms. Memory: 253952K Free: 195245K (77%)
----------------- Invoking toplevel() on ptolemy.moml.MoMLSimpleApplication@2fb846a3
----------------- Done invoking toplevel() on ptolemy.moml.MoMLSimpleApplication@2fb846a3
reloadAllAccessors: .ContinuousInDE2

===========================================================================================
----------------- testing Thu Oct 10 20:32:29 UTC 2019 /home/travis/build/icyphy/ptII/ptolemy/domains/continuous/test/auto/ContinuousInDE3.xml
----------------- Instantiating /home/travis/build/icyphy/ptII/ptolemy/domains/continuous/test/auto/ContinuousInDE3.xml
47 ms. Memory: 253952K Free: 185519K (73%)
----------------- Invoking toplevel() on ptolemy.moml.MoMLSimpleApplication@4d3b77c7
----------------- Done invoking toplevel() on ptolemy.moml.MoMLSimpleApplication@4d3b77c7
reloadAllAccessors: .ContinuousInDE3

===========================================================================================
----------------- testing Thu Oct 10 20:32:29 UTC 2019 /home/travis/build/icyphy/ptII/ptolemy/domains/continuous/test/auto/ContinuousInDE4.xml
----------------- Instantiating /home/travis/build/icyphy/ptII/ptolemy/domains/continuous/test/auto/ContinuousInDE4.xml
17 ms. Memory: 253952K Free: 179375K (71%)
----------------- Invoking toplevel() on ptolemy.moml.MoMLSimpleApplication@487d3d68
----------------- Done invoking toplevel() on ptolemy.moml.MoMLSimpleApplication@487d3d68
reloadAllAccessors: .ContinuousInDE4

===========================================================================================
----------------- testing Thu Oct 10 20:32:29 UTC 2019 /home/travis/build/icyphy/ptII/ptolemy/domains/continuous/test/auto/ContinuousInDEDifferentRefinements.xml
----------------- Instantiating /home/travis/build/icyphy/ptII/ptolemy/domains/continuous/test/auto/ContinuousInDEDifferentRefinements.xml
78 ms. Memory: 253952K Free: 147631K (58%)
----------------- Invoking toplevel() on ptolemy.moml.MoMLSimpleApplication@6efb8e02
----------------- Done invoking toplevel() on ptolemy.moml.MoMLSimpleApplication@6efb8e02
reloadAllAccessors: .ContinuousInDEDifferentRefinements

===========================================================================================
----------------- testing Thu Oct 10 20:32:29 UTC 2019 /home/travis/build/icyphy/ptII/ptolemy/domains/continuous/test/auto/ContinuousInDEDifferentRefinementsPreemptive.xml
----------------- Instantiating /home/travis/build/icyphy/ptII/ptolemy/domains/continuous/test/auto/ContinuousInDEDifferentRefinementsPreemptive.xml
58 ms. Memory: 253952K Free: 116911K (46%)
----------------- Invoking toplevel() on ptolemy.moml.MoMLSimpleApplication@70d26609
----------------- Done invoking toplevel() on ptolemy.moml.MoMLSimpleApplication@70d26609
reloadAllAccessors: .ContinuousInDEDifferentRefinementsPreemptive

===========================================================================================
----------------- testing Thu Oct 10 20:32:29 UTC 2019 /home/travis/build/icyphy/ptII/ptolemy/domains/continuous/test/auto/ContinuousInDEInContinuous2.xml
----------------- Instantiating /home/travis/build/icyphy/ptII/ptolemy/domains/continuous/test/auto/ContinuousInDEInContinuous2.xml
43 ms. Memory: 253952K Free: 105647K (42%)
----------------- Invoking toplevel() on ptolemy.moml.MoMLSimpleApplication@17f4977e
----------------- Done invoking toplevel() on ptolemy.moml.MoMLSimpleApplication@17f4977e
reloadAllAccessors: .ContinuousInDEInContinuous2

===========================================================================================
----------------- testing Thu Oct 10 20:32:29 UTC 2019 /home/travis/build/icyphy/ptII/ptolemy/domains/continuous/test/auto/ContinuousInDEInContinuous3.xml
----------------- Instantiating /home/travis/build/icyphy/ptII/ptolemy/domains/continuous/test/auto/ContinuousInDEInContinuous3.xml
42 ms. Memory: 253952K Free: 93359K (37%)
----------------- Invoking toplevel() on ptolemy.moml.MoMLSimpleApplication@33e50153
----------------- Done invoking toplevel() on ptolemy.moml.MoMLSimpleApplication@33e50153
reloadAllAccessors: .ContinuousInDEInContinuous3

===========================================================================================
----------------- testing Thu Oct 10 20:32:29 UTC 2019 /home/travis/build/icyphy/ptII/ptolemy/domains/continuous/test/auto/ContinuousInDEInput.xml
----------------- Instantiating /home/travis/build/icyphy/ptII/ptolemy/domains/continuous/test/auto/ContinuousInDEInput.xml
22 ms. Memory: 253952K Free: 236815K (93%)
----------------- Invoking toplevel() on ptolemy.moml.MoMLSimpleApplication@61c45119
----------------- Done invoking toplevel() on ptolemy.moml.MoMLSimpleApplication@61c45119
reloadAllAccessors: .ContinuousInDEInput

===========================================================================================
----------------- testing Thu Oct 10 20:32:29 UTC 2019 /home/travis/build/icyphy/ptII/ptolemy/domains/continuous/test/auto/ContinuousInDEInput2.xml
----------------- Instantiating /home/travis/build/icyphy/ptII/ptolemy/domains/continuous/test/auto/ContinuousInDEInput2.xml
19 ms. Memory: 253952K Free: 229647K (90%)
----------------- Invoking toplevel() on ptolemy.moml.MoMLSimpleApplication@26cba853
----------------- Done invoking toplevel() on ptolemy.moml.MoMLSimpleApplication@26cba853
reloadAllAccessors: .ContinuousInDEInput2

===========================================================================================
----------------- testing Thu Oct 10 20:32:29 UTC 2019 /home/travis/build/icyphy/ptII/ptolemy/domains/continuous/test/auto/ContinuousInDEInput3.xml
----------------- Instantiating /home/travis/build/icyphy/ptII/ptolemy/domains/continuous/test/auto/ContinuousInDEInput3.xml
21 ms. Memory: 253952K Free: 222479K (88%)
----------------- Invoking toplevel() on ptolemy.moml.MoMLSimpleApplication@3308dc90
----------------- Done invoking toplevel() on ptolemy.moml.MoMLSimpleApplication@3308dc90
reloadAllAccessors: .ContinuousInDEInput3

===========================================================================================
----------------- testing Thu Oct 10 20:32:29 UTC 2019 /home/travis/build/icyphy/ptII/ptolemy/domains/continuous/test/auto/ContinuousInDESharingRefinement.xml
----------------- Instantiating /home/travis/build/icyphy/ptII/ptolemy/domains/continuous/test/auto/ContinuousInDESharingRefinement.xml
178 ms. Memory: 253952K Free: 127751K (50%)
----------------- Invoking toplevel() on ptolemy.moml.MoMLSimpleApplication@5a80cbc7
----------------- Done invoking toplevel() on ptolemy.moml.MoMLSimpleApplication@5a80cbc7
reloadAllAccessors: .ContinuousInDESharingRefinement

===========================================================================================
----------------- testing Thu Oct 10 20:32:29 UTC 2019 /home/travis/build/icyphy/ptII/ptolemy/domains/continuous/test/auto/ContinuousInDEwithNoPorts.xml
----------------- Instantiating /home/travis/build/icyphy/ptII/ptolemy/domains/continuous/test/auto/ContinuousInDEwithNoPorts.xml
6 ms. Memory: 253952K Free: 123631K (49%)
----------------- Invoking toplevel() on ptolemy.moml.MoMLSimpleApplication@32c27576
----------------- Done invoking toplevel() on ptolemy.moml.MoMLSimpleApplication@32c27576
reloadAllAccessors: .ContinuousInDEwithNoPorts

===========================================================================================
----------------- testing Thu Oct 10 20:32:29 UTC 2019 /home/travis/build/icyphy/ptII/ptolemy/domains/continuous/test/auto/ContinuousInsideDE.xml
----------------- Instantiating /home/travis/build/icyphy/ptII/ptolemy/domains/continuous/test/auto/ContinuousInsideDE.xml
44 ms. Memory: 253952K Free: 112397K (44%)
----------------- Invoking toplevel() on ptolemy.moml.MoMLSimpleApplication@1b2454bf
----------------- Done invoking toplevel() on ptolemy.moml.MoMLSimpleApplication@1b2454bf
reloadAllAccessors: .ContinuousInsideDE

===========================================================================================
----------------- testing Thu Oct 10 20:32:30 UTC 2019 /home/travis/build/icyphy/ptII/ptolemy/domains/continuous/test/auto/ContinuousMerge1.xml
----------------- Instantiating /home/travis/build/icyphy/ptII/ptolemy/domains/continuous/test/auto/ContinuousMerge1.xml
4 ms. Memory: 253952K Free: 107791K (42%)
----------------- Invoking toplevel() on ptolemy.moml.MoMLSimpleApplication@111bd684
----------------- Done invoking toplevel() on ptolemy.moml.MoMLSimpleApplication@111bd684
reloadAllAccessors: .ContinuousMerge1

===========================================================================================
----------------- testing Thu Oct 10 20:32:30 UTC 2019 /home/travis/build/icyphy/ptII/ptolemy/domains/continuous/test/auto/ContinuousMerge2.xml
----------------- Instantiating /home/travis/build/icyphy/ptII/ptolemy/domains/continuous/test/auto/ContinuousMerge2.xml
19 ms. Memory: 253952K Free: 97551K (38%)
----------------- Invoking toplevel() on ptolemy.moml.MoMLSimpleApplication@274b0872
----------------- Done invoking toplevel() on ptolemy.moml.MoMLSimpleApplication@274b0872
reloadAllAccessors: .ContinuousMerge2

===========================================================================================
----------------- testing Thu Oct 10 20:32:30 UTC 2019 /home/travis/build/icyphy/ptII/ptolemy/domains/continuous/test/auto/ContinuousMerge3.xml
----------------- Instantiating /home/travis/build/icyphy/ptII/ptolemy/domains/continuous/test/auto/ContinuousMerge3.xml
64 ms. Memory: 253952K Free: 236866K (93%)
----------------- Invoking toplevel() on ptolemy.moml.MoMLSimpleApplication@1735108e
----------------- Done invoking toplevel() on ptolemy.moml.MoMLSimpleApplication@1735108e
reloadAllAccessors: .ContinuousMerge3

===========================================================================================
----------------- testing Thu Oct 10 20:32:30 UTC 2019 /home/travis/build/icyphy/ptII/ptolemy/domains/continuous/test/auto/ContinuousWithinContinuous.xml
----------------- Instantiating /home/travis/build/icyphy/ptII/ptolemy/domains/continuous/test/auto/ContinuousWithinContinuous.xml
42 ms. Memory: 253952K Free: 227458K (90%)
----------------- Invoking toplevel() on ptolemy.moml.MoMLSimpleApplication@4736c5e6
----------------- Done invoking toplevel() on ptolemy.moml.MoMLSimpleApplication@4736c5e6
reloadAllAccessors: .ContinuousWithinContinuous

===========================================================================================
----------------- testing Thu Oct 10 20:32:30 UTC 2019 /home/travis/build/icyphy/ptII/ptolemy/domains/continuous/test/auto/ContinuousWithinContinuous2.xml
----------------- Instantiating /home/travis/build/icyphy/ptII/ptolemy/domains/continuous/test/auto/ContinuousWithinContinuous2.xml
85 ms. Memory: 253952K Free: 216194K (85%)
----------------- Invoking toplevel() on ptolemy.moml.MoMLSimpleApplication@7e84e444
----------------- Done invoking toplevel() on ptolemy.moml.MoMLSimpleApplication@7e84e444
reloadAllAccessors: .ContinuousWithinContinuous2

===========================================================================================
----------------- testing Thu Oct 10 20:32:30 UTC 2019 /home/travis/build/icyphy/ptII/ptolemy/domains/continuous/test/auto/ContinuousWithinContinuous3.xml
----------------- Instantiating /home/travis/build/icyphy/ptII/ptolemy/domains/continuous/test/auto/ContinuousWithinContinuous3.xml
17 ms. Memory: 253952K Free: 209026K (82%)
----------------- Invoking toplevel() on ptolemy.moml.MoMLSimpleApplication@4d91ffaf
----------------- Done invoking toplevel() on ptolemy.moml.MoMLSimpleApplication@4d91ffaf
reloadAllAccessors: .ContinuousWithinContinuous3

===========================================================================================
----------------- testing Thu Oct 10 20:32:30 UTC 2019 /home/travis/build/icyphy/ptII/ptolemy/domains/continuous/test/auto/ContinuousWithinContinuous4.xml
----------------- Instantiating /home/travis/build/icyphy/ptII/ptolemy/domains/continuous/test/auto/ContinuousWithinContinuous4.xml
80 ms. Memory: 253952K Free: 196738K (77%)
----------------- Invoking toplevel() on ptolemy.moml.MoMLSimpleApplication@1b318741
----------------- Done invoking toplevel() on ptolemy.moml.MoMLSimpleApplication@1b318741
reloadAllAccessors: .ContinuousWithinContinuous4

===========================================================================================
----------------- testing Thu Oct 10 20:32:30 UTC 2019 /home/travis/build/icyphy/ptII/ptolemy/domains/continuous/test/auto/ContinuousWithinContinuous5.xml
----------------- Instantiating /home/travis/build/icyphy/ptII/ptolemy/domains/continuous/test/auto/ContinuousWithinContinuous5.xml
15 ms. Memory: 253952K Free: 189056K (74%)
----------------- Invoking toplevel() on ptolemy.moml.MoMLSimpleApplication@13c1ae8c
----------------- Done invoking toplevel() on ptolemy.moml.MoMLSimpleApplication@13c1ae8c
reloadAllAccessors: .ContinuousWithinContinuous5

===========================================================================================
----------------- testing Thu Oct 10 20:32:30 UTC 2019 /home/travis/build/icyphy/ptII/ptolemy/domains/continuous/test/auto/ContinuousWithinContinuous6.xml
----------------- Instantiating /home/travis/build/icyphy/ptII/ptolemy/domains/continuous/test/auto/ContinuousWithinContinuous6.xml
16 ms. Memory: 253952K Free: 181888K (72%)
----------------- Invoking toplevel() on ptolemy.moml.MoMLSimpleApplication@61b5b836
----------------- Done invoking toplevel() on ptolemy.moml.MoMLSimpleApplication@61b5b836
reloadAllAccessors: .ContinuousWithinContinuous6

===========================================================================================
----------------- testing Thu Oct 10 20:32:30 UTC 2019 /home/travis/build/icyphy/ptII/ptolemy/domains/continuous/test/auto/ContinuousWithinContinuous7.xml
----------------- Instantiating /home/travis/build/icyphy/ptII/ptolemy/domains/continuous/test/auto/ContinuousWithinContinuous7.xml
68 ms. Memory: 253952K Free: 170624K (67%)
----------------- Invoking toplevel() on ptolemy.moml.MoMLSimpleApplication@4aa83dfa
----------------- Done invoking toplevel() on ptolemy.moml.MoMLSimpleApplication@4aa83dfa
reloadAllAccessors: .ContinuousWithinContinuous7

===========================================================================================
----------------- testing Thu Oct 10 20:32:30 UTC 2019 /home/travis/build/icyphy/ptII/ptolemy/domains/continuous/test/auto/DCMotor.xml
----------------- Instantiating /home/travis/build/icyphy/ptII/ptolemy/domains/continuous/test/auto/DCMotor.xml
18038 ms. Memory: 253952K Free: 171989K (68%)
----------------- Invoking toplevel() on ptolemy.moml.MoMLSimpleApplication@316ae632
----------------- Done invoking toplevel() on ptolemy.moml.MoMLSimpleApplication@316ae632
reloadAllAccessors: .DCMotor

===========================================================================================
----------------- testing Thu Oct 10 20:32:48 UTC 2019 /home/travis/build/icyphy/ptII/ptolemy/domains/continuous/test/auto/DEInContinuous.xml
----------------- Instantiating /home/travis/build/icyphy/ptII/ptolemy/domains/continuous/test/auto/DEInContinuous.xml
8 ms. Memory: 253952K Free: 165845K (65%)
----------------- Invoking toplevel() on ptolemy.moml.MoMLSimpleApplication@53ea09a4
----------------- Done invoking toplevel() on ptolemy.moml.MoMLSimpleApplication@53ea09a4
reloadAllAccessors: .DEInContinuous

===========================================================================================
----------------- testing Thu Oct 10 20:32:49 UTC 2019 /home/travis/build/icyphy/ptII/ptolemy/domains/continuous/test/auto/DEinContinuous2.xml
----------------- Instantiating /home/travis/build/icyphy/ptII/ptolemy/domains/continuous/test/auto/DEinContinuous2.xml
7 ms. Memory: 253952K Free: 157653K (62%)
----------------- Invoking toplevel() on ptolemy.moml.MoMLSimpleApplication@606e79c8
----------------- Done invoking toplevel() on ptolemy.moml.MoMLSimpleApplication@606e79c8
reloadAllAccessors: .DEinContinuous2

===========================================================================================
----------------- testing Thu Oct 10 20:32:49 UTC 2019 /home/travis/build/icyphy/ptII/ptolemy/domains/continuous/test/auto/Derivative.xml
----------------- Instantiating /home/travis/build/icyphy/ptII/ptolemy/domains/continuous/test/auto/Derivative.xml
148 ms. Memory: 253952K Free: 127443K (50%)
----------------- Invoking toplevel() on ptolemy.moml.MoMLSimpleApplication@2d3d12e6
----------------- Done invoking toplevel() on ptolemy.moml.MoMLSimpleApplication@2d3d12e6
reloadAllAccessors: .Derivative2

===========================================================================================
----------------- testing Thu Oct 10 20:32:49 UTC 2019 /home/travis/build/icyphy/ptII/ptolemy/domains/continuous/test/auto/Derivative1.xml
----------------- Instantiating /home/travis/build/icyphy/ptII/ptolemy/domains/continuous/test/auto/Derivative1.xml
16 ms. Memory: 253952K Free: 113107K (45%)
----------------- Invoking toplevel() on ptolemy.moml.MoMLSimpleApplication@7cf99547
----------------- Done invoking toplevel() on ptolemy.moml.MoMLSimpleApplication@7cf99547
reloadAllAccessors: .Derivative1

===========================================================================================
----------------- testing Thu Oct 10 20:32:49 UTC 2019 /home/travis/build/icyphy/ptII/ptolemy/domains/continuous/test/auto/DiscreteClock.xml
----------------- Instantiating /home/travis/build/icyphy/ptII/ptolemy/domains/continuous/test/auto/DiscreteClock.xml
4 ms. Memory: 253952K Free: 107987K (43%)
----------------- Invoking toplevel() on ptolemy.moml.MoMLSimpleApplication@2f5879ab
----------------- Done invoking toplevel() on ptolemy.moml.MoMLSimpleApplication@2f5879ab
reloadAllAccessors: .DiscreteClock

===========================================================================================
----------------- testing Thu Oct 10 20:32:49 UTC 2019 /home/travis/build/icyphy/ptII/ptolemy/domains/continuous/test/auto/EfficiencyCurve.xml
----------------- Instantiating /home/travis/build/icyphy/ptII/ptolemy/domains/continuous/test/auto/EfficiencyCurve.xml
58 ms. Memory: 253952K Free: 98771K (39%)
----------------- Invoking toplevel() on ptolemy.moml.MoMLSimpleApplication@67c0b0e3
----------------- Done invoking toplevel() on ptolemy.moml.MoMLSimpleApplication@67c0b0e3
reloadAllAccessors: .EfficiencyCurve

===========================================================================================
----------------- testing Thu Oct 10 20:32:49 UTC 2019 /home/travis/build/icyphy/ptII/ptolemy/domains/continuous/test/auto/ExponentialResponse.xml
----------------- Instantiating /home/travis/build/icyphy/ptII/ptolemy/domains/continuous/test/auto/ExponentialResponse.xml
123 ms. Memory: 253952K Free: 233309K (92%)
----------------- Invoking toplevel() on ptolemy.moml.MoMLSimpleApplication@11506235
----------------- Done invoking toplevel() on ptolemy.moml.MoMLSimpleApplication@11506235
reloadAllAccessors: .ExponentialResponse

===========================================================================================
----------------- testing Thu Oct 10 20:32:49 UTC 2019 /home/travis/build/icyphy/ptII/ptolemy/domains/continuous/test/auto/ExponentialResponseRK45.xml
----------------- Instantiating /home/travis/build/icyphy/ptII/ptolemy/domains/continuous/test/auto/ExponentialResponseRK45.xml
26 ms. Memory: 253952K Free: 226596K (89%)
----------------- Invoking toplevel() on ptolemy.moml.MoMLSimpleApplication@5fe0dfcb
----------------- Done invoking toplevel() on ptolemy.moml.MoMLSimpleApplication@5fe0dfcb
reloadAllAccessors: .ExponentialResponseRK45

===========================================================================================
----------------- testing Thu Oct 10 20:32:49 UTC 2019 /home/travis/build/icyphy/ptII/ptolemy/domains/continuous/test/auto/Friction.xml
----------------- Instantiating /home/travis/build/icyphy/ptII/ptolemy/domains/continuous/test/auto/Friction.xml
1720 ms. Memory: 253952K Free: 99513K (39%)
----------------- Invoking toplevel() on ptolemy.moml.MoMLSimpleApplication@3063d6e7
----------------- Done invoking toplevel() on ptolemy.moml.MoMLSimpleApplication@3063d6e7
reloadAllAccessors: .Friction

===========================================================================================
----------------- testing Thu Oct 10 20:32:51 UTC 2019 /home/travis/build/icyphy/ptII/ptolemy/domains/continuous/test/auto/FurutaPendulum.xml
----------------- Instantiating /home/travis/build/icyphy/ptII/ptolemy/domains/continuous/test/auto/FurutaPendulum.xml
4327 ms. Memory: 253952K Free: 189781K (75%)
----------------- Invoking toplevel() on ptolemy.moml.MoMLSimpleApplication@6fe421d5
----------------- Done invoking toplevel() on ptolemy.moml.MoMLSimpleApplication@6fe421d5
reloadAllAccessors: .FurutaPendulum

===========================================================================================
----------------- testing Thu Oct 10 20:32:56 UTC 2019 /home/travis/build/icyphy/ptII/ptolemy/domains/continuous/test/auto/HierarchicalExecution.xml
----------------- Instantiating /home/travis/build/icyphy/ptII/ptolemy/domains/continuous/test/auto/HierarchicalExecution.xml
2376 ms. Memory: 305152K Free: 237004K (78%)
----------------- Invoking toplevel() on ptolemy.moml.MoMLSimpleApplication@68cb32e7
----------------- Done invoking toplevel() on ptolemy.moml.MoMLSimpleApplication@68cb32e7
reloadAllAccessors: .HierarchicalExecution

===========================================================================================
----------------- testing Thu Oct 10 20:32:59 UTC 2019 /home/travis/build/icyphy/ptII/ptolemy/domains/continuous/test/auto/HybridPlant.xml
----------------- Instantiating /home/travis/build/icyphy/ptII/ptolemy/domains/continuous/test/auto/HybridPlant.xml
623 ms. Memory: 305152K Free: 153032K (50%)
----------------- Invoking toplevel() on ptolemy.moml.MoMLSimpleApplication@6f5abd85
----------------- Done invoking toplevel() on ptolemy.moml.MoMLSimpleApplication@6f5abd85
reloadAllAccessors: .HybridPlant

===========================================================================================
----------------- testing Thu Oct 10 20:33:00 UTC 2019 /home/travis/build/icyphy/ptII/ptolemy/domains/continuous/test/auto/Hysteresis.xml
----------------- Instantiating /home/travis/build/icyphy/ptII/ptolemy/domains/continuous/test/auto/Hysteresis.xml
168 ms. Memory: 305152K Free: 270277K (89%)
----------------- Invoking toplevel() on ptolemy.moml.MoMLSimpleApplication@7d00512
----------------- Done invoking toplevel() on ptolemy.moml.MoMLSimpleApplication@7d00512
reloadAllAccessors: .Hysteresis

===========================================================================================
----------------- testing Thu Oct 10 20:33:00 UTC 2019 /home/travis/build/icyphy/ptII/ptolemy/domains/continuous/test/auto/HysteresisWithRandomDelay.xml
----------------- Instantiating /home/travis/build/icyphy/ptII/ptolemy/domains/continuous/test/auto/HysteresisWithRandomDelay.xml
210 ms. Memory: 305152K Free: 197059K (65%)
----------------- Invoking toplevel() on ptolemy.moml.MoMLSimpleApplication@4919536a
----------------- Done invoking toplevel() on ptolemy.moml.MoMLSimpleApplication@4919536a
reloadAllAccessors: .HysteresisWithRandomDelay

===========================================================================================
----------------- testing Thu Oct 10 20:33:00 UTC 2019 /home/travis/build/icyphy/ptII/ptolemy/domains/continuous/test/auto/HysteresisWithRandomLosses.xml
----------------- Instantiating /home/travis/build/icyphy/ptII/ptolemy/domains/continuous/test/auto/HysteresisWithRandomLosses.xml
2792 ms. Memory: 305152K Free: 159874K (52%)
----------------- Invoking toplevel() on ptolemy.moml.MoMLSimpleApplication@5733b537
----------------- Done invoking toplevel() on ptolemy.moml.MoMLSimpleApplication@5733b537
reloadAllAccessors: .HysteresisWithRandomLosses

===========================================================================================
----------------- testing Thu Oct 10 20:33:03 UTC 2019 /home/travis/build/icyphy/ptII/ptolemy/domains/continuous/test/auto/ImmediateTransitions.xml
----------------- Instantiating /home/travis/build/icyphy/ptII/ptolemy/domains/continuous/test/auto/ImmediateTransitions.xml
12 ms. Memory: 305152K Free: 149124K (49%)
----------------- Invoking toplevel() on ptolemy.moml.MoMLSimpleApplication@56507e78
----------------- Done invoking toplevel() on ptolemy.moml.MoMLSimpleApplication@56507e78
reloadAllAccessors: .ImmediateTransitions

===========================================================================================
----------------- testing Thu Oct 10 20:33:03 UTC 2019 /home/travis/build/icyphy/ptII/ptolemy/domains/continuous/test/auto/ImpulseFeedback.xml
----------------- Instantiating /home/travis/build/icyphy/ptII/ptolemy/domains/continuous/test/auto/ImpulseFeedback.xml
10 ms. Memory: 305152K Free: 143490K (47%)
----------------- Invoking toplevel() on ptolemy.moml.MoMLSimpleApplication@c13b93e
----------------- Done invoking toplevel() on ptolemy.moml.MoMLSimpleApplication@c13b93e
reloadAllAccessors: .ImpulseFeedback

===========================================================================================
----------------- testing Thu Oct 10 20:33:03 UTC 2019 /home/travis/build/icyphy/ptII/ptolemy/domains/continuous/test/auto/ImpulseFeedback2.xml
----------------- Instantiating /home/travis/build/icyphy/ptII/ptolemy/domains/continuous/test/auto/ImpulseFeedback2.xml
7 ms. Memory: 305152K Free: 137860K (45%)
----------------- Invoking toplevel() on ptolemy.moml.MoMLSimpleApplication@771a6db
----------------- Done invoking toplevel() on ptolemy.moml.MoMLSimpleApplication@771a6db
reloadAllAccessors: .ImpulseFeedback2

===========================================================================================
----------------- testing Thu Oct 10 20:33:03 UTC 2019 /home/travis/build/icyphy/ptII/ptolemy/domains/continuous/test/auto/IncreasingRatePoisson.xml
----------------- Instantiating /home/travis/build/icyphy/ptII/ptolemy/domains/continuous/test/auto/IncreasingRatePoisson.xml
973 ms. Memory: 305152K Free: 172345K (56%)
----------------- Invoking toplevel() on ptolemy.moml.MoMLSimpleApplication@1c99a919
----------------- Done invoking toplevel() on ptolemy.moml.MoMLSimpleApplication@1c99a919
reloadAllAccessors: .IncreasingRatePoisson

===========================================================================================
----------------- testing Thu Oct 10 20:33:04 UTC 2019 /home/travis/build/icyphy/ptII/ptolemy/domains/continuous/test/auto/InitialStateFeedback.xml
----------------- Instantiating /home/travis/build/icyphy/ptII/ptolemy/domains/continuous/test/auto/InitialStateFeedback.xml
4 ms. Memory: 305152K Free: 167735K (55%)
----------------- Invoking toplevel() on ptolemy.moml.MoMLSimpleApplication@181565ed
----------------- Done invoking toplevel() on ptolemy.moml.MoMLSimpleApplication@181565ed
reloadAllAccessors: .InitialStateFeedback

===========================================================================================
----------------- testing Thu Oct 10 20:33:04 UTC 2019 /home/travis/build/icyphy/ptII/ptolemy/domains/continuous/test/auto/Integration.xml
----------------- Instantiating /home/travis/build/icyphy/ptII/ptolemy/domains/continuous/test/auto/Integration.xml
2 ms. Memory: 305152K Free: 163639K (54%)
----------------- Invoking toplevel() on ptolemy.moml.MoMLSimpleApplication@5c906273
----------------- Done invoking toplevel() on ptolemy.moml.MoMLSimpleApplication@5c906273
reloadAllAccessors: .Integration

===========================================================================================
----------------- testing Thu Oct 10 20:33:04 UTC 2019 /home/travis/build/icyphy/ptII/ptolemy/domains/continuous/test/auto/Integration2.xml
----------------- Instantiating /home/travis/build/icyphy/ptII/ptolemy/domains/continuous/test/auto/Integration2.xml
92 ms. Memory: 305152K Free: 148793K (49%)
----------------- Invoking toplevel() on ptolemy.moml.MoMLSimpleApplication@661aa3ce
----------------- Done invoking toplevel() on ptolemy.moml.MoMLSimpleApplication@661aa3ce
reloadAllAccessors: .Integration2

===========================================================================================
----------------- testing Thu Oct 10 20:33:04 UTC 2019 /home/travis/build/icyphy/ptII/ptolemy/domains/continuous/test/auto/Integration3.xml
----------------- Instantiating /home/travis/build/icyphy/ptII/ptolemy/domains/continuous/test/auto/Integration3.xml
3 ms. Memory: 305152K Free: 144169K (47%)
----------------- Invoking toplevel() on ptolemy.moml.MoMLSimpleApplication@4eb7e8a9
----------------- Done invoking toplevel() on ptolemy.moml.MoMLSimpleApplication@4eb7e8a9
reloadAllAccessors: .Integration3

===========================================================================================
----------------- testing Thu Oct 10 20:33:04 UTC 2019 /home/travis/build/icyphy/ptII/ptolemy/domains/continuous/test/auto/Integration5.xml
----------------- Instantiating /home/travis/build/icyphy/ptII/ptolemy/domains/continuous/test/auto/Integration5.xml
3 ms. Memory: 305152K Free: 140087K (46%)
----------------- Invoking toplevel() on ptolemy.moml.MoMLSimpleApplication@70ca4e67
----------------- Done invoking toplevel() on ptolemy.moml.MoMLSimpleApplication@70ca4e67
reloadAllAccessors: .Integration5

===========================================================================================
----------------- testing Thu Oct 10 20:33:04 UTC 2019 /home/travis/build/icyphy/ptII/ptolemy/domains/continuous/test/auto/IntegratorImpulse.xml
----------------- Instantiating /home/travis/build/icyphy/ptII/ptolemy/domains/continuous/test/auto/IntegratorImpulse.xml
3 ms. Memory: 305152K Free: 135977K (45%)
----------------- Invoking toplevel() on ptolemy.moml.MoMLSimpleApplication@343118d1
----------------- Done invoking toplevel() on ptolemy.moml.MoMLSimpleApplication@343118d1
reloadAllAccessors: .IntegratorImpulse

===========================================================================================
----------------- testing Thu Oct 10 20:33:04 UTC 2019 /home/travis/build/icyphy/ptII/ptolemy/domains/continuous/test/auto/IntegratorImpulse2.xml
----------------- Instantiating /home/travis/build/icyphy/ptII/ptolemy/domains/continuous/test/auto/IntegratorImpulse2.xml
5 ms. Memory: 305152K Free: 131385K (43%)
----------------- Invoking toplevel() on ptolemy.moml.MoMLSimpleApplication@5805c3d1
----------------- Done invoking toplevel() on ptolemy.moml.MoMLSimpleApplication@5805c3d1
reloadAllAccessors: .IntegratorImpulse2

===========================================================================================
----------------- testing Thu Oct 10 20:33:04 UTC 2019 /home/travis/build/icyphy/ptII/ptolemy/domains/continuous/test/auto/LevelCrossing1.xml
----------------- Instantiating /home/travis/build/icyphy/ptII/ptolemy/domains/continuous/test/auto/LevelCrossing1.xml
3 ms. Memory: 305152K Free: 126265K (41%)
----------------- Invoking toplevel() on ptolemy.moml.MoMLSimpleApplication@1e637bc1
----------------- Done invoking toplevel() on ptolemy.moml.MoMLSimpleApplication@1e637bc1
reloadAllAccessors: .LevelCrossing1

===========================================================================================
----------------- testing Thu Oct 10 20:33:04 UTC 2019 /home/travis/build/icyphy/ptII/ptolemy/domains/continuous/test/auto/LevelCrossing2.xml
----------------- Instantiating /home/travis/build/icyphy/ptII/ptolemy/domains/continuous/test/auto/LevelCrossing2.xml
7 ms. Memory: 305152K Free: 121145K (40%)
----------------- Invoking toplevel() on ptolemy.moml.MoMLSimpleApplication@5082b60c
----------------- Done invoking toplevel() on ptolemy.moml.MoMLSimpleApplication@5082b60c
reloadAllAccessors: .LevelCrossing2

===========================================================================================
----------------- testing Thu Oct 10 20:33:04 UTC 2019 /home/travis/build/icyphy/ptII/ptolemy/domains/continuous/test/auto/LevelCrossing3.xml
----------------- Instantiating /home/travis/build/icyphy/ptII/ptolemy/domains/continuous/test/auto/LevelCrossing3.xml
4 ms. Memory: 305152K Free: 116025K (38%)
----------------- Invoking toplevel() on ptolemy.moml.MoMLSimpleApplication@2246e0b1
----------------- Done invoking toplevel() on ptolemy.moml.MoMLSimpleApplication@2246e0b1
reloadAllAccessors: .LevelCrossing3

===========================================================================================
----------------- testing Thu Oct 10 20:33:04 UTC 2019 /home/travis/build/icyphy/ptII/ptolemy/domains/continuous/test/auto/LevelCrossing4.xml
----------------- Instantiating /home/travis/build/icyphy/ptII/ptolemy/domains/continuous/test/auto/LevelCrossing4.xml
5 ms. Memory: 305152K Free: 110905K (36%)
----------------- Invoking toplevel() on ptolemy.moml.MoMLSimpleApplication@672e9836
----------------- Done invoking toplevel() on ptolemy.moml.MoMLSimpleApplication@672e9836
reloadAllAccessors: .LevelCrossing4

===========================================================================================
----------------- testing Thu Oct 10 20:33:04 UTC 2019 /home/travis/build/icyphy/ptII/ptolemy/domains/continuous/test/auto/LevelCrossing5.xml
----------------- Instantiating /home/travis/build/icyphy/ptII/ptolemy/domains/continuous/test/auto/LevelCrossing5.xml
4 ms. Memory: 305152K Free: 287012K (94%)
----------------- Invoking toplevel() on ptolemy.moml.MoMLSimpleApplication@6ff51259
----------------- Done invoking toplevel() on ptolemy.moml.MoMLSimpleApplication@6ff51259
reloadAllAccessors: .LevelCrossing5

===========================================================================================
[...]
reloadAllAccessors: .ResetTransitionWithStartTime6

===========================================================================================
----------------- testing Thu Oct 10 20:33:27 UTC 2019 /home/travis/build/icyphy/ptII/ptolemy/domains/continuous/test/auto/SRinContinuous.xml
----------------- Instantiating /home/travis/build/icyphy/ptII/ptolemy/domains/continuous/test/auto/SRinContinuous.xml
6 ms. Memory: 305152K Free: 110621K (36%)
----------------- Invoking toplevel() on ptolemy.moml.MoMLSimpleApplication@298787d6
----------------- Done invoking toplevel() on ptolemy.moml.MoMLSimpleApplication@298787d6
reloadAllAccessors: .SRinContinuous

===========================================================================================
----------------- testing Thu Oct 10 20:33:27 UTC 2019 /home/travis/build/icyphy/ptII/ptolemy/domains/continuous/test/auto/SampledClocks.xml
----------------- Instantiating /home/travis/build/icyphy/ptII/ptolemy/domains/continuous/test/auto/SampledClocks.xml
11 ms. Memory: 305152K Free: 279269K (92%)
----------------- Invoking toplevel() on ptolemy.moml.MoMLSimpleApplication@3812d0fc
----------------- Done invoking toplevel() on ptolemy.moml.MoMLSimpleApplication@3812d0fc
reloadAllAccessors: .SampledClocks

===========================================================================================
----------------- testing Thu Oct 10 20:33:27 UTC 2019 /home/travis/build/icyphy/ptII/ptolemy/domains/continuous/test/auto/Satellite.xml
----------------- Instantiating /home/travis/build/icyphy/ptII/ptolemy/domains/continuous/test/auto/Satellite.xml
1059 ms. Memory: 305152K Free: 261799K (86%)
----------------- Invoking toplevel() on ptolemy.moml.MoMLSimpleApplication@a9cbcfe
----------------- Done invoking toplevel() on ptolemy.moml.MoMLSimpleApplication@a9cbcfe
reloadAllAccessors: .Satellite

===========================================================================================
----------------- testing Thu Oct 10 20:33:28 UTC 2019 /home/travis/build/icyphy/ptII/ptolemy/domains/continuous/test/auto/SigmaDelta.xml
----------------- Instantiating /home/travis/build/icyphy/ptII/ptolemy/domains/continuous/test/auto/SigmaDelta.xml
2914 ms. Memory: 305152K Free: 163115K (53%)
----------------- Invoking toplevel() on ptolemy.moml.MoMLSimpleApplication@3f313785
----------------- Done invoking toplevel() on ptolemy.moml.MoMLSimpleApplication@3f313785
reloadAllAccessors: .SigmaDelta

===========================================================================================
----------------- testing Thu Oct 10 20:33:31 UTC 2019 /home/travis/build/icyphy/ptII/ptolemy/domains/continuous/test/auto/SingleRefinement.xml
----------------- Instantiating /home/travis/build/icyphy/ptII/ptolemy/domains/continuous/test/auto/SingleRefinement.xml
386 ms. Memory: 305152K Free: 160561K (53%)
----------------- Invoking toplevel() on ptolemy.moml.MoMLSimpleApplication@4fa0f50f
----------------- Done invoking toplevel() on ptolemy.moml.MoMLSimpleApplication@4fa0f50f
reloadAllAccessors: .SingleRefinement

===========================================================================================
----------------- testing Thu Oct 10 20:33:32 UTC 2019 /home/travis/build/icyphy/ptII/ptolemy/domains/continuous/test/auto/SinuBouncingBall.xml
----------------- Instantiating /home/travis/build/icyphy/ptII/ptolemy/domains/continuous/test/auto/SinuBouncingBall.xml
1006 ms. Memory: 305152K Free: 127471K (42%)
----------------- Invoking toplevel() on ptolemy.moml.MoMLSimpleApplication@34c6b12f
----------------- Done invoking toplevel() on ptolemy.moml.MoMLSimpleApplication@34c6b12f
reloadAllAccessors: .SinuBouncingBall

===========================================================================================
----------------- testing Thu Oct 10 20:33:33 UTC 2019 /home/travis/build/icyphy/ptII/ptolemy/domains/continuous/test/auto/Sinusoid.xml
----------------- Instantiating /home/travis/build/icyphy/ptII/ptolemy/domains/continuous/test/auto/Sinusoid.xml
6 ms. Memory: 305152K Free: 123303K (40%)
----------------- Invoking toplevel() on ptolemy.moml.MoMLSimpleApplication@9e8f319
----------------- Done invoking toplevel() on ptolemy.moml.MoMLSimpleApplication@9e8f319
reloadAllAccessors: .Sinusoid

===========================================================================================
----------------- testing Thu Oct 10 20:33:33 UTC 2019 /home/travis/build/icyphy/ptII/ptolemy/domains/continuous/test/auto/SinusoidInNoise.xml
----------------- Instantiating /home/travis/build/icyphy/ptII/ptolemy/domains/continuous/test/auto/SinusoidInNoise.xml
1070 ms. Memory: 305152K Free: 165154K (54%)
----------------- Invoking toplevel() on ptolemy.moml.MoMLSimpleApplication@39582df5
----------------- Done invoking toplevel() on ptolemy.moml.MoMLSimpleApplication@39582df5
reloadAllAccessors: .SinusoidInNoise

===========================================================================================
----------------- testing Thu Oct 10 20:33:34 UTC 2019 /home/travis/build/icyphy/ptII/ptolemy/domains/continuous/test/auto/SinusoidRK45.xml
----------------- Instantiating /home/travis/build/icyphy/ptII/ptolemy/domains/continuous/test/auto/SinusoidRK45.xml
6 ms. Memory: 305152K Free: 160538K (53%)
----------------- Invoking toplevel() on ptolemy.moml.MoMLSimpleApplication@5739f8cd
----------------- Done invoking toplevel() on ptolemy.moml.MoMLSimpleApplication@5739f8cd
reloadAllAccessors: .SinusoidRK45

===========================================================================================
----------------- testing Thu Oct 10 20:33:34 UTC 2019 /home/travis/build/icyphy/ptII/ptolemy/domains/continuous/test/auto/SinusoidWithMultipleImpulses.xml
----------------- Instantiating /home/travis/build/icyphy/ptII/ptolemy/domains/continuous/test/auto/SinusoidWithMultipleImpulses.xml
14 ms. Memory: 305152K Free: 155938K (51%)
----------------- Invoking toplevel() on ptolemy.moml.MoMLSimpleApplication@34148fdb
----------------- Done invoking toplevel() on ptolemy.moml.MoMLSimpleApplication@34148fdb
reloadAllAccessors: .SinusoidWithMultipleImpulses

===========================================================================================
----------------- testing Thu Oct 10 20:33:34 UTC 2019 /home/travis/build/icyphy/ptII/ptolemy/domains/continuous/test/auto/SquareWave.xml
----------------- Instantiating /home/travis/build/icyphy/ptII/ptolemy/domains/continuous/test/auto/SquareWave.xml
197 ms. Memory: 305152K Free: 128290K (42%)
----------------- Invoking toplevel() on ptolemy.moml.MoMLSimpleApplication@2b0d3c9a
----------------- Done invoking toplevel() on ptolemy.moml.MoMLSimpleApplication@2b0d3c9a
reloadAllAccessors: .SquareWave

===========================================================================================
----------------- testing Thu Oct 10 20:33:34 UTC 2019 /home/travis/build/icyphy/ptII/ptolemy/domains/continuous/test/auto/Starmac.xml
----------------- Instantiating /home/travis/build/icyphy/ptII/ptolemy/domains/continuous/test/auto/Starmac.xml
3105 ms. Memory: 305152K Free: 166364K (55%)
----------------- Invoking toplevel() on ptolemy.moml.MoMLSimpleApplication@568b2cd0
----------------- Done invoking toplevel() on ptolemy.moml.MoMLSimpleApplication@568b2cd0
reloadAllAccessors: .Starmac

===========================================================================================
----------------- testing Thu Oct 10 20:33:38 UTC 2019 /home/travis/build/icyphy/ptII/ptolemy/domains/continuous/test/auto/StaticUnits.xml
----------------- Instantiating /home/travis/build/icyphy/ptII/ptolemy/domains/continuous/test/auto/StaticUnits.xml
2378 ms. Memory: 305152K Free: 216993K (71%)
----------------- Invoking toplevel() on ptolemy.moml.MoMLSimpleApplication@19480d5a
----------------- Done invoking toplevel() on ptolemy.moml.MoMLSimpleApplication@19480d5a
reloadAllAccessors: .StaticUnits

===========================================================================================
----------------- testing Thu Oct 10 20:33:41 UTC 2019 /home/travis/build/icyphy/ptII/ptolemy/domains/continuous/test/auto/StickyMasses.xml
----------------- Instantiating /home/travis/build/icyphy/ptII/ptolemy/domains/continuous/test/auto/StickyMasses.xml
151 ms. Memory: 305152K Free: 167297K (55%)
----------------- Invoking toplevel() on ptolemy.moml.MoMLSimpleApplication@3119d8de
----------------- Done invoking toplevel() on ptolemy.moml.MoMLSimpleApplication@3119d8de
reloadAllAccessors: .StickyMasses

===========================================================================================
----------------- testing Thu Oct 10 20:33:41 UTC 2019 /home/travis/build/icyphy/ptII/ptolemy/domains/continuous/test/auto/StopTime.xml
----------------- Instantiating /home/travis/build/icyphy/ptII/ptolemy/domains/continuous/test/auto/StopTime.xml
46 ms. Memory: 305152K Free: 142241K (47%)
----------------- Invoking toplevel() on ptolemy.moml.MoMLSimpleApplication@26a81766
----------------- Done invoking toplevel() on ptolemy.moml.MoMLSimpleApplication@26a81766
reloadAllAccessors: .StopTime

===========================================================================================
----------------- testing Thu Oct 10 20:33:41 UTC 2019 /home/travis/build/icyphy/ptII/ptolemy/domains/continuous/test/auto/StopTime2.xml
----------------- Instantiating /home/travis/build/icyphy/ptII/ptolemy/domains/continuous/test/auto/StopTime2.xml
37 ms. Memory: 305152K Free: 120223K (39%)
----------------- Invoking toplevel() on ptolemy.moml.MoMLSimpleApplication@1efccad
----------------- Done invoking toplevel() on ptolemy.moml.MoMLSimpleApplication@1efccad
reloadAllAccessors: .StopTime2

===========================================================================================
----------------- testing Thu Oct 10 20:33:41 UTC 2019 /home/travis/build/icyphy/ptII/ptolemy/domains/continuous/test/auto/Switch.xml
----------------- Instantiating /home/travis/build/icyphy/ptII/ptolemy/domains/continuous/test/auto/Switch.xml
61 ms. Memory: 305152K Free: 273825K (90%)
----------------- Invoking toplevel() on ptolemy.moml.MoMLSimpleApplication@4eda7c1
----------------- Done invoking toplevel() on ptolemy.moml.MoMLSimpleApplication@4eda7c1
reloadAllAccessors: .Switch

===========================================================================================
----------------- testing Thu Oct 10 20:33:41 UTC 2019 /home/travis/build/icyphy/ptII/ptolemy/domains/continuous/test/auto/Thermostat.xml
----------------- Instantiating /home/travis/build/icyphy/ptII/ptolemy/domains/continuous/test/auto/Thermostat.xml
200 ms. Memory: 305152K Free: 201121K (66%)
----------------- Invoking toplevel() on ptolemy.moml.MoMLSimpleApplication@145473f7
----------------- Done invoking toplevel() on ptolemy.moml.MoMLSimpleApplication@145473f7
reloadAllAccessors: .Thermostat

===========================================================================================
----------------- testing Thu Oct 10 20:33:41 UTC 2019 /home/travis/build/icyphy/ptII/ptolemy/domains/continuous/test/auto/TimeDelay.xml
----------------- Instantiating /home/travis/build/icyphy/ptII/ptolemy/domains/continuous/test/auto/TimeDelay.xml
6 ms. Memory: 305152K Free: 196497K (64%)
----------------- Invoking toplevel() on ptolemy.moml.MoMLSimpleApplication@11828e27
----------------- Done invoking toplevel() on ptolemy.moml.MoMLSimpleApplication@11828e27
reloadAllAccessors: .TimeDelay

===========================================================================================
----------------- testing Thu Oct 10 20:33:41 UTC 2019 /home/travis/build/icyphy/ptII/ptolemy/domains/continuous/test/auto/TimeDelay2.xml
----------------- Instantiating /home/travis/build/icyphy/ptII/ptolemy/domains/continuous/test/auto/TimeDelay2.xml
12 ms. Memory: 305152K Free: 186785K (61%)
----------------- Invoking toplevel() on ptolemy.moml.MoMLSimpleApplication@1469426
----------------- Done invoking toplevel() on ptolemy.moml.MoMLSimpleApplication@1469426
reloadAllAccessors: .TimeDelay2

===========================================================================================
----------------- testing Thu Oct 10 20:33:41 UTC 2019 /home/travis/build/icyphy/ptII/ptolemy/domains/continuous/test/auto/TimeDelay3.xml
----------------- Instantiating /home/travis/build/icyphy/ptII/ptolemy/domains/continuous/test/auto/TimeDelay3.xml
7 ms. Memory: 305152K Free: 182172K (60%)
----------------- Invoking toplevel() on ptolemy.moml.MoMLSimpleApplication@67d226d6
----------------- Done invoking toplevel() on ptolemy.moml.MoMLSimpleApplication@67d226d6
reloadAllAccessors: .TimeDelay3

===========================================================================================
----------------- testing Thu Oct 10 20:33:41 UTC 2019 /home/travis/build/icyphy/ptII/ptolemy/domains/continuous/test/auto/TransferAbsentToInside.xml
----------------- Instantiating /home/travis/build/icyphy/ptII/ptolemy/domains/continuous/test/auto/TransferAbsentToInside.xml
36 ms. Memory: 305152K Free: 129441K (42%)
----------------- Invoking toplevel() on ptolemy.moml.MoMLSimpleApplication@7cc23d4b
----------------- Done invoking toplevel() on ptolemy.moml.MoMLSimpleApplication@7cc23d4b
reloadAllAccessors: .TransferAbsentToInside

===========================================================================================
----------------- testing Thu Oct 10 20:33:42 UTC 2019 /home/travis/build/icyphy/ptII/ptolemy/domains/continuous/test/auto/Transmission.xml
----------------- Instantiating /home/travis/build/icyphy/ptII/ptolemy/domains/continuous/test/auto/Transmission.xml
930 ms. Memory: 305152K Free: 252897K (83%)
----------------- Invoking toplevel() on ptolemy.moml.MoMLSimpleApplication@455f9035
----------------- Done invoking toplevel() on ptolemy.moml.MoMLSimpleApplication@455f9035
reloadAllAccessors: .Transmission

===========================================================================================
----------------- testing Thu Oct 10 20:33:43 UTC 2019 /home/travis/build/icyphy/ptII/ptolemy/domains/continuous/test/auto/TriggeredContinuousClock.xml
----------------- Instantiating /home/travis/build/icyphy/ptII/ptolemy/domains/continuous/test/auto/TriggeredContinuousClock.xml
48 ms. Memory: 305152K Free: 223201K (73%)
----------------- Invoking toplevel() on ptolemy.moml.MoMLSimpleApplication@4bd377fb
----------------- Done invoking toplevel() on ptolemy.moml.MoMLSimpleApplication@4bd377fb
reloadAllAccessors: .TriggeredContinuousClock

===========================================================================================
----------------- testing Thu Oct 10 20:33:43 UTC 2019 /home/travis/build/icyphy/ptII/ptolemy/domains/continuous/test/auto/TwoMachineInfiniteBusControl.xml
----------------- Instantiating /home/travis/build/icyphy/ptII/ptolemy/domains/continuous/test/auto/TwoMachineInfiniteBusControl.xml
3276 ms. Memory: 305152K Free: 168865K (55%)
----------------- Invoking toplevel() on ptolemy.moml.MoMLSimpleApplication@4b0ee51f
----------------- Done invoking toplevel() on ptolemy.moml.MoMLSimpleApplication@4b0ee51f
reloadAllAccessors: .TwoMachineInfiniteBusControl

===========================================================================================
----------------- testing Thu Oct 10 20:33:46 UTC 2019 /home/travis/build/icyphy/ptII/ptolemy/domains/continuous/test/auto/V2V.xml
----------------- Instantiating /home/travis/build/icyphy/ptII/ptolemy/domains/continuous/test/auto/V2V.xml
907 ms. Memory: 305152K Free: 157073K (51%)
----------------- Invoking toplevel() on ptolemy.moml.MoMLSimpleApplication@436c7436
----------------- Done invoking toplevel() on ptolemy.moml.MoMLSimpleApplication@436c7436
reloadAllAccessors: .V2V

===========================================================================================
----------------- testing Thu Oct 10 20:33:47 UTC 2019 /home/travis/build/icyphy/ptII/ptolemy/domains/continuous/test/auto/hierarchicalModalModel.xml
----------------- Instantiating /home/travis/build/icyphy/ptII/ptolemy/domains/continuous/test/auto/hierarchicalModalModel.xml
10 ms. Memory: 305152K Free: 142241K (47%)
----------------- Invoking toplevel() on ptolemy.moml.MoMLSimpleApplication@7e6a0086
----------------- Done invoking toplevel() on ptolemy.moml.MoMLSimpleApplication@7e6a0086
reloadAllAccessors: .hierarchicalModalModel

===========================================================================================
----------------- testing Thu Oct 10 20:33:47 UTC 2019 /home/travis/build/icyphy/ptII/ptolemy/domains/continuous/test/auto/hierarchicalModalModel1.xml
----------------- Instantiating /home/travis/build/icyphy/ptII/ptolemy/domains/continuous/test/auto/hierarchicalModalModel1.xml
14 ms. Memory: 305152K Free: 127905K (42%)
----------------- Invoking toplevel() on ptolemy.moml.MoMLSimpleApplication@70996b92
----------------- Done invoking toplevel() on ptolemy.moml.MoMLSimpleApplication@70996b92
reloadAllAccessors: .hierarchicalModalModel1

===========================================================================================
----------------- testing Thu Oct 10 20:33:47 UTC 2019 /home/travis/build/icyphy/ptII/ptolemy/domains/continuous/test/auto/hierarchicalModalModel2.xml
----------------- Instantiating /home/travis/build/icyphy/ptII/ptolemy/domains/continuous/test/auto/hierarchicalModalModel2.xml
17 ms. Memory: 305152K Free: 115617K (38%)
----------------- Invoking toplevel() on ptolemy.moml.MoMLSimpleApplication@4481779
----------------- Done invoking toplevel() on ptolemy.moml.MoMLSimpleApplication@4481779
reloadAllAccessors: .hierarchicalModalModel2

===========================================================================================
----------------- testing Thu Oct 10 20:33:47 UTC 2019 /home/travis/build/icyphy/ptII/ptolemy/domains/continuous/test/auto/hierarchicalModalModel3.xml
----------------- Instantiating /home/travis/build/icyphy/ptII/ptolemy/domains/continuous/test/auto/hierarchicalModalModel3.xml
34 ms. Memory: 366592K Free: 344189K (94%)
----------------- Invoking toplevel() on ptolemy.moml.MoMLSimpleApplication@17399a58
----------------- Done invoking toplevel() on ptolemy.moml.MoMLSimpleApplication@17399a58
reloadAllAccessors: .hierarchicalModalModel3

===========================================================================================
----------------- testing Thu Oct 10 20:33:47 UTC 2019 /home/travis/build/icyphy/ptII/ptolemy/domains/continuous/test/auto/hierarchicalModalModel4.xml
----------------- Instantiating /home/travis/build/icyphy/ptII/ptolemy/domains/continuous/test/auto/hierarchicalModalModel4.xml
9 ms. Memory: 366592K Free: 331710K (90%)
----------------- Invoking toplevel() on ptolemy.moml.MoMLSimpleApplication@34ce0a1f
----------------- Done invoking toplevel() on ptolemy.moml.MoMLSimpleApplication@34ce0a1f
reloadAllAccessors: .hierarchicalModalModel4

===========================================================================================
----------------- testing Thu Oct 10 20:33:47 UTC 2019 /home/travis/build/icyphy/ptII/ptolemy/domains/continuous/test/auto/junk.xml
----------------- Instantiating /home/travis/build/icyphy/ptII/ptolemy/domains/continuous/test/auto/junk.xml
173 ms. Memory: 366592K Free: 303038K (83%)
----------------- Invoking toplevel() on ptolemy.moml.MoMLSimpleApplication@7a921e2
----------------- Done invoking toplevel() on ptolemy.moml.MoMLSimpleApplication@7a921e2
reloadAllAccessors: .junk
AutoTests.java: About to close Vertx.
AutoTests.java: Vertx closed.
]]></system-out>
  <system-err><![CDATA[Warning: '.HysteresisWithRandomDelay.NonStrictTest3' The test produced only 27 tokens, yet the correctValues parameter was expecting 30 tokens.
Warning: '.Poisson.NonStrictTest' The test produced only 424 tokens, yet the correctValues parameter was expecting 430 tokens.
]]></system-err>
</testsuite>
