<?xml version="1.0" encoding="UTF-8" ?>
<testsuite errors="0" failures="0" hostname="travis-job-fb47d966-9ac3-40df-8b94-57ef850190dc" name="ptolemy.domains.de.test.junit.JUnitTclTest" skipped="0" tests="101" time="120.759" timestamp="2020-07-25T05:13:34">
  <properties>
[...]
</properties>
  <testcase classname="ptolemy.util.test.junit.TclTests" name="[0] /home/travis/build/icyphy/ptII/ptolemy/domains/de/test/DependencyLoop.tcl (RunTclFile)" time="0.938" />
  <testcase classname="ptolemy.util.test.junit.TclTests" name="[1] /home/travis/build/icyphy/ptII/ptolemy/domains/de/test/RunDETestsAsQSS.tcl (RunTclFile)" time="81.697" />
  <testcase classname="ptolemy.util.test.junit.AutoKnownFailedTests" name="[0] /home/travis/build/icyphy/ptII/ptolemy/domains/de/test/auto/knownFailedTests/DESDFClockTest.xml (RunModel)" time="2.067" />
  <testcase classname="ptolemy.util.test.junit.AutoKnownFailedTests" name="[1] /home/travis/build/icyphy/ptII/ptolemy/domains/de/test/auto/knownFailedTests/DirectFeedback.xml (RunModel)" time="0.023" />
  <testcase classname="ptolemy.util.test.junit.AutoKnownFailedTests" name="[2] /home/travis/build/icyphy/ptII/ptolemy/domains/de/test/auto/knownFailedTests/FSMSource.xml (RunModel)" time="0.021" />
  <testcase classname="ptolemy.util.test.junit.AutoKnownFailedTests" name="[3] /home/travis/build/icyphy/ptII/ptolemy/domains/de/test/auto/knownFailedTests/HierarchicalModel.xml (RunModel)" time="0.039" />
  <testcase classname="ptolemy.util.test.junit.AutoKnownFailedTests" name="[4] /home/travis/build/icyphy/ptII/ptolemy/domains/de/test/auto/knownFailedTests/dependencyLoop.xml (RunModel)" time="0.037" />
  <testcase classname="ptolemy.util.test.junit.AutoKnownFailedTests" name="[5] /home/travis/build/icyphy/ptII/ptolemy/domains/de/test/auto/knownFailedTests/dependencyLoop2.xml (RunModel)" time="0.045" />
  <testcase classname="ptolemy.util.test.junit.AutoNameArchTests" name="[0] ThereAreNoAutoArchTests (RunModel)" time="0.004" />
  <testcase classname="ptolemy.util.test.junit.AutoTests" name="[0] /home/travis/build/icyphy/ptII/ptolemy/domains/de/test/auto/ActorDepthCalculation_actorWithoutPorts.xml (RunModel)" time="0.016" />
  <testcase classname="ptolemy.util.test.junit.AutoTests" name="[1] /home/travis/build/icyphy/ptII/ptolemy/domains/de/test/auto/AssemblyLine.xml (RunModel)" time="0.024" />
  <testcase classname="ptolemy.util.test.junit.AutoTests" name="[2] /home/travis/build/icyphy/ptII/ptolemy/domains/de/test/auto/CQBug1.xml (RunModel)" time="0.009" />
  <testcase classname="ptolemy.util.test.junit.AutoTests" name="[3] /home/travis/build/icyphy/ptII/ptolemy/domains/de/test/auto/CancelFireAt.xml (RunModel)" time="0.011" />
  <testcase classname="ptolemy.util.test.junit.AutoTests" name="[4] /home/travis/build/icyphy/ptII/ptolemy/domains/de/test/auto/CausalityAndComposabilityAnalysis.xml (RunModel)" time="0.01" />
  <testcase classname="ptolemy.util.test.junit.AutoTests" name="[5] /home/travis/build/icyphy/ptII/ptolemy/domains/de/test/auto/CausalityInterface1.xml (RunModel)" time="0.017" />
  <testcase classname="ptolemy.util.test.junit.AutoTests" name="[6] /home/travis/build/icyphy/ptII/ptolemy/domains/de/test/auto/CausalityInterface15.xml (RunModel)" time="0.014" />
  <testcase classname="ptolemy.util.test.junit.AutoTests" name="[7] /home/travis/build/icyphy/ptII/ptolemy/domains/de/test/auto/CausalityInterface2.xml (RunModel)" time="0.013" />
  <testcase classname="ptolemy.util.test.junit.AutoTests" name="[8] /home/travis/build/icyphy/ptII/ptolemy/domains/de/test/auto/CausalityInterface3.xml (RunModel)" time="0.017" />
  <testcase classname="ptolemy.util.test.junit.AutoTests" name="[9] /home/travis/build/icyphy/ptII/ptolemy/domains/de/test/auto/ClockDrift.xml (RunModel)" time="0.035" />
  <testcase classname="ptolemy.util.test.junit.AutoTests" name="[10] /home/travis/build/icyphy/ptII/ptolemy/domains/de/test/auto/ClockDriftAndValueChange.xml (RunModel)" time="0.029" />
  <testcase classname="ptolemy.util.test.junit.AutoTests" name="[11] /home/travis/build/icyphy/ptII/ptolemy/domains/de/test/auto/ClockDriftChange.xml (RunModel)" time="0.034" />
  <testcase classname="ptolemy.util.test.junit.AutoTests" name="[12] /home/travis/build/icyphy/ptII/ptolemy/domains/de/test/auto/ComposableCausalityAnalysis.xml (RunModel)" time="0.016" />
  <testcase classname="ptolemy.util.test.junit.AutoTests" name="[13] /home/travis/build/icyphy/ptII/ptolemy/domains/de/test/auto/DEFixedPointLimitation.xml (RunModel)" time="0.007" />
  <testcase classname="ptolemy.util.test.junit.AutoTests" name="[14] /home/travis/build/icyphy/ptII/ptolemy/domains/de/test/auto/DEScheduleTest.xml (RunModel)" time="0.017" />
  <testcase classname="ptolemy.util.test.junit.AutoTests" name="[15] /home/travis/build/icyphy/ptII/ptolemy/domains/de/test/auto/DEinDEwithStartTimes.xml (RunModel)" time="0.016" />
  <testcase classname="ptolemy.util.test.junit.AutoTests" name="[16] /home/travis/build/icyphy/ptII/ptolemy/domains/de/test/auto/DEinDEwithStartTimes2.xml (RunModel)" time="0.018" />
  <testcase classname="ptolemy.util.test.junit.AutoTests" name="[17] /home/travis/build/icyphy/ptII/ptolemy/domains/de/test/auto/DateDemo.xml (RunModel)" time="0.028" />
  <testcase classname="ptolemy.util.test.junit.AutoTests" name="[18] /home/travis/build/icyphy/ptII/ptolemy/domains/de/test/auto/DateToEvent.xml (RunModel)" time="2.037" />
  <testcase classname="ptolemy.util.test.junit.AutoTests" name="[19] /home/travis/build/icyphy/ptII/ptolemy/domains/de/test/auto/DepthTest1.xml (RunModel)" time="0.011" />
  <testcase classname="ptolemy.util.test.junit.AutoTests" name="[20] /home/travis/build/icyphy/ptII/ptolemy/domains/de/test/auto/DepthTest2.xml (RunModel)" time="0.016" />
  <testcase classname="ptolemy.util.test.junit.AutoTests" name="[21] /home/travis/build/icyphy/ptII/ptolemy/domains/de/test/auto/DepthTest3.xml (RunModel)" time="0.008" />
  <testcase classname="ptolemy.util.test.junit.AutoTests" name="[22] /home/travis/build/icyphy/ptII/ptolemy/domains/de/test/auto/DepthTest4.xml (RunModel)" time="0.017" />
  <testcase classname="ptolemy.util.test.junit.AutoTests" name="[23] /home/travis/build/icyphy/ptII/ptolemy/domains/de/test/auto/DepthTest5.xml (RunModel)" time="0.014" />
  <testcase classname="ptolemy.util.test.junit.AutoTests" name="[24] /home/travis/build/icyphy/ptII/ptolemy/domains/de/test/auto/DepthTest6.xml (RunModel)" time="0.01" />
  <testcase classname="ptolemy.util.test.junit.AutoTests" name="[25] /home/travis/build/icyphy/ptII/ptolemy/domains/de/test/auto/DepthTest7.xml (RunModel)" time="0.013" />
  <testcase classname="ptolemy.util.test.junit.AutoTests" name="[26] /home/travis/build/icyphy/ptII/ptolemy/domains/de/test/auto/EventToDate.xml (RunModel)" time="3.039" />
  <testcase classname="ptolemy.util.test.junit.AutoTests" name="[27] /home/travis/build/icyphy/ptII/ptolemy/domains/de/test/auto/FSM1.xml (RunModel)" time="0.038" />
  <testcase classname="ptolemy.util.test.junit.AutoTests" name="[28] /home/travis/build/icyphy/ptII/ptolemy/domains/de/test/auto/FSM7.xml (RunModel)" time="0.036" />
  <testcase classname="ptolemy.util.test.junit.AutoTests" name="[29] /home/travis/build/icyphy/ptII/ptolemy/domains/de/test/auto/Inspection.xml (RunModel)" time="0.046" />
  <testcase classname="ptolemy.util.test.junit.AutoTests" name="[30] /home/travis/build/icyphy/ptII/ptolemy/domains/de/test/auto/Iteration.xml (RunModel)" time="0.019" />
  <testcase classname="ptolemy.util.test.junit.AutoTests" name="[31] /home/travis/build/icyphy/ptII/ptolemy/domains/de/test/auto/LineFault.xml (RunModel)" time="0.537" />
  <testcase classname="ptolemy.util.test.junit.AutoTests" name="[32] /home/travis/build/icyphy/ptII/ptolemy/domains/de/test/auto/MergeModel1Add.xml (RunModel)" time="0.043" />
  <testcase classname="ptolemy.util.test.junit.AutoTests" name="[33] /home/travis/build/icyphy/ptII/ptolemy/domains/de/test/auto/MergeModel2Add.xml (RunModel)" time="0.034" />
  <testcase classname="ptolemy.util.test.junit.AutoTests" name="[34] /home/travis/build/icyphy/ptII/ptolemy/domains/de/test/auto/MergeModel3Add.xml (RunModel)" time="0.044" />
  <testcase classname="ptolemy.util.test.junit.AutoTests" name="[35] /home/travis/build/icyphy/ptII/ptolemy/domains/de/test/auto/MergeWithoutDiscard.xml (RunModel)" time="0.01" />
  <testcase classname="ptolemy.util.test.junit.AutoTests" name="[36] /home/travis/build/icyphy/ptII/ptolemy/domains/de/test/auto/Modal1.xml (RunModel)" time="0.028" />
  <testcase classname="ptolemy.util.test.junit.AutoTests" name="[37] /home/travis/build/icyphy/ptII/ptolemy/domains/de/test/auto/Modal2.xml (RunModel)" time="0.027" />
  <testcase classname="ptolemy.util.test.junit.AutoTests" name="[38] /home/travis/build/icyphy/ptII/ptolemy/domains/de/test/auto/Modal3.xml (RunModel)" time="0.028" />
  <testcase classname="ptolemy.util.test.junit.AutoTests" name="[39] /home/travis/build/icyphy/ptII/ptolemy/domains/de/test/auto/Modal4.xml (RunModel)" time="0.033" />
  <testcase classname="ptolemy.util.test.junit.AutoTests" name="[40] /home/travis/build/icyphy/ptII/ptolemy/domains/de/test/auto/Modal5.xml (RunModel)" time="0.025" />
  <testcase classname="ptolemy.util.test.junit.AutoTests" name="[41] /home/travis/build/icyphy/ptII/ptolemy/domains/de/test/auto/Modal6.xml (RunModel)" time="0.03" />
  <testcase classname="ptolemy.util.test.junit.AutoTests" name="[42] /home/travis/build/icyphy/ptII/ptolemy/domains/de/test/auto/Modal7.xml (RunModel)" time="0.026" />
  <testcase classname="ptolemy.util.test.junit.AutoTests" name="[43] /home/travis/build/icyphy/ptII/ptolemy/domains/de/test/auto/ModalModel.xml (RunModel)" time="0.181" />
  <testcase classname="ptolemy.util.test.junit.AutoTests" name="[44] /home/travis/build/icyphy/ptII/ptolemy/domains/de/test/auto/ModalSource.xml (RunModel)" time="0.021" />
  <testcase classname="ptolemy.util.test.junit.AutoTests" name="[45] /home/travis/build/icyphy/ptII/ptolemy/domains/de/test/auto/NonInterruptibleTimerZeroDelay.xml (RunModel)" time="0.015" />
  <testcase classname="ptolemy.util.test.junit.AutoTests" name="[46] /home/travis/build/icyphy/ptII/ptolemy/domains/de/test/auto/OpenQueueingNetwork.xml (RunModel)" time="2.168" />
  <testcase classname="ptolemy.util.test.junit.AutoTests" name="[47] /home/travis/build/icyphy/ptII/ptolemy/domains/de/test/auto/OpenQueuingNetwork.xml (RunModel)" time="0.24" />
  <testcase classname="ptolemy.util.test.junit.AutoTests" name="[48] /home/travis/build/icyphy/ptII/ptolemy/domains/de/test/auto/PeriodicSampler.xml (RunModel)" time="0.014" />
  <testcase classname="ptolemy.util.test.junit.AutoTests" name="[49] /home/travis/build/icyphy/ptII/ptolemy/domains/de/test/auto/PersistentIO.xml (RunModel)" time="0.02" />
  <testcase classname="ptolemy.util.test.junit.AutoTests" name="[50] /home/travis/build/icyphy/ptII/ptolemy/domains/de/test/auto/PortParameterResetOnInitialize.xml (RunModel)" time="0.007" />
  <testcase classname="ptolemy.util.test.junit.AutoTests" name="[51] /home/travis/build/icyphy/ptII/ptolemy/domains/de/test/auto/PortParameterUpdates.xml (RunModel)" time="0.013" />
  <testcase classname="ptolemy.util.test.junit.AutoTests" name="[52] /home/travis/build/icyphy/ptII/ptolemy/domains/de/test/auto/QueueAndServer.xml (RunModel)" time="0.017" />
  <testcase classname="ptolemy.util.test.junit.AutoTests" name="[53] /home/travis/build/icyphy/ptII/ptolemy/domains/de/test/auto/Records.xml (RunModel)" time="0.012" />
  <testcase classname="ptolemy.util.test.junit.AutoTests" name="[54] /home/travis/build/icyphy/ptII/ptolemy/domains/de/test/auto/ResetTransitionWithStartTime1.xml (RunModel)" time="0.02" />
  <testcase classname="ptolemy.util.test.junit.AutoTests" name="[55] /home/travis/build/icyphy/ptII/ptolemy/domains/de/test/auto/ResetTransitionWithStartTime2.xml (RunModel)" time="0.017" />
  <testcase classname="ptolemy.util.test.junit.AutoTests" name="[56] /home/travis/build/icyphy/ptII/ptolemy/domains/de/test/auto/ResetTransitionWithStartTime3.xml (RunModel)" time="0.022" />
  <testcase classname="ptolemy.util.test.junit.AutoTests" name="[57] /home/travis/build/icyphy/ptII/ptolemy/domains/de/test/auto/ResetTransitionWithStartTime4.xml (RunModel)" time="0.018" />
  <testcase classname="ptolemy.util.test.junit.AutoTests" name="[58] /home/travis/build/icyphy/ptII/ptolemy/domains/de/test/auto/ResettableTimer1.xml (RunModel)" time="0.011" />
  <testcase classname="ptolemy.util.test.junit.AutoTests" name="[59] /home/travis/build/icyphy/ptII/ptolemy/domains/de/test/auto/ResettableTimer2.xml (RunModel)" time="0.01" />
  <testcase classname="ptolemy.util.test.junit.AutoTests" name="[60] /home/travis/build/icyphy/ptII/ptolemy/domains/de/test/auto/ResettableTimer3.xml (RunModel)" time="0.009" />
  <testcase classname="ptolemy.util.test.junit.AutoTests" name="[61] /home/travis/build/icyphy/ptII/ptolemy/domains/de/test/auto/ResettableTimer4.xml (RunModel)" time="0.009" />
  <testcase classname="ptolemy.util.test.junit.AutoTests" name="[62] /home/travis/build/icyphy/ptII/ptolemy/domains/de/test/auto/ResettableTimer5.xml (RunModel)" time="0.007" />
  <testcase classname="ptolemy.util.test.junit.AutoTests" name="[63] /home/travis/build/icyphy/ptII/ptolemy/domains/de/test/auto/ResettableTimer6.xml (RunModel)" time="0.015" />
  <testcase classname="ptolemy.util.test.junit.AutoTests" name="[64] /home/travis/build/icyphy/ptII/ptolemy/domains/de/test/auto/ServerZeroDelay.xml (RunModel)" time="0.009" />
  <testcase classname="ptolemy.util.test.junit.AutoTests" name="[65] /home/travis/build/icyphy/ptII/ptolemy/domains/de/test/auto/SmartSender.xml (RunModel)" time="3.007" />
  <testcase classname="ptolemy.util.test.junit.AutoTests" name="[66] /home/travis/build/icyphy/ptII/ptolemy/domains/de/test/auto/ThreadedComposite.xml (RunModel)" time="0.103" />
  <testcase classname="ptolemy.util.test.junit.AutoTests" name="[67] /home/travis/build/icyphy/ptII/ptolemy/domains/de/test/auto/Time.xml (RunModel)" time="0.324" />
  <testcase classname="ptolemy.util.test.junit.AutoTests" name="[68] /home/travis/build/icyphy/ptII/ptolemy/domains/de/test/auto/TimeDelayZeroDelay.xml (RunModel)" time="0.01" />
  <testcase classname="ptolemy.util.test.junit.AutoTests" name="[69] /home/travis/build/icyphy/ptII/ptolemy/domains/de/test/auto/TimerZeroDelay.xml (RunModel)" time="0.008" />
  <testcase classname="ptolemy.util.test.junit.AutoTests" name="[70] /home/travis/build/icyphy/ptII/ptolemy/domains/de/test/auto/TimingParadox.xml (RunModel)" time="0.298" />
  <testcase classname="ptolemy.util.test.junit.AutoTests" name="[71] /home/travis/build/icyphy/ptII/ptolemy/domains/de/test/auto/TransferInputs.xml (RunModel)" time="0.016" />
  <testcase classname="ptolemy.util.test.junit.AutoTests" name="[72] /home/travis/build/icyphy/ptII/ptolemy/domains/de/test/auto/TransferOutputs2.xml (RunModel)" time="0.015" />
  <testcase classname="ptolemy.util.test.junit.AutoTests" name="[73] /home/travis/build/icyphy/ptII/ptolemy/domains/de/test/auto/Trilateration.xml (RunModel)" time="10.395" />
  <testcase classname="ptolemy.util.test.junit.AutoTests" name="[74] /home/travis/build/icyphy/ptII/ptolemy/domains/de/test/auto/TwoSigmaDelta.xml (RunModel)" time="1.777" />
  <testcase classname="ptolemy.util.test.junit.AutoTests" name="[75] /home/travis/build/icyphy/ptII/ptolemy/domains/de/test/auto/VariableDelay.xml (RunModel)" time="0.011" />
  <testcase classname="ptolemy.util.test.junit.AutoTests" name="[76] /home/travis/build/icyphy/ptII/ptolemy/domains/de/test/auto/VariableDelay2.xml (RunModel)" time="0.007" />
  <testcase classname="ptolemy.util.test.junit.AutoTests" name="[77] /home/travis/build/icyphy/ptII/ptolemy/domains/de/test/auto/VariableDelayZeroDelay.xml (RunModel)" time="0.008" />
  <testcase classname="ptolemy.util.test.junit.AutoTests" name="[78] /home/travis/build/icyphy/ptII/ptolemy/domains/de/test/auto/VariableDelayZeroDelay2.xml (RunModel)" time="0.008" />
  <testcase classname="ptolemy.util.test.junit.AutoTests" name="[79] /home/travis/build/icyphy/ptII/ptolemy/domains/de/test/auto/deInCt.xml (RunModel)" time="0.012" />
  <testcase classname="ptolemy.util.test.junit.AutoTests" name="[80] /home/travis/build/icyphy/ptII/ptolemy/domains/de/test/auto/deInCt2.xml (RunModel)" time="0.016" />
  <testcase classname="ptolemy.util.test.junit.AutoTests" name="[81] /home/travis/build/icyphy/ptII/ptolemy/domains/de/test/auto/dynamicCausalityInterface1.xml (RunModel)" time="0.015" />
  <testcase classname="ptolemy.util.test.junit.AutoTests" name="[82] /home/travis/build/icyphy/ptII/ptolemy/domains/de/test/auto/fsm_de_test.xml (RunModel)" time="0.031" />
  <testcase classname="ptolemy.util.test.junit.AutoTests" name="[83] /home/travis/build/icyphy/ptII/ptolemy/domains/de/test/auto/functionDependencyReconstruction.xml (RunModel)" time="0.033" />
  <testcase classname="ptolemy.util.test.junit.AutoTests" name="[84] /home/travis/build/icyphy/ptII/ptolemy/domains/de/test/auto/multirate.xml (RunModel)" time="0.015" />
  <testcase classname="ptolemy.util.test.junit.AutoTests" name="[85] /home/travis/build/icyphy/ptII/ptolemy/domains/de/test/auto/multirate2.xml (RunModel)" time="0.012" />
  <testcase classname="ptolemy.util.test.junit.AutoTests" name="[86] /home/travis/build/icyphy/ptII/ptolemy/domains/de/test/auto/realtime.xml (RunModel)" time="10.019" />
  <testcase classname="ptolemy.util.test.junit.AutoTests" name="[87] /home/travis/build/icyphy/ptII/ptolemy/domains/de/test/auto/relationGroup.xml (RunModel)" time="0.011" />
  <testcase classname="ptolemy.util.test.junit.AutoTests" name="[88] /home/travis/build/icyphy/ptII/ptolemy/domains/de/test/auto/relationGroup2.xml (RunModel)" time="0.006" />
  <testcase classname="ptolemy.util.test.junit.AutoTests" name="[89] /home/travis/build/icyphy/ptII/ptolemy/domains/de/test/auto/sortWithOpaquePorts.xml (RunModel)" time="0.009" />
  <testcase classname="ptolemy.util.test.junit.AutoTests" name="[90] /home/travis/build/icyphy/ptII/ptolemy/domains/de/test/auto/transferInputsandOutputs.xml (RunModel)" time="0.015" />
  <testcase classname="ptolemy.util.test.junit.AutoTests" name="[91] /home/travis/build/icyphy/ptII/ptolemy/domains/de/test/auto/triggerType.xml (RunModel)" time="0.011" />
  <system-out><![CDATA[/home/travis/build/icyphy/ptII/ptolemy/domains/de/test/DependencyLoop.tcl
testDefs.tcl: setting time out to 9000 seconds at Sat Jul 25 05:13:34 UTC 2020
87 ms. Memory: 129024K Free: 78674K (61%)
26 ms. Memory: 129024K Free: 61266K (47%)
/home/travis/build/icyphy/ptII/ptolemy/domains/de/test/RunDETestsAsQSS.tcl
Run the DE tests using ptolemy.domains.qss.test.QSSDirectorTest, which extends QSSDirector and prints a message in the constructors.
------------------ testing $PTII/ptolemy/domains/de/test/auto/knownFailedTests/DirectFeedback.xml (Known Failure) 
46 ms. Memory: 129024K Free: 55632K (43%)


==== $PTIIhome/travis/build/icyphy/ptII/ptolemy/domains/de/test/../../../../: Auto Automatic test in file $PTII/ptolemy/domains/de/test/auto/knownFailedTests/DirectFeedback.xml
==== Contents of test case:

	    # FIXME: we should use $relativeFilename here, but it
	    # might have backslashes under Windows, which causes no end
	    # of trouble.
	    createAndExecute $file
	    list {}
	
.... Test generated KNOWN error:
    while executing
ptolemy.kernel.util.IllegalActionException: Test fails in iteration 1.
Value was: 1.0. Should have been: 2.0
  in .DirectFeedback.Test
	at ptolemy.actor.lib.Test.fire(Test.java:268)
	at ptolemy.domains.de.kernel.DEDirector._fire(DEDirector.java:1949)
	at ptolemy.domains.de.kernel.DEDirector.fire(DEDirector.java:502)
	at ptolemy.actor.CompositeActor.fire(CompositeActor.java:455)
	at ptolemy.actor.Manager.iterate(Manager.java:851)
	at ptolemy.actor.Manager.execute(Manager.java:369)
	at ptolemy.actor.Manager.run(Manager.java:1263)
	at ptolemy.actor.Manager$PtolemyRunThread.run(Manager.java:1933)

    while executing
ptolemy.kernel.util.IllegalActionException: Test fails in iteration 1.
Value was: 1.0. Should have been: 2.0
  in .DirectFeedback.Test
    while executing
"java::new ptolemy.moml.MoMLSimpleApplication $file
"
    (procedure "createAndExecute" line 2)
    invoked from within
"createAndExecute $file"
    ("uplevel" body line 5)
    invoked from within
"uplevel $contents_of_test"
------------------ testing $PTII/ptolemy/domains/de/test/auto/knownFailedTests/dependencyLoop.xml (Known Failure) 
25 ms. Memory: 129024K Free: 52560K (41%)


==== $PTIIhome/travis/build/icyphy/ptII/ptolemy/domains/de/test/../../../../: Auto Automatic test in file $PTII/ptolemy/domains/de/test/auto/knownFailedTests/dependencyLoop.xml
==== Contents of test case:

	    # FIXME: we should use $relativeFilename here, but it
	    # might have backslashes under Windows, which causes no end
	    # of trouble.
	    createAndExecute $file
	    list {}
	
.... Test generated KNOWN error:
    while executing
ptolemy.kernel.util.IllegalActionException: Found a zero delay loop containing .dependencyLoop.original
  in .dependencyLoop and .dependencyLoop.original
	at ptolemy.actor.util.CausalityInterfaceForComposites._computeOutputPortDepth(CausalityInterfaceForComposites.java:759)
	at ptolemy.actor.util.CausalityInterfaceForComposites._computeInputDepth(CausalityInterfaceForComposites.java:696)
	at ptolemy.actor.util.CausalityInterfaceForComposites._computeOutputPortDepth(CausalityInterfaceForComposites.java:765)
	at ptolemy.actor.util.CausalityInterfaceForComposites._computeInputDepth(CausalityInterfaceForComposites.java:696)
	at ptolemy.actor.util.CausalityInterfaceForComposites._computeOutputPortDepth(CausalityInterfaceForComposites.java:765)
	at ptolemy.actor.util.CausalityInterfaceForComposites._computeInputDepth(CausalityInterfaceForComposites.java:696)
	at ptolemy.actor.util.CausalityInterfaceForComposites._computeActorDepth(CausalityInterfaceForComposites.java:532)
	at ptolemy.actor.util.CausalityInterfaceForComposites.checkForCycles(CausalityInterfaceForComposites.java:96)
	at ptolemy.domains.de.kernel.DEDirector.preinitialize(DEDirector.java:1338)
	at ptolemy.actor.CompositeActor.preinitialize(CompositeActor.java:1828)
	at ptolemy.actor.Manager.preinitializeAndResolveTypes(Manager.java:1040)
	at ptolemy.actor.Manager.initialize(Manager.java:710)
	at ptolemy.actor.Manager.execute(Manager.java:356)
	at ptolemy.actor.Manager.run(Manager.java:1263)
	at ptolemy.actor.Manager$PtolemyRunThread.run(Manager.java:1933)

    while executing
ptolemy.kernel.util.IllegalActionException: Found a zero delay loop containing .dependencyLoop.original
  in .dependencyLoop and .dependencyLoop.original
    while executing
"java::new ptolemy.moml.MoMLSimpleApplication $file
"
    (procedure "createAndExecute" line 2)
    invoked from within
"createAndExecute $file"
    ("uplevel" body line 5)
    invoked from within
"uplevel $contents_of_test"
------------------ testing $PTII/ptolemy/domains/de/test/auto/knownFailedTests/FSMSource.xml (Known Failure) 
51 ms. Memory: 129024K Free: 111025K (86%)
!!!! Auto was marked as failing, but now passes
------------------ testing $PTII/ptolemy/domains/de/test/auto/knownFailedTests/HierarchicalModel.xml (Known Failure) 
5 ms. Memory: 129024K Free: 93103K (72%)


==== $PTIIhome/travis/build/icyphy/ptII/ptolemy/domains/de/test/../../../../: Auto Automatic test in file $PTII/ptolemy/domains/de/test/auto/knownFailedTests/HierarchicalModel.xml
==== Contents of test case:

	    # FIXME: we should use $relativeFilename here, but it
	    # might have backslashes under Windows, which causes no end
	    # of trouble.
	    createAndExecute $file
	    list {}
	
.... Test generated KNOWN error:
    while executing
ptolemy.kernel.util.IllegalActionException: Found a zero delay loop containing .HierarchicalModel.A
  in .HierarchicalModel and .HierarchicalModel.A
	at ptolemy.actor.util.CausalityInterfaceForComposites._computeOutputPortDepth(CausalityInterfaceForComposites.java:759)
	at ptolemy.actor.util.CausalityInterfaceForComposites._computeInputDepth(CausalityInterfaceForComposites.java:696)
	at ptolemy.actor.util.CausalityInterfaceForComposites._computeOutputPortDepth(CausalityInterfaceForComposites.java:765)
	at ptolemy.actor.util.CausalityInterfaceForComposites._computeInputDepth(CausalityInterfaceForComposites.java:696)
	at ptolemy.actor.util.CausalityInterfaceForComposites._computeOutputPortDepth(CausalityInterfaceForComposites.java:765)
	at ptolemy.actor.util.CausalityInterfaceForComposites._computeInputDepth(CausalityInterfaceForComposites.java:696)
	at ptolemy.actor.util.CausalityInterfaceForComposites._computeActorDepth(CausalityInterfaceForComposites.java:532)
	at ptolemy.actor.util.CausalityInterfaceForComposites.checkForCycles(CausalityInterfaceForComposites.java:96)
	at ptolemy.domains.de.kernel.DEDirector.preinitialize(DEDirector.java:1338)
	at ptolemy.actor.CompositeActor.preinitialize(CompositeActor.java:1828)
	at ptolemy.actor.Manager.preinitializeAndResolveTypes(Manager.java:1040)
	at ptolemy.actor.Manager.initialize(Manager.java:710)
	at ptolemy.actor.Manager.execute(Manager.java:356)
	at ptolemy.actor.Manager.run(Manager.java:1263)
	at ptolemy.actor.Manager$PtolemyRunThread.run(Manager.java:1933)

    while executing
ptolemy.kernel.util.IllegalActionException: Found a zero delay loop containing .HierarchicalModel.A
  in .HierarchicalModel and .HierarchicalModel.A
    while executing
"java::new ptolemy.moml.MoMLSimpleApplication $file
"
    (procedure "createAndExecute" line 2)
    invoked from within
"createAndExecute $file"
    ("uplevel" body line 5)
    invoked from within
"uplevel $contents_of_test"
------------------ testing $PTII/ptolemy/domains/de/test/auto/knownFailedTests/dependencyLoop2.xml (Known Failure) 
4 ms. Memory: 129024K Free: 77225K (60%)


==== $PTIIhome/travis/build/icyphy/ptII/ptolemy/domains/de/test/../../../../: Auto Automatic test in file $PTII/ptolemy/domains/de/test/auto/knownFailedTests/dependencyLoop2.xml
==== Contents of test case:

	    # FIXME: we should use $relativeFilename here, but it
	    # might have backslashes under Windows, which causes no end
	    # of trouble.
	    createAndExecute $file
	    list {}
	
.... Test generated KNOWN error:
    while executing
ptolemy.kernel.util.IllegalActionException: Found a zero delay loop containing .dependencyLoop2.original
  in .dependencyLoop2 and .dependencyLoop2.original
	at ptolemy.actor.util.CausalityInterfaceForComposites._computeOutputPortDepth(CausalityInterfaceForComposites.java:759)
	at ptolemy.actor.util.CausalityInterfaceForComposites._computeInputDepth(CausalityInterfaceForComposites.java:696)
	at ptolemy.actor.util.CausalityInterfaceForComposites._computeOutputPortDepth(CausalityInterfaceForComposites.java:765)
	at ptolemy.actor.util.CausalityInterfaceForComposites._computeInputDepth(CausalityInterfaceForComposites.java:696)
	at ptolemy.actor.util.CausalityInterfaceForComposites._computeOutputPortDepth(CausalityInterfaceForComposites.java:765)
	at ptolemy.actor.util.CausalityInterfaceForComposites._computeInputDepth(CausalityInterfaceForComposites.java:696)
	at ptolemy.actor.util.CausalityInterfaceForComposites._computeActorDepth(CausalityInterfaceForComposites.java:532)
	at ptolemy.actor.util.CausalityInterfaceForComposites.checkForCycles(CausalityInterfaceForComposites.java:96)
	at ptolemy.domains.de.kernel.DEDirector.preinitialize(DEDirector.java:1338)
	at ptolemy.actor.CompositeActor.preinitialize(CompositeActor.java:1828)
	at ptolemy.actor.Manager.preinitializeAndResolveTypes(Manager.java:1040)
	at ptolemy.actor.Manager.initialize(Manager.java:710)
	at ptolemy.actor.Manager.execute(Manager.java:356)
	at ptolemy.actor.Manager.run(Manager.java:1263)
	at ptolemy.actor.Manager$PtolemyRunThread.run(Manager.java:1933)

    while executing
ptolemy.kernel.util.IllegalActionException: Found a zero delay loop containing .dependencyLoop2.original
  in .dependencyLoop2 and .dependencyLoop2.original
    while executing
"java::new ptolemy.moml.MoMLSimpleApplication $file
"
    (procedure "createAndExecute" line 2)
    invoked from within
"createAndExecute $file"
    ("uplevel" body line 5)
    invoked from within
"uplevel $contents_of_test"
------------------ testing $PTII/ptolemy/domains/de/test/auto/knownFailedTests/DESDFClockTest.xml (Known Failure) 
2054 ms. Memory: 129024K Free: 108218K (84%)


==== $PTIIhome/travis/build/icyphy/ptII/ptolemy/domains/de/test/../../../../: Auto Automatic test in file $PTII/ptolemy/domains/de/test/auto/knownFailedTests/DESDFClockTest.xml
==== Contents of test case:

	    # FIXME: we should use $relativeFilename here, but it
	    # might have backslashes under Windows, which causes no end
	    # of trouble.
	    createAndExecute $file
	    list {}
	
.... Test generated KNOWN error:
    while executing
ptolemy.kernel.util.IllegalActionException: Actor is not ready to fire.  Perhaps UpSample.prefire() returned false? Try debugging the actor by selecting "Listen to Actor".  Also, for SDF check moml for tokenConsumptionRate on input.
  in .DESDFClockTest.Play Bell.Copy1:SDF Director and .DESDFClockTest.Play Bell.UpSample
	at ptolemy.actor.sched.StaticSchedulingDirector.fire(StaticSchedulingDirector.java:227)
	at ptolemy.domains.sdf.kernel.SDFDirector.fire(SDFDirector.java:500)
	at ptolemy.actor.CompositeActor.fire(CompositeActor.java:455)
	at ptolemy.domains.de.kernel.DEDirector._fire(DEDirector.java:1949)
	at ptolemy.domains.de.kernel.DEDirector.fire(DEDirector.java:502)
	at ptolemy.actor.CompositeActor.fire(CompositeActor.java:455)
	at ptolemy.actor.Manager.iterate(Manager.java:851)
	at ptolemy.actor.Manager.execute(Manager.java:369)
	at ptolemy.actor.Manager.run(Manager.java:1263)
	at ptolemy.actor.Manager$PtolemyRunThread.run(Manager.java:1933)

    while executing
ptolemy.kernel.util.IllegalActionException: Actor is not ready to fire.  Perhaps UpSample.prefire() returned false? Try debugging the actor by selecting "Listen to Actor".  Also, for SDF check moml for tokenConsumptionRate on input.
  in .DESDFClockTest.Play Bell.Copy1:SDF Director and .DESDFClockTest.Play Bell.UpSample
    while executing
"java::new ptolemy.moml.MoMLSimpleApplication $file
"
    (procedure "createAndExecute" line 2)
    invoked from within
"createAndExecute $file"
    ("uplevel" body line 5)
    invoked from within
"uplevel $contents_of_test"
------------------ testing $PTII/ptolemy/domains/de/test/auto/ActorDepthCalculation_actorWithoutPorts.xml
auto.tcl: Setting watchdog for 200 seconds at Sat Jul 25 05:13:38 UTC 2020
4 ms. Memory: 129024K Free: 100541K (78%)
ptolemy.util.test.WatchDog.cancel(): canceling Sat Jul 25 05:13:38 UTC 2020
auto.tcl: Setting watchdog for 200 seconds at Sat Jul 25 05:13:38 UTC 2020
4 ms. Memory: 129024K Free: 99003K (77%)
ptolemy.util.test.WatchDog.cancel(): canceling Sat Jul 25 05:13:38 UTC 2020
------------------ testing $PTII/ptolemy/domains/de/test/auto/AssemblyLine.xml
auto.tcl: Setting watchdog for 200 seconds at Sat Jul 25 05:13:38 UTC 2020
8 ms. Memory: 51200K Free: 28003K (55%)
ptolemy.util.test.WatchDog.cancel(): canceling Sat Jul 25 05:13:38 UTC 2020
auto.tcl: Setting watchdog for 200 seconds at Sat Jul 25 05:13:38 UTC 2020
6 ms. Memory: 51200K Free: 27308K (53%)
ptolemy.util.test.WatchDog.cancel(): canceling Sat Jul 25 05:13:38 UTC 2020
------------------ testing $PTII/ptolemy/domains/de/test/auto/CQBug1.xml
auto.tcl: Setting watchdog for 200 seconds at Sat Jul 25 05:13:38 UTC 2020
2 ms. Memory: 51200K Free: 33559K (66%)
ptolemy.util.test.WatchDog.cancel(): canceling Sat Jul 25 05:13:39 UTC 2020
auto.tcl: Setting watchdog for 200 seconds at Sat Jul 25 05:13:39 UTC 2020
2 ms. Memory: 51200K Free: 32802K (64%)
ptolemy.util.test.WatchDog.cancel(): canceling Sat Jul 25 05:13:39 UTC 2020
------------------ testing $PTII/ptolemy/domains/de/test/auto/CancelFireAt.xml
auto.tcl: Setting watchdog for 200 seconds at Sat Jul 25 05:13:39 UTC 2020
3 ms. Memory: 51200K Free: 34503K (67%)
ptolemy.util.test.WatchDog.cancel(): canceling Sat Jul 25 05:13:39 UTC 2020
auto.tcl: Setting watchdog for 200 seconds at Sat Jul 25 05:13:39 UTC 2020
3 ms. Memory: 51200K Free: 34068K (67%)
ptolemy.util.test.WatchDog.cancel(): canceling Sat Jul 25 05:13:39 UTC 2020
------------------ testing $PTII/ptolemy/domains/de/test/auto/CausalityAndComposabilityAnalysis.xml
auto.tcl: Setting watchdog for 200 seconds at Sat Jul 25 05:13:39 UTC 2020
12 ms. Memory: 51200K Free: 32459K (63%)
ptolemy.util.test.WatchDog.cancel(): canceling Sat Jul 25 05:13:39 UTC 2020
auto.tcl: Setting watchdog for 200 seconds at Sat Jul 25 05:13:39 UTC 2020
3 ms. Memory: 51200K Free: 32026K (63%)
ptolemy.util.test.WatchDog.cancel(): canceling Sat Jul 25 05:13:39 UTC 2020
------------------ testing $PTII/ptolemy/domains/de/test/auto/CausalityInterface1.xml
auto.tcl: Setting watchdog for 200 seconds at Sat Jul 25 05:13:39 UTC 2020
17 ms. Memory: 51200K Free: 31193K (61%)
ptolemy.util.test.WatchDog.cancel(): canceling Sat Jul 25 05:13:39 UTC 2020
auto.tcl: Setting watchdog for 200 seconds at Sat Jul 25 05:13:39 UTC 2020
4 ms. Memory: 51200K Free: 30028K (59%)
ptolemy.util.test.WatchDog.cancel(): canceling Sat Jul 25 05:13:39 UTC 2020
------------------ testing $PTII/ptolemy/domains/de/test/auto/CausalityInterface15.xml
auto.tcl: Setting watchdog for 200 seconds at Sat Jul 25 05:13:39 UTC 2020
12 ms. Memory: 51200K Free: 31050K (61%)
ptolemy.util.test.WatchDog.cancel(): canceling Sat Jul 25 05:13:39 UTC 2020
auto.tcl: Setting watchdog for 200 seconds at Sat Jul 25 05:13:39 UTC 2020
6 ms. Memory: 51200K Free: 30361K (59%)
ptolemy.util.test.WatchDog.cancel(): canceling Sat Jul 25 05:13:39 UTC 2020
------------------ testing $PTII/ptolemy/domains/de/test/auto/CausalityInterface2.xml
auto.tcl: Setting watchdog for 200 seconds at Sat Jul 25 05:13:39 UTC 2020
3 ms. Memory: 51200K Free: 32059K (63%)
ptolemy.util.test.WatchDog.cancel(): canceling Sat Jul 25 05:13:39 UTC 2020
auto.tcl: Setting watchdog for 200 seconds at Sat Jul 25 05:13:39 UTC 2020
4 ms. Memory: 51200K Free: 30944K (60%)
ptolemy.util.test.WatchDog.cancel(): canceling Sat Jul 25 05:13:39 UTC 2020
------------------ testing $PTII/ptolemy/domains/de/test/auto/CausalityInterface3.xml
auto.tcl: Setting watchdog for 200 seconds at Sat Jul 25 05:13:39 UTC 2020
3 ms. Memory: 51200K Free: 31586K (62%)
ptolemy.util.test.WatchDog.cancel(): canceling Sat Jul 25 05:13:39 UTC 2020
auto.tcl: Setting watchdog for 200 seconds at Sat Jul 25 05:13:39 UTC 2020
3 ms. Memory: 51200K Free: 30824K (60%)
ptolemy.util.test.WatchDog.cancel(): canceling Sat Jul 25 05:13:39 UTC 2020
------------------ testing $PTII/ptolemy/domains/de/test/auto/ClockDrift.xml
auto.tcl: Setting watchdog for 200 seconds at Sat Jul 25 05:13:39 UTC 2020
55 ms. Memory: 51200K Free: 24174K (47%)
ptolemy.util.test.WatchDog.cancel(): canceling Sat Jul 25 05:13:39 UTC 2020
auto.tcl: Setting watchdog for 200 seconds at Sat Jul 25 05:13:39 UTC 2020
41 ms. Memory: 51200K Free: 20571K (40%)
ptolemy.util.test.WatchDog.cancel(): canceling Sat Jul 25 05:13:39 UTC 2020
------------------ testing $PTII/ptolemy/domains/de/test/auto/ClockDriftAndValueChange.xml
auto.tcl: Setting watchdog for 200 seconds at Sat Jul 25 05:13:39 UTC 2020
34 ms. Memory: 51200K Free: 24594K (48%)
ptolemy.util.test.WatchDog.cancel(): canceling Sat Jul 25 05:13:39 UTC 2020
auto.tcl: Setting watchdog for 200 seconds at Sat Jul 25 05:13:39 UTC 2020
20 ms. Memory: 51200K Free: 21442K (42%)
ptolemy.util.test.WatchDog.cancel(): canceling Sat Jul 25 05:13:39 UTC 2020
------------------ testing $PTII/ptolemy/domains/de/test/auto/ClockDriftChange.xml
auto.tcl: Setting watchdog for 200 seconds at Sat Jul 25 05:13:39 UTC 2020
14 ms. Memory: 51200K Free: 26325K (51%)
ptolemy.util.test.WatchDog.cancel(): canceling Sat Jul 25 05:13:39 UTC 2020
auto.tcl: Setting watchdog for 200 seconds at Sat Jul 25 05:13:39 UTC 2020
16 ms. Memory: 51200K Free: 23729K (46%)
ptolemy.util.test.WatchDog.cancel(): canceling Sat Jul 25 05:13:39 UTC 2020
------------------ testing $PTII/ptolemy/domains/de/test/auto/ComposableCausalityAnalysis.xml
auto.tcl: Setting watchdog for 200 seconds at Sat Jul 25 05:13:39 UTC 2020
4 ms. Memory: 51200K Free: 30920K (60%)
ptolemy.util.test.WatchDog.cancel(): canceling Sat Jul 25 05:13:39 UTC 2020
auto.tcl: Setting watchdog for 200 seconds at Sat Jul 25 05:13:39 UTC 2020
5 ms. Memory: 51200K Free: 29828K (58%)
ptolemy.util.test.WatchDog.cancel(): canceling Sat Jul 25 05:13:39 UTC 2020
------------------ testing $PTII/ptolemy/domains/de/test/auto/DEFixedPointLimitation.xml
auto.tcl: Setting watchdog for 200 seconds at Sat Jul 25 05:13:39 UTC 2020
1 ms. Memory: 51200K Free: 32305K (63%)
ptolemy.util.test.WatchDog.cancel(): canceling Sat Jul 25 05:13:39 UTC 2020
auto.tcl: Setting watchdog for 200 seconds at Sat Jul 25 05:13:39 UTC 2020
2 ms. Memory: 51200K Free: 31402K (61%)
ptolemy.util.test.WatchDog.cancel(): canceling Sat Jul 25 05:13:40 UTC 2020
------------------ testing $PTII/ptolemy/domains/de/test/auto/DEScheduleTest.xml
auto.tcl: Setting watchdog for 200 seconds at Sat Jul 25 05:13:40 UTC 2020
3 ms. Memory: 51200K Free: 32612K (64%)
ptolemy.util.test.WatchDog.cancel(): canceling Sat Jul 25 05:13:40 UTC 2020
auto.tcl: Setting watchdog for 200 seconds at Sat Jul 25 05:13:40 UTC 2020
3 ms. Memory: 51200K Free: 31836K (62%)
ptolemy.util.test.WatchDog.cancel(): canceling Sat Jul 25 05:13:40 UTC 2020
------------------ testing $PTII/ptolemy/domains/de/test/auto/DEinDEwithStartTimes.xml
auto.tcl: Setting watchdog for 200 seconds at Sat Jul 25 05:13:40 UTC 2020
5 ms. Memory: 51200K Free: 30759K (60%)
ptolemy.util.test.WatchDog.cancel(): canceling Sat Jul 25 05:13:40 UTC 2020
auto.tcl: Setting watchdog for 200 seconds at Sat Jul 25 05:13:40 UTC 2020
3 ms. Memory: 51200K Free: 29735K (58%)
ptolemy.util.test.WatchDog.cancel(): canceling Sat Jul 25 05:13:40 UTC 2020
------------------ testing $PTII/ptolemy/domains/de/test/auto/DEinDEwithStartTimes2.xml
auto.tcl: Setting watchdog for 200 seconds at Sat Jul 25 05:13:40 UTC 2020
7 ms. Memory: 51200K Free: 29967K (59%)
ptolemy.util.test.WatchDog.cancel(): canceling Sat Jul 25 05:13:40 UTC 2020
auto.tcl: Setting watchdog for 200 seconds at Sat Jul 25 05:13:40 UTC 2020
4 ms. Memory: 51200K Free: 28690K (56%)
ptolemy.util.test.WatchDog.cancel(): canceling Sat Jul 25 05:13:40 UTC 2020
------------------ testing $PTII/ptolemy/domains/de/test/auto/DateDemo.xml
auto.tcl: Setting watchdog for 200 seconds at Sat Jul 25 05:13:40 UTC 2020
18 ms. Memory: 51200K Free: 24797K (48%)
ptolemy.util.test.WatchDog.cancel(): canceling Sat Jul 25 05:13:40 UTC 2020
auto.tcl: Setting watchdog for 200 seconds at Sat Jul 25 05:13:40 UTC 2020
7 ms. Memory: 51200K Free: 23112K (45%)
ptolemy.util.test.WatchDog.cancel(): canceling Sat Jul 25 05:13:40 UTC 2020
------------------ testing $PTII/ptolemy/domains/de/test/auto/DateToEvent.xml
auto.tcl: Setting watchdog for 200 seconds at Sat Jul 25 05:13:40 UTC 2020
2008 ms. Memory: 51200K Free: 19542K (38%)
ptolemy.util.test.WatchDog.cancel(): canceling Sat Jul 25 05:13:42 UTC 2020
auto.tcl: Setting watchdog for 200 seconds at Sat Jul 25 05:13:42 UTC 2020
2005 ms. Memory: 51200K Free: 18842K (37%)
ptolemy.util.test.WatchDog.cancel(): canceling Sat Jul 25 05:13:44 UTC 2020
------------------ testing $PTII/ptolemy/domains/de/test/auto/DepthTest1.xml
auto.tcl: Setting watchdog for 200 seconds at Sat Jul 25 05:13:44 UTC 2020
2 ms. Memory: 51200K Free: 33396K (65%)
ptolemy.util.test.WatchDog.cancel(): canceling Sat Jul 25 05:13:44 UTC 2020
auto.tcl: Setting watchdog for 200 seconds at Sat Jul 25 05:13:44 UTC 2020
1 ms. Memory: 51200K Free: 32983K (64%)
ptolemy.util.test.WatchDog.cancel(): canceling Sat Jul 25 05:13:44 UTC 2020
------------------ testing $PTII/ptolemy/domains/de/test/auto/DepthTest2.xml
auto.tcl: Setting watchdog for 200 seconds at Sat Jul 25 05:13:44 UTC 2020
3 ms. Memory: 51200K Free: 30234K (59%)
ptolemy.util.test.WatchDog.cancel(): canceling Sat Jul 25 05:13:44 UTC 2020
auto.tcl: Setting watchdog for 200 seconds at Sat Jul 25 05:13:44 UTC 2020
2 ms. Memory: 51200K Free: 29804K (58%)
ptolemy.util.test.WatchDog.cancel(): canceling Sat Jul 25 05:13:44 UTC 2020
------------------ testing $PTII/ptolemy/domains/de/test/auto/DepthTest3.xml
auto.tcl: Setting watchdog for 200 seconds at Sat Jul 25 05:13:44 UTC 2020
3 ms. Memory: 51200K Free: 33729K (66%)
ptolemy.util.test.WatchDog.cancel(): canceling Sat Jul 25 05:13:44 UTC 2020
auto.tcl: Setting watchdog for 200 seconds at Sat Jul 25 05:13:44 UTC 2020
1 ms. Memory: 51200K Free: 33300K (65%)
ptolemy.util.test.WatchDog.cancel(): canceling Sat Jul 25 05:13:44 UTC 2020
------------------ testing $PTII/ptolemy/domains/de/test/auto/DepthTest4.xml
auto.tcl: Setting watchdog for 200 seconds at Sat Jul 25 05:13:44 UTC 2020
9 ms. Memory: 51200K Free: 31998K (62%)
ptolemy.util.test.WatchDog.cancel(): canceling Sat Jul 25 05:13:44 UTC 2020
auto.tcl: Setting watchdog for 200 seconds at Sat Jul 25 05:13:44 UTC 2020
2 ms. Memory: 51200K Free: 31307K (61%)
ptolemy.util.test.WatchDog.cancel(): canceling Sat Jul 25 05:13:44 UTC 2020
------------------ testing $PTII/ptolemy/domains/de/test/auto/DepthTest5.xml
auto.tcl: Setting watchdog for 200 seconds at Sat Jul 25 05:13:44 UTC 2020
2 ms. Memory: 51200K Free: 31211K (61%)
ptolemy.util.test.WatchDog.cancel(): canceling Sat Jul 25 05:13:44 UTC 2020
auto.tcl: Setting watchdog for 200 seconds at Sat Jul 25 05:13:44 UTC 2020
2 ms. Memory: 51200K Free: 30798K (60%)
ptolemy.util.test.WatchDog.cancel(): canceling Sat Jul 25 05:13:44 UTC 2020
------------------ testing $PTII/ptolemy/domains/de/test/auto/DepthTest6.xml
auto.tcl: Setting watchdog for 200 seconds at Sat Jul 25 05:13:44 UTC 2020
6 ms. Memory: 51200K Free: 31164K (61%)
ptolemy.util.test.WatchDog.cancel(): canceling Sat Jul 25 05:13:44 UTC 2020
auto.tcl: Setting watchdog for 200 seconds at Sat Jul 25 05:13:44 UTC 2020
2 ms. Memory: 51200K Free: 30767K (60%)
ptolemy.util.test.WatchDog.cancel(): canceling Sat Jul 25 05:13:44 UTC 2020
------------------ testing $PTII/ptolemy/domains/de/test/auto/DepthTest7.xml
auto.tcl: Setting watchdog for 200 seconds at Sat Jul 25 05:13:44 UTC 2020
2 ms. Memory: 51200K Free: 31689K (62%)
ptolemy.util.test.WatchDog.cancel(): canceling Sat Jul 25 05:13:44 UTC 2020
auto.tcl: Setting watchdog for 200 seconds at Sat Jul 25 05:13:44 UTC 2020
2 ms. Memory: 51200K Free: 31260K (61%)
ptolemy.util.test.WatchDog.cancel(): canceling Sat Jul 25 05:13:44 UTC 2020
------------------ testing $PTII/ptolemy/domains/de/test/auto/EventToDate.xml
auto.tcl: Setting watchdog for 200 seconds at Sat Jul 25 05:13:44 UTC 2020
3007 ms. Memory: 51200K Free: 22787K (45%)
ptolemy.util.test.WatchDog.cancel(): canceling Sat Jul 25 05:13:47 UTC 2020
auto.tcl: Setting watchdog for 200 seconds at Sat Jul 25 05:13:47 UTC 2020
3004 ms. Memory: 51200K Free: 22056K (43%)
ptolemy.util.test.WatchDog.cancel(): canceling Sat Jul 25 05:13:50 UTC 2020
------------------ testing $PTII/ptolemy/domains/de/test/auto/FSM1.xml
auto.tcl: Setting watchdog for 200 seconds at Sat Jul 25 05:13:50 UTC 2020
42 ms. Memory: 51200K Free: 23470K (46%)
ptolemy.util.test.WatchDog.cancel(): canceling Sat Jul 25 05:13:51 UTC 2020
auto.tcl: Setting watchdog for 200 seconds at Sat Jul 25 05:13:51 UTC 2020
16 ms. Memory: 51200K Free: 20308K (40%)
ptolemy.util.test.WatchDog.cancel(): canceling Sat Jul 25 05:13:51 UTC 2020
------------------ testing $PTII/ptolemy/domains/de/test/auto/FSM7.xml
auto.tcl: Setting watchdog for 200 seconds at Sat Jul 25 05:13:51 UTC 2020
17 ms. Memory: 51200K Free: 23711K (46%)
ptolemy.util.test.WatchDog.cancel(): canceling Sat Jul 25 05:13:51 UTC 2020
auto.tcl: Setting watchdog for 200 seconds at Sat Jul 25 05:13:51 UTC 2020
13 ms. Memory: 51200K Free: 20563K (40%)
ptolemy.util.test.WatchDog.cancel(): canceling Sat Jul 25 05:13:51 UTC 2020
------------------ testing $PTII/ptolemy/domains/de/test/auto/Inspection.xml
auto.tcl: Setting watchdog for 200 seconds at Sat Jul 25 05:13:51 UTC 2020
30 ms. Memory: 51200K Free: 23479K (46%)
ptolemy.util.test.WatchDog.cancel(): canceling Sat Jul 25 05:13:51 UTC 2020
auto.tcl: Setting watchdog for 200 seconds at Sat Jul 25 05:13:51 UTC 2020
22 ms. Memory: 51200K Free: 21612K (42%)
ptolemy.util.test.WatchDog.cancel(): canceling Sat Jul 25 05:13:51 UTC 2020
------------------ testing $PTII/ptolemy/domains/de/test/auto/Iteration.xml
auto.tcl: Setting watchdog for 200 seconds at Sat Jul 25 05:13:51 UTC 2020
5 ms. Memory: 51200K Free: 29210K (57%)
ptolemy.util.test.WatchDog.cancel(): canceling Sat Jul 25 05:13:51 UTC 2020
auto.tcl: Setting watchdog for 200 seconds at Sat Jul 25 05:13:51 UTC 2020
5 ms. Memory: 51200K Free: 28024K (55%)
ptolemy.util.test.WatchDog.cancel(): canceling Sat Jul 25 05:13:51 UTC 2020
------------------ testing $PTII/ptolemy/domains/de/test/auto/LineFault.xml
auto.tcl: Setting watchdog for 200 seconds at Sat Jul 25 05:13:51 UTC 2020
635 ms. Memory: 61440K Free: 20860K (34%)
ptolemy.util.test.WatchDog.cancel(): canceling Sat Jul 25 05:13:52 UTC 2020
auto.tcl: Setting watchdog for 200 seconds at Sat Jul 25 05:13:52 UTC 2020
463 ms. Memory: 61440K Free: 20492K (33%)
ptolemy.util.test.WatchDog.cancel(): canceling Sat Jul 25 05:13:52 UTC 2020
------------------ testing $PTII/ptolemy/domains/de/test/auto/MergeModel1Add.xml
auto.tcl: Setting watchdog for 200 seconds at Sat Jul 25 05:13:52 UTC 2020
18 ms. Memory: 55296K Free: 19245K (35%)
ptolemy.util.test.WatchDog.cancel(): canceling Sat Jul 25 05:13:52 UTC 2020
auto.tcl: Setting watchdog for 200 seconds at Sat Jul 25 05:13:52 UTC 2020
21 ms. Memory: 55296K Free: 17864K (32%)
ptolemy.util.test.WatchDog.cancel(): canceling Sat Jul 25 05:13:52 UTC 2020
------------------ testing $PTII/ptolemy/domains/de/test/auto/MergeModel2Add.xml
auto.tcl: Setting watchdog for 200 seconds at Sat Jul 25 05:13:52 UTC 2020
11 ms. Memory: 55296K Free: 21844K (40%)
ptolemy.util.test.WatchDog.cancel(): canceling Sat Jul 25 05:13:53 UTC 2020
auto.tcl: Setting watchdog for 200 seconds at Sat Jul 25 05:13:53 UTC 2020
8 ms. Memory: 55296K Free: 20185K (37%)
ptolemy.util.test.WatchDog.cancel(): canceling Sat Jul 25 05:13:53 UTC 2020
------------------ testing $PTII/ptolemy/domains/de/test/auto/MergeModel3Add.xml
auto.tcl: Setting watchdog for 200 seconds at Sat Jul 25 05:13:53 UTC 2020
6 ms. Memory: 55296K Free: 21556K (39%)
ptolemy.util.test.WatchDog.cancel(): canceling Sat Jul 25 05:13:53 UTC 2020
auto.tcl: Setting watchdog for 200 seconds at Sat Jul 25 05:13:53 UTC 2020
7 ms. Memory: 55296K Free: 20188K (37%)
ptolemy.util.test.WatchDog.cancel(): canceling Sat Jul 25 05:13:53 UTC 2020
------------------ testing $PTII/ptolemy/domains/de/test/auto/MergeWithoutDiscard.xml
auto.tcl: Setting watchdog for 200 seconds at Sat Jul 25 05:13:53 UTC 2020
1 ms. Memory: 51200K Free: 32359K (63%)
ptolemy.util.test.WatchDog.cancel(): canceling Sat Jul 25 05:13:53 UTC 2020
auto.tcl: Setting watchdog for 200 seconds at Sat Jul 25 05:13:53 UTC 2020
1 ms. Memory: 51200K Free: 31457K (61%)
ptolemy.util.test.WatchDog.cancel(): canceling Sat Jul 25 05:13:53 UTC 2020
------------------ testing $PTII/ptolemy/domains/de/test/auto/Modal1.xml
auto.tcl: Setting watchdog for 200 seconds at Sat Jul 25 05:13:53 UTC 2020
15 ms. Memory: 51200K Free: 24218K (47%)
ptolemy.util.test.WatchDog.cancel(): canceling Sat Jul 25 05:13:53 UTC 2020
auto.tcl: Setting watchdog for 200 seconds at Sat Jul 25 05:13:53 UTC 2020
21 ms. Memory: 51200K Free: 20939K (41%)
ptolemy.util.test.WatchDog.cancel(): canceling Sat Jul 25 05:13:53 UTC 2020
------------------ testing $PTII/ptolemy/domains/de/test/auto/Modal2.xml
auto.tcl: Setting watchdog for 200 seconds at Sat Jul 25 05:13:53 UTC 2020
9 ms. Memory: 51200K Free: 24096K (47%)
ptolemy.util.test.WatchDog.cancel(): canceling Sat Jul 25 05:13:53 UTC 2020
auto.tcl: Setting watchdog for 200 seconds at Sat Jul 25 05:13:53 UTC 2020
11 ms. Memory: 51200K Free: 20820K (41%)
ptolemy.util.test.WatchDog.cancel(): canceling Sat Jul 25 05:13:53 UTC 2020
------------------ testing $PTII/ptolemy/domains/de/test/auto/Modal3.xml
auto.tcl: Setting watchdog for 200 seconds at Sat Jul 25 05:13:53 UTC 2020
9 ms. Memory: 51200K Free: 23784K (46%)
ptolemy.util.test.WatchDog.cancel(): canceling Sat Jul 25 05:13:53 UTC 2020
auto.tcl: Setting watchdog for 200 seconds at Sat Jul 25 05:13:53 UTC 2020
10 ms. Memory: 51200K Free: 20846K (41%)
ptolemy.util.test.WatchDog.cancel(): canceling Sat Jul 25 05:13:53 UTC 2020
------------------ testing $PTII/ptolemy/domains/de/test/auto/Modal4.xml
auto.tcl: Setting watchdog for 200 seconds at Sat Jul 25 05:13:53 UTC 2020
12 ms. Memory: 51200K Free: 23067K (45%)
ptolemy.util.test.WatchDog.cancel(): canceling Sat Jul 25 05:13:53 UTC 2020
auto.tcl: Setting watchdog for 200 seconds at Sat Jul 25 05:13:53 UTC 2020
12 ms. Memory: 51200K Free: 19229K (38%)
ptolemy.util.test.WatchDog.cancel(): canceling Sat Jul 25 05:13:53 UTC 2020
------------------ testing $PTII/ptolemy/domains/de/test/auto/Modal5.xml
auto.tcl: Setting watchdog for 200 seconds at Sat Jul 25 05:13:53 UTC 2020
12 ms. Memory: 51200K Free: 23032K (45%)
ptolemy.util.test.WatchDog.cancel(): canceling Sat Jul 25 05:13:53 UTC 2020
auto.tcl: Setting watchdog for 200 seconds at Sat Jul 25 05:13:53 UTC 2020
12 ms. Memory: 51200K Free: 19216K (38%)
ptolemy.util.test.WatchDog.cancel(): canceling Sat Jul 25 05:13:53 UTC 2020
------------------ testing $PTII/ptolemy/domains/de/test/auto/Modal6.xml
auto.tcl: Setting watchdog for 200 seconds at Sat Jul 25 05:13:53 UTC 2020
15 ms. Memory: 51200K Free: 23804K (46%)
ptolemy.util.test.WatchDog.cancel(): canceling Sat Jul 25 05:13:53 UTC 2020
auto.tcl: Setting watchdog for 200 seconds at Sat Jul 25 05:13:53 UTC 2020
12 ms. Memory: 51200K Free: 19836K (39%)
ptolemy.util.test.WatchDog.cancel(): canceling Sat Jul 25 05:13:53 UTC 2020
------------------ testing $PTII/ptolemy/domains/de/test/auto/Modal7.xml
auto.tcl: Setting watchdog for 200 seconds at Sat Jul 25 05:13:53 UTC 2020
9 ms. Memory: 51200K Free: 22783K (44%)
ptolemy.util.test.WatchDog.cancel(): canceling Sat Jul 25 05:13:53 UTC 2020
auto.tcl: Setting watchdog for 200 seconds at Sat Jul 25 05:13:53 UTC 2020
10 ms. Memory: 51200K Free: 19456K (38%)
ptolemy.util.test.WatchDog.cancel(): canceling Sat Jul 25 05:13:53 UTC 2020
------------------ testing $PTII/ptolemy/domains/de/test/auto/ModalModel.xml
auto.tcl: Setting watchdog for 200 seconds at Sat Jul 25 05:13:53 UTC 2020
206 ms. Memory: 51200K Free: 15523K (30%)
ptolemy.util.test.WatchDog.cancel(): canceling Sat Jul 25 05:13:54 UTC 2020
auto.tcl: Setting watchdog for 200 seconds at Sat Jul 25 05:13:54 UTC 2020
200 ms. Memory: 61440K Free: 17467K (28%)
ptolemy.util.test.WatchDog.cancel(): canceling Sat Jul 25 05:13:54 UTC 2020
------------------ testing $PTII/ptolemy/domains/de/test/auto/ModalSource.xml
auto.tcl: Setting watchdog for 200 seconds at Sat Jul 25 05:13:54 UTC 2020
9 ms. Memory: 58368K Free: 35057K (60%)
ptolemy.util.test.WatchDog.cancel(): canceling Sat Jul 25 05:13:54 UTC 2020
auto.tcl: Setting watchdog for 200 seconds at Sat Jul 25 05:13:54 UTC 2020
5 ms. Memory: 58368K Free: 33089K (57%)
ptolemy.util.test.WatchDog.cancel(): canceling Sat Jul 25 05:13:54 UTC 2020
------------------ testing $PTII/ptolemy/domains/de/test/auto/NonInterruptibleTimerZeroDelay.xml
auto.tcl: Setting watchdog for 200 seconds at Sat Jul 25 05:13:54 UTC 2020
2 ms. Memory: 51200K Free: 32825K (64%)
ptolemy.util.test.WatchDog.cancel(): canceling Sat Jul 25 05:13:54 UTC 2020
auto.tcl: Setting watchdog for 200 seconds at Sat Jul 25 05:13:54 UTC 2020
2 ms. Memory: 51200K Free: 32166K (63%)
ptolemy.util.test.WatchDog.cancel(): canceling Sat Jul 25 05:13:54 UTC 2020
------------------ testing $PTII/ptolemy/domains/de/test/auto/OpenQueueingNetwork.xml
auto.tcl: Setting watchdog for 200 seconds at Sat Jul 25 05:13:54 UTC 2020
2637 ms. Memory: 94208K Free: 72730K (77%)
ptolemy.util.test.WatchDog.cancel(): canceling Sat Jul 25 05:13:57 UTC 2020
auto.tcl: Setting watchdog for 200 seconds at Sat Jul 25 05:13:57 UTC 2020
2315 ms. Memory: 126976K Free: 40666K (32%)
ptolemy.util.test.WatchDog.cancel(): canceling Sat Jul 25 05:13:59 UTC 2020
------------------ testing $PTII/ptolemy/domains/de/test/auto/OpenQueuingNetwork.xml
auto.tcl: Setting watchdog for 200 seconds at Sat Jul 25 05:13:59 UTC 2020
243 ms. Memory: 58368K Free: 31032K (53%)
ptolemy.util.test.WatchDog.cancel(): canceling Sat Jul 25 05:13:59 UTC 2020
auto.tcl: Setting watchdog for 200 seconds at Sat Jul 25 05:13:59 UTC 2020
221 ms. Memory: 70656K Free: 25231K (36%)
ptolemy.util.test.WatchDog.cancel(): canceling Sat Jul 25 05:14:00 UTC 2020
------------------ testing $PTII/ptolemy/domains/de/test/auto/PeriodicSampler.xml
auto.tcl: Setting watchdog for 200 seconds at Sat Jul 25 05:14:00 UTC 2020
2 ms. Memory: 55296K Free: 36115K (65%)
ptolemy.util.test.WatchDog.cancel(): canceling Sat Jul 25 05:14:00 UTC 2020
auto.tcl: Setting watchdog for 200 seconds at Sat Jul 25 05:14:00 UTC 2020
1 ms. Memory: 55296K Free: 35595K (64%)
ptolemy.util.test.WatchDog.cancel(): canceling Sat Jul 25 05:14:00 UTC 2020
------------------ testing $PTII/ptolemy/domains/de/test/auto/PersistentIO.xml
auto.tcl: Setting watchdog for 200 seconds at Sat Jul 25 05:14:00 UTC 2020
5 ms. Memory: 51200K Free: 26927K (53%)
ptolemy.util.test.WatchDog.cancel(): canceling Sat Jul 25 05:14:00 UTC 2020
auto.tcl: Setting watchdog for 200 seconds at Sat Jul 25 05:14:00 UTC 2020
4 ms. Memory: 51200K Free: 25423K (50%)
ptolemy.util.test.WatchDog.cancel(): canceling Sat Jul 25 05:14:00 UTC 2020
------------------ testing $PTII/ptolemy/domains/de/test/auto/PortParameterResetOnInitialize.xml
auto.tcl: Setting watchdog for 200 seconds at Sat Jul 25 05:14:00 UTC 2020
3 ms. Memory: 51200K Free: 31935K (62%)
ptolemy.util.test.WatchDog.cancel(): canceling Sat Jul 25 05:14:00 UTC 2020
auto.tcl: Setting watchdog for 200 seconds at Sat Jul 25 05:14:00 UTC 2020
1 ms. Memory: 51200K Free: 31431K (61%)
ptolemy.util.test.WatchDog.cancel(): canceling Sat Jul 25 05:14:00 UTC 2020
------------------ testing $PTII/ptolemy/domains/de/test/auto/PortParameterUpdates.xml
auto.tcl: Setting watchdog for 200 seconds at Sat Jul 25 05:14:00 UTC 2020
4 ms. Memory: 51200K Free: 30236K (59%)
ptolemy.util.test.WatchDog.cancel(): canceling Sat Jul 25 05:14:00 UTC 2020
auto.tcl: Setting watchdog for 200 seconds at Sat Jul 25 05:14:00 UTC 2020
3 ms. Memory: 51200K Free: 29012K (57%)
ptolemy.util.test.WatchDog.cancel(): canceling Sat Jul 25 05:14:00 UTC 2020
------------------ testing $PTII/ptolemy/domains/de/test/auto/QueueAndServer.xml
auto.tcl: Setting watchdog for 200 seconds at Sat Jul 25 05:14:00 UTC 2020
16 ms. Memory: 51200K Free: 28904K (56%)
ptolemy.util.test.WatchDog.cancel(): canceling Sat Jul 25 05:14:00 UTC 2020
auto.tcl: Setting watchdog for 200 seconds at Sat Jul 25 05:14:00 UTC 2020
6 ms. Memory: 51200K Free: 27451K (54%)
ptolemy.util.test.WatchDog.cancel(): canceling Sat Jul 25 05:14:00 UTC 2020
------------------ testing $PTII/ptolemy/domains/de/test/auto/Records.xml
auto.tcl: Setting watchdog for 200 seconds at Sat Jul 25 05:14:00 UTC 2020
2 ms. Memory: 51200K Free: 31182K (61%)
ptolemy.util.test.WatchDog.cancel(): canceling Sat Jul 25 05:14:00 UTC 2020
auto.tcl: Setting watchdog for 200 seconds at Sat Jul 25 05:14:00 UTC 2020
2 ms. Memory: 51200K Free: 30670K (60%)
ptolemy.util.test.WatchDog.cancel(): canceling Sat Jul 25 05:14:00 UTC 2020
------------------ testing $PTII/ptolemy/domains/de/test/auto/ResetTransitionWithStartTime1.xml
auto.tcl: Setting watchdog for 200 seconds at Sat Jul 25 05:14:00 UTC 2020
12 ms. Memory: 51200K Free: 28428K (56%)
ptolemy.util.test.WatchDog.cancel(): canceling Sat Jul 25 05:14:00 UTC 2020
auto.tcl: Setting watchdog for 200 seconds at Sat Jul 25 05:14:00 UTC 2020
7 ms. Memory: 51200K Free: 25846K (50%)
ptolemy.util.test.WatchDog.cancel(): canceling Sat Jul 25 05:14:00 UTC 2020
------------------ testing $PTII/ptolemy/domains/de/test/auto/ResetTransitionWithStartTime2.xml
auto.tcl: Setting watchdog for 200 seconds at Sat Jul 25 05:14:00 UTC 2020
6 ms. Memory: 51200K Free: 28382K (55%)
ptolemy.util.test.WatchDog.cancel(): canceling Sat Jul 25 05:14:00 UTC 2020
auto.tcl: Setting watchdog for 200 seconds at Sat Jul 25 05:14:00 UTC 2020
4 ms. Memory: 51200K Free: 26334K (51%)
ptolemy.util.test.WatchDog.cancel(): canceling Sat Jul 25 05:14:00 UTC 2020
------------------ testing $PTII/ptolemy/domains/de/test/auto/ResetTransitionWithStartTime3.xml
auto.tcl: Setting watchdog for 200 seconds at Sat Jul 25 05:14:00 UTC 2020
8 ms. Memory: 51200K Free: 28381K (55%)
ptolemy.util.test.WatchDog.cancel(): canceling Sat Jul 25 05:14:00 UTC 2020
auto.tcl: Setting watchdog for 200 seconds at Sat Jul 25 05:14:00 UTC 2020
5 ms. Memory: 51200K Free: 25805K (50%)
ptolemy.util.test.WatchDog.cancel(): canceling Sat Jul 25 05:14:00 UTC 2020
------------------ testing $PTII/ptolemy/domains/de/test/auto/ResetTransitionWithStartTime4.xml
auto.tcl: Setting watchdog for 200 seconds at Sat Jul 25 05:14:00 UTC 2020
6 ms. Memory: 51200K Free: 28828K (56%)
ptolemy.util.test.WatchDog.cancel(): canceling Sat Jul 25 05:14:00 UTC 2020
auto.tcl: Setting watchdog for 200 seconds at Sat Jul 25 05:14:00 UTC 2020
2 ms. Memory: 51200K Free: 27355K (53%)
ptolemy.util.test.WatchDog.cancel(): canceling Sat Jul 25 05:14:00 UTC 2020
------------------ testing $PTII/ptolemy/domains/de/test/auto/ResettableTimer1.xml
auto.tcl: Setting watchdog for 200 seconds at Sat Jul 25 05:14:00 UTC 2020
3 ms. Memory: 51200K Free: 32558K (64%)
ptolemy.util.test.WatchDog.cancel(): canceling Sat Jul 25 05:14:00 UTC 2020
auto.tcl: Setting watchdog for 200 seconds at Sat Jul 25 05:14:00 UTC 2020
1 ms. Memory: 51200K Free: 31931K (62%)
ptolemy.util.test.WatchDog.cancel(): canceling Sat Jul 25 05:14:00 UTC 2020
------------------ testing $PTII/ptolemy/domains/de/test/auto/ResettableTimer2.xml
auto.tcl: Setting watchdog for 200 seconds at Sat Jul 25 05:14:00 UTC 2020
2 ms. Memory: 51200K Free: 32614K (64%)
ptolemy.util.test.WatchDog.cancel(): canceling Sat Jul 25 05:14:00 UTC 2020
auto.tcl: Setting watchdog for 200 seconds at Sat Jul 25 05:14:00 UTC 2020
2 ms. Memory: 51200K Free: 31995K (62%)
ptolemy.util.test.WatchDog.cancel(): canceling Sat Jul 25 05:14:00 UTC 2020
------------------ testing $PTII/ptolemy/domains/de/test/auto/ResettableTimer3.xml
auto.tcl: Setting watchdog for 200 seconds at Sat Jul 25 05:14:01 UTC 2020
1 ms. Memory: 51200K Free: 33025K (65%)
ptolemy.util.test.WatchDog.cancel(): canceling Sat Jul 25 05:14:01 UTC 2020
auto.tcl: Setting watchdog for 200 seconds at Sat Jul 25 05:14:01 UTC 2020
1 ms. Memory: 51200K Free: 32515K (64%)
ptolemy.util.test.WatchDog.cancel(): canceling Sat Jul 25 05:14:01 UTC 2020
------------------ testing $PTII/ptolemy/domains/de/test/auto/ResettableTimer4.xml
auto.tcl: Setting watchdog for 200 seconds at Sat Jul 25 05:14:01 UTC 2020
1 ms. Memory: 51200K Free: 32528K (64%)
ptolemy.util.test.WatchDog.cancel(): canceling Sat Jul 25 05:14:01 UTC 2020
auto.tcl: Setting watchdog for 200 seconds at Sat Jul 25 05:14:01 UTC 2020
1 ms. Memory: 51200K Free: 32528K (64%)
ptolemy.util.test.WatchDog.cancel(): canceling Sat Jul 25 05:14:01 UTC 2020
------------------ testing $PTII/ptolemy/domains/de/test/auto/ResettableTimer5.xml
auto.tcl: Setting watchdog for 200 seconds at Sat Jul 25 05:14:01 UTC 2020
2 ms. Memory: 51200K Free: 32535K (64%)
ptolemy.util.test.WatchDog.cancel(): canceling Sat Jul 25 05:14:01 UTC 2020
auto.tcl: Setting watchdog for 200 seconds at Sat Jul 25 05:14:01 UTC 2020
1 ms. Memory: 51200K Free: 32023K (63%)
ptolemy.util.test.WatchDog.cancel(): canceling Sat Jul 25 05:14:01 UTC 2020
------------------ testing $PTII/ptolemy/domains/de/test/auto/ResettableTimer6.xml
auto.tcl: Setting watchdog for 200 seconds at Sat Jul 25 05:14:01 UTC 2020
2 ms. Memory: 51200K Free: 31997K (62%)
ptolemy.util.test.WatchDog.cancel(): canceling Sat Jul 25 05:14:01 UTC 2020
auto.tcl: Setting watchdog for 200 seconds at Sat Jul 25 05:14:01 UTC 2020
1 ms. Memory: 51200K Free: 31493K (62%)
ptolemy.util.test.WatchDog.cancel(): canceling Sat Jul 25 05:14:01 UTC 2020
------------------ testing $PTII/ptolemy/domains/de/test/auto/ServerZeroDelay.xml
auto.tcl: Setting watchdog for 200 seconds at Sat Jul 25 05:14:01 UTC 2020
1 ms. Memory: 51200K Free: 32508K (63%)
ptolemy.util.test.WatchDog.cancel(): canceling Sat Jul 25 05:14:01 UTC 2020
auto.tcl: Setting watchdog for 200 seconds at Sat Jul 25 05:14:01 UTC 2020
2 ms. Memory: 51200K Free: 31484K (61%)
ptolemy.util.test.WatchDog.cancel(): canceling Sat Jul 25 05:14:01 UTC 2020
------------------ testing $PTII/ptolemy/domains/de/test/auto/SmartSender.xml
auto.tcl: Setting watchdog for 200 seconds at Sat Jul 25 05:14:01 UTC 2020
3001 ms. Memory: 51200K Free: 32503K (63%)
ptolemy.util.test.WatchDog.cancel(): canceling Sat Jul 25 05:14:04 UTC 2020
auto.tcl: Setting watchdog for 200 seconds at Sat Jul 25 05:14:04 UTC 2020
3002 ms. Memory: 51200K Free: 31989K (62%)
ptolemy.util.test.WatchDog.cancel(): canceling Sat Jul 25 05:14:07 UTC 2020
------------------ testing $PTII/ptolemy/domains/de/test/auto/ThreadedComposite.xml
auto.tcl: Setting watchdog for 200 seconds at Sat Jul 25 05:14:07 UTC 2020
228 ms. Memory: 51200K Free: 13570K (27%)
ptolemy.util.test.WatchDog.cancel(): canceling Sat Jul 25 05:14:07 UTC 2020
auto.tcl: Setting watchdog for 200 seconds at Sat Jul 25 05:14:07 UTC 2020
141 ms. Memory: 51200K Free: 28705K (56%)
ptolemy.util.test.WatchDog.cancel(): canceling Sat Jul 25 05:14:07 UTC 2020
------------------ testing $PTII/ptolemy/domains/de/test/auto/Time.xml
auto.tcl: Setting watchdog for 200 seconds at Sat Jul 25 05:14:07 UTC 2020
515 ms. Memory: 51200K Free: 9155K (18%)
ptolemy.util.test.WatchDog.cancel(): canceling Sat Jul 25 05:14:08 UTC 2020
auto.tcl: Setting watchdog for 200 seconds at Sat Jul 25 05:14:08 UTC 2020
517 ms. Memory: 51200K Free: 14005K (27%)
ptolemy.util.test.WatchDog.cancel(): canceling Sat Jul 25 05:14:08 UTC 2020
------------------ testing $PTII/ptolemy/domains/de/test/auto/TimeDelayZeroDelay.xml
auto.tcl: Setting watchdog for 200 seconds at Sat Jul 25 05:14:08 UTC 2020
2 ms. Memory: 51200K Free: 32433K (63%)
ptolemy.util.test.WatchDog.cancel(): canceling Sat Jul 25 05:14:08 UTC 2020
auto.tcl: Setting watchdog for 200 seconds at Sat Jul 25 05:14:08 UTC 2020
2 ms. Memory: 51200K Free: 31548K (62%)
ptolemy.util.test.WatchDog.cancel(): canceling Sat Jul 25 05:14:08 UTC 2020
------------------ testing $PTII/ptolemy/domains/de/test/auto/TimerZeroDelay.xml
auto.tcl: Setting watchdog for 200 seconds at Sat Jul 25 05:14:08 UTC 2020
3 ms. Memory: 51200K Free: 32857K (64%)
ptolemy.util.test.WatchDog.cancel(): canceling Sat Jul 25 05:14:08 UTC 2020
auto.tcl: Setting watchdog for 200 seconds at Sat Jul 25 05:14:08 UTC 2020
2 ms. Memory: 51200K Free: 32043K (63%)
ptolemy.util.test.WatchDog.cancel(): canceling Sat Jul 25 05:14:08 UTC 2020
------------------ testing $PTII/ptolemy/domains/de/test/auto/TimingParadox.xml
auto.tcl: Setting watchdog for 200 seconds at Sat Jul 25 05:14:08 UTC 2020
333 ms. Memory: 51200K Free: 19120K (37%)
ptolemy.util.test.WatchDog.cancel(): canceling Sat Jul 25 05:14:09 UTC 2020
auto.tcl: Setting watchdog for 200 seconds at Sat Jul 25 05:14:09 UTC 2020
317 ms. Memory: 51200K Free: 8905K (17%)
ptolemy.util.test.WatchDog.cancel(): canceling Sat Jul 25 05:14:09 UTC 2020
------------------ testing $PTII/ptolemy/domains/de/test/auto/TransferInputs.xml
auto.tcl: Setting watchdog for 200 seconds at Sat Jul 25 05:14:09 UTC 2020
2 ms. Memory: 51200K Free: 30958K (60%)
ptolemy.util.test.WatchDog.cancel(): canceling Sat Jul 25 05:14:09 UTC 2020
auto.tcl: Setting watchdog for 200 seconds at Sat Jul 25 05:14:09 UTC 2020
2 ms. Memory: 51200K Free: 30050K (59%)
ptolemy.util.test.WatchDog.cancel(): canceling Sat Jul 25 05:14:09 UTC 2020
------------------ testing $PTII/ptolemy/domains/de/test/auto/TransferOutputs2.xml
auto.tcl: Setting watchdog for 200 seconds at Sat Jul 25 05:14:09 UTC 2020
9 ms. Memory: 51200K Free: 28386K (55%)
ptolemy.util.test.WatchDog.cancel(): canceling Sat Jul 25 05:14:09 UTC 2020
auto.tcl: Setting watchdog for 200 seconds at Sat Jul 25 05:14:09 UTC 2020
3 ms. Memory: 51200K Free: 26963K (53%)
ptolemy.util.test.WatchDog.cancel(): canceling Sat Jul 25 05:14:09 UTC 2020
------------------ testing $PTII/ptolemy/domains/de/test/auto/Trilateration.xml
auto.tcl: Setting watchdog for 200 seconds at Sat Jul 25 05:14:09 UTC 2020
12461 ms. Memory: 656384K Free: 314597K (48%)
ptolemy.util.test.WatchDog.cancel(): canceling Sat Jul 25 05:14:23 UTC 2020
auto.tcl: Setting watchdog for 200 seconds at Sat Jul 25 05:14:23 UTC 2020
8754 ms. Memory: 656384K Free: 377962K (58%)
ptolemy.util.test.WatchDog.cancel(): canceling Sat Jul 25 05:14:32 UTC 2020
------------------ testing $PTII/ptolemy/domains/de/test/auto/TwoSigmaDelta.xml
auto.tcl: Setting watchdog for 200 seconds at Sat Jul 25 05:14:32 UTC 2020
2140 ms. Memory: 89088K Free: 19896K (22%)
ptolemy.util.test.WatchDog.cancel(): canceling Sat Jul 25 05:14:34 UTC 2020
auto.tcl: Setting watchdog for 200 seconds at Sat Jul 25 05:14:34 UTC 2020
1829 ms. Memory: 89088K Free: 17829K (20%)
ptolemy.util.test.WatchDog.cancel(): canceling Sat Jul 25 05:14:36 UTC 2020
------------------ testing $PTII/ptolemy/domains/de/test/auto/VariableDelay.xml
auto.tcl: Setting watchdog for 200 seconds at Sat Jul 25 05:14:36 UTC 2020
2 ms. Memory: 58368K Free: 38591K (66%)
ptolemy.util.test.WatchDog.cancel(): canceling Sat Jul 25 05:14:36 UTC 2020
auto.tcl: Setting watchdog for 200 seconds at Sat Jul 25 05:14:36 UTC 2020
1 ms. Memory: 58368K Free: 37597K (64%)
ptolemy.util.test.WatchDog.cancel(): canceling Sat Jul 25 05:14:36 UTC 2020
------------------ testing $PTII/ptolemy/domains/de/test/auto/VariableDelay2.xml
auto.tcl: Setting watchdog for 200 seconds at Sat Jul 25 05:14:36 UTC 2020
2 ms. Memory: 55296K Free: 36462K (66%)
ptolemy.util.test.WatchDog.cancel(): canceling Sat Jul 25 05:14:36 UTC 2020
auto.tcl: Setting watchdog for 200 seconds at Sat Jul 25 05:14:36 UTC 2020
1 ms. Memory: 55296K Free: 35438K (64%)
ptolemy.util.test.WatchDog.cancel(): canceling Sat Jul 25 05:14:36 UTC 2020
------------------ testing $PTII/ptolemy/domains/de/test/auto/VariableDelayZeroDelay.xml
auto.tcl: Setting watchdog for 200 seconds at Sat Jul 25 05:14:36 UTC 2020
2 ms. Memory: 51200K Free: 32365K (63%)
ptolemy.util.test.WatchDog.cancel(): canceling Sat Jul 25 05:14:36 UTC 2020
auto.tcl: Setting watchdog for 200 seconds at Sat Jul 25 05:14:36 UTC 2020
2 ms. Memory: 51200K Free: 31851K (62%)
ptolemy.util.test.WatchDog.cancel(): canceling Sat Jul 25 05:14:36 UTC 2020
------------------ testing $PTII/ptolemy/domains/de/test/auto/VariableDelayZeroDelay2.xml
auto.tcl: Setting watchdog for 200 seconds at Sat Jul 25 05:14:36 UTC 2020
2 ms. Memory: 51200K Free: 32438K (63%)
ptolemy.util.test.WatchDog.cancel(): canceling Sat Jul 25 05:14:36 UTC 2020
auto.tcl: Setting watchdog for 200 seconds at Sat Jul 25 05:14:36 UTC 2020
1 ms. Memory: 51200K Free: 31340K (61%)
ptolemy.util.test.WatchDog.cancel(): canceling Sat Jul 25 05:14:36 UTC 2020
------------------ testing $PTII/ptolemy/domains/de/test/auto/deInCt.xml
auto.tcl: Setting watchdog for 200 seconds at Sat Jul 25 05:14:36 UTC 2020
0
1
1
1
1
1
0
0
0
1
1
1
1
0
0
0
1
1
1
0
0
0
1
1
1
0
0
0
0
1
1
1
0
0
0
0
0
11 ms. Memory: 51200K Free: 31337K (61%)
ptolemy.util.test.WatchDog.cancel(): canceling Sat Jul 25 05:14:36 UTC 2020
auto.tcl: Setting watchdog for 200 seconds at Sat Jul 25 05:14:36 UTC 2020
0
1
1
1
0
0
0
1
1
1
1
1
0
0
0
1
1
1
0
0
0
0
1
1
1
0
0
0
0
1
1
1
0
0
0
1
1
1
0
0
0
0
9 ms. Memory: 51200K Free: 29812K (58%)
ptolemy.util.test.WatchDog.cancel(): canceling Sat Jul 25 05:14:36 UTC 2020
------------------ testing $PTII/ptolemy/domains/de/test/auto/deInCt2.xml
auto.tcl: Setting watchdog for 200 seconds at Sat Jul 25 05:14:36 UTC 2020
0
1
1
1
0
0
1
1
1
0
0
1
1
1
0
0
1
1
1
0
0
1
1
1
0
0
1
1
1
0
0
1
1
1
0
0
1
1
1
0
0
0
5 ms. Memory: 51200K Free: 31338K (61%)
ptolemy.util.test.WatchDog.cancel(): canceling Sat Jul 25 05:14:36 UTC 2020
auto.tcl: Setting watchdog for 200 seconds at Sat Jul 25 05:14:36 UTC 2020
0
1
1
1
0
0
1
1
1
0
0
1
1
1
0
0
1
1
1
0
0
1
1
1
0
0
1
1
1
0
0
1
1
1
0
0
1
1
1
0
0
0
7 ms. Memory: 51200K Free: 29786K (58%)
ptolemy.util.test.WatchDog.cancel(): canceling Sat Jul 25 05:14:36 UTC 2020
------------------ testing $PTII/ptolemy/domains/de/test/auto/dynamicCausalityInterface1.xml
auto.tcl: Setting watchdog for 200 seconds at Sat Jul 25 05:14:36 UTC 2020
2 ms. Memory: 51200K Free: 26722K (52%)
ptolemy.util.test.WatchDog.cancel(): canceling Sat Jul 25 05:14:36 UTC 2020
auto.tcl: Setting watchdog for 200 seconds at Sat Jul 25 05:14:36 UTC 2020
1 ms. Memory: 51200K Free: 26722K (52%)
ptolemy.util.test.WatchDog.cancel(): canceling Sat Jul 25 05:14:36 UTC 2020
------------------ testing $PTII/ptolemy/domains/de/test/auto/fsm_de_test.xml
auto.tcl: Setting watchdog for 200 seconds at Sat Jul 25 05:14:36 UTC 2020
10 ms. Memory: 51200K Free: 27135K (53%)
ptolemy.util.test.WatchDog.cancel(): canceling Sat Jul 25 05:14:36 UTC 2020
auto.tcl: Setting watchdog for 200 seconds at Sat Jul 25 05:14:36 UTC 2020
4 ms. Memory: 51200K Free: 25087K (49%)
ptolemy.util.test.WatchDog.cancel(): canceling Sat Jul 25 05:14:36 UTC 2020
------------------ testing $PTII/ptolemy/domains/de/test/auto/functionDependencyReconstruction.xml
auto.tcl: Setting watchdog for 200 seconds at Sat Jul 25 05:14:36 UTC 2020
3 ms. Memory: 51200K Free: 20981K (41%)
ptolemy.util.test.WatchDog.cancel(): canceling Sat Jul 25 05:14:36 UTC 2020
auto.tcl: Setting watchdog for 200 seconds at Sat Jul 25 05:14:36 UTC 2020
3 ms. Memory: 51200K Free: 18933K (37%)
ptolemy.util.test.WatchDog.cancel(): canceling Sat Jul 25 05:14:36 UTC 2020
------------------ testing $PTII/ptolemy/domains/de/test/auto/multirate.xml
auto.tcl: Setting watchdog for 200 seconds at Sat Jul 25 05:14:36 UTC 2020
2 ms. Memory: 51200K Free: 29708K (58%)
ptolemy.util.test.WatchDog.cancel(): canceling Sat Jul 25 05:14:37 UTC 2020
auto.tcl: Setting watchdog for 200 seconds at Sat Jul 25 05:14:37 UTC 2020
3 ms. Memory: 51200K Free: 28029K (55%)
ptolemy.util.test.WatchDog.cancel(): canceling Sat Jul 25 05:14:37 UTC 2020
------------------ testing $PTII/ptolemy/domains/de/test/auto/multirate2.xml
auto.tcl: Setting watchdog for 200 seconds at Sat Jul 25 05:14:37 UTC 2020
5 ms. Memory: 51200K Free: 29929K (58%)
ptolemy.util.test.WatchDog.cancel(): canceling Sat Jul 25 05:14:37 UTC 2020
auto.tcl: Setting watchdog for 200 seconds at Sat Jul 25 05:14:37 UTC 2020
2 ms. Memory: 51200K Free: 28690K (56%)
ptolemy.util.test.WatchDog.cancel(): canceling Sat Jul 25 05:14:37 UTC 2020
------------------ testing $PTII/ptolemy/domains/de/test/auto/realtime.xml
auto.tcl: Setting watchdog for 200 seconds at Sat Jul 25 05:14:37 UTC 2020
10001 ms. Memory: 51200K Free: 31995K (62%)
ptolemy.util.test.WatchDog.cancel(): canceling Sat Jul 25 05:14:47 UTC 2020
auto.tcl: Setting watchdog for 200 seconds at Sat Jul 25 05:14:47 UTC 2020
10001 ms. Memory: 51200K Free: 31282K (61%)
ptolemy.util.test.WatchDog.cancel(): canceling Sat Jul 25 05:14:57 UTC 2020
------------------ testing $PTII/ptolemy/domains/de/test/auto/relationGroup.xml
auto.tcl: Setting watchdog for 200 seconds at Sat Jul 25 05:14:57 UTC 2020
2 ms. Memory: 51200K Free: 33066K (65%)
ptolemy.util.test.WatchDog.cancel(): canceling Sat Jul 25 05:14:57 UTC 2020
auto.tcl: Setting watchdog for 200 seconds at Sat Jul 25 05:14:57 UTC 2020
2 ms. Memory: 51200K Free: 32331K (63%)
ptolemy.util.test.WatchDog.cancel(): canceling Sat Jul 25 05:14:57 UTC 2020
------------------ testing $PTII/ptolemy/domains/de/test/auto/relationGroup2.xml
auto.tcl: Setting watchdog for 200 seconds at Sat Jul 25 05:14:57 UTC 2020
1 ms. Memory: 51200K Free: 33111K (65%)
ptolemy.util.test.WatchDog.cancel(): canceling Sat Jul 25 05:14:57 UTC 2020
auto.tcl: Setting watchdog for 200 seconds at Sat Jul 25 05:14:57 UTC 2020
2 ms. Memory: 51200K Free: 32386K (63%)
ptolemy.util.test.WatchDog.cancel(): canceling Sat Jul 25 05:14:57 UTC 2020
------------------ testing $PTII/ptolemy/domains/de/test/auto/sortWithOpaquePorts.xml
auto.tcl: Setting watchdog for 200 seconds at Sat Jul 25 05:14:57 UTC 2020
2 ms. Memory: 51200K Free: 31859K (62%)
ptolemy.util.test.WatchDog.cancel(): canceling Sat Jul 25 05:14:57 UTC 2020
auto.tcl: Setting watchdog for 200 seconds at Sat Jul 25 05:14:57 UTC 2020
2 ms. Memory: 51200K Free: 30852K (60%)
ptolemy.util.test.WatchDog.cancel(): canceling Sat Jul 25 05:14:57 UTC 2020
------------------ testing $PTII/ptolemy/domains/de/test/auto/transferInputsandOutputs.xml
auto.tcl: Setting watchdog for 200 seconds at Sat Jul 25 05:14:57 UTC 2020
1 ms. Memory: 51200K Free: 29303K (57%)
ptolemy.util.test.WatchDog.cancel(): canceling Sat Jul 25 05:14:57 UTC 2020
auto.tcl: Setting watchdog for 200 seconds at Sat Jul 25 05:14:57 UTC 2020
2 ms. Memory: 51200K Free: 28279K (55%)
ptolemy.util.test.WatchDog.cancel(): canceling Sat Jul 25 05:14:57 UTC 2020
------------------ testing $PTII/ptolemy/domains/de/test/auto/triggerType.xml
auto.tcl: Setting watchdog for 200 seconds at Sat Jul 25 05:14:57 UTC 2020
1 ms. Memory: 51200K Free: 32328K (63%)
ptolemy.util.test.WatchDog.cancel(): canceling Sat Jul 25 05:14:57 UTC 2020
auto.tcl: Setting watchdog for 200 seconds at Sat Jul 25 05:14:57 UTC 2020
2 ms. Memory: 51200K Free: 31304K (61%)
ptolemy.util.test.WatchDog.cancel(): canceling Sat Jul 25 05:14:57 UTC 2020
07/25/20 05:14:57
Failed: 0  Total Tests: 192  ((Passed: 187, Newly Passed: 1)  Known Failed: 5) /home/travis/build/icyphy/ptII/ptolemy/domains/de/test
07/25/20 05:14:57
Failed: 0  Total Tests: 192  ((Passed: 187, Newly Passed: 1)  Known Failed: 5) /home/travis/build/icyphy/ptII/ptolemy/domains/de/test
----------------- testing (KnownFailure) /home/travis/build/icyphy/ptII/ptolemy/domains/de/test/auto/knownFailedTests/DESDFClockTest.xml
2010 ms. Memory: 51200K Free: 25723K (50%)
Known Failure: java.lang.reflect.InvocationTargetException
----------------- testing (KnownFailure) /home/travis/build/icyphy/ptII/ptolemy/domains/de/test/auto/knownFailedTests/DirectFeedback.xml
2 ms. Memory: 51200K Free: 21627K (42%)
Known Failure: java.lang.reflect.InvocationTargetException
----------------- testing (KnownFailure) /home/travis/build/icyphy/ptII/ptolemy/domains/de/test/auto/knownFailedTests/FSMSource.xml
7 ms. Memory: 51200K Free: 13421K (26%)
----------------- testing (KnownFailure) /home/travis/build/icyphy/ptII/ptolemy/domains/de/test/auto/knownFailedTests/HierarchicalModel.xml
3 ms. Memory: 51200K Free: 25441K (50%)
Known Failure: java.lang.reflect.InvocationTargetException
----------------- testing (KnownFailure) /home/travis/build/icyphy/ptII/ptolemy/domains/de/test/auto/knownFailedTests/dependencyLoop.xml
2 ms. Memory: 51200K Free: 10510K (21%)
Known Failure: java.lang.reflect.InvocationTargetException
----------------- testing (KnownFailure) /home/travis/build/icyphy/ptII/ptolemy/domains/de/test/auto/knownFailedTests/dependencyLoop2.xml
6 ms. Memory: 51200K Free: 23084K (45%)
Known Failure: java.lang.reflect.InvocationTargetException
No auto/linux-amd64/*.xml tests in /home/travis/build/icyphy/ptII/ptolemy/domains/de/test
AutoTests.java: About to close Vertx.
AutoTests.java: Vertx closed.

===========================================================================================
----------------- testing Sat Jul 25 05:14:59 UTC 2020 /home/travis/build/icyphy/ptII/ptolemy/domains/de/test/auto/ActorDepthCalculation_actorWithoutPorts.xml
----------------- Instantiating /home/travis/build/icyphy/ptII/ptolemy/domains/de/test/auto/ActorDepthCalculation_actorWithoutPorts.xml
1 ms. Memory: 51200K Free: 16233K (32%)
----------------- Invoking toplevel() on ptolemy.moml.MoMLSimpleApplication@2f486462
----------------- Done invoking toplevel() on ptolemy.moml.MoMLSimpleApplication@2f486462
reloadAllAccessors: .ActorDepthCalculation_actorWithoutPorts

===========================================================================================
----------------- testing Sat Jul 25 05:14:59 UTC 2020 /home/travis/build/icyphy/ptII/ptolemy/domains/de/test/auto/AssemblyLine.xml
----------------- Instantiating /home/travis/build/icyphy/ptII/ptolemy/domains/de/test/auto/AssemblyLine.xml
2 ms. Memory: 51200K Free: 9103K (18%)
----------------- Invoking toplevel() on ptolemy.moml.MoMLSimpleApplication@39e64b1b
----------------- Done invoking toplevel() on ptolemy.moml.MoMLSimpleApplication@39e64b1b
reloadAllAccessors: .AssemblyLine

===========================================================================================
----------------- testing Sat Jul 25 05:14:59 UTC 2020 /home/travis/build/icyphy/ptII/ptolemy/domains/de/test/auto/CQBug1.xml
----------------- Instantiating /home/travis/build/icyphy/ptII/ptolemy/domains/de/test/auto/CQBug1.xml
0 ms. Memory: 51200K Free: 33834K (66%)
----------------- Invoking toplevel() on ptolemy.moml.MoMLSimpleApplication@129e28c6
----------------- Done invoking toplevel() on ptolemy.moml.MoMLSimpleApplication@129e28c6
reloadAllAccessors: .CQBug1

===========================================================================================
----------------- testing Sat Jul 25 05:14:59 UTC 2020 /home/travis/build/icyphy/ptII/ptolemy/domains/de/test/auto/CancelFireAt.xml
----------------- Instantiating /home/travis/build/icyphy/ptII/ptolemy/domains/de/test/auto/CancelFireAt.xml
1 ms. Memory: 51200K Free: 31203K (61%)
----------------- Invoking toplevel() on ptolemy.moml.MoMLSimpleApplication@6bade3cb
----------------- Done invoking toplevel() on ptolemy.moml.MoMLSimpleApplication@6bade3cb
reloadAllAccessors: .CancelFireAt

===========================================================================================
----------------- testing Sat Jul 25 05:14:59 UTC 2020 /home/travis/build/icyphy/ptII/ptolemy/domains/de/test/auto/CausalityAndComposabilityAnalysis.xml
----------------- Instantiating /home/travis/build/icyphy/ptII/ptolemy/domains/de/test/auto/CausalityAndComposabilityAnalysis.xml
2 ms. Memory: 51200K Free: 27042K (53%)
----------------- Invoking toplevel() on ptolemy.moml.MoMLSimpleApplication@7d041765
----------------- Done invoking toplevel() on ptolemy.moml.MoMLSimpleApplication@7d041765
reloadAllAccessors: .CausalityAndComposabilityAnalysis

===========================================================================================
----------------- testing Sat Jul 25 05:14:59 UTC 2020 /home/travis/build/icyphy/ptII/ptolemy/domains/de/test/auto/CausalityInterface1.xml
----------------- Instantiating /home/travis/build/icyphy/ptII/ptolemy/domains/de/test/auto/CausalityInterface1.xml
5 ms. Memory: 51200K Free: 21971K (43%)
----------------- Invoking toplevel() on ptolemy.moml.MoMLSimpleApplication@2b4690b4
----------------- Done invoking toplevel() on ptolemy.moml.MoMLSimpleApplication@2b4690b4
reloadAllAccessors: .CausalityInterface1

===========================================================================================
----------------- testing Sat Jul 25 05:14:59 UTC 2020 /home/travis/build/icyphy/ptII/ptolemy/domains/de/test/auto/CausalityInterface15.xml
----------------- Instantiating /home/travis/build/icyphy/ptII/ptolemy/domains/de/test/auto/CausalityInterface15.xml
2 ms. Memory: 51200K Free: 16388K (32%)
----------------- Invoking toplevel() on ptolemy.moml.MoMLSimpleApplication@71874c52
----------------- Done invoking toplevel() on ptolemy.moml.MoMLSimpleApplication@71874c52
reloadAllAccessors: .CausalityInterface15

===========================================================================================
----------------- testing Sat Jul 25 05:14:59 UTC 2020 /home/travis/build/icyphy/ptII/ptolemy/domains/de/test/auto/CausalityInterface2.xml
----------------- Instantiating /home/travis/build/icyphy/ptII/ptolemy/domains/de/test/auto/CausalityInterface2.xml
1 ms. Memory: 51200K Free: 11753K (23%)
[...]
	at ptolemy.actor.Manager.run(Manager.java:1263)
	at ptolemy.actor.Manager$PtolemyRunThread.run(Manager.java:1933)
java.lang.RuntimeException: Execution failed
	at ptolemy.moml.MoMLSimpleApplication$UnloadThread.run(MoMLSimpleApplication.java:402)
Caused by: ptolemy.kernel.util.IllegalActionException: Actor is not ready to fire.  Perhaps UpSample.prefire() returned false? Try debugging the actor by selecting "Listen to Actor".  Also, for SDF check moml for tokenConsumptionRate on input.
  in .DESDFClockTest.Play Bell.Copy1:SDF Director and .DESDFClockTest.Play Bell.UpSample
	at ptolemy.actor.sched.StaticSchedulingDirector.fire(StaticSchedulingDirector.java:227)
	at ptolemy.domains.sdf.kernel.SDFDirector.fire(SDFDirector.java:500)
	at ptolemy.actor.CompositeActor.fire(CompositeActor.java:455)
	at ptolemy.domains.de.kernel.DEDirector._fire(DEDirector.java:1949)
	at ptolemy.domains.de.kernel.DEDirector.fire(DEDirector.java:502)
	at ptolemy.actor.CompositeActor.fire(CompositeActor.java:455)
	at ptolemy.actor.Manager.iterate(Manager.java:851)
	at ptolemy.actor.Manager.execute(Manager.java:369)
	at ptolemy.actor.Manager.run(Manager.java:1263)
	at ptolemy.actor.Manager$PtolemyRunThread.run(Manager.java:1933)
java.lang.reflect.InvocationTargetException
	at java.base/jdk.internal.reflect.NativeConstructorAccessorImpl.newInstance0(Native Method)
	at java.base/jdk.internal.reflect.NativeConstructorAccessorImpl.newInstance(NativeConstructorAccessorImpl.java:62)
	at java.base/jdk.internal.reflect.DelegatingConstructorAccessorImpl.newInstance(DelegatingConstructorAccessorImpl.java:45)
	at java.base/java.lang.reflect.Constructor.newInstance(Constructor.java:490)
	at ptolemy.util.test.junit.AutoKnownFailedTests.RunModel(AutoKnownFailedTests.java:105)
	at java.base/jdk.internal.reflect.NativeMethodAccessorImpl.invoke0(Native Method)
	at java.base/jdk.internal.reflect.NativeMethodAccessorImpl.invoke(NativeMethodAccessorImpl.java:62)
	at java.base/jdk.internal.reflect.DelegatingMethodAccessorImpl.invoke(DelegatingMethodAccessorImpl.java:43)
	at java.base/java.lang.reflect.Method.invoke(Method.java:566)
	at org.junit.runners.model.FrameworkMethod$1.runReflectiveCall(FrameworkMethod.java:44)
	at org.junit.internal.runners.model.ReflectiveCallable.run(ReflectiveCallable.java:15)
	at org.junit.runners.model.FrameworkMethod.invokeExplosively(FrameworkMethod.java:41)
	at junitparams.internal.InvokeParameterisedMethod.evaluate(InvokeParameterisedMethod.java:102)
	at org.junit.internal.runners.statements.FailOnTimeout$1.run(FailOnTimeout.java:28)
Caused by: ptolemy.kernel.util.IllegalActionException: Actor is not ready to fire.  Perhaps UpSample.prefire() returned false? Try debugging the actor by selecting "Listen to Actor".  Also, for SDF check moml for tokenConsumptionRate on input.
  in .DESDFClockTest.Play Bell.Copy1:SDF Director and .DESDFClockTest.Play Bell.UpSample
	at ptolemy.actor.sched.StaticSchedulingDirector.fire(StaticSchedulingDirector.java:227)
	at ptolemy.domains.sdf.kernel.SDFDirector.fire(SDFDirector.java:500)
	at ptolemy.actor.CompositeActor.fire(CompositeActor.java:455)
	at ptolemy.domains.de.kernel.DEDirector._fire(DEDirector.java:1949)
	at ptolemy.domains.de.kernel.DEDirector.fire(DEDirector.java:502)
	at ptolemy.actor.CompositeActor.fire(CompositeActor.java:455)
	at ptolemy.actor.Manager.iterate(Manager.java:851)
	at ptolemy.actor.Manager.execute(Manager.java:369)
	at ptolemy.actor.Manager.run(Manager.java:1263)
	at ptolemy.actor.Manager$PtolemyRunThread.run(Manager.java:1933)
java.lang.RuntimeException: Execution failed
	at ptolemy.moml.MoMLSimpleApplication$UnloadThread.run(MoMLSimpleApplication.java:402)
Caused by: ptolemy.kernel.util.IllegalActionException: Test fails in iteration 1.
Value was: 1.0. Should have been: 2.0
  in .DirectFeedback.Test
	at ptolemy.actor.lib.Test.fire(Test.java:268)
	at ptolemy.domains.de.kernel.DEDirector._fire(DEDirector.java:1949)
	at ptolemy.domains.de.kernel.DEDirector.fire(DEDirector.java:502)
	at ptolemy.actor.CompositeActor.fire(CompositeActor.java:455)
	at ptolemy.actor.Manager.iterate(Manager.java:851)
	at ptolemy.actor.Manager.execute(Manager.java:369)
	at ptolemy.actor.Manager.run(Manager.java:1263)
	at ptolemy.actor.Manager$PtolemyRunThread.run(Manager.java:1933)
java.lang.reflect.InvocationTargetException
	at java.base/jdk.internal.reflect.NativeConstructorAccessorImpl.newInstance0(Native Method)
	at java.base/jdk.internal.reflect.NativeConstructorAccessorImpl.newInstance(NativeConstructorAccessorImpl.java:62)
	at java.base/jdk.internal.reflect.DelegatingConstructorAccessorImpl.newInstance(DelegatingConstructorAccessorImpl.java:45)
	at java.base/java.lang.reflect.Constructor.newInstance(Constructor.java:490)
	at ptolemy.util.test.junit.AutoKnownFailedTests.RunModel(AutoKnownFailedTests.java:105)
	at java.base/jdk.internal.reflect.NativeMethodAccessorImpl.invoke0(Native Method)
	at java.base/jdk.internal.reflect.NativeMethodAccessorImpl.invoke(NativeMethodAccessorImpl.java:62)
	at java.base/jdk.internal.reflect.DelegatingMethodAccessorImpl.invoke(DelegatingMethodAccessorImpl.java:43)
	at java.base/java.lang.reflect.Method.invoke(Method.java:566)
	at org.junit.runners.model.FrameworkMethod$1.runReflectiveCall(FrameworkMethod.java:44)
	at org.junit.internal.runners.model.ReflectiveCallable.run(ReflectiveCallable.java:15)
	at org.junit.runners.model.FrameworkMethod.invokeExplosively(FrameworkMethod.java:41)
	at junitparams.internal.InvokeParameterisedMethod.evaluate(InvokeParameterisedMethod.java:102)
	at org.junit.internal.runners.statements.FailOnTimeout$1.run(FailOnTimeout.java:28)
Caused by: ptolemy.kernel.util.IllegalActionException: Test fails in iteration 1.
Value was: 1.0. Should have been: 2.0
  in .DirectFeedback.Test
	at ptolemy.actor.lib.Test.fire(Test.java:268)
	at ptolemy.domains.de.kernel.DEDirector._fire(DEDirector.java:1949)
	at ptolemy.domains.de.kernel.DEDirector.fire(DEDirector.java:502)
	at ptolemy.actor.CompositeActor.fire(CompositeActor.java:455)
	at ptolemy.actor.Manager.iterate(Manager.java:851)
	at ptolemy.actor.Manager.execute(Manager.java:369)
	at ptolemy.actor.Manager.run(Manager.java:1263)
	at ptolemy.actor.Manager$PtolemyRunThread.run(Manager.java:1933)
java.lang.RuntimeException: Execution failed
	at ptolemy.moml.MoMLSimpleApplication$UnloadThread.run(MoMLSimpleApplication.java:402)
Caused by: ptolemy.kernel.util.IllegalActionException: Found a zero delay loop containing .HierarchicalModel.A
  in .HierarchicalModel and .HierarchicalModel.A
	at ptolemy.actor.util.CausalityInterfaceForComposites._computeOutputPortDepth(CausalityInterfaceForComposites.java:759)
	at ptolemy.actor.util.CausalityInterfaceForComposites._computeInputDepth(CausalityInterfaceForComposites.java:696)
	at ptolemy.actor.util.CausalityInterfaceForComposites._computeOutputPortDepth(CausalityInterfaceForComposites.java:765)
	at ptolemy.actor.util.CausalityInterfaceForComposites._computeInputDepth(CausalityInterfaceForComposites.java:696)
	at ptolemy.actor.util.CausalityInterfaceForComposites._computeOutputPortDepth(CausalityInterfaceForComposites.java:765)
	at ptolemy.actor.util.CausalityInterfaceForComposites._computeInputDepth(CausalityInterfaceForComposites.java:696)
	at ptolemy.actor.util.CausalityInterfaceForComposites._computeActorDepth(CausalityInterfaceForComposites.java:532)
	at ptolemy.actor.util.CausalityInterfaceForComposites.checkForCycles(CausalityInterfaceForComposites.java:96)
	at ptolemy.domains.de.kernel.DEDirector.preinitialize(DEDirector.java:1338)
	at ptolemy.actor.CompositeActor.preinitialize(CompositeActor.java:1828)
	at ptolemy.actor.Manager.preinitializeAndResolveTypes(Manager.java:1040)
	at ptolemy.actor.Manager.initialize(Manager.java:710)
	at ptolemy.actor.Manager.execute(Manager.java:356)
	at ptolemy.actor.Manager.run(Manager.java:1263)
	at ptolemy.actor.Manager$PtolemyRunThread.run(Manager.java:1933)
java.lang.reflect.InvocationTargetException
	at java.base/jdk.internal.reflect.NativeConstructorAccessorImpl.newInstance0(Native Method)
	at java.base/jdk.internal.reflect.NativeConstructorAccessorImpl.newInstance(NativeConstructorAccessorImpl.java:62)
	at java.base/jdk.internal.reflect.DelegatingConstructorAccessorImpl.newInstance(DelegatingConstructorAccessorImpl.java:45)
	at java.base/java.lang.reflect.Constructor.newInstance(Constructor.java:490)
	at ptolemy.util.test.junit.AutoKnownFailedTests.RunModel(AutoKnownFailedTests.java:105)
	at java.base/jdk.internal.reflect.NativeMethodAccessorImpl.invoke0(Native Method)
	at java.base/jdk.internal.reflect.NativeMethodAccessorImpl.invoke(NativeMethodAccessorImpl.java:62)
	at java.base/jdk.internal.reflect.DelegatingMethodAccessorImpl.invoke(DelegatingMethodAccessorImpl.java:43)
	at java.base/java.lang.reflect.Method.invoke(Method.java:566)
	at org.junit.runners.model.FrameworkMethod$1.runReflectiveCall(FrameworkMethod.java:44)
	at org.junit.internal.runners.model.ReflectiveCallable.run(ReflectiveCallable.java:15)
	at org.junit.runners.model.FrameworkMethod.invokeExplosively(FrameworkMethod.java:41)
	at junitparams.internal.InvokeParameterisedMethod.evaluate(InvokeParameterisedMethod.java:102)
	at org.junit.internal.runners.statements.FailOnTimeout$1.run(FailOnTimeout.java:28)
Caused by: ptolemy.kernel.util.IllegalActionException: Found a zero delay loop containing .HierarchicalModel.A
  in .HierarchicalModel and .HierarchicalModel.A
	at ptolemy.actor.util.CausalityInterfaceForComposites._computeOutputPortDepth(CausalityInterfaceForComposites.java:759)
	at ptolemy.actor.util.CausalityInterfaceForComposites._computeInputDepth(CausalityInterfaceForComposites.java:696)
	at ptolemy.actor.util.CausalityInterfaceForComposites._computeOutputPortDepth(CausalityInterfaceForComposites.java:765)
	at ptolemy.actor.util.CausalityInterfaceForComposites._computeInputDepth(CausalityInterfaceForComposites.java:696)
	at ptolemy.actor.util.CausalityInterfaceForComposites._computeOutputPortDepth(CausalityInterfaceForComposites.java:765)
	at ptolemy.actor.util.CausalityInterfaceForComposites._computeInputDepth(CausalityInterfaceForComposites.java:696)
	at ptolemy.actor.util.CausalityInterfaceForComposites._computeActorDepth(CausalityInterfaceForComposites.java:532)
	at ptolemy.actor.util.CausalityInterfaceForComposites.checkForCycles(CausalityInterfaceForComposites.java:96)
	at ptolemy.domains.de.kernel.DEDirector.preinitialize(DEDirector.java:1338)
	at ptolemy.actor.CompositeActor.preinitialize(CompositeActor.java:1828)
	at ptolemy.actor.Manager.preinitializeAndResolveTypes(Manager.java:1040)
	at ptolemy.actor.Manager.initialize(Manager.java:710)
	at ptolemy.actor.Manager.execute(Manager.java:356)
	at ptolemy.actor.Manager.run(Manager.java:1263)
	at ptolemy.actor.Manager$PtolemyRunThread.run(Manager.java:1933)
java.lang.RuntimeException: Execution failed
	at ptolemy.moml.MoMLSimpleApplication$UnloadThread.run(MoMLSimpleApplication.java:402)
Caused by: ptolemy.kernel.util.IllegalActionException: Found a zero delay loop containing .dependencyLoop.original
  in .dependencyLoop and .dependencyLoop.original
	at ptolemy.actor.util.CausalityInterfaceForComposites._computeOutputPortDepth(CausalityInterfaceForComposites.java:759)
	at ptolemy.actor.util.CausalityInterfaceForComposites._computeInputDepth(CausalityInterfaceForComposites.java:696)
	at ptolemy.actor.util.CausalityInterfaceForComposites._computeOutputPortDepth(CausalityInterfaceForComposites.java:765)
	at ptolemy.actor.util.CausalityInterfaceForComposites._computeInputDepth(CausalityInterfaceForComposites.java:696)
	at ptolemy.actor.util.CausalityInterfaceForComposites._computeOutputPortDepth(CausalityInterfaceForComposites.java:765)
	at ptolemy.actor.util.CausalityInterfaceForComposites._computeInputDepth(CausalityInterfaceForComposites.java:696)
	at ptolemy.actor.util.CausalityInterfaceForComposites._computeActorDepth(CausalityInterfaceForComposites.java:532)
	at ptolemy.actor.util.CausalityInterfaceForComposites.checkForCycles(CausalityInterfaceForComposites.java:96)
	at ptolemy.domains.de.kernel.DEDirector.preinitialize(DEDirector.java:1338)
	at ptolemy.actor.CompositeActor.preinitialize(CompositeActor.java:1828)
	at ptolemy.actor.Manager.preinitializeAndResolveTypes(Manager.java:1040)
	at ptolemy.actor.Manager.initialize(Manager.java:710)
	at ptolemy.actor.Manager.execute(Manager.java:356)
	at ptolemy.actor.Manager.run(Manager.java:1263)
	at ptolemy.actor.Manager$PtolemyRunThread.run(Manager.java:1933)
java.lang.reflect.InvocationTargetException
	at java.base/jdk.internal.reflect.NativeConstructorAccessorImpl.newInstance0(Native Method)
	at java.base/jdk.internal.reflect.NativeConstructorAccessorImpl.newInstance(NativeConstructorAccessorImpl.java:62)
	at java.base/jdk.internal.reflect.DelegatingConstructorAccessorImpl.newInstance(DelegatingConstructorAccessorImpl.java:45)
	at java.base/java.lang.reflect.Constructor.newInstance(Constructor.java:490)
	at ptolemy.util.test.junit.AutoKnownFailedTests.RunModel(AutoKnownFailedTests.java:105)
	at java.base/jdk.internal.reflect.NativeMethodAccessorImpl.invoke0(Native Method)
	at java.base/jdk.internal.reflect.NativeMethodAccessorImpl.invoke(NativeMethodAccessorImpl.java:62)
	at java.base/jdk.internal.reflect.DelegatingMethodAccessorImpl.invoke(DelegatingMethodAccessorImpl.java:43)
	at java.base/java.lang.reflect.Method.invoke(Method.java:566)
	at org.junit.runners.model.FrameworkMethod$1.runReflectiveCall(FrameworkMethod.java:44)
	at org.junit.internal.runners.model.ReflectiveCallable.run(ReflectiveCallable.java:15)
	at org.junit.runners.model.FrameworkMethod.invokeExplosively(FrameworkMethod.java:41)
	at junitparams.internal.InvokeParameterisedMethod.evaluate(InvokeParameterisedMethod.java:102)
	at org.junit.internal.runners.statements.FailOnTimeout$1.run(FailOnTimeout.java:28)
Caused by: ptolemy.kernel.util.IllegalActionException: Found a zero delay loop containing .dependencyLoop.original
  in .dependencyLoop and .dependencyLoop.original
	at ptolemy.actor.util.CausalityInterfaceForComposites._computeOutputPortDepth(CausalityInterfaceForComposites.java:759)
	at ptolemy.actor.util.CausalityInterfaceForComposites._computeInputDepth(CausalityInterfaceForComposites.java:696)
	at ptolemy.actor.util.CausalityInterfaceForComposites._computeOutputPortDepth(CausalityInterfaceForComposites.java:765)
	at ptolemy.actor.util.CausalityInterfaceForComposites._computeInputDepth(CausalityInterfaceForComposites.java:696)
	at ptolemy.actor.util.CausalityInterfaceForComposites._computeOutputPortDepth(CausalityInterfaceForComposites.java:765)
	at ptolemy.actor.util.CausalityInterfaceForComposites._computeInputDepth(CausalityInterfaceForComposites.java:696)
	at ptolemy.actor.util.CausalityInterfaceForComposites._computeActorDepth(CausalityInterfaceForComposites.java:532)
	at ptolemy.actor.util.CausalityInterfaceForComposites.checkForCycles(CausalityInterfaceForComposites.java:96)
	at ptolemy.domains.de.kernel.DEDirector.preinitialize(DEDirector.java:1338)
	at ptolemy.actor.CompositeActor.preinitialize(CompositeActor.java:1828)
	at ptolemy.actor.Manager.preinitializeAndResolveTypes(Manager.java:1040)
	at ptolemy.actor.Manager.initialize(Manager.java:710)
	at ptolemy.actor.Manager.execute(Manager.java:356)
	at ptolemy.actor.Manager.run(Manager.java:1263)
	at ptolemy.actor.Manager$PtolemyRunThread.run(Manager.java:1933)
java.lang.RuntimeException: Execution failed
	at ptolemy.moml.MoMLSimpleApplication$UnloadThread.run(MoMLSimpleApplication.java:402)
Caused by: ptolemy.kernel.util.IllegalActionException: Found a zero delay loop containing .dependencyLoop2.original
  in .dependencyLoop2 and .dependencyLoop2.original
	at ptolemy.actor.util.CausalityInterfaceForComposites._computeOutputPortDepth(CausalityInterfaceForComposites.java:759)
	at ptolemy.actor.util.CausalityInterfaceForComposites._computeInputDepth(CausalityInterfaceForComposites.java:696)
	at ptolemy.actor.util.CausalityInterfaceForComposites._computeOutputPortDepth(CausalityInterfaceForComposites.java:765)
	at ptolemy.actor.util.CausalityInterfaceForComposites._computeInputDepth(CausalityInterfaceForComposites.java:696)
	at ptolemy.actor.util.CausalityInterfaceForComposites._computeOutputPortDepth(CausalityInterfaceForComposites.java:765)
	at ptolemy.actor.util.CausalityInterfaceForComposites._computeInputDepth(CausalityInterfaceForComposites.java:696)
	at ptolemy.actor.util.CausalityInterfaceForComposites._computeActorDepth(CausalityInterfaceForComposites.java:532)
	at ptolemy.actor.util.CausalityInterfaceForComposites.checkForCycles(CausalityInterfaceForComposites.java:96)
	at ptolemy.domains.de.kernel.DEDirector.preinitialize(DEDirector.java:1338)
	at ptolemy.actor.CompositeActor.preinitialize(CompositeActor.java:1828)
	at ptolemy.actor.Manager.preinitializeAndResolveTypes(Manager.java:1040)
	at ptolemy.actor.Manager.initialize(Manager.java:710)
	at ptolemy.actor.Manager.execute(Manager.java:356)
	at ptolemy.actor.Manager.run(Manager.java:1263)
	at ptolemy.actor.Manager$PtolemyRunThread.run(Manager.java:1933)
java.lang.reflect.InvocationTargetException
	at java.base/jdk.internal.reflect.NativeConstructorAccessorImpl.newInstance0(Native Method)
	at java.base/jdk.internal.reflect.NativeConstructorAccessorImpl.newInstance(NativeConstructorAccessorImpl.java:62)
	at java.base/jdk.internal.reflect.DelegatingConstructorAccessorImpl.newInstance(DelegatingConstructorAccessorImpl.java:45)
	at java.base/java.lang.reflect.Constructor.newInstance(Constructor.java:490)
	at ptolemy.util.test.junit.AutoKnownFailedTests.RunModel(AutoKnownFailedTests.java:105)
	at java.base/jdk.internal.reflect.NativeMethodAccessorImpl.invoke0(Native Method)
	at java.base/jdk.internal.reflect.NativeMethodAccessorImpl.invoke(NativeMethodAccessorImpl.java:62)
	at java.base/jdk.internal.reflect.DelegatingMethodAccessorImpl.invoke(DelegatingMethodAccessorImpl.java:43)
	at java.base/java.lang.reflect.Method.invoke(Method.java:566)
	at org.junit.runners.model.FrameworkMethod$1.runReflectiveCall(FrameworkMethod.java:44)
	at org.junit.internal.runners.model.ReflectiveCallable.run(ReflectiveCallable.java:15)
	at org.junit.runners.model.FrameworkMethod.invokeExplosively(FrameworkMethod.java:41)
	at junitparams.internal.InvokeParameterisedMethod.evaluate(InvokeParameterisedMethod.java:102)
	at org.junit.internal.runners.statements.FailOnTimeout$1.run(FailOnTimeout.java:28)
Caused by: ptolemy.kernel.util.IllegalActionException: Found a zero delay loop containing .dependencyLoop2.original
  in .dependencyLoop2 and .dependencyLoop2.original
	at ptolemy.actor.util.CausalityInterfaceForComposites._computeOutputPortDepth(CausalityInterfaceForComposites.java:759)
	at ptolemy.actor.util.CausalityInterfaceForComposites._computeInputDepth(CausalityInterfaceForComposites.java:696)
	at ptolemy.actor.util.CausalityInterfaceForComposites._computeOutputPortDepth(CausalityInterfaceForComposites.java:765)
	at ptolemy.actor.util.CausalityInterfaceForComposites._computeInputDepth(CausalityInterfaceForComposites.java:696)
	at ptolemy.actor.util.CausalityInterfaceForComposites._computeOutputPortDepth(CausalityInterfaceForComposites.java:765)
	at ptolemy.actor.util.CausalityInterfaceForComposites._computeInputDepth(CausalityInterfaceForComposites.java:696)
	at ptolemy.actor.util.CausalityInterfaceForComposites._computeActorDepth(CausalityInterfaceForComposites.java:532)
	at ptolemy.actor.util.CausalityInterfaceForComposites.checkForCycles(CausalityInterfaceForComposites.java:96)
	at ptolemy.domains.de.kernel.DEDirector.preinitialize(DEDirector.java:1338)
	at ptolemy.actor.CompositeActor.preinitialize(CompositeActor.java:1828)
	at ptolemy.actor.Manager.preinitializeAndResolveTypes(Manager.java:1040)
	at ptolemy.actor.Manager.initialize(Manager.java:710)
	at ptolemy.actor.Manager.execute(Manager.java:356)
	at ptolemy.actor.Manager.run(Manager.java:1263)
	at ptolemy.actor.Manager$PtolemyRunThread.run(Manager.java:1933)
]]></system-err>
</testsuite>
