<?xml version="1.0" encoding="UTF-8" ?>
<testsuite errors="0" failures="0" hostname="travis-job-c22360ec-1749-4c5b-9ccb-8090ef566abc" name="ptolemy.domains.de.test.junit.JUnitTclTest" skipped="0" tests="101" time="131.673" timestamp="2018-06-02T17:49:16">
  <properties>
[...]
</properties>
  <testcase classname="ptolemy.util.test.junit.TclTests" name="[0] /home/travis/build/icyphy/ptII/ptolemy/domains/de/test/DependencyLoop.tcl (RunTclFile)" time="0.727" />
  <testcase classname="ptolemy.util.test.junit.TclTests" name="[1] /home/travis/build/icyphy/ptII/ptolemy/domains/de/test/RunDETestsAsQSS.tcl (RunTclFile)" time="90.93" />
  <testcase classname="ptolemy.util.test.junit.AutoKnownFailedTests" name="[0] /home/travis/build/icyphy/ptII/ptolemy/domains/de/test/auto/knownFailedTests/DESDFClockTest.xml (RunModel)" time="2.032" />
  <testcase classname="ptolemy.util.test.junit.AutoKnownFailedTests" name="[1] /home/travis/build/icyphy/ptII/ptolemy/domains/de/test/auto/knownFailedTests/DirectFeedback.xml (RunModel)" time="0.022" />
  <testcase classname="ptolemy.util.test.junit.AutoKnownFailedTests" name="[2] /home/travis/build/icyphy/ptII/ptolemy/domains/de/test/auto/knownFailedTests/FSMSource.xml (RunModel)" time="0.027" />
  <testcase classname="ptolemy.util.test.junit.AutoKnownFailedTests" name="[3] /home/travis/build/icyphy/ptII/ptolemy/domains/de/test/auto/knownFailedTests/HierarchicalModel.xml (RunModel)" time="0.043" />
  <testcase classname="ptolemy.util.test.junit.AutoKnownFailedTests" name="[4] /home/travis/build/icyphy/ptII/ptolemy/domains/de/test/auto/knownFailedTests/dependencyLoop.xml (RunModel)" time="0.032" />
  <testcase classname="ptolemy.util.test.junit.AutoKnownFailedTests" name="[5] /home/travis/build/icyphy/ptII/ptolemy/domains/de/test/auto/knownFailedTests/dependencyLoop2.xml (RunModel)" time="0.039" />
  <testcase classname="ptolemy.util.test.junit.AutoNameArchTests" name="[0] ThereAreNoAutoArchTests (RunModel)" time="0.0" />
  <testcase classname="ptolemy.util.test.junit.AutoTests" name="[0] /home/travis/build/icyphy/ptII/ptolemy/domains/de/test/auto/ActorDepthCalculation_actorWithoutPorts.xml (RunModel)" time="0.016" />
  <testcase classname="ptolemy.util.test.junit.AutoTests" name="[1] /home/travis/build/icyphy/ptII/ptolemy/domains/de/test/auto/AssemblyLine.xml (RunModel)" time="0.018" />
  <testcase classname="ptolemy.util.test.junit.AutoTests" name="[2] /home/travis/build/icyphy/ptII/ptolemy/domains/de/test/auto/CQBug1.xml (RunModel)" time="0.012" />
  <testcase classname="ptolemy.util.test.junit.AutoTests" name="[3] /home/travis/build/icyphy/ptII/ptolemy/domains/de/test/auto/CancelFireAt.xml (RunModel)" time="0.006" />
  <testcase classname="ptolemy.util.test.junit.AutoTests" name="[4] /home/travis/build/icyphy/ptII/ptolemy/domains/de/test/auto/CausalityAndComposabilityAnalysis.xml (RunModel)" time="0.01" />
  <testcase classname="ptolemy.util.test.junit.AutoTests" name="[5] /home/travis/build/icyphy/ptII/ptolemy/domains/de/test/auto/CausalityInterface1.xml (RunModel)" time="0.011" />
  <testcase classname="ptolemy.util.test.junit.AutoTests" name="[6] /home/travis/build/icyphy/ptII/ptolemy/domains/de/test/auto/CausalityInterface15.xml (RunModel)" time="0.013" />
  <testcase classname="ptolemy.util.test.junit.AutoTests" name="[7] /home/travis/build/icyphy/ptII/ptolemy/domains/de/test/auto/CausalityInterface2.xml (RunModel)" time="0.012" />
  <testcase classname="ptolemy.util.test.junit.AutoTests" name="[8] /home/travis/build/icyphy/ptII/ptolemy/domains/de/test/auto/CausalityInterface3.xml (RunModel)" time="0.01" />
  <testcase classname="ptolemy.util.test.junit.AutoTests" name="[9] /home/travis/build/icyphy/ptII/ptolemy/domains/de/test/auto/ClockDrift.xml (RunModel)" time="0.035" />
  <testcase classname="ptolemy.util.test.junit.AutoTests" name="[10] /home/travis/build/icyphy/ptII/ptolemy/domains/de/test/auto/ClockDriftAndValueChange.xml (RunModel)" time="0.024" />
  <testcase classname="ptolemy.util.test.junit.AutoTests" name="[11] /home/travis/build/icyphy/ptII/ptolemy/domains/de/test/auto/ClockDriftChange.xml (RunModel)" time="0.031" />
  <testcase classname="ptolemy.util.test.junit.AutoTests" name="[12] /home/travis/build/icyphy/ptII/ptolemy/domains/de/test/auto/ComposableCausalityAnalysis.xml (RunModel)" time="0.009" />
  <testcase classname="ptolemy.util.test.junit.AutoTests" name="[13] /home/travis/build/icyphy/ptII/ptolemy/domains/de/test/auto/DEFixedPointLimitation.xml (RunModel)" time="0.006" />
  <testcase classname="ptolemy.util.test.junit.AutoTests" name="[14] /home/travis/build/icyphy/ptII/ptolemy/domains/de/test/auto/DEScheduleTest.xml (RunModel)" time="0.025" />
  <testcase classname="ptolemy.util.test.junit.AutoTests" name="[15] /home/travis/build/icyphy/ptII/ptolemy/domains/de/test/auto/DEinDEwithStartTimes.xml (RunModel)" time="0.03" />
  <testcase classname="ptolemy.util.test.junit.AutoTests" name="[16] /home/travis/build/icyphy/ptII/ptolemy/domains/de/test/auto/DEinDEwithStartTimes2.xml (RunModel)" time="0.016" />
  <testcase classname="ptolemy.util.test.junit.AutoTests" name="[17] /home/travis/build/icyphy/ptII/ptolemy/domains/de/test/auto/DateDemo.xml (RunModel)" time="0.026" />
  <testcase classname="ptolemy.util.test.junit.AutoTests" name="[18] /home/travis/build/icyphy/ptII/ptolemy/domains/de/test/auto/DateToEvent.xml (RunModel)" time="2.036" />
  <testcase classname="ptolemy.util.test.junit.AutoTests" name="[19] /home/travis/build/icyphy/ptII/ptolemy/domains/de/test/auto/DepthTest1.xml (RunModel)" time="0.009" />
  <testcase classname="ptolemy.util.test.junit.AutoTests" name="[20] /home/travis/build/icyphy/ptII/ptolemy/domains/de/test/auto/DepthTest2.xml (RunModel)" time="0.018" />
  <testcase classname="ptolemy.util.test.junit.AutoTests" name="[21] /home/travis/build/icyphy/ptII/ptolemy/domains/de/test/auto/DepthTest3.xml (RunModel)" time="0.007" />
  <testcase classname="ptolemy.util.test.junit.AutoTests" name="[22] /home/travis/build/icyphy/ptII/ptolemy/domains/de/test/auto/DepthTest4.xml (RunModel)" time="0.012" />
  <testcase classname="ptolemy.util.test.junit.AutoTests" name="[23] /home/travis/build/icyphy/ptII/ptolemy/domains/de/test/auto/DepthTest5.xml (RunModel)" time="0.014" />
  <testcase classname="ptolemy.util.test.junit.AutoTests" name="[24] /home/travis/build/icyphy/ptII/ptolemy/domains/de/test/auto/DepthTest6.xml (RunModel)" time="0.013" />
  <testcase classname="ptolemy.util.test.junit.AutoTests" name="[25] /home/travis/build/icyphy/ptII/ptolemy/domains/de/test/auto/DepthTest7.xml (RunModel)" time="0.012" />
  <testcase classname="ptolemy.util.test.junit.AutoTests" name="[26] /home/travis/build/icyphy/ptII/ptolemy/domains/de/test/auto/EventToDate.xml (RunModel)" time="3.036" />
  <testcase classname="ptolemy.util.test.junit.AutoTests" name="[27] /home/travis/build/icyphy/ptII/ptolemy/domains/de/test/auto/FSM1.xml (RunModel)" time="0.03" />
  <testcase classname="ptolemy.util.test.junit.AutoTests" name="[28] /home/travis/build/icyphy/ptII/ptolemy/domains/de/test/auto/FSM7.xml (RunModel)" time="0.03" />
  <testcase classname="ptolemy.util.test.junit.AutoTests" name="[29] /home/travis/build/icyphy/ptII/ptolemy/domains/de/test/auto/Inspection.xml (RunModel)" time="0.056" />
  <testcase classname="ptolemy.util.test.junit.AutoTests" name="[30] /home/travis/build/icyphy/ptII/ptolemy/domains/de/test/auto/Iteration.xml (RunModel)" time="0.023" />
  <testcase classname="ptolemy.util.test.junit.AutoTests" name="[31] /home/travis/build/icyphy/ptII/ptolemy/domains/de/test/auto/LineFault.xml (RunModel)" time="0.55" />
  <testcase classname="ptolemy.util.test.junit.AutoTests" name="[32] /home/travis/build/icyphy/ptII/ptolemy/domains/de/test/auto/MergeModel1Add.xml (RunModel)" time="0.039" />
  <testcase classname="ptolemy.util.test.junit.AutoTests" name="[33] /home/travis/build/icyphy/ptII/ptolemy/domains/de/test/auto/MergeModel2Add.xml (RunModel)" time="0.035" />
  <testcase classname="ptolemy.util.test.junit.AutoTests" name="[34] /home/travis/build/icyphy/ptII/ptolemy/domains/de/test/auto/MergeModel3Add.xml (RunModel)" time="0.051" />
  <testcase classname="ptolemy.util.test.junit.AutoTests" name="[35] /home/travis/build/icyphy/ptII/ptolemy/domains/de/test/auto/MergeWithoutDiscard.xml (RunModel)" time="0.01" />
  <testcase classname="ptolemy.util.test.junit.AutoTests" name="[36] /home/travis/build/icyphy/ptII/ptolemy/domains/de/test/auto/Modal1.xml (RunModel)" time="0.028" />
  <testcase classname="ptolemy.util.test.junit.AutoTests" name="[37] /home/travis/build/icyphy/ptII/ptolemy/domains/de/test/auto/Modal2.xml (RunModel)" time="0.032" />
  <testcase classname="ptolemy.util.test.junit.AutoTests" name="[38] /home/travis/build/icyphy/ptII/ptolemy/domains/de/test/auto/Modal3.xml (RunModel)" time="0.035" />
  <testcase classname="ptolemy.util.test.junit.AutoTests" name="[39] /home/travis/build/icyphy/ptII/ptolemy/domains/de/test/auto/Modal4.xml (RunModel)" time="0.029" />
  <testcase classname="ptolemy.util.test.junit.AutoTests" name="[40] /home/travis/build/icyphy/ptII/ptolemy/domains/de/test/auto/Modal5.xml (RunModel)" time="0.027" />
  <testcase classname="ptolemy.util.test.junit.AutoTests" name="[41] /home/travis/build/icyphy/ptII/ptolemy/domains/de/test/auto/Modal6.xml (RunModel)" time="0.027" />
  <testcase classname="ptolemy.util.test.junit.AutoTests" name="[42] /home/travis/build/icyphy/ptII/ptolemy/domains/de/test/auto/Modal7.xml (RunModel)" time="0.027" />
  <testcase classname="ptolemy.util.test.junit.AutoTests" name="[43] /home/travis/build/icyphy/ptII/ptolemy/domains/de/test/auto/ModalModel.xml (RunModel)" time="0.128" />
  <testcase classname="ptolemy.util.test.junit.AutoTests" name="[44] /home/travis/build/icyphy/ptII/ptolemy/domains/de/test/auto/ModalSource.xml (RunModel)" time="0.018" />
  <testcase classname="ptolemy.util.test.junit.AutoTests" name="[45] /home/travis/build/icyphy/ptII/ptolemy/domains/de/test/auto/NonInterruptibleTimerZeroDelay.xml (RunModel)" time="0.01" />
  <testcase classname="ptolemy.util.test.junit.AutoTests" name="[46] /home/travis/build/icyphy/ptII/ptolemy/domains/de/test/auto/OpenQueueingNetwork.xml (RunModel)" time="2.138" />
  <testcase classname="ptolemy.util.test.junit.AutoTests" name="[47] /home/travis/build/icyphy/ptII/ptolemy/domains/de/test/auto/OpenQueuingNetwork.xml (RunModel)" time="0.257" />
  <testcase classname="ptolemy.util.test.junit.AutoTests" name="[48] /home/travis/build/icyphy/ptII/ptolemy/domains/de/test/auto/PeriodicSampler.xml (RunModel)" time="0.008" />
  <testcase classname="ptolemy.util.test.junit.AutoTests" name="[49] /home/travis/build/icyphy/ptII/ptolemy/domains/de/test/auto/PersistentIO.xml (RunModel)" time="0.017" />
  <testcase classname="ptolemy.util.test.junit.AutoTests" name="[50] /home/travis/build/icyphy/ptII/ptolemy/domains/de/test/auto/PortParameterResetOnInitialize.xml (RunModel)" time="0.009" />
  <testcase classname="ptolemy.util.test.junit.AutoTests" name="[51] /home/travis/build/icyphy/ptII/ptolemy/domains/de/test/auto/PortParameterUpdates.xml (RunModel)" time="0.015" />
  <testcase classname="ptolemy.util.test.junit.AutoTests" name="[52] /home/travis/build/icyphy/ptII/ptolemy/domains/de/test/auto/QueueAndServer.xml (RunModel)" time="0.021" />
  <testcase classname="ptolemy.util.test.junit.AutoTests" name="[53] /home/travis/build/icyphy/ptII/ptolemy/domains/de/test/auto/Records.xml (RunModel)" time="0.016" />
  <testcase classname="ptolemy.util.test.junit.AutoTests" name="[54] /home/travis/build/icyphy/ptII/ptolemy/domains/de/test/auto/ResetTransitionWithStartTime1.xml (RunModel)" time="0.024" />
  <testcase classname="ptolemy.util.test.junit.AutoTests" name="[55] /home/travis/build/icyphy/ptII/ptolemy/domains/de/test/auto/ResetTransitionWithStartTime2.xml (RunModel)" time="0.02" />
  <testcase classname="ptolemy.util.test.junit.AutoTests" name="[56] /home/travis/build/icyphy/ptII/ptolemy/domains/de/test/auto/ResetTransitionWithStartTime3.xml (RunModel)" time="0.021" />
  <testcase classname="ptolemy.util.test.junit.AutoTests" name="[57] /home/travis/build/icyphy/ptII/ptolemy/domains/de/test/auto/ResetTransitionWithStartTime4.xml (RunModel)" time="0.017" />
  <testcase classname="ptolemy.util.test.junit.AutoTests" name="[58] /home/travis/build/icyphy/ptII/ptolemy/domains/de/test/auto/ResettableTimer1.xml (RunModel)" time="0.01" />
  <testcase classname="ptolemy.util.test.junit.AutoTests" name="[59] /home/travis/build/icyphy/ptII/ptolemy/domains/de/test/auto/ResettableTimer2.xml (RunModel)" time="0.009" />
  <testcase classname="ptolemy.util.test.junit.AutoTests" name="[60] /home/travis/build/icyphy/ptII/ptolemy/domains/de/test/auto/ResettableTimer3.xml (RunModel)" time="0.009" />
  <testcase classname="ptolemy.util.test.junit.AutoTests" name="[61] /home/travis/build/icyphy/ptII/ptolemy/domains/de/test/auto/ResettableTimer4.xml (RunModel)" time="0.009" />
  <testcase classname="ptolemy.util.test.junit.AutoTests" name="[62] /home/travis/build/icyphy/ptII/ptolemy/domains/de/test/auto/ResettableTimer5.xml (RunModel)" time="0.009" />
  <testcase classname="ptolemy.util.test.junit.AutoTests" name="[63] /home/travis/build/icyphy/ptII/ptolemy/domains/de/test/auto/ResettableTimer6.xml (RunModel)" time="0.011" />
  <testcase classname="ptolemy.util.test.junit.AutoTests" name="[64] /home/travis/build/icyphy/ptII/ptolemy/domains/de/test/auto/ServerZeroDelay.xml (RunModel)" time="0.014" />
  <testcase classname="ptolemy.util.test.junit.AutoTests" name="[65] /home/travis/build/icyphy/ptII/ptolemy/domains/de/test/auto/SmartSender.xml (RunModel)" time="3.01" />
  <testcase classname="ptolemy.util.test.junit.AutoTests" name="[66] /home/travis/build/icyphy/ptII/ptolemy/domains/de/test/auto/ThreadedComposite.xml (RunModel)" time="0.317" />
  <testcase classname="ptolemy.util.test.junit.AutoTests" name="[67] /home/travis/build/icyphy/ptII/ptolemy/domains/de/test/auto/Time.xml (RunModel)" time="0.407" />
  <testcase classname="ptolemy.util.test.junit.AutoTests" name="[68] /home/travis/build/icyphy/ptII/ptolemy/domains/de/test/auto/TimeDelayZeroDelay.xml (RunModel)" time="0.012" />
  <testcase classname="ptolemy.util.test.junit.AutoTests" name="[69] /home/travis/build/icyphy/ptII/ptolemy/domains/de/test/auto/TimerZeroDelay.xml (RunModel)" time="0.009" />
  <testcase classname="ptolemy.util.test.junit.AutoTests" name="[70] /home/travis/build/icyphy/ptII/ptolemy/domains/de/test/auto/TimingParadox.xml (RunModel)" time="0.346" />
  <testcase classname="ptolemy.util.test.junit.AutoTests" name="[71] /home/travis/build/icyphy/ptII/ptolemy/domains/de/test/auto/TransferInputs.xml (RunModel)" time="0.014" />
  <testcase classname="ptolemy.util.test.junit.AutoTests" name="[72] /home/travis/build/icyphy/ptII/ptolemy/domains/de/test/auto/TransferOutputs2.xml (RunModel)" time="0.019" />
  <testcase classname="ptolemy.util.test.junit.AutoTests" name="[73] /home/travis/build/icyphy/ptII/ptolemy/domains/de/test/auto/Trilateration.xml (RunModel)" time="11.854" />
  <testcase classname="ptolemy.util.test.junit.AutoTests" name="[74] /home/travis/build/icyphy/ptII/ptolemy/domains/de/test/auto/TwoSigmaDelta.xml (RunModel)" time="1.995" />
  <testcase classname="ptolemy.util.test.junit.AutoTests" name="[75] /home/travis/build/icyphy/ptII/ptolemy/domains/de/test/auto/VariableDelay.xml (RunModel)" time="0.01" />
  <testcase classname="ptolemy.util.test.junit.AutoTests" name="[76] /home/travis/build/icyphy/ptII/ptolemy/domains/de/test/auto/VariableDelay2.xml (RunModel)" time="0.009" />
  <testcase classname="ptolemy.util.test.junit.AutoTests" name="[77] /home/travis/build/icyphy/ptII/ptolemy/domains/de/test/auto/VariableDelayZeroDelay.xml (RunModel)" time="0.01" />
  <testcase classname="ptolemy.util.test.junit.AutoTests" name="[78] /home/travis/build/icyphy/ptII/ptolemy/domains/de/test/auto/VariableDelayZeroDelay2.xml (RunModel)" time="0.01" />
  <testcase classname="ptolemy.util.test.junit.AutoTests" name="[79] /home/travis/build/icyphy/ptII/ptolemy/domains/de/test/auto/deInCt.xml (RunModel)" time="0.015" />
  <testcase classname="ptolemy.util.test.junit.AutoTests" name="[80] /home/travis/build/icyphy/ptII/ptolemy/domains/de/test/auto/deInCt2.xml (RunModel)" time="0.02" />
  <testcase classname="ptolemy.util.test.junit.AutoTests" name="[81] /home/travis/build/icyphy/ptII/ptolemy/domains/de/test/auto/dynamicCausalityInterface1.xml (RunModel)" time="0.018" />
  <testcase classname="ptolemy.util.test.junit.AutoTests" name="[82] /home/travis/build/icyphy/ptII/ptolemy/domains/de/test/auto/fsm_de_test.xml (RunModel)" time="0.022" />
  <testcase classname="ptolemy.util.test.junit.AutoTests" name="[83] /home/travis/build/icyphy/ptII/ptolemy/domains/de/test/auto/functionDependencyReconstruction.xml (RunModel)" time="0.033" />
  <testcase classname="ptolemy.util.test.junit.AutoTests" name="[84] /home/travis/build/icyphy/ptII/ptolemy/domains/de/test/auto/multirate.xml (RunModel)" time="0.015" />
  <testcase classname="ptolemy.util.test.junit.AutoTests" name="[85] /home/travis/build/icyphy/ptII/ptolemy/domains/de/test/auto/multirate2.xml (RunModel)" time="0.015" />
  <testcase classname="ptolemy.util.test.junit.AutoTests" name="[86] /home/travis/build/icyphy/ptII/ptolemy/domains/de/test/auto/realtime.xml (RunModel)" time="10.01" />
  <testcase classname="ptolemy.util.test.junit.AutoTests" name="[87] /home/travis/build/icyphy/ptII/ptolemy/domains/de/test/auto/relationGroup.xml (RunModel)" time="0.016" />
  <testcase classname="ptolemy.util.test.junit.AutoTests" name="[88] /home/travis/build/icyphy/ptII/ptolemy/domains/de/test/auto/relationGroup2.xml (RunModel)" time="0.014" />
  <testcase classname="ptolemy.util.test.junit.AutoTests" name="[89] /home/travis/build/icyphy/ptII/ptolemy/domains/de/test/auto/sortWithOpaquePorts.xml (RunModel)" time="0.013" />
  <testcase classname="ptolemy.util.test.junit.AutoTests" name="[90] /home/travis/build/icyphy/ptII/ptolemy/domains/de/test/auto/transferInputsandOutputs.xml (RunModel)" time="0.016" />
  <testcase classname="ptolemy.util.test.junit.AutoTests" name="[91] /home/travis/build/icyphy/ptII/ptolemy/domains/de/test/auto/triggerType.xml (RunModel)" time="0.02" />
  <system-out><![CDATA[/home/travis/build/icyphy/ptII/ptolemy/domains/de/test/DependencyLoop.tcl
testDefs.tcl: setting time out to 9000 seconds at Sat Jun 02 17:49:16 UTC 2018
30 ms. Memory: 116224K Free: 95129K (82%)
17 ms. Memory: 146944K Free: 137475K (94%)
/home/travis/build/icyphy/ptII/ptolemy/domains/de/test/RunDETestsAsQSS.tcl
Run the DE tests using ptolemy.domains.qss.test.QSSDirectorTest, which extends QSSDirector and prints a message in the constructors.
------------------ testing $PTII/ptolemy/domains/de/test/auto/knownFailedTests/dependencyLoop.xml (Known Failure) 
10 ms. Memory: 146944K Free: 133206K (91%)


==== $PTIIhome/travis/build/icyphy/ptII/ptolemy/domains/de/test/../../../../: Auto Automatic test in file $PTII/ptolemy/domains/de/test/auto/knownFailedTests/dependencyLoop.xml
==== Contents of test case:

	    # FIXME: we should use $relativeFilename here, but it
	    # might have backslashes under Windows, which causes no end
	    # of trouble.
	    createAndExecute $file
	    list {}
	
.... Test generated KNOWN error:
    while executing
ptolemy.kernel.util.IllegalActionException: Found a zero delay loop containing .dependencyLoop.original
  in .dependencyLoop and .dependencyLoop.original
	at ptolemy.actor.util.CausalityInterfaceForComposites._computeOutputPortDepth(CausalityInterfaceForComposites.java:759)
	at ptolemy.actor.util.CausalityInterfaceForComposites._computeInputDepth(CausalityInterfaceForComposites.java:696)
	at ptolemy.actor.util.CausalityInterfaceForComposites._computeOutputPortDepth(CausalityInterfaceForComposites.java:765)
	at ptolemy.actor.util.CausalityInterfaceForComposites._computeInputDepth(CausalityInterfaceForComposites.java:696)
	at ptolemy.actor.util.CausalityInterfaceForComposites._computeOutputPortDepth(CausalityInterfaceForComposites.java:765)
	at ptolemy.actor.util.CausalityInterfaceForComposites._computeInputDepth(CausalityInterfaceForComposites.java:696)
	at ptolemy.actor.util.CausalityInterfaceForComposites._computeActorDepth(CausalityInterfaceForComposites.java:532)
	at ptolemy.actor.util.CausalityInterfaceForComposites.checkForCycles(CausalityInterfaceForComposites.java:96)
	at ptolemy.domains.de.kernel.DEDirector.preinitialize(DEDirector.java:1337)
	at ptolemy.actor.CompositeActor.preinitialize(CompositeActor.java:1828)
	at ptolemy.actor.Manager.preinitializeAndResolveTypes(Manager.java:1040)
	at ptolemy.actor.Manager.initialize(Manager.java:710)
	at ptolemy.actor.Manager.execute(Manager.java:356)
	at ptolemy.actor.Manager.run(Manager.java:1263)
	at ptolemy.actor.Manager$PtolemyRunThread.run(Manager.java:1915)

    while executing
ptolemy.kernel.util.IllegalActionException: Found a zero delay loop containing .dependencyLoop.original
  in .dependencyLoop and .dependencyLoop.original
    while executing
"java::new ptolemy.moml.MoMLSimpleApplication $file
"
    (procedure "createAndExecute" line 2)
    invoked from within
"createAndExecute $file"
    ("uplevel" body line 5)
    invoked from within
"uplevel $contents_of_test"
------------------ testing $PTII/ptolemy/domains/de/test/auto/knownFailedTests/DESDFClockTest.xml (Known Failure) 
2052 ms. Memory: 146944K Free: 117803K (80%)


==== $PTIIhome/travis/build/icyphy/ptII/ptolemy/domains/de/test/../../../../: Auto Automatic test in file $PTII/ptolemy/domains/de/test/auto/knownFailedTests/DESDFClockTest.xml
==== Contents of test case:

	    # FIXME: we should use $relativeFilename here, but it
	    # might have backslashes under Windows, which causes no end
	    # of trouble.
	    createAndExecute $file
	    list {}
	
.... Test generated KNOWN error:
    while executing
ptolemy.kernel.util.IllegalActionException: Actor is not ready to fire.  Perhaps UpSample.prefire() returned false? Try debugging the actor by selecting "Listen to Actor".  Also, for SDF check moml for tokenConsumptionRate on input.
  in .DESDFClockTest.Play Bell.Copy1:SDF Director and .DESDFClockTest.Play Bell.UpSample
	at ptolemy.actor.sched.StaticSchedulingDirector.fire(StaticSchedulingDirector.java:227)
	at ptolemy.domains.sdf.kernel.SDFDirector.fire(SDFDirector.java:500)
	at ptolemy.actor.CompositeActor.fire(CompositeActor.java:455)
	at ptolemy.domains.de.kernel.DEDirector._fire(DEDirector.java:1948)
	at ptolemy.domains.de.kernel.DEDirector.fire(DEDirector.java:502)
	at ptolemy.actor.CompositeActor.fire(CompositeActor.java:455)
	at ptolemy.actor.Manager.iterate(Manager.java:851)
	at ptolemy.actor.Manager.execute(Manager.java:369)
	at ptolemy.actor.Manager.run(Manager.java:1263)
	at ptolemy.actor.Manager$PtolemyRunThread.run(Manager.java:1915)

    while executing
ptolemy.kernel.util.IllegalActionException: Actor is not ready to fire.  Perhaps UpSample.prefire() returned false? Try debugging the actor by selecting "Listen to Actor".  Also, for SDF check moml for tokenConsumptionRate on input.
  in .DESDFClockTest.Play Bell.Copy1:SDF Director and .DESDFClockTest.Play Bell.UpSample
    while executing
"java::new ptolemy.moml.MoMLSimpleApplication $file
"
    (procedure "createAndExecute" line 2)
    invoked from within
"createAndExecute $file"
    ("uplevel" body line 5)
    invoked from within
"uplevel $contents_of_test"
------------------ testing $PTII/ptolemy/domains/de/test/auto/knownFailedTests/FSMSource.xml (Known Failure) 
21 ms. Memory: 146944K Free: 108861K (74%)
!!!! Auto was marked as failing, but now passes
------------------ testing $PTII/ptolemy/domains/de/test/auto/knownFailedTests/dependencyLoop2.xml (Known Failure) 
6 ms. Memory: 146944K Free: 106978K (73%)


==== $PTIIhome/travis/build/icyphy/ptII/ptolemy/domains/de/test/../../../../: Auto Automatic test in file $PTII/ptolemy/domains/de/test/auto/knownFailedTests/dependencyLoop2.xml
==== Contents of test case:

	    # FIXME: we should use $relativeFilename here, but it
	    # might have backslashes under Windows, which causes no end
	    # of trouble.
	    createAndExecute $file
	    list {}
	
.... Test generated KNOWN error:
    while executing
ptolemy.kernel.util.IllegalActionException: Found a zero delay loop containing .dependencyLoop2.original
  in .dependencyLoop2 and .dependencyLoop2.original
	at ptolemy.actor.util.CausalityInterfaceForComposites._computeOutputPortDepth(CausalityInterfaceForComposites.java:759)
	at ptolemy.actor.util.CausalityInterfaceForComposites._computeInputDepth(CausalityInterfaceForComposites.java:696)
	at ptolemy.actor.util.CausalityInterfaceForComposites._computeOutputPortDepth(CausalityInterfaceForComposites.java:765)
	at ptolemy.actor.util.CausalityInterfaceForComposites._computeInputDepth(CausalityInterfaceForComposites.java:696)
	at ptolemy.actor.util.CausalityInterfaceForComposites._computeOutputPortDepth(CausalityInterfaceForComposites.java:765)
	at ptolemy.actor.util.CausalityInterfaceForComposites._computeInputDepth(CausalityInterfaceForComposites.java:696)
	at ptolemy.actor.util.CausalityInterfaceForComposites._computeActorDepth(CausalityInterfaceForComposites.java:532)
	at ptolemy.actor.util.CausalityInterfaceForComposites.checkForCycles(CausalityInterfaceForComposites.java:96)
	at ptolemy.domains.de.kernel.DEDirector.preinitialize(DEDirector.java:1337)
	at ptolemy.actor.CompositeActor.preinitialize(CompositeActor.java:1828)
	at ptolemy.actor.Manager.preinitializeAndResolveTypes(Manager.java:1040)
	at ptolemy.actor.Manager.initialize(Manager.java:710)
	at ptolemy.actor.Manager.execute(Manager.java:356)
	at ptolemy.actor.Manager.run(Manager.java:1263)
	at ptolemy.actor.Manager$PtolemyRunThread.run(Manager.java:1915)

    while executing
ptolemy.kernel.util.IllegalActionException: Found a zero delay loop containing .dependencyLoop2.original
  in .dependencyLoop2 and .dependencyLoop2.original
    while executing
"java::new ptolemy.moml.MoMLSimpleApplication $file
"
    (procedure "createAndExecute" line 2)
    invoked from within
"createAndExecute $file"
    ("uplevel" body line 5)
    invoked from within
"uplevel $contents_of_test"
------------------ testing $PTII/ptolemy/domains/de/test/auto/knownFailedTests/HierarchicalModel.xml (Known Failure) 
9 ms. Memory: 146944K Free: 86570K (59%)


==== $PTIIhome/travis/build/icyphy/ptII/ptolemy/domains/de/test/../../../../: Auto Automatic test in file $PTII/ptolemy/domains/de/test/auto/knownFailedTests/HierarchicalModel.xml
==== Contents of test case:

	    # FIXME: we should use $relativeFilename here, but it
	    # might have backslashes under Windows, which causes no end
	    # of trouble.
	    createAndExecute $file
	    list {}
	
.... Test generated KNOWN error:
    while executing
ptolemy.kernel.util.IllegalActionException: Found a zero delay loop containing .HierarchicalModel.A
  in .HierarchicalModel and .HierarchicalModel.A
	at ptolemy.actor.util.CausalityInterfaceForComposites._computeOutputPortDepth(CausalityInterfaceForComposites.java:759)
	at ptolemy.actor.util.CausalityInterfaceForComposites._computeInputDepth(CausalityInterfaceForComposites.java:696)
	at ptolemy.actor.util.CausalityInterfaceForComposites._computeOutputPortDepth(CausalityInterfaceForComposites.java:765)
	at ptolemy.actor.util.CausalityInterfaceForComposites._computeInputDepth(CausalityInterfaceForComposites.java:696)
	at ptolemy.actor.util.CausalityInterfaceForComposites._computeOutputPortDepth(CausalityInterfaceForComposites.java:765)
	at ptolemy.actor.util.CausalityInterfaceForComposites._computeInputDepth(CausalityInterfaceForComposites.java:696)
	at ptolemy.actor.util.CausalityInterfaceForComposites._computeActorDepth(CausalityInterfaceForComposites.java:532)
	at ptolemy.actor.util.CausalityInterfaceForComposites.checkForCycles(CausalityInterfaceForComposites.java:96)
	at ptolemy.domains.de.kernel.DEDirector.preinitialize(DEDirector.java:1337)
	at ptolemy.actor.CompositeActor.preinitialize(CompositeActor.java:1828)
	at ptolemy.actor.Manager.preinitializeAndResolveTypes(Manager.java:1040)
	at ptolemy.actor.Manager.initialize(Manager.java:710)
	at ptolemy.actor.Manager.execute(Manager.java:356)
	at ptolemy.actor.Manager.run(Manager.java:1263)
	at ptolemy.actor.Manager$PtolemyRunThread.run(Manager.java:1915)

    while executing
ptolemy.kernel.util.IllegalActionException: Found a zero delay loop containing .HierarchicalModel.A
  in .HierarchicalModel and .HierarchicalModel.A
    while executing
"java::new ptolemy.moml.MoMLSimpleApplication $file
"
    (procedure "createAndExecute" line 2)
    invoked from within
"createAndExecute $file"
    ("uplevel" body line 5)
    invoked from within
"uplevel $contents_of_test"
------------------ testing $PTII/ptolemy/domains/de/test/auto/knownFailedTests/DirectFeedback.xml (Known Failure) 
16 ms. Memory: 146944K Free: 142305K (97%)


==== $PTIIhome/travis/build/icyphy/ptII/ptolemy/domains/de/test/../../../../: Auto Automatic test in file $PTII/ptolemy/domains/de/test/auto/knownFailedTests/DirectFeedback.xml
==== Contents of test case:

	    # FIXME: we should use $relativeFilename here, but it
	    # might have backslashes under Windows, which causes no end
	    # of trouble.
	    createAndExecute $file
	    list {}
	
.... Test generated KNOWN error:
    while executing
ptolemy.kernel.util.IllegalActionException: Test fails in iteration 1.
Value was: 1.0. Should have been: 2.0
  in .DirectFeedback.Test
	at ptolemy.actor.lib.Test.fire(Test.java:268)
	at ptolemy.domains.de.kernel.DEDirector._fire(DEDirector.java:1948)
	at ptolemy.domains.de.kernel.DEDirector.fire(DEDirector.java:502)
	at ptolemy.actor.CompositeActor.fire(CompositeActor.java:455)
	at ptolemy.actor.Manager.iterate(Manager.java:851)
	at ptolemy.actor.Manager.execute(Manager.java:369)
	at ptolemy.actor.Manager.run(Manager.java:1263)
	at ptolemy.actor.Manager$PtolemyRunThread.run(Manager.java:1915)

    while executing
ptolemy.kernel.util.IllegalActionException: Test fails in iteration 1.
Value was: 1.0. Should have been: 2.0
  in .DirectFeedback.Test
    while executing
"java::new ptolemy.moml.MoMLSimpleApplication $file
"
    (procedure "createAndExecute" line 2)
    invoked from within
"createAndExecute $file"
    ("uplevel" body line 5)
    invoked from within
"uplevel $contents_of_test"
------------------ testing $PTII/ptolemy/domains/de/test/auto/ActorDepthCalculation_actorWithoutPorts.xml
auto.tcl: Setting watchdog for 200 seconds at Sat Jun 02 17:49:19 UTC 2018
4 ms. Memory: 146944K Free: 133661K (91%)
ptolemy.util.test.WatchDog.cancel(): canceling Sat Jun 02 17:49:19 UTC 2018
auto.tcl: Setting watchdog for 200 seconds at Sat Jun 02 17:49:19 UTC 2018
4 ms. Memory: 146944K Free: 132632K (90%)
ptolemy.util.test.WatchDog.cancel(): canceling Sat Jun 02 17:49:19 UTC 2018
------------------ testing $PTII/ptolemy/domains/de/test/auto/AssemblyLine.xml
auto.tcl: Setting watchdog for 200 seconds at Sat Jun 02 17:49:20 UTC 2018
16 ms. Memory: 208384K Free: 186749K (90%)
ptolemy.util.test.WatchDog.cancel(): canceling Sat Jun 02 17:49:20 UTC 2018
auto.tcl: Setting watchdog for 200 seconds at Sat Jun 02 17:49:20 UTC 2018
18 ms. Memory: 208384K Free: 186749K (90%)
ptolemy.util.test.WatchDog.cancel(): canceling Sat Jun 02 17:49:20 UTC 2018
------------------ testing $PTII/ptolemy/domains/de/test/auto/CQBug1.xml
auto.tcl: Setting watchdog for 200 seconds at Sat Jun 02 17:49:20 UTC 2018
5 ms. Memory: 208384K Free: 197769K (95%)
ptolemy.util.test.WatchDog.cancel(): canceling Sat Jun 02 17:49:20 UTC 2018
auto.tcl: Setting watchdog for 200 seconds at Sat Jun 02 17:49:20 UTC 2018
2 ms. Memory: 208384K Free: 197769K (95%)
ptolemy.util.test.WatchDog.cancel(): canceling Sat Jun 02 17:49:20 UTC 2018
------------------ testing $PTII/ptolemy/domains/de/test/auto/CancelFireAt.xml
auto.tcl: Setting watchdog for 200 seconds at Sat Jun 02 17:49:20 UTC 2018
3 ms. Memory: 208384K Free: 201055K (96%)
ptolemy.util.test.WatchDog.cancel(): canceling Sat Jun 02 17:49:20 UTC 2018
auto.tcl: Setting watchdog for 200 seconds at Sat Jun 02 17:49:20 UTC 2018
5 ms. Memory: 208384K Free: 198978K (95%)
ptolemy.util.test.WatchDog.cancel(): canceling Sat Jun 02 17:49:20 UTC 2018
------------------ testing $PTII/ptolemy/domains/de/test/auto/CausalityAndComposabilityAnalysis.xml
auto.tcl: Setting watchdog for 200 seconds at Sat Jun 02 17:49:20 UTC 2018
7 ms. Memory: 208384K Free: 196570K (94%)
ptolemy.util.test.WatchDog.cancel(): canceling Sat Jun 02 17:49:20 UTC 2018
auto.tcl: Setting watchdog for 200 seconds at Sat Jun 02 17:49:20 UTC 2018
5 ms. Memory: 208384K Free: 196570K (94%)
ptolemy.util.test.WatchDog.cancel(): canceling Sat Jun 02 17:49:20 UTC 2018
------------------ testing $PTII/ptolemy/domains/de/test/auto/CausalityInterface1.xml
auto.tcl: Setting watchdog for 200 seconds at Sat Jun 02 17:49:20 UTC 2018
13 ms. Memory: 208384K Free: 196507K (94%)
ptolemy.util.test.WatchDog.cancel(): canceling Sat Jun 02 17:49:20 UTC 2018
auto.tcl: Setting watchdog for 200 seconds at Sat Jun 02 17:49:20 UTC 2018
4 ms. Memory: 208384K Free: 196507K (94%)
ptolemy.util.test.WatchDog.cancel(): canceling Sat Jun 02 17:49:20 UTC 2018
------------------ testing $PTII/ptolemy/domains/de/test/auto/CausalityInterface15.xml
auto.tcl: Setting watchdog for 200 seconds at Sat Jun 02 17:49:20 UTC 2018
20 ms. Memory: 208384K Free: 196497K (94%)
ptolemy.util.test.WatchDog.cancel(): canceling Sat Jun 02 17:49:20 UTC 2018
auto.tcl: Setting watchdog for 200 seconds at Sat Jun 02 17:49:20 UTC 2018
5 ms. Memory: 208384K Free: 194420K (93%)
ptolemy.util.test.WatchDog.cancel(): canceling Sat Jun 02 17:49:20 UTC 2018
------------------ testing $PTII/ptolemy/domains/de/test/auto/CausalityInterface2.xml
auto.tcl: Setting watchdog for 200 seconds at Sat Jun 02 17:49:20 UTC 2018
8 ms. Memory: 208384K Free: 196482K (94%)
ptolemy.util.test.WatchDog.cancel(): canceling Sat Jun 02 17:49:21 UTC 2018
auto.tcl: Setting watchdog for 200 seconds at Sat Jun 02 17:49:21 UTC 2018
3 ms. Memory: 208384K Free: 196482K (94%)
ptolemy.util.test.WatchDog.cancel(): canceling Sat Jun 02 17:49:21 UTC 2018
------------------ testing $PTII/ptolemy/domains/de/test/auto/CausalityInterface3.xml
auto.tcl: Setting watchdog for 200 seconds at Sat Jun 02 17:49:21 UTC 2018
8 ms. Memory: 208384K Free: 196494K (94%)
ptolemy.util.test.WatchDog.cancel(): canceling Sat Jun 02 17:49:21 UTC 2018
auto.tcl: Setting watchdog for 200 seconds at Sat Jun 02 17:49:21 UTC 2018
6 ms. Memory: 208384K Free: 196494K (94%)
ptolemy.util.test.WatchDog.cancel(): canceling Sat Jun 02 17:49:21 UTC 2018
------------------ testing $PTII/ptolemy/domains/de/test/auto/ClockDrift.xml
auto.tcl: Setting watchdog for 200 seconds at Sat Jun 02 17:49:21 UTC 2018
94 ms. Memory: 208384K Free: 187795K (90%)
ptolemy.util.test.WatchDog.cancel(): canceling Sat Jun 02 17:49:21 UTC 2018
auto.tcl: Setting watchdog for 200 seconds at Sat Jun 02 17:49:21 UTC 2018
38 ms. Memory: 208384K Free: 185718K (89%)
ptolemy.util.test.WatchDog.cancel(): canceling Sat Jun 02 17:49:21 UTC 2018
------------------ testing $PTII/ptolemy/domains/de/test/auto/ClockDriftAndValueChange.xml
auto.tcl: Setting watchdog for 200 seconds at Sat Jun 02 17:49:21 UTC 2018
28 ms. Memory: 208384K Free: 187632K (90%)
ptolemy.util.test.WatchDog.cancel(): canceling Sat Jun 02 17:49:21 UTC 2018
auto.tcl: Setting watchdog for 200 seconds at Sat Jun 02 17:49:21 UTC 2018
23 ms. Memory: 208384K Free: 185555K (89%)
ptolemy.util.test.WatchDog.cancel(): canceling Sat Jun 02 17:49:21 UTC 2018
------------------ testing $PTII/ptolemy/domains/de/test/auto/ClockDriftChange.xml
auto.tcl: Setting watchdog for 200 seconds at Sat Jun 02 17:49:21 UTC 2018
52 ms. Memory: 208384K Free: 190934K (92%)
ptolemy.util.test.WatchDog.cancel(): canceling Sat Jun 02 17:49:21 UTC 2018
auto.tcl: Setting watchdog for 200 seconds at Sat Jun 02 17:49:21 UTC 2018
27 ms. Memory: 208384K Free: 188857K (91%)
ptolemy.util.test.WatchDog.cancel(): canceling Sat Jun 02 17:49:21 UTC 2018
------------------ testing $PTII/ptolemy/domains/de/test/auto/ComposableCausalityAnalysis.xml
auto.tcl: Setting watchdog for 200 seconds at Sat Jun 02 17:49:21 UTC 2018
9 ms. Memory: 208384K Free: 196351K (94%)
ptolemy.util.test.WatchDog.cancel(): canceling Sat Jun 02 17:49:21 UTC 2018
auto.tcl: Setting watchdog for 200 seconds at Sat Jun 02 17:49:21 UTC 2018
5 ms. Memory: 208384K Free: 194273K (93%)
ptolemy.util.test.WatchDog.cancel(): canceling Sat Jun 02 17:49:21 UTC 2018
------------------ testing $PTII/ptolemy/domains/de/test/auto/DEFixedPointLimitation.xml
auto.tcl: Setting watchdog for 200 seconds at Sat Jun 02 17:49:21 UTC 2018
4 ms. Memory: 208384K Free: 196430K (94%)
ptolemy.util.test.WatchDog.cancel(): canceling Sat Jun 02 17:49:21 UTC 2018
auto.tcl: Setting watchdog for 200 seconds at Sat Jun 02 17:49:21 UTC 2018
1 ms. Memory: 208384K Free: 196430K (94%)
ptolemy.util.test.WatchDog.cancel(): canceling Sat Jun 02 17:49:21 UTC 2018
------------------ testing $PTII/ptolemy/domains/de/test/auto/DEScheduleTest.xml
auto.tcl: Setting watchdog for 200 seconds at Sat Jun 02 17:49:21 UTC 2018
4 ms. Memory: 208384K Free: 198544K (95%)
ptolemy.util.test.WatchDog.cancel(): canceling Sat Jun 02 17:49:21 UTC 2018
auto.tcl: Setting watchdog for 200 seconds at Sat Jun 02 17:49:21 UTC 2018
6 ms. Memory: 208384K Free: 196467K (94%)
ptolemy.util.test.WatchDog.cancel(): canceling Sat Jun 02 17:49:21 UTC 2018
------------------ testing $PTII/ptolemy/domains/de/test/auto/DEinDEwithStartTimes.xml
auto.tcl: Setting watchdog for 200 seconds at Sat Jun 02 17:49:21 UTC 2018
10 ms. Memory: 208384K Free: 196436K (94%)
ptolemy.util.test.WatchDog.cancel(): canceling Sat Jun 02 17:49:21 UTC 2018
auto.tcl: Setting watchdog for 200 seconds at Sat Jun 02 17:49:21 UTC 2018
3 ms. Memory: 208384K Free: 194359K (93%)
ptolemy.util.test.WatchDog.cancel(): canceling Sat Jun 02 17:49:21 UTC 2018
------------------ testing $PTII/ptolemy/domains/de/test/auto/DEinDEwithStartTimes2.xml
auto.tcl: Setting watchdog for 200 seconds at Sat Jun 02 17:49:22 UTC 2018
8 ms. Memory: 208384K Free: 196415K (94%)
ptolemy.util.test.WatchDog.cancel(): canceling Sat Jun 02 17:49:22 UTC 2018
auto.tcl: Setting watchdog for 200 seconds at Sat Jun 02 17:49:22 UTC 2018
5 ms. Memory: 208384K Free: 194338K (93%)
ptolemy.util.test.WatchDog.cancel(): canceling Sat Jun 02 17:49:22 UTC 2018
------------------ testing $PTII/ptolemy/domains/de/test/auto/DateDemo.xml
auto.tcl: Setting watchdog for 200 seconds at Sat Jun 02 17:49:22 UTC 2018
16 ms. Memory: 208384K Free: 188928K (91%)
ptolemy.util.test.WatchDog.cancel(): canceling Sat Jun 02 17:49:22 UTC 2018
auto.tcl: Setting watchdog for 200 seconds at Sat Jun 02 17:49:22 UTC 2018
8 ms. Memory: 208384K Free: 186851K (90%)
ptolemy.util.test.WatchDog.cancel(): canceling Sat Jun 02 17:49:22 UTC 2018
------------------ testing $PTII/ptolemy/domains/de/test/auto/DateToEvent.xml
auto.tcl: Setting watchdog for 200 seconds at Sat Jun 02 17:49:22 UTC 2018
2022 ms. Memory: 208384K Free: 183712K (88%)
ptolemy.util.test.WatchDog.cancel(): canceling Sat Jun 02 17:49:24 UTC 2018
auto.tcl: Setting watchdog for 200 seconds at Sat Jun 02 17:49:24 UTC 2018
2005 ms. Memory: 208384K Free: 183712K (88%)
ptolemy.util.test.WatchDog.cancel(): canceling Sat Jun 02 17:49:26 UTC 2018
------------------ testing $PTII/ptolemy/domains/de/test/auto/DepthTest1.xml
auto.tcl: Setting watchdog for 200 seconds at Sat Jun 02 17:49:26 UTC 2018
4 ms. Memory: 208384K Free: 197745K (95%)
ptolemy.util.test.WatchDog.cancel(): canceling Sat Jun 02 17:49:26 UTC 2018
auto.tcl: Setting watchdog for 200 seconds at Sat Jun 02 17:49:26 UTC 2018
6 ms. Memory: 208384K Free: 197745K (95%)
ptolemy.util.test.WatchDog.cancel(): canceling Sat Jun 02 17:49:26 UTC 2018
------------------ testing $PTII/ptolemy/domains/de/test/auto/DepthTest2.xml
auto.tcl: Setting watchdog for 200 seconds at Sat Jun 02 17:49:26 UTC 2018
3 ms. Memory: 208384K Free: 191533K (92%)
ptolemy.util.test.WatchDog.cancel(): canceling Sat Jun 02 17:49:26 UTC 2018
auto.tcl: Setting watchdog for 200 seconds at Sat Jun 02 17:49:26 UTC 2018
7 ms. Memory: 208384K Free: 191533K (92%)
ptolemy.util.test.WatchDog.cancel(): canceling Sat Jun 02 17:49:26 UTC 2018
------------------ testing $PTII/ptolemy/domains/de/test/auto/DepthTest3.xml
auto.tcl: Setting watchdog for 200 seconds at Sat Jun 02 17:49:26 UTC 2018
2 ms. Memory: 208384K Free: 198078K (95%)
ptolemy.util.test.WatchDog.cancel(): canceling Sat Jun 02 17:49:26 UTC 2018
auto.tcl: Setting watchdog for 200 seconds at Sat Jun 02 17:49:26 UTC 2018
2 ms. Memory: 208384K Free: 198078K (95%)
ptolemy.util.test.WatchDog.cancel(): canceling Sat Jun 02 17:49:26 UTC 2018
------------------ testing $PTII/ptolemy/domains/de/test/auto/DepthTest4.xml
auto.tcl: Setting watchdog for 200 seconds at Sat Jun 02 17:49:26 UTC 2018
3 ms. Memory: 208384K Free: 196088K (94%)
ptolemy.util.test.WatchDog.cancel(): canceling Sat Jun 02 17:49:26 UTC 2018
auto.tcl: Setting watchdog for 200 seconds at Sat Jun 02 17:49:26 UTC 2018
2 ms. Memory: 208384K Free: 196088K (94%)
ptolemy.util.test.WatchDog.cancel(): canceling Sat Jun 02 17:49:26 UTC 2018
------------------ testing $PTII/ptolemy/domains/de/test/auto/DepthTest5.xml
auto.tcl: Setting watchdog for 200 seconds at Sat Jun 02 17:49:26 UTC 2018
10 ms. Memory: 208384K Free: 196373K (94%)
ptolemy.util.test.WatchDog.cancel(): canceling Sat Jun 02 17:49:26 UTC 2018
auto.tcl: Setting watchdog for 200 seconds at Sat Jun 02 17:49:26 UTC 2018
2 ms. Memory: 208384K Free: 196373K (94%)
ptolemy.util.test.WatchDog.cancel(): canceling Sat Jun 02 17:49:26 UTC 2018
------------------ testing $PTII/ptolemy/domains/de/test/auto/DepthTest6.xml
auto.tcl: Setting watchdog for 200 seconds at Sat Jun 02 17:49:26 UTC 2018
10 ms. Memory: 208384K Free: 196350K (94%)
ptolemy.util.test.WatchDog.cancel(): canceling Sat Jun 02 17:49:26 UTC 2018
auto.tcl: Setting watchdog for 200 seconds at Sat Jun 02 17:49:26 UTC 2018
3 ms. Memory: 208384K Free: 196350K (94%)
ptolemy.util.test.WatchDog.cancel(): canceling Sat Jun 02 17:49:26 UTC 2018
------------------ testing $PTII/ptolemy/domains/de/test/auto/DepthTest7.xml
auto.tcl: Setting watchdog for 200 seconds at Sat Jun 02 17:49:26 UTC 2018
3 ms. Memory: 208384K Free: 194764K (93%)
ptolemy.util.test.WatchDog.cancel(): canceling Sat Jun 02 17:49:26 UTC 2018
auto.tcl: Setting watchdog for 200 seconds at Sat Jun 02 17:49:26 UTC 2018
3 ms. Memory: 208384K Free: 194764K (93%)
ptolemy.util.test.WatchDog.cancel(): canceling Sat Jun 02 17:49:26 UTC 2018
------------------ testing $PTII/ptolemy/domains/de/test/auto/EventToDate.xml
auto.tcl: Setting watchdog for 200 seconds at Sat Jun 02 17:49:26 UTC 2018
3009 ms. Memory: 208384K Free: 185629K (89%)
ptolemy.util.test.WatchDog.cancel(): canceling Sat Jun 02 17:49:30 UTC 2018
auto.tcl: Setting watchdog for 200 seconds at Sat Jun 02 17:49:30 UTC 2018
3005 ms. Memory: 208384K Free: 185629K (89%)
ptolemy.util.test.WatchDog.cancel(): canceling Sat Jun 02 17:49:33 UTC 2018
------------------ testing $PTII/ptolemy/domains/de/test/auto/FSM1.xml
auto.tcl: Setting watchdog for 200 seconds at Sat Jun 02 17:49:33 UTC 2018
25 ms. Memory: 208384K Free: 187014K (90%)
ptolemy.util.test.WatchDog.cancel(): canceling Sat Jun 02 17:49:33 UTC 2018
auto.tcl: Setting watchdog for 200 seconds at Sat Jun 02 17:49:33 UTC 2018
15 ms. Memory: 208384K Free: 184937K (89%)
ptolemy.util.test.WatchDog.cancel(): canceling Sat Jun 02 17:49:33 UTC 2018
------------------ testing $PTII/ptolemy/domains/de/test/auto/FSM7.xml
auto.tcl: Setting watchdog for 200 seconds at Sat Jun 02 17:49:33 UTC 2018
23 ms. Memory: 208384K Free: 187217K (90%)
ptolemy.util.test.WatchDog.cancel(): canceling Sat Jun 02 17:49:33 UTC 2018
auto.tcl: Setting watchdog for 200 seconds at Sat Jun 02 17:49:33 UTC 2018
24 ms. Memory: 208384K Free: 185140K (89%)
ptolemy.util.test.WatchDog.cancel(): canceling Sat Jun 02 17:49:33 UTC 2018
------------------ testing $PTII/ptolemy/domains/de/test/auto/Inspection.xml
auto.tcl: Setting watchdog for 200 seconds at Sat Jun 02 17:49:33 UTC 2018
28 ms. Memory: 208384K Free: 188768K (91%)
ptolemy.util.test.WatchDog.cancel(): canceling Sat Jun 02 17:49:33 UTC 2018
auto.tcl: Setting watchdog for 200 seconds at Sat Jun 02 17:49:33 UTC 2018
22 ms. Memory: 208384K Free: 186691K (90%)
ptolemy.util.test.WatchDog.cancel(): canceling Sat Jun 02 17:49:33 UTC 2018
------------------ testing $PTII/ptolemy/domains/de/test/auto/Iteration.xml
auto.tcl: Setting watchdog for 200 seconds at Sat Jun 02 17:49:33 UTC 2018
9 ms. Memory: 208384K Free: 194060K (93%)
ptolemy.util.test.WatchDog.cancel(): canceling Sat Jun 02 17:49:33 UTC 2018
auto.tcl: Setting watchdog for 200 seconds at Sat Jun 02 17:49:33 UTC 2018
5 ms. Memory: 208384K Free: 193723K (93%)
ptolemy.util.test.WatchDog.cancel(): canceling Sat Jun 02 17:49:33 UTC 2018
------------------ testing $PTII/ptolemy/domains/de/test/auto/LineFault.xml
auto.tcl: Setting watchdog for 200 seconds at Sat Jun 02 17:49:33 UTC 2018
690 ms. Memory: 208384K Free: 194825K (93%)
ptolemy.util.test.WatchDog.cancel(): canceling Sat Jun 02 17:49:34 UTC 2018
auto.tcl: Setting watchdog for 200 seconds at Sat Jun 02 17:49:34 UTC 2018
561 ms. Memory: 208384K Free: 137665K (66%)
ptolemy.util.test.WatchDog.cancel(): canceling Sat Jun 02 17:49:35 UTC 2018
------------------ testing $PTII/ptolemy/domains/de/test/auto/MergeModel1Add.xml
auto.tcl: Setting watchdog for 200 seconds at Sat Jun 02 17:49:35 UTC 2018
25 ms. Memory: 331264K Free: 302734K (91%)
ptolemy.util.test.WatchDog.cancel(): canceling Sat Jun 02 17:49:35 UTC 2018
auto.tcl: Setting watchdog for 200 seconds at Sat Jun 02 17:49:35 UTC 2018
13 ms. Memory: 331264K Free: 298840K (90%)
ptolemy.util.test.WatchDog.cancel(): canceling Sat Jun 02 17:49:35 UTC 2018
------------------ testing $PTII/ptolemy/domains/de/test/auto/MergeModel2Add.xml
auto.tcl: Setting watchdog for 200 seconds at Sat Jun 02 17:49:35 UTC 2018
9 ms. Memory: 331264K Free: 304104K (92%)
ptolemy.util.test.WatchDog.cancel(): canceling Sat Jun 02 17:49:35 UTC 2018
auto.tcl: Setting watchdog for 200 seconds at Sat Jun 02 17:49:35 UTC 2018
8 ms. Memory: 331264K Free: 300211K (91%)
ptolemy.util.test.WatchDog.cancel(): canceling Sat Jun 02 17:49:35 UTC 2018
------------------ testing $PTII/ptolemy/domains/de/test/auto/MergeModel3Add.xml
auto.tcl: Setting watchdog for 200 seconds at Sat Jun 02 17:49:35 UTC 2018
8 ms. Memory: 331264K Free: 304114K (92%)
ptolemy.util.test.WatchDog.cancel(): canceling Sat Jun 02 17:49:35 UTC 2018
auto.tcl: Setting watchdog for 200 seconds at Sat Jun 02 17:49:35 UTC 2018
8 ms. Memory: 331264K Free: 300222K (91%)
ptolemy.util.test.WatchDog.cancel(): canceling Sat Jun 02 17:49:35 UTC 2018
------------------ testing $PTII/ptolemy/domains/de/test/auto/MergeWithoutDiscard.xml
auto.tcl: Setting watchdog for 200 seconds at Sat Jun 02 17:49:35 UTC 2018
9 ms. Memory: 331264K Free: 315790K (95%)
ptolemy.util.test.WatchDog.cancel(): canceling Sat Jun 02 17:49:35 UTC 2018
auto.tcl: Setting watchdog for 200 seconds at Sat Jun 02 17:49:35 UTC 2018
1 ms. Memory: 331264K Free: 315790K (95%)
ptolemy.util.test.WatchDog.cancel(): canceling Sat Jun 02 17:49:35 UTC 2018
------------------ testing $PTII/ptolemy/domains/de/test/auto/Modal1.xml
auto.tcl: Setting watchdog for 200 seconds at Sat Jun 02 17:49:35 UTC 2018
21 ms. Memory: 331264K Free: 309754K (94%)
ptolemy.util.test.WatchDog.cancel(): canceling Sat Jun 02 17:49:35 UTC 2018
auto.tcl: Setting watchdog for 200 seconds at Sat Jun 02 17:49:35 UTC 2018
23 ms. Memory: 331264K Free: 305861K (92%)
ptolemy.util.test.WatchDog.cancel(): canceling Sat Jun 02 17:49:35 UTC 2018
------------------ testing $PTII/ptolemy/domains/de/test/auto/Modal2.xml
auto.tcl: Setting watchdog for 200 seconds at Sat Jun 02 17:49:35 UTC 2018
16 ms. Memory: 331264K Free: 309627K (93%)
ptolemy.util.test.WatchDog.cancel(): canceling Sat Jun 02 17:49:35 UTC 2018
auto.tcl: Setting watchdog for 200 seconds at Sat Jun 02 17:49:35 UTC 2018
16 ms. Memory: 331264K Free: 305734K (92%)
ptolemy.util.test.WatchDog.cancel(): canceling Sat Jun 02 17:49:35 UTC 2018
------------------ testing $PTII/ptolemy/domains/de/test/auto/Modal3.xml
auto.tcl: Setting watchdog for 200 seconds at Sat Jun 02 17:49:35 UTC 2018
16 ms. Memory: 331264K Free: 309910K (94%)
ptolemy.util.test.WatchDog.cancel(): canceling Sat Jun 02 17:49:35 UTC 2018
auto.tcl: Setting watchdog for 200 seconds at Sat Jun 02 17:49:35 UTC 2018
13 ms. Memory: 331264K Free: 305732K (92%)
ptolemy.util.test.WatchDog.cancel(): canceling Sat Jun 02 17:49:35 UTC 2018
------------------ testing $PTII/ptolemy/domains/de/test/auto/Modal4.xml
auto.tcl: Setting watchdog for 200 seconds at Sat Jun 02 17:49:36 UTC 2018
26 ms. Memory: 331264K Free: 309413K (93%)
ptolemy.util.test.WatchDog.cancel(): canceling Sat Jun 02 17:49:36 UTC 2018
auto.tcl: Setting watchdog for 200 seconds at Sat Jun 02 17:49:36 UTC 2018
12 ms. Memory: 331264K Free: 305520K (92%)
ptolemy.util.test.WatchDog.cancel(): canceling Sat Jun 02 17:49:36 UTC 2018
------------------ testing $PTII/ptolemy/domains/de/test/auto/Modal5.xml
auto.tcl: Setting watchdog for 200 seconds at Sat Jun 02 17:49:36 UTC 2018
19 ms. Memory: 331264K Free: 309400K (93%)
ptolemy.util.test.WatchDog.cancel(): canceling Sat Jun 02 17:49:36 UTC 2018
auto.tcl: Setting watchdog for 200 seconds at Sat Jun 02 17:49:36 UTC 2018
13 ms. Memory: 331264K Free: 305507K (92%)
ptolemy.util.test.WatchDog.cancel(): canceling Sat Jun 02 17:49:36 UTC 2018
------------------ testing $PTII/ptolemy/domains/de/test/auto/Modal6.xml
auto.tcl: Setting watchdog for 200 seconds at Sat Jun 02 17:49:36 UTC 2018
13 ms. Memory: 331264K Free: 309397K (93%)
ptolemy.util.test.WatchDog.cancel(): canceling Sat Jun 02 17:49:36 UTC 2018
auto.tcl: Setting watchdog for 200 seconds at Sat Jun 02 17:49:36 UTC 2018
12 ms. Memory: 331264K Free: 305504K (92%)
ptolemy.util.test.WatchDog.cancel(): canceling Sat Jun 02 17:49:36 UTC 2018
------------------ testing $PTII/ptolemy/domains/de/test/auto/Modal7.xml
auto.tcl: Setting watchdog for 200 seconds at Sat Jun 02 17:49:36 UTC 2018
9 ms. Memory: 331264K Free: 305504K (92%)
ptolemy.util.test.WatchDog.cancel(): canceling Sat Jun 02 17:49:36 UTC 2018
auto.tcl: Setting watchdog for 200 seconds at Sat Jun 02 17:49:36 UTC 2018
9 ms. Memory: 331264K Free: 305504K (92%)
ptolemy.util.test.WatchDog.cancel(): canceling Sat Jun 02 17:49:36 UTC 2018
------------------ testing $PTII/ptolemy/domains/de/test/auto/ModalModel.xml
auto.tcl: Setting watchdog for 200 seconds at Sat Jun 02 17:49:36 UTC 2018
192 ms. Memory: 331264K Free: 246076K (74%)
ptolemy.util.test.WatchDog.cancel(): canceling Sat Jun 02 17:49:36 UTC 2018
auto.tcl: Setting watchdog for 200 seconds at Sat Jun 02 17:49:36 UTC 2018
160 ms. Memory: 331264K Free: 187685K (57%)
ptolemy.util.test.WatchDog.cancel(): canceling Sat Jun 02 17:49:36 UTC 2018
------------------ testing $PTII/ptolemy/domains/de/test/auto/ModalSource.xml
auto.tcl: Setting watchdog for 200 seconds at Sat Jun 02 17:49:36 UTC 2018
6 ms. Memory: 331264K Free: 316057K (95%)
ptolemy.util.test.WatchDog.cancel(): canceling Sat Jun 02 17:49:36 UTC 2018
auto.tcl: Setting watchdog for 200 seconds at Sat Jun 02 17:49:36 UTC 2018
5 ms. Memory: 331264K Free: 312561K (94%)
ptolemy.util.test.WatchDog.cancel(): canceling Sat Jun 02 17:49:36 UTC 2018
------------------ testing $PTII/ptolemy/domains/de/test/auto/NonInterruptibleTimerZeroDelay.xml
auto.tcl: Setting watchdog for 200 seconds at Sat Jun 02 17:49:37 UTC 2018
4 ms. Memory: 331264K Free: 320391K (97%)
ptolemy.util.test.WatchDog.cancel(): canceling Sat Jun 02 17:49:37 UTC 2018
auto.tcl: Setting watchdog for 200 seconds at Sat Jun 02 17:49:37 UTC 2018
3 ms. Memory: 331264K Free: 316895K (96%)
ptolemy.util.test.WatchDog.cancel(): canceling Sat Jun 02 17:49:37 UTC 2018
------------------ testing $PTII/ptolemy/domains/de/test/auto/OpenQueueingNetwork.xml
auto.tcl: Setting watchdog for 200 seconds at Sat Jun 02 17:49:37 UTC 2018
2686 ms. Memory: 573952K Free: 413667K (72%)
ptolemy.util.test.WatchDog.cancel(): canceling Sat Jun 02 17:49:39 UTC 2018
auto.tcl: Setting watchdog for 200 seconds at Sat Jun 02 17:49:39 UTC 2018
2491 ms. Memory: 550912K Free: 299654K (54%)
ptolemy.util.test.WatchDog.cancel(): canceling Sat Jun 02 17:49:42 UTC 2018
------------------ testing $PTII/ptolemy/domains/de/test/auto/OpenQueuingNetwork.xml
auto.tcl: Setting watchdog for 200 seconds at Sat Jun 02 17:49:42 UTC 2018
243 ms. Memory: 549888K Free: 434722K (79%)
ptolemy.util.test.WatchDog.cancel(): canceling Sat Jun 02 17:49:42 UTC 2018
auto.tcl: Setting watchdog for 200 seconds at Sat Jun 02 17:49:42 UTC 2018
219 ms. Memory: 549888K Free: 374116K (68%)
ptolemy.util.test.WatchDog.cancel(): canceling Sat Jun 02 17:49:43 UTC 2018
------------------ testing $PTII/ptolemy/domains/de/test/auto/PeriodicSampler.xml
auto.tcl: Setting watchdog for 200 seconds at Sat Jun 02 17:49:43 UTC 2018
2 ms. Memory: 551936K Free: 534761K (97%)
ptolemy.util.test.WatchDog.cancel(): canceling Sat Jun 02 17:49:43 UTC 2018
auto.tcl: Setting watchdog for 200 seconds at Sat Jun 02 17:49:43 UTC 2018
2 ms. Memory: 551936K Free: 534761K (97%)
ptolemy.util.test.WatchDog.cancel(): canceling Sat Jun 02 17:49:43 UTC 2018
------------------ testing $PTII/ptolemy/domains/de/test/auto/PersistentIO.xml
auto.tcl: Setting watchdog for 200 seconds at Sat Jun 02 17:49:43 UTC 2018
17 ms. Memory: 549376K Free: 526280K (96%)
ptolemy.util.test.WatchDog.cancel(): canceling Sat Jun 02 17:49:43 UTC 2018
auto.tcl: Setting watchdog for 200 seconds at Sat Jun 02 17:49:43 UTC 2018
4 ms. Memory: 549376K Free: 526280K (96%)
ptolemy.util.test.WatchDog.cancel(): canceling Sat Jun 02 17:49:43 UTC 2018
------------------ testing $PTII/ptolemy/domains/de/test/auto/PortParameterResetOnInitialize.xml
auto.tcl: Setting watchdog for 200 seconds at Sat Jun 02 17:49:43 UTC 2018
2 ms. Memory: 551424K Free: 530030K (96%)
ptolemy.util.test.WatchDog.cancel(): canceling Sat Jun 02 17:49:43 UTC 2018
auto.tcl: Setting watchdog for 200 seconds at Sat Jun 02 17:49:43 UTC 2018
2 ms. Memory: 551424K Free: 530030K (96%)
ptolemy.util.test.WatchDog.cancel(): canceling Sat Jun 02 17:49:43 UTC 2018
------------------ testing $PTII/ptolemy/domains/de/test/auto/PortParameterUpdates.xml
auto.tcl: Setting watchdog for 200 seconds at Sat Jun 02 17:49:43 UTC 2018
3 ms. Memory: 549376K Free: 533024K (97%)
ptolemy.util.test.WatchDog.cancel(): canceling Sat Jun 02 17:49:43 UTC 2018
auto.tcl: Setting watchdog for 200 seconds at Sat Jun 02 17:49:43 UTC 2018
3 ms. Memory: 549376K Free: 533024K (97%)
ptolemy.util.test.WatchDog.cancel(): canceling Sat Jun 02 17:49:43 UTC 2018
------------------ testing $PTII/ptolemy/domains/de/test/auto/QueueAndServer.xml
auto.tcl: Setting watchdog for 200 seconds at Sat Jun 02 17:49:43 UTC 2018
6 ms. Memory: 551424K Free: 530127K (96%)
ptolemy.util.test.WatchDog.cancel(): canceling Sat Jun 02 17:49:43 UTC 2018
auto.tcl: Setting watchdog for 200 seconds at Sat Jun 02 17:49:43 UTC 2018
6 ms. Memory: 551424K Free: 523377K (95%)
ptolemy.util.test.WatchDog.cancel(): canceling Sat Jun 02 17:49:43 UTC 2018
------------------ testing $PTII/ptolemy/domains/de/test/auto/Records.xml
auto.tcl: Setting watchdog for 200 seconds at Sat Jun 02 17:49:43 UTC 2018
12 ms. Memory: 549376K Free: 532701K (97%)
ptolemy.util.test.WatchDog.cancel(): canceling Sat Jun 02 17:49:43 UTC 2018
auto.tcl: Setting watchdog for 200 seconds at Sat Jun 02 17:49:43 UTC 2018
2 ms. Memory: 549376K Free: 532701K (97%)
ptolemy.util.test.WatchDog.cancel(): canceling Sat Jun 02 17:49:43 UTC 2018
------------------ testing $PTII/ptolemy/domains/de/test/auto/ResetTransitionWithStartTime1.xml
auto.tcl: Setting watchdog for 200 seconds at Sat Jun 02 17:49:43 UTC 2018
10 ms. Memory: 551424K Free: 535004K (97%)
ptolemy.util.test.WatchDog.cancel(): canceling Sat Jun 02 17:49:43 UTC 2018
auto.tcl: Setting watchdog for 200 seconds at Sat Jun 02 17:49:43 UTC 2018
5 ms. Memory: 551424K Free: 528024K (96%)
ptolemy.util.test.WatchDog.cancel(): canceling Sat Jun 02 17:49:43 UTC 2018
------------------ testing $PTII/ptolemy/domains/de/test/auto/ResetTransitionWithStartTime2.xml
auto.tcl: Setting watchdog for 200 seconds at Sat Jun 02 17:49:43 UTC 2018
11 ms. Memory: 549376K Free: 525967K (96%)
ptolemy.util.test.WatchDog.cancel(): canceling Sat Jun 02 17:49:43 UTC 2018
auto.tcl: Setting watchdog for 200 seconds at Sat Jun 02 17:49:43 UTC 2018
4 ms. Memory: 549376K Free: 525967K (96%)
ptolemy.util.test.WatchDog.cancel(): canceling Sat Jun 02 17:49:43 UTC 2018
------------------ testing $PTII/ptolemy/domains/de/test/auto/ResetTransitionWithStartTime3.xml
auto.tcl: Setting watchdog for 200 seconds at Sat Jun 02 17:49:43 UTC 2018
8 ms. Memory: 550912K Free: 534343K (97%)
ptolemy.util.test.WatchDog.cancel(): canceling Sat Jun 02 17:49:43 UTC 2018
auto.tcl: Setting watchdog for 200 seconds at Sat Jun 02 17:49:43 UTC 2018
6 ms. Memory: 550912K Free: 527609K (96%)
ptolemy.util.test.WatchDog.cancel(): canceling Sat Jun 02 17:49:43 UTC 2018
------------------ testing $PTII/ptolemy/domains/de/test/auto/ResetTransitionWithStartTime4.xml
auto.tcl: Setting watchdog for 200 seconds at Sat Jun 02 17:49:43 UTC 2018
4 ms. Memory: 549376K Free: 525841K (96%)
ptolemy.util.test.WatchDog.cancel(): canceling Sat Jun 02 17:49:43 UTC 2018
auto.tcl: Setting watchdog for 200 seconds at Sat Jun 02 17:49:43 UTC 2018
3 ms. Memory: 549376K Free: 525841K (96%)
ptolemy.util.test.WatchDog.cancel(): canceling Sat Jun 02 17:49:43 UTC 2018
------------------ testing $PTII/ptolemy/domains/de/test/auto/ResettableTimer1.xml
auto.tcl: Setting watchdog for 200 seconds at Sat Jun 02 17:49:43 UTC 2018
2 ms. Memory: 550912K Free: 534107K (97%)
ptolemy.util.test.WatchDog.cancel(): canceling Sat Jun 02 17:49:43 UTC 2018
auto.tcl: Setting watchdog for 200 seconds at Sat Jun 02 17:49:43 UTC 2018
2 ms. Memory: 550912K Free: 534107K (97%)
ptolemy.util.test.WatchDog.cancel(): canceling Sat Jun 02 17:49:43 UTC 2018
------------------ testing $PTII/ptolemy/domains/de/test/auto/ResettableTimer2.xml
auto.tcl: Setting watchdog for 200 seconds at Sat Jun 02 17:49:44 UTC 2018
4 ms. Memory: 549376K Free: 532858K (97%)
ptolemy.util.test.WatchDog.cancel(): canceling Sat Jun 02 17:49:44 UTC 2018
auto.tcl: Setting watchdog for 200 seconds at Sat Jun 02 17:49:44 UTC 2018
2 ms. Memory: 549376K Free: 532858K (97%)
ptolemy.util.test.WatchDog.cancel(): canceling Sat Jun 02 17:49:44 UTC 2018
------------------ testing $PTII/ptolemy/domains/de/test/auto/ResettableTimer3.xml
auto.tcl: Setting watchdog for 200 seconds at Sat Jun 02 17:49:44 UTC 2018
1 ms. Memory: 550912K Free: 534165K (97%)
ptolemy.util.test.WatchDog.cancel(): canceling Sat Jun 02 17:49:44 UTC 2018
auto.tcl: Setting watchdog for 200 seconds at Sat Jun 02 17:49:44 UTC 2018
2 ms. Memory: 550912K Free: 534165K (97%)
ptolemy.util.test.WatchDog.cancel(): canceling Sat Jun 02 17:49:44 UTC 2018
------------------ testing $PTII/ptolemy/domains/de/test/auto/ResettableTimer4.xml
auto.tcl: Setting watchdog for 200 seconds at Sat Jun 02 17:49:44 UTC 2018
2 ms. Memory: 549376K Free: 532871K (97%)
ptolemy.util.test.WatchDog.cancel(): canceling Sat Jun 02 17:49:44 UTC 2018
auto.tcl: Setting watchdog for 200 seconds at Sat Jun 02 17:49:44 UTC 2018
1 ms. Memory: 549376K Free: 532871K (97%)
ptolemy.util.test.WatchDog.cancel(): canceling Sat Jun 02 17:49:44 UTC 2018
------------------ testing $PTII/ptolemy/domains/de/test/auto/ResettableTimer5.xml
auto.tcl: Setting watchdog for 200 seconds at Sat Jun 02 17:49:44 UTC 2018
1 ms. Memory: 550400K Free: 529214K (96%)
ptolemy.util.test.WatchDog.cancel(): canceling Sat Jun 02 17:49:44 UTC 2018
auto.tcl: Setting watchdog for 200 seconds at Sat Jun 02 17:49:44 UTC 2018
1 ms. Memory: 550400K Free: 529214K (96%)
ptolemy.util.test.WatchDog.cancel(): canceling Sat Jun 02 17:49:44 UTC 2018
------------------ testing $PTII/ptolemy/domains/de/test/auto/ResettableTimer6.xml
auto.tcl: Setting watchdog for 200 seconds at Sat Jun 02 17:49:44 UTC 2018
6 ms. Memory: 549376K Free: 527909K (96%)
ptolemy.util.test.WatchDog.cancel(): canceling Sat Jun 02 17:49:44 UTC 2018
auto.tcl: Setting watchdog for 200 seconds at Sat Jun 02 17:49:44 UTC 2018
2 ms. Memory: 549376K Free: 527909K (96%)
ptolemy.util.test.WatchDog.cancel(): canceling Sat Jun 02 17:49:44 UTC 2018
------------------ testing $PTII/ptolemy/domains/de/test/auto/ServerZeroDelay.xml
auto.tcl: Setting watchdog for 200 seconds at Sat Jun 02 17:49:44 UTC 2018
3 ms. Memory: 550400K Free: 533604K (97%)
ptolemy.util.test.WatchDog.cancel(): canceling Sat Jun 02 17:49:44 UTC 2018
auto.tcl: Setting watchdog for 200 seconds at Sat Jun 02 17:49:44 UTC 2018
2 ms. Memory: 550400K Free: 533604K (97%)
ptolemy.util.test.WatchDog.cancel(): canceling Sat Jun 02 17:49:44 UTC 2018
------------------ testing $PTII/ptolemy/domains/de/test/auto/SmartSender.xml
auto.tcl: Setting watchdog for 200 seconds at Sat Jun 02 17:49:44 UTC 2018
3002 ms. Memory: 549376K Free: 532804K (97%)
ptolemy.util.test.WatchDog.cancel(): canceling Sat Jun 02 17:49:47 UTC 2018
auto.tcl: Setting watchdog for 200 seconds at Sat Jun 02 17:49:47 UTC 2018
3001 ms. Memory: 549376K Free: 532804K (97%)
ptolemy.util.test.WatchDog.cancel(): canceling Sat Jun 02 17:49:50 UTC 2018
------------------ testing $PTII/ptolemy/domains/de/test/auto/ThreadedComposite.xml
auto.tcl: Setting watchdog for 200 seconds at Sat Jun 02 17:49:50 UTC 2018
244 ms. Memory: 550400K Free: 512839K (93%)
ptolemy.util.test.WatchDog.cancel(): canceling Sat Jun 02 17:49:50 UTC 2018
auto.tcl: Setting watchdog for 200 seconds at Sat Jun 02 17:49:50 UTC 2018
129 ms. Memory: 550400K Free: 496729K (90%)
ptolemy.util.test.WatchDog.cancel(): canceling Sat Jun 02 17:49:50 UTC 2018
------------------ testing $PTII/ptolemy/domains/de/test/auto/Time.xml
auto.tcl: Setting watchdog for 200 seconds at Sat Jun 02 17:49:50 UTC 2018
514 ms. Memory: 549376K Free: 480822K (88%)
ptolemy.util.test.WatchDog.cancel(): canceling Sat Jun 02 17:49:51 UTC 2018
auto.tcl: Setting watchdog for 200 seconds at Sat Jun 02 17:49:51 UTC 2018
499 ms. Memory: 549376K Free: 426950K (78%)
ptolemy.util.test.WatchDog.cancel(): canceling Sat Jun 02 17:49:52 UTC 2018
------------------ testing $PTII/ptolemy/domains/de/test/auto/TimeDelayZeroDelay.xml
auto.tcl: Setting watchdog for 200 seconds at Sat Jun 02 17:49:52 UTC 2018
1 ms. Memory: 550400K Free: 533521K (97%)
ptolemy.util.test.WatchDog.cancel(): canceling Sat Jun 02 17:49:52 UTC 2018
auto.tcl: Setting watchdog for 200 seconds at Sat Jun 02 17:49:52 UTC 2018
1 ms. Memory: 550400K Free: 533521K (97%)
ptolemy.util.test.WatchDog.cancel(): canceling Sat Jun 02 17:49:52 UTC 2018
------------------ testing $PTII/ptolemy/domains/de/test/auto/TimerZeroDelay.xml
auto.tcl: Setting watchdog for 200 seconds at Sat Jun 02 17:49:52 UTC 2018
2 ms. Memory: 549376K Free: 532770K (97%)
ptolemy.util.test.WatchDog.cancel(): canceling Sat Jun 02 17:49:52 UTC 2018
auto.tcl: Setting watchdog for 200 seconds at Sat Jun 02 17:49:52 UTC 2018
2 ms. Memory: 549376K Free: 532770K (97%)
ptolemy.util.test.WatchDog.cancel(): canceling Sat Jun 02 17:49:52 UTC 2018
------------------ testing $PTII/ptolemy/domains/de/test/auto/TimingParadox.xml
auto.tcl: Setting watchdog for 200 seconds at Sat Jun 02 17:49:52 UTC 2018
318 ms. Memory: 549888K Free: 466591K (85%)
ptolemy.util.test.WatchDog.cancel(): canceling Sat Jun 02 17:49:52 UTC 2018
auto.tcl: Setting watchdog for 200 seconds at Sat Jun 02 17:49:52 UTC 2018
311 ms. Memory: 549888K Free: 432921K (79%)
ptolemy.util.test.WatchDog.cancel(): canceling Sat Jun 02 17:49:52 UTC 2018
------------------ testing $PTII/ptolemy/domains/de/test/auto/TransferInputs.xml
auto.tcl: Setting watchdog for 200 seconds at Sat Jun 02 17:49:53 UTC 2018
1 ms. Memory: 549888K Free: 532187K (97%)
ptolemy.util.test.WatchDog.cancel(): canceling Sat Jun 02 17:49:53 UTC 2018
auto.tcl: Setting watchdog for 200 seconds at Sat Jun 02 17:49:53 UTC 2018
1 ms. Memory: 549888K Free: 532187K (97%)
ptolemy.util.test.WatchDog.cancel(): canceling Sat Jun 02 17:49:53 UTC 2018
------------------ testing $PTII/ptolemy/domains/de/test/auto/TransferOutputs2.xml
auto.tcl: Setting watchdog for 200 seconds at Sat Jun 02 17:49:53 UTC 2018
3 ms. Memory: 549376K Free: 526035K (96%)
ptolemy.util.test.WatchDog.cancel(): canceling Sat Jun 02 17:49:53 UTC 2018
auto.tcl: Setting watchdog for 200 seconds at Sat Jun 02 17:49:53 UTC 2018
3 ms. Memory: 549376K Free: 526035K (96%)
ptolemy.util.test.WatchDog.cancel(): canceling Sat Jun 02 17:49:53 UTC 2018
------------------ testing $PTII/ptolemy/domains/de/test/auto/Trilateration.xml
auto.tcl: Setting watchdog for 200 seconds at Sat Jun 02 17:49:53 UTC 2018
14460 ms. Memory: 766976K Free: 217427K (28%)
ptolemy.util.test.WatchDog.cancel(): canceling Sat Jun 02 17:50:08 UTC 2018
auto.tcl: Setting watchdog for 200 seconds at Sat Jun 02 17:50:08 UTC 2018
12648 ms. Memory: 623104K Free: 595252K (96%)
ptolemy.util.test.WatchDog.cancel(): canceling Sat Jun 02 17:50:21 UTC 2018
------------------ testing $PTII/ptolemy/domains/de/test/auto/TwoSigmaDelta.xml
auto.tcl: Setting watchdog for 200 seconds at Sat Jun 02 17:50:21 UTC 2018
2853 ms. Memory: 619520K Free: 292480K (47%)
ptolemy.util.test.WatchDog.cancel(): canceling Sat Jun 02 17:50:24 UTC 2018
auto.tcl: Setting watchdog for 200 seconds at Sat Jun 02 17:50:24 UTC 2018
2327 ms. Memory: 598016K Free: 572255K (96%)
ptolemy.util.test.WatchDog.cancel(): canceling Sat Jun 02 17:50:26 UTC 2018
------------------ testing $PTII/ptolemy/domains/de/test/auto/VariableDelay.xml
auto.tcl: Setting watchdog for 200 seconds at Sat Jun 02 17:50:26 UTC 2018
8 ms. Memory: 594432K Free: 570517K (96%)
ptolemy.util.test.WatchDog.cancel(): canceling Sat Jun 02 17:50:26 UTC 2018
auto.tcl: Setting watchdog for 200 seconds at Sat Jun 02 17:50:26 UTC 2018
2 ms. Memory: 594432K Free: 570517K (96%)
ptolemy.util.test.WatchDog.cancel(): canceling Sat Jun 02 17:50:26 UTC 2018
------------------ testing $PTII/ptolemy/domains/de/test/auto/VariableDelay2.xml
auto.tcl: Setting watchdog for 200 seconds at Sat Jun 02 17:50:26 UTC 2018
6 ms. Memory: 597504K Free: 579154K (97%)
ptolemy.util.test.WatchDog.cancel(): canceling Sat Jun 02 17:50:27 UTC 2018
auto.tcl: Setting watchdog for 200 seconds at Sat Jun 02 17:50:27 UTC 2018
2 ms. Memory: 597504K Free: 579154K (97%)
ptolemy.util.test.WatchDog.cancel(): canceling Sat Jun 02 17:50:27 UTC 2018
------------------ testing $PTII/ptolemy/domains/de/test/auto/VariableDelayZeroDelay.xml
auto.tcl: Setting watchdog for 200 seconds at Sat Jun 02 17:50:27 UTC 2018
2 ms. Memory: 594432K Free: 570950K (96%)
ptolemy.util.test.WatchDog.cancel(): canceling Sat Jun 02 17:50:27 UTC 2018
auto.tcl: Setting watchdog for 200 seconds at Sat Jun 02 17:50:27 UTC 2018
2 ms. Memory: 594432K Free: 570921K (96%)
ptolemy.util.test.WatchDog.cancel(): canceling Sat Jun 02 17:50:27 UTC 2018
------------------ testing $PTII/ptolemy/domains/de/test/auto/VariableDelayZeroDelay2.xml
auto.tcl: Setting watchdog for 200 seconds at Sat Jun 02 17:50:27 UTC 2018
2 ms. Memory: 596992K Free: 578639K (97%)
ptolemy.util.test.WatchDog.cancel(): canceling Sat Jun 02 17:50:27 UTC 2018
auto.tcl: Setting watchdog for 200 seconds at Sat Jun 02 17:50:27 UTC 2018
2 ms. Memory: 596992K Free: 578639K (97%)
ptolemy.util.test.WatchDog.cancel(): canceling Sat Jun 02 17:50:27 UTC 2018
------------------ testing $PTII/ptolemy/domains/de/test/auto/deInCt.xml
auto.tcl: Setting watchdog for 200 seconds at Sat Jun 02 17:50:27 UTC 2018
0
1
1
1
0
0
0
0
0
1
1
0
0
0
0
0
1
1
1
1
1
0
0
0
1
1
1
1
11 ms. Memory: 594432K Free: 570946K (96%)
ptolemy.util.test.WatchDog.cancel(): canceling Sat Jun 02 17:50:27 UTC 2018
auto.tcl: Setting watchdog for 200 seconds at Sat Jun 02 17:50:27 UTC 2018
0
1
1
1
1
1
1
0
0
0
1
1
1
1
0
0
0
0
1
1
1
1
1
10 ms. Memory: 594432K Free: 570946K (96%)
ptolemy.util.test.WatchDog.cancel(): canceling Sat Jun 02 17:50:27 UTC 2018
------------------ testing $PTII/ptolemy/domains/de/test/auto/deInCt2.xml
auto.tcl: Setting watchdog for 200 seconds at Sat Jun 02 17:50:27 UTC 2018
0
1
1
1
0
0
1
1
1
0
0
1
1
1
0
0
1
1
1
0
0
1
1
1
0
0
1
1
1
0
0
1
1
1
0
0
1
1
1
0
0
0
9 ms. Memory: 596480K Free: 572994K (96%)
ptolemy.util.test.WatchDog.cancel(): canceling Sat Jun 02 17:50:27 UTC 2018
auto.tcl: Setting watchdog for 200 seconds at Sat Jun 02 17:50:27 UTC 2018
0
1
1
1
0
0
1
1
1
0
0
1
1
1
0
0
1
1
1
0
0
1
1
1
0
0
1
1
1
0
0
1
1
1
0
0
1
1
1
0
0
0
8 ms. Memory: 596480K Free: 572994K (96%)
ptolemy.util.test.WatchDog.cancel(): canceling Sat Jun 02 17:50:27 UTC 2018
------------------ testing $PTII/ptolemy/domains/de/test/auto/dynamicCausalityInterface1.xml
auto.tcl: Setting watchdog for 200 seconds at Sat Jun 02 17:50:27 UTC 2018
1 ms. Memory: 594432K Free: 563034K (95%)
ptolemy.util.test.WatchDog.cancel(): canceling Sat Jun 02 17:50:27 UTC 2018
auto.tcl: Setting watchdog for 200 seconds at Sat Jun 02 17:50:27 UTC 2018
1 ms. Memory: 594432K Free: 563034K (95%)
ptolemy.util.test.WatchDog.cancel(): canceling Sat Jun 02 17:50:27 UTC 2018
------------------ testing $PTII/ptolemy/domains/de/test/auto/fsm_de_test.xml
auto.tcl: Setting watchdog for 200 seconds at Sat Jun 02 17:50:27 UTC 2018
7 ms. Memory: 596480K Free: 564984K (95%)
ptolemy.util.test.WatchDog.cancel(): canceling Sat Jun 02 17:50:27 UTC 2018
auto.tcl: Setting watchdog for 200 seconds at Sat Jun 02 17:50:27 UTC 2018
4 ms. Memory: 596480K Free: 564984K (95%)
ptolemy.util.test.WatchDog.cancel(): canceling Sat Jun 02 17:50:27 UTC 2018
------------------ testing $PTII/ptolemy/domains/de/test/auto/functionDependencyReconstruction.xml
auto.tcl: Setting watchdog for 200 seconds at Sat Jun 02 17:50:27 UTC 2018
2 ms. Memory: 594432K Free: 562935K (95%)
ptolemy.util.test.WatchDog.cancel(): canceling Sat Jun 02 17:50:27 UTC 2018
auto.tcl: Setting watchdog for 200 seconds at Sat Jun 02 17:50:27 UTC 2018
3 ms. Memory: 594432K Free: 555027K (93%)
ptolemy.util.test.WatchDog.cancel(): canceling Sat Jun 02 17:50:27 UTC 2018
------------------ testing $PTII/ptolemy/domains/de/test/auto/multirate.xml
auto.tcl: Setting watchdog for 200 seconds at Sat Jun 02 17:50:27 UTC 2018
3 ms. Memory: 595968K Free: 572239K (96%)
ptolemy.util.test.WatchDog.cancel(): canceling Sat Jun 02 17:50:27 UTC 2018
auto.tcl: Setting watchdog for 200 seconds at Sat Jun 02 17:50:27 UTC 2018
3 ms. Memory: 595968K Free: 572210K (96%)
ptolemy.util.test.WatchDog.cancel(): canceling Sat Jun 02 17:50:27 UTC 2018
------------------ testing $PTII/ptolemy/domains/de/test/auto/multirate2.xml
auto.tcl: Setting watchdog for 200 seconds at Sat Jun 02 17:50:27 UTC 2018
2 ms. Memory: 594432K Free: 576021K (97%)
ptolemy.util.test.WatchDog.cancel(): canceling Sat Jun 02 17:50:27 UTC 2018
auto.tcl: Setting watchdog for 200 seconds at Sat Jun 02 17:50:27 UTC 2018
3 ms. Memory: 594432K Free: 576021K (97%)
ptolemy.util.test.WatchDog.cancel(): canceling Sat Jun 02 17:50:27 UTC 2018
------------------ testing $PTII/ptolemy/domains/de/test/auto/realtime.xml
auto.tcl: Setting watchdog for 200 seconds at Sat Jun 02 17:50:27 UTC 2018
10002 ms. Memory: 595968K Free: 572396K (96%)
ptolemy.util.test.WatchDog.cancel(): canceling Sat Jun 02 17:50:37 UTC 2018
auto.tcl: Setting watchdog for 200 seconds at Sat Jun 02 17:50:37 UTC 2018
10001 ms. Memory: 595968K Free: 572396K (96%)
ptolemy.util.test.WatchDog.cancel(): canceling Sat Jun 02 17:50:47 UTC 2018
------------------ testing $PTII/ptolemy/domains/de/test/auto/relationGroup.xml
auto.tcl: Setting watchdog for 200 seconds at Sat Jun 02 17:50:47 UTC 2018
2 ms. Memory: 594432K Free: 576046K (97%)
ptolemy.util.test.WatchDog.cancel(): canceling Sat Jun 02 17:50:47 UTC 2018
auto.tcl: Setting watchdog for 200 seconds at Sat Jun 02 17:50:47 UTC 2018
2 ms. Memory: 594432K Free: 576046K (97%)
ptolemy.util.test.WatchDog.cancel(): canceling Sat Jun 02 17:50:47 UTC 2018
------------------ testing $PTII/ptolemy/domains/de/test/auto/relationGroup2.xml
auto.tcl: Setting watchdog for 200 seconds at Sat Jun 02 17:50:47 UTC 2018
1 ms. Memory: 595456K Free: 571966K (96%)
ptolemy.util.test.WatchDog.cancel(): canceling Sat Jun 02 17:50:47 UTC 2018
auto.tcl: Setting watchdog for 200 seconds at Sat Jun 02 17:50:47 UTC 2018
1 ms. Memory: 595456K Free: 571966K (96%)
ptolemy.util.test.WatchDog.cancel(): canceling Sat Jun 02 17:50:47 UTC 2018
------------------ testing $PTII/ptolemy/domains/de/test/auto/sortWithOpaquePorts.xml
auto.tcl: Setting watchdog for 200 seconds at Sat Jun 02 17:50:48 UTC 2018
1 ms. Memory: 594432K Free: 570943K (96%)
ptolemy.util.test.WatchDog.cancel(): canceling Sat Jun 02 17:50:48 UTC 2018
auto.tcl: Setting watchdog for 200 seconds at Sat Jun 02 17:50:48 UTC 2018
2 ms. Memory: 594432K Free: 570943K (96%)
ptolemy.util.test.WatchDog.cancel(): canceling Sat Jun 02 17:50:48 UTC 2018
------------------ testing $PTII/ptolemy/domains/de/test/auto/transferInputsandOutputs.xml
auto.tcl: Setting watchdog for 200 seconds at Sat Jun 02 17:50:48 UTC 2018
2 ms. Memory: 595456K Free: 571955K (96%)
ptolemy.util.test.WatchDog.cancel(): canceling Sat Jun 02 17:50:48 UTC 2018
auto.tcl: Setting watchdog for 200 seconds at Sat Jun 02 17:50:48 UTC 2018
2 ms. Memory: 595456K Free: 571955K (96%)
ptolemy.util.test.WatchDog.cancel(): canceling Sat Jun 02 17:50:48 UTC 2018
------------------ testing $PTII/ptolemy/domains/de/test/auto/triggerType.xml
auto.tcl: Setting watchdog for 200 seconds at Sat Jun 02 17:50:48 UTC 2018
1 ms. Memory: 594432K Free: 570882K (96%)
ptolemy.util.test.WatchDog.cancel(): canceling Sat Jun 02 17:50:48 UTC 2018
auto.tcl: Setting watchdog for 200 seconds at Sat Jun 02 17:50:48 UTC 2018
2 ms. Memory: 594432K Free: 570882K (96%)
ptolemy.util.test.WatchDog.cancel(): canceling Sat Jun 02 17:50:48 UTC 2018
06/02/18 05:50:48
Failed: 0  Total Tests: 192  ((Passed: 187, Newly Passed: 1)  Known Failed: 5) /home/travis/build/icyphy/ptII/ptolemy/domains/de/test
06/02/18 05:50:48
Failed: 0  Total Tests: 192  ((Passed: 187, Newly Passed: 1)  Known Failed: 5) /home/travis/build/icyphy/ptII/ptolemy/domains/de/test
----------------- testing (KnownFailure) /home/travis/build/icyphy/ptII/ptolemy/domains/de/test/auto/knownFailedTests/DESDFClockTest.xml
2010 ms. Memory: 595456K Free: 561669K (94%)
Known Failure: java.lang.reflect.InvocationTargetException
----------------- testing (KnownFailure) /home/travis/build/icyphy/ptII/ptolemy/domains/de/test/auto/knownFailedTests/DirectFeedback.xml
2 ms. Memory: 595456K Free: 520627K (87%)
Known Failure: java.lang.reflect.InvocationTargetException
----------------- testing (KnownFailure) /home/travis/build/icyphy/ptII/ptolemy/domains/de/test/auto/knownFailedTests/FSMSource.xml
10 ms. Memory: 595456K Free: 479585K (81%)
----------------- testing (KnownFailure) /home/travis/build/icyphy/ptII/ptolemy/domains/de/test/auto/knownFailedTests/HierarchicalModel.xml
2 ms. Memory: 595456K Free: 448803K (75%)
Known Failure: java.lang.reflect.InvocationTargetException
----------------- testing (KnownFailure) /home/travis/build/icyphy/ptII/ptolemy/domains/de/test/auto/knownFailedTests/dependencyLoop.xml
2 ms. Memory: 595456K Free: 397485K (67%)
Known Failure: java.lang.reflect.InvocationTargetException
----------------- testing (KnownFailure) /home/travis/build/icyphy/ptII/ptolemy/domains/de/test/auto/knownFailedTests/dependencyLoop2.xml
5 ms. Memory: 595456K Free: 346166K (58%)
Known Failure: java.lang.reflect.InvocationTargetException
No auto/linux-amd64/*.xml tests in /home/travis/build/icyphy/ptII/ptolemy/domains/de/test
AutoTests.java: About to close Vertx.
AutoTests.java: Vertx closed.

===========================================================================================
----------------- testing Sat Jun 02 17:50:50 UTC 2018 /home/travis/build/icyphy/ptII/ptolemy/domains/de/test/auto/ActorDepthCalculation_actorWithoutPorts.xml
----------------- Instantiating /home/travis/build/icyphy/ptII/ptolemy/domains/de/test/auto/ActorDepthCalculation_actorWithoutPorts.xml
2 ms. Memory: 595456K Free: 294863K (50%)
----------------- Invoking toplevel() on ptolemy.moml.MoMLSimpleApplication@154c312c
----------------- Done invoking toplevel() on ptolemy.moml.MoMLSimpleApplication@154c312c
reloadAllAccessors: .ActorDepthCalculation_actorWithoutPorts

===========================================================================================
----------------- testing Sat Jun 02 17:50:50 UTC 2018 /home/travis/build/icyphy/ptII/ptolemy/domains/de/test/auto/AssemblyLine.xml
----------------- Instantiating /home/travis/build/icyphy/ptII/ptolemy/domains/de/test/auto/AssemblyLine.xml
4 ms. Memory: 595456K Free: 274342K (46%)
----------------- Invoking toplevel() on ptolemy.moml.MoMLSimpleApplication@10995283
----------------- Done invoking toplevel() on ptolemy.moml.MoMLSimpleApplication@10995283
reloadAllAccessors: .AssemblyLine

===========================================================================================
----------------- testing Sat Jun 02 17:50:50 UTC 2018 /home/travis/build/icyphy/ptII/ptolemy/domains/de/test/auto/CQBug1.xml
----------------- Instantiating /home/travis/build/icyphy/ptII/ptolemy/domains/de/test/auto/CQBug1.xml
1 ms. Memory: 595456K Free: 253821K (43%)
----------------- Invoking toplevel() on ptolemy.moml.MoMLSimpleApplication@5fc2729a
----------------- Done invoking toplevel() on ptolemy.moml.MoMLSimpleApplication@5fc2729a
reloadAllAccessors: .CQBug1

===========================================================================================
----------------- testing Sat Jun 02 17:50:50 UTC 2018 /home/travis/build/icyphy/ptII/ptolemy/domains/de/test/auto/CancelFireAt.xml
----------------- Instantiating /home/travis/build/icyphy/ptII/ptolemy/domains/de/test/auto/CancelFireAt.xml
1 ms. Memory: 595456K Free: 233300K (39%)
----------------- Invoking toplevel() on ptolemy.moml.MoMLSimpleApplication@23cc8d0e
----------------- Done invoking toplevel() on ptolemy.moml.MoMLSimpleApplication@23cc8d0e
reloadAllAccessors: .CancelFireAt

===========================================================================================
----------------- testing Sat Jun 02 17:50:50 UTC 2018 /home/travis/build/icyphy/ptII/ptolemy/domains/de/test/auto/CausalityAndComposabilityAnalysis.xml
----------------- Instantiating /home/travis/build/icyphy/ptII/ptolemy/domains/de/test/auto/CausalityAndComposabilityAnalysis.xml
1 ms. Memory: 595456K Free: 212779K (36%)
----------------- Invoking toplevel() on ptolemy.moml.MoMLSimpleApplication@53aacc1a
----------------- Done invoking toplevel() on ptolemy.moml.MoMLSimpleApplication@53aacc1a
reloadAllAccessors: .CausalityAndComposabilityAnalysis

===========================================================================================
----------------- testing Sat Jun 02 17:50:50 UTC 2018 /home/travis/build/icyphy/ptII/ptolemy/domains/de/test/auto/CausalityInterface1.xml
----------------- Instantiating /home/travis/build/icyphy/ptII/ptolemy/domains/de/test/auto/CausalityInterface1.xml
4 ms. Memory: 595456K Free: 192258K (32%)
----------------- Invoking toplevel() on ptolemy.moml.MoMLSimpleApplication@7a327c2a
----------------- Done invoking toplevel() on ptolemy.moml.MoMLSimpleApplication@7a327c2a
reloadAllAccessors: .CausalityInterface1

===========================================================================================
----------------- testing Sat Jun 02 17:50:50 UTC 2018 /home/travis/build/icyphy/ptII/ptolemy/domains/de/test/auto/CausalityInterface15.xml
----------------- Instantiating /home/travis/build/icyphy/ptII/ptolemy/domains/de/test/auto/CausalityInterface15.xml
1 ms. Memory: 595456K Free: 171737K (29%)
----------------- Invoking toplevel() on ptolemy.moml.MoMLSimpleApplication@4cd37781
----------------- Done invoking toplevel() on ptolemy.moml.MoMLSimpleApplication@4cd37781
reloadAllAccessors: .CausalityInterface15

===========================================================================================
[...]
java.lang.RuntimeException: Execution failed
	at ptolemy.moml.MoMLSimpleApplication$UnloadThread.run(MoMLSimpleApplication.java:402)
Caused by: ptolemy.kernel.util.IllegalActionException: Test fails in iteration 1.
Value was: 1.0. Should have been: 2.0
  in .DirectFeedback.Test
	at ptolemy.actor.lib.Test.fire(Test.java:268)
	at ptolemy.domains.de.kernel.DEDirector._fire(DEDirector.java:1948)
	at ptolemy.domains.de.kernel.DEDirector.fire(DEDirector.java:502)
	at ptolemy.actor.CompositeActor.fire(CompositeActor.java:455)
	at ptolemy.actor.Manager.iterate(Manager.java:851)
	at ptolemy.actor.Manager.execute(Manager.java:369)
	at ptolemy.actor.Manager.run(Manager.java:1263)
	at ptolemy.actor.Manager$PtolemyRunThread.run(Manager.java:1915)
java.lang.RuntimeException: Execution failed
	at ptolemy.moml.MoMLSimpleApplication$UnloadThread.run(MoMLSimpleApplication.java:402)
Caused by: ptolemy.kernel.util.IllegalActionException: Actor is not ready to fire.  Perhaps UpSample.prefire() returned false? Try debugging the actor by selecting "Listen to Actor".  Also, for SDF check moml for tokenConsumptionRate on input.
  in .DESDFClockTest.Play Bell.Copy1:SDF Director and .DESDFClockTest.Play Bell.UpSample
	at ptolemy.actor.sched.StaticSchedulingDirector.fire(StaticSchedulingDirector.java:227)
	at ptolemy.domains.sdf.kernel.SDFDirector.fire(SDFDirector.java:500)
	at ptolemy.actor.CompositeActor.fire(CompositeActor.java:455)
	at ptolemy.domains.de.kernel.DEDirector._fire(DEDirector.java:1948)
	at ptolemy.domains.de.kernel.DEDirector.fire(DEDirector.java:502)
	at ptolemy.actor.CompositeActor.fire(CompositeActor.java:455)
	at ptolemy.actor.Manager.iterate(Manager.java:851)
	at ptolemy.actor.Manager.execute(Manager.java:369)
	at ptolemy.actor.Manager.run(Manager.java:1263)
	at ptolemy.actor.Manager$PtolemyRunThread.run(Manager.java:1915)
java.lang.reflect.InvocationTargetException
	at sun.reflect.NativeConstructorAccessorImpl.newInstance0(Native Method)
	at sun.reflect.NativeConstructorAccessorImpl.newInstance(NativeConstructorAccessorImpl.java:62)
	at sun.reflect.DelegatingConstructorAccessorImpl.newInstance(DelegatingConstructorAccessorImpl.java:45)
	at java.lang.reflect.Constructor.newInstance(Constructor.java:423)
	at ptolemy.util.test.junit.AutoKnownFailedTests.RunModel(AutoKnownFailedTests.java:107)
	at sun.reflect.NativeMethodAccessorImpl.invoke0(Native Method)
	at sun.reflect.NativeMethodAccessorImpl.invoke(NativeMethodAccessorImpl.java:62)
	at sun.reflect.DelegatingMethodAccessorImpl.invoke(DelegatingMethodAccessorImpl.java:43)
	at java.lang.reflect.Method.invoke(Method.java:498)
	at org.junit.runners.model.FrameworkMethod$1.runReflectiveCall(FrameworkMethod.java:44)
	at org.junit.internal.runners.model.ReflectiveCallable.run(ReflectiveCallable.java:15)
	at org.junit.runners.model.FrameworkMethod.invokeExplosively(FrameworkMethod.java:41)
	at junitparams.internal.InvokeParameterisedMethod.evaluate(InvokeParameterisedMethod.java:102)
	at org.junit.internal.runners.statements.FailOnTimeout$1.run(FailOnTimeout.java:28)
Caused by: ptolemy.kernel.util.IllegalActionException: Actor is not ready to fire.  Perhaps UpSample.prefire() returned false? Try debugging the actor by selecting "Listen to Actor".  Also, for SDF check moml for tokenConsumptionRate on input.
  in .DESDFClockTest.Play Bell.Copy1:SDF Director and .DESDFClockTest.Play Bell.UpSample
	at ptolemy.actor.sched.StaticSchedulingDirector.fire(StaticSchedulingDirector.java:227)
	at ptolemy.domains.sdf.kernel.SDFDirector.fire(SDFDirector.java:500)
	at ptolemy.actor.CompositeActor.fire(CompositeActor.java:455)
	at ptolemy.domains.de.kernel.DEDirector._fire(DEDirector.java:1948)
	at ptolemy.domains.de.kernel.DEDirector.fire(DEDirector.java:502)
	at ptolemy.actor.CompositeActor.fire(CompositeActor.java:455)
	at ptolemy.actor.Manager.iterate(Manager.java:851)
	at ptolemy.actor.Manager.execute(Manager.java:369)
	at ptolemy.actor.Manager.run(Manager.java:1263)
	at ptolemy.actor.Manager$PtolemyRunThread.run(Manager.java:1915)
java.lang.RuntimeException: Execution failed
	at ptolemy.moml.MoMLSimpleApplication$UnloadThread.run(MoMLSimpleApplication.java:402)
Caused by: ptolemy.kernel.util.IllegalActionException: Test fails in iteration 1.
Value was: 1.0. Should have been: 2.0
  in .DirectFeedback.Test
	at ptolemy.actor.lib.Test.fire(Test.java:268)
	at ptolemy.domains.de.kernel.DEDirector._fire(DEDirector.java:1948)
	at ptolemy.domains.de.kernel.DEDirector.fire(DEDirector.java:502)
	at ptolemy.actor.CompositeActor.fire(CompositeActor.java:455)
	at ptolemy.actor.Manager.iterate(Manager.java:851)
	at ptolemy.actor.Manager.execute(Manager.java:369)
	at ptolemy.actor.Manager.run(Manager.java:1263)
	at ptolemy.actor.Manager$PtolemyRunThread.run(Manager.java:1915)
java.lang.reflect.InvocationTargetException
	at sun.reflect.NativeConstructorAccessorImpl.newInstance0(Native Method)
	at sun.reflect.NativeConstructorAccessorImpl.newInstance(NativeConstructorAccessorImpl.java:62)
	at sun.reflect.DelegatingConstructorAccessorImpl.newInstance(DelegatingConstructorAccessorImpl.java:45)
	at java.lang.reflect.Constructor.newInstance(Constructor.java:423)
	at ptolemy.util.test.junit.AutoKnownFailedTests.RunModel(AutoKnownFailedTests.java:107)
	at sun.reflect.NativeMethodAccessorImpl.invoke0(Native Method)
	at sun.reflect.NativeMethodAccessorImpl.invoke(NativeMethodAccessorImpl.java:62)
	at sun.reflect.DelegatingMethodAccessorImpl.invoke(DelegatingMethodAccessorImpl.java:43)
	at java.lang.reflect.Method.invoke(Method.java:498)
	at org.junit.runners.model.FrameworkMethod$1.runReflectiveCall(FrameworkMethod.java:44)
	at org.junit.internal.runners.model.ReflectiveCallable.run(ReflectiveCallable.java:15)
	at org.junit.runners.model.FrameworkMethod.invokeExplosively(FrameworkMethod.java:41)
	at junitparams.internal.InvokeParameterisedMethod.evaluate(InvokeParameterisedMethod.java:102)
	at org.junit.internal.runners.statements.FailOnTimeout$1.run(FailOnTimeout.java:28)
Caused by: ptolemy.kernel.util.IllegalActionException: Test fails in iteration 1.
Value was: 1.0. Should have been: 2.0
  in .DirectFeedback.Test
	at ptolemy.actor.lib.Test.fire(Test.java:268)
	at ptolemy.domains.de.kernel.DEDirector._fire(DEDirector.java:1948)
	at ptolemy.domains.de.kernel.DEDirector.fire(DEDirector.java:502)
	at ptolemy.actor.CompositeActor.fire(CompositeActor.java:455)
	at ptolemy.actor.Manager.iterate(Manager.java:851)
	at ptolemy.actor.Manager.execute(Manager.java:369)
	at ptolemy.actor.Manager.run(Manager.java:1263)
	at ptolemy.actor.Manager$PtolemyRunThread.run(Manager.java:1915)
java.lang.RuntimeException: Execution failed
	at ptolemy.moml.MoMLSimpleApplication$UnloadThread.run(MoMLSimpleApplication.java:402)
Caused by: ptolemy.kernel.util.IllegalActionException: Found a zero delay loop containing .HierarchicalModel.A
  in .HierarchicalModel and .HierarchicalModel.A
	at ptolemy.actor.util.CausalityInterfaceForComposites._computeOutputPortDepth(CausalityInterfaceForComposites.java:759)
	at ptolemy.actor.util.CausalityInterfaceForComposites._computeInputDepth(CausalityInterfaceForComposites.java:696)
	at ptolemy.actor.util.CausalityInterfaceForComposites._computeOutputPortDepth(CausalityInterfaceForComposites.java:765)
	at ptolemy.actor.util.CausalityInterfaceForComposites._computeInputDepth(CausalityInterfaceForComposites.java:696)
	at ptolemy.actor.util.CausalityInterfaceForComposites._computeOutputPortDepth(CausalityInterfaceForComposites.java:765)
	at ptolemy.actor.util.CausalityInterfaceForComposites._computeInputDepth(CausalityInterfaceForComposites.java:696)
	at ptolemy.actor.util.CausalityInterfaceForComposites._computeActorDepth(CausalityInterfaceForComposites.java:532)
	at ptolemy.actor.util.CausalityInterfaceForComposites.checkForCycles(CausalityInterfaceForComposites.java:96)
	at ptolemy.domains.de.kernel.DEDirector.preinitialize(DEDirector.java:1337)
	at ptolemy.actor.CompositeActor.preinitialize(CompositeActor.java:1828)
	at ptolemy.actor.Manager.preinitializeAndResolveTypes(Manager.java:1040)
	at ptolemy.actor.Manager.initialize(Manager.java:710)
	at ptolemy.actor.Manager.execute(Manager.java:356)
	at ptolemy.actor.Manager.run(Manager.java:1263)
	at ptolemy.actor.Manager$PtolemyRunThread.run(Manager.java:1915)
java.lang.reflect.InvocationTargetException
	at sun.reflect.NativeConstructorAccessorImpl.newInstance0(Native Method)
	at sun.reflect.NativeConstructorAccessorImpl.newInstance(NativeConstructorAccessorImpl.java:62)
	at sun.reflect.DelegatingConstructorAccessorImpl.newInstance(DelegatingConstructorAccessorImpl.java:45)
	at java.lang.reflect.Constructor.newInstance(Constructor.java:423)
	at ptolemy.util.test.junit.AutoKnownFailedTests.RunModel(AutoKnownFailedTests.java:107)
	at sun.reflect.NativeMethodAccessorImpl.invoke0(Native Method)
	at sun.reflect.NativeMethodAccessorImpl.invoke(NativeMethodAccessorImpl.java:62)
	at sun.reflect.DelegatingMethodAccessorImpl.invoke(DelegatingMethodAccessorImpl.java:43)
	at java.lang.reflect.Method.invoke(Method.java:498)
	at org.junit.runners.model.FrameworkMethod$1.runReflectiveCall(FrameworkMethod.java:44)
	at org.junit.internal.runners.model.ReflectiveCallable.run(ReflectiveCallable.java:15)
	at org.junit.runners.model.FrameworkMethod.invokeExplosively(FrameworkMethod.java:41)
	at junitparams.internal.InvokeParameterisedMethod.evaluate(InvokeParameterisedMethod.java:102)
	at org.junit.internal.runners.statements.FailOnTimeout$1.run(FailOnTimeout.java:28)
Caused by: ptolemy.kernel.util.IllegalActionException: Found a zero delay loop containing .HierarchicalModel.A
  in .HierarchicalModel and .HierarchicalModel.A
	at ptolemy.actor.util.CausalityInterfaceForComposites._computeOutputPortDepth(CausalityInterfaceForComposites.java:759)
	at ptolemy.actor.util.CausalityInterfaceForComposites._computeInputDepth(CausalityInterfaceForComposites.java:696)
	at ptolemy.actor.util.CausalityInterfaceForComposites._computeOutputPortDepth(CausalityInterfaceForComposites.java:765)
	at ptolemy.actor.util.CausalityInterfaceForComposites._computeInputDepth(CausalityInterfaceForComposites.java:696)
	at ptolemy.actor.util.CausalityInterfaceForComposites._computeOutputPortDepth(CausalityInterfaceForComposites.java:765)
	at ptolemy.actor.util.CausalityInterfaceForComposites._computeInputDepth(CausalityInterfaceForComposites.java:696)
	at ptolemy.actor.util.CausalityInterfaceForComposites._computeActorDepth(CausalityInterfaceForComposites.java:532)
	at ptolemy.actor.util.CausalityInterfaceForComposites.checkForCycles(CausalityInterfaceForComposites.java:96)
	at ptolemy.domains.de.kernel.DEDirector.preinitialize(DEDirector.java:1337)
	at ptolemy.actor.CompositeActor.preinitialize(CompositeActor.java:1828)
	at ptolemy.actor.Manager.preinitializeAndResolveTypes(Manager.java:1040)
	at ptolemy.actor.Manager.initialize(Manager.java:710)
	at ptolemy.actor.Manager.execute(Manager.java:356)
	at ptolemy.actor.Manager.run(Manager.java:1263)
	at ptolemy.actor.Manager$PtolemyRunThread.run(Manager.java:1915)
java.lang.RuntimeException: Execution failed
	at ptolemy.moml.MoMLSimpleApplication$UnloadThread.run(MoMLSimpleApplication.java:402)
Caused by: ptolemy.kernel.util.IllegalActionException: Found a zero delay loop containing .dependencyLoop.original
  in .dependencyLoop and .dependencyLoop.original
	at ptolemy.actor.util.CausalityInterfaceForComposites._computeOutputPortDepth(CausalityInterfaceForComposites.java:759)
	at ptolemy.actor.util.CausalityInterfaceForComposites._computeInputDepth(CausalityInterfaceForComposites.java:696)
	at ptolemy.actor.util.CausalityInterfaceForComposites._computeOutputPortDepth(CausalityInterfaceForComposites.java:765)
	at ptolemy.actor.util.CausalityInterfaceForComposites._computeInputDepth(CausalityInterfaceForComposites.java:696)
	at ptolemy.actor.util.CausalityInterfaceForComposites._computeOutputPortDepth(CausalityInterfaceForComposites.java:765)
	at ptolemy.actor.util.CausalityInterfaceForComposites._computeInputDepth(CausalityInterfaceForComposites.java:696)
	at ptolemy.actor.util.CausalityInterfaceForComposites._computeActorDepth(CausalityInterfaceForComposites.java:532)
	at ptolemy.actor.util.CausalityInterfaceForComposites.checkForCycles(CausalityInterfaceForComposites.java:96)
	at ptolemy.domains.de.kernel.DEDirector.preinitialize(DEDirector.java:1337)
	at ptolemy.actor.CompositeActor.preinitialize(CompositeActor.java:1828)
	at ptolemy.actor.Manager.preinitializeAndResolveTypes(Manager.java:1040)
	at ptolemy.actor.Manager.initialize(Manager.java:710)
	at ptolemy.actor.Manager.execute(Manager.java:356)
	at ptolemy.actor.Manager.run(Manager.java:1263)
	at ptolemy.actor.Manager$PtolemyRunThread.run(Manager.java:1915)
java.lang.reflect.InvocationTargetException
	at sun.reflect.NativeConstructorAccessorImpl.newInstance0(Native Method)
	at sun.reflect.NativeConstructorAccessorImpl.newInstance(NativeConstructorAccessorImpl.java:62)
	at sun.reflect.DelegatingConstructorAccessorImpl.newInstance(DelegatingConstructorAccessorImpl.java:45)
	at java.lang.reflect.Constructor.newInstance(Constructor.java:423)
	at ptolemy.util.test.junit.AutoKnownFailedTests.RunModel(AutoKnownFailedTests.java:107)
	at sun.reflect.NativeMethodAccessorImpl.invoke0(Native Method)
	at sun.reflect.NativeMethodAccessorImpl.invoke(NativeMethodAccessorImpl.java:62)
	at sun.reflect.DelegatingMethodAccessorImpl.invoke(DelegatingMethodAccessorImpl.java:43)
	at java.lang.reflect.Method.invoke(Method.java:498)
	at org.junit.runners.model.FrameworkMethod$1.runReflectiveCall(FrameworkMethod.java:44)
	at org.junit.internal.runners.model.ReflectiveCallable.run(ReflectiveCallable.java:15)
	at org.junit.runners.model.FrameworkMethod.invokeExplosively(FrameworkMethod.java:41)
	at junitparams.internal.InvokeParameterisedMethod.evaluate(InvokeParameterisedMethod.java:102)
	at org.junit.internal.runners.statements.FailOnTimeout$1.run(FailOnTimeout.java:28)
Caused by: ptolemy.kernel.util.IllegalActionException: Found a zero delay loop containing .dependencyLoop.original
  in .dependencyLoop and .dependencyLoop.original
	at ptolemy.actor.util.CausalityInterfaceForComposites._computeOutputPortDepth(CausalityInterfaceForComposites.java:759)
	at ptolemy.actor.util.CausalityInterfaceForComposites._computeInputDepth(CausalityInterfaceForComposites.java:696)
	at ptolemy.actor.util.CausalityInterfaceForComposites._computeOutputPortDepth(CausalityInterfaceForComposites.java:765)
	at ptolemy.actor.util.CausalityInterfaceForComposites._computeInputDepth(CausalityInterfaceForComposites.java:696)
	at ptolemy.actor.util.CausalityInterfaceForComposites._computeOutputPortDepth(CausalityInterfaceForComposites.java:765)
	at ptolemy.actor.util.CausalityInterfaceForComposites._computeInputDepth(CausalityInterfaceForComposites.java:696)
	at ptolemy.actor.util.CausalityInterfaceForComposites._computeActorDepth(CausalityInterfaceForComposites.java:532)
	at ptolemy.actor.util.CausalityInterfaceForComposites.checkForCycles(CausalityInterfaceForComposites.java:96)
	at ptolemy.domains.de.kernel.DEDirector.preinitialize(DEDirector.java:1337)
	at ptolemy.actor.CompositeActor.preinitialize(CompositeActor.java:1828)
	at ptolemy.actor.Manager.preinitializeAndResolveTypes(Manager.java:1040)
	at ptolemy.actor.Manager.initialize(Manager.java:710)
	at ptolemy.actor.Manager.execute(Manager.java:356)
	at ptolemy.actor.Manager.run(Manager.java:1263)
	at ptolemy.actor.Manager$PtolemyRunThread.run(Manager.java:1915)
java.lang.RuntimeException: Execution failed
	at ptolemy.moml.MoMLSimpleApplication$UnloadThread.run(MoMLSimpleApplication.java:402)
Caused by: ptolemy.kernel.util.IllegalActionException: Found a zero delay loop containing .dependencyLoop2.original
  in .dependencyLoop2 and .dependencyLoop2.original
	at ptolemy.actor.util.CausalityInterfaceForComposites._computeOutputPortDepth(CausalityInterfaceForComposites.java:759)
	at ptolemy.actor.util.CausalityInterfaceForComposites._computeInputDepth(CausalityInterfaceForComposites.java:696)
	at ptolemy.actor.util.CausalityInterfaceForComposites._computeOutputPortDepth(CausalityInterfaceForComposites.java:765)
	at ptolemy.actor.util.CausalityInterfaceForComposites._computeInputDepth(CausalityInterfaceForComposites.java:696)
	at ptolemy.actor.util.CausalityInterfaceForComposites._computeOutputPortDepth(CausalityInterfaceForComposites.java:765)
	at ptolemy.actor.util.CausalityInterfaceForComposites._computeInputDepth(CausalityInterfaceForComposites.java:696)
	at ptolemy.actor.util.CausalityInterfaceForComposites._computeActorDepth(CausalityInterfaceForComposites.java:532)
	at ptolemy.actor.util.CausalityInterfaceForComposites.checkForCycles(CausalityInterfaceForComposites.java:96)
	at ptolemy.domains.de.kernel.DEDirector.preinitialize(DEDirector.java:1337)
	at ptolemy.actor.CompositeActor.preinitialize(CompositeActor.java:1828)
	at ptolemy.actor.Manager.preinitializeAndResolveTypes(Manager.java:1040)
	at ptolemy.actor.Manager.initialize(Manager.java:710)
	at ptolemy.actor.Manager.execute(Manager.java:356)
	at ptolemy.actor.Manager.run(Manager.java:1263)
	at ptolemy.actor.Manager$PtolemyRunThread.run(Manager.java:1915)
java.lang.reflect.InvocationTargetException
	at sun.reflect.NativeConstructorAccessorImpl.newInstance0(Native Method)
	at sun.reflect.NativeConstructorAccessorImpl.newInstance(NativeConstructorAccessorImpl.java:62)
	at sun.reflect.DelegatingConstructorAccessorImpl.newInstance(DelegatingConstructorAccessorImpl.java:45)
	at java.lang.reflect.Constructor.newInstance(Constructor.java:423)
	at ptolemy.util.test.junit.AutoKnownFailedTests.RunModel(AutoKnownFailedTests.java:107)
	at sun.reflect.NativeMethodAccessorImpl.invoke0(Native Method)
	at sun.reflect.NativeMethodAccessorImpl.invoke(NativeMethodAccessorImpl.java:62)
	at sun.reflect.DelegatingMethodAccessorImpl.invoke(DelegatingMethodAccessorImpl.java:43)
	at java.lang.reflect.Method.invoke(Method.java:498)
	at org.junit.runners.model.FrameworkMethod$1.runReflectiveCall(FrameworkMethod.java:44)
	at org.junit.internal.runners.model.ReflectiveCallable.run(ReflectiveCallable.java:15)
	at org.junit.runners.model.FrameworkMethod.invokeExplosively(FrameworkMethod.java:41)
	at junitparams.internal.InvokeParameterisedMethod.evaluate(InvokeParameterisedMethod.java:102)
	at org.junit.internal.runners.statements.FailOnTimeout$1.run(FailOnTimeout.java:28)
Caused by: ptolemy.kernel.util.IllegalActionException: Found a zero delay loop containing .dependencyLoop2.original
  in .dependencyLoop2 and .dependencyLoop2.original
	at ptolemy.actor.util.CausalityInterfaceForComposites._computeOutputPortDepth(CausalityInterfaceForComposites.java:759)
	at ptolemy.actor.util.CausalityInterfaceForComposites._computeInputDepth(CausalityInterfaceForComposites.java:696)
	at ptolemy.actor.util.CausalityInterfaceForComposites._computeOutputPortDepth(CausalityInterfaceForComposites.java:765)
	at ptolemy.actor.util.CausalityInterfaceForComposites._computeInputDepth(CausalityInterfaceForComposites.java:696)
	at ptolemy.actor.util.CausalityInterfaceForComposites._computeOutputPortDepth(CausalityInterfaceForComposites.java:765)
	at ptolemy.actor.util.CausalityInterfaceForComposites._computeInputDepth(CausalityInterfaceForComposites.java:696)
	at ptolemy.actor.util.CausalityInterfaceForComposites._computeActorDepth(CausalityInterfaceForComposites.java:532)
	at ptolemy.actor.util.CausalityInterfaceForComposites.checkForCycles(CausalityInterfaceForComposites.java:96)
	at ptolemy.domains.de.kernel.DEDirector.preinitialize(DEDirector.java:1337)
	at ptolemy.actor.CompositeActor.preinitialize(CompositeActor.java:1828)
	at ptolemy.actor.Manager.preinitializeAndResolveTypes(Manager.java:1040)
	at ptolemy.actor.Manager.initialize(Manager.java:710)
	at ptolemy.actor.Manager.execute(Manager.java:356)
	at ptolemy.actor.Manager.run(Manager.java:1263)
	at ptolemy.actor.Manager$PtolemyRunThread.run(Manager.java:1915)
]]></system-err>
</testsuite>
