<?xml version="1.0" encoding="UTF-8" ?>
<testsuite errors="0" failures="0" hostname="travis-job-0ced6a23-4453-473e-9b92-689b8505c686" name="ptolemy.domains.continuous.test.junit.JUnitTclTest" skipped="0" tests="156" time="80.95" timestamp="2019-07-10T00:47:58">
  <properties>
[...]
</properties>
  <testcase classname="ptolemy.util.test.junit.TclTests" name="[0] ThereAreNoTclTests (RunTclFile)" time="0.01" />
  <testcase classname="ptolemy.util.test.junit.AutoKnownFailedTests" name="[0] ThereAreNoKnowFailedTests (RunModel)" time="0.004" />
  <testcase classname="ptolemy.util.test.junit.AutoNameArchTests" name="[0] ThereAreNoAutoArchTests (RunModel)" time="0.015" />
  <testcase classname="ptolemy.util.test.junit.AutoTests" name="[0] /home/travis/build/icyphy/ptII/ptolemy/domains/continuous/test/auto/BouncingBall.xml (RunModel)" time="3.38" />
  <testcase classname="ptolemy.util.test.junit.AutoTests" name="[1] /home/travis/build/icyphy/ptII/ptolemy/domains/continuous/test/auto/BouncingBallWithoutGR.xml (RunModel)" time="0.922" />
  <testcase classname="ptolemy.util.test.junit.AutoTests" name="[2] /home/travis/build/icyphy/ptII/ptolemy/domains/continuous/test/auto/Brownian.xml (RunModel)" time="0.115" />
  <testcase classname="ptolemy.util.test.junit.AutoTests" name="[3] /home/travis/build/icyphy/ptII/ptolemy/domains/continuous/test/auto/CarTracking.xml (RunModel)" time="4.295" />
  <testcase classname="ptolemy.util.test.junit.AutoTests" name="[4] /home/travis/build/icyphy/ptII/ptolemy/domains/continuous/test/auto/CartPendulum.xml (RunModel)" time="0.55" />
  <testcase classname="ptolemy.util.test.junit.AutoTests" name="[5] /home/travis/build/icyphy/ptII/ptolemy/domains/continuous/test/auto/CausalityInterface10.xml (RunModel)" time="0.068" />
  <testcase classname="ptolemy.util.test.junit.AutoTests" name="[6] /home/travis/build/icyphy/ptII/ptolemy/domains/continuous/test/auto/CausalityInterface11.xml (RunModel)" time="0.056" />
  <testcase classname="ptolemy.util.test.junit.AutoTests" name="[7] /home/travis/build/icyphy/ptII/ptolemy/domains/continuous/test/auto/CausalityInterface12.xml (RunModel)" time="0.042" />
  <testcase classname="ptolemy.util.test.junit.AutoTests" name="[8] /home/travis/build/icyphy/ptII/ptolemy/domains/continuous/test/auto/CausalityInterface13.xml (RunModel)" time="0.041" />
  <testcase classname="ptolemy.util.test.junit.AutoTests" name="[9] /home/travis/build/icyphy/ptII/ptolemy/domains/continuous/test/auto/CausalityInterface14.xml (RunModel)" time="0.026" />
  <testcase classname="ptolemy.util.test.junit.AutoTests" name="[10] /home/travis/build/icyphy/ptII/ptolemy/domains/continuous/test/auto/CausalityInterface4.xml (RunModel)" time="0.032" />
  <testcase classname="ptolemy.util.test.junit.AutoTests" name="[11] /home/travis/build/icyphy/ptII/ptolemy/domains/continuous/test/auto/CausalityInterface5.xml (RunModel)" time="0.037" />
  <testcase classname="ptolemy.util.test.junit.AutoTests" name="[12] /home/travis/build/icyphy/ptII/ptolemy/domains/continuous/test/auto/CausalityInterface6.xml (RunModel)" time="0.026" />
  <testcase classname="ptolemy.util.test.junit.AutoTests" name="[13] /home/travis/build/icyphy/ptII/ptolemy/domains/continuous/test/auto/CausalityInterface7.xml (RunModel)" time="0.038" />
  <testcase classname="ptolemy.util.test.junit.AutoTests" name="[14] /home/travis/build/icyphy/ptII/ptolemy/domains/continuous/test/auto/CausalityInterface8.xml (RunModel)" time="0.048" />
  <testcase classname="ptolemy.util.test.junit.AutoTests" name="[15] /home/travis/build/icyphy/ptII/ptolemy/domains/continuous/test/auto/CausalityInterface9.xml (RunModel)" time="0.059" />
  <testcase classname="ptolemy.util.test.junit.AutoTests" name="[16] /home/travis/build/icyphy/ptII/ptolemy/domains/continuous/test/auto/CausalityInterfaceFeedback1.xml (RunModel)" time="0.028" />
  <testcase classname="ptolemy.util.test.junit.AutoTests" name="[17] /home/travis/build/icyphy/ptII/ptolemy/domains/continuous/test/auto/CausalityInterfaceFeedback2.xml (RunModel)" time="0.025" />
  <testcase classname="ptolemy.util.test.junit.AutoTests" name="[18] /home/travis/build/icyphy/ptII/ptolemy/domains/continuous/test/auto/CompareWithCurrentTime.xml (RunModel)" time="0.016" />
  <testcase classname="ptolemy.util.test.junit.AutoTests" name="[19] /home/travis/build/icyphy/ptII/ptolemy/domains/continuous/test/auto/ComparedClocks.xml (RunModel)" time="0.066" />
  <testcase classname="ptolemy.util.test.junit.AutoTests" name="[20] /home/travis/build/icyphy/ptII/ptolemy/domains/continuous/test/auto/ContinuousAOCClone.xml (RunModel)" time="2.908" />
  <testcase classname="ptolemy.util.test.junit.AutoTests" name="[21] /home/travis/build/icyphy/ptII/ptolemy/domains/continuous/test/auto/ContinuousClock.xml (RunModel)" time="0.072" />
  <testcase classname="ptolemy.util.test.junit.AutoTests" name="[22] /home/travis/build/icyphy/ptII/ptolemy/domains/continuous/test/auto/ContinuousInContinuous.xml (RunModel)" time="0.085" />
  <testcase classname="ptolemy.util.test.junit.AutoTests" name="[23] /home/travis/build/icyphy/ptII/ptolemy/domains/continuous/test/auto/ContinuousInContinuousInContinuous.xml (RunModel)" time="0.037" />
  <testcase classname="ptolemy.util.test.junit.AutoTests" name="[24] /home/travis/build/icyphy/ptII/ptolemy/domains/continuous/test/auto/ContinuousInDE.xml (RunModel)" time="0.107" />
  <testcase classname="ptolemy.util.test.junit.AutoTests" name="[25] /home/travis/build/icyphy/ptII/ptolemy/domains/continuous/test/auto/ContinuousInDE2.xml (RunModel)" time="0.075" />
  <testcase classname="ptolemy.util.test.junit.AutoTests" name="[26] /home/travis/build/icyphy/ptII/ptolemy/domains/continuous/test/auto/ContinuousInDE3.xml (RunModel)" time="0.061" />
  <testcase classname="ptolemy.util.test.junit.AutoTests" name="[27] /home/travis/build/icyphy/ptII/ptolemy/domains/continuous/test/auto/ContinuousInDE4.xml (RunModel)" time="0.036" />
  <testcase classname="ptolemy.util.test.junit.AutoTests" name="[28] /home/travis/build/icyphy/ptII/ptolemy/domains/continuous/test/auto/ContinuousInDEDifferentRefinements.xml (RunModel)" time="0.118" />
  <testcase classname="ptolemy.util.test.junit.AutoTests" name="[29] /home/travis/build/icyphy/ptII/ptolemy/domains/continuous/test/auto/ContinuousInDEDifferentRefinementsPreemptive.xml (RunModel)" time="0.095" />
  <testcase classname="ptolemy.util.test.junit.AutoTests" name="[30] /home/travis/build/icyphy/ptII/ptolemy/domains/continuous/test/auto/ContinuousInDEInContinuous2.xml (RunModel)" time="0.068" />
  <testcase classname="ptolemy.util.test.junit.AutoTests" name="[31] /home/travis/build/icyphy/ptII/ptolemy/domains/continuous/test/auto/ContinuousInDEInContinuous3.xml (RunModel)" time="0.068" />
  <testcase classname="ptolemy.util.test.junit.AutoTests" name="[32] /home/travis/build/icyphy/ptII/ptolemy/domains/continuous/test/auto/ContinuousInDEInput.xml (RunModel)" time="0.048" />
  <testcase classname="ptolemy.util.test.junit.AutoTests" name="[33] /home/travis/build/icyphy/ptII/ptolemy/domains/continuous/test/auto/ContinuousInDEInput2.xml (RunModel)" time="0.037" />
  <testcase classname="ptolemy.util.test.junit.AutoTests" name="[34] /home/travis/build/icyphy/ptII/ptolemy/domains/continuous/test/auto/ContinuousInDEInput3.xml (RunModel)" time="0.038" />
  <testcase classname="ptolemy.util.test.junit.AutoTests" name="[35] /home/travis/build/icyphy/ptII/ptolemy/domains/continuous/test/auto/ContinuousInDESharingRefinement.xml (RunModel)" time="0.185" />
  <testcase classname="ptolemy.util.test.junit.AutoTests" name="[36] /home/travis/build/icyphy/ptII/ptolemy/domains/continuous/test/auto/ContinuousInDEwithNoPorts.xml (RunModel)" time="0.016" />
  <testcase classname="ptolemy.util.test.junit.AutoTests" name="[37] /home/travis/build/icyphy/ptII/ptolemy/domains/continuous/test/auto/ContinuousInsideDE.xml (RunModel)" time="0.085" />
  <testcase classname="ptolemy.util.test.junit.AutoTests" name="[38] /home/travis/build/icyphy/ptII/ptolemy/domains/continuous/test/auto/ContinuousMerge1.xml (RunModel)" time="0.035" />
  <testcase classname="ptolemy.util.test.junit.AutoTests" name="[39] /home/travis/build/icyphy/ptII/ptolemy/domains/continuous/test/auto/ContinuousMerge2.xml (RunModel)" time="0.049" />
  <testcase classname="ptolemy.util.test.junit.AutoTests" name="[40] /home/travis/build/icyphy/ptII/ptolemy/domains/continuous/test/auto/ContinuousMerge3.xml (RunModel)" time="0.071" />
  <testcase classname="ptolemy.util.test.junit.AutoTests" name="[41] /home/travis/build/icyphy/ptII/ptolemy/domains/continuous/test/auto/ContinuousWithinContinuous.xml (RunModel)" time="0.057" />
  <testcase classname="ptolemy.util.test.junit.AutoTests" name="[42] /home/travis/build/icyphy/ptII/ptolemy/domains/continuous/test/auto/ContinuousWithinContinuous2.xml (RunModel)" time="0.084" />
  <testcase classname="ptolemy.util.test.junit.AutoTests" name="[43] /home/travis/build/icyphy/ptII/ptolemy/domains/continuous/test/auto/ContinuousWithinContinuous3.xml (RunModel)" time="0.03" />
  <testcase classname="ptolemy.util.test.junit.AutoTests" name="[44] /home/travis/build/icyphy/ptII/ptolemy/domains/continuous/test/auto/ContinuousWithinContinuous4.xml (RunModel)" time="0.096" />
  <testcase classname="ptolemy.util.test.junit.AutoTests" name="[45] /home/travis/build/icyphy/ptII/ptolemy/domains/continuous/test/auto/ContinuousWithinContinuous5.xml (RunModel)" time="0.03" />
  <testcase classname="ptolemy.util.test.junit.AutoTests" name="[46] /home/travis/build/icyphy/ptII/ptolemy/domains/continuous/test/auto/ContinuousWithinContinuous6.xml (RunModel)" time="0.028" />
  <testcase classname="ptolemy.util.test.junit.AutoTests" name="[47] /home/travis/build/icyphy/ptII/ptolemy/domains/continuous/test/auto/ContinuousWithinContinuous7.xml (RunModel)" time="0.08" />
  <testcase classname="ptolemy.util.test.junit.AutoTests" name="[48] /home/travis/build/icyphy/ptII/ptolemy/domains/continuous/test/auto/DCMotor.xml (RunModel)" time="15.756" />
  <testcase classname="ptolemy.util.test.junit.AutoTests" name="[49] /home/travis/build/icyphy/ptII/ptolemy/domains/continuous/test/auto/DEInContinuous.xml (RunModel)" time="0.048" />
  <testcase classname="ptolemy.util.test.junit.AutoTests" name="[50] /home/travis/build/icyphy/ptII/ptolemy/domains/continuous/test/auto/DEinContinuous2.xml (RunModel)" time="0.034" />
  <testcase classname="ptolemy.util.test.junit.AutoTests" name="[51] /home/travis/build/icyphy/ptII/ptolemy/domains/continuous/test/auto/Derivative.xml (RunModel)" time="0.23" />
  <testcase classname="ptolemy.util.test.junit.AutoTests" name="[52] /home/travis/build/icyphy/ptII/ptolemy/domains/continuous/test/auto/Derivative1.xml (RunModel)" time="0.056" />
  <testcase classname="ptolemy.util.test.junit.AutoTests" name="[53] /home/travis/build/icyphy/ptII/ptolemy/domains/continuous/test/auto/DiscreteClock.xml (RunModel)" time="0.016" />
  <testcase classname="ptolemy.util.test.junit.AutoTests" name="[54] /home/travis/build/icyphy/ptII/ptolemy/domains/continuous/test/auto/EfficiencyCurve.xml (RunModel)" time="0.129" />
  <testcase classname="ptolemy.util.test.junit.AutoTests" name="[55] /home/travis/build/icyphy/ptII/ptolemy/domains/continuous/test/auto/ExponentialResponse.xml (RunModel)" time="0.168" />
  <testcase classname="ptolemy.util.test.junit.AutoTests" name="[56] /home/travis/build/icyphy/ptII/ptolemy/domains/continuous/test/auto/ExponentialResponseRK45.xml (RunModel)" time="0.047" />
  <testcase classname="ptolemy.util.test.junit.AutoTests" name="[57] /home/travis/build/icyphy/ptII/ptolemy/domains/continuous/test/auto/Friction.xml (RunModel)" time="1.932" />
  <testcase classname="ptolemy.util.test.junit.AutoTests" name="[58] /home/travis/build/icyphy/ptII/ptolemy/domains/continuous/test/auto/FurutaPendulum.xml (RunModel)" time="3.814" />
  <testcase classname="ptolemy.util.test.junit.AutoTests" name="[59] /home/travis/build/icyphy/ptII/ptolemy/domains/continuous/test/auto/HierarchicalExecution.xml (RunModel)" time="2.219" />
  <testcase classname="ptolemy.util.test.junit.AutoTests" name="[60] /home/travis/build/icyphy/ptII/ptolemy/domains/continuous/test/auto/HybridPlant.xml (RunModel)" time="0.608" />
  <testcase classname="ptolemy.util.test.junit.AutoTests" name="[61] /home/travis/build/icyphy/ptII/ptolemy/domains/continuous/test/auto/Hysteresis.xml (RunModel)" time="0.217" />
  <testcase classname="ptolemy.util.test.junit.AutoTests" name="[62] /home/travis/build/icyphy/ptII/ptolemy/domains/continuous/test/auto/HysteresisWithRandomDelay.xml (RunModel)" time="0.238" />
  <testcase classname="ptolemy.util.test.junit.AutoTests" name="[63] /home/travis/build/icyphy/ptII/ptolemy/domains/continuous/test/auto/HysteresisWithRandomLosses.xml (RunModel)" time="2.536" />
  <testcase classname="ptolemy.util.test.junit.AutoTests" name="[64] /home/travis/build/icyphy/ptII/ptolemy/domains/continuous/test/auto/ImmediateTransitions.xml (RunModel)" time="0.039" />
  <testcase classname="ptolemy.util.test.junit.AutoTests" name="[65] /home/travis/build/icyphy/ptII/ptolemy/domains/continuous/test/auto/ImpulseFeedback.xml (RunModel)" time="0.019" />
  <testcase classname="ptolemy.util.test.junit.AutoTests" name="[66] /home/travis/build/icyphy/ptII/ptolemy/domains/continuous/test/auto/ImpulseFeedback2.xml (RunModel)" time="0.018" />
  <testcase classname="ptolemy.util.test.junit.AutoTests" name="[67] /home/travis/build/icyphy/ptII/ptolemy/domains/continuous/test/auto/IncreasingRatePoisson.xml (RunModel)" time="0.877" />
  <testcase classname="ptolemy.util.test.junit.AutoTests" name="[68] /home/travis/build/icyphy/ptII/ptolemy/domains/continuous/test/auto/InitialStateFeedback.xml (RunModel)" time="0.014" />
  <testcase classname="ptolemy.util.test.junit.AutoTests" name="[69] /home/travis/build/icyphy/ptII/ptolemy/domains/continuous/test/auto/Integration.xml (RunModel)" time="0.013" />
  <testcase classname="ptolemy.util.test.junit.AutoTests" name="[70] /home/travis/build/icyphy/ptII/ptolemy/domains/continuous/test/auto/Integration2.xml (RunModel)" time="0.109" />
  <testcase classname="ptolemy.util.test.junit.AutoTests" name="[71] /home/travis/build/icyphy/ptII/ptolemy/domains/continuous/test/auto/Integration3.xml (RunModel)" time="0.014" />
  <testcase classname="ptolemy.util.test.junit.AutoTests" name="[72] /home/travis/build/icyphy/ptII/ptolemy/domains/continuous/test/auto/Integration5.xml (RunModel)" time="0.013" />
  <testcase classname="ptolemy.util.test.junit.AutoTests" name="[73] /home/travis/build/icyphy/ptII/ptolemy/domains/continuous/test/auto/IntegratorImpulse.xml (RunModel)" time="0.01" />
  <testcase classname="ptolemy.util.test.junit.AutoTests" name="[74] /home/travis/build/icyphy/ptII/ptolemy/domains/continuous/test/auto/IntegratorImpulse2.xml (RunModel)" time="0.014" />
  <testcase classname="ptolemy.util.test.junit.AutoTests" name="[75] /home/travis/build/icyphy/ptII/ptolemy/domains/continuous/test/auto/LevelCrossing1.xml (RunModel)" time="0.012" />
  <testcase classname="ptolemy.util.test.junit.AutoTests" name="[76] /home/travis/build/icyphy/ptII/ptolemy/domains/continuous/test/auto/LevelCrossing2.xml (RunModel)" time="0.018" />
  <testcase classname="ptolemy.util.test.junit.AutoTests" name="[77] /home/travis/build/icyphy/ptII/ptolemy/domains/continuous/test/auto/LevelCrossing3.xml (RunModel)" time="0.015" />
  <testcase classname="ptolemy.util.test.junit.AutoTests" name="[78] /home/travis/build/icyphy/ptII/ptolemy/domains/continuous/test/auto/LevelCrossing4.xml (RunModel)" time="0.014" />
  <testcase classname="ptolemy.util.test.junit.AutoTests" name="[79] /home/travis/build/icyphy/ptII/ptolemy/domains/continuous/test/auto/LevelCrossing5.xml (RunModel)" time="0.014" />
  <testcase classname="ptolemy.util.test.junit.AutoTests" name="[80] /home/travis/build/icyphy/ptII/ptolemy/domains/continuous/test/auto/LevelCrossing6.xml (RunModel)" time="0.022" />
  <testcase classname="ptolemy.util.test.junit.AutoTests" name="[81] /home/travis/build/icyphy/ptII/ptolemy/domains/continuous/test/auto/LevelCrossingDetector.xml (RunModel)" time="0.038" />
  <testcase classname="ptolemy.util.test.junit.AutoTests" name="[82] /home/travis/build/icyphy/ptII/ptolemy/domains/continuous/test/auto/LevelCrossingDetectorDetectingDirections.xml (RunModel)" time="0.092" />
  <testcase classname="ptolemy.util.test.junit.AutoTests" name="[83] /home/travis/build/icyphy/ptII/ptolemy/domains/continuous/test/auto/LevelCrossingDetectorDetectsGlitches.xml (RunModel)" time="0.066" />
  <testcase classname="ptolemy.util.test.junit.AutoTests" name="[84] /home/travis/build/icyphy/ptII/ptolemy/domains/continuous/test/auto/LevelCrossingNoInitialOuput.xml (RunModel)" time="0.016" />
  <testcase classname="ptolemy.util.test.junit.AutoTests" name="[85] /home/travis/build/icyphy/ptII/ptolemy/domains/continuous/test/auto/LinearStateSpaceExample.xml (RunModel)" time="0.065" />
  <testcase classname="ptolemy.util.test.junit.AutoTests" name="[86] /home/travis/build/icyphy/ptII/ptolemy/domains/continuous/test/auto/Lorenz.xml (RunModel)" time="4.356" />
  <testcase classname="ptolemy.util.test.junit.AutoTests" name="[87] /home/travis/build/icyphy/ptII/ptolemy/domains/continuous/test/auto/LorenzDifferentialSystem.xml (RunModel)" time="1.084" />
  <testcase classname="ptolemy.util.test.junit.AutoTests" name="[88] /home/travis/build/icyphy/ptII/ptolemy/domains/continuous/test/auto/LorenzDifferentialSystemWithInput.xml (RunModel)" time="1.426" />
  <testcase classname="ptolemy.util.test.junit.AutoTests" name="[89] /home/travis/build/icyphy/ptII/ptolemy/domains/continuous/test/auto/LorenzDifferentialSystemWithTime.xml (RunModel)" time="0.804" />
  <testcase classname="ptolemy.util.test.junit.AutoTests" name="[90] /home/travis/build/icyphy/ptII/ptolemy/domains/continuous/test/auto/Microsteps.xml (RunModel)" time="0.032" />
  <testcase classname="ptolemy.util.test.junit.AutoTests" name="[91] /home/travis/build/icyphy/ptII/ptolemy/domains/continuous/test/auto/Modal1.xml (RunModel)" time="0.048" />
  <testcase classname="ptolemy.util.test.junit.AutoTests" name="[92] /home/travis/build/icyphy/ptII/ptolemy/domains/continuous/test/auto/Modal2.xml (RunModel)" time="0.063" />
  <testcase classname="ptolemy.util.test.junit.AutoTests" name="[93] /home/travis/build/icyphy/ptII/ptolemy/domains/continuous/test/auto/ModalTransitionGuardWithReset.xml (RunModel)" time="0.023" />
  <testcase classname="ptolemy.util.test.junit.AutoTests" name="[94] /home/travis/build/icyphy/ptII/ptolemy/domains/continuous/test/auto/ModalTransitionGuardWithResetUsingPreemptiveTransition.xml (RunModel)" time="0.023" />
  <testcase classname="ptolemy.util.test.junit.AutoTests" name="[95] /home/travis/build/icyphy/ptII/ptolemy/domains/continuous/test/auto/ModalTransitionGuardWithResetUsingPreemptiveTransition2.xml (RunModel)" time="0.06" />
  <testcase classname="ptolemy.util.test.junit.AutoTests" name="[96] /home/travis/build/icyphy/ptII/ptolemy/domains/continuous/test/auto/ModalTransitionGuardWithResetUsingPreemptiveTransition3.xml (RunModel)" time="0.057" />
  <testcase classname="ptolemy.util.test.junit.AutoTests" name="[97] /home/travis/build/icyphy/ptII/ptolemy/domains/continuous/test/auto/NewtonsCradle.xml (RunModel)" time="0.91" />
  <testcase classname="ptolemy.util.test.junit.AutoTests" name="[98] /home/travis/build/icyphy/ptII/ptolemy/domains/continuous/test/auto/NewtonsCradleAnimated.xml (RunModel)" time="1.412" />
  <testcase classname="ptolemy.util.test.junit.AutoTests" name="[99] /home/travis/build/icyphy/ptII/ptolemy/domains/continuous/test/auto/NewtonsCradleComplicated.xml (RunModel)" time="1.07" />
  <testcase classname="ptolemy.util.test.junit.AutoTests" name="[100] /home/travis/build/icyphy/ptII/ptolemy/domains/continuous/test/auto/NewtonsCradleNondeterministic.xml (RunModel)" time="0.716" />
  <testcase classname="ptolemy.util.test.junit.AutoTests" name="[101] /home/travis/build/icyphy/ptII/ptolemy/domains/continuous/test/auto/NewtonsCradlePerfectlyInelastic1.xml (RunModel)" time="1.343" />
  <testcase classname="ptolemy.util.test.junit.AutoTests" name="[102] /home/travis/build/icyphy/ptII/ptolemy/domains/continuous/test/auto/Noise.xml (RunModel)" time="0.244" />
  <testcase classname="ptolemy.util.test.junit.AutoTests" name="[103] /home/travis/build/icyphy/ptII/ptolemy/domains/continuous/test/auto/NoiseSpectrum.xml (RunModel)" time="0.8" />
  <testcase classname="ptolemy.util.test.junit.AutoTests" name="[104] /home/travis/build/icyphy/ptII/ptolemy/domains/continuous/test/auto/ParameterizedNewtonsCradleAnimated.xml (RunModel)" time="0.382" />
  <testcase classname="ptolemy.util.test.junit.AutoTests" name="[105] /home/travis/build/icyphy/ptII/ptolemy/domains/continuous/test/auto/ParameterizedNewtonsCradleAnimatedNondeterministic.xml (RunModel)" time="1.256" />
  <testcase classname="ptolemy.util.test.junit.AutoTests" name="[106] /home/travis/build/icyphy/ptII/ptolemy/domains/continuous/test/auto/Pendulum3D.xml (RunModel)" time="0.184" />
  <testcase classname="ptolemy.util.test.junit.AutoTests" name="[107] /home/travis/build/icyphy/ptII/ptolemy/domains/continuous/test/auto/PeriodicSampler.xml (RunModel)" time="0.013" />
  <testcase classname="ptolemy.util.test.junit.AutoTests" name="[108] /home/travis/build/icyphy/ptII/ptolemy/domains/continuous/test/auto/PeriodicSampler1.xml (RunModel)" time="0.043" />
  <testcase classname="ptolemy.util.test.junit.AutoTests" name="[109] /home/travis/build/icyphy/ptII/ptolemy/domains/continuous/test/auto/PeriodicSampler2.xml (RunModel)" time="0.077" />
  <testcase classname="ptolemy.util.test.junit.AutoTests" name="[110] /home/travis/build/icyphy/ptII/ptolemy/domains/continuous/test/auto/Poisson.xml (RunModel)" time="0.464" />
  <testcase classname="ptolemy.util.test.junit.AutoTests" name="[111] /home/travis/build/icyphy/ptII/ptolemy/domains/continuous/test/auto/PoissonClock.xml (RunModel)" time="0.011" />
  <testcase classname="ptolemy.util.test.junit.AutoTests" name="[112] /home/travis/build/icyphy/ptII/ptolemy/domains/continuous/test/auto/PoissonClock2.xml (RunModel)" time="0.012" />
  <testcase classname="ptolemy.util.test.junit.AutoTests" name="[113] /home/travis/build/icyphy/ptII/ptolemy/domains/continuous/test/auto/PortParameterHierarchy.xml (RunModel)" time="0.027" />
  <testcase classname="ptolemy.util.test.junit.AutoTests" name="[114] /home/travis/build/icyphy/ptII/ptolemy/domains/continuous/test/auto/RandomHybridPlant.xml (RunModel)" time="0.573" />
  <testcase classname="ptolemy.util.test.junit.AutoTests" name="[115] /home/travis/build/icyphy/ptII/ptolemy/domains/continuous/test/auto/ResetTransitionWithStartTime1.xml (RunModel)" time="0.04" />
  <testcase classname="ptolemy.util.test.junit.AutoTests" name="[116] /home/travis/build/icyphy/ptII/ptolemy/domains/continuous/test/auto/ResetTransitionWithStartTime2.xml (RunModel)" time="0.041" />
  <testcase classname="ptolemy.util.test.junit.AutoTests" name="[117] /home/travis/build/icyphy/ptII/ptolemy/domains/continuous/test/auto/ResetTransitionWithStartTime3.xml (RunModel)" time="0.037" />
  <testcase classname="ptolemy.util.test.junit.AutoTests" name="[118] /home/travis/build/icyphy/ptII/ptolemy/domains/continuous/test/auto/ResetTransitionWithStartTime4.xml (RunModel)" time="0.024" />
  <testcase classname="ptolemy.util.test.junit.AutoTests" name="[119] /home/travis/build/icyphy/ptII/ptolemy/domains/continuous/test/auto/ResetTransitionWithStartTime5.xml (RunModel)" time="0.031" />
  <testcase classname="ptolemy.util.test.junit.AutoTests" name="[120] /home/travis/build/icyphy/ptII/ptolemy/domains/continuous/test/auto/ResetTransitionWithStartTime6.xml (RunModel)" time="0.031" />
  <testcase classname="ptolemy.util.test.junit.AutoTests" name="[121] /home/travis/build/icyphy/ptII/ptolemy/domains/continuous/test/auto/SRinContinuous.xml (RunModel)" time="0.026" />
  <testcase classname="ptolemy.util.test.junit.AutoTests" name="[122] /home/travis/build/icyphy/ptII/ptolemy/domains/continuous/test/auto/SampledClocks.xml (RunModel)" time="0.04" />
  <testcase classname="ptolemy.util.test.junit.AutoTests" name="[123] /home/travis/build/icyphy/ptII/ptolemy/domains/continuous/test/auto/Satellite.xml (RunModel)" time="0.97" />
  <testcase classname="ptolemy.util.test.junit.AutoTests" name="[124] /home/travis/build/icyphy/ptII/ptolemy/domains/continuous/test/auto/SigmaDelta.xml (RunModel)" time="2.44" />
  <testcase classname="ptolemy.util.test.junit.AutoTests" name="[125] /home/travis/build/icyphy/ptII/ptolemy/domains/continuous/test/auto/SingleRefinement.xml (RunModel)" time="0.591" />
  <testcase classname="ptolemy.util.test.junit.AutoTests" name="[126] /home/travis/build/icyphy/ptII/ptolemy/domains/continuous/test/auto/SinuBouncingBall.xml (RunModel)" time="0.887" />
  <testcase classname="ptolemy.util.test.junit.AutoTests" name="[127] /home/travis/build/icyphy/ptII/ptolemy/domains/continuous/test/auto/Sinusoid.xml (RunModel)" time="0.012" />
  <testcase classname="ptolemy.util.test.junit.AutoTests" name="[128] /home/travis/build/icyphy/ptII/ptolemy/domains/continuous/test/auto/SinusoidInNoise.xml (RunModel)" time="1.081" />
  <testcase classname="ptolemy.util.test.junit.AutoTests" name="[129] /home/travis/build/icyphy/ptII/ptolemy/domains/continuous/test/auto/SinusoidRK45.xml (RunModel)" time="0.012" />
  <testcase classname="ptolemy.util.test.junit.AutoTests" name="[130] /home/travis/build/icyphy/ptII/ptolemy/domains/continuous/test/auto/SinusoidWithMultipleImpulses.xml (RunModel)" time="0.017" />
  <testcase classname="ptolemy.util.test.junit.AutoTests" name="[131] /home/travis/build/icyphy/ptII/ptolemy/domains/continuous/test/auto/SquareWave.xml (RunModel)" time="0.215" />
  <testcase classname="ptolemy.util.test.junit.AutoTests" name="[132] /home/travis/build/icyphy/ptII/ptolemy/domains/continuous/test/auto/Starmac.xml (RunModel)" time="3.381" />
  <testcase classname="ptolemy.util.test.junit.AutoTests" name="[133] /home/travis/build/icyphy/ptII/ptolemy/domains/continuous/test/auto/StaticUnits.xml (RunModel)" time="2.652" />
  <testcase classname="ptolemy.util.test.junit.AutoTests" name="[134] /home/travis/build/icyphy/ptII/ptolemy/domains/continuous/test/auto/StickyMasses.xml (RunModel)" time="0.22" />
  <testcase classname="ptolemy.util.test.junit.AutoTests" name="[135] /home/travis/build/icyphy/ptII/ptolemy/domains/continuous/test/auto/StopTime.xml (RunModel)" time="0.065" />
  <testcase classname="ptolemy.util.test.junit.AutoTests" name="[136] /home/travis/build/icyphy/ptII/ptolemy/domains/continuous/test/auto/StopTime2.xml (RunModel)" time="0.055" />
  <testcase classname="ptolemy.util.test.junit.AutoTests" name="[137] /home/travis/build/icyphy/ptII/ptolemy/domains/continuous/test/auto/Switch.xml (RunModel)" time="0.069" />
  <testcase classname="ptolemy.util.test.junit.AutoTests" name="[138] /home/travis/build/icyphy/ptII/ptolemy/domains/continuous/test/auto/Thermostat.xml (RunModel)" time="0.221" />
  <testcase classname="ptolemy.util.test.junit.AutoTests" name="[139] /home/travis/build/icyphy/ptII/ptolemy/domains/continuous/test/auto/TimeDelay.xml (RunModel)" time="0.013" />
  <testcase classname="ptolemy.util.test.junit.AutoTests" name="[140] /home/travis/build/icyphy/ptII/ptolemy/domains/continuous/test/auto/TimeDelay2.xml (RunModel)" time="0.025" />
  <testcase classname="ptolemy.util.test.junit.AutoTests" name="[141] /home/travis/build/icyphy/ptII/ptolemy/domains/continuous/test/auto/TimeDelay3.xml (RunModel)" time="0.009" />
  <testcase classname="ptolemy.util.test.junit.AutoTests" name="[142] /home/travis/build/icyphy/ptII/ptolemy/domains/continuous/test/auto/TransferAbsentToInside.xml (RunModel)" time="0.138" />
  <testcase classname="ptolemy.util.test.junit.AutoTests" name="[143] /home/travis/build/icyphy/ptII/ptolemy/domains/continuous/test/auto/Transmission.xml (RunModel)" time="0.853" />
  <testcase classname="ptolemy.util.test.junit.AutoTests" name="[144] /home/travis/build/icyphy/ptII/ptolemy/domains/continuous/test/auto/TriggeredContinuousClock.xml (RunModel)" time="0.062" />
  <testcase classname="ptolemy.util.test.junit.AutoTests" name="[145] /home/travis/build/icyphy/ptII/ptolemy/domains/continuous/test/auto/TwoMachineInfiniteBusControl.xml (RunModel)" time="2.801" />
  <testcase classname="ptolemy.util.test.junit.AutoTests" name="[146] /home/travis/build/icyphy/ptII/ptolemy/domains/continuous/test/auto/V2V.xml (RunModel)" time="0.899" />
  <testcase classname="ptolemy.util.test.junit.AutoTests" name="[147] /home/travis/build/icyphy/ptII/ptolemy/domains/continuous/test/auto/hierarchicalModalModel.xml (RunModel)" time="0.029" />
  <testcase classname="ptolemy.util.test.junit.AutoTests" name="[148] /home/travis/build/icyphy/ptII/ptolemy/domains/continuous/test/auto/hierarchicalModalModel1.xml (RunModel)" time="0.031" />
  <testcase classname="ptolemy.util.test.junit.AutoTests" name="[149] /home/travis/build/icyphy/ptII/ptolemy/domains/continuous/test/auto/hierarchicalModalModel2.xml (RunModel)" time="0.056" />
  <testcase classname="ptolemy.util.test.junit.AutoTests" name="[150] /home/travis/build/icyphy/ptII/ptolemy/domains/continuous/test/auto/hierarchicalModalModel3.xml (RunModel)" time="0.025" />
  <testcase classname="ptolemy.util.test.junit.AutoTests" name="[151] /home/travis/build/icyphy/ptII/ptolemy/domains/continuous/test/auto/hierarchicalModalModel4.xml (RunModel)" time="0.024" />
  <testcase classname="ptolemy.util.test.junit.AutoTests" name="[152] /home/travis/build/icyphy/ptII/ptolemy/domains/continuous/test/auto/junk.xml (RunModel)" time="0.166" />
  <system-out><![CDATA[No tcl tests in /home/travis/build/icyphy/ptII/ptolemy/domains/continuous/test
No auto/knownFailedTests/*.xml tests in /home/travis/build/icyphy/ptII/ptolemy/domains/continuous/test
No auto/linux-amd64/*.xml tests in /home/travis/build/icyphy/ptII/ptolemy/domains/continuous/test
AutoTests.java: About to close Vertx.
AutoTests.java: Vertx closed.

===========================================================================================
----------------- testing Wed Jul 10 00:47:58 UTC 2019 /home/travis/build/icyphy/ptII/ptolemy/domains/continuous/test/auto/BouncingBall.xml
----------------- Instantiating /home/travis/build/icyphy/ptII/ptolemy/domains/continuous/test/auto/BouncingBall.xml
2665 ms. Memory: 187392K Free: 119818K (64%)
----------------- Invoking toplevel() on ptolemy.moml.MoMLSimpleApplication@9689788
----------------- Done invoking toplevel() on ptolemy.moml.MoMLSimpleApplication@9689788
reloadAllAccessors: .BouncingBall

===========================================================================================
----------------- testing Wed Jul 10 00:48:01 UTC 2019 /home/travis/build/icyphy/ptII/ptolemy/domains/continuous/test/auto/BouncingBallWithoutGR.xml
----------------- Instantiating /home/travis/build/icyphy/ptII/ptolemy/domains/continuous/test/auto/BouncingBallWithoutGR.xml
812 ms. Memory: 242688K Free: 213182K (88%)
----------------- Invoking toplevel() on ptolemy.moml.MoMLSimpleApplication@33e6bdec
----------------- Done invoking toplevel() on ptolemy.moml.MoMLSimpleApplication@33e6bdec
reloadAllAccessors: .BouncingBallWithoutGR

===========================================================================================
----------------- testing Wed Jul 10 00:48:02 UTC 2019 /home/travis/build/icyphy/ptII/ptolemy/domains/continuous/test/auto/Brownian.xml
----------------- Instantiating /home/travis/build/icyphy/ptII/ptolemy/domains/continuous/test/auto/Brownian.xml
28 ms. Memory: 242688K Free: 203996K (84%)
----------------- Invoking toplevel() on ptolemy.moml.MoMLSimpleApplication@7fe5b5eb
----------------- Done invoking toplevel() on ptolemy.moml.MoMLSimpleApplication@7fe5b5eb
reloadAllAccessors: .Brownian

===========================================================================================
----------------- testing Wed Jul 10 00:48:03 UTC 2019 /home/travis/build/icyphy/ptII/ptolemy/domains/continuous/test/auto/CarTracking.xml
----------------- Instantiating /home/travis/build/icyphy/ptII/ptolemy/domains/continuous/test/auto/CarTracking.xml
3809 ms. Memory: 291840K Free: 268030K (92%)
----------------- Invoking toplevel() on ptolemy.moml.MoMLSimpleApplication@44d745ff
----------------- Done invoking toplevel() on ptolemy.moml.MoMLSimpleApplication@44d745ff
reloadAllAccessors: .CarTracking

===========================================================================================
----------------- testing Wed Jul 10 00:48:07 UTC 2019 /home/travis/build/icyphy/ptII/ptolemy/domains/continuous/test/auto/CartPendulum.xml
----------------- Instantiating /home/travis/build/icyphy/ptII/ptolemy/domains/continuous/test/auto/CartPendulum.xml
404 ms. Memory: 291840K Free: 176894K (61%)
----------------- Invoking toplevel() on ptolemy.moml.MoMLSimpleApplication@16d460b2
----------------- Done invoking toplevel() on ptolemy.moml.MoMLSimpleApplication@16d460b2
reloadAllAccessors: .CartPendulum

===========================================================================================
----------------- testing Wed Jul 10 00:48:07 UTC 2019 /home/travis/build/icyphy/ptII/ptolemy/domains/continuous/test/auto/CausalityInterface10.xml
----------------- Instantiating /home/travis/build/icyphy/ptII/ptolemy/domains/continuous/test/auto/CausalityInterface10.xml
7 ms. Memory: 291840K Free: 166654K (57%)
----------------- Invoking toplevel() on ptolemy.moml.MoMLSimpleApplication@99e027a
----------------- Done invoking toplevel() on ptolemy.moml.MoMLSimpleApplication@99e027a
reloadAllAccessors: .CausalityInterface10

===========================================================================================
----------------- testing Wed Jul 10 00:48:07 UTC 2019 /home/travis/build/icyphy/ptII/ptolemy/domains/continuous/test/auto/CausalityInterface11.xml
----------------- Instantiating /home/travis/build/icyphy/ptII/ptolemy/domains/continuous/test/auto/CausalityInterface11.xml
5 ms. Memory: 291840K Free: 160510K (55%)
----------------- Invoking toplevel() on ptolemy.moml.MoMLSimpleApplication@2f2479c8
----------------- Done invoking toplevel() on ptolemy.moml.MoMLSimpleApplication@2f2479c8
reloadAllAccessors: .CausalityInterface11

===========================================================================================
----------------- testing Wed Jul 10 00:48:08 UTC 2019 /home/travis/build/icyphy/ptII/ptolemy/domains/continuous/test/auto/CausalityInterface12.xml
----------------- Instantiating /home/travis/build/icyphy/ptII/ptolemy/domains/continuous/test/auto/CausalityInterface12.xml
9 ms. Memory: 291840K Free: 154366K (53%)
----------------- Invoking toplevel() on ptolemy.moml.MoMLSimpleApplication@533a8a43
----------------- Done invoking toplevel() on ptolemy.moml.MoMLSimpleApplication@533a8a43
reloadAllAccessors: .CausalityInterface12

===========================================================================================
----------------- testing Wed Jul 10 00:48:08 UTC 2019 /home/travis/build/icyphy/ptII/ptolemy/domains/continuous/test/auto/CausalityInterface13.xml
----------------- Instantiating /home/travis/build/icyphy/ptII/ptolemy/domains/continuous/test/auto/CausalityInterface13.xml
10 ms. Memory: 291840K Free: 148222K (51%)
----------------- Invoking toplevel() on ptolemy.moml.MoMLSimpleApplication@39ba447
----------------- Done invoking toplevel() on ptolemy.moml.MoMLSimpleApplication@39ba447
reloadAllAccessors: .CausalityInterface13

===========================================================================================
----------------- testing Wed Jul 10 00:48:08 UTC 2019 /home/travis/build/icyphy/ptII/ptolemy/domains/continuous/test/auto/CausalityInterface14.xml
----------------- Instantiating /home/travis/build/icyphy/ptII/ptolemy/domains/continuous/test/auto/CausalityInterface14.xml
3 ms. Memory: 291840K Free: 142574K (49%)
----------------- Invoking toplevel() on ptolemy.moml.MoMLSimpleApplication@165b97db
----------------- Done invoking toplevel() on ptolemy.moml.MoMLSimpleApplication@165b97db
reloadAllAccessors: .CausalityInterface14

===========================================================================================
----------------- testing Wed Jul 10 00:48:08 UTC 2019 /home/travis/build/icyphy/ptII/ptolemy/domains/continuous/test/auto/CausalityInterface4.xml
----------------- Instantiating /home/travis/build/icyphy/ptII/ptolemy/domains/continuous/test/auto/CausalityInterface4.xml
7 ms. Memory: 291840K Free: 135934K (47%)
----------------- Invoking toplevel() on ptolemy.moml.MoMLSimpleApplication@4c0dd2ab
----------------- Done invoking toplevel() on ptolemy.moml.MoMLSimpleApplication@4c0dd2ab
reloadAllAccessors: .CausalityInterface4

===========================================================================================
----------------- testing Wed Jul 10 00:48:08 UTC 2019 /home/travis/build/icyphy/ptII/ptolemy/domains/continuous/test/auto/CausalityInterface5.xml
----------------- Instantiating /home/travis/build/icyphy/ptII/ptolemy/domains/continuous/test/auto/CausalityInterface5.xml
9 ms. Memory: 291840K Free: 128252K (44%)
----------------- Invoking toplevel() on ptolemy.moml.MoMLSimpleApplication@34334190
----------------- Done invoking toplevel() on ptolemy.moml.MoMLSimpleApplication@34334190
reloadAllAccessors: .CausalityInterface5

===========================================================================================
----------------- testing Wed Jul 10 00:48:08 UTC 2019 /home/travis/build/icyphy/ptII/ptolemy/domains/continuous/test/auto/CausalityInterface6.xml
----------------- Instantiating /home/travis/build/icyphy/ptII/ptolemy/domains/continuous/test/auto/CausalityInterface6.xml
5 ms. Memory: 291840K Free: 122622K (42%)
----------------- Invoking toplevel() on ptolemy.moml.MoMLSimpleApplication@27c7b2c4
----------------- Done invoking toplevel() on ptolemy.moml.MoMLSimpleApplication@27c7b2c4
reloadAllAccessors: .CausalityInterface6

===========================================================================================
----------------- testing Wed Jul 10 00:48:08 UTC 2019 /home/travis/build/icyphy/ptII/ptolemy/domains/continuous/test/auto/CausalityInterface7.xml
----------------- Instantiating /home/travis/build/icyphy/ptII/ptolemy/domains/continuous/test/auto/CausalityInterface7.xml
10 ms. Memory: 291840K Free: 113916K (39%)
----------------- Invoking toplevel() on ptolemy.moml.MoMLSimpleApplication@73e5a3a3
----------------- Done invoking toplevel() on ptolemy.moml.MoMLSimpleApplication@73e5a3a3
reloadAllAccessors: .CausalityInterface7

===========================================================================================
----------------- testing Wed Jul 10 00:48:08 UTC 2019 /home/travis/build/icyphy/ptII/ptolemy/domains/continuous/test/auto/CausalityInterface8.xml
----------------- Instantiating /home/travis/build/icyphy/ptII/ptolemy/domains/continuous/test/auto/CausalityInterface8.xml
13 ms. Memory: 291840K Free: 278108K (95%)
----------------- Invoking toplevel() on ptolemy.moml.MoMLSimpleApplication@4a4d6943
----------------- Done invoking toplevel() on ptolemy.moml.MoMLSimpleApplication@4a4d6943
reloadAllAccessors: .CausalityInterface8

===========================================================================================
----------------- testing Wed Jul 10 00:48:08 UTC 2019 /home/travis/build/icyphy/ptII/ptolemy/domains/continuous/test/auto/CausalityInterface9.xml
----------------- Instantiating /home/travis/build/icyphy/ptII/ptolemy/domains/continuous/test/auto/CausalityInterface9.xml
11 ms. Memory: 291840K Free: 267163K (92%)
----------------- Invoking toplevel() on ptolemy.moml.MoMLSimpleApplication@f993b15
----------------- Done invoking toplevel() on ptolemy.moml.MoMLSimpleApplication@f993b15
reloadAllAccessors: .CausalityInterface9

===========================================================================================
----------------- testing Wed Jul 10 00:48:08 UTC 2019 /home/travis/build/icyphy/ptII/ptolemy/domains/continuous/test/auto/CausalityInterfaceFeedback1.xml
----------------- Instantiating /home/travis/build/icyphy/ptII/ptolemy/domains/continuous/test/auto/CausalityInterfaceFeedback1.xml
4 ms. Memory: 291840K Free: 260509K (89%)
----------------- Invoking toplevel() on ptolemy.moml.MoMLSimpleApplication@70c92d3a
----------------- Done invoking toplevel() on ptolemy.moml.MoMLSimpleApplication@70c92d3a
reloadAllAccessors: .CausalityInterfaceFeedback1

===========================================================================================
----------------- testing Wed Jul 10 00:48:08 UTC 2019 /home/travis/build/icyphy/ptII/ptolemy/domains/continuous/test/auto/CausalityInterfaceFeedback2.xml
----------------- Instantiating /home/travis/build/icyphy/ptII/ptolemy/domains/continuous/test/auto/CausalityInterfaceFeedback2.xml
4 ms. Memory: 291840K Free: 253851K (87%)
----------------- Invoking toplevel() on ptolemy.moml.MoMLSimpleApplication@34226d9e
----------------- Done invoking toplevel() on ptolemy.moml.MoMLSimpleApplication@34226d9e
reloadAllAccessors: .CausalityInterfaceFeedback2

===========================================================================================
----------------- testing Wed Jul 10 00:48:08 UTC 2019 /home/travis/build/icyphy/ptII/ptolemy/domains/continuous/test/auto/CompareWithCurrentTime.xml
----------------- Instantiating /home/travis/build/icyphy/ptII/ptolemy/domains/continuous/test/auto/CompareWithCurrentTime.xml
3 ms. Memory: 291840K Free: 249755K (86%)
----------------- Invoking toplevel() on ptolemy.moml.MoMLSimpleApplication@72e6e53b
----------------- Done invoking toplevel() on ptolemy.moml.MoMLSimpleApplication@72e6e53b
reloadAllAccessors: .CompareWithCurrentTime

===========================================================================================
----------------- testing Wed Jul 10 00:48:08 UTC 2019 /home/travis/build/icyphy/ptII/ptolemy/domains/continuous/test/auto/ComparedClocks.xml
----------------- Instantiating /home/travis/build/icyphy/ptII/ptolemy/domains/continuous/test/auto/ComparedClocks.xml
6 ms. Memory: 291840K Free: 234381K (80%)
----------------- Invoking toplevel() on ptolemy.moml.MoMLSimpleApplication@116e0215
----------------- Done invoking toplevel() on ptolemy.moml.MoMLSimpleApplication@116e0215
reloadAllAccessors: .ComparedClocks

===========================================================================================
----------------- testing Wed Jul 10 00:48:08 UTC 2019 /home/travis/build/icyphy/ptII/ptolemy/domains/continuous/test/auto/ContinuousAOCClone.xml
----------------- Instantiating /home/travis/build/icyphy/ptII/ptolemy/domains/continuous/test/auto/ContinuousAOCClone.xml
2645 ms. Memory: 358400K Free: 285872K (80%)
----------------- Invoking toplevel() on ptolemy.moml.MoMLSimpleApplication@6857409e
----------------- Done invoking toplevel() on ptolemy.moml.MoMLSimpleApplication@6857409e
reloadAllAccessors: .ContinuousAOCClone

===========================================================================================
----------------- testing Wed Jul 10 00:48:11 UTC 2019 /home/travis/build/icyphy/ptII/ptolemy/domains/continuous/test/auto/ContinuousClock.xml
----------------- Instantiating /home/travis/build/icyphy/ptII/ptolemy/domains/continuous/test/auto/ContinuousClock.xml
26 ms. Memory: 358400K Free: 263858K (74%)
----------------- Invoking toplevel() on ptolemy.moml.MoMLSimpleApplication@657017aa
----------------- Done invoking toplevel() on ptolemy.moml.MoMLSimpleApplication@657017aa
reloadAllAccessors: .ContinuousClock

===========================================================================================
----------------- testing Wed Jul 10 00:48:11 UTC 2019 /home/travis/build/icyphy/ptII/ptolemy/domains/continuous/test/auto/ContinuousInContinuous.xml
----------------- Instantiating /home/travis/build/icyphy/ptII/ptolemy/domains/continuous/test/auto/ContinuousInContinuous.xml
41 ms. Memory: 358400K Free: 240306K (67%)
----------------- Invoking toplevel() on ptolemy.moml.MoMLSimpleApplication@162c4d78
----------------- Done invoking toplevel() on ptolemy.moml.MoMLSimpleApplication@162c4d78
reloadAllAccessors: .ContinuousInContinuous

===========================================================================================
----------------- testing Wed Jul 10 00:48:11 UTC 2019 /home/travis/build/icyphy/ptII/ptolemy/domains/continuous/test/auto/ContinuousInContinuousInContinuous.xml
----------------- Instantiating /home/travis/build/icyphy/ptII/ptolemy/domains/continuous/test/auto/ContinuousInContinuousInContinuous.xml
15 ms. Memory: 358400K Free: 232624K (65%)
----------------- Invoking toplevel() on ptolemy.moml.MoMLSimpleApplication@22567b4a
----------------- Done invoking toplevel() on ptolemy.moml.MoMLSimpleApplication@22567b4a
reloadAllAccessors: .ContinuousInContinuousInContinuous

===========================================================================================
----------------- testing Wed Jul 10 00:48:11 UTC 2019 /home/travis/build/icyphy/ptII/ptolemy/domains/continuous/test/auto/ContinuousInDE.xml
----------------- Instantiating /home/travis/build/icyphy/ptII/ptolemy/domains/continuous/test/auto/ContinuousInDE.xml
80 ms. Memory: 358400K Free: 222384K (62%)
----------------- Invoking toplevel() on ptolemy.moml.MoMLSimpleApplication@7027336e
----------------- Done invoking toplevel() on ptolemy.moml.MoMLSimpleApplication@7027336e
reloadAllAccessors: .ContinuousInDE

===========================================================================================
----------------- testing Wed Jul 10 00:48:11 UTC 2019 /home/travis/build/icyphy/ptII/ptolemy/domains/continuous/test/auto/ContinuousInDE2.xml
----------------- Instantiating /home/travis/build/icyphy/ptII/ptolemy/domains/continuous/test/auto/ContinuousInDE2.xml
47 ms. Memory: 358400K Free: 212658K (59%)
----------------- Invoking toplevel() on ptolemy.moml.MoMLSimpleApplication@156f514
----------------- Done invoking toplevel() on ptolemy.moml.MoMLSimpleApplication@156f514
reloadAllAccessors: .ContinuousInDE2

===========================================================================================
----------------- testing Wed Jul 10 00:48:11 UTC 2019 /home/travis/build/icyphy/ptII/ptolemy/domains/continuous/test/auto/ContinuousInDE3.xml
----------------- Instantiating /home/travis/build/icyphy/ptII/ptolemy/domains/continuous/test/auto/ContinuousInDE3.xml
39 ms. Memory: 358400K Free: 202928K (57%)
----------------- Invoking toplevel() on ptolemy.moml.MoMLSimpleApplication@1419834c
----------------- Done invoking toplevel() on ptolemy.moml.MoMLSimpleApplication@1419834c
reloadAllAccessors: .ContinuousInDE3

===========================================================================================
----------------- testing Wed Jul 10 00:48:11 UTC 2019 /home/travis/build/icyphy/ptII/ptolemy/domains/continuous/test/auto/ContinuousInDE4.xml
----------------- Instantiating /home/travis/build/icyphy/ptII/ptolemy/domains/continuous/test/auto/ContinuousInDE4.xml
16 ms. Memory: 358400K Free: 196784K (55%)
----------------- Invoking toplevel() on ptolemy.moml.MoMLSimpleApplication@77cdbf9c
----------------- Done invoking toplevel() on ptolemy.moml.MoMLSimpleApplication@77cdbf9c
reloadAllAccessors: .ContinuousInDE4

===========================================================================================
----------------- testing Wed Jul 10 00:48:11 UTC 2019 /home/travis/build/icyphy/ptII/ptolemy/domains/continuous/test/auto/ContinuousInDEDifferentRefinements.xml
----------------- Instantiating /home/travis/build/icyphy/ptII/ptolemy/domains/continuous/test/auto/ContinuousInDEDifferentRefinements.xml
62 ms. Memory: 358400K Free: 165554K (46%)
----------------- Invoking toplevel() on ptolemy.moml.MoMLSimpleApplication@58a70a60
----------------- Done invoking toplevel() on ptolemy.moml.MoMLSimpleApplication@58a70a60
reloadAllAccessors: .ContinuousInDEDifferentRefinements

===========================================================================================
----------------- testing Wed Jul 10 00:48:12 UTC 2019 /home/travis/build/icyphy/ptII/ptolemy/domains/continuous/test/auto/ContinuousInDEDifferentRefinementsPreemptive.xml
----------------- Instantiating /home/travis/build/icyphy/ptII/ptolemy/domains/continuous/test/auto/ContinuousInDEDifferentRefinementsPreemptive.xml
50 ms. Memory: 358400K Free: 134834K (38%)
----------------- Invoking toplevel() on ptolemy.moml.MoMLSimpleApplication@538850a9
----------------- Done invoking toplevel() on ptolemy.moml.MoMLSimpleApplication@538850a9
reloadAllAccessors: .ContinuousInDEDifferentRefinementsPreemptive

===========================================================================================
----------------- testing Wed Jul 10 00:48:12 UTC 2019 /home/travis/build/icyphy/ptII/ptolemy/domains/continuous/test/auto/ContinuousInDEInContinuous2.xml
----------------- Instantiating /home/travis/build/icyphy/ptII/ptolemy/domains/continuous/test/auto/ContinuousInDEInContinuous2.xml
41 ms. Memory: 358400K Free: 337049K (94%)
----------------- Invoking toplevel() on ptolemy.moml.MoMLSimpleApplication@333e4555
----------------- Done invoking toplevel() on ptolemy.moml.MoMLSimpleApplication@333e4555
reloadAllAccessors: .ContinuousInDEInContinuous2

===========================================================================================
----------------- testing Wed Jul 10 00:48:12 UTC 2019 /home/travis/build/icyphy/ptII/ptolemy/domains/continuous/test/auto/ContinuousInDEInContinuous3.xml
----------------- Instantiating /home/travis/build/icyphy/ptII/ptolemy/domains/continuous/test/auto/ContinuousInDEInContinuous3.xml
39 ms. Memory: 358400K Free: 324761K (91%)
----------------- Invoking toplevel() on ptolemy.moml.MoMLSimpleApplication@5b83cfa1
----------------- Done invoking toplevel() on ptolemy.moml.MoMLSimpleApplication@5b83cfa1
reloadAllAccessors: .ContinuousInDEInContinuous3

===========================================================================================
----------------- testing Wed Jul 10 00:48:12 UTC 2019 /home/travis/build/icyphy/ptII/ptolemy/domains/continuous/test/auto/ContinuousInDEInput.xml
----------------- Instantiating /home/travis/build/icyphy/ptII/ptolemy/domains/continuous/test/auto/ContinuousInDEInput.xml
20 ms. Memory: 358400K Free: 317593K (89%)
----------------- Invoking toplevel() on ptolemy.moml.MoMLSimpleApplication@561257e3
----------------- Done invoking toplevel() on ptolemy.moml.MoMLSimpleApplication@561257e3
reloadAllAccessors: .ContinuousInDEInput

===========================================================================================
----------------- testing Wed Jul 10 00:48:12 UTC 2019 /home/travis/build/icyphy/ptII/ptolemy/domains/continuous/test/auto/ContinuousInDEInput2.xml
----------------- Instantiating /home/travis/build/icyphy/ptII/ptolemy/domains/continuous/test/auto/ContinuousInDEInput2.xml
14 ms. Memory: 358400K Free: 310425K (87%)
----------------- Invoking toplevel() on ptolemy.moml.MoMLSimpleApplication@74cab793
----------------- Done invoking toplevel() on ptolemy.moml.MoMLSimpleApplication@74cab793
reloadAllAccessors: .ContinuousInDEInput2

===========================================================================================
----------------- testing Wed Jul 10 00:48:12 UTC 2019 /home/travis/build/icyphy/ptII/ptolemy/domains/continuous/test/auto/ContinuousInDEInput3.xml
----------------- Instantiating /home/travis/build/icyphy/ptII/ptolemy/domains/continuous/test/auto/ContinuousInDEInput3.xml
14 ms. Memory: 358400K Free: 303257K (85%)
----------------- Invoking toplevel() on ptolemy.moml.MoMLSimpleApplication@6cf16acf
----------------- Done invoking toplevel() on ptolemy.moml.MoMLSimpleApplication@6cf16acf
reloadAllAccessors: .ContinuousInDEInput3

===========================================================================================
----------------- testing Wed Jul 10 00:48:12 UTC 2019 /home/travis/build/icyphy/ptII/ptolemy/domains/continuous/test/auto/ContinuousInDESharingRefinement.xml
----------------- Instantiating /home/travis/build/icyphy/ptII/ptolemy/domains/continuous/test/auto/ContinuousInDESharingRefinement.xml
152 ms. Memory: 358400K Free: 208521K (58%)
----------------- Invoking toplevel() on ptolemy.moml.MoMLSimpleApplication@740695b7
----------------- Done invoking toplevel() on ptolemy.moml.MoMLSimpleApplication@740695b7
reloadAllAccessors: .ContinuousInDESharingRefinement

===========================================================================================
----------------- testing Wed Jul 10 00:48:12 UTC 2019 /home/travis/build/icyphy/ptII/ptolemy/domains/continuous/test/auto/ContinuousInDEwithNoPorts.xml
----------------- Instantiating /home/travis/build/icyphy/ptII/ptolemy/domains/continuous/test/auto/ContinuousInDEwithNoPorts.xml
6 ms. Memory: 358400K Free: 204409K (57%)
----------------- Invoking toplevel() on ptolemy.moml.MoMLSimpleApplication@49c3828a
----------------- Done invoking toplevel() on ptolemy.moml.MoMLSimpleApplication@49c3828a
reloadAllAccessors: .ContinuousInDEwithNoPorts

===========================================================================================
----------------- testing Wed Jul 10 00:48:12 UTC 2019 /home/travis/build/icyphy/ptII/ptolemy/domains/continuous/test/auto/ContinuousInsideDE.xml
----------------- Instantiating /home/travis/build/icyphy/ptII/ptolemy/domains/continuous/test/auto/ContinuousInsideDE.xml
42 ms. Memory: 358400K Free: 193175K (54%)
----------------- Invoking toplevel() on ptolemy.moml.MoMLSimpleApplication@c3b8403
----------------- Done invoking toplevel() on ptolemy.moml.MoMLSimpleApplication@c3b8403
reloadAllAccessors: .ContinuousInsideDE

===========================================================================================
----------------- testing Wed Jul 10 00:48:12 UTC 2019 /home/travis/build/icyphy/ptII/ptolemy/domains/continuous/test/auto/ContinuousMerge1.xml
----------------- Instantiating /home/travis/build/icyphy/ptII/ptolemy/domains/continuous/test/auto/ContinuousMerge1.xml
11 ms. Memory: 358400K Free: 188569K (53%)
----------------- Invoking toplevel() on ptolemy.moml.MoMLSimpleApplication@55e2667b
----------------- Done invoking toplevel() on ptolemy.moml.MoMLSimpleApplication@55e2667b
reloadAllAccessors: .ContinuousMerge1

===========================================================================================
----------------- testing Wed Jul 10 00:48:12 UTC 2019 /home/travis/build/icyphy/ptII/ptolemy/domains/continuous/test/auto/ContinuousMerge2.xml
----------------- Instantiating /home/travis/build/icyphy/ptII/ptolemy/domains/continuous/test/auto/ContinuousMerge2.xml
14 ms. Memory: 358400K Free: 178329K (50%)
----------------- Invoking toplevel() on ptolemy.moml.MoMLSimpleApplication@5fc9ac16
----------------- Done invoking toplevel() on ptolemy.moml.MoMLSimpleApplication@5fc9ac16
reloadAllAccessors: .ContinuousMerge2

===========================================================================================
----------------- testing Wed Jul 10 00:48:12 UTC 2019 /home/travis/build/icyphy/ptII/ptolemy/domains/continuous/test/auto/ContinuousMerge3.xml
----------------- Instantiating /home/travis/build/icyphy/ptII/ptolemy/domains/continuous/test/auto/ContinuousMerge3.xml
47 ms. Memory: 358400K Free: 167575K (47%)
----------------- Invoking toplevel() on ptolemy.moml.MoMLSimpleApplication@12bfff96
----------------- Done invoking toplevel() on ptolemy.moml.MoMLSimpleApplication@12bfff96
reloadAllAccessors: .ContinuousMerge3

===========================================================================================
----------------- testing Wed Jul 10 00:48:12 UTC 2019 /home/travis/build/icyphy/ptII/ptolemy/domains/continuous/test/auto/ContinuousWithinContinuous.xml
----------------- Instantiating /home/travis/build/icyphy/ptII/ptolemy/domains/continuous/test/auto/ContinuousWithinContinuous.xml
41 ms. Memory: 358400K Free: 158359K (44%)
----------------- Invoking toplevel() on ptolemy.moml.MoMLSimpleApplication@1d0fc619
----------------- Done invoking toplevel() on ptolemy.moml.MoMLSimpleApplication@1d0fc619
reloadAllAccessors: .ContinuousWithinContinuous

===========================================================================================
----------------- testing Wed Jul 10 00:48:12 UTC 2019 /home/travis/build/icyphy/ptII/ptolemy/domains/continuous/test/auto/ContinuousWithinContinuous2.xml
----------------- Instantiating /home/travis/build/icyphy/ptII/ptolemy/domains/continuous/test/auto/ContinuousWithinContinuous2.xml
71 ms. Memory: 358400K Free: 146585K (41%)
----------------- Invoking toplevel() on ptolemy.moml.MoMLSimpleApplication@68cb921d
----------------- Done invoking toplevel() on ptolemy.moml.MoMLSimpleApplication@68cb921d
reloadAllAccessors: .ContinuousWithinContinuous2

===========================================================================================
----------------- testing Wed Jul 10 00:48:13 UTC 2019 /home/travis/build/icyphy/ptII/ptolemy/domains/continuous/test/auto/ContinuousWithinContinuous3.xml
----------------- Instantiating /home/travis/build/icyphy/ptII/ptolemy/domains/continuous/test/auto/ContinuousWithinContinuous3.xml
13 ms. Memory: 358400K Free: 139927K (39%)
----------------- Invoking toplevel() on ptolemy.moml.MoMLSimpleApplication@7f7c8120
----------------- Done invoking toplevel() on ptolemy.moml.MoMLSimpleApplication@7f7c8120
reloadAllAccessors: .ContinuousWithinContinuous3

===========================================================================================
----------------- testing Wed Jul 10 00:48:13 UTC 2019 /home/travis/build/icyphy/ptII/ptolemy/domains/continuous/test/auto/ContinuousWithinContinuous4.xml
----------------- Instantiating /home/travis/build/icyphy/ptII/ptolemy/domains/continuous/test/auto/ContinuousWithinContinuous4.xml
83 ms. Memory: 358400K Free: 342119K (95%)
----------------- Invoking toplevel() on ptolemy.moml.MoMLSimpleApplication@69954663
----------------- Done invoking toplevel() on ptolemy.moml.MoMLSimpleApplication@69954663
reloadAllAccessors: .ContinuousWithinContinuous4

===========================================================================================
----------------- testing Wed Jul 10 00:48:13 UTC 2019 /home/travis/build/icyphy/ptII/ptolemy/domains/continuous/test/auto/ContinuousWithinContinuous5.xml
----------------- Instantiating /home/travis/build/icyphy/ptII/ptolemy/domains/continuous/test/auto/ContinuousWithinContinuous5.xml
14 ms. Memory: 358400K Free: 334231K (93%)
----------------- Invoking toplevel() on ptolemy.moml.MoMLSimpleApplication@4402c9df
----------------- Done invoking toplevel() on ptolemy.moml.MoMLSimpleApplication@4402c9df
reloadAllAccessors: .ContinuousWithinContinuous5

===========================================================================================
----------------- testing Wed Jul 10 00:48:13 UTC 2019 /home/travis/build/icyphy/ptII/ptolemy/domains/continuous/test/auto/ContinuousWithinContinuous6.xml
----------------- Instantiating /home/travis/build/icyphy/ptII/ptolemy/domains/continuous/test/auto/ContinuousWithinContinuous6.xml
13 ms. Memory: 358400K Free: 327573K (91%)
----------------- Invoking toplevel() on ptolemy.moml.MoMLSimpleApplication@4cdb7695
----------------- Done invoking toplevel() on ptolemy.moml.MoMLSimpleApplication@4cdb7695
reloadAllAccessors: .ContinuousWithinContinuous6

===========================================================================================
----------------- testing Wed Jul 10 00:48:13 UTC 2019 /home/travis/build/icyphy/ptII/ptolemy/domains/continuous/test/auto/ContinuousWithinContinuous7.xml
----------------- Instantiating /home/travis/build/icyphy/ptII/ptolemy/domains/continuous/test/auto/ContinuousWithinContinuous7.xml
67 ms. Memory: 358400K Free: 316309K (88%)
----------------- Invoking toplevel() on ptolemy.moml.MoMLSimpleApplication@37a33e00
----------------- Done invoking toplevel() on ptolemy.moml.MoMLSimpleApplication@37a33e00
reloadAllAccessors: .ContinuousWithinContinuous7

===========================================================================================
----------------- testing Wed Jul 10 00:48:13 UTC 2019 /home/travis/build/icyphy/ptII/ptolemy/domains/continuous/test/auto/DCMotor.xml
----------------- Instantiating /home/travis/build/icyphy/ptII/ptolemy/domains/continuous/test/auto/DCMotor.xml
15681 ms. Memory: 358400K Free: 218380K (61%)
----------------- Invoking toplevel() on ptolemy.moml.MoMLSimpleApplication@37c2b3c6
----------------- Done invoking toplevel() on ptolemy.moml.MoMLSimpleApplication@37c2b3c6
reloadAllAccessors: .DCMotor

===========================================================================================
----------------- testing Wed Jul 10 00:48:29 UTC 2019 /home/travis/build/icyphy/ptII/ptolemy/domains/continuous/test/auto/DEInContinuous.xml
----------------- Instantiating /home/travis/build/icyphy/ptII/ptolemy/domains/continuous/test/auto/DEInContinuous.xml
27 ms. Memory: 358400K Free: 212242K (59%)
----------------- Invoking toplevel() on ptolemy.moml.MoMLSimpleApplication@16dd79db
----------------- Done invoking toplevel() on ptolemy.moml.MoMLSimpleApplication@16dd79db
reloadAllAccessors: .DEInContinuous

===========================================================================================
----------------- testing Wed Jul 10 00:48:29 UTC 2019 /home/travis/build/icyphy/ptII/ptolemy/domains/continuous/test/auto/DEinContinuous2.xml
----------------- Instantiating /home/travis/build/icyphy/ptII/ptolemy/domains/continuous/test/auto/DEinContinuous2.xml
11 ms. Memory: 358400K Free: 204036K (57%)
----------------- Invoking toplevel() on ptolemy.moml.MoMLSimpleApplication@6e6895f7
----------------- Done invoking toplevel() on ptolemy.moml.MoMLSimpleApplication@6e6895f7
reloadAllAccessors: .DEinContinuous2

===========================================================================================
----------------- testing Wed Jul 10 00:48:29 UTC 2019 /home/travis/build/icyphy/ptII/ptolemy/domains/continuous/test/auto/Derivative.xml
----------------- Instantiating /home/travis/build/icyphy/ptII/ptolemy/domains/continuous/test/auto/Derivative.xml
178 ms. Memory: 358400K Free: 174868K (49%)
----------------- Invoking toplevel() on ptolemy.moml.MoMLSimpleApplication@9ecfa6d
----------------- Done invoking toplevel() on ptolemy.moml.MoMLSimpleApplication@9ecfa6d
reloadAllAccessors: .Derivative2

===========================================================================================
----------------- testing Wed Jul 10 00:48:29 UTC 2019 /home/travis/build/icyphy/ptII/ptolemy/domains/continuous/test/auto/Derivative1.xml
----------------- Instantiating /home/travis/build/icyphy/ptII/ptolemy/domains/continuous/test/auto/Derivative1.xml
24 ms. Memory: 358400K Free: 160532K (45%)
----------------- Invoking toplevel() on ptolemy.moml.MoMLSimpleApplication@61bc5c7c
----------------- Done invoking toplevel() on ptolemy.moml.MoMLSimpleApplication@61bc5c7c
reloadAllAccessors: .Derivative1

===========================================================================================
----------------- testing Wed Jul 10 00:48:29 UTC 2019 /home/travis/build/icyphy/ptII/ptolemy/domains/continuous/test/auto/DiscreteClock.xml
----------------- Instantiating /home/travis/build/icyphy/ptII/ptolemy/domains/continuous/test/auto/DiscreteClock.xml
5 ms. Memory: 358400K Free: 155412K (43%)
----------------- Invoking toplevel() on ptolemy.moml.MoMLSimpleApplication@456466f3
----------------- Done invoking toplevel() on ptolemy.moml.MoMLSimpleApplication@456466f3
reloadAllAccessors: .DiscreteClock

===========================================================================================
----------------- testing Wed Jul 10 00:48:29 UTC 2019 /home/travis/build/icyphy/ptII/ptolemy/domains/continuous/test/auto/EfficiencyCurve.xml
----------------- Instantiating /home/travis/build/icyphy/ptII/ptolemy/domains/continuous/test/auto/EfficiencyCurve.xml
79 ms. Memory: 358400K Free: 146196K (41%)
----------------- Invoking toplevel() on ptolemy.moml.MoMLSimpleApplication@3f0cae33
----------------- Done invoking toplevel() on ptolemy.moml.MoMLSimpleApplication@3f0cae33
reloadAllAccessors: .EfficiencyCurve

===========================================================================================
----------------- testing Wed Jul 10 00:48:29 UTC 2019 /home/travis/build/icyphy/ptII/ptolemy/domains/continuous/test/auto/ExponentialResponse.xml
----------------- Instantiating /home/travis/build/icyphy/ptII/ptolemy/domains/continuous/test/auto/ExponentialResponse.xml
155 ms. Memory: 358400K Free: 344031K (96%)
----------------- Invoking toplevel() on ptolemy.moml.MoMLSimpleApplication@51464e34
----------------- Done invoking toplevel() on ptolemy.moml.MoMLSimpleApplication@51464e34
reloadAllAccessors: .ExponentialResponse

===========================================================================================
----------------- testing Wed Jul 10 00:48:29 UTC 2019 /home/travis/build/icyphy/ptII/ptolemy/domains/continuous/test/auto/ExponentialResponseRK45.xml
----------------- Instantiating /home/travis/build/icyphy/ptII/ptolemy/domains/continuous/test/auto/ExponentialResponseRK45.xml
35 ms. Memory: 358400K Free: 337109K (94%)
----------------- Invoking toplevel() on ptolemy.moml.MoMLSimpleApplication@2033f828
----------------- Done invoking toplevel() on ptolemy.moml.MoMLSimpleApplication@2033f828
reloadAllAccessors: .ExponentialResponseRK45

===========================================================================================
----------------- testing Wed Jul 10 00:48:29 UTC 2019 /home/travis/build/icyphy/ptII/ptolemy/domains/continuous/test/auto/Friction.xml
----------------- Instantiating /home/travis/build/icyphy/ptII/ptolemy/domains/continuous/test/auto/Friction.xml
1776 ms. Memory: 358400K Free: 331858K (93%)
----------------- Invoking toplevel() on ptolemy.moml.MoMLSimpleApplication@3686f604
----------------- Done invoking toplevel() on ptolemy.moml.MoMLSimpleApplication@3686f604
reloadAllAccessors: .Friction

===========================================================================================
----------------- testing Wed Jul 10 00:48:31 UTC 2019 /home/travis/build/icyphy/ptII/ptolemy/domains/continuous/test/auto/FurutaPendulum.xml
----------------- Instantiating /home/travis/build/icyphy/ptII/ptolemy/domains/continuous/test/auto/FurutaPendulum.xml
3663 ms. Memory: 358400K Free: 247622K (69%)
----------------- Invoking toplevel() on ptolemy.moml.MoMLSimpleApplication@27d66f95
----------------- Done invoking toplevel() on ptolemy.moml.MoMLSimpleApplication@27d66f95
reloadAllAccessors: .FurutaPendulum

===========================================================================================
----------------- testing Wed Jul 10 00:48:35 UTC 2019 /home/travis/build/icyphy/ptII/ptolemy/domains/continuous/test/auto/HierarchicalExecution.xml
----------------- Instantiating /home/travis/build/icyphy/ptII/ptolemy/domains/continuous/test/auto/HierarchicalExecution.xml
1934 ms. Memory: 358400K Free: 167862K (47%)
----------------- Invoking toplevel() on ptolemy.moml.MoMLSimpleApplication@20873a59
----------------- Done invoking toplevel() on ptolemy.moml.MoMLSimpleApplication@20873a59
reloadAllAccessors: .HierarchicalExecution

===========================================================================================
----------------- testing Wed Jul 10 00:48:37 UTC 2019 /home/travis/build/icyphy/ptII/ptolemy/domains/continuous/test/auto/HybridPlant.xml
----------------- Instantiating /home/travis/build/icyphy/ptII/ptolemy/domains/continuous/test/auto/HybridPlant.xml
550 ms. Memory: 358400K Free: 329894K (92%)
----------------- Invoking toplevel() on ptolemy.moml.MoMLSimpleApplication@535af126
----------------- Done invoking toplevel() on ptolemy.moml.MoMLSimpleApplication@535af126
reloadAllAccessors: .HybridPlant

===========================================================================================
----------------- testing Wed Jul 10 00:48:38 UTC 2019 /home/travis/build/icyphy/ptII/ptolemy/domains/continuous/test/auto/Hysteresis.xml
----------------- Instantiating /home/travis/build/icyphy/ptII/ptolemy/domains/continuous/test/auto/Hysteresis.xml
155 ms. Memory: 358400K Free: 266920K (74%)
----------------- Invoking toplevel() on ptolemy.moml.MoMLSimpleApplication@4a5df5e3
----------------- Done invoking toplevel() on ptolemy.moml.MoMLSimpleApplication@4a5df5e3
reloadAllAccessors: .Hysteresis

===========================================================================================
----------------- testing Wed Jul 10 00:48:38 UTC 2019 /home/travis/build/icyphy/ptII/ptolemy/domains/continuous/test/auto/HysteresisWithRandomDelay.xml
----------------- Instantiating /home/travis/build/icyphy/ptII/ptolemy/domains/continuous/test/auto/HysteresisWithRandomDelay.xml
184 ms. Memory: 358400K Free: 195240K (54%)
----------------- Invoking toplevel() on ptolemy.moml.MoMLSimpleApplication@1b08a9db
----------------- Done invoking toplevel() on ptolemy.moml.MoMLSimpleApplication@1b08a9db
reloadAllAccessors: .HysteresisWithRandomDelay

===========================================================================================
----------------- testing Wed Jul 10 00:48:38 UTC 2019 /home/travis/build/icyphy/ptII/ptolemy/domains/continuous/test/auto/HysteresisWithRandomLosses.xml
----------------- Instantiating /home/travis/build/icyphy/ptII/ptolemy/domains/continuous/test/auto/HysteresisWithRandomLosses.xml
2453 ms. Memory: 358400K Free: 290346K (81%)
----------------- Invoking toplevel() on ptolemy.moml.MoMLSimpleApplication@78a3e431
----------------- Done invoking toplevel() on ptolemy.moml.MoMLSimpleApplication@78a3e431
reloadAllAccessors: .HysteresisWithRandomLosses

===========================================================================================
----------------- testing Wed Jul 10 00:48:41 UTC 2019 /home/travis/build/icyphy/ptII/ptolemy/domains/continuous/test/auto/ImmediateTransitions.xml
----------------- Instantiating /home/travis/build/icyphy/ptII/ptolemy/domains/continuous/test/auto/ImmediateTransitions.xml
10 ms. Memory: 358400K Free: 279586K (78%)
----------------- Invoking toplevel() on ptolemy.moml.MoMLSimpleApplication@5e407a2
----------------- Done invoking toplevel() on ptolemy.moml.MoMLSimpleApplication@5e407a2
reloadAllAccessors: .ImmediateTransitions

===========================================================================================
----------------- testing Wed Jul 10 00:48:41 UTC 2019 /home/travis/build/icyphy/ptII/ptolemy/domains/continuous/test/auto/ImpulseFeedback.xml
----------------- Instantiating /home/travis/build/icyphy/ptII/ptolemy/domains/continuous/test/auto/ImpulseFeedback.xml
8 ms. Memory: 358400K Free: 273962K (76%)
----------------- Invoking toplevel() on ptolemy.moml.MoMLSimpleApplication@396226a1
----------------- Done invoking toplevel() on ptolemy.moml.MoMLSimpleApplication@396226a1
reloadAllAccessors: .ImpulseFeedback

===========================================================================================
----------------- testing Wed Jul 10 00:48:41 UTC 2019 /home/travis/build/icyphy/ptII/ptolemy/domains/continuous/test/auto/ImpulseFeedback2.xml
----------------- Instantiating /home/travis/build/icyphy/ptII/ptolemy/domains/continuous/test/auto/ImpulseFeedback2.xml
6 ms. Memory: 358400K Free: 268328K (75%)
----------------- Invoking toplevel() on ptolemy.moml.MoMLSimpleApplication@42e20674
----------------- Done invoking toplevel() on ptolemy.moml.MoMLSimpleApplication@42e20674
reloadAllAccessors: .ImpulseFeedback2

===========================================================================================
----------------- testing Wed Jul 10 00:48:41 UTC 2019 /home/travis/build/icyphy/ptII/ptolemy/domains/continuous/test/auto/IncreasingRatePoisson.xml
----------------- Instantiating /home/travis/build/icyphy/ptII/ptolemy/domains/continuous/test/auto/IncreasingRatePoisson.xml
853 ms. Memory: 430080K Free: 229291K (53%)
----------------- Invoking toplevel() on ptolemy.moml.MoMLSimpleApplication@147b1b10
----------------- Done invoking toplevel() on ptolemy.moml.MoMLSimpleApplication@147b1b10
reloadAllAccessors: .IncreasingRatePoisson

===========================================================================================
----------------- testing Wed Jul 10 00:48:42 UTC 2019 /home/travis/build/icyphy/ptII/ptolemy/domains/continuous/test/auto/InitialStateFeedback.xml
----------------- Instantiating /home/travis/build/icyphy/ptII/ptolemy/domains/continuous/test/auto/InitialStateFeedback.xml
4 ms. Memory: 430080K Free: 224681K (52%)
----------------- Invoking toplevel() on ptolemy.moml.MoMLSimpleApplication@5d27609c
----------------- Done invoking toplevel() on ptolemy.moml.MoMLSimpleApplication@5d27609c
reloadAllAccessors: .InitialStateFeedback

===========================================================================================
----------------- testing Wed Jul 10 00:48:42 UTC 2019 /home/travis/build/icyphy/ptII/ptolemy/domains/continuous/test/auto/Integration.xml
----------------- Instantiating /home/travis/build/icyphy/ptII/ptolemy/domains/continuous/test/auto/Integration.xml
1 ms. Memory: 430080K Free: 220585K (51%)
----------------- Invoking toplevel() on ptolemy.moml.MoMLSimpleApplication@3f9b9e8f
----------------- Done invoking toplevel() on ptolemy.moml.MoMLSimpleApplication@3f9b9e8f
reloadAllAccessors: .Integration

===========================================================================================
----------------- testing Wed Jul 10 00:48:42 UTC 2019 /home/travis/build/icyphy/ptII/ptolemy/domains/continuous/test/auto/Integration2.xml
----------------- Instantiating /home/travis/build/icyphy/ptII/ptolemy/domains/continuous/test/auto/Integration2.xml
90 ms. Memory: 430080K Free: 205739K (48%)
----------------- Invoking toplevel() on ptolemy.moml.MoMLSimpleApplication@177a099d
----------------- Done invoking toplevel() on ptolemy.moml.MoMLSimpleApplication@177a099d
reloadAllAccessors: .Integration2

===========================================================================================
----------------- testing Wed Jul 10 00:48:42 UTC 2019 /home/travis/build/icyphy/ptII/ptolemy/domains/continuous/test/auto/Integration3.xml
----------------- Instantiating /home/travis/build/icyphy/ptII/ptolemy/domains/continuous/test/auto/Integration3.xml
2 ms. Memory: 430080K Free: 201129K (47%)
----------------- Invoking toplevel() on ptolemy.moml.MoMLSimpleApplication@6844407f
----------------- Done invoking toplevel() on ptolemy.moml.MoMLSimpleApplication@6844407f
reloadAllAccessors: .Integration3

===========================================================================================
----------------- testing Wed Jul 10 00:48:42 UTC 2019 /home/travis/build/icyphy/ptII/ptolemy/domains/continuous/test/auto/Integration5.xml
----------------- Instantiating /home/travis/build/icyphy/ptII/ptolemy/domains/continuous/test/auto/Integration5.xml
4 ms. Memory: 430080K Free: 197033K (46%)
----------------- Invoking toplevel() on ptolemy.moml.MoMLSimpleApplication@1272e8ba
----------------- Done invoking toplevel() on ptolemy.moml.MoMLSimpleApplication@1272e8ba
reloadAllAccessors: .Integration5

===========================================================================================
----------------- testing Wed Jul 10 00:48:42 UTC 2019 /home/travis/build/icyphy/ptII/ptolemy/domains/continuous/test/auto/IntegratorImpulse.xml
----------------- Instantiating /home/travis/build/icyphy/ptII/ptolemy/domains/continuous/test/auto/IntegratorImpulse.xml
2 ms. Memory: 430080K Free: 192923K (45%)
----------------- Invoking toplevel() on ptolemy.moml.MoMLSimpleApplication@39988c0d
----------------- Done invoking toplevel() on ptolemy.moml.MoMLSimpleApplication@39988c0d
reloadAllAccessors: .IntegratorImpulse

===========================================================================================
----------------- testing Wed Jul 10 00:48:42 UTC 2019 /home/travis/build/icyphy/ptII/ptolemy/domains/continuous/test/auto/IntegratorImpulse2.xml
----------------- Instantiating /home/travis/build/icyphy/ptII/ptolemy/domains/continuous/test/auto/IntegratorImpulse2.xml
6 ms. Memory: 430080K Free: 188331K (44%)
----------------- Invoking toplevel() on ptolemy.moml.MoMLSimpleApplication@26e52a5
----------------- Done invoking toplevel() on ptolemy.moml.MoMLSimpleApplication@26e52a5
reloadAllAccessors: .IntegratorImpulse2

===========================================================================================
----------------- testing Wed Jul 10 00:48:42 UTC 2019 /home/travis/build/icyphy/ptII/ptolemy/domains/continuous/test/auto/LevelCrossing1.xml
----------------- Instantiating /home/travis/build/icyphy/ptII/ptolemy/domains/continuous/test/auto/LevelCrossing1.xml
2 ms. Memory: 430080K Free: 183211K (43%)
----------------- Invoking toplevel() on ptolemy.moml.MoMLSimpleApplication@1eaab5f9
----------------- Done invoking toplevel() on ptolemy.moml.MoMLSimpleApplication@1eaab5f9
reloadAllAccessors: .LevelCrossing1

===========================================================================================
----------------- testing Wed Jul 10 00:48:42 UTC 2019 /home/travis/build/icyphy/ptII/ptolemy/domains/continuous/test/auto/LevelCrossing2.xml
----------------- Instantiating /home/travis/build/icyphy/ptII/ptolemy/domains/continuous/test/auto/LevelCrossing2.xml
7 ms. Memory: 430080K Free: 178091K (41%)
----------------- Invoking toplevel() on ptolemy.moml.MoMLSimpleApplication@1e7af84e
----------------- Done invoking toplevel() on ptolemy.moml.MoMLSimpleApplication@1e7af84e
reloadAllAccessors: .LevelCrossing2

===========================================================================================
----------------- testing Wed Jul 10 00:48:42 UTC 2019 /home/travis/build/icyphy/ptII/ptolemy/domains/continuous/test/auto/LevelCrossing3.xml
----------------- Instantiating /home/travis/build/icyphy/ptII/ptolemy/domains/continuous/test/auto/LevelCrossing3.xml
3 ms. Memory: 430080K Free: 172971K (40%)
----------------- Invoking toplevel() on ptolemy.moml.MoMLSimpleApplication@4fcd8be6
----------------- Done invoking toplevel() on ptolemy.moml.MoMLSimpleApplication@4fcd8be6
reloadAllAccessors: .LevelCrossing3

===========================================================================================
----------------- testing Wed Jul 10 00:48:42 UTC 2019 /home/travis/build/icyphy/ptII/ptolemy/domains/continuous/test/auto/LevelCrossing4.xml
----------------- Instantiating /home/travis/build/icyphy/ptII/ptolemy/domains/continuous/test/auto/LevelCrossing4.xml
3 ms. Memory: 430080K Free: 167851K (39%)
----------------- Invoking toplevel() on ptolemy.moml.MoMLSimpleApplication@41e9ca74
----------------- Done invoking toplevel() on ptolemy.moml.MoMLSimpleApplication@41e9ca74
reloadAllAccessors: .LevelCrossing4

===========================================================================================
----------------- testing Wed Jul 10 00:48:42 UTC 2019 /home/travis/build/icyphy/ptII/ptolemy/domains/continuous/test/auto/LevelCrossing5.xml
----------------- Instantiating /home/travis/build/icyphy/ptII/ptolemy/domains/continuous/test/auto/LevelCrossing5.xml
4 ms. Memory: 430080K Free: 162731K (38%)
----------------- Invoking toplevel() on ptolemy.moml.MoMLSimpleApplication@76ed3bc2
----------------- Done invoking toplevel() on ptolemy.moml.MoMLSimpleApplication@76ed3bc2
reloadAllAccessors: .LevelCrossing5

===========================================================================================
[...]
reloadAllAccessors: .ResetTransitionWithStartTime6

===========================================================================================
----------------- testing Wed Jul 10 00:49:00 UTC 2019 /home/travis/build/icyphy/ptII/ptolemy/domains/continuous/test/auto/SRinContinuous.xml
----------------- Instantiating /home/travis/build/icyphy/ptII/ptolemy/domains/continuous/test/auto/SRinContinuous.xml
7 ms. Memory: 516096K Free: 302380K (59%)
----------------- Invoking toplevel() on ptolemy.moml.MoMLSimpleApplication@5aebe52e
----------------- Done invoking toplevel() on ptolemy.moml.MoMLSimpleApplication@5aebe52e
reloadAllAccessors: .SRinContinuous

===========================================================================================
----------------- testing Wed Jul 10 00:49:00 UTC 2019 /home/travis/build/icyphy/ptII/ptolemy/domains/continuous/test/auto/SampledClocks.xml
----------------- Instantiating /home/travis/build/icyphy/ptII/ptolemy/domains/continuous/test/auto/SampledClocks.xml
8 ms. Memory: 516096K Free: 290092K (56%)
----------------- Invoking toplevel() on ptolemy.moml.MoMLSimpleApplication@5c3238c3
----------------- Done invoking toplevel() on ptolemy.moml.MoMLSimpleApplication@5c3238c3
reloadAllAccessors: .SampledClocks

===========================================================================================
----------------- testing Wed Jul 10 00:49:00 UTC 2019 /home/travis/build/icyphy/ptII/ptolemy/domains/continuous/test/auto/Satellite.xml
----------------- Instantiating /home/travis/build/icyphy/ptII/ptolemy/domains/continuous/test/auto/Satellite.xml
950 ms. Memory: 516096K Free: 402454K (78%)
----------------- Invoking toplevel() on ptolemy.moml.MoMLSimpleApplication@2b091dbb
----------------- Done invoking toplevel() on ptolemy.moml.MoMLSimpleApplication@2b091dbb
reloadAllAccessors: .Satellite

===========================================================================================
----------------- testing Wed Jul 10 00:49:01 UTC 2019 /home/travis/build/icyphy/ptII/ptolemy/domains/continuous/test/auto/SigmaDelta.xml
----------------- Instantiating /home/travis/build/icyphy/ptII/ptolemy/domains/continuous/test/auto/SigmaDelta.xml
2303 ms. Memory: 516096K Free: 444621K (86%)
----------------- Invoking toplevel() on ptolemy.moml.MoMLSimpleApplication@71af3e73
----------------- Done invoking toplevel() on ptolemy.moml.MoMLSimpleApplication@71af3e73
reloadAllAccessors: .SigmaDelta

===========================================================================================
----------------- testing Wed Jul 10 00:49:04 UTC 2019 /home/travis/build/icyphy/ptII/ptolemy/domains/continuous/test/auto/SingleRefinement.xml
----------------- Instantiating /home/travis/build/icyphy/ptII/ptolemy/domains/continuous/test/auto/SingleRefinement.xml
468 ms. Memory: 516096K Free: 261835K (51%)
----------------- Invoking toplevel() on ptolemy.moml.MoMLSimpleApplication@2169ee9d
----------------- Done invoking toplevel() on ptolemy.moml.MoMLSimpleApplication@2169ee9d
reloadAllAccessors: .SingleRefinement

===========================================================================================
----------------- testing Wed Jul 10 00:49:04 UTC 2019 /home/travis/build/icyphy/ptII/ptolemy/domains/continuous/test/auto/SinuBouncingBall.xml
----------------- Instantiating /home/travis/build/icyphy/ptII/ptolemy/domains/continuous/test/auto/SinuBouncingBall.xml
814 ms. Memory: 516096K Free: 351432K (68%)
----------------- Invoking toplevel() on ptolemy.moml.MoMLSimpleApplication@3d8ca311
----------------- Done invoking toplevel() on ptolemy.moml.MoMLSimpleApplication@3d8ca311
reloadAllAccessors: .SinuBouncingBall

===========================================================================================
----------------- testing Wed Jul 10 00:49:05 UTC 2019 /home/travis/build/icyphy/ptII/ptolemy/domains/continuous/test/auto/Sinusoid.xml
----------------- Instantiating /home/travis/build/icyphy/ptII/ptolemy/domains/continuous/test/auto/Sinusoid.xml
5 ms. Memory: 516096K Free: 346808K (67%)
----------------- Invoking toplevel() on ptolemy.moml.MoMLSimpleApplication@ce81884
----------------- Done invoking toplevel() on ptolemy.moml.MoMLSimpleApplication@ce81884
reloadAllAccessors: .Sinusoid

===========================================================================================
----------------- testing Wed Jul 10 00:49:05 UTC 2019 /home/travis/build/icyphy/ptII/ptolemy/domains/continuous/test/auto/SinusoidInNoise.xml
----------------- Instantiating /home/travis/build/icyphy/ptII/ptolemy/domains/continuous/test/auto/SinusoidInNoise.xml
1038 ms. Memory: 516096K Free: 207048K (40%)
----------------- Invoking toplevel() on ptolemy.moml.MoMLSimpleApplication@580bcdf0
----------------- Done invoking toplevel() on ptolemy.moml.MoMLSimpleApplication@580bcdf0
reloadAllAccessors: .SinusoidInNoise

===========================================================================================
----------------- testing Wed Jul 10 00:49:06 UTC 2019 /home/travis/build/icyphy/ptII/ptolemy/domains/continuous/test/auto/SinusoidRK45.xml
----------------- Instantiating /home/travis/build/icyphy/ptII/ptolemy/domains/continuous/test/auto/SinusoidRK45.xml
3 ms. Memory: 516096K Free: 202952K (39%)
----------------- Invoking toplevel() on ptolemy.moml.MoMLSimpleApplication@246131f1
----------------- Done invoking toplevel() on ptolemy.moml.MoMLSimpleApplication@246131f1
reloadAllAccessors: .SinusoidRK45

===========================================================================================
----------------- testing Wed Jul 10 00:49:06 UTC 2019 /home/travis/build/icyphy/ptII/ptolemy/domains/continuous/test/auto/SinusoidWithMultipleImpulses.xml
----------------- Instantiating /home/travis/build/icyphy/ptII/ptolemy/domains/continuous/test/auto/SinusoidWithMultipleImpulses.xml
4 ms. Memory: 516096K Free: 198342K (38%)
----------------- Invoking toplevel() on ptolemy.moml.MoMLSimpleApplication@7e91be8
----------------- Done invoking toplevel() on ptolemy.moml.MoMLSimpleApplication@7e91be8
reloadAllAccessors: .SinusoidWithMultipleImpulses

===========================================================================================
----------------- testing Wed Jul 10 00:49:06 UTC 2019 /home/travis/build/icyphy/ptII/ptolemy/domains/continuous/test/auto/SquareWave.xml
----------------- Instantiating /home/travis/build/icyphy/ptII/ptolemy/domains/continuous/test/auto/SquareWave.xml
180 ms. Memory: 516096K Free: 479535K (93%)
----------------- Invoking toplevel() on ptolemy.moml.MoMLSimpleApplication@4819eb87
----------------- Done invoking toplevel() on ptolemy.moml.MoMLSimpleApplication@4819eb87
reloadAllAccessors: .SquareWave

===========================================================================================
----------------- testing Wed Jul 10 00:49:07 UTC 2019 /home/travis/build/icyphy/ptII/ptolemy/domains/continuous/test/auto/Starmac.xml
----------------- Instantiating /home/travis/build/icyphy/ptII/ptolemy/domains/continuous/test/auto/Starmac.xml
3053 ms. Memory: 516096K Free: 473427K (92%)
----------------- Invoking toplevel() on ptolemy.moml.MoMLSimpleApplication@220d2d45
----------------- Done invoking toplevel() on ptolemy.moml.MoMLSimpleApplication@220d2d45
reloadAllAccessors: .Starmac

===========================================================================================
----------------- testing Wed Jul 10 00:49:10 UTC 2019 /home/travis/build/icyphy/ptII/ptolemy/domains/continuous/test/auto/StaticUnits.xml
----------------- Instantiating /home/travis/build/icyphy/ptII/ptolemy/domains/continuous/test/auto/StaticUnits.xml
2133 ms. Memory: 516096K Free: 324806K (63%)
----------------- Invoking toplevel() on ptolemy.moml.MoMLSimpleApplication@5f8f3adb
----------------- Done invoking toplevel() on ptolemy.moml.MoMLSimpleApplication@5f8f3adb
reloadAllAccessors: .StaticUnits

===========================================================================================
----------------- testing Wed Jul 10 00:49:13 UTC 2019 /home/travis/build/icyphy/ptII/ptolemy/domains/continuous/test/auto/StickyMasses.xml
----------------- Instantiating /home/travis/build/icyphy/ptII/ptolemy/domains/continuous/test/auto/StickyMasses.xml
153 ms. Memory: 516096K Free: 275140K (53%)
----------------- Invoking toplevel() on ptolemy.moml.MoMLSimpleApplication@4f18f49f
----------------- Done invoking toplevel() on ptolemy.moml.MoMLSimpleApplication@4f18f49f
reloadAllAccessors: .StickyMasses

===========================================================================================
----------------- testing Wed Jul 10 00:49:13 UTC 2019 /home/travis/build/icyphy/ptII/ptolemy/domains/continuous/test/auto/StopTime.xml
----------------- Instantiating /home/travis/build/icyphy/ptII/ptolemy/domains/continuous/test/auto/StopTime.xml
44 ms. Memory: 516096K Free: 250054K (48%)
----------------- Invoking toplevel() on ptolemy.moml.MoMLSimpleApplication@351f7c49
----------------- Done invoking toplevel() on ptolemy.moml.MoMLSimpleApplication@351f7c49
reloadAllAccessors: .StopTime

===========================================================================================
----------------- testing Wed Jul 10 00:49:13 UTC 2019 /home/travis/build/icyphy/ptII/ptolemy/domains/continuous/test/auto/StopTime2.xml
----------------- Instantiating /home/travis/build/icyphy/ptII/ptolemy/domains/continuous/test/auto/StopTime2.xml
36 ms. Memory: 516096K Free: 228036K (44%)
----------------- Invoking toplevel() on ptolemy.moml.MoMLSimpleApplication@39d52af6
----------------- Done invoking toplevel() on ptolemy.moml.MoMLSimpleApplication@39d52af6
reloadAllAccessors: .StopTime2

===========================================================================================
----------------- testing Wed Jul 10 00:49:13 UTC 2019 /home/travis/build/icyphy/ptII/ptolemy/domains/continuous/test/auto/Switch.xml
----------------- Instantiating /home/travis/build/icyphy/ptII/ptolemy/domains/continuous/test/auto/Switch.xml
46 ms. Memory: 516096K Free: 202950K (39%)
----------------- Invoking toplevel() on ptolemy.moml.MoMLSimpleApplication@ec1b9af
----------------- Done invoking toplevel() on ptolemy.moml.MoMLSimpleApplication@ec1b9af
reloadAllAccessors: .Switch

===========================================================================================
----------------- testing Wed Jul 10 00:49:13 UTC 2019 /home/travis/build/icyphy/ptII/ptolemy/domains/continuous/test/auto/Thermostat.xml
----------------- Instantiating /home/travis/build/icyphy/ptII/ptolemy/domains/continuous/test/auto/Thermostat.xml
197 ms. Memory: 516096K Free: 434612K (84%)
----------------- Invoking toplevel() on ptolemy.moml.MoMLSimpleApplication@6b278729
----------------- Done invoking toplevel() on ptolemy.moml.MoMLSimpleApplication@6b278729
reloadAllAccessors: .Thermostat

===========================================================================================
----------------- testing Wed Jul 10 00:49:13 UTC 2019 /home/travis/build/icyphy/ptII/ptolemy/domains/continuous/test/auto/TimeDelay.xml
----------------- Instantiating /home/travis/build/icyphy/ptII/ptolemy/domains/continuous/test/auto/TimeDelay.xml
5 ms. Memory: 516096K Free: 429237K (83%)
----------------- Invoking toplevel() on ptolemy.moml.MoMLSimpleApplication@5339bdb8
----------------- Done invoking toplevel() on ptolemy.moml.MoMLSimpleApplication@5339bdb8
reloadAllAccessors: .TimeDelay

===========================================================================================
----------------- testing Wed Jul 10 00:49:13 UTC 2019 /home/travis/build/icyphy/ptII/ptolemy/domains/continuous/test/auto/TimeDelay2.xml
----------------- Instantiating /home/travis/build/icyphy/ptII/ptolemy/domains/continuous/test/auto/TimeDelay2.xml
7 ms. Memory: 516096K Free: 419003K (81%)
----------------- Invoking toplevel() on ptolemy.moml.MoMLSimpleApplication@39bedfb3
----------------- Done invoking toplevel() on ptolemy.moml.MoMLSimpleApplication@39bedfb3
reloadAllAccessors: .TimeDelay2

===========================================================================================
----------------- testing Wed Jul 10 00:49:13 UTC 2019 /home/travis/build/icyphy/ptII/ptolemy/domains/continuous/test/auto/TimeDelay3.xml
----------------- Instantiating /home/travis/build/icyphy/ptII/ptolemy/domains/continuous/test/auto/TimeDelay3.xml
2 ms. Memory: 516096K Free: 414397K (80%)
----------------- Invoking toplevel() on ptolemy.moml.MoMLSimpleApplication@6abf1ab3
----------------- Done invoking toplevel() on ptolemy.moml.MoMLSimpleApplication@6abf1ab3
reloadAllAccessors: .TimeDelay3

===========================================================================================
----------------- testing Wed Jul 10 00:49:13 UTC 2019 /home/travis/build/icyphy/ptII/ptolemy/domains/continuous/test/auto/TransferAbsentToInside.xml
----------------- Instantiating /home/travis/build/icyphy/ptII/ptolemy/domains/continuous/test/auto/TransferAbsentToInside.xml
69 ms. Memory: 516096K Free: 361149K (70%)
----------------- Invoking toplevel() on ptolemy.moml.MoMLSimpleApplication@5dadcba2
----------------- Done invoking toplevel() on ptolemy.moml.MoMLSimpleApplication@5dadcba2
reloadAllAccessors: .TransferAbsentToInside

===========================================================================================
----------------- testing Wed Jul 10 00:49:13 UTC 2019 /home/travis/build/icyphy/ptII/ptolemy/domains/continuous/test/auto/Transmission.xml
----------------- Instantiating /home/travis/build/icyphy/ptII/ptolemy/domains/continuous/test/auto/Transmission.xml
811 ms. Memory: 516096K Free: 429243K (83%)
----------------- Invoking toplevel() on ptolemy.moml.MoMLSimpleApplication@f246abb
----------------- Done invoking toplevel() on ptolemy.moml.MoMLSimpleApplication@f246abb
reloadAllAccessors: .Transmission

===========================================================================================
----------------- testing Wed Jul 10 00:49:14 UTC 2019 /home/travis/build/icyphy/ptII/ptolemy/domains/continuous/test/auto/TriggeredContinuousClock.xml
----------------- Instantiating /home/travis/build/icyphy/ptII/ptolemy/domains/continuous/test/auto/TriggeredContinuousClock.xml
35 ms. Memory: 516096K Free: 400057K (78%)
----------------- Invoking toplevel() on ptolemy.moml.MoMLSimpleApplication@2fed539e
----------------- Done invoking toplevel() on ptolemy.moml.MoMLSimpleApplication@2fed539e
reloadAllAccessors: .TriggeredContinuousClock

===========================================================================================
----------------- testing Wed Jul 10 00:49:14 UTC 2019 /home/travis/build/icyphy/ptII/ptolemy/domains/continuous/test/auto/TwoMachineInfiniteBusControl.xml
----------------- Instantiating /home/travis/build/icyphy/ptII/ptolemy/domains/continuous/test/auto/TwoMachineInfiniteBusControl.xml
2678 ms. Memory: 516096K Free: 422567K (82%)
----------------- Invoking toplevel() on ptolemy.moml.MoMLSimpleApplication@1b9e12e6
----------------- Done invoking toplevel() on ptolemy.moml.MoMLSimpleApplication@1b9e12e6
reloadAllAccessors: .TwoMachineInfiniteBusControl

===========================================================================================
----------------- testing Wed Jul 10 00:49:17 UTC 2019 /home/travis/build/icyphy/ptII/ptolemy/domains/continuous/test/auto/V2V.xml
----------------- Instantiating /home/travis/build/icyphy/ptII/ptolemy/domains/continuous/test/auto/V2V.xml
811 ms. Memory: 516096K Free: 232110K (45%)
----------------- Invoking toplevel() on ptolemy.moml.MoMLSimpleApplication@ebdef62
----------------- Done invoking toplevel() on ptolemy.moml.MoMLSimpleApplication@ebdef62
reloadAllAccessors: .V2V

===========================================================================================
----------------- testing Wed Jul 10 00:49:18 UTC 2019 /home/travis/build/icyphy/ptII/ptolemy/domains/continuous/test/auto/hierarchicalModalModel.xml
----------------- Instantiating /home/travis/build/icyphy/ptII/ptolemy/domains/continuous/test/auto/hierarchicalModalModel.xml
7 ms. Memory: 516096K Free: 218288K (42%)
----------------- Invoking toplevel() on ptolemy.moml.MoMLSimpleApplication@37496b23
----------------- Done invoking toplevel() on ptolemy.moml.MoMLSimpleApplication@37496b23
reloadAllAccessors: .hierarchicalModalModel

===========================================================================================
----------------- testing Wed Jul 10 00:49:18 UTC 2019 /home/travis/build/icyphy/ptII/ptolemy/domains/continuous/test/auto/hierarchicalModalModel1.xml
----------------- Instantiating /home/travis/build/icyphy/ptII/ptolemy/domains/continuous/test/auto/hierarchicalModalModel1.xml
9 ms. Memory: 516096K Free: 203952K (40%)
----------------- Invoking toplevel() on ptolemy.moml.MoMLSimpleApplication@5bd6e867
----------------- Done invoking toplevel() on ptolemy.moml.MoMLSimpleApplication@5bd6e867
reloadAllAccessors: .hierarchicalModalModel1

===========================================================================================
----------------- testing Wed Jul 10 00:49:18 UTC 2019 /home/travis/build/icyphy/ptII/ptolemy/domains/continuous/test/auto/hierarchicalModalModel2.xml
----------------- Instantiating /home/travis/build/icyphy/ptII/ptolemy/domains/continuous/test/auto/hierarchicalModalModel2.xml
34 ms. Memory: 516096K Free: 494765K (96%)
----------------- Invoking toplevel() on ptolemy.moml.MoMLSimpleApplication@633f593b
----------------- Done invoking toplevel() on ptolemy.moml.MoMLSimpleApplication@633f593b
reloadAllAccessors: .hierarchicalModalModel2

===========================================================================================
----------------- testing Wed Jul 10 00:49:18 UTC 2019 /home/travis/build/icyphy/ptII/ptolemy/domains/continuous/test/auto/hierarchicalModalModel3.xml
----------------- Instantiating /home/travis/build/icyphy/ptII/ptolemy/domains/continuous/test/auto/hierarchicalModalModel3.xml
6 ms. Memory: 516096K Free: 483501K (94%)
----------------- Invoking toplevel() on ptolemy.moml.MoMLSimpleApplication@58468624
----------------- Done invoking toplevel() on ptolemy.moml.MoMLSimpleApplication@58468624
reloadAllAccessors: .hierarchicalModalModel3

===========================================================================================
----------------- testing Wed Jul 10 00:49:18 UTC 2019 /home/travis/build/icyphy/ptII/ptolemy/domains/continuous/test/auto/hierarchicalModalModel4.xml
----------------- Instantiating /home/travis/build/icyphy/ptII/ptolemy/domains/continuous/test/auto/hierarchicalModalModel4.xml
5 ms. Memory: 516096K Free: 471723K (91%)
----------------- Invoking toplevel() on ptolemy.moml.MoMLSimpleApplication@2d292b92
----------------- Done invoking toplevel() on ptolemy.moml.MoMLSimpleApplication@2d292b92
reloadAllAccessors: .hierarchicalModalModel4

===========================================================================================
----------------- testing Wed Jul 10 00:49:18 UTC 2019 /home/travis/build/icyphy/ptII/ptolemy/domains/continuous/test/auto/junk.xml
----------------- Instantiating /home/travis/build/icyphy/ptII/ptolemy/domains/continuous/test/auto/junk.xml
145 ms. Memory: 516096K Free: 443051K (86%)
----------------- Invoking toplevel() on ptolemy.moml.MoMLSimpleApplication@5a5e39a1
----------------- Done invoking toplevel() on ptolemy.moml.MoMLSimpleApplication@5a5e39a1
reloadAllAccessors: .junk
AutoTests.java: About to close Vertx.
AutoTests.java: Vertx closed.
]]></system-out>
  <system-err><![CDATA[Warning: '.HysteresisWithRandomDelay.NonStrictTest3' The test produced only 28 tokens, yet the correctValues parameter was expecting 30 tokens.
Warning: '.Poisson.NonStrictTest' The test produced only 390 tokens, yet the correctValues parameter was expecting 430 tokens.
]]></system-err>
</testsuite>
