<?xml version="1.0" encoding="UTF-8" ?>
<testsuite errors="0" failures="0" hostname="travis-job-18d9b5d4-0689-496d-ab81-5c0d0d243afd" name="ptolemy.domains.de.test.junit.JUnitTclTest" skipped="0" tests="101" time="131.153" timestamp="2019-06-24T01:50:56">
  <properties>
[...]
</properties>
  <testcase classname="ptolemy.util.test.junit.TclTests" name="[0] /home/travis/build/icyphy/ptII/ptolemy/domains/de/test/DependencyLoop.tcl (RunTclFile)" time="0.972" />
  <testcase classname="ptolemy.util.test.junit.TclTests" name="[1] /home/travis/build/icyphy/ptII/ptolemy/domains/de/test/RunDETestsAsQSS.tcl (RunTclFile)" time="88.283" />
  <testcase classname="ptolemy.util.test.junit.AutoKnownFailedTests" name="[0] /home/travis/build/icyphy/ptII/ptolemy/domains/de/test/auto/knownFailedTests/DESDFClockTest.xml (RunModel)" time="2.035" />
  <testcase classname="ptolemy.util.test.junit.AutoKnownFailedTests" name="[1] /home/travis/build/icyphy/ptII/ptolemy/domains/de/test/auto/knownFailedTests/DirectFeedback.xml (RunModel)" time="0.016" />
  <testcase classname="ptolemy.util.test.junit.AutoKnownFailedTests" name="[2] /home/travis/build/icyphy/ptII/ptolemy/domains/de/test/auto/knownFailedTests/FSMSource.xml (RunModel)" time="0.03" />
  <testcase classname="ptolemy.util.test.junit.AutoKnownFailedTests" name="[3] /home/travis/build/icyphy/ptII/ptolemy/domains/de/test/auto/knownFailedTests/HierarchicalModel.xml (RunModel)" time="0.063" />
  <testcase classname="ptolemy.util.test.junit.AutoKnownFailedTests" name="[4] /home/travis/build/icyphy/ptII/ptolemy/domains/de/test/auto/knownFailedTests/dependencyLoop.xml (RunModel)" time="0.045" />
  <testcase classname="ptolemy.util.test.junit.AutoKnownFailedTests" name="[5] /home/travis/build/icyphy/ptII/ptolemy/domains/de/test/auto/knownFailedTests/dependencyLoop2.xml (RunModel)" time="0.049" />
  <testcase classname="ptolemy.util.test.junit.AutoNameArchTests" name="[0] ThereAreNoAutoArchTests (RunModel)" time="0.001" />
  <testcase classname="ptolemy.util.test.junit.AutoTests" name="[0] /home/travis/build/icyphy/ptII/ptolemy/domains/de/test/auto/ActorDepthCalculation_actorWithoutPorts.xml (RunModel)" time="0.019" />
  <testcase classname="ptolemy.util.test.junit.AutoTests" name="[1] /home/travis/build/icyphy/ptII/ptolemy/domains/de/test/auto/AssemblyLine.xml (RunModel)" time="0.029" />
  <testcase classname="ptolemy.util.test.junit.AutoTests" name="[2] /home/travis/build/icyphy/ptII/ptolemy/domains/de/test/auto/CQBug1.xml (RunModel)" time="0.014" />
  <testcase classname="ptolemy.util.test.junit.AutoTests" name="[3] /home/travis/build/icyphy/ptII/ptolemy/domains/de/test/auto/CancelFireAt.xml (RunModel)" time="0.008" />
  <testcase classname="ptolemy.util.test.junit.AutoTests" name="[4] /home/travis/build/icyphy/ptII/ptolemy/domains/de/test/auto/CausalityAndComposabilityAnalysis.xml (RunModel)" time="0.013" />
  <testcase classname="ptolemy.util.test.junit.AutoTests" name="[5] /home/travis/build/icyphy/ptII/ptolemy/domains/de/test/auto/CausalityInterface1.xml (RunModel)" time="0.017" />
  <testcase classname="ptolemy.util.test.junit.AutoTests" name="[6] /home/travis/build/icyphy/ptII/ptolemy/domains/de/test/auto/CausalityInterface15.xml (RunModel)" time="0.016" />
  <testcase classname="ptolemy.util.test.junit.AutoTests" name="[7] /home/travis/build/icyphy/ptII/ptolemy/domains/de/test/auto/CausalityInterface2.xml (RunModel)" time="0.011" />
  <testcase classname="ptolemy.util.test.junit.AutoTests" name="[8] /home/travis/build/icyphy/ptII/ptolemy/domains/de/test/auto/CausalityInterface3.xml (RunModel)" time="0.012" />
  <testcase classname="ptolemy.util.test.junit.AutoTests" name="[9] /home/travis/build/icyphy/ptII/ptolemy/domains/de/test/auto/ClockDrift.xml (RunModel)" time="0.023" />
  <testcase classname="ptolemy.util.test.junit.AutoTests" name="[10] /home/travis/build/icyphy/ptII/ptolemy/domains/de/test/auto/ClockDriftAndValueChange.xml (RunModel)" time="0.023" />
  <testcase classname="ptolemy.util.test.junit.AutoTests" name="[11] /home/travis/build/icyphy/ptII/ptolemy/domains/de/test/auto/ClockDriftChange.xml (RunModel)" time="0.019" />
  <testcase classname="ptolemy.util.test.junit.AutoTests" name="[12] /home/travis/build/icyphy/ptII/ptolemy/domains/de/test/auto/ComposableCausalityAnalysis.xml (RunModel)" time="0.014" />
  <testcase classname="ptolemy.util.test.junit.AutoTests" name="[13] /home/travis/build/icyphy/ptII/ptolemy/domains/de/test/auto/DEFixedPointLimitation.xml (RunModel)" time="0.007" />
  <testcase classname="ptolemy.util.test.junit.AutoTests" name="[14] /home/travis/build/icyphy/ptII/ptolemy/domains/de/test/auto/DEScheduleTest.xml (RunModel)" time="0.009" />
  <testcase classname="ptolemy.util.test.junit.AutoTests" name="[15] /home/travis/build/icyphy/ptII/ptolemy/domains/de/test/auto/DEinDEwithStartTimes.xml (RunModel)" time="0.017" />
  <testcase classname="ptolemy.util.test.junit.AutoTests" name="[16] /home/travis/build/icyphy/ptII/ptolemy/domains/de/test/auto/DEinDEwithStartTimes2.xml (RunModel)" time="0.01" />
  <testcase classname="ptolemy.util.test.junit.AutoTests" name="[17] /home/travis/build/icyphy/ptII/ptolemy/domains/de/test/auto/DateDemo.xml (RunModel)" time="0.023" />
  <testcase classname="ptolemy.util.test.junit.AutoTests" name="[18] /home/travis/build/icyphy/ptII/ptolemy/domains/de/test/auto/DateToEvent.xml (RunModel)" time="2.033" />
  <testcase classname="ptolemy.util.test.junit.AutoTests" name="[19] /home/travis/build/icyphy/ptII/ptolemy/domains/de/test/auto/DepthTest1.xml (RunModel)" time="0.007" />
  <testcase classname="ptolemy.util.test.junit.AutoTests" name="[20] /home/travis/build/icyphy/ptII/ptolemy/domains/de/test/auto/DepthTest2.xml (RunModel)" time="0.016" />
  <testcase classname="ptolemy.util.test.junit.AutoTests" name="[21] /home/travis/build/icyphy/ptII/ptolemy/domains/de/test/auto/DepthTest3.xml (RunModel)" time="0.005" />
  <testcase classname="ptolemy.util.test.junit.AutoTests" name="[22] /home/travis/build/icyphy/ptII/ptolemy/domains/de/test/auto/DepthTest4.xml (RunModel)" time="0.023" />
  <testcase classname="ptolemy.util.test.junit.AutoTests" name="[23] /home/travis/build/icyphy/ptII/ptolemy/domains/de/test/auto/DepthTest5.xml (RunModel)" time="0.013" />
  <testcase classname="ptolemy.util.test.junit.AutoTests" name="[24] /home/travis/build/icyphy/ptII/ptolemy/domains/de/test/auto/DepthTest6.xml (RunModel)" time="0.019" />
  <testcase classname="ptolemy.util.test.junit.AutoTests" name="[25] /home/travis/build/icyphy/ptII/ptolemy/domains/de/test/auto/DepthTest7.xml (RunModel)" time="0.011" />
  <testcase classname="ptolemy.util.test.junit.AutoTests" name="[26] /home/travis/build/icyphy/ptII/ptolemy/domains/de/test/auto/EventToDate.xml (RunModel)" time="3.034" />
  <testcase classname="ptolemy.util.test.junit.AutoTests" name="[27] /home/travis/build/icyphy/ptII/ptolemy/domains/de/test/auto/FSM1.xml (RunModel)" time="0.054" />
  <testcase classname="ptolemy.util.test.junit.AutoTests" name="[28] /home/travis/build/icyphy/ptII/ptolemy/domains/de/test/auto/FSM7.xml (RunModel)" time="0.041" />
  <testcase classname="ptolemy.util.test.junit.AutoTests" name="[29] /home/travis/build/icyphy/ptII/ptolemy/domains/de/test/auto/Inspection.xml (RunModel)" time="0.04" />
  <testcase classname="ptolemy.util.test.junit.AutoTests" name="[30] /home/travis/build/icyphy/ptII/ptolemy/domains/de/test/auto/Iteration.xml (RunModel)" time="0.026" />
  <testcase classname="ptolemy.util.test.junit.AutoTests" name="[31] /home/travis/build/icyphy/ptII/ptolemy/domains/de/test/auto/LineFault.xml (RunModel)" time="0.544" />
  <testcase classname="ptolemy.util.test.junit.AutoTests" name="[32] /home/travis/build/icyphy/ptII/ptolemy/domains/de/test/auto/MergeModel1Add.xml (RunModel)" time="0.048" />
  <testcase classname="ptolemy.util.test.junit.AutoTests" name="[33] /home/travis/build/icyphy/ptII/ptolemy/domains/de/test/auto/MergeModel2Add.xml (RunModel)" time="0.038" />
  <testcase classname="ptolemy.util.test.junit.AutoTests" name="[34] /home/travis/build/icyphy/ptII/ptolemy/domains/de/test/auto/MergeModel3Add.xml (RunModel)" time="0.052" />
  <testcase classname="ptolemy.util.test.junit.AutoTests" name="[35] /home/travis/build/icyphy/ptII/ptolemy/domains/de/test/auto/MergeWithoutDiscard.xml (RunModel)" time="0.011" />
  <testcase classname="ptolemy.util.test.junit.AutoTests" name="[36] /home/travis/build/icyphy/ptII/ptolemy/domains/de/test/auto/Modal1.xml (RunModel)" time="0.026" />
  <testcase classname="ptolemy.util.test.junit.AutoTests" name="[37] /home/travis/build/icyphy/ptII/ptolemy/domains/de/test/auto/Modal2.xml (RunModel)" time="0.029" />
  <testcase classname="ptolemy.util.test.junit.AutoTests" name="[38] /home/travis/build/icyphy/ptII/ptolemy/domains/de/test/auto/Modal3.xml (RunModel)" time="0.029" />
  <testcase classname="ptolemy.util.test.junit.AutoTests" name="[39] /home/travis/build/icyphy/ptII/ptolemy/domains/de/test/auto/Modal4.xml (RunModel)" time="0.036" />
  <testcase classname="ptolemy.util.test.junit.AutoTests" name="[40] /home/travis/build/icyphy/ptII/ptolemy/domains/de/test/auto/Modal5.xml (RunModel)" time="0.033" />
  <testcase classname="ptolemy.util.test.junit.AutoTests" name="[41] /home/travis/build/icyphy/ptII/ptolemy/domains/de/test/auto/Modal6.xml (RunModel)" time="0.045" />
  <testcase classname="ptolemy.util.test.junit.AutoTests" name="[42] /home/travis/build/icyphy/ptII/ptolemy/domains/de/test/auto/Modal7.xml (RunModel)" time="0.027" />
  <testcase classname="ptolemy.util.test.junit.AutoTests" name="[43] /home/travis/build/icyphy/ptII/ptolemy/domains/de/test/auto/ModalModel.xml (RunModel)" time="0.186" />
  <testcase classname="ptolemy.util.test.junit.AutoTests" name="[44] /home/travis/build/icyphy/ptII/ptolemy/domains/de/test/auto/ModalSource.xml (RunModel)" time="0.021" />
  <testcase classname="ptolemy.util.test.junit.AutoTests" name="[45] /home/travis/build/icyphy/ptII/ptolemy/domains/de/test/auto/NonInterruptibleTimerZeroDelay.xml (RunModel)" time="0.012" />
  <testcase classname="ptolemy.util.test.junit.AutoTests" name="[46] /home/travis/build/icyphy/ptII/ptolemy/domains/de/test/auto/OpenQueueingNetwork.xml (RunModel)" time="2.405" />
  <testcase classname="ptolemy.util.test.junit.AutoTests" name="[47] /home/travis/build/icyphy/ptII/ptolemy/domains/de/test/auto/OpenQueuingNetwork.xml (RunModel)" time="0.313" />
  <testcase classname="ptolemy.util.test.junit.AutoTests" name="[48] /home/travis/build/icyphy/ptII/ptolemy/domains/de/test/auto/PeriodicSampler.xml (RunModel)" time="0.01" />
  <testcase classname="ptolemy.util.test.junit.AutoTests" name="[49] /home/travis/build/icyphy/ptII/ptolemy/domains/de/test/auto/PersistentIO.xml (RunModel)" time="0.023" />
  <testcase classname="ptolemy.util.test.junit.AutoTests" name="[50] /home/travis/build/icyphy/ptII/ptolemy/domains/de/test/auto/PortParameterResetOnInitialize.xml (RunModel)" time="0.012" />
  <testcase classname="ptolemy.util.test.junit.AutoTests" name="[51] /home/travis/build/icyphy/ptII/ptolemy/domains/de/test/auto/PortParameterUpdates.xml (RunModel)" time="0.013" />
  <testcase classname="ptolemy.util.test.junit.AutoTests" name="[52] /home/travis/build/icyphy/ptII/ptolemy/domains/de/test/auto/QueueAndServer.xml (RunModel)" time="0.021" />
  <testcase classname="ptolemy.util.test.junit.AutoTests" name="[53] /home/travis/build/icyphy/ptII/ptolemy/domains/de/test/auto/Records.xml (RunModel)" time="0.015" />
  <testcase classname="ptolemy.util.test.junit.AutoTests" name="[54] /home/travis/build/icyphy/ptII/ptolemy/domains/de/test/auto/ResetTransitionWithStartTime1.xml (RunModel)" time="0.022" />
  <testcase classname="ptolemy.util.test.junit.AutoTests" name="[55] /home/travis/build/icyphy/ptII/ptolemy/domains/de/test/auto/ResetTransitionWithStartTime2.xml (RunModel)" time="0.019" />
  <testcase classname="ptolemy.util.test.junit.AutoTests" name="[56] /home/travis/build/icyphy/ptII/ptolemy/domains/de/test/auto/ResetTransitionWithStartTime3.xml (RunModel)" time="0.021" />
  <testcase classname="ptolemy.util.test.junit.AutoTests" name="[57] /home/travis/build/icyphy/ptII/ptolemy/domains/de/test/auto/ResetTransitionWithStartTime4.xml (RunModel)" time="0.017" />
  <testcase classname="ptolemy.util.test.junit.AutoTests" name="[58] /home/travis/build/icyphy/ptII/ptolemy/domains/de/test/auto/ResettableTimer1.xml (RunModel)" time="0.012" />
  <testcase classname="ptolemy.util.test.junit.AutoTests" name="[59] /home/travis/build/icyphy/ptII/ptolemy/domains/de/test/auto/ResettableTimer2.xml (RunModel)" time="0.009" />
  <testcase classname="ptolemy.util.test.junit.AutoTests" name="[60] /home/travis/build/icyphy/ptII/ptolemy/domains/de/test/auto/ResettableTimer3.xml (RunModel)" time="0.008" />
  <testcase classname="ptolemy.util.test.junit.AutoTests" name="[61] /home/travis/build/icyphy/ptII/ptolemy/domains/de/test/auto/ResettableTimer4.xml (RunModel)" time="0.009" />
  <testcase classname="ptolemy.util.test.junit.AutoTests" name="[62] /home/travis/build/icyphy/ptII/ptolemy/domains/de/test/auto/ResettableTimer5.xml (RunModel)" time="0.015" />
  <testcase classname="ptolemy.util.test.junit.AutoTests" name="[63] /home/travis/build/icyphy/ptII/ptolemy/domains/de/test/auto/ResettableTimer6.xml (RunModel)" time="0.021" />
  <testcase classname="ptolemy.util.test.junit.AutoTests" name="[64] /home/travis/build/icyphy/ptII/ptolemy/domains/de/test/auto/ServerZeroDelay.xml (RunModel)" time="0.013" />
  <testcase classname="ptolemy.util.test.junit.AutoTests" name="[65] /home/travis/build/icyphy/ptII/ptolemy/domains/de/test/auto/SmartSender.xml (RunModel)" time="3.01" />
  <testcase classname="ptolemy.util.test.junit.AutoTests" name="[66] /home/travis/build/icyphy/ptII/ptolemy/domains/de/test/auto/ThreadedComposite.xml (RunModel)" time="0.124" />
  <testcase classname="ptolemy.util.test.junit.AutoTests" name="[67] /home/travis/build/icyphy/ptII/ptolemy/domains/de/test/auto/Time.xml (RunModel)" time="0.47" />
  <testcase classname="ptolemy.util.test.junit.AutoTests" name="[68] /home/travis/build/icyphy/ptII/ptolemy/domains/de/test/auto/TimeDelayZeroDelay.xml (RunModel)" time="0.012" />
  <testcase classname="ptolemy.util.test.junit.AutoTests" name="[69] /home/travis/build/icyphy/ptII/ptolemy/domains/de/test/auto/TimerZeroDelay.xml (RunModel)" time="0.009" />
  <testcase classname="ptolemy.util.test.junit.AutoTests" name="[70] /home/travis/build/icyphy/ptII/ptolemy/domains/de/test/auto/TimingParadox.xml (RunModel)" time="0.363" />
  <testcase classname="ptolemy.util.test.junit.AutoTests" name="[71] /home/travis/build/icyphy/ptII/ptolemy/domains/de/test/auto/TransferInputs.xml (RunModel)" time="0.014" />
  <testcase classname="ptolemy.util.test.junit.AutoTests" name="[72] /home/travis/build/icyphy/ptII/ptolemy/domains/de/test/auto/TransferOutputs2.xml (RunModel)" time="0.017" />
  <testcase classname="ptolemy.util.test.junit.AutoTests" name="[73] /home/travis/build/icyphy/ptII/ptolemy/domains/de/test/auto/Trilateration.xml (RunModel)" time="13.02" />
  <testcase classname="ptolemy.util.test.junit.AutoTests" name="[74] /home/travis/build/icyphy/ptII/ptolemy/domains/de/test/auto/TwoSigmaDelta.xml (RunModel)" time="2.281" />
  <testcase classname="ptolemy.util.test.junit.AutoTests" name="[75] /home/travis/build/icyphy/ptII/ptolemy/domains/de/test/auto/VariableDelay.xml (RunModel)" time="0.013" />
  <testcase classname="ptolemy.util.test.junit.AutoTests" name="[76] /home/travis/build/icyphy/ptII/ptolemy/domains/de/test/auto/VariableDelay2.xml (RunModel)" time="0.015" />
  <testcase classname="ptolemy.util.test.junit.AutoTests" name="[77] /home/travis/build/icyphy/ptII/ptolemy/domains/de/test/auto/VariableDelayZeroDelay.xml (RunModel)" time="0.015" />
  <testcase classname="ptolemy.util.test.junit.AutoTests" name="[78] /home/travis/build/icyphy/ptII/ptolemy/domains/de/test/auto/VariableDelayZeroDelay2.xml (RunModel)" time="0.009" />
  <testcase classname="ptolemy.util.test.junit.AutoTests" name="[79] /home/travis/build/icyphy/ptII/ptolemy/domains/de/test/auto/deInCt.xml (RunModel)" time="0.016" />
  <testcase classname="ptolemy.util.test.junit.AutoTests" name="[80] /home/travis/build/icyphy/ptII/ptolemy/domains/de/test/auto/deInCt2.xml (RunModel)" time="0.013" />
  <testcase classname="ptolemy.util.test.junit.AutoTests" name="[81] /home/travis/build/icyphy/ptII/ptolemy/domains/de/test/auto/dynamicCausalityInterface1.xml (RunModel)" time="0.018" />
  <testcase classname="ptolemy.util.test.junit.AutoTests" name="[82] /home/travis/build/icyphy/ptII/ptolemy/domains/de/test/auto/fsm_de_test.xml (RunModel)" time="0.021" />
  <testcase classname="ptolemy.util.test.junit.AutoTests" name="[83] /home/travis/build/icyphy/ptII/ptolemy/domains/de/test/auto/functionDependencyReconstruction.xml (RunModel)" time="0.032" />
  <testcase classname="ptolemy.util.test.junit.AutoTests" name="[84] /home/travis/build/icyphy/ptII/ptolemy/domains/de/test/auto/multirate.xml (RunModel)" time="0.014" />
  <testcase classname="ptolemy.util.test.junit.AutoTests" name="[85] /home/travis/build/icyphy/ptII/ptolemy/domains/de/test/auto/multirate2.xml (RunModel)" time="0.016" />
  <testcase classname="ptolemy.util.test.junit.AutoTests" name="[86] /home/travis/build/icyphy/ptII/ptolemy/domains/de/test/auto/realtime.xml (RunModel)" time="10.01" />
  <testcase classname="ptolemy.util.test.junit.AutoTests" name="[87] /home/travis/build/icyphy/ptII/ptolemy/domains/de/test/auto/relationGroup.xml (RunModel)" time="0.009" />
  <testcase classname="ptolemy.util.test.junit.AutoTests" name="[88] /home/travis/build/icyphy/ptII/ptolemy/domains/de/test/auto/relationGroup2.xml (RunModel)" time="0.004" />
  <testcase classname="ptolemy.util.test.junit.AutoTests" name="[89] /home/travis/build/icyphy/ptII/ptolemy/domains/de/test/auto/sortWithOpaquePorts.xml (RunModel)" time="0.01" />
  <testcase classname="ptolemy.util.test.junit.AutoTests" name="[90] /home/travis/build/icyphy/ptII/ptolemy/domains/de/test/auto/transferInputsandOutputs.xml (RunModel)" time="0.023" />
  <testcase classname="ptolemy.util.test.junit.AutoTests" name="[91] /home/travis/build/icyphy/ptII/ptolemy/domains/de/test/auto/triggerType.xml (RunModel)" time="0.03" />
  <system-out><![CDATA[/home/travis/build/icyphy/ptII/ptolemy/domains/de/test/DependencyLoop.tcl
testDefs.tcl: setting time out to 9000 seconds at Mon Jun 24 01:50:56 UTC 2019
69 ms. Memory: 120832K Free: 99414K (82%)
33 ms. Memory: 171008K Free: 153507K (90%)
/home/travis/build/icyphy/ptII/ptolemy/domains/de/test/RunDETestsAsQSS.tcl
Run the DE tests using ptolemy.domains.qss.test.QSSDirectorTest, which extends QSSDirector and prints a message in the constructors.
------------------ testing $PTII/ptolemy/domains/de/test/auto/knownFailedTests/DirectFeedback.xml (Known Failure) 
57 ms. Memory: 171008K Free: 148458K (87%)


==== $PTIIhome/travis/build/icyphy/ptII/ptolemy/domains/de/test/../../../../: Auto Automatic test in file $PTII/ptolemy/domains/de/test/auto/knownFailedTests/DirectFeedback.xml
==== Contents of test case:

	    # FIXME: we should use $relativeFilename here, but it
	    # might have backslashes under Windows, which causes no end
	    # of trouble.
	    createAndExecute $file
	    list {}
	
.... Test generated KNOWN error:
    while executing
ptolemy.kernel.util.IllegalActionException: Test fails in iteration 1.
Value was: 1.0. Should have been: 2.0
  in .DirectFeedback.Test
	at ptolemy.actor.lib.Test.fire(Test.java:268)
	at ptolemy.domains.de.kernel.DEDirector._fire(DEDirector.java:1949)
	at ptolemy.domains.de.kernel.DEDirector.fire(DEDirector.java:502)
	at ptolemy.actor.CompositeActor.fire(CompositeActor.java:455)
	at ptolemy.actor.Manager.iterate(Manager.java:851)
	at ptolemy.actor.Manager.execute(Manager.java:369)
	at ptolemy.actor.Manager.run(Manager.java:1263)
	at ptolemy.actor.Manager$PtolemyRunThread.run(Manager.java:1915)

    while executing
ptolemy.kernel.util.IllegalActionException: Test fails in iteration 1.
Value was: 1.0. Should have been: 2.0
  in .DirectFeedback.Test
    while executing
"java::new ptolemy.moml.MoMLSimpleApplication $file
"
    (procedure "createAndExecute" line 2)
    invoked from within
"createAndExecute $file"
    ("uplevel" body line 5)
    invoked from within
"uplevel $contents_of_test"
------------------ testing $PTII/ptolemy/domains/de/test/auto/knownFailedTests/dependencyLoop.xml (Known Failure) 
17 ms. Memory: 171008K Free: 145378K (85%)


==== $PTIIhome/travis/build/icyphy/ptII/ptolemy/domains/de/test/../../../../: Auto Automatic test in file $PTII/ptolemy/domains/de/test/auto/knownFailedTests/dependencyLoop.xml
==== Contents of test case:

	    # FIXME: we should use $relativeFilename here, but it
	    # might have backslashes under Windows, which causes no end
	    # of trouble.
	    createAndExecute $file
	    list {}
	
.... Test generated KNOWN error:
    while executing
ptolemy.kernel.util.IllegalActionException: Found a zero delay loop containing .dependencyLoop.original
  in .dependencyLoop and .dependencyLoop.original
	at ptolemy.actor.util.CausalityInterfaceForComposites._computeOutputPortDepth(CausalityInterfaceForComposites.java:759)
	at ptolemy.actor.util.CausalityInterfaceForComposites._computeInputDepth(CausalityInterfaceForComposites.java:696)
	at ptolemy.actor.util.CausalityInterfaceForComposites._computeOutputPortDepth(CausalityInterfaceForComposites.java:765)
	at ptolemy.actor.util.CausalityInterfaceForComposites._computeInputDepth(CausalityInterfaceForComposites.java:696)
	at ptolemy.actor.util.CausalityInterfaceForComposites._computeOutputPortDepth(CausalityInterfaceForComposites.java:765)
	at ptolemy.actor.util.CausalityInterfaceForComposites._computeInputDepth(CausalityInterfaceForComposites.java:696)
	at ptolemy.actor.util.CausalityInterfaceForComposites._computeActorDepth(CausalityInterfaceForComposites.java:532)
	at ptolemy.actor.util.CausalityInterfaceForComposites.checkForCycles(CausalityInterfaceForComposites.java:96)
	at ptolemy.domains.de.kernel.DEDirector.preinitialize(DEDirector.java:1338)
	at ptolemy.actor.CompositeActor.preinitialize(CompositeActor.java:1828)
	at ptolemy.actor.Manager.preinitializeAndResolveTypes(Manager.java:1040)
	at ptolemy.actor.Manager.initialize(Manager.java:710)
	at ptolemy.actor.Manager.execute(Manager.java:356)
	at ptolemy.actor.Manager.run(Manager.java:1263)
	at ptolemy.actor.Manager$PtolemyRunThread.run(Manager.java:1915)

    while executing
ptolemy.kernel.util.IllegalActionException: Found a zero delay loop containing .dependencyLoop.original
  in .dependencyLoop and .dependencyLoop.original
    while executing
"java::new ptolemy.moml.MoMLSimpleApplication $file
"
    (procedure "createAndExecute" line 2)
    invoked from within
"createAndExecute $file"
    ("uplevel" body line 5)
    invoked from within
"uplevel $contents_of_test"
------------------ testing $PTII/ptolemy/domains/de/test/auto/knownFailedTests/FSMSource.xml (Known Failure) 
88 ms. Memory: 171008K Free: 136559K (80%)
!!!! Auto was marked as failing, but now passes
------------------ testing $PTII/ptolemy/domains/de/test/auto/knownFailedTests/HierarchicalModel.xml (Known Failure) 
6 ms. Memory: 171008K Free: 150833K (88%)


==== $PTIIhome/travis/build/icyphy/ptII/ptolemy/domains/de/test/../../../../: Auto Automatic test in file $PTII/ptolemy/domains/de/test/auto/knownFailedTests/HierarchicalModel.xml
==== Contents of test case:

	    # FIXME: we should use $relativeFilename here, but it
	    # might have backslashes under Windows, which causes no end
	    # of trouble.
	    createAndExecute $file
	    list {}
	
.... Test generated KNOWN error:
    while executing
ptolemy.kernel.util.IllegalActionException: Found a zero delay loop containing .HierarchicalModel.A
  in .HierarchicalModel and .HierarchicalModel.A
	at ptolemy.actor.util.CausalityInterfaceForComposites._computeOutputPortDepth(CausalityInterfaceForComposites.java:759)
	at ptolemy.actor.util.CausalityInterfaceForComposites._computeInputDepth(CausalityInterfaceForComposites.java:696)
	at ptolemy.actor.util.CausalityInterfaceForComposites._computeOutputPortDepth(CausalityInterfaceForComposites.java:765)
	at ptolemy.actor.util.CausalityInterfaceForComposites._computeInputDepth(CausalityInterfaceForComposites.java:696)
	at ptolemy.actor.util.CausalityInterfaceForComposites._computeOutputPortDepth(CausalityInterfaceForComposites.java:765)
	at ptolemy.actor.util.CausalityInterfaceForComposites._computeInputDepth(CausalityInterfaceForComposites.java:696)
	at ptolemy.actor.util.CausalityInterfaceForComposites._computeActorDepth(CausalityInterfaceForComposites.java:532)
	at ptolemy.actor.util.CausalityInterfaceForComposites.checkForCycles(CausalityInterfaceForComposites.java:96)
	at ptolemy.domains.de.kernel.DEDirector.preinitialize(DEDirector.java:1338)
	at ptolemy.actor.CompositeActor.preinitialize(CompositeActor.java:1828)
	at ptolemy.actor.Manager.preinitializeAndResolveTypes(Manager.java:1040)
	at ptolemy.actor.Manager.initialize(Manager.java:710)
	at ptolemy.actor.Manager.execute(Manager.java:356)
	at ptolemy.actor.Manager.run(Manager.java:1263)
	at ptolemy.actor.Manager$PtolemyRunThread.run(Manager.java:1915)

    while executing
ptolemy.kernel.util.IllegalActionException: Found a zero delay loop containing .HierarchicalModel.A
  in .HierarchicalModel and .HierarchicalModel.A
    while executing
"java::new ptolemy.moml.MoMLSimpleApplication $file
"
    (procedure "createAndExecute" line 2)
    invoked from within
"createAndExecute $file"
    ("uplevel" body line 5)
    invoked from within
"uplevel $contents_of_test"
------------------ testing $PTII/ptolemy/domains/de/test/auto/knownFailedTests/dependencyLoop2.xml (Known Failure) 
11 ms. Memory: 171008K Free: 134479K (79%)


==== $PTIIhome/travis/build/icyphy/ptII/ptolemy/domains/de/test/../../../../: Auto Automatic test in file $PTII/ptolemy/domains/de/test/auto/knownFailedTests/dependencyLoop2.xml
==== Contents of test case:

	    # FIXME: we should use $relativeFilename here, but it
	    # might have backslashes under Windows, which causes no end
	    # of trouble.
	    createAndExecute $file
	    list {}
	
.... Test generated KNOWN error:
    while executing
ptolemy.kernel.util.IllegalActionException: Found a zero delay loop containing .dependencyLoop2.original
  in .dependencyLoop2 and .dependencyLoop2.original
	at ptolemy.actor.util.CausalityInterfaceForComposites._computeOutputPortDepth(CausalityInterfaceForComposites.java:759)
	at ptolemy.actor.util.CausalityInterfaceForComposites._computeInputDepth(CausalityInterfaceForComposites.java:696)
	at ptolemy.actor.util.CausalityInterfaceForComposites._computeOutputPortDepth(CausalityInterfaceForComposites.java:765)
	at ptolemy.actor.util.CausalityInterfaceForComposites._computeInputDepth(CausalityInterfaceForComposites.java:696)
	at ptolemy.actor.util.CausalityInterfaceForComposites._computeOutputPortDepth(CausalityInterfaceForComposites.java:765)
	at ptolemy.actor.util.CausalityInterfaceForComposites._computeInputDepth(CausalityInterfaceForComposites.java:696)
	at ptolemy.actor.util.CausalityInterfaceForComposites._computeActorDepth(CausalityInterfaceForComposites.java:532)
	at ptolemy.actor.util.CausalityInterfaceForComposites.checkForCycles(CausalityInterfaceForComposites.java:96)
	at ptolemy.domains.de.kernel.DEDirector.preinitialize(DEDirector.java:1338)
	at ptolemy.actor.CompositeActor.preinitialize(CompositeActor.java:1828)
	at ptolemy.actor.Manager.preinitializeAndResolveTypes(Manager.java:1040)
	at ptolemy.actor.Manager.initialize(Manager.java:710)
	at ptolemy.actor.Manager.execute(Manager.java:356)
	at ptolemy.actor.Manager.run(Manager.java:1263)
	at ptolemy.actor.Manager$PtolemyRunThread.run(Manager.java:1915)

    while executing
ptolemy.kernel.util.IllegalActionException: Found a zero delay loop containing .dependencyLoop2.original
  in .dependencyLoop2 and .dependencyLoop2.original
    while executing
"java::new ptolemy.moml.MoMLSimpleApplication $file
"
    (procedure "createAndExecute" line 2)
    invoked from within
"createAndExecute $file"
    ("uplevel" body line 5)
    invoked from within
"uplevel $contents_of_test"
------------------ testing $PTII/ptolemy/domains/de/test/auto/knownFailedTests/DESDFClockTest.xml (Known Failure) 
2061 ms. Memory: 171008K Free: 121720K (71%)


==== $PTIIhome/travis/build/icyphy/ptII/ptolemy/domains/de/test/../../../../: Auto Automatic test in file $PTII/ptolemy/domains/de/test/auto/knownFailedTests/DESDFClockTest.xml
==== Contents of test case:

	    # FIXME: we should use $relativeFilename here, but it
	    # might have backslashes under Windows, which causes no end
	    # of trouble.
	    createAndExecute $file
	    list {}
	
.... Test generated KNOWN error:
    while executing
ptolemy.kernel.util.IllegalActionException: Actor is not ready to fire.  Perhaps UpSample.prefire() returned false? Try debugging the actor by selecting "Listen to Actor".  Also, for SDF check moml for tokenConsumptionRate on input.
  in .DESDFClockTest.Play Bell.Copy1:SDF Director and .DESDFClockTest.Play Bell.UpSample
	at ptolemy.actor.sched.StaticSchedulingDirector.fire(StaticSchedulingDirector.java:227)
	at ptolemy.domains.sdf.kernel.SDFDirector.fire(SDFDirector.java:500)
	at ptolemy.actor.CompositeActor.fire(CompositeActor.java:455)
	at ptolemy.domains.de.kernel.DEDirector._fire(DEDirector.java:1949)
	at ptolemy.domains.de.kernel.DEDirector.fire(DEDirector.java:502)
	at ptolemy.actor.CompositeActor.fire(CompositeActor.java:455)
	at ptolemy.actor.Manager.iterate(Manager.java:851)
	at ptolemy.actor.Manager.execute(Manager.java:369)
	at ptolemy.actor.Manager.run(Manager.java:1263)
	at ptolemy.actor.Manager$PtolemyRunThread.run(Manager.java:1915)

    while executing
ptolemy.kernel.util.IllegalActionException: Actor is not ready to fire.  Perhaps UpSample.prefire() returned false? Try debugging the actor by selecting "Listen to Actor".  Also, for SDF check moml for tokenConsumptionRate on input.
  in .DESDFClockTest.Play Bell.Copy1:SDF Director and .DESDFClockTest.Play Bell.UpSample
    while executing
"java::new ptolemy.moml.MoMLSimpleApplication $file
"
    (procedure "createAndExecute" line 2)
    invoked from within
"createAndExecute $file"
    ("uplevel" body line 5)
    invoked from within
"uplevel $contents_of_test"
------------------ testing $PTII/ptolemy/domains/de/test/auto/ActorDepthCalculation_actorWithoutPorts.xml
auto.tcl: Setting watchdog for 200 seconds at Mon Jun 24 01:51:00 UTC 2019
11 ms. Memory: 171008K Free: 114530K (67%)
ptolemy.util.test.WatchDog.cancel(): canceling Mon Jun 24 01:51:00 UTC 2019
auto.tcl: Setting watchdog for 200 seconds at Mon Jun 24 01:51:00 UTC 2019
6 ms. Memory: 171008K Free: 113448K (66%)
ptolemy.util.test.WatchDog.cancel(): canceling Mon Jun 24 01:51:00 UTC 2019
------------------ testing $PTII/ptolemy/domains/de/test/auto/AssemblyLine.xml
auto.tcl: Setting watchdog for 200 seconds at Mon Jun 24 01:51:01 UTC 2019
8 ms. Memory: 48128K Free: 26718K (56%)
ptolemy.util.test.WatchDog.cancel(): canceling Mon Jun 24 01:51:01 UTC 2019
auto.tcl: Setting watchdog for 200 seconds at Mon Jun 24 01:51:01 UTC 2019
8 ms. Memory: 48128K Free: 25983K (54%)
ptolemy.util.test.WatchDog.cancel(): canceling Mon Jun 24 01:51:01 UTC 2019
------------------ testing $PTII/ptolemy/domains/de/test/auto/CQBug1.xml
auto.tcl: Setting watchdog for 200 seconds at Mon Jun 24 01:51:01 UTC 2019
2 ms. Memory: 45056K Free: 29379K (65%)
ptolemy.util.test.WatchDog.cancel(): canceling Mon Jun 24 01:51:01 UTC 2019
auto.tcl: Setting watchdog for 200 seconds at Mon Jun 24 01:51:01 UTC 2019
2 ms. Memory: 45056K Free: 28981K (64%)
ptolemy.util.test.WatchDog.cancel(): canceling Mon Jun 24 01:51:01 UTC 2019
------------------ testing $PTII/ptolemy/domains/de/test/auto/CancelFireAt.xml
auto.tcl: Setting watchdog for 200 seconds at Mon Jun 24 01:51:01 UTC 2019
2 ms. Memory: 45056K Free: 30290K (67%)
ptolemy.util.test.WatchDog.cancel(): canceling Mon Jun 24 01:51:01 UTC 2019
auto.tcl: Setting watchdog for 200 seconds at Mon Jun 24 01:51:01 UTC 2019
2 ms. Memory: 45056K Free: 29749K (66%)
ptolemy.util.test.WatchDog.cancel(): canceling Mon Jun 24 01:51:01 UTC 2019
------------------ testing $PTII/ptolemy/domains/de/test/auto/CausalityAndComposabilityAnalysis.xml
auto.tcl: Setting watchdog for 200 seconds at Mon Jun 24 01:51:01 UTC 2019
6 ms. Memory: 45056K Free: 28262K (63%)
ptolemy.util.test.WatchDog.cancel(): canceling Mon Jun 24 01:51:01 UTC 2019
auto.tcl: Setting watchdog for 200 seconds at Mon Jun 24 01:51:01 UTC 2019
9 ms. Memory: 45056K Free: 27531K (61%)
ptolemy.util.test.WatchDog.cancel(): canceling Mon Jun 24 01:51:01 UTC 2019
------------------ testing $PTII/ptolemy/domains/de/test/auto/CausalityInterface1.xml
auto.tcl: Setting watchdog for 200 seconds at Mon Jun 24 01:51:01 UTC 2019
31 ms. Memory: 45056K Free: 27023K (60%)
ptolemy.util.test.WatchDog.cancel(): canceling Mon Jun 24 01:51:01 UTC 2019
auto.tcl: Setting watchdog for 200 seconds at Mon Jun 24 01:51:01 UTC 2019
3 ms. Memory: 45056K Free: 26047K (58%)
ptolemy.util.test.WatchDog.cancel(): canceling Mon Jun 24 01:51:01 UTC 2019
------------------ testing $PTII/ptolemy/domains/de/test/auto/CausalityInterface15.xml
auto.tcl: Setting watchdog for 200 seconds at Mon Jun 24 01:51:01 UTC 2019
11 ms. Memory: 45056K Free: 26951K (60%)
ptolemy.util.test.WatchDog.cancel(): canceling Mon Jun 24 01:51:01 UTC 2019
auto.tcl: Setting watchdog for 200 seconds at Mon Jun 24 01:51:01 UTC 2019
7 ms. Memory: 45056K Free: 26018K (58%)
ptolemy.util.test.WatchDog.cancel(): canceling Mon Jun 24 01:51:01 UTC 2019
------------------ testing $PTII/ptolemy/domains/de/test/auto/CausalityInterface2.xml
auto.tcl: Setting watchdog for 200 seconds at Mon Jun 24 01:51:01 UTC 2019
7 ms. Memory: 45056K Free: 27749K (62%)
ptolemy.util.test.WatchDog.cancel(): canceling Mon Jun 24 01:51:01 UTC 2019
auto.tcl: Setting watchdog for 200 seconds at Mon Jun 24 01:51:01 UTC 2019
4 ms. Memory: 45056K Free: 26998K (60%)
ptolemy.util.test.WatchDog.cancel(): canceling Mon Jun 24 01:51:01 UTC 2019
------------------ testing $PTII/ptolemy/domains/de/test/auto/CausalityInterface3.xml
auto.tcl: Setting watchdog for 200 seconds at Mon Jun 24 01:51:01 UTC 2019
4 ms. Memory: 45056K Free: 27314K (61%)
ptolemy.util.test.WatchDog.cancel(): canceling Mon Jun 24 01:51:01 UTC 2019
auto.tcl: Setting watchdog for 200 seconds at Mon Jun 24 01:51:01 UTC 2019
2 ms. Memory: 45056K Free: 26778K (59%)
ptolemy.util.test.WatchDog.cancel(): canceling Mon Jun 24 01:51:01 UTC 2019
------------------ testing $PTII/ptolemy/domains/de/test/auto/ClockDrift.xml
auto.tcl: Setting watchdog for 200 seconds at Mon Jun 24 01:51:01 UTC 2019
82 ms. Memory: 45056K Free: 19789K (44%)
ptolemy.util.test.WatchDog.cancel(): canceling Mon Jun 24 01:51:02 UTC 2019
auto.tcl: Setting watchdog for 200 seconds at Mon Jun 24 01:51:02 UTC 2019
45 ms. Memory: 54272K Free: 40758K (75%)
ptolemy.util.test.WatchDog.cancel(): canceling Mon Jun 24 01:51:02 UTC 2019
------------------ testing $PTII/ptolemy/domains/de/test/auto/ClockDriftAndValueChange.xml
auto.tcl: Setting watchdog for 200 seconds at Mon Jun 24 01:51:02 UTC 2019
42 ms. Memory: 48128K Free: 23302K (48%)
ptolemy.util.test.WatchDog.cancel(): canceling Mon Jun 24 01:51:02 UTC 2019
auto.tcl: Setting watchdog for 200 seconds at Mon Jun 24 01:51:02 UTC 2019
28 ms. Memory: 48128K Free: 20389K (42%)
ptolemy.util.test.WatchDog.cancel(): canceling Mon Jun 24 01:51:02 UTC 2019
------------------ testing $PTII/ptolemy/domains/de/test/auto/ClockDriftChange.xml
auto.tcl: Setting watchdog for 200 seconds at Mon Jun 24 01:51:02 UTC 2019
21 ms. Memory: 48128K Free: 24869K (52%)
ptolemy.util.test.WatchDog.cancel(): canceling Mon Jun 24 01:51:02 UTC 2019
auto.tcl: Setting watchdog for 200 seconds at Mon Jun 24 01:51:02 UTC 2019
24 ms. Memory: 48128K Free: 22132K (46%)
ptolemy.util.test.WatchDog.cancel(): canceling Mon Jun 24 01:51:02 UTC 2019
------------------ testing $PTII/ptolemy/domains/de/test/auto/ComposableCausalityAnalysis.xml
auto.tcl: Setting watchdog for 200 seconds at Mon Jun 24 01:51:02 UTC 2019
2 ms. Memory: 45056K Free: 26260K (58%)
ptolemy.util.test.WatchDog.cancel(): canceling Mon Jun 24 01:51:02 UTC 2019
auto.tcl: Setting watchdog for 200 seconds at Mon Jun 24 01:51:02 UTC 2019
2 ms. Memory: 45056K Free: 25241K (56%)
ptolemy.util.test.WatchDog.cancel(): canceling Mon Jun 24 01:51:02 UTC 2019
------------------ testing $PTII/ptolemy/domains/de/test/auto/DEFixedPointLimitation.xml
auto.tcl: Setting watchdog for 200 seconds at Mon Jun 24 01:51:02 UTC 2019
2 ms. Memory: 45056K Free: 27388K (61%)
ptolemy.util.test.WatchDog.cancel(): canceling Mon Jun 24 01:51:02 UTC 2019
auto.tcl: Setting watchdog for 200 seconds at Mon Jun 24 01:51:02 UTC 2019
2 ms. Memory: 45056K Free: 26750K (59%)
ptolemy.util.test.WatchDog.cancel(): canceling Mon Jun 24 01:51:02 UTC 2019
------------------ testing $PTII/ptolemy/domains/de/test/auto/DEScheduleTest.xml
auto.tcl: Setting watchdog for 200 seconds at Mon Jun 24 01:51:02 UTC 2019
3 ms. Memory: 45056K Free: 27886K (62%)
ptolemy.util.test.WatchDog.cancel(): canceling Mon Jun 24 01:51:02 UTC 2019
auto.tcl: Setting watchdog for 200 seconds at Mon Jun 24 01:51:02 UTC 2019
2 ms. Memory: 45056K Free: 27058K (60%)
ptolemy.util.test.WatchDog.cancel(): canceling Mon Jun 24 01:51:02 UTC 2019
------------------ testing $PTII/ptolemy/domains/de/test/auto/DEinDEwithStartTimes.xml
auto.tcl: Setting watchdog for 200 seconds at Mon Jun 24 01:51:02 UTC 2019
3 ms. Memory: 45056K Free: 26233K (58%)
ptolemy.util.test.WatchDog.cancel(): canceling Mon Jun 24 01:51:02 UTC 2019
auto.tcl: Setting watchdog for 200 seconds at Mon Jun 24 01:51:02 UTC 2019
3 ms. Memory: 45056K Free: 24961K (55%)
ptolemy.util.test.WatchDog.cancel(): canceling Mon Jun 24 01:51:02 UTC 2019
------------------ testing $PTII/ptolemy/domains/de/test/auto/DEinDEwithStartTimes2.xml
auto.tcl: Setting watchdog for 200 seconds at Mon Jun 24 01:51:02 UTC 2019
4 ms. Memory: 45056K Free: 25362K (56%)
ptolemy.util.test.WatchDog.cancel(): canceling Mon Jun 24 01:51:02 UTC 2019
auto.tcl: Setting watchdog for 200 seconds at Mon Jun 24 01:51:02 UTC 2019
4 ms. Memory: 45056K Free: 24048K (53%)
ptolemy.util.test.WatchDog.cancel(): canceling Mon Jun 24 01:51:02 UTC 2019
------------------ testing $PTII/ptolemy/domains/de/test/auto/DateDemo.xml
auto.tcl: Setting watchdog for 200 seconds at Mon Jun 24 01:51:02 UTC 2019
15 ms. Memory: 45056K Free: 20115K (45%)
ptolemy.util.test.WatchDog.cancel(): canceling Mon Jun 24 01:51:02 UTC 2019
auto.tcl: Setting watchdog for 200 seconds at Mon Jun 24 01:51:02 UTC 2019
8 ms. Memory: 45056K Free: 18483K (41%)
ptolemy.util.test.WatchDog.cancel(): canceling Mon Jun 24 01:51:02 UTC 2019
------------------ testing $PTII/ptolemy/domains/de/test/auto/DateToEvent.xml
auto.tcl: Setting watchdog for 200 seconds at Mon Jun 24 01:51:02 UTC 2019
2022 ms. Memory: 45056K Free: 15481K (34%)
ptolemy.util.test.WatchDog.cancel(): canceling Mon Jun 24 01:51:04 UTC 2019
auto.tcl: Setting watchdog for 200 seconds at Mon Jun 24 01:51:04 UTC 2019
2008 ms. Memory: 45056K Free: 14884K (33%)
ptolemy.util.test.WatchDog.cancel(): canceling Mon Jun 24 01:51:07 UTC 2019
------------------ testing $PTII/ptolemy/domains/de/test/auto/DepthTest1.xml
auto.tcl: Setting watchdog for 200 seconds at Mon Jun 24 01:51:07 UTC 2019
3 ms. Memory: 45056K Free: 28809K (64%)
ptolemy.util.test.WatchDog.cancel(): canceling Mon Jun 24 01:51:07 UTC 2019
auto.tcl: Setting watchdog for 200 seconds at Mon Jun 24 01:51:07 UTC 2019
2 ms. Memory: 45056K Free: 28311K (63%)
ptolemy.util.test.WatchDog.cancel(): canceling Mon Jun 24 01:51:07 UTC 2019
------------------ testing $PTII/ptolemy/domains/de/test/auto/DepthTest2.xml
auto.tcl: Setting watchdog for 200 seconds at Mon Jun 24 01:51:07 UTC 2019
4 ms. Memory: 45056K Free: 25415K (56%)
ptolemy.util.test.WatchDog.cancel(): canceling Mon Jun 24 01:51:07 UTC 2019
auto.tcl: Setting watchdog for 200 seconds at Mon Jun 24 01:51:07 UTC 2019
4 ms. Memory: 45056K Free: 24954K (55%)
ptolemy.util.test.WatchDog.cancel(): canceling Mon Jun 24 01:51:07 UTC 2019
------------------ testing $PTII/ptolemy/domains/de/test/auto/DepthTest3.xml
auto.tcl: Setting watchdog for 200 seconds at Mon Jun 24 01:51:07 UTC 2019
4 ms. Memory: 45056K Free: 29107K (65%)
ptolemy.util.test.WatchDog.cancel(): canceling Mon Jun 24 01:51:07 UTC 2019
auto.tcl: Setting watchdog for 200 seconds at Mon Jun 24 01:51:07 UTC 2019
2 ms. Memory: 45056K Free: 28655K (64%)
ptolemy.util.test.WatchDog.cancel(): canceling Mon Jun 24 01:51:07 UTC 2019
------------------ testing $PTII/ptolemy/domains/de/test/auto/DepthTest4.xml
auto.tcl: Setting watchdog for 200 seconds at Mon Jun 24 01:51:07 UTC 2019
4 ms. Memory: 45056K Free: 27284K (61%)
ptolemy.util.test.WatchDog.cancel(): canceling Mon Jun 24 01:51:07 UTC 2019
auto.tcl: Setting watchdog for 200 seconds at Mon Jun 24 01:51:07 UTC 2019
2 ms. Memory: 45056K Free: 26347K (58%)
ptolemy.util.test.WatchDog.cancel(): canceling Mon Jun 24 01:51:07 UTC 2019
------------------ testing $PTII/ptolemy/domains/de/test/auto/DepthTest5.xml
auto.tcl: Setting watchdog for 200 seconds at Mon Jun 24 01:51:07 UTC 2019
4 ms. Memory: 45056K Free: 26612K (59%)
ptolemy.util.test.WatchDog.cancel(): canceling Mon Jun 24 01:51:07 UTC 2019
auto.tcl: Setting watchdog for 200 seconds at Mon Jun 24 01:51:07 UTC 2019
3 ms. Memory: 45056K Free: 26058K (58%)
ptolemy.util.test.WatchDog.cancel(): canceling Mon Jun 24 01:51:07 UTC 2019
------------------ testing $PTII/ptolemy/domains/de/test/auto/DepthTest6.xml
auto.tcl: Setting watchdog for 200 seconds at Mon Jun 24 01:51:07 UTC 2019
4 ms. Memory: 45056K Free: 26590K (59%)
ptolemy.util.test.WatchDog.cancel(): canceling Mon Jun 24 01:51:07 UTC 2019
auto.tcl: Setting watchdog for 200 seconds at Mon Jun 24 01:51:07 UTC 2019
2 ms. Memory: 45056K Free: 25895K (57%)
ptolemy.util.test.WatchDog.cancel(): canceling Mon Jun 24 01:51:07 UTC 2019
------------------ testing $PTII/ptolemy/domains/de/test/auto/DepthTest7.xml
auto.tcl: Setting watchdog for 200 seconds at Mon Jun 24 01:51:07 UTC 2019
2 ms. Memory: 45056K Free: 27171K (60%)
ptolemy.util.test.WatchDog.cancel(): canceling Mon Jun 24 01:51:07 UTC 2019
auto.tcl: Setting watchdog for 200 seconds at Mon Jun 24 01:51:07 UTC 2019
3 ms. Memory: 45056K Free: 26330K (58%)
ptolemy.util.test.WatchDog.cancel(): canceling Mon Jun 24 01:51:07 UTC 2019
------------------ testing $PTII/ptolemy/domains/de/test/auto/EventToDate.xml
auto.tcl: Setting watchdog for 200 seconds at Mon Jun 24 01:51:07 UTC 2019
3009 ms. Memory: 45056K Free: 18088K (40%)
ptolemy.util.test.WatchDog.cancel(): canceling Mon Jun 24 01:51:10 UTC 2019
auto.tcl: Setting watchdog for 200 seconds at Mon Jun 24 01:51:10 UTC 2019
3004 ms. Memory: 45056K Free: 17442K (39%)
ptolemy.util.test.WatchDog.cancel(): canceling Mon Jun 24 01:51:13 UTC 2019
------------------ testing $PTII/ptolemy/domains/de/test/auto/FSM1.xml
auto.tcl: Setting watchdog for 200 seconds at Mon Jun 24 01:51:13 UTC 2019
44 ms. Memory: 45056K Free: 19295K (43%)
ptolemy.util.test.WatchDog.cancel(): canceling Mon Jun 24 01:51:13 UTC 2019
auto.tcl: Setting watchdog for 200 seconds at Mon Jun 24 01:51:13 UTC 2019
17 ms. Memory: 45056K Free: 16088K (36%)
ptolemy.util.test.WatchDog.cancel(): canceling Mon Jun 24 01:51:13 UTC 2019
------------------ testing $PTII/ptolemy/domains/de/test/auto/FSM7.xml
auto.tcl: Setting watchdog for 200 seconds at Mon Jun 24 01:51:13 UTC 2019
17 ms. Memory: 45056K Free: 19121K (42%)
ptolemy.util.test.WatchDog.cancel(): canceling Mon Jun 24 01:51:13 UTC 2019
auto.tcl: Setting watchdog for 200 seconds at Mon Jun 24 01:51:13 UTC 2019
24 ms. Memory: 45056K Free: 16032K (36%)
ptolemy.util.test.WatchDog.cancel(): canceling Mon Jun 24 01:51:13 UTC 2019
------------------ testing $PTII/ptolemy/domains/de/test/auto/Inspection.xml
auto.tcl: Setting watchdog for 200 seconds at Mon Jun 24 01:51:14 UTC 2019
30 ms. Memory: 45056K Free: 19155K (43%)
ptolemy.util.test.WatchDog.cancel(): canceling Mon Jun 24 01:51:14 UTC 2019
auto.tcl: Setting watchdog for 200 seconds at Mon Jun 24 01:51:14 UTC 2019
34 ms. Memory: 45056K Free: 17334K (38%)
ptolemy.util.test.WatchDog.cancel(): canceling Mon Jun 24 01:51:14 UTC 2019
------------------ testing $PTII/ptolemy/domains/de/test/auto/Iteration.xml
auto.tcl: Setting watchdog for 200 seconds at Mon Jun 24 01:51:14 UTC 2019
7 ms. Memory: 45056K Free: 24795K (55%)
ptolemy.util.test.WatchDog.cancel(): canceling Mon Jun 24 01:51:14 UTC 2019
auto.tcl: Setting watchdog for 200 seconds at Mon Jun 24 01:51:14 UTC 2019
7 ms. Memory: 45056K Free: 23762K (53%)
ptolemy.util.test.WatchDog.cancel(): canceling Mon Jun 24 01:51:14 UTC 2019
------------------ testing $PTII/ptolemy/domains/de/test/auto/LineFault.xml
auto.tcl: Setting watchdog for 200 seconds at Mon Jun 24 01:51:14 UTC 2019
748 ms. Memory: 45056K Free: 18257K (41%)
ptolemy.util.test.WatchDog.cancel(): canceling Mon Jun 24 01:51:15 UTC 2019
auto.tcl: Setting watchdog for 200 seconds at Mon Jun 24 01:51:15 UTC 2019
577 ms. Memory: 54272K Free: 25613K (47%)
ptolemy.util.test.WatchDog.cancel(): canceling Mon Jun 24 01:51:15 UTC 2019
------------------ testing $PTII/ptolemy/domains/de/test/auto/MergeModel1Add.xml
auto.tcl: Setting watchdog for 200 seconds at Mon Jun 24 01:51:15 UTC 2019
19 ms. Memory: 51200K Free: 17427K (34%)
ptolemy.util.test.WatchDog.cancel(): canceling Mon Jun 24 01:51:16 UTC 2019
auto.tcl: Setting watchdog for 200 seconds at Mon Jun 24 01:51:16 UTC 2019
11 ms. Memory: 51200K Free: 15658K (31%)
ptolemy.util.test.WatchDog.cancel(): canceling Mon Jun 24 01:51:16 UTC 2019
------------------ testing $PTII/ptolemy/domains/de/test/auto/MergeModel2Add.xml
auto.tcl: Setting watchdog for 200 seconds at Mon Jun 24 01:51:16 UTC 2019
10 ms. Memory: 48128K Free: 16312K (34%)
ptolemy.util.test.WatchDog.cancel(): canceling Mon Jun 24 01:51:16 UTC 2019
auto.tcl: Setting watchdog for 200 seconds at Mon Jun 24 01:51:16 UTC 2019
9 ms. Memory: 48128K Free: 14904K (31%)
ptolemy.util.test.WatchDog.cancel(): canceling Mon Jun 24 01:51:16 UTC 2019
------------------ testing $PTII/ptolemy/domains/de/test/auto/MergeModel3Add.xml
auto.tcl: Setting watchdog for 200 seconds at Mon Jun 24 01:51:16 UTC 2019
9 ms. Memory: 48128K Free: 15867K (33%)
ptolemy.util.test.WatchDog.cancel(): canceling Mon Jun 24 01:51:16 UTC 2019
auto.tcl: Setting watchdog for 200 seconds at Mon Jun 24 01:51:16 UTC 2019
10 ms. Memory: 48128K Free: 14531K (30%)
ptolemy.util.test.WatchDog.cancel(): canceling Mon Jun 24 01:51:16 UTC 2019
------------------ testing $PTII/ptolemy/domains/de/test/auto/MergeWithoutDiscard.xml
auto.tcl: Setting watchdog for 200 seconds at Mon Jun 24 01:51:16 UTC 2019
2 ms. Memory: 48128K Free: 30368K (63%)
ptolemy.util.test.WatchDog.cancel(): canceling Mon Jun 24 01:51:16 UTC 2019
auto.tcl: Setting watchdog for 200 seconds at Mon Jun 24 01:51:16 UTC 2019
1 ms. Memory: 48128K Free: 29983K (62%)
ptolemy.util.test.WatchDog.cancel(): canceling Mon Jun 24 01:51:16 UTC 2019
------------------ testing $PTII/ptolemy/domains/de/test/auto/Modal1.xml
auto.tcl: Setting watchdog for 200 seconds at Mon Jun 24 01:51:16 UTC 2019
11 ms. Memory: 48128K Free: 22341K (46%)
ptolemy.util.test.WatchDog.cancel(): canceling Mon Jun 24 01:51:16 UTC 2019
auto.tcl: Setting watchdog for 200 seconds at Mon Jun 24 01:51:16 UTC 2019
12 ms. Memory: 48128K Free: 18899K (39%)
ptolemy.util.test.WatchDog.cancel(): canceling Mon Jun 24 01:51:16 UTC 2019
------------------ testing $PTII/ptolemy/domains/de/test/auto/Modal2.xml
auto.tcl: Setting watchdog for 200 seconds at Mon Jun 24 01:51:16 UTC 2019
20 ms. Memory: 45056K Free: 19372K (43%)
ptolemy.util.test.WatchDog.cancel(): canceling Mon Jun 24 01:51:16 UTC 2019
auto.tcl: Setting watchdog for 200 seconds at Mon Jun 24 01:51:16 UTC 2019
18 ms. Memory: 45056K Free: 16135K (36%)
ptolemy.util.test.WatchDog.cancel(): canceling Mon Jun 24 01:51:16 UTC 2019
------------------ testing $PTII/ptolemy/domains/de/test/auto/Modal3.xml
auto.tcl: Setting watchdog for 200 seconds at Mon Jun 24 01:51:16 UTC 2019
14 ms. Memory: 45056K Free: 19367K (43%)
ptolemy.util.test.WatchDog.cancel(): canceling Mon Jun 24 01:51:16 UTC 2019
auto.tcl: Setting watchdog for 200 seconds at Mon Jun 24 01:51:16 UTC 2019
15 ms. Memory: 45056K Free: 15836K (35%)
ptolemy.util.test.WatchDog.cancel(): canceling Mon Jun 24 01:51:16 UTC 2019
------------------ testing $PTII/ptolemy/domains/de/test/auto/Modal4.xml
auto.tcl: Setting watchdog for 200 seconds at Mon Jun 24 01:51:16 UTC 2019
33 ms. Memory: 45056K Free: 18550K (41%)
ptolemy.util.test.WatchDog.cancel(): canceling Mon Jun 24 01:51:16 UTC 2019
auto.tcl: Setting watchdog for 200 seconds at Mon Jun 24 01:51:16 UTC 2019
18 ms. Memory: 45056K Free: 14769K (33%)
ptolemy.util.test.WatchDog.cancel(): canceling Mon Jun 24 01:51:16 UTC 2019
------------------ testing $PTII/ptolemy/domains/de/test/auto/Modal5.xml
auto.tcl: Setting watchdog for 200 seconds at Mon Jun 24 01:51:16 UTC 2019
13 ms. Memory: 45056K Free: 18339K (41%)
ptolemy.util.test.WatchDog.cancel(): canceling Mon Jun 24 01:51:16 UTC 2019
auto.tcl: Setting watchdog for 200 seconds at Mon Jun 24 01:51:16 UTC 2019
13 ms. Memory: 45056K Free: 14448K (32%)
ptolemy.util.test.WatchDog.cancel(): canceling Mon Jun 24 01:51:16 UTC 2019
------------------ testing $PTII/ptolemy/domains/de/test/auto/Modal6.xml
auto.tcl: Setting watchdog for 200 seconds at Mon Jun 24 01:51:16 UTC 2019
15 ms. Memory: 45056K Free: 18928K (42%)
ptolemy.util.test.WatchDog.cancel(): canceling Mon Jun 24 01:51:17 UTC 2019
auto.tcl: Setting watchdog for 200 seconds at Mon Jun 24 01:51:17 UTC 2019
16 ms. Memory: 45056K Free: 15245K (34%)
ptolemy.util.test.WatchDog.cancel(): canceling Mon Jun 24 01:51:17 UTC 2019
------------------ testing $PTII/ptolemy/domains/de/test/auto/Modal7.xml
auto.tcl: Setting watchdog for 200 seconds at Mon Jun 24 01:51:17 UTC 2019
13 ms. Memory: 45056K Free: 18091K (40%)
ptolemy.util.test.WatchDog.cancel(): canceling Mon Jun 24 01:51:17 UTC 2019
auto.tcl: Setting watchdog for 200 seconds at Mon Jun 24 01:51:17 UTC 2019
10 ms. Memory: 45056K Free: 14620K (32%)
ptolemy.util.test.WatchDog.cancel(): canceling Mon Jun 24 01:51:17 UTC 2019
------------------ testing $PTII/ptolemy/domains/de/test/auto/ModalModel.xml
auto.tcl: Setting watchdog for 200 seconds at Mon Jun 24 01:51:17 UTC 2019
189 ms. Memory: 45056K Free: 19190K (43%)
ptolemy.util.test.WatchDog.cancel(): canceling Mon Jun 24 01:51:17 UTC 2019
auto.tcl: Setting watchdog for 200 seconds at Mon Jun 24 01:51:17 UTC 2019
206 ms. Memory: 56320K Free: 40601K (72%)
ptolemy.util.test.WatchDog.cancel(): canceling Mon Jun 24 01:51:17 UTC 2019
------------------ testing $PTII/ptolemy/domains/de/test/auto/ModalSource.xml
auto.tcl: Setting watchdog for 200 seconds at Mon Jun 24 01:51:17 UTC 2019
7 ms. Memory: 48128K Free: 26050K (54%)
ptolemy.util.test.WatchDog.cancel(): canceling Mon Jun 24 01:51:17 UTC 2019
auto.tcl: Setting watchdog for 200 seconds at Mon Jun 24 01:51:17 UTC 2019
6 ms. Memory: 48128K Free: 23919K (50%)
ptolemy.util.test.WatchDog.cancel(): canceling Mon Jun 24 01:51:17 UTC 2019
------------------ testing $PTII/ptolemy/domains/de/test/auto/NonInterruptibleTimerZeroDelay.xml
auto.tcl: Setting watchdog for 200 seconds at Mon Jun 24 01:51:17 UTC 2019
3 ms. Memory: 48128K Free: 31173K (65%)
ptolemy.util.test.WatchDog.cancel(): canceling Mon Jun 24 01:51:17 UTC 2019
auto.tcl: Setting watchdog for 200 seconds at Mon Jun 24 01:51:17 UTC 2019
2 ms. Memory: 48128K Free: 30279K (63%)
ptolemy.util.test.WatchDog.cancel(): canceling Mon Jun 24 01:51:17 UTC 2019
------------------ testing $PTII/ptolemy/domains/de/test/auto/OpenQueueingNetwork.xml
auto.tcl: Setting watchdog for 200 seconds at Mon Jun 24 01:51:17 UTC 2019
3200 ms. Memory: 109568K Free: 68973K (63%)
ptolemy.util.test.WatchDog.cancel(): canceling Mon Jun 24 01:51:21 UTC 2019
auto.tcl: Setting watchdog for 200 seconds at Mon Jun 24 01:51:21 UTC 2019
2417 ms. Memory: 109568K Free: 47415K (43%)
ptolemy.util.test.WatchDog.cancel(): canceling Mon Jun 24 01:51:23 UTC 2019
------------------ testing $PTII/ptolemy/domains/de/test/auto/OpenQueuingNetwork.xml
auto.tcl: Setting watchdog for 200 seconds at Mon Jun 24 01:51:23 UTC 2019
269 ms. Memory: 61440K Free: 28043K (46%)
ptolemy.util.test.WatchDog.cancel(): canceling Mon Jun 24 01:51:24 UTC 2019
auto.tcl: Setting watchdog for 200 seconds at Mon Jun 24 01:51:24 UTC 2019
240 ms. Memory: 61440K Free: 12077K (20%)
ptolemy.util.test.WatchDog.cancel(): canceling Mon Jun 24 01:51:24 UTC 2019
------------------ testing $PTII/ptolemy/domains/de/test/auto/PeriodicSampler.xml
auto.tcl: Setting watchdog for 200 seconds at Mon Jun 24 01:51:24 UTC 2019
2 ms. Memory: 48128K Free: 30102K (63%)
ptolemy.util.test.WatchDog.cancel(): canceling Mon Jun 24 01:51:24 UTC 2019
auto.tcl: Setting watchdog for 200 seconds at Mon Jun 24 01:51:24 UTC 2019
2 ms. Memory: 48128K Free: 29615K (62%)
ptolemy.util.test.WatchDog.cancel(): canceling Mon Jun 24 01:51:24 UTC 2019
------------------ testing $PTII/ptolemy/domains/de/test/auto/PersistentIO.xml
auto.tcl: Setting watchdog for 200 seconds at Mon Jun 24 01:51:24 UTC 2019
18 ms. Memory: 48128K Free: 25027K (52%)
ptolemy.util.test.WatchDog.cancel(): canceling Mon Jun 24 01:51:24 UTC 2019
auto.tcl: Setting watchdog for 200 seconds at Mon Jun 24 01:51:24 UTC 2019
4 ms. Memory: 48128K Free: 23570K (49%)
ptolemy.util.test.WatchDog.cancel(): canceling Mon Jun 24 01:51:24 UTC 2019
------------------ testing $PTII/ptolemy/domains/de/test/auto/PortParameterResetOnInitialize.xml
auto.tcl: Setting watchdog for 200 seconds at Mon Jun 24 01:51:24 UTC 2019
2 ms. Memory: 48128K Free: 30024K (62%)
ptolemy.util.test.WatchDog.cancel(): canceling Mon Jun 24 01:51:24 UTC 2019
auto.tcl: Setting watchdog for 200 seconds at Mon Jun 24 01:51:24 UTC 2019
2 ms. Memory: 48128K Free: 29522K (61%)
ptolemy.util.test.WatchDog.cancel(): canceling Mon Jun 24 01:51:24 UTC 2019
------------------ testing $PTII/ptolemy/domains/de/test/auto/PortParameterUpdates.xml
auto.tcl: Setting watchdog for 200 seconds at Mon Jun 24 01:51:24 UTC 2019
4 ms. Memory: 48128K Free: 28108K (58%)
ptolemy.util.test.WatchDog.cancel(): canceling Mon Jun 24 01:51:24 UTC 2019
auto.tcl: Setting watchdog for 200 seconds at Mon Jun 24 01:51:24 UTC 2019
3 ms. Memory: 48128K Free: 27109K (56%)
ptolemy.util.test.WatchDog.cancel(): canceling Mon Jun 24 01:51:24 UTC 2019
------------------ testing $PTII/ptolemy/domains/de/test/auto/QueueAndServer.xml
auto.tcl: Setting watchdog for 200 seconds at Mon Jun 24 01:51:24 UTC 2019
16 ms. Memory: 48128K Free: 27283K (57%)
ptolemy.util.test.WatchDog.cancel(): canceling Mon Jun 24 01:51:24 UTC 2019
auto.tcl: Setting watchdog for 200 seconds at Mon Jun 24 01:51:24 UTC 2019
9 ms. Memory: 48128K Free: 25579K (53%)
ptolemy.util.test.WatchDog.cancel(): canceling Mon Jun 24 01:51:24 UTC 2019
------------------ testing $PTII/ptolemy/domains/de/test/auto/Records.xml
auto.tcl: Setting watchdog for 200 seconds at Mon Jun 24 01:51:24 UTC 2019
5 ms. Memory: 48128K Free: 29273K (61%)
ptolemy.util.test.WatchDog.cancel(): canceling Mon Jun 24 01:51:24 UTC 2019
auto.tcl: Setting watchdog for 200 seconds at Mon Jun 24 01:51:24 UTC 2019
1 ms. Memory: 48128K Free: 28762K (60%)
ptolemy.util.test.WatchDog.cancel(): canceling Mon Jun 24 01:51:24 UTC 2019
------------------ testing $PTII/ptolemy/domains/de/test/auto/ResetTransitionWithStartTime1.xml
auto.tcl: Setting watchdog for 200 seconds at Mon Jun 24 01:51:24 UTC 2019
11 ms. Memory: 48128K Free: 26510K (55%)
ptolemy.util.test.WatchDog.cancel(): canceling Mon Jun 24 01:51:24 UTC 2019
auto.tcl: Setting watchdog for 200 seconds at Mon Jun 24 01:51:24 UTC 2019
6 ms. Memory: 48128K Free: 23958K (50%)
ptolemy.util.test.WatchDog.cancel(): canceling Mon Jun 24 01:51:24 UTC 2019
------------------ testing $PTII/ptolemy/domains/de/test/auto/ResetTransitionWithStartTime2.xml
auto.tcl: Setting watchdog for 200 seconds at Mon Jun 24 01:51:24 UTC 2019
5 ms. Memory: 48128K Free: 26465K (55%)
ptolemy.util.test.WatchDog.cancel(): canceling Mon Jun 24 01:51:24 UTC 2019
auto.tcl: Setting watchdog for 200 seconds at Mon Jun 24 01:51:24 UTC 2019
5 ms. Memory: 48128K Free: 24458K (51%)
ptolemy.util.test.WatchDog.cancel(): canceling Mon Jun 24 01:51:24 UTC 2019
------------------ testing $PTII/ptolemy/domains/de/test/auto/ResetTransitionWithStartTime3.xml
auto.tcl: Setting watchdog for 200 seconds at Mon Jun 24 01:51:24 UTC 2019
9 ms. Memory: 48128K Free: 26464K (55%)
ptolemy.util.test.WatchDog.cancel(): canceling Mon Jun 24 01:51:24 UTC 2019
auto.tcl: Setting watchdog for 200 seconds at Mon Jun 24 01:51:24 UTC 2019
5 ms. Memory: 48128K Free: 23943K (50%)
ptolemy.util.test.WatchDog.cancel(): canceling Mon Jun 24 01:51:24 UTC 2019
------------------ testing $PTII/ptolemy/domains/de/test/auto/ResetTransitionWithStartTime4.xml
auto.tcl: Setting watchdog for 200 seconds at Mon Jun 24 01:51:24 UTC 2019
7 ms. Memory: 48128K Free: 27194K (57%)
ptolemy.util.test.WatchDog.cancel(): canceling Mon Jun 24 01:51:24 UTC 2019
auto.tcl: Setting watchdog for 200 seconds at Mon Jun 24 01:51:24 UTC 2019
4 ms. Memory: 48128K Free: 25510K (53%)
ptolemy.util.test.WatchDog.cancel(): canceling Mon Jun 24 01:51:25 UTC 2019
------------------ testing $PTII/ptolemy/domains/de/test/auto/ResettableTimer1.xml
auto.tcl: Setting watchdog for 200 seconds at Mon Jun 24 01:51:25 UTC 2019
3 ms. Memory: 48128K Free: 30663K (64%)
ptolemy.util.test.WatchDog.cancel(): canceling Mon Jun 24 01:51:25 UTC 2019
auto.tcl: Setting watchdog for 200 seconds at Mon Jun 24 01:51:25 UTC 2019
2 ms. Memory: 48128K Free: 30068K (62%)
ptolemy.util.test.WatchDog.cancel(): canceling Mon Jun 24 01:51:25 UTC 2019
------------------ testing $PTII/ptolemy/domains/de/test/auto/ResettableTimer2.xml
auto.tcl: Setting watchdog for 200 seconds at Mon Jun 24 01:51:25 UTC 2019
2 ms. Memory: 48128K Free: 30728K (64%)
ptolemy.util.test.WatchDog.cancel(): canceling Mon Jun 24 01:51:25 UTC 2019
auto.tcl: Setting watchdog for 200 seconds at Mon Jun 24 01:51:25 UTC 2019
2 ms. Memory: 48128K Free: 30094K (63%)
ptolemy.util.test.WatchDog.cancel(): canceling Mon Jun 24 01:51:25 UTC 2019
------------------ testing $PTII/ptolemy/domains/de/test/auto/ResettableTimer3.xml
auto.tcl: Setting watchdog for 200 seconds at Mon Jun 24 01:51:25 UTC 2019
1 ms. Memory: 48128K Free: 31093K (65%)
ptolemy.util.test.WatchDog.cancel(): canceling Mon Jun 24 01:51:25 UTC 2019
auto.tcl: Setting watchdog for 200 seconds at Mon Jun 24 01:51:25 UTC 2019
1 ms. Memory: 48128K Free: 30622K (64%)
ptolemy.util.test.WatchDog.cancel(): canceling Mon Jun 24 01:51:25 UTC 2019
------------------ testing $PTII/ptolemy/domains/de/test/auto/ResettableTimer4.xml
auto.tcl: Setting watchdog for 200 seconds at Mon Jun 24 01:51:25 UTC 2019
1 ms. Memory: 48128K Free: 31106K (65%)
ptolemy.util.test.WatchDog.cancel(): canceling Mon Jun 24 01:51:25 UTC 2019
auto.tcl: Setting watchdog for 200 seconds at Mon Jun 24 01:51:25 UTC 2019
1 ms. Memory: 48128K Free: 30634K (64%)
ptolemy.util.test.WatchDog.cancel(): canceling Mon Jun 24 01:51:25 UTC 2019
------------------ testing $PTII/ptolemy/domains/de/test/auto/ResettableTimer5.xml
auto.tcl: Setting watchdog for 200 seconds at Mon Jun 24 01:51:25 UTC 2019
1 ms. Memory: 48128K Free: 30617K (64%)
ptolemy.util.test.WatchDog.cancel(): canceling Mon Jun 24 01:51:25 UTC 2019
auto.tcl: Setting watchdog for 200 seconds at Mon Jun 24 01:51:25 UTC 2019
2 ms. Memory: 48128K Free: 30134K (63%)
ptolemy.util.test.WatchDog.cancel(): canceling Mon Jun 24 01:51:25 UTC 2019
------------------ testing $PTII/ptolemy/domains/de/test/auto/ResettableTimer6.xml
auto.tcl: Setting watchdog for 200 seconds at Mon Jun 24 01:51:25 UTC 2019
1 ms. Memory: 48128K Free: 30078K (62%)
ptolemy.util.test.WatchDog.cancel(): canceling Mon Jun 24 01:51:25 UTC 2019
auto.tcl: Setting watchdog for 200 seconds at Mon Jun 24 01:51:25 UTC 2019
2 ms. Memory: 48128K Free: 29591K (61%)
ptolemy.util.test.WatchDog.cancel(): canceling Mon Jun 24 01:51:25 UTC 2019
------------------ testing $PTII/ptolemy/domains/de/test/auto/ServerZeroDelay.xml
auto.tcl: Setting watchdog for 200 seconds at Mon Jun 24 01:51:25 UTC 2019
2 ms. Memory: 48128K Free: 30590K (64%)
ptolemy.util.test.WatchDog.cancel(): canceling Mon Jun 24 01:51:25 UTC 2019
auto.tcl: Setting watchdog for 200 seconds at Mon Jun 24 01:51:25 UTC 2019
4 ms. Memory: 48128K Free: 29575K (61%)
ptolemy.util.test.WatchDog.cancel(): canceling Mon Jun 24 01:51:25 UTC 2019
------------------ testing $PTII/ptolemy/domains/de/test/auto/SmartSender.xml
auto.tcl: Setting watchdog for 200 seconds at Mon Jun 24 01:51:25 UTC 2019
3001 ms. Memory: 48128K Free: 31094K (65%)
ptolemy.util.test.WatchDog.cancel(): canceling Mon Jun 24 01:51:28 UTC 2019
auto.tcl: Setting watchdog for 200 seconds at Mon Jun 24 01:51:28 UTC 2019
3002 ms. Memory: 48128K Free: 30111K (63%)
ptolemy.util.test.WatchDog.cancel(): canceling Mon Jun 24 01:51:31 UTC 2019
------------------ testing $PTII/ptolemy/domains/de/test/auto/ThreadedComposite.xml
auto.tcl: Setting watchdog for 200 seconds at Mon Jun 24 01:51:31 UTC 2019
204 ms. Memory: 48128K Free: 11142K (23%)
ptolemy.util.test.WatchDog.cancel(): canceling Mon Jun 24 01:51:31 UTC 2019
auto.tcl: Setting watchdog for 200 seconds at Mon Jun 24 01:51:31 UTC 2019
136 ms. Memory: 48128K Free: 24750K (51%)
ptolemy.util.test.WatchDog.cancel(): canceling Mon Jun 24 01:51:31 UTC 2019
------------------ testing $PTII/ptolemy/domains/de/test/auto/Time.xml
auto.tcl: Setting watchdog for 200 seconds at Mon Jun 24 01:51:31 UTC 2019
583 ms. Memory: 48128K Free: 32402K (67%)
ptolemy.util.test.WatchDog.cancel(): canceling Mon Jun 24 01:51:32 UTC 2019
auto.tcl: Setting watchdog for 200 seconds at Mon Jun 24 01:51:32 UTC 2019
448 ms. Memory: 48128K Free: 9663K (20%)
ptolemy.util.test.WatchDog.cancel(): canceling Mon Jun 24 01:51:32 UTC 2019
------------------ testing $PTII/ptolemy/domains/de/test/auto/TimeDelayZeroDelay.xml
auto.tcl: Setting watchdog for 200 seconds at Mon Jun 24 01:51:33 UTC 2019
2 ms. Memory: 48128K Free: 30993K (64%)
ptolemy.util.test.WatchDog.cancel(): canceling Mon Jun 24 01:51:33 UTC 2019
auto.tcl: Setting watchdog for 200 seconds at Mon Jun 24 01:51:33 UTC 2019
2 ms. Memory: 48128K Free: 30513K (63%)
ptolemy.util.test.WatchDog.cancel(): canceling Mon Jun 24 01:51:33 UTC 2019
------------------ testing $PTII/ptolemy/domains/de/test/auto/TimerZeroDelay.xml
auto.tcl: Setting watchdog for 200 seconds at Mon Jun 24 01:51:33 UTC 2019
2 ms. Memory: 48128K Free: 30978K (64%)
ptolemy.util.test.WatchDog.cancel(): canceling Mon Jun 24 01:51:33 UTC 2019
auto.tcl: Setting watchdog for 200 seconds at Mon Jun 24 01:51:33 UTC 2019
2 ms. Memory: 48128K Free: 30556K (63%)
ptolemy.util.test.WatchDog.cancel(): canceling Mon Jun 24 01:51:33 UTC 2019
------------------ testing $PTII/ptolemy/domains/de/test/auto/TimingParadox.xml
auto.tcl: Setting watchdog for 200 seconds at Mon Jun 24 01:51:33 UTC 2019
364 ms. Memory: 48128K Free: 16002K (33%)
ptolemy.util.test.WatchDog.cancel(): canceling Mon Jun 24 01:51:33 UTC 2019
auto.tcl: Setting watchdog for 200 seconds at Mon Jun 24 01:51:33 UTC 2019
378 ms. Memory: 58368K Free: 40581K (70%)
ptolemy.util.test.WatchDog.cancel(): canceling Mon Jun 24 01:51:34 UTC 2019
------------------ testing $PTII/ptolemy/domains/de/test/auto/TransferInputs.xml
auto.tcl: Setting watchdog for 200 seconds at Mon Jun 24 01:51:34 UTC 2019
2 ms. Memory: 51200K Free: 32080K (63%)
ptolemy.util.test.WatchDog.cancel(): canceling Mon Jun 24 01:51:34 UTC 2019
auto.tcl: Setting watchdog for 200 seconds at Mon Jun 24 01:51:34 UTC 2019
1 ms. Memory: 51200K Free: 31189K (61%)
ptolemy.util.test.WatchDog.cancel(): canceling Mon Jun 24 01:51:34 UTC 2019
------------------ testing $PTII/ptolemy/domains/de/test/auto/TransferOutputs2.xml
auto.tcl: Setting watchdog for 200 seconds at Mon Jun 24 01:51:34 UTC 2019
3 ms. Memory: 48128K Free: 26466K (55%)
ptolemy.util.test.WatchDog.cancel(): canceling Mon Jun 24 01:51:34 UTC 2019
auto.tcl: Setting watchdog for 200 seconds at Mon Jun 24 01:51:34 UTC 2019
3 ms. Memory: 48128K Free: 25059K (52%)
ptolemy.util.test.WatchDog.cancel(): canceling Mon Jun 24 01:51:34 UTC 2019
------------------ testing $PTII/ptolemy/domains/de/test/auto/Trilateration.xml
auto.tcl: Setting watchdog for 200 seconds at Mon Jun 24 01:51:34 UTC 2019
13618 ms. Memory: 460800K Free: 343595K (75%)
ptolemy.util.test.WatchDog.cancel(): canceling Mon Jun 24 01:51:48 UTC 2019
auto.tcl: Setting watchdog for 200 seconds at Mon Jun 24 01:51:48 UTC 2019
10958 ms. Memory: 460800K Free: 181206K (39%)
ptolemy.util.test.WatchDog.cancel(): canceling Mon Jun 24 01:51:59 UTC 2019
------------------ testing $PTII/ptolemy/domains/de/test/auto/TwoSigmaDelta.xml
auto.tcl: Setting watchdog for 200 seconds at Mon Jun 24 01:51:59 UTC 2019
2595 ms. Memory: 86016K Free: 26696K (31%)
ptolemy.util.test.WatchDog.cancel(): canceling Mon Jun 24 01:52:02 UTC 2019
auto.tcl: Setting watchdog for 200 seconds at Mon Jun 24 01:52:02 UTC 2019
1977 ms. Memory: 86016K Free: 19507K (23%)
ptolemy.util.test.WatchDog.cancel(): canceling Mon Jun 24 01:52:04 UTC 2019
------------------ testing $PTII/ptolemy/domains/de/test/auto/VariableDelay.xml
auto.tcl: Setting watchdog for 200 seconds at Mon Jun 24 01:52:04 UTC 2019
3 ms. Memory: 48128K Free: 29523K (61%)
ptolemy.util.test.WatchDog.cancel(): canceling Mon Jun 24 01:52:04 UTC 2019
auto.tcl: Setting watchdog for 200 seconds at Mon Jun 24 01:52:04 UTC 2019
2 ms. Memory: 48128K Free: 28506K (59%)
ptolemy.util.test.WatchDog.cancel(): canceling Mon Jun 24 01:52:04 UTC 2019
------------------ testing $PTII/ptolemy/domains/de/test/auto/VariableDelay2.xml
auto.tcl: Setting watchdog for 200 seconds at Mon Jun 24 01:52:04 UTC 2019
6 ms. Memory: 48128K Free: 29894K (62%)
ptolemy.util.test.WatchDog.cancel(): canceling Mon Jun 24 01:52:04 UTC 2019
auto.tcl: Setting watchdog for 200 seconds at Mon Jun 24 01:52:04 UTC 2019
2 ms. Memory: 48128K Free: 28935K (60%)
ptolemy.util.test.WatchDog.cancel(): canceling Mon Jun 24 01:52:04 UTC 2019
------------------ testing $PTII/ptolemy/domains/de/test/auto/VariableDelayZeroDelay.xml
auto.tcl: Setting watchdog for 200 seconds at Mon Jun 24 01:52:04 UTC 2019
2 ms. Memory: 48128K Free: 30449K (63%)
ptolemy.util.test.WatchDog.cancel(): canceling Mon Jun 24 01:52:04 UTC 2019
auto.tcl: Setting watchdog for 200 seconds at Mon Jun 24 01:52:04 UTC 2019
1 ms. Memory: 48128K Free: 29959K (62%)
ptolemy.util.test.WatchDog.cancel(): canceling Mon Jun 24 01:52:04 UTC 2019
------------------ testing $PTII/ptolemy/domains/de/test/auto/VariableDelayZeroDelay2.xml
auto.tcl: Setting watchdog for 200 seconds at Mon Jun 24 01:52:04 UTC 2019
2 ms. Memory: 48128K Free: 30447K (63%)
ptolemy.util.test.WatchDog.cancel(): canceling Mon Jun 24 01:52:04 UTC 2019
auto.tcl: Setting watchdog for 200 seconds at Mon Jun 24 01:52:04 UTC 2019
2 ms. Memory: 48128K Free: 29436K (61%)
ptolemy.util.test.WatchDog.cancel(): canceling Mon Jun 24 01:52:04 UTC 2019
------------------ testing $PTII/ptolemy/domains/de/test/auto/deInCt.xml
auto.tcl: Setting watchdog for 200 seconds at Mon Jun 24 01:52:04 UTC 2019
0
1
1
1
0
0
0
1
1
1
0
0
0
1
1
1
1
0
0
0
1
1
1
1
1
1
1
0
0
0
1
1
1
1
0
0
1
1
0
0
0
10 ms. Memory: 48128K Free: 29421K (61%)
ptolemy.util.test.WatchDog.cancel(): canceling Mon Jun 24 01:52:04 UTC 2019
auto.tcl: Setting watchdog for 200 seconds at Mon Jun 24 01:52:04 UTC 2019
0
1
1
1
0
0
1
1
1
0
0
0
1
1
1
0
0
0
0
1
1
1
1
0
0
0
0
0
0
1
1
1
1
5 ms. Memory: 48128K Free: 27892K (58%)
ptolemy.util.test.WatchDog.cancel(): canceling Mon Jun 24 01:52:04 UTC 2019
------------------ testing $PTII/ptolemy/domains/de/test/auto/deInCt2.xml
auto.tcl: Setting watchdog for 200 seconds at Mon Jun 24 01:52:05 UTC 2019
0
1
1
1
0
0
1
1
1
0
0
1
1
1
0
0
1
1
1
0
0
1
1
1
0
0
1
1
1
0
0
1
1
1
0
0
1
1
1
0
0
0
18 ms. Memory: 48128K Free: 29423K (61%)
ptolemy.util.test.WatchDog.cancel(): canceling Mon Jun 24 01:52:05 UTC 2019
auto.tcl: Setting watchdog for 200 seconds at Mon Jun 24 01:52:05 UTC 2019
0
1
1
1
0
0
1
1
1
0
0
1
1
1
0
0
1
1
1
0
0
1
1
1
0
0
1
1
1
0
0
1
1
1
0
0
1
1
1
0
0
0
14 ms. Memory: 48128K Free: 27878K (58%)
ptolemy.util.test.WatchDog.cancel(): canceling Mon Jun 24 01:52:05 UTC 2019
------------------ testing $PTII/ptolemy/domains/de/test/auto/dynamicCausalityInterface1.xml
auto.tcl: Setting watchdog for 200 seconds at Mon Jun 24 01:52:05 UTC 2019
2 ms. Memory: 48128K Free: 25321K (53%)
ptolemy.util.test.WatchDog.cancel(): canceling Mon Jun 24 01:52:05 UTC 2019
auto.tcl: Setting watchdog for 200 seconds at Mon Jun 24 01:52:05 UTC 2019
1 ms. Memory: 48128K Free: 24831K (52%)
ptolemy.util.test.WatchDog.cancel(): canceling Mon Jun 24 01:52:05 UTC 2019
------------------ testing $PTII/ptolemy/domains/de/test/auto/fsm_de_test.xml
auto.tcl: Setting watchdog for 200 seconds at Mon Jun 24 01:52:05 UTC 2019
6 ms. Memory: 48128K Free: 25220K (52%)
ptolemy.util.test.WatchDog.cancel(): canceling Mon Jun 24 01:52:05 UTC 2019
auto.tcl: Setting watchdog for 200 seconds at Mon Jun 24 01:52:05 UTC 2019
5 ms. Memory: 48128K Free: 23207K (48%)
ptolemy.util.test.WatchDog.cancel(): canceling Mon Jun 24 01:52:05 UTC 2019
------------------ testing $PTII/ptolemy/domains/de/test/auto/functionDependencyReconstruction.xml
auto.tcl: Setting watchdog for 200 seconds at Mon Jun 24 01:52:05 UTC 2019
3 ms. Memory: 48128K Free: 19066K (40%)
ptolemy.util.test.WatchDog.cancel(): canceling Mon Jun 24 01:52:05 UTC 2019
auto.tcl: Setting watchdog for 200 seconds at Mon Jun 24 01:52:05 UTC 2019
3 ms. Memory: 48128K Free: 17099K (36%)
ptolemy.util.test.WatchDog.cancel(): canceling Mon Jun 24 01:52:05 UTC 2019
------------------ testing $PTII/ptolemy/domains/de/test/auto/multirate.xml
auto.tcl: Setting watchdog for 200 seconds at Mon Jun 24 01:52:05 UTC 2019
3 ms. Memory: 48128K Free: 27853K (58%)
ptolemy.util.test.WatchDog.cancel(): canceling Mon Jun 24 01:52:05 UTC 2019
auto.tcl: Setting watchdog for 200 seconds at Mon Jun 24 01:52:05 UTC 2019
3 ms. Memory: 48128K Free: 26133K (54%)
ptolemy.util.test.WatchDog.cancel(): canceling Mon Jun 24 01:52:05 UTC 2019
------------------ testing $PTII/ptolemy/domains/de/test/auto/multirate2.xml
auto.tcl: Setting watchdog for 200 seconds at Mon Jun 24 01:52:05 UTC 2019
3 ms. Memory: 48128K Free: 28051K (58%)
ptolemy.util.test.WatchDog.cancel(): canceling Mon Jun 24 01:52:05 UTC 2019
auto.tcl: Setting watchdog for 200 seconds at Mon Jun 24 01:52:05 UTC 2019
3 ms. Memory: 48128K Free: 26815K (56%)
ptolemy.util.test.WatchDog.cancel(): canceling Mon Jun 24 01:52:05 UTC 2019
------------------ testing $PTII/ptolemy/domains/de/test/auto/realtime.xml
auto.tcl: Setting watchdog for 200 seconds at Mon Jun 24 01:52:05 UTC 2019
10001 ms. Memory: 48128K Free: 30111K (63%)
ptolemy.util.test.WatchDog.cancel(): canceling Mon Jun 24 01:52:15 UTC 2019
auto.tcl: Setting watchdog for 200 seconds at Mon Jun 24 01:52:15 UTC 2019
10001 ms. Memory: 48128K Free: 29366K (61%)
ptolemy.util.test.WatchDog.cancel(): canceling Mon Jun 24 01:52:25 UTC 2019
------------------ testing $PTII/ptolemy/domains/de/test/auto/relationGroup.xml
auto.tcl: Setting watchdog for 200 seconds at Mon Jun 24 01:52:25 UTC 2019
2 ms. Memory: 48128K Free: 31162K (65%)
ptolemy.util.test.WatchDog.cancel(): canceling Mon Jun 24 01:52:25 UTC 2019
auto.tcl: Setting watchdog for 200 seconds at Mon Jun 24 01:52:25 UTC 2019
1 ms. Memory: 48128K Free: 30416K (63%)
ptolemy.util.test.WatchDog.cancel(): canceling Mon Jun 24 01:52:25 UTC 2019
------------------ testing $PTII/ptolemy/domains/de/test/auto/relationGroup2.xml
auto.tcl: Setting watchdog for 200 seconds at Mon Jun 24 01:52:25 UTC 2019
2 ms. Memory: 48128K Free: 31166K (65%)
ptolemy.util.test.WatchDog.cancel(): canceling Mon Jun 24 01:52:25 UTC 2019
auto.tcl: Setting watchdog for 200 seconds at Mon Jun 24 01:52:25 UTC 2019
1 ms. Memory: 48128K Free: 30442K (63%)
ptolemy.util.test.WatchDog.cancel(): canceling Mon Jun 24 01:52:25 UTC 2019
------------------ testing $PTII/ptolemy/domains/de/test/auto/sortWithOpaquePorts.xml
auto.tcl: Setting watchdog for 200 seconds at Mon Jun 24 01:52:25 UTC 2019
2 ms. Memory: 48128K Free: 29952K (62%)
ptolemy.util.test.WatchDog.cancel(): canceling Mon Jun 24 01:52:25 UTC 2019
auto.tcl: Setting watchdog for 200 seconds at Mon Jun 24 01:52:25 UTC 2019
2 ms. Memory: 48128K Free: 28967K (60%)
ptolemy.util.test.WatchDog.cancel(): canceling Mon Jun 24 01:52:25 UTC 2019
------------------ testing $PTII/ptolemy/domains/de/test/auto/transferInputsandOutputs.xml
auto.tcl: Setting watchdog for 200 seconds at Mon Jun 24 01:52:25 UTC 2019
2 ms. Memory: 48128K Free: 27389K (57%)
ptolemy.util.test.WatchDog.cancel(): canceling Mon Jun 24 01:52:25 UTC 2019
auto.tcl: Setting watchdog for 200 seconds at Mon Jun 24 01:52:25 UTC 2019
2 ms. Memory: 48128K Free: 26379K (55%)
ptolemy.util.test.WatchDog.cancel(): canceling Mon Jun 24 01:52:25 UTC 2019
------------------ testing $PTII/ptolemy/domains/de/test/auto/triggerType.xml
auto.tcl: Setting watchdog for 200 seconds at Mon Jun 24 01:52:25 UTC 2019
1 ms. Memory: 48128K Free: 30415K (63%)
ptolemy.util.test.WatchDog.cancel(): canceling Mon Jun 24 01:52:25 UTC 2019
auto.tcl: Setting watchdog for 200 seconds at Mon Jun 24 01:52:25 UTC 2019
2 ms. Memory: 48128K Free: 29412K (61%)
ptolemy.util.test.WatchDog.cancel(): canceling Mon Jun 24 01:52:25 UTC 2019
06/24/19 01:52:25
Failed: 0  Total Tests: 192  ((Passed: 187, Newly Passed: 1)  Known Failed: 5) /home/travis/build/icyphy/ptII/ptolemy/domains/de/test
06/24/19 01:52:25
Failed: 0  Total Tests: 192  ((Passed: 187, Newly Passed: 1)  Known Failed: 5) /home/travis/build/icyphy/ptII/ptolemy/domains/de/test
----------------- testing (KnownFailure) /home/travis/build/icyphy/ptII/ptolemy/domains/de/test/auto/knownFailedTests/DESDFClockTest.xml
2011 ms. Memory: 48128K Free: 23809K (49%)
Known Failure: java.lang.reflect.InvocationTargetException
----------------- testing (KnownFailure) /home/travis/build/icyphy/ptII/ptolemy/domains/de/test/auto/knownFailedTests/DirectFeedback.xml
2 ms. Memory: 48128K Free: 20227K (42%)
Known Failure: java.lang.reflect.InvocationTargetException
----------------- testing (KnownFailure) /home/travis/build/icyphy/ptII/ptolemy/domains/de/test/auto/knownFailedTests/FSMSource.xml
7 ms. Memory: 48128K Free: 13059K (27%)
----------------- testing (KnownFailure) /home/travis/build/icyphy/ptII/ptolemy/domains/de/test/auto/knownFailedTests/HierarchicalModel.xml
3 ms. Memory: 48128K Free: 24599K (51%)
Known Failure: java.lang.reflect.InvocationTargetException
----------------- testing (KnownFailure) /home/travis/build/icyphy/ptII/ptolemy/domains/de/test/auto/knownFailedTests/dependencyLoop.xml
2 ms. Memory: 48128K Free: 9239K (19%)
Known Failure: java.lang.reflect.InvocationTargetException
----------------- testing (KnownFailure) /home/travis/build/icyphy/ptII/ptolemy/domains/de/test/auto/knownFailedTests/dependencyLoop2.xml
7 ms. Memory: 48128K Free: 21068K (44%)
Known Failure: java.lang.reflect.InvocationTargetException
No auto/linux-amd64/*.xml tests in /home/travis/build/icyphy/ptII/ptolemy/domains/de/test
AutoTests.java: About to close Vertx.
AutoTests.java: Vertx closed.

===========================================================================================
----------------- testing Mon Jun 24 01:52:28 UTC 2019 /home/travis/build/icyphy/ptII/ptolemy/domains/de/test/auto/ActorDepthCalculation_actorWithoutPorts.xml
----------------- Instantiating /home/travis/build/icyphy/ptII/ptolemy/domains/de/test/auto/ActorDepthCalculation_actorWithoutPorts.xml
2 ms. Memory: 48128K Free: 14455K (30%)
----------------- Invoking toplevel() on ptolemy.moml.MoMLSimpleApplication@209c38e1
----------------- Done invoking toplevel() on ptolemy.moml.MoMLSimpleApplication@209c38e1
reloadAllAccessors: .ActorDepthCalculation_actorWithoutPorts

===========================================================================================
----------------- testing Mon Jun 24 01:52:28 UTC 2019 /home/travis/build/icyphy/ptII/ptolemy/domains/de/test/auto/AssemblyLine.xml
----------------- Instantiating /home/travis/build/icyphy/ptII/ptolemy/domains/de/test/auto/AssemblyLine.xml
9 ms. Memory: 48128K Free: 33697K (70%)
----------------- Invoking toplevel() on ptolemy.moml.MoMLSimpleApplication@552c2b3d
----------------- Done invoking toplevel() on ptolemy.moml.MoMLSimpleApplication@552c2b3d
reloadAllAccessors: .AssemblyLine

===========================================================================================
----------------- testing Mon Jun 24 01:52:28 UTC 2019 /home/travis/build/icyphy/ptII/ptolemy/domains/de/test/auto/CQBug1.xml
----------------- Instantiating /home/travis/build/icyphy/ptII/ptolemy/domains/de/test/auto/CQBug1.xml
1 ms. Memory: 48128K Free: 30480K (63%)
----------------- Invoking toplevel() on ptolemy.moml.MoMLSimpleApplication@58a01d51
----------------- Done invoking toplevel() on ptolemy.moml.MoMLSimpleApplication@58a01d51
reloadAllAccessors: .CQBug1

===========================================================================================
----------------- testing Mon Jun 24 01:52:28 UTC 2019 /home/travis/build/icyphy/ptII/ptolemy/domains/de/test/auto/CancelFireAt.xml
----------------- Instantiating /home/travis/build/icyphy/ptII/ptolemy/domains/de/test/auto/CancelFireAt.xml
1 ms. Memory: 48128K Free: 28166K (59%)
----------------- Invoking toplevel() on ptolemy.moml.MoMLSimpleApplication@5c59bf2a
----------------- Done invoking toplevel() on ptolemy.moml.MoMLSimpleApplication@5c59bf2a
reloadAllAccessors: .CancelFireAt

===========================================================================================
----------------- testing Mon Jun 24 01:52:28 UTC 2019 /home/travis/build/icyphy/ptII/ptolemy/domains/de/test/auto/CausalityAndComposabilityAnalysis.xml
----------------- Instantiating /home/travis/build/icyphy/ptII/ptolemy/domains/de/test/auto/CausalityAndComposabilityAnalysis.xml
2 ms. Memory: 48128K Free: 24070K (50%)
----------------- Invoking toplevel() on ptolemy.moml.MoMLSimpleApplication@4d53bb4
----------------- Done invoking toplevel() on ptolemy.moml.MoMLSimpleApplication@4d53bb4
reloadAllAccessors: .CausalityAndComposabilityAnalysis

===========================================================================================
----------------- testing Mon Jun 24 01:52:28 UTC 2019 /home/travis/build/icyphy/ptII/ptolemy/domains/de/test/auto/CausalityInterface1.xml
----------------- Instantiating /home/travis/build/icyphy/ptII/ptolemy/domains/de/test/auto/CausalityInterface1.xml
11 ms. Memory: 48128K Free: 19184K (40%)
----------------- Invoking toplevel() on ptolemy.moml.MoMLSimpleApplication@6982a74b
----------------- Done invoking toplevel() on ptolemy.moml.MoMLSimpleApplication@6982a74b
reloadAllAccessors: .CausalityInterface1

===========================================================================================
----------------- testing Mon Jun 24 01:52:28 UTC 2019 /home/travis/build/icyphy/ptII/ptolemy/domains/de/test/auto/CausalityInterface15.xml
----------------- Instantiating /home/travis/build/icyphy/ptII/ptolemy/domains/de/test/auto/CausalityInterface15.xml
1 ms. Memory: 48128K Free: 13852K (29%)
----------------- Invoking toplevel() on ptolemy.moml.MoMLSimpleApplication@def46da
----------------- Done invoking toplevel() on ptolemy.moml.MoMLSimpleApplication@def46da
reloadAllAccessors: .CausalityInterface15

===========================================================================================
----------------- testing Mon Jun 24 01:52:28 UTC 2019 /home/travis/build/icyphy/ptII/ptolemy/domains/de/test/auto/CausalityInterface2.xml
----------------- Instantiating /home/travis/build/icyphy/ptII/ptolemy/domains/de/test/auto/CausalityInterface2.xml
1 ms. Memory: 48128K Free: 9307K (19%)
[...]
	at ptolemy.actor.Manager.run(Manager.java:1263)
	at ptolemy.actor.Manager$PtolemyRunThread.run(Manager.java:1915)
java.lang.RuntimeException: Execution failed
	at ptolemy.moml.MoMLSimpleApplication$UnloadThread.run(MoMLSimpleApplication.java:402)
Caused by: ptolemy.kernel.util.IllegalActionException: Actor is not ready to fire.  Perhaps UpSample.prefire() returned false? Try debugging the actor by selecting "Listen to Actor".  Also, for SDF check moml for tokenConsumptionRate on input.
  in .DESDFClockTest.Play Bell.Copy1:SDF Director and .DESDFClockTest.Play Bell.UpSample
	at ptolemy.actor.sched.StaticSchedulingDirector.fire(StaticSchedulingDirector.java:227)
	at ptolemy.domains.sdf.kernel.SDFDirector.fire(SDFDirector.java:500)
	at ptolemy.actor.CompositeActor.fire(CompositeActor.java:455)
	at ptolemy.domains.de.kernel.DEDirector._fire(DEDirector.java:1949)
	at ptolemy.domains.de.kernel.DEDirector.fire(DEDirector.java:502)
	at ptolemy.actor.CompositeActor.fire(CompositeActor.java:455)
	at ptolemy.actor.Manager.iterate(Manager.java:851)
	at ptolemy.actor.Manager.execute(Manager.java:369)
	at ptolemy.actor.Manager.run(Manager.java:1263)
	at ptolemy.actor.Manager$PtolemyRunThread.run(Manager.java:1915)
java.lang.reflect.InvocationTargetException
	at java.base/jdk.internal.reflect.NativeConstructorAccessorImpl.newInstance0(Native Method)
	at java.base/jdk.internal.reflect.NativeConstructorAccessorImpl.newInstance(NativeConstructorAccessorImpl.java:62)
	at java.base/jdk.internal.reflect.DelegatingConstructorAccessorImpl.newInstance(DelegatingConstructorAccessorImpl.java:45)
	at java.base/java.lang.reflect.Constructor.newInstance(Constructor.java:490)
	at ptolemy.util.test.junit.AutoKnownFailedTests.RunModel(AutoKnownFailedTests.java:105)
	at java.base/jdk.internal.reflect.NativeMethodAccessorImpl.invoke0(Native Method)
	at java.base/jdk.internal.reflect.NativeMethodAccessorImpl.invoke(NativeMethodAccessorImpl.java:62)
	at java.base/jdk.internal.reflect.DelegatingMethodAccessorImpl.invoke(DelegatingMethodAccessorImpl.java:43)
	at java.base/java.lang.reflect.Method.invoke(Method.java:566)
	at org.junit.runners.model.FrameworkMethod$1.runReflectiveCall(FrameworkMethod.java:44)
	at org.junit.internal.runners.model.ReflectiveCallable.run(ReflectiveCallable.java:15)
	at org.junit.runners.model.FrameworkMethod.invokeExplosively(FrameworkMethod.java:41)
	at junitparams.internal.InvokeParameterisedMethod.evaluate(InvokeParameterisedMethod.java:102)
	at org.junit.internal.runners.statements.FailOnTimeout$1.run(FailOnTimeout.java:28)
Caused by: ptolemy.kernel.util.IllegalActionException: Actor is not ready to fire.  Perhaps UpSample.prefire() returned false? Try debugging the actor by selecting "Listen to Actor".  Also, for SDF check moml for tokenConsumptionRate on input.
  in .DESDFClockTest.Play Bell.Copy1:SDF Director and .DESDFClockTest.Play Bell.UpSample
	at ptolemy.actor.sched.StaticSchedulingDirector.fire(StaticSchedulingDirector.java:227)
	at ptolemy.domains.sdf.kernel.SDFDirector.fire(SDFDirector.java:500)
	at ptolemy.actor.CompositeActor.fire(CompositeActor.java:455)
	at ptolemy.domains.de.kernel.DEDirector._fire(DEDirector.java:1949)
	at ptolemy.domains.de.kernel.DEDirector.fire(DEDirector.java:502)
	at ptolemy.actor.CompositeActor.fire(CompositeActor.java:455)
	at ptolemy.actor.Manager.iterate(Manager.java:851)
	at ptolemy.actor.Manager.execute(Manager.java:369)
	at ptolemy.actor.Manager.run(Manager.java:1263)
	at ptolemy.actor.Manager$PtolemyRunThread.run(Manager.java:1915)
java.lang.RuntimeException: Execution failed
	at ptolemy.moml.MoMLSimpleApplication$UnloadThread.run(MoMLSimpleApplication.java:402)
Caused by: ptolemy.kernel.util.IllegalActionException: Test fails in iteration 1.
Value was: 1.0. Should have been: 2.0
  in .DirectFeedback.Test
	at ptolemy.actor.lib.Test.fire(Test.java:268)
	at ptolemy.domains.de.kernel.DEDirector._fire(DEDirector.java:1949)
	at ptolemy.domains.de.kernel.DEDirector.fire(DEDirector.java:502)
	at ptolemy.actor.CompositeActor.fire(CompositeActor.java:455)
	at ptolemy.actor.Manager.iterate(Manager.java:851)
	at ptolemy.actor.Manager.execute(Manager.java:369)
	at ptolemy.actor.Manager.run(Manager.java:1263)
	at ptolemy.actor.Manager$PtolemyRunThread.run(Manager.java:1915)
java.lang.reflect.InvocationTargetException
	at java.base/jdk.internal.reflect.NativeConstructorAccessorImpl.newInstance0(Native Method)
	at java.base/jdk.internal.reflect.NativeConstructorAccessorImpl.newInstance(NativeConstructorAccessorImpl.java:62)
	at java.base/jdk.internal.reflect.DelegatingConstructorAccessorImpl.newInstance(DelegatingConstructorAccessorImpl.java:45)
	at java.base/java.lang.reflect.Constructor.newInstance(Constructor.java:490)
	at ptolemy.util.test.junit.AutoKnownFailedTests.RunModel(AutoKnownFailedTests.java:105)
	at java.base/jdk.internal.reflect.NativeMethodAccessorImpl.invoke0(Native Method)
	at java.base/jdk.internal.reflect.NativeMethodAccessorImpl.invoke(NativeMethodAccessorImpl.java:62)
	at java.base/jdk.internal.reflect.DelegatingMethodAccessorImpl.invoke(DelegatingMethodAccessorImpl.java:43)
	at java.base/java.lang.reflect.Method.invoke(Method.java:566)
	at org.junit.runners.model.FrameworkMethod$1.runReflectiveCall(FrameworkMethod.java:44)
	at org.junit.internal.runners.model.ReflectiveCallable.run(ReflectiveCallable.java:15)
	at org.junit.runners.model.FrameworkMethod.invokeExplosively(FrameworkMethod.java:41)
	at junitparams.internal.InvokeParameterisedMethod.evaluate(InvokeParameterisedMethod.java:102)
	at org.junit.internal.runners.statements.FailOnTimeout$1.run(FailOnTimeout.java:28)
Caused by: ptolemy.kernel.util.IllegalActionException: Test fails in iteration 1.
Value was: 1.0. Should have been: 2.0
  in .DirectFeedback.Test
	at ptolemy.actor.lib.Test.fire(Test.java:268)
	at ptolemy.domains.de.kernel.DEDirector._fire(DEDirector.java:1949)
	at ptolemy.domains.de.kernel.DEDirector.fire(DEDirector.java:502)
	at ptolemy.actor.CompositeActor.fire(CompositeActor.java:455)
	at ptolemy.actor.Manager.iterate(Manager.java:851)
	at ptolemy.actor.Manager.execute(Manager.java:369)
	at ptolemy.actor.Manager.run(Manager.java:1263)
	at ptolemy.actor.Manager$PtolemyRunThread.run(Manager.java:1915)
java.lang.RuntimeException: Execution failed
	at ptolemy.moml.MoMLSimpleApplication$UnloadThread.run(MoMLSimpleApplication.java:402)
Caused by: ptolemy.kernel.util.IllegalActionException: Found a zero delay loop containing .HierarchicalModel.A
  in .HierarchicalModel and .HierarchicalModel.A
	at ptolemy.actor.util.CausalityInterfaceForComposites._computeOutputPortDepth(CausalityInterfaceForComposites.java:759)
	at ptolemy.actor.util.CausalityInterfaceForComposites._computeInputDepth(CausalityInterfaceForComposites.java:696)
	at ptolemy.actor.util.CausalityInterfaceForComposites._computeOutputPortDepth(CausalityInterfaceForComposites.java:765)
	at ptolemy.actor.util.CausalityInterfaceForComposites._computeInputDepth(CausalityInterfaceForComposites.java:696)
	at ptolemy.actor.util.CausalityInterfaceForComposites._computeOutputPortDepth(CausalityInterfaceForComposites.java:765)
	at ptolemy.actor.util.CausalityInterfaceForComposites._computeInputDepth(CausalityInterfaceForComposites.java:696)
	at ptolemy.actor.util.CausalityInterfaceForComposites._computeActorDepth(CausalityInterfaceForComposites.java:532)
	at ptolemy.actor.util.CausalityInterfaceForComposites.checkForCycles(CausalityInterfaceForComposites.java:96)
	at ptolemy.domains.de.kernel.DEDirector.preinitialize(DEDirector.java:1338)
	at ptolemy.actor.CompositeActor.preinitialize(CompositeActor.java:1828)
	at ptolemy.actor.Manager.preinitializeAndResolveTypes(Manager.java:1040)
	at ptolemy.actor.Manager.initialize(Manager.java:710)
	at ptolemy.actor.Manager.execute(Manager.java:356)
	at ptolemy.actor.Manager.run(Manager.java:1263)
	at ptolemy.actor.Manager$PtolemyRunThread.run(Manager.java:1915)
java.lang.reflect.InvocationTargetException
	at java.base/jdk.internal.reflect.NativeConstructorAccessorImpl.newInstance0(Native Method)
	at java.base/jdk.internal.reflect.NativeConstructorAccessorImpl.newInstance(NativeConstructorAccessorImpl.java:62)
	at java.base/jdk.internal.reflect.DelegatingConstructorAccessorImpl.newInstance(DelegatingConstructorAccessorImpl.java:45)
	at java.base/java.lang.reflect.Constructor.newInstance(Constructor.java:490)
	at ptolemy.util.test.junit.AutoKnownFailedTests.RunModel(AutoKnownFailedTests.java:105)
	at java.base/jdk.internal.reflect.NativeMethodAccessorImpl.invoke0(Native Method)
	at java.base/jdk.internal.reflect.NativeMethodAccessorImpl.invoke(NativeMethodAccessorImpl.java:62)
	at java.base/jdk.internal.reflect.DelegatingMethodAccessorImpl.invoke(DelegatingMethodAccessorImpl.java:43)
	at java.base/java.lang.reflect.Method.invoke(Method.java:566)
	at org.junit.runners.model.FrameworkMethod$1.runReflectiveCall(FrameworkMethod.java:44)
	at org.junit.internal.runners.model.ReflectiveCallable.run(ReflectiveCallable.java:15)
	at org.junit.runners.model.FrameworkMethod.invokeExplosively(FrameworkMethod.java:41)
	at junitparams.internal.InvokeParameterisedMethod.evaluate(InvokeParameterisedMethod.java:102)
	at org.junit.internal.runners.statements.FailOnTimeout$1.run(FailOnTimeout.java:28)
Caused by: ptolemy.kernel.util.IllegalActionException: Found a zero delay loop containing .HierarchicalModel.A
  in .HierarchicalModel and .HierarchicalModel.A
	at ptolemy.actor.util.CausalityInterfaceForComposites._computeOutputPortDepth(CausalityInterfaceForComposites.java:759)
	at ptolemy.actor.util.CausalityInterfaceForComposites._computeInputDepth(CausalityInterfaceForComposites.java:696)
	at ptolemy.actor.util.CausalityInterfaceForComposites._computeOutputPortDepth(CausalityInterfaceForComposites.java:765)
	at ptolemy.actor.util.CausalityInterfaceForComposites._computeInputDepth(CausalityInterfaceForComposites.java:696)
	at ptolemy.actor.util.CausalityInterfaceForComposites._computeOutputPortDepth(CausalityInterfaceForComposites.java:765)
	at ptolemy.actor.util.CausalityInterfaceForComposites._computeInputDepth(CausalityInterfaceForComposites.java:696)
	at ptolemy.actor.util.CausalityInterfaceForComposites._computeActorDepth(CausalityInterfaceForComposites.java:532)
	at ptolemy.actor.util.CausalityInterfaceForComposites.checkForCycles(CausalityInterfaceForComposites.java:96)
	at ptolemy.domains.de.kernel.DEDirector.preinitialize(DEDirector.java:1338)
	at ptolemy.actor.CompositeActor.preinitialize(CompositeActor.java:1828)
	at ptolemy.actor.Manager.preinitializeAndResolveTypes(Manager.java:1040)
	at ptolemy.actor.Manager.initialize(Manager.java:710)
	at ptolemy.actor.Manager.execute(Manager.java:356)
	at ptolemy.actor.Manager.run(Manager.java:1263)
	at ptolemy.actor.Manager$PtolemyRunThread.run(Manager.java:1915)
java.lang.RuntimeException: Execution failed
	at ptolemy.moml.MoMLSimpleApplication$UnloadThread.run(MoMLSimpleApplication.java:402)
Caused by: ptolemy.kernel.util.IllegalActionException: Found a zero delay loop containing .dependencyLoop.original
  in .dependencyLoop and .dependencyLoop.original
	at ptolemy.actor.util.CausalityInterfaceForComposites._computeOutputPortDepth(CausalityInterfaceForComposites.java:759)
	at ptolemy.actor.util.CausalityInterfaceForComposites._computeInputDepth(CausalityInterfaceForComposites.java:696)
	at ptolemy.actor.util.CausalityInterfaceForComposites._computeOutputPortDepth(CausalityInterfaceForComposites.java:765)
	at ptolemy.actor.util.CausalityInterfaceForComposites._computeInputDepth(CausalityInterfaceForComposites.java:696)
	at ptolemy.actor.util.CausalityInterfaceForComposites._computeOutputPortDepth(CausalityInterfaceForComposites.java:765)
	at ptolemy.actor.util.CausalityInterfaceForComposites._computeInputDepth(CausalityInterfaceForComposites.java:696)
	at ptolemy.actor.util.CausalityInterfaceForComposites._computeActorDepth(CausalityInterfaceForComposites.java:532)
	at ptolemy.actor.util.CausalityInterfaceForComposites.checkForCycles(CausalityInterfaceForComposites.java:96)
	at ptolemy.domains.de.kernel.DEDirector.preinitialize(DEDirector.java:1338)
	at ptolemy.actor.CompositeActor.preinitialize(CompositeActor.java:1828)
	at ptolemy.actor.Manager.preinitializeAndResolveTypes(Manager.java:1040)
	at ptolemy.actor.Manager.initialize(Manager.java:710)
	at ptolemy.actor.Manager.execute(Manager.java:356)
	at ptolemy.actor.Manager.run(Manager.java:1263)
	at ptolemy.actor.Manager$PtolemyRunThread.run(Manager.java:1915)
java.lang.reflect.InvocationTargetException
	at java.base/jdk.internal.reflect.NativeConstructorAccessorImpl.newInstance0(Native Method)
	at java.base/jdk.internal.reflect.NativeConstructorAccessorImpl.newInstance(NativeConstructorAccessorImpl.java:62)
	at java.base/jdk.internal.reflect.DelegatingConstructorAccessorImpl.newInstance(DelegatingConstructorAccessorImpl.java:45)
	at java.base/java.lang.reflect.Constructor.newInstance(Constructor.java:490)
	at ptolemy.util.test.junit.AutoKnownFailedTests.RunModel(AutoKnownFailedTests.java:105)
	at java.base/jdk.internal.reflect.NativeMethodAccessorImpl.invoke0(Native Method)
	at java.base/jdk.internal.reflect.NativeMethodAccessorImpl.invoke(NativeMethodAccessorImpl.java:62)
	at java.base/jdk.internal.reflect.DelegatingMethodAccessorImpl.invoke(DelegatingMethodAccessorImpl.java:43)
	at java.base/java.lang.reflect.Method.invoke(Method.java:566)
	at org.junit.runners.model.FrameworkMethod$1.runReflectiveCall(FrameworkMethod.java:44)
	at org.junit.internal.runners.model.ReflectiveCallable.run(ReflectiveCallable.java:15)
	at org.junit.runners.model.FrameworkMethod.invokeExplosively(FrameworkMethod.java:41)
	at junitparams.internal.InvokeParameterisedMethod.evaluate(InvokeParameterisedMethod.java:102)
	at org.junit.internal.runners.statements.FailOnTimeout$1.run(FailOnTimeout.java:28)
Caused by: ptolemy.kernel.util.IllegalActionException: Found a zero delay loop containing .dependencyLoop.original
  in .dependencyLoop and .dependencyLoop.original
	at ptolemy.actor.util.CausalityInterfaceForComposites._computeOutputPortDepth(CausalityInterfaceForComposites.java:759)
	at ptolemy.actor.util.CausalityInterfaceForComposites._computeInputDepth(CausalityInterfaceForComposites.java:696)
	at ptolemy.actor.util.CausalityInterfaceForComposites._computeOutputPortDepth(CausalityInterfaceForComposites.java:765)
	at ptolemy.actor.util.CausalityInterfaceForComposites._computeInputDepth(CausalityInterfaceForComposites.java:696)
	at ptolemy.actor.util.CausalityInterfaceForComposites._computeOutputPortDepth(CausalityInterfaceForComposites.java:765)
	at ptolemy.actor.util.CausalityInterfaceForComposites._computeInputDepth(CausalityInterfaceForComposites.java:696)
	at ptolemy.actor.util.CausalityInterfaceForComposites._computeActorDepth(CausalityInterfaceForComposites.java:532)
	at ptolemy.actor.util.CausalityInterfaceForComposites.checkForCycles(CausalityInterfaceForComposites.java:96)
	at ptolemy.domains.de.kernel.DEDirector.preinitialize(DEDirector.java:1338)
	at ptolemy.actor.CompositeActor.preinitialize(CompositeActor.java:1828)
	at ptolemy.actor.Manager.preinitializeAndResolveTypes(Manager.java:1040)
	at ptolemy.actor.Manager.initialize(Manager.java:710)
	at ptolemy.actor.Manager.execute(Manager.java:356)
	at ptolemy.actor.Manager.run(Manager.java:1263)
	at ptolemy.actor.Manager$PtolemyRunThread.run(Manager.java:1915)
java.lang.RuntimeException: Execution failed
	at ptolemy.moml.MoMLSimpleApplication$UnloadThread.run(MoMLSimpleApplication.java:402)
Caused by: ptolemy.kernel.util.IllegalActionException: Found a zero delay loop containing .dependencyLoop2.original
  in .dependencyLoop2 and .dependencyLoop2.original
	at ptolemy.actor.util.CausalityInterfaceForComposites._computeOutputPortDepth(CausalityInterfaceForComposites.java:759)
	at ptolemy.actor.util.CausalityInterfaceForComposites._computeInputDepth(CausalityInterfaceForComposites.java:696)
	at ptolemy.actor.util.CausalityInterfaceForComposites._computeOutputPortDepth(CausalityInterfaceForComposites.java:765)
	at ptolemy.actor.util.CausalityInterfaceForComposites._computeInputDepth(CausalityInterfaceForComposites.java:696)
	at ptolemy.actor.util.CausalityInterfaceForComposites._computeOutputPortDepth(CausalityInterfaceForComposites.java:765)
	at ptolemy.actor.util.CausalityInterfaceForComposites._computeInputDepth(CausalityInterfaceForComposites.java:696)
	at ptolemy.actor.util.CausalityInterfaceForComposites._computeActorDepth(CausalityInterfaceForComposites.java:532)
	at ptolemy.actor.util.CausalityInterfaceForComposites.checkForCycles(CausalityInterfaceForComposites.java:96)
	at ptolemy.domains.de.kernel.DEDirector.preinitialize(DEDirector.java:1338)
	at ptolemy.actor.CompositeActor.preinitialize(CompositeActor.java:1828)
	at ptolemy.actor.Manager.preinitializeAndResolveTypes(Manager.java:1040)
	at ptolemy.actor.Manager.initialize(Manager.java:710)
	at ptolemy.actor.Manager.execute(Manager.java:356)
	at ptolemy.actor.Manager.run(Manager.java:1263)
	at ptolemy.actor.Manager$PtolemyRunThread.run(Manager.java:1915)
java.lang.reflect.InvocationTargetException
	at java.base/jdk.internal.reflect.NativeConstructorAccessorImpl.newInstance0(Native Method)
	at java.base/jdk.internal.reflect.NativeConstructorAccessorImpl.newInstance(NativeConstructorAccessorImpl.java:62)
	at java.base/jdk.internal.reflect.DelegatingConstructorAccessorImpl.newInstance(DelegatingConstructorAccessorImpl.java:45)
	at java.base/java.lang.reflect.Constructor.newInstance(Constructor.java:490)
	at ptolemy.util.test.junit.AutoKnownFailedTests.RunModel(AutoKnownFailedTests.java:105)
	at java.base/jdk.internal.reflect.NativeMethodAccessorImpl.invoke0(Native Method)
	at java.base/jdk.internal.reflect.NativeMethodAccessorImpl.invoke(NativeMethodAccessorImpl.java:62)
	at java.base/jdk.internal.reflect.DelegatingMethodAccessorImpl.invoke(DelegatingMethodAccessorImpl.java:43)
	at java.base/java.lang.reflect.Method.invoke(Method.java:566)
	at org.junit.runners.model.FrameworkMethod$1.runReflectiveCall(FrameworkMethod.java:44)
	at org.junit.internal.runners.model.ReflectiveCallable.run(ReflectiveCallable.java:15)
	at org.junit.runners.model.FrameworkMethod.invokeExplosively(FrameworkMethod.java:41)
	at junitparams.internal.InvokeParameterisedMethod.evaluate(InvokeParameterisedMethod.java:102)
	at org.junit.internal.runners.statements.FailOnTimeout$1.run(FailOnTimeout.java:28)
Caused by: ptolemy.kernel.util.IllegalActionException: Found a zero delay loop containing .dependencyLoop2.original
  in .dependencyLoop2 and .dependencyLoop2.original
	at ptolemy.actor.util.CausalityInterfaceForComposites._computeOutputPortDepth(CausalityInterfaceForComposites.java:759)
	at ptolemy.actor.util.CausalityInterfaceForComposites._computeInputDepth(CausalityInterfaceForComposites.java:696)
	at ptolemy.actor.util.CausalityInterfaceForComposites._computeOutputPortDepth(CausalityInterfaceForComposites.java:765)
	at ptolemy.actor.util.CausalityInterfaceForComposites._computeInputDepth(CausalityInterfaceForComposites.java:696)
	at ptolemy.actor.util.CausalityInterfaceForComposites._computeOutputPortDepth(CausalityInterfaceForComposites.java:765)
	at ptolemy.actor.util.CausalityInterfaceForComposites._computeInputDepth(CausalityInterfaceForComposites.java:696)
	at ptolemy.actor.util.CausalityInterfaceForComposites._computeActorDepth(CausalityInterfaceForComposites.java:532)
	at ptolemy.actor.util.CausalityInterfaceForComposites.checkForCycles(CausalityInterfaceForComposites.java:96)
	at ptolemy.domains.de.kernel.DEDirector.preinitialize(DEDirector.java:1338)
	at ptolemy.actor.CompositeActor.preinitialize(CompositeActor.java:1828)
	at ptolemy.actor.Manager.preinitializeAndResolveTypes(Manager.java:1040)
	at ptolemy.actor.Manager.initialize(Manager.java:710)
	at ptolemy.actor.Manager.execute(Manager.java:356)
	at ptolemy.actor.Manager.run(Manager.java:1263)
	at ptolemy.actor.Manager$PtolemyRunThread.run(Manager.java:1915)
]]></system-err>
</testsuite>
