<?xml version="1.0" encoding="UTF-8" ?>
<testsuite errors="0" failures="0" hostname="travis-job-336dfc27-2c76-4d19-a74f-f93f85105351" name="ptolemy.domains.modal.test.junit.JUnitTclTest" skipped="0" tests="148" time="10.79" timestamp="2018-08-23T02:01:53">
  <properties>
[...]
</properties>
  <testcase classname="ptolemy.util.test.junit.TclTests" name="[0] /home/travis/build/icyphy/ptII/ptolemy/domains/modal/test/SystemLevelType.tcl (RunTclFile)" time="1.965" />
  <testcase classname="ptolemy.util.test.junit.AutoKnownFailedTests" name="[0] /home/travis/build/icyphy/ptII/ptolemy/domains/modal/test/auto/knownFailedTests/CannotAnalysisWithPreemption.xml (RunModel)" time="0.14" />
  <testcase classname="ptolemy.util.test.junit.AutoNameArchTests" name="[0] ThereAreNoAutoArchTests (RunModel)" time="0.014" />
  <testcase classname="ptolemy.util.test.junit.AutoTests" name="[0] /home/travis/build/icyphy/ptII/ptolemy/domains/modal/test/auto/ABPTest.xml (RunModel)" time="0.769" />
  <testcase classname="ptolemy.util.test.junit.AutoTests" name="[1] /home/travis/build/icyphy/ptII/ptolemy/domains/modal/test/auto/ABROFlat.xml (RunModel)" time="0.104" />
  <testcase classname="ptolemy.util.test.junit.AutoTests" name="[2] /home/travis/build/icyphy/ptII/ptolemy/domains/modal/test/auto/ABROFlat2.xml (RunModel)" time="0.1" />
  <testcase classname="ptolemy.util.test.junit.AutoTests" name="[3] /home/travis/build/icyphy/ptII/ptolemy/domains/modal/test/auto/ABRO_present_hmm.xml (RunModel)" time="0.16" />
  <testcase classname="ptolemy.util.test.junit.AutoTests" name="[4] /home/travis/build/icyphy/ptII/ptolemy/domains/modal/test/auto/AMICoderExample.xml (RunModel)" time="0.061" />
  <testcase classname="ptolemy.util.test.junit.AutoTests" name="[5] /home/travis/build/icyphy/ptII/ptolemy/domains/modal/test/auto/AbsentToPresent.xml (RunModel)" time="0.032" />
  <testcase classname="ptolemy.util.test.junit.AutoTests" name="[6] /home/travis/build/icyphy/ptII/ptolemy/domains/modal/test/auto/Blending.xml (RunModel)" time="0.312" />
  <testcase classname="ptolemy.util.test.junit.AutoTests" name="[7] /home/travis/build/icyphy/ptII/ptolemy/domains/modal/test/auto/Broadcast.xml (RunModel)" time="0.047" />
  <testcase classname="ptolemy.util.test.junit.AutoTests" name="[8] /home/travis/build/icyphy/ptII/ptolemy/domains/modal/test/auto/BroadcastHierarchy.xml (RunModel)" time="0.074" />
  <testcase classname="ptolemy.util.test.junit.AutoTests" name="[9] /home/travis/build/icyphy/ptII/ptolemy/domains/modal/test/auto/BroadcastHierarchy2.xml (RunModel)" time="0.182" />
  <testcase classname="ptolemy.util.test.junit.AutoTests" name="[10] /home/travis/build/icyphy/ptII/ptolemy/domains/modal/test/auto/BroadcastHierarchy3.xml (RunModel)" time="0.128" />
  <testcase classname="ptolemy.util.test.junit.AutoTests" name="[11] /home/travis/build/icyphy/ptII/ptolemy/domains/modal/test/auto/BroadcastHierarchy4.xml (RunModel)" time="0.102" />
  <testcase classname="ptolemy.util.test.junit.AutoTests" name="[12] /home/travis/build/icyphy/ptII/ptolemy/domains/modal/test/auto/CannotAnalysisWithPreemption2.xml (RunModel)" time="0.037" />
  <testcase classname="ptolemy.util.test.junit.AutoTests" name="[13] /home/travis/build/icyphy/ptII/ptolemy/domains/modal/test/auto/CannotAnalysisWithPreemption3.xml (RunModel)" time="0.041" />
  <testcase classname="ptolemy.util.test.junit.AutoTests" name="[14] /home/travis/build/icyphy/ptII/ptolemy/domains/modal/test/auto/CannotProduce.xml (RunModel)" time="0.036" />
  <testcase classname="ptolemy.util.test.junit.AutoTests" name="[15] /home/travis/build/icyphy/ptII/ptolemy/domains/modal/test/auto/CannotProduceModal.xml (RunModel)" time="0.035" />
  <testcase classname="ptolemy.util.test.junit.AutoTests" name="[16] /home/travis/build/icyphy/ptII/ptolemy/domains/modal/test/auto/Case.xml (RunModel)" time="0.08" />
  <testcase classname="ptolemy.util.test.junit.AutoTests" name="[17] /home/travis/build/icyphy/ptII/ptolemy/domains/modal/test/auto/Case1.xml (RunModel)" time="0.036" />
  <testcase classname="ptolemy.util.test.junit.AutoTests" name="[18] /home/travis/build/icyphy/ptII/ptolemy/domains/modal/test/auto/Case2.xml (RunModel)" time="0.061" />
  <testcase classname="ptolemy.util.test.junit.AutoTests" name="[19] /home/travis/build/icyphy/ptII/ptolemy/domains/modal/test/auto/CausalityInterface1.xml (RunModel)" time="0.034" />
  <testcase classname="ptolemy.util.test.junit.AutoTests" name="[20] /home/travis/build/icyphy/ptII/ptolemy/domains/modal/test/auto/CausalityInterface10.xml (RunModel)" time="0.061" />
  <testcase classname="ptolemy.util.test.junit.AutoTests" name="[21] /home/travis/build/icyphy/ptII/ptolemy/domains/modal/test/auto/CausalityInterface11.xml (RunModel)" time="0.057" />
  <testcase classname="ptolemy.util.test.junit.AutoTests" name="[22] /home/travis/build/icyphy/ptII/ptolemy/domains/modal/test/auto/CausalityInterface12.xml (RunModel)" time="0.039" />
  <testcase classname="ptolemy.util.test.junit.AutoTests" name="[23] /home/travis/build/icyphy/ptII/ptolemy/domains/modal/test/auto/CausalityInterface13.xml (RunModel)" time="0.071" />
  <testcase classname="ptolemy.util.test.junit.AutoTests" name="[24] /home/travis/build/icyphy/ptII/ptolemy/domains/modal/test/auto/CausalityInterface14.xml (RunModel)" time="0.056" />
  <testcase classname="ptolemy.util.test.junit.AutoTests" name="[25] /home/travis/build/icyphy/ptII/ptolemy/domains/modal/test/auto/CausalityInterface2.xml (RunModel)" time="0.028" />
  <testcase classname="ptolemy.util.test.junit.AutoTests" name="[26] /home/travis/build/icyphy/ptII/ptolemy/domains/modal/test/auto/CausalityInterface3.xml (RunModel)" time="0.029" />
  <testcase classname="ptolemy.util.test.junit.AutoTests" name="[27] /home/travis/build/icyphy/ptII/ptolemy/domains/modal/test/auto/CausalityInterface4.xml (RunModel)" time="0.039" />
  <testcase classname="ptolemy.util.test.junit.AutoTests" name="[28] /home/travis/build/icyphy/ptII/ptolemy/domains/modal/test/auto/CausalityInterface5.xml (RunModel)" time="0.03" />
  <testcase classname="ptolemy.util.test.junit.AutoTests" name="[29] /home/travis/build/icyphy/ptII/ptolemy/domains/modal/test/auto/CausalityInterface6.xml (RunModel)" time="0.028" />
  <testcase classname="ptolemy.util.test.junit.AutoTests" name="[30] /home/travis/build/icyphy/ptII/ptolemy/domains/modal/test/auto/CausalityInterface7.xml (RunModel)" time="0.037" />
  <testcase classname="ptolemy.util.test.junit.AutoTests" name="[31] /home/travis/build/icyphy/ptII/ptolemy/domains/modal/test/auto/CausalityInterface8.xml (RunModel)" time="0.034" />
  <testcase classname="ptolemy.util.test.junit.AutoTests" name="[32] /home/travis/build/icyphy/ptII/ptolemy/domains/modal/test/auto/CausalityInterface9.xml (RunModel)" time="0.039" />
  <testcase classname="ptolemy.util.test.junit.AutoTests" name="[33] /home/travis/build/icyphy/ptII/ptolemy/domains/modal/test/auto/ChainedTransitions.xml (RunModel)" time="0.152" />
  <testcase classname="ptolemy.util.test.junit.AutoTests" name="[34] /home/travis/build/icyphy/ptII/ptolemy/domains/modal/test/auto/CycleOfImmediateTransitionsFSM.xml (RunModel)" time="0.024" />
  <testcase classname="ptolemy.util.test.junit.AutoTests" name="[35] /home/travis/build/icyphy/ptII/ptolemy/domains/modal/test/auto/CycleOfImmediateTransitionsModal.xml (RunModel)" time="0.026" />
  <testcase classname="ptolemy.util.test.junit.AutoTests" name="[36] /home/travis/build/icyphy/ptII/ptolemy/domains/modal/test/auto/CycleOfImmediateTransitionsModal2.xml (RunModel)" time="0.034" />
  <testcase classname="ptolemy.util.test.junit.AutoTests" name="[37] /home/travis/build/icyphy/ptII/ptolemy/domains/modal/test/auto/CycleOfImmediateTransitionsModal3.xml (RunModel)" time="0.07" />
  <testcase classname="ptolemy.util.test.junit.AutoTests" name="[38] /home/travis/build/icyphy/ptII/ptolemy/domains/modal/test/auto/DeepModal1.xml (RunModel)" time="0.053" />
  <testcase classname="ptolemy.util.test.junit.AutoTests" name="[39] /home/travis/build/icyphy/ptII/ptolemy/domains/modal/test/auto/DeepModal2.xml (RunModel)" time="0.062" />
  <testcase classname="ptolemy.util.test.junit.AutoTests" name="[40] /home/travis/build/icyphy/ptII/ptolemy/domains/modal/test/auto/DeepModal3.xml (RunModel)" time="0.077" />
  <testcase classname="ptolemy.util.test.junit.AutoTests" name="[41] /home/travis/build/icyphy/ptII/ptolemy/domains/modal/test/auto/DeepModal4.xml (RunModel)" time="0.075" />
  <testcase classname="ptolemy.util.test.junit.AutoTests" name="[42] /home/travis/build/icyphy/ptII/ptolemy/domains/modal/test/auto/Default1.xml (RunModel)" time="0.021" />
  <testcase classname="ptolemy.util.test.junit.AutoTests" name="[43] /home/travis/build/icyphy/ptII/ptolemy/domains/modal/test/auto/Default2.xml (RunModel)" time="0.022" />
  <testcase classname="ptolemy.util.test.junit.AutoTests" name="[44] /home/travis/build/icyphy/ptII/ptolemy/domains/modal/test/auto/Default3.xml (RunModel)" time="0.018" />
  <testcase classname="ptolemy.util.test.junit.AutoTests" name="[45] /home/travis/build/icyphy/ptII/ptolemy/domains/modal/test/auto/Default4.xml (RunModel)" time="0.017" />
  <testcase classname="ptolemy.util.test.junit.AutoTests" name="[46] /home/travis/build/icyphy/ptII/ptolemy/domains/modal/test/auto/Default5.xml (RunModel)" time="0.022" />
  <testcase classname="ptolemy.util.test.junit.AutoTests" name="[47] /home/travis/build/icyphy/ptII/ptolemy/domains/modal/test/auto/EmptyGuard.xml (RunModel)" time="0.034" />
  <testcase classname="ptolemy.util.test.junit.AutoTests" name="[48] /home/travis/build/icyphy/ptII/ptolemy/domains/modal/test/auto/ErrorTransition1.xml (RunModel)" time="0.029" />
  <testcase classname="ptolemy.util.test.junit.AutoTests" name="[49] /home/travis/build/icyphy/ptII/ptolemy/domains/modal/test/auto/ErrorTransition10.xml (RunModel)" time="0.04" />
  <testcase classname="ptolemy.util.test.junit.AutoTests" name="[50] /home/travis/build/icyphy/ptII/ptolemy/domains/modal/test/auto/ErrorTransition11.xml (RunModel)" time="0.037" />
  <testcase classname="ptolemy.util.test.junit.AutoTests" name="[51] /home/travis/build/icyphy/ptII/ptolemy/domains/modal/test/auto/ErrorTransition2.xml (RunModel)" time="0.024" />
  <testcase classname="ptolemy.util.test.junit.AutoTests" name="[52] /home/travis/build/icyphy/ptII/ptolemy/domains/modal/test/auto/ErrorTransition3.xml (RunModel)" time="0.034" />
  <testcase classname="ptolemy.util.test.junit.AutoTests" name="[53] /home/travis/build/icyphy/ptII/ptolemy/domains/modal/test/auto/ErrorTransition4.xml (RunModel)" time="0.038" />
  <testcase classname="ptolemy.util.test.junit.AutoTests" name="[54] /home/travis/build/icyphy/ptII/ptolemy/domains/modal/test/auto/ErrorTransition5.xml (RunModel)" time="0.032" />
  <testcase classname="ptolemy.util.test.junit.AutoTests" name="[55] /home/travis/build/icyphy/ptII/ptolemy/domains/modal/test/auto/ErrorTransition6.xml (RunModel)" time="0.033" />
  <testcase classname="ptolemy.util.test.junit.AutoTests" name="[56] /home/travis/build/icyphy/ptII/ptolemy/domains/modal/test/auto/ErrorTransition7.xml (RunModel)" time="0.046" />
  <testcase classname="ptolemy.util.test.junit.AutoTests" name="[57] /home/travis/build/icyphy/ptII/ptolemy/domains/modal/test/auto/ErrorTransition8.xml (RunModel)" time="0.067" />
  <testcase classname="ptolemy.util.test.junit.AutoTests" name="[58] /home/travis/build/icyphy/ptII/ptolemy/domains/modal/test/auto/ErrorTransition9.xml (RunModel)" time="0.036" />
  <testcase classname="ptolemy.util.test.junit.AutoTests" name="[59] /home/travis/build/icyphy/ptII/ptolemy/domains/modal/test/auto/ExtendedFSM.xml (RunModel)" time="0.022" />
  <testcase classname="ptolemy.util.test.junit.AutoTests" name="[60] /home/travis/build/icyphy/ptII/ptolemy/domains/modal/test/auto/FinalStates.xml (RunModel)" time="0.023" />
  <testcase classname="ptolemy.util.test.junit.AutoTests" name="[61] /home/travis/build/icyphy/ptII/ptolemy/domains/modal/test/auto/FixedPointFSM.xml (RunModel)" time="0.037" />
  <testcase classname="ptolemy.util.test.junit.AutoTests" name="[62] /home/travis/build/icyphy/ptII/ptolemy/domains/modal/test/auto/FixedPointIterationFSMActor.xml (RunModel)" time="0.025" />
  <testcase classname="ptolemy.util.test.junit.AutoTests" name="[63] /home/travis/build/icyphy/ptII/ptolemy/domains/modal/test/auto/FixedPointIterationFSMActor2.xml (RunModel)" time="0.027" />
  <testcase classname="ptolemy.util.test.junit.AutoTests" name="[64] /home/travis/build/icyphy/ptII/ptolemy/domains/modal/test/auto/ForbiddenInstantanousLoop.xml (RunModel)" time="0.028" />
  <testcase classname="ptolemy.util.test.junit.AutoTests" name="[65] /home/travis/build/icyphy/ptII/ptolemy/domains/modal/test/auto/FunctionDependencyOfFSMActorTest.xml (RunModel)" time="0.02" />
  <testcase classname="ptolemy.util.test.junit.AutoTests" name="[66] /home/travis/build/icyphy/ptII/ptolemy/domains/modal/test/auto/GuardExpression.xml (RunModel)" time="0.017" />
  <testcase classname="ptolemy.util.test.junit.AutoTests" name="[67] /home/travis/build/icyphy/ptII/ptolemy/domains/modal/test/auto/GuardNotEvaluated.xml (RunModel)" time="0.026" />
  <testcase classname="ptolemy.util.test.junit.AutoTests" name="[68] /home/travis/build/icyphy/ptII/ptolemy/domains/modal/test/auto/GuardNotEvaluated2.xml (RunModel)" time="0.021" />
  <testcase classname="ptolemy.util.test.junit.AutoTests" name="[69] /home/travis/build/icyphy/ptII/ptolemy/domains/modal/test/auto/GuardOnAbsent.xml (RunModel)" time="0.02" />
  <testcase classname="ptolemy.util.test.junit.AutoTests" name="[70] /home/travis/build/icyphy/ptII/ptolemy/domains/modal/test/auto/HierarchicalFSMTypeInference.xml (RunModel)" time="0.03" />
  <testcase classname="ptolemy.util.test.junit.AutoTests" name="[71] /home/travis/build/icyphy/ptII/ptolemy/domains/modal/test/auto/Hysteresis.xml (RunModel)" time="0.041" />
  <testcase classname="ptolemy.util.test.junit.AutoTests" name="[72] /home/travis/build/icyphy/ptII/ptolemy/domains/modal/test/auto/HysteresisWithDefault.xml (RunModel)" time="0.061" />
  <testcase classname="ptolemy.util.test.junit.AutoTests" name="[73] /home/travis/build/icyphy/ptII/ptolemy/domains/modal/test/auto/HysteresisWithDefault2.xml (RunModel)" time="0.065" />
  <testcase classname="ptolemy.util.test.junit.AutoTests" name="[74] /home/travis/build/icyphy/ptII/ptolemy/domains/modal/test/auto/ImmediateNonConstructiveness.xml (RunModel)" time="0.018" />
  <testcase classname="ptolemy.util.test.junit.AutoTests" name="[75] /home/travis/build/icyphy/ptII/ptolemy/domains/modal/test/auto/ImmediateNonConstructiveness2.xml (RunModel)" time="0.016" />
  <testcase classname="ptolemy.util.test.junit.AutoTests" name="[76] /home/travis/build/icyphy/ptII/ptolemy/domains/modal/test/auto/ImmediateTransitionReset.xml (RunModel)" time="0.057" />
  <testcase classname="ptolemy.util.test.junit.AutoTests" name="[77] /home/travis/build/icyphy/ptII/ptolemy/domains/modal/test/auto/ImmediateTransitions1.xml (RunModel)" time="0.015" />
  <testcase classname="ptolemy.util.test.junit.AutoTests" name="[78] /home/travis/build/icyphy/ptII/ptolemy/domains/modal/test/auto/ImmediateTransitionsInstantaneousCommunication.xml (RunModel)" time="0.042" />
  <testcase classname="ptolemy.util.test.junit.AutoTests" name="[79] /home/travis/build/icyphy/ptII/ptolemy/domains/modal/test/auto/InitialImmediateTransition.xml (RunModel)" time="0.019" />
  <testcase classname="ptolemy.util.test.junit.AutoTests" name="[80] /home/travis/build/icyphy/ptII/ptolemy/domains/modal/test/auto/InitialOutputs.xml (RunModel)" time="0.016" />
  <testcase classname="ptolemy.util.test.junit.AutoTests" name="[81] /home/travis/build/icyphy/ptII/ptolemy/domains/modal/test/auto/InitialStateTransition1.xml (RunModel)" time="0.021" />
  <testcase classname="ptolemy.util.test.junit.AutoTests" name="[82] /home/travis/build/icyphy/ptII/ptolemy/domains/modal/test/auto/InitialStateTransition2.xml (RunModel)" time="0.02" />
  <testcase classname="ptolemy.util.test.junit.AutoTests" name="[83] /home/travis/build/icyphy/ptII/ptolemy/domains/modal/test/auto/InitialStateTransition3.xml (RunModel)" time="0.023" />
  <testcase classname="ptolemy.util.test.junit.AutoTests" name="[84] /home/travis/build/icyphy/ptII/ptolemy/domains/modal/test/auto/InitialStateTransition4.xml (RunModel)" time="0.026" />
  <testcase classname="ptolemy.util.test.junit.AutoTests" name="[85] /home/travis/build/icyphy/ptII/ptolemy/domains/modal/test/auto/MalformedGuardExpressionNotCaught.xml (RunModel)" time="0.019" />
  <testcase classname="ptolemy.util.test.junit.AutoTests" name="[86] /home/travis/build/icyphy/ptII/ptolemy/domains/modal/test/auto/ModalBSC.xml (RunModel)" time="0.078" />
  <testcase classname="ptolemy.util.test.junit.AutoTests" name="[87] /home/travis/build/icyphy/ptII/ptolemy/domains/modal/test/auto/ModalClocks.xml (RunModel)" time="0.063" />
  <testcase classname="ptolemy.util.test.junit.AutoTests" name="[88] /home/travis/build/icyphy/ptII/ptolemy/domains/modal/test/auto/ModalDelay.xml (RunModel)" time="0.043" />
  <testcase classname="ptolemy.util.test.junit.AutoTests" name="[89] /home/travis/build/icyphy/ptII/ptolemy/domains/modal/test/auto/ModalDelay2.xml (RunModel)" time="0.036" />
  <testcase classname="ptolemy.util.test.junit.AutoTests" name="[90] /home/travis/build/icyphy/ptII/ptolemy/domains/modal/test/auto/ModalModelFromMemo.xml (RunModel)" time="0.072" />
  <testcase classname="ptolemy.util.test.junit.AutoTests" name="[91] /home/travis/build/icyphy/ptII/ptolemy/domains/modal/test/auto/ModalModelWithMultirateTransient.xml (RunModel)" time="0.052" />
  <testcase classname="ptolemy.util.test.junit.AutoTests" name="[92] /home/travis/build/icyphy/ptII/ptolemy/domains/modal/test/auto/ModalModelWithReset.xml (RunModel)" time="0.036" />
  <testcase classname="ptolemy.util.test.junit.AutoTests" name="[93] /home/travis/build/icyphy/ptII/ptolemy/domains/modal/test/auto/MouseClickFSM.xml (RunModel)" time="0.047" />
  <testcase classname="ptolemy.util.test.junit.AutoTests" name="[94] /home/travis/build/icyphy/ptII/ptolemy/domains/modal/test/auto/MouseClickFSMModal.xml (RunModel)" time="0.034" />
  <testcase classname="ptolemy.util.test.junit.AutoTests" name="[95] /home/travis/build/icyphy/ptII/ptolemy/domains/modal/test/auto/NonStrictFSM_FeedbackLoop.xml (RunModel)" time="0.051" />
  <testcase classname="ptolemy.util.test.junit.AutoTests" name="[96] /home/travis/build/icyphy/ptII/ptolemy/domains/modal/test/auto/NonStrictFSM_FeedbackLoop_Refinement.xml (RunModel)" time="0.069" />
  <testcase classname="ptolemy.util.test.junit.AutoTests" name="[97] /home/travis/build/icyphy/ptII/ptolemy/domains/modal/test/auto/NonStrictFSM_FeedbackLoop_preemptive.xml (RunModel)" time="0.047" />
  <testcase classname="ptolemy.util.test.junit.AutoTests" name="[98] /home/travis/build/icyphy/ptII/ptolemy/domains/modal/test/auto/NormalTermination.xml (RunModel)" time="0.049" />
  <testcase classname="ptolemy.util.test.junit.AutoTests" name="[99] /home/travis/build/icyphy/ptII/ptolemy/domains/modal/test/auto/Pong.xml (RunModel)" time="0.076" />
  <testcase classname="ptolemy.util.test.junit.AutoTests" name="[100] /home/travis/build/icyphy/ptII/ptolemy/domains/modal/test/auto/Pong_test.xml (RunModel)" time="0.103" />
  <testcase classname="ptolemy.util.test.junit.AutoTests" name="[101] /home/travis/build/icyphy/ptII/ptolemy/domains/modal/test/auto/PreemptionHierarchy.xml (RunModel)" time="0.024" />
  <testcase classname="ptolemy.util.test.junit.AutoTests" name="[102] /home/travis/build/icyphy/ptII/ptolemy/domains/modal/test/auto/PreemptionHierarchy2.xml (RunModel)" time="0.033" />
  <testcase classname="ptolemy.util.test.junit.AutoTests" name="[103] /home/travis/build/icyphy/ptII/ptolemy/domains/modal/test/auto/PreemptiveTransition.xml (RunModel)" time="0.022" />
  <testcase classname="ptolemy.util.test.junit.AutoTests" name="[104] /home/travis/build/icyphy/ptII/ptolemy/domains/modal/test/auto/Priorities.xml (RunModel)" time="0.099" />
  <testcase classname="ptolemy.util.test.junit.AutoTests" name="[105] /home/travis/build/icyphy/ptII/ptolemy/domains/modal/test/auto/ResetFinal.xml (RunModel)" time="0.049" />
  <testcase classname="ptolemy.util.test.junit.AutoTests" name="[106] /home/travis/build/icyphy/ptII/ptolemy/domains/modal/test/auto/ResetFinal2.xml (RunModel)" time="0.044" />
  <testcase classname="ptolemy.util.test.junit.AutoTests" name="[107] /home/travis/build/icyphy/ptII/ptolemy/domains/modal/test/auto/ResetTransitionWithStartTime.xml (RunModel)" time="0.034" />
  <testcase classname="ptolemy.util.test.junit.AutoTests" name="[108] /home/travis/build/icyphy/ptII/ptolemy/domains/modal/test/auto/SDF-FSMComposite.xml (RunModel)" time="0.025" />
  <testcase classname="ptolemy.util.test.junit.AutoTests" name="[109] /home/travis/build/icyphy/ptII/ptolemy/domains/modal/test/auto/SeeminglyNondeterminate.xml (RunModel)" time="0.078" />
  <testcase classname="ptolemy.util.test.junit.AutoTests" name="[110] /home/travis/build/icyphy/ptII/ptolemy/domains/modal/test/auto/SeeminglyNondeterminate2.xml (RunModel)" time="0.075" />
  <testcase classname="ptolemy.util.test.junit.AutoTests" name="[111] /home/travis/build/icyphy/ptII/ptolemy/domains/modal/test/auto/SpontaneousFSM.xml (RunModel)" time="0.047" />
  <testcase classname="ptolemy.util.test.junit.AutoTests" name="[112] /home/travis/build/icyphy/ptII/ptolemy/domains/modal/test/auto/SpontaneousFSM2.xml (RunModel)" time="0.034" />
  <testcase classname="ptolemy.util.test.junit.AutoTests" name="[113] /home/travis/build/icyphy/ptII/ptolemy/domains/modal/test/auto/SpontaneousFSM3.xml (RunModel)" time="0.043" />
  <testcase classname="ptolemy.util.test.junit.AutoTests" name="[114] /home/travis/build/icyphy/ptII/ptolemy/domains/modal/test/auto/SpontaneousFSM4.xml (RunModel)" time="0.045" />
  <testcase classname="ptolemy.util.test.junit.AutoTests" name="[115] /home/travis/build/icyphy/ptII/ptolemy/domains/modal/test/auto/StateTrackerTest.xml (RunModel)" time="0.08" />
  <testcase classname="ptolemy.util.test.junit.AutoTests" name="[116] /home/travis/build/icyphy/ptII/ptolemy/domains/modal/test/auto/StrongImmediateTransition.xml (RunModel)" time="0.029" />
  <testcase classname="ptolemy.util.test.junit.AutoTests" name="[117] /home/travis/build/icyphy/ptII/ptolemy/domains/modal/test/auto/SustainHierarchy.xml (RunModel)" time="0.039" />
  <testcase classname="ptolemy.util.test.junit.AutoTests" name="[118] /home/travis/build/icyphy/ptII/ptolemy/domains/modal/test/auto/TerminationTransition1.xml (RunModel)" time="0.025" />
  <testcase classname="ptolemy.util.test.junit.AutoTests" name="[119] /home/travis/build/icyphy/ptII/ptolemy/domains/modal/test/auto/TerminationTransition2.xml (RunModel)" time="0.029" />
  <testcase classname="ptolemy.util.test.junit.AutoTests" name="[120] /home/travis/build/icyphy/ptII/ptolemy/domains/modal/test/auto/TerminationTransition3.xml (RunModel)" time="0.065" />
  <testcase classname="ptolemy.util.test.junit.AutoTests" name="[121] /home/travis/build/icyphy/ptII/ptolemy/domains/modal/test/auto/TerminationTransition4.xml (RunModel)" time="0.094" />
  <testcase classname="ptolemy.util.test.junit.AutoTests" name="[122] /home/travis/build/icyphy/ptII/ptolemy/domains/modal/test/auto/TerminationTransition5.xml (RunModel)" time="0.061" />
  <testcase classname="ptolemy.util.test.junit.AutoTests" name="[123] /home/travis/build/icyphy/ptII/ptolemy/domains/modal/test/auto/TerminationTransition6.xml (RunModel)" time="0.026" />
  <testcase classname="ptolemy.util.test.junit.AutoTests" name="[124] /home/travis/build/icyphy/ptII/ptolemy/domains/modal/test/auto/TerminationTransition7.xml (RunModel)" time="0.027" />
  <testcase classname="ptolemy.util.test.junit.AutoTests" name="[125] /home/travis/build/icyphy/ptII/ptolemy/domains/modal/test/auto/TerminationTransition8.xml (RunModel)" time="0.028" />
  <testcase classname="ptolemy.util.test.junit.AutoTests" name="[126] /home/travis/build/icyphy/ptII/ptolemy/domains/modal/test/auto/Thermostat_NoHysteresis.xml (RunModel)" time="0.073" />
  <testcase classname="ptolemy.util.test.junit.AutoTests" name="[127] /home/travis/build/icyphy/ptII/ptolemy/domains/modal/test/auto/TimedFSM.xml (RunModel)" time="0.031" />
  <testcase classname="ptolemy.util.test.junit.AutoTests" name="[128] /home/travis/build/icyphy/ptII/ptolemy/domains/modal/test/auto/Timeout1.xml (RunModel)" time="0.015" />
  <testcase classname="ptolemy.util.test.junit.AutoTests" name="[129] /home/travis/build/icyphy/ptII/ptolemy/domains/modal/test/auto/Timeout2.xml (RunModel)" time="0.021" />
  <testcase classname="ptolemy.util.test.junit.AutoTests" name="[130] /home/travis/build/icyphy/ptII/ptolemy/domains/modal/test/auto/Timeout3.xml (RunModel)" time="0.016" />
  <testcase classname="ptolemy.util.test.junit.AutoTests" name="[131] /home/travis/build/icyphy/ptII/ptolemy/domains/modal/test/auto/Timeout4.xml (RunModel)" time="0.013" />
  <testcase classname="ptolemy.util.test.junit.AutoTests" name="[132] /home/travis/build/icyphy/ptII/ptolemy/domains/modal/test/auto/TransientstateModelAdvanced.xml (RunModel)" time="0.029" />
  <testcase classname="ptolemy.util.test.junit.AutoTests" name="[133] /home/travis/build/icyphy/ptII/ptolemy/domains/modal/test/auto/TransientstateModelAdvanced2.xml (RunModel)" time="0.033" />
  <testcase classname="ptolemy.util.test.junit.AutoTests" name="[134] /home/travis/build/icyphy/ptII/ptolemy/domains/modal/test/auto/TransitionRefinements.xml (RunModel)" time="0.026" />
  <testcase classname="ptolemy.util.test.junit.AutoTests" name="[135] /home/travis/build/icyphy/ptII/ptolemy/domains/modal/test/auto/TwoRefinements1.xml (RunModel)" time="0.026" />
  <testcase classname="ptolemy.util.test.junit.AutoTests" name="[136] /home/travis/build/icyphy/ptII/ptolemy/domains/modal/test/auto/TwoRefinements2.xml (RunModel)" time="0.029" />
  <testcase classname="ptolemy.util.test.junit.AutoTests" name="[137] /home/travis/build/icyphy/ptII/ptolemy/domains/modal/test/auto/WeakImmediateTransition.xml (RunModel)" time="0.031" />
  <testcase classname="ptolemy.util.test.junit.AutoTests" name="[138] /home/travis/build/icyphy/ptII/ptolemy/domains/modal/test/auto/booleanSelect.xml (RunModel)" time="0.072" />
  <testcase classname="ptolemy.util.test.junit.AutoTests" name="[139] /home/travis/build/icyphy/ptII/ptolemy/domains/modal/test/auto/modalChangingParams.xml (RunModel)" time="0.263" />
  <testcase classname="ptolemy.util.test.junit.AutoTests" name="[140] /home/travis/build/icyphy/ptII/ptolemy/domains/modal/test/auto/modalModel.xml (RunModel)" time="0.03" />
  <testcase classname="ptolemy.util.test.junit.AutoTests" name="[141] /home/travis/build/icyphy/ptII/ptolemy/domains/modal/test/auto/modalModel2.xml (RunModel)" time="0.034" />
  <testcase classname="ptolemy.util.test.junit.AutoTests" name="[142] /home/travis/build/icyphy/ptII/ptolemy/domains/modal/test/auto/modalModel3.xml (RunModel)" time="0.039" />
  <testcase classname="ptolemy.util.test.junit.AutoTests" name="[143] /home/travis/build/icyphy/ptII/ptolemy/domains/modal/test/auto/model1.xml (RunModel)" time="0.02" />
  <testcase classname="ptolemy.util.test.junit.AutoTests" name="[144] /home/travis/build/icyphy/ptII/ptolemy/domains/modal/test/auto/test-direct-in-out.xml (RunModel)" time="0.022" />
  <system-out><![CDATA[/home/travis/build/icyphy/ptII/ptolemy/domains/modal/test/SystemLevelType.tcl
testDefs.tcl: setting time out to 9000 seconds at Thu Aug 23 02:01:53 UTC 2018
08/23/18 02:01:55
Failed: 0  Total Tests: 1  ((Passed: 1, Newly Passed: 0)  Known Failed: 0) /home/travis/build/icyphy/ptII/ptolemy/domains/modal/test
----------------- testing (KnownFailure) /home/travis/build/icyphy/ptII/ptolemy/domains/modal/test/auto/knownFailedTests/CannotAnalysisWithPreemption.xml
58 ms. Memory: 208384K Free: 186095K (89%)
Known Failure: java.lang.reflect.InvocationTargetException
No auto/linux-amd64/*.xml tests in /home/travis/build/icyphy/ptII/ptolemy/domains/modal/test
AutoTests.java: About to close Vertx.
AutoTests.java: Vertx closed.

===========================================================================================
----------------- testing Thu Aug 23 02:01:55 UTC 2018 /home/travis/build/icyphy/ptII/ptolemy/domains/modal/test/auto/ABPTest.xml
----------------- Instantiating /home/travis/build/icyphy/ptII/ptolemy/domains/modal/test/auto/ABPTest.xml
398 ms. Memory: 332288K Free: 292417K (88%)
----------------- Invoking toplevel() on ptolemy.moml.MoMLSimpleApplication@5387892c
----------------- Done invoking toplevel() on ptolemy.moml.MoMLSimpleApplication@5387892c
reloadAllAccessors: .ABPTest

===========================================================================================
----------------- testing Thu Aug 23 02:01:56 UTC 2018 /home/travis/build/icyphy/ptII/ptolemy/domains/modal/test/auto/ABROFlat.xml
----------------- Instantiating /home/travis/build/icyphy/ptII/ptolemy/domains/modal/test/auto/ABROFlat.xml
25 ms. Memory: 332288K Free: 270229K (81%)
----------------- Invoking toplevel() on ptolemy.moml.MoMLSimpleApplication@4f02e9b6
----------------- Done invoking toplevel() on ptolemy.moml.MoMLSimpleApplication@4f02e9b6
reloadAllAccessors: .ABROFlat

===========================================================================================
----------------- testing Thu Aug 23 02:01:56 UTC 2018 /home/travis/build/icyphy/ptII/ptolemy/domains/modal/test/auto/ABROFlat2.xml
----------------- Instantiating /home/travis/build/icyphy/ptII/ptolemy/domains/modal/test/auto/ABROFlat2.xml
23 ms. Memory: 332288K Free: 252318K (76%)
----------------- Invoking toplevel() on ptolemy.moml.MoMLSimpleApplication@6f139050
----------------- Done invoking toplevel() on ptolemy.moml.MoMLSimpleApplication@6f139050
reloadAllAccessors: .ABROFlat2

===========================================================================================
----------------- testing Thu Aug 23 02:01:56 UTC 2018 /home/travis/build/icyphy/ptII/ptolemy/domains/modal/test/auto/ABRO_present_hmm.xml
----------------- Instantiating /home/travis/build/icyphy/ptII/ptolemy/domains/modal/test/auto/ABRO_present_hmm.xml
32 ms. Memory: 332288K Free: 219755K (66%)
----------------- Invoking toplevel() on ptolemy.moml.MoMLSimpleApplication@6fb3b0c0
----------------- Done invoking toplevel() on ptolemy.moml.MoMLSimpleApplication@6fb3b0c0
reloadAllAccessors: .ABRO_present_hmm

===========================================================================================
----------------- testing Thu Aug 23 02:01:56 UTC 2018 /home/travis/build/icyphy/ptII/ptolemy/domains/modal/test/auto/AMICoderExample.xml
----------------- Instantiating /home/travis/build/icyphy/ptII/ptolemy/domains/modal/test/auto/AMICoderExample.xml
21 ms. Memory: 332288K Free: 208357K (63%)
----------------- Invoking toplevel() on ptolemy.moml.MoMLSimpleApplication@6b8ff404
----------------- Done invoking toplevel() on ptolemy.moml.MoMLSimpleApplication@6b8ff404
reloadAllAccessors: .AMICoderExample

===========================================================================================
----------------- testing Thu Aug 23 02:01:57 UTC 2018 /home/travis/build/icyphy/ptII/ptolemy/domains/modal/test/auto/AbsentToPresent.xml
----------------- Instantiating /home/travis/build/icyphy/ptII/ptolemy/domains/modal/test/auto/AbsentToPresent.xml
8 ms. Memory: 332288K Free: 198392K (60%)
----------------- Invoking toplevel() on ptolemy.moml.MoMLSimpleApplication@17d18955
----------------- Done invoking toplevel() on ptolemy.moml.MoMLSimpleApplication@17d18955
reloadAllAccessors: .AbsentToPresent

===========================================================================================
----------------- testing Thu Aug 23 02:01:57 UTC 2018 /home/travis/build/icyphy/ptII/ptolemy/domains/modal/test/auto/Blending.xml
----------------- Instantiating /home/travis/build/icyphy/ptII/ptolemy/domains/modal/test/auto/Blending.xml
189 ms. Memory: 332288K Free: 147918K (45%)
----------------- Invoking toplevel() on ptolemy.moml.MoMLSimpleApplication@571d46f4
----------------- Done invoking toplevel() on ptolemy.moml.MoMLSimpleApplication@571d46f4
reloadAllAccessors: .Blending

===========================================================================================
----------------- testing Thu Aug 23 02:01:57 UTC 2018 /home/travis/build/icyphy/ptII/ptolemy/domains/modal/test/auto/Broadcast.xml
----------------- Instantiating /home/travis/build/icyphy/ptII/ptolemy/domains/modal/test/auto/Broadcast.xml
8 ms. Memory: 332288K Free: 134893K (41%)
----------------- Invoking toplevel() on ptolemy.moml.MoMLSimpleApplication@e6e74e5
----------------- Done invoking toplevel() on ptolemy.moml.MoMLSimpleApplication@e6e74e5
reloadAllAccessors: .Broadcast

===========================================================================================
----------------- testing Thu Aug 23 02:01:57 UTC 2018 /home/travis/build/icyphy/ptII/ptolemy/domains/modal/test/auto/BroadcastHierarchy.xml
----------------- Instantiating /home/travis/build/icyphy/ptII/ptolemy/domains/modal/test/auto/BroadcastHierarchy.xml
16 ms. Memory: 332288K Free: 116982K (35%)
----------------- Invoking toplevel() on ptolemy.moml.MoMLSimpleApplication@6a53611a
----------------- Done invoking toplevel() on ptolemy.moml.MoMLSimpleApplication@6a53611a
reloadAllAccessors: .BroadcastHierarchy

===========================================================================================
----------------- testing Thu Aug 23 02:01:57 UTC 2018 /home/travis/build/icyphy/ptII/ptolemy/domains/modal/test/auto/BroadcastHierarchy2.xml
----------------- Instantiating /home/travis/build/icyphy/ptII/ptolemy/domains/modal/test/auto/BroadcastHierarchy2.xml
38 ms. Memory: 332288K Free: 81162K (24%)
----------------- Invoking toplevel() on ptolemy.moml.MoMLSimpleApplication@7595945b
----------------- Done invoking toplevel() on ptolemy.moml.MoMLSimpleApplication@7595945b
reloadAllAccessors: .BroadcastHierarchy2

===========================================================================================
----------------- testing Thu Aug 23 02:01:57 UTC 2018 /home/travis/build/icyphy/ptII/ptolemy/domains/modal/test/auto/BroadcastHierarchy3.xml
----------------- Instantiating /home/travis/build/icyphy/ptII/ptolemy/domains/modal/test/auto/BroadcastHierarchy3.xml
26 ms. Memory: 333824K Free: 299731K (90%)
----------------- Invoking toplevel() on ptolemy.moml.MoMLSimpleApplication@244fd2d2
----------------- Done invoking toplevel() on ptolemy.moml.MoMLSimpleApplication@244fd2d2
reloadAllAccessors: .BroadcastHierarchy3

===========================================================================================
----------------- testing Thu Aug 23 02:01:57 UTC 2018 /home/travis/build/icyphy/ptII/ptolemy/domains/modal/test/auto/BroadcastHierarchy4.xml
----------------- Instantiating /home/travis/build/icyphy/ptII/ptolemy/domains/modal/test/auto/BroadcastHierarchy4.xml
21 ms. Memory: 333824K Free: 266494K (80%)
----------------- Invoking toplevel() on ptolemy.moml.MoMLSimpleApplication@11877512
----------------- Done invoking toplevel() on ptolemy.moml.MoMLSimpleApplication@11877512
reloadAllAccessors: .BroadcastHierarchy4

===========================================================================================
----------------- testing Thu Aug 23 02:01:57 UTC 2018 /home/travis/build/icyphy/ptII/ptolemy/domains/modal/test/auto/CannotAnalysisWithPreemption2.xml
----------------- Instantiating /home/travis/build/icyphy/ptII/ptolemy/domains/modal/test/auto/CannotAnalysisWithPreemption2.xml
6 ms. Memory: 333824K Free: 256725K (77%)
----------------- Invoking toplevel() on ptolemy.moml.MoMLSimpleApplication@407255c7
----------------- Done invoking toplevel() on ptolemy.moml.MoMLSimpleApplication@407255c7
reloadAllAccessors: .CannotAnalysisWithPreemption2

===========================================================================================
----------------- testing Thu Aug 23 02:01:57 UTC 2018 /home/travis/build/icyphy/ptII/ptolemy/domains/modal/test/auto/CannotAnalysisWithPreemption3.xml
----------------- Instantiating /home/travis/build/icyphy/ptII/ptolemy/domains/modal/test/auto/CannotAnalysisWithPreemption3.xml
5 ms. Memory: 333824K Free: 243700K (73%)
----------------- Invoking toplevel() on ptolemy.moml.MoMLSimpleApplication@5353ede4
----------------- Done invoking toplevel() on ptolemy.moml.MoMLSimpleApplication@5353ede4
reloadAllAccessors: .CannotAnalysisWithPreemption3

===========================================================================================
----------------- testing Thu Aug 23 02:01:58 UTC 2018 /home/travis/build/icyphy/ptII/ptolemy/domains/modal/test/auto/CannotProduce.xml
----------------- Instantiating /home/travis/build/icyphy/ptII/ptolemy/domains/modal/test/auto/CannotProduce.xml
13 ms. Memory: 333824K Free: 234886K (70%)
----------------- Invoking toplevel() on ptolemy.moml.MoMLSimpleApplication@50f050f1
----------------- Done invoking toplevel() on ptolemy.moml.MoMLSimpleApplication@50f050f1
reloadAllAccessors: .CannotProduce

===========================================================================================
----------------- testing Thu Aug 23 02:01:58 UTC 2018 /home/travis/build/icyphy/ptII/ptolemy/domains/modal/test/auto/CannotProduceModal.xml
----------------- Instantiating /home/travis/build/icyphy/ptII/ptolemy/domains/modal/test/auto/CannotProduceModal.xml
9 ms. Memory: 333824K Free: 226729K (68%)
----------------- Invoking toplevel() on ptolemy.moml.MoMLSimpleApplication@6564cd0c
----------------- Done invoking toplevel() on ptolemy.moml.MoMLSimpleApplication@6564cd0c
reloadAllAccessors: .CannotProduceModal

===========================================================================================
----------------- testing Thu Aug 23 02:01:58 UTC 2018 /home/travis/build/icyphy/ptII/ptolemy/domains/modal/test/auto/Case.xml
----------------- Instantiating /home/travis/build/icyphy/ptII/ptolemy/domains/modal/test/auto/Case.xml
33 ms. Memory: 333824K Free: 213704K (64%)
----------------- Invoking toplevel() on ptolemy.moml.MoMLSimpleApplication@7fb57828
----------------- Done invoking toplevel() on ptolemy.moml.MoMLSimpleApplication@7fb57828
reloadAllAccessors: .Case

===========================================================================================
----------------- testing Thu Aug 23 02:01:58 UTC 2018 /home/travis/build/icyphy/ptII/ptolemy/domains/modal/test/auto/Case1.xml
----------------- Instantiating /home/travis/build/icyphy/ptII/ptolemy/domains/modal/test/auto/Case1.xml
9 ms. Memory: 333824K Free: 203246K (61%)
----------------- Invoking toplevel() on ptolemy.moml.MoMLSimpleApplication@666cbcc2
----------------- Done invoking toplevel() on ptolemy.moml.MoMLSimpleApplication@666cbcc2
reloadAllAccessors: .Case1

===========================================================================================
----------------- testing Thu Aug 23 02:01:58 UTC 2018 /home/travis/build/icyphy/ptII/ptolemy/domains/modal/test/auto/Case2.xml
----------------- Instantiating /home/travis/build/icyphy/ptII/ptolemy/domains/modal/test/auto/Case2.xml
27 ms. Memory: 333824K Free: 191849K (57%)
----------------- Invoking toplevel() on ptolemy.moml.MoMLSimpleApplication@5ad93863
----------------- Done invoking toplevel() on ptolemy.moml.MoMLSimpleApplication@5ad93863
reloadAllAccessors: .Case2

===========================================================================================
----------------- testing Thu Aug 23 02:01:58 UTC 2018 /home/travis/build/icyphy/ptII/ptolemy/domains/modal/test/auto/CausalityInterface1.xml
----------------- Instantiating /home/travis/build/icyphy/ptII/ptolemy/domains/modal/test/auto/CausalityInterface1.xml
4 ms. Memory: 333824K Free: 185336K (56%)
----------------- Invoking toplevel() on ptolemy.moml.MoMLSimpleApplication@56c88586
----------------- Done invoking toplevel() on ptolemy.moml.MoMLSimpleApplication@56c88586
reloadAllAccessors: .CausalityInterface1

===========================================================================================
----------------- testing Thu Aug 23 02:01:58 UTC 2018 /home/travis/build/icyphy/ptII/ptolemy/domains/modal/test/auto/CausalityInterface10.xml
----------------- Instantiating /home/travis/build/icyphy/ptII/ptolemy/domains/modal/test/auto/CausalityInterface10.xml
5 ms. Memory: 333824K Free: 166753K (50%)
----------------- Invoking toplevel() on ptolemy.moml.MoMLSimpleApplication@1e88ee4d
----------------- Done invoking toplevel() on ptolemy.moml.MoMLSimpleApplication@1e88ee4d
reloadAllAccessors: .CausalityInterface10

===========================================================================================
----------------- testing Thu Aug 23 02:01:58 UTC 2018 /home/travis/build/icyphy/ptII/ptolemy/domains/modal/test/auto/CausalityInterface11.xml
----------------- Instantiating /home/travis/build/icyphy/ptII/ptolemy/domains/modal/test/auto/CausalityInterface11.xml
9 ms. Memory: 333824K Free: 150471K (45%)
----------------- Invoking toplevel() on ptolemy.moml.MoMLSimpleApplication@1393ed4f
----------------- Done invoking toplevel() on ptolemy.moml.MoMLSimpleApplication@1393ed4f
reloadAllAccessors: .CausalityInterface11

===========================================================================================
----------------- testing Thu Aug 23 02:01:58 UTC 2018 /home/travis/build/icyphy/ptII/ptolemy/domains/modal/test/auto/CausalityInterface12.xml
----------------- Instantiating /home/travis/build/icyphy/ptII/ptolemy/domains/modal/test/auto/CausalityInterface12.xml
8 ms. Memory: 333824K Free: 134190K (40%)
----------------- Invoking toplevel() on ptolemy.moml.MoMLSimpleApplication@4154c0cd
----------------- Done invoking toplevel() on ptolemy.moml.MoMLSimpleApplication@4154c0cd
reloadAllAccessors: .CausalityInterface12

===========================================================================================
----------------- testing Thu Aug 23 02:01:58 UTC 2018 /home/travis/build/icyphy/ptII/ptolemy/domains/modal/test/auto/CausalityInterface13.xml
----------------- Instantiating /home/travis/build/icyphy/ptII/ptolemy/domains/modal/test/auto/CausalityInterface13.xml
14 ms. Memory: 333824K Free: 115607K (35%)
----------------- Invoking toplevel() on ptolemy.moml.MoMLSimpleApplication@589dda31
----------------- Done invoking toplevel() on ptolemy.moml.MoMLSimpleApplication@589dda31
reloadAllAccessors: .CausalityInterface13

===========================================================================================
----------------- testing Thu Aug 23 02:01:58 UTC 2018 /home/travis/build/icyphy/ptII/ptolemy/domains/modal/test/auto/CausalityInterface14.xml
----------------- Instantiating /home/travis/build/icyphy/ptII/ptolemy/domains/modal/test/auto/CausalityInterface14.xml
15 ms. Memory: 333824K Free: 99325K (30%)
----------------- Invoking toplevel() on ptolemy.moml.MoMLSimpleApplication@321a2a23
----------------- Done invoking toplevel() on ptolemy.moml.MoMLSimpleApplication@321a2a23
reloadAllAccessors: .CausalityInterface14

===========================================================================================
----------------- testing Thu Aug 23 02:01:58 UTC 2018 /home/travis/build/icyphy/ptII/ptolemy/domains/modal/test/auto/CausalityInterface2.xml
----------------- Instantiating /home/travis/build/icyphy/ptII/ptolemy/domains/modal/test/auto/CausalityInterface2.xml
4 ms. Memory: 333824K Free: 91184K (27%)
----------------- Invoking toplevel() on ptolemy.moml.MoMLSimpleApplication@7c85676d
----------------- Done invoking toplevel() on ptolemy.moml.MoMLSimpleApplication@7c85676d
reloadAllAccessors: .CausalityInterface2

===========================================================================================
----------------- testing Thu Aug 23 02:01:58 UTC 2018 /home/travis/build/icyphy/ptII/ptolemy/domains/modal/test/auto/CausalityInterface3.xml
----------------- Instantiating /home/travis/build/icyphy/ptII/ptolemy/domains/modal/test/auto/CausalityInterface3.xml
3 ms. Memory: 333824K Free: 80741K (24%)
----------------- Invoking toplevel() on ptolemy.moml.MoMLSimpleApplication@4ba15fba
----------------- Done invoking toplevel() on ptolemy.moml.MoMLSimpleApplication@4ba15fba
reloadAllAccessors: .CausalityInterface3

===========================================================================================
----------------- testing Thu Aug 23 02:01:58 UTC 2018 /home/travis/build/icyphy/ptII/ptolemy/domains/modal/test/auto/CausalityInterface4.xml
----------------- Instantiating /home/travis/build/icyphy/ptII/ptolemy/domains/modal/test/auto/CausalityInterface4.xml
7 ms. Memory: 578560K Free: 560182K (97%)
----------------- Invoking toplevel() on ptolemy.moml.MoMLSimpleApplication@6042d080
----------------- Done invoking toplevel() on ptolemy.moml.MoMLSimpleApplication@6042d080
reloadAllAccessors: .CausalityInterface4

===========================================================================================
----------------- testing Thu Aug 23 02:01:58 UTC 2018 /home/travis/build/icyphy/ptII/ptolemy/domains/modal/test/auto/CausalityInterface5.xml
----------------- Instantiating /home/travis/build/icyphy/ptII/ptolemy/domains/modal/test/auto/CausalityInterface5.xml
4 ms. Memory: 578560K Free: 543987K (94%)
----------------- Invoking toplevel() on ptolemy.moml.MoMLSimpleApplication@69352a7c
----------------- Done invoking toplevel() on ptolemy.moml.MoMLSimpleApplication@69352a7c
reloadAllAccessors: .CausalityInterface5

===========================================================================================
----------------- testing Thu Aug 23 02:01:58 UTC 2018 /home/travis/build/icyphy/ptII/ptolemy/domains/modal/test/auto/CausalityInterface6.xml
----------------- Instantiating /home/travis/build/icyphy/ptII/ptolemy/domains/modal/test/auto/CausalityInterface6.xml
4 ms. Memory: 578560K Free: 530946K (92%)
----------------- Invoking toplevel() on ptolemy.moml.MoMLSimpleApplication@43fde4a3
----------------- Done invoking toplevel() on ptolemy.moml.MoMLSimpleApplication@43fde4a3
reloadAllAccessors: .CausalityInterface6

===========================================================================================
----------------- testing Thu Aug 23 02:01:58 UTC 2018 /home/travis/build/icyphy/ptII/ptolemy/domains/modal/test/auto/CausalityInterface7.xml
----------------- Instantiating /home/travis/build/icyphy/ptII/ptolemy/domains/modal/test/auto/CausalityInterface7.xml
10 ms. Memory: 578560K Free: 517664K (89%)
----------------- Invoking toplevel() on ptolemy.moml.MoMLSimpleApplication@6d257e53
----------------- Done invoking toplevel() on ptolemy.moml.MoMLSimpleApplication@6d257e53
reloadAllAccessors: .CausalityInterface7

===========================================================================================
----------------- testing Thu Aug 23 02:01:58 UTC 2018 /home/travis/build/icyphy/ptII/ptolemy/domains/modal/test/auto/CausalityInterface8.xml
----------------- Instantiating /home/travis/build/icyphy/ptII/ptolemy/domains/modal/test/auto/CausalityInterface8.xml
5 ms. Memory: 578560K Free: 504639K (87%)
----------------- Invoking toplevel() on ptolemy.moml.MoMLSimpleApplication@3d408c9e
----------------- Done invoking toplevel() on ptolemy.moml.MoMLSimpleApplication@3d408c9e
reloadAllAccessors: .CausalityInterface8

===========================================================================================
----------------- testing Thu Aug 23 02:01:58 UTC 2018 /home/travis/build/icyphy/ptII/ptolemy/domains/modal/test/auto/CausalityInterface9.xml
----------------- Instantiating /home/travis/build/icyphy/ptII/ptolemy/domains/modal/test/auto/CausalityInterface9.xml
10 ms. Memory: 578560K Free: 488443K (84%)
----------------- Invoking toplevel() on ptolemy.moml.MoMLSimpleApplication@2c3a0554
----------------- Done invoking toplevel() on ptolemy.moml.MoMLSimpleApplication@2c3a0554
reloadAllAccessors: .CausalityInterface9

===========================================================================================
----------------- testing Thu Aug 23 02:01:58 UTC 2018 /home/travis/build/icyphy/ptII/ptolemy/domains/modal/test/auto/ChainedTransitions.xml
----------------- Instantiating /home/travis/build/icyphy/ptII/ptolemy/domains/modal/test/auto/ChainedTransitions.xml
102 ms. Memory: 578560K Free: 449335K (78%)
----------------- Invoking toplevel() on ptolemy.moml.MoMLSimpleApplication@43e8aa3
----------------- Done invoking toplevel() on ptolemy.moml.MoMLSimpleApplication@43e8aa3
reloadAllAccessors: .ChainedTransitions

===========================================================================================
----------------- testing Thu Aug 23 02:01:59 UTC 2018 /home/travis/build/icyphy/ptII/ptolemy/domains/modal/test/auto/CycleOfImmediateTransitionsFSM.xml
----------------- Instantiating /home/travis/build/icyphy/ptII/ptolemy/domains/modal/test/auto/CycleOfImmediateTransitionsFSM.xml
5 ms. Memory: 578560K Free: 439566K (76%)
----------------- Invoking toplevel() on ptolemy.moml.MoMLSimpleApplication@1a92a081
----------------- Done invoking toplevel() on ptolemy.moml.MoMLSimpleApplication@1a92a081
reloadAllAccessors: .CycleOfImmediateTransitionsFSM

===========================================================================================
----------------- testing Thu Aug 23 02:01:59 UTC 2018 /home/travis/build/icyphy/ptII/ptolemy/domains/modal/test/auto/CycleOfImmediateTransitionsModal.xml
----------------- Instantiating /home/travis/build/icyphy/ptII/ptolemy/domains/modal/test/auto/CycleOfImmediateTransitionsModal.xml
4 ms. Memory: 578560K Free: 429781K (74%)
----------------- Invoking toplevel() on ptolemy.moml.MoMLSimpleApplication@6e03f5c6
----------------- Done invoking toplevel() on ptolemy.moml.MoMLSimpleApplication@6e03f5c6
reloadAllAccessors: .CycleOfImmediateTransitionsModal

===========================================================================================
----------------- testing Thu Aug 23 02:01:59 UTC 2018 /home/travis/build/icyphy/ptII/ptolemy/domains/modal/test/auto/CycleOfImmediateTransitionsModal2.xml
----------------- Instantiating /home/travis/build/icyphy/ptII/ptolemy/domains/modal/test/auto/CycleOfImmediateTransitionsModal2.xml
5 ms. Memory: 578560K Free: 416842K (72%)
----------------- Invoking toplevel() on ptolemy.moml.MoMLSimpleApplication@5e4c28ca
----------------- Done invoking toplevel() on ptolemy.moml.MoMLSimpleApplication@5e4c28ca
reloadAllAccessors: .CycleOfImmediateTransitionsModal2

===========================================================================================
----------------- testing Thu Aug 23 02:01:59 UTC 2018 /home/travis/build/icyphy/ptII/ptolemy/domains/modal/test/auto/CycleOfImmediateTransitionsModal3.xml
----------------- Instantiating /home/travis/build/icyphy/ptII/ptolemy/domains/modal/test/auto/CycleOfImmediateTransitionsModal3.xml
13 ms. Memory: 578560K Free: 387486K (67%)
----------------- Invoking toplevel() on ptolemy.moml.MoMLSimpleApplication@25f63f5d
----------------- Done invoking toplevel() on ptolemy.moml.MoMLSimpleApplication@25f63f5d
reloadAllAccessors: .CycleOfImmediateTransitionsModal3

===========================================================================================
----------------- testing Thu Aug 23 02:01:59 UTC 2018 /home/travis/build/icyphy/ptII/ptolemy/domains/modal/test/auto/DeepModal1.xml
----------------- Instantiating /home/travis/build/icyphy/ptII/ptolemy/domains/modal/test/auto/DeepModal1.xml
22 ms. Memory: 578560K Free: 367916K (64%)
----------------- Invoking toplevel() on ptolemy.moml.MoMLSimpleApplication@2823b230
----------------- Done invoking toplevel() on ptolemy.moml.MoMLSimpleApplication@2823b230
reloadAllAccessors: .DeepModal1

===========================================================================================
----------------- testing Thu Aug 23 02:01:59 UTC 2018 /home/travis/build/icyphy/ptII/ptolemy/domains/modal/test/auto/DeepModal2.xml
----------------- Instantiating /home/travis/build/icyphy/ptII/ptolemy/domains/modal/test/auto/DeepModal2.xml
22 ms. Memory: 578560K Free: 345089K (60%)
----------------- Invoking toplevel() on ptolemy.moml.MoMLSimpleApplication@3071e286
----------------- Done invoking toplevel() on ptolemy.moml.MoMLSimpleApplication@3071e286
reloadAllAccessors: .DeepModal2

===========================================================================================
----------------- testing Thu Aug 23 02:01:59 UTC 2018 /home/travis/build/icyphy/ptII/ptolemy/domains/modal/test/auto/DeepModal3.xml
----------------- Instantiating /home/travis/build/icyphy/ptII/ptolemy/domains/modal/test/auto/DeepModal3.xml
27 ms. Memory: 578560K Free: 319093K (55%)
----------------- Invoking toplevel() on ptolemy.moml.MoMLSimpleApplication@3bff5ffb
----------------- Done invoking toplevel() on ptolemy.moml.MoMLSimpleApplication@3bff5ffb
reloadAllAccessors: .DeepModal3

===========================================================================================
----------------- testing Thu Aug 23 02:01:59 UTC 2018 /home/travis/build/icyphy/ptII/ptolemy/domains/modal/test/auto/DeepModal4.xml
----------------- Instantiating /home/travis/build/icyphy/ptII/ptolemy/domains/modal/test/auto/DeepModal4.xml
31 ms. Memory: 578560K Free: 296250K (51%)
----------------- Invoking toplevel() on ptolemy.moml.MoMLSimpleApplication@1229552a
----------------- Done invoking toplevel() on ptolemy.moml.MoMLSimpleApplication@1229552a
reloadAllAccessors: .DeepModal4

===========================================================================================
----------------- testing Thu Aug 23 02:01:59 UTC 2018 /home/travis/build/icyphy/ptII/ptolemy/domains/modal/test/auto/Default1.xml
----------------- Instantiating /home/travis/build/icyphy/ptII/ptolemy/domains/modal/test/auto/Default1.xml
6 ms. Memory: 578560K Free: 286465K (50%)
----------------- Invoking toplevel() on ptolemy.moml.MoMLSimpleApplication@68ba3d72
----------------- Done invoking toplevel() on ptolemy.moml.MoMLSimpleApplication@68ba3d72
reloadAllAccessors: .Default1

===========================================================================================
----------------- testing Thu Aug 23 02:01:59 UTC 2018 /home/travis/build/icyphy/ptII/ptolemy/domains/modal/test/auto/Default2.xml
----------------- Instantiating /home/travis/build/icyphy/ptII/ptolemy/domains/modal/test/auto/Default2.xml
7 ms. Memory: 578560K Free: 276695K (48%)
----------------- Invoking toplevel() on ptolemy.moml.MoMLSimpleApplication@3715de25
----------------- Done invoking toplevel() on ptolemy.moml.MoMLSimpleApplication@3715de25
reloadAllAccessors: .Default2

===========================================================================================
----------------- testing Thu Aug 23 02:01:59 UTC 2018 /home/travis/build/icyphy/ptII/ptolemy/domains/modal/test/auto/Default3.xml
----------------- Instantiating /home/travis/build/icyphy/ptII/ptolemy/domains/modal/test/auto/Default3.xml
2 ms. Memory: 578560K Free: 263756K (46%)
----------------- Invoking toplevel() on ptolemy.moml.MoMLSimpleApplication@65c092c1
----------------- Done invoking toplevel() on ptolemy.moml.MoMLSimpleApplication@65c092c1
reloadAllAccessors: .Default3

===========================================================================================
----------------- testing Thu Aug 23 02:01:59 UTC 2018 /home/travis/build/icyphy/ptII/ptolemy/domains/modal/test/auto/Default4.xml
----------------- Instantiating /home/travis/build/icyphy/ptII/ptolemy/domains/modal/test/auto/Default4.xml
2 ms. Memory: 578560K Free: 253971K (44%)
----------------- Invoking toplevel() on ptolemy.moml.MoMLSimpleApplication@4da30bc5
----------------- Done invoking toplevel() on ptolemy.moml.MoMLSimpleApplication@4da30bc5
reloadAllAccessors: .Default4

===========================================================================================
----------------- testing Thu Aug 23 02:01:59 UTC 2018 /home/travis/build/icyphy/ptII/ptolemy/domains/modal/test/auto/Default5.xml
----------------- Instantiating /home/travis/build/icyphy/ptII/ptolemy/domains/modal/test/auto/Default5.xml
3 ms. Memory: 578560K Free: 240938K (42%)
----------------- Invoking toplevel() on ptolemy.moml.MoMLSimpleApplication@3ed1ea1
----------------- Done invoking toplevel() on ptolemy.moml.MoMLSimpleApplication@3ed1ea1
reloadAllAccessors: .Default5

===========================================================================================
----------------- testing Thu Aug 23 02:01:59 UTC 2018 /home/travis/build/icyphy/ptII/ptolemy/domains/modal/test/auto/EmptyGuard.xml
----------------- Instantiating /home/travis/build/icyphy/ptII/ptolemy/domains/modal/test/auto/EmptyGuard.xml
9 ms. Memory: 578560K Free: 231153K (40%)
----------------- Invoking toplevel() on ptolemy.moml.MoMLSimpleApplication@1a670363
----------------- Done invoking toplevel() on ptolemy.moml.MoMLSimpleApplication@1a670363
reloadAllAccessors: .EmptyGuard

===========================================================================================
----------------- testing Thu Aug 23 02:01:59 UTC 2018 /home/travis/build/icyphy/ptII/ptolemy/domains/modal/test/auto/ErrorTransition1.xml
----------------- Instantiating /home/travis/build/icyphy/ptII/ptolemy/domains/modal/test/auto/ErrorTransition1.xml
7 ms. Memory: 578560K Free: 218119K (38%)
----------------- Invoking toplevel() on ptolemy.moml.MoMLSimpleApplication@24d21c85
----------------- Done invoking toplevel() on ptolemy.moml.MoMLSimpleApplication@24d21c85
reloadAllAccessors: .ErrorTransition1

===========================================================================================
----------------- testing Thu Aug 23 02:01:59 UTC 2018 /home/travis/build/icyphy/ptII/ptolemy/domains/modal/test/auto/ErrorTransition10.xml
----------------- Instantiating /home/travis/build/icyphy/ptII/ptolemy/domains/modal/test/auto/ErrorTransition10.xml
10 ms. Memory: 578560K Free: 198652K (34%)
----------------- Invoking toplevel() on ptolemy.moml.MoMLSimpleApplication@5cf9d88a
----------------- Done invoking toplevel() on ptolemy.moml.MoMLSimpleApplication@5cf9d88a
reloadAllAccessors: .ErrorTransition10

===========================================================================================
----------------- testing Thu Aug 23 02:01:59 UTC 2018 /home/travis/build/icyphy/ptII/ptolemy/domains/modal/test/auto/ErrorTransition11.xml
----------------- Instantiating /home/travis/build/icyphy/ptII/ptolemy/domains/modal/test/auto/ErrorTransition11.xml
5 ms. Memory: 578560K Free: 182338K (32%)
----------------- Invoking toplevel() on ptolemy.moml.MoMLSimpleApplication@1b53b0a4
----------------- Done invoking toplevel() on ptolemy.moml.MoMLSimpleApplication@1b53b0a4
reloadAllAccessors: .ErrorTransition11

===========================================================================================
----------------- testing Thu Aug 23 02:01:59 UTC 2018 /home/travis/build/icyphy/ptII/ptolemy/domains/modal/test/auto/ErrorTransition2.xml
----------------- Instantiating /home/travis/build/icyphy/ptII/ptolemy/domains/modal/test/auto/ErrorTransition2.xml
5 ms. Memory: 578560K Free: 169297K (29%)
----------------- Invoking toplevel() on ptolemy.moml.MoMLSimpleApplication@1ad2b8ec
----------------- Done invoking toplevel() on ptolemy.moml.MoMLSimpleApplication@1ad2b8ec
reloadAllAccessors: .ErrorTransition2

===========================================================================================
----------------- testing Thu Aug 23 02:01:59 UTC 2018 /home/travis/build/icyphy/ptII/ptolemy/domains/modal/test/auto/ErrorTransition3.xml
----------------- Instantiating /home/travis/build/icyphy/ptII/ptolemy/domains/modal/test/auto/ErrorTransition3.xml
10 ms. Memory: 578560K Free: 156255K (27%)
----------------- Invoking toplevel() on ptolemy.moml.MoMLSimpleApplication@5c8aaf38
----------------- Done invoking toplevel() on ptolemy.moml.MoMLSimpleApplication@5c8aaf38
reloadAllAccessors: .ErrorTransition3

===========================================================================================
----------------- testing Thu Aug 23 02:01:59 UTC 2018 /home/travis/build/icyphy/ptII/ptolemy/domains/modal/test/auto/ErrorTransition4.xml
----------------- Instantiating /home/travis/build/icyphy/ptII/ptolemy/domains/modal/test/auto/ErrorTransition4.xml
10 ms. Memory: 578560K Free: 140076K (24%)
----------------- Invoking toplevel() on ptolemy.moml.MoMLSimpleApplication@385e5cde
----------------- Done invoking toplevel() on ptolemy.moml.MoMLSimpleApplication@385e5cde
reloadAllAccessors: .ErrorTransition4

===========================================================================================
----------------- testing Thu Aug 23 02:01:59 UTC 2018 /home/travis/build/icyphy/ptII/ptolemy/domains/modal/test/auto/ErrorTransition5.xml
----------------- Instantiating /home/travis/build/icyphy/ptII/ptolemy/domains/modal/test/auto/ErrorTransition5.xml
7 ms. Memory: 578560K Free: 127034K (22%)
----------------- Invoking toplevel() on ptolemy.moml.MoMLSimpleApplication@23f3ac7
----------------- Done invoking toplevel() on ptolemy.moml.MoMLSimpleApplication@23f3ac7
reloadAllAccessors: .ErrorTransition5

===========================================================================================
----------------- testing Thu Aug 23 02:01:59 UTC 2018 /home/travis/build/icyphy/ptII/ptolemy/domains/modal/test/auto/ErrorTransition6.xml
----------------- Instantiating /home/travis/build/icyphy/ptII/ptolemy/domains/modal/test/auto/ErrorTransition6.xml
8 ms. Memory: 578560K Free: 113993K (20%)
----------------- Invoking toplevel() on ptolemy.moml.MoMLSimpleApplication@2b6a1f44
----------------- Done invoking toplevel() on ptolemy.moml.MoMLSimpleApplication@2b6a1f44
reloadAllAccessors: .ErrorTransition6

===========================================================================================
----------------- testing Thu Aug 23 02:01:59 UTC 2018 /home/travis/build/icyphy/ptII/ptolemy/domains/modal/test/auto/ErrorTransition7.xml
----------------- Instantiating /home/travis/build/icyphy/ptII/ptolemy/domains/modal/test/auto/ErrorTransition7.xml
12 ms. Memory: 578560K Free: 97687K (17%)
----------------- Invoking toplevel() on ptolemy.moml.MoMLSimpleApplication@462242a2
----------------- Done invoking toplevel() on ptolemy.moml.MoMLSimpleApplication@462242a2
reloadAllAccessors: .ErrorTransition7

===========================================================================================
----------------- testing Thu Aug 23 02:02:00 UTC 2018 /home/travis/build/icyphy/ptII/ptolemy/domains/modal/test/auto/ErrorTransition8.xml
----------------- Instantiating /home/travis/build/icyphy/ptII/ptolemy/domains/modal/test/auto/ErrorTransition8.xml
37 ms. Memory: 578560K Free: 566346K (98%)
----------------- Invoking toplevel() on ptolemy.moml.MoMLSimpleApplication@b0f3c85
----------------- Done invoking toplevel() on ptolemy.moml.MoMLSimpleApplication@b0f3c85
reloadAllAccessors: .ErrorTransition8

===========================================================================================
----------------- testing Thu Aug 23 02:02:00 UTC 2018 /home/travis/build/icyphy/ptII/ptolemy/domains/modal/test/auto/ErrorTransition9.xml
----------------- Instantiating /home/travis/build/icyphy/ptII/ptolemy/domains/modal/test/auto/ErrorTransition9.xml
11 ms. Memory: 578560K Free: 545266K (94%)
----------------- Invoking toplevel() on ptolemy.moml.MoMLSimpleApplication@76098f12
----------------- Done invoking toplevel() on ptolemy.moml.MoMLSimpleApplication@76098f12
reloadAllAccessors: .ErrorTransition9

===========================================================================================
----------------- testing Thu Aug 23 02:02:00 UTC 2018 /home/travis/build/icyphy/ptII/ptolemy/domains/modal/test/auto/ExtendedFSM.xml
----------------- Instantiating /home/travis/build/icyphy/ptII/ptolemy/domains/modal/test/auto/ExtendedFSM.xml
5 ms. Memory: 578560K Free: 535497K (93%)
----------------- Invoking toplevel() on ptolemy.moml.MoMLSimpleApplication@488ee5d8
----------------- Done invoking toplevel() on ptolemy.moml.MoMLSimpleApplication@488ee5d8
reloadAllAccessors: .ExtendedFSM

===========================================================================================
----------------- testing Thu Aug 23 02:02:00 UTC 2018 /home/travis/build/icyphy/ptII/ptolemy/domains/modal/test/auto/FinalStates.xml
----------------- Instantiating /home/travis/build/icyphy/ptII/ptolemy/domains/modal/test/auto/FinalStates.xml
8 ms. Memory: 578560K Free: 523502K (90%)
----------------- Invoking toplevel() on ptolemy.moml.MoMLSimpleApplication@5c14a978
----------------- Done invoking toplevel() on ptolemy.moml.MoMLSimpleApplication@5c14a978
reloadAllAccessors: .FinalStates

===========================================================================================
----------------- testing Thu Aug 23 02:02:00 UTC 2018 /home/travis/build/icyphy/ptII/ptolemy/domains/modal/test/auto/FixedPointFSM.xml
----------------- Instantiating /home/travis/build/icyphy/ptII/ptolemy/domains/modal/test/auto/FixedPointFSM.xml
15 ms. Memory: 578560K Free: 506342K (88%)
----------------- Invoking toplevel() on ptolemy.moml.MoMLSimpleApplication@13f0f5b2
----------------- Done invoking toplevel() on ptolemy.moml.MoMLSimpleApplication@13f0f5b2
reloadAllAccessors: .FixedPointFSM

===========================================================================================
----------------- testing Thu Aug 23 02:02:00 UTC 2018 /home/travis/build/icyphy/ptII/ptolemy/domains/modal/test/auto/FixedPointIterationFSMActor.xml
----------------- Instantiating /home/travis/build/icyphy/ptII/ptolemy/domains/modal/test/auto/FixedPointIterationFSMActor.xml
6 ms. Memory: 578560K Free: 494099K (85%)
----------------- Invoking toplevel() on ptolemy.moml.MoMLSimpleApplication@6807de02
----------------- Done invoking toplevel() on ptolemy.moml.MoMLSimpleApplication@6807de02
reloadAllAccessors: .FixedPointIterationFSMActor

===========================================================================================
----------------- testing Thu Aug 23 02:02:00 UTC 2018 /home/travis/build/icyphy/ptII/ptolemy/domains/modal/test/auto/FixedPointIterationFSMActor2.xml
----------------- Instantiating /home/travis/build/icyphy/ptII/ptolemy/domains/modal/test/auto/FixedPointIterationFSMActor2.xml
8 ms. Memory: 578560K Free: 477195K (82%)
----------------- Invoking toplevel() on ptolemy.moml.MoMLSimpleApplication@5d1e425e
----------------- Done invoking toplevel() on ptolemy.moml.MoMLSimpleApplication@5d1e425e
reloadAllAccessors: .FixedPointIterationFSMActor2

===========================================================================================
----------------- testing Thu Aug 23 02:02:00 UTC 2018 /home/travis/build/icyphy/ptII/ptolemy/domains/modal/test/auto/ForbiddenInstantanousLoop.xml
----------------- Instantiating /home/travis/build/icyphy/ptII/ptolemy/domains/modal/test/auto/ForbiddenInstantanousLoop.xml
5 ms. Memory: 578560K Free: 462517K (80%)
----------------- Invoking toplevel() on ptolemy.moml.MoMLSimpleApplication@feaf49e
----------------- Done invoking toplevel() on ptolemy.moml.MoMLSimpleApplication@feaf49e
reloadAllAccessors: .ForbiddenInstantanousLoop

===========================================================================================
----------------- testing Thu Aug 23 02:02:00 UTC 2018 /home/travis/build/icyphy/ptII/ptolemy/domains/modal/test/auto/FunctionDependencyOfFSMActorTest.xml
----------------- Instantiating /home/travis/build/icyphy/ptII/ptolemy/domains/modal/test/auto/FunctionDependencyOfFSMActorTest.xml
5 ms. Memory: 578560K Free: 455175K (79%)
----------------- Invoking toplevel() on ptolemy.moml.MoMLSimpleApplication@340be8d1
----------------- Done invoking toplevel() on ptolemy.moml.MoMLSimpleApplication@340be8d1
reloadAllAccessors: .FunctionDependencyOfFSMActorTest

===========================================================================================
----------------- testing Thu Aug 23 02:02:00 UTC 2018 /home/travis/build/icyphy/ptII/ptolemy/domains/modal/test/auto/GuardExpression.xml
----------------- Instantiating /home/travis/build/icyphy/ptII/ptolemy/domains/modal/test/auto/GuardExpression.xml
6 ms. Memory: 578560K Free: 445621K (77%)
----------------- Invoking toplevel() on ptolemy.moml.MoMLSimpleApplication@24191312
----------------- Done invoking toplevel() on ptolemy.moml.MoMLSimpleApplication@24191312
reloadAllAccessors: .GuardExpression

===========================================================================================
----------------- testing Thu Aug 23 02:02:00 UTC 2018 /home/travis/build/icyphy/ptII/ptolemy/domains/modal/test/auto/GuardNotEvaluated.xml
----------------- Instantiating /home/travis/build/icyphy/ptII/ptolemy/domains/modal/test/auto/GuardNotEvaluated.xml
9 ms. Memory: 578560K Free: 435844K (75%)
----------------- Invoking toplevel() on ptolemy.moml.MoMLSimpleApplication@311c70bd
----------------- Done invoking toplevel() on ptolemy.moml.MoMLSimpleApplication@311c70bd
reloadAllAccessors: .GuardNotEvaluated

===========================================================================================
----------------- testing Thu Aug 23 02:02:00 UTC 2018 /home/travis/build/icyphy/ptII/ptolemy/domains/modal/test/auto/GuardNotEvaluated2.xml
----------------- Instantiating /home/travis/build/icyphy/ptII/ptolemy/domains/modal/test/auto/GuardNotEvaluated2.xml
6 ms. Memory: 578560K Free: 426075K (74%)
----------------- Invoking toplevel() on ptolemy.moml.MoMLSimpleApplication@710c0b66
----------------- Done invoking toplevel() on ptolemy.moml.MoMLSimpleApplication@710c0b66
reloadAllAccessors: .GuardNotEvaluated2

===========================================================================================
----------------- testing Thu Aug 23 02:02:00 UTC 2018 /home/travis/build/icyphy/ptII/ptolemy/domains/modal/test/auto/GuardOnAbsent.xml
----------------- Instantiating /home/travis/build/icyphy/ptII/ptolemy/domains/modal/test/auto/GuardOnAbsent.xml
7 ms. Memory: 578560K Free: 414064K (72%)
----------------- Invoking toplevel() on ptolemy.moml.MoMLSimpleApplication@5dac53e5
----------------- Done invoking toplevel() on ptolemy.moml.MoMLSimpleApplication@5dac53e5
reloadAllAccessors: .GuardOnAbsent

===========================================================================================
----------------- testing Thu Aug 23 02:02:00 UTC 2018 /home/travis/build/icyphy/ptII/ptolemy/domains/modal/test/auto/HierarchicalFSMTypeInference.xml
----------------- Instantiating /home/travis/build/icyphy/ptII/ptolemy/domains/modal/test/auto/HierarchicalFSMTypeInference.xml
2 ms. Memory: 578560K Free: 399394K (69%)
----------------- Invoking toplevel() on ptolemy.moml.MoMLSimpleApplication@3dc3921b
----------------- Done invoking toplevel() on ptolemy.moml.MoMLSimpleApplication@3dc3921b
reloadAllAccessors: .HierarchicalFSMTypeInference

===========================================================================================
----------------- testing Thu Aug 23 02:02:00 UTC 2018 /home/travis/build/icyphy/ptII/ptolemy/domains/modal/test/auto/Hysteresis.xml
----------------- Instantiating /home/travis/build/icyphy/ptII/ptolemy/domains/modal/test/auto/Hysteresis.xml
8 ms. Memory: 578560K Free: 382290K (66%)
----------------- Invoking toplevel() on ptolemy.moml.MoMLSimpleApplication@2784081b
----------------- Done invoking toplevel() on ptolemy.moml.MoMLSimpleApplication@2784081b
reloadAllAccessors: .Hysteresis

===========================================================================================
----------------- testing Thu Aug 23 02:02:00 UTC 2018 /home/travis/build/icyphy/ptII/ptolemy/domains/modal/test/auto/HysteresisWithDefault.xml
----------------- Instantiating /home/travis/build/icyphy/ptII/ptolemy/domains/modal/test/auto/HysteresisWithDefault.xml
31 ms. Memory: 578560K Free: 353143K (61%)
----------------- Invoking toplevel() on ptolemy.moml.MoMLSimpleApplication@30a3cf96
----------------- Done invoking toplevel() on ptolemy.moml.MoMLSimpleApplication@30a3cf96
reloadAllAccessors: .HysteresisWithDefault

===========================================================================================
----------------- testing Thu Aug 23 02:02:00 UTC 2018 /home/travis/build/icyphy/ptII/ptolemy/domains/modal/test/auto/HysteresisWithDefault2.xml
----------------- Instantiating /home/travis/build/icyphy/ptII/ptolemy/domains/modal/test/auto/HysteresisWithDefault2.xml
36 ms. Memory: 578560K Free: 321297K (56%)
----------------- Invoking toplevel() on ptolemy.moml.MoMLSimpleApplication@48c84cb2
----------------- Done invoking toplevel() on ptolemy.moml.MoMLSimpleApplication@48c84cb2
reloadAllAccessors: .HysteresisWithDefault2

===========================================================================================
----------------- testing Thu Aug 23 02:02:00 UTC 2018 /home/travis/build/icyphy/ptII/ptolemy/domains/modal/test/auto/ImmediateNonConstructiveness.xml
----------------- Instantiating /home/travis/build/icyphy/ptII/ptolemy/domains/modal/test/auto/ImmediateNonConstructiveness.xml
3 ms. Memory: 578560K Free: 309302K (53%)
----------------- Invoking toplevel() on ptolemy.moml.MoMLSimpleApplication@620fd0c5
----------------- Done invoking toplevel() on ptolemy.moml.MoMLSimpleApplication@620fd0c5
reloadAllAccessors: .ImmediateNonConstructiveness

===========================================================================================
----------------- testing Thu Aug 23 02:02:00 UTC 2018 /home/travis/build/icyphy/ptII/ptolemy/domains/modal/test/auto/ImmediateNonConstructiveness2.xml
----------------- Instantiating /home/travis/build/icyphy/ptII/ptolemy/domains/modal/test/auto/ImmediateNonConstructiveness2.xml
2 ms. Memory: 578560K Free: 299533K (52%)
----------------- Invoking toplevel() on ptolemy.moml.MoMLSimpleApplication@422323bb
----------------- Done invoking toplevel() on ptolemy.moml.MoMLSimpleApplication@422323bb
reloadAllAccessors: .ImmediateNonConstructiveness2

===========================================================================================
----------------- testing Thu Aug 23 02:02:00 UTC 2018 /home/travis/build/icyphy/ptII/ptolemy/domains/modal/test/auto/ImmediateTransitionReset.xml
----------------- Instantiating /home/travis/build/icyphy/ptII/ptolemy/domains/modal/test/auto/ImmediateTransitionReset.xml
5 ms. Memory: 578560K Free: 284839K (49%)
----------------- Invoking toplevel() on ptolemy.moml.MoMLSimpleApplication@78874c54
----------------- Done invoking toplevel() on ptolemy.moml.MoMLSimpleApplication@78874c54
reloadAllAccessors: .ImmediateTransitionReset

===========================================================================================
----------------- testing Thu Aug 23 02:02:00 UTC 2018 /home/travis/build/icyphy/ptII/ptolemy/domains/modal/test/auto/ImmediateTransitions1.xml
----------------- Instantiating /home/travis/build/icyphy/ptII/ptolemy/domains/modal/test/auto/ImmediateTransitions1.xml
1 ms. Memory: 578560K Free: 275302K (48%)
----------------- Invoking toplevel() on ptolemy.moml.MoMLSimpleApplication@ac83787
----------------- Done invoking toplevel() on ptolemy.moml.MoMLSimpleApplication@ac83787
reloadAllAccessors: .ImmediateTransitions1

===========================================================================================
----------------- testing Thu Aug 23 02:02:00 UTC 2018 /home/travis/build/icyphy/ptII/ptolemy/domains/modal/test/auto/ImmediateTransitionsInstantaneousCommunication.xml
----------------- Instantiating /home/travis/build/icyphy/ptII/ptolemy/domains/modal/test/auto/ImmediateTransitionsInstantaneousCommunication.xml
4 ms. Memory: 578560K Free: 260600K (45%)
----------------- Invoking toplevel() on ptolemy.moml.MoMLSimpleApplication@324d13dd
----------------- Done invoking toplevel() on ptolemy.moml.MoMLSimpleApplication@324d13dd
reloadAllAccessors: .ImmediateTransitionsInstantaneousCommunication

===========================================================================================
----------------- testing Thu Aug 23 02:02:00 UTC 2018 /home/travis/build/icyphy/ptII/ptolemy/domains/modal/test/auto/InitialImmediateTransition.xml
----------------- Instantiating /home/travis/build/icyphy/ptII/ptolemy/domains/modal/test/auto/InitialImmediateTransition.xml
3 ms. Memory: 578560K Free: 250823K (43%)
----------------- Invoking toplevel() on ptolemy.moml.MoMLSimpleApplication@4e56d839
----------------- Done invoking toplevel() on ptolemy.moml.MoMLSimpleApplication@4e56d839
reloadAllAccessors: .InitialImmediateTransition

===========================================================================================
----------------- testing Thu Aug 23 02:02:00 UTC 2018 /home/travis/build/icyphy/ptII/ptolemy/domains/modal/test/auto/InitialOutputs.xml
----------------- Instantiating /home/travis/build/icyphy/ptII/ptolemy/domains/modal/test/auto/InitialOutputs.xml
3 ms. Memory: 578560K Free: 238812K (41%)
----------------- Invoking toplevel() on ptolemy.moml.MoMLSimpleApplication@38acfff9
----------------- Done invoking toplevel() on ptolemy.moml.MoMLSimpleApplication@38acfff9
reloadAllAccessors: .InitialOutputs

===========================================================================================
----------------- testing Thu Aug 23 02:02:00 UTC 2018 /home/travis/build/icyphy/ptII/ptolemy/domains/modal/test/auto/InitialStateTransition1.xml
----------------- Instantiating /home/travis/build/icyphy/ptII/ptolemy/domains/modal/test/auto/InitialStateTransition1.xml
3 ms. Memory: 578560K Free: 229026K (40%)
----------------- Invoking toplevel() on ptolemy.moml.MoMLSimpleApplication@429b69f9
----------------- Done invoking toplevel() on ptolemy.moml.MoMLSimpleApplication@429b69f9
reloadAllAccessors: .InitialStateTransition1

===========================================================================================
----------------- testing Thu Aug 23 02:02:00 UTC 2018 /home/travis/build/icyphy/ptII/ptolemy/domains/modal/test/auto/InitialStateTransition2.xml
----------------- Instantiating /home/travis/build/icyphy/ptII/ptolemy/domains/modal/test/auto/InitialStateTransition2.xml
.InitialStateTransition2.TestExceptionAttributeNonConstructive: initialize() was not invoked, but wrapup() was.  This is unusual, but not always a problem.  For example, exporting JNLP will do this.
1 ms. Memory: 578560K Free: 219249K (38%)
----------------- Invoking toplevel() on ptolemy.moml.MoMLSimpleApplication@42ce898a
----------------- Done invoking toplevel() on ptolemy.moml.MoMLSimpleApplication@42ce898a
reloadAllAccessors: .InitialStateTransition2

===========================================================================================
----------------- testing Thu Aug 23 02:02:00 UTC 2018 /home/travis/build/icyphy/ptII/ptolemy/domains/modal/test/auto/InitialStateTransition3.xml
----------------- Instantiating /home/travis/build/icyphy/ptII/ptolemy/domains/modal/test/auto/InitialStateTransition3.xml
2 ms. Memory: 578560K Free: 204796K (35%)
----------------- Invoking toplevel() on ptolemy.moml.MoMLSimpleApplication@3ad879d9
----------------- Done invoking toplevel() on ptolemy.moml.MoMLSimpleApplication@3ad879d9
reloadAllAccessors: .InitialStateTransition3

===========================================================================================
----------------- testing Thu Aug 23 02:02:00 UTC 2018 /home/travis/build/icyphy/ptII/ptolemy/domains/modal/test/auto/InitialStateTransition4.xml
----------------- Instantiating /home/travis/build/icyphy/ptII/ptolemy/domains/modal/test/auto/InitialStateTransition4.xml
3 ms. Memory: 578560K Free: 192577K (33%)
----------------- Invoking toplevel() on ptolemy.moml.MoMLSimpleApplication@7b5dd5d9
----------------- Done invoking toplevel() on ptolemy.moml.MoMLSimpleApplication@7b5dd5d9
[...]
----------------- Done invoking toplevel() on ptolemy.moml.MoMLSimpleApplication@10e080ec
reloadAllAccessors: .TerminationTransition3

===========================================================================================
----------------- testing Thu Aug 23 02:02:02 UTC 2018 /home/travis/build/icyphy/ptII/ptolemy/domains/modal/test/auto/TerminationTransition4.xml
----------------- Instantiating /home/travis/build/icyphy/ptII/ptolemy/domains/modal/test/auto/TerminationTransition4.xml
3 ms. Memory: 872448K Free: 151390K (17%)
----------------- Invoking toplevel() on ptolemy.moml.MoMLSimpleApplication@1f37d776
----------------- Done invoking toplevel() on ptolemy.moml.MoMLSimpleApplication@1f37d776
reloadAllAccessors: .TerminationTransition4

===========================================================================================
----------------- testing Thu Aug 23 02:02:02 UTC 2018 /home/travis/build/icyphy/ptII/ptolemy/domains/modal/test/auto/TerminationTransition5.xml
----------------- Instantiating /home/travis/build/icyphy/ptII/ptolemy/domains/modal/test/auto/TerminationTransition5.xml
3 ms. Memory: 872448K Free: 131812K (15%)
----------------- Invoking toplevel() on ptolemy.moml.MoMLSimpleApplication@3ece7357
----------------- Done invoking toplevel() on ptolemy.moml.MoMLSimpleApplication@3ece7357
reloadAllAccessors: .TerminationTransition5

===========================================================================================
----------------- testing Thu Aug 23 02:02:03 UTC 2018 /home/travis/build/icyphy/ptII/ptolemy/domains/modal/test/auto/TerminationTransition6.xml
----------------- Instantiating /home/travis/build/icyphy/ptII/ptolemy/domains/modal/test/auto/TerminationTransition6.xml
2 ms. Memory: 872448K Free: 116159K (13%)
----------------- Invoking toplevel() on ptolemy.moml.MoMLSimpleApplication@66d5578e
----------------- Done invoking toplevel() on ptolemy.moml.MoMLSimpleApplication@66d5578e
reloadAllAccessors: .TerminationTransition6

===========================================================================================
----------------- testing Thu Aug 23 02:02:03 UTC 2018 /home/travis/build/icyphy/ptII/ptolemy/domains/modal/test/auto/TerminationTransition7.xml
----------------- Instantiating /home/travis/build/icyphy/ptII/ptolemy/domains/modal/test/auto/TerminationTransition7.xml
4 ms. Memory: 872448K Free: 97928K (11%)
----------------- Invoking toplevel() on ptolemy.moml.MoMLSimpleApplication@2ddb978e
----------------- Done invoking toplevel() on ptolemy.moml.MoMLSimpleApplication@2ddb978e
reloadAllAccessors: .TerminationTransition7

===========================================================================================
----------------- testing Thu Aug 23 02:02:03 UTC 2018 /home/travis/build/icyphy/ptII/ptolemy/domains/modal/test/auto/TerminationTransition8.xml
----------------- Instantiating /home/travis/build/icyphy/ptII/ptolemy/domains/modal/test/auto/TerminationTransition8.xml
3 ms. Memory: 872448K Free: 82291K (9%)
----------------- Invoking toplevel() on ptolemy.moml.MoMLSimpleApplication@74c26e76
----------------- Done invoking toplevel() on ptolemy.moml.MoMLSimpleApplication@74c26e76
reloadAllAccessors: .TerminationTransition8

===========================================================================================
----------------- testing Thu Aug 23 02:02:03 UTC 2018 /home/travis/build/icyphy/ptII/ptolemy/domains/modal/test/auto/Thermostat_NoHysteresis.xml
----------------- Instantiating /home/travis/build/icyphy/ptII/ptolemy/domains/modal/test/auto/Thermostat_NoHysteresis.xml
28 ms. Memory: 872448K Free: 833026K (95%)
----------------- Invoking toplevel() on ptolemy.moml.MoMLSimpleApplication@3b80c6e3
----------------- Done invoking toplevel() on ptolemy.moml.MoMLSimpleApplication@3b80c6e3
reloadAllAccessors: .Thermostat_NoHysteresis

===========================================================================================
----------------- testing Thu Aug 23 02:02:03 UTC 2018 /home/travis/build/icyphy/ptII/ptolemy/domains/modal/test/auto/TimedFSM.xml
----------------- Instantiating /home/travis/build/icyphy/ptII/ptolemy/domains/modal/test/auto/TimedFSM.xml
7 ms. Memory: 872448K Free: 815484K (93%)
----------------- Invoking toplevel() on ptolemy.moml.MoMLSimpleApplication@4945cea
----------------- Done invoking toplevel() on ptolemy.moml.MoMLSimpleApplication@4945cea
reloadAllAccessors: .TimedFSM

===========================================================================================
----------------- testing Thu Aug 23 02:02:03 UTC 2018 /home/travis/build/icyphy/ptII/ptolemy/domains/modal/test/auto/Timeout1.xml
----------------- Instantiating /home/travis/build/icyphy/ptII/ptolemy/domains/modal/test/auto/Timeout1.xml
3 ms. Memory: 872448K Free: 805060K (92%)
----------------- Invoking toplevel() on ptolemy.moml.MoMLSimpleApplication@186df313
----------------- Done invoking toplevel() on ptolemy.moml.MoMLSimpleApplication@186df313
reloadAllAccessors: .Timeout1

===========================================================================================
----------------- testing Thu Aug 23 02:02:03 UTC 2018 /home/travis/build/icyphy/ptII/ptolemy/domains/modal/test/auto/Timeout2.xml
----------------- Instantiating /home/travis/build/icyphy/ptII/ptolemy/domains/modal/test/auto/Timeout2.xml
5 ms. Memory: 872448K Free: 787526K (90%)
----------------- Invoking toplevel() on ptolemy.moml.MoMLSimpleApplication@480f236c
----------------- Done invoking toplevel() on ptolemy.moml.MoMLSimpleApplication@480f236c
reloadAllAccessors: .Timeout2

===========================================================================================
----------------- testing Thu Aug 23 02:02:03 UTC 2018 /home/travis/build/icyphy/ptII/ptolemy/domains/modal/test/auto/Timeout3.xml
----------------- Instantiating /home/travis/build/icyphy/ptII/ptolemy/domains/modal/test/auto/Timeout3.xml
3 ms. Memory: 872448K Free: 777101K (89%)
----------------- Invoking toplevel() on ptolemy.moml.MoMLSimpleApplication@467546f
----------------- Done invoking toplevel() on ptolemy.moml.MoMLSimpleApplication@467546f
reloadAllAccessors: .Timeout3

===========================================================================================
----------------- testing Thu Aug 23 02:02:03 UTC 2018 /home/travis/build/icyphy/ptII/ptolemy/domains/modal/test/auto/Timeout4.xml
----------------- Instantiating /home/travis/build/icyphy/ptII/ptolemy/domains/modal/test/auto/Timeout4.xml
2 ms. Memory: 872448K Free: 764788K (88%)
----------------- Invoking toplevel() on ptolemy.moml.MoMLSimpleApplication@5f2e8dac
----------------- Done invoking toplevel() on ptolemy.moml.MoMLSimpleApplication@5f2e8dac
reloadAllAccessors: .Timeout4

===========================================================================================
----------------- testing Thu Aug 23 02:02:03 UTC 2018 /home/travis/build/icyphy/ptII/ptolemy/domains/modal/test/auto/TransientstateModelAdvanced.xml
----------------- Instantiating /home/travis/build/icyphy/ptII/ptolemy/domains/modal/test/auto/TransientstateModelAdvanced.xml
3 ms. Memory: 872448K Free: 743923K (85%)
----------------- Invoking toplevel() on ptolemy.moml.MoMLSimpleApplication@405fe976
----------------- Done invoking toplevel() on ptolemy.moml.MoMLSimpleApplication@405fe976
reloadAllAccessors: .TransientstateModelAdvanced

===========================================================================================
----------------- testing Thu Aug 23 02:02:03 UTC 2018 /home/travis/build/icyphy/ptII/ptolemy/domains/modal/test/auto/TransientstateModelAdvanced2.xml
----------------- Instantiating /home/travis/build/icyphy/ptII/ptolemy/domains/modal/test/auto/TransientstateModelAdvanced2.xml
4 ms. Memory: 872448K Free: 721169K (83%)
----------------- Invoking toplevel() on ptolemy.moml.MoMLSimpleApplication@4c697fc
----------------- Done invoking toplevel() on ptolemy.moml.MoMLSimpleApplication@4c697fc
reloadAllAccessors: .transientstatemodelAdvanced

===========================================================================================
----------------- testing Thu Aug 23 02:02:03 UTC 2018 /home/travis/build/icyphy/ptII/ptolemy/domains/modal/test/auto/TransitionRefinements.xml
----------------- Instantiating /home/travis/build/icyphy/ptII/ptolemy/domains/modal/test/auto/TransitionRefinements.xml
7 ms. Memory: 872448K Free: 705525K (81%)
----------------- Invoking toplevel() on ptolemy.moml.MoMLSimpleApplication@c894255
----------------- Done invoking toplevel() on ptolemy.moml.MoMLSimpleApplication@c894255
reloadAllAccessors: .TransitionRefinements

===========================================================================================
----------------- testing Thu Aug 23 02:02:03 UTC 2018 /home/travis/build/icyphy/ptII/ptolemy/domains/modal/test/auto/TwoRefinements1.xml
----------------- Instantiating /home/travis/build/icyphy/ptII/ptolemy/domains/modal/test/auto/TwoRefinements1.xml
2 ms. Memory: 872448K Free: 687983K (79%)
----------------- Invoking toplevel() on ptolemy.moml.MoMLSimpleApplication@41f13e60
----------------- Done invoking toplevel() on ptolemy.moml.MoMLSimpleApplication@41f13e60
reloadAllAccessors: .TwoRefinements1

===========================================================================================
----------------- testing Thu Aug 23 02:02:03 UTC 2018 /home/travis/build/icyphy/ptII/ptolemy/domains/modal/test/auto/TwoRefinements2.xml
----------------- Instantiating /home/travis/build/icyphy/ptII/ptolemy/domains/modal/test/auto/TwoRefinements2.xml
2 ms. Memory: 872448K Free: 672331K (77%)
----------------- Invoking toplevel() on ptolemy.moml.MoMLSimpleApplication@36fe10ea
----------------- Done invoking toplevel() on ptolemy.moml.MoMLSimpleApplication@36fe10ea
reloadAllAccessors: .TwoRefinements2

===========================================================================================
----------------- testing Thu Aug 23 02:02:03 UTC 2018 /home/travis/build/icyphy/ptII/ptolemy/domains/modal/test/auto/WeakImmediateTransition.xml
----------------- Instantiating /home/travis/build/icyphy/ptII/ptolemy/domains/modal/test/auto/WeakImmediateTransition.xml
3 ms. Memory: 872448K Free: 654797K (75%)
----------------- Invoking toplevel() on ptolemy.moml.MoMLSimpleApplication@5b842ae9
----------------- Done invoking toplevel() on ptolemy.moml.MoMLSimpleApplication@5b842ae9
reloadAllAccessors: .WeakImmediateTransition

===========================================================================================
----------------- testing Thu Aug 23 02:02:03 UTC 2018 /home/travis/build/icyphy/ptII/ptolemy/domains/modal/test/auto/booleanSelect.xml
----------------- Instantiating /home/travis/build/icyphy/ptII/ptolemy/domains/modal/test/auto/booleanSelect.xml
31 ms. Memory: 872448K Free: 628712K (72%)
----------------- Invoking toplevel() on ptolemy.moml.MoMLSimpleApplication@4da0faa8
----------------- Done invoking toplevel() on ptolemy.moml.MoMLSimpleApplication@4da0faa8
reloadAllAccessors: .booleanSelect

===========================================================================================
----------------- testing Thu Aug 23 02:02:03 UTC 2018 /home/travis/build/icyphy/ptII/ptolemy/domains/modal/test/auto/modalChangingParams.xml
----------------- Instantiating /home/travis/build/icyphy/ptII/ptolemy/domains/modal/test/auto/modalChangingParams.xml
0
1
0
2
4
6
8
7
0
2
4
6
8
13
0
2
4
6
8
19
0
2
4
6
8
25
0
2
4
6
8
31
0
2
4
6
8
37
0
2
4
6
8
43
0
2
4
6
8
49
0
2
4
6
8
55
0
2
4
6
8
61
0
2
4
6
8
67
0
2
4
6
8
73
0
2
4
6
8
79
0
2
4
6
8
85
0
2
4
6
8
91
0
2
4
6
8
97
0
2
4
6
8
103
0
2
4
6
8
109
0
2
4
6
8
115
0
2
4
6
8
121
0
2
4
6
8
127
0
2
4
6
8
133
0
2
4
6
8
139
0
2
4
6
8
145
0
2
4
6
8
151
0
2
4
6
8
157
0
2
4
6
8
163
0
2
4
6
8
169
0
2
4
6
8
175
0
2
4
6
8
181
0
2
4
6
8
187
0
2
4
6
8
193
0
2
4
6
8
199
0
2
4
6
8
205
0
2
4
6
8
211
0
2
4
6
8
217
0
2
4
6
8
223
0
2
4
6
8
229
0
2
4
6
8
235
0
2
4
6
8
241
0
2
4
6
8
247
0
2
4
6
8
253
0
2
4
6
8
259
0
2
4
6
8
265
0
2
4
6
8
271
0
2
4
6
8
277
0
2
4
6
8
283
0
2
4
6
8
289
0
2
4
6
8
295
0
2
4
6
8
301
0
2
4
6
8
307
0
2
4
6
8
313
0
2
4
6
8
319
0
2
4
6
8
325
0
2
4
6
8
331
0
2
4
6
8
337
0
2
4
6
8
343
0
2
4
6
8
349
0
2
4
6
8
355
0
2
4
6
8
361
0
2
4
6
8
367
0
2
4
6
8
373
0
2
4
6
8
379
0
2
4
6
8
385
0
2
4
6
8
391
0
2
4
6
8
397
0
2
4
6
8
403
0
2
4
6
8
409
0
2
4
6
8
415
0
2
4
6
8
421
0
2
4
6
8
427
0
2
4
6
8
433
0
2
4
6
8
439
0
2
4
6
8
445
0
2
4
6
8
451
0
2
4
6
8
457
0
2
4
6
8
463
0
2
4
6
8
469
0
2
4
6
8
475
0
2
4
6
8
481
0
2
4
6
8
487
0
2
4
6
8
493
0
2
4
6
8
499
0
2
4
6
8
505
0
2
4
6
8
511
0
2
4
6
8
517
0
2
4
6
8
523
0
2
4
6
8
529
0
2
4
6
8
535
0
2
4
6
8
541
0
2
4
6
8
547
0
2
4
6
8
553
0
2
4
6
8
559
0
2
4
6
8
565
0
2
4
6
8
571
0
2
4
6
8
577
0
2
4
6
8
583
0
2
4
6
8
589
0
2
4
6
8
595
0
2
4
6
8
601
0
2
4
6
8
607
0
2
4
6
8
613
0
2
4
6
8
619
0
2
4
6
8
625
0
2
4
6
8
631
0
2
4
6
8
637
0
2
4
6
8
643
0
2
4
6
8
649
0
2
4
6
8
655
0
2
4
6
8
661
0
2
4
6
8
667
0
2
4
6
8
673
0
2
4
6
8
679
0
2
4
6
8
685
0
2
4
6
8
691
0
2
4
6
8
697
0
2
4
6
8
703
0
2
4
6
8
709
0
2
4
6
8
715
0
2
4
6
8
721
0
2
4
6
8
727
0
2
4
6
8
733
0
2
4
6
8
739
0
2
4
6
8
745
0
2
4
6
8
751
0
2
4
6
8
757
0
2
4
6
8
763
0
2
4
6
8
769
0
2
4
6
8
775
0
2
4
6
8
781
0
2
4
6
8
787
0
2
4
6
8
793
0
2
4
6
8
799
0
2
4
6
8
805
0
2
4
6
8
811
0
2
4
6
8
817
0
2
4
6
8
823
0
2
4
6
8
829
0
2
4
6
8
835
0
2
4
6
8
841
0
2
4
6
8
847
0
2
4
6
8
853
0
2
4
6
8
859
0
2
4
6
8
865
0
2
4
6
8
871
0
2
4
6
8
877
0
2
4
6
8
883
0
2
4
6
8
889
0
2
4
6
8
895
0
2
4
6
8
901
0
2
4
6
8
907
0
2
4
6
8
913
0
2
4
6
8
919
0
2
4
6
8
925
0
2
4
6
8
931
0
2
4
6
8
937
0
2
4
6
8
943
0
2
4
6
8
949
0
2
4
6
8
955
0
2
4
6
8
961
0
2
4
6
8
967
0
2
4
6
8
973
0
2
4
6
8
979
0
2
4
6
8
985
0
2
4
6
8
991
0
2
4
6
8
997
0
2
233 ms. Memory: 872448K Free: 511971K (59%)
----------------- Invoking toplevel() on ptolemy.moml.MoMLSimpleApplication@168f759e
----------------- Done invoking toplevel() on ptolemy.moml.MoMLSimpleApplication@168f759e
reloadAllAccessors: .modalChangingParams

===========================================================================================
----------------- testing Thu Aug 23 02:02:03 UTC 2018 /home/travis/build/icyphy/ptII/ptolemy/domains/modal/test/auto/modalModel.xml
----------------- Instantiating /home/travis/build/icyphy/ptII/ptolemy/domains/modal/test/auto/modalModel.xml
12 ms. Memory: 872448K Free: 496318K (57%)
----------------- Invoking toplevel() on ptolemy.moml.MoMLSimpleApplication@3c0a7ae0
----------------- Done invoking toplevel() on ptolemy.moml.MoMLSimpleApplication@3c0a7ae0
reloadAllAccessors: .modalModel

===========================================================================================
----------------- testing Thu Aug 23 02:02:03 UTC 2018 /home/travis/build/icyphy/ptII/ptolemy/domains/modal/test/auto/modalModel2.xml
----------------- Instantiating /home/travis/build/icyphy/ptII/ptolemy/domains/modal/test/auto/modalModel2.xml
10 ms. Memory: 872448K Free: 480674K (55%)
----------------- Invoking toplevel() on ptolemy.moml.MoMLSimpleApplication@24bfbb2e
----------------- Done invoking toplevel() on ptolemy.moml.MoMLSimpleApplication@24bfbb2e
reloadAllAccessors: .modalModel2

===========================================================================================
----------------- testing Thu Aug 23 02:02:03 UTC 2018 /home/travis/build/icyphy/ptII/ptolemy/domains/modal/test/auto/modalModel3.xml
----------------- Instantiating /home/travis/build/icyphy/ptII/ptolemy/domains/modal/test/auto/modalModel3.xml
0	0	0
3	2	1
6	4	2
9	6	3
4	0	4
7	2	5
10	4	6
13	6	7
8	0	8
11	2	9
14	4	10
17	6	11
12	0	12
15	2	13
18	4	14
14 ms. Memory: 872448K Free: 457928K (52%)
----------------- Invoking toplevel() on ptolemy.moml.MoMLSimpleApplication@63b6ecca
----------------- Done invoking toplevel() on ptolemy.moml.MoMLSimpleApplication@63b6ecca
reloadAllAccessors: .modalModel3

===========================================================================================
----------------- testing Thu Aug 23 02:02:03 UTC 2018 /home/travis/build/icyphy/ptII/ptolemy/domains/modal/test/auto/model1.xml
----------------- Instantiating /home/travis/build/icyphy/ptII/ptolemy/domains/modal/test/auto/model1.xml
9 ms. Memory: 872448K Free: 447503K (51%)
----------------- Invoking toplevel() on ptolemy.moml.MoMLSimpleApplication@6bad0b5
----------------- Done invoking toplevel() on ptolemy.moml.MoMLSimpleApplication@6bad0b5
reloadAllAccessors: .model1

===========================================================================================
----------------- testing Thu Aug 23 02:02:03 UTC 2018 /home/travis/build/icyphy/ptII/ptolemy/domains/modal/test/auto/test-direct-in-out.xml
----------------- Instantiating /home/travis/build/icyphy/ptII/ptolemy/domains/modal/test/auto/test-direct-in-out.xml
6 ms. Memory: 872448K Free: 429961K (49%)
----------------- Invoking toplevel() on ptolemy.moml.MoMLSimpleApplication@15b556a3
----------------- Done invoking toplevel() on ptolemy.moml.MoMLSimpleApplication@15b556a3
reloadAllAccessors: .test-direct-in-out
AutoTests.java: About to close Vertx.
AutoTests.java: Vertx closed.
]]></system-out>
  <system-err><![CDATA[java.lang.RuntimeException: Execution failed
	at ptolemy.moml.MoMLSimpleApplication$UnloadThread.run(MoMLSimpleApplication.java:402)
Caused by: ptolemy.kernel.util.IllegalActionException: Unknown inputs remain. Possible causality loop:
L_model_1893289564i

  in .CannotAnalysisWithPreemption.model_1893289564_region_1 and .CannotAnalysisWithPreemption.model_1893289564_region_1.L_model_1893289564i
	at ptolemy.actor.sched.FixedPointDirector.postfire(FixedPointDirector.java:515)
	at ptolemy.domains.sr.kernel.SRDirector.postfire(SRDirector.java:417)
	at ptolemy.actor.CompositeActor.postfire(CompositeActor.java:1668)
	at ptolemy.actor.Manager.iterate(Manager.java:852)
	at ptolemy.actor.Manager.execute(Manager.java:369)
	at ptolemy.actor.Manager.run(Manager.java:1263)
	at ptolemy.actor.Manager$PtolemyRunThread.run(Manager.java:1915)
java.lang.reflect.InvocationTargetException
	at sun.reflect.NativeConstructorAccessorImpl.newInstance0(Native Method)
	at sun.reflect.NativeConstructorAccessorImpl.newInstance(NativeConstructorAccessorImpl.java:62)
	at sun.reflect.DelegatingConstructorAccessorImpl.newInstance(DelegatingConstructorAccessorImpl.java:45)
	at java.lang.reflect.Constructor.newInstance(Constructor.java:423)
	at ptolemy.util.test.junit.AutoKnownFailedTests.RunModel(AutoKnownFailedTests.java:107)
	at sun.reflect.NativeMethodAccessorImpl.invoke0(Native Method)
	at sun.reflect.NativeMethodAccessorImpl.invoke(NativeMethodAccessorImpl.java:62)
	at sun.reflect.DelegatingMethodAccessorImpl.invoke(DelegatingMethodAccessorImpl.java:43)
	at java.lang.reflect.Method.invoke(Method.java:498)
	at org.junit.runners.model.FrameworkMethod$1.runReflectiveCall(FrameworkMethod.java:44)
	at org.junit.internal.runners.model.ReflectiveCallable.run(ReflectiveCallable.java:15)
	at org.junit.runners.model.FrameworkMethod.invokeExplosively(FrameworkMethod.java:41)
	at junitparams.internal.InvokeParameterisedMethod.evaluate(InvokeParameterisedMethod.java:102)
	at org.junit.internal.runners.statements.FailOnTimeout$1.run(FailOnTimeout.java:28)
Caused by: ptolemy.kernel.util.IllegalActionException: Unknown inputs remain. Possible causality loop:
L_model_1893289564i

  in .CannotAnalysisWithPreemption.model_1893289564_region_1 and .CannotAnalysisWithPreemption.model_1893289564_region_1.L_model_1893289564i
	at ptolemy.actor.sched.FixedPointDirector.postfire(FixedPointDirector.java:515)
	at ptolemy.domains.sr.kernel.SRDirector.postfire(SRDirector.java:417)
	at ptolemy.actor.CompositeActor.postfire(CompositeActor.java:1668)
	at ptolemy.actor.Manager.iterate(Manager.java:852)
	at ptolemy.actor.Manager.execute(Manager.java:369)
	at ptolemy.actor.Manager.run(Manager.java:1263)
	at ptolemy.actor.Manager$PtolemyRunThread.run(Manager.java:1915)
]]></system-err>
</testsuite>
