<?xml version="1.0" encoding="UTF-8" ?>
<testsuite errors="0" failures="0" hostname="travis-job-f5d8fc87-3040-4491-98d1-2b20658431e6" name="ptolemy.domains.de.test.junit.JUnitTclTest" skipped="0" tests="101" time="121.593" timestamp="2020-07-24T23:29:09">
  <properties>
[...]
</properties>
  <testcase classname="ptolemy.util.test.junit.TclTests" name="[0] /home/travis/build/icyphy/ptII/ptolemy/domains/de/test/DependencyLoop.tcl (RunTclFile)" time="0.996" />
  <testcase classname="ptolemy.util.test.junit.TclTests" name="[1] /home/travis/build/icyphy/ptII/ptolemy/domains/de/test/RunDETestsAsQSS.tcl (RunTclFile)" time="81.497" />
  <testcase classname="ptolemy.util.test.junit.AutoKnownFailedTests" name="[0] /home/travis/build/icyphy/ptII/ptolemy/domains/de/test/auto/knownFailedTests/DESDFClockTest.xml (RunModel)" time="2.045" />
  <testcase classname="ptolemy.util.test.junit.AutoKnownFailedTests" name="[1] /home/travis/build/icyphy/ptII/ptolemy/domains/de/test/auto/knownFailedTests/DirectFeedback.xml (RunModel)" time="0.017" />
  <testcase classname="ptolemy.util.test.junit.AutoKnownFailedTests" name="[2] /home/travis/build/icyphy/ptII/ptolemy/domains/de/test/auto/knownFailedTests/FSMSource.xml (RunModel)" time="0.02" />
  <testcase classname="ptolemy.util.test.junit.AutoKnownFailedTests" name="[3] /home/travis/build/icyphy/ptII/ptolemy/domains/de/test/auto/knownFailedTests/HierarchicalModel.xml (RunModel)" time="0.063" />
  <testcase classname="ptolemy.util.test.junit.AutoKnownFailedTests" name="[4] /home/travis/build/icyphy/ptII/ptolemy/domains/de/test/auto/knownFailedTests/dependencyLoop.xml (RunModel)" time="0.044" />
  <testcase classname="ptolemy.util.test.junit.AutoKnownFailedTests" name="[5] /home/travis/build/icyphy/ptII/ptolemy/domains/de/test/auto/knownFailedTests/dependencyLoop2.xml (RunModel)" time="0.044" />
  <testcase classname="ptolemy.util.test.junit.AutoNameArchTests" name="[0] ThereAreNoAutoArchTests (RunModel)" time="0.001" />
  <testcase classname="ptolemy.util.test.junit.AutoTests" name="[0] /home/travis/build/icyphy/ptII/ptolemy/domains/de/test/auto/ActorDepthCalculation_actorWithoutPorts.xml (RunModel)" time="0.025" />
  <testcase classname="ptolemy.util.test.junit.AutoTests" name="[1] /home/travis/build/icyphy/ptII/ptolemy/domains/de/test/auto/AssemblyLine.xml (RunModel)" time="0.023" />
  <testcase classname="ptolemy.util.test.junit.AutoTests" name="[2] /home/travis/build/icyphy/ptII/ptolemy/domains/de/test/auto/CQBug1.xml (RunModel)" time="0.011" />
  <testcase classname="ptolemy.util.test.junit.AutoTests" name="[3] /home/travis/build/icyphy/ptII/ptolemy/domains/de/test/auto/CancelFireAt.xml (RunModel)" time="0.009" />
  <testcase classname="ptolemy.util.test.junit.AutoTests" name="[4] /home/travis/build/icyphy/ptII/ptolemy/domains/de/test/auto/CausalityAndComposabilityAnalysis.xml (RunModel)" time="0.01" />
  <testcase classname="ptolemy.util.test.junit.AutoTests" name="[5] /home/travis/build/icyphy/ptII/ptolemy/domains/de/test/auto/CausalityInterface1.xml (RunModel)" time="0.017" />
  <testcase classname="ptolemy.util.test.junit.AutoTests" name="[6] /home/travis/build/icyphy/ptII/ptolemy/domains/de/test/auto/CausalityInterface15.xml (RunModel)" time="0.015" />
  <testcase classname="ptolemy.util.test.junit.AutoTests" name="[7] /home/travis/build/icyphy/ptII/ptolemy/domains/de/test/auto/CausalityInterface2.xml (RunModel)" time="0.013" />
  <testcase classname="ptolemy.util.test.junit.AutoTests" name="[8] /home/travis/build/icyphy/ptII/ptolemy/domains/de/test/auto/CausalityInterface3.xml (RunModel)" time="0.013" />
  <testcase classname="ptolemy.util.test.junit.AutoTests" name="[9] /home/travis/build/icyphy/ptII/ptolemy/domains/de/test/auto/ClockDrift.xml (RunModel)" time="0.041" />
  <testcase classname="ptolemy.util.test.junit.AutoTests" name="[10] /home/travis/build/icyphy/ptII/ptolemy/domains/de/test/auto/ClockDriftAndValueChange.xml (RunModel)" time="0.029" />
  <testcase classname="ptolemy.util.test.junit.AutoTests" name="[11] /home/travis/build/icyphy/ptII/ptolemy/domains/de/test/auto/ClockDriftChange.xml (RunModel)" time="0.032" />
  <testcase classname="ptolemy.util.test.junit.AutoTests" name="[12] /home/travis/build/icyphy/ptII/ptolemy/domains/de/test/auto/ComposableCausalityAnalysis.xml (RunModel)" time="0.015" />
  <testcase classname="ptolemy.util.test.junit.AutoTests" name="[13] /home/travis/build/icyphy/ptII/ptolemy/domains/de/test/auto/DEFixedPointLimitation.xml (RunModel)" time="0.012" />
  <testcase classname="ptolemy.util.test.junit.AutoTests" name="[14] /home/travis/build/icyphy/ptII/ptolemy/domains/de/test/auto/DEScheduleTest.xml (RunModel)" time="0.01" />
  <testcase classname="ptolemy.util.test.junit.AutoTests" name="[15] /home/travis/build/icyphy/ptII/ptolemy/domains/de/test/auto/DEinDEwithStartTimes.xml (RunModel)" time="0.011" />
  <testcase classname="ptolemy.util.test.junit.AutoTests" name="[16] /home/travis/build/icyphy/ptII/ptolemy/domains/de/test/auto/DEinDEwithStartTimes2.xml (RunModel)" time="0.018" />
  <testcase classname="ptolemy.util.test.junit.AutoTests" name="[17] /home/travis/build/icyphy/ptII/ptolemy/domains/de/test/auto/DateDemo.xml (RunModel)" time="0.031" />
  <testcase classname="ptolemy.util.test.junit.AutoTests" name="[18] /home/travis/build/icyphy/ptII/ptolemy/domains/de/test/auto/DateToEvent.xml (RunModel)" time="2.042" />
  <testcase classname="ptolemy.util.test.junit.AutoTests" name="[19] /home/travis/build/icyphy/ptII/ptolemy/domains/de/test/auto/DepthTest1.xml (RunModel)" time="0.008" />
  <testcase classname="ptolemy.util.test.junit.AutoTests" name="[20] /home/travis/build/icyphy/ptII/ptolemy/domains/de/test/auto/DepthTest2.xml (RunModel)" time="0.026" />
  <testcase classname="ptolemy.util.test.junit.AutoTests" name="[21] /home/travis/build/icyphy/ptII/ptolemy/domains/de/test/auto/DepthTest3.xml (RunModel)" time="0.009" />
  <testcase classname="ptolemy.util.test.junit.AutoTests" name="[22] /home/travis/build/icyphy/ptII/ptolemy/domains/de/test/auto/DepthTest4.xml (RunModel)" time="0.019" />
  <testcase classname="ptolemy.util.test.junit.AutoTests" name="[23] /home/travis/build/icyphy/ptII/ptolemy/domains/de/test/auto/DepthTest5.xml (RunModel)" time="0.015" />
  <testcase classname="ptolemy.util.test.junit.AutoTests" name="[24] /home/travis/build/icyphy/ptII/ptolemy/domains/de/test/auto/DepthTest6.xml (RunModel)" time="0.012" />
  <testcase classname="ptolemy.util.test.junit.AutoTests" name="[25] /home/travis/build/icyphy/ptII/ptolemy/domains/de/test/auto/DepthTest7.xml (RunModel)" time="0.014" />
  <testcase classname="ptolemy.util.test.junit.AutoTests" name="[26] /home/travis/build/icyphy/ptII/ptolemy/domains/de/test/auto/EventToDate.xml (RunModel)" time="3.042" />
  <testcase classname="ptolemy.util.test.junit.AutoTests" name="[27] /home/travis/build/icyphy/ptII/ptolemy/domains/de/test/auto/FSM1.xml (RunModel)" time="0.044" />
  <testcase classname="ptolemy.util.test.junit.AutoTests" name="[28] /home/travis/build/icyphy/ptII/ptolemy/domains/de/test/auto/FSM7.xml (RunModel)" time="0.038" />
  <testcase classname="ptolemy.util.test.junit.AutoTests" name="[29] /home/travis/build/icyphy/ptII/ptolemy/domains/de/test/auto/Inspection.xml (RunModel)" time="0.042" />
  <testcase classname="ptolemy.util.test.junit.AutoTests" name="[30] /home/travis/build/icyphy/ptII/ptolemy/domains/de/test/auto/Iteration.xml (RunModel)" time="0.021" />
  <testcase classname="ptolemy.util.test.junit.AutoTests" name="[31] /home/travis/build/icyphy/ptII/ptolemy/domains/de/test/auto/LineFault.xml (RunModel)" time="0.527" />
  <testcase classname="ptolemy.util.test.junit.AutoTests" name="[32] /home/travis/build/icyphy/ptII/ptolemy/domains/de/test/auto/MergeModel1Add.xml (RunModel)" time="0.046" />
  <testcase classname="ptolemy.util.test.junit.AutoTests" name="[33] /home/travis/build/icyphy/ptII/ptolemy/domains/de/test/auto/MergeModel2Add.xml (RunModel)" time="0.034" />
  <testcase classname="ptolemy.util.test.junit.AutoTests" name="[34] /home/travis/build/icyphy/ptII/ptolemy/domains/de/test/auto/MergeModel3Add.xml (RunModel)" time="0.042" />
  <testcase classname="ptolemy.util.test.junit.AutoTests" name="[35] /home/travis/build/icyphy/ptII/ptolemy/domains/de/test/auto/MergeWithoutDiscard.xml (RunModel)" time="0.01" />
  <testcase classname="ptolemy.util.test.junit.AutoTests" name="[36] /home/travis/build/icyphy/ptII/ptolemy/domains/de/test/auto/Modal1.xml (RunModel)" time="0.041" />
  <testcase classname="ptolemy.util.test.junit.AutoTests" name="[37] /home/travis/build/icyphy/ptII/ptolemy/domains/de/test/auto/Modal2.xml (RunModel)" time="0.028" />
  <testcase classname="ptolemy.util.test.junit.AutoTests" name="[38] /home/travis/build/icyphy/ptII/ptolemy/domains/de/test/auto/Modal3.xml (RunModel)" time="0.025" />
  <testcase classname="ptolemy.util.test.junit.AutoTests" name="[39] /home/travis/build/icyphy/ptII/ptolemy/domains/de/test/auto/Modal4.xml (RunModel)" time="0.031" />
  <testcase classname="ptolemy.util.test.junit.AutoTests" name="[40] /home/travis/build/icyphy/ptII/ptolemy/domains/de/test/auto/Modal5.xml (RunModel)" time="0.024" />
  <testcase classname="ptolemy.util.test.junit.AutoTests" name="[41] /home/travis/build/icyphy/ptII/ptolemy/domains/de/test/auto/Modal6.xml (RunModel)" time="0.029" />
  <testcase classname="ptolemy.util.test.junit.AutoTests" name="[42] /home/travis/build/icyphy/ptII/ptolemy/domains/de/test/auto/Modal7.xml (RunModel)" time="0.026" />
  <testcase classname="ptolemy.util.test.junit.AutoTests" name="[43] /home/travis/build/icyphy/ptII/ptolemy/domains/de/test/auto/ModalModel.xml (RunModel)" time="0.162" />
  <testcase classname="ptolemy.util.test.junit.AutoTests" name="[44] /home/travis/build/icyphy/ptII/ptolemy/domains/de/test/auto/ModalSource.xml (RunModel)" time="0.018" />
  <testcase classname="ptolemy.util.test.junit.AutoTests" name="[45] /home/travis/build/icyphy/ptII/ptolemy/domains/de/test/auto/NonInterruptibleTimerZeroDelay.xml (RunModel)" time="0.009" />
  <testcase classname="ptolemy.util.test.junit.AutoTests" name="[46] /home/travis/build/icyphy/ptII/ptolemy/domains/de/test/auto/OpenQueueingNetwork.xml (RunModel)" time="2.28" />
  <testcase classname="ptolemy.util.test.junit.AutoTests" name="[47] /home/travis/build/icyphy/ptII/ptolemy/domains/de/test/auto/OpenQueuingNetwork.xml (RunModel)" time="0.271" />
  <testcase classname="ptolemy.util.test.junit.AutoTests" name="[48] /home/travis/build/icyphy/ptII/ptolemy/domains/de/test/auto/PeriodicSampler.xml (RunModel)" time="0.013" />
  <testcase classname="ptolemy.util.test.junit.AutoTests" name="[49] /home/travis/build/icyphy/ptII/ptolemy/domains/de/test/auto/PersistentIO.xml (RunModel)" time="0.021" />
  <testcase classname="ptolemy.util.test.junit.AutoTests" name="[50] /home/travis/build/icyphy/ptII/ptolemy/domains/de/test/auto/PortParameterResetOnInitialize.xml (RunModel)" time="0.01" />
  <testcase classname="ptolemy.util.test.junit.AutoTests" name="[51] /home/travis/build/icyphy/ptII/ptolemy/domains/de/test/auto/PortParameterUpdates.xml (RunModel)" time="0.014" />
  <testcase classname="ptolemy.util.test.junit.AutoTests" name="[52] /home/travis/build/icyphy/ptII/ptolemy/domains/de/test/auto/QueueAndServer.xml (RunModel)" time="0.023" />
  <testcase classname="ptolemy.util.test.junit.AutoTests" name="[53] /home/travis/build/icyphy/ptII/ptolemy/domains/de/test/auto/Records.xml (RunModel)" time="0.017" />
  <testcase classname="ptolemy.util.test.junit.AutoTests" name="[54] /home/travis/build/icyphy/ptII/ptolemy/domains/de/test/auto/ResetTransitionWithStartTime1.xml (RunModel)" time="0.022" />
  <testcase classname="ptolemy.util.test.junit.AutoTests" name="[55] /home/travis/build/icyphy/ptII/ptolemy/domains/de/test/auto/ResetTransitionWithStartTime2.xml (RunModel)" time="0.017" />
  <testcase classname="ptolemy.util.test.junit.AutoTests" name="[56] /home/travis/build/icyphy/ptII/ptolemy/domains/de/test/auto/ResetTransitionWithStartTime3.xml (RunModel)" time="0.017" />
  <testcase classname="ptolemy.util.test.junit.AutoTests" name="[57] /home/travis/build/icyphy/ptII/ptolemy/domains/de/test/auto/ResetTransitionWithStartTime4.xml (RunModel)" time="0.018" />
  <testcase classname="ptolemy.util.test.junit.AutoTests" name="[58] /home/travis/build/icyphy/ptII/ptolemy/domains/de/test/auto/ResettableTimer1.xml (RunModel)" time="0.014" />
  <testcase classname="ptolemy.util.test.junit.AutoTests" name="[59] /home/travis/build/icyphy/ptII/ptolemy/domains/de/test/auto/ResettableTimer2.xml (RunModel)" time="0.012" />
  <testcase classname="ptolemy.util.test.junit.AutoTests" name="[60] /home/travis/build/icyphy/ptII/ptolemy/domains/de/test/auto/ResettableTimer3.xml (RunModel)" time="0.009" />
  <testcase classname="ptolemy.util.test.junit.AutoTests" name="[61] /home/travis/build/icyphy/ptII/ptolemy/domains/de/test/auto/ResettableTimer4.xml (RunModel)" time="0.009" />
  <testcase classname="ptolemy.util.test.junit.AutoTests" name="[62] /home/travis/build/icyphy/ptII/ptolemy/domains/de/test/auto/ResettableTimer5.xml (RunModel)" time="0.009" />
  <testcase classname="ptolemy.util.test.junit.AutoTests" name="[63] /home/travis/build/icyphy/ptII/ptolemy/domains/de/test/auto/ResettableTimer6.xml (RunModel)" time="0.014" />
  <testcase classname="ptolemy.util.test.junit.AutoTests" name="[64] /home/travis/build/icyphy/ptII/ptolemy/domains/de/test/auto/ServerZeroDelay.xml (RunModel)" time="0.008" />
  <testcase classname="ptolemy.util.test.junit.AutoTests" name="[65] /home/travis/build/icyphy/ptII/ptolemy/domains/de/test/auto/SmartSender.xml (RunModel)" time="3.009" />
  <testcase classname="ptolemy.util.test.junit.AutoTests" name="[66] /home/travis/build/icyphy/ptII/ptolemy/domains/de/test/auto/ThreadedComposite.xml (RunModel)" time="0.114" />
  <testcase classname="ptolemy.util.test.junit.AutoTests" name="[67] /home/travis/build/icyphy/ptII/ptolemy/domains/de/test/auto/Time.xml (RunModel)" time="0.352" />
  <testcase classname="ptolemy.util.test.junit.AutoTests" name="[68] /home/travis/build/icyphy/ptII/ptolemy/domains/de/test/auto/TimeDelayZeroDelay.xml (RunModel)" time="0.01" />
  <testcase classname="ptolemy.util.test.junit.AutoTests" name="[69] /home/travis/build/icyphy/ptII/ptolemy/domains/de/test/auto/TimerZeroDelay.xml (RunModel)" time="0.01" />
  <testcase classname="ptolemy.util.test.junit.AutoTests" name="[70] /home/travis/build/icyphy/ptII/ptolemy/domains/de/test/auto/TimingParadox.xml (RunModel)" time="0.33" />
  <testcase classname="ptolemy.util.test.junit.AutoTests" name="[71] /home/travis/build/icyphy/ptII/ptolemy/domains/de/test/auto/TransferInputs.xml (RunModel)" time="0.013" />
  <testcase classname="ptolemy.util.test.junit.AutoTests" name="[72] /home/travis/build/icyphy/ptII/ptolemy/domains/de/test/auto/TransferOutputs2.xml (RunModel)" time="0.014" />
  <testcase classname="ptolemy.util.test.junit.AutoTests" name="[73] /home/travis/build/icyphy/ptII/ptolemy/domains/de/test/auto/Trilateration.xml (RunModel)" time="11.061" />
  <testcase classname="ptolemy.util.test.junit.AutoTests" name="[74] /home/travis/build/icyphy/ptII/ptolemy/domains/de/test/auto/TwoSigmaDelta.xml (RunModel)" time="1.829" />
  <testcase classname="ptolemy.util.test.junit.AutoTests" name="[75] /home/travis/build/icyphy/ptII/ptolemy/domains/de/test/auto/VariableDelay.xml (RunModel)" time="0.011" />
  <testcase classname="ptolemy.util.test.junit.AutoTests" name="[76] /home/travis/build/icyphy/ptII/ptolemy/domains/de/test/auto/VariableDelay2.xml (RunModel)" time="0.009" />
  <testcase classname="ptolemy.util.test.junit.AutoTests" name="[77] /home/travis/build/icyphy/ptII/ptolemy/domains/de/test/auto/VariableDelayZeroDelay.xml (RunModel)" time="0.014" />
  <testcase classname="ptolemy.util.test.junit.AutoTests" name="[78] /home/travis/build/icyphy/ptII/ptolemy/domains/de/test/auto/VariableDelayZeroDelay2.xml (RunModel)" time="0.01" />
  <testcase classname="ptolemy.util.test.junit.AutoTests" name="[79] /home/travis/build/icyphy/ptII/ptolemy/domains/de/test/auto/deInCt.xml (RunModel)" time="0.02" />
  <testcase classname="ptolemy.util.test.junit.AutoTests" name="[80] /home/travis/build/icyphy/ptII/ptolemy/domains/de/test/auto/deInCt2.xml (RunModel)" time="0.015" />
  <testcase classname="ptolemy.util.test.junit.AutoTests" name="[81] /home/travis/build/icyphy/ptII/ptolemy/domains/de/test/auto/dynamicCausalityInterface1.xml (RunModel)" time="0.018" />
  <testcase classname="ptolemy.util.test.junit.AutoTests" name="[82] /home/travis/build/icyphy/ptII/ptolemy/domains/de/test/auto/fsm_de_test.xml (RunModel)" time="0.027" />
  <testcase classname="ptolemy.util.test.junit.AutoTests" name="[83] /home/travis/build/icyphy/ptII/ptolemy/domains/de/test/auto/functionDependencyReconstruction.xml (RunModel)" time="0.036" />
  <testcase classname="ptolemy.util.test.junit.AutoTests" name="[84] /home/travis/build/icyphy/ptII/ptolemy/domains/de/test/auto/multirate.xml (RunModel)" time="0.015" />
  <testcase classname="ptolemy.util.test.junit.AutoTests" name="[85] /home/travis/build/icyphy/ptII/ptolemy/domains/de/test/auto/multirate2.xml (RunModel)" time="0.019" />
  <testcase classname="ptolemy.util.test.junit.AutoTests" name="[86] /home/travis/build/icyphy/ptII/ptolemy/domains/de/test/auto/realtime.xml (RunModel)" time="10.01" />
  <testcase classname="ptolemy.util.test.junit.AutoTests" name="[87] /home/travis/build/icyphy/ptII/ptolemy/domains/de/test/auto/relationGroup.xml (RunModel)" time="0.008" />
  <testcase classname="ptolemy.util.test.junit.AutoTests" name="[88] /home/travis/build/icyphy/ptII/ptolemy/domains/de/test/auto/relationGroup2.xml (RunModel)" time="0.009" />
  <testcase classname="ptolemy.util.test.junit.AutoTests" name="[89] /home/travis/build/icyphy/ptII/ptolemy/domains/de/test/auto/sortWithOpaquePorts.xml (RunModel)" time="0.011" />
  <testcase classname="ptolemy.util.test.junit.AutoTests" name="[90] /home/travis/build/icyphy/ptII/ptolemy/domains/de/test/auto/transferInputsandOutputs.xml (RunModel)" time="0.017" />
  <testcase classname="ptolemy.util.test.junit.AutoTests" name="[91] /home/travis/build/icyphy/ptII/ptolemy/domains/de/test/auto/triggerType.xml (RunModel)" time="0.02" />
  <system-out><![CDATA[/home/travis/build/icyphy/ptII/ptolemy/domains/de/test/DependencyLoop.tcl
testDefs.tcl: setting time out to 9000 seconds at Fri Jul 24 23:29:09 UTC 2020
78 ms. Memory: 129024K Free: 78792K (61%)
35 ms. Memory: 129024K Free: 61384K (48%)
/home/travis/build/icyphy/ptII/ptolemy/domains/de/test/RunDETestsAsQSS.tcl
Run the DE tests using ptolemy.domains.qss.test.QSSDirectorTest, which extends QSSDirector and prints a message in the constructors.
------------------ testing $PTII/ptolemy/domains/de/test/auto/knownFailedTests/DirectFeedback.xml (Known Failure) 
46 ms. Memory: 129024K Free: 55750K (43%)


==== $PTIIhome/travis/build/icyphy/ptII/ptolemy/domains/de/test/../../../../: Auto Automatic test in file $PTII/ptolemy/domains/de/test/auto/knownFailedTests/DirectFeedback.xml
==== Contents of test case:

	    # FIXME: we should use $relativeFilename here, but it
	    # might have backslashes under Windows, which causes no end
	    # of trouble.
	    createAndExecute $file
	    list {}
	
.... Test generated KNOWN error:
    while executing
ptolemy.kernel.util.IllegalActionException: Test fails in iteration 1.
Value was: 1.0. Should have been: 2.0
  in .DirectFeedback.Test
	at ptolemy.actor.lib.Test.fire(Test.java:268)
	at ptolemy.domains.de.kernel.DEDirector._fire(DEDirector.java:1949)
	at ptolemy.domains.de.kernel.DEDirector.fire(DEDirector.java:502)
	at ptolemy.actor.CompositeActor.fire(CompositeActor.java:455)
	at ptolemy.actor.Manager.iterate(Manager.java:851)
	at ptolemy.actor.Manager.execute(Manager.java:369)
	at ptolemy.actor.Manager.run(Manager.java:1263)
	at ptolemy.actor.Manager$PtolemyRunThread.run(Manager.java:1933)

    while executing
ptolemy.kernel.util.IllegalActionException: Test fails in iteration 1.
Value was: 1.0. Should have been: 2.0
  in .DirectFeedback.Test
    while executing
"java::new ptolemy.moml.MoMLSimpleApplication $file
"
    (procedure "createAndExecute" line 2)
    invoked from within
"createAndExecute $file"
    ("uplevel" body line 5)
    invoked from within
"uplevel $contents_of_test"
------------------ testing $PTII/ptolemy/domains/de/test/auto/knownFailedTests/dependencyLoop.xml (Known Failure) 
17 ms. Memory: 129024K Free: 52678K (41%)


==== $PTIIhome/travis/build/icyphy/ptII/ptolemy/domains/de/test/../../../../: Auto Automatic test in file $PTII/ptolemy/domains/de/test/auto/knownFailedTests/dependencyLoop.xml
==== Contents of test case:

	    # FIXME: we should use $relativeFilename here, but it
	    # might have backslashes under Windows, which causes no end
	    # of trouble.
	    createAndExecute $file
	    list {}
	
.... Test generated KNOWN error:
    while executing
ptolemy.kernel.util.IllegalActionException: Found a zero delay loop containing .dependencyLoop.original
  in .dependencyLoop and .dependencyLoop.original
	at ptolemy.actor.util.CausalityInterfaceForComposites._computeOutputPortDepth(CausalityInterfaceForComposites.java:759)
	at ptolemy.actor.util.CausalityInterfaceForComposites._computeInputDepth(CausalityInterfaceForComposites.java:696)
	at ptolemy.actor.util.CausalityInterfaceForComposites._computeOutputPortDepth(CausalityInterfaceForComposites.java:765)
	at ptolemy.actor.util.CausalityInterfaceForComposites._computeInputDepth(CausalityInterfaceForComposites.java:696)
	at ptolemy.actor.util.CausalityInterfaceForComposites._computeOutputPortDepth(CausalityInterfaceForComposites.java:765)
	at ptolemy.actor.util.CausalityInterfaceForComposites._computeInputDepth(CausalityInterfaceForComposites.java:696)
	at ptolemy.actor.util.CausalityInterfaceForComposites._computeActorDepth(CausalityInterfaceForComposites.java:532)
	at ptolemy.actor.util.CausalityInterfaceForComposites.checkForCycles(CausalityInterfaceForComposites.java:96)
	at ptolemy.domains.de.kernel.DEDirector.preinitialize(DEDirector.java:1338)
	at ptolemy.actor.CompositeActor.preinitialize(CompositeActor.java:1828)
	at ptolemy.actor.Manager.preinitializeAndResolveTypes(Manager.java:1040)
	at ptolemy.actor.Manager.initialize(Manager.java:710)
	at ptolemy.actor.Manager.execute(Manager.java:356)
	at ptolemy.actor.Manager.run(Manager.java:1263)
	at ptolemy.actor.Manager$PtolemyRunThread.run(Manager.java:1933)

    while executing
ptolemy.kernel.util.IllegalActionException: Found a zero delay loop containing .dependencyLoop.original
  in .dependencyLoop and .dependencyLoop.original
    while executing
"java::new ptolemy.moml.MoMLSimpleApplication $file
"
    (procedure "createAndExecute" line 2)
    invoked from within
"createAndExecute $file"
    ("uplevel" body line 5)
    invoked from within
"uplevel $contents_of_test"
------------------ testing $PTII/ptolemy/domains/de/test/auto/knownFailedTests/FSMSource.xml (Known Failure) 
54 ms. Memory: 129024K Free: 110438K (86%)
!!!! Auto was marked as failing, but now passes
------------------ testing $PTII/ptolemy/domains/de/test/auto/knownFailedTests/HierarchicalModel.xml (Known Failure) 
10 ms. Memory: 129024K Free: 93089K (72%)


==== $PTIIhome/travis/build/icyphy/ptII/ptolemy/domains/de/test/../../../../: Auto Automatic test in file $PTII/ptolemy/domains/de/test/auto/knownFailedTests/HierarchicalModel.xml
==== Contents of test case:

	    # FIXME: we should use $relativeFilename here, but it
	    # might have backslashes under Windows, which causes no end
	    # of trouble.
	    createAndExecute $file
	    list {}
	
.... Test generated KNOWN error:
    while executing
ptolemy.kernel.util.IllegalActionException: Found a zero delay loop containing .HierarchicalModel.A
  in .HierarchicalModel and .HierarchicalModel.A
	at ptolemy.actor.util.CausalityInterfaceForComposites._computeOutputPortDepth(CausalityInterfaceForComposites.java:759)
	at ptolemy.actor.util.CausalityInterfaceForComposites._computeInputDepth(CausalityInterfaceForComposites.java:696)
	at ptolemy.actor.util.CausalityInterfaceForComposites._computeOutputPortDepth(CausalityInterfaceForComposites.java:765)
	at ptolemy.actor.util.CausalityInterfaceForComposites._computeInputDepth(CausalityInterfaceForComposites.java:696)
	at ptolemy.actor.util.CausalityInterfaceForComposites._computeOutputPortDepth(CausalityInterfaceForComposites.java:765)
	at ptolemy.actor.util.CausalityInterfaceForComposites._computeInputDepth(CausalityInterfaceForComposites.java:696)
	at ptolemy.actor.util.CausalityInterfaceForComposites._computeActorDepth(CausalityInterfaceForComposites.java:532)
	at ptolemy.actor.util.CausalityInterfaceForComposites.checkForCycles(CausalityInterfaceForComposites.java:96)
	at ptolemy.domains.de.kernel.DEDirector.preinitialize(DEDirector.java:1338)
	at ptolemy.actor.CompositeActor.preinitialize(CompositeActor.java:1828)
	at ptolemy.actor.Manager.preinitializeAndResolveTypes(Manager.java:1040)
	at ptolemy.actor.Manager.initialize(Manager.java:710)
	at ptolemy.actor.Manager.execute(Manager.java:356)
	at ptolemy.actor.Manager.run(Manager.java:1263)
	at ptolemy.actor.Manager$PtolemyRunThread.run(Manager.java:1933)

    while executing
ptolemy.kernel.util.IllegalActionException: Found a zero delay loop containing .HierarchicalModel.A
  in .HierarchicalModel and .HierarchicalModel.A
    while executing
"java::new ptolemy.moml.MoMLSimpleApplication $file
"
    (procedure "createAndExecute" line 2)
    invoked from within
"createAndExecute $file"
    ("uplevel" body line 5)
    invoked from within
"uplevel $contents_of_test"
------------------ testing $PTII/ptolemy/domains/de/test/auto/knownFailedTests/dependencyLoop2.xml (Known Failure) 
10 ms. Memory: 129024K Free: 76689K (59%)


==== $PTIIhome/travis/build/icyphy/ptII/ptolemy/domains/de/test/../../../../: Auto Automatic test in file $PTII/ptolemy/domains/de/test/auto/knownFailedTests/dependencyLoop2.xml
==== Contents of test case:

	    # FIXME: we should use $relativeFilename here, but it
	    # might have backslashes under Windows, which causes no end
	    # of trouble.
	    createAndExecute $file
	    list {}
	
.... Test generated KNOWN error:
    while executing
ptolemy.kernel.util.IllegalActionException: Found a zero delay loop containing .dependencyLoop2.original
  in .dependencyLoop2 and .dependencyLoop2.original
	at ptolemy.actor.util.CausalityInterfaceForComposites._computeOutputPortDepth(CausalityInterfaceForComposites.java:759)
	at ptolemy.actor.util.CausalityInterfaceForComposites._computeInputDepth(CausalityInterfaceForComposites.java:696)
	at ptolemy.actor.util.CausalityInterfaceForComposites._computeOutputPortDepth(CausalityInterfaceForComposites.java:765)
	at ptolemy.actor.util.CausalityInterfaceForComposites._computeInputDepth(CausalityInterfaceForComposites.java:696)
	at ptolemy.actor.util.CausalityInterfaceForComposites._computeOutputPortDepth(CausalityInterfaceForComposites.java:765)
	at ptolemy.actor.util.CausalityInterfaceForComposites._computeInputDepth(CausalityInterfaceForComposites.java:696)
	at ptolemy.actor.util.CausalityInterfaceForComposites._computeActorDepth(CausalityInterfaceForComposites.java:532)
	at ptolemy.actor.util.CausalityInterfaceForComposites.checkForCycles(CausalityInterfaceForComposites.java:96)
	at ptolemy.domains.de.kernel.DEDirector.preinitialize(DEDirector.java:1338)
	at ptolemy.actor.CompositeActor.preinitialize(CompositeActor.java:1828)
	at ptolemy.actor.Manager.preinitializeAndResolveTypes(Manager.java:1040)
	at ptolemy.actor.Manager.initialize(Manager.java:710)
	at ptolemy.actor.Manager.execute(Manager.java:356)
	at ptolemy.actor.Manager.run(Manager.java:1263)
	at ptolemy.actor.Manager$PtolemyRunThread.run(Manager.java:1933)

    while executing
ptolemy.kernel.util.IllegalActionException: Found a zero delay loop containing .dependencyLoop2.original
  in .dependencyLoop2 and .dependencyLoop2.original
    while executing
"java::new ptolemy.moml.MoMLSimpleApplication $file
"
    (procedure "createAndExecute" line 2)
    invoked from within
"createAndExecute $file"
    ("uplevel" body line 5)
    invoked from within
"uplevel $contents_of_test"
------------------ testing $PTII/ptolemy/domains/de/test/auto/knownFailedTests/DESDFClockTest.xml (Known Failure) 
2060 ms. Memory: 129024K Free: 107014K (83%)


==== $PTIIhome/travis/build/icyphy/ptII/ptolemy/domains/de/test/../../../../: Auto Automatic test in file $PTII/ptolemy/domains/de/test/auto/knownFailedTests/DESDFClockTest.xml
==== Contents of test case:

	    # FIXME: we should use $relativeFilename here, but it
	    # might have backslashes under Windows, which causes no end
	    # of trouble.
	    createAndExecute $file
	    list {}
	
.... Test generated KNOWN error:
    while executing
ptolemy.kernel.util.IllegalActionException: Actor is not ready to fire.  Perhaps UpSample.prefire() returned false? Try debugging the actor by selecting "Listen to Actor".  Also, for SDF check moml for tokenConsumptionRate on input.
  in .DESDFClockTest.Play Bell.Copy1:SDF Director and .DESDFClockTest.Play Bell.UpSample
	at ptolemy.actor.sched.StaticSchedulingDirector.fire(StaticSchedulingDirector.java:227)
	at ptolemy.domains.sdf.kernel.SDFDirector.fire(SDFDirector.java:500)
	at ptolemy.actor.CompositeActor.fire(CompositeActor.java:455)
	at ptolemy.domains.de.kernel.DEDirector._fire(DEDirector.java:1949)
	at ptolemy.domains.de.kernel.DEDirector.fire(DEDirector.java:502)
	at ptolemy.actor.CompositeActor.fire(CompositeActor.java:455)
	at ptolemy.actor.Manager.iterate(Manager.java:851)
	at ptolemy.actor.Manager.execute(Manager.java:369)
	at ptolemy.actor.Manager.run(Manager.java:1263)
	at ptolemy.actor.Manager$PtolemyRunThread.run(Manager.java:1933)

    while executing
ptolemy.kernel.util.IllegalActionException: Actor is not ready to fire.  Perhaps UpSample.prefire() returned false? Try debugging the actor by selecting "Listen to Actor".  Also, for SDF check moml for tokenConsumptionRate on input.
  in .DESDFClockTest.Play Bell.Copy1:SDF Director and .DESDFClockTest.Play Bell.UpSample
    while executing
"java::new ptolemy.moml.MoMLSimpleApplication $file
"
    (procedure "createAndExecute" line 2)
    invoked from within
"createAndExecute $file"
    ("uplevel" body line 5)
    invoked from within
"uplevel $contents_of_test"
------------------ testing $PTII/ptolemy/domains/de/test/auto/ActorDepthCalculation_actorWithoutPorts.xml
auto.tcl: Setting watchdog for 200 seconds at Fri Jul 24 23:29:12 UTC 2020
10 ms. Memory: 129024K Free: 99336K (77%)
ptolemy.util.test.WatchDog.cancel(): canceling Fri Jul 24 23:29:12 UTC 2020
auto.tcl: Setting watchdog for 200 seconds at Fri Jul 24 23:29:12 UTC 2020
7 ms. Memory: 129024K Free: 97791K (76%)
ptolemy.util.test.WatchDog.cancel(): canceling Fri Jul 24 23:29:12 UTC 2020
------------------ testing $PTII/ptolemy/domains/de/test/auto/AssemblyLine.xml
auto.tcl: Setting watchdog for 200 seconds at Fri Jul 24 23:29:13 UTC 2020
9 ms. Memory: 55296K Free: 31566K (57%)
ptolemy.util.test.WatchDog.cancel(): canceling Fri Jul 24 23:29:13 UTC 2020
auto.tcl: Setting watchdog for 200 seconds at Fri Jul 24 23:29:13 UTC 2020
12 ms. Memory: 55296K Free: 30820K (56%)
ptolemy.util.test.WatchDog.cancel(): canceling Fri Jul 24 23:29:13 UTC 2020
------------------ testing $PTII/ptolemy/domains/de/test/auto/CQBug1.xml
auto.tcl: Setting watchdog for 200 seconds at Fri Jul 24 23:29:13 UTC 2020
2 ms. Memory: 51200K Free: 33388K (65%)
ptolemy.util.test.WatchDog.cancel(): canceling Fri Jul 24 23:29:13 UTC 2020
auto.tcl: Setting watchdog for 200 seconds at Fri Jul 24 23:29:13 UTC 2020
2 ms. Memory: 51200K Free: 32958K (64%)
ptolemy.util.test.WatchDog.cancel(): canceling Fri Jul 24 23:29:13 UTC 2020
------------------ testing $PTII/ptolemy/domains/de/test/auto/CancelFireAt.xml
auto.tcl: Setting watchdog for 200 seconds at Fri Jul 24 23:29:13 UTC 2020
3 ms. Memory: 51200K Free: 34664K (68%)
ptolemy.util.test.WatchDog.cancel(): canceling Fri Jul 24 23:29:13 UTC 2020
auto.tcl: Setting watchdog for 200 seconds at Fri Jul 24 23:29:13 UTC 2020
4 ms. Memory: 51200K Free: 34234K (67%)
ptolemy.util.test.WatchDog.cancel(): canceling Fri Jul 24 23:29:13 UTC 2020
------------------ testing $PTII/ptolemy/domains/de/test/auto/CausalityAndComposabilityAnalysis.xml
auto.tcl: Setting watchdog for 200 seconds at Fri Jul 24 23:29:13 UTC 2020
9 ms. Memory: 51200K Free: 32372K (63%)
ptolemy.util.test.WatchDog.cancel(): canceling Fri Jul 24 23:29:13 UTC 2020
auto.tcl: Setting watchdog for 200 seconds at Fri Jul 24 23:29:13 UTC 2020
5 ms. Memory: 51200K Free: 31942K (62%)
ptolemy.util.test.WatchDog.cancel(): canceling Fri Jul 24 23:29:13 UTC 2020
------------------ testing $PTII/ptolemy/domains/de/test/auto/CausalityInterface1.xml
auto.tcl: Setting watchdog for 200 seconds at Fri Jul 24 23:29:13 UTC 2020
33 ms. Memory: 51200K Free: 31325K (61%)
ptolemy.util.test.WatchDog.cancel(): canceling Fri Jul 24 23:29:13 UTC 2020
auto.tcl: Setting watchdog for 200 seconds at Fri Jul 24 23:29:13 UTC 2020
4 ms. Memory: 51200K Free: 30344K (59%)
ptolemy.util.test.WatchDog.cancel(): canceling Fri Jul 24 23:29:13 UTC 2020
------------------ testing $PTII/ptolemy/domains/de/test/auto/CausalityInterface15.xml
auto.tcl: Setting watchdog for 200 seconds at Fri Jul 24 23:29:13 UTC 2020
7 ms. Memory: 51200K Free: 31255K (61%)
ptolemy.util.test.WatchDog.cancel(): canceling Fri Jul 24 23:29:13 UTC 2020
auto.tcl: Setting watchdog for 200 seconds at Fri Jul 24 23:29:13 UTC 2020
3 ms. Memory: 51200K Free: 30310K (59%)
ptolemy.util.test.WatchDog.cancel(): canceling Fri Jul 24 23:29:13 UTC 2020
------------------ testing $PTII/ptolemy/domains/de/test/auto/CausalityInterface2.xml
auto.tcl: Setting watchdog for 200 seconds at Fri Jul 24 23:29:13 UTC 2020
4 ms. Memory: 51200K Free: 32209K (63%)
ptolemy.util.test.WatchDog.cancel(): canceling Fri Jul 24 23:29:14 UTC 2020
auto.tcl: Setting watchdog for 200 seconds at Fri Jul 24 23:29:14 UTC 2020
3 ms. Memory: 51200K Free: 31298K (61%)
ptolemy.util.test.WatchDog.cancel(): canceling Fri Jul 24 23:29:14 UTC 2020
------------------ testing $PTII/ptolemy/domains/de/test/auto/CausalityInterface3.xml
auto.tcl: Setting watchdog for 200 seconds at Fri Jul 24 23:29:14 UTC 2020
7 ms. Memory: 51200K Free: 31510K (62%)
ptolemy.util.test.WatchDog.cancel(): canceling Fri Jul 24 23:29:14 UTC 2020
auto.tcl: Setting watchdog for 200 seconds at Fri Jul 24 23:29:14 UTC 2020
3 ms. Memory: 51200K Free: 31080K (61%)
ptolemy.util.test.WatchDog.cancel(): canceling Fri Jul 24 23:29:14 UTC 2020
------------------ testing $PTII/ptolemy/domains/de/test/auto/ClockDrift.xml
auto.tcl: Setting watchdog for 200 seconds at Fri Jul 24 23:29:14 UTC 2020
92 ms. Memory: 51200K Free: 24094K (47%)
ptolemy.util.test.WatchDog.cancel(): canceling Fri Jul 24 23:29:14 UTC 2020
auto.tcl: Setting watchdog for 200 seconds at Fri Jul 24 23:29:14 UTC 2020
55 ms. Memory: 51200K Free: 20665K (40%)
ptolemy.util.test.WatchDog.cancel(): canceling Fri Jul 24 23:29:14 UTC 2020
------------------ testing $PTII/ptolemy/domains/de/test/auto/ClockDriftAndValueChange.xml
auto.tcl: Setting watchdog for 200 seconds at Fri Jul 24 23:29:14 UTC 2020
39 ms. Memory: 51200K Free: 23939K (47%)
ptolemy.util.test.WatchDog.cancel(): canceling Fri Jul 24 23:29:14 UTC 2020
auto.tcl: Setting watchdog for 200 seconds at Fri Jul 24 23:29:14 UTC 2020
22 ms. Memory: 51200K Free: 20944K (41%)
ptolemy.util.test.WatchDog.cancel(): canceling Fri Jul 24 23:29:14 UTC 2020
------------------ testing $PTII/ptolemy/domains/de/test/auto/ClockDriftChange.xml
auto.tcl: Setting watchdog for 200 seconds at Fri Jul 24 23:29:14 UTC 2020
19 ms. Memory: 51200K Free: 26222K (51%)
ptolemy.util.test.WatchDog.cancel(): canceling Fri Jul 24 23:29:14 UTC 2020
auto.tcl: Setting watchdog for 200 seconds at Fri Jul 24 23:29:14 UTC 2020
22 ms. Memory: 51200K Free: 23647K (46%)
ptolemy.util.test.WatchDog.cancel(): canceling Fri Jul 24 23:29:14 UTC 2020
------------------ testing $PTII/ptolemy/domains/de/test/auto/ComposableCausalityAnalysis.xml
auto.tcl: Setting watchdog for 200 seconds at Fri Jul 24 23:29:14 UTC 2020
2 ms. Memory: 51200K Free: 30626K (60%)
ptolemy.util.test.WatchDog.cancel(): canceling Fri Jul 24 23:29:14 UTC 2020
auto.tcl: Setting watchdog for 200 seconds at Fri Jul 24 23:29:14 UTC 2020
4 ms. Memory: 51200K Free: 29552K (58%)
ptolemy.util.test.WatchDog.cancel(): canceling Fri Jul 24 23:29:14 UTC 2020
------------------ testing $PTII/ptolemy/domains/de/test/auto/DEFixedPointLimitation.xml
auto.tcl: Setting watchdog for 200 seconds at Fri Jul 24 23:29:14 UTC 2020
3 ms. Memory: 51200K Free: 31971K (62%)
ptolemy.util.test.WatchDog.cancel(): canceling Fri Jul 24 23:29:14 UTC 2020
auto.tcl: Setting watchdog for 200 seconds at Fri Jul 24 23:29:14 UTC 2020
1 ms. Memory: 51200K Free: 31061K (61%)
ptolemy.util.test.WatchDog.cancel(): canceling Fri Jul 24 23:29:14 UTC 2020
------------------ testing $PTII/ptolemy/domains/de/test/auto/DEScheduleTest.xml
auto.tcl: Setting watchdog for 200 seconds at Fri Jul 24 23:29:14 UTC 2020
12 ms. Memory: 51200K Free: 32250K (63%)
ptolemy.util.test.WatchDog.cancel(): canceling Fri Jul 24 23:29:14 UTC 2020
auto.tcl: Setting watchdog for 200 seconds at Fri Jul 24 23:29:14 UTC 2020
3 ms. Memory: 51200K Free: 31493K (62%)
ptolemy.util.test.WatchDog.cancel(): canceling Fri Jul 24 23:29:14 UTC 2020
------------------ testing $PTII/ptolemy/domains/de/test/auto/DEinDEwithStartTimes.xml
auto.tcl: Setting watchdog for 200 seconds at Fri Jul 24 23:29:14 UTC 2020
4 ms. Memory: 51200K Free: 30462K (59%)
ptolemy.util.test.WatchDog.cancel(): canceling Fri Jul 24 23:29:14 UTC 2020
auto.tcl: Setting watchdog for 200 seconds at Fri Jul 24 23:29:14 UTC 2020
3 ms. Memory: 51200K Free: 29396K (57%)
ptolemy.util.test.WatchDog.cancel(): canceling Fri Jul 24 23:29:14 UTC 2020
------------------ testing $PTII/ptolemy/domains/de/test/auto/DEinDEwithStartTimes2.xml
auto.tcl: Setting watchdog for 200 seconds at Fri Jul 24 23:29:15 UTC 2020
4 ms. Memory: 51200K Free: 29605K (58%)
ptolemy.util.test.WatchDog.cancel(): canceling Fri Jul 24 23:29:15 UTC 2020
auto.tcl: Setting watchdog for 200 seconds at Fri Jul 24 23:29:15 UTC 2020
3 ms. Memory: 51200K Free: 28352K (55%)
ptolemy.util.test.WatchDog.cancel(): canceling Fri Jul 24 23:29:15 UTC 2020
------------------ testing $PTII/ptolemy/domains/de/test/auto/DateDemo.xml
auto.tcl: Setting watchdog for 200 seconds at Fri Jul 24 23:29:15 UTC 2020
14 ms. Memory: 51200K Free: 23990K (47%)
ptolemy.util.test.WatchDog.cancel(): canceling Fri Jul 24 23:29:15 UTC 2020
auto.tcl: Setting watchdog for 200 seconds at Fri Jul 24 23:29:15 UTC 2020
7 ms. Memory: 51200K Free: 22401K (44%)
ptolemy.util.test.WatchDog.cancel(): canceling Fri Jul 24 23:29:15 UTC 2020
------------------ testing $PTII/ptolemy/domains/de/test/auto/DateToEvent.xml
auto.tcl: Setting watchdog for 200 seconds at Fri Jul 24 23:29:15 UTC 2020
2009 ms. Memory: 51200K Free: 19992K (39%)
ptolemy.util.test.WatchDog.cancel(): canceling Fri Jul 24 23:29:17 UTC 2020
auto.tcl: Setting watchdog for 200 seconds at Fri Jul 24 23:29:17 UTC 2020
2004 ms. Memory: 51200K Free: 18888K (37%)
ptolemy.util.test.WatchDog.cancel(): canceling Fri Jul 24 23:29:19 UTC 2020
------------------ testing $PTII/ptolemy/domains/de/test/auto/DepthTest1.xml
auto.tcl: Setting watchdog for 200 seconds at Fri Jul 24 23:29:19 UTC 2020
3 ms. Memory: 51200K Free: 33059K (65%)
ptolemy.util.test.WatchDog.cancel(): canceling Fri Jul 24 23:29:19 UTC 2020
auto.tcl: Setting watchdog for 200 seconds at Fri Jul 24 23:29:19 UTC 2020
2 ms. Memory: 51200K Free: 32629K (64%)
ptolemy.util.test.WatchDog.cancel(): canceling Fri Jul 24 23:29:19 UTC 2020
------------------ testing $PTII/ptolemy/domains/de/test/auto/DepthTest2.xml
auto.tcl: Setting watchdog for 200 seconds at Fri Jul 24 23:29:19 UTC 2020
5 ms. Memory: 51200K Free: 29869K (58%)
ptolemy.util.test.WatchDog.cancel(): canceling Fri Jul 24 23:29:19 UTC 2020
auto.tcl: Setting watchdog for 200 seconds at Fri Jul 24 23:29:19 UTC 2020
3 ms. Memory: 51200K Free: 29455K (58%)
ptolemy.util.test.WatchDog.cancel(): canceling Fri Jul 24 23:29:19 UTC 2020
------------------ testing $PTII/ptolemy/domains/de/test/auto/DepthTest3.xml
auto.tcl: Setting watchdog for 200 seconds at Fri Jul 24 23:29:19 UTC 2020
2 ms. Memory: 51200K Free: 33389K (65%)
ptolemy.util.test.WatchDog.cancel(): canceling Fri Jul 24 23:29:19 UTC 2020
auto.tcl: Setting watchdog for 200 seconds at Fri Jul 24 23:29:19 UTC 2020
1 ms. Memory: 51200K Free: 32951K (64%)
ptolemy.util.test.WatchDog.cancel(): canceling Fri Jul 24 23:29:19 UTC 2020
------------------ testing $PTII/ptolemy/domains/de/test/auto/DepthTest4.xml
auto.tcl: Setting watchdog for 200 seconds at Fri Jul 24 23:29:19 UTC 2020
4 ms. Memory: 51200K Free: 31740K (62%)
ptolemy.util.test.WatchDog.cancel(): canceling Fri Jul 24 23:29:19 UTC 2020
auto.tcl: Setting watchdog for 200 seconds at Fri Jul 24 23:29:19 UTC 2020
3 ms. Memory: 51200K Free: 31003K (61%)
ptolemy.util.test.WatchDog.cancel(): canceling Fri Jul 24 23:29:19 UTC 2020
------------------ testing $PTII/ptolemy/domains/de/test/auto/DepthTest5.xml
auto.tcl: Setting watchdog for 200 seconds at Fri Jul 24 23:29:19 UTC 2020
5 ms. Memory: 51200K Free: 31123K (61%)
ptolemy.util.test.WatchDog.cancel(): canceling Fri Jul 24 23:29:19 UTC 2020
auto.tcl: Setting watchdog for 200 seconds at Fri Jul 24 23:29:19 UTC 2020
3 ms. Memory: 51200K Free: 30350K (59%)
ptolemy.util.test.WatchDog.cancel(): canceling Fri Jul 24 23:29:19 UTC 2020
------------------ testing $PTII/ptolemy/domains/de/test/auto/DepthTest6.xml
auto.tcl: Setting watchdog for 200 seconds at Fri Jul 24 23:29:19 UTC 2020
5 ms. Memory: 51200K Free: 30849K (60%)
ptolemy.util.test.WatchDog.cancel(): canceling Fri Jul 24 23:29:19 UTC 2020
auto.tcl: Setting watchdog for 200 seconds at Fri Jul 24 23:29:19 UTC 2020
1 ms. Memory: 51200K Free: 30451K (59%)
ptolemy.util.test.WatchDog.cancel(): canceling Fri Jul 24 23:29:19 UTC 2020
------------------ testing $PTII/ptolemy/domains/de/test/auto/DepthTest7.xml
auto.tcl: Setting watchdog for 200 seconds at Fri Jul 24 23:29:19 UTC 2020
8 ms. Memory: 51200K Free: 31665K (62%)
ptolemy.util.test.WatchDog.cancel(): canceling Fri Jul 24 23:29:19 UTC 2020
auto.tcl: Setting watchdog for 200 seconds at Fri Jul 24 23:29:19 UTC 2020
2 ms. Memory: 51200K Free: 30949K (60%)
ptolemy.util.test.WatchDog.cancel(): canceling Fri Jul 24 23:29:19 UTC 2020
------------------ testing $PTII/ptolemy/domains/de/test/auto/EventToDate.xml
auto.tcl: Setting watchdog for 200 seconds at Fri Jul 24 23:29:19 UTC 2020
3005 ms. Memory: 51200K Free: 22447K (44%)
ptolemy.util.test.WatchDog.cancel(): canceling Fri Jul 24 23:29:22 UTC 2020
auto.tcl: Setting watchdog for 200 seconds at Fri Jul 24 23:29:22 UTC 2020
3005 ms. Memory: 51200K Free: 21754K (42%)
ptolemy.util.test.WatchDog.cancel(): canceling Fri Jul 24 23:29:25 UTC 2020
------------------ testing $PTII/ptolemy/domains/de/test/auto/FSM1.xml
auto.tcl: Setting watchdog for 200 seconds at Fri Jul 24 23:29:25 UTC 2020
29 ms. Memory: 51200K Free: 23656K (46%)
ptolemy.util.test.WatchDog.cancel(): canceling Fri Jul 24 23:29:26 UTC 2020
auto.tcl: Setting watchdog for 200 seconds at Fri Jul 24 23:29:26 UTC 2020
15 ms. Memory: 51200K Free: 20413K (40%)
ptolemy.util.test.WatchDog.cancel(): canceling Fri Jul 24 23:29:26 UTC 2020
------------------ testing $PTII/ptolemy/domains/de/test/auto/FSM7.xml
auto.tcl: Setting watchdog for 200 seconds at Fri Jul 24 23:29:26 UTC 2020
17 ms. Memory: 51200K Free: 23356K (46%)
ptolemy.util.test.WatchDog.cancel(): canceling Fri Jul 24 23:29:26 UTC 2020
auto.tcl: Setting watchdog for 200 seconds at Fri Jul 24 23:29:26 UTC 2020
24 ms. Memory: 51200K Free: 20224K (40%)
ptolemy.util.test.WatchDog.cancel(): canceling Fri Jul 24 23:29:26 UTC 2020
------------------ testing $PTII/ptolemy/domains/de/test/auto/Inspection.xml
auto.tcl: Setting watchdog for 200 seconds at Fri Jul 24 23:29:26 UTC 2020
23 ms. Memory: 51200K Free: 23373K (46%)
ptolemy.util.test.WatchDog.cancel(): canceling Fri Jul 24 23:29:26 UTC 2020
auto.tcl: Setting watchdog for 200 seconds at Fri Jul 24 23:29:26 UTC 2020
24 ms. Memory: 51200K Free: 21650K (42%)
ptolemy.util.test.WatchDog.cancel(): canceling Fri Jul 24 23:29:26 UTC 2020
------------------ testing $PTII/ptolemy/domains/de/test/auto/Iteration.xml
auto.tcl: Setting watchdog for 200 seconds at Fri Jul 24 23:29:26 UTC 2020
7 ms. Memory: 51200K Free: 29117K (57%)
ptolemy.util.test.WatchDog.cancel(): canceling Fri Jul 24 23:29:26 UTC 2020
auto.tcl: Setting watchdog for 200 seconds at Fri Jul 24 23:29:26 UTC 2020
6 ms. Memory: 51200K Free: 27705K (54%)
ptolemy.util.test.WatchDog.cancel(): canceling Fri Jul 24 23:29:26 UTC 2020
------------------ testing $PTII/ptolemy/domains/de/test/auto/LineFault.xml
auto.tcl: Setting watchdog for 200 seconds at Fri Jul 24 23:29:26 UTC 2020
603 ms. Memory: 64512K Free: 36432K (56%)
ptolemy.util.test.WatchDog.cancel(): canceling Fri Jul 24 23:29:27 UTC 2020
auto.tcl: Setting watchdog for 200 seconds at Fri Jul 24 23:29:27 UTC 2020
579 ms. Memory: 64512K Free: 42055K (65%)
ptolemy.util.test.WatchDog.cancel(): canceling Fri Jul 24 23:29:27 UTC 2020
------------------ testing $PTII/ptolemy/domains/de/test/auto/MergeModel1Add.xml
auto.tcl: Setting watchdog for 200 seconds at Fri Jul 24 23:29:27 UTC 2020
30 ms. Memory: 58368K Free: 22229K (38%)
ptolemy.util.test.WatchDog.cancel(): canceling Fri Jul 24 23:29:28 UTC 2020
auto.tcl: Setting watchdog for 200 seconds at Fri Jul 24 23:29:28 UTC 2020
11 ms. Memory: 58368K Free: 20534K (35%)
ptolemy.util.test.WatchDog.cancel(): canceling Fri Jul 24 23:29:28 UTC 2020
------------------ testing $PTII/ptolemy/domains/de/test/auto/MergeModel2Add.xml
auto.tcl: Setting watchdog for 200 seconds at Fri Jul 24 23:29:28 UTC 2020
9 ms. Memory: 55296K Free: 20911K (38%)
ptolemy.util.test.WatchDog.cancel(): canceling Fri Jul 24 23:29:28 UTC 2020
auto.tcl: Setting watchdog for 200 seconds at Fri Jul 24 23:29:28 UTC 2020
8 ms. Memory: 55296K Free: 19236K (35%)
ptolemy.util.test.WatchDog.cancel(): canceling Fri Jul 24 23:29:28 UTC 2020
------------------ testing $PTII/ptolemy/domains/de/test/auto/MergeModel3Add.xml
auto.tcl: Setting watchdog for 200 seconds at Fri Jul 24 23:29:28 UTC 2020
7 ms. Memory: 55296K Free: 21192K (38%)
ptolemy.util.test.WatchDog.cancel(): canceling Fri Jul 24 23:29:28 UTC 2020
auto.tcl: Setting watchdog for 200 seconds at Fri Jul 24 23:29:28 UTC 2020
6 ms. Memory: 55296K Free: 19737K (36%)
ptolemy.util.test.WatchDog.cancel(): canceling Fri Jul 24 23:29:28 UTC 2020
------------------ testing $PTII/ptolemy/domains/de/test/auto/MergeWithoutDiscard.xml
auto.tcl: Setting watchdog for 200 seconds at Fri Jul 24 23:29:28 UTC 2020
2 ms. Memory: 55296K Free: 36116K (65%)
ptolemy.util.test.WatchDog.cancel(): canceling Fri Jul 24 23:29:28 UTC 2020
auto.tcl: Setting watchdog for 200 seconds at Fri Jul 24 23:29:28 UTC 2020
2 ms. Memory: 55296K Free: 35579K (64%)
ptolemy.util.test.WatchDog.cancel(): canceling Fri Jul 24 23:29:28 UTC 2020
------------------ testing $PTII/ptolemy/domains/de/test/auto/Modal1.xml
auto.tcl: Setting watchdog for 200 seconds at Fri Jul 24 23:29:28 UTC 2020
10 ms. Memory: 55296K Free: 27720K (50%)
ptolemy.util.test.WatchDog.cancel(): canceling Fri Jul 24 23:29:28 UTC 2020
auto.tcl: Setting watchdog for 200 seconds at Fri Jul 24 23:29:28 UTC 2020
10 ms. Memory: 55296K Free: 24151K (44%)
ptolemy.util.test.WatchDog.cancel(): canceling Fri Jul 24 23:29:28 UTC 2020
------------------ testing $PTII/ptolemy/domains/de/test/auto/Modal2.xml
auto.tcl: Setting watchdog for 200 seconds at Fri Jul 24 23:29:28 UTC 2020
10 ms. Memory: 55296K Free: 27792K (50%)
ptolemy.util.test.WatchDog.cancel(): canceling Fri Jul 24 23:29:28 UTC 2020
auto.tcl: Setting watchdog for 200 seconds at Fri Jul 24 23:29:28 UTC 2020
11 ms. Memory: 55296K Free: 24534K (44%)
ptolemy.util.test.WatchDog.cancel(): canceling Fri Jul 24 23:29:28 UTC 2020
------------------ testing $PTII/ptolemy/domains/de/test/auto/Modal3.xml
auto.tcl: Setting watchdog for 200 seconds at Fri Jul 24 23:29:28 UTC 2020
11 ms. Memory: 51200K Free: 23443K (46%)
ptolemy.util.test.WatchDog.cancel(): canceling Fri Jul 24 23:29:28 UTC 2020
auto.tcl: Setting watchdog for 200 seconds at Fri Jul 24 23:29:28 UTC 2020
11 ms. Memory: 51200K Free: 20495K (40%)
ptolemy.util.test.WatchDog.cancel(): canceling Fri Jul 24 23:29:28 UTC 2020
------------------ testing $PTII/ptolemy/domains/de/test/auto/Modal4.xml
auto.tcl: Setting watchdog for 200 seconds at Fri Jul 24 23:29:28 UTC 2020
18 ms. Memory: 51200K Free: 22680K (44%)
ptolemy.util.test.WatchDog.cancel(): canceling Fri Jul 24 23:29:28 UTC 2020
auto.tcl: Setting watchdog for 200 seconds at Fri Jul 24 23:29:28 UTC 2020
20 ms. Memory: 51200K Free: 18891K (37%)
ptolemy.util.test.WatchDog.cancel(): canceling Fri Jul 24 23:29:28 UTC 2020
------------------ testing $PTII/ptolemy/domains/de/test/auto/Modal5.xml
auto.tcl: Setting watchdog for 200 seconds at Fri Jul 24 23:29:28 UTC 2020
11 ms. Memory: 51200K Free: 22665K (44%)
ptolemy.util.test.WatchDog.cancel(): canceling Fri Jul 24 23:29:28 UTC 2020
auto.tcl: Setting watchdog for 200 seconds at Fri Jul 24 23:29:28 UTC 2020
12 ms. Memory: 51200K Free: 18877K (37%)
ptolemy.util.test.WatchDog.cancel(): canceling Fri Jul 24 23:29:28 UTC 2020
------------------ testing $PTII/ptolemy/domains/de/test/auto/Modal6.xml
auto.tcl: Setting watchdog for 200 seconds at Fri Jul 24 23:29:28 UTC 2020
16 ms. Memory: 51200K Free: 23370K (46%)
ptolemy.util.test.WatchDog.cancel(): canceling Fri Jul 24 23:29:28 UTC 2020
auto.tcl: Setting watchdog for 200 seconds at Fri Jul 24 23:29:28 UTC 2020
19 ms. Memory: 51200K Free: 19479K (38%)
ptolemy.util.test.WatchDog.cancel(): canceling Fri Jul 24 23:29:28 UTC 2020
------------------ testing $PTII/ptolemy/domains/de/test/auto/Modal7.xml
auto.tcl: Setting watchdog for 200 seconds at Fri Jul 24 23:29:28 UTC 2020
14 ms. Memory: 51200K Free: 22429K (44%)
ptolemy.util.test.WatchDog.cancel(): canceling Fri Jul 24 23:29:29 UTC 2020
auto.tcl: Setting watchdog for 200 seconds at Fri Jul 24 23:29:29 UTC 2020
12 ms. Memory: 51200K Free: 19094K (37%)
ptolemy.util.test.WatchDog.cancel(): canceling Fri Jul 24 23:29:29 UTC 2020
------------------ testing $PTII/ptolemy/domains/de/test/auto/ModalModel.xml
auto.tcl: Setting watchdog for 200 seconds at Fri Jul 24 23:29:29 UTC 2020
220 ms. Memory: 64512K Free: 31306K (49%)
ptolemy.util.test.WatchDog.cancel(): canceling Fri Jul 24 23:29:29 UTC 2020
auto.tcl: Setting watchdog for 200 seconds at Fri Jul 24 23:29:29 UTC 2020
185 ms. Memory: 64512K Free: 35932K (56%)
ptolemy.util.test.WatchDog.cancel(): canceling Fri Jul 24 23:29:29 UTC 2020
------------------ testing $PTII/ptolemy/domains/de/test/auto/ModalSource.xml
auto.tcl: Setting watchdog for 200 seconds at Fri Jul 24 23:29:29 UTC 2020
8 ms. Memory: 55296K Free: 31646K (57%)
ptolemy.util.test.WatchDog.cancel(): canceling Fri Jul 24 23:29:29 UTC 2020
auto.tcl: Setting watchdog for 200 seconds at Fri Jul 24 23:29:29 UTC 2020
6 ms. Memory: 55296K Free: 29598K (54%)
ptolemy.util.test.WatchDog.cancel(): canceling Fri Jul 24 23:29:29 UTC 2020
------------------ testing $PTII/ptolemy/domains/de/test/auto/NonInterruptibleTimerZeroDelay.xml
auto.tcl: Setting watchdog for 200 seconds at Fri Jul 24 23:29:29 UTC 2020
2 ms. Memory: 55296K Free: 36777K (67%)
ptolemy.util.test.WatchDog.cancel(): canceling Fri Jul 24 23:29:29 UTC 2020
auto.tcl: Setting watchdog for 200 seconds at Fri Jul 24 23:29:29 UTC 2020
2 ms. Memory: 55296K Free: 35927K (65%)
ptolemy.util.test.WatchDog.cancel(): canceling Fri Jul 24 23:29:29 UTC 2020
------------------ testing $PTII/ptolemy/domains/de/test/auto/OpenQueueingNetwork.xml
auto.tcl: Setting watchdog for 200 seconds at Fri Jul 24 23:29:29 UTC 2020
2948 ms. Memory: 113664K Free: 96076K (85%)
ptolemy.util.test.WatchDog.cancel(): canceling Fri Jul 24 23:29:32 UTC 2020
auto.tcl: Setting watchdog for 200 seconds at Fri Jul 24 23:29:32 UTC 2020
2482 ms. Memory: 137216K Free: 93550K (68%)
ptolemy.util.test.WatchDog.cancel(): canceling Fri Jul 24 23:29:35 UTC 2020
------------------ testing $PTII/ptolemy/domains/de/test/auto/OpenQueuingNetwork.xml
auto.tcl: Setting watchdog for 200 seconds at Fri Jul 24 23:29:35 UTC 2020
248 ms. Memory: 61440K Free: 39849K (65%)
ptolemy.util.test.WatchDog.cancel(): canceling Fri Jul 24 23:29:35 UTC 2020
auto.tcl: Setting watchdog for 200 seconds at Fri Jul 24 23:29:35 UTC 2020
223 ms. Memory: 61440K Free: 24450K (40%)
ptolemy.util.test.WatchDog.cancel(): canceling Fri Jul 24 23:29:35 UTC 2020
------------------ testing $PTII/ptolemy/domains/de/test/auto/PeriodicSampler.xml
auto.tcl: Setting watchdog for 200 seconds at Fri Jul 24 23:29:35 UTC 2020
3 ms. Memory: 55296K Free: 35780K (65%)
ptolemy.util.test.WatchDog.cancel(): canceling Fri Jul 24 23:29:35 UTC 2020
auto.tcl: Setting watchdog for 200 seconds at Fri Jul 24 23:29:35 UTC 2020
2 ms. Memory: 55296K Free: 35260K (64%)
ptolemy.util.test.WatchDog.cancel(): canceling Fri Jul 24 23:29:35 UTC 2020
------------------ testing $PTII/ptolemy/domains/de/test/auto/PersistentIO.xml
auto.tcl: Setting watchdog for 200 seconds at Fri Jul 24 23:29:35 UTC 2020
14 ms. Memory: 55296K Free: 30688K (55%)
ptolemy.util.test.WatchDog.cancel(): canceling Fri Jul 24 23:29:35 UTC 2020
auto.tcl: Setting watchdog for 200 seconds at Fri Jul 24 23:29:35 UTC 2020
4 ms. Memory: 55296K Free: 29184K (53%)
ptolemy.util.test.WatchDog.cancel(): canceling Fri Jul 24 23:29:36 UTC 2020
------------------ testing $PTII/ptolemy/domains/de/test/auto/PortParameterResetOnInitialize.xml
auto.tcl: Setting watchdog for 200 seconds at Fri Jul 24 23:29:36 UTC 2020
2 ms. Memory: 51200K Free: 31604K (62%)
ptolemy.util.test.WatchDog.cancel(): canceling Fri Jul 24 23:29:36 UTC 2020
auto.tcl: Setting watchdog for 200 seconds at Fri Jul 24 23:29:36 UTC 2020
2 ms. Memory: 51200K Free: 31096K (61%)
ptolemy.util.test.WatchDog.cancel(): canceling Fri Jul 24 23:29:36 UTC 2020
------------------ testing $PTII/ptolemy/domains/de/test/auto/PortParameterUpdates.xml
auto.tcl: Setting watchdog for 200 seconds at Fri Jul 24 23:29:36 UTC 2020
9 ms. Memory: 51200K Free: 29676K (58%)
ptolemy.util.test.WatchDog.cancel(): canceling Fri Jul 24 23:29:36 UTC 2020
auto.tcl: Setting watchdog for 200 seconds at Fri Jul 24 23:29:36 UTC 2020
4 ms. Memory: 51200K Free: 28663K (56%)
ptolemy.util.test.WatchDog.cancel(): canceling Fri Jul 24 23:29:36 UTC 2020
------------------ testing $PTII/ptolemy/domains/de/test/auto/QueueAndServer.xml
auto.tcl: Setting watchdog for 200 seconds at Fri Jul 24 23:29:36 UTC 2020
13 ms. Memory: 51200K Free: 28568K (56%)
ptolemy.util.test.WatchDog.cancel(): canceling Fri Jul 24 23:29:36 UTC 2020
auto.tcl: Setting watchdog for 200 seconds at Fri Jul 24 23:29:36 UTC 2020
7 ms. Memory: 51200K Free: 27095K (53%)
ptolemy.util.test.WatchDog.cancel(): canceling Fri Jul 24 23:29:36 UTC 2020
------------------ testing $PTII/ptolemy/domains/de/test/auto/Records.xml
auto.tcl: Setting watchdog for 200 seconds at Fri Jul 24 23:29:36 UTC 2020
5 ms. Memory: 51200K Free: 30843K (60%)
ptolemy.util.test.WatchDog.cancel(): canceling Fri Jul 24 23:29:36 UTC 2020
auto.tcl: Setting watchdog for 200 seconds at Fri Jul 24 23:29:36 UTC 2020
2 ms. Memory: 51200K Free: 30315K (59%)
ptolemy.util.test.WatchDog.cancel(): canceling Fri Jul 24 23:29:36 UTC 2020
------------------ testing $PTII/ptolemy/domains/de/test/auto/ResetTransitionWithStartTime1.xml
auto.tcl: Setting watchdog for 200 seconds at Fri Jul 24 23:29:36 UTC 2020
5 ms. Memory: 51200K Free: 28091K (55%)
ptolemy.util.test.WatchDog.cancel(): canceling Fri Jul 24 23:29:36 UTC 2020
auto.tcl: Setting watchdog for 200 seconds at Fri Jul 24 23:29:36 UTC 2020
5 ms. Memory: 51200K Free: 26043K (51%)
ptolemy.util.test.WatchDog.cancel(): canceling Fri Jul 24 23:29:36 UTC 2020
------------------ testing $PTII/ptolemy/domains/de/test/auto/ResetTransitionWithStartTime2.xml
auto.tcl: Setting watchdog for 200 seconds at Fri Jul 24 23:29:36 UTC 2020
5 ms. Memory: 51200K Free: 28046K (55%)
ptolemy.util.test.WatchDog.cancel(): canceling Fri Jul 24 23:29:36 UTC 2020
auto.tcl: Setting watchdog for 200 seconds at Fri Jul 24 23:29:36 UTC 2020
6 ms. Memory: 51200K Free: 25998K (51%)
ptolemy.util.test.WatchDog.cancel(): canceling Fri Jul 24 23:29:36 UTC 2020
------------------ testing $PTII/ptolemy/domains/de/test/auto/ResetTransitionWithStartTime3.xml
auto.tcl: Setting watchdog for 200 seconds at Fri Jul 24 23:29:36 UTC 2020
9 ms. Memory: 51200K Free: 28045K (55%)
ptolemy.util.test.WatchDog.cancel(): canceling Fri Jul 24 23:29:36 UTC 2020
auto.tcl: Setting watchdog for 200 seconds at Fri Jul 24 23:29:36 UTC 2020
6 ms. Memory: 51200K Free: 25997K (51%)
ptolemy.util.test.WatchDog.cancel(): canceling Fri Jul 24 23:29:36 UTC 2020
------------------ testing $PTII/ptolemy/domains/de/test/auto/ResetTransitionWithStartTime4.xml
auto.tcl: Setting watchdog for 200 seconds at Fri Jul 24 23:29:36 UTC 2020
9 ms. Memory: 51200K Free: 28484K (56%)
ptolemy.util.test.WatchDog.cancel(): canceling Fri Jul 24 23:29:36 UTC 2020
auto.tcl: Setting watchdog for 200 seconds at Fri Jul 24 23:29:36 UTC 2020
2 ms. Memory: 51200K Free: 27020K (53%)
ptolemy.util.test.WatchDog.cancel(): canceling Fri Jul 24 23:29:36 UTC 2020
------------------ testing $PTII/ptolemy/domains/de/test/auto/ResettableTimer1.xml
auto.tcl: Setting watchdog for 200 seconds at Fri Jul 24 23:29:36 UTC 2020
4 ms. Memory: 51200K Free: 32122K (63%)
ptolemy.util.test.WatchDog.cancel(): canceling Fri Jul 24 23:29:36 UTC 2020
auto.tcl: Setting watchdog for 200 seconds at Fri Jul 24 23:29:36 UTC 2020
2 ms. Memory: 51200K Free: 31098K (61%)
ptolemy.util.test.WatchDog.cancel(): canceling Fri Jul 24 23:29:36 UTC 2020
------------------ testing $PTII/ptolemy/domains/de/test/auto/ResettableTimer2.xml
auto.tcl: Setting watchdog for 200 seconds at Fri Jul 24 23:29:36 UTC 2020
2 ms. Memory: 51200K Free: 32178K (63%)
ptolemy.util.test.WatchDog.cancel(): canceling Fri Jul 24 23:29:36 UTC 2020
auto.tcl: Setting watchdog for 200 seconds at Fri Jul 24 23:29:36 UTC 2020
2 ms. Memory: 51200K Free: 31154K (61%)
ptolemy.util.test.WatchDog.cancel(): canceling Fri Jul 24 23:29:36 UTC 2020
------------------ testing $PTII/ptolemy/domains/de/test/auto/ResettableTimer3.xml
auto.tcl: Setting watchdog for 200 seconds at Fri Jul 24 23:29:36 UTC 2020
1 ms. Memory: 51200K Free: 32178K (63%)
ptolemy.util.test.WatchDog.cancel(): canceling Fri Jul 24 23:29:36 UTC 2020
auto.tcl: Setting watchdog for 200 seconds at Fri Jul 24 23:29:36 UTC 2020
1 ms. Memory: 51200K Free: 32178K (63%)
ptolemy.util.test.WatchDog.cancel(): canceling Fri Jul 24 23:29:36 UTC 2020
------------------ testing $PTII/ptolemy/domains/de/test/auto/ResettableTimer4.xml
auto.tcl: Setting watchdog for 200 seconds at Fri Jul 24 23:29:36 UTC 2020
1 ms. Memory: 51200K Free: 32191K (63%)
ptolemy.util.test.WatchDog.cancel(): canceling Fri Jul 24 23:29:36 UTC 2020
auto.tcl: Setting watchdog for 200 seconds at Fri Jul 24 23:29:36 UTC 2020
1 ms. Memory: 51200K Free: 31677K (62%)
ptolemy.util.test.WatchDog.cancel(): canceling Fri Jul 24 23:29:36 UTC 2020
------------------ testing $PTII/ptolemy/domains/de/test/auto/ResettableTimer5.xml
auto.tcl: Setting watchdog for 200 seconds at Fri Jul 24 23:29:36 UTC 2020
2 ms. Memory: 51200K Free: 31675K (62%)
ptolemy.util.test.WatchDog.cancel(): canceling Fri Jul 24 23:29:36 UTC 2020
auto.tcl: Setting watchdog for 200 seconds at Fri Jul 24 23:29:36 UTC 2020
1 ms. Memory: 51200K Free: 31165K (61%)
ptolemy.util.test.WatchDog.cancel(): canceling Fri Jul 24 23:29:36 UTC 2020
------------------ testing $PTII/ptolemy/domains/de/test/auto/ResettableTimer6.xml
auto.tcl: Setting watchdog for 200 seconds at Fri Jul 24 23:29:36 UTC 2020
1 ms. Memory: 51200K Free: 31666K (62%)
ptolemy.util.test.WatchDog.cancel(): canceling Fri Jul 24 23:29:36 UTC 2020
auto.tcl: Setting watchdog for 200 seconds at Fri Jul 24 23:29:36 UTC 2020
2 ms. Memory: 51200K Free: 31156K (61%)
ptolemy.util.test.WatchDog.cancel(): canceling Fri Jul 24 23:29:36 UTC 2020
------------------ testing $PTII/ptolemy/domains/de/test/auto/ServerZeroDelay.xml
auto.tcl: Setting watchdog for 200 seconds at Fri Jul 24 23:29:36 UTC 2020
2 ms. Memory: 51200K Free: 32171K (63%)
ptolemy.util.test.WatchDog.cancel(): canceling Fri Jul 24 23:29:36 UTC 2020
auto.tcl: Setting watchdog for 200 seconds at Fri Jul 24 23:29:36 UTC 2020
2 ms. Memory: 51200K Free: 31147K (61%)
ptolemy.util.test.WatchDog.cancel(): canceling Fri Jul 24 23:29:36 UTC 2020
------------------ testing $PTII/ptolemy/domains/de/test/auto/SmartSender.xml
auto.tcl: Setting watchdog for 200 seconds at Fri Jul 24 23:29:36 UTC 2020
3001 ms. Memory: 51200K Free: 31652K (62%)
ptolemy.util.test.WatchDog.cancel(): canceling Fri Jul 24 23:29:39 UTC 2020
auto.tcl: Setting watchdog for 200 seconds at Fri Jul 24 23:29:39 UTC 2020
3001 ms. Memory: 51200K Free: 31142K (61%)
ptolemy.util.test.WatchDog.cancel(): canceling Fri Jul 24 23:29:42 UTC 2020
------------------ testing $PTII/ptolemy/domains/de/test/auto/ThreadedComposite.xml
auto.tcl: Setting watchdog for 200 seconds at Fri Jul 24 23:29:43 UTC 2020
223 ms. Memory: 51200K Free: 13747K (27%)
ptolemy.util.test.WatchDog.cancel(): canceling Fri Jul 24 23:29:43 UTC 2020
auto.tcl: Setting watchdog for 200 seconds at Fri Jul 24 23:29:43 UTC 2020
142 ms. Memory: 61440K Free: 38593K (63%)
ptolemy.util.test.WatchDog.cancel(): canceling Fri Jul 24 23:29:43 UTC 2020
------------------ testing $PTII/ptolemy/domains/de/test/auto/Time.xml
auto.tcl: Setting watchdog for 200 seconds at Fri Jul 24 23:29:43 UTC 2020
449 ms. Memory: 55296K Free: 18003K (33%)
ptolemy.util.test.WatchDog.cancel(): canceling Fri Jul 24 23:29:43 UTC 2020
auto.tcl: Setting watchdog for 200 seconds at Fri Jul 24 23:29:43 UTC 2020
399 ms. Memory: 55296K Free: 30334K (55%)
ptolemy.util.test.WatchDog.cancel(): canceling Fri Jul 24 23:29:44 UTC 2020
------------------ testing $PTII/ptolemy/domains/de/test/auto/TimeDelayZeroDelay.xml
auto.tcl: Setting watchdog for 200 seconds at Fri Jul 24 23:29:44 UTC 2020
2 ms. Memory: 55296K Free: 36695K (66%)
ptolemy.util.test.WatchDog.cancel(): canceling Fri Jul 24 23:29:44 UTC 2020
auto.tcl: Setting watchdog for 200 seconds at Fri Jul 24 23:29:44 UTC 2020
2 ms. Memory: 55296K Free: 35781K (65%)
ptolemy.util.test.WatchDog.cancel(): canceling Fri Jul 24 23:29:44 UTC 2020
------------------ testing $PTII/ptolemy/domains/de/test/auto/TimerZeroDelay.xml
auto.tcl: Setting watchdog for 200 seconds at Fri Jul 24 23:29:44 UTC 2020
3 ms. Memory: 55296K Free: 36559K (66%)
ptolemy.util.test.WatchDog.cancel(): canceling Fri Jul 24 23:29:44 UTC 2020
auto.tcl: Setting watchdog for 200 seconds at Fri Jul 24 23:29:44 UTC 2020
2 ms. Memory: 55296K Free: 35823K (65%)
ptolemy.util.test.WatchDog.cancel(): canceling Fri Jul 24 23:29:44 UTC 2020
------------------ testing $PTII/ptolemy/domains/de/test/auto/TimingParadox.xml
auto.tcl: Setting watchdog for 200 seconds at Fri Jul 24 23:29:44 UTC 2020
291 ms. Memory: 55296K Free: 29935K (54%)
ptolemy.util.test.WatchDog.cancel(): canceling Fri Jul 24 23:29:44 UTC 2020
auto.tcl: Setting watchdog for 200 seconds at Fri Jul 24 23:29:44 UTC 2020
287 ms. Memory: 55296K Free: 23871K (43%)
ptolemy.util.test.WatchDog.cancel(): canceling Fri Jul 24 23:29:45 UTC 2020
------------------ testing $PTII/ptolemy/domains/de/test/auto/TransferInputs.xml
auto.tcl: Setting watchdog for 200 seconds at Fri Jul 24 23:29:45 UTC 2020
1 ms. Memory: 55296K Free: 34716K (63%)
ptolemy.util.test.WatchDog.cancel(): canceling Fri Jul 24 23:29:45 UTC 2020
auto.tcl: Setting watchdog for 200 seconds at Fri Jul 24 23:29:45 UTC 2020
2 ms. Memory: 55296K Free: 33772K (61%)
ptolemy.util.test.WatchDog.cancel(): canceling Fri Jul 24 23:29:45 UTC 2020
------------------ testing $PTII/ptolemy/domains/de/test/auto/TransferOutputs2.xml
auto.tcl: Setting watchdog for 200 seconds at Fri Jul 24 23:29:45 UTC 2020
3 ms. Memory: 55296K Free: 32144K (58%)
ptolemy.util.test.WatchDog.cancel(): canceling Fri Jul 24 23:29:45 UTC 2020
auto.tcl: Setting watchdog for 200 seconds at Fri Jul 24 23:29:45 UTC 2020
3 ms. Memory: 55296K Free: 30686K (55%)
ptolemy.util.test.WatchDog.cancel(): canceling Fri Jul 24 23:29:45 UTC 2020
------------------ testing $PTII/ptolemy/domains/de/test/auto/Trilateration.xml
auto.tcl: Setting watchdog for 200 seconds at Fri Jul 24 23:29:45 UTC 2020
11189 ms. Memory: 423936K Free: 200125K (47%)
ptolemy.util.test.WatchDog.cancel(): canceling Fri Jul 24 23:29:57 UTC 2020
auto.tcl: Setting watchdog for 200 seconds at Fri Jul 24 23:29:57 UTC 2020
8700 ms. Memory: 423936K Free: 324683K (77%)
ptolemy.util.test.WatchDog.cancel(): canceling Fri Jul 24 23:30:06 UTC 2020
------------------ testing $PTII/ptolemy/domains/de/test/auto/TwoSigmaDelta.xml
auto.tcl: Setting watchdog for 200 seconds at Fri Jul 24 23:30:06 UTC 2020
2144 ms. Memory: 96256K Free: 39991K (42%)
ptolemy.util.test.WatchDog.cancel(): canceling Fri Jul 24 23:30:08 UTC 2020
auto.tcl: Setting watchdog for 200 seconds at Fri Jul 24 23:30:08 UTC 2020
1711 ms. Memory: 96256K Free: 45648K (47%)
ptolemy.util.test.WatchDog.cancel(): canceling Fri Jul 24 23:30:10 UTC 2020
------------------ testing $PTII/ptolemy/domains/de/test/auto/VariableDelay.xml
auto.tcl: Setting watchdog for 200 seconds at Fri Jul 24 23:30:10 UTC 2020
2 ms. Memory: 55296K Free: 35179K (64%)
ptolemy.util.test.WatchDog.cancel(): canceling Fri Jul 24 23:30:10 UTC 2020
auto.tcl: Setting watchdog for 200 seconds at Fri Jul 24 23:30:10 UTC 2020
2 ms. Memory: 55296K Free: 34185K (62%)
ptolemy.util.test.WatchDog.cancel(): canceling Fri Jul 24 23:30:10 UTC 2020
------------------ testing $PTII/ptolemy/domains/de/test/auto/VariableDelay2.xml
auto.tcl: Setting watchdog for 200 seconds at Fri Jul 24 23:30:10 UTC 2020
10 ms. Memory: 55296K Free: 35772K (65%)
ptolemy.util.test.WatchDog.cancel(): canceling Fri Jul 24 23:30:10 UTC 2020
auto.tcl: Setting watchdog for 200 seconds at Fri Jul 24 23:30:10 UTC 2020
2 ms. Memory: 55296K Free: 35260K (64%)
ptolemy.util.test.WatchDog.cancel(): canceling Fri Jul 24 23:30:10 UTC 2020
------------------ testing $PTII/ptolemy/domains/de/test/auto/VariableDelayZeroDelay.xml
auto.tcl: Setting watchdog for 200 seconds at Fri Jul 24 23:30:10 UTC 2020
2 ms. Memory: 55296K Free: 36122K (65%)
ptolemy.util.test.WatchDog.cancel(): canceling Fri Jul 24 23:30:10 UTC 2020
auto.tcl: Setting watchdog for 200 seconds at Fri Jul 24 23:30:10 UTC 2020
1 ms. Memory: 55296K Free: 35578K (64%)
ptolemy.util.test.WatchDog.cancel(): canceling Fri Jul 24 23:30:10 UTC 2020
------------------ testing $PTII/ptolemy/domains/de/test/auto/VariableDelayZeroDelay2.xml
auto.tcl: Setting watchdog for 200 seconds at Fri Jul 24 23:30:10 UTC 2020
3 ms. Memory: 55296K Free: 36120K (65%)
ptolemy.util.test.WatchDog.cancel(): canceling Fri Jul 24 23:30:10 UTC 2020
auto.tcl: Setting watchdog for 200 seconds at Fri Jul 24 23:30:10 UTC 2020
2 ms. Memory: 55296K Free: 35096K (63%)
ptolemy.util.test.WatchDog.cancel(): canceling Fri Jul 24 23:30:10 UTC 2020
------------------ testing $PTII/ptolemy/domains/de/test/auto/deInCt.xml
auto.tcl: Setting watchdog for 200 seconds at Fri Jul 24 23:30:10 UTC 2020
0
1
1
1
0
0
0
1
1
1
0
0
0
0
0
0
0
1
1
1
1
0
0
0
1
1
1
0
0
0
0
1
1
0
0
1
1
1
1
12 ms. Memory: 55296K Free: 35093K (63%)
ptolemy.util.test.WatchDog.cancel(): canceling Fri Jul 24 23:30:10 UTC 2020
auto.tcl: Setting watchdog for 200 seconds at Fri Jul 24 23:30:10 UTC 2020
0
1
1
1
0
0
0
0
1
1
1
1
0
0
0
0
1
1
1
0
0
0
1
1
0
0
0
0
1
1
1
0
0
0
0
0
4 ms. Memory: 55296K Free: 33555K (61%)
ptolemy.util.test.WatchDog.cancel(): canceling Fri Jul 24 23:30:10 UTC 2020
------------------ testing $PTII/ptolemy/domains/de/test/auto/deInCt2.xml
auto.tcl: Setting watchdog for 200 seconds at Fri Jul 24 23:30:10 UTC 2020
0
1
1
1
0
0
1
1
1
0
0
1
1
1
0
0
1
1
1
0
0
1
1
1
0
0
1
1
1
0
0
1
1
1
0
0
1
1
1
0
0
0
10 ms. Memory: 55296K Free: 35094K (63%)
ptolemy.util.test.WatchDog.cancel(): canceling Fri Jul 24 23:30:10 UTC 2020
auto.tcl: Setting watchdog for 200 seconds at Fri Jul 24 23:30:10 UTC 2020
0
1
1
1
0
0
1
1
1
0
0
1
1
1
0
0
1
1
1
0
0
1
1
1
0
0
1
1
1
0
0
1
1
1
0
0
1
1
1
0
0
0
8 ms. Memory: 55296K Free: 33542K (61%)
ptolemy.util.test.WatchDog.cancel(): canceling Fri Jul 24 23:30:10 UTC 2020
------------------ testing $PTII/ptolemy/domains/de/test/auto/dynamicCausalityInterface1.xml
auto.tcl: Setting watchdog for 200 seconds at Fri Jul 24 23:30:10 UTC 2020
1 ms. Memory: 55296K Free: 30992K (56%)
ptolemy.util.test.WatchDog.cancel(): canceling Fri Jul 24 23:30:10 UTC 2020
auto.tcl: Setting watchdog for 200 seconds at Fri Jul 24 23:30:10 UTC 2020
1 ms. Memory: 55296K Free: 30478K (55%)
ptolemy.util.test.WatchDog.cancel(): canceling Fri Jul 24 23:30:10 UTC 2020
------------------ testing $PTII/ptolemy/domains/de/test/auto/fsm_de_test.xml
auto.tcl: Setting watchdog for 200 seconds at Fri Jul 24 23:30:10 UTC 2020
10 ms. Memory: 55296K Free: 30891K (56%)
ptolemy.util.test.WatchDog.cancel(): canceling Fri Jul 24 23:30:10 UTC 2020
auto.tcl: Setting watchdog for 200 seconds at Fri Jul 24 23:30:10 UTC 2020
6 ms. Memory: 55296K Free: 28843K (52%)
ptolemy.util.test.WatchDog.cancel(): canceling Fri Jul 24 23:30:10 UTC 2020
------------------ testing $PTII/ptolemy/domains/de/test/auto/functionDependencyReconstruction.xml
auto.tcl: Setting watchdog for 200 seconds at Fri Jul 24 23:30:11 UTC 2020
3 ms. Memory: 55296K Free: 24788K (45%)
ptolemy.util.test.WatchDog.cancel(): canceling Fri Jul 24 23:30:11 UTC 2020
auto.tcl: Setting watchdog for 200 seconds at Fri Jul 24 23:30:11 UTC 2020
3 ms. Memory: 55296K Free: 22688K (41%)
ptolemy.util.test.WatchDog.cancel(): canceling Fri Jul 24 23:30:11 UTC 2020
------------------ testing $PTII/ptolemy/domains/de/test/auto/multirate.xml
auto.tcl: Setting watchdog for 200 seconds at Fri Jul 24 23:30:11 UTC 2020
6 ms. Memory: 55296K Free: 33512K (61%)
ptolemy.util.test.WatchDog.cancel(): canceling Fri Jul 24 23:30:11 UTC 2020
auto.tcl: Setting watchdog for 200 seconds at Fri Jul 24 23:30:11 UTC 2020
4 ms. Memory: 55296K Free: 31787K (57%)
ptolemy.util.test.WatchDog.cancel(): canceling Fri Jul 24 23:30:11 UTC 2020
------------------ testing $PTII/ptolemy/domains/de/test/auto/multirate2.xml
auto.tcl: Setting watchdog for 200 seconds at Fri Jul 24 23:30:11 UTC 2020
4 ms. Memory: 55296K Free: 33666K (61%)
ptolemy.util.test.WatchDog.cancel(): canceling Fri Jul 24 23:30:11 UTC 2020
auto.tcl: Setting watchdog for 200 seconds at Fri Jul 24 23:30:11 UTC 2020
3 ms. Memory: 55296K Free: 31968K (58%)
ptolemy.util.test.WatchDog.cancel(): canceling Fri Jul 24 23:30:11 UTC 2020
------------------ testing $PTII/ptolemy/domains/de/test/auto/realtime.xml
auto.tcl: Setting watchdog for 200 seconds at Fri Jul 24 23:30:11 UTC 2020
10002 ms. Memory: 55296K Free: 35743K (65%)
ptolemy.util.test.WatchDog.cancel(): canceling Fri Jul 24 23:30:21 UTC 2020
auto.tcl: Setting watchdog for 200 seconds at Fri Jul 24 23:30:21 UTC 2020
10001 ms. Memory: 55296K Free: 35038K (63%)
ptolemy.util.test.WatchDog.cancel(): canceling Fri Jul 24 23:30:31 UTC 2020
------------------ testing $PTII/ptolemy/domains/de/test/auto/relationGroup.xml
auto.tcl: Setting watchdog for 200 seconds at Fri Jul 24 23:30:31 UTC 2020
1 ms. Memory: 55296K Free: 36793K (67%)
ptolemy.util.test.WatchDog.cancel(): canceling Fri Jul 24 23:30:31 UTC 2020
auto.tcl: Setting watchdog for 200 seconds at Fri Jul 24 23:30:31 UTC 2020
1 ms. Memory: 55296K Free: 36281K (66%)
ptolemy.util.test.WatchDog.cancel(): canceling Fri Jul 24 23:30:31 UTC 2020
------------------ testing $PTII/ptolemy/domains/de/test/auto/relationGroup2.xml
auto.tcl: Setting watchdog for 200 seconds at Fri Jul 24 23:30:31 UTC 2020
1 ms. Memory: 55296K Free: 36849K (67%)
ptolemy.util.test.WatchDog.cancel(): canceling Fri Jul 24 23:30:31 UTC 2020
auto.tcl: Setting watchdog for 200 seconds at Fri Jul 24 23:30:31 UTC 2020
2 ms. Memory: 55296K Free: 36305K (66%)
ptolemy.util.test.WatchDog.cancel(): canceling Fri Jul 24 23:30:31 UTC 2020
------------------ testing $PTII/ptolemy/domains/de/test/auto/sortWithOpaquePorts.xml
auto.tcl: Setting watchdog for 200 seconds at Fri Jul 24 23:30:31 UTC 2020
1 ms. Memory: 55296K Free: 35617K (64%)
ptolemy.util.test.WatchDog.cancel(): canceling Fri Jul 24 23:30:31 UTC 2020
auto.tcl: Setting watchdog for 200 seconds at Fri Jul 24 23:30:31 UTC 2020
1 ms. Memory: 55296K Free: 34593K (63%)
ptolemy.util.test.WatchDog.cancel(): canceling Fri Jul 24 23:30:31 UTC 2020
------------------ testing $PTII/ptolemy/domains/de/test/auto/transferInputsandOutputs.xml
auto.tcl: Setting watchdog for 200 seconds at Fri Jul 24 23:30:31 UTC 2020
4 ms. Memory: 55296K Free: 33060K (60%)
ptolemy.util.test.WatchDog.cancel(): canceling Fri Jul 24 23:30:31 UTC 2020
auto.tcl: Setting watchdog for 200 seconds at Fri Jul 24 23:30:31 UTC 2020
2 ms. Memory: 55296K Free: 32036K (58%)
ptolemy.util.test.WatchDog.cancel(): canceling Fri Jul 24 23:30:31 UTC 2020
------------------ testing $PTII/ptolemy/domains/de/test/auto/triggerType.xml
auto.tcl: Setting watchdog for 200 seconds at Fri Jul 24 23:30:31 UTC 2020
1 ms. Memory: 55296K Free: 36086K (65%)
ptolemy.util.test.WatchDog.cancel(): canceling Fri Jul 24 23:30:31 UTC 2020
auto.tcl: Setting watchdog for 200 seconds at Fri Jul 24 23:30:31 UTC 2020
1 ms. Memory: 55296K Free: 35062K (63%)
ptolemy.util.test.WatchDog.cancel(): canceling Fri Jul 24 23:30:31 UTC 2020
07/24/20 11:30:31
Failed: 0  Total Tests: 192  ((Passed: 187, Newly Passed: 1)  Known Failed: 5) /home/travis/build/icyphy/ptII/ptolemy/domains/de/test
07/24/20 11:30:31
Failed: 0  Total Tests: 192  ((Passed: 187, Newly Passed: 1)  Known Failed: 5) /home/travis/build/icyphy/ptII/ptolemy/domains/de/test
----------------- testing (KnownFailure) /home/travis/build/icyphy/ptII/ptolemy/domains/de/test/auto/knownFailedTests/DESDFClockTest.xml
2010 ms. Memory: 55296K Free: 29481K (53%)
Known Failure: java.lang.reflect.InvocationTargetException
----------------- testing (KnownFailure) /home/travis/build/icyphy/ptII/ptolemy/domains/de/test/auto/knownFailedTests/DirectFeedback.xml
1 ms. Memory: 55296K Free: 25385K (46%)
Known Failure: java.lang.reflect.InvocationTargetException
----------------- testing (KnownFailure) /home/travis/build/icyphy/ptII/ptolemy/domains/de/test/auto/knownFailedTests/FSMSource.xml
7 ms. Memory: 55296K Free: 17707K (32%)
----------------- testing (KnownFailure) /home/travis/build/icyphy/ptII/ptolemy/domains/de/test/auto/knownFailedTests/HierarchicalModel.xml
2 ms. Memory: 55296K Free: 32922K (60%)
Known Failure: java.lang.reflect.InvocationTargetException
----------------- testing (KnownFailure) /home/travis/build/icyphy/ptII/ptolemy/domains/de/test/auto/knownFailedTests/dependencyLoop.xml
3 ms. Memory: 55296K Free: 17571K (32%)
Known Failure: java.lang.reflect.InvocationTargetException
----------------- testing (KnownFailure) /home/travis/build/icyphy/ptII/ptolemy/domains/de/test/auto/knownFailedTests/dependencyLoop2.xml
3 ms. Memory: 55296K Free: 33284K (60%)
Known Failure: java.lang.reflect.InvocationTargetException
No auto/linux-amd64/*.xml tests in /home/travis/build/icyphy/ptII/ptolemy/domains/de/test
AutoTests.java: About to close Vertx.
AutoTests.java: Vertx closed.

===========================================================================================
----------------- testing Fri Jul 24 23:30:33 UTC 2020 /home/travis/build/icyphy/ptII/ptolemy/domains/de/test/auto/ActorDepthCalculation_actorWithoutPorts.xml
----------------- Instantiating /home/travis/build/icyphy/ptII/ptolemy/domains/de/test/auto/ActorDepthCalculation_actorWithoutPorts.xml
5 ms. Memory: 55296K Free: 26447K (48%)
----------------- Invoking toplevel() on ptolemy.moml.MoMLSimpleApplication@2d66b587
----------------- Done invoking toplevel() on ptolemy.moml.MoMLSimpleApplication@2d66b587
reloadAllAccessors: .ActorDepthCalculation_actorWithoutPorts

===========================================================================================
----------------- testing Fri Jul 24 23:30:33 UTC 2020 /home/travis/build/icyphy/ptII/ptolemy/domains/de/test/auto/AssemblyLine.xml
----------------- Instantiating /home/travis/build/icyphy/ptII/ptolemy/domains/de/test/auto/AssemblyLine.xml
3 ms. Memory: 55296K Free: 19309K (35%)
----------------- Invoking toplevel() on ptolemy.moml.MoMLSimpleApplication@39e64b1b
----------------- Done invoking toplevel() on ptolemy.moml.MoMLSimpleApplication@39e64b1b
reloadAllAccessors: .AssemblyLine

===========================================================================================
----------------- testing Fri Jul 24 23:30:33 UTC 2020 /home/travis/build/icyphy/ptII/ptolemy/domains/de/test/auto/CQBug1.xml
----------------- Instantiating /home/travis/build/icyphy/ptII/ptolemy/domains/de/test/auto/CQBug1.xml
0 ms. Memory: 55296K Free: 16238K (29%)
----------------- Invoking toplevel() on ptolemy.moml.MoMLSimpleApplication@58326ba2
----------------- Done invoking toplevel() on ptolemy.moml.MoMLSimpleApplication@58326ba2
reloadAllAccessors: .CQBug1

===========================================================================================
----------------- testing Fri Jul 24 23:30:33 UTC 2020 /home/travis/build/icyphy/ptII/ptolemy/domains/de/test/auto/CancelFireAt.xml
----------------- Instantiating /home/travis/build/icyphy/ptII/ptolemy/domains/de/test/auto/CancelFireAt.xml
1 ms. Memory: 55296K Free: 13828K (25%)
----------------- Invoking toplevel() on ptolemy.moml.MoMLSimpleApplication@745c1280
----------------- Done invoking toplevel() on ptolemy.moml.MoMLSimpleApplication@745c1280
reloadAllAccessors: .CancelFireAt

===========================================================================================
----------------- testing Fri Jul 24 23:30:33 UTC 2020 /home/travis/build/icyphy/ptII/ptolemy/domains/de/test/auto/CausalityAndComposabilityAnalysis.xml
----------------- Instantiating /home/travis/build/icyphy/ptII/ptolemy/domains/de/test/auto/CausalityAndComposabilityAnalysis.xml
1 ms. Memory: 55296K Free: 9393K (17%)
----------------- Invoking toplevel() on ptolemy.moml.MoMLSimpleApplication@74f0be85
----------------- Done invoking toplevel() on ptolemy.moml.MoMLSimpleApplication@74f0be85
reloadAllAccessors: .CausalityAndComposabilityAnalysis

===========================================================================================
----------------- testing Fri Jul 24 23:30:33 UTC 2020 /home/travis/build/icyphy/ptII/ptolemy/domains/de/test/auto/CausalityInterface1.xml
----------------- Instantiating /home/travis/build/icyphy/ptII/ptolemy/domains/de/test/auto/CausalityInterface1.xml
6 ms. Memory: 55296K Free: 35375K (64%)
----------------- Invoking toplevel() on ptolemy.moml.MoMLSimpleApplication@2c73f7cf
----------------- Done invoking toplevel() on ptolemy.moml.MoMLSimpleApplication@2c73f7cf
reloadAllAccessors: .CausalityInterface1

===========================================================================================
----------------- testing Fri Jul 24 23:30:33 UTC 2020 /home/travis/build/icyphy/ptII/ptolemy/domains/de/test/auto/CausalityInterface15.xml
----------------- Instantiating /home/travis/build/icyphy/ptII/ptolemy/domains/de/test/auto/CausalityInterface15.xml
2 ms. Memory: 55296K Free: 29908K (54%)
----------------- Invoking toplevel() on ptolemy.moml.MoMLSimpleApplication@4fdd2eb0
----------------- Done invoking toplevel() on ptolemy.moml.MoMLSimpleApplication@4fdd2eb0
reloadAllAccessors: .CausalityInterface15

===========================================================================================
----------------- testing Fri Jul 24 23:30:34 UTC 2020 /home/travis/build/icyphy/ptII/ptolemy/domains/de/test/auto/CausalityInterface2.xml
----------------- Instantiating /home/travis/build/icyphy/ptII/ptolemy/domains/de/test/auto/CausalityInterface2.xml
1 ms. Memory: 55296K Free: 25429K (46%)
[...]
	at ptolemy.actor.Manager.run(Manager.java:1263)
	at ptolemy.actor.Manager$PtolemyRunThread.run(Manager.java:1933)
java.lang.RuntimeException: Execution failed
	at ptolemy.moml.MoMLSimpleApplication$UnloadThread.run(MoMLSimpleApplication.java:402)
Caused by: ptolemy.kernel.util.IllegalActionException: Actor is not ready to fire.  Perhaps UpSample.prefire() returned false? Try debugging the actor by selecting "Listen to Actor".  Also, for SDF check moml for tokenConsumptionRate on input.
  in .DESDFClockTest.Play Bell.Copy1:SDF Director and .DESDFClockTest.Play Bell.UpSample
	at ptolemy.actor.sched.StaticSchedulingDirector.fire(StaticSchedulingDirector.java:227)
	at ptolemy.domains.sdf.kernel.SDFDirector.fire(SDFDirector.java:500)
	at ptolemy.actor.CompositeActor.fire(CompositeActor.java:455)
	at ptolemy.domains.de.kernel.DEDirector._fire(DEDirector.java:1949)
	at ptolemy.domains.de.kernel.DEDirector.fire(DEDirector.java:502)
	at ptolemy.actor.CompositeActor.fire(CompositeActor.java:455)
	at ptolemy.actor.Manager.iterate(Manager.java:851)
	at ptolemy.actor.Manager.execute(Manager.java:369)
	at ptolemy.actor.Manager.run(Manager.java:1263)
	at ptolemy.actor.Manager$PtolemyRunThread.run(Manager.java:1933)
java.lang.reflect.InvocationTargetException
	at java.base/jdk.internal.reflect.NativeConstructorAccessorImpl.newInstance0(Native Method)
	at java.base/jdk.internal.reflect.NativeConstructorAccessorImpl.newInstance(NativeConstructorAccessorImpl.java:62)
	at java.base/jdk.internal.reflect.DelegatingConstructorAccessorImpl.newInstance(DelegatingConstructorAccessorImpl.java:45)
	at java.base/java.lang.reflect.Constructor.newInstance(Constructor.java:490)
	at ptolemy.util.test.junit.AutoKnownFailedTests.RunModel(AutoKnownFailedTests.java:105)
	at java.base/jdk.internal.reflect.NativeMethodAccessorImpl.invoke0(Native Method)
	at java.base/jdk.internal.reflect.NativeMethodAccessorImpl.invoke(NativeMethodAccessorImpl.java:62)
	at java.base/jdk.internal.reflect.DelegatingMethodAccessorImpl.invoke(DelegatingMethodAccessorImpl.java:43)
	at java.base/java.lang.reflect.Method.invoke(Method.java:566)
	at org.junit.runners.model.FrameworkMethod$1.runReflectiveCall(FrameworkMethod.java:44)
	at org.junit.internal.runners.model.ReflectiveCallable.run(ReflectiveCallable.java:15)
	at org.junit.runners.model.FrameworkMethod.invokeExplosively(FrameworkMethod.java:41)
	at junitparams.internal.InvokeParameterisedMethod.evaluate(InvokeParameterisedMethod.java:102)
	at org.junit.internal.runners.statements.FailOnTimeout$1.run(FailOnTimeout.java:28)
Caused by: ptolemy.kernel.util.IllegalActionException: Actor is not ready to fire.  Perhaps UpSample.prefire() returned false? Try debugging the actor by selecting "Listen to Actor".  Also, for SDF check moml for tokenConsumptionRate on input.
  in .DESDFClockTest.Play Bell.Copy1:SDF Director and .DESDFClockTest.Play Bell.UpSample
	at ptolemy.actor.sched.StaticSchedulingDirector.fire(StaticSchedulingDirector.java:227)
	at ptolemy.domains.sdf.kernel.SDFDirector.fire(SDFDirector.java:500)
	at ptolemy.actor.CompositeActor.fire(CompositeActor.java:455)
	at ptolemy.domains.de.kernel.DEDirector._fire(DEDirector.java:1949)
	at ptolemy.domains.de.kernel.DEDirector.fire(DEDirector.java:502)
	at ptolemy.actor.CompositeActor.fire(CompositeActor.java:455)
	at ptolemy.actor.Manager.iterate(Manager.java:851)
	at ptolemy.actor.Manager.execute(Manager.java:369)
	at ptolemy.actor.Manager.run(Manager.java:1263)
	at ptolemy.actor.Manager$PtolemyRunThread.run(Manager.java:1933)
java.lang.RuntimeException: Execution failed
	at ptolemy.moml.MoMLSimpleApplication$UnloadThread.run(MoMLSimpleApplication.java:402)
Caused by: ptolemy.kernel.util.IllegalActionException: Test fails in iteration 1.
Value was: 1.0. Should have been: 2.0
  in .DirectFeedback.Test
	at ptolemy.actor.lib.Test.fire(Test.java:268)
	at ptolemy.domains.de.kernel.DEDirector._fire(DEDirector.java:1949)
	at ptolemy.domains.de.kernel.DEDirector.fire(DEDirector.java:502)
	at ptolemy.actor.CompositeActor.fire(CompositeActor.java:455)
	at ptolemy.actor.Manager.iterate(Manager.java:851)
	at ptolemy.actor.Manager.execute(Manager.java:369)
	at ptolemy.actor.Manager.run(Manager.java:1263)
	at ptolemy.actor.Manager$PtolemyRunThread.run(Manager.java:1933)
java.lang.reflect.InvocationTargetException
	at java.base/jdk.internal.reflect.NativeConstructorAccessorImpl.newInstance0(Native Method)
	at java.base/jdk.internal.reflect.NativeConstructorAccessorImpl.newInstance(NativeConstructorAccessorImpl.java:62)
	at java.base/jdk.internal.reflect.DelegatingConstructorAccessorImpl.newInstance(DelegatingConstructorAccessorImpl.java:45)
	at java.base/java.lang.reflect.Constructor.newInstance(Constructor.java:490)
	at ptolemy.util.test.junit.AutoKnownFailedTests.RunModel(AutoKnownFailedTests.java:105)
	at java.base/jdk.internal.reflect.NativeMethodAccessorImpl.invoke0(Native Method)
	at java.base/jdk.internal.reflect.NativeMethodAccessorImpl.invoke(NativeMethodAccessorImpl.java:62)
	at java.base/jdk.internal.reflect.DelegatingMethodAccessorImpl.invoke(DelegatingMethodAccessorImpl.java:43)
	at java.base/java.lang.reflect.Method.invoke(Method.java:566)
	at org.junit.runners.model.FrameworkMethod$1.runReflectiveCall(FrameworkMethod.java:44)
	at org.junit.internal.runners.model.ReflectiveCallable.run(ReflectiveCallable.java:15)
	at org.junit.runners.model.FrameworkMethod.invokeExplosively(FrameworkMethod.java:41)
	at junitparams.internal.InvokeParameterisedMethod.evaluate(InvokeParameterisedMethod.java:102)
	at org.junit.internal.runners.statements.FailOnTimeout$1.run(FailOnTimeout.java:28)
Caused by: ptolemy.kernel.util.IllegalActionException: Test fails in iteration 1.
Value was: 1.0. Should have been: 2.0
  in .DirectFeedback.Test
	at ptolemy.actor.lib.Test.fire(Test.java:268)
	at ptolemy.domains.de.kernel.DEDirector._fire(DEDirector.java:1949)
	at ptolemy.domains.de.kernel.DEDirector.fire(DEDirector.java:502)
	at ptolemy.actor.CompositeActor.fire(CompositeActor.java:455)
	at ptolemy.actor.Manager.iterate(Manager.java:851)
	at ptolemy.actor.Manager.execute(Manager.java:369)
	at ptolemy.actor.Manager.run(Manager.java:1263)
	at ptolemy.actor.Manager$PtolemyRunThread.run(Manager.java:1933)
java.lang.RuntimeException: Execution failed
	at ptolemy.moml.MoMLSimpleApplication$UnloadThread.run(MoMLSimpleApplication.java:402)
Caused by: ptolemy.kernel.util.IllegalActionException: Found a zero delay loop containing .HierarchicalModel.A
  in .HierarchicalModel and .HierarchicalModel.A
	at ptolemy.actor.util.CausalityInterfaceForComposites._computeOutputPortDepth(CausalityInterfaceForComposites.java:759)
	at ptolemy.actor.util.CausalityInterfaceForComposites._computeInputDepth(CausalityInterfaceForComposites.java:696)
	at ptolemy.actor.util.CausalityInterfaceForComposites._computeOutputPortDepth(CausalityInterfaceForComposites.java:765)
	at ptolemy.actor.util.CausalityInterfaceForComposites._computeInputDepth(CausalityInterfaceForComposites.java:696)
	at ptolemy.actor.util.CausalityInterfaceForComposites._computeOutputPortDepth(CausalityInterfaceForComposites.java:765)
	at ptolemy.actor.util.CausalityInterfaceForComposites._computeInputDepth(CausalityInterfaceForComposites.java:696)
	at ptolemy.actor.util.CausalityInterfaceForComposites._computeActorDepth(CausalityInterfaceForComposites.java:532)
	at ptolemy.actor.util.CausalityInterfaceForComposites.checkForCycles(CausalityInterfaceForComposites.java:96)
	at ptolemy.domains.de.kernel.DEDirector.preinitialize(DEDirector.java:1338)
	at ptolemy.actor.CompositeActor.preinitialize(CompositeActor.java:1828)
	at ptolemy.actor.Manager.preinitializeAndResolveTypes(Manager.java:1040)
	at ptolemy.actor.Manager.initialize(Manager.java:710)
	at ptolemy.actor.Manager.execute(Manager.java:356)
	at ptolemy.actor.Manager.run(Manager.java:1263)
	at ptolemy.actor.Manager$PtolemyRunThread.run(Manager.java:1933)
java.lang.reflect.InvocationTargetException
	at java.base/jdk.internal.reflect.NativeConstructorAccessorImpl.newInstance0(Native Method)
	at java.base/jdk.internal.reflect.NativeConstructorAccessorImpl.newInstance(NativeConstructorAccessorImpl.java:62)
	at java.base/jdk.internal.reflect.DelegatingConstructorAccessorImpl.newInstance(DelegatingConstructorAccessorImpl.java:45)
	at java.base/java.lang.reflect.Constructor.newInstance(Constructor.java:490)
	at ptolemy.util.test.junit.AutoKnownFailedTests.RunModel(AutoKnownFailedTests.java:105)
	at java.base/jdk.internal.reflect.NativeMethodAccessorImpl.invoke0(Native Method)
	at java.base/jdk.internal.reflect.NativeMethodAccessorImpl.invoke(NativeMethodAccessorImpl.java:62)
	at java.base/jdk.internal.reflect.DelegatingMethodAccessorImpl.invoke(DelegatingMethodAccessorImpl.java:43)
	at java.base/java.lang.reflect.Method.invoke(Method.java:566)
	at org.junit.runners.model.FrameworkMethod$1.runReflectiveCall(FrameworkMethod.java:44)
	at org.junit.internal.runners.model.ReflectiveCallable.run(ReflectiveCallable.java:15)
	at org.junit.runners.model.FrameworkMethod.invokeExplosively(FrameworkMethod.java:41)
	at junitparams.internal.InvokeParameterisedMethod.evaluate(InvokeParameterisedMethod.java:102)
	at org.junit.internal.runners.statements.FailOnTimeout$1.run(FailOnTimeout.java:28)
Caused by: ptolemy.kernel.util.IllegalActionException: Found a zero delay loop containing .HierarchicalModel.A
  in .HierarchicalModel and .HierarchicalModel.A
	at ptolemy.actor.util.CausalityInterfaceForComposites._computeOutputPortDepth(CausalityInterfaceForComposites.java:759)
	at ptolemy.actor.util.CausalityInterfaceForComposites._computeInputDepth(CausalityInterfaceForComposites.java:696)
	at ptolemy.actor.util.CausalityInterfaceForComposites._computeOutputPortDepth(CausalityInterfaceForComposites.java:765)
	at ptolemy.actor.util.CausalityInterfaceForComposites._computeInputDepth(CausalityInterfaceForComposites.java:696)
	at ptolemy.actor.util.CausalityInterfaceForComposites._computeOutputPortDepth(CausalityInterfaceForComposites.java:765)
	at ptolemy.actor.util.CausalityInterfaceForComposites._computeInputDepth(CausalityInterfaceForComposites.java:696)
	at ptolemy.actor.util.CausalityInterfaceForComposites._computeActorDepth(CausalityInterfaceForComposites.java:532)
	at ptolemy.actor.util.CausalityInterfaceForComposites.checkForCycles(CausalityInterfaceForComposites.java:96)
	at ptolemy.domains.de.kernel.DEDirector.preinitialize(DEDirector.java:1338)
	at ptolemy.actor.CompositeActor.preinitialize(CompositeActor.java:1828)
	at ptolemy.actor.Manager.preinitializeAndResolveTypes(Manager.java:1040)
	at ptolemy.actor.Manager.initialize(Manager.java:710)
	at ptolemy.actor.Manager.execute(Manager.java:356)
	at ptolemy.actor.Manager.run(Manager.java:1263)
	at ptolemy.actor.Manager$PtolemyRunThread.run(Manager.java:1933)
java.lang.RuntimeException: Execution failed
	at ptolemy.moml.MoMLSimpleApplication$UnloadThread.run(MoMLSimpleApplication.java:402)
Caused by: ptolemy.kernel.util.IllegalActionException: Found a zero delay loop containing .dependencyLoop.original
  in .dependencyLoop and .dependencyLoop.original
	at ptolemy.actor.util.CausalityInterfaceForComposites._computeOutputPortDepth(CausalityInterfaceForComposites.java:759)
	at ptolemy.actor.util.CausalityInterfaceForComposites._computeInputDepth(CausalityInterfaceForComposites.java:696)
	at ptolemy.actor.util.CausalityInterfaceForComposites._computeOutputPortDepth(CausalityInterfaceForComposites.java:765)
	at ptolemy.actor.util.CausalityInterfaceForComposites._computeInputDepth(CausalityInterfaceForComposites.java:696)
	at ptolemy.actor.util.CausalityInterfaceForComposites._computeOutputPortDepth(CausalityInterfaceForComposites.java:765)
	at ptolemy.actor.util.CausalityInterfaceForComposites._computeInputDepth(CausalityInterfaceForComposites.java:696)
	at ptolemy.actor.util.CausalityInterfaceForComposites._computeActorDepth(CausalityInterfaceForComposites.java:532)
	at ptolemy.actor.util.CausalityInterfaceForComposites.checkForCycles(CausalityInterfaceForComposites.java:96)
	at ptolemy.domains.de.kernel.DEDirector.preinitialize(DEDirector.java:1338)
	at ptolemy.actor.CompositeActor.preinitialize(CompositeActor.java:1828)
	at ptolemy.actor.Manager.preinitializeAndResolveTypes(Manager.java:1040)
	at ptolemy.actor.Manager.initialize(Manager.java:710)
	at ptolemy.actor.Manager.execute(Manager.java:356)
	at ptolemy.actor.Manager.run(Manager.java:1263)
	at ptolemy.actor.Manager$PtolemyRunThread.run(Manager.java:1933)
java.lang.reflect.InvocationTargetException
	at java.base/jdk.internal.reflect.NativeConstructorAccessorImpl.newInstance0(Native Method)
	at java.base/jdk.internal.reflect.NativeConstructorAccessorImpl.newInstance(NativeConstructorAccessorImpl.java:62)
	at java.base/jdk.internal.reflect.DelegatingConstructorAccessorImpl.newInstance(DelegatingConstructorAccessorImpl.java:45)
	at java.base/java.lang.reflect.Constructor.newInstance(Constructor.java:490)
	at ptolemy.util.test.junit.AutoKnownFailedTests.RunModel(AutoKnownFailedTests.java:105)
	at java.base/jdk.internal.reflect.NativeMethodAccessorImpl.invoke0(Native Method)
	at java.base/jdk.internal.reflect.NativeMethodAccessorImpl.invoke(NativeMethodAccessorImpl.java:62)
	at java.base/jdk.internal.reflect.DelegatingMethodAccessorImpl.invoke(DelegatingMethodAccessorImpl.java:43)
	at java.base/java.lang.reflect.Method.invoke(Method.java:566)
	at org.junit.runners.model.FrameworkMethod$1.runReflectiveCall(FrameworkMethod.java:44)
	at org.junit.internal.runners.model.ReflectiveCallable.run(ReflectiveCallable.java:15)
	at org.junit.runners.model.FrameworkMethod.invokeExplosively(FrameworkMethod.java:41)
	at junitparams.internal.InvokeParameterisedMethod.evaluate(InvokeParameterisedMethod.java:102)
	at org.junit.internal.runners.statements.FailOnTimeout$1.run(FailOnTimeout.java:28)
Caused by: ptolemy.kernel.util.IllegalActionException: Found a zero delay loop containing .dependencyLoop.original
  in .dependencyLoop and .dependencyLoop.original
	at ptolemy.actor.util.CausalityInterfaceForComposites._computeOutputPortDepth(CausalityInterfaceForComposites.java:759)
	at ptolemy.actor.util.CausalityInterfaceForComposites._computeInputDepth(CausalityInterfaceForComposites.java:696)
	at ptolemy.actor.util.CausalityInterfaceForComposites._computeOutputPortDepth(CausalityInterfaceForComposites.java:765)
	at ptolemy.actor.util.CausalityInterfaceForComposites._computeInputDepth(CausalityInterfaceForComposites.java:696)
	at ptolemy.actor.util.CausalityInterfaceForComposites._computeOutputPortDepth(CausalityInterfaceForComposites.java:765)
	at ptolemy.actor.util.CausalityInterfaceForComposites._computeInputDepth(CausalityInterfaceForComposites.java:696)
	at ptolemy.actor.util.CausalityInterfaceForComposites._computeActorDepth(CausalityInterfaceForComposites.java:532)
	at ptolemy.actor.util.CausalityInterfaceForComposites.checkForCycles(CausalityInterfaceForComposites.java:96)
	at ptolemy.domains.de.kernel.DEDirector.preinitialize(DEDirector.java:1338)
	at ptolemy.actor.CompositeActor.preinitialize(CompositeActor.java:1828)
	at ptolemy.actor.Manager.preinitializeAndResolveTypes(Manager.java:1040)
	at ptolemy.actor.Manager.initialize(Manager.java:710)
	at ptolemy.actor.Manager.execute(Manager.java:356)
	at ptolemy.actor.Manager.run(Manager.java:1263)
	at ptolemy.actor.Manager$PtolemyRunThread.run(Manager.java:1933)
java.lang.RuntimeException: Execution failed
	at ptolemy.moml.MoMLSimpleApplication$UnloadThread.run(MoMLSimpleApplication.java:402)
Caused by: ptolemy.kernel.util.IllegalActionException: Found a zero delay loop containing .dependencyLoop2.original
  in .dependencyLoop2 and .dependencyLoop2.original
	at ptolemy.actor.util.CausalityInterfaceForComposites._computeOutputPortDepth(CausalityInterfaceForComposites.java:759)
	at ptolemy.actor.util.CausalityInterfaceForComposites._computeInputDepth(CausalityInterfaceForComposites.java:696)
	at ptolemy.actor.util.CausalityInterfaceForComposites._computeOutputPortDepth(CausalityInterfaceForComposites.java:765)
	at ptolemy.actor.util.CausalityInterfaceForComposites._computeInputDepth(CausalityInterfaceForComposites.java:696)
	at ptolemy.actor.util.CausalityInterfaceForComposites._computeOutputPortDepth(CausalityInterfaceForComposites.java:765)
	at ptolemy.actor.util.CausalityInterfaceForComposites._computeInputDepth(CausalityInterfaceForComposites.java:696)
	at ptolemy.actor.util.CausalityInterfaceForComposites._computeActorDepth(CausalityInterfaceForComposites.java:532)
	at ptolemy.actor.util.CausalityInterfaceForComposites.checkForCycles(CausalityInterfaceForComposites.java:96)
	at ptolemy.domains.de.kernel.DEDirector.preinitialize(DEDirector.java:1338)
	at ptolemy.actor.CompositeActor.preinitialize(CompositeActor.java:1828)
	at ptolemy.actor.Manager.preinitializeAndResolveTypes(Manager.java:1040)
	at ptolemy.actor.Manager.initialize(Manager.java:710)
	at ptolemy.actor.Manager.execute(Manager.java:356)
	at ptolemy.actor.Manager.run(Manager.java:1263)
	at ptolemy.actor.Manager$PtolemyRunThread.run(Manager.java:1933)
java.lang.reflect.InvocationTargetException
	at java.base/jdk.internal.reflect.NativeConstructorAccessorImpl.newInstance0(Native Method)
	at java.base/jdk.internal.reflect.NativeConstructorAccessorImpl.newInstance(NativeConstructorAccessorImpl.java:62)
	at java.base/jdk.internal.reflect.DelegatingConstructorAccessorImpl.newInstance(DelegatingConstructorAccessorImpl.java:45)
	at java.base/java.lang.reflect.Constructor.newInstance(Constructor.java:490)
	at ptolemy.util.test.junit.AutoKnownFailedTests.RunModel(AutoKnownFailedTests.java:105)
	at java.base/jdk.internal.reflect.NativeMethodAccessorImpl.invoke0(Native Method)
	at java.base/jdk.internal.reflect.NativeMethodAccessorImpl.invoke(NativeMethodAccessorImpl.java:62)
	at java.base/jdk.internal.reflect.DelegatingMethodAccessorImpl.invoke(DelegatingMethodAccessorImpl.java:43)
	at java.base/java.lang.reflect.Method.invoke(Method.java:566)
	at org.junit.runners.model.FrameworkMethod$1.runReflectiveCall(FrameworkMethod.java:44)
	at org.junit.internal.runners.model.ReflectiveCallable.run(ReflectiveCallable.java:15)
	at org.junit.runners.model.FrameworkMethod.invokeExplosively(FrameworkMethod.java:41)
	at junitparams.internal.InvokeParameterisedMethod.evaluate(InvokeParameterisedMethod.java:102)
	at org.junit.internal.runners.statements.FailOnTimeout$1.run(FailOnTimeout.java:28)
Caused by: ptolemy.kernel.util.IllegalActionException: Found a zero delay loop containing .dependencyLoop2.original
  in .dependencyLoop2 and .dependencyLoop2.original
	at ptolemy.actor.util.CausalityInterfaceForComposites._computeOutputPortDepth(CausalityInterfaceForComposites.java:759)
	at ptolemy.actor.util.CausalityInterfaceForComposites._computeInputDepth(CausalityInterfaceForComposites.java:696)
	at ptolemy.actor.util.CausalityInterfaceForComposites._computeOutputPortDepth(CausalityInterfaceForComposites.java:765)
	at ptolemy.actor.util.CausalityInterfaceForComposites._computeInputDepth(CausalityInterfaceForComposites.java:696)
	at ptolemy.actor.util.CausalityInterfaceForComposites._computeOutputPortDepth(CausalityInterfaceForComposites.java:765)
	at ptolemy.actor.util.CausalityInterfaceForComposites._computeInputDepth(CausalityInterfaceForComposites.java:696)
	at ptolemy.actor.util.CausalityInterfaceForComposites._computeActorDepth(CausalityInterfaceForComposites.java:532)
	at ptolemy.actor.util.CausalityInterfaceForComposites.checkForCycles(CausalityInterfaceForComposites.java:96)
	at ptolemy.domains.de.kernel.DEDirector.preinitialize(DEDirector.java:1338)
	at ptolemy.actor.CompositeActor.preinitialize(CompositeActor.java:1828)
	at ptolemy.actor.Manager.preinitializeAndResolveTypes(Manager.java:1040)
	at ptolemy.actor.Manager.initialize(Manager.java:710)
	at ptolemy.actor.Manager.execute(Manager.java:356)
	at ptolemy.actor.Manager.run(Manager.java:1263)
	at ptolemy.actor.Manager$PtolemyRunThread.run(Manager.java:1933)
]]></system-err>
</testsuite>
