<?xml version="1.0" encoding="UTF-8" ?>
<testsuite errors="0" failures="0" hostname="travis-job-0d4a2b1d-7075-4a38-bfad-a2ecb58ab5d4" name="ptolemy.domains.sdf.test.junit.JUnitTclTest" skipped="0" tests="66" time="20.944" timestamp="2018-07-22T01:49:52">
  <properties>
[...]
</properties>
  <testcase classname="ptolemy.util.test.junit.TclTests" name="[0] /home/travis/build/icyphy/ptII/ptolemy/domains/sdf/test/SDFSchedulerErrors.tcl (RunTclFile)" time="0.67" />
  <testcase classname="ptolemy.util.test.junit.TclTests" name="[1] /home/travis/build/icyphy/ptII/ptolemy/domains/sdf/test/composition.tcl (RunTclFile)" time="0.18" />
  <testcase classname="ptolemy.util.test.junit.TclTests" name="[2] /home/travis/build/icyphy/ptII/ptolemy/domains/sdf/test/cycle.tcl (RunTclFile)" time="0.035" />
  <testcase classname="ptolemy.util.test.junit.AutoKnownFailedTests" name="[0] ThereAreNoKnowFailedTests (RunModel)" time="0.001" />
  <testcase classname="ptolemy.util.test.junit.AutoNameArchTests" name="[0] ThereAreNoAutoArchTests (RunModel)" time="0.0" />
  <testcase classname="ptolemy.util.test.junit.AutoTests" name="[0] /home/travis/build/icyphy/ptII/ptolemy/domains/sdf/test/auto/Array.xml (RunModel)" time="0.13" />
  <testcase classname="ptolemy.util.test.junit.AutoTests" name="[1] /home/travis/build/icyphy/ptII/ptolemy/domains/sdf/test/auto/Butterfly.xml (RunModel)" time="0.117" />
  <testcase classname="ptolemy.util.test.junit.AutoTests" name="[2] /home/travis/build/icyphy/ptII/ptolemy/domains/sdf/test/auto/Expression.xml (RunModel)" time="0.09" />
  <testcase classname="ptolemy.util.test.junit.AutoTests" name="[3] /home/travis/build/icyphy/ptII/ptolemy/domains/sdf/test/auto/Eye.xml (RunModel)" time="0.484" />
  <testcase classname="ptolemy.util.test.junit.AutoTests" name="[4] /home/travis/build/icyphy/ptII/ptolemy/domains/sdf/test/auto/FixFIR.xml (RunModel)" time="0.346" />
  <testcase classname="ptolemy.util.test.junit.AutoTests" name="[5] /home/travis/build/icyphy/ptII/ptolemy/domains/sdf/test/auto/FixPoint.xml (RunModel)" time="0.059" />
  <testcase classname="ptolemy.util.test.junit.AutoTests" name="[6] /home/travis/build/icyphy/ptII/ptolemy/domains/sdf/test/auto/Gravitation.xml (RunModel)" time="3.372" />
  <testcase classname="ptolemy.util.test.junit.AutoTests" name="[7] /home/travis/build/icyphy/ptII/ptolemy/domains/sdf/test/auto/GravitationWithCollisionDetection.xml (RunModel)" time="6.741" />
  <testcase classname="ptolemy.util.test.junit.AutoTests" name="[8] /home/travis/build/icyphy/ptII/ptolemy/domains/sdf/test/auto/HDF.xml (RunModel)" time="0.171" />
  <testcase classname="ptolemy.util.test.junit.AutoTests" name="[9] /home/travis/build/icyphy/ptII/ptolemy/domains/sdf/test/auto/HDFwithTransientStates.xml (RunModel)" time="0.082" />
  <testcase classname="ptolemy.util.test.junit.AutoTests" name="[10] /home/travis/build/icyphy/ptII/ptolemy/domains/sdf/test/auto/HTVQ.xml (RunModel)" time="0.981" />
  <testcase classname="ptolemy.util.test.junit.AutoTests" name="[11] /home/travis/build/icyphy/ptII/ptolemy/domains/sdf/test/auto/InferInitProduction.xml (RunModel)" time="0.03" />
  <testcase classname="ptolemy.util.test.junit.AutoTests" name="[12] /home/travis/build/icyphy/ptII/ptolemy/domains/sdf/test/auto/InferInitProductionDeeper.xml (RunModel)" time="0.032" />
  <testcase classname="ptolemy.util.test.junit.AutoTests" name="[13] /home/travis/build/icyphy/ptII/ptolemy/domains/sdf/test/auto/LMSAdaptive.xml (RunModel)" time="0.099" />
  <testcase classname="ptolemy.util.test.junit.AutoTests" name="[14] /home/travis/build/icyphy/ptII/ptolemy/domains/sdf/test/auto/LogisticMap.xml (RunModel)" time="0.473" />
  <testcase classname="ptolemy.util.test.junit.AutoTests" name="[15] /home/travis/build/icyphy/ptII/ptolemy/domains/sdf/test/auto/MaximumEntropySpectrum.xml (RunModel)" time="0.297" />
  <testcase classname="ptolemy.util.test.junit.AutoTests" name="[16] /home/travis/build/icyphy/ptII/ptolemy/domains/sdf/test/auto/MultirateSDF.xml (RunModel)" time="0.069" />
  <testcase classname="ptolemy.util.test.junit.AutoTests" name="[17] /home/travis/build/icyphy/ptII/ptolemy/domains/sdf/test/auto/MultirateSDFwithTransientStates.xml (RunModel)" time="0.085" />
  <testcase classname="ptolemy.util.test.junit.AutoTests" name="[18] /home/travis/build/icyphy/ptII/ptolemy/domains/sdf/test/auto/NoisySinewave.xml (RunModel)" time="0.081" />
  <testcase classname="ptolemy.util.test.junit.AutoTests" name="[19] /home/travis/build/icyphy/ptII/ptolemy/domains/sdf/test/auto/Objects.xml (RunModel)" time="0.068" />
  <testcase classname="ptolemy.util.test.junit.AutoTests" name="[20] /home/travis/build/icyphy/ptII/ptolemy/domains/sdf/test/auto/OrthogonalCom.xml (RunModel)" time="0.062" />
  <testcase classname="ptolemy.util.test.junit.AutoTests" name="[21] /home/travis/build/icyphy/ptII/ptolemy/domains/sdf/test/auto/RijndaelEncryption.xml (RunModel)" time="0.575" />
  <testcase classname="ptolemy.util.test.junit.AutoTests" name="[22] /home/travis/build/icyphy/ptII/ptolemy/domains/sdf/test/auto/SDFEmptyIterations.xml (RunModel)" time="0.042" />
  <testcase classname="ptolemy.util.test.junit.AutoTests" name="[23] /home/travis/build/icyphy/ptII/ptolemy/domains/sdf/test/auto/Spectrum.xml (RunModel)" time="0.112" />
  <testcase classname="ptolemy.util.test.junit.AutoTests" name="[24] /home/travis/build/icyphy/ptII/ptolemy/domains/sdf/test/auto/de_inside_sdf.xml (RunModel)" time="0.031" />
  <testcase classname="ptolemy.util.test.junit.AutoTests" name="[25] /home/travis/build/icyphy/ptII/ptolemy/domains/sdf/test/auto/disconnectedHierarchicalSDF.xml (RunModel)" time="0.028" />
  <testcase classname="ptolemy.util.test.junit.AutoTests" name="[26] /home/travis/build/icyphy/ptII/ptolemy/domains/sdf/test/auto/disconnectedSDF.xml (RunModel)" time="0.022" />
  <testcase classname="ptolemy.util.test.junit.AutoTests" name="[27] /home/travis/build/icyphy/ptII/ptolemy/domains/sdf/test/auto/emptyRefinement.xml (RunModel)" time="0.013" />
  <testcase classname="ptolemy.util.test.junit.AutoTests" name="[28] /home/travis/build/icyphy/ptII/ptolemy/domains/sdf/test/auto/filePortParameter.xml (RunModel)" time="0.058" />
  <testcase classname="ptolemy.util.test.junit.AutoTests" name="[29] /home/travis/build/icyphy/ptII/ptolemy/domains/sdf/test/auto/inferRelationWidth1.xml (RunModel)" time="0.022" />
  <testcase classname="ptolemy.util.test.junit.AutoTests" name="[30] /home/travis/build/icyphy/ptII/ptolemy/domains/sdf/test/auto/initProductionInference.xml (RunModel)" time="0.019" />
  <testcase classname="ptolemy.util.test.junit.AutoTests" name="[31] /home/travis/build/icyphy/ptII/ptolemy/domains/sdf/test/auto/relationGroup.xml (RunModel)" time="0.021" />
  <testcase classname="ptolemy.util.test.junit.AutoTests" name="[32] /home/travis/build/icyphy/ptII/ptolemy/domains/sdf/test/auto/relationGroup10.xml (RunModel)" time="0.015" />
  <testcase classname="ptolemy.util.test.junit.AutoTests" name="[33] /home/travis/build/icyphy/ptII/ptolemy/domains/sdf/test/auto/relationGroup11.xml (RunModel)" time="0.017" />
  <testcase classname="ptolemy.util.test.junit.AutoTests" name="[34] /home/travis/build/icyphy/ptII/ptolemy/domains/sdf/test/auto/relationGroup12.xml (RunModel)" time="0.02" />
  <testcase classname="ptolemy.util.test.junit.AutoTests" name="[35] /home/travis/build/icyphy/ptII/ptolemy/domains/sdf/test/auto/relationGroup13.xml (RunModel)" time="0.027" />
  <testcase classname="ptolemy.util.test.junit.AutoTests" name="[36] /home/travis/build/icyphy/ptII/ptolemy/domains/sdf/test/auto/relationGroup14.xml (RunModel)" time="0.023" />
  <testcase classname="ptolemy.util.test.junit.AutoTests" name="[37] /home/travis/build/icyphy/ptII/ptolemy/domains/sdf/test/auto/relationGroup15.xml (RunModel)" time="0.025" />
  <testcase classname="ptolemy.util.test.junit.AutoTests" name="[38] /home/travis/build/icyphy/ptII/ptolemy/domains/sdf/test/auto/relationGroup2.xml (RunModel)" time="0.02" />
  <testcase classname="ptolemy.util.test.junit.AutoTests" name="[39] /home/travis/build/icyphy/ptII/ptolemy/domains/sdf/test/auto/relationGroup3.xml (RunModel)" time="0.014" />
  <testcase classname="ptolemy.util.test.junit.AutoTests" name="[40] /home/travis/build/icyphy/ptII/ptolemy/domains/sdf/test/auto/relationGroup4.xml (RunModel)" time="0.022" />
  <testcase classname="ptolemy.util.test.junit.AutoTests" name="[41] /home/travis/build/icyphy/ptII/ptolemy/domains/sdf/test/auto/relationGroup5.xml (RunModel)" time="0.022" />
  <testcase classname="ptolemy.util.test.junit.AutoTests" name="[42] /home/travis/build/icyphy/ptII/ptolemy/domains/sdf/test/auto/relationGroup6.xml (RunModel)" time="0.025" />
  <testcase classname="ptolemy.util.test.junit.AutoTests" name="[43] /home/travis/build/icyphy/ptII/ptolemy/domains/sdf/test/auto/relationGroup7.xml (RunModel)" time="0.015" />
  <testcase classname="ptolemy.util.test.junit.AutoTests" name="[44] /home/travis/build/icyphy/ptII/ptolemy/domains/sdf/test/auto/relationGroup8.xml (RunModel)" time="0.016" />
  <testcase classname="ptolemy.util.test.junit.AutoTests" name="[45] /home/travis/build/icyphy/ptII/ptolemy/domains/sdf/test/auto/relationGroup9.xml (RunModel)" time="0.02" />
  <testcase classname="ptolemy.util.test.junit.AutoTests" name="[46] /home/travis/build/icyphy/ptII/ptolemy/domains/sdf/test/auto/sdf_inside_de.xml (RunModel)" time="0.056" />
  <testcase classname="ptolemy.util.test.junit.AutoTests" name="[47] /home/travis/build/icyphy/ptII/ptolemy/domains/sdf/test/auto/sdf_inside_pn.xml (RunModel)" time="0.061" />
  <testcase classname="ptolemy.util.test.junit.AutoTests" name="[48] /home/travis/build/icyphy/ptII/ptolemy/domains/sdf/test/auto/sdf_sdf1.xml (RunModel)" time="0.022" />
  <testcase classname="ptolemy.util.test.junit.AutoTests" name="[49] /home/travis/build/icyphy/ptII/ptolemy/domains/sdf/test/auto/test1.xml (RunModel)" time="0.023" />
  <testcase classname="ptolemy.util.test.junit.AutoTests" name="[50] /home/travis/build/icyphy/ptII/ptolemy/domains/sdf/test/auto/time1.xml (RunModel)" time="0.012" />
  <testcase classname="ptolemy.util.test.junit.AutoTests" name="[51] /home/travis/build/icyphy/ptII/ptolemy/domains/sdf/test/auto/time2.xml (RunModel)" time="0.012" />
  <testcase classname="ptolemy.util.test.junit.AutoTests" name="[52] /home/travis/build/icyphy/ptII/ptolemy/domains/sdf/test/auto/time3.xml (RunModel)" time="0.038" />
  <testcase classname="ptolemy.util.test.junit.AutoTests" name="[53] /home/travis/build/icyphy/ptII/ptolemy/domains/sdf/test/auto/time4.xml (RunModel)" time="0.027" />
  <testcase classname="ptolemy.util.test.junit.AutoTests" name="[54] /home/travis/build/icyphy/ptII/ptolemy/domains/sdf/test/auto/time5.xml (RunModel)" time="4.01" />
  <testcase classname="ptolemy.util.test.junit.AutoTests" name="[55] /home/travis/build/icyphy/ptII/ptolemy/domains/sdf/test/auto/typeSystem_Const_Integer_smallest_Type.xml (RunModel)" time="0.028" />
  <testcase classname="ptolemy.util.test.junit.AutoTests" name="[56] /home/travis/build/icyphy/ptII/ptolemy/domains/sdf/test/auto/typeSystem_declared_Inports_OutportTypeException.xml (RunModel)" time="0.024" />
  <testcase classname="ptolemy.util.test.junit.AutoTests" name="[57] /home/travis/build/icyphy/ptII/ptolemy/domains/sdf/test/auto/typeSystem_oneDeclaredInportType_wrongTypeOutport.xml (RunModel)" time="0.018" />
  <testcase classname="ptolemy.util.test.junit.AutoTests" name="[58] /home/travis/build/icyphy/ptII/ptolemy/domains/sdf/test/auto/width.xml (RunModel)" time="0.013" />
  <testcase classname="ptolemy.util.test.junit.AutoTests" name="[59] /home/travis/build/icyphy/ptII/ptolemy/domains/sdf/test/auto/width2.xml (RunModel)" time="0.04" />
  <testcase classname="ptolemy.util.test.junit.AutoTests" name="[60] /home/travis/build/icyphy/ptII/ptolemy/domains/sdf/test/auto/width3.xml (RunModel)" time="0.041" />
  <system-out><![CDATA[/home/travis/build/icyphy/ptII/ptolemy/domains/sdf/test/SDFSchedulerErrors.tcl
testDefs.tcl: setting time out to 9000 seconds at Sun Jul 22 01:49:52 UTC 2018
23 ms. Memory: 116224K Free: 105593K (91%)
5 ms. Memory: 116224K Free: 98592K (85%)
13 ms. Memory: 116224K Free: 91447K (79%)
3 ms. Memory: 116224K Free: 88386K (76%)
/home/travis/build/icyphy/ptII/ptolemy/domains/sdf/test/composition.tcl
43 ms. Memory: 116224K Free: 84706K (73%)
6 ms. Memory: 116224K Free: 82914K (71%)
/home/travis/build/icyphy/ptII/ptolemy/domains/sdf/test/cycle.tcl
.Toplevel.Director Preinitializing ...
Invoking preinitialize():  .Toplevel.Actor1
Invoking preinitialize():  .Toplevel.Actor2
Invoking preinitialize():  .Toplevel.Delay
.Toplevel.Director Finished preinitialize().
### Schedule:
Execute Schedule{
Fire Actor ptolemy.domains.sdf.kernel.test.SDFTestDelay {.Toplevel.Actor1}
Fire Actor ptolemy.domains.sdf.kernel.test.SDFTestDelay {.Toplevel.Actor2}
Fire Actor ptolemy.domains.sdf.lib.SampleDelay {.Toplevel.Delay}
}
### End schedule
Called initialize().
Invoking initialize():  .Toplevel.Actor1
Initializing actor: .Toplevel.Actor1.
Invoking initialize():  .Toplevel.Actor2
Initializing actor: .Toplevel.Actor2.
Invoking initialize():  .Toplevel.Delay
Initializing actor: .Toplevel.Delay.
Director: Called prefire().
-- Setting current time to 0.0
Director prefire returns true.
The actor .Toplevel.Actor1 will be iterated.
The actor .Toplevel.Actor1 was iterated.
The actor .Toplevel.Actor2 will be iterated.
The actor .Toplevel.Actor2 was iterated.
The actor .Toplevel.Delay will be iterated.
The actor .Toplevel.Delay was iterated.
Director: Called postfire().
Postfire returns: true
Director: Called prefire().
-- Setting current time to 0.0
Director prefire returns true.
The actor .Toplevel.Actor1 will be iterated.
The actor .Toplevel.Actor1 was iterated.
The actor .Toplevel.Actor2 will be iterated.
The actor .Toplevel.Actor2 was iterated.
The actor .Toplevel.Delay will be iterated.
The actor .Toplevel.Delay was iterated.
Director: Called postfire().
Postfire returns: true
Director: Called prefire().
-- Setting current time to 0.0
Director prefire returns true.
The actor .Toplevel.Actor1 will be iterated.
The actor .Toplevel.Actor1 was iterated.
The actor .Toplevel.Actor2 will be iterated.
The actor .Toplevel.Actor2 was iterated.
The actor .Toplevel.Delay will be iterated.
The actor .Toplevel.Delay was iterated.
Director: Called postfire().
Postfire returns: true
Director: Called prefire().
-- Setting current time to 0.0
Director prefire returns true.
The actor .Toplevel.Actor1 will be iterated.
The actor .Toplevel.Actor1 was iterated.
The actor .Toplevel.Actor2 will be iterated.
The actor .Toplevel.Actor2 was iterated.
The actor .Toplevel.Delay will be iterated.
The actor .Toplevel.Delay was iterated.
Director: Called postfire().
Postfire returns: true
Director: Called prefire().
-- Setting current time to 0.0
Director prefire returns true.
The actor .Toplevel.Actor1 will be iterated.
The actor .Toplevel.Actor1 was iterated.
The actor .Toplevel.Actor2 will be iterated.
The actor .Toplevel.Actor2 was iterated.
The actor .Toplevel.Delay will be iterated.
The actor .Toplevel.Delay was iterated.
Director: Called postfire().
Postfire returns: true
Director: Called prefire().
-- Setting current time to 0.0
Director prefire returns true.
The actor .Toplevel.Actor1 will be iterated.
The actor .Toplevel.Actor1 was iterated.
The actor .Toplevel.Actor2 will be iterated.
The actor .Toplevel.Actor2 was iterated.
The actor .Toplevel.Delay will be iterated.
The actor .Toplevel.Delay was iterated.
Reached specified number of iterations: 6
Director: Called wrapup().
16 ms. Memory: 146944K Free: 141100K (96%)
07/22/18 01:49:53
Failed: 0  Total Tests: 8  ((Passed: 8, Newly Passed: 0)  Known Failed: 0) /home/travis/build/icyphy/ptII/ptolemy/domains/sdf/test
No auto/knownFailedTests/*.xml tests in /home/travis/build/icyphy/ptII/ptolemy/domains/sdf/test
No auto/linux-amd64/*.xml tests in /home/travis/build/icyphy/ptII/ptolemy/domains/sdf/test
AutoTests.java: About to close Vertx.
AutoTests.java: Vertx closed.

===========================================================================================
----------------- testing Sun Jul 22 01:49:54 UTC 2018 /home/travis/build/icyphy/ptII/ptolemy/domains/sdf/test/auto/Array.xml
----------------- Instantiating /home/travis/build/icyphy/ptII/ptolemy/domains/sdf/test/auto/Array.xml
28 ms. Memory: 146944K Free: 101420K (69%)
----------------- Invoking toplevel() on ptolemy.moml.MoMLSimpleApplication@3eaee3ff
----------------- Done invoking toplevel() on ptolemy.moml.MoMLSimpleApplication@3eaee3ff
reloadAllAccessors: .Array

===========================================================================================
----------------- testing Sun Jul 22 01:49:54 UTC 2018 /home/travis/build/icyphy/ptII/ptolemy/domains/sdf/test/auto/Butterfly.xml
----------------- Instantiating /home/travis/build/icyphy/ptII/ptolemy/domains/sdf/test/auto/Butterfly.xml
79 ms. Memory: 146944K Free: 94148K (64%)
----------------- Invoking toplevel() on ptolemy.moml.MoMLSimpleApplication@3ad580fc
----------------- Done invoking toplevel() on ptolemy.moml.MoMLSimpleApplication@3ad580fc
reloadAllAccessors: .Butterfly

===========================================================================================
----------------- testing Sun Jul 22 01:49:54 UTC 2018 /home/travis/build/icyphy/ptII/ptolemy/domains/sdf/test/auto/Expression.xml
----------------- Instantiating /home/travis/build/icyphy/ptII/ptolemy/domains/sdf/test/auto/Expression.xml
54 ms. Memory: 146944K Free: 88554K (60%)
----------------- Invoking toplevel() on ptolemy.moml.MoMLSimpleApplication@207dcf2e
----------------- Done invoking toplevel() on ptolemy.moml.MoMLSimpleApplication@207dcf2e
reloadAllAccessors: .Expression

===========================================================================================
----------------- testing Sun Jul 22 01:49:54 UTC 2018 /home/travis/build/icyphy/ptII/ptolemy/domains/sdf/test/auto/Eye.xml
----------------- Instantiating /home/travis/build/icyphy/ptII/ptolemy/domains/sdf/test/auto/Eye.xml
347 ms. Memory: 146944K Free: 119559K (81%)
----------------- Invoking toplevel() on ptolemy.moml.MoMLSimpleApplication@fb46f21
----------------- Done invoking toplevel() on ptolemy.moml.MoMLSimpleApplication@fb46f21
reloadAllAccessors: .Eye

===========================================================================================
----------------- testing Sun Jul 22 01:49:54 UTC 2018 /home/travis/build/icyphy/ptII/ptolemy/domains/sdf/test/auto/FixFIR.xml
----------------- Instantiating /home/travis/build/icyphy/ptII/ptolemy/domains/sdf/test/auto/FixFIR.xml
160 ms. Memory: 146944K Free: 83810K (57%)
----------------- Invoking toplevel() on ptolemy.moml.MoMLSimpleApplication@33ed5df9
----------------- Done invoking toplevel() on ptolemy.moml.MoMLSimpleApplication@33ed5df9
reloadAllAccessors: .FixFIR

===========================================================================================
----------------- testing Sun Jul 22 01:49:55 UTC 2018 /home/travis/build/icyphy/ptII/ptolemy/domains/sdf/test/auto/FixPoint.xml
----------------- Instantiating /home/travis/build/icyphy/ptII/ptolemy/domains/sdf/test/auto/FixPoint.xml
30 ms. Memory: 146944K Free: 78862K (54%)
----------------- Invoking toplevel() on ptolemy.moml.MoMLSimpleApplication@5601dec8
----------------- Done invoking toplevel() on ptolemy.moml.MoMLSimpleApplication@5601dec8
reloadAllAccessors: .FixPoint

===========================================================================================
----------------- testing Sun Jul 22 01:49:55 UTC 2018 /home/travis/build/icyphy/ptII/ptolemy/domains/sdf/test/auto/Gravitation.xml
----------------- Instantiating /home/travis/build/icyphy/ptII/ptolemy/domains/sdf/test/auto/Gravitation.xml
3220 ms. Memory: 208384K Free: 108208K (52%)
----------------- Invoking toplevel() on ptolemy.moml.MoMLSimpleApplication@21266627
----------------- Done invoking toplevel() on ptolemy.moml.MoMLSimpleApplication@21266627
reloadAllAccessors: .Gravitation

===========================================================================================
----------------- testing Sun Jul 22 01:49:58 UTC 2018 /home/travis/build/icyphy/ptII/ptolemy/domains/sdf/test/auto/GravitationWithCollisionDetection.xml
----------------- Instantiating /home/travis/build/icyphy/ptII/ptolemy/domains/sdf/test/auto/GravitationWithCollisionDetection.xml
6531 ms. Memory: 874496K Free: 335752K (38%)
----------------- Invoking toplevel() on ptolemy.moml.MoMLSimpleApplication@43ceec51
----------------- Done invoking toplevel() on ptolemy.moml.MoMLSimpleApplication@43ceec51
reloadAllAccessors: .GravitationWithCollisionDetection

===========================================================================================
----------------- testing Sun Jul 22 01:50:05 UTC 2018 /home/travis/build/icyphy/ptII/ptolemy/domains/sdf/test/auto/HDF.xml
----------------- Instantiating /home/travis/build/icyphy/ptII/ptolemy/domains/sdf/test/auto/HDF.xml
37 ms. Memory: 874496K Free: 302557K (35%)
----------------- Invoking toplevel() on ptolemy.moml.MoMLSimpleApplication@42f3a41e
----------------- Done invoking toplevel() on ptolemy.moml.MoMLSimpleApplication@42f3a41e
reloadAllAccessors: .HDF

===========================================================================================
----------------- testing Sun Jul 22 01:50:05 UTC 2018 /home/travis/build/icyphy/ptII/ptolemy/domains/sdf/test/auto/HDFwithTransientStates.xml
----------------- Instantiating /home/travis/build/icyphy/ptII/ptolemy/domains/sdf/test/auto/HDFwithTransientStates.xml
28 ms. Memory: 874496K Free: 278963K (32%)
----------------- Invoking toplevel() on ptolemy.moml.MoMLSimpleApplication@43089ed2
----------------- Done invoking toplevel() on ptolemy.moml.MoMLSimpleApplication@43089ed2
reloadAllAccessors: .HDFwithTransientStates

===========================================================================================
----------------- testing Sun Jul 22 01:50:05 UTC 2018 /home/travis/build/icyphy/ptII/ptolemy/domains/sdf/test/auto/HTVQ.xml
----------------- Instantiating /home/travis/build/icyphy/ptII/ptolemy/domains/sdf/test/auto/HTVQ.xml
931 ms. Memory: 874496K Free: 105961K (12%)
----------------- Invoking toplevel() on ptolemy.moml.MoMLSimpleApplication@2170cced
----------------- Done invoking toplevel() on ptolemy.moml.MoMLSimpleApplication@2170cced
reloadAllAccessors: .HTVQ

===========================================================================================
----------------- testing Sun Jul 22 01:50:06 UTC 2018 /home/travis/build/icyphy/ptII/ptolemy/domains/sdf/test/auto/InferInitProduction.xml
----------------- Instantiating /home/travis/build/icyphy/ptII/ptolemy/domains/sdf/test/auto/InferInitProduction.xml
7 ms. Memory: 874496K Free: 90242K (10%)
----------------- Invoking toplevel() on ptolemy.moml.MoMLSimpleApplication@3ca11294
----------------- Done invoking toplevel() on ptolemy.moml.MoMLSimpleApplication@3ca11294
reloadAllAccessors: .InferInitProduction

===========================================================================================
----------------- testing Sun Jul 22 01:50:06 UTC 2018 /home/travis/build/icyphy/ptII/ptolemy/domains/sdf/test/auto/InferInitProductionDeeper.xml
----------------- Instantiating /home/travis/build/icyphy/ptII/ptolemy/domains/sdf/test/auto/InferInitProductionDeeper.xml
9 ms. Memory: 874496K Free: 76839K (9%)
----------------- Invoking toplevel() on ptolemy.moml.MoMLSimpleApplication@9e5045a
----------------- Done invoking toplevel() on ptolemy.moml.MoMLSimpleApplication@9e5045a
reloadAllAccessors: .InferInitProductionDeeper

===========================================================================================
----------------- testing Sun Jul 22 01:50:06 UTC 2018 /home/travis/build/icyphy/ptII/ptolemy/domains/sdf/test/auto/LMSAdaptive.xml
----------------- Instantiating /home/travis/build/icyphy/ptII/ptolemy/domains/sdf/test/auto/LMSAdaptive.xml
17 ms. Memory: 875008K Free: 839112K (96%)
----------------- Invoking toplevel() on ptolemy.moml.MoMLSimpleApplication@60502717
----------------- Done invoking toplevel() on ptolemy.moml.MoMLSimpleApplication@60502717
reloadAllAccessors: .LMSAdaptive

===========================================================================================
----------------- testing Sun Jul 22 01:50:06 UTC 2018 /home/travis/build/icyphy/ptII/ptolemy/domains/sdf/test/auto/LogisticMap.xml
----------------- Instantiating /home/travis/build/icyphy/ptII/ptolemy/domains/sdf/test/auto/LogisticMap.xml
444 ms. Memory: 875008K Free: 820263K (94%)
----------------- Invoking toplevel() on ptolemy.moml.MoMLSimpleApplication@6df25bd1
----------------- Done invoking toplevel() on ptolemy.moml.MoMLSimpleApplication@6df25bd1
reloadAllAccessors: .LogisticMap

===========================================================================================
----------------- testing Sun Jul 22 01:50:07 UTC 2018 /home/travis/build/icyphy/ptII/ptolemy/domains/sdf/test/auto/MaximumEntropySpectrum.xml
----------------- Instantiating /home/travis/build/icyphy/ptII/ptolemy/domains/sdf/test/auto/MaximumEntropySpectrum.xml
79 ms. Memory: 875008K Free: 741615K (85%)
----------------- Invoking toplevel() on ptolemy.moml.MoMLSimpleApplication@7005ed9e
----------------- Done invoking toplevel() on ptolemy.moml.MoMLSimpleApplication@7005ed9e
reloadAllAccessors: .MaximumEntropySpectrum

===========================================================================================
----------------- testing Sun Jul 22 01:50:07 UTC 2018 /home/travis/build/icyphy/ptII/ptolemy/domains/sdf/test/auto/MultirateSDF.xml
----------------- Instantiating /home/travis/build/icyphy/ptII/ptolemy/domains/sdf/test/auto/MultirateSDF.xml
19 ms. Memory: 875008K Free: 718037K (82%)
----------------- Invoking toplevel() on ptolemy.moml.MoMLSimpleApplication@47c21349
----------------- Done invoking toplevel() on ptolemy.moml.MoMLSimpleApplication@47c21349
reloadAllAccessors: .MultirateSDF

===========================================================================================
----------------- testing Sun Jul 22 01:50:07 UTC 2018 /home/travis/build/icyphy/ptII/ptolemy/domains/sdf/test/auto/MultirateSDFwithTransientStates.xml
----------------- Instantiating /home/travis/build/icyphy/ptII/ptolemy/domains/sdf/test/auto/MultirateSDFwithTransientStates.xml
19 ms. Memory: 875008K Free: 694451K (79%)
----------------- Invoking toplevel() on ptolemy.moml.MoMLSimpleApplication@212e858a
----------------- Done invoking toplevel() on ptolemy.moml.MoMLSimpleApplication@212e858a
reloadAllAccessors: .MultirateSDFwithTransientStates

===========================================================================================
----------------- testing Sun Jul 22 01:50:07 UTC 2018 /home/travis/build/icyphy/ptII/ptolemy/domains/sdf/test/auto/NoisySinewave.xml
----------------- Instantiating /home/travis/build/icyphy/ptII/ptolemy/domains/sdf/test/auto/NoisySinewave.xml
13 ms. Memory: 875008K Free: 670874K (77%)
----------------- Invoking toplevel() on ptolemy.moml.MoMLSimpleApplication@7b72b8d1
----------------- Done invoking toplevel() on ptolemy.moml.MoMLSimpleApplication@7b72b8d1
reloadAllAccessors: .NoisySinewave

===========================================================================================
----------------- testing Sun Jul 22 01:50:07 UTC 2018 /home/travis/build/icyphy/ptII/ptolemy/domains/sdf/test/auto/Objects.xml
----------------- Instantiating /home/travis/build/icyphy/ptII/ptolemy/domains/sdf/test/auto/Objects.xml
2 ms. Memory: 875008K Free: 647280K (74%)
----------------- Invoking toplevel() on ptolemy.moml.MoMLSimpleApplication@76416f40
----------------- Done invoking toplevel() on ptolemy.moml.MoMLSimpleApplication@76416f40
reloadAllAccessors: .Objects

===========================================================================================
----------------- testing Sun Jul 22 01:50:07 UTC 2018 /home/travis/build/icyphy/ptII/ptolemy/domains/sdf/test/auto/OrthogonalCom.xml
----------------- Instantiating /home/travis/build/icyphy/ptII/ptolemy/domains/sdf/test/auto/OrthogonalCom.xml
5 ms. Memory: 875008K Free: 631562K (72%)
----------------- Invoking toplevel() on ptolemy.moml.MoMLSimpleApplication@6e7453f
----------------- Done invoking toplevel() on ptolemy.moml.MoMLSimpleApplication@6e7453f
reloadAllAccessors: .OrthogonalCom

===========================================================================================
----------------- testing Sun Jul 22 01:50:08 UTC 2018 /home/travis/build/icyphy/ptII/ptolemy/domains/sdf/test/auto/RijndaelEncryption.xml
----------------- Instantiating /home/travis/build/icyphy/ptII/ptolemy/domains/sdf/test/auto/RijndaelEncryption.xml
251 ms. Memory: 875008K Free: 466357K (53%)
----------------- Invoking toplevel() on ptolemy.moml.MoMLSimpleApplication@245cf45e
----------------- Done invoking toplevel() on ptolemy.moml.MoMLSimpleApplication@245cf45e
reloadAllAccessors: .RijndaelEncryption

===========================================================================================
----------------- testing Sun Jul 22 01:50:08 UTC 2018 /home/travis/build/icyphy/ptII/ptolemy/domains/sdf/test/auto/SDFEmptyIterations.xml
----------------- Instantiating /home/travis/build/icyphy/ptII/ptolemy/domains/sdf/test/auto/SDFEmptyIterations.xml
16 ms. Memory: 875008K Free: 450639K (52%)
----------------- Invoking toplevel() on ptolemy.moml.MoMLSimpleApplication@4a965545
----------------- Done invoking toplevel() on ptolemy.moml.MoMLSimpleApplication@4a965545
reloadAllAccessors: .SDFEmptyIterations

===========================================================================================
----------------- testing Sun Jul 22 01:50:08 UTC 2018 /home/travis/build/icyphy/ptII/ptolemy/domains/sdf/test/auto/Spectrum.xml
----------------- Instantiating /home/travis/build/icyphy/ptII/ptolemy/domains/sdf/test/auto/Spectrum.xml
46 ms. Memory: 875008K Free: 423931K (48%)
----------------- Invoking toplevel() on ptolemy.moml.MoMLSimpleApplication@7dc43d98
----------------- Done invoking toplevel() on ptolemy.moml.MoMLSimpleApplication@7dc43d98
reloadAllAccessors: .Spectrum

===========================================================================================
----------------- testing Sun Jul 22 01:50:08 UTC 2018 /home/travis/build/icyphy/ptII/ptolemy/domains/sdf/test/auto/de_inside_sdf.xml
----------------- Instantiating /home/travis/build/icyphy/ptII/ptolemy/domains/sdf/test/auto/de_inside_sdf.xml
10 ms. Memory: 875008K Free: 408213K (47%)
----------------- Invoking toplevel() on ptolemy.moml.MoMLSimpleApplication@23079a9c
----------------- Done invoking toplevel() on ptolemy.moml.MoMLSimpleApplication@23079a9c
reloadAllAccessors: .de_inside_sdf

===========================================================================================
----------------- testing Sun Jul 22 01:50:08 UTC 2018 /home/travis/build/icyphy/ptII/ptolemy/domains/sdf/test/auto/disconnectedHierarchicalSDF.xml
----------------- Instantiating /home/travis/build/icyphy/ptII/ptolemy/domains/sdf/test/auto/disconnectedHierarchicalSDF.xml
4 ms. Memory: 875008K Free: 392494K (45%)
----------------- Invoking toplevel() on ptolemy.moml.MoMLSimpleApplication@da40960
----------------- Done invoking toplevel() on ptolemy.moml.MoMLSimpleApplication@da40960
reloadAllAccessors: .disconnectedHierarchicalSDF

===========================================================================================
----------------- testing Sun Jul 22 01:50:08 UTC 2018 /home/travis/build/icyphy/ptII/ptolemy/domains/sdf/test/auto/disconnectedSDF.xml
----------------- Instantiating /home/travis/build/icyphy/ptII/ptolemy/domains/sdf/test/auto/disconnectedSDF.xml
1 ms. Memory: 875008K Free: 376776K (43%)
----------------- Invoking toplevel() on ptolemy.moml.MoMLSimpleApplication@6a4c9b73
----------------- Done invoking toplevel() on ptolemy.moml.MoMLSimpleApplication@6a4c9b73
reloadAllAccessors: .disconnectedSDF

===========================================================================================
----------------- testing Sun Jul 22 01:50:08 UTC 2018 /home/travis/build/icyphy/ptII/ptolemy/domains/sdf/test/auto/emptyRefinement.xml
----------------- Instantiating /home/travis/build/icyphy/ptII/ptolemy/domains/sdf/test/auto/emptyRefinement.xml
3 ms. Memory: 875008K Free: 361057K (41%)
----------------- Invoking toplevel() on ptolemy.moml.MoMLSimpleApplication@546a40dc
----------------- Done invoking toplevel() on ptolemy.moml.MoMLSimpleApplication@546a40dc
reloadAllAccessors: .emptyRefinement

===========================================================================================
----------------- testing Sun Jul 22 01:50:08 UTC 2018 /home/travis/build/icyphy/ptII/ptolemy/domains/sdf/test/auto/filePortParameter.xml
----------------- Instantiating /home/travis/build/icyphy/ptII/ptolemy/domains/sdf/test/auto/filePortParameter.xml
22 ms. Memory: 875008K Free: 345339K (39%)
----------------- Invoking toplevel() on ptolemy.moml.MoMLSimpleApplication@5b67afa0
----------------- Done invoking toplevel() on ptolemy.moml.MoMLSimpleApplication@5b67afa0
reloadAllAccessors: .filePortParameter

===========================================================================================
----------------- testing Sun Jul 22 01:50:08 UTC 2018 /home/travis/build/icyphy/ptII/ptolemy/domains/sdf/test/auto/inferRelationWidth1.xml
----------------- Instantiating /home/travis/build/icyphy/ptII/ptolemy/domains/sdf/test/auto/inferRelationWidth1.xml
2 ms. Memory: 875008K Free: 329621K (38%)
----------------- Invoking toplevel() on ptolemy.moml.MoMLSimpleApplication@2b3a258b
----------------- Done invoking toplevel() on ptolemy.moml.MoMLSimpleApplication@2b3a258b
reloadAllAccessors: .inferRelationWidth1

===========================================================================================
----------------- testing Sun Jul 22 01:50:08 UTC 2018 /home/travis/build/icyphy/ptII/ptolemy/domains/sdf/test/auto/initProductionInference.xml
----------------- Instantiating /home/travis/build/icyphy/ptII/ptolemy/domains/sdf/test/auto/initProductionInference.xml
3 ms. Memory: 875008K Free: 313902K (36%)
----------------- Invoking toplevel() on ptolemy.moml.MoMLSimpleApplication@7fa7cfb
----------------- Done invoking toplevel() on ptolemy.moml.MoMLSimpleApplication@7fa7cfb
reloadAllAccessors: .initProductionInference

===========================================================================================
----------------- testing Sun Jul 22 01:50:08 UTC 2018 /home/travis/build/icyphy/ptII/ptolemy/domains/sdf/test/auto/relationGroup.xml
----------------- Instantiating /home/travis/build/icyphy/ptII/ptolemy/domains/sdf/test/auto/relationGroup.xml
2 ms. Memory: 875008K Free: 298184K (34%)
----------------- Invoking toplevel() on ptolemy.moml.MoMLSimpleApplication@2219f700
----------------- Done invoking toplevel() on ptolemy.moml.MoMLSimpleApplication@2219f700
reloadAllAccessors: .relationGroup

===========================================================================================
----------------- testing Sun Jul 22 01:50:09 UTC 2018 /home/travis/build/icyphy/ptII/ptolemy/domains/sdf/test/auto/relationGroup10.xml
----------------- Instantiating /home/travis/build/icyphy/ptII/ptolemy/domains/sdf/test/auto/relationGroup10.xml
2 ms. Memory: 875008K Free: 279335K (32%)
----------------- Invoking toplevel() on ptolemy.moml.MoMLSimpleApplication@133395b5
----------------- Done invoking toplevel() on ptolemy.moml.MoMLSimpleApplication@133395b5
reloadAllAccessors: .relationGroup10

===========================================================================================
----------------- testing Sun Jul 22 01:50:09 UTC 2018 /home/travis/build/icyphy/ptII/ptolemy/domains/sdf/test/auto/relationGroup11.xml
----------------- Instantiating /home/travis/build/icyphy/ptII/ptolemy/domains/sdf/test/auto/relationGroup11.xml
3 ms. Memory: 875008K Free: 263616K (30%)
----------------- Invoking toplevel() on ptolemy.moml.MoMLSimpleApplication@fa7cfd4
----------------- Done invoking toplevel() on ptolemy.moml.MoMLSimpleApplication@fa7cfd4
reloadAllAccessors: .relationGroup11

===========================================================================================
----------------- testing Sun Jul 22 01:50:09 UTC 2018 /home/travis/build/icyphy/ptII/ptolemy/domains/sdf/test/auto/relationGroup12.xml
----------------- Instantiating /home/travis/build/icyphy/ptII/ptolemy/domains/sdf/test/auto/relationGroup12.xml
3 ms. Memory: 875008K Free: 247898K (28%)
----------------- Invoking toplevel() on ptolemy.moml.MoMLSimpleApplication@63e4204f
----------------- Done invoking toplevel() on ptolemy.moml.MoMLSimpleApplication@63e4204f
reloadAllAccessors: .relationGroup12

===========================================================================================
----------------- testing Sun Jul 22 01:50:09 UTC 2018 /home/travis/build/icyphy/ptII/ptolemy/domains/sdf/test/auto/relationGroup13.xml
----------------- Instantiating /home/travis/build/icyphy/ptII/ptolemy/domains/sdf/test/auto/relationGroup13.xml
7 ms. Memory: 875008K Free: 232180K (27%)
----------------- Invoking toplevel() on ptolemy.moml.MoMLSimpleApplication@35ca3889
----------------- Done invoking toplevel() on ptolemy.moml.MoMLSimpleApplication@35ca3889
reloadAllAccessors: .relationGroup13

===========================================================================================
----------------- testing Sun Jul 22 01:50:09 UTC 2018 /home/travis/build/icyphy/ptII/ptolemy/domains/sdf/test/auto/relationGroup14.xml
----------------- Instantiating /home/travis/build/icyphy/ptII/ptolemy/domains/sdf/test/auto/relationGroup14.xml
6 ms. Memory: 875008K Free: 216461K (25%)
----------------- Invoking toplevel() on ptolemy.moml.MoMLSimpleApplication@43ce92f3
----------------- Done invoking toplevel() on ptolemy.moml.MoMLSimpleApplication@43ce92f3
reloadAllAccessors: .relationGroup14

===========================================================================================
----------------- testing Sun Jul 22 01:50:09 UTC 2018 /home/travis/build/icyphy/ptII/ptolemy/domains/sdf/test/auto/relationGroup15.xml
----------------- Instantiating /home/travis/build/icyphy/ptII/ptolemy/domains/sdf/test/auto/relationGroup15.xml
7 ms. Memory: 875008K Free: 200743K (23%)
----------------- Invoking toplevel() on ptolemy.moml.MoMLSimpleApplication@11ae16c6
----------------- Done invoking toplevel() on ptolemy.moml.MoMLSimpleApplication@11ae16c6
reloadAllAccessors: .relationGroup15

===========================================================================================
----------------- testing Sun Jul 22 01:50:09 UTC 2018 /home/travis/build/icyphy/ptII/ptolemy/domains/sdf/test/auto/relationGroup2.xml
----------------- Instantiating /home/travis/build/icyphy/ptII/ptolemy/domains/sdf/test/auto/relationGroup2.xml
2 ms. Memory: 875008K Free: 185024K (21%)
----------------- Invoking toplevel() on ptolemy.moml.MoMLSimpleApplication@396c5bf7
----------------- Done invoking toplevel() on ptolemy.moml.MoMLSimpleApplication@396c5bf7
reloadAllAccessors: .relationGroup2

===========================================================================================
----------------- testing Sun Jul 22 01:50:09 UTC 2018 /home/travis/build/icyphy/ptII/ptolemy/domains/sdf/test/auto/relationGroup3.xml
----------------- Instantiating /home/travis/build/icyphy/ptII/ptolemy/domains/sdf/test/auto/relationGroup3.xml
2 ms. Memory: 875008K Free: 169306K (19%)
----------------- Invoking toplevel() on ptolemy.moml.MoMLSimpleApplication@6dc9696e
----------------- Done invoking toplevel() on ptolemy.moml.MoMLSimpleApplication@6dc9696e
reloadAllAccessors: .relationGroup3

===========================================================================================
----------------- testing Sun Jul 22 01:50:09 UTC 2018 /home/travis/build/icyphy/ptII/ptolemy/domains/sdf/test/auto/relationGroup4.xml
----------------- Instantiating /home/travis/build/icyphy/ptII/ptolemy/domains/sdf/test/auto/relationGroup4.xml
6 ms. Memory: 875008K Free: 153588K (18%)
----------------- Invoking toplevel() on ptolemy.moml.MoMLSimpleApplication@1bec214f
----------------- Done invoking toplevel() on ptolemy.moml.MoMLSimpleApplication@1bec214f
reloadAllAccessors: .relationGroup4

===========================================================================================
----------------- testing Sun Jul 22 01:50:09 UTC 2018 /home/travis/build/icyphy/ptII/ptolemy/domains/sdf/test/auto/relationGroup5.xml
----------------- Instantiating /home/travis/build/icyphy/ptII/ptolemy/domains/sdf/test/auto/relationGroup5.xml
4 ms. Memory: 875008K Free: 134739K (15%)
----------------- Invoking toplevel() on ptolemy.moml.MoMLSimpleApplication@421eb4ef
----------------- Done invoking toplevel() on ptolemy.moml.MoMLSimpleApplication@421eb4ef
reloadAllAccessors: .relationGroup5

===========================================================================================
----------------- testing Sun Jul 22 01:50:09 UTC 2018 /home/travis/build/icyphy/ptII/ptolemy/domains/sdf/test/auto/relationGroup6.xml
----------------- Instantiating /home/travis/build/icyphy/ptII/ptolemy/domains/sdf/test/auto/relationGroup6.xml
5 ms. Memory: 875008K Free: 119020K (14%)
----------------- Invoking toplevel() on ptolemy.moml.MoMLSimpleApplication@95f40d9
----------------- Done invoking toplevel() on ptolemy.moml.MoMLSimpleApplication@95f40d9
reloadAllAccessors: .relationGroup6

===========================================================================================
----------------- testing Sun Jul 22 01:50:09 UTC 2018 /home/travis/build/icyphy/ptII/ptolemy/domains/sdf/test/auto/relationGroup7.xml
----------------- Instantiating /home/travis/build/icyphy/ptII/ptolemy/domains/sdf/test/auto/relationGroup7.xml
3 ms. Memory: 875008K Free: 103302K (12%)
----------------- Invoking toplevel() on ptolemy.moml.MoMLSimpleApplication@46b0a8d6
----------------- Done invoking toplevel() on ptolemy.moml.MoMLSimpleApplication@46b0a8d6
reloadAllAccessors: .relationGroup7

===========================================================================================
----------------- testing Sun Jul 22 01:50:09 UTC 2018 /home/travis/build/icyphy/ptII/ptolemy/domains/sdf/test/auto/relationGroup8.xml
----------------- Instantiating /home/travis/build/icyphy/ptII/ptolemy/domains/sdf/test/auto/relationGroup8.xml
2 ms. Memory: 875008K Free: 87584K (10%)
----------------- Invoking toplevel() on ptolemy.moml.MoMLSimpleApplication@56f87bc4
----------------- Done invoking toplevel() on ptolemy.moml.MoMLSimpleApplication@56f87bc4
reloadAllAccessors: .relationGroup8

===========================================================================================
----------------- testing Sun Jul 22 01:50:09 UTC 2018 /home/travis/build/icyphy/ptII/ptolemy/domains/sdf/test/auto/relationGroup9.xml
----------------- Instantiating /home/travis/build/icyphy/ptII/ptolemy/domains/sdf/test/auto/relationGroup9.xml
7 ms. Memory: 875008K Free: 77163K (9%)
----------------- Invoking toplevel() on ptolemy.moml.MoMLSimpleApplication@67209bd3
----------------- Done invoking toplevel() on ptolemy.moml.MoMLSimpleApplication@67209bd3
reloadAllAccessors: .relationGroup9

===========================================================================================
----------------- testing Sun Jul 22 01:50:09 UTC 2018 /home/travis/build/icyphy/ptII/ptolemy/domains/sdf/test/auto/sdf_inside_de.xml
----------------- Instantiating /home/travis/build/icyphy/ptII/ptolemy/domains/sdf/test/auto/sdf_inside_de.xml
12 ms. Memory: 830464K Free: 795304K (96%)
----------------- Invoking toplevel() on ptolemy.moml.MoMLSimpleApplication@704167e5
----------------- Done invoking toplevel() on ptolemy.moml.MoMLSimpleApplication@704167e5
reloadAllAccessors: .sdf_inside_de

===========================================================================================
----------------- testing Sun Jul 22 01:50:09 UTC 2018 /home/travis/build/icyphy/ptII/ptolemy/domains/sdf/test/auto/sdf_inside_pn.xml
----------------- Instantiating /home/travis/build/icyphy/ptII/ptolemy/domains/sdf/test/auto/sdf_inside_pn.xml
32 ms. Memory: 830464K Free: 740893K (89%)
----------------- Invoking toplevel() on ptolemy.moml.MoMLSimpleApplication@d497b49
----------------- Done invoking toplevel() on ptolemy.moml.MoMLSimpleApplication@d497b49
reloadAllAccessors: .sdf_inside_pn

===========================================================================================
----------------- testing Sun Jul 22 01:50:09 UTC 2018 /home/travis/build/icyphy/ptII/ptolemy/domains/sdf/test/auto/sdf_sdf1.xml
----------------- Instantiating /home/travis/build/icyphy/ptII/ptolemy/domains/sdf/test/auto/sdf_sdf1.xml
4 ms. Memory: 830464K Free: 725922K (87%)
----------------- Invoking toplevel() on ptolemy.moml.MoMLSimpleApplication@a7d682e
----------------- Done invoking toplevel() on ptolemy.moml.MoMLSimpleApplication@a7d682e
reloadAllAccessors: .sdf_sdf1

===========================================================================================
----------------- testing Sun Jul 22 01:50:09 UTC 2018 /home/travis/build/icyphy/ptII/ptolemy/domains/sdf/test/auto/test1.xml
----------------- Instantiating /home/travis/build/icyphy/ptII/ptolemy/domains/sdf/test/auto/test1.xml
5 ms. Memory: 830464K Free: 710951K (86%)
----------------- Invoking toplevel() on ptolemy.moml.MoMLSimpleApplication@4a2695c3
----------------- Done invoking toplevel() on ptolemy.moml.MoMLSimpleApplication@4a2695c3
reloadAllAccessors: .test1

===========================================================================================
----------------- testing Sun Jul 22 01:50:09 UTC 2018 /home/travis/build/icyphy/ptII/ptolemy/domains/sdf/test/auto/time1.xml
----------------- Instantiating /home/travis/build/icyphy/ptII/ptolemy/domains/sdf/test/auto/time1.xml
2 ms. Memory: 830464K Free: 695980K (84%)
----------------- Invoking toplevel() on ptolemy.moml.MoMLSimpleApplication@6a884b85
----------------- Done invoking toplevel() on ptolemy.moml.MoMLSimpleApplication@6a884b85
reloadAllAccessors: .time1

===========================================================================================
----------------- testing Sun Jul 22 01:50:09 UTC 2018 /home/travis/build/icyphy/ptII/ptolemy/domains/sdf/test/auto/time2.xml
----------------- Instantiating /home/travis/build/icyphy/ptII/ptolemy/domains/sdf/test/auto/time2.xml
2 ms. Memory: 830464K Free: 681009K (82%)
----------------- Invoking toplevel() on ptolemy.moml.MoMLSimpleApplication@eedd999
----------------- Done invoking toplevel() on ptolemy.moml.MoMLSimpleApplication@eedd999
reloadAllAccessors: .time2

===========================================================================================
----------------- testing Sun Jul 22 01:50:09 UTC 2018 /home/travis/build/icyphy/ptII/ptolemy/domains/sdf/test/auto/time3.xml
----------------- Instantiating /home/travis/build/icyphy/ptII/ptolemy/domains/sdf/test/auto/time3.xml
8 ms. Memory: 830464K Free: 664025K (80%)
----------------- Invoking toplevel() on ptolemy.moml.MoMLSimpleApplication@164d3126
----------------- Done invoking toplevel() on ptolemy.moml.MoMLSimpleApplication@164d3126
reloadAllAccessors: .time3

===========================================================================================
----------------- testing Sun Jul 22 01:50:09 UTC 2018 /home/travis/build/icyphy/ptII/ptolemy/domains/sdf/test/auto/time4.xml
----------------- Instantiating /home/travis/build/icyphy/ptII/ptolemy/domains/sdf/test/auto/time4.xml
6 ms. Memory: 830464K Free: 649054K (78%)
----------------- Invoking toplevel() on ptolemy.moml.MoMLSimpleApplication@5f301c09
----------------- Done invoking toplevel() on ptolemy.moml.MoMLSimpleApplication@5f301c09
reloadAllAccessors: .time4

===========================================================================================
----------------- testing Sun Jul 22 01:50:09 UTC 2018 /home/travis/build/icyphy/ptII/ptolemy/domains/sdf/test/auto/time5.xml
----------------- Instantiating /home/travis/build/icyphy/ptII/ptolemy/domains/sdf/test/auto/time5.xml
4003 ms. Memory: 830464K Free: 634083K (76%)
----------------- Invoking toplevel() on ptolemy.moml.MoMLSimpleApplication@73c22dee
----------------- Done invoking toplevel() on ptolemy.moml.MoMLSimpleApplication@73c22dee
reloadAllAccessors: .time5

===========================================================================================
----------------- testing Sun Jul 22 01:50:13 UTC 2018 /home/travis/build/icyphy/ptII/ptolemy/domains/sdf/test/auto/typeSystem_Const_Integer_smallest_Type.xml
----------------- Instantiating /home/travis/build/icyphy/ptII/ptolemy/domains/sdf/test/auto/typeSystem_Const_Integer_smallest_Type.xml
3 ms. Memory: 830464K Free: 619112K (75%)
----------------- Invoking toplevel() on ptolemy.moml.MoMLSimpleApplication@20abf7c0
----------------- Done invoking toplevel() on ptolemy.moml.MoMLSimpleApplication@20abf7c0
reloadAllAccessors: .typeSystem_Const_Integer_smallest_Type

===========================================================================================
----------------- testing Sun Jul 22 01:50:13 UTC 2018 /home/travis/build/icyphy/ptII/ptolemy/domains/sdf/test/auto/typeSystem_declared_Inports_OutportTypeException.xml
----------------- Instantiating /home/travis/build/icyphy/ptII/ptolemy/domains/sdf/test/auto/typeSystem_declared_Inports_OutportTypeException.xml
.typeSystem_declared_Inports_OutportTypeException.TestExceptionAttribute: initialize() was not invoked, but wrapup() was.  This is unusual, but not always a problem.  For example, exporting JNLP will do this.
2 ms. Memory: 830464K Free: 604141K (73%)
----------------- Invoking toplevel() on ptolemy.moml.MoMLSimpleApplication@bf3b48c
----------------- Done invoking toplevel() on ptolemy.moml.MoMLSimpleApplication@bf3b48c
reloadAllAccessors: .typeSystem_declared_Inports_OutportTypeException

===========================================================================================
----------------- testing Sun Jul 22 01:50:13 UTC 2018 /home/travis/build/icyphy/ptII/ptolemy/domains/sdf/test/auto/typeSystem_oneDeclaredInportType_wrongTypeOutport.xml
----------------- Instantiating /home/travis/build/icyphy/ptII/ptolemy/domains/sdf/test/auto/typeSystem_oneDeclaredInportType_wrongTypeOutport.xml
3 ms. Memory: 830464K Free: 587157K (71%)
----------------- Invoking toplevel() on ptolemy.moml.MoMLSimpleApplication@5135268b
----------------- Done invoking toplevel() on ptolemy.moml.MoMLSimpleApplication@5135268b
reloadAllAccessors: .typeSystem_oneDeclaredInportType_wrongTypeOutport

===========================================================================================
----------------- testing Sun Jul 22 01:50:13 UTC 2018 /home/travis/build/icyphy/ptII/ptolemy/domains/sdf/test/auto/width.xml
----------------- Instantiating /home/travis/build/icyphy/ptII/ptolemy/domains/sdf/test/auto/width.xml
1 ms. Memory: 830464K Free: 572187K (69%)
----------------- Invoking toplevel() on ptolemy.moml.MoMLSimpleApplication@9e2951
----------------- Done invoking toplevel() on ptolemy.moml.MoMLSimpleApplication@9e2951
reloadAllAccessors: .width

===========================================================================================
----------------- testing Sun Jul 22 01:50:13 UTC 2018 /home/travis/build/icyphy/ptII/ptolemy/domains/sdf/test/auto/width2.xml
----------------- Instantiating /home/travis/build/icyphy/ptII/ptolemy/domains/sdf/test/auto/width2.xml
31 ms. Memory: 830464K Free: 557216K (67%)
----------------- Invoking toplevel() on ptolemy.moml.MoMLSimpleApplication@355ceff5
----------------- Done invoking toplevel() on ptolemy.moml.MoMLSimpleApplication@355ceff5
reloadAllAccessors: .width2

===========================================================================================
----------------- testing Sun Jul 22 01:50:13 UTC 2018 /home/travis/build/icyphy/ptII/ptolemy/domains/sdf/test/auto/width3.xml
----------------- Instantiating /home/travis/build/icyphy/ptII/ptolemy/domains/sdf/test/auto/width3.xml
29 ms. Memory: 830464K Free: 542245K (65%)
----------------- Invoking toplevel() on ptolemy.moml.MoMLSimpleApplication@4ad5295e
----------------- Done invoking toplevel() on ptolemy.moml.MoMLSimpleApplication@4ad5295e
reloadAllAccessors: .width3
AutoTests.java: About to close Vertx.
AutoTests.java: Vertx closed.
]]></system-out>
  <system-err><![CDATA[java.lang.RuntimeException: Execution failed
	at ptolemy.moml.MoMLSimpleApplication$UnloadThread.run(MoMLSimpleApplication.java:402)
Caused by: ptolemy.actor.sched.NotSchedulableException: No solution exists for the balance equations.
Graph is not consistent under the SDF domain detected on external port .rateConsistency.actor.port2
  in .rateConsistency.SDF Director.Scheduler
	at ptolemy.domains.sdf.kernel.SDFScheduler._propagatePort(SDFScheduler.java:1425)
	at ptolemy.domains.sdf.kernel.SDFScheduler._solveBalanceEquations(SDFScheduler.java:710)
	at ptolemy.domains.sdf.kernel.SDFScheduler._getSchedule(SDFScheduler.java:566)
	at ptolemy.actor.sched.Scheduler.getSchedule(Scheduler.java:189)
	at ptolemy.domains.sdf.kernel.SDFDirector.createSchedule(SDFDirector.java:408)
	at ptolemy.domains.sdf.kernel.SDFDirector.preinitialize(SDFDirector.java:764)
	at ptolemy.actor.CompositeActor.preinitialize(CompositeActor.java:1828)
	at ptolemy.actor.Manager.preinitializeAndResolveTypes(Manager.java:1040)
	at ptolemy.actor.Manager.initialize(Manager.java:710)
	at ptolemy.actor.Manager.execute(Manager.java:356)
	at ptolemy.actor.Manager.run(Manager.java:1263)
	at ptolemy.actor.Manager$PtolemyRunThread.run(Manager.java:1915)
java.lang.RuntimeException: Execution failed
	at ptolemy.moml.MoMLSimpleApplication$UnloadThread.run(MoMLSimpleApplication.java:402)
Caused by: ptolemy.kernel.util.IllegalActionException: Failed to compute schedule:
  in .badRateChanges.typed composite actor.SDF Director
Because:
The SDF rate parameter may change. This is not allowed in SDF models that will be run through the code generator.  If you don't care about code generation, then you might consider setting the allowRateChanges parameter of the SDF director to false.
  in .badRateChanges.typed composite actor.Repeat.output.tokenProductionRate
	at ptolemy.domains.sdf.kernel.SDFDirector.createSchedule(SDFDirector.java:418)
	at ptolemy.domains.sdf.kernel.SDFDirector.preinitialize(SDFDirector.java:764)
	at ptolemy.actor.CompositeActor.preinitialize(CompositeActor.java:1828)
	at ptolemy.actor.Director.preinitialize(Director.java:1302)
	at ptolemy.actor.Director.preinitialize(Director.java:1257)
	at ptolemy.domains.sdf.kernel.SDFDirector.preinitialize(SDFDirector.java:763)
	at ptolemy.actor.CompositeActor.preinitialize(CompositeActor.java:1828)
	at ptolemy.actor.Manager.preinitializeAndResolveTypes(Manager.java:1040)
	at ptolemy.actor.Manager.initialize(Manager.java:710)
	at ptolemy.actor.Manager.execute(Manager.java:356)
	at ptolemy.actor.Manager.run(Manager.java:1263)
	at ptolemy.actor.Manager$PtolemyRunThread.run(Manager.java:1915)
Caused by: ptolemy.kernel.util.IllegalActionException: The SDF rate parameter may change. This is not allowed in SDF models that will be run through the code generator.  If you don't care about code generation, then you might consider setting the allowRateChanges parameter of the SDF director to false.
  in .badRateChanges.typed composite actor.Repeat.output.tokenProductionRate
	at ptolemy.domains.sdf.kernel.SDFScheduler._assertDynamicRateVariable(SDFScheduler.java:931)
	at ptolemy.domains.sdf.kernel.SDFScheduler._checkDynamicRateVariables(SDFScheduler.java:339)
	at ptolemy.domains.sdf.kernel.SDFScheduler._getSchedule(SDFScheduler.java:527)
	at ptolemy.actor.sched.Scheduler.getSchedule(Scheduler.java:189)
	at ptolemy.domains.sdf.kernel.SDFDirector.createSchedule(SDFDirector.java:408)
	... 11 more
java.lang.RuntimeException: Execution failed
	at ptolemy.moml.MoMLSimpleApplication$UnloadThread.run(MoMLSimpleApplication.java:402)
Caused by: ptolemy.kernel.util.IllegalActionException: Failed to compute schedule:
  in .badRateChanges2.typed composite actor.SDF Director
Because:
The SDF rate parameter may change. This is not allowed in SDF models that will be run through the code generator.  If you don't care about code generation, then you might consider setting the allowRateChanges parameter of the SDF director to false.
  in .badRateChanges2.typed composite actor.Repeat.output.tokenProductionRate
	at ptolemy.domains.sdf.kernel.SDFDirector.createSchedule(SDFDirector.java:418)
	at ptolemy.domains.sdf.kernel.SDFDirector.preinitialize(SDFDirector.java:764)
	at ptolemy.actor.CompositeActor.preinitialize(CompositeActor.java:1828)
	at ptolemy.actor.Director.preinitialize(Director.java:1302)
	at ptolemy.actor.Director.preinitialize(Director.java:1257)
	at ptolemy.domains.sdf.kernel.SDFDirector.preinitialize(SDFDirector.java:763)
	at ptolemy.actor.CompositeActor.preinitialize(CompositeActor.java:1828)
	at ptolemy.actor.Manager.preinitializeAndResolveTypes(Manager.java:1040)
	at ptolemy.actor.Manager.initialize(Manager.java:710)
	at ptolemy.actor.Manager.execute(Manager.java:356)
	at ptolemy.actor.Manager.run(Manager.java:1263)
	at ptolemy.actor.Manager$PtolemyRunThread.run(Manager.java:1915)
Caused by: ptolemy.kernel.util.IllegalActionException: The SDF rate parameter may change. This is not allowed in SDF models that will be run through the code generator.  If you don't care about code generation, then you might consider setting the allowRateChanges parameter of the SDF director to false.
  in .badRateChanges2.typed composite actor.Repeat.output.tokenProductionRate
	at ptolemy.domains.sdf.kernel.SDFScheduler._assertDynamicRateVariable(SDFScheduler.java:931)
	at ptolemy.domains.sdf.kernel.SDFScheduler._checkDynamicRateVariables(SDFScheduler.java:339)
	at ptolemy.domains.sdf.kernel.SDFScheduler._getSchedule(SDFScheduler.java:527)
	at ptolemy.actor.sched.Scheduler.getSchedule(Scheduler.java:189)
	at ptolemy.domains.sdf.kernel.SDFDirector.createSchedule(SDFDirector.java:408)
	... 11 more
java.lang.RuntimeException: Execution failed
	at ptolemy.moml.MoMLSimpleApplication$UnloadThread.run(MoMLSimpleApplication.java:402)
Caused by: ptolemy.actor.sched.NotSchedulableException: Actors remain that cannot be scheduled!

There are several possible reasons:
* SDF Graphs with feedback loops should have an actor with a delay in the loop, such as a SampleDelay.
* The SDF director has an "allowDisconnectedGraphs"parameter, which, when true, permits disconnected SDF graphs.
* The token consumption rate and production rates might be mismatched.
Usually, actors produce one token or consume one token on a port.  To produce or consume multiple tokens per firing, add a "tokenConsumptionRate" or "tokenProductionRate" parameter to the appropriate port.
Unscheduled actors:
.partiallyConnected.Const2 
Scheduled actors:
.partiallyConnected.Const 
  in .partiallyConnected.SDF Director.Scheduler
	at ptolemy.domains.sdf.kernel.SDFScheduler._scheduleConnectedActors(SDFScheduler.java:1828)
	at ptolemy.domains.sdf.kernel.SDFScheduler._getSchedule(SDFScheduler.java:587)
	at ptolemy.actor.sched.Scheduler.getSchedule(Scheduler.java:189)
	at ptolemy.domains.sdf.kernel.SDFDirector.createSchedule(SDFDirector.java:408)
	at ptolemy.domains.sdf.kernel.SDFDirector.preinitialize(SDFDirector.java:764)
	at ptolemy.actor.CompositeActor.preinitialize(CompositeActor.java:1828)
	at ptolemy.actor.Manager.preinitializeAndResolveTypes(Manager.java:1040)
	at ptolemy.actor.Manager.initialize(Manager.java:710)
	at ptolemy.actor.Manager.execute(Manager.java:356)
	at ptolemy.actor.Manager.run(Manager.java:1263)
	at ptolemy.actor.Manager$PtolemyRunThread.run(Manager.java:1915)
]]></system-err>
</testsuite>
