<?xml version="1.0" encoding="UTF-8" ?>
<testsuite errors="0" failures="0" hostname="travis-job-494b7945-1bc6-4da0-b0e9-bf4cd202cd15" name="ptolemy.domains.de.test.junit.JUnitTclTest" skipped="0" tests="101" time="130.021" timestamp="2019-06-03T16:18:41">
  <properties>
[...]
</properties>
  <testcase classname="ptolemy.util.test.junit.TclTests" name="[0] /home/travis/build/icyphy/ptII/ptolemy/domains/de/test/DependencyLoop.tcl (RunTclFile)" time="0.75" />
  <testcase classname="ptolemy.util.test.junit.TclTests" name="[1] /home/travis/build/icyphy/ptII/ptolemy/domains/de/test/RunDETestsAsQSS.tcl (RunTclFile)" time="89.405" />
  <testcase classname="ptolemy.util.test.junit.AutoKnownFailedTests" name="[0] /home/travis/build/icyphy/ptII/ptolemy/domains/de/test/auto/knownFailedTests/DESDFClockTest.xml (RunModel)" time="2.032" />
  <testcase classname="ptolemy.util.test.junit.AutoKnownFailedTests" name="[1] /home/travis/build/icyphy/ptII/ptolemy/domains/de/test/auto/knownFailedTests/DirectFeedback.xml (RunModel)" time="0.014" />
  <testcase classname="ptolemy.util.test.junit.AutoKnownFailedTests" name="[2] /home/travis/build/icyphy/ptII/ptolemy/domains/de/test/auto/knownFailedTests/FSMSource.xml (RunModel)" time="0.018" />
  <testcase classname="ptolemy.util.test.junit.AutoKnownFailedTests" name="[3] /home/travis/build/icyphy/ptII/ptolemy/domains/de/test/auto/knownFailedTests/HierarchicalModel.xml (RunModel)" time="0.027" />
  <testcase classname="ptolemy.util.test.junit.AutoKnownFailedTests" name="[4] /home/travis/build/icyphy/ptII/ptolemy/domains/de/test/auto/knownFailedTests/dependencyLoop.xml (RunModel)" time="0.022" />
  <testcase classname="ptolemy.util.test.junit.AutoKnownFailedTests" name="[5] /home/travis/build/icyphy/ptII/ptolemy/domains/de/test/auto/knownFailedTests/dependencyLoop2.xml (RunModel)" time="0.032" />
  <testcase classname="ptolemy.util.test.junit.AutoNameArchTests" name="[0] ThereAreNoAutoArchTests (RunModel)" time="0.001" />
  <testcase classname="ptolemy.util.test.junit.AutoTests" name="[0] /home/travis/build/icyphy/ptII/ptolemy/domains/de/test/auto/ActorDepthCalculation_actorWithoutPorts.xml (RunModel)" time="0.013" />
  <testcase classname="ptolemy.util.test.junit.AutoTests" name="[1] /home/travis/build/icyphy/ptII/ptolemy/domains/de/test/auto/AssemblyLine.xml (RunModel)" time="0.015" />
  <testcase classname="ptolemy.util.test.junit.AutoTests" name="[2] /home/travis/build/icyphy/ptII/ptolemy/domains/de/test/auto/CQBug1.xml (RunModel)" time="0.01" />
  <testcase classname="ptolemy.util.test.junit.AutoTests" name="[3] /home/travis/build/icyphy/ptII/ptolemy/domains/de/test/auto/CancelFireAt.xml (RunModel)" time="0.006" />
  <testcase classname="ptolemy.util.test.junit.AutoTests" name="[4] /home/travis/build/icyphy/ptII/ptolemy/domains/de/test/auto/CausalityAndComposabilityAnalysis.xml (RunModel)" time="0.008" />
  <testcase classname="ptolemy.util.test.junit.AutoTests" name="[5] /home/travis/build/icyphy/ptII/ptolemy/domains/de/test/auto/CausalityInterface1.xml (RunModel)" time="0.01" />
  <testcase classname="ptolemy.util.test.junit.AutoTests" name="[6] /home/travis/build/icyphy/ptII/ptolemy/domains/de/test/auto/CausalityInterface15.xml (RunModel)" time="0.017" />
  <testcase classname="ptolemy.util.test.junit.AutoTests" name="[7] /home/travis/build/icyphy/ptII/ptolemy/domains/de/test/auto/CausalityInterface2.xml (RunModel)" time="0.01" />
  <testcase classname="ptolemy.util.test.junit.AutoTests" name="[8] /home/travis/build/icyphy/ptII/ptolemy/domains/de/test/auto/CausalityInterface3.xml (RunModel)" time="0.011" />
  <testcase classname="ptolemy.util.test.junit.AutoTests" name="[9] /home/travis/build/icyphy/ptII/ptolemy/domains/de/test/auto/ClockDrift.xml (RunModel)" time="0.034" />
  <testcase classname="ptolemy.util.test.junit.AutoTests" name="[10] /home/travis/build/icyphy/ptII/ptolemy/domains/de/test/auto/ClockDriftAndValueChange.xml (RunModel)" time="0.03" />
  <testcase classname="ptolemy.util.test.junit.AutoTests" name="[11] /home/travis/build/icyphy/ptII/ptolemy/domains/de/test/auto/ClockDriftChange.xml (RunModel)" time="0.032" />
  <testcase classname="ptolemy.util.test.junit.AutoTests" name="[12] /home/travis/build/icyphy/ptII/ptolemy/domains/de/test/auto/ComposableCausalityAnalysis.xml (RunModel)" time="0.013" />
  <testcase classname="ptolemy.util.test.junit.AutoTests" name="[13] /home/travis/build/icyphy/ptII/ptolemy/domains/de/test/auto/DEFixedPointLimitation.xml (RunModel)" time="0.009" />
  <testcase classname="ptolemy.util.test.junit.AutoTests" name="[14] /home/travis/build/icyphy/ptII/ptolemy/domains/de/test/auto/DEScheduleTest.xml (RunModel)" time="0.034" />
  <testcase classname="ptolemy.util.test.junit.AutoTests" name="[15] /home/travis/build/icyphy/ptII/ptolemy/domains/de/test/auto/DEinDEwithStartTimes.xml (RunModel)" time="0.016" />
  <testcase classname="ptolemy.util.test.junit.AutoTests" name="[16] /home/travis/build/icyphy/ptII/ptolemy/domains/de/test/auto/DEinDEwithStartTimes2.xml (RunModel)" time="0.012" />
  <testcase classname="ptolemy.util.test.junit.AutoTests" name="[17] /home/travis/build/icyphy/ptII/ptolemy/domains/de/test/auto/DateDemo.xml (RunModel)" time="0.026" />
  <testcase classname="ptolemy.util.test.junit.AutoTests" name="[18] /home/travis/build/icyphy/ptII/ptolemy/domains/de/test/auto/DateToEvent.xml (RunModel)" time="2.035" />
  <testcase classname="ptolemy.util.test.junit.AutoTests" name="[19] /home/travis/build/icyphy/ptII/ptolemy/domains/de/test/auto/DepthTest1.xml (RunModel)" time="0.007" />
  <testcase classname="ptolemy.util.test.junit.AutoTests" name="[20] /home/travis/build/icyphy/ptII/ptolemy/domains/de/test/auto/DepthTest2.xml (RunModel)" time="0.016" />
  <testcase classname="ptolemy.util.test.junit.AutoTests" name="[21] /home/travis/build/icyphy/ptII/ptolemy/domains/de/test/auto/DepthTest3.xml (RunModel)" time="0.006" />
  <testcase classname="ptolemy.util.test.junit.AutoTests" name="[22] /home/travis/build/icyphy/ptII/ptolemy/domains/de/test/auto/DepthTest4.xml (RunModel)" time="0.012" />
  <testcase classname="ptolemy.util.test.junit.AutoTests" name="[23] /home/travis/build/icyphy/ptII/ptolemy/domains/de/test/auto/DepthTest5.xml (RunModel)" time="0.013" />
  <testcase classname="ptolemy.util.test.junit.AutoTests" name="[24] /home/travis/build/icyphy/ptII/ptolemy/domains/de/test/auto/DepthTest6.xml (RunModel)" time="0.013" />
  <testcase classname="ptolemy.util.test.junit.AutoTests" name="[25] /home/travis/build/icyphy/ptII/ptolemy/domains/de/test/auto/DepthTest7.xml (RunModel)" time="0.012" />
  <testcase classname="ptolemy.util.test.junit.AutoTests" name="[26] /home/travis/build/icyphy/ptII/ptolemy/domains/de/test/auto/EventToDate.xml (RunModel)" time="3.034" />
  <testcase classname="ptolemy.util.test.junit.AutoTests" name="[27] /home/travis/build/icyphy/ptII/ptolemy/domains/de/test/auto/FSM1.xml (RunModel)" time="0.034" />
  <testcase classname="ptolemy.util.test.junit.AutoTests" name="[28] /home/travis/build/icyphy/ptII/ptolemy/domains/de/test/auto/FSM7.xml (RunModel)" time="0.03" />
  <testcase classname="ptolemy.util.test.junit.AutoTests" name="[29] /home/travis/build/icyphy/ptII/ptolemy/domains/de/test/auto/Inspection.xml (RunModel)" time="0.04" />
  <testcase classname="ptolemy.util.test.junit.AutoTests" name="[30] /home/travis/build/icyphy/ptII/ptolemy/domains/de/test/auto/Iteration.xml (RunModel)" time="0.018" />
  <testcase classname="ptolemy.util.test.junit.AutoTests" name="[31] /home/travis/build/icyphy/ptII/ptolemy/domains/de/test/auto/LineFault.xml (RunModel)" time="0.523" />
  <testcase classname="ptolemy.util.test.junit.AutoTests" name="[32] /home/travis/build/icyphy/ptII/ptolemy/domains/de/test/auto/MergeModel1Add.xml (RunModel)" time="0.04" />
  <testcase classname="ptolemy.util.test.junit.AutoTests" name="[33] /home/travis/build/icyphy/ptII/ptolemy/domains/de/test/auto/MergeModel2Add.xml (RunModel)" time="0.033" />
  <testcase classname="ptolemy.util.test.junit.AutoTests" name="[34] /home/travis/build/icyphy/ptII/ptolemy/domains/de/test/auto/MergeModel3Add.xml (RunModel)" time="0.033" />
  <testcase classname="ptolemy.util.test.junit.AutoTests" name="[35] /home/travis/build/icyphy/ptII/ptolemy/domains/de/test/auto/MergeWithoutDiscard.xml (RunModel)" time="0.009" />
  <testcase classname="ptolemy.util.test.junit.AutoTests" name="[36] /home/travis/build/icyphy/ptII/ptolemy/domains/de/test/auto/Modal1.xml (RunModel)" time="0.029" />
  <testcase classname="ptolemy.util.test.junit.AutoTests" name="[37] /home/travis/build/icyphy/ptII/ptolemy/domains/de/test/auto/Modal2.xml (RunModel)" time="0.031" />
  <testcase classname="ptolemy.util.test.junit.AutoTests" name="[38] /home/travis/build/icyphy/ptII/ptolemy/domains/de/test/auto/Modal3.xml (RunModel)" time="0.028" />
  <testcase classname="ptolemy.util.test.junit.AutoTests" name="[39] /home/travis/build/icyphy/ptII/ptolemy/domains/de/test/auto/Modal4.xml (RunModel)" time="0.031" />
  <testcase classname="ptolemy.util.test.junit.AutoTests" name="[40] /home/travis/build/icyphy/ptII/ptolemy/domains/de/test/auto/Modal5.xml (RunModel)" time="0.03" />
  <testcase classname="ptolemy.util.test.junit.AutoTests" name="[41] /home/travis/build/icyphy/ptII/ptolemy/domains/de/test/auto/Modal6.xml (RunModel)" time="0.03" />
  <testcase classname="ptolemy.util.test.junit.AutoTests" name="[42] /home/travis/build/icyphy/ptII/ptolemy/domains/de/test/auto/Modal7.xml (RunModel)" time="0.03" />
  <testcase classname="ptolemy.util.test.junit.AutoTests" name="[43] /home/travis/build/icyphy/ptII/ptolemy/domains/de/test/auto/ModalModel.xml (RunModel)" time="0.17" />
  <testcase classname="ptolemy.util.test.junit.AutoTests" name="[44] /home/travis/build/icyphy/ptII/ptolemy/domains/de/test/auto/ModalSource.xml (RunModel)" time="0.019" />
  <testcase classname="ptolemy.util.test.junit.AutoTests" name="[45] /home/travis/build/icyphy/ptII/ptolemy/domains/de/test/auto/NonInterruptibleTimerZeroDelay.xml (RunModel)" time="0.009" />
  <testcase classname="ptolemy.util.test.junit.AutoTests" name="[46] /home/travis/build/icyphy/ptII/ptolemy/domains/de/test/auto/OpenQueueingNetwork.xml (RunModel)" time="2.391" />
  <testcase classname="ptolemy.util.test.junit.AutoTests" name="[47] /home/travis/build/icyphy/ptII/ptolemy/domains/de/test/auto/OpenQueuingNetwork.xml (RunModel)" time="0.272" />
  <testcase classname="ptolemy.util.test.junit.AutoTests" name="[48] /home/travis/build/icyphy/ptII/ptolemy/domains/de/test/auto/PeriodicSampler.xml (RunModel)" time="0.007" />
  <testcase classname="ptolemy.util.test.junit.AutoTests" name="[49] /home/travis/build/icyphy/ptII/ptolemy/domains/de/test/auto/PersistentIO.xml (RunModel)" time="0.023" />
  <testcase classname="ptolemy.util.test.junit.AutoTests" name="[50] /home/travis/build/icyphy/ptII/ptolemy/domains/de/test/auto/PortParameterResetOnInitialize.xml (RunModel)" time="0.01" />
  <testcase classname="ptolemy.util.test.junit.AutoTests" name="[51] /home/travis/build/icyphy/ptII/ptolemy/domains/de/test/auto/PortParameterUpdates.xml (RunModel)" time="0.016" />
  <testcase classname="ptolemy.util.test.junit.AutoTests" name="[52] /home/travis/build/icyphy/ptII/ptolemy/domains/de/test/auto/QueueAndServer.xml (RunModel)" time="0.02" />
  <testcase classname="ptolemy.util.test.junit.AutoTests" name="[53] /home/travis/build/icyphy/ptII/ptolemy/domains/de/test/auto/Records.xml (RunModel)" time="0.013" />
  <testcase classname="ptolemy.util.test.junit.AutoTests" name="[54] /home/travis/build/icyphy/ptII/ptolemy/domains/de/test/auto/ResetTransitionWithStartTime1.xml (RunModel)" time="0.025" />
  <testcase classname="ptolemy.util.test.junit.AutoTests" name="[55] /home/travis/build/icyphy/ptII/ptolemy/domains/de/test/auto/ResetTransitionWithStartTime2.xml (RunModel)" time="0.017" />
  <testcase classname="ptolemy.util.test.junit.AutoTests" name="[56] /home/travis/build/icyphy/ptII/ptolemy/domains/de/test/auto/ResetTransitionWithStartTime3.xml (RunModel)" time="0.018" />
  <testcase classname="ptolemy.util.test.junit.AutoTests" name="[57] /home/travis/build/icyphy/ptII/ptolemy/domains/de/test/auto/ResetTransitionWithStartTime4.xml (RunModel)" time="0.016" />
  <testcase classname="ptolemy.util.test.junit.AutoTests" name="[58] /home/travis/build/icyphy/ptII/ptolemy/domains/de/test/auto/ResettableTimer1.xml (RunModel)" time="0.011" />
  <testcase classname="ptolemy.util.test.junit.AutoTests" name="[59] /home/travis/build/icyphy/ptII/ptolemy/domains/de/test/auto/ResettableTimer2.xml (RunModel)" time="0.009" />
  <testcase classname="ptolemy.util.test.junit.AutoTests" name="[60] /home/travis/build/icyphy/ptII/ptolemy/domains/de/test/auto/ResettableTimer3.xml (RunModel)" time="0.008" />
  <testcase classname="ptolemy.util.test.junit.AutoTests" name="[61] /home/travis/build/icyphy/ptII/ptolemy/domains/de/test/auto/ResettableTimer4.xml (RunModel)" time="0.008" />
  <testcase classname="ptolemy.util.test.junit.AutoTests" name="[62] /home/travis/build/icyphy/ptII/ptolemy/domains/de/test/auto/ResettableTimer5.xml (RunModel)" time="0.01" />
  <testcase classname="ptolemy.util.test.junit.AutoTests" name="[63] /home/travis/build/icyphy/ptII/ptolemy/domains/de/test/auto/ResettableTimer6.xml (RunModel)" time="0.01" />
  <testcase classname="ptolemy.util.test.junit.AutoTests" name="[64] /home/travis/build/icyphy/ptII/ptolemy/domains/de/test/auto/ServerZeroDelay.xml (RunModel)" time="0.01" />
  <testcase classname="ptolemy.util.test.junit.AutoTests" name="[65] /home/travis/build/icyphy/ptII/ptolemy/domains/de/test/auto/SmartSender.xml (RunModel)" time="3.008" />
  <testcase classname="ptolemy.util.test.junit.AutoTests" name="[66] /home/travis/build/icyphy/ptII/ptolemy/domains/de/test/auto/ThreadedComposite.xml (RunModel)" time="0.169" />
  <testcase classname="ptolemy.util.test.junit.AutoTests" name="[67] /home/travis/build/icyphy/ptII/ptolemy/domains/de/test/auto/Time.xml (RunModel)" time="0.46" />
  <testcase classname="ptolemy.util.test.junit.AutoTests" name="[68] /home/travis/build/icyphy/ptII/ptolemy/domains/de/test/auto/TimeDelayZeroDelay.xml (RunModel)" time="0.011" />
  <testcase classname="ptolemy.util.test.junit.AutoTests" name="[69] /home/travis/build/icyphy/ptII/ptolemy/domains/de/test/auto/TimerZeroDelay.xml (RunModel)" time="0.01" />
  <testcase classname="ptolemy.util.test.junit.AutoTests" name="[70] /home/travis/build/icyphy/ptII/ptolemy/domains/de/test/auto/TimingParadox.xml (RunModel)" time="0.354" />
  <testcase classname="ptolemy.util.test.junit.AutoTests" name="[71] /home/travis/build/icyphy/ptII/ptolemy/domains/de/test/auto/TransferInputs.xml (RunModel)" time="0.016" />
  <testcase classname="ptolemy.util.test.junit.AutoTests" name="[72] /home/travis/build/icyphy/ptII/ptolemy/domains/de/test/auto/TransferOutputs2.xml (RunModel)" time="0.015" />
  <testcase classname="ptolemy.util.test.junit.AutoTests" name="[73] /home/travis/build/icyphy/ptII/ptolemy/domains/de/test/auto/Trilateration.xml (RunModel)" time="11.488" />
  <testcase classname="ptolemy.util.test.junit.AutoTests" name="[74] /home/travis/build/icyphy/ptII/ptolemy/domains/de/test/auto/TwoSigmaDelta.xml (RunModel)" time="2.176" />
  <testcase classname="ptolemy.util.test.junit.AutoTests" name="[75] /home/travis/build/icyphy/ptII/ptolemy/domains/de/test/auto/VariableDelay.xml (RunModel)" time="0.01" />
  <testcase classname="ptolemy.util.test.junit.AutoTests" name="[76] /home/travis/build/icyphy/ptII/ptolemy/domains/de/test/auto/VariableDelay2.xml (RunModel)" time="0.011" />
  <testcase classname="ptolemy.util.test.junit.AutoTests" name="[77] /home/travis/build/icyphy/ptII/ptolemy/domains/de/test/auto/VariableDelayZeroDelay.xml (RunModel)" time="0.012" />
  <testcase classname="ptolemy.util.test.junit.AutoTests" name="[78] /home/travis/build/icyphy/ptII/ptolemy/domains/de/test/auto/VariableDelayZeroDelay2.xml (RunModel)" time="0.009" />
  <testcase classname="ptolemy.util.test.junit.AutoTests" name="[79] /home/travis/build/icyphy/ptII/ptolemy/domains/de/test/auto/deInCt.xml (RunModel)" time="0.013" />
  <testcase classname="ptolemy.util.test.junit.AutoTests" name="[80] /home/travis/build/icyphy/ptII/ptolemy/domains/de/test/auto/deInCt2.xml (RunModel)" time="0.013" />
  <testcase classname="ptolemy.util.test.junit.AutoTests" name="[81] /home/travis/build/icyphy/ptII/ptolemy/domains/de/test/auto/dynamicCausalityInterface1.xml (RunModel)" time="0.017" />
  <testcase classname="ptolemy.util.test.junit.AutoTests" name="[82] /home/travis/build/icyphy/ptII/ptolemy/domains/de/test/auto/fsm_de_test.xml (RunModel)" time="0.028" />
  <testcase classname="ptolemy.util.test.junit.AutoTests" name="[83] /home/travis/build/icyphy/ptII/ptolemy/domains/de/test/auto/functionDependencyReconstruction.xml (RunModel)" time="0.035" />
  <testcase classname="ptolemy.util.test.junit.AutoTests" name="[84] /home/travis/build/icyphy/ptII/ptolemy/domains/de/test/auto/multirate.xml (RunModel)" time="0.017" />
  <testcase classname="ptolemy.util.test.junit.AutoTests" name="[85] /home/travis/build/icyphy/ptII/ptolemy/domains/de/test/auto/multirate2.xml (RunModel)" time="0.023" />
  <testcase classname="ptolemy.util.test.junit.AutoTests" name="[86] /home/travis/build/icyphy/ptII/ptolemy/domains/de/test/auto/realtime.xml (RunModel)" time="10.011" />
  <testcase classname="ptolemy.util.test.junit.AutoTests" name="[87] /home/travis/build/icyphy/ptII/ptolemy/domains/de/test/auto/relationGroup.xml (RunModel)" time="0.007" />
  <testcase classname="ptolemy.util.test.junit.AutoTests" name="[88] /home/travis/build/icyphy/ptII/ptolemy/domains/de/test/auto/relationGroup2.xml (RunModel)" time="0.006" />
  <testcase classname="ptolemy.util.test.junit.AutoTests" name="[89] /home/travis/build/icyphy/ptII/ptolemy/domains/de/test/auto/sortWithOpaquePorts.xml (RunModel)" time="0.008" />
  <testcase classname="ptolemy.util.test.junit.AutoTests" name="[90] /home/travis/build/icyphy/ptII/ptolemy/domains/de/test/auto/transferInputsandOutputs.xml (RunModel)" time="0.014" />
  <testcase classname="ptolemy.util.test.junit.AutoTests" name="[91] /home/travis/build/icyphy/ptII/ptolemy/domains/de/test/auto/triggerType.xml (RunModel)" time="0.007" />
  <system-out><![CDATA[/home/travis/build/icyphy/ptII/ptolemy/domains/de/test/DependencyLoop.tcl
testDefs.tcl: setting time out to 9000 seconds at Mon Jun 03 16:18:42 UTC 2019
16 ms. Memory: 116224K Free: 97612K (84%)
28 ms. Memory: 146944K Free: 141214K (96%)
/home/travis/build/icyphy/ptII/ptolemy/domains/de/test/RunDETestsAsQSS.tcl
Run the DE tests using ptolemy.domains.qss.test.QSSDirectorTest, which extends QSSDirector and prints a message in the constructors.
------------------ testing $PTII/ptolemy/domains/de/test/auto/knownFailedTests/dependencyLoop.xml (Known Failure) 
7 ms. Memory: 146944K Free: 136969K (93%)


==== $PTIIhome/travis/build/icyphy/ptII/ptolemy/domains/de/test/../../../../: Auto Automatic test in file $PTII/ptolemy/domains/de/test/auto/knownFailedTests/dependencyLoop.xml
==== Contents of test case:

	    # FIXME: we should use $relativeFilename here, but it
	    # might have backslashes under Windows, which causes no end
	    # of trouble.
	    createAndExecute $file
	    list {}
	
.... Test generated KNOWN error:
    while executing
ptolemy.kernel.util.IllegalActionException: Found a zero delay loop containing .dependencyLoop.original
  in .dependencyLoop and .dependencyLoop.original
	at ptolemy.actor.util.CausalityInterfaceForComposites._computeOutputPortDepth(CausalityInterfaceForComposites.java:759)
	at ptolemy.actor.util.CausalityInterfaceForComposites._computeInputDepth(CausalityInterfaceForComposites.java:696)
	at ptolemy.actor.util.CausalityInterfaceForComposites._computeOutputPortDepth(CausalityInterfaceForComposites.java:765)
	at ptolemy.actor.util.CausalityInterfaceForComposites._computeInputDepth(CausalityInterfaceForComposites.java:696)
	at ptolemy.actor.util.CausalityInterfaceForComposites._computeOutputPortDepth(CausalityInterfaceForComposites.java:765)
	at ptolemy.actor.util.CausalityInterfaceForComposites._computeInputDepth(CausalityInterfaceForComposites.java:696)
	at ptolemy.actor.util.CausalityInterfaceForComposites._computeActorDepth(CausalityInterfaceForComposites.java:532)
	at ptolemy.actor.util.CausalityInterfaceForComposites.checkForCycles(CausalityInterfaceForComposites.java:96)
	at ptolemy.domains.de.kernel.DEDirector.preinitialize(DEDirector.java:1338)
	at ptolemy.actor.CompositeActor.preinitialize(CompositeActor.java:1828)
	at ptolemy.actor.Manager.preinitializeAndResolveTypes(Manager.java:1040)
	at ptolemy.actor.Manager.initialize(Manager.java:710)
	at ptolemy.actor.Manager.execute(Manager.java:356)
	at ptolemy.actor.Manager.run(Manager.java:1263)
	at ptolemy.actor.Manager$PtolemyRunThread.run(Manager.java:1915)

    while executing
ptolemy.kernel.util.IllegalActionException: Found a zero delay loop containing .dependencyLoop.original
  in .dependencyLoop and .dependencyLoop.original
    while executing
"java::new ptolemy.moml.MoMLSimpleApplication $file
"
    (procedure "createAndExecute" line 2)
    invoked from within
"createAndExecute $file"
    ("uplevel" body line 5)
    invoked from within
"uplevel $contents_of_test"
------------------ testing $PTII/ptolemy/domains/de/test/auto/knownFailedTests/DESDFClockTest.xml (Known Failure) 
2092 ms. Memory: 146944K Free: 121424K (83%)


==== $PTIIhome/travis/build/icyphy/ptII/ptolemy/domains/de/test/../../../../: Auto Automatic test in file $PTII/ptolemy/domains/de/test/auto/knownFailedTests/DESDFClockTest.xml
==== Contents of test case:

	    # FIXME: we should use $relativeFilename here, but it
	    # might have backslashes under Windows, which causes no end
	    # of trouble.
	    createAndExecute $file
	    list {}
	
.... Test generated KNOWN error:
    while executing
ptolemy.kernel.util.IllegalActionException: Actor is not ready to fire.  Perhaps UpSample.prefire() returned false? Try debugging the actor by selecting "Listen to Actor".  Also, for SDF check moml for tokenConsumptionRate on input.
  in .DESDFClockTest.Play Bell.Copy1:SDF Director and .DESDFClockTest.Play Bell.UpSample
	at ptolemy.actor.sched.StaticSchedulingDirector.fire(StaticSchedulingDirector.java:227)
	at ptolemy.domains.sdf.kernel.SDFDirector.fire(SDFDirector.java:500)
	at ptolemy.actor.CompositeActor.fire(CompositeActor.java:455)
	at ptolemy.domains.de.kernel.DEDirector._fire(DEDirector.java:1949)
	at ptolemy.domains.de.kernel.DEDirector.fire(DEDirector.java:502)
	at ptolemy.actor.CompositeActor.fire(CompositeActor.java:455)
	at ptolemy.actor.Manager.iterate(Manager.java:851)
	at ptolemy.actor.Manager.execute(Manager.java:369)
	at ptolemy.actor.Manager.run(Manager.java:1263)
	at ptolemy.actor.Manager$PtolemyRunThread.run(Manager.java:1915)

    while executing
ptolemy.kernel.util.IllegalActionException: Actor is not ready to fire.  Perhaps UpSample.prefire() returned false? Try debugging the actor by selecting "Listen to Actor".  Also, for SDF check moml for tokenConsumptionRate on input.
  in .DESDFClockTest.Play Bell.Copy1:SDF Director and .DESDFClockTest.Play Bell.UpSample
    while executing
"java::new ptolemy.moml.MoMLSimpleApplication $file
"
    (procedure "createAndExecute" line 2)
    invoked from within
"createAndExecute $file"
    ("uplevel" body line 5)
    invoked from within
"uplevel $contents_of_test"
------------------ testing $PTII/ptolemy/domains/de/test/auto/knownFailedTests/FSMSource.xml (Known Failure) 
38 ms. Memory: 146944K Free: 112578K (77%)
!!!! Auto was marked as failing, but now passes
------------------ testing $PTII/ptolemy/domains/de/test/auto/knownFailedTests/dependencyLoop2.xml (Known Failure) 
10 ms. Memory: 146944K Free: 110695K (75%)


==== $PTIIhome/travis/build/icyphy/ptII/ptolemy/domains/de/test/../../../../: Auto Automatic test in file $PTII/ptolemy/domains/de/test/auto/knownFailedTests/dependencyLoop2.xml
==== Contents of test case:

	    # FIXME: we should use $relativeFilename here, but it
	    # might have backslashes under Windows, which causes no end
	    # of trouble.
	    createAndExecute $file
	    list {}
	
.... Test generated KNOWN error:
    while executing
ptolemy.kernel.util.IllegalActionException: Found a zero delay loop containing .dependencyLoop2.original
  in .dependencyLoop2 and .dependencyLoop2.original
	at ptolemy.actor.util.CausalityInterfaceForComposites._computeOutputPortDepth(CausalityInterfaceForComposites.java:759)
	at ptolemy.actor.util.CausalityInterfaceForComposites._computeInputDepth(CausalityInterfaceForComposites.java:696)
	at ptolemy.actor.util.CausalityInterfaceForComposites._computeOutputPortDepth(CausalityInterfaceForComposites.java:765)
	at ptolemy.actor.util.CausalityInterfaceForComposites._computeInputDepth(CausalityInterfaceForComposites.java:696)
	at ptolemy.actor.util.CausalityInterfaceForComposites._computeOutputPortDepth(CausalityInterfaceForComposites.java:765)
	at ptolemy.actor.util.CausalityInterfaceForComposites._computeInputDepth(CausalityInterfaceForComposites.java:696)
	at ptolemy.actor.util.CausalityInterfaceForComposites._computeActorDepth(CausalityInterfaceForComposites.java:532)
	at ptolemy.actor.util.CausalityInterfaceForComposites.checkForCycles(CausalityInterfaceForComposites.java:96)
	at ptolemy.domains.de.kernel.DEDirector.preinitialize(DEDirector.java:1338)
	at ptolemy.actor.CompositeActor.preinitialize(CompositeActor.java:1828)
	at ptolemy.actor.Manager.preinitializeAndResolveTypes(Manager.java:1040)
	at ptolemy.actor.Manager.initialize(Manager.java:710)
	at ptolemy.actor.Manager.execute(Manager.java:356)
	at ptolemy.actor.Manager.run(Manager.java:1263)
	at ptolemy.actor.Manager$PtolemyRunThread.run(Manager.java:1915)

    while executing
ptolemy.kernel.util.IllegalActionException: Found a zero delay loop containing .dependencyLoop2.original
  in .dependencyLoop2 and .dependencyLoop2.original
    while executing
"java::new ptolemy.moml.MoMLSimpleApplication $file
"
    (procedure "createAndExecute" line 2)
    invoked from within
"createAndExecute $file"
    ("uplevel" body line 5)
    invoked from within
"uplevel $contents_of_test"
------------------ testing $PTII/ptolemy/domains/de/test/auto/knownFailedTests/HierarchicalModel.xml (Known Failure) 
8 ms. Memory: 146944K Free: 90590K (62%)


==== $PTIIhome/travis/build/icyphy/ptII/ptolemy/domains/de/test/../../../../: Auto Automatic test in file $PTII/ptolemy/domains/de/test/auto/knownFailedTests/HierarchicalModel.xml
==== Contents of test case:

	    # FIXME: we should use $relativeFilename here, but it
	    # might have backslashes under Windows, which causes no end
	    # of trouble.
	    createAndExecute $file
	    list {}
	
.... Test generated KNOWN error:
    while executing
ptolemy.kernel.util.IllegalActionException: Found a zero delay loop containing .HierarchicalModel.A
  in .HierarchicalModel and .HierarchicalModel.A
	at ptolemy.actor.util.CausalityInterfaceForComposites._computeOutputPortDepth(CausalityInterfaceForComposites.java:759)
	at ptolemy.actor.util.CausalityInterfaceForComposites._computeInputDepth(CausalityInterfaceForComposites.java:696)
	at ptolemy.actor.util.CausalityInterfaceForComposites._computeOutputPortDepth(CausalityInterfaceForComposites.java:765)
	at ptolemy.actor.util.CausalityInterfaceForComposites._computeInputDepth(CausalityInterfaceForComposites.java:696)
	at ptolemy.actor.util.CausalityInterfaceForComposites._computeOutputPortDepth(CausalityInterfaceForComposites.java:765)
	at ptolemy.actor.util.CausalityInterfaceForComposites._computeInputDepth(CausalityInterfaceForComposites.java:696)
	at ptolemy.actor.util.CausalityInterfaceForComposites._computeActorDepth(CausalityInterfaceForComposites.java:532)
	at ptolemy.actor.util.CausalityInterfaceForComposites.checkForCycles(CausalityInterfaceForComposites.java:96)
	at ptolemy.domains.de.kernel.DEDirector.preinitialize(DEDirector.java:1338)
	at ptolemy.actor.CompositeActor.preinitialize(CompositeActor.java:1828)
	at ptolemy.actor.Manager.preinitializeAndResolveTypes(Manager.java:1040)
	at ptolemy.actor.Manager.initialize(Manager.java:710)
	at ptolemy.actor.Manager.execute(Manager.java:356)
	at ptolemy.actor.Manager.run(Manager.java:1263)
	at ptolemy.actor.Manager$PtolemyRunThread.run(Manager.java:1915)

    while executing
ptolemy.kernel.util.IllegalActionException: Found a zero delay loop containing .HierarchicalModel.A
  in .HierarchicalModel and .HierarchicalModel.A
    while executing
"java::new ptolemy.moml.MoMLSimpleApplication $file
"
    (procedure "createAndExecute" line 2)
    invoked from within
"createAndExecute $file"
    ("uplevel" body line 5)
    invoked from within
"uplevel $contents_of_test"
------------------ testing $PTII/ptolemy/domains/de/test/auto/knownFailedTests/DirectFeedback.xml (Known Failure) 
6 ms. Memory: 146944K Free: 86482K (59%)


==== $PTIIhome/travis/build/icyphy/ptII/ptolemy/domains/de/test/../../../../: Auto Automatic test in file $PTII/ptolemy/domains/de/test/auto/knownFailedTests/DirectFeedback.xml
==== Contents of test case:

	    # FIXME: we should use $relativeFilename here, but it
	    # might have backslashes under Windows, which causes no end
	    # of trouble.
	    createAndExecute $file
	    list {}
	
.... Test generated KNOWN error:
    while executing
ptolemy.kernel.util.IllegalActionException: Test fails in iteration 1.
Value was: 1.0. Should have been: 2.0
  in .DirectFeedback.Test
	at ptolemy.actor.lib.Test.fire(Test.java:268)
	at ptolemy.domains.de.kernel.DEDirector._fire(DEDirector.java:1949)
	at ptolemy.domains.de.kernel.DEDirector.fire(DEDirector.java:502)
	at ptolemy.actor.CompositeActor.fire(CompositeActor.java:455)
	at ptolemy.actor.Manager.iterate(Manager.java:851)
	at ptolemy.actor.Manager.execute(Manager.java:369)
	at ptolemy.actor.Manager.run(Manager.java:1263)
	at ptolemy.actor.Manager$PtolemyRunThread.run(Manager.java:1915)

    while executing
ptolemy.kernel.util.IllegalActionException: Test fails in iteration 1.
Value was: 1.0. Should have been: 2.0
  in .DirectFeedback.Test
    while executing
"java::new ptolemy.moml.MoMLSimpleApplication $file
"
    (procedure "createAndExecute" line 2)
    invoked from within
"createAndExecute $file"
    ("uplevel" body line 5)
    invoked from within
"uplevel $contents_of_test"
------------------ testing $PTII/ptolemy/domains/de/test/auto/ActorDepthCalculation_actorWithoutPorts.xml
auto.tcl: Setting watchdog for 200 seconds at Mon Jun 03 16:18:45 UTC 2019
5 ms. Memory: 146944K Free: 139713K (95%)
ptolemy.util.test.WatchDog.cancel(): canceling Mon Jun 03 16:18:45 UTC 2019
auto.tcl: Setting watchdog for 200 seconds at Mon Jun 03 16:18:45 UTC 2019
3 ms. Memory: 146944K Free: 137671K (94%)
ptolemy.util.test.WatchDog.cancel(): canceling Mon Jun 03 16:18:45 UTC 2019
------------------ testing $PTII/ptolemy/domains/de/test/auto/AssemblyLine.xml
auto.tcl: Setting watchdog for 200 seconds at Mon Jun 03 16:18:45 UTC 2019
20 ms. Memory: 208384K Free: 183396K (88%)
ptolemy.util.test.WatchDog.cancel(): canceling Mon Jun 03 16:18:45 UTC 2019
auto.tcl: Setting watchdog for 200 seconds at Mon Jun 03 16:18:45 UTC 2019
11 ms. Memory: 208384K Free: 183396K (88%)
ptolemy.util.test.WatchDog.cancel(): canceling Mon Jun 03 16:18:45 UTC 2019
------------------ testing $PTII/ptolemy/domains/de/test/auto/CQBug1.xml
auto.tcl: Setting watchdog for 200 seconds at Mon Jun 03 16:18:45 UTC 2019
6 ms. Memory: 208384K Free: 197903K (95%)
ptolemy.util.test.WatchDog.cancel(): canceling Mon Jun 03 16:18:45 UTC 2019
auto.tcl: Setting watchdog for 200 seconds at Mon Jun 03 16:18:45 UTC 2019
3 ms. Memory: 208384K Free: 197903K (95%)
ptolemy.util.test.WatchDog.cancel(): canceling Mon Jun 03 16:18:45 UTC 2019
------------------ testing $PTII/ptolemy/domains/de/test/auto/CancelFireAt.xml
auto.tcl: Setting watchdog for 200 seconds at Mon Jun 03 16:18:46 UTC 2019
3 ms. Memory: 208384K Free: 201566K (97%)
ptolemy.util.test.WatchDog.cancel(): canceling Mon Jun 03 16:18:46 UTC 2019
auto.tcl: Setting watchdog for 200 seconds at Mon Jun 03 16:18:46 UTC 2019
2 ms. Memory: 208384K Free: 199524K (96%)
ptolemy.util.test.WatchDog.cancel(): canceling Mon Jun 03 16:18:46 UTC 2019
------------------ testing $PTII/ptolemy/domains/de/test/auto/CausalityAndComposabilityAnalysis.xml
auto.tcl: Setting watchdog for 200 seconds at Mon Jun 03 16:18:46 UTC 2019
12 ms. Memory: 208384K Free: 198603K (95%)
ptolemy.util.test.WatchDog.cancel(): canceling Mon Jun 03 16:18:46 UTC 2019
auto.tcl: Setting watchdog for 200 seconds at Mon Jun 03 16:18:46 UTC 2019
9 ms. Memory: 208384K Free: 196561K (94%)
ptolemy.util.test.WatchDog.cancel(): canceling Mon Jun 03 16:18:46 UTC 2019
------------------ testing $PTII/ptolemy/domains/de/test/auto/CausalityInterface1.xml
auto.tcl: Setting watchdog for 200 seconds at Mon Jun 03 16:18:46 UTC 2019
16 ms. Memory: 208384K Free: 196498K (94%)
ptolemy.util.test.WatchDog.cancel(): canceling Mon Jun 03 16:18:46 UTC 2019
auto.tcl: Setting watchdog for 200 seconds at Mon Jun 03 16:18:46 UTC 2019
4 ms. Memory: 208384K Free: 196498K (94%)
ptolemy.util.test.WatchDog.cancel(): canceling Mon Jun 03 16:18:46 UTC 2019
------------------ testing $PTII/ptolemy/domains/de/test/auto/CausalityInterface15.xml
auto.tcl: Setting watchdog for 200 seconds at Mon Jun 03 16:18:46 UTC 2019
8 ms. Memory: 208384K Free: 196457K (94%)
ptolemy.util.test.WatchDog.cancel(): canceling Mon Jun 03 16:18:46 UTC 2019
auto.tcl: Setting watchdog for 200 seconds at Mon Jun 03 16:18:46 UTC 2019
5 ms. Memory: 208384K Free: 196457K (94%)
ptolemy.util.test.WatchDog.cancel(): canceling Mon Jun 03 16:18:46 UTC 2019
------------------ testing $PTII/ptolemy/domains/de/test/auto/CausalityInterface2.xml
auto.tcl: Setting watchdog for 200 seconds at Mon Jun 03 16:18:46 UTC 2019
21 ms. Memory: 208384K Free: 196473K (94%)
ptolemy.util.test.WatchDog.cancel(): canceling Mon Jun 03 16:18:46 UTC 2019
auto.tcl: Setting watchdog for 200 seconds at Mon Jun 03 16:18:46 UTC 2019
2 ms. Memory: 208384K Free: 196473K (94%)
ptolemy.util.test.WatchDog.cancel(): canceling Mon Jun 03 16:18:46 UTC 2019
------------------ testing $PTII/ptolemy/domains/de/test/auto/CausalityInterface3.xml
auto.tcl: Setting watchdog for 200 seconds at Mon Jun 03 16:18:46 UTC 2019
7 ms. Memory: 208384K Free: 196485K (94%)
ptolemy.util.test.WatchDog.cancel(): canceling Mon Jun 03 16:18:46 UTC 2019
auto.tcl: Setting watchdog for 200 seconds at Mon Jun 03 16:18:46 UTC 2019
3 ms. Memory: 208384K Free: 196485K (94%)
ptolemy.util.test.WatchDog.cancel(): canceling Mon Jun 03 16:18:46 UTC 2019
------------------ testing $PTII/ptolemy/domains/de/test/auto/ClockDrift.xml
auto.tcl: Setting watchdog for 200 seconds at Mon Jun 03 16:18:46 UTC 2019
88 ms. Memory: 208384K Free: 187891K (90%)
ptolemy.util.test.WatchDog.cancel(): canceling Mon Jun 03 16:18:46 UTC 2019
auto.tcl: Setting watchdog for 200 seconds at Mon Jun 03 16:18:46 UTC 2019
61 ms. Memory: 208384K Free: 185849K (89%)
ptolemy.util.test.WatchDog.cancel(): canceling Mon Jun 03 16:18:46 UTC 2019
------------------ testing $PTII/ptolemy/domains/de/test/auto/ClockDriftAndValueChange.xml
auto.tcl: Setting watchdog for 200 seconds at Mon Jun 03 16:18:46 UTC 2019
47 ms. Memory: 208384K Free: 189761K (91%)
ptolemy.util.test.WatchDog.cancel(): canceling Mon Jun 03 16:18:47 UTC 2019
auto.tcl: Setting watchdog for 200 seconds at Mon Jun 03 16:18:47 UTC 2019
28 ms. Memory: 208384K Free: 185677K (89%)
ptolemy.util.test.WatchDog.cancel(): canceling Mon Jun 03 16:18:47 UTC 2019
------------------ testing $PTII/ptolemy/domains/de/test/auto/ClockDriftChange.xml
auto.tcl: Setting watchdog for 200 seconds at Mon Jun 03 16:18:47 UTC 2019
23 ms. Memory: 208384K Free: 190988K (92%)
ptolemy.util.test.WatchDog.cancel(): canceling Mon Jun 03 16:18:47 UTC 2019
auto.tcl: Setting watchdog for 200 seconds at Mon Jun 03 16:18:47 UTC 2019
27 ms. Memory: 208384K Free: 188946K (91%)
ptolemy.util.test.WatchDog.cancel(): canceling Mon Jun 03 16:18:47 UTC 2019
------------------ testing $PTII/ptolemy/domains/de/test/auto/ComposableCausalityAnalysis.xml
auto.tcl: Setting watchdog for 200 seconds at Mon Jun 03 16:18:47 UTC 2019
2 ms. Memory: 208384K Free: 196340K (94%)
ptolemy.util.test.WatchDog.cancel(): canceling Mon Jun 03 16:18:47 UTC 2019
auto.tcl: Setting watchdog for 200 seconds at Mon Jun 03 16:18:47 UTC 2019
2 ms. Memory: 208384K Free: 194298K (93%)
ptolemy.util.test.WatchDog.cancel(): canceling Mon Jun 03 16:18:47 UTC 2019
------------------ testing $PTII/ptolemy/domains/de/test/auto/DEFixedPointLimitation.xml
auto.tcl: Setting watchdog for 200 seconds at Mon Jun 03 16:18:47 UTC 2019
2 ms. Memory: 208384K Free: 198463K (95%)
ptolemy.util.test.WatchDog.cancel(): canceling Mon Jun 03 16:18:47 UTC 2019
auto.tcl: Setting watchdog for 200 seconds at Mon Jun 03 16:18:47 UTC 2019
1 ms. Memory: 208384K Free: 196421K (94%)
ptolemy.util.test.WatchDog.cancel(): canceling Mon Jun 03 16:18:47 UTC 2019
------------------ testing $PTII/ptolemy/domains/de/test/auto/DEScheduleTest.xml
auto.tcl: Setting watchdog for 200 seconds at Mon Jun 03 16:18:47 UTC 2019
3 ms. Memory: 208384K Free: 199018K (96%)
ptolemy.util.test.WatchDog.cancel(): canceling Mon Jun 03 16:18:47 UTC 2019
auto.tcl: Setting watchdog for 200 seconds at Mon Jun 03 16:18:47 UTC 2019
7 ms. Memory: 208384K Free: 196457K (94%)
ptolemy.util.test.WatchDog.cancel(): canceling Mon Jun 03 16:18:47 UTC 2019
------------------ testing $PTII/ptolemy/domains/de/test/auto/DEinDEwithStartTimes.xml
auto.tcl: Setting watchdog for 200 seconds at Mon Jun 03 16:18:47 UTC 2019
4 ms. Memory: 208384K Free: 196946K (95%)
ptolemy.util.test.WatchDog.cancel(): canceling Mon Jun 03 16:18:47 UTC 2019
auto.tcl: Setting watchdog for 200 seconds at Mon Jun 03 16:18:47 UTC 2019
3 ms. Memory: 208384K Free: 196946K (95%)
ptolemy.util.test.WatchDog.cancel(): canceling Mon Jun 03 16:18:47 UTC 2019
------------------ testing $PTII/ptolemy/domains/de/test/auto/DEinDEwithStartTimes2.xml
auto.tcl: Setting watchdog for 200 seconds at Mon Jun 03 16:18:47 UTC 2019
4 ms. Memory: 208384K Free: 196405K (94%)
ptolemy.util.test.WatchDog.cancel(): canceling Mon Jun 03 16:18:47 UTC 2019
auto.tcl: Setting watchdog for 200 seconds at Mon Jun 03 16:18:47 UTC 2019
6 ms. Memory: 208384K Free: 194363K (93%)
ptolemy.util.test.WatchDog.cancel(): canceling Mon Jun 03 16:18:47 UTC 2019
------------------ testing $PTII/ptolemy/domains/de/test/auto/DateDemo.xml
auto.tcl: Setting watchdog for 200 seconds at Mon Jun 03 16:18:47 UTC 2019
6 ms. Memory: 208384K Free: 189025K (91%)
ptolemy.util.test.WatchDog.cancel(): canceling Mon Jun 03 16:18:47 UTC 2019
auto.tcl: Setting watchdog for 200 seconds at Mon Jun 03 16:18:47 UTC 2019
6 ms. Memory: 208384K Free: 186983K (90%)
ptolemy.util.test.WatchDog.cancel(): canceling Mon Jun 03 16:18:47 UTC 2019
------------------ testing $PTII/ptolemy/domains/de/test/auto/DateToEvent.xml
auto.tcl: Setting watchdog for 200 seconds at Mon Jun 03 16:18:47 UTC 2019
2012 ms. Memory: 208384K Free: 183889K (88%)
ptolemy.util.test.WatchDog.cancel(): canceling Mon Jun 03 16:18:49 UTC 2019
auto.tcl: Setting watchdog for 200 seconds at Mon Jun 03 16:18:49 UTC 2019
2006 ms. Memory: 208384K Free: 183889K (88%)
ptolemy.util.test.WatchDog.cancel(): canceling Mon Jun 03 16:18:51 UTC 2019
------------------ testing $PTII/ptolemy/domains/de/test/auto/DepthTest1.xml
auto.tcl: Setting watchdog for 200 seconds at Mon Jun 03 16:18:51 UTC 2019
4 ms. Memory: 208384K Free: 198025K (95%)
ptolemy.util.test.WatchDog.cancel(): canceling Mon Jun 03 16:18:51 UTC 2019
auto.tcl: Setting watchdog for 200 seconds at Mon Jun 03 16:18:51 UTC 2019
2 ms. Memory: 208384K Free: 198025K (95%)
ptolemy.util.test.WatchDog.cancel(): canceling Mon Jun 03 16:18:51 UTC 2019
------------------ testing $PTII/ptolemy/domains/de/test/auto/DepthTest2.xml
auto.tcl: Setting watchdog for 200 seconds at Mon Jun 03 16:18:51 UTC 2019
7 ms. Memory: 208384K Free: 194374K (93%)
ptolemy.util.test.WatchDog.cancel(): canceling Mon Jun 03 16:18:52 UTC 2019
auto.tcl: Setting watchdog for 200 seconds at Mon Jun 03 16:18:52 UTC 2019
3 ms. Memory: 208384K Free: 194374K (93%)
ptolemy.util.test.WatchDog.cancel(): canceling Mon Jun 03 16:18:52 UTC 2019
------------------ testing $PTII/ptolemy/domains/de/test/auto/DepthTest3.xml
auto.tcl: Setting watchdog for 200 seconds at Mon Jun 03 16:18:52 UTC 2019
4 ms. Memory: 208384K Free: 198359K (95%)
ptolemy.util.test.WatchDog.cancel(): canceling Mon Jun 03 16:18:52 UTC 2019
auto.tcl: Setting watchdog for 200 seconds at Mon Jun 03 16:18:52 UTC 2019
2 ms. Memory: 208384K Free: 198359K (95%)
ptolemy.util.test.WatchDog.cancel(): canceling Mon Jun 03 16:18:52 UTC 2019
------------------ testing $PTII/ptolemy/domains/de/test/auto/DepthTest4.xml
auto.tcl: Setting watchdog for 200 seconds at Mon Jun 03 16:18:52 UTC 2019
6 ms. Memory: 208384K Free: 196404K (94%)
ptolemy.util.test.WatchDog.cancel(): canceling Mon Jun 03 16:18:52 UTC 2019
auto.tcl: Setting watchdog for 200 seconds at Mon Jun 03 16:18:52 UTC 2019
3 ms. Memory: 208384K Free: 196404K (94%)
ptolemy.util.test.WatchDog.cancel(): canceling Mon Jun 03 16:18:52 UTC 2019
------------------ testing $PTII/ptolemy/domains/de/test/auto/DepthTest5.xml
auto.tcl: Setting watchdog for 200 seconds at Mon Jun 03 16:18:52 UTC 2019
6 ms. Memory: 208384K Free: 196351K (94%)
ptolemy.util.test.WatchDog.cancel(): canceling Mon Jun 03 16:18:52 UTC 2019
auto.tcl: Setting watchdog for 200 seconds at Mon Jun 03 16:18:52 UTC 2019
2 ms. Memory: 208384K Free: 196351K (94%)
ptolemy.util.test.WatchDog.cancel(): canceling Mon Jun 03 16:18:52 UTC 2019
------------------ testing $PTII/ptolemy/domains/de/test/auto/DepthTest6.xml
auto.tcl: Setting watchdog for 200 seconds at Mon Jun 03 16:18:52 UTC 2019
5 ms. Memory: 208384K Free: 196846K (94%)
ptolemy.util.test.WatchDog.cancel(): canceling Mon Jun 03 16:18:52 UTC 2019
auto.tcl: Setting watchdog for 200 seconds at Mon Jun 03 16:18:52 UTC 2019
2 ms. Memory: 208384K Free: 196846K (94%)
ptolemy.util.test.WatchDog.cancel(): canceling Mon Jun 03 16:18:52 UTC 2019
------------------ testing $PTII/ptolemy/domains/de/test/auto/DepthTest7.xml
auto.tcl: Setting watchdog for 200 seconds at Mon Jun 03 16:18:52 UTC 2019
3 ms. Memory: 208384K Free: 196308K (94%)
ptolemy.util.test.WatchDog.cancel(): canceling Mon Jun 03 16:18:52 UTC 2019
auto.tcl: Setting watchdog for 200 seconds at Mon Jun 03 16:18:52 UTC 2019
2 ms. Memory: 208384K Free: 196308K (94%)
ptolemy.util.test.WatchDog.cancel(): canceling Mon Jun 03 16:18:52 UTC 2019
------------------ testing $PTII/ptolemy/domains/de/test/auto/EventToDate.xml
auto.tcl: Setting watchdog for 200 seconds at Mon Jun 03 16:18:52 UTC 2019
3009 ms. Memory: 208384K Free: 186112K (89%)
ptolemy.util.test.WatchDog.cancel(): canceling Mon Jun 03 16:18:55 UTC 2019
auto.tcl: Setting watchdog for 200 seconds at Mon Jun 03 16:18:55 UTC 2019
3004 ms. Memory: 208384K Free: 186112K (89%)
ptolemy.util.test.WatchDog.cancel(): canceling Mon Jun 03 16:18:58 UTC 2019
------------------ testing $PTII/ptolemy/domains/de/test/auto/FSM1.xml
auto.tcl: Setting watchdog for 200 seconds at Mon Jun 03 16:18:58 UTC 2019
22 ms. Memory: 208384K Free: 189477K (91%)
ptolemy.util.test.WatchDog.cancel(): canceling Mon Jun 03 16:18:58 UTC 2019
auto.tcl: Setting watchdog for 200 seconds at Mon Jun 03 16:18:58 UTC 2019
14 ms. Memory: 208384K Free: 185393K (89%)
ptolemy.util.test.WatchDog.cancel(): canceling Mon Jun 03 16:18:58 UTC 2019
------------------ testing $PTII/ptolemy/domains/de/test/auto/FSM7.xml
auto.tcl: Setting watchdog for 200 seconds at Mon Jun 03 16:18:58 UTC 2019
20 ms. Memory: 208384K Free: 189681K (91%)
ptolemy.util.test.WatchDog.cancel(): canceling Mon Jun 03 16:18:58 UTC 2019
auto.tcl: Setting watchdog for 200 seconds at Mon Jun 03 16:18:58 UTC 2019
16 ms. Memory: 208384K Free: 185596K (89%)
ptolemy.util.test.WatchDog.cancel(): canceling Mon Jun 03 16:18:58 UTC 2019
------------------ testing $PTII/ptolemy/domains/de/test/auto/Inspection.xml
auto.tcl: Setting watchdog for 200 seconds at Mon Jun 03 16:18:58 UTC 2019
20 ms. Memory: 208384K Free: 189372K (91%)
ptolemy.util.test.WatchDog.cancel(): canceling Mon Jun 03 16:18:58 UTC 2019
auto.tcl: Setting watchdog for 200 seconds at Mon Jun 03 16:18:58 UTC 2019
28 ms. Memory: 208384K Free: 187330K (90%)
ptolemy.util.test.WatchDog.cancel(): canceling Mon Jun 03 16:18:58 UTC 2019
------------------ testing $PTII/ptolemy/domains/de/test/auto/Iteration.xml
auto.tcl: Setting watchdog for 200 seconds at Mon Jun 03 16:18:58 UTC 2019
9 ms. Memory: 208384K Free: 196117K (94%)
ptolemy.util.test.WatchDog.cancel(): canceling Mon Jun 03 16:18:58 UTC 2019
auto.tcl: Setting watchdog for 200 seconds at Mon Jun 03 16:18:58 UTC 2019
7 ms. Memory: 208384K Free: 194075K (93%)
ptolemy.util.test.WatchDog.cancel(): canceling Mon Jun 03 16:18:58 UTC 2019
------------------ testing $PTII/ptolemy/domains/de/test/auto/LineFault.xml
auto.tcl: Setting watchdog for 200 seconds at Mon Jun 03 16:18:59 UTC 2019
712 ms. Memory: 208384K Free: 199797K (96%)
ptolemy.util.test.WatchDog.cancel(): canceling Mon Jun 03 16:18:59 UTC 2019
auto.tcl: Setting watchdog for 200 seconds at Mon Jun 03 16:18:59 UTC 2019
613 ms. Memory: 208384K Free: 139894K (67%)
ptolemy.util.test.WatchDog.cancel(): canceling Mon Jun 03 16:19:00 UTC 2019
------------------ testing $PTII/ptolemy/domains/de/test/auto/MergeModel1Add.xml
auto.tcl: Setting watchdog for 200 seconds at Mon Jun 03 16:19:00 UTC 2019
32 ms. Memory: 331264K Free: 303080K (91%)
ptolemy.util.test.WatchDog.cancel(): canceling Mon Jun 03 16:19:00 UTC 2019
auto.tcl: Setting watchdog for 200 seconds at Mon Jun 03 16:19:00 UTC 2019
9 ms. Memory: 331264K Free: 299201K (90%)
ptolemy.util.test.WatchDog.cancel(): canceling Mon Jun 03 16:19:00 UTC 2019
------------------ testing $PTII/ptolemy/domains/de/test/auto/MergeModel2Add.xml
auto.tcl: Setting watchdog for 200 seconds at Mon Jun 03 16:19:00 UTC 2019
16 ms. Memory: 331264K Free: 304418K (92%)
ptolemy.util.test.WatchDog.cancel(): canceling Mon Jun 03 16:19:00 UTC 2019
auto.tcl: Setting watchdog for 200 seconds at Mon Jun 03 16:19:00 UTC 2019
12 ms. Memory: 331264K Free: 304418K (92%)
ptolemy.util.test.WatchDog.cancel(): canceling Mon Jun 03 16:19:00 UTC 2019
------------------ testing $PTII/ptolemy/domains/de/test/auto/MergeModel3Add.xml
auto.tcl: Setting watchdog for 200 seconds at Mon Jun 03 16:19:01 UTC 2019
14 ms. Memory: 331264K Free: 304428K (92%)
ptolemy.util.test.WatchDog.cancel(): canceling Mon Jun 03 16:19:01 UTC 2019
auto.tcl: Setting watchdog for 200 seconds at Mon Jun 03 16:19:01 UTC 2019
11 ms. Memory: 331264K Free: 304428K (92%)
ptolemy.util.test.WatchDog.cancel(): canceling Mon Jun 03 16:19:01 UTC 2019
------------------ testing $PTII/ptolemy/domains/de/test/auto/MergeWithoutDiscard.xml
auto.tcl: Setting watchdog for 200 seconds at Mon Jun 03 16:19:01 UTC 2019
2 ms. Memory: 331264K Free: 319939K (97%)
ptolemy.util.test.WatchDog.cancel(): canceling Mon Jun 03 16:19:01 UTC 2019
auto.tcl: Setting watchdog for 200 seconds at Mon Jun 03 16:19:01 UTC 2019
2 ms. Memory: 331264K Free: 316061K (95%)
ptolemy.util.test.WatchDog.cancel(): canceling Mon Jun 03 16:19:01 UTC 2019
------------------ testing $PTII/ptolemy/domains/de/test/auto/Modal1.xml
auto.tcl: Setting watchdog for 200 seconds at Mon Jun 03 16:19:01 UTC 2019
14 ms. Memory: 331264K Free: 310039K (94%)
ptolemy.util.test.WatchDog.cancel(): canceling Mon Jun 03 16:19:01 UTC 2019
auto.tcl: Setting watchdog for 200 seconds at Mon Jun 03 16:19:01 UTC 2019
13 ms. Memory: 331264K Free: 306160K (92%)
ptolemy.util.test.WatchDog.cancel(): canceling Mon Jun 03 16:19:01 UTC 2019
------------------ testing $PTII/ptolemy/domains/de/test/auto/Modal2.xml
auto.tcl: Setting watchdog for 200 seconds at Mon Jun 03 16:19:01 UTC 2019
23 ms. Memory: 331264K Free: 309912K (94%)
ptolemy.util.test.WatchDog.cancel(): canceling Mon Jun 03 16:19:01 UTC 2019
auto.tcl: Setting watchdog for 200 seconds at Mon Jun 03 16:19:01 UTC 2019
23 ms. Memory: 331264K Free: 306034K (92%)
ptolemy.util.test.WatchDog.cancel(): canceling Mon Jun 03 16:19:01 UTC 2019
------------------ testing $PTII/ptolemy/domains/de/test/auto/Modal3.xml
auto.tcl: Setting watchdog for 200 seconds at Mon Jun 03 16:19:01 UTC 2019
16 ms. Memory: 331264K Free: 309911K (94%)
ptolemy.util.test.WatchDog.cancel(): canceling Mon Jun 03 16:19:01 UTC 2019
auto.tcl: Setting watchdog for 200 seconds at Mon Jun 03 16:19:01 UTC 2019
16 ms. Memory: 331264K Free: 306032K (92%)
ptolemy.util.test.WatchDog.cancel(): canceling Mon Jun 03 16:19:01 UTC 2019
------------------ testing $PTII/ptolemy/domains/de/test/auto/Modal4.xml
auto.tcl: Setting watchdog for 200 seconds at Mon Jun 03 16:19:01 UTC 2019
30 ms. Memory: 331264K Free: 309908K (94%)
ptolemy.util.test.WatchDog.cancel(): canceling Mon Jun 03 16:19:01 UTC 2019
auto.tcl: Setting watchdog for 200 seconds at Mon Jun 03 16:19:01 UTC 2019
23 ms. Memory: 331264K Free: 306030K (92%)
ptolemy.util.test.WatchDog.cancel(): canceling Mon Jun 03 16:19:01 UTC 2019
------------------ testing $PTII/ptolemy/domains/de/test/auto/Modal5.xml
auto.tcl: Setting watchdog for 200 seconds at Mon Jun 03 16:19:01 UTC 2019
19 ms. Memory: 331264K Free: 309895K (94%)
ptolemy.util.test.WatchDog.cancel(): canceling Mon Jun 03 16:19:01 UTC 2019
auto.tcl: Setting watchdog for 200 seconds at Mon Jun 03 16:19:01 UTC 2019
15 ms. Memory: 331264K Free: 306017K (92%)
ptolemy.util.test.WatchDog.cancel(): canceling Mon Jun 03 16:19:01 UTC 2019
------------------ testing $PTII/ptolemy/domains/de/test/auto/Modal6.xml
auto.tcl: Setting watchdog for 200 seconds at Mon Jun 03 16:19:01 UTC 2019
21 ms. Memory: 331264K Free: 309893K (94%)
ptolemy.util.test.WatchDog.cancel(): canceling Mon Jun 03 16:19:01 UTC 2019
auto.tcl: Setting watchdog for 200 seconds at Mon Jun 03 16:19:01 UTC 2019
18 ms. Memory: 331264K Free: 306014K (92%)
ptolemy.util.test.WatchDog.cancel(): canceling Mon Jun 03 16:19:01 UTC 2019
------------------ testing $PTII/ptolemy/domains/de/test/auto/Modal7.xml
auto.tcl: Setting watchdog for 200 seconds at Mon Jun 03 16:19:01 UTC 2019
16 ms. Memory: 331264K Free: 309861K (94%)
ptolemy.util.test.WatchDog.cancel(): canceling Mon Jun 03 16:19:02 UTC 2019
auto.tcl: Setting watchdog for 200 seconds at Mon Jun 03 16:19:02 UTC 2019
12 ms. Memory: 331264K Free: 305983K (92%)
ptolemy.util.test.WatchDog.cancel(): canceling Mon Jun 03 16:19:02 UTC 2019
------------------ testing $PTII/ptolemy/domains/de/test/auto/ModalModel.xml
auto.tcl: Setting watchdog for 200 seconds at Mon Jun 03 16:19:02 UTC 2019
171 ms. Memory: 331264K Free: 250495K (76%)
ptolemy.util.test.WatchDog.cancel(): canceling Mon Jun 03 16:19:02 UTC 2019
auto.tcl: Setting watchdog for 200 seconds at Mon Jun 03 16:19:02 UTC 2019
193 ms. Memory: 331264K Free: 192319K (58%)
ptolemy.util.test.WatchDog.cancel(): canceling Mon Jun 03 16:19:02 UTC 2019
------------------ testing $PTII/ptolemy/domains/de/test/auto/ModalSource.xml
auto.tcl: Setting watchdog for 200 seconds at Mon Jun 03 16:19:02 UTC 2019
5 ms. Memory: 331264K Free: 316917K (96%)
ptolemy.util.test.WatchDog.cancel(): canceling Mon Jun 03 16:19:02 UTC 2019
auto.tcl: Setting watchdog for 200 seconds at Mon Jun 03 16:19:02 UTC 2019
6 ms. Memory: 331264K Free: 313454K (95%)
ptolemy.util.test.WatchDog.cancel(): canceling Mon Jun 03 16:19:02 UTC 2019
------------------ testing $PTII/ptolemy/domains/de/test/auto/NonInterruptibleTimerZeroDelay.xml
auto.tcl: Setting watchdog for 200 seconds at Mon Jun 03 16:19:02 UTC 2019
3 ms. Memory: 331264K Free: 321032K (97%)
ptolemy.util.test.WatchDog.cancel(): canceling Mon Jun 03 16:19:02 UTC 2019
auto.tcl: Setting watchdog for 200 seconds at Mon Jun 03 16:19:02 UTC 2019
2 ms. Memory: 331264K Free: 317569K (96%)
ptolemy.util.test.WatchDog.cancel(): canceling Mon Jun 03 16:19:02 UTC 2019
------------------ testing $PTII/ptolemy/domains/de/test/auto/OpenQueueingNetwork.xml
auto.tcl: Setting watchdog for 200 seconds at Mon Jun 03 16:19:02 UTC 2019
3580 ms. Memory: 573952K Free: 353884K (62%)
ptolemy.util.test.WatchDog.cancel(): canceling Mon Jun 03 16:19:06 UTC 2019
auto.tcl: Setting watchdog for 200 seconds at Mon Jun 03 16:19:06 UTC 2019
2733 ms. Memory: 550912K Free: 234635K (43%)
ptolemy.util.test.WatchDog.cancel(): canceling Mon Jun 03 16:19:09 UTC 2019
------------------ testing $PTII/ptolemy/domains/de/test/auto/OpenQueuingNetwork.xml
auto.tcl: Setting watchdog for 200 seconds at Mon Jun 03 16:19:09 UTC 2019
258 ms. Memory: 549888K Free: 445673K (81%)
ptolemy.util.test.WatchDog.cancel(): canceling Mon Jun 03 16:19:09 UTC 2019
auto.tcl: Setting watchdog for 200 seconds at Mon Jun 03 16:19:09 UTC 2019
244 ms. Memory: 549888K Free: 380933K (69%)
ptolemy.util.test.WatchDog.cancel(): canceling Mon Jun 03 16:19:09 UTC 2019
------------------ testing $PTII/ptolemy/domains/de/test/auto/PeriodicSampler.xml
auto.tcl: Setting watchdog for 200 seconds at Mon Jun 03 16:19:09 UTC 2019
3 ms. Memory: 551936K Free: 535865K (97%)
ptolemy.util.test.WatchDog.cancel(): canceling Mon Jun 03 16:19:09 UTC 2019
auto.tcl: Setting watchdog for 200 seconds at Mon Jun 03 16:19:09 UTC 2019
2 ms. Memory: 551936K Free: 535865K (97%)
ptolemy.util.test.WatchDog.cancel(): canceling Mon Jun 03 16:19:09 UTC 2019
------------------ testing $PTII/ptolemy/domains/de/test/auto/PersistentIO.xml
auto.tcl: Setting watchdog for 200 seconds at Mon Jun 03 16:19:09 UTC 2019
4 ms. Memory: 549376K Free: 522751K (95%)
ptolemy.util.test.WatchDog.cancel(): canceling Mon Jun 03 16:19:09 UTC 2019
auto.tcl: Setting watchdog for 200 seconds at Mon Jun 03 16:19:09 UTC 2019
3 ms. Memory: 549376K Free: 522751K (95%)
ptolemy.util.test.WatchDog.cancel(): canceling Mon Jun 03 16:19:09 UTC 2019
------------------ testing $PTII/ptolemy/domains/de/test/auto/PortParameterResetOnInitialize.xml
auto.tcl: Setting watchdog for 200 seconds at Mon Jun 03 16:19:09 UTC 2019
2 ms. Memory: 551424K Free: 530782K (96%)
ptolemy.util.test.WatchDog.cancel(): canceling Mon Jun 03 16:19:09 UTC 2019
auto.tcl: Setting watchdog for 200 seconds at Mon Jun 03 16:19:09 UTC 2019
1 ms. Memory: 551424K Free: 530782K (96%)
ptolemy.util.test.WatchDog.cancel(): canceling Mon Jun 03 16:19:09 UTC 2019
------------------ testing $PTII/ptolemy/domains/de/test/auto/PortParameterUpdates.xml
auto.tcl: Setting watchdog for 200 seconds at Mon Jun 03 16:19:10 UTC 2019
5 ms. Memory: 549376K Free: 529220K (96%)
ptolemy.util.test.WatchDog.cancel(): canceling Mon Jun 03 16:19:10 UTC 2019
auto.tcl: Setting watchdog for 200 seconds at Mon Jun 03 16:19:10 UTC 2019
4 ms. Memory: 549376K Free: 528867K (96%)
ptolemy.util.test.WatchDog.cancel(): canceling Mon Jun 03 16:19:10 UTC 2019
------------------ testing $PTII/ptolemy/domains/de/test/auto/QueueAndServer.xml
auto.tcl: Setting watchdog for 200 seconds at Mon Jun 03 16:19:10 UTC 2019
18 ms. Memory: 551424K Free: 535558K (97%)
ptolemy.util.test.WatchDog.cancel(): canceling Mon Jun 03 16:19:10 UTC 2019
auto.tcl: Setting watchdog for 200 seconds at Mon Jun 03 16:19:10 UTC 2019
6 ms. Memory: 551424K Free: 529084K (96%)
ptolemy.util.test.WatchDog.cancel(): canceling Mon Jun 03 16:19:10 UTC 2019
------------------ testing $PTII/ptolemy/domains/de/test/auto/Records.xml
auto.tcl: Setting watchdog for 200 seconds at Mon Jun 03 16:19:10 UTC 2019
11 ms. Memory: 549376K Free: 533451K (97%)
ptolemy.util.test.WatchDog.cancel(): canceling Mon Jun 03 16:19:10 UTC 2019
auto.tcl: Setting watchdog for 200 seconds at Mon Jun 03 16:19:10 UTC 2019
2 ms. Memory: 549376K Free: 533451K (97%)
ptolemy.util.test.WatchDog.cancel(): canceling Mon Jun 03 16:19:10 UTC 2019
------------------ testing $PTII/ptolemy/domains/de/test/auto/ResetTransitionWithStartTime1.xml
auto.tcl: Setting watchdog for 200 seconds at Mon Jun 03 16:19:10 UTC 2019
10 ms. Memory: 551424K Free: 529050K (96%)
ptolemy.util.test.WatchDog.cancel(): canceling Mon Jun 03 16:19:10 UTC 2019
auto.tcl: Setting watchdog for 200 seconds at Mon Jun 03 16:19:10 UTC 2019
5 ms. Memory: 551424K Free: 529050K (96%)
ptolemy.util.test.WatchDog.cancel(): canceling Mon Jun 03 16:19:10 UTC 2019
------------------ testing $PTII/ptolemy/domains/de/test/auto/ResetTransitionWithStartTime2.xml
auto.tcl: Setting watchdog for 200 seconds at Mon Jun 03 16:19:10 UTC 2019
5 ms. Memory: 549376K Free: 527346K (96%)
ptolemy.util.test.WatchDog.cancel(): canceling Mon Jun 03 16:19:10 UTC 2019
auto.tcl: Setting watchdog for 200 seconds at Mon Jun 03 16:19:10 UTC 2019
6 ms. Memory: 549376K Free: 527346K (96%)
ptolemy.util.test.WatchDog.cancel(): canceling Mon Jun 03 16:19:10 UTC 2019
------------------ testing $PTII/ptolemy/domains/de/test/auto/ResetTransitionWithStartTime3.xml
auto.tcl: Setting watchdog for 200 seconds at Mon Jun 03 16:19:10 UTC 2019
6 ms. Memory: 550912K Free: 528528K (96%)
ptolemy.util.test.WatchDog.cancel(): canceling Mon Jun 03 16:19:10 UTC 2019
auto.tcl: Setting watchdog for 200 seconds at Mon Jun 03 16:19:10 UTC 2019
6 ms. Memory: 550912K Free: 528528K (96%)
ptolemy.util.test.WatchDog.cancel(): canceling Mon Jun 03 16:19:10 UTC 2019
------------------ testing $PTII/ptolemy/domains/de/test/auto/ResetTransitionWithStartTime4.xml
auto.tcl: Setting watchdog for 200 seconds at Mon Jun 03 16:19:10 UTC 2019
4 ms. Memory: 549376K Free: 526991K (96%)
ptolemy.util.test.WatchDog.cancel(): canceling Mon Jun 03 16:19:10 UTC 2019
auto.tcl: Setting watchdog for 200 seconds at Mon Jun 03 16:19:10 UTC 2019
4 ms. Memory: 549376K Free: 526991K (96%)
ptolemy.util.test.WatchDog.cancel(): canceling Mon Jun 03 16:19:10 UTC 2019
------------------ testing $PTII/ptolemy/domains/de/test/auto/ResettableTimer1.xml
auto.tcl: Setting watchdog for 200 seconds at Mon Jun 03 16:19:10 UTC 2019
2 ms. Memory: 550912K Free: 534996K (97%)
ptolemy.util.test.WatchDog.cancel(): canceling Mon Jun 03 16:19:10 UTC 2019
auto.tcl: Setting watchdog for 200 seconds at Mon Jun 03 16:19:10 UTC 2019
2 ms. Memory: 550912K Free: 534996K (97%)
ptolemy.util.test.WatchDog.cancel(): canceling Mon Jun 03 16:19:10 UTC 2019
------------------ testing $PTII/ptolemy/domains/de/test/auto/ResettableTimer2.xml
auto.tcl: Setting watchdog for 200 seconds at Mon Jun 03 16:19:10 UTC 2019
2 ms. Memory: 549376K Free: 533871K (97%)
ptolemy.util.test.WatchDog.cancel(): canceling Mon Jun 03 16:19:10 UTC 2019
auto.tcl: Setting watchdog for 200 seconds at Mon Jun 03 16:19:10 UTC 2019
2 ms. Memory: 549376K Free: 533871K (97%)
ptolemy.util.test.WatchDog.cancel(): canceling Mon Jun 03 16:19:10 UTC 2019
------------------ testing $PTII/ptolemy/domains/de/test/auto/ResettableTimer3.xml
auto.tcl: Setting watchdog for 200 seconds at Mon Jun 03 16:19:10 UTC 2019
1 ms. Memory: 550912K Free: 535053K (97%)
ptolemy.util.test.WatchDog.cancel(): canceling Mon Jun 03 16:19:10 UTC 2019
auto.tcl: Setting watchdog for 200 seconds at Mon Jun 03 16:19:10 UTC 2019
1 ms. Memory: 550912K Free: 535053K (97%)
ptolemy.util.test.WatchDog.cancel(): canceling Mon Jun 03 16:19:10 UTC 2019
------------------ testing $PTII/ptolemy/domains/de/test/auto/ResettableTimer4.xml
auto.tcl: Setting watchdog for 200 seconds at Mon Jun 03 16:19:10 UTC 2019
2 ms. Memory: 549376K Free: 533884K (97%)
ptolemy.util.test.WatchDog.cancel(): canceling Mon Jun 03 16:19:10 UTC 2019
auto.tcl: Setting watchdog for 200 seconds at Mon Jun 03 16:19:10 UTC 2019
1 ms. Memory: 549376K Free: 533884K (97%)
ptolemy.util.test.WatchDog.cancel(): canceling Mon Jun 03 16:19:10 UTC 2019
------------------ testing $PTII/ptolemy/domains/de/test/auto/ResettableTimer5.xml
auto.tcl: Setting watchdog for 200 seconds at Mon Jun 03 16:19:10 UTC 2019
1 ms. Memory: 550400K Free: 530226K (96%)
ptolemy.util.test.WatchDog.cancel(): canceling Mon Jun 03 16:19:10 UTC 2019
auto.tcl: Setting watchdog for 200 seconds at Mon Jun 03 16:19:10 UTC 2019
1 ms. Memory: 550400K Free: 530226K (96%)
ptolemy.util.test.WatchDog.cancel(): canceling Mon Jun 03 16:19:10 UTC 2019
------------------ testing $PTII/ptolemy/domains/de/test/auto/ResettableTimer6.xml
auto.tcl: Setting watchdog for 200 seconds at Mon Jun 03 16:19:10 UTC 2019
2 ms. Memory: 549376K Free: 528799K (96%)
ptolemy.util.test.WatchDog.cancel(): canceling Mon Jun 03 16:19:10 UTC 2019
auto.tcl: Setting watchdog for 200 seconds at Mon Jun 03 16:19:10 UTC 2019
1 ms. Memory: 549376K Free: 528799K (96%)
ptolemy.util.test.WatchDog.cancel(): canceling Mon Jun 03 16:19:10 UTC 2019
------------------ testing $PTII/ptolemy/domains/de/test/auto/ServerZeroDelay.xml
auto.tcl: Setting watchdog for 200 seconds at Mon Jun 03 16:19:10 UTC 2019
4 ms. Memory: 550400K Free: 534846K (97%)
ptolemy.util.test.WatchDog.cancel(): canceling Mon Jun 03 16:19:10 UTC 2019
auto.tcl: Setting watchdog for 200 seconds at Mon Jun 03 16:19:10 UTC 2019
2 ms. Memory: 550400K Free: 534846K (97%)
ptolemy.util.test.WatchDog.cancel(): canceling Mon Jun 03 16:19:10 UTC 2019
------------------ testing $PTII/ptolemy/domains/de/test/auto/SmartSender.xml
auto.tcl: Setting watchdog for 200 seconds at Mon Jun 03 16:19:11 UTC 2019
3002 ms. Memory: 549376K Free: 529137K (96%)
ptolemy.util.test.WatchDog.cancel(): canceling Mon Jun 03 16:19:14 UTC 2019
auto.tcl: Setting watchdog for 200 seconds at Mon Jun 03 16:19:14 UTC 2019
3003 ms. Memory: 549376K Free: 529137K (96%)
ptolemy.util.test.WatchDog.cancel(): canceling Mon Jun 03 16:19:17 UTC 2019
------------------ testing $PTII/ptolemy/domains/de/test/auto/ThreadedComposite.xml
auto.tcl: Setting watchdog for 200 seconds at Mon Jun 03 16:19:17 UTC 2019
155 ms. Memory: 550400K Free: 513988K (93%)
ptolemy.util.test.WatchDog.cancel(): canceling Mon Jun 03 16:19:17 UTC 2019
auto.tcl: Setting watchdog for 200 seconds at Mon Jun 03 16:19:17 UTC 2019
109 ms. Memory: 550400K Free: 498139K (91%)
ptolemy.util.test.WatchDog.cancel(): canceling Mon Jun 03 16:19:17 UTC 2019
------------------ testing $PTII/ptolemy/domains/de/test/auto/Time.xml
auto.tcl: Setting watchdog for 200 seconds at Mon Jun 03 16:19:17 UTC 2019
497 ms. Memory: 549376K Free: 477031K (87%)
ptolemy.util.test.WatchDog.cancel(): canceling Mon Jun 03 16:19:17 UTC 2019
auto.tcl: Setting watchdog for 200 seconds at Mon Jun 03 16:19:17 UTC 2019
476 ms. Memory: 549376K Free: 418765K (76%)
ptolemy.util.test.WatchDog.cancel(): canceling Mon Jun 03 16:19:18 UTC 2019
------------------ testing $PTII/ptolemy/domains/de/test/auto/TimeDelayZeroDelay.xml
auto.tcl: Setting watchdog for 200 seconds at Mon Jun 03 16:19:18 UTC 2019
2 ms. Memory: 550400K Free: 534408K (97%)
ptolemy.util.test.WatchDog.cancel(): canceling Mon Jun 03 16:19:18 UTC 2019
auto.tcl: Setting watchdog for 200 seconds at Mon Jun 03 16:19:18 UTC 2019
2 ms. Memory: 550400K Free: 534408K (97%)
ptolemy.util.test.WatchDog.cancel(): canceling Mon Jun 03 16:19:18 UTC 2019
------------------ testing $PTII/ptolemy/domains/de/test/auto/TimerZeroDelay.xml
auto.tcl: Setting watchdog for 200 seconds at Mon Jun 03 16:19:18 UTC 2019
4 ms. Memory: 549376K Free: 533781K (97%)
ptolemy.util.test.WatchDog.cancel(): canceling Mon Jun 03 16:19:18 UTC 2019
auto.tcl: Setting watchdog for 200 seconds at Mon Jun 03 16:19:18 UTC 2019
2 ms. Memory: 549376K Free: 533781K (97%)
ptolemy.util.test.WatchDog.cancel(): canceling Mon Jun 03 16:19:18 UTC 2019
------------------ testing $PTII/ptolemy/domains/de/test/auto/TimingParadox.xml
auto.tcl: Setting watchdog for 200 seconds at Mon Jun 03 16:19:18 UTC 2019
353 ms. Memory: 549888K Free: 464100K (84%)
ptolemy.util.test.WatchDog.cancel(): canceling Mon Jun 03 16:19:19 UTC 2019
auto.tcl: Setting watchdog for 200 seconds at Mon Jun 03 16:19:19 UTC 2019
323 ms. Memory: 549888K Free: 425256K (77%)
ptolemy.util.test.WatchDog.cancel(): canceling Mon Jun 03 16:19:19 UTC 2019
------------------ testing $PTII/ptolemy/domains/de/test/auto/TransferInputs.xml
auto.tcl: Setting watchdog for 200 seconds at Mon Jun 03 16:19:19 UTC 2019
1 ms. Memory: 549888K Free: 533254K (97%)
ptolemy.util.test.WatchDog.cancel(): canceling Mon Jun 03 16:19:19 UTC 2019
auto.tcl: Setting watchdog for 200 seconds at Mon Jun 03 16:19:19 UTC 2019
2 ms. Memory: 549888K Free: 533254K (97%)
ptolemy.util.test.WatchDog.cancel(): canceling Mon Jun 03 16:19:19 UTC 2019
------------------ testing $PTII/ptolemy/domains/de/test/auto/TransferOutputs2.xml
auto.tcl: Setting watchdog for 200 seconds at Mon Jun 03 16:19:19 UTC 2019
3 ms. Memory: 549376K Free: 522674K (95%)
ptolemy.util.test.WatchDog.cancel(): canceling Mon Jun 03 16:19:19 UTC 2019
auto.tcl: Setting watchdog for 200 seconds at Mon Jun 03 16:19:19 UTC 2019
2 ms. Memory: 549376K Free: 522674K (95%)
ptolemy.util.test.WatchDog.cancel(): canceling Mon Jun 03 16:19:19 UTC 2019
------------------ testing $PTII/ptolemy/domains/de/test/auto/Trilateration.xml
auto.tcl: Setting watchdog for 200 seconds at Mon Jun 03 16:19:19 UTC 2019
14339 ms. Memory: 766976K Free: 116890K (15%)
ptolemy.util.test.WatchDog.cancel(): canceling Mon Jun 03 16:19:34 UTC 2019
auto.tcl: Setting watchdog for 200 seconds at Mon Jun 03 16:19:34 UTC 2019
10964 ms. Memory: 623104K Free: 458937K (74%)
ptolemy.util.test.WatchDog.cancel(): canceling Mon Jun 03 16:19:45 UTC 2019
------------------ testing $PTII/ptolemy/domains/de/test/auto/TwoSigmaDelta.xml
auto.tcl: Setting watchdog for 200 seconds at Mon Jun 03 16:19:46 UTC 2019
2750 ms. Memory: 619520K Free: 304531K (49%)
ptolemy.util.test.WatchDog.cancel(): canceling Mon Jun 03 16:19:48 UTC 2019
auto.tcl: Setting watchdog for 200 seconds at Mon Jun 03 16:19:48 UTC 2019
2114 ms. Memory: 619520K Free: 69291K (11%)
ptolemy.util.test.WatchDog.cancel(): canceling Mon Jun 03 16:19:50 UTC 2019
------------------ testing $PTII/ptolemy/domains/de/test/auto/VariableDelay.xml
auto.tcl: Setting watchdog for 200 seconds at Mon Jun 03 16:19:51 UTC 2019
3 ms. Memory: 623104K Free: 604576K (97%)
ptolemy.util.test.WatchDog.cancel(): canceling Mon Jun 03 16:19:51 UTC 2019
auto.tcl: Setting watchdog for 200 seconds at Mon Jun 03 16:19:51 UTC 2019
2 ms. Memory: 623104K Free: 604576K (97%)
ptolemy.util.test.WatchDog.cancel(): canceling Mon Jun 03 16:19:51 UTC 2019
------------------ testing $PTII/ptolemy/domains/de/test/auto/VariableDelay2.xml
auto.tcl: Setting watchdog for 200 seconds at Mon Jun 03 16:19:51 UTC 2019
7 ms. Memory: 619520K Free: 601452K (97%)
ptolemy.util.test.WatchDog.cancel(): canceling Mon Jun 03 16:19:51 UTC 2019
auto.tcl: Setting watchdog for 200 seconds at Mon Jun 03 16:19:51 UTC 2019
2 ms. Memory: 619520K Free: 601452K (97%)
ptolemy.util.test.WatchDog.cancel(): canceling Mon Jun 03 16:19:51 UTC 2019
------------------ testing $PTII/ptolemy/domains/de/test/auto/VariableDelayZeroDelay.xml
auto.tcl: Setting watchdog for 200 seconds at Mon Jun 03 16:19:51 UTC 2019
2 ms. Memory: 622592K Free: 604523K (97%)
ptolemy.util.test.WatchDog.cancel(): canceling Mon Jun 03 16:19:51 UTC 2019
auto.tcl: Setting watchdog for 200 seconds at Mon Jun 03 16:19:51 UTC 2019
2 ms. Memory: 622592K Free: 604523K (97%)
ptolemy.util.test.WatchDog.cancel(): canceling Mon Jun 03 16:19:51 UTC 2019
------------------ testing $PTII/ptolemy/domains/de/test/auto/VariableDelayZeroDelay2.xml
auto.tcl: Setting watchdog for 200 seconds at Mon Jun 03 16:19:51 UTC 2019
2 ms. Memory: 619520K Free: 596068K (96%)
ptolemy.util.test.WatchDog.cancel(): canceling Mon Jun 03 16:19:51 UTC 2019
auto.tcl: Setting watchdog for 200 seconds at Mon Jun 03 16:19:51 UTC 2019
2 ms. Memory: 619520K Free: 596068K (96%)
ptolemy.util.test.WatchDog.cancel(): canceling Mon Jun 03 16:19:51 UTC 2019
------------------ testing $PTII/ptolemy/domains/de/test/auto/deInCt.xml
auto.tcl: Setting watchdog for 200 seconds at Mon Jun 03 16:19:51 UTC 2019
0
1
1
1
0
0
0
1
1
1
0
0
1
1
1
1
0
0
0
1
1
1
0
0
0
0
0
1
1
1
1
1
1
1
6 ms. Memory: 622080K Free: 598625K (96%)
ptolemy.util.test.WatchDog.cancel(): canceling Mon Jun 03 16:19:51 UTC 2019
auto.tcl: Setting watchdog for 200 seconds at Mon Jun 03 16:19:51 UTC 2019
0
1
1
1
0
0
0
1
1
1
0
0
0
1
1
1
0
0
0
1
1
1
0
0
1
1
1
0
0
0
1
1
1
0
0
1
1
1
1
0
0
0
1
1
1
0
0
0
0
1
1
1
1
1
8 ms. Memory: 622080K Free: 598625K (96%)
ptolemy.util.test.WatchDog.cancel(): canceling Mon Jun 03 16:19:51 UTC 2019
------------------ testing $PTII/ptolemy/domains/de/test/auto/deInCt2.xml
auto.tcl: Setting watchdog for 200 seconds at Mon Jun 03 16:19:51 UTC 2019
0
1
1
1
0
0
1
1
1
0
0
1
1
1
0
0
1
1
1
0
0
1
1
1
0
0
1
1
1
0
0
1
1
1
0
0
1
1
1
0
0
0
17 ms. Memory: 619520K Free: 596017K (96%)
ptolemy.util.test.WatchDog.cancel(): canceling Mon Jun 03 16:19:51 UTC 2019
auto.tcl: Setting watchdog for 200 seconds at Mon Jun 03 16:19:51 UTC 2019
0
1
1
1
0
0
1
1
1
0
0
1
1
1
0
0
1
1
1
0
0
1
1
1
0
0
1
1
1
0
0
1
1
1
0
0
1
1
1
0
0
0
5 ms. Memory: 619520K Free: 596017K (96%)
ptolemy.util.test.WatchDog.cancel(): canceling Mon Jun 03 16:19:51 UTC 2019
------------------ testing $PTII/ptolemy/domains/de/test/auto/dynamicCausalityInterface1.xml
auto.tcl: Setting watchdog for 200 seconds at Mon Jun 03 16:19:51 UTC 2019
1 ms. Memory: 621568K Free: 589922K (95%)
ptolemy.util.test.WatchDog.cancel(): canceling Mon Jun 03 16:19:51 UTC 2019
auto.tcl: Setting watchdog for 200 seconds at Mon Jun 03 16:19:51 UTC 2019
1 ms. Memory: 621568K Free: 589922K (95%)
ptolemy.util.test.WatchDog.cancel(): canceling Mon Jun 03 16:19:51 UTC 2019
------------------ testing $PTII/ptolemy/domains/de/test/auto/fsm_de_test.xml
auto.tcl: Setting watchdog for 200 seconds at Mon Jun 03 16:19:51 UTC 2019
9 ms. Memory: 619520K Free: 595954K (96%)
ptolemy.util.test.WatchDog.cancel(): canceling Mon Jun 03 16:19:51 UTC 2019
auto.tcl: Setting watchdog for 200 seconds at Mon Jun 03 16:19:51 UTC 2019
8 ms. Memory: 619520K Free: 587769K (95%)
ptolemy.util.test.WatchDog.cancel(): canceling Mon Jun 03 16:19:51 UTC 2019
------------------ testing $PTII/ptolemy/domains/de/test/auto/functionDependencyReconstruction.xml
auto.tcl: Setting watchdog for 200 seconds at Mon Jun 03 16:19:51 UTC 2019
2 ms. Memory: 621568K Free: 589807K (95%)
ptolemy.util.test.WatchDog.cancel(): canceling Mon Jun 03 16:19:51 UTC 2019
auto.tcl: Setting watchdog for 200 seconds at Mon Jun 03 16:19:51 UTC 2019
2 ms. Memory: 621568K Free: 581622K (94%)
ptolemy.util.test.WatchDog.cancel(): canceling Mon Jun 03 16:19:51 UTC 2019
------------------ testing $PTII/ptolemy/domains/de/test/auto/multirate.xml
auto.tcl: Setting watchdog for 200 seconds at Mon Jun 03 16:19:51 UTC 2019
7 ms. Memory: 619520K Free: 595821K (96%)
ptolemy.util.test.WatchDog.cancel(): canceling Mon Jun 03 16:19:51 UTC 2019
auto.tcl: Setting watchdog for 200 seconds at Mon Jun 03 16:19:51 UTC 2019
2 ms. Memory: 619520K Free: 595821K (96%)
ptolemy.util.test.WatchDog.cancel(): canceling Mon Jun 03 16:19:51 UTC 2019
------------------ testing $PTII/ptolemy/domains/de/test/auto/multirate2.xml
auto.tcl: Setting watchdog for 200 seconds at Mon Jun 03 16:19:51 UTC 2019
7 ms. Memory: 621056K Free: 597545K (96%)
ptolemy.util.test.WatchDog.cancel(): canceling Mon Jun 03 16:19:51 UTC 2019
auto.tcl: Setting watchdog for 200 seconds at Mon Jun 03 16:19:51 UTC 2019
3 ms. Memory: 621056K Free: 597545K (96%)
ptolemy.util.test.WatchDog.cancel(): canceling Mon Jun 03 16:19:51 UTC 2019
------------------ testing $PTII/ptolemy/domains/de/test/auto/realtime.xml
auto.tcl: Setting watchdog for 200 seconds at Mon Jun 03 16:19:51 UTC 2019
10001 ms. Memory: 619520K Free: 595959K (96%)
ptolemy.util.test.WatchDog.cancel(): canceling Mon Jun 03 16:20:01 UTC 2019
auto.tcl: Setting watchdog for 200 seconds at Mon Jun 03 16:20:01 UTC 2019
10002 ms. Memory: 619520K Free: 595959K (96%)
ptolemy.util.test.WatchDog.cancel(): canceling Mon Jun 03 16:20:11 UTC 2019
------------------ testing $PTII/ptolemy/domains/de/test/auto/relationGroup.xml
auto.tcl: Setting watchdog for 200 seconds at Mon Jun 03 16:20:11 UTC 2019
7 ms. Memory: 621056K Free: 597568K (96%)
ptolemy.util.test.WatchDog.cancel(): canceling Mon Jun 03 16:20:11 UTC 2019
auto.tcl: Setting watchdog for 200 seconds at Mon Jun 03 16:20:11 UTC 2019
2 ms. Memory: 621056K Free: 597568K (96%)
ptolemy.util.test.WatchDog.cancel(): canceling Mon Jun 03 16:20:11 UTC 2019
------------------ testing $PTII/ptolemy/domains/de/test/auto/relationGroup2.xml
auto.tcl: Setting watchdog for 200 seconds at Mon Jun 03 16:20:11 UTC 2019
1 ms. Memory: 619520K Free: 596058K (96%)
ptolemy.util.test.WatchDog.cancel(): canceling Mon Jun 03 16:20:11 UTC 2019
auto.tcl: Setting watchdog for 200 seconds at Mon Jun 03 16:20:11 UTC 2019
2 ms. Memory: 619520K Free: 596058K (96%)
ptolemy.util.test.WatchDog.cancel(): canceling Mon Jun 03 16:20:11 UTC 2019
------------------ testing $PTII/ptolemy/domains/de/test/auto/sortWithOpaquePorts.xml
auto.tcl: Setting watchdog for 200 seconds at Mon Jun 03 16:20:11 UTC 2019
1 ms. Memory: 620544K Free: 597083K (96%)
ptolemy.util.test.WatchDog.cancel(): canceling Mon Jun 03 16:20:11 UTC 2019
auto.tcl: Setting watchdog for 200 seconds at Mon Jun 03 16:20:11 UTC 2019
2 ms. Memory: 620544K Free: 597083K (96%)
ptolemy.util.test.WatchDog.cancel(): canceling Mon Jun 03 16:20:11 UTC 2019
------------------ testing $PTII/ptolemy/domains/de/test/auto/transferInputsandOutputs.xml
auto.tcl: Setting watchdog for 200 seconds at Mon Jun 03 16:20:12 UTC 2019
1 ms. Memory: 619520K Free: 596046K (96%)
ptolemy.util.test.WatchDog.cancel(): canceling Mon Jun 03 16:20:12 UTC 2019
auto.tcl: Setting watchdog for 200 seconds at Mon Jun 03 16:20:12 UTC 2019
2 ms. Memory: 619520K Free: 596046K (96%)
ptolemy.util.test.WatchDog.cancel(): canceling Mon Jun 03 16:20:12 UTC 2019
------------------ testing $PTII/ptolemy/domains/de/test/auto/triggerType.xml
auto.tcl: Setting watchdog for 200 seconds at Mon Jun 03 16:20:12 UTC 2019
1 ms. Memory: 620544K Free: 597021K (96%)
ptolemy.util.test.WatchDog.cancel(): canceling Mon Jun 03 16:20:12 UTC 2019
auto.tcl: Setting watchdog for 200 seconds at Mon Jun 03 16:20:12 UTC 2019
2 ms. Memory: 620544K Free: 597021K (96%)
ptolemy.util.test.WatchDog.cancel(): canceling Mon Jun 03 16:20:12 UTC 2019
06/03/19 04:20:12
Failed: 0  Total Tests: 192  ((Passed: 187, Newly Passed: 1)  Known Failed: 5) /home/travis/build/icyphy/ptII/ptolemy/domains/de/test
06/03/19 04:20:12
Failed: 0  Total Tests: 192  ((Passed: 187, Newly Passed: 1)  Known Failed: 5) /home/travis/build/icyphy/ptII/ptolemy/domains/de/test
----------------- testing (KnownFailure) /home/travis/build/icyphy/ptII/ptolemy/domains/de/test/auto/knownFailedTests/DESDFClockTest.xml
2011 ms. Memory: 619520K Free: 585240K (94%)
Known Failure: java.lang.reflect.InvocationTargetException
----------------- testing (KnownFailure) /home/travis/build/icyphy/ptII/ptolemy/domains/de/test/auto/knownFailedTests/DirectFeedback.xml
1 ms. Memory: 619520K Free: 542191K (88%)
Known Failure: java.lang.reflect.InvocationTargetException
----------------- testing (KnownFailure) /home/travis/build/icyphy/ptII/ptolemy/domains/de/test/auto/knownFailedTests/FSMSource.xml
4 ms. Memory: 619520K Free: 499142K (81%)
----------------- testing (KnownFailure) /home/travis/build/icyphy/ptII/ptolemy/domains/de/test/auto/knownFailedTests/HierarchicalModel.xml
2 ms. Memory: 619520K Free: 466847K (75%)
Known Failure: java.lang.reflect.InvocationTargetException
----------------- testing (KnownFailure) /home/travis/build/icyphy/ptII/ptolemy/domains/de/test/auto/knownFailedTests/dependencyLoop.xml
2 ms. Memory: 619520K Free: 413035K (67%)
Known Failure: java.lang.reflect.InvocationTargetException
----------------- testing (KnownFailure) /home/travis/build/icyphy/ptII/ptolemy/domains/de/test/auto/knownFailedTests/dependencyLoop2.xml
2 ms. Memory: 619520K Free: 359208K (58%)
Known Failure: java.lang.reflect.InvocationTargetException
No auto/linux-amd64/*.xml tests in /home/travis/build/icyphy/ptII/ptolemy/domains/de/test
AutoTests.java: About to close Vertx.
AutoTests.java: Vertx closed.

===========================================================================================
----------------- testing Mon Jun 03 16:20:14 UTC 2019 /home/travis/build/icyphy/ptII/ptolemy/domains/de/test/auto/ActorDepthCalculation_actorWithoutPorts.xml
----------------- Instantiating /home/travis/build/icyphy/ptII/ptolemy/domains/de/test/auto/ActorDepthCalculation_actorWithoutPorts.xml
2 ms. Memory: 619520K Free: 305396K (49%)
----------------- Invoking toplevel() on ptolemy.moml.MoMLSimpleApplication@7d41a8ec
----------------- Done invoking toplevel() on ptolemy.moml.MoMLSimpleApplication@7d41a8ec
reloadAllAccessors: .ActorDepthCalculation_actorWithoutPorts

===========================================================================================
----------------- testing Mon Jun 03 16:20:14 UTC 2019 /home/travis/build/icyphy/ptII/ptolemy/domains/de/test/auto/AssemblyLine.xml
----------------- Instantiating /home/travis/build/icyphy/ptII/ptolemy/domains/de/test/auto/AssemblyLine.xml
2 ms. Memory: 619520K Free: 283872K (46%)
----------------- Invoking toplevel() on ptolemy.moml.MoMLSimpleApplication@4b4066ff
----------------- Done invoking toplevel() on ptolemy.moml.MoMLSimpleApplication@4b4066ff
reloadAllAccessors: .AssemblyLine

===========================================================================================
----------------- testing Mon Jun 03 16:20:14 UTC 2019 /home/travis/build/icyphy/ptII/ptolemy/domains/de/test/auto/CQBug1.xml
----------------- Instantiating /home/travis/build/icyphy/ptII/ptolemy/domains/de/test/auto/CQBug1.xml
1 ms. Memory: 619520K Free: 262347K (42%)
----------------- Invoking toplevel() on ptolemy.moml.MoMLSimpleApplication@5cca4c0c
----------------- Done invoking toplevel() on ptolemy.moml.MoMLSimpleApplication@5cca4c0c
reloadAllAccessors: .CQBug1

===========================================================================================
----------------- testing Mon Jun 03 16:20:14 UTC 2019 /home/travis/build/icyphy/ptII/ptolemy/domains/de/test/auto/CancelFireAt.xml
----------------- Instantiating /home/travis/build/icyphy/ptII/ptolemy/domains/de/test/auto/CancelFireAt.xml
1 ms. Memory: 619520K Free: 240823K (39%)
----------------- Invoking toplevel() on ptolemy.moml.MoMLSimpleApplication@98cb0bd
----------------- Done invoking toplevel() on ptolemy.moml.MoMLSimpleApplication@98cb0bd
reloadAllAccessors: .CancelFireAt

===========================================================================================
----------------- testing Mon Jun 03 16:20:14 UTC 2019 /home/travis/build/icyphy/ptII/ptolemy/domains/de/test/auto/CausalityAndComposabilityAnalysis.xml
----------------- Instantiating /home/travis/build/icyphy/ptII/ptolemy/domains/de/test/auto/CausalityAndComposabilityAnalysis.xml
1 ms. Memory: 619520K Free: 219298K (35%)
----------------- Invoking toplevel() on ptolemy.moml.MoMLSimpleApplication@15cda1a7
----------------- Done invoking toplevel() on ptolemy.moml.MoMLSimpleApplication@15cda1a7
reloadAllAccessors: .CausalityAndComposabilityAnalysis

===========================================================================================
----------------- testing Mon Jun 03 16:20:14 UTC 2019 /home/travis/build/icyphy/ptII/ptolemy/domains/de/test/auto/CausalityInterface1.xml
----------------- Instantiating /home/travis/build/icyphy/ptII/ptolemy/domains/de/test/auto/CausalityInterface1.xml
3 ms. Memory: 619520K Free: 197774K (32%)
----------------- Invoking toplevel() on ptolemy.moml.MoMLSimpleApplication@7492ae80
----------------- Done invoking toplevel() on ptolemy.moml.MoMLSimpleApplication@7492ae80
reloadAllAccessors: .CausalityInterface1

===========================================================================================
----------------- testing Mon Jun 03 16:20:14 UTC 2019 /home/travis/build/icyphy/ptII/ptolemy/domains/de/test/auto/CausalityInterface15.xml
----------------- Instantiating /home/travis/build/icyphy/ptII/ptolemy/domains/de/test/auto/CausalityInterface15.xml
1 ms. Memory: 619520K Free: 176249K (28%)
----------------- Invoking toplevel() on ptolemy.moml.MoMLSimpleApplication@1b24a727
----------------- Done invoking toplevel() on ptolemy.moml.MoMLSimpleApplication@1b24a727
reloadAllAccessors: .CausalityInterface15

[...]
java.lang.RuntimeException: Execution failed
	at ptolemy.moml.MoMLSimpleApplication$UnloadThread.run(MoMLSimpleApplication.java:402)
Caused by: ptolemy.kernel.util.IllegalActionException: Test fails in iteration 1.
Value was: 1.0. Should have been: 2.0
  in .DirectFeedback.Test
	at ptolemy.actor.lib.Test.fire(Test.java:268)
	at ptolemy.domains.de.kernel.DEDirector._fire(DEDirector.java:1949)
	at ptolemy.domains.de.kernel.DEDirector.fire(DEDirector.java:502)
	at ptolemy.actor.CompositeActor.fire(CompositeActor.java:455)
	at ptolemy.actor.Manager.iterate(Manager.java:851)
	at ptolemy.actor.Manager.execute(Manager.java:369)
	at ptolemy.actor.Manager.run(Manager.java:1263)
	at ptolemy.actor.Manager$PtolemyRunThread.run(Manager.java:1915)
java.lang.RuntimeException: Execution failed
	at ptolemy.moml.MoMLSimpleApplication$UnloadThread.run(MoMLSimpleApplication.java:402)
Caused by: ptolemy.kernel.util.IllegalActionException: Actor is not ready to fire.  Perhaps UpSample.prefire() returned false? Try debugging the actor by selecting "Listen to Actor".  Also, for SDF check moml for tokenConsumptionRate on input.
  in .DESDFClockTest.Play Bell.Copy1:SDF Director and .DESDFClockTest.Play Bell.UpSample
	at ptolemy.actor.sched.StaticSchedulingDirector.fire(StaticSchedulingDirector.java:227)
	at ptolemy.domains.sdf.kernel.SDFDirector.fire(SDFDirector.java:500)
	at ptolemy.actor.CompositeActor.fire(CompositeActor.java:455)
	at ptolemy.domains.de.kernel.DEDirector._fire(DEDirector.java:1949)
	at ptolemy.domains.de.kernel.DEDirector.fire(DEDirector.java:502)
	at ptolemy.actor.CompositeActor.fire(CompositeActor.java:455)
	at ptolemy.actor.Manager.iterate(Manager.java:851)
	at ptolemy.actor.Manager.execute(Manager.java:369)
	at ptolemy.actor.Manager.run(Manager.java:1263)
	at ptolemy.actor.Manager$PtolemyRunThread.run(Manager.java:1915)
java.lang.reflect.InvocationTargetException
	at sun.reflect.NativeConstructorAccessorImpl.newInstance0(Native Method)
	at sun.reflect.NativeConstructorAccessorImpl.newInstance(NativeConstructorAccessorImpl.java:62)
	at sun.reflect.DelegatingConstructorAccessorImpl.newInstance(DelegatingConstructorAccessorImpl.java:45)
	at java.lang.reflect.Constructor.newInstance(Constructor.java:423)
	at ptolemy.util.test.junit.AutoKnownFailedTests.RunModel(AutoKnownFailedTests.java:105)
	at sun.reflect.NativeMethodAccessorImpl.invoke0(Native Method)
	at sun.reflect.NativeMethodAccessorImpl.invoke(NativeMethodAccessorImpl.java:62)
	at sun.reflect.DelegatingMethodAccessorImpl.invoke(DelegatingMethodAccessorImpl.java:43)
	at java.lang.reflect.Method.invoke(Method.java:498)
	at org.junit.runners.model.FrameworkMethod$1.runReflectiveCall(FrameworkMethod.java:44)
	at org.junit.internal.runners.model.ReflectiveCallable.run(ReflectiveCallable.java:15)
	at org.junit.runners.model.FrameworkMethod.invokeExplosively(FrameworkMethod.java:41)
	at junitparams.internal.InvokeParameterisedMethod.evaluate(InvokeParameterisedMethod.java:102)
	at org.junit.internal.runners.statements.FailOnTimeout$1.run(FailOnTimeout.java:28)
Caused by: ptolemy.kernel.util.IllegalActionException: Actor is not ready to fire.  Perhaps UpSample.prefire() returned false? Try debugging the actor by selecting "Listen to Actor".  Also, for SDF check moml for tokenConsumptionRate on input.
  in .DESDFClockTest.Play Bell.Copy1:SDF Director and .DESDFClockTest.Play Bell.UpSample
	at ptolemy.actor.sched.StaticSchedulingDirector.fire(StaticSchedulingDirector.java:227)
	at ptolemy.domains.sdf.kernel.SDFDirector.fire(SDFDirector.java:500)
	at ptolemy.actor.CompositeActor.fire(CompositeActor.java:455)
	at ptolemy.domains.de.kernel.DEDirector._fire(DEDirector.java:1949)
	at ptolemy.domains.de.kernel.DEDirector.fire(DEDirector.java:502)
	at ptolemy.actor.CompositeActor.fire(CompositeActor.java:455)
	at ptolemy.actor.Manager.iterate(Manager.java:851)
	at ptolemy.actor.Manager.execute(Manager.java:369)
	at ptolemy.actor.Manager.run(Manager.java:1263)
	at ptolemy.actor.Manager$PtolemyRunThread.run(Manager.java:1915)
java.lang.RuntimeException: Execution failed
	at ptolemy.moml.MoMLSimpleApplication$UnloadThread.run(MoMLSimpleApplication.java:402)
Caused by: ptolemy.kernel.util.IllegalActionException: Test fails in iteration 1.
Value was: 1.0. Should have been: 2.0
  in .DirectFeedback.Test
	at ptolemy.actor.lib.Test.fire(Test.java:268)
	at ptolemy.domains.de.kernel.DEDirector._fire(DEDirector.java:1949)
	at ptolemy.domains.de.kernel.DEDirector.fire(DEDirector.java:502)
	at ptolemy.actor.CompositeActor.fire(CompositeActor.java:455)
	at ptolemy.actor.Manager.iterate(Manager.java:851)
	at ptolemy.actor.Manager.execute(Manager.java:369)
	at ptolemy.actor.Manager.run(Manager.java:1263)
	at ptolemy.actor.Manager$PtolemyRunThread.run(Manager.java:1915)
java.lang.reflect.InvocationTargetException
	at sun.reflect.NativeConstructorAccessorImpl.newInstance0(Native Method)
	at sun.reflect.NativeConstructorAccessorImpl.newInstance(NativeConstructorAccessorImpl.java:62)
	at sun.reflect.DelegatingConstructorAccessorImpl.newInstance(DelegatingConstructorAccessorImpl.java:45)
	at java.lang.reflect.Constructor.newInstance(Constructor.java:423)
	at ptolemy.util.test.junit.AutoKnownFailedTests.RunModel(AutoKnownFailedTests.java:105)
	at sun.reflect.NativeMethodAccessorImpl.invoke0(Native Method)
	at sun.reflect.NativeMethodAccessorImpl.invoke(NativeMethodAccessorImpl.java:62)
	at sun.reflect.DelegatingMethodAccessorImpl.invoke(DelegatingMethodAccessorImpl.java:43)
	at java.lang.reflect.Method.invoke(Method.java:498)
	at org.junit.runners.model.FrameworkMethod$1.runReflectiveCall(FrameworkMethod.java:44)
	at org.junit.internal.runners.model.ReflectiveCallable.run(ReflectiveCallable.java:15)
	at org.junit.runners.model.FrameworkMethod.invokeExplosively(FrameworkMethod.java:41)
	at junitparams.internal.InvokeParameterisedMethod.evaluate(InvokeParameterisedMethod.java:102)
	at org.junit.internal.runners.statements.FailOnTimeout$1.run(FailOnTimeout.java:28)
Caused by: ptolemy.kernel.util.IllegalActionException: Test fails in iteration 1.
Value was: 1.0. Should have been: 2.0
  in .DirectFeedback.Test
	at ptolemy.actor.lib.Test.fire(Test.java:268)
	at ptolemy.domains.de.kernel.DEDirector._fire(DEDirector.java:1949)
	at ptolemy.domains.de.kernel.DEDirector.fire(DEDirector.java:502)
	at ptolemy.actor.CompositeActor.fire(CompositeActor.java:455)
	at ptolemy.actor.Manager.iterate(Manager.java:851)
	at ptolemy.actor.Manager.execute(Manager.java:369)
	at ptolemy.actor.Manager.run(Manager.java:1263)
	at ptolemy.actor.Manager$PtolemyRunThread.run(Manager.java:1915)
java.lang.RuntimeException: Execution failed
	at ptolemy.moml.MoMLSimpleApplication$UnloadThread.run(MoMLSimpleApplication.java:402)
Caused by: ptolemy.kernel.util.IllegalActionException: Found a zero delay loop containing .HierarchicalModel.A
  in .HierarchicalModel and .HierarchicalModel.A
	at ptolemy.actor.util.CausalityInterfaceForComposites._computeOutputPortDepth(CausalityInterfaceForComposites.java:759)
	at ptolemy.actor.util.CausalityInterfaceForComposites._computeInputDepth(CausalityInterfaceForComposites.java:696)
	at ptolemy.actor.util.CausalityInterfaceForComposites._computeOutputPortDepth(CausalityInterfaceForComposites.java:765)
	at ptolemy.actor.util.CausalityInterfaceForComposites._computeInputDepth(CausalityInterfaceForComposites.java:696)
	at ptolemy.actor.util.CausalityInterfaceForComposites._computeOutputPortDepth(CausalityInterfaceForComposites.java:765)
	at ptolemy.actor.util.CausalityInterfaceForComposites._computeInputDepth(CausalityInterfaceForComposites.java:696)
	at ptolemy.actor.util.CausalityInterfaceForComposites._computeActorDepth(CausalityInterfaceForComposites.java:532)
	at ptolemy.actor.util.CausalityInterfaceForComposites.checkForCycles(CausalityInterfaceForComposites.java:96)
	at ptolemy.domains.de.kernel.DEDirector.preinitialize(DEDirector.java:1338)
	at ptolemy.actor.CompositeActor.preinitialize(CompositeActor.java:1828)
	at ptolemy.actor.Manager.preinitializeAndResolveTypes(Manager.java:1040)
	at ptolemy.actor.Manager.initialize(Manager.java:710)
	at ptolemy.actor.Manager.execute(Manager.java:356)
	at ptolemy.actor.Manager.run(Manager.java:1263)
	at ptolemy.actor.Manager$PtolemyRunThread.run(Manager.java:1915)
java.lang.reflect.InvocationTargetException
	at sun.reflect.NativeConstructorAccessorImpl.newInstance0(Native Method)
	at sun.reflect.NativeConstructorAccessorImpl.newInstance(NativeConstructorAccessorImpl.java:62)
	at sun.reflect.DelegatingConstructorAccessorImpl.newInstance(DelegatingConstructorAccessorImpl.java:45)
	at java.lang.reflect.Constructor.newInstance(Constructor.java:423)
	at ptolemy.util.test.junit.AutoKnownFailedTests.RunModel(AutoKnownFailedTests.java:105)
	at sun.reflect.NativeMethodAccessorImpl.invoke0(Native Method)
	at sun.reflect.NativeMethodAccessorImpl.invoke(NativeMethodAccessorImpl.java:62)
	at sun.reflect.DelegatingMethodAccessorImpl.invoke(DelegatingMethodAccessorImpl.java:43)
	at java.lang.reflect.Method.invoke(Method.java:498)
	at org.junit.runners.model.FrameworkMethod$1.runReflectiveCall(FrameworkMethod.java:44)
	at org.junit.internal.runners.model.ReflectiveCallable.run(ReflectiveCallable.java:15)
	at org.junit.runners.model.FrameworkMethod.invokeExplosively(FrameworkMethod.java:41)
	at junitparams.internal.InvokeParameterisedMethod.evaluate(InvokeParameterisedMethod.java:102)
	at org.junit.internal.runners.statements.FailOnTimeout$1.run(FailOnTimeout.java:28)
Caused by: ptolemy.kernel.util.IllegalActionException: Found a zero delay loop containing .HierarchicalModel.A
  in .HierarchicalModel and .HierarchicalModel.A
	at ptolemy.actor.util.CausalityInterfaceForComposites._computeOutputPortDepth(CausalityInterfaceForComposites.java:759)
	at ptolemy.actor.util.CausalityInterfaceForComposites._computeInputDepth(CausalityInterfaceForComposites.java:696)
	at ptolemy.actor.util.CausalityInterfaceForComposites._computeOutputPortDepth(CausalityInterfaceForComposites.java:765)
	at ptolemy.actor.util.CausalityInterfaceForComposites._computeInputDepth(CausalityInterfaceForComposites.java:696)
	at ptolemy.actor.util.CausalityInterfaceForComposites._computeOutputPortDepth(CausalityInterfaceForComposites.java:765)
	at ptolemy.actor.util.CausalityInterfaceForComposites._computeInputDepth(CausalityInterfaceForComposites.java:696)
	at ptolemy.actor.util.CausalityInterfaceForComposites._computeActorDepth(CausalityInterfaceForComposites.java:532)
	at ptolemy.actor.util.CausalityInterfaceForComposites.checkForCycles(CausalityInterfaceForComposites.java:96)
	at ptolemy.domains.de.kernel.DEDirector.preinitialize(DEDirector.java:1338)
	at ptolemy.actor.CompositeActor.preinitialize(CompositeActor.java:1828)
	at ptolemy.actor.Manager.preinitializeAndResolveTypes(Manager.java:1040)
	at ptolemy.actor.Manager.initialize(Manager.java:710)
	at ptolemy.actor.Manager.execute(Manager.java:356)
	at ptolemy.actor.Manager.run(Manager.java:1263)
	at ptolemy.actor.Manager$PtolemyRunThread.run(Manager.java:1915)
java.lang.RuntimeException: Execution failed
	at ptolemy.moml.MoMLSimpleApplication$UnloadThread.run(MoMLSimpleApplication.java:402)
Caused by: ptolemy.kernel.util.IllegalActionException: Found a zero delay loop containing .dependencyLoop.original
  in .dependencyLoop and .dependencyLoop.original
	at ptolemy.actor.util.CausalityInterfaceForComposites._computeOutputPortDepth(CausalityInterfaceForComposites.java:759)
	at ptolemy.actor.util.CausalityInterfaceForComposites._computeInputDepth(CausalityInterfaceForComposites.java:696)
	at ptolemy.actor.util.CausalityInterfaceForComposites._computeOutputPortDepth(CausalityInterfaceForComposites.java:765)
	at ptolemy.actor.util.CausalityInterfaceForComposites._computeInputDepth(CausalityInterfaceForComposites.java:696)
	at ptolemy.actor.util.CausalityInterfaceForComposites._computeOutputPortDepth(CausalityInterfaceForComposites.java:765)
	at ptolemy.actor.util.CausalityInterfaceForComposites._computeInputDepth(CausalityInterfaceForComposites.java:696)
	at ptolemy.actor.util.CausalityInterfaceForComposites._computeActorDepth(CausalityInterfaceForComposites.java:532)
	at ptolemy.actor.util.CausalityInterfaceForComposites.checkForCycles(CausalityInterfaceForComposites.java:96)
	at ptolemy.domains.de.kernel.DEDirector.preinitialize(DEDirector.java:1338)
	at ptolemy.actor.CompositeActor.preinitialize(CompositeActor.java:1828)
	at ptolemy.actor.Manager.preinitializeAndResolveTypes(Manager.java:1040)
	at ptolemy.actor.Manager.initialize(Manager.java:710)
	at ptolemy.actor.Manager.execute(Manager.java:356)
	at ptolemy.actor.Manager.run(Manager.java:1263)
	at ptolemy.actor.Manager$PtolemyRunThread.run(Manager.java:1915)
java.lang.reflect.InvocationTargetException
	at sun.reflect.NativeConstructorAccessorImpl.newInstance0(Native Method)
	at sun.reflect.NativeConstructorAccessorImpl.newInstance(NativeConstructorAccessorImpl.java:62)
	at sun.reflect.DelegatingConstructorAccessorImpl.newInstance(DelegatingConstructorAccessorImpl.java:45)
	at java.lang.reflect.Constructor.newInstance(Constructor.java:423)
	at ptolemy.util.test.junit.AutoKnownFailedTests.RunModel(AutoKnownFailedTests.java:105)
	at sun.reflect.NativeMethodAccessorImpl.invoke0(Native Method)
	at sun.reflect.NativeMethodAccessorImpl.invoke(NativeMethodAccessorImpl.java:62)
	at sun.reflect.DelegatingMethodAccessorImpl.invoke(DelegatingMethodAccessorImpl.java:43)
	at java.lang.reflect.Method.invoke(Method.java:498)
	at org.junit.runners.model.FrameworkMethod$1.runReflectiveCall(FrameworkMethod.java:44)
	at org.junit.internal.runners.model.ReflectiveCallable.run(ReflectiveCallable.java:15)
	at org.junit.runners.model.FrameworkMethod.invokeExplosively(FrameworkMethod.java:41)
	at junitparams.internal.InvokeParameterisedMethod.evaluate(InvokeParameterisedMethod.java:102)
	at org.junit.internal.runners.statements.FailOnTimeout$1.run(FailOnTimeout.java:28)
Caused by: ptolemy.kernel.util.IllegalActionException: Found a zero delay loop containing .dependencyLoop.original
  in .dependencyLoop and .dependencyLoop.original
	at ptolemy.actor.util.CausalityInterfaceForComposites._computeOutputPortDepth(CausalityInterfaceForComposites.java:759)
	at ptolemy.actor.util.CausalityInterfaceForComposites._computeInputDepth(CausalityInterfaceForComposites.java:696)
	at ptolemy.actor.util.CausalityInterfaceForComposites._computeOutputPortDepth(CausalityInterfaceForComposites.java:765)
	at ptolemy.actor.util.CausalityInterfaceForComposites._computeInputDepth(CausalityInterfaceForComposites.java:696)
	at ptolemy.actor.util.CausalityInterfaceForComposites._computeOutputPortDepth(CausalityInterfaceForComposites.java:765)
	at ptolemy.actor.util.CausalityInterfaceForComposites._computeInputDepth(CausalityInterfaceForComposites.java:696)
	at ptolemy.actor.util.CausalityInterfaceForComposites._computeActorDepth(CausalityInterfaceForComposites.java:532)
	at ptolemy.actor.util.CausalityInterfaceForComposites.checkForCycles(CausalityInterfaceForComposites.java:96)
	at ptolemy.domains.de.kernel.DEDirector.preinitialize(DEDirector.java:1338)
	at ptolemy.actor.CompositeActor.preinitialize(CompositeActor.java:1828)
	at ptolemy.actor.Manager.preinitializeAndResolveTypes(Manager.java:1040)
	at ptolemy.actor.Manager.initialize(Manager.java:710)
	at ptolemy.actor.Manager.execute(Manager.java:356)
	at ptolemy.actor.Manager.run(Manager.java:1263)
	at ptolemy.actor.Manager$PtolemyRunThread.run(Manager.java:1915)
java.lang.RuntimeException: Execution failed
	at ptolemy.moml.MoMLSimpleApplication$UnloadThread.run(MoMLSimpleApplication.java:402)
Caused by: ptolemy.kernel.util.IllegalActionException: Found a zero delay loop containing .dependencyLoop2.original
  in .dependencyLoop2 and .dependencyLoop2.original
	at ptolemy.actor.util.CausalityInterfaceForComposites._computeOutputPortDepth(CausalityInterfaceForComposites.java:759)
	at ptolemy.actor.util.CausalityInterfaceForComposites._computeInputDepth(CausalityInterfaceForComposites.java:696)
	at ptolemy.actor.util.CausalityInterfaceForComposites._computeOutputPortDepth(CausalityInterfaceForComposites.java:765)
	at ptolemy.actor.util.CausalityInterfaceForComposites._computeInputDepth(CausalityInterfaceForComposites.java:696)
	at ptolemy.actor.util.CausalityInterfaceForComposites._computeOutputPortDepth(CausalityInterfaceForComposites.java:765)
	at ptolemy.actor.util.CausalityInterfaceForComposites._computeInputDepth(CausalityInterfaceForComposites.java:696)
	at ptolemy.actor.util.CausalityInterfaceForComposites._computeActorDepth(CausalityInterfaceForComposites.java:532)
	at ptolemy.actor.util.CausalityInterfaceForComposites.checkForCycles(CausalityInterfaceForComposites.java:96)
	at ptolemy.domains.de.kernel.DEDirector.preinitialize(DEDirector.java:1338)
	at ptolemy.actor.CompositeActor.preinitialize(CompositeActor.java:1828)
	at ptolemy.actor.Manager.preinitializeAndResolveTypes(Manager.java:1040)
	at ptolemy.actor.Manager.initialize(Manager.java:710)
	at ptolemy.actor.Manager.execute(Manager.java:356)
	at ptolemy.actor.Manager.run(Manager.java:1263)
	at ptolemy.actor.Manager$PtolemyRunThread.run(Manager.java:1915)
java.lang.reflect.InvocationTargetException
	at sun.reflect.NativeConstructorAccessorImpl.newInstance0(Native Method)
	at sun.reflect.NativeConstructorAccessorImpl.newInstance(NativeConstructorAccessorImpl.java:62)
	at sun.reflect.DelegatingConstructorAccessorImpl.newInstance(DelegatingConstructorAccessorImpl.java:45)
	at java.lang.reflect.Constructor.newInstance(Constructor.java:423)
	at ptolemy.util.test.junit.AutoKnownFailedTests.RunModel(AutoKnownFailedTests.java:105)
	at sun.reflect.NativeMethodAccessorImpl.invoke0(Native Method)
	at sun.reflect.NativeMethodAccessorImpl.invoke(NativeMethodAccessorImpl.java:62)
	at sun.reflect.DelegatingMethodAccessorImpl.invoke(DelegatingMethodAccessorImpl.java:43)
	at java.lang.reflect.Method.invoke(Method.java:498)
	at org.junit.runners.model.FrameworkMethod$1.runReflectiveCall(FrameworkMethod.java:44)
	at org.junit.internal.runners.model.ReflectiveCallable.run(ReflectiveCallable.java:15)
	at org.junit.runners.model.FrameworkMethod.invokeExplosively(FrameworkMethod.java:41)
	at junitparams.internal.InvokeParameterisedMethod.evaluate(InvokeParameterisedMethod.java:102)
	at org.junit.internal.runners.statements.FailOnTimeout$1.run(FailOnTimeout.java:28)
Caused by: ptolemy.kernel.util.IllegalActionException: Found a zero delay loop containing .dependencyLoop2.original
  in .dependencyLoop2 and .dependencyLoop2.original
	at ptolemy.actor.util.CausalityInterfaceForComposites._computeOutputPortDepth(CausalityInterfaceForComposites.java:759)
	at ptolemy.actor.util.CausalityInterfaceForComposites._computeInputDepth(CausalityInterfaceForComposites.java:696)
	at ptolemy.actor.util.CausalityInterfaceForComposites._computeOutputPortDepth(CausalityInterfaceForComposites.java:765)
	at ptolemy.actor.util.CausalityInterfaceForComposites._computeInputDepth(CausalityInterfaceForComposites.java:696)
	at ptolemy.actor.util.CausalityInterfaceForComposites._computeOutputPortDepth(CausalityInterfaceForComposites.java:765)
	at ptolemy.actor.util.CausalityInterfaceForComposites._computeInputDepth(CausalityInterfaceForComposites.java:696)
	at ptolemy.actor.util.CausalityInterfaceForComposites._computeActorDepth(CausalityInterfaceForComposites.java:532)
	at ptolemy.actor.util.CausalityInterfaceForComposites.checkForCycles(CausalityInterfaceForComposites.java:96)
	at ptolemy.domains.de.kernel.DEDirector.preinitialize(DEDirector.java:1338)
	at ptolemy.actor.CompositeActor.preinitialize(CompositeActor.java:1828)
	at ptolemy.actor.Manager.preinitializeAndResolveTypes(Manager.java:1040)
	at ptolemy.actor.Manager.initialize(Manager.java:710)
	at ptolemy.actor.Manager.execute(Manager.java:356)
	at ptolemy.actor.Manager.run(Manager.java:1263)
	at ptolemy.actor.Manager$PtolemyRunThread.run(Manager.java:1915)
]]></system-err>
</testsuite>
