<?xml version="1.0" encoding="UTF-8" ?>
<testsuite errors="0" failures="0" hostname="travis-job-5c27ef9a-e069-4bfc-b9b3-d8024bd9d771" name="ptolemy.domains.sdf.lib.test.junit.JUnitTclTest" skipped="0" tests="82" time="9.181" timestamp="2019-06-03T04:34:59">
  <properties>
[...]
</properties>
  <testcase classname="ptolemy.util.test.junit.TclTests" name="[0] /home/travis/build/icyphy/ptII/ptolemy/domains/sdf/lib/test/ArrayToSequence.tcl (RunTclFile)" time="0.519" />
  <testcase classname="ptolemy.util.test.junit.TclTests" name="[1] /home/travis/build/icyphy/ptII/ptolemy/domains/sdf/lib/test/BitsToInt.tcl (RunTclFile)" time="0.069" />
  <testcase classname="ptolemy.util.test.junit.TclTests" name="[2] /home/travis/build/icyphy/ptII/ptolemy/domains/sdf/lib/test/DelayLine.tcl (RunTclFile)" time="0.02" />
  <testcase classname="ptolemy.util.test.junit.TclTests" name="[3] /home/travis/build/icyphy/ptII/ptolemy/domains/sdf/lib/test/FFT.tcl (RunTclFile)" time="0.018" />
  <testcase classname="ptolemy.util.test.junit.TclTests" name="[4] /home/travis/build/icyphy/ptII/ptolemy/domains/sdf/lib/test/FIR.tcl (RunTclFile)" time="0.084" />
  <testcase classname="ptolemy.util.test.junit.TclTests" name="[5] /home/travis/build/icyphy/ptII/ptolemy/domains/sdf/lib/test/IntToBits.tcl (RunTclFile)" time="0.049" />
  <testcase classname="ptolemy.util.test.junit.TclTests" name="[6] /home/travis/build/icyphy/ptII/ptolemy/domains/sdf/lib/test/MaximumEntropySpectrum.tcl (RunTclFile)" time="0.257" />
  <testcase classname="ptolemy.util.test.junit.TclTests" name="[7] /home/travis/build/icyphy/ptII/ptolemy/domains/sdf/lib/test/Repeat.tcl (RunTclFile)" time="0.029" />
  <testcase classname="ptolemy.util.test.junit.TclTests" name="[8] /home/travis/build/icyphy/ptII/ptolemy/domains/sdf/lib/test/SampleDelay.tcl (RunTclFile)" time="0.067" />
  <testcase classname="ptolemy.util.test.junit.TclTests" name="[9] /home/travis/build/icyphy/ptII/ptolemy/domains/sdf/lib/test/SequenceToArray.tcl (RunTclFile)" time="0.058" />
  <testcase classname="ptolemy.util.test.junit.AutoKnownFailedTests" name="[0] ThereAreNoKnowFailedTests (RunModel)" time="0.003" />
  <testcase classname="ptolemy.util.test.junit.AutoNameArchTests" name="[0] ThereAreNoAutoArchTests (RunModel)" time="0.004" />
  <testcase classname="ptolemy.util.test.junit.AutoTests" name="[0] /home/travis/build/icyphy/ptII/ptolemy/domains/sdf/lib/test/auto/ArrayToSequence.xml (RunModel)" time="0.238" />
  <testcase classname="ptolemy.util.test.junit.AutoTests" name="[1] /home/travis/build/icyphy/ptII/ptolemy/domains/sdf/lib/test/auto/ArrayToSequenceTest.xml (RunModel)" time="0.097" />
  <testcase classname="ptolemy.util.test.junit.AutoTests" name="[2] /home/travis/build/icyphy/ptII/ptolemy/domains/sdf/lib/test/auto/Autocorrelation.xml (RunModel)" time="0.07" />
  <testcase classname="ptolemy.util.test.junit.AutoTests" name="[3] /home/travis/build/icyphy/ptII/ptolemy/domains/sdf/lib/test/auto/Autocorrelation2.xml (RunModel)" time="0.038" />
  <testcase classname="ptolemy.util.test.junit.AutoTests" name="[4] /home/travis/build/icyphy/ptII/ptolemy/domains/sdf/lib/test/auto/Autocorrelation3.xml (RunModel)" time="0.031" />
  <testcase classname="ptolemy.util.test.junit.AutoTests" name="[5] /home/travis/build/icyphy/ptII/ptolemy/domains/sdf/lib/test/auto/Autocorrelation4.xml (RunModel)" time="0.02" />
  <testcase classname="ptolemy.util.test.junit.AutoTests" name="[6] /home/travis/build/icyphy/ptII/ptolemy/domains/sdf/lib/test/auto/Autocorrelation5.xml (RunModel)" time="0.099" />
  <testcase classname="ptolemy.util.test.junit.AutoTests" name="[7] /home/travis/build/icyphy/ptII/ptolemy/domains/sdf/lib/test/auto/BitsToInt.xml (RunModel)" time="0.014" />
  <testcase classname="ptolemy.util.test.junit.AutoTests" name="[8] /home/travis/build/icyphy/ptII/ptolemy/domains/sdf/lib/test/auto/BooleanJoin.xml (RunModel)" time="0.042" />
  <testcase classname="ptolemy.util.test.junit.AutoTests" name="[9] /home/travis/build/icyphy/ptII/ptolemy/domains/sdf/lib/test/auto/BootstrapSampleDelay.xml (RunModel)" time="0.049" />
  <testcase classname="ptolemy.util.test.junit.AutoTests" name="[10] /home/travis/build/icyphy/ptII/ptolemy/domains/sdf/lib/test/auto/Chop.xml (RunModel)" time="0.028" />
  <testcase classname="ptolemy.util.test.junit.AutoTests" name="[11] /home/travis/build/icyphy/ptII/ptolemy/domains/sdf/lib/test/auto/Chop2.xml (RunModel)" time="0.04" />
  <testcase classname="ptolemy.util.test.junit.AutoTests" name="[12] /home/travis/build/icyphy/ptII/ptolemy/domains/sdf/lib/test/auto/ComplexJoin.xml (RunModel)" time="0.036" />
  <testcase classname="ptolemy.util.test.junit.AutoTests" name="[13] /home/travis/build/icyphy/ptII/ptolemy/domains/sdf/lib/test/auto/CountTrues.xml (RunModel)" time="0.036" />
  <testcase classname="ptolemy.util.test.junit.AutoTests" name="[14] /home/travis/build/icyphy/ptII/ptolemy/domains/sdf/lib/test/auto/DelayLine.xml (RunModel)" time="0.047" />
  <testcase classname="ptolemy.util.test.junit.AutoTests" name="[15] /home/travis/build/icyphy/ptII/ptolemy/domains/sdf/lib/test/auto/DotProduct.xml (RunModel)" time="0.033" />
  <testcase classname="ptolemy.util.test.junit.AutoTests" name="[16] /home/travis/build/icyphy/ptII/ptolemy/domains/sdf/lib/test/auto/DotProductMatrix.xml (RunModel)" time="0.028" />
  <testcase classname="ptolemy.util.test.junit.AutoTests" name="[17] /home/travis/build/icyphy/ptII/ptolemy/domains/sdf/lib/test/auto/DownSample1.xml (RunModel)" time="0.026" />
  <testcase classname="ptolemy.util.test.junit.AutoTests" name="[18] /home/travis/build/icyphy/ptII/ptolemy/domains/sdf/lib/test/auto/DynamicRateChange.xml (RunModel)" time="0.037" />
  <testcase classname="ptolemy.util.test.junit.AutoTests" name="[19] /home/travis/build/icyphy/ptII/ptolemy/domains/sdf/lib/test/auto/DynamicRates.xml (RunModel)" time="0.036" />
  <testcase classname="ptolemy.util.test.junit.AutoTests" name="[20] /home/travis/build/icyphy/ptII/ptolemy/domains/sdf/lib/test/auto/FFT1.xml (RunModel)" time="0.031" />
  <testcase classname="ptolemy.util.test.junit.AutoTests" name="[21] /home/travis/build/icyphy/ptII/ptolemy/domains/sdf/lib/test/auto/FIR1.xml (RunModel)" time="0.058" />
  <testcase classname="ptolemy.util.test.junit.AutoTests" name="[22] /home/travis/build/icyphy/ptII/ptolemy/domains/sdf/lib/test/auto/FIR2.xml (RunModel)" time="0.019" />
  <testcase classname="ptolemy.util.test.junit.AutoTests" name="[23] /home/travis/build/icyphy/ptII/ptolemy/domains/sdf/lib/test/auto/FIR4.xml (RunModel)" time="0.055" />
  <testcase classname="ptolemy.util.test.junit.AutoTests" name="[24] /home/travis/build/icyphy/ptII/ptolemy/domains/sdf/lib/test/auto/FixJoin.xml (RunModel)" time="0.042" />
  <testcase classname="ptolemy.util.test.junit.AutoTests" name="[25] /home/travis/build/icyphy/ptII/ptolemy/domains/sdf/lib/test/auto/IntJoin1.xml (RunModel)" time="0.026" />
  <testcase classname="ptolemy.util.test.junit.AutoTests" name="[26] /home/travis/build/icyphy/ptII/ptolemy/domains/sdf/lib/test/auto/IntJoin2.xml (RunModel)" time="0.018" />
  <testcase classname="ptolemy.util.test.junit.AutoTests" name="[27] /home/travis/build/icyphy/ptII/ptolemy/domains/sdf/lib/test/auto/IntJoin3.xml (RunModel)" time="0.031" />
  <testcase classname="ptolemy.util.test.junit.AutoTests" name="[28] /home/travis/build/icyphy/ptII/ptolemy/domains/sdf/lib/test/auto/IntJoin4.xml (RunModel)" time="0.036" />
  <testcase classname="ptolemy.util.test.junit.AutoTests" name="[29] /home/travis/build/icyphy/ptII/ptolemy/domains/sdf/lib/test/auto/IntJoin5.xml (RunModel)" time="0.021" />
  <testcase classname="ptolemy.util.test.junit.AutoTests" name="[30] /home/travis/build/icyphy/ptII/ptolemy/domains/sdf/lib/test/auto/IntToBits.xml (RunModel)" time="0.012" />
  <testcase classname="ptolemy.util.test.junit.AutoTests" name="[31] /home/travis/build/icyphy/ptII/ptolemy/domains/sdf/lib/test/auto/LMSAdaptive.xml (RunModel)" time="0.061" />
  <testcase classname="ptolemy.util.test.junit.AutoTests" name="[32] /home/travis/build/icyphy/ptII/ptolemy/domains/sdf/lib/test/auto/LMSAdaptiveFIR.xml (RunModel)" time="0.378" />
  <testcase classname="ptolemy.util.test.junit.AutoTests" name="[33] /home/travis/build/icyphy/ptII/ptolemy/domains/sdf/lib/test/auto/LMSAdaptiveFIR2.xml (RunModel)" time="0.451" />
  <testcase classname="ptolemy.util.test.junit.AutoTests" name="[34] /home/travis/build/icyphy/ptII/ptolemy/domains/sdf/lib/test/auto/LongJoin.xml (RunModel)" time="0.049" />
  <testcase classname="ptolemy.util.test.junit.AutoTests" name="[35] /home/travis/build/icyphy/ptII/ptolemy/domains/sdf/lib/test/auto/Matrix1.xml (RunModel)" time="0.025" />
  <testcase classname="ptolemy.util.test.junit.AutoTests" name="[36] /home/travis/build/icyphy/ptII/ptolemy/domains/sdf/lib/test/auto/Matrix2.xml (RunModel)" time="0.028" />
  <testcase classname="ptolemy.util.test.junit.AutoTests" name="[37] /home/travis/build/icyphy/ptII/ptolemy/domains/sdf/lib/test/auto/MatrixJoin1.xml (RunModel)" time="0.023" />
  <testcase classname="ptolemy.util.test.junit.AutoTests" name="[38] /home/travis/build/icyphy/ptII/ptolemy/domains/sdf/lib/test/auto/MatrixJoin2.xml (RunModel)" time="0.025" />
  <testcase classname="ptolemy.util.test.junit.AutoTests" name="[39] /home/travis/build/icyphy/ptII/ptolemy/domains/sdf/lib/test/auto/MatrixJoin3.xml (RunModel)" time="0.044" />
  <testcase classname="ptolemy.util.test.junit.AutoTests" name="[40] /home/travis/build/icyphy/ptII/ptolemy/domains/sdf/lib/test/auto/MatrixJoin4.xml (RunModel)" time="0.022" />
  <testcase classname="ptolemy.util.test.junit.AutoTests" name="[41] /home/travis/build/icyphy/ptII/ptolemy/domains/sdf/lib/test/auto/MatrixJoin5.xml (RunModel)" time="0.02" />
  <testcase classname="ptolemy.util.test.junit.AutoTests" name="[42] /home/travis/build/icyphy/ptII/ptolemy/domains/sdf/lib/test/auto/MatrixSplit1.xml (RunModel)" time="0.037" />
  <testcase classname="ptolemy.util.test.junit.AutoTests" name="[43] /home/travis/build/icyphy/ptII/ptolemy/domains/sdf/lib/test/auto/MatrixSplit10.xml (RunModel)" time="0.024" />
  <testcase classname="ptolemy.util.test.junit.AutoTests" name="[44] /home/travis/build/icyphy/ptII/ptolemy/domains/sdf/lib/test/auto/MatrixSplit11.xml (RunModel)" time="0.018" />
  <testcase classname="ptolemy.util.test.junit.AutoTests" name="[45] /home/travis/build/icyphy/ptII/ptolemy/domains/sdf/lib/test/auto/MatrixSplit12.xml (RunModel)" time="0.024" />
  <testcase classname="ptolemy.util.test.junit.AutoTests" name="[46] /home/travis/build/icyphy/ptII/ptolemy/domains/sdf/lib/test/auto/MatrixSplit13.xml (RunModel)" time="0.034" />
  <testcase classname="ptolemy.util.test.junit.AutoTests" name="[47] /home/travis/build/icyphy/ptII/ptolemy/domains/sdf/lib/test/auto/MatrixSplit14.xml (RunModel)" time="0.019" />
  <testcase classname="ptolemy.util.test.junit.AutoTests" name="[48] /home/travis/build/icyphy/ptII/ptolemy/domains/sdf/lib/test/auto/MatrixSplit2.xml (RunModel)" time="0.023" />
  <testcase classname="ptolemy.util.test.junit.AutoTests" name="[49] /home/travis/build/icyphy/ptII/ptolemy/domains/sdf/lib/test/auto/MatrixSplit3.xml (RunModel)" time="0.028" />
  <testcase classname="ptolemy.util.test.junit.AutoTests" name="[50] /home/travis/build/icyphy/ptII/ptolemy/domains/sdf/lib/test/auto/MatrixSplit4.xml (RunModel)" time="0.023" />
  <testcase classname="ptolemy.util.test.junit.AutoTests" name="[51] /home/travis/build/icyphy/ptII/ptolemy/domains/sdf/lib/test/auto/MatrixSplit5.xml (RunModel)" time="0.022" />
  <testcase classname="ptolemy.util.test.junit.AutoTests" name="[52] /home/travis/build/icyphy/ptII/ptolemy/domains/sdf/lib/test/auto/MatrixSplit6.xml (RunModel)" time="0.028" />
  <testcase classname="ptolemy.util.test.junit.AutoTests" name="[53] /home/travis/build/icyphy/ptII/ptolemy/domains/sdf/lib/test/auto/MatrixSplit7.xml (RunModel)" time="0.023" />
  <testcase classname="ptolemy.util.test.junit.AutoTests" name="[54] /home/travis/build/icyphy/ptII/ptolemy/domains/sdf/lib/test/auto/MatrixSplit8.xml (RunModel)" time="0.026" />
  <testcase classname="ptolemy.util.test.junit.AutoTests" name="[55] /home/travis/build/icyphy/ptII/ptolemy/domains/sdf/lib/test/auto/MatrixSplit9.xml (RunModel)" time="0.037" />
  <testcase classname="ptolemy.util.test.junit.AutoTests" name="[56] /home/travis/build/icyphy/ptII/ptolemy/domains/sdf/lib/test/auto/MatrixToSequence.xml (RunModel)" time="0.055" />
  <testcase classname="ptolemy.util.test.junit.AutoTests" name="[57] /home/travis/build/icyphy/ptII/ptolemy/domains/sdf/lib/test/auto/MaximumEntropySpectrum.xml (RunModel)" time="0.091" />
  <testcase classname="ptolemy.util.test.junit.AutoTests" name="[58] /home/travis/build/icyphy/ptII/ptolemy/domains/sdf/lib/test/auto/SampleDelayConversion.xml (RunModel)" time="0.023" />
  <testcase classname="ptolemy.util.test.junit.AutoTests" name="[59] /home/travis/build/icyphy/ptII/ptolemy/domains/sdf/lib/test/auto/SequenceToArray.xml (RunModel)" time="0.059" />
  <testcase classname="ptolemy.util.test.junit.AutoTests" name="[60] /home/travis/build/icyphy/ptII/ptolemy/domains/sdf/lib/test/auto/SequenceToMatrix.xml (RunModel)" time="3.953" />
  <testcase classname="ptolemy.util.test.junit.AutoTests" name="[61] /home/travis/build/icyphy/ptII/ptolemy/domains/sdf/lib/test/auto/SmoothedPeriodogram.xml (RunModel)" time="0.064" />
  <testcase classname="ptolemy.util.test.junit.AutoTests" name="[62] /home/travis/build/icyphy/ptII/ptolemy/domains/sdf/lib/test/auto/UpDownSample1.xml (RunModel)" time="0.021" />
  <testcase classname="ptolemy.util.test.junit.AutoTests" name="[63] /home/travis/build/icyphy/ptII/ptolemy/domains/sdf/lib/test/auto/UpSample1.xml (RunModel)" time="0.018" />
  <testcase classname="ptolemy.util.test.junit.AutoTests" name="[64] /home/travis/build/icyphy/ptII/ptolemy/domains/sdf/lib/test/auto/VariableFIR.xml (RunModel)" time="0.032" />
  <testcase classname="ptolemy.util.test.junit.AutoTests" name="[65] /home/travis/build/icyphy/ptII/ptolemy/domains/sdf/lib/test/auto/VariableFIR2.xml (RunModel)" time="0.043" />
  <testcase classname="ptolemy.util.test.junit.AutoTests" name="[66] /home/travis/build/icyphy/ptII/ptolemy/domains/sdf/lib/test/auto/VariableLattice.xml (RunModel)" time="0.041" />
  <testcase classname="ptolemy.util.test.junit.AutoTests" name="[67] /home/travis/build/icyphy/ptII/ptolemy/domains/sdf/lib/test/auto/VariableLattice2.xml (RunModel)" time="0.027" />
  <testcase classname="ptolemy.util.test.junit.AutoTests" name="[68] /home/travis/build/icyphy/ptII/ptolemy/domains/sdf/lib/test/auto/VariableRecursiveLattice.xml (RunModel)" time="0.02" />
  <testcase classname="ptolemy.util.test.junit.AutoTests" name="[69] /home/travis/build/icyphy/ptII/ptolemy/domains/sdf/lib/test/auto/VariableRecursiveLattice2.xml (RunModel)" time="0.023" />
  <system-out><![CDATA[/home/travis/build/icyphy/ptII/ptolemy/domains/sdf/lib/test/ArrayToSequence.tcl
testDefs.tcl: setting time out to 9000 seconds at Mon Jun 03 04:34:59 UTC 2019
42 ms. Memory: 116224K Free: 86964K (75%)
8 ms. Memory: 116224K Free: 85719K (74%)
23 ms. Memory: 116224K Free: 109556K (94%)
27 ms. Memory: 116224K Free: 108341K (93%)
/home/travis/build/icyphy/ptII/ptolemy/domains/sdf/lib/test/BitsToInt.tcl
20 ms. Memory: 116224K Free: 106538K (92%)
9 ms. Memory: 116224K Free: 104728K (90%)
/home/travis/build/icyphy/ptII/ptolemy/domains/sdf/lib/test/DelayLine.tcl
6 ms. Memory: 116224K Free: 102918K (89%)
/home/travis/build/icyphy/ptII/ptolemy/domains/sdf/lib/test/FFT.tcl
5 ms. Memory: 116224K Free: 101087K (87%)
/home/travis/build/icyphy/ptII/ptolemy/domains/sdf/lib/test/FIR.tcl
7 ms. Memory: 116224K Free: 99276K (85%)
7 ms. Memory: 116224K Free: 98073K (84%)
ptolemy.kernel.util.IllegalActionException: multiplyReverse method not supported between ptolemy.data.FixToken 'fix(-0.0625,6,2)' and ptolemy.data.IntToken '1' because the types are incomparable.
  in .top.FIRclone
Because:
multiplyReverse method not supported between ptolemy.data.FixToken 'fix(-0.0625,6,2)' and ptolemy.data.IntToken '1' because the types are incomparable.
19 ms. Memory: 116224K Free: 95675K (82%)
/home/travis/build/icyphy/ptII/ptolemy/domains/sdf/lib/test/IntToBits.tcl
13 ms. Memory: 116224K Free: 94469K (81%)
5 ms. Memory: 116224K Free: 92036K (79%)
/home/travis/build/icyphy/ptII/ptolemy/domains/sdf/lib/test/MaximumEntropySpectrum.tcl
/home/travis/build/icyphy/ptII/ptolemy/domains/sdf/lib/test/Repeat.tcl
7 ms. Memory: 146944K Free: 123199K (84%)
/home/travis/build/icyphy/ptII/ptolemy/domains/sdf/lib/test/SampleDelay.tcl
4 ms. Memory: 146944K Free: 122009K (83%)
16 ms. Memory: 146944K Free: 120811K (82%)
6 ms. Memory: 146944K Free: 119621K (81%)
3 ms. Memory: 146944K Free: 119621K (81%)
3 ms. Memory: 146944K Free: 118415K (81%)
1 ms. Memory: 146944K Free: 118415K (81%)
/home/travis/build/icyphy/ptII/ptolemy/domains/sdf/lib/test/SequenceToArray.tcl
5 ms. Memory: 146944K Free: 116034K (79%)
4 ms. Memory: 146944K Free: 116034K (79%)
5 ms. Memory: 146944K Free: 113646K (77%)
17 ms. Memory: 146944K Free: 113646K (77%)
06/03/19 04:35:00
Failed: 0  Total Tests: 41  ((Passed: 41, Newly Passed: 0)  Known Failed: 0) /home/travis/build/icyphy/ptII/ptolemy/domains/sdf/lib/test
No auto/knownFailedTests/*.xml tests in /home/travis/build/icyphy/ptII/ptolemy/domains/sdf/lib/test
No auto/linux-amd64/*.xml tests in /home/travis/build/icyphy/ptII/ptolemy/domains/sdf/lib/test
AutoTests.java: About to close Vertx.
AutoTests.java: Vertx closed.

===========================================================================================
----------------- testing Mon Jun 03 04:35:01 UTC 2019 /home/travis/build/icyphy/ptII/ptolemy/domains/sdf/lib/test/auto/ArrayToSequence.xml
----------------- Instantiating /home/travis/build/icyphy/ptII/ptolemy/domains/sdf/lib/test/auto/ArrayToSequence.xml
44 ms. Memory: 146944K Free: 134678K (92%)
----------------- Invoking toplevel() on ptolemy.moml.MoMLSimpleApplication@2aae20f
----------------- Done invoking toplevel() on ptolemy.moml.MoMLSimpleApplication@2aae20f
reloadAllAccessors: .ArrayToSequence

===========================================================================================
----------------- testing Mon Jun 03 04:35:01 UTC 2019 /home/travis/build/icyphy/ptII/ptolemy/domains/sdf/lib/test/auto/ArrayToSequenceTest.xml
----------------- Instantiating /home/travis/build/icyphy/ptII/ptolemy/domains/sdf/lib/test/auto/ArrayToSequenceTest.xml
27 ms. Memory: 146944K Free: 126881K (86%)
----------------- Invoking toplevel() on ptolemy.moml.MoMLSimpleApplication@52f9eef2
----------------- Done invoking toplevel() on ptolemy.moml.MoMLSimpleApplication@52f9eef2
reloadAllAccessors: .ArrayToSequenceTest

===========================================================================================
----------------- testing Mon Jun 03 04:35:01 UTC 2019 /home/travis/build/icyphy/ptII/ptolemy/domains/sdf/lib/test/auto/Autocorrelation.xml
----------------- Instantiating /home/travis/build/icyphy/ptII/ptolemy/domains/sdf/lib/test/auto/Autocorrelation.xml
8 ms. Memory: 146944K Free: 122019K (83%)
----------------- Invoking toplevel() on ptolemy.moml.MoMLSimpleApplication@50404e06
----------------- Done invoking toplevel() on ptolemy.moml.MoMLSimpleApplication@50404e06
reloadAllAccessors: .Autocorrelation

===========================================================================================
----------------- testing Mon Jun 03 04:35:01 UTC 2019 /home/travis/build/icyphy/ptII/ptolemy/domains/sdf/lib/test/auto/Autocorrelation2.xml
----------------- Instantiating /home/travis/build/icyphy/ptII/ptolemy/domains/sdf/lib/test/auto/Autocorrelation2.xml
8 ms. Memory: 146944K Free: 117401K (80%)
----------------- Invoking toplevel() on ptolemy.moml.MoMLSimpleApplication@2e187540
----------------- Done invoking toplevel() on ptolemy.moml.MoMLSimpleApplication@2e187540
reloadAllAccessors: .Autocorrelation2

===========================================================================================
----------------- testing Mon Jun 03 04:35:01 UTC 2019 /home/travis/build/icyphy/ptII/ptolemy/domains/sdf/lib/test/auto/Autocorrelation3.xml
----------------- Instantiating /home/travis/build/icyphy/ptII/ptolemy/domains/sdf/lib/test/auto/Autocorrelation3.xml
3 ms. Memory: 146944K Free: 112149K (76%)
----------------- Invoking toplevel() on ptolemy.moml.MoMLSimpleApplication@6c90d829
----------------- Done invoking toplevel() on ptolemy.moml.MoMLSimpleApplication@6c90d829
reloadAllAccessors: .Autocorrelation3

===========================================================================================
----------------- testing Mon Jun 03 04:35:01 UTC 2019 /home/travis/build/icyphy/ptII/ptolemy/domains/sdf/lib/test/auto/Autocorrelation4.xml
----------------- Instantiating /home/travis/build/icyphy/ptII/ptolemy/domains/sdf/lib/test/auto/Autocorrelation4.xml
4 ms. Memory: 146944K Free: 107563K (73%)
----------------- Invoking toplevel() on ptolemy.moml.MoMLSimpleApplication@71829dfe
----------------- Done invoking toplevel() on ptolemy.moml.MoMLSimpleApplication@71829dfe
reloadAllAccessors: .Autocorrelation4

===========================================================================================
----------------- testing Mon Jun 03 04:35:01 UTC 2019 /home/travis/build/icyphy/ptII/ptolemy/domains/sdf/lib/test/auto/Autocorrelation5.xml
----------------- Instantiating /home/travis/build/icyphy/ptII/ptolemy/domains/sdf/lib/test/auto/Autocorrelation5.xml
53 ms. Memory: 146944K Free: 100350K (68%)
----------------- Invoking toplevel() on ptolemy.moml.MoMLSimpleApplication@13757f84
----------------- Done invoking toplevel() on ptolemy.moml.MoMLSimpleApplication@13757f84
reloadAllAccessors: .Autocorrelation5

===========================================================================================
----------------- testing Mon Jun 03 04:35:01 UTC 2019 /home/travis/build/icyphy/ptII/ptolemy/domains/sdf/lib/test/auto/BitsToInt.xml
----------------- Instantiating /home/travis/build/icyphy/ptII/ptolemy/domains/sdf/lib/test/auto/BitsToInt.xml
2 ms. Memory: 146944K Free: 95878K (65%)
----------------- Invoking toplevel() on ptolemy.moml.MoMLSimpleApplication@4975d53a
----------------- Done invoking toplevel() on ptolemy.moml.MoMLSimpleApplication@4975d53a
reloadAllAccessors: .BitsToInt

===========================================================================================
----------------- testing Mon Jun 03 04:35:01 UTC 2019 /home/travis/build/icyphy/ptII/ptolemy/domains/sdf/lib/test/auto/BooleanJoin.xml
----------------- Instantiating /home/travis/build/icyphy/ptII/ptolemy/domains/sdf/lib/test/auto/BooleanJoin.xml
6 ms. Memory: 146944K Free: 91163K (62%)
----------------- Invoking toplevel() on ptolemy.moml.MoMLSimpleApplication@2eeaca28
----------------- Done invoking toplevel() on ptolemy.moml.MoMLSimpleApplication@2eeaca28
reloadAllAccessors: .BooleanJoin

===========================================================================================
----------------- testing Mon Jun 03 04:35:01 UTC 2019 /home/travis/build/icyphy/ptII/ptolemy/domains/sdf/lib/test/auto/BootstrapSampleDelay.xml
----------------- Instantiating /home/travis/build/icyphy/ptII/ptolemy/domains/sdf/lib/test/auto/BootstrapSampleDelay.xml
11 ms. Memory: 146944K Free: 87381K (59%)
----------------- Invoking toplevel() on ptolemy.moml.MoMLSimpleApplication@2930f8db
----------------- Done invoking toplevel() on ptolemy.moml.MoMLSimpleApplication@2930f8db
reloadAllAccessors: .BootstrapSampleDelay

===========================================================================================
----------------- testing Mon Jun 03 04:35:01 UTC 2019 /home/travis/build/icyphy/ptII/ptolemy/domains/sdf/lib/test/auto/Chop.xml
----------------- Instantiating /home/travis/build/icyphy/ptII/ptolemy/domains/sdf/lib/test/auto/Chop.xml
5 ms. Memory: 146944K Free: 78700K (54%)
----------------- Invoking toplevel() on ptolemy.moml.MoMLSimpleApplication@3055b238
----------------- Done invoking toplevel() on ptolemy.moml.MoMLSimpleApplication@3055b238
reloadAllAccessors: .Chop

===========================================================================================
----------------- testing Mon Jun 03 04:35:01 UTC 2019 /home/travis/build/icyphy/ptII/ptolemy/domains/sdf/lib/test/auto/Chop2.xml
----------------- Instantiating /home/travis/build/icyphy/ptII/ptolemy/domains/sdf/lib/test/auto/Chop2.xml
4 ms. Memory: 208384K Free: 194440K (93%)
----------------- Invoking toplevel() on ptolemy.moml.MoMLSimpleApplication@4ac4f701
----------------- Done invoking toplevel() on ptolemy.moml.MoMLSimpleApplication@4ac4f701
reloadAllAccessors: .Chop2

===========================================================================================
----------------- testing Mon Jun 03 04:35:01 UTC 2019 /home/travis/build/icyphy/ptII/ptolemy/domains/sdf/lib/test/auto/ComplexJoin.xml
----------------- Instantiating /home/travis/build/icyphy/ptII/ptolemy/domains/sdf/lib/test/auto/ComplexJoin.xml
6 ms. Memory: 208384K Free: 187975K (90%)
----------------- Invoking toplevel() on ptolemy.moml.MoMLSimpleApplication@78ddf1cf
----------------- Done invoking toplevel() on ptolemy.moml.MoMLSimpleApplication@78ddf1cf
reloadAllAccessors: .ComplexJoin

===========================================================================================
----------------- testing Mon Jun 03 04:35:01 UTC 2019 /home/travis/build/icyphy/ptII/ptolemy/domains/sdf/lib/test/auto/CountTrues.xml
----------------- Instantiating /home/travis/build/icyphy/ptII/ptolemy/domains/sdf/lib/test/auto/CountTrues.xml
3 ms. Memory: 208384K Free: 184698K (89%)
----------------- Invoking toplevel() on ptolemy.moml.MoMLSimpleApplication@646d87c5
----------------- Done invoking toplevel() on ptolemy.moml.MoMLSimpleApplication@646d87c5
reloadAllAccessors: .CountTrues

===========================================================================================
----------------- testing Mon Jun 03 04:35:01 UTC 2019 /home/travis/build/icyphy/ptII/ptolemy/domains/sdf/lib/test/auto/DelayLine.xml
----------------- Instantiating /home/travis/build/icyphy/ptII/ptolemy/domains/sdf/lib/test/auto/DelayLine.xml
10 ms. Memory: 208384K Free: 178144K (85%)
----------------- Invoking toplevel() on ptolemy.moml.MoMLSimpleApplication@471f741a
----------------- Done invoking toplevel() on ptolemy.moml.MoMLSimpleApplication@471f741a
reloadAllAccessors: .DelayLine

===========================================================================================
----------------- testing Mon Jun 03 04:35:01 UTC 2019 /home/travis/build/icyphy/ptII/ptolemy/domains/sdf/lib/test/auto/DotProduct.xml
----------------- Instantiating /home/travis/build/icyphy/ptII/ptolemy/domains/sdf/lib/test/auto/DotProduct.xml
5 ms. Memory: 208384K Free: 174835K (84%)
----------------- Invoking toplevel() on ptolemy.moml.MoMLSimpleApplication@4954dfb4
----------------- Done invoking toplevel() on ptolemy.moml.MoMLSimpleApplication@4954dfb4
reloadAllAccessors: .DotProduct

===========================================================================================
----------------- testing Mon Jun 03 04:35:01 UTC 2019 /home/travis/build/icyphy/ptII/ptolemy/domains/sdf/lib/test/auto/DotProductMatrix.xml
----------------- Instantiating /home/travis/build/icyphy/ptII/ptolemy/domains/sdf/lib/test/auto/DotProductMatrix.xml
5 ms. Memory: 208384K Free: 170073K (82%)
----------------- Invoking toplevel() on ptolemy.moml.MoMLSimpleApplication@125e5ef7
----------------- Done invoking toplevel() on ptolemy.moml.MoMLSimpleApplication@125e5ef7
reloadAllAccessors: .DotProductMatrix

===========================================================================================
----------------- testing Mon Jun 03 04:35:01 UTC 2019 /home/travis/build/icyphy/ptII/ptolemy/domains/sdf/lib/test/auto/DownSample1.xml
----------------- Instantiating /home/travis/build/icyphy/ptII/ptolemy/domains/sdf/lib/test/auto/DownSample1.xml
6 ms. Memory: 208384K Free: 166780K (80%)
----------------- Invoking toplevel() on ptolemy.moml.MoMLSimpleApplication@60d44c5b
----------------- Done invoking toplevel() on ptolemy.moml.MoMLSimpleApplication@60d44c5b
reloadAllAccessors: .DownSample1

===========================================================================================
----------------- testing Mon Jun 03 04:35:01 UTC 2019 /home/travis/build/icyphy/ptII/ptolemy/domains/sdf/lib/test/auto/DynamicRateChange.xml
----------------- Instantiating /home/travis/build/icyphy/ptII/ptolemy/domains/sdf/lib/test/auto/DynamicRateChange.xml
15 ms. Memory: 208384K Free: 160226K (77%)
----------------- Invoking toplevel() on ptolemy.moml.MoMLSimpleApplication@5e548a8e
----------------- Done invoking toplevel() on ptolemy.moml.MoMLSimpleApplication@5e548a8e
reloadAllAccessors: .DynamicRateChange

===========================================================================================
----------------- testing Mon Jun 03 04:35:02 UTC 2019 /home/travis/build/icyphy/ptII/ptolemy/domains/sdf/lib/test/auto/DynamicRates.xml
----------------- Instantiating /home/travis/build/icyphy/ptII/ptolemy/domains/sdf/lib/test/auto/DynamicRates.xml
13 ms. Memory: 208384K Free: 154459K (74%)
----------------- Invoking toplevel() on ptolemy.moml.MoMLSimpleApplication@2ea2c957
----------------- Done invoking toplevel() on ptolemy.moml.MoMLSimpleApplication@2ea2c957
reloadAllAccessors: .DynamicRates

===========================================================================================
----------------- testing Mon Jun 03 04:35:02 UTC 2019 /home/travis/build/icyphy/ptII/ptolemy/domains/sdf/lib/test/auto/FFT1.xml
----------------- Instantiating /home/travis/build/icyphy/ptII/ptolemy/domains/sdf/lib/test/auto/FFT1.xml
10 ms. Memory: 208384K Free: 148059K (71%)
----------------- Invoking toplevel() on ptolemy.moml.MoMLSimpleApplication@4d7099ac
----------------- Done invoking toplevel() on ptolemy.moml.MoMLSimpleApplication@4d7099ac
reloadAllAccessors: .FFT1

===========================================================================================
----------------- testing Mon Jun 03 04:35:02 UTC 2019 /home/travis/build/icyphy/ptII/ptolemy/domains/sdf/lib/test/auto/FIR1.xml
----------------- Instantiating /home/travis/build/icyphy/ptII/ptolemy/domains/sdf/lib/test/auto/FIR1.xml
21 ms. Memory: 208384K Free: 140654K (67%)
----------------- Invoking toplevel() on ptolemy.moml.MoMLSimpleApplication@50478c9
----------------- Done invoking toplevel() on ptolemy.moml.MoMLSimpleApplication@50478c9
reloadAllAccessors: .FIR1

===========================================================================================
----------------- testing Mon Jun 03 04:35:02 UTC 2019 /home/travis/build/icyphy/ptII/ptolemy/domains/sdf/lib/test/auto/FIR2.xml
----------------- Instantiating /home/travis/build/icyphy/ptII/ptolemy/domains/sdf/lib/test/auto/FIR2.xml
4 ms. Memory: 208384K Free: 136558K (66%)
----------------- Invoking toplevel() on ptolemy.moml.MoMLSimpleApplication@1719a7dc
----------------- Done invoking toplevel() on ptolemy.moml.MoMLSimpleApplication@1719a7dc
reloadAllAccessors: .FIR2

===========================================================================================
----------------- testing Mon Jun 03 04:35:02 UTC 2019 /home/travis/build/icyphy/ptII/ptolemy/domains/sdf/lib/test/auto/FIR4.xml
----------------- Instantiating /home/travis/build/icyphy/ptII/ptolemy/domains/sdf/lib/test/auto/FIR4.xml
9 ms. Memory: 208384K Free: 129169K (62%)
----------------- Invoking toplevel() on ptolemy.moml.MoMLSimpleApplication@7c057e52
----------------- Done invoking toplevel() on ptolemy.moml.MoMLSimpleApplication@7c057e52
reloadAllAccessors: .FIR4

===========================================================================================
----------------- testing Mon Jun 03 04:35:02 UTC 2019 /home/travis/build/icyphy/ptII/ptolemy/domains/sdf/lib/test/auto/FixJoin.xml
----------------- Instantiating /home/travis/build/icyphy/ptII/ptolemy/domains/sdf/lib/test/auto/FixJoin.xml
4 ms. Memory: 208384K Free: 122737K (59%)
----------------- Invoking toplevel() on ptolemy.moml.MoMLSimpleApplication@58cacfee
----------------- Done invoking toplevel() on ptolemy.moml.MoMLSimpleApplication@58cacfee
reloadAllAccessors: .FixJoin

===========================================================================================
----------------- testing Mon Jun 03 04:35:02 UTC 2019 /home/travis/build/icyphy/ptII/ptolemy/domains/sdf/lib/test/auto/IntJoin1.xml
----------------- Instantiating /home/travis/build/icyphy/ptII/ptolemy/domains/sdf/lib/test/auto/IntJoin1.xml
4 ms. Memory: 208384K Free: 117789K (57%)
----------------- Invoking toplevel() on ptolemy.moml.MoMLSimpleApplication@23f434b3
----------------- Done invoking toplevel() on ptolemy.moml.MoMLSimpleApplication@23f434b3
reloadAllAccessors: .IntJoin1

===========================================================================================
----------------- testing Mon Jun 03 04:35:02 UTC 2019 /home/travis/build/icyphy/ptII/ptolemy/domains/sdf/lib/test/auto/IntJoin2.xml
----------------- Instantiating /home/travis/build/icyphy/ptII/ptolemy/domains/sdf/lib/test/auto/IntJoin2.xml
3 ms. Memory: 208384K Free: 112874K (54%)
----------------- Invoking toplevel() on ptolemy.moml.MoMLSimpleApplication@3d1ae01c
----------------- Done invoking toplevel() on ptolemy.moml.MoMLSimpleApplication@3d1ae01c
reloadAllAccessors: .IntJoin2

===========================================================================================
----------------- testing Mon Jun 03 04:35:02 UTC 2019 /home/travis/build/icyphy/ptII/ptolemy/domains/sdf/lib/test/auto/IntJoin3.xml
----------------- Instantiating /home/travis/build/icyphy/ptII/ptolemy/domains/sdf/lib/test/auto/IntJoin3.xml
3 ms. Memory: 208384K Free: 107895K (52%)
----------------- Invoking toplevel() on ptolemy.moml.MoMLSimpleApplication@3bc8ec7b
----------------- Done invoking toplevel() on ptolemy.moml.MoMLSimpleApplication@3bc8ec7b
reloadAllAccessors: .IntJoin3

===========================================================================================
----------------- testing Mon Jun 03 04:35:02 UTC 2019 /home/travis/build/icyphy/ptII/ptolemy/domains/sdf/lib/test/auto/IntJoin4.xml
----------------- Instantiating /home/travis/build/icyphy/ptII/ptolemy/domains/sdf/lib/test/auto/IntJoin4.xml
5 ms. Memory: 208384K Free: 101462K (49%)
----------------- Invoking toplevel() on ptolemy.moml.MoMLSimpleApplication@2f9677d7
----------------- Done invoking toplevel() on ptolemy.moml.MoMLSimpleApplication@2f9677d7
reloadAllAccessors: .IntJoin4

===========================================================================================
----------------- testing Mon Jun 03 04:35:02 UTC 2019 /home/travis/build/icyphy/ptII/ptolemy/domains/sdf/lib/test/auto/IntJoin5.xml
----------------- Instantiating /home/travis/build/icyphy/ptII/ptolemy/domains/sdf/lib/test/auto/IntJoin5.xml
2 ms. Memory: 208384K Free: 96483K (46%)
----------------- Invoking toplevel() on ptolemy.moml.MoMLSimpleApplication@34994395
----------------- Done invoking toplevel() on ptolemy.moml.MoMLSimpleApplication@34994395
reloadAllAccessors: .IntJoin5

===========================================================================================
----------------- testing Mon Jun 03 04:35:02 UTC 2019 /home/travis/build/icyphy/ptII/ptolemy/domains/sdf/lib/test/auto/IntToBits.xml
----------------- Instantiating /home/travis/build/icyphy/ptII/ptolemy/domains/sdf/lib/test/auto/IntToBits.xml
2 ms. Memory: 208384K Free: 93206K (45%)
----------------- Invoking toplevel() on ptolemy.moml.MoMLSimpleApplication@2f847173
----------------- Done invoking toplevel() on ptolemy.moml.MoMLSimpleApplication@2f847173
reloadAllAccessors: .IntToBits

===========================================================================================
----------------- testing Mon Jun 03 04:35:02 UTC 2019 /home/travis/build/icyphy/ptII/ptolemy/domains/sdf/lib/test/auto/LMSAdaptive.xml
----------------- Instantiating /home/travis/build/icyphy/ptII/ptolemy/domains/sdf/lib/test/auto/LMSAdaptive.xml
12 ms. Memory: 208384K Free: 82708K (40%)
----------------- Invoking toplevel() on ptolemy.moml.MoMLSimpleApplication@f5db5be
----------------- Done invoking toplevel() on ptolemy.moml.MoMLSimpleApplication@f5db5be
reloadAllAccessors: .LMSAdaptive

===========================================================================================
----------------- testing Mon Jun 03 04:35:02 UTC 2019 /home/travis/build/icyphy/ptII/ptolemy/domains/sdf/lib/test/auto/LMSAdaptiveFIR.xml
----------------- Instantiating /home/travis/build/icyphy/ptII/ptolemy/domains/sdf/lib/test/auto/LMSAdaptiveFIR.xml
278 ms. Memory: 208384K Free: 165458K (79%)
----------------- Invoking toplevel() on ptolemy.moml.MoMLSimpleApplication@56c12f14
----------------- Done invoking toplevel() on ptolemy.moml.MoMLSimpleApplication@56c12f14
reloadAllAccessors: .LMSAdaptiveFIR

===========================================================================================
----------------- testing Mon Jun 03 04:35:02 UTC 2019 /home/travis/build/icyphy/ptII/ptolemy/domains/sdf/lib/test/auto/LMSAdaptiveFIR2.xml
----------------- Instantiating /home/travis/build/icyphy/ptII/ptolemy/domains/sdf/lib/test/auto/LMSAdaptiveFIR2.xml
376 ms. Memory: 208384K Free: 104522K (50%)
----------------- Invoking toplevel() on ptolemy.moml.MoMLSimpleApplication@2b2fae1f
----------------- Done invoking toplevel() on ptolemy.moml.MoMLSimpleApplication@2b2fae1f
reloadAllAccessors: .LMSAdaptiveFIR2

===========================================================================================
----------------- testing Mon Jun 03 04:35:03 UTC 2019 /home/travis/build/icyphy/ptII/ptolemy/domains/sdf/lib/test/auto/LongJoin.xml
----------------- Instantiating /home/travis/build/icyphy/ptII/ptolemy/domains/sdf/lib/test/auto/LongJoin.xml
5 ms. Memory: 208384K Free: 99575K (48%)
----------------- Invoking toplevel() on ptolemy.moml.MoMLSimpleApplication@3f081d49
----------------- Done invoking toplevel() on ptolemy.moml.MoMLSimpleApplication@3f081d49
reloadAllAccessors: .LongJoin

===========================================================================================
----------------- testing Mon Jun 03 04:35:03 UTC 2019 /home/travis/build/icyphy/ptII/ptolemy/domains/sdf/lib/test/auto/Matrix1.xml
----------------- Instantiating /home/travis/build/icyphy/ptII/ptolemy/domains/sdf/lib/test/auto/Matrix1.xml
4 ms. Memory: 208384K Free: 94457K (45%)
----------------- Invoking toplevel() on ptolemy.moml.MoMLSimpleApplication@791e7f89
----------------- Done invoking toplevel() on ptolemy.moml.MoMLSimpleApplication@791e7f89
reloadAllAccessors: .Matrix1

===========================================================================================
----------------- testing Mon Jun 03 04:35:03 UTC 2019 /home/travis/build/icyphy/ptII/ptolemy/domains/sdf/lib/test/auto/Matrix2.xml
----------------- Instantiating /home/travis/build/icyphy/ptII/ptolemy/domains/sdf/lib/test/auto/Matrix2.xml
4 ms. Memory: 208384K Free: 90361K (43%)
----------------- Invoking toplevel() on ptolemy.moml.MoMLSimpleApplication@1144d70
----------------- Done invoking toplevel() on ptolemy.moml.MoMLSimpleApplication@1144d70
reloadAllAccessors: .Matrix2

===========================================================================================
----------------- testing Mon Jun 03 04:35:03 UTC 2019 /home/travis/build/icyphy/ptII/ptolemy/domains/sdf/lib/test/auto/MatrixJoin1.xml
----------------- Instantiating /home/travis/build/icyphy/ptII/ptolemy/domains/sdf/lib/test/auto/MatrixJoin1.xml
4 ms. Memory: 208384K Free: 85414K (41%)
----------------- Invoking toplevel() on ptolemy.moml.MoMLSimpleApplication@505e0432
----------------- Done invoking toplevel() on ptolemy.moml.MoMLSimpleApplication@505e0432
reloadAllAccessors: .MatrixJoin1

===========================================================================================
----------------- testing Mon Jun 03 04:35:03 UTC 2019 /home/travis/build/icyphy/ptII/ptolemy/domains/sdf/lib/test/auto/MatrixJoin2.xml
----------------- Instantiating /home/travis/build/icyphy/ptII/ptolemy/domains/sdf/lib/test/auto/MatrixJoin2.xml
3 ms. Memory: 208384K Free: 79413K (38%)
----------------- Invoking toplevel() on ptolemy.moml.MoMLSimpleApplication@37978a07
----------------- Done invoking toplevel() on ptolemy.moml.MoMLSimpleApplication@37978a07
reloadAllAccessors: .MatrixJoin2

===========================================================================================
----------------- testing Mon Jun 03 04:35:03 UTC 2019 /home/travis/build/icyphy/ptII/ptolemy/domains/sdf/lib/test/auto/MatrixJoin3.xml
----------------- Instantiating /home/travis/build/icyphy/ptII/ptolemy/domains/sdf/lib/test/auto/MatrixJoin3.xml
4 ms. Memory: 333312K Free: 321865K (97%)
----------------- Invoking toplevel() on ptolemy.moml.MoMLSimpleApplication@3f9c1a9e
----------------- Done invoking toplevel() on ptolemy.moml.MoMLSimpleApplication@3f9c1a9e
reloadAllAccessors: .MatrixJoin3

===========================================================================================
----------------- testing Mon Jun 03 04:35:03 UTC 2019 /home/travis/build/icyphy/ptII/ptolemy/domains/sdf/lib/test/auto/MatrixJoin4.xml
----------------- Instantiating /home/travis/build/icyphy/ptII/ptolemy/domains/sdf/lib/test/auto/MatrixJoin4.xml
2 ms. Memory: 333312K Free: 313949K (94%)
----------------- Invoking toplevel() on ptolemy.moml.MoMLSimpleApplication@7e4e1235
----------------- Done invoking toplevel() on ptolemy.moml.MoMLSimpleApplication@7e4e1235
reloadAllAccessors: .MatrixJoin4

===========================================================================================
----------------- testing Mon Jun 03 04:35:03 UTC 2019 /home/travis/build/icyphy/ptII/ptolemy/domains/sdf/lib/test/auto/MatrixJoin5.xml
----------------- Instantiating /home/travis/build/icyphy/ptII/ptolemy/domains/sdf/lib/test/auto/MatrixJoin5.xml
2 ms. Memory: 333312K Free: 307395K (92%)
----------------- Invoking toplevel() on ptolemy.moml.MoMLSimpleApplication@3592aa2c
----------------- Done invoking toplevel() on ptolemy.moml.MoMLSimpleApplication@3592aa2c
reloadAllAccessors: .MatrixJoin5

===========================================================================================
----------------- testing Mon Jun 03 04:35:03 UTC 2019 /home/travis/build/icyphy/ptII/ptolemy/domains/sdf/lib/test/auto/MatrixSplit1.xml
----------------- Instantiating /home/travis/build/icyphy/ptII/ptolemy/domains/sdf/lib/test/auto/MatrixSplit1.xml
5 ms. Memory: 333312K Free: 300842K (90%)
----------------- Invoking toplevel() on ptolemy.moml.MoMLSimpleApplication@39db5496
----------------- Done invoking toplevel() on ptolemy.moml.MoMLSimpleApplication@39db5496
reloadAllAccessors: .MatrixSplit1

===========================================================================================
----------------- testing Mon Jun 03 04:35:03 UTC 2019 /home/travis/build/icyphy/ptII/ptolemy/domains/sdf/lib/test/auto/MatrixSplit10.xml
----------------- Instantiating /home/travis/build/icyphy/ptII/ptolemy/domains/sdf/lib/test/auto/MatrixSplit10.xml
3 ms. Memory: 333312K Free: 294565K (88%)
----------------- Invoking toplevel() on ptolemy.moml.MoMLSimpleApplication@43e5cc71
----------------- Done invoking toplevel() on ptolemy.moml.MoMLSimpleApplication@43e5cc71
reloadAllAccessors: .MatrixSplit10

===========================================================================================
----------------- testing Mon Jun 03 04:35:03 UTC 2019 /home/travis/build/icyphy/ptII/ptolemy/domains/sdf/lib/test/auto/MatrixSplit11.xml
----------------- Instantiating /home/travis/build/icyphy/ptII/ptolemy/domains/sdf/lib/test/auto/MatrixSplit11.xml
2 ms. Memory: 333312K Free: 289649K (87%)
----------------- Invoking toplevel() on ptolemy.moml.MoMLSimpleApplication@49daafab
----------------- Done invoking toplevel() on ptolemy.moml.MoMLSimpleApplication@49daafab
reloadAllAccessors: .MatrixSplit11

===========================================================================================
----------------- testing Mon Jun 03 04:35:03 UTC 2019 /home/travis/build/icyphy/ptII/ptolemy/domains/sdf/lib/test/auto/MatrixSplit12.xml
----------------- Instantiating /home/travis/build/icyphy/ptII/ptolemy/domains/sdf/lib/test/auto/MatrixSplit12.xml
3 ms. Memory: 333312K Free: 284734K (85%)
----------------- Invoking toplevel() on ptolemy.moml.MoMLSimpleApplication@71602bca
----------------- Done invoking toplevel() on ptolemy.moml.MoMLSimpleApplication@71602bca
reloadAllAccessors: .MatrixSplit12

===========================================================================================
----------------- testing Mon Jun 03 04:35:03 UTC 2019 /home/travis/build/icyphy/ptII/ptolemy/domains/sdf/lib/test/auto/MatrixSplit13.xml
----------------- Instantiating /home/travis/build/icyphy/ptII/ptolemy/domains/sdf/lib/test/auto/MatrixSplit13.xml
5 ms. Memory: 333312K Free: 278457K (84%)
----------------- Invoking toplevel() on ptolemy.moml.MoMLSimpleApplication@5bc1d245
----------------- Done invoking toplevel() on ptolemy.moml.MoMLSimpleApplication@5bc1d245
reloadAllAccessors: .MatrixSplit13

===========================================================================================
----------------- testing Mon Jun 03 04:35:03 UTC 2019 /home/travis/build/icyphy/ptII/ptolemy/domains/sdf/lib/test/auto/MatrixSplit14.xml
----------------- Instantiating /home/travis/build/icyphy/ptII/ptolemy/domains/sdf/lib/test/auto/MatrixSplit14.xml
2 ms. Memory: 333312K Free: 273542K (82%)
----------------- Invoking toplevel() on ptolemy.moml.MoMLSimpleApplication@74e5fc50
----------------- Done invoking toplevel() on ptolemy.moml.MoMLSimpleApplication@74e5fc50
reloadAllAccessors: .MatrixSplit14

===========================================================================================
----------------- testing Mon Jun 03 04:35:03 UTC 2019 /home/travis/build/icyphy/ptII/ptolemy/domains/sdf/lib/test/auto/MatrixSplit2.xml
----------------- Instantiating /home/travis/build/icyphy/ptII/ptolemy/domains/sdf/lib/test/auto/MatrixSplit2.xml
3 ms. Memory: 333312K Free: 268627K (81%)
----------------- Invoking toplevel() on ptolemy.moml.MoMLSimpleApplication@268e48b1
----------------- Done invoking toplevel() on ptolemy.moml.MoMLSimpleApplication@268e48b1
reloadAllAccessors: .MatrixSplit2

===========================================================================================
----------------- testing Mon Jun 03 04:35:03 UTC 2019 /home/travis/build/icyphy/ptII/ptolemy/domains/sdf/lib/test/auto/MatrixSplit3.xml
----------------- Instantiating /home/travis/build/icyphy/ptII/ptolemy/domains/sdf/lib/test/auto/MatrixSplit3.xml
3 ms. Memory: 333312K Free: 263712K (79%)
----------------- Invoking toplevel() on ptolemy.moml.MoMLSimpleApplication@4620a4e5
----------------- Done invoking toplevel() on ptolemy.moml.MoMLSimpleApplication@4620a4e5
reloadAllAccessors: .MatrixSplit3

===========================================================================================
----------------- testing Mon Jun 03 04:35:03 UTC 2019 /home/travis/build/icyphy/ptII/ptolemy/domains/sdf/lib/test/auto/MatrixSplit4.xml
----------------- Instantiating /home/travis/build/icyphy/ptII/ptolemy/domains/sdf/lib/test/auto/MatrixSplit4.xml
4 ms. Memory: 333312K Free: 257434K (77%)
----------------- Invoking toplevel() on ptolemy.moml.MoMLSimpleApplication@7df132c2
----------------- Done invoking toplevel() on ptolemy.moml.MoMLSimpleApplication@7df132c2
reloadAllAccessors: .MatrixSplit4

===========================================================================================
----------------- testing Mon Jun 03 04:35:03 UTC 2019 /home/travis/build/icyphy/ptII/ptolemy/domains/sdf/lib/test/auto/MatrixSplit5.xml
----------------- Instantiating /home/travis/build/icyphy/ptII/ptolemy/domains/sdf/lib/test/auto/MatrixSplit5.xml
3 ms. Memory: 333312K Free: 252519K (76%)
----------------- Invoking toplevel() on ptolemy.moml.MoMLSimpleApplication@5229ce20
----------------- Done invoking toplevel() on ptolemy.moml.MoMLSimpleApplication@5229ce20
reloadAllAccessors: .MatrixSplit5

===========================================================================================
----------------- testing Mon Jun 03 04:35:03 UTC 2019 /home/travis/build/icyphy/ptII/ptolemy/domains/sdf/lib/test/auto/MatrixSplit6.xml
----------------- Instantiating /home/travis/build/icyphy/ptII/ptolemy/domains/sdf/lib/test/auto/MatrixSplit6.xml
2 ms. Memory: 333312K Free: 247604K (74%)
----------------- Invoking toplevel() on ptolemy.moml.MoMLSimpleApplication@39d9ce76
----------------- Done invoking toplevel() on ptolemy.moml.MoMLSimpleApplication@39d9ce76
reloadAllAccessors: .MatrixSplit6

===========================================================================================
----------------- testing Mon Jun 03 04:35:03 UTC 2019 /home/travis/build/icyphy/ptII/ptolemy/domains/sdf/lib/test/auto/MatrixSplit7.xml
----------------- Instantiating /home/travis/build/icyphy/ptII/ptolemy/domains/sdf/lib/test/auto/MatrixSplit7.xml
2 ms. Memory: 333312K Free: 241327K (72%)
----------------- Invoking toplevel() on ptolemy.moml.MoMLSimpleApplication@5d55d67e
----------------- Done invoking toplevel() on ptolemy.moml.MoMLSimpleApplication@5d55d67e
reloadAllAccessors: .MatrixSplit7

===========================================================================================
----------------- testing Mon Jun 03 04:35:03 UTC 2019 /home/travis/build/icyphy/ptII/ptolemy/domains/sdf/lib/test/auto/MatrixSplit8.xml
----------------- Instantiating /home/travis/build/icyphy/ptII/ptolemy/domains/sdf/lib/test/auto/MatrixSplit8.xml
2 ms. Memory: 333312K Free: 236412K (71%)
----------------- Invoking toplevel() on ptolemy.moml.MoMLSimpleApplication@41262002
----------------- Done invoking toplevel() on ptolemy.moml.MoMLSimpleApplication@41262002
reloadAllAccessors: .MatrixSplit8

===========================================================================================
----------------- testing Mon Jun 03 04:35:03 UTC 2019 /home/travis/build/icyphy/ptII/ptolemy/domains/sdf/lib/test/auto/MatrixSplit9.xml
----------------- Instantiating /home/travis/build/icyphy/ptII/ptolemy/domains/sdf/lib/test/auto/MatrixSplit9.xml
2 ms. Memory: 333312K Free: 231496K (69%)
----------------- Invoking toplevel() on ptolemy.moml.MoMLSimpleApplication@5019d2c6
----------------- Done invoking toplevel() on ptolemy.moml.MoMLSimpleApplication@5019d2c6
reloadAllAccessors: .MatrixSplit9

===========================================================================================
----------------- testing Mon Jun 03 04:35:03 UTC 2019 /home/travis/build/icyphy/ptII/ptolemy/domains/sdf/lib/test/auto/MatrixToSequence.xml
----------------- Instantiating /home/travis/build/icyphy/ptII/ptolemy/domains/sdf/lib/test/auto/MatrixToSequence.xml
10 ms. Memory: 333312K Free: 218666K (66%)
----------------- Invoking toplevel() on ptolemy.moml.MoMLSimpleApplication@40167c16
----------------- Done invoking toplevel() on ptolemy.moml.MoMLSimpleApplication@40167c16
reloadAllAccessors: .MatrixToSequence

===========================================================================================
----------------- testing Mon Jun 03 04:35:04 UTC 2019 /home/travis/build/icyphy/ptII/ptolemy/domains/sdf/lib/test/auto/MaximumEntropySpectrum.xml
----------------- Instantiating /home/travis/build/icyphy/ptII/ptolemy/domains/sdf/lib/test/auto/MaximumEntropySpectrum.xml
15 ms. Memory: 333312K Free: 195727K (59%)
----------------- Invoking toplevel() on ptolemy.moml.MoMLSimpleApplication@5cedaca9
----------------- Done invoking toplevel() on ptolemy.moml.MoMLSimpleApplication@5cedaca9
reloadAllAccessors: .MaximumEntropySpectrum

===========================================================================================
----------------- testing Mon Jun 03 04:35:04 UTC 2019 /home/travis/build/icyphy/ptII/ptolemy/domains/sdf/lib/test/auto/SampleDelayConversion.xml
----------------- Instantiating /home/travis/build/icyphy/ptII/ptolemy/domains/sdf/lib/test/auto/SampleDelayConversion.xml
3 ms. Memory: 333312K Free: 190812K (57%)
----------------- Invoking toplevel() on ptolemy.moml.MoMLSimpleApplication@7bbf1126
----------------- Done invoking toplevel() on ptolemy.moml.MoMLSimpleApplication@7bbf1126
reloadAllAccessors: .SampleDelayConversion

===========================================================================================
----------------- testing Mon Jun 03 04:35:04 UTC 2019 /home/travis/build/icyphy/ptII/ptolemy/domains/sdf/lib/test/auto/SequenceToArray.xml
----------------- Instantiating /home/travis/build/icyphy/ptII/ptolemy/domains/sdf/lib/test/auto/SequenceToArray.xml
19 ms. Memory: 333312K Free: 176343K (53%)
----------------- Invoking toplevel() on ptolemy.moml.MoMLSimpleApplication@34d391da
----------------- Done invoking toplevel() on ptolemy.moml.MoMLSimpleApplication@34d391da
reloadAllAccessors: .SequenceToArray

===========================================================================================
----------------- testing Mon Jun 03 04:35:04 UTC 2019 /home/travis/build/icyphy/ptII/ptolemy/domains/sdf/lib/test/auto/SequenceToMatrix.xml
----------------- Instantiating /home/travis/build/icyphy/ptII/ptolemy/domains/sdf/lib/test/auto/SequenceToMatrix.xml
3927 ms. Memory: 579072K Free: 531817K (92%)
----------------- Invoking toplevel() on ptolemy.moml.MoMLSimpleApplication@766acaae
----------------- Done invoking toplevel() on ptolemy.moml.MoMLSimpleApplication@766acaae
reloadAllAccessors: .SequenceToMatrix

===========================================================================================
----------------- testing Mon Jun 03 04:35:08 UTC 2019 /home/travis/build/icyphy/ptII/ptolemy/domains/sdf/lib/test/auto/SmoothedPeriodogram.xml
----------------- Instantiating /home/travis/build/icyphy/ptII/ptolemy/domains/sdf/lib/test/auto/SmoothedPeriodogram.xml
17 ms. Memory: 579072K Free: 508275K (88%)
----------------- Invoking toplevel() on ptolemy.moml.MoMLSimpleApplication@23d4b074
----------------- Done invoking toplevel() on ptolemy.moml.MoMLSimpleApplication@23d4b074
reloadAllAccessors: .SmoothedPeriodogram

===========================================================================================
----------------- testing Mon Jun 03 04:35:08 UTC 2019 /home/travis/build/icyphy/ptII/ptolemy/domains/sdf/lib/test/auto/UpDownSample1.xml
----------------- Instantiating /home/travis/build/icyphy/ptII/ptolemy/domains/sdf/lib/test/auto/UpDownSample1.xml
7 ms. Memory: 579072K Free: 501728K (87%)
----------------- Invoking toplevel() on ptolemy.moml.MoMLSimpleApplication@778a0035
----------------- Done invoking toplevel() on ptolemy.moml.MoMLSimpleApplication@778a0035
reloadAllAccessors: .UpDownSample1

===========================================================================================
----------------- testing Mon Jun 03 04:35:08 UTC 2019 /home/travis/build/icyphy/ptII/ptolemy/domains/sdf/lib/test/auto/UpSample1.xml
----------------- Instantiating /home/travis/build/icyphy/ptII/ptolemy/domains/sdf/lib/test/auto/UpSample1.xml
2 ms. Memory: 579072K Free: 495182K (86%)
----------------- Invoking toplevel() on ptolemy.moml.MoMLSimpleApplication@2e8f61ba
----------------- Done invoking toplevel() on ptolemy.moml.MoMLSimpleApplication@2e8f61ba
reloadAllAccessors: .UpSample1

===========================================================================================
----------------- testing Mon Jun 03 04:35:08 UTC 2019 /home/travis/build/icyphy/ptII/ptolemy/domains/sdf/lib/test/auto/VariableFIR.xml
----------------- Instantiating /home/travis/build/icyphy/ptII/ptolemy/domains/sdf/lib/test/auto/VariableFIR.xml
3 ms. Memory: 579072K Free: 485361K (84%)
----------------- Invoking toplevel() on ptolemy.moml.MoMLSimpleApplication@bc9e39e
----------------- Done invoking toplevel() on ptolemy.moml.MoMLSimpleApplication@bc9e39e
reloadAllAccessors: .VariableFIR

===========================================================================================
----------------- testing Mon Jun 03 04:35:08 UTC 2019 /home/travis/build/icyphy/ptII/ptolemy/domains/sdf/lib/test/auto/VariableFIR2.xml
----------------- Instantiating /home/travis/build/icyphy/ptII/ptolemy/domains/sdf/lib/test/auto/VariableFIR2.xml
12 ms. Memory: 579072K Free: 473649K (82%)
----------------- Invoking toplevel() on ptolemy.moml.MoMLSimpleApplication@1521f48
----------------- Done invoking toplevel() on ptolemy.moml.MoMLSimpleApplication@1521f48
reloadAllAccessors: .VariableFIR2

===========================================================================================
----------------- testing Mon Jun 03 04:35:08 UTC 2019 /home/travis/build/icyphy/ptII/ptolemy/domains/sdf/lib/test/auto/VariableLattice.xml
----------------- Instantiating /home/travis/build/icyphy/ptII/ptolemy/domains/sdf/lib/test/auto/VariableLattice.xml
5 ms. Memory: 579072K Free: 463829K (80%)
----------------- Invoking toplevel() on ptolemy.moml.MoMLSimpleApplication@13e5143c
----------------- Done invoking toplevel() on ptolemy.moml.MoMLSimpleApplication@13e5143c
reloadAllAccessors: .VariableLattice

===========================================================================================
----------------- testing Mon Jun 03 04:35:08 UTC 2019 /home/travis/build/icyphy/ptII/ptolemy/domains/sdf/lib/test/auto/VariableLattice2.xml
----------------- Instantiating /home/travis/build/icyphy/ptII/ptolemy/domains/sdf/lib/test/auto/VariableLattice2.xml
1.0
-1.999999602036
1.9099998677481
-0.9099996420674
0.205
0.0
0.0
1.0
-0.25
-0.5
0.0
0.0
0.0
0.0
8 ms. Memory: 579072K Free: 457282K (79%)
----------------- Invoking toplevel() on ptolemy.moml.MoMLSimpleApplication@62f0ba7b
----------------- Done invoking toplevel() on ptolemy.moml.MoMLSimpleApplication@62f0ba7b
reloadAllAccessors: .VariableLattice2

===========================================================================================
----------------- testing Mon Jun 03 04:35:08 UTC 2019 /home/travis/build/icyphy/ptII/ptolemy/domains/sdf/lib/test/auto/VariableRecursiveLattice.xml
----------------- Instantiating /home/travis/build/icyphy/ptII/ptolemy/domains/sdf/lib/test/auto/VariableRecursiveLattice.xml
2 ms. Memory: 579072K Free: 447462K (77%)
----------------- Invoking toplevel() on ptolemy.moml.MoMLSimpleApplication@51f5648
----------------- Done invoking toplevel() on ptolemy.moml.MoMLSimpleApplication@51f5648
reloadAllAccessors: .VariableRecursiveLattice

===========================================================================================
----------------- testing Mon Jun 03 04:35:08 UTC 2019 /home/travis/build/icyphy/ptII/ptolemy/domains/sdf/lib/test/auto/VariableRecursiveLattice2.xml
----------------- Instantiating /home/travis/build/icyphy/ptII/ptolemy/domains/sdf/lib/test/auto/VariableRecursiveLattice2.xml
3 ms. Memory: 579072K Free: 439022K (76%)
----------------- Invoking toplevel() on ptolemy.moml.MoMLSimpleApplication@47107c3a
----------------- Done invoking toplevel() on ptolemy.moml.MoMLSimpleApplication@47107c3a
reloadAllAccessors: .VariableRecursiveLattice2
AutoTests.java: About to close Vertx.
AutoTests.java: Vertx closed.
]]></system-out>
  <system-err><![CDATA[]]></system-err>
</testsuite>
