<?xml version="1.0" encoding="UTF-8" ?>
<testsuite errors="0" failures="0" hostname="travis-job-bcf3aad1-c6ab-4642-84b0-46f273a7676c" name="ptolemy.domains.continuous.test.junit.JUnitTclTest" skipped="0" tests="156" time="73.084" timestamp="2020-09-01T15:33:50">
  <properties>
[...]
</properties>
  <testcase classname="ptolemy.util.test.junit.TclTests" name="[0] ThereAreNoTclTests (RunTclFile)" time="0.016" />
  <testcase classname="ptolemy.util.test.junit.AutoKnownFailedTests" name="[0] ThereAreNoKnowFailedTests (RunModel)" time="0.003" />
  <testcase classname="ptolemy.util.test.junit.AutoNameArchTests" name="[0] ThereAreNoAutoArchTests (RunModel)" time="0.016" />
  <testcase classname="ptolemy.util.test.junit.AutoTests" name="[0] /home/travis/build/icyphy/ptII/ptolemy/domains/continuous/test/auto/BouncingBall.xml (RunModel)" time="3.161" />
  <testcase classname="ptolemy.util.test.junit.AutoTests" name="[1] /home/travis/build/icyphy/ptII/ptolemy/domains/continuous/test/auto/BouncingBallWithoutGR.xml (RunModel)" time="0.965" />
  <testcase classname="ptolemy.util.test.junit.AutoTests" name="[2] /home/travis/build/icyphy/ptII/ptolemy/domains/continuous/test/auto/Brownian.xml (RunModel)" time="0.071" />
  <testcase classname="ptolemy.util.test.junit.AutoTests" name="[3] /home/travis/build/icyphy/ptII/ptolemy/domains/continuous/test/auto/CarTracking.xml (RunModel)" time="4.194" />
  <testcase classname="ptolemy.util.test.junit.AutoTests" name="[4] /home/travis/build/icyphy/ptII/ptolemy/domains/continuous/test/auto/CartPendulum.xml (RunModel)" time="0.437" />
  <testcase classname="ptolemy.util.test.junit.AutoTests" name="[5] /home/travis/build/icyphy/ptII/ptolemy/domains/continuous/test/auto/CausalityInterface10.xml (RunModel)" time="0.038" />
  <testcase classname="ptolemy.util.test.junit.AutoTests" name="[6] /home/travis/build/icyphy/ptII/ptolemy/domains/continuous/test/auto/CausalityInterface11.xml (RunModel)" time="0.059" />
  <testcase classname="ptolemy.util.test.junit.AutoTests" name="[7] /home/travis/build/icyphy/ptII/ptolemy/domains/continuous/test/auto/CausalityInterface12.xml (RunModel)" time="0.022" />
  <testcase classname="ptolemy.util.test.junit.AutoTests" name="[8] /home/travis/build/icyphy/ptII/ptolemy/domains/continuous/test/auto/CausalityInterface13.xml (RunModel)" time="0.024" />
  <testcase classname="ptolemy.util.test.junit.AutoTests" name="[9] /home/travis/build/icyphy/ptII/ptolemy/domains/continuous/test/auto/CausalityInterface14.xml (RunModel)" time="0.025" />
  <testcase classname="ptolemy.util.test.junit.AutoTests" name="[10] /home/travis/build/icyphy/ptII/ptolemy/domains/continuous/test/auto/CausalityInterface4.xml (RunModel)" time="0.032" />
  <testcase classname="ptolemy.util.test.junit.AutoTests" name="[11] /home/travis/build/icyphy/ptII/ptolemy/domains/continuous/test/auto/CausalityInterface5.xml (RunModel)" time="0.04" />
  <testcase classname="ptolemy.util.test.junit.AutoTests" name="[12] /home/travis/build/icyphy/ptII/ptolemy/domains/continuous/test/auto/CausalityInterface6.xml (RunModel)" time="0.024" />
  <testcase classname="ptolemy.util.test.junit.AutoTests" name="[13] /home/travis/build/icyphy/ptII/ptolemy/domains/continuous/test/auto/CausalityInterface7.xml (RunModel)" time="0.048" />
  <testcase classname="ptolemy.util.test.junit.AutoTests" name="[14] /home/travis/build/icyphy/ptII/ptolemy/domains/continuous/test/auto/CausalityInterface8.xml (RunModel)" time="0.041" />
  <testcase classname="ptolemy.util.test.junit.AutoTests" name="[15] /home/travis/build/icyphy/ptII/ptolemy/domains/continuous/test/auto/CausalityInterface9.xml (RunModel)" time="0.052" />
  <testcase classname="ptolemy.util.test.junit.AutoTests" name="[16] /home/travis/build/icyphy/ptII/ptolemy/domains/continuous/test/auto/CausalityInterfaceFeedback1.xml (RunModel)" time="0.031" />
  <testcase classname="ptolemy.util.test.junit.AutoTests" name="[17] /home/travis/build/icyphy/ptII/ptolemy/domains/continuous/test/auto/CausalityInterfaceFeedback2.xml (RunModel)" time="0.037" />
  <testcase classname="ptolemy.util.test.junit.AutoTests" name="[18] /home/travis/build/icyphy/ptII/ptolemy/domains/continuous/test/auto/CompareWithCurrentTime.xml (RunModel)" time="0.022" />
  <testcase classname="ptolemy.util.test.junit.AutoTests" name="[19] /home/travis/build/icyphy/ptII/ptolemy/domains/continuous/test/auto/ComparedClocks.xml (RunModel)" time="0.072" />
  <testcase classname="ptolemy.util.test.junit.AutoTests" name="[20] /home/travis/build/icyphy/ptII/ptolemy/domains/continuous/test/auto/ContinuousAOCClone.xml (RunModel)" time="2.796" />
  <testcase classname="ptolemy.util.test.junit.AutoTests" name="[21] /home/travis/build/icyphy/ptII/ptolemy/domains/continuous/test/auto/ContinuousClock.xml (RunModel)" time="0.104" />
  <testcase classname="ptolemy.util.test.junit.AutoTests" name="[22] /home/travis/build/icyphy/ptII/ptolemy/domains/continuous/test/auto/ContinuousInContinuous.xml (RunModel)" time="0.098" />
  <testcase classname="ptolemy.util.test.junit.AutoTests" name="[23] /home/travis/build/icyphy/ptII/ptolemy/domains/continuous/test/auto/ContinuousInContinuousInContinuous.xml (RunModel)" time="0.023" />
  <testcase classname="ptolemy.util.test.junit.AutoTests" name="[24] /home/travis/build/icyphy/ptII/ptolemy/domains/continuous/test/auto/ContinuousInDE.xml (RunModel)" time="0.114" />
  <testcase classname="ptolemy.util.test.junit.AutoTests" name="[25] /home/travis/build/icyphy/ptII/ptolemy/domains/continuous/test/auto/ContinuousInDE2.xml (RunModel)" time="0.067" />
  <testcase classname="ptolemy.util.test.junit.AutoTests" name="[26] /home/travis/build/icyphy/ptII/ptolemy/domains/continuous/test/auto/ContinuousInDE3.xml (RunModel)" time="0.064" />
  <testcase classname="ptolemy.util.test.junit.AutoTests" name="[27] /home/travis/build/icyphy/ptII/ptolemy/domains/continuous/test/auto/ContinuousInDE4.xml (RunModel)" time="0.04" />
  <testcase classname="ptolemy.util.test.junit.AutoTests" name="[28] /home/travis/build/icyphy/ptII/ptolemy/domains/continuous/test/auto/ContinuousInDEDifferentRefinements.xml (RunModel)" time="0.114" />
  <testcase classname="ptolemy.util.test.junit.AutoTests" name="[29] /home/travis/build/icyphy/ptII/ptolemy/domains/continuous/test/auto/ContinuousInDEDifferentRefinementsPreemptive.xml (RunModel)" time="0.101" />
  <testcase classname="ptolemy.util.test.junit.AutoTests" name="[30] /home/travis/build/icyphy/ptII/ptolemy/domains/continuous/test/auto/ContinuousInDEInContinuous2.xml (RunModel)" time="0.068" />
  <testcase classname="ptolemy.util.test.junit.AutoTests" name="[31] /home/travis/build/icyphy/ptII/ptolemy/domains/continuous/test/auto/ContinuousInDEInContinuous3.xml (RunModel)" time="0.073" />
  <testcase classname="ptolemy.util.test.junit.AutoTests" name="[32] /home/travis/build/icyphy/ptII/ptolemy/domains/continuous/test/auto/ContinuousInDEInput.xml (RunModel)" time="0.04" />
  <testcase classname="ptolemy.util.test.junit.AutoTests" name="[33] /home/travis/build/icyphy/ptII/ptolemy/domains/continuous/test/auto/ContinuousInDEInput2.xml (RunModel)" time="0.04" />
  <testcase classname="ptolemy.util.test.junit.AutoTests" name="[34] /home/travis/build/icyphy/ptII/ptolemy/domains/continuous/test/auto/ContinuousInDEInput3.xml (RunModel)" time="0.032" />
  <testcase classname="ptolemy.util.test.junit.AutoTests" name="[35] /home/travis/build/icyphy/ptII/ptolemy/domains/continuous/test/auto/ContinuousInDESharingRefinement.xml (RunModel)" time="0.18" />
  <testcase classname="ptolemy.util.test.junit.AutoTests" name="[36] /home/travis/build/icyphy/ptII/ptolemy/domains/continuous/test/auto/ContinuousInDEwithNoPorts.xml (RunModel)" time="0.02" />
  <testcase classname="ptolemy.util.test.junit.AutoTests" name="[37] /home/travis/build/icyphy/ptII/ptolemy/domains/continuous/test/auto/ContinuousInsideDE.xml (RunModel)" time="0.083" />
  <testcase classname="ptolemy.util.test.junit.AutoTests" name="[38] /home/travis/build/icyphy/ptII/ptolemy/domains/continuous/test/auto/ContinuousMerge1.xml (RunModel)" time="0.013" />
  <testcase classname="ptolemy.util.test.junit.AutoTests" name="[39] /home/travis/build/icyphy/ptII/ptolemy/domains/continuous/test/auto/ContinuousMerge2.xml (RunModel)" time="0.042" />
  <testcase classname="ptolemy.util.test.junit.AutoTests" name="[40] /home/travis/build/icyphy/ptII/ptolemy/domains/continuous/test/auto/ContinuousMerge3.xml (RunModel)" time="0.07" />
  <testcase classname="ptolemy.util.test.junit.AutoTests" name="[41] /home/travis/build/icyphy/ptII/ptolemy/domains/continuous/test/auto/ContinuousWithinContinuous.xml (RunModel)" time="0.057" />
  <testcase classname="ptolemy.util.test.junit.AutoTests" name="[42] /home/travis/build/icyphy/ptII/ptolemy/domains/continuous/test/auto/ContinuousWithinContinuous2.xml (RunModel)" time="0.105" />
  <testcase classname="ptolemy.util.test.junit.AutoTests" name="[43] /home/travis/build/icyphy/ptII/ptolemy/domains/continuous/test/auto/ContinuousWithinContinuous3.xml (RunModel)" time="0.03" />
  <testcase classname="ptolemy.util.test.junit.AutoTests" name="[44] /home/travis/build/icyphy/ptII/ptolemy/domains/continuous/test/auto/ContinuousWithinContinuous4.xml (RunModel)" time="0.087" />
  <testcase classname="ptolemy.util.test.junit.AutoTests" name="[45] /home/travis/build/icyphy/ptII/ptolemy/domains/continuous/test/auto/ContinuousWithinContinuous5.xml (RunModel)" time="0.035" />
  <testcase classname="ptolemy.util.test.junit.AutoTests" name="[46] /home/travis/build/icyphy/ptII/ptolemy/domains/continuous/test/auto/ContinuousWithinContinuous6.xml (RunModel)" time="0.037" />
  <testcase classname="ptolemy.util.test.junit.AutoTests" name="[47] /home/travis/build/icyphy/ptII/ptolemy/domains/continuous/test/auto/ContinuousWithinContinuous7.xml (RunModel)" time="0.07" />
  <testcase classname="ptolemy.util.test.junit.AutoTests" name="[48] /home/travis/build/icyphy/ptII/ptolemy/domains/continuous/test/auto/DCMotor.xml (RunModel)" time="13.956" />
  <testcase classname="ptolemy.util.test.junit.AutoTests" name="[49] /home/travis/build/icyphy/ptII/ptolemy/domains/continuous/test/auto/DEInContinuous.xml (RunModel)" time="0.045" />
  <testcase classname="ptolemy.util.test.junit.AutoTests" name="[50] /home/travis/build/icyphy/ptII/ptolemy/domains/continuous/test/auto/DEinContinuous2.xml (RunModel)" time="0.038" />
  <testcase classname="ptolemy.util.test.junit.AutoTests" name="[51] /home/travis/build/icyphy/ptII/ptolemy/domains/continuous/test/auto/Derivative.xml (RunModel)" time="0.194" />
  <testcase classname="ptolemy.util.test.junit.AutoTests" name="[52] /home/travis/build/icyphy/ptII/ptolemy/domains/continuous/test/auto/Derivative1.xml (RunModel)" time="0.062" />
  <testcase classname="ptolemy.util.test.junit.AutoTests" name="[53] /home/travis/build/icyphy/ptII/ptolemy/domains/continuous/test/auto/DiscreteClock.xml (RunModel)" time="0.017" />
  <testcase classname="ptolemy.util.test.junit.AutoTests" name="[54] /home/travis/build/icyphy/ptII/ptolemy/domains/continuous/test/auto/EfficiencyCurve.xml (RunModel)" time="0.113" />
  <testcase classname="ptolemy.util.test.junit.AutoTests" name="[55] /home/travis/build/icyphy/ptII/ptolemy/domains/continuous/test/auto/ExponentialResponse.xml (RunModel)" time="0.114" />
  <testcase classname="ptolemy.util.test.junit.AutoTests" name="[56] /home/travis/build/icyphy/ptII/ptolemy/domains/continuous/test/auto/ExponentialResponseRK45.xml (RunModel)" time="0.035" />
  <testcase classname="ptolemy.util.test.junit.AutoTests" name="[57] /home/travis/build/icyphy/ptII/ptolemy/domains/continuous/test/auto/Friction.xml (RunModel)" time="1.751" />
  <testcase classname="ptolemy.util.test.junit.AutoTests" name="[58] /home/travis/build/icyphy/ptII/ptolemy/domains/continuous/test/auto/FurutaPendulum.xml (RunModel)" time="3.342" />
  <testcase classname="ptolemy.util.test.junit.AutoTests" name="[59] /home/travis/build/icyphy/ptII/ptolemy/domains/continuous/test/auto/HierarchicalExecution.xml (RunModel)" time="1.897" />
  <testcase classname="ptolemy.util.test.junit.AutoTests" name="[60] /home/travis/build/icyphy/ptII/ptolemy/domains/continuous/test/auto/HybridPlant.xml (RunModel)" time="0.622" />
  <testcase classname="ptolemy.util.test.junit.AutoTests" name="[61] /home/travis/build/icyphy/ptII/ptolemy/domains/continuous/test/auto/Hysteresis.xml (RunModel)" time="0.178" />
  <testcase classname="ptolemy.util.test.junit.AutoTests" name="[62] /home/travis/build/icyphy/ptII/ptolemy/domains/continuous/test/auto/HysteresisWithRandomDelay.xml (RunModel)" time="0.235" />
  <testcase classname="ptolemy.util.test.junit.AutoTests" name="[63] /home/travis/build/icyphy/ptII/ptolemy/domains/continuous/test/auto/HysteresisWithRandomLosses.xml (RunModel)" time="2.388" />
  <testcase classname="ptolemy.util.test.junit.AutoTests" name="[64] /home/travis/build/icyphy/ptII/ptolemy/domains/continuous/test/auto/ImmediateTransitions.xml (RunModel)" time="0.036" />
  <testcase classname="ptolemy.util.test.junit.AutoTests" name="[65] /home/travis/build/icyphy/ptII/ptolemy/domains/continuous/test/auto/ImpulseFeedback.xml (RunModel)" time="0.017" />
  <testcase classname="ptolemy.util.test.junit.AutoTests" name="[66] /home/travis/build/icyphy/ptII/ptolemy/domains/continuous/test/auto/ImpulseFeedback2.xml (RunModel)" time="0.014" />
  <testcase classname="ptolemy.util.test.junit.AutoTests" name="[67] /home/travis/build/icyphy/ptII/ptolemy/domains/continuous/test/auto/IncreasingRatePoisson.xml (RunModel)" time="0.697" />
  <testcase classname="ptolemy.util.test.junit.AutoTests" name="[68] /home/travis/build/icyphy/ptII/ptolemy/domains/continuous/test/auto/InitialStateFeedback.xml (RunModel)" time="0.011" />
  <testcase classname="ptolemy.util.test.junit.AutoTests" name="[69] /home/travis/build/icyphy/ptII/ptolemy/domains/continuous/test/auto/Integration.xml (RunModel)" time="0.011" />
  <testcase classname="ptolemy.util.test.junit.AutoTests" name="[70] /home/travis/build/icyphy/ptII/ptolemy/domains/continuous/test/auto/Integration2.xml (RunModel)" time="0.092" />
  <testcase classname="ptolemy.util.test.junit.AutoTests" name="[71] /home/travis/build/icyphy/ptII/ptolemy/domains/continuous/test/auto/Integration3.xml (RunModel)" time="0.017" />
  <testcase classname="ptolemy.util.test.junit.AutoTests" name="[72] /home/travis/build/icyphy/ptII/ptolemy/domains/continuous/test/auto/Integration5.xml (RunModel)" time="0.02" />
  <testcase classname="ptolemy.util.test.junit.AutoTests" name="[73] /home/travis/build/icyphy/ptII/ptolemy/domains/continuous/test/auto/IntegratorImpulse.xml (RunModel)" time="0.009" />
  <testcase classname="ptolemy.util.test.junit.AutoTests" name="[74] /home/travis/build/icyphy/ptII/ptolemy/domains/continuous/test/auto/IntegratorImpulse2.xml (RunModel)" time="0.014" />
  <testcase classname="ptolemy.util.test.junit.AutoTests" name="[75] /home/travis/build/icyphy/ptII/ptolemy/domains/continuous/test/auto/LevelCrossing1.xml (RunModel)" time="0.015" />
  <testcase classname="ptolemy.util.test.junit.AutoTests" name="[76] /home/travis/build/icyphy/ptII/ptolemy/domains/continuous/test/auto/LevelCrossing2.xml (RunModel)" time="0.018" />
  <testcase classname="ptolemy.util.test.junit.AutoTests" name="[77] /home/travis/build/icyphy/ptII/ptolemy/domains/continuous/test/auto/LevelCrossing3.xml (RunModel)" time="0.013" />
  <testcase classname="ptolemy.util.test.junit.AutoTests" name="[78] /home/travis/build/icyphy/ptII/ptolemy/domains/continuous/test/auto/LevelCrossing4.xml (RunModel)" time="0.019" />
  <testcase classname="ptolemy.util.test.junit.AutoTests" name="[79] /home/travis/build/icyphy/ptII/ptolemy/domains/continuous/test/auto/LevelCrossing5.xml (RunModel)" time="0.016" />
  <testcase classname="ptolemy.util.test.junit.AutoTests" name="[80] /home/travis/build/icyphy/ptII/ptolemy/domains/continuous/test/auto/LevelCrossing6.xml (RunModel)" time="0.012" />
  <testcase classname="ptolemy.util.test.junit.AutoTests" name="[81] /home/travis/build/icyphy/ptII/ptolemy/domains/continuous/test/auto/LevelCrossingDetector.xml (RunModel)" time="0.04" />
  <testcase classname="ptolemy.util.test.junit.AutoTests" name="[82] /home/travis/build/icyphy/ptII/ptolemy/domains/continuous/test/auto/LevelCrossingDetectorDetectingDirections.xml (RunModel)" time="0.092" />
  <testcase classname="ptolemy.util.test.junit.AutoTests" name="[83] /home/travis/build/icyphy/ptII/ptolemy/domains/continuous/test/auto/LevelCrossingDetectorDetectsGlitches.xml (RunModel)" time="0.069" />
  <testcase classname="ptolemy.util.test.junit.AutoTests" name="[84] /home/travis/build/icyphy/ptII/ptolemy/domains/continuous/test/auto/LevelCrossingNoInitialOuput.xml (RunModel)" time="0.013" />
  <testcase classname="ptolemy.util.test.junit.AutoTests" name="[85] /home/travis/build/icyphy/ptII/ptolemy/domains/continuous/test/auto/LinearStateSpaceExample.xml (RunModel)" time="0.068" />
  <testcase classname="ptolemy.util.test.junit.AutoTests" name="[86] /home/travis/build/icyphy/ptII/ptolemy/domains/continuous/test/auto/Lorenz.xml (RunModel)" time="3.633" />
  <testcase classname="ptolemy.util.test.junit.AutoTests" name="[87] /home/travis/build/icyphy/ptII/ptolemy/domains/continuous/test/auto/LorenzDifferentialSystem.xml (RunModel)" time="1.045" />
  <testcase classname="ptolemy.util.test.junit.AutoTests" name="[88] /home/travis/build/icyphy/ptII/ptolemy/domains/continuous/test/auto/LorenzDifferentialSystemWithInput.xml (RunModel)" time="1.176" />
  <testcase classname="ptolemy.util.test.junit.AutoTests" name="[89] /home/travis/build/icyphy/ptII/ptolemy/domains/continuous/test/auto/LorenzDifferentialSystemWithTime.xml (RunModel)" time="0.656" />
  <testcase classname="ptolemy.util.test.junit.AutoTests" name="[90] /home/travis/build/icyphy/ptII/ptolemy/domains/continuous/test/auto/Microsteps.xml (RunModel)" time="0.023" />
  <testcase classname="ptolemy.util.test.junit.AutoTests" name="[91] /home/travis/build/icyphy/ptII/ptolemy/domains/continuous/test/auto/Modal1.xml (RunModel)" time="0.046" />
  <testcase classname="ptolemy.util.test.junit.AutoTests" name="[92] /home/travis/build/icyphy/ptII/ptolemy/domains/continuous/test/auto/Modal2.xml (RunModel)" time="0.057" />
  <testcase classname="ptolemy.util.test.junit.AutoTests" name="[93] /home/travis/build/icyphy/ptII/ptolemy/domains/continuous/test/auto/ModalTransitionGuardWithReset.xml (RunModel)" time="0.043" />
  <testcase classname="ptolemy.util.test.junit.AutoTests" name="[94] /home/travis/build/icyphy/ptII/ptolemy/domains/continuous/test/auto/ModalTransitionGuardWithResetUsingPreemptiveTransition.xml (RunModel)" time="0.032" />
  <testcase classname="ptolemy.util.test.junit.AutoTests" name="[95] /home/travis/build/icyphy/ptII/ptolemy/domains/continuous/test/auto/ModalTransitionGuardWithResetUsingPreemptiveTransition2.xml (RunModel)" time="0.05" />
  <testcase classname="ptolemy.util.test.junit.AutoTests" name="[96] /home/travis/build/icyphy/ptII/ptolemy/domains/continuous/test/auto/ModalTransitionGuardWithResetUsingPreemptiveTransition3.xml (RunModel)" time="0.026" />
  <testcase classname="ptolemy.util.test.junit.AutoTests" name="[97] /home/travis/build/icyphy/ptII/ptolemy/domains/continuous/test/auto/NewtonsCradle.xml (RunModel)" time="0.703" />
  <testcase classname="ptolemy.util.test.junit.AutoTests" name="[98] /home/travis/build/icyphy/ptII/ptolemy/domains/continuous/test/auto/NewtonsCradleAnimated.xml (RunModel)" time="1.261" />
  <testcase classname="ptolemy.util.test.junit.AutoTests" name="[99] /home/travis/build/icyphy/ptII/ptolemy/domains/continuous/test/auto/NewtonsCradleComplicated.xml (RunModel)" time="1.057" />
  <testcase classname="ptolemy.util.test.junit.AutoTests" name="[100] /home/travis/build/icyphy/ptII/ptolemy/domains/continuous/test/auto/NewtonsCradleNondeterministic.xml (RunModel)" time="0.622" />
  <testcase classname="ptolemy.util.test.junit.AutoTests" name="[101] /home/travis/build/icyphy/ptII/ptolemy/domains/continuous/test/auto/NewtonsCradlePerfectlyInelastic1.xml (RunModel)" time="1.254" />
  <testcase classname="ptolemy.util.test.junit.AutoTests" name="[102] /home/travis/build/icyphy/ptII/ptolemy/domains/continuous/test/auto/Noise.xml (RunModel)" time="0.204" />
  <testcase classname="ptolemy.util.test.junit.AutoTests" name="[103] /home/travis/build/icyphy/ptII/ptolemy/domains/continuous/test/auto/NoiseSpectrum.xml (RunModel)" time="0.666" />
  <testcase classname="ptolemy.util.test.junit.AutoTests" name="[104] /home/travis/build/icyphy/ptII/ptolemy/domains/continuous/test/auto/ParameterizedNewtonsCradleAnimated.xml (RunModel)" time="0.361" />
  <testcase classname="ptolemy.util.test.junit.AutoTests" name="[105] /home/travis/build/icyphy/ptII/ptolemy/domains/continuous/test/auto/ParameterizedNewtonsCradleAnimatedNondeterministic.xml (RunModel)" time="1.202" />
  <testcase classname="ptolemy.util.test.junit.AutoTests" name="[106] /home/travis/build/icyphy/ptII/ptolemy/domains/continuous/test/auto/Pendulum3D.xml (RunModel)" time="0.187" />
  <testcase classname="ptolemy.util.test.junit.AutoTests" name="[107] /home/travis/build/icyphy/ptII/ptolemy/domains/continuous/test/auto/PeriodicSampler.xml (RunModel)" time="0.019" />
  <testcase classname="ptolemy.util.test.junit.AutoTests" name="[108] /home/travis/build/icyphy/ptII/ptolemy/domains/continuous/test/auto/PeriodicSampler1.xml (RunModel)" time="0.048" />
  <testcase classname="ptolemy.util.test.junit.AutoTests" name="[109] /home/travis/build/icyphy/ptII/ptolemy/domains/continuous/test/auto/PeriodicSampler2.xml (RunModel)" time="0.092" />
  <testcase classname="ptolemy.util.test.junit.AutoTests" name="[110] /home/travis/build/icyphy/ptII/ptolemy/domains/continuous/test/auto/Poisson.xml (RunModel)" time="0.427" />
  <testcase classname="ptolemy.util.test.junit.AutoTests" name="[111] /home/travis/build/icyphy/ptII/ptolemy/domains/continuous/test/auto/PoissonClock.xml (RunModel)" time="0.011" />
  <testcase classname="ptolemy.util.test.junit.AutoTests" name="[112] /home/travis/build/icyphy/ptII/ptolemy/domains/continuous/test/auto/PoissonClock2.xml (RunModel)" time="0.012" />
  <testcase classname="ptolemy.util.test.junit.AutoTests" name="[113] /home/travis/build/icyphy/ptII/ptolemy/domains/continuous/test/auto/PortParameterHierarchy.xml (RunModel)" time="0.028" />
  <testcase classname="ptolemy.util.test.junit.AutoTests" name="[114] /home/travis/build/icyphy/ptII/ptolemy/domains/continuous/test/auto/RandomHybridPlant.xml (RunModel)" time="0.557" />
  <testcase classname="ptolemy.util.test.junit.AutoTests" name="[115] /home/travis/build/icyphy/ptII/ptolemy/domains/continuous/test/auto/ResetTransitionWithStartTime1.xml (RunModel)" time="0.028" />
  <testcase classname="ptolemy.util.test.junit.AutoTests" name="[116] /home/travis/build/icyphy/ptII/ptolemy/domains/continuous/test/auto/ResetTransitionWithStartTime2.xml (RunModel)" time="0.037" />
  <testcase classname="ptolemy.util.test.junit.AutoTests" name="[117] /home/travis/build/icyphy/ptII/ptolemy/domains/continuous/test/auto/ResetTransitionWithStartTime3.xml (RunModel)" time="0.042" />
  <testcase classname="ptolemy.util.test.junit.AutoTests" name="[118] /home/travis/build/icyphy/ptII/ptolemy/domains/continuous/test/auto/ResetTransitionWithStartTime4.xml (RunModel)" time="0.031" />
  <testcase classname="ptolemy.util.test.junit.AutoTests" name="[119] /home/travis/build/icyphy/ptII/ptolemy/domains/continuous/test/auto/ResetTransitionWithStartTime5.xml (RunModel)" time="0.04" />
  <testcase classname="ptolemy.util.test.junit.AutoTests" name="[120] /home/travis/build/icyphy/ptII/ptolemy/domains/continuous/test/auto/ResetTransitionWithStartTime6.xml (RunModel)" time="0.031" />
  <testcase classname="ptolemy.util.test.junit.AutoTests" name="[121] /home/travis/build/icyphy/ptII/ptolemy/domains/continuous/test/auto/SRinContinuous.xml (RunModel)" time="0.029" />
  <testcase classname="ptolemy.util.test.junit.AutoTests" name="[122] /home/travis/build/icyphy/ptII/ptolemy/domains/continuous/test/auto/SampledClocks.xml (RunModel)" time="0.035" />
  <testcase classname="ptolemy.util.test.junit.AutoTests" name="[123] /home/travis/build/icyphy/ptII/ptolemy/domains/continuous/test/auto/Satellite.xml (RunModel)" time="0.652" />
  <testcase classname="ptolemy.util.test.junit.AutoTests" name="[124] /home/travis/build/icyphy/ptII/ptolemy/domains/continuous/test/auto/SigmaDelta.xml (RunModel)" time="1.992" />
  <testcase classname="ptolemy.util.test.junit.AutoTests" name="[125] /home/travis/build/icyphy/ptII/ptolemy/domains/continuous/test/auto/SingleRefinement.xml (RunModel)" time="0.447" />
  <testcase classname="ptolemy.util.test.junit.AutoTests" name="[126] /home/travis/build/icyphy/ptII/ptolemy/domains/continuous/test/auto/SinuBouncingBall.xml (RunModel)" time="0.912" />
  <testcase classname="ptolemy.util.test.junit.AutoTests" name="[127] /home/travis/build/icyphy/ptII/ptolemy/domains/continuous/test/auto/Sinusoid.xml (RunModel)" time="0.019" />
  <testcase classname="ptolemy.util.test.junit.AutoTests" name="[128] /home/travis/build/icyphy/ptII/ptolemy/domains/continuous/test/auto/SinusoidInNoise.xml (RunModel)" time="0.945" />
  <testcase classname="ptolemy.util.test.junit.AutoTests" name="[129] /home/travis/build/icyphy/ptII/ptolemy/domains/continuous/test/auto/SinusoidRK45.xml (RunModel)" time="0.018" />
  <testcase classname="ptolemy.util.test.junit.AutoTests" name="[130] /home/travis/build/icyphy/ptII/ptolemy/domains/continuous/test/auto/SinusoidWithMultipleImpulses.xml (RunModel)" time="0.014" />
  <testcase classname="ptolemy.util.test.junit.AutoTests" name="[131] /home/travis/build/icyphy/ptII/ptolemy/domains/continuous/test/auto/SquareWave.xml (RunModel)" time="0.183" />
  <testcase classname="ptolemy.util.test.junit.AutoTests" name="[132] /home/travis/build/icyphy/ptII/ptolemy/domains/continuous/test/auto/Starmac.xml (RunModel)" time="3.43" />
  <testcase classname="ptolemy.util.test.junit.AutoTests" name="[133] /home/travis/build/icyphy/ptII/ptolemy/domains/continuous/test/auto/StaticUnits.xml (RunModel)" time="2.344" />
  <testcase classname="ptolemy.util.test.junit.AutoTests" name="[134] /home/travis/build/icyphy/ptII/ptolemy/domains/continuous/test/auto/StickyMasses.xml (RunModel)" time="0.173" />
  <testcase classname="ptolemy.util.test.junit.AutoTests" name="[135] /home/travis/build/icyphy/ptII/ptolemy/domains/continuous/test/auto/StopTime.xml (RunModel)" time="0.071" />
  <testcase classname="ptolemy.util.test.junit.AutoTests" name="[136] /home/travis/build/icyphy/ptII/ptolemy/domains/continuous/test/auto/StopTime2.xml (RunModel)" time="0.055" />
  <testcase classname="ptolemy.util.test.junit.AutoTests" name="[137] /home/travis/build/icyphy/ptII/ptolemy/domains/continuous/test/auto/Switch.xml (RunModel)" time="0.07" />
  <testcase classname="ptolemy.util.test.junit.AutoTests" name="[138] /home/travis/build/icyphy/ptII/ptolemy/domains/continuous/test/auto/Thermostat.xml (RunModel)" time="0.233" />
  <testcase classname="ptolemy.util.test.junit.AutoTests" name="[139] /home/travis/build/icyphy/ptII/ptolemy/domains/continuous/test/auto/TimeDelay.xml (RunModel)" time="0.013" />
  <testcase classname="ptolemy.util.test.junit.AutoTests" name="[140] /home/travis/build/icyphy/ptII/ptolemy/domains/continuous/test/auto/TimeDelay2.xml (RunModel)" time="0.026" />
  <testcase classname="ptolemy.util.test.junit.AutoTests" name="[141] /home/travis/build/icyphy/ptII/ptolemy/domains/continuous/test/auto/TimeDelay3.xml (RunModel)" time="0.013" />
  <testcase classname="ptolemy.util.test.junit.AutoTests" name="[142] /home/travis/build/icyphy/ptII/ptolemy/domains/continuous/test/auto/TransferAbsentToInside.xml (RunModel)" time="0.118" />
  <testcase classname="ptolemy.util.test.junit.AutoTests" name="[143] /home/travis/build/icyphy/ptII/ptolemy/domains/continuous/test/auto/Transmission.xml (RunModel)" time="0.783" />
  <testcase classname="ptolemy.util.test.junit.AutoTests" name="[144] /home/travis/build/icyphy/ptII/ptolemy/domains/continuous/test/auto/TriggeredContinuousClock.xml (RunModel)" time="0.068" />
  <testcase classname="ptolemy.util.test.junit.AutoTests" name="[145] /home/travis/build/icyphy/ptII/ptolemy/domains/continuous/test/auto/TwoMachineInfiniteBusControl.xml (RunModel)" time="2.396" />
  <testcase classname="ptolemy.util.test.junit.AutoTests" name="[146] /home/travis/build/icyphy/ptII/ptolemy/domains/continuous/test/auto/V2V.xml (RunModel)" time="0.723" />
  <testcase classname="ptolemy.util.test.junit.AutoTests" name="[147] /home/travis/build/icyphy/ptII/ptolemy/domains/continuous/test/auto/hierarchicalModalModel.xml (RunModel)" time="0.041" />
  <testcase classname="ptolemy.util.test.junit.AutoTests" name="[148] /home/travis/build/icyphy/ptII/ptolemy/domains/continuous/test/auto/hierarchicalModalModel1.xml (RunModel)" time="0.03" />
  <testcase classname="ptolemy.util.test.junit.AutoTests" name="[149] /home/travis/build/icyphy/ptII/ptolemy/domains/continuous/test/auto/hierarchicalModalModel2.xml (RunModel)" time="0.026" />
  <testcase classname="ptolemy.util.test.junit.AutoTests" name="[150] /home/travis/build/icyphy/ptII/ptolemy/domains/continuous/test/auto/hierarchicalModalModel3.xml (RunModel)" time="0.02" />
  <testcase classname="ptolemy.util.test.junit.AutoTests" name="[151] /home/travis/build/icyphy/ptII/ptolemy/domains/continuous/test/auto/hierarchicalModalModel4.xml (RunModel)" time="0.025" />
  <testcase classname="ptolemy.util.test.junit.AutoTests" name="[152] /home/travis/build/icyphy/ptII/ptolemy/domains/continuous/test/auto/junk.xml (RunModel)" time="0.131" />
  <system-out><![CDATA[No tcl tests in /home/travis/build/icyphy/ptII/ptolemy/domains/continuous/test
No auto/knownFailedTests/*.xml tests in /home/travis/build/icyphy/ptII/ptolemy/domains/continuous/test
No auto/linux-amd64/*.xml tests in /home/travis/build/icyphy/ptII/ptolemy/domains/continuous/test
AutoTests.java: About to close Vertx.
AutoTests.java: Vertx closed.

===========================================================================================
----------------- testing Tue Sep 01 15:33:51 UTC 2020 /home/travis/build/icyphy/ptII/ptolemy/domains/continuous/test/auto/BouncingBall.xml
----------------- Instantiating /home/travis/build/icyphy/ptII/ptolemy/domains/continuous/test/auto/BouncingBall.xml
2453 ms. Memory: 160768K Free: 75979K (47%)
----------------- Invoking toplevel() on ptolemy.moml.MoMLSimpleApplication@34cb5e90
----------------- Done invoking toplevel() on ptolemy.moml.MoMLSimpleApplication@34cb5e90
reloadAllAccessors: .BouncingBall

===========================================================================================
----------------- testing Tue Sep 01 15:33:54 UTC 2020 /home/travis/build/icyphy/ptII/ptolemy/domains/continuous/test/auto/BouncingBallWithoutGR.xml
----------------- Instantiating /home/travis/build/icyphy/ptII/ptolemy/domains/continuous/test/auto/BouncingBallWithoutGR.xml
796 ms. Memory: 160768K Free: 85170K (53%)
----------------- Invoking toplevel() on ptolemy.moml.MoMLSimpleApplication@3bc47196
----------------- Done invoking toplevel() on ptolemy.moml.MoMLSimpleApplication@3bc47196
reloadAllAccessors: .BouncingBallWithoutGR

===========================================================================================
----------------- testing Tue Sep 01 15:33:55 UTC 2020 /home/travis/build/icyphy/ptII/ptolemy/domains/continuous/test/auto/Brownian.xml
----------------- Instantiating /home/travis/build/icyphy/ptII/ptolemy/domains/continuous/test/auto/Brownian.xml
25 ms. Memory: 160768K Free: 75954K (47%)
----------------- Invoking toplevel() on ptolemy.moml.MoMLSimpleApplication@3706054b
----------------- Done invoking toplevel() on ptolemy.moml.MoMLSimpleApplication@3706054b
reloadAllAccessors: .Brownian

===========================================================================================
----------------- testing Tue Sep 01 15:33:55 UTC 2020 /home/travis/build/icyphy/ptII/ptolemy/domains/continuous/test/auto/CarTracking.xml
----------------- Instantiating /home/travis/build/icyphy/ptII/ptolemy/domains/continuous/test/auto/CarTracking.xml
3668 ms. Memory: 232448K Free: 161064K (69%)
----------------- Invoking toplevel() on ptolemy.moml.MoMLSimpleApplication@27f231dc
----------------- Done invoking toplevel() on ptolemy.moml.MoMLSimpleApplication@27f231dc
reloadAllAccessors: .CarTracking

===========================================================================================
----------------- testing Tue Sep 01 15:33:59 UTC 2020 /home/travis/build/icyphy/ptII/ptolemy/domains/continuous/test/auto/CartPendulum.xml
----------------- Instantiating /home/travis/build/icyphy/ptII/ptolemy/domains/continuous/test/auto/CartPendulum.xml
352 ms. Memory: 232448K Free: 207379K (89%)
----------------- Invoking toplevel() on ptolemy.moml.MoMLSimpleApplication@35ae305a
----------------- Done invoking toplevel() on ptolemy.moml.MoMLSimpleApplication@35ae305a
reloadAllAccessors: .CartPendulum

===========================================================================================
----------------- testing Tue Sep 01 15:34:00 UTC 2020 /home/travis/build/icyphy/ptII/ptolemy/domains/continuous/test/auto/CausalityInterface10.xml
----------------- Instantiating /home/travis/build/icyphy/ptII/ptolemy/domains/continuous/test/auto/CausalityInterface10.xml
6 ms. Memory: 232448K Free: 196629K (85%)
----------------- Invoking toplevel() on ptolemy.moml.MoMLSimpleApplication@570e2a09
----------------- Done invoking toplevel() on ptolemy.moml.MoMLSimpleApplication@570e2a09
reloadAllAccessors: .CausalityInterface10

===========================================================================================
----------------- testing Tue Sep 01 15:34:00 UTC 2020 /home/travis/build/icyphy/ptII/ptolemy/domains/continuous/test/auto/CausalityInterface11.xml
----------------- Instantiating /home/travis/build/icyphy/ptII/ptolemy/domains/continuous/test/auto/CausalityInterface11.xml
16 ms. Memory: 232448K Free: 190485K (82%)
----------------- Invoking toplevel() on ptolemy.moml.MoMLSimpleApplication@140e6747
----------------- Done invoking toplevel() on ptolemy.moml.MoMLSimpleApplication@140e6747
reloadAllAccessors: .CausalityInterface11

===========================================================================================
----------------- testing Tue Sep 01 15:34:00 UTC 2020 /home/travis/build/icyphy/ptII/ptolemy/domains/continuous/test/auto/CausalityInterface12.xml
----------------- Instantiating /home/travis/build/icyphy/ptII/ptolemy/domains/continuous/test/auto/CausalityInterface12.xml
4 ms. Memory: 232448K Free: 184341K (79%)
----------------- Invoking toplevel() on ptolemy.moml.MoMLSimpleApplication@32a01d76
----------------- Done invoking toplevel() on ptolemy.moml.MoMLSimpleApplication@32a01d76
reloadAllAccessors: .CausalityInterface12

===========================================================================================
----------------- testing Tue Sep 01 15:34:00 UTC 2020 /home/travis/build/icyphy/ptII/ptolemy/domains/continuous/test/auto/CausalityInterface13.xml
----------------- Instantiating /home/travis/build/icyphy/ptII/ptolemy/domains/continuous/test/auto/CausalityInterface13.xml
9 ms. Memory: 232448K Free: 178197K (77%)
----------------- Invoking toplevel() on ptolemy.moml.MoMLSimpleApplication@73d93738
----------------- Done invoking toplevel() on ptolemy.moml.MoMLSimpleApplication@73d93738
reloadAllAccessors: .CausalityInterface13

===========================================================================================
----------------- testing Tue Sep 01 15:34:00 UTC 2020 /home/travis/build/icyphy/ptII/ptolemy/domains/continuous/test/auto/CausalityInterface14.xml
----------------- Instantiating /home/travis/build/icyphy/ptII/ptolemy/domains/continuous/test/auto/CausalityInterface14.xml
3 ms. Memory: 232448K Free: 172533K (74%)
----------------- Invoking toplevel() on ptolemy.moml.MoMLSimpleApplication@3c6c3d1d
----------------- Done invoking toplevel() on ptolemy.moml.MoMLSimpleApplication@3c6c3d1d
reloadAllAccessors: .CausalityInterface14

===========================================================================================
----------------- testing Tue Sep 01 15:34:00 UTC 2020 /home/travis/build/icyphy/ptII/ptolemy/domains/continuous/test/auto/CausalityInterface4.xml
----------------- Instantiating /home/travis/build/icyphy/ptII/ptolemy/domains/continuous/test/auto/CausalityInterface4.xml
5 ms. Memory: 232448K Free: 165381K (71%)
----------------- Invoking toplevel() on ptolemy.moml.MoMLSimpleApplication@2c6a2b8
----------------- Done invoking toplevel() on ptolemy.moml.MoMLSimpleApplication@2c6a2b8
reloadAllAccessors: .CausalityInterface4

===========================================================================================
----------------- testing Tue Sep 01 15:34:00 UTC 2020 /home/travis/build/icyphy/ptII/ptolemy/domains/continuous/test/auto/CausalityInterface5.xml
----------------- Instantiating /home/travis/build/icyphy/ptII/ptolemy/domains/continuous/test/auto/CausalityInterface5.xml
7 ms. Memory: 232448K Free: 157203K (68%)
----------------- Invoking toplevel() on ptolemy.moml.MoMLSimpleApplication@4c4f6e50
----------------- Done invoking toplevel() on ptolemy.moml.MoMLSimpleApplication@4c4f6e50
reloadAllAccessors: .CausalityInterface5

===========================================================================================
----------------- testing Tue Sep 01 15:34:00 UTC 2020 /home/travis/build/icyphy/ptII/ptolemy/domains/continuous/test/auto/CausalityInterface6.xml
----------------- Instantiating /home/travis/build/icyphy/ptII/ptolemy/domains/continuous/test/auto/CausalityInterface6.xml
5 ms. Memory: 232448K Free: 152069K (65%)
----------------- Invoking toplevel() on ptolemy.moml.MoMLSimpleApplication@3bcf09fb
----------------- Done invoking toplevel() on ptolemy.moml.MoMLSimpleApplication@3bcf09fb
reloadAllAccessors: .CausalityInterface6

===========================================================================================
----------------- testing Tue Sep 01 15:34:00 UTC 2020 /home/travis/build/icyphy/ptII/ptolemy/domains/continuous/test/auto/CausalityInterface7.xml
----------------- Instantiating /home/travis/build/icyphy/ptII/ptolemy/domains/continuous/test/auto/CausalityInterface7.xml
14 ms. Memory: 232448K Free: 143381K (62%)
----------------- Invoking toplevel() on ptolemy.moml.MoMLSimpleApplication@3e8e2958
----------------- Done invoking toplevel() on ptolemy.moml.MoMLSimpleApplication@3e8e2958
reloadAllAccessors: .CausalityInterface7

===========================================================================================
----------------- testing Tue Sep 01 15:34:00 UTC 2020 /home/travis/build/icyphy/ptII/ptolemy/domains/continuous/test/auto/CausalityInterface8.xml
----------------- Instantiating /home/travis/build/icyphy/ptII/ptolemy/domains/continuous/test/auto/CausalityInterface8.xml
6 ms. Memory: 232448K Free: 134165K (58%)
----------------- Invoking toplevel() on ptolemy.moml.MoMLSimpleApplication@613b3599
----------------- Done invoking toplevel() on ptolemy.moml.MoMLSimpleApplication@613b3599
reloadAllAccessors: .CausalityInterface8

===========================================================================================
----------------- testing Tue Sep 01 15:34:00 UTC 2020 /home/travis/build/icyphy/ptII/ptolemy/domains/continuous/test/auto/CausalityInterface9.xml
----------------- Instantiating /home/travis/build/icyphy/ptII/ptolemy/domains/continuous/test/auto/CausalityInterface9.xml
13 ms. Memory: 232448K Free: 123411K (53%)
----------------- Invoking toplevel() on ptolemy.moml.MoMLSimpleApplication@2c585c41
----------------- Done invoking toplevel() on ptolemy.moml.MoMLSimpleApplication@2c585c41
reloadAllAccessors: .CausalityInterface9

===========================================================================================
----------------- testing Tue Sep 01 15:34:00 UTC 2020 /home/travis/build/icyphy/ptII/ptolemy/domains/continuous/test/auto/CausalityInterfaceFeedback1.xml
----------------- Instantiating /home/travis/build/icyphy/ptII/ptolemy/domains/continuous/test/auto/CausalityInterfaceFeedback1.xml
5 ms. Memory: 232448K Free: 116757K (50%)
----------------- Invoking toplevel() on ptolemy.moml.MoMLSimpleApplication@5b1d0d43
----------------- Done invoking toplevel() on ptolemy.moml.MoMLSimpleApplication@5b1d0d43
reloadAllAccessors: .CausalityInterfaceFeedback1

===========================================================================================
----------------- testing Tue Sep 01 15:34:00 UTC 2020 /home/travis/build/icyphy/ptII/ptolemy/domains/continuous/test/auto/CausalityInterfaceFeedback2.xml
----------------- Instantiating /home/travis/build/icyphy/ptII/ptolemy/domains/continuous/test/auto/CausalityInterfaceFeedback2.xml
6 ms. Memory: 232448K Free: 110085K (47%)
----------------- Invoking toplevel() on ptolemy.moml.MoMLSimpleApplication@56720815
----------------- Done invoking toplevel() on ptolemy.moml.MoMLSimpleApplication@56720815
reloadAllAccessors: .CausalityInterfaceFeedback2

===========================================================================================
----------------- testing Tue Sep 01 15:34:00 UTC 2020 /home/travis/build/icyphy/ptII/ptolemy/domains/continuous/test/auto/CompareWithCurrentTime.xml
----------------- Instantiating /home/travis/build/icyphy/ptII/ptolemy/domains/continuous/test/auto/CompareWithCurrentTime.xml
6 ms. Memory: 232448K Free: 106003K (46%)
----------------- Invoking toplevel() on ptolemy.moml.MoMLSimpleApplication@56c9e25c
----------------- Done invoking toplevel() on ptolemy.moml.MoMLSimpleApplication@56c9e25c
reloadAllAccessors: .CompareWithCurrentTime

===========================================================================================
----------------- testing Tue Sep 01 15:34:00 UTC 2020 /home/travis/build/icyphy/ptII/ptolemy/domains/continuous/test/auto/ComparedClocks.xml
----------------- Instantiating /home/travis/build/icyphy/ptII/ptolemy/domains/continuous/test/auto/ComparedClocks.xml
8 ms. Memory: 232448K Free: 90629K (39%)
----------------- Invoking toplevel() on ptolemy.moml.MoMLSimpleApplication@142a2c03
----------------- Done invoking toplevel() on ptolemy.moml.MoMLSimpleApplication@142a2c03
reloadAllAccessors: .ComparedClocks

===========================================================================================
----------------- testing Tue Sep 01 15:34:00 UTC 2020 /home/travis/build/icyphy/ptII/ptolemy/domains/continuous/test/auto/ContinuousAOCClone.xml
----------------- Instantiating /home/travis/build/icyphy/ptII/ptolemy/domains/continuous/test/auto/ContinuousAOCClone.xml
2590 ms. Memory: 279552K Free: 161466K (58%)
----------------- Invoking toplevel() on ptolemy.moml.MoMLSimpleApplication@2437344f
----------------- Done invoking toplevel() on ptolemy.moml.MoMLSimpleApplication@2437344f
reloadAllAccessors: .ContinuousAOCClone

===========================================================================================
----------------- testing Tue Sep 01 15:34:03 UTC 2020 /home/travis/build/icyphy/ptII/ptolemy/domains/continuous/test/auto/ContinuousClock.xml
----------------- Instantiating /home/travis/build/icyphy/ptII/ptolemy/domains/continuous/test/auto/ContinuousClock.xml
42 ms. Memory: 279552K Free: 139434K (50%)
----------------- Invoking toplevel() on ptolemy.moml.MoMLSimpleApplication@64cf8d7e
----------------- Done invoking toplevel() on ptolemy.moml.MoMLSimpleApplication@64cf8d7e
reloadAllAccessors: .ContinuousClock

===========================================================================================
----------------- testing Tue Sep 01 15:34:03 UTC 2020 /home/travis/build/icyphy/ptII/ptolemy/domains/continuous/test/auto/ContinuousInContinuous.xml
----------------- Instantiating /home/travis/build/icyphy/ptII/ptolemy/domains/continuous/test/auto/ContinuousInContinuous.xml
40 ms. Memory: 279552K Free: 115882K (41%)
----------------- Invoking toplevel() on ptolemy.moml.MoMLSimpleApplication@7085414c
----------------- Done invoking toplevel() on ptolemy.moml.MoMLSimpleApplication@7085414c
reloadAllAccessors: .ContinuousInContinuous

===========================================================================================
----------------- testing Tue Sep 01 15:34:03 UTC 2020 /home/travis/build/icyphy/ptII/ptolemy/domains/continuous/test/auto/ContinuousInContinuousInContinuous.xml
----------------- Instantiating /home/travis/build/icyphy/ptII/ptolemy/domains/continuous/test/auto/ContinuousInContinuousInContinuous.xml
6 ms. Memory: 279552K Free: 108218K (39%)
----------------- Invoking toplevel() on ptolemy.moml.MoMLSimpleApplication@26a5683a
----------------- Done invoking toplevel() on ptolemy.moml.MoMLSimpleApplication@26a5683a
reloadAllAccessors: .ContinuousInContinuousInContinuous

===========================================================================================
----------------- testing Tue Sep 01 15:34:03 UTC 2020 /home/travis/build/icyphy/ptII/ptolemy/domains/continuous/test/auto/ContinuousInDE.xml
----------------- Instantiating /home/travis/build/icyphy/ptII/ptolemy/domains/continuous/test/auto/ContinuousInDE.xml
87 ms. Memory: 279552K Free: 262524K (94%)
----------------- Invoking toplevel() on ptolemy.moml.MoMLSimpleApplication@70de2af1
----------------- Done invoking toplevel() on ptolemy.moml.MoMLSimpleApplication@70de2af1
reloadAllAccessors: .ContinuousInDE

===========================================================================================
----------------- testing Tue Sep 01 15:34:04 UTC 2020 /home/travis/build/icyphy/ptII/ptolemy/domains/continuous/test/auto/ContinuousInDE2.xml
----------------- Instantiating /home/travis/build/icyphy/ptII/ptolemy/domains/continuous/test/auto/ContinuousInDE2.xml
46 ms. Memory: 279552K Free: 252076K (90%)
----------------- Invoking toplevel() on ptolemy.moml.MoMLSimpleApplication@7c788525
----------------- Done invoking toplevel() on ptolemy.moml.MoMLSimpleApplication@7c788525
reloadAllAccessors: .ContinuousInDE2

===========================================================================================
----------------- testing Tue Sep 01 15:34:04 UTC 2020 /home/travis/build/icyphy/ptII/ptolemy/domains/continuous/test/auto/ContinuousInDE3.xml
----------------- Instantiating /home/travis/build/icyphy/ptII/ptolemy/domains/continuous/test/auto/ContinuousInDE3.xml
43 ms. Memory: 279552K Free: 242350K (87%)
----------------- Invoking toplevel() on ptolemy.moml.MoMLSimpleApplication@46f81257
----------------- Done invoking toplevel() on ptolemy.moml.MoMLSimpleApplication@46f81257
reloadAllAccessors: .ContinuousInDE3

===========================================================================================
----------------- testing Tue Sep 01 15:34:04 UTC 2020 /home/travis/build/icyphy/ptII/ptolemy/domains/continuous/test/auto/ContinuousInDE4.xml
----------------- Instantiating /home/travis/build/icyphy/ptII/ptolemy/domains/continuous/test/auto/ContinuousInDE4.xml
16 ms. Memory: 279552K Free: 236206K (84%)
----------------- Invoking toplevel() on ptolemy.moml.MoMLSimpleApplication@5792d869
----------------- Done invoking toplevel() on ptolemy.moml.MoMLSimpleApplication@5792d869
reloadAllAccessors: .ContinuousInDE4

===========================================================================================
----------------- testing Tue Sep 01 15:34:04 UTC 2020 /home/travis/build/icyphy/ptII/ptolemy/domains/continuous/test/auto/ContinuousInDEDifferentRefinements.xml
----------------- Instantiating /home/travis/build/icyphy/ptII/ptolemy/domains/continuous/test/auto/ContinuousInDEDifferentRefinements.xml
66 ms. Memory: 279552K Free: 204966K (73%)
----------------- Invoking toplevel() on ptolemy.moml.MoMLSimpleApplication@62913ad3
----------------- Done invoking toplevel() on ptolemy.moml.MoMLSimpleApplication@62913ad3
reloadAllAccessors: .ContinuousInDEDifferentRefinements

===========================================================================================
----------------- testing Tue Sep 01 15:34:04 UTC 2020 /home/travis/build/icyphy/ptII/ptolemy/domains/continuous/test/auto/ContinuousInDEDifferentRefinementsPreemptive.xml
----------------- Instantiating /home/travis/build/icyphy/ptII/ptolemy/domains/continuous/test/auto/ContinuousInDEDifferentRefinementsPreemptive.xml
54 ms. Memory: 279552K Free: 174246K (62%)
----------------- Invoking toplevel() on ptolemy.moml.MoMLSimpleApplication@77899f7
----------------- Done invoking toplevel() on ptolemy.moml.MoMLSimpleApplication@77899f7
reloadAllAccessors: .ContinuousInDEDifferentRefinementsPreemptive

===========================================================================================
----------------- testing Tue Sep 01 15:34:04 UTC 2020 /home/travis/build/icyphy/ptII/ptolemy/domains/continuous/test/auto/ContinuousInDEInContinuous2.xml
----------------- Instantiating /home/travis/build/icyphy/ptII/ptolemy/domains/continuous/test/auto/ContinuousInDEInContinuous2.xml
49 ms. Memory: 279552K Free: 162988K (58%)
----------------- Invoking toplevel() on ptolemy.moml.MoMLSimpleApplication@2a4834c
----------------- Done invoking toplevel() on ptolemy.moml.MoMLSimpleApplication@2a4834c
reloadAllAccessors: .ContinuousInDEInContinuous2

===========================================================================================
----------------- testing Tue Sep 01 15:34:04 UTC 2020 /home/travis/build/icyphy/ptII/ptolemy/domains/continuous/test/auto/ContinuousInDEInContinuous3.xml
----------------- Instantiating /home/travis/build/icyphy/ptII/ptolemy/domains/continuous/test/auto/ContinuousInDEInContinuous3.xml
43 ms. Memory: 279552K Free: 151214K (54%)
----------------- Invoking toplevel() on ptolemy.moml.MoMLSimpleApplication@50dffab1
----------------- Done invoking toplevel() on ptolemy.moml.MoMLSimpleApplication@50dffab1
reloadAllAccessors: .ContinuousInDEInContinuous3

===========================================================================================
----------------- testing Tue Sep 01 15:34:04 UTC 2020 /home/travis/build/icyphy/ptII/ptolemy/domains/continuous/test/auto/ContinuousInDEInput.xml
----------------- Instantiating /home/travis/build/icyphy/ptII/ptolemy/domains/continuous/test/auto/ContinuousInDEInput.xml
21 ms. Memory: 279552K Free: 144046K (52%)
----------------- Invoking toplevel() on ptolemy.moml.MoMLSimpleApplication@36bf3016
----------------- Done invoking toplevel() on ptolemy.moml.MoMLSimpleApplication@36bf3016
reloadAllAccessors: .ContinuousInDEInput

===========================================================================================
----------------- testing Tue Sep 01 15:34:04 UTC 2020 /home/travis/build/icyphy/ptII/ptolemy/domains/continuous/test/auto/ContinuousInDEInput2.xml
----------------- Instantiating /home/travis/build/icyphy/ptII/ptolemy/domains/continuous/test/auto/ContinuousInDEInput2.xml
18 ms. Memory: 279552K Free: 136878K (49%)
----------------- Invoking toplevel() on ptolemy.moml.MoMLSimpleApplication@480d798a
----------------- Done invoking toplevel() on ptolemy.moml.MoMLSimpleApplication@480d798a
reloadAllAccessors: .ContinuousInDEInput2

===========================================================================================
----------------- testing Tue Sep 01 15:34:04 UTC 2020 /home/travis/build/icyphy/ptII/ptolemy/domains/continuous/test/auto/ContinuousInDEInput3.xml
----------------- Instantiating /home/travis/build/icyphy/ptII/ptolemy/domains/continuous/test/auto/ContinuousInDEInput3.xml
16 ms. Memory: 279552K Free: 129710K (46%)
----------------- Invoking toplevel() on ptolemy.moml.MoMLSimpleApplication@21ab58a0
----------------- Done invoking toplevel() on ptolemy.moml.MoMLSimpleApplication@21ab58a0
reloadAllAccessors: .ContinuousInDEInput3

===========================================================================================
----------------- testing Tue Sep 01 15:34:04 UTC 2020 /home/travis/build/icyphy/ptII/ptolemy/domains/continuous/test/auto/ContinuousInDESharingRefinement.xml
----------------- Instantiating /home/travis/build/icyphy/ptII/ptolemy/domains/continuous/test/auto/ContinuousInDESharingRefinement.xml
154 ms. Memory: 279552K Free: 200407K (72%)
----------------- Invoking toplevel() on ptolemy.moml.MoMLSimpleApplication@200a5e99
----------------- Done invoking toplevel() on ptolemy.moml.MoMLSimpleApplication@200a5e99
reloadAllAccessors: .ContinuousInDESharingRefinement

===========================================================================================
----------------- testing Tue Sep 01 15:34:04 UTC 2020 /home/travis/build/icyphy/ptII/ptolemy/domains/continuous/test/auto/ContinuousInDEwithNoPorts.xml
----------------- Instantiating /home/travis/build/icyphy/ptII/ptolemy/domains/continuous/test/auto/ContinuousInDEwithNoPorts.xml
5 ms. Memory: 279552K Free: 195802K (70%)
----------------- Invoking toplevel() on ptolemy.moml.MoMLSimpleApplication@687f5762
----------------- Done invoking toplevel() on ptolemy.moml.MoMLSimpleApplication@687f5762
reloadAllAccessors: .ContinuousInDEwithNoPorts

===========================================================================================
----------------- testing Tue Sep 01 15:34:04 UTC 2020 /home/travis/build/icyphy/ptII/ptolemy/domains/continuous/test/auto/ContinuousInsideDE.xml
----------------- Instantiating /home/travis/build/icyphy/ptII/ptolemy/domains/continuous/test/auto/ContinuousInsideDE.xml
36 ms. Memory: 279552K Free: 184538K (66%)
----------------- Invoking toplevel() on ptolemy.moml.MoMLSimpleApplication@1c61fd49
----------------- Done invoking toplevel() on ptolemy.moml.MoMLSimpleApplication@1c61fd49
reloadAllAccessors: .ContinuousInsideDE

===========================================================================================
----------------- testing Tue Sep 01 15:34:05 UTC 2020 /home/travis/build/icyphy/ptII/ptolemy/domains/continuous/test/auto/ContinuousMerge1.xml
----------------- Instantiating /home/travis/build/icyphy/ptII/ptolemy/domains/continuous/test/auto/ContinuousMerge1.xml
2 ms. Memory: 279552K Free: 179928K (64%)
----------------- Invoking toplevel() on ptolemy.moml.MoMLSimpleApplication@9388053
----------------- Done invoking toplevel() on ptolemy.moml.MoMLSimpleApplication@9388053
reloadAllAccessors: .ContinuousMerge1

===========================================================================================
----------------- testing Tue Sep 01 15:34:05 UTC 2020 /home/travis/build/icyphy/ptII/ptolemy/domains/continuous/test/auto/ContinuousMerge2.xml
----------------- Instantiating /home/travis/build/icyphy/ptII/ptolemy/domains/continuous/test/auto/ContinuousMerge2.xml
15 ms. Memory: 279552K Free: 169688K (61%)
----------------- Invoking toplevel() on ptolemy.moml.MoMLSimpleApplication@51475acc
----------------- Done invoking toplevel() on ptolemy.moml.MoMLSimpleApplication@51475acc
reloadAllAccessors: .ContinuousMerge2

===========================================================================================
----------------- testing Tue Sep 01 15:34:05 UTC 2020 /home/travis/build/icyphy/ptII/ptolemy/domains/continuous/test/auto/ContinuousMerge3.xml
----------------- Instantiating /home/travis/build/icyphy/ptII/ptolemy/domains/continuous/test/auto/ContinuousMerge3.xml
46 ms. Memory: 279552K Free: 158938K (57%)
----------------- Invoking toplevel() on ptolemy.moml.MoMLSimpleApplication@49a5d52b
----------------- Done invoking toplevel() on ptolemy.moml.MoMLSimpleApplication@49a5d52b
reloadAllAccessors: .ContinuousMerge3

===========================================================================================
----------------- testing Tue Sep 01 15:34:05 UTC 2020 /home/travis/build/icyphy/ptII/ptolemy/domains/continuous/test/auto/ContinuousWithinContinuous.xml
----------------- Instantiating /home/travis/build/icyphy/ptII/ptolemy/domains/continuous/test/auto/ContinuousWithinContinuous.xml
43 ms. Memory: 279552K Free: 149722K (54%)
----------------- Invoking toplevel() on ptolemy.moml.MoMLSimpleApplication@6d9898c3
----------------- Done invoking toplevel() on ptolemy.moml.MoMLSimpleApplication@6d9898c3
reloadAllAccessors: .ContinuousWithinContinuous

===========================================================================================
----------------- testing Tue Sep 01 15:34:05 UTC 2020 /home/travis/build/icyphy/ptII/ptolemy/domains/continuous/test/auto/ContinuousWithinContinuous2.xml
----------------- Instantiating /home/travis/build/icyphy/ptII/ptolemy/domains/continuous/test/auto/ContinuousWithinContinuous2.xml
80 ms. Memory: 279552K Free: 138968K (50%)
----------------- Invoking toplevel() on ptolemy.moml.MoMLSimpleApplication@1e7b8445
----------------- Done invoking toplevel() on ptolemy.moml.MoMLSimpleApplication@1e7b8445
reloadAllAccessors: .ContinuousWithinContinuous2

===========================================================================================
----------------- testing Tue Sep 01 15:34:05 UTC 2020 /home/travis/build/icyphy/ptII/ptolemy/domains/continuous/test/auto/ContinuousWithinContinuous3.xml
----------------- Instantiating /home/travis/build/icyphy/ptII/ptolemy/domains/continuous/test/auto/ContinuousWithinContinuous3.xml
13 ms. Memory: 279552K Free: 132314K (47%)
----------------- Invoking toplevel() on ptolemy.moml.MoMLSimpleApplication@6a373d8
----------------- Done invoking toplevel() on ptolemy.moml.MoMLSimpleApplication@6a373d8
reloadAllAccessors: .ContinuousWithinContinuous3

===========================================================================================
----------------- testing Tue Sep 01 15:34:05 UTC 2020 /home/travis/build/icyphy/ptII/ptolemy/domains/continuous/test/auto/ContinuousWithinContinuous4.xml
----------------- Instantiating /home/travis/build/icyphy/ptII/ptolemy/domains/continuous/test/auto/ContinuousWithinContinuous4.xml
72 ms. Memory: 279552K Free: 120026K (43%)
----------------- Invoking toplevel() on ptolemy.moml.MoMLSimpleApplication@7ab0601b
----------------- Done invoking toplevel() on ptolemy.moml.MoMLSimpleApplication@7ab0601b
reloadAllAccessors: .ContinuousWithinContinuous4

===========================================================================================
----------------- testing Tue Sep 01 15:34:05 UTC 2020 /home/travis/build/icyphy/ptII/ptolemy/domains/continuous/test/auto/ContinuousWithinContinuous5.xml
----------------- Instantiating /home/travis/build/icyphy/ptII/ptolemy/domains/continuous/test/auto/ContinuousWithinContinuous5.xml
14 ms. Memory: 279552K Free: 112344K (40%)
----------------- Invoking toplevel() on ptolemy.moml.MoMLSimpleApplication@6d17372
----------------- Done invoking toplevel() on ptolemy.moml.MoMLSimpleApplication@6d17372
reloadAllAccessors: .ContinuousWithinContinuous5

===========================================================================================
----------------- testing Tue Sep 01 15:34:05 UTC 2020 /home/travis/build/icyphy/ptII/ptolemy/domains/continuous/test/auto/ContinuousWithinContinuous6.xml
----------------- Instantiating /home/travis/build/icyphy/ptII/ptolemy/domains/continuous/test/auto/ContinuousWithinContinuous6.xml
11 ms. Memory: 279552K Free: 105690K (38%)
----------------- Invoking toplevel() on ptolemy.moml.MoMLSimpleApplication@5a406af6
----------------- Done invoking toplevel() on ptolemy.moml.MoMLSimpleApplication@5a406af6
reloadAllAccessors: .ContinuousWithinContinuous6

===========================================================================================
----------------- testing Tue Sep 01 15:34:05 UTC 2020 /home/travis/build/icyphy/ptII/ptolemy/domains/continuous/test/auto/ContinuousWithinContinuous7.xml
----------------- Instantiating /home/travis/build/icyphy/ptII/ptolemy/domains/continuous/test/auto/ContinuousWithinContinuous7.xml
57 ms. Memory: 279552K Free: 261171K (93%)
----------------- Invoking toplevel() on ptolemy.moml.MoMLSimpleApplication@20684bca
----------------- Done invoking toplevel() on ptolemy.moml.MoMLSimpleApplication@20684bca
reloadAllAccessors: .ContinuousWithinContinuous7

===========================================================================================
----------------- testing Tue Sep 01 15:34:05 UTC 2020 /home/travis/build/icyphy/ptII/ptolemy/domains/continuous/test/auto/DCMotor.xml
----------------- Instantiating /home/travis/build/icyphy/ptII/ptolemy/domains/continuous/test/auto/DCMotor.xml
13874 ms. Memory: 279552K Free: 138569K (50%)
----------------- Invoking toplevel() on ptolemy.moml.MoMLSimpleApplication@3478fa25
----------------- Done invoking toplevel() on ptolemy.moml.MoMLSimpleApplication@3478fa25
reloadAllAccessors: .DCMotor

===========================================================================================
----------------- testing Tue Sep 01 15:34:19 UTC 2020 /home/travis/build/icyphy/ptII/ptolemy/domains/continuous/test/auto/DEInContinuous.xml
----------------- Instantiating /home/travis/build/icyphy/ptII/ptolemy/domains/continuous/test/auto/DEInContinuous.xml
24 ms. Memory: 279552K Free: 132425K (47%)
----------------- Invoking toplevel() on ptolemy.moml.MoMLSimpleApplication@70645060
----------------- Done invoking toplevel() on ptolemy.moml.MoMLSimpleApplication@70645060
reloadAllAccessors: .DEInContinuous

===========================================================================================
----------------- testing Tue Sep 01 15:34:19 UTC 2020 /home/travis/build/icyphy/ptII/ptolemy/domains/continuous/test/auto/DEinContinuous2.xml
----------------- Instantiating /home/travis/build/icyphy/ptII/ptolemy/domains/continuous/test/auto/DEinContinuous2.xml
12 ms. Memory: 279552K Free: 124747K (45%)
----------------- Invoking toplevel() on ptolemy.moml.MoMLSimpleApplication@55beb2d9
----------------- Done invoking toplevel() on ptolemy.moml.MoMLSimpleApplication@55beb2d9
reloadAllAccessors: .DEinContinuous2

===========================================================================================
----------------- testing Tue Sep 01 15:34:19 UTC 2020 /home/travis/build/icyphy/ptII/ptolemy/domains/continuous/test/auto/Derivative.xml
----------------- Instantiating /home/travis/build/icyphy/ptII/ptolemy/domains/continuous/test/auto/Derivative.xml
143 ms. Memory: 279552K Free: 261473K (94%)
----------------- Invoking toplevel() on ptolemy.moml.MoMLSimpleApplication@17b801ed
----------------- Done invoking toplevel() on ptolemy.moml.MoMLSimpleApplication@17b801ed
reloadAllAccessors: .Derivative2

===========================================================================================
----------------- testing Tue Sep 01 15:34:19 UTC 2020 /home/travis/build/icyphy/ptII/ptolemy/domains/continuous/test/auto/Derivative1.xml
----------------- Instantiating /home/travis/build/icyphy/ptII/ptolemy/domains/continuous/test/auto/Derivative1.xml
30 ms. Memory: 279552K Free: 246623K (88%)
----------------- Invoking toplevel() on ptolemy.moml.MoMLSimpleApplication@1d47070a
----------------- Done invoking toplevel() on ptolemy.moml.MoMLSimpleApplication@1d47070a
reloadAllAccessors: .Derivative1

===========================================================================================
----------------- testing Tue Sep 01 15:34:19 UTC 2020 /home/travis/build/icyphy/ptII/ptolemy/domains/continuous/test/auto/DiscreteClock.xml
----------------- Instantiating /home/travis/build/icyphy/ptII/ptolemy/domains/continuous/test/auto/DiscreteClock.xml
4 ms. Memory: 279552K Free: 241503K (86%)
----------------- Invoking toplevel() on ptolemy.moml.MoMLSimpleApplication@1bc8d43e
----------------- Done invoking toplevel() on ptolemy.moml.MoMLSimpleApplication@1bc8d43e
reloadAllAccessors: .DiscreteClock

===========================================================================================
----------------- testing Tue Sep 01 15:34:19 UTC 2020 /home/travis/build/icyphy/ptII/ptolemy/domains/continuous/test/auto/EfficiencyCurve.xml
----------------- Instantiating /home/travis/build/icyphy/ptII/ptolemy/domains/continuous/test/auto/EfficiencyCurve.xml
65 ms. Memory: 279552K Free: 232801K (83%)
----------------- Invoking toplevel() on ptolemy.moml.MoMLSimpleApplication@55712c1d
----------------- Done invoking toplevel() on ptolemy.moml.MoMLSimpleApplication@55712c1d
reloadAllAccessors: .EfficiencyCurve

===========================================================================================
----------------- testing Tue Sep 01 15:34:20 UTC 2020 /home/travis/build/icyphy/ptII/ptolemy/domains/continuous/test/auto/ExponentialResponse.xml
----------------- Instantiating /home/travis/build/icyphy/ptII/ptolemy/domains/continuous/test/auto/ExponentialResponse.xml
101 ms. Memory: 279552K Free: 217441K (78%)
----------------- Invoking toplevel() on ptolemy.moml.MoMLSimpleApplication@7542c225
----------------- Done invoking toplevel() on ptolemy.moml.MoMLSimpleApplication@7542c225
reloadAllAccessors: .ExponentialResponse

===========================================================================================
----------------- testing Tue Sep 01 15:34:20 UTC 2020 /home/travis/build/icyphy/ptII/ptolemy/domains/continuous/test/auto/ExponentialResponseRK45.xml
----------------- Instantiating /home/travis/build/icyphy/ptII/ptolemy/domains/continuous/test/auto/ExponentialResponseRK45.xml
25 ms. Memory: 279552K Free: 210783K (75%)
----------------- Invoking toplevel() on ptolemy.moml.MoMLSimpleApplication@1369f39f
----------------- Done invoking toplevel() on ptolemy.moml.MoMLSimpleApplication@1369f39f
reloadAllAccessors: .ExponentialResponseRK45

===========================================================================================
----------------- testing Tue Sep 01 15:34:20 UTC 2020 /home/travis/build/icyphy/ptII/ptolemy/domains/continuous/test/auto/Friction.xml
----------------- Instantiating /home/travis/build/icyphy/ptII/ptolemy/domains/continuous/test/auto/Friction.xml
1601 ms. Memory: 279552K Free: 116448K (42%)
----------------- Invoking toplevel() on ptolemy.moml.MoMLSimpleApplication@30a935d8
----------------- Done invoking toplevel() on ptolemy.moml.MoMLSimpleApplication@30a935d8
reloadAllAccessors: .Friction

===========================================================================================
----------------- testing Tue Sep 01 15:34:21 UTC 2020 /home/travis/build/icyphy/ptII/ptolemy/domains/continuous/test/auto/FurutaPendulum.xml
----------------- Instantiating /home/travis/build/icyphy/ptII/ptolemy/domains/continuous/test/auto/FurutaPendulum.xml
3183 ms. Memory: 279552K Free: 252624K (90%)
----------------- Invoking toplevel() on ptolemy.moml.MoMLSimpleApplication@5038e7b7
----------------- Done invoking toplevel() on ptolemy.moml.MoMLSimpleApplication@5038e7b7
reloadAllAccessors: .FurutaPendulum

===========================================================================================
----------------- testing Tue Sep 01 15:34:25 UTC 2020 /home/travis/build/icyphy/ptII/ptolemy/domains/continuous/test/auto/HierarchicalExecution.xml
----------------- Instantiating /home/travis/build/icyphy/ptII/ptolemy/domains/continuous/test/auto/HierarchicalExecution.xml
1628 ms. Memory: 279552K Free: 139267K (50%)
----------------- Invoking toplevel() on ptolemy.moml.MoMLSimpleApplication@3de5b342
----------------- Done invoking toplevel() on ptolemy.moml.MoMLSimpleApplication@3de5b342
reloadAllAccessors: .HierarchicalExecution

===========================================================================================
----------------- testing Tue Sep 01 15:34:27 UTC 2020 /home/travis/build/icyphy/ptII/ptolemy/domains/continuous/test/auto/HybridPlant.xml
----------------- Instantiating /home/travis/build/icyphy/ptII/ptolemy/domains/continuous/test/auto/HybridPlant.xml
561 ms. Memory: 279552K Free: 205122K (73%)
----------------- Invoking toplevel() on ptolemy.moml.MoMLSimpleApplication@166dd54b
----------------- Done invoking toplevel() on ptolemy.moml.MoMLSimpleApplication@166dd54b
reloadAllAccessors: .HybridPlant

===========================================================================================
----------------- testing Tue Sep 01 15:34:27 UTC 2020 /home/travis/build/icyphy/ptII/ptolemy/domains/continuous/test/auto/Hysteresis.xml
----------------- Instantiating /home/travis/build/icyphy/ptII/ptolemy/domains/continuous/test/auto/Hysteresis.xml
138 ms. Memory: 279552K Free: 142652K (51%)
----------------- Invoking toplevel() on ptolemy.moml.MoMLSimpleApplication@37f35fd5
----------------- Done invoking toplevel() on ptolemy.moml.MoMLSimpleApplication@37f35fd5
reloadAllAccessors: .Hysteresis

===========================================================================================
----------------- testing Tue Sep 01 15:34:27 UTC 2020 /home/travis/build/icyphy/ptII/ptolemy/domains/continuous/test/auto/HysteresisWithRandomDelay.xml
----------------- Instantiating /home/travis/build/icyphy/ptII/ptolemy/domains/continuous/test/auto/HysteresisWithRandomDelay.xml
192 ms. Memory: 279552K Free: 236405K (85%)
----------------- Invoking toplevel() on ptolemy.moml.MoMLSimpleApplication@72e0f030
----------------- Done invoking toplevel() on ptolemy.moml.MoMLSimpleApplication@72e0f030
reloadAllAccessors: .HysteresisWithRandomDelay

===========================================================================================
----------------- testing Tue Sep 01 15:34:28 UTC 2020 /home/travis/build/icyphy/ptII/ptolemy/domains/continuous/test/auto/HysteresisWithRandomLosses.xml
----------------- Instantiating /home/travis/build/icyphy/ptII/ptolemy/domains/continuous/test/auto/HysteresisWithRandomLosses.xml
2321 ms. Memory: 279552K Free: 156347K (56%)
----------------- Invoking toplevel() on ptolemy.moml.MoMLSimpleApplication@7d555767
----------------- Done invoking toplevel() on ptolemy.moml.MoMLSimpleApplication@7d555767
reloadAllAccessors: .HysteresisWithRandomLosses

===========================================================================================
----------------- testing Tue Sep 01 15:34:30 UTC 2020 /home/travis/build/icyphy/ptII/ptolemy/domains/continuous/test/auto/ImmediateTransitions.xml
----------------- Instantiating /home/travis/build/icyphy/ptII/ptolemy/domains/continuous/test/auto/ImmediateTransitions.xml
11 ms. Memory: 279552K Free: 145083K (52%)
----------------- Invoking toplevel() on ptolemy.moml.MoMLSimpleApplication@7f12ce40
----------------- Done invoking toplevel() on ptolemy.moml.MoMLSimpleApplication@7f12ce40
reloadAllAccessors: .ImmediateTransitions

===========================================================================================
----------------- testing Tue Sep 01 15:34:30 UTC 2020 /home/travis/build/icyphy/ptII/ptolemy/domains/continuous/test/auto/ImpulseFeedback.xml
----------------- Instantiating /home/travis/build/icyphy/ptII/ptolemy/domains/continuous/test/auto/ImpulseFeedback.xml
5 ms. Memory: 279552K Free: 139467K (50%)
----------------- Invoking toplevel() on ptolemy.moml.MoMLSimpleApplication@65acf5c
----------------- Done invoking toplevel() on ptolemy.moml.MoMLSimpleApplication@65acf5c
reloadAllAccessors: .ImpulseFeedback

===========================================================================================
----------------- testing Tue Sep 01 15:34:30 UTC 2020 /home/travis/build/icyphy/ptII/ptolemy/domains/continuous/test/auto/ImpulseFeedback2.xml
----------------- Instantiating /home/travis/build/icyphy/ptII/ptolemy/domains/continuous/test/auto/ImpulseFeedback2.xml
5 ms. Memory: 279552K Free: 133833K (48%)
----------------- Invoking toplevel() on ptolemy.moml.MoMLSimpleApplication@2953869b
----------------- Done invoking toplevel() on ptolemy.moml.MoMLSimpleApplication@2953869b
reloadAllAccessors: .ImpulseFeedback2

===========================================================================================
----------------- testing Tue Sep 01 15:34:30 UTC 2020 /home/travis/build/icyphy/ptII/ptolemy/domains/continuous/test/auto/IncreasingRatePoisson.xml
----------------- Instantiating /home/travis/build/icyphy/ptII/ptolemy/domains/continuous/test/auto/IncreasingRatePoisson.xml
678 ms. Memory: 279552K Free: 146418K (52%)
----------------- Invoking toplevel() on ptolemy.moml.MoMLSimpleApplication@16aefceb
----------------- Done invoking toplevel() on ptolemy.moml.MoMLSimpleApplication@16aefceb
reloadAllAccessors: .IncreasingRatePoisson

===========================================================================================
----------------- testing Tue Sep 01 15:34:31 UTC 2020 /home/travis/build/icyphy/ptII/ptolemy/domains/continuous/test/auto/InitialStateFeedback.xml
----------------- Instantiating /home/travis/build/icyphy/ptII/ptolemy/domains/continuous/test/auto/InitialStateFeedback.xml
3 ms. Memory: 279552K Free: 141808K (51%)
----------------- Invoking toplevel() on ptolemy.moml.MoMLSimpleApplication@6ab4f6be
----------------- Done invoking toplevel() on ptolemy.moml.MoMLSimpleApplication@6ab4f6be
reloadAllAccessors: .InitialStateFeedback

===========================================================================================
----------------- testing Tue Sep 01 15:34:31 UTC 2020 /home/travis/build/icyphy/ptII/ptolemy/domains/continuous/test/auto/Integration.xml
----------------- Instantiating /home/travis/build/icyphy/ptII/ptolemy/domains/continuous/test/auto/Integration.xml
2 ms. Memory: 279552K Free: 137712K (49%)
----------------- Invoking toplevel() on ptolemy.moml.MoMLSimpleApplication@23cf61a7
----------------- Done invoking toplevel() on ptolemy.moml.MoMLSimpleApplication@23cf61a7
reloadAllAccessors: .Integration

===========================================================================================
----------------- testing Tue Sep 01 15:34:31 UTC 2020 /home/travis/build/icyphy/ptII/ptolemy/domains/continuous/test/auto/Integration2.xml
----------------- Instantiating /home/travis/build/icyphy/ptII/ptolemy/domains/continuous/test/auto/Integration2.xml
80 ms. Memory: 279552K Free: 123890K (44%)
----------------- Invoking toplevel() on ptolemy.moml.MoMLSimpleApplication@44beaa41
----------------- Done invoking toplevel() on ptolemy.moml.MoMLSimpleApplication@44beaa41
reloadAllAccessors: .Integration2

===========================================================================================
----------------- testing Tue Sep 01 15:34:31 UTC 2020 /home/travis/build/icyphy/ptII/ptolemy/domains/continuous/test/auto/Integration3.xml
----------------- Instantiating /home/travis/build/icyphy/ptII/ptolemy/domains/continuous/test/auto/Integration3.xml
4 ms. Memory: 279552K Free: 119280K (43%)
----------------- Invoking toplevel() on ptolemy.moml.MoMLSimpleApplication@659d22d9
----------------- Done invoking toplevel() on ptolemy.moml.MoMLSimpleApplication@659d22d9
reloadAllAccessors: .Integration3

===========================================================================================
----------------- testing Tue Sep 01 15:34:31 UTC 2020 /home/travis/build/icyphy/ptII/ptolemy/domains/continuous/test/auto/Integration5.xml
----------------- Instantiating /home/travis/build/icyphy/ptII/ptolemy/domains/continuous/test/auto/Integration5.xml
2 ms. Memory: 279552K Free: 115184K (41%)
----------------- Invoking toplevel() on ptolemy.moml.MoMLSimpleApplication@1234be
----------------- Done invoking toplevel() on ptolemy.moml.MoMLSimpleApplication@1234be
reloadAllAccessors: .Integration5

===========================================================================================
----------------- testing Tue Sep 01 15:34:31 UTC 2020 /home/travis/build/icyphy/ptII/ptolemy/domains/continuous/test/auto/IntegratorImpulse.xml
----------------- Instantiating /home/travis/build/icyphy/ptII/ptolemy/domains/continuous/test/auto/IntegratorImpulse.xml
2 ms. Memory: 279552K Free: 111074K (40%)
----------------- Invoking toplevel() on ptolemy.moml.MoMLSimpleApplication@199b2aa1
----------------- Done invoking toplevel() on ptolemy.moml.MoMLSimpleApplication@199b2aa1
reloadAllAccessors: .IntegratorImpulse

===========================================================================================
----------------- testing Tue Sep 01 15:34:31 UTC 2020 /home/travis/build/icyphy/ptII/ptolemy/domains/continuous/test/auto/IntegratorImpulse2.xml
----------------- Instantiating /home/travis/build/icyphy/ptII/ptolemy/domains/continuous/test/auto/IntegratorImpulse2.xml
3 ms. Memory: 279552K Free: 106482K (38%)
----------------- Invoking toplevel() on ptolemy.moml.MoMLSimpleApplication@2a51c58d
----------------- Done invoking toplevel() on ptolemy.moml.MoMLSimpleApplication@2a51c58d
reloadAllAccessors: .IntegratorImpulse2

===========================================================================================
----------------- testing Tue Sep 01 15:34:31 UTC 2020 /home/travis/build/icyphy/ptII/ptolemy/domains/continuous/test/auto/LevelCrossing1.xml
----------------- Instantiating /home/travis/build/icyphy/ptII/ptolemy/domains/continuous/test/auto/LevelCrossing1.xml
3 ms. Memory: 279552K Free: 101362K (36%)
----------------- Invoking toplevel() on ptolemy.moml.MoMLSimpleApplication@2246e0b1
----------------- Done invoking toplevel() on ptolemy.moml.MoMLSimpleApplication@2246e0b1
reloadAllAccessors: .LevelCrossing1

===========================================================================================
----------------- testing Tue Sep 01 15:34:31 UTC 2020 /home/travis/build/icyphy/ptII/ptolemy/domains/continuous/test/auto/LevelCrossing2.xml
----------------- Instantiating /home/travis/build/icyphy/ptII/ptolemy/domains/continuous/test/auto/LevelCrossing2.xml
7 ms. Memory: 279552K Free: 262456K (94%)
----------------- Invoking toplevel() on ptolemy.moml.MoMLSimpleApplication@21b6e82d
----------------- Done invoking toplevel() on ptolemy.moml.MoMLSimpleApplication@21b6e82d
reloadAllAccessors: .LevelCrossing2

===========================================================================================
----------------- testing Tue Sep 01 15:34:31 UTC 2020 /home/travis/build/icyphy/ptII/ptolemy/domains/continuous/test/auto/LevelCrossing3.xml
----------------- Instantiating /home/travis/build/icyphy/ptII/ptolemy/domains/continuous/test/auto/LevelCrossing3.xml
3 ms. Memory: 279552K Free: 256808K (92%)
----------------- Invoking toplevel() on ptolemy.moml.MoMLSimpleApplication@45337af5
----------------- Done invoking toplevel() on ptolemy.moml.MoMLSimpleApplication@45337af5
reloadAllAccessors: .LevelCrossing3

===========================================================================================
----------------- testing Tue Sep 01 15:34:31 UTC 2020 /home/travis/build/icyphy/ptII/ptolemy/domains/continuous/test/auto/LevelCrossing4.xml
----------------- Instantiating /home/travis/build/icyphy/ptII/ptolemy/domains/continuous/test/auto/LevelCrossing4.xml
3 ms. Memory: 279552K Free: 251702K (90%)
----------------- Invoking toplevel() on ptolemy.moml.MoMLSimpleApplication@7f942ee
----------------- Done invoking toplevel() on ptolemy.moml.MoMLSimpleApplication@7f942ee
reloadAllAccessors: .LevelCrossing4

===========================================================================================
----------------- testing Tue Sep 01 15:34:31 UTC 2020 /home/travis/build/icyphy/ptII/ptolemy/domains/continuous/test/auto/LevelCrossing5.xml
----------------- Instantiating /home/travis/build/icyphy/ptII/ptolemy/domains/continuous/test/auto/LevelCrossing5.xml
3 ms. Memory: 279552K Free: 246568K (88%)
----------------- Invoking toplevel() on ptolemy.moml.MoMLSimpleApplication@15574897
----------------- Done invoking toplevel() on ptolemy.moml.MoMLSimpleApplication@15574897
reloadAllAccessors: .LevelCrossing5

===========================================================================================
[...]
----------------- Instantiating /home/travis/build/icyphy/ptII/ptolemy/domains/continuous/test/auto/SRinContinuous.xml
4 ms. Memory: 279552K Free: 240951K (86%)
----------------- Invoking toplevel() on ptolemy.moml.MoMLSimpleApplication@2bd4513e
----------------- Done invoking toplevel() on ptolemy.moml.MoMLSimpleApplication@2bd4513e
reloadAllAccessors: .SRinContinuous

===========================================================================================
----------------- testing Tue Sep 01 15:34:47 UTC 2020 /home/travis/build/icyphy/ptII/ptolemy/domains/continuous/test/auto/SampledClocks.xml
----------------- Instantiating /home/travis/build/icyphy/ptII/ptolemy/domains/continuous/test/auto/SampledClocks.xml
4 ms. Memory: 279552K Free: 228153K (82%)
----------------- Invoking toplevel() on ptolemy.moml.MoMLSimpleApplication@8dacfc8
----------------- Done invoking toplevel() on ptolemy.moml.MoMLSimpleApplication@8dacfc8
reloadAllAccessors: .SampledClocks

===========================================================================================
----------------- testing Tue Sep 01 15:34:47 UTC 2020 /home/travis/build/icyphy/ptII/ptolemy/domains/continuous/test/auto/Satellite.xml
----------------- Instantiating /home/travis/build/icyphy/ptII/ptolemy/domains/continuous/test/auto/Satellite.xml
635 ms. Memory: 279552K Free: 195596K (70%)
----------------- Invoking toplevel() on ptolemy.moml.MoMLSimpleApplication@a9cbcfe
----------------- Done invoking toplevel() on ptolemy.moml.MoMLSimpleApplication@a9cbcfe
reloadAllAccessors: .Satellite

===========================================================================================
----------------- testing Tue Sep 01 15:34:48 UTC 2020 /home/travis/build/icyphy/ptII/ptolemy/domains/continuous/test/auto/SigmaDelta.xml
----------------- Instantiating /home/travis/build/icyphy/ptII/ptolemy/domains/continuous/test/auto/SigmaDelta.xml
1863 ms. Memory: 279552K Free: 98692K (35%)
----------------- Invoking toplevel() on ptolemy.moml.MoMLSimpleApplication@7dbf535c
----------------- Done invoking toplevel() on ptolemy.moml.MoMLSimpleApplication@7dbf535c
reloadAllAccessors: .SigmaDelta

===========================================================================================
----------------- testing Tue Sep 01 15:34:50 UTC 2020 /home/travis/build/icyphy/ptII/ptolemy/domains/continuous/test/auto/SingleRefinement.xml
----------------- Instantiating /home/travis/build/icyphy/ptII/ptolemy/domains/continuous/test/auto/SingleRefinement.xml
334 ms. Memory: 279552K Free: 246818K (88%)
----------------- Invoking toplevel() on ptolemy.moml.MoMLSimpleApplication@76d05497
----------------- Done invoking toplevel() on ptolemy.moml.MoMLSimpleApplication@76d05497
reloadAllAccessors: .SingleRefinement

===========================================================================================
----------------- testing Tue Sep 01 15:34:50 UTC 2020 /home/travis/build/icyphy/ptII/ptolemy/domains/continuous/test/auto/SinuBouncingBall.xml
----------------- Instantiating /home/travis/build/icyphy/ptII/ptolemy/domains/continuous/test/auto/SinuBouncingBall.xml
828 ms. Memory: 279552K Free: 193886K (69%)
----------------- Invoking toplevel() on ptolemy.moml.MoMLSimpleApplication@526e2e46
----------------- Done invoking toplevel() on ptolemy.moml.MoMLSimpleApplication@526e2e46
reloadAllAccessors: .SinuBouncingBall

===========================================================================================
----------------- testing Tue Sep 01 15:34:51 UTC 2020 /home/travis/build/icyphy/ptII/ptolemy/domains/continuous/test/auto/Sinusoid.xml
----------------- Instantiating /home/travis/build/icyphy/ptII/ptolemy/domains/continuous/test/auto/Sinusoid.xml
4 ms. Memory: 279552K Free: 189262K (68%)
----------------- Invoking toplevel() on ptolemy.moml.MoMLSimpleApplication@2b832257
----------------- Done invoking toplevel() on ptolemy.moml.MoMLSimpleApplication@2b832257
reloadAllAccessors: .Sinusoid

===========================================================================================
----------------- testing Tue Sep 01 15:34:51 UTC 2020 /home/travis/build/icyphy/ptII/ptolemy/domains/continuous/test/auto/SinusoidInNoise.xml
----------------- Instantiating /home/travis/build/icyphy/ptII/ptolemy/domains/continuous/test/auto/SinusoidInNoise.xml
902 ms. Memory: 279552K Free: 220302K (79%)
----------------- Invoking toplevel() on ptolemy.moml.MoMLSimpleApplication@63c37063
----------------- Done invoking toplevel() on ptolemy.moml.MoMLSimpleApplication@63c37063
reloadAllAccessors: .SinusoidInNoise

===========================================================================================
----------------- testing Tue Sep 01 15:34:52 UTC 2020 /home/travis/build/icyphy/ptII/ptolemy/domains/continuous/test/auto/SinusoidRK45.xml
----------------- Instantiating /home/travis/build/icyphy/ptII/ptolemy/domains/continuous/test/auto/SinusoidRK45.xml
2 ms. Memory: 279552K Free: 216206K (77%)
----------------- Invoking toplevel() on ptolemy.moml.MoMLSimpleApplication@45d22407
----------------- Done invoking toplevel() on ptolemy.moml.MoMLSimpleApplication@45d22407
reloadAllAccessors: .SinusoidRK45

===========================================================================================
----------------- testing Tue Sep 01 15:34:52 UTC 2020 /home/travis/build/icyphy/ptII/ptolemy/domains/continuous/test/auto/SinusoidWithMultipleImpulses.xml
----------------- Instantiating /home/travis/build/icyphy/ptII/ptolemy/domains/continuous/test/auto/SinusoidWithMultipleImpulses.xml
3 ms. Memory: 279552K Free: 211596K (76%)
----------------- Invoking toplevel() on ptolemy.moml.MoMLSimpleApplication@4eb60378
----------------- Done invoking toplevel() on ptolemy.moml.MoMLSimpleApplication@4eb60378
reloadAllAccessors: .SinusoidWithMultipleImpulses

===========================================================================================
----------------- testing Tue Sep 01 15:34:52 UTC 2020 /home/travis/build/icyphy/ptII/ptolemy/domains/continuous/test/auto/SquareWave.xml
----------------- Instantiating /home/travis/build/icyphy/ptII/ptolemy/domains/continuous/test/auto/SquareWave.xml
147 ms. Memory: 279552K Free: 184462K (66%)
----------------- Invoking toplevel() on ptolemy.moml.MoMLSimpleApplication@bab3e04
----------------- Done invoking toplevel() on ptolemy.moml.MoMLSimpleApplication@bab3e04
reloadAllAccessors: .SquareWave

===========================================================================================
----------------- testing Tue Sep 01 15:34:52 UTC 2020 /home/travis/build/icyphy/ptII/ptolemy/domains/continuous/test/auto/Starmac.xml
----------------- Instantiating /home/travis/build/icyphy/ptII/ptolemy/domains/continuous/test/auto/Starmac.xml
3078 ms. Memory: 279552K Free: 204612K (73%)
----------------- Invoking toplevel() on ptolemy.moml.MoMLSimpleApplication@45177a7f
----------------- Done invoking toplevel() on ptolemy.moml.MoMLSimpleApplication@45177a7f
reloadAllAccessors: .Starmac

===========================================================================================
----------------- testing Tue Sep 01 15:34:56 UTC 2020 /home/travis/build/icyphy/ptII/ptolemy/domains/continuous/test/auto/StaticUnits.xml
----------------- Instantiating /home/travis/build/icyphy/ptII/ptolemy/domains/continuous/test/auto/StaticUnits.xml
1827 ms. Memory: 279552K Free: 239147K (86%)
----------------- Invoking toplevel() on ptolemy.moml.MoMLSimpleApplication@297bcf2f
----------------- Done invoking toplevel() on ptolemy.moml.MoMLSimpleApplication@297bcf2f
reloadAllAccessors: .StaticUnits

===========================================================================================
----------------- testing Tue Sep 01 15:34:58 UTC 2020 /home/travis/build/icyphy/ptII/ptolemy/domains/continuous/test/auto/StickyMasses.xml
----------------- Instantiating /home/travis/build/icyphy/ptII/ptolemy/domains/continuous/test/auto/StickyMasses.xml
128 ms. Memory: 279552K Free: 189995K (68%)
----------------- Invoking toplevel() on ptolemy.moml.MoMLSimpleApplication@120634f1
----------------- Done invoking toplevel() on ptolemy.moml.MoMLSimpleApplication@120634f1
reloadAllAccessors: .StickyMasses

===========================================================================================
----------------- testing Tue Sep 01 15:34:58 UTC 2020 /home/travis/build/icyphy/ptII/ptolemy/domains/continuous/test/auto/StopTime.xml
----------------- Instantiating /home/travis/build/icyphy/ptII/ptolemy/domains/continuous/test/auto/StopTime.xml
48 ms. Memory: 279552K Free: 165419K (59%)
----------------- Invoking toplevel() on ptolemy.moml.MoMLSimpleApplication@b69acab
----------------- Done invoking toplevel() on ptolemy.moml.MoMLSimpleApplication@b69acab
reloadAllAccessors: .StopTime

===========================================================================================
----------------- testing Tue Sep 01 15:34:59 UTC 2020 /home/travis/build/icyphy/ptII/ptolemy/domains/continuous/test/auto/StopTime2.xml
----------------- Instantiating /home/travis/build/icyphy/ptII/ptolemy/domains/continuous/test/auto/StopTime2.xml
35 ms. Memory: 279552K Free: 143386K (51%)
----------------- Invoking toplevel() on ptolemy.moml.MoMLSimpleApplication@332c5c01
----------------- Done invoking toplevel() on ptolemy.moml.MoMLSimpleApplication@332c5c01
reloadAllAccessors: .StopTime2

===========================================================================================
----------------- testing Tue Sep 01 15:34:59 UTC 2020 /home/travis/build/icyphy/ptII/ptolemy/domains/continuous/test/auto/Switch.xml
----------------- Instantiating /home/travis/build/icyphy/ptII/ptolemy/domains/continuous/test/auto/Switch.xml
50 ms. Memory: 279552K Free: 118810K (43%)
----------------- Invoking toplevel() on ptolemy.moml.MoMLSimpleApplication@4030c3ae
----------------- Done invoking toplevel() on ptolemy.moml.MoMLSimpleApplication@4030c3ae
reloadAllAccessors: .Switch

===========================================================================================
----------------- testing Tue Sep 01 15:34:59 UTC 2020 /home/travis/build/icyphy/ptII/ptolemy/domains/continuous/test/auto/Thermostat.xml
----------------- Instantiating /home/travis/build/icyphy/ptII/ptolemy/domains/continuous/test/auto/Thermostat.xml
207 ms. Memory: 279552K Free: 208660K (75%)
----------------- Invoking toplevel() on ptolemy.moml.MoMLSimpleApplication@5abd26e0
----------------- Done invoking toplevel() on ptolemy.moml.MoMLSimpleApplication@5abd26e0
reloadAllAccessors: .Thermostat

===========================================================================================
----------------- testing Tue Sep 01 15:34:59 UTC 2020 /home/travis/build/icyphy/ptII/ptolemy/domains/continuous/test/auto/TimeDelay.xml
----------------- Instantiating /home/travis/build/icyphy/ptII/ptolemy/domains/continuous/test/auto/TimeDelay.xml
5 ms. Memory: 279552K Free: 203804K (73%)
----------------- Invoking toplevel() on ptolemy.moml.MoMLSimpleApplication@6c9d56d0
----------------- Done invoking toplevel() on ptolemy.moml.MoMLSimpleApplication@6c9d56d0
reloadAllAccessors: .TimeDelay

===========================================================================================
----------------- testing Tue Sep 01 15:34:59 UTC 2020 /home/travis/build/icyphy/ptII/ptolemy/domains/continuous/test/auto/TimeDelay2.xml
----------------- Instantiating /home/travis/build/icyphy/ptII/ptolemy/domains/continuous/test/auto/TimeDelay2.xml
10 ms. Memory: 279552K Free: 194078K (69%)
----------------- Invoking toplevel() on ptolemy.moml.MoMLSimpleApplication@273c2a38
----------------- Done invoking toplevel() on ptolemy.moml.MoMLSimpleApplication@273c2a38
reloadAllAccessors: .TimeDelay2

===========================================================================================
----------------- testing Tue Sep 01 15:34:59 UTC 2020 /home/travis/build/icyphy/ptII/ptolemy/domains/continuous/test/auto/TimeDelay3.xml
----------------- Instantiating /home/travis/build/icyphy/ptII/ptolemy/domains/continuous/test/auto/TimeDelay3.xml
5 ms. Memory: 279552K Free: 189451K (68%)
----------------- Invoking toplevel() on ptolemy.moml.MoMLSimpleApplication@184c8b81
----------------- Done invoking toplevel() on ptolemy.moml.MoMLSimpleApplication@184c8b81
reloadAllAccessors: .TimeDelay3

===========================================================================================
----------------- testing Tue Sep 01 15:34:59 UTC 2020 /home/travis/build/icyphy/ptII/ptolemy/domains/continuous/test/auto/TransferAbsentToInside.xml
----------------- Instantiating /home/travis/build/icyphy/ptII/ptolemy/domains/continuous/test/auto/TransferAbsentToInside.xml
30 ms. Memory: 279552K Free: 137230K (49%)
----------------- Invoking toplevel() on ptolemy.moml.MoMLSimpleApplication@48ac90f9
----------------- Done invoking toplevel() on ptolemy.moml.MoMLSimpleApplication@48ac90f9
reloadAllAccessors: .TransferAbsentToInside

===========================================================================================
----------------- testing Tue Sep 01 15:34:59 UTC 2020 /home/travis/build/icyphy/ptII/ptolemy/domains/continuous/test/auto/Transmission.xml
----------------- Instantiating /home/travis/build/icyphy/ptII/ptolemy/domains/continuous/test/auto/Transmission.xml
754 ms. Memory: 279552K Free: 231949K (83%)
----------------- Invoking toplevel() on ptolemy.moml.MoMLSimpleApplication@655d7608
----------------- Done invoking toplevel() on ptolemy.moml.MoMLSimpleApplication@655d7608
reloadAllAccessors: .Transmission

===========================================================================================
----------------- testing Tue Sep 01 15:35:00 UTC 2020 /home/travis/build/icyphy/ptII/ptolemy/domains/continuous/test/auto/TriggeredContinuousClock.xml
----------------- Instantiating /home/travis/build/icyphy/ptII/ptolemy/domains/continuous/test/auto/TriggeredContinuousClock.xml
35 ms. Memory: 279552K Free: 202253K (72%)
----------------- Invoking toplevel() on ptolemy.moml.MoMLSimpleApplication@dad9d65
----------------- Done invoking toplevel() on ptolemy.moml.MoMLSimpleApplication@dad9d65
reloadAllAccessors: .TriggeredContinuousClock

===========================================================================================
----------------- testing Tue Sep 01 15:35:00 UTC 2020 /home/travis/build/icyphy/ptII/ptolemy/domains/continuous/test/auto/TwoMachineInfiniteBusControl.xml
----------------- Instantiating /home/travis/build/icyphy/ptII/ptolemy/domains/continuous/test/auto/TwoMachineInfiniteBusControl.xml
2270 ms. Memory: 279552K Free: 253406K (91%)
----------------- Invoking toplevel() on ptolemy.moml.MoMLSimpleApplication@5a185641
----------------- Done invoking toplevel() on ptolemy.moml.MoMLSimpleApplication@5a185641
reloadAllAccessors: .TwoMachineInfiniteBusControl

===========================================================================================
----------------- testing Tue Sep 01 15:35:02 UTC 2020 /home/travis/build/icyphy/ptII/ptolemy/domains/continuous/test/auto/V2V.xml
----------------- Instantiating /home/travis/build/icyphy/ptII/ptolemy/domains/continuous/test/auto/V2V.xml
643 ms. Memory: 279552K Free: 225753K (81%)
----------------- Invoking toplevel() on ptolemy.moml.MoMLSimpleApplication@25d38a95
----------------- Done invoking toplevel() on ptolemy.moml.MoMLSimpleApplication@25d38a95
reloadAllAccessors: .V2V

===========================================================================================
----------------- testing Tue Sep 01 15:35:03 UTC 2020 /home/travis/build/icyphy/ptII/ptolemy/domains/continuous/test/auto/hierarchicalModalModel.xml
----------------- Instantiating /home/travis/build/icyphy/ptII/ptolemy/domains/continuous/test/auto/hierarchicalModalModel.xml
9 ms. Memory: 279552K Free: 211417K (76%)
----------------- Invoking toplevel() on ptolemy.moml.MoMLSimpleApplication@2f27b4
----------------- Done invoking toplevel() on ptolemy.moml.MoMLSimpleApplication@2f27b4
reloadAllAccessors: .hierarchicalModalModel

===========================================================================================
----------------- testing Tue Sep 01 15:35:03 UTC 2020 /home/travis/build/icyphy/ptII/ptolemy/domains/continuous/test/auto/hierarchicalModalModel1.xml
----------------- Instantiating /home/travis/build/icyphy/ptII/ptolemy/domains/continuous/test/auto/hierarchicalModalModel1.xml
8 ms. Memory: 279552K Free: 197081K (70%)
----------------- Invoking toplevel() on ptolemy.moml.MoMLSimpleApplication@3540b252
----------------- Done invoking toplevel() on ptolemy.moml.MoMLSimpleApplication@3540b252
reloadAllAccessors: .hierarchicalModalModel1

===========================================================================================
----------------- testing Tue Sep 01 15:35:03 UTC 2020 /home/travis/build/icyphy/ptII/ptolemy/domains/continuous/test/auto/hierarchicalModalModel2.xml
----------------- Instantiating /home/travis/build/icyphy/ptII/ptolemy/domains/continuous/test/auto/hierarchicalModalModel2.xml
6 ms. Memory: 279552K Free: 184793K (66%)
----------------- Invoking toplevel() on ptolemy.moml.MoMLSimpleApplication@775148a8
----------------- Done invoking toplevel() on ptolemy.moml.MoMLSimpleApplication@775148a8
reloadAllAccessors: .hierarchicalModalModel2

===========================================================================================
----------------- testing Tue Sep 01 15:35:03 UTC 2020 /home/travis/build/icyphy/ptII/ptolemy/domains/continuous/test/auto/hierarchicalModalModel3.xml
----------------- Instantiating /home/travis/build/icyphy/ptII/ptolemy/domains/continuous/test/auto/hierarchicalModalModel3.xml
5 ms. Memory: 279552K Free: 174039K (62%)
----------------- Invoking toplevel() on ptolemy.moml.MoMLSimpleApplication@31fef7c6
----------------- Done invoking toplevel() on ptolemy.moml.MoMLSimpleApplication@31fef7c6
reloadAllAccessors: .hierarchicalModalModel3

===========================================================================================
----------------- testing Tue Sep 01 15:35:03 UTC 2020 /home/travis/build/icyphy/ptII/ptolemy/domains/continuous/test/auto/hierarchicalModalModel4.xml
----------------- Instantiating /home/travis/build/icyphy/ptII/ptolemy/domains/continuous/test/auto/hierarchicalModalModel4.xml
5 ms. Memory: 279552K Free: 162265K (58%)
----------------- Invoking toplevel() on ptolemy.moml.MoMLSimpleApplication@2efdd3d6
----------------- Done invoking toplevel() on ptolemy.moml.MoMLSimpleApplication@2efdd3d6
reloadAllAccessors: .hierarchicalModalModel4

===========================================================================================
----------------- testing Tue Sep 01 15:35:03 UTC 2020 /home/travis/build/icyphy/ptII/ptolemy/domains/continuous/test/auto/junk.xml
----------------- Instantiating /home/travis/build/icyphy/ptII/ptolemy/domains/continuous/test/auto/junk.xml
115 ms. Memory: 279552K Free: 137689K (49%)
----------------- Invoking toplevel() on ptolemy.moml.MoMLSimpleApplication@54fbedf6
----------------- Done invoking toplevel() on ptolemy.moml.MoMLSimpleApplication@54fbedf6
reloadAllAccessors: .junk
AutoTests.java: About to close Vertx.
AutoTests.java: Vertx closed.
]]></system-out>
  <system-err><![CDATA[Warning: '.HysteresisWithRandomDelay.NonStrictTest' The test produced only 221 tokens, yet the correctValues parameter was expecting 222 tokens.
Warning: '.HysteresisWithRandomDelay.NonStrictTest2' The test produced only 220 tokens, yet the correctValues parameter was expecting 221 tokens.
Warning: '.HysteresisWithRandomDelay.NonStrictTest3' The test produced only 27 tokens, yet the correctValues parameter was expecting 30 tokens.
Warning: '.Poisson.NonStrictTest' The test produced only 399 tokens, yet the correctValues parameter was expecting 430 tokens.
]]></system-err>
</testsuite>
