/home/travis/build/icyphy/ptII/bin/ant: Running /home/travis/build/icyphy/ptII/ant/bin/ant build test.installers
Buildfile: /home/travis/build/icyphy/ptII/build.xml

build-message:
     [echo] Use ant -p to see other targets. JAVA_HOME=/usr/local/lib/jvm/openjdk11
     [echo] tools.jar is necessary for compilation of doc/doclets/.
     [echo] If compilation fails, try setting JAVA_HOME to the location of the JDK.
     [echo] For example:
     [echo]   [bldmastr@sisyphus ptII]$ which java
     [echo]   /usr/bin/java
     [echo]   [bldmastr@sisyphus ptII]$ ls -l /usr/bin/java
     [echo]   lrwxrwxrwx 1 root root 26 Jul 31 10:12 /usr/bin/java -> /usr/java/default/bin/java
     [echo]   [bldmastr@sisyphus ptII]$ export JAVA_HOME=/usr/java/default
     [echo]     

-build-subprojects-empty:

build-subprojects:

-check-node:

-check-node-works:
     [exec] v7.10.1

-check-npm:

-check-npm-works:
     [exec] 4.2.0

-check-if-npmjs-org-is-up:
     [echo] Check to see if https://www.npmjs.org is up.

-jsdoc-no-network-message:

-check-jsdoc:

jsdoc-install:

jsdoc-update:

-ptdoc-no-node:

-ptdoc-no-npm:

ptdoc:
     [echo] 
     [echo]       If the ptdoc target fails, then try running:
     [echo]           ant build-project build-bin
     [echo]     

-check-node:

-check-node-works:
     [exec] v7.10.1

-check-npm:

-check-npm-works:
     [exec] 4.2.0

-check-if-npmjs-org-is-up:
     [echo] Check to see if https://www.npmjs.org is up or $TRAVIS is set.

-jsdoc-no-network-message:

-check-jsdoc:
     [echo] To stop CapeCode from invoking jsdoc and svn, set the PT_NO_NET environment variable.  
     [echo]     Under BASH:
     [echo]         export PT_NO_NET=true
     [echo]     If ptdoc fails, and you are building from $PTII, try:
     [echo]         ant build-project build-bin
     [echo]     

jsdoc-install:
     [echo] npm.executable: npm
    [mkdir] Created dir: /home/travis/build/icyphy/ptII/org/terraswarm/accessor/accessors/node_modules
     [exec] /home/travis/build/icyphy/ptII/org/terraswarm/accessor/accessors
     [exec] └─┬ @terraswarm/jsdoc@3.5.1-dev 
     [exec]   ├── bluebird@3.4.7 
     [exec]   ├─┬ catharsis@0.8.11 
     [exec]   │ └── lodash@4.17.15 
     [exec]   ├── escape-string-regexp@1.0.5 
     [exec]   ├─┬ espree@3.1.7 
     [exec]   │ ├── acorn@3.3.0 
     [exec]   │ └── acorn-jsx@3.0.1 
     [exec]   ├── js2xmlparser@1.0.0 
     [exec]   ├─┬ klaw@1.3.1 
     [exec]   │ └── graceful-fs@4.2.4 
     [exec]   ├── marked@0.3.19 
     [exec]   ├─┬ mkdirp@0.5.5 
     [exec]   │ └── minimist@1.2.5 
     [exec]   ├── requizzle@0.2.3 
     [exec]   ├── strip-json-comments@2.0.1 
     [exec]   ├── taffydb@2.6.2 
     [exec]   └── underscore@1.8.3 
     [exec] 
     [exec] npm WARN enoent ENOENT: no such file or directory, open '/home/travis/build/icyphy/ptII/org/terraswarm/accessor/accessors/package.json'
     [exec] npm WARN accessors No description
     [exec] npm WARN accessors No repository field.
     [exec] npm WARN accessors No README data
     [exec] npm WARN accessors No license field.

jsdoc-update:

-ptdoc-no-node-message:

-ptdoc-no-npm-message:

-check-jsdoc-again:

-jsdoc-command-message:

ptdoc:
     [echo] Invoke /home/travis/build/icyphy/ptII/org/terraswarm/accessor/accessors/web/../node_modules/@terraswarm/jsdoc/jsdoc.js to read *.js files and generate *PtDoc.xml files suitable for Ptolemy.
     [echo]     See https://chess.eecs.berkeley.edu/ptexternal/wiki/Main/JSDocSystems
     [echo]     See jsdoc/jsdoc.json
     [echo]     See jsdoc/plugins/accessorJSDocTags.js
     [echo]     See jsdoc/templates/ptdoc/publish.js
     [echo] 
     [echo]     If the ptdoc target fails, the there is likely a problem with node or npm.  It is possible
     [echo]     to use CapeCode even if the ptdoc target fails.
     [echo]     
     [echo]     If you are building from $PTII, try:
     [echo]         ant build-project build-bin
     [echo] 
     [echo]     
     [exec] Generating output files...
     [exec] Finished running in 14.53 seconds.

build-project:
     [echo] ptII: /home/travis/build/icyphy/ptII/build.xml
    [javac] Compiling 4257 source files to /home/travis/build/icyphy/ptII
    [javac] /home/travis/build/icyphy/ptII/ptolemy/util/StringUtilities.java:48: warning: Unsafe is internal proprietary API and may be removed in a future release
    [javac] import sun.misc.Unsafe;
    [javac]                ^
    [javac] /home/travis/build/icyphy/ptII/ptolemy/actor/lib/jjs/JavaScript.java:2673: warning: [removal] ScriptObjectMirror in jdk.nashorn.api.scripting has been deprecated and marked for removal
    [javac]                 if (possibilities instanceof ScriptObjectMirror) {
    [javac]                                              ^
    [javac] /home/travis/build/icyphy/ptII/ptolemy/actor/lib/jjs/JavaScript.java:2674: warning: [removal] ScriptObjectMirror in jdk.nashorn.api.scripting has been deprecated and marked for removal
    [javac]                     choices = ((ScriptObjectMirror) possibilities).values();
    [javac]                                 ^
    [javac] /home/travis/build/icyphy/ptII/ptolemy/actor/lib/jjs/HelperBase.java:71: warning: [removal] ScriptObjectMirror in jdk.nashorn.api.scripting has been deprecated and marked for removal
    [javac]     public HelperBase(Object actor, ScriptObjectMirror helping) {
    [javac]                                     ^
    [javac] /home/travis/build/icyphy/ptII/ptolemy/actor/lib/jjs/HelperBase.java:93: warning: [removal] ScriptObjectMirror in jdk.nashorn.api.scripting has been deprecated and marked for removal
    [javac]     public ScriptObjectMirror getHelping() {
    [javac]            ^
    [javac] /home/travis/build/icyphy/ptII/ptolemy/actor/lib/jjs/HelperBase.java:178: warning: [removal] ScriptObjectMirror in jdk.nashorn.api.scripting has been deprecated and marked for removal
    [javac]     protected void _error(ScriptObjectMirror emitter, final String message) {
    [javac]                           ^
    [javac] /home/travis/build/icyphy/ptII/ptolemy/actor/lib/jjs/HelperBase.java:202: warning: [removal] ScriptObjectMirror in jdk.nashorn.api.scripting has been deprecated and marked for removal
    [javac]     protected void _error(ScriptObjectMirror emitter, final String message,
    [javac]                           ^
    [javac] /home/travis/build/icyphy/ptII/ptolemy/actor/lib/jjs/HelperBase.java:462: warning: [removal] ScriptObjectMirror in jdk.nashorn.api.scripting has been deprecated and marked for removal
    [javac]         if (object instanceof ScriptObjectMirror /* || object instanceof NativeArray*/) {
    [javac]                               ^
    [javac] /home/travis/build/icyphy/ptII/ptolemy/actor/lib/jjs/HelperBase.java:465: warning: [removal] ScriptObjectMirror in jdk.nashorn.api.scripting has been deprecated and marked for removal
    [javac]             ScriptObjectMirror objectMirror = ((ScriptObjectMirror) object);
    [javac]             ^
    [javac] /home/travis/build/icyphy/ptII/ptolemy/actor/lib/jjs/HelperBase.java:465: warning: [removal] ScriptObjectMirror in jdk.nashorn.api.scripting has been deprecated and marked for removal
    [javac]             ScriptObjectMirror objectMirror = ((ScriptObjectMirror) object);
    [javac]                                                 ^
    [javac] /home/travis/build/icyphy/ptII/ptolemy/actor/lib/jjs/HelperBase.java:537: warning: [removal] ScriptObjectMirror in jdk.nashorn.api.scripting has been deprecated and marked for removal
    [javac]     protected ScriptObjectMirror _currentObj;
    [javac]               ^
    [javac] /home/travis/build/icyphy/ptII/ptolemy/actor/lib/jjs/NashornAccessorHostApplication.java:459: warning: [removal] ScriptObjectMirror in jdk.nashorn.api.scripting has been deprecated and marked for removal
    [javac]         public void setTopLevelAccessor(ScriptObjectMirror accessor) {
    [javac]                                         ^
    [javac] /home/travis/build/icyphy/ptII/ptolemy/actor/lib/jjs/VertxHelperBase.java:286: warning: [removal] ScriptObjectMirror in jdk.nashorn.api.scripting has been deprecated and marked for removal
    [javac]     protected VertxHelperBase(Object actor, ScriptObjectMirror helping) {
    [javac]                                             ^
    [javac] /home/travis/build/icyphy/ptII/ptolemy/actor/lib/jjs/VertxHelperBase.java:300: warning: [removal] ScriptObjectMirror in jdk.nashorn.api.scripting has been deprecated and marked for removal
    [javac]     protected VertxHelperBase(Object actor, ScriptObjectMirror helping,
    [javac]                                             ^
    [javac] /home/travis/build/icyphy/ptII/ptolemy/actor/lib/jjs/modules/audio/AudioHelper.java:71: warning: [removal] ScriptObjectMirror in jdk.nashorn.api.scripting has been deprecated and marked for removal
    [javac]     public AudioHelper(Object actor, ScriptObjectMirror currentObj) {
    [javac]                                      ^
    [javac] /home/travis/build/icyphy/ptII/ptolemy/actor/lib/jjs/modules/audio/ClipPlayerHelper.java:57: warning: [removal] ScriptObjectMirror in jdk.nashorn.api.scripting has been deprecated and marked for removal
    [javac]     public ClipPlayerHelper(Object actor, ScriptObjectMirror helping) {
    [javac]                                           ^
    [javac] /home/travis/build/icyphy/ptII/ptolemy/actor/lib/jjs/modules/cameras/CameraHelper.java:107: warning: [removal] ScriptObjectMirror in jdk.nashorn.api.scripting has been deprecated and marked for removal
    [javac]     public CameraHelper(Object actor, ScriptObjectMirror currentObj)
    [javac]                                       ^
    [javac] /home/travis/build/icyphy/ptII/ptolemy/actor/lib/jjs/modules/cameras/CameraHelper.java:121: warning: [removal] ScriptObjectMirror in jdk.nashorn.api.scripting has been deprecated and marked for removal
    [javac]     public CameraHelper(Object actor, ScriptObjectMirror currentObj,
    [javac]                                       ^
    [javac] /home/travis/build/icyphy/ptII/ptolemy/actor/lib/jjs/modules/crypto/CryptoHelper.java:81: warning: [removal] ScriptObjectMirror in jdk.nashorn.api.scripting has been deprecated and marked for removal
    [javac]     public CryptoHelper(Object actor, ScriptObjectMirror currentObj) {
    [javac]                                       ^
    [javac] /home/travis/build/icyphy/ptII/ptolemy/actor/lib/jjs/modules/dataConverter/DataConverterHelper.java:58: warning: [removal] ScriptObjectMirror in jdk.nashorn.api.scripting has been deprecated and marked for removal
    [javac]     public DataConverterHelper(Object actor, ScriptObjectMirror currentObj) {
    [javac]                                              ^
    [javac] /home/travis/build/icyphy/ptII/ptolemy/actor/lib/jjs/modules/eventbus/EventBusHelper.java:95: warning: [removal] ScriptObjectMirror in jdk.nashorn.api.scripting has been deprecated and marked for removal
    [javac]     public EventBusHelper(Object actor, ScriptObjectMirror vertxBusJS,
    [javac]                                         ^
    [javac] /home/travis/build/icyphy/ptII/ptolemy/actor/lib/jjs/modules/eventbus/EventBusHelper.java:277: warning: [removal] ScriptObjectMirror in jdk.nashorn.api.scripting has been deprecated and marked for removal
    [javac]     private ScriptObjectMirror _vertxBusJS;
    [javac]             ^
    [javac] /home/travis/build/icyphy/ptII/ptolemy/actor/lib/jjs/modules/httpClient/HttpClientHelper.java:132: warning: [removal] ScriptObjectMirror in jdk.nashorn.api.scripting has been deprecated and marked for removal
    [javac]     public void request(ScriptObjectMirror currentObj,
    [javac]                         ^
    [javac] /home/travis/build/icyphy/ptII/ptolemy/actor/lib/jjs/modules/httpClient/HttpClientHelper.java:148: warning: [removal] ScriptObjectMirror in jdk.nashorn.api.scripting has been deprecated and marked for removal
    [javac]             ScriptObjectMirror helping) {
    [javac]             ^
    [javac] /home/travis/build/icyphy/ptII/ptolemy/actor/lib/jjs/modules/httpClient/HttpClientHelper.java:212: warning: [removal] ScriptObjectMirror in jdk.nashorn.api.scripting has been deprecated and marked for removal
    [javac]     protected HttpClientHelper(Object actor, ScriptObjectMirror helping) {
    [javac]                                              ^
    [javac] /home/travis/build/icyphy/ptII/ptolemy/actor/lib/jjs/modules/httpClient/HttpClientHelper.java:221: warning: [removal] ScriptObjectMirror in jdk.nashorn.api.scripting has been deprecated and marked for removal
    [javac]     protected HttpClientHelper(Object actor, ScriptObjectMirror helping,
    [javac]                                              ^
    [javac] /home/travis/build/icyphy/ptII/ptolemy/actor/lib/jjs/modules/httpClient/HttpClientHelper.java:246: warning: [removal] ScriptObjectMirror in jdk.nashorn.api.scripting has been deprecated and marked for removal
    [javac]         protected ScriptObjectMirror _requestObj;
    [javac]                   ^
    [javac] /home/travis/build/icyphy/ptII/ptolemy/actor/lib/jjs/modules/httpClient/HttpClientHelper.java:248: warning: [removal] ScriptObjectMirror in jdk.nashorn.api.scripting has been deprecated and marked for removal
    [javac]         public HttpClientExceptionHandler(ScriptObjectMirror requestObj,
    [javac]                                           ^
    [javac] /home/travis/build/icyphy/ptII/ptolemy/actor/lib/jjs/modules/httpClient/HttpClientHelper.java:310: warning: [removal] ScriptObjectMirror in jdk.nashorn.api.scripting has been deprecated and marked for removal
    [javac]         protected ScriptObjectMirror _requestObj;
    [javac]                   ^
    [javac] /home/travis/build/icyphy/ptII/ptolemy/actor/lib/jjs/modules/httpClient/HttpClientHelper.java:312: warning: [removal] ScriptObjectMirror in jdk.nashorn.api.scripting has been deprecated and marked for removal
    [javac]         public HttpClientResponseHandler(ScriptObjectMirror requestObj,
    [javac]                                          ^
    [javac] /home/travis/build/icyphy/ptII/ptolemy/actor/lib/jjs/modules/httpClient/HttpClientHelper.java:604: warning: [removal] ScriptObjectMirror in jdk.nashorn.api.scripting has been deprecated and marked for removal
    [javac]         protected ScriptObjectMirror _requestObj;
    [javac]                   ^
    [javac] /home/travis/build/icyphy/ptII/ptolemy/actor/lib/jjs/modules/httpClient/HttpClientHelper.java:606: warning: [removal] ScriptObjectMirror in jdk.nashorn.api.scripting has been deprecated and marked for removal
    [javac]         public StartHttpRequest(ScriptObjectMirror requestObj,
    [javac]                                 ^
    [javac] /home/travis/build/icyphy/ptII/ptolemy/actor/lib/jjs/modules/httpServer/HttpServerHelper.java:138: warning: [removal] ScriptObjectMirror in jdk.nashorn.api.scripting has been deprecated and marked for removal
    [javac]             ScriptObjectMirror currentObj, String hostInterface, int port) {
    [javac]             ^
    [javac] /home/travis/build/icyphy/ptII/ptolemy/actor/lib/jjs/modules/httpServer/HttpServerHelper.java:306: warning: [removal] ScriptObjectMirror in jdk.nashorn.api.scripting has been deprecated and marked for removal
    [javac]     private HttpServerHelper(Object actor, ScriptObjectMirror currentObj,
    [javac]                                            ^
    [javac] /home/travis/build/icyphy/ptII/ptolemy/actor/lib/jjs/modules/mqtt/MQTTHelper.java:73: warning: [removal] ScriptObjectMirror in jdk.nashorn.api.scripting has been deprecated and marked for removal
    [javac]     public MQTTHelper(Object actor, ScriptObjectMirror helping) {
    [javac]                                     ^
    [javac] /home/travis/build/icyphy/ptII/ptolemy/actor/lib/jjs/modules/mqtt/MQTTHelper.java:89: warning: [removal] ScriptObjectMirror in jdk.nashorn.api.scripting has been deprecated and marked for removal
    [javac]             ScriptObjectMirror helping) {
    [javac]             ^
    [javac] /home/travis/build/icyphy/ptII/ptolemy/actor/lib/jjs/modules/mqtt/MQTTHelper.java:146: warning: [removal] ScriptObjectMirror in jdk.nashorn.api.scripting has been deprecated and marked for removal
    [javac]         public MQTTClientWrapper(ScriptObjectMirror currentObj, int port,
    [javac]                                  ^
    [javac] /home/travis/build/icyphy/ptII/ptolemy/actor/lib/jjs/modules/mqtt/MQTTHelper.java:298: warning: [removal] ScriptObjectMirror in jdk.nashorn.api.scripting has been deprecated and marked for removal
    [javac]         private ScriptObjectMirror _currentObj;
    [javac]                 ^
    [javac] /home/travis/build/icyphy/ptII/ptolemy/actor/lib/jjs/modules/serial/SerialHelper.java:77: warning: [removal] ScriptObjectMirror in jdk.nashorn.api.scripting has been deprecated and marked for removal
    [javac]     public SerialHelper(Object actor, ScriptObjectMirror helping,
    [javac]                                       ^
    [javac] /home/travis/build/icyphy/ptII/ptolemy/actor/lib/jjs/modules/shell/ShellHelper.java:74: warning: [removal] ScriptObjectMirror in jdk.nashorn.api.scripting has been deprecated and marked for removal
    [javac]     public static ShellHelper createShell(ScriptObjectMirror scriptObjectMirror,
    [javac]                                           ^
    [javac] /home/travis/build/icyphy/ptII/ptolemy/actor/lib/jjs/modules/shell/ShellHelper.java:148: warning: [removal] ScriptObjectMirror in jdk.nashorn.api.scripting has been deprecated and marked for removal
    [javac]     private ShellHelper(ScriptObjectMirror currentObj, String command) {
    [javac]                         ^
    [javac] /home/travis/build/icyphy/ptII/ptolemy/actor/lib/jjs/modules/shell/ShellHelper.java:232: warning: [removal] ScriptObjectMirror in jdk.nashorn.api.scripting has been deprecated and marked for removal
    [javac]     private ScriptObjectMirror _currentObj;
    [javac]             ^
    [javac] /home/travis/build/icyphy/ptII/ptolemy/actor/lib/jjs/modules/socket/SocketHelper.java:98: warning: [removal] ScriptObjectMirror in jdk.nashorn.api.scripting has been deprecated and marked for removal
    [javac]     public SocketHelper(Object actor, ScriptObjectMirror helping) {
    [javac]                                       ^
    [javac] /home/travis/build/icyphy/ptII/ptolemy/actor/lib/jjs/modules/socket/SocketHelper.java:122: warning: [removal] ScriptObjectMirror in jdk.nashorn.api.scripting has been deprecated and marked for removal
    [javac]     public void openClientSocket(final ScriptObjectMirror socketClient,
    [javac]                                        ^
    [javac] /home/travis/build/icyphy/ptII/ptolemy/actor/lib/jjs/modules/socket/SocketHelper.java:246: warning: [removal] ScriptObjectMirror in jdk.nashorn.api.scripting has been deprecated and marked for removal
    [javac]             ScriptObjectMirror helping) {
    [javac]             ^
    [javac] /home/travis/build/icyphy/ptII/ptolemy/actor/lib/jjs/modules/socket/SocketHelper.java:298: warning: [removal] ScriptObjectMirror in jdk.nashorn.api.scripting has been deprecated and marked for removal
    [javac]     public void startServer(final ScriptObjectMirror socketServer,
    [javac]                                   ^
    [javac] /home/travis/build/icyphy/ptII/ptolemy/actor/lib/jjs/modules/socket/SocketHelper.java:548: warning: [removal] ScriptObjectMirror in jdk.nashorn.api.scripting has been deprecated and marked for removal
    [javac]         public SocketWrapper(ScriptObjectMirror eventEmitter, Object socket,
    [javac]                              ^
    [javac] /home/travis/build/icyphy/ptII/ptolemy/actor/lib/jjs/modules/socket/SocketHelper.java:1015: warning: [removal] ScriptObjectMirror in jdk.nashorn.api.scripting has been deprecated and marked for removal
    [javac]         private ScriptObjectMirror _eventEmitter;
    [javac]                 ^
    [javac] /home/travis/build/icyphy/ptII/ptolemy/actor/lib/jjs/modules/speechRecognition/SpeechRecognitionHelper.java:92: warning: [removal] ScriptObjectMirror in jdk.nashorn.api.scripting has been deprecated and marked for removal
    [javac]     public SpeechRecognitionHelper(Object actor, ScriptObjectMirror helping,
    [javac]                                                  ^
    [javac] /home/travis/build/icyphy/ptII/ptolemy/actor/lib/jjs/modules/speechRecognition/SpeechRecognitionHelper.java:93: warning: [removal] ScriptObjectMirror in jdk.nashorn.api.scripting has been deprecated and marked for removal
    [javac]             ScriptObjectMirror options) throws IllegalActionException {
    [javac]             ^
    [javac] /home/travis/build/icyphy/ptII/ptolemy/actor/lib/jjs/modules/speechRecognition/SpeechRecognitionHelper.java:167: warning: [removal] ScriptObjectMirror in jdk.nashorn.api.scripting has been deprecated and marked for removal
    [javac]     public void setOptions(ScriptObjectMirror options)
    [javac]                            ^
    [javac] /home/travis/build/icyphy/ptII/ptolemy/actor/lib/jjs/modules/textDisplay/TextDisplayHelper.java:66: warning: [removal] ScriptObjectMirror in jdk.nashorn.api.scripting has been deprecated and marked for removal
    [javac]     public TextDisplayHelper(Object actor, ScriptObjectMirror currentObj) {
    [javac]                                            ^
    [javac] /home/travis/build/icyphy/ptII/ptolemy/actor/lib/jjs/modules/textDisplay/TextDisplayHelper.java:75: warning: [removal] ScriptObjectMirror in jdk.nashorn.api.scripting has been deprecated and marked for removal
    [javac]     public TextDisplayHelper(Object actor, ScriptObjectMirror currentObj,
    [javac]                                            ^
    [javac] /home/travis/build/icyphy/ptII/ptolemy/actor/lib/jjs/modules/udpSocket/UDPSocketHelper.java:71: warning: [removal] ScriptObjectMirror in jdk.nashorn.api.scripting has been deprecated and marked for removal
    [javac]     public UDPSocketHelper(Object actor, ScriptObjectMirror helping) {
    [javac]                                          ^
    [javac] /home/travis/build/icyphy/ptII/ptolemy/actor/lib/jjs/modules/udpSocket/UDPSocketHelper.java:83: warning: [removal] ScriptObjectMirror in jdk.nashorn.api.scripting has been deprecated and marked for removal
    [javac]     public UDPSocket createSocket(ScriptObjectMirror scriptObjectMirror,
    [javac]                                   ^
    [javac] /home/travis/build/icyphy/ptII/ptolemy/actor/lib/jjs/modules/udpSocket/UDPSocketHelper.java:97: warning: [removal] ScriptObjectMirror in jdk.nashorn.api.scripting has been deprecated and marked for removal
    [javac]             ScriptObjectMirror helping) {
    [javac]             ^
    [javac] /home/travis/build/icyphy/ptII/ptolemy/actor/lib/jjs/modules/udpSocket/UDPSocketHelper.java:139: warning: [removal] ScriptObjectMirror in jdk.nashorn.api.scripting has been deprecated and marked for removal
    [javac]         public UDPSocket(ScriptObjectMirror currentObj,
    [javac]                          ^
    [javac] /home/travis/build/icyphy/ptII/ptolemy/actor/lib/jjs/modules/udpSocket/UDPSocketHelper.java:161: warning: [removal] ScriptObjectMirror in jdk.nashorn.api.scripting has been deprecated and marked for removal
    [javac]                 final ScriptObjectMirror callback) {
    [javac]                       ^
    [javac] /home/travis/build/icyphy/ptII/ptolemy/actor/lib/jjs/modules/udpSocket/UDPSocketHelper.java:249: warning: [removal] ScriptObjectMirror in jdk.nashorn.api.scripting has been deprecated and marked for removal
    [javac]                 final String hostname, final ScriptObjectMirror callback) {
    [javac]                                              ^
    [javac] /home/travis/build/icyphy/ptII/ptolemy/actor/lib/jjs/modules/udpSocket/UDPSocketHelper.java:263: warning: [removal] ScriptObjectMirror in jdk.nashorn.api.scripting has been deprecated and marked for removal
    [javac]                 } else if (data instanceof ScriptObjectMirror) {
    [javac]                                            ^
    [javac] /home/travis/build/icyphy/ptII/ptolemy/actor/lib/jjs/modules/udpSocket/UDPSocketHelper.java:277: warning: [removal] ScriptObjectMirror in jdk.nashorn.api.scripting has been deprecated and marked for removal
    [javac]                         for (Object element : ((ScriptObjectMirror) data)
    [javac]                                                 ^
    [javac] /home/travis/build/icyphy/ptII/ptolemy/actor/lib/jjs/modules/udpSocket/UDPSocketHelper.java:285: warning: [removal] ScriptObjectMirror in jdk.nashorn.api.scripting has been deprecated and marked for removal
    [javac]                         for (Object element : ((ScriptObjectMirror) data)
    [javac]                                                 ^
    [javac] /home/travis/build/icyphy/ptII/ptolemy/actor/lib/jjs/modules/udpSocket/UDPSocketHelper.java:468: warning: [removal] ScriptObjectMirror in jdk.nashorn.api.scripting has been deprecated and marked for removal
    [javac]         private ScriptObjectMirror _currentObj;
    [javac]                 ^
    [javac] /home/travis/build/icyphy/ptII/ptolemy/actor/lib/jjs/modules/userInterface/VertxBrowserHelper.java:73: warning: [removal] ScriptObjectMirror in jdk.nashorn.api.scripting has been deprecated and marked for removal
    [javac]     public VertxBrowserHelper(Object actor, ScriptObjectMirror currentObj)
    [javac]                                             ^
    [javac] /home/travis/build/icyphy/ptII/ptolemy/actor/lib/jjs/modules/webSocket/WebSocketHelper.java:138: warning: [removal] ScriptObjectMirror in jdk.nashorn.api.scripting has been deprecated and marked for removal
    [javac]             ScriptObjectMirror currentObj, String host, boolean sslTls,
    [javac]             ^
    [javac] /home/travis/build/icyphy/ptII/ptolemy/actor/lib/jjs/modules/webSocket/WebSocketHelper.java:170: warning: [removal] ScriptObjectMirror in jdk.nashorn.api.scripting has been deprecated and marked for removal
    [javac]             ScriptObjectMirror currentObj, WebSocketBase serverWebSocket,
    [javac]             ^
    [javac] /home/travis/build/icyphy/ptII/ptolemy/actor/lib/jjs/modules/webSocket/WebSocketHelper.java:471: warning: [removal] ScriptObjectMirror in jdk.nashorn.api.scripting has been deprecated and marked for removal
    [javac]     private WebSocketHelper(Object actor, ScriptObjectMirror currentObj,
    [javac]                                           ^
    [javac] /home/travis/build/icyphy/ptII/ptolemy/actor/lib/jjs/modules/webSocket/WebSocketHelper.java:542: warning: [removal] ScriptObjectMirror in jdk.nashorn.api.scripting has been deprecated and marked for removal
    [javac]     private WebSocketHelper(Object actor, ScriptObjectMirror currentObj,
    [javac]                                           ^
    [javac] /home/travis/build/icyphy/ptII/ptolemy/actor/lib/jjs/modules/webSocket/WebSocketServerHelper.java:123: warning: [removal] ScriptObjectMirror in jdk.nashorn.api.scripting has been deprecated and marked for removal
    [javac]             ScriptObjectMirror currentObj, String hostInterface, boolean sslTls,
    [javac]             ^
    [javac] /home/travis/build/icyphy/ptII/ptolemy/actor/lib/jjs/modules/webSocket/WebSocketServerHelper.java:304: warning: [removal] ScriptObjectMirror in jdk.nashorn.api.scripting has been deprecated and marked for removal
    [javac]     private WebSocketServerHelper(Object actor, ScriptObjectMirror currentObj,
    [javac]                                                 ^
    [javac] /home/travis/build/icyphy/ptII/ptolemy/actor/lib/jjs/modules/xbee/XBeeHelper.java:69: warning: [removal] ScriptObjectMirror in jdk.nashorn.api.scripting has been deprecated and marked for removal
    [javac]     public XBeeHelper(Object actor, ScriptObjectMirror helping, String portName,
    [javac]                                     ^
    [javac] /home/travis/build/icyphy/ptII/ptolemy/util/StringUtilities.java:118: warning: Unsafe is internal proprietary API and may be removed in a future release
    [javac]             Field theUnsafe = Unsafe.class.getDeclaredField("theUnsafe");
    [javac]                               ^
    [javac] /home/travis/build/icyphy/ptII/ptolemy/util/StringUtilities.java:120: warning: Unsafe is internal proprietary API and may be removed in a future release
    [javac]             Unsafe unsafe = (Unsafe) theUnsafe.get(null);
    [javac]             ^
    [javac] /home/travis/build/icyphy/ptII/ptolemy/util/StringUtilities.java:120: warning: Unsafe is internal proprietary API and may be removed in a future release
    [javac]             Unsafe unsafe = (Unsafe) theUnsafe.get(null);
    [javac]                              ^
    [javac] Note: Some input files use or override a deprecated API.
    [javac] Note: Recompile with -Xlint:deprecation for details.
    [javac] Note: Some input files use unchecked or unsafe operations.
    [javac] Note: Recompile with -Xlint:unchecked for details.
    [javac] 74 warnings

-check-ptII-mk-file:

-check-bin-vergil:

-check-make-bin-vergil:

build-bin-not:

build-not-bin-vergil:
     [echo] 
     [echo] 	$PTII/bin/vergil does not exist, perhaps (cd $PTII/bin; make) has not been run?
     [echo] 	This can happen if the make binary cannot be found in the path or if $PTII/mk/ptII.mk
     [echo] 	is not present.
     [echo] 	Skipping running make in $PTII/bin, which creates scripts like $PTII/bin/vergil.
     [echo] 	This is only an issue if you want to invoke "$PTII/bin/vergil" instead of "ant vergil".
     [echo] 	However, $PTII/bin does include other scripts that may be of use.
     [echo]       

build-bin:
     [exec] for file in .momllib-util .nc2moml-util .ncapp2moml-util capecode convertToLazy copernicus decompile emachine giottoc histogram homer jode mescal moml obfuscate ptcg ptcodegen ptexecute ptjacl ptjaclapp ptplot ptstartjini ptolemy ptweb pxgraph soot tinicomm tinic tiniconverter startjini.gui vergil; do \
     [exec] 	echo "$file"; \
     [exec] 	rm -f "$file"; \
     [exec] 	ln -s ptinvoke "$file"; \
     [exec] 	chmod a+x "$file"; \
     [exec] done
     [exec] .momllib-util
     [exec] .nc2moml-util
     [exec] .ncapp2moml-util
     [exec] capecode
     [exec] convertToLazy
     [exec] copernicus
     [exec] decompile
     [exec] emachine
     [exec] giottoc
     [exec] histogram
     [exec] homer
     [exec] jode
     [exec] mescal
     [exec] moml
     [exec] obfuscate
     [exec] ptcg
     [exec] ptcodegen
     [exec] ptexecute
     [exec] ptjacl
     [exec] ptjaclapp
     [exec] ptplot
     [exec] ptstartjini
     [exec] ptolemy
     [exec] ptweb
     [exec] pxgraph
     [exec] soot
     [exec] tinicomm
     [exec] tinic
     [exec] tiniconverter
     [exec] startjini.gui
     [exec] vergil
     [exec] rm -f makebat
     [exec] ln -s ptinvoke makebat
     [exec] rm -f ".momllib-util.bat"
     [exec] ./makebat -q "`basename .momllib-util.bat .bat`"
     [exec] rm -f ".nc2moml-util.bat"
     [exec] ./makebat -q "`basename .nc2moml-util.bat .bat`"
     [exec] rm -f ".ncapp2moml-util.bat"
     [exec] ./makebat -q "`basename .ncapp2moml-util.bat .bat`"
     [exec] rm -f "capecode.bat"
     [exec] ./makebat -q "`basename capecode.bat .bat`"
     [exec] rm -f "convertToLazy.bat"
     [exec] ./makebat -q "`basename convertToLazy.bat .bat`"
     [exec] rm -f "copernicus.bat"
     [exec] ./makebat -q "`basename copernicus.bat .bat`"
     [exec] rm -f "decompile.bat"
     [exec] ./makebat -q "`basename decompile.bat .bat`"
     [exec] rm -f "emachine.bat"
     [exec] ./makebat -q "`basename emachine.bat .bat`"
     [exec] rm -f "giottoc.bat"
     [exec] ./makebat -q "`basename giottoc.bat .bat`"
     [exec] rm -f "histogram.bat"
     [exec] ./makebat -q "`basename histogram.bat .bat`"
     [exec] rm -f "homer.bat"
     [exec] ./makebat -q "`basename homer.bat .bat`"
     [exec] rm -f "jode.bat"
     [exec] ./makebat -q "`basename jode.bat .bat`"
     [exec] rm -f "mescal.bat"
     [exec] ./makebat -q "`basename mescal.bat .bat`"
     [exec] LD_LIBRARY_PATH = /home/travis/build/icyphy/ptII/mescal/lib:/home/travis/build/icyphy/ptII/mescal/bin:/usr/local/lib:/home/travis/build/icyphy/ptII/lib:/home/travis/pthla/certi-tools/lib:/home/travis/pthla/certi-tools/lib:/usr/lib/jni:/usr/local/share/OpenCV/java/:/usr/share/OpenCV/java:
     [exec] rm -f "moml.bat"
     [exec] ./makebat -q "`basename moml.bat .bat`"
     [exec] rm -f "obfuscate.bat"
     [exec] ./makebat -q "`basename obfuscate.bat .bat`"
     [exec] rm -f "ptcg.bat"
     [exec] ./makebat -q "`basename ptcg.bat .bat`"
     [exec] rm -f "ptcodegen.bat"
     [exec] ./makebat -q "`basename ptcodegen.bat .bat`"
     [exec] rm -f "ptexecute.bat"
     [exec] ./makebat -q "`basename ptexecute.bat .bat`"
     [exec] rm -f "ptjacl.bat"
     [exec] ./makebat -q "`basename ptjacl.bat .bat`"
     [exec] rm -f "ptjaclapp.bat"
     [exec] ./makebat -q "`basename ptjaclapp.bat .bat`"
     [exec] rm -f "ptplot.bat"
     [exec] ./makebat -q "`basename ptplot.bat .bat`"
     [exec] rm -f "ptstartjini.bat"
     [exec] ./makebat -q "`basename ptstartjini.bat .bat`"
     [exec] rm -f "ptolemy.bat"
     [exec] ./makebat -q "`basename ptolemy.bat .bat`"
     [exec] rm -f "ptweb.bat"
     [exec] ./makebat -q "`basename ptweb.bat .bat`"
     [exec] rm -f "pxgraph.bat"
     [exec] ./makebat -q "`basename pxgraph.bat .bat`"
     [exec] rm -f "soot.bat"
     [exec] ./makebat -q "`basename soot.bat .bat`"
     [exec] rm -f "tinicomm.bat"
     [exec] ./makebat -q "`basename tinicomm.bat .bat`"
     [exec] rm -f "tinic.bat"
     [exec] ./makebat -q "`basename tinic.bat .bat`"
     [exec] rm -f "tiniconverter.bat"
     [exec] ./makebat -q "`basename tiniconverter.bat .bat`"
     [exec] rm -f "startjini.gui.bat"
     [exec] ./makebat -q "`basename startjini.gui.bat .bat`"
     [exec] rm -f "vergil.bat"
     [exec] ./makebat -q "`basename vergil.bat .bat`"
     [exec] rm -f makeapp
     [exec] ln -s ptinvoke makeapp
     [exec] chmod a+x ptinvoke makeapp
     [exec] ./makeapp CapeCode.app CAPECODE -capecode
     [exec] ./makeapp: /home/travis/build/icyphy/ptII/vendors/universalJavaApplicationStub/src/universalJavaApplicationStub does not exist, creating it from GitHub.
     [exec] Cloning into 'universalJavaApplicationStub'...
     [exec] Updating universalJavaApplicationStub from /home/travis/build/icyphy/ptII/vendors/universalJavaApplicationStub/src/universalJavaApplicationStub
     [exec] Untaring /home/travis/build/icyphy/ptII/vendors/installer/MacJVM.tar.gz in /home/travis/build/icyphy/ptII/ now: Sun Jul  5 14:40:09 UTC 2020
     [exec] ./makeapp: untar of /home/travis/build/icyphy/ptII/vendors/installer/MacJVM.tar.gz failed, under Travis, perhaps the cache is corrupt? Downloading again.
     [exec] 
     [exec] gzip: stdin: unexpected end of file
     [exec] tar: Child returned status 1
     [exec] tar: Error is not recoverable: exiting now
     [exec] ./makeapp: /home/travis/build/icyphy/ptII/jdk/README-ptolemy.txt does not exist? Installation of /home/travis/build/icyphy/ptII/jdk failed.
     [exec] ./makeapp: copying /home/travis/build/icyphy/ptII/vendors/jogl to /home/travis/build/icyphy/ptII/bin
     [exec] touch CapeCode.app
     [exec] ./makeapp Vergil.app FULL -full
     [exec] 
     [exec] gzip: stdin: unexpected end of file
     [exec] tar: Child returned status 1
     [exec] tar: Error is not recoverable: exiting now
     [exec] Updating universalJavaApplicationStub from /home/travis/build/icyphy/ptII/vendors/universalJavaApplicationStub/src/universalJavaApplicationStub
     [exec] Untaring /home/travis/build/icyphy/ptII/vendors/installer/MacJVM.tar.gz in /home/travis/build/icyphy/ptII/ now: Sun Jul  5 14:40:10 UTC 2020
     [exec] ./makeapp: untar of /home/travis/build/icyphy/ptII/vendors/installer/MacJVM.tar.gz failed, under Travis, perhaps the cache is corrupt? Downloading again.
     [exec] 
     [exec] gzip: stdin: unexpected end of file
     [exec] tar: Child returned status 1
     [exec] tar: Error is not recoverable: exiting now
     [exec] ./makeapp: /home/travis/build/icyphy/ptII/jdk/README-ptolemy.txt does not exist? Installation of /home/travis/build/icyphy/ptII/jdk failed.
     [exec] touch Vergil.app
     [exec] chmod a+x ant cyphysim hyvisual startjini mkjnlp mkl4j mkosgi mkptdemo mkptlivelinkdemo mkpttest node npm ptjunit ptIITravisBuild.sh reloadAllAccessors updateFmu viptos 
     [exec] 
     [exec] gzip: stdin: unexpected end of file
     [exec] tar: Child returned status 1
     [exec] tar: Error is not recoverable: exiting now

build:

initReports:
    [mkdir] Created dir: /home/travis/build/icyphy/ptII/reports/doccheck
    [mkdir] Created dir: /home/travis/build/icyphy/ptII/reports/ojdcheck

build-message:
     [echo] Use ant -p to see other targets. JAVA_HOME=/usr/local/lib/jvm/openjdk11
     [echo] tools.jar is necessary for compilation of doc/doclets/.
     [echo] If compilation fails, try setting JAVA_HOME to the location of the JDK.
     [echo] For example:
     [echo]   [bldmastr@sisyphus ptII]$ which java
     [echo]   /usr/bin/java
     [echo]   [bldmastr@sisyphus ptII]$ ls -l /usr/bin/java
     [echo]   lrwxrwxrwx 1 root root 26 Jul 31 10:12 /usr/bin/java -> /usr/java/default/bin/java
     [echo]   [bldmastr@sisyphus ptII]$ export JAVA_HOME=/usr/java/default
     [echo]     

-build-subprojects-empty:

build-subprojects:

-check-node:

-check-node-works:
     [exec] v7.10.1

-check-npm:

-check-npm-works:
     [exec] 4.2.0

-check-if-npmjs-org-is-up:
     [echo] Check to see if https://www.npmjs.org is up.

-jsdoc-no-network-message:

-check-jsdoc:

jsdoc-install:

jsdoc-update:

-ptdoc-no-node:

-ptdoc-no-npm:

ptdoc:
     [echo] 
     [echo]       If the ptdoc target fails, then try running:
     [echo]           ant build-project build-bin
     [echo]     

-check-node:

-check-node-works:
     [exec] v7.10.1

-check-npm:

-check-npm-works:
     [exec] 4.2.0

-check-if-npmjs-org-is-up:
     [echo] Check to see if https://www.npmjs.org is up or $TRAVIS is set.

-jsdoc-no-network-message:

-check-jsdoc:
     [echo] To stop CapeCode from invoking jsdoc and svn, set the PT_NO_NET environment variable.  
     [echo]     Under BASH:
     [echo]         export PT_NO_NET=true
     [echo]     If ptdoc fails, and you are building from $PTII, try:
     [echo]         ant build-project build-bin
     [echo]     

jsdoc-install:

jsdoc-update:

-ptdoc-no-node-message:

-ptdoc-no-npm-message:

-check-jsdoc-again:

-jsdoc-command-message:

ptdoc:
     [echo] Invoke /home/travis/build/icyphy/ptII/org/terraswarm/accessor/accessors/web/../node_modules/@terraswarm/jsdoc/jsdoc.js to read *.js files and generate *PtDoc.xml files suitable for Ptolemy.
     [echo]     See https://chess.eecs.berkeley.edu/ptexternal/wiki/Main/JSDocSystems
     [echo]     See jsdoc/jsdoc.json
     [echo]     See jsdoc/plugins/accessorJSDocTags.js
     [echo]     See jsdoc/templates/ptdoc/publish.js
     [echo] 
     [echo]     If the ptdoc target fails, the there is likely a problem with node or npm.  It is possible
     [echo]     to use CapeCode even if the ptdoc target fails.
     [echo]     
     [echo]     If you are building from $PTII, try:
     [echo]         ant build-project build-bin
     [echo] 
     [echo]     
     [exec] Generating output files...
     [exec] Finished running in 14.15 seconds.

build-project:
     [echo] ptII: /home/travis/build/icyphy/ptII/build.xml
    [javac] Compiling 2 source files to /home/travis/build/icyphy/ptII

-check-ptII-mk-file:

-check-bin-vergil:

-check-make-bin-vergil:

build-bin-not:

build-not-bin-vergil:

build-bin:
     [exec] chmod a+x ant cyphysim hyvisual startjini mkjnlp mkl4j mkosgi mkptdemo mkptlivelinkdemo mkpttest node npm ptjunit ptIITravisBuild.sh reloadAllAccessors updateFmu viptos 

build:

jars:

jars:
      [jar] Building jar: /home/travis/build/icyphy/ptII/bin/Vergil.app/Contents/MacOS/universalJavaApplicationStub-license.jar
      [jar] Building jar: /home/travis/build/icyphy/ptII/contrib/contrib.jar
      [jar] Building jar: /home/travis/build/icyphy/ptII/lib/diva.jar
      [jar] Building jar: /home/travis/build/icyphy/ptII/lib/ptliblicenses.jar
      [jar] Building jar: /home/travis/build/icyphy/ptII/doc/docConfig.jar
      [jar] Building jar: /home/travis/build/icyphy/ptII/ptolemy/ptsupport.jar
      [jar] Building jar: /home/travis/build/icyphy/ptII/ptolemy/vergil/vergil.jar
      [jar] Building jar: /home/travis/build/icyphy/ptII/ptolemy/util/test/junit/junit.jar
      [jar] Building jar: /home/travis/build/icyphy/ptII/ptolemy/vergil/basic/export/export.jar
      [jar] Building jar: /home/travis/build/icyphy/ptII/ptolemy/vergil/basic/export/exportFull.jar
      [jar] Building jar: /home/travis/build/icyphy/ptII/ptolemy/vergil/basic/export/html/html.jar
      [jar] Building jar: /home/travis/build/icyphy/ptII/ptolemy/vergil/basic/export/html/jsoup/jsoup.jar
      [jar] Building jar: /home/travis/build/icyphy/ptII/ptolemy/vergil/basic/export/web/web.jar
      [jar] Building jar: /home/travis/build/icyphy/ptII/ptolemy/vergil/basic/imprt/accessor/accessor.jar
      [jar] Building jar: /home/travis/build/icyphy/ptII/ptolemy/vergil/basic/imprt/fmu/fmu.jar
      [jar] Building jar: /home/travis/build/icyphy/ptII/ptolemy/vergil/basic/imprt/g4ltl/g4ltl.jar
      [jar] Building jar: /home/travis/build/icyphy/ptII/ptolemy/vergil/basic/imprt/g4ltl/demo/demo.jar
      [jar] Building jar: /home/travis/build/icyphy/ptII/ptolemy/vergil/basic/layout/layout.jar
      [jar] Building jar: /home/travis/build/icyphy/ptII/ptolemy/domains/domains.jar
      [jar] Building jar: /home/travis/build/icyphy/ptII/ptolemy/actor/parameters/demo/demo.jar
      [jar] Building jar: /home/travis/build/icyphy/ptII/ptolemy/matlab/matlab.jar
      [jar] Building jar: /home/travis/build/icyphy/ptII/ptolemy/matlab/demo/demo.jar
      [jar] Building jar: /home/travis/build/icyphy/ptII/doc/books/systems/vergil/vergil.jar
      [jar] Building jar: /home/travis/build/icyphy/ptII/doc/codeDoc.jar
      [jar] Building jar: /home/travis/build/icyphy/ptII/ptolemy/copernicus/copernicus.jar
      [jar] Building jar: /home/travis/build/icyphy/ptII/doc/design/design.jar
      [jar] Building jar: /home/travis/build/icyphy/ptII/doc/design/hyvisual.jar
      [jar] Building jar: /home/travis/build/icyphy/ptII/doc/design/visualsense.jar
      [jar] Building jar: /home/travis/build/icyphy/ptII/doc/img/img.jar
      [jar] Building jar: /home/travis/build/icyphy/ptII/doc/papers/papers.jar
      [jar] Building jar: /home/travis/build/icyphy/ptII/edu/umich/eecs/april/april.jar
      [jar] Building jar: /home/travis/build/icyphy/ptII/ptolemy/actor/gt/gt.jar
      [jar] Building jar: /home/travis/build/icyphy/ptII/ptolemy/actor/gt/demo/demo.jar
      [jar] Building jar: /home/travis/build/icyphy/ptII/ptolemy/actor/lib/io/comm/comm.jar
      [jar] Building jar: /home/travis/build/icyphy/ptII/ptolemy/actor/lib/io/comm/demo/demo.jar
      [jar] Building jar: /home/travis/build/icyphy/ptII/ptolemy/actor/lib/io/demo/demo.jar
      [jar] Building jar: /home/travis/build/icyphy/ptII/ptolemy/actor/lib/jai/jai.jar
      [jar] Building jar: /home/travis/build/icyphy/ptII/ptolemy/actor/lib/jai/demo/demo.jar
      [jar] Building jar: /home/travis/build/icyphy/ptII/ptolemy/actor/lib/jjs/jjs.jar
      [jar] Building jar: /home/travis/build/icyphy/ptII/ptolemy/actor/lib/jjs/demo/demo.jar
      [jar] Building jar: /home/travis/build/icyphy/ptII/ptolemy/actor/lib/jjs/modules/demo.jar
      [jar] Building jar: /home/travis/build/icyphy/ptII/ptolemy/actor/lib/jjs/modules/modules.jar
      [jar] Building jar: /home/travis/build/icyphy/ptII/ptolemy/actor/lib/jjs/node/node.jar
      [jar] Building jar: /home/travis/build/icyphy/ptII/ptolemy/actor/lib/jmf/jmf.jar
      [jar] Building jar: /home/travis/build/icyphy/ptII/ptolemy/actor/lib/jmf/demo/demo.jar
      [jar] Building jar: /home/travis/build/icyphy/ptII/ptolemy/actor/lib/joystick/joystick.jar
      [jar] Building jar: /home/travis/build/icyphy/ptII/ptolemy/actor/lib/mail/mail.jar
      [jar] Building jar: /home/travis/build/icyphy/ptII/ptolemy/actor/lib/mail/demo/demo.jar
      [jar] Building jar: /home/travis/build/icyphy/ptII/ptolemy/actor/lib/mbed/mbed.jar
      [jar] Building jar: /home/travis/build/icyphy/ptII/ptolemy/actor/ptalon/gt/gt.jar
      [jar] Building jar: /home/travis/build/icyphy/ptII/ptolemy/actor/ptalon/gt/demo/demo.jar
      [jar] Building jar: /home/travis/build/icyphy/ptII/ptolemy/caltrop/caltrop.jar
      [jar] Building jar: /home/travis/build/icyphy/ptII/ptolemy/caltrop/demo/demo.jar
      [jar] Building jar: /home/travis/build/icyphy/ptII/ptolemy/distributed/distributed.jar
      [jar] Building jar: /home/travis/build/icyphy/ptII/ptolemy/distributed/client/client.jar
      [jar] Building jar: /home/travis/build/icyphy/ptII/ptolemy/distributed/domains/sdf/sdf.jar
      [jar] Building jar: /home/travis/build/icyphy/ptII/ptolemy/distributed/demo/demo.jar
      [jar] Building jar: /home/travis/build/icyphy/ptII/ptolemy/demo/demo.jar
      [jar] Building jar: /home/travis/build/icyphy/ptII/ptolemy/demo/CapeCodeDemos.jar
      [jar] Building jar: /home/travis/build/icyphy/ptII/ptolemy/domains/experimentalDomains.jar
      [jar] Building jar: /home/travis/build/icyphy/ptII/ptolemy/domains/algebraic/algebraic.jar
      [jar] Building jar: /home/travis/build/icyphy/ptII/ptolemy/domains/algebraic/demo/demo.jar
      [jar] Building jar: /home/travis/build/icyphy/ptII/ptolemy/domains/atc/atc.jar
      [jar] Building jar: /home/travis/build/icyphy/ptII/ptolemy/domains/atc/kernel/kernel.jar
      [jar] Building jar: /home/travis/build/icyphy/ptII/ptolemy/domains/atc/demo/demo.jar
      [jar] Building jar: /home/travis/build/icyphy/ptII/ptolemy/domains/ca/ca.jar
      [jar] Building jar: /home/travis/build/icyphy/ptII/ptolemy/domains/ca/demo/demo.jar
      [jar] Building jar: /home/travis/build/icyphy/ptII/ptolemy/domains/ca/demo/Conway/Conway.jar
      [jar] Building jar: /home/travis/build/icyphy/ptII/ptolemy/domains/ca/demo/ConwayRandom/ConwayRandom.jar
      [jar] Building jar: /home/travis/build/icyphy/ptII/ptolemy/domains/ci/demo/demo.jar
      [jar] Building jar: /home/travis/build/icyphy/ptII/ptolemy/domains/ci/doc/doc.jar
      [jar] Building jar: /home/travis/build/icyphy/ptII/ptolemy/domains/csp/csp.jar
      [jar] Building jar: /home/travis/build/icyphy/ptII/ptolemy/domains/csp/demo/demo.jar
      [jar] Building jar: /home/travis/build/icyphy/ptII/ptolemy/domains/csp/doc/doc.jar
      [jar] Building jar: /home/travis/build/icyphy/ptII/ptolemy/domains/curriculum/curriculum.jar
      [jar] Building jar: /home/travis/build/icyphy/ptII/ptolemy/domains/dde/dde.jar
      [jar] Building jar: /home/travis/build/icyphy/ptII/ptolemy/domains/dde/demo/demo.jar
      [jar] Building jar: /home/travis/build/icyphy/ptII/ptolemy/domains/dde/doc/doc.jar
      [jar] Building jar: /home/travis/build/icyphy/ptII/ptolemy/domains/dt/demo/demo.jar
      [jar] Building jar: /home/travis/build/icyphy/ptII/ptolemy/domains/dt/doc/doc.jar
      [jar] Building jar: /home/travis/build/icyphy/ptII/ptolemy/domains/dt/dt.jar
      [jar] Building jar: /home/travis/build/icyphy/ptII/ptolemy/domains/fmima/fmima.jar
      [jar] Building jar: /home/travis/build/icyphy/ptII/ptolemy/domains/giotto/giotto.jar
      [jar] Building jar: /home/travis/build/icyphy/ptII/ptolemy/domains/giotto/demo/demo.jar
      [jar] Building jar: /home/travis/build/icyphy/ptII/ptolemy/domains/giotto/doc/doc.jar
      [jar] Building jar: /home/travis/build/icyphy/ptII/ptolemy/domains/gr/demo/demo.jar
      [jar] Building jar: /home/travis/build/icyphy/ptII/ptolemy/domains/gr/doc/doc.jar
      [jar] Building jar: /home/travis/build/icyphy/ptII/ptolemy/domains/psdf/psdf.jar
      [jar] Building jar: /home/travis/build/icyphy/ptII/ptolemy/domains/psdf/demo/demo.jar
      [jar] Building jar: /home/travis/build/icyphy/ptII/ptolemy/domains/psdf/demo/BlindCommunication/BlindCommunication.jar
      [jar] Building jar: /home/travis/build/icyphy/ptII/ptolemy/domains/psdf/doc/doc.jar
      [jar] Building jar: /home/travis/build/icyphy/ptII/ptolemy/domains/ptides/ptides.jar
      [jar] Building jar: /home/travis/build/icyphy/ptII/ptolemy/domains/ptides/demo/demo.jar
      [jar] Building jar: /home/travis/build/icyphy/ptII/ptolemy/domains/rendezvous/rendezvous.jar
      [jar] Building jar: /home/travis/build/icyphy/ptII/ptolemy/domains/sdf/lib/vq/data/data.jar
      [jar] Building jar: /home/travis/build/icyphy/ptII/ptolemy/domains/sdf/lib/vq/vq.jar
      [jar] Building jar: /home/travis/build/icyphy/ptII/ptolemy/domains/sdf/optimize/optimize.jar
      [jar] Building jar: /home/travis/build/icyphy/ptII/ptolemy/domains/sdf/optimize/demo/demo.jar
      [jar] Building jar: /home/travis/build/icyphy/ptII/ptolemy/domains/taskpt/taskpt.jar
      [jar] Building jar: /home/travis/build/icyphy/ptII/ptolemy/domains/taskpt/demo/demo.jar
      [jar] Building jar: /home/travis/build/icyphy/ptII/ptolemy/domains/taskpt/doc/doc.jar
      [jar] Building jar: /home/travis/build/icyphy/ptII/ptolemy/domains/tcs/tcs.jar
      [jar] Building jar: /home/travis/build/icyphy/ptII/ptolemy/domains/tcs/demo/demo.jar
      [jar] Building jar: /home/travis/build/icyphy/ptII/ptolemy/domains/tdl/tdl.jar
      [jar] Building jar: /home/travis/build/icyphy/ptII/ptolemy/domains/tdl/demo/demo.jar
      [jar] Building jar: /home/travis/build/icyphy/ptII/ptolemy/domains/tester/tester.jar
      [jar] Building jar: /home/travis/build/icyphy/ptII/ptolemy/domains/tm/demo/demo.jar
      [jar] Building jar: /home/travis/build/icyphy/ptII/ptolemy/domains/tm/doc/doc.jar
      [jar] Building jar: /home/travis/build/icyphy/ptII/ptolemy/domains/tm/tm.jar
      [jar] Building jar: /home/travis/build/icyphy/ptII/ptolemy/verification/verification.jar
      [jar] Building jar: /home/travis/build/icyphy/ptII/ptolemy/verification/demo/demo.jar
      [jar] Building jar: /home/travis/build/icyphy/ptII/ptolemy/domains/ptera/ptera.jar
      [jar] Building jar: /home/travis/build/icyphy/ptII/ptolemy/domains/ptera/demo/demo.jar
      [jar] Building jar: /home/travis/build/icyphy/ptII/ptolemy/domains/ptera/doc/doc.jar
      [jar] Building jar: /home/travis/build/icyphy/ptII/ptolemy/vergil/ptera/ptera.jar
      [jar] Building jar: /home/travis/build/icyphy/ptII/ptolemy/vergil/pdfrenderer/pdfrenderer.jar
      [jar] Building jar: /home/travis/build/icyphy/ptII/ptolemy/vergil/modal/fmv/fmv.jar
      [jar] Building jar: /home/travis/build/icyphy/ptII/ptolemy/vergil/modal/modal/modal.jar
      [jar] Building jar: /home/travis/build/icyphy/ptII/ptolemy/vergil/gt/gt.jar
      [jar] Building jar: /home/travis/build/icyphy/ptII/ptolemy/vergil/scr/scr.jar
      [jar] Building jar: /home/travis/build/icyphy/ptII/ptolemy/vergil/tdl/tdl.jar
      [jar] Building jar: /home/travis/build/icyphy/ptII/ptolemy/cg/cg.jar
      [jar] Building jar: /home/travis/build/icyphy/ptII/ptolemy/cg/cgAccessor.jar
      [jar] Building jar: /home/travis/build/icyphy/ptII/ptolemy/chic/chic.jar
      [jar] Building jar: /home/travis/build/icyphy/ptII/ptolemy/data/ontologies/ontologies.jar
      [jar] Building jar: /home/travis/build/icyphy/ptII/ptolemy/data/ontologies/demo/demo.jar
      [jar] Building jar: /home/travis/build/icyphy/ptII/ptolemy/vergil/ontologies/ontologies.jar
      [jar] Building MANIFEST-only jar: /home/travis/build/icyphy/ptII/ptolemy/domains/sequence/demo/demo.jar
      [jar] Building jar: /home/travis/build/icyphy/ptII/ptolemy/domains/sequence/sequence.jar
      [jar] Building jar: /home/travis/build/icyphy/ptII/ptolemy/domains/pthales/pthales.jar
      [jar] Building jar: /home/travis/build/icyphy/ptII/ptolemy/domains/pthales/demo/demo.jar
      [jar] Building jar: /home/travis/build/icyphy/ptII/ptolemy/actor/lib/database/database.jar
      [jar] Building jar: /home/travis/build/icyphy/ptII/ptolemy/domains/space/space.jar
      [jar] Building jar: /home/travis/build/icyphy/ptII/ant/apache-ant-license.jar
      [jar] Building jar: /home/travis/build/icyphy/ptII/com/cureos/cureos.jar
      [jar] Building jar: /home/travis/build/icyphy/ptII/com/jgoodies/jgoodies.jar
      [jar] Building jar: /home/travis/build/icyphy/ptII/com/jhlabs/jhlabs.jar
      [jar] Building jar: /home/travis/build/icyphy/ptII/org/hlacerti/hlacerti.jar
      [jar] Building jar: /home/travis/build/icyphy/ptII/org/json/json.jar
      [jar] Building jar: /home/travis/build/icyphy/ptII/org/mlc/mlc.jar
      [jar] Building jar: /home/travis/build/icyphy/ptII/org/ptolemy/classloading/classloading.jar
      [jar] Building jar: /home/travis/build/icyphy/ptII/org/ptolemy/commons/commons.jar
      [jar] Building jar: /home/travis/build/icyphy/ptII/org/ptolemy/fmi/fmi.jar
      [jar] Building jar: /home/travis/build/icyphy/ptII/org/ptolemy/faultModels/faultModels.jar
      [jar] Building jar: /home/travis/build/icyphy/ptII/org/ptolemy/machineImprovisation/machineImprovisation.jar
      [jar] Building jar: /home/travis/build/icyphy/ptII/org/ptolemy/machineImprovisation/demo/demo.jar
      [jar] Building jar: /home/travis/build/icyphy/ptII/org/ptolemy/machineLearning/machineLearning.jar
      [jar] Building jar: /home/travis/build/icyphy/ptII/org/ptolemy/machineLearning/particleFilter/particleFilter.jar
      [jar] Building jar: /home/travis/build/icyphy/ptII/org/ptolemy/opencv/opencv.jar
      [jar] Building jar: /home/travis/build/icyphy/ptII/org/ptolemy/optimization/optimization.jar
      [jar] Building jar: /home/travis/build/icyphy/ptII/org/ptolemy/osc/osc.jar
      [jar] Building jar: /home/travis/build/icyphy/ptII/org/ptolemy/qss/qss.jar
      [jar] Building jar: /home/travis/build/icyphy/ptII/org/ptolemy/qss/demo/demo.jar
      [jar] Building jar: /home/travis/build/icyphy/ptII/org/ptolemy/ssm/ssm.jar
      [jar] Building jar: /home/travis/build/icyphy/ptII/org/terraswarm/accessor/accessor.jar
      [jar] Building jar: /home/travis/build/icyphy/ptII/org/terraswarm/accessor/accessors/accessors.jar
      [jar] Building jar: /home/travis/build/icyphy/ptII/org/terraswarm/accessor/demo/demo.jar
      [jar] Building jar: /home/travis/build/icyphy/ptII/org/terraswarm/ros/demo/demo.jar
      [jar] Building jar: /home/travis/build/icyphy/ptII/ptolemy/actor/gui/ptjacl/ptjacl.jar
      [jar] Building jar: /home/travis/build/icyphy/ptII/ptolemy/actor/gui/run/run.jar
      [jar] Building jar: /home/travis/build/icyphy/ptII/ptolemy/actor/gui/syntax/syntax.jar
      [jar] Building jar: /home/travis/build/icyphy/ptII/ptolemy/domains/wireless/wireless.jar
      [jar] Building jar: /home/travis/build/icyphy/ptII/ptolemy/domains/wireless/demo/demo.jar
      [jar] Building jar: /home/travis/build/icyphy/ptII/ptolemy/domains/wireless/doc/doc.jar
      [jar] Building jar: /home/travis/build/icyphy/ptII/doc/codeDocBcvtb.jar
      [jar] Building jar: /home/travis/build/icyphy/ptII/doc/codeDocCapeCode.jar
      [jar] Building jar: /home/travis/build/icyphy/ptII/doc/codeDocHyVisual.jar
      [jar] Building jar: /home/travis/build/icyphy/ptII/ptolemy/domains/continuous/continuous.jar
      [jar] Building jar: /home/travis/build/icyphy/ptII/ptolemy/domains/de/de.jar
      [jar] Building jar: /home/travis/build/icyphy/ptII/ptolemy/domains/gr/gr.jar
      [jar] Building jar: /home/travis/build/icyphy/ptII/ptolemy/domains/modal/kernel/fmv/fmv.jar
      [jar] Building jar: /home/travis/build/icyphy/ptII/ptolemy/domains/modal/modal.jar
      [jar] Building jar: /home/travis/build/icyphy/ptII/ptolemy/domains/modal/modal/modal.jar
      [jar] Building jar: /home/travis/build/icyphy/ptII/ptolemy/domains/sdf/lib/lib.jar
      [jar] Building jar: /home/travis/build/icyphy/ptII/ptolemy/domains/sdf/kernel/kernel.jar
      [jar] Building jar: /home/travis/build/icyphy/ptII/ptolemy/domains/sr/sr.jar
      [jar] Building jar: /home/travis/build/icyphy/ptII/ptolemy/domains/continuous/demo/demo.jar
      [jar] Building jar: /home/travis/build/icyphy/ptII/ptolemy/domains/continuous/demo/TwoMachineInfiniteBusControl/TwoMachineInfiniteBusControl.jar
      [jar] Building jar: /home/travis/build/icyphy/ptII/ptolemy/domains/continuous/doc/doc.jar
      [jar] Building jar: /home/travis/build/icyphy/ptII/ptolemy/domains/modal/doc/doc.jar
      [jar] Building jar: /home/travis/build/icyphy/ptII/ptolemy/domains/metroII/metroII.jar
      [jar] Building jar: /home/travis/build/icyphy/ptII/ptolemy/domains/metroII/demo/demo.jar
      [jar] Building jar: /home/travis/build/icyphy/ptII/ptolemy/domains/modal/demo/demo.jar
      [jar] Building jar: /home/travis/build/icyphy/ptII/ptolemy/domains/petrinet/petrinet.jar
      [jar] Building jar: /home/travis/build/icyphy/ptII/ptolemy/domains/petrinet/demo/demo.jar
      [jar] Building jar: /home/travis/build/icyphy/ptII/ptolemy/domains/petrinet/demo/PetriNetDiningPhilosophers/PetriNetDiningPhilosophers.jar
      [jar] Building jar: /home/travis/build/icyphy/ptII/ptolemy/domains/scr/scr.jar
      [jar] Building jar: /home/travis/build/icyphy/ptII/ptolemy/domains/scr/demo/demo.jar
      [jar] Building jar: /home/travis/build/icyphy/ptII/ptolemy/domains/sdf/demo/demo.jar
      [jar] Building jar: /home/travis/build/icyphy/ptII/ptolemy/domains/sdf/doc/doc.jar
      [jar] Building jar: /home/travis/build/icyphy/ptII/ptolemy/actor/lib/comm/demo/demo.jar
      [jar] Building jar: /home/travis/build/icyphy/ptII/ptolemy/actor/lib/conversions/json/json.jar
      [jar] Building jar: /home/travis/build/icyphy/ptII/ptolemy/actor/lib/fmi/demo/demo.jar
      [jar] Building jar: /home/travis/build/icyphy/ptII/ptolemy/actor/lib/fmi/fmi.jar
      [jar] Building jar: /home/travis/build/icyphy/ptII/ptolemy/actor/lib/gem5/gem5.jar
      [jar] Building jar: /home/travis/build/icyphy/ptII/ptolemy/actor/lib/gem5/demo/demo.jar
      [jar] Building jar: /home/travis/build/icyphy/ptII/ptolemy/actor/lib/hoc/demo/demo.jar
      [jar] Building jar: /home/travis/build/icyphy/ptII/ptolemy/actor/lib/javasound/demo/demo.jar
      [jar] Building jar: /home/travis/build/icyphy/ptII/ptolemy/data/type/demo/demo.jar
      [jar] Building jar: /home/travis/build/icyphy/ptII/ptolemy/data/unit/demo/demo.jar
      [jar] Building jar: /home/travis/build/icyphy/ptII/ptolemy/moml/demo/demo.jar
      [jar] Building jar: /home/travis/build/icyphy/ptII/ptolemy/vergil/kernel/attributes/attributes.jar
      [jar] Building jar: /home/travis/build/icyphy/ptII/ptolemy/vergil/kernel/attributes/demo/demo.jar
      [jar] Building jar: /home/travis/build/icyphy/ptII/lbnl/lbnl.jar
      [jar] Building jar: /home/travis/build/icyphy/ptII/lbnl/demo/demo.jar
      [jar] Building jar: /home/travis/build/icyphy/ptII/doc/codeDocViptos.jar
      [jar] Building jar: /home/travis/build/icyphy/ptII/ptolemy/domains/ptinyos/ptinyos.jar
      [jar] Building jar: /home/travis/build/icyphy/ptII/ptolemy/domains/ptinyos/demo/demo.jar
      [jar] Building jar: /home/travis/build/icyphy/ptII/ptolemy/domains/ptinyos/doc/doc.jar
      [jar] Building jar: /home/travis/build/icyphy/ptII/ptolemy/domains/qss/qss.jar
      [jar] Building jar: /home/travis/build/icyphy/ptII/ptolemy/domains/qss/demo/demo.jar
      [jar] Building jar: /home/travis/build/icyphy/ptII/doc/codeDocVisualSense.jar
      [jar] Building jar: /home/travis/build/icyphy/ptII/ptolemy/actor/lib/aspect/aspect.jar
      [jar] Building jar: /home/travis/build/icyphy/ptII/ptolemy/actor/lib/aspect/demo/demo.jar
      [jar] Building jar: /home/travis/build/icyphy/ptII/ptolemy/actor/lib/colt/colt.jar
      [jar] Building jar: /home/travis/build/icyphy/ptII/ptolemy/actor/lib/colt/demo/demo.jar
      [jar] Building jar: /home/travis/build/icyphy/ptII/ptolemy/actor/lib/python/python.jar
      [jar] Building jar: /home/travis/build/icyphy/ptII/ptolemy/actor/lib/python/demo/demo.jar
      [jar] Building jar: /home/travis/build/icyphy/ptII/ptolemy/actor/lib/r/r.jar
      [jar] Building jar: /home/travis/build/icyphy/ptII/ptolemy/actor/lib/r/demo/demo.jar
      [jar] Building jar: /home/travis/build/icyphy/ptII/ptolemy/actor/lib/security/demo/demo.jar
      [jar] Building jar: /home/travis/build/icyphy/ptII/ptolemy/actor/ptalon/demo/demo.jar
      [jar] Building jar: /home/travis/build/icyphy/ptII/ptolemy/actor/ptalon/ptalon.jar
      [jar] Building jar: /home/travis/build/icyphy/ptII/ptolemy/domains/ddf/demo/demo.jar
      [jar] Building jar: /home/travis/build/icyphy/ptII/ptolemy/domains/ddf/doc/doc.jar
      [jar] Building jar: /home/travis/build/icyphy/ptII/ptolemy/domains/de/demo/demo.jar
      [jar] Building jar: /home/travis/build/icyphy/ptII/ptolemy/domains/de/doc/doc.jar
      [jar] Building jar: /home/travis/build/icyphy/ptII/ptolemy/domains/de/lib/aspect/aspect.jar
      [jar] Building jar: /home/travis/build/icyphy/ptII/ptolemy/domains/hdf/demo/demo.jar
      [jar] Building jar: /home/travis/build/icyphy/ptII/ptolemy/domains/hdf/doc/doc.jar
      [jar] Building jar: /home/travis/build/icyphy/ptII/ptolemy/domains/pn/demo/demo.jar
      [jar] Building jar: /home/travis/build/icyphy/ptII/ptolemy/domains/pn/doc/doc.jar
      [jar] Building jar: /home/travis/build/icyphy/ptII/ptolemy/domains/rendezvous/demo/demo.jar
      [jar] Building jar: /home/travis/build/icyphy/ptII/ptolemy/domains/rendezvous/doc/doc.jar
      [jar] Building jar: /home/travis/build/icyphy/ptII/ptolemy/domains/sr/demo/demo.jar
      [jar] Building jar: /home/travis/build/icyphy/ptII/ptolemy/domains/sr/doc/doc.jar
      [jar] Building jar: /home/travis/build/icyphy/ptII/doc/design/usingVergil/usingVergil.jar
      [jar] Building jar: /home/travis/build/icyphy/ptII/ptolemy/domains/ci/ci.jar
      [jar] Building jar: /home/travis/build/icyphy/ptII/ptolemy/domains/hdf/hdf.jar
      [jar] Building jar: /home/travis/build/icyphy/ptII/ptolemy/domains/pn/pn.jar
      [jar] Building jar: /home/travis/build/icyphy/ptII/ptolemy/domains/sdf/sdf.jar
      [jar] Building jar: /home/travis/build/icyphy/ptII/ptolemy/vergil/vergilApplet.jar
      [jar] Building jar: /home/travis/build/icyphy/ptII/ptolemy/domains/ddf/ddf.jar
      [jar] Building jar: /home/travis/build/icyphy/ptII/ptolemy/plot/plotapplication.jar
      [jar] Building jar: /home/travis/build/icyphy/ptII/ptolemy/actor/gui/jnlp/BCVTBApplication.jar
      [jar] Building jar: /home/travis/build/icyphy/ptII/ptolemy/actor/gui/jnlp/CapeCodeApplication.jar
      [jar] Building jar: /home/travis/build/icyphy/ptII/ptolemy/actor/gui/jnlp/CyPhySimApplication.jar
      [jar] Building jar: /home/travis/build/icyphy/ptII/ptolemy/actor/gui/jnlp/DSPApplication.jar
      [jar] Building jar: /home/travis/build/icyphy/ptII/ptolemy/actor/gui/jnlp/PtinyApplication.jar
      [jar] Building jar: /home/travis/build/icyphy/ptII/ptolemy/actor/gui/jnlp/PtinyKeplerApplication.jar
      [jar] Building jar: /home/travis/build/icyphy/ptII/ptolemy/actor/gui/jnlp/PtinySandboxApplication.jar
      [jar] Building jar: /home/travis/build/icyphy/ptII/ptolemy/actor/gui/jnlp/FullApplication.jar
      [jar] Building jar: /home/travis/build/icyphy/ptII/ptolemy/actor/gui/jnlp/SpaceApplication.jar
      [jar] Building jar: /home/travis/build/icyphy/ptII/ptolemy/actor/gui/jnlp/HyVisualApplication.jar
      [jar] Building jar: /home/travis/build/icyphy/ptII/ptolemy/actor/gui/jnlp/ViptosApplication.jar
      [jar] Building jar: /home/travis/build/icyphy/ptII/ptolemy/actor/gui/jnlp/VisualSenseApplication.jar
      [jar] Building jar: /home/travis/build/icyphy/ptII/lbnl/demo/CRoom/CRoom.jar
      [jar] Building jar: /home/travis/build/icyphy/ptII/lbnl/demo/MatlabRoom/MatlabRoom.jar
      [jar] Building jar: /home/travis/build/icyphy/ptII/lbnl/demo/SystemCommand/SystemCommand.jar
      [jar] Building jar: /home/travis/build/icyphy/ptII/org/ptolemy/machineLearning/particleFilter/demo/OnlineTrajectoryOptimization/OnlineTrajectoryOptimization.jar
      [jar] Building jar: /home/travis/build/icyphy/ptII/org/ptolemy/machineLearning/particleFilter/demo/OpenLoopSingleRobotTargetLocalization/OpenLoopSingleRobotTargetLocalization.jar
      [jar] Building jar: /home/travis/build/icyphy/ptII/org/ptolemy/machineLearning/particleFilter/demo/OpenLoopTwoRobotTargetLocalization/OpenLoopTwoRobotTargetLocalization.jar
      [jar] Building jar: /home/travis/build/icyphy/ptII/org/ptolemy/optimization/demo/LinearRegression/LinearRegression.jar
      [jar] Building jar: /home/travis/build/icyphy/ptII/org/ptolemy/optimization/demo/SimpleOptimization/SimpleOptimization.jar
      [jar] Building jar: /home/travis/build/icyphy/ptII/org/ptolemy/qss/demo/RLC/RLC.jar
      [jar] Building jar: /home/travis/build/icyphy/ptII/ptolemy/actor/gt/demo/BouncingBallX2/BouncingBallX2.jar
      [jar] Building jar: /home/travis/build/icyphy/ptII/ptolemy/actor/gt/demo/ConstOptimization/ConstOptimization.jar
      [jar] Building jar: /home/travis/build/icyphy/ptII/ptolemy/actor/gt/demo/DiningPhilosophers/DiningPhilosophers.jar
      [jar] Building jar: /home/travis/build/icyphy/ptII/ptolemy/actor/gt/demo/GameOfLife/GameOfLife.jar
      [jar] Building jar: /home/travis/build/icyphy/ptII/ptolemy/actor/gt/demo/HierarchyFlattening/HierarchyFlattening.jar
      [jar] Building jar: /home/travis/build/icyphy/ptII/ptolemy/actor/gt/demo/MapReduce/MapReduce.jar
      [jar] Building jar: /home/travis/build/icyphy/ptII/ptolemy/actor/gt/demo/ModelExecution/ModelExecution.jar
      [jar] Building jar: /home/travis/build/icyphy/ptII/ptolemy/actor/gt/demo/ModelGeneration/ModelGeneration.jar
      [jar] Building jar: /home/travis/build/icyphy/ptII/ptolemy/actor/gt/demo/PublisherTest/PublisherTest.jar
      [jar] Building jar: /home/travis/build/icyphy/ptII/ptolemy/actor/gt/demo/RegressionTest/RegressionTest.jar
      [jar] Building jar: /home/travis/build/icyphy/ptII/ptolemy/actor/gt/demo/SinewaveOptimization/SinewaveOptimization.jar
      [jar] Building jar: /home/travis/build/icyphy/ptII/ptolemy/actor/lib/colt/demo/ColtRandom/ColtRandom.jar
      [jar] Building jar: /home/travis/build/icyphy/ptII/ptolemy/actor/lib/comm/demo/ConvolutionalCoder/ConvolutionalCoder.jar
      [jar] Building jar: /home/travis/build/icyphy/ptII/ptolemy/actor/lib/comm/demo/Scrambler/Scrambler.jar
      [jar] Building jar: /home/travis/build/icyphy/ptII/ptolemy/actor/lib/comm/demo/TrellisDecoder/TrellisDecoder.jar
      [jar] Building jar: /home/travis/build/icyphy/ptII/ptolemy/actor/lib/comm/demo/ViterbiDecoder/ViterbiDecoder.jar
      [jar] Building jar: /home/travis/build/icyphy/ptII/ptolemy/actor/lib/fmi/demo/FMUBouncingBall/FMUBouncingBall.jar
      [jar] Building jar: /home/travis/build/icyphy/ptII/ptolemy/actor/lib/fmi/demo/FMULevelStairs/FMULevelStairs.jar
      [jar] Building jar: /home/travis/build/icyphy/ptII/ptolemy/actor/lib/fmi/demo/FMUSimulationX/FMUSimulationX.jar
      [jar] Building jar: /home/travis/build/icyphy/ptII/ptolemy/actor/lib/fmi/demo/FMUStairs/FMUStairs.jar
      [jar] Building jar: /home/travis/build/icyphy/ptII/ptolemy/actor/lib/fmi/demo/FMUTwoBallCollision/FMUTwoBallCollision.jar
      [jar] Building jar: /home/travis/build/icyphy/ptII/ptolemy/actor/lib/hoc/demo/ApplyFFT/ApplyFFT.jar
      [jar] Building jar: /home/travis/build/icyphy/ptII/ptolemy/actor/lib/hoc/demo/Case/Case.jar
      [jar] Building jar: /home/travis/build/icyphy/ptII/ptolemy/actor/lib/hoc/demo/DFTSubSet/DFTSubSet.jar
      [jar] Building jar: /home/travis/build/icyphy/ptII/ptolemy/actor/lib/hoc/demo/HocDE/HocDE.jar
      [jar] Building jar: /home/travis/build/icyphy/ptII/ptolemy/actor/lib/hoc/demo/IterateOverArray/IterateOverArray.jar
      [jar] Building jar: /home/travis/build/icyphy/ptII/ptolemy/actor/lib/hoc/demo/MobileFunction/MobileFunction.jar
      [jar] Building jar: /home/travis/build/icyphy/ptII/ptolemy/actor/lib/hoc/demo/ModelReference/ModelReference.jar
      [jar] Building jar: /home/travis/build/icyphy/ptII/ptolemy/actor/lib/hoc/demo/ThreadedComposite/ThreadedComposite.jar
      [jar] Building jar: /home/travis/build/icyphy/ptII/ptolemy/actor/lib/io/comm/demo/SerialPort/SerialPort.jar
      [jar] Building jar: /home/travis/build/icyphy/ptII/ptolemy/actor/lib/io/demo/AppendToFile/AppendToFile.jar
      [jar] Building jar: /home/travis/build/icyphy/ptII/ptolemy/actor/lib/io/demo/CopyFile/CopyFile.jar
      [jar] Building jar: /home/travis/build/icyphy/ptII/ptolemy/actor/lib/io/demo/FilePortParameter/FilePortParameter.jar
      [jar] Building jar: /home/travis/build/icyphy/ptII/ptolemy/actor/lib/io/demo/ReadExpressionsCommandLine/ReadExpressionsCommandLine.jar
      [jar] Building jar: /home/travis/build/icyphy/ptII/ptolemy/actor/lib/io/demo/ReadStdIn/ReadStdIn.jar
      [jar] Building jar: /home/travis/build/icyphy/ptII/ptolemy/actor/lib/jai/demo/AdaptiveMedian/AdaptiveMedian.jar
      [jar] Building jar: /home/travis/build/icyphy/ptII/ptolemy/actor/lib/jai/demo/ImageReconstruction/ImageReconstruction.jar
      [jar] Building jar: /home/travis/build/icyphy/ptII/ptolemy/actor/lib/jai/demo/VQSequenceDisplay/VQSequenceDisplay.jar
      [jar] Building jar: /home/travis/build/icyphy/ptII/ptolemy/actor/lib/javasound/demo/KarplusStrong/KarplusStrong.jar
      [jar] Building MANIFEST-only jar: /home/travis/build/icyphy/ptII/ptolemy/actor/lib/jmf/demo/JMFJAI/JMFJAI.jar
      [jar] Building jar: /home/travis/build/icyphy/ptII/ptolemy/actor/lib/jmf/demo/VideoCapture/VideoCapture.jar
      [jar] Building jar: /home/travis/build/icyphy/ptII/ptolemy/actor/lib/python/demo/Ptolemnizer/Ptolemnizer.jar
      [jar] Building jar: /home/travis/build/icyphy/ptII/ptolemy/actor/lib/python/demo/PythonScale/PythonScale.jar
      [jar] Building jar: /home/travis/build/icyphy/ptII/ptolemy/actor/lib/python/demo/RecordManipulation/RecordManipulation.jar
      [jar] Building jar: /home/travis/build/icyphy/ptII/ptolemy/actor/lib/security/demo/Signature/Signature.jar
      [jar] Building jar: /home/travis/build/icyphy/ptII/ptolemy/actor/parameters/demo/Bouncer/Bouncer.jar
      [jar] Building jar: /home/travis/build/icyphy/ptII/ptolemy/actor/parameters/demo/SliderParameter/SliderParameter.jar
      [jar] Building jar: /home/travis/build/icyphy/ptII/ptolemy/actor/ptalon/demo/CruiseControl/CruiseControl.jar
      [jar] Building jar: /home/travis/build/icyphy/ptII/ptolemy/actor/ptalon/demo/EightChannelFFT/EightChannelFFT.jar
      [jar] Building jar: /home/travis/build/icyphy/ptII/ptolemy/actor/ptalon/demo/GameOfLife/GameOfLife.jar
      [jar] Building jar: /home/travis/build/icyphy/ptII/ptolemy/actor/ptalon/demo/MapReduce/MapReduce.jar
      [jar] Building jar: /home/travis/build/icyphy/ptII/ptolemy/actor/ptalon/demo/SmallWorld/SmallWorld.jar
      [jar] Building jar: /home/travis/build/icyphy/ptII/ptolemy/actor/ptalon/demo/Unicycle/Unicycle.jar
      [jar] Building jar: /home/travis/build/icyphy/ptII/ptolemy/actor/ptalon/gt/demo/Adder/Adder.jar
      [jar] Building jar: /home/travis/build/icyphy/ptII/ptolemy/caltrop/demo/FunctionClosures/FunctionClosures.jar
      [jar] Building jar: /home/travis/build/icyphy/ptII/ptolemy/caltrop/demo/FunctionDefinition/FunctionDefinition.jar
      [jar] Building jar: /home/travis/build/icyphy/ptII/ptolemy/caltrop/demo/Primes/Primes.jar
      [jar] Building jar: /home/travis/build/icyphy/ptII/ptolemy/caltrop/demo/SDFDDI/SDFDDI.jar
      [jar] Building jar: /home/travis/build/icyphy/ptII/ptolemy/cg/lib/demo/CompiledCompositeActor/CompiledCompositeActor.jar
      [jar] Building jar: /home/travis/build/icyphy/ptII/ptolemy/cg/lib/demo/DECG/DECG.jar
      [jar] Building jar: /home/travis/build/icyphy/ptII/ptolemy/cg/lib/demo/ModularCG/ModularCG.jar
      [jar] Building jar: /home/travis/build/icyphy/ptII/ptolemy/cg/lib/demo/ModularCGPubSub/ModularCGPubSub.jar
      [jar] Building jar: /home/travis/build/icyphy/ptII/ptolemy/cg/lib/demo/Scale/Scale.jar
      [jar] Building jar: /home/travis/build/icyphy/ptII/ptolemy/configs/doc/doc.jar
      [jar] Building jar: /home/travis/build/icyphy/ptII/ptolemy/data/ontologies/demo/CarTracking/CarTracking.jar
      [jar] Building jar: /home/travis/build/icyphy/ptII/ptolemy/data/ontologies/demo/ConstAbstractInterpretation/ConstAbstractInterpretation.jar
      [jar] Building jar: /home/travis/build/icyphy/ptII/ptolemy/data/ontologies/demo/ConstNonconst/ConstNonconst.jar
      [jar] Building jar: /home/travis/build/icyphy/ptII/ptolemy/data/ontologies/demo/MonotonicityAnalysis/MonotonicityAnalysis.jar
      [jar] Building jar: /home/travis/build/icyphy/ptII/ptolemy/data/type/demo/Objects/Objects.jar
      [jar] Building jar: /home/travis/build/icyphy/ptII/ptolemy/data/type/demo/Router/Router.jar
      [jar] Building jar: /home/travis/build/icyphy/ptII/ptolemy/data/unit/demo/StaticUnits/StaticUnits.jar
      [jar] Building jar: /home/travis/build/icyphy/ptII/ptolemy/data/unit/demo/Units/Units.jar
      [jar] Building jar: /home/travis/build/icyphy/ptII/ptolemy/demo/AirManagementSystem/AirManagementSystem.jar
      [jar] Building jar: /home/travis/build/icyphy/ptII/ptolemy/demo/ElectricPowerSystem/ElectricPowerSystem.jar
      [jar] Building jar: /home/travis/build/icyphy/ptII/ptolemy/demo/ExecDemos/ExecDemos.jar
      [jar] Building jar: /home/travis/build/icyphy/ptII/ptolemy/demo/ExecDemos/Demos/Demos.jar
      [jar] Building jar: /home/travis/build/icyphy/ptII/ptolemy/demo/FuelSystem/FuelSystem.jar
      [jar] Building jar: /home/travis/build/icyphy/ptII/ptolemy/demo/Office/Office.jar
      [jar] Building jar: /home/travis/build/icyphy/ptII/ptolemy/demo/ProbabilisticModels/ProbabilisticModels.jar
      [jar] Building jar: /home/travis/build/icyphy/ptII/ptolemy/demo/Quarry/Quarry.jar
      [jar] Building jar: /home/travis/build/icyphy/ptII/ptolemy/distributed/demo/Sleep/Sleep.jar
      [jar] Building jar: /home/travis/build/icyphy/ptII/ptolemy/domains/algebraic/demo/HeaterOpenTank/HeaterOpenTank.jar
      [jar] Building jar: /home/travis/build/icyphy/ptII/ptolemy/domains/algebraic/demo/RLC/RLC.jar
      [jar] Building jar: /home/travis/build/icyphy/ptII/ptolemy/domains/ci/demo/Router/Router.jar
      [jar] Building jar: /home/travis/build/icyphy/ptII/ptolemy/domains/continuous/demo/BouncingBall/BouncingBall.jar
      [jar] Building jar: /home/travis/build/icyphy/ptII/ptolemy/domains/continuous/demo/Brownian/Brownian.jar
      [jar] Building jar: /home/travis/build/icyphy/ptII/ptolemy/domains/continuous/demo/CarTracking/CarTracking.jar
      [jar] Building jar: /home/travis/build/icyphy/ptII/ptolemy/domains/continuous/demo/CartPendulum/CartPendulum.jar
      [jar] Building jar: /home/travis/build/icyphy/ptII/ptolemy/domains/continuous/demo/ComparedClocks/ComparedClocks.jar
      [jar] Building jar: /home/travis/build/icyphy/ptII/ptolemy/domains/continuous/demo/ContinuousInsideDE/ContinuousInsideDE.jar
      [jar] Building jar: /home/travis/build/icyphy/ptII/ptolemy/domains/continuous/demo/DCMotor/DCMotor.jar
      [jar] Building jar: /home/travis/build/icyphy/ptII/ptolemy/domains/continuous/demo/Derivative/Derivative.jar
      [jar] Building jar: /home/travis/build/icyphy/ptII/ptolemy/domains/continuous/demo/Friction/Friction.jar
      [jar] Building jar: /home/travis/build/icyphy/ptII/ptolemy/domains/continuous/demo/FurutaPendulum/FurutaPendulum.jar
      [jar] Building jar: /home/travis/build/icyphy/ptII/ptolemy/domains/continuous/demo/HierarchicalExecution/HierarchicalExecution.jar
      [jar] Building jar: /home/travis/build/icyphy/ptII/ptolemy/domains/continuous/demo/HybridPlant/HybridPlant.jar
      [jar] Building jar: /home/travis/build/icyphy/ptII/ptolemy/domains/continuous/demo/Hysteresis/Hysteresis.jar
      [jar] Building jar: /home/travis/build/icyphy/ptII/ptolemy/domains/continuous/demo/LevelCrossingDetector/LevelCrossingDetector.jar
      [jar] Building jar: /home/travis/build/icyphy/ptII/ptolemy/domains/continuous/demo/LevelCrossingDetectorDetectsGlitches/LevelCrossingDetectorDetectsGlitches.jar
      [jar] Building jar: /home/travis/build/icyphy/ptII/ptolemy/domains/continuous/demo/Lorenz/Lorenz.jar
      [jar] Building jar: /home/travis/build/icyphy/ptII/ptolemy/domains/continuous/demo/NewtonsCradle/NewtonsCradle.jar
      [jar] Building jar: /home/travis/build/icyphy/ptII/ptolemy/domains/continuous/demo/Noise/Noise.jar
      [jar] Building jar: /home/travis/build/icyphy/ptII/ptolemy/domains/continuous/demo/Pendulum3D/Pendulum3D.jar
      [jar] Building jar: /home/travis/build/icyphy/ptII/ptolemy/domains/continuous/demo/Poisson/Poisson.jar
      [jar] Building jar: /home/travis/build/icyphy/ptII/ptolemy/domains/continuous/demo/SampledClocks/SampledClocks.jar
      [jar] Building jar: /home/travis/build/icyphy/ptII/ptolemy/domains/continuous/demo/Satellite/Satellite.jar
      [jar] Building jar: /home/travis/build/icyphy/ptII/ptolemy/domains/continuous/demo/SigmaDelta/SigmaDelta.jar
      [jar] Building jar: /home/travis/build/icyphy/ptII/ptolemy/domains/continuous/demo/SinuBouncingBall/SinuBouncingBall.jar
      [jar] Building jar: /home/travis/build/icyphy/ptII/ptolemy/domains/continuous/demo/Sinusoid/Sinusoid.jar
      [jar] Building jar: /home/travis/build/icyphy/ptII/ptolemy/domains/continuous/demo/SquareWave/SquareWave.jar
      [jar] Building jar: /home/travis/build/icyphy/ptII/ptolemy/domains/continuous/demo/Starmac/Starmac.jar
      [jar] Building jar: /home/travis/build/icyphy/ptII/ptolemy/domains/continuous/demo/StickyMasses/StickyMasses.jar
      [jar] Building jar: /home/travis/build/icyphy/ptII/ptolemy/domains/continuous/demo/Switch/Switch.jar
      [jar] Building jar: /home/travis/build/icyphy/ptII/ptolemy/domains/continuous/demo/Thermostat/Thermostat.jar
      [jar] Building jar: /home/travis/build/icyphy/ptII/ptolemy/domains/continuous/demo/Transmission/Transmission.jar
      [jar] Building jar: /home/travis/build/icyphy/ptII/ptolemy/domains/continuous/demo/V2V/V2V.jar
      [jar] Building jar: /home/travis/build/icyphy/ptII/ptolemy/domains/csp/demo/Barrier/Barrier.jar
      [jar] Building jar: /home/travis/build/icyphy/ptII/ptolemy/domains/csp/demo/ResourcePool/ResourcePool.jar
      [jar] Building jar: /home/travis/build/icyphy/ptII/ptolemy/domains/csp/demo/WriteRegulator/WriteRegulator.jar
      [jar] Building jar: /home/travis/build/icyphy/ptII/ptolemy/domains/curriculum/demo/Curriculum/Curriculum.jar
      [jar] Building jar: /home/travis/build/icyphy/ptII/ptolemy/domains/dde/demo/LocalZeno/LocalZeno.jar
      [jar] Building jar: /home/travis/build/icyphy/ptII/ptolemy/domains/ddf/demo/Eratosthenes/Eratosthenes.jar
      [jar] Building jar: /home/travis/build/icyphy/ptII/ptolemy/domains/ddf/demo/Factorial/Factorial.jar
      [jar] Building jar: /home/travis/build/icyphy/ptII/ptolemy/domains/ddf/demo/HanoiTower/HanoiTower.jar
      [jar] Building jar: /home/travis/build/icyphy/ptII/ptolemy/domains/ddf/demo/IfThenElse/IfThenElse.jar
      [jar] Building jar: /home/travis/build/icyphy/ptII/ptolemy/domains/ddf/demo/Loop/Loop.jar
      [jar] Building jar: /home/travis/build/icyphy/ptII/ptolemy/domains/ddf/demo/OrderedMerge/OrderedMerge.jar
      [jar] Building jar: /home/travis/build/icyphy/ptII/ptolemy/domains/ddf/demo/RandomWalk/RandomWalk.jar
      [jar] Building jar: /home/travis/build/icyphy/ptII/ptolemy/domains/ddf/demo/RijndaelEncryption/RijndaelEncryption.jar
      [jar] Building jar: /home/travis/build/icyphy/ptII/ptolemy/domains/de/demo/AssemblyLine/AssemblyLine.jar
      [jar] Building jar: /home/travis/build/icyphy/ptII/ptolemy/domains/de/demo/Clock/Clock.jar
      [jar] Building jar: /home/travis/build/icyphy/ptII/ptolemy/domains/de/demo/ClockDrift/ClockDrift.jar
      [jar] Building jar: /home/travis/build/icyphy/ptII/ptolemy/domains/de/demo/Inspection/Inspection.jar
      [jar] Building jar: /home/travis/build/icyphy/ptII/ptolemy/domains/de/demo/LongRuns/LongRuns.jar
      [jar] Building jar: /home/travis/build/icyphy/ptII/ptolemy/domains/de/demo/ModalModel/ModalModel.jar
      [jar] Building jar: /home/travis/build/icyphy/ptII/ptolemy/domains/de/demo/OpenQueueingNetwork/OpenQueueingNetwork.jar
      [jar] Building jar: /home/travis/build/icyphy/ptII/ptolemy/domains/de/demo/QueueAndServer/QueueAndServer.jar
      [jar] Building jar: /home/travis/build/icyphy/ptII/ptolemy/domains/de/demo/RealTimeComposite/RealTimeComposite.jar
      [jar] Building jar: /home/travis/build/icyphy/ptII/ptolemy/domains/de/demo/SmartSender/SmartSender.jar
      [jar] Building jar: /home/travis/build/icyphy/ptII/ptolemy/domains/de/demo/TimingParadox/TimingParadox.jar
      [jar] Building jar: /home/travis/build/icyphy/ptII/ptolemy/domains/de/demo/Trilateration/Trilateration.jar
      [jar] Building jar: /home/travis/build/icyphy/ptII/ptolemy/domains/de/demo/VariableDelay/VariableDelay.jar
      [jar] Building jar: /home/travis/build/icyphy/ptII/ptolemy/domains/dt/demo/Eye/Eye.jar
      [jar] Building jar: /home/travis/build/icyphy/ptII/ptolemy/domains/giotto/demo/Composite/Composite.jar
      [jar] Building jar: /home/travis/build/icyphy/ptII/ptolemy/domains/giotto/demo/Hierarchy/Hierarchy.jar
      [jar] Building jar: /home/travis/build/icyphy/ptII/ptolemy/domains/giotto/demo/Multimode/Multimode.jar
      [jar] Building jar: /home/travis/build/icyphy/ptII/ptolemy/domains/giotto/demo/Simple/Simple.jar
      [jar] Building jar: /home/travis/build/icyphy/ptII/ptolemy/domains/gr/demo/FurutaPendulum/FurutaPendulum.jar
      [jar] Building jar: /home/travis/build/icyphy/ptII/ptolemy/domains/gr/demo/Helen/Helen.jar
      [jar] Building jar: /home/travis/build/icyphy/ptII/ptolemy/domains/gr/demo/Pendulum/Pendulum.jar
      [jar] Building jar: /home/travis/build/icyphy/ptII/ptolemy/domains/gr/demo/Pong/Pong.jar
      [jar] Building jar: /home/travis/build/icyphy/ptII/ptolemy/domains/gr/demo/SolarSystem/SolarSystem.jar
      [jar] Building jar: /home/travis/build/icyphy/ptII/ptolemy/domains/gr/demo/StickyMasses/StickyMasses.jar
      [jar] Building jar: /home/travis/build/icyphy/ptII/ptolemy/domains/gr/demo/Universe/Universe.jar
      [jar] Building jar: /home/travis/build/icyphy/ptII/ptolemy/domains/hdf/demo/AdaptiveCoding/AdaptiveCoding.jar
      [jar] Building jar: /home/travis/build/icyphy/ptII/ptolemy/domains/hdf/demo/Fibonacci/Fibonacci.jar
      [jar] Building jar: /home/travis/build/icyphy/ptII/ptolemy/domains/hdf/demo/Hysteresis/Hysteresis.jar
      [jar] Building jar: /home/travis/build/icyphy/ptII/ptolemy/domains/hdf/demo/Merge/Merge.jar
      [jar] Building jar: /home/travis/build/icyphy/ptII/ptolemy/domains/modal/demo/ABP/ABP.jar
      [jar] Building jar: /home/travis/build/icyphy/ptII/ptolemy/domains/modal/demo/Blending/Blending.jar
      [jar] Building jar: /home/travis/build/icyphy/ptII/ptolemy/domains/modal/demo/Case/Case.jar
      [jar] Building jar: /home/travis/build/icyphy/ptII/ptolemy/domains/modal/demo/ChainedTransitions/ChainedTransitions.jar
      [jar] Building jar: /home/travis/build/icyphy/ptII/ptolemy/domains/modal/demo/ModalBSC/ModalBSC.jar
      [jar] Building jar: /home/travis/build/icyphy/ptII/ptolemy/domains/modal/demo/MultipleRuns/MultipleRuns.jar
      [jar] Building jar: /home/travis/build/icyphy/ptII/ptolemy/domains/modal/demo/StateTracker/StateTracker.jar
      [jar] Building jar: /home/travis/build/icyphy/ptII/ptolemy/domains/modal/demo/SystemLevelType/SystemLevelType.jar
      [jar] Building jar: /home/travis/build/icyphy/ptII/ptolemy/domains/petrinet/demo/PetriNetSimple/PetriNetSimple.jar
      [jar] Building jar: /home/travis/build/icyphy/ptII/ptolemy/domains/pn/demo/BrockAckerman/BrockAckerman.jar
      [jar] Building jar: /home/travis/build/icyphy/ptII/ptolemy/domains/pn/demo/CounterMachine/CounterMachine.jar
      [jar] Building jar: /home/travis/build/icyphy/ptII/ptolemy/domains/pn/demo/NondeterministicMerge/NondeterministicMerge.jar
      [jar] Building jar: /home/travis/build/icyphy/ptII/ptolemy/domains/pn/demo/NondeterministicMergeWithFeedback/NondeterministicMergeWithFeedback.jar
      [jar] Building jar: /home/travis/build/icyphy/ptII/ptolemy/domains/pn/demo/OrderedMerge/OrderedMerge.jar
      [jar] Building jar: /home/travis/build/icyphy/ptII/ptolemy/domains/pn/demo/QR/QR.jar
      [jar] Building jar: /home/travis/build/icyphy/ptII/ptolemy/domains/pn/demo/RemoveNilTokens/RemoveNilTokens.jar
      [jar] Building jar: /home/travis/build/icyphy/ptII/ptolemy/domains/pn/demo/Stack/Stack.jar
      [jar] Building jar: /home/travis/build/icyphy/ptII/ptolemy/domains/ptera/demo/AdaptiveCarWash/AdaptiveCarWash.jar
      [jar] Building jar: /home/travis/build/icyphy/ptII/ptolemy/domains/ptera/demo/CarWash/CarWash.jar
      [jar] Building jar: /home/travis/build/icyphy/ptII/ptolemy/domains/ptera/demo/SimultaneousCarWash/SimultaneousCarWash.jar
      [jar] Building jar: /home/travis/build/icyphy/ptII/ptolemy/domains/ptera/demo/TrafficLight/TrafficLight.jar
      [jar] Building jar: /home/travis/build/icyphy/ptII/ptolemy/domains/pthales/demo/AdaptiveBeamForming/AdaptiveBeamForming.jar
      [jar] Building jar: /home/travis/build/icyphy/ptII/ptolemy/domains/pthales/demo/FFT/FFT.jar
      [jar] Building jar: /home/travis/build/icyphy/ptII/ptolemy/domains/pthales/demo/HelloWorld/HelloWorld.jar
      [jar] Building jar: /home/travis/build/icyphy/ptII/ptolemy/domains/pthales/demo/Illustrative/Illustrative.jar
      [jar] Building jar: /home/travis/build/icyphy/ptII/ptolemy/domains/ptides/demo/ActuatorPattern/ActuatorPattern.jar
      [jar] Building jar: /home/travis/build/icyphy/ptII/ptolemy/domains/ptides/demo/CoSimulation/CoSimulation.jar
      [jar] Building jar: /home/travis/build/icyphy/ptII/ptolemy/domains/ptides/demo/Controller/Controller.jar
      [jar] Building jar: /home/travis/build/icyphy/ptII/ptolemy/domains/ptides/demo/DistributedPowerPlant/DistributedPowerPlant.jar
      [jar] Building jar: /home/travis/build/icyphy/ptII/ptolemy/domains/ptides/demo/MixedSimulator/MixedSimulator.jar
      [jar] Building jar: /home/travis/build/icyphy/ptII/ptolemy/domains/ptides/demo/MultiPlatformTDMA/MultiPlatformTDMA.jar
      [jar] Building jar: /home/travis/build/icyphy/ptII/ptolemy/domains/ptides/demo/MultipleCores/MultipleCores.jar
      [jar] Building jar: /home/travis/build/icyphy/ptII/ptolemy/domains/ptides/demo/PowerManagementUnitSamplingWithoutCurrentLocalTime/PowerManagementUnitSamplingWithoutCurrentLocalTime.jar
      [jar] Building jar: /home/travis/build/icyphy/ptII/ptolemy/domains/ptides/demo/PowerPlant/PowerPlant.jar
      [jar] Building jar: /home/travis/build/icyphy/ptII/ptolemy/domains/ptides/demo/PrintingPress/PrintingPress.jar
      [jar] Building jar: /home/travis/build/icyphy/ptII/ptolemy/domains/ptides/demo/PtidesSynchrophasor/PtidesSynchrophasor.jar
      [jar] Building jar: /home/travis/build/icyphy/ptII/ptolemy/domains/rendezvous/demo/Barrier/Barrier.jar
      [jar] Building jar: /home/travis/build/icyphy/ptII/ptolemy/domains/rendezvous/demo/ResourcePool/ResourcePool.jar
      [jar] Building jar: /home/travis/build/icyphy/ptII/ptolemy/domains/rendezvous/demo/Sequencing/Sequencing.jar
      [jar] Building jar: /home/travis/build/icyphy/ptII/ptolemy/domains/rendezvous/demo/WriteRegulator/WriteRegulator.jar
      [jar] Building jar: /home/travis/build/icyphy/ptII/ptolemy/domains/scr/demo/FuelSystemSCR/FuelSystemSCR.jar
      [jar] Building jar: /home/travis/build/icyphy/ptII/ptolemy/domains/scr/demo/HelloWorldSCR/HelloWorldSCR.jar
      [jar] Building jar: /home/travis/build/icyphy/ptII/ptolemy/domains/scr/demo/SafetyInjection/SafetyInjection.jar
      [jar] Building jar: /home/travis/build/icyphy/ptII/ptolemy/domains/scr/demo/TrafficLight/TrafficLight.jar
      [jar] Building jar: /home/travis/build/icyphy/ptII/ptolemy/domains/sdf/demo/Array/Array.jar
      [jar] Building jar: /home/travis/build/icyphy/ptII/ptolemy/domains/sdf/demo/Butterfly/Butterfly.jar
      [jar] Building jar: /home/travis/build/icyphy/ptII/ptolemy/domains/sdf/demo/Expression/Expression.jar
      [jar] Building jar: /home/travis/build/icyphy/ptII/ptolemy/domains/sdf/demo/Eye/Eye.jar
      [jar] Building jar: /home/travis/build/icyphy/ptII/ptolemy/domains/sdf/demo/FixFIR/FixFIR.jar
      [jar] Building jar: /home/travis/build/icyphy/ptII/ptolemy/domains/sdf/demo/FixPoint/FixPoint.jar
      [jar] Building jar: /home/travis/build/icyphy/ptII/ptolemy/domains/sdf/demo/FourierSeries/FourierSeries.jar
      [jar] Building jar: /home/travis/build/icyphy/ptII/ptolemy/domains/sdf/demo/Gravitation/Gravitation.jar
      [jar] Building jar: /home/travis/build/icyphy/ptII/ptolemy/domains/sdf/demo/HTVQ/HTVQ.jar
      [jar] Building jar: /home/travis/build/icyphy/ptII/ptolemy/domains/sdf/demo/LMSAdaptive/LMSAdaptive.jar
      [jar] Building jar: /home/travis/build/icyphy/ptII/ptolemy/domains/sdf/demo/LogisticMap/LogisticMap.jar
      [jar] Building jar: /home/travis/build/icyphy/ptII/ptolemy/domains/sdf/demo/MaximumEntropySpectrum/MaximumEntropySpectrum.jar
      [jar] Building jar: /home/travis/build/icyphy/ptII/ptolemy/domains/sdf/demo/ModelDisplay/ModelDisplay.jar
      [jar] Building jar: /home/travis/build/icyphy/ptII/ptolemy/domains/sdf/demo/MultipleRuns/MultipleRuns.jar
      [jar] Building jar: /home/travis/build/icyphy/ptII/ptolemy/domains/sdf/demo/NoisySinewave/NoisySinewave.jar
      [jar] Building jar: /home/travis/build/icyphy/ptII/ptolemy/domains/sdf/demo/OrthogonalCom/OrthogonalCom.jar
      [jar] Building jar: /home/travis/build/icyphy/ptII/ptolemy/domains/sdf/demo/RijndaelEncryption/RijndaelEncryption.jar
      [jar] Building jar: /home/travis/build/icyphy/ptII/ptolemy/domains/sdf/demo/Sketch/Sketch.jar
      [jar] Building jar: /home/travis/build/icyphy/ptII/ptolemy/domains/sdf/demo/SoundSpectrum/SoundSpectrum.jar
      [jar] Building jar: /home/travis/build/icyphy/ptII/ptolemy/domains/sdf/demo/Spectrum/Spectrum.jar
      [jar] Building jar: /home/travis/build/icyphy/ptII/ptolemy/domains/sdf/demo/SynthesizedVoice/SynthesizedVoice.jar
      [jar] Building jar: /home/travis/build/icyphy/ptII/ptolemy/domains/sdf/optimize/demo/SDFOptimize/SDFOptimize.jar
      [jar] Building jar: /home/travis/build/icyphy/ptII/ptolemy/domains/space/demo/DOPCenter/DOPCenter.jar
      [jar] Building jar: /home/travis/build/icyphy/ptII/ptolemy/domains/sr/demo/FeedbackLoop/FeedbackLoop.jar
      [jar] Building jar: /home/travis/build/icyphy/ptII/ptolemy/domains/sr/demo/GuardedCount/GuardedCount.jar
      [jar] Building jar: /home/travis/build/icyphy/ptII/ptolemy/domains/sr/demo/TokenRing/TokenRing.jar
      [jar] Building jar: /home/travis/build/icyphy/ptII/ptolemy/domains/sr/demo/TrafficLight/TrafficLight.jar
      [jar] Building jar: /home/travis/build/icyphy/ptII/ptolemy/domains/taskpt/demo/SharedMemory/SharedMemory.jar
      [jar] Building jar: /home/travis/build/icyphy/ptII/ptolemy/domains/taskpt/demo/Task/Task.jar
      [jar] Building jar: /home/travis/build/icyphy/ptII/ptolemy/domains/tm/demo/Controllers/Controllers.jar
      [jar] Building jar: /home/travis/build/icyphy/ptII/ptolemy/domains/tm/demo/FFT/FFT.jar
      [jar] Building jar: /home/travis/build/icyphy/ptII/ptolemy/domains/tm/demo/MergedEvents/MergedEvents.jar
      [jar] Building jar: /home/travis/build/icyphy/ptII/ptolemy/domains/tm/demo/SimpleTasks/SimpleTasks.jar
      [jar] Building jar: /home/travis/build/icyphy/ptII/ptolemy/domains/wireless/demo/AntennaPattern/AntennaPattern.jar
      [jar] Building jar: /home/travis/build/icyphy/ptII/ptolemy/domains/wireless/demo/CircularRange/CircularRange.jar
      [jar] Building jar: /home/travis/build/icyphy/ptII/ptolemy/domains/wireless/demo/Collisions/Collisions.jar
      [jar] Building jar: /home/travis/build/icyphy/ptII/ptolemy/domains/wireless/demo/EvaderAndPursuer/EvaderAndPursuer.jar
      [jar] Building jar: /home/travis/build/icyphy/ptII/ptolemy/domains/wireless/demo/Intersections/Intersections.jar
      [jar] Building jar: /home/travis/build/icyphy/ptII/ptolemy/domains/wireless/demo/LinkVisualizer/LinkVisualizer.jar
      [jar] Building jar: /home/travis/build/icyphy/ptII/ptolemy/domains/wireless/demo/MatlabWirelessSoundDetection/MatlabWirelessSoundDetection.jar
      [jar] Building jar: /home/travis/build/icyphy/ptII/ptolemy/domains/wireless/demo/PowerVariability/PowerVariability.jar
      [jar] Building jar: /home/travis/build/icyphy/ptII/ptolemy/domains/wireless/demo/SmallWorld/SmallWorld.jar
      [jar] Building jar: /home/travis/build/icyphy/ptII/ptolemy/domains/wireless/demo/SmartParking/SmartParking.jar
      [jar] Building jar: /home/travis/build/icyphy/ptII/ptolemy/domains/wireless/demo/TerrainModel/TerrainModel.jar
      [jar] Building jar: /home/travis/build/icyphy/ptII/ptolemy/domains/wireless/demo/WirelessSoundDetection/WirelessSoundDetection.jar
      [jar] Building jar: /home/travis/build/icyphy/ptII/ptolemy/domains/wireless/demo/Zigbee/Zigbee.jar
      [jar] Building jar: /home/travis/build/icyphy/ptII/ptolemy/matlab/demo/MatlabContinuous/MatlabContinuous.jar
      [jar] Building jar: /home/travis/build/icyphy/ptII/ptolemy/matlab/demo/MatlabExpression/MatlabExpression.jar
      [jar] Building jar: /home/travis/build/icyphy/ptII/ptolemy/moml/demo/Networked/Networked.jar
      [jar] Building jar: /home/travis/build/icyphy/ptII/ptolemy/vergil/basic/imprt/g4ltl/demo/Arbitor/Arbitor.jar
      [jar] Building jar: /home/travis/build/icyphy/ptII/ptolemy/vergil/basic/imprt/g4ltl/demo/Numerical/Numerical.jar
      [jar] Building jar: /home/travis/build/icyphy/ptII/ptolemy/vergil/basic/imprt/g4ltl/demo/PriorityArbitor/PriorityArbitor.jar
      [jar] Building jar: /home/travis/build/icyphy/ptII/ptolemy/vergil/kernel/attributes/demo/AnimateVergil/AnimateVergil.jar
      [jar] Building jar: /home/travis/build/icyphy/ptII/ptolemy/verification/demo/RailroadControl/RailroadControl.jar
      [jar] Building jar: /home/travis/build/icyphy/ptII/ptolemy/verification/demo/SimpleTrafficLight/SimpleTrafficLight.jar
      [jar] Building jar: /home/travis/build/icyphy/ptII/ptolemy/verification/demo/iRobotHillClimbing/iRobotHillClimbing.jar

test.installers:
     [echo] 
     [echo]      Target to be invoked by the nightly build that create installers in the adm/gen-X.Y subdirectory.
     [echo]      This test generates .xml files in reports/junit.  The installers target sends its output to stdout.
     [echo]     
    [junit] javachdir: directory = adm/installers/test
    [junit] javachdir: pwd: /home/travis/build/icyphy/ptII/adm/installers/test  Invoking with -Djava.net.preferIPv4Stack=true
    [junit] +java --module-path /home/travis/build/icyphy/ptII/vendors/javafx/javafx-sdk-11.0.2/lib: --add-modules javafx.controls,javafx.swing,javafx.media, -Djava.net.preferIPv4Stack=true -Djavafx.verbose=true -Dprism.verbose=true -Dptolemy.ptII.dir=/home/travis/build/icyphy/ptII -Dptolemy.ptII.batchMode=true -Xmx3200m -classpath /home/travis/build/icyphy/ptII:/home/travis/build/icyphy/ptII/lib/bsh-2.0b4.jar:/home/travis/build/icyphy/ptII/lib/ptCal.jar:/home/travis/build/icyphy/ptII/lib/java_cup.jar:/home/travis/build/icyphy/ptII/lib/saxon8.jar:/home/travis/build/icyphy/ptII/lib/saxon8-dom.jar:/home/travis/build/icyphy/ptII/lib/chic.jar:/home/travis/build/icyphy/ptII/lib/ptcolt.jar:/home/travis/build/icyphy/ptII/vendors/misc/itext/iText.jar:/home/travis/build/icyphy/ptII/lib/g4ltl.jar:/home/travis/build/icyphy/ptII/lib/StructuralCoder.jar:/home/travis/build/icyphy/ptII/lib/jcerti.jar:/home/travis/build/icyphy/ptII/lib/javax.mail.jar:/home/travis/build/icyphy/ptII/vendors/JMF-2.1.1e/lib/jmf.jar:/home/travis/build/icyphy/ptII/lib/jna-4.0.0-variadic.jar:/home/travis/build/icyphy/ptII/vendors/misc/joystick/Joystick.jar:/home/travis/build/icyphy/ptII/lib/ptjacl.jar:/home/travis/build/icyphy/ptII/lib/jsoup-1.8.2.jar:/home/travis/build/icyphy/ptII/lib/junit-4.8.2.jar:/home/travis/build/icyphy/ptII/lib/JUnitParams-0.4.0.jar:/home/travis/build/icyphy/ptII/ptolemy/actor/lib/excel/jxl.jar:/home/travis/build/icyphy/ptII/lib/jython.jar:/home/travis/build/icyphy/ptII/lib/kieler.jar:/home/travis/build/icyphy/ptII/vendors/opencv/share/OpenCV/java/opencv-341.jar:/home/travis/build/icyphy/ptII/lib/oscP5.jar:/home/travis/build/icyphy/ptII/lib/nrjavaserial-3.11.0.devel.jar:/home/travis/build/icyphy/ptII/vendors/j3d/lib/Linux/j3dcore.jar:/home/travis/build/icyphy/ptII/vendors/j3d/lib/Linux/j3dutils.jar:/home/travis/build/icyphy/ptII/vendors/j3d/lib/Linux/vecmath.jar:/home/travis/build/icyphy/ptII/vendors/jogl/lib/Linux/gluegen-rt-natives-linux-amd64.jar:/home/travis/build/icyphy/ptII/vendors/jogl/lib/Linux/gluegen-rt.jar:/home/travis/build/icyphy/ptII/vendors/jogl/lib/Linux/jogl-all-natives-linux-amd64.jar:/home/travis/build/icyphy/ptII/vendors/jogl/lib/Linux/jogl-all.jar:/home/travis/build/icyphy/ptII/ptolemy/distributed/jini/jar/jini-core.jar:/home/travis/build/icyphy/ptII/ptolemy/distributed/jini/jar/jini-ext.jar:/home/travis/build/icyphy/ptII/ptolemy/distributed/jini/jar/sun-util.jar:/home/travis/build/icyphy/ptII/lib/protobuf-java-2.4.1.jar:/home/travis/build/icyphy/ptII/lib/org.eclipse.paho.client.mqttv3.jar:/home/travis/build/icyphy/ptII/lib/mapss.jar:/home/travis/build/icyphy/ptII/ptolemy/actor/ptalon/antlr/antlr.jar:/home/travis/build/icyphy/ptII/lib/JRI.jar:/home/travis/build/icyphy/ptII/lib/commons-lang-2.6.jar:/home/travis/build/icyphy/ptII/lib/commons-logging-1.1.1.jar:/home/travis/build/icyphy/ptII/lib/sootclasses.jar:/home/travis/build/icyphy/ptII/ptolemy/actor/lib/database/mysql-connector-java-5.1.6-bin.jar:/home/travis/build/icyphy/ptII/vendors/misc/sphinx4/sphinx4-data-5prealpha.jar:/home/travis/build/icyphy/ptII/vendors/misc/sphinx4/sphinx4-core-5prealpha.jar:/home/travis/build/icyphy/ptII/lib/PDFRenderer.jar:/home/travis/build/icyphy/ptII/lib/svgSalamander.jar:/home/travis/build/icyphy/ptII/lib/rsyntaxtextarea-2.6.0-SNAPSHOT.jar:/home/travis/build/icyphy/ptII/lib/hazelcast-3.8.2.jar:/home/travis/build/icyphy/ptII/lib/jackson-annotations-2.9.0.jar:/home/travis/build/icyphy/ptII/lib/jackson-core-2.9.3.jar:/home/travis/build/icyphy/ptII/lib/jackson-databind-2.9.3.jar:/home/travis/build/icyphy/ptII/lib/netty-buffer-4.1.19.Final.jar:/home/travis/build/icyphy/ptII/lib/netty-codec-4.1.19.Final.jar:/home/travis/build/icyphy/ptII/lib/netty-codec-dns-4.1.19.Final.jar:/home/travis/build/icyphy/ptII/lib/netty-codec-http-4.1.19.Final.jar:/home/travis/build/icyphy/ptII/lib/netty-codec-http2-4.1.19.Final.jar:/home/travis/build/icyphy/ptII/lib/netty-common-4.1.19.Final.jar:/home/travis/build/icyphy/ptII/lib/netty-handler-4.1.19.Final.jar:/home/travis/build/icyphy/ptII/lib/netty-resolver-4.1.19.Final.jar:/home/travis/build/icyphy/ptII/lib/netty-resolver-dns-4.1.19.Final.jar:/home/travis/build/icyphy/ptII/lib/netty-transport-4.1.19.Final.jar:/home/travis/build/icyphy/ptII/lib/vertx-codegen-3.5.1.jar:/home/travis/build/icyphy/ptII/lib/vertx-core-3.5.2-SNAPSHOT.jar:/home/travis/build/icyphy/ptII/lib/vertx-hazelcast-3.5.1.jar:/home/travis/build/icyphy/ptII/lib/vertx-lang-js-3.5.1.jar:/home/travis/build/icyphy/ptII/lib/vertx-service-proxy-3.5.1.jar:/home/travis/build/icyphy/ptII/lib/vertx-web-3.5.1.jar:/home/travis/build/icyphy/ptII/lib/slf4j-api-1.7.13.jar:/home/travis/build/icyphy/ptII/lib/slf4j-simple-1.7.13.jar:/home/travis/build/icyphy/ptII/lib/webcam-capture-0.3.12.jar:/home/travis/build/icyphy/ptII/lib/bridj-0.7.0.jar:/home/travis/build/icyphy/ptII/lib/xbjlib-1.1.0.nrjavaserial.jar:/home/travis/build/icyphy/ptII/ptolemy/moml/test:/home/travis/build/icyphy/ptII/lib/JUnitParams-0.3.0.jar:/home/travis/build/icyphy/ptII/ant/lib/ant-launcher.jar:/home/travis/build/icyphy/ptII/ant/lib/ant.jar:/home/travis/build/icyphy/ptII/ant/lib/ant-junit.jar:/home/travis/build/icyphy/ptII/ant/lib/ant-junit4.jar org.apache.tools.ant.taskdefs.optional.junit.JUnitTestRunner adm.installers.test.junit.JUnitTclTest skipNonTests=false filtertrace=true haltOnError=false haltOnFailure=false formatter=org.apache.tools.ant.taskdefs.optional.junit.OutErrSummaryJUnitResultFormatter showoutput=true outputtoformatters=true logfailedtests=true threadid=0 logtestlistenerevents=false formatter=org.apache.tools.ant.taskdefs.optional.junit.XMLJUnitResultFormatter,/home/travis/build/icyphy/ptII/reports/junit/TEST-adm.installers.test.junit.JUnitTclTest.xml crashfile=/home/travis/build/icyphy/ptII/junitvmwatcher17362645904357263510.properties propsfile=/home/travis/build/icyphy/ptII/junit1877817271339927083.properties
    [junit] Running adm.installers.test.junit.JUnitTclTest
    [junit] /home/travis/build/icyphy/ptII/adm/installers/test/NightlyUpdate.tcl
    [junit] testDefs.tcl: setting time out to 9000 seconds at Sun Jul 05 14:40:44 UTC 2020
    [junit] This test (NightlyUpdate.tcl) should be run after NightlyTest.tcl
    [junit] adm/test/nightlyMake.tcl: about to execute [make -C /home/travis/build/icyphy/ptII/adm/installers/test/../../../adm/gen-11.1 PTIIHOME=/home/travis/build/icyphy/ptII/adm/installers/test/../../.. PTIIADM=/home/travis/build/icyphy/ptII/adm/installers/test/../../../adm JAR=/usr/bin/jar TAR=/usr/local/bin/tar updateDOPCenterImage]
    [junit] About to execute:
    [junit]     make -C
    [junit] /home/travis/build/icyphy/ptII/adm/installers/test/../../../adm/gen-11.1
    [junit] PTIIHOME=/home/travis/build/icyphy/ptII/adm/installers/test/../../..
    [junit] PTIIADM=/home/travis/build/icyphy/ptII/adm/installers/test/../../../adm
    [junit] JAR=/usr/bin/jar TAR=/usr/local/bin/tar updateDOPCenterImage
    [junit] make: Entering directory '/home/travis/build/icyphy/ptII/adm/gen-11.1'
    [junit] /home/travis/build/icyphy/ptII/adm/installers/test/../../../adm/gen-11.1/updateDOPCenterImageX11
    [junit] Be sure that everything is built
    [junit] For more verbose output, run ./configure --enable-verbose
    [junit] checking if your path has 'program files/java' instead of 'Program Files/Java' ... ok
    [junit] checking if $PTII ('/home/travis/build/icyphy/ptII') has backslashes... ok
    [junit] checking if $PTII ('/home/travis/build/icyphy/ptII') and the current directory are the same"... checking if $PTII ('/home/travis/build/icyphy/ptII') contains "cygdrive"... ok
    [junit] checking for find... /usr/bin/find
    [junit] checking for javac... /usr/local/lib/jvm/openjdk11/bin/javac
    [junit] Unrecognized option: -d32
    [junit] Error: Could not create the Java Virtual Machine.
    [junit] Error: A fatal exception has occurred. Program will exit.
    [junit] checking for java32... no
    [junit] configure: WARNING: Running java -d32 -version failed,
    [junit]     and ./bin/java does not exist.
    [junit]     Perhaps you need to install a separate 32-bit JVM
    [junit]     or rerun configure with --with-java32?
    [junit]     The 32-bit JVM is only needed for certain 32-bit FMI tests.
    [junit]     In general, under a 64-bit JVM, FMI will work fine without a 32-bit JVM.
    [junit] checking for the java runtime in /usr/local/lib/jvm/openjdk11/bin... ok
    [junit] checking for java... /usr/local/lib/jvm/openjdk11/bin/java
    [junit] checking for the java compiler in /usr/local/lib/jvm/openjdk11/bin... ok
    [junit] checking for javac... (cached) /usr/local/lib/jvm/openjdk11/bin/javac
    [junit] checking the Java compiler with a simple compile... ok
    [junit] checking the value of the java.version Property ... ok
    [junit] checking for Java version for use with -target and by Ant in build.xml... ok
    [junit] checking the JDK version... ok
    [junit] checking for java.home property by compiling a test program ... ok
    [junit] checking for java.home property by running a test program ... ok
    [junit] checking for the jar command... ok
    [junit] checking that /usr/local/lib/jvm/openjdk11/bin/jar can handle -i... ok
    [junit] checking for the jarsigner command... ok
    [junit] configure: WARNING: Cannot find '/usr/local/lib/jvm/openjdk11/bin/javaws'.
    [junit]     or '/Commands/javaws', looking in the path.
    [junit]     This is only a problem when testing the Java Webstart (JNLP) files.
    [junit] configure: WARNING: The javaws command "" is not executable or not found.
    [junit]     This is only a problem when testing the Java Webstart (JNLP) files.
    [junit] checking for the javaws command... checking for javaws... no
    [junit] checking for the keytool command... ok
    [junit] checking for the proper CLASSPATH separator... ok
    [junit] checking for /home/travis/build/icyphy/ptII/org/terraswarm/accessor/accessors/, used by CapeCode and Accessors... ok
    [junit] checking Java 9 and later... ok
    [junit] checking for the Apache ant binary... ok
    [junit] checking for gawk... /usr/bin/gawk
    [junit] checking for mvn... /usr/local/maven-3.6.0/bin/mvn
    [junit] checking for maven ant task.  This could take a minute the first time configure is run.... ok
    [junit] configure: WARNING: Failed to find /usr/local/include/boost/numeric/odeint.hpp
    [junit]     This is only a problem if you want to rebuild the Functional
    [junit]     Mock-up Interface ++ C files in actor/lib/fmi/fmipp.
    [junit]     Most users can use the shared libraries in /home/travis/build/icyphy/ptII/lib or /home/travis/build/icyphy/ptII/bin.
    [junit] checking for websensor in $PTII/ptolemy/apps/websensor... checking for Boost... checking for BSH, the Java Bean Shell... ok
    [junit] checking for Cal, the actor language... ok
    [junit] checking for saxon8.jar (used by caltrop)... ok
    [junit] checking for saxon8-dom.jar (used by caltrop)... ok
    [junit] checking for java_cup.jar (used by caltrop)... ok
    [junit] configure: WARNING: Failed to find Checkstyle in /home/travis/build/icyphy/ptII/vendors/checkstyle-6.2
    [junit]     Checkstyle is only necessary for code cleaning.
    [junit]     Checkstyle is LGPL'd, so while it could be in the ptII repo, we don't add it.
    [junit]     Checkstyle may be downloaded from http://checkstyle.sourceforge.net/
    [junit] checking for Checkstyle, optionally used to check the style of Java files.... checking for Chic, the model checker... ok
    [junit] checking for Ptolemy subset of Colt, the scientific computing lib... ok
    [junit] configure: WARNING: Did not find /home/travis/build/icyphy/ptII/vendors/misc/colt/colt.jar,
    [junit]     using /home/travis/build/icyphy/ptII/lib/ptcolt.jar
    [junit] CORBATest.java:28: error: package org.omg.CORBA does not exist
    [junit] import org.omg.CORBA.Object;
    [junit]                     ^
    [junit] CORBATest.java:46: error: package org.omg.CORBA does not exist
    [junit]     public static org.omg.CORBA.Object corbaObject = null;
    [junit]                                ^
    [junit] 2 errors
    [junit] configure: WARNING: '"/usr/local/lib/jvm/openjdk11/bin/javac" CORBATest.java' failed.
    [junit]     perhaps you are running an JDK 1.9?
    [junit]     You will not be able to run the ptolemy.actor.corba actors,
    [junit]     which is probably not a problem.
    [junit] configure: WARNING: Failed to find Cobertura in /home/travis/build/icyphy/ptII/vendors/corbertura-2.0.3
    [junit]     Cobertura is only necessary to for code coverage.
    [junit]     Cobertura is GPL'd, so we don't check it in to the ptII repository.
    [junit]     Cobertura may be downloaded from http://cobertura.github.io/cobertura/
    [junit] configure: WARNING: Failed to find CUnit in /usr/local or
    [junit]     /home/travis/build/icyphy/ptII/vendors/CUnit.
    [junit]     CUnit is only necessary to test the C templates of the code generation facility
    [junit] configure: WARNING: Could not find tools.jar, checking for classes.jar
    [junit] configure: WARNING: Could not find tools.jar or classes.jar in
    [junit]     PTJAVA_HOME = /usr/local/lib/jvm/openjdk11
    [junit]     Usually, tools.jar is in PTJAVA_HOME/../lib/tools.jar
    [junit]     or classes.jar is in PTJAVA_HOME/../Classes/classes.jar
    [junit]     Since tools.jar and classes.jar cannot be found,
    [junit]     we will not use doclets from ptII/doc/doclets, which
    [junit]     means that the actor documentation index system will not work.
    [junit] checking for Full version of Colt, the scientific computing lib... checking for CORBA... checking for Cobertura, optionally used for Java code coverage.... checking for CUnit to be used to test the C cg templates... checking for tools.jar for use with doclets... checking for classes.jar for use with doclets... checking for javadoc... /usr/local/lib/jvm/openjdk11/bin/javadoc
    [junit] configure: WARNING: Failed to find /home/travis/build/icyphy/ptII/vendors/mbed/gcc-arm/bin/arm-none-eabi-gcc
    [junit]     so the Mbed CG facility will not be run.
    [junit] checking for arm-none-eabi-gcc... checking for the iText PDF jar... ok
    [junit] checking G4LTL... ok
    [junit] JAITest.java:32: error: package com.sun.image.codec.jpeg does not exist
    [junit] import com.sun.image.codec.jpeg.JPEGCodec;
    [junit]                                ^
    [junit] JAITest.java:28: error: package javax.media.jai does not exist
    [junit] import javax.media.jai.*;
    [junit] ^
    [junit] 2 errors
    [junit] configure: WARNING: JAI not found in the default classpath
    [junit] checking for Java Advanced Imaging (JAI) API... checking for JAI in /home/travis/build/icyphy/ptII/vendors... ok
    [junit] JAITest.java:32: error: package com.sun.image.codec.jpeg does not exist
    [junit] import com.sun.image.codec.jpeg.JPEGCodec;
    [junit]                                ^
    [junit] 1 error
    [junit] configure: WARNING: JAI not found in /home/travis/build/icyphy/ptII/vendors/jai-1_1_3
    [junit] configure: WARNING: '"/usr/local/lib/jvm/openjdk11/bin/javac" JAITest.java' failed and JAI jars were not found
    [junit]     in /home/travis/build/icyphy/ptII/vendors
    [junit]     perhaps the Java Advanced Imaging API is not installed?
    [junit] 
    [junit]     Note that JAI does not work in Java 9 and later because Java 9 removed
    [junit]     internal classes used by JAI.
    [junit]     See https://wiki.eecs.berkeley.edu/ptexternal/Main/JAI
    [junit] 
    [junit]     You need not download Jai unless you plan on using the video
    [junit]     actors in /home/travis/build/icyphy/ptII/ptolemy/actor/lib/jai
    [junit]     The JAI API can be downloaded from
    [junit]     http://www.oracle.com/technetwork/java/javasebusiness/downloads/java-archive-downloads-java-client-419417.html
    [junit] checking for JAI using jars in /home/travis/build/icyphy/ptII/vendors/jai-1_1_3/lib... checking for Jcerti, used by hlacerti ... ok
    [junit] checking for JavaMail directory... ok
    [junit] configure: WARNING: Failed to find /usr/local/jmodelica/include/jmi.h
    [junit]     which is part of JModelica.
    [junit]     Ptolemy optionally includes one or more FMUs that use JModelica.
    [junit]     To install JModelica, see https://svn.jmodelica.org/trunk/INSTALL
    [junit] checking for JModelica... TMP_JAVAFX_DIR=/home/travis/build/icyphy/ptII/vendors/javafx/javafx-sdk-11.0.2
    [junit] /home/travis/build/icyphy/ptII/vendors/javafx: total 4
    [junit] drwxr-xr-x 4 travis travis 4096 Jan 16  2019 javafx-sdk-11.0.2
    [junit] JavaFXTest.java:28: error: package javafx.embed.swing does not exist
    [junit] import javafx.embed.swing.JFXPanel;
    [junit]                          ^
    [junit] JavaFXTest.java:29: error: package javafx.scene.media does not exist
    [junit] import javafx.scene.media.Media;
    [junit]                          ^
    [junit] JavaFXTest.java:49: error: cannot find symbol
    [junit]     public static JFXPanel fxPanel = null;
    [junit]                   ^
    [junit]   symbol:   class JFXPanel
    [junit]   location: class JavaFXTest
    [junit] 3 errors
    [junit] configure: WARNING: JavaFX not yet found
    [junit] checking for JavaFX... checking checking for JavaFX in the default classpath... checking checking for JavaFX in a module... ok
    [junit] JMFTest.java:28: error: package javax.media does not exist
    [junit] import javax.media.CaptureDeviceInfo;
    [junit]                   ^
    [junit] 1 error
    [junit] configure: WARNING: JMF not found in the default classpath, will check elsewhere next.
    [junit] checking for Java Media Framework (JMF) in the default classpath... checking for JMF in /home/travis/build/icyphy/ptII/vendors/JMF*... ok
    [junit] checking for the JMF directory... ok
    [junit] checking for Java Native Access (JNA) jar... ok
    [junit] checking for joystick jar file... ok
    [junit] checking for ptjacl.jar... ok
    [junit] checking for how to run jacl with "/usr/local/lib/jvm/openjdk11/bin/java"... % ok
    [junit] checking for JSoup, used when exporting html pages. ... ok
    [junit] checking for the JUnit - the Java Unit Testing Framework... ok
    [junit] checking for the JUnitParams, needed by our JUnit tests... ok
    [junit] checking for the Java Excel API (JXL)... ok
    [junit] checking for jython... no
    [junit] checking for jython.bat... no
    [junit] checking for Jython, the Java implementation of Python... ok
    [junit] checking for kieler jar file used by layout ... ok
    [junit] checking for node... checking for node... /home/travis/.nvm/versions/node/v7.10.1/bin/node
    [junit] checking for npm... checking for npm... /home/travis/.nvm/versions/node/v7.10.1/bin/npm
    [junit] checking for npm before 5.x... ok
    [junit] checking for OpenCV Java API... ok
    [junit] checking for OpenCV by compiling and running a small OpenCV program... About to load opencv_java320
    [junit] Exception in thread "main" java.lang.RuntimeException: Could not load opencv_java320.
    [junit]     java.library.path = /home/travis/pthla/certi-tools/lib:/usr/lib/jni:/usr/local/share/OpenCV/java/:/usr/share/OpenCV/java::/usr/java/packages/lib:/usr/lib64:/lib64:/lib:/usr/lib
    [junit] 	at OpenCVTest.main(OpenCVTest.java:75)
    [junit] Caused by: java.lang.UnsatisfiedLinkError: no opencv_java320 in java.library.path: [/home/travis/pthla/certi-tools/lib, /usr/lib/jni, /usr/local/share/OpenCV/java/, /usr/share/OpenCV/java, ., /usr/java/packages/lib, /usr/lib64, /lib64, /lib, /usr/lib]
    [junit] 	at java.base/java.lang.ClassLoader.loadLibrary(ClassLoader.java:2660)
    [junit] 	at java.base/java.lang.Runtime.loadLibrary0(Runtime.java:829)
    [junit] 	at java.base/java.lang.System.loadLibrary(System.java:1867)
    [junit] 	at OpenCVTest.main(OpenCVTest.java:52)
    [junit] configure: WARNING: Failed to run OpenCV test program in /home/travis/build/icyphy/ptII/config with
    [junit]     /usr/local/lib/jvm/openjdk11/bin/java -classpath /home/travis/build/icyphy/ptII/lib/opencv-320.jar:. OpenCVTest
    [junit]     so we will try other jars.
    [junit] checking for opencv-*.jar in /home/travis/build/icyphy/ptII/vendors/opencv/share/OpenCV/java /home/travis/build/icyphy/ptII/lib /opt/local/share/OpenCV/java /usr/share/OpenCV/java /usr/local/share/OpenCV/java... ok
    [junit] checking /home/travis/build/icyphy/ptII/vendors/opencv/share/OpenCV/java/opencv-341.jar... About to load opencv_java341
    [junit] Imgproc.LINE_8: 8
    [junit] Loaded opencv_java341
    [junit] ok
    [junit] checking if org/ptolemy/opencv will be compiled.... ok
    [junit] checking for Open Sound Control/Processing.org interface (oscP5). ... ok
    [junit] checking for rxtx serial port interface... ok
    [junit] configure: WARNING: Could not find directory
    [junit]     '/home/travis/build/icyphy/ptII/vendors/sun/javacc-5.0'
    [junit]     so we search for the jjtree command.
    [junit] checking for JavaCC... checking for jjtree... no
    [junit] configure: WARNING: Failed to find jjtree
    [junit] configure: WARNING: Failed to find javacc, perhaps JavaCC is not installed?
    [junit]     You need not download JavaCC unless you plan on modifying .jjt files
    [junit]     in ptolemy/data/expr.
    [junit]     JavaCC is available from
    [junit]     https://javacc.org
    [junit] 
    [junit]     Note that the zip file that gets downloaded is actually an installer
    [junit]     that must be run to install the JavaCC.zip file that contains the classes.
    [junit] 
    [junit]     Note that JavaCC-4.1 and 4.2 will not work, there are problems with
    [junit]     ReInit() being static or not static.
    [junit] 
    [junit]     JavaCC-6.0 seems to not include the jjtree and javacc scripts, so
    [junit]     we recommend JavaCC-5.0.
    [junit] 
    [junit]     Try:
    [junit]     cd /home/travis/build/icyphy/ptII/vendors/sun
    [junit]     wget https://javacc.org/downloads/javacc-5.0.tar.gz
    [junit]     tar -zxf javacc-5.0.tar.gz
    [junit]     cd /home/travis/build/icyphy/ptII
    [junit]     ./configure
    [junit] 
    [junit]     Configure looks for JavaCC in /home/travis/build/icyphy/ptII/vendors/sun/javacc-5.0
    [junit]     so either install JavaCC in that location or use the --with-javacc= flag
    [junit]     and then rerun configure.'
    [junit] checking for Java3D... ok
    [junit] checking for Jogl... ok
    [junit] ok
    [junit] ok
    [junit] ok
    [junit] ls: cannot access '/home/travis/build/icyphy/ptII/vendors/jogl/lib/natives/linux-amd64/*.jar': No such file or directory
    [junit] checking for jini directory... ok
    [junit] checking for jars used by jini... ...ok
    [junit] checking for the proper JNI architecture... checking for gcc... /usr/bin/gcc
    [junit] checking for cc... (cached) /usr/bin/gcc
    [junit] checking for javah... /usr/bin/javah
    [junit] checking for the cc for JNI... checking for that the pieces for JNI have been found... ok
    [junit] configure: WARNING: /usr/local/lib/jvm/openjdk11/../include was not found.  As a result, compilation of JNI actors will fail.
    [junit] checking for the proper JNI architecture include directory... checking for the proper JNI library architecture... ok
    [junit] checking for if the -mno-cygwin flag is available... ok
    [junit] checking for the proper shared library gcc flag... ok
    [junit] checking for the proper shared library cc flag... ok
    [junit] checking for the proper shared library link flag... ok
    [junit] checking for the proper shared library prefix... ok
    [junit] checking for the proper shared library suffix... ok
    [junit] checking for JNI libraries needed to link JNI... ok
    [junit] checking for jode directory... ok
    [junit] checking for $JODE_DIR/jode.jar... ok
    [junit] checking for json directory... ok
    [junit] checking for matlab... no
    [junit] configure: WARNING: Failed to find matlab executable in the path.
    [junit]     Perhaps Matlab is not installed?
    [junit]     If Matlab is not present, then the Ptolemy II/Matlab interface in
    [junit]     $PTII/ptolemy/matlab will not be usable.
    [junit] configure: WARNING: Matlab was not found, but compiling the .java files in ptolemy/matlab/ should be ok.
    [junit] checking for Protocol Buffers (ProtoBuf)... ok
    [junit] checking for the Paho MQTT jar... ok
    [junit] checking for mapss.jar, used by the PSDF domain... ok
    [junit] checking for anltr.jar, used by the Ptalon... ok
    [junit] checking for scalac... no
    [junit] configure: WARNING: Failed to find the scalac binary,
    [junit]     so org/ptolemy/scala will be excluded
    [junit] checking for soot directory... ok
    [junit] checking for $SOOT_DIR/sootclasses.jar... ok
    [junit] checking for rt.jar by compiling config/SystemJar.java... ok
    [junit] checking the location or rt.jar... ok
    [junit] checking for mysql jar, used by the database actors... ok
    [junit] SystemJar.main(): java.io.FileNotFoundException: /usr/local/lib/jvm/openjdk11/lib/rt.jar and /usr/local/lib/jvm/openjdk11/lib/core.jar and /usr/local/lib/jvm/openjdk11/../Classes/classes.jar either do not exist or are not readableSystemJar.main(): java.io.FileNotFoundException: /usr/local/lib/jvm/openjdk11/lib/rt.jar and /usr/local/lib/jvm/openjdk11/lib/core.jar and /usr/local/lib/jvm/openjdk11/../Classes/classes.jar either do not exist or are not readableconfigure: WARNING: ojdbc6.jar not found,
    [junit]     but only necessary to use database actors with Oracle.
    [junit]     If the mysql jar file is present, then the Oracle Java Database Connector is not necessary
    [junit]     To install ojdbc5.jar or ojdbc6.jar,
    [junit]     download it from https://www.oracle.com/technetwork/database/features/jdbc/jdbc-drivers-12c-download-1958347.html
    [junit]     copy it to ptolemy/actor/lib/database
    [junit]     and rerun ./configure
    [junit] checking for ojdbc6.jar... checking for Sphinx4 Speech recognition data jar API... ok
    [junit] checking for Sphinx4 Speech recognition core jar API... ok
    [junit] checking for PDFRenderer... ok
    [junit] configure: WARNING: Failed to find Batik Jar file
    [junit]     You need only have Batik if you are planning on rebuilding diva.jar
    [junit]     for use with Kepler.
    [junit]     Batik can be downloaded from http://xmlgraphics.apache.org/batik/,
    [junit]     batike-1.9/lib/batik-all-1.9.jar copied to /home/travis/build/icyphy/ptII/lib
    [junit]     and ./configure rerun.
    [junit] checking for Batik SVG... checking for svgSalamander... ok
    [junit] checking for RSyntaxEditor... ok
    [junit] configure: WARNING: $TOSROOT is not set.  It must be set to use PtinyOS.
    [junit] configure: WARNING: $TOSROOT is set to '',
    [junit]      but there is no directory by that name, so we will not set up for PtinyOS.
    [junit]      For details, see /home/travis/build/icyphy/ptII/ptolemy/domains/ptinyos/README.txt.
    [junit] configure: WARNING: Failed to find giotto/gdk.jar
    [junit]     perhaps Giotto is not installed?
    [junit]     You need not download Giotto unless you plan on generating code for
    [junit]     Giotto models.
    [junit]     The Giotto SDK can be
    [junit]     downloaded from https://embedded.eecs.berkeley.edu/giotto/
    [junit]     Copy gdk.jar to /home/travis/build/icyphy/ptII/vendors/giotto, for example:
    [junit]         mkdir -p /home/travis/build/icyphy/ptII/vendors/giotto
    [junit]         cp C:/Program\ Files/Giotto*/gdk.jar /home/travis/build/icyphy/ptII/vendors/giotto/
    [junit] checking the for TinyOS... checking for giotto directory... checking for the Vertx application platform interface. ... ok
    [junit] checking for slf4-api... ok
    [junit] checking for slf4-simple... ok
    [junit] checking for webcam-capture... ok
    [junit] checking for xbjlib directory... ok
    [junit] checking for gcc... /usr/bin/gcc
    [junit] checking for libexpat... ok
    [junit] checking for expat.h... ok
    [junit] configure: WARNING: Failed to find boost/numeric/odeint.hpp, so FMI ++
    [junit]     will not be compiled. FMI++ is an extension of the
    [junit]     Functional Mockup Interface, see
    [junit]     http://sourceforge.net/p/fmipp/wiki/Home/
    [junit] configure: creating ./config.status
    [junit] config.status: creating mk/ptII.mk
    [junit] config.status: creating bin/ptinvoke
    [junit] config.status: creating build.xml
    [junit] config.status: creating .classpath
    [junit] config.status: creating bin/comm.policy
    [junit] config.status: creating lib/ptII.properties
    [junit] config.status: creating ptolemy/util/test/junit/javachdir
    [junit] config.status: creating ptolemy/util/test/junit/javachdir32
    [junit] config.status: executing default commands
    [junit] /home/travis/build/icyphy/ptII/bin/ant: Running /home/travis/build/icyphy/ptII/ant/bin/ant 
    [junit] Buildfile: /home/travis/build/icyphy/ptII/build.xml
    [junit] 
    [junit] build-message:
    [junit]      [echo] Use ant -p to see other targets. JAVA_HOME=/usr/local/lib/jvm/openjdk11
    [junit]      [echo] tools.jar is necessary for compilation of doc/doclets/.
    [junit]      [echo] If compilation fails, try setting JAVA_HOME to the location of the JDK.
    [junit]      [echo] For example:
    [junit]      [echo]   [bldmastr@sisyphus ptII]$ which java
    [junit]      [echo]   /usr/bin/java
    [junit]      [echo]   [bldmastr@sisyphus ptII]$ ls -l /usr/bin/java
    [junit]      [echo]   lrwxrwxrwx 1 root root 26 Jul 31 10:12 /usr/bin/java -> /usr/java/default/bin/java
    [junit]      [echo]   [bldmastr@sisyphus ptII]$ export JAVA_HOME=/usr/java/default
    [junit]      [echo]     
    [junit] 
    [junit] -build-subprojects-empty:
    [junit] 
    [junit] build-subprojects:
    [junit] 
    [junit] -check-node:
    [junit] 
    [junit] -check-node-works:
    [junit]      [exec] v7.10.1
    [junit] 
    [junit] -check-npm:
    [junit] 
    [junit] -check-npm-works:
    [junit]      [exec] 4.2.0
    [junit] 
    [junit] -check-if-npmjs-org-is-up:
    [junit]      [echo] Check to see if https://www.npmjs.org is up.
    [junit] 
    [junit] -jsdoc-no-network-message:
    [junit] 
    [junit] -check-jsdoc:
    [junit] 
    [junit] jsdoc-install:
    [junit] 
    [junit] jsdoc-update:
    [junit] 
    [junit] -ptdoc-no-node:
    [junit] 
    [junit] -ptdoc-no-npm:
    [junit] 
    [junit] ptdoc:
    [junit]      [echo] 
    [junit]      [echo]       If the ptdoc target fails, then try running:
    [junit]      [echo]           ant build-project build-bin
    [junit]      [echo]     
    [junit] 
    [junit] -check-node:
    [junit] 
    [junit] -check-node-works:
    [junit]      [exec] v7.10.1
    [junit] 
    [junit] -check-npm:
    [junit] 
    [junit] -check-npm-works:
    [junit]      [exec] 4.2.0
    [junit] 
    [junit] -check-if-npmjs-org-is-up:
    [junit]      [echo] Check to see if https://www.npmjs.org is up or $TRAVIS is set.
    [junit] 
    [junit] -jsdoc-no-network-message:
    [junit] 
    [junit] -check-jsdoc:
    [junit]      [echo] To stop CapeCode from invoking jsdoc and svn, set the PT_NO_NET environment variable.  
    [junit]      [echo]     Under BASH:
    [junit]      [echo]         export PT_NO_NET=true
    [junit]      [echo]     If ptdoc fails, and you are building from $PTII, try:
    [junit]      [echo]         ant build-project build-bin
    [junit]      [echo]     
    [junit] 
    [junit] jsdoc-install:
    [junit] 
    [junit] jsdoc-update:
    [junit] 
    [junit] -ptdoc-no-node-message:
    [junit] 
    [junit] -ptdoc-no-npm-message:
    [junit] 
    [junit] -check-jsdoc-again:
    [junit] 
    [junit] -jsdoc-command-message:
    [junit] 
    [junit] ptdoc:
    [junit]      [echo] Invoke /home/travis/build/icyphy/ptII/org/terraswarm/accessor/accessors/web/../node_modules/@terraswarm/jsdoc/jsdoc.js to read *.js files and generate *PtDoc.xml files suitable for Ptolemy.
    [junit]      [echo]     See https://chess.eecs.berkeley.edu/ptexternal/wiki/Main/JSDocSystems
    [junit]      [echo]     See jsdoc/jsdoc.json
    [junit]      [echo]     See jsdoc/plugins/accessorJSDocTags.js
    [junit]      [echo]     See jsdoc/templates/ptdoc/publish.js
    [junit]      [echo] 
    [junit]      [echo]     If the ptdoc target fails, the there is likely a problem with node or npm.  It is possible
    [junit]      [echo]     to use CapeCode even if the ptdoc target fails.
    [junit]      [echo]     
    [junit]      [echo]     If you are building from $PTII, try:
    [junit]      [echo]         ant build-project build-bin
    [junit]      [echo] 
    [junit]      [echo]     
    [junit]      [exec] Generating output files...
    [junit]      [exec] Finished running in 14.29 seconds.
    [junit] 
    [junit] build-project:
    [junit]      [echo] ptII: /home/travis/build/icyphy/ptII/build.xml
    [junit]     [javac] Compiling 2 source files to /home/travis/build/icyphy/ptII
    [junit] 
    [junit] -check-ptII-mk-file:
    [junit] 
    [junit] -check-bin-vergil:
    [junit] 
    [junit] -check-make-bin-vergil:
    [junit] 
    [junit] build-bin-not:
    [junit] 
    [junit] build-not-bin-vergil:
    [junit] 
    [junit] build-bin:
    [junit] 
    [junit] build:
    [junit] 
    [junit] BUILD SUCCESSFUL
    [junit] Total time: 21 seconds
    [junit] Loading DOPCenter model, running it and exporting
    [junit] +rm DOPCenter.png
    [junit] rm: cannot remove 'DOPCenter.png': No such file or directory
    [junit] +/home/travis/build/icyphy/ptII/bin/ptinvoke -Dptolemy.ptII.doNotExit= ptolemy.vergil.basic.export.ExportModel png -run -save /home/travis/build/icyphy/ptII/ptolemy/domains/space/demo/DOPCenter/DOPCenter.xml
    [junit] Running .DOPCenter
    [junit] 2818 ms. Memory: 162816K Free: 120669K (74%)
    [junit] Saving .DOPCenter
    [junit] Exported /home/travis/build/icyphy/ptII/ptolemy/domains/space/demo/DOPCenter/DOPCenter.png
    [junit] +/home/travis/build/icyphy/ptII/bin/ptinvoke -Dptolemy.ptII.doNotExit= ptolemy.vergil.basic.export.ExportModel png -run -save /home/travis/build/icyphy/ptII/ptolemy/domains/space/demo/DOPCenter/DOPCenter.xml
    [junit] Running .DOPCenter
    [junit] 2333 ms. Memory: 155648K Free: 129917K (83%)
    [junit] Saving .DOPCenter
    [junit] Exported /home/travis/build/icyphy/ptII/ptolemy/domains/space/demo/DOPCenter/DOPCenter.png
    [junit] +/home/travis/build/icyphy/ptII/bin/ptinvoke ptolemy.actor.gui.MoMLSimpleApplication Placard.xml
    [junit] 3129 ms. Memory: 129024K Free: 85870K (67%)
    [junit] WARNING: An illegal reflective access operation has occurred
    [junit] WARNING: Illegal reflective access by io.netty.util.internal.ReflectionUtil (file:/home/travis/build/icyphy/ptII/lib/netty-common-4.1.19.Final.jar) to constructor java.nio.DirectByteBuffer(long,int)
    [junit] WARNING: Please consider reporting this to the maintainers of io.netty.util.internal.ReflectionUtil
    [junit] WARNING: Use --illegal-access=warn to enable warnings of further illegal reflective access operations
    [junit] WARNING: All illegal access operations will be denied in a future release
    [junit] +[ -f Placard.tex ]
    [junit] +pdflatex Placard.tex
    [junit] This is pdfTeX, Version 3.14159265-2.6-1.40.16 (TeX Live 2015/Debian) (preloaded format=pdflatex)
    [junit]  restricted \write18 enabled.
    [junit] entering extended mode
    [junit] (./Placard.tex
    [junit] LaTeX2e <2016/02/01>
    [junit] Babel <3.9q> and hyphenation patterns for 3 language(s) loaded.
    [junit] (/usr/share/texlive/texmf-dist/tex/latex/base/article.cls
    [junit] Document Class: article 2014/09/29 v1.4h Standard LaTeX document class
    [junit] (/usr/share/texlive/texmf-dist/tex/latex/base/size10.clo))
    [junit] No file Placard.aux.
    [junit] [1{/var/lib/texmf/fonts/map/pdftex/updmap/pdftex.map}] [2] [3] [4] [5] [6]
    [junit] [7] (./Placard.aux) )</usr/share/texlive/texmf-dist/fonts/type1/public/amsfonts
    [junit] /cm/cmssbx10.pfb>
    [junit] Output written on Placard.pdf (7 pages, 22862 bytes).
    [junit] Transcript written on Placard.log.
    [junit] +[ ! -f Placard.pdf ]
    [junit] +rm Placard.aux Placard.log
    [junit] +/home/travis/build/icyphy/ptII/bin/ptinvoke ptolemy.actor.gui.MoMLSimpleApplication DOPCSV.xml
    [junit] 2735 ms. Memory: 129024K Free: 112275K (87%)
    [junit] WARNING: An illegal reflective access operation has occurred
    [junit] WARNING: Illegal reflective access by io.netty.util.internal.ReflectionUtil (file:/home/travis/build/icyphy/ptII/lib/netty-common-4.1.19.Final.jar) to constructor java.nio.DirectByteBuffer(long,int)
    [junit] WARNING: Please consider reporting this to the maintainers of io.netty.util.internal.ReflectionUtil
    [junit] WARNING: Use --illegal-access=warn to enable warnings of further illegal reflective access operations
    [junit] WARNING: All illegal access operations will be denied in a future release
    [junit] +[ ! -f DOP.csv ]
    [junit] -rw-rw-r-- 1 travis travis 163090 Jul  5 14:41 /home/travis/build/icyphy/ptII/ptolemy/domains/space/demo/DOPCenter/DOPCenter.png
    [junit] make: Leaving directory '/home/travis/build/icyphy/ptII/adm/gen-11.1'
    [junit] All Done
    [junit] /home/travis/build/icyphy/ptII/adm/installers/test/installers.tcl
    [junit] adm/test/Nightly.tcl: about to clean
    [junit] adm/test/nightlyMake.tcl: about to execute [make -C /home/travis/build/icyphy/ptII/adm/installers/test/../../../adm/gen-11.1 PTIIHOME=/home/travis/build/icyphy/ptII/adm/installers/test/../../.. PTIIADM=/home/travis/build/icyphy/ptII/adm/installers/test/../../../adm JAR=/usr/bin/jar TAR=/usr/local/bin/tar clean]
    [junit] About to execute:
    [junit]     make -C
    [junit] /home/travis/build/icyphy/ptII/adm/installers/test/../../../adm/gen-11.1
    [junit] PTIIHOME=/home/travis/build/icyphy/ptII/adm/installers/test/../../..
    [junit] PTIIADM=/home/travis/build/icyphy/ptII/adm/installers/test/../../../adm
    [junit] JAR=/usr/bin/jar TAR=/usr/local/bin/tar clean
    [junit] make: Entering directory '/home/travis/build/icyphy/ptII/adm/gen-11.1'
    [junit] rm -f ptII11_1_devel_setup_windows.jar ptII11_1_devel_setup_windows.exe
    [junit] rm -rf /home/travis/build/icyphy/ptII/adm/installers/test/../../../adm/dists/ptII11.1.devel/ptiny.exe /home/travis/build/icyphy/ptII/adm/installers/test/../../../adm/dists/ptII11.1.devel/ptbook.exe /home/travis/build/icyphy/ptII/adm/installers/test/../../../adm/dists/ptII11.1.devel/jar_dist /home/travis/build/icyphy/ptII/adm/installers/test/../../../adm/dists/ptII11.1.devel/ptolemy/matlab/ptmatlab.dll
    [junit] #
    [junit] # Now cleaning old tar files
    [junit] #
    [junit] clean Sun Jul  5 14:41:57 UTC 2020
    [junit]  14:41:57 up 6 min,  1 user,  load average: 1.74, 1.22, 0.56
    [junit] rm -f /home/travis/build/icyphy/ptII/adm/installers/test/../../../adm/gen-11.1/ptII11.1.devel.tar /home/travis/build/icyphy/ptII/adm/installers/test/../../../adm/gen-11.1/ptII11.1.devel.src.zip /home/travis/build/icyphy/ptII/adm/installers/test/../../../adm/gen-11.1/ptolemy.devel11.1.devel.src.tar /home/travis/build/icyphy/ptII/adm/installers/test/../../../adm/gen-11.1/ptII11.1.devel.src.tar
    [junit] rm -f opencv_java320.dll
    [junit] rm -rf /home/travis/build/icyphy/ptII/adm/installers/test/../../../adm/gen-11.1/ptII11.1.devel.src.jar src_jar
    [junit] rm -rf /home/travis/build/icyphy/ptII/adm/installers/test/../../../adm/dists/ptII11.1.devel src installshield/*
    [junit] rm -rf capecode0.3.devel.src.jar
    [junit] rm -rf hyvisual11.1.devel.src.jar
    [junit] rm -rf viptos1.1.devel.src.jar
    [junit] rm -rf /home/travis/build/icyphy/ptII/adm/installers/test/../../../adm/gen-11.1/ptzip
    [junit] rm -rf ptII11_1_devel_setup_windows_64.exe ptII11_1_devel_setup_windows_64.jar ptII11_1_devel_setup_windows_64.xml ptII11_1_devel_setup_windows.jar ptII11_1_devel_setup_windows.exe test/installerTest test/ptII11.1.devel
    [junit] rm -rf capecode0.3.devel.src.jar capecode0.3.devel.tar.gz
    [junit] rm -rf capecode0_3_devel_setup_windows_64.xml capecode0_3_devel_setup_windows.jar capecode0_3_devel_setup_windows_64.exe
    [junit] rm -rf capecode0.3.devel.setup.mac.app capecode0.3.devel.setup.mac.app.tar.gz capecode0.3.devel.setup.mac.dmg capecode0.3.devel.setup.mac.jar capecode0.3.devel.setup.mac.xml
    [junit] rm -rf capecode0.3.devel.setup.linux.tar.gz capecode0.3.devel.setup.linux.jar capecode0.3.devel.setup.linux.xml
    [junit] rm -rf capecode0_3_devel_setup_windows.exe capecode0_3_devel_setup_windows.jar
    [junit] rm -rf capecode0_3_devel_setup_windows_64.exe capecode0_3_devel_setup_windows_64.jar
    [junit] rm -rf capeCodeNonGUI.tar.gz
    [junit] rm -rf ptII11.1.devel.setup.mac.jar ptII11.1.devel.setup.mac.app ptII11.1.devel.setup.mac.app.tar.gz ptII11.1.devel.setup.mac.dmg ptII11.1.devel.setup.mac.jar ptII11.1.devel.setup.mac.xml
    [junit] rm -rf ptII11.1.devel.setup.linux.jar ptII11.1.devel.setup.mac.xml
    [junit] rm -rf /home/travis/build/icyphy/ptII/adm/installers/test/../../../adm/gen-11.1/ptII11.1.devel.tar /home/travis/build/icyphy/ptII/adm/installers/test/../../../adm/gen-11.1/ptII11.1.devel.src.zip /home/travis/build/icyphy/ptII/adm/installers/test/../../../adm/gen-11.1/ptII11.1.devel.src.tar /home/travis/build/icyphy/ptII/adm/installers/test/../../../adm/gen-11.1/ptII11.1.devel.src.jar
    [junit] All Done
    [junit] adm/test/nightlyMake.tcl: about to execute [make -C /home/travis/build/icyphy/ptII/adm/installers/test/../../../adm/gen-11.1 PTIIHOME=/home/travis/build/icyphy/ptII/adm/installers/test/../../.. PTIIADM=/home/travis/build/icyphy/ptII/adm/installers/test/../../../adm JAR=/usr/bin/jar TAR=/usr/local/bin/tar all]
    [junit] About to execute:
    [junit]     make -C
    [junit] /home/travis/build/icyphy/ptII/adm/installers/test/../../../adm/gen-11.1
    [junit] PTIIHOME=/home/travis/build/icyphy/ptII/adm/installers/test/../../..
    [junit] PTIIADM=/home/travis/build/icyphy/ptII/adm/installers/test/../../../adm
    [junit] JAR=/usr/bin/jar TAR=/usr/local/bin/tar all
    [junit] make: Leaving directory '/home/travis/build/icyphy/ptII/adm/gen-11.1'
    [junit] make: Entering directory '/home/travis/build/icyphy/ptII/adm/gen-11.1'
    [junit] if [ ! -f /home/travis/build/icyphy/ptII/adm/installers/test/../../../vendors/installer/izpack-dist-5.1.3-SNAPSHOT.jar ]; then \
    [junit] 	echo "Downloading izpack: `date`"; \
    [junit] 	wget --quiet -O /home/travis/build/icyphy/ptII/adm/installers/test/../../../vendors/installer/izpack-dist-5.1.3-SNAPSHOT.jar \
    [junit] 		https://github.com/icyphy/ptII/releases/download/nightly/izpack-dist-5.1.3-SNAPSHOT.jar; \
    [junit] fi
    [junit] Downloading izpack: Sun Jul  5 14:41:57 UTC 2020
    [junit] sed 's#@@PTII@@#/home/travis/build/icyphy/ptII/adm/installers/test/../../..#' izpackInstallDist.xml > izpackInstall.xml
    [junit] (cd /home/travis/build/icyphy/ptII/adm/installers/test/../../../vendors; java -jar /home/travis/build/icyphy/ptII/adm/installers/test/../../../vendors/installer/izpack-dist-5.1.3-SNAPSHOT.jar /home/travis/build/icyphy/ptII/adm/installers/test/../../../adm/gen-11.1/izpackInstall.xml)
    [junit] Command line arguments: /home/travis/build/icyphy/ptII/adm/installers/test/../../../adm/gen-11.1/izpackInstall.xml 
    [junit] [ Starting automated installation ]
    [junit] ====================
    [junit] Installation started
    [junit] Framework: 5.1.3-SNAPSHOT-3e7e3 (IzPack)
    [junit] Platform: ubuntu_linux,version=4.15.0-1028-gcp,arch=x64,symbolicName=null,javaVersion=11.0.2
    [junit] [ Starting to unpack ]
    [junit] [ Processing package: Required files (1/2) ]
    [junit] Cleaning up the target folder ...
    [junit] [ Processing package: Experimental tools (2/2) ]
    [junit] [ Unpacking finished ]
    [junit] Installation finished
    [junit] [ Writing the uninstaller data ... ]
    [junit] [ Automated installation done ]
    [junit] #rm -f izpackInstall.xml
    [junit] 
    [junit] izpackFix:
    [junit] Changing the Info.plist for the Mac installer app to require Java 1.8 or later.
    [junit] 
    [junit] if [ ! -f "/home/travis/build/icyphy/ptII/adm/installers/test/../../../vendors/izpack/utils/wrappers/izpack2app/Mac-App-Template/Contents/Info.plist.orig" ]; then \
    [junit] 	cp "/home/travis/build/icyphy/ptII/adm/installers/test/../../../vendors/izpack/utils/wrappers/izpack2app/Mac-App-Template/Contents/Info.plist" "/home/travis/build/icyphy/ptII/adm/installers/test/../../../vendors/izpack/utils/wrappers/izpack2app/Mac-App-Template/Contents/Info.plist.orig"; \
    [junit]         fi
    [junit] sed 's@<string>1.[*0-8+]*</string>@<string>1.8+</string>@' "/home/travis/build/icyphy/ptII/adm/installers/test/../../../vendors/izpack/utils/wrappers/izpack2app/Mac-App-Template/Contents/Info.plist" > "/home/travis/build/icyphy/ptII/adm/installers/test/../../../vendors/izpack/utils/wrappers/izpack2app/Mac-App-Template/Contents/Info.plist.tmp"
    [junit] diff "/home/travis/build/icyphy/ptII/adm/installers/test/../../../vendors/izpack/utils/wrappers/izpack2app/Mac-App-Template/Contents/Info.plist.tmp" "/home/travis/build/icyphy/ptII/adm/installers/test/../../../vendors/izpack/utils/wrappers/izpack2app/Mac-App-Template/Contents/Info.plist"
    [junit] 28c28
    [junit] <     <string>1.8+</string>
    [junit] ---
    [junit] >     <string>1.4+</string>
    [junit] makefile:2825: recipe for target 'izpackFix' failed
    [junit] mv "/home/travis/build/icyphy/ptII/adm/installers/test/../../../vendors/izpack/utils/wrappers/izpack2app/Mac-App-Template/Contents/Info.plist.tmp" "/home/travis/build/icyphy/ptII/adm/installers/test/../../../vendors/izpack/utils/wrappers/izpack2app/Mac-App-Template/Contents/Info.plist"
    [junit] make: [izpackFix] Error 1 (ignored)
    [junit] if [ ! -f /home/travis/build/icyphy/ptII/adm/installers/test/../../../vendors/installer/launch4j-3.11.tgz ]; then \
    [junit]     case `uname` in \
    [junit] 	Darwin) osfile=macosx-x86;; \
    [junit] 	Linux) osfile=linux-x64;; \
    [junit]     esac; \
    [junit]     echo "Downloading /home/travis/build/icyphy/ptII/adm/installers/test/../../../vendors/installer/launch4j-3.11.tgz for $osfile: `date`"; \
    [junit]     wget --quiet "https://osdn.net/frs/g_redir.php?m=kent&f=launch4j%2Flaunch4j-3%2F3.11%2Flaunch4j-3.11-$osfile.tgz" -O /home/travis/build/icyphy/ptII/adm/installers/test/../../../vendors/installer/launch4j-3.11.tgz; \
    [junit]         fi
    [junit] Downloading /home/travis/build/icyphy/ptII/adm/installers/test/../../../vendors/installer/launch4j-3.11.tgz for linux-x64: Sun Jul  5 14:42:00 UTC 2020
    [junit] Creating L4J_DIR: /home/travis/build/icyphy/ptII/adm/installers/test/../../../vendors/launch4j
    [junit] if [ ! -d /home/travis/build/icyphy/ptII/adm/installers/test/../../../vendors/launch4j ]; then \
    [junit] 	cd /home/travis/build/icyphy/ptII/adm/installers/test/../../../vendors; \
    [junit] 	/usr/local/bin/tar -zxf /home/travis/build/icyphy/ptII/adm/installers/test/../../../vendors/installer/launch4j-3.11.tgz; \
    [junit] 	ls -l /home/travis/build/icyphy/ptII/adm/installers/test/../../../vendors/launch4j; \
    [junit] fi
    [junit] total 264
    [junit] drwxr-xr-x 2 travis travis   4096 Jun 27  2017 bin
    [junit] -rw-r--r-- 1 travis travis   2457 Jun 27  2017 build.xml
    [junit] drwxr-xr-x 5 travis travis   4096 Jun 27  2017 demo
    [junit] drwxr-xr-x 2 travis travis   4096 Jun 27  2017 head
    [junit] drwxr-xr-x 2 travis travis   4096 Jun 27  2017 head_jni_BETA
    [junit] drwxr-xr-x 6 travis travis   4096 Jun 27  2017 head_src
    [junit] -rwxr-xr-x 1 travis travis    160 Jun 27  2017 launch4j
    [junit] -rw-r--r-- 1 travis travis 197822 Jun 27  2017 launch4j.jar
    [junit] -rw-r--r-- 1 travis travis    125 Jun 27  2017 launch4j.jfpr
    [junit] drwxr-xr-x 2 travis travis   4096 Jun 27  2017 lib
    [junit] -rw-r--r-- 1 travis travis   1630 Jun 27  2017 LICENSE.txt
    [junit] drwxr-xr-x 2 travis travis   4096 Jun 27  2017 manifest
    [junit] drwxr-xr-x 4 travis travis   4096 Jun 27  2017 maven
    [junit] drwxr-xr-x 2 travis travis   4096 Jun 27  2017 sign4j
    [junit] drwxr-xr-x 4 travis travis   4096 Jun 27  2017 src
    [junit] drwxr-xr-x 2 travis travis   4096 Jun 27  2017 w32api
    [junit] drwxr-xr-x 2 travis travis   4096 Jun 27  2017 w32api_jni
    [junit] drwxr-xr-x 2 travis travis   4096 Jun 27  2017 web
    [junit] Downloading /home/travis/build/icyphy/ptII/adm/installers/test/../../../vendors/installer/opencv_java320.dll: Sun Jul  5 14:42:03 UTC 2020
    [junit] wget --quiet -O /home/travis/build/icyphy/ptII/adm/installers/test/../../../vendors/installer/opencv_java320.dll https://chess.eecs.berkeley.edu/ptexternal/src/opencv_java320.dll
    [junit] makefile:343: recipe for target '/home/travis/build/icyphy/ptII/adm/installers/test/../../../vendors/installer/opencv_java320.dll' failed
    [junit] make: Leaving directory '/home/travis/build/icyphy/ptII/adm/gen-11.1'
    [junit] All Done
    [junit] make: *** [/home/travis/build/icyphy/ptII/adm/installers/test/../../../vendors/installer/opencv_java320.dll] Error 5
    [junit] 
    [junit] 
    [junit] ==== $PTII/adm/installers/test/installers.tcl: installers-1.2 all
    [junit] ==== Contents of test case:
    [junit] 
    [junit]     set matches [nightlyMake all]
    [junit]     list $matches [file exists $ptII_full]
    [junit] 
    [junit] ==== Result was:
    [junit] {{Last subprocess returned non-zero: 2} {}} 0
    [junit] ---- Result should have been:
    [junit] {} 1
    [junit] ---- installers-1.2 FAILED
    [junit] adm/test/nightlyMake.tcl: about to execute [make -C /home/travis/build/icyphy/ptII/adm/installers/test/../../../adm/gen-11.1 PTIIHOME=/home/travis/build/icyphy/ptII/adm/installers/test/../../.. PTIIADM=/home/travis/build/icyphy/ptII/adm/installers/test/../../../adm JAR=/usr/bin/jar TAR=/usr/local/bin/tar src.jar]
    [junit] About to execute:
    [junit]     make -C
    [junit] /home/travis/build/icyphy/ptII/adm/installers/test/../../../adm/gen-11.1
    [junit] PTIIHOME=/home/travis/build/icyphy/ptII/adm/installers/test/../../..
    [junit] PTIIADM=/home/travis/build/icyphy/ptII/adm/installers/test/../../../adm
    [junit] JAR=/usr/bin/jar TAR=/usr/local/bin/tar src.jar
    [junit] make: Entering directory '/home/travis/build/icyphy/ptII/adm/gen-11.1'
    [junit] #
    [junit] src_jar rule
    [junit] #
    [junit] mkdir src_jar;
    [junit] # Don't use -v with tar, you may see "/usr/local/bin/tar: write error"
    [junit] (cd src_jar; /usr/local/bin/tar -xf /home/travis/build/icyphy/ptII/adm/installers/test/../../../adm/gen-11.1/ptII11.1.devel.src.tar)
    [junit] /usr/local/bin/tar: /home/travis/build/icyphy/ptII/adm/installers/test/../../../adm/gen-11.1/ptII11.1.devel.src.tar: Cannot open: No such file or directory
    [junit] /usr/local/bin/tar: Error is not recoverable: exiting now
    [junit] makefile:1213: recipe for target 'src_jar' failed
    [junit] make: Leaving directory '/home/travis/build/icyphy/ptII/adm/gen-11.1'
    [junit] All Done
    [junit] make: *** [src_jar] Error 2
    [junit] nightly-1.4: /home/travis/build/icyphy/ptII/adm/installers/test/../../../adm/gen-11.1/ptII11.1.devel.src.jar
    [junit] 
    [junit] 
    [junit] ==== $PTII/adm/installers/test/installers.tcl: installers-1.4 src.jar
    [junit] ==== Contents of test case:
    [junit] 
    [junit]     set filename $gendir/ptII$version.src.jar
    [junit]     file delete -force $filename
    [junit]     set r0  [file exists $filename]
    [junit] 
    [junit]     set matches [nightlyMake src.jar]
    [junit] 
    [junit]     puts "nightly-1.4: $filename"
    [junit]     list $r0 $matches [file exists $filename]
    [junit] 
    [junit] ==== Result was:
    [junit] 0 {{Last subprocess returned non-zero: 2} {make: *** [src_jar] Error 2
    [junit] }} 0
    [junit] ---- Result should have been:
    [junit] 0 {} 1
    [junit] ---- installers-1.4 FAILED
    [junit] adm/test/nightlyMake.tcl: about to execute [make -C /home/travis/build/icyphy/ptII/adm/installers/test/../../../adm/gen-11.1 PTIIHOME=/home/travis/build/icyphy/ptII/adm/installers/test/../../.. PTIIADM=/home/travis/build/icyphy/ptII/adm/installers/test/../../../adm JAR=/usr/bin/jar TAR=/usr/local/bin/tar setup]
    [junit] About to execute:
    [junit]     make -C
    [junit] /home/travis/build/icyphy/ptII/adm/installers/test/../../../adm/gen-11.1
    [junit] PTIIHOME=/home/travis/build/icyphy/ptII/adm/installers/test/../../..
    [junit] PTIIADM=/home/travis/build/icyphy/ptII/adm/installers/test/../../../adm
    [junit] JAR=/usr/bin/jar TAR=/usr/local/bin/tar setup
    [junit] ln: failed to create symbolic link '/home/travis/build/icyphy/ptII/adm/installers/test/../../../adm/dists/ptII11.1.devel/vendors/launch4j': No such file or directory
    [junit] make: *** [/home/travis/build/icyphy/ptII/adm/installers/test/../../../adm/dists/ptII11.1.devel/vendors/launch4j] Error 1
    [junit] All Done
    [junit] nightly-1.5: /home/travis/build/icyphy/ptII/adm/installers/test/../../../adm/gen-11.1/ptII11_1_devel_setup_windows.exe
    [junit] 
    [junit] 
    [junit] ==== $PTII/adm/installers/test/installers.tcl: installers-1.5 setup
    [junit] ==== Contents of test case:
    [junit] 
    [junit]     set filename $gendir/$ptsetup.exe
    [junit]     file delete -force $filename
    [junit]     set r0  [file exists $filename]
    [junit] 
    [junit]     set matches [nightlyMake setup]
    [junit] 
    [junit]     puts "nightly-1.5: $filename"
    [junit]     list $r0 $matches [file exists $filename]
    [junit] 
    [junit] ==== Result was:
    [junit] 0 {{Last subprocess returned non-zero: 2} {make: *** [/home/travis/build/icyphy/ptII/adm/installers/test/../../../adm/dists/ptII11.1.devel/vendors/launch4j] Error 1
    [junit] }} 0
    [junit] ---- Result should have been:
    [junit] 0 {} 1
    [junit] ---- installers-1.5 FAILED
    [junit] make: Entering directory '/home/travis/build/icyphy/ptII/adm/gen-11.1'
    [junit] if [ ! -h /home/travis/build/icyphy/ptII/adm/installers/test/../../../adm/dists/ptII11.1.devel/vendors/launch4j ]; then \
    [junit] 	echo "Created link for launch4j"; \
    [junit] 	ln -s /home/travis/build/icyphy/ptII/adm/installers/test/../../../vendors/launch4j /home/travis/build/icyphy/ptII/adm/installers/test/../../../adm/dists/ptII11.1.devel/vendors/launch4j; \
    [junit] fi
    [junit] Created link for launch4j
    [junit] makefile:3120: recipe for target '/home/travis/build/icyphy/ptII/adm/installers/test/../../../adm/dists/ptII11.1.devel/vendors/launch4j' failed
    [junit] make: Leaving directory '/home/travis/build/icyphy/ptII/adm/gen-11.1'
    [junit] 07/05/20 02:42:04
    [junit] Failed: 3  Total Tests: 5  ((Passed: 2, Newly Passed: 0)  Known Failed: 0) /home/travis/build/icyphy/ptII/adm/installers/test
    [junit] No auto/knownFailedTests/*.xml tests in /home/travis/build/icyphy/ptII/adm/installers/test
    [junit] No auto/linux-amd64/*.xml tests in /home/travis/build/icyphy/ptII/adm/installers/test
    [junit] WARNING: An illegal reflective access operation has occurred
    [junit] WARNING: Illegal reflective access by io.netty.util.internal.ReflectionUtil (file:/home/travis/build/icyphy/ptII/lib/netty-common-4.1.19.Final.jar) to constructor java.nio.DirectByteBuffer(long,int)
    [junit] WARNING: Please consider reporting this to the maintainers of io.netty.util.internal.ReflectionUtil
    [junit] WARNING: Use --illegal-access=warn to enable warnings of further illegal reflective access operations
    [junit] WARNING: All illegal access operations will be denied in a future release
    [junit] AutoTests.java: About to close Vertx.
    [junit] AutoTests.java: Vertx closed.
    [junit] No auto/*.xml tests in /home/travis/build/icyphy/ptII/adm/installers/test
    [junit] AutoTests.java: About to close Vertx.
    [junit] AutoTests.java: Vertx closed.
    [junit] Tests run: 5, Failures: 1, Errors: 0, Skipped: 0, Time elapsed: 79.946 sec
    [junit] Output:
    [junit] /home/travis/build/icyphy/ptII/adm/installers/test/NightlyUpdate.tcl
    [junit] testDefs.tcl: setting time out to 9000 seconds at Sun Jul 05 14:40:44 UTC 2020
    [junit] This test (NightlyUpdate.tcl) should be run after NightlyTest.tcl
    [junit] adm/test/nightlyMake.tcl: about to execute [make -C /home/travis/build/icyphy/ptII/adm/installers/test/../../../adm/gen-11.1 PTIIHOME=/home/travis/build/icyphy/ptII/adm/installers/test/../../.. PTIIADM=/home/travis/build/icyphy/ptII/adm/installers/test/../../../adm JAR=/usr/bin/jar TAR=/usr/local/bin/tar updateDOPCenterImage]
    [junit] About to execute:
    [junit]     make -C
    [junit] /home/travis/build/icyphy/ptII/adm/installers/test/../../../adm/gen-11.1
    [junit] PTIIHOME=/home/travis/build/icyphy/ptII/adm/installers/test/../../..
    [junit] PTIIADM=/home/travis/build/icyphy/ptII/adm/installers/test/../../../adm
    [junit] JAR=/usr/bin/jar TAR=/usr/local/bin/tar updateDOPCenterImage
    [junit] make: Entering directory '/home/travis/build/icyphy/ptII/adm/gen-11.1'
    [junit] /home/travis/build/icyphy/ptII/adm/installers/test/../../../adm/gen-11.1/updateDOPCenterImageX11
    [junit] Be sure that everything is built
    [junit] For more verbose output, run ./configure --enable-verbose
    [junit] checking if your path has 'program files/java' instead of 'Program Files/Java' ... ok
    [junit] checking if $PTII ('/home/travis/build/icyphy/ptII') has backslashes... ok
    [junit] checking if $PTII ('/home/travis/build/icyphy/ptII') and the current directory are the same"... checking if $PTII ('/home/travis/build/icyphy/ptII') contains "cygdrive"... ok
    [junit] checking for find... /usr/bin/find
    [junit] checking for javac... /usr/local/lib/jvm/openjdk11/bin/javac
    [junit] Unrecognized option: -d32
    [junit] Error: Could not create the Java Virtual Machine.
    [junit] Error: A fatal exception has occurred. Program will exit.
    [junit] checking for java32... no
    [junit] configure: WARNING: Running java -d32 -version failed,
    [junit]     and ./bin/java does not exist.
    [junit]     Perhaps you need to install a separate 32-bit JVM
    [junit]     or rerun configure with --with-java32?
    [junit]     The 32-bit JVM is only needed for certain 32-bit FMI tests.
    [junit]     In general, under a 64-bit JVM, FMI will work fine without a 32-bit JVM.
    [junit] checking for the java runtime in /usr/local/lib/jvm/openjdk11/bin... ok
    [junit] checking for java... /usr/local/lib/jvm/openjdk11/bin/java
    [junit] checking for the java compiler in /usr/local/lib/jvm/openjdk11/bin... ok
    [junit] checking for javac... (cached) /usr/local/lib/jvm/openjdk11/bin/javac
    [junit] checking the Java compiler with a simple compile... ok
    [junit] checking the value of the java.version Property ... ok
    [junit] checking for Java version for use with -target and by Ant in build.xml... ok
    [junit] checking the JDK version... ok
    [junit] checking for java.home property by compiling a test program ... ok
    [junit] checking for java.home property by running a test program ... ok
    [junit] checking for the jar command... ok
    [junit] checking that /usr/local/lib/jvm/openjdk11/bin/jar can handle -i... ok
    [junit] checking for the jarsigner command... ok
    [junit] configure: WARNING: Cannot find '/usr/local/lib/jvm/openjdk11/bin/javaws'.
    [junit]     or '/Commands/javaws', looking in the path.
    [junit]     This is only a problem when testing the Java Webstart (JNLP) files.
    [junit] configure: WARNING: The javaws command "" is not executable or not found.
    [junit]     This is only a problem when testing the Java Webstart (JNLP) files.
    [junit] checking for the javaws command... checking for javaws... no
    [junit] checking for the keytool command... ok
    [junit] checking for the proper CLASSPATH separator... ok
    [junit] checking for /home/travis/build/icyphy/ptII/org/terraswarm/accessor/accessors/, used by CapeCode and Accessors... ok
    [junit] checking Java 9 and later... ok
    [junit] checking for the Apache ant binary... ok
    [junit] checking for gawk... /usr/bin/gawk
    [junit] checking for mvn... /usr/local/maven-3.6.0/bin/mvn
    [junit] checking for maven ant task.  This could take a minute the first time configure is run.... ok
    [junit] configure: WARNING: Failed to find /usr/local/include/boost/numeric/odeint.hpp
    [junit]     This is only a problem if you want to rebuild the Functional
    [junit]     Mock-up Interface ++ C files in actor/lib/fmi/fmipp.
    [junit]     Most users can use the shared libraries in /home/travis/build/icyphy/ptII/lib or /home/travis/build/icyphy/ptII/bin.
    [junit] checking for websensor in $PTII/ptolemy/apps/websensor... checking for Boost... checking for BSH, the Java Bean Shell... ok
    [junit] checking for Cal, the actor language... ok
    [junit] checking for saxon8.jar (used by caltrop)... ok
    [junit] checking for saxon8-dom.jar (used by caltrop)... ok
    [junit] checking for java_cup.jar (used by caltrop)... ok
    [junit] configure: WARNING: Failed to find Checkstyle in /home/travis/build/icyphy/ptII/vendors/checkstyle-6.2
    [junit]     Checkstyle is only necessary for code cleaning.
    [junit]     Checkstyle is LGPL'd, so while it could be in the ptII repo, we don't add it.
    [junit]     Checkstyle may be downloaded from http://checkstyle.sourceforge.net/
    [junit] checking for Checkstyle, optionally used to check the style of Java files.... checking for Chic, the model checker... ok
    [junit] checking for Ptolemy subset of Colt, the scientific computing lib... ok
    [junit] configure: WARNING: Did not find /home/travis/build/icyphy/ptII/vendors/misc/colt/colt.jar,
    [junit]     using /home/travis/build/icyphy/ptII/lib/ptcolt.jar
    [junit] CORBATest.java:28: error: package org.omg.CORBA does not exist
    [junit] import org.omg.CORBA.Object;
    [junit]                     ^
    [junit] CORBATest.java:46: error: package org.omg.CORBA does not exist
    [junit]     public static org.omg.CORBA.Object corbaObject = null;
    [junit]                                ^
    [junit] 2 errors
    [junit] configure: WARNING: '"/usr/local/lib/jvm/openjdk11/bin/javac" CORBATest.java' failed.
    [junit]     perhaps you are running an JDK 1.9?
    [junit]     You will not be able to run the ptolemy.actor.corba actors,
    [junit]     which is probably not a problem.
    [junit] configure: WARNING: Failed to find Cobertura in /home/travis/build/icyphy/ptII/vendors/corbertura-2.0.3
    [junit]     Cobertura is only necessary to for code coverage.
    [junit]     Cobertura is GPL'd, so we don't check it in to the ptII repository.
    [junit]     Cobertura may be downloaded from http://cobertura.github.io/cobertura/
    [junit] configure: WARNING: Failed to find CUnit in /usr/local or
    [junit]     /home/travis/build/icyphy/ptII/vendors/CUnit.
    [junit]     CUnit is only necessary to test the C templates of the code generation facility
    [junit] configure: WARNING: Could not find tools.jar, checking for classes.jar
    [junit] configure: WARNING: Could not find tools.jar or classes.jar in
    [junit]     PTJAVA_HOME = /usr/local/lib/jvm/openjdk11
    [junit]     Usually, tools.jar is in PTJAVA_HOME/../lib/tools.jar
    [junit]     or classes.jar is in PTJAVA_HOME/../Classes/classes.jar
    [junit]     Since tools.jar and classes.jar cannot be found,
    [junit]     we will not use doclets from ptII/doc/doclets, which
    [junit]     means that the actor documentation index system will not work.
    [junit] checking for Full version of Colt, the scientific computing lib... checking for CORBA... checking for Cobertura, optionally used for Java code coverage.... checking for CUnit to be used to test the C cg templates... checking for tools.jar for use with doclets... checking for classes.jar for use with doclets... checking for javadoc... /usr/local/lib/jvm/openjdk11/bin/javadoc
    [junit] configure: WARNING: Failed to find /home/travis/build/icyphy/ptII/vendors/mbed/gcc-arm/bin/arm-none-eabi-gcc
    [junit]     so the Mbed CG facility will not be run.
    [junit] checking for arm-none-eabi-gcc... checking for the iText PDF jar... ok
    [junit] checking G4LTL... ok
    [junit] JAITest.java:32: error: package com.sun.image.codec.jpeg does not exist
    [junit] import com.sun.image.codec.jpeg.JPEGCodec;
    [junit]                                ^
    [junit] JAITest.java:28: error: package javax.media.jai does not exist
    [junit] import javax.media.jai.*;
    [junit] ^
    [junit] 2 errors
    [junit] configure: WARNING: JAI not found in the default classpath
    [junit] checking for Java Advanced Imaging (JAI) API... checking for JAI in /home/travis/build/icyphy/ptII/vendors... ok
    [junit] JAITest.java:32: error: package com.sun.image.codec.jpeg does not exist
    [junit] import com.sun.image.codec.jpeg.JPEGCodec;
    [junit]                                ^
    [junit] 1 error
    [junit] configure: WARNING: JAI not found in /home/travis/build/icyphy/ptII/vendors/jai-1_1_3
    [junit] configure: WARNING: '"/usr/local/lib/jvm/openjdk11/bin/javac" JAITest.java' failed and JAI jars were not found
    [junit]     in /home/travis/build/icyphy/ptII/vendors
    [junit]     perhaps the Java Advanced Imaging API is not installed?
    [junit] 
    [junit]     Note that JAI does not work in Java 9 and later because Java 9 removed
    [junit]     internal classes used by JAI.
    [junit]     See https://wiki.eecs.berkeley.edu/ptexternal/Main/JAI
    [junit] 
    [junit]     You need not download Jai unless you plan on using the video
    [junit]     actors in /home/travis/build/icyphy/ptII/ptolemy/actor/lib/jai
    [junit]     The JAI API can be downloaded from
    [junit]     http://www.oracle.com/technetwork/java/javasebusiness/downloads/java-archive-downloads-java-client-419417.html
    [junit] checking for JAI using jars in /home/travis/build/icyphy/ptII/vendors/jai-1_1_3/lib... checking for Jcerti, used by hlacerti ... ok
    [junit] checking for JavaMail directory... ok
    [junit] configure: WARNING: Failed to find /usr/local/jmodelica/include/jmi.h
    [junit]     which is part of JModelica.
    [junit]     Ptolemy optionally includes one or more FMUs that use JModelica.
    [junit]     To install JModelica, see https://svn.jmodelica.org/trunk/INSTALL
    [junit] checking for JModelica... TMP_JAVAFX_DIR=/home/travis/build/icyphy/ptII/vendors/javafx/javafx-sdk-11.0.2
    [junit] /home/travis/build/icyphy/ptII/vendors/javafx: total 4
    [junit] drwxr-xr-x 4 travis travis 4096 Jan 16  2019 javafx-sdk-11.0.2
    [junit] JavaFXTest.java:28: error: package javafx.embed.swing does not exist
    [junit] import javafx.embed.swing.JFXPanel;
    [junit]                          ^
    [junit] JavaFXTest.java:29: error: package javafx.scene.media does not exist
    [junit] import javafx.scene.media.Media;
    [junit]                          ^
    [junit] JavaFXTest.java:49: error: cannot find symbol
    [junit]     public static JFXPanel fxPanel = null;
    [junit]                   ^
    [junit]   symbol:   class JFXPanel
    [junit]   location: class JavaFXTest
    [junit] 3 errors
    [junit] configure: WARNING: JavaFX not yet found
    [junit] checking for JavaFX... checking checking for JavaFX in the default classpath... checking checking for JavaFX in a module... ok
    [junit] JMFTest.java:28: error: package javax.media does not exist
    [junit] import javax.media.CaptureDeviceInfo;
    [junit]                   ^
    [junit] 1 error
    [junit] configure: WARNING: JMF not found in the default classpath, will check elsewhere next.
    [junit] checking for Java Media Framework (JMF) in the default classpath... checking for JMF in /home/travis/build/icyphy/ptII/vendors/JMF*... ok
    [junit] checking for the JMF directory... ok
    [junit] checking for Java Native Access (JNA) jar... ok
    [junit] checking for joystick jar file... ok
    [junit] checking for ptjacl.jar... ok
    [junit] checking for how to run jacl with "/usr/local/lib/jvm/openjdk11/bin/java"... % ok
    [junit] checking for JSoup, used when exporting html pages. ... ok
    [junit] checking for the JUnit - the Java Unit Testing Framework... ok
    [junit] checking for the JUnitParams, needed by our JUnit tests... ok
    [junit] checking for the Java Excel API (JXL)... ok
    [junit] checking for jython... no
    [junit] checking for jython.bat... no
    [junit] checking for Jython, the Java implementation of Python... ok
    [junit] checking for kieler jar file used by layout ... ok
    [junit] checking for node... checking for node... /home/travis/.nvm/versions/node/v7.10.1/bin/node
    [junit] checking for npm... checking for npm... /home/travis/.nvm/versions/node/v7.10.1/bin/npm
    [junit] checking for npm before 5.x... ok
    [junit] checking for OpenCV Java API... ok
    [junit] checking for OpenCV by compiling and running a small OpenCV program... About to load opencv_java320
    [junit] Exception in thread "main" java.lang.RuntimeException: Could not load opencv_java320.
    [junit]     java.library.path = /home/travis/pthla/certi-tools/lib:/usr/lib/jni:/usr/local/share/OpenCV/java/:/usr/share/OpenCV/java::/usr/java/packages/lib:/usr/lib64:/lib64:/lib:/usr/lib
    [junit] 	at OpenCVTest.main(OpenCVTest.java:75)
    [junit] Caused by: java.lang.UnsatisfiedLinkError: no opencv_java320 in java.library.path: [/home/travis/pthla/certi-tools/lib, /usr/lib/jni, /usr/local/share/OpenCV/java/, /usr/share/OpenCV/java, ., /usr/java/packages/lib, /usr/lib64, /lib64, /lib, /usr/lib]
    [junit] 	at java.base/java.lang.ClassLoader.loadLibrary(ClassLoader.java:2660)
    [junit] 	at java.base/java.lang.Runtime.loadLibrary0(Runtime.java:829)
    [junit] 	at java.base/java.lang.System.loadLibrary(System.java:1867)
    [junit] 	at OpenCVTest.main(OpenCVTest.java:52)
    [junit] configure: WARNING: Failed to run OpenCV test program in /home/travis/build/icyphy/ptII/config with
    [junit]     /usr/local/lib/jvm/openjdk11/bin/java -classpath /home/travis/build/icyphy/ptII/lib/opencv-320.jar:. OpenCVTest
    [junit]     so we will try other jars.
    [junit] checking for opencv-*.jar in /home/travis/build/icyphy/ptII/vendors/opencv/share/OpenCV/java /home/travis/build/icyphy/ptII/lib /opt/local/share/OpenCV/java /usr/share/OpenCV/java /usr/local/share/OpenCV/java... ok
    [junit] checking /home/travis/build/icyphy/ptII/vendors/opencv/share/OpenCV/java/opencv-341.jar... About to load opencv_java341
    [junit] Imgproc.LINE_8: 8
    [junit] Loaded opencv_java341
    [junit] ok
    [junit] checking if org/ptolemy/opencv will be compiled.... ok
    [junit] checking for Open Sound Control/Processing.org interface (oscP5). ... ok
    [junit] checking for rxtx serial port interface... ok
    [junit] configure: WARNING: Could not find directory
    [junit]     '/home/travis/build/icyphy/ptII/vendors/sun/javacc-5.0'
    [junit]     so we search for the jjtree command.
    [junit] checking for JavaCC... checking for jjtree... no
    [junit] configure: WARNING: Failed to find jjtree
    [junit] configure: WARNING: Failed to find javacc, perhaps JavaCC is not installed?
    [junit]     You need not download JavaCC unless you plan on modifying .jjt files
    [junit]     in ptolemy/data/expr.
    [junit]     JavaCC is available from
    [junit]     https://javacc.org
    [junit] 
    [junit]     Note that the zip file that gets downloaded is actually an installer
    [junit]     that must be run to install the JavaCC.zip file that contains the classes.
    [junit] 
    [junit]     Note that JavaCC-4.1 and 4.2 will not work, there are problems with
    [junit]     ReInit() being static or not static.
    [junit] 
    [junit]     JavaCC-6.0 seems to not include the jjtree and javacc scripts, so
    [junit]     we recommend JavaCC-5.0.
    [junit] 
    [junit]     Try:
    [junit]     cd /home/travis/build/icyphy/ptII/vendors/sun
    [junit]     wget https://javacc.org/downloads/javacc-5.0.tar.gz
    [junit]     tar -zxf javacc-5.0.tar.gz
    [junit]     cd /home/travis/build/icyphy/ptII
    [junit]     ./configure
    [junit] 
    [junit]     Configure looks for JavaCC in /home/travis/build/icyphy/ptII/vendors/sun/javacc-5.0
    [junit]     so either install JavaCC in that location or use the --with-javacc= flag
    [junit]     and then rerun configure.'
    [junit] checking for Java3D... ok
    [junit] checking for Jogl... ok
    [junit] ok
    [junit] ok
    [junit] ok
    [junit] ls: cannot access '/home/travis/build/icyphy/ptII/vendors/jogl/lib/natives/linux-amd64/*.jar': No such file or directory
    [junit] checking for jini directory... ok
    [junit] checking for jars used by jini... ...ok
    [junit] checking for the proper JNI architecture... checking for gcc... /usr/bin/gcc
    [junit] checking for cc... (cached) /usr/bin/gcc
    [junit] checking for javah... /usr/bin/javah
    [junit] checking for the cc for JNI... checking for that the pieces for JNI have been found... ok
    [junit] configure: WARNING: /usr/local/lib/jvm/openjdk11/../include was not found.  As a result, compilation of JNI actors will fail.
    [junit] checking for the proper JNI architecture include directory... checking for the proper JNI library architecture... ok
    [junit] checking for if the -mno-cygwin flag is available... ok
    [junit] checking for the proper shared library gcc flag... ok
    [junit] checking for the proper shared library cc flag... ok
    [junit] checking for the proper shared library link flag... ok
    [junit] checking for the proper shared library prefix... ok
    [junit] checking for the proper shared library suffix... ok
    [junit] checking for JNI libraries needed to link JNI... ok
    [junit] checking for jode directory... ok
    [junit] checking for $JODE_DIR/jode.jar... ok
    [junit] checking for json directory... ok
    [junit] checking for matlab... no
    [junit] configure: WARNING: Failed to find matlab executable in the path.
    [junit]     Perhaps Matlab is not installed?
    [junit]     If Matlab is not present, then the Ptolemy II/Matlab interface in
    [junit]     $PTII/ptolemy/matlab will not be usable.
    [junit] configure: WARNING: Matlab was not found, but compiling the .java files in ptolemy/matlab/ should be ok.
    [junit] checking for Protocol Buffers (ProtoBuf)... ok
    [junit] checking for the Paho MQTT jar... ok
    [junit] checking for mapss.jar, used by the PSDF domain... ok
    [junit] checking for anltr.jar, used by the Ptalon... ok
    [junit] checking for scalac... no
    [junit] configure: WARNING: Failed to find the scalac binary,
    [junit]     so org/ptolemy/scala will be excluded
    [junit] checking for soot directory... ok
    [junit] checking for $SOOT_DIR/sootclasses.jar... ok
    [junit] checking for rt.jar by compiling config/SystemJar.java... ok
    [junit] checking the location or rt.jar... ok
    [junit] checking for mysql jar, used by the database actors... ok
    [junit] SystemJar.main(): java.io.FileNotFoundException: /usr/local/lib/jvm/openjdk11/lib/rt.jar and /usr/local/lib/jvm/openjdk11/lib/core.jar and /usr/local/lib/jvm/openjdk11/../Classes/classes.jar either do not exist or are not readableSystemJar.main(): java.io.FileNotFoundException: /usr/local/lib/jvm/openjdk11/lib/rt.jar and /usr/local/lib/jvm/openjdk11/lib/core.jar and /usr/local/lib/jvm/openjdk11/../Classes/classes.jar either do not exist or are not readableconfigure: WARNING: ojdbc6.jar not found,
    [junit]     but only necessary to use database actors with Oracle.
    [junit]     If the mysql jar file is present, then the Oracle Java Database Connector is not necessary
    [junit]     To install ojdbc5.jar or ojdbc6.jar,
    [junit]     download it from https://www.oracle.com/technetwork/database/features/jdbc/jdbc-drivers-12c-download-1958347.html
    [junit]     copy it to ptolemy/actor/lib/database
    [junit]     and rerun ./configure
    [junit] checking for ojdbc6.jar... checking for Sphinx4 Speech recognition data jar API... ok
    [junit] checking for Sphinx4 Speech recognition core jar API... ok
    [junit] checking for PDFRenderer... ok
    [junit] configure: WARNING: Failed to find Batik Jar file
    [junit]     You need only have Batik if you are planning on rebuilding diva.jar
    [junit]     for use with Kepler.
    [junit]     Batik can be downloaded from http://xmlgraphics.apache.org/batik/,
    [junit]     batike-1.9/lib/batik-all-1.9.jar copied to /home/travis/build/icyphy/ptII/lib
    [junit]     and ./configure rerun.
    [junit] checking for Batik SVG... checking for svgSalamander... ok
    [junit] checking for RSyntaxEditor... ok
    [junit] configure: WARNING: $TOSROOT is not set.  It must be set to use PtinyOS.
    [junit] configure: WARNING: $TOSROOT is set to '',
    [junit]      but there is no directory by that name, so we will not set up for PtinyOS.
    [junit]      For details, see /home/travis/build/icyphy/ptII/ptolemy/domains/ptinyos/README.txt.
    [junit] configure: WARNING: Failed to find giotto/gdk.jar
    [junit]     perhaps Giotto is not installed?
    [junit]     You need not download Giotto unless you plan on generating code for
    [junit]     Giotto models.
    [junit]     The Giotto SDK can be
    [junit]     downloaded from https://embedded.eecs.berkeley.edu/giotto/
    [junit]     Copy gdk.jar to /home/travis/build/icyphy/ptII/vendors/giotto, for example:
    [junit]         mkdir -p /home/travis/build/icyphy/ptII/vendors/giotto
    [junit]         cp C:/Program\ Files/Giotto*/gdk.jar /home/travis/build/icyphy/ptII/vendors/giotto/
    [junit] checking the for TinyOS... checking for giotto directory... checking for the Vertx application platform interface. ... ok
    [junit] checking for slf4-api... ok
    [junit] checking for slf4-simple... ok
    [junit] checking for webcam-capture... ok
    [junit] checking for xbjlib directory... ok
    [junit] checking for gcc... /usr/bin/gcc
    [junit] checking for libexpat... ok
    [junit] checking for expat.h... ok
    [junit] configure: WARNING: Failed to find boost/numeric/odeint.hpp, so FMI ++
    [junit]     will not be compiled. FMI++ is an extension of the
    [junit]     Functional Mockup Interface, see
    [junit]     http://sourceforge.net/p/fmipp/wiki/Home/
    [junit] configure: creating ./config.status
    [junit] config.status: creating mk/ptII.mk
    [junit] config.status: creating bin/ptinvoke
    [junit] config.status: creating build.xml
    [junit] config.status: creating .classpath
    [junit] config.status: creating bin/comm.policy
    [junit] config.status: creating lib/ptII.properties
    [junit] config.status: creating ptolemy/util/test/junit/javachdir
    [junit] config.status: creating ptolemy/util/test/junit/javachdir32
    [junit] config.status: executing default commands
    [junit] /home/travis/build/icyphy/ptII/bin/ant: Running /home/travis/build/icyphy/ptII/ant/bin/ant 
    [junit] Buildfile: /home/travis/build/icyphy/ptII/build.xml
    [junit] 
    [junit] build-message:
    [junit]      [echo] Use ant -p to see other targets. JAVA_HOME=/usr/local/lib/jvm/openjdk11
    [junit]      [echo] tools.jar is necessary for compilation of doc/doclets/.
    [junit]      [echo] If compilation fails, try setting JAVA_HOME to the location of the JDK.
    [junit]      [echo] For example:
    [junit]      [echo]   [bldmastr@sisyphus ptII]$ which java
    [junit]      [echo]   /usr/bin/java
    [junit]      [echo]   [bldmastr@sisyphus ptII]$ ls -l /usr/bin/java
    [junit]      [echo]   lrwxrwxrwx 1 root root 26 Jul 31 10:12 /usr/bin/java -> /usr/java/default/bin/java
    [junit]      [echo]   [bldmastr@sisyphus ptII]$ export JAVA_HOME=/usr/java/default
    [junit]      [echo]     
    [junit] 
    [junit] -build-subprojects-empty:
    [junit] 
    [junit] build-subprojects:
    [junit] 
    [junit] -check-node:
    [junit] 
    [junit] -check-node-works:
    [junit]      [exec] v7.10.1
    [junit] 
    [junit] -check-npm:
    [junit] 
    [junit] -check-npm-works:
    [junit]      [exec] 4.2.0
    [junit] 
    [junit] -check-if-npmjs-org-is-up:
    [junit]      [echo] Check to see if https://www.npmjs.org is up.
    [junit] 
    [junit] -jsdoc-no-network-message:
    [junit] 
    [junit] -check-jsdoc:
    [junit] 
    [junit] jsdoc-install:
    [junit] 
    [junit] jsdoc-update:
    [junit] 
    [junit] -ptdoc-no-node:
    [junit] 
    [junit] -ptdoc-no-npm:
    [junit] 
    [junit] ptdoc:
    [junit]      [echo] 
    [junit]      [echo]       If the ptdoc target fails, then try running:
    [junit]      [echo]           ant build-project build-bin
    [junit]      [echo]     
    [junit] 
    [junit] -check-node:
    [junit] 
    [junit] -check-node-works:
    [junit]      [exec] v7.10.1
    [junit] 
    [junit] -check-npm:
    [junit] 
    [junit] -check-npm-works:
    [junit]      [exec] 4.2.0
    [junit] 
    [junit] -check-if-npmjs-org-is-up:
    [junit]      [echo] Check to see if https://www.npmjs.org is up or $TRAVIS is set.
    [junit] 
    [junit] -jsdoc-no-network-message:
    [junit] 
    [junit] -check-jsdoc:
    [junit]      [echo] To stop CapeCode from invoking jsdoc and svn, set the PT_NO_NET environment variable.  
    [junit]      [echo]     Under BASH:
    [junit]      [echo]         export PT_NO_NET=true
    [junit]      [echo]     If ptdoc fails, and you are building from $PTII, try:
    [junit]      [echo]         ant build-project build-bin
    [junit]      [echo]     
    [junit] 
    [junit] jsdoc-install:
    [junit] 
    [junit] jsdoc-update:
    [junit] 
    [junit] -ptdoc-no-node-message:
    [junit] 
    [junit] -ptdoc-no-npm-message:
    [junit] 
    [junit] -check-jsdoc-again:
    [junit] 
    [junit] -jsdoc-command-message:
    [junit] 
    [junit] ptdoc:
    [junit]      [echo] Invoke /home/travis/build/icyphy/ptII/org/terraswarm/accessor/accessors/web/../node_modules/@terraswarm/jsdoc/jsdoc.js to read *.js files and generate *PtDoc.xml files suitable for Ptolemy.
    [junit]      [echo]     See https://chess.eecs.berkeley.edu/ptexternal/wiki/Main/JSDocSystems
    [junit]      [echo]     See jsdoc/jsdoc.json
    [junit]      [echo]     See jsdoc/plugins/accessorJSDocTags.js
    [junit]      [echo]     See jsdoc/templates/ptdoc/publish.js
    [junit]      [echo] 
    [junit]      [echo]     If the ptdoc target fails, the there is likely a problem with node or npm.  It is possible
    [junit]      [echo]     to use CapeCode even if the ptdoc target fails.
    [junit]      [echo]     
    [junit]      [echo]     If you are building from $PTII, try:
    [junit]      [echo]         ant build-project build-bin
    [junit]      [echo] 
    [junit]      [echo]     
    [junit]      [exec] Generating output files...
    [junit]      [exec] Finished running in 14.29 seconds.
    [junit] 
    [junit] build-project:
    [junit]      [echo] ptII: /home/travis/build/icyphy/ptII/build.xml
    [junit]     [javac] Compiling 2 source files to /home/travis/build/icyphy/ptII
    [junit] 
    [junit] -check-ptII-mk-file:
    [junit] 
    [junit] -check-bin-vergil:
    [junit] 
    [junit] -check-make-bin-vergil:
    [junit] 
    [junit] build-bin-not:
    [junit] 
    [junit] build-not-bin-vergil:
    [junit] 
    [junit] build-bin:
    [junit] 
    [junit] build:
    [junit] 
    [junit] BUILD SUCCESSFUL
    [junit] Total time: 21 seconds
    [junit] Loading DOPCenter model, running it and exporting
    [junit] +rm DOPCenter.png
    [junit] rm: cannot remove 'DOPCenter.png': No such file or directory
    [junit] +/home/travis/build/icyphy/ptII/bin/ptinvoke -Dptolemy.ptII.doNotExit= ptolemy.vergil.basic.export.ExportModel png -run -save /home/travis/build/icyphy/ptII/ptolemy/domains/space/demo/DOPCenter/DOPCenter.xml
    [junit] Running .DOPCenter
    [junit] 2818 ms. Memory: 162816K Free: 120669K (74%)
    [junit] Saving .DOPCenter
    [junit] Exported /home/travis/build/icyphy/ptII/ptolemy/domains/space/demo/DOPCenter/DOPCenter.png
    [junit] +/home/travis/build/icyphy/ptII/bin/ptinvoke -Dptolemy.ptII.doNotExit= ptolemy.vergil.basic.export.ExportModel png -run -save /home/travis/build/icyphy/ptII/ptolemy/domains/space/demo/DOPCenter/DOPCenter.xml
    [junit] Running .DOPCenter
    [junit] 2333 ms. Memory: 155648K Free: 129917K (83%)
    [junit] Saving .DOPCenter
    [junit] Exported /home/travis/build/icyphy/ptII/ptolemy/domains/space/demo/DOPCenter/DOPCenter.png
    [junit] +/home/travis/build/icyphy/ptII/bin/ptinvoke ptolemy.actor.gui.MoMLSimpleApplication Placard.xml
    [junit] 3129 ms. Memory: 129024K Free: 85870K (67%)
    [junit] WARNING: An illegal reflective access operation has occurred
    [junit] WARNING: Illegal reflective access by io.netty.util.internal.ReflectionUtil (file:/home/travis/build/icyphy/ptII/lib/netty-common-4.1.19.Final.jar) to constructor java.nio.DirectByteBuffer(long,int)
    [junit] WARNING: Please consider reporting this to the maintainers of io.netty.util.internal.ReflectionUtil
    [junit] WARNING: Use --illegal-access=warn to enable warnings of further illegal reflective access operations
    [junit] WARNING: All illegal access operations will be denied in a future release
    [junit] +[ -f Placard.tex ]
    [junit] +pdflatex Placard.tex
    [junit] This is pdfTeX, Version 3.14159265-2.6-1.40.16 (TeX Live 2015/Debian) (preloaded format=pdflatex)
    [junit]  restricted \write18 enabled.
    [junit] entering extended mode
    [junit] (./Placard.tex
    [junit] LaTeX2e <2016/02/01>
    [junit] Babel <3.9q> and hyphenation patterns for 3 language(s) loaded.
    [junit] (/usr/share/texlive/texmf-dist/tex/latex/base/article.cls
    [junit] Document Class: article 2014/09/29 v1.4h Standard LaTeX document class
    [junit] (/usr/share/texlive/texmf-dist/tex/latex/base/size10.clo))
    [junit] No file Placard.aux.
    [junit] [1{/var/lib/texmf/fonts/map/pdftex/updmap/pdftex.map}] [2] [3] [4] [5] [6]
    [junit] [7] (./Placard.aux) )</usr/share/texlive/texmf-dist/fonts/type1/public/amsfonts
    [junit] /cm/cmssbx10.pfb>
    [junit] Output written on Placard.pdf (7 pages, 22862 bytes).
    [junit] Transcript written on Placard.log.
    [junit] +[ ! -f Placard.pdf ]
    [junit] +rm Placard.aux Placard.log
    [junit] +/home/travis/build/icyphy/ptII/bin/ptinvoke ptolemy.actor.gui.MoMLSimpleApplication DOPCSV.xml
    [junit] 2735 ms. Memory: 129024K Free: 112275K (87%)
    [junit] WARNING: An illegal reflective access operation has occurred
    [junit] WARNING: Illegal reflective access by io.netty.util.internal.ReflectionUtil (file:/home/travis/build/icyphy/ptII/lib/netty-common-4.1.19.Final.jar) to constructor java.nio.DirectByteBuffer(long,int)
    [junit] WARNING: Please consider reporting this to the maintainers of io.netty.util.internal.ReflectionUtil
    [junit] WARNING: Use --illegal-access=warn to enable warnings of further illegal reflective access operations
    [junit] WARNING: All illegal access operations will be denied in a future release
    [junit] +[ ! -f DOP.csv ]
    [junit] -rw-rw-r-- 1 travis travis 163090 Jul  5 14:41 /home/travis/build/icyphy/ptII/ptolemy/domains/space/demo/DOPCenter/DOPCenter.png
    [junit] make: Leaving directory '/home/travis/build/icyphy/ptII/adm/gen-11.1'
    [junit] All Done
    [junit] /home/travis/build/icyphy/ptII/adm/installers/test/installers.tcl
    [junit] adm/test/Nightly.tcl: about to clean
    [junit] adm/test/nightlyMake.tcl: about to execute [make -C /home/travis/build/icyphy/ptII/adm/installers/test/../../../adm/gen-11.1 PTIIHOME=/home/travis/build/icyphy/ptII/adm/installers/test/../../.. PTIIADM=/home/travis/build/icyphy/ptII/adm/installers/test/../../../adm JAR=/usr/bin/jar TAR=/usr/local/bin/tar clean]
    [junit] About to execute:
    [junit]     make -C
    [junit] /home/travis/build/icyphy/ptII/adm/installers/test/../../../adm/gen-11.1
    [junit] PTIIHOME=/home/travis/build/icyphy/ptII/adm/installers/test/../../..
    [junit] PTIIADM=/home/travis/build/icyphy/ptII/adm/installers/test/../../../adm
    [junit] JAR=/usr/bin/jar TAR=/usr/local/bin/tar clean
    [junit] make: Entering directory '/home/travis/build/icyphy/ptII/adm/gen-11.1'
    [junit] rm -f ptII11_1_devel_setup_windows.jar ptII11_1_devel_setup_windows.exe
    [junit] rm -rf /home/travis/build/icyphy/ptII/adm/installers/test/../../../adm/dists/ptII11.1.devel/ptiny.exe /home/travis/build/icyphy/ptII/adm/installers/test/../../../adm/dists/ptII11.1.devel/ptbook.exe /home/travis/build/icyphy/ptII/adm/installers/test/../../../adm/dists/ptII11.1.devel/jar_dist /home/travis/build/icyphy/ptII/adm/installers/test/../../../adm/dists/ptII11.1.devel/ptolemy/matlab/ptmatlab.dll
    [junit] #
    [junit] # Now cleaning old tar files
    [junit] #
    [junit] clean Sun Jul  5 14:41:57 UTC 2020
    [junit]  14:41:57 up 6 min,  1 user,  load average: 1.74, 1.22, 0.56
    [junit] rm -f /home/travis/build/icyphy/ptII/adm/installers/test/../../../adm/gen-11.1/ptII11.1.devel.tar /home/travis/build/icyphy/ptII/adm/installers/test/../../../adm/gen-11.1/ptII11.1.devel.src.zip /home/travis/build/icyphy/ptII/adm/installers/test/../../../adm/gen-11.1/ptolemy.devel11.1.devel.src.tar /home/travis/build/icyphy/ptII/adm/installers/test/../../../adm/gen-11.1/ptII11.1.devel.src.tar
    [junit] rm -f opencv_java320.dll
    [junit] rm -rf /home/travis/build/icyphy/ptII/adm/installers/test/../../../adm/gen-11.1/ptII11.1.devel.src.jar src_jar
    [junit] rm -rf /home/travis/build/icyphy/ptII/adm/installers/test/../../../adm/dists/ptII11.1.devel src installshield/*
    [junit] rm -rf capecode0.3.devel.src.jar
    [junit] rm -rf hyvisual11.1.devel.src.jar
    [junit] rm -rf viptos1.1.devel.src.jar
    [junit] rm -rf /home/travis/build/icyphy/ptII/adm/installers/test/../../../adm/gen-11.1/ptzip
    [junit] rm -rf ptII11_1_devel_setup_windows_64.exe ptII11_1_devel_setup_windows_64.jar ptII11_1_devel_setup_windows_64.xml ptII11_1_devel_setup_windows.jar ptII11_1_devel_setup_windows.exe test/installerTest test/ptII11.1.devel
    [junit] rm -rf capecode0.3.devel.src.jar capecode0.3.devel.tar.gz
    [junit] rm -rf capecode0_3_devel_setup_windows_64.xml capecode0_3_devel_setup_windows.jar capecode0_3_devel_setup_windows_64.exe
    [junit] rm -rf capecode0.3.devel.setup.mac.app capecode0.3.devel.setup.mac.app.tar.gz capecode0.3.devel.setup.mac.dmg capecode0.3.devel.setup.mac.jar capecode0.3.devel.setup.mac.xml
    [junit] rm -rf capecode0.3.devel.setup.linux.tar.gz capecode0.3.devel.setup.linux.jar capecode0.3.devel.setup.linux.xml
    [junit] rm -rf capecode0_3_devel_setup_windows.exe capecode0_3_devel_setup_windows.jar
    [junit] rm -rf capecode0_3_devel_setup_windows_64.exe capecode0_3_devel_setup_windows_64.jar
    [junit] rm -rf capeCodeNonGUI.tar.gz
    [junit] rm -rf ptII11.1.devel.setup.mac.jar ptII11.1.devel.setup.mac.app ptII11.1.devel.setup.mac.app.tar.gz ptII11.1.devel.setup.mac.dmg ptII11.1.devel.setup.mac.jar ptII11.1.devel.setup.mac.xml
    [junit] rm -rf ptII11.1.devel.setup.linux.jar ptII11.1.devel.setup.mac.xml
    [junit] rm -rf /home/travis/build/icyphy/ptII/adm/installers/test/../../../adm/gen-11.1/ptII11.1.devel.tar /home/travis/build/icyphy/ptII/adm/installers/test/../../../adm/gen-11.1/ptII11.1.devel.src.zip /home/travis/build/icyphy/ptII/adm/installers/test/../../../adm/gen-11.1/ptII11.1.devel.src.tar /home/travis/build/icyphy/ptII/adm/installers/test/../../../adm/gen-11.1/ptII11.1.devel.src.jar
    [junit] All Done
    [junit] adm/test/nightlyMake.tcl: about to execute [make -C /home/travis/build/icyphy/ptII/adm/installers/test/../../../adm/gen-11.1 PTIIHOME=/home/travis/build/icyphy/ptII/adm/installers/test/../../.. PTIIADM=/home/travis/build/icyphy/ptII/adm/installers/test/../../../adm JAR=/usr/bin/jar TAR=/usr/local/bin/tar all]
    [junit] About to execute:
    [junit]     make -C
    [junit] /home/travis/build/icyphy/ptII/adm/installers/test/../../../adm/gen-11.1
    [junit] PTIIHOME=/home/travis/build/icyphy/ptII/adm/installers/test/../../..
    [junit] PTIIADM=/home/travis/build/icyphy/ptII/adm/installers/test/../../../adm
    [junit] JAR=/usr/bin/jar TAR=/usr/local/bin/tar all
    [junit] make: Leaving directory '/home/travis/build/icyphy/ptII/adm/gen-11.1'
    [junit] make: Entering directory '/home/travis/build/icyphy/ptII/adm/gen-11.1'
    [junit] if [ ! -f /home/travis/build/icyphy/ptII/adm/installers/test/../../../vendors/installer/izpack-dist-5.1.3-SNAPSHOT.jar ]; then \
    [junit] 	echo "Downloading izpack: `date`"; \
    [junit] 	wget --quiet -O /home/travis/build/icyphy/ptII/adm/installers/test/../../../vendors/installer/izpack-dist-5.1.3-SNAPSHOT.jar \
    [junit] 		https://github.com/icyphy/ptII/releases/download/nightly/izpack-dist-5.1.3-SNAPSHOT.jar; \
    [junit] fi
    [junit] Downloading izpack: Sun Jul  5 14:41:57 UTC 2020
    [junit] sed 's#@@PTII@@#/home/travis/build/icyphy/ptII/adm/installers/test/../../..#' izpackInstallDist.xml > izpackInstall.xml
    [junit] (cd /home/travis/build/icyphy/ptII/adm/installers/test/../../../vendors; java -jar /home/travis/build/icyphy/ptII/adm/installers/test/../../../vendors/installer/izpack-dist-5.1.3-SNAPSHOT.jar /home/travis/build/icyphy/ptII/adm/installers/test/../../../adm/gen-11.1/izpackInstall.xml)
    [junit] Command line arguments: /home/travis/build/icyphy/ptII/adm/installers/test/../../../adm/gen-11.1/izpackInstall.xml 
    [junit] [ Starting automated installation ]
    [junit] ====================
    [junit] Installation started
    [junit] Framework: 5.1.3-SNAPSHOT-3e7e3 (IzPack)
    [junit] Platform: ubuntu_linux,version=4.15.0-1028-gcp,arch=x64,symbolicName=null,javaVersion=11.0.2
    [junit] [ Starting to unpack ]
    [junit] [ Processing package: Required files (1/2) ]
    [junit] Cleaning up the target folder ...
    [junit] [ Processing package: Experimental tools (2/2) ]
    [junit] [ Unpacking finished ]
    [junit] Installation finished
    [junit] [ Writing the uninstaller data ... ]
    [junit] [ Automated installation done ]
    [junit] #rm -f izpackInstall.xml
    [junit] 
    [junit] izpackFix:
    [junit] Changing the Info.plist for the Mac installer app to require Java 1.8 or later.
    [junit] 
    [junit] if [ ! -f "/home/travis/build/icyphy/ptII/adm/installers/test/../../../vendors/izpack/utils/wrappers/izpack2app/Mac-App-Template/Contents/Info.plist.orig" ]; then \
    [junit] 	cp "/home/travis/build/icyphy/ptII/adm/installers/test/../../../vendors/izpack/utils/wrappers/izpack2app/Mac-App-Template/Contents/Info.plist" "/home/travis/build/icyphy/ptII/adm/installers/test/../../../vendors/izpack/utils/wrappers/izpack2app/Mac-App-Template/Contents/Info.plist.orig"; \
    [junit]         fi
    [junit] sed 's@<string>1.[*0-8+]*</string>@<string>1.8+</string>@' "/home/travis/build/icyphy/ptII/adm/installers/test/../../../vendors/izpack/utils/wrappers/izpack2app/Mac-App-Template/Contents/Info.plist" > "/home/travis/build/icyphy/ptII/adm/installers/test/../../../vendors/izpack/utils/wrappers/izpack2app/Mac-App-Template/Contents/Info.plist.tmp"
    [junit] diff "/home/travis/build/icyphy/ptII/adm/installers/test/../../../vendors/izpack/utils/wrappers/izpack2app/Mac-App-Template/Contents/Info.plist.tmp" "/home/travis/build/icyphy/ptII/adm/installers/test/../../../vendors/izpack/utils/wrappers/izpack2app/Mac-App-Template/Contents/Info.plist"
    [junit] 28c28
    [junit] <     <string>1.8+</string>
    [junit] ---
    [junit] >     <string>1.4+</string>
    [junit] makefile:2825: recipe for target 'izpackFix' failed
    [junit] mv "/home/travis/build/icyphy/ptII/adm/installers/test/../../../vendors/izpack/utils/wrappers/izpack2app/Mac-App-Template/Contents/Info.plist.tmp" "/home/travis/build/icyphy/ptII/adm/installers/test/../../../vendors/izpack/utils/wrappers/izpack2app/Mac-App-Template/Contents/Info.plist"
    [junit] make: [izpackFix] Error 1 (ignored)
    [junit] if [ ! -f /home/travis/build/icyphy/ptII/adm/installers/test/../../../vendors/installer/launch4j-3.11.tgz ]; then \
    [junit]     case `uname` in \
    [junit] 	Darwin) osfile=macosx-x86;; \
    [junit] 	Linux) osfile=linux-x64;; \
    [junit]     esac; \
    [junit]     echo "Downloading /home/travis/build/icyphy/ptII/adm/installers/test/../../../vendors/installer/launch4j-3.11.tgz for $osfile: `date`"; \
    [junit]     wget --quiet "https://osdn.net/frs/g_redir.php?m=kent&f=launch4j%2Flaunch4j-3%2F3.11%2Flaunch4j-3.11-$osfile.tgz" -O /home/travis/build/icyphy/ptII/adm/installers/test/../../../vendors/installer/launch4j-3.11.tgz; \
    [junit]         fi
    [junit] Downloading /home/travis/build/icyphy/ptII/adm/installers/test/../../../vendors/installer/launch4j-3.11.tgz for linux-x64: Sun Jul  5 14:42:00 UTC 2020
    [junit] Creating L4J_DIR: /home/travis/build/icyphy/ptII/adm/installers/test/../../../vendors/launch4j
    [junit] if [ ! -d /home/travis/build/icyphy/ptII/adm/installers/test/../../../vendors/launch4j ]; then \
    [junit] 	cd /home/travis/build/icyphy/ptII/adm/installers/test/../../../vendors; \
    [junit] 	/usr/local/bin/tar -zxf /home/travis/build/icyphy/ptII/adm/installers/test/../../../vendors/installer/launch4j-3.11.tgz; \
    [junit] 	ls -l /home/travis/build/icyphy/ptII/adm/installers/test/../../../vendors/launch4j; \
    [junit] fi
    [junit] total 264
    [junit] drwxr-xr-x 2 travis travis   4096 Jun 27  2017 bin
    [junit] -rw-r--r-- 1 travis travis   2457 Jun 27  2017 build.xml
    [junit] drwxr-xr-x 5 travis travis   4096 Jun 27  2017 demo
    [junit] drwxr-xr-x 2 travis travis   4096 Jun 27  2017 head
    [junit] drwxr-xr-x 2 travis travis   4096 Jun 27  2017 head_jni_BETA
    [junit] drwxr-xr-x 6 travis travis   4096 Jun 27  2017 head_src
    [junit] -rwxr-xr-x 1 travis travis    160 Jun 27  2017 launch4j
    [junit] -rw-r--r-- 1 travis travis 197822 Jun 27  2017 launch4j.jar
    [junit] -rw-r--r-- 1 travis travis    125 Jun 27  2017 launch4j.jfpr
    [junit] drwxr-xr-x 2 travis travis   4096 Jun 27  2017 lib
    [junit] -rw-r--r-- 1 travis travis   1630 Jun 27  2017 LICENSE.txt
    [junit] drwxr-xr-x 2 travis travis   4096 Jun 27  2017 manifest
    [junit] drwxr-xr-x 4 travis travis   4096 Jun 27  2017 maven
    [junit] drwxr-xr-x 2 travis travis   4096 Jun 27  2017 sign4j
    [junit] drwxr-xr-x 4 travis travis   4096 Jun 27  2017 src
    [junit] drwxr-xr-x 2 travis travis   4096 Jun 27  2017 w32api
    [junit] drwxr-xr-x 2 travis travis   4096 Jun 27  2017 w32api_jni
    [junit] drwxr-xr-x 2 travis travis   4096 Jun 27  2017 web
    [junit] Downloading /home/travis/build/icyphy/ptII/adm/installers/test/../../../vendors/installer/opencv_java320.dll: Sun Jul  5 14:42:03 UTC 2020
    [junit] wget --quiet -O /home/travis/build/icyphy/ptII/adm/installers/test/../../../vendors/installer/opencv_java320.dll https://chess.eecs.berkeley.edu/ptexternal/src/opencv_java320.dll
    [junit] makefile:343: recipe for target '/home/travis/build/icyphy/ptII/adm/installers/test/../../../vendors/installer/opencv_java320.dll' failed
    [junit] make: Leaving directory '/home/travis/build/icyphy/ptII/adm/gen-11.1'
    [junit] All Done
    [junit] make: *** [/home/travis/build/icyphy/ptII/adm/installers/test/../../../vendors/installer/opencv_java320.dll] Error 5
    [junit] 
    [junit] 
    [junit] ==== $PTII/adm/installers/test/installers.tcl: installers-1.2 all
    [junit] ==== Contents of test case:
    [junit] 
    [junit]     set matches [nightlyMake all]
    [junit]     list $matches [file exists $ptII_full]
    [junit] 
    [junit] ==== Result was:
    [junit] {{Last subprocess returned non-zero: 2} {}} 0
    [junit] ---- Result should have been:
    [junit] {} 1
    [junit] ---- installers-1.2 FAILED
    [junit] adm/test/nightlyMake.tcl: about to execute [make -C /home/travis/build/icyphy/ptII/adm/installers/test/../../../adm/gen-11.1 PTIIHOME=/home/travis/build/icyphy/ptII/adm/installers/test/../../.. PTIIADM=/home/travis/build/icyphy/ptII/adm/installers/test/../../../adm JAR=/usr/bin/jar TAR=/usr/local/bin/tar src.jar]
    [junit] About to execute:
    [junit]     make -C
    [junit] /home/travis/build/icyphy/ptII/adm/installers/test/../../../adm/gen-11.1
    [junit] PTIIHOME=/home/travis/build/icyphy/ptII/adm/installers/test/../../..
    [junit] PTIIADM=/home/travis/build/icyphy/ptII/adm/installers/test/../../../adm
    [junit] JAR=/usr/bin/jar TAR=/usr/local/bin/tar src.jar
    [junit] make: Entering directory '/home/travis/build/icyphy/ptII/adm/gen-11.1'
    [junit] #
    [junit] src_jar rule
    [junit] #
    [junit] mkdir src_jar;
    [junit] # Don't use -v with tar, you may see "/usr/local/bin/tar: write error"
    [junit] (cd src_jar; /usr/local/bin/tar -xf /home/travis/build/icyphy/ptII/adm/installers/test/../../../adm/gen-11.1/ptII11.1.devel.src.tar)
    [junit] /usr/local/bin/tar: /home/travis/build/icyphy/ptII/adm/installers/test/../../../adm/gen-11.1/ptII11.1.devel.src.tar: Cannot open: No such file or directory
    [junit] /usr/local/bin/tar: Error is not recoverable: exiting now
    [junit] makefile:1213: recipe for target 'src_jar' failed
    [junit] make: Leaving directory '/home/travis/build/icyphy/ptII/adm/gen-11.1'
    [junit] All Done
    [junit] make: *** [src_jar] Error 2
    [junit] nightly-1.4: /home/travis/build/icyphy/ptII/adm/installers/test/../../../adm/gen-11.1/ptII11.1.devel.src.jar
    [junit] 
    [junit] 
    [junit] ==== $PTII/adm/installers/test/installers.tcl: installers-1.4 src.jar
    [junit] ==== Contents of test case:
    [junit] 
    [junit]     set filename $gendir/ptII$version.src.jar
    [junit]     file delete -force $filename
    [junit]     set r0  [file exists $filename]
    [junit] 
    [junit]     set matches [nightlyMake src.jar]
    [junit] 
    [junit]     puts "nightly-1.4: $filename"
    [junit]     list $r0 $matches [file exists $filename]
    [junit] 
    [junit] ==== Result was:
    [junit] 0 {{Last subprocess returned non-zero: 2} {make: *** [src_jar] Error 2
    [junit] }} 0
    [junit] ---- Result should have been:
    [junit] 0 {} 1
    [junit] ---- installers-1.4 FAILED
    [junit] adm/test/nightlyMake.tcl: about to execute [make -C /home/travis/build/icyphy/ptII/adm/installers/test/../../../adm/gen-11.1 PTIIHOME=/home/travis/build/icyphy/ptII/adm/installers/test/../../.. PTIIADM=/home/travis/build/icyphy/ptII/adm/installers/test/../../../adm JAR=/usr/bin/jar TAR=/usr/local/bin/tar setup]
    [junit] About to execute:
    [junit]     make -C
    [junit] /home/travis/build/icyphy/ptII/adm/installers/test/../../../adm/gen-11.1
    [junit] PTIIHOME=/home/travis/build/icyphy/ptII/adm/installers/test/../../..
    [junit] PTIIADM=/home/travis/build/icyphy/ptII/adm/installers/test/../../../adm
    [junit] JAR=/usr/bin/jar TAR=/usr/local/bin/tar setup
    [junit] ln: failed to create symbolic link '/home/travis/build/icyphy/ptII/adm/installers/test/../../../adm/dists/ptII11.1.devel/vendors/launch4j': No such file or directory
    [junit] make: *** [/home/travis/build/icyphy/ptII/adm/installers/test/../../../adm/dists/ptII11.1.devel/vendors/launch4j] Error 1
    [junit] All Done
    [junit] nightly-1.5: /home/travis/build/icyphy/ptII/adm/installers/test/../../../adm/gen-11.1/ptII11_1_devel_setup_windows.exe
    [junit] 
    [junit] 
    [junit] ==== $PTII/adm/installers/test/installers.tcl: installers-1.5 setup
    [junit] ==== Contents of test case:
    [junit] 
    [junit]     set filename $gendir/$ptsetup.exe
    [junit]     file delete -force $filename
    [junit]     set r0  [file exists $filename]
    [junit] 
    [junit]     set matches [nightlyMake setup]
    [junit] 
    [junit]     puts "nightly-1.5: $filename"
    [junit]     list $r0 $matches [file exists $filename]
    [junit] 
    [junit] ==== Result was:
    [junit] 0 {{Last subprocess returned non-zero: 2} {make: *** [/home/travis/build/icyphy/ptII/adm/installers/test/../../../adm/dists/ptII11.1.devel/vendors/launch4j] Error 1
    [junit] }} 0
    [junit] ---- Result should have been:
    [junit] 0 {} 1
    [junit] ---- installers-1.5 FAILED
    [junit] make: Entering directory '/home/travis/build/icyphy/ptII/adm/gen-11.1'
    [junit] if [ ! -h /home/travis/build/icyphy/ptII/adm/installers/test/../../../adm/dists/ptII11.1.devel/vendors/launch4j ]; then \
    [junit] 	echo "Created link for launch4j"; \
    [junit] 	ln -s /home/travis/build/icyphy/ptII/adm/installers/test/../../../vendors/launch4j /home/travis/build/icyphy/ptII/adm/installers/test/../../../adm/dists/ptII11.1.devel/vendors/launch4j; \
    [junit] fi
    [junit] Created link for launch4j
    [junit] makefile:3120: recipe for target '/home/travis/build/icyphy/ptII/adm/installers/test/../../../adm/dists/ptII11.1.devel/vendors/launch4j' failed
    [junit] make: Leaving directory '/home/travis/build/icyphy/ptII/adm/gen-11.1'
    [junit] 07/05/20 02:42:04
    [junit] Failed: 3  Total Tests: 5  ((Passed: 2, Newly Passed: 0)  Known Failed: 0) /home/travis/build/icyphy/ptII/adm/installers/test
    [junit] No auto/knownFailedTests/*.xml tests in /home/travis/build/icyphy/ptII/adm/installers/test
    [junit] No auto/linux-amd64/*.xml tests in /home/travis/build/icyphy/ptII/adm/installers/test
    [junit] AutoTests.java: About to close Vertx.
    [junit] AutoTests.java: Vertx closed.
    [junit] No auto/*.xml tests in /home/travis/build/icyphy/ptII/adm/installers/test
    [junit] AutoTests.java: About to close Vertx.
    [junit] AutoTests.java: Vertx closed.
    [junit] 
    [junit] Test adm.installers.test.junit.JUnitTclTest FAILED

BUILD SUCCESSFUL
Total time: 3 minutes 0 seconds
