<?xml version="1.0" encoding="UTF-8" ?>
<testsuite errors="0" failures="0" hostname="travis-job-ebbe53eb-1aab-4b9e-839c-a77388c492c9" name="ptolemy.domains.modal.test.junit.JUnitTclTest" skipped="0" tests="148" time="10.334" timestamp="2018-08-28T02:03:09">
  <properties>
[...]
</properties>
  <testcase classname="ptolemy.util.test.junit.TclTests" name="[0] /home/travis/build/icyphy/ptII/ptolemy/domains/modal/test/SystemLevelType.tcl (RunTclFile)" time="1.835" />
  <testcase classname="ptolemy.util.test.junit.AutoKnownFailedTests" name="[0] /home/travis/build/icyphy/ptII/ptolemy/domains/modal/test/auto/knownFailedTests/CannotAnalysisWithPreemption.xml (RunModel)" time="0.127" />
  <testcase classname="ptolemy.util.test.junit.AutoNameArchTests" name="[0] ThereAreNoAutoArchTests (RunModel)" time="0.009" />
  <testcase classname="ptolemy.util.test.junit.AutoTests" name="[0] /home/travis/build/icyphy/ptII/ptolemy/domains/modal/test/auto/ABPTest.xml (RunModel)" time="0.73" />
  <testcase classname="ptolemy.util.test.junit.AutoTests" name="[1] /home/travis/build/icyphy/ptII/ptolemy/domains/modal/test/auto/ABROFlat.xml (RunModel)" time="0.078" />
  <testcase classname="ptolemy.util.test.junit.AutoTests" name="[2] /home/travis/build/icyphy/ptII/ptolemy/domains/modal/test/auto/ABROFlat2.xml (RunModel)" time="0.086" />
  <testcase classname="ptolemy.util.test.junit.AutoTests" name="[3] /home/travis/build/icyphy/ptII/ptolemy/domains/modal/test/auto/ABRO_present_hmm.xml (RunModel)" time="0.165" />
  <testcase classname="ptolemy.util.test.junit.AutoTests" name="[4] /home/travis/build/icyphy/ptII/ptolemy/domains/modal/test/auto/AMICoderExample.xml (RunModel)" time="0.057" />
  <testcase classname="ptolemy.util.test.junit.AutoTests" name="[5] /home/travis/build/icyphy/ptII/ptolemy/domains/modal/test/auto/AbsentToPresent.xml (RunModel)" time="0.022" />
  <testcase classname="ptolemy.util.test.junit.AutoTests" name="[6] /home/travis/build/icyphy/ptII/ptolemy/domains/modal/test/auto/Blending.xml (RunModel)" time="0.271" />
  <testcase classname="ptolemy.util.test.junit.AutoTests" name="[7] /home/travis/build/icyphy/ptII/ptolemy/domains/modal/test/auto/Broadcast.xml (RunModel)" time="0.065" />
  <testcase classname="ptolemy.util.test.junit.AutoTests" name="[8] /home/travis/build/icyphy/ptII/ptolemy/domains/modal/test/auto/BroadcastHierarchy.xml (RunModel)" time="0.077" />
  <testcase classname="ptolemy.util.test.junit.AutoTests" name="[9] /home/travis/build/icyphy/ptII/ptolemy/domains/modal/test/auto/BroadcastHierarchy2.xml (RunModel)" time="0.137" />
  <testcase classname="ptolemy.util.test.junit.AutoTests" name="[10] /home/travis/build/icyphy/ptII/ptolemy/domains/modal/test/auto/BroadcastHierarchy3.xml (RunModel)" time="0.12" />
  <testcase classname="ptolemy.util.test.junit.AutoTests" name="[11] /home/travis/build/icyphy/ptII/ptolemy/domains/modal/test/auto/BroadcastHierarchy4.xml (RunModel)" time="0.102" />
  <testcase classname="ptolemy.util.test.junit.AutoTests" name="[12] /home/travis/build/icyphy/ptII/ptolemy/domains/modal/test/auto/CannotAnalysisWithPreemption2.xml (RunModel)" time="0.042" />
  <testcase classname="ptolemy.util.test.junit.AutoTests" name="[13] /home/travis/build/icyphy/ptII/ptolemy/domains/modal/test/auto/CannotAnalysisWithPreemption3.xml (RunModel)" time="0.039" />
  <testcase classname="ptolemy.util.test.junit.AutoTests" name="[14] /home/travis/build/icyphy/ptII/ptolemy/domains/modal/test/auto/CannotProduce.xml (RunModel)" time="0.037" />
  <testcase classname="ptolemy.util.test.junit.AutoTests" name="[15] /home/travis/build/icyphy/ptII/ptolemy/domains/modal/test/auto/CannotProduceModal.xml (RunModel)" time="0.044" />
  <testcase classname="ptolemy.util.test.junit.AutoTests" name="[16] /home/travis/build/icyphy/ptII/ptolemy/domains/modal/test/auto/Case.xml (RunModel)" time="0.079" />
  <testcase classname="ptolemy.util.test.junit.AutoTests" name="[17] /home/travis/build/icyphy/ptII/ptolemy/domains/modal/test/auto/Case1.xml (RunModel)" time="0.037" />
  <testcase classname="ptolemy.util.test.junit.AutoTests" name="[18] /home/travis/build/icyphy/ptII/ptolemy/domains/modal/test/auto/Case2.xml (RunModel)" time="0.065" />
  <testcase classname="ptolemy.util.test.junit.AutoTests" name="[19] /home/travis/build/icyphy/ptII/ptolemy/domains/modal/test/auto/CausalityInterface1.xml (RunModel)" time="0.041" />
  <testcase classname="ptolemy.util.test.junit.AutoTests" name="[20] /home/travis/build/icyphy/ptII/ptolemy/domains/modal/test/auto/CausalityInterface10.xml (RunModel)" time="0.07" />
  <testcase classname="ptolemy.util.test.junit.AutoTests" name="[21] /home/travis/build/icyphy/ptII/ptolemy/domains/modal/test/auto/CausalityInterface11.xml (RunModel)" time="0.064" />
  <testcase classname="ptolemy.util.test.junit.AutoTests" name="[22] /home/travis/build/icyphy/ptII/ptolemy/domains/modal/test/auto/CausalityInterface12.xml (RunModel)" time="0.046" />
  <testcase classname="ptolemy.util.test.junit.AutoTests" name="[23] /home/travis/build/icyphy/ptII/ptolemy/domains/modal/test/auto/CausalityInterface13.xml (RunModel)" time="0.067" />
  <testcase classname="ptolemy.util.test.junit.AutoTests" name="[24] /home/travis/build/icyphy/ptII/ptolemy/domains/modal/test/auto/CausalityInterface14.xml (RunModel)" time="0.047" />
  <testcase classname="ptolemy.util.test.junit.AutoTests" name="[25] /home/travis/build/icyphy/ptII/ptolemy/domains/modal/test/auto/CausalityInterface2.xml (RunModel)" time="0.032" />
  <testcase classname="ptolemy.util.test.junit.AutoTests" name="[26] /home/travis/build/icyphy/ptII/ptolemy/domains/modal/test/auto/CausalityInterface3.xml (RunModel)" time="0.047" />
  <testcase classname="ptolemy.util.test.junit.AutoTests" name="[27] /home/travis/build/icyphy/ptII/ptolemy/domains/modal/test/auto/CausalityInterface4.xml (RunModel)" time="0.035" />
  <testcase classname="ptolemy.util.test.junit.AutoTests" name="[28] /home/travis/build/icyphy/ptII/ptolemy/domains/modal/test/auto/CausalityInterface5.xml (RunModel)" time="0.032" />
  <testcase classname="ptolemy.util.test.junit.AutoTests" name="[29] /home/travis/build/icyphy/ptII/ptolemy/domains/modal/test/auto/CausalityInterface6.xml (RunModel)" time="0.034" />
  <testcase classname="ptolemy.util.test.junit.AutoTests" name="[30] /home/travis/build/icyphy/ptII/ptolemy/domains/modal/test/auto/CausalityInterface7.xml (RunModel)" time="0.034" />
  <testcase classname="ptolemy.util.test.junit.AutoTests" name="[31] /home/travis/build/icyphy/ptII/ptolemy/domains/modal/test/auto/CausalityInterface8.xml (RunModel)" time="0.043" />
  <testcase classname="ptolemy.util.test.junit.AutoTests" name="[32] /home/travis/build/icyphy/ptII/ptolemy/domains/modal/test/auto/CausalityInterface9.xml (RunModel)" time="0.043" />
  <testcase classname="ptolemy.util.test.junit.AutoTests" name="[33] /home/travis/build/icyphy/ptII/ptolemy/domains/modal/test/auto/ChainedTransitions.xml (RunModel)" time="0.155" />
  <testcase classname="ptolemy.util.test.junit.AutoTests" name="[34] /home/travis/build/icyphy/ptII/ptolemy/domains/modal/test/auto/CycleOfImmediateTransitionsFSM.xml (RunModel)" time="0.03" />
  <testcase classname="ptolemy.util.test.junit.AutoTests" name="[35] /home/travis/build/icyphy/ptII/ptolemy/domains/modal/test/auto/CycleOfImmediateTransitionsModal.xml (RunModel)" time="0.022" />
  <testcase classname="ptolemy.util.test.junit.AutoTests" name="[36] /home/travis/build/icyphy/ptII/ptolemy/domains/modal/test/auto/CycleOfImmediateTransitionsModal2.xml (RunModel)" time="0.032" />
  <testcase classname="ptolemy.util.test.junit.AutoTests" name="[37] /home/travis/build/icyphy/ptII/ptolemy/domains/modal/test/auto/CycleOfImmediateTransitionsModal3.xml (RunModel)" time="0.081" />
  <testcase classname="ptolemy.util.test.junit.AutoTests" name="[38] /home/travis/build/icyphy/ptII/ptolemy/domains/modal/test/auto/DeepModal1.xml (RunModel)" time="0.058" />
  <testcase classname="ptolemy.util.test.junit.AutoTests" name="[39] /home/travis/build/icyphy/ptII/ptolemy/domains/modal/test/auto/DeepModal2.xml (RunModel)" time="0.076" />
  <testcase classname="ptolemy.util.test.junit.AutoTests" name="[40] /home/travis/build/icyphy/ptII/ptolemy/domains/modal/test/auto/DeepModal3.xml (RunModel)" time="0.061" />
  <testcase classname="ptolemy.util.test.junit.AutoTests" name="[41] /home/travis/build/icyphy/ptII/ptolemy/domains/modal/test/auto/DeepModal4.xml (RunModel)" time="0.09" />
  <testcase classname="ptolemy.util.test.junit.AutoTests" name="[42] /home/travis/build/icyphy/ptII/ptolemy/domains/modal/test/auto/Default1.xml (RunModel)" time="0.02" />
  <testcase classname="ptolemy.util.test.junit.AutoTests" name="[43] /home/travis/build/icyphy/ptII/ptolemy/domains/modal/test/auto/Default2.xml (RunModel)" time="0.026" />
  <testcase classname="ptolemy.util.test.junit.AutoTests" name="[44] /home/travis/build/icyphy/ptII/ptolemy/domains/modal/test/auto/Default3.xml (RunModel)" time="0.024" />
  <testcase classname="ptolemy.util.test.junit.AutoTests" name="[45] /home/travis/build/icyphy/ptII/ptolemy/domains/modal/test/auto/Default4.xml (RunModel)" time="0.031" />
  <testcase classname="ptolemy.util.test.junit.AutoTests" name="[46] /home/travis/build/icyphy/ptII/ptolemy/domains/modal/test/auto/Default5.xml (RunModel)" time="0.047" />
  <testcase classname="ptolemy.util.test.junit.AutoTests" name="[47] /home/travis/build/icyphy/ptII/ptolemy/domains/modal/test/auto/EmptyGuard.xml (RunModel)" time="0.028" />
  <testcase classname="ptolemy.util.test.junit.AutoTests" name="[48] /home/travis/build/icyphy/ptII/ptolemy/domains/modal/test/auto/ErrorTransition1.xml (RunModel)" time="0.032" />
  <testcase classname="ptolemy.util.test.junit.AutoTests" name="[49] /home/travis/build/icyphy/ptII/ptolemy/domains/modal/test/auto/ErrorTransition10.xml (RunModel)" time="0.047" />
  <testcase classname="ptolemy.util.test.junit.AutoTests" name="[50] /home/travis/build/icyphy/ptII/ptolemy/domains/modal/test/auto/ErrorTransition11.xml (RunModel)" time="0.037" />
  <testcase classname="ptolemy.util.test.junit.AutoTests" name="[51] /home/travis/build/icyphy/ptII/ptolemy/domains/modal/test/auto/ErrorTransition2.xml (RunModel)" time="0.025" />
  <testcase classname="ptolemy.util.test.junit.AutoTests" name="[52] /home/travis/build/icyphy/ptII/ptolemy/domains/modal/test/auto/ErrorTransition3.xml (RunModel)" time="0.032" />
  <testcase classname="ptolemy.util.test.junit.AutoTests" name="[53] /home/travis/build/icyphy/ptII/ptolemy/domains/modal/test/auto/ErrorTransition4.xml (RunModel)" time="0.034" />
  <testcase classname="ptolemy.util.test.junit.AutoTests" name="[54] /home/travis/build/icyphy/ptII/ptolemy/domains/modal/test/auto/ErrorTransition5.xml (RunModel)" time="0.032" />
  <testcase classname="ptolemy.util.test.junit.AutoTests" name="[55] /home/travis/build/icyphy/ptII/ptolemy/domains/modal/test/auto/ErrorTransition6.xml (RunModel)" time="0.031" />
  <testcase classname="ptolemy.util.test.junit.AutoTests" name="[56] /home/travis/build/icyphy/ptII/ptolemy/domains/modal/test/auto/ErrorTransition7.xml (RunModel)" time="0.046" />
  <testcase classname="ptolemy.util.test.junit.AutoTests" name="[57] /home/travis/build/icyphy/ptII/ptolemy/domains/modal/test/auto/ErrorTransition8.xml (RunModel)" time="0.062" />
  <testcase classname="ptolemy.util.test.junit.AutoTests" name="[58] /home/travis/build/icyphy/ptII/ptolemy/domains/modal/test/auto/ErrorTransition9.xml (RunModel)" time="0.041" />
  <testcase classname="ptolemy.util.test.junit.AutoTests" name="[59] /home/travis/build/icyphy/ptII/ptolemy/domains/modal/test/auto/ExtendedFSM.xml (RunModel)" time="0.025" />
  <testcase classname="ptolemy.util.test.junit.AutoTests" name="[60] /home/travis/build/icyphy/ptII/ptolemy/domains/modal/test/auto/FinalStates.xml (RunModel)" time="0.024" />
  <testcase classname="ptolemy.util.test.junit.AutoTests" name="[61] /home/travis/build/icyphy/ptII/ptolemy/domains/modal/test/auto/FixedPointFSM.xml (RunModel)" time="0.042" />
  <testcase classname="ptolemy.util.test.junit.AutoTests" name="[62] /home/travis/build/icyphy/ptII/ptolemy/domains/modal/test/auto/FixedPointIterationFSMActor.xml (RunModel)" time="0.031" />
  <testcase classname="ptolemy.util.test.junit.AutoTests" name="[63] /home/travis/build/icyphy/ptII/ptolemy/domains/modal/test/auto/FixedPointIterationFSMActor2.xml (RunModel)" time="0.045" />
  <testcase classname="ptolemy.util.test.junit.AutoTests" name="[64] /home/travis/build/icyphy/ptII/ptolemy/domains/modal/test/auto/ForbiddenInstantanousLoop.xml (RunModel)" time="0.036" />
  <testcase classname="ptolemy.util.test.junit.AutoTests" name="[65] /home/travis/build/icyphy/ptII/ptolemy/domains/modal/test/auto/FunctionDependencyOfFSMActorTest.xml (RunModel)" time="0.035" />
  <testcase classname="ptolemy.util.test.junit.AutoTests" name="[66] /home/travis/build/icyphy/ptII/ptolemy/domains/modal/test/auto/GuardExpression.xml (RunModel)" time="0.024" />
  <testcase classname="ptolemy.util.test.junit.AutoTests" name="[67] /home/travis/build/icyphy/ptII/ptolemy/domains/modal/test/auto/GuardNotEvaluated.xml (RunModel)" time="0.038" />
  <testcase classname="ptolemy.util.test.junit.AutoTests" name="[68] /home/travis/build/icyphy/ptII/ptolemy/domains/modal/test/auto/GuardNotEvaluated2.xml (RunModel)" time="0.03" />
  <testcase classname="ptolemy.util.test.junit.AutoTests" name="[69] /home/travis/build/icyphy/ptII/ptolemy/domains/modal/test/auto/GuardOnAbsent.xml (RunModel)" time="0.029" />
  <testcase classname="ptolemy.util.test.junit.AutoTests" name="[70] /home/travis/build/icyphy/ptII/ptolemy/domains/modal/test/auto/HierarchicalFSMTypeInference.xml (RunModel)" time="0.049" />
  <testcase classname="ptolemy.util.test.junit.AutoTests" name="[71] /home/travis/build/icyphy/ptII/ptolemy/domains/modal/test/auto/Hysteresis.xml (RunModel)" time="0.043" />
  <testcase classname="ptolemy.util.test.junit.AutoTests" name="[72] /home/travis/build/icyphy/ptII/ptolemy/domains/modal/test/auto/HysteresisWithDefault.xml (RunModel)" time="0.062" />
  <testcase classname="ptolemy.util.test.junit.AutoTests" name="[73] /home/travis/build/icyphy/ptII/ptolemy/domains/modal/test/auto/HysteresisWithDefault2.xml (RunModel)" time="0.069" />
  <testcase classname="ptolemy.util.test.junit.AutoTests" name="[74] /home/travis/build/icyphy/ptII/ptolemy/domains/modal/test/auto/ImmediateNonConstructiveness.xml (RunModel)" time="0.019" />
  <testcase classname="ptolemy.util.test.junit.AutoTests" name="[75] /home/travis/build/icyphy/ptII/ptolemy/domains/modal/test/auto/ImmediateNonConstructiveness2.xml (RunModel)" time="0.022" />
  <testcase classname="ptolemy.util.test.junit.AutoTests" name="[76] /home/travis/build/icyphy/ptII/ptolemy/domains/modal/test/auto/ImmediateTransitionReset.xml (RunModel)" time="0.032" />
  <testcase classname="ptolemy.util.test.junit.AutoTests" name="[77] /home/travis/build/icyphy/ptII/ptolemy/domains/modal/test/auto/ImmediateTransitions1.xml (RunModel)" time="0.021" />
  <testcase classname="ptolemy.util.test.junit.AutoTests" name="[78] /home/travis/build/icyphy/ptII/ptolemy/domains/modal/test/auto/ImmediateTransitionsInstantaneousCommunication.xml (RunModel)" time="0.034" />
  <testcase classname="ptolemy.util.test.junit.AutoTests" name="[79] /home/travis/build/icyphy/ptII/ptolemy/domains/modal/test/auto/InitialImmediateTransition.xml (RunModel)" time="0.019" />
  <testcase classname="ptolemy.util.test.junit.AutoTests" name="[80] /home/travis/build/icyphy/ptII/ptolemy/domains/modal/test/auto/InitialOutputs.xml (RunModel)" time="0.016" />
  <testcase classname="ptolemy.util.test.junit.AutoTests" name="[81] /home/travis/build/icyphy/ptII/ptolemy/domains/modal/test/auto/InitialStateTransition1.xml (RunModel)" time="0.024" />
  <testcase classname="ptolemy.util.test.junit.AutoTests" name="[82] /home/travis/build/icyphy/ptII/ptolemy/domains/modal/test/auto/InitialStateTransition2.xml (RunModel)" time="0.024" />
  <testcase classname="ptolemy.util.test.junit.AutoTests" name="[83] /home/travis/build/icyphy/ptII/ptolemy/domains/modal/test/auto/InitialStateTransition3.xml (RunModel)" time="0.022" />
  <testcase classname="ptolemy.util.test.junit.AutoTests" name="[84] /home/travis/build/icyphy/ptII/ptolemy/domains/modal/test/auto/InitialStateTransition4.xml (RunModel)" time="0.029" />
  <testcase classname="ptolemy.util.test.junit.AutoTests" name="[85] /home/travis/build/icyphy/ptII/ptolemy/domains/modal/test/auto/MalformedGuardExpressionNotCaught.xml (RunModel)" time="0.025" />
  <testcase classname="ptolemy.util.test.junit.AutoTests" name="[86] /home/travis/build/icyphy/ptII/ptolemy/domains/modal/test/auto/ModalBSC.xml (RunModel)" time="0.088" />
  <testcase classname="ptolemy.util.test.junit.AutoTests" name="[87] /home/travis/build/icyphy/ptII/ptolemy/domains/modal/test/auto/ModalClocks.xml (RunModel)" time="0.081" />
  <testcase classname="ptolemy.util.test.junit.AutoTests" name="[88] /home/travis/build/icyphy/ptII/ptolemy/domains/modal/test/auto/ModalDelay.xml (RunModel)" time="0.048" />
  <testcase classname="ptolemy.util.test.junit.AutoTests" name="[89] /home/travis/build/icyphy/ptII/ptolemy/domains/modal/test/auto/ModalDelay2.xml (RunModel)" time="0.051" />
  <testcase classname="ptolemy.util.test.junit.AutoTests" name="[90] /home/travis/build/icyphy/ptII/ptolemy/domains/modal/test/auto/ModalModelFromMemo.xml (RunModel)" time="0.061" />
  <testcase classname="ptolemy.util.test.junit.AutoTests" name="[91] /home/travis/build/icyphy/ptII/ptolemy/domains/modal/test/auto/ModalModelWithMultirateTransient.xml (RunModel)" time="0.051" />
  <testcase classname="ptolemy.util.test.junit.AutoTests" name="[92] /home/travis/build/icyphy/ptII/ptolemy/domains/modal/test/auto/ModalModelWithReset.xml (RunModel)" time="0.049" />
  <testcase classname="ptolemy.util.test.junit.AutoTests" name="[93] /home/travis/build/icyphy/ptII/ptolemy/domains/modal/test/auto/MouseClickFSM.xml (RunModel)" time="0.048" />
  <testcase classname="ptolemy.util.test.junit.AutoTests" name="[94] /home/travis/build/icyphy/ptII/ptolemy/domains/modal/test/auto/MouseClickFSMModal.xml (RunModel)" time="0.039" />
  <testcase classname="ptolemy.util.test.junit.AutoTests" name="[95] /home/travis/build/icyphy/ptII/ptolemy/domains/modal/test/auto/NonStrictFSM_FeedbackLoop.xml (RunModel)" time="0.051" />
  <testcase classname="ptolemy.util.test.junit.AutoTests" name="[96] /home/travis/build/icyphy/ptII/ptolemy/domains/modal/test/auto/NonStrictFSM_FeedbackLoop_Refinement.xml (RunModel)" time="0.054" />
  <testcase classname="ptolemy.util.test.junit.AutoTests" name="[97] /home/travis/build/icyphy/ptII/ptolemy/domains/modal/test/auto/NonStrictFSM_FeedbackLoop_preemptive.xml (RunModel)" time="0.061" />
  <testcase classname="ptolemy.util.test.junit.AutoTests" name="[98] /home/travis/build/icyphy/ptII/ptolemy/domains/modal/test/auto/NormalTermination.xml (RunModel)" time="0.056" />
  <testcase classname="ptolemy.util.test.junit.AutoTests" name="[99] /home/travis/build/icyphy/ptII/ptolemy/domains/modal/test/auto/Pong.xml (RunModel)" time="0.079" />
  <testcase classname="ptolemy.util.test.junit.AutoTests" name="[100] /home/travis/build/icyphy/ptII/ptolemy/domains/modal/test/auto/Pong_test.xml (RunModel)" time="0.076" />
  <testcase classname="ptolemy.util.test.junit.AutoTests" name="[101] /home/travis/build/icyphy/ptII/ptolemy/domains/modal/test/auto/PreemptionHierarchy.xml (RunModel)" time="0.024" />
  <testcase classname="ptolemy.util.test.junit.AutoTests" name="[102] /home/travis/build/icyphy/ptII/ptolemy/domains/modal/test/auto/PreemptionHierarchy2.xml (RunModel)" time="0.03" />
  <testcase classname="ptolemy.util.test.junit.AutoTests" name="[103] /home/travis/build/icyphy/ptII/ptolemy/domains/modal/test/auto/PreemptiveTransition.xml (RunModel)" time="0.021" />
  <testcase classname="ptolemy.util.test.junit.AutoTests" name="[104] /home/travis/build/icyphy/ptII/ptolemy/domains/modal/test/auto/Priorities.xml (RunModel)" time="0.068" />
  <testcase classname="ptolemy.util.test.junit.AutoTests" name="[105] /home/travis/build/icyphy/ptII/ptolemy/domains/modal/test/auto/ResetFinal.xml (RunModel)" time="0.058" />
  <testcase classname="ptolemy.util.test.junit.AutoTests" name="[106] /home/travis/build/icyphy/ptII/ptolemy/domains/modal/test/auto/ResetFinal2.xml (RunModel)" time="0.03" />
  <testcase classname="ptolemy.util.test.junit.AutoTests" name="[107] /home/travis/build/icyphy/ptII/ptolemy/domains/modal/test/auto/ResetTransitionWithStartTime.xml (RunModel)" time="0.048" />
  <testcase classname="ptolemy.util.test.junit.AutoTests" name="[108] /home/travis/build/icyphy/ptII/ptolemy/domains/modal/test/auto/SDF-FSMComposite.xml (RunModel)" time="0.02" />
  <testcase classname="ptolemy.util.test.junit.AutoTests" name="[109] /home/travis/build/icyphy/ptII/ptolemy/domains/modal/test/auto/SeeminglyNondeterminate.xml (RunModel)" time="0.058" />
  <testcase classname="ptolemy.util.test.junit.AutoTests" name="[110] /home/travis/build/icyphy/ptII/ptolemy/domains/modal/test/auto/SeeminglyNondeterminate2.xml (RunModel)" time="0.068" />
  <testcase classname="ptolemy.util.test.junit.AutoTests" name="[111] /home/travis/build/icyphy/ptII/ptolemy/domains/modal/test/auto/SpontaneousFSM.xml (RunModel)" time="0.049" />
  <testcase classname="ptolemy.util.test.junit.AutoTests" name="[112] /home/travis/build/icyphy/ptII/ptolemy/domains/modal/test/auto/SpontaneousFSM2.xml (RunModel)" time="0.032" />
  <testcase classname="ptolemy.util.test.junit.AutoTests" name="[113] /home/travis/build/icyphy/ptII/ptolemy/domains/modal/test/auto/SpontaneousFSM3.xml (RunModel)" time="0.039" />
  <testcase classname="ptolemy.util.test.junit.AutoTests" name="[114] /home/travis/build/icyphy/ptII/ptolemy/domains/modal/test/auto/SpontaneousFSM4.xml (RunModel)" time="0.046" />
  <testcase classname="ptolemy.util.test.junit.AutoTests" name="[115] /home/travis/build/icyphy/ptII/ptolemy/domains/modal/test/auto/StateTrackerTest.xml (RunModel)" time="0.05" />
  <testcase classname="ptolemy.util.test.junit.AutoTests" name="[116] /home/travis/build/icyphy/ptII/ptolemy/domains/modal/test/auto/StrongImmediateTransition.xml (RunModel)" time="0.029" />
  <testcase classname="ptolemy.util.test.junit.AutoTests" name="[117] /home/travis/build/icyphy/ptII/ptolemy/domains/modal/test/auto/SustainHierarchy.xml (RunModel)" time="0.032" />
  <testcase classname="ptolemy.util.test.junit.AutoTests" name="[118] /home/travis/build/icyphy/ptII/ptolemy/domains/modal/test/auto/TerminationTransition1.xml (RunModel)" time="0.022" />
  <testcase classname="ptolemy.util.test.junit.AutoTests" name="[119] /home/travis/build/icyphy/ptII/ptolemy/domains/modal/test/auto/TerminationTransition2.xml (RunModel)" time="0.027" />
  <testcase classname="ptolemy.util.test.junit.AutoTests" name="[120] /home/travis/build/icyphy/ptII/ptolemy/domains/modal/test/auto/TerminationTransition3.xml (RunModel)" time="0.025" />
  <testcase classname="ptolemy.util.test.junit.AutoTests" name="[121] /home/travis/build/icyphy/ptII/ptolemy/domains/modal/test/auto/TerminationTransition4.xml (RunModel)" time="0.035" />
  <testcase classname="ptolemy.util.test.junit.AutoTests" name="[122] /home/travis/build/icyphy/ptII/ptolemy/domains/modal/test/auto/TerminationTransition5.xml (RunModel)" time="0.034" />
  <testcase classname="ptolemy.util.test.junit.AutoTests" name="[123] /home/travis/build/icyphy/ptII/ptolemy/domains/modal/test/auto/TerminationTransition6.xml (RunModel)" time="0.022" />
  <testcase classname="ptolemy.util.test.junit.AutoTests" name="[124] /home/travis/build/icyphy/ptII/ptolemy/domains/modal/test/auto/TerminationTransition7.xml (RunModel)" time="0.023" />
  <testcase classname="ptolemy.util.test.junit.AutoTests" name="[125] /home/travis/build/icyphy/ptII/ptolemy/domains/modal/test/auto/TerminationTransition8.xml (RunModel)" time="0.031" />
  <testcase classname="ptolemy.util.test.junit.AutoTests" name="[126] /home/travis/build/icyphy/ptII/ptolemy/domains/modal/test/auto/Thermostat_NoHysteresis.xml (RunModel)" time="0.052" />
  <testcase classname="ptolemy.util.test.junit.AutoTests" name="[127] /home/travis/build/icyphy/ptII/ptolemy/domains/modal/test/auto/TimedFSM.xml (RunModel)" time="0.029" />
  <testcase classname="ptolemy.util.test.junit.AutoTests" name="[128] /home/travis/build/icyphy/ptII/ptolemy/domains/modal/test/auto/Timeout1.xml (RunModel)" time="0.014" />
  <testcase classname="ptolemy.util.test.junit.AutoTests" name="[129] /home/travis/build/icyphy/ptII/ptolemy/domains/modal/test/auto/Timeout2.xml (RunModel)" time="0.023" />
  <testcase classname="ptolemy.util.test.junit.AutoTests" name="[130] /home/travis/build/icyphy/ptII/ptolemy/domains/modal/test/auto/Timeout3.xml (RunModel)" time="0.012" />
  <testcase classname="ptolemy.util.test.junit.AutoTests" name="[131] /home/travis/build/icyphy/ptII/ptolemy/domains/modal/test/auto/Timeout4.xml (RunModel)" time="0.011" />
  <testcase classname="ptolemy.util.test.junit.AutoTests" name="[132] /home/travis/build/icyphy/ptII/ptolemy/domains/modal/test/auto/TransientstateModelAdvanced.xml (RunModel)" time="0.027" />
  <testcase classname="ptolemy.util.test.junit.AutoTests" name="[133] /home/travis/build/icyphy/ptII/ptolemy/domains/modal/test/auto/TransientstateModelAdvanced2.xml (RunModel)" time="0.032" />
  <testcase classname="ptolemy.util.test.junit.AutoTests" name="[134] /home/travis/build/icyphy/ptII/ptolemy/domains/modal/test/auto/TransitionRefinements.xml (RunModel)" time="0.021" />
  <testcase classname="ptolemy.util.test.junit.AutoTests" name="[135] /home/travis/build/icyphy/ptII/ptolemy/domains/modal/test/auto/TwoRefinements1.xml (RunModel)" time="0.025" />
  <testcase classname="ptolemy.util.test.junit.AutoTests" name="[136] /home/travis/build/icyphy/ptII/ptolemy/domains/modal/test/auto/TwoRefinements2.xml (RunModel)" time="0.024" />
  <testcase classname="ptolemy.util.test.junit.AutoTests" name="[137] /home/travis/build/icyphy/ptII/ptolemy/domains/modal/test/auto/WeakImmediateTransition.xml (RunModel)" time="0.019" />
  <testcase classname="ptolemy.util.test.junit.AutoTests" name="[138] /home/travis/build/icyphy/ptII/ptolemy/domains/modal/test/auto/booleanSelect.xml (RunModel)" time="0.076" />
  <testcase classname="ptolemy.util.test.junit.AutoTests" name="[139] /home/travis/build/icyphy/ptII/ptolemy/domains/modal/test/auto/modalChangingParams.xml (RunModel)" time="0.235" />
  <testcase classname="ptolemy.util.test.junit.AutoTests" name="[140] /home/travis/build/icyphy/ptII/ptolemy/domains/modal/test/auto/modalModel.xml (RunModel)" time="0.027" />
  <testcase classname="ptolemy.util.test.junit.AutoTests" name="[141] /home/travis/build/icyphy/ptII/ptolemy/domains/modal/test/auto/modalModel2.xml (RunModel)" time="0.034" />
  <testcase classname="ptolemy.util.test.junit.AutoTests" name="[142] /home/travis/build/icyphy/ptII/ptolemy/domains/modal/test/auto/modalModel3.xml (RunModel)" time="0.043" />
  <testcase classname="ptolemy.util.test.junit.AutoTests" name="[143] /home/travis/build/icyphy/ptII/ptolemy/domains/modal/test/auto/model1.xml (RunModel)" time="0.019" />
  <testcase classname="ptolemy.util.test.junit.AutoTests" name="[144] /home/travis/build/icyphy/ptII/ptolemy/domains/modal/test/auto/test-direct-in-out.xml (RunModel)" time="0.022" />
  <system-out><![CDATA[/home/travis/build/icyphy/ptII/ptolemy/domains/modal/test/SystemLevelType.tcl
testDefs.tcl: setting time out to 9000 seconds at Tue Aug 28 02:03:09 UTC 2018
08/28/18 02:03:11
Failed: 0  Total Tests: 1  ((Passed: 1, Newly Passed: 0)  Known Failed: 0) /home/travis/build/icyphy/ptII/ptolemy/domains/modal/test
----------------- testing (KnownFailure) /home/travis/build/icyphy/ptII/ptolemy/domains/modal/test/auto/knownFailedTests/CannotAnalysisWithPreemption.xml
28 ms. Memory: 208384K Free: 185637K (89%)
Known Failure: java.lang.reflect.InvocationTargetException
No auto/linux-amd64/*.xml tests in /home/travis/build/icyphy/ptII/ptolemy/domains/modal/test
AutoTests.java: About to close Vertx.
AutoTests.java: Vertx closed.

===========================================================================================
----------------- testing Tue Aug 28 02:03:12 UTC 2018 /home/travis/build/icyphy/ptII/ptolemy/domains/modal/test/auto/ABPTest.xml
----------------- Instantiating /home/travis/build/icyphy/ptII/ptolemy/domains/modal/test/auto/ABPTest.xml
332 ms. Memory: 332288K Free: 293869K (88%)
----------------- Invoking toplevel() on ptolemy.moml.MoMLSimpleApplication@29040a0f
----------------- Done invoking toplevel() on ptolemy.moml.MoMLSimpleApplication@29040a0f
reloadAllAccessors: .ABPTest

===========================================================================================
----------------- testing Tue Aug 28 02:03:12 UTC 2018 /home/travis/build/icyphy/ptII/ptolemy/domains/modal/test/auto/ABROFlat.xml
----------------- Instantiating /home/travis/build/icyphy/ptII/ptolemy/domains/modal/test/auto/ABROFlat.xml
27 ms. Memory: 332288K Free: 271658K (82%)
----------------- Invoking toplevel() on ptolemy.moml.MoMLSimpleApplication@262b4beb
----------------- Done invoking toplevel() on ptolemy.moml.MoMLSimpleApplication@262b4beb
reloadAllAccessors: .ABROFlat

===========================================================================================
----------------- testing Tue Aug 28 02:03:12 UTC 2018 /home/travis/build/icyphy/ptII/ptolemy/domains/modal/test/auto/ABROFlat2.xml
----------------- Instantiating /home/travis/build/icyphy/ptII/ptolemy/domains/modal/test/auto/ABROFlat2.xml
21 ms. Memory: 332288K Free: 253668K (76%)
----------------- Invoking toplevel() on ptolemy.moml.MoMLSimpleApplication@4e7d4cfd
----------------- Done invoking toplevel() on ptolemy.moml.MoMLSimpleApplication@4e7d4cfd
reloadAllAccessors: .ABROFlat2

===========================================================================================
----------------- testing Tue Aug 28 02:03:12 UTC 2018 /home/travis/build/icyphy/ptII/ptolemy/domains/modal/test/auto/ABRO_present_hmm.xml
----------------- Instantiating /home/travis/build/icyphy/ptII/ptolemy/domains/modal/test/auto/ABRO_present_hmm.xml
34 ms. Memory: 332288K Free: 222619K (67%)
----------------- Invoking toplevel() on ptolemy.moml.MoMLSimpleApplication@6038191c
----------------- Done invoking toplevel() on ptolemy.moml.MoMLSimpleApplication@6038191c
reloadAllAccessors: .ABRO_present_hmm

===========================================================================================
----------------- testing Tue Aug 28 02:03:13 UTC 2018 /home/travis/build/icyphy/ptII/ptolemy/domains/modal/test/auto/AMICoderExample.xml
----------------- Instantiating /home/travis/build/icyphy/ptII/ptolemy/domains/modal/test/auto/AMICoderExample.xml
21 ms. Memory: 332288K Free: 211198K (64%)
----------------- Invoking toplevel() on ptolemy.moml.MoMLSimpleApplication@4b87c77e
----------------- Done invoking toplevel() on ptolemy.moml.MoMLSimpleApplication@4b87c77e
reloadAllAccessors: .AMICoderExample

===========================================================================================
----------------- testing Tue Aug 28 02:03:13 UTC 2018 /home/travis/build/icyphy/ptII/ptolemy/domains/modal/test/auto/AbsentToPresent.xml
----------------- Instantiating /home/travis/build/icyphy/ptII/ptolemy/domains/modal/test/auto/AbsentToPresent.xml
6 ms. Memory: 332288K Free: 201223K (61%)
----------------- Invoking toplevel() on ptolemy.moml.MoMLSimpleApplication@1260ea5b
----------------- Done invoking toplevel() on ptolemy.moml.MoMLSimpleApplication@1260ea5b
reloadAllAccessors: .AbsentToPresent

===========================================================================================
----------------- testing Tue Aug 28 02:03:13 UTC 2018 /home/travis/build/icyphy/ptII/ptolemy/domains/modal/test/auto/Blending.xml
----------------- Instantiating /home/travis/build/icyphy/ptII/ptolemy/domains/modal/test/auto/Blending.xml
156 ms. Memory: 332288K Free: 150516K (45%)
----------------- Invoking toplevel() on ptolemy.moml.MoMLSimpleApplication@3c34e51a
----------------- Done invoking toplevel() on ptolemy.moml.MoMLSimpleApplication@3c34e51a
reloadAllAccessors: .Blending

===========================================================================================
----------------- testing Tue Aug 28 02:03:13 UTC 2018 /home/travis/build/icyphy/ptII/ptolemy/domains/modal/test/auto/Broadcast.xml
----------------- Instantiating /home/travis/build/icyphy/ptII/ptolemy/domains/modal/test/auto/Broadcast.xml
16 ms. Memory: 332288K Free: 132551K (40%)
----------------- Invoking toplevel() on ptolemy.moml.MoMLSimpleApplication@70f7f9c7
----------------- Done invoking toplevel() on ptolemy.moml.MoMLSimpleApplication@70f7f9c7
reloadAllAccessors: .Broadcast

===========================================================================================
----------------- testing Tue Aug 28 02:03:13 UTC 2018 /home/travis/build/icyphy/ptII/ptolemy/domains/modal/test/auto/BroadcastHierarchy.xml
----------------- Instantiating /home/travis/build/icyphy/ptII/ptolemy/domains/modal/test/auto/BroadcastHierarchy.xml
11 ms. Memory: 332288K Free: 114584K (34%)
----------------- Invoking toplevel() on ptolemy.moml.MoMLSimpleApplication@216c5c3d
----------------- Done invoking toplevel() on ptolemy.moml.MoMLSimpleApplication@216c5c3d
reloadAllAccessors: .BroadcastHierarchy

===========================================================================================
----------------- testing Tue Aug 28 02:03:13 UTC 2018 /home/travis/build/icyphy/ptII/ptolemy/domains/modal/test/auto/BroadcastHierarchy2.xml
----------------- Instantiating /home/travis/build/icyphy/ptII/ptolemy/domains/modal/test/auto/BroadcastHierarchy2.xml
27 ms. Memory: 332288K Free: 78660K (24%)
----------------- Invoking toplevel() on ptolemy.moml.MoMLSimpleApplication@6c13f638
----------------- Done invoking toplevel() on ptolemy.moml.MoMLSimpleApplication@6c13f638
reloadAllAccessors: .BroadcastHierarchy2

===========================================================================================
----------------- testing Tue Aug 28 02:03:13 UTC 2018 /home/travis/build/icyphy/ptII/ptolemy/domains/modal/test/auto/BroadcastHierarchy3.xml
----------------- Instantiating /home/travis/build/icyphy/ptII/ptolemy/domains/modal/test/auto/BroadcastHierarchy3.xml
20 ms. Memory: 333824K Free: 297826K (89%)
----------------- Invoking toplevel() on ptolemy.moml.MoMLSimpleApplication@5e5a0aa3
----------------- Done invoking toplevel() on ptolemy.moml.MoMLSimpleApplication@5e5a0aa3
reloadAllAccessors: .BroadcastHierarchy3

===========================================================================================
----------------- testing Tue Aug 28 02:03:13 UTC 2018 /home/travis/build/icyphy/ptII/ptolemy/domains/modal/test/auto/BroadcastHierarchy4.xml
----------------- Instantiating /home/travis/build/icyphy/ptII/ptolemy/domains/modal/test/auto/BroadcastHierarchy4.xml
18 ms. Memory: 333824K Free: 262826K (79%)
----------------- Invoking toplevel() on ptolemy.moml.MoMLSimpleApplication@1b43773d
----------------- Done invoking toplevel() on ptolemy.moml.MoMLSimpleApplication@1b43773d
reloadAllAccessors: .BroadcastHierarchy4

===========================================================================================
----------------- testing Tue Aug 28 02:03:14 UTC 2018 /home/travis/build/icyphy/ptII/ptolemy/domains/modal/test/auto/CannotAnalysisWithPreemption2.xml
----------------- Instantiating /home/travis/build/icyphy/ptII/ptolemy/domains/modal/test/auto/CannotAnalysisWithPreemption2.xml
5 ms. Memory: 333824K Free: 253025K (76%)
----------------- Invoking toplevel() on ptolemy.moml.MoMLSimpleApplication@1e0d1f1b
----------------- Done invoking toplevel() on ptolemy.moml.MoMLSimpleApplication@1e0d1f1b
reloadAllAccessors: .CannotAnalysisWithPreemption2

===========================================================================================
----------------- testing Tue Aug 28 02:03:14 UTC 2018 /home/travis/build/icyphy/ptII/ptolemy/domains/modal/test/auto/CannotAnalysisWithPreemption3.xml
----------------- Instantiating /home/travis/build/icyphy/ptII/ptolemy/domains/modal/test/auto/CannotAnalysisWithPreemption3.xml
5 ms. Memory: 333824K Free: 239975K (72%)
----------------- Invoking toplevel() on ptolemy.moml.MoMLSimpleApplication@157911b5
----------------- Done invoking toplevel() on ptolemy.moml.MoMLSimpleApplication@157911b5
reloadAllAccessors: .CannotAnalysisWithPreemption3

===========================================================================================
----------------- testing Tue Aug 28 02:03:14 UTC 2018 /home/travis/build/icyphy/ptII/ptolemy/domains/modal/test/auto/CannotProduce.xml
----------------- Instantiating /home/travis/build/icyphy/ptII/ptolemy/domains/modal/test/auto/CannotProduce.xml
10 ms. Memory: 333824K Free: 231154K (69%)
----------------- Invoking toplevel() on ptolemy.moml.MoMLSimpleApplication@4fbd2822
----------------- Done invoking toplevel() on ptolemy.moml.MoMLSimpleApplication@4fbd2822
reloadAllAccessors: .CannotProduce

===========================================================================================
----------------- testing Tue Aug 28 02:03:14 UTC 2018 /home/travis/build/icyphy/ptII/ptolemy/domains/modal/test/auto/CannotProduceModal.xml
----------------- Instantiating /home/travis/build/icyphy/ptII/ptolemy/domains/modal/test/auto/CannotProduceModal.xml
13 ms. Memory: 333824K Free: 222980K (67%)
----------------- Invoking toplevel() on ptolemy.moml.MoMLSimpleApplication@8daf6f9
----------------- Done invoking toplevel() on ptolemy.moml.MoMLSimpleApplication@8daf6f9
reloadAllAccessors: .CannotProduceModal

===========================================================================================
----------------- testing Tue Aug 28 02:03:14 UTC 2018 /home/travis/build/icyphy/ptII/ptolemy/domains/modal/test/auto/Case.xml
----------------- Instantiating /home/travis/build/icyphy/ptII/ptolemy/domains/modal/test/auto/Case.xml
30 ms. Memory: 333824K Free: 209891K (63%)
----------------- Invoking toplevel() on ptolemy.moml.MoMLSimpleApplication@1c4fcd76
----------------- Done invoking toplevel() on ptolemy.moml.MoMLSimpleApplication@1c4fcd76
reloadAllAccessors: .Case

===========================================================================================
----------------- testing Tue Aug 28 02:03:14 UTC 2018 /home/travis/build/icyphy/ptII/ptolemy/domains/modal/test/auto/Case1.xml
----------------- Instantiating /home/travis/build/icyphy/ptII/ptolemy/domains/modal/test/auto/Case1.xml
8 ms. Memory: 333824K Free: 199418K (60%)
----------------- Invoking toplevel() on ptolemy.moml.MoMLSimpleApplication@7a2fc7a9
----------------- Done invoking toplevel() on ptolemy.moml.MoMLSimpleApplication@7a2fc7a9
reloadAllAccessors: .Case1

===========================================================================================
----------------- testing Tue Aug 28 02:03:14 UTC 2018 /home/travis/build/icyphy/ptII/ptolemy/domains/modal/test/auto/Case2.xml
----------------- Instantiating /home/travis/build/icyphy/ptII/ptolemy/domains/modal/test/auto/Case2.xml
29 ms. Memory: 333824K Free: 187973K (56%)
----------------- Invoking toplevel() on ptolemy.moml.MoMLSimpleApplication@42dce9c5
----------------- Done invoking toplevel() on ptolemy.moml.MoMLSimpleApplication@42dce9c5
reloadAllAccessors: .Case2

===========================================================================================
----------------- testing Tue Aug 28 02:03:14 UTC 2018 /home/travis/build/icyphy/ptII/ptolemy/domains/modal/test/auto/CausalityInterface1.xml
----------------- Instantiating /home/travis/build/icyphy/ptII/ptolemy/domains/modal/test/auto/CausalityInterface1.xml
9 ms. Memory: 333824K Free: 181444K (54%)
----------------- Invoking toplevel() on ptolemy.moml.MoMLSimpleApplication@65da9f50
----------------- Done invoking toplevel() on ptolemy.moml.MoMLSimpleApplication@65da9f50
reloadAllAccessors: .CausalityInterface1

===========================================================================================
----------------- testing Tue Aug 28 02:03:14 UTC 2018 /home/travis/build/icyphy/ptII/ptolemy/domains/modal/test/auto/CausalityInterface10.xml
----------------- Instantiating /home/travis/build/icyphy/ptII/ptolemy/domains/modal/test/auto/CausalityInterface10.xml
10 ms. Memory: 333824K Free: 162830K (49%)
----------------- Invoking toplevel() on ptolemy.moml.MoMLSimpleApplication@2491b18a
----------------- Done invoking toplevel() on ptolemy.moml.MoMLSimpleApplication@2491b18a
reloadAllAccessors: .CausalityInterface10

===========================================================================================
----------------- testing Tue Aug 28 02:03:14 UTC 2018 /home/travis/build/icyphy/ptII/ptolemy/domains/modal/test/auto/CausalityInterface11.xml
----------------- Instantiating /home/travis/build/icyphy/ptII/ptolemy/domains/modal/test/auto/CausalityInterface11.xml
10 ms. Memory: 333824K Free: 146492K (44%)
----------------- Invoking toplevel() on ptolemy.moml.MoMLSimpleApplication@5064fc70
----------------- Done invoking toplevel() on ptolemy.moml.MoMLSimpleApplication@5064fc70
reloadAllAccessors: .CausalityInterface11

===========================================================================================
----------------- testing Tue Aug 28 02:03:14 UTC 2018 /home/travis/build/icyphy/ptII/ptolemy/domains/modal/test/auto/CausalityInterface12.xml
----------------- Instantiating /home/travis/build/icyphy/ptII/ptolemy/domains/modal/test/auto/CausalityInterface12.xml
4 ms. Memory: 333824K Free: 130162K (39%)
----------------- Invoking toplevel() on ptolemy.moml.MoMLSimpleApplication@73fab90a
----------------- Done invoking toplevel() on ptolemy.moml.MoMLSimpleApplication@73fab90a
reloadAllAccessors: .CausalityInterface12

===========================================================================================
----------------- testing Tue Aug 28 02:03:14 UTC 2018 /home/travis/build/icyphy/ptII/ptolemy/domains/modal/test/auto/CausalityInterface13.xml
----------------- Instantiating /home/travis/build/icyphy/ptII/ptolemy/domains/modal/test/auto/CausalityInterface13.xml
19 ms. Memory: 333824K Free: 111515K (33%)
----------------- Invoking toplevel() on ptolemy.moml.MoMLSimpleApplication@318fe024
----------------- Done invoking toplevel() on ptolemy.moml.MoMLSimpleApplication@318fe024
reloadAllAccessors: .CausalityInterface13

===========================================================================================
----------------- testing Tue Aug 28 02:03:14 UTC 2018 /home/travis/build/icyphy/ptII/ptolemy/domains/modal/test/auto/CausalityInterface14.xml
----------------- Instantiating /home/travis/build/icyphy/ptII/ptolemy/domains/modal/test/auto/CausalityInterface14.xml
6 ms. Memory: 333824K Free: 95185K (29%)
----------------- Invoking toplevel() on ptolemy.moml.MoMLSimpleApplication@2ddbf0de
----------------- Done invoking toplevel() on ptolemy.moml.MoMLSimpleApplication@2ddbf0de
reloadAllAccessors: .CausalityInterface14

===========================================================================================
----------------- testing Tue Aug 28 02:03:14 UTC 2018 /home/travis/build/icyphy/ptII/ptolemy/domains/modal/test/auto/CausalityInterface2.xml
----------------- Instantiating /home/travis/build/icyphy/ptII/ptolemy/domains/modal/test/auto/CausalityInterface2.xml
9 ms. Memory: 333824K Free: 87020K (26%)
----------------- Invoking toplevel() on ptolemy.moml.MoMLSimpleApplication@6faf67e6
----------------- Done invoking toplevel() on ptolemy.moml.MoMLSimpleApplication@6faf67e6
reloadAllAccessors: .CausalityInterface2

===========================================================================================
----------------- testing Tue Aug 28 02:03:14 UTC 2018 /home/travis/build/icyphy/ptII/ptolemy/domains/modal/test/auto/CausalityInterface3.xml
----------------- Instantiating /home/travis/build/icyphy/ptII/ptolemy/domains/modal/test/auto/CausalityInterface3.xml
10 ms. Memory: 578560K Free: 563506K (97%)
----------------- Invoking toplevel() on ptolemy.moml.MoMLSimpleApplication@731a50bc
----------------- Done invoking toplevel() on ptolemy.moml.MoMLSimpleApplication@731a50bc
reloadAllAccessors: .CausalityInterface3

===========================================================================================
----------------- testing Tue Aug 28 02:03:14 UTC 2018 /home/travis/build/icyphy/ptII/ptolemy/domains/modal/test/auto/CausalityInterface4.xml
----------------- Instantiating /home/travis/build/icyphy/ptII/ptolemy/domains/modal/test/auto/CausalityInterface4.xml
6 ms. Memory: 578560K Free: 550328K (95%)
----------------- Invoking toplevel() on ptolemy.moml.MoMLSimpleApplication@11fc7e04
----------------- Done invoking toplevel() on ptolemy.moml.MoMLSimpleApplication@11fc7e04
reloadAllAccessors: .CausalityInterface4

===========================================================================================
----------------- testing Tue Aug 28 02:03:14 UTC 2018 /home/travis/build/icyphy/ptII/ptolemy/domains/modal/test/auto/CausalityInterface5.xml
----------------- Instantiating /home/travis/build/icyphy/ptII/ptolemy/domains/modal/test/auto/CausalityInterface5.xml
4 ms. Memory: 578560K Free: 537286K (93%)
----------------- Invoking toplevel() on ptolemy.moml.MoMLSimpleApplication@44d4cfb2
----------------- Done invoking toplevel() on ptolemy.moml.MoMLSimpleApplication@44d4cfb2
reloadAllAccessors: .CausalityInterface5

===========================================================================================
----------------- testing Tue Aug 28 02:03:14 UTC 2018 /home/travis/build/icyphy/ptII/ptolemy/domains/modal/test/auto/CausalityInterface6.xml
----------------- Instantiating /home/travis/build/icyphy/ptII/ptolemy/domains/modal/test/auto/CausalityInterface6.xml
3 ms. Memory: 578560K Free: 524245K (91%)
----------------- Invoking toplevel() on ptolemy.moml.MoMLSimpleApplication@419edd51
----------------- Done invoking toplevel() on ptolemy.moml.MoMLSimpleApplication@419edd51
reloadAllAccessors: .CausalityInterface6

===========================================================================================
----------------- testing Tue Aug 28 02:03:14 UTC 2018 /home/travis/build/icyphy/ptII/ptolemy/domains/modal/test/auto/CausalityInterface7.xml
----------------- Instantiating /home/travis/build/icyphy/ptII/ptolemy/domains/modal/test/auto/CausalityInterface7.xml
6 ms. Memory: 578560K Free: 511204K (88%)
----------------- Invoking toplevel() on ptolemy.moml.MoMLSimpleApplication@7eb3f919
----------------- Done invoking toplevel() on ptolemy.moml.MoMLSimpleApplication@7eb3f919
reloadAllAccessors: .CausalityInterface7

===========================================================================================
----------------- testing Tue Aug 28 02:03:14 UTC 2018 /home/travis/build/icyphy/ptII/ptolemy/domains/modal/test/auto/CausalityInterface8.xml
----------------- Instantiating /home/travis/build/icyphy/ptII/ptolemy/domains/modal/test/auto/CausalityInterface8.xml
5 ms. Memory: 578560K Free: 495009K (86%)
----------------- Invoking toplevel() on ptolemy.moml.MoMLSimpleApplication@503516b3
----------------- Done invoking toplevel() on ptolemy.moml.MoMLSimpleApplication@503516b3
reloadAllAccessors: .CausalityInterface8

===========================================================================================
----------------- testing Tue Aug 28 02:03:15 UTC 2018 /home/travis/build/icyphy/ptII/ptolemy/domains/modal/test/auto/CausalityInterface9.xml
----------------- Instantiating /home/travis/build/icyphy/ptII/ptolemy/domains/modal/test/auto/CausalityInterface9.xml
8 ms. Memory: 578560K Free: 481968K (83%)
----------------- Invoking toplevel() on ptolemy.moml.MoMLSimpleApplication@158baa92
----------------- Done invoking toplevel() on ptolemy.moml.MoMLSimpleApplication@158baa92
reloadAllAccessors: .CausalityInterface9

===========================================================================================
----------------- testing Tue Aug 28 02:03:15 UTC 2018 /home/travis/build/icyphy/ptII/ptolemy/domains/modal/test/auto/ChainedTransitions.xml
----------------- Instantiating /home/travis/build/icyphy/ptII/ptolemy/domains/modal/test/auto/ChainedTransitions.xml
101 ms. Memory: 578560K Free: 452588K (78%)
----------------- Invoking toplevel() on ptolemy.moml.MoMLSimpleApplication@22db48cc
----------------- Done invoking toplevel() on ptolemy.moml.MoMLSimpleApplication@22db48cc
reloadAllAccessors: .ChainedTransitions

===========================================================================================
----------------- testing Tue Aug 28 02:03:15 UTC 2018 /home/travis/build/icyphy/ptII/ptolemy/domains/modal/test/auto/CycleOfImmediateTransitionsFSM.xml
----------------- Instantiating /home/travis/build/icyphy/ptII/ptolemy/domains/modal/test/auto/CycleOfImmediateTransitionsFSM.xml
4 ms. Memory: 578560K Free: 442803K (77%)
----------------- Invoking toplevel() on ptolemy.moml.MoMLSimpleApplication@77038d83
----------------- Done invoking toplevel() on ptolemy.moml.MoMLSimpleApplication@77038d83
reloadAllAccessors: .CycleOfImmediateTransitionsFSM

===========================================================================================
----------------- testing Tue Aug 28 02:03:15 UTC 2018 /home/travis/build/icyphy/ptII/ptolemy/domains/modal/test/auto/CycleOfImmediateTransitionsModal.xml
----------------- Instantiating /home/travis/build/icyphy/ptII/ptolemy/domains/modal/test/auto/CycleOfImmediateTransitionsModal.xml
3 ms. Memory: 578560K Free: 429865K (74%)
----------------- Invoking toplevel() on ptolemy.moml.MoMLSimpleApplication@70e57a26
----------------- Done invoking toplevel() on ptolemy.moml.MoMLSimpleApplication@70e57a26
reloadAllAccessors: .CycleOfImmediateTransitionsModal

===========================================================================================
----------------- testing Tue Aug 28 02:03:15 UTC 2018 /home/travis/build/icyphy/ptII/ptolemy/domains/modal/test/auto/CycleOfImmediateTransitionsModal2.xml
----------------- Instantiating /home/travis/build/icyphy/ptII/ptolemy/domains/modal/test/auto/CycleOfImmediateTransitionsModal2.xml
4 ms. Memory: 578560K Free: 420080K (73%)
----------------- Invoking toplevel() on ptolemy.moml.MoMLSimpleApplication@5287d55b
----------------- Done invoking toplevel() on ptolemy.moml.MoMLSimpleApplication@5287d55b
reloadAllAccessors: .CycleOfImmediateTransitionsModal2

===========================================================================================
----------------- testing Tue Aug 28 02:03:15 UTC 2018 /home/travis/build/icyphy/ptII/ptolemy/domains/modal/test/auto/CycleOfImmediateTransitionsModal3.xml
----------------- Instantiating /home/travis/build/icyphy/ptII/ptolemy/domains/modal/test/auto/CycleOfImmediateTransitionsModal3.xml
14 ms. Memory: 578560K Free: 390740K (68%)
----------------- Invoking toplevel() on ptolemy.moml.MoMLSimpleApplication@7b00a724
----------------- Done invoking toplevel() on ptolemy.moml.MoMLSimpleApplication@7b00a724
reloadAllAccessors: .CycleOfImmediateTransitionsModal3

===========================================================================================
----------------- testing Tue Aug 28 02:03:15 UTC 2018 /home/travis/build/icyphy/ptII/ptolemy/domains/modal/test/auto/DeepModal1.xml
----------------- Instantiating /home/travis/build/icyphy/ptII/ptolemy/domains/modal/test/auto/DeepModal1.xml
24 ms. Memory: 578560K Free: 371162K (64%)
----------------- Invoking toplevel() on ptolemy.moml.MoMLSimpleApplication@35194d0e
----------------- Done invoking toplevel() on ptolemy.moml.MoMLSimpleApplication@35194d0e
reloadAllAccessors: .DeepModal1

===========================================================================================
----------------- testing Tue Aug 28 02:03:15 UTC 2018 /home/travis/build/icyphy/ptII/ptolemy/domains/modal/test/auto/DeepModal2.xml
----------------- Instantiating /home/travis/build/icyphy/ptII/ptolemy/domains/modal/test/auto/DeepModal2.xml
23 ms. Memory: 578560K Free: 345182K (60%)
----------------- Invoking toplevel() on ptolemy.moml.MoMLSimpleApplication@40e8931f
----------------- Done invoking toplevel() on ptolemy.moml.MoMLSimpleApplication@40e8931f
reloadAllAccessors: .DeepModal2

===========================================================================================
----------------- testing Tue Aug 28 02:03:15 UTC 2018 /home/travis/build/icyphy/ptII/ptolemy/domains/modal/test/auto/DeepModal3.xml
----------------- Instantiating /home/travis/build/icyphy/ptII/ptolemy/domains/modal/test/auto/DeepModal3.xml
17 ms. Memory: 578560K Free: 322340K (56%)
----------------- Invoking toplevel() on ptolemy.moml.MoMLSimpleApplication@5c4504a0
----------------- Done invoking toplevel() on ptolemy.moml.MoMLSimpleApplication@5c4504a0
reloadAllAccessors: .DeepModal3

===========================================================================================
----------------- testing Tue Aug 28 02:03:15 UTC 2018 /home/travis/build/icyphy/ptII/ptolemy/domains/modal/test/auto/DeepModal4.xml
----------------- Instantiating /home/travis/build/icyphy/ptII/ptolemy/domains/modal/test/auto/DeepModal4.xml
30 ms. Memory: 578560K Free: 299497K (52%)
----------------- Invoking toplevel() on ptolemy.moml.MoMLSimpleApplication@39873952
----------------- Done invoking toplevel() on ptolemy.moml.MoMLSimpleApplication@39873952
reloadAllAccessors: .DeepModal4

===========================================================================================
----------------- testing Tue Aug 28 02:03:15 UTC 2018 /home/travis/build/icyphy/ptII/ptolemy/domains/modal/test/auto/Default1.xml
----------------- Instantiating /home/travis/build/icyphy/ptII/ptolemy/domains/modal/test/auto/Default1.xml
2 ms. Memory: 578560K Free: 289720K (50%)
----------------- Invoking toplevel() on ptolemy.moml.MoMLSimpleApplication@17dfea87
----------------- Done invoking toplevel() on ptolemy.moml.MoMLSimpleApplication@17dfea87
reloadAllAccessors: .Default1

===========================================================================================
----------------- testing Tue Aug 28 02:03:15 UTC 2018 /home/travis/build/icyphy/ptII/ptolemy/domains/modal/test/auto/Default2.xml
----------------- Instantiating /home/travis/build/icyphy/ptII/ptolemy/domains/modal/test/auto/Default2.xml
3 ms. Memory: 578560K Free: 276797K (48%)
----------------- Invoking toplevel() on ptolemy.moml.MoMLSimpleApplication@2259b619
----------------- Done invoking toplevel() on ptolemy.moml.MoMLSimpleApplication@2259b619
reloadAllAccessors: .Default2

===========================================================================================
----------------- testing Tue Aug 28 02:03:15 UTC 2018 /home/travis/build/icyphy/ptII/ptolemy/domains/modal/test/auto/Default3.xml
----------------- Instantiating /home/travis/build/icyphy/ptII/ptolemy/domains/modal/test/auto/Default3.xml
4 ms. Memory: 578560K Free: 267012K (46%)
----------------- Invoking toplevel() on ptolemy.moml.MoMLSimpleApplication@28f80c61
----------------- Done invoking toplevel() on ptolemy.moml.MoMLSimpleApplication@28f80c61
reloadAllAccessors: .Default3

===========================================================================================
----------------- testing Tue Aug 28 02:03:15 UTC 2018 /home/travis/build/icyphy/ptII/ptolemy/domains/modal/test/auto/Default4.xml
----------------- Instantiating /home/travis/build/icyphy/ptII/ptolemy/domains/modal/test/auto/Default4.xml
7 ms. Memory: 578560K Free: 257243K (44%)
----------------- Invoking toplevel() on ptolemy.moml.MoMLSimpleApplication@16f3cd56
----------------- Done invoking toplevel() on ptolemy.moml.MoMLSimpleApplication@16f3cd56
reloadAllAccessors: .Default4

===========================================================================================
----------------- testing Tue Aug 28 02:03:15 UTC 2018 /home/travis/build/icyphy/ptII/ptolemy/domains/modal/test/auto/Default5.xml
----------------- Instantiating /home/travis/build/icyphy/ptII/ptolemy/domains/modal/test/auto/Default5.xml
6 ms. Memory: 578560K Free: 244210K (42%)
----------------- Invoking toplevel() on ptolemy.moml.MoMLSimpleApplication@553d6cf5
----------------- Done invoking toplevel() on ptolemy.moml.MoMLSimpleApplication@553d6cf5
reloadAllAccessors: .Default5

===========================================================================================
----------------- testing Tue Aug 28 02:03:15 UTC 2018 /home/travis/build/icyphy/ptII/ptolemy/domains/modal/test/auto/EmptyGuard.xml
----------------- Instantiating /home/travis/build/icyphy/ptII/ptolemy/domains/modal/test/auto/EmptyGuard.xml
9 ms. Memory: 578560K Free: 231168K (40%)
----------------- Invoking toplevel() on ptolemy.moml.MoMLSimpleApplication@56fa1539
----------------- Done invoking toplevel() on ptolemy.moml.MoMLSimpleApplication@56fa1539
reloadAllAccessors: .EmptyGuard

===========================================================================================
----------------- testing Tue Aug 28 02:03:15 UTC 2018 /home/travis/build/icyphy/ptII/ptolemy/domains/modal/test/auto/ErrorTransition1.xml
----------------- Instantiating /home/travis/build/icyphy/ptII/ptolemy/domains/modal/test/auto/ErrorTransition1.xml
6 ms. Memory: 578560K Free: 214973K (37%)
----------------- Invoking toplevel() on ptolemy.moml.MoMLSimpleApplication@a9c170e
----------------- Done invoking toplevel() on ptolemy.moml.MoMLSimpleApplication@a9c170e
reloadAllAccessors: .ErrorTransition1

===========================================================================================
----------------- testing Tue Aug 28 02:03:15 UTC 2018 /home/travis/build/icyphy/ptII/ptolemy/domains/modal/test/auto/ErrorTransition10.xml
----------------- Instantiating /home/travis/build/icyphy/ptII/ptolemy/domains/modal/test/auto/ErrorTransition10.xml
12 ms. Memory: 578560K Free: 198691K (34%)
----------------- Invoking toplevel() on ptolemy.moml.MoMLSimpleApplication@77a3c435
----------------- Done invoking toplevel() on ptolemy.moml.MoMLSimpleApplication@77a3c435
reloadAllAccessors: .ErrorTransition10

===========================================================================================
----------------- testing Tue Aug 28 02:03:15 UTC 2018 /home/travis/build/icyphy/ptII/ptolemy/domains/modal/test/auto/ErrorTransition11.xml
----------------- Instantiating /home/travis/build/icyphy/ptII/ptolemy/domains/modal/test/auto/ErrorTransition11.xml
5 ms. Memory: 578560K Free: 182385K (32%)
----------------- Invoking toplevel() on ptolemy.moml.MoMLSimpleApplication@64fa3f70
----------------- Done invoking toplevel() on ptolemy.moml.MoMLSimpleApplication@64fa3f70
reloadAllAccessors: .ErrorTransition11

===========================================================================================
----------------- testing Tue Aug 28 02:03:15 UTC 2018 /home/travis/build/icyphy/ptII/ptolemy/domains/modal/test/auto/ErrorTransition2.xml
----------------- Instantiating /home/travis/build/icyphy/ptII/ptolemy/domains/modal/test/auto/ErrorTransition2.xml
5 ms. Memory: 578560K Free: 169344K (29%)
----------------- Invoking toplevel() on ptolemy.moml.MoMLSimpleApplication@7620b6f
----------------- Done invoking toplevel() on ptolemy.moml.MoMLSimpleApplication@7620b6f
reloadAllAccessors: .ErrorTransition2

===========================================================================================
----------------- testing Tue Aug 28 02:03:16 UTC 2018 /home/travis/build/icyphy/ptII/ptolemy/domains/modal/test/auto/ErrorTransition3.xml
----------------- Instantiating /home/travis/build/icyphy/ptII/ptolemy/domains/modal/test/auto/ErrorTransition3.xml
10 ms. Memory: 578560K Free: 153149K (26%)
----------------- Invoking toplevel() on ptolemy.moml.MoMLSimpleApplication@23001cd0
----------------- Done invoking toplevel() on ptolemy.moml.MoMLSimpleApplication@23001cd0
reloadAllAccessors: .ErrorTransition3

===========================================================================================
----------------- testing Tue Aug 28 02:03:16 UTC 2018 /home/travis/build/icyphy/ptII/ptolemy/domains/modal/test/auto/ErrorTransition4.xml
----------------- Instantiating /home/travis/build/icyphy/ptII/ptolemy/domains/modal/test/auto/ErrorTransition4.xml
11 ms. Memory: 578560K Free: 140123K (24%)
----------------- Invoking toplevel() on ptolemy.moml.MoMLSimpleApplication@61eb0748
----------------- Done invoking toplevel() on ptolemy.moml.MoMLSimpleApplication@61eb0748
reloadAllAccessors: .ErrorTransition4

===========================================================================================
----------------- testing Tue Aug 28 02:03:16 UTC 2018 /home/travis/build/icyphy/ptII/ptolemy/domains/modal/test/auto/ErrorTransition5.xml
----------------- Instantiating /home/travis/build/icyphy/ptII/ptolemy/domains/modal/test/auto/ErrorTransition5.xml
5 ms. Memory: 578560K Free: 127090K (22%)
----------------- Invoking toplevel() on ptolemy.moml.MoMLSimpleApplication@5ba2dc6b
----------------- Done invoking toplevel() on ptolemy.moml.MoMLSimpleApplication@5ba2dc6b
reloadAllAccessors: .ErrorTransition5

===========================================================================================
----------------- testing Tue Aug 28 02:03:16 UTC 2018 /home/travis/build/icyphy/ptII/ptolemy/domains/modal/test/auto/ErrorTransition6.xml
----------------- Instantiating /home/travis/build/icyphy/ptII/ptolemy/domains/modal/test/auto/ErrorTransition6.xml
7 ms. Memory: 578560K Free: 114048K (20%)
----------------- Invoking toplevel() on ptolemy.moml.MoMLSimpleApplication@44e239a0
----------------- Done invoking toplevel() on ptolemy.moml.MoMLSimpleApplication@44e239a0
reloadAllAccessors: .ErrorTransition6

===========================================================================================
----------------- testing Tue Aug 28 02:03:16 UTC 2018 /home/travis/build/icyphy/ptII/ptolemy/domains/modal/test/auto/ErrorTransition7.xml
----------------- Instantiating /home/travis/build/icyphy/ptII/ptolemy/domains/modal/test/auto/ErrorTransition7.xml
13 ms. Memory: 578560K Free: 94581K (16%)
----------------- Invoking toplevel() on ptolemy.moml.MoMLSimpleApplication@3f96a4f3
----------------- Done invoking toplevel() on ptolemy.moml.MoMLSimpleApplication@3f96a4f3
reloadAllAccessors: .ErrorTransition7

===========================================================================================
----------------- testing Tue Aug 28 02:03:16 UTC 2018 /home/travis/build/icyphy/ptII/ptolemy/domains/modal/test/auto/ErrorTransition8.xml
----------------- Instantiating /home/travis/build/icyphy/ptII/ptolemy/domains/modal/test/auto/ErrorTransition8.xml
33 ms. Memory: 578560K Free: 566473K (98%)
----------------- Invoking toplevel() on ptolemy.moml.MoMLSimpleApplication@50775ef
----------------- Done invoking toplevel() on ptolemy.moml.MoMLSimpleApplication@50775ef
reloadAllAccessors: .ErrorTransition8

===========================================================================================
----------------- testing Tue Aug 28 02:03:16 UTC 2018 /home/travis/build/icyphy/ptII/ptolemy/domains/modal/test/auto/ErrorTransition9.xml
----------------- Instantiating /home/travis/build/icyphy/ptII/ptolemy/domains/modal/test/auto/ErrorTransition9.xml
11 ms. Memory: 578560K Free: 545422K (94%)
----------------- Invoking toplevel() on ptolemy.moml.MoMLSimpleApplication@4a66dc9f
----------------- Done invoking toplevel() on ptolemy.moml.MoMLSimpleApplication@4a66dc9f
reloadAllAccessors: .ErrorTransition9

===========================================================================================
----------------- testing Tue Aug 28 02:03:16 UTC 2018 /home/travis/build/icyphy/ptII/ptolemy/domains/modal/test/auto/ExtendedFSM.xml
----------------- Instantiating /home/travis/build/icyphy/ptII/ptolemy/domains/modal/test/auto/ExtendedFSM.xml
10 ms. Memory: 578560K Free: 535637K (93%)
----------------- Invoking toplevel() on ptolemy.moml.MoMLSimpleApplication@59dd90b7
----------------- Done invoking toplevel() on ptolemy.moml.MoMLSimpleApplication@59dd90b7
reloadAllAccessors: .ExtendedFSM

===========================================================================================
----------------- testing Tue Aug 28 02:03:16 UTC 2018 /home/travis/build/icyphy/ptII/ptolemy/domains/modal/test/auto/FinalStates.xml
----------------- Instantiating /home/travis/build/icyphy/ptII/ptolemy/domains/modal/test/auto/FinalStates.xml
7 ms. Memory: 578560K Free: 523647K (91%)
----------------- Invoking toplevel() on ptolemy.moml.MoMLSimpleApplication@61ac2a49
----------------- Done invoking toplevel() on ptolemy.moml.MoMLSimpleApplication@61ac2a49
reloadAllAccessors: .FinalStates

===========================================================================================
----------------- testing Tue Aug 28 02:03:16 UTC 2018 /home/travis/build/icyphy/ptII/ptolemy/domains/modal/test/auto/FixedPointFSM.xml
----------------- Instantiating /home/travis/build/icyphy/ptII/ptolemy/domains/modal/test/auto/FixedPointFSM.xml
13 ms. Memory: 578560K Free: 506511K (88%)
----------------- Invoking toplevel() on ptolemy.moml.MoMLSimpleApplication@781e02f3
----------------- Done invoking toplevel() on ptolemy.moml.MoMLSimpleApplication@781e02f3
reloadAllAccessors: .FixedPointFSM

===========================================================================================
----------------- testing Tue Aug 28 02:03:16 UTC 2018 /home/travis/build/icyphy/ptII/ptolemy/domains/modal/test/auto/FixedPointIterationFSMActor.xml
----------------- Instantiating /home/travis/build/icyphy/ptII/ptolemy/domains/modal/test/auto/FixedPointIterationFSMActor.xml
6 ms. Memory: 578560K Free: 494268K (85%)
----------------- Invoking toplevel() on ptolemy.moml.MoMLSimpleApplication@4815f4b0
----------------- Done invoking toplevel() on ptolemy.moml.MoMLSimpleApplication@4815f4b0
reloadAllAccessors: .FixedPointIterationFSMActor

===========================================================================================
----------------- testing Tue Aug 28 02:03:16 UTC 2018 /home/travis/build/icyphy/ptII/ptolemy/domains/modal/test/auto/FixedPointIterationFSMActor2.xml
----------------- Instantiating /home/travis/build/icyphy/ptII/ptolemy/domains/modal/test/auto/FixedPointIterationFSMActor2.xml
15 ms. Memory: 578560K Free: 477376K (83%)
----------------- Invoking toplevel() on ptolemy.moml.MoMLSimpleApplication@6b68fa0f
----------------- Done invoking toplevel() on ptolemy.moml.MoMLSimpleApplication@6b68fa0f
reloadAllAccessors: .FixedPointIterationFSMActor2

===========================================================================================
----------------- testing Tue Aug 28 02:03:16 UTC 2018 /home/travis/build/icyphy/ptII/ptolemy/domains/modal/test/auto/ForbiddenInstantanousLoop.xml
----------------- Instantiating /home/travis/build/icyphy/ptII/ptolemy/domains/modal/test/auto/ForbiddenInstantanousLoop.xml
5 ms. Memory: 578560K Free: 462707K (80%)
----------------- Invoking toplevel() on ptolemy.moml.MoMLSimpleApplication@4b3ec979
----------------- Done invoking toplevel() on ptolemy.moml.MoMLSimpleApplication@4b3ec979
reloadAllAccessors: .ForbiddenInstantanousLoop

===========================================================================================
----------------- testing Tue Aug 28 02:03:16 UTC 2018 /home/travis/build/icyphy/ptII/ptolemy/domains/modal/test/auto/FunctionDependencyOfFSMActorTest.xml
----------------- Instantiating /home/travis/build/icyphy/ptII/ptolemy/domains/modal/test/auto/FunctionDependencyOfFSMActorTest.xml
16 ms. Memory: 578560K Free: 455380K (79%)
----------------- Invoking toplevel() on ptolemy.moml.MoMLSimpleApplication@57e93e3c
----------------- Done invoking toplevel() on ptolemy.moml.MoMLSimpleApplication@57e93e3c
reloadAllAccessors: .FunctionDependencyOfFSMActorTest

===========================================================================================
----------------- testing Tue Aug 28 02:03:16 UTC 2018 /home/travis/build/icyphy/ptII/ptolemy/domains/modal/test/auto/GuardExpression.xml
----------------- Instantiating /home/travis/build/icyphy/ptII/ptolemy/domains/modal/test/auto/GuardExpression.xml
6 ms. Memory: 578560K Free: 445848K (77%)
----------------- Invoking toplevel() on ptolemy.moml.MoMLSimpleApplication@3045053
----------------- Done invoking toplevel() on ptolemy.moml.MoMLSimpleApplication@3045053
reloadAllAccessors: .GuardExpression

===========================================================================================
----------------- testing Tue Aug 28 02:03:16 UTC 2018 /home/travis/build/icyphy/ptII/ptolemy/domains/modal/test/auto/GuardNotEvaluated.xml
----------------- Instantiating /home/travis/build/icyphy/ptII/ptolemy/domains/modal/test/auto/GuardNotEvaluated.xml
12 ms. Memory: 578560K Free: 433604K (75%)
----------------- Invoking toplevel() on ptolemy.moml.MoMLSimpleApplication@29812a19
----------------- Done invoking toplevel() on ptolemy.moml.MoMLSimpleApplication@29812a19
reloadAllAccessors: .GuardNotEvaluated

===========================================================================================
----------------- testing Tue Aug 28 02:03:16 UTC 2018 /home/travis/build/icyphy/ptII/ptolemy/domains/modal/test/auto/GuardNotEvaluated2.xml
----------------- Instantiating /home/travis/build/icyphy/ptII/ptolemy/domains/modal/test/auto/GuardNotEvaluated2.xml
8 ms. Memory: 578560K Free: 421377K (73%)
----------------- Invoking toplevel() on ptolemy.moml.MoMLSimpleApplication@6554f801
----------------- Done invoking toplevel() on ptolemy.moml.MoMLSimpleApplication@6554f801
reloadAllAccessors: .GuardNotEvaluated2

===========================================================================================
----------------- testing Tue Aug 28 02:03:16 UTC 2018 /home/travis/build/icyphy/ptII/ptolemy/domains/modal/test/auto/GuardOnAbsent.xml
----------------- Instantiating /home/travis/build/icyphy/ptII/ptolemy/domains/modal/test/auto/GuardOnAbsent.xml
10 ms. Memory: 578560K Free: 409379K (71%)
----------------- Invoking toplevel() on ptolemy.moml.MoMLSimpleApplication@573d601
----------------- Done invoking toplevel() on ptolemy.moml.MoMLSimpleApplication@573d601
reloadAllAccessors: .GuardOnAbsent

===========================================================================================
----------------- testing Tue Aug 28 02:03:16 UTC 2018 /home/travis/build/icyphy/ptII/ptolemy/domains/modal/test/auto/HierarchicalFSMTypeInference.xml
----------------- Instantiating /home/travis/build/icyphy/ptII/ptolemy/domains/modal/test/auto/HierarchicalFSMTypeInference.xml
6 ms. Memory: 578560K Free: 394694K (68%)
----------------- Invoking toplevel() on ptolemy.moml.MoMLSimpleApplication@ce4d
----------------- Done invoking toplevel() on ptolemy.moml.MoMLSimpleApplication@ce4d
reloadAllAccessors: .HierarchicalFSMTypeInference

===========================================================================================
----------------- testing Tue Aug 28 02:03:16 UTC 2018 /home/travis/build/icyphy/ptII/ptolemy/domains/modal/test/auto/Hysteresis.xml
----------------- Instantiating /home/travis/build/icyphy/ptII/ptolemy/domains/modal/test/auto/Hysteresis.xml
12 ms. Memory: 578560K Free: 377574K (65%)
----------------- Invoking toplevel() on ptolemy.moml.MoMLSimpleApplication@1286976e
----------------- Done invoking toplevel() on ptolemy.moml.MoMLSimpleApplication@1286976e
reloadAllAccessors: .Hysteresis

===========================================================================================
----------------- testing Tue Aug 28 02:03:16 UTC 2018 /home/travis/build/icyphy/ptII/ptolemy/domains/modal/test/auto/HysteresisWithDefault.xml
----------------- Instantiating /home/travis/build/icyphy/ptII/ptolemy/domains/modal/test/auto/HysteresisWithDefault.xml
32 ms. Memory: 578560K Free: 348440K (60%)
----------------- Invoking toplevel() on ptolemy.moml.MoMLSimpleApplication@23fcd281
----------------- Done invoking toplevel() on ptolemy.moml.MoMLSimpleApplication@23fcd281
reloadAllAccessors: .HysteresisWithDefault

===========================================================================================
----------------- testing Tue Aug 28 02:03:16 UTC 2018 /home/travis/build/icyphy/ptII/ptolemy/domains/modal/test/auto/HysteresisWithDefault2.xml
----------------- Instantiating /home/travis/build/icyphy/ptII/ptolemy/domains/modal/test/auto/HysteresisWithDefault2.xml
40 ms. Memory: 578560K Free: 316563K (55%)
----------------- Invoking toplevel() on ptolemy.moml.MoMLSimpleApplication@6e0b0999
----------------- Done invoking toplevel() on ptolemy.moml.MoMLSimpleApplication@6e0b0999
reloadAllAccessors: .HysteresisWithDefault2

===========================================================================================
----------------- testing Tue Aug 28 02:03:16 UTC 2018 /home/travis/build/icyphy/ptII/ptolemy/domains/modal/test/auto/ImmediateNonConstructiveness.xml
----------------- Instantiating /home/travis/build/icyphy/ptII/ptolemy/domains/modal/test/auto/ImmediateNonConstructiveness.xml
3 ms. Memory: 578560K Free: 304573K (53%)
----------------- Invoking toplevel() on ptolemy.moml.MoMLSimpleApplication@26736740
----------------- Done invoking toplevel() on ptolemy.moml.MoMLSimpleApplication@26736740
reloadAllAccessors: .ImmediateNonConstructiveness

===========================================================================================
----------------- testing Tue Aug 28 02:03:16 UTC 2018 /home/travis/build/icyphy/ptII/ptolemy/domains/modal/test/auto/ImmediateNonConstructiveness2.xml
----------------- Instantiating /home/travis/build/icyphy/ptII/ptolemy/domains/modal/test/auto/ImmediateNonConstructiveness2.xml
2 ms. Memory: 578560K Free: 294788K (51%)
----------------- Invoking toplevel() on ptolemy.moml.MoMLSimpleApplication@3e38fe2a
----------------- Done invoking toplevel() on ptolemy.moml.MoMLSimpleApplication@3e38fe2a
reloadAllAccessors: .ImmediateNonConstructiveness2

===========================================================================================
----------------- testing Tue Aug 28 02:03:16 UTC 2018 /home/travis/build/icyphy/ptII/ptolemy/domains/modal/test/auto/ImmediateTransitionReset.xml
----------------- Instantiating /home/travis/build/icyphy/ptII/ptolemy/domains/modal/test/auto/ImmediateTransitionReset.xml
5 ms. Memory: 578560K Free: 280102K (48%)
----------------- Invoking toplevel() on ptolemy.moml.MoMLSimpleApplication@432846cb
----------------- Done invoking toplevel() on ptolemy.moml.MoMLSimpleApplication@432846cb
reloadAllAccessors: .ImmediateTransitionReset

===========================================================================================
----------------- testing Tue Aug 28 02:03:17 UTC 2018 /home/travis/build/icyphy/ptII/ptolemy/domains/modal/test/auto/ImmediateTransitions1.xml
----------------- Instantiating /home/travis/build/icyphy/ptII/ptolemy/domains/modal/test/auto/ImmediateTransitions1.xml
3 ms. Memory: 578560K Free: 270555K (47%)
----------------- Invoking toplevel() on ptolemy.moml.MoMLSimpleApplication@3366fc22
----------------- Done invoking toplevel() on ptolemy.moml.MoMLSimpleApplication@3366fc22
reloadAllAccessors: .ImmediateTransitions1

===========================================================================================
----------------- testing Tue Aug 28 02:03:17 UTC 2018 /home/travis/build/icyphy/ptII/ptolemy/domains/modal/test/auto/ImmediateTransitionsInstantaneousCommunication.xml
----------------- Instantiating /home/travis/build/icyphy/ptII/ptolemy/domains/modal/test/auto/ImmediateTransitionsInstantaneousCommunication.xml
4 ms. Memory: 578560K Free: 255869K (44%)
----------------- Invoking toplevel() on ptolemy.moml.MoMLSimpleApplication@1c4d57e5
----------------- Done invoking toplevel() on ptolemy.moml.MoMLSimpleApplication@1c4d57e5
reloadAllAccessors: .ImmediateTransitionsInstantaneousCommunication

===========================================================================================
----------------- testing Tue Aug 28 02:03:17 UTC 2018 /home/travis/build/icyphy/ptII/ptolemy/domains/modal/test/auto/InitialImmediateTransition.xml
----------------- Instantiating /home/travis/build/icyphy/ptII/ptolemy/domains/modal/test/auto/InitialImmediateTransition.xml
3 ms. Memory: 578560K Free: 246100K (43%)
----------------- Invoking toplevel() on ptolemy.moml.MoMLSimpleApplication@56ffb8f
----------------- Done invoking toplevel() on ptolemy.moml.MoMLSimpleApplication@56ffb8f
reloadAllAccessors: .InitialImmediateTransition

===========================================================================================
----------------- testing Tue Aug 28 02:03:17 UTC 2018 /home/travis/build/icyphy/ptII/ptolemy/domains/modal/test/auto/InitialOutputs.xml
----------------- Instantiating /home/travis/build/icyphy/ptII/ptolemy/domains/modal/test/auto/InitialOutputs.xml
3 ms. Memory: 578560K Free: 234102K (40%)
----------------- Invoking toplevel() on ptolemy.moml.MoMLSimpleApplication@3889d069
----------------- Done invoking toplevel() on ptolemy.moml.MoMLSimpleApplication@3889d069
reloadAllAccessors: .InitialOutputs

===========================================================================================
----------------- testing Tue Aug 28 02:03:17 UTC 2018 /home/travis/build/icyphy/ptII/ptolemy/domains/modal/test/auto/InitialStateTransition1.xml
----------------- Instantiating /home/travis/build/icyphy/ptII/ptolemy/domains/modal/test/auto/InitialStateTransition1.xml
3 ms. Memory: 578560K Free: 224317K (39%)
----------------- Invoking toplevel() on ptolemy.moml.MoMLSimpleApplication@120a6609
----------------- Done invoking toplevel() on ptolemy.moml.MoMLSimpleApplication@120a6609
reloadAllAccessors: .InitialStateTransition1

===========================================================================================
----------------- testing Tue Aug 28 02:03:17 UTC 2018 /home/travis/build/icyphy/ptII/ptolemy/domains/modal/test/auto/InitialStateTransition2.xml
----------------- Instantiating /home/travis/build/icyphy/ptII/ptolemy/domains/modal/test/auto/InitialStateTransition2.xml
.InitialStateTransition2.TestExceptionAttributeNonConstructive: initialize() was not invoked, but wrapup() was.  This is unusual, but not always a problem.  For example, exporting JNLP will do this.
1 ms. Memory: 578560K Free: 212074K (37%)
----------------- Invoking toplevel() on ptolemy.moml.MoMLSimpleApplication@4e9dc44b
----------------- Done invoking toplevel() on ptolemy.moml.MoMLSimpleApplication@4e9dc44b
reloadAllAccessors: .InitialStateTransition2

===========================================================================================
----------------- testing Tue Aug 28 02:03:17 UTC 2018 /home/travis/build/icyphy/ptII/ptolemy/domains/modal/test/auto/InitialStateTransition3.xml
----------------- Instantiating /home/travis/build/icyphy/ptII/ptolemy/domains/modal/test/auto/InitialStateTransition3.xml
4 ms. Memory: 578560K Free: 197633K (34%)
----------------- Invoking toplevel() on ptolemy.moml.MoMLSimpleApplication@195691d2
----------------- Done invoking toplevel() on ptolemy.moml.MoMLSimpleApplication@195691d2
reloadAllAccessors: .InitialStateTransition3

===========================================================================================
----------------- testing Tue Aug 28 02:03:17 UTC 2018 /home/travis/build/icyphy/ptII/ptolemy/domains/modal/test/auto/InitialStateTransition4.xml
----------------- Instantiating /home/travis/build/icyphy/ptII/ptolemy/domains/modal/test/auto/InitialStateTransition4.xml
3 ms. Memory: 578560K Free: 185390K (32%)
----------------- Invoking toplevel() on ptolemy.moml.MoMLSimpleApplication@7a8fd1be
----------------- Done invoking toplevel() on ptolemy.moml.MoMLSimpleApplication@7a8fd1be
[...]
----------------- Done invoking toplevel() on ptolemy.moml.MoMLSimpleApplication@2064b63f
reloadAllAccessors: .TerminationTransition3

===========================================================================================
----------------- testing Tue Aug 28 02:03:19 UTC 2018 /home/travis/build/icyphy/ptII/ptolemy/domains/modal/test/auto/TerminationTransition4.xml
----------------- Instantiating /home/travis/build/icyphy/ptII/ptolemy/domains/modal/test/auto/TerminationTransition4.xml
3 ms. Memory: 871424K Free: 135591K (16%)
----------------- Invoking toplevel() on ptolemy.moml.MoMLSimpleApplication@7580e624
----------------- Done invoking toplevel() on ptolemy.moml.MoMLSimpleApplication@7580e624
reloadAllAccessors: .TerminationTransition4

===========================================================================================
----------------- testing Tue Aug 28 02:03:19 UTC 2018 /home/travis/build/icyphy/ptII/ptolemy/domains/modal/test/auto/TerminationTransition5.xml
----------------- Instantiating /home/travis/build/icyphy/ptII/ptolemy/domains/modal/test/auto/TerminationTransition5.xml
3 ms. Memory: 871424K Free: 116043K (13%)
----------------- Invoking toplevel() on ptolemy.moml.MoMLSimpleApplication@7e932d05
----------------- Done invoking toplevel() on ptolemy.moml.MoMLSimpleApplication@7e932d05
reloadAllAccessors: .TerminationTransition5

===========================================================================================
----------------- testing Tue Aug 28 02:03:19 UTC 2018 /home/travis/build/icyphy/ptII/ptolemy/domains/modal/test/auto/TerminationTransition6.xml
----------------- Instantiating /home/travis/build/icyphy/ptII/ptolemy/domains/modal/test/auto/TerminationTransition6.xml
2 ms. Memory: 871424K Free: 97821K (11%)
----------------- Invoking toplevel() on ptolemy.moml.MoMLSimpleApplication@24f77ce1
----------------- Done invoking toplevel() on ptolemy.moml.MoMLSimpleApplication@24f77ce1
reloadAllAccessors: .TerminationTransition6

===========================================================================================
----------------- testing Tue Aug 28 02:03:19 UTC 2018 /home/travis/build/icyphy/ptII/ptolemy/domains/modal/test/auto/TerminationTransition7.xml
----------------- Instantiating /home/travis/build/icyphy/ptII/ptolemy/domains/modal/test/auto/TerminationTransition7.xml
3 ms. Memory: 871424K Free: 82179K (9%)
----------------- Invoking toplevel() on ptolemy.moml.MoMLSimpleApplication@2e81010d
----------------- Done invoking toplevel() on ptolemy.moml.MoMLSimpleApplication@2e81010d
reloadAllAccessors: .TerminationTransition7

===========================================================================================
----------------- testing Tue Aug 28 02:03:19 UTC 2018 /home/travis/build/icyphy/ptII/ptolemy/domains/modal/test/auto/TerminationTransition8.xml
----------------- Instantiating /home/travis/build/icyphy/ptII/ptolemy/domains/modal/test/auto/TerminationTransition8.xml
2 ms. Memory: 871936K Free: 847318K (97%)
----------------- Invoking toplevel() on ptolemy.moml.MoMLSimpleApplication@7d45191b
----------------- Done invoking toplevel() on ptolemy.moml.MoMLSimpleApplication@7d45191b
reloadAllAccessors: .TerminationTransition8

===========================================================================================
----------------- testing Tue Aug 28 02:03:19 UTC 2018 /home/travis/build/icyphy/ptII/ptolemy/domains/modal/test/auto/Thermostat_NoHysteresis.xml
----------------- Instantiating /home/travis/build/icyphy/ptII/ptolemy/domains/modal/test/auto/Thermostat_NoHysteresis.xml
20 ms. Memory: 871936K Free: 814059K (93%)
----------------- Invoking toplevel() on ptolemy.moml.MoMLSimpleApplication@75b2c3c
----------------- Done invoking toplevel() on ptolemy.moml.MoMLSimpleApplication@75b2c3c
reloadAllAccessors: .Thermostat_NoHysteresis

===========================================================================================
----------------- testing Tue Aug 28 02:03:19 UTC 2018 /home/travis/build/icyphy/ptII/ptolemy/domains/modal/test/auto/TimedFSM.xml
----------------- Instantiating /home/travis/build/icyphy/ptII/ptolemy/domains/modal/test/auto/TimedFSM.xml
7 ms. Memory: 871936K Free: 798425K (92%)
----------------- Invoking toplevel() on ptolemy.moml.MoMLSimpleApplication@31b858f6
----------------- Done invoking toplevel() on ptolemy.moml.MoMLSimpleApplication@31b858f6
reloadAllAccessors: .TimedFSM

===========================================================================================
----------------- testing Tue Aug 28 02:03:19 UTC 2018 /home/travis/build/icyphy/ptII/ptolemy/domains/modal/test/auto/Timeout1.xml
----------------- Instantiating /home/travis/build/icyphy/ptII/ptolemy/domains/modal/test/auto/Timeout1.xml
3 ms. Memory: 871936K Free: 786123K (90%)
----------------- Invoking toplevel() on ptolemy.moml.MoMLSimpleApplication@61e7e4f4
----------------- Done invoking toplevel() on ptolemy.moml.MoMLSimpleApplication@61e7e4f4
reloadAllAccessors: .Timeout1

===========================================================================================
----------------- testing Tue Aug 28 02:03:19 UTC 2018 /home/travis/build/icyphy/ptII/ptolemy/domains/modal/test/auto/Timeout2.xml
----------------- Instantiating /home/travis/build/icyphy/ptII/ptolemy/domains/modal/test/auto/Timeout2.xml
5 ms. Memory: 871936K Free: 770481K (88%)
----------------- Invoking toplevel() on ptolemy.moml.MoMLSimpleApplication@2dc8e36c
----------------- Done invoking toplevel() on ptolemy.moml.MoMLSimpleApplication@2dc8e36c
reloadAllAccessors: .Timeout2

===========================================================================================
----------------- testing Tue Aug 28 02:03:19 UTC 2018 /home/travis/build/icyphy/ptII/ptolemy/domains/modal/test/auto/Timeout3.xml
----------------- Instantiating /home/travis/build/icyphy/ptII/ptolemy/domains/modal/test/auto/Timeout3.xml
2 ms. Memory: 871936K Free: 758180K (87%)
----------------- Invoking toplevel() on ptolemy.moml.MoMLSimpleApplication@39f5c20d
----------------- Done invoking toplevel() on ptolemy.moml.MoMLSimpleApplication@39f5c20d
reloadAllAccessors: .Timeout3

===========================================================================================
----------------- testing Tue Aug 28 02:03:19 UTC 2018 /home/travis/build/icyphy/ptII/ptolemy/domains/modal/test/auto/Timeout4.xml
----------------- Instantiating /home/travis/build/icyphy/ptII/ptolemy/domains/modal/test/auto/Timeout4.xml
2 ms. Memory: 871936K Free: 747762K (86%)
----------------- Invoking toplevel() on ptolemy.moml.MoMLSimpleApplication@5ced1b00
----------------- Done invoking toplevel() on ptolemy.moml.MoMLSimpleApplication@5ced1b00
reloadAllAccessors: .Timeout4

===========================================================================================
----------------- testing Tue Aug 28 02:03:19 UTC 2018 /home/travis/build/icyphy/ptII/ptolemy/domains/modal/test/auto/TransientstateModelAdvanced.xml
----------------- Instantiating /home/travis/build/icyphy/ptII/ptolemy/domains/modal/test/auto/TransientstateModelAdvanced.xml
2 ms. Memory: 871936K Free: 725043K (83%)
----------------- Invoking toplevel() on ptolemy.moml.MoMLSimpleApplication@2a73bc07
----------------- Done invoking toplevel() on ptolemy.moml.MoMLSimpleApplication@2a73bc07
reloadAllAccessors: .TransientstateModelAdvanced

===========================================================================================
----------------- testing Tue Aug 28 02:03:19 UTC 2018 /home/travis/build/icyphy/ptII/ptolemy/domains/modal/test/auto/TransientstateModelAdvanced2.xml
----------------- Instantiating /home/travis/build/icyphy/ptII/ptolemy/domains/modal/test/auto/TransientstateModelAdvanced2.xml
3 ms. Memory: 871936K Free: 704192K (81%)
----------------- Invoking toplevel() on ptolemy.moml.MoMLSimpleApplication@543854ed
----------------- Done invoking toplevel() on ptolemy.moml.MoMLSimpleApplication@543854ed
reloadAllAccessors: .transientstatemodelAdvanced

===========================================================================================
----------------- testing Tue Aug 28 02:03:19 UTC 2018 /home/travis/build/icyphy/ptII/ptolemy/domains/modal/test/auto/TransitionRefinements.xml
----------------- Instantiating /home/travis/build/icyphy/ptII/ptolemy/domains/modal/test/auto/TransitionRefinements.xml
5 ms. Memory: 871936K Free: 686665K (79%)
----------------- Invoking toplevel() on ptolemy.moml.MoMLSimpleApplication@53671d8c
----------------- Done invoking toplevel() on ptolemy.moml.MoMLSimpleApplication@53671d8c
reloadAllAccessors: .TransitionRefinements

===========================================================================================
----------------- testing Tue Aug 28 02:03:19 UTC 2018 /home/travis/build/icyphy/ptII/ptolemy/domains/modal/test/auto/TwoRefinements1.xml
----------------- Instantiating /home/travis/build/icyphy/ptII/ptolemy/domains/modal/test/auto/TwoRefinements1.xml
2 ms. Memory: 871936K Free: 671023K (77%)
----------------- Invoking toplevel() on ptolemy.moml.MoMLSimpleApplication@251eb13c
----------------- Done invoking toplevel() on ptolemy.moml.MoMLSimpleApplication@251eb13c
reloadAllAccessors: .TwoRefinements1

===========================================================================================
----------------- testing Tue Aug 28 02:03:19 UTC 2018 /home/travis/build/icyphy/ptII/ptolemy/domains/modal/test/auto/TwoRefinements2.xml
----------------- Instantiating /home/travis/build/icyphy/ptII/ptolemy/domains/modal/test/auto/TwoRefinements2.xml
2 ms. Memory: 871936K Free: 653497K (75%)
----------------- Invoking toplevel() on ptolemy.moml.MoMLSimpleApplication@57f7fd69
----------------- Done invoking toplevel() on ptolemy.moml.MoMLSimpleApplication@57f7fd69
reloadAllAccessors: .TwoRefinements2

===========================================================================================
----------------- testing Tue Aug 28 02:03:19 UTC 2018 /home/travis/build/icyphy/ptII/ptolemy/domains/modal/test/auto/WeakImmediateTransition.xml
----------------- Instantiating /home/travis/build/icyphy/ptII/ptolemy/domains/modal/test/auto/WeakImmediateTransition.xml
2 ms. Memory: 871936K Free: 637854K (73%)
----------------- Invoking toplevel() on ptolemy.moml.MoMLSimpleApplication@537a3f28
----------------- Done invoking toplevel() on ptolemy.moml.MoMLSimpleApplication@537a3f28
reloadAllAccessors: .WeakImmediateTransition

===========================================================================================
----------------- testing Tue Aug 28 02:03:19 UTC 2018 /home/travis/build/icyphy/ptII/ptolemy/domains/modal/test/auto/booleanSelect.xml
----------------- Instantiating /home/travis/build/icyphy/ptII/ptolemy/domains/modal/test/auto/booleanSelect.xml
49 ms. Memory: 871936K Free: 609879K (70%)
----------------- Invoking toplevel() on ptolemy.moml.MoMLSimpleApplication@488bf7de
----------------- Done invoking toplevel() on ptolemy.moml.MoMLSimpleApplication@488bf7de
reloadAllAccessors: .booleanSelect

===========================================================================================
----------------- testing Tue Aug 28 02:03:19 UTC 2018 /home/travis/build/icyphy/ptII/ptolemy/domains/modal/test/auto/modalChangingParams.xml
----------------- Instantiating /home/travis/build/icyphy/ptII/ptolemy/domains/modal/test/auto/modalChangingParams.xml
0
1
0
2
4
6
8
7
0
2
4
6
8
13
0
2
4
6
8
19
0
2
4
6
8
25
0
2
4
6
8
31
0
2
4
6
8
37
0
2
4
6
8
43
0
2
4
6
8
49
0
2
4
6
8
55
0
2
4
6
8
61
0
2
4
6
8
67
0
2
4
6
8
73
0
2
4
6
8
79
0
2
4
6
8
85
0
2
4
6
8
91
0
2
4
6
8
97
0
2
4
6
8
103
0
2
4
6
8
109
0
2
4
6
8
115
0
2
4
6
8
121
0
2
4
6
8
127
0
2
4
6
8
133
0
2
4
6
8
139
0
2
4
6
8
145
0
2
4
6
8
151
0
2
4
6
8
157
0
2
4
6
8
163
0
2
4
6
8
169
0
2
4
6
8
175
0
2
4
6
8
181
0
2
4
6
8
187
0
2
4
6
8
193
0
2
4
6
8
199
0
2
4
6
8
205
0
2
4
6
8
211
0
2
4
6
8
217
0
2
4
6
8
223
0
2
4
6
8
229
0
2
4
6
8
235
0
2
4
6
8
241
0
2
4
6
8
247
0
2
4
6
8
253
0
2
4
6
8
259
0
2
4
6
8
265
0
2
4
6
8
271
0
2
4
6
8
277
0
2
4
6
8
283
0
2
4
6
8
289
0
2
4
6
8
295
0
2
4
6
8
301
0
2
4
6
8
307
0
2
4
6
8
313
0
2
4
6
8
319
0
2
4
6
8
325
0
2
4
6
8
331
0
2
4
6
8
337
0
2
4
6
8
343
0
2
4
6
8
349
0
2
4
6
8
355
0
2
4
6
8
361
0
2
4
6
8
367
0
2
4
6
8
373
0
2
4
6
8
379
0
2
4
6
8
385
0
2
4
6
8
391
0
2
4
6
8
397
0
2
4
6
8
403
0
2
4
6
8
409
0
2
4
6
8
415
0
2
4
6
8
421
0
2
4
6
8
427
0
2
4
6
8
433
0
2
4
6
8
439
0
2
4
6
8
445
0
2
4
6
8
451
0
2
4
6
8
457
0
2
4
6
8
463
0
2
4
6
8
469
0
2
4
6
8
475
0
2
4
6
8
481
0
2
4
6
8
487
0
2
4
6
8
493
0
2
4
6
8
499
0
2
4
6
8
505
0
2
4
6
8
511
0
2
4
6
8
517
0
2
4
6
8
523
0
2
4
6
8
529
0
2
4
6
8
535
0
2
4
6
8
541
0
2
4
6
8
547
0
2
4
6
8
553
0
2
4
6
8
559
0
2
4
6
8
565
0
2
4
6
8
571
0
2
4
6
8
577
0
2
4
6
8
583
0
2
4
6
8
589
0
2
4
6
8
595
0
2
4
6
8
601
0
2
4
6
8
607
0
2
4
6
8
613
0
2
4
6
8
619
0
2
4
6
8
625
0
2
4
6
8
631
0
2
4
6
8
637
0
2
4
6
8
643
0
2
4
6
8
649
0
2
4
6
8
655
0
2
4
6
8
661
0
2
4
6
8
667
0
2
4
6
8
673
0
2
4
6
8
679
0
2
4
6
8
685
0
2
4
6
8
691
0
2
4
6
8
697
0
2
4
6
8
703
0
2
4
6
8
709
0
2
4
6
8
715
0
2
4
6
8
721
0
2
4
6
8
727
0
2
4
6
8
733
0
2
4
6
8
739
0
2
4
6
8
745
0
2
4
6
8
751
0
2
4
6
8
757
0
2
4
6
8
763
0
2
4
6
8
769
0
2
4
6
8
775
0
2
4
6
8
781
0
2
4
6
8
787
0
2
4
6
8
793
0
2
4
6
8
799
0
2
4
6
8
805
0
2
4
6
8
811
0
2
4
6
8
817
0
2
4
6
8
823
0
2
4
6
8
829
0
2
4
6
8
835
0
2
4
6
8
841
0
2
4
6
8
847
0
2
4
6
8
853
0
2
4
6
8
859
0
2
4
6
8
865
0
2
4
6
8
871
0
2
4
6
8
877
0
2
4
6
8
883
0
2
4
6
8
889
0
2
4
6
8
895
0
2
4
6
8
901
0
2
4
6
8
907
0
2
4
6
8
913
0
2
4
6
8
919
0
2
4
6
8
925
0
2
4
6
8
931
0
2
4
6
8
937
0
2
4
6
8
943
0
2
4
6
8
949
0
2
4
6
8
955
0
2
4
6
8
961
0
2
4
6
8
967
0
2
4
6
8
973
0
2
4
6
8
979
0
2
4
6
8
985
0
2
4
6
8
991
0
2
4
6
8
997
0
2
208 ms. Memory: 871936K Free: 489892K (56%)
----------------- Invoking toplevel() on ptolemy.moml.MoMLSimpleApplication@21a5f8af
----------------- Done invoking toplevel() on ptolemy.moml.MoMLSimpleApplication@21a5f8af
reloadAllAccessors: .modalChangingParams

===========================================================================================
----------------- testing Tue Aug 28 02:03:19 UTC 2018 /home/travis/build/icyphy/ptII/ptolemy/domains/modal/test/auto/modalModel.xml
----------------- Instantiating /home/travis/build/icyphy/ptII/ptolemy/domains/modal/test/auto/modalModel.xml
13 ms. Memory: 871936K Free: 474250K (54%)
----------------- Invoking toplevel() on ptolemy.moml.MoMLSimpleApplication@4d1f2e68
----------------- Done invoking toplevel() on ptolemy.moml.MoMLSimpleApplication@4d1f2e68
reloadAllAccessors: .modalModel

===========================================================================================
----------------- testing Tue Aug 28 02:03:19 UTC 2018 /home/travis/build/icyphy/ptII/ptolemy/domains/modal/test/auto/modalModel2.xml
----------------- Instantiating /home/travis/build/icyphy/ptII/ptolemy/domains/modal/test/auto/modalModel2.xml
6 ms. Memory: 871936K Free: 456724K (52%)
----------------- Invoking toplevel() on ptolemy.moml.MoMLSimpleApplication@19929f8a
----------------- Done invoking toplevel() on ptolemy.moml.MoMLSimpleApplication@19929f8a
reloadAllAccessors: .modalModel2

===========================================================================================
----------------- testing Tue Aug 28 02:03:19 UTC 2018 /home/travis/build/icyphy/ptII/ptolemy/domains/modal/test/auto/modalModel3.xml
----------------- Instantiating /home/travis/build/icyphy/ptII/ptolemy/domains/modal/test/auto/modalModel3.xml
0	0	0
3	2	1
6	4	2
9	6	3
4	0	4
7	2	5
10	4	6
13	6	7
8	0	8
11	2	9
14	4	10
17	6	11
12	0	12
15	2	13
18	4	14
16 ms. Memory: 871936K Free: 435872K (50%)
----------------- Invoking toplevel() on ptolemy.moml.MoMLSimpleApplication@1c9d277d
----------------- Done invoking toplevel() on ptolemy.moml.MoMLSimpleApplication@1c9d277d
reloadAllAccessors: .modalModel3

===========================================================================================
----------------- testing Tue Aug 28 02:03:19 UTC 2018 /home/travis/build/icyphy/ptII/ptolemy/domains/modal/test/auto/model1.xml
----------------- Instantiating /home/travis/build/icyphy/ptII/ptolemy/domains/modal/test/auto/model1.xml
11 ms. Memory: 871936K Free: 423571K (49%)
----------------- Invoking toplevel() on ptolemy.moml.MoMLSimpleApplication@27583c9f
----------------- Done invoking toplevel() on ptolemy.moml.MoMLSimpleApplication@27583c9f
reloadAllAccessors: .model1

===========================================================================================
----------------- testing Tue Aug 28 02:03:19 UTC 2018 /home/travis/build/icyphy/ptII/ptolemy/domains/modal/test/auto/test-direct-in-out.xml
----------------- Instantiating /home/travis/build/icyphy/ptII/ptolemy/domains/modal/test/auto/test-direct-in-out.xml
9 ms. Memory: 871936K Free: 407929K (47%)
----------------- Invoking toplevel() on ptolemy.moml.MoMLSimpleApplication@46cef465
----------------- Done invoking toplevel() on ptolemy.moml.MoMLSimpleApplication@46cef465
reloadAllAccessors: .test-direct-in-out
AutoTests.java: About to close Vertx.
AutoTests.java: Vertx closed.
]]></system-out>
  <system-err><![CDATA[java.lang.RuntimeException: Execution failed
	at ptolemy.moml.MoMLSimpleApplication$UnloadThread.run(MoMLSimpleApplication.java:402)
Caused by: ptolemy.kernel.util.IllegalActionException: Unknown inputs remain. Possible causality loop:
L_model_1893289564i

  in .CannotAnalysisWithPreemption.model_1893289564_region_1 and .CannotAnalysisWithPreemption.model_1893289564_region_1.L_model_1893289564i
	at ptolemy.actor.sched.FixedPointDirector.postfire(FixedPointDirector.java:515)
	at ptolemy.domains.sr.kernel.SRDirector.postfire(SRDirector.java:417)
	at ptolemy.actor.CompositeActor.postfire(CompositeActor.java:1668)
	at ptolemy.actor.Manager.iterate(Manager.java:852)
	at ptolemy.actor.Manager.execute(Manager.java:369)
	at ptolemy.actor.Manager.run(Manager.java:1263)
	at ptolemy.actor.Manager$PtolemyRunThread.run(Manager.java:1915)
java.lang.reflect.InvocationTargetException
	at sun.reflect.NativeConstructorAccessorImpl.newInstance0(Native Method)
	at sun.reflect.NativeConstructorAccessorImpl.newInstance(NativeConstructorAccessorImpl.java:62)
	at sun.reflect.DelegatingConstructorAccessorImpl.newInstance(DelegatingConstructorAccessorImpl.java:45)
	at java.lang.reflect.Constructor.newInstance(Constructor.java:423)
	at ptolemy.util.test.junit.AutoKnownFailedTests.RunModel(AutoKnownFailedTests.java:107)
	at sun.reflect.NativeMethodAccessorImpl.invoke0(Native Method)
	at sun.reflect.NativeMethodAccessorImpl.invoke(NativeMethodAccessorImpl.java:62)
	at sun.reflect.DelegatingMethodAccessorImpl.invoke(DelegatingMethodAccessorImpl.java:43)
	at java.lang.reflect.Method.invoke(Method.java:498)
	at org.junit.runners.model.FrameworkMethod$1.runReflectiveCall(FrameworkMethod.java:44)
	at org.junit.internal.runners.model.ReflectiveCallable.run(ReflectiveCallable.java:15)
	at org.junit.runners.model.FrameworkMethod.invokeExplosively(FrameworkMethod.java:41)
	at junitparams.internal.InvokeParameterisedMethod.evaluate(InvokeParameterisedMethod.java:102)
	at org.junit.internal.runners.statements.FailOnTimeout$1.run(FailOnTimeout.java:28)
Caused by: ptolemy.kernel.util.IllegalActionException: Unknown inputs remain. Possible causality loop:
L_model_1893289564i

  in .CannotAnalysisWithPreemption.model_1893289564_region_1 and .CannotAnalysisWithPreemption.model_1893289564_region_1.L_model_1893289564i
	at ptolemy.actor.sched.FixedPointDirector.postfire(FixedPointDirector.java:515)
	at ptolemy.domains.sr.kernel.SRDirector.postfire(SRDirector.java:417)
	at ptolemy.actor.CompositeActor.postfire(CompositeActor.java:1668)
	at ptolemy.actor.Manager.iterate(Manager.java:852)
	at ptolemy.actor.Manager.execute(Manager.java:369)
	at ptolemy.actor.Manager.run(Manager.java:1263)
	at ptolemy.actor.Manager$PtolemyRunThread.run(Manager.java:1915)
]]></system-err>
</testsuite>
