<?xml version="1.0" encoding="UTF-8" ?>
<testsuite errors="0" failures="0" hostname="travis-job-f3f4c8a5-4718-431c-b335-f3240d5e4195" name="ptolemy.domains.de.test.junit.JUnitTclTest" skipped="0" tests="101" time="126.159" timestamp="2018-10-18T02:34:08">
  <properties>
[...]
</properties>
  <testcase classname="ptolemy.util.test.junit.TclTests" name="[0] /home/travis/build/icyphy/ptII/ptolemy/domains/de/test/DependencyLoop.tcl (RunTclFile)" time="0.685" />
  <testcase classname="ptolemy.util.test.junit.TclTests" name="[1] /home/travis/build/icyphy/ptII/ptolemy/domains/de/test/RunDETestsAsQSS.tcl (RunTclFile)" time="85.896" />
  <testcase classname="ptolemy.util.test.junit.AutoKnownFailedTests" name="[0] /home/travis/build/icyphy/ptII/ptolemy/domains/de/test/auto/knownFailedTests/DESDFClockTest.xml (RunModel)" time="2.031" />
  <testcase classname="ptolemy.util.test.junit.AutoKnownFailedTests" name="[1] /home/travis/build/icyphy/ptII/ptolemy/domains/de/test/auto/knownFailedTests/DirectFeedback.xml (RunModel)" time="0.033" />
  <testcase classname="ptolemy.util.test.junit.AutoKnownFailedTests" name="[2] /home/travis/build/icyphy/ptII/ptolemy/domains/de/test/auto/knownFailedTests/FSMSource.xml (RunModel)" time="0.021" />
  <testcase classname="ptolemy.util.test.junit.AutoKnownFailedTests" name="[3] /home/travis/build/icyphy/ptII/ptolemy/domains/de/test/auto/knownFailedTests/HierarchicalModel.xml (RunModel)" time="0.041" />
  <testcase classname="ptolemy.util.test.junit.AutoKnownFailedTests" name="[4] /home/travis/build/icyphy/ptII/ptolemy/domains/de/test/auto/knownFailedTests/dependencyLoop.xml (RunModel)" time="0.03" />
  <testcase classname="ptolemy.util.test.junit.AutoKnownFailedTests" name="[5] /home/travis/build/icyphy/ptII/ptolemy/domains/de/test/auto/knownFailedTests/dependencyLoop2.xml (RunModel)" time="0.038" />
  <testcase classname="ptolemy.util.test.junit.AutoNameArchTests" name="[0] ThereAreNoAutoArchTests (RunModel)" time="0.001" />
  <testcase classname="ptolemy.util.test.junit.AutoTests" name="[0] /home/travis/build/icyphy/ptII/ptolemy/domains/de/test/auto/ActorDepthCalculation_actorWithoutPorts.xml (RunModel)" time="0.019" />
  <testcase classname="ptolemy.util.test.junit.AutoTests" name="[1] /home/travis/build/icyphy/ptII/ptolemy/domains/de/test/auto/AssemblyLine.xml (RunModel)" time="0.02" />
  <testcase classname="ptolemy.util.test.junit.AutoTests" name="[2] /home/travis/build/icyphy/ptII/ptolemy/domains/de/test/auto/CQBug1.xml (RunModel)" time="0.011" />
  <testcase classname="ptolemy.util.test.junit.AutoTests" name="[3] /home/travis/build/icyphy/ptII/ptolemy/domains/de/test/auto/CancelFireAt.xml (RunModel)" time="0.012" />
  <testcase classname="ptolemy.util.test.junit.AutoTests" name="[4] /home/travis/build/icyphy/ptII/ptolemy/domains/de/test/auto/CausalityAndComposabilityAnalysis.xml (RunModel)" time="0.01" />
  <testcase classname="ptolemy.util.test.junit.AutoTests" name="[5] /home/travis/build/icyphy/ptII/ptolemy/domains/de/test/auto/CausalityInterface1.xml (RunModel)" time="0.013" />
  <testcase classname="ptolemy.util.test.junit.AutoTests" name="[6] /home/travis/build/icyphy/ptII/ptolemy/domains/de/test/auto/CausalityInterface15.xml (RunModel)" time="0.013" />
  <testcase classname="ptolemy.util.test.junit.AutoTests" name="[7] /home/travis/build/icyphy/ptII/ptolemy/domains/de/test/auto/CausalityInterface2.xml (RunModel)" time="0.016" />
  <testcase classname="ptolemy.util.test.junit.AutoTests" name="[8] /home/travis/build/icyphy/ptII/ptolemy/domains/de/test/auto/CausalityInterface3.xml (RunModel)" time="0.01" />
  <testcase classname="ptolemy.util.test.junit.AutoTests" name="[9] /home/travis/build/icyphy/ptII/ptolemy/domains/de/test/auto/ClockDrift.xml (RunModel)" time="0.055" />
  <testcase classname="ptolemy.util.test.junit.AutoTests" name="[10] /home/travis/build/icyphy/ptII/ptolemy/domains/de/test/auto/ClockDriftAndValueChange.xml (RunModel)" time="0.03" />
  <testcase classname="ptolemy.util.test.junit.AutoTests" name="[11] /home/travis/build/icyphy/ptII/ptolemy/domains/de/test/auto/ClockDriftChange.xml (RunModel)" time="0.028" />
  <testcase classname="ptolemy.util.test.junit.AutoTests" name="[12] /home/travis/build/icyphy/ptII/ptolemy/domains/de/test/auto/ComposableCausalityAnalysis.xml (RunModel)" time="0.015" />
  <testcase classname="ptolemy.util.test.junit.AutoTests" name="[13] /home/travis/build/icyphy/ptII/ptolemy/domains/de/test/auto/DEFixedPointLimitation.xml (RunModel)" time="0.009" />
  <testcase classname="ptolemy.util.test.junit.AutoTests" name="[14] /home/travis/build/icyphy/ptII/ptolemy/domains/de/test/auto/DEScheduleTest.xml (RunModel)" time="0.034" />
  <testcase classname="ptolemy.util.test.junit.AutoTests" name="[15] /home/travis/build/icyphy/ptII/ptolemy/domains/de/test/auto/DEinDEwithStartTimes.xml (RunModel)" time="0.014" />
  <testcase classname="ptolemy.util.test.junit.AutoTests" name="[16] /home/travis/build/icyphy/ptII/ptolemy/domains/de/test/auto/DEinDEwithStartTimes2.xml (RunModel)" time="0.013" />
  <testcase classname="ptolemy.util.test.junit.AutoTests" name="[17] /home/travis/build/icyphy/ptII/ptolemy/domains/de/test/auto/DateDemo.xml (RunModel)" time="0.039" />
  <testcase classname="ptolemy.util.test.junit.AutoTests" name="[18] /home/travis/build/icyphy/ptII/ptolemy/domains/de/test/auto/DateToEvent.xml (RunModel)" time="2.042" />
  <testcase classname="ptolemy.util.test.junit.AutoTests" name="[19] /home/travis/build/icyphy/ptII/ptolemy/domains/de/test/auto/DepthTest1.xml (RunModel)" time="0.007" />
  <testcase classname="ptolemy.util.test.junit.AutoTests" name="[20] /home/travis/build/icyphy/ptII/ptolemy/domains/de/test/auto/DepthTest2.xml (RunModel)" time="0.014" />
  <testcase classname="ptolemy.util.test.junit.AutoTests" name="[21] /home/travis/build/icyphy/ptII/ptolemy/domains/de/test/auto/DepthTest3.xml (RunModel)" time="0.006" />
  <testcase classname="ptolemy.util.test.junit.AutoTests" name="[22] /home/travis/build/icyphy/ptII/ptolemy/domains/de/test/auto/DepthTest4.xml (RunModel)" time="0.01" />
  <testcase classname="ptolemy.util.test.junit.AutoTests" name="[23] /home/travis/build/icyphy/ptII/ptolemy/domains/de/test/auto/DepthTest5.xml (RunModel)" time="0.012" />
  <testcase classname="ptolemy.util.test.junit.AutoTests" name="[24] /home/travis/build/icyphy/ptII/ptolemy/domains/de/test/auto/DepthTest6.xml (RunModel)" time="0.012" />
  <testcase classname="ptolemy.util.test.junit.AutoTests" name="[25] /home/travis/build/icyphy/ptII/ptolemy/domains/de/test/auto/DepthTest7.xml (RunModel)" time="0.01" />
  <testcase classname="ptolemy.util.test.junit.AutoTests" name="[26] /home/travis/build/icyphy/ptII/ptolemy/domains/de/test/auto/EventToDate.xml (RunModel)" time="3.031" />
  <testcase classname="ptolemy.util.test.junit.AutoTests" name="[27] /home/travis/build/icyphy/ptII/ptolemy/domains/de/test/auto/FSM1.xml (RunModel)" time="0.038" />
  <testcase classname="ptolemy.util.test.junit.AutoTests" name="[28] /home/travis/build/icyphy/ptII/ptolemy/domains/de/test/auto/FSM7.xml (RunModel)" time="0.045" />
  <testcase classname="ptolemy.util.test.junit.AutoTests" name="[29] /home/travis/build/icyphy/ptII/ptolemy/domains/de/test/auto/Inspection.xml (RunModel)" time="0.051" />
  <testcase classname="ptolemy.util.test.junit.AutoTests" name="[30] /home/travis/build/icyphy/ptII/ptolemy/domains/de/test/auto/Iteration.xml (RunModel)" time="0.022" />
  <testcase classname="ptolemy.util.test.junit.AutoTests" name="[31] /home/travis/build/icyphy/ptII/ptolemy/domains/de/test/auto/LineFault.xml (RunModel)" time="0.541" />
  <testcase classname="ptolemy.util.test.junit.AutoTests" name="[32] /home/travis/build/icyphy/ptII/ptolemy/domains/de/test/auto/MergeModel1Add.xml (RunModel)" time="0.038" />
  <testcase classname="ptolemy.util.test.junit.AutoTests" name="[33] /home/travis/build/icyphy/ptII/ptolemy/domains/de/test/auto/MergeModel2Add.xml (RunModel)" time="0.033" />
  <testcase classname="ptolemy.util.test.junit.AutoTests" name="[34] /home/travis/build/icyphy/ptII/ptolemy/domains/de/test/auto/MergeModel3Add.xml (RunModel)" time="0.037" />
  <testcase classname="ptolemy.util.test.junit.AutoTests" name="[35] /home/travis/build/icyphy/ptII/ptolemy/domains/de/test/auto/MergeWithoutDiscard.xml (RunModel)" time="0.009" />
  <testcase classname="ptolemy.util.test.junit.AutoTests" name="[36] /home/travis/build/icyphy/ptII/ptolemy/domains/de/test/auto/Modal1.xml (RunModel)" time="0.029" />
  <testcase classname="ptolemy.util.test.junit.AutoTests" name="[37] /home/travis/build/icyphy/ptII/ptolemy/domains/de/test/auto/Modal2.xml (RunModel)" time="0.025" />
  <testcase classname="ptolemy.util.test.junit.AutoTests" name="[38] /home/travis/build/icyphy/ptII/ptolemy/domains/de/test/auto/Modal3.xml (RunModel)" time="0.031" />
  <testcase classname="ptolemy.util.test.junit.AutoTests" name="[39] /home/travis/build/icyphy/ptII/ptolemy/domains/de/test/auto/Modal4.xml (RunModel)" time="0.026" />
  <testcase classname="ptolemy.util.test.junit.AutoTests" name="[40] /home/travis/build/icyphy/ptII/ptolemy/domains/de/test/auto/Modal5.xml (RunModel)" time="0.025" />
  <testcase classname="ptolemy.util.test.junit.AutoTests" name="[41] /home/travis/build/icyphy/ptII/ptolemy/domains/de/test/auto/Modal6.xml (RunModel)" time="0.022" />
  <testcase classname="ptolemy.util.test.junit.AutoTests" name="[42] /home/travis/build/icyphy/ptII/ptolemy/domains/de/test/auto/Modal7.xml (RunModel)" time="0.03" />
  <testcase classname="ptolemy.util.test.junit.AutoTests" name="[43] /home/travis/build/icyphy/ptII/ptolemy/domains/de/test/auto/ModalModel.xml (RunModel)" time="0.139" />
  <testcase classname="ptolemy.util.test.junit.AutoTests" name="[44] /home/travis/build/icyphy/ptII/ptolemy/domains/de/test/auto/ModalSource.xml (RunModel)" time="0.014" />
  <testcase classname="ptolemy.util.test.junit.AutoTests" name="[45] /home/travis/build/icyphy/ptII/ptolemy/domains/de/test/auto/NonInterruptibleTimerZeroDelay.xml (RunModel)" time="0.008" />
  <testcase classname="ptolemy.util.test.junit.AutoTests" name="[46] /home/travis/build/icyphy/ptII/ptolemy/domains/de/test/auto/OpenQueueingNetwork.xml (RunModel)" time="2.087" />
  <testcase classname="ptolemy.util.test.junit.AutoTests" name="[47] /home/travis/build/icyphy/ptII/ptolemy/domains/de/test/auto/OpenQueuingNetwork.xml (RunModel)" time="0.27" />
  <testcase classname="ptolemy.util.test.junit.AutoTests" name="[48] /home/travis/build/icyphy/ptII/ptolemy/domains/de/test/auto/PeriodicSampler.xml (RunModel)" time="0.007" />
  <testcase classname="ptolemy.util.test.junit.AutoTests" name="[49] /home/travis/build/icyphy/ptII/ptolemy/domains/de/test/auto/PersistentIO.xml (RunModel)" time="0.017" />
  <testcase classname="ptolemy.util.test.junit.AutoTests" name="[50] /home/travis/build/icyphy/ptII/ptolemy/domains/de/test/auto/PortParameterResetOnInitialize.xml (RunModel)" time="0.008" />
  <testcase classname="ptolemy.util.test.junit.AutoTests" name="[51] /home/travis/build/icyphy/ptII/ptolemy/domains/de/test/auto/PortParameterUpdates.xml (RunModel)" time="0.011" />
  <testcase classname="ptolemy.util.test.junit.AutoTests" name="[52] /home/travis/build/icyphy/ptII/ptolemy/domains/de/test/auto/QueueAndServer.xml (RunModel)" time="0.028" />
  <testcase classname="ptolemy.util.test.junit.AutoTests" name="[53] /home/travis/build/icyphy/ptII/ptolemy/domains/de/test/auto/Records.xml (RunModel)" time="0.019" />
  <testcase classname="ptolemy.util.test.junit.AutoTests" name="[54] /home/travis/build/icyphy/ptII/ptolemy/domains/de/test/auto/ResetTransitionWithStartTime1.xml (RunModel)" time="0.015" />
  <testcase classname="ptolemy.util.test.junit.AutoTests" name="[55] /home/travis/build/icyphy/ptII/ptolemy/domains/de/test/auto/ResetTransitionWithStartTime2.xml (RunModel)" time="0.015" />
  <testcase classname="ptolemy.util.test.junit.AutoTests" name="[56] /home/travis/build/icyphy/ptII/ptolemy/domains/de/test/auto/ResetTransitionWithStartTime3.xml (RunModel)" time="0.016" />
  <testcase classname="ptolemy.util.test.junit.AutoTests" name="[57] /home/travis/build/icyphy/ptII/ptolemy/domains/de/test/auto/ResetTransitionWithStartTime4.xml (RunModel)" time="0.013" />
  <testcase classname="ptolemy.util.test.junit.AutoTests" name="[58] /home/travis/build/icyphy/ptII/ptolemy/domains/de/test/auto/ResettableTimer1.xml (RunModel)" time="0.008" />
  <testcase classname="ptolemy.util.test.junit.AutoTests" name="[59] /home/travis/build/icyphy/ptII/ptolemy/domains/de/test/auto/ResettableTimer2.xml (RunModel)" time="0.007" />
  <testcase classname="ptolemy.util.test.junit.AutoTests" name="[60] /home/travis/build/icyphy/ptII/ptolemy/domains/de/test/auto/ResettableTimer3.xml (RunModel)" time="0.007" />
  <testcase classname="ptolemy.util.test.junit.AutoTests" name="[61] /home/travis/build/icyphy/ptII/ptolemy/domains/de/test/auto/ResettableTimer4.xml (RunModel)" time="0.007" />
  <testcase classname="ptolemy.util.test.junit.AutoTests" name="[62] /home/travis/build/icyphy/ptII/ptolemy/domains/de/test/auto/ResettableTimer5.xml (RunModel)" time="0.007" />
  <testcase classname="ptolemy.util.test.junit.AutoTests" name="[63] /home/travis/build/icyphy/ptII/ptolemy/domains/de/test/auto/ResettableTimer6.xml (RunModel)" time="0.017" />
  <testcase classname="ptolemy.util.test.junit.AutoTests" name="[64] /home/travis/build/icyphy/ptII/ptolemy/domains/de/test/auto/ServerZeroDelay.xml (RunModel)" time="0.009" />
  <testcase classname="ptolemy.util.test.junit.AutoTests" name="[65] /home/travis/build/icyphy/ptII/ptolemy/domains/de/test/auto/SmartSender.xml (RunModel)" time="3.015" />
  <testcase classname="ptolemy.util.test.junit.AutoTests" name="[66] /home/travis/build/icyphy/ptII/ptolemy/domains/de/test/auto/ThreadedComposite.xml (RunModel)" time="1.297" />
  <testcase classname="ptolemy.util.test.junit.AutoTests" name="[67] /home/travis/build/icyphy/ptII/ptolemy/domains/de/test/auto/Time.xml (RunModel)" time="0.431" />
  <testcase classname="ptolemy.util.test.junit.AutoTests" name="[68] /home/travis/build/icyphy/ptII/ptolemy/domains/de/test/auto/TimeDelayZeroDelay.xml (RunModel)" time="0.016" />
  <testcase classname="ptolemy.util.test.junit.AutoTests" name="[69] /home/travis/build/icyphy/ptII/ptolemy/domains/de/test/auto/TimerZeroDelay.xml (RunModel)" time="0.013" />
  <testcase classname="ptolemy.util.test.junit.AutoTests" name="[70] /home/travis/build/icyphy/ptII/ptolemy/domains/de/test/auto/TimingParadox.xml (RunModel)" time="0.343" />
  <testcase classname="ptolemy.util.test.junit.AutoTests" name="[71] /home/travis/build/icyphy/ptII/ptolemy/domains/de/test/auto/TransferInputs.xml (RunModel)" time="0.014" />
  <testcase classname="ptolemy.util.test.junit.AutoTests" name="[72] /home/travis/build/icyphy/ptII/ptolemy/domains/de/test/auto/TransferOutputs2.xml (RunModel)" time="0.016" />
  <testcase classname="ptolemy.util.test.junit.AutoTests" name="[73] /home/travis/build/icyphy/ptII/ptolemy/domains/de/test/auto/Trilateration.xml (RunModel)" time="10.613" />
  <testcase classname="ptolemy.util.test.junit.AutoTests" name="[74] /home/travis/build/icyphy/ptII/ptolemy/domains/de/test/auto/TwoSigmaDelta.xml (RunModel)" time="1.929" />
  <testcase classname="ptolemy.util.test.junit.AutoTests" name="[75] /home/travis/build/icyphy/ptII/ptolemy/domains/de/test/auto/VariableDelay.xml (RunModel)" time="0.012" />
  <testcase classname="ptolemy.util.test.junit.AutoTests" name="[76] /home/travis/build/icyphy/ptII/ptolemy/domains/de/test/auto/VariableDelay2.xml (RunModel)" time="0.007" />
  <testcase classname="ptolemy.util.test.junit.AutoTests" name="[77] /home/travis/build/icyphy/ptII/ptolemy/domains/de/test/auto/VariableDelayZeroDelay.xml (RunModel)" time="0.008" />
  <testcase classname="ptolemy.util.test.junit.AutoTests" name="[78] /home/travis/build/icyphy/ptII/ptolemy/domains/de/test/auto/VariableDelayZeroDelay2.xml (RunModel)" time="0.008" />
  <testcase classname="ptolemy.util.test.junit.AutoTests" name="[79] /home/travis/build/icyphy/ptII/ptolemy/domains/de/test/auto/deInCt.xml (RunModel)" time="0.011" />
  <testcase classname="ptolemy.util.test.junit.AutoTests" name="[80] /home/travis/build/icyphy/ptII/ptolemy/domains/de/test/auto/deInCt2.xml (RunModel)" time="0.011" />
  <testcase classname="ptolemy.util.test.junit.AutoTests" name="[81] /home/travis/build/icyphy/ptII/ptolemy/domains/de/test/auto/dynamicCausalityInterface1.xml (RunModel)" time="0.016" />
  <testcase classname="ptolemy.util.test.junit.AutoTests" name="[82] /home/travis/build/icyphy/ptII/ptolemy/domains/de/test/auto/fsm_de_test.xml (RunModel)" time="0.021" />
  <testcase classname="ptolemy.util.test.junit.AutoTests" name="[83] /home/travis/build/icyphy/ptII/ptolemy/domains/de/test/auto/functionDependencyReconstruction.xml (RunModel)" time="0.035" />
  <testcase classname="ptolemy.util.test.junit.AutoTests" name="[84] /home/travis/build/icyphy/ptII/ptolemy/domains/de/test/auto/multirate.xml (RunModel)" time="0.013" />
  <testcase classname="ptolemy.util.test.junit.AutoTests" name="[85] /home/travis/build/icyphy/ptII/ptolemy/domains/de/test/auto/multirate2.xml (RunModel)" time="0.012" />
  <testcase classname="ptolemy.util.test.junit.AutoTests" name="[86] /home/travis/build/icyphy/ptII/ptolemy/domains/de/test/auto/realtime.xml (RunModel)" time="10.009" />
  <testcase classname="ptolemy.util.test.junit.AutoTests" name="[87] /home/travis/build/icyphy/ptII/ptolemy/domains/de/test/auto/relationGroup.xml (RunModel)" time="0.009" />
  <testcase classname="ptolemy.util.test.junit.AutoTests" name="[88] /home/travis/build/icyphy/ptII/ptolemy/domains/de/test/auto/relationGroup2.xml (RunModel)" time="0.005" />
  <testcase classname="ptolemy.util.test.junit.AutoTests" name="[89] /home/travis/build/icyphy/ptII/ptolemy/domains/de/test/auto/sortWithOpaquePorts.xml (RunModel)" time="0.005" />
  <testcase classname="ptolemy.util.test.junit.AutoTests" name="[90] /home/travis/build/icyphy/ptII/ptolemy/domains/de/test/auto/transferInputsandOutputs.xml (RunModel)" time="0.016" />
  <testcase classname="ptolemy.util.test.junit.AutoTests" name="[91] /home/travis/build/icyphy/ptII/ptolemy/domains/de/test/auto/triggerType.xml (RunModel)" time="0.008" />
  <system-out><![CDATA[/home/travis/build/icyphy/ptII/ptolemy/domains/de/test/DependencyLoop.tcl
testDefs.tcl: setting time out to 9000 seconds at Thu Oct 18 02:34:08 UTC 2018
14 ms. Memory: 116224K Free: 93465K (80%)
7 ms. Memory: 146944K Free: 135535K (92%)
/home/travis/build/icyphy/ptII/ptolemy/domains/de/test/RunDETestsAsQSS.tcl
Run the DE tests using ptolemy.domains.qss.test.QSSDirectorTest, which extends QSSDirector and prints a message in the constructors.
------------------ testing $PTII/ptolemy/domains/de/test/auto/knownFailedTests/dependencyLoop.xml (Known Failure) 
10 ms. Memory: 146944K Free: 132422K (90%)


==== $PTIIhome/travis/build/icyphy/ptII/ptolemy/domains/de/test/../../../../: Auto Automatic test in file $PTII/ptolemy/domains/de/test/auto/knownFailedTests/dependencyLoop.xml
==== Contents of test case:

	    # FIXME: we should use $relativeFilename here, but it
	    # might have backslashes under Windows, which causes no end
	    # of trouble.
	    createAndExecute $file
	    list {}
	
.... Test generated KNOWN error:
    while executing
ptolemy.kernel.util.IllegalActionException: Found a zero delay loop containing .dependencyLoop.original
  in .dependencyLoop and .dependencyLoop.original
	at ptolemy.actor.util.CausalityInterfaceForComposites._computeOutputPortDepth(CausalityInterfaceForComposites.java:759)
	at ptolemy.actor.util.CausalityInterfaceForComposites._computeInputDepth(CausalityInterfaceForComposites.java:696)
	at ptolemy.actor.util.CausalityInterfaceForComposites._computeOutputPortDepth(CausalityInterfaceForComposites.java:765)
	at ptolemy.actor.util.CausalityInterfaceForComposites._computeInputDepth(CausalityInterfaceForComposites.java:696)
	at ptolemy.actor.util.CausalityInterfaceForComposites._computeOutputPortDepth(CausalityInterfaceForComposites.java:765)
	at ptolemy.actor.util.CausalityInterfaceForComposites._computeInputDepth(CausalityInterfaceForComposites.java:696)
	at ptolemy.actor.util.CausalityInterfaceForComposites._computeActorDepth(CausalityInterfaceForComposites.java:532)
	at ptolemy.actor.util.CausalityInterfaceForComposites.checkForCycles(CausalityInterfaceForComposites.java:96)
	at ptolemy.domains.de.kernel.DEDirector.preinitialize(DEDirector.java:1338)
	at ptolemy.actor.CompositeActor.preinitialize(CompositeActor.java:1828)
	at ptolemy.actor.Manager.preinitializeAndResolveTypes(Manager.java:1040)
	at ptolemy.actor.Manager.initialize(Manager.java:710)
	at ptolemy.actor.Manager.execute(Manager.java:356)
	at ptolemy.actor.Manager.run(Manager.java:1263)
	at ptolemy.actor.Manager$PtolemyRunThread.run(Manager.java:1915)

    while executing
ptolemy.kernel.util.IllegalActionException: Found a zero delay loop containing .dependencyLoop.original
  in .dependencyLoop and .dependencyLoop.original
    while executing
"java::new ptolemy.moml.MoMLSimpleApplication $file
"
    (procedure "createAndExecute" line 2)
    invoked from within
"createAndExecute $file"
    ("uplevel" body line 5)
    invoked from within
"uplevel $contents_of_test"
------------------ testing $PTII/ptolemy/domains/de/test/auto/knownFailedTests/DESDFClockTest.xml (Known Failure) 
2062 ms. Memory: 146944K Free: 116693K (79%)


==== $PTIIhome/travis/build/icyphy/ptII/ptolemy/domains/de/test/../../../../: Auto Automatic test in file $PTII/ptolemy/domains/de/test/auto/knownFailedTests/DESDFClockTest.xml
==== Contents of test case:

	    # FIXME: we should use $relativeFilename here, but it
	    # might have backslashes under Windows, which causes no end
	    # of trouble.
	    createAndExecute $file
	    list {}
	
.... Test generated KNOWN error:
    while executing
ptolemy.kernel.util.IllegalActionException: Actor is not ready to fire.  Perhaps UpSample.prefire() returned false? Try debugging the actor by selecting "Listen to Actor".  Also, for SDF check moml for tokenConsumptionRate on input.
  in .DESDFClockTest.Play Bell.Copy1:SDF Director and .DESDFClockTest.Play Bell.UpSample
	at ptolemy.actor.sched.StaticSchedulingDirector.fire(StaticSchedulingDirector.java:227)
	at ptolemy.domains.sdf.kernel.SDFDirector.fire(SDFDirector.java:500)
	at ptolemy.actor.CompositeActor.fire(CompositeActor.java:455)
	at ptolemy.domains.de.kernel.DEDirector._fire(DEDirector.java:1949)
	at ptolemy.domains.de.kernel.DEDirector.fire(DEDirector.java:502)
	at ptolemy.actor.CompositeActor.fire(CompositeActor.java:455)
	at ptolemy.actor.Manager.iterate(Manager.java:851)
	at ptolemy.actor.Manager.execute(Manager.java:369)
	at ptolemy.actor.Manager.run(Manager.java:1263)
	at ptolemy.actor.Manager$PtolemyRunThread.run(Manager.java:1915)

    while executing
ptolemy.kernel.util.IllegalActionException: Actor is not ready to fire.  Perhaps UpSample.prefire() returned false? Try debugging the actor by selecting "Listen to Actor".  Also, for SDF check moml for tokenConsumptionRate on input.
  in .DESDFClockTest.Play Bell.Copy1:SDF Director and .DESDFClockTest.Play Bell.UpSample
    while executing
"java::new ptolemy.moml.MoMLSimpleApplication $file
"
    (procedure "createAndExecute" line 2)
    invoked from within
"createAndExecute $file"
    ("uplevel" body line 5)
    invoked from within
"uplevel $contents_of_test"
------------------ testing $PTII/ptolemy/domains/de/test/auto/knownFailedTests/FSMSource.xml (Known Failure) 
21 ms. Memory: 146944K Free: 107815K (73%)
!!!! Auto was marked as failing, but now passes
------------------ testing $PTII/ptolemy/domains/de/test/auto/knownFailedTests/dependencyLoop2.xml (Known Failure) 
4 ms. Memory: 146944K Free: 105932K (72%)


==== $PTIIhome/travis/build/icyphy/ptII/ptolemy/domains/de/test/../../../../: Auto Automatic test in file $PTII/ptolemy/domains/de/test/auto/knownFailedTests/dependencyLoop2.xml
==== Contents of test case:

	    # FIXME: we should use $relativeFilename here, but it
	    # might have backslashes under Windows, which causes no end
	    # of trouble.
	    createAndExecute $file
	    list {}
	
.... Test generated KNOWN error:
    while executing
ptolemy.kernel.util.IllegalActionException: Found a zero delay loop containing .dependencyLoop2.original
  in .dependencyLoop2 and .dependencyLoop2.original
	at ptolemy.actor.util.CausalityInterfaceForComposites._computeOutputPortDepth(CausalityInterfaceForComposites.java:759)
	at ptolemy.actor.util.CausalityInterfaceForComposites._computeInputDepth(CausalityInterfaceForComposites.java:696)
	at ptolemy.actor.util.CausalityInterfaceForComposites._computeOutputPortDepth(CausalityInterfaceForComposites.java:765)
	at ptolemy.actor.util.CausalityInterfaceForComposites._computeInputDepth(CausalityInterfaceForComposites.java:696)
	at ptolemy.actor.util.CausalityInterfaceForComposites._computeOutputPortDepth(CausalityInterfaceForComposites.java:765)
	at ptolemy.actor.util.CausalityInterfaceForComposites._computeInputDepth(CausalityInterfaceForComposites.java:696)
	at ptolemy.actor.util.CausalityInterfaceForComposites._computeActorDepth(CausalityInterfaceForComposites.java:532)
	at ptolemy.actor.util.CausalityInterfaceForComposites.checkForCycles(CausalityInterfaceForComposites.java:96)
	at ptolemy.domains.de.kernel.DEDirector.preinitialize(DEDirector.java:1338)
	at ptolemy.actor.CompositeActor.preinitialize(CompositeActor.java:1828)
	at ptolemy.actor.Manager.preinitializeAndResolveTypes(Manager.java:1040)
	at ptolemy.actor.Manager.initialize(Manager.java:710)
	at ptolemy.actor.Manager.execute(Manager.java:356)
	at ptolemy.actor.Manager.run(Manager.java:1263)
	at ptolemy.actor.Manager$PtolemyRunThread.run(Manager.java:1915)

    while executing
ptolemy.kernel.util.IllegalActionException: Found a zero delay loop containing .dependencyLoop2.original
  in .dependencyLoop2 and .dependencyLoop2.original
    while executing
"java::new ptolemy.moml.MoMLSimpleApplication $file
"
    (procedure "createAndExecute" line 2)
    invoked from within
"createAndExecute $file"
    ("uplevel" body line 5)
    invoked from within
"uplevel $contents_of_test"
------------------ testing $PTII/ptolemy/domains/de/test/auto/knownFailedTests/HierarchicalModel.xml (Known Failure) 
6 ms. Memory: 146944K Free: 84382K (57%)


==== $PTIIhome/travis/build/icyphy/ptII/ptolemy/domains/de/test/../../../../: Auto Automatic test in file $PTII/ptolemy/domains/de/test/auto/knownFailedTests/HierarchicalModel.xml
==== Contents of test case:

	    # FIXME: we should use $relativeFilename here, but it
	    # might have backslashes under Windows, which causes no end
	    # of trouble.
	    createAndExecute $file
	    list {}
	
.... Test generated KNOWN error:
    while executing
ptolemy.kernel.util.IllegalActionException: Found a zero delay loop containing .HierarchicalModel.A
  in .HierarchicalModel and .HierarchicalModel.A
	at ptolemy.actor.util.CausalityInterfaceForComposites._computeOutputPortDepth(CausalityInterfaceForComposites.java:759)
	at ptolemy.actor.util.CausalityInterfaceForComposites._computeInputDepth(CausalityInterfaceForComposites.java:696)
	at ptolemy.actor.util.CausalityInterfaceForComposites._computeOutputPortDepth(CausalityInterfaceForComposites.java:765)
	at ptolemy.actor.util.CausalityInterfaceForComposites._computeInputDepth(CausalityInterfaceForComposites.java:696)
	at ptolemy.actor.util.CausalityInterfaceForComposites._computeOutputPortDepth(CausalityInterfaceForComposites.java:765)
	at ptolemy.actor.util.CausalityInterfaceForComposites._computeInputDepth(CausalityInterfaceForComposites.java:696)
	at ptolemy.actor.util.CausalityInterfaceForComposites._computeActorDepth(CausalityInterfaceForComposites.java:532)
	at ptolemy.actor.util.CausalityInterfaceForComposites.checkForCycles(CausalityInterfaceForComposites.java:96)
	at ptolemy.domains.de.kernel.DEDirector.preinitialize(DEDirector.java:1338)
	at ptolemy.actor.CompositeActor.preinitialize(CompositeActor.java:1828)
	at ptolemy.actor.Manager.preinitializeAndResolveTypes(Manager.java:1040)
	at ptolemy.actor.Manager.initialize(Manager.java:710)
	at ptolemy.actor.Manager.execute(Manager.java:356)
	at ptolemy.actor.Manager.run(Manager.java:1263)
	at ptolemy.actor.Manager$PtolemyRunThread.run(Manager.java:1915)

    while executing
ptolemy.kernel.util.IllegalActionException: Found a zero delay loop containing .HierarchicalModel.A
  in .HierarchicalModel and .HierarchicalModel.A
    while executing
"java::new ptolemy.moml.MoMLSimpleApplication $file
"
    (procedure "createAndExecute" line 2)
    invoked from within
"createAndExecute $file"
    ("uplevel" body line 5)
    invoked from within
"uplevel $contents_of_test"
------------------ testing $PTII/ptolemy/domains/de/test/auto/knownFailedTests/DirectFeedback.xml (Known Failure) 
4 ms. Memory: 146944K Free: 141122K (96%)


==== $PTIIhome/travis/build/icyphy/ptII/ptolemy/domains/de/test/../../../../: Auto Automatic test in file $PTII/ptolemy/domains/de/test/auto/knownFailedTests/DirectFeedback.xml
==== Contents of test case:

	    # FIXME: we should use $relativeFilename here, but it
	    # might have backslashes under Windows, which causes no end
	    # of trouble.
	    createAndExecute $file
	    list {}
	
.... Test generated KNOWN error:
    while executing
ptolemy.kernel.util.IllegalActionException: Test fails in iteration 1.
Value was: 1.0. Should have been: 2.0
  in .DirectFeedback.Test
	at ptolemy.actor.lib.Test.fire(Test.java:268)
	at ptolemy.domains.de.kernel.DEDirector._fire(DEDirector.java:1949)
	at ptolemy.domains.de.kernel.DEDirector.fire(DEDirector.java:502)
	at ptolemy.actor.CompositeActor.fire(CompositeActor.java:455)
	at ptolemy.actor.Manager.iterate(Manager.java:851)
	at ptolemy.actor.Manager.execute(Manager.java:369)
	at ptolemy.actor.Manager.run(Manager.java:1263)
	at ptolemy.actor.Manager$PtolemyRunThread.run(Manager.java:1915)

    while executing
ptolemy.kernel.util.IllegalActionException: Test fails in iteration 1.
Value was: 1.0. Should have been: 2.0
  in .DirectFeedback.Test
    while executing
"java::new ptolemy.moml.MoMLSimpleApplication $file
"
    (procedure "createAndExecute" line 2)
    invoked from within
"createAndExecute $file"
    ("uplevel" body line 5)
    invoked from within
"uplevel $contents_of_test"
------------------ testing $PTII/ptolemy/domains/de/test/auto/ActorDepthCalculation_actorWithoutPorts.xml
auto.tcl: Setting watchdog for 200 seconds at Thu Oct 18 02:34:11 UTC 2018
7 ms. Memory: 146944K Free: 132420K (90%)
ptolemy.util.test.WatchDog.cancel(): canceling Thu Oct 18 02:34:11 UTC 2018
auto.tcl: Setting watchdog for 200 seconds at Thu Oct 18 02:34:11 UTC 2018
4 ms. Memory: 146944K Free: 131380K (89%)
ptolemy.util.test.WatchDog.cancel(): canceling Thu Oct 18 02:34:11 UTC 2018
------------------ testing $PTII/ptolemy/domains/de/test/auto/AssemblyLine.xml
auto.tcl: Setting watchdog for 200 seconds at Thu Oct 18 02:34:11 UTC 2018
15 ms. Memory: 208384K Free: 182820K (88%)
ptolemy.util.test.WatchDog.cancel(): canceling Thu Oct 18 02:34:11 UTC 2018
auto.tcl: Setting watchdog for 200 seconds at Thu Oct 18 02:34:11 UTC 2018
6 ms. Memory: 208384K Free: 182820K (88%)
ptolemy.util.test.WatchDog.cancel(): canceling Thu Oct 18 02:34:11 UTC 2018
------------------ testing $PTII/ptolemy/domains/de/test/auto/CQBug1.xml
auto.tcl: Setting watchdog for 200 seconds at Thu Oct 18 02:34:11 UTC 2018
2 ms. Memory: 208384K Free: 197701K (95%)
ptolemy.util.test.WatchDog.cancel(): canceling Thu Oct 18 02:34:11 UTC 2018
auto.tcl: Setting watchdog for 200 seconds at Thu Oct 18 02:34:11 UTC 2018
2 ms. Memory: 208384K Free: 197701K (95%)
ptolemy.util.test.WatchDog.cancel(): canceling Thu Oct 18 02:34:11 UTC 2018
------------------ testing $PTII/ptolemy/domains/de/test/auto/CancelFireAt.xml
auto.tcl: Setting watchdog for 200 seconds at Thu Oct 18 02:34:11 UTC 2018
4 ms. Memory: 208384K Free: 201424K (97%)
ptolemy.util.test.WatchDog.cancel(): canceling Thu Oct 18 02:34:11 UTC 2018
auto.tcl: Setting watchdog for 200 seconds at Thu Oct 18 02:34:11 UTC 2018
6 ms. Memory: 208384K Free: 199321K (96%)
ptolemy.util.test.WatchDog.cancel(): canceling Thu Oct 18 02:34:11 UTC 2018
------------------ testing $PTII/ptolemy/domains/de/test/auto/CausalityAndComposabilityAnalysis.xml
auto.tcl: Setting watchdog for 200 seconds at Thu Oct 18 02:34:12 UTC 2018
32 ms. Memory: 208384K Free: 196479K (94%)
ptolemy.util.test.WatchDog.cancel(): canceling Thu Oct 18 02:34:12 UTC 2018
auto.tcl: Setting watchdog for 200 seconds at Thu Oct 18 02:34:12 UTC 2018
5 ms. Memory: 208384K Free: 196479K (94%)
ptolemy.util.test.WatchDog.cancel(): canceling Thu Oct 18 02:34:12 UTC 2018
------------------ testing $PTII/ptolemy/domains/de/test/auto/CausalityInterface1.xml
auto.tcl: Setting watchdog for 200 seconds at Thu Oct 18 02:34:12 UTC 2018
13 ms. Memory: 208384K Free: 196417K (94%)
ptolemy.util.test.WatchDog.cancel(): canceling Thu Oct 18 02:34:12 UTC 2018
auto.tcl: Setting watchdog for 200 seconds at Thu Oct 18 02:34:12 UTC 2018
4 ms. Memory: 208384K Free: 196417K (94%)
ptolemy.util.test.WatchDog.cancel(): canceling Thu Oct 18 02:34:12 UTC 2018
------------------ testing $PTII/ptolemy/domains/de/test/auto/CausalityInterface15.xml
auto.tcl: Setting watchdog for 200 seconds at Thu Oct 18 02:34:12 UTC 2018
9 ms. Memory: 208384K Free: 196407K (94%)
ptolemy.util.test.WatchDog.cancel(): canceling Thu Oct 18 02:34:12 UTC 2018
auto.tcl: Setting watchdog for 200 seconds at Thu Oct 18 02:34:12 UTC 2018
7 ms. Memory: 208384K Free: 196407K (94%)
ptolemy.util.test.WatchDog.cancel(): canceling Thu Oct 18 02:34:12 UTC 2018
------------------ testing $PTII/ptolemy/domains/de/test/auto/CausalityInterface2.xml
auto.tcl: Setting watchdog for 200 seconds at Thu Oct 18 02:34:12 UTC 2018
9 ms. Memory: 208384K Free: 196391K (94%)
ptolemy.util.test.WatchDog.cancel(): canceling Thu Oct 18 02:34:12 UTC 2018
auto.tcl: Setting watchdog for 200 seconds at Thu Oct 18 02:34:12 UTC 2018
7 ms. Memory: 208384K Free: 196391K (94%)
ptolemy.util.test.WatchDog.cancel(): canceling Thu Oct 18 02:34:12 UTC 2018
------------------ testing $PTII/ptolemy/domains/de/test/auto/CausalityInterface3.xml
auto.tcl: Setting watchdog for 200 seconds at Thu Oct 18 02:34:12 UTC 2018
4 ms. Memory: 208384K Free: 196403K (94%)
ptolemy.util.test.WatchDog.cancel(): canceling Thu Oct 18 02:34:12 UTC 2018
auto.tcl: Setting watchdog for 200 seconds at Thu Oct 18 02:34:12 UTC 2018
3 ms. Memory: 208384K Free: 196403K (94%)
ptolemy.util.test.WatchDog.cancel(): canceling Thu Oct 18 02:34:12 UTC 2018
------------------ testing $PTII/ptolemy/domains/de/test/auto/ClockDrift.xml
auto.tcl: Setting watchdog for 200 seconds at Thu Oct 18 02:34:12 UTC 2018
90 ms. Memory: 208384K Free: 187626K (90%)
ptolemy.util.test.WatchDog.cancel(): canceling Thu Oct 18 02:34:12 UTC 2018
auto.tcl: Setting watchdog for 200 seconds at Thu Oct 18 02:34:12 UTC 2018
61 ms. Memory: 208384K Free: 185523K (89%)
ptolemy.util.test.WatchDog.cancel(): canceling Thu Oct 18 02:34:12 UTC 2018
------------------ testing $PTII/ptolemy/domains/de/test/auto/ClockDriftAndValueChange.xml
auto.tcl: Setting watchdog for 200 seconds at Thu Oct 18 02:34:12 UTC 2018
53 ms. Memory: 208384K Free: 187458K (90%)
ptolemy.util.test.WatchDog.cancel(): canceling Thu Oct 18 02:34:12 UTC 2018
auto.tcl: Setting watchdog for 200 seconds at Thu Oct 18 02:34:12 UTC 2018
25 ms. Memory: 208384K Free: 185355K (89%)
ptolemy.util.test.WatchDog.cancel(): canceling Thu Oct 18 02:34:13 UTC 2018
------------------ testing $PTII/ptolemy/domains/de/test/auto/ClockDriftChange.xml
auto.tcl: Setting watchdog for 200 seconds at Thu Oct 18 02:34:13 UTC 2018
36 ms. Memory: 208384K Free: 190534K (91%)
ptolemy.util.test.WatchDog.cancel(): canceling Thu Oct 18 02:34:13 UTC 2018
auto.tcl: Setting watchdog for 200 seconds at Thu Oct 18 02:34:13 UTC 2018
20 ms. Memory: 208384K Free: 188431K (90%)
ptolemy.util.test.WatchDog.cancel(): canceling Thu Oct 18 02:34:13 UTC 2018
------------------ testing $PTII/ptolemy/domains/de/test/auto/ComposableCausalityAnalysis.xml
auto.tcl: Setting watchdog for 200 seconds at Thu Oct 18 02:34:13 UTC 2018
2 ms. Memory: 208384K Free: 196097K (94%)
ptolemy.util.test.WatchDog.cancel(): canceling Thu Oct 18 02:34:13 UTC 2018
auto.tcl: Setting watchdog for 200 seconds at Thu Oct 18 02:34:13 UTC 2018
1 ms. Memory: 208384K Free: 193994K (93%)
ptolemy.util.test.WatchDog.cancel(): canceling Thu Oct 18 02:34:13 UTC 2018
------------------ testing $PTII/ptolemy/domains/de/test/auto/DEFixedPointLimitation.xml
auto.tcl: Setting watchdog for 200 seconds at Thu Oct 18 02:34:13 UTC 2018
1 ms. Memory: 208384K Free: 195839K (94%)
ptolemy.util.test.WatchDog.cancel(): canceling Thu Oct 18 02:34:13 UTC 2018
auto.tcl: Setting watchdog for 200 seconds at Thu Oct 18 02:34:13 UTC 2018
1 ms. Memory: 208384K Free: 195839K (94%)
ptolemy.util.test.WatchDog.cancel(): canceling Thu Oct 18 02:34:13 UTC 2018
------------------ testing $PTII/ptolemy/domains/de/test/auto/DEScheduleTest.xml
auto.tcl: Setting watchdog for 200 seconds at Thu Oct 18 02:34:13 UTC 2018
3 ms. Memory: 208384K Free: 197978K (95%)
ptolemy.util.test.WatchDog.cancel(): canceling Thu Oct 18 02:34:13 UTC 2018
auto.tcl: Setting watchdog for 200 seconds at Thu Oct 18 02:34:13 UTC 2018
3 ms. Memory: 208384K Free: 195875K (94%)
ptolemy.util.test.WatchDog.cancel(): canceling Thu Oct 18 02:34:13 UTC 2018
------------------ testing $PTII/ptolemy/domains/de/test/auto/DEinDEwithStartTimes.xml
auto.tcl: Setting watchdog for 200 seconds at Thu Oct 18 02:34:13 UTC 2018
5 ms. Memory: 208384K Free: 195845K (94%)
ptolemy.util.test.WatchDog.cancel(): canceling Thu Oct 18 02:34:13 UTC 2018
auto.tcl: Setting watchdog for 200 seconds at Thu Oct 18 02:34:13 UTC 2018
3 ms. Memory: 208384K Free: 193742K (93%)
ptolemy.util.test.WatchDog.cancel(): canceling Thu Oct 18 02:34:13 UTC 2018
------------------ testing $PTII/ptolemy/domains/de/test/auto/DEinDEwithStartTimes2.xml
auto.tcl: Setting watchdog for 200 seconds at Thu Oct 18 02:34:13 UTC 2018
5 ms. Memory: 208384K Free: 196163K (94%)
ptolemy.util.test.WatchDog.cancel(): canceling Thu Oct 18 02:34:13 UTC 2018
auto.tcl: Setting watchdog for 200 seconds at Thu Oct 18 02:34:13 UTC 2018
3 ms. Memory: 208384K Free: 193722K (93%)
ptolemy.util.test.WatchDog.cancel(): canceling Thu Oct 18 02:34:13 UTC 2018
------------------ testing $PTII/ptolemy/domains/de/test/auto/DateDemo.xml
auto.tcl: Setting watchdog for 200 seconds at Thu Oct 18 02:34:13 UTC 2018
8 ms. Memory: 208384K Free: 188245K (90%)
ptolemy.util.test.WatchDog.cancel(): canceling Thu Oct 18 02:34:13 UTC 2018
auto.tcl: Setting watchdog for 200 seconds at Thu Oct 18 02:34:13 UTC 2018
6 ms. Memory: 208384K Free: 186142K (89%)
ptolemy.util.test.WatchDog.cancel(): canceling Thu Oct 18 02:34:13 UTC 2018
------------------ testing $PTII/ptolemy/domains/de/test/auto/DateToEvent.xml
auto.tcl: Setting watchdog for 200 seconds at Thu Oct 18 02:34:13 UTC 2018
2009 ms. Memory: 208384K Free: 182959K (88%)
ptolemy.util.test.WatchDog.cancel(): canceling Thu Oct 18 02:34:15 UTC 2018
auto.tcl: Setting watchdog for 200 seconds at Thu Oct 18 02:34:15 UTC 2018
2004 ms. Memory: 208384K Free: 182959K (88%)
ptolemy.util.test.WatchDog.cancel(): canceling Thu Oct 18 02:34:17 UTC 2018
------------------ testing $PTII/ptolemy/domains/de/test/auto/DepthTest1.xml
auto.tcl: Setting watchdog for 200 seconds at Thu Oct 18 02:34:17 UTC 2018
3 ms. Memory: 208384K Free: 195386K (94%)
ptolemy.util.test.WatchDog.cancel(): canceling Thu Oct 18 02:34:17 UTC 2018
auto.tcl: Setting watchdog for 200 seconds at Thu Oct 18 02:34:17 UTC 2018
2 ms. Memory: 208384K Free: 195386K (94%)
ptolemy.util.test.WatchDog.cancel(): canceling Thu Oct 18 02:34:17 UTC 2018
------------------ testing $PTII/ptolemy/domains/de/test/auto/DepthTest2.xml
auto.tcl: Setting watchdog for 200 seconds at Thu Oct 18 02:34:17 UTC 2018
5 ms. Memory: 208384K Free: 193702K (93%)
ptolemy.util.test.WatchDog.cancel(): canceling Thu Oct 18 02:34:17 UTC 2018
auto.tcl: Setting watchdog for 200 seconds at Thu Oct 18 02:34:17 UTC 2018
2 ms. Memory: 208384K Free: 193702K (93%)
ptolemy.util.test.WatchDog.cancel(): canceling Thu Oct 18 02:34:17 UTC 2018
------------------ testing $PTII/ptolemy/domains/de/test/auto/DepthTest3.xml
auto.tcl: Setting watchdog for 200 seconds at Thu Oct 18 02:34:18 UTC 2018
3 ms. Memory: 208384K Free: 197841K (95%)
ptolemy.util.test.WatchDog.cancel(): canceling Thu Oct 18 02:34:18 UTC 2018
auto.tcl: Setting watchdog for 200 seconds at Thu Oct 18 02:34:18 UTC 2018
4 ms. Memory: 208384K Free: 197841K (95%)
ptolemy.util.test.WatchDog.cancel(): canceling Thu Oct 18 02:34:18 UTC 2018
------------------ testing $PTII/ptolemy/domains/de/test/auto/DepthTest4.xml
auto.tcl: Setting watchdog for 200 seconds at Thu Oct 18 02:34:18 UTC 2018
4 ms. Memory: 208384K Free: 195825K (94%)
ptolemy.util.test.WatchDog.cancel(): canceling Thu Oct 18 02:34:18 UTC 2018
auto.tcl: Setting watchdog for 200 seconds at Thu Oct 18 02:34:18 UTC 2018
2 ms. Memory: 208384K Free: 195825K (94%)
ptolemy.util.test.WatchDog.cancel(): canceling Thu Oct 18 02:34:18 UTC 2018
------------------ testing $PTII/ptolemy/domains/de/test/auto/DepthTest5.xml
auto.tcl: Setting watchdog for 200 seconds at Thu Oct 18 02:34:18 UTC 2018
5 ms. Memory: 208384K Free: 196094K (94%)
ptolemy.util.test.WatchDog.cancel(): canceling Thu Oct 18 02:34:18 UTC 2018
auto.tcl: Setting watchdog for 200 seconds at Thu Oct 18 02:34:18 UTC 2018
2 ms. Memory: 208384K Free: 196094K (94%)
ptolemy.util.test.WatchDog.cancel(): canceling Thu Oct 18 02:34:18 UTC 2018
------------------ testing $PTII/ptolemy/domains/de/test/auto/DepthTest6.xml
auto.tcl: Setting watchdog for 200 seconds at Thu Oct 18 02:34:18 UTC 2018
6 ms. Memory: 208384K Free: 196086K (94%)
ptolemy.util.test.WatchDog.cancel(): canceling Thu Oct 18 02:34:18 UTC 2018
auto.tcl: Setting watchdog for 200 seconds at Thu Oct 18 02:34:18 UTC 2018
2 ms. Memory: 208384K Free: 196086K (94%)
ptolemy.util.test.WatchDog.cancel(): canceling Thu Oct 18 02:34:18 UTC 2018
------------------ testing $PTII/ptolemy/domains/de/test/auto/DepthTest7.xml
auto.tcl: Setting watchdog for 200 seconds at Thu Oct 18 02:34:18 UTC 2018
5 ms. Memory: 208384K Free: 194484K (93%)
ptolemy.util.test.WatchDog.cancel(): canceling Thu Oct 18 02:34:18 UTC 2018
auto.tcl: Setting watchdog for 200 seconds at Thu Oct 18 02:34:18 UTC 2018
1 ms. Memory: 208384K Free: 194484K (93%)
ptolemy.util.test.WatchDog.cancel(): canceling Thu Oct 18 02:34:18 UTC 2018
------------------ testing $PTII/ptolemy/domains/de/test/auto/EventToDate.xml
auto.tcl: Setting watchdog for 200 seconds at Thu Oct 18 02:34:18 UTC 2018
3007 ms. Memory: 208384K Free: 185196K (89%)
ptolemy.util.test.WatchDog.cancel(): canceling Thu Oct 18 02:34:21 UTC 2018
auto.tcl: Setting watchdog for 200 seconds at Thu Oct 18 02:34:21 UTC 2018
3004 ms. Memory: 208384K Free: 185196K (89%)
ptolemy.util.test.WatchDog.cancel(): canceling Thu Oct 18 02:34:24 UTC 2018
------------------ testing $PTII/ptolemy/domains/de/test/auto/FSM1.xml
auto.tcl: Setting watchdog for 200 seconds at Thu Oct 18 02:34:24 UTC 2018
22 ms. Memory: 208384K Free: 188727K (91%)
ptolemy.util.test.WatchDog.cancel(): canceling Thu Oct 18 02:34:24 UTC 2018
auto.tcl: Setting watchdog for 200 seconds at Thu Oct 18 02:34:24 UTC 2018
12 ms. Memory: 208384K Free: 184489K (89%)
ptolemy.util.test.WatchDog.cancel(): canceling Thu Oct 18 02:34:24 UTC 2018
------------------ testing $PTII/ptolemy/domains/de/test/auto/FSM7.xml
auto.tcl: Setting watchdog for 200 seconds at Thu Oct 18 02:34:24 UTC 2018
12 ms. Memory: 208384K Free: 187173K (90%)
ptolemy.util.test.WatchDog.cancel(): canceling Thu Oct 18 02:34:24 UTC 2018
auto.tcl: Setting watchdog for 200 seconds at Thu Oct 18 02:34:24 UTC 2018
11 ms. Memory: 208384K Free: 184724K (89%)
ptolemy.util.test.WatchDog.cancel(): canceling Thu Oct 18 02:34:24 UTC 2018
------------------ testing $PTII/ptolemy/domains/de/test/auto/Inspection.xml
auto.tcl: Setting watchdog for 200 seconds at Thu Oct 18 02:34:24 UTC 2018
38 ms. Memory: 208384K Free: 188380K (90%)
ptolemy.util.test.WatchDog.cancel(): canceling Thu Oct 18 02:34:24 UTC 2018
auto.tcl: Setting watchdog for 200 seconds at Thu Oct 18 02:34:24 UTC 2018
31 ms. Memory: 208384K Free: 186277K (89%)
ptolemy.util.test.WatchDog.cancel(): canceling Thu Oct 18 02:34:24 UTC 2018
------------------ testing $PTII/ptolemy/domains/de/test/auto/Iteration.xml
auto.tcl: Setting watchdog for 200 seconds at Thu Oct 18 02:34:24 UTC 2018
17 ms. Memory: 208384K Free: 195520K (94%)
ptolemy.util.test.WatchDog.cancel(): canceling Thu Oct 18 02:34:24 UTC 2018
auto.tcl: Setting watchdog for 200 seconds at Thu Oct 18 02:34:24 UTC 2018
6 ms. Memory: 208384K Free: 193402K (93%)
ptolemy.util.test.WatchDog.cancel(): canceling Thu Oct 18 02:34:24 UTC 2018
------------------ testing $PTII/ptolemy/domains/de/test/auto/LineFault.xml
auto.tcl: Setting watchdog for 200 seconds at Thu Oct 18 02:34:24 UTC 2018
519 ms. Memory: 208384K Free: 195800K (94%)
ptolemy.util.test.WatchDog.cancel(): canceling Thu Oct 18 02:34:25 UTC 2018
auto.tcl: Setting watchdog for 200 seconds at Thu Oct 18 02:34:25 UTC 2018
505 ms. Memory: 208384K Free: 138316K (66%)
ptolemy.util.test.WatchDog.cancel(): canceling Thu Oct 18 02:34:26 UTC 2018
------------------ testing $PTII/ptolemy/domains/de/test/auto/MergeModel1Add.xml
auto.tcl: Setting watchdog for 200 seconds at Thu Oct 18 02:34:26 UTC 2018
26 ms. Memory: 331264K Free: 298329K (90%)
ptolemy.util.test.WatchDog.cancel(): canceling Thu Oct 18 02:34:26 UTC 2018
auto.tcl: Setting watchdog for 200 seconds at Thu Oct 18 02:34:26 UTC 2018
8 ms. Memory: 331264K Free: 298329K (90%)
ptolemy.util.test.WatchDog.cancel(): canceling Thu Oct 18 02:34:26 UTC 2018
------------------ testing $PTII/ptolemy/domains/de/test/auto/MergeModel2Add.xml
auto.tcl: Setting watchdog for 200 seconds at Thu Oct 18 02:34:26 UTC 2018
10 ms. Memory: 331264K Free: 303621K (92%)
ptolemy.util.test.WatchDog.cancel(): canceling Thu Oct 18 02:34:26 UTC 2018
auto.tcl: Setting watchdog for 200 seconds at Thu Oct 18 02:34:26 UTC 2018
10 ms. Memory: 331264K Free: 299667K (90%)
ptolemy.util.test.WatchDog.cancel(): canceling Thu Oct 18 02:34:26 UTC 2018
------------------ testing $PTII/ptolemy/domains/de/test/auto/MergeModel3Add.xml
auto.tcl: Setting watchdog for 200 seconds at Thu Oct 18 02:34:26 UTC 2018
7 ms. Memory: 331264K Free: 303631K (92%)
ptolemy.util.test.WatchDog.cancel(): canceling Thu Oct 18 02:34:26 UTC 2018
auto.tcl: Setting watchdog for 200 seconds at Thu Oct 18 02:34:26 UTC 2018
6 ms. Memory: 331264K Free: 299686K (90%)
ptolemy.util.test.WatchDog.cancel(): canceling Thu Oct 18 02:34:26 UTC 2018
------------------ testing $PTII/ptolemy/domains/de/test/auto/MergeWithoutDiscard.xml
auto.tcl: Setting watchdog for 200 seconds at Thu Oct 18 02:34:26 UTC 2018
6 ms. Memory: 331264K Free: 319443K (96%)
ptolemy.util.test.WatchDog.cancel(): canceling Thu Oct 18 02:34:26 UTC 2018
auto.tcl: Setting watchdog for 200 seconds at Thu Oct 18 02:34:26 UTC 2018
1 ms. Memory: 331264K Free: 315497K (95%)
ptolemy.util.test.WatchDog.cancel(): canceling Thu Oct 18 02:34:26 UTC 2018
------------------ testing $PTII/ptolemy/domains/de/test/auto/Modal1.xml
auto.tcl: Setting watchdog for 200 seconds at Thu Oct 18 02:34:26 UTC 2018
12 ms. Memory: 331264K Free: 309360K (93%)
ptolemy.util.test.WatchDog.cancel(): canceling Thu Oct 18 02:34:26 UTC 2018
auto.tcl: Setting watchdog for 200 seconds at Thu Oct 18 02:34:26 UTC 2018
11 ms. Memory: 331264K Free: 305414K (92%)
ptolemy.util.test.WatchDog.cancel(): canceling Thu Oct 18 02:34:26 UTC 2018
------------------ testing $PTII/ptolemy/domains/de/test/auto/Modal2.xml
auto.tcl: Setting watchdog for 200 seconds at Thu Oct 18 02:34:26 UTC 2018
14 ms. Memory: 331264K Free: 304319K (92%)
ptolemy.util.test.WatchDog.cancel(): canceling Thu Oct 18 02:34:26 UTC 2018
auto.tcl: Setting watchdog for 200 seconds at Thu Oct 18 02:34:26 UTC 2018
14 ms. Memory: 331264K Free: 300374K (91%)
ptolemy.util.test.WatchDog.cancel(): canceling Thu Oct 18 02:34:26 UTC 2018
------------------ testing $PTII/ptolemy/domains/de/test/auto/Modal3.xml
auto.tcl: Setting watchdog for 200 seconds at Thu Oct 18 02:34:26 UTC 2018
15 ms. Memory: 331264K Free: 309261K (93%)
ptolemy.util.test.WatchDog.cancel(): canceling Thu Oct 18 02:34:26 UTC 2018
auto.tcl: Setting watchdog for 200 seconds at Thu Oct 18 02:34:26 UTC 2018
12 ms. Memory: 331264K Free: 305299K (92%)
ptolemy.util.test.WatchDog.cancel(): canceling Thu Oct 18 02:34:26 UTC 2018
------------------ testing $PTII/ptolemy/domains/de/test/auto/Modal4.xml
auto.tcl: Setting watchdog for 200 seconds at Thu Oct 18 02:34:27 UTC 2018
22 ms. Memory: 331264K Free: 309254K (93%)
ptolemy.util.test.WatchDog.cancel(): canceling Thu Oct 18 02:34:27 UTC 2018
auto.tcl: Setting watchdog for 200 seconds at Thu Oct 18 02:34:27 UTC 2018
16 ms. Memory: 331264K Free: 305293K (92%)
ptolemy.util.test.WatchDog.cancel(): canceling Thu Oct 18 02:34:27 UTC 2018
------------------ testing $PTII/ptolemy/domains/de/test/auto/Modal5.xml
auto.tcl: Setting watchdog for 200 seconds at Thu Oct 18 02:34:27 UTC 2018
19 ms. Memory: 331264K Free: 309265K (93%)
ptolemy.util.test.WatchDog.cancel(): canceling Thu Oct 18 02:34:27 UTC 2018
auto.tcl: Setting watchdog for 200 seconds at Thu Oct 18 02:34:27 UTC 2018
12 ms. Memory: 331264K Free: 305319K (92%)
ptolemy.util.test.WatchDog.cancel(): canceling Thu Oct 18 02:34:27 UTC 2018
------------------ testing $PTII/ptolemy/domains/de/test/auto/Modal6.xml
auto.tcl: Setting watchdog for 200 seconds at Thu Oct 18 02:34:27 UTC 2018
11 ms. Memory: 331264K Free: 309262K (93%)
ptolemy.util.test.WatchDog.cancel(): canceling Thu Oct 18 02:34:27 UTC 2018
auto.tcl: Setting watchdog for 200 seconds at Thu Oct 18 02:34:27 UTC 2018
11 ms. Memory: 331264K Free: 305317K (92%)
ptolemy.util.test.WatchDog.cancel(): canceling Thu Oct 18 02:34:27 UTC 2018
------------------ testing $PTII/ptolemy/domains/de/test/auto/Modal7.xml
auto.tcl: Setting watchdog for 200 seconds at Thu Oct 18 02:34:27 UTC 2018
9 ms. Memory: 331264K Free: 309246K (93%)
ptolemy.util.test.WatchDog.cancel(): canceling Thu Oct 18 02:34:27 UTC 2018
auto.tcl: Setting watchdog for 200 seconds at Thu Oct 18 02:34:27 UTC 2018
9 ms. Memory: 331264K Free: 305301K (92%)
ptolemy.util.test.WatchDog.cancel(): canceling Thu Oct 18 02:34:27 UTC 2018
------------------ testing $PTII/ptolemy/domains/de/test/auto/ModalModel.xml
auto.tcl: Setting watchdog for 200 seconds at Thu Oct 18 02:34:27 UTC 2018
190 ms. Memory: 331264K Free: 248033K (75%)
ptolemy.util.test.WatchDog.cancel(): canceling Thu Oct 18 02:34:27 UTC 2018
auto.tcl: Setting watchdog for 200 seconds at Thu Oct 18 02:34:27 UTC 2018
165 ms. Memory: 331264K Free: 192620K (58%)
ptolemy.util.test.WatchDog.cancel(): canceling Thu Oct 18 02:34:27 UTC 2018
------------------ testing $PTII/ptolemy/domains/de/test/auto/ModalSource.xml
auto.tcl: Setting watchdog for 200 seconds at Thu Oct 18 02:34:27 UTC 2018
8 ms. Memory: 331264K Free: 316004K (95%)
ptolemy.util.test.WatchDog.cancel(): canceling Thu Oct 18 02:34:27 UTC 2018
auto.tcl: Setting watchdog for 200 seconds at Thu Oct 18 02:34:27 UTC 2018
7 ms. Memory: 331264K Free: 312473K (94%)
ptolemy.util.test.WatchDog.cancel(): canceling Thu Oct 18 02:34:27 UTC 2018
------------------ testing $PTII/ptolemy/domains/de/test/auto/NonInterruptibleTimerZeroDelay.xml
auto.tcl: Setting watchdog for 200 seconds at Thu Oct 18 02:34:27 UTC 2018
2 ms. Memory: 331264K Free: 320380K (97%)
ptolemy.util.test.WatchDog.cancel(): canceling Thu Oct 18 02:34:27 UTC 2018
auto.tcl: Setting watchdog for 200 seconds at Thu Oct 18 02:34:27 UTC 2018
2 ms. Memory: 331264K Free: 316849K (96%)
ptolemy.util.test.WatchDog.cancel(): canceling Thu Oct 18 02:34:27 UTC 2018
------------------ testing $PTII/ptolemy/domains/de/test/auto/OpenQueueingNetwork.xml
auto.tcl: Setting watchdog for 200 seconds at Thu Oct 18 02:34:28 UTC 2018
2528 ms. Memory: 307712K Free: 139058K (45%)
ptolemy.util.test.WatchDog.cancel(): canceling Thu Oct 18 02:34:30 UTC 2018
auto.tcl: Setting watchdog for 200 seconds at Thu Oct 18 02:34:30 UTC 2018
2179 ms. Memory: 278528K Free: 184637K (66%)
ptolemy.util.test.WatchDog.cancel(): canceling Thu Oct 18 02:34:32 UTC 2018
------------------ testing $PTII/ptolemy/domains/de/test/auto/OpenQueuingNetwork.xml
auto.tcl: Setting watchdog for 200 seconds at Thu Oct 18 02:34:32 UTC 2018
203 ms. Memory: 278528K Free: 178744K (64%)
ptolemy.util.test.WatchDog.cancel(): canceling Thu Oct 18 02:34:33 UTC 2018
auto.tcl: Setting watchdog for 200 seconds at Thu Oct 18 02:34:33 UTC 2018
204 ms. Memory: 278528K Free: 118633K (43%)
ptolemy.util.test.WatchDog.cancel(): canceling Thu Oct 18 02:34:33 UTC 2018
------------------ testing $PTII/ptolemy/domains/de/test/auto/PeriodicSampler.xml
auto.tcl: Setting watchdog for 200 seconds at Thu Oct 18 02:34:33 UTC 2018
2 ms. Memory: 281088K Free: 266158K (95%)
ptolemy.util.test.WatchDog.cancel(): canceling Thu Oct 18 02:34:33 UTC 2018
auto.tcl: Setting watchdog for 200 seconds at Thu Oct 18 02:34:33 UTC 2018
2 ms. Memory: 281088K Free: 266158K (95%)
ptolemy.util.test.WatchDog.cancel(): canceling Thu Oct 18 02:34:33 UTC 2018
------------------ testing $PTII/ptolemy/domains/de/test/auto/PersistentIO.xml
auto.tcl: Setting watchdog for 200 seconds at Thu Oct 18 02:34:33 UTC 2018
12 ms. Memory: 278528K Free: 258696K (93%)
ptolemy.util.test.WatchDog.cancel(): canceling Thu Oct 18 02:34:33 UTC 2018
auto.tcl: Setting watchdog for 200 seconds at Thu Oct 18 02:34:33 UTC 2018
4 ms. Memory: 278528K Free: 258696K (93%)
ptolemy.util.test.WatchDog.cancel(): canceling Thu Oct 18 02:34:33 UTC 2018
------------------ testing $PTII/ptolemy/domains/de/test/auto/PortParameterResetOnInitialize.xml
auto.tcl: Setting watchdog for 200 seconds at Thu Oct 18 02:34:33 UTC 2018
3 ms. Memory: 280576K Free: 266107K (95%)
ptolemy.util.test.WatchDog.cancel(): canceling Thu Oct 18 02:34:33 UTC 2018
auto.tcl: Setting watchdog for 200 seconds at Thu Oct 18 02:34:33 UTC 2018
2 ms. Memory: 280576K Free: 266107K (95%)
ptolemy.util.test.WatchDog.cancel(): canceling Thu Oct 18 02:34:33 UTC 2018
------------------ testing $PTII/ptolemy/domains/de/test/auto/PortParameterUpdates.xml
auto.tcl: Setting watchdog for 200 seconds at Thu Oct 18 02:34:33 UTC 2018
3 ms. Memory: 278528K Free: 264079K (95%)
ptolemy.util.test.WatchDog.cancel(): canceling Thu Oct 18 02:34:33 UTC 2018
auto.tcl: Setting watchdog for 200 seconds at Thu Oct 18 02:34:33 UTC 2018
3 ms. Memory: 278528K Free: 261325K (94%)
ptolemy.util.test.WatchDog.cancel(): canceling Thu Oct 18 02:34:33 UTC 2018
------------------ testing $PTII/ptolemy/domains/de/test/auto/QueueAndServer.xml
auto.tcl: Setting watchdog for 200 seconds at Thu Oct 18 02:34:33 UTC 2018
8 ms. Memory: 280576K Free: 263337K (94%)
ptolemy.util.test.WatchDog.cancel(): canceling Thu Oct 18 02:34:33 UTC 2018
auto.tcl: Setting watchdog for 200 seconds at Thu Oct 18 02:34:33 UTC 2018
6 ms. Memory: 280576K Free: 263337K (94%)
ptolemy.util.test.WatchDog.cancel(): canceling Thu Oct 18 02:34:33 UTC 2018
------------------ testing $PTII/ptolemy/domains/de/test/auto/Records.xml
auto.tcl: Setting watchdog for 200 seconds at Thu Oct 18 02:34:33 UTC 2018
11 ms. Memory: 278528K Free: 265971K (95%)
ptolemy.util.test.WatchDog.cancel(): canceling Thu Oct 18 02:34:33 UTC 2018
auto.tcl: Setting watchdog for 200 seconds at Thu Oct 18 02:34:33 UTC 2018
1 ms. Memory: 278528K Free: 265971K (95%)
ptolemy.util.test.WatchDog.cancel(): canceling Thu Oct 18 02:34:33 UTC 2018
------------------ testing $PTII/ptolemy/domains/de/test/auto/ResetTransitionWithStartTime1.xml
auto.tcl: Setting watchdog for 200 seconds at Thu Oct 18 02:34:33 UTC 2018
10 ms. Memory: 280064K Free: 262888K (94%)
ptolemy.util.test.WatchDog.cancel(): canceling Thu Oct 18 02:34:33 UTC 2018
auto.tcl: Setting watchdog for 200 seconds at Thu Oct 18 02:34:33 UTC 2018
5 ms. Memory: 280064K Free: 260053K (93%)
ptolemy.util.test.WatchDog.cancel(): canceling Thu Oct 18 02:34:33 UTC 2018
------------------ testing $PTII/ptolemy/domains/de/test/auto/ResetTransitionWithStartTime2.xml
auto.tcl: Setting watchdog for 200 seconds at Thu Oct 18 02:34:33 UTC 2018
10 ms. Memory: 278528K Free: 261343K (94%)
ptolemy.util.test.WatchDog.cancel(): canceling Thu Oct 18 02:34:33 UTC 2018
auto.tcl: Setting watchdog for 200 seconds at Thu Oct 18 02:34:33 UTC 2018
4 ms. Memory: 278528K Free: 258605K (93%)
ptolemy.util.test.WatchDog.cancel(): canceling Thu Oct 18 02:34:33 UTC 2018
------------------ testing $PTII/ptolemy/domains/de/test/auto/ResetTransitionWithStartTime3.xml
auto.tcl: Setting watchdog for 200 seconds at Thu Oct 18 02:34:34 UTC 2018
6 ms. Memory: 280064K Free: 262779K (94%)
ptolemy.util.test.WatchDog.cancel(): canceling Thu Oct 18 02:34:34 UTC 2018
auto.tcl: Setting watchdog for 200 seconds at Thu Oct 18 02:34:34 UTC 2018
5 ms. Memory: 280064K Free: 260025K (93%)
ptolemy.util.test.WatchDog.cancel(): canceling Thu Oct 18 02:34:34 UTC 2018
------------------ testing $PTII/ptolemy/domains/de/test/auto/ResetTransitionWithStartTime4.xml
auto.tcl: Setting watchdog for 200 seconds at Thu Oct 18 02:34:34 UTC 2018
4 ms. Memory: 278528K Free: 263245K (95%)
ptolemy.util.test.WatchDog.cancel(): canceling Thu Oct 18 02:34:34 UTC 2018
auto.tcl: Setting watchdog for 200 seconds at Thu Oct 18 02:34:34 UTC 2018
3 ms. Memory: 278528K Free: 263245K (95%)
ptolemy.util.test.WatchDog.cancel(): canceling Thu Oct 18 02:34:34 UTC 2018
------------------ testing $PTII/ptolemy/domains/de/test/auto/ResettableTimer1.xml
auto.tcl: Setting watchdog for 200 seconds at Thu Oct 18 02:34:34 UTC 2018
3 ms. Memory: 280064K Free: 267499K (96%)
ptolemy.util.test.WatchDog.cancel(): canceling Thu Oct 18 02:34:34 UTC 2018
auto.tcl: Setting watchdog for 200 seconds at Thu Oct 18 02:34:34 UTC 2018
2 ms. Memory: 280064K Free: 267499K (96%)
ptolemy.util.test.WatchDog.cancel(): canceling Thu Oct 18 02:34:34 UTC 2018
------------------ testing $PTII/ptolemy/domains/de/test/auto/ResettableTimer2.xml
auto.tcl: Setting watchdog for 200 seconds at Thu Oct 18 02:34:34 UTC 2018
3 ms. Memory: 278528K Free: 266134K (96%)
ptolemy.util.test.WatchDog.cancel(): canceling Thu Oct 18 02:34:34 UTC 2018
auto.tcl: Setting watchdog for 200 seconds at Thu Oct 18 02:34:34 UTC 2018
2 ms. Memory: 278528K Free: 266134K (96%)
ptolemy.util.test.WatchDog.cancel(): canceling Thu Oct 18 02:34:34 UTC 2018
------------------ testing $PTII/ptolemy/domains/de/test/auto/ResettableTimer3.xml
auto.tcl: Setting watchdog for 200 seconds at Thu Oct 18 02:34:34 UTC 2018
1 ms. Memory: 279552K Free: 267045K (96%)
ptolemy.util.test.WatchDog.cancel(): canceling Thu Oct 18 02:34:34 UTC 2018
auto.tcl: Setting watchdog for 200 seconds at Thu Oct 18 02:34:34 UTC 2018
1 ms. Memory: 279552K Free: 267045K (96%)
ptolemy.util.test.WatchDog.cancel(): canceling Thu Oct 18 02:34:34 UTC 2018
------------------ testing $PTII/ptolemy/domains/de/test/auto/ResettableTimer4.xml
auto.tcl: Setting watchdog for 200 seconds at Thu Oct 18 02:34:34 UTC 2018
1 ms. Memory: 278528K Free: 266130K (96%)
ptolemy.util.test.WatchDog.cancel(): canceling Thu Oct 18 02:34:34 UTC 2018
auto.tcl: Setting watchdog for 200 seconds at Thu Oct 18 02:34:34 UTC 2018
1 ms. Memory: 278528K Free: 266130K (96%)
ptolemy.util.test.WatchDog.cancel(): canceling Thu Oct 18 02:34:34 UTC 2018
------------------ testing $PTII/ptolemy/domains/de/test/auto/ResettableTimer5.xml
auto.tcl: Setting watchdog for 200 seconds at Thu Oct 18 02:34:34 UTC 2018
1 ms. Memory: 279552K Free: 265197K (95%)
ptolemy.util.test.WatchDog.cancel(): canceling Thu Oct 18 02:34:34 UTC 2018
auto.tcl: Setting watchdog for 200 seconds at Thu Oct 18 02:34:34 UTC 2018
1 ms. Memory: 279552K Free: 265197K (95%)
ptolemy.util.test.WatchDog.cancel(): canceling Thu Oct 18 02:34:34 UTC 2018
------------------ testing $PTII/ptolemy/domains/de/test/auto/ResettableTimer6.xml
auto.tcl: Setting watchdog for 200 seconds at Thu Oct 18 02:34:34 UTC 2018
6 ms. Memory: 278528K Free: 264010K (95%)
ptolemy.util.test.WatchDog.cancel(): canceling Thu Oct 18 02:34:34 UTC 2018
auto.tcl: Setting watchdog for 200 seconds at Thu Oct 18 02:34:34 UTC 2018
1 ms. Memory: 278528K Free: 264010K (95%)
ptolemy.util.test.WatchDog.cancel(): canceling Thu Oct 18 02:34:34 UTC 2018
------------------ testing $PTII/ptolemy/domains/de/test/auto/ServerZeroDelay.xml
auto.tcl: Setting watchdog for 200 seconds at Thu Oct 18 02:34:34 UTC 2018
3 ms. Memory: 279552K Free: 267093K (96%)
ptolemy.util.test.WatchDog.cancel(): canceling Thu Oct 18 02:34:34 UTC 2018
auto.tcl: Setting watchdog for 200 seconds at Thu Oct 18 02:34:34 UTC 2018
2 ms. Memory: 279552K Free: 267093K (96%)
ptolemy.util.test.WatchDog.cancel(): canceling Thu Oct 18 02:34:34 UTC 2018
------------------ testing $PTII/ptolemy/domains/de/test/auto/SmartSender.xml
auto.tcl: Setting watchdog for 200 seconds at Thu Oct 18 02:34:34 UTC 2018
3001 ms. Memory: 278528K Free: 264108K (95%)
ptolemy.util.test.WatchDog.cancel(): canceling Thu Oct 18 02:34:37 UTC 2018
auto.tcl: Setting watchdog for 200 seconds at Thu Oct 18 02:34:37 UTC 2018
3001 ms. Memory: 278528K Free: 264108K (95%)
ptolemy.util.test.WatchDog.cancel(): canceling Thu Oct 18 02:34:40 UTC 2018
------------------ testing $PTII/ptolemy/domains/de/test/auto/ThreadedComposite.xml
auto.tcl: Setting watchdog for 200 seconds at Thu Oct 18 02:34:40 UTC 2018
185 ms. Memory: 279552K Free: 244983K (88%)
ptolemy.util.test.WatchDog.cancel(): canceling Thu Oct 18 02:34:40 UTC 2018
auto.tcl: Setting watchdog for 200 seconds at Thu Oct 18 02:34:40 UTC 2018
95 ms. Memory: 279552K Free: 227679K (81%)
ptolemy.util.test.WatchDog.cancel(): canceling Thu Oct 18 02:34:40 UTC 2018
------------------ testing $PTII/ptolemy/domains/de/test/auto/Time.xml
auto.tcl: Setting watchdog for 200 seconds at Thu Oct 18 02:34:40 UTC 2018
457 ms. Memory: 278528K Free: 212476K (76%)
ptolemy.util.test.WatchDog.cancel(): canceling Thu Oct 18 02:34:41 UTC 2018
auto.tcl: Setting watchdog for 200 seconds at Thu Oct 18 02:34:41 UTC 2018
439 ms. Memory: 278528K Free: 157711K (57%)
ptolemy.util.test.WatchDog.cancel(): canceling Thu Oct 18 02:34:41 UTC 2018
------------------ testing $PTII/ptolemy/domains/de/test/auto/TimeDelayZeroDelay.xml
auto.tcl: Setting watchdog for 200 seconds at Thu Oct 18 02:34:41 UTC 2018
2 ms. Memory: 279040K Free: 266977K (96%)
ptolemy.util.test.WatchDog.cancel(): canceling Thu Oct 18 02:34:41 UTC 2018
auto.tcl: Setting watchdog for 200 seconds at Thu Oct 18 02:34:41 UTC 2018
2 ms. Memory: 279040K Free: 266977K (96%)
ptolemy.util.test.WatchDog.cancel(): canceling Thu Oct 18 02:34:41 UTC 2018
------------------ testing $PTII/ptolemy/domains/de/test/auto/TimerZeroDelay.xml
auto.tcl: Setting watchdog for 200 seconds at Thu Oct 18 02:34:41 UTC 2018
3 ms. Memory: 278528K Free: 266572K (96%)
ptolemy.util.test.WatchDog.cancel(): canceling Thu Oct 18 02:34:41 UTC 2018
auto.tcl: Setting watchdog for 200 seconds at Thu Oct 18 02:34:41 UTC 2018
1 ms. Memory: 278528K Free: 266572K (96%)
ptolemy.util.test.WatchDog.cancel(): canceling Thu Oct 18 02:34:42 UTC 2018
------------------ testing $PTII/ptolemy/domains/de/test/auto/TimingParadox.xml
auto.tcl: Setting watchdog for 200 seconds at Thu Oct 18 02:34:42 UTC 2018
343 ms. Memory: 279040K Free: 199402K (71%)
ptolemy.util.test.WatchDog.cancel(): canceling Thu Oct 18 02:34:42 UTC 2018
auto.tcl: Setting watchdog for 200 seconds at Thu Oct 18 02:34:42 UTC 2018
340 ms. Memory: 279040K Free: 164869K (59%)
ptolemy.util.test.WatchDog.cancel(): canceling Thu Oct 18 02:34:42 UTC 2018
------------------ testing $PTII/ptolemy/domains/de/test/auto/TransferInputs.xml
auto.tcl: Setting watchdog for 200 seconds at Thu Oct 18 02:34:42 UTC 2018
1 ms. Memory: 279040K Free: 265982K (95%)
ptolemy.util.test.WatchDog.cancel(): canceling Thu Oct 18 02:34:42 UTC 2018
auto.tcl: Setting watchdog for 200 seconds at Thu Oct 18 02:34:42 UTC 2018
2 ms. Memory: 279040K Free: 265982K (95%)
ptolemy.util.test.WatchDog.cancel(): canceling Thu Oct 18 02:34:42 UTC 2018
------------------ testing $PTII/ptolemy/domains/de/test/auto/TransferOutputs2.xml
auto.tcl: Setting watchdog for 200 seconds at Thu Oct 18 02:34:42 UTC 2018
6 ms. Memory: 278528K Free: 262125K (94%)
ptolemy.util.test.WatchDog.cancel(): canceling Thu Oct 18 02:34:42 UTC 2018
auto.tcl: Setting watchdog for 200 seconds at Thu Oct 18 02:34:42 UTC 2018
2 ms. Memory: 278528K Free: 259632K (93%)
ptolemy.util.test.WatchDog.cancel(): canceling Thu Oct 18 02:34:42 UTC 2018
------------------ testing $PTII/ptolemy/domains/de/test/auto/Trilateration.xml
auto.tcl: Setting watchdog for 200 seconds at Thu Oct 18 02:34:43 UTC 2018
13865 ms. Memory: 542720K Free: 121089K (22%)
ptolemy.util.test.WatchDog.cancel(): canceling Thu Oct 18 02:34:57 UTC 2018
auto.tcl: Setting watchdog for 200 seconds at Thu Oct 18 02:34:57 UTC 2018
10860 ms. Memory: 411136K Free: 188964K (46%)
ptolemy.util.test.WatchDog.cancel(): canceling Thu Oct 18 02:35:08 UTC 2018
------------------ testing $PTII/ptolemy/domains/de/test/auto/TwoSigmaDelta.xml
auto.tcl: Setting watchdog for 200 seconds at Thu Oct 18 02:35:08 UTC 2018
2576 ms. Memory: 414208K Free: 101192K (24%)
ptolemy.util.test.WatchDog.cancel(): canceling Thu Oct 18 02:35:11 UTC 2018
auto.tcl: Setting watchdog for 200 seconds at Thu Oct 18 02:35:11 UTC 2018
1984 ms. Memory: 396800K Free: 183088K (46%)
ptolemy.util.test.WatchDog.cancel(): canceling Thu Oct 18 02:35:13 UTC 2018
------------------ testing $PTII/ptolemy/domains/de/test/auto/VariableDelay.xml
auto.tcl: Setting watchdog for 200 seconds at Thu Oct 18 02:35:13 UTC 2018
2 ms. Memory: 396288K Free: 379431K (96%)
ptolemy.util.test.WatchDog.cancel(): canceling Thu Oct 18 02:35:13 UTC 2018
auto.tcl: Setting watchdog for 200 seconds at Thu Oct 18 02:35:13 UTC 2018
2 ms. Memory: 396288K Free: 379431K (96%)
ptolemy.util.test.WatchDog.cancel(): canceling Thu Oct 18 02:35:13 UTC 2018
------------------ testing $PTII/ptolemy/domains/de/test/auto/VariableDelay2.xml
auto.tcl: Setting watchdog for 200 seconds at Thu Oct 18 02:35:13 UTC 2018
6 ms. Memory: 396288K Free: 382990K (97%)
ptolemy.util.test.WatchDog.cancel(): canceling Thu Oct 18 02:35:13 UTC 2018
auto.tcl: Setting watchdog for 200 seconds at Thu Oct 18 02:35:13 UTC 2018
2 ms. Memory: 396288K Free: 382990K (97%)
ptolemy.util.test.WatchDog.cancel(): canceling Thu Oct 18 02:35:13 UTC 2018
------------------ testing $PTII/ptolemy/domains/de/test/auto/VariableDelayZeroDelay.xml
auto.tcl: Setting watchdog for 200 seconds at Thu Oct 18 02:35:13 UTC 2018
2 ms. Memory: 398336K Free: 381888K (96%)
ptolemy.util.test.WatchDog.cancel(): canceling Thu Oct 18 02:35:13 UTC 2018
auto.tcl: Setting watchdog for 200 seconds at Thu Oct 18 02:35:13 UTC 2018
1 ms. Memory: 398336K Free: 381888K (96%)
ptolemy.util.test.WatchDog.cancel(): canceling Thu Oct 18 02:35:13 UTC 2018
------------------ testing $PTII/ptolemy/domains/de/test/auto/VariableDelayZeroDelay2.xml
auto.tcl: Setting watchdog for 200 seconds at Thu Oct 18 02:35:13 UTC 2018
4 ms. Memory: 396288K Free: 379838K (96%)
ptolemy.util.test.WatchDog.cancel(): canceling Thu Oct 18 02:35:13 UTC 2018
auto.tcl: Setting watchdog for 200 seconds at Thu Oct 18 02:35:13 UTC 2018
1 ms. Memory: 396288K Free: 379838K (96%)
ptolemy.util.test.WatchDog.cancel(): canceling Thu Oct 18 02:35:13 UTC 2018
------------------ testing $PTII/ptolemy/domains/de/test/auto/deInCt.xml
auto.tcl: Setting watchdog for 200 seconds at Thu Oct 18 02:35:13 UTC 2018
0
1
1
1
1
0
0
0
1
1
1
1
1
0
0
0
0
1
1
1
1
0
0
0
1
1
0
0
0
1
1
0
0
0
1
1
1
0
0
1
1
1
16 ms. Memory: 398336K Free: 381879K (96%)
ptolemy.util.test.WatchDog.cancel(): canceling Thu Oct 18 02:35:13 UTC 2018
auto.tcl: Setting watchdog for 200 seconds at Thu Oct 18 02:35:13 UTC 2018
0
1
1
1
1
0
0
0
0
0
1
1
1
0
0
0
1
1
0
0
0
0
1
1
1
0
0
0
1
1
0
0
0
0
0
1
1
1
1
4 ms. Memory: 398336K Free: 376877K (95%)
ptolemy.util.test.WatchDog.cancel(): canceling Thu Oct 18 02:35:13 UTC 2018
------------------ testing $PTII/ptolemy/domains/de/test/auto/deInCt2.xml
auto.tcl: Setting watchdog for 200 seconds at Thu Oct 18 02:35:13 UTC 2018
0
1
1
1
0
0
1
1
1
0
0
1
1
1
0
0
1
1
1
0
0
1
1
1
0
0
1
1
1
0
0
1
1
1
0
0
1
1
1
0
0
0
9 ms. Memory: 396288K Free: 379836K (96%)
ptolemy.util.test.WatchDog.cancel(): canceling Thu Oct 18 02:35:13 UTC 2018
auto.tcl: Setting watchdog for 200 seconds at Thu Oct 18 02:35:13 UTC 2018
0
1
1
1
0
0
1
1
1
0
0
1
1
1
0
0
1
1
1
0
0
1
1
1
0
0
1
1
1
0
0
1
1
1
0
0
1
1
1
0
0
0
7 ms. Memory: 396288K Free: 374833K (95%)
ptolemy.util.test.WatchDog.cancel(): canceling Thu Oct 18 02:35:13 UTC 2018
------------------ testing $PTII/ptolemy/domains/de/test/auto/dynamicCausalityInterface1.xml
auto.tcl: Setting watchdog for 200 seconds at Thu Oct 18 02:35:13 UTC 2018
1 ms. Memory: 397824K Free: 376365K (95%)
ptolemy.util.test.WatchDog.cancel(): canceling Thu Oct 18 02:35:13 UTC 2018
auto.tcl: Setting watchdog for 200 seconds at Thu Oct 18 02:35:13 UTC 2018
1 ms. Memory: 397824K Free: 371363K (93%)
ptolemy.util.test.WatchDog.cancel(): canceling Thu Oct 18 02:35:13 UTC 2018
------------------ testing $PTII/ptolemy/domains/de/test/auto/fsm_de_test.xml
auto.tcl: Setting watchdog for 200 seconds at Thu Oct 18 02:35:13 UTC 2018
6 ms. Memory: 396288K Free: 374724K (95%)
ptolemy.util.test.WatchDog.cancel(): canceling Thu Oct 18 02:35:13 UTC 2018
auto.tcl: Setting watchdog for 200 seconds at Thu Oct 18 02:35:13 UTC 2018
4 ms. Memory: 396288K Free: 374724K (95%)
ptolemy.util.test.WatchDog.cancel(): canceling Thu Oct 18 02:35:13 UTC 2018
------------------ testing $PTII/ptolemy/domains/de/test/auto/functionDependencyReconstruction.xml
auto.tcl: Setting watchdog for 200 seconds at Thu Oct 18 02:35:14 UTC 2018
2 ms. Memory: 397824K Free: 366262K (92%)
ptolemy.util.test.WatchDog.cancel(): canceling Thu Oct 18 02:35:14 UTC 2018
auto.tcl: Setting watchdog for 200 seconds at Thu Oct 18 02:35:14 UTC 2018
2 ms. Memory: 397824K Free: 366262K (92%)
ptolemy.util.test.WatchDog.cancel(): canceling Thu Oct 18 02:35:14 UTC 2018
------------------ testing $PTII/ptolemy/domains/de/test/auto/multirate.xml
auto.tcl: Setting watchdog for 200 seconds at Thu Oct 18 02:35:14 UTC 2018
4 ms. Memory: 396288K Free: 374591K (95%)
ptolemy.util.test.WatchDog.cancel(): canceling Thu Oct 18 02:35:14 UTC 2018
auto.tcl: Setting watchdog for 200 seconds at Thu Oct 18 02:35:14 UTC 2018
2 ms. Memory: 396288K Free: 374591K (95%)
ptolemy.util.test.WatchDog.cancel(): canceling Thu Oct 18 02:35:14 UTC 2018
------------------ testing $PTII/ptolemy/domains/de/test/auto/multirate2.xml
auto.tcl: Setting watchdog for 200 seconds at Thu Oct 18 02:35:14 UTC 2018
4 ms. Memory: 397312K Free: 375819K (95%)
ptolemy.util.test.WatchDog.cancel(): canceling Thu Oct 18 02:35:14 UTC 2018
auto.tcl: Setting watchdog for 200 seconds at Thu Oct 18 02:35:14 UTC 2018
3 ms. Memory: 397312K Free: 375819K (95%)
ptolemy.util.test.WatchDog.cancel(): canceling Thu Oct 18 02:35:14 UTC 2018
------------------ testing $PTII/ptolemy/domains/de/test/auto/realtime.xml
auto.tcl: Setting watchdog for 200 seconds at Thu Oct 18 02:35:14 UTC 2018
10002 ms. Memory: 396288K Free: 379776K (96%)
ptolemy.util.test.WatchDog.cancel(): canceling Thu Oct 18 02:35:24 UTC 2018
auto.tcl: Setting watchdog for 200 seconds at Thu Oct 18 02:35:24 UTC 2018
10000 ms. Memory: 396288K Free: 379776K (96%)
ptolemy.util.test.WatchDog.cancel(): canceling Thu Oct 18 02:35:34 UTC 2018
------------------ testing $PTII/ptolemy/domains/de/test/auto/relationGroup.xml
auto.tcl: Setting watchdog for 200 seconds at Thu Oct 18 02:35:34 UTC 2018
2 ms. Memory: 397312K Free: 380830K (96%)
ptolemy.util.test.WatchDog.cancel(): canceling Thu Oct 18 02:35:34 UTC 2018
auto.tcl: Setting watchdog for 200 seconds at Thu Oct 18 02:35:34 UTC 2018
2 ms. Memory: 397312K Free: 380830K (96%)
ptolemy.util.test.WatchDog.cancel(): canceling Thu Oct 18 02:35:34 UTC 2018
------------------ testing $PTII/ptolemy/domains/de/test/auto/relationGroup2.xml
auto.tcl: Setting watchdog for 200 seconds at Thu Oct 18 02:35:34 UTC 2018
1 ms. Memory: 396288K Free: 379833K (96%)
ptolemy.util.test.WatchDog.cancel(): canceling Thu Oct 18 02:35:34 UTC 2018
auto.tcl: Setting watchdog for 200 seconds at Thu Oct 18 02:35:34 UTC 2018
2 ms. Memory: 396288K Free: 379833K (96%)
ptolemy.util.test.WatchDog.cancel(): canceling Thu Oct 18 02:35:34 UTC 2018
------------------ testing $PTII/ptolemy/domains/de/test/auto/sortWithOpaquePorts.xml
auto.tcl: Setting watchdog for 200 seconds at Thu Oct 18 02:35:34 UTC 2018
1 ms. Memory: 397312K Free: 380859K (96%)
ptolemy.util.test.WatchDog.cancel(): canceling Thu Oct 18 02:35:34 UTC 2018
auto.tcl: Setting watchdog for 200 seconds at Thu Oct 18 02:35:34 UTC 2018
2 ms. Memory: 397312K Free: 380859K (96%)
ptolemy.util.test.WatchDog.cancel(): canceling Thu Oct 18 02:35:34 UTC 2018
------------------ testing $PTII/ptolemy/domains/de/test/auto/transferInputsandOutputs.xml
auto.tcl: Setting watchdog for 200 seconds at Thu Oct 18 02:35:34 UTC 2018
2 ms. Memory: 396288K Free: 374820K (95%)
ptolemy.util.test.WatchDog.cancel(): canceling Thu Oct 18 02:35:34 UTC 2018
auto.tcl: Setting watchdog for 200 seconds at Thu Oct 18 02:35:34 UTC 2018
2 ms. Memory: 396288K Free: 374820K (95%)
ptolemy.util.test.WatchDog.cancel(): canceling Thu Oct 18 02:35:34 UTC 2018
------------------ testing $PTII/ptolemy/domains/de/test/auto/triggerType.xml
auto.tcl: Setting watchdog for 200 seconds at Thu Oct 18 02:35:34 UTC 2018
1 ms. Memory: 396800K Free: 380284K (96%)
ptolemy.util.test.WatchDog.cancel(): canceling Thu Oct 18 02:35:34 UTC 2018
auto.tcl: Setting watchdog for 200 seconds at Thu Oct 18 02:35:34 UTC 2018
2 ms. Memory: 396800K Free: 380284K (96%)
ptolemy.util.test.WatchDog.cancel(): canceling Thu Oct 18 02:35:34 UTC 2018
10/18/18 02:35:34
Failed: 0  Total Tests: 192  ((Passed: 187, Newly Passed: 1)  Known Failed: 5) /home/travis/build/icyphy/ptII/ptolemy/domains/de/test
10/18/18 02:35:34
Failed: 0  Total Tests: 192  ((Passed: 187, Newly Passed: 1)  Known Failed: 5) /home/travis/build/icyphy/ptII/ptolemy/domains/de/test
----------------- testing (KnownFailure) /home/travis/build/icyphy/ptII/ptolemy/domains/de/test/auto/knownFailedTests/DESDFClockTest.xml
2011 ms. Memory: 396288K Free: 367226K (93%)
Known Failure: java.lang.reflect.InvocationTargetException
----------------- testing (KnownFailure) /home/travis/build/icyphy/ptII/ptolemy/domains/de/test/auto/knownFailedTests/DirectFeedback.xml
4 ms. Memory: 396288K Free: 342035K (86%)
Known Failure: java.lang.reflect.InvocationTargetException
----------------- testing (KnownFailure) /home/travis/build/icyphy/ptII/ptolemy/domains/de/test/auto/knownFailedTests/FSMSource.xml
7 ms. Memory: 396288K Free: 316844K (80%)
----------------- testing (KnownFailure) /home/travis/build/icyphy/ptII/ptolemy/domains/de/test/auto/knownFailedTests/HierarchicalModel.xml
2 ms. Memory: 396288K Free: 291638K (74%)
Known Failure: java.lang.reflect.InvocationTargetException
----------------- testing (KnownFailure) /home/travis/build/icyphy/ptII/ptolemy/domains/de/test/auto/knownFailedTests/dependencyLoop.xml
2 ms. Memory: 396288K Free: 253836K (64%)
Known Failure: java.lang.reflect.InvocationTargetException
----------------- testing (KnownFailure) /home/travis/build/icyphy/ptII/ptolemy/domains/de/test/auto/knownFailedTests/dependencyLoop2.xml
2 ms. Memory: 396288K Free: 216050K (55%)
Known Failure: java.lang.reflect.InvocationTargetException
No auto/linux-amd64/*.xml tests in /home/travis/build/icyphy/ptII/ptolemy/domains/de/test
AutoTests.java: About to close Vertx.
AutoTests.java: Vertx closed.

===========================================================================================
----------------- testing Thu Oct 18 02:35:36 UTC 2018 /home/travis/build/icyphy/ptII/ptolemy/domains/de/test/auto/ActorDepthCalculation_actorWithoutPorts.xml
----------------- Instantiating /home/travis/build/icyphy/ptII/ptolemy/domains/de/test/auto/ActorDepthCalculation_actorWithoutPorts.xml
1 ms. Memory: 396288K Free: 184562K (47%)
----------------- Invoking toplevel() on ptolemy.moml.MoMLSimpleApplication@66157474
----------------- Done invoking toplevel() on ptolemy.moml.MoMLSimpleApplication@66157474
reloadAllAccessors: .ActorDepthCalculation_actorWithoutPorts

===========================================================================================
----------------- testing Thu Oct 18 02:35:36 UTC 2018 /home/travis/build/icyphy/ptII/ptolemy/domains/de/test/auto/AssemblyLine.xml
----------------- Instantiating /home/travis/build/icyphy/ptII/ptolemy/domains/de/test/auto/AssemblyLine.xml
2 ms. Memory: 396288K Free: 165653K (42%)
----------------- Invoking toplevel() on ptolemy.moml.MoMLSimpleApplication@6d500058
----------------- Done invoking toplevel() on ptolemy.moml.MoMLSimpleApplication@6d500058
reloadAllAccessors: .AssemblyLine

===========================================================================================
----------------- testing Thu Oct 18 02:35:36 UTC 2018 /home/travis/build/icyphy/ptII/ptolemy/domains/de/test/auto/CQBug1.xml
----------------- Instantiating /home/travis/build/icyphy/ptII/ptolemy/domains/de/test/auto/CQBug1.xml
1 ms. Memory: 396288K Free: 153057K (39%)
----------------- Invoking toplevel() on ptolemy.moml.MoMLSimpleApplication@7ae68ca
----------------- Done invoking toplevel() on ptolemy.moml.MoMLSimpleApplication@7ae68ca
reloadAllAccessors: .CQBug1

===========================================================================================
----------------- testing Thu Oct 18 02:35:36 UTC 2018 /home/travis/build/icyphy/ptII/ptolemy/domains/de/test/auto/CancelFireAt.xml
----------------- Instantiating /home/travis/build/icyphy/ptII/ptolemy/domains/de/test/auto/CancelFireAt.xml
1 ms. Memory: 396288K Free: 140462K (35%)
----------------- Invoking toplevel() on ptolemy.moml.MoMLSimpleApplication@73754903
----------------- Done invoking toplevel() on ptolemy.moml.MoMLSimpleApplication@73754903
reloadAllAccessors: .CancelFireAt

===========================================================================================
----------------- testing Thu Oct 18 02:35:36 UTC 2018 /home/travis/build/icyphy/ptII/ptolemy/domains/de/test/auto/CausalityAndComposabilityAnalysis.xml
----------------- Instantiating /home/travis/build/icyphy/ptII/ptolemy/domains/de/test/auto/CausalityAndComposabilityAnalysis.xml
1 ms. Memory: 396288K Free: 127867K (32%)
----------------- Invoking toplevel() on ptolemy.moml.MoMLSimpleApplication@5ad775d0
----------------- Done invoking toplevel() on ptolemy.moml.MoMLSimpleApplication@5ad775d0
reloadAllAccessors: .CausalityAndComposabilityAnalysis

===========================================================================================
----------------- testing Thu Oct 18 02:35:36 UTC 2018 /home/travis/build/icyphy/ptII/ptolemy/domains/de/test/auto/CausalityInterface1.xml
----------------- Instantiating /home/travis/build/icyphy/ptII/ptolemy/domains/de/test/auto/CausalityInterface1.xml
4 ms. Memory: 396288K Free: 115272K (29%)
----------------- Invoking toplevel() on ptolemy.moml.MoMLSimpleApplication@136a1232
----------------- Done invoking toplevel() on ptolemy.moml.MoMLSimpleApplication@136a1232
reloadAllAccessors: .CausalityInterface1

===========================================================================================
----------------- testing Thu Oct 18 02:35:36 UTC 2018 /home/travis/build/icyphy/ptII/ptolemy/domains/de/test/auto/CausalityInterface15.xml
----------------- Instantiating /home/travis/build/icyphy/ptII/ptolemy/domains/de/test/auto/CausalityInterface15.xml
2 ms. Memory: 396288K Free: 102677K (26%)
----------------- Invoking toplevel() on ptolemy.moml.MoMLSimpleApplication@24fbf65e
----------------- Done invoking toplevel() on ptolemy.moml.MoMLSimpleApplication@24fbf65e
reloadAllAccessors: .CausalityInterface15

[...]
java.lang.RuntimeException: Execution failed
	at ptolemy.moml.MoMLSimpleApplication$UnloadThread.run(MoMLSimpleApplication.java:402)
Caused by: ptolemy.kernel.util.IllegalActionException: Test fails in iteration 1.
Value was: 1.0. Should have been: 2.0
  in .DirectFeedback.Test
	at ptolemy.actor.lib.Test.fire(Test.java:268)
	at ptolemy.domains.de.kernel.DEDirector._fire(DEDirector.java:1949)
	at ptolemy.domains.de.kernel.DEDirector.fire(DEDirector.java:502)
	at ptolemy.actor.CompositeActor.fire(CompositeActor.java:455)
	at ptolemy.actor.Manager.iterate(Manager.java:851)
	at ptolemy.actor.Manager.execute(Manager.java:369)
	at ptolemy.actor.Manager.run(Manager.java:1263)
	at ptolemy.actor.Manager$PtolemyRunThread.run(Manager.java:1915)
java.lang.RuntimeException: Execution failed
	at ptolemy.moml.MoMLSimpleApplication$UnloadThread.run(MoMLSimpleApplication.java:402)
Caused by: ptolemy.kernel.util.IllegalActionException: Actor is not ready to fire.  Perhaps UpSample.prefire() returned false? Try debugging the actor by selecting "Listen to Actor".  Also, for SDF check moml for tokenConsumptionRate on input.
  in .DESDFClockTest.Play Bell.Copy1:SDF Director and .DESDFClockTest.Play Bell.UpSample
	at ptolemy.actor.sched.StaticSchedulingDirector.fire(StaticSchedulingDirector.java:227)
	at ptolemy.domains.sdf.kernel.SDFDirector.fire(SDFDirector.java:500)
	at ptolemy.actor.CompositeActor.fire(CompositeActor.java:455)
	at ptolemy.domains.de.kernel.DEDirector._fire(DEDirector.java:1949)
	at ptolemy.domains.de.kernel.DEDirector.fire(DEDirector.java:502)
	at ptolemy.actor.CompositeActor.fire(CompositeActor.java:455)
	at ptolemy.actor.Manager.iterate(Manager.java:851)
	at ptolemy.actor.Manager.execute(Manager.java:369)
	at ptolemy.actor.Manager.run(Manager.java:1263)
	at ptolemy.actor.Manager$PtolemyRunThread.run(Manager.java:1915)
java.lang.reflect.InvocationTargetException
	at sun.reflect.NativeConstructorAccessorImpl.newInstance0(Native Method)
	at sun.reflect.NativeConstructorAccessorImpl.newInstance(NativeConstructorAccessorImpl.java:62)
	at sun.reflect.DelegatingConstructorAccessorImpl.newInstance(DelegatingConstructorAccessorImpl.java:45)
	at java.lang.reflect.Constructor.newInstance(Constructor.java:423)
	at ptolemy.util.test.junit.AutoKnownFailedTests.RunModel(AutoKnownFailedTests.java:107)
	at sun.reflect.NativeMethodAccessorImpl.invoke0(Native Method)
	at sun.reflect.NativeMethodAccessorImpl.invoke(NativeMethodAccessorImpl.java:62)
	at sun.reflect.DelegatingMethodAccessorImpl.invoke(DelegatingMethodAccessorImpl.java:43)
	at java.lang.reflect.Method.invoke(Method.java:498)
	at org.junit.runners.model.FrameworkMethod$1.runReflectiveCall(FrameworkMethod.java:44)
	at org.junit.internal.runners.model.ReflectiveCallable.run(ReflectiveCallable.java:15)
	at org.junit.runners.model.FrameworkMethod.invokeExplosively(FrameworkMethod.java:41)
	at junitparams.internal.InvokeParameterisedMethod.evaluate(InvokeParameterisedMethod.java:102)
	at org.junit.internal.runners.statements.FailOnTimeout$1.run(FailOnTimeout.java:28)
Caused by: ptolemy.kernel.util.IllegalActionException: Actor is not ready to fire.  Perhaps UpSample.prefire() returned false? Try debugging the actor by selecting "Listen to Actor".  Also, for SDF check moml for tokenConsumptionRate on input.
  in .DESDFClockTest.Play Bell.Copy1:SDF Director and .DESDFClockTest.Play Bell.UpSample
	at ptolemy.actor.sched.StaticSchedulingDirector.fire(StaticSchedulingDirector.java:227)
	at ptolemy.domains.sdf.kernel.SDFDirector.fire(SDFDirector.java:500)
	at ptolemy.actor.CompositeActor.fire(CompositeActor.java:455)
	at ptolemy.domains.de.kernel.DEDirector._fire(DEDirector.java:1949)
	at ptolemy.domains.de.kernel.DEDirector.fire(DEDirector.java:502)
	at ptolemy.actor.CompositeActor.fire(CompositeActor.java:455)
	at ptolemy.actor.Manager.iterate(Manager.java:851)
	at ptolemy.actor.Manager.execute(Manager.java:369)
	at ptolemy.actor.Manager.run(Manager.java:1263)
	at ptolemy.actor.Manager$PtolemyRunThread.run(Manager.java:1915)
java.lang.RuntimeException: Execution failed
	at ptolemy.moml.MoMLSimpleApplication$UnloadThread.run(MoMLSimpleApplication.java:402)
Caused by: ptolemy.kernel.util.IllegalActionException: Test fails in iteration 1.
Value was: 1.0. Should have been: 2.0
  in .DirectFeedback.Test
	at ptolemy.actor.lib.Test.fire(Test.java:268)
	at ptolemy.domains.de.kernel.DEDirector._fire(DEDirector.java:1949)
	at ptolemy.domains.de.kernel.DEDirector.fire(DEDirector.java:502)
	at ptolemy.actor.CompositeActor.fire(CompositeActor.java:455)
	at ptolemy.actor.Manager.iterate(Manager.java:851)
	at ptolemy.actor.Manager.execute(Manager.java:369)
	at ptolemy.actor.Manager.run(Manager.java:1263)
	at ptolemy.actor.Manager$PtolemyRunThread.run(Manager.java:1915)
java.lang.reflect.InvocationTargetException
	at sun.reflect.NativeConstructorAccessorImpl.newInstance0(Native Method)
	at sun.reflect.NativeConstructorAccessorImpl.newInstance(NativeConstructorAccessorImpl.java:62)
	at sun.reflect.DelegatingConstructorAccessorImpl.newInstance(DelegatingConstructorAccessorImpl.java:45)
	at java.lang.reflect.Constructor.newInstance(Constructor.java:423)
	at ptolemy.util.test.junit.AutoKnownFailedTests.RunModel(AutoKnownFailedTests.java:107)
	at sun.reflect.NativeMethodAccessorImpl.invoke0(Native Method)
	at sun.reflect.NativeMethodAccessorImpl.invoke(NativeMethodAccessorImpl.java:62)
	at sun.reflect.DelegatingMethodAccessorImpl.invoke(DelegatingMethodAccessorImpl.java:43)
	at java.lang.reflect.Method.invoke(Method.java:498)
	at org.junit.runners.model.FrameworkMethod$1.runReflectiveCall(FrameworkMethod.java:44)
	at org.junit.internal.runners.model.ReflectiveCallable.run(ReflectiveCallable.java:15)
	at org.junit.runners.model.FrameworkMethod.invokeExplosively(FrameworkMethod.java:41)
	at junitparams.internal.InvokeParameterisedMethod.evaluate(InvokeParameterisedMethod.java:102)
	at org.junit.internal.runners.statements.FailOnTimeout$1.run(FailOnTimeout.java:28)
Caused by: ptolemy.kernel.util.IllegalActionException: Test fails in iteration 1.
Value was: 1.0. Should have been: 2.0
  in .DirectFeedback.Test
	at ptolemy.actor.lib.Test.fire(Test.java:268)
	at ptolemy.domains.de.kernel.DEDirector._fire(DEDirector.java:1949)
	at ptolemy.domains.de.kernel.DEDirector.fire(DEDirector.java:502)
	at ptolemy.actor.CompositeActor.fire(CompositeActor.java:455)
	at ptolemy.actor.Manager.iterate(Manager.java:851)
	at ptolemy.actor.Manager.execute(Manager.java:369)
	at ptolemy.actor.Manager.run(Manager.java:1263)
	at ptolemy.actor.Manager$PtolemyRunThread.run(Manager.java:1915)
java.lang.RuntimeException: Execution failed
	at ptolemy.moml.MoMLSimpleApplication$UnloadThread.run(MoMLSimpleApplication.java:402)
Caused by: ptolemy.kernel.util.IllegalActionException: Found a zero delay loop containing .HierarchicalModel.A
  in .HierarchicalModel and .HierarchicalModel.A
	at ptolemy.actor.util.CausalityInterfaceForComposites._computeOutputPortDepth(CausalityInterfaceForComposites.java:759)
	at ptolemy.actor.util.CausalityInterfaceForComposites._computeInputDepth(CausalityInterfaceForComposites.java:696)
	at ptolemy.actor.util.CausalityInterfaceForComposites._computeOutputPortDepth(CausalityInterfaceForComposites.java:765)
	at ptolemy.actor.util.CausalityInterfaceForComposites._computeInputDepth(CausalityInterfaceForComposites.java:696)
	at ptolemy.actor.util.CausalityInterfaceForComposites._computeOutputPortDepth(CausalityInterfaceForComposites.java:765)
	at ptolemy.actor.util.CausalityInterfaceForComposites._computeInputDepth(CausalityInterfaceForComposites.java:696)
	at ptolemy.actor.util.CausalityInterfaceForComposites._computeActorDepth(CausalityInterfaceForComposites.java:532)
	at ptolemy.actor.util.CausalityInterfaceForComposites.checkForCycles(CausalityInterfaceForComposites.java:96)
	at ptolemy.domains.de.kernel.DEDirector.preinitialize(DEDirector.java:1338)
	at ptolemy.actor.CompositeActor.preinitialize(CompositeActor.java:1828)
	at ptolemy.actor.Manager.preinitializeAndResolveTypes(Manager.java:1040)
	at ptolemy.actor.Manager.initialize(Manager.java:710)
	at ptolemy.actor.Manager.execute(Manager.java:356)
	at ptolemy.actor.Manager.run(Manager.java:1263)
	at ptolemy.actor.Manager$PtolemyRunThread.run(Manager.java:1915)
java.lang.reflect.InvocationTargetException
	at sun.reflect.NativeConstructorAccessorImpl.newInstance0(Native Method)
	at sun.reflect.NativeConstructorAccessorImpl.newInstance(NativeConstructorAccessorImpl.java:62)
	at sun.reflect.DelegatingConstructorAccessorImpl.newInstance(DelegatingConstructorAccessorImpl.java:45)
	at java.lang.reflect.Constructor.newInstance(Constructor.java:423)
	at ptolemy.util.test.junit.AutoKnownFailedTests.RunModel(AutoKnownFailedTests.java:107)
	at sun.reflect.NativeMethodAccessorImpl.invoke0(Native Method)
	at sun.reflect.NativeMethodAccessorImpl.invoke(NativeMethodAccessorImpl.java:62)
	at sun.reflect.DelegatingMethodAccessorImpl.invoke(DelegatingMethodAccessorImpl.java:43)
	at java.lang.reflect.Method.invoke(Method.java:498)
	at org.junit.runners.model.FrameworkMethod$1.runReflectiveCall(FrameworkMethod.java:44)
	at org.junit.internal.runners.model.ReflectiveCallable.run(ReflectiveCallable.java:15)
	at org.junit.runners.model.FrameworkMethod.invokeExplosively(FrameworkMethod.java:41)
	at junitparams.internal.InvokeParameterisedMethod.evaluate(InvokeParameterisedMethod.java:102)
	at org.junit.internal.runners.statements.FailOnTimeout$1.run(FailOnTimeout.java:28)
Caused by: ptolemy.kernel.util.IllegalActionException: Found a zero delay loop containing .HierarchicalModel.A
  in .HierarchicalModel and .HierarchicalModel.A
	at ptolemy.actor.util.CausalityInterfaceForComposites._computeOutputPortDepth(CausalityInterfaceForComposites.java:759)
	at ptolemy.actor.util.CausalityInterfaceForComposites._computeInputDepth(CausalityInterfaceForComposites.java:696)
	at ptolemy.actor.util.CausalityInterfaceForComposites._computeOutputPortDepth(CausalityInterfaceForComposites.java:765)
	at ptolemy.actor.util.CausalityInterfaceForComposites._computeInputDepth(CausalityInterfaceForComposites.java:696)
	at ptolemy.actor.util.CausalityInterfaceForComposites._computeOutputPortDepth(CausalityInterfaceForComposites.java:765)
	at ptolemy.actor.util.CausalityInterfaceForComposites._computeInputDepth(CausalityInterfaceForComposites.java:696)
	at ptolemy.actor.util.CausalityInterfaceForComposites._computeActorDepth(CausalityInterfaceForComposites.java:532)
	at ptolemy.actor.util.CausalityInterfaceForComposites.checkForCycles(CausalityInterfaceForComposites.java:96)
	at ptolemy.domains.de.kernel.DEDirector.preinitialize(DEDirector.java:1338)
	at ptolemy.actor.CompositeActor.preinitialize(CompositeActor.java:1828)
	at ptolemy.actor.Manager.preinitializeAndResolveTypes(Manager.java:1040)
	at ptolemy.actor.Manager.initialize(Manager.java:710)
	at ptolemy.actor.Manager.execute(Manager.java:356)
	at ptolemy.actor.Manager.run(Manager.java:1263)
	at ptolemy.actor.Manager$PtolemyRunThread.run(Manager.java:1915)
java.lang.RuntimeException: Execution failed
	at ptolemy.moml.MoMLSimpleApplication$UnloadThread.run(MoMLSimpleApplication.java:402)
Caused by: ptolemy.kernel.util.IllegalActionException: Found a zero delay loop containing .dependencyLoop.original
  in .dependencyLoop and .dependencyLoop.original
	at ptolemy.actor.util.CausalityInterfaceForComposites._computeOutputPortDepth(CausalityInterfaceForComposites.java:759)
	at ptolemy.actor.util.CausalityInterfaceForComposites._computeInputDepth(CausalityInterfaceForComposites.java:696)
	at ptolemy.actor.util.CausalityInterfaceForComposites._computeOutputPortDepth(CausalityInterfaceForComposites.java:765)
	at ptolemy.actor.util.CausalityInterfaceForComposites._computeInputDepth(CausalityInterfaceForComposites.java:696)
	at ptolemy.actor.util.CausalityInterfaceForComposites._computeOutputPortDepth(CausalityInterfaceForComposites.java:765)
	at ptolemy.actor.util.CausalityInterfaceForComposites._computeInputDepth(CausalityInterfaceForComposites.java:696)
	at ptolemy.actor.util.CausalityInterfaceForComposites._computeActorDepth(CausalityInterfaceForComposites.java:532)
	at ptolemy.actor.util.CausalityInterfaceForComposites.checkForCycles(CausalityInterfaceForComposites.java:96)
	at ptolemy.domains.de.kernel.DEDirector.preinitialize(DEDirector.java:1338)
	at ptolemy.actor.CompositeActor.preinitialize(CompositeActor.java:1828)
	at ptolemy.actor.Manager.preinitializeAndResolveTypes(Manager.java:1040)
	at ptolemy.actor.Manager.initialize(Manager.java:710)
	at ptolemy.actor.Manager.execute(Manager.java:356)
	at ptolemy.actor.Manager.run(Manager.java:1263)
	at ptolemy.actor.Manager$PtolemyRunThread.run(Manager.java:1915)
java.lang.reflect.InvocationTargetException
	at sun.reflect.NativeConstructorAccessorImpl.newInstance0(Native Method)
	at sun.reflect.NativeConstructorAccessorImpl.newInstance(NativeConstructorAccessorImpl.java:62)
	at sun.reflect.DelegatingConstructorAccessorImpl.newInstance(DelegatingConstructorAccessorImpl.java:45)
	at java.lang.reflect.Constructor.newInstance(Constructor.java:423)
	at ptolemy.util.test.junit.AutoKnownFailedTests.RunModel(AutoKnownFailedTests.java:107)
	at sun.reflect.NativeMethodAccessorImpl.invoke0(Native Method)
	at sun.reflect.NativeMethodAccessorImpl.invoke(NativeMethodAccessorImpl.java:62)
	at sun.reflect.DelegatingMethodAccessorImpl.invoke(DelegatingMethodAccessorImpl.java:43)
	at java.lang.reflect.Method.invoke(Method.java:498)
	at org.junit.runners.model.FrameworkMethod$1.runReflectiveCall(FrameworkMethod.java:44)
	at org.junit.internal.runners.model.ReflectiveCallable.run(ReflectiveCallable.java:15)
	at org.junit.runners.model.FrameworkMethod.invokeExplosively(FrameworkMethod.java:41)
	at junitparams.internal.InvokeParameterisedMethod.evaluate(InvokeParameterisedMethod.java:102)
	at org.junit.internal.runners.statements.FailOnTimeout$1.run(FailOnTimeout.java:28)
Caused by: ptolemy.kernel.util.IllegalActionException: Found a zero delay loop containing .dependencyLoop.original
  in .dependencyLoop and .dependencyLoop.original
	at ptolemy.actor.util.CausalityInterfaceForComposites._computeOutputPortDepth(CausalityInterfaceForComposites.java:759)
	at ptolemy.actor.util.CausalityInterfaceForComposites._computeInputDepth(CausalityInterfaceForComposites.java:696)
	at ptolemy.actor.util.CausalityInterfaceForComposites._computeOutputPortDepth(CausalityInterfaceForComposites.java:765)
	at ptolemy.actor.util.CausalityInterfaceForComposites._computeInputDepth(CausalityInterfaceForComposites.java:696)
	at ptolemy.actor.util.CausalityInterfaceForComposites._computeOutputPortDepth(CausalityInterfaceForComposites.java:765)
	at ptolemy.actor.util.CausalityInterfaceForComposites._computeInputDepth(CausalityInterfaceForComposites.java:696)
	at ptolemy.actor.util.CausalityInterfaceForComposites._computeActorDepth(CausalityInterfaceForComposites.java:532)
	at ptolemy.actor.util.CausalityInterfaceForComposites.checkForCycles(CausalityInterfaceForComposites.java:96)
	at ptolemy.domains.de.kernel.DEDirector.preinitialize(DEDirector.java:1338)
	at ptolemy.actor.CompositeActor.preinitialize(CompositeActor.java:1828)
	at ptolemy.actor.Manager.preinitializeAndResolveTypes(Manager.java:1040)
	at ptolemy.actor.Manager.initialize(Manager.java:710)
	at ptolemy.actor.Manager.execute(Manager.java:356)
	at ptolemy.actor.Manager.run(Manager.java:1263)
	at ptolemy.actor.Manager$PtolemyRunThread.run(Manager.java:1915)
java.lang.RuntimeException: Execution failed
	at ptolemy.moml.MoMLSimpleApplication$UnloadThread.run(MoMLSimpleApplication.java:402)
Caused by: ptolemy.kernel.util.IllegalActionException: Found a zero delay loop containing .dependencyLoop2.original
  in .dependencyLoop2 and .dependencyLoop2.original
	at ptolemy.actor.util.CausalityInterfaceForComposites._computeOutputPortDepth(CausalityInterfaceForComposites.java:759)
	at ptolemy.actor.util.CausalityInterfaceForComposites._computeInputDepth(CausalityInterfaceForComposites.java:696)
	at ptolemy.actor.util.CausalityInterfaceForComposites._computeOutputPortDepth(CausalityInterfaceForComposites.java:765)
	at ptolemy.actor.util.CausalityInterfaceForComposites._computeInputDepth(CausalityInterfaceForComposites.java:696)
	at ptolemy.actor.util.CausalityInterfaceForComposites._computeOutputPortDepth(CausalityInterfaceForComposites.java:765)
	at ptolemy.actor.util.CausalityInterfaceForComposites._computeInputDepth(CausalityInterfaceForComposites.java:696)
	at ptolemy.actor.util.CausalityInterfaceForComposites._computeActorDepth(CausalityInterfaceForComposites.java:532)
	at ptolemy.actor.util.CausalityInterfaceForComposites.checkForCycles(CausalityInterfaceForComposites.java:96)
	at ptolemy.domains.de.kernel.DEDirector.preinitialize(DEDirector.java:1338)
	at ptolemy.actor.CompositeActor.preinitialize(CompositeActor.java:1828)
	at ptolemy.actor.Manager.preinitializeAndResolveTypes(Manager.java:1040)
	at ptolemy.actor.Manager.initialize(Manager.java:710)
	at ptolemy.actor.Manager.execute(Manager.java:356)
	at ptolemy.actor.Manager.run(Manager.java:1263)
	at ptolemy.actor.Manager$PtolemyRunThread.run(Manager.java:1915)
java.lang.reflect.InvocationTargetException
	at sun.reflect.NativeConstructorAccessorImpl.newInstance0(Native Method)
	at sun.reflect.NativeConstructorAccessorImpl.newInstance(NativeConstructorAccessorImpl.java:62)
	at sun.reflect.DelegatingConstructorAccessorImpl.newInstance(DelegatingConstructorAccessorImpl.java:45)
	at java.lang.reflect.Constructor.newInstance(Constructor.java:423)
	at ptolemy.util.test.junit.AutoKnownFailedTests.RunModel(AutoKnownFailedTests.java:107)
	at sun.reflect.NativeMethodAccessorImpl.invoke0(Native Method)
	at sun.reflect.NativeMethodAccessorImpl.invoke(NativeMethodAccessorImpl.java:62)
	at sun.reflect.DelegatingMethodAccessorImpl.invoke(DelegatingMethodAccessorImpl.java:43)
	at java.lang.reflect.Method.invoke(Method.java:498)
	at org.junit.runners.model.FrameworkMethod$1.runReflectiveCall(FrameworkMethod.java:44)
	at org.junit.internal.runners.model.ReflectiveCallable.run(ReflectiveCallable.java:15)
	at org.junit.runners.model.FrameworkMethod.invokeExplosively(FrameworkMethod.java:41)
	at junitparams.internal.InvokeParameterisedMethod.evaluate(InvokeParameterisedMethod.java:102)
	at org.junit.internal.runners.statements.FailOnTimeout$1.run(FailOnTimeout.java:28)
Caused by: ptolemy.kernel.util.IllegalActionException: Found a zero delay loop containing .dependencyLoop2.original
  in .dependencyLoop2 and .dependencyLoop2.original
	at ptolemy.actor.util.CausalityInterfaceForComposites._computeOutputPortDepth(CausalityInterfaceForComposites.java:759)
	at ptolemy.actor.util.CausalityInterfaceForComposites._computeInputDepth(CausalityInterfaceForComposites.java:696)
	at ptolemy.actor.util.CausalityInterfaceForComposites._computeOutputPortDepth(CausalityInterfaceForComposites.java:765)
	at ptolemy.actor.util.CausalityInterfaceForComposites._computeInputDepth(CausalityInterfaceForComposites.java:696)
	at ptolemy.actor.util.CausalityInterfaceForComposites._computeOutputPortDepth(CausalityInterfaceForComposites.java:765)
	at ptolemy.actor.util.CausalityInterfaceForComposites._computeInputDepth(CausalityInterfaceForComposites.java:696)
	at ptolemy.actor.util.CausalityInterfaceForComposites._computeActorDepth(CausalityInterfaceForComposites.java:532)
	at ptolemy.actor.util.CausalityInterfaceForComposites.checkForCycles(CausalityInterfaceForComposites.java:96)
	at ptolemy.domains.de.kernel.DEDirector.preinitialize(DEDirector.java:1338)
	at ptolemy.actor.CompositeActor.preinitialize(CompositeActor.java:1828)
	at ptolemy.actor.Manager.preinitializeAndResolveTypes(Manager.java:1040)
	at ptolemy.actor.Manager.initialize(Manager.java:710)
	at ptolemy.actor.Manager.execute(Manager.java:356)
	at ptolemy.actor.Manager.run(Manager.java:1263)
	at ptolemy.actor.Manager$PtolemyRunThread.run(Manager.java:1915)
]]></system-err>
</testsuite>
