<?xml version="1.0" encoding="UTF-8" ?>
<testsuite errors="0" failures="0" hostname="travis-job-236143b5-d738-406a-a8c1-3aa4725c522a" name="ptolemy.domains.de.test.junit.JUnitTclTest" skipped="0" tests="101" time="130.755" timestamp="2019-12-09T18:22:49">
  <properties>
[...]
</properties>
  <testcase classname="ptolemy.util.test.junit.TclTests" name="[0] /home/travis/build/icyphy/ptII/ptolemy/domains/de/test/DependencyLoop.tcl (RunTclFile)" time="0.951" />
  <testcase classname="ptolemy.util.test.junit.TclTests" name="[1] /home/travis/build/icyphy/ptII/ptolemy/domains/de/test/RunDETestsAsQSS.tcl (RunTclFile)" time="87.979" />
  <testcase classname="ptolemy.util.test.junit.AutoKnownFailedTests" name="[0] /home/travis/build/icyphy/ptII/ptolemy/domains/de/test/auto/knownFailedTests/DESDFClockTest.xml (RunModel)" time="2.066" />
  <testcase classname="ptolemy.util.test.junit.AutoKnownFailedTests" name="[1] /home/travis/build/icyphy/ptII/ptolemy/domains/de/test/auto/knownFailedTests/DirectFeedback.xml (RunModel)" time="0.02" />
  <testcase classname="ptolemy.util.test.junit.AutoKnownFailedTests" name="[2] /home/travis/build/icyphy/ptII/ptolemy/domains/de/test/auto/knownFailedTests/FSMSource.xml (RunModel)" time="0.045" />
  <testcase classname="ptolemy.util.test.junit.AutoKnownFailedTests" name="[3] /home/travis/build/icyphy/ptII/ptolemy/domains/de/test/auto/knownFailedTests/HierarchicalModel.xml (RunModel)" time="0.043" />
  <testcase classname="ptolemy.util.test.junit.AutoKnownFailedTests" name="[4] /home/travis/build/icyphy/ptII/ptolemy/domains/de/test/auto/knownFailedTests/dependencyLoop.xml (RunModel)" time="0.043" />
  <testcase classname="ptolemy.util.test.junit.AutoKnownFailedTests" name="[5] /home/travis/build/icyphy/ptII/ptolemy/domains/de/test/auto/knownFailedTests/dependencyLoop2.xml (RunModel)" time="0.059" />
  <testcase classname="ptolemy.util.test.junit.AutoNameArchTests" name="[0] ThereAreNoAutoArchTests (RunModel)" time="0.005" />
  <testcase classname="ptolemy.util.test.junit.AutoTests" name="[0] /home/travis/build/icyphy/ptII/ptolemy/domains/de/test/auto/ActorDepthCalculation_actorWithoutPorts.xml (RunModel)" time="0.022" />
  <testcase classname="ptolemy.util.test.junit.AutoTests" name="[1] /home/travis/build/icyphy/ptII/ptolemy/domains/de/test/auto/AssemblyLine.xml (RunModel)" time="0.021" />
  <testcase classname="ptolemy.util.test.junit.AutoTests" name="[2] /home/travis/build/icyphy/ptII/ptolemy/domains/de/test/auto/CQBug1.xml (RunModel)" time="0.016" />
  <testcase classname="ptolemy.util.test.junit.AutoTests" name="[3] /home/travis/build/icyphy/ptII/ptolemy/domains/de/test/auto/CancelFireAt.xml (RunModel)" time="0.013" />
  <testcase classname="ptolemy.util.test.junit.AutoTests" name="[4] /home/travis/build/icyphy/ptII/ptolemy/domains/de/test/auto/CausalityAndComposabilityAnalysis.xml (RunModel)" time="0.024" />
  <testcase classname="ptolemy.util.test.junit.AutoTests" name="[5] /home/travis/build/icyphy/ptII/ptolemy/domains/de/test/auto/CausalityInterface1.xml (RunModel)" time="0.019" />
  <testcase classname="ptolemy.util.test.junit.AutoTests" name="[6] /home/travis/build/icyphy/ptII/ptolemy/domains/de/test/auto/CausalityInterface15.xml (RunModel)" time="0.016" />
  <testcase classname="ptolemy.util.test.junit.AutoTests" name="[7] /home/travis/build/icyphy/ptII/ptolemy/domains/de/test/auto/CausalityInterface2.xml (RunModel)" time="0.014" />
  <testcase classname="ptolemy.util.test.junit.AutoTests" name="[8] /home/travis/build/icyphy/ptII/ptolemy/domains/de/test/auto/CausalityInterface3.xml (RunModel)" time="0.017" />
  <testcase classname="ptolemy.util.test.junit.AutoTests" name="[9] /home/travis/build/icyphy/ptII/ptolemy/domains/de/test/auto/ClockDrift.xml (RunModel)" time="0.04" />
  <testcase classname="ptolemy.util.test.junit.AutoTests" name="[10] /home/travis/build/icyphy/ptII/ptolemy/domains/de/test/auto/ClockDriftAndValueChange.xml (RunModel)" time="0.039" />
  <testcase classname="ptolemy.util.test.junit.AutoTests" name="[11] /home/travis/build/icyphy/ptII/ptolemy/domains/de/test/auto/ClockDriftChange.xml (RunModel)" time="0.031" />
  <testcase classname="ptolemy.util.test.junit.AutoTests" name="[12] /home/travis/build/icyphy/ptII/ptolemy/domains/de/test/auto/ComposableCausalityAnalysis.xml (RunModel)" time="0.014" />
  <testcase classname="ptolemy.util.test.junit.AutoTests" name="[13] /home/travis/build/icyphy/ptII/ptolemy/domains/de/test/auto/DEFixedPointLimitation.xml (RunModel)" time="0.01" />
  <testcase classname="ptolemy.util.test.junit.AutoTests" name="[14] /home/travis/build/icyphy/ptII/ptolemy/domains/de/test/auto/DEScheduleTest.xml (RunModel)" time="0.018" />
  <testcase classname="ptolemy.util.test.junit.AutoTests" name="[15] /home/travis/build/icyphy/ptII/ptolemy/domains/de/test/auto/DEinDEwithStartTimes.xml (RunModel)" time="0.017" />
  <testcase classname="ptolemy.util.test.junit.AutoTests" name="[16] /home/travis/build/icyphy/ptII/ptolemy/domains/de/test/auto/DEinDEwithStartTimes2.xml (RunModel)" time="0.019" />
  <testcase classname="ptolemy.util.test.junit.AutoTests" name="[17] /home/travis/build/icyphy/ptII/ptolemy/domains/de/test/auto/DateDemo.xml (RunModel)" time="0.042" />
  <testcase classname="ptolemy.util.test.junit.AutoTests" name="[18] /home/travis/build/icyphy/ptII/ptolemy/domains/de/test/auto/DateToEvent.xml (RunModel)" time="2.044" />
  <testcase classname="ptolemy.util.test.junit.AutoTests" name="[19] /home/travis/build/icyphy/ptII/ptolemy/domains/de/test/auto/DepthTest1.xml (RunModel)" time="0.007" />
  <testcase classname="ptolemy.util.test.junit.AutoTests" name="[20] /home/travis/build/icyphy/ptII/ptolemy/domains/de/test/auto/DepthTest2.xml (RunModel)" time="0.019" />
  <testcase classname="ptolemy.util.test.junit.AutoTests" name="[21] /home/travis/build/icyphy/ptII/ptolemy/domains/de/test/auto/DepthTest3.xml (RunModel)" time="0.009" />
  <testcase classname="ptolemy.util.test.junit.AutoTests" name="[22] /home/travis/build/icyphy/ptII/ptolemy/domains/de/test/auto/DepthTest4.xml (RunModel)" time="0.027" />
  <testcase classname="ptolemy.util.test.junit.AutoTests" name="[23] /home/travis/build/icyphy/ptII/ptolemy/domains/de/test/auto/DepthTest5.xml (RunModel)" time="0.018" />
  <testcase classname="ptolemy.util.test.junit.AutoTests" name="[24] /home/travis/build/icyphy/ptII/ptolemy/domains/de/test/auto/DepthTest6.xml (RunModel)" time="0.014" />
  <testcase classname="ptolemy.util.test.junit.AutoTests" name="[25] /home/travis/build/icyphy/ptII/ptolemy/domains/de/test/auto/DepthTest7.xml (RunModel)" time="0.012" />
  <testcase classname="ptolemy.util.test.junit.AutoTests" name="[26] /home/travis/build/icyphy/ptII/ptolemy/domains/de/test/auto/EventToDate.xml (RunModel)" time="3.034" />
  <testcase classname="ptolemy.util.test.junit.AutoTests" name="[27] /home/travis/build/icyphy/ptII/ptolemy/domains/de/test/auto/FSM1.xml (RunModel)" time="0.045" />
  <testcase classname="ptolemy.util.test.junit.AutoTests" name="[28] /home/travis/build/icyphy/ptII/ptolemy/domains/de/test/auto/FSM7.xml (RunModel)" time="0.039" />
  <testcase classname="ptolemy.util.test.junit.AutoTests" name="[29] /home/travis/build/icyphy/ptII/ptolemy/domains/de/test/auto/Inspection.xml (RunModel)" time="0.049" />
  <testcase classname="ptolemy.util.test.junit.AutoTests" name="[30] /home/travis/build/icyphy/ptII/ptolemy/domains/de/test/auto/Iteration.xml (RunModel)" time="0.042" />
  <testcase classname="ptolemy.util.test.junit.AutoTests" name="[31] /home/travis/build/icyphy/ptII/ptolemy/domains/de/test/auto/LineFault.xml (RunModel)" time="0.687" />
  <testcase classname="ptolemy.util.test.junit.AutoTests" name="[32] /home/travis/build/icyphy/ptII/ptolemy/domains/de/test/auto/MergeModel1Add.xml (RunModel)" time="0.053" />
  <testcase classname="ptolemy.util.test.junit.AutoTests" name="[33] /home/travis/build/icyphy/ptII/ptolemy/domains/de/test/auto/MergeModel2Add.xml (RunModel)" time="0.04" />
  <testcase classname="ptolemy.util.test.junit.AutoTests" name="[34] /home/travis/build/icyphy/ptII/ptolemy/domains/de/test/auto/MergeModel3Add.xml (RunModel)" time="0.051" />
  <testcase classname="ptolemy.util.test.junit.AutoTests" name="[35] /home/travis/build/icyphy/ptII/ptolemy/domains/de/test/auto/MergeWithoutDiscard.xml (RunModel)" time="0.016" />
  <testcase classname="ptolemy.util.test.junit.AutoTests" name="[36] /home/travis/build/icyphy/ptII/ptolemy/domains/de/test/auto/Modal1.xml (RunModel)" time="0.025" />
  <testcase classname="ptolemy.util.test.junit.AutoTests" name="[37] /home/travis/build/icyphy/ptII/ptolemy/domains/de/test/auto/Modal2.xml (RunModel)" time="0.032" />
  <testcase classname="ptolemy.util.test.junit.AutoTests" name="[38] /home/travis/build/icyphy/ptII/ptolemy/domains/de/test/auto/Modal3.xml (RunModel)" time="0.03" />
  <testcase classname="ptolemy.util.test.junit.AutoTests" name="[39] /home/travis/build/icyphy/ptII/ptolemy/domains/de/test/auto/Modal4.xml (RunModel)" time="0.033" />
  <testcase classname="ptolemy.util.test.junit.AutoTests" name="[40] /home/travis/build/icyphy/ptII/ptolemy/domains/de/test/auto/Modal5.xml (RunModel)" time="0.032" />
  <testcase classname="ptolemy.util.test.junit.AutoTests" name="[41] /home/travis/build/icyphy/ptII/ptolemy/domains/de/test/auto/Modal6.xml (RunModel)" time="0.03" />
  <testcase classname="ptolemy.util.test.junit.AutoTests" name="[42] /home/travis/build/icyphy/ptII/ptolemy/domains/de/test/auto/Modal7.xml (RunModel)" time="0.039" />
  <testcase classname="ptolemy.util.test.junit.AutoTests" name="[43] /home/travis/build/icyphy/ptII/ptolemy/domains/de/test/auto/ModalModel.xml (RunModel)" time="0.191" />
  <testcase classname="ptolemy.util.test.junit.AutoTests" name="[44] /home/travis/build/icyphy/ptII/ptolemy/domains/de/test/auto/ModalSource.xml (RunModel)" time="0.026" />
  <testcase classname="ptolemy.util.test.junit.AutoTests" name="[45] /home/travis/build/icyphy/ptII/ptolemy/domains/de/test/auto/NonInterruptibleTimerZeroDelay.xml (RunModel)" time="0.011" />
  <testcase classname="ptolemy.util.test.junit.AutoTests" name="[46] /home/travis/build/icyphy/ptII/ptolemy/domains/de/test/auto/OpenQueueingNetwork.xml (RunModel)" time="2.476" />
  <testcase classname="ptolemy.util.test.junit.AutoTests" name="[47] /home/travis/build/icyphy/ptII/ptolemy/domains/de/test/auto/OpenQueuingNetwork.xml (RunModel)" time="0.286" />
  <testcase classname="ptolemy.util.test.junit.AutoTests" name="[48] /home/travis/build/icyphy/ptII/ptolemy/domains/de/test/auto/PeriodicSampler.xml (RunModel)" time="0.014" />
  <testcase classname="ptolemy.util.test.junit.AutoTests" name="[49] /home/travis/build/icyphy/ptII/ptolemy/domains/de/test/auto/PersistentIO.xml (RunModel)" time="0.022" />
  <testcase classname="ptolemy.util.test.junit.AutoTests" name="[50] /home/travis/build/icyphy/ptII/ptolemy/domains/de/test/auto/PortParameterResetOnInitialize.xml (RunModel)" time="0.015" />
  <testcase classname="ptolemy.util.test.junit.AutoTests" name="[51] /home/travis/build/icyphy/ptII/ptolemy/domains/de/test/auto/PortParameterUpdates.xml (RunModel)" time="0.015" />
  <testcase classname="ptolemy.util.test.junit.AutoTests" name="[52] /home/travis/build/icyphy/ptII/ptolemy/domains/de/test/auto/QueueAndServer.xml (RunModel)" time="0.021" />
  <testcase classname="ptolemy.util.test.junit.AutoTests" name="[53] /home/travis/build/icyphy/ptII/ptolemy/domains/de/test/auto/Records.xml (RunModel)" time="0.015" />
  <testcase classname="ptolemy.util.test.junit.AutoTests" name="[54] /home/travis/build/icyphy/ptII/ptolemy/domains/de/test/auto/ResetTransitionWithStartTime1.xml (RunModel)" time="0.02" />
  <testcase classname="ptolemy.util.test.junit.AutoTests" name="[55] /home/travis/build/icyphy/ptII/ptolemy/domains/de/test/auto/ResetTransitionWithStartTime2.xml (RunModel)" time="0.02" />
  <testcase classname="ptolemy.util.test.junit.AutoTests" name="[56] /home/travis/build/icyphy/ptII/ptolemy/domains/de/test/auto/ResetTransitionWithStartTime3.xml (RunModel)" time="0.021" />
  <testcase classname="ptolemy.util.test.junit.AutoTests" name="[57] /home/travis/build/icyphy/ptII/ptolemy/domains/de/test/auto/ResetTransitionWithStartTime4.xml (RunModel)" time="0.02" />
  <testcase classname="ptolemy.util.test.junit.AutoTests" name="[58] /home/travis/build/icyphy/ptII/ptolemy/domains/de/test/auto/ResettableTimer1.xml (RunModel)" time="0.011" />
  <testcase classname="ptolemy.util.test.junit.AutoTests" name="[59] /home/travis/build/icyphy/ptII/ptolemy/domains/de/test/auto/ResettableTimer2.xml (RunModel)" time="0.009" />
  <testcase classname="ptolemy.util.test.junit.AutoTests" name="[60] /home/travis/build/icyphy/ptII/ptolemy/domains/de/test/auto/ResettableTimer3.xml (RunModel)" time="0.009" />
  <testcase classname="ptolemy.util.test.junit.AutoTests" name="[61] /home/travis/build/icyphy/ptII/ptolemy/domains/de/test/auto/ResettableTimer4.xml (RunModel)" time="0.01" />
  <testcase classname="ptolemy.util.test.junit.AutoTests" name="[62] /home/travis/build/icyphy/ptII/ptolemy/domains/de/test/auto/ResettableTimer5.xml (RunModel)" time="0.01" />
  <testcase classname="ptolemy.util.test.junit.AutoTests" name="[63] /home/travis/build/icyphy/ptII/ptolemy/domains/de/test/auto/ResettableTimer6.xml (RunModel)" time="0.016" />
  <testcase classname="ptolemy.util.test.junit.AutoTests" name="[64] /home/travis/build/icyphy/ptII/ptolemy/domains/de/test/auto/ServerZeroDelay.xml (RunModel)" time="0.009" />
  <testcase classname="ptolemy.util.test.junit.AutoTests" name="[65] /home/travis/build/icyphy/ptII/ptolemy/domains/de/test/auto/SmartSender.xml (RunModel)" time="3.009" />
  <testcase classname="ptolemy.util.test.junit.AutoTests" name="[66] /home/travis/build/icyphy/ptII/ptolemy/domains/de/test/auto/ThreadedComposite.xml (RunModel)" time="0.127" />
  <testcase classname="ptolemy.util.test.junit.AutoTests" name="[67] /home/travis/build/icyphy/ptII/ptolemy/domains/de/test/auto/Time.xml (RunModel)" time="0.429" />
  <testcase classname="ptolemy.util.test.junit.AutoTests" name="[68] /home/travis/build/icyphy/ptII/ptolemy/domains/de/test/auto/TimeDelayZeroDelay.xml (RunModel)" time="0.016" />
  <testcase classname="ptolemy.util.test.junit.AutoTests" name="[69] /home/travis/build/icyphy/ptII/ptolemy/domains/de/test/auto/TimerZeroDelay.xml (RunModel)" time="0.012" />
  <testcase classname="ptolemy.util.test.junit.AutoTests" name="[70] /home/travis/build/icyphy/ptII/ptolemy/domains/de/test/auto/TimingParadox.xml (RunModel)" time="0.373" />
  <testcase classname="ptolemy.util.test.junit.AutoTests" name="[71] /home/travis/build/icyphy/ptII/ptolemy/domains/de/test/auto/TransferInputs.xml (RunModel)" time="0.014" />
  <testcase classname="ptolemy.util.test.junit.AutoTests" name="[72] /home/travis/build/icyphy/ptII/ptolemy/domains/de/test/auto/TransferOutputs2.xml (RunModel)" time="0.016" />
  <testcase classname="ptolemy.util.test.junit.AutoTests" name="[73] /home/travis/build/icyphy/ptII/ptolemy/domains/de/test/auto/Trilateration.xml (RunModel)" time="12.606" />
  <testcase classname="ptolemy.util.test.junit.AutoTests" name="[74] /home/travis/build/icyphy/ptII/ptolemy/domains/de/test/auto/TwoSigmaDelta.xml (RunModel)" time="2.173" />
  <testcase classname="ptolemy.util.test.junit.AutoTests" name="[75] /home/travis/build/icyphy/ptII/ptolemy/domains/de/test/auto/VariableDelay.xml (RunModel)" time="0.012" />
  <testcase classname="ptolemy.util.test.junit.AutoTests" name="[76] /home/travis/build/icyphy/ptII/ptolemy/domains/de/test/auto/VariableDelay2.xml (RunModel)" time="0.011" />
  <testcase classname="ptolemy.util.test.junit.AutoTests" name="[77] /home/travis/build/icyphy/ptII/ptolemy/domains/de/test/auto/VariableDelayZeroDelay.xml (RunModel)" time="0.025" />
  <testcase classname="ptolemy.util.test.junit.AutoTests" name="[78] /home/travis/build/icyphy/ptII/ptolemy/domains/de/test/auto/VariableDelayZeroDelay2.xml (RunModel)" time="0.022" />
  <testcase classname="ptolemy.util.test.junit.AutoTests" name="[79] /home/travis/build/icyphy/ptII/ptolemy/domains/de/test/auto/deInCt.xml (RunModel)" time="0.021" />
  <testcase classname="ptolemy.util.test.junit.AutoTests" name="[80] /home/travis/build/icyphy/ptII/ptolemy/domains/de/test/auto/deInCt2.xml (RunModel)" time="0.019" />
  <testcase classname="ptolemy.util.test.junit.AutoTests" name="[81] /home/travis/build/icyphy/ptII/ptolemy/domains/de/test/auto/dynamicCausalityInterface1.xml (RunModel)" time="0.03" />
  <testcase classname="ptolemy.util.test.junit.AutoTests" name="[82] /home/travis/build/icyphy/ptII/ptolemy/domains/de/test/auto/fsm_de_test.xml (RunModel)" time="0.028" />
  <testcase classname="ptolemy.util.test.junit.AutoTests" name="[83] /home/travis/build/icyphy/ptII/ptolemy/domains/de/test/auto/functionDependencyReconstruction.xml (RunModel)" time="0.035" />
  <testcase classname="ptolemy.util.test.junit.AutoTests" name="[84] /home/travis/build/icyphy/ptII/ptolemy/domains/de/test/auto/multirate.xml (RunModel)" time="0.016" />
  <testcase classname="ptolemy.util.test.junit.AutoTests" name="[85] /home/travis/build/icyphy/ptII/ptolemy/domains/de/test/auto/multirate2.xml (RunModel)" time="0.015" />
  <testcase classname="ptolemy.util.test.junit.AutoTests" name="[86] /home/travis/build/icyphy/ptII/ptolemy/domains/de/test/auto/realtime.xml (RunModel)" time="10.011" />
  <testcase classname="ptolemy.util.test.junit.AutoTests" name="[87] /home/travis/build/icyphy/ptII/ptolemy/domains/de/test/auto/relationGroup.xml (RunModel)" time="0.009" />
  <testcase classname="ptolemy.util.test.junit.AutoTests" name="[88] /home/travis/build/icyphy/ptII/ptolemy/domains/de/test/auto/relationGroup2.xml (RunModel)" time="0.007" />
  <testcase classname="ptolemy.util.test.junit.AutoTests" name="[89] /home/travis/build/icyphy/ptII/ptolemy/domains/de/test/auto/sortWithOpaquePorts.xml (RunModel)" time="0.011" />
  <testcase classname="ptolemy.util.test.junit.AutoTests" name="[90] /home/travis/build/icyphy/ptII/ptolemy/domains/de/test/auto/transferInputsandOutputs.xml (RunModel)" time="0.039" />
  <testcase classname="ptolemy.util.test.junit.AutoTests" name="[91] /home/travis/build/icyphy/ptII/ptolemy/domains/de/test/auto/triggerType.xml (RunModel)" time="0.014" />
  <system-out><![CDATA[/home/travis/build/icyphy/ptII/ptolemy/domains/de/test/DependencyLoop.tcl
testDefs.tcl: setting time out to 9000 seconds at Mon Dec 09 18:22:49 UTC 2019
80 ms. Memory: 120832K Free: 72010K (60%)
13 ms. Memory: 120832K Free: 54588K (45%)
/home/travis/build/icyphy/ptII/ptolemy/domains/de/test/RunDETestsAsQSS.tcl
Run the DE tests using ptolemy.domains.qss.test.QSSDirectorTest, which extends QSSDirector and prints a message in the constructors.
------------------ testing $PTII/ptolemy/domains/de/test/auto/knownFailedTests/DirectFeedback.xml (Known Failure) 
31 ms. Memory: 120832K Free: 48972K (41%)


==== $PTIIhome/travis/build/icyphy/ptII/ptolemy/domains/de/test/../../../../: Auto Automatic test in file $PTII/ptolemy/domains/de/test/auto/knownFailedTests/DirectFeedback.xml
==== Contents of test case:

	    # FIXME: we should use $relativeFilename here, but it
	    # might have backslashes under Windows, which causes no end
	    # of trouble.
	    createAndExecute $file
	    list {}
	
.... Test generated KNOWN error:
    while executing
ptolemy.kernel.util.IllegalActionException: Test fails in iteration 1.
Value was: 1.0. Should have been: 2.0
  in .DirectFeedback.Test
	at ptolemy.actor.lib.Test.fire(Test.java:268)
	at ptolemy.domains.de.kernel.DEDirector._fire(DEDirector.java:1949)
	at ptolemy.domains.de.kernel.DEDirector.fire(DEDirector.java:502)
	at ptolemy.actor.CompositeActor.fire(CompositeActor.java:455)
	at ptolemy.actor.Manager.iterate(Manager.java:851)
	at ptolemy.actor.Manager.execute(Manager.java:369)
	at ptolemy.actor.Manager.run(Manager.java:1263)
	at ptolemy.actor.Manager$PtolemyRunThread.run(Manager.java:1933)

    while executing
ptolemy.kernel.util.IllegalActionException: Test fails in iteration 1.
Value was: 1.0. Should have been: 2.0
  in .DirectFeedback.Test
    while executing
"java::new ptolemy.moml.MoMLSimpleApplication $file
"
    (procedure "createAndExecute" line 2)
    invoked from within
"createAndExecute $file"
    ("uplevel" body line 5)
    invoked from within
"uplevel $contents_of_test"
------------------ testing $PTII/ptolemy/domains/de/test/auto/knownFailedTests/dependencyLoop.xml (Known Failure) 
32 ms. Memory: 120832K Free: 45900K (38%)


==== $PTIIhome/travis/build/icyphy/ptII/ptolemy/domains/de/test/../../../../: Auto Automatic test in file $PTII/ptolemy/domains/de/test/auto/knownFailedTests/dependencyLoop.xml
==== Contents of test case:

	    # FIXME: we should use $relativeFilename here, but it
	    # might have backslashes under Windows, which causes no end
	    # of trouble.
	    createAndExecute $file
	    list {}
	
.... Test generated KNOWN error:
    while executing
ptolemy.kernel.util.IllegalActionException: Found a zero delay loop containing .dependencyLoop.original
  in .dependencyLoop and .dependencyLoop.original
	at ptolemy.actor.util.CausalityInterfaceForComposites._computeOutputPortDepth(CausalityInterfaceForComposites.java:759)
	at ptolemy.actor.util.CausalityInterfaceForComposites._computeInputDepth(CausalityInterfaceForComposites.java:696)
	at ptolemy.actor.util.CausalityInterfaceForComposites._computeOutputPortDepth(CausalityInterfaceForComposites.java:765)
	at ptolemy.actor.util.CausalityInterfaceForComposites._computeInputDepth(CausalityInterfaceForComposites.java:696)
	at ptolemy.actor.util.CausalityInterfaceForComposites._computeOutputPortDepth(CausalityInterfaceForComposites.java:765)
	at ptolemy.actor.util.CausalityInterfaceForComposites._computeInputDepth(CausalityInterfaceForComposites.java:696)
	at ptolemy.actor.util.CausalityInterfaceForComposites._computeActorDepth(CausalityInterfaceForComposites.java:532)
	at ptolemy.actor.util.CausalityInterfaceForComposites.checkForCycles(CausalityInterfaceForComposites.java:96)
	at ptolemy.domains.de.kernel.DEDirector.preinitialize(DEDirector.java:1338)
	at ptolemy.actor.CompositeActor.preinitialize(CompositeActor.java:1828)
	at ptolemy.actor.Manager.preinitializeAndResolveTypes(Manager.java:1040)
	at ptolemy.actor.Manager.initialize(Manager.java:710)
	at ptolemy.actor.Manager.execute(Manager.java:356)
	at ptolemy.actor.Manager.run(Manager.java:1263)
	at ptolemy.actor.Manager$PtolemyRunThread.run(Manager.java:1933)

    while executing
ptolemy.kernel.util.IllegalActionException: Found a zero delay loop containing .dependencyLoop.original
  in .dependencyLoop and .dependencyLoop.original
    while executing
"java::new ptolemy.moml.MoMLSimpleApplication $file
"
    (procedure "createAndExecute" line 2)
    invoked from within
"createAndExecute $file"
    ("uplevel" body line 5)
    invoked from within
"uplevel $contents_of_test"
------------------ testing $PTII/ptolemy/domains/de/test/auto/knownFailedTests/FSMSource.xml (Known Failure) 
74 ms. Memory: 120832K Free: 99457K (82%)
!!!! Auto was marked as failing, but now passes
------------------ testing $PTII/ptolemy/domains/de/test/auto/knownFailedTests/HierarchicalModel.xml (Known Failure) 
5 ms. Memory: 120832K Free: 82038K (68%)


==== $PTIIhome/travis/build/icyphy/ptII/ptolemy/domains/de/test/../../../../: Auto Automatic test in file $PTII/ptolemy/domains/de/test/auto/knownFailedTests/HierarchicalModel.xml
==== Contents of test case:

	    # FIXME: we should use $relativeFilename here, but it
	    # might have backslashes under Windows, which causes no end
	    # of trouble.
	    createAndExecute $file
	    list {}
	
.... Test generated KNOWN error:
    while executing
ptolemy.kernel.util.IllegalActionException: Found a zero delay loop containing .HierarchicalModel.A
  in .HierarchicalModel and .HierarchicalModel.A
	at ptolemy.actor.util.CausalityInterfaceForComposites._computeOutputPortDepth(CausalityInterfaceForComposites.java:759)
	at ptolemy.actor.util.CausalityInterfaceForComposites._computeInputDepth(CausalityInterfaceForComposites.java:696)
	at ptolemy.actor.util.CausalityInterfaceForComposites._computeOutputPortDepth(CausalityInterfaceForComposites.java:765)
	at ptolemy.actor.util.CausalityInterfaceForComposites._computeInputDepth(CausalityInterfaceForComposites.java:696)
	at ptolemy.actor.util.CausalityInterfaceForComposites._computeOutputPortDepth(CausalityInterfaceForComposites.java:765)
	at ptolemy.actor.util.CausalityInterfaceForComposites._computeInputDepth(CausalityInterfaceForComposites.java:696)
	at ptolemy.actor.util.CausalityInterfaceForComposites._computeActorDepth(CausalityInterfaceForComposites.java:532)
	at ptolemy.actor.util.CausalityInterfaceForComposites.checkForCycles(CausalityInterfaceForComposites.java:96)
	at ptolemy.domains.de.kernel.DEDirector.preinitialize(DEDirector.java:1338)
	at ptolemy.actor.CompositeActor.preinitialize(CompositeActor.java:1828)
	at ptolemy.actor.Manager.preinitializeAndResolveTypes(Manager.java:1040)
	at ptolemy.actor.Manager.initialize(Manager.java:710)
	at ptolemy.actor.Manager.execute(Manager.java:356)
	at ptolemy.actor.Manager.run(Manager.java:1263)
	at ptolemy.actor.Manager$PtolemyRunThread.run(Manager.java:1933)

    while executing
ptolemy.kernel.util.IllegalActionException: Found a zero delay loop containing .HierarchicalModel.A
  in .HierarchicalModel and .HierarchicalModel.A
    while executing
"java::new ptolemy.moml.MoMLSimpleApplication $file
"
    (procedure "createAndExecute" line 2)
    invoked from within
"createAndExecute $file"
    ("uplevel" body line 5)
    invoked from within
"uplevel $contents_of_test"
------------------ testing $PTII/ptolemy/domains/de/test/auto/knownFailedTests/dependencyLoop2.xml (Known Failure) 
23 ms. Memory: 120832K Free: 106780K (88%)


==== $PTIIhome/travis/build/icyphy/ptII/ptolemy/domains/de/test/../../../../: Auto Automatic test in file $PTII/ptolemy/domains/de/test/auto/knownFailedTests/dependencyLoop2.xml
==== Contents of test case:

	    # FIXME: we should use $relativeFilename here, but it
	    # might have backslashes under Windows, which causes no end
	    # of trouble.
	    createAndExecute $file
	    list {}
	
.... Test generated KNOWN error:
    while executing
ptolemy.kernel.util.IllegalActionException: Found a zero delay loop containing .dependencyLoop2.original
  in .dependencyLoop2 and .dependencyLoop2.original
	at ptolemy.actor.util.CausalityInterfaceForComposites._computeOutputPortDepth(CausalityInterfaceForComposites.java:759)
	at ptolemy.actor.util.CausalityInterfaceForComposites._computeInputDepth(CausalityInterfaceForComposites.java:696)
	at ptolemy.actor.util.CausalityInterfaceForComposites._computeOutputPortDepth(CausalityInterfaceForComposites.java:765)
	at ptolemy.actor.util.CausalityInterfaceForComposites._computeInputDepth(CausalityInterfaceForComposites.java:696)
	at ptolemy.actor.util.CausalityInterfaceForComposites._computeOutputPortDepth(CausalityInterfaceForComposites.java:765)
	at ptolemy.actor.util.CausalityInterfaceForComposites._computeInputDepth(CausalityInterfaceForComposites.java:696)
	at ptolemy.actor.util.CausalityInterfaceForComposites._computeActorDepth(CausalityInterfaceForComposites.java:532)
	at ptolemy.actor.util.CausalityInterfaceForComposites.checkForCycles(CausalityInterfaceForComposites.java:96)
	at ptolemy.domains.de.kernel.DEDirector.preinitialize(DEDirector.java:1338)
	at ptolemy.actor.CompositeActor.preinitialize(CompositeActor.java:1828)
	at ptolemy.actor.Manager.preinitializeAndResolveTypes(Manager.java:1040)
	at ptolemy.actor.Manager.initialize(Manager.java:710)
	at ptolemy.actor.Manager.execute(Manager.java:356)
	at ptolemy.actor.Manager.run(Manager.java:1263)
	at ptolemy.actor.Manager$PtolemyRunThread.run(Manager.java:1933)

    while executing
ptolemy.kernel.util.IllegalActionException: Found a zero delay loop containing .dependencyLoop2.original
  in .dependencyLoop2 and .dependencyLoop2.original
    while executing
"java::new ptolemy.moml.MoMLSimpleApplication $file
"
    (procedure "createAndExecute" line 2)
    invoked from within
"createAndExecute $file"
    ("uplevel" body line 5)
    invoked from within
"uplevel $contents_of_test"
------------------ testing $PTII/ptolemy/domains/de/test/auto/knownFailedTests/DESDFClockTest.xml (Known Failure) 
2056 ms. Memory: 120832K Free: 93252K (77%)


==== $PTIIhome/travis/build/icyphy/ptII/ptolemy/domains/de/test/../../../../: Auto Automatic test in file $PTII/ptolemy/domains/de/test/auto/knownFailedTests/DESDFClockTest.xml
==== Contents of test case:

	    # FIXME: we should use $relativeFilename here, but it
	    # might have backslashes under Windows, which causes no end
	    # of trouble.
	    createAndExecute $file
	    list {}
	
.... Test generated KNOWN error:
    while executing
ptolemy.kernel.util.IllegalActionException: Actor is not ready to fire.  Perhaps UpSample.prefire() returned false? Try debugging the actor by selecting "Listen to Actor".  Also, for SDF check moml for tokenConsumptionRate on input.
  in .DESDFClockTest.Play Bell.Copy1:SDF Director and .DESDFClockTest.Play Bell.UpSample
	at ptolemy.actor.sched.StaticSchedulingDirector.fire(StaticSchedulingDirector.java:227)
	at ptolemy.domains.sdf.kernel.SDFDirector.fire(SDFDirector.java:500)
	at ptolemy.actor.CompositeActor.fire(CompositeActor.java:455)
	at ptolemy.domains.de.kernel.DEDirector._fire(DEDirector.java:1949)
	at ptolemy.domains.de.kernel.DEDirector.fire(DEDirector.java:502)
	at ptolemy.actor.CompositeActor.fire(CompositeActor.java:455)
	at ptolemy.actor.Manager.iterate(Manager.java:851)
	at ptolemy.actor.Manager.execute(Manager.java:369)
	at ptolemy.actor.Manager.run(Manager.java:1263)
	at ptolemy.actor.Manager$PtolemyRunThread.run(Manager.java:1933)

    while executing
ptolemy.kernel.util.IllegalActionException: Actor is not ready to fire.  Perhaps UpSample.prefire() returned false? Try debugging the actor by selecting "Listen to Actor".  Also, for SDF check moml for tokenConsumptionRate on input.
  in .DESDFClockTest.Play Bell.Copy1:SDF Director and .DESDFClockTest.Play Bell.UpSample
    while executing
"java::new ptolemy.moml.MoMLSimpleApplication $file
"
    (procedure "createAndExecute" line 2)
    invoked from within
"createAndExecute $file"
    ("uplevel" body line 5)
    invoked from within
"uplevel $contents_of_test"
------------------ testing $PTII/ptolemy/domains/de/test/auto/ActorDepthCalculation_actorWithoutPorts.xml
auto.tcl: Setting watchdog for 200 seconds at Mon Dec 09 18:22:53 UTC 2019
6 ms. Memory: 120832K Free: 85574K (71%)
ptolemy.util.test.WatchDog.cancel(): canceling Mon Dec 09 18:22:53 UTC 2019
auto.tcl: Setting watchdog for 200 seconds at Mon Dec 09 18:22:53 UTC 2019
5 ms. Memory: 120832K Free: 84036K (70%)
ptolemy.util.test.WatchDog.cancel(): canceling Mon Dec 09 18:22:53 UTC 2019
------------------ testing $PTII/ptolemy/domains/de/test/auto/AssemblyLine.xml
auto.tcl: Setting watchdog for 200 seconds at Mon Dec 09 18:22:53 UTC 2019
14 ms. Memory: 51200K Free: 28538K (56%)
ptolemy.util.test.WatchDog.cancel(): canceling Mon Dec 09 18:22:53 UTC 2019
auto.tcl: Setting watchdog for 200 seconds at Mon Dec 09 18:22:53 UTC 2019
6 ms. Memory: 51200K Free: 28051K (55%)
ptolemy.util.test.WatchDog.cancel(): canceling Mon Dec 09 18:22:53 UTC 2019
------------------ testing $PTII/ptolemy/domains/de/test/auto/CQBug1.xml
auto.tcl: Setting watchdog for 200 seconds at Mon Dec 09 18:22:53 UTC 2019
3 ms. Memory: 48128K Free: 31565K (66%)
ptolemy.util.test.WatchDog.cancel(): canceling Mon Dec 09 18:22:53 UTC 2019
auto.tcl: Setting watchdog for 200 seconds at Mon Dec 09 18:22:53 UTC 2019
2 ms. Memory: 48128K Free: 31130K (65%)
ptolemy.util.test.WatchDog.cancel(): canceling Mon Dec 09 18:22:53 UTC 2019
------------------ testing $PTII/ptolemy/domains/de/test/auto/CancelFireAt.xml
auto.tcl: Setting watchdog for 200 seconds at Mon Dec 09 18:22:53 UTC 2019
6 ms. Memory: 48128K Free: 32570K (68%)
ptolemy.util.test.WatchDog.cancel(): canceling Mon Dec 09 18:22:54 UTC 2019
auto.tcl: Setting watchdog for 200 seconds at Mon Dec 09 18:22:54 UTC 2019
2 ms. Memory: 48128K Free: 32121K (67%)
ptolemy.util.test.WatchDog.cancel(): canceling Mon Dec 09 18:22:54 UTC 2019
------------------ testing $PTII/ptolemy/domains/de/test/auto/CausalityAndComposabilityAnalysis.xml
auto.tcl: Setting watchdog for 200 seconds at Mon Dec 09 18:22:54 UTC 2019
6 ms. Memory: 48128K Free: 30431K (63%)
ptolemy.util.test.WatchDog.cancel(): canceling Mon Dec 09 18:22:54 UTC 2019
auto.tcl: Setting watchdog for 200 seconds at Mon Dec 09 18:22:54 UTC 2019
14 ms. Memory: 48128K Free: 29996K (62%)
ptolemy.util.test.WatchDog.cancel(): canceling Mon Dec 09 18:22:54 UTC 2019
------------------ testing $PTII/ptolemy/domains/de/test/auto/CausalityInterface1.xml
auto.tcl: Setting watchdog for 200 seconds at Mon Dec 09 18:22:54 UTC 2019
16 ms. Memory: 48128K Free: 29444K (61%)
ptolemy.util.test.WatchDog.cancel(): canceling Mon Dec 09 18:22:54 UTC 2019
auto.tcl: Setting watchdog for 200 seconds at Mon Dec 09 18:22:54 UTC 2019
8 ms. Memory: 48128K Free: 28453K (59%)
ptolemy.util.test.WatchDog.cancel(): canceling Mon Dec 09 18:22:54 UTC 2019
------------------ testing $PTII/ptolemy/domains/de/test/auto/CausalityInterface15.xml
auto.tcl: Setting watchdog for 200 seconds at Mon Dec 09 18:22:54 UTC 2019
13 ms. Memory: 48128K Free: 29119K (61%)
ptolemy.util.test.WatchDog.cancel(): canceling Mon Dec 09 18:22:54 UTC 2019
auto.tcl: Setting watchdog for 200 seconds at Mon Dec 09 18:22:54 UTC 2019
4 ms. Memory: 48128K Free: 28409K (59%)
ptolemy.util.test.WatchDog.cancel(): canceling Mon Dec 09 18:22:54 UTC 2019
------------------ testing $PTII/ptolemy/domains/de/test/auto/CausalityInterface2.xml
auto.tcl: Setting watchdog for 200 seconds at Mon Dec 09 18:22:54 UTC 2019
5 ms. Memory: 48128K Free: 30136K (63%)
ptolemy.util.test.WatchDog.cancel(): canceling Mon Dec 09 18:22:54 UTC 2019
auto.tcl: Setting watchdog for 200 seconds at Mon Dec 09 18:22:54 UTC 2019
3 ms. Memory: 48128K Free: 29002K (60%)
ptolemy.util.test.WatchDog.cancel(): canceling Mon Dec 09 18:22:54 UTC 2019
------------------ testing $PTII/ptolemy/domains/de/test/auto/CausalityInterface3.xml
auto.tcl: Setting watchdog for 200 seconds at Mon Dec 09 18:22:54 UTC 2019
6 ms. Memory: 48128K Free: 29614K (62%)
ptolemy.util.test.WatchDog.cancel(): canceling Mon Dec 09 18:22:54 UTC 2019
auto.tcl: Setting watchdog for 200 seconds at Mon Dec 09 18:22:54 UTC 2019
3 ms. Memory: 48128K Free: 28838K (60%)
ptolemy.util.test.WatchDog.cancel(): canceling Mon Dec 09 18:22:54 UTC 2019
------------------ testing $PTII/ptolemy/domains/de/test/auto/ClockDrift.xml
auto.tcl: Setting watchdog for 200 seconds at Mon Dec 09 18:22:54 UTC 2019
86 ms. Memory: 48128K Free: 21696K (45%)
ptolemy.util.test.WatchDog.cancel(): canceling Mon Dec 09 18:22:54 UTC 2019
auto.tcl: Setting watchdog for 200 seconds at Mon Dec 09 18:22:54 UTC 2019
49 ms. Memory: 48128K Free: 18737K (39%)
ptolemy.util.test.WatchDog.cancel(): canceling Mon Dec 09 18:22:54 UTC 2019
------------------ testing $PTII/ptolemy/domains/de/test/auto/ClockDriftAndValueChange.xml
auto.tcl: Setting watchdog for 200 seconds at Mon Dec 09 18:22:54 UTC 2019
28 ms. Memory: 48128K Free: 22600K (47%)
ptolemy.util.test.WatchDog.cancel(): canceling Mon Dec 09 18:22:54 UTC 2019
auto.tcl: Setting watchdog for 200 seconds at Mon Dec 09 18:22:54 UTC 2019
36 ms. Memory: 48128K Free: 19448K (40%)
ptolemy.util.test.WatchDog.cancel(): canceling Mon Dec 09 18:22:54 UTC 2019
------------------ testing $PTII/ptolemy/domains/de/test/auto/ClockDriftChange.xml
auto.tcl: Setting watchdog for 200 seconds at Mon Dec 09 18:22:54 UTC 2019
23 ms. Memory: 48128K Free: 24073K (50%)
ptolemy.util.test.WatchDog.cancel(): canceling Mon Dec 09 18:22:55 UTC 2019
auto.tcl: Setting watchdog for 200 seconds at Mon Dec 09 18:22:55 UTC 2019
29 ms. Memory: 48128K Free: 21702K (45%)
ptolemy.util.test.WatchDog.cancel(): canceling Mon Dec 09 18:22:55 UTC 2019
------------------ testing $PTII/ptolemy/domains/de/test/auto/ComposableCausalityAnalysis.xml
auto.tcl: Setting watchdog for 200 seconds at Mon Dec 09 18:22:55 UTC 2019
2 ms. Memory: 48128K Free: 28960K (60%)
ptolemy.util.test.WatchDog.cancel(): canceling Mon Dec 09 18:22:55 UTC 2019
auto.tcl: Setting watchdog for 200 seconds at Mon Dec 09 18:22:55 UTC 2019
4 ms. Memory: 48128K Free: 27901K (58%)
ptolemy.util.test.WatchDog.cancel(): canceling Mon Dec 09 18:22:55 UTC 2019
------------------ testing $PTII/ptolemy/domains/de/test/auto/DEFixedPointLimitation.xml
auto.tcl: Setting watchdog for 200 seconds at Mon Dec 09 18:22:55 UTC 2019
2 ms. Memory: 48128K Free: 30089K (63%)
ptolemy.util.test.WatchDog.cancel(): canceling Mon Dec 09 18:22:55 UTC 2019
auto.tcl: Setting watchdog for 200 seconds at Mon Dec 09 18:22:55 UTC 2019
1 ms. Memory: 48128K Free: 29388K (61%)
ptolemy.util.test.WatchDog.cancel(): canceling Mon Dec 09 18:22:55 UTC 2019
------------------ testing $PTII/ptolemy/domains/de/test/auto/DEScheduleTest.xml
auto.tcl: Setting watchdog for 200 seconds at Mon Dec 09 18:22:55 UTC 2019
12 ms. Memory: 48128K Free: 30616K (64%)
ptolemy.util.test.WatchDog.cancel(): canceling Mon Dec 09 18:22:55 UTC 2019
auto.tcl: Setting watchdog for 200 seconds at Mon Dec 09 18:22:55 UTC 2019
3 ms. Memory: 48128K Free: 29839K (62%)
ptolemy.util.test.WatchDog.cancel(): canceling Mon Dec 09 18:22:55 UTC 2019
------------------ testing $PTII/ptolemy/domains/de/test/auto/DEinDEwithStartTimes.xml
auto.tcl: Setting watchdog for 200 seconds at Mon Dec 09 18:22:55 UTC 2019
6 ms. Memory: 48128K Free: 28838K (60%)
ptolemy.util.test.WatchDog.cancel(): canceling Mon Dec 09 18:22:55 UTC 2019
auto.tcl: Setting watchdog for 200 seconds at Mon Dec 09 18:22:55 UTC 2019
3 ms. Memory: 48128K Free: 27742K (58%)
ptolemy.util.test.WatchDog.cancel(): canceling Mon Dec 09 18:22:55 UTC 2019
------------------ testing $PTII/ptolemy/domains/de/test/auto/DEinDEwithStartTimes2.xml
auto.tcl: Setting watchdog for 200 seconds at Mon Dec 09 18:22:55 UTC 2019
4 ms. Memory: 48128K Free: 27991K (58%)
ptolemy.util.test.WatchDog.cancel(): canceling Mon Dec 09 18:22:55 UTC 2019
auto.tcl: Setting watchdog for 200 seconds at Mon Dec 09 18:22:55 UTC 2019
4 ms. Memory: 48128K Free: 26698K (55%)
ptolemy.util.test.WatchDog.cancel(): canceling Mon Dec 09 18:22:55 UTC 2019
------------------ testing $PTII/ptolemy/domains/de/test/auto/DateDemo.xml
auto.tcl: Setting watchdog for 200 seconds at Mon Dec 09 18:22:55 UTC 2019
30 ms. Memory: 48128K Free: 22854K (47%)
ptolemy.util.test.WatchDog.cancel(): canceling Mon Dec 09 18:22:55 UTC 2019
auto.tcl: Setting watchdog for 200 seconds at Mon Dec 09 18:22:55 UTC 2019
13 ms. Memory: 48128K Free: 21167K (44%)
ptolemy.util.test.WatchDog.cancel(): canceling Mon Dec 09 18:22:55 UTC 2019
------------------ testing $PTII/ptolemy/domains/de/test/auto/DateToEvent.xml
auto.tcl: Setting watchdog for 200 seconds at Mon Dec 09 18:22:55 UTC 2019
2014 ms. Memory: 48128K Free: 17788K (37%)
ptolemy.util.test.WatchDog.cancel(): canceling Mon Dec 09 18:22:57 UTC 2019
auto.tcl: Setting watchdog for 200 seconds at Mon Dec 09 18:22:57 UTC 2019
2005 ms. Memory: 48128K Free: 17395K (36%)
ptolemy.util.test.WatchDog.cancel(): canceling Mon Dec 09 18:22:59 UTC 2019
------------------ testing $PTII/ptolemy/domains/de/test/auto/DepthTest1.xml
auto.tcl: Setting watchdog for 200 seconds at Mon Dec 09 18:22:59 UTC 2019
3 ms. Memory: 48128K Free: 31406K (65%)
ptolemy.util.test.WatchDog.cancel(): canceling Mon Dec 09 18:22:59 UTC 2019
auto.tcl: Setting watchdog for 200 seconds at Mon Dec 09 18:22:59 UTC 2019
2 ms. Memory: 48128K Free: 30993K (64%)
ptolemy.util.test.WatchDog.cancel(): canceling Mon Dec 09 18:22:59 UTC 2019
------------------ testing $PTII/ptolemy/domains/de/test/auto/DepthTest2.xml
auto.tcl: Setting watchdog for 200 seconds at Mon Dec 09 18:22:59 UTC 2019
4 ms. Memory: 48128K Free: 28274K (59%)
ptolemy.util.test.WatchDog.cancel(): canceling Mon Dec 09 18:22:59 UTC 2019
auto.tcl: Setting watchdog for 200 seconds at Mon Dec 09 18:22:59 UTC 2019
2 ms. Memory: 48128K Free: 27853K (58%)
ptolemy.util.test.WatchDog.cancel(): canceling Mon Dec 09 18:22:59 UTC 2019
------------------ testing $PTII/ptolemy/domains/de/test/auto/DepthTest3.xml
auto.tcl: Setting watchdog for 200 seconds at Mon Dec 09 18:22:59 UTC 2019
5 ms. Memory: 48128K Free: 31814K (66%)
ptolemy.util.test.WatchDog.cancel(): canceling Mon Dec 09 18:22:59 UTC 2019
auto.tcl: Setting watchdog for 200 seconds at Mon Dec 09 18:22:59 UTC 2019
1 ms. Memory: 48128K Free: 31300K (65%)
ptolemy.util.test.WatchDog.cancel(): canceling Mon Dec 09 18:22:59 UTC 2019
------------------ testing $PTII/ptolemy/domains/de/test/auto/DepthTest4.xml
auto.tcl: Setting watchdog for 200 seconds at Mon Dec 09 18:23:00 UTC 2019
6 ms. Memory: 48128K Free: 30011K (62%)
ptolemy.util.test.WatchDog.cancel(): canceling Mon Dec 09 18:23:00 UTC 2019
auto.tcl: Setting watchdog for 200 seconds at Mon Dec 09 18:23:00 UTC 2019
3 ms. Memory: 48128K Free: 29344K (61%)
ptolemy.util.test.WatchDog.cancel(): canceling Mon Dec 09 18:23:00 UTC 2019
------------------ testing $PTII/ptolemy/domains/de/test/auto/DepthTest5.xml
auto.tcl: Setting watchdog for 200 seconds at Mon Dec 09 18:23:00 UTC 2019
4 ms. Memory: 48128K Free: 29445K (61%)
ptolemy.util.test.WatchDog.cancel(): canceling Mon Dec 09 18:23:00 UTC 2019
auto.tcl: Setting watchdog for 200 seconds at Mon Dec 09 18:23:00 UTC 2019
3 ms. Memory: 48128K Free: 28699K (60%)
ptolemy.util.test.WatchDog.cancel(): canceling Mon Dec 09 18:23:00 UTC 2019
------------------ testing $PTII/ptolemy/domains/de/test/auto/DepthTest6.xml
auto.tcl: Setting watchdog for 200 seconds at Mon Dec 09 18:23:00 UTC 2019
4 ms. Memory: 48128K Free: 29213K (61%)
ptolemy.util.test.WatchDog.cancel(): canceling Mon Dec 09 18:23:00 UTC 2019
auto.tcl: Setting watchdog for 200 seconds at Mon Dec 09 18:23:00 UTC 2019
2 ms. Memory: 48128K Free: 28800K (60%)
ptolemy.util.test.WatchDog.cancel(): canceling Mon Dec 09 18:23:00 UTC 2019
------------------ testing $PTII/ptolemy/domains/de/test/auto/DepthTest7.xml
auto.tcl: Setting watchdog for 200 seconds at Mon Dec 09 18:23:00 UTC 2019
2 ms. Memory: 48128K Free: 29697K (62%)
ptolemy.util.test.WatchDog.cancel(): canceling Mon Dec 09 18:23:00 UTC 2019
auto.tcl: Setting watchdog for 200 seconds at Mon Dec 09 18:23:00 UTC 2019
2 ms. Memory: 48128K Free: 29260K (61%)
ptolemy.util.test.WatchDog.cancel(): canceling Mon Dec 09 18:23:00 UTC 2019
------------------ testing $PTII/ptolemy/domains/de/test/auto/EventToDate.xml
auto.tcl: Setting watchdog for 200 seconds at Mon Dec 09 18:23:00 UTC 2019
3010 ms. Memory: 48128K Free: 20551K (43%)
ptolemy.util.test.WatchDog.cancel(): canceling Mon Dec 09 18:23:03 UTC 2019
auto.tcl: Setting watchdog for 200 seconds at Mon Dec 09 18:23:03 UTC 2019
3005 ms. Memory: 48128K Free: 19673K (41%)
ptolemy.util.test.WatchDog.cancel(): canceling Mon Dec 09 18:23:06 UTC 2019
------------------ testing $PTII/ptolemy/domains/de/test/auto/FSM1.xml
auto.tcl: Setting watchdog for 200 seconds at Mon Dec 09 18:23:06 UTC 2019
42 ms. Memory: 48128K Free: 21218K (44%)
ptolemy.util.test.WatchDog.cancel(): canceling Mon Dec 09 18:23:06 UTC 2019
auto.tcl: Setting watchdog for 200 seconds at Mon Dec 09 18:23:06 UTC 2019
20 ms. Memory: 48128K Free: 18311K (38%)
ptolemy.util.test.WatchDog.cancel(): canceling Mon Dec 09 18:23:06 UTC 2019
------------------ testing $PTII/ptolemy/domains/de/test/auto/FSM7.xml
auto.tcl: Setting watchdog for 200 seconds at Mon Dec 09 18:23:06 UTC 2019
21 ms. Memory: 48128K Free: 21673K (45%)
ptolemy.util.test.WatchDog.cancel(): canceling Mon Dec 09 18:23:06 UTC 2019
auto.tcl: Setting watchdog for 200 seconds at Mon Dec 09 18:23:06 UTC 2019
22 ms. Memory: 48128K Free: 18522K (38%)
ptolemy.util.test.WatchDog.cancel(): canceling Mon Dec 09 18:23:06 UTC 2019
------------------ testing $PTII/ptolemy/domains/de/test/auto/Inspection.xml
auto.tcl: Setting watchdog for 200 seconds at Mon Dec 09 18:23:06 UTC 2019
26 ms. Memory: 48128K Free: 21484K (45%)
ptolemy.util.test.WatchDog.cancel(): canceling Mon Dec 09 18:23:06 UTC 2019
auto.tcl: Setting watchdog for 200 seconds at Mon Dec 09 18:23:06 UTC 2019
18 ms. Memory: 48128K Free: 19620K (41%)
ptolemy.util.test.WatchDog.cancel(): canceling Mon Dec 09 18:23:06 UTC 2019
------------------ testing $PTII/ptolemy/domains/de/test/auto/Iteration.xml
auto.tcl: Setting watchdog for 200 seconds at Mon Dec 09 18:23:06 UTC 2019
15 ms. Memory: 48128K Free: 27473K (57%)
ptolemy.util.test.WatchDog.cancel(): canceling Mon Dec 09 18:23:06 UTC 2019
auto.tcl: Setting watchdog for 200 seconds at Mon Dec 09 18:23:06 UTC 2019
7 ms. Memory: 48128K Free: 26439K (55%)
ptolemy.util.test.WatchDog.cancel(): canceling Mon Dec 09 18:23:06 UTC 2019
------------------ testing $PTII/ptolemy/domains/de/test/auto/LineFault.xml
auto.tcl: Setting watchdog for 200 seconds at Mon Dec 09 18:23:06 UTC 2019
656 ms. Memory: 58368K Free: 27025K (46%)
ptolemy.util.test.WatchDog.cancel(): canceling Mon Dec 09 18:23:07 UTC 2019
auto.tcl: Setting watchdog for 200 seconds at Mon Dec 09 18:23:07 UTC 2019
562 ms. Memory: 58368K Free: 27279K (47%)
ptolemy.util.test.WatchDog.cancel(): canceling Mon Dec 09 18:23:08 UTC 2019
------------------ testing $PTII/ptolemy/domains/de/test/auto/MergeModel1Add.xml
auto.tcl: Setting watchdog for 200 seconds at Mon Dec 09 18:23:08 UTC 2019
18 ms. Memory: 55296K Free: 20006K (36%)
ptolemy.util.test.WatchDog.cancel(): canceling Mon Dec 09 18:23:08 UTC 2019
auto.tcl: Setting watchdog for 200 seconds at Mon Dec 09 18:23:08 UTC 2019
18 ms. Memory: 55296K Free: 18347K (33%)
ptolemy.util.test.WatchDog.cancel(): canceling Mon Dec 09 18:23:08 UTC 2019
------------------ testing $PTII/ptolemy/domains/de/test/auto/MergeModel2Add.xml
auto.tcl: Setting watchdog for 200 seconds at Mon Dec 09 18:23:08 UTC 2019
8 ms. Memory: 48128K Free: 15758K (33%)
ptolemy.util.test.WatchDog.cancel(): canceling Mon Dec 09 18:23:08 UTC 2019
auto.tcl: Setting watchdog for 200 seconds at Mon Dec 09 18:23:08 UTC 2019
9 ms. Memory: 48128K Free: 14084K (29%)
ptolemy.util.test.WatchDog.cancel(): canceling Mon Dec 09 18:23:08 UTC 2019
------------------ testing $PTII/ptolemy/domains/de/test/auto/MergeModel3Add.xml
auto.tcl: Setting watchdog for 200 seconds at Mon Dec 09 18:23:08 UTC 2019
8 ms. Memory: 48128K Free: 15430K (32%)
ptolemy.util.test.WatchDog.cancel(): canceling Mon Dec 09 18:23:08 UTC 2019
auto.tcl: Setting watchdog for 200 seconds at Mon Dec 09 18:23:08 UTC 2019
7 ms. Memory: 48128K Free: 14088K (29%)
ptolemy.util.test.WatchDog.cancel(): canceling Mon Dec 09 18:23:08 UTC 2019
------------------ testing $PTII/ptolemy/domains/de/test/auto/MergeWithoutDiscard.xml
auto.tcl: Setting watchdog for 200 seconds at Mon Dec 09 18:23:08 UTC 2019
1 ms. Memory: 48128K Free: 30369K (63%)
ptolemy.util.test.WatchDog.cancel(): canceling Mon Dec 09 18:23:08 UTC 2019
auto.tcl: Setting watchdog for 200 seconds at Mon Dec 09 18:23:08 UTC 2019
1 ms. Memory: 48128K Free: 29903K (62%)
ptolemy.util.test.WatchDog.cancel(): canceling Mon Dec 09 18:23:08 UTC 2019
------------------ testing $PTII/ptolemy/domains/de/test/auto/Modal1.xml
auto.tcl: Setting watchdog for 200 seconds at Mon Dec 09 18:23:08 UTC 2019
12 ms. Memory: 48128K Free: 21973K (46%)
ptolemy.util.test.WatchDog.cancel(): canceling Mon Dec 09 18:23:08 UTC 2019
auto.tcl: Setting watchdog for 200 seconds at Mon Dec 09 18:23:08 UTC 2019
18 ms. Memory: 48128K Free: 18482K (38%)
ptolemy.util.test.WatchDog.cancel(): canceling Mon Dec 09 18:23:09 UTC 2019
------------------ testing $PTII/ptolemy/domains/de/test/auto/Modal2.xml
auto.tcl: Setting watchdog for 200 seconds at Mon Dec 09 18:23:09 UTC 2019
14 ms. Memory: 48128K Free: 21842K (45%)
ptolemy.util.test.WatchDog.cancel(): canceling Mon Dec 09 18:23:09 UTC 2019
auto.tcl: Setting watchdog for 200 seconds at Mon Dec 09 18:23:09 UTC 2019
24 ms. Memory: 48128K Free: 18836K (39%)
ptolemy.util.test.WatchDog.cancel(): canceling Mon Dec 09 18:23:09 UTC 2019
------------------ testing $PTII/ptolemy/domains/de/test/auto/Modal3.xml
auto.tcl: Setting watchdog for 200 seconds at Mon Dec 09 18:23:09 UTC 2019
16 ms. Memory: 48128K Free: 21779K (45%)
ptolemy.util.test.WatchDog.cancel(): canceling Mon Dec 09 18:23:09 UTC 2019
auto.tcl: Setting watchdog for 200 seconds at Mon Dec 09 18:23:09 UTC 2019
17 ms. Memory: 48128K Free: 18847K (39%)
ptolemy.util.test.WatchDog.cancel(): canceling Mon Dec 09 18:23:09 UTC 2019
------------------ testing $PTII/ptolemy/domains/de/test/auto/Modal4.xml
auto.tcl: Setting watchdog for 200 seconds at Mon Dec 09 18:23:09 UTC 2019
29 ms. Memory: 48128K Free: 20769K (43%)
ptolemy.util.test.WatchDog.cancel(): canceling Mon Dec 09 18:23:09 UTC 2019
auto.tcl: Setting watchdog for 200 seconds at Mon Dec 09 18:23:09 UTC 2019
23 ms. Memory: 48128K Free: 17240K (36%)
ptolemy.util.test.WatchDog.cancel(): canceling Mon Dec 09 18:23:09 UTC 2019
------------------ testing $PTII/ptolemy/domains/de/test/auto/Modal5.xml
auto.tcl: Setting watchdog for 200 seconds at Mon Dec 09 18:23:09 UTC 2019
31 ms. Memory: 48128K Free: 21050K (44%)
ptolemy.util.test.WatchDog.cancel(): canceling Mon Dec 09 18:23:09 UTC 2019
auto.tcl: Setting watchdog for 200 seconds at Mon Dec 09 18:23:09 UTC 2019
15 ms. Memory: 48128K Free: 17226K (36%)
ptolemy.util.test.WatchDog.cancel(): canceling Mon Dec 09 18:23:09 UTC 2019
------------------ testing $PTII/ptolemy/domains/de/test/auto/Modal6.xml
auto.tcl: Setting watchdog for 200 seconds at Mon Dec 09 18:23:09 UTC 2019
18 ms. Memory: 48128K Free: 21763K (45%)
ptolemy.util.test.WatchDog.cancel(): canceling Mon Dec 09 18:23:09 UTC 2019
auto.tcl: Setting watchdog for 200 seconds at Mon Dec 09 18:23:09 UTC 2019
20 ms. Memory: 48128K Free: 17827K (37%)
ptolemy.util.test.WatchDog.cancel(): canceling Mon Dec 09 18:23:09 UTC 2019
------------------ testing $PTII/ptolemy/domains/de/test/auto/Modal7.xml
auto.tcl: Setting watchdog for 200 seconds at Mon Dec 09 18:23:09 UTC 2019
9 ms. Memory: 48128K Free: 21031K (44%)
ptolemy.util.test.WatchDog.cancel(): canceling Mon Dec 09 18:23:09 UTC 2019
auto.tcl: Setting watchdog for 200 seconds at Mon Dec 09 18:23:09 UTC 2019
10 ms. Memory: 48128K Free: 17411K (36%)
ptolemy.util.test.WatchDog.cancel(): canceling Mon Dec 09 18:23:09 UTC 2019
------------------ testing $PTII/ptolemy/domains/de/test/auto/ModalModel.xml
auto.tcl: Setting watchdog for 200 seconds at Mon Dec 09 18:23:09 UTC 2019
286 ms. Memory: 48128K Free: 13726K (29%)
ptolemy.util.test.WatchDog.cancel(): canceling Mon Dec 09 18:23:10 UTC 2019
auto.tcl: Setting watchdog for 200 seconds at Mon Dec 09 18:23:10 UTC 2019
214 ms. Memory: 58368K Free: 17510K (30%)
ptolemy.util.test.WatchDog.cancel(): canceling Mon Dec 09 18:23:10 UTC 2019
------------------ testing $PTII/ptolemy/domains/de/test/auto/ModalSource.xml
auto.tcl: Setting watchdog for 200 seconds at Mon Dec 09 18:23:10 UTC 2019
6 ms. Memory: 51200K Free: 28970K (57%)
ptolemy.util.test.WatchDog.cancel(): canceling Mon Dec 09 18:23:10 UTC 2019
auto.tcl: Setting watchdog for 200 seconds at Mon Dec 09 18:23:10 UTC 2019
6 ms. Memory: 51200K Free: 26922K (53%)
ptolemy.util.test.WatchDog.cancel(): canceling Mon Dec 09 18:23:10 UTC 2019
------------------ testing $PTII/ptolemy/domains/de/test/auto/NonInterruptibleTimerZeroDelay.xml
auto.tcl: Setting watchdog for 200 seconds at Mon Dec 09 18:23:10 UTC 2019
4 ms. Memory: 51200K Free: 33860K (66%)
ptolemy.util.test.WatchDog.cancel(): canceling Mon Dec 09 18:23:10 UTC 2019
auto.tcl: Setting watchdog for 200 seconds at Mon Dec 09 18:23:10 UTC 2019
2 ms. Memory: 51200K Free: 33237K (65%)
ptolemy.util.test.WatchDog.cancel(): canceling Mon Dec 09 18:23:10 UTC 2019
------------------ testing $PTII/ptolemy/domains/de/test/auto/OpenQueueingNetwork.xml
auto.tcl: Setting watchdog for 200 seconds at Mon Dec 09 18:23:10 UTC 2019
3194 ms. Memory: 100352K Free: 57152K (57%)
ptolemy.util.test.WatchDog.cancel(): canceling Mon Dec 09 18:23:13 UTC 2019
auto.tcl: Setting watchdog for 200 seconds at Mon Dec 09 18:23:13 UTC 2019
2177 ms. Memory: 120832K Free: 88334K (73%)
ptolemy.util.test.WatchDog.cancel(): canceling Mon Dec 09 18:23:16 UTC 2019
------------------ testing $PTII/ptolemy/domains/de/test/auto/OpenQueuingNetwork.xml
auto.tcl: Setting watchdog for 200 seconds at Mon Dec 09 18:23:16 UTC 2019
247 ms. Memory: 55296K Free: 26579K (48%)
ptolemy.util.test.WatchDog.cancel(): canceling Mon Dec 09 18:23:16 UTC 2019
auto.tcl: Setting watchdog for 200 seconds at Mon Dec 09 18:23:16 UTC 2019
241 ms. Memory: 55296K Free: 37616K (68%)
ptolemy.util.test.WatchDog.cancel(): canceling Mon Dec 09 18:23:16 UTC 2019
------------------ testing $PTII/ptolemy/domains/de/test/auto/PeriodicSampler.xml
auto.tcl: Setting watchdog for 200 seconds at Mon Dec 09 18:23:16 UTC 2019
2 ms. Memory: 51200K Free: 33101K (65%)
ptolemy.util.test.WatchDog.cancel(): canceling Mon Dec 09 18:23:16 UTC 2019
auto.tcl: Setting watchdog for 200 seconds at Mon Dec 09 18:23:16 UTC 2019
2 ms. Memory: 51200K Free: 32581K (64%)
ptolemy.util.test.WatchDog.cancel(): canceling Mon Dec 09 18:23:16 UTC 2019
------------------ testing $PTII/ptolemy/domains/de/test/auto/PersistentIO.xml
auto.tcl: Setting watchdog for 200 seconds at Mon Dec 09 18:23:16 UTC 2019
5 ms. Memory: 51200K Free: 28026K (55%)
ptolemy.util.test.WatchDog.cancel(): canceling Mon Dec 09 18:23:16 UTC 2019
auto.tcl: Setting watchdog for 200 seconds at Mon Dec 09 18:23:16 UTC 2019
5 ms. Memory: 51200K Free: 26506K (52%)
ptolemy.util.test.WatchDog.cancel(): canceling Mon Dec 09 18:23:16 UTC 2019
------------------ testing $PTII/ptolemy/domains/de/test/auto/PortParameterResetOnInitialize.xml
auto.tcl: Setting watchdog for 200 seconds at Mon Dec 09 18:23:16 UTC 2019
8 ms. Memory: 51200K Free: 32992K (64%)
ptolemy.util.test.WatchDog.cancel(): canceling Mon Dec 09 18:23:16 UTC 2019
auto.tcl: Setting watchdog for 200 seconds at Mon Dec 09 18:23:16 UTC 2019
2 ms. Memory: 51200K Free: 32514K (64%)
ptolemy.util.test.WatchDog.cancel(): canceling Mon Dec 09 18:23:16 UTC 2019
------------------ testing $PTII/ptolemy/domains/de/test/auto/PortParameterUpdates.xml
auto.tcl: Setting watchdog for 200 seconds at Mon Dec 09 18:23:16 UTC 2019
7 ms. Memory: 48128K Free: 28249K (59%)
ptolemy.util.test.WatchDog.cancel(): canceling Mon Dec 09 18:23:16 UTC 2019
auto.tcl: Setting watchdog for 200 seconds at Mon Dec 09 18:23:16 UTC 2019
5 ms. Memory: 48128K Free: 27013K (56%)
ptolemy.util.test.WatchDog.cancel(): canceling Mon Dec 09 18:23:16 UTC 2019
------------------ testing $PTII/ptolemy/domains/de/test/auto/QueueAndServer.xml
auto.tcl: Setting watchdog for 200 seconds at Mon Dec 09 18:23:17 UTC 2019
19 ms. Memory: 48128K Free: 26977K (56%)
ptolemy.util.test.WatchDog.cancel(): canceling Mon Dec 09 18:23:17 UTC 2019
auto.tcl: Setting watchdog for 200 seconds at Mon Dec 09 18:23:17 UTC 2019
7 ms. Memory: 48128K Free: 25504K (53%)
ptolemy.util.test.WatchDog.cancel(): canceling Mon Dec 09 18:23:17 UTC 2019
------------------ testing $PTII/ptolemy/domains/de/test/auto/Records.xml
auto.tcl: Setting watchdog for 200 seconds at Mon Dec 09 18:23:17 UTC 2019
4 ms. Memory: 48128K Free: 29204K (61%)
ptolemy.util.test.WatchDog.cancel(): canceling Mon Dec 09 18:23:17 UTC 2019
auto.tcl: Setting watchdog for 200 seconds at Mon Dec 09 18:23:17 UTC 2019
2 ms. Memory: 48128K Free: 28705K (60%)
ptolemy.util.test.WatchDog.cancel(): canceling Mon Dec 09 18:23:17 UTC 2019
------------------ testing $PTII/ptolemy/domains/de/test/auto/ResetTransitionWithStartTime1.xml
auto.tcl: Setting watchdog for 200 seconds at Mon Dec 09 18:23:17 UTC 2019
13 ms. Memory: 48128K Free: 26439K (55%)
ptolemy.util.test.WatchDog.cancel(): canceling Mon Dec 09 18:23:17 UTC 2019
auto.tcl: Setting watchdog for 200 seconds at Mon Dec 09 18:23:17 UTC 2019
7 ms. Memory: 48128K Free: 23888K (50%)
ptolemy.util.test.WatchDog.cancel(): canceling Mon Dec 09 18:23:17 UTC 2019
------------------ testing $PTII/ptolemy/domains/de/test/auto/ResetTransitionWithStartTime2.xml
auto.tcl: Setting watchdog for 200 seconds at Mon Dec 09 18:23:17 UTC 2019
5 ms. Memory: 48128K Free: 26394K (55%)
ptolemy.util.test.WatchDog.cancel(): canceling Mon Dec 09 18:23:17 UTC 2019
auto.tcl: Setting watchdog for 200 seconds at Mon Dec 09 18:23:17 UTC 2019
6 ms. Memory: 48128K Free: 23859K (50%)
ptolemy.util.test.WatchDog.cancel(): canceling Mon Dec 09 18:23:17 UTC 2019
------------------ testing $PTII/ptolemy/domains/de/test/auto/ResetTransitionWithStartTime3.xml
auto.tcl: Setting watchdog for 200 seconds at Mon Dec 09 18:23:17 UTC 2019
11 ms. Memory: 48128K Free: 26393K (55%)
ptolemy.util.test.WatchDog.cancel(): canceling Mon Dec 09 18:23:17 UTC 2019
auto.tcl: Setting watchdog for 200 seconds at Mon Dec 09 18:23:17 UTC 2019
6 ms. Memory: 48128K Free: 23858K (50%)
ptolemy.util.test.WatchDog.cancel(): canceling Mon Dec 09 18:23:17 UTC 2019
------------------ testing $PTII/ptolemy/domains/de/test/auto/ResetTransitionWithStartTime4.xml
auto.tcl: Setting watchdog for 200 seconds at Mon Dec 09 18:23:17 UTC 2019
12 ms. Memory: 48128K Free: 26879K (56%)
ptolemy.util.test.WatchDog.cancel(): canceling Mon Dec 09 18:23:17 UTC 2019
auto.tcl: Setting watchdog for 200 seconds at Mon Dec 09 18:23:17 UTC 2019
3 ms. Memory: 48128K Free: 25442K (53%)
ptolemy.util.test.WatchDog.cancel(): canceling Mon Dec 09 18:23:17 UTC 2019
------------------ testing $PTII/ptolemy/domains/de/test/auto/ResettableTimer1.xml
auto.tcl: Setting watchdog for 200 seconds at Mon Dec 09 18:23:17 UTC 2019
3 ms. Memory: 48128K Free: 30601K (64%)
ptolemy.util.test.WatchDog.cancel(): canceling Mon Dec 09 18:23:17 UTC 2019
auto.tcl: Setting watchdog for 200 seconds at Mon Dec 09 18:23:17 UTC 2019
2 ms. Memory: 48128K Free: 29950K (62%)
ptolemy.util.test.WatchDog.cancel(): canceling Mon Dec 09 18:23:17 UTC 2019
------------------ testing $PTII/ptolemy/domains/de/test/auto/ResettableTimer2.xml
auto.tcl: Setting watchdog for 200 seconds at Mon Dec 09 18:23:17 UTC 2019
2 ms. Memory: 48128K Free: 30625K (64%)
ptolemy.util.test.WatchDog.cancel(): canceling Mon Dec 09 18:23:17 UTC 2019
auto.tcl: Setting watchdog for 200 seconds at Mon Dec 09 18:23:17 UTC 2019
2 ms. Memory: 48128K Free: 29563K (61%)
ptolemy.util.test.WatchDog.cancel(): canceling Mon Dec 09 18:23:17 UTC 2019
------------------ testing $PTII/ptolemy/domains/de/test/auto/ResettableTimer3.xml
auto.tcl: Setting watchdog for 200 seconds at Mon Dec 09 18:23:17 UTC 2019
2 ms. Memory: 48128K Free: 31036K (64%)
ptolemy.util.test.WatchDog.cancel(): canceling Mon Dec 09 18:23:17 UTC 2019
auto.tcl: Setting watchdog for 200 seconds at Mon Dec 09 18:23:17 UTC 2019
1 ms. Memory: 48128K Free: 30555K (63%)
ptolemy.util.test.WatchDog.cancel(): canceling Mon Dec 09 18:23:17 UTC 2019
------------------ testing $PTII/ptolemy/domains/de/test/auto/ResettableTimer4.xml
auto.tcl: Setting watchdog for 200 seconds at Mon Dec 09 18:23:17 UTC 2019
2 ms. Memory: 48128K Free: 30573K (64%)
ptolemy.util.test.WatchDog.cancel(): canceling Mon Dec 09 18:23:17 UTC 2019
auto.tcl: Setting watchdog for 200 seconds at Mon Dec 09 18:23:17 UTC 2019
1 ms. Memory: 48128K Free: 30539K (63%)
ptolemy.util.test.WatchDog.cancel(): canceling Mon Dec 09 18:23:17 UTC 2019
------------------ testing $PTII/ptolemy/domains/de/test/auto/ResettableTimer5.xml
auto.tcl: Setting watchdog for 200 seconds at Mon Dec 09 18:23:17 UTC 2019
2 ms. Memory: 48128K Free: 30010K (62%)
ptolemy.util.test.WatchDog.cancel(): canceling Mon Dec 09 18:23:17 UTC 2019
auto.tcl: Setting watchdog for 200 seconds at Mon Dec 09 18:23:17 UTC 2019
2 ms. Memory: 48128K Free: 29547K (61%)
ptolemy.util.test.WatchDog.cancel(): canceling Mon Dec 09 18:23:17 UTC 2019
------------------ testing $PTII/ptolemy/domains/de/test/auto/ResettableTimer6.xml
auto.tcl: Setting watchdog for 200 seconds at Mon Dec 09 18:23:17 UTC 2019
1 ms. Memory: 48128K Free: 30000K (62%)
ptolemy.util.test.WatchDog.cancel(): canceling Mon Dec 09 18:23:17 UTC 2019
auto.tcl: Setting watchdog for 200 seconds at Mon Dec 09 18:23:17 UTC 2019
2 ms. Memory: 48128K Free: 29504K (61%)
ptolemy.util.test.WatchDog.cancel(): canceling Mon Dec 09 18:23:17 UTC 2019
------------------ testing $PTII/ptolemy/domains/de/test/auto/ServerZeroDelay.xml
auto.tcl: Setting watchdog for 200 seconds at Mon Dec 09 18:23:17 UTC 2019
3 ms. Memory: 48128K Free: 30520K (63%)
ptolemy.util.test.WatchDog.cancel(): canceling Mon Dec 09 18:23:17 UTC 2019
auto.tcl: Setting watchdog for 200 seconds at Mon Dec 09 18:23:17 UTC 2019
2 ms. Memory: 48128K Free: 29578K (61%)
ptolemy.util.test.WatchDog.cancel(): canceling Mon Dec 09 18:23:17 UTC 2019
------------------ testing $PTII/ptolemy/domains/de/test/auto/SmartSender.xml
auto.tcl: Setting watchdog for 200 seconds at Mon Dec 09 18:23:17 UTC 2019
3001 ms. Memory: 48128K Free: 30521K (63%)
ptolemy.util.test.WatchDog.cancel(): canceling Mon Dec 09 18:23:20 UTC 2019
auto.tcl: Setting watchdog for 200 seconds at Mon Dec 09 18:23:20 UTC 2019
3001 ms. Memory: 48128K Free: 30001K (62%)
ptolemy.util.test.WatchDog.cancel(): canceling Mon Dec 09 18:23:23 UTC 2019
------------------ testing $PTII/ptolemy/domains/de/test/auto/ThreadedComposite.xml
auto.tcl: Setting watchdog for 200 seconds at Mon Dec 09 18:23:24 UTC 2019
214 ms. Memory: 48128K Free: 11071K (23%)
ptolemy.util.test.WatchDog.cancel(): canceling Mon Dec 09 18:23:24 UTC 2019
auto.tcl: Setting watchdog for 200 seconds at Mon Dec 09 18:23:24 UTC 2019
133 ms. Memory: 48128K Free: 25512K (53%)
ptolemy.util.test.WatchDog.cancel(): canceling Mon Dec 09 18:23:24 UTC 2019
------------------ testing $PTII/ptolemy/domains/de/test/auto/Time.xml
auto.tcl: Setting watchdog for 200 seconds at Mon Dec 09 18:23:24 UTC 2019
495 ms. Memory: 70656K Free: 54678K (77%)
ptolemy.util.test.WatchDog.cancel(): canceling Mon Dec 09 18:23:24 UTC 2019
auto.tcl: Setting watchdog for 200 seconds at Mon Dec 09 18:23:24 UTC 2019
457 ms. Memory: 70656K Free: 43911K (62%)
ptolemy.util.test.WatchDog.cancel(): canceling Mon Dec 09 18:23:25 UTC 2019
------------------ testing $PTII/ptolemy/domains/de/test/auto/TimeDelayZeroDelay.xml
auto.tcl: Setting watchdog for 200 seconds at Mon Dec 09 18:23:25 UTC 2019
3 ms. Memory: 48128K Free: 30947K (64%)
ptolemy.util.test.WatchDog.cancel(): canceling Mon Dec 09 18:23:25 UTC 2019
auto.tcl: Setting watchdog for 200 seconds at Mon Dec 09 18:23:25 UTC 2019
2 ms. Memory: 48128K Free: 30053K (62%)
ptolemy.util.test.WatchDog.cancel(): canceling Mon Dec 09 18:23:25 UTC 2019
------------------ testing $PTII/ptolemy/domains/de/test/auto/TimerZeroDelay.xml
auto.tcl: Setting watchdog for 200 seconds at Mon Dec 09 18:23:25 UTC 2019
2 ms. Memory: 48128K Free: 30909K (64%)
ptolemy.util.test.WatchDog.cancel(): canceling Mon Dec 09 18:23:25 UTC 2019
auto.tcl: Setting watchdog for 200 seconds at Mon Dec 09 18:23:25 UTC 2019
1 ms. Memory: 48128K Free: 30080K (63%)
ptolemy.util.test.WatchDog.cancel(): canceling Mon Dec 09 18:23:25 UTC 2019
------------------ testing $PTII/ptolemy/domains/de/test/auto/TimingParadox.xml
auto.tcl: Setting watchdog for 200 seconds at Mon Dec 09 18:23:25 UTC 2019
323 ms. Memory: 48128K Free: 13585K (28%)
ptolemy.util.test.WatchDog.cancel(): canceling Mon Dec 09 18:23:26 UTC 2019
auto.tcl: Setting watchdog for 200 seconds at Mon Dec 09 18:23:26 UTC 2019
310 ms. Memory: 48128K Free: 26367K (55%)
ptolemy.util.test.WatchDog.cancel(): canceling Mon Dec 09 18:23:26 UTC 2019
------------------ testing $PTII/ptolemy/domains/de/test/auto/TransferInputs.xml
auto.tcl: Setting watchdog for 200 seconds at Mon Dec 09 18:23:26 UTC 2019
2 ms. Memory: 48128K Free: 28954K (60%)
ptolemy.util.test.WatchDog.cancel(): canceling Mon Dec 09 18:23:26 UTC 2019
auto.tcl: Setting watchdog for 200 seconds at Mon Dec 09 18:23:26 UTC 2019
2 ms. Memory: 48128K Free: 28091K (58%)
ptolemy.util.test.WatchDog.cancel(): canceling Mon Dec 09 18:23:26 UTC 2019
------------------ testing $PTII/ptolemy/domains/de/test/auto/TransferOutputs2.xml
auto.tcl: Setting watchdog for 200 seconds at Mon Dec 09 18:23:26 UTC 2019
3 ms. Memory: 48128K Free: 26396K (55%)
ptolemy.util.test.WatchDog.cancel(): canceling Mon Dec 09 18:23:26 UTC 2019
auto.tcl: Setting watchdog for 200 seconds at Mon Dec 09 18:23:26 UTC 2019
3 ms. Memory: 48128K Free: 25014K (52%)
ptolemy.util.test.WatchDog.cancel(): canceling Mon Dec 09 18:23:26 UTC 2019
------------------ testing $PTII/ptolemy/domains/de/test/auto/Trilateration.xml
auto.tcl: Setting watchdog for 200 seconds at Mon Dec 09 18:23:26 UTC 2019
13447 ms. Memory: 514048K Free: 222778K (43%)
ptolemy.util.test.WatchDog.cancel(): canceling Mon Dec 09 18:23:41 UTC 2019
auto.tcl: Setting watchdog for 200 seconds at Mon Dec 09 18:23:41 UTC 2019
11049 ms. Memory: 514048K Free: 337657K (66%)
ptolemy.util.test.WatchDog.cancel(): canceling Mon Dec 09 18:23:52 UTC 2019
------------------ testing $PTII/ptolemy/domains/de/test/auto/TwoSigmaDelta.xml
auto.tcl: Setting watchdog for 200 seconds at Mon Dec 09 18:23:52 UTC 2019
2660 ms. Memory: 89088K Free: 28147K (32%)
ptolemy.util.test.WatchDog.cancel(): canceling Mon Dec 09 18:23:55 UTC 2019
auto.tcl: Setting watchdog for 200 seconds at Mon Dec 09 18:23:55 UTC 2019
1933 ms. Memory: 89088K Free: 27619K (31%)
ptolemy.util.test.WatchDog.cancel(): canceling Mon Dec 09 18:23:56 UTC 2019
------------------ testing $PTII/ptolemy/domains/de/test/auto/VariableDelay.xml
auto.tcl: Setting watchdog for 200 seconds at Mon Dec 09 18:23:57 UTC 2019
3 ms. Memory: 51200K Free: 32505K (63%)
ptolemy.util.test.WatchDog.cancel(): canceling Mon Dec 09 18:23:57 UTC 2019
auto.tcl: Setting watchdog for 200 seconds at Mon Dec 09 18:23:57 UTC 2019
2 ms. Memory: 51200K Free: 31511K (62%)
ptolemy.util.test.WatchDog.cancel(): canceling Mon Dec 09 18:23:57 UTC 2019
------------------ testing $PTII/ptolemy/domains/de/test/auto/VariableDelay2.xml
auto.tcl: Setting watchdog for 200 seconds at Mon Dec 09 18:23:57 UTC 2019
2 ms. Memory: 51200K Free: 33448K (65%)
ptolemy.util.test.WatchDog.cancel(): canceling Mon Dec 09 18:23:57 UTC 2019
auto.tcl: Setting watchdog for 200 seconds at Mon Dec 09 18:23:57 UTC 2019
1 ms. Memory: 51200K Free: 32424K (63%)
ptolemy.util.test.WatchDog.cancel(): canceling Mon Dec 09 18:23:57 UTC 2019
------------------ testing $PTII/ptolemy/domains/de/test/auto/VariableDelayZeroDelay.xml
auto.tcl: Setting watchdog for 200 seconds at Mon Dec 09 18:23:57 UTC 2019
2 ms. Memory: 51200K Free: 33448K (65%)
ptolemy.util.test.WatchDog.cancel(): canceling Mon Dec 09 18:23:57 UTC 2019
auto.tcl: Setting watchdog for 200 seconds at Mon Dec 09 18:23:57 UTC 2019
2 ms. Memory: 51200K Free: 32920K (64%)
ptolemy.util.test.WatchDog.cancel(): canceling Mon Dec 09 18:23:57 UTC 2019
------------------ testing $PTII/ptolemy/domains/de/test/auto/VariableDelayZeroDelay2.xml
auto.tcl: Setting watchdog for 200 seconds at Mon Dec 09 18:23:57 UTC 2019
2 ms. Memory: 51200K Free: 33447K (65%)
ptolemy.util.test.WatchDog.cancel(): canceling Mon Dec 09 18:23:57 UTC 2019
auto.tcl: Setting watchdog for 200 seconds at Mon Dec 09 18:23:57 UTC 2019
2 ms. Memory: 51200K Free: 32423K (63%)
ptolemy.util.test.WatchDog.cancel(): canceling Mon Dec 09 18:23:57 UTC 2019
------------------ testing $PTII/ptolemy/domains/de/test/auto/deInCt.xml
auto.tcl: Setting watchdog for 200 seconds at Mon Dec 09 18:23:57 UTC 2019
0
1
1
1
0
0
0
1
1
1
0
0
0
1
1
1
1
1
0
0
0
1
1
1
0
0
0
0
1
1
1
0
0
0
0
1
1
0
0
0
20 ms. Memory: 48128K Free: 29348K (61%)
ptolemy.util.test.WatchDog.cancel(): canceling Mon Dec 09 18:23:57 UTC 2019
auto.tcl: Setting watchdog for 200 seconds at Mon Dec 09 18:23:57 UTC 2019
0
1
1
1
1
1
0
0
0
0
1
1
1
0
0
0
0
0
0
1
1
1
0
0
0
0
1
1
1
1
6 ms. Memory: 48128K Free: 27835K (58%)
ptolemy.util.test.WatchDog.cancel(): canceling Mon Dec 09 18:23:57 UTC 2019
------------------ testing $PTII/ptolemy/domains/de/test/auto/deInCt2.xml
auto.tcl: Setting watchdog for 200 seconds at Mon Dec 09 18:23:57 UTC 2019
0
1
1
1
0
0
1
1
1
0
0
1
1
1
0
0
1
1
1
0
0
1
1
1
0
0
1
1
1
0
0
1
1
1
0
0
1
1
1
0
0
0
19 ms. Memory: 48128K Free: 29350K (61%)
ptolemy.util.test.WatchDog.cancel(): canceling Mon Dec 09 18:23:57 UTC 2019
auto.tcl: Setting watchdog for 200 seconds at Mon Dec 09 18:23:57 UTC 2019
0
1
1
1
0
0
1
1
1
0
0
1
1
1
0
0
1
1
1
0
0
1
1
1
0
0
1
1
1
0
0
1
1
1
0
0
1
1
1
0
0
0
6 ms. Memory: 48128K Free: 27825K (58%)
ptolemy.util.test.WatchDog.cancel(): canceling Mon Dec 09 18:23:57 UTC 2019
------------------ testing $PTII/ptolemy/domains/de/test/auto/dynamicCausalityInterface1.xml
auto.tcl: Setting watchdog for 200 seconds at Mon Dec 09 18:23:57 UTC 2019
1 ms. Memory: 48128K Free: 25248K (52%)
ptolemy.util.test.WatchDog.cancel(): canceling Mon Dec 09 18:23:57 UTC 2019
auto.tcl: Setting watchdog for 200 seconds at Mon Dec 09 18:23:57 UTC 2019
1 ms. Memory: 48128K Free: 24309K (51%)
ptolemy.util.test.WatchDog.cancel(): canceling Mon Dec 09 18:23:57 UTC 2019
------------------ testing $PTII/ptolemy/domains/de/test/auto/fsm_de_test.xml
auto.tcl: Setting watchdog for 200 seconds at Mon Dec 09 18:23:57 UTC 2019
11 ms. Memory: 48128K Free: 25147K (52%)
ptolemy.util.test.WatchDog.cancel(): canceling Mon Dec 09 18:23:57 UTC 2019
auto.tcl: Setting watchdog for 200 seconds at Mon Dec 09 18:23:57 UTC 2019
5 ms. Memory: 48128K Free: 23138K (48%)
ptolemy.util.test.WatchDog.cancel(): canceling Mon Dec 09 18:23:57 UTC 2019
------------------ testing $PTII/ptolemy/domains/de/test/auto/functionDependencyReconstruction.xml
auto.tcl: Setting watchdog for 200 seconds at Mon Dec 09 18:23:57 UTC 2019
3 ms. Memory: 48128K Free: 19106K (40%)
ptolemy.util.test.WatchDog.cancel(): canceling Mon Dec 09 18:23:57 UTC 2019
auto.tcl: Setting watchdog for 200 seconds at Mon Dec 09 18:23:57 UTC 2019
3 ms. Memory: 48128K Free: 16984K (35%)
ptolemy.util.test.WatchDog.cancel(): canceling Mon Dec 09 18:23:57 UTC 2019
------------------ testing $PTII/ptolemy/domains/de/test/auto/multirate.xml
auto.tcl: Setting watchdog for 200 seconds at Mon Dec 09 18:23:57 UTC 2019
6 ms. Memory: 48128K Free: 27226K (57%)
ptolemy.util.test.WatchDog.cancel(): canceling Mon Dec 09 18:23:57 UTC 2019
auto.tcl: Setting watchdog for 200 seconds at Mon Dec 09 18:23:57 UTC 2019
3 ms. Memory: 48128K Free: 26104K (54%)
ptolemy.util.test.WatchDog.cancel(): canceling Mon Dec 09 18:23:57 UTC 2019
------------------ testing $PTII/ptolemy/domains/de/test/auto/multirate2.xml
auto.tcl: Setting watchdog for 200 seconds at Mon Dec 09 18:23:57 UTC 2019
6 ms. Memory: 48128K Free: 28002K (58%)
ptolemy.util.test.WatchDog.cancel(): canceling Mon Dec 09 18:23:57 UTC 2019
auto.tcl: Setting watchdog for 200 seconds at Mon Dec 09 18:23:57 UTC 2019
3 ms. Memory: 48128K Free: 26293K (55%)
ptolemy.util.test.WatchDog.cancel(): canceling Mon Dec 09 18:23:57 UTC 2019
------------------ testing $PTII/ptolemy/domains/de/test/auto/realtime.xml
auto.tcl: Setting watchdog for 200 seconds at Mon Dec 09 18:23:58 UTC 2019
10001 ms. Memory: 48128K Free: 30035K (62%)
ptolemy.util.test.WatchDog.cancel(): canceling Mon Dec 09 18:24:08 UTC 2019
auto.tcl: Setting watchdog for 200 seconds at Mon Dec 09 18:24:08 UTC 2019
10002 ms. Memory: 48128K Free: 29293K (61%)
ptolemy.util.test.WatchDog.cancel(): canceling Mon Dec 09 18:24:18 UTC 2019
------------------ testing $PTII/ptolemy/domains/de/test/auto/relationGroup.xml
auto.tcl: Setting watchdog for 200 seconds at Mon Dec 09 18:24:18 UTC 2019
2 ms. Memory: 48128K Free: 31091K (65%)
ptolemy.util.test.WatchDog.cancel(): canceling Mon Dec 09 18:24:18 UTC 2019
auto.tcl: Setting watchdog for 200 seconds at Mon Dec 09 18:24:18 UTC 2019
2 ms. Memory: 48128K Free: 30374K (63%)
ptolemy.util.test.WatchDog.cancel(): canceling Mon Dec 09 18:24:18 UTC 2019
------------------ testing $PTII/ptolemy/domains/de/test/auto/relationGroup2.xml
auto.tcl: Setting watchdog for 200 seconds at Mon Dec 09 18:24:18 UTC 2019
2 ms. Memory: 48128K Free: 31155K (65%)
ptolemy.util.test.WatchDog.cancel(): canceling Mon Dec 09 18:24:18 UTC 2019
auto.tcl: Setting watchdog for 200 seconds at Mon Dec 09 18:24:18 UTC 2019
2 ms. Memory: 48128K Free: 30399K (63%)
ptolemy.util.test.WatchDog.cancel(): canceling Mon Dec 09 18:24:18 UTC 2019
------------------ testing $PTII/ptolemy/domains/de/test/auto/sortWithOpaquePorts.xml
auto.tcl: Setting watchdog for 200 seconds at Mon Dec 09 18:24:18 UTC 2019
1 ms. Memory: 48128K Free: 29873K (62%)
ptolemy.util.test.WatchDog.cancel(): canceling Mon Dec 09 18:24:18 UTC 2019
auto.tcl: Setting watchdog for 200 seconds at Mon Dec 09 18:24:18 UTC 2019
2 ms. Memory: 48128K Free: 28881K (60%)
ptolemy.util.test.WatchDog.cancel(): canceling Mon Dec 09 18:24:18 UTC 2019
------------------ testing $PTII/ptolemy/domains/de/test/auto/transferInputsandOutputs.xml
auto.tcl: Setting watchdog for 200 seconds at Mon Dec 09 18:24:18 UTC 2019
4 ms. Memory: 48128K Free: 27317K (57%)
ptolemy.util.test.WatchDog.cancel(): canceling Mon Dec 09 18:24:18 UTC 2019
auto.tcl: Setting watchdog for 200 seconds at Mon Dec 09 18:24:18 UTC 2019
2 ms. Memory: 48128K Free: 26336K (55%)
ptolemy.util.test.WatchDog.cancel(): canceling Mon Dec 09 18:24:18 UTC 2019
------------------ testing $PTII/ptolemy/domains/de/test/auto/triggerType.xml
auto.tcl: Setting watchdog for 200 seconds at Mon Dec 09 18:24:18 UTC 2019
1 ms. Memory: 48128K Free: 30341K (63%)
ptolemy.util.test.WatchDog.cancel(): canceling Mon Dec 09 18:24:18 UTC 2019
auto.tcl: Setting watchdog for 200 seconds at Mon Dec 09 18:24:18 UTC 2019
2 ms. Memory: 48128K Free: 29380K (61%)
ptolemy.util.test.WatchDog.cancel(): canceling Mon Dec 09 18:24:18 UTC 2019
12/09/19 06:24:18
Failed: 0  Total Tests: 192  ((Passed: 187, Newly Passed: 1)  Known Failed: 5) /home/travis/build/icyphy/ptII/ptolemy/domains/de/test
12/09/19 06:24:18
Failed: 0  Total Tests: 192  ((Passed: 187, Newly Passed: 1)  Known Failed: 5) /home/travis/build/icyphy/ptII/ptolemy/domains/de/test
----------------- testing (KnownFailure) /home/travis/build/icyphy/ptII/ptolemy/domains/de/test/auto/knownFailedTests/DESDFClockTest.xml
2025 ms. Memory: 48128K Free: 23736K (49%)
Known Failure: java.lang.reflect.InvocationTargetException
----------------- testing (KnownFailure) /home/travis/build/icyphy/ptII/ptolemy/domains/de/test/auto/knownFailedTests/DirectFeedback.xml
1 ms. Memory: 48128K Free: 19640K (41%)
Known Failure: java.lang.reflect.InvocationTargetException
----------------- testing (KnownFailure) /home/travis/build/icyphy/ptII/ptolemy/domains/de/test/auto/knownFailedTests/FSMSource.xml
14 ms. Memory: 48128K Free: 11962K (25%)
----------------- testing (KnownFailure) /home/travis/build/icyphy/ptII/ptolemy/domains/de/test/auto/knownFailedTests/HierarchicalModel.xml
3 ms. Memory: 48128K Free: 23072K (48%)
Known Failure: java.lang.reflect.InvocationTargetException
----------------- testing (KnownFailure) /home/travis/build/icyphy/ptII/ptolemy/domains/de/test/auto/knownFailedTests/dependencyLoop.xml
3 ms. Memory: 48128K Free: 7768K (16%)
Known Failure: java.lang.reflect.InvocationTargetException
----------------- testing (KnownFailure) /home/travis/build/icyphy/ptII/ptolemy/domains/de/test/auto/knownFailedTests/dependencyLoop2.xml
4 ms. Memory: 48128K Free: 19758K (41%)
Known Failure: java.lang.reflect.InvocationTargetException
No auto/linux-amd64/*.xml tests in /home/travis/build/icyphy/ptII/ptolemy/domains/de/test
AutoTests.java: About to close Vertx.
AutoTests.java: Vertx closed.

===========================================================================================
----------------- testing Mon Dec 09 18:24:20 UTC 2019 /home/travis/build/icyphy/ptII/ptolemy/domains/de/test/auto/ActorDepthCalculation_actorWithoutPorts.xml
----------------- Instantiating /home/travis/build/icyphy/ptII/ptolemy/domains/de/test/auto/ActorDepthCalculation_actorWithoutPorts.xml
2 ms. Memory: 48128K Free: 13276K (28%)
----------------- Invoking toplevel() on ptolemy.moml.MoMLSimpleApplication@1b09d1e9
----------------- Done invoking toplevel() on ptolemy.moml.MoMLSimpleApplication@1b09d1e9
reloadAllAccessors: .ActorDepthCalculation_actorWithoutPorts

===========================================================================================
----------------- testing Mon Dec 09 18:24:20 UTC 2019 /home/travis/build/icyphy/ptII/ptolemy/domains/de/test/auto/AssemblyLine.xml
----------------- Instantiating /home/travis/build/icyphy/ptII/ptolemy/domains/de/test/auto/AssemblyLine.xml
3 ms. Memory: 48128K Free: 32537K (68%)
----------------- Invoking toplevel() on ptolemy.moml.MoMLSimpleApplication@52936910
----------------- Done invoking toplevel() on ptolemy.moml.MoMLSimpleApplication@52936910
reloadAllAccessors: .AssemblyLine

===========================================================================================
----------------- testing Mon Dec 09 18:24:20 UTC 2019 /home/travis/build/icyphy/ptII/ptolemy/domains/de/test/auto/CQBug1.xml
----------------- Instantiating /home/travis/build/icyphy/ptII/ptolemy/domains/de/test/auto/CQBug1.xml
2 ms. Memory: 48128K Free: 29707K (62%)
----------------- Invoking toplevel() on ptolemy.moml.MoMLSimpleApplication@25951dbb
----------------- Done invoking toplevel() on ptolemy.moml.MoMLSimpleApplication@25951dbb
reloadAllAccessors: .CQBug1

===========================================================================================
----------------- testing Mon Dec 09 18:24:20 UTC 2019 /home/travis/build/icyphy/ptII/ptolemy/domains/de/test/auto/CancelFireAt.xml
----------------- Instantiating /home/travis/build/icyphy/ptII/ptolemy/domains/de/test/auto/CancelFireAt.xml
1 ms. Memory: 48128K Free: 27119K (56%)
----------------- Invoking toplevel() on ptolemy.moml.MoMLSimpleApplication@753b8cf5
----------------- Done invoking toplevel() on ptolemy.moml.MoMLSimpleApplication@753b8cf5
reloadAllAccessors: .CancelFireAt

===========================================================================================
----------------- testing Mon Dec 09 18:24:20 UTC 2019 /home/travis/build/icyphy/ptII/ptolemy/domains/de/test/auto/CausalityAndComposabilityAnalysis.xml
----------------- Instantiating /home/travis/build/icyphy/ptII/ptolemy/domains/de/test/auto/CausalityAndComposabilityAnalysis.xml
14 ms. Memory: 48128K Free: 22577K (47%)
----------------- Invoking toplevel() on ptolemy.moml.MoMLSimpleApplication@743ad5c1
----------------- Done invoking toplevel() on ptolemy.moml.MoMLSimpleApplication@743ad5c1
reloadAllAccessors: .CausalityAndComposabilityAnalysis

===========================================================================================
----------------- testing Mon Dec 09 18:24:20 UTC 2019 /home/travis/build/icyphy/ptII/ptolemy/domains/de/test/auto/CausalityInterface1.xml
----------------- Instantiating /home/travis/build/icyphy/ptII/ptolemy/domains/de/test/auto/CausalityInterface1.xml
4 ms. Memory: 48128K Free: 17457K (36%)
----------------- Invoking toplevel() on ptolemy.moml.MoMLSimpleApplication@198f65b7
----------------- Done invoking toplevel() on ptolemy.moml.MoMLSimpleApplication@198f65b7
reloadAllAccessors: .CausalityInterface1

===========================================================================================
----------------- testing Mon Dec 09 18:24:20 UTC 2019 /home/travis/build/icyphy/ptII/ptolemy/domains/de/test/auto/CausalityInterface15.xml
----------------- Instantiating /home/travis/build/icyphy/ptII/ptolemy/domains/de/test/auto/CausalityInterface15.xml
2 ms. Memory: 48128K Free: 12033K (25%)
----------------- Invoking toplevel() on ptolemy.moml.MoMLSimpleApplication@51c74f3f
----------------- Done invoking toplevel() on ptolemy.moml.MoMLSimpleApplication@51c74f3f
reloadAllAccessors: .CausalityInterface15

===========================================================================================
----------------- testing Mon Dec 09 18:24:20 UTC 2019 /home/travis/build/icyphy/ptII/ptolemy/domains/de/test/auto/CausalityInterface2.xml
----------------- Instantiating /home/travis/build/icyphy/ptII/ptolemy/domains/de/test/auto/CausalityInterface2.xml
2 ms. Memory: 48128K Free: 7486K (16%)
[...]
	at ptolemy.actor.Manager.run(Manager.java:1263)
	at ptolemy.actor.Manager$PtolemyRunThread.run(Manager.java:1933)
java.lang.RuntimeException: Execution failed
	at ptolemy.moml.MoMLSimpleApplication$UnloadThread.run(MoMLSimpleApplication.java:402)
Caused by: ptolemy.kernel.util.IllegalActionException: Actor is not ready to fire.  Perhaps UpSample.prefire() returned false? Try debugging the actor by selecting "Listen to Actor".  Also, for SDF check moml for tokenConsumptionRate on input.
  in .DESDFClockTest.Play Bell.Copy1:SDF Director and .DESDFClockTest.Play Bell.UpSample
	at ptolemy.actor.sched.StaticSchedulingDirector.fire(StaticSchedulingDirector.java:227)
	at ptolemy.domains.sdf.kernel.SDFDirector.fire(SDFDirector.java:500)
	at ptolemy.actor.CompositeActor.fire(CompositeActor.java:455)
	at ptolemy.domains.de.kernel.DEDirector._fire(DEDirector.java:1949)
	at ptolemy.domains.de.kernel.DEDirector.fire(DEDirector.java:502)
	at ptolemy.actor.CompositeActor.fire(CompositeActor.java:455)
	at ptolemy.actor.Manager.iterate(Manager.java:851)
	at ptolemy.actor.Manager.execute(Manager.java:369)
	at ptolemy.actor.Manager.run(Manager.java:1263)
	at ptolemy.actor.Manager$PtolemyRunThread.run(Manager.java:1933)
java.lang.reflect.InvocationTargetException
	at java.base/jdk.internal.reflect.NativeConstructorAccessorImpl.newInstance0(Native Method)
	at java.base/jdk.internal.reflect.NativeConstructorAccessorImpl.newInstance(NativeConstructorAccessorImpl.java:62)
	at java.base/jdk.internal.reflect.DelegatingConstructorAccessorImpl.newInstance(DelegatingConstructorAccessorImpl.java:45)
	at java.base/java.lang.reflect.Constructor.newInstance(Constructor.java:490)
	at ptolemy.util.test.junit.AutoKnownFailedTests.RunModel(AutoKnownFailedTests.java:105)
	at java.base/jdk.internal.reflect.NativeMethodAccessorImpl.invoke0(Native Method)
	at java.base/jdk.internal.reflect.NativeMethodAccessorImpl.invoke(NativeMethodAccessorImpl.java:62)
	at java.base/jdk.internal.reflect.DelegatingMethodAccessorImpl.invoke(DelegatingMethodAccessorImpl.java:43)
	at java.base/java.lang.reflect.Method.invoke(Method.java:566)
	at org.junit.runners.model.FrameworkMethod$1.runReflectiveCall(FrameworkMethod.java:44)
	at org.junit.internal.runners.model.ReflectiveCallable.run(ReflectiveCallable.java:15)
	at org.junit.runners.model.FrameworkMethod.invokeExplosively(FrameworkMethod.java:41)
	at junitparams.internal.InvokeParameterisedMethod.evaluate(InvokeParameterisedMethod.java:102)
	at org.junit.internal.runners.statements.FailOnTimeout$1.run(FailOnTimeout.java:28)
Caused by: ptolemy.kernel.util.IllegalActionException: Actor is not ready to fire.  Perhaps UpSample.prefire() returned false? Try debugging the actor by selecting "Listen to Actor".  Also, for SDF check moml for tokenConsumptionRate on input.
  in .DESDFClockTest.Play Bell.Copy1:SDF Director and .DESDFClockTest.Play Bell.UpSample
	at ptolemy.actor.sched.StaticSchedulingDirector.fire(StaticSchedulingDirector.java:227)
	at ptolemy.domains.sdf.kernel.SDFDirector.fire(SDFDirector.java:500)
	at ptolemy.actor.CompositeActor.fire(CompositeActor.java:455)
	at ptolemy.domains.de.kernel.DEDirector._fire(DEDirector.java:1949)
	at ptolemy.domains.de.kernel.DEDirector.fire(DEDirector.java:502)
	at ptolemy.actor.CompositeActor.fire(CompositeActor.java:455)
	at ptolemy.actor.Manager.iterate(Manager.java:851)
	at ptolemy.actor.Manager.execute(Manager.java:369)
	at ptolemy.actor.Manager.run(Manager.java:1263)
	at ptolemy.actor.Manager$PtolemyRunThread.run(Manager.java:1933)
java.lang.RuntimeException: Execution failed
	at ptolemy.moml.MoMLSimpleApplication$UnloadThread.run(MoMLSimpleApplication.java:402)
Caused by: ptolemy.kernel.util.IllegalActionException: Test fails in iteration 1.
Value was: 1.0. Should have been: 2.0
  in .DirectFeedback.Test
	at ptolemy.actor.lib.Test.fire(Test.java:268)
	at ptolemy.domains.de.kernel.DEDirector._fire(DEDirector.java:1949)
	at ptolemy.domains.de.kernel.DEDirector.fire(DEDirector.java:502)
	at ptolemy.actor.CompositeActor.fire(CompositeActor.java:455)
	at ptolemy.actor.Manager.iterate(Manager.java:851)
	at ptolemy.actor.Manager.execute(Manager.java:369)
	at ptolemy.actor.Manager.run(Manager.java:1263)
	at ptolemy.actor.Manager$PtolemyRunThread.run(Manager.java:1933)
java.lang.reflect.InvocationTargetException
	at java.base/jdk.internal.reflect.NativeConstructorAccessorImpl.newInstance0(Native Method)
	at java.base/jdk.internal.reflect.NativeConstructorAccessorImpl.newInstance(NativeConstructorAccessorImpl.java:62)
	at java.base/jdk.internal.reflect.DelegatingConstructorAccessorImpl.newInstance(DelegatingConstructorAccessorImpl.java:45)
	at java.base/java.lang.reflect.Constructor.newInstance(Constructor.java:490)
	at ptolemy.util.test.junit.AutoKnownFailedTests.RunModel(AutoKnownFailedTests.java:105)
	at java.base/jdk.internal.reflect.NativeMethodAccessorImpl.invoke0(Native Method)
	at java.base/jdk.internal.reflect.NativeMethodAccessorImpl.invoke(NativeMethodAccessorImpl.java:62)
	at java.base/jdk.internal.reflect.DelegatingMethodAccessorImpl.invoke(DelegatingMethodAccessorImpl.java:43)
	at java.base/java.lang.reflect.Method.invoke(Method.java:566)
	at org.junit.runners.model.FrameworkMethod$1.runReflectiveCall(FrameworkMethod.java:44)
	at org.junit.internal.runners.model.ReflectiveCallable.run(ReflectiveCallable.java:15)
	at org.junit.runners.model.FrameworkMethod.invokeExplosively(FrameworkMethod.java:41)
	at junitparams.internal.InvokeParameterisedMethod.evaluate(InvokeParameterisedMethod.java:102)
	at org.junit.internal.runners.statements.FailOnTimeout$1.run(FailOnTimeout.java:28)
Caused by: ptolemy.kernel.util.IllegalActionException: Test fails in iteration 1.
Value was: 1.0. Should have been: 2.0
  in .DirectFeedback.Test
	at ptolemy.actor.lib.Test.fire(Test.java:268)
	at ptolemy.domains.de.kernel.DEDirector._fire(DEDirector.java:1949)
	at ptolemy.domains.de.kernel.DEDirector.fire(DEDirector.java:502)
	at ptolemy.actor.CompositeActor.fire(CompositeActor.java:455)
	at ptolemy.actor.Manager.iterate(Manager.java:851)
	at ptolemy.actor.Manager.execute(Manager.java:369)
	at ptolemy.actor.Manager.run(Manager.java:1263)
	at ptolemy.actor.Manager$PtolemyRunThread.run(Manager.java:1933)
java.lang.RuntimeException: Execution failed
	at ptolemy.moml.MoMLSimpleApplication$UnloadThread.run(MoMLSimpleApplication.java:402)
Caused by: ptolemy.kernel.util.IllegalActionException: Found a zero delay loop containing .HierarchicalModel.A
  in .HierarchicalModel and .HierarchicalModel.A
	at ptolemy.actor.util.CausalityInterfaceForComposites._computeOutputPortDepth(CausalityInterfaceForComposites.java:759)
	at ptolemy.actor.util.CausalityInterfaceForComposites._computeInputDepth(CausalityInterfaceForComposites.java:696)
	at ptolemy.actor.util.CausalityInterfaceForComposites._computeOutputPortDepth(CausalityInterfaceForComposites.java:765)
	at ptolemy.actor.util.CausalityInterfaceForComposites._computeInputDepth(CausalityInterfaceForComposites.java:696)
	at ptolemy.actor.util.CausalityInterfaceForComposites._computeOutputPortDepth(CausalityInterfaceForComposites.java:765)
	at ptolemy.actor.util.CausalityInterfaceForComposites._computeInputDepth(CausalityInterfaceForComposites.java:696)
	at ptolemy.actor.util.CausalityInterfaceForComposites._computeActorDepth(CausalityInterfaceForComposites.java:532)
	at ptolemy.actor.util.CausalityInterfaceForComposites.checkForCycles(CausalityInterfaceForComposites.java:96)
	at ptolemy.domains.de.kernel.DEDirector.preinitialize(DEDirector.java:1338)
	at ptolemy.actor.CompositeActor.preinitialize(CompositeActor.java:1828)
	at ptolemy.actor.Manager.preinitializeAndResolveTypes(Manager.java:1040)
	at ptolemy.actor.Manager.initialize(Manager.java:710)
	at ptolemy.actor.Manager.execute(Manager.java:356)
	at ptolemy.actor.Manager.run(Manager.java:1263)
	at ptolemy.actor.Manager$PtolemyRunThread.run(Manager.java:1933)
java.lang.reflect.InvocationTargetException
	at java.base/jdk.internal.reflect.NativeConstructorAccessorImpl.newInstance0(Native Method)
	at java.base/jdk.internal.reflect.NativeConstructorAccessorImpl.newInstance(NativeConstructorAccessorImpl.java:62)
	at java.base/jdk.internal.reflect.DelegatingConstructorAccessorImpl.newInstance(DelegatingConstructorAccessorImpl.java:45)
	at java.base/java.lang.reflect.Constructor.newInstance(Constructor.java:490)
	at ptolemy.util.test.junit.AutoKnownFailedTests.RunModel(AutoKnownFailedTests.java:105)
	at java.base/jdk.internal.reflect.NativeMethodAccessorImpl.invoke0(Native Method)
	at java.base/jdk.internal.reflect.NativeMethodAccessorImpl.invoke(NativeMethodAccessorImpl.java:62)
	at java.base/jdk.internal.reflect.DelegatingMethodAccessorImpl.invoke(DelegatingMethodAccessorImpl.java:43)
	at java.base/java.lang.reflect.Method.invoke(Method.java:566)
	at org.junit.runners.model.FrameworkMethod$1.runReflectiveCall(FrameworkMethod.java:44)
	at org.junit.internal.runners.model.ReflectiveCallable.run(ReflectiveCallable.java:15)
	at org.junit.runners.model.FrameworkMethod.invokeExplosively(FrameworkMethod.java:41)
	at junitparams.internal.InvokeParameterisedMethod.evaluate(InvokeParameterisedMethod.java:102)
	at org.junit.internal.runners.statements.FailOnTimeout$1.run(FailOnTimeout.java:28)
Caused by: ptolemy.kernel.util.IllegalActionException: Found a zero delay loop containing .HierarchicalModel.A
  in .HierarchicalModel and .HierarchicalModel.A
	at ptolemy.actor.util.CausalityInterfaceForComposites._computeOutputPortDepth(CausalityInterfaceForComposites.java:759)
	at ptolemy.actor.util.CausalityInterfaceForComposites._computeInputDepth(CausalityInterfaceForComposites.java:696)
	at ptolemy.actor.util.CausalityInterfaceForComposites._computeOutputPortDepth(CausalityInterfaceForComposites.java:765)
	at ptolemy.actor.util.CausalityInterfaceForComposites._computeInputDepth(CausalityInterfaceForComposites.java:696)
	at ptolemy.actor.util.CausalityInterfaceForComposites._computeOutputPortDepth(CausalityInterfaceForComposites.java:765)
	at ptolemy.actor.util.CausalityInterfaceForComposites._computeInputDepth(CausalityInterfaceForComposites.java:696)
	at ptolemy.actor.util.CausalityInterfaceForComposites._computeActorDepth(CausalityInterfaceForComposites.java:532)
	at ptolemy.actor.util.CausalityInterfaceForComposites.checkForCycles(CausalityInterfaceForComposites.java:96)
	at ptolemy.domains.de.kernel.DEDirector.preinitialize(DEDirector.java:1338)
	at ptolemy.actor.CompositeActor.preinitialize(CompositeActor.java:1828)
	at ptolemy.actor.Manager.preinitializeAndResolveTypes(Manager.java:1040)
	at ptolemy.actor.Manager.initialize(Manager.java:710)
	at ptolemy.actor.Manager.execute(Manager.java:356)
	at ptolemy.actor.Manager.run(Manager.java:1263)
	at ptolemy.actor.Manager$PtolemyRunThread.run(Manager.java:1933)
java.lang.RuntimeException: Execution failed
	at ptolemy.moml.MoMLSimpleApplication$UnloadThread.run(MoMLSimpleApplication.java:402)
Caused by: ptolemy.kernel.util.IllegalActionException: Found a zero delay loop containing .dependencyLoop.original
  in .dependencyLoop and .dependencyLoop.original
	at ptolemy.actor.util.CausalityInterfaceForComposites._computeOutputPortDepth(CausalityInterfaceForComposites.java:759)
	at ptolemy.actor.util.CausalityInterfaceForComposites._computeInputDepth(CausalityInterfaceForComposites.java:696)
	at ptolemy.actor.util.CausalityInterfaceForComposites._computeOutputPortDepth(CausalityInterfaceForComposites.java:765)
	at ptolemy.actor.util.CausalityInterfaceForComposites._computeInputDepth(CausalityInterfaceForComposites.java:696)
	at ptolemy.actor.util.CausalityInterfaceForComposites._computeOutputPortDepth(CausalityInterfaceForComposites.java:765)
	at ptolemy.actor.util.CausalityInterfaceForComposites._computeInputDepth(CausalityInterfaceForComposites.java:696)
	at ptolemy.actor.util.CausalityInterfaceForComposites._computeActorDepth(CausalityInterfaceForComposites.java:532)
	at ptolemy.actor.util.CausalityInterfaceForComposites.checkForCycles(CausalityInterfaceForComposites.java:96)
	at ptolemy.domains.de.kernel.DEDirector.preinitialize(DEDirector.java:1338)
	at ptolemy.actor.CompositeActor.preinitialize(CompositeActor.java:1828)
	at ptolemy.actor.Manager.preinitializeAndResolveTypes(Manager.java:1040)
	at ptolemy.actor.Manager.initialize(Manager.java:710)
	at ptolemy.actor.Manager.execute(Manager.java:356)
	at ptolemy.actor.Manager.run(Manager.java:1263)
	at ptolemy.actor.Manager$PtolemyRunThread.run(Manager.java:1933)
java.lang.reflect.InvocationTargetException
	at java.base/jdk.internal.reflect.NativeConstructorAccessorImpl.newInstance0(Native Method)
	at java.base/jdk.internal.reflect.NativeConstructorAccessorImpl.newInstance(NativeConstructorAccessorImpl.java:62)
	at java.base/jdk.internal.reflect.DelegatingConstructorAccessorImpl.newInstance(DelegatingConstructorAccessorImpl.java:45)
	at java.base/java.lang.reflect.Constructor.newInstance(Constructor.java:490)
	at ptolemy.util.test.junit.AutoKnownFailedTests.RunModel(AutoKnownFailedTests.java:105)
	at java.base/jdk.internal.reflect.NativeMethodAccessorImpl.invoke0(Native Method)
	at java.base/jdk.internal.reflect.NativeMethodAccessorImpl.invoke(NativeMethodAccessorImpl.java:62)
	at java.base/jdk.internal.reflect.DelegatingMethodAccessorImpl.invoke(DelegatingMethodAccessorImpl.java:43)
	at java.base/java.lang.reflect.Method.invoke(Method.java:566)
	at org.junit.runners.model.FrameworkMethod$1.runReflectiveCall(FrameworkMethod.java:44)
	at org.junit.internal.runners.model.ReflectiveCallable.run(ReflectiveCallable.java:15)
	at org.junit.runners.model.FrameworkMethod.invokeExplosively(FrameworkMethod.java:41)
	at junitparams.internal.InvokeParameterisedMethod.evaluate(InvokeParameterisedMethod.java:102)
	at org.junit.internal.runners.statements.FailOnTimeout$1.run(FailOnTimeout.java:28)
Caused by: ptolemy.kernel.util.IllegalActionException: Found a zero delay loop containing .dependencyLoop.original
  in .dependencyLoop and .dependencyLoop.original
	at ptolemy.actor.util.CausalityInterfaceForComposites._computeOutputPortDepth(CausalityInterfaceForComposites.java:759)
	at ptolemy.actor.util.CausalityInterfaceForComposites._computeInputDepth(CausalityInterfaceForComposites.java:696)
	at ptolemy.actor.util.CausalityInterfaceForComposites._computeOutputPortDepth(CausalityInterfaceForComposites.java:765)
	at ptolemy.actor.util.CausalityInterfaceForComposites._computeInputDepth(CausalityInterfaceForComposites.java:696)
	at ptolemy.actor.util.CausalityInterfaceForComposites._computeOutputPortDepth(CausalityInterfaceForComposites.java:765)
	at ptolemy.actor.util.CausalityInterfaceForComposites._computeInputDepth(CausalityInterfaceForComposites.java:696)
	at ptolemy.actor.util.CausalityInterfaceForComposites._computeActorDepth(CausalityInterfaceForComposites.java:532)
	at ptolemy.actor.util.CausalityInterfaceForComposites.checkForCycles(CausalityInterfaceForComposites.java:96)
	at ptolemy.domains.de.kernel.DEDirector.preinitialize(DEDirector.java:1338)
	at ptolemy.actor.CompositeActor.preinitialize(CompositeActor.java:1828)
	at ptolemy.actor.Manager.preinitializeAndResolveTypes(Manager.java:1040)
	at ptolemy.actor.Manager.initialize(Manager.java:710)
	at ptolemy.actor.Manager.execute(Manager.java:356)
	at ptolemy.actor.Manager.run(Manager.java:1263)
	at ptolemy.actor.Manager$PtolemyRunThread.run(Manager.java:1933)
java.lang.RuntimeException: Execution failed
	at ptolemy.moml.MoMLSimpleApplication$UnloadThread.run(MoMLSimpleApplication.java:402)
Caused by: ptolemy.kernel.util.IllegalActionException: Found a zero delay loop containing .dependencyLoop2.original
  in .dependencyLoop2 and .dependencyLoop2.original
	at ptolemy.actor.util.CausalityInterfaceForComposites._computeOutputPortDepth(CausalityInterfaceForComposites.java:759)
	at ptolemy.actor.util.CausalityInterfaceForComposites._computeInputDepth(CausalityInterfaceForComposites.java:696)
	at ptolemy.actor.util.CausalityInterfaceForComposites._computeOutputPortDepth(CausalityInterfaceForComposites.java:765)
	at ptolemy.actor.util.CausalityInterfaceForComposites._computeInputDepth(CausalityInterfaceForComposites.java:696)
	at ptolemy.actor.util.CausalityInterfaceForComposites._computeOutputPortDepth(CausalityInterfaceForComposites.java:765)
	at ptolemy.actor.util.CausalityInterfaceForComposites._computeInputDepth(CausalityInterfaceForComposites.java:696)
	at ptolemy.actor.util.CausalityInterfaceForComposites._computeActorDepth(CausalityInterfaceForComposites.java:532)
	at ptolemy.actor.util.CausalityInterfaceForComposites.checkForCycles(CausalityInterfaceForComposites.java:96)
	at ptolemy.domains.de.kernel.DEDirector.preinitialize(DEDirector.java:1338)
	at ptolemy.actor.CompositeActor.preinitialize(CompositeActor.java:1828)
	at ptolemy.actor.Manager.preinitializeAndResolveTypes(Manager.java:1040)
	at ptolemy.actor.Manager.initialize(Manager.java:710)
	at ptolemy.actor.Manager.execute(Manager.java:356)
	at ptolemy.actor.Manager.run(Manager.java:1263)
	at ptolemy.actor.Manager$PtolemyRunThread.run(Manager.java:1933)
java.lang.reflect.InvocationTargetException
	at java.base/jdk.internal.reflect.NativeConstructorAccessorImpl.newInstance0(Native Method)
	at java.base/jdk.internal.reflect.NativeConstructorAccessorImpl.newInstance(NativeConstructorAccessorImpl.java:62)
	at java.base/jdk.internal.reflect.DelegatingConstructorAccessorImpl.newInstance(DelegatingConstructorAccessorImpl.java:45)
	at java.base/java.lang.reflect.Constructor.newInstance(Constructor.java:490)
	at ptolemy.util.test.junit.AutoKnownFailedTests.RunModel(AutoKnownFailedTests.java:105)
	at java.base/jdk.internal.reflect.NativeMethodAccessorImpl.invoke0(Native Method)
	at java.base/jdk.internal.reflect.NativeMethodAccessorImpl.invoke(NativeMethodAccessorImpl.java:62)
	at java.base/jdk.internal.reflect.DelegatingMethodAccessorImpl.invoke(DelegatingMethodAccessorImpl.java:43)
	at java.base/java.lang.reflect.Method.invoke(Method.java:566)
	at org.junit.runners.model.FrameworkMethod$1.runReflectiveCall(FrameworkMethod.java:44)
	at org.junit.internal.runners.model.ReflectiveCallable.run(ReflectiveCallable.java:15)
	at org.junit.runners.model.FrameworkMethod.invokeExplosively(FrameworkMethod.java:41)
	at junitparams.internal.InvokeParameterisedMethod.evaluate(InvokeParameterisedMethod.java:102)
	at org.junit.internal.runners.statements.FailOnTimeout$1.run(FailOnTimeout.java:28)
Caused by: ptolemy.kernel.util.IllegalActionException: Found a zero delay loop containing .dependencyLoop2.original
  in .dependencyLoop2 and .dependencyLoop2.original
	at ptolemy.actor.util.CausalityInterfaceForComposites._computeOutputPortDepth(CausalityInterfaceForComposites.java:759)
	at ptolemy.actor.util.CausalityInterfaceForComposites._computeInputDepth(CausalityInterfaceForComposites.java:696)
	at ptolemy.actor.util.CausalityInterfaceForComposites._computeOutputPortDepth(CausalityInterfaceForComposites.java:765)
	at ptolemy.actor.util.CausalityInterfaceForComposites._computeInputDepth(CausalityInterfaceForComposites.java:696)
	at ptolemy.actor.util.CausalityInterfaceForComposites._computeOutputPortDepth(CausalityInterfaceForComposites.java:765)
	at ptolemy.actor.util.CausalityInterfaceForComposites._computeInputDepth(CausalityInterfaceForComposites.java:696)
	at ptolemy.actor.util.CausalityInterfaceForComposites._computeActorDepth(CausalityInterfaceForComposites.java:532)
	at ptolemy.actor.util.CausalityInterfaceForComposites.checkForCycles(CausalityInterfaceForComposites.java:96)
	at ptolemy.domains.de.kernel.DEDirector.preinitialize(DEDirector.java:1338)
	at ptolemy.actor.CompositeActor.preinitialize(CompositeActor.java:1828)
	at ptolemy.actor.Manager.preinitializeAndResolveTypes(Manager.java:1040)
	at ptolemy.actor.Manager.initialize(Manager.java:710)
	at ptolemy.actor.Manager.execute(Manager.java:356)
	at ptolemy.actor.Manager.run(Manager.java:1263)
	at ptolemy.actor.Manager$PtolemyRunThread.run(Manager.java:1933)
]]></system-err>
</testsuite>
