<?xml version="1.0" encoding="UTF-8" ?>
<testsuite errors="0" failures="0" hostname="travis-job-8c2115a6-3206-4521-b39d-3dfd507d6315" name="ptolemy.domains.sdf.lib.test.junit.JUnitTclTest" skipped="0" tests="82" time="9.329" timestamp="2020-09-28T16:57:37">
  <properties>
[...]
</properties>
  <testcase classname="ptolemy.util.test.junit.TclTests" name="[0] /home/travis/build/icyphy/ptII/ptolemy/domains/sdf/lib/test/ArrayToSequence.tcl (RunTclFile)" time="0.659" />
  <testcase classname="ptolemy.util.test.junit.TclTests" name="[1] /home/travis/build/icyphy/ptII/ptolemy/domains/sdf/lib/test/BitsToInt.tcl (RunTclFile)" time="0.085" />
  <testcase classname="ptolemy.util.test.junit.TclTests" name="[2] /home/travis/build/icyphy/ptII/ptolemy/domains/sdf/lib/test/DelayLine.tcl (RunTclFile)" time="0.058" />
  <testcase classname="ptolemy.util.test.junit.TclTests" name="[3] /home/travis/build/icyphy/ptII/ptolemy/domains/sdf/lib/test/FFT.tcl (RunTclFile)" time="0.029" />
  <testcase classname="ptolemy.util.test.junit.TclTests" name="[4] /home/travis/build/icyphy/ptII/ptolemy/domains/sdf/lib/test/FIR.tcl (RunTclFile)" time="0.193" />
  <testcase classname="ptolemy.util.test.junit.TclTests" name="[5] /home/travis/build/icyphy/ptII/ptolemy/domains/sdf/lib/test/IntToBits.tcl (RunTclFile)" time="0.069" />
  <testcase classname="ptolemy.util.test.junit.TclTests" name="[6] /home/travis/build/icyphy/ptII/ptolemy/domains/sdf/lib/test/MaximumEntropySpectrum.tcl (RunTclFile)" time="0.321" />
  <testcase classname="ptolemy.util.test.junit.TclTests" name="[7] /home/travis/build/icyphy/ptII/ptolemy/domains/sdf/lib/test/Repeat.tcl (RunTclFile)" time="0.025" />
  <testcase classname="ptolemy.util.test.junit.TclTests" name="[8] /home/travis/build/icyphy/ptII/ptolemy/domains/sdf/lib/test/SampleDelay.tcl (RunTclFile)" time="0.083" />
  <testcase classname="ptolemy.util.test.junit.TclTests" name="[9] /home/travis/build/icyphy/ptII/ptolemy/domains/sdf/lib/test/SequenceToArray.tcl (RunTclFile)" time="0.036" />
  <testcase classname="ptolemy.util.test.junit.AutoKnownFailedTests" name="[0] ThereAreNoKnowFailedTests (RunModel)" time="0.002" />
  <testcase classname="ptolemy.util.test.junit.AutoNameArchTests" name="[0] ThereAreNoAutoArchTests (RunModel)" time="0.001" />
  <testcase classname="ptolemy.util.test.junit.AutoTests" name="[0] /home/travis/build/icyphy/ptII/ptolemy/domains/sdf/lib/test/auto/ArrayToSequence.xml (RunModel)" time="0.263" />
  <testcase classname="ptolemy.util.test.junit.AutoTests" name="[1] /home/travis/build/icyphy/ptII/ptolemy/domains/sdf/lib/test/auto/ArrayToSequenceTest.xml (RunModel)" time="0.114" />
  <testcase classname="ptolemy.util.test.junit.AutoTests" name="[2] /home/travis/build/icyphy/ptII/ptolemy/domains/sdf/lib/test/auto/Autocorrelation.xml (RunModel)" time="0.052" />
  <testcase classname="ptolemy.util.test.junit.AutoTests" name="[3] /home/travis/build/icyphy/ptII/ptolemy/domains/sdf/lib/test/auto/Autocorrelation2.xml (RunModel)" time="0.028" />
  <testcase classname="ptolemy.util.test.junit.AutoTests" name="[4] /home/travis/build/icyphy/ptII/ptolemy/domains/sdf/lib/test/auto/Autocorrelation3.xml (RunModel)" time="0.024" />
  <testcase classname="ptolemy.util.test.junit.AutoTests" name="[5] /home/travis/build/icyphy/ptII/ptolemy/domains/sdf/lib/test/auto/Autocorrelation4.xml (RunModel)" time="0.057" />
  <testcase classname="ptolemy.util.test.junit.AutoTests" name="[6] /home/travis/build/icyphy/ptII/ptolemy/domains/sdf/lib/test/auto/Autocorrelation5.xml (RunModel)" time="0.099" />
  <testcase classname="ptolemy.util.test.junit.AutoTests" name="[7] /home/travis/build/icyphy/ptII/ptolemy/domains/sdf/lib/test/auto/BitsToInt.xml (RunModel)" time="0.036" />
  <testcase classname="ptolemy.util.test.junit.AutoTests" name="[8] /home/travis/build/icyphy/ptII/ptolemy/domains/sdf/lib/test/auto/BooleanJoin.xml (RunModel)" time="0.04" />
  <testcase classname="ptolemy.util.test.junit.AutoTests" name="[9] /home/travis/build/icyphy/ptII/ptolemy/domains/sdf/lib/test/auto/BootstrapSampleDelay.xml (RunModel)" time="0.059" />
  <testcase classname="ptolemy.util.test.junit.AutoTests" name="[10] /home/travis/build/icyphy/ptII/ptolemy/domains/sdf/lib/test/auto/Chop.xml (RunModel)" time="0.078" />
  <testcase classname="ptolemy.util.test.junit.AutoTests" name="[11] /home/travis/build/icyphy/ptII/ptolemy/domains/sdf/lib/test/auto/Chop2.xml (RunModel)" time="0.037" />
  <testcase classname="ptolemy.util.test.junit.AutoTests" name="[12] /home/travis/build/icyphy/ptII/ptolemy/domains/sdf/lib/test/auto/ComplexJoin.xml (RunModel)" time="0.061" />
  <testcase classname="ptolemy.util.test.junit.AutoTests" name="[13] /home/travis/build/icyphy/ptII/ptolemy/domains/sdf/lib/test/auto/CountTrues.xml (RunModel)" time="0.046" />
  <testcase classname="ptolemy.util.test.junit.AutoTests" name="[14] /home/travis/build/icyphy/ptII/ptolemy/domains/sdf/lib/test/auto/DelayLine.xml (RunModel)" time="0.045" />
  <testcase classname="ptolemy.util.test.junit.AutoTests" name="[15] /home/travis/build/icyphy/ptII/ptolemy/domains/sdf/lib/test/auto/DotProduct.xml (RunModel)" time="0.044" />
  <testcase classname="ptolemy.util.test.junit.AutoTests" name="[16] /home/travis/build/icyphy/ptII/ptolemy/domains/sdf/lib/test/auto/DotProductMatrix.xml (RunModel)" time="0.031" />
  <testcase classname="ptolemy.util.test.junit.AutoTests" name="[17] /home/travis/build/icyphy/ptII/ptolemy/domains/sdf/lib/test/auto/DownSample1.xml (RunModel)" time="0.036" />
  <testcase classname="ptolemy.util.test.junit.AutoTests" name="[18] /home/travis/build/icyphy/ptII/ptolemy/domains/sdf/lib/test/auto/DynamicRateChange.xml (RunModel)" time="0.046" />
  <testcase classname="ptolemy.util.test.junit.AutoTests" name="[19] /home/travis/build/icyphy/ptII/ptolemy/domains/sdf/lib/test/auto/DynamicRates.xml (RunModel)" time="0.041" />
  <testcase classname="ptolemy.util.test.junit.AutoTests" name="[20] /home/travis/build/icyphy/ptII/ptolemy/domains/sdf/lib/test/auto/FFT1.xml (RunModel)" time="0.042" />
  <testcase classname="ptolemy.util.test.junit.AutoTests" name="[21] /home/travis/build/icyphy/ptII/ptolemy/domains/sdf/lib/test/auto/FIR1.xml (RunModel)" time="0.071" />
  <testcase classname="ptolemy.util.test.junit.AutoTests" name="[22] /home/travis/build/icyphy/ptII/ptolemy/domains/sdf/lib/test/auto/FIR2.xml (RunModel)" time="0.033" />
  <testcase classname="ptolemy.util.test.junit.AutoTests" name="[23] /home/travis/build/icyphy/ptII/ptolemy/domains/sdf/lib/test/auto/FIR4.xml (RunModel)" time="0.047" />
  <testcase classname="ptolemy.util.test.junit.AutoTests" name="[24] /home/travis/build/icyphy/ptII/ptolemy/domains/sdf/lib/test/auto/FixJoin.xml (RunModel)" time="0.06" />
  <testcase classname="ptolemy.util.test.junit.AutoTests" name="[25] /home/travis/build/icyphy/ptII/ptolemy/domains/sdf/lib/test/auto/IntJoin1.xml (RunModel)" time="0.028" />
  <testcase classname="ptolemy.util.test.junit.AutoTests" name="[26] /home/travis/build/icyphy/ptII/ptolemy/domains/sdf/lib/test/auto/IntJoin2.xml (RunModel)" time="0.027" />
  <testcase classname="ptolemy.util.test.junit.AutoTests" name="[27] /home/travis/build/icyphy/ptII/ptolemy/domains/sdf/lib/test/auto/IntJoin3.xml (RunModel)" time="0.025" />
  <testcase classname="ptolemy.util.test.junit.AutoTests" name="[28] /home/travis/build/icyphy/ptII/ptolemy/domains/sdf/lib/test/auto/IntJoin4.xml (RunModel)" time="0.029" />
  <testcase classname="ptolemy.util.test.junit.AutoTests" name="[29] /home/travis/build/icyphy/ptII/ptolemy/domains/sdf/lib/test/auto/IntJoin5.xml (RunModel)" time="0.032" />
  <testcase classname="ptolemy.util.test.junit.AutoTests" name="[30] /home/travis/build/icyphy/ptII/ptolemy/domains/sdf/lib/test/auto/IntToBits.xml (RunModel)" time="0.029" />
  <testcase classname="ptolemy.util.test.junit.AutoTests" name="[31] /home/travis/build/icyphy/ptII/ptolemy/domains/sdf/lib/test/auto/LMSAdaptive.xml (RunModel)" time="0.085" />
  <testcase classname="ptolemy.util.test.junit.AutoTests" name="[32] /home/travis/build/icyphy/ptII/ptolemy/domains/sdf/lib/test/auto/LMSAdaptiveFIR.xml (RunModel)" time="0.405" />
  <testcase classname="ptolemy.util.test.junit.AutoTests" name="[33] /home/travis/build/icyphy/ptII/ptolemy/domains/sdf/lib/test/auto/LMSAdaptiveFIR2.xml (RunModel)" time="0.502" />
  <testcase classname="ptolemy.util.test.junit.AutoTests" name="[34] /home/travis/build/icyphy/ptII/ptolemy/domains/sdf/lib/test/auto/LongJoin.xml (RunModel)" time="0.055" />
  <testcase classname="ptolemy.util.test.junit.AutoTests" name="[35] /home/travis/build/icyphy/ptII/ptolemy/domains/sdf/lib/test/auto/Matrix1.xml (RunModel)" time="0.02" />
  <testcase classname="ptolemy.util.test.junit.AutoTests" name="[36] /home/travis/build/icyphy/ptII/ptolemy/domains/sdf/lib/test/auto/Matrix2.xml (RunModel)" time="0.026" />
  <testcase classname="ptolemy.util.test.junit.AutoTests" name="[37] /home/travis/build/icyphy/ptII/ptolemy/domains/sdf/lib/test/auto/MatrixJoin1.xml (RunModel)" time="0.032" />
  <testcase classname="ptolemy.util.test.junit.AutoTests" name="[38] /home/travis/build/icyphy/ptII/ptolemy/domains/sdf/lib/test/auto/MatrixJoin2.xml (RunModel)" time="0.024" />
  <testcase classname="ptolemy.util.test.junit.AutoTests" name="[39] /home/travis/build/icyphy/ptII/ptolemy/domains/sdf/lib/test/auto/MatrixJoin3.xml (RunModel)" time="0.041" />
  <testcase classname="ptolemy.util.test.junit.AutoTests" name="[40] /home/travis/build/icyphy/ptII/ptolemy/domains/sdf/lib/test/auto/MatrixJoin4.xml (RunModel)" time="0.019" />
  <testcase classname="ptolemy.util.test.junit.AutoTests" name="[41] /home/travis/build/icyphy/ptII/ptolemy/domains/sdf/lib/test/auto/MatrixJoin5.xml (RunModel)" time="0.017" />
  <testcase classname="ptolemy.util.test.junit.AutoTests" name="[42] /home/travis/build/icyphy/ptII/ptolemy/domains/sdf/lib/test/auto/MatrixSplit1.xml (RunModel)" time="0.027" />
  <testcase classname="ptolemy.util.test.junit.AutoTests" name="[43] /home/travis/build/icyphy/ptII/ptolemy/domains/sdf/lib/test/auto/MatrixSplit10.xml (RunModel)" time="0.018" />
  <testcase classname="ptolemy.util.test.junit.AutoTests" name="[44] /home/travis/build/icyphy/ptII/ptolemy/domains/sdf/lib/test/auto/MatrixSplit11.xml (RunModel)" time="0.028" />
  <testcase classname="ptolemy.util.test.junit.AutoTests" name="[45] /home/travis/build/icyphy/ptII/ptolemy/domains/sdf/lib/test/auto/MatrixSplit12.xml (RunModel)" time="0.022" />
  <testcase classname="ptolemy.util.test.junit.AutoTests" name="[46] /home/travis/build/icyphy/ptII/ptolemy/domains/sdf/lib/test/auto/MatrixSplit13.xml (RunModel)" time="0.027" />
  <testcase classname="ptolemy.util.test.junit.AutoTests" name="[47] /home/travis/build/icyphy/ptII/ptolemy/domains/sdf/lib/test/auto/MatrixSplit14.xml (RunModel)" time="0.015" />
  <testcase classname="ptolemy.util.test.junit.AutoTests" name="[48] /home/travis/build/icyphy/ptII/ptolemy/domains/sdf/lib/test/auto/MatrixSplit2.xml (RunModel)" time="0.015" />
  <testcase classname="ptolemy.util.test.junit.AutoTests" name="[49] /home/travis/build/icyphy/ptII/ptolemy/domains/sdf/lib/test/auto/MatrixSplit3.xml (RunModel)" time="0.016" />
  <testcase classname="ptolemy.util.test.junit.AutoTests" name="[50] /home/travis/build/icyphy/ptII/ptolemy/domains/sdf/lib/test/auto/MatrixSplit4.xml (RunModel)" time="0.017" />
  <testcase classname="ptolemy.util.test.junit.AutoTests" name="[51] /home/travis/build/icyphy/ptII/ptolemy/domains/sdf/lib/test/auto/MatrixSplit5.xml (RunModel)" time="0.026" />
  <testcase classname="ptolemy.util.test.junit.AutoTests" name="[52] /home/travis/build/icyphy/ptII/ptolemy/domains/sdf/lib/test/auto/MatrixSplit6.xml (RunModel)" time="0.018" />
  <testcase classname="ptolemy.util.test.junit.AutoTests" name="[53] /home/travis/build/icyphy/ptII/ptolemy/domains/sdf/lib/test/auto/MatrixSplit7.xml (RunModel)" time="0.016" />
  <testcase classname="ptolemy.util.test.junit.AutoTests" name="[54] /home/travis/build/icyphy/ptII/ptolemy/domains/sdf/lib/test/auto/MatrixSplit8.xml (RunModel)" time="0.015" />
  <testcase classname="ptolemy.util.test.junit.AutoTests" name="[55] /home/travis/build/icyphy/ptII/ptolemy/domains/sdf/lib/test/auto/MatrixSplit9.xml (RunModel)" time="0.028" />
  <testcase classname="ptolemy.util.test.junit.AutoTests" name="[56] /home/travis/build/icyphy/ptII/ptolemy/domains/sdf/lib/test/auto/MatrixToSequence.xml (RunModel)" time="0.046" />
  <testcase classname="ptolemy.util.test.junit.AutoTests" name="[57] /home/travis/build/icyphy/ptII/ptolemy/domains/sdf/lib/test/auto/MaximumEntropySpectrum.xml (RunModel)" time="0.094" />
  <testcase classname="ptolemy.util.test.junit.AutoTests" name="[58] /home/travis/build/icyphy/ptII/ptolemy/domains/sdf/lib/test/auto/SampleDelayConversion.xml (RunModel)" time="0.021" />
  <testcase classname="ptolemy.util.test.junit.AutoTests" name="[59] /home/travis/build/icyphy/ptII/ptolemy/domains/sdf/lib/test/auto/SequenceToArray.xml (RunModel)" time="0.044" />
  <testcase classname="ptolemy.util.test.junit.AutoTests" name="[60] /home/travis/build/icyphy/ptII/ptolemy/domains/sdf/lib/test/auto/SequenceToMatrix.xml (RunModel)" time="3.425" />
  <testcase classname="ptolemy.util.test.junit.AutoTests" name="[61] /home/travis/build/icyphy/ptII/ptolemy/domains/sdf/lib/test/auto/SmoothedPeriodogram.xml (RunModel)" time="0.076" />
  <testcase classname="ptolemy.util.test.junit.AutoTests" name="[62] /home/travis/build/icyphy/ptII/ptolemy/domains/sdf/lib/test/auto/UpDownSample1.xml (RunModel)" time="0.023" />
  <testcase classname="ptolemy.util.test.junit.AutoTests" name="[63] /home/travis/build/icyphy/ptII/ptolemy/domains/sdf/lib/test/auto/UpSample1.xml (RunModel)" time="0.019" />
  <testcase classname="ptolemy.util.test.junit.AutoTests" name="[64] /home/travis/build/icyphy/ptII/ptolemy/domains/sdf/lib/test/auto/VariableFIR.xml (RunModel)" time="0.029" />
  <testcase classname="ptolemy.util.test.junit.AutoTests" name="[65] /home/travis/build/icyphy/ptII/ptolemy/domains/sdf/lib/test/auto/VariableFIR2.xml (RunModel)" time="0.024" />
  <testcase classname="ptolemy.util.test.junit.AutoTests" name="[66] /home/travis/build/icyphy/ptII/ptolemy/domains/sdf/lib/test/auto/VariableLattice.xml (RunModel)" time="0.033" />
  <testcase classname="ptolemy.util.test.junit.AutoTests" name="[67] /home/travis/build/icyphy/ptII/ptolemy/domains/sdf/lib/test/auto/VariableLattice2.xml (RunModel)" time="0.026" />
  <testcase classname="ptolemy.util.test.junit.AutoTests" name="[68] /home/travis/build/icyphy/ptII/ptolemy/domains/sdf/lib/test/auto/VariableRecursiveLattice.xml (RunModel)" time="0.019" />
  <testcase classname="ptolemy.util.test.junit.AutoTests" name="[69] /home/travis/build/icyphy/ptII/ptolemy/domains/sdf/lib/test/auto/VariableRecursiveLattice2.xml (RunModel)" time="0.019" />
  <system-out><![CDATA[/home/travis/build/icyphy/ptII/ptolemy/domains/sdf/lib/test/ArrayToSequence.tcl
testDefs.tcl: setting time out to 9000 seconds at Mon Sep 28 16:57:37 UTC 2020
108 ms. Memory: 129024K Free: 94150K (73%)
21 ms. Memory: 129024K Free: 92102K (71%)
12 ms. Memory: 129024K Free: 90054K (70%)
12 ms. Memory: 129024K Free: 88516K (69%)
/home/travis/build/icyphy/ptII/ptolemy/domains/sdf/lib/test/BitsToInt.tcl
19 ms. Memory: 129024K Free: 86982K (67%)
19 ms. Memory: 129024K Free: 84934K (66%)
/home/travis/build/icyphy/ptII/ptolemy/domains/sdf/lib/test/DelayLine.tcl
15 ms. Memory: 129024K Free: 83382K (65%)
/home/travis/build/icyphy/ptII/ptolemy/domains/sdf/lib/test/FFT.tcl
6 ms. Memory: 129024K Free: 81348K (63%)
/home/travis/build/icyphy/ptII/ptolemy/domains/sdf/lib/test/FIR.tcl
9 ms. Memory: 129024K Free: 79814K (62%)
86 ms. Memory: 129024K Free: 75718K (59%)
ptolemy.kernel.util.IllegalActionException: multiplyReverse method not supported between ptolemy.data.FixToken 'fix(-0.0625,6,2)' and ptolemy.data.IntToken '1' because the types are incomparable.
  in .top.FIRclone
Because:
multiplyReverse method not supported between ptolemy.data.FixToken 'fix(-0.0625,6,2)' and ptolemy.data.IntToken '1' because the types are incomparable.
38 ms. Memory: 129024K Free: 73156K (57%)
/home/travis/build/icyphy/ptII/ptolemy/domains/sdf/lib/test/IntToBits.tcl
13 ms. Memory: 129024K Free: 71622K (56%)
9 ms. Memory: 129024K Free: 70084K (54%)
/home/travis/build/icyphy/ptII/ptolemy/domains/sdf/lib/test/MaximumEntropySpectrum.tcl
/home/travis/build/icyphy/ptII/ptolemy/domains/sdf/lib/test/Repeat.tcl
9 ms. Memory: 129024K Free: 48566K (38%)
/home/travis/build/icyphy/ptII/ptolemy/domains/sdf/lib/test/SampleDelay.tcl
17 ms. Memory: 129024K Free: 112988K (88%)
6 ms. Memory: 129024K Free: 111947K (87%)
4 ms. Memory: 129024K Free: 110940K (86%)
4 ms. Memory: 129024K Free: 110438K (86%)
3 ms. Memory: 129024K Free: 109902K (85%)
2 ms. Memory: 129024K Free: 109396K (85%)
/home/travis/build/icyphy/ptII/ptolemy/domains/sdf/lib/test/SequenceToArray.tcl
5 ms. Memory: 129024K Free: 107854K (84%)
4 ms. Memory: 129024K Free: 106830K (83%)
5 ms. Memory: 129024K Free: 105300K (82%)
6 ms. Memory: 129024K Free: 104276K (81%)
09/28/20 04:57:38
Failed: 0  Total Tests: 41  ((Passed: 41, Newly Passed: 0)  Known Failed: 0) /home/travis/build/icyphy/ptII/ptolemy/domains/sdf/lib/test
No auto/knownFailedTests/*.xml tests in /home/travis/build/icyphy/ptII/ptolemy/domains/sdf/lib/test
No auto/linux-amd64/*.xml tests in /home/travis/build/icyphy/ptII/ptolemy/domains/sdf/lib/test
AutoTests.java: About to close Vertx.
AutoTests.java: Vertx closed.

===========================================================================================
----------------- testing Mon Sep 28 16:57:39 UTC 2020 /home/travis/build/icyphy/ptII/ptolemy/domains/sdf/lib/test/auto/ArrayToSequence.xml
----------------- Instantiating /home/travis/build/icyphy/ptII/ptolemy/domains/sdf/lib/test/auto/ArrayToSequence.xml
34 ms. Memory: 129024K Free: 92312K (72%)
----------------- Invoking toplevel() on ptolemy.moml.MoMLSimpleApplication@171acdb
----------------- Done invoking toplevel() on ptolemy.moml.MoMLSimpleApplication@171acdb
reloadAllAccessors: .ArrayToSequence

===========================================================================================
----------------- testing Mon Sep 28 16:57:39 UTC 2020 /home/travis/build/icyphy/ptII/ptolemy/domains/sdf/lib/test/auto/ArrayToSequenceTest.xml
----------------- Instantiating /home/travis/build/icyphy/ptII/ptolemy/domains/sdf/lib/test/auto/ArrayToSequenceTest.xml
27 ms. Memory: 129024K Free: 86434K (67%)
----------------- Invoking toplevel() on ptolemy.moml.MoMLSimpleApplication@152bccaa
----------------- Done invoking toplevel() on ptolemy.moml.MoMLSimpleApplication@152bccaa
reloadAllAccessors: .ArrayToSequenceTest

===========================================================================================
----------------- testing Mon Sep 28 16:57:39 UTC 2020 /home/travis/build/icyphy/ptII/ptolemy/domains/sdf/lib/test/auto/Autocorrelation.xml
----------------- Instantiating /home/travis/build/icyphy/ptII/ptolemy/domains/sdf/lib/test/auto/Autocorrelation.xml
5 ms. Memory: 129024K Free: 109980K (85%)
----------------- Invoking toplevel() on ptolemy.moml.MoMLSimpleApplication@5c295187
----------------- Done invoking toplevel() on ptolemy.moml.MoMLSimpleApplication@5c295187
reloadAllAccessors: .Autocorrelation

===========================================================================================
----------------- testing Mon Sep 28 16:57:39 UTC 2020 /home/travis/build/icyphy/ptII/ptolemy/domains/sdf/lib/test/auto/Autocorrelation2.xml
----------------- Instantiating /home/travis/build/icyphy/ptII/ptolemy/domains/sdf/lib/test/auto/Autocorrelation2.xml
9 ms. Memory: 129024K Free: 105314K (82%)
----------------- Invoking toplevel() on ptolemy.moml.MoMLSimpleApplication@3778ba99
----------------- Done invoking toplevel() on ptolemy.moml.MoMLSimpleApplication@3778ba99
reloadAllAccessors: .Autocorrelation2

===========================================================================================
----------------- testing Mon Sep 28 16:57:39 UTC 2020 /home/travis/build/icyphy/ptII/ptolemy/domains/sdf/lib/test/auto/Autocorrelation3.xml
----------------- Instantiating /home/travis/build/icyphy/ptII/ptolemy/domains/sdf/lib/test/auto/Autocorrelation3.xml
3 ms. Memory: 129024K Free: 101788K (79%)
----------------- Invoking toplevel() on ptolemy.moml.MoMLSimpleApplication@6257b69b
----------------- Done invoking toplevel() on ptolemy.moml.MoMLSimpleApplication@6257b69b
reloadAllAccessors: .Autocorrelation3

===========================================================================================
----------------- testing Mon Sep 28 16:57:39 UTC 2020 /home/travis/build/icyphy/ptII/ptolemy/domains/sdf/lib/test/auto/Autocorrelation4.xml
----------------- Instantiating /home/travis/build/icyphy/ptII/ptolemy/domains/sdf/lib/test/auto/Autocorrelation4.xml
4 ms. Memory: 129024K Free: 97122K (75%)
----------------- Invoking toplevel() on ptolemy.moml.MoMLSimpleApplication@37f20901
----------------- Done invoking toplevel() on ptolemy.moml.MoMLSimpleApplication@37f20901
reloadAllAccessors: .Autocorrelation4

===========================================================================================
----------------- testing Mon Sep 28 16:57:39 UTC 2020 /home/travis/build/icyphy/ptII/ptolemy/domains/sdf/lib/test/auto/Autocorrelation5.xml
----------------- Instantiating /home/travis/build/icyphy/ptII/ptolemy/domains/sdf/lib/test/auto/Autocorrelation5.xml
38 ms. Memory: 129024K Free: 90524K (70%)
----------------- Invoking toplevel() on ptolemy.moml.MoMLSimpleApplication@17536c86
----------------- Done invoking toplevel() on ptolemy.moml.MoMLSimpleApplication@17536c86
reloadAllAccessors: .Autocorrelation5

===========================================================================================
----------------- testing Mon Sep 28 16:57:39 UTC 2020 /home/travis/build/icyphy/ptII/ptolemy/domains/sdf/lib/test/auto/BitsToInt.xml
----------------- Instantiating /home/travis/build/icyphy/ptII/ptolemy/domains/sdf/lib/test/auto/BitsToInt.xml
3 ms. Memory: 129024K Free: 87155K (68%)
----------------- Invoking toplevel() on ptolemy.moml.MoMLSimpleApplication@7da8f111
----------------- Done invoking toplevel() on ptolemy.moml.MoMLSimpleApplication@7da8f111
reloadAllAccessors: .BitsToInt

===========================================================================================
----------------- testing Mon Sep 28 16:57:39 UTC 2020 /home/travis/build/icyphy/ptII/ptolemy/domains/sdf/lib/test/auto/BooleanJoin.xml
----------------- Instantiating /home/travis/build/icyphy/ptII/ptolemy/domains/sdf/lib/test/auto/BooleanJoin.xml
6 ms. Memory: 129024K Free: 83059K (64%)
----------------- Invoking toplevel() on ptolemy.moml.MoMLSimpleApplication@28ba8a6f
----------------- Done invoking toplevel() on ptolemy.moml.MoMLSimpleApplication@28ba8a6f
reloadAllAccessors: .BooleanJoin

===========================================================================================
----------------- testing Mon Sep 28 16:57:39 UTC 2020 /home/travis/build/icyphy/ptII/ptolemy/domains/sdf/lib/test/auto/BootstrapSampleDelay.xml
----------------- Instantiating /home/travis/build/icyphy/ptII/ptolemy/domains/sdf/lib/test/auto/BootstrapSampleDelay.xml
16 ms. Memory: 129024K Free: 79274K (61%)
----------------- Invoking toplevel() on ptolemy.moml.MoMLSimpleApplication@1b38d4a0
----------------- Done invoking toplevel() on ptolemy.moml.MoMLSimpleApplication@1b38d4a0
reloadAllAccessors: .BootstrapSampleDelay

===========================================================================================
----------------- testing Mon Sep 28 16:57:39 UTC 2020 /home/travis/build/icyphy/ptII/ptolemy/domains/sdf/lib/test/auto/Chop.xml
----------------- Instantiating /home/travis/build/icyphy/ptII/ptolemy/domains/sdf/lib/test/auto/Chop.xml
6 ms. Memory: 129024K Free: 110144K (85%)
----------------- Invoking toplevel() on ptolemy.moml.MoMLSimpleApplication@4d97b166
----------------- Done invoking toplevel() on ptolemy.moml.MoMLSimpleApplication@4d97b166
reloadAllAccessors: .Chop

===========================================================================================
----------------- testing Mon Sep 28 16:57:40 UTC 2020 /home/travis/build/icyphy/ptII/ptolemy/domains/sdf/lib/test/auto/Chop2.xml
----------------- Instantiating /home/travis/build/icyphy/ptII/ptolemy/domains/sdf/lib/test/auto/Chop2.xml
9 ms. Memory: 129024K Free: 103992K (81%)
----------------- Invoking toplevel() on ptolemy.moml.MoMLSimpleApplication@2e4ea3d6
----------------- Done invoking toplevel() on ptolemy.moml.MoMLSimpleApplication@2e4ea3d6
reloadAllAccessors: .Chop2

===========================================================================================
----------------- testing Mon Sep 28 16:57:40 UTC 2020 /home/travis/build/icyphy/ptII/ptolemy/domains/sdf/lib/test/auto/ComplexJoin.xml
----------------- Instantiating /home/travis/build/icyphy/ptII/ptolemy/domains/sdf/lib/test/auto/ComplexJoin.xml
3 ms. Memory: 129024K Free: 99661K (77%)
----------------- Invoking toplevel() on ptolemy.moml.MoMLSimpleApplication@4b0ac48a
----------------- Done invoking toplevel() on ptolemy.moml.MoMLSimpleApplication@4b0ac48a
reloadAllAccessors: .ComplexJoin

===========================================================================================
----------------- testing Mon Sep 28 16:57:40 UTC 2020 /home/travis/build/icyphy/ptII/ptolemy/domains/sdf/lib/test/auto/CountTrues.xml
----------------- Instantiating /home/travis/build/icyphy/ptII/ptolemy/domains/sdf/lib/test/auto/CountTrues.xml
8 ms. Memory: 129024K Free: 96197K (75%)
----------------- Invoking toplevel() on ptolemy.moml.MoMLSimpleApplication@1f21dbdd
----------------- Done invoking toplevel() on ptolemy.moml.MoMLSimpleApplication@1f21dbdd
reloadAllAccessors: .CountTrues

===========================================================================================
----------------- testing Mon Sep 28 16:57:40 UTC 2020 /home/travis/build/icyphy/ptII/ptolemy/domains/sdf/lib/test/auto/DelayLine.xml
----------------- Instantiating /home/travis/build/icyphy/ptII/ptolemy/domains/sdf/lib/test/auto/DelayLine.xml
5 ms. Memory: 129024K Free: 91091K (71%)
----------------- Invoking toplevel() on ptolemy.moml.MoMLSimpleApplication@76873314
----------------- Done invoking toplevel() on ptolemy.moml.MoMLSimpleApplication@76873314
reloadAllAccessors: .DelayLine

===========================================================================================
----------------- testing Mon Sep 28 16:57:40 UTC 2020 /home/travis/build/icyphy/ptII/ptolemy/domains/sdf/lib/test/auto/DotProduct.xml
----------------- Instantiating /home/travis/build/icyphy/ptII/ptolemy/domains/sdf/lib/test/auto/DotProduct.xml
9 ms. Memory: 129024K Free: 87541K (68%)
----------------- Invoking toplevel() on ptolemy.moml.MoMLSimpleApplication@54688e09
----------------- Done invoking toplevel() on ptolemy.moml.MoMLSimpleApplication@54688e09
reloadAllAccessors: .DotProduct

===========================================================================================
----------------- testing Mon Sep 28 16:57:40 UTC 2020 /home/travis/build/icyphy/ptII/ptolemy/domains/sdf/lib/test/auto/DotProductMatrix.xml
----------------- Instantiating /home/travis/build/icyphy/ptII/ptolemy/domains/sdf/lib/test/auto/DotProductMatrix.xml
5 ms. Memory: 129024K Free: 84947K (66%)
----------------- Invoking toplevel() on ptolemy.moml.MoMLSimpleApplication@6ee4913
----------------- Done invoking toplevel() on ptolemy.moml.MoMLSimpleApplication@6ee4913
reloadAllAccessors: .DotProductMatrix

===========================================================================================
----------------- testing Mon Sep 28 16:57:40 UTC 2020 /home/travis/build/icyphy/ptII/ptolemy/domains/sdf/lib/test/auto/DownSample1.xml
----------------- Instantiating /home/travis/build/icyphy/ptII/ptolemy/domains/sdf/lib/test/auto/DownSample1.xml
8 ms. Memory: 129024K Free: 81470K (63%)
----------------- Invoking toplevel() on ptolemy.moml.MoMLSimpleApplication@7ab05536
----------------- Done invoking toplevel() on ptolemy.moml.MoMLSimpleApplication@7ab05536
reloadAllAccessors: .DownSample1

===========================================================================================
----------------- testing Mon Sep 28 16:57:40 UTC 2020 /home/travis/build/icyphy/ptII/ptolemy/domains/sdf/lib/test/auto/DynamicRateChange.xml
----------------- Instantiating /home/travis/build/icyphy/ptII/ptolemy/domains/sdf/lib/test/auto/DynamicRateChange.xml
16 ms. Memory: 129024K Free: 75731K (59%)
----------------- Invoking toplevel() on ptolemy.moml.MoMLSimpleApplication@57eecc00
----------------- Done invoking toplevel() on ptolemy.moml.MoMLSimpleApplication@57eecc00
reloadAllAccessors: .DynamicRateChange

===========================================================================================
----------------- testing Mon Sep 28 16:57:40 UTC 2020 /home/travis/build/icyphy/ptII/ptolemy/domains/sdf/lib/test/auto/DynamicRates.xml
----------------- Instantiating /home/travis/build/icyphy/ptII/ptolemy/domains/sdf/lib/test/auto/DynamicRates.xml
12 ms. Memory: 129024K Free: 70989K (55%)
----------------- Invoking toplevel() on ptolemy.moml.MoMLSimpleApplication@3397e1ef
----------------- Done invoking toplevel() on ptolemy.moml.MoMLSimpleApplication@3397e1ef
reloadAllAccessors: .DynamicRates

===========================================================================================
----------------- testing Mon Sep 28 16:57:40 UTC 2020 /home/travis/build/icyphy/ptII/ptolemy/domains/sdf/lib/test/auto/FFT1.xml
----------------- Instantiating /home/travis/build/icyphy/ptII/ptolemy/domains/sdf/lib/test/auto/FFT1.xml
14 ms. Memory: 129024K Free: 66102K (51%)
----------------- Invoking toplevel() on ptolemy.moml.MoMLSimpleApplication@6c726d39
----------------- Done invoking toplevel() on ptolemy.moml.MoMLSimpleApplication@6c726d39
reloadAllAccessors: .FFT1

===========================================================================================
----------------- testing Mon Sep 28 16:57:40 UTC 2020 /home/travis/build/icyphy/ptII/ptolemy/domains/sdf/lib/test/auto/FIR1.xml
----------------- Instantiating /home/travis/build/icyphy/ptII/ptolemy/domains/sdf/lib/test/auto/FIR1.xml
23 ms. Memory: 129024K Free: 59725K (46%)
----------------- Invoking toplevel() on ptolemy.moml.MoMLSimpleApplication@13f04fc4
----------------- Done invoking toplevel() on ptolemy.moml.MoMLSimpleApplication@13f04fc4
reloadAllAccessors: .FIR1

===========================================================================================
----------------- testing Mon Sep 28 16:57:40 UTC 2020 /home/travis/build/icyphy/ptII/ptolemy/domains/sdf/lib/test/auto/FIR2.xml
----------------- Instantiating /home/travis/build/icyphy/ptII/ptolemy/domains/sdf/lib/test/auto/FIR2.xml
7 ms. Memory: 129024K Free: 112184K (87%)
----------------- Invoking toplevel() on ptolemy.moml.MoMLSimpleApplication@5cf4cbaa
----------------- Done invoking toplevel() on ptolemy.moml.MoMLSimpleApplication@5cf4cbaa
reloadAllAccessors: .FIR2

===========================================================================================
----------------- testing Mon Sep 28 16:57:40 UTC 2020 /home/travis/build/icyphy/ptII/ptolemy/domains/sdf/lib/test/auto/FIR4.xml
----------------- Instantiating /home/travis/build/icyphy/ptII/ptolemy/domains/sdf/lib/test/auto/FIR4.xml
8 ms. Memory: 129024K Free: 104342K (81%)
----------------- Invoking toplevel() on ptolemy.moml.MoMLSimpleApplication@28f3d125
----------------- Done invoking toplevel() on ptolemy.moml.MoMLSimpleApplication@28f3d125
reloadAllAccessors: .FIR4

===========================================================================================
----------------- testing Mon Sep 28 16:57:40 UTC 2020 /home/travis/build/icyphy/ptII/ptolemy/domains/sdf/lib/test/auto/FixJoin.xml
----------------- Instantiating /home/travis/build/icyphy/ptII/ptolemy/domains/sdf/lib/test/auto/FixJoin.xml
8 ms. Memory: 129024K Free: 99217K (77%)
----------------- Invoking toplevel() on ptolemy.moml.MoMLSimpleApplication@48d07023
----------------- Done invoking toplevel() on ptolemy.moml.MoMLSimpleApplication@48d07023
reloadAllAccessors: .FixJoin

===========================================================================================
----------------- testing Mon Sep 28 16:57:40 UTC 2020 /home/travis/build/icyphy/ptII/ptolemy/domains/sdf/lib/test/auto/IntJoin1.xml
----------------- Instantiating /home/travis/build/icyphy/ptII/ptolemy/domains/sdf/lib/test/auto/IntJoin1.xml
3 ms. Memory: 129024K Free: 95169K (74%)
----------------- Invoking toplevel() on ptolemy.moml.MoMLSimpleApplication@6cbc2362
----------------- Done invoking toplevel() on ptolemy.moml.MoMLSimpleApplication@6cbc2362
reloadAllAccessors: .IntJoin1

===========================================================================================
----------------- testing Mon Sep 28 16:57:40 UTC 2020 /home/travis/build/icyphy/ptII/ptolemy/domains/sdf/lib/test/auto/IntJoin2.xml
----------------- Instantiating /home/travis/build/icyphy/ptII/ptolemy/domains/sdf/lib/test/auto/IntJoin2.xml
5 ms. Memory: 129024K Free: 90505K (70%)
----------------- Invoking toplevel() on ptolemy.moml.MoMLSimpleApplication@6183a4e0
----------------- Done invoking toplevel() on ptolemy.moml.MoMLSimpleApplication@6183a4e0
reloadAllAccessors: .IntJoin2

===========================================================================================
----------------- testing Mon Sep 28 16:57:40 UTC 2020 /home/travis/build/icyphy/ptII/ptolemy/domains/sdf/lib/test/auto/IntJoin3.xml
----------------- Instantiating /home/travis/build/icyphy/ptII/ptolemy/domains/sdf/lib/test/auto/IntJoin3.xml
4 ms. Memory: 129024K Free: 86409K (67%)
----------------- Invoking toplevel() on ptolemy.moml.MoMLSimpleApplication@639e627a
----------------- Done invoking toplevel() on ptolemy.moml.MoMLSimpleApplication@639e627a
reloadAllAccessors: .IntJoin3

===========================================================================================
----------------- testing Mon Sep 28 16:57:40 UTC 2020 /home/travis/build/icyphy/ptII/ptolemy/domains/sdf/lib/test/auto/IntJoin4.xml
----------------- Instantiating /home/travis/build/icyphy/ptII/ptolemy/domains/sdf/lib/test/auto/IntJoin4.xml
5 ms. Memory: 129024K Free: 81809K (63%)
----------------- Invoking toplevel() on ptolemy.moml.MoMLSimpleApplication@4d7255cc
----------------- Done invoking toplevel() on ptolemy.moml.MoMLSimpleApplication@4d7255cc
reloadAllAccessors: .IntJoin4

===========================================================================================
----------------- testing Mon Sep 28 16:57:40 UTC 2020 /home/travis/build/icyphy/ptII/ptolemy/domains/sdf/lib/test/auto/IntJoin5.xml
----------------- Instantiating /home/travis/build/icyphy/ptII/ptolemy/domains/sdf/lib/test/auto/IntJoin5.xml
5 ms. Memory: 129024K Free: 77791K (60%)
----------------- Invoking toplevel() on ptolemy.moml.MoMLSimpleApplication@4cfd60e3
----------------- Done invoking toplevel() on ptolemy.moml.MoMLSimpleApplication@4cfd60e3
reloadAllAccessors: .IntJoin5

===========================================================================================
----------------- testing Mon Sep 28 16:57:40 UTC 2020 /home/travis/build/icyphy/ptII/ptolemy/domains/sdf/lib/test/auto/IntToBits.xml
----------------- Instantiating /home/travis/build/icyphy/ptII/ptolemy/domains/sdf/lib/test/auto/IntToBits.xml
8 ms. Memory: 129024K Free: 74296K (58%)
----------------- Invoking toplevel() on ptolemy.moml.MoMLSimpleApplication@73ab699d
----------------- Done invoking toplevel() on ptolemy.moml.MoMLSimpleApplication@73ab699d
reloadAllAccessors: .IntToBits

===========================================================================================
----------------- testing Mon Sep 28 16:57:40 UTC 2020 /home/travis/build/icyphy/ptII/ptolemy/domains/sdf/lib/test/auto/LMSAdaptive.xml
----------------- Instantiating /home/travis/build/icyphy/ptII/ptolemy/domains/sdf/lib/test/auto/LMSAdaptive.xml
23 ms. Memory: 129024K Free: 66064K (51%)
----------------- Invoking toplevel() on ptolemy.moml.MoMLSimpleApplication@b63d33a
----------------- Done invoking toplevel() on ptolemy.moml.MoMLSimpleApplication@b63d33a
reloadAllAccessors: .LMSAdaptive

===========================================================================================
----------------- testing Mon Sep 28 16:57:40 UTC 2020 /home/travis/build/icyphy/ptII/ptolemy/domains/sdf/lib/test/auto/LMSAdaptiveFIR.xml
----------------- Instantiating /home/travis/build/icyphy/ptII/ptolemy/domains/sdf/lib/test/auto/LMSAdaptiveFIR.xml
313 ms. Memory: 129024K Free: 94619K (73%)
----------------- Invoking toplevel() on ptolemy.moml.MoMLSimpleApplication@203bcde3
----------------- Done invoking toplevel() on ptolemy.moml.MoMLSimpleApplication@203bcde3
reloadAllAccessors: .LMSAdaptiveFIR

===========================================================================================
----------------- testing Mon Sep 28 16:57:41 UTC 2020 /home/travis/build/icyphy/ptII/ptolemy/domains/sdf/lib/test/auto/LMSAdaptiveFIR2.xml
----------------- Instantiating /home/travis/build/icyphy/ptII/ptolemy/domains/sdf/lib/test/auto/LMSAdaptiveFIR2.xml
401 ms. Memory: 155648K Free: 130851K (84%)
----------------- Invoking toplevel() on ptolemy.moml.MoMLSimpleApplication@233d1e73
----------------- Done invoking toplevel() on ptolemy.moml.MoMLSimpleApplication@233d1e73
reloadAllAccessors: .LMSAdaptiveFIR2

===========================================================================================
----------------- testing Mon Sep 28 16:57:41 UTC 2020 /home/travis/build/icyphy/ptII/ptolemy/domains/sdf/lib/test/auto/LongJoin.xml
----------------- Instantiating /home/travis/build/icyphy/ptII/ptolemy/domains/sdf/lib/test/auto/LongJoin.xml
8 ms. Memory: 155648K Free: 125814K (81%)
----------------- Invoking toplevel() on ptolemy.moml.MoMLSimpleApplication@34e20091
----------------- Done invoking toplevel() on ptolemy.moml.MoMLSimpleApplication@34e20091
reloadAllAccessors: .LongJoin

===========================================================================================
----------------- testing Mon Sep 28 16:57:41 UTC 2020 /home/travis/build/icyphy/ptII/ptolemy/domains/sdf/lib/test/auto/Matrix1.xml
----------------- Instantiating /home/travis/build/icyphy/ptII/ptolemy/domains/sdf/lib/test/auto/Matrix1.xml
3 ms. Memory: 155648K Free: 122340K (79%)
----------------- Invoking toplevel() on ptolemy.moml.MoMLSimpleApplication@7637e4ab
----------------- Done invoking toplevel() on ptolemy.moml.MoMLSimpleApplication@7637e4ab
reloadAllAccessors: .Matrix1

===========================================================================================
----------------- testing Mon Sep 28 16:57:41 UTC 2020 /home/travis/build/icyphy/ptII/ptolemy/domains/sdf/lib/test/auto/Matrix2.xml
----------------- Instantiating /home/travis/build/icyphy/ptII/ptolemy/domains/sdf/lib/test/auto/Matrix2.xml
9 ms. Memory: 155648K Free: 118246K (76%)
----------------- Invoking toplevel() on ptolemy.moml.MoMLSimpleApplication@49aa2069
----------------- Done invoking toplevel() on ptolemy.moml.MoMLSimpleApplication@49aa2069
reloadAllAccessors: .Matrix2

===========================================================================================
----------------- testing Mon Sep 28 16:57:41 UTC 2020 /home/travis/build/icyphy/ptII/ptolemy/domains/sdf/lib/test/auto/MatrixJoin1.xml
----------------- Instantiating /home/travis/build/icyphy/ptII/ptolemy/domains/sdf/lib/test/auto/MatrixJoin1.xml
3 ms. Memory: 155648K Free: 113534K (73%)
----------------- Invoking toplevel() on ptolemy.moml.MoMLSimpleApplication@4f9a5c3f
----------------- Done invoking toplevel() on ptolemy.moml.MoMLSimpleApplication@4f9a5c3f
reloadAllAccessors: .MatrixJoin1

===========================================================================================
----------------- testing Mon Sep 28 16:57:41 UTC 2020 /home/travis/build/icyphy/ptII/ptolemy/domains/sdf/lib/test/auto/MatrixJoin2.xml
----------------- Instantiating /home/travis/build/icyphy/ptII/ptolemy/domains/sdf/lib/test/auto/MatrixJoin2.xml
3 ms. Memory: 155648K Free: 108837K (70%)
----------------- Invoking toplevel() on ptolemy.moml.MoMLSimpleApplication@95e9ba1
----------------- Done invoking toplevel() on ptolemy.moml.MoMLSimpleApplication@95e9ba1
reloadAllAccessors: .MatrixJoin2

===========================================================================================
----------------- testing Mon Sep 28 16:57:42 UTC 2020 /home/travis/build/icyphy/ptII/ptolemy/domains/sdf/lib/test/auto/MatrixJoin3.xml
----------------- Instantiating /home/travis/build/icyphy/ptII/ptolemy/domains/sdf/lib/test/auto/MatrixJoin3.xml
6 ms. Memory: 155648K Free: 104318K (67%)
----------------- Invoking toplevel() on ptolemy.moml.MoMLSimpleApplication@5d6d6f02
----------------- Done invoking toplevel() on ptolemy.moml.MoMLSimpleApplication@5d6d6f02
reloadAllAccessors: .MatrixJoin3

===========================================================================================
----------------- testing Mon Sep 28 16:57:42 UTC 2020 /home/travis/build/icyphy/ptII/ptolemy/domains/sdf/lib/test/auto/MatrixJoin4.xml
----------------- Instantiating /home/travis/build/icyphy/ptII/ptolemy/domains/sdf/lib/test/auto/MatrixJoin4.xml
3 ms. Memory: 155648K Free: 100198K (64%)
----------------- Invoking toplevel() on ptolemy.moml.MoMLSimpleApplication@60a6eae0
----------------- Done invoking toplevel() on ptolemy.moml.MoMLSimpleApplication@60a6eae0
reloadAllAccessors: .MatrixJoin4

===========================================================================================
----------------- testing Mon Sep 28 16:57:42 UTC 2020 /home/travis/build/icyphy/ptII/ptolemy/domains/sdf/lib/test/auto/MatrixJoin5.xml
----------------- Instantiating /home/travis/build/icyphy/ptII/ptolemy/domains/sdf/lib/test/auto/MatrixJoin5.xml
2 ms. Memory: 155648K Free: 95102K (61%)
----------------- Invoking toplevel() on ptolemy.moml.MoMLSimpleApplication@3976b39b
----------------- Done invoking toplevel() on ptolemy.moml.MoMLSimpleApplication@3976b39b
reloadAllAccessors: .MatrixJoin5

===========================================================================================
----------------- testing Mon Sep 28 16:57:42 UTC 2020 /home/travis/build/icyphy/ptII/ptolemy/domains/sdf/lib/test/auto/MatrixSplit1.xml
----------------- Instantiating /home/travis/build/icyphy/ptII/ptolemy/domains/sdf/lib/test/auto/MatrixSplit1.xml
2 ms. Memory: 155648K Free: 89958K (58%)
----------------- Invoking toplevel() on ptolemy.moml.MoMLSimpleApplication@271cc78e
----------------- Done invoking toplevel() on ptolemy.moml.MoMLSimpleApplication@271cc78e
reloadAllAccessors: .MatrixSplit1

===========================================================================================
----------------- testing Mon Sep 28 16:57:42 UTC 2020 /home/travis/build/icyphy/ptII/ptolemy/domains/sdf/lib/test/auto/MatrixSplit10.xml
----------------- Instantiating /home/travis/build/icyphy/ptII/ptolemy/domains/sdf/lib/test/auto/MatrixSplit10.xml
3 ms. Memory: 155648K Free: 86309K (55%)
----------------- Invoking toplevel() on ptolemy.moml.MoMLSimpleApplication@743d6d7b
----------------- Done invoking toplevel() on ptolemy.moml.MoMLSimpleApplication@743d6d7b
reloadAllAccessors: .MatrixSplit10

===========================================================================================
----------------- testing Mon Sep 28 16:57:42 UTC 2020 /home/travis/build/icyphy/ptII/ptolemy/domains/sdf/lib/test/auto/MatrixSplit11.xml
----------------- Instantiating /home/travis/build/icyphy/ptII/ptolemy/domains/sdf/lib/test/auto/MatrixSplit11.xml
14 ms. Memory: 155648K Free: 82798K (53%)
----------------- Invoking toplevel() on ptolemy.moml.MoMLSimpleApplication@424a55f4
----------------- Done invoking toplevel() on ptolemy.moml.MoMLSimpleApplication@424a55f4
reloadAllAccessors: .MatrixSplit11

===========================================================================================
----------------- testing Mon Sep 28 16:57:42 UTC 2020 /home/travis/build/icyphy/ptII/ptolemy/domains/sdf/lib/test/auto/MatrixSplit12.xml
----------------- Instantiating /home/travis/build/icyphy/ptII/ptolemy/domains/sdf/lib/test/auto/MatrixSplit12.xml
2 ms. Memory: 155648K Free: 79141K (51%)
----------------- Invoking toplevel() on ptolemy.moml.MoMLSimpleApplication@526c7cc
----------------- Done invoking toplevel() on ptolemy.moml.MoMLSimpleApplication@526c7cc
reloadAllAccessors: .MatrixSplit12

===========================================================================================
----------------- testing Mon Sep 28 16:57:42 UTC 2020 /home/travis/build/icyphy/ptII/ptolemy/domains/sdf/lib/test/auto/MatrixSplit13.xml
----------------- Instantiating /home/travis/build/icyphy/ptII/ptolemy/domains/sdf/lib/test/auto/MatrixSplit13.xml
7 ms. Memory: 155648K Free: 75638K (49%)
----------------- Invoking toplevel() on ptolemy.moml.MoMLSimpleApplication@697351b8
----------------- Done invoking toplevel() on ptolemy.moml.MoMLSimpleApplication@697351b8
reloadAllAccessors: .MatrixSplit13

===========================================================================================
----------------- testing Mon Sep 28 16:57:42 UTC 2020 /home/travis/build/icyphy/ptII/ptolemy/domains/sdf/lib/test/auto/MatrixSplit14.xml
----------------- Instantiating /home/travis/build/icyphy/ptII/ptolemy/domains/sdf/lib/test/auto/MatrixSplit14.xml
3 ms. Memory: 155648K Free: 71973K (46%)
----------------- Invoking toplevel() on ptolemy.moml.MoMLSimpleApplication@6491cd43
----------------- Done invoking toplevel() on ptolemy.moml.MoMLSimpleApplication@6491cd43
reloadAllAccessors: .MatrixSplit14

===========================================================================================
----------------- testing Mon Sep 28 16:57:42 UTC 2020 /home/travis/build/icyphy/ptII/ptolemy/domains/sdf/lib/test/auto/MatrixSplit2.xml
----------------- Instantiating /home/travis/build/icyphy/ptII/ptolemy/domains/sdf/lib/test/auto/MatrixSplit2.xml
3 ms. Memory: 155648K Free: 68454K (44%)
----------------- Invoking toplevel() on ptolemy.moml.MoMLSimpleApplication@3b260b5e
----------------- Done invoking toplevel() on ptolemy.moml.MoMLSimpleApplication@3b260b5e
reloadAllAccessors: .MatrixSplit2

===========================================================================================
----------------- testing Mon Sep 28 16:57:42 UTC 2020 /home/travis/build/icyphy/ptII/ptolemy/domains/sdf/lib/test/auto/MatrixSplit3.xml
----------------- Instantiating /home/travis/build/icyphy/ptII/ptolemy/domains/sdf/lib/test/auto/MatrixSplit3.xml
3 ms. Memory: 155648K Free: 64805K (42%)
----------------- Invoking toplevel() on ptolemy.moml.MoMLSimpleApplication@115eda4c
----------------- Done invoking toplevel() on ptolemy.moml.MoMLSimpleApplication@115eda4c
reloadAllAccessors: .MatrixSplit3

===========================================================================================
----------------- testing Mon Sep 28 16:57:42 UTC 2020 /home/travis/build/icyphy/ptII/ptolemy/domains/sdf/lib/test/auto/MatrixSplit4.xml
----------------- Instantiating /home/travis/build/icyphy/ptII/ptolemy/domains/sdf/lib/test/auto/MatrixSplit4.xml
2 ms. Memory: 155648K Free: 61286K (39%)
----------------- Invoking toplevel() on ptolemy.moml.MoMLSimpleApplication@32a54393
----------------- Done invoking toplevel() on ptolemy.moml.MoMLSimpleApplication@32a54393
reloadAllAccessors: .MatrixSplit4

===========================================================================================
----------------- testing Mon Sep 28 16:57:42 UTC 2020 /home/travis/build/icyphy/ptII/ptolemy/domains/sdf/lib/test/auto/MatrixSplit5.xml
----------------- Instantiating /home/travis/build/icyphy/ptII/ptolemy/domains/sdf/lib/test/auto/MatrixSplit5.xml
2 ms. Memory: 155648K Free: 138512K (89%)
----------------- Invoking toplevel() on ptolemy.moml.MoMLSimpleApplication@63ee01f6
----------------- Done invoking toplevel() on ptolemy.moml.MoMLSimpleApplication@63ee01f6
reloadAllAccessors: .MatrixSplit5

===========================================================================================
----------------- testing Mon Sep 28 16:57:42 UTC 2020 /home/travis/build/icyphy/ptII/ptolemy/domains/sdf/lib/test/auto/MatrixSplit6.xml
----------------- Instantiating /home/travis/build/icyphy/ptII/ptolemy/domains/sdf/lib/test/auto/MatrixSplit6.xml
2 ms. Memory: 155648K Free: 135004K (87%)
----------------- Invoking toplevel() on ptolemy.moml.MoMLSimpleApplication@5f320082
----------------- Done invoking toplevel() on ptolemy.moml.MoMLSimpleApplication@5f320082
reloadAllAccessors: .MatrixSplit6

===========================================================================================
----------------- testing Mon Sep 28 16:57:42 UTC 2020 /home/travis/build/icyphy/ptII/ptolemy/domains/sdf/lib/test/auto/MatrixSplit7.xml
----------------- Instantiating /home/travis/build/icyphy/ptII/ptolemy/domains/sdf/lib/test/auto/MatrixSplit7.xml
2 ms. Memory: 155648K Free: 131526K (85%)
----------------- Invoking toplevel() on ptolemy.moml.MoMLSimpleApplication@76f23718
----------------- Done invoking toplevel() on ptolemy.moml.MoMLSimpleApplication@76f23718
reloadAllAccessors: .MatrixSplit7

===========================================================================================
----------------- testing Mon Sep 28 16:57:42 UTC 2020 /home/travis/build/icyphy/ptII/ptolemy/domains/sdf/lib/test/auto/MatrixSplit8.xml
----------------- Instantiating /home/travis/build/icyphy/ptII/ptolemy/domains/sdf/lib/test/auto/MatrixSplit8.xml
2 ms. Memory: 155648K Free: 127828K (82%)
----------------- Invoking toplevel() on ptolemy.moml.MoMLSimpleApplication@75b0dcb1
----------------- Done invoking toplevel() on ptolemy.moml.MoMLSimpleApplication@75b0dcb1
reloadAllAccessors: .MatrixSplit8

===========================================================================================
----------------- testing Mon Sep 28 16:57:42 UTC 2020 /home/travis/build/icyphy/ptII/ptolemy/domains/sdf/lib/test/auto/MatrixSplit9.xml
----------------- Instantiating /home/travis/build/icyphy/ptII/ptolemy/domains/sdf/lib/test/auto/MatrixSplit9.xml
2 ms. Memory: 155648K Free: 124176K (80%)
----------------- Invoking toplevel() on ptolemy.moml.MoMLSimpleApplication@1f1d76aa
----------------- Done invoking toplevel() on ptolemy.moml.MoMLSimpleApplication@1f1d76aa
reloadAllAccessors: .MatrixSplit9

===========================================================================================
----------------- testing Mon Sep 28 16:57:42 UTC 2020 /home/travis/build/icyphy/ptII/ptolemy/domains/sdf/lib/test/auto/MatrixToSequence.xml
----------------- Instantiating /home/travis/build/icyphy/ptII/ptolemy/domains/sdf/lib/test/auto/MatrixToSequence.xml
12 ms. Memory: 155648K Free: 115071K (74%)
----------------- Invoking toplevel() on ptolemy.moml.MoMLSimpleApplication@c88ee25
----------------- Done invoking toplevel() on ptolemy.moml.MoMLSimpleApplication@c88ee25
reloadAllAccessors: .MatrixToSequence

===========================================================================================
----------------- testing Mon Sep 28 16:57:42 UTC 2020 /home/travis/build/icyphy/ptII/ptolemy/domains/sdf/lib/test/auto/MaximumEntropySpectrum.xml
----------------- Instantiating /home/travis/build/icyphy/ptII/ptolemy/domains/sdf/lib/test/auto/MaximumEntropySpectrum.xml
15 ms. Memory: 155648K Free: 94058K (60%)
----------------- Invoking toplevel() on ptolemy.moml.MoMLSimpleApplication@3ec396d1
----------------- Done invoking toplevel() on ptolemy.moml.MoMLSimpleApplication@3ec396d1
reloadAllAccessors: .MaximumEntropySpectrum

===========================================================================================
----------------- testing Mon Sep 28 16:57:42 UTC 2020 /home/travis/build/icyphy/ptII/ptolemy/domains/sdf/lib/test/auto/SampleDelayConversion.xml
----------------- Instantiating /home/travis/build/icyphy/ptII/ptolemy/domains/sdf/lib/test/auto/SampleDelayConversion.xml
2 ms. Memory: 155648K Free: 89954K (58%)
----------------- Invoking toplevel() on ptolemy.moml.MoMLSimpleApplication@1903125c
----------------- Done invoking toplevel() on ptolemy.moml.MoMLSimpleApplication@1903125c
reloadAllAccessors: .SampleDelayConversion

===========================================================================================
----------------- testing Mon Sep 28 16:57:42 UTC 2020 /home/travis/build/icyphy/ptII/ptolemy/domains/sdf/lib/test/auto/SequenceToArray.xml
----------------- Instantiating /home/travis/build/icyphy/ptII/ptolemy/domains/sdf/lib/test/auto/SequenceToArray.xml
10 ms. Memory: 155648K Free: 79120K (51%)
----------------- Invoking toplevel() on ptolemy.moml.MoMLSimpleApplication@d28e702
----------------- Done invoking toplevel() on ptolemy.moml.MoMLSimpleApplication@d28e702
reloadAllAccessors: .SequenceToArray

===========================================================================================
----------------- testing Mon Sep 28 16:57:42 UTC 2020 /home/travis/build/icyphy/ptII/ptolemy/domains/sdf/lib/test/auto/SequenceToMatrix.xml
----------------- Instantiating /home/travis/build/icyphy/ptII/ptolemy/domains/sdf/lib/test/auto/SequenceToMatrix.xml
3400 ms. Memory: 155648K Free: 85098K (55%)
----------------- Invoking toplevel() on ptolemy.moml.MoMLSimpleApplication@3d66f3da
----------------- Done invoking toplevel() on ptolemy.moml.MoMLSimpleApplication@3d66f3da
reloadAllAccessors: .SequenceToMatrix

===========================================================================================
----------------- testing Mon Sep 28 16:57:46 UTC 2020 /home/travis/build/icyphy/ptII/ptolemy/domains/sdf/lib/test/auto/SmoothedPeriodogram.xml
----------------- Instantiating /home/travis/build/icyphy/ptII/ptolemy/domains/sdf/lib/test/auto/SmoothedPeriodogram.xml
21 ms. Memory: 155648K Free: 69738K (45%)
----------------- Invoking toplevel() on ptolemy.moml.MoMLSimpleApplication@41fd9a36
----------------- Done invoking toplevel() on ptolemy.moml.MoMLSimpleApplication@41fd9a36
reloadAllAccessors: .SmoothedPeriodogram

===========================================================================================
----------------- testing Mon Sep 28 16:57:46 UTC 2020 /home/travis/build/icyphy/ptII/ptolemy/domains/sdf/lib/test/auto/UpDownSample1.xml
----------------- Instantiating /home/travis/build/icyphy/ptII/ptolemy/domains/sdf/lib/test/auto/UpDownSample1.xml
4 ms. Memory: 155648K Free: 65642K (42%)
----------------- Invoking toplevel() on ptolemy.moml.MoMLSimpleApplication@7e31a994
----------------- Done invoking toplevel() on ptolemy.moml.MoMLSimpleApplication@7e31a994
reloadAllAccessors: .UpDownSample1

===========================================================================================
----------------- testing Mon Sep 28 16:57:46 UTC 2020 /home/travis/build/icyphy/ptII/ptolemy/domains/sdf/lib/test/auto/UpSample1.xml
----------------- Instantiating /home/travis/build/icyphy/ptII/ptolemy/domains/sdf/lib/test/auto/UpSample1.xml
2 ms. Memory: 155648K Free: 62056K (40%)
----------------- Invoking toplevel() on ptolemy.moml.MoMLSimpleApplication@3d8effa4
----------------- Done invoking toplevel() on ptolemy.moml.MoMLSimpleApplication@3d8effa4
reloadAllAccessors: .UpSample1

===========================================================================================
----------------- testing Mon Sep 28 16:57:46 UTC 2020 /home/travis/build/icyphy/ptII/ptolemy/domains/sdf/lib/test/auto/VariableFIR.xml
----------------- Instantiating /home/travis/build/icyphy/ptII/ptolemy/domains/sdf/lib/test/auto/VariableFIR.xml
10 ms. Memory: 155648K Free: 56936K (37%)
----------------- Invoking toplevel() on ptolemy.moml.MoMLSimpleApplication@4b62f268
----------------- Done invoking toplevel() on ptolemy.moml.MoMLSimpleApplication@4b62f268
reloadAllAccessors: .VariableFIR

===========================================================================================
----------------- testing Mon Sep 28 16:57:46 UTC 2020 /home/travis/build/icyphy/ptII/ptolemy/domains/sdf/lib/test/auto/VariableFIR2.xml
----------------- Instantiating /home/travis/build/icyphy/ptII/ptolemy/domains/sdf/lib/test/auto/VariableFIR2.xml
4 ms. Memory: 155648K Free: 51802K (33%)
----------------- Invoking toplevel() on ptolemy.moml.MoMLSimpleApplication@23bb7e8d
----------------- Done invoking toplevel() on ptolemy.moml.MoMLSimpleApplication@23bb7e8d
reloadAllAccessors: .VariableFIR2

===========================================================================================
----------------- testing Mon Sep 28 16:57:46 UTC 2020 /home/travis/build/icyphy/ptII/ptolemy/domains/sdf/lib/test/auto/VariableLattice.xml
----------------- Instantiating /home/travis/build/icyphy/ptII/ptolemy/domains/sdf/lib/test/auto/VariableLattice.xml
4 ms. Memory: 155648K Free: 136492K (88%)
----------------- Invoking toplevel() on ptolemy.moml.MoMLSimpleApplication@5a2b3bfb
----------------- Done invoking toplevel() on ptolemy.moml.MoMLSimpleApplication@5a2b3bfb
reloadAllAccessors: .VariableLattice

===========================================================================================
----------------- testing Mon Sep 28 16:57:46 UTC 2020 /home/travis/build/icyphy/ptII/ptolemy/domains/sdf/lib/test/auto/VariableLattice2.xml
----------------- Instantiating /home/travis/build/icyphy/ptII/ptolemy/domains/sdf/lib/test/auto/VariableLattice2.xml
1.0
-1.999999602036
1.9099998677481
-0.9099996420674
0.205
0.0
0.0
1.0
-0.25
-0.5
0.0
0.0
0.0
0.0
8 ms. Memory: 155648K Free: 131886K (85%)
----------------- Invoking toplevel() on ptolemy.moml.MoMLSimpleApplication@14fc09b5
----------------- Done invoking toplevel() on ptolemy.moml.MoMLSimpleApplication@14fc09b5
reloadAllAccessors: .VariableLattice2

===========================================================================================
----------------- testing Mon Sep 28 16:57:46 UTC 2020 /home/travis/build/icyphy/ptII/ptolemy/domains/sdf/lib/test/auto/VariableRecursiveLattice.xml
----------------- Instantiating /home/travis/build/icyphy/ptII/ptolemy/domains/sdf/lib/test/auto/VariableRecursiveLattice.xml
4 ms. Memory: 155648K Free: 127276K (82%)
----------------- Invoking toplevel() on ptolemy.moml.MoMLSimpleApplication@6736eb5a
----------------- Done invoking toplevel() on ptolemy.moml.MoMLSimpleApplication@6736eb5a
reloadAllAccessors: .VariableRecursiveLattice

===========================================================================================
----------------- testing Mon Sep 28 16:57:46 UTC 2020 /home/travis/build/icyphy/ptII/ptolemy/domains/sdf/lib/test/auto/VariableRecursiveLattice2.xml
----------------- Instantiating /home/travis/build/icyphy/ptII/ptolemy/domains/sdf/lib/test/auto/VariableRecursiveLattice2.xml
2 ms. Memory: 155648K Free: 123694K (79%)
----------------- Invoking toplevel() on ptolemy.moml.MoMLSimpleApplication@575f5f2b
----------------- Done invoking toplevel() on ptolemy.moml.MoMLSimpleApplication@575f5f2b
reloadAllAccessors: .VariableRecursiveLattice2
AutoTests.java: About to close Vertx.
AutoTests.java: Vertx closed.
]]></system-out>
  <system-err><![CDATA[]]></system-err>
</testsuite>
