<?xml version="1.0" encoding="UTF-8" ?>
<testsuite errors="0" failures="0" hostname="travis-job-addb1ce9-5630-4f1b-a03b-2fbc33e5f5aa" name="ptolemy.domains.de.test.junit.JUnitTclTest" skipped="0" tests="101" time="123.045" timestamp="2020-05-01T14:08:25">
  <properties>
[...]
</properties>
  <testcase classname="ptolemy.util.test.junit.TclTests" name="[0] /home/travis/build/icyphy/ptII/ptolemy/domains/de/test/DependencyLoop.tcl (RunTclFile)" time="1.005" />
  <testcase classname="ptolemy.util.test.junit.TclTests" name="[1] /home/travis/build/icyphy/ptII/ptolemy/domains/de/test/RunDETestsAsQSS.tcl (RunTclFile)" time="83.346" />
  <testcase classname="ptolemy.util.test.junit.AutoKnownFailedTests" name="[0] /home/travis/build/icyphy/ptII/ptolemy/domains/de/test/auto/knownFailedTests/DESDFClockTest.xml (RunModel)" time="2.056" />
  <testcase classname="ptolemy.util.test.junit.AutoKnownFailedTests" name="[1] /home/travis/build/icyphy/ptII/ptolemy/domains/de/test/auto/knownFailedTests/DirectFeedback.xml (RunModel)" time="0.021" />
  <testcase classname="ptolemy.util.test.junit.AutoKnownFailedTests" name="[2] /home/travis/build/icyphy/ptII/ptolemy/domains/de/test/auto/knownFailedTests/FSMSource.xml (RunModel)" time="0.045" />
  <testcase classname="ptolemy.util.test.junit.AutoKnownFailedTests" name="[3] /home/travis/build/icyphy/ptII/ptolemy/domains/de/test/auto/knownFailedTests/HierarchicalModel.xml (RunModel)" time="0.049" />
  <testcase classname="ptolemy.util.test.junit.AutoKnownFailedTests" name="[4] /home/travis/build/icyphy/ptII/ptolemy/domains/de/test/auto/knownFailedTests/dependencyLoop.xml (RunModel)" time="0.053" />
  <testcase classname="ptolemy.util.test.junit.AutoKnownFailedTests" name="[5] /home/travis/build/icyphy/ptII/ptolemy/domains/de/test/auto/knownFailedTests/dependencyLoop2.xml (RunModel)" time="0.051" />
  <testcase classname="ptolemy.util.test.junit.AutoNameArchTests" name="[0] ThereAreNoAutoArchTests (RunModel)" time="0.002" />
  <testcase classname="ptolemy.util.test.junit.AutoTests" name="[0] /home/travis/build/icyphy/ptII/ptolemy/domains/de/test/auto/ActorDepthCalculation_actorWithoutPorts.xml (RunModel)" time="0.028" />
  <testcase classname="ptolemy.util.test.junit.AutoTests" name="[1] /home/travis/build/icyphy/ptII/ptolemy/domains/de/test/auto/AssemblyLine.xml (RunModel)" time="0.028" />
  <testcase classname="ptolemy.util.test.junit.AutoTests" name="[2] /home/travis/build/icyphy/ptII/ptolemy/domains/de/test/auto/CQBug1.xml (RunModel)" time="0.015" />
  <testcase classname="ptolemy.util.test.junit.AutoTests" name="[3] /home/travis/build/icyphy/ptII/ptolemy/domains/de/test/auto/CancelFireAt.xml (RunModel)" time="0.025" />
  <testcase classname="ptolemy.util.test.junit.AutoTests" name="[4] /home/travis/build/icyphy/ptII/ptolemy/domains/de/test/auto/CausalityAndComposabilityAnalysis.xml (RunModel)" time="0.017" />
  <testcase classname="ptolemy.util.test.junit.AutoTests" name="[5] /home/travis/build/icyphy/ptII/ptolemy/domains/de/test/auto/CausalityInterface1.xml (RunModel)" time="0.017" />
  <testcase classname="ptolemy.util.test.junit.AutoTests" name="[6] /home/travis/build/icyphy/ptII/ptolemy/domains/de/test/auto/CausalityInterface15.xml (RunModel)" time="0.015" />
  <testcase classname="ptolemy.util.test.junit.AutoTests" name="[7] /home/travis/build/icyphy/ptII/ptolemy/domains/de/test/auto/CausalityInterface2.xml (RunModel)" time="0.014" />
  <testcase classname="ptolemy.util.test.junit.AutoTests" name="[8] /home/travis/build/icyphy/ptII/ptolemy/domains/de/test/auto/CausalityInterface3.xml (RunModel)" time="0.014" />
  <testcase classname="ptolemy.util.test.junit.AutoTests" name="[9] /home/travis/build/icyphy/ptII/ptolemy/domains/de/test/auto/ClockDrift.xml (RunModel)" time="0.04" />
  <testcase classname="ptolemy.util.test.junit.AutoTests" name="[10] /home/travis/build/icyphy/ptII/ptolemy/domains/de/test/auto/ClockDriftAndValueChange.xml (RunModel)" time="0.034" />
  <testcase classname="ptolemy.util.test.junit.AutoTests" name="[11] /home/travis/build/icyphy/ptII/ptolemy/domains/de/test/auto/ClockDriftChange.xml (RunModel)" time="0.031" />
  <testcase classname="ptolemy.util.test.junit.AutoTests" name="[12] /home/travis/build/icyphy/ptII/ptolemy/domains/de/test/auto/ComposableCausalityAnalysis.xml (RunModel)" time="0.014" />
  <testcase classname="ptolemy.util.test.junit.AutoTests" name="[13] /home/travis/build/icyphy/ptII/ptolemy/domains/de/test/auto/DEFixedPointLimitation.xml (RunModel)" time="0.009" />
  <testcase classname="ptolemy.util.test.junit.AutoTests" name="[14] /home/travis/build/icyphy/ptII/ptolemy/domains/de/test/auto/DEScheduleTest.xml (RunModel)" time="0.016" />
  <testcase classname="ptolemy.util.test.junit.AutoTests" name="[15] /home/travis/build/icyphy/ptII/ptolemy/domains/de/test/auto/DEinDEwithStartTimes.xml (RunModel)" time="0.015" />
  <testcase classname="ptolemy.util.test.junit.AutoTests" name="[16] /home/travis/build/icyphy/ptII/ptolemy/domains/de/test/auto/DEinDEwithStartTimes2.xml (RunModel)" time="0.024" />
  <testcase classname="ptolemy.util.test.junit.AutoTests" name="[17] /home/travis/build/icyphy/ptII/ptolemy/domains/de/test/auto/DateDemo.xml (RunModel)" time="0.032" />
  <testcase classname="ptolemy.util.test.junit.AutoTests" name="[18] /home/travis/build/icyphy/ptII/ptolemy/domains/de/test/auto/DateToEvent.xml (RunModel)" time="2.041" />
  <testcase classname="ptolemy.util.test.junit.AutoTests" name="[19] /home/travis/build/icyphy/ptII/ptolemy/domains/de/test/auto/DepthTest1.xml (RunModel)" time="0.013" />
  <testcase classname="ptolemy.util.test.junit.AutoTests" name="[20] /home/travis/build/icyphy/ptII/ptolemy/domains/de/test/auto/DepthTest2.xml (RunModel)" time="0.021" />
  <testcase classname="ptolemy.util.test.junit.AutoTests" name="[21] /home/travis/build/icyphy/ptII/ptolemy/domains/de/test/auto/DepthTest3.xml (RunModel)" time="0.009" />
  <testcase classname="ptolemy.util.test.junit.AutoTests" name="[22] /home/travis/build/icyphy/ptII/ptolemy/domains/de/test/auto/DepthTest4.xml (RunModel)" time="0.019" />
  <testcase classname="ptolemy.util.test.junit.AutoTests" name="[23] /home/travis/build/icyphy/ptII/ptolemy/domains/de/test/auto/DepthTest5.xml (RunModel)" time="0.017" />
  <testcase classname="ptolemy.util.test.junit.AutoTests" name="[24] /home/travis/build/icyphy/ptII/ptolemy/domains/de/test/auto/DepthTest6.xml (RunModel)" time="0.015" />
  <testcase classname="ptolemy.util.test.junit.AutoTests" name="[25] /home/travis/build/icyphy/ptII/ptolemy/domains/de/test/auto/DepthTest7.xml (RunModel)" time="0.013" />
  <testcase classname="ptolemy.util.test.junit.AutoTests" name="[26] /home/travis/build/icyphy/ptII/ptolemy/domains/de/test/auto/EventToDate.xml (RunModel)" time="3.035" />
  <testcase classname="ptolemy.util.test.junit.AutoTests" name="[27] /home/travis/build/icyphy/ptII/ptolemy/domains/de/test/auto/FSM1.xml (RunModel)" time="0.054" />
  <testcase classname="ptolemy.util.test.junit.AutoTests" name="[28] /home/travis/build/icyphy/ptII/ptolemy/domains/de/test/auto/FSM7.xml (RunModel)" time="0.04" />
  <testcase classname="ptolemy.util.test.junit.AutoTests" name="[29] /home/travis/build/icyphy/ptII/ptolemy/domains/de/test/auto/Inspection.xml (RunModel)" time="0.042" />
  <testcase classname="ptolemy.util.test.junit.AutoTests" name="[30] /home/travis/build/icyphy/ptII/ptolemy/domains/de/test/auto/Iteration.xml (RunModel)" time="0.032" />
  <testcase classname="ptolemy.util.test.junit.AutoTests" name="[31] /home/travis/build/icyphy/ptII/ptolemy/domains/de/test/auto/LineFault.xml (RunModel)" time="0.562" />
  <testcase classname="ptolemy.util.test.junit.AutoTests" name="[32] /home/travis/build/icyphy/ptII/ptolemy/domains/de/test/auto/MergeModel1Add.xml (RunModel)" time="0.046" />
  <testcase classname="ptolemy.util.test.junit.AutoTests" name="[33] /home/travis/build/icyphy/ptII/ptolemy/domains/de/test/auto/MergeModel2Add.xml (RunModel)" time="0.04" />
  <testcase classname="ptolemy.util.test.junit.AutoTests" name="[34] /home/travis/build/icyphy/ptII/ptolemy/domains/de/test/auto/MergeModel3Add.xml (RunModel)" time="0.047" />
  <testcase classname="ptolemy.util.test.junit.AutoTests" name="[35] /home/travis/build/icyphy/ptII/ptolemy/domains/de/test/auto/MergeWithoutDiscard.xml (RunModel)" time="0.012" />
  <testcase classname="ptolemy.util.test.junit.AutoTests" name="[36] /home/travis/build/icyphy/ptII/ptolemy/domains/de/test/auto/Modal1.xml (RunModel)" time="0.028" />
  <testcase classname="ptolemy.util.test.junit.AutoTests" name="[37] /home/travis/build/icyphy/ptII/ptolemy/domains/de/test/auto/Modal2.xml (RunModel)" time="0.028" />
  <testcase classname="ptolemy.util.test.junit.AutoTests" name="[38] /home/travis/build/icyphy/ptII/ptolemy/domains/de/test/auto/Modal3.xml (RunModel)" time="0.029" />
  <testcase classname="ptolemy.util.test.junit.AutoTests" name="[39] /home/travis/build/icyphy/ptII/ptolemy/domains/de/test/auto/Modal4.xml (RunModel)" time="0.031" />
  <testcase classname="ptolemy.util.test.junit.AutoTests" name="[40] /home/travis/build/icyphy/ptII/ptolemy/domains/de/test/auto/Modal5.xml (RunModel)" time="0.032" />
  <testcase classname="ptolemy.util.test.junit.AutoTests" name="[41] /home/travis/build/icyphy/ptII/ptolemy/domains/de/test/auto/Modal6.xml (RunModel)" time="0.027" />
  <testcase classname="ptolemy.util.test.junit.AutoTests" name="[42] /home/travis/build/icyphy/ptII/ptolemy/domains/de/test/auto/Modal7.xml (RunModel)" time="0.038" />
  <testcase classname="ptolemy.util.test.junit.AutoTests" name="[43] /home/travis/build/icyphy/ptII/ptolemy/domains/de/test/auto/ModalModel.xml (RunModel)" time="0.165" />
  <testcase classname="ptolemy.util.test.junit.AutoTests" name="[44] /home/travis/build/icyphy/ptII/ptolemy/domains/de/test/auto/ModalSource.xml (RunModel)" time="0.016" />
  <testcase classname="ptolemy.util.test.junit.AutoTests" name="[45] /home/travis/build/icyphy/ptII/ptolemy/domains/de/test/auto/NonInterruptibleTimerZeroDelay.xml (RunModel)" time="0.01" />
  <testcase classname="ptolemy.util.test.junit.AutoTests" name="[46] /home/travis/build/icyphy/ptII/ptolemy/domains/de/test/auto/OpenQueueingNetwork.xml (RunModel)" time="2.272" />
  <testcase classname="ptolemy.util.test.junit.AutoTests" name="[47] /home/travis/build/icyphy/ptII/ptolemy/domains/de/test/auto/OpenQueuingNetwork.xml (RunModel)" time="0.275" />
  <testcase classname="ptolemy.util.test.junit.AutoTests" name="[48] /home/travis/build/icyphy/ptII/ptolemy/domains/de/test/auto/PeriodicSampler.xml (RunModel)" time="0.011" />
  <testcase classname="ptolemy.util.test.junit.AutoTests" name="[49] /home/travis/build/icyphy/ptII/ptolemy/domains/de/test/auto/PersistentIO.xml (RunModel)" time="0.023" />
  <testcase classname="ptolemy.util.test.junit.AutoTests" name="[50] /home/travis/build/icyphy/ptII/ptolemy/domains/de/test/auto/PortParameterResetOnInitialize.xml (RunModel)" time="0.009" />
  <testcase classname="ptolemy.util.test.junit.AutoTests" name="[51] /home/travis/build/icyphy/ptII/ptolemy/domains/de/test/auto/PortParameterUpdates.xml (RunModel)" time="0.015" />
  <testcase classname="ptolemy.util.test.junit.AutoTests" name="[52] /home/travis/build/icyphy/ptII/ptolemy/domains/de/test/auto/QueueAndServer.xml (RunModel)" time="0.019" />
  <testcase classname="ptolemy.util.test.junit.AutoTests" name="[53] /home/travis/build/icyphy/ptII/ptolemy/domains/de/test/auto/Records.xml (RunModel)" time="0.014" />
  <testcase classname="ptolemy.util.test.junit.AutoTests" name="[54] /home/travis/build/icyphy/ptII/ptolemy/domains/de/test/auto/ResetTransitionWithStartTime1.xml (RunModel)" time="0.022" />
  <testcase classname="ptolemy.util.test.junit.AutoTests" name="[55] /home/travis/build/icyphy/ptII/ptolemy/domains/de/test/auto/ResetTransitionWithStartTime2.xml (RunModel)" time="0.025" />
  <testcase classname="ptolemy.util.test.junit.AutoTests" name="[56] /home/travis/build/icyphy/ptII/ptolemy/domains/de/test/auto/ResetTransitionWithStartTime3.xml (RunModel)" time="0.02" />
  <testcase classname="ptolemy.util.test.junit.AutoTests" name="[57] /home/travis/build/icyphy/ptII/ptolemy/domains/de/test/auto/ResetTransitionWithStartTime4.xml (RunModel)" time="0.018" />
  <testcase classname="ptolemy.util.test.junit.AutoTests" name="[58] /home/travis/build/icyphy/ptII/ptolemy/domains/de/test/auto/ResettableTimer1.xml (RunModel)" time="0.013" />
  <testcase classname="ptolemy.util.test.junit.AutoTests" name="[59] /home/travis/build/icyphy/ptII/ptolemy/domains/de/test/auto/ResettableTimer2.xml (RunModel)" time="0.012" />
  <testcase classname="ptolemy.util.test.junit.AutoTests" name="[60] /home/travis/build/icyphy/ptII/ptolemy/domains/de/test/auto/ResettableTimer3.xml (RunModel)" time="0.011" />
  <testcase classname="ptolemy.util.test.junit.AutoTests" name="[61] /home/travis/build/icyphy/ptII/ptolemy/domains/de/test/auto/ResettableTimer4.xml (RunModel)" time="0.012" />
  <testcase classname="ptolemy.util.test.junit.AutoTests" name="[62] /home/travis/build/icyphy/ptII/ptolemy/domains/de/test/auto/ResettableTimer5.xml (RunModel)" time="0.011" />
  <testcase classname="ptolemy.util.test.junit.AutoTests" name="[63] /home/travis/build/icyphy/ptII/ptolemy/domains/de/test/auto/ResettableTimer6.xml (RunModel)" time="0.018" />
  <testcase classname="ptolemy.util.test.junit.AutoTests" name="[64] /home/travis/build/icyphy/ptII/ptolemy/domains/de/test/auto/ServerZeroDelay.xml (RunModel)" time="0.01" />
  <testcase classname="ptolemy.util.test.junit.AutoTests" name="[65] /home/travis/build/icyphy/ptII/ptolemy/domains/de/test/auto/SmartSender.xml (RunModel)" time="3.009" />
  <testcase classname="ptolemy.util.test.junit.AutoTests" name="[66] /home/travis/build/icyphy/ptII/ptolemy/domains/de/test/auto/ThreadedComposite.xml (RunModel)" time="0.227" />
  <testcase classname="ptolemy.util.test.junit.AutoTests" name="[67] /home/travis/build/icyphy/ptII/ptolemy/domains/de/test/auto/Time.xml (RunModel)" time="0.373" />
  <testcase classname="ptolemy.util.test.junit.AutoTests" name="[68] /home/travis/build/icyphy/ptII/ptolemy/domains/de/test/auto/TimeDelayZeroDelay.xml (RunModel)" time="0.011" />
  <testcase classname="ptolemy.util.test.junit.AutoTests" name="[69] /home/travis/build/icyphy/ptII/ptolemy/domains/de/test/auto/TimerZeroDelay.xml (RunModel)" time="0.011" />
  <testcase classname="ptolemy.util.test.junit.AutoTests" name="[70] /home/travis/build/icyphy/ptII/ptolemy/domains/de/test/auto/TimingParadox.xml (RunModel)" time="0.31" />
  <testcase classname="ptolemy.util.test.junit.AutoTests" name="[71] /home/travis/build/icyphy/ptII/ptolemy/domains/de/test/auto/TransferInputs.xml (RunModel)" time="0.014" />
  <testcase classname="ptolemy.util.test.junit.AutoTests" name="[72] /home/travis/build/icyphy/ptII/ptolemy/domains/de/test/auto/TransferOutputs2.xml (RunModel)" time="0.017" />
  <testcase classname="ptolemy.util.test.junit.AutoTests" name="[73] /home/travis/build/icyphy/ptII/ptolemy/domains/de/test/auto/Trilateration.xml (RunModel)" time="10.085" />
  <testcase classname="ptolemy.util.test.junit.AutoTests" name="[74] /home/travis/build/icyphy/ptII/ptolemy/domains/de/test/auto/TwoSigmaDelta.xml (RunModel)" time="1.841" />
  <testcase classname="ptolemy.util.test.junit.AutoTests" name="[75] /home/travis/build/icyphy/ptII/ptolemy/domains/de/test/auto/VariableDelay.xml (RunModel)" time="0.015" />
  <testcase classname="ptolemy.util.test.junit.AutoTests" name="[76] /home/travis/build/icyphy/ptII/ptolemy/domains/de/test/auto/VariableDelay2.xml (RunModel)" time="0.017" />
  <testcase classname="ptolemy.util.test.junit.AutoTests" name="[77] /home/travis/build/icyphy/ptII/ptolemy/domains/de/test/auto/VariableDelayZeroDelay.xml (RunModel)" time="0.015" />
  <testcase classname="ptolemy.util.test.junit.AutoTests" name="[78] /home/travis/build/icyphy/ptII/ptolemy/domains/de/test/auto/VariableDelayZeroDelay2.xml (RunModel)" time="0.015" />
  <testcase classname="ptolemy.util.test.junit.AutoTests" name="[79] /home/travis/build/icyphy/ptII/ptolemy/domains/de/test/auto/deInCt.xml (RunModel)" time="0.017" />
  <testcase classname="ptolemy.util.test.junit.AutoTests" name="[80] /home/travis/build/icyphy/ptII/ptolemy/domains/de/test/auto/deInCt2.xml (RunModel)" time="0.018" />
  <testcase classname="ptolemy.util.test.junit.AutoTests" name="[81] /home/travis/build/icyphy/ptII/ptolemy/domains/de/test/auto/dynamicCausalityInterface1.xml (RunModel)" time="0.027" />
  <testcase classname="ptolemy.util.test.junit.AutoTests" name="[82] /home/travis/build/icyphy/ptII/ptolemy/domains/de/test/auto/fsm_de_test.xml (RunModel)" time="0.06" />
  <testcase classname="ptolemy.util.test.junit.AutoTests" name="[83] /home/travis/build/icyphy/ptII/ptolemy/domains/de/test/auto/functionDependencyReconstruction.xml (RunModel)" time="0.079" />
  <testcase classname="ptolemy.util.test.junit.AutoTests" name="[84] /home/travis/build/icyphy/ptII/ptolemy/domains/de/test/auto/multirate.xml (RunModel)" time="0.051" />
  <testcase classname="ptolemy.util.test.junit.AutoTests" name="[85] /home/travis/build/icyphy/ptII/ptolemy/domains/de/test/auto/multirate2.xml (RunModel)" time="0.046" />
  <testcase classname="ptolemy.util.test.junit.AutoTests" name="[86] /home/travis/build/icyphy/ptII/ptolemy/domains/de/test/auto/realtime.xml (RunModel)" time="10.023" />
  <testcase classname="ptolemy.util.test.junit.AutoTests" name="[87] /home/travis/build/icyphy/ptII/ptolemy/domains/de/test/auto/relationGroup.xml (RunModel)" time="0.016" />
  <testcase classname="ptolemy.util.test.junit.AutoTests" name="[88] /home/travis/build/icyphy/ptII/ptolemy/domains/de/test/auto/relationGroup2.xml (RunModel)" time="0.014" />
  <testcase classname="ptolemy.util.test.junit.AutoTests" name="[89] /home/travis/build/icyphy/ptII/ptolemy/domains/de/test/auto/sortWithOpaquePorts.xml (RunModel)" time="0.037" />
  <testcase classname="ptolemy.util.test.junit.AutoTests" name="[90] /home/travis/build/icyphy/ptII/ptolemy/domains/de/test/auto/transferInputsandOutputs.xml (RunModel)" time="0.021" />
  <testcase classname="ptolemy.util.test.junit.AutoTests" name="[91] /home/travis/build/icyphy/ptII/ptolemy/domains/de/test/auto/triggerType.xml (RunModel)" time="0.01" />
  <system-out><![CDATA[/home/travis/build/icyphy/ptII/ptolemy/domains/de/test/DependencyLoop.tcl
testDefs.tcl: setting time out to 9000 seconds at Fri May 01 14:08:25 UTC 2020
84 ms. Memory: 129024K Free: 78791K (61%)
23 ms. Memory: 129024K Free: 61383K (48%)
/home/travis/build/icyphy/ptII/ptolemy/domains/de/test/RunDETestsAsQSS.tcl
Run the DE tests using ptolemy.domains.qss.test.QSSDirectorTest, which extends QSSDirector and prints a message in the constructors.
------------------ testing $PTII/ptolemy/domains/de/test/auto/knownFailedTests/DirectFeedback.xml (Known Failure) 
52 ms. Memory: 129024K Free: 56263K (44%)


==== $PTIIhome/travis/build/icyphy/ptII/ptolemy/domains/de/test/../../../../: Auto Automatic test in file $PTII/ptolemy/domains/de/test/auto/knownFailedTests/DirectFeedback.xml
==== Contents of test case:

	    # FIXME: we should use $relativeFilename here, but it
	    # might have backslashes under Windows, which causes no end
	    # of trouble.
	    createAndExecute $file
	    list {}
	
.... Test generated KNOWN error:
    while executing
ptolemy.kernel.util.IllegalActionException: Test fails in iteration 1.
Value was: 1.0. Should have been: 2.0
  in .DirectFeedback.Test
	at ptolemy.actor.lib.Test.fire(Test.java:268)
	at ptolemy.domains.de.kernel.DEDirector._fire(DEDirector.java:1949)
	at ptolemy.domains.de.kernel.DEDirector.fire(DEDirector.java:502)
	at ptolemy.actor.CompositeActor.fire(CompositeActor.java:455)
	at ptolemy.actor.Manager.iterate(Manager.java:851)
	at ptolemy.actor.Manager.execute(Manager.java:369)
	at ptolemy.actor.Manager.run(Manager.java:1263)
	at ptolemy.actor.Manager$PtolemyRunThread.run(Manager.java:1933)

    while executing
ptolemy.kernel.util.IllegalActionException: Test fails in iteration 1.
Value was: 1.0. Should have been: 2.0
  in .DirectFeedback.Test
    while executing
"java::new ptolemy.moml.MoMLSimpleApplication $file
"
    (procedure "createAndExecute" line 2)
    invoked from within
"createAndExecute $file"
    ("uplevel" body line 5)
    invoked from within
"uplevel $contents_of_test"
------------------ testing $PTII/ptolemy/domains/de/test/auto/knownFailedTests/dependencyLoop.xml (Known Failure) 
15 ms. Memory: 129024K Free: 53191K (41%)


==== $PTIIhome/travis/build/icyphy/ptII/ptolemy/domains/de/test/../../../../: Auto Automatic test in file $PTII/ptolemy/domains/de/test/auto/knownFailedTests/dependencyLoop.xml
==== Contents of test case:

	    # FIXME: we should use $relativeFilename here, but it
	    # might have backslashes under Windows, which causes no end
	    # of trouble.
	    createAndExecute $file
	    list {}
	
.... Test generated KNOWN error:
    while executing
ptolemy.kernel.util.IllegalActionException: Found a zero delay loop containing .dependencyLoop.original
  in .dependencyLoop and .dependencyLoop.original
	at ptolemy.actor.util.CausalityInterfaceForComposites._computeOutputPortDepth(CausalityInterfaceForComposites.java:759)
	at ptolemy.actor.util.CausalityInterfaceForComposites._computeInputDepth(CausalityInterfaceForComposites.java:696)
	at ptolemy.actor.util.CausalityInterfaceForComposites._computeOutputPortDepth(CausalityInterfaceForComposites.java:765)
	at ptolemy.actor.util.CausalityInterfaceForComposites._computeInputDepth(CausalityInterfaceForComposites.java:696)
	at ptolemy.actor.util.CausalityInterfaceForComposites._computeOutputPortDepth(CausalityInterfaceForComposites.java:765)
	at ptolemy.actor.util.CausalityInterfaceForComposites._computeInputDepth(CausalityInterfaceForComposites.java:696)
	at ptolemy.actor.util.CausalityInterfaceForComposites._computeActorDepth(CausalityInterfaceForComposites.java:532)
	at ptolemy.actor.util.CausalityInterfaceForComposites.checkForCycles(CausalityInterfaceForComposites.java:96)
	at ptolemy.domains.de.kernel.DEDirector.preinitialize(DEDirector.java:1338)
	at ptolemy.actor.CompositeActor.preinitialize(CompositeActor.java:1828)
	at ptolemy.actor.Manager.preinitializeAndResolveTypes(Manager.java:1040)
	at ptolemy.actor.Manager.initialize(Manager.java:710)
	at ptolemy.actor.Manager.execute(Manager.java:356)
	at ptolemy.actor.Manager.run(Manager.java:1263)
	at ptolemy.actor.Manager$PtolemyRunThread.run(Manager.java:1933)

    while executing
ptolemy.kernel.util.IllegalActionException: Found a zero delay loop containing .dependencyLoop.original
  in .dependencyLoop and .dependencyLoop.original
    while executing
"java::new ptolemy.moml.MoMLSimpleApplication $file
"
    (procedure "createAndExecute" line 2)
    invoked from within
"createAndExecute $file"
    ("uplevel" body line 5)
    invoked from within
"uplevel $contents_of_test"
------------------ testing $PTII/ptolemy/domains/de/test/auto/knownFailedTests/FSMSource.xml (Known Failure) 
72 ms. Memory: 129024K Free: 111699K (87%)
!!!! Auto was marked as failing, but now passes
------------------ testing $PTII/ptolemy/domains/de/test/auto/knownFailedTests/HierarchicalModel.xml (Known Failure) 
6 ms. Memory: 129024K Free: 93857K (73%)


==== $PTIIhome/travis/build/icyphy/ptII/ptolemy/domains/de/test/../../../../: Auto Automatic test in file $PTII/ptolemy/domains/de/test/auto/knownFailedTests/HierarchicalModel.xml
==== Contents of test case:

	    # FIXME: we should use $relativeFilename here, but it
	    # might have backslashes under Windows, which causes no end
	    # of trouble.
	    createAndExecute $file
	    list {}
	
.... Test generated KNOWN error:
    while executing
ptolemy.kernel.util.IllegalActionException: Found a zero delay loop containing .HierarchicalModel.A
  in .HierarchicalModel and .HierarchicalModel.A
	at ptolemy.actor.util.CausalityInterfaceForComposites._computeOutputPortDepth(CausalityInterfaceForComposites.java:759)
	at ptolemy.actor.util.CausalityInterfaceForComposites._computeInputDepth(CausalityInterfaceForComposites.java:696)
	at ptolemy.actor.util.CausalityInterfaceForComposites._computeOutputPortDepth(CausalityInterfaceForComposites.java:765)
	at ptolemy.actor.util.CausalityInterfaceForComposites._computeInputDepth(CausalityInterfaceForComposites.java:696)
	at ptolemy.actor.util.CausalityInterfaceForComposites._computeOutputPortDepth(CausalityInterfaceForComposites.java:765)
	at ptolemy.actor.util.CausalityInterfaceForComposites._computeInputDepth(CausalityInterfaceForComposites.java:696)
	at ptolemy.actor.util.CausalityInterfaceForComposites._computeActorDepth(CausalityInterfaceForComposites.java:532)
	at ptolemy.actor.util.CausalityInterfaceForComposites.checkForCycles(CausalityInterfaceForComposites.java:96)
	at ptolemy.domains.de.kernel.DEDirector.preinitialize(DEDirector.java:1338)
	at ptolemy.actor.CompositeActor.preinitialize(CompositeActor.java:1828)
	at ptolemy.actor.Manager.preinitializeAndResolveTypes(Manager.java:1040)
	at ptolemy.actor.Manager.initialize(Manager.java:710)
	at ptolemy.actor.Manager.execute(Manager.java:356)
	at ptolemy.actor.Manager.run(Manager.java:1263)
	at ptolemy.actor.Manager$PtolemyRunThread.run(Manager.java:1933)

    while executing
ptolemy.kernel.util.IllegalActionException: Found a zero delay loop containing .HierarchicalModel.A
  in .HierarchicalModel and .HierarchicalModel.A
    while executing
"java::new ptolemy.moml.MoMLSimpleApplication $file
"
    (procedure "createAndExecute" line 2)
    invoked from within
"createAndExecute $file"
    ("uplevel" body line 5)
    invoked from within
"uplevel $contents_of_test"
------------------ testing $PTII/ptolemy/domains/de/test/auto/knownFailedTests/dependencyLoop2.xml (Known Failure) 
15 ms. Memory: 129024K Free: 77457K (60%)


==== $PTIIhome/travis/build/icyphy/ptII/ptolemy/domains/de/test/../../../../: Auto Automatic test in file $PTII/ptolemy/domains/de/test/auto/knownFailedTests/dependencyLoop2.xml
==== Contents of test case:

	    # FIXME: we should use $relativeFilename here, but it
	    # might have backslashes under Windows, which causes no end
	    # of trouble.
	    createAndExecute $file
	    list {}
	
.... Test generated KNOWN error:
    while executing
ptolemy.kernel.util.IllegalActionException: Found a zero delay loop containing .dependencyLoop2.original
  in .dependencyLoop2 and .dependencyLoop2.original
	at ptolemy.actor.util.CausalityInterfaceForComposites._computeOutputPortDepth(CausalityInterfaceForComposites.java:759)
	at ptolemy.actor.util.CausalityInterfaceForComposites._computeInputDepth(CausalityInterfaceForComposites.java:696)
	at ptolemy.actor.util.CausalityInterfaceForComposites._computeOutputPortDepth(CausalityInterfaceForComposites.java:765)
	at ptolemy.actor.util.CausalityInterfaceForComposites._computeInputDepth(CausalityInterfaceForComposites.java:696)
	at ptolemy.actor.util.CausalityInterfaceForComposites._computeOutputPortDepth(CausalityInterfaceForComposites.java:765)
	at ptolemy.actor.util.CausalityInterfaceForComposites._computeInputDepth(CausalityInterfaceForComposites.java:696)
	at ptolemy.actor.util.CausalityInterfaceForComposites._computeActorDepth(CausalityInterfaceForComposites.java:532)
	at ptolemy.actor.util.CausalityInterfaceForComposites.checkForCycles(CausalityInterfaceForComposites.java:96)
	at ptolemy.domains.de.kernel.DEDirector.preinitialize(DEDirector.java:1338)
	at ptolemy.actor.CompositeActor.preinitialize(CompositeActor.java:1828)
	at ptolemy.actor.Manager.preinitializeAndResolveTypes(Manager.java:1040)
	at ptolemy.actor.Manager.initialize(Manager.java:710)
	at ptolemy.actor.Manager.execute(Manager.java:356)
	at ptolemy.actor.Manager.run(Manager.java:1263)
	at ptolemy.actor.Manager$PtolemyRunThread.run(Manager.java:1933)

    while executing
ptolemy.kernel.util.IllegalActionException: Found a zero delay loop containing .dependencyLoop2.original
  in .dependencyLoop2 and .dependencyLoop2.original
    while executing
"java::new ptolemy.moml.MoMLSimpleApplication $file
"
    (procedure "createAndExecute" line 2)
    invoked from within
"createAndExecute $file"
    ("uplevel" body line 5)
    invoked from within
"uplevel $contents_of_test"
------------------ testing $PTII/ptolemy/domains/de/test/auto/knownFailedTests/DESDFClockTest.xml (Known Failure) 
2048 ms. Memory: 129024K Free: 107819K (84%)


==== $PTIIhome/travis/build/icyphy/ptII/ptolemy/domains/de/test/../../../../: Auto Automatic test in file $PTII/ptolemy/domains/de/test/auto/knownFailedTests/DESDFClockTest.xml
==== Contents of test case:

	    # FIXME: we should use $relativeFilename here, but it
	    # might have backslashes under Windows, which causes no end
	    # of trouble.
	    createAndExecute $file
	    list {}
	
.... Test generated KNOWN error:
    while executing
ptolemy.kernel.util.IllegalActionException: Actor is not ready to fire.  Perhaps UpSample.prefire() returned false? Try debugging the actor by selecting "Listen to Actor".  Also, for SDF check moml for tokenConsumptionRate on input.
  in .DESDFClockTest.Play Bell.Copy1:SDF Director and .DESDFClockTest.Play Bell.UpSample
	at ptolemy.actor.sched.StaticSchedulingDirector.fire(StaticSchedulingDirector.java:227)
	at ptolemy.domains.sdf.kernel.SDFDirector.fire(SDFDirector.java:500)
	at ptolemy.actor.CompositeActor.fire(CompositeActor.java:455)
	at ptolemy.domains.de.kernel.DEDirector._fire(DEDirector.java:1949)
	at ptolemy.domains.de.kernel.DEDirector.fire(DEDirector.java:502)
	at ptolemy.actor.CompositeActor.fire(CompositeActor.java:455)
	at ptolemy.actor.Manager.iterate(Manager.java:851)
	at ptolemy.actor.Manager.execute(Manager.java:369)
	at ptolemy.actor.Manager.run(Manager.java:1263)
	at ptolemy.actor.Manager$PtolemyRunThread.run(Manager.java:1933)

    while executing
ptolemy.kernel.util.IllegalActionException: Actor is not ready to fire.  Perhaps UpSample.prefire() returned false? Try debugging the actor by selecting "Listen to Actor".  Also, for SDF check moml for tokenConsumptionRate on input.
  in .DESDFClockTest.Play Bell.Copy1:SDF Director and .DESDFClockTest.Play Bell.UpSample
    while executing
"java::new ptolemy.moml.MoMLSimpleApplication $file
"
    (procedure "createAndExecute" line 2)
    invoked from within
"createAndExecute $file"
    ("uplevel" body line 5)
    invoked from within
"uplevel $contents_of_test"
------------------ testing $PTII/ptolemy/domains/de/test/auto/ActorDepthCalculation_actorWithoutPorts.xml
auto.tcl: Setting watchdog for 200 seconds at Fri May 01 14:08:29 UTC 2020
15 ms. Memory: 129024K Free: 100139K (78%)
ptolemy.util.test.WatchDog.cancel(): canceling Fri May 01 14:08:29 UTC 2020
auto.tcl: Setting watchdog for 200 seconds at Fri May 01 14:08:29 UTC 2020
5 ms. Memory: 129024K Free: 98603K (76%)
ptolemy.util.test.WatchDog.cancel(): canceling Fri May 01 14:08:29 UTC 2020
------------------ testing $PTII/ptolemy/domains/de/test/auto/AssemblyLine.xml
auto.tcl: Setting watchdog for 200 seconds at Fri May 01 14:08:29 UTC 2020
7 ms. Memory: 51200K Free: 27922K (55%)
ptolemy.util.test.WatchDog.cancel(): canceling Fri May 01 14:08:29 UTC 2020
auto.tcl: Setting watchdog for 200 seconds at Fri May 01 14:08:29 UTC 2020
6 ms. Memory: 51200K Free: 27256K (53%)
ptolemy.util.test.WatchDog.cancel(): canceling Fri May 01 14:08:29 UTC 2020
------------------ testing $PTII/ptolemy/domains/de/test/auto/CQBug1.xml
auto.tcl: Setting watchdog for 200 seconds at Fri May 01 14:08:29 UTC 2020
2 ms. Memory: 51200K Free: 33826K (66%)
ptolemy.util.test.WatchDog.cancel(): canceling Fri May 01 14:08:29 UTC 2020
auto.tcl: Setting watchdog for 200 seconds at Fri May 01 14:08:29 UTC 2020
4 ms. Memory: 51200K Free: 33355K (65%)
ptolemy.util.test.WatchDog.cancel(): canceling Fri May 01 14:08:29 UTC 2020
------------------ testing $PTII/ptolemy/domains/de/test/auto/CancelFireAt.xml
auto.tcl: Setting watchdog for 200 seconds at Fri May 01 14:08:29 UTC 2020
14 ms. Memory: 51200K Free: 34462K (67%)
ptolemy.util.test.WatchDog.cancel(): canceling Fri May 01 14:08:29 UTC 2020
auto.tcl: Setting watchdog for 200 seconds at Fri May 01 14:08:29 UTC 2020
2 ms. Memory: 51200K Free: 34002K (66%)
ptolemy.util.test.WatchDog.cancel(): canceling Fri May 01 14:08:29 UTC 2020
------------------ testing $PTII/ptolemy/domains/de/test/auto/CausalityAndComposabilityAnalysis.xml
auto.tcl: Setting watchdog for 200 seconds at Fri May 01 14:08:29 UTC 2020
14 ms. Memory: 51200K Free: 32604K (64%)
ptolemy.util.test.WatchDog.cancel(): canceling Fri May 01 14:08:29 UTC 2020
auto.tcl: Setting watchdog for 200 seconds at Fri May 01 14:08:29 UTC 2020
9 ms. Memory: 51200K Free: 31961K (62%)
ptolemy.util.test.WatchDog.cancel(): canceling Fri May 01 14:08:29 UTC 2020
------------------ testing $PTII/ptolemy/domains/de/test/auto/CausalityInterface1.xml
auto.tcl: Setting watchdog for 200 seconds at Fri May 01 14:08:29 UTC 2020
35 ms. Memory: 48128K Free: 28335K (59%)
ptolemy.util.test.WatchDog.cancel(): canceling Fri May 01 14:08:30 UTC 2020
auto.tcl: Setting watchdog for 200 seconds at Fri May 01 14:08:30 UTC 2020
5 ms. Memory: 48128K Free: 27358K (57%)
ptolemy.util.test.WatchDog.cancel(): canceling Fri May 01 14:08:30 UTC 2020
------------------ testing $PTII/ptolemy/domains/de/test/auto/CausalityInterface15.xml
auto.tcl: Setting watchdog for 200 seconds at Fri May 01 14:08:30 UTC 2020
13 ms. Memory: 48128K Free: 27927K (58%)
ptolemy.util.test.WatchDog.cancel(): canceling Fri May 01 14:08:30 UTC 2020
auto.tcl: Setting watchdog for 200 seconds at Fri May 01 14:08:30 UTC 2020
4 ms. Memory: 48128K Free: 27339K (57%)
ptolemy.util.test.WatchDog.cancel(): canceling Fri May 01 14:08:30 UTC 2020
------------------ testing $PTII/ptolemy/domains/de/test/auto/CausalityInterface2.xml
auto.tcl: Setting watchdog for 200 seconds at Fri May 01 14:08:30 UTC 2020
3 ms. Memory: 48128K Free: 29242K (61%)
ptolemy.util.test.WatchDog.cancel(): canceling Fri May 01 14:08:30 UTC 2020
auto.tcl: Setting watchdog for 200 seconds at Fri May 01 14:08:30 UTC 2020
3 ms. Memory: 48128K Free: 28316K (59%)
ptolemy.util.test.WatchDog.cancel(): canceling Fri May 01 14:08:30 UTC 2020
------------------ testing $PTII/ptolemy/domains/de/test/auto/CausalityInterface3.xml
auto.tcl: Setting watchdog for 200 seconds at Fri May 01 14:08:30 UTC 2020
4 ms. Memory: 48128K Free: 28435K (59%)
ptolemy.util.test.WatchDog.cancel(): canceling Fri May 01 14:08:30 UTC 2020
auto.tcl: Setting watchdog for 200 seconds at Fri May 01 14:08:30 UTC 2020
3 ms. Memory: 48128K Free: 28006K (58%)
ptolemy.util.test.WatchDog.cancel(): canceling Fri May 01 14:08:30 UTC 2020
------------------ testing $PTII/ptolemy/domains/de/test/auto/ClockDrift.xml
auto.tcl: Setting watchdog for 200 seconds at Fri May 01 14:08:30 UTC 2020
48 ms. Memory: 48128K Free: 20606K (43%)
ptolemy.util.test.WatchDog.cancel(): canceling Fri May 01 14:08:30 UTC 2020
auto.tcl: Setting watchdog for 200 seconds at Fri May 01 14:08:30 UTC 2020
34 ms. Memory: 48128K Free: 17656K (37%)
ptolemy.util.test.WatchDog.cancel(): canceling Fri May 01 14:08:30 UTC 2020
------------------ testing $PTII/ptolemy/domains/de/test/auto/ClockDriftAndValueChange.xml
auto.tcl: Setting watchdog for 200 seconds at Fri May 01 14:08:30 UTC 2020
52 ms. Memory: 48128K Free: 21205K (44%)
ptolemy.util.test.WatchDog.cancel(): canceling Fri May 01 14:08:30 UTC 2020
auto.tcl: Setting watchdog for 200 seconds at Fri May 01 14:08:30 UTC 2020
18 ms. Memory: 48128K Free: 18371K (38%)
ptolemy.util.test.WatchDog.cancel(): canceling Fri May 01 14:08:30 UTC 2020
------------------ testing $PTII/ptolemy/domains/de/test/auto/ClockDriftChange.xml
auto.tcl: Setting watchdog for 200 seconds at Fri May 01 14:08:30 UTC 2020
18 ms. Memory: 48128K Free: 23243K (48%)
ptolemy.util.test.WatchDog.cancel(): canceling Fri May 01 14:08:30 UTC 2020
auto.tcl: Setting watchdog for 200 seconds at Fri May 01 14:08:30 UTC 2020
20 ms. Memory: 48128K Free: 20664K (43%)
ptolemy.util.test.WatchDog.cancel(): canceling Fri May 01 14:08:30 UTC 2020
------------------ testing $PTII/ptolemy/domains/de/test/auto/ComposableCausalityAnalysis.xml
auto.tcl: Setting watchdog for 200 seconds at Fri May 01 14:08:30 UTC 2020
2 ms. Memory: 48128K Free: 27836K (58%)
ptolemy.util.test.WatchDog.cancel(): canceling Fri May 01 14:08:30 UTC 2020
auto.tcl: Setting watchdog for 200 seconds at Fri May 01 14:08:30 UTC 2020
6 ms. Memory: 48128K Free: 26845K (56%)
ptolemy.util.test.WatchDog.cancel(): canceling Fri May 01 14:08:30 UTC 2020
------------------ testing $PTII/ptolemy/domains/de/test/auto/DEFixedPointLimitation.xml
auto.tcl: Setting watchdog for 200 seconds at Fri May 01 14:08:30 UTC 2020
4 ms. Memory: 48128K Free: 29207K (61%)
ptolemy.util.test.WatchDog.cancel(): canceling Fri May 01 14:08:30 UTC 2020
auto.tcl: Setting watchdog for 200 seconds at Fri May 01 14:08:30 UTC 2020
1 ms. Memory: 48128K Free: 28336K (59%)
ptolemy.util.test.WatchDog.cancel(): canceling Fri May 01 14:08:30 UTC 2020
------------------ testing $PTII/ptolemy/domains/de/test/auto/DEScheduleTest.xml
auto.tcl: Setting watchdog for 200 seconds at Fri May 01 14:08:30 UTC 2020
4 ms. Memory: 48128K Free: 29500K (61%)
ptolemy.util.test.WatchDog.cancel(): canceling Fri May 01 14:08:30 UTC 2020
auto.tcl: Setting watchdog for 200 seconds at Fri May 01 14:08:30 UTC 2020
3 ms. Memory: 48128K Free: 28754K (60%)
ptolemy.util.test.WatchDog.cancel(): canceling Fri May 01 14:08:30 UTC 2020
------------------ testing $PTII/ptolemy/domains/de/test/auto/DEinDEwithStartTimes.xml
auto.tcl: Setting watchdog for 200 seconds at Fri May 01 14:08:31 UTC 2020
10 ms. Memory: 48128K Free: 27698K (58%)
ptolemy.util.test.WatchDog.cancel(): canceling Fri May 01 14:08:31 UTC 2020
auto.tcl: Setting watchdog for 200 seconds at Fri May 01 14:08:31 UTC 2020
6 ms. Memory: 48128K Free: 26657K (55%)
ptolemy.util.test.WatchDog.cancel(): canceling Fri May 01 14:08:31 UTC 2020
------------------ testing $PTII/ptolemy/domains/de/test/auto/DEinDEwithStartTimes2.xml
auto.tcl: Setting watchdog for 200 seconds at Fri May 01 14:08:31 UTC 2020
4 ms. Memory: 48128K Free: 26889K (56%)
ptolemy.util.test.WatchDog.cancel(): canceling Fri May 01 14:08:31 UTC 2020
auto.tcl: Setting watchdog for 200 seconds at Fri May 01 14:08:31 UTC 2020
5 ms. Memory: 48128K Free: 25612K (53%)
ptolemy.util.test.WatchDog.cancel(): canceling Fri May 01 14:08:31 UTC 2020
------------------ testing $PTII/ptolemy/domains/de/test/auto/DateDemo.xml
auto.tcl: Setting watchdog for 200 seconds at Fri May 01 14:08:31 UTC 2020
24 ms. Memory: 48128K Free: 21254K (44%)
ptolemy.util.test.WatchDog.cancel(): canceling Fri May 01 14:08:31 UTC 2020
auto.tcl: Setting watchdog for 200 seconds at Fri May 01 14:08:31 UTC 2020
7 ms. Memory: 48128K Free: 19659K (41%)
ptolemy.util.test.WatchDog.cancel(): canceling Fri May 01 14:08:31 UTC 2020
------------------ testing $PTII/ptolemy/domains/de/test/auto/DateToEvent.xml
auto.tcl: Setting watchdog for 200 seconds at Fri May 01 14:08:31 UTC 2020
2016 ms. Memory: 48128K Free: 16944K (35%)
ptolemy.util.test.WatchDog.cancel(): canceling Fri May 01 14:08:33 UTC 2020
auto.tcl: Setting watchdog for 200 seconds at Fri May 01 14:08:33 UTC 2020
2004 ms. Memory: 48128K Free: 16167K (34%)
ptolemy.util.test.WatchDog.cancel(): canceling Fri May 01 14:08:35 UTC 2020
------------------ testing $PTII/ptolemy/domains/de/test/auto/DepthTest1.xml
auto.tcl: Setting watchdog for 200 seconds at Fri May 01 14:08:35 UTC 2020
5 ms. Memory: 48128K Free: 30318K (63%)
ptolemy.util.test.WatchDog.cancel(): canceling Fri May 01 14:08:35 UTC 2020
auto.tcl: Setting watchdog for 200 seconds at Fri May 01 14:08:35 UTC 2020
2 ms. Memory: 48128K Free: 29532K (61%)
ptolemy.util.test.WatchDog.cancel(): canceling Fri May 01 14:08:35 UTC 2020
------------------ testing $PTII/ptolemy/domains/de/test/auto/DepthTest2.xml
auto.tcl: Setting watchdog for 200 seconds at Fri May 01 14:08:35 UTC 2020
4 ms. Memory: 48128K Free: 27127K (56%)
ptolemy.util.test.WatchDog.cancel(): canceling Fri May 01 14:08:35 UTC 2020
auto.tcl: Setting watchdog for 200 seconds at Fri May 01 14:08:35 UTC 2020
3 ms. Memory: 48128K Free: 26698K (55%)
ptolemy.util.test.WatchDog.cancel(): canceling Fri May 01 14:08:35 UTC 2020
------------------ testing $PTII/ptolemy/domains/de/test/auto/DepthTest3.xml
auto.tcl: Setting watchdog for 200 seconds at Fri May 01 14:08:35 UTC 2020
4 ms. Memory: 48128K Free: 30648K (64%)
ptolemy.util.test.WatchDog.cancel(): canceling Fri May 01 14:08:35 UTC 2020
auto.tcl: Setting watchdog for 200 seconds at Fri May 01 14:08:35 UTC 2020
1 ms. Memory: 48128K Free: 30219K (63%)
ptolemy.util.test.WatchDog.cancel(): canceling Fri May 01 14:08:35 UTC 2020
------------------ testing $PTII/ptolemy/domains/de/test/auto/DepthTest4.xml
auto.tcl: Setting watchdog for 200 seconds at Fri May 01 14:08:35 UTC 2020
7 ms. Memory: 48128K Free: 28999K (60%)
ptolemy.util.test.WatchDog.cancel(): canceling Fri May 01 14:08:35 UTC 2020
auto.tcl: Setting watchdog for 200 seconds at Fri May 01 14:08:35 UTC 2020
2 ms. Memory: 48128K Free: 28254K (59%)
ptolemy.util.test.WatchDog.cancel(): canceling Fri May 01 14:08:35 UTC 2020
------------------ testing $PTII/ptolemy/domains/de/test/auto/DepthTest5.xml
auto.tcl: Setting watchdog for 200 seconds at Fri May 01 14:08:35 UTC 2020
4 ms. Memory: 48128K Free: 28396K (59%)
ptolemy.util.test.WatchDog.cancel(): canceling Fri May 01 14:08:35 UTC 2020
auto.tcl: Setting watchdog for 200 seconds at Fri May 01 14:08:35 UTC 2020
3 ms. Memory: 48128K Free: 27610K (57%)
ptolemy.util.test.WatchDog.cancel(): canceling Fri May 01 14:08:35 UTC 2020
------------------ testing $PTII/ptolemy/domains/de/test/auto/DepthTest6.xml
auto.tcl: Setting watchdog for 200 seconds at Fri May 01 14:08:35 UTC 2020
4 ms. Memory: 48128K Free: 28100K (58%)
ptolemy.util.test.WatchDog.cancel(): canceling Fri May 01 14:08:35 UTC 2020
auto.tcl: Setting watchdog for 200 seconds at Fri May 01 14:08:35 UTC 2020
2 ms. Memory: 48128K Free: 27695K (58%)
ptolemy.util.test.WatchDog.cancel(): canceling Fri May 01 14:08:35 UTC 2020
------------------ testing $PTII/ptolemy/domains/de/test/auto/DepthTest7.xml
auto.tcl: Setting watchdog for 200 seconds at Fri May 01 14:08:35 UTC 2020
3 ms. Memory: 48128K Free: 28924K (60%)
ptolemy.util.test.WatchDog.cancel(): canceling Fri May 01 14:08:35 UTC 2020
auto.tcl: Setting watchdog for 200 seconds at Fri May 01 14:08:35 UTC 2020
3 ms. Memory: 48128K Free: 28187K (59%)
ptolemy.util.test.WatchDog.cancel(): canceling Fri May 01 14:08:35 UTC 2020
------------------ testing $PTII/ptolemy/domains/de/test/auto/EventToDate.xml
auto.tcl: Setting watchdog for 200 seconds at Fri May 01 14:08:35 UTC 2020
3006 ms. Memory: 48128K Free: 19735K (41%)
ptolemy.util.test.WatchDog.cancel(): canceling Fri May 01 14:08:38 UTC 2020
auto.tcl: Setting watchdog for 200 seconds at Fri May 01 14:08:38 UTC 2020
3003 ms. Memory: 48128K Free: 19030K (40%)
ptolemy.util.test.WatchDog.cancel(): canceling Fri May 01 14:08:41 UTC 2020
------------------ testing $PTII/ptolemy/domains/de/test/auto/FSM1.xml
auto.tcl: Setting watchdog for 200 seconds at Fri May 01 14:08:42 UTC 2020
45 ms. Memory: 48128K Free: 20924K (43%)
ptolemy.util.test.WatchDog.cancel(): canceling Fri May 01 14:08:42 UTC 2020
auto.tcl: Setting watchdog for 200 seconds at Fri May 01 14:08:42 UTC 2020
30 ms. Memory: 48128K Free: 17689K (37%)
ptolemy.util.test.WatchDog.cancel(): canceling Fri May 01 14:08:42 UTC 2020
------------------ testing $PTII/ptolemy/domains/de/test/auto/FSM7.xml
auto.tcl: Setting watchdog for 200 seconds at Fri May 01 14:08:42 UTC 2020
31 ms. Memory: 48128K Free: 20628K (43%)
ptolemy.util.test.WatchDog.cancel(): canceling Fri May 01 14:08:42 UTC 2020
auto.tcl: Setting watchdog for 200 seconds at Fri May 01 14:08:42 UTC 2020
27 ms. Memory: 48128K Free: 17502K (36%)
ptolemy.util.test.WatchDog.cancel(): canceling Fri May 01 14:08:42 UTC 2020
------------------ testing $PTII/ptolemy/domains/de/test/auto/Inspection.xml
auto.tcl: Setting watchdog for 200 seconds at Fri May 01 14:08:42 UTC 2020
26 ms. Memory: 48128K Free: 20631K (43%)
ptolemy.util.test.WatchDog.cancel(): canceling Fri May 01 14:08:42 UTC 2020
auto.tcl: Setting watchdog for 200 seconds at Fri May 01 14:08:42 UTC 2020
24 ms. Memory: 48128K Free: 18909K (39%)
ptolemy.util.test.WatchDog.cancel(): canceling Fri May 01 14:08:42 UTC 2020
------------------ testing $PTII/ptolemy/domains/de/test/auto/Iteration.xml
auto.tcl: Setting watchdog for 200 seconds at Fri May 01 14:08:42 UTC 2020
7 ms. Memory: 48128K Free: 26375K (55%)
ptolemy.util.test.WatchDog.cancel(): canceling Fri May 01 14:08:42 UTC 2020
auto.tcl: Setting watchdog for 200 seconds at Fri May 01 14:08:42 UTC 2020
5 ms. Memory: 48128K Free: 24964K (52%)
ptolemy.util.test.WatchDog.cancel(): canceling Fri May 01 14:08:42 UTC 2020
------------------ testing $PTII/ptolemy/domains/de/test/auto/LineFault.xml
auto.tcl: Setting watchdog for 200 seconds at Fri May 01 14:08:42 UTC 2020
598 ms. Memory: 58368K Free: 37898K (65%)
ptolemy.util.test.WatchDog.cancel(): canceling Fri May 01 14:08:43 UTC 2020
auto.tcl: Setting watchdog for 200 seconds at Fri May 01 14:08:43 UTC 2020
547 ms. Memory: 58368K Free: 33945K (58%)
ptolemy.util.test.WatchDog.cancel(): canceling Fri May 01 14:08:43 UTC 2020
------------------ testing $PTII/ptolemy/domains/de/test/auto/MergeModel1Add.xml
auto.tcl: Setting watchdog for 200 seconds at Fri May 01 14:08:44 UTC 2020
33 ms. Memory: 55296K Free: 19519K (35%)
ptolemy.util.test.WatchDog.cancel(): canceling Fri May 01 14:08:44 UTC 2020
auto.tcl: Setting watchdog for 200 seconds at Fri May 01 14:08:44 UTC 2020
8 ms. Memory: 55296K Free: 17807K (32%)
ptolemy.util.test.WatchDog.cancel(): canceling Fri May 01 14:08:44 UTC 2020
------------------ testing $PTII/ptolemy/domains/de/test/auto/MergeModel2Add.xml
auto.tcl: Setting watchdog for 200 seconds at Fri May 01 14:08:44 UTC 2020
9 ms. Memory: 55296K Free: 21305K (39%)
ptolemy.util.test.WatchDog.cancel(): canceling Fri May 01 14:08:44 UTC 2020
auto.tcl: Setting watchdog for 200 seconds at Fri May 01 14:08:44 UTC 2020
8 ms. Memory: 55296K Free: 19577K (35%)
ptolemy.util.test.WatchDog.cancel(): canceling Fri May 01 14:08:44 UTC 2020
------------------ testing $PTII/ptolemy/domains/de/test/auto/MergeModel3Add.xml
auto.tcl: Setting watchdog for 200 seconds at Fri May 01 14:08:44 UTC 2020
10 ms. Memory: 51200K Free: 17234K (34%)
ptolemy.util.test.WatchDog.cancel(): canceling Fri May 01 14:08:44 UTC 2020
auto.tcl: Setting watchdog for 200 seconds at Fri May 01 14:08:44 UTC 2020
9 ms. Memory: 51200K Free: 15507K (30%)
ptolemy.util.test.WatchDog.cancel(): canceling Fri May 01 14:08:44 UTC 2020
------------------ testing $PTII/ptolemy/domains/de/test/auto/MergeWithoutDiscard.xml
auto.tcl: Setting watchdog for 200 seconds at Fri May 01 14:08:44 UTC 2020
2 ms. Memory: 51200K Free: 32354K (63%)
ptolemy.util.test.WatchDog.cancel(): canceling Fri May 01 14:08:44 UTC 2020
auto.tcl: Setting watchdog for 200 seconds at Fri May 01 14:08:44 UTC 2020
1 ms. Memory: 51200K Free: 31441K (61%)
ptolemy.util.test.WatchDog.cancel(): canceling Fri May 01 14:08:44 UTC 2020
------------------ testing $PTII/ptolemy/domains/de/test/auto/Modal1.xml
auto.tcl: Setting watchdog for 200 seconds at Fri May 01 14:08:44 UTC 2020
17 ms. Memory: 51200K Free: 23957K (47%)
ptolemy.util.test.WatchDog.cancel(): canceling Fri May 01 14:08:44 UTC 2020
auto.tcl: Setting watchdog for 200 seconds at Fri May 01 14:08:44 UTC 2020
25 ms. Memory: 51200K Free: 20457K (40%)
ptolemy.util.test.WatchDog.cancel(): canceling Fri May 01 14:08:44 UTC 2020
------------------ testing $PTII/ptolemy/domains/de/test/auto/Modal2.xml
auto.tcl: Setting watchdog for 200 seconds at Fri May 01 14:08:44 UTC 2020
17 ms. Memory: 51200K Free: 24348K (48%)
ptolemy.util.test.WatchDog.cancel(): canceling Fri May 01 14:08:44 UTC 2020
auto.tcl: Setting watchdog for 200 seconds at Fri May 01 14:08:44 UTC 2020
20 ms. Memory: 51200K Free: 20843K (41%)
ptolemy.util.test.WatchDog.cancel(): canceling Fri May 01 14:08:44 UTC 2020
------------------ testing $PTII/ptolemy/domains/de/test/auto/Modal3.xml
auto.tcl: Setting watchdog for 200 seconds at Fri May 01 14:08:44 UTC 2020
11 ms. Memory: 51200K Free: 23802K (46%)
ptolemy.util.test.WatchDog.cancel(): canceling Fri May 01 14:08:44 UTC 2020
auto.tcl: Setting watchdog for 200 seconds at Fri May 01 14:08:44 UTC 2020
11 ms. Memory: 51200K Free: 20841K (41%)
ptolemy.util.test.WatchDog.cancel(): canceling Fri May 01 14:08:44 UTC 2020
------------------ testing $PTII/ptolemy/domains/de/test/auto/Modal4.xml
auto.tcl: Setting watchdog for 200 seconds at Fri May 01 14:08:44 UTC 2020
20 ms. Memory: 51200K Free: 23061K (45%)
ptolemy.util.test.WatchDog.cancel(): canceling Fri May 01 14:08:44 UTC 2020
auto.tcl: Setting watchdog for 200 seconds at Fri May 01 14:08:44 UTC 2020
18 ms. Memory: 51200K Free: 19223K (38%)
ptolemy.util.test.WatchDog.cancel(): canceling Fri May 01 14:08:44 UTC 2020
------------------ testing $PTII/ptolemy/domains/de/test/auto/Modal5.xml
auto.tcl: Setting watchdog for 200 seconds at Fri May 01 14:08:44 UTC 2020
14 ms. Memory: 51200K Free: 23018K (45%)
ptolemy.util.test.WatchDog.cancel(): canceling Fri May 01 14:08:44 UTC 2020
auto.tcl: Setting watchdog for 200 seconds at Fri May 01 14:08:44 UTC 2020
13 ms. Memory: 51200K Free: 19210K (38%)
ptolemy.util.test.WatchDog.cancel(): canceling Fri May 01 14:08:44 UTC 2020
------------------ testing $PTII/ptolemy/domains/de/test/auto/Modal6.xml
auto.tcl: Setting watchdog for 200 seconds at Fri May 01 14:08:45 UTC 2020
18 ms. Memory: 51200K Free: 23792K (46%)
ptolemy.util.test.WatchDog.cancel(): canceling Fri May 01 14:08:45 UTC 2020
auto.tcl: Setting watchdog for 200 seconds at Fri May 01 14:08:45 UTC 2020
20 ms. Memory: 51200K Free: 19827K (39%)
ptolemy.util.test.WatchDog.cancel(): canceling Fri May 01 14:08:45 UTC 2020
------------------ testing $PTII/ptolemy/domains/de/test/auto/Modal7.xml
auto.tcl: Setting watchdog for 200 seconds at Fri May 01 14:08:45 UTC 2020
14 ms. Memory: 51200K Free: 22791K (45%)
ptolemy.util.test.WatchDog.cancel(): canceling Fri May 01 14:08:45 UTC 2020
auto.tcl: Setting watchdog for 200 seconds at Fri May 01 14:08:45 UTC 2020
11 ms. Memory: 51200K Free: 19209K (38%)
ptolemy.util.test.WatchDog.cancel(): canceling Fri May 01 14:08:45 UTC 2020
------------------ testing $PTII/ptolemy/domains/de/test/auto/ModalModel.xml
auto.tcl: Setting watchdog for 200 seconds at Fri May 01 14:08:45 UTC 2020
183 ms. Memory: 61440K Free: 26477K (43%)
ptolemy.util.test.WatchDog.cancel(): canceling Fri May 01 14:08:45 UTC 2020
auto.tcl: Setting watchdog for 200 seconds at Fri May 01 14:08:45 UTC 2020
187 ms. Memory: 61440K Free: 26025K (42%)
ptolemy.util.test.WatchDog.cancel(): canceling Fri May 01 14:08:45 UTC 2020
------------------ testing $PTII/ptolemy/domains/de/test/auto/ModalSource.xml
auto.tcl: Setting watchdog for 200 seconds at Fri May 01 14:08:45 UTC 2020
5 ms. Memory: 51200K Free: 27884K (54%)
ptolemy.util.test.WatchDog.cancel(): canceling Fri May 01 14:08:45 UTC 2020
auto.tcl: Setting watchdog for 200 seconds at Fri May 01 14:08:45 UTC 2020
7 ms. Memory: 51200K Free: 25836K (50%)
ptolemy.util.test.WatchDog.cancel(): canceling Fri May 01 14:08:45 UTC 2020
------------------ testing $PTII/ptolemy/domains/de/test/auto/NonInterruptibleTimerZeroDelay.xml
auto.tcl: Setting watchdog for 200 seconds at Fri May 01 14:08:45 UTC 2020
3 ms. Memory: 51200K Free: 32818K (64%)
ptolemy.util.test.WatchDog.cancel(): canceling Fri May 01 14:08:45 UTC 2020
auto.tcl: Setting watchdog for 200 seconds at Fri May 01 14:08:45 UTC 2020
2 ms. Memory: 51200K Free: 32168K (63%)
ptolemy.util.test.WatchDog.cancel(): canceling Fri May 01 14:08:45 UTC 2020
------------------ testing $PTII/ptolemy/domains/de/test/auto/OpenQueueingNetwork.xml
auto.tcl: Setting watchdog for 200 seconds at Fri May 01 14:08:45 UTC 2020
2916 ms. Memory: 108544K Free: 85649K (79%)
ptolemy.util.test.WatchDog.cancel(): canceling Fri May 01 14:08:48 UTC 2020
auto.tcl: Setting watchdog for 200 seconds at Fri May 01 14:08:48 UTC 2020
2475 ms. Memory: 158720K Free: 126076K (79%)
ptolemy.util.test.WatchDog.cancel(): canceling Fri May 01 14:08:51 UTC 2020
------------------ testing $PTII/ptolemy/domains/de/test/auto/OpenQueuingNetwork.xml
auto.tcl: Setting watchdog for 200 seconds at Fri May 01 14:08:51 UTC 2020
286 ms. Memory: 58368K Free: 33068K (57%)
ptolemy.util.test.WatchDog.cancel(): canceling Fri May 01 14:08:51 UTC 2020
auto.tcl: Setting watchdog for 200 seconds at Fri May 01 14:08:51 UTC 2020
221 ms. Memory: 58368K Free: 16027K (27%)
ptolemy.util.test.WatchDog.cancel(): canceling Fri May 01 14:08:52 UTC 2020
------------------ testing $PTII/ptolemy/domains/de/test/auto/PeriodicSampler.xml
auto.tcl: Setting watchdog for 200 seconds at Fri May 01 14:08:52 UTC 2020
3 ms. Memory: 51200K Free: 32021K (63%)
ptolemy.util.test.WatchDog.cancel(): canceling Fri May 01 14:08:52 UTC 2020
auto.tcl: Setting watchdog for 200 seconds at Fri May 01 14:08:52 UTC 2020
2 ms. Memory: 51200K Free: 31501K (62%)
ptolemy.util.test.WatchDog.cancel(): canceling Fri May 01 14:08:52 UTC 2020
------------------ testing $PTII/ptolemy/domains/de/test/auto/PersistentIO.xml
auto.tcl: Setting watchdog for 200 seconds at Fri May 01 14:08:52 UTC 2020
5 ms. Memory: 51200K Free: 26946K (53%)
ptolemy.util.test.WatchDog.cancel(): canceling Fri May 01 14:08:52 UTC 2020
auto.tcl: Setting watchdog for 200 seconds at Fri May 01 14:08:52 UTC 2020
4 ms. Memory: 51200K Free: 25426K (50%)
ptolemy.util.test.WatchDog.cancel(): canceling Fri May 01 14:08:52 UTC 2020
------------------ testing $PTII/ptolemy/domains/de/test/auto/PortParameterResetOnInitialize.xml
auto.tcl: Setting watchdog for 200 seconds at Fri May 01 14:08:52 UTC 2020
2 ms. Memory: 51200K Free: 31926K (62%)
ptolemy.util.test.WatchDog.cancel(): canceling Fri May 01 14:08:52 UTC 2020
auto.tcl: Setting watchdog for 200 seconds at Fri May 01 14:08:52 UTC 2020
2 ms. Memory: 51200K Free: 31433K (61%)
ptolemy.util.test.WatchDog.cancel(): canceling Fri May 01 14:08:52 UTC 2020
------------------ testing $PTII/ptolemy/domains/de/test/auto/PortParameterUpdates.xml
auto.tcl: Setting watchdog for 200 seconds at Fri May 01 14:08:52 UTC 2020
6 ms. Memory: 51200K Free: 30239K (59%)
ptolemy.util.test.WatchDog.cancel(): canceling Fri May 01 14:08:52 UTC 2020
auto.tcl: Setting watchdog for 200 seconds at Fri May 01 14:08:52 UTC 2020
5 ms. Memory: 51200K Free: 28998K (57%)
ptolemy.util.test.WatchDog.cancel(): canceling Fri May 01 14:08:52 UTC 2020
------------------ testing $PTII/ptolemy/domains/de/test/auto/QueueAndServer.xml
auto.tcl: Setting watchdog for 200 seconds at Fri May 01 14:08:52 UTC 2020
13 ms. Memory: 51200K Free: 28905K (56%)
ptolemy.util.test.WatchDog.cancel(): canceling Fri May 01 14:08:52 UTC 2020
auto.tcl: Setting watchdog for 200 seconds at Fri May 01 14:08:52 UTC 2020
8 ms. Memory: 51200K Free: 27433K (54%)
ptolemy.util.test.WatchDog.cancel(): canceling Fri May 01 14:08:52 UTC 2020
------------------ testing $PTII/ptolemy/domains/de/test/auto/Records.xml
auto.tcl: Setting watchdog for 200 seconds at Fri May 01 14:08:52 UTC 2020
3 ms. Memory: 51200K Free: 31185K (61%)
ptolemy.util.test.WatchDog.cancel(): canceling Fri May 01 14:08:52 UTC 2020
auto.tcl: Setting watchdog for 200 seconds at Fri May 01 14:08:52 UTC 2020
3 ms. Memory: 51200K Free: 30646K (60%)
ptolemy.util.test.WatchDog.cancel(): canceling Fri May 01 14:08:52 UTC 2020
------------------ testing $PTII/ptolemy/domains/de/test/auto/ResetTransitionWithStartTime1.xml
auto.tcl: Setting watchdog for 200 seconds at Fri May 01 14:08:52 UTC 2020
11 ms. Memory: 51200K Free: 28465K (56%)
ptolemy.util.test.WatchDog.cancel(): canceling Fri May 01 14:08:52 UTC 2020
auto.tcl: Setting watchdog for 200 seconds at Fri May 01 14:08:52 UTC 2020
6 ms. Memory: 51200K Free: 26380K (52%)
ptolemy.util.test.WatchDog.cancel(): canceling Fri May 01 14:08:52 UTC 2020
------------------ testing $PTII/ptolemy/domains/de/test/auto/ResetTransitionWithStartTime2.xml
auto.tcl: Setting watchdog for 200 seconds at Fri May 01 14:08:52 UTC 2020
8 ms. Memory: 51200K Free: 28384K (55%)
ptolemy.util.test.WatchDog.cancel(): canceling Fri May 01 14:08:52 UTC 2020
auto.tcl: Setting watchdog for 200 seconds at Fri May 01 14:08:52 UTC 2020
6 ms. Memory: 51200K Free: 25830K (50%)
ptolemy.util.test.WatchDog.cancel(): canceling Fri May 01 14:08:52 UTC 2020
------------------ testing $PTII/ptolemy/domains/de/test/auto/ResetTransitionWithStartTime3.xml
auto.tcl: Setting watchdog for 200 seconds at Fri May 01 14:08:52 UTC 2020
11 ms. Memory: 51200K Free: 28383K (55%)
ptolemy.util.test.WatchDog.cancel(): canceling Fri May 01 14:08:52 UTC 2020
auto.tcl: Setting watchdog for 200 seconds at Fri May 01 14:08:52 UTC 2020
5 ms. Memory: 51200K Free: 26335K (51%)
ptolemy.util.test.WatchDog.cancel(): canceling Fri May 01 14:08:52 UTC 2020
------------------ testing $PTII/ptolemy/domains/de/test/auto/ResetTransitionWithStartTime4.xml
auto.tcl: Setting watchdog for 200 seconds at Fri May 01 14:08:52 UTC 2020
11 ms. Memory: 51200K Free: 28891K (56%)
ptolemy.util.test.WatchDog.cancel(): canceling Fri May 01 14:08:52 UTC 2020
auto.tcl: Setting watchdog for 200 seconds at Fri May 01 14:08:52 UTC 2020
6 ms. Memory: 51200K Free: 27358K (53%)
ptolemy.util.test.WatchDog.cancel(): canceling Fri May 01 14:08:52 UTC 2020
------------------ testing $PTII/ptolemy/domains/de/test/auto/ResettableTimer1.xml
auto.tcl: Setting watchdog for 200 seconds at Fri May 01 14:08:52 UTC 2020
4 ms. Memory: 51200K Free: 32460K (63%)
ptolemy.util.test.WatchDog.cancel(): canceling Fri May 01 14:08:52 UTC 2020
auto.tcl: Setting watchdog for 200 seconds at Fri May 01 14:08:52 UTC 2020
2 ms. Memory: 51200K Free: 31436K (61%)
ptolemy.util.test.WatchDog.cancel(): canceling Fri May 01 14:08:52 UTC 2020
------------------ testing $PTII/ptolemy/domains/de/test/auto/ResettableTimer2.xml
auto.tcl: Setting watchdog for 200 seconds at Fri May 01 14:08:52 UTC 2020
3 ms. Memory: 51200K Free: 32516K (64%)
ptolemy.util.test.WatchDog.cancel(): canceling Fri May 01 14:08:52 UTC 2020
auto.tcl: Setting watchdog for 200 seconds at Fri May 01 14:08:52 UTC 2020
2 ms. Memory: 51200K Free: 31492K (62%)
ptolemy.util.test.WatchDog.cancel(): canceling Fri May 01 14:08:52 UTC 2020
------------------ testing $PTII/ptolemy/domains/de/test/auto/ResettableTimer3.xml
auto.tcl: Setting watchdog for 200 seconds at Fri May 01 14:08:52 UTC 2020
2 ms. Memory: 51200K Free: 32515K (64%)
ptolemy.util.test.WatchDog.cancel(): canceling Fri May 01 14:08:52 UTC 2020
auto.tcl: Setting watchdog for 200 seconds at Fri May 01 14:08:52 UTC 2020
1 ms. Memory: 51200K Free: 32515K (64%)
ptolemy.util.test.WatchDog.cancel(): canceling Fri May 01 14:08:52 UTC 2020
------------------ testing $PTII/ptolemy/domains/de/test/auto/ResettableTimer4.xml
auto.tcl: Setting watchdog for 200 seconds at Fri May 01 14:08:53 UTC 2020
1 ms. Memory: 51200K Free: 32529K (64%)
ptolemy.util.test.WatchDog.cancel(): canceling Fri May 01 14:08:53 UTC 2020
auto.tcl: Setting watchdog for 200 seconds at Fri May 01 14:08:53 UTC 2020
1 ms. Memory: 51200K Free: 32023K (63%)
ptolemy.util.test.WatchDog.cancel(): canceling Fri May 01 14:08:53 UTC 2020
------------------ testing $PTII/ptolemy/domains/de/test/auto/ResettableTimer5.xml
auto.tcl: Setting watchdog for 200 seconds at Fri May 01 14:08:53 UTC 2020
2 ms. Memory: 51200K Free: 32007K (63%)
ptolemy.util.test.WatchDog.cancel(): canceling Fri May 01 14:08:53 UTC 2020
auto.tcl: Setting watchdog for 200 seconds at Fri May 01 14:08:53 UTC 2020
1 ms. Memory: 51200K Free: 31503K (62%)
ptolemy.util.test.WatchDog.cancel(): canceling Fri May 01 14:08:53 UTC 2020
------------------ testing $PTII/ptolemy/domains/de/test/auto/ResettableTimer6.xml
auto.tcl: Setting watchdog for 200 seconds at Fri May 01 14:08:53 UTC 2020
2 ms. Memory: 51200K Free: 32004K (63%)
ptolemy.util.test.WatchDog.cancel(): canceling Fri May 01 14:08:53 UTC 2020
auto.tcl: Setting watchdog for 200 seconds at Fri May 01 14:08:53 UTC 2020
1 ms. Memory: 51200K Free: 31494K (62%)
ptolemy.util.test.WatchDog.cancel(): canceling Fri May 01 14:08:53 UTC 2020
------------------ testing $PTII/ptolemy/domains/de/test/auto/ServerZeroDelay.xml
auto.tcl: Setting watchdog for 200 seconds at Fri May 01 14:08:53 UTC 2020
3 ms. Memory: 51200K Free: 32509K (63%)
ptolemy.util.test.WatchDog.cancel(): canceling Fri May 01 14:08:53 UTC 2020
auto.tcl: Setting watchdog for 200 seconds at Fri May 01 14:08:53 UTC 2020
3 ms. Memory: 51200K Free: 31485K (61%)
ptolemy.util.test.WatchDog.cancel(): canceling Fri May 01 14:08:53 UTC 2020
------------------ testing $PTII/ptolemy/domains/de/test/auto/SmartSender.xml
auto.tcl: Setting watchdog for 200 seconds at Fri May 01 14:08:53 UTC 2020
3002 ms. Memory: 51200K Free: 31990K (62%)
ptolemy.util.test.WatchDog.cancel(): canceling Fri May 01 14:08:56 UTC 2020
auto.tcl: Setting watchdog for 200 seconds at Fri May 01 14:08:56 UTC 2020
3001 ms. Memory: 51200K Free: 31480K (61%)
ptolemy.util.test.WatchDog.cancel(): canceling Fri May 01 14:08:59 UTC 2020
------------------ testing $PTII/ptolemy/domains/de/test/auto/ThreadedComposite.xml
auto.tcl: Setting watchdog for 200 seconds at Fri May 01 14:08:59 UTC 2020
199 ms. Memory: 51200K Free: 14086K (28%)
ptolemy.util.test.WatchDog.cancel(): canceling Fri May 01 14:08:59 UTC 2020
auto.tcl: Setting watchdog for 200 seconds at Fri May 01 14:08:59 UTC 2020
131 ms. Memory: 51200K Free: 28979K (57%)
ptolemy.util.test.WatchDog.cancel(): canceling Fri May 01 14:08:59 UTC 2020
------------------ testing $PTII/ptolemy/domains/de/test/auto/Time.xml
auto.tcl: Setting watchdog for 200 seconds at Fri May 01 14:08:59 UTC 2020
438 ms. Memory: 51200K Free: 10809K (21%)
ptolemy.util.test.WatchDog.cancel(): canceling Fri May 01 14:09:00 UTC 2020
auto.tcl: Setting watchdog for 200 seconds at Fri May 01 14:09:00 UTC 2020
395 ms. Memory: 51200K Free: 17396K (34%)
ptolemy.util.test.WatchDog.cancel(): canceling Fri May 01 14:09:00 UTC 2020
------------------ testing $PTII/ptolemy/domains/de/test/auto/TimeDelayZeroDelay.xml
auto.tcl: Setting watchdog for 200 seconds at Fri May 01 14:09:00 UTC 2020
2 ms. Memory: 51200K Free: 32433K (63%)
ptolemy.util.test.WatchDog.cancel(): canceling Fri May 01 14:09:00 UTC 2020
auto.tcl: Setting watchdog for 200 seconds at Fri May 01 14:09:00 UTC 2020
2 ms. Memory: 51200K Free: 31583K (62%)
ptolemy.util.test.WatchDog.cancel(): canceling Fri May 01 14:09:00 UTC 2020
------------------ testing $PTII/ptolemy/domains/de/test/auto/TimerZeroDelay.xml
auto.tcl: Setting watchdog for 200 seconds at Fri May 01 14:09:00 UTC 2020
2 ms. Memory: 51200K Free: 32865K (64%)
ptolemy.util.test.WatchDog.cancel(): canceling Fri May 01 14:09:00 UTC 2020
auto.tcl: Setting watchdog for 200 seconds at Fri May 01 14:09:00 UTC 2020
2 ms. Memory: 51200K Free: 32473K (63%)
ptolemy.util.test.WatchDog.cancel(): canceling Fri May 01 14:09:00 UTC 2020
------------------ testing $PTII/ptolemy/domains/de/test/auto/TimingParadox.xml
auto.tcl: Setting watchdog for 200 seconds at Fri May 01 14:09:00 UTC 2020
284 ms. Memory: 51200K Free: 19580K (38%)
ptolemy.util.test.WatchDog.cancel(): canceling Fri May 01 14:09:01 UTC 2020
auto.tcl: Setting watchdog for 200 seconds at Fri May 01 14:09:01 UTC 2020
273 ms. Memory: 51200K Free: 35084K (69%)
ptolemy.util.test.WatchDog.cancel(): canceling Fri May 01 14:09:01 UTC 2020
------------------ testing $PTII/ptolemy/domains/de/test/auto/TransferInputs.xml
auto.tcl: Setting watchdog for 200 seconds at Fri May 01 14:09:01 UTC 2020
2 ms. Memory: 51200K Free: 30949K (60%)
ptolemy.util.test.WatchDog.cancel(): canceling Fri May 01 14:09:01 UTC 2020
auto.tcl: Setting watchdog for 200 seconds at Fri May 01 14:09:01 UTC 2020
1 ms. Memory: 51200K Free: 30030K (59%)
ptolemy.util.test.WatchDog.cancel(): canceling Fri May 01 14:09:01 UTC 2020
------------------ testing $PTII/ptolemy/domains/de/test/auto/TransferOutputs2.xml
auto.tcl: Setting watchdog for 200 seconds at Fri May 01 14:09:01 UTC 2020
2 ms. Memory: 51200K Free: 28383K (55%)
ptolemy.util.test.WatchDog.cancel(): canceling Fri May 01 14:09:01 UTC 2020
auto.tcl: Setting watchdog for 200 seconds at Fri May 01 14:09:01 UTC 2020
3 ms. Memory: 51200K Free: 26975K (53%)
ptolemy.util.test.WatchDog.cancel(): canceling Fri May 01 14:09:01 UTC 2020
------------------ testing $PTII/ptolemy/domains/de/test/auto/Trilateration.xml
auto.tcl: Setting watchdog for 200 seconds at Fri May 01 14:09:01 UTC 2020
12123 ms. Memory: 378880K Free: 281588K (74%)
ptolemy.util.test.WatchDog.cancel(): canceling Fri May 01 14:09:14 UTC 2020
auto.tcl: Setting watchdog for 200 seconds at Fri May 01 14:09:14 UTC 2020
9198 ms. Memory: 378880K Free: 339725K (90%)
ptolemy.util.test.WatchDog.cancel(): canceling Fri May 01 14:09:24 UTC 2020
------------------ testing $PTII/ptolemy/domains/de/test/auto/TwoSigmaDelta.xml
auto.tcl: Setting watchdog for 200 seconds at Fri May 01 14:09:24 UTC 2020
2300 ms. Memory: 92160K Free: 27527K (30%)
ptolemy.util.test.WatchDog.cancel(): canceling Fri May 01 14:09:26 UTC 2020
auto.tcl: Setting watchdog for 200 seconds at Fri May 01 14:09:26 UTC 2020
1773 ms. Memory: 92160K Free: 29602K (32%)
ptolemy.util.test.WatchDog.cancel(): canceling Fri May 01 14:09:28 UTC 2020
------------------ testing $PTII/ptolemy/domains/de/test/auto/VariableDelay.xml
auto.tcl: Setting watchdog for 200 seconds at Fri May 01 14:09:28 UTC 2020
3 ms. Memory: 55296K Free: 35515K (64%)
ptolemy.util.test.WatchDog.cancel(): canceling Fri May 01 14:09:28 UTC 2020
auto.tcl: Setting watchdog for 200 seconds at Fri May 01 14:09:28 UTC 2020
3 ms. Memory: 55296K Free: 34521K (62%)
ptolemy.util.test.WatchDog.cancel(): canceling Fri May 01 14:09:28 UTC 2020
------------------ testing $PTII/ptolemy/domains/de/test/auto/VariableDelay2.xml
auto.tcl: Setting watchdog for 200 seconds at Fri May 01 14:09:28 UTC 2020
2 ms. Memory: 51200K Free: 32033K (63%)
ptolemy.util.test.WatchDog.cancel(): canceling Fri May 01 14:09:28 UTC 2020
auto.tcl: Setting watchdog for 200 seconds at Fri May 01 14:09:28 UTC 2020
2 ms. Memory: 51200K Free: 31521K (62%)
ptolemy.util.test.WatchDog.cancel(): canceling Fri May 01 14:09:28 UTC 2020
------------------ testing $PTII/ptolemy/domains/de/test/auto/VariableDelayZeroDelay.xml
auto.tcl: Setting watchdog for 200 seconds at Fri May 01 14:09:28 UTC 2020
2 ms. Memory: 51200K Free: 32361K (63%)
ptolemy.util.test.WatchDog.cancel(): canceling Fri May 01 14:09:28 UTC 2020
auto.tcl: Setting watchdog for 200 seconds at Fri May 01 14:09:28 UTC 2020
3 ms. Memory: 51200K Free: 31847K (62%)
ptolemy.util.test.WatchDog.cancel(): canceling Fri May 01 14:09:28 UTC 2020
------------------ testing $PTII/ptolemy/domains/de/test/auto/VariableDelayZeroDelay2.xml
auto.tcl: Setting watchdog for 200 seconds at Fri May 01 14:09:28 UTC 2020
2 ms. Memory: 51200K Free: 32468K (63%)
ptolemy.util.test.WatchDog.cancel(): canceling Fri May 01 14:09:28 UTC 2020
auto.tcl: Setting watchdog for 200 seconds at Fri May 01 14:09:28 UTC 2020
2 ms. Memory: 51200K Free: 31336K (61%)
ptolemy.util.test.WatchDog.cancel(): canceling Fri May 01 14:09:28 UTC 2020
------------------ testing $PTII/ptolemy/domains/de/test/auto/deInCt.xml
auto.tcl: Setting watchdog for 200 seconds at Fri May 01 14:09:28 UTC 2020
0
1
1
1
1
1
1
0
0
0
1
1
1
0
0
0
1
1
1
0
0
0
1
1
1
0
0
0
1
1
1
1
1
15 ms. Memory: 51200K Free: 31333K (61%)
ptolemy.util.test.WatchDog.cancel(): canceling Fri May 01 14:09:28 UTC 2020
auto.tcl: Setting watchdog for 200 seconds at Fri May 01 14:09:28 UTC 2020
0
1
1
1
1
1
0
0
1
1
1
0
0
1
1
1
0
0
0
0
0
0
0
0
0
0
11 ms. Memory: 51200K Free: 29804K (58%)
ptolemy.util.test.WatchDog.cancel(): canceling Fri May 01 14:09:28 UTC 2020
------------------ testing $PTII/ptolemy/domains/de/test/auto/deInCt2.xml
auto.tcl: Setting watchdog for 200 seconds at Fri May 01 14:09:28 UTC 2020
0
1
1
1
0
0
1
1
1
0
0
1
1
1
0
0
1
1
1
0
0
1
1
1
0
0
1
1
1
0
0
1
1
1
0
0
1
1
1
0
0
0
14 ms. Memory: 51200K Free: 31334K (61%)
ptolemy.util.test.WatchDog.cancel(): canceling Fri May 01 14:09:28 UTC 2020
auto.tcl: Setting watchdog for 200 seconds at Fri May 01 14:09:28 UTC 2020
0
1
1
1
0
0
1
1
1
0
0
1
1
1
0
0
1
1
1
0
0
1
1
1
0
0
1
1
1
0
0
1
1
1
0
0
1
1
1
0
0
0
5 ms. Memory: 51200K Free: 29790K (58%)
ptolemy.util.test.WatchDog.cancel(): canceling Fri May 01 14:09:28 UTC 2020
------------------ testing $PTII/ptolemy/domains/de/test/auto/dynamicCausalityInterface1.xml
auto.tcl: Setting watchdog for 200 seconds at Fri May 01 14:09:28 UTC 2020
2 ms. Memory: 51200K Free: 27232K (53%)
ptolemy.util.test.WatchDog.cancel(): canceling Fri May 01 14:09:28 UTC 2020
auto.tcl: Setting watchdog for 200 seconds at Fri May 01 14:09:28 UTC 2020
1 ms. Memory: 51200K Free: 26726K (52%)
ptolemy.util.test.WatchDog.cancel(): canceling Fri May 01 14:09:28 UTC 2020
------------------ testing $PTII/ptolemy/domains/de/test/auto/fsm_de_test.xml
auto.tcl: Setting watchdog for 200 seconds at Fri May 01 14:09:28 UTC 2020
7 ms. Memory: 51200K Free: 27131K (53%)
ptolemy.util.test.WatchDog.cancel(): canceling Fri May 01 14:09:28 UTC 2020
auto.tcl: Setting watchdog for 200 seconds at Fri May 01 14:09:28 UTC 2020
5 ms. Memory: 51200K Free: 25083K (49%)
ptolemy.util.test.WatchDog.cancel(): canceling Fri May 01 14:09:28 UTC 2020
------------------ testing $PTII/ptolemy/domains/de/test/auto/functionDependencyReconstruction.xml
auto.tcl: Setting watchdog for 200 seconds at Fri May 01 14:09:28 UTC 2020
2 ms. Memory: 51200K Free: 20977K (41%)
ptolemy.util.test.WatchDog.cancel(): canceling Fri May 01 14:09:28 UTC 2020
auto.tcl: Setting watchdog for 200 seconds at Fri May 01 14:09:28 UTC 2020
3 ms. Memory: 51200K Free: 18929K (37%)
ptolemy.util.test.WatchDog.cancel(): canceling Fri May 01 14:09:28 UTC 2020
------------------ testing $PTII/ptolemy/domains/de/test/auto/multirate.xml
auto.tcl: Setting watchdog for 200 seconds at Fri May 01 14:09:29 UTC 2020
7 ms. Memory: 51200K Free: 29546K (58%)
ptolemy.util.test.WatchDog.cancel(): canceling Fri May 01 14:09:29 UTC 2020
auto.tcl: Setting watchdog for 200 seconds at Fri May 01 14:09:29 UTC 2020
3 ms. Memory: 51200K Free: 28038K (55%)
ptolemy.util.test.WatchDog.cancel(): canceling Fri May 01 14:09:29 UTC 2020
------------------ testing $PTII/ptolemy/domains/de/test/auto/multirate2.xml
auto.tcl: Setting watchdog for 200 seconds at Fri May 01 14:09:29 UTC 2020
4 ms. Memory: 51200K Free: 29728K (58%)
ptolemy.util.test.WatchDog.cancel(): canceling Fri May 01 14:09:29 UTC 2020
auto.tcl: Setting watchdog for 200 seconds at Fri May 01 14:09:29 UTC 2020
3 ms. Memory: 51200K Free: 28208K (55%)
ptolemy.util.test.WatchDog.cancel(): canceling Fri May 01 14:09:29 UTC 2020
------------------ testing $PTII/ptolemy/domains/de/test/auto/realtime.xml
auto.tcl: Setting watchdog for 200 seconds at Fri May 01 14:09:29 UTC 2020
10002 ms. Memory: 51200K Free: 32002K (63%)
ptolemy.util.test.WatchDog.cancel(): canceling Fri May 01 14:09:39 UTC 2020
auto.tcl: Setting watchdog for 200 seconds at Fri May 01 14:09:39 UTC 2020
10001 ms. Memory: 51200K Free: 31277K (61%)
ptolemy.util.test.WatchDog.cancel(): canceling Fri May 01 14:09:49 UTC 2020
------------------ testing $PTII/ptolemy/domains/de/test/auto/relationGroup.xml
auto.tcl: Setting watchdog for 200 seconds at Fri May 01 14:09:49 UTC 2020
2 ms. Memory: 51200K Free: 33061K (65%)
ptolemy.util.test.WatchDog.cancel(): canceling Fri May 01 14:09:49 UTC 2020
auto.tcl: Setting watchdog for 200 seconds at Fri May 01 14:09:49 UTC 2020
2 ms. Memory: 51200K Free: 32326K (63%)
ptolemy.util.test.WatchDog.cancel(): canceling Fri May 01 14:09:49 UTC 2020
------------------ testing $PTII/ptolemy/domains/de/test/auto/relationGroup2.xml
auto.tcl: Setting watchdog for 200 seconds at Fri May 01 14:09:49 UTC 2020
1 ms. Memory: 51200K Free: 32893K (64%)
ptolemy.util.test.WatchDog.cancel(): canceling Fri May 01 14:09:49 UTC 2020
auto.tcl: Setting watchdog for 200 seconds at Fri May 01 14:09:49 UTC 2020
1 ms. Memory: 51200K Free: 32395K (63%)
ptolemy.util.test.WatchDog.cancel(): canceling Fri May 01 14:09:49 UTC 2020
------------------ testing $PTII/ptolemy/domains/de/test/auto/sortWithOpaquePorts.xml
auto.tcl: Setting watchdog for 200 seconds at Fri May 01 14:09:49 UTC 2020
3 ms. Memory: 51200K Free: 31870K (62%)
ptolemy.util.test.WatchDog.cancel(): canceling Fri May 01 14:09:49 UTC 2020
auto.tcl: Setting watchdog for 200 seconds at Fri May 01 14:09:49 UTC 2020
2 ms. Memory: 51200K Free: 30336K (59%)
ptolemy.util.test.WatchDog.cancel(): canceling Fri May 01 14:09:49 UTC 2020
------------------ testing $PTII/ptolemy/domains/de/test/auto/transferInputsandOutputs.xml
auto.tcl: Setting watchdog for 200 seconds at Fri May 01 14:09:49 UTC 2020
5 ms. Memory: 51200K Free: 29299K (57%)
ptolemy.util.test.WatchDog.cancel(): canceling Fri May 01 14:09:49 UTC 2020
auto.tcl: Setting watchdog for 200 seconds at Fri May 01 14:09:49 UTC 2020
2 ms. Memory: 51200K Free: 28287K (55%)
ptolemy.util.test.WatchDog.cancel(): canceling Fri May 01 14:09:49 UTC 2020
------------------ testing $PTII/ptolemy/domains/de/test/auto/triggerType.xml
auto.tcl: Setting watchdog for 200 seconds at Fri May 01 14:09:49 UTC 2020
1 ms. Memory: 51200K Free: 32324K (63%)
ptolemy.util.test.WatchDog.cancel(): canceling Fri May 01 14:09:49 UTC 2020
auto.tcl: Setting watchdog for 200 seconds at Fri May 01 14:09:49 UTC 2020
1 ms. Memory: 51200K Free: 31300K (61%)
ptolemy.util.test.WatchDog.cancel(): canceling Fri May 01 14:09:49 UTC 2020
05/01/20 02:09:49
Failed: 0  Total Tests: 192  ((Passed: 187, Newly Passed: 1)  Known Failed: 5) /home/travis/build/icyphy/ptII/ptolemy/domains/de/test
05/01/20 02:09:49
Failed: 0  Total Tests: 192  ((Passed: 187, Newly Passed: 1)  Known Failed: 5) /home/travis/build/icyphy/ptII/ptolemy/domains/de/test
----------------- testing (KnownFailure) /home/travis/build/icyphy/ptII/ptolemy/domains/de/test/auto/knownFailedTests/DESDFClockTest.xml
2011 ms. Memory: 51200K Free: 25208K (49%)
Known Failure: java.lang.reflect.InvocationTargetException
----------------- testing (KnownFailure) /home/travis/build/icyphy/ptII/ptolemy/domains/de/test/auto/knownFailedTests/DirectFeedback.xml
2 ms. Memory: 51200K Free: 21112K (41%)
Known Failure: java.lang.reflect.InvocationTargetException
----------------- testing (KnownFailure) /home/travis/build/icyphy/ptII/ptolemy/domains/de/test/auto/knownFailedTests/FSMSource.xml
16 ms. Memory: 51200K Free: 13944K (27%)
----------------- testing (KnownFailure) /home/travis/build/icyphy/ptII/ptolemy/domains/de/test/auto/knownFailedTests/HierarchicalModel.xml
3 ms. Memory: 51200K Free: 26119K (51%)
Known Failure: java.lang.reflect.InvocationTargetException
----------------- testing (KnownFailure) /home/travis/build/icyphy/ptII/ptolemy/domains/de/test/auto/knownFailedTests/dependencyLoop.xml
3 ms. Memory: 51200K Free: 10847K (21%)
Known Failure: java.lang.reflect.InvocationTargetException
----------------- testing (KnownFailure) /home/travis/build/icyphy/ptII/ptolemy/domains/de/test/auto/knownFailedTests/dependencyLoop2.xml
7 ms. Memory: 51200K Free: 23680K (46%)
Known Failure: java.lang.reflect.InvocationTargetException
No auto/linux-amd64/*.xml tests in /home/travis/build/icyphy/ptII/ptolemy/domains/de/test
AutoTests.java: About to close Vertx.
AutoTests.java: Vertx closed.

===========================================================================================
----------------- testing Fri May 01 14:09:51 UTC 2020 /home/travis/build/icyphy/ptII/ptolemy/domains/de/test/auto/ActorDepthCalculation_actorWithoutPorts.xml
----------------- Instantiating /home/travis/build/icyphy/ptII/ptolemy/domains/de/test/auto/ActorDepthCalculation_actorWithoutPorts.xml
2 ms. Memory: 51200K Free: 17227K (34%)
----------------- Invoking toplevel() on ptolemy.moml.MoMLSimpleApplication@73b3fb96
----------------- Done invoking toplevel() on ptolemy.moml.MoMLSimpleApplication@73b3fb96
reloadAllAccessors: .ActorDepthCalculation_actorWithoutPorts

===========================================================================================
----------------- testing Fri May 01 14:09:51 UTC 2020 /home/travis/build/icyphy/ptII/ptolemy/domains/de/test/auto/AssemblyLine.xml
----------------- Instantiating /home/travis/build/icyphy/ptII/ptolemy/domains/de/test/auto/AssemblyLine.xml
3 ms. Memory: 51200K Free: 10060K (20%)
----------------- Invoking toplevel() on ptolemy.moml.MoMLSimpleApplication@be4ec27
----------------- Done invoking toplevel() on ptolemy.moml.MoMLSimpleApplication@be4ec27
reloadAllAccessors: .AssemblyLine

===========================================================================================
----------------- testing Fri May 01 14:09:51 UTC 2020 /home/travis/build/icyphy/ptII/ptolemy/domains/de/test/auto/CQBug1.xml
----------------- Instantiating /home/travis/build/icyphy/ptII/ptolemy/domains/de/test/auto/CQBug1.xml
1 ms. Memory: 51200K Free: 35137K (69%)
----------------- Invoking toplevel() on ptolemy.moml.MoMLSimpleApplication@7e91ad8e
----------------- Done invoking toplevel() on ptolemy.moml.MoMLSimpleApplication@7e91ad8e
reloadAllAccessors: .CQBug1

===========================================================================================
----------------- testing Fri May 01 14:09:51 UTC 2020 /home/travis/build/icyphy/ptII/ptolemy/domains/de/test/auto/CancelFireAt.xml
----------------- Instantiating /home/travis/build/icyphy/ptII/ptolemy/domains/de/test/auto/CancelFireAt.xml
10 ms. Memory: 51200K Free: 32800K (64%)
----------------- Invoking toplevel() on ptolemy.moml.MoMLSimpleApplication@ea5d12d
----------------- Done invoking toplevel() on ptolemy.moml.MoMLSimpleApplication@ea5d12d
reloadAllAccessors: .CancelFireAt

===========================================================================================
----------------- testing Fri May 01 14:09:51 UTC 2020 /home/travis/build/icyphy/ptII/ptolemy/domains/de/test/auto/CausalityAndComposabilityAnalysis.xml
----------------- Instantiating /home/travis/build/icyphy/ptII/ptolemy/domains/de/test/auto/CausalityAndComposabilityAnalysis.xml
1 ms. Memory: 51200K Free: 28368K (55%)
----------------- Invoking toplevel() on ptolemy.moml.MoMLSimpleApplication@1d6fc420
----------------- Done invoking toplevel() on ptolemy.moml.MoMLSimpleApplication@1d6fc420
reloadAllAccessors: .CausalityAndComposabilityAnalysis

===========================================================================================
----------------- testing Fri May 01 14:09:52 UTC 2020 /home/travis/build/icyphy/ptII/ptolemy/domains/de/test/auto/CausalityInterface1.xml
----------------- Instantiating /home/travis/build/icyphy/ptII/ptolemy/domains/de/test/auto/CausalityInterface1.xml
6 ms. Memory: 51200K Free: 23304K (46%)
----------------- Invoking toplevel() on ptolemy.moml.MoMLSimpleApplication@3f6953e8
----------------- Done invoking toplevel() on ptolemy.moml.MoMLSimpleApplication@3f6953e8
reloadAllAccessors: .CausalityInterface1

===========================================================================================
----------------- testing Fri May 01 14:09:52 UTC 2020 /home/travis/build/icyphy/ptII/ptolemy/domains/de/test/auto/CausalityInterface15.xml
----------------- Instantiating /home/travis/build/icyphy/ptII/ptolemy/domains/de/test/auto/CausalityInterface15.xml
1 ms. Memory: 51200K Free: 17843K (35%)
----------------- Invoking toplevel() on ptolemy.moml.MoMLSimpleApplication@6be97db
----------------- Done invoking toplevel() on ptolemy.moml.MoMLSimpleApplication@6be97db
reloadAllAccessors: .CausalityInterface15

===========================================================================================
----------------- testing Fri May 01 14:09:52 UTC 2020 /home/travis/build/icyphy/ptII/ptolemy/domains/de/test/auto/CausalityInterface2.xml
----------------- Instantiating /home/travis/build/icyphy/ptII/ptolemy/domains/de/test/auto/CausalityInterface2.xml
2 ms. Memory: 51200K Free: 13317K (26%)
[...]
	at ptolemy.actor.Manager.run(Manager.java:1263)
	at ptolemy.actor.Manager$PtolemyRunThread.run(Manager.java:1933)
java.lang.RuntimeException: Execution failed
	at ptolemy.moml.MoMLSimpleApplication$UnloadThread.run(MoMLSimpleApplication.java:402)
Caused by: ptolemy.kernel.util.IllegalActionException: Actor is not ready to fire.  Perhaps UpSample.prefire() returned false? Try debugging the actor by selecting "Listen to Actor".  Also, for SDF check moml for tokenConsumptionRate on input.
  in .DESDFClockTest.Play Bell.Copy1:SDF Director and .DESDFClockTest.Play Bell.UpSample
	at ptolemy.actor.sched.StaticSchedulingDirector.fire(StaticSchedulingDirector.java:227)
	at ptolemy.domains.sdf.kernel.SDFDirector.fire(SDFDirector.java:500)
	at ptolemy.actor.CompositeActor.fire(CompositeActor.java:455)
	at ptolemy.domains.de.kernel.DEDirector._fire(DEDirector.java:1949)
	at ptolemy.domains.de.kernel.DEDirector.fire(DEDirector.java:502)
	at ptolemy.actor.CompositeActor.fire(CompositeActor.java:455)
	at ptolemy.actor.Manager.iterate(Manager.java:851)
	at ptolemy.actor.Manager.execute(Manager.java:369)
	at ptolemy.actor.Manager.run(Manager.java:1263)
	at ptolemy.actor.Manager$PtolemyRunThread.run(Manager.java:1933)
java.lang.reflect.InvocationTargetException
	at java.base/jdk.internal.reflect.NativeConstructorAccessorImpl.newInstance0(Native Method)
	at java.base/jdk.internal.reflect.NativeConstructorAccessorImpl.newInstance(NativeConstructorAccessorImpl.java:62)
	at java.base/jdk.internal.reflect.DelegatingConstructorAccessorImpl.newInstance(DelegatingConstructorAccessorImpl.java:45)
	at java.base/java.lang.reflect.Constructor.newInstance(Constructor.java:490)
	at ptolemy.util.test.junit.AutoKnownFailedTests.RunModel(AutoKnownFailedTests.java:105)
	at java.base/jdk.internal.reflect.NativeMethodAccessorImpl.invoke0(Native Method)
	at java.base/jdk.internal.reflect.NativeMethodAccessorImpl.invoke(NativeMethodAccessorImpl.java:62)
	at java.base/jdk.internal.reflect.DelegatingMethodAccessorImpl.invoke(DelegatingMethodAccessorImpl.java:43)
	at java.base/java.lang.reflect.Method.invoke(Method.java:566)
	at org.junit.runners.model.FrameworkMethod$1.runReflectiveCall(FrameworkMethod.java:44)
	at org.junit.internal.runners.model.ReflectiveCallable.run(ReflectiveCallable.java:15)
	at org.junit.runners.model.FrameworkMethod.invokeExplosively(FrameworkMethod.java:41)
	at junitparams.internal.InvokeParameterisedMethod.evaluate(InvokeParameterisedMethod.java:102)
	at org.junit.internal.runners.statements.FailOnTimeout$1.run(FailOnTimeout.java:28)
Caused by: ptolemy.kernel.util.IllegalActionException: Actor is not ready to fire.  Perhaps UpSample.prefire() returned false? Try debugging the actor by selecting "Listen to Actor".  Also, for SDF check moml for tokenConsumptionRate on input.
  in .DESDFClockTest.Play Bell.Copy1:SDF Director and .DESDFClockTest.Play Bell.UpSample
	at ptolemy.actor.sched.StaticSchedulingDirector.fire(StaticSchedulingDirector.java:227)
	at ptolemy.domains.sdf.kernel.SDFDirector.fire(SDFDirector.java:500)
	at ptolemy.actor.CompositeActor.fire(CompositeActor.java:455)
	at ptolemy.domains.de.kernel.DEDirector._fire(DEDirector.java:1949)
	at ptolemy.domains.de.kernel.DEDirector.fire(DEDirector.java:502)
	at ptolemy.actor.CompositeActor.fire(CompositeActor.java:455)
	at ptolemy.actor.Manager.iterate(Manager.java:851)
	at ptolemy.actor.Manager.execute(Manager.java:369)
	at ptolemy.actor.Manager.run(Manager.java:1263)
	at ptolemy.actor.Manager$PtolemyRunThread.run(Manager.java:1933)
java.lang.RuntimeException: Execution failed
	at ptolemy.moml.MoMLSimpleApplication$UnloadThread.run(MoMLSimpleApplication.java:402)
Caused by: ptolemy.kernel.util.IllegalActionException: Test fails in iteration 1.
Value was: 1.0. Should have been: 2.0
  in .DirectFeedback.Test
	at ptolemy.actor.lib.Test.fire(Test.java:268)
	at ptolemy.domains.de.kernel.DEDirector._fire(DEDirector.java:1949)
	at ptolemy.domains.de.kernel.DEDirector.fire(DEDirector.java:502)
	at ptolemy.actor.CompositeActor.fire(CompositeActor.java:455)
	at ptolemy.actor.Manager.iterate(Manager.java:851)
	at ptolemy.actor.Manager.execute(Manager.java:369)
	at ptolemy.actor.Manager.run(Manager.java:1263)
	at ptolemy.actor.Manager$PtolemyRunThread.run(Manager.java:1933)
java.lang.reflect.InvocationTargetException
	at java.base/jdk.internal.reflect.NativeConstructorAccessorImpl.newInstance0(Native Method)
	at java.base/jdk.internal.reflect.NativeConstructorAccessorImpl.newInstance(NativeConstructorAccessorImpl.java:62)
	at java.base/jdk.internal.reflect.DelegatingConstructorAccessorImpl.newInstance(DelegatingConstructorAccessorImpl.java:45)
	at java.base/java.lang.reflect.Constructor.newInstance(Constructor.java:490)
	at ptolemy.util.test.junit.AutoKnownFailedTests.RunModel(AutoKnownFailedTests.java:105)
	at java.base/jdk.internal.reflect.NativeMethodAccessorImpl.invoke0(Native Method)
	at java.base/jdk.internal.reflect.NativeMethodAccessorImpl.invoke(NativeMethodAccessorImpl.java:62)
	at java.base/jdk.internal.reflect.DelegatingMethodAccessorImpl.invoke(DelegatingMethodAccessorImpl.java:43)
	at java.base/java.lang.reflect.Method.invoke(Method.java:566)
	at org.junit.runners.model.FrameworkMethod$1.runReflectiveCall(FrameworkMethod.java:44)
	at org.junit.internal.runners.model.ReflectiveCallable.run(ReflectiveCallable.java:15)
	at org.junit.runners.model.FrameworkMethod.invokeExplosively(FrameworkMethod.java:41)
	at junitparams.internal.InvokeParameterisedMethod.evaluate(InvokeParameterisedMethod.java:102)
	at org.junit.internal.runners.statements.FailOnTimeout$1.run(FailOnTimeout.java:28)
Caused by: ptolemy.kernel.util.IllegalActionException: Test fails in iteration 1.
Value was: 1.0. Should have been: 2.0
  in .DirectFeedback.Test
	at ptolemy.actor.lib.Test.fire(Test.java:268)
	at ptolemy.domains.de.kernel.DEDirector._fire(DEDirector.java:1949)
	at ptolemy.domains.de.kernel.DEDirector.fire(DEDirector.java:502)
	at ptolemy.actor.CompositeActor.fire(CompositeActor.java:455)
	at ptolemy.actor.Manager.iterate(Manager.java:851)
	at ptolemy.actor.Manager.execute(Manager.java:369)
	at ptolemy.actor.Manager.run(Manager.java:1263)
	at ptolemy.actor.Manager$PtolemyRunThread.run(Manager.java:1933)
java.lang.RuntimeException: Execution failed
	at ptolemy.moml.MoMLSimpleApplication$UnloadThread.run(MoMLSimpleApplication.java:402)
Caused by: ptolemy.kernel.util.IllegalActionException: Found a zero delay loop containing .HierarchicalModel.A
  in .HierarchicalModel and .HierarchicalModel.A
	at ptolemy.actor.util.CausalityInterfaceForComposites._computeOutputPortDepth(CausalityInterfaceForComposites.java:759)
	at ptolemy.actor.util.CausalityInterfaceForComposites._computeInputDepth(CausalityInterfaceForComposites.java:696)
	at ptolemy.actor.util.CausalityInterfaceForComposites._computeOutputPortDepth(CausalityInterfaceForComposites.java:765)
	at ptolemy.actor.util.CausalityInterfaceForComposites._computeInputDepth(CausalityInterfaceForComposites.java:696)
	at ptolemy.actor.util.CausalityInterfaceForComposites._computeOutputPortDepth(CausalityInterfaceForComposites.java:765)
	at ptolemy.actor.util.CausalityInterfaceForComposites._computeInputDepth(CausalityInterfaceForComposites.java:696)
	at ptolemy.actor.util.CausalityInterfaceForComposites._computeActorDepth(CausalityInterfaceForComposites.java:532)
	at ptolemy.actor.util.CausalityInterfaceForComposites.checkForCycles(CausalityInterfaceForComposites.java:96)
	at ptolemy.domains.de.kernel.DEDirector.preinitialize(DEDirector.java:1338)
	at ptolemy.actor.CompositeActor.preinitialize(CompositeActor.java:1828)
	at ptolemy.actor.Manager.preinitializeAndResolveTypes(Manager.java:1040)
	at ptolemy.actor.Manager.initialize(Manager.java:710)
	at ptolemy.actor.Manager.execute(Manager.java:356)
	at ptolemy.actor.Manager.run(Manager.java:1263)
	at ptolemy.actor.Manager$PtolemyRunThread.run(Manager.java:1933)
java.lang.reflect.InvocationTargetException
	at java.base/jdk.internal.reflect.NativeConstructorAccessorImpl.newInstance0(Native Method)
	at java.base/jdk.internal.reflect.NativeConstructorAccessorImpl.newInstance(NativeConstructorAccessorImpl.java:62)
	at java.base/jdk.internal.reflect.DelegatingConstructorAccessorImpl.newInstance(DelegatingConstructorAccessorImpl.java:45)
	at java.base/java.lang.reflect.Constructor.newInstance(Constructor.java:490)
	at ptolemy.util.test.junit.AutoKnownFailedTests.RunModel(AutoKnownFailedTests.java:105)
	at java.base/jdk.internal.reflect.NativeMethodAccessorImpl.invoke0(Native Method)
	at java.base/jdk.internal.reflect.NativeMethodAccessorImpl.invoke(NativeMethodAccessorImpl.java:62)
	at java.base/jdk.internal.reflect.DelegatingMethodAccessorImpl.invoke(DelegatingMethodAccessorImpl.java:43)
	at java.base/java.lang.reflect.Method.invoke(Method.java:566)
	at org.junit.runners.model.FrameworkMethod$1.runReflectiveCall(FrameworkMethod.java:44)
	at org.junit.internal.runners.model.ReflectiveCallable.run(ReflectiveCallable.java:15)
	at org.junit.runners.model.FrameworkMethod.invokeExplosively(FrameworkMethod.java:41)
	at junitparams.internal.InvokeParameterisedMethod.evaluate(InvokeParameterisedMethod.java:102)
	at org.junit.internal.runners.statements.FailOnTimeout$1.run(FailOnTimeout.java:28)
Caused by: ptolemy.kernel.util.IllegalActionException: Found a zero delay loop containing .HierarchicalModel.A
  in .HierarchicalModel and .HierarchicalModel.A
	at ptolemy.actor.util.CausalityInterfaceForComposites._computeOutputPortDepth(CausalityInterfaceForComposites.java:759)
	at ptolemy.actor.util.CausalityInterfaceForComposites._computeInputDepth(CausalityInterfaceForComposites.java:696)
	at ptolemy.actor.util.CausalityInterfaceForComposites._computeOutputPortDepth(CausalityInterfaceForComposites.java:765)
	at ptolemy.actor.util.CausalityInterfaceForComposites._computeInputDepth(CausalityInterfaceForComposites.java:696)
	at ptolemy.actor.util.CausalityInterfaceForComposites._computeOutputPortDepth(CausalityInterfaceForComposites.java:765)
	at ptolemy.actor.util.CausalityInterfaceForComposites._computeInputDepth(CausalityInterfaceForComposites.java:696)
	at ptolemy.actor.util.CausalityInterfaceForComposites._computeActorDepth(CausalityInterfaceForComposites.java:532)
	at ptolemy.actor.util.CausalityInterfaceForComposites.checkForCycles(CausalityInterfaceForComposites.java:96)
	at ptolemy.domains.de.kernel.DEDirector.preinitialize(DEDirector.java:1338)
	at ptolemy.actor.CompositeActor.preinitialize(CompositeActor.java:1828)
	at ptolemy.actor.Manager.preinitializeAndResolveTypes(Manager.java:1040)
	at ptolemy.actor.Manager.initialize(Manager.java:710)
	at ptolemy.actor.Manager.execute(Manager.java:356)
	at ptolemy.actor.Manager.run(Manager.java:1263)
	at ptolemy.actor.Manager$PtolemyRunThread.run(Manager.java:1933)
java.lang.RuntimeException: Execution failed
	at ptolemy.moml.MoMLSimpleApplication$UnloadThread.run(MoMLSimpleApplication.java:402)
Caused by: ptolemy.kernel.util.IllegalActionException: Found a zero delay loop containing .dependencyLoop.original
  in .dependencyLoop and .dependencyLoop.original
	at ptolemy.actor.util.CausalityInterfaceForComposites._computeOutputPortDepth(CausalityInterfaceForComposites.java:759)
	at ptolemy.actor.util.CausalityInterfaceForComposites._computeInputDepth(CausalityInterfaceForComposites.java:696)
	at ptolemy.actor.util.CausalityInterfaceForComposites._computeOutputPortDepth(CausalityInterfaceForComposites.java:765)
	at ptolemy.actor.util.CausalityInterfaceForComposites._computeInputDepth(CausalityInterfaceForComposites.java:696)
	at ptolemy.actor.util.CausalityInterfaceForComposites._computeOutputPortDepth(CausalityInterfaceForComposites.java:765)
	at ptolemy.actor.util.CausalityInterfaceForComposites._computeInputDepth(CausalityInterfaceForComposites.java:696)
	at ptolemy.actor.util.CausalityInterfaceForComposites._computeActorDepth(CausalityInterfaceForComposites.java:532)
	at ptolemy.actor.util.CausalityInterfaceForComposites.checkForCycles(CausalityInterfaceForComposites.java:96)
	at ptolemy.domains.de.kernel.DEDirector.preinitialize(DEDirector.java:1338)
	at ptolemy.actor.CompositeActor.preinitialize(CompositeActor.java:1828)
	at ptolemy.actor.Manager.preinitializeAndResolveTypes(Manager.java:1040)
	at ptolemy.actor.Manager.initialize(Manager.java:710)
	at ptolemy.actor.Manager.execute(Manager.java:356)
	at ptolemy.actor.Manager.run(Manager.java:1263)
	at ptolemy.actor.Manager$PtolemyRunThread.run(Manager.java:1933)
java.lang.reflect.InvocationTargetException
	at java.base/jdk.internal.reflect.NativeConstructorAccessorImpl.newInstance0(Native Method)
	at java.base/jdk.internal.reflect.NativeConstructorAccessorImpl.newInstance(NativeConstructorAccessorImpl.java:62)
	at java.base/jdk.internal.reflect.DelegatingConstructorAccessorImpl.newInstance(DelegatingConstructorAccessorImpl.java:45)
	at java.base/java.lang.reflect.Constructor.newInstance(Constructor.java:490)
	at ptolemy.util.test.junit.AutoKnownFailedTests.RunModel(AutoKnownFailedTests.java:105)
	at java.base/jdk.internal.reflect.NativeMethodAccessorImpl.invoke0(Native Method)
	at java.base/jdk.internal.reflect.NativeMethodAccessorImpl.invoke(NativeMethodAccessorImpl.java:62)
	at java.base/jdk.internal.reflect.DelegatingMethodAccessorImpl.invoke(DelegatingMethodAccessorImpl.java:43)
	at java.base/java.lang.reflect.Method.invoke(Method.java:566)
	at org.junit.runners.model.FrameworkMethod$1.runReflectiveCall(FrameworkMethod.java:44)
	at org.junit.internal.runners.model.ReflectiveCallable.run(ReflectiveCallable.java:15)
	at org.junit.runners.model.FrameworkMethod.invokeExplosively(FrameworkMethod.java:41)
	at junitparams.internal.InvokeParameterisedMethod.evaluate(InvokeParameterisedMethod.java:102)
	at org.junit.internal.runners.statements.FailOnTimeout$1.run(FailOnTimeout.java:28)
Caused by: ptolemy.kernel.util.IllegalActionException: Found a zero delay loop containing .dependencyLoop.original
  in .dependencyLoop and .dependencyLoop.original
	at ptolemy.actor.util.CausalityInterfaceForComposites._computeOutputPortDepth(CausalityInterfaceForComposites.java:759)
	at ptolemy.actor.util.CausalityInterfaceForComposites._computeInputDepth(CausalityInterfaceForComposites.java:696)
	at ptolemy.actor.util.CausalityInterfaceForComposites._computeOutputPortDepth(CausalityInterfaceForComposites.java:765)
	at ptolemy.actor.util.CausalityInterfaceForComposites._computeInputDepth(CausalityInterfaceForComposites.java:696)
	at ptolemy.actor.util.CausalityInterfaceForComposites._computeOutputPortDepth(CausalityInterfaceForComposites.java:765)
	at ptolemy.actor.util.CausalityInterfaceForComposites._computeInputDepth(CausalityInterfaceForComposites.java:696)
	at ptolemy.actor.util.CausalityInterfaceForComposites._computeActorDepth(CausalityInterfaceForComposites.java:532)
	at ptolemy.actor.util.CausalityInterfaceForComposites.checkForCycles(CausalityInterfaceForComposites.java:96)
	at ptolemy.domains.de.kernel.DEDirector.preinitialize(DEDirector.java:1338)
	at ptolemy.actor.CompositeActor.preinitialize(CompositeActor.java:1828)
	at ptolemy.actor.Manager.preinitializeAndResolveTypes(Manager.java:1040)
	at ptolemy.actor.Manager.initialize(Manager.java:710)
	at ptolemy.actor.Manager.execute(Manager.java:356)
	at ptolemy.actor.Manager.run(Manager.java:1263)
	at ptolemy.actor.Manager$PtolemyRunThread.run(Manager.java:1933)
java.lang.RuntimeException: Execution failed
	at ptolemy.moml.MoMLSimpleApplication$UnloadThread.run(MoMLSimpleApplication.java:402)
Caused by: ptolemy.kernel.util.IllegalActionException: Found a zero delay loop containing .dependencyLoop2.original
  in .dependencyLoop2 and .dependencyLoop2.original
	at ptolemy.actor.util.CausalityInterfaceForComposites._computeOutputPortDepth(CausalityInterfaceForComposites.java:759)
	at ptolemy.actor.util.CausalityInterfaceForComposites._computeInputDepth(CausalityInterfaceForComposites.java:696)
	at ptolemy.actor.util.CausalityInterfaceForComposites._computeOutputPortDepth(CausalityInterfaceForComposites.java:765)
	at ptolemy.actor.util.CausalityInterfaceForComposites._computeInputDepth(CausalityInterfaceForComposites.java:696)
	at ptolemy.actor.util.CausalityInterfaceForComposites._computeOutputPortDepth(CausalityInterfaceForComposites.java:765)
	at ptolemy.actor.util.CausalityInterfaceForComposites._computeInputDepth(CausalityInterfaceForComposites.java:696)
	at ptolemy.actor.util.CausalityInterfaceForComposites._computeActorDepth(CausalityInterfaceForComposites.java:532)
	at ptolemy.actor.util.CausalityInterfaceForComposites.checkForCycles(CausalityInterfaceForComposites.java:96)
	at ptolemy.domains.de.kernel.DEDirector.preinitialize(DEDirector.java:1338)
	at ptolemy.actor.CompositeActor.preinitialize(CompositeActor.java:1828)
	at ptolemy.actor.Manager.preinitializeAndResolveTypes(Manager.java:1040)
	at ptolemy.actor.Manager.initialize(Manager.java:710)
	at ptolemy.actor.Manager.execute(Manager.java:356)
	at ptolemy.actor.Manager.run(Manager.java:1263)
	at ptolemy.actor.Manager$PtolemyRunThread.run(Manager.java:1933)
java.lang.reflect.InvocationTargetException
	at java.base/jdk.internal.reflect.NativeConstructorAccessorImpl.newInstance0(Native Method)
	at java.base/jdk.internal.reflect.NativeConstructorAccessorImpl.newInstance(NativeConstructorAccessorImpl.java:62)
	at java.base/jdk.internal.reflect.DelegatingConstructorAccessorImpl.newInstance(DelegatingConstructorAccessorImpl.java:45)
	at java.base/java.lang.reflect.Constructor.newInstance(Constructor.java:490)
	at ptolemy.util.test.junit.AutoKnownFailedTests.RunModel(AutoKnownFailedTests.java:105)
	at java.base/jdk.internal.reflect.NativeMethodAccessorImpl.invoke0(Native Method)
	at java.base/jdk.internal.reflect.NativeMethodAccessorImpl.invoke(NativeMethodAccessorImpl.java:62)
	at java.base/jdk.internal.reflect.DelegatingMethodAccessorImpl.invoke(DelegatingMethodAccessorImpl.java:43)
	at java.base/java.lang.reflect.Method.invoke(Method.java:566)
	at org.junit.runners.model.FrameworkMethod$1.runReflectiveCall(FrameworkMethod.java:44)
	at org.junit.internal.runners.model.ReflectiveCallable.run(ReflectiveCallable.java:15)
	at org.junit.runners.model.FrameworkMethod.invokeExplosively(FrameworkMethod.java:41)
	at junitparams.internal.InvokeParameterisedMethod.evaluate(InvokeParameterisedMethod.java:102)
	at org.junit.internal.runners.statements.FailOnTimeout$1.run(FailOnTimeout.java:28)
Caused by: ptolemy.kernel.util.IllegalActionException: Found a zero delay loop containing .dependencyLoop2.original
  in .dependencyLoop2 and .dependencyLoop2.original
	at ptolemy.actor.util.CausalityInterfaceForComposites._computeOutputPortDepth(CausalityInterfaceForComposites.java:759)
	at ptolemy.actor.util.CausalityInterfaceForComposites._computeInputDepth(CausalityInterfaceForComposites.java:696)
	at ptolemy.actor.util.CausalityInterfaceForComposites._computeOutputPortDepth(CausalityInterfaceForComposites.java:765)
	at ptolemy.actor.util.CausalityInterfaceForComposites._computeInputDepth(CausalityInterfaceForComposites.java:696)
	at ptolemy.actor.util.CausalityInterfaceForComposites._computeOutputPortDepth(CausalityInterfaceForComposites.java:765)
	at ptolemy.actor.util.CausalityInterfaceForComposites._computeInputDepth(CausalityInterfaceForComposites.java:696)
	at ptolemy.actor.util.CausalityInterfaceForComposites._computeActorDepth(CausalityInterfaceForComposites.java:532)
	at ptolemy.actor.util.CausalityInterfaceForComposites.checkForCycles(CausalityInterfaceForComposites.java:96)
	at ptolemy.domains.de.kernel.DEDirector.preinitialize(DEDirector.java:1338)
	at ptolemy.actor.CompositeActor.preinitialize(CompositeActor.java:1828)
	at ptolemy.actor.Manager.preinitializeAndResolveTypes(Manager.java:1040)
	at ptolemy.actor.Manager.initialize(Manager.java:710)
	at ptolemy.actor.Manager.execute(Manager.java:356)
	at ptolemy.actor.Manager.run(Manager.java:1263)
	at ptolemy.actor.Manager$PtolemyRunThread.run(Manager.java:1933)
]]></system-err>
</testsuite>
