<?xml version="1.0" encoding="UTF-8" ?>
<testsuite errors="1" failures="0" hostname="travis-job-2b40b097-6fc2-45e8-8205-f2987a36bf5c" name="ptolemy.domains.continuous.test.junit.JUnitTclTest" skipped="0" tests="156" time="71.015" timestamp="2020-02-29T07:03:58">
  <properties>
[...]
</properties>
  <testcase classname="ptolemy.util.test.junit.TclTests" name="[0] ThereAreNoTclTests (RunTclFile)" time="0.015" />
  <testcase classname="ptolemy.util.test.junit.AutoKnownFailedTests" name="[0] ThereAreNoKnowFailedTests (RunModel)" time="0.004" />
  <testcase classname="ptolemy.util.test.junit.AutoNameArchTests" name="[0] ThereAreNoAutoArchTests (RunModel)" time="0.017" />
  <testcase classname="ptolemy.util.test.junit.AutoTests" name="[0] /home/travis/build/icyphy/ptII/ptolemy/domains/continuous/test/auto/BouncingBall.xml (RunModel)" time="2.907" />
  <testcase classname="ptolemy.util.test.junit.AutoTests" name="[1] /home/travis/build/icyphy/ptII/ptolemy/domains/continuous/test/auto/BouncingBallWithoutGR.xml (RunModel)" time="0.84" />
  <testcase classname="ptolemy.util.test.junit.AutoTests" name="[2] /home/travis/build/icyphy/ptII/ptolemy/domains/continuous/test/auto/Brownian.xml (RunModel)" time="0.133" />
  <testcase classname="ptolemy.util.test.junit.AutoTests" name="[3] /home/travis/build/icyphy/ptII/ptolemy/domains/continuous/test/auto/CarTracking.xml (RunModel)" time="3.874" />
  <testcase classname="ptolemy.util.test.junit.AutoTests" name="[4] /home/travis/build/icyphy/ptII/ptolemy/domains/continuous/test/auto/CartPendulum.xml (RunModel)" time="0.408" />
  <testcase classname="ptolemy.util.test.junit.AutoTests" name="[5] /home/travis/build/icyphy/ptII/ptolemy/domains/continuous/test/auto/CausalityInterface10.xml (RunModel)" time="0.077" />
  <testcase classname="ptolemy.util.test.junit.AutoTests" name="[6] /home/travis/build/icyphy/ptII/ptolemy/domains/continuous/test/auto/CausalityInterface11.xml (RunModel)" time="0.023" />
  <testcase classname="ptolemy.util.test.junit.AutoTests" name="[7] /home/travis/build/icyphy/ptII/ptolemy/domains/continuous/test/auto/CausalityInterface12.xml (RunModel)" time="0.024" />
  <testcase classname="ptolemy.util.test.junit.AutoTests" name="[8] /home/travis/build/icyphy/ptII/ptolemy/domains/continuous/test/auto/CausalityInterface13.xml (RunModel)" time="0.022" />
  <testcase classname="ptolemy.util.test.junit.AutoTests" name="[9] /home/travis/build/icyphy/ptII/ptolemy/domains/continuous/test/auto/CausalityInterface14.xml (RunModel)" time="0.018" />
  <testcase classname="ptolemy.util.test.junit.AutoTests" name="[10] /home/travis/build/icyphy/ptII/ptolemy/domains/continuous/test/auto/CausalityInterface4.xml (RunModel)" time="0.021" />
  <testcase classname="ptolemy.util.test.junit.AutoTests" name="[11] /home/travis/build/icyphy/ptII/ptolemy/domains/continuous/test/auto/CausalityInterface5.xml (RunModel)" time="0.024" />
  <testcase classname="ptolemy.util.test.junit.AutoTests" name="[12] /home/travis/build/icyphy/ptII/ptolemy/domains/continuous/test/auto/CausalityInterface6.xml (RunModel)" time="0.035" />
  <testcase classname="ptolemy.util.test.junit.AutoTests" name="[13] /home/travis/build/icyphy/ptII/ptolemy/domains/continuous/test/auto/CausalityInterface7.xml (RunModel)" time="0.044" />
  <testcase classname="ptolemy.util.test.junit.AutoTests" name="[14] /home/travis/build/icyphy/ptII/ptolemy/domains/continuous/test/auto/CausalityInterface8.xml (RunModel)" time="0.037" />
  <testcase classname="ptolemy.util.test.junit.AutoTests" name="[15] /home/travis/build/icyphy/ptII/ptolemy/domains/continuous/test/auto/CausalityInterface9.xml (RunModel)" time="0.045" />
  <testcase classname="ptolemy.util.test.junit.AutoTests" name="[16] /home/travis/build/icyphy/ptII/ptolemy/domains/continuous/test/auto/CausalityInterfaceFeedback1.xml (RunModel)" time="0.028" />
  <testcase classname="ptolemy.util.test.junit.AutoTests" name="[17] /home/travis/build/icyphy/ptII/ptolemy/domains/continuous/test/auto/CausalityInterfaceFeedback2.xml (RunModel)" time="0.033" />
  <testcase classname="ptolemy.util.test.junit.AutoTests" name="[18] /home/travis/build/icyphy/ptII/ptolemy/domains/continuous/test/auto/CompareWithCurrentTime.xml (RunModel)" time="0.019" />
  <testcase classname="ptolemy.util.test.junit.AutoTests" name="[19] /home/travis/build/icyphy/ptII/ptolemy/domains/continuous/test/auto/ComparedClocks.xml (RunModel)" time="0.051" />
  <testcase classname="ptolemy.util.test.junit.AutoTests" name="[20] /home/travis/build/icyphy/ptII/ptolemy/domains/continuous/test/auto/ContinuousAOCClone.xml (RunModel)" time="2.695" />
  <testcase classname="ptolemy.util.test.junit.AutoTests" name="[21] /home/travis/build/icyphy/ptII/ptolemy/domains/continuous/test/auto/ContinuousClock.xml (RunModel)" time="0.068" />
  <testcase classname="ptolemy.util.test.junit.AutoTests" name="[22] /home/travis/build/icyphy/ptII/ptolemy/domains/continuous/test/auto/ContinuousInContinuous.xml (RunModel)" time="0.09" />
  <testcase classname="ptolemy.util.test.junit.AutoTests" name="[23] /home/travis/build/icyphy/ptII/ptolemy/domains/continuous/test/auto/ContinuousInContinuousInContinuous.xml (RunModel)" time="0.024" />
  <testcase classname="ptolemy.util.test.junit.AutoTests" name="[24] /home/travis/build/icyphy/ptII/ptolemy/domains/continuous/test/auto/ContinuousInDE.xml (RunModel)" time="0.108" />
  <testcase classname="ptolemy.util.test.junit.AutoTests" name="[25] /home/travis/build/icyphy/ptII/ptolemy/domains/continuous/test/auto/ContinuousInDE2.xml (RunModel)" time="0.063" />
  <testcase classname="ptolemy.util.test.junit.AutoTests" name="[26] /home/travis/build/icyphy/ptII/ptolemy/domains/continuous/test/auto/ContinuousInDE3.xml (RunModel)" time="0.056" />
  <testcase classname="ptolemy.util.test.junit.AutoTests" name="[27] /home/travis/build/icyphy/ptII/ptolemy/domains/continuous/test/auto/ContinuousInDE4.xml (RunModel)" time="0.033" />
  <testcase classname="ptolemy.util.test.junit.AutoTests" name="[28] /home/travis/build/icyphy/ptII/ptolemy/domains/continuous/test/auto/ContinuousInDEDifferentRefinements.xml (RunModel)" time="0.074" />
  <testcase classname="ptolemy.util.test.junit.AutoTests" name="[29] /home/travis/build/icyphy/ptII/ptolemy/domains/continuous/test/auto/ContinuousInDEDifferentRefinementsPreemptive.xml (RunModel)" time="0.073" />
  <testcase classname="ptolemy.util.test.junit.AutoTests" name="[30] /home/travis/build/icyphy/ptII/ptolemy/domains/continuous/test/auto/ContinuousInDEInContinuous2.xml (RunModel)" time="0.044" />
  <testcase classname="ptolemy.util.test.junit.AutoTests" name="[31] /home/travis/build/icyphy/ptII/ptolemy/domains/continuous/test/auto/ContinuousInDEInContinuous3.xml (RunModel)" time="0.052" />
  <testcase classname="ptolemy.util.test.junit.AutoTests" name="[32] /home/travis/build/icyphy/ptII/ptolemy/domains/continuous/test/auto/ContinuousInDEInput.xml (RunModel)" time="0.029" />
  <testcase classname="ptolemy.util.test.junit.AutoTests" name="[33] /home/travis/build/icyphy/ptII/ptolemy/domains/continuous/test/auto/ContinuousInDEInput2.xml (RunModel)" time="0.036" />
  <testcase classname="ptolemy.util.test.junit.AutoTests" name="[34] /home/travis/build/icyphy/ptII/ptolemy/domains/continuous/test/auto/ContinuousInDEInput3.xml (RunModel)" time="0.032" />
  <testcase classname="ptolemy.util.test.junit.AutoTests" name="[35] /home/travis/build/icyphy/ptII/ptolemy/domains/continuous/test/auto/ContinuousInDESharingRefinement.xml (RunModel)" time="0.212" />
  <testcase classname="ptolemy.util.test.junit.AutoTests" name="[36] /home/travis/build/icyphy/ptII/ptolemy/domains/continuous/test/auto/ContinuousInDEwithNoPorts.xml (RunModel)" time="0.018" />
  <testcase classname="ptolemy.util.test.junit.AutoTests" name="[37] /home/travis/build/icyphy/ptII/ptolemy/domains/continuous/test/auto/ContinuousInsideDE.xml (RunModel)" time="0.084" />
  <testcase classname="ptolemy.util.test.junit.AutoTests" name="[38] /home/travis/build/icyphy/ptII/ptolemy/domains/continuous/test/auto/ContinuousMerge1.xml (RunModel)" time="0.025" />
  <testcase classname="ptolemy.util.test.junit.AutoTests" name="[39] /home/travis/build/icyphy/ptII/ptolemy/domains/continuous/test/auto/ContinuousMerge2.xml (RunModel)" time="0.051" />
  <testcase classname="ptolemy.util.test.junit.AutoTests" name="[40] /home/travis/build/icyphy/ptII/ptolemy/domains/continuous/test/auto/ContinuousMerge3.xml (RunModel)" time="0.076" />
  <testcase classname="ptolemy.util.test.junit.AutoTests" name="[41] /home/travis/build/icyphy/ptII/ptolemy/domains/continuous/test/auto/ContinuousWithinContinuous.xml (RunModel)" time="0.058" />
  <testcase classname="ptolemy.util.test.junit.AutoTests" name="[42] /home/travis/build/icyphy/ptII/ptolemy/domains/continuous/test/auto/ContinuousWithinContinuous2.xml (RunModel)" time="0.095" />
  <testcase classname="ptolemy.util.test.junit.AutoTests" name="[43] /home/travis/build/icyphy/ptII/ptolemy/domains/continuous/test/auto/ContinuousWithinContinuous3.xml (RunModel)" time="0.03" />
  <testcase classname="ptolemy.util.test.junit.AutoTests" name="[44] /home/travis/build/icyphy/ptII/ptolemy/domains/continuous/test/auto/ContinuousWithinContinuous4.xml (RunModel)" time="0.086" />
  <testcase classname="ptolemy.util.test.junit.AutoTests" name="[45] /home/travis/build/icyphy/ptII/ptolemy/domains/continuous/test/auto/ContinuousWithinContinuous5.xml (RunModel)" time="0.026" />
  <testcase classname="ptolemy.util.test.junit.AutoTests" name="[46] /home/travis/build/icyphy/ptII/ptolemy/domains/continuous/test/auto/ContinuousWithinContinuous6.xml (RunModel)" time="0.03" />
  <testcase classname="ptolemy.util.test.junit.AutoTests" name="[47] /home/travis/build/icyphy/ptII/ptolemy/domains/continuous/test/auto/ContinuousWithinContinuous7.xml (RunModel)" time="0.073" />
  <testcase classname="ptolemy.util.test.junit.AutoTests" name="[48] /home/travis/build/icyphy/ptII/ptolemy/domains/continuous/test/auto/DCMotor.xml (RunModel)" time="14.513" />
  <testcase classname="ptolemy.util.test.junit.AutoTests" name="[49] /home/travis/build/icyphy/ptII/ptolemy/domains/continuous/test/auto/DEInContinuous.xml (RunModel)" time="0.043" />
  <testcase classname="ptolemy.util.test.junit.AutoTests" name="[50] /home/travis/build/icyphy/ptII/ptolemy/domains/continuous/test/auto/DEinContinuous2.xml (RunModel)" time="0.034" />
  <testcase classname="ptolemy.util.test.junit.AutoTests" name="[51] /home/travis/build/icyphy/ptII/ptolemy/domains/continuous/test/auto/Derivative.xml (RunModel)" time="0.199" />
  <testcase classname="ptolemy.util.test.junit.AutoTests" name="[52] /home/travis/build/icyphy/ptII/ptolemy/domains/continuous/test/auto/Derivative1.xml (RunModel)" time="0.053" />
  <testcase classname="ptolemy.util.test.junit.AutoTests" name="[53] /home/travis/build/icyphy/ptII/ptolemy/domains/continuous/test/auto/DiscreteClock.xml (RunModel)" time="0.014" />
  <testcase classname="ptolemy.util.test.junit.AutoTests" name="[54] /home/travis/build/icyphy/ptII/ptolemy/domains/continuous/test/auto/EfficiencyCurve.xml (RunModel)" time="0.085" />
  <testcase classname="ptolemy.util.test.junit.AutoTests" name="[55] /home/travis/build/icyphy/ptII/ptolemy/domains/continuous/test/auto/ExponentialResponse.xml (RunModel)" time="0.103" />
  <testcase classname="ptolemy.util.test.junit.AutoTests" name="[56] /home/travis/build/icyphy/ptII/ptolemy/domains/continuous/test/auto/ExponentialResponseRK45.xml (RunModel)" time="0.036" />
  <testcase classname="ptolemy.util.test.junit.AutoTests" name="[57] /home/travis/build/icyphy/ptII/ptolemy/domains/continuous/test/auto/Friction.xml (RunModel)" time="1.609" />
  <testcase classname="ptolemy.util.test.junit.AutoTests" name="[58] /home/travis/build/icyphy/ptII/ptolemy/domains/continuous/test/auto/FurutaPendulum.xml (RunModel)" time="2.955" />
  <testcase classname="ptolemy.util.test.junit.AutoTests" name="[59] /home/travis/build/icyphy/ptII/ptolemy/domains/continuous/test/auto/HierarchicalExecution.xml (RunModel)" time="1.645" />
  <testcase classname="ptolemy.util.test.junit.AutoTests" name="[60] /home/travis/build/icyphy/ptII/ptolemy/domains/continuous/test/auto/HybridPlant.xml (RunModel)" time="0.555" />
  <testcase classname="ptolemy.util.test.junit.AutoTests" name="[61] /home/travis/build/icyphy/ptII/ptolemy/domains/continuous/test/auto/Hysteresis.xml (RunModel)" time="0.171" />
  <testcase classname="ptolemy.util.test.junit.AutoTests" name="[62] /home/travis/build/icyphy/ptII/ptolemy/domains/continuous/test/auto/HysteresisWithRandomDelay.xml (RunModel)" time="0.215" />
  <testcase classname="ptolemy.util.test.junit.AutoTests" name="[63] /home/travis/build/icyphy/ptII/ptolemy/domains/continuous/test/auto/HysteresisWithRandomLosses.xml (RunModel)" time="2.392" />
  <testcase classname="ptolemy.util.test.junit.AutoTests" name="[64] /home/travis/build/icyphy/ptII/ptolemy/domains/continuous/test/auto/ImmediateTransitions.xml (RunModel)" time="0.044" />
  <testcase classname="ptolemy.util.test.junit.AutoTests" name="[65] /home/travis/build/icyphy/ptII/ptolemy/domains/continuous/test/auto/ImpulseFeedback.xml (RunModel)" time="0.019" />
  <testcase classname="ptolemy.util.test.junit.AutoTests" name="[66] /home/travis/build/icyphy/ptII/ptolemy/domains/continuous/test/auto/ImpulseFeedback2.xml (RunModel)" time="0.022" />
  <testcase classname="ptolemy.util.test.junit.AutoTests" name="[67] /home/travis/build/icyphy/ptII/ptolemy/domains/continuous/test/auto/IncreasingRatePoisson.xml (RunModel)" time="0.312">
    <error type="java.lang.reflect.InvocationTargetException">java.lang.reflect.InvocationTargetException
	at jdk.internal.reflect.GeneratedConstructorAccessor22.newInstance(Unknown Source)
	at java.base/jdk.internal.reflect.DelegatingConstructorAccessorImpl.newInstance(DelegatingConstructorAccessorImpl.java:45)
	at java.base/java.lang.reflect.Constructor.newInstance(Constructor.java:490)
	at ptolemy.util.test.junit.AutoTests.RunModel(AutoTests.java:193)
	at jdk.internal.reflect.GeneratedMethodAccessor4.invoke(Unknown Source)
	at java.base/jdk.internal.reflect.DelegatingMethodAccessorImpl.invoke(DelegatingMethodAccessorImpl.java:43)
	at junitparams.internal.InvokeParameterisedMethod.evaluate(InvokeParameterisedMethod.java:102)
Caused by: ptolemy.kernel.util.IllegalActionException: Test fails in iteration 784.
Value was: 10.9759683437615. Should have been: 0.0651328878542
  in .IncreasingRatePoisson.NonStrictTest
	at ptolemy.actor.lib.NonStrictTest.postfire(NonStrictTest.java:328)
	at ptolemy.actor.sched.FixedPointDirector._postfireActor(FixedPointDirector.java:1027)
	at ptolemy.actor.sched.FixedPointDirector.postfire(FixedPointDirector.java:520)
	at ptolemy.domains.continuous.kernel.ContinuousDirector._commit(ContinuousDirector.java:1426)
	at ptolemy.domains.continuous.kernel.ContinuousDirector._postfireAtTopLevel(ContinuousDirector.java:1585)
	at ptolemy.domains.continuous.kernel.ContinuousDirector.postfire(ContinuousDirector.java:839)
	at ptolemy.actor.CompositeActor.postfire(CompositeActor.java:1668)
	at ptolemy.actor.Manager.iterate(Manager.java:852)
	at ptolemy.actor.Manager.execute(Manager.java:369)
	at ptolemy.actor.Manager.run(Manager.java:1263)
	at ptolemy.actor.Manager$PtolemyRunThread.run(Manager.java:1933)
</error>
  </testcase>
  <testcase classname="ptolemy.util.test.junit.AutoTests" name="[68] /home/travis/build/icyphy/ptII/ptolemy/domains/continuous/test/auto/InitialStateFeedback.xml (RunModel)" time="0.014" />
  <testcase classname="ptolemy.util.test.junit.AutoTests" name="[69] /home/travis/build/icyphy/ptII/ptolemy/domains/continuous/test/auto/Integration.xml (RunModel)" time="0.007" />
  <testcase classname="ptolemy.util.test.junit.AutoTests" name="[70] /home/travis/build/icyphy/ptII/ptolemy/domains/continuous/test/auto/Integration2.xml (RunModel)" time="0.108" />
  <testcase classname="ptolemy.util.test.junit.AutoTests" name="[71] /home/travis/build/icyphy/ptII/ptolemy/domains/continuous/test/auto/Integration3.xml (RunModel)" time="0.013" />
  <testcase classname="ptolemy.util.test.junit.AutoTests" name="[72] /home/travis/build/icyphy/ptII/ptolemy/domains/continuous/test/auto/Integration5.xml (RunModel)" time="0.01" />
  <testcase classname="ptolemy.util.test.junit.AutoTests" name="[73] /home/travis/build/icyphy/ptII/ptolemy/domains/continuous/test/auto/IntegratorImpulse.xml (RunModel)" time="0.008" />
  <testcase classname="ptolemy.util.test.junit.AutoTests" name="[74] /home/travis/build/icyphy/ptII/ptolemy/domains/continuous/test/auto/IntegratorImpulse2.xml (RunModel)" time="0.025" />
  <testcase classname="ptolemy.util.test.junit.AutoTests" name="[75] /home/travis/build/icyphy/ptII/ptolemy/domains/continuous/test/auto/LevelCrossing1.xml (RunModel)" time="0.012" />
  <testcase classname="ptolemy.util.test.junit.AutoTests" name="[76] /home/travis/build/icyphy/ptII/ptolemy/domains/continuous/test/auto/LevelCrossing2.xml (RunModel)" time="0.015" />
  <testcase classname="ptolemy.util.test.junit.AutoTests" name="[77] /home/travis/build/icyphy/ptII/ptolemy/domains/continuous/test/auto/LevelCrossing3.xml (RunModel)" time="0.011" />
  <testcase classname="ptolemy.util.test.junit.AutoTests" name="[78] /home/travis/build/icyphy/ptII/ptolemy/domains/continuous/test/auto/LevelCrossing4.xml (RunModel)" time="0.014" />
  <testcase classname="ptolemy.util.test.junit.AutoTests" name="[79] /home/travis/build/icyphy/ptII/ptolemy/domains/continuous/test/auto/LevelCrossing5.xml (RunModel)" time="0.012" />
  <testcase classname="ptolemy.util.test.junit.AutoTests" name="[80] /home/travis/build/icyphy/ptII/ptolemy/domains/continuous/test/auto/LevelCrossing6.xml (RunModel)" time="0.011" />
  <testcase classname="ptolemy.util.test.junit.AutoTests" name="[81] /home/travis/build/icyphy/ptII/ptolemy/domains/continuous/test/auto/LevelCrossingDetector.xml (RunModel)" time="0.039" />
  <testcase classname="ptolemy.util.test.junit.AutoTests" name="[82] /home/travis/build/icyphy/ptII/ptolemy/domains/continuous/test/auto/LevelCrossingDetectorDetectingDirections.xml (RunModel)" time="0.088" />
  <testcase classname="ptolemy.util.test.junit.AutoTests" name="[83] /home/travis/build/icyphy/ptII/ptolemy/domains/continuous/test/auto/LevelCrossingDetectorDetectsGlitches.xml (RunModel)" time="0.065" />
  <testcase classname="ptolemy.util.test.junit.AutoTests" name="[84] /home/travis/build/icyphy/ptII/ptolemy/domains/continuous/test/auto/LevelCrossingNoInitialOuput.xml (RunModel)" time="0.012" />
  <testcase classname="ptolemy.util.test.junit.AutoTests" name="[85] /home/travis/build/icyphy/ptII/ptolemy/domains/continuous/test/auto/LinearStateSpaceExample.xml (RunModel)" time="0.049" />
  <testcase classname="ptolemy.util.test.junit.AutoTests" name="[86] /home/travis/build/icyphy/ptII/ptolemy/domains/continuous/test/auto/Lorenz.xml (RunModel)" time="3.203" />
  <testcase classname="ptolemy.util.test.junit.AutoTests" name="[87] /home/travis/build/icyphy/ptII/ptolemy/domains/continuous/test/auto/LorenzDifferentialSystem.xml (RunModel)" time="0.843" />
  <testcase classname="ptolemy.util.test.junit.AutoTests" name="[88] /home/travis/build/icyphy/ptII/ptolemy/domains/continuous/test/auto/LorenzDifferentialSystemWithInput.xml (RunModel)" time="1.241" />
  <testcase classname="ptolemy.util.test.junit.AutoTests" name="[89] /home/travis/build/icyphy/ptII/ptolemy/domains/continuous/test/auto/LorenzDifferentialSystemWithTime.xml (RunModel)" time="0.64" />
  <testcase classname="ptolemy.util.test.junit.AutoTests" name="[90] /home/travis/build/icyphy/ptII/ptolemy/domains/continuous/test/auto/Microsteps.xml (RunModel)" time="0.041" />
  <testcase classname="ptolemy.util.test.junit.AutoTests" name="[91] /home/travis/build/icyphy/ptII/ptolemy/domains/continuous/test/auto/Modal1.xml (RunModel)" time="0.076" />
  <testcase classname="ptolemy.util.test.junit.AutoTests" name="[92] /home/travis/build/icyphy/ptII/ptolemy/domains/continuous/test/auto/Modal2.xml (RunModel)" time="0.081" />
  <testcase classname="ptolemy.util.test.junit.AutoTests" name="[93] /home/travis/build/icyphy/ptII/ptolemy/domains/continuous/test/auto/ModalTransitionGuardWithReset.xml (RunModel)" time="0.056" />
  <testcase classname="ptolemy.util.test.junit.AutoTests" name="[94] /home/travis/build/icyphy/ptII/ptolemy/domains/continuous/test/auto/ModalTransitionGuardWithResetUsingPreemptiveTransition.xml (RunModel)" time="0.035" />
  <testcase classname="ptolemy.util.test.junit.AutoTests" name="[95] /home/travis/build/icyphy/ptII/ptolemy/domains/continuous/test/auto/ModalTransitionGuardWithResetUsingPreemptiveTransition2.xml (RunModel)" time="0.028" />
  <testcase classname="ptolemy.util.test.junit.AutoTests" name="[96] /home/travis/build/icyphy/ptII/ptolemy/domains/continuous/test/auto/ModalTransitionGuardWithResetUsingPreemptiveTransition3.xml (RunModel)" time="0.034" />
  <testcase classname="ptolemy.util.test.junit.AutoTests" name="[97] /home/travis/build/icyphy/ptII/ptolemy/domains/continuous/test/auto/NewtonsCradle.xml (RunModel)" time="0.83" />
  <testcase classname="ptolemy.util.test.junit.AutoTests" name="[98] /home/travis/build/icyphy/ptII/ptolemy/domains/continuous/test/auto/NewtonsCradleAnimated.xml (RunModel)" time="1.293" />
  <testcase classname="ptolemy.util.test.junit.AutoTests" name="[99] /home/travis/build/icyphy/ptII/ptolemy/domains/continuous/test/auto/NewtonsCradleComplicated.xml (RunModel)" time="0.915" />
  <testcase classname="ptolemy.util.test.junit.AutoTests" name="[100] /home/travis/build/icyphy/ptII/ptolemy/domains/continuous/test/auto/NewtonsCradleNondeterministic.xml (RunModel)" time="0.695" />
  <testcase classname="ptolemy.util.test.junit.AutoTests" name="[101] /home/travis/build/icyphy/ptII/ptolemy/domains/continuous/test/auto/NewtonsCradlePerfectlyInelastic1.xml (RunModel)" time="1.122" />
  <testcase classname="ptolemy.util.test.junit.AutoTests" name="[102] /home/travis/build/icyphy/ptII/ptolemy/domains/continuous/test/auto/Noise.xml (RunModel)" time="0.195" />
  <testcase classname="ptolemy.util.test.junit.AutoTests" name="[103] /home/travis/build/icyphy/ptII/ptolemy/domains/continuous/test/auto/NoiseSpectrum.xml (RunModel)" time="0.775" />
  <testcase classname="ptolemy.util.test.junit.AutoTests" name="[104] /home/travis/build/icyphy/ptII/ptolemy/domains/continuous/test/auto/ParameterizedNewtonsCradleAnimated.xml (RunModel)" time="0.342" />
  <testcase classname="ptolemy.util.test.junit.AutoTests" name="[105] /home/travis/build/icyphy/ptII/ptolemy/domains/continuous/test/auto/ParameterizedNewtonsCradleAnimatedNondeterministic.xml (RunModel)" time="1.177" />
  <testcase classname="ptolemy.util.test.junit.AutoTests" name="[106] /home/travis/build/icyphy/ptII/ptolemy/domains/continuous/test/auto/Pendulum3D.xml (RunModel)" time="0.169" />
  <testcase classname="ptolemy.util.test.junit.AutoTests" name="[107] /home/travis/build/icyphy/ptII/ptolemy/domains/continuous/test/auto/PeriodicSampler.xml (RunModel)" time="0.012" />
  <testcase classname="ptolemy.util.test.junit.AutoTests" name="[108] /home/travis/build/icyphy/ptII/ptolemy/domains/continuous/test/auto/PeriodicSampler1.xml (RunModel)" time="0.043" />
  <testcase classname="ptolemy.util.test.junit.AutoTests" name="[109] /home/travis/build/icyphy/ptII/ptolemy/domains/continuous/test/auto/PeriodicSampler2.xml (RunModel)" time="0.093" />
  <testcase classname="ptolemy.util.test.junit.AutoTests" name="[110] /home/travis/build/icyphy/ptII/ptolemy/domains/continuous/test/auto/Poisson.xml (RunModel)" time="0.452" />
  <testcase classname="ptolemy.util.test.junit.AutoTests" name="[111] /home/travis/build/icyphy/ptII/ptolemy/domains/continuous/test/auto/PoissonClock.xml (RunModel)" time="0.013" />
  <testcase classname="ptolemy.util.test.junit.AutoTests" name="[112] /home/travis/build/icyphy/ptII/ptolemy/domains/continuous/test/auto/PoissonClock2.xml (RunModel)" time="0.011" />
  <testcase classname="ptolemy.util.test.junit.AutoTests" name="[113] /home/travis/build/icyphy/ptII/ptolemy/domains/continuous/test/auto/PortParameterHierarchy.xml (RunModel)" time="0.02" />
  <testcase classname="ptolemy.util.test.junit.AutoTests" name="[114] /home/travis/build/icyphy/ptII/ptolemy/domains/continuous/test/auto/RandomHybridPlant.xml (RunModel)" time="0.53" />
  <testcase classname="ptolemy.util.test.junit.AutoTests" name="[115] /home/travis/build/icyphy/ptII/ptolemy/domains/continuous/test/auto/ResetTransitionWithStartTime1.xml (RunModel)" time="0.026" />
  <testcase classname="ptolemy.util.test.junit.AutoTests" name="[116] /home/travis/build/icyphy/ptII/ptolemy/domains/continuous/test/auto/ResetTransitionWithStartTime2.xml (RunModel)" time="0.035" />
  <testcase classname="ptolemy.util.test.junit.AutoTests" name="[117] /home/travis/build/icyphy/ptII/ptolemy/domains/continuous/test/auto/ResetTransitionWithStartTime3.xml (RunModel)" time="0.035" />
  <testcase classname="ptolemy.util.test.junit.AutoTests" name="[118] /home/travis/build/icyphy/ptII/ptolemy/domains/continuous/test/auto/ResetTransitionWithStartTime4.xml (RunModel)" time="0.028" />
  <testcase classname="ptolemy.util.test.junit.AutoTests" name="[119] /home/travis/build/icyphy/ptII/ptolemy/domains/continuous/test/auto/ResetTransitionWithStartTime5.xml (RunModel)" time="0.035" />
  <testcase classname="ptolemy.util.test.junit.AutoTests" name="[120] /home/travis/build/icyphy/ptII/ptolemy/domains/continuous/test/auto/ResetTransitionWithStartTime6.xml (RunModel)" time="0.029" />
  <testcase classname="ptolemy.util.test.junit.AutoTests" name="[121] /home/travis/build/icyphy/ptII/ptolemy/domains/continuous/test/auto/SRinContinuous.xml (RunModel)" time="0.02" />
  <testcase classname="ptolemy.util.test.junit.AutoTests" name="[122] /home/travis/build/icyphy/ptII/ptolemy/domains/continuous/test/auto/SampledClocks.xml (RunModel)" time="0.034" />
  <testcase classname="ptolemy.util.test.junit.AutoTests" name="[123] /home/travis/build/icyphy/ptII/ptolemy/domains/continuous/test/auto/Satellite.xml (RunModel)" time="0.69" />
  <testcase classname="ptolemy.util.test.junit.AutoTests" name="[124] /home/travis/build/icyphy/ptII/ptolemy/domains/continuous/test/auto/SigmaDelta.xml (RunModel)" time="2.103" />
  <testcase classname="ptolemy.util.test.junit.AutoTests" name="[125] /home/travis/build/icyphy/ptII/ptolemy/domains/continuous/test/auto/SingleRefinement.xml (RunModel)" time="0.462" />
  <testcase classname="ptolemy.util.test.junit.AutoTests" name="[126] /home/travis/build/icyphy/ptII/ptolemy/domains/continuous/test/auto/SinuBouncingBall.xml (RunModel)" time="0.882" />
  <testcase classname="ptolemy.util.test.junit.AutoTests" name="[127] /home/travis/build/icyphy/ptII/ptolemy/domains/continuous/test/auto/Sinusoid.xml (RunModel)" time="0.018" />
  <testcase classname="ptolemy.util.test.junit.AutoTests" name="[128] /home/travis/build/icyphy/ptII/ptolemy/domains/continuous/test/auto/SinusoidInNoise.xml (RunModel)" time="0.905" />
  <testcase classname="ptolemy.util.test.junit.AutoTests" name="[129] /home/travis/build/icyphy/ptII/ptolemy/domains/continuous/test/auto/SinusoidRK45.xml (RunModel)" time="0.01" />
  <testcase classname="ptolemy.util.test.junit.AutoTests" name="[130] /home/travis/build/icyphy/ptII/ptolemy/domains/continuous/test/auto/SinusoidWithMultipleImpulses.xml (RunModel)" time="0.01" />
  <testcase classname="ptolemy.util.test.junit.AutoTests" name="[131] /home/travis/build/icyphy/ptII/ptolemy/domains/continuous/test/auto/SquareWave.xml (RunModel)" time="0.149" />
  <testcase classname="ptolemy.util.test.junit.AutoTests" name="[132] /home/travis/build/icyphy/ptII/ptolemy/domains/continuous/test/auto/Starmac.xml (RunModel)" time="3.499" />
  <testcase classname="ptolemy.util.test.junit.AutoTests" name="[133] /home/travis/build/icyphy/ptII/ptolemy/domains/continuous/test/auto/StaticUnits.xml (RunModel)" time="2.311" />
  <testcase classname="ptolemy.util.test.junit.AutoTests" name="[134] /home/travis/build/icyphy/ptII/ptolemy/domains/continuous/test/auto/StickyMasses.xml (RunModel)" time="0.178" />
  <testcase classname="ptolemy.util.test.junit.AutoTests" name="[135] /home/travis/build/icyphy/ptII/ptolemy/domains/continuous/test/auto/StopTime.xml (RunModel)" time="0.07" />
  <testcase classname="ptolemy.util.test.junit.AutoTests" name="[136] /home/travis/build/icyphy/ptII/ptolemy/domains/continuous/test/auto/StopTime2.xml (RunModel)" time="0.052" />
  <testcase classname="ptolemy.util.test.junit.AutoTests" name="[137] /home/travis/build/icyphy/ptII/ptolemy/domains/continuous/test/auto/Switch.xml (RunModel)" time="0.055" />
  <testcase classname="ptolemy.util.test.junit.AutoTests" name="[138] /home/travis/build/icyphy/ptII/ptolemy/domains/continuous/test/auto/Thermostat.xml (RunModel)" time="0.223" />
  <testcase classname="ptolemy.util.test.junit.AutoTests" name="[139] /home/travis/build/icyphy/ptII/ptolemy/domains/continuous/test/auto/TimeDelay.xml (RunModel)" time="0.017" />
  <testcase classname="ptolemy.util.test.junit.AutoTests" name="[140] /home/travis/build/icyphy/ptII/ptolemy/domains/continuous/test/auto/TimeDelay2.xml (RunModel)" time="0.028" />
  <testcase classname="ptolemy.util.test.junit.AutoTests" name="[141] /home/travis/build/icyphy/ptII/ptolemy/domains/continuous/test/auto/TimeDelay3.xml (RunModel)" time="0.011" />
  <testcase classname="ptolemy.util.test.junit.AutoTests" name="[142] /home/travis/build/icyphy/ptII/ptolemy/domains/continuous/test/auto/TransferAbsentToInside.xml (RunModel)" time="0.137" />
  <testcase classname="ptolemy.util.test.junit.AutoTests" name="[143] /home/travis/build/icyphy/ptII/ptolemy/domains/continuous/test/auto/Transmission.xml (RunModel)" time="0.856" />
  <testcase classname="ptolemy.util.test.junit.AutoTests" name="[144] /home/travis/build/icyphy/ptII/ptolemy/domains/continuous/test/auto/TriggeredContinuousClock.xml (RunModel)" time="0.072" />
  <testcase classname="ptolemy.util.test.junit.AutoTests" name="[145] /home/travis/build/icyphy/ptII/ptolemy/domains/continuous/test/auto/TwoMachineInfiniteBusControl.xml (RunModel)" time="2.576" />
  <testcase classname="ptolemy.util.test.junit.AutoTests" name="[146] /home/travis/build/icyphy/ptII/ptolemy/domains/continuous/test/auto/V2V.xml (RunModel)" time="0.729" />
  <testcase classname="ptolemy.util.test.junit.AutoTests" name="[147] /home/travis/build/icyphy/ptII/ptolemy/domains/continuous/test/auto/hierarchicalModalModel.xml (RunModel)" time="0.031" />
  <testcase classname="ptolemy.util.test.junit.AutoTests" name="[148] /home/travis/build/icyphy/ptII/ptolemy/domains/continuous/test/auto/hierarchicalModalModel1.xml (RunModel)" time="0.031" />
  <testcase classname="ptolemy.util.test.junit.AutoTests" name="[149] /home/travis/build/icyphy/ptII/ptolemy/domains/continuous/test/auto/hierarchicalModalModel2.xml (RunModel)" time="0.034" />
  <testcase classname="ptolemy.util.test.junit.AutoTests" name="[150] /home/travis/build/icyphy/ptII/ptolemy/domains/continuous/test/auto/hierarchicalModalModel3.xml (RunModel)" time="0.021" />
  <testcase classname="ptolemy.util.test.junit.AutoTests" name="[151] /home/travis/build/icyphy/ptII/ptolemy/domains/continuous/test/auto/hierarchicalModalModel4.xml (RunModel)" time="0.021" />
  <testcase classname="ptolemy.util.test.junit.AutoTests" name="[152] /home/travis/build/icyphy/ptII/ptolemy/domains/continuous/test/auto/junk.xml (RunModel)" time="0.139" />
  <system-out><![CDATA[No tcl tests in /home/travis/build/icyphy/ptII/ptolemy/domains/continuous/test
No auto/knownFailedTests/*.xml tests in /home/travis/build/icyphy/ptII/ptolemy/domains/continuous/test
No auto/linux-amd64/*.xml tests in /home/travis/build/icyphy/ptII/ptolemy/domains/continuous/test
AutoTests.java: About to close Vertx.
AutoTests.java: Vertx closed.

===========================================================================================
----------------- testing Sat Feb 29 07:03:59 UTC 2020 /home/travis/build/icyphy/ptII/ptolemy/domains/continuous/test/auto/BouncingBall.xml
----------------- Instantiating /home/travis/build/icyphy/ptII/ptolemy/domains/continuous/test/auto/BouncingBall.xml
2351 ms. Memory: 166912K Free: 131377K (79%)
----------------- Invoking toplevel() on ptolemy.moml.MoMLSimpleApplication@47b3830b
----------------- Done invoking toplevel() on ptolemy.moml.MoMLSimpleApplication@47b3830b
reloadAllAccessors: .BouncingBall

===========================================================================================
----------------- testing Sat Feb 29 07:04:02 UTC 2020 /home/travis/build/icyphy/ptII/ptolemy/domains/continuous/test/auto/BouncingBallWithoutGR.xml
----------------- Instantiating /home/travis/build/icyphy/ptII/ptolemy/domains/continuous/test/auto/BouncingBallWithoutGR.xml
754 ms. Memory: 166912K Free: 145398K (87%)
----------------- Invoking toplevel() on ptolemy.moml.MoMLSimpleApplication@301cd6d5
----------------- Done invoking toplevel() on ptolemy.moml.MoMLSimpleApplication@301cd6d5
reloadAllAccessors: .BouncingBallWithoutGR

===========================================================================================
----------------- testing Sat Feb 29 07:04:02 UTC 2020 /home/travis/build/icyphy/ptII/ptolemy/domains/continuous/test/auto/Brownian.xml
----------------- Instantiating /home/travis/build/icyphy/ptII/ptolemy/domains/continuous/test/auto/Brownian.xml
32 ms. Memory: 166912K Free: 136196K (82%)
----------------- Invoking toplevel() on ptolemy.moml.MoMLSimpleApplication@26bab526
----------------- Done invoking toplevel() on ptolemy.moml.MoMLSimpleApplication@26bab526
reloadAllAccessors: .Brownian

===========================================================================================
----------------- testing Sat Feb 29 07:04:02 UTC 2020 /home/travis/build/icyphy/ptII/ptolemy/domains/continuous/test/auto/CarTracking.xml
----------------- Instantiating /home/travis/build/icyphy/ptII/ptolemy/domains/continuous/test/auto/CarTracking.xml
3441 ms. Memory: 200704K Free: 162585K (81%)
----------------- Invoking toplevel() on ptolemy.moml.MoMLSimpleApplication@60f1b91e
----------------- Done invoking toplevel() on ptolemy.moml.MoMLSimpleApplication@60f1b91e
reloadAllAccessors: .CarTracking

===========================================================================================
----------------- testing Sat Feb 29 07:04:06 UTC 2020 /home/travis/build/icyphy/ptII/ptolemy/domains/continuous/test/auto/CartPendulum.xml
----------------- Instantiating /home/travis/build/icyphy/ptII/ptolemy/domains/continuous/test/auto/CartPendulum.xml
329 ms. Memory: 200704K Free: 69911K (35%)
----------------- Invoking toplevel() on ptolemy.moml.MoMLSimpleApplication@130fdfff
----------------- Done invoking toplevel() on ptolemy.moml.MoMLSimpleApplication@130fdfff
reloadAllAccessors: .CartPendulum

===========================================================================================
----------------- testing Sat Feb 29 07:04:07 UTC 2020 /home/travis/build/icyphy/ptII/ptolemy/domains/continuous/test/auto/CausalityInterface10.xml
----------------- Instantiating /home/travis/build/icyphy/ptII/ptolemy/domains/continuous/test/auto/CausalityInterface10.xml
13 ms. Memory: 200704K Free: 177982K (89%)
----------------- Invoking toplevel() on ptolemy.moml.MoMLSimpleApplication@40a29949
----------------- Done invoking toplevel() on ptolemy.moml.MoMLSimpleApplication@40a29949
reloadAllAccessors: .CausalityInterface10

===========================================================================================
----------------- testing Sat Feb 29 07:04:07 UTC 2020 /home/travis/build/icyphy/ptII/ptolemy/domains/continuous/test/auto/CausalityInterface11.xml
----------------- Instantiating /home/travis/build/icyphy/ptII/ptolemy/domains/continuous/test/auto/CausalityInterface11.xml
4 ms. Memory: 200704K Free: 171842K (86%)
----------------- Invoking toplevel() on ptolemy.moml.MoMLSimpleApplication@3d2241df
----------------- Done invoking toplevel() on ptolemy.moml.MoMLSimpleApplication@3d2241df
reloadAllAccessors: .CausalityInterface11

===========================================================================================
----------------- testing Sat Feb 29 07:04:07 UTC 2020 /home/travis/build/icyphy/ptII/ptolemy/domains/continuous/test/auto/CausalityInterface12.xml
----------------- Instantiating /home/travis/build/icyphy/ptII/ptolemy/domains/continuous/test/auto/CausalityInterface12.xml
4 ms. Memory: 200704K Free: 165713K (83%)
----------------- Invoking toplevel() on ptolemy.moml.MoMLSimpleApplication@7ea6509d
----------------- Done invoking toplevel() on ptolemy.moml.MoMLSimpleApplication@7ea6509d
reloadAllAccessors: .CausalityInterface12

===========================================================================================
----------------- testing Sat Feb 29 07:04:07 UTC 2020 /home/travis/build/icyphy/ptII/ptolemy/domains/continuous/test/auto/CausalityInterface13.xml
----------------- Instantiating /home/travis/build/icyphy/ptII/ptolemy/domains/continuous/test/auto/CausalityInterface13.xml
4 ms. Memory: 200704K Free: 159554K (79%)
----------------- Invoking toplevel() on ptolemy.moml.MoMLSimpleApplication@4baf26de
----------------- Done invoking toplevel() on ptolemy.moml.MoMLSimpleApplication@4baf26de
reloadAllAccessors: .CausalityInterface13

===========================================================================================
----------------- testing Sat Feb 29 07:04:07 UTC 2020 /home/travis/build/icyphy/ptII/ptolemy/domains/continuous/test/auto/CausalityInterface14.xml
----------------- Instantiating /home/travis/build/icyphy/ptII/ptolemy/domains/continuous/test/auto/CausalityInterface14.xml
2 ms. Memory: 200704K Free: 153939K (77%)
----------------- Invoking toplevel() on ptolemy.moml.MoMLSimpleApplication@71e2ade
----------------- Done invoking toplevel() on ptolemy.moml.MoMLSimpleApplication@71e2ade
reloadAllAccessors: .CausalityInterface14

===========================================================================================
----------------- testing Sat Feb 29 07:04:07 UTC 2020 /home/travis/build/icyphy/ptII/ptolemy/domains/continuous/test/auto/CausalityInterface4.xml
----------------- Instantiating /home/travis/build/icyphy/ptII/ptolemy/domains/continuous/test/auto/CausalityInterface4.xml
3 ms. Memory: 200704K Free: 146771K (73%)
----------------- Invoking toplevel() on ptolemy.moml.MoMLSimpleApplication@10469e79
----------------- Done invoking toplevel() on ptolemy.moml.MoMLSimpleApplication@10469e79
reloadAllAccessors: .CausalityInterface4

===========================================================================================
----------------- testing Sat Feb 29 07:04:07 UTC 2020 /home/travis/build/icyphy/ptII/ptolemy/domains/continuous/test/auto/CausalityInterface5.xml
----------------- Instantiating /home/travis/build/icyphy/ptII/ptolemy/domains/continuous/test/auto/CausalityInterface5.xml
5 ms. Memory: 200704K Free: 138579K (69%)
----------------- Invoking toplevel() on ptolemy.moml.MoMLSimpleApplication@4b829731
----------------- Done invoking toplevel() on ptolemy.moml.MoMLSimpleApplication@4b829731
reloadAllAccessors: .CausalityInterface5

===========================================================================================
----------------- testing Sat Feb 29 07:04:07 UTC 2020 /home/travis/build/icyphy/ptII/ptolemy/domains/continuous/test/auto/CausalityInterface6.xml
----------------- Instantiating /home/travis/build/icyphy/ptII/ptolemy/domains/continuous/test/auto/CausalityInterface6.xml
3 ms. Memory: 200704K Free: 132930K (66%)
----------------- Invoking toplevel() on ptolemy.moml.MoMLSimpleApplication@4de8eb5c
----------------- Done invoking toplevel() on ptolemy.moml.MoMLSimpleApplication@4de8eb5c
reloadAllAccessors: .CausalityInterface6

===========================================================================================
----------------- testing Sat Feb 29 07:04:07 UTC 2020 /home/travis/build/icyphy/ptII/ptolemy/domains/continuous/test/auto/CausalityInterface7.xml
----------------- Instantiating /home/travis/build/icyphy/ptII/ptolemy/domains/continuous/test/auto/CausalityInterface7.xml
13 ms. Memory: 200704K Free: 124243K (62%)
----------------- Invoking toplevel() on ptolemy.moml.MoMLSimpleApplication@ca454a1
----------------- Done invoking toplevel() on ptolemy.moml.MoMLSimpleApplication@ca454a1
reloadAllAccessors: .CausalityInterface7

===========================================================================================
----------------- testing Sat Feb 29 07:04:07 UTC 2020 /home/travis/build/icyphy/ptII/ptolemy/domains/continuous/test/auto/CausalityInterface8.xml
----------------- Instantiating /home/travis/build/icyphy/ptII/ptolemy/domains/continuous/test/auto/CausalityInterface8.xml
6 ms. Memory: 200704K Free: 115537K (58%)
----------------- Invoking toplevel() on ptolemy.moml.MoMLSimpleApplication@59f3521f
----------------- Done invoking toplevel() on ptolemy.moml.MoMLSimpleApplication@59f3521f
reloadAllAccessors: .CausalityInterface8

===========================================================================================
----------------- testing Sat Feb 29 07:04:07 UTC 2020 /home/travis/build/icyphy/ptII/ptolemy/domains/continuous/test/auto/CausalityInterface9.xml
----------------- Instantiating /home/travis/build/icyphy/ptII/ptolemy/domains/continuous/test/auto/CausalityInterface9.xml
9 ms. Memory: 200704K Free: 104787K (52%)
----------------- Invoking toplevel() on ptolemy.moml.MoMLSimpleApplication@35070c62
----------------- Done invoking toplevel() on ptolemy.moml.MoMLSimpleApplication@35070c62
reloadAllAccessors: .CausalityInterface9

===========================================================================================
----------------- testing Sat Feb 29 07:04:07 UTC 2020 /home/travis/build/icyphy/ptII/ptolemy/domains/continuous/test/auto/CausalityInterfaceFeedback1.xml
----------------- Instantiating /home/travis/build/icyphy/ptII/ptolemy/domains/continuous/test/auto/CausalityInterfaceFeedback1.xml
5 ms. Memory: 200704K Free: 98114K (49%)
----------------- Invoking toplevel() on ptolemy.moml.MoMLSimpleApplication@374c0a8f
----------------- Done invoking toplevel() on ptolemy.moml.MoMLSimpleApplication@374c0a8f
reloadAllAccessors: .CausalityInterfaceFeedback1

===========================================================================================
----------------- testing Sat Feb 29 07:04:07 UTC 2020 /home/travis/build/icyphy/ptII/ptolemy/domains/continuous/test/auto/CausalityInterfaceFeedback2.xml
----------------- Instantiating /home/travis/build/icyphy/ptII/ptolemy/domains/continuous/test/auto/CausalityInterfaceFeedback2.xml
4 ms. Memory: 200704K Free: 91475K (46%)
----------------- Invoking toplevel() on ptolemy.moml.MoMLSimpleApplication@48ce0e9c
----------------- Done invoking toplevel() on ptolemy.moml.MoMLSimpleApplication@48ce0e9c
reloadAllAccessors: .CausalityInterfaceFeedback2

===========================================================================================
----------------- testing Sat Feb 29 07:04:07 UTC 2020 /home/travis/build/icyphy/ptII/ptolemy/domains/continuous/test/auto/CompareWithCurrentTime.xml
----------------- Instantiating /home/travis/build/icyphy/ptII/ptolemy/domains/continuous/test/auto/CompareWithCurrentTime.xml
5 ms. Memory: 200704K Free: 87379K (44%)
----------------- Invoking toplevel() on ptolemy.moml.MoMLSimpleApplication@253eaf0a
----------------- Done invoking toplevel() on ptolemy.moml.MoMLSimpleApplication@253eaf0a
reloadAllAccessors: .CompareWithCurrentTime

===========================================================================================
----------------- testing Sat Feb 29 07:04:07 UTC 2020 /home/travis/build/icyphy/ptII/ptolemy/domains/continuous/test/auto/ComparedClocks.xml
----------------- Instantiating /home/travis/build/icyphy/ptII/ptolemy/domains/continuous/test/auto/ComparedClocks.xml
6 ms. Memory: 200704K Free: 72019K (36%)
----------------- Invoking toplevel() on ptolemy.moml.MoMLSimpleApplication@1c4d4735
----------------- Done invoking toplevel() on ptolemy.moml.MoMLSimpleApplication@1c4d4735
reloadAllAccessors: .ComparedClocks

===========================================================================================
----------------- testing Sat Feb 29 07:04:07 UTC 2020 /home/travis/build/icyphy/ptII/ptolemy/domains/continuous/test/auto/ContinuousAOCClone.xml
----------------- Instantiating /home/travis/build/icyphy/ptII/ptolemy/domains/continuous/test/auto/ContinuousAOCClone.xml
2522 ms. Memory: 241664K Free: 140001K (58%)
----------------- Invoking toplevel() on ptolemy.moml.MoMLSimpleApplication@7221e9a2
----------------- Done invoking toplevel() on ptolemy.moml.MoMLSimpleApplication@7221e9a2
reloadAllAccessors: .ContinuousAOCClone

===========================================================================================
----------------- testing Sat Feb 29 07:04:10 UTC 2020 /home/travis/build/icyphy/ptII/ptolemy/domains/continuous/test/auto/ContinuousClock.xml
----------------- Instantiating /home/travis/build/icyphy/ptII/ptolemy/domains/continuous/test/auto/ContinuousClock.xml
34 ms. Memory: 241664K Free: 118497K (49%)
----------------- Invoking toplevel() on ptolemy.moml.MoMLSimpleApplication@643c5483
----------------- Done invoking toplevel() on ptolemy.moml.MoMLSimpleApplication@643c5483
reloadAllAccessors: .ContinuousClock

===========================================================================================
----------------- testing Sat Feb 29 07:04:10 UTC 2020 /home/travis/build/icyphy/ptII/ptolemy/domains/continuous/test/auto/ContinuousInContinuous.xml
----------------- Instantiating /home/travis/build/icyphy/ptII/ptolemy/domains/continuous/test/auto/ContinuousInContinuous.xml
48 ms. Memory: 241664K Free: 94945K (39%)
----------------- Invoking toplevel() on ptolemy.moml.MoMLSimpleApplication@20e0a1b8
----------------- Done invoking toplevel() on ptolemy.moml.MoMLSimpleApplication@20e0a1b8
reloadAllAccessors: .ContinuousInContinuous

===========================================================================================
----------------- testing Sat Feb 29 07:04:10 UTC 2020 /home/travis/build/icyphy/ptII/ptolemy/domains/continuous/test/auto/ContinuousInContinuousInContinuous.xml
----------------- Instantiating /home/travis/build/icyphy/ptII/ptolemy/domains/continuous/test/auto/ContinuousInContinuousInContinuous.xml
7 ms. Memory: 241664K Free: 87281K (36%)
----------------- Invoking toplevel() on ptolemy.moml.MoMLSimpleApplication@76ad4e82
----------------- Done invoking toplevel() on ptolemy.moml.MoMLSimpleApplication@76ad4e82
reloadAllAccessors: .ContinuousInContinuousInContinuous

===========================================================================================
----------------- testing Sat Feb 29 07:04:10 UTC 2020 /home/travis/build/icyphy/ptII/ptolemy/domains/continuous/test/auto/ContinuousInDE.xml
----------------- Instantiating /home/travis/build/icyphy/ptII/ptolemy/domains/continuous/test/auto/ContinuousInDE.xml
83 ms. Memory: 241664K Free: 219872K (91%)
----------------- Invoking toplevel() on ptolemy.moml.MoMLSimpleApplication@3b341075
----------------- Done invoking toplevel() on ptolemy.moml.MoMLSimpleApplication@3b341075
reloadAllAccessors: .ContinuousInDE

===========================================================================================
----------------- testing Sat Feb 29 07:04:10 UTC 2020 /home/travis/build/icyphy/ptII/ptolemy/domains/continuous/test/auto/ContinuousInDE2.xml
----------------- Instantiating /home/travis/build/icyphy/ptII/ptolemy/domains/continuous/test/auto/ContinuousInDE2.xml
43 ms. Memory: 241664K Free: 210656K (87%)
----------------- Invoking toplevel() on ptolemy.moml.MoMLSimpleApplication@23c5086a
----------------- Done invoking toplevel() on ptolemy.moml.MoMLSimpleApplication@23c5086a
reloadAllAccessors: .ContinuousInDE2

===========================================================================================
----------------- testing Sat Feb 29 07:04:10 UTC 2020 /home/travis/build/icyphy/ptII/ptolemy/domains/continuous/test/auto/ContinuousInDE3.xml
----------------- Instantiating /home/travis/build/icyphy/ptII/ptolemy/domains/continuous/test/auto/ContinuousInDE3.xml
36 ms. Memory: 241664K Free: 201440K (83%)
----------------- Invoking toplevel() on ptolemy.moml.MoMLSimpleApplication@23ab1199
----------------- Done invoking toplevel() on ptolemy.moml.MoMLSimpleApplication@23ab1199
reloadAllAccessors: .ContinuousInDE3

===========================================================================================
----------------- testing Sat Feb 29 07:04:10 UTC 2020 /home/travis/build/icyphy/ptII/ptolemy/domains/continuous/test/auto/ContinuousInDE4.xml
----------------- Instantiating /home/travis/build/icyphy/ptII/ptolemy/domains/continuous/test/auto/ContinuousInDE4.xml
13 ms. Memory: 241664K Free: 195296K (81%)
----------------- Invoking toplevel() on ptolemy.moml.MoMLSimpleApplication@ba73c44
----------------- Done invoking toplevel() on ptolemy.moml.MoMLSimpleApplication@ba73c44
reloadAllAccessors: .ContinuousInDE4

===========================================================================================
----------------- testing Sat Feb 29 07:04:10 UTC 2020 /home/travis/build/icyphy/ptII/ptolemy/domains/continuous/test/auto/ContinuousInDEDifferentRefinements.xml
----------------- Instantiating /home/travis/build/icyphy/ptII/ptolemy/domains/continuous/test/auto/ContinuousInDEDifferentRefinements.xml
41 ms. Memory: 241664K Free: 163552K (68%)
----------------- Invoking toplevel() on ptolemy.moml.MoMLSimpleApplication@4ba557cd
----------------- Done invoking toplevel() on ptolemy.moml.MoMLSimpleApplication@4ba557cd
reloadAllAccessors: .ContinuousInDEDifferentRefinements

===========================================================================================
----------------- testing Sat Feb 29 07:04:11 UTC 2020 /home/travis/build/icyphy/ptII/ptolemy/domains/continuous/test/auto/ContinuousInDEDifferentRefinementsPreemptive.xml
----------------- Instantiating /home/travis/build/icyphy/ptII/ptolemy/domains/continuous/test/auto/ContinuousInDEDifferentRefinementsPreemptive.xml
41 ms. Memory: 241664K Free: 132832K (55%)
----------------- Invoking toplevel() on ptolemy.moml.MoMLSimpleApplication@615c3497
----------------- Done invoking toplevel() on ptolemy.moml.MoMLSimpleApplication@615c3497
reloadAllAccessors: .ContinuousInDEDifferentRefinementsPreemptive

===========================================================================================
----------------- testing Sat Feb 29 07:04:11 UTC 2020 /home/travis/build/icyphy/ptII/ptolemy/domains/continuous/test/auto/ContinuousInDEInContinuous2.xml
----------------- Instantiating /home/travis/build/icyphy/ptII/ptolemy/domains/continuous/test/auto/ContinuousInDEInContinuous2.xml
29 ms. Memory: 241664K Free: 121568K (50%)
----------------- Invoking toplevel() on ptolemy.moml.MoMLSimpleApplication@b0f6047
----------------- Done invoking toplevel() on ptolemy.moml.MoMLSimpleApplication@b0f6047
reloadAllAccessors: .ContinuousInDEInContinuous2

===========================================================================================
----------------- testing Sat Feb 29 07:04:11 UTC 2020 /home/travis/build/icyphy/ptII/ptolemy/domains/continuous/test/auto/ContinuousInDEInContinuous3.xml
----------------- Instantiating /home/travis/build/icyphy/ptII/ptolemy/domains/continuous/test/auto/ContinuousInDEInContinuous3.xml
30 ms. Memory: 241664K Free: 109280K (45%)
----------------- Invoking toplevel() on ptolemy.moml.MoMLSimpleApplication@7e2c23b5
----------------- Done invoking toplevel() on ptolemy.moml.MoMLSimpleApplication@7e2c23b5
reloadAllAccessors: .ContinuousInDEInContinuous3

===========================================================================================
----------------- testing Sat Feb 29 07:04:11 UTC 2020 /home/travis/build/icyphy/ptII/ptolemy/domains/continuous/test/auto/ContinuousInDEInput.xml
----------------- Instantiating /home/travis/build/icyphy/ptII/ptolemy/domains/continuous/test/auto/ContinuousInDEInput.xml
14 ms. Memory: 241664K Free: 102112K (42%)
----------------- Invoking toplevel() on ptolemy.moml.MoMLSimpleApplication@559d0509
----------------- Done invoking toplevel() on ptolemy.moml.MoMLSimpleApplication@559d0509
reloadAllAccessors: .ContinuousInDEInput

===========================================================================================
----------------- testing Sat Feb 29 07:04:11 UTC 2020 /home/travis/build/icyphy/ptII/ptolemy/domains/continuous/test/auto/ContinuousInDEInput2.xml
----------------- Instantiating /home/travis/build/icyphy/ptII/ptolemy/domains/continuous/test/auto/ContinuousInDEInput2.xml
14 ms. Memory: 241664K Free: 94430K (39%)
----------------- Invoking toplevel() on ptolemy.moml.MoMLSimpleApplication@1e554a0d
----------------- Done invoking toplevel() on ptolemy.moml.MoMLSimpleApplication@1e554a0d
reloadAllAccessors: .ContinuousInDEInput2

===========================================================================================
----------------- testing Sat Feb 29 07:04:11 UTC 2020 /home/travis/build/icyphy/ptII/ptolemy/domains/continuous/test/auto/ContinuousInDEInput3.xml
----------------- Instantiating /home/travis/build/icyphy/ptII/ptolemy/domains/continuous/test/auto/ContinuousInDEInput3.xml
14 ms. Memory: 241664K Free: 87262K (36%)
----------------- Invoking toplevel() on ptolemy.moml.MoMLSimpleApplication@6558d0cb
----------------- Done invoking toplevel() on ptolemy.moml.MoMLSimpleApplication@6558d0cb
reloadAllAccessors: .ContinuousInDEInput3

===========================================================================================
----------------- testing Sat Feb 29 07:04:11 UTC 2020 /home/travis/build/icyphy/ptII/ptolemy/domains/continuous/test/auto/ContinuousInDESharingRefinement.xml
----------------- Instantiating /home/travis/build/icyphy/ptII/ptolemy/domains/continuous/test/auto/ContinuousInDESharingRefinement.xml
180 ms. Memory: 241664K Free: 136345K (56%)
----------------- Invoking toplevel() on ptolemy.moml.MoMLSimpleApplication@2268621f
----------------- Done invoking toplevel() on ptolemy.moml.MoMLSimpleApplication@2268621f
reloadAllAccessors: .ContinuousInDESharingRefinement

===========================================================================================
----------------- testing Sat Feb 29 07:04:11 UTC 2020 /home/travis/build/icyphy/ptII/ptolemy/domains/continuous/test/auto/ContinuousInDEwithNoPorts.xml
----------------- Instantiating /home/travis/build/icyphy/ptII/ptolemy/domains/continuous/test/auto/ContinuousInDEwithNoPorts.xml
5 ms. Memory: 241664K Free: 132281K (55%)
----------------- Invoking toplevel() on ptolemy.moml.MoMLSimpleApplication@7b9854cc
----------------- Done invoking toplevel() on ptolemy.moml.MoMLSimpleApplication@7b9854cc
reloadAllAccessors: .ContinuousInDEwithNoPorts

===========================================================================================
----------------- testing Sat Feb 29 07:04:11 UTC 2020 /home/travis/build/icyphy/ptII/ptolemy/domains/continuous/test/auto/ContinuousInsideDE.xml
----------------- Instantiating /home/travis/build/icyphy/ptII/ptolemy/domains/continuous/test/auto/ContinuousInsideDE.xml
39 ms. Memory: 241664K Free: 121017K (50%)
----------------- Invoking toplevel() on ptolemy.moml.MoMLSimpleApplication@7aaf44ab
----------------- Done invoking toplevel() on ptolemy.moml.MoMLSimpleApplication@7aaf44ab
reloadAllAccessors: .ContinuousInsideDE

===========================================================================================
----------------- testing Sat Feb 29 07:04:11 UTC 2020 /home/travis/build/icyphy/ptII/ptolemy/domains/continuous/test/auto/ContinuousMerge1.xml
----------------- Instantiating /home/travis/build/icyphy/ptII/ptolemy/domains/continuous/test/auto/ContinuousMerge1.xml
3 ms. Memory: 241664K Free: 116393K (48%)
----------------- Invoking toplevel() on ptolemy.moml.MoMLSimpleApplication@576e847f
----------------- Done invoking toplevel() on ptolemy.moml.MoMLSimpleApplication@576e847f
reloadAllAccessors: .ContinuousMerge1

===========================================================================================
----------------- testing Sat Feb 29 07:04:11 UTC 2020 /home/travis/build/icyphy/ptII/ptolemy/domains/continuous/test/auto/ContinuousMerge2.xml
----------------- Instantiating /home/travis/build/icyphy/ptII/ptolemy/domains/continuous/test/auto/ContinuousMerge2.xml
22 ms. Memory: 241664K Free: 106167K (44%)
----------------- Invoking toplevel() on ptolemy.moml.MoMLSimpleApplication@56ba077b
----------------- Done invoking toplevel() on ptolemy.moml.MoMLSimpleApplication@56ba077b
reloadAllAccessors: .ContinuousMerge2

===========================================================================================
----------------- testing Sat Feb 29 07:04:11 UTC 2020 /home/travis/build/icyphy/ptII/ptolemy/domains/continuous/test/auto/ContinuousMerge3.xml
----------------- Instantiating /home/travis/build/icyphy/ptII/ptolemy/domains/continuous/test/auto/ContinuousMerge3.xml
49 ms. Memory: 241664K Free: 95417K (39%)
----------------- Invoking toplevel() on ptolemy.moml.MoMLSimpleApplication@34c7e0ba
----------------- Done invoking toplevel() on ptolemy.moml.MoMLSimpleApplication@34c7e0ba
reloadAllAccessors: .ContinuousMerge3

===========================================================================================
----------------- testing Sat Feb 29 07:04:11 UTC 2020 /home/travis/build/icyphy/ptII/ptolemy/domains/continuous/test/auto/ContinuousWithinContinuous.xml
----------------- Instantiating /home/travis/build/icyphy/ptII/ptolemy/domains/continuous/test/auto/ContinuousWithinContinuous.xml
38 ms. Memory: 241664K Free: 86201K (36%)
----------------- Invoking toplevel() on ptolemy.moml.MoMLSimpleApplication@6447255e
----------------- Done invoking toplevel() on ptolemy.moml.MoMLSimpleApplication@6447255e
reloadAllAccessors: .ContinuousWithinContinuous

===========================================================================================
----------------- testing Sat Feb 29 07:04:11 UTC 2020 /home/travis/build/icyphy/ptII/ptolemy/domains/continuous/test/auto/ContinuousWithinContinuous2.xml
----------------- Instantiating /home/travis/build/icyphy/ptII/ptolemy/domains/continuous/test/auto/ContinuousWithinContinuous2.xml
75 ms. Memory: 241664K Free: 219400K (91%)
----------------- Invoking toplevel() on ptolemy.moml.MoMLSimpleApplication@4aa83dfa
----------------- Done invoking toplevel() on ptolemy.moml.MoMLSimpleApplication@4aa83dfa
reloadAllAccessors: .ContinuousWithinContinuous2

===========================================================================================
----------------- testing Sat Feb 29 07:04:11 UTC 2020 /home/travis/build/icyphy/ptII/ptolemy/domains/continuous/test/auto/ContinuousWithinContinuous3.xml
----------------- Instantiating /home/travis/build/icyphy/ptII/ptolemy/domains/continuous/test/auto/ContinuousWithinContinuous3.xml
13 ms. Memory: 241664K Free: 212232K (88%)
----------------- Invoking toplevel() on ptolemy.moml.MoMLSimpleApplication@1478435f
----------------- Done invoking toplevel() on ptolemy.moml.MoMLSimpleApplication@1478435f
reloadAllAccessors: .ContinuousWithinContinuous3

===========================================================================================
----------------- testing Sat Feb 29 07:04:11 UTC 2020 /home/travis/build/icyphy/ptII/ptolemy/domains/continuous/test/auto/ContinuousWithinContinuous4.xml
----------------- Instantiating /home/travis/build/icyphy/ptII/ptolemy/domains/continuous/test/auto/ContinuousWithinContinuous4.xml
73 ms. Memory: 241664K Free: 199944K (83%)
----------------- Invoking toplevel() on ptolemy.moml.MoMLSimpleApplication@42412167
----------------- Done invoking toplevel() on ptolemy.moml.MoMLSimpleApplication@42412167
reloadAllAccessors: .ContinuousWithinContinuous4

===========================================================================================
----------------- testing Sat Feb 29 07:04:12 UTC 2020 /home/travis/build/icyphy/ptII/ptolemy/domains/continuous/test/auto/ContinuousWithinContinuous5.xml
----------------- Instantiating /home/travis/build/icyphy/ptII/ptolemy/domains/continuous/test/auto/ContinuousWithinContinuous5.xml
10 ms. Memory: 241664K Free: 192262K (80%)
----------------- Invoking toplevel() on ptolemy.moml.MoMLSimpleApplication@7e0a1f55
----------------- Done invoking toplevel() on ptolemy.moml.MoMLSimpleApplication@7e0a1f55
reloadAllAccessors: .ContinuousWithinContinuous5

===========================================================================================
----------------- testing Sat Feb 29 07:04:12 UTC 2020 /home/travis/build/icyphy/ptII/ptolemy/domains/continuous/test/auto/ContinuousWithinContinuous6.xml
----------------- Instantiating /home/travis/build/icyphy/ptII/ptolemy/domains/continuous/test/auto/ContinuousWithinContinuous6.xml
13 ms. Memory: 241664K Free: 185094K (77%)
----------------- Invoking toplevel() on ptolemy.moml.MoMLSimpleApplication@7f15b547
----------------- Done invoking toplevel() on ptolemy.moml.MoMLSimpleApplication@7f15b547
reloadAllAccessors: .ContinuousWithinContinuous6

===========================================================================================
----------------- testing Sat Feb 29 07:04:12 UTC 2020 /home/travis/build/icyphy/ptII/ptolemy/domains/continuous/test/auto/ContinuousWithinContinuous7.xml
----------------- Instantiating /home/travis/build/icyphy/ptII/ptolemy/domains/continuous/test/auto/ContinuousWithinContinuous7.xml
62 ms. Memory: 241664K Free: 174344K (72%)
----------------- Invoking toplevel() on ptolemy.moml.MoMLSimpleApplication@429e0f1f
----------------- Done invoking toplevel() on ptolemy.moml.MoMLSimpleApplication@429e0f1f
reloadAllAccessors: .ContinuousWithinContinuous7

===========================================================================================
----------------- testing Sat Feb 29 07:04:12 UTC 2020 /home/travis/build/icyphy/ptII/ptolemy/domains/continuous/test/auto/DCMotor.xml
----------------- Instantiating /home/travis/build/icyphy/ptII/ptolemy/domains/continuous/test/auto/DCMotor.xml
14422 ms. Memory: 241664K Free: 94007K (39%)
----------------- Invoking toplevel() on ptolemy.moml.MoMLSimpleApplication@229779ce
----------------- Done invoking toplevel() on ptolemy.moml.MoMLSimpleApplication@229779ce
reloadAllAccessors: .DCMotor

===========================================================================================
----------------- testing Sat Feb 29 07:04:26 UTC 2020 /home/travis/build/icyphy/ptII/ptolemy/domains/continuous/test/auto/DEInContinuous.xml
----------------- Instantiating /home/travis/build/icyphy/ptII/ptolemy/domains/continuous/test/auto/DEInContinuous.xml
20 ms. Memory: 241664K Free: 87863K (36%)
----------------- Invoking toplevel() on ptolemy.moml.MoMLSimpleApplication@119054a
----------------- Done invoking toplevel() on ptolemy.moml.MoMLSimpleApplication@119054a
reloadAllAccessors: .DEInContinuous

===========================================================================================
----------------- testing Sat Feb 29 07:04:26 UTC 2020 /home/travis/build/icyphy/ptII/ptolemy/domains/continuous/test/auto/DEinContinuous2.xml
----------------- Instantiating /home/travis/build/icyphy/ptII/ptolemy/domains/continuous/test/auto/DEinContinuous2.xml
7 ms. Memory: 241664K Free: 222734K (92%)
----------------- Invoking toplevel() on ptolemy.moml.MoMLSimpleApplication@16707f4d
----------------- Done invoking toplevel() on ptolemy.moml.MoMLSimpleApplication@16707f4d
reloadAllAccessors: .DEinContinuous2

===========================================================================================
----------------- testing Sat Feb 29 07:04:26 UTC 2020 /home/travis/build/icyphy/ptII/ptolemy/domains/continuous/test/auto/Derivative.xml
----------------- Instantiating /home/travis/build/icyphy/ptII/ptolemy/domains/continuous/test/auto/Derivative.xml
152 ms. Memory: 241664K Free: 194062K (80%)
----------------- Invoking toplevel() on ptolemy.moml.MoMLSimpleApplication@2c720b73
----------------- Done invoking toplevel() on ptolemy.moml.MoMLSimpleApplication@2c720b73
reloadAllAccessors: .Derivative2

===========================================================================================
----------------- testing Sat Feb 29 07:04:27 UTC 2020 /home/travis/build/icyphy/ptII/ptolemy/domains/continuous/test/auto/Derivative1.xml
----------------- Instantiating /home/travis/build/icyphy/ptII/ptolemy/domains/continuous/test/auto/Derivative1.xml
26 ms. Memory: 241664K Free: 179726K (74%)
----------------- Invoking toplevel() on ptolemy.moml.MoMLSimpleApplication@58f0e97a
----------------- Done invoking toplevel() on ptolemy.moml.MoMLSimpleApplication@58f0e97a
reloadAllAccessors: .Derivative1

===========================================================================================
----------------- testing Sat Feb 29 07:04:27 UTC 2020 /home/travis/build/icyphy/ptII/ptolemy/domains/continuous/test/auto/DiscreteClock.xml
----------------- Instantiating /home/travis/build/icyphy/ptII/ptolemy/domains/continuous/test/auto/DiscreteClock.xml
5 ms. Memory: 241664K Free: 174606K (72%)
----------------- Invoking toplevel() on ptolemy.moml.MoMLSimpleApplication@526707bf
----------------- Done invoking toplevel() on ptolemy.moml.MoMLSimpleApplication@526707bf
reloadAllAccessors: .DiscreteClock

===========================================================================================
----------------- testing Sat Feb 29 07:04:27 UTC 2020 /home/travis/build/icyphy/ptII/ptolemy/domains/continuous/test/auto/EfficiencyCurve.xml
----------------- Instantiating /home/travis/build/icyphy/ptII/ptolemy/domains/continuous/test/auto/EfficiencyCurve.xml
60 ms. Memory: 241664K Free: 166414K (69%)
----------------- Invoking toplevel() on ptolemy.moml.MoMLSimpleApplication@4e72d32f
----------------- Done invoking toplevel() on ptolemy.moml.MoMLSimpleApplication@4e72d32f
reloadAllAccessors: .EfficiencyCurve

===========================================================================================
----------------- testing Sat Feb 29 07:04:27 UTC 2020 /home/travis/build/icyphy/ptII/ptolemy/domains/continuous/test/auto/ExponentialResponse.xml
----------------- Instantiating /home/travis/build/icyphy/ptII/ptolemy/domains/continuous/test/auto/ExponentialResponse.xml
92 ms. Memory: 241664K Free: 151054K (63%)
----------------- Invoking toplevel() on ptolemy.moml.MoMLSimpleApplication@174024e8
----------------- Done invoking toplevel() on ptolemy.moml.MoMLSimpleApplication@174024e8
reloadAllAccessors: .ExponentialResponse

===========================================================================================
----------------- testing Sat Feb 29 07:04:27 UTC 2020 /home/travis/build/icyphy/ptII/ptolemy/domains/continuous/test/auto/ExponentialResponseRK45.xml
----------------- Instantiating /home/travis/build/icyphy/ptII/ptolemy/domains/continuous/test/auto/ExponentialResponseRK45.xml
28 ms. Memory: 241664K Free: 144396K (60%)
----------------- Invoking toplevel() on ptolemy.moml.MoMLSimpleApplication@77ea1d5a
----------------- Done invoking toplevel() on ptolemy.moml.MoMLSimpleApplication@77ea1d5a
reloadAllAccessors: .ExponentialResponseRK45

===========================================================================================
----------------- testing Sat Feb 29 07:04:27 UTC 2020 /home/travis/build/icyphy/ptII/ptolemy/domains/continuous/test/auto/Friction.xml
----------------- Instantiating /home/travis/build/icyphy/ptII/ptolemy/domains/continuous/test/auto/Friction.xml
1492 ms. Memory: 241664K Free: 149774K (62%)
----------------- Invoking toplevel() on ptolemy.moml.MoMLSimpleApplication@5ba9cb14
----------------- Done invoking toplevel() on ptolemy.moml.MoMLSimpleApplication@5ba9cb14
reloadAllAccessors: .Friction

===========================================================================================
----------------- testing Sat Feb 29 07:04:28 UTC 2020 /home/travis/build/icyphy/ptII/ptolemy/domains/continuous/test/auto/FurutaPendulum.xml
----------------- Instantiating /home/travis/build/icyphy/ptII/ptolemy/domains/continuous/test/auto/FurutaPendulum.xml
2787 ms. Memory: 241664K Free: 87059K (36%)
----------------- Invoking toplevel() on ptolemy.moml.MoMLSimpleApplication@32c1f6cc
----------------- Done invoking toplevel() on ptolemy.moml.MoMLSimpleApplication@32c1f6cc
reloadAllAccessors: .FurutaPendulum

===========================================================================================
----------------- testing Sat Feb 29 07:04:31 UTC 2020 /home/travis/build/icyphy/ptII/ptolemy/domains/continuous/test/auto/HierarchicalExecution.xml
----------------- Instantiating /home/travis/build/icyphy/ptII/ptolemy/domains/continuous/test/auto/HierarchicalExecution.xml
1377 ms. Memory: 241664K Free: 99349K (41%)
----------------- Invoking toplevel() on ptolemy.moml.MoMLSimpleApplication@5546a814
----------------- Done invoking toplevel() on ptolemy.moml.MoMLSimpleApplication@5546a814
reloadAllAccessors: .HierarchicalExecution

===========================================================================================
----------------- testing Sat Feb 29 07:04:33 UTC 2020 /home/travis/build/icyphy/ptII/ptolemy/domains/continuous/test/auto/HybridPlant.xml
----------------- Instantiating /home/travis/build/icyphy/ptII/ptolemy/domains/continuous/test/auto/HybridPlant.xml
492 ms. Memory: 241664K Free: 121197K (50%)
----------------- Invoking toplevel() on ptolemy.moml.MoMLSimpleApplication@5a778d40
----------------- Done invoking toplevel() on ptolemy.moml.MoMLSimpleApplication@5a778d40
reloadAllAccessors: .HybridPlant

===========================================================================================
----------------- testing Sat Feb 29 07:04:34 UTC 2020 /home/travis/build/icyphy/ptII/ptolemy/domains/continuous/test/auto/Hysteresis.xml
----------------- Instantiating /home/travis/build/icyphy/ptII/ptolemy/domains/continuous/test/auto/Hysteresis.xml
134 ms. Memory: 241664K Free: 202309K (84%)
----------------- Invoking toplevel() on ptolemy.moml.MoMLSimpleApplication@37f35fd5
----------------- Done invoking toplevel() on ptolemy.moml.MoMLSimpleApplication@37f35fd5
reloadAllAccessors: .Hysteresis

===========================================================================================
----------------- testing Sat Feb 29 07:04:34 UTC 2020 /home/travis/build/icyphy/ptII/ptolemy/domains/continuous/test/auto/HysteresisWithRandomDelay.xml
----------------- Instantiating /home/travis/build/icyphy/ptII/ptolemy/domains/continuous/test/auto/HysteresisWithRandomDelay.xml
173 ms. Memory: 241664K Free: 130612K (54%)
----------------- Invoking toplevel() on ptolemy.moml.MoMLSimpleApplication@712bb113
----------------- Done invoking toplevel() on ptolemy.moml.MoMLSimpleApplication@712bb113
reloadAllAccessors: .HysteresisWithRandomDelay

===========================================================================================
----------------- testing Sat Feb 29 07:04:34 UTC 2020 /home/travis/build/icyphy/ptII/ptolemy/domains/continuous/test/auto/HysteresisWithRandomLosses.xml
----------------- Instantiating /home/travis/build/icyphy/ptII/ptolemy/domains/continuous/test/auto/HysteresisWithRandomLosses.xml
2328 ms. Memory: 290816K Free: 241555K (83%)
----------------- Invoking toplevel() on ptolemy.moml.MoMLSimpleApplication@44456ef5
----------------- Done invoking toplevel() on ptolemy.moml.MoMLSimpleApplication@44456ef5
reloadAllAccessors: .HysteresisWithRandomLosses

===========================================================================================
----------------- testing Sat Feb 29 07:04:36 UTC 2020 /home/travis/build/icyphy/ptII/ptolemy/domains/continuous/test/auto/ImmediateTransitions.xml
----------------- Instantiating /home/travis/build/icyphy/ptII/ptolemy/domains/continuous/test/auto/ImmediateTransitions.xml
17 ms. Memory: 290816K Free: 230291K (79%)
----------------- Invoking toplevel() on ptolemy.moml.MoMLSimpleApplication@37e78029
----------------- Done invoking toplevel() on ptolemy.moml.MoMLSimpleApplication@37e78029
reloadAllAccessors: .ImmediateTransitions

===========================================================================================
----------------- testing Sat Feb 29 07:04:36 UTC 2020 /home/travis/build/icyphy/ptII/ptolemy/domains/continuous/test/auto/ImpulseFeedback.xml
----------------- Instantiating /home/travis/build/icyphy/ptII/ptolemy/domains/continuous/test/auto/ImpulseFeedback.xml
7 ms. Memory: 290816K Free: 224675K (77%)
----------------- Invoking toplevel() on ptolemy.moml.MoMLSimpleApplication@78c1b600
----------------- Done invoking toplevel() on ptolemy.moml.MoMLSimpleApplication@78c1b600
reloadAllAccessors: .ImpulseFeedback

===========================================================================================
----------------- testing Sat Feb 29 07:04:36 UTC 2020 /home/travis/build/icyphy/ptII/ptolemy/domains/continuous/test/auto/ImpulseFeedback2.xml
----------------- Instantiating /home/travis/build/icyphy/ptII/ptolemy/domains/continuous/test/auto/ImpulseFeedback2.xml
7 ms. Memory: 290816K Free: 219041K (75%)
----------------- Invoking toplevel() on ptolemy.moml.MoMLSimpleApplication@6ed22d13
----------------- Done invoking toplevel() on ptolemy.moml.MoMLSimpleApplication@6ed22d13
reloadAllAccessors: .ImpulseFeedback2

===========================================================================================
----------------- testing Sat Feb 29 07:04:36 UTC 2020 /home/travis/build/icyphy/ptII/ptolemy/domains/continuous/test/auto/IncreasingRatePoisson.xml
----------------- Instantiating /home/travis/build/icyphy/ptII/ptolemy/domains/continuous/test/auto/IncreasingRatePoisson.xml
271 ms. Memory: 290816K Free: 113569K (39%)

===========================================================================================
----------------- testing Sat Feb 29 07:04:37 UTC 2020 /home/travis/build/icyphy/ptII/ptolemy/domains/continuous/test/auto/InitialStateFeedback.xml
----------------- Instantiating /home/travis/build/icyphy/ptII/ptolemy/domains/continuous/test/auto/InitialStateFeedback.xml
6 ms. Memory: 290816K Free: 107425K (37%)
----------------- Invoking toplevel() on ptolemy.moml.MoMLSimpleApplication@73f5d62
----------------- Done invoking toplevel() on ptolemy.moml.MoMLSimpleApplication@73f5d62
reloadAllAccessors: .InitialStateFeedback

===========================================================================================
----------------- testing Sat Feb 29 07:04:37 UTC 2020 /home/travis/build/icyphy/ptII/ptolemy/domains/continuous/test/auto/Integration.xml
----------------- Instantiating /home/travis/build/icyphy/ptII/ptolemy/domains/continuous/test/auto/Integration.xml
2 ms. Memory: 290816K Free: 103329K (36%)
----------------- Invoking toplevel() on ptolemy.moml.MoMLSimpleApplication@52748da6
----------------- Done invoking toplevel() on ptolemy.moml.MoMLSimpleApplication@52748da6
reloadAllAccessors: .Integration

===========================================================================================
----------------- testing Sat Feb 29 07:04:37 UTC 2020 /home/travis/build/icyphy/ptII/ptolemy/domains/continuous/test/auto/Integration2.xml
----------------- Instantiating /home/travis/build/icyphy/ptII/ptolemy/domains/continuous/test/auto/Integration2.xml
81 ms. Memory: 290816K Free: 261849K (90%)
----------------- Invoking toplevel() on ptolemy.moml.MoMLSimpleApplication@3d3b3598
----------------- Done invoking toplevel() on ptolemy.moml.MoMLSimpleApplication@3d3b3598
reloadAllAccessors: .Integration2

===========================================================================================
----------------- testing Sat Feb 29 07:04:37 UTC 2020 /home/travis/build/icyphy/ptII/ptolemy/domains/continuous/test/auto/Integration3.xml
----------------- Instantiating /home/travis/build/icyphy/ptII/ptolemy/domains/continuous/test/auto/Integration3.xml
2 ms. Memory: 290816K Free: 257239K (88%)
----------------- Invoking toplevel() on ptolemy.moml.MoMLSimpleApplication@6299f0d5
----------------- Done invoking toplevel() on ptolemy.moml.MoMLSimpleApplication@6299f0d5
reloadAllAccessors: .Integration3

===========================================================================================
----------------- testing Sat Feb 29 07:04:37 UTC 2020 /home/travis/build/icyphy/ptII/ptolemy/domains/continuous/test/auto/Integration5.xml
----------------- Instantiating /home/travis/build/icyphy/ptII/ptolemy/domains/continuous/test/auto/Integration5.xml
2 ms. Memory: 290816K Free: 253143K (87%)
----------------- Invoking toplevel() on ptolemy.moml.MoMLSimpleApplication@e182c5c
----------------- Done invoking toplevel() on ptolemy.moml.MoMLSimpleApplication@e182c5c
reloadAllAccessors: .Integration5

===========================================================================================
----------------- testing Sat Feb 29 07:04:37 UTC 2020 /home/travis/build/icyphy/ptII/ptolemy/domains/continuous/test/auto/IntegratorImpulse.xml
----------------- Instantiating /home/travis/build/icyphy/ptII/ptolemy/domains/continuous/test/auto/IntegratorImpulse.xml
3 ms. Memory: 290816K Free: 249033K (86%)
----------------- Invoking toplevel() on ptolemy.moml.MoMLSimpleApplication@603c8ff9
----------------- Done invoking toplevel() on ptolemy.moml.MoMLSimpleApplication@603c8ff9
reloadAllAccessors: .IntegratorImpulse

===========================================================================================
----------------- testing Sat Feb 29 07:04:37 UTC 2020 /home/travis/build/icyphy/ptII/ptolemy/domains/continuous/test/auto/IntegratorImpulse2.xml
----------------- Instantiating /home/travis/build/icyphy/ptII/ptolemy/domains/continuous/test/auto/IntegratorImpulse2.xml
4 ms. Memory: 290816K Free: 244441K (84%)
----------------- Invoking toplevel() on ptolemy.moml.MoMLSimpleApplication@32650e
----------------- Done invoking toplevel() on ptolemy.moml.MoMLSimpleApplication@32650e
reloadAllAccessors: .IntegratorImpulse2

===========================================================================================
----------------- testing Sat Feb 29 07:04:37 UTC 2020 /home/travis/build/icyphy/ptII/ptolemy/domains/continuous/test/auto/LevelCrossing1.xml
----------------- Instantiating /home/travis/build/icyphy/ptII/ptolemy/domains/continuous/test/auto/LevelCrossing1.xml
2 ms. Memory: 290816K Free: 239321K (82%)
----------------- Invoking toplevel() on ptolemy.moml.MoMLSimpleApplication@3015039a
----------------- Done invoking toplevel() on ptolemy.moml.MoMLSimpleApplication@3015039a
reloadAllAccessors: .LevelCrossing1

===========================================================================================
----------------- testing Sat Feb 29 07:04:37 UTC 2020 /home/travis/build/icyphy/ptII/ptolemy/domains/continuous/test/auto/LevelCrossing2.xml
----------------- Instantiating /home/travis/build/icyphy/ptII/ptolemy/domains/continuous/test/auto/LevelCrossing2.xml
7 ms. Memory: 290816K Free: 234201K (81%)
----------------- Invoking toplevel() on ptolemy.moml.MoMLSimpleApplication@3c88dbe2
----------------- Done invoking toplevel() on ptolemy.moml.MoMLSimpleApplication@3c88dbe2
reloadAllAccessors: .LevelCrossing2

===========================================================================================
----------------- testing Sat Feb 29 07:04:37 UTC 2020 /home/travis/build/icyphy/ptII/ptolemy/domains/continuous/test/auto/LevelCrossing3.xml
----------------- Instantiating /home/travis/build/icyphy/ptII/ptolemy/domains/continuous/test/auto/LevelCrossing3.xml
2 ms. Memory: 290816K Free: 229081K (79%)
----------------- Invoking toplevel() on ptolemy.moml.MoMLSimpleApplication@4c98923
[...]
----------------- Done invoking toplevel() on ptolemy.moml.MoMLSimpleApplication@6a508382
reloadAllAccessors: .SampledClocks

===========================================================================================
----------------- testing Sat Feb 29 07:04:53 UTC 2020 /home/travis/build/icyphy/ptII/ptolemy/domains/continuous/test/auto/Satellite.xml
----------------- Instantiating /home/travis/build/icyphy/ptII/ptolemy/domains/continuous/test/auto/Satellite.xml
671 ms. Memory: 349184K Free: 323291K (93%)
----------------- Invoking toplevel() on ptolemy.moml.MoMLSimpleApplication@3478e1d9
----------------- Done invoking toplevel() on ptolemy.moml.MoMLSimpleApplication@3478e1d9
reloadAllAccessors: .Satellite

===========================================================================================
----------------- testing Sat Feb 29 07:04:53 UTC 2020 /home/travis/build/icyphy/ptII/ptolemy/domains/continuous/test/auto/SigmaDelta.xml
----------------- Instantiating /home/travis/build/icyphy/ptII/ptolemy/domains/continuous/test/auto/SigmaDelta.xml
1987 ms. Memory: 349184K Free: 268668K (77%)
----------------- Invoking toplevel() on ptolemy.moml.MoMLSimpleApplication@2b28e239
----------------- Done invoking toplevel() on ptolemy.moml.MoMLSimpleApplication@2b28e239
reloadAllAccessors: .SigmaDelta

===========================================================================================
----------------- testing Sat Feb 29 07:04:55 UTC 2020 /home/travis/build/icyphy/ptII/ptolemy/domains/continuous/test/auto/SingleRefinement.xml
----------------- Instantiating /home/travis/build/icyphy/ptII/ptolemy/domains/continuous/test/auto/SingleRefinement.xml
364 ms. Memory: 349184K Free: 293732K (84%)
----------------- Invoking toplevel() on ptolemy.moml.MoMLSimpleApplication@38c00928
----------------- Done invoking toplevel() on ptolemy.moml.MoMLSimpleApplication@38c00928
reloadAllAccessors: .SingleRefinement

===========================================================================================
----------------- testing Sat Feb 29 07:04:56 UTC 2020 /home/travis/build/icyphy/ptII/ptolemy/domains/continuous/test/auto/SinuBouncingBall.xml
----------------- Instantiating /home/travis/build/icyphy/ptII/ptolemy/domains/continuous/test/auto/SinuBouncingBall.xml
798 ms. Memory: 349184K Free: 284645K (82%)
----------------- Invoking toplevel() on ptolemy.moml.MoMLSimpleApplication@4e555678
----------------- Done invoking toplevel() on ptolemy.moml.MoMLSimpleApplication@4e555678
reloadAllAccessors: .SinuBouncingBall

===========================================================================================
----------------- testing Sat Feb 29 07:04:57 UTC 2020 /home/travis/build/icyphy/ptII/ptolemy/domains/continuous/test/auto/Sinusoid.xml
----------------- Instantiating /home/travis/build/icyphy/ptII/ptolemy/domains/continuous/test/auto/Sinusoid.xml
3 ms. Memory: 349184K Free: 280021K (80%)
----------------- Invoking toplevel() on ptolemy.moml.MoMLSimpleApplication@31769f7b
----------------- Done invoking toplevel() on ptolemy.moml.MoMLSimpleApplication@31769f7b
reloadAllAccessors: .Sinusoid

===========================================================================================
----------------- testing Sat Feb 29 07:04:57 UTC 2020 /home/travis/build/icyphy/ptII/ptolemy/domains/continuous/test/auto/SinusoidInNoise.xml
----------------- Instantiating /home/travis/build/icyphy/ptII/ptolemy/domains/continuous/test/auto/SinusoidInNoise.xml
869 ms. Memory: 349184K Free: 146405K (42%)
----------------- Invoking toplevel() on ptolemy.moml.MoMLSimpleApplication@2cfab0d1
----------------- Done invoking toplevel() on ptolemy.moml.MoMLSimpleApplication@2cfab0d1
reloadAllAccessors: .SinusoidInNoise

===========================================================================================
----------------- testing Sat Feb 29 07:04:58 UTC 2020 /home/travis/build/icyphy/ptII/ptolemy/domains/continuous/test/auto/SinusoidRK45.xml
----------------- Instantiating /home/travis/build/icyphy/ptII/ptolemy/domains/continuous/test/auto/SinusoidRK45.xml
2 ms. Memory: 349184K Free: 142309K (41%)
----------------- Invoking toplevel() on ptolemy.moml.MoMLSimpleApplication@1937b67c
----------------- Done invoking toplevel() on ptolemy.moml.MoMLSimpleApplication@1937b67c
reloadAllAccessors: .SinusoidRK45

===========================================================================================
----------------- testing Sat Feb 29 07:04:58 UTC 2020 /home/travis/build/icyphy/ptII/ptolemy/domains/continuous/test/auto/SinusoidWithMultipleImpulses.xml
----------------- Instantiating /home/travis/build/icyphy/ptII/ptolemy/domains/continuous/test/auto/SinusoidWithMultipleImpulses.xml
3 ms. Memory: 349184K Free: 137699K (39%)
----------------- Invoking toplevel() on ptolemy.moml.MoMLSimpleApplication@26346f28
----------------- Done invoking toplevel() on ptolemy.moml.MoMLSimpleApplication@26346f28
reloadAllAccessors: .SinusoidWithMultipleImpulses

===========================================================================================
----------------- testing Sat Feb 29 07:04:58 UTC 2020 /home/travis/build/icyphy/ptII/ptolemy/domains/continuous/test/auto/SquareWave.xml
----------------- Instantiating /home/travis/build/icyphy/ptII/ptolemy/domains/continuous/test/auto/SquareWave.xml
120 ms. Memory: 349184K Free: 318041K (91%)
----------------- Invoking toplevel() on ptolemy.moml.MoMLSimpleApplication@cdd800b
----------------- Done invoking toplevel() on ptolemy.moml.MoMLSimpleApplication@cdd800b
reloadAllAccessors: .SquareWave

===========================================================================================
----------------- testing Sat Feb 29 07:04:58 UTC 2020 /home/travis/build/icyphy/ptII/ptolemy/domains/continuous/test/auto/Starmac.xml
----------------- Instantiating /home/travis/build/icyphy/ptII/ptolemy/domains/continuous/test/auto/Starmac.xml
3075 ms. Memory: 349184K Free: 214014K (61%)
----------------- Invoking toplevel() on ptolemy.moml.MoMLSimpleApplication@5218040e
----------------- Done invoking toplevel() on ptolemy.moml.MoMLSimpleApplication@5218040e
reloadAllAccessors: .Starmac

===========================================================================================
----------------- testing Sat Feb 29 07:05:01 UTC 2020 /home/travis/build/icyphy/ptII/ptolemy/domains/continuous/test/auto/StaticUnits.xml
----------------- Instantiating /home/travis/build/icyphy/ptII/ptolemy/domains/continuous/test/auto/StaticUnits.xml
1751 ms. Memory: 349184K Free: 173907K (50%)
----------------- Invoking toplevel() on ptolemy.moml.MoMLSimpleApplication@6b0b5cad
----------------- Done invoking toplevel() on ptolemy.moml.MoMLSimpleApplication@6b0b5cad
reloadAllAccessors: .StaticUnits

===========================================================================================
----------------- testing Sat Feb 29 07:05:04 UTC 2020 /home/travis/build/icyphy/ptII/ptolemy/domains/continuous/test/auto/StickyMasses.xml
----------------- Instantiating /home/travis/build/icyphy/ptII/ptolemy/domains/continuous/test/auto/StickyMasses.xml
127 ms. Memory: 349184K Free: 124741K (36%)
----------------- Invoking toplevel() on ptolemy.moml.MoMLSimpleApplication@287ddf52
----------------- Done invoking toplevel() on ptolemy.moml.MoMLSimpleApplication@287ddf52
reloadAllAccessors: .StickyMasses

===========================================================================================
----------------- testing Sat Feb 29 07:05:04 UTC 2020 /home/travis/build/icyphy/ptII/ptolemy/domains/continuous/test/auto/StopTime.xml
----------------- Instantiating /home/travis/build/icyphy/ptII/ptolemy/domains/continuous/test/auto/StopTime.xml
36 ms. Memory: 349184K Free: 303282K (87%)
----------------- Invoking toplevel() on ptolemy.moml.MoMLSimpleApplication@12860cc6
----------------- Done invoking toplevel() on ptolemy.moml.MoMLSimpleApplication@12860cc6
reloadAllAccessors: .StopTime

===========================================================================================
----------------- testing Sat Feb 29 07:05:04 UTC 2020 /home/travis/build/icyphy/ptII/ptolemy/domains/continuous/test/auto/StopTime2.xml
----------------- Instantiating /home/travis/build/icyphy/ptII/ptolemy/domains/continuous/test/auto/StopTime2.xml
31 ms. Memory: 349184K Free: 280754K (80%)
----------------- Invoking toplevel() on ptolemy.moml.MoMLSimpleApplication@52f25b29
----------------- Done invoking toplevel() on ptolemy.moml.MoMLSimpleApplication@52f25b29
reloadAllAccessors: .StopTime2

===========================================================================================
----------------- testing Sat Feb 29 07:05:04 UTC 2020 /home/travis/build/icyphy/ptII/ptolemy/domains/continuous/test/auto/Switch.xml
----------------- Instantiating /home/travis/build/icyphy/ptII/ptolemy/domains/continuous/test/auto/Switch.xml
36 ms. Memory: 349184K Free: 255650K (73%)
----------------- Invoking toplevel() on ptolemy.moml.MoMLSimpleApplication@157f06a3
----------------- Done invoking toplevel() on ptolemy.moml.MoMLSimpleApplication@157f06a3
reloadAllAccessors: .Switch

===========================================================================================
----------------- testing Sat Feb 29 07:05:04 UTC 2020 /home/travis/build/icyphy/ptII/ptolemy/domains/continuous/test/auto/Thermostat.xml
----------------- Instantiating /home/travis/build/icyphy/ptII/ptolemy/domains/continuous/test/auto/Thermostat.xml
201 ms. Memory: 349184K Free: 183474K (53%)
----------------- Invoking toplevel() on ptolemy.moml.MoMLSimpleApplication@283f467c
----------------- Done invoking toplevel() on ptolemy.moml.MoMLSimpleApplication@283f467c
reloadAllAccessors: .Thermostat

===========================================================================================
----------------- testing Sat Feb 29 07:05:04 UTC 2020 /home/travis/build/icyphy/ptII/ptolemy/domains/continuous/test/auto/TimeDelay.xml
----------------- Instantiating /home/travis/build/icyphy/ptII/ptolemy/domains/continuous/test/auto/TimeDelay.xml
6 ms. Memory: 349184K Free: 178834K (51%)
----------------- Invoking toplevel() on ptolemy.moml.MoMLSimpleApplication@4b5bfe5c
----------------- Done invoking toplevel() on ptolemy.moml.MoMLSimpleApplication@4b5bfe5c
reloadAllAccessors: .TimeDelay

===========================================================================================
----------------- testing Sat Feb 29 07:05:04 UTC 2020 /home/travis/build/icyphy/ptII/ptolemy/domains/continuous/test/auto/TimeDelay2.xml
----------------- Instantiating /home/travis/build/icyphy/ptII/ptolemy/domains/continuous/test/auto/TimeDelay2.xml
7 ms. Memory: 349184K Free: 168624K (48%)
----------------- Invoking toplevel() on ptolemy.moml.MoMLSimpleApplication@6e205955
----------------- Done invoking toplevel() on ptolemy.moml.MoMLSimpleApplication@6e205955
reloadAllAccessors: .TimeDelay2

===========================================================================================
----------------- testing Sat Feb 29 07:05:04 UTC 2020 /home/travis/build/icyphy/ptII/ptolemy/domains/continuous/test/auto/TimeDelay3.xml
----------------- Instantiating /home/travis/build/icyphy/ptII/ptolemy/domains/continuous/test/auto/TimeDelay3.xml
5 ms. Memory: 349184K Free: 164016K (47%)
----------------- Invoking toplevel() on ptolemy.moml.MoMLSimpleApplication@4194660c
----------------- Done invoking toplevel() on ptolemy.moml.MoMLSimpleApplication@4194660c
reloadAllAccessors: .TimeDelay3

===========================================================================================
----------------- testing Sat Feb 29 07:05:04 UTC 2020 /home/travis/build/icyphy/ptII/ptolemy/domains/continuous/test/auto/TransferAbsentToInside.xml
----------------- Instantiating /home/travis/build/icyphy/ptII/ptolemy/domains/continuous/test/auto/TransferAbsentToInside.xml
28 ms. Memory: 349184K Free: 313077K (90%)
----------------- Invoking toplevel() on ptolemy.moml.MoMLSimpleApplication@bc27455
----------------- Done invoking toplevel() on ptolemy.moml.MoMLSimpleApplication@bc27455
reloadAllAccessors: .TransferAbsentToInside

===========================================================================================
----------------- testing Sat Feb 29 07:05:04 UTC 2020 /home/travis/build/icyphy/ptII/ptolemy/domains/continuous/test/auto/Transmission.xml
----------------- Instantiating /home/travis/build/icyphy/ptII/ptolemy/domains/continuous/test/auto/Transmission.xml
826 ms. Memory: 349184K Free: 284408K (81%)
----------------- Invoking toplevel() on ptolemy.moml.MoMLSimpleApplication@1682daa
----------------- Done invoking toplevel() on ptolemy.moml.MoMLSimpleApplication@1682daa
reloadAllAccessors: .Transmission

===========================================================================================
----------------- testing Sat Feb 29 07:05:05 UTC 2020 /home/travis/build/icyphy/ptII/ptolemy/domains/continuous/test/auto/TriggeredContinuousClock.xml
----------------- Instantiating /home/travis/build/icyphy/ptII/ptolemy/domains/continuous/test/auto/TriggeredContinuousClock.xml
38 ms. Memory: 349184K Free: 254712K (73%)
----------------- Invoking toplevel() on ptolemy.moml.MoMLSimpleApplication@6590c8de
----------------- Done invoking toplevel() on ptolemy.moml.MoMLSimpleApplication@6590c8de
reloadAllAccessors: .TriggeredContinuousClock

===========================================================================================
----------------- testing Sat Feb 29 07:05:05 UTC 2020 /home/travis/build/icyphy/ptII/ptolemy/domains/continuous/test/auto/TwoMachineInfiniteBusControl.xml
----------------- Instantiating /home/travis/build/icyphy/ptII/ptolemy/domains/continuous/test/auto/TwoMachineInfiniteBusControl.xml
2450 ms. Memory: 349184K Free: 286922K (82%)
----------------- Invoking toplevel() on ptolemy.moml.MoMLSimpleApplication@5c03f45c
----------------- Done invoking toplevel() on ptolemy.moml.MoMLSimpleApplication@5c03f45c
reloadAllAccessors: .TwoMachineInfiniteBusControl

===========================================================================================
----------------- testing Sat Feb 29 07:05:08 UTC 2020 /home/travis/build/icyphy/ptII/ptolemy/domains/continuous/test/auto/V2V.xml
----------------- Instantiating /home/travis/build/icyphy/ptII/ptolemy/domains/continuous/test/auto/V2V.xml
661 ms. Memory: 349184K Free: 301256K (86%)
----------------- Invoking toplevel() on ptolemy.moml.MoMLSimpleApplication@6b9ea305
----------------- Done invoking toplevel() on ptolemy.moml.MoMLSimpleApplication@6b9ea305
reloadAllAccessors: .V2V

===========================================================================================
----------------- testing Sat Feb 29 07:05:09 UTC 2020 /home/travis/build/icyphy/ptII/ptolemy/domains/continuous/test/auto/hierarchicalModalModel.xml
----------------- Instantiating /home/travis/build/icyphy/ptII/ptolemy/domains/continuous/test/auto/hierarchicalModalModel.xml
8 ms. Memory: 349184K Free: 286920K (82%)
----------------- Invoking toplevel() on ptolemy.moml.MoMLSimpleApplication@2b4751a6
----------------- Done invoking toplevel() on ptolemy.moml.MoMLSimpleApplication@2b4751a6
reloadAllAccessors: .hierarchicalModalModel

===========================================================================================
----------------- testing Sat Feb 29 07:05:09 UTC 2020 /home/travis/build/icyphy/ptII/ptolemy/domains/continuous/test/auto/hierarchicalModalModel1.xml
----------------- Instantiating /home/travis/build/icyphy/ptII/ptolemy/domains/continuous/test/auto/hierarchicalModalModel1.xml
9 ms. Memory: 349184K Free: 272584K (78%)
----------------- Invoking toplevel() on ptolemy.moml.MoMLSimpleApplication@58f4f134
----------------- Done invoking toplevel() on ptolemy.moml.MoMLSimpleApplication@58f4f134
reloadAllAccessors: .hierarchicalModalModel1

===========================================================================================
----------------- testing Sat Feb 29 07:05:09 UTC 2020 /home/travis/build/icyphy/ptII/ptolemy/domains/continuous/test/auto/hierarchicalModalModel2.xml
----------------- Instantiating /home/travis/build/icyphy/ptII/ptolemy/domains/continuous/test/auto/hierarchicalModalModel2.xml
6 ms. Memory: 349184K Free: 260296K (75%)
----------------- Invoking toplevel() on ptolemy.moml.MoMLSimpleApplication@2f9ed716
----------------- Done invoking toplevel() on ptolemy.moml.MoMLSimpleApplication@2f9ed716
reloadAllAccessors: .hierarchicalModalModel2

===========================================================================================
----------------- testing Sat Feb 29 07:05:09 UTC 2020 /home/travis/build/icyphy/ptII/ptolemy/domains/continuous/test/auto/hierarchicalModalModel3.xml
----------------- Instantiating /home/travis/build/icyphy/ptII/ptolemy/domains/continuous/test/auto/hierarchicalModalModel3.xml
5 ms. Memory: 349184K Free: 249542K (71%)
----------------- Invoking toplevel() on ptolemy.moml.MoMLSimpleApplication@599ca842
----------------- Done invoking toplevel() on ptolemy.moml.MoMLSimpleApplication@599ca842
reloadAllAccessors: .hierarchicalModalModel3

===========================================================================================
----------------- testing Sat Feb 29 07:05:09 UTC 2020 /home/travis/build/icyphy/ptII/ptolemy/domains/continuous/test/auto/hierarchicalModalModel4.xml
----------------- Instantiating /home/travis/build/icyphy/ptII/ptolemy/domains/continuous/test/auto/hierarchicalModalModel4.xml
5 ms. Memory: 349184K Free: 237768K (68%)
----------------- Invoking toplevel() on ptolemy.moml.MoMLSimpleApplication@7125e1cf
----------------- Done invoking toplevel() on ptolemy.moml.MoMLSimpleApplication@7125e1cf
reloadAllAccessors: .hierarchicalModalModel4

===========================================================================================
----------------- testing Sat Feb 29 07:05:09 UTC 2020 /home/travis/build/icyphy/ptII/ptolemy/domains/continuous/test/auto/junk.xml
----------------- Instantiating /home/travis/build/icyphy/ptII/ptolemy/domains/continuous/test/auto/junk.xml
127 ms. Memory: 349184K Free: 213192K (61%)
----------------- Invoking toplevel() on ptolemy.moml.MoMLSimpleApplication@730184f
----------------- Done invoking toplevel() on ptolemy.moml.MoMLSimpleApplication@730184f
reloadAllAccessors: .junk
AutoTests.java: About to close Vertx.
AutoTests.java: Vertx closed.
]]></system-out>
  <system-err><![CDATA[Warning: '.IncreasingRatePoisson.NonStrictTest' The test produced only 104 tokens, yet the correctValues parameter was expecting 402 tokens.
java.lang.RuntimeException: Execution failed
	at ptolemy.moml.MoMLSimpleApplication$UnloadThread.run(MoMLSimpleApplication.java:402)
Caused by: ptolemy.kernel.util.IllegalActionException: Test fails in iteration 784.
Value was: 10.9759683437615. Should have been: 0.0651328878542
  in .IncreasingRatePoisson.NonStrictTest
	at ptolemy.actor.lib.NonStrictTest.postfire(NonStrictTest.java:328)
	at ptolemy.actor.sched.FixedPointDirector._postfireActor(FixedPointDirector.java:1027)
	at ptolemy.actor.sched.FixedPointDirector.postfire(FixedPointDirector.java:520)
	at ptolemy.domains.continuous.kernel.ContinuousDirector._commit(ContinuousDirector.java:1426)
	at ptolemy.domains.continuous.kernel.ContinuousDirector._postfireAtTopLevel(ContinuousDirector.java:1585)
	at ptolemy.domains.continuous.kernel.ContinuousDirector.postfire(ContinuousDirector.java:839)
	at ptolemy.actor.CompositeActor.postfire(CompositeActor.java:1668)
	at ptolemy.actor.Manager.iterate(Manager.java:852)
	at ptolemy.actor.Manager.execute(Manager.java:369)
	at ptolemy.actor.Manager.run(Manager.java:1263)
	at ptolemy.actor.Manager$PtolemyRunThread.run(Manager.java:1933)
Warning: '.Poisson.NonStrictTest' The test produced only 385 tokens, yet the correctValues parameter was expecting 430 tokens.
]]></system-err>
</testsuite>
