<?xml version="1.0" encoding="UTF-8" ?>
<testsuite errors="0" failures="0" hostname="travis-job-74a27683-5d30-4429-ab13-f7640cb87ab6" name="ptolemy.domains.de.test.junit.JUnitTclTest" skipped="0" tests="101" time="122.617" timestamp="2020-03-12T07:12:01">
  <properties>
[...]
</properties>
  <testcase classname="ptolemy.util.test.junit.TclTests" name="[0] /home/travis/build/icyphy/ptII/ptolemy/domains/de/test/DependencyLoop.tcl (RunTclFile)" time="0.956" />
  <testcase classname="ptolemy.util.test.junit.TclTests" name="[1] /home/travis/build/icyphy/ptII/ptolemy/domains/de/test/RunDETestsAsQSS.tcl (RunTclFile)" time="82.716" />
  <testcase classname="ptolemy.util.test.junit.AutoKnownFailedTests" name="[0] /home/travis/build/icyphy/ptII/ptolemy/domains/de/test/auto/knownFailedTests/DESDFClockTest.xml (RunModel)" time="2.051" />
  <testcase classname="ptolemy.util.test.junit.AutoKnownFailedTests" name="[1] /home/travis/build/icyphy/ptII/ptolemy/domains/de/test/auto/knownFailedTests/DirectFeedback.xml (RunModel)" time="0.025" />
  <testcase classname="ptolemy.util.test.junit.AutoKnownFailedTests" name="[2] /home/travis/build/icyphy/ptII/ptolemy/domains/de/test/auto/knownFailedTests/FSMSource.xml (RunModel)" time="0.043" />
  <testcase classname="ptolemy.util.test.junit.AutoKnownFailedTests" name="[3] /home/travis/build/icyphy/ptII/ptolemy/domains/de/test/auto/knownFailedTests/HierarchicalModel.xml (RunModel)" time="0.051" />
  <testcase classname="ptolemy.util.test.junit.AutoKnownFailedTests" name="[4] /home/travis/build/icyphy/ptII/ptolemy/domains/de/test/auto/knownFailedTests/dependencyLoop.xml (RunModel)" time="0.043" />
  <testcase classname="ptolemy.util.test.junit.AutoKnownFailedTests" name="[5] /home/travis/build/icyphy/ptII/ptolemy/domains/de/test/auto/knownFailedTests/dependencyLoop2.xml (RunModel)" time="0.047" />
  <testcase classname="ptolemy.util.test.junit.AutoNameArchTests" name="[0] ThereAreNoAutoArchTests (RunModel)" time="0.005" />
  <testcase classname="ptolemy.util.test.junit.AutoTests" name="[0] /home/travis/build/icyphy/ptII/ptolemy/domains/de/test/auto/ActorDepthCalculation_actorWithoutPorts.xml (RunModel)" time="0.026" />
  <testcase classname="ptolemy.util.test.junit.AutoTests" name="[1] /home/travis/build/icyphy/ptII/ptolemy/domains/de/test/auto/AssemblyLine.xml (RunModel)" time="0.022" />
  <testcase classname="ptolemy.util.test.junit.AutoTests" name="[2] /home/travis/build/icyphy/ptII/ptolemy/domains/de/test/auto/CQBug1.xml (RunModel)" time="0.011" />
  <testcase classname="ptolemy.util.test.junit.AutoTests" name="[3] /home/travis/build/icyphy/ptII/ptolemy/domains/de/test/auto/CancelFireAt.xml (RunModel)" time="0.01" />
  <testcase classname="ptolemy.util.test.junit.AutoTests" name="[4] /home/travis/build/icyphy/ptII/ptolemy/domains/de/test/auto/CausalityAndComposabilityAnalysis.xml (RunModel)" time="0.026" />
  <testcase classname="ptolemy.util.test.junit.AutoTests" name="[5] /home/travis/build/icyphy/ptII/ptolemy/domains/de/test/auto/CausalityInterface1.xml (RunModel)" time="0.018" />
  <testcase classname="ptolemy.util.test.junit.AutoTests" name="[6] /home/travis/build/icyphy/ptII/ptolemy/domains/de/test/auto/CausalityInterface15.xml (RunModel)" time="0.017" />
  <testcase classname="ptolemy.util.test.junit.AutoTests" name="[7] /home/travis/build/icyphy/ptII/ptolemy/domains/de/test/auto/CausalityInterface2.xml (RunModel)" time="0.012" />
  <testcase classname="ptolemy.util.test.junit.AutoTests" name="[8] /home/travis/build/icyphy/ptII/ptolemy/domains/de/test/auto/CausalityInterface3.xml (RunModel)" time="0.016" />
  <testcase classname="ptolemy.util.test.junit.AutoTests" name="[9] /home/travis/build/icyphy/ptII/ptolemy/domains/de/test/auto/ClockDrift.xml (RunModel)" time="0.033" />
  <testcase classname="ptolemy.util.test.junit.AutoTests" name="[10] /home/travis/build/icyphy/ptII/ptolemy/domains/de/test/auto/ClockDriftAndValueChange.xml (RunModel)" time="0.032" />
  <testcase classname="ptolemy.util.test.junit.AutoTests" name="[11] /home/travis/build/icyphy/ptII/ptolemy/domains/de/test/auto/ClockDriftChange.xml (RunModel)" time="0.029" />
  <testcase classname="ptolemy.util.test.junit.AutoTests" name="[12] /home/travis/build/icyphy/ptII/ptolemy/domains/de/test/auto/ComposableCausalityAnalysis.xml (RunModel)" time="0.019" />
  <testcase classname="ptolemy.util.test.junit.AutoTests" name="[13] /home/travis/build/icyphy/ptII/ptolemy/domains/de/test/auto/DEFixedPointLimitation.xml (RunModel)" time="0.011" />
  <testcase classname="ptolemy.util.test.junit.AutoTests" name="[14] /home/travis/build/icyphy/ptII/ptolemy/domains/de/test/auto/DEScheduleTest.xml (RunModel)" time="0.012" />
  <testcase classname="ptolemy.util.test.junit.AutoTests" name="[15] /home/travis/build/icyphy/ptII/ptolemy/domains/de/test/auto/DEinDEwithStartTimes.xml (RunModel)" time="0.02" />
  <testcase classname="ptolemy.util.test.junit.AutoTests" name="[16] /home/travis/build/icyphy/ptII/ptolemy/domains/de/test/auto/DEinDEwithStartTimes2.xml (RunModel)" time="0.017" />
  <testcase classname="ptolemy.util.test.junit.AutoTests" name="[17] /home/travis/build/icyphy/ptII/ptolemy/domains/de/test/auto/DateDemo.xml (RunModel)" time="0.032" />
  <testcase classname="ptolemy.util.test.junit.AutoTests" name="[18] /home/travis/build/icyphy/ptII/ptolemy/domains/de/test/auto/DateToEvent.xml (RunModel)" time="2.04" />
  <testcase classname="ptolemy.util.test.junit.AutoTests" name="[19] /home/travis/build/icyphy/ptII/ptolemy/domains/de/test/auto/DepthTest1.xml (RunModel)" time="0.018" />
  <testcase classname="ptolemy.util.test.junit.AutoTests" name="[20] /home/travis/build/icyphy/ptII/ptolemy/domains/de/test/auto/DepthTest2.xml (RunModel)" time="0.024" />
  <testcase classname="ptolemy.util.test.junit.AutoTests" name="[21] /home/travis/build/icyphy/ptII/ptolemy/domains/de/test/auto/DepthTest3.xml (RunModel)" time="0.006" />
  <testcase classname="ptolemy.util.test.junit.AutoTests" name="[22] /home/travis/build/icyphy/ptII/ptolemy/domains/de/test/auto/DepthTest4.xml (RunModel)" time="0.019" />
  <testcase classname="ptolemy.util.test.junit.AutoTests" name="[23] /home/travis/build/icyphy/ptII/ptolemy/domains/de/test/auto/DepthTest5.xml (RunModel)" time="0.018" />
  <testcase classname="ptolemy.util.test.junit.AutoTests" name="[24] /home/travis/build/icyphy/ptII/ptolemy/domains/de/test/auto/DepthTest6.xml (RunModel)" time="0.012" />
  <testcase classname="ptolemy.util.test.junit.AutoTests" name="[25] /home/travis/build/icyphy/ptII/ptolemy/domains/de/test/auto/DepthTest7.xml (RunModel)" time="0.011" />
  <testcase classname="ptolemy.util.test.junit.AutoTests" name="[26] /home/travis/build/icyphy/ptII/ptolemy/domains/de/test/auto/EventToDate.xml (RunModel)" time="3.036" />
  <testcase classname="ptolemy.util.test.junit.AutoTests" name="[27] /home/travis/build/icyphy/ptII/ptolemy/domains/de/test/auto/FSM1.xml (RunModel)" time="0.05" />
  <testcase classname="ptolemy.util.test.junit.AutoTests" name="[28] /home/travis/build/icyphy/ptII/ptolemy/domains/de/test/auto/FSM7.xml (RunModel)" time="0.043" />
  <testcase classname="ptolemy.util.test.junit.AutoTests" name="[29] /home/travis/build/icyphy/ptII/ptolemy/domains/de/test/auto/Inspection.xml (RunModel)" time="0.041" />
  <testcase classname="ptolemy.util.test.junit.AutoTests" name="[30] /home/travis/build/icyphy/ptII/ptolemy/domains/de/test/auto/Iteration.xml (RunModel)" time="0.025" />
  <testcase classname="ptolemy.util.test.junit.AutoTests" name="[31] /home/travis/build/icyphy/ptII/ptolemy/domains/de/test/auto/LineFault.xml (RunModel)" time="0.537" />
  <testcase classname="ptolemy.util.test.junit.AutoTests" name="[32] /home/travis/build/icyphy/ptII/ptolemy/domains/de/test/auto/MergeModel1Add.xml (RunModel)" time="0.047" />
  <testcase classname="ptolemy.util.test.junit.AutoTests" name="[33] /home/travis/build/icyphy/ptII/ptolemy/domains/de/test/auto/MergeModel2Add.xml (RunModel)" time="0.035" />
  <testcase classname="ptolemy.util.test.junit.AutoTests" name="[34] /home/travis/build/icyphy/ptII/ptolemy/domains/de/test/auto/MergeModel3Add.xml (RunModel)" time="0.05" />
  <testcase classname="ptolemy.util.test.junit.AutoTests" name="[35] /home/travis/build/icyphy/ptII/ptolemy/domains/de/test/auto/MergeWithoutDiscard.xml (RunModel)" time="0.013" />
  <testcase classname="ptolemy.util.test.junit.AutoTests" name="[36] /home/travis/build/icyphy/ptII/ptolemy/domains/de/test/auto/Modal1.xml (RunModel)" time="0.027" />
  <testcase classname="ptolemy.util.test.junit.AutoTests" name="[37] /home/travis/build/icyphy/ptII/ptolemy/domains/de/test/auto/Modal2.xml (RunModel)" time="0.031" />
  <testcase classname="ptolemy.util.test.junit.AutoTests" name="[38] /home/travis/build/icyphy/ptII/ptolemy/domains/de/test/auto/Modal3.xml (RunModel)" time="0.026" />
  <testcase classname="ptolemy.util.test.junit.AutoTests" name="[39] /home/travis/build/icyphy/ptII/ptolemy/domains/de/test/auto/Modal4.xml (RunModel)" time="0.027" />
  <testcase classname="ptolemy.util.test.junit.AutoTests" name="[40] /home/travis/build/icyphy/ptII/ptolemy/domains/de/test/auto/Modal5.xml (RunModel)" time="0.032" />
  <testcase classname="ptolemy.util.test.junit.AutoTests" name="[41] /home/travis/build/icyphy/ptII/ptolemy/domains/de/test/auto/Modal6.xml (RunModel)" time="0.031" />
  <testcase classname="ptolemy.util.test.junit.AutoTests" name="[42] /home/travis/build/icyphy/ptII/ptolemy/domains/de/test/auto/Modal7.xml (RunModel)" time="0.03" />
  <testcase classname="ptolemy.util.test.junit.AutoTests" name="[43] /home/travis/build/icyphy/ptII/ptolemy/domains/de/test/auto/ModalModel.xml (RunModel)" time="0.157" />
  <testcase classname="ptolemy.util.test.junit.AutoTests" name="[44] /home/travis/build/icyphy/ptII/ptolemy/domains/de/test/auto/ModalSource.xml (RunModel)" time="0.019" />
  <testcase classname="ptolemy.util.test.junit.AutoTests" name="[45] /home/travis/build/icyphy/ptII/ptolemy/domains/de/test/auto/NonInterruptibleTimerZeroDelay.xml (RunModel)" time="0.008" />
  <testcase classname="ptolemy.util.test.junit.AutoTests" name="[46] /home/travis/build/icyphy/ptII/ptolemy/domains/de/test/auto/OpenQueueingNetwork.xml (RunModel)" time="2.6" />
  <testcase classname="ptolemy.util.test.junit.AutoTests" name="[47] /home/travis/build/icyphy/ptII/ptolemy/domains/de/test/auto/OpenQueuingNetwork.xml (RunModel)" time="0.298" />
  <testcase classname="ptolemy.util.test.junit.AutoTests" name="[48] /home/travis/build/icyphy/ptII/ptolemy/domains/de/test/auto/PeriodicSampler.xml (RunModel)" time="0.011" />
  <testcase classname="ptolemy.util.test.junit.AutoTests" name="[49] /home/travis/build/icyphy/ptII/ptolemy/domains/de/test/auto/PersistentIO.xml (RunModel)" time="0.026" />
  <testcase classname="ptolemy.util.test.junit.AutoTests" name="[50] /home/travis/build/icyphy/ptII/ptolemy/domains/de/test/auto/PortParameterResetOnInitialize.xml (RunModel)" time="0.011" />
  <testcase classname="ptolemy.util.test.junit.AutoTests" name="[51] /home/travis/build/icyphy/ptII/ptolemy/domains/de/test/auto/PortParameterUpdates.xml (RunModel)" time="0.017" />
  <testcase classname="ptolemy.util.test.junit.AutoTests" name="[52] /home/travis/build/icyphy/ptII/ptolemy/domains/de/test/auto/QueueAndServer.xml (RunModel)" time="0.021" />
  <testcase classname="ptolemy.util.test.junit.AutoTests" name="[53] /home/travis/build/icyphy/ptII/ptolemy/domains/de/test/auto/Records.xml (RunModel)" time="0.016" />
  <testcase classname="ptolemy.util.test.junit.AutoTests" name="[54] /home/travis/build/icyphy/ptII/ptolemy/domains/de/test/auto/ResetTransitionWithStartTime1.xml (RunModel)" time="0.016" />
  <testcase classname="ptolemy.util.test.junit.AutoTests" name="[55] /home/travis/build/icyphy/ptII/ptolemy/domains/de/test/auto/ResetTransitionWithStartTime2.xml (RunModel)" time="0.022" />
  <testcase classname="ptolemy.util.test.junit.AutoTests" name="[56] /home/travis/build/icyphy/ptII/ptolemy/domains/de/test/auto/ResetTransitionWithStartTime3.xml (RunModel)" time="0.019" />
  <testcase classname="ptolemy.util.test.junit.AutoTests" name="[57] /home/travis/build/icyphy/ptII/ptolemy/domains/de/test/auto/ResetTransitionWithStartTime4.xml (RunModel)" time="0.018" />
  <testcase classname="ptolemy.util.test.junit.AutoTests" name="[58] /home/travis/build/icyphy/ptII/ptolemy/domains/de/test/auto/ResettableTimer1.xml (RunModel)" time="0.01" />
  <testcase classname="ptolemy.util.test.junit.AutoTests" name="[59] /home/travis/build/icyphy/ptII/ptolemy/domains/de/test/auto/ResettableTimer2.xml (RunModel)" time="0.008" />
  <testcase classname="ptolemy.util.test.junit.AutoTests" name="[60] /home/travis/build/icyphy/ptII/ptolemy/domains/de/test/auto/ResettableTimer3.xml (RunModel)" time="0.01" />
  <testcase classname="ptolemy.util.test.junit.AutoTests" name="[61] /home/travis/build/icyphy/ptII/ptolemy/domains/de/test/auto/ResettableTimer4.xml (RunModel)" time="0.009" />
  <testcase classname="ptolemy.util.test.junit.AutoTests" name="[62] /home/travis/build/icyphy/ptII/ptolemy/domains/de/test/auto/ResettableTimer5.xml (RunModel)" time="0.01" />
  <testcase classname="ptolemy.util.test.junit.AutoTests" name="[63] /home/travis/build/icyphy/ptII/ptolemy/domains/de/test/auto/ResettableTimer6.xml (RunModel)" time="0.019" />
  <testcase classname="ptolemy.util.test.junit.AutoTests" name="[64] /home/travis/build/icyphy/ptII/ptolemy/domains/de/test/auto/ServerZeroDelay.xml (RunModel)" time="0.009" />
  <testcase classname="ptolemy.util.test.junit.AutoTests" name="[65] /home/travis/build/icyphy/ptII/ptolemy/domains/de/test/auto/SmartSender.xml (RunModel)" time="3.015" />
  <testcase classname="ptolemy.util.test.junit.AutoTests" name="[66] /home/travis/build/icyphy/ptII/ptolemy/domains/de/test/auto/ThreadedComposite.xml (RunModel)" time="0.227" />
  <testcase classname="ptolemy.util.test.junit.AutoTests" name="[67] /home/travis/build/icyphy/ptII/ptolemy/domains/de/test/auto/Time.xml (RunModel)" time="0.361" />
  <testcase classname="ptolemy.util.test.junit.AutoTests" name="[68] /home/travis/build/icyphy/ptII/ptolemy/domains/de/test/auto/TimeDelayZeroDelay.xml (RunModel)" time="0.01" />
  <testcase classname="ptolemy.util.test.junit.AutoTests" name="[69] /home/travis/build/icyphy/ptII/ptolemy/domains/de/test/auto/TimerZeroDelay.xml (RunModel)" time="0.01" />
  <testcase classname="ptolemy.util.test.junit.AutoTests" name="[70] /home/travis/build/icyphy/ptII/ptolemy/domains/de/test/auto/TimingParadox.xml (RunModel)" time="0.296" />
  <testcase classname="ptolemy.util.test.junit.AutoTests" name="[71] /home/travis/build/icyphy/ptII/ptolemy/domains/de/test/auto/TransferInputs.xml (RunModel)" time="0.015" />
  <testcase classname="ptolemy.util.test.junit.AutoTests" name="[72] /home/travis/build/icyphy/ptII/ptolemy/domains/de/test/auto/TransferOutputs2.xml (RunModel)" time="0.036" />
  <testcase classname="ptolemy.util.test.junit.AutoTests" name="[73] /home/travis/build/icyphy/ptII/ptolemy/domains/de/test/auto/Trilateration.xml (RunModel)" time="10.388" />
  <testcase classname="ptolemy.util.test.junit.AutoTests" name="[74] /home/travis/build/icyphy/ptII/ptolemy/domains/de/test/auto/TwoSigmaDelta.xml (RunModel)" time="1.777" />
  <testcase classname="ptolemy.util.test.junit.AutoTests" name="[75] /home/travis/build/icyphy/ptII/ptolemy/domains/de/test/auto/VariableDelay.xml (RunModel)" time="0.011" />
  <testcase classname="ptolemy.util.test.junit.AutoTests" name="[76] /home/travis/build/icyphy/ptII/ptolemy/domains/de/test/auto/VariableDelay2.xml (RunModel)" time="0.008" />
  <testcase classname="ptolemy.util.test.junit.AutoTests" name="[77] /home/travis/build/icyphy/ptII/ptolemy/domains/de/test/auto/VariableDelayZeroDelay.xml (RunModel)" time="0.011" />
  <testcase classname="ptolemy.util.test.junit.AutoTests" name="[78] /home/travis/build/icyphy/ptII/ptolemy/domains/de/test/auto/VariableDelayZeroDelay2.xml (RunModel)" time="0.008" />
  <testcase classname="ptolemy.util.test.junit.AutoTests" name="[79] /home/travis/build/icyphy/ptII/ptolemy/domains/de/test/auto/deInCt.xml (RunModel)" time="0.011" />
  <testcase classname="ptolemy.util.test.junit.AutoTests" name="[80] /home/travis/build/icyphy/ptII/ptolemy/domains/de/test/auto/deInCt2.xml (RunModel)" time="0.015" />
  <testcase classname="ptolemy.util.test.junit.AutoTests" name="[81] /home/travis/build/icyphy/ptII/ptolemy/domains/de/test/auto/dynamicCausalityInterface1.xml (RunModel)" time="0.021" />
  <testcase classname="ptolemy.util.test.junit.AutoTests" name="[82] /home/travis/build/icyphy/ptII/ptolemy/domains/de/test/auto/fsm_de_test.xml (RunModel)" time="0.026" />
  <testcase classname="ptolemy.util.test.junit.AutoTests" name="[83] /home/travis/build/icyphy/ptII/ptolemy/domains/de/test/auto/functionDependencyReconstruction.xml (RunModel)" time="0.026" />
  <testcase classname="ptolemy.util.test.junit.AutoTests" name="[84] /home/travis/build/icyphy/ptII/ptolemy/domains/de/test/auto/multirate.xml (RunModel)" time="0.014" />
  <testcase classname="ptolemy.util.test.junit.AutoTests" name="[85] /home/travis/build/icyphy/ptII/ptolemy/domains/de/test/auto/multirate2.xml (RunModel)" time="0.016" />
  <testcase classname="ptolemy.util.test.junit.AutoTests" name="[86] /home/travis/build/icyphy/ptII/ptolemy/domains/de/test/auto/realtime.xml (RunModel)" time="10.009" />
  <testcase classname="ptolemy.util.test.junit.AutoTests" name="[87] /home/travis/build/icyphy/ptII/ptolemy/domains/de/test/auto/relationGroup.xml (RunModel)" time="0.018" />
  <testcase classname="ptolemy.util.test.junit.AutoTests" name="[88] /home/travis/build/icyphy/ptII/ptolemy/domains/de/test/auto/relationGroup2.xml (RunModel)" time="0.029" />
  <testcase classname="ptolemy.util.test.junit.AutoTests" name="[89] /home/travis/build/icyphy/ptII/ptolemy/domains/de/test/auto/sortWithOpaquePorts.xml (RunModel)" time="0.021" />
  <testcase classname="ptolemy.util.test.junit.AutoTests" name="[90] /home/travis/build/icyphy/ptII/ptolemy/domains/de/test/auto/transferInputsandOutputs.xml (RunModel)" time="0.018" />
  <testcase classname="ptolemy.util.test.junit.AutoTests" name="[91] /home/travis/build/icyphy/ptII/ptolemy/domains/de/test/auto/triggerType.xml (RunModel)" time="0.008" />
  <system-out><![CDATA[/home/travis/build/icyphy/ptII/ptolemy/domains/de/test/DependencyLoop.tcl
testDefs.tcl: setting time out to 9000 seconds at Thu Mar 12 07:12:01 UTC 2020
68 ms. Memory: 129024K Free: 78792K (61%)
31 ms. Memory: 129024K Free: 61384K (48%)
/home/travis/build/icyphy/ptII/ptolemy/domains/de/test/RunDETestsAsQSS.tcl
Run the DE tests using ptolemy.domains.qss.test.QSSDirectorTest, which extends QSSDirector and prints a message in the constructors.
------------------ testing $PTII/ptolemy/domains/de/test/auto/knownFailedTests/DirectFeedback.xml (Known Failure) 
31 ms. Memory: 129024K Free: 55750K (43%)


==== $PTIIhome/travis/build/icyphy/ptII/ptolemy/domains/de/test/../../../../: Auto Automatic test in file $PTII/ptolemy/domains/de/test/auto/knownFailedTests/DirectFeedback.xml
==== Contents of test case:

	    # FIXME: we should use $relativeFilename here, but it
	    # might have backslashes under Windows, which causes no end
	    # of trouble.
	    createAndExecute $file
	    list {}
	
.... Test generated KNOWN error:
    while executing
ptolemy.kernel.util.IllegalActionException: Test fails in iteration 1.
Value was: 1.0. Should have been: 2.0
  in .DirectFeedback.Test
	at ptolemy.actor.lib.Test.fire(Test.java:268)
	at ptolemy.domains.de.kernel.DEDirector._fire(DEDirector.java:1949)
	at ptolemy.domains.de.kernel.DEDirector.fire(DEDirector.java:502)
	at ptolemy.actor.CompositeActor.fire(CompositeActor.java:455)
	at ptolemy.actor.Manager.iterate(Manager.java:851)
	at ptolemy.actor.Manager.execute(Manager.java:369)
	at ptolemy.actor.Manager.run(Manager.java:1263)
	at ptolemy.actor.Manager$PtolemyRunThread.run(Manager.java:1933)

    while executing
ptolemy.kernel.util.IllegalActionException: Test fails in iteration 1.
Value was: 1.0. Should have been: 2.0
  in .DirectFeedback.Test
    while executing
"java::new ptolemy.moml.MoMLSimpleApplication $file
"
    (procedure "createAndExecute" line 2)
    invoked from within
"createAndExecute $file"
    ("uplevel" body line 5)
    invoked from within
"uplevel $contents_of_test"
------------------ testing $PTII/ptolemy/domains/de/test/auto/knownFailedTests/dependencyLoop.xml (Known Failure) 
17 ms. Memory: 129024K Free: 52678K (41%)


==== $PTIIhome/travis/build/icyphy/ptII/ptolemy/domains/de/test/../../../../: Auto Automatic test in file $PTII/ptolemy/domains/de/test/auto/knownFailedTests/dependencyLoop.xml
==== Contents of test case:

	    # FIXME: we should use $relativeFilename here, but it
	    # might have backslashes under Windows, which causes no end
	    # of trouble.
	    createAndExecute $file
	    list {}
	
.... Test generated KNOWN error:
    while executing
ptolemy.kernel.util.IllegalActionException: Found a zero delay loop containing .dependencyLoop.original
  in .dependencyLoop and .dependencyLoop.original
	at ptolemy.actor.util.CausalityInterfaceForComposites._computeOutputPortDepth(CausalityInterfaceForComposites.java:759)
	at ptolemy.actor.util.CausalityInterfaceForComposites._computeInputDepth(CausalityInterfaceForComposites.java:696)
	at ptolemy.actor.util.CausalityInterfaceForComposites._computeOutputPortDepth(CausalityInterfaceForComposites.java:765)
	at ptolemy.actor.util.CausalityInterfaceForComposites._computeInputDepth(CausalityInterfaceForComposites.java:696)
	at ptolemy.actor.util.CausalityInterfaceForComposites._computeOutputPortDepth(CausalityInterfaceForComposites.java:765)
	at ptolemy.actor.util.CausalityInterfaceForComposites._computeInputDepth(CausalityInterfaceForComposites.java:696)
	at ptolemy.actor.util.CausalityInterfaceForComposites._computeActorDepth(CausalityInterfaceForComposites.java:532)
	at ptolemy.actor.util.CausalityInterfaceForComposites.checkForCycles(CausalityInterfaceForComposites.java:96)
	at ptolemy.domains.de.kernel.DEDirector.preinitialize(DEDirector.java:1338)
	at ptolemy.actor.CompositeActor.preinitialize(CompositeActor.java:1828)
	at ptolemy.actor.Manager.preinitializeAndResolveTypes(Manager.java:1040)
	at ptolemy.actor.Manager.initialize(Manager.java:710)
	at ptolemy.actor.Manager.execute(Manager.java:356)
	at ptolemy.actor.Manager.run(Manager.java:1263)
	at ptolemy.actor.Manager$PtolemyRunThread.run(Manager.java:1933)

    while executing
ptolemy.kernel.util.IllegalActionException: Found a zero delay loop containing .dependencyLoop.original
  in .dependencyLoop and .dependencyLoop.original
    while executing
"java::new ptolemy.moml.MoMLSimpleApplication $file
"
    (procedure "createAndExecute" line 2)
    invoked from within
"createAndExecute $file"
    ("uplevel" body line 5)
    invoked from within
"uplevel $contents_of_test"
------------------ testing $PTII/ptolemy/domains/de/test/auto/knownFailedTests/FSMSource.xml (Known Failure) 
59 ms. Memory: 129024K Free: 110610K (86%)
!!!! Auto was marked as failing, but now passes
------------------ testing $PTII/ptolemy/domains/de/test/auto/knownFailedTests/HierarchicalModel.xml (Known Failure) 
9 ms. Memory: 129024K Free: 93170K (72%)


==== $PTIIhome/travis/build/icyphy/ptII/ptolemy/domains/de/test/../../../../: Auto Automatic test in file $PTII/ptolemy/domains/de/test/auto/knownFailedTests/HierarchicalModel.xml
==== Contents of test case:

	    # FIXME: we should use $relativeFilename here, but it
	    # might have backslashes under Windows, which causes no end
	    # of trouble.
	    createAndExecute $file
	    list {}
	
.... Test generated KNOWN error:
    while executing
ptolemy.kernel.util.IllegalActionException: Found a zero delay loop containing .HierarchicalModel.A
  in .HierarchicalModel and .HierarchicalModel.A
	at ptolemy.actor.util.CausalityInterfaceForComposites._computeOutputPortDepth(CausalityInterfaceForComposites.java:759)
	at ptolemy.actor.util.CausalityInterfaceForComposites._computeInputDepth(CausalityInterfaceForComposites.java:696)
	at ptolemy.actor.util.CausalityInterfaceForComposites._computeOutputPortDepth(CausalityInterfaceForComposites.java:765)
	at ptolemy.actor.util.CausalityInterfaceForComposites._computeInputDepth(CausalityInterfaceForComposites.java:696)
	at ptolemy.actor.util.CausalityInterfaceForComposites._computeOutputPortDepth(CausalityInterfaceForComposites.java:765)
	at ptolemy.actor.util.CausalityInterfaceForComposites._computeInputDepth(CausalityInterfaceForComposites.java:696)
	at ptolemy.actor.util.CausalityInterfaceForComposites._computeActorDepth(CausalityInterfaceForComposites.java:532)
	at ptolemy.actor.util.CausalityInterfaceForComposites.checkForCycles(CausalityInterfaceForComposites.java:96)
	at ptolemy.domains.de.kernel.DEDirector.preinitialize(DEDirector.java:1338)
	at ptolemy.actor.CompositeActor.preinitialize(CompositeActor.java:1828)
	at ptolemy.actor.Manager.preinitializeAndResolveTypes(Manager.java:1040)
	at ptolemy.actor.Manager.initialize(Manager.java:710)
	at ptolemy.actor.Manager.execute(Manager.java:356)
	at ptolemy.actor.Manager.run(Manager.java:1263)
	at ptolemy.actor.Manager$PtolemyRunThread.run(Manager.java:1933)

    while executing
ptolemy.kernel.util.IllegalActionException: Found a zero delay loop containing .HierarchicalModel.A
  in .HierarchicalModel and .HierarchicalModel.A
    while executing
"java::new ptolemy.moml.MoMLSimpleApplication $file
"
    (procedure "createAndExecute" line 2)
    invoked from within
"createAndExecute $file"
    ("uplevel" body line 5)
    invoked from within
"uplevel $contents_of_test"
------------------ testing $PTII/ptolemy/domains/de/test/auto/knownFailedTests/dependencyLoop2.xml (Known Failure) 
12 ms. Memory: 129024K Free: 76808K (60%)


==== $PTIIhome/travis/build/icyphy/ptII/ptolemy/domains/de/test/../../../../: Auto Automatic test in file $PTII/ptolemy/domains/de/test/auto/knownFailedTests/dependencyLoop2.xml
==== Contents of test case:

	    # FIXME: we should use $relativeFilename here, but it
	    # might have backslashes under Windows, which causes no end
	    # of trouble.
	    createAndExecute $file
	    list {}
	
.... Test generated KNOWN error:
    while executing
ptolemy.kernel.util.IllegalActionException: Found a zero delay loop containing .dependencyLoop2.original
  in .dependencyLoop2 and .dependencyLoop2.original
	at ptolemy.actor.util.CausalityInterfaceForComposites._computeOutputPortDepth(CausalityInterfaceForComposites.java:759)
	at ptolemy.actor.util.CausalityInterfaceForComposites._computeInputDepth(CausalityInterfaceForComposites.java:696)
	at ptolemy.actor.util.CausalityInterfaceForComposites._computeOutputPortDepth(CausalityInterfaceForComposites.java:765)
	at ptolemy.actor.util.CausalityInterfaceForComposites._computeInputDepth(CausalityInterfaceForComposites.java:696)
	at ptolemy.actor.util.CausalityInterfaceForComposites._computeOutputPortDepth(CausalityInterfaceForComposites.java:765)
	at ptolemy.actor.util.CausalityInterfaceForComposites._computeInputDepth(CausalityInterfaceForComposites.java:696)
	at ptolemy.actor.util.CausalityInterfaceForComposites._computeActorDepth(CausalityInterfaceForComposites.java:532)
	at ptolemy.actor.util.CausalityInterfaceForComposites.checkForCycles(CausalityInterfaceForComposites.java:96)
	at ptolemy.domains.de.kernel.DEDirector.preinitialize(DEDirector.java:1338)
	at ptolemy.actor.CompositeActor.preinitialize(CompositeActor.java:1828)
	at ptolemy.actor.Manager.preinitializeAndResolveTypes(Manager.java:1040)
	at ptolemy.actor.Manager.initialize(Manager.java:710)
	at ptolemy.actor.Manager.execute(Manager.java:356)
	at ptolemy.actor.Manager.run(Manager.java:1263)
	at ptolemy.actor.Manager$PtolemyRunThread.run(Manager.java:1933)

    while executing
ptolemy.kernel.util.IllegalActionException: Found a zero delay loop containing .dependencyLoop2.original
  in .dependencyLoop2 and .dependencyLoop2.original
    while executing
"java::new ptolemy.moml.MoMLSimpleApplication $file
"
    (procedure "createAndExecute" line 2)
    invoked from within
"createAndExecute $file"
    ("uplevel" body line 5)
    invoked from within
"uplevel $contents_of_test"
------------------ testing $PTII/ptolemy/domains/de/test/auto/knownFailedTests/DESDFClockTest.xml (Known Failure) 
2056 ms. Memory: 129024K Free: 108206K (84%)


==== $PTIIhome/travis/build/icyphy/ptII/ptolemy/domains/de/test/../../../../: Auto Automatic test in file $PTII/ptolemy/domains/de/test/auto/knownFailedTests/DESDFClockTest.xml
==== Contents of test case:

	    # FIXME: we should use $relativeFilename here, but it
	    # might have backslashes under Windows, which causes no end
	    # of trouble.
	    createAndExecute $file
	    list {}
	
.... Test generated KNOWN error:
    while executing
ptolemy.kernel.util.IllegalActionException: Actor is not ready to fire.  Perhaps UpSample.prefire() returned false? Try debugging the actor by selecting "Listen to Actor".  Also, for SDF check moml for tokenConsumptionRate on input.
  in .DESDFClockTest.Play Bell.Copy1:SDF Director and .DESDFClockTest.Play Bell.UpSample
	at ptolemy.actor.sched.StaticSchedulingDirector.fire(StaticSchedulingDirector.java:227)
	at ptolemy.domains.sdf.kernel.SDFDirector.fire(SDFDirector.java:500)
	at ptolemy.actor.CompositeActor.fire(CompositeActor.java:455)
	at ptolemy.domains.de.kernel.DEDirector._fire(DEDirector.java:1949)
	at ptolemy.domains.de.kernel.DEDirector.fire(DEDirector.java:502)
	at ptolemy.actor.CompositeActor.fire(CompositeActor.java:455)
	at ptolemy.actor.Manager.iterate(Manager.java:851)
	at ptolemy.actor.Manager.execute(Manager.java:369)
	at ptolemy.actor.Manager.run(Manager.java:1263)
	at ptolemy.actor.Manager$PtolemyRunThread.run(Manager.java:1933)

    while executing
ptolemy.kernel.util.IllegalActionException: Actor is not ready to fire.  Perhaps UpSample.prefire() returned false? Try debugging the actor by selecting "Listen to Actor".  Also, for SDF check moml for tokenConsumptionRate on input.
  in .DESDFClockTest.Play Bell.Copy1:SDF Director and .DESDFClockTest.Play Bell.UpSample
    while executing
"java::new ptolemy.moml.MoMLSimpleApplication $file
"
    (procedure "createAndExecute" line 2)
    invoked from within
"createAndExecute $file"
    ("uplevel" body line 5)
    invoked from within
"uplevel $contents_of_test"
------------------ testing $PTII/ptolemy/domains/de/test/auto/ActorDepthCalculation_actorWithoutPorts.xml
auto.tcl: Setting watchdog for 200 seconds at Thu Mar 12 07:12:05 UTC 2020
9 ms. Memory: 129024K Free: 100510K (78%)
ptolemy.util.test.WatchDog.cancel(): canceling Thu Mar 12 07:12:05 UTC 2020
auto.tcl: Setting watchdog for 200 seconds at Thu Mar 12 07:12:05 UTC 2020
5 ms. Memory: 129024K Free: 98990K (77%)
ptolemy.util.test.WatchDog.cancel(): canceling Thu Mar 12 07:12:05 UTC 2020
------------------ testing $PTII/ptolemy/domains/de/test/auto/AssemblyLine.xml
auto.tcl: Setting watchdog for 200 seconds at Thu Mar 12 07:12:06 UTC 2020
9 ms. Memory: 51200K Free: 27923K (55%)
ptolemy.util.test.WatchDog.cancel(): canceling Thu Mar 12 07:12:06 UTC 2020
auto.tcl: Setting watchdog for 200 seconds at Thu Mar 12 07:12:06 UTC 2020
10 ms. Memory: 51200K Free: 26988K (53%)
ptolemy.util.test.WatchDog.cancel(): canceling Thu Mar 12 07:12:06 UTC 2020
------------------ testing $PTII/ptolemy/domains/de/test/auto/CQBug1.xml
auto.tcl: Setting watchdog for 200 seconds at Thu Mar 12 07:12:06 UTC 2020
12 ms. Memory: 51200K Free: 33254K (65%)
ptolemy.util.test.WatchDog.cancel(): canceling Thu Mar 12 07:12:06 UTC 2020
auto.tcl: Setting watchdog for 200 seconds at Thu Mar 12 07:12:06 UTC 2020
2 ms. Memory: 51200K Free: 32803K (64%)
ptolemy.util.test.WatchDog.cancel(): canceling Thu Mar 12 07:12:06 UTC 2020
------------------ testing $PTII/ptolemy/domains/de/test/auto/CancelFireAt.xml
auto.tcl: Setting watchdog for 200 seconds at Thu Mar 12 07:12:06 UTC 2020
2 ms. Memory: 48128K Free: 31693K (66%)
ptolemy.util.test.WatchDog.cancel(): canceling Thu Mar 12 07:12:06 UTC 2020
auto.tcl: Setting watchdog for 200 seconds at Thu Mar 12 07:12:06 UTC 2020
2 ms. Memory: 48128K Free: 31261K (65%)
ptolemy.util.test.WatchDog.cancel(): canceling Thu Mar 12 07:12:06 UTC 2020
------------------ testing $PTII/ptolemy/domains/de/test/auto/CausalityAndComposabilityAnalysis.xml
auto.tcl: Setting watchdog for 200 seconds at Thu Mar 12 07:12:06 UTC 2020
8 ms. Memory: 48128K Free: 29419K (61%)
ptolemy.util.test.WatchDog.cancel(): canceling Thu Mar 12 07:12:06 UTC 2020
auto.tcl: Setting watchdog for 200 seconds at Thu Mar 12 07:12:06 UTC 2020
5 ms. Memory: 48128K Free: 28989K (60%)
ptolemy.util.test.WatchDog.cancel(): canceling Thu Mar 12 07:12:06 UTC 2020
------------------ testing $PTII/ptolemy/domains/de/test/auto/CausalityInterface1.xml
auto.tcl: Setting watchdog for 200 seconds at Thu Mar 12 07:12:06 UTC 2020
28 ms. Memory: 48128K Free: 28335K (59%)
ptolemy.util.test.WatchDog.cancel(): canceling Thu Mar 12 07:12:06 UTC 2020
auto.tcl: Setting watchdog for 200 seconds at Thu Mar 12 07:12:06 UTC 2020
4 ms. Memory: 48128K Free: 27357K (57%)
ptolemy.util.test.WatchDog.cancel(): canceling Thu Mar 12 07:12:06 UTC 2020
------------------ testing $PTII/ptolemy/domains/de/test/auto/CausalityInterface15.xml
auto.tcl: Setting watchdog for 200 seconds at Thu Mar 12 07:12:06 UTC 2020
9 ms. Memory: 48128K Free: 27999K (58%)
ptolemy.util.test.WatchDog.cancel(): canceling Thu Mar 12 07:12:06 UTC 2020
auto.tcl: Setting watchdog for 200 seconds at Thu Mar 12 07:12:06 UTC 2020
7 ms. Memory: 48128K Free: 27282K (57%)
ptolemy.util.test.WatchDog.cancel(): canceling Thu Mar 12 07:12:06 UTC 2020
------------------ testing $PTII/ptolemy/domains/de/test/auto/CausalityInterface2.xml
auto.tcl: Setting watchdog for 200 seconds at Thu Mar 12 07:12:06 UTC 2020
4 ms. Memory: 48128K Free: 29009K (60%)
ptolemy.util.test.WatchDog.cancel(): canceling Thu Mar 12 07:12:06 UTC 2020
auto.tcl: Setting watchdog for 200 seconds at Thu Mar 12 07:12:06 UTC 2020
2 ms. Memory: 48128K Free: 27869K (58%)
ptolemy.util.test.WatchDog.cancel(): canceling Thu Mar 12 07:12:06 UTC 2020
------------------ testing $PTII/ptolemy/domains/de/test/auto/CausalityInterface3.xml
auto.tcl: Setting watchdog for 200 seconds at Thu Mar 12 07:12:06 UTC 2020
3 ms. Memory: 48128K Free: 28538K (59%)
ptolemy.util.test.WatchDog.cancel(): canceling Thu Mar 12 07:12:06 UTC 2020
auto.tcl: Setting watchdog for 200 seconds at Thu Mar 12 07:12:06 UTC 2020
3 ms. Memory: 48128K Free: 27751K (58%)
ptolemy.util.test.WatchDog.cancel(): canceling Thu Mar 12 07:12:06 UTC 2020
------------------ testing $PTII/ptolemy/domains/de/test/auto/ClockDrift.xml
auto.tcl: Setting watchdog for 200 seconds at Thu Mar 12 07:12:06 UTC 2020
54 ms. Memory: 48128K Free: 20647K (43%)
ptolemy.util.test.WatchDog.cancel(): canceling Thu Mar 12 07:12:07 UTC 2020
auto.tcl: Setting watchdog for 200 seconds at Thu Mar 12 07:12:07 UTC 2020
35 ms. Memory: 48128K Free: 17689K (37%)
ptolemy.util.test.WatchDog.cancel(): canceling Thu Mar 12 07:12:07 UTC 2020
------------------ testing $PTII/ptolemy/domains/de/test/auto/ClockDriftAndValueChange.xml
auto.tcl: Setting watchdog for 200 seconds at Thu Mar 12 07:12:07 UTC 2020
37 ms. Memory: 48128K Free: 21203K (44%)
ptolemy.util.test.WatchDog.cancel(): canceling Thu Mar 12 07:12:07 UTC 2020
auto.tcl: Setting watchdog for 200 seconds at Thu Mar 12 07:12:07 UTC 2020
34 ms. Memory: 48128K Free: 18369K (38%)
ptolemy.util.test.WatchDog.cancel(): canceling Thu Mar 12 07:12:07 UTC 2020
------------------ testing $PTII/ptolemy/domains/de/test/auto/ClockDriftChange.xml
auto.tcl: Setting watchdog for 200 seconds at Thu Mar 12 07:12:07 UTC 2020
24 ms. Memory: 48128K Free: 23250K (48%)
ptolemy.util.test.WatchDog.cancel(): canceling Thu Mar 12 07:12:07 UTC 2020
auto.tcl: Setting watchdog for 200 seconds at Thu Mar 12 07:12:07 UTC 2020
31 ms. Memory: 48128K Free: 20671K (43%)
ptolemy.util.test.WatchDog.cancel(): canceling Thu Mar 12 07:12:07 UTC 2020
------------------ testing $PTII/ptolemy/domains/de/test/auto/ComposableCausalityAnalysis.xml
auto.tcl: Setting watchdog for 200 seconds at Thu Mar 12 07:12:07 UTC 2020
2 ms. Memory: 48128K Free: 27843K (58%)
ptolemy.util.test.WatchDog.cancel(): canceling Thu Mar 12 07:12:07 UTC 2020
auto.tcl: Setting watchdog for 200 seconds at Thu Mar 12 07:12:07 UTC 2020
2 ms. Memory: 48128K Free: 26822K (56%)
ptolemy.util.test.WatchDog.cancel(): canceling Thu Mar 12 07:12:07 UTC 2020
------------------ testing $PTII/ptolemy/domains/de/test/auto/DEFixedPointLimitation.xml
auto.tcl: Setting watchdog for 200 seconds at Thu Mar 12 07:12:07 UTC 2020
3 ms. Memory: 48128K Free: 29238K (61%)
ptolemy.util.test.WatchDog.cancel(): canceling Thu Mar 12 07:12:07 UTC 2020
auto.tcl: Setting watchdog for 200 seconds at Thu Mar 12 07:12:07 UTC 2020
2 ms. Memory: 48128K Free: 28329K (59%)
ptolemy.util.test.WatchDog.cancel(): canceling Thu Mar 12 07:12:07 UTC 2020
------------------ testing $PTII/ptolemy/domains/de/test/auto/DEScheduleTest.xml
auto.tcl: Setting watchdog for 200 seconds at Thu Mar 12 07:12:07 UTC 2020
9 ms. Memory: 48128K Free: 29547K (61%)
ptolemy.util.test.WatchDog.cancel(): canceling Thu Mar 12 07:12:07 UTC 2020
auto.tcl: Setting watchdog for 200 seconds at Thu Mar 12 07:12:07 UTC 2020
3 ms. Memory: 48128K Free: 28761K (60%)
ptolemy.util.test.WatchDog.cancel(): canceling Thu Mar 12 07:12:07 UTC 2020
------------------ testing $PTII/ptolemy/domains/de/test/auto/DEinDEwithStartTimes.xml
auto.tcl: Setting watchdog for 200 seconds at Thu Mar 12 07:12:07 UTC 2020
6 ms. Memory: 48128K Free: 27720K (58%)
ptolemy.util.test.WatchDog.cancel(): canceling Thu Mar 12 07:12:07 UTC 2020
auto.tcl: Setting watchdog for 200 seconds at Thu Mar 12 07:12:07 UTC 2020
3 ms. Memory: 48128K Free: 26663K (55%)
ptolemy.util.test.WatchDog.cancel(): canceling Thu Mar 12 07:12:07 UTC 2020
------------------ testing $PTII/ptolemy/domains/de/test/auto/DEinDEwithStartTimes2.xml
auto.tcl: Setting watchdog for 200 seconds at Thu Mar 12 07:12:07 UTC 2020
4 ms. Memory: 48128K Free: 26914K (56%)
ptolemy.util.test.WatchDog.cancel(): canceling Thu Mar 12 07:12:07 UTC 2020
auto.tcl: Setting watchdog for 200 seconds at Thu Mar 12 07:12:07 UTC 2020
3 ms. Memory: 48128K Free: 25618K (53%)
ptolemy.util.test.WatchDog.cancel(): canceling Thu Mar 12 07:12:07 UTC 2020
------------------ testing $PTII/ptolemy/domains/de/test/auto/DateDemo.xml
auto.tcl: Setting watchdog for 200 seconds at Thu Mar 12 07:12:07 UTC 2020
21 ms. Memory: 48128K Free: 21546K (45%)
ptolemy.util.test.WatchDog.cancel(): canceling Thu Mar 12 07:12:07 UTC 2020
auto.tcl: Setting watchdog for 200 seconds at Thu Mar 12 07:12:07 UTC 2020
10 ms. Memory: 48128K Free: 19675K (41%)
ptolemy.util.test.WatchDog.cancel(): canceling Thu Mar 12 07:12:07 UTC 2020
------------------ testing $PTII/ptolemy/domains/de/test/auto/DateToEvent.xml
auto.tcl: Setting watchdog for 200 seconds at Thu Mar 12 07:12:07 UTC 2020
2017 ms. Memory: 48128K Free: 17180K (36%)
ptolemy.util.test.WatchDog.cancel(): canceling Thu Mar 12 07:12:10 UTC 2020
auto.tcl: Setting watchdog for 200 seconds at Thu Mar 12 07:12:10 UTC 2020
2005 ms. Memory: 48128K Free: 16156K (34%)
ptolemy.util.test.WatchDog.cancel(): canceling Thu Mar 12 07:12:12 UTC 2020
------------------ testing $PTII/ptolemy/domains/de/test/auto/DepthTest1.xml
auto.tcl: Setting watchdog for 200 seconds at Thu Mar 12 07:12:12 UTC 2020
2 ms. Memory: 48128K Free: 30319K (63%)
ptolemy.util.test.WatchDog.cancel(): canceling Thu Mar 12 07:12:12 UTC 2020
auto.tcl: Setting watchdog for 200 seconds at Thu Mar 12 07:12:12 UTC 2020
1 ms. Memory: 48128K Free: 29919K (62%)
ptolemy.util.test.WatchDog.cancel(): canceling Thu Mar 12 07:12:12 UTC 2020
------------------ testing $PTII/ptolemy/domains/de/test/auto/DepthTest2.xml
auto.tcl: Setting watchdog for 200 seconds at Thu Mar 12 07:12:12 UTC 2020
7 ms. Memory: 48128K Free: 26710K (55%)
ptolemy.util.test.WatchDog.cancel(): canceling Thu Mar 12 07:12:12 UTC 2020
auto.tcl: Setting watchdog for 200 seconds at Thu Mar 12 07:12:12 UTC 2020
2 ms. Memory: 48128K Free: 26173K (54%)
ptolemy.util.test.WatchDog.cancel(): canceling Thu Mar 12 07:12:12 UTC 2020
------------------ testing $PTII/ptolemy/domains/de/test/auto/DepthTest3.xml
auto.tcl: Setting watchdog for 200 seconds at Thu Mar 12 07:12:12 UTC 2020
2 ms. Memory: 48128K Free: 30173K (63%)
ptolemy.util.test.WatchDog.cancel(): canceling Thu Mar 12 07:12:12 UTC 2020
auto.tcl: Setting watchdog for 200 seconds at Thu Mar 12 07:12:12 UTC 2020
2 ms. Memory: 48128K Free: 29740K (62%)
ptolemy.util.test.WatchDog.cancel(): canceling Thu Mar 12 07:12:12 UTC 2020
------------------ testing $PTII/ptolemy/domains/de/test/auto/DepthTest4.xml
auto.tcl: Setting watchdog for 200 seconds at Thu Mar 12 07:12:12 UTC 2020
3 ms. Memory: 48128K Free: 28523K (59%)
ptolemy.util.test.WatchDog.cancel(): canceling Thu Mar 12 07:12:12 UTC 2020
auto.tcl: Setting watchdog for 200 seconds at Thu Mar 12 07:12:12 UTC 2020
2 ms. Memory: 48128K Free: 27782K (58%)
ptolemy.util.test.WatchDog.cancel(): canceling Thu Mar 12 07:12:12 UTC 2020
------------------ testing $PTII/ptolemy/domains/de/test/auto/DepthTest5.xml
auto.tcl: Setting watchdog for 200 seconds at Thu Mar 12 07:12:12 UTC 2020
5 ms. Memory: 48128K Free: 27582K (57%)
ptolemy.util.test.WatchDog.cancel(): canceling Thu Mar 12 07:12:12 UTC 2020
auto.tcl: Setting watchdog for 200 seconds at Thu Mar 12 07:12:12 UTC 2020
3 ms. Memory: 48128K Free: 27157K (56%)
ptolemy.util.test.WatchDog.cancel(): canceling Thu Mar 12 07:12:12 UTC 2020
------------------ testing $PTII/ptolemy/domains/de/test/auto/DepthTest6.xml
auto.tcl: Setting watchdog for 200 seconds at Thu Mar 12 07:12:12 UTC 2020
6 ms. Memory: 48128K Free: 27669K (57%)
ptolemy.util.test.WatchDog.cancel(): canceling Thu Mar 12 07:12:12 UTC 2020
auto.tcl: Setting watchdog for 200 seconds at Thu Mar 12 07:12:12 UTC 2020
2 ms. Memory: 48128K Free: 27112K (56%)
ptolemy.util.test.WatchDog.cancel(): canceling Thu Mar 12 07:12:12 UTC 2020
------------------ testing $PTII/ptolemy/domains/de/test/auto/DepthTest7.xml
auto.tcl: Setting watchdog for 200 seconds at Thu Mar 12 07:12:12 UTC 2020
3 ms. Memory: 48128K Free: 27895K (58%)
ptolemy.util.test.WatchDog.cancel(): canceling Thu Mar 12 07:12:12 UTC 2020
auto.tcl: Setting watchdog for 200 seconds at Thu Mar 12 07:12:12 UTC 2020
2 ms. Memory: 48128K Free: 27502K (57%)
ptolemy.util.test.WatchDog.cancel(): canceling Thu Mar 12 07:12:12 UTC 2020
------------------ testing $PTII/ptolemy/domains/de/test/auto/EventToDate.xml
auto.tcl: Setting watchdog for 200 seconds at Thu Mar 12 07:12:12 UTC 2020
3005 ms. Memory: 48128K Free: 19238K (40%)
ptolemy.util.test.WatchDog.cancel(): canceling Thu Mar 12 07:12:15 UTC 2020
auto.tcl: Setting watchdog for 200 seconds at Thu Mar 12 07:12:15 UTC 2020
3004 ms. Memory: 48128K Free: 18521K (38%)
ptolemy.util.test.WatchDog.cancel(): canceling Thu Mar 12 07:12:18 UTC 2020
------------------ testing $PTII/ptolemy/domains/de/test/auto/FSM1.xml
auto.tcl: Setting watchdog for 200 seconds at Thu Mar 12 07:12:18 UTC 2020
17 ms. Memory: 48128K Free: 20449K (42%)
ptolemy.util.test.WatchDog.cancel(): canceling Thu Mar 12 07:12:18 UTC 2020
auto.tcl: Setting watchdog for 200 seconds at Thu Mar 12 07:12:18 UTC 2020
15 ms. Memory: 48128K Free: 17216K (36%)
ptolemy.util.test.WatchDog.cancel(): canceling Thu Mar 12 07:12:18 UTC 2020
------------------ testing $PTII/ptolemy/domains/de/test/auto/FSM7.xml
auto.tcl: Setting watchdog for 200 seconds at Thu Mar 12 07:12:18 UTC 2020
13 ms. Memory: 48128K Free: 20355K (42%)
ptolemy.util.test.WatchDog.cancel(): canceling Thu Mar 12 07:12:18 UTC 2020
auto.tcl: Setting watchdog for 200 seconds at Thu Mar 12 07:12:18 UTC 2020
20 ms. Memory: 48128K Free: 17008K (35%)
ptolemy.util.test.WatchDog.cancel(): canceling Thu Mar 12 07:12:18 UTC 2020
------------------ testing $PTII/ptolemy/domains/de/test/auto/Inspection.xml
auto.tcl: Setting watchdog for 200 seconds at Thu Mar 12 07:12:18 UTC 2020
27 ms. Memory: 48128K Free: 20187K (42%)
ptolemy.util.test.WatchDog.cancel(): canceling Thu Mar 12 07:12:19 UTC 2020
auto.tcl: Setting watchdog for 200 seconds at Thu Mar 12 07:12:19 UTC 2020
27 ms. Memory: 48128K Free: 18453K (38%)
ptolemy.util.test.WatchDog.cancel(): canceling Thu Mar 12 07:12:19 UTC 2020
------------------ testing $PTII/ptolemy/domains/de/test/auto/Iteration.xml
auto.tcl: Setting watchdog for 200 seconds at Thu Mar 12 07:12:19 UTC 2020
7 ms. Memory: 48128K Free: 25900K (54%)
ptolemy.util.test.WatchDog.cancel(): canceling Thu Mar 12 07:12:19 UTC 2020
auto.tcl: Setting watchdog for 200 seconds at Thu Mar 12 07:12:19 UTC 2020
5 ms. Memory: 48128K Free: 24876K (52%)
ptolemy.util.test.WatchDog.cancel(): canceling Thu Mar 12 07:12:19 UTC 2020
------------------ testing $PTII/ptolemy/domains/de/test/auto/LineFault.xml
auto.tcl: Setting watchdog for 200 seconds at Thu Mar 12 07:12:19 UTC 2020
613 ms. Memory: 58368K Free: 37442K (64%)
ptolemy.util.test.WatchDog.cancel(): canceling Thu Mar 12 07:12:20 UTC 2020
auto.tcl: Setting watchdog for 200 seconds at Thu Mar 12 07:12:20 UTC 2020
549 ms. Memory: 58368K Free: 33474K (57%)
ptolemy.util.test.WatchDog.cancel(): canceling Thu Mar 12 07:12:20 UTC 2020
------------------ testing $PTII/ptolemy/domains/de/test/auto/MergeModel1Add.xml
auto.tcl: Setting watchdog for 200 seconds at Thu Mar 12 07:12:20 UTC 2020
20 ms. Memory: 58368K Free: 21552K (37%)
ptolemy.util.test.WatchDog.cancel(): canceling Thu Mar 12 07:12:20 UTC 2020
auto.tcl: Setting watchdog for 200 seconds at Thu Mar 12 07:12:20 UTC 2020
16 ms. Memory: 58368K Free: 19838K (34%)
ptolemy.util.test.WatchDog.cancel(): canceling Thu Mar 12 07:12:20 UTC 2020
------------------ testing $PTII/ptolemy/domains/de/test/auto/MergeModel2Add.xml
auto.tcl: Setting watchdog for 200 seconds at Thu Mar 12 07:12:20 UTC 2020
17 ms. Memory: 51200K Free: 17276K (34%)
ptolemy.util.test.WatchDog.cancel(): canceling Thu Mar 12 07:12:20 UTC 2020
auto.tcl: Setting watchdog for 200 seconds at Thu Mar 12 07:12:20 UTC 2020
9 ms. Memory: 51200K Free: 15595K (30%)
ptolemy.util.test.WatchDog.cancel(): canceling Thu Mar 12 07:12:20 UTC 2020
------------------ testing $PTII/ptolemy/domains/de/test/auto/MergeModel3Add.xml
auto.tcl: Setting watchdog for 200 seconds at Thu Mar 12 07:12:20 UTC 2020
8 ms. Memory: 51200K Free: 17797K (35%)
ptolemy.util.test.WatchDog.cancel(): canceling Thu Mar 12 07:12:21 UTC 2020
auto.tcl: Setting watchdog for 200 seconds at Thu Mar 12 07:12:21 UTC 2020
7 ms. Memory: 51200K Free: 16055K (31%)
ptolemy.util.test.WatchDog.cancel(): canceling Thu Mar 12 07:12:21 UTC 2020
------------------ testing $PTII/ptolemy/domains/de/test/auto/MergeWithoutDiscard.xml
auto.tcl: Setting watchdog for 200 seconds at Thu Mar 12 07:12:21 UTC 2020
2 ms. Memory: 51200K Free: 31877K (62%)
ptolemy.util.test.WatchDog.cancel(): canceling Thu Mar 12 07:12:21 UTC 2020
auto.tcl: Setting watchdog for 200 seconds at Thu Mar 12 07:12:21 UTC 2020
1 ms. Memory: 51200K Free: 30959K (60%)
ptolemy.util.test.WatchDog.cancel(): canceling Thu Mar 12 07:12:21 UTC 2020
------------------ testing $PTII/ptolemy/domains/de/test/auto/Modal1.xml
auto.tcl: Setting watchdog for 200 seconds at Thu Mar 12 07:12:21 UTC 2020
11 ms. Memory: 51200K Free: 23467K (46%)
ptolemy.util.test.WatchDog.cancel(): canceling Thu Mar 12 07:12:21 UTC 2020
auto.tcl: Setting watchdog for 200 seconds at Thu Mar 12 07:12:21 UTC 2020
19 ms. Memory: 51200K Free: 19990K (39%)
ptolemy.util.test.WatchDog.cancel(): canceling Thu Mar 12 07:12:21 UTC 2020
------------------ testing $PTII/ptolemy/domains/de/test/auto/Modal2.xml
auto.tcl: Setting watchdog for 200 seconds at Thu Mar 12 07:12:21 UTC 2020
19 ms. Memory: 51200K Free: 23614K (46%)
ptolemy.util.test.WatchDog.cancel(): canceling Thu Mar 12 07:12:21 UTC 2020
auto.tcl: Setting watchdog for 200 seconds at Thu Mar 12 07:12:21 UTC 2020
19 ms. Memory: 51200K Free: 20366K (40%)
ptolemy.util.test.WatchDog.cancel(): canceling Thu Mar 12 07:12:21 UTC 2020
------------------ testing $PTII/ptolemy/domains/de/test/auto/Modal3.xml
auto.tcl: Setting watchdog for 200 seconds at Thu Mar 12 07:12:21 UTC 2020
10 ms. Memory: 51200K Free: 23327K (46%)
ptolemy.util.test.WatchDog.cancel(): canceling Thu Mar 12 07:12:21 UTC 2020
auto.tcl: Setting watchdog for 200 seconds at Thu Mar 12 07:12:21 UTC 2020
10 ms. Memory: 51200K Free: 20374K (40%)
ptolemy.util.test.WatchDog.cancel(): canceling Thu Mar 12 07:12:21 UTC 2020
------------------ testing $PTII/ptolemy/domains/de/test/auto/Modal4.xml
auto.tcl: Setting watchdog for 200 seconds at Thu Mar 12 07:12:21 UTC 2020
13 ms. Memory: 51200K Free: 22563K (44%)
ptolemy.util.test.WatchDog.cancel(): canceling Thu Mar 12 07:12:21 UTC 2020
auto.tcl: Setting watchdog for 200 seconds at Thu Mar 12 07:12:21 UTC 2020
13 ms. Memory: 51200K Free: 18908K (37%)
ptolemy.util.test.WatchDog.cancel(): canceling Thu Mar 12 07:12:21 UTC 2020
------------------ testing $PTII/ptolemy/domains/de/test/auto/Modal5.xml
auto.tcl: Setting watchdog for 200 seconds at Thu Mar 12 07:12:21 UTC 2020
11 ms. Memory: 51200K Free: 22542K (44%)
ptolemy.util.test.WatchDog.cancel(): canceling Thu Mar 12 07:12:21 UTC 2020
auto.tcl: Setting watchdog for 200 seconds at Thu Mar 12 07:12:21 UTC 2020
13 ms. Memory: 51200K Free: 18734K (37%)
ptolemy.util.test.WatchDog.cancel(): canceling Thu Mar 12 07:12:21 UTC 2020
------------------ testing $PTII/ptolemy/domains/de/test/auto/Modal6.xml
auto.tcl: Setting watchdog for 200 seconds at Thu Mar 12 07:12:21 UTC 2020
12 ms. Memory: 51200K Free: 23322K (46%)
ptolemy.util.test.WatchDog.cancel(): canceling Thu Mar 12 07:12:21 UTC 2020
auto.tcl: Setting watchdog for 200 seconds at Thu Mar 12 07:12:21 UTC 2020
14 ms. Memory: 51200K Free: 19329K (38%)
ptolemy.util.test.WatchDog.cancel(): canceling Thu Mar 12 07:12:21 UTC 2020
------------------ testing $PTII/ptolemy/domains/de/test/auto/Modal7.xml
auto.tcl: Setting watchdog for 200 seconds at Thu Mar 12 07:12:21 UTC 2020
10 ms. Memory: 51200K Free: 22316K (44%)
ptolemy.util.test.WatchDog.cancel(): canceling Thu Mar 12 07:12:21 UTC 2020
auto.tcl: Setting watchdog for 200 seconds at Thu Mar 12 07:12:21 UTC 2020
11 ms. Memory: 51200K Free: 18734K (37%)
ptolemy.util.test.WatchDog.cancel(): canceling Thu Mar 12 07:12:21 UTC 2020
------------------ testing $PTII/ptolemy/domains/de/test/auto/ModalModel.xml
auto.tcl: Setting watchdog for 200 seconds at Thu Mar 12 07:12:21 UTC 2020
182 ms. Memory: 62464K Free: 26736K (43%)
ptolemy.util.test.WatchDog.cancel(): canceling Thu Mar 12 07:12:22 UTC 2020
auto.tcl: Setting watchdog for 200 seconds at Thu Mar 12 07:12:22 UTC 2020
188 ms. Memory: 62464K Free: 27201K (44%)
ptolemy.util.test.WatchDog.cancel(): canceling Thu Mar 12 07:12:22 UTC 2020
------------------ testing $PTII/ptolemy/domains/de/test/auto/ModalSource.xml
auto.tcl: Setting watchdog for 200 seconds at Thu Mar 12 07:12:22 UTC 2020
6 ms. Memory: 55296K Free: 31471K (57%)
ptolemy.util.test.WatchDog.cancel(): canceling Thu Mar 12 07:12:22 UTC 2020
auto.tcl: Setting watchdog for 200 seconds at Thu Mar 12 07:12:22 UTC 2020
6 ms. Memory: 55296K Free: 29558K (53%)
ptolemy.util.test.WatchDog.cancel(): canceling Thu Mar 12 07:12:22 UTC 2020
------------------ testing $PTII/ptolemy/domains/de/test/auto/NonInterruptibleTimerZeroDelay.xml
auto.tcl: Setting watchdog for 200 seconds at Thu Mar 12 07:12:22 UTC 2020
3 ms. Memory: 55296K Free: 36352K (66%)
ptolemy.util.test.WatchDog.cancel(): canceling Thu Mar 12 07:12:22 UTC 2020
auto.tcl: Setting watchdog for 200 seconds at Thu Mar 12 07:12:22 UTC 2020
2 ms. Memory: 55296K Free: 35743K (65%)
ptolemy.util.test.WatchDog.cancel(): canceling Thu Mar 12 07:12:22 UTC 2020
------------------ testing $PTII/ptolemy/domains/de/test/auto/OpenQueueingNetwork.xml
auto.tcl: Setting watchdog for 200 seconds at Thu Mar 12 07:12:22 UTC 2020
2704 ms. Memory: 95232K Free: 48722K (51%)
ptolemy.util.test.WatchDog.cancel(): canceling Thu Mar 12 07:12:25 UTC 2020
auto.tcl: Setting watchdog for 200 seconds at Thu Mar 12 07:12:25 UTC 2020
2442 ms. Memory: 114688K Free: 35436K (31%)
ptolemy.util.test.WatchDog.cancel(): canceling Thu Mar 12 07:12:27 UTC 2020
------------------ testing $PTII/ptolemy/domains/de/test/auto/OpenQueuingNetwork.xml
auto.tcl: Setting watchdog for 200 seconds at Thu Mar 12 07:12:27 UTC 2020
255 ms. Memory: 70656K Free: 41200K (58%)
ptolemy.util.test.WatchDog.cancel(): canceling Thu Mar 12 07:12:28 UTC 2020
auto.tcl: Setting watchdog for 200 seconds at Thu Mar 12 07:12:28 UTC 2020
230 ms. Memory: 70656K Free: 28867K (41%)
ptolemy.util.test.WatchDog.cancel(): canceling Thu Mar 12 07:12:28 UTC 2020
------------------ testing $PTII/ptolemy/domains/de/test/auto/PeriodicSampler.xml
auto.tcl: Setting watchdog for 200 seconds at Thu Mar 12 07:12:28 UTC 2020
2 ms. Memory: 55296K Free: 35637K (64%)
ptolemy.util.test.WatchDog.cancel(): canceling Thu Mar 12 07:12:28 UTC 2020
auto.tcl: Setting watchdog for 200 seconds at Thu Mar 12 07:12:28 UTC 2020
2 ms. Memory: 55296K Free: 35123K (64%)
ptolemy.util.test.WatchDog.cancel(): canceling Thu Mar 12 07:12:28 UTC 2020
------------------ testing $PTII/ptolemy/domains/de/test/auto/PersistentIO.xml
auto.tcl: Setting watchdog for 200 seconds at Thu Mar 12 07:12:28 UTC 2020
13 ms. Memory: 51200K Free: 26466K (52%)
ptolemy.util.test.WatchDog.cancel(): canceling Thu Mar 12 07:12:28 UTC 2020
auto.tcl: Setting watchdog for 200 seconds at Thu Mar 12 07:12:28 UTC 2020
3 ms. Memory: 51200K Free: 24946K (49%)
ptolemy.util.test.WatchDog.cancel(): canceling Thu Mar 12 07:12:28 UTC 2020
------------------ testing $PTII/ptolemy/domains/de/test/auto/PortParameterResetOnInitialize.xml
auto.tcl: Setting watchdog for 200 seconds at Thu Mar 12 07:12:28 UTC 2020
7 ms. Memory: 51200K Free: 31464K (61%)
ptolemy.util.test.WatchDog.cancel(): canceling Thu Mar 12 07:12:28 UTC 2020
auto.tcl: Setting watchdog for 200 seconds at Thu Mar 12 07:12:28 UTC 2020
2 ms. Memory: 51200K Free: 30954K (60%)
ptolemy.util.test.WatchDog.cancel(): canceling Thu Mar 12 07:12:28 UTC 2020
------------------ testing $PTII/ptolemy/domains/de/test/auto/PortParameterUpdates.xml
auto.tcl: Setting watchdog for 200 seconds at Thu Mar 12 07:12:28 UTC 2020
4 ms. Memory: 51200K Free: 29749K (58%)
ptolemy.util.test.WatchDog.cancel(): canceling Thu Mar 12 07:12:28 UTC 2020
auto.tcl: Setting watchdog for 200 seconds at Thu Mar 12 07:12:28 UTC 2020
5 ms. Memory: 51200K Free: 28516K (56%)
ptolemy.util.test.WatchDog.cancel(): canceling Thu Mar 12 07:12:28 UTC 2020
------------------ testing $PTII/ptolemy/domains/de/test/auto/QueueAndServer.xml
auto.tcl: Setting watchdog for 200 seconds at Thu Mar 12 07:12:28 UTC 2020
6 ms. Memory: 51200K Free: 28406K (55%)
ptolemy.util.test.WatchDog.cancel(): canceling Thu Mar 12 07:12:28 UTC 2020
auto.tcl: Setting watchdog for 200 seconds at Thu Mar 12 07:12:28 UTC 2020
5 ms. Memory: 51200K Free: 26954K (53%)
ptolemy.util.test.WatchDog.cancel(): canceling Thu Mar 12 07:12:28 UTC 2020
------------------ testing $PTII/ptolemy/domains/de/test/auto/Records.xml
auto.tcl: Setting watchdog for 200 seconds at Thu Mar 12 07:12:28 UTC 2020
5 ms. Memory: 51200K Free: 30705K (60%)
ptolemy.util.test.WatchDog.cancel(): canceling Thu Mar 12 07:12:28 UTC 2020
auto.tcl: Setting watchdog for 200 seconds at Thu Mar 12 07:12:28 UTC 2020
3 ms. Memory: 51200K Free: 30193K (59%)
ptolemy.util.test.WatchDog.cancel(): canceling Thu Mar 12 07:12:28 UTC 2020
------------------ testing $PTII/ptolemy/domains/de/test/auto/ResetTransitionWithStartTime1.xml
auto.tcl: Setting watchdog for 200 seconds at Thu Mar 12 07:12:28 UTC 2020
16 ms. Memory: 51200K Free: 27949K (55%)
ptolemy.util.test.WatchDog.cancel(): canceling Thu Mar 12 07:12:28 UTC 2020
auto.tcl: Setting watchdog for 200 seconds at Thu Mar 12 07:12:28 UTC 2020
7 ms. Memory: 51200K Free: 25373K (50%)
ptolemy.util.test.WatchDog.cancel(): canceling Thu Mar 12 07:12:28 UTC 2020
------------------ testing $PTII/ptolemy/domains/de/test/auto/ResetTransitionWithStartTime2.xml
auto.tcl: Setting watchdog for 200 seconds at Thu Mar 12 07:12:28 UTC 2020
6 ms. Memory: 51200K Free: 27905K (55%)
ptolemy.util.test.WatchDog.cancel(): canceling Thu Mar 12 07:12:28 UTC 2020
auto.tcl: Setting watchdog for 200 seconds at Thu Mar 12 07:12:28 UTC 2020
6 ms. Memory: 51200K Free: 25333K (49%)
ptolemy.util.test.WatchDog.cancel(): canceling Thu Mar 12 07:12:28 UTC 2020
------------------ testing $PTII/ptolemy/domains/de/test/auto/ResetTransitionWithStartTime3.xml
auto.tcl: Setting watchdog for 200 seconds at Thu Mar 12 07:12:28 UTC 2020
10 ms. Memory: 51200K Free: 27903K (54%)
ptolemy.util.test.WatchDog.cancel(): canceling Thu Mar 12 07:12:29 UTC 2020
auto.tcl: Setting watchdog for 200 seconds at Thu Mar 12 07:12:29 UTC 2020
6 ms. Memory: 51200K Free: 25341K (49%)
ptolemy.util.test.WatchDog.cancel(): canceling Thu Mar 12 07:12:29 UTC 2020
------------------ testing $PTII/ptolemy/domains/de/test/auto/ResetTransitionWithStartTime4.xml
auto.tcl: Setting watchdog for 200 seconds at Thu Mar 12 07:12:29 UTC 2020
8 ms. Memory: 51200K Free: 28331K (55%)
ptolemy.util.test.WatchDog.cancel(): canceling Thu Mar 12 07:12:29 UTC 2020
auto.tcl: Setting watchdog for 200 seconds at Thu Mar 12 07:12:29 UTC 2020
2 ms. Memory: 51200K Free: 26879K (52%)
ptolemy.util.test.WatchDog.cancel(): canceling Thu Mar 12 07:12:29 UTC 2020
------------------ testing $PTII/ptolemy/domains/de/test/auto/ResettableTimer1.xml
auto.tcl: Setting watchdog for 200 seconds at Thu Mar 12 07:12:29 UTC 2020
3 ms. Memory: 51200K Free: 31981K (62%)
ptolemy.util.test.WatchDog.cancel(): canceling Thu Mar 12 07:12:29 UTC 2020
auto.tcl: Setting watchdog for 200 seconds at Thu Mar 12 07:12:29 UTC 2020
2 ms. Memory: 51200K Free: 30957K (60%)
ptolemy.util.test.WatchDog.cancel(): canceling Thu Mar 12 07:12:29 UTC 2020
------------------ testing $PTII/ptolemy/domains/de/test/auto/ResettableTimer2.xml
auto.tcl: Setting watchdog for 200 seconds at Thu Mar 12 07:12:29 UTC 2020
2 ms. Memory: 51200K Free: 32037K (63%)
ptolemy.util.test.WatchDog.cancel(): canceling Thu Mar 12 07:12:29 UTC 2020
auto.tcl: Setting watchdog for 200 seconds at Thu Mar 12 07:12:29 UTC 2020
2 ms. Memory: 51200K Free: 31013K (61%)
ptolemy.util.test.WatchDog.cancel(): canceling Thu Mar 12 07:12:29 UTC 2020
------------------ testing $PTII/ptolemy/domains/de/test/auto/ResettableTimer3.xml
auto.tcl: Setting watchdog for 200 seconds at Thu Mar 12 07:12:29 UTC 2020
1 ms. Memory: 51200K Free: 32517K (64%)
ptolemy.util.test.WatchDog.cancel(): canceling Thu Mar 12 07:12:29 UTC 2020
auto.tcl: Setting watchdog for 200 seconds at Thu Mar 12 07:12:29 UTC 2020
1 ms. Memory: 51200K Free: 32037K (63%)
ptolemy.util.test.WatchDog.cancel(): canceling Thu Mar 12 07:12:29 UTC 2020
------------------ testing $PTII/ptolemy/domains/de/test/auto/ResettableTimer4.xml
auto.tcl: Setting watchdog for 200 seconds at Thu Mar 12 07:12:29 UTC 2020
1 ms. Memory: 51200K Free: 32050K (63%)
ptolemy.util.test.WatchDog.cancel(): canceling Thu Mar 12 07:12:29 UTC 2020
auto.tcl: Setting watchdog for 200 seconds at Thu Mar 12 07:12:29 UTC 2020
1 ms. Memory: 51200K Free: 31536K (62%)
ptolemy.util.test.WatchDog.cancel(): canceling Thu Mar 12 07:12:29 UTC 2020
------------------ testing $PTII/ptolemy/domains/de/test/auto/ResettableTimer5.xml
auto.tcl: Setting watchdog for 200 seconds at Thu Mar 12 07:12:29 UTC 2020
2 ms. Memory: 51200K Free: 32048K (63%)
ptolemy.util.test.WatchDog.cancel(): canceling Thu Mar 12 07:12:29 UTC 2020
auto.tcl: Setting watchdog for 200 seconds at Thu Mar 12 07:12:29 UTC 2020
1 ms. Memory: 51200K Free: 31534K (62%)
ptolemy.util.test.WatchDog.cancel(): canceling Thu Mar 12 07:12:29 UTC 2020
------------------ testing $PTII/ptolemy/domains/de/test/auto/ResettableTimer6.xml
auto.tcl: Setting watchdog for 200 seconds at Thu Mar 12 07:12:29 UTC 2020
2 ms. Memory: 51200K Free: 31525K (62%)
ptolemy.util.test.WatchDog.cancel(): canceling Thu Mar 12 07:12:29 UTC 2020
auto.tcl: Setting watchdog for 200 seconds at Thu Mar 12 07:12:29 UTC 2020
1 ms. Memory: 51200K Free: 31015K (61%)
ptolemy.util.test.WatchDog.cancel(): canceling Thu Mar 12 07:12:29 UTC 2020
------------------ testing $PTII/ptolemy/domains/de/test/auto/ServerZeroDelay.xml
auto.tcl: Setting watchdog for 200 seconds at Thu Mar 12 07:12:29 UTC 2020
3 ms. Memory: 51200K Free: 32030K (63%)
ptolemy.util.test.WatchDog.cancel(): canceling Thu Mar 12 07:12:29 UTC 2020
auto.tcl: Setting watchdog for 200 seconds at Thu Mar 12 07:12:29 UTC 2020
2 ms. Memory: 51200K Free: 31006K (61%)
ptolemy.util.test.WatchDog.cancel(): canceling Thu Mar 12 07:12:29 UTC 2020
------------------ testing $PTII/ptolemy/domains/de/test/auto/SmartSender.xml
auto.tcl: Setting watchdog for 200 seconds at Thu Mar 12 07:12:29 UTC 2020
3001 ms. Memory: 51200K Free: 31510K (62%)
ptolemy.util.test.WatchDog.cancel(): canceling Thu Mar 12 07:12:32 UTC 2020
auto.tcl: Setting watchdog for 200 seconds at Thu Mar 12 07:12:32 UTC 2020
3001 ms. Memory: 51200K Free: 31000K (61%)
ptolemy.util.test.WatchDog.cancel(): canceling Thu Mar 12 07:12:35 UTC 2020
------------------ testing $PTII/ptolemy/domains/de/test/auto/ThreadedComposite.xml
auto.tcl: Setting watchdog for 200 seconds at Thu Mar 12 07:12:35 UTC 2020
193 ms. Memory: 51200K Free: 12068K (24%)
ptolemy.util.test.WatchDog.cancel(): canceling Thu Mar 12 07:12:35 UTC 2020
auto.tcl: Setting watchdog for 200 seconds at Thu Mar 12 07:12:35 UTC 2020
220 ms. Memory: 51200K Free: 19283K (38%)
ptolemy.util.test.WatchDog.cancel(): canceling Thu Mar 12 07:12:36 UTC 2020
------------------ testing $PTII/ptolemy/domains/de/test/auto/Time.xml
auto.tcl: Setting watchdog for 200 seconds at Thu Mar 12 07:12:36 UTC 2020
481 ms. Memory: 51200K Free: 32788K (64%)
ptolemy.util.test.WatchDog.cancel(): canceling Thu Mar 12 07:12:36 UTC 2020
auto.tcl: Setting watchdog for 200 seconds at Thu Mar 12 07:12:36 UTC 2020
457 ms. Memory: 51200K Free: 32828K (64%)
ptolemy.util.test.WatchDog.cancel(): canceling Thu Mar 12 07:12:37 UTC 2020
------------------ testing $PTII/ptolemy/domains/de/test/auto/TimeDelayZeroDelay.xml
auto.tcl: Setting watchdog for 200 seconds at Thu Mar 12 07:12:37 UTC 2020
3 ms. Memory: 51200K Free: 31955K (62%)
ptolemy.util.test.WatchDog.cancel(): canceling Thu Mar 12 07:12:37 UTC 2020
auto.tcl: Setting watchdog for 200 seconds at Thu Mar 12 07:12:37 UTC 2020
2 ms. Memory: 51200K Free: 31107K (61%)
ptolemy.util.test.WatchDog.cancel(): canceling Thu Mar 12 07:12:37 UTC 2020
------------------ testing $PTII/ptolemy/domains/de/test/auto/TimerZeroDelay.xml
auto.tcl: Setting watchdog for 200 seconds at Thu Mar 12 07:12:37 UTC 2020
2 ms. Memory: 51200K Free: 31998K (62%)
ptolemy.util.test.WatchDog.cancel(): canceling Thu Mar 12 07:12:37 UTC 2020
auto.tcl: Setting watchdog for 200 seconds at Thu Mar 12 07:12:37 UTC 2020
1 ms. Memory: 51200K Free: 31573K (62%)
ptolemy.util.test.WatchDog.cancel(): canceling Thu Mar 12 07:12:37 UTC 2020
------------------ testing $PTII/ptolemy/domains/de/test/auto/TimingParadox.xml
auto.tcl: Setting watchdog for 200 seconds at Thu Mar 12 07:12:37 UTC 2020
280 ms. Memory: 51200K Free: 16045K (31%)
ptolemy.util.test.WatchDog.cancel(): canceling Thu Mar 12 07:12:37 UTC 2020
auto.tcl: Setting watchdog for 200 seconds at Thu Mar 12 07:12:37 UTC 2020
275 ms. Memory: 61440K Free: 39626K (64%)
ptolemy.util.test.WatchDog.cancel(): canceling Thu Mar 12 07:12:37 UTC 2020
------------------ testing $PTII/ptolemy/domains/de/test/auto/TransferInputs.xml
auto.tcl: Setting watchdog for 200 seconds at Thu Mar 12 07:12:37 UTC 2020
2 ms. Memory: 55296K Free: 34560K (63%)
ptolemy.util.test.WatchDog.cancel(): canceling Thu Mar 12 07:12:37 UTC 2020
auto.tcl: Setting watchdog for 200 seconds at Thu Mar 12 07:12:37 UTC 2020
2 ms. Memory: 55296K Free: 33619K (61%)
ptolemy.util.test.WatchDog.cancel(): canceling Thu Mar 12 07:12:37 UTC 2020
------------------ testing $PTII/ptolemy/domains/de/test/auto/TransferOutputs2.xml
auto.tcl: Setting watchdog for 200 seconds at Thu Mar 12 07:12:38 UTC 2020
2 ms. Memory: 51200K Free: 27906K (55%)
ptolemy.util.test.WatchDog.cancel(): canceling Thu Mar 12 07:12:38 UTC 2020
auto.tcl: Setting watchdog for 200 seconds at Thu Mar 12 07:12:38 UTC 2020
3 ms. Memory: 51200K Free: 26495K (52%)
ptolemy.util.test.WatchDog.cancel(): canceling Thu Mar 12 07:12:38 UTC 2020
------------------ testing $PTII/ptolemy/domains/de/test/auto/Trilateration.xml
auto.tcl: Setting watchdog for 200 seconds at Thu Mar 12 07:12:38 UTC 2020
12357 ms. Memory: 512000K Free: 455385K (89%)
ptolemy.util.test.WatchDog.cancel(): canceling Thu Mar 12 07:12:51 UTC 2020
auto.tcl: Setting watchdog for 200 seconds at Thu Mar 12 07:12:51 UTC 2020
8865 ms. Memory: 512000K Free: 223468K (44%)
ptolemy.util.test.WatchDog.cancel(): canceling Thu Mar 12 07:13:00 UTC 2020
------------------ testing $PTII/ptolemy/domains/de/test/auto/TwoSigmaDelta.xml
auto.tcl: Setting watchdog for 200 seconds at Thu Mar 12 07:13:00 UTC 2020
2257 ms. Memory: 110592K Free: 60324K (55%)
ptolemy.util.test.WatchDog.cancel(): canceling Thu Mar 12 07:13:02 UTC 2020
auto.tcl: Setting watchdog for 200 seconds at Thu Mar 12 07:13:02 UTC 2020
1558 ms. Memory: 110592K Free: 35262K (32%)
ptolemy.util.test.WatchDog.cancel(): canceling Thu Mar 12 07:13:04 UTC 2020
------------------ testing $PTII/ptolemy/domains/de/test/auto/VariableDelay.xml
auto.tcl: Setting watchdog for 200 seconds at Thu Mar 12 07:13:04 UTC 2020
3 ms. Memory: 58368K Free: 38108K (65%)
ptolemy.util.test.WatchDog.cancel(): canceling Thu Mar 12 07:13:04 UTC 2020
auto.tcl: Setting watchdog for 200 seconds at Thu Mar 12 07:13:04 UTC 2020
2 ms. Memory: 58368K Free: 37100K (64%)
ptolemy.util.test.WatchDog.cancel(): canceling Thu Mar 12 07:13:04 UTC 2020
------------------ testing $PTII/ptolemy/domains/de/test/auto/VariableDelay2.xml
auto.tcl: Setting watchdog for 200 seconds at Thu Mar 12 07:13:04 UTC 2020
2 ms. Memory: 55296K Free: 35630K (64%)
ptolemy.util.test.WatchDog.cancel(): canceling Thu Mar 12 07:13:04 UTC 2020
auto.tcl: Setting watchdog for 200 seconds at Thu Mar 12 07:13:04 UTC 2020
1 ms. Memory: 55296K Free: 34955K (63%)
ptolemy.util.test.WatchDog.cancel(): canceling Thu Mar 12 07:13:04 UTC 2020
------------------ testing $PTII/ptolemy/domains/de/test/auto/VariableDelayZeroDelay.xml
auto.tcl: Setting watchdog for 200 seconds at Thu Mar 12 07:13:04 UTC 2020
2 ms. Memory: 55296K Free: 35978K (65%)
ptolemy.util.test.WatchDog.cancel(): canceling Thu Mar 12 07:13:04 UTC 2020
auto.tcl: Setting watchdog for 200 seconds at Thu Mar 12 07:13:04 UTC 2020
2 ms. Memory: 55296K Free: 35450K (64%)
ptolemy.util.test.WatchDog.cancel(): canceling Thu Mar 12 07:13:04 UTC 2020
------------------ testing $PTII/ptolemy/domains/de/test/auto/VariableDelayZeroDelay2.xml
auto.tcl: Setting watchdog for 200 seconds at Thu Mar 12 07:13:04 UTC 2020
2 ms. Memory: 55296K Free: 35977K (65%)
ptolemy.util.test.WatchDog.cancel(): canceling Thu Mar 12 07:13:04 UTC 2020
auto.tcl: Setting watchdog for 200 seconds at Thu Mar 12 07:13:04 UTC 2020
2 ms. Memory: 55296K Free: 34953K (63%)
ptolemy.util.test.WatchDog.cancel(): canceling Thu Mar 12 07:13:04 UTC 2020
------------------ testing $PTII/ptolemy/domains/de/test/auto/deInCt.xml
auto.tcl: Setting watchdog for 200 seconds at Thu Mar 12 07:13:04 UTC 2020
0
1
1
1
0
0
0
0
1
1
1
1
0
0
0
1
1
1
1
0
0
0
0
1
1
0
0
0
1
1
1
0
0
0
0
0
0
10 ms. Memory: 55296K Free: 34950K (63%)
ptolemy.util.test.WatchDog.cancel(): canceling Thu Mar 12 07:13:04 UTC 2020
auto.tcl: Setting watchdog for 200 seconds at Thu Mar 12 07:13:04 UTC 2020
0
1
1
1
0
0
0
1
1
1
1
0
0
0
0
1
1
0
0
0
1
1
1
1
1
0
0
0
1
1
0
0
0
0
1
1
1
1
6 ms. Memory: 55296K Free: 33398K (60%)
ptolemy.util.test.WatchDog.cancel(): canceling Thu Mar 12 07:13:04 UTC 2020
------------------ testing $PTII/ptolemy/domains/de/test/auto/deInCt2.xml
auto.tcl: Setting watchdog for 200 seconds at Thu Mar 12 07:13:04 UTC 2020
0
1
1
1
0
0
1
1
1
0
0
1
1
1
0
0
1
1
1
0
0
1
1
1
0
0
1
1
1
0
0
1
1
1
0
0
1
1
1
0
0
0
8 ms. Memory: 55296K Free: 34951K (63%)
ptolemy.util.test.WatchDog.cancel(): canceling Thu Mar 12 07:13:04 UTC 2020
auto.tcl: Setting watchdog for 200 seconds at Thu Mar 12 07:13:04 UTC 2020
0
1
1
1
0
0
1
1
1
0
0
1
1
1
0
0
1
1
1
0
0
1
1
1
0
0
1
1
1
0
0
1
1
1
0
0
1
1
1
0
0
0
4 ms. Memory: 55296K Free: 33399K (60%)
ptolemy.util.test.WatchDog.cancel(): canceling Thu Mar 12 07:13:04 UTC 2020
------------------ testing $PTII/ptolemy/domains/de/test/auto/dynamicCausalityInterface1.xml
auto.tcl: Setting watchdog for 200 seconds at Thu Mar 12 07:13:04 UTC 2020
1 ms. Memory: 51200K Free: 26141K (51%)
ptolemy.util.test.WatchDog.cancel(): canceling Thu Mar 12 07:13:04 UTC 2020
auto.tcl: Setting watchdog for 200 seconds at Thu Mar 12 07:13:04 UTC 2020
1 ms. Memory: 51200K Free: 25729K (50%)
ptolemy.util.test.WatchDog.cancel(): canceling Thu Mar 12 07:13:04 UTC 2020
------------------ testing $PTII/ptolemy/domains/de/test/auto/fsm_de_test.xml
auto.tcl: Setting watchdog for 200 seconds at Thu Mar 12 07:13:04 UTC 2020
12 ms. Memory: 51200K Free: 26652K (52%)
ptolemy.util.test.WatchDog.cancel(): canceling Thu Mar 12 07:13:04 UTC 2020
auto.tcl: Setting watchdog for 200 seconds at Thu Mar 12 07:13:04 UTC 2020
11 ms. Memory: 51200K Free: 24604K (48%)
ptolemy.util.test.WatchDog.cancel(): canceling Thu Mar 12 07:13:04 UTC 2020
------------------ testing $PTII/ptolemy/domains/de/test/auto/functionDependencyReconstruction.xml
auto.tcl: Setting watchdog for 200 seconds at Thu Mar 12 07:13:05 UTC 2020
7 ms. Memory: 51200K Free: 20587K (40%)
ptolemy.util.test.WatchDog.cancel(): canceling Thu Mar 12 07:13:05 UTC 2020
auto.tcl: Setting watchdog for 200 seconds at Thu Mar 12 07:13:05 UTC 2020
3 ms. Memory: 51200K Free: 18450K (36%)
ptolemy.util.test.WatchDog.cancel(): canceling Thu Mar 12 07:13:05 UTC 2020
------------------ testing $PTII/ptolemy/domains/de/test/auto/multirate.xml
auto.tcl: Setting watchdog for 200 seconds at Thu Mar 12 07:13:05 UTC 2020
4 ms. Memory: 51200K Free: 29293K (57%)
ptolemy.util.test.WatchDog.cancel(): canceling Thu Mar 12 07:13:05 UTC 2020
auto.tcl: Setting watchdog for 200 seconds at Thu Mar 12 07:13:05 UTC 2020
3 ms. Memory: 51200K Free: 27557K (54%)
ptolemy.util.test.WatchDog.cancel(): canceling Thu Mar 12 07:13:05 UTC 2020
------------------ testing $PTII/ptolemy/domains/de/test/auto/multirate2.xml
auto.tcl: Setting watchdog for 200 seconds at Thu Mar 12 07:13:05 UTC 2020
3 ms. Memory: 51200K Free: 29249K (57%)
ptolemy.util.test.WatchDog.cancel(): canceling Thu Mar 12 07:13:05 UTC 2020
auto.tcl: Setting watchdog for 200 seconds at Thu Mar 12 07:13:05 UTC 2020
3 ms. Memory: 51200K Free: 27751K (54%)
ptolemy.util.test.WatchDog.cancel(): canceling Thu Mar 12 07:13:05 UTC 2020
------------------ testing $PTII/ptolemy/domains/de/test/auto/realtime.xml
auto.tcl: Setting watchdog for 200 seconds at Thu Mar 12 07:13:05 UTC 2020
10001 ms. Memory: 51200K Free: 31534K (62%)
ptolemy.util.test.WatchDog.cancel(): canceling Thu Mar 12 07:13:15 UTC 2020
auto.tcl: Setting watchdog for 200 seconds at Thu Mar 12 07:13:15 UTC 2020
10002 ms. Memory: 51200K Free: 30995K (61%)
ptolemy.util.test.WatchDog.cancel(): canceling Thu Mar 12 07:13:25 UTC 2020
------------------ testing $PTII/ptolemy/domains/de/test/auto/relationGroup.xml
auto.tcl: Setting watchdog for 200 seconds at Thu Mar 12 07:13:25 UTC 2020
1 ms. Memory: 51200K Free: 32584K (64%)
ptolemy.util.test.WatchDog.cancel(): canceling Thu Mar 12 07:13:25 UTC 2020
auto.tcl: Setting watchdog for 200 seconds at Thu Mar 12 07:13:25 UTC 2020
2 ms. Memory: 51200K Free: 32072K (63%)
ptolemy.util.test.WatchDog.cancel(): canceling Thu Mar 12 07:13:25 UTC 2020
------------------ testing $PTII/ptolemy/domains/de/test/auto/relationGroup2.xml
auto.tcl: Setting watchdog for 200 seconds at Thu Mar 12 07:13:25 UTC 2020
1 ms. Memory: 51200K Free: 32640K (64%)
ptolemy.util.test.WatchDog.cancel(): canceling Thu Mar 12 07:13:25 UTC 2020
auto.tcl: Setting watchdog for 200 seconds at Thu Mar 12 07:13:25 UTC 2020
1 ms. Memory: 51200K Free: 31905K (62%)
ptolemy.util.test.WatchDog.cancel(): canceling Thu Mar 12 07:13:25 UTC 2020
------------------ testing $PTII/ptolemy/domains/de/test/auto/sortWithOpaquePorts.xml
auto.tcl: Setting watchdog for 200 seconds at Thu Mar 12 07:13:25 UTC 2020
3 ms. Memory: 51200K Free: 31362K (61%)
ptolemy.util.test.WatchDog.cancel(): canceling Thu Mar 12 07:13:25 UTC 2020
auto.tcl: Setting watchdog for 200 seconds at Thu Mar 12 07:13:25 UTC 2020
1 ms. Memory: 51200K Free: 30366K (59%)
ptolemy.util.test.WatchDog.cancel(): canceling Thu Mar 12 07:13:25 UTC 2020
------------------ testing $PTII/ptolemy/domains/de/test/auto/transferInputsandOutputs.xml
auto.tcl: Setting watchdog for 200 seconds at Thu Mar 12 07:13:25 UTC 2020
2 ms. Memory: 51200K Free: 28821K (56%)
ptolemy.util.test.WatchDog.cancel(): canceling Thu Mar 12 07:13:25 UTC 2020
auto.tcl: Setting watchdog for 200 seconds at Thu Mar 12 07:13:25 UTC 2020
2 ms. Memory: 51200K Free: 27800K (54%)
ptolemy.util.test.WatchDog.cancel(): canceling Thu Mar 12 07:13:25 UTC 2020
------------------ testing $PTII/ptolemy/domains/de/test/auto/triggerType.xml
auto.tcl: Setting watchdog for 200 seconds at Thu Mar 12 07:13:25 UTC 2020
1 ms. Memory: 51200K Free: 31846K (62%)
ptolemy.util.test.WatchDog.cancel(): canceling Thu Mar 12 07:13:25 UTC 2020
auto.tcl: Setting watchdog for 200 seconds at Thu Mar 12 07:13:25 UTC 2020
1 ms. Memory: 51200K Free: 30822K (60%)
ptolemy.util.test.WatchDog.cancel(): canceling Thu Mar 12 07:13:25 UTC 2020
03/12/20 07:13:25
Failed: 0  Total Tests: 192  ((Passed: 187, Newly Passed: 1)  Known Failed: 5) /home/travis/build/icyphy/ptII/ptolemy/domains/de/test
03/12/20 07:13:25
Failed: 0  Total Tests: 192  ((Passed: 187, Newly Passed: 1)  Known Failed: 5) /home/travis/build/icyphy/ptII/ptolemy/domains/de/test
----------------- testing (KnownFailure) /home/travis/build/icyphy/ptII/ptolemy/domains/de/test/auto/knownFailedTests/DESDFClockTest.xml
2012 ms. Memory: 51200K Free: 24731K (48%)
Known Failure: java.lang.reflect.InvocationTargetException
----------------- testing (KnownFailure) /home/travis/build/icyphy/ptII/ptolemy/domains/de/test/auto/knownFailedTests/DirectFeedback.xml
2 ms. Memory: 51200K Free: 20635K (40%)
Known Failure: java.lang.reflect.InvocationTargetException
----------------- testing (KnownFailure) /home/travis/build/icyphy/ptII/ptolemy/domains/de/test/auto/knownFailedTests/FSMSource.xml
16 ms. Memory: 51200K Free: 13467K (26%)
----------------- testing (KnownFailure) /home/travis/build/icyphy/ptII/ptolemy/domains/de/test/auto/knownFailedTests/HierarchicalModel.xml
2 ms. Memory: 51200K Free: 25667K (50%)
Known Failure: java.lang.reflect.InvocationTargetException
----------------- testing (KnownFailure) /home/travis/build/icyphy/ptII/ptolemy/domains/de/test/auto/knownFailedTests/dependencyLoop.xml
2 ms. Memory: 51200K Free: 10015K (20%)
Known Failure: java.lang.reflect.InvocationTargetException
----------------- testing (KnownFailure) /home/travis/build/icyphy/ptII/ptolemy/domains/de/test/auto/knownFailedTests/dependencyLoop2.xml
6 ms. Memory: 51200K Free: 22928K (45%)
Known Failure: java.lang.reflect.InvocationTargetException
No auto/linux-amd64/*.xml tests in /home/travis/build/icyphy/ptII/ptolemy/domains/de/test
AutoTests.java: About to close Vertx.
AutoTests.java: Vertx closed.

===========================================================================================
----------------- testing Thu Mar 12 07:13:27 UTC 2020 /home/travis/build/icyphy/ptII/ptolemy/domains/de/test/auto/ActorDepthCalculation_actorWithoutPorts.xml
----------------- Instantiating /home/travis/build/icyphy/ptII/ptolemy/domains/de/test/auto/ActorDepthCalculation_actorWithoutPorts.xml
2 ms. Memory: 51200K Free: 15720K (31%)
----------------- Invoking toplevel() on ptolemy.moml.MoMLSimpleApplication@a9ad30c
----------------- Done invoking toplevel() on ptolemy.moml.MoMLSimpleApplication@a9ad30c
reloadAllAccessors: .ActorDepthCalculation_actorWithoutPorts

===========================================================================================
----------------- testing Thu Mar 12 07:13:27 UTC 2020 /home/travis/build/icyphy/ptII/ptolemy/domains/de/test/auto/AssemblyLine.xml
----------------- Instantiating /home/travis/build/icyphy/ptII/ptolemy/domains/de/test/auto/AssemblyLine.xml
3 ms. Memory: 51200K Free: 8885K (17%)
----------------- Invoking toplevel() on ptolemy.moml.MoMLSimpleApplication@29f8d37f
----------------- Done invoking toplevel() on ptolemy.moml.MoMLSimpleApplication@29f8d37f
reloadAllAccessors: .AssemblyLine

===========================================================================================
----------------- testing Thu Mar 12 07:13:27 UTC 2020 /home/travis/build/icyphy/ptII/ptolemy/domains/de/test/auto/CQBug1.xml
----------------- Instantiating /home/travis/build/icyphy/ptII/ptolemy/domains/de/test/auto/CQBug1.xml
0 ms. Memory: 51200K Free: 33742K (66%)
----------------- Invoking toplevel() on ptolemy.moml.MoMLSimpleApplication@5b72042f
----------------- Done invoking toplevel() on ptolemy.moml.MoMLSimpleApplication@5b72042f
reloadAllAccessors: .CQBug1

===========================================================================================
----------------- testing Thu Mar 12 07:13:27 UTC 2020 /home/travis/build/icyphy/ptII/ptolemy/domains/de/test/auto/CancelFireAt.xml
----------------- Instantiating /home/travis/build/icyphy/ptII/ptolemy/domains/de/test/auto/CancelFireAt.xml
2 ms. Memory: 51200K Free: 31257K (61%)
----------------- Invoking toplevel() on ptolemy.moml.MoMLSimpleApplication@75701027
----------------- Done invoking toplevel() on ptolemy.moml.MoMLSimpleApplication@75701027
reloadAllAccessors: .CancelFireAt

===========================================================================================
----------------- testing Thu Mar 12 07:13:27 UTC 2020 /home/travis/build/icyphy/ptII/ptolemy/domains/de/test/auto/CausalityAndComposabilityAnalysis.xml
----------------- Instantiating /home/travis/build/icyphy/ptII/ptolemy/domains/de/test/auto/CausalityAndComposabilityAnalysis.xml
16 ms. Memory: 51200K Free: 26861K (52%)
----------------- Invoking toplevel() on ptolemy.moml.MoMLSimpleApplication@ad51de6
----------------- Done invoking toplevel() on ptolemy.moml.MoMLSimpleApplication@ad51de6
reloadAllAccessors: .CausalityAndComposabilityAnalysis

===========================================================================================
----------------- testing Thu Mar 12 07:13:27 UTC 2020 /home/travis/build/icyphy/ptII/ptolemy/domains/de/test/auto/CausalityInterface1.xml
----------------- Instantiating /home/travis/build/icyphy/ptII/ptolemy/domains/de/test/auto/CausalityInterface1.xml
6 ms. Memory: 51200K Free: 21789K (43%)
----------------- Invoking toplevel() on ptolemy.moml.MoMLSimpleApplication@7612e9a4
----------------- Done invoking toplevel() on ptolemy.moml.MoMLSimpleApplication@7612e9a4
reloadAllAccessors: .CausalityInterface1

===========================================================================================
----------------- testing Thu Mar 12 07:13:27 UTC 2020 /home/travis/build/icyphy/ptII/ptolemy/domains/de/test/auto/CausalityInterface15.xml
----------------- Instantiating /home/travis/build/icyphy/ptII/ptolemy/domains/de/test/auto/CausalityInterface15.xml
2 ms. Memory: 51200K Free: 16384K (32%)
----------------- Invoking toplevel() on ptolemy.moml.MoMLSimpleApplication@41cc55d8
----------------- Done invoking toplevel() on ptolemy.moml.MoMLSimpleApplication@41cc55d8
reloadAllAccessors: .CausalityInterface15

===========================================================================================
----------------- testing Thu Mar 12 07:13:28 UTC 2020 /home/travis/build/icyphy/ptII/ptolemy/domains/de/test/auto/CausalityInterface2.xml
----------------- Instantiating /home/travis/build/icyphy/ptII/ptolemy/domains/de/test/auto/CausalityInterface2.xml
1 ms. Memory: 51200K Free: 11825K (23%)
[...]
	at ptolemy.actor.Manager.run(Manager.java:1263)
	at ptolemy.actor.Manager$PtolemyRunThread.run(Manager.java:1933)
java.lang.RuntimeException: Execution failed
	at ptolemy.moml.MoMLSimpleApplication$UnloadThread.run(MoMLSimpleApplication.java:402)
Caused by: ptolemy.kernel.util.IllegalActionException: Actor is not ready to fire.  Perhaps UpSample.prefire() returned false? Try debugging the actor by selecting "Listen to Actor".  Also, for SDF check moml for tokenConsumptionRate on input.
  in .DESDFClockTest.Play Bell.Copy1:SDF Director and .DESDFClockTest.Play Bell.UpSample
	at ptolemy.actor.sched.StaticSchedulingDirector.fire(StaticSchedulingDirector.java:227)
	at ptolemy.domains.sdf.kernel.SDFDirector.fire(SDFDirector.java:500)
	at ptolemy.actor.CompositeActor.fire(CompositeActor.java:455)
	at ptolemy.domains.de.kernel.DEDirector._fire(DEDirector.java:1949)
	at ptolemy.domains.de.kernel.DEDirector.fire(DEDirector.java:502)
	at ptolemy.actor.CompositeActor.fire(CompositeActor.java:455)
	at ptolemy.actor.Manager.iterate(Manager.java:851)
	at ptolemy.actor.Manager.execute(Manager.java:369)
	at ptolemy.actor.Manager.run(Manager.java:1263)
	at ptolemy.actor.Manager$PtolemyRunThread.run(Manager.java:1933)
java.lang.reflect.InvocationTargetException
	at java.base/jdk.internal.reflect.NativeConstructorAccessorImpl.newInstance0(Native Method)
	at java.base/jdk.internal.reflect.NativeConstructorAccessorImpl.newInstance(NativeConstructorAccessorImpl.java:62)
	at java.base/jdk.internal.reflect.DelegatingConstructorAccessorImpl.newInstance(DelegatingConstructorAccessorImpl.java:45)
	at java.base/java.lang.reflect.Constructor.newInstance(Constructor.java:490)
	at ptolemy.util.test.junit.AutoKnownFailedTests.RunModel(AutoKnownFailedTests.java:105)
	at java.base/jdk.internal.reflect.NativeMethodAccessorImpl.invoke0(Native Method)
	at java.base/jdk.internal.reflect.NativeMethodAccessorImpl.invoke(NativeMethodAccessorImpl.java:62)
	at java.base/jdk.internal.reflect.DelegatingMethodAccessorImpl.invoke(DelegatingMethodAccessorImpl.java:43)
	at java.base/java.lang.reflect.Method.invoke(Method.java:566)
	at org.junit.runners.model.FrameworkMethod$1.runReflectiveCall(FrameworkMethod.java:44)
	at org.junit.internal.runners.model.ReflectiveCallable.run(ReflectiveCallable.java:15)
	at org.junit.runners.model.FrameworkMethod.invokeExplosively(FrameworkMethod.java:41)
	at junitparams.internal.InvokeParameterisedMethod.evaluate(InvokeParameterisedMethod.java:102)
	at org.junit.internal.runners.statements.FailOnTimeout$1.run(FailOnTimeout.java:28)
Caused by: ptolemy.kernel.util.IllegalActionException: Actor is not ready to fire.  Perhaps UpSample.prefire() returned false? Try debugging the actor by selecting "Listen to Actor".  Also, for SDF check moml for tokenConsumptionRate on input.
  in .DESDFClockTest.Play Bell.Copy1:SDF Director and .DESDFClockTest.Play Bell.UpSample
	at ptolemy.actor.sched.StaticSchedulingDirector.fire(StaticSchedulingDirector.java:227)
	at ptolemy.domains.sdf.kernel.SDFDirector.fire(SDFDirector.java:500)
	at ptolemy.actor.CompositeActor.fire(CompositeActor.java:455)
	at ptolemy.domains.de.kernel.DEDirector._fire(DEDirector.java:1949)
	at ptolemy.domains.de.kernel.DEDirector.fire(DEDirector.java:502)
	at ptolemy.actor.CompositeActor.fire(CompositeActor.java:455)
	at ptolemy.actor.Manager.iterate(Manager.java:851)
	at ptolemy.actor.Manager.execute(Manager.java:369)
	at ptolemy.actor.Manager.run(Manager.java:1263)
	at ptolemy.actor.Manager$PtolemyRunThread.run(Manager.java:1933)
java.lang.RuntimeException: Execution failed
	at ptolemy.moml.MoMLSimpleApplication$UnloadThread.run(MoMLSimpleApplication.java:402)
Caused by: ptolemy.kernel.util.IllegalActionException: Test fails in iteration 1.
Value was: 1.0. Should have been: 2.0
  in .DirectFeedback.Test
	at ptolemy.actor.lib.Test.fire(Test.java:268)
	at ptolemy.domains.de.kernel.DEDirector._fire(DEDirector.java:1949)
	at ptolemy.domains.de.kernel.DEDirector.fire(DEDirector.java:502)
	at ptolemy.actor.CompositeActor.fire(CompositeActor.java:455)
	at ptolemy.actor.Manager.iterate(Manager.java:851)
	at ptolemy.actor.Manager.execute(Manager.java:369)
	at ptolemy.actor.Manager.run(Manager.java:1263)
	at ptolemy.actor.Manager$PtolemyRunThread.run(Manager.java:1933)
java.lang.reflect.InvocationTargetException
	at java.base/jdk.internal.reflect.NativeConstructorAccessorImpl.newInstance0(Native Method)
	at java.base/jdk.internal.reflect.NativeConstructorAccessorImpl.newInstance(NativeConstructorAccessorImpl.java:62)
	at java.base/jdk.internal.reflect.DelegatingConstructorAccessorImpl.newInstance(DelegatingConstructorAccessorImpl.java:45)
	at java.base/java.lang.reflect.Constructor.newInstance(Constructor.java:490)
	at ptolemy.util.test.junit.AutoKnownFailedTests.RunModel(AutoKnownFailedTests.java:105)
	at java.base/jdk.internal.reflect.NativeMethodAccessorImpl.invoke0(Native Method)
	at java.base/jdk.internal.reflect.NativeMethodAccessorImpl.invoke(NativeMethodAccessorImpl.java:62)
	at java.base/jdk.internal.reflect.DelegatingMethodAccessorImpl.invoke(DelegatingMethodAccessorImpl.java:43)
	at java.base/java.lang.reflect.Method.invoke(Method.java:566)
	at org.junit.runners.model.FrameworkMethod$1.runReflectiveCall(FrameworkMethod.java:44)
	at org.junit.internal.runners.model.ReflectiveCallable.run(ReflectiveCallable.java:15)
	at org.junit.runners.model.FrameworkMethod.invokeExplosively(FrameworkMethod.java:41)
	at junitparams.internal.InvokeParameterisedMethod.evaluate(InvokeParameterisedMethod.java:102)
	at org.junit.internal.runners.statements.FailOnTimeout$1.run(FailOnTimeout.java:28)
Caused by: ptolemy.kernel.util.IllegalActionException: Test fails in iteration 1.
Value was: 1.0. Should have been: 2.0
  in .DirectFeedback.Test
	at ptolemy.actor.lib.Test.fire(Test.java:268)
	at ptolemy.domains.de.kernel.DEDirector._fire(DEDirector.java:1949)
	at ptolemy.domains.de.kernel.DEDirector.fire(DEDirector.java:502)
	at ptolemy.actor.CompositeActor.fire(CompositeActor.java:455)
	at ptolemy.actor.Manager.iterate(Manager.java:851)
	at ptolemy.actor.Manager.execute(Manager.java:369)
	at ptolemy.actor.Manager.run(Manager.java:1263)
	at ptolemy.actor.Manager$PtolemyRunThread.run(Manager.java:1933)
java.lang.RuntimeException: Execution failed
	at ptolemy.moml.MoMLSimpleApplication$UnloadThread.run(MoMLSimpleApplication.java:402)
Caused by: ptolemy.kernel.util.IllegalActionException: Found a zero delay loop containing .HierarchicalModel.A
  in .HierarchicalModel and .HierarchicalModel.A
	at ptolemy.actor.util.CausalityInterfaceForComposites._computeOutputPortDepth(CausalityInterfaceForComposites.java:759)
	at ptolemy.actor.util.CausalityInterfaceForComposites._computeInputDepth(CausalityInterfaceForComposites.java:696)
	at ptolemy.actor.util.CausalityInterfaceForComposites._computeOutputPortDepth(CausalityInterfaceForComposites.java:765)
	at ptolemy.actor.util.CausalityInterfaceForComposites._computeInputDepth(CausalityInterfaceForComposites.java:696)
	at ptolemy.actor.util.CausalityInterfaceForComposites._computeOutputPortDepth(CausalityInterfaceForComposites.java:765)
	at ptolemy.actor.util.CausalityInterfaceForComposites._computeInputDepth(CausalityInterfaceForComposites.java:696)
	at ptolemy.actor.util.CausalityInterfaceForComposites._computeActorDepth(CausalityInterfaceForComposites.java:532)
	at ptolemy.actor.util.CausalityInterfaceForComposites.checkForCycles(CausalityInterfaceForComposites.java:96)
	at ptolemy.domains.de.kernel.DEDirector.preinitialize(DEDirector.java:1338)
	at ptolemy.actor.CompositeActor.preinitialize(CompositeActor.java:1828)
	at ptolemy.actor.Manager.preinitializeAndResolveTypes(Manager.java:1040)
	at ptolemy.actor.Manager.initialize(Manager.java:710)
	at ptolemy.actor.Manager.execute(Manager.java:356)
	at ptolemy.actor.Manager.run(Manager.java:1263)
	at ptolemy.actor.Manager$PtolemyRunThread.run(Manager.java:1933)
java.lang.reflect.InvocationTargetException
	at java.base/jdk.internal.reflect.NativeConstructorAccessorImpl.newInstance0(Native Method)
	at java.base/jdk.internal.reflect.NativeConstructorAccessorImpl.newInstance(NativeConstructorAccessorImpl.java:62)
	at java.base/jdk.internal.reflect.DelegatingConstructorAccessorImpl.newInstance(DelegatingConstructorAccessorImpl.java:45)
	at java.base/java.lang.reflect.Constructor.newInstance(Constructor.java:490)
	at ptolemy.util.test.junit.AutoKnownFailedTests.RunModel(AutoKnownFailedTests.java:105)
	at java.base/jdk.internal.reflect.NativeMethodAccessorImpl.invoke0(Native Method)
	at java.base/jdk.internal.reflect.NativeMethodAccessorImpl.invoke(NativeMethodAccessorImpl.java:62)
	at java.base/jdk.internal.reflect.DelegatingMethodAccessorImpl.invoke(DelegatingMethodAccessorImpl.java:43)
	at java.base/java.lang.reflect.Method.invoke(Method.java:566)
	at org.junit.runners.model.FrameworkMethod$1.runReflectiveCall(FrameworkMethod.java:44)
	at org.junit.internal.runners.model.ReflectiveCallable.run(ReflectiveCallable.java:15)
	at org.junit.runners.model.FrameworkMethod.invokeExplosively(FrameworkMethod.java:41)
	at junitparams.internal.InvokeParameterisedMethod.evaluate(InvokeParameterisedMethod.java:102)
	at org.junit.internal.runners.statements.FailOnTimeout$1.run(FailOnTimeout.java:28)
Caused by: ptolemy.kernel.util.IllegalActionException: Found a zero delay loop containing .HierarchicalModel.A
  in .HierarchicalModel and .HierarchicalModel.A
	at ptolemy.actor.util.CausalityInterfaceForComposites._computeOutputPortDepth(CausalityInterfaceForComposites.java:759)
	at ptolemy.actor.util.CausalityInterfaceForComposites._computeInputDepth(CausalityInterfaceForComposites.java:696)
	at ptolemy.actor.util.CausalityInterfaceForComposites._computeOutputPortDepth(CausalityInterfaceForComposites.java:765)
	at ptolemy.actor.util.CausalityInterfaceForComposites._computeInputDepth(CausalityInterfaceForComposites.java:696)
	at ptolemy.actor.util.CausalityInterfaceForComposites._computeOutputPortDepth(CausalityInterfaceForComposites.java:765)
	at ptolemy.actor.util.CausalityInterfaceForComposites._computeInputDepth(CausalityInterfaceForComposites.java:696)
	at ptolemy.actor.util.CausalityInterfaceForComposites._computeActorDepth(CausalityInterfaceForComposites.java:532)
	at ptolemy.actor.util.CausalityInterfaceForComposites.checkForCycles(CausalityInterfaceForComposites.java:96)
	at ptolemy.domains.de.kernel.DEDirector.preinitialize(DEDirector.java:1338)
	at ptolemy.actor.CompositeActor.preinitialize(CompositeActor.java:1828)
	at ptolemy.actor.Manager.preinitializeAndResolveTypes(Manager.java:1040)
	at ptolemy.actor.Manager.initialize(Manager.java:710)
	at ptolemy.actor.Manager.execute(Manager.java:356)
	at ptolemy.actor.Manager.run(Manager.java:1263)
	at ptolemy.actor.Manager$PtolemyRunThread.run(Manager.java:1933)
java.lang.RuntimeException: Execution failed
	at ptolemy.moml.MoMLSimpleApplication$UnloadThread.run(MoMLSimpleApplication.java:402)
Caused by: ptolemy.kernel.util.IllegalActionException: Found a zero delay loop containing .dependencyLoop.original
  in .dependencyLoop and .dependencyLoop.original
	at ptolemy.actor.util.CausalityInterfaceForComposites._computeOutputPortDepth(CausalityInterfaceForComposites.java:759)
	at ptolemy.actor.util.CausalityInterfaceForComposites._computeInputDepth(CausalityInterfaceForComposites.java:696)
	at ptolemy.actor.util.CausalityInterfaceForComposites._computeOutputPortDepth(CausalityInterfaceForComposites.java:765)
	at ptolemy.actor.util.CausalityInterfaceForComposites._computeInputDepth(CausalityInterfaceForComposites.java:696)
	at ptolemy.actor.util.CausalityInterfaceForComposites._computeOutputPortDepth(CausalityInterfaceForComposites.java:765)
	at ptolemy.actor.util.CausalityInterfaceForComposites._computeInputDepth(CausalityInterfaceForComposites.java:696)
	at ptolemy.actor.util.CausalityInterfaceForComposites._computeActorDepth(CausalityInterfaceForComposites.java:532)
	at ptolemy.actor.util.CausalityInterfaceForComposites.checkForCycles(CausalityInterfaceForComposites.java:96)
	at ptolemy.domains.de.kernel.DEDirector.preinitialize(DEDirector.java:1338)
	at ptolemy.actor.CompositeActor.preinitialize(CompositeActor.java:1828)
	at ptolemy.actor.Manager.preinitializeAndResolveTypes(Manager.java:1040)
	at ptolemy.actor.Manager.initialize(Manager.java:710)
	at ptolemy.actor.Manager.execute(Manager.java:356)
	at ptolemy.actor.Manager.run(Manager.java:1263)
	at ptolemy.actor.Manager$PtolemyRunThread.run(Manager.java:1933)
java.lang.reflect.InvocationTargetException
	at java.base/jdk.internal.reflect.NativeConstructorAccessorImpl.newInstance0(Native Method)
	at java.base/jdk.internal.reflect.NativeConstructorAccessorImpl.newInstance(NativeConstructorAccessorImpl.java:62)
	at java.base/jdk.internal.reflect.DelegatingConstructorAccessorImpl.newInstance(DelegatingConstructorAccessorImpl.java:45)
	at java.base/java.lang.reflect.Constructor.newInstance(Constructor.java:490)
	at ptolemy.util.test.junit.AutoKnownFailedTests.RunModel(AutoKnownFailedTests.java:105)
	at java.base/jdk.internal.reflect.NativeMethodAccessorImpl.invoke0(Native Method)
	at java.base/jdk.internal.reflect.NativeMethodAccessorImpl.invoke(NativeMethodAccessorImpl.java:62)
	at java.base/jdk.internal.reflect.DelegatingMethodAccessorImpl.invoke(DelegatingMethodAccessorImpl.java:43)
	at java.base/java.lang.reflect.Method.invoke(Method.java:566)
	at org.junit.runners.model.FrameworkMethod$1.runReflectiveCall(FrameworkMethod.java:44)
	at org.junit.internal.runners.model.ReflectiveCallable.run(ReflectiveCallable.java:15)
	at org.junit.runners.model.FrameworkMethod.invokeExplosively(FrameworkMethod.java:41)
	at junitparams.internal.InvokeParameterisedMethod.evaluate(InvokeParameterisedMethod.java:102)
	at org.junit.internal.runners.statements.FailOnTimeout$1.run(FailOnTimeout.java:28)
Caused by: ptolemy.kernel.util.IllegalActionException: Found a zero delay loop containing .dependencyLoop.original
  in .dependencyLoop and .dependencyLoop.original
	at ptolemy.actor.util.CausalityInterfaceForComposites._computeOutputPortDepth(CausalityInterfaceForComposites.java:759)
	at ptolemy.actor.util.CausalityInterfaceForComposites._computeInputDepth(CausalityInterfaceForComposites.java:696)
	at ptolemy.actor.util.CausalityInterfaceForComposites._computeOutputPortDepth(CausalityInterfaceForComposites.java:765)
	at ptolemy.actor.util.CausalityInterfaceForComposites._computeInputDepth(CausalityInterfaceForComposites.java:696)
	at ptolemy.actor.util.CausalityInterfaceForComposites._computeOutputPortDepth(CausalityInterfaceForComposites.java:765)
	at ptolemy.actor.util.CausalityInterfaceForComposites._computeInputDepth(CausalityInterfaceForComposites.java:696)
	at ptolemy.actor.util.CausalityInterfaceForComposites._computeActorDepth(CausalityInterfaceForComposites.java:532)
	at ptolemy.actor.util.CausalityInterfaceForComposites.checkForCycles(CausalityInterfaceForComposites.java:96)
	at ptolemy.domains.de.kernel.DEDirector.preinitialize(DEDirector.java:1338)
	at ptolemy.actor.CompositeActor.preinitialize(CompositeActor.java:1828)
	at ptolemy.actor.Manager.preinitializeAndResolveTypes(Manager.java:1040)
	at ptolemy.actor.Manager.initialize(Manager.java:710)
	at ptolemy.actor.Manager.execute(Manager.java:356)
	at ptolemy.actor.Manager.run(Manager.java:1263)
	at ptolemy.actor.Manager$PtolemyRunThread.run(Manager.java:1933)
java.lang.RuntimeException: Execution failed
	at ptolemy.moml.MoMLSimpleApplication$UnloadThread.run(MoMLSimpleApplication.java:402)
Caused by: ptolemy.kernel.util.IllegalActionException: Found a zero delay loop containing .dependencyLoop2.original
  in .dependencyLoop2 and .dependencyLoop2.original
	at ptolemy.actor.util.CausalityInterfaceForComposites._computeOutputPortDepth(CausalityInterfaceForComposites.java:759)
	at ptolemy.actor.util.CausalityInterfaceForComposites._computeInputDepth(CausalityInterfaceForComposites.java:696)
	at ptolemy.actor.util.CausalityInterfaceForComposites._computeOutputPortDepth(CausalityInterfaceForComposites.java:765)
	at ptolemy.actor.util.CausalityInterfaceForComposites._computeInputDepth(CausalityInterfaceForComposites.java:696)
	at ptolemy.actor.util.CausalityInterfaceForComposites._computeOutputPortDepth(CausalityInterfaceForComposites.java:765)
	at ptolemy.actor.util.CausalityInterfaceForComposites._computeInputDepth(CausalityInterfaceForComposites.java:696)
	at ptolemy.actor.util.CausalityInterfaceForComposites._computeActorDepth(CausalityInterfaceForComposites.java:532)
	at ptolemy.actor.util.CausalityInterfaceForComposites.checkForCycles(CausalityInterfaceForComposites.java:96)
	at ptolemy.domains.de.kernel.DEDirector.preinitialize(DEDirector.java:1338)
	at ptolemy.actor.CompositeActor.preinitialize(CompositeActor.java:1828)
	at ptolemy.actor.Manager.preinitializeAndResolveTypes(Manager.java:1040)
	at ptolemy.actor.Manager.initialize(Manager.java:710)
	at ptolemy.actor.Manager.execute(Manager.java:356)
	at ptolemy.actor.Manager.run(Manager.java:1263)
	at ptolemy.actor.Manager$PtolemyRunThread.run(Manager.java:1933)
java.lang.reflect.InvocationTargetException
	at java.base/jdk.internal.reflect.NativeConstructorAccessorImpl.newInstance0(Native Method)
	at java.base/jdk.internal.reflect.NativeConstructorAccessorImpl.newInstance(NativeConstructorAccessorImpl.java:62)
	at java.base/jdk.internal.reflect.DelegatingConstructorAccessorImpl.newInstance(DelegatingConstructorAccessorImpl.java:45)
	at java.base/java.lang.reflect.Constructor.newInstance(Constructor.java:490)
	at ptolemy.util.test.junit.AutoKnownFailedTests.RunModel(AutoKnownFailedTests.java:105)
	at java.base/jdk.internal.reflect.NativeMethodAccessorImpl.invoke0(Native Method)
	at java.base/jdk.internal.reflect.NativeMethodAccessorImpl.invoke(NativeMethodAccessorImpl.java:62)
	at java.base/jdk.internal.reflect.DelegatingMethodAccessorImpl.invoke(DelegatingMethodAccessorImpl.java:43)
	at java.base/java.lang.reflect.Method.invoke(Method.java:566)
	at org.junit.runners.model.FrameworkMethod$1.runReflectiveCall(FrameworkMethod.java:44)
	at org.junit.internal.runners.model.ReflectiveCallable.run(ReflectiveCallable.java:15)
	at org.junit.runners.model.FrameworkMethod.invokeExplosively(FrameworkMethod.java:41)
	at junitparams.internal.InvokeParameterisedMethod.evaluate(InvokeParameterisedMethod.java:102)
	at org.junit.internal.runners.statements.FailOnTimeout$1.run(FailOnTimeout.java:28)
Caused by: ptolemy.kernel.util.IllegalActionException: Found a zero delay loop containing .dependencyLoop2.original
  in .dependencyLoop2 and .dependencyLoop2.original
	at ptolemy.actor.util.CausalityInterfaceForComposites._computeOutputPortDepth(CausalityInterfaceForComposites.java:759)
	at ptolemy.actor.util.CausalityInterfaceForComposites._computeInputDepth(CausalityInterfaceForComposites.java:696)
	at ptolemy.actor.util.CausalityInterfaceForComposites._computeOutputPortDepth(CausalityInterfaceForComposites.java:765)
	at ptolemy.actor.util.CausalityInterfaceForComposites._computeInputDepth(CausalityInterfaceForComposites.java:696)
	at ptolemy.actor.util.CausalityInterfaceForComposites._computeOutputPortDepth(CausalityInterfaceForComposites.java:765)
	at ptolemy.actor.util.CausalityInterfaceForComposites._computeInputDepth(CausalityInterfaceForComposites.java:696)
	at ptolemy.actor.util.CausalityInterfaceForComposites._computeActorDepth(CausalityInterfaceForComposites.java:532)
	at ptolemy.actor.util.CausalityInterfaceForComposites.checkForCycles(CausalityInterfaceForComposites.java:96)
	at ptolemy.domains.de.kernel.DEDirector.preinitialize(DEDirector.java:1338)
	at ptolemy.actor.CompositeActor.preinitialize(CompositeActor.java:1828)
	at ptolemy.actor.Manager.preinitializeAndResolveTypes(Manager.java:1040)
	at ptolemy.actor.Manager.initialize(Manager.java:710)
	at ptolemy.actor.Manager.execute(Manager.java:356)
	at ptolemy.actor.Manager.run(Manager.java:1263)
	at ptolemy.actor.Manager$PtolemyRunThread.run(Manager.java:1933)
]]></system-err>
</testsuite>
