<?xml version="1.0" encoding="UTF-8" ?>
<testsuite errors="0" failures="0" hostname="travis-job-10f0f5b1-022b-422b-a48c-2540de1d15c3" name="ptolemy.domains.modal.test.junit.JUnitTclTest" skipped="0" tests="148" time="12.139" timestamp="2019-09-28T05:49:24">
  <properties>
[...]
</properties>
  <testcase classname="ptolemy.util.test.junit.TclTests" name="[0] /home/travis/build/icyphy/ptII/ptolemy/domains/modal/test/SystemLevelType.tcl (RunTclFile)" time="2.306" />
  <testcase classname="ptolemy.util.test.junit.AutoKnownFailedTests" name="[0] /home/travis/build/icyphy/ptII/ptolemy/domains/modal/test/auto/knownFailedTests/CannotAnalysisWithPreemption.xml (RunModel)" time="0.301" />
  <testcase classname="ptolemy.util.test.junit.AutoNameArchTests" name="[0] ThereAreNoAutoArchTests (RunModel)" time="0.007" />
  <testcase classname="ptolemy.util.test.junit.AutoTests" name="[0] /home/travis/build/icyphy/ptII/ptolemy/domains/modal/test/auto/ABPTest.xml (RunModel)" time="0.689" />
  <testcase classname="ptolemy.util.test.junit.AutoTests" name="[1] /home/travis/build/icyphy/ptII/ptolemy/domains/modal/test/auto/ABROFlat.xml (RunModel)" time="0.102" />
  <testcase classname="ptolemy.util.test.junit.AutoTests" name="[2] /home/travis/build/icyphy/ptII/ptolemy/domains/modal/test/auto/ABROFlat2.xml (RunModel)" time="0.086" />
  <testcase classname="ptolemy.util.test.junit.AutoTests" name="[3] /home/travis/build/icyphy/ptII/ptolemy/domains/modal/test/auto/ABRO_present_hmm.xml (RunModel)" time="0.183" />
  <testcase classname="ptolemy.util.test.junit.AutoTests" name="[4] /home/travis/build/icyphy/ptII/ptolemy/domains/modal/test/auto/AMICoderExample.xml (RunModel)" time="0.091" />
  <testcase classname="ptolemy.util.test.junit.AutoTests" name="[5] /home/travis/build/icyphy/ptII/ptolemy/domains/modal/test/auto/AbsentToPresent.xml (RunModel)" time="0.024" />
  <testcase classname="ptolemy.util.test.junit.AutoTests" name="[6] /home/travis/build/icyphy/ptII/ptolemy/domains/modal/test/auto/Blending.xml (RunModel)" time="0.187" />
  <testcase classname="ptolemy.util.test.junit.AutoTests" name="[7] /home/travis/build/icyphy/ptII/ptolemy/domains/modal/test/auto/Broadcast.xml (RunModel)" time="0.048" />
  <testcase classname="ptolemy.util.test.junit.AutoTests" name="[8] /home/travis/build/icyphy/ptII/ptolemy/domains/modal/test/auto/BroadcastHierarchy.xml (RunModel)" time="0.058" />
  <testcase classname="ptolemy.util.test.junit.AutoTests" name="[9] /home/travis/build/icyphy/ptII/ptolemy/domains/modal/test/auto/BroadcastHierarchy2.xml (RunModel)" time="0.108" />
  <testcase classname="ptolemy.util.test.junit.AutoTests" name="[10] /home/travis/build/icyphy/ptII/ptolemy/domains/modal/test/auto/BroadcastHierarchy3.xml (RunModel)" time="0.103" />
  <testcase classname="ptolemy.util.test.junit.AutoTests" name="[11] /home/travis/build/icyphy/ptII/ptolemy/domains/modal/test/auto/BroadcastHierarchy4.xml (RunModel)" time="0.12" />
  <testcase classname="ptolemy.util.test.junit.AutoTests" name="[12] /home/travis/build/icyphy/ptII/ptolemy/domains/modal/test/auto/CannotAnalysisWithPreemption2.xml (RunModel)" time="0.063" />
  <testcase classname="ptolemy.util.test.junit.AutoTests" name="[13] /home/travis/build/icyphy/ptII/ptolemy/domains/modal/test/auto/CannotAnalysisWithPreemption3.xml (RunModel)" time="0.07" />
  <testcase classname="ptolemy.util.test.junit.AutoTests" name="[14] /home/travis/build/icyphy/ptII/ptolemy/domains/modal/test/auto/CannotProduce.xml (RunModel)" time="0.041" />
  <testcase classname="ptolemy.util.test.junit.AutoTests" name="[15] /home/travis/build/icyphy/ptII/ptolemy/domains/modal/test/auto/CannotProduceModal.xml (RunModel)" time="0.038" />
  <testcase classname="ptolemy.util.test.junit.AutoTests" name="[16] /home/travis/build/icyphy/ptII/ptolemy/domains/modal/test/auto/Case.xml (RunModel)" time="0.086" />
  <testcase classname="ptolemy.util.test.junit.AutoTests" name="[17] /home/travis/build/icyphy/ptII/ptolemy/domains/modal/test/auto/Case1.xml (RunModel)" time="0.038" />
  <testcase classname="ptolemy.util.test.junit.AutoTests" name="[18] /home/travis/build/icyphy/ptII/ptolemy/domains/modal/test/auto/Case2.xml (RunModel)" time="0.071" />
  <testcase classname="ptolemy.util.test.junit.AutoTests" name="[19] /home/travis/build/icyphy/ptII/ptolemy/domains/modal/test/auto/CausalityInterface1.xml (RunModel)" time="0.048" />
  <testcase classname="ptolemy.util.test.junit.AutoTests" name="[20] /home/travis/build/icyphy/ptII/ptolemy/domains/modal/test/auto/CausalityInterface10.xml (RunModel)" time="0.067" />
  <testcase classname="ptolemy.util.test.junit.AutoTests" name="[21] /home/travis/build/icyphy/ptII/ptolemy/domains/modal/test/auto/CausalityInterface11.xml (RunModel)" time="0.068" />
  <testcase classname="ptolemy.util.test.junit.AutoTests" name="[22] /home/travis/build/icyphy/ptII/ptolemy/domains/modal/test/auto/CausalityInterface12.xml (RunModel)" time="0.053" />
  <testcase classname="ptolemy.util.test.junit.AutoTests" name="[23] /home/travis/build/icyphy/ptII/ptolemy/domains/modal/test/auto/CausalityInterface13.xml (RunModel)" time="0.075" />
  <testcase classname="ptolemy.util.test.junit.AutoTests" name="[24] /home/travis/build/icyphy/ptII/ptolemy/domains/modal/test/auto/CausalityInterface14.xml (RunModel)" time="0.07" />
  <testcase classname="ptolemy.util.test.junit.AutoTests" name="[25] /home/travis/build/icyphy/ptII/ptolemy/domains/modal/test/auto/CausalityInterface2.xml (RunModel)" time="0.029" />
  <testcase classname="ptolemy.util.test.junit.AutoTests" name="[26] /home/travis/build/icyphy/ptII/ptolemy/domains/modal/test/auto/CausalityInterface3.xml (RunModel)" time="0.03" />
  <testcase classname="ptolemy.util.test.junit.AutoTests" name="[27] /home/travis/build/icyphy/ptII/ptolemy/domains/modal/test/auto/CausalityInterface4.xml (RunModel)" time="0.032" />
  <testcase classname="ptolemy.util.test.junit.AutoTests" name="[28] /home/travis/build/icyphy/ptII/ptolemy/domains/modal/test/auto/CausalityInterface5.xml (RunModel)" time="0.034" />
  <testcase classname="ptolemy.util.test.junit.AutoTests" name="[29] /home/travis/build/icyphy/ptII/ptolemy/domains/modal/test/auto/CausalityInterface6.xml (RunModel)" time="0.042" />
  <testcase classname="ptolemy.util.test.junit.AutoTests" name="[30] /home/travis/build/icyphy/ptII/ptolemy/domains/modal/test/auto/CausalityInterface7.xml (RunModel)" time="0.043" />
  <testcase classname="ptolemy.util.test.junit.AutoTests" name="[31] /home/travis/build/icyphy/ptII/ptolemy/domains/modal/test/auto/CausalityInterface8.xml (RunModel)" time="0.028" />
  <testcase classname="ptolemy.util.test.junit.AutoTests" name="[32] /home/travis/build/icyphy/ptII/ptolemy/domains/modal/test/auto/CausalityInterface9.xml (RunModel)" time="0.033" />
  <testcase classname="ptolemy.util.test.junit.AutoTests" name="[33] /home/travis/build/icyphy/ptII/ptolemy/domains/modal/test/auto/ChainedTransitions.xml (RunModel)" time="0.189" />
  <testcase classname="ptolemy.util.test.junit.AutoTests" name="[34] /home/travis/build/icyphy/ptII/ptolemy/domains/modal/test/auto/CycleOfImmediateTransitionsFSM.xml (RunModel)" time="0.02" />
  <testcase classname="ptolemy.util.test.junit.AutoTests" name="[35] /home/travis/build/icyphy/ptII/ptolemy/domains/modal/test/auto/CycleOfImmediateTransitionsModal.xml (RunModel)" time="0.028" />
  <testcase classname="ptolemy.util.test.junit.AutoTests" name="[36] /home/travis/build/icyphy/ptII/ptolemy/domains/modal/test/auto/CycleOfImmediateTransitionsModal2.xml (RunModel)" time="0.031" />
  <testcase classname="ptolemy.util.test.junit.AutoTests" name="[37] /home/travis/build/icyphy/ptII/ptolemy/domains/modal/test/auto/CycleOfImmediateTransitionsModal3.xml (RunModel)" time="0.076" />
  <testcase classname="ptolemy.util.test.junit.AutoTests" name="[38] /home/travis/build/icyphy/ptII/ptolemy/domains/modal/test/auto/DeepModal1.xml (RunModel)" time="0.054" />
  <testcase classname="ptolemy.util.test.junit.AutoTests" name="[39] /home/travis/build/icyphy/ptII/ptolemy/domains/modal/test/auto/DeepModal2.xml (RunModel)" time="0.073" />
  <testcase classname="ptolemy.util.test.junit.AutoTests" name="[40] /home/travis/build/icyphy/ptII/ptolemy/domains/modal/test/auto/DeepModal3.xml (RunModel)" time="0.082" />
  <testcase classname="ptolemy.util.test.junit.AutoTests" name="[41] /home/travis/build/icyphy/ptII/ptolemy/domains/modal/test/auto/DeepModal4.xml (RunModel)" time="0.1" />
  <testcase classname="ptolemy.util.test.junit.AutoTests" name="[42] /home/travis/build/icyphy/ptII/ptolemy/domains/modal/test/auto/Default1.xml (RunModel)" time="0.021" />
  <testcase classname="ptolemy.util.test.junit.AutoTests" name="[43] /home/travis/build/icyphy/ptII/ptolemy/domains/modal/test/auto/Default2.xml (RunModel)" time="0.026" />
  <testcase classname="ptolemy.util.test.junit.AutoTests" name="[44] /home/travis/build/icyphy/ptII/ptolemy/domains/modal/test/auto/Default3.xml (RunModel)" time="0.026" />
  <testcase classname="ptolemy.util.test.junit.AutoTests" name="[45] /home/travis/build/icyphy/ptII/ptolemy/domains/modal/test/auto/Default4.xml (RunModel)" time="0.027" />
  <testcase classname="ptolemy.util.test.junit.AutoTests" name="[46] /home/travis/build/icyphy/ptII/ptolemy/domains/modal/test/auto/Default5.xml (RunModel)" time="0.03" />
  <testcase classname="ptolemy.util.test.junit.AutoTests" name="[47] /home/travis/build/icyphy/ptII/ptolemy/domains/modal/test/auto/EmptyGuard.xml (RunModel)" time="0.036" />
  <testcase classname="ptolemy.util.test.junit.AutoTests" name="[48] /home/travis/build/icyphy/ptII/ptolemy/domains/modal/test/auto/ErrorTransition1.xml (RunModel)" time="0.041" />
  <testcase classname="ptolemy.util.test.junit.AutoTests" name="[49] /home/travis/build/icyphy/ptII/ptolemy/domains/modal/test/auto/ErrorTransition10.xml (RunModel)" time="0.044" />
  <testcase classname="ptolemy.util.test.junit.AutoTests" name="[50] /home/travis/build/icyphy/ptII/ptolemy/domains/modal/test/auto/ErrorTransition11.xml (RunModel)" time="0.039" />
  <testcase classname="ptolemy.util.test.junit.AutoTests" name="[51] /home/travis/build/icyphy/ptII/ptolemy/domains/modal/test/auto/ErrorTransition2.xml (RunModel)" time="0.027" />
  <testcase classname="ptolemy.util.test.junit.AutoTests" name="[52] /home/travis/build/icyphy/ptII/ptolemy/domains/modal/test/auto/ErrorTransition3.xml (RunModel)" time="0.034" />
  <testcase classname="ptolemy.util.test.junit.AutoTests" name="[53] /home/travis/build/icyphy/ptII/ptolemy/domains/modal/test/auto/ErrorTransition4.xml (RunModel)" time="0.028" />
  <testcase classname="ptolemy.util.test.junit.AutoTests" name="[54] /home/travis/build/icyphy/ptII/ptolemy/domains/modal/test/auto/ErrorTransition5.xml (RunModel)" time="0.046" />
  <testcase classname="ptolemy.util.test.junit.AutoTests" name="[55] /home/travis/build/icyphy/ptII/ptolemy/domains/modal/test/auto/ErrorTransition6.xml (RunModel)" time="0.032" />
  <testcase classname="ptolemy.util.test.junit.AutoTests" name="[56] /home/travis/build/icyphy/ptII/ptolemy/domains/modal/test/auto/ErrorTransition7.xml (RunModel)" time="0.057" />
  <testcase classname="ptolemy.util.test.junit.AutoTests" name="[57] /home/travis/build/icyphy/ptII/ptolemy/domains/modal/test/auto/ErrorTransition8.xml (RunModel)" time="0.056" />
  <testcase classname="ptolemy.util.test.junit.AutoTests" name="[58] /home/travis/build/icyphy/ptII/ptolemy/domains/modal/test/auto/ErrorTransition9.xml (RunModel)" time="0.056" />
  <testcase classname="ptolemy.util.test.junit.AutoTests" name="[59] /home/travis/build/icyphy/ptII/ptolemy/domains/modal/test/auto/ExtendedFSM.xml (RunModel)" time="0.028" />
  <testcase classname="ptolemy.util.test.junit.AutoTests" name="[60] /home/travis/build/icyphy/ptII/ptolemy/domains/modal/test/auto/FinalStates.xml (RunModel)" time="0.025" />
  <testcase classname="ptolemy.util.test.junit.AutoTests" name="[61] /home/travis/build/icyphy/ptII/ptolemy/domains/modal/test/auto/FixedPointFSM.xml (RunModel)" time="0.05" />
  <testcase classname="ptolemy.util.test.junit.AutoTests" name="[62] /home/travis/build/icyphy/ptII/ptolemy/domains/modal/test/auto/FixedPointIterationFSMActor.xml (RunModel)" time="0.03" />
  <testcase classname="ptolemy.util.test.junit.AutoTests" name="[63] /home/travis/build/icyphy/ptII/ptolemy/domains/modal/test/auto/FixedPointIterationFSMActor2.xml (RunModel)" time="0.037" />
  <testcase classname="ptolemy.util.test.junit.AutoTests" name="[64] /home/travis/build/icyphy/ptII/ptolemy/domains/modal/test/auto/ForbiddenInstantanousLoop.xml (RunModel)" time="0.063" />
  <testcase classname="ptolemy.util.test.junit.AutoTests" name="[65] /home/travis/build/icyphy/ptII/ptolemy/domains/modal/test/auto/FunctionDependencyOfFSMActorTest.xml (RunModel)" time="0.034" />
  <testcase classname="ptolemy.util.test.junit.AutoTests" name="[66] /home/travis/build/icyphy/ptII/ptolemy/domains/modal/test/auto/GuardExpression.xml (RunModel)" time="0.019" />
  <testcase classname="ptolemy.util.test.junit.AutoTests" name="[67] /home/travis/build/icyphy/ptII/ptolemy/domains/modal/test/auto/GuardNotEvaluated.xml (RunModel)" time="0.032" />
  <testcase classname="ptolemy.util.test.junit.AutoTests" name="[68] /home/travis/build/icyphy/ptII/ptolemy/domains/modal/test/auto/GuardNotEvaluated2.xml (RunModel)" time="0.027" />
  <testcase classname="ptolemy.util.test.junit.AutoTests" name="[69] /home/travis/build/icyphy/ptII/ptolemy/domains/modal/test/auto/GuardOnAbsent.xml (RunModel)" time="0.023" />
  <testcase classname="ptolemy.util.test.junit.AutoTests" name="[70] /home/travis/build/icyphy/ptII/ptolemy/domains/modal/test/auto/HierarchicalFSMTypeInference.xml (RunModel)" time="0.034" />
  <testcase classname="ptolemy.util.test.junit.AutoTests" name="[71] /home/travis/build/icyphy/ptII/ptolemy/domains/modal/test/auto/Hysteresis.xml (RunModel)" time="0.047" />
  <testcase classname="ptolemy.util.test.junit.AutoTests" name="[72] /home/travis/build/icyphy/ptII/ptolemy/domains/modal/test/auto/HysteresisWithDefault.xml (RunModel)" time="0.08" />
  <testcase classname="ptolemy.util.test.junit.AutoTests" name="[73] /home/travis/build/icyphy/ptII/ptolemy/domains/modal/test/auto/HysteresisWithDefault2.xml (RunModel)" time="0.078" />
  <testcase classname="ptolemy.util.test.junit.AutoTests" name="[74] /home/travis/build/icyphy/ptII/ptolemy/domains/modal/test/auto/ImmediateNonConstructiveness.xml (RunModel)" time="0.036" />
  <testcase classname="ptolemy.util.test.junit.AutoTests" name="[75] /home/travis/build/icyphy/ptII/ptolemy/domains/modal/test/auto/ImmediateNonConstructiveness2.xml (RunModel)" time="0.018" />
  <testcase classname="ptolemy.util.test.junit.AutoTests" name="[76] /home/travis/build/icyphy/ptII/ptolemy/domains/modal/test/auto/ImmediateTransitionReset.xml (RunModel)" time="0.033" />
  <testcase classname="ptolemy.util.test.junit.AutoTests" name="[77] /home/travis/build/icyphy/ptII/ptolemy/domains/modal/test/auto/ImmediateTransitions1.xml (RunModel)" time="0.013" />
  <testcase classname="ptolemy.util.test.junit.AutoTests" name="[78] /home/travis/build/icyphy/ptII/ptolemy/domains/modal/test/auto/ImmediateTransitionsInstantaneousCommunication.xml (RunModel)" time="0.039" />
  <testcase classname="ptolemy.util.test.junit.AutoTests" name="[79] /home/travis/build/icyphy/ptII/ptolemy/domains/modal/test/auto/InitialImmediateTransition.xml (RunModel)" time="0.018" />
  <testcase classname="ptolemy.util.test.junit.AutoTests" name="[80] /home/travis/build/icyphy/ptII/ptolemy/domains/modal/test/auto/InitialOutputs.xml (RunModel)" time="0.018" />
  <testcase classname="ptolemy.util.test.junit.AutoTests" name="[81] /home/travis/build/icyphy/ptII/ptolemy/domains/modal/test/auto/InitialStateTransition1.xml (RunModel)" time="0.021" />
  <testcase classname="ptolemy.util.test.junit.AutoTests" name="[82] /home/travis/build/icyphy/ptII/ptolemy/domains/modal/test/auto/InitialStateTransition2.xml (RunModel)" time="0.023" />
  <testcase classname="ptolemy.util.test.junit.AutoTests" name="[83] /home/travis/build/icyphy/ptII/ptolemy/domains/modal/test/auto/InitialStateTransition3.xml (RunModel)" time="0.023" />
  <testcase classname="ptolemy.util.test.junit.AutoTests" name="[84] /home/travis/build/icyphy/ptII/ptolemy/domains/modal/test/auto/InitialStateTransition4.xml (RunModel)" time="0.025" />
  <testcase classname="ptolemy.util.test.junit.AutoTests" name="[85] /home/travis/build/icyphy/ptII/ptolemy/domains/modal/test/auto/MalformedGuardExpressionNotCaught.xml (RunModel)" time="0.022" />
  <testcase classname="ptolemy.util.test.junit.AutoTests" name="[86] /home/travis/build/icyphy/ptII/ptolemy/domains/modal/test/auto/ModalBSC.xml (RunModel)" time="0.103" />
  <testcase classname="ptolemy.util.test.junit.AutoTests" name="[87] /home/travis/build/icyphy/ptII/ptolemy/domains/modal/test/auto/ModalClocks.xml (RunModel)" time="0.138" />
  <testcase classname="ptolemy.util.test.junit.AutoTests" name="[88] /home/travis/build/icyphy/ptII/ptolemy/domains/modal/test/auto/ModalDelay.xml (RunModel)" time="0.071" />
  <testcase classname="ptolemy.util.test.junit.AutoTests" name="[89] /home/travis/build/icyphy/ptII/ptolemy/domains/modal/test/auto/ModalDelay2.xml (RunModel)" time="0.056" />
  <testcase classname="ptolemy.util.test.junit.AutoTests" name="[90] /home/travis/build/icyphy/ptII/ptolemy/domains/modal/test/auto/ModalModelFromMemo.xml (RunModel)" time="0.063" />
  <testcase classname="ptolemy.util.test.junit.AutoTests" name="[91] /home/travis/build/icyphy/ptII/ptolemy/domains/modal/test/auto/ModalModelWithMultirateTransient.xml (RunModel)" time="0.052" />
  <testcase classname="ptolemy.util.test.junit.AutoTests" name="[92] /home/travis/build/icyphy/ptII/ptolemy/domains/modal/test/auto/ModalModelWithReset.xml (RunModel)" time="0.053" />
  <testcase classname="ptolemy.util.test.junit.AutoTests" name="[93] /home/travis/build/icyphy/ptII/ptolemy/domains/modal/test/auto/MouseClickFSM.xml (RunModel)" time="0.046" />
  <testcase classname="ptolemy.util.test.junit.AutoTests" name="[94] /home/travis/build/icyphy/ptII/ptolemy/domains/modal/test/auto/MouseClickFSMModal.xml (RunModel)" time="0.036" />
  <testcase classname="ptolemy.util.test.junit.AutoTests" name="[95] /home/travis/build/icyphy/ptII/ptolemy/domains/modal/test/auto/NonStrictFSM_FeedbackLoop.xml (RunModel)" time="0.048" />
  <testcase classname="ptolemy.util.test.junit.AutoTests" name="[96] /home/travis/build/icyphy/ptII/ptolemy/domains/modal/test/auto/NonStrictFSM_FeedbackLoop_Refinement.xml (RunModel)" time="0.118" />
  <testcase classname="ptolemy.util.test.junit.AutoTests" name="[97] /home/travis/build/icyphy/ptII/ptolemy/domains/modal/test/auto/NonStrictFSM_FeedbackLoop_preemptive.xml (RunModel)" time="0.055" />
  <testcase classname="ptolemy.util.test.junit.AutoTests" name="[98] /home/travis/build/icyphy/ptII/ptolemy/domains/modal/test/auto/NormalTermination.xml (RunModel)" time="0.046" />
  <testcase classname="ptolemy.util.test.junit.AutoTests" name="[99] /home/travis/build/icyphy/ptII/ptolemy/domains/modal/test/auto/Pong.xml (RunModel)" time="0.082" />
  <testcase classname="ptolemy.util.test.junit.AutoTests" name="[100] /home/travis/build/icyphy/ptII/ptolemy/domains/modal/test/auto/Pong_test.xml (RunModel)" time="0.125" />
  <testcase classname="ptolemy.util.test.junit.AutoTests" name="[101] /home/travis/build/icyphy/ptII/ptolemy/domains/modal/test/auto/PreemptionHierarchy.xml (RunModel)" time="0.028" />
  <testcase classname="ptolemy.util.test.junit.AutoTests" name="[102] /home/travis/build/icyphy/ptII/ptolemy/domains/modal/test/auto/PreemptionHierarchy2.xml (RunModel)" time="0.034" />
  <testcase classname="ptolemy.util.test.junit.AutoTests" name="[103] /home/travis/build/icyphy/ptII/ptolemy/domains/modal/test/auto/PreemptiveTransition.xml (RunModel)" time="0.031" />
  <testcase classname="ptolemy.util.test.junit.AutoTests" name="[104] /home/travis/build/icyphy/ptII/ptolemy/domains/modal/test/auto/Priorities.xml (RunModel)" time="0.094" />
  <testcase classname="ptolemy.util.test.junit.AutoTests" name="[105] /home/travis/build/icyphy/ptII/ptolemy/domains/modal/test/auto/ResetFinal.xml (RunModel)" time="0.058" />
  <testcase classname="ptolemy.util.test.junit.AutoTests" name="[106] /home/travis/build/icyphy/ptII/ptolemy/domains/modal/test/auto/ResetFinal2.xml (RunModel)" time="0.04" />
  <testcase classname="ptolemy.util.test.junit.AutoTests" name="[107] /home/travis/build/icyphy/ptII/ptolemy/domains/modal/test/auto/ResetTransitionWithStartTime.xml (RunModel)" time="0.036" />
  <testcase classname="ptolemy.util.test.junit.AutoTests" name="[108] /home/travis/build/icyphy/ptII/ptolemy/domains/modal/test/auto/SDF-FSMComposite.xml (RunModel)" time="0.025" />
  <testcase classname="ptolemy.util.test.junit.AutoTests" name="[109] /home/travis/build/icyphy/ptII/ptolemy/domains/modal/test/auto/SeeminglyNondeterminate.xml (RunModel)" time="0.083" />
  <testcase classname="ptolemy.util.test.junit.AutoTests" name="[110] /home/travis/build/icyphy/ptII/ptolemy/domains/modal/test/auto/SeeminglyNondeterminate2.xml (RunModel)" time="0.088" />
  <testcase classname="ptolemy.util.test.junit.AutoTests" name="[111] /home/travis/build/icyphy/ptII/ptolemy/domains/modal/test/auto/SpontaneousFSM.xml (RunModel)" time="0.054" />
  <testcase classname="ptolemy.util.test.junit.AutoTests" name="[112] /home/travis/build/icyphy/ptII/ptolemy/domains/modal/test/auto/SpontaneousFSM2.xml (RunModel)" time="0.037" />
  <testcase classname="ptolemy.util.test.junit.AutoTests" name="[113] /home/travis/build/icyphy/ptII/ptolemy/domains/modal/test/auto/SpontaneousFSM3.xml (RunModel)" time="0.058" />
  <testcase classname="ptolemy.util.test.junit.AutoTests" name="[114] /home/travis/build/icyphy/ptII/ptolemy/domains/modal/test/auto/SpontaneousFSM4.xml (RunModel)" time="0.082" />
  <testcase classname="ptolemy.util.test.junit.AutoTests" name="[115] /home/travis/build/icyphy/ptII/ptolemy/domains/modal/test/auto/StateTrackerTest.xml (RunModel)" time="0.063" />
  <testcase classname="ptolemy.util.test.junit.AutoTests" name="[116] /home/travis/build/icyphy/ptII/ptolemy/domains/modal/test/auto/StrongImmediateTransition.xml (RunModel)" time="0.034" />
  <testcase classname="ptolemy.util.test.junit.AutoTests" name="[117] /home/travis/build/icyphy/ptII/ptolemy/domains/modal/test/auto/SustainHierarchy.xml (RunModel)" time="0.031" />
  <testcase classname="ptolemy.util.test.junit.AutoTests" name="[118] /home/travis/build/icyphy/ptII/ptolemy/domains/modal/test/auto/TerminationTransition1.xml (RunModel)" time="0.033" />
  <testcase classname="ptolemy.util.test.junit.AutoTests" name="[119] /home/travis/build/icyphy/ptII/ptolemy/domains/modal/test/auto/TerminationTransition2.xml (RunModel)" time="0.03" />
  <testcase classname="ptolemy.util.test.junit.AutoTests" name="[120] /home/travis/build/icyphy/ptII/ptolemy/domains/modal/test/auto/TerminationTransition3.xml (RunModel)" time="0.026" />
  <testcase classname="ptolemy.util.test.junit.AutoTests" name="[121] /home/travis/build/icyphy/ptII/ptolemy/domains/modal/test/auto/TerminationTransition4.xml (RunModel)" time="0.043" />
  <testcase classname="ptolemy.util.test.junit.AutoTests" name="[122] /home/travis/build/icyphy/ptII/ptolemy/domains/modal/test/auto/TerminationTransition5.xml (RunModel)" time="0.044" />
  <testcase classname="ptolemy.util.test.junit.AutoTests" name="[123] /home/travis/build/icyphy/ptII/ptolemy/domains/modal/test/auto/TerminationTransition6.xml (RunModel)" time="0.026" />
  <testcase classname="ptolemy.util.test.junit.AutoTests" name="[124] /home/travis/build/icyphy/ptII/ptolemy/domains/modal/test/auto/TerminationTransition7.xml (RunModel)" time="0.025" />
  <testcase classname="ptolemy.util.test.junit.AutoTests" name="[125] /home/travis/build/icyphy/ptII/ptolemy/domains/modal/test/auto/TerminationTransition8.xml (RunModel)" time="0.075" />
  <testcase classname="ptolemy.util.test.junit.AutoTests" name="[126] /home/travis/build/icyphy/ptII/ptolemy/domains/modal/test/auto/Thermostat_NoHysteresis.xml (RunModel)" time="0.126" />
  <testcase classname="ptolemy.util.test.junit.AutoTests" name="[127] /home/travis/build/icyphy/ptII/ptolemy/domains/modal/test/auto/TimedFSM.xml (RunModel)" time="0.055" />
  <testcase classname="ptolemy.util.test.junit.AutoTests" name="[128] /home/travis/build/icyphy/ptII/ptolemy/domains/modal/test/auto/Timeout1.xml (RunModel)" time="0.036" />
  <testcase classname="ptolemy.util.test.junit.AutoTests" name="[129] /home/travis/build/icyphy/ptII/ptolemy/domains/modal/test/auto/Timeout2.xml (RunModel)" time="0.035" />
  <testcase classname="ptolemy.util.test.junit.AutoTests" name="[130] /home/travis/build/icyphy/ptII/ptolemy/domains/modal/test/auto/Timeout3.xml (RunModel)" time="0.02" />
  <testcase classname="ptolemy.util.test.junit.AutoTests" name="[131] /home/travis/build/icyphy/ptII/ptolemy/domains/modal/test/auto/Timeout4.xml (RunModel)" time="0.021" />
  <testcase classname="ptolemy.util.test.junit.AutoTests" name="[132] /home/travis/build/icyphy/ptII/ptolemy/domains/modal/test/auto/TransientstateModelAdvanced.xml (RunModel)" time="0.049" />
  <testcase classname="ptolemy.util.test.junit.AutoTests" name="[133] /home/travis/build/icyphy/ptII/ptolemy/domains/modal/test/auto/TransientstateModelAdvanced2.xml (RunModel)" time="0.055" />
  <testcase classname="ptolemy.util.test.junit.AutoTests" name="[134] /home/travis/build/icyphy/ptII/ptolemy/domains/modal/test/auto/TransitionRefinements.xml (RunModel)" time="0.043" />
  <testcase classname="ptolemy.util.test.junit.AutoTests" name="[135] /home/travis/build/icyphy/ptII/ptolemy/domains/modal/test/auto/TwoRefinements1.xml (RunModel)" time="0.039" />
  <testcase classname="ptolemy.util.test.junit.AutoTests" name="[136] /home/travis/build/icyphy/ptII/ptolemy/domains/modal/test/auto/TwoRefinements2.xml (RunModel)" time="0.038" />
  <testcase classname="ptolemy.util.test.junit.AutoTests" name="[137] /home/travis/build/icyphy/ptII/ptolemy/domains/modal/test/auto/WeakImmediateTransition.xml (RunModel)" time="0.036" />
  <testcase classname="ptolemy.util.test.junit.AutoTests" name="[138] /home/travis/build/icyphy/ptII/ptolemy/domains/modal/test/auto/booleanSelect.xml (RunModel)" time="0.072" />
  <testcase classname="ptolemy.util.test.junit.AutoTests" name="[139] /home/travis/build/icyphy/ptII/ptolemy/domains/modal/test/auto/modalChangingParams.xml (RunModel)" time="0.353" />
  <testcase classname="ptolemy.util.test.junit.AutoTests" name="[140] /home/travis/build/icyphy/ptII/ptolemy/domains/modal/test/auto/modalModel.xml (RunModel)" time="0.035" />
  <testcase classname="ptolemy.util.test.junit.AutoTests" name="[141] /home/travis/build/icyphy/ptII/ptolemy/domains/modal/test/auto/modalModel2.xml (RunModel)" time="0.043" />
  <testcase classname="ptolemy.util.test.junit.AutoTests" name="[142] /home/travis/build/icyphy/ptII/ptolemy/domains/modal/test/auto/modalModel3.xml (RunModel)" time="0.046" />
  <testcase classname="ptolemy.util.test.junit.AutoTests" name="[143] /home/travis/build/icyphy/ptII/ptolemy/domains/modal/test/auto/model1.xml (RunModel)" time="0.027" />
  <testcase classname="ptolemy.util.test.junit.AutoTests" name="[144] /home/travis/build/icyphy/ptII/ptolemy/domains/modal/test/auto/test-direct-in-out.xml (RunModel)" time="0.026" />
  <system-out><![CDATA[/home/travis/build/icyphy/ptII/ptolemy/domains/modal/test/SystemLevelType.tcl
testDefs.tcl: setting time out to 9000 seconds at Sat Sep 28 05:49:24 UTC 2019
09/28/19 05:49:27
Failed: 0  Total Tests: 1  ((Passed: 1, Newly Passed: 0)  Known Failed: 0) /home/travis/build/icyphy/ptII/ptolemy/domains/modal/test
----------------- testing (KnownFailure) /home/travis/build/icyphy/ptII/ptolemy/domains/modal/test/auto/knownFailedTests/CannotAnalysisWithPreemption.xml
158 ms. Memory: 120832K Free: 44560K (37%)
Known Failure: java.lang.reflect.InvocationTargetException
No auto/linux-amd64/*.xml tests in /home/travis/build/icyphy/ptII/ptolemy/domains/modal/test
AutoTests.java: About to close Vertx.
AutoTests.java: Vertx closed.

===========================================================================================
----------------- testing Sat Sep 28 05:49:27 UTC 2019 /home/travis/build/icyphy/ptII/ptolemy/domains/modal/test/auto/ABPTest.xml
----------------- Instantiating /home/travis/build/icyphy/ptII/ptolemy/domains/modal/test/auto/ABPTest.xml
305 ms. Memory: 146432K Free: 97932K (67%)
----------------- Invoking toplevel() on ptolemy.moml.MoMLSimpleApplication@6868c9e6
----------------- Done invoking toplevel() on ptolemy.moml.MoMLSimpleApplication@6868c9e6
reloadAllAccessors: .ABPTest

===========================================================================================
----------------- testing Sat Sep 28 05:49:28 UTC 2019 /home/travis/build/icyphy/ptII/ptolemy/domains/modal/test/auto/ABROFlat.xml
----------------- Instantiating /home/travis/build/icyphy/ptII/ptolemy/domains/modal/test/auto/ABROFlat.xml
31 ms. Memory: 146432K Free: 82788K (57%)
----------------- Invoking toplevel() on ptolemy.moml.MoMLSimpleApplication@1cb19092
----------------- Done invoking toplevel() on ptolemy.moml.MoMLSimpleApplication@1cb19092
reloadAllAccessors: .ABROFlat

===========================================================================================
----------------- testing Sat Sep 28 05:49:28 UTC 2019 /home/travis/build/icyphy/ptII/ptolemy/domains/modal/test/auto/ABROFlat2.xml
----------------- Instantiating /home/travis/build/icyphy/ptII/ptolemy/domains/modal/test/auto/ABROFlat2.xml
29 ms. Memory: 146432K Free: 65928K (45%)
----------------- Invoking toplevel() on ptolemy.moml.MoMLSimpleApplication@3ee6b23e
----------------- Done invoking toplevel() on ptolemy.moml.MoMLSimpleApplication@3ee6b23e
reloadAllAccessors: .ABROFlat2

===========================================================================================
----------------- testing Sat Sep 28 05:49:28 UTC 2019 /home/travis/build/icyphy/ptII/ptolemy/domains/modal/test/auto/ABRO_present_hmm.xml
----------------- Instantiating /home/travis/build/icyphy/ptII/ptolemy/domains/modal/test/auto/ABRO_present_hmm.xml
39 ms. Memory: 146432K Free: 114689K (78%)
----------------- Invoking toplevel() on ptolemy.moml.MoMLSimpleApplication@5713316e
----------------- Done invoking toplevel() on ptolemy.moml.MoMLSimpleApplication@5713316e
reloadAllAccessors: .ABRO_present_hmm

===========================================================================================
----------------- testing Sat Sep 28 05:49:28 UTC 2019 /home/travis/build/icyphy/ptII/ptolemy/domains/modal/test/auto/AMICoderExample.xml
----------------- Instantiating /home/travis/build/icyphy/ptII/ptolemy/domains/modal/test/auto/AMICoderExample.xml
50 ms. Memory: 146432K Free: 104613K (71%)
----------------- Invoking toplevel() on ptolemy.moml.MoMLSimpleApplication@765b3f75
----------------- Done invoking toplevel() on ptolemy.moml.MoMLSimpleApplication@765b3f75
reloadAllAccessors: .AMICoderExample

===========================================================================================
----------------- testing Sat Sep 28 05:49:28 UTC 2019 /home/travis/build/icyphy/ptII/ptolemy/domains/modal/test/auto/AbsentToPresent.xml
----------------- Instantiating /home/travis/build/icyphy/ptII/ptolemy/domains/modal/test/auto/AbsentToPresent.xml
7 ms. Memory: 146432K Free: 99927K (68%)
----------------- Invoking toplevel() on ptolemy.moml.MoMLSimpleApplication@19601084
----------------- Done invoking toplevel() on ptolemy.moml.MoMLSimpleApplication@19601084
reloadAllAccessors: .AbsentToPresent

===========================================================================================
----------------- testing Sat Sep 28 05:49:28 UTC 2019 /home/travis/build/icyphy/ptII/ptolemy/domains/modal/test/auto/Blending.xml
----------------- Instantiating /home/travis/build/icyphy/ptII/ptolemy/domains/modal/test/auto/Blending.xml
95 ms. Memory: 146432K Free: 54885K (37%)
----------------- Invoking toplevel() on ptolemy.moml.MoMLSimpleApplication@54180e95
----------------- Done invoking toplevel() on ptolemy.moml.MoMLSimpleApplication@54180e95
reloadAllAccessors: .Blending

===========================================================================================
----------------- testing Sat Sep 28 05:49:29 UTC 2019 /home/travis/build/icyphy/ptII/ptolemy/domains/modal/test/auto/Broadcast.xml
----------------- Instantiating /home/travis/build/icyphy/ptII/ptolemy/domains/modal/test/auto/Broadcast.xml
16 ms. Memory: 176128K Free: 157383K (89%)
----------------- Invoking toplevel() on ptolemy.moml.MoMLSimpleApplication@9bdd469
----------------- Done invoking toplevel() on ptolemy.moml.MoMLSimpleApplication@9bdd469
reloadAllAccessors: .Broadcast

===========================================================================================
----------------- testing Sat Sep 28 05:49:29 UTC 2019 /home/travis/build/icyphy/ptII/ptolemy/domains/modal/test/auto/BroadcastHierarchy.xml
----------------- Instantiating /home/travis/build/icyphy/ptII/ptolemy/domains/modal/test/auto/BroadcastHierarchy.xml
9 ms. Memory: 176128K Free: 143334K (81%)
----------------- Invoking toplevel() on ptolemy.moml.MoMLSimpleApplication@1a47a162
----------------- Done invoking toplevel() on ptolemy.moml.MoMLSimpleApplication@1a47a162
reloadAllAccessors: .BroadcastHierarchy

===========================================================================================
----------------- testing Sat Sep 28 05:49:29 UTC 2019 /home/travis/build/icyphy/ptII/ptolemy/domains/modal/test/auto/BroadcastHierarchy2.xml
----------------- Instantiating /home/travis/build/icyphy/ptII/ptolemy/domains/modal/test/auto/BroadcastHierarchy2.xml
16 ms. Memory: 176128K Free: 116228K (66%)
----------------- Invoking toplevel() on ptolemy.moml.MoMLSimpleApplication@11cab53f
----------------- Done invoking toplevel() on ptolemy.moml.MoMLSimpleApplication@11cab53f
reloadAllAccessors: .BroadcastHierarchy2

===========================================================================================
----------------- testing Sat Sep 28 05:49:29 UTC 2019 /home/travis/build/icyphy/ptII/ptolemy/domains/modal/test/auto/BroadcastHierarchy3.xml
----------------- Instantiating /home/travis/build/icyphy/ptII/ptolemy/domains/modal/test/auto/BroadcastHierarchy3.xml
26 ms. Memory: 176128K Free: 95745K (54%)
----------------- Invoking toplevel() on ptolemy.moml.MoMLSimpleApplication@5e0d4b63
----------------- Done invoking toplevel() on ptolemy.moml.MoMLSimpleApplication@5e0d4b63
reloadAllAccessors: .BroadcastHierarchy3

===========================================================================================
----------------- testing Sat Sep 28 05:49:29 UTC 2019 /home/travis/build/icyphy/ptII/ptolemy/domains/modal/test/auto/BroadcastHierarchy4.xml
----------------- Instantiating /home/travis/build/icyphy/ptII/ptolemy/domains/modal/test/auto/BroadcastHierarchy4.xml
29 ms. Memory: 176128K Free: 71172K (40%)
----------------- Invoking toplevel() on ptolemy.moml.MoMLSimpleApplication@19729896
----------------- Done invoking toplevel() on ptolemy.moml.MoMLSimpleApplication@19729896
reloadAllAccessors: .BroadcastHierarchy4

===========================================================================================
----------------- testing Sat Sep 28 05:49:29 UTC 2019 /home/travis/build/icyphy/ptII/ptolemy/domains/modal/test/auto/CannotAnalysisWithPreemption2.xml
----------------- Instantiating /home/travis/build/icyphy/ptII/ptolemy/domains/modal/test/auto/CannotAnalysisWithPreemption2.xml
9 ms. Memory: 176128K Free: 64500K (37%)
----------------- Invoking toplevel() on ptolemy.moml.MoMLSimpleApplication@1dec399a
----------------- Done invoking toplevel() on ptolemy.moml.MoMLSimpleApplication@1dec399a
reloadAllAccessors: .CannotAnalysisWithPreemption2

===========================================================================================
----------------- testing Sat Sep 28 05:49:29 UTC 2019 /home/travis/build/icyphy/ptII/ptolemy/domains/modal/test/auto/CannotAnalysisWithPreemption3.xml
----------------- Instantiating /home/travis/build/icyphy/ptII/ptolemy/domains/modal/test/auto/CannotAnalysisWithPreemption3.xml
8 ms. Memory: 176128K Free: 156649K (89%)
----------------- Invoking toplevel() on ptolemy.moml.MoMLSimpleApplication@3adbbaea
----------------- Done invoking toplevel() on ptolemy.moml.MoMLSimpleApplication@3adbbaea
reloadAllAccessors: .CannotAnalysisWithPreemption3

===========================================================================================
----------------- testing Sat Sep 28 05:49:29 UTC 2019 /home/travis/build/icyphy/ptII/ptolemy/domains/modal/test/auto/CannotProduce.xml
----------------- Instantiating /home/travis/build/icyphy/ptII/ptolemy/domains/modal/test/auto/CannotProduce.xml
17 ms. Memory: 176128K Free: 149503K (85%)
----------------- Invoking toplevel() on ptolemy.moml.MoMLSimpleApplication@3897bd96
----------------- Done invoking toplevel() on ptolemy.moml.MoMLSimpleApplication@3897bd96
reloadAllAccessors: .CannotProduce

===========================================================================================
----------------- testing Sat Sep 28 05:49:29 UTC 2019 /home/travis/build/icyphy/ptII/ptolemy/domains/modal/test/auto/CannotProduceModal.xml
----------------- Instantiating /home/travis/build/icyphy/ptII/ptolemy/domains/modal/test/auto/CannotProduceModal.xml
10 ms. Memory: 176128K Free: 142849K (81%)
----------------- Invoking toplevel() on ptolemy.moml.MoMLSimpleApplication@3a9deeb8
----------------- Done invoking toplevel() on ptolemy.moml.MoMLSimpleApplication@3a9deeb8
reloadAllAccessors: .CannotProduceModal

===========================================================================================
----------------- testing Sat Sep 28 05:49:29 UTC 2019 /home/travis/build/icyphy/ptII/ptolemy/domains/modal/test/auto/Case.xml
----------------- Instantiating /home/travis/build/icyphy/ptII/ptolemy/domains/modal/test/auto/Case.xml
44 ms. Memory: 176128K Free: 131585K (75%)
----------------- Invoking toplevel() on ptolemy.moml.MoMLSimpleApplication@250d9491
----------------- Done invoking toplevel() on ptolemy.moml.MoMLSimpleApplication@250d9491
reloadAllAccessors: .Case

===========================================================================================
----------------- testing Sat Sep 28 05:49:29 UTC 2019 /home/travis/build/icyphy/ptII/ptolemy/domains/modal/test/auto/Case1.xml
----------------- Instantiating /home/travis/build/icyphy/ptII/ptolemy/domains/modal/test/auto/Case1.xml
9 ms. Memory: 176128K Free: 124417K (71%)
----------------- Invoking toplevel() on ptolemy.moml.MoMLSimpleApplication@2b62ff25
----------------- Done invoking toplevel() on ptolemy.moml.MoMLSimpleApplication@2b62ff25
reloadAllAccessors: .Case1

===========================================================================================
----------------- testing Sat Sep 28 05:49:29 UTC 2019 /home/travis/build/icyphy/ptII/ptolemy/domains/modal/test/auto/Case2.xml
----------------- Instantiating /home/travis/build/icyphy/ptII/ptolemy/domains/modal/test/auto/Case2.xml
37 ms. Memory: 176128K Free: 113153K (64%)
----------------- Invoking toplevel() on ptolemy.moml.MoMLSimpleApplication@24a1016a
----------------- Done invoking toplevel() on ptolemy.moml.MoMLSimpleApplication@24a1016a
reloadAllAccessors: .Case2

===========================================================================================
----------------- testing Sat Sep 28 05:49:30 UTC 2019 /home/travis/build/icyphy/ptII/ptolemy/domains/modal/test/auto/CausalityInterface1.xml
----------------- Instantiating /home/travis/build/icyphy/ptII/ptolemy/domains/modal/test/auto/CausalityInterface1.xml
6 ms. Memory: 176128K Free: 108033K (61%)
----------------- Invoking toplevel() on ptolemy.moml.MoMLSimpleApplication@568ce39
----------------- Done invoking toplevel() on ptolemy.moml.MoMLSimpleApplication@568ce39
reloadAllAccessors: .CausalityInterface1

===========================================================================================
----------------- testing Sat Sep 28 05:49:30 UTC 2019 /home/travis/build/icyphy/ptII/ptolemy/domains/modal/test/auto/CausalityInterface10.xml
----------------- Instantiating /home/travis/build/icyphy/ptII/ptolemy/domains/modal/test/auto/CausalityInterface10.xml
17 ms. Memory: 176128K Free: 94721K (54%)
----------------- Invoking toplevel() on ptolemy.moml.MoMLSimpleApplication@e4154af
----------------- Done invoking toplevel() on ptolemy.moml.MoMLSimpleApplication@e4154af
reloadAllAccessors: .CausalityInterface10

===========================================================================================
----------------- testing Sat Sep 28 05:49:30 UTC 2019 /home/travis/build/icyphy/ptII/ptolemy/domains/modal/test/auto/CausalityInterface11.xml
----------------- Instantiating /home/travis/build/icyphy/ptII/ptolemy/domains/modal/test/auto/CausalityInterface11.xml
14 ms. Memory: 176128K Free: 81409K (46%)
----------------- Invoking toplevel() on ptolemy.moml.MoMLSimpleApplication@17d0df5b
----------------- Done invoking toplevel() on ptolemy.moml.MoMLSimpleApplication@17d0df5b
reloadAllAccessors: .CausalityInterface11

===========================================================================================
----------------- testing Sat Sep 28 05:49:30 UTC 2019 /home/travis/build/icyphy/ptII/ptolemy/domains/modal/test/auto/CausalityInterface12.xml
----------------- Instantiating /home/travis/build/icyphy/ptII/ptolemy/domains/modal/test/auto/CausalityInterface12.xml
9 ms. Memory: 176128K Free: 68097K (39%)
----------------- Invoking toplevel() on ptolemy.moml.MoMLSimpleApplication@521478fa
----------------- Done invoking toplevel() on ptolemy.moml.MoMLSimpleApplication@521478fa
reloadAllAccessors: .CausalityInterface12

===========================================================================================
----------------- testing Sat Sep 28 05:49:30 UTC 2019 /home/travis/build/icyphy/ptII/ptolemy/domains/modal/test/auto/CausalityInterface13.xml
----------------- Instantiating /home/travis/build/icyphy/ptII/ptolemy/domains/modal/test/auto/CausalityInterface13.xml
7 ms. Memory: 176128K Free: 155632K (88%)
----------------- Invoking toplevel() on ptolemy.moml.MoMLSimpleApplication@2463fe25
----------------- Done invoking toplevel() on ptolemy.moml.MoMLSimpleApplication@2463fe25
reloadAllAccessors: .CausalityInterface13

===========================================================================================
----------------- testing Sat Sep 28 05:49:30 UTC 2019 /home/travis/build/icyphy/ptII/ptolemy/domains/modal/test/auto/CausalityInterface14.xml
----------------- Instantiating /home/travis/build/icyphy/ptII/ptolemy/domains/modal/test/auto/CausalityInterface14.xml
13 ms. Memory: 176128K Free: 141825K (81%)
----------------- Invoking toplevel() on ptolemy.moml.MoMLSimpleApplication@150773a2
----------------- Done invoking toplevel() on ptolemy.moml.MoMLSimpleApplication@150773a2
reloadAllAccessors: .CausalityInterface14

===========================================================================================
----------------- testing Sat Sep 28 05:49:30 UTC 2019 /home/travis/build/icyphy/ptII/ptolemy/domains/modal/test/auto/CausalityInterface2.xml
----------------- Instantiating /home/travis/build/icyphy/ptII/ptolemy/domains/modal/test/auto/CausalityInterface2.xml
4 ms. Memory: 176128K Free: 135152K (77%)
----------------- Invoking toplevel() on ptolemy.moml.MoMLSimpleApplication@145813fa
----------------- Done invoking toplevel() on ptolemy.moml.MoMLSimpleApplication@145813fa
reloadAllAccessors: .CausalityInterface2

===========================================================================================
----------------- testing Sat Sep 28 05:49:30 UTC 2019 /home/travis/build/icyphy/ptII/ptolemy/domains/modal/test/auto/CausalityInterface3.xml
----------------- Instantiating /home/travis/build/icyphy/ptII/ptolemy/domains/modal/test/auto/CausalityInterface3.xml
4 ms. Memory: 176128K Free: 129016K (73%)
----------------- Invoking toplevel() on ptolemy.moml.MoMLSimpleApplication@59ca5fb1
----------------- Done invoking toplevel() on ptolemy.moml.MoMLSimpleApplication@59ca5fb1
reloadAllAccessors: .CausalityInterface3

===========================================================================================
----------------- testing Sat Sep 28 05:49:30 UTC 2019 /home/travis/build/icyphy/ptII/ptolemy/domains/modal/test/auto/CausalityInterface4.xml
----------------- Instantiating /home/travis/build/icyphy/ptII/ptolemy/domains/modal/test/auto/CausalityInterface4.xml
3 ms. Memory: 176128K Free: 122369K (69%)
----------------- Invoking toplevel() on ptolemy.moml.MoMLSimpleApplication@4605ce54
----------------- Done invoking toplevel() on ptolemy.moml.MoMLSimpleApplication@4605ce54
reloadAllAccessors: .CausalityInterface4

===========================================================================================
----------------- testing Sat Sep 28 05:49:30 UTC 2019 /home/travis/build/icyphy/ptII/ptolemy/domains/modal/test/auto/CausalityInterface5.xml
----------------- Instantiating /home/travis/build/icyphy/ptII/ptolemy/domains/modal/test/auto/CausalityInterface5.xml
6 ms. Memory: 176128K Free: 113648K (65%)
----------------- Invoking toplevel() on ptolemy.moml.MoMLSimpleApplication@1f607b55
----------------- Done invoking toplevel() on ptolemy.moml.MoMLSimpleApplication@1f607b55
reloadAllAccessors: .CausalityInterface5

===========================================================================================
----------------- testing Sat Sep 28 05:49:30 UTC 2019 /home/travis/build/icyphy/ptII/ptolemy/domains/modal/test/auto/CausalityInterface6.xml
----------------- Instantiating /home/travis/build/icyphy/ptII/ptolemy/domains/modal/test/auto/CausalityInterface6.xml
5 ms. Memory: 176128K Free: 105456K (60%)
----------------- Invoking toplevel() on ptolemy.moml.MoMLSimpleApplication@4ba0f0a7
----------------- Done invoking toplevel() on ptolemy.moml.MoMLSimpleApplication@4ba0f0a7
reloadAllAccessors: .CausalityInterface6

===========================================================================================
----------------- testing Sat Sep 28 05:49:30 UTC 2019 /home/travis/build/icyphy/ptII/ptolemy/domains/modal/test/auto/CausalityInterface7.xml
----------------- Instantiating /home/travis/build/icyphy/ptII/ptolemy/domains/modal/test/auto/CausalityInterface7.xml
4 ms. Memory: 176128K Free: 97264K (55%)
----------------- Invoking toplevel() on ptolemy.moml.MoMLSimpleApplication@c24f507
----------------- Done invoking toplevel() on ptolemy.moml.MoMLSimpleApplication@c24f507
reloadAllAccessors: .CausalityInterface7

===========================================================================================
----------------- testing Sat Sep 28 05:49:30 UTC 2019 /home/travis/build/icyphy/ptII/ptolemy/domains/modal/test/auto/CausalityInterface8.xml
----------------- Instantiating /home/travis/build/icyphy/ptII/ptolemy/domains/modal/test/auto/CausalityInterface8.xml
4 ms. Memory: 176128K Free: 88577K (50%)
----------------- Invoking toplevel() on ptolemy.moml.MoMLSimpleApplication@12a33e6b
----------------- Done invoking toplevel() on ptolemy.moml.MoMLSimpleApplication@12a33e6b
reloadAllAccessors: .CausalityInterface8

===========================================================================================
----------------- testing Sat Sep 28 05:49:30 UTC 2019 /home/travis/build/icyphy/ptII/ptolemy/domains/modal/test/auto/CausalityInterface9.xml
----------------- Instantiating /home/travis/build/icyphy/ptII/ptolemy/domains/modal/test/auto/CausalityInterface9.xml
9 ms. Memory: 176128K Free: 79361K (45%)
----------------- Invoking toplevel() on ptolemy.moml.MoMLSimpleApplication@19737736
----------------- Done invoking toplevel() on ptolemy.moml.MoMLSimpleApplication@19737736
reloadAllAccessors: .CausalityInterface9

===========================================================================================
----------------- testing Sat Sep 28 05:49:30 UTC 2019 /home/travis/build/icyphy/ptII/ptolemy/domains/modal/test/auto/ChainedTransitions.xml
----------------- Instantiating /home/travis/build/icyphy/ptII/ptolemy/domains/modal/test/auto/ChainedTransitions.xml
129 ms. Memory: 176128K Free: 155474K (88%)
----------------- Invoking toplevel() on ptolemy.moml.MoMLSimpleApplication@6ce96987
----------------- Done invoking toplevel() on ptolemy.moml.MoMLSimpleApplication@6ce96987
reloadAllAccessors: .ChainedTransitions

===========================================================================================
----------------- testing Sat Sep 28 05:49:30 UTC 2019 /home/travis/build/icyphy/ptII/ptolemy/domains/modal/test/auto/CycleOfImmediateTransitionsFSM.xml
----------------- Instantiating /home/travis/build/icyphy/ptII/ptolemy/domains/modal/test/auto/CycleOfImmediateTransitionsFSM.xml
2 ms. Memory: 176128K Free: 148993K (85%)
----------------- Invoking toplevel() on ptolemy.moml.MoMLSimpleApplication@314d2f3f
----------------- Done invoking toplevel() on ptolemy.moml.MoMLSimpleApplication@314d2f3f
reloadAllAccessors: .CycleOfImmediateTransitionsFSM

===========================================================================================
----------------- testing Sat Sep 28 05:49:30 UTC 2019 /home/travis/build/icyphy/ptII/ptolemy/domains/modal/test/auto/CycleOfImmediateTransitionsModal.xml
----------------- Instantiating /home/travis/build/icyphy/ptII/ptolemy/domains/modal/test/auto/CycleOfImmediateTransitionsModal.xml
4 ms. Memory: 176128K Free: 142849K (81%)
----------------- Invoking toplevel() on ptolemy.moml.MoMLSimpleApplication@55f7facc
----------------- Done invoking toplevel() on ptolemy.moml.MoMLSimpleApplication@55f7facc
reloadAllAccessors: .CycleOfImmediateTransitionsModal

===========================================================================================
----------------- testing Sat Sep 28 05:49:30 UTC 2019 /home/travis/build/icyphy/ptII/ptolemy/domains/modal/test/auto/CycleOfImmediateTransitionsModal2.xml
----------------- Instantiating /home/travis/build/icyphy/ptII/ptolemy/domains/modal/test/auto/CycleOfImmediateTransitionsModal2.xml
6 ms. Memory: 176128K Free: 136705K (78%)
----------------- Invoking toplevel() on ptolemy.moml.MoMLSimpleApplication@1ba9462d
----------------- Done invoking toplevel() on ptolemy.moml.MoMLSimpleApplication@1ba9462d
reloadAllAccessors: .CycleOfImmediateTransitionsModal2

===========================================================================================
----------------- testing Sat Sep 28 05:49:31 UTC 2019 /home/travis/build/icyphy/ptII/ptolemy/domains/modal/test/auto/CycleOfImmediateTransitionsModal3.xml
----------------- Instantiating /home/travis/build/icyphy/ptII/ptolemy/domains/modal/test/auto/CycleOfImmediateTransitionsModal3.xml
16 ms. Memory: 176128K Free: 114177K (65%)
----------------- Invoking toplevel() on ptolemy.moml.MoMLSimpleApplication@5cb3adec
----------------- Done invoking toplevel() on ptolemy.moml.MoMLSimpleApplication@5cb3adec
reloadAllAccessors: .CycleOfImmediateTransitionsModal3

===========================================================================================
----------------- testing Sat Sep 28 05:49:31 UTC 2019 /home/travis/build/icyphy/ptII/ptolemy/domains/modal/test/auto/DeepModal1.xml
----------------- Instantiating /home/travis/build/icyphy/ptII/ptolemy/domains/modal/test/auto/DeepModal1.xml
29 ms. Memory: 176128K Free: 100326K (57%)
----------------- Invoking toplevel() on ptolemy.moml.MoMLSimpleApplication@7a6f27d
----------------- Done invoking toplevel() on ptolemy.moml.MoMLSimpleApplication@7a6f27d
reloadAllAccessors: .DeepModal1

===========================================================================================
----------------- testing Sat Sep 28 05:49:31 UTC 2019 /home/travis/build/icyphy/ptII/ptolemy/domains/modal/test/auto/DeepModal2.xml
----------------- Instantiating /home/travis/build/icyphy/ptII/ptolemy/domains/modal/test/auto/DeepModal2.xml
30 ms. Memory: 176128K Free: 81919K (47%)
----------------- Invoking toplevel() on ptolemy.moml.MoMLSimpleApplication@2da8bb2a
----------------- Done invoking toplevel() on ptolemy.moml.MoMLSimpleApplication@2da8bb2a
reloadAllAccessors: .DeepModal2

===========================================================================================
----------------- testing Sat Sep 28 05:49:31 UTC 2019 /home/travis/build/icyphy/ptII/ptolemy/domains/modal/test/auto/DeepModal3.xml
----------------- Instantiating /home/travis/build/icyphy/ptII/ptolemy/domains/modal/test/auto/DeepModal3.xml
36 ms. Memory: 176128K Free: 62467K (35%)
----------------- Invoking toplevel() on ptolemy.moml.MoMLSimpleApplication@5a09a373
----------------- Done invoking toplevel() on ptolemy.moml.MoMLSimpleApplication@5a09a373
reloadAllAccessors: .DeepModal3

===========================================================================================
----------------- testing Sat Sep 28 05:49:31 UTC 2019 /home/travis/build/icyphy/ptII/ptolemy/domains/modal/test/auto/DeepModal4.xml
----------------- Instantiating /home/travis/build/icyphy/ptII/ptolemy/domains/modal/test/auto/DeepModal4.xml
41 ms. Memory: 212992K Free: 180850K (85%)
----------------- Invoking toplevel() on ptolemy.moml.MoMLSimpleApplication@c666ed0
----------------- Done invoking toplevel() on ptolemy.moml.MoMLSimpleApplication@c666ed0
reloadAllAccessors: .DeepModal4

===========================================================================================
----------------- testing Sat Sep 28 05:49:31 UTC 2019 /home/travis/build/icyphy/ptII/ptolemy/domains/modal/test/auto/Default1.xml
----------------- Instantiating /home/travis/build/icyphy/ptII/ptolemy/domains/modal/test/auto/Default1.xml
3 ms. Memory: 212992K Free: 174706K (82%)
----------------- Invoking toplevel() on ptolemy.moml.MoMLSimpleApplication@3ed1cfbf
----------------- Done invoking toplevel() on ptolemy.moml.MoMLSimpleApplication@3ed1cfbf
reloadAllAccessors: .Default1

===========================================================================================
----------------- testing Sat Sep 28 05:49:31 UTC 2019 /home/travis/build/icyphy/ptII/ptolemy/domains/modal/test/auto/Default2.xml
----------------- Instantiating /home/travis/build/icyphy/ptII/ptolemy/domains/modal/test/auto/Default2.xml
9 ms. Memory: 212992K Free: 169076K (79%)
----------------- Invoking toplevel() on ptolemy.moml.MoMLSimpleApplication@444f0ba
----------------- Done invoking toplevel() on ptolemy.moml.MoMLSimpleApplication@444f0ba
reloadAllAccessors: .Default2

===========================================================================================
----------------- testing Sat Sep 28 05:49:31 UTC 2019 /home/travis/build/icyphy/ptII/ptolemy/domains/modal/test/auto/Default3.xml
----------------- Instantiating /home/travis/build/icyphy/ptII/ptolemy/domains/modal/test/auto/Default3.xml
7 ms. Memory: 212992K Free: 162418K (76%)
----------------- Invoking toplevel() on ptolemy.moml.MoMLSimpleApplication@67df2e93
----------------- Done invoking toplevel() on ptolemy.moml.MoMLSimpleApplication@67df2e93
reloadAllAccessors: .Default3

===========================================================================================
----------------- testing Sat Sep 28 05:49:31 UTC 2019 /home/travis/build/icyphy/ptII/ptolemy/domains/modal/test/auto/Default4.xml
----------------- Instantiating /home/travis/build/icyphy/ptII/ptolemy/domains/modal/test/auto/Default4.xml
6 ms. Memory: 212992K Free: 156274K (73%)
----------------- Invoking toplevel() on ptolemy.moml.MoMLSimpleApplication@29168429
----------------- Done invoking toplevel() on ptolemy.moml.MoMLSimpleApplication@29168429
reloadAllAccessors: .Default4

===========================================================================================
----------------- testing Sat Sep 28 05:49:31 UTC 2019 /home/travis/build/icyphy/ptII/ptolemy/domains/modal/test/auto/Default5.xml
----------------- Instantiating /home/travis/build/icyphy/ptII/ptolemy/domains/modal/test/auto/Default5.xml
9 ms. Memory: 212992K Free: 147572K (69%)
----------------- Invoking toplevel() on ptolemy.moml.MoMLSimpleApplication@1459f7e4
----------------- Done invoking toplevel() on ptolemy.moml.MoMLSimpleApplication@1459f7e4
reloadAllAccessors: .Default5

===========================================================================================
----------------- testing Sat Sep 28 05:49:31 UTC 2019 /home/travis/build/icyphy/ptII/ptolemy/domains/modal/test/auto/EmptyGuard.xml
----------------- Instantiating /home/travis/build/icyphy/ptII/ptolemy/domains/modal/test/auto/EmptyGuard.xml
18 ms. Memory: 212992K Free: 139380K (65%)
----------------- Invoking toplevel() on ptolemy.moml.MoMLSimpleApplication@16b93416
----------------- Done invoking toplevel() on ptolemy.moml.MoMLSimpleApplication@16b93416
reloadAllAccessors: .EmptyGuard

===========================================================================================
----------------- testing Sat Sep 28 05:49:31 UTC 2019 /home/travis/build/icyphy/ptII/ptolemy/domains/modal/test/auto/ErrorTransition1.xml
----------------- Instantiating /home/travis/build/icyphy/ptII/ptolemy/domains/modal/test/auto/ErrorTransition1.xml
12 ms. Memory: 212992K Free: 130667K (61%)
----------------- Invoking toplevel() on ptolemy.moml.MoMLSimpleApplication@182f4457
----------------- Done invoking toplevel() on ptolemy.moml.MoMLSimpleApplication@182f4457
reloadAllAccessors: .ErrorTransition1

===========================================================================================
----------------- testing Sat Sep 28 05:49:31 UTC 2019 /home/travis/build/icyphy/ptII/ptolemy/domains/modal/test/auto/ErrorTransition10.xml
----------------- Instantiating /home/travis/build/icyphy/ptII/ptolemy/domains/modal/test/auto/ErrorTransition10.xml
16 ms. Memory: 212992K Free: 116852K (55%)
----------------- Invoking toplevel() on ptolemy.moml.MoMLSimpleApplication@60e03144
----------------- Done invoking toplevel() on ptolemy.moml.MoMLSimpleApplication@60e03144
reloadAllAccessors: .ErrorTransition10

===========================================================================================
----------------- testing Sat Sep 28 05:49:31 UTC 2019 /home/travis/build/icyphy/ptII/ptolemy/domains/modal/test/auto/ErrorTransition11.xml
----------------- Instantiating /home/travis/build/icyphy/ptII/ptolemy/domains/modal/test/auto/ErrorTransition11.xml
5 ms. Memory: 212992K Free: 105588K (50%)
----------------- Invoking toplevel() on ptolemy.moml.MoMLSimpleApplication@3964304c
----------------- Done invoking toplevel() on ptolemy.moml.MoMLSimpleApplication@3964304c
reloadAllAccessors: .ErrorTransition11

===========================================================================================
----------------- testing Sat Sep 28 05:49:31 UTC 2019 /home/travis/build/icyphy/ptII/ptolemy/domains/modal/test/auto/ErrorTransition2.xml
----------------- Instantiating /home/travis/build/icyphy/ptII/ptolemy/domains/modal/test/auto/ErrorTransition2.xml
7 ms. Memory: 212992K Free: 96882K (45%)
----------------- Invoking toplevel() on ptolemy.moml.MoMLSimpleApplication@63745e23
----------------- Done invoking toplevel() on ptolemy.moml.MoMLSimpleApplication@63745e23
reloadAllAccessors: .ErrorTransition2

===========================================================================================
----------------- testing Sat Sep 28 05:49:31 UTC 2019 /home/travis/build/icyphy/ptII/ptolemy/domains/modal/test/auto/ErrorTransition3.xml
----------------- Instantiating /home/travis/build/icyphy/ptII/ptolemy/domains/modal/test/auto/ErrorTransition3.xml
14 ms. Memory: 212992K Free: 87156K (41%)
----------------- Invoking toplevel() on ptolemy.moml.MoMLSimpleApplication@53d5678e
----------------- Done invoking toplevel() on ptolemy.moml.MoMLSimpleApplication@53d5678e
reloadAllAccessors: .ErrorTransition3

===========================================================================================
----------------- testing Sat Sep 28 05:49:31 UTC 2019 /home/travis/build/icyphy/ptII/ptolemy/domains/modal/test/auto/ErrorTransition4.xml
----------------- Instantiating /home/travis/build/icyphy/ptII/ptolemy/domains/modal/test/auto/ErrorTransition4.xml
6 ms. Memory: 212992K Free: 75892K (36%)
----------------- Invoking toplevel() on ptolemy.moml.MoMLSimpleApplication@10625383
----------------- Done invoking toplevel() on ptolemy.moml.MoMLSimpleApplication@10625383
reloadAllAccessors: .ErrorTransition4

===========================================================================================
----------------- testing Sat Sep 28 05:49:31 UTC 2019 /home/travis/build/icyphy/ptII/ptolemy/domains/modal/test/auto/ErrorTransition5.xml
----------------- Instantiating /home/travis/build/icyphy/ptII/ptolemy/domains/modal/test/auto/ErrorTransition5.xml
9 ms. Memory: 212992K Free: 187905K (88%)
----------------- Invoking toplevel() on ptolemy.moml.MoMLSimpleApplication@473480b5
----------------- Done invoking toplevel() on ptolemy.moml.MoMLSimpleApplication@473480b5
reloadAllAccessors: .ErrorTransition5

===========================================================================================
----------------- testing Sat Sep 28 05:49:31 UTC 2019 /home/travis/build/icyphy/ptII/ptolemy/domains/modal/test/auto/ErrorTransition6.xml
----------------- Instantiating /home/travis/build/icyphy/ptII/ptolemy/domains/modal/test/auto/ErrorTransition6.xml
8 ms. Memory: 212992K Free: 177151K (83%)
----------------- Invoking toplevel() on ptolemy.moml.MoMLSimpleApplication@7fed870d
----------------- Done invoking toplevel() on ptolemy.moml.MoMLSimpleApplication@7fed870d
reloadAllAccessors: .ErrorTransition6

===========================================================================================
----------------- testing Sat Sep 28 05:49:31 UTC 2019 /home/travis/build/icyphy/ptII/ptolemy/domains/modal/test/auto/ErrorTransition7.xml
----------------- Instantiating /home/travis/build/icyphy/ptII/ptolemy/domains/modal/test/auto/ErrorTransition7.xml
20 ms. Memory: 212992K Free: 164353K (77%)
----------------- Invoking toplevel() on ptolemy.moml.MoMLSimpleApplication@43f69631
----------------- Done invoking toplevel() on ptolemy.moml.MoMLSimpleApplication@43f69631
reloadAllAccessors: .ErrorTransition7

===========================================================================================
----------------- testing Sat Sep 28 05:49:31 UTC 2019 /home/travis/build/icyphy/ptII/ptolemy/domains/modal/test/auto/ErrorTransition8.xml
----------------- Instantiating /home/travis/build/icyphy/ptII/ptolemy/domains/modal/test/auto/ErrorTransition8.xml
30 ms. Memory: 212992K Free: 151041K (71%)
----------------- Invoking toplevel() on ptolemy.moml.MoMLSimpleApplication@6090d50e
----------------- Done invoking toplevel() on ptolemy.moml.MoMLSimpleApplication@6090d50e
reloadAllAccessors: .ErrorTransition8

===========================================================================================
----------------- testing Sat Sep 28 05:49:32 UTC 2019 /home/travis/build/icyphy/ptII/ptolemy/domains/modal/test/auto/ErrorTransition9.xml
----------------- Instantiating /home/travis/build/icyphy/ptII/ptolemy/domains/modal/test/auto/ErrorTransition9.xml
13 ms. Memory: 212992K Free: 137184K (64%)
----------------- Invoking toplevel() on ptolemy.moml.MoMLSimpleApplication@41130eef
----------------- Done invoking toplevel() on ptolemy.moml.MoMLSimpleApplication@41130eef
reloadAllAccessors: .ErrorTransition9

===========================================================================================
----------------- testing Sat Sep 28 05:49:32 UTC 2019 /home/travis/build/icyphy/ptII/ptolemy/domains/modal/test/auto/ExtendedFSM.xml
----------------- Instantiating /home/travis/build/icyphy/ptII/ptolemy/domains/modal/test/auto/ExtendedFSM.xml
8 ms. Memory: 212992K Free: 129008K (61%)
----------------- Invoking toplevel() on ptolemy.moml.MoMLSimpleApplication@27d0f11b
----------------- Done invoking toplevel() on ptolemy.moml.MoMLSimpleApplication@27d0f11b
reloadAllAccessors: .ExtendedFSM

===========================================================================================
----------------- testing Sat Sep 28 05:49:32 UTC 2019 /home/travis/build/icyphy/ptII/ptolemy/domains/modal/test/auto/FinalStates.xml
----------------- Instantiating /home/travis/build/icyphy/ptII/ptolemy/domains/modal/test/auto/FinalStates.xml
7 ms. Memory: 212992K Free: 120831K (57%)
----------------- Invoking toplevel() on ptolemy.moml.MoMLSimpleApplication@49b5851a
----------------- Done invoking toplevel() on ptolemy.moml.MoMLSimpleApplication@49b5851a
reloadAllAccessors: .FinalStates

===========================================================================================
----------------- testing Sat Sep 28 05:49:32 UTC 2019 /home/travis/build/icyphy/ptII/ptolemy/domains/modal/test/auto/FixedPointFSM.xml
----------------- Instantiating /home/travis/build/icyphy/ptII/ptolemy/domains/modal/test/auto/FixedPointFSM.xml
22 ms. Memory: 212992K Free: 105985K (50%)
----------------- Invoking toplevel() on ptolemy.moml.MoMLSimpleApplication@5a1fafe1
----------------- Done invoking toplevel() on ptolemy.moml.MoMLSimpleApplication@5a1fafe1
reloadAllAccessors: .FixedPointFSM

===========================================================================================
----------------- testing Sat Sep 28 05:49:32 UTC 2019 /home/travis/build/icyphy/ptII/ptolemy/domains/modal/test/auto/FixedPointIterationFSMActor.xml
----------------- Instantiating /home/travis/build/icyphy/ptII/ptolemy/domains/modal/test/auto/FixedPointIterationFSMActor.xml
8 ms. Memory: 212992K Free: 95224K (45%)
----------------- Invoking toplevel() on ptolemy.moml.MoMLSimpleApplication@53397708
----------------- Done invoking toplevel() on ptolemy.moml.MoMLSimpleApplication@53397708
reloadAllAccessors: .FixedPointIterationFSMActor

===========================================================================================
----------------- testing Sat Sep 28 05:49:32 UTC 2019 /home/travis/build/icyphy/ptII/ptolemy/domains/modal/test/auto/FixedPointIterationFSMActor2.xml
----------------- Instantiating /home/travis/build/icyphy/ptII/ptolemy/domains/modal/test/auto/FixedPointIterationFSMActor2.xml
16 ms. Memory: 212992K Free: 82936K (39%)
----------------- Invoking toplevel() on ptolemy.moml.MoMLSimpleApplication@544755ec
----------------- Done invoking toplevel() on ptolemy.moml.MoMLSimpleApplication@544755ec
reloadAllAccessors: .FixedPointIterationFSMActor2

===========================================================================================
----------------- testing Sat Sep 28 05:49:32 UTC 2019 /home/travis/build/icyphy/ptII/ptolemy/domains/modal/test/auto/ForbiddenInstantanousLoop.xml
----------------- Instantiating /home/travis/build/icyphy/ptII/ptolemy/domains/modal/test/auto/ForbiddenInstantanousLoop.xml
34 ms. Memory: 212992K Free: 192947K (91%)
----------------- Invoking toplevel() on ptolemy.moml.MoMLSimpleApplication@3c31a54c
----------------- Done invoking toplevel() on ptolemy.moml.MoMLSimpleApplication@3c31a54c
reloadAllAccessors: .ForbiddenInstantanousLoop

===========================================================================================
----------------- testing Sat Sep 28 05:49:32 UTC 2019 /home/travis/build/icyphy/ptII/ptolemy/domains/modal/test/auto/FunctionDependencyOfFSMActorTest.xml
----------------- Instantiating /home/travis/build/icyphy/ptII/ptolemy/domains/modal/test/auto/FunctionDependencyOfFSMActorTest.xml
15 ms. Memory: 212992K Free: 185547K (87%)
----------------- Invoking toplevel() on ptolemy.moml.MoMLSimpleApplication@5777b20e
----------------- Done invoking toplevel() on ptolemy.moml.MoMLSimpleApplication@5777b20e
reloadAllAccessors: .FunctionDependencyOfFSMActorTest

===========================================================================================
----------------- testing Sat Sep 28 05:49:32 UTC 2019 /home/travis/build/icyphy/ptII/ptolemy/domains/modal/test/auto/GuardExpression.xml
----------------- Instantiating /home/travis/build/icyphy/ptII/ptolemy/domains/modal/test/auto/GuardExpression.xml
2 ms. Memory: 212992K Free: 180444K (85%)
----------------- Invoking toplevel() on ptolemy.moml.MoMLSimpleApplication@2d10b43e
----------------- Done invoking toplevel() on ptolemy.moml.MoMLSimpleApplication@2d10b43e
reloadAllAccessors: .GuardExpression

===========================================================================================
----------------- testing Sat Sep 28 05:49:32 UTC 2019 /home/travis/build/icyphy/ptII/ptolemy/domains/modal/test/auto/GuardNotEvaluated.xml
----------------- Instantiating /home/travis/build/icyphy/ptII/ptolemy/domains/modal/test/auto/GuardNotEvaluated.xml
7 ms. Memory: 212992K Free: 171228K (80%)
----------------- Invoking toplevel() on ptolemy.moml.MoMLSimpleApplication@1a0cc13f
----------------- Done invoking toplevel() on ptolemy.moml.MoMLSimpleApplication@1a0cc13f
reloadAllAccessors: .GuardNotEvaluated

===========================================================================================
----------------- testing Sat Sep 28 05:49:32 UTC 2019 /home/travis/build/icyphy/ptII/ptolemy/domains/modal/test/auto/GuardNotEvaluated2.xml
----------------- Instantiating /home/travis/build/icyphy/ptII/ptolemy/domains/modal/test/auto/GuardNotEvaluated2.xml
9 ms. Memory: 212992K Free: 161502K (76%)
----------------- Invoking toplevel() on ptolemy.moml.MoMLSimpleApplication@38b1d01
----------------- Done invoking toplevel() on ptolemy.moml.MoMLSimpleApplication@38b1d01
reloadAllAccessors: .GuardNotEvaluated2

===========================================================================================
----------------- testing Sat Sep 28 05:49:32 UTC 2019 /home/travis/build/icyphy/ptII/ptolemy/domains/modal/test/auto/GuardOnAbsent.xml
----------------- Instantiating /home/travis/build/icyphy/ptII/ptolemy/domains/modal/test/auto/GuardOnAbsent.xml
9 ms. Memory: 212992K Free: 153790K (72%)
----------------- Invoking toplevel() on ptolemy.moml.MoMLSimpleApplication@2c1861e4
----------------- Done invoking toplevel() on ptolemy.moml.MoMLSimpleApplication@2c1861e4
reloadAllAccessors: .GuardOnAbsent

===========================================================================================
----------------- testing Sat Sep 28 05:49:32 UTC 2019 /home/travis/build/icyphy/ptII/ptolemy/domains/modal/test/auto/HierarchicalFSMTypeInference.xml
----------------- Instantiating /home/travis/build/icyphy/ptII/ptolemy/domains/modal/test/auto/HierarchicalFSMTypeInference.xml
6 ms. Memory: 212992K Free: 143070K (67%)
----------------- Invoking toplevel() on ptolemy.moml.MoMLSimpleApplication@14889c0a
----------------- Done invoking toplevel() on ptolemy.moml.MoMLSimpleApplication@14889c0a
reloadAllAccessors: .HierarchicalFSMTypeInference

===========================================================================================
----------------- testing Sat Sep 28 05:49:32 UTC 2019 /home/travis/build/icyphy/ptII/ptolemy/domains/modal/test/auto/Hysteresis.xml
----------------- Instantiating /home/travis/build/icyphy/ptII/ptolemy/domains/modal/test/auto/Hysteresis.xml
15 ms. Memory: 212992K Free: 129758K (61%)
----------------- Invoking toplevel() on ptolemy.moml.MoMLSimpleApplication@29721ba9
----------------- Done invoking toplevel() on ptolemy.moml.MoMLSimpleApplication@29721ba9
reloadAllAccessors: .Hysteresis

===========================================================================================
----------------- testing Sat Sep 28 05:49:32 UTC 2019 /home/travis/build/icyphy/ptII/ptolemy/domains/modal/test/auto/HysteresisWithDefault.xml
----------------- Instantiating /home/travis/build/icyphy/ptII/ptolemy/domains/modal/test/auto/HysteresisWithDefault.xml
48 ms. Memory: 212992K Free: 106702K (50%)
----------------- Invoking toplevel() on ptolemy.moml.MoMLSimpleApplication@2e50f18d
----------------- Done invoking toplevel() on ptolemy.moml.MoMLSimpleApplication@2e50f18d
reloadAllAccessors: .HysteresisWithDefault

===========================================================================================
----------------- testing Sat Sep 28 05:49:32 UTC 2019 /home/travis/build/icyphy/ptII/ptolemy/domains/modal/test/auto/HysteresisWithDefault2.xml
----------------- Instantiating /home/travis/build/icyphy/ptII/ptolemy/domains/modal/test/auto/HysteresisWithDefault2.xml
48 ms. Memory: 212992K Free: 77020K (36%)
----------------- Invoking toplevel() on ptolemy.moml.MoMLSimpleApplication@5beb7593
----------------- Done invoking toplevel() on ptolemy.moml.MoMLSimpleApplication@5beb7593
reloadAllAccessors: .HysteresisWithDefault2

===========================================================================================
----------------- testing Sat Sep 28 05:49:32 UTC 2019 /home/travis/build/icyphy/ptII/ptolemy/domains/modal/test/auto/ImmediateNonConstructiveness.xml
----------------- Instantiating /home/travis/build/icyphy/ptII/ptolemy/domains/modal/test/auto/ImmediateNonConstructiveness.xml
3 ms. Memory: 212992K Free: 191643K (90%)
----------------- Invoking toplevel() on ptolemy.moml.MoMLSimpleApplication@1d51d683
----------------- Done invoking toplevel() on ptolemy.moml.MoMLSimpleApplication@1d51d683
reloadAllAccessors: .ImmediateNonConstructiveness

===========================================================================================
----------------- testing Sat Sep 28 05:49:32 UTC 2019 /home/travis/build/icyphy/ptII/ptolemy/domains/modal/test/auto/ImmediateNonConstructiveness2.xml
----------------- Instantiating /home/travis/build/icyphy/ptII/ptolemy/domains/modal/test/auto/ImmediateNonConstructiveness2.xml
2 ms. Memory: 212992K Free: 185003K (87%)
----------------- Invoking toplevel() on ptolemy.moml.MoMLSimpleApplication@3a941438
----------------- Done invoking toplevel() on ptolemy.moml.MoMLSimpleApplication@3a941438
reloadAllAccessors: .ImmediateNonConstructiveness2

===========================================================================================
----------------- testing Sat Sep 28 05:49:32 UTC 2019 /home/travis/build/icyphy/ptII/ptolemy/domains/modal/test/auto/ImmediateTransitionReset.xml
----------------- Instantiating /home/travis/build/icyphy/ptII/ptolemy/domains/modal/test/auto/ImmediateTransitionReset.xml
6 ms. Memory: 212992K Free: 173225K (81%)
----------------- Invoking toplevel() on ptolemy.moml.MoMLSimpleApplication@3a666472
----------------- Done invoking toplevel() on ptolemy.moml.MoMLSimpleApplication@3a666472
reloadAllAccessors: .ImmediateTransitionReset

===========================================================================================
----------------- testing Sat Sep 28 05:49:32 UTC 2019 /home/travis/build/icyphy/ptII/ptolemy/domains/modal/test/auto/ImmediateTransitions1.xml
----------------- Instantiating /home/travis/build/icyphy/ptII/ptolemy/domains/modal/test/auto/ImmediateTransitions1.xml
2 ms. Memory: 212992K Free: 168105K (79%)
----------------- Invoking toplevel() on ptolemy.moml.MoMLSimpleApplication@5f8f2f11
----------------- Done invoking toplevel() on ptolemy.moml.MoMLSimpleApplication@5f8f2f11
reloadAllAccessors: .ImmediateTransitions1

===========================================================================================
----------------- testing Sat Sep 28 05:49:32 UTC 2019 /home/travis/build/icyphy/ptII/ptolemy/domains/modal/test/auto/ImmediateTransitionsInstantaneousCommunication.xml
----------------- Instantiating /home/travis/build/icyphy/ptII/ptolemy/domains/modal/test/auto/ImmediateTransitionsInstantaneousCommunication.xml
4 ms. Memory: 212992K Free: 155817K (73%)
----------------- Invoking toplevel() on ptolemy.moml.MoMLSimpleApplication@3b2af315
----------------- Done invoking toplevel() on ptolemy.moml.MoMLSimpleApplication@3b2af315
reloadAllAccessors: .ImmediateTransitionsInstantaneousCommunication

===========================================================================================
----------------- testing Sat Sep 28 05:49:32 UTC 2019 /home/travis/build/icyphy/ptII/ptolemy/domains/modal/test/auto/InitialImmediateTransition.xml
----------------- Instantiating /home/travis/build/icyphy/ptII/ptolemy/domains/modal/test/auto/InitialImmediateTransition.xml
5 ms. Memory: 212992K Free: 148643K (70%)
----------------- Invoking toplevel() on ptolemy.moml.MoMLSimpleApplication@359d31c1
----------------- Done invoking toplevel() on ptolemy.moml.MoMLSimpleApplication@359d31c1
reloadAllAccessors: .InitialImmediateTransition

===========================================================================================
----------------- testing Sat Sep 28 05:49:32 UTC 2019 /home/travis/build/icyphy/ptII/ptolemy/domains/modal/test/auto/InitialOutputs.xml
----------------- Instantiating /home/travis/build/icyphy/ptII/ptolemy/domains/modal/test/auto/InitialOutputs.xml
4 ms. Memory: 212992K Free: 141995K (67%)
----------------- Invoking toplevel() on ptolemy.moml.MoMLSimpleApplication@12314376
----------------- Done invoking toplevel() on ptolemy.moml.MoMLSimpleApplication@12314376
reloadAllAccessors: .InitialOutputs

===========================================================================================
----------------- testing Sat Sep 28 05:49:32 UTC 2019 /home/travis/build/icyphy/ptII/ptolemy/domains/modal/test/auto/InitialStateTransition1.xml
----------------- Instantiating /home/travis/build/icyphy/ptII/ptolemy/domains/modal/test/auto/InitialStateTransition1.xml
2 ms. Memory: 212992K Free: 134827K (63%)
----------------- Invoking toplevel() on ptolemy.moml.MoMLSimpleApplication@259fb182
----------------- Done invoking toplevel() on ptolemy.moml.MoMLSimpleApplication@259fb182
reloadAllAccessors: .InitialStateTransition1

===========================================================================================
----------------- testing Sat Sep 28 05:49:32 UTC 2019 /home/travis/build/icyphy/ptII/ptolemy/domains/modal/test/auto/InitialStateTransition2.xml
----------------- Instantiating /home/travis/build/icyphy/ptII/ptolemy/domains/modal/test/auto/InitialStateTransition2.xml
.InitialStateTransition2.TestExceptionAttributeNonConstructive: initialize() was not invoked, but wrapup() was.  This is unusual, but not always a problem.  For example, exporting JNLP will do this.
4 ms. Memory: 212992K Free: 127657K (60%)
----------------- Invoking toplevel() on ptolemy.moml.MoMLSimpleApplication@630d8544
----------------- Done invoking toplevel() on ptolemy.moml.MoMLSimpleApplication@630d8544
reloadAllAccessors: .InitialStateTransition2

===========================================================================================
----------------- testing Sat Sep 28 05:49:32 UTC 2019 /home/travis/build/icyphy/ptII/ptolemy/domains/modal/test/auto/InitialStateTransition3.xml
----------------- Instantiating /home/travis/build/icyphy/ptII/ptolemy/domains/modal/test/auto/InitialStateTransition3.xml
5 ms. Memory: 212992K Free: 118953K (56%)
----------------- Invoking toplevel() on ptolemy.moml.MoMLSimpleApplication@5d8ffa33
----------------- Done invoking toplevel() on ptolemy.moml.MoMLSimpleApplication@5d8ffa33
reloadAllAccessors: .InitialStateTransition3

===========================================================================================
----------------- testing Sat Sep 28 05:49:33 UTC 2019 /home/travis/build/icyphy/ptII/ptolemy/domains/modal/test/auto/InitialStateTransition4.xml
----------------- Instantiating /home/travis/build/icyphy/ptII/ptolemy/domains/modal/test/auto/InitialStateTransition4.xml
3 ms. Memory: 212992K Free: 109737K (52%)
----------------- Invoking toplevel() on ptolemy.moml.MoMLSimpleApplication@651bc456
----------------- Done invoking toplevel() on ptolemy.moml.MoMLSimpleApplication@651bc456
[...]
reloadAllAccessors: .TerminationTransition3

===========================================================================================
----------------- testing Sat Sep 28 05:49:35 UTC 2019 /home/travis/build/icyphy/ptII/ptolemy/domains/modal/test/auto/TerminationTransition4.xml
----------------- Instantiating /home/travis/build/icyphy/ptII/ptolemy/domains/modal/test/auto/TerminationTransition4.xml
3 ms. Memory: 271360K Free: 174757K (64%)
----------------- Invoking toplevel() on ptolemy.moml.MoMLSimpleApplication@34f12537
----------------- Done invoking toplevel() on ptolemy.moml.MoMLSimpleApplication@34f12537
reloadAllAccessors: .TerminationTransition4

===========================================================================================
----------------- testing Sat Sep 28 05:49:35 UTC 2019 /home/travis/build/icyphy/ptII/ptolemy/domains/modal/test/auto/TerminationTransition5.xml
----------------- Instantiating /home/travis/build/icyphy/ptII/ptolemy/domains/modal/test/auto/TerminationTransition5.xml
7 ms. Memory: 271360K Free: 160931K (59%)
----------------- Invoking toplevel() on ptolemy.moml.MoMLSimpleApplication@3eec9c4d
----------------- Done invoking toplevel() on ptolemy.moml.MoMLSimpleApplication@3eec9c4d
reloadAllAccessors: .TerminationTransition5

===========================================================================================
----------------- testing Sat Sep 28 05:49:35 UTC 2019 /home/travis/build/icyphy/ptII/ptolemy/domains/modal/test/auto/TerminationTransition6.xml
----------------- Instantiating /home/travis/build/icyphy/ptII/ptolemy/domains/modal/test/auto/TerminationTransition6.xml
2 ms. Memory: 271360K Free: 152229K (56%)
----------------- Invoking toplevel() on ptolemy.moml.MoMLSimpleApplication@6e98e79c
----------------- Done invoking toplevel() on ptolemy.moml.MoMLSimpleApplication@6e98e79c
reloadAllAccessors: .TerminationTransition6

===========================================================================================
----------------- testing Sat Sep 28 05:49:35 UTC 2019 /home/travis/build/icyphy/ptII/ptolemy/domains/modal/test/auto/TerminationTransition7.xml
----------------- Instantiating /home/travis/build/icyphy/ptII/ptolemy/domains/modal/test/auto/TerminationTransition7.xml
2 ms. Memory: 271360K Free: 142499K (53%)
----------------- Invoking toplevel() on ptolemy.moml.MoMLSimpleApplication@36a49981
----------------- Done invoking toplevel() on ptolemy.moml.MoMLSimpleApplication@36a49981
reloadAllAccessors: .TerminationTransition7

===========================================================================================
----------------- testing Sat Sep 28 05:49:35 UTC 2019 /home/travis/build/icyphy/ptII/ptolemy/domains/modal/test/auto/TerminationTransition8.xml
----------------- Instantiating /home/travis/build/icyphy/ptII/ptolemy/domains/modal/test/auto/TerminationTransition8.xml
3 ms. Memory: 271360K Free: 133283K (49%)
----------------- Invoking toplevel() on ptolemy.moml.MoMLSimpleApplication@7ccaa561
----------------- Done invoking toplevel() on ptolemy.moml.MoMLSimpleApplication@7ccaa561
reloadAllAccessors: .TerminationTransition8

===========================================================================================
----------------- testing Sat Sep 28 05:49:35 UTC 2019 /home/travis/build/icyphy/ptII/ptolemy/domains/modal/test/auto/Thermostat_NoHysteresis.xml
----------------- Instantiating /home/travis/build/icyphy/ptII/ptolemy/domains/modal/test/auto/Thermostat_NoHysteresis.xml
33 ms. Memory: 271360K Free: 108707K (40%)
----------------- Invoking toplevel() on ptolemy.moml.MoMLSimpleApplication@746bf239
----------------- Done invoking toplevel() on ptolemy.moml.MoMLSimpleApplication@746bf239
reloadAllAccessors: .Thermostat_NoHysteresis

===========================================================================================
----------------- testing Sat Sep 28 05:49:35 UTC 2019 /home/travis/build/icyphy/ptII/ptolemy/domains/modal/test/auto/TimedFSM.xml
----------------- Instantiating /home/travis/build/icyphy/ptII/ptolemy/domains/modal/test/auto/TimedFSM.xml
11 ms. Memory: 271360K Free: 96933K (36%)
----------------- Invoking toplevel() on ptolemy.moml.MoMLSimpleApplication@1ffeeba3
----------------- Done invoking toplevel() on ptolemy.moml.MoMLSimpleApplication@1ffeeba3
reloadAllAccessors: .TimedFSM

===========================================================================================
----------------- testing Sat Sep 28 05:49:35 UTC 2019 /home/travis/build/icyphy/ptII/ptolemy/domains/modal/test/auto/Timeout1.xml
----------------- Instantiating /home/travis/build/icyphy/ptII/ptolemy/domains/modal/test/auto/Timeout1.xml
5 ms. Memory: 353280K Free: 332539K (94%)
----------------- Invoking toplevel() on ptolemy.moml.MoMLSimpleApplication@60e681c9
----------------- Done invoking toplevel() on ptolemy.moml.MoMLSimpleApplication@60e681c9
reloadAllAccessors: .Timeout1

===========================================================================================
----------------- testing Sat Sep 28 05:49:35 UTC 2019 /home/travis/build/icyphy/ptII/ptolemy/domains/modal/test/auto/Timeout2.xml
----------------- Instantiating /home/travis/build/icyphy/ptII/ptolemy/domains/modal/test/auto/Timeout2.xml
12 ms. Memory: 353280K Free: 323843K (92%)
----------------- Invoking toplevel() on ptolemy.moml.MoMLSimpleApplication@1c9589c6
----------------- Done invoking toplevel() on ptolemy.moml.MoMLSimpleApplication@1c9589c6
reloadAllAccessors: .Timeout2

===========================================================================================
----------------- testing Sat Sep 28 05:49:35 UTC 2019 /home/travis/build/icyphy/ptII/ptolemy/domains/modal/test/auto/Timeout3.xml
----------------- Instantiating /home/travis/build/icyphy/ptII/ptolemy/domains/modal/test/auto/Timeout3.xml
4 ms. Memory: 353280K Free: 318723K (90%)
----------------- Invoking toplevel() on ptolemy.moml.MoMLSimpleApplication@681ecd15
----------------- Done invoking toplevel() on ptolemy.moml.MoMLSimpleApplication@681ecd15
reloadAllAccessors: .Timeout3

===========================================================================================
----------------- testing Sat Sep 28 05:49:35 UTC 2019 /home/travis/build/icyphy/ptII/ptolemy/domains/modal/test/auto/Timeout4.xml
----------------- Instantiating /home/travis/build/icyphy/ptII/ptolemy/domains/modal/test/auto/Timeout4.xml
4 ms. Memory: 353280K Free: 313603K (89%)
----------------- Invoking toplevel() on ptolemy.moml.MoMLSimpleApplication@7714bbda
----------------- Done invoking toplevel() on ptolemy.moml.MoMLSimpleApplication@7714bbda
reloadAllAccessors: .Timeout4

===========================================================================================
----------------- testing Sat Sep 28 05:49:35 UTC 2019 /home/travis/build/icyphy/ptII/ptolemy/domains/modal/test/auto/TransientstateModelAdvanced.xml
----------------- Instantiating /home/travis/build/icyphy/ptII/ptolemy/domains/modal/test/auto/TransientstateModelAdvanced.xml
6 ms. Memory: 353280K Free: 301315K (85%)
----------------- Invoking toplevel() on ptolemy.moml.MoMLSimpleApplication@8ce3c66
----------------- Done invoking toplevel() on ptolemy.moml.MoMLSimpleApplication@8ce3c66
reloadAllAccessors: .TransientstateModelAdvanced

===========================================================================================
----------------- testing Sat Sep 28 05:49:35 UTC 2019 /home/travis/build/icyphy/ptII/ptolemy/domains/modal/test/auto/TransientstateModelAdvanced2.xml
----------------- Instantiating /home/travis/build/icyphy/ptII/ptolemy/domains/modal/test/auto/TransientstateModelAdvanced2.xml
5 ms. Memory: 353280K Free: 286979K (81%)
----------------- Invoking toplevel() on ptolemy.moml.MoMLSimpleApplication@74f18816
----------------- Done invoking toplevel() on ptolemy.moml.MoMLSimpleApplication@74f18816
reloadAllAccessors: .transientstatemodelAdvanced

===========================================================================================
----------------- testing Sat Sep 28 05:49:35 UTC 2019 /home/travis/build/icyphy/ptII/ptolemy/domains/modal/test/auto/TransitionRefinements.xml
----------------- Instantiating /home/travis/build/icyphy/ptII/ptolemy/domains/modal/test/auto/TransitionRefinements.xml
11 ms. Memory: 353280K Free: 276739K (78%)
----------------- Invoking toplevel() on ptolemy.moml.MoMLSimpleApplication@3628b5b6
----------------- Done invoking toplevel() on ptolemy.moml.MoMLSimpleApplication@3628b5b6
reloadAllAccessors: .TransitionRefinements

===========================================================================================
----------------- testing Sat Sep 28 05:49:35 UTC 2019 /home/travis/build/icyphy/ptII/ptolemy/domains/modal/test/auto/TwoRefinements1.xml
----------------- Instantiating /home/travis/build/icyphy/ptII/ptolemy/domains/modal/test/auto/TwoRefinements1.xml
4 ms. Memory: 353280K Free: 266499K (75%)
----------------- Invoking toplevel() on ptolemy.moml.MoMLSimpleApplication@53e4c23
----------------- Done invoking toplevel() on ptolemy.moml.MoMLSimpleApplication@53e4c23
reloadAllAccessors: .TwoRefinements1

===========================================================================================
----------------- testing Sat Sep 28 05:49:36 UTC 2019 /home/travis/build/icyphy/ptII/ptolemy/domains/modal/test/auto/TwoRefinements2.xml
----------------- Instantiating /home/travis/build/icyphy/ptII/ptolemy/domains/modal/test/auto/TwoRefinements2.xml
4 ms. Memory: 353280K Free: 256259K (73%)
----------------- Invoking toplevel() on ptolemy.moml.MoMLSimpleApplication@6108ae6d
----------------- Done invoking toplevel() on ptolemy.moml.MoMLSimpleApplication@6108ae6d
reloadAllAccessors: .TwoRefinements2

===========================================================================================
----------------- testing Sat Sep 28 05:49:36 UTC 2019 /home/travis/build/icyphy/ptII/ptolemy/domains/modal/test/auto/WeakImmediateTransition.xml
----------------- Instantiating /home/travis/build/icyphy/ptII/ptolemy/domains/modal/test/auto/WeakImmediateTransition.xml
4 ms. Memory: 353280K Free: 247553K (70%)
----------------- Invoking toplevel() on ptolemy.moml.MoMLSimpleApplication@2104d51f
----------------- Done invoking toplevel() on ptolemy.moml.MoMLSimpleApplication@2104d51f
reloadAllAccessors: .WeakImmediateTransition

===========================================================================================
----------------- testing Sat Sep 28 05:49:36 UTC 2019 /home/travis/build/icyphy/ptII/ptolemy/domains/modal/test/auto/booleanSelect.xml
----------------- Instantiating /home/travis/build/icyphy/ptII/ptolemy/domains/modal/test/auto/booleanSelect.xml
41 ms. Memory: 353280K Free: 229635K (65%)
----------------- Invoking toplevel() on ptolemy.moml.MoMLSimpleApplication@35e558fb
----------------- Done invoking toplevel() on ptolemy.moml.MoMLSimpleApplication@35e558fb
reloadAllAccessors: .booleanSelect

===========================================================================================
----------------- testing Sat Sep 28 05:49:36 UTC 2019 /home/travis/build/icyphy/ptII/ptolemy/domains/modal/test/auto/modalChangingParams.xml
----------------- Instantiating /home/travis/build/icyphy/ptII/ptolemy/domains/modal/test/auto/modalChangingParams.xml
0
1
0
2
4
6
8
7
0
2
4
6
8
13
0
2
4
6
8
19
0
2
4
6
8
25
0
2
4
6
8
31
0
2
4
6
8
37
0
2
4
6
8
43
0
2
4
6
8
49
0
2
4
6
8
55
0
2
4
6
8
61
0
2
4
6
8
67
0
2
4
6
8
73
0
2
4
6
8
79
0
2
4
6
8
85
0
2
4
6
8
91
0
2
4
6
8
97
0
2
4
6
8
103
0
2
4
6
8
109
0
2
4
6
8
115
0
2
4
6
8
121
0
2
4
6
8
127
0
2
4
6
8
133
0
2
4
6
8
139
0
2
4
6
8
145
0
2
4
6
8
151
0
2
4
6
8
157
0
2
4
6
8
163
0
2
4
6
8
169
0
2
4
6
8
175
0
2
4
6
8
181
0
2
4
6
8
187
0
2
4
6
8
193
0
2
4
6
8
199
0
2
4
6
8
205
0
2
4
6
8
211
0
2
4
6
8
217
0
2
4
6
8
223
0
2
4
6
8
229
0
2
4
6
8
235
0
2
4
6
8
241
0
2
4
6
8
247
0
2
4
6
8
253
0
2
4
6
8
259
0
2
4
6
8
265
0
2
4
6
8
271
0
2
4
6
8
277
0
2
4
6
8
283
0
2
4
6
8
289
0
2
4
6
8
295
0
2
4
6
8
301
0
2
4
6
8
307
0
2
4
6
8
313
0
2
4
6
8
319
0
2
4
6
8
325
0
2
4
6
8
331
0
2
4
6
8
337
0
2
4
6
8
343
0
2
4
6
8
349
0
2
4
6
8
355
0
2
4
6
8
361
0
2
4
6
8
367
0
2
4
6
8
373
0
2
4
6
8
379
0
2
4
6
8
385
0
2
4
6
8
391
0
2
4
6
8
397
0
2
4
6
8
403
0
2
4
6
8
409
0
2
4
6
8
415
0
2
4
6
8
421
0
2
4
6
8
427
0
2
4
6
8
433
0
2
4
6
8
439
0
2
4
6
8
445
0
2
4
6
8
451
0
2
4
6
8
457
0
2
4
6
8
463
0
2
4
6
8
469
0
2
4
6
8
475
0
2
4
6
8
481
0
2
4
6
8
487
0
2
4
6
8
493
0
2
4
6
8
499
0
2
4
6
8
505
0
2
4
6
8
511
0
2
4
6
8
517
0
2
4
6
8
523
0
2
4
6
8
529
0
2
4
6
8
535
0
2
4
6
8
541
0
2
4
6
8
547
0
2
4
6
8
553
0
2
4
6
8
559
0
2
4
6
8
565
0
2
4
6
8
571
0
2
4
6
8
577
0
2
4
6
8
583
0
2
4
6
8
589
0
2
4
6
8
595
0
2
4
6
8
601
0
2
4
6
8
607
0
2
4
6
8
613
0
2
4
6
8
619
0
2
4
6
8
625
0
2
4
6
8
631
0
2
4
6
8
637
0
2
4
6
8
643
0
2
4
6
8
649
0
2
4
6
8
655
0
2
4
6
8
661
0
2
4
6
8
667
0
2
4
6
8
673
0
2
4
6
8
679
0
2
4
6
8
685
0
2
4
6
8
691
0
2
4
6
8
697
0
2
4
6
8
703
0
2
4
6
8
709
0
2
4
6
8
715
0
2
4
6
8
721
0
2
4
6
8
727
0
2
4
6
8
733
0
2
4
6
8
739
0
2
4
6
8
745
0
2
4
6
8
751
0
2
4
6
8
757
0
2
4
6
8
763
0
2
4
6
8
769
0
2
4
6
8
775
0
2
4
6
8
781
0
2
4
6
8
787
0
2
4
6
8
793
0
2
4
6
8
799
0
2
4
6
8
805
0
2
4
6
8
811
0
2
4
6
8
817
0
2
4
6
8
823
0
2
4
6
8
829
0
2
4
6
8
835
0
2
4
6
8
841
0
2
4
6
8
847
0
2
4
6
8
853
0
2
4
6
8
859
0
2
4
6
8
865
0
2
4
6
8
871
0
2
4
6
8
877
0
2
4
6
8
883
0
2
4
6
8
889
0
2
4
6
8
895
0
2
4
6
8
901
0
2
4
6
8
907
0
2
4
6
8
913
0
2
4
6
8
919
0
2
4
6
8
925
0
2
4
6
8
931
0
2
4
6
8
937
0
2
4
6
8
943
0
2
4
6
8
949
0
2
4
6
8
955
0
2
4
6
8
961
0
2
4
6
8
967
0
2
4
6
8
973
0
2
4
6
8
979
0
2
4
6
8
985
0
2
4
6
8
991
0
2
4
6
8
997
0
2
324 ms. Memory: 353280K Free: 323826K (92%)
----------------- Invoking toplevel() on ptolemy.moml.MoMLSimpleApplication@3daf8d60
----------------- Done invoking toplevel() on ptolemy.moml.MoMLSimpleApplication@3daf8d60
reloadAllAccessors: .modalChangingParams

===========================================================================================
----------------- testing Sat Sep 28 05:49:36 UTC 2019 /home/travis/build/icyphy/ptII/ptolemy/domains/modal/test/auto/modalModel.xml
----------------- Instantiating /home/travis/build/icyphy/ptII/ptolemy/domains/modal/test/auto/modalModel.xml
16 ms. Memory: 353280K Free: 314610K (89%)
----------------- Invoking toplevel() on ptolemy.moml.MoMLSimpleApplication@1c976d6c
----------------- Done invoking toplevel() on ptolemy.moml.MoMLSimpleApplication@1c976d6c
reloadAllAccessors: .modalModel

===========================================================================================
----------------- testing Sat Sep 28 05:49:36 UTC 2019 /home/travis/build/icyphy/ptII/ptolemy/domains/modal/test/auto/modalModel2.xml
----------------- Instantiating /home/travis/build/icyphy/ptII/ptolemy/domains/modal/test/auto/modalModel2.xml
15 ms. Memory: 353280K Free: 303842K (86%)
----------------- Invoking toplevel() on ptolemy.moml.MoMLSimpleApplication@561cf570
----------------- Done invoking toplevel() on ptolemy.moml.MoMLSimpleApplication@561cf570
reloadAllAccessors: .modalModel2

===========================================================================================
----------------- testing Sat Sep 28 05:49:36 UTC 2019 /home/travis/build/icyphy/ptII/ptolemy/domains/modal/test/auto/modalModel3.xml
----------------- Instantiating /home/travis/build/icyphy/ptII/ptolemy/domains/modal/test/auto/modalModel3.xml
0	0	0
3	2	1
6	4	2
9	6	3
4	0	4
7	2	5
10	4	6
13	6	7
8	0	8
11	2	9
14	4	10
17	6	11
12	0	12
15	2	13
18	4	14
18 ms. Memory: 353280K Free: 289010K (82%)
----------------- Invoking toplevel() on ptolemy.moml.MoMLSimpleApplication@222a9cdb
----------------- Done invoking toplevel() on ptolemy.moml.MoMLSimpleApplication@222a9cdb
reloadAllAccessors: .modalModel3

===========================================================================================
----------------- testing Sat Sep 28 05:49:36 UTC 2019 /home/travis/build/icyphy/ptII/ptolemy/domains/modal/test/auto/model1.xml
----------------- Instantiating /home/travis/build/icyphy/ptII/ptolemy/domains/modal/test/auto/model1.xml
15 ms. Memory: 353280K Free: 283376K (80%)
----------------- Invoking toplevel() on ptolemy.moml.MoMLSimpleApplication@22022a4a
----------------- Done invoking toplevel() on ptolemy.moml.MoMLSimpleApplication@22022a4a
reloadAllAccessors: .model1

===========================================================================================
----------------- testing Sat Sep 28 05:49:36 UTC 2019 /home/travis/build/icyphy/ptII/ptolemy/domains/modal/test/auto/test-direct-in-out.xml
----------------- Instantiating /home/travis/build/icyphy/ptII/ptolemy/domains/modal/test/auto/test-direct-in-out.xml
6 ms. Memory: 353280K Free: 275698K (78%)
----------------- Invoking toplevel() on ptolemy.moml.MoMLSimpleApplication@3347fc0f
----------------- Done invoking toplevel() on ptolemy.moml.MoMLSimpleApplication@3347fc0f
reloadAllAccessors: .test-direct-in-out
AutoTests.java: About to close Vertx.
AutoTests.java: Vertx closed.
]]></system-out>
  <system-err><![CDATA[java.lang.RuntimeException: Execution failed
	at ptolemy.moml.MoMLSimpleApplication$UnloadThread.run(MoMLSimpleApplication.java:402)
Caused by: ptolemy.kernel.util.IllegalActionException: Unknown inputs remain. Possible causality loop:
L_model_1893289564i

  in .CannotAnalysisWithPreemption.model_1893289564_region_1 and .CannotAnalysisWithPreemption.model_1893289564_region_1.L_model_1893289564i
	at ptolemy.actor.sched.FixedPointDirector.postfire(FixedPointDirector.java:515)
	at ptolemy.domains.sr.kernel.SRDirector.postfire(SRDirector.java:417)
	at ptolemy.actor.CompositeActor.postfire(CompositeActor.java:1668)
	at ptolemy.actor.Manager.iterate(Manager.java:852)
	at ptolemy.actor.Manager.execute(Manager.java:369)
	at ptolemy.actor.Manager.run(Manager.java:1263)
	at ptolemy.actor.Manager$PtolemyRunThread.run(Manager.java:1933)
java.lang.reflect.InvocationTargetException
	at java.base/jdk.internal.reflect.NativeConstructorAccessorImpl.newInstance0(Native Method)
	at java.base/jdk.internal.reflect.NativeConstructorAccessorImpl.newInstance(NativeConstructorAccessorImpl.java:62)
	at java.base/jdk.internal.reflect.DelegatingConstructorAccessorImpl.newInstance(DelegatingConstructorAccessorImpl.java:45)
	at java.base/java.lang.reflect.Constructor.newInstance(Constructor.java:490)
	at ptolemy.util.test.junit.AutoKnownFailedTests.RunModel(AutoKnownFailedTests.java:105)
	at java.base/jdk.internal.reflect.NativeMethodAccessorImpl.invoke0(Native Method)
	at java.base/jdk.internal.reflect.NativeMethodAccessorImpl.invoke(NativeMethodAccessorImpl.java:62)
	at java.base/jdk.internal.reflect.DelegatingMethodAccessorImpl.invoke(DelegatingMethodAccessorImpl.java:43)
	at java.base/java.lang.reflect.Method.invoke(Method.java:566)
	at org.junit.runners.model.FrameworkMethod$1.runReflectiveCall(FrameworkMethod.java:44)
	at org.junit.internal.runners.model.ReflectiveCallable.run(ReflectiveCallable.java:15)
	at org.junit.runners.model.FrameworkMethod.invokeExplosively(FrameworkMethod.java:41)
	at junitparams.internal.InvokeParameterisedMethod.evaluate(InvokeParameterisedMethod.java:102)
	at org.junit.internal.runners.statements.FailOnTimeout$1.run(FailOnTimeout.java:28)
Caused by: ptolemy.kernel.util.IllegalActionException: Unknown inputs remain. Possible causality loop:
L_model_1893289564i

  in .CannotAnalysisWithPreemption.model_1893289564_region_1 and .CannotAnalysisWithPreemption.model_1893289564_region_1.L_model_1893289564i
	at ptolemy.actor.sched.FixedPointDirector.postfire(FixedPointDirector.java:515)
	at ptolemy.domains.sr.kernel.SRDirector.postfire(SRDirector.java:417)
	at ptolemy.actor.CompositeActor.postfire(CompositeActor.java:1668)
	at ptolemy.actor.Manager.iterate(Manager.java:852)
	at ptolemy.actor.Manager.execute(Manager.java:369)
	at ptolemy.actor.Manager.run(Manager.java:1263)
	at ptolemy.actor.Manager$PtolemyRunThread.run(Manager.java:1933)
]]></system-err>
</testsuite>
