<?xml version="1.0" encoding="UTF-8" ?>
<testsuite errors="0" failures="0" hostname="travis-job-99dd9717-ee07-46ba-a890-5eb848467cb7" name="ptolemy.domains.de.test.junit.JUnitTclTest" skipped="0" tests="101" time="124.898" timestamp="2018-07-23T01:45:11">
  <properties>
[...]
</properties>
  <testcase classname="ptolemy.util.test.junit.TclTests" name="[0] /home/travis/build/icyphy/ptII/ptolemy/domains/de/test/DependencyLoop.tcl (RunTclFile)" time="0.762" />
  <testcase classname="ptolemy.util.test.junit.TclTests" name="[1] /home/travis/build/icyphy/ptII/ptolemy/domains/de/test/RunDETestsAsQSS.tcl (RunTclFile)" time="85.308" />
  <testcase classname="ptolemy.util.test.junit.AutoKnownFailedTests" name="[0] /home/travis/build/icyphy/ptII/ptolemy/domains/de/test/auto/knownFailedTests/DESDFClockTest.xml (RunModel)" time="2.038" />
  <testcase classname="ptolemy.util.test.junit.AutoKnownFailedTests" name="[1] /home/travis/build/icyphy/ptII/ptolemy/domains/de/test/auto/knownFailedTests/DirectFeedback.xml (RunModel)" time="0.016" />
  <testcase classname="ptolemy.util.test.junit.AutoKnownFailedTests" name="[2] /home/travis/build/icyphy/ptII/ptolemy/domains/de/test/auto/knownFailedTests/FSMSource.xml (RunModel)" time="0.028" />
  <testcase classname="ptolemy.util.test.junit.AutoKnownFailedTests" name="[3] /home/travis/build/icyphy/ptII/ptolemy/domains/de/test/auto/knownFailedTests/HierarchicalModel.xml (RunModel)" time="0.046" />
  <testcase classname="ptolemy.util.test.junit.AutoKnownFailedTests" name="[4] /home/travis/build/icyphy/ptII/ptolemy/domains/de/test/auto/knownFailedTests/dependencyLoop.xml (RunModel)" time="0.04" />
  <testcase classname="ptolemy.util.test.junit.AutoKnownFailedTests" name="[5] /home/travis/build/icyphy/ptII/ptolemy/domains/de/test/auto/knownFailedTests/dependencyLoop2.xml (RunModel)" time="0.036" />
  <testcase classname="ptolemy.util.test.junit.AutoNameArchTests" name="[0] ThereAreNoAutoArchTests (RunModel)" time="0.004" />
  <testcase classname="ptolemy.util.test.junit.AutoTests" name="[0] /home/travis/build/icyphy/ptII/ptolemy/domains/de/test/auto/ActorDepthCalculation_actorWithoutPorts.xml (RunModel)" time="0.016" />
  <testcase classname="ptolemy.util.test.junit.AutoTests" name="[1] /home/travis/build/icyphy/ptII/ptolemy/domains/de/test/auto/AssemblyLine.xml (RunModel)" time="0.018" />
  <testcase classname="ptolemy.util.test.junit.AutoTests" name="[2] /home/travis/build/icyphy/ptII/ptolemy/domains/de/test/auto/CQBug1.xml (RunModel)" time="0.013" />
  <testcase classname="ptolemy.util.test.junit.AutoTests" name="[3] /home/travis/build/icyphy/ptII/ptolemy/domains/de/test/auto/CancelFireAt.xml (RunModel)" time="0.011" />
  <testcase classname="ptolemy.util.test.junit.AutoTests" name="[4] /home/travis/build/icyphy/ptII/ptolemy/domains/de/test/auto/CausalityAndComposabilityAnalysis.xml (RunModel)" time="0.012" />
  <testcase classname="ptolemy.util.test.junit.AutoTests" name="[5] /home/travis/build/icyphy/ptII/ptolemy/domains/de/test/auto/CausalityInterface1.xml (RunModel)" time="0.015" />
  <testcase classname="ptolemy.util.test.junit.AutoTests" name="[6] /home/travis/build/icyphy/ptII/ptolemy/domains/de/test/auto/CausalityInterface15.xml (RunModel)" time="0.016" />
  <testcase classname="ptolemy.util.test.junit.AutoTests" name="[7] /home/travis/build/icyphy/ptII/ptolemy/domains/de/test/auto/CausalityInterface2.xml (RunModel)" time="0.014" />
  <testcase classname="ptolemy.util.test.junit.AutoTests" name="[8] /home/travis/build/icyphy/ptII/ptolemy/domains/de/test/auto/CausalityInterface3.xml (RunModel)" time="0.011" />
  <testcase classname="ptolemy.util.test.junit.AutoTests" name="[9] /home/travis/build/icyphy/ptII/ptolemy/domains/de/test/auto/ClockDrift.xml (RunModel)" time="0.046" />
  <testcase classname="ptolemy.util.test.junit.AutoTests" name="[10] /home/travis/build/icyphy/ptII/ptolemy/domains/de/test/auto/ClockDriftAndValueChange.xml (RunModel)" time="0.031" />
  <testcase classname="ptolemy.util.test.junit.AutoTests" name="[11] /home/travis/build/icyphy/ptII/ptolemy/domains/de/test/auto/ClockDriftChange.xml (RunModel)" time="0.03" />
  <testcase classname="ptolemy.util.test.junit.AutoTests" name="[12] /home/travis/build/icyphy/ptII/ptolemy/domains/de/test/auto/ComposableCausalityAnalysis.xml (RunModel)" time="0.021" />
  <testcase classname="ptolemy.util.test.junit.AutoTests" name="[13] /home/travis/build/icyphy/ptII/ptolemy/domains/de/test/auto/DEFixedPointLimitation.xml (RunModel)" time="0.01" />
  <testcase classname="ptolemy.util.test.junit.AutoTests" name="[14] /home/travis/build/icyphy/ptII/ptolemy/domains/de/test/auto/DEScheduleTest.xml (RunModel)" time="0.011" />
  <testcase classname="ptolemy.util.test.junit.AutoTests" name="[15] /home/travis/build/icyphy/ptII/ptolemy/domains/de/test/auto/DEinDEwithStartTimes.xml (RunModel)" time="0.015" />
  <testcase classname="ptolemy.util.test.junit.AutoTests" name="[16] /home/travis/build/icyphy/ptII/ptolemy/domains/de/test/auto/DEinDEwithStartTimes2.xml (RunModel)" time="0.014" />
  <testcase classname="ptolemy.util.test.junit.AutoTests" name="[17] /home/travis/build/icyphy/ptII/ptolemy/domains/de/test/auto/DateDemo.xml (RunModel)" time="0.027" />
  <testcase classname="ptolemy.util.test.junit.AutoTests" name="[18] /home/travis/build/icyphy/ptII/ptolemy/domains/de/test/auto/DateToEvent.xml (RunModel)" time="2.036" />
  <testcase classname="ptolemy.util.test.junit.AutoTests" name="[19] /home/travis/build/icyphy/ptII/ptolemy/domains/de/test/auto/DepthTest1.xml (RunModel)" time="0.008" />
  <testcase classname="ptolemy.util.test.junit.AutoTests" name="[20] /home/travis/build/icyphy/ptII/ptolemy/domains/de/test/auto/DepthTest2.xml (RunModel)" time="0.019" />
  <testcase classname="ptolemy.util.test.junit.AutoTests" name="[21] /home/travis/build/icyphy/ptII/ptolemy/domains/de/test/auto/DepthTest3.xml (RunModel)" time="0.01" />
  <testcase classname="ptolemy.util.test.junit.AutoTests" name="[22] /home/travis/build/icyphy/ptII/ptolemy/domains/de/test/auto/DepthTest4.xml (RunModel)" time="0.015" />
  <testcase classname="ptolemy.util.test.junit.AutoTests" name="[23] /home/travis/build/icyphy/ptII/ptolemy/domains/de/test/auto/DepthTest5.xml (RunModel)" time="0.027" />
  <testcase classname="ptolemy.util.test.junit.AutoTests" name="[24] /home/travis/build/icyphy/ptII/ptolemy/domains/de/test/auto/DepthTest6.xml (RunModel)" time="0.019" />
  <testcase classname="ptolemy.util.test.junit.AutoTests" name="[25] /home/travis/build/icyphy/ptII/ptolemy/domains/de/test/auto/DepthTest7.xml (RunModel)" time="0.018" />
  <testcase classname="ptolemy.util.test.junit.AutoTests" name="[26] /home/travis/build/icyphy/ptII/ptolemy/domains/de/test/auto/EventToDate.xml (RunModel)" time="3.036" />
  <testcase classname="ptolemy.util.test.junit.AutoTests" name="[27] /home/travis/build/icyphy/ptII/ptolemy/domains/de/test/auto/FSM1.xml (RunModel)" time="0.036" />
  <testcase classname="ptolemy.util.test.junit.AutoTests" name="[28] /home/travis/build/icyphy/ptII/ptolemy/domains/de/test/auto/FSM7.xml (RunModel)" time="0.026" />
  <testcase classname="ptolemy.util.test.junit.AutoTests" name="[29] /home/travis/build/icyphy/ptII/ptolemy/domains/de/test/auto/Inspection.xml (RunModel)" time="0.034" />
  <testcase classname="ptolemy.util.test.junit.AutoTests" name="[30] /home/travis/build/icyphy/ptII/ptolemy/domains/de/test/auto/Iteration.xml (RunModel)" time="0.017" />
  <testcase classname="ptolemy.util.test.junit.AutoTests" name="[31] /home/travis/build/icyphy/ptII/ptolemy/domains/de/test/auto/LineFault.xml (RunModel)" time="0.56" />
  <testcase classname="ptolemy.util.test.junit.AutoTests" name="[32] /home/travis/build/icyphy/ptII/ptolemy/domains/de/test/auto/MergeModel1Add.xml (RunModel)" time="0.041" />
  <testcase classname="ptolemy.util.test.junit.AutoTests" name="[33] /home/travis/build/icyphy/ptII/ptolemy/domains/de/test/auto/MergeModel2Add.xml (RunModel)" time="0.034" />
  <testcase classname="ptolemy.util.test.junit.AutoTests" name="[34] /home/travis/build/icyphy/ptII/ptolemy/domains/de/test/auto/MergeModel3Add.xml (RunModel)" time="0.037" />
  <testcase classname="ptolemy.util.test.junit.AutoTests" name="[35] /home/travis/build/icyphy/ptII/ptolemy/domains/de/test/auto/MergeWithoutDiscard.xml (RunModel)" time="0.01" />
  <testcase classname="ptolemy.util.test.junit.AutoTests" name="[36] /home/travis/build/icyphy/ptII/ptolemy/domains/de/test/auto/Modal1.xml (RunModel)" time="0.024" />
  <testcase classname="ptolemy.util.test.junit.AutoTests" name="[37] /home/travis/build/icyphy/ptII/ptolemy/domains/de/test/auto/Modal2.xml (RunModel)" time="0.03" />
  <testcase classname="ptolemy.util.test.junit.AutoTests" name="[38] /home/travis/build/icyphy/ptII/ptolemy/domains/de/test/auto/Modal3.xml (RunModel)" time="0.026" />
  <testcase classname="ptolemy.util.test.junit.AutoTests" name="[39] /home/travis/build/icyphy/ptII/ptolemy/domains/de/test/auto/Modal4.xml (RunModel)" time="0.032" />
  <testcase classname="ptolemy.util.test.junit.AutoTests" name="[40] /home/travis/build/icyphy/ptII/ptolemy/domains/de/test/auto/Modal5.xml (RunModel)" time="0.028" />
  <testcase classname="ptolemy.util.test.junit.AutoTests" name="[41] /home/travis/build/icyphy/ptII/ptolemy/domains/de/test/auto/Modal6.xml (RunModel)" time="0.027" />
  <testcase classname="ptolemy.util.test.junit.AutoTests" name="[42] /home/travis/build/icyphy/ptII/ptolemy/domains/de/test/auto/Modal7.xml (RunModel)" time="0.031" />
  <testcase classname="ptolemy.util.test.junit.AutoTests" name="[43] /home/travis/build/icyphy/ptII/ptolemy/domains/de/test/auto/ModalModel.xml (RunModel)" time="0.159" />
  <testcase classname="ptolemy.util.test.junit.AutoTests" name="[44] /home/travis/build/icyphy/ptII/ptolemy/domains/de/test/auto/ModalSource.xml (RunModel)" time="0.017" />
  <testcase classname="ptolemy.util.test.junit.AutoTests" name="[45] /home/travis/build/icyphy/ptII/ptolemy/domains/de/test/auto/NonInterruptibleTimerZeroDelay.xml (RunModel)" time="0.01" />
  <testcase classname="ptolemy.util.test.junit.AutoTests" name="[46] /home/travis/build/icyphy/ptII/ptolemy/domains/de/test/auto/OpenQueueingNetwork.xml (RunModel)" time="2.063" />
  <testcase classname="ptolemy.util.test.junit.AutoTests" name="[47] /home/travis/build/icyphy/ptII/ptolemy/domains/de/test/auto/OpenQueuingNetwork.xml (RunModel)" time="0.248" />
  <testcase classname="ptolemy.util.test.junit.AutoTests" name="[48] /home/travis/build/icyphy/ptII/ptolemy/domains/de/test/auto/PeriodicSampler.xml (RunModel)" time="0.007" />
  <testcase classname="ptolemy.util.test.junit.AutoTests" name="[49] /home/travis/build/icyphy/ptII/ptolemy/domains/de/test/auto/PersistentIO.xml (RunModel)" time="0.016" />
  <testcase classname="ptolemy.util.test.junit.AutoTests" name="[50] /home/travis/build/icyphy/ptII/ptolemy/domains/de/test/auto/PortParameterResetOnInitialize.xml (RunModel)" time="0.011" />
  <testcase classname="ptolemy.util.test.junit.AutoTests" name="[51] /home/travis/build/icyphy/ptII/ptolemy/domains/de/test/auto/PortParameterUpdates.xml (RunModel)" time="0.013" />
  <testcase classname="ptolemy.util.test.junit.AutoTests" name="[52] /home/travis/build/icyphy/ptII/ptolemy/domains/de/test/auto/QueueAndServer.xml (RunModel)" time="0.018" />
  <testcase classname="ptolemy.util.test.junit.AutoTests" name="[53] /home/travis/build/icyphy/ptII/ptolemy/domains/de/test/auto/Records.xml (RunModel)" time="0.012" />
  <testcase classname="ptolemy.util.test.junit.AutoTests" name="[54] /home/travis/build/icyphy/ptII/ptolemy/domains/de/test/auto/ResetTransitionWithStartTime1.xml (RunModel)" time="0.019" />
  <testcase classname="ptolemy.util.test.junit.AutoTests" name="[55] /home/travis/build/icyphy/ptII/ptolemy/domains/de/test/auto/ResetTransitionWithStartTime2.xml (RunModel)" time="0.016" />
  <testcase classname="ptolemy.util.test.junit.AutoTests" name="[56] /home/travis/build/icyphy/ptII/ptolemy/domains/de/test/auto/ResetTransitionWithStartTime3.xml (RunModel)" time="0.017" />
  <testcase classname="ptolemy.util.test.junit.AutoTests" name="[57] /home/travis/build/icyphy/ptII/ptolemy/domains/de/test/auto/ResetTransitionWithStartTime4.xml (RunModel)" time="0.019" />
  <testcase classname="ptolemy.util.test.junit.AutoTests" name="[58] /home/travis/build/icyphy/ptII/ptolemy/domains/de/test/auto/ResettableTimer1.xml (RunModel)" time="0.01" />
  <testcase classname="ptolemy.util.test.junit.AutoTests" name="[59] /home/travis/build/icyphy/ptII/ptolemy/domains/de/test/auto/ResettableTimer2.xml (RunModel)" time="0.009" />
  <testcase classname="ptolemy.util.test.junit.AutoTests" name="[60] /home/travis/build/icyphy/ptII/ptolemy/domains/de/test/auto/ResettableTimer3.xml (RunModel)" time="0.008" />
  <testcase classname="ptolemy.util.test.junit.AutoTests" name="[61] /home/travis/build/icyphy/ptII/ptolemy/domains/de/test/auto/ResettableTimer4.xml (RunModel)" time="0.013" />
  <testcase classname="ptolemy.util.test.junit.AutoTests" name="[62] /home/travis/build/icyphy/ptII/ptolemy/domains/de/test/auto/ResettableTimer5.xml (RunModel)" time="0.01" />
  <testcase classname="ptolemy.util.test.junit.AutoTests" name="[63] /home/travis/build/icyphy/ptII/ptolemy/domains/de/test/auto/ResettableTimer6.xml (RunModel)" time="0.019" />
  <testcase classname="ptolemy.util.test.junit.AutoTests" name="[64] /home/travis/build/icyphy/ptII/ptolemy/domains/de/test/auto/ServerZeroDelay.xml (RunModel)" time="0.013" />
  <testcase classname="ptolemy.util.test.junit.AutoTests" name="[65] /home/travis/build/icyphy/ptII/ptolemy/domains/de/test/auto/SmartSender.xml (RunModel)" time="3.008" />
  <testcase classname="ptolemy.util.test.junit.AutoTests" name="[66] /home/travis/build/icyphy/ptII/ptolemy/domains/de/test/auto/ThreadedComposite.xml (RunModel)" time="0.117" />
  <testcase classname="ptolemy.util.test.junit.AutoTests" name="[67] /home/travis/build/icyphy/ptII/ptolemy/domains/de/test/auto/Time.xml (RunModel)" time="0.409" />
  <testcase classname="ptolemy.util.test.junit.AutoTests" name="[68] /home/travis/build/icyphy/ptII/ptolemy/domains/de/test/auto/TimeDelayZeroDelay.xml (RunModel)" time="0.015" />
  <testcase classname="ptolemy.util.test.junit.AutoTests" name="[69] /home/travis/build/icyphy/ptII/ptolemy/domains/de/test/auto/TimerZeroDelay.xml (RunModel)" time="0.009" />
  <testcase classname="ptolemy.util.test.junit.AutoTests" name="[70] /home/travis/build/icyphy/ptII/ptolemy/domains/de/test/auto/TimingParadox.xml (RunModel)" time="0.338" />
  <testcase classname="ptolemy.util.test.junit.AutoTests" name="[71] /home/travis/build/icyphy/ptII/ptolemy/domains/de/test/auto/TransferInputs.xml (RunModel)" time="0.016" />
  <testcase classname="ptolemy.util.test.junit.AutoTests" name="[72] /home/travis/build/icyphy/ptII/ptolemy/domains/de/test/auto/TransferOutputs2.xml (RunModel)" time="0.016" />
  <testcase classname="ptolemy.util.test.junit.AutoTests" name="[73] /home/travis/build/icyphy/ptII/ptolemy/domains/de/test/auto/Trilateration.xml (RunModel)" time="10.924" />
  <testcase classname="ptolemy.util.test.junit.AutoTests" name="[74] /home/travis/build/icyphy/ptII/ptolemy/domains/de/test/auto/TwoSigmaDelta.xml (RunModel)" time="2.02" />
  <testcase classname="ptolemy.util.test.junit.AutoTests" name="[75] /home/travis/build/icyphy/ptII/ptolemy/domains/de/test/auto/VariableDelay.xml (RunModel)" time="0.015" />
  <testcase classname="ptolemy.util.test.junit.AutoTests" name="[76] /home/travis/build/icyphy/ptII/ptolemy/domains/de/test/auto/VariableDelay2.xml (RunModel)" time="0.009" />
  <testcase classname="ptolemy.util.test.junit.AutoTests" name="[77] /home/travis/build/icyphy/ptII/ptolemy/domains/de/test/auto/VariableDelayZeroDelay.xml (RunModel)" time="0.029" />
  <testcase classname="ptolemy.util.test.junit.AutoTests" name="[78] /home/travis/build/icyphy/ptII/ptolemy/domains/de/test/auto/VariableDelayZeroDelay2.xml (RunModel)" time="0.017" />
  <testcase classname="ptolemy.util.test.junit.AutoTests" name="[79] /home/travis/build/icyphy/ptII/ptolemy/domains/de/test/auto/deInCt.xml (RunModel)" time="0.012" />
  <testcase classname="ptolemy.util.test.junit.AutoTests" name="[80] /home/travis/build/icyphy/ptII/ptolemy/domains/de/test/auto/deInCt2.xml (RunModel)" time="0.016" />
  <testcase classname="ptolemy.util.test.junit.AutoTests" name="[81] /home/travis/build/icyphy/ptII/ptolemy/domains/de/test/auto/dynamicCausalityInterface1.xml (RunModel)" time="0.016" />
  <testcase classname="ptolemy.util.test.junit.AutoTests" name="[82] /home/travis/build/icyphy/ptII/ptolemy/domains/de/test/auto/fsm_de_test.xml (RunModel)" time="0.019" />
  <testcase classname="ptolemy.util.test.junit.AutoTests" name="[83] /home/travis/build/icyphy/ptII/ptolemy/domains/de/test/auto/functionDependencyReconstruction.xml (RunModel)" time="0.03" />
  <testcase classname="ptolemy.util.test.junit.AutoTests" name="[84] /home/travis/build/icyphy/ptII/ptolemy/domains/de/test/auto/multirate.xml (RunModel)" time="0.014" />
  <testcase classname="ptolemy.util.test.junit.AutoTests" name="[85] /home/travis/build/icyphy/ptII/ptolemy/domains/de/test/auto/multirate2.xml (RunModel)" time="0.013" />
  <testcase classname="ptolemy.util.test.junit.AutoTests" name="[86] /home/travis/build/icyphy/ptII/ptolemy/domains/de/test/auto/realtime.xml (RunModel)" time="10.01" />
  <testcase classname="ptolemy.util.test.junit.AutoTests" name="[87] /home/travis/build/icyphy/ptII/ptolemy/domains/de/test/auto/relationGroup.xml (RunModel)" time="0.008" />
  <testcase classname="ptolemy.util.test.junit.AutoTests" name="[88] /home/travis/build/icyphy/ptII/ptolemy/domains/de/test/auto/relationGroup2.xml (RunModel)" time="0.005" />
  <testcase classname="ptolemy.util.test.junit.AutoTests" name="[89] /home/travis/build/icyphy/ptII/ptolemy/domains/de/test/auto/sortWithOpaquePorts.xml (RunModel)" time="0.006" />
  <testcase classname="ptolemy.util.test.junit.AutoTests" name="[90] /home/travis/build/icyphy/ptII/ptolemy/domains/de/test/auto/transferInputsandOutputs.xml (RunModel)" time="0.012" />
  <testcase classname="ptolemy.util.test.junit.AutoTests" name="[91] /home/travis/build/icyphy/ptII/ptolemy/domains/de/test/auto/triggerType.xml (RunModel)" time="0.006" />
  <system-out><![CDATA[/home/travis/build/icyphy/ptII/ptolemy/domains/de/test/DependencyLoop.tcl
testDefs.tcl: setting time out to 9000 seconds at Mon Jul 23 01:45:11 UTC 2018
15 ms. Memory: 116224K Free: 93446K (80%)
8 ms. Memory: 146944K Free: 135465K (92%)
/home/travis/build/icyphy/ptII/ptolemy/domains/de/test/RunDETestsAsQSS.tcl
Run the DE tests using ptolemy.domains.qss.test.QSSDirectorTest, which extends QSSDirector and prints a message in the constructors.
------------------ testing $PTII/ptolemy/domains/de/test/auto/knownFailedTests/dependencyLoop.xml (Known Failure) 
20 ms. Memory: 146944K Free: 132352K (90%)


==== $PTIIhome/travis/build/icyphy/ptII/ptolemy/domains/de/test/../../../../: Auto Automatic test in file $PTII/ptolemy/domains/de/test/auto/knownFailedTests/dependencyLoop.xml
==== Contents of test case:

	    # FIXME: we should use $relativeFilename here, but it
	    # might have backslashes under Windows, which causes no end
	    # of trouble.
	    createAndExecute $file
	    list {}
	
.... Test generated KNOWN error:
    while executing
ptolemy.kernel.util.IllegalActionException: Found a zero delay loop containing .dependencyLoop.original
  in .dependencyLoop and .dependencyLoop.original
	at ptolemy.actor.util.CausalityInterfaceForComposites._computeOutputPortDepth(CausalityInterfaceForComposites.java:759)
	at ptolemy.actor.util.CausalityInterfaceForComposites._computeInputDepth(CausalityInterfaceForComposites.java:696)
	at ptolemy.actor.util.CausalityInterfaceForComposites._computeOutputPortDepth(CausalityInterfaceForComposites.java:765)
	at ptolemy.actor.util.CausalityInterfaceForComposites._computeInputDepth(CausalityInterfaceForComposites.java:696)
	at ptolemy.actor.util.CausalityInterfaceForComposites._computeOutputPortDepth(CausalityInterfaceForComposites.java:765)
	at ptolemy.actor.util.CausalityInterfaceForComposites._computeInputDepth(CausalityInterfaceForComposites.java:696)
	at ptolemy.actor.util.CausalityInterfaceForComposites._computeActorDepth(CausalityInterfaceForComposites.java:532)
	at ptolemy.actor.util.CausalityInterfaceForComposites.checkForCycles(CausalityInterfaceForComposites.java:96)
	at ptolemy.domains.de.kernel.DEDirector.preinitialize(DEDirector.java:1338)
	at ptolemy.actor.CompositeActor.preinitialize(CompositeActor.java:1828)
	at ptolemy.actor.Manager.preinitializeAndResolveTypes(Manager.java:1040)
	at ptolemy.actor.Manager.initialize(Manager.java:710)
	at ptolemy.actor.Manager.execute(Manager.java:356)
	at ptolemy.actor.Manager.run(Manager.java:1263)
	at ptolemy.actor.Manager$PtolemyRunThread.run(Manager.java:1915)

    while executing
ptolemy.kernel.util.IllegalActionException: Found a zero delay loop containing .dependencyLoop.original
  in .dependencyLoop and .dependencyLoop.original
    while executing
"java::new ptolemy.moml.MoMLSimpleApplication $file
"
    (procedure "createAndExecute" line 2)
    invoked from within
"createAndExecute $file"
    ("uplevel" body line 5)
    invoked from within
"uplevel $contents_of_test"
------------------ testing $PTII/ptolemy/domains/de/test/auto/knownFailedTests/DESDFClockTest.xml (Known Failure) 
2082 ms. Memory: 146944K Free: 116622K (79%)


==== $PTIIhome/travis/build/icyphy/ptII/ptolemy/domains/de/test/../../../../: Auto Automatic test in file $PTII/ptolemy/domains/de/test/auto/knownFailedTests/DESDFClockTest.xml
==== Contents of test case:

	    # FIXME: we should use $relativeFilename here, but it
	    # might have backslashes under Windows, which causes no end
	    # of trouble.
	    createAndExecute $file
	    list {}
	
.... Test generated KNOWN error:
    while executing
ptolemy.kernel.util.IllegalActionException: Actor is not ready to fire.  Perhaps UpSample.prefire() returned false? Try debugging the actor by selecting "Listen to Actor".  Also, for SDF check moml for tokenConsumptionRate on input.
  in .DESDFClockTest.Play Bell.Copy1:SDF Director and .DESDFClockTest.Play Bell.UpSample
	at ptolemy.actor.sched.StaticSchedulingDirector.fire(StaticSchedulingDirector.java:227)
	at ptolemy.domains.sdf.kernel.SDFDirector.fire(SDFDirector.java:500)
	at ptolemy.actor.CompositeActor.fire(CompositeActor.java:455)
	at ptolemy.domains.de.kernel.DEDirector._fire(DEDirector.java:1949)
	at ptolemy.domains.de.kernel.DEDirector.fire(DEDirector.java:502)
	at ptolemy.actor.CompositeActor.fire(CompositeActor.java:455)
	at ptolemy.actor.Manager.iterate(Manager.java:851)
	at ptolemy.actor.Manager.execute(Manager.java:369)
	at ptolemy.actor.Manager.run(Manager.java:1263)
	at ptolemy.actor.Manager$PtolemyRunThread.run(Manager.java:1915)

    while executing
ptolemy.kernel.util.IllegalActionException: Actor is not ready to fire.  Perhaps UpSample.prefire() returned false? Try debugging the actor by selecting "Listen to Actor".  Also, for SDF check moml for tokenConsumptionRate on input.
  in .DESDFClockTest.Play Bell.Copy1:SDF Director and .DESDFClockTest.Play Bell.UpSample
    while executing
"java::new ptolemy.moml.MoMLSimpleApplication $file
"
    (procedure "createAndExecute" line 2)
    invoked from within
"createAndExecute $file"
    ("uplevel" body line 5)
    invoked from within
"uplevel $contents_of_test"
------------------ testing $PTII/ptolemy/domains/de/test/auto/knownFailedTests/FSMSource.xml (Known Failure) 
20 ms. Memory: 146944K Free: 107692K (73%)
!!!! Auto was marked as failing, but now passes
------------------ testing $PTII/ptolemy/domains/de/test/auto/knownFailedTests/dependencyLoop2.xml (Known Failure) 
6 ms. Memory: 146944K Free: 105809K (72%)


==== $PTIIhome/travis/build/icyphy/ptII/ptolemy/domains/de/test/../../../../: Auto Automatic test in file $PTII/ptolemy/domains/de/test/auto/knownFailedTests/dependencyLoop2.xml
==== Contents of test case:

	    # FIXME: we should use $relativeFilename here, but it
	    # might have backslashes under Windows, which causes no end
	    # of trouble.
	    createAndExecute $file
	    list {}
	
.... Test generated KNOWN error:
    while executing
ptolemy.kernel.util.IllegalActionException: Found a zero delay loop containing .dependencyLoop2.original
  in .dependencyLoop2 and .dependencyLoop2.original
	at ptolemy.actor.util.CausalityInterfaceForComposites._computeOutputPortDepth(CausalityInterfaceForComposites.java:759)
	at ptolemy.actor.util.CausalityInterfaceForComposites._computeInputDepth(CausalityInterfaceForComposites.java:696)
	at ptolemy.actor.util.CausalityInterfaceForComposites._computeOutputPortDepth(CausalityInterfaceForComposites.java:765)
	at ptolemy.actor.util.CausalityInterfaceForComposites._computeInputDepth(CausalityInterfaceForComposites.java:696)
	at ptolemy.actor.util.CausalityInterfaceForComposites._computeOutputPortDepth(CausalityInterfaceForComposites.java:765)
	at ptolemy.actor.util.CausalityInterfaceForComposites._computeInputDepth(CausalityInterfaceForComposites.java:696)
	at ptolemy.actor.util.CausalityInterfaceForComposites._computeActorDepth(CausalityInterfaceForComposites.java:532)
	at ptolemy.actor.util.CausalityInterfaceForComposites.checkForCycles(CausalityInterfaceForComposites.java:96)
	at ptolemy.domains.de.kernel.DEDirector.preinitialize(DEDirector.java:1338)
	at ptolemy.actor.CompositeActor.preinitialize(CompositeActor.java:1828)
	at ptolemy.actor.Manager.preinitializeAndResolveTypes(Manager.java:1040)
	at ptolemy.actor.Manager.initialize(Manager.java:710)
	at ptolemy.actor.Manager.execute(Manager.java:356)
	at ptolemy.actor.Manager.run(Manager.java:1263)
	at ptolemy.actor.Manager$PtolemyRunThread.run(Manager.java:1915)

    while executing
ptolemy.kernel.util.IllegalActionException: Found a zero delay loop containing .dependencyLoop2.original
  in .dependencyLoop2 and .dependencyLoop2.original
    while executing
"java::new ptolemy.moml.MoMLSimpleApplication $file
"
    (procedure "createAndExecute" line 2)
    invoked from within
"createAndExecute $file"
    ("uplevel" body line 5)
    invoked from within
"uplevel $contents_of_test"
------------------ testing $PTII/ptolemy/domains/de/test/auto/knownFailedTests/HierarchicalModel.xml (Known Failure) 
4 ms. Memory: 146944K Free: 84247K (57%)


==== $PTIIhome/travis/build/icyphy/ptII/ptolemy/domains/de/test/../../../../: Auto Automatic test in file $PTII/ptolemy/domains/de/test/auto/knownFailedTests/HierarchicalModel.xml
==== Contents of test case:

	    # FIXME: we should use $relativeFilename here, but it
	    # might have backslashes under Windows, which causes no end
	    # of trouble.
	    createAndExecute $file
	    list {}
	
.... Test generated KNOWN error:
    while executing
ptolemy.kernel.util.IllegalActionException: Found a zero delay loop containing .HierarchicalModel.A
  in .HierarchicalModel and .HierarchicalModel.A
	at ptolemy.actor.util.CausalityInterfaceForComposites._computeOutputPortDepth(CausalityInterfaceForComposites.java:759)
	at ptolemy.actor.util.CausalityInterfaceForComposites._computeInputDepth(CausalityInterfaceForComposites.java:696)
	at ptolemy.actor.util.CausalityInterfaceForComposites._computeOutputPortDepth(CausalityInterfaceForComposites.java:765)
	at ptolemy.actor.util.CausalityInterfaceForComposites._computeInputDepth(CausalityInterfaceForComposites.java:696)
	at ptolemy.actor.util.CausalityInterfaceForComposites._computeOutputPortDepth(CausalityInterfaceForComposites.java:765)
	at ptolemy.actor.util.CausalityInterfaceForComposites._computeInputDepth(CausalityInterfaceForComposites.java:696)
	at ptolemy.actor.util.CausalityInterfaceForComposites._computeActorDepth(CausalityInterfaceForComposites.java:532)
	at ptolemy.actor.util.CausalityInterfaceForComposites.checkForCycles(CausalityInterfaceForComposites.java:96)
	at ptolemy.domains.de.kernel.DEDirector.preinitialize(DEDirector.java:1338)
	at ptolemy.actor.CompositeActor.preinitialize(CompositeActor.java:1828)
	at ptolemy.actor.Manager.preinitializeAndResolveTypes(Manager.java:1040)
	at ptolemy.actor.Manager.initialize(Manager.java:710)
	at ptolemy.actor.Manager.execute(Manager.java:356)
	at ptolemy.actor.Manager.run(Manager.java:1263)
	at ptolemy.actor.Manager$PtolemyRunThread.run(Manager.java:1915)

    while executing
ptolemy.kernel.util.IllegalActionException: Found a zero delay loop containing .HierarchicalModel.A
  in .HierarchicalModel and .HierarchicalModel.A
    while executing
"java::new ptolemy.moml.MoMLSimpleApplication $file
"
    (procedure "createAndExecute" line 2)
    invoked from within
"createAndExecute $file"
    ("uplevel" body line 5)
    invoked from within
"uplevel $contents_of_test"
------------------ testing $PTII/ptolemy/domains/de/test/auto/knownFailedTests/DirectFeedback.xml (Known Failure) 
3 ms. Memory: 146944K Free: 141106K (96%)


==== $PTIIhome/travis/build/icyphy/ptII/ptolemy/domains/de/test/../../../../: Auto Automatic test in file $PTII/ptolemy/domains/de/test/auto/knownFailedTests/DirectFeedback.xml
==== Contents of test case:

	    # FIXME: we should use $relativeFilename here, but it
	    # might have backslashes under Windows, which causes no end
	    # of trouble.
	    createAndExecute $file
	    list {}
	
.... Test generated KNOWN error:
    while executing
ptolemy.kernel.util.IllegalActionException: Test fails in iteration 1.
Value was: 1.0. Should have been: 2.0
  in .DirectFeedback.Test
	at ptolemy.actor.lib.Test.fire(Test.java:268)
	at ptolemy.domains.de.kernel.DEDirector._fire(DEDirector.java:1949)
	at ptolemy.domains.de.kernel.DEDirector.fire(DEDirector.java:502)
	at ptolemy.actor.CompositeActor.fire(CompositeActor.java:455)
	at ptolemy.actor.Manager.iterate(Manager.java:851)
	at ptolemy.actor.Manager.execute(Manager.java:369)
	at ptolemy.actor.Manager.run(Manager.java:1263)
	at ptolemy.actor.Manager$PtolemyRunThread.run(Manager.java:1915)

    while executing
ptolemy.kernel.util.IllegalActionException: Test fails in iteration 1.
Value was: 1.0. Should have been: 2.0
  in .DirectFeedback.Test
    while executing
"java::new ptolemy.moml.MoMLSimpleApplication $file
"
    (procedure "createAndExecute" line 2)
    invoked from within
"createAndExecute $file"
    ("uplevel" body line 5)
    invoked from within
"uplevel $contents_of_test"
------------------ testing $PTII/ptolemy/domains/de/test/auto/ActorDepthCalculation_actorWithoutPorts.xml
auto.tcl: Setting watchdog for 200 seconds at Mon Jul 23 01:45:14 UTC 2018
4 ms. Memory: 146944K Free: 132400K (90%)
ptolemy.util.test.WatchDog.cancel(): canceling Mon Jul 23 01:45:14 UTC 2018
auto.tcl: Setting watchdog for 200 seconds at Mon Jul 23 01:45:14 UTC 2018
4 ms. Memory: 146944K Free: 131359K (89%)
ptolemy.util.test.WatchDog.cancel(): canceling Mon Jul 23 01:45:14 UTC 2018
------------------ testing $PTII/ptolemy/domains/de/test/auto/AssemblyLine.xml
auto.tcl: Setting watchdog for 200 seconds at Mon Jul 23 01:45:15 UTC 2018
19 ms. Memory: 208384K Free: 182824K (88%)
ptolemy.util.test.WatchDog.cancel(): canceling Mon Jul 23 01:45:15 UTC 2018
auto.tcl: Setting watchdog for 200 seconds at Mon Jul 23 01:45:15 UTC 2018
11 ms. Memory: 208384K Free: 182824K (88%)
ptolemy.util.test.WatchDog.cancel(): canceling Mon Jul 23 01:45:15 UTC 2018
------------------ testing $PTII/ptolemy/domains/de/test/auto/CQBug1.xml
auto.tcl: Setting watchdog for 200 seconds at Mon Jul 23 01:45:15 UTC 2018
10 ms. Memory: 208384K Free: 197704K (95%)
ptolemy.util.test.WatchDog.cancel(): canceling Mon Jul 23 01:45:15 UTC 2018
auto.tcl: Setting watchdog for 200 seconds at Mon Jul 23 01:45:15 UTC 2018
2 ms. Memory: 208384K Free: 197704K (95%)
ptolemy.util.test.WatchDog.cancel(): canceling Mon Jul 23 01:45:15 UTC 2018
------------------ testing $PTII/ptolemy/domains/de/test/auto/CancelFireAt.xml
auto.tcl: Setting watchdog for 200 seconds at Mon Jul 23 01:45:15 UTC 2018
3 ms. Memory: 208384K Free: 201422K (97%)
ptolemy.util.test.WatchDog.cancel(): canceling Mon Jul 23 01:45:15 UTC 2018
auto.tcl: Setting watchdog for 200 seconds at Mon Jul 23 01:45:15 UTC 2018
2 ms. Memory: 208384K Free: 199318K (96%)
ptolemy.util.test.WatchDog.cancel(): canceling Mon Jul 23 01:45:15 UTC 2018
------------------ testing $PTII/ptolemy/domains/de/test/auto/CausalityAndComposabilityAnalysis.xml
auto.tcl: Setting watchdog for 200 seconds at Mon Jul 23 01:45:15 UTC 2018
15 ms. Memory: 208384K Free: 196474K (94%)
ptolemy.util.test.WatchDog.cancel(): canceling Mon Jul 23 01:45:15 UTC 2018
auto.tcl: Setting watchdog for 200 seconds at Mon Jul 23 01:45:15 UTC 2018
5 ms. Memory: 208384K Free: 196474K (94%)
ptolemy.util.test.WatchDog.cancel(): canceling Mon Jul 23 01:45:15 UTC 2018
------------------ testing $PTII/ptolemy/domains/de/test/auto/CausalityInterface1.xml
auto.tcl: Setting watchdog for 200 seconds at Mon Jul 23 01:45:15 UTC 2018
13 ms. Memory: 208384K Free: 196410K (94%)
ptolemy.util.test.WatchDog.cancel(): canceling Mon Jul 23 01:45:15 UTC 2018
auto.tcl: Setting watchdog for 200 seconds at Mon Jul 23 01:45:15 UTC 2018
3 ms. Memory: 208384K Free: 196410K (94%)
ptolemy.util.test.WatchDog.cancel(): canceling Mon Jul 23 01:45:15 UTC 2018
------------------ testing $PTII/ptolemy/domains/de/test/auto/CausalityInterface15.xml
auto.tcl: Setting watchdog for 200 seconds at Mon Jul 23 01:45:15 UTC 2018
9 ms. Memory: 208384K Free: 196401K (94%)
ptolemy.util.test.WatchDog.cancel(): canceling Mon Jul 23 01:45:16 UTC 2018
auto.tcl: Setting watchdog for 200 seconds at Mon Jul 23 01:45:16 UTC 2018
8 ms. Memory: 208384K Free: 196401K (94%)
ptolemy.util.test.WatchDog.cancel(): canceling Mon Jul 23 01:45:16 UTC 2018
------------------ testing $PTII/ptolemy/domains/de/test/auto/CausalityInterface2.xml
auto.tcl: Setting watchdog for 200 seconds at Mon Jul 23 01:45:16 UTC 2018
8 ms. Memory: 208384K Free: 196384K (94%)
ptolemy.util.test.WatchDog.cancel(): canceling Mon Jul 23 01:45:16 UTC 2018
auto.tcl: Setting watchdog for 200 seconds at Mon Jul 23 01:45:16 UTC 2018
4 ms. Memory: 208384K Free: 196384K (94%)
ptolemy.util.test.WatchDog.cancel(): canceling Mon Jul 23 01:45:16 UTC 2018
------------------ testing $PTII/ptolemy/domains/de/test/auto/CausalityInterface3.xml
auto.tcl: Setting watchdog for 200 seconds at Mon Jul 23 01:45:16 UTC 2018
6 ms. Memory: 208384K Free: 196397K (94%)
ptolemy.util.test.WatchDog.cancel(): canceling Mon Jul 23 01:45:16 UTC 2018
auto.tcl: Setting watchdog for 200 seconds at Mon Jul 23 01:45:16 UTC 2018
3 ms. Memory: 208384K Free: 196397K (94%)
ptolemy.util.test.WatchDog.cancel(): canceling Mon Jul 23 01:45:16 UTC 2018
------------------ testing $PTII/ptolemy/domains/de/test/auto/ClockDrift.xml
auto.tcl: Setting watchdog for 200 seconds at Mon Jul 23 01:45:16 UTC 2018
51 ms. Memory: 208384K Free: 187615K (90%)
ptolemy.util.test.WatchDog.cancel(): canceling Mon Jul 23 01:45:16 UTC 2018
auto.tcl: Setting watchdog for 200 seconds at Mon Jul 23 01:45:16 UTC 2018
44 ms. Memory: 208384K Free: 185511K (89%)
ptolemy.util.test.WatchDog.cancel(): canceling Mon Jul 23 01:45:16 UTC 2018
------------------ testing $PTII/ptolemy/domains/de/test/auto/ClockDriftAndValueChange.xml
auto.tcl: Setting watchdog for 200 seconds at Mon Jul 23 01:45:16 UTC 2018
46 ms. Memory: 208384K Free: 187451K (90%)
ptolemy.util.test.WatchDog.cancel(): canceling Mon Jul 23 01:45:16 UTC 2018
auto.tcl: Setting watchdog for 200 seconds at Mon Jul 23 01:45:16 UTC 2018
28 ms. Memory: 208384K Free: 185347K (89%)
ptolemy.util.test.WatchDog.cancel(): canceling Mon Jul 23 01:45:16 UTC 2018
------------------ testing $PTII/ptolemy/domains/de/test/auto/ClockDriftChange.xml
auto.tcl: Setting watchdog for 200 seconds at Mon Jul 23 01:45:16 UTC 2018
34 ms. Memory: 208384K Free: 190785K (92%)
ptolemy.util.test.WatchDog.cancel(): canceling Mon Jul 23 01:45:16 UTC 2018
auto.tcl: Setting watchdog for 200 seconds at Mon Jul 23 01:45:16 UTC 2018
25 ms. Memory: 208384K Free: 188680K (91%)
ptolemy.util.test.WatchDog.cancel(): canceling Mon Jul 23 01:45:16 UTC 2018
------------------ testing $PTII/ptolemy/domains/de/test/auto/ComposableCausalityAnalysis.xml
auto.tcl: Setting watchdog for 200 seconds at Mon Jul 23 01:45:16 UTC 2018
2 ms. Memory: 208384K Free: 196594K (94%)
ptolemy.util.test.WatchDog.cancel(): canceling Mon Jul 23 01:45:16 UTC 2018
auto.tcl: Setting watchdog for 200 seconds at Mon Jul 23 01:45:16 UTC 2018
2 ms. Memory: 208384K Free: 194490K (93%)
ptolemy.util.test.WatchDog.cancel(): canceling Mon Jul 23 01:45:16 UTC 2018
------------------ testing $PTII/ptolemy/domains/de/test/auto/DEFixedPointLimitation.xml
auto.tcl: Setting watchdog for 200 seconds at Mon Jul 23 01:45:16 UTC 2018
2 ms. Memory: 208384K Free: 196135K (94%)
ptolemy.util.test.WatchDog.cancel(): canceling Mon Jul 23 01:45:16 UTC 2018
auto.tcl: Setting watchdog for 200 seconds at Mon Jul 23 01:45:16 UTC 2018
1 ms. Memory: 208384K Free: 196135K (94%)
ptolemy.util.test.WatchDog.cancel(): canceling Mon Jul 23 01:45:16 UTC 2018
------------------ testing $PTII/ptolemy/domains/de/test/auto/DEScheduleTest.xml
auto.tcl: Setting watchdog for 200 seconds at Mon Jul 23 01:45:16 UTC 2018
7 ms. Memory: 208384K Free: 198274K (95%)
ptolemy.util.test.WatchDog.cancel(): canceling Mon Jul 23 01:45:17 UTC 2018
auto.tcl: Setting watchdog for 200 seconds at Mon Jul 23 01:45:17 UTC 2018
3 ms. Memory: 208384K Free: 196169K (94%)
ptolemy.util.test.WatchDog.cancel(): canceling Mon Jul 23 01:45:17 UTC 2018
------------------ testing $PTII/ptolemy/domains/de/test/auto/DEinDEwithStartTimes.xml
auto.tcl: Setting watchdog for 200 seconds at Mon Jul 23 01:45:17 UTC 2018
5 ms. Memory: 208384K Free: 196139K (94%)
ptolemy.util.test.WatchDog.cancel(): canceling Mon Jul 23 01:45:17 UTC 2018
auto.tcl: Setting watchdog for 200 seconds at Mon Jul 23 01:45:17 UTC 2018
3 ms. Memory: 208384K Free: 194035K (93%)
ptolemy.util.test.WatchDog.cancel(): canceling Mon Jul 23 01:45:17 UTC 2018
------------------ testing $PTII/ptolemy/domains/de/test/auto/DEinDEwithStartTimes2.xml
auto.tcl: Setting watchdog for 200 seconds at Mon Jul 23 01:45:17 UTC 2018
4 ms. Memory: 208384K Free: 196117K (94%)
ptolemy.util.test.WatchDog.cancel(): canceling Mon Jul 23 01:45:17 UTC 2018
auto.tcl: Setting watchdog for 200 seconds at Mon Jul 23 01:45:17 UTC 2018
6 ms. Memory: 208384K Free: 194013K (93%)
ptolemy.util.test.WatchDog.cancel(): canceling Mon Jul 23 01:45:17 UTC 2018
------------------ testing $PTII/ptolemy/domains/de/test/auto/DateDemo.xml
auto.tcl: Setting watchdog for 200 seconds at Mon Jul 23 01:45:17 UTC 2018
11 ms. Memory: 208384K Free: 188533K (90%)
ptolemy.util.test.WatchDog.cancel(): canceling Mon Jul 23 01:45:17 UTC 2018
auto.tcl: Setting watchdog for 200 seconds at Mon Jul 23 01:45:17 UTC 2018
6 ms. Memory: 208384K Free: 186429K (89%)
ptolemy.util.test.WatchDog.cancel(): canceling Mon Jul 23 01:45:17 UTC 2018
------------------ testing $PTII/ptolemy/domains/de/test/auto/DateToEvent.xml
auto.tcl: Setting watchdog for 200 seconds at Mon Jul 23 01:45:17 UTC 2018
2023 ms. Memory: 208384K Free: 183242K (88%)
ptolemy.util.test.WatchDog.cancel(): canceling Mon Jul 23 01:45:19 UTC 2018
auto.tcl: Setting watchdog for 200 seconds at Mon Jul 23 01:45:19 UTC 2018
2005 ms. Memory: 208384K Free: 183242K (88%)
ptolemy.util.test.WatchDog.cancel(): canceling Mon Jul 23 01:45:21 UTC 2018
------------------ testing $PTII/ptolemy/domains/de/test/auto/DepthTest1.xml
auto.tcl: Setting watchdog for 200 seconds at Mon Jul 23 01:45:21 UTC 2018
2 ms. Memory: 208384K Free: 197801K (95%)
ptolemy.util.test.WatchDog.cancel(): canceling Mon Jul 23 01:45:21 UTC 2018
auto.tcl: Setting watchdog for 200 seconds at Mon Jul 23 01:45:21 UTC 2018
1 ms. Memory: 208384K Free: 197801K (95%)
ptolemy.util.test.WatchDog.cancel(): canceling Mon Jul 23 01:45:21 UTC 2018
------------------ testing $PTII/ptolemy/domains/de/test/auto/DepthTest2.xml
auto.tcl: Setting watchdog for 200 seconds at Mon Jul 23 01:45:21 UTC 2018
6 ms. Memory: 208384K Free: 193994K (93%)
ptolemy.util.test.WatchDog.cancel(): canceling Mon Jul 23 01:45:21 UTC 2018
auto.tcl: Setting watchdog for 200 seconds at Mon Jul 23 01:45:21 UTC 2018
4 ms. Memory: 208384K Free: 193994K (93%)
ptolemy.util.test.WatchDog.cancel(): canceling Mon Jul 23 01:45:21 UTC 2018
------------------ testing $PTII/ptolemy/domains/de/test/auto/DepthTest3.xml
auto.tcl: Setting watchdog for 200 seconds at Mon Jul 23 01:45:21 UTC 2018
3 ms. Memory: 208384K Free: 198136K (95%)
ptolemy.util.test.WatchDog.cancel(): canceling Mon Jul 23 01:45:21 UTC 2018
auto.tcl: Setting watchdog for 200 seconds at Mon Jul 23 01:45:21 UTC 2018
2 ms. Memory: 208384K Free: 198136K (95%)
ptolemy.util.test.WatchDog.cancel(): canceling Mon Jul 23 01:45:21 UTC 2018
------------------ testing $PTII/ptolemy/domains/de/test/auto/DepthTest4.xml
auto.tcl: Setting watchdog for 200 seconds at Mon Jul 23 01:45:21 UTC 2018
6 ms. Memory: 208384K Free: 196118K (94%)
ptolemy.util.test.WatchDog.cancel(): canceling Mon Jul 23 01:45:21 UTC 2018
auto.tcl: Setting watchdog for 200 seconds at Mon Jul 23 01:45:21 UTC 2018
2 ms. Memory: 208384K Free: 196118K (94%)
ptolemy.util.test.WatchDog.cancel(): canceling Mon Jul 23 01:45:21 UTC 2018
------------------ testing $PTII/ptolemy/domains/de/test/auto/DepthTest5.xml
auto.tcl: Setting watchdog for 200 seconds at Mon Jul 23 01:45:21 UTC 2018
8 ms. Memory: 208384K Free: 196066K (94%)
ptolemy.util.test.WatchDog.cancel(): canceling Mon Jul 23 01:45:21 UTC 2018
auto.tcl: Setting watchdog for 200 seconds at Mon Jul 23 01:45:21 UTC 2018
2 ms. Memory: 208384K Free: 196066K (94%)
ptolemy.util.test.WatchDog.cancel(): canceling Mon Jul 23 01:45:21 UTC 2018
------------------ testing $PTII/ptolemy/domains/de/test/auto/DepthTest6.xml
auto.tcl: Setting watchdog for 200 seconds at Mon Jul 23 01:45:21 UTC 2018
7 ms. Memory: 208384K Free: 196371K (94%)
ptolemy.util.test.WatchDog.cancel(): canceling Mon Jul 23 01:45:21 UTC 2018
auto.tcl: Setting watchdog for 200 seconds at Mon Jul 23 01:45:21 UTC 2018
2 ms. Memory: 208384K Free: 196371K (94%)
ptolemy.util.test.WatchDog.cancel(): canceling Mon Jul 23 01:45:21 UTC 2018
------------------ testing $PTII/ptolemy/domains/de/test/auto/DepthTest7.xml
auto.tcl: Setting watchdog for 200 seconds at Mon Jul 23 01:45:21 UTC 2018
2 ms. Memory: 208384K Free: 196024K (94%)
ptolemy.util.test.WatchDog.cancel(): canceling Mon Jul 23 01:45:21 UTC 2018
auto.tcl: Setting watchdog for 200 seconds at Mon Jul 23 01:45:21 UTC 2018
1 ms. Memory: 208384K Free: 196024K (94%)
ptolemy.util.test.WatchDog.cancel(): canceling Mon Jul 23 01:45:21 UTC 2018
------------------ testing $PTII/ptolemy/domains/de/test/auto/EventToDate.xml
auto.tcl: Setting watchdog for 200 seconds at Mon Jul 23 01:45:22 UTC 2018
3010 ms. Memory: 208384K Free: 183065K (88%)
ptolemy.util.test.WatchDog.cancel(): canceling Mon Jul 23 01:45:25 UTC 2018
auto.tcl: Setting watchdog for 200 seconds at Mon Jul 23 01:45:25 UTC 2018
3003 ms. Memory: 208384K Free: 183065K (88%)
ptolemy.util.test.WatchDog.cancel(): canceling Mon Jul 23 01:45:28 UTC 2018
------------------ testing $PTII/ptolemy/domains/de/test/auto/FSM1.xml
auto.tcl: Setting watchdog for 200 seconds at Mon Jul 23 01:45:28 UTC 2018
16 ms. Memory: 208384K Free: 189067K (91%)
ptolemy.util.test.WatchDog.cancel(): canceling Mon Jul 23 01:45:28 UTC 2018
auto.tcl: Setting watchdog for 200 seconds at Mon Jul 23 01:45:28 UTC 2018
13 ms. Memory: 208384K Free: 184858K (89%)
ptolemy.util.test.WatchDog.cancel(): canceling Mon Jul 23 01:45:28 UTC 2018
------------------ testing $PTII/ptolemy/domains/de/test/auto/FSM7.xml
auto.tcl: Setting watchdog for 200 seconds at Mon Jul 23 01:45:28 UTC 2018
27 ms. Memory: 208384K Free: 186748K (90%)
ptolemy.util.test.WatchDog.cancel(): canceling Mon Jul 23 01:45:28 UTC 2018
auto.tcl: Setting watchdog for 200 seconds at Mon Jul 23 01:45:28 UTC 2018
18 ms. Memory: 208384K Free: 184643K (89%)
ptolemy.util.test.WatchDog.cancel(): canceling Mon Jul 23 01:45:28 UTC 2018
------------------ testing $PTII/ptolemy/domains/de/test/auto/Inspection.xml
auto.tcl: Setting watchdog for 200 seconds at Mon Jul 23 01:45:28 UTC 2018
29 ms. Memory: 208384K Free: 188298K (90%)
ptolemy.util.test.WatchDog.cancel(): canceling Mon Jul 23 01:45:28 UTC 2018
auto.tcl: Setting watchdog for 200 seconds at Mon Jul 23 01:45:28 UTC 2018
38 ms. Memory: 208384K Free: 186193K (89%)
ptolemy.util.test.WatchDog.cancel(): canceling Mon Jul 23 01:45:28 UTC 2018
------------------ testing $PTII/ptolemy/domains/de/test/auto/Iteration.xml
auto.tcl: Setting watchdog for 200 seconds at Mon Jul 23 01:45:28 UTC 2018
10 ms. Memory: 208384K Free: 195748K (94%)
ptolemy.util.test.WatchDog.cancel(): canceling Mon Jul 23 01:45:28 UTC 2018
auto.tcl: Setting watchdog for 200 seconds at Mon Jul 23 01:45:28 UTC 2018
6 ms. Memory: 208384K Free: 193643K (93%)
ptolemy.util.test.WatchDog.cancel(): canceling Mon Jul 23 01:45:28 UTC 2018
------------------ testing $PTII/ptolemy/domains/de/test/auto/LineFault.xml
auto.tcl: Setting watchdog for 200 seconds at Mon Jul 23 01:45:28 UTC 2018
692 ms. Memory: 208384K Free: 194239K (93%)
ptolemy.util.test.WatchDog.cancel(): canceling Mon Jul 23 01:45:29 UTC 2018
auto.tcl: Setting watchdog for 200 seconds at Mon Jul 23 01:45:29 UTC 2018
528 ms. Memory: 208384K Free: 136786K (66%)
ptolemy.util.test.WatchDog.cancel(): canceling Mon Jul 23 01:45:30 UTC 2018
------------------ testing $PTII/ptolemy/domains/de/test/auto/MergeModel1Add.xml
auto.tcl: Setting watchdog for 200 seconds at Mon Jul 23 01:45:30 UTC 2018
19 ms. Memory: 331264K Free: 298403K (90%)
ptolemy.util.test.WatchDog.cancel(): canceling Mon Jul 23 01:45:30 UTC 2018
auto.tcl: Setting watchdog for 200 seconds at Mon Jul 23 01:45:30 UTC 2018
13 ms. Memory: 331264K Free: 298403K (90%)
ptolemy.util.test.WatchDog.cancel(): canceling Mon Jul 23 01:45:30 UTC 2018
------------------ testing $PTII/ptolemy/domains/de/test/auto/MergeModel2Add.xml
auto.tcl: Setting watchdog for 200 seconds at Mon Jul 23 01:45:30 UTC 2018
11 ms. Memory: 331264K Free: 303688K (92%)
ptolemy.util.test.WatchDog.cancel(): canceling Mon Jul 23 01:45:30 UTC 2018
auto.tcl: Setting watchdog for 200 seconds at Mon Jul 23 01:45:30 UTC 2018
7 ms. Memory: 331264K Free: 299773K (90%)
ptolemy.util.test.WatchDog.cancel(): canceling Mon Jul 23 01:45:30 UTC 2018
------------------ testing $PTII/ptolemy/domains/de/test/auto/MergeModel3Add.xml
auto.tcl: Setting watchdog for 200 seconds at Mon Jul 23 01:45:30 UTC 2018
7 ms. Memory: 331264K Free: 303698K (92%)
ptolemy.util.test.WatchDog.cancel(): canceling Mon Jul 23 01:45:30 UTC 2018
auto.tcl: Setting watchdog for 200 seconds at Mon Jul 23 01:45:30 UTC 2018
6 ms. Memory: 331264K Free: 299783K (90%)
ptolemy.util.test.WatchDog.cancel(): canceling Mon Jul 23 01:45:30 UTC 2018
------------------ testing $PTII/ptolemy/domains/de/test/auto/MergeWithoutDiscard.xml
auto.tcl: Setting watchdog for 200 seconds at Mon Jul 23 01:45:30 UTC 2018
1 ms. Memory: 331264K Free: 319639K (96%)
ptolemy.util.test.WatchDog.cancel(): canceling Mon Jul 23 01:45:30 UTC 2018
auto.tcl: Setting watchdog for 200 seconds at Mon Jul 23 01:45:30 UTC 2018
1 ms. Memory: 331264K Free: 315721K (95%)
ptolemy.util.test.WatchDog.cancel(): canceling Mon Jul 23 01:45:30 UTC 2018
------------------ testing $PTII/ptolemy/domains/de/test/auto/Modal1.xml
auto.tcl: Setting watchdog for 200 seconds at Mon Jul 23 01:45:30 UTC 2018
11 ms. Memory: 331264K Free: 309372K (93%)
ptolemy.util.test.WatchDog.cancel(): canceling Mon Jul 23 01:45:30 UTC 2018
auto.tcl: Setting watchdog for 200 seconds at Mon Jul 23 01:45:30 UTC 2018
12 ms. Memory: 331264K Free: 305458K (92%)
ptolemy.util.test.WatchDog.cancel(): canceling Mon Jul 23 01:45:30 UTC 2018
------------------ testing $PTII/ptolemy/domains/de/test/auto/Modal2.xml
auto.tcl: Setting watchdog for 200 seconds at Mon Jul 23 01:45:30 UTC 2018
10 ms. Memory: 331264K Free: 304331K (92%)
ptolemy.util.test.WatchDog.cancel(): canceling Mon Jul 23 01:45:30 UTC 2018
auto.tcl: Setting watchdog for 200 seconds at Mon Jul 23 01:45:30 UTC 2018
10 ms. Memory: 331264K Free: 300416K (91%)
ptolemy.util.test.WatchDog.cancel(): canceling Mon Jul 23 01:45:30 UTC 2018
------------------ testing $PTII/ptolemy/domains/de/test/auto/Modal3.xml
auto.tcl: Setting watchdog for 200 seconds at Mon Jul 23 01:45:30 UTC 2018
15 ms. Memory: 331264K Free: 309245K (93%)
ptolemy.util.test.WatchDog.cancel(): canceling Mon Jul 23 01:45:30 UTC 2018
auto.tcl: Setting watchdog for 200 seconds at Mon Jul 23 01:45:30 UTC 2018
13 ms. Memory: 331264K Free: 305330K (92%)
ptolemy.util.test.WatchDog.cancel(): canceling Mon Jul 23 01:45:30 UTC 2018
------------------ testing $PTII/ptolemy/domains/de/test/auto/Modal4.xml
auto.tcl: Setting watchdog for 200 seconds at Mon Jul 23 01:45:31 UTC 2018
23 ms. Memory: 331264K Free: 309250K (93%)
ptolemy.util.test.WatchDog.cancel(): canceling Mon Jul 23 01:45:31 UTC 2018
auto.tcl: Setting watchdog for 200 seconds at Mon Jul 23 01:45:31 UTC 2018
13 ms. Memory: 331264K Free: 305335K (92%)
ptolemy.util.test.WatchDog.cancel(): canceling Mon Jul 23 01:45:31 UTC 2018
------------------ testing $PTII/ptolemy/domains/de/test/auto/Modal5.xml
auto.tcl: Setting watchdog for 200 seconds at Mon Jul 23 01:45:31 UTC 2018
16 ms. Memory: 331264K Free: 309236K (93%)
ptolemy.util.test.WatchDog.cancel(): canceling Mon Jul 23 01:45:31 UTC 2018
auto.tcl: Setting watchdog for 200 seconds at Mon Jul 23 01:45:31 UTC 2018
18 ms. Memory: 331264K Free: 305322K (92%)
ptolemy.util.test.WatchDog.cancel(): canceling Mon Jul 23 01:45:31 UTC 2018
------------------ testing $PTII/ptolemy/domains/de/test/auto/Modal6.xml
auto.tcl: Setting watchdog for 200 seconds at Mon Jul 23 01:45:31 UTC 2018
12 ms. Memory: 331264K Free: 309234K (93%)
ptolemy.util.test.WatchDog.cancel(): canceling Mon Jul 23 01:45:31 UTC 2018
auto.tcl: Setting watchdog for 200 seconds at Mon Jul 23 01:45:31 UTC 2018
12 ms. Memory: 331264K Free: 305319K (92%)
ptolemy.util.test.WatchDog.cancel(): canceling Mon Jul 23 01:45:31 UTC 2018
------------------ testing $PTII/ptolemy/domains/de/test/auto/Modal7.xml
auto.tcl: Setting watchdog for 200 seconds at Mon Jul 23 01:45:31 UTC 2018
14 ms. Memory: 331264K Free: 305319K (92%)
ptolemy.util.test.WatchDog.cancel(): canceling Mon Jul 23 01:45:31 UTC 2018
auto.tcl: Setting watchdog for 200 seconds at Mon Jul 23 01:45:31 UTC 2018
11 ms. Memory: 331264K Free: 305319K (92%)
ptolemy.util.test.WatchDog.cancel(): canceling Mon Jul 23 01:45:31 UTC 2018
------------------ testing $PTII/ptolemy/domains/de/test/auto/ModalModel.xml
auto.tcl: Setting watchdog for 200 seconds at Mon Jul 23 01:45:31 UTC 2018
188 ms. Memory: 331264K Free: 245848K (74%)
ptolemy.util.test.WatchDog.cancel(): canceling Mon Jul 23 01:45:31 UTC 2018
auto.tcl: Setting watchdog for 200 seconds at Mon Jul 23 01:45:31 UTC 2018
174 ms. Memory: 331264K Free: 190931K (58%)
ptolemy.util.test.WatchDog.cancel(): canceling Mon Jul 23 01:45:31 UTC 2018
------------------ testing $PTII/ptolemy/domains/de/test/auto/ModalSource.xml
auto.tcl: Setting watchdog for 200 seconds at Mon Jul 23 01:45:31 UTC 2018
5 ms. Memory: 331264K Free: 315968K (95%)
ptolemy.util.test.WatchDog.cancel(): canceling Mon Jul 23 01:45:31 UTC 2018
auto.tcl: Setting watchdog for 200 seconds at Mon Jul 23 01:45:31 UTC 2018
6 ms. Memory: 331264K Free: 312461K (94%)
ptolemy.util.test.WatchDog.cancel(): canceling Mon Jul 23 01:45:31 UTC 2018
------------------ testing $PTII/ptolemy/domains/de/test/auto/NonInterruptibleTimerZeroDelay.xml
auto.tcl: Setting watchdog for 200 seconds at Mon Jul 23 01:45:32 UTC 2018
4 ms. Memory: 331264K Free: 320298K (97%)
ptolemy.util.test.WatchDog.cancel(): canceling Mon Jul 23 01:45:32 UTC 2018
auto.tcl: Setting watchdog for 200 seconds at Mon Jul 23 01:45:32 UTC 2018
2 ms. Memory: 331264K Free: 316790K (96%)
ptolemy.util.test.WatchDog.cancel(): canceling Mon Jul 23 01:45:32 UTC 2018
------------------ testing $PTII/ptolemy/domains/de/test/auto/OpenQueueingNetwork.xml
auto.tcl: Setting watchdog for 200 seconds at Mon Jul 23 01:45:32 UTC 2018
2487 ms. Memory: 573952K Free: 413598K (72%)
ptolemy.util.test.WatchDog.cancel(): canceling Mon Jul 23 01:45:34 UTC 2018
auto.tcl: Setting watchdog for 200 seconds at Mon Jul 23 01:45:34 UTC 2018
2416 ms. Memory: 574464K Free: 318505K (55%)
ptolemy.util.test.WatchDog.cancel(): canceling Mon Jul 23 01:45:37 UTC 2018
------------------ testing $PTII/ptolemy/domains/de/test/auto/OpenQueuingNetwork.xml
auto.tcl: Setting watchdog for 200 seconds at Mon Jul 23 01:45:37 UTC 2018
220 ms. Memory: 1064960K Free: 937515K (88%)
ptolemy.util.test.WatchDog.cancel(): canceling Mon Jul 23 01:45:37 UTC 2018
auto.tcl: Setting watchdog for 200 seconds at Mon Jul 23 01:45:37 UTC 2018
218 ms. Memory: 1064960K Free: 881242K (83%)
ptolemy.util.test.WatchDog.cancel(): canceling Mon Jul 23 01:45:37 UTC 2018
------------------ testing $PTII/ptolemy/domains/de/test/auto/PeriodicSampler.xml
auto.tcl: Setting watchdog for 200 seconds at Mon Jul 23 01:45:37 UTC 2018
3 ms. Memory: 1065472K Free: 1026146K (96%)
ptolemy.util.test.WatchDog.cancel(): canceling Mon Jul 23 01:45:37 UTC 2018
auto.tcl: Setting watchdog for 200 seconds at Mon Jul 23 01:45:37 UTC 2018
1 ms. Memory: 1065472K Free: 1026146K (96%)
ptolemy.util.test.WatchDog.cancel(): canceling Mon Jul 23 01:45:37 UTC 2018
------------------ testing $PTII/ptolemy/domains/de/test/auto/PersistentIO.xml
auto.tcl: Setting watchdog for 200 seconds at Mon Jul 23 01:45:37 UTC 2018
10 ms. Memory: 1064960K Free: 1026215K (96%)
ptolemy.util.test.WatchDog.cancel(): canceling Mon Jul 23 01:45:37 UTC 2018
auto.tcl: Setting watchdog for 200 seconds at Mon Jul 23 01:45:37 UTC 2018
4 ms. Memory: 1064960K Free: 1026215K (96%)
ptolemy.util.test.WatchDog.cancel(): canceling Mon Jul 23 01:45:37 UTC 2018
------------------ testing $PTII/ptolemy/domains/de/test/auto/PortParameterResetOnInitialize.xml
auto.tcl: Setting watchdog for 200 seconds at Mon Jul 23 01:45:37 UTC 2018
2 ms. Memory: 1065472K Free: 1026590K (96%)
ptolemy.util.test.WatchDog.cancel(): canceling Mon Jul 23 01:45:37 UTC 2018
auto.tcl: Setting watchdog for 200 seconds at Mon Jul 23 01:45:37 UTC 2018
2 ms. Memory: 1065472K Free: 1026590K (96%)
ptolemy.util.test.WatchDog.cancel(): canceling Mon Jul 23 01:45:37 UTC 2018
------------------ testing $PTII/ptolemy/domains/de/test/auto/PortParameterUpdates.xml
auto.tcl: Setting watchdog for 200 seconds at Mon Jul 23 01:45:37 UTC 2018
3 ms. Memory: 1065472K Free: 1026723K (96%)
ptolemy.util.test.WatchDog.cancel(): canceling Mon Jul 23 01:45:37 UTC 2018
auto.tcl: Setting watchdog for 200 seconds at Mon Jul 23 01:45:37 UTC 2018
3 ms. Memory: 1065472K Free: 1026723K (96%)
ptolemy.util.test.WatchDog.cancel(): canceling Mon Jul 23 01:45:37 UTC 2018
------------------ testing $PTII/ptolemy/domains/de/test/auto/QueueAndServer.xml
auto.tcl: Setting watchdog for 200 seconds at Mon Jul 23 01:45:38 UTC 2018
12 ms. Memory: 1065472K Free: 1026205K (96%)
ptolemy.util.test.WatchDog.cancel(): canceling Mon Jul 23 01:45:38 UTC 2018
auto.tcl: Setting watchdog for 200 seconds at Mon Jul 23 01:45:38 UTC 2018
6 ms. Memory: 1065472K Free: 1026205K (96%)
ptolemy.util.test.WatchDog.cancel(): canceling Mon Jul 23 01:45:38 UTC 2018
------------------ testing $PTII/ptolemy/domains/de/test/auto/Records.xml
auto.tcl: Setting watchdog for 200 seconds at Mon Jul 23 01:45:38 UTC 2018
7 ms. Memory: 1065472K Free: 1035966K (97%)
ptolemy.util.test.WatchDog.cancel(): canceling Mon Jul 23 01:45:38 UTC 2018
auto.tcl: Setting watchdog for 200 seconds at Mon Jul 23 01:45:38 UTC 2018
2 ms. Memory: 1065472K Free: 1035966K (97%)
ptolemy.util.test.WatchDog.cancel(): canceling Mon Jul 23 01:45:38 UTC 2018
------------------ testing $PTII/ptolemy/domains/de/test/auto/ResetTransitionWithStartTime1.xml
auto.tcl: Setting watchdog for 200 seconds at Mon Jul 23 01:45:38 UTC 2018
10 ms. Memory: 1065472K Free: 1036474K (97%)
ptolemy.util.test.WatchDog.cancel(): canceling Mon Jul 23 01:45:38 UTC 2018
auto.tcl: Setting watchdog for 200 seconds at Mon Jul 23 01:45:38 UTC 2018
3 ms. Memory: 1065472K Free: 1035991K (97%)
ptolemy.util.test.WatchDog.cancel(): canceling Mon Jul 23 01:45:38 UTC 2018
------------------ testing $PTII/ptolemy/domains/de/test/auto/ResetTransitionWithStartTime2.xml
auto.tcl: Setting watchdog for 200 seconds at Mon Jul 23 01:45:38 UTC 2018
5 ms. Memory: 1064448K Free: 1035437K (97%)
ptolemy.util.test.WatchDog.cancel(): canceling Mon Jul 23 01:45:38 UTC 2018
auto.tcl: Setting watchdog for 200 seconds at Mon Jul 23 01:45:38 UTC 2018
5 ms. Memory: 1064448K Free: 1035437K (97%)
ptolemy.util.test.WatchDog.cancel(): canceling Mon Jul 23 01:45:38 UTC 2018
------------------ testing $PTII/ptolemy/domains/de/test/auto/ResetTransitionWithStartTime3.xml
auto.tcl: Setting watchdog for 200 seconds at Mon Jul 23 01:45:38 UTC 2018
9 ms. Memory: 1064960K Free: 1035466K (97%)
ptolemy.util.test.WatchDog.cancel(): canceling Mon Jul 23 01:45:38 UTC 2018
auto.tcl: Setting watchdog for 200 seconds at Mon Jul 23 01:45:38 UTC 2018
3 ms. Memory: 1064960K Free: 1035466K (97%)
ptolemy.util.test.WatchDog.cancel(): canceling Mon Jul 23 01:45:38 UTC 2018
------------------ testing $PTII/ptolemy/domains/de/test/auto/ResetTransitionWithStartTime4.xml
auto.tcl: Setting watchdog for 200 seconds at Mon Jul 23 01:45:38 UTC 2018
5 ms. Memory: 1064960K Free: 1035464K (97%)
ptolemy.util.test.WatchDog.cancel(): canceling Mon Jul 23 01:45:38 UTC 2018
auto.tcl: Setting watchdog for 200 seconds at Mon Jul 23 01:45:38 UTC 2018
3 ms. Memory: 1064960K Free: 1035464K (97%)
ptolemy.util.test.WatchDog.cancel(): canceling Mon Jul 23 01:45:38 UTC 2018
------------------ testing $PTII/ptolemy/domains/de/test/auto/ResettableTimer1.xml
auto.tcl: Setting watchdog for 200 seconds at Mon Jul 23 01:45:38 UTC 2018
2 ms. Memory: 1064960K Free: 1035460K (97%)
ptolemy.util.test.WatchDog.cancel(): canceling Mon Jul 23 01:45:38 UTC 2018
auto.tcl: Setting watchdog for 200 seconds at Mon Jul 23 01:45:38 UTC 2018
3 ms. Memory: 1064960K Free: 1035460K (97%)
ptolemy.util.test.WatchDog.cancel(): canceling Mon Jul 23 01:45:38 UTC 2018
------------------ testing $PTII/ptolemy/domains/de/test/auto/ResettableTimer2.xml
auto.tcl: Setting watchdog for 200 seconds at Mon Jul 23 01:45:38 UTC 2018
3 ms. Memory: 1064960K Free: 1036000K (97%)
ptolemy.util.test.WatchDog.cancel(): canceling Mon Jul 23 01:45:38 UTC 2018
auto.tcl: Setting watchdog for 200 seconds at Mon Jul 23 01:45:38 UTC 2018
1 ms. Memory: 1064960K Free: 1036000K (97%)
ptolemy.util.test.WatchDog.cancel(): canceling Mon Jul 23 01:45:38 UTC 2018
------------------ testing $PTII/ptolemy/domains/de/test/auto/ResettableTimer3.xml
auto.tcl: Setting watchdog for 200 seconds at Mon Jul 23 01:45:38 UTC 2018
1 ms. Memory: 1064960K Free: 1035517K (97%)
ptolemy.util.test.WatchDog.cancel(): canceling Mon Jul 23 01:45:38 UTC 2018
auto.tcl: Setting watchdog for 200 seconds at Mon Jul 23 01:45:38 UTC 2018
2 ms. Memory: 1064960K Free: 1035517K (97%)
ptolemy.util.test.WatchDog.cancel(): canceling Mon Jul 23 01:45:38 UTC 2018
------------------ testing $PTII/ptolemy/domains/de/test/auto/ResettableTimer4.xml
auto.tcl: Setting watchdog for 200 seconds at Mon Jul 23 01:45:38 UTC 2018
1 ms. Memory: 1063936K Free: 1034988K (97%)
ptolemy.util.test.WatchDog.cancel(): canceling Mon Jul 23 01:45:38 UTC 2018
auto.tcl: Setting watchdog for 200 seconds at Mon Jul 23 01:45:38 UTC 2018
2 ms. Memory: 1063936K Free: 1034988K (97%)
ptolemy.util.test.WatchDog.cancel(): canceling Mon Jul 23 01:45:38 UTC 2018
------------------ testing $PTII/ptolemy/domains/de/test/auto/ResettableTimer5.xml
auto.tcl: Setting watchdog for 200 seconds at Mon Jul 23 01:45:38 UTC 2018
3 ms. Memory: 1064448K Free: 1025678K (96%)
ptolemy.util.test.WatchDog.cancel(): canceling Mon Jul 23 01:45:38 UTC 2018
auto.tcl: Setting watchdog for 200 seconds at Mon Jul 23 01:45:38 UTC 2018
1 ms. Memory: 1064448K Free: 1025678K (96%)
ptolemy.util.test.WatchDog.cancel(): canceling Mon Jul 23 01:45:38 UTC 2018
------------------ testing $PTII/ptolemy/domains/de/test/auto/ResettableTimer6.xml
auto.tcl: Setting watchdog for 200 seconds at Mon Jul 23 01:45:38 UTC 2018
3 ms. Memory: 1064448K Free: 1025146K (96%)
ptolemy.util.test.WatchDog.cancel(): canceling Mon Jul 23 01:45:38 UTC 2018
auto.tcl: Setting watchdog for 200 seconds at Mon Jul 23 01:45:38 UTC 2018
2 ms. Memory: 1064448K Free: 1025146K (96%)
ptolemy.util.test.WatchDog.cancel(): canceling Mon Jul 23 01:45:38 UTC 2018
------------------ testing $PTII/ptolemy/domains/de/test/auto/ServerZeroDelay.xml
auto.tcl: Setting watchdog for 200 seconds at Mon Jul 23 01:45:38 UTC 2018
4 ms. Memory: 1064448K Free: 1035439K (97%)
ptolemy.util.test.WatchDog.cancel(): canceling Mon Jul 23 01:45:38 UTC 2018
auto.tcl: Setting watchdog for 200 seconds at Mon Jul 23 01:45:38 UTC 2018
2 ms. Memory: 1064448K Free: 1035439K (97%)
ptolemy.util.test.WatchDog.cancel(): canceling Mon Jul 23 01:45:38 UTC 2018
------------------ testing $PTII/ptolemy/domains/de/test/auto/SmartSender.xml
auto.tcl: Setting watchdog for 200 seconds at Mon Jul 23 01:45:38 UTC 2018
3001 ms. Memory: 1064448K Free: 1025614K (96%)
ptolemy.util.test.WatchDog.cancel(): canceling Mon Jul 23 01:45:41 UTC 2018
auto.tcl: Setting watchdog for 200 seconds at Mon Jul 23 01:45:41 UTC 2018
3003 ms. Memory: 1064448K Free: 1025614K (96%)
ptolemy.util.test.WatchDog.cancel(): canceling Mon Jul 23 01:45:44 UTC 2018
------------------ testing $PTII/ptolemy/domains/de/test/auto/ThreadedComposite.xml
auto.tcl: Setting watchdog for 200 seconds at Mon Jul 23 01:45:44 UTC 2018
211 ms. Memory: 1064448K Free: 1005505K (94%)
ptolemy.util.test.WatchDog.cancel(): canceling Mon Jul 23 01:45:45 UTC 2018
auto.tcl: Setting watchdog for 200 seconds at Mon Jul 23 01:45:45 UTC 2018
195 ms. Memory: 1064448K Free: 971773K (91%)
ptolemy.util.test.WatchDog.cancel(): canceling Mon Jul 23 01:45:45 UTC 2018
------------------ testing $PTII/ptolemy/domains/de/test/auto/Time.xml
auto.tcl: Setting watchdog for 200 seconds at Mon Jul 23 01:45:45 UTC 2018
477 ms. Memory: 1064448K Free: 985576K (93%)
ptolemy.util.test.WatchDog.cancel(): canceling Mon Jul 23 01:45:45 UTC 2018
auto.tcl: Setting watchdog for 200 seconds at Mon Jul 23 01:45:45 UTC 2018
446 ms. Memory: 1064448K Free: 929273K (87%)
ptolemy.util.test.WatchDog.cancel(): canceling Mon Jul 23 01:45:46 UTC 2018
------------------ testing $PTII/ptolemy/domains/de/test/auto/TimeDelayZeroDelay.xml
auto.tcl: Setting watchdog for 200 seconds at Mon Jul 23 01:45:46 UTC 2018
2 ms. Memory: 1064448K Free: 1034875K (97%)
ptolemy.util.test.WatchDog.cancel(): canceling Mon Jul 23 01:45:46 UTC 2018
auto.tcl: Setting watchdog for 200 seconds at Mon Jul 23 01:45:46 UTC 2018
2 ms. Memory: 1064448K Free: 1034875K (97%)
ptolemy.util.test.WatchDog.cancel(): canceling Mon Jul 23 01:45:46 UTC 2018
------------------ testing $PTII/ptolemy/domains/de/test/auto/TimerZeroDelay.xml
auto.tcl: Setting watchdog for 200 seconds at Mon Jul 23 01:45:46 UTC 2018
3 ms. Memory: 1063424K Free: 1034376K (97%)
ptolemy.util.test.WatchDog.cancel(): canceling Mon Jul 23 01:45:46 UTC 2018
auto.tcl: Setting watchdog for 200 seconds at Mon Jul 23 01:45:46 UTC 2018
1 ms. Memory: 1063424K Free: 1034376K (97%)
ptolemy.util.test.WatchDog.cancel(): canceling Mon Jul 23 01:45:46 UTC 2018
------------------ testing $PTII/ptolemy/domains/de/test/auto/TimingParadox.xml
auto.tcl: Setting watchdog for 200 seconds at Mon Jul 23 01:45:46 UTC 2018
346 ms. Memory: 1063936K Free: 976778K (92%)
ptolemy.util.test.WatchDog.cancel(): canceling Mon Jul 23 01:45:47 UTC 2018
auto.tcl: Setting watchdog for 200 seconds at Mon Jul 23 01:45:47 UTC 2018
314 ms. Memory: 1063936K Free: 934551K (88%)
ptolemy.util.test.WatchDog.cancel(): canceling Mon Jul 23 01:45:47 UTC 2018
------------------ testing $PTII/ptolemy/domains/de/test/auto/TransferInputs.xml
auto.tcl: Setting watchdog for 200 seconds at Mon Jul 23 01:45:47 UTC 2018
1 ms. Memory: 1063424K Free: 1033291K (97%)
ptolemy.util.test.WatchDog.cancel(): canceling Mon Jul 23 01:45:47 UTC 2018
auto.tcl: Setting watchdog for 200 seconds at Mon Jul 23 01:45:47 UTC 2018
1 ms. Memory: 1063424K Free: 1033291K (97%)
ptolemy.util.test.WatchDog.cancel(): canceling Mon Jul 23 01:45:47 UTC 2018
------------------ testing $PTII/ptolemy/domains/de/test/auto/TransferOutputs2.xml
auto.tcl: Setting watchdog for 200 seconds at Mon Jul 23 01:45:47 UTC 2018
3 ms. Memory: 1063936K Free: 1025090K (96%)
ptolemy.util.test.WatchDog.cancel(): canceling Mon Jul 23 01:45:47 UTC 2018
auto.tcl: Setting watchdog for 200 seconds at Mon Jul 23 01:45:47 UTC 2018
3 ms. Memory: 1063936K Free: 1025090K (96%)
ptolemy.util.test.WatchDog.cancel(): canceling Mon Jul 23 01:45:47 UTC 2018
------------------ testing $PTII/ptolemy/domains/de/test/auto/Trilateration.xml
auto.tcl: Setting watchdog for 200 seconds at Mon Jul 23 01:45:47 UTC 2018
12547 ms. Memory: 933376K Free: 822892K (88%)
ptolemy.util.test.WatchDog.cancel(): canceling Mon Jul 23 01:46:01 UTC 2018
auto.tcl: Setting watchdog for 200 seconds at Mon Jul 23 01:46:01 UTC 2018
10409 ms. Memory: 812544K Free: 551797K (68%)
ptolemy.util.test.WatchDog.cancel(): canceling Mon Jul 23 01:46:11 UTC 2018
------------------ testing $PTII/ptolemy/domains/de/test/auto/TwoSigmaDelta.xml
auto.tcl: Setting watchdog for 200 seconds at Mon Jul 23 01:46:11 UTC 2018
2683 ms. Memory: 816640K Free: 510550K (63%)
ptolemy.util.test.WatchDog.cancel(): canceling Mon Jul 23 01:46:14 UTC 2018
auto.tcl: Setting watchdog for 200 seconds at Mon Jul 23 01:46:14 UTC 2018
2037 ms. Memory: 816640K Free: 280493K (34%)
ptolemy.util.test.WatchDog.cancel(): canceling Mon Jul 23 01:46:16 UTC 2018
------------------ testing $PTII/ptolemy/domains/de/test/auto/VariableDelay.xml
auto.tcl: Setting watchdog for 200 seconds at Mon Jul 23 01:46:16 UTC 2018
3 ms. Memory: 813056K Free: 789301K (97%)
ptolemy.util.test.WatchDog.cancel(): canceling Mon Jul 23 01:46:16 UTC 2018
auto.tcl: Setting watchdog for 200 seconds at Mon Jul 23 01:46:16 UTC 2018
1 ms. Memory: 813056K Free: 789301K (97%)
ptolemy.util.test.WatchDog.cancel(): canceling Mon Jul 23 01:46:16 UTC 2018
------------------ testing $PTII/ptolemy/domains/de/test/auto/VariableDelay2.xml
auto.tcl: Setting watchdog for 200 seconds at Mon Jul 23 01:46:16 UTC 2018
2 ms. Memory: 812544K Free: 789245K (97%)
ptolemy.util.test.WatchDog.cancel(): canceling Mon Jul 23 01:46:16 UTC 2018
auto.tcl: Setting watchdog for 200 seconds at Mon Jul 23 01:46:16 UTC 2018
2 ms. Memory: 812544K Free: 789245K (97%)
ptolemy.util.test.WatchDog.cancel(): canceling Mon Jul 23 01:46:16 UTC 2018
------------------ testing $PTII/ptolemy/domains/de/test/auto/VariableDelayZeroDelay.xml
auto.tcl: Setting watchdog for 200 seconds at Mon Jul 23 01:46:16 UTC 2018
2 ms. Memory: 812544K Free: 789244K (97%)
ptolemy.util.test.WatchDog.cancel(): canceling Mon Jul 23 01:46:16 UTC 2018
auto.tcl: Setting watchdog for 200 seconds at Mon Jul 23 01:46:16 UTC 2018
2 ms. Memory: 812544K Free: 789244K (97%)
ptolemy.util.test.WatchDog.cancel(): canceling Mon Jul 23 01:46:16 UTC 2018
------------------ testing $PTII/ptolemy/domains/de/test/auto/VariableDelayZeroDelay2.xml
auto.tcl: Setting watchdog for 200 seconds at Mon Jul 23 01:46:16 UTC 2018
2 ms. Memory: 816128K Free: 785514K (96%)
ptolemy.util.test.WatchDog.cancel(): canceling Mon Jul 23 01:46:16 UTC 2018
auto.tcl: Setting watchdog for 200 seconds at Mon Jul 23 01:46:16 UTC 2018
2 ms. Memory: 816128K Free: 785514K (96%)
ptolemy.util.test.WatchDog.cancel(): canceling Mon Jul 23 01:46:16 UTC 2018
------------------ testing $PTII/ptolemy/domains/de/test/auto/deInCt.xml
auto.tcl: Setting watchdog for 200 seconds at Mon Jul 23 01:46:16 UTC 2018
0
1
1
1
0
0
1
1
0
0
1
1
1
0
0
0
0
0
1
1
1
0
0
0
1
1
1
1
1
0
0
0
1
1
1
0
0
1
1
1
0
0
1
1
1
0
0
0
1
1
0
0
0
0
0
9 ms. Memory: 812544K Free: 781886K (96%)
ptolemy.util.test.WatchDog.cancel(): canceling Mon Jul 23 01:46:16 UTC 2018
auto.tcl: Setting watchdog for 200 seconds at Mon Jul 23 01:46:16 UTC 2018
0
1
1
1
0
0
0
0
1
1
1
1
0
0
0
0
1
1
1
1
0
0
0
0
1
1
1
0
0
0
1
1
1
0
0
1
1
1
1
5 ms. Memory: 812544K Free: 781886K (96%)
ptolemy.util.test.WatchDog.cancel(): canceling Mon Jul 23 01:46:16 UTC 2018
------------------ testing $PTII/ptolemy/domains/de/test/auto/deInCt2.xml
auto.tcl: Setting watchdog for 200 seconds at Mon Jul 23 01:46:16 UTC 2018
0
1
1
1
0
0
1
1
1
0
0
1
1
1
0
0
1
1
1
0
0
1
1
1
0
0
1
1
1
0
0
1
1
1
0
0
1
1
1
0
0
0
10 ms. Memory: 815616K Free: 784958K (96%)
ptolemy.util.test.WatchDog.cancel(): canceling Mon Jul 23 01:46:16 UTC 2018
auto.tcl: Setting watchdog for 200 seconds at Mon Jul 23 01:46:16 UTC 2018
0
1
1
1
0
0
1
1
1
0
0
1
1
1
0
0
1
1
1
0
0
1
1
1
0
0
1
1
1
0
0
1
1
1
0
0
1
1
1
0
0
0
5 ms. Memory: 815616K Free: 784958K (96%)
ptolemy.util.test.WatchDog.cancel(): canceling Mon Jul 23 01:46:16 UTC 2018
------------------ testing $PTII/ptolemy/domains/de/test/auto/dynamicCausalityInterface1.xml
auto.tcl: Setting watchdog for 200 seconds at Mon Jul 23 01:46:16 UTC 2018
2 ms. Memory: 812544K Free: 789235K (97%)
ptolemy.util.test.WatchDog.cancel(): canceling Mon Jul 23 01:46:16 UTC 2018
auto.tcl: Setting watchdog for 200 seconds at Mon Jul 23 01:46:16 UTC 2018
1 ms. Memory: 812544K Free: 789235K (97%)
ptolemy.util.test.WatchDog.cancel(): canceling Mon Jul 23 01:46:16 UTC 2018
------------------ testing $PTII/ptolemy/domains/de/test/auto/fsm_de_test.xml
auto.tcl: Setting watchdog for 200 seconds at Mon Jul 23 01:46:16 UTC 2018
6 ms. Memory: 815104K Free: 784379K (96%)
ptolemy.util.test.WatchDog.cancel(): canceling Mon Jul 23 01:46:17 UTC 2018
auto.tcl: Setting watchdog for 200 seconds at Mon Jul 23 01:46:17 UTC 2018
4 ms. Memory: 815104K Free: 784379K (96%)
ptolemy.util.test.WatchDog.cancel(): canceling Mon Jul 23 01:46:17 UTC 2018
------------------ testing $PTII/ptolemy/domains/de/test/auto/functionDependencyReconstruction.xml
auto.tcl: Setting watchdog for 200 seconds at Mon Jul 23 01:46:17 UTC 2018
4 ms. Memory: 812544K Free: 771090K (95%)
ptolemy.util.test.WatchDog.cancel(): canceling Mon Jul 23 01:46:17 UTC 2018
auto.tcl: Setting watchdog for 200 seconds at Mon Jul 23 01:46:17 UTC 2018
2 ms. Memory: 812544K Free: 771090K (95%)
ptolemy.util.test.WatchDog.cancel(): canceling Mon Jul 23 01:46:17 UTC 2018
------------------ testing $PTII/ptolemy/domains/de/test/auto/multirate.xml
auto.tcl: Setting watchdog for 200 seconds at Mon Jul 23 01:46:17 UTC 2018
6 ms. Memory: 814592K Free: 783734K (96%)
ptolemy.util.test.WatchDog.cancel(): canceling Mon Jul 23 01:46:17 UTC 2018
auto.tcl: Setting watchdog for 200 seconds at Mon Jul 23 01:46:17 UTC 2018
3 ms. Memory: 814592K Free: 783692K (96%)
ptolemy.util.test.WatchDog.cancel(): canceling Mon Jul 23 01:46:17 UTC 2018
------------------ testing $PTII/ptolemy/domains/de/test/auto/multirate2.xml
auto.tcl: Setting watchdog for 200 seconds at Mon Jul 23 01:46:17 UTC 2018
2 ms. Memory: 812544K Free: 781832K (96%)
ptolemy.util.test.WatchDog.cancel(): canceling Mon Jul 23 01:46:17 UTC 2018
auto.tcl: Setting watchdog for 200 seconds at Mon Jul 23 01:46:17 UTC 2018
3 ms. Memory: 812544K Free: 781832K (96%)
ptolemy.util.test.WatchDog.cancel(): canceling Mon Jul 23 01:46:17 UTC 2018
------------------ testing $PTII/ptolemy/domains/de/test/auto/realtime.xml
auto.tcl: Setting watchdog for 200 seconds at Mon Jul 23 01:46:17 UTC 2018
10002 ms. Memory: 814592K Free: 791190K (97%)
ptolemy.util.test.WatchDog.cancel(): canceling Mon Jul 23 01:46:27 UTC 2018
auto.tcl: Setting watchdog for 200 seconds at Mon Jul 23 01:46:27 UTC 2018
10001 ms. Memory: 814592K Free: 791190K (97%)
ptolemy.util.test.WatchDog.cancel(): canceling Mon Jul 23 01:46:37 UTC 2018
------------------ testing $PTII/ptolemy/domains/de/test/auto/relationGroup.xml
auto.tcl: Setting watchdog for 200 seconds at Mon Jul 23 01:46:37 UTC 2018
2 ms. Memory: 812544K Free: 789209K (97%)
ptolemy.util.test.WatchDog.cancel(): canceling Mon Jul 23 01:46:37 UTC 2018
auto.tcl: Setting watchdog for 200 seconds at Mon Jul 23 01:46:37 UTC 2018
2 ms. Memory: 812544K Free: 789209K (97%)
ptolemy.util.test.WatchDog.cancel(): canceling Mon Jul 23 01:46:37 UTC 2018
------------------ testing $PTII/ptolemy/domains/de/test/auto/relationGroup2.xml
auto.tcl: Setting watchdog for 200 seconds at Mon Jul 23 01:46:37 UTC 2018
1 ms. Memory: 814080K Free: 790771K (97%)
ptolemy.util.test.WatchDog.cancel(): canceling Mon Jul 23 01:46:37 UTC 2018
auto.tcl: Setting watchdog for 200 seconds at Mon Jul 23 01:46:37 UTC 2018
1 ms. Memory: 814080K Free: 790771K (97%)
ptolemy.util.test.WatchDog.cancel(): canceling Mon Jul 23 01:46:37 UTC 2018
------------------ testing $PTII/ptolemy/domains/de/test/auto/sortWithOpaquePorts.xml
auto.tcl: Setting watchdog for 200 seconds at Mon Jul 23 01:46:37 UTC 2018
1 ms. Memory: 812544K Free: 781925K (96%)
ptolemy.util.test.WatchDog.cancel(): canceling Mon Jul 23 01:46:37 UTC 2018
auto.tcl: Setting watchdog for 200 seconds at Mon Jul 23 01:46:37 UTC 2018
1 ms. Memory: 812544K Free: 781925K (96%)
ptolemy.util.test.WatchDog.cancel(): canceling Mon Jul 23 01:46:37 UTC 2018
------------------ testing $PTII/ptolemy/domains/de/test/auto/transferInputsandOutputs.xml
auto.tcl: Setting watchdog for 200 seconds at Mon Jul 23 01:46:37 UTC 2018
2 ms. Memory: 814080K Free: 783448K (96%)
ptolemy.util.test.WatchDog.cancel(): canceling Mon Jul 23 01:46:37 UTC 2018
auto.tcl: Setting watchdog for 200 seconds at Mon Jul 23 01:46:37 UTC 2018
2 ms. Memory: 814080K Free: 783448K (96%)
ptolemy.util.test.WatchDog.cancel(): canceling Mon Jul 23 01:46:37 UTC 2018
------------------ testing $PTII/ptolemy/domains/de/test/auto/triggerType.xml
auto.tcl: Setting watchdog for 200 seconds at Mon Jul 23 01:46:37 UTC 2018
1 ms. Memory: 812544K Free: 781863K (96%)
ptolemy.util.test.WatchDog.cancel(): canceling Mon Jul 23 01:46:37 UTC 2018
auto.tcl: Setting watchdog for 200 seconds at Mon Jul 23 01:46:37 UTC 2018
2 ms. Memory: 812544K Free: 781863K (96%)
ptolemy.util.test.WatchDog.cancel(): canceling Mon Jul 23 01:46:37 UTC 2018
07/23/18 01:46:37
Failed: 0  Total Tests: 192  ((Passed: 187, Newly Passed: 1)  Known Failed: 5) /home/travis/build/icyphy/ptII/ptolemy/domains/de/test
07/23/18 01:46:37
Failed: 0  Total Tests: 192  ((Passed: 187, Newly Passed: 1)  Known Failed: 5) /home/travis/build/icyphy/ptII/ptolemy/domains/de/test
----------------- testing (KnownFailure) /home/travis/build/icyphy/ptII/ptolemy/domains/de/test/auto/knownFailedTests/DESDFClockTest.xml
2009 ms. Memory: 813568K Free: 768318K (94%)
Known Failure: java.lang.reflect.InvocationTargetException
----------------- testing (KnownFailure) /home/travis/build/icyphy/ptII/ptolemy/domains/de/test/auto/knownFailedTests/DirectFeedback.xml
1 ms. Memory: 813568K Free: 709785K (87%)
Known Failure: java.lang.reflect.InvocationTargetException
----------------- testing (KnownFailure) /home/travis/build/icyphy/ptII/ptolemy/domains/de/test/auto/knownFailedTests/FSMSource.xml
12 ms. Memory: 813568K Free: 651294K (80%)
----------------- testing (KnownFailure) /home/travis/build/icyphy/ptII/ptolemy/domains/de/test/auto/knownFailedTests/HierarchicalModel.xml
2 ms. Memory: 813568K Free: 607410K (75%)
Known Failure: java.lang.reflect.InvocationTargetException
----------------- testing (KnownFailure) /home/travis/build/icyphy/ptII/ptolemy/domains/de/test/auto/knownFailedTests/dependencyLoop.xml
3 ms. Memory: 813568K Free: 534280K (66%)
Known Failure: java.lang.reflect.InvocationTargetException
----------------- testing (KnownFailure) /home/travis/build/icyphy/ptII/ptolemy/domains/de/test/auto/knownFailedTests/dependencyLoop2.xml
3 ms. Memory: 813568K Free: 461150K (57%)
Known Failure: java.lang.reflect.InvocationTargetException
No auto/linux-amd64/*.xml tests in /home/travis/build/icyphy/ptII/ptolemy/domains/de/test
AutoTests.java: About to close Vertx.
AutoTests.java: Vertx closed.

===========================================================================================
----------------- testing Mon Jul 23 01:46:39 UTC 2018 /home/travis/build/icyphy/ptII/ptolemy/domains/de/test/auto/ActorDepthCalculation_actorWithoutPorts.xml
----------------- Instantiating /home/travis/build/icyphy/ptII/ptolemy/domains/de/test/auto/ActorDepthCalculation_actorWithoutPorts.xml
2 ms. Memory: 813568K Free: 388036K (48%)
----------------- Invoking toplevel() on ptolemy.moml.MoMLSimpleApplication@7669e81e
----------------- Done invoking toplevel() on ptolemy.moml.MoMLSimpleApplication@7669e81e
reloadAllAccessors: .ActorDepthCalculation_actorWithoutPorts

===========================================================================================
----------------- testing Mon Jul 23 01:46:39 UTC 2018 /home/travis/build/icyphy/ptII/ptolemy/domains/de/test/auto/AssemblyLine.xml
----------------- Instantiating /home/travis/build/icyphy/ptII/ptolemy/domains/de/test/auto/AssemblyLine.xml
2 ms. Memory: 813568K Free: 358790K (44%)
----------------- Invoking toplevel() on ptolemy.moml.MoMLSimpleApplication@198933f4
----------------- Done invoking toplevel() on ptolemy.moml.MoMLSimpleApplication@198933f4
reloadAllAccessors: .AssemblyLine

===========================================================================================
----------------- testing Mon Jul 23 01:46:39 UTC 2018 /home/travis/build/icyphy/ptII/ptolemy/domains/de/test/auto/CQBug1.xml
----------------- Instantiating /home/travis/build/icyphy/ptII/ptolemy/domains/de/test/auto/CQBug1.xml
1 ms. Memory: 813568K Free: 329545K (41%)
----------------- Invoking toplevel() on ptolemy.moml.MoMLSimpleApplication@5b41ca31
----------------- Done invoking toplevel() on ptolemy.moml.MoMLSimpleApplication@5b41ca31
reloadAllAccessors: .CQBug1

===========================================================================================
----------------- testing Mon Jul 23 01:46:39 UTC 2018 /home/travis/build/icyphy/ptII/ptolemy/domains/de/test/auto/CancelFireAt.xml
----------------- Instantiating /home/travis/build/icyphy/ptII/ptolemy/domains/de/test/auto/CancelFireAt.xml
1 ms. Memory: 813568K Free: 300300K (37%)
----------------- Invoking toplevel() on ptolemy.moml.MoMLSimpleApplication@6d7714c7
----------------- Done invoking toplevel() on ptolemy.moml.MoMLSimpleApplication@6d7714c7
reloadAllAccessors: .CancelFireAt

===========================================================================================
----------------- testing Mon Jul 23 01:46:39 UTC 2018 /home/travis/build/icyphy/ptII/ptolemy/domains/de/test/auto/CausalityAndComposabilityAnalysis.xml
----------------- Instantiating /home/travis/build/icyphy/ptII/ptolemy/domains/de/test/auto/CausalityAndComposabilityAnalysis.xml
2 ms. Memory: 813568K Free: 271054K (33%)
----------------- Invoking toplevel() on ptolemy.moml.MoMLSimpleApplication@60c5628d
----------------- Done invoking toplevel() on ptolemy.moml.MoMLSimpleApplication@60c5628d
reloadAllAccessors: .CausalityAndComposabilityAnalysis

===========================================================================================
----------------- testing Mon Jul 23 01:46:39 UTC 2018 /home/travis/build/icyphy/ptII/ptolemy/domains/de/test/auto/CausalityInterface1.xml
----------------- Instantiating /home/travis/build/icyphy/ptII/ptolemy/domains/de/test/auto/CausalityInterface1.xml
4 ms. Memory: 813568K Free: 241809K (30%)
----------------- Invoking toplevel() on ptolemy.moml.MoMLSimpleApplication@5811e32f
----------------- Done invoking toplevel() on ptolemy.moml.MoMLSimpleApplication@5811e32f
reloadAllAccessors: .CausalityInterface1

===========================================================================================
----------------- testing Mon Jul 23 01:46:40 UTC 2018 /home/travis/build/icyphy/ptII/ptolemy/domains/de/test/auto/CausalityInterface15.xml
----------------- Instantiating /home/travis/build/icyphy/ptII/ptolemy/domains/de/test/auto/CausalityInterface15.xml
1 ms. Memory: 813568K Free: 212563K (26%)
----------------- Invoking toplevel() on ptolemy.moml.MoMLSimpleApplication@5c23ff75
[...]
java.lang.RuntimeException: Execution failed
	at ptolemy.moml.MoMLSimpleApplication$UnloadThread.run(MoMLSimpleApplication.java:402)
Caused by: ptolemy.kernel.util.IllegalActionException: Test fails in iteration 1.
Value was: 1.0. Should have been: 2.0
  in .DirectFeedback.Test
	at ptolemy.actor.lib.Test.fire(Test.java:268)
	at ptolemy.domains.de.kernel.DEDirector._fire(DEDirector.java:1949)
	at ptolemy.domains.de.kernel.DEDirector.fire(DEDirector.java:502)
	at ptolemy.actor.CompositeActor.fire(CompositeActor.java:455)
	at ptolemy.actor.Manager.iterate(Manager.java:851)
	at ptolemy.actor.Manager.execute(Manager.java:369)
	at ptolemy.actor.Manager.run(Manager.java:1263)
	at ptolemy.actor.Manager$PtolemyRunThread.run(Manager.java:1915)
java.lang.RuntimeException: Execution failed
	at ptolemy.moml.MoMLSimpleApplication$UnloadThread.run(MoMLSimpleApplication.java:402)
Caused by: ptolemy.kernel.util.IllegalActionException: Actor is not ready to fire.  Perhaps UpSample.prefire() returned false? Try debugging the actor by selecting "Listen to Actor".  Also, for SDF check moml for tokenConsumptionRate on input.
  in .DESDFClockTest.Play Bell.Copy1:SDF Director and .DESDFClockTest.Play Bell.UpSample
	at ptolemy.actor.sched.StaticSchedulingDirector.fire(StaticSchedulingDirector.java:227)
	at ptolemy.domains.sdf.kernel.SDFDirector.fire(SDFDirector.java:500)
	at ptolemy.actor.CompositeActor.fire(CompositeActor.java:455)
	at ptolemy.domains.de.kernel.DEDirector._fire(DEDirector.java:1949)
	at ptolemy.domains.de.kernel.DEDirector.fire(DEDirector.java:502)
	at ptolemy.actor.CompositeActor.fire(CompositeActor.java:455)
	at ptolemy.actor.Manager.iterate(Manager.java:851)
	at ptolemy.actor.Manager.execute(Manager.java:369)
	at ptolemy.actor.Manager.run(Manager.java:1263)
	at ptolemy.actor.Manager$PtolemyRunThread.run(Manager.java:1915)
java.lang.reflect.InvocationTargetException
	at sun.reflect.NativeConstructorAccessorImpl.newInstance0(Native Method)
	at sun.reflect.NativeConstructorAccessorImpl.newInstance(NativeConstructorAccessorImpl.java:62)
	at sun.reflect.DelegatingConstructorAccessorImpl.newInstance(DelegatingConstructorAccessorImpl.java:45)
	at java.lang.reflect.Constructor.newInstance(Constructor.java:423)
	at ptolemy.util.test.junit.AutoKnownFailedTests.RunModel(AutoKnownFailedTests.java:107)
	at sun.reflect.NativeMethodAccessorImpl.invoke0(Native Method)
	at sun.reflect.NativeMethodAccessorImpl.invoke(NativeMethodAccessorImpl.java:62)
	at sun.reflect.DelegatingMethodAccessorImpl.invoke(DelegatingMethodAccessorImpl.java:43)
	at java.lang.reflect.Method.invoke(Method.java:498)
	at org.junit.runners.model.FrameworkMethod$1.runReflectiveCall(FrameworkMethod.java:44)
	at org.junit.internal.runners.model.ReflectiveCallable.run(ReflectiveCallable.java:15)
	at org.junit.runners.model.FrameworkMethod.invokeExplosively(FrameworkMethod.java:41)
	at junitparams.internal.InvokeParameterisedMethod.evaluate(InvokeParameterisedMethod.java:102)
	at org.junit.internal.runners.statements.FailOnTimeout$1.run(FailOnTimeout.java:28)
Caused by: ptolemy.kernel.util.IllegalActionException: Actor is not ready to fire.  Perhaps UpSample.prefire() returned false? Try debugging the actor by selecting "Listen to Actor".  Also, for SDF check moml for tokenConsumptionRate on input.
  in .DESDFClockTest.Play Bell.Copy1:SDF Director and .DESDFClockTest.Play Bell.UpSample
	at ptolemy.actor.sched.StaticSchedulingDirector.fire(StaticSchedulingDirector.java:227)
	at ptolemy.domains.sdf.kernel.SDFDirector.fire(SDFDirector.java:500)
	at ptolemy.actor.CompositeActor.fire(CompositeActor.java:455)
	at ptolemy.domains.de.kernel.DEDirector._fire(DEDirector.java:1949)
	at ptolemy.domains.de.kernel.DEDirector.fire(DEDirector.java:502)
	at ptolemy.actor.CompositeActor.fire(CompositeActor.java:455)
	at ptolemy.actor.Manager.iterate(Manager.java:851)
	at ptolemy.actor.Manager.execute(Manager.java:369)
	at ptolemy.actor.Manager.run(Manager.java:1263)
	at ptolemy.actor.Manager$PtolemyRunThread.run(Manager.java:1915)
java.lang.RuntimeException: Execution failed
	at ptolemy.moml.MoMLSimpleApplication$UnloadThread.run(MoMLSimpleApplication.java:402)
Caused by: ptolemy.kernel.util.IllegalActionException: Test fails in iteration 1.
Value was: 1.0. Should have been: 2.0
  in .DirectFeedback.Test
	at ptolemy.actor.lib.Test.fire(Test.java:268)
	at ptolemy.domains.de.kernel.DEDirector._fire(DEDirector.java:1949)
	at ptolemy.domains.de.kernel.DEDirector.fire(DEDirector.java:502)
	at ptolemy.actor.CompositeActor.fire(CompositeActor.java:455)
	at ptolemy.actor.Manager.iterate(Manager.java:851)
	at ptolemy.actor.Manager.execute(Manager.java:369)
	at ptolemy.actor.Manager.run(Manager.java:1263)
	at ptolemy.actor.Manager$PtolemyRunThread.run(Manager.java:1915)
java.lang.reflect.InvocationTargetException
	at sun.reflect.NativeConstructorAccessorImpl.newInstance0(Native Method)
	at sun.reflect.NativeConstructorAccessorImpl.newInstance(NativeConstructorAccessorImpl.java:62)
	at sun.reflect.DelegatingConstructorAccessorImpl.newInstance(DelegatingConstructorAccessorImpl.java:45)
	at java.lang.reflect.Constructor.newInstance(Constructor.java:423)
	at ptolemy.util.test.junit.AutoKnownFailedTests.RunModel(AutoKnownFailedTests.java:107)
	at sun.reflect.NativeMethodAccessorImpl.invoke0(Native Method)
	at sun.reflect.NativeMethodAccessorImpl.invoke(NativeMethodAccessorImpl.java:62)
	at sun.reflect.DelegatingMethodAccessorImpl.invoke(DelegatingMethodAccessorImpl.java:43)
	at java.lang.reflect.Method.invoke(Method.java:498)
	at org.junit.runners.model.FrameworkMethod$1.runReflectiveCall(FrameworkMethod.java:44)
	at org.junit.internal.runners.model.ReflectiveCallable.run(ReflectiveCallable.java:15)
	at org.junit.runners.model.FrameworkMethod.invokeExplosively(FrameworkMethod.java:41)
	at junitparams.internal.InvokeParameterisedMethod.evaluate(InvokeParameterisedMethod.java:102)
	at org.junit.internal.runners.statements.FailOnTimeout$1.run(FailOnTimeout.java:28)
Caused by: ptolemy.kernel.util.IllegalActionException: Test fails in iteration 1.
Value was: 1.0. Should have been: 2.0
  in .DirectFeedback.Test
	at ptolemy.actor.lib.Test.fire(Test.java:268)
	at ptolemy.domains.de.kernel.DEDirector._fire(DEDirector.java:1949)
	at ptolemy.domains.de.kernel.DEDirector.fire(DEDirector.java:502)
	at ptolemy.actor.CompositeActor.fire(CompositeActor.java:455)
	at ptolemy.actor.Manager.iterate(Manager.java:851)
	at ptolemy.actor.Manager.execute(Manager.java:369)
	at ptolemy.actor.Manager.run(Manager.java:1263)
	at ptolemy.actor.Manager$PtolemyRunThread.run(Manager.java:1915)
java.lang.RuntimeException: Execution failed
	at ptolemy.moml.MoMLSimpleApplication$UnloadThread.run(MoMLSimpleApplication.java:402)
Caused by: ptolemy.kernel.util.IllegalActionException: Found a zero delay loop containing .HierarchicalModel.A
  in .HierarchicalModel and .HierarchicalModel.A
	at ptolemy.actor.util.CausalityInterfaceForComposites._computeOutputPortDepth(CausalityInterfaceForComposites.java:759)
	at ptolemy.actor.util.CausalityInterfaceForComposites._computeInputDepth(CausalityInterfaceForComposites.java:696)
	at ptolemy.actor.util.CausalityInterfaceForComposites._computeOutputPortDepth(CausalityInterfaceForComposites.java:765)
	at ptolemy.actor.util.CausalityInterfaceForComposites._computeInputDepth(CausalityInterfaceForComposites.java:696)
	at ptolemy.actor.util.CausalityInterfaceForComposites._computeOutputPortDepth(CausalityInterfaceForComposites.java:765)
	at ptolemy.actor.util.CausalityInterfaceForComposites._computeInputDepth(CausalityInterfaceForComposites.java:696)
	at ptolemy.actor.util.CausalityInterfaceForComposites._computeActorDepth(CausalityInterfaceForComposites.java:532)
	at ptolemy.actor.util.CausalityInterfaceForComposites.checkForCycles(CausalityInterfaceForComposites.java:96)
	at ptolemy.domains.de.kernel.DEDirector.preinitialize(DEDirector.java:1338)
	at ptolemy.actor.CompositeActor.preinitialize(CompositeActor.java:1828)
	at ptolemy.actor.Manager.preinitializeAndResolveTypes(Manager.java:1040)
	at ptolemy.actor.Manager.initialize(Manager.java:710)
	at ptolemy.actor.Manager.execute(Manager.java:356)
	at ptolemy.actor.Manager.run(Manager.java:1263)
	at ptolemy.actor.Manager$PtolemyRunThread.run(Manager.java:1915)
java.lang.reflect.InvocationTargetException
	at sun.reflect.NativeConstructorAccessorImpl.newInstance0(Native Method)
	at sun.reflect.NativeConstructorAccessorImpl.newInstance(NativeConstructorAccessorImpl.java:62)
	at sun.reflect.DelegatingConstructorAccessorImpl.newInstance(DelegatingConstructorAccessorImpl.java:45)
	at java.lang.reflect.Constructor.newInstance(Constructor.java:423)
	at ptolemy.util.test.junit.AutoKnownFailedTests.RunModel(AutoKnownFailedTests.java:107)
	at sun.reflect.NativeMethodAccessorImpl.invoke0(Native Method)
	at sun.reflect.NativeMethodAccessorImpl.invoke(NativeMethodAccessorImpl.java:62)
	at sun.reflect.DelegatingMethodAccessorImpl.invoke(DelegatingMethodAccessorImpl.java:43)
	at java.lang.reflect.Method.invoke(Method.java:498)
	at org.junit.runners.model.FrameworkMethod$1.runReflectiveCall(FrameworkMethod.java:44)
	at org.junit.internal.runners.model.ReflectiveCallable.run(ReflectiveCallable.java:15)
	at org.junit.runners.model.FrameworkMethod.invokeExplosively(FrameworkMethod.java:41)
	at junitparams.internal.InvokeParameterisedMethod.evaluate(InvokeParameterisedMethod.java:102)
	at org.junit.internal.runners.statements.FailOnTimeout$1.run(FailOnTimeout.java:28)
Caused by: ptolemy.kernel.util.IllegalActionException: Found a zero delay loop containing .HierarchicalModel.A
  in .HierarchicalModel and .HierarchicalModel.A
	at ptolemy.actor.util.CausalityInterfaceForComposites._computeOutputPortDepth(CausalityInterfaceForComposites.java:759)
	at ptolemy.actor.util.CausalityInterfaceForComposites._computeInputDepth(CausalityInterfaceForComposites.java:696)
	at ptolemy.actor.util.CausalityInterfaceForComposites._computeOutputPortDepth(CausalityInterfaceForComposites.java:765)
	at ptolemy.actor.util.CausalityInterfaceForComposites._computeInputDepth(CausalityInterfaceForComposites.java:696)
	at ptolemy.actor.util.CausalityInterfaceForComposites._computeOutputPortDepth(CausalityInterfaceForComposites.java:765)
	at ptolemy.actor.util.CausalityInterfaceForComposites._computeInputDepth(CausalityInterfaceForComposites.java:696)
	at ptolemy.actor.util.CausalityInterfaceForComposites._computeActorDepth(CausalityInterfaceForComposites.java:532)
	at ptolemy.actor.util.CausalityInterfaceForComposites.checkForCycles(CausalityInterfaceForComposites.java:96)
	at ptolemy.domains.de.kernel.DEDirector.preinitialize(DEDirector.java:1338)
	at ptolemy.actor.CompositeActor.preinitialize(CompositeActor.java:1828)
	at ptolemy.actor.Manager.preinitializeAndResolveTypes(Manager.java:1040)
	at ptolemy.actor.Manager.initialize(Manager.java:710)
	at ptolemy.actor.Manager.execute(Manager.java:356)
	at ptolemy.actor.Manager.run(Manager.java:1263)
	at ptolemy.actor.Manager$PtolemyRunThread.run(Manager.java:1915)
java.lang.RuntimeException: Execution failed
	at ptolemy.moml.MoMLSimpleApplication$UnloadThread.run(MoMLSimpleApplication.java:402)
Caused by: ptolemy.kernel.util.IllegalActionException: Found a zero delay loop containing .dependencyLoop.original
  in .dependencyLoop and .dependencyLoop.original
	at ptolemy.actor.util.CausalityInterfaceForComposites._computeOutputPortDepth(CausalityInterfaceForComposites.java:759)
	at ptolemy.actor.util.CausalityInterfaceForComposites._computeInputDepth(CausalityInterfaceForComposites.java:696)
	at ptolemy.actor.util.CausalityInterfaceForComposites._computeOutputPortDepth(CausalityInterfaceForComposites.java:765)
	at ptolemy.actor.util.CausalityInterfaceForComposites._computeInputDepth(CausalityInterfaceForComposites.java:696)
	at ptolemy.actor.util.CausalityInterfaceForComposites._computeOutputPortDepth(CausalityInterfaceForComposites.java:765)
	at ptolemy.actor.util.CausalityInterfaceForComposites._computeInputDepth(CausalityInterfaceForComposites.java:696)
	at ptolemy.actor.util.CausalityInterfaceForComposites._computeActorDepth(CausalityInterfaceForComposites.java:532)
	at ptolemy.actor.util.CausalityInterfaceForComposites.checkForCycles(CausalityInterfaceForComposites.java:96)
	at ptolemy.domains.de.kernel.DEDirector.preinitialize(DEDirector.java:1338)
	at ptolemy.actor.CompositeActor.preinitialize(CompositeActor.java:1828)
	at ptolemy.actor.Manager.preinitializeAndResolveTypes(Manager.java:1040)
	at ptolemy.actor.Manager.initialize(Manager.java:710)
	at ptolemy.actor.Manager.execute(Manager.java:356)
	at ptolemy.actor.Manager.run(Manager.java:1263)
	at ptolemy.actor.Manager$PtolemyRunThread.run(Manager.java:1915)
java.lang.reflect.InvocationTargetException
	at sun.reflect.NativeConstructorAccessorImpl.newInstance0(Native Method)
	at sun.reflect.NativeConstructorAccessorImpl.newInstance(NativeConstructorAccessorImpl.java:62)
	at sun.reflect.DelegatingConstructorAccessorImpl.newInstance(DelegatingConstructorAccessorImpl.java:45)
	at java.lang.reflect.Constructor.newInstance(Constructor.java:423)
	at ptolemy.util.test.junit.AutoKnownFailedTests.RunModel(AutoKnownFailedTests.java:107)
	at sun.reflect.NativeMethodAccessorImpl.invoke0(Native Method)
	at sun.reflect.NativeMethodAccessorImpl.invoke(NativeMethodAccessorImpl.java:62)
	at sun.reflect.DelegatingMethodAccessorImpl.invoke(DelegatingMethodAccessorImpl.java:43)
	at java.lang.reflect.Method.invoke(Method.java:498)
	at org.junit.runners.model.FrameworkMethod$1.runReflectiveCall(FrameworkMethod.java:44)
	at org.junit.internal.runners.model.ReflectiveCallable.run(ReflectiveCallable.java:15)
	at org.junit.runners.model.FrameworkMethod.invokeExplosively(FrameworkMethod.java:41)
	at junitparams.internal.InvokeParameterisedMethod.evaluate(InvokeParameterisedMethod.java:102)
	at org.junit.internal.runners.statements.FailOnTimeout$1.run(FailOnTimeout.java:28)
Caused by: ptolemy.kernel.util.IllegalActionException: Found a zero delay loop containing .dependencyLoop.original
  in .dependencyLoop and .dependencyLoop.original
	at ptolemy.actor.util.CausalityInterfaceForComposites._computeOutputPortDepth(CausalityInterfaceForComposites.java:759)
	at ptolemy.actor.util.CausalityInterfaceForComposites._computeInputDepth(CausalityInterfaceForComposites.java:696)
	at ptolemy.actor.util.CausalityInterfaceForComposites._computeOutputPortDepth(CausalityInterfaceForComposites.java:765)
	at ptolemy.actor.util.CausalityInterfaceForComposites._computeInputDepth(CausalityInterfaceForComposites.java:696)
	at ptolemy.actor.util.CausalityInterfaceForComposites._computeOutputPortDepth(CausalityInterfaceForComposites.java:765)
	at ptolemy.actor.util.CausalityInterfaceForComposites._computeInputDepth(CausalityInterfaceForComposites.java:696)
	at ptolemy.actor.util.CausalityInterfaceForComposites._computeActorDepth(CausalityInterfaceForComposites.java:532)
	at ptolemy.actor.util.CausalityInterfaceForComposites.checkForCycles(CausalityInterfaceForComposites.java:96)
	at ptolemy.domains.de.kernel.DEDirector.preinitialize(DEDirector.java:1338)
	at ptolemy.actor.CompositeActor.preinitialize(CompositeActor.java:1828)
	at ptolemy.actor.Manager.preinitializeAndResolveTypes(Manager.java:1040)
	at ptolemy.actor.Manager.initialize(Manager.java:710)
	at ptolemy.actor.Manager.execute(Manager.java:356)
	at ptolemy.actor.Manager.run(Manager.java:1263)
	at ptolemy.actor.Manager$PtolemyRunThread.run(Manager.java:1915)
java.lang.RuntimeException: Execution failed
	at ptolemy.moml.MoMLSimpleApplication$UnloadThread.run(MoMLSimpleApplication.java:402)
Caused by: ptolemy.kernel.util.IllegalActionException: Found a zero delay loop containing .dependencyLoop2.original
  in .dependencyLoop2 and .dependencyLoop2.original
	at ptolemy.actor.util.CausalityInterfaceForComposites._computeOutputPortDepth(CausalityInterfaceForComposites.java:759)
	at ptolemy.actor.util.CausalityInterfaceForComposites._computeInputDepth(CausalityInterfaceForComposites.java:696)
	at ptolemy.actor.util.CausalityInterfaceForComposites._computeOutputPortDepth(CausalityInterfaceForComposites.java:765)
	at ptolemy.actor.util.CausalityInterfaceForComposites._computeInputDepth(CausalityInterfaceForComposites.java:696)
	at ptolemy.actor.util.CausalityInterfaceForComposites._computeOutputPortDepth(CausalityInterfaceForComposites.java:765)
	at ptolemy.actor.util.CausalityInterfaceForComposites._computeInputDepth(CausalityInterfaceForComposites.java:696)
	at ptolemy.actor.util.CausalityInterfaceForComposites._computeActorDepth(CausalityInterfaceForComposites.java:532)
	at ptolemy.actor.util.CausalityInterfaceForComposites.checkForCycles(CausalityInterfaceForComposites.java:96)
	at ptolemy.domains.de.kernel.DEDirector.preinitialize(DEDirector.java:1338)
	at ptolemy.actor.CompositeActor.preinitialize(CompositeActor.java:1828)
	at ptolemy.actor.Manager.preinitializeAndResolveTypes(Manager.java:1040)
	at ptolemy.actor.Manager.initialize(Manager.java:710)
	at ptolemy.actor.Manager.execute(Manager.java:356)
	at ptolemy.actor.Manager.run(Manager.java:1263)
	at ptolemy.actor.Manager$PtolemyRunThread.run(Manager.java:1915)
java.lang.reflect.InvocationTargetException
	at sun.reflect.NativeConstructorAccessorImpl.newInstance0(Native Method)
	at sun.reflect.NativeConstructorAccessorImpl.newInstance(NativeConstructorAccessorImpl.java:62)
	at sun.reflect.DelegatingConstructorAccessorImpl.newInstance(DelegatingConstructorAccessorImpl.java:45)
	at java.lang.reflect.Constructor.newInstance(Constructor.java:423)
	at ptolemy.util.test.junit.AutoKnownFailedTests.RunModel(AutoKnownFailedTests.java:107)
	at sun.reflect.NativeMethodAccessorImpl.invoke0(Native Method)
	at sun.reflect.NativeMethodAccessorImpl.invoke(NativeMethodAccessorImpl.java:62)
	at sun.reflect.DelegatingMethodAccessorImpl.invoke(DelegatingMethodAccessorImpl.java:43)
	at java.lang.reflect.Method.invoke(Method.java:498)
	at org.junit.runners.model.FrameworkMethod$1.runReflectiveCall(FrameworkMethod.java:44)
	at org.junit.internal.runners.model.ReflectiveCallable.run(ReflectiveCallable.java:15)
	at org.junit.runners.model.FrameworkMethod.invokeExplosively(FrameworkMethod.java:41)
	at junitparams.internal.InvokeParameterisedMethod.evaluate(InvokeParameterisedMethod.java:102)
	at org.junit.internal.runners.statements.FailOnTimeout$1.run(FailOnTimeout.java:28)
Caused by: ptolemy.kernel.util.IllegalActionException: Found a zero delay loop containing .dependencyLoop2.original
  in .dependencyLoop2 and .dependencyLoop2.original
	at ptolemy.actor.util.CausalityInterfaceForComposites._computeOutputPortDepth(CausalityInterfaceForComposites.java:759)
	at ptolemy.actor.util.CausalityInterfaceForComposites._computeInputDepth(CausalityInterfaceForComposites.java:696)
	at ptolemy.actor.util.CausalityInterfaceForComposites._computeOutputPortDepth(CausalityInterfaceForComposites.java:765)
	at ptolemy.actor.util.CausalityInterfaceForComposites._computeInputDepth(CausalityInterfaceForComposites.java:696)
	at ptolemy.actor.util.CausalityInterfaceForComposites._computeOutputPortDepth(CausalityInterfaceForComposites.java:765)
	at ptolemy.actor.util.CausalityInterfaceForComposites._computeInputDepth(CausalityInterfaceForComposites.java:696)
	at ptolemy.actor.util.CausalityInterfaceForComposites._computeActorDepth(CausalityInterfaceForComposites.java:532)
	at ptolemy.actor.util.CausalityInterfaceForComposites.checkForCycles(CausalityInterfaceForComposites.java:96)
	at ptolemy.domains.de.kernel.DEDirector.preinitialize(DEDirector.java:1338)
	at ptolemy.actor.CompositeActor.preinitialize(CompositeActor.java:1828)
	at ptolemy.actor.Manager.preinitializeAndResolveTypes(Manager.java:1040)
	at ptolemy.actor.Manager.initialize(Manager.java:710)
	at ptolemy.actor.Manager.execute(Manager.java:356)
	at ptolemy.actor.Manager.run(Manager.java:1263)
	at ptolemy.actor.Manager$PtolemyRunThread.run(Manager.java:1915)
]]></system-err>
</testsuite>
