<?xml version="1.0" encoding="UTF-8" ?>
<testsuite errors="0" failures="0" hostname="travis-job-e8d06915-ceb6-47eb-b2d6-411221e158bc" name="ptolemy.domains.de.test.junit.JUnitTclTest" skipped="0" tests="101" time="135.014" timestamp="2019-11-11T06:49:46">
  <properties>
[...]
</properties>
  <testcase classname="ptolemy.util.test.junit.TclTests" name="[0] /home/travis/build/icyphy/ptII/ptolemy/domains/de/test/DependencyLoop.tcl (RunTclFile)" time="1.028" />
  <testcase classname="ptolemy.util.test.junit.TclTests" name="[1] /home/travis/build/icyphy/ptII/ptolemy/domains/de/test/RunDETestsAsQSS.tcl (RunTclFile)" time="91.869" />
  <testcase classname="ptolemy.util.test.junit.AutoKnownFailedTests" name="[0] /home/travis/build/icyphy/ptII/ptolemy/domains/de/test/auto/knownFailedTests/DESDFClockTest.xml (RunModel)" time="2.048" />
  <testcase classname="ptolemy.util.test.junit.AutoKnownFailedTests" name="[1] /home/travis/build/icyphy/ptII/ptolemy/domains/de/test/auto/knownFailedTests/DirectFeedback.xml (RunModel)" time="0.026" />
  <testcase classname="ptolemy.util.test.junit.AutoKnownFailedTests" name="[2] /home/travis/build/icyphy/ptII/ptolemy/domains/de/test/auto/knownFailedTests/FSMSource.xml (RunModel)" time="0.025" />
  <testcase classname="ptolemy.util.test.junit.AutoKnownFailedTests" name="[3] /home/travis/build/icyphy/ptII/ptolemy/domains/de/test/auto/knownFailedTests/HierarchicalModel.xml (RunModel)" time="0.046" />
  <testcase classname="ptolemy.util.test.junit.AutoKnownFailedTests" name="[4] /home/travis/build/icyphy/ptII/ptolemy/domains/de/test/auto/knownFailedTests/dependencyLoop.xml (RunModel)" time="0.051" />
  <testcase classname="ptolemy.util.test.junit.AutoKnownFailedTests" name="[5] /home/travis/build/icyphy/ptII/ptolemy/domains/de/test/auto/knownFailedTests/dependencyLoop2.xml (RunModel)" time="0.052" />
  <testcase classname="ptolemy.util.test.junit.AutoNameArchTests" name="[0] ThereAreNoAutoArchTests (RunModel)" time="0.001" />
  <testcase classname="ptolemy.util.test.junit.AutoTests" name="[0] /home/travis/build/icyphy/ptII/ptolemy/domains/de/test/auto/ActorDepthCalculation_actorWithoutPorts.xml (RunModel)" time="0.02" />
  <testcase classname="ptolemy.util.test.junit.AutoTests" name="[1] /home/travis/build/icyphy/ptII/ptolemy/domains/de/test/auto/AssemblyLine.xml (RunModel)" time="0.036" />
  <testcase classname="ptolemy.util.test.junit.AutoTests" name="[2] /home/travis/build/icyphy/ptII/ptolemy/domains/de/test/auto/CQBug1.xml (RunModel)" time="0.012" />
  <testcase classname="ptolemy.util.test.junit.AutoTests" name="[3] /home/travis/build/icyphy/ptII/ptolemy/domains/de/test/auto/CancelFireAt.xml (RunModel)" time="0.021" />
  <testcase classname="ptolemy.util.test.junit.AutoTests" name="[4] /home/travis/build/icyphy/ptII/ptolemy/domains/de/test/auto/CausalityAndComposabilityAnalysis.xml (RunModel)" time="0.021" />
  <testcase classname="ptolemy.util.test.junit.AutoTests" name="[5] /home/travis/build/icyphy/ptII/ptolemy/domains/de/test/auto/CausalityInterface1.xml (RunModel)" time="0.018" />
  <testcase classname="ptolemy.util.test.junit.AutoTests" name="[6] /home/travis/build/icyphy/ptII/ptolemy/domains/de/test/auto/CausalityInterface15.xml (RunModel)" time="0.017" />
  <testcase classname="ptolemy.util.test.junit.AutoTests" name="[7] /home/travis/build/icyphy/ptII/ptolemy/domains/de/test/auto/CausalityInterface2.xml (RunModel)" time="0.018" />
  <testcase classname="ptolemy.util.test.junit.AutoTests" name="[8] /home/travis/build/icyphy/ptII/ptolemy/domains/de/test/auto/CausalityInterface3.xml (RunModel)" time="0.014" />
  <testcase classname="ptolemy.util.test.junit.AutoTests" name="[9] /home/travis/build/icyphy/ptII/ptolemy/domains/de/test/auto/ClockDrift.xml (RunModel)" time="0.038" />
  <testcase classname="ptolemy.util.test.junit.AutoTests" name="[10] /home/travis/build/icyphy/ptII/ptolemy/domains/de/test/auto/ClockDriftAndValueChange.xml (RunModel)" time="0.035" />
  <testcase classname="ptolemy.util.test.junit.AutoTests" name="[11] /home/travis/build/icyphy/ptII/ptolemy/domains/de/test/auto/ClockDriftChange.xml (RunModel)" time="0.036" />
  <testcase classname="ptolemy.util.test.junit.AutoTests" name="[12] /home/travis/build/icyphy/ptII/ptolemy/domains/de/test/auto/ComposableCausalityAnalysis.xml (RunModel)" time="0.014" />
  <testcase classname="ptolemy.util.test.junit.AutoTests" name="[13] /home/travis/build/icyphy/ptII/ptolemy/domains/de/test/auto/DEFixedPointLimitation.xml (RunModel)" time="0.009" />
  <testcase classname="ptolemy.util.test.junit.AutoTests" name="[14] /home/travis/build/icyphy/ptII/ptolemy/domains/de/test/auto/DEScheduleTest.xml (RunModel)" time="0.015" />
  <testcase classname="ptolemy.util.test.junit.AutoTests" name="[15] /home/travis/build/icyphy/ptII/ptolemy/domains/de/test/auto/DEinDEwithStartTimes.xml (RunModel)" time="0.023" />
  <testcase classname="ptolemy.util.test.junit.AutoTests" name="[16] /home/travis/build/icyphy/ptII/ptolemy/domains/de/test/auto/DEinDEwithStartTimes2.xml (RunModel)" time="0.017" />
  <testcase classname="ptolemy.util.test.junit.AutoTests" name="[17] /home/travis/build/icyphy/ptII/ptolemy/domains/de/test/auto/DateDemo.xml (RunModel)" time="0.03" />
  <testcase classname="ptolemy.util.test.junit.AutoTests" name="[18] /home/travis/build/icyphy/ptII/ptolemy/domains/de/test/auto/DateToEvent.xml (RunModel)" time="2.061" />
  <testcase classname="ptolemy.util.test.junit.AutoTests" name="[19] /home/travis/build/icyphy/ptII/ptolemy/domains/de/test/auto/DepthTest1.xml (RunModel)" time="0.009" />
  <testcase classname="ptolemy.util.test.junit.AutoTests" name="[20] /home/travis/build/icyphy/ptII/ptolemy/domains/de/test/auto/DepthTest2.xml (RunModel)" time="0.021" />
  <testcase classname="ptolemy.util.test.junit.AutoTests" name="[21] /home/travis/build/icyphy/ptII/ptolemy/domains/de/test/auto/DepthTest3.xml (RunModel)" time="0.011" />
  <testcase classname="ptolemy.util.test.junit.AutoTests" name="[22] /home/travis/build/icyphy/ptII/ptolemy/domains/de/test/auto/DepthTest4.xml (RunModel)" time="0.02" />
  <testcase classname="ptolemy.util.test.junit.AutoTests" name="[23] /home/travis/build/icyphy/ptII/ptolemy/domains/de/test/auto/DepthTest5.xml (RunModel)" time="0.015" />
  <testcase classname="ptolemy.util.test.junit.AutoTests" name="[24] /home/travis/build/icyphy/ptII/ptolemy/domains/de/test/auto/DepthTest6.xml (RunModel)" time="0.013" />
  <testcase classname="ptolemy.util.test.junit.AutoTests" name="[25] /home/travis/build/icyphy/ptII/ptolemy/domains/de/test/auto/DepthTest7.xml (RunModel)" time="0.012" />
  <testcase classname="ptolemy.util.test.junit.AutoTests" name="[26] /home/travis/build/icyphy/ptII/ptolemy/domains/de/test/auto/EventToDate.xml (RunModel)" time="3.043" />
  <testcase classname="ptolemy.util.test.junit.AutoTests" name="[27] /home/travis/build/icyphy/ptII/ptolemy/domains/de/test/auto/FSM1.xml (RunModel)" time="0.06" />
  <testcase classname="ptolemy.util.test.junit.AutoTests" name="[28] /home/travis/build/icyphy/ptII/ptolemy/domains/de/test/auto/FSM7.xml (RunModel)" time="0.048" />
  <testcase classname="ptolemy.util.test.junit.AutoTests" name="[29] /home/travis/build/icyphy/ptII/ptolemy/domains/de/test/auto/Inspection.xml (RunModel)" time="0.039" />
  <testcase classname="ptolemy.util.test.junit.AutoTests" name="[30] /home/travis/build/icyphy/ptII/ptolemy/domains/de/test/auto/Iteration.xml (RunModel)" time="0.025" />
  <testcase classname="ptolemy.util.test.junit.AutoTests" name="[31] /home/travis/build/icyphy/ptII/ptolemy/domains/de/test/auto/LineFault.xml (RunModel)" time="0.643" />
  <testcase classname="ptolemy.util.test.junit.AutoTests" name="[32] /home/travis/build/icyphy/ptII/ptolemy/domains/de/test/auto/MergeModel1Add.xml (RunModel)" time="0.058" />
  <testcase classname="ptolemy.util.test.junit.AutoTests" name="[33] /home/travis/build/icyphy/ptII/ptolemy/domains/de/test/auto/MergeModel2Add.xml (RunModel)" time="0.048" />
  <testcase classname="ptolemy.util.test.junit.AutoTests" name="[34] /home/travis/build/icyphy/ptII/ptolemy/domains/de/test/auto/MergeModel3Add.xml (RunModel)" time="0.055" />
  <testcase classname="ptolemy.util.test.junit.AutoTests" name="[35] /home/travis/build/icyphy/ptII/ptolemy/domains/de/test/auto/MergeWithoutDiscard.xml (RunModel)" time="0.012" />
  <testcase classname="ptolemy.util.test.junit.AutoTests" name="[36] /home/travis/build/icyphy/ptII/ptolemy/domains/de/test/auto/Modal1.xml (RunModel)" time="0.027" />
  <testcase classname="ptolemy.util.test.junit.AutoTests" name="[37] /home/travis/build/icyphy/ptII/ptolemy/domains/de/test/auto/Modal2.xml (RunModel)" time="0.035" />
  <testcase classname="ptolemy.util.test.junit.AutoTests" name="[38] /home/travis/build/icyphy/ptII/ptolemy/domains/de/test/auto/Modal3.xml (RunModel)" time="0.035" />
  <testcase classname="ptolemy.util.test.junit.AutoTests" name="[39] /home/travis/build/icyphy/ptII/ptolemy/domains/de/test/auto/Modal4.xml (RunModel)" time="0.031" />
  <testcase classname="ptolemy.util.test.junit.AutoTests" name="[40] /home/travis/build/icyphy/ptII/ptolemy/domains/de/test/auto/Modal5.xml (RunModel)" time="0.039" />
  <testcase classname="ptolemy.util.test.junit.AutoTests" name="[41] /home/travis/build/icyphy/ptII/ptolemy/domains/de/test/auto/Modal6.xml (RunModel)" time="0.028" />
  <testcase classname="ptolemy.util.test.junit.AutoTests" name="[42] /home/travis/build/icyphy/ptII/ptolemy/domains/de/test/auto/Modal7.xml (RunModel)" time="0.037" />
  <testcase classname="ptolemy.util.test.junit.AutoTests" name="[43] /home/travis/build/icyphy/ptII/ptolemy/domains/de/test/auto/ModalModel.xml (RunModel)" time="0.18" />
  <testcase classname="ptolemy.util.test.junit.AutoTests" name="[44] /home/travis/build/icyphy/ptII/ptolemy/domains/de/test/auto/ModalSource.xml (RunModel)" time="0.021" />
  <testcase classname="ptolemy.util.test.junit.AutoTests" name="[45] /home/travis/build/icyphy/ptII/ptolemy/domains/de/test/auto/NonInterruptibleTimerZeroDelay.xml (RunModel)" time="0.013" />
  <testcase classname="ptolemy.util.test.junit.AutoTests" name="[46] /home/travis/build/icyphy/ptII/ptolemy/domains/de/test/auto/OpenQueueingNetwork.xml (RunModel)" time="2.568" />
  <testcase classname="ptolemy.util.test.junit.AutoTests" name="[47] /home/travis/build/icyphy/ptII/ptolemy/domains/de/test/auto/OpenQueuingNetwork.xml (RunModel)" time="0.304" />
  <testcase classname="ptolemy.util.test.junit.AutoTests" name="[48] /home/travis/build/icyphy/ptII/ptolemy/domains/de/test/auto/PeriodicSampler.xml (RunModel)" time="0.011" />
  <testcase classname="ptolemy.util.test.junit.AutoTests" name="[49] /home/travis/build/icyphy/ptII/ptolemy/domains/de/test/auto/PersistentIO.xml (RunModel)" time="0.02" />
  <testcase classname="ptolemy.util.test.junit.AutoTests" name="[50] /home/travis/build/icyphy/ptII/ptolemy/domains/de/test/auto/PortParameterResetOnInitialize.xml (RunModel)" time="0.017" />
  <testcase classname="ptolemy.util.test.junit.AutoTests" name="[51] /home/travis/build/icyphy/ptII/ptolemy/domains/de/test/auto/PortParameterUpdates.xml (RunModel)" time="0.015" />
  <testcase classname="ptolemy.util.test.junit.AutoTests" name="[52] /home/travis/build/icyphy/ptII/ptolemy/domains/de/test/auto/QueueAndServer.xml (RunModel)" time="0.022" />
  <testcase classname="ptolemy.util.test.junit.AutoTests" name="[53] /home/travis/build/icyphy/ptII/ptolemy/domains/de/test/auto/Records.xml (RunModel)" time="0.014" />
  <testcase classname="ptolemy.util.test.junit.AutoTests" name="[54] /home/travis/build/icyphy/ptII/ptolemy/domains/de/test/auto/ResetTransitionWithStartTime1.xml (RunModel)" time="0.018" />
  <testcase classname="ptolemy.util.test.junit.AutoTests" name="[55] /home/travis/build/icyphy/ptII/ptolemy/domains/de/test/auto/ResetTransitionWithStartTime2.xml (RunModel)" time="0.025" />
  <testcase classname="ptolemy.util.test.junit.AutoTests" name="[56] /home/travis/build/icyphy/ptII/ptolemy/domains/de/test/auto/ResetTransitionWithStartTime3.xml (RunModel)" time="0.022" />
  <testcase classname="ptolemy.util.test.junit.AutoTests" name="[57] /home/travis/build/icyphy/ptII/ptolemy/domains/de/test/auto/ResetTransitionWithStartTime4.xml (RunModel)" time="0.016" />
  <testcase classname="ptolemy.util.test.junit.AutoTests" name="[58] /home/travis/build/icyphy/ptII/ptolemy/domains/de/test/auto/ResettableTimer1.xml (RunModel)" time="0.009" />
  <testcase classname="ptolemy.util.test.junit.AutoTests" name="[59] /home/travis/build/icyphy/ptII/ptolemy/domains/de/test/auto/ResettableTimer2.xml (RunModel)" time="0.008" />
  <testcase classname="ptolemy.util.test.junit.AutoTests" name="[60] /home/travis/build/icyphy/ptII/ptolemy/domains/de/test/auto/ResettableTimer3.xml (RunModel)" time="0.008" />
  <testcase classname="ptolemy.util.test.junit.AutoTests" name="[61] /home/travis/build/icyphy/ptII/ptolemy/domains/de/test/auto/ResettableTimer4.xml (RunModel)" time="0.012" />
  <testcase classname="ptolemy.util.test.junit.AutoTests" name="[62] /home/travis/build/icyphy/ptII/ptolemy/domains/de/test/auto/ResettableTimer5.xml (RunModel)" time="0.009" />
  <testcase classname="ptolemy.util.test.junit.AutoTests" name="[63] /home/travis/build/icyphy/ptII/ptolemy/domains/de/test/auto/ResettableTimer6.xml (RunModel)" time="0.015" />
  <testcase classname="ptolemy.util.test.junit.AutoTests" name="[64] /home/travis/build/icyphy/ptII/ptolemy/domains/de/test/auto/ServerZeroDelay.xml (RunModel)" time="0.013" />
  <testcase classname="ptolemy.util.test.junit.AutoTests" name="[65] /home/travis/build/icyphy/ptII/ptolemy/domains/de/test/auto/SmartSender.xml (RunModel)" time="3.007" />
  <testcase classname="ptolemy.util.test.junit.AutoTests" name="[66] /home/travis/build/icyphy/ptII/ptolemy/domains/de/test/auto/ThreadedComposite.xml (RunModel)" time="0.121" />
  <testcase classname="ptolemy.util.test.junit.AutoTests" name="[67] /home/travis/build/icyphy/ptII/ptolemy/domains/de/test/auto/Time.xml (RunModel)" time="0.428" />
  <testcase classname="ptolemy.util.test.junit.AutoTests" name="[68] /home/travis/build/icyphy/ptII/ptolemy/domains/de/test/auto/TimeDelayZeroDelay.xml (RunModel)" time="0.02" />
  <testcase classname="ptolemy.util.test.junit.AutoTests" name="[69] /home/travis/build/icyphy/ptII/ptolemy/domains/de/test/auto/TimerZeroDelay.xml (RunModel)" time="0.009" />
  <testcase classname="ptolemy.util.test.junit.AutoTests" name="[70] /home/travis/build/icyphy/ptII/ptolemy/domains/de/test/auto/TimingParadox.xml (RunModel)" time="0.372" />
  <testcase classname="ptolemy.util.test.junit.AutoTests" name="[71] /home/travis/build/icyphy/ptII/ptolemy/domains/de/test/auto/TransferInputs.xml (RunModel)" time="0.012" />
  <testcase classname="ptolemy.util.test.junit.AutoTests" name="[72] /home/travis/build/icyphy/ptII/ptolemy/domains/de/test/auto/TransferOutputs2.xml (RunModel)" time="0.018" />
  <testcase classname="ptolemy.util.test.junit.AutoTests" name="[73] /home/travis/build/icyphy/ptII/ptolemy/domains/de/test/auto/Trilateration.xml (RunModel)" time="12.943" />
  <testcase classname="ptolemy.util.test.junit.AutoTests" name="[74] /home/travis/build/icyphy/ptII/ptolemy/domains/de/test/auto/TwoSigmaDelta.xml (RunModel)" time="2.162" />
  <testcase classname="ptolemy.util.test.junit.AutoTests" name="[75] /home/travis/build/icyphy/ptII/ptolemy/domains/de/test/auto/VariableDelay.xml (RunModel)" time="0.008" />
  <testcase classname="ptolemy.util.test.junit.AutoTests" name="[76] /home/travis/build/icyphy/ptII/ptolemy/domains/de/test/auto/VariableDelay2.xml (RunModel)" time="0.013" />
  <testcase classname="ptolemy.util.test.junit.AutoTests" name="[77] /home/travis/build/icyphy/ptII/ptolemy/domains/de/test/auto/VariableDelayZeroDelay.xml (RunModel)" time="0.014" />
  <testcase classname="ptolemy.util.test.junit.AutoTests" name="[78] /home/travis/build/icyphy/ptII/ptolemy/domains/de/test/auto/VariableDelayZeroDelay2.xml (RunModel)" time="0.01" />
  <testcase classname="ptolemy.util.test.junit.AutoTests" name="[79] /home/travis/build/icyphy/ptII/ptolemy/domains/de/test/auto/deInCt.xml (RunModel)" time="0.011" />
  <testcase classname="ptolemy.util.test.junit.AutoTests" name="[80] /home/travis/build/icyphy/ptII/ptolemy/domains/de/test/auto/deInCt2.xml (RunModel)" time="0.014" />
  <testcase classname="ptolemy.util.test.junit.AutoTests" name="[81] /home/travis/build/icyphy/ptII/ptolemy/domains/de/test/auto/dynamicCausalityInterface1.xml (RunModel)" time="0.013" />
  <testcase classname="ptolemy.util.test.junit.AutoTests" name="[82] /home/travis/build/icyphy/ptII/ptolemy/domains/de/test/auto/fsm_de_test.xml (RunModel)" time="0.027" />
  <testcase classname="ptolemy.util.test.junit.AutoTests" name="[83] /home/travis/build/icyphy/ptII/ptolemy/domains/de/test/auto/functionDependencyReconstruction.xml (RunModel)" time="0.04" />
  <testcase classname="ptolemy.util.test.junit.AutoTests" name="[84] /home/travis/build/icyphy/ptII/ptolemy/domains/de/test/auto/multirate.xml (RunModel)" time="0.017" />
  <testcase classname="ptolemy.util.test.junit.AutoTests" name="[85] /home/travis/build/icyphy/ptII/ptolemy/domains/de/test/auto/multirate2.xml (RunModel)" time="0.03" />
  <testcase classname="ptolemy.util.test.junit.AutoTests" name="[86] /home/travis/build/icyphy/ptII/ptolemy/domains/de/test/auto/realtime.xml (RunModel)" time="10.016" />
  <testcase classname="ptolemy.util.test.junit.AutoTests" name="[87] /home/travis/build/icyphy/ptII/ptolemy/domains/de/test/auto/relationGroup.xml (RunModel)" time="0.009" />
  <testcase classname="ptolemy.util.test.junit.AutoTests" name="[88] /home/travis/build/icyphy/ptII/ptolemy/domains/de/test/auto/relationGroup2.xml (RunModel)" time="0.006" />
  <testcase classname="ptolemy.util.test.junit.AutoTests" name="[89] /home/travis/build/icyphy/ptII/ptolemy/domains/de/test/auto/sortWithOpaquePorts.xml (RunModel)" time="0.007" />
  <testcase classname="ptolemy.util.test.junit.AutoTests" name="[90] /home/travis/build/icyphy/ptII/ptolemy/domains/de/test/auto/transferInputsandOutputs.xml (RunModel)" time="0.021" />
  <testcase classname="ptolemy.util.test.junit.AutoTests" name="[91] /home/travis/build/icyphy/ptII/ptolemy/domains/de/test/auto/triggerType.xml (RunModel)" time="0.008" />
  <system-out><![CDATA[/home/travis/build/icyphy/ptII/ptolemy/domains/de/test/DependencyLoop.tcl
testDefs.tcl: setting time out to 9000 seconds at Mon Nov 11 06:49:46 UTC 2019
62 ms. Memory: 120832K Free: 72133K (60%)
33 ms. Memory: 120832K Free: 54711K (45%)
/home/travis/build/icyphy/ptII/ptolemy/domains/de/test/RunDETestsAsQSS.tcl
Run the DE tests using ptolemy.domains.qss.test.QSSDirectorTest, which extends QSSDirector and prints a message in the constructors.
------------------ testing $PTII/ptolemy/domains/de/test/auto/knownFailedTests/DirectFeedback.xml (Known Failure) 
55 ms. Memory: 120832K Free: 48581K (40%)


==== $PTIIhome/travis/build/icyphy/ptII/ptolemy/domains/de/test/../../../../: Auto Automatic test in file $PTII/ptolemy/domains/de/test/auto/knownFailedTests/DirectFeedback.xml
==== Contents of test case:

	    # FIXME: we should use $relativeFilename here, but it
	    # might have backslashes under Windows, which causes no end
	    # of trouble.
	    createAndExecute $file
	    list {}
	
.... Test generated KNOWN error:
    while executing
ptolemy.kernel.util.IllegalActionException: Test fails in iteration 1.
Value was: 1.0. Should have been: 2.0
  in .DirectFeedback.Test
	at ptolemy.actor.lib.Test.fire(Test.java:268)
	at ptolemy.domains.de.kernel.DEDirector._fire(DEDirector.java:1949)
	at ptolemy.domains.de.kernel.DEDirector.fire(DEDirector.java:502)
	at ptolemy.actor.CompositeActor.fire(CompositeActor.java:455)
	at ptolemy.actor.Manager.iterate(Manager.java:851)
	at ptolemy.actor.Manager.execute(Manager.java:369)
	at ptolemy.actor.Manager.run(Manager.java:1263)
	at ptolemy.actor.Manager$PtolemyRunThread.run(Manager.java:1933)

    while executing
ptolemy.kernel.util.IllegalActionException: Test fails in iteration 1.
Value was: 1.0. Should have been: 2.0
  in .DirectFeedback.Test
    while executing
"java::new ptolemy.moml.MoMLSimpleApplication $file
"
    (procedure "createAndExecute" line 2)
    invoked from within
"createAndExecute $file"
    ("uplevel" body line 5)
    invoked from within
"uplevel $contents_of_test"
------------------ testing $PTII/ptolemy/domains/de/test/auto/knownFailedTests/dependencyLoop.xml (Known Failure) 
40 ms. Memory: 120832K Free: 107427K (89%)


==== $PTIIhome/travis/build/icyphy/ptII/ptolemy/domains/de/test/../../../../: Auto Automatic test in file $PTII/ptolemy/domains/de/test/auto/knownFailedTests/dependencyLoop.xml
==== Contents of test case:

	    # FIXME: we should use $relativeFilename here, but it
	    # might have backslashes under Windows, which causes no end
	    # of trouble.
	    createAndExecute $file
	    list {}
	
.... Test generated KNOWN error:
    while executing
ptolemy.kernel.util.IllegalActionException: Found a zero delay loop containing .dependencyLoop.original
  in .dependencyLoop and .dependencyLoop.original
	at ptolemy.actor.util.CausalityInterfaceForComposites._computeOutputPortDepth(CausalityInterfaceForComposites.java:759)
	at ptolemy.actor.util.CausalityInterfaceForComposites._computeInputDepth(CausalityInterfaceForComposites.java:696)
	at ptolemy.actor.util.CausalityInterfaceForComposites._computeOutputPortDepth(CausalityInterfaceForComposites.java:765)
	at ptolemy.actor.util.CausalityInterfaceForComposites._computeInputDepth(CausalityInterfaceForComposites.java:696)
	at ptolemy.actor.util.CausalityInterfaceForComposites._computeOutputPortDepth(CausalityInterfaceForComposites.java:765)
	at ptolemy.actor.util.CausalityInterfaceForComposites._computeInputDepth(CausalityInterfaceForComposites.java:696)
	at ptolemy.actor.util.CausalityInterfaceForComposites._computeActorDepth(CausalityInterfaceForComposites.java:532)
	at ptolemy.actor.util.CausalityInterfaceForComposites.checkForCycles(CausalityInterfaceForComposites.java:96)
	at ptolemy.domains.de.kernel.DEDirector.preinitialize(DEDirector.java:1338)
	at ptolemy.actor.CompositeActor.preinitialize(CompositeActor.java:1828)
	at ptolemy.actor.Manager.preinitializeAndResolveTypes(Manager.java:1040)
	at ptolemy.actor.Manager.initialize(Manager.java:710)
	at ptolemy.actor.Manager.execute(Manager.java:356)
	at ptolemy.actor.Manager.run(Manager.java:1263)
	at ptolemy.actor.Manager$PtolemyRunThread.run(Manager.java:1933)

    while executing
ptolemy.kernel.util.IllegalActionException: Found a zero delay loop containing .dependencyLoop.original
  in .dependencyLoop and .dependencyLoop.original
    while executing
"java::new ptolemy.moml.MoMLSimpleApplication $file
"
    (procedure "createAndExecute" line 2)
    invoked from within
"createAndExecute $file"
    ("uplevel" body line 5)
    invoked from within
"uplevel $contents_of_test"
------------------ testing $PTII/ptolemy/domains/de/test/auto/knownFailedTests/FSMSource.xml (Known Failure) 
70 ms. Memory: 120832K Free: 98505K (82%)
!!!! Auto was marked as failing, but now passes
------------------ testing $PTII/ptolemy/domains/de/test/auto/knownFailedTests/HierarchicalModel.xml (Known Failure) 
14 ms. Memory: 120832K Free: 81327K (67%)


==== $PTIIhome/travis/build/icyphy/ptII/ptolemy/domains/de/test/../../../../: Auto Automatic test in file $PTII/ptolemy/domains/de/test/auto/knownFailedTests/HierarchicalModel.xml
==== Contents of test case:

	    # FIXME: we should use $relativeFilename here, but it
	    # might have backslashes under Windows, which causes no end
	    # of trouble.
	    createAndExecute $file
	    list {}
	
.... Test generated KNOWN error:
    while executing
ptolemy.kernel.util.IllegalActionException: Found a zero delay loop containing .HierarchicalModel.A
  in .HierarchicalModel and .HierarchicalModel.A
	at ptolemy.actor.util.CausalityInterfaceForComposites._computeOutputPortDepth(CausalityInterfaceForComposites.java:759)
	at ptolemy.actor.util.CausalityInterfaceForComposites._computeInputDepth(CausalityInterfaceForComposites.java:696)
	at ptolemy.actor.util.CausalityInterfaceForComposites._computeOutputPortDepth(CausalityInterfaceForComposites.java:765)
	at ptolemy.actor.util.CausalityInterfaceForComposites._computeInputDepth(CausalityInterfaceForComposites.java:696)
	at ptolemy.actor.util.CausalityInterfaceForComposites._computeOutputPortDepth(CausalityInterfaceForComposites.java:765)
	at ptolemy.actor.util.CausalityInterfaceForComposites._computeInputDepth(CausalityInterfaceForComposites.java:696)
	at ptolemy.actor.util.CausalityInterfaceForComposites._computeActorDepth(CausalityInterfaceForComposites.java:532)
	at ptolemy.actor.util.CausalityInterfaceForComposites.checkForCycles(CausalityInterfaceForComposites.java:96)
	at ptolemy.domains.de.kernel.DEDirector.preinitialize(DEDirector.java:1338)
	at ptolemy.actor.CompositeActor.preinitialize(CompositeActor.java:1828)
	at ptolemy.actor.Manager.preinitializeAndResolveTypes(Manager.java:1040)
	at ptolemy.actor.Manager.initialize(Manager.java:710)
	at ptolemy.actor.Manager.execute(Manager.java:356)
	at ptolemy.actor.Manager.run(Manager.java:1263)
	at ptolemy.actor.Manager$PtolemyRunThread.run(Manager.java:1933)

    while executing
ptolemy.kernel.util.IllegalActionException: Found a zero delay loop containing .HierarchicalModel.A
  in .HierarchicalModel and .HierarchicalModel.A
    while executing
"java::new ptolemy.moml.MoMLSimpleApplication $file
"
    (procedure "createAndExecute" line 2)
    invoked from within
"createAndExecute $file"
    ("uplevel" body line 5)
    invoked from within
"uplevel $contents_of_test"
------------------ testing $PTII/ptolemy/domains/de/test/auto/knownFailedTests/dependencyLoop2.xml (Known Failure) 
27 ms. Memory: 120832K Free: 106922K (88%)


==== $PTIIhome/travis/build/icyphy/ptII/ptolemy/domains/de/test/../../../../: Auto Automatic test in file $PTII/ptolemy/domains/de/test/auto/knownFailedTests/dependencyLoop2.xml
==== Contents of test case:

	    # FIXME: we should use $relativeFilename here, but it
	    # might have backslashes under Windows, which causes no end
	    # of trouble.
	    createAndExecute $file
	    list {}
	
.... Test generated KNOWN error:
    while executing
ptolemy.kernel.util.IllegalActionException: Found a zero delay loop containing .dependencyLoop2.original
  in .dependencyLoop2 and .dependencyLoop2.original
	at ptolemy.actor.util.CausalityInterfaceForComposites._computeOutputPortDepth(CausalityInterfaceForComposites.java:759)
	at ptolemy.actor.util.CausalityInterfaceForComposites._computeInputDepth(CausalityInterfaceForComposites.java:696)
	at ptolemy.actor.util.CausalityInterfaceForComposites._computeOutputPortDepth(CausalityInterfaceForComposites.java:765)
	at ptolemy.actor.util.CausalityInterfaceForComposites._computeInputDepth(CausalityInterfaceForComposites.java:696)
	at ptolemy.actor.util.CausalityInterfaceForComposites._computeOutputPortDepth(CausalityInterfaceForComposites.java:765)
	at ptolemy.actor.util.CausalityInterfaceForComposites._computeInputDepth(CausalityInterfaceForComposites.java:696)
	at ptolemy.actor.util.CausalityInterfaceForComposites._computeActorDepth(CausalityInterfaceForComposites.java:532)
	at ptolemy.actor.util.CausalityInterfaceForComposites.checkForCycles(CausalityInterfaceForComposites.java:96)
	at ptolemy.domains.de.kernel.DEDirector.preinitialize(DEDirector.java:1338)
	at ptolemy.actor.CompositeActor.preinitialize(CompositeActor.java:1828)
	at ptolemy.actor.Manager.preinitializeAndResolveTypes(Manager.java:1040)
	at ptolemy.actor.Manager.initialize(Manager.java:710)
	at ptolemy.actor.Manager.execute(Manager.java:356)
	at ptolemy.actor.Manager.run(Manager.java:1263)
	at ptolemy.actor.Manager$PtolemyRunThread.run(Manager.java:1933)

    while executing
ptolemy.kernel.util.IllegalActionException: Found a zero delay loop containing .dependencyLoop2.original
  in .dependencyLoop2 and .dependencyLoop2.original
    while executing
"java::new ptolemy.moml.MoMLSimpleApplication $file
"
    (procedure "createAndExecute" line 2)
    invoked from within
"createAndExecute $file"
    ("uplevel" body line 5)
    invoked from within
"uplevel $contents_of_test"
------------------ testing $PTII/ptolemy/domains/de/test/auto/knownFailedTests/DESDFClockTest.xml (Known Failure) 
2064 ms. Memory: 120832K Free: 93687K (78%)


==== $PTIIhome/travis/build/icyphy/ptII/ptolemy/domains/de/test/../../../../: Auto Automatic test in file $PTII/ptolemy/domains/de/test/auto/knownFailedTests/DESDFClockTest.xml
==== Contents of test case:

	    # FIXME: we should use $relativeFilename here, but it
	    # might have backslashes under Windows, which causes no end
	    # of trouble.
	    createAndExecute $file
	    list {}
	
.... Test generated KNOWN error:
    while executing
ptolemy.kernel.util.IllegalActionException: Actor is not ready to fire.  Perhaps UpSample.prefire() returned false? Try debugging the actor by selecting "Listen to Actor".  Also, for SDF check moml for tokenConsumptionRate on input.
  in .DESDFClockTest.Play Bell.Copy1:SDF Director and .DESDFClockTest.Play Bell.UpSample
	at ptolemy.actor.sched.StaticSchedulingDirector.fire(StaticSchedulingDirector.java:227)
	at ptolemy.domains.sdf.kernel.SDFDirector.fire(SDFDirector.java:500)
	at ptolemy.actor.CompositeActor.fire(CompositeActor.java:455)
	at ptolemy.domains.de.kernel.DEDirector._fire(DEDirector.java:1949)
	at ptolemy.domains.de.kernel.DEDirector.fire(DEDirector.java:502)
	at ptolemy.actor.CompositeActor.fire(CompositeActor.java:455)
	at ptolemy.actor.Manager.iterate(Manager.java:851)
	at ptolemy.actor.Manager.execute(Manager.java:369)
	at ptolemy.actor.Manager.run(Manager.java:1263)
	at ptolemy.actor.Manager$PtolemyRunThread.run(Manager.java:1933)

    while executing
ptolemy.kernel.util.IllegalActionException: Actor is not ready to fire.  Perhaps UpSample.prefire() returned false? Try debugging the actor by selecting "Listen to Actor".  Also, for SDF check moml for tokenConsumptionRate on input.
  in .DESDFClockTest.Play Bell.Copy1:SDF Director and .DESDFClockTest.Play Bell.UpSample
    while executing
"java::new ptolemy.moml.MoMLSimpleApplication $file
"
    (procedure "createAndExecute" line 2)
    invoked from within
"createAndExecute $file"
    ("uplevel" body line 5)
    invoked from within
"uplevel $contents_of_test"
------------------ testing $PTII/ptolemy/domains/de/test/auto/ActorDepthCalculation_actorWithoutPorts.xml
auto.tcl: Setting watchdog for 200 seconds at Mon Nov 11 06:49:50 UTC 2019
10 ms. Memory: 120832K Free: 87112K (72%)
ptolemy.util.test.WatchDog.cancel(): canceling Mon Nov 11 06:49:50 UTC 2019
auto.tcl: Setting watchdog for 200 seconds at Mon Nov 11 06:49:50 UTC 2019
9 ms. Memory: 120832K Free: 85346K (71%)
ptolemy.util.test.WatchDog.cancel(): canceling Mon Nov 11 06:49:50 UTC 2019
------------------ testing $PTII/ptolemy/domains/de/test/auto/AssemblyLine.xml
auto.tcl: Setting watchdog for 200 seconds at Mon Nov 11 06:49:50 UTC 2019
10 ms. Memory: 45056K Free: 22463K (50%)
ptolemy.util.test.WatchDog.cancel(): canceling Mon Nov 11 06:49:51 UTC 2019
auto.tcl: Setting watchdog for 200 seconds at Mon Nov 11 06:49:51 UTC 2019
7 ms. Memory: 45056K Free: 22019K (49%)
ptolemy.util.test.WatchDog.cancel(): canceling Mon Nov 11 06:49:51 UTC 2019
------------------ testing $PTII/ptolemy/domains/de/test/auto/CQBug1.xml
auto.tcl: Setting watchdog for 200 seconds at Mon Nov 11 06:49:51 UTC 2019
12 ms. Memory: 45056K Free: 28385K (63%)
ptolemy.util.test.WatchDog.cancel(): canceling Mon Nov 11 06:49:51 UTC 2019
auto.tcl: Setting watchdog for 200 seconds at Mon Nov 11 06:49:51 UTC 2019
2 ms. Memory: 45056K Free: 27933K (62%)
ptolemy.util.test.WatchDog.cancel(): canceling Mon Nov 11 06:49:51 UTC 2019
------------------ testing $PTII/ptolemy/domains/de/test/auto/CancelFireAt.xml
auto.tcl: Setting watchdog for 200 seconds at Mon Nov 11 06:49:51 UTC 2019
2 ms. Memory: 45056K Free: 29757K (66%)
ptolemy.util.test.WatchDog.cancel(): canceling Mon Nov 11 06:49:51 UTC 2019
auto.tcl: Setting watchdog for 200 seconds at Mon Nov 11 06:49:51 UTC 2019
2 ms. Memory: 45056K Free: 29260K (65%)
ptolemy.util.test.WatchDog.cancel(): canceling Mon Nov 11 06:49:51 UTC 2019
------------------ testing $PTII/ptolemy/domains/de/test/auto/CausalityAndComposabilityAnalysis.xml
auto.tcl: Setting watchdog for 200 seconds at Mon Nov 11 06:49:51 UTC 2019
5 ms. Memory: 45056K Free: 27419K (61%)
ptolemy.util.test.WatchDog.cancel(): canceling Mon Nov 11 06:49:51 UTC 2019
auto.tcl: Setting watchdog for 200 seconds at Mon Nov 11 06:49:51 UTC 2019
7 ms. Memory: 45056K Free: 26992K (60%)
ptolemy.util.test.WatchDog.cancel(): canceling Mon Nov 11 06:49:51 UTC 2019
------------------ testing $PTII/ptolemy/domains/de/test/auto/CausalityInterface1.xml
auto.tcl: Setting watchdog for 200 seconds at Mon Nov 11 06:49:51 UTC 2019
29 ms. Memory: 45056K Free: 26393K (59%)
ptolemy.util.test.WatchDog.cancel(): canceling Mon Nov 11 06:49:51 UTC 2019
auto.tcl: Setting watchdog for 200 seconds at Mon Nov 11 06:49:51 UTC 2019
4 ms. Memory: 45056K Free: 25396K (56%)
ptolemy.util.test.WatchDog.cancel(): canceling Mon Nov 11 06:49:51 UTC 2019
------------------ testing $PTII/ptolemy/domains/de/test/auto/CausalityInterface15.xml
auto.tcl: Setting watchdog for 200 seconds at Mon Nov 11 06:49:51 UTC 2019
9 ms. Memory: 45056K Free: 26047K (58%)
ptolemy.util.test.WatchDog.cancel(): canceling Mon Nov 11 06:49:51 UTC 2019
auto.tcl: Setting watchdog for 200 seconds at Mon Nov 11 06:49:51 UTC 2019
5 ms. Memory: 45056K Free: 25346K (56%)
ptolemy.util.test.WatchDog.cancel(): canceling Mon Nov 11 06:49:51 UTC 2019
------------------ testing $PTII/ptolemy/domains/de/test/auto/CausalityInterface2.xml
auto.tcl: Setting watchdog for 200 seconds at Mon Nov 11 06:49:51 UTC 2019
5 ms. Memory: 45056K Free: 27103K (60%)
ptolemy.util.test.WatchDog.cancel(): canceling Mon Nov 11 06:49:51 UTC 2019
auto.tcl: Setting watchdog for 200 seconds at Mon Nov 11 06:49:51 UTC 2019
2 ms. Memory: 45056K Free: 26348K (58%)
ptolemy.util.test.WatchDog.cancel(): canceling Mon Nov 11 06:49:51 UTC 2019
------------------ testing $PTII/ptolemy/domains/de/test/auto/CausalityInterface3.xml
auto.tcl: Setting watchdog for 200 seconds at Mon Nov 11 06:49:51 UTC 2019
3 ms. Memory: 45056K Free: 26565K (59%)
ptolemy.util.test.WatchDog.cancel(): canceling Mon Nov 11 06:49:51 UTC 2019
auto.tcl: Setting watchdog for 200 seconds at Mon Nov 11 06:49:51 UTC 2019
3 ms. Memory: 45056K Free: 25768K (57%)
ptolemy.util.test.WatchDog.cancel(): canceling Mon Nov 11 06:49:51 UTC 2019
------------------ testing $PTII/ptolemy/domains/de/test/auto/ClockDrift.xml
auto.tcl: Setting watchdog for 200 seconds at Mon Nov 11 06:49:51 UTC 2019
83 ms. Memory: 45056K Free: 19139K (42%)
ptolemy.util.test.WatchDog.cancel(): canceling Mon Nov 11 06:49:51 UTC 2019
auto.tcl: Setting watchdog for 200 seconds at Mon Nov 11 06:49:51 UTC 2019
36 ms. Memory: 45056K Free: 16126K (36%)
ptolemy.util.test.WatchDog.cancel(): canceling Mon Nov 11 06:49:51 UTC 2019
------------------ testing $PTII/ptolemy/domains/de/test/auto/ClockDriftAndValueChange.xml
auto.tcl: Setting watchdog for 200 seconds at Mon Nov 11 06:49:51 UTC 2019
41 ms. Memory: 45056K Free: 19229K (43%)
ptolemy.util.test.WatchDog.cancel(): canceling Mon Nov 11 06:49:52 UTC 2019
auto.tcl: Setting watchdog for 200 seconds at Mon Nov 11 06:49:52 UTC 2019
20 ms. Memory: 45056K Free: 16385K (36%)
ptolemy.util.test.WatchDog.cancel(): canceling Mon Nov 11 06:49:52 UTC 2019
------------------ testing $PTII/ptolemy/domains/de/test/auto/ClockDriftChange.xml
auto.tcl: Setting watchdog for 200 seconds at Mon Nov 11 06:49:52 UTC 2019
21 ms. Memory: 45056K Free: 21269K (47%)
ptolemy.util.test.WatchDog.cancel(): canceling Mon Nov 11 06:49:52 UTC 2019
auto.tcl: Setting watchdog for 200 seconds at Mon Nov 11 06:49:52 UTC 2019
21 ms. Memory: 45056K Free: 18716K (42%)
ptolemy.util.test.WatchDog.cancel(): canceling Mon Nov 11 06:49:52 UTC 2019
------------------ testing $PTII/ptolemy/domains/de/test/auto/ComposableCausalityAnalysis.xml
auto.tcl: Setting watchdog for 200 seconds at Mon Nov 11 06:49:52 UTC 2019
2 ms. Memory: 45056K Free: 25931K (58%)
ptolemy.util.test.WatchDog.cancel(): canceling Mon Nov 11 06:49:52 UTC 2019
auto.tcl: Setting watchdog for 200 seconds at Mon Nov 11 06:49:52 UTC 2019
4 ms. Memory: 45056K Free: 24867K (55%)
ptolemy.util.test.WatchDog.cancel(): canceling Mon Nov 11 06:49:52 UTC 2019
------------------ testing $PTII/ptolemy/domains/de/test/auto/DEFixedPointLimitation.xml
auto.tcl: Setting watchdog for 200 seconds at Mon Nov 11 06:49:52 UTC 2019
2 ms. Memory: 45056K Free: 27244K (60%)
ptolemy.util.test.WatchDog.cancel(): canceling Mon Nov 11 06:49:52 UTC 2019
auto.tcl: Setting watchdog for 200 seconds at Mon Nov 11 06:49:52 UTC 2019
2 ms. Memory: 45056K Free: 26348K (58%)
ptolemy.util.test.WatchDog.cancel(): canceling Mon Nov 11 06:49:52 UTC 2019
------------------ testing $PTII/ptolemy/domains/de/test/auto/DEScheduleTest.xml
auto.tcl: Setting watchdog for 200 seconds at Mon Nov 11 06:49:52 UTC 2019
3 ms. Memory: 45056K Free: 27495K (61%)
ptolemy.util.test.WatchDog.cancel(): canceling Mon Nov 11 06:49:52 UTC 2019
auto.tcl: Setting watchdog for 200 seconds at Mon Nov 11 06:49:52 UTC 2019
3 ms. Memory: 45056K Free: 26769K (59%)
ptolemy.util.test.WatchDog.cancel(): canceling Mon Nov 11 06:49:52 UTC 2019
------------------ testing $PTII/ptolemy/domains/de/test/auto/DEinDEwithStartTimes.xml
auto.tcl: Setting watchdog for 200 seconds at Mon Nov 11 06:49:52 UTC 2019
9 ms. Memory: 45056K Free: 25713K (57%)
ptolemy.util.test.WatchDog.cancel(): canceling Mon Nov 11 06:49:52 UTC 2019
auto.tcl: Setting watchdog for 200 seconds at Mon Nov 11 06:49:52 UTC 2019
4 ms. Memory: 45056K Free: 24670K (55%)
ptolemy.util.test.WatchDog.cancel(): canceling Mon Nov 11 06:49:52 UTC 2019
------------------ testing $PTII/ptolemy/domains/de/test/auto/DEinDEwithStartTimes2.xml
auto.tcl: Setting watchdog for 200 seconds at Mon Nov 11 06:49:52 UTC 2019
4 ms. Memory: 45056K Free: 24923K (55%)
ptolemy.util.test.WatchDog.cancel(): canceling Mon Nov 11 06:49:52 UTC 2019
auto.tcl: Setting watchdog for 200 seconds at Mon Nov 11 06:49:52 UTC 2019
3 ms. Memory: 45056K Free: 23625K (52%)
ptolemy.util.test.WatchDog.cancel(): canceling Mon Nov 11 06:49:52 UTC 2019
------------------ testing $PTII/ptolemy/domains/de/test/auto/DateDemo.xml
auto.tcl: Setting watchdog for 200 seconds at Mon Nov 11 06:49:52 UTC 2019
23 ms. Memory: 45056K Free: 19267K (43%)
ptolemy.util.test.WatchDog.cancel(): canceling Mon Nov 11 06:49:52 UTC 2019
auto.tcl: Setting watchdog for 200 seconds at Mon Nov 11 06:49:52 UTC 2019
9 ms. Memory: 45056K Free: 17676K (39%)
ptolemy.util.test.WatchDog.cancel(): canceling Mon Nov 11 06:49:52 UTC 2019
------------------ testing $PTII/ptolemy/domains/de/test/auto/DateToEvent.xml
auto.tcl: Setting watchdog for 200 seconds at Mon Nov 11 06:49:52 UTC 2019
2009 ms. Memory: 45056K Free: 15189K (34%)
ptolemy.util.test.WatchDog.cancel(): canceling Mon Nov 11 06:49:54 UTC 2019
auto.tcl: Setting watchdog for 200 seconds at Mon Nov 11 06:49:54 UTC 2019
2007 ms. Memory: 45056K Free: 14445K (32%)
ptolemy.util.test.WatchDog.cancel(): canceling Mon Nov 11 06:49:56 UTC 2019
------------------ testing $PTII/ptolemy/domains/de/test/auto/DepthTest1.xml
auto.tcl: Setting watchdog for 200 seconds at Mon Nov 11 06:49:56 UTC 2019
3 ms. Memory: 45056K Free: 28471K (63%)
ptolemy.util.test.WatchDog.cancel(): canceling Mon Nov 11 06:49:56 UTC 2019
auto.tcl: Setting watchdog for 200 seconds at Mon Nov 11 06:49:56 UTC 2019
1 ms. Memory: 45056K Free: 27941K (62%)
ptolemy.util.test.WatchDog.cancel(): canceling Mon Nov 11 06:49:56 UTC 2019
------------------ testing $PTII/ptolemy/domains/de/test/auto/DepthTest2.xml
auto.tcl: Setting watchdog for 200 seconds at Mon Nov 11 06:49:56 UTC 2019
6 ms. Memory: 45056K Free: 25235K (56%)
ptolemy.util.test.WatchDog.cancel(): canceling Mon Nov 11 06:49:56 UTC 2019
auto.tcl: Setting watchdog for 200 seconds at Mon Nov 11 06:49:56 UTC 2019
3 ms. Memory: 45056K Free: 24816K (55%)
ptolemy.util.test.WatchDog.cancel(): canceling Mon Nov 11 06:49:56 UTC 2019
------------------ testing $PTII/ptolemy/domains/de/test/auto/DepthTest3.xml
auto.tcl: Setting watchdog for 200 seconds at Mon Nov 11 06:49:57 UTC 2019
5 ms. Memory: 45056K Free: 28665K (64%)
ptolemy.util.test.WatchDog.cancel(): canceling Mon Nov 11 06:49:57 UTC 2019
auto.tcl: Setting watchdog for 200 seconds at Mon Nov 11 06:49:57 UTC 2019
1 ms. Memory: 45056K Free: 28276K (63%)
ptolemy.util.test.WatchDog.cancel(): canceling Mon Nov 11 06:49:57 UTC 2019
------------------ testing $PTII/ptolemy/domains/de/test/auto/DepthTest4.xml
auto.tcl: Setting watchdog for 200 seconds at Mon Nov 11 06:49:57 UTC 2019
5 ms. Memory: 45056K Free: 27022K (60%)
ptolemy.util.test.WatchDog.cancel(): canceling Mon Nov 11 06:49:57 UTC 2019
auto.tcl: Setting watchdog for 200 seconds at Mon Nov 11 06:49:57 UTC 2019
1 ms. Memory: 45056K Free: 26273K (58%)
ptolemy.util.test.WatchDog.cancel(): canceling Mon Nov 11 06:49:57 UTC 2019
------------------ testing $PTII/ptolemy/domains/de/test/auto/DepthTest5.xml
auto.tcl: Setting watchdog for 200 seconds at Mon Nov 11 06:49:57 UTC 2019
3 ms. Memory: 45056K Free: 26423K (59%)
ptolemy.util.test.WatchDog.cancel(): canceling Mon Nov 11 06:49:57 UTC 2019
auto.tcl: Setting watchdog for 200 seconds at Mon Nov 11 06:49:57 UTC 2019
6 ms. Memory: 45056K Free: 25626K (57%)
ptolemy.util.test.WatchDog.cancel(): canceling Mon Nov 11 06:49:57 UTC 2019
------------------ testing $PTII/ptolemy/domains/de/test/auto/DepthTest6.xml
auto.tcl: Setting watchdog for 200 seconds at Mon Nov 11 06:49:57 UTC 2019
4 ms. Memory: 45056K Free: 26153K (58%)
ptolemy.util.test.WatchDog.cancel(): canceling Mon Nov 11 06:49:57 UTC 2019
auto.tcl: Setting watchdog for 200 seconds at Mon Nov 11 06:49:57 UTC 2019
2 ms. Memory: 45056K Free: 25604K (57%)
ptolemy.util.test.WatchDog.cancel(): canceling Mon Nov 11 06:49:57 UTC 2019
------------------ testing $PTII/ptolemy/domains/de/test/auto/DepthTest7.xml
auto.tcl: Setting watchdog for 200 seconds at Mon Nov 11 06:49:57 UTC 2019
3 ms. Memory: 45056K Free: 26947K (60%)
ptolemy.util.test.WatchDog.cancel(): canceling Mon Nov 11 06:49:57 UTC 2019
auto.tcl: Setting watchdog for 200 seconds at Mon Nov 11 06:49:57 UTC 2019
2 ms. Memory: 45056K Free: 26236K (58%)
ptolemy.util.test.WatchDog.cancel(): canceling Mon Nov 11 06:49:57 UTC 2019
------------------ testing $PTII/ptolemy/domains/de/test/auto/EventToDate.xml
auto.tcl: Setting watchdog for 200 seconds at Mon Nov 11 06:49:57 UTC 2019
3007 ms. Memory: 45056K Free: 17746K (39%)
ptolemy.util.test.WatchDog.cancel(): canceling Mon Nov 11 06:50:00 UTC 2019
auto.tcl: Setting watchdog for 200 seconds at Mon Nov 11 06:50:00 UTC 2019
3004 ms. Memory: 45056K Free: 17041K (38%)
ptolemy.util.test.WatchDog.cancel(): canceling Mon Nov 11 06:50:03 UTC 2019
------------------ testing $PTII/ptolemy/domains/de/test/auto/FSM1.xml
auto.tcl: Setting watchdog for 200 seconds at Mon Nov 11 06:50:03 UTC 2019
48 ms. Memory: 45056K Free: 18675K (41%)
ptolemy.util.test.WatchDog.cancel(): canceling Mon Nov 11 06:50:03 UTC 2019
auto.tcl: Setting watchdog for 200 seconds at Mon Nov 11 06:50:03 UTC 2019
33 ms. Memory: 45056K Free: 15313K (34%)
ptolemy.util.test.WatchDog.cancel(): canceling Mon Nov 11 06:50:03 UTC 2019
------------------ testing $PTII/ptolemy/domains/de/test/auto/FSM7.xml
auto.tcl: Setting watchdog for 200 seconds at Mon Nov 11 06:50:03 UTC 2019
17 ms. Memory: 45056K Free: 18659K (41%)
ptolemy.util.test.WatchDog.cancel(): canceling Mon Nov 11 06:50:03 UTC 2019
auto.tcl: Setting watchdog for 200 seconds at Mon Nov 11 06:50:03 UTC 2019
17 ms. Memory: 45056K Free: 15553K (35%)
ptolemy.util.test.WatchDog.cancel(): canceling Mon Nov 11 06:50:03 UTC 2019
------------------ testing $PTII/ptolemy/domains/de/test/auto/Inspection.xml
auto.tcl: Setting watchdog for 200 seconds at Mon Nov 11 06:50:03 UTC 2019
42 ms. Memory: 45056K Free: 18679K (41%)
ptolemy.util.test.WatchDog.cancel(): canceling Mon Nov 11 06:50:03 UTC 2019
auto.tcl: Setting watchdog for 200 seconds at Mon Nov 11 06:50:03 UTC 2019
31 ms. Memory: 45056K Free: 16939K (38%)
ptolemy.util.test.WatchDog.cancel(): canceling Mon Nov 11 06:50:03 UTC 2019
------------------ testing $PTII/ptolemy/domains/de/test/auto/Iteration.xml
auto.tcl: Setting watchdog for 200 seconds at Mon Nov 11 06:50:03 UTC 2019
6 ms. Memory: 45056K Free: 24450K (54%)
ptolemy.util.test.WatchDog.cancel(): canceling Mon Nov 11 06:50:03 UTC 2019
auto.tcl: Setting watchdog for 200 seconds at Mon Nov 11 06:50:03 UTC 2019
7 ms. Memory: 45056K Free: 22995K (51%)
ptolemy.util.test.WatchDog.cancel(): canceling Mon Nov 11 06:50:03 UTC 2019
------------------ testing $PTII/ptolemy/domains/de/test/auto/LineFault.xml
auto.tcl: Setting watchdog for 200 seconds at Mon Nov 11 06:50:04 UTC 2019
631 ms. Memory: 54272K Free: 38595K (71%)
ptolemy.util.test.WatchDog.cancel(): canceling Mon Nov 11 06:50:04 UTC 2019
auto.tcl: Setting watchdog for 200 seconds at Mon Nov 11 06:50:04 UTC 2019
643 ms. Memory: 54272K Free: 27351K (50%)
ptolemy.util.test.WatchDog.cancel(): canceling Mon Nov 11 06:50:05 UTC 2019
------------------ testing $PTII/ptolemy/domains/de/test/auto/MergeModel1Add.xml
auto.tcl: Setting watchdog for 200 seconds at Mon Nov 11 06:50:05 UTC 2019
34 ms. Memory: 51200K Free: 16541K (32%)
ptolemy.util.test.WatchDog.cancel(): canceling Mon Nov 11 06:50:05 UTC 2019
auto.tcl: Setting watchdog for 200 seconds at Mon Nov 11 06:50:05 UTC 2019
10 ms. Memory: 51200K Free: 14912K (29%)
ptolemy.util.test.WatchDog.cancel(): canceling Mon Nov 11 06:50:05 UTC 2019
------------------ testing $PTII/ptolemy/domains/de/test/auto/MergeModel2Add.xml
auto.tcl: Setting watchdog for 200 seconds at Mon Nov 11 06:50:05 UTC 2019
13 ms. Memory: 51200K Free: 18389K (36%)
ptolemy.util.test.WatchDog.cancel(): canceling Mon Nov 11 06:50:05 UTC 2019
auto.tcl: Setting watchdog for 200 seconds at Mon Nov 11 06:50:05 UTC 2019
10 ms. Memory: 51200K Free: 16625K (32%)
ptolemy.util.test.WatchDog.cancel(): canceling Mon Nov 11 06:50:05 UTC 2019
------------------ testing $PTII/ptolemy/domains/de/test/auto/MergeModel3Add.xml
auto.tcl: Setting watchdog for 200 seconds at Mon Nov 11 06:50:05 UTC 2019
11 ms. Memory: 51200K Free: 18595K (36%)
ptolemy.util.test.WatchDog.cancel(): canceling Mon Nov 11 06:50:06 UTC 2019
auto.tcl: Setting watchdog for 200 seconds at Mon Nov 11 06:50:06 UTC 2019
10 ms. Memory: 51200K Free: 17058K (33%)
ptolemy.util.test.WatchDog.cancel(): canceling Mon Nov 11 06:50:06 UTC 2019
------------------ testing $PTII/ptolemy/domains/de/test/auto/MergeWithoutDiscard.xml
auto.tcl: Setting watchdog for 200 seconds at Mon Nov 11 06:50:06 UTC 2019
2 ms. Memory: 51200K Free: 32937K (64%)
ptolemy.util.test.WatchDog.cancel(): canceling Mon Nov 11 06:50:06 UTC 2019
auto.tcl: Setting watchdog for 200 seconds at Mon Nov 11 06:50:06 UTC 2019
1 ms. Memory: 51200K Free: 32518K (64%)
ptolemy.util.test.WatchDog.cancel(): canceling Mon Nov 11 06:50:06 UTC 2019
------------------ testing $PTII/ptolemy/domains/de/test/auto/Modal1.xml
auto.tcl: Setting watchdog for 200 seconds at Mon Nov 11 06:50:06 UTC 2019
22 ms. Memory: 48128K Free: 21999K (46%)
ptolemy.util.test.WatchDog.cancel(): canceling Mon Nov 11 06:50:06 UTC 2019
auto.tcl: Setting watchdog for 200 seconds at Mon Nov 11 06:50:06 UTC 2019
25 ms. Memory: 48128K Free: 18536K (39%)
ptolemy.util.test.WatchDog.cancel(): canceling Mon Nov 11 06:50:06 UTC 2019
------------------ testing $PTII/ptolemy/domains/de/test/auto/Modal2.xml
auto.tcl: Setting watchdog for 200 seconds at Mon Nov 11 06:50:06 UTC 2019
17 ms. Memory: 48128K Free: 22112K (46%)
ptolemy.util.test.WatchDog.cancel(): canceling Mon Nov 11 06:50:06 UTC 2019
auto.tcl: Setting watchdog for 200 seconds at Mon Nov 11 06:50:06 UTC 2019
20 ms. Memory: 48128K Free: 18481K (38%)
ptolemy.util.test.WatchDog.cancel(): canceling Mon Nov 11 06:50:06 UTC 2019
------------------ testing $PTII/ptolemy/domains/de/test/auto/Modal3.xml
auto.tcl: Setting watchdog for 200 seconds at Mon Nov 11 06:50:06 UTC 2019
17 ms. Memory: 48128K Free: 22097K (46%)
ptolemy.util.test.WatchDog.cancel(): canceling Mon Nov 11 06:50:06 UTC 2019
auto.tcl: Setting watchdog for 200 seconds at Mon Nov 11 06:50:06 UTC 2019
15 ms. Memory: 48128K Free: 18523K (38%)
ptolemy.util.test.WatchDog.cancel(): canceling Mon Nov 11 06:50:06 UTC 2019
------------------ testing $PTII/ptolemy/domains/de/test/auto/Modal4.xml
auto.tcl: Setting watchdog for 200 seconds at Mon Nov 11 06:50:06 UTC 2019
15 ms. Memory: 48128K Free: 21093K (44%)
ptolemy.util.test.WatchDog.cancel(): canceling Mon Nov 11 06:50:06 UTC 2019
auto.tcl: Setting watchdog for 200 seconds at Mon Nov 11 06:50:06 UTC 2019
17 ms. Memory: 48128K Free: 17239K (36%)
ptolemy.util.test.WatchDog.cancel(): canceling Mon Nov 11 06:50:06 UTC 2019
------------------ testing $PTII/ptolemy/domains/de/test/auto/Modal5.xml
auto.tcl: Setting watchdog for 200 seconds at Mon Nov 11 06:50:06 UTC 2019
15 ms. Memory: 48128K Free: 21056K (44%)
ptolemy.util.test.WatchDog.cancel(): canceling Mon Nov 11 06:50:06 UTC 2019
auto.tcl: Setting watchdog for 200 seconds at Mon Nov 11 06:50:06 UTC 2019
14 ms. Memory: 48128K Free: 17225K (36%)
ptolemy.util.test.WatchDog.cancel(): canceling Mon Nov 11 06:50:06 UTC 2019
------------------ testing $PTII/ptolemy/domains/de/test/auto/Modal6.xml
auto.tcl: Setting watchdog for 200 seconds at Mon Nov 11 06:50:06 UTC 2019
20 ms. Memory: 48128K Free: 21856K (45%)
ptolemy.util.test.WatchDog.cancel(): canceling Mon Nov 11 06:50:06 UTC 2019
auto.tcl: Setting watchdog for 200 seconds at Mon Nov 11 06:50:06 UTC 2019
17 ms. Memory: 48128K Free: 17858K (37%)
ptolemy.util.test.WatchDog.cancel(): canceling Mon Nov 11 06:50:06 UTC 2019
------------------ testing $PTII/ptolemy/domains/de/test/auto/Modal7.xml
auto.tcl: Setting watchdog for 200 seconds at Mon Nov 11 06:50:06 UTC 2019
18 ms. Memory: 48128K Free: 21029K (44%)
ptolemy.util.test.WatchDog.cancel(): canceling Mon Nov 11 06:50:06 UTC 2019
auto.tcl: Setting watchdog for 200 seconds at Mon Nov 11 06:50:06 UTC 2019
11 ms. Memory: 48128K Free: 17498K (36%)
ptolemy.util.test.WatchDog.cancel(): canceling Mon Nov 11 06:50:06 UTC 2019
------------------ testing $PTII/ptolemy/domains/de/test/auto/ModalModel.xml
auto.tcl: Setting watchdog for 200 seconds at Mon Nov 11 06:50:06 UTC 2019
239 ms. Memory: 64512K Free: 26613K (41%)
ptolemy.util.test.WatchDog.cancel(): canceling Mon Nov 11 06:50:07 UTC 2019
auto.tcl: Setting watchdog for 200 seconds at Mon Nov 11 06:50:07 UTC 2019
215 ms. Memory: 64512K Free: 27203K (42%)
ptolemy.util.test.WatchDog.cancel(): canceling Mon Nov 11 06:50:07 UTC 2019
------------------ testing $PTII/ptolemy/domains/de/test/auto/ModalSource.xml
auto.tcl: Setting watchdog for 200 seconds at Mon Nov 11 06:50:07 UTC 2019
8 ms. Memory: 48128K Free: 25922K (54%)
ptolemy.util.test.WatchDog.cancel(): canceling Mon Nov 11 06:50:07 UTC 2019
auto.tcl: Setting watchdog for 200 seconds at Mon Nov 11 06:50:07 UTC 2019
7 ms. Memory: 48128K Free: 23851K (50%)
ptolemy.util.test.WatchDog.cancel(): canceling Mon Nov 11 06:50:07 UTC 2019
------------------ testing $PTII/ptolemy/domains/de/test/auto/NonInterruptibleTimerZeroDelay.xml
auto.tcl: Setting watchdog for 200 seconds at Mon Nov 11 06:50:07 UTC 2019
4 ms. Memory: 48128K Free: 31073K (65%)
ptolemy.util.test.WatchDog.cancel(): canceling Mon Nov 11 06:50:07 UTC 2019
auto.tcl: Setting watchdog for 200 seconds at Mon Nov 11 06:50:07 UTC 2019
2 ms. Memory: 48128K Free: 30215K (63%)
ptolemy.util.test.WatchDog.cancel(): canceling Mon Nov 11 06:50:07 UTC 2019
------------------ testing $PTII/ptolemy/domains/de/test/auto/OpenQueueingNetwork.xml
auto.tcl: Setting watchdog for 200 seconds at Mon Nov 11 06:50:07 UTC 2019
3062 ms. Memory: 126976K Free: 110904K (87%)
ptolemy.util.test.WatchDog.cancel(): canceling Mon Nov 11 06:50:10 UTC 2019
auto.tcl: Setting watchdog for 200 seconds at Mon Nov 11 06:50:10 UTC 2019
2746 ms. Memory: 153600K Free: 75562K (49%)
ptolemy.util.test.WatchDog.cancel(): canceling Mon Nov 11 06:50:13 UTC 2019
------------------ testing $PTII/ptolemy/domains/de/test/auto/OpenQueuingNetwork.xml
auto.tcl: Setting watchdog for 200 seconds at Mon Nov 11 06:50:13 UTC 2019
291 ms. Memory: 55296K Free: 25322K (46%)
ptolemy.util.test.WatchDog.cancel(): canceling Mon Nov 11 06:50:14 UTC 2019
auto.tcl: Setting watchdog for 200 seconds at Mon Nov 11 06:50:14 UTC 2019
239 ms. Memory: 55296K Free: 33528K (61%)
ptolemy.util.test.WatchDog.cancel(): canceling Mon Nov 11 06:50:14 UTC 2019
------------------ testing $PTII/ptolemy/domains/de/test/auto/PeriodicSampler.xml
auto.tcl: Setting watchdog for 200 seconds at Mon Nov 11 06:50:14 UTC 2019
3 ms. Memory: 51200K Free: 33104K (65%)
ptolemy.util.test.WatchDog.cancel(): canceling Mon Nov 11 06:50:14 UTC 2019
auto.tcl: Setting watchdog for 200 seconds at Mon Nov 11 06:50:14 UTC 2019
2 ms. Memory: 51200K Free: 32613K (64%)
ptolemy.util.test.WatchDog.cancel(): canceling Mon Nov 11 06:50:14 UTC 2019
------------------ testing $PTII/ptolemy/domains/de/test/auto/PersistentIO.xml
auto.tcl: Setting watchdog for 200 seconds at Mon Nov 11 06:50:14 UTC 2019
11 ms. Memory: 51200K Free: 28013K (55%)
ptolemy.util.test.WatchDog.cancel(): canceling Mon Nov 11 06:50:14 UTC 2019
auto.tcl: Setting watchdog for 200 seconds at Mon Nov 11 06:50:14 UTC 2019
5 ms. Memory: 51200K Free: 26536K (52%)
ptolemy.util.test.WatchDog.cancel(): canceling Mon Nov 11 06:50:14 UTC 2019
------------------ testing $PTII/ptolemy/domains/de/test/auto/PortParameterResetOnInitialize.xml
auto.tcl: Setting watchdog for 200 seconds at Mon Nov 11 06:50:14 UTC 2019
3 ms. Memory: 51200K Free: 33004K (64%)
ptolemy.util.test.WatchDog.cancel(): canceling Mon Nov 11 06:50:14 UTC 2019
auto.tcl: Setting watchdog for 200 seconds at Mon Nov 11 06:50:14 UTC 2019
2 ms. Memory: 51200K Free: 32517K (64%)
ptolemy.util.test.WatchDog.cancel(): canceling Mon Nov 11 06:50:14 UTC 2019
------------------ testing $PTII/ptolemy/domains/de/test/auto/PortParameterUpdates.xml
auto.tcl: Setting watchdog for 200 seconds at Mon Nov 11 06:50:14 UTC 2019
4 ms. Memory: 48128K Free: 28009K (58%)
ptolemy.util.test.WatchDog.cancel(): canceling Mon Nov 11 06:50:14 UTC 2019
auto.tcl: Setting watchdog for 200 seconds at Mon Nov 11 06:50:14 UTC 2019
3 ms. Memory: 48128K Free: 26554K (55%)
ptolemy.util.test.WatchDog.cancel(): canceling Mon Nov 11 06:50:14 UTC 2019
------------------ testing $PTII/ptolemy/domains/de/test/auto/QueueAndServer.xml
auto.tcl: Setting watchdog for 200 seconds at Mon Nov 11 06:50:14 UTC 2019
6 ms. Memory: 48128K Free: 27215K (57%)
ptolemy.util.test.WatchDog.cancel(): canceling Mon Nov 11 06:50:14 UTC 2019
auto.tcl: Setting watchdog for 200 seconds at Mon Nov 11 06:50:14 UTC 2019
5 ms. Memory: 48128K Free: 25524K (53%)
ptolemy.util.test.WatchDog.cancel(): canceling Mon Nov 11 06:50:14 UTC 2019
------------------ testing $PTII/ptolemy/domains/de/test/auto/Records.xml
auto.tcl: Setting watchdog for 200 seconds at Mon Nov 11 06:50:14 UTC 2019
5 ms. Memory: 48128K Free: 29489K (61%)
ptolemy.util.test.WatchDog.cancel(): canceling Mon Nov 11 06:50:14 UTC 2019
auto.tcl: Setting watchdog for 200 seconds at Mon Nov 11 06:50:14 UTC 2019
3 ms. Memory: 48128K Free: 29010K (60%)
ptolemy.util.test.WatchDog.cancel(): canceling Mon Nov 11 06:50:14 UTC 2019
------------------ testing $PTII/ptolemy/domains/de/test/auto/ResetTransitionWithStartTime1.xml
auto.tcl: Setting watchdog for 200 seconds at Mon Nov 11 06:50:14 UTC 2019
7 ms. Memory: 48128K Free: 26555K (55%)
ptolemy.util.test.WatchDog.cancel(): canceling Mon Nov 11 06:50:14 UTC 2019
auto.tcl: Setting watchdog for 200 seconds at Mon Nov 11 06:50:14 UTC 2019
6 ms. Memory: 48128K Free: 24393K (51%)
ptolemy.util.test.WatchDog.cancel(): canceling Mon Nov 11 06:50:14 UTC 2019
------------------ testing $PTII/ptolemy/domains/de/test/auto/ResetTransitionWithStartTime2.xml
auto.tcl: Setting watchdog for 200 seconds at Mon Nov 11 06:50:14 UTC 2019
5 ms. Memory: 48128K Free: 26396K (55%)
ptolemy.util.test.WatchDog.cancel(): canceling Mon Nov 11 06:50:14 UTC 2019
auto.tcl: Setting watchdog for 200 seconds at Mon Nov 11 06:50:14 UTC 2019
6 ms. Memory: 48128K Free: 23861K (50%)
ptolemy.util.test.WatchDog.cancel(): canceling Mon Nov 11 06:50:14 UTC 2019
------------------ testing $PTII/ptolemy/domains/de/test/auto/ResetTransitionWithStartTime3.xml
auto.tcl: Setting watchdog for 200 seconds at Mon Nov 11 06:50:15 UTC 2019
10 ms. Memory: 48128K Free: 26395K (55%)
ptolemy.util.test.WatchDog.cancel(): canceling Mon Nov 11 06:50:15 UTC 2019
auto.tcl: Setting watchdog for 200 seconds at Mon Nov 11 06:50:15 UTC 2019
9 ms. Memory: 48128K Free: 23891K (50%)
ptolemy.util.test.WatchDog.cancel(): canceling Mon Nov 11 06:50:15 UTC 2019
------------------ testing $PTII/ptolemy/domains/de/test/auto/ResetTransitionWithStartTime4.xml
auto.tcl: Setting watchdog for 200 seconds at Mon Nov 11 06:50:15 UTC 2019
7 ms. Memory: 48128K Free: 26863K (56%)
ptolemy.util.test.WatchDog.cancel(): canceling Mon Nov 11 06:50:15 UTC 2019
auto.tcl: Setting watchdog for 200 seconds at Mon Nov 11 06:50:15 UTC 2019
4 ms. Memory: 48128K Free: 25416K (53%)
ptolemy.util.test.WatchDog.cancel(): canceling Mon Nov 11 06:50:15 UTC 2019
------------------ testing $PTII/ptolemy/domains/de/test/auto/ResettableTimer1.xml
auto.tcl: Setting watchdog for 200 seconds at Mon Nov 11 06:50:15 UTC 2019
5 ms. Memory: 48128K Free: 30611K (64%)
ptolemy.util.test.WatchDog.cancel(): canceling Mon Nov 11 06:50:15 UTC 2019
auto.tcl: Setting watchdog for 200 seconds at Mon Nov 11 06:50:15 UTC 2019
2 ms. Memory: 48128K Free: 29527K (61%)
ptolemy.util.test.WatchDog.cancel(): canceling Mon Nov 11 06:50:15 UTC 2019
------------------ testing $PTII/ptolemy/domains/de/test/auto/ResettableTimer2.xml
auto.tcl: Setting watchdog for 200 seconds at Mon Nov 11 06:50:15 UTC 2019
2 ms. Memory: 48128K Free: 30651K (64%)
ptolemy.util.test.WatchDog.cancel(): canceling Mon Nov 11 06:50:15 UTC 2019
auto.tcl: Setting watchdog for 200 seconds at Mon Nov 11 06:50:15 UTC 2019
2 ms. Memory: 48128K Free: 29583K (61%)
ptolemy.util.test.WatchDog.cancel(): canceling Mon Nov 11 06:50:15 UTC 2019
------------------ testing $PTII/ptolemy/domains/de/test/auto/ResettableTimer3.xml
auto.tcl: Setting watchdog for 200 seconds at Mon Nov 11 06:50:15 UTC 2019
1 ms. Memory: 48128K Free: 30536K (63%)
ptolemy.util.test.WatchDog.cancel(): canceling Mon Nov 11 06:50:15 UTC 2019
auto.tcl: Setting watchdog for 200 seconds at Mon Nov 11 06:50:15 UTC 2019
1 ms. Memory: 48128K Free: 30528K (63%)
ptolemy.util.test.WatchDog.cancel(): canceling Mon Nov 11 06:50:15 UTC 2019
------------------ testing $PTII/ptolemy/domains/de/test/auto/ResettableTimer4.xml
auto.tcl: Setting watchdog for 200 seconds at Mon Nov 11 06:50:15 UTC 2019
1 ms. Memory: 48128K Free: 30565K (64%)
ptolemy.util.test.WatchDog.cancel(): canceling Mon Nov 11 06:50:15 UTC 2019
auto.tcl: Setting watchdog for 200 seconds at Mon Nov 11 06:50:15 UTC 2019
2 ms. Memory: 48128K Free: 30067K (62%)
ptolemy.util.test.WatchDog.cancel(): canceling Mon Nov 11 06:50:15 UTC 2019
------------------ testing $PTII/ptolemy/domains/de/test/auto/ResettableTimer5.xml
auto.tcl: Setting watchdog for 200 seconds at Mon Nov 11 06:50:15 UTC 2019
1 ms. Memory: 48128K Free: 29995K (62%)
ptolemy.util.test.WatchDog.cancel(): canceling Mon Nov 11 06:50:15 UTC 2019
auto.tcl: Setting watchdog for 200 seconds at Mon Nov 11 06:50:15 UTC 2019
1 ms. Memory: 48128K Free: 29524K (61%)
ptolemy.util.test.WatchDog.cancel(): canceling Mon Nov 11 06:50:15 UTC 2019
------------------ testing $PTII/ptolemy/domains/de/test/auto/ResettableTimer6.xml
auto.tcl: Setting watchdog for 200 seconds at Mon Nov 11 06:50:15 UTC 2019
1 ms. Memory: 48128K Free: 30002K (62%)
ptolemy.util.test.WatchDog.cancel(): canceling Mon Nov 11 06:50:15 UTC 2019
auto.tcl: Setting watchdog for 200 seconds at Mon Nov 11 06:50:15 UTC 2019
1 ms. Memory: 48128K Free: 29506K (61%)
ptolemy.util.test.WatchDog.cancel(): canceling Mon Nov 11 06:50:15 UTC 2019
------------------ testing $PTII/ptolemy/domains/de/test/auto/ServerZeroDelay.xml
auto.tcl: Setting watchdog for 200 seconds at Mon Nov 11 06:50:15 UTC 2019
9 ms. Memory: 48128K Free: 30522K (63%)
ptolemy.util.test.WatchDog.cancel(): canceling Mon Nov 11 06:50:15 UTC 2019
auto.tcl: Setting watchdog for 200 seconds at Mon Nov 11 06:50:15 UTC 2019
3 ms. Memory: 48128K Free: 29611K (62%)
ptolemy.util.test.WatchDog.cancel(): canceling Mon Nov 11 06:50:15 UTC 2019
------------------ testing $PTII/ptolemy/domains/de/test/auto/SmartSender.xml
auto.tcl: Setting watchdog for 200 seconds at Mon Nov 11 06:50:15 UTC 2019
3001 ms. Memory: 48128K Free: 30542K (63%)
ptolemy.util.test.WatchDog.cancel(): canceling Mon Nov 11 06:50:18 UTC 2019
auto.tcl: Setting watchdog for 200 seconds at Mon Nov 11 06:50:18 UTC 2019
3002 ms. Memory: 48128K Free: 30038K (62%)
ptolemy.util.test.WatchDog.cancel(): canceling Mon Nov 11 06:50:21 UTC 2019
------------------ testing $PTII/ptolemy/domains/de/test/auto/ThreadedComposite.xml
auto.tcl: Setting watchdog for 200 seconds at Mon Nov 11 06:50:21 UTC 2019
264 ms. Memory: 48128K Free: 11584K (24%)
ptolemy.util.test.WatchDog.cancel(): canceling Mon Nov 11 06:50:22 UTC 2019
auto.tcl: Setting watchdog for 200 seconds at Mon Nov 11 06:50:22 UTC 2019
227 ms. Memory: 48128K Free: 21607K (45%)
ptolemy.util.test.WatchDog.cancel(): canceling Mon Nov 11 06:50:22 UTC 2019
------------------ testing $PTII/ptolemy/domains/de/test/auto/Time.xml
auto.tcl: Setting watchdog for 200 seconds at Mon Nov 11 06:50:22 UTC 2019
643 ms. Memory: 48128K Free: 27630K (57%)
ptolemy.util.test.WatchDog.cancel(): canceling Mon Nov 11 06:50:23 UTC 2019
auto.tcl: Setting watchdog for 200 seconds at Mon Nov 11 06:50:23 UTC 2019
626 ms. Memory: 66560K Free: 17403K (26%)
ptolemy.util.test.WatchDog.cancel(): canceling Mon Nov 11 06:50:23 UTC 2019
------------------ testing $PTII/ptolemy/domains/de/test/auto/TimeDelayZeroDelay.xml
auto.tcl: Setting watchdog for 200 seconds at Mon Nov 11 06:50:23 UTC 2019
2 ms. Memory: 48128K Free: 30956K (64%)
ptolemy.util.test.WatchDog.cancel(): canceling Mon Nov 11 06:50:23 UTC 2019
auto.tcl: Setting watchdog for 200 seconds at Mon Nov 11 06:50:23 UTC 2019
2 ms. Memory: 48128K Free: 30059K (62%)
ptolemy.util.test.WatchDog.cancel(): canceling Mon Nov 11 06:50:23 UTC 2019
------------------ testing $PTII/ptolemy/domains/de/test/auto/TimerZeroDelay.xml
auto.tcl: Setting watchdog for 200 seconds at Mon Nov 11 06:50:23 UTC 2019
3 ms. Memory: 48128K Free: 30940K (64%)
ptolemy.util.test.WatchDog.cancel(): canceling Mon Nov 11 06:50:23 UTC 2019
auto.tcl: Setting watchdog for 200 seconds at Mon Nov 11 06:50:23 UTC 2019
2 ms. Memory: 48128K Free: 30102K (63%)
ptolemy.util.test.WatchDog.cancel(): canceling Mon Nov 11 06:50:23 UTC 2019
------------------ testing $PTII/ptolemy/domains/de/test/auto/TimingParadox.xml
auto.tcl: Setting watchdog for 200 seconds at Mon Nov 11 06:50:23 UTC 2019
493 ms. Memory: 48128K Free: 11909K (25%)
ptolemy.util.test.WatchDog.cancel(): canceling Mon Nov 11 06:50:24 UTC 2019
auto.tcl: Setting watchdog for 200 seconds at Mon Nov 11 06:50:24 UTC 2019
405 ms. Memory: 48128K Free: 21480K (45%)
ptolemy.util.test.WatchDog.cancel(): canceling Mon Nov 11 06:50:24 UTC 2019
------------------ testing $PTII/ptolemy/domains/de/test/auto/TransferInputs.xml
auto.tcl: Setting watchdog for 200 seconds at Mon Nov 11 06:50:24 UTC 2019
1 ms. Memory: 48128K Free: 28970K (60%)
ptolemy.util.test.WatchDog.cancel(): canceling Mon Nov 11 06:50:24 UTC 2019
auto.tcl: Setting watchdog for 200 seconds at Mon Nov 11 06:50:24 UTC 2019
1 ms. Memory: 48128K Free: 28061K (58%)
ptolemy.util.test.WatchDog.cancel(): canceling Mon Nov 11 06:50:24 UTC 2019
------------------ testing $PTII/ptolemy/domains/de/test/auto/TransferOutputs2.xml
auto.tcl: Setting watchdog for 200 seconds at Mon Nov 11 06:50:24 UTC 2019
14 ms. Memory: 48128K Free: 26399K (55%)
ptolemy.util.test.WatchDog.cancel(): canceling Mon Nov 11 06:50:25 UTC 2019
auto.tcl: Setting watchdog for 200 seconds at Mon Nov 11 06:50:25 UTC 2019
3 ms. Memory: 48128K Free: 24975K (52%)
ptolemy.util.test.WatchDog.cancel(): canceling Mon Nov 11 06:50:25 UTC 2019
------------------ testing $PTII/ptolemy/domains/de/test/auto/Trilateration.xml
auto.tcl: Setting watchdog for 200 seconds at Mon Nov 11 06:50:25 UTC 2019
15004 ms. Memory: 562176K Free: 283373K (50%)
ptolemy.util.test.WatchDog.cancel(): canceling Mon Nov 11 06:50:41 UTC 2019
auto.tcl: Setting watchdog for 200 seconds at Mon Nov 11 06:50:41 UTC 2019
11618 ms. Memory: 562176K Free: 297688K (53%)
ptolemy.util.test.WatchDog.cancel(): canceling Mon Nov 11 06:50:52 UTC 2019
------------------ testing $PTII/ptolemy/domains/de/test/auto/TwoSigmaDelta.xml
auto.tcl: Setting watchdog for 200 seconds at Mon Nov 11 06:50:53 UTC 2019
2815 ms. Memory: 89088K Free: 14331K (16%)
ptolemy.util.test.WatchDog.cancel(): canceling Mon Nov 11 06:50:55 UTC 2019
auto.tcl: Setting watchdog for 200 seconds at Mon Nov 11 06:50:55 UTC 2019
2178 ms. Memory: 89088K Free: 59866K (67%)
ptolemy.util.test.WatchDog.cancel(): canceling Mon Nov 11 06:50:58 UTC 2019
------------------ testing $PTII/ptolemy/domains/de/test/auto/VariableDelay.xml
auto.tcl: Setting watchdog for 200 seconds at Mon Nov 11 06:50:58 UTC 2019
3 ms. Memory: 51200K Free: 32507K (63%)
ptolemy.util.test.WatchDog.cancel(): canceling Mon Nov 11 06:50:58 UTC 2019
auto.tcl: Setting watchdog for 200 seconds at Mon Nov 11 06:50:58 UTC 2019
2 ms. Memory: 51200K Free: 31513K (62%)
ptolemy.util.test.WatchDog.cancel(): canceling Mon Nov 11 06:50:58 UTC 2019
------------------ testing $PTII/ptolemy/domains/de/test/auto/VariableDelay2.xml
auto.tcl: Setting watchdog for 200 seconds at Mon Nov 11 06:50:58 UTC 2019
7 ms. Memory: 51200K Free: 32921K (64%)
ptolemy.util.test.WatchDog.cancel(): canceling Mon Nov 11 06:50:58 UTC 2019
auto.tcl: Setting watchdog for 200 seconds at Mon Nov 11 06:50:58 UTC 2019
2 ms. Memory: 51200K Free: 32423K (63%)
ptolemy.util.test.WatchDog.cancel(): canceling Mon Nov 11 06:50:58 UTC 2019
------------------ testing $PTII/ptolemy/domains/de/test/auto/VariableDelayZeroDelay.xml
auto.tcl: Setting watchdog for 200 seconds at Mon Nov 11 06:50:58 UTC 2019
3 ms. Memory: 51200K Free: 33547K (66%)
ptolemy.util.test.WatchDog.cancel(): canceling Mon Nov 11 06:50:58 UTC 2019
auto.tcl: Setting watchdog for 200 seconds at Mon Nov 11 06:50:58 UTC 2019
2 ms. Memory: 51200K Free: 32920K (64%)
ptolemy.util.test.WatchDog.cancel(): canceling Mon Nov 11 06:50:58 UTC 2019
------------------ testing $PTII/ptolemy/domains/de/test/auto/VariableDelayZeroDelay2.xml
auto.tcl: Setting watchdog for 200 seconds at Mon Nov 11 06:50:58 UTC 2019
5 ms. Memory: 51200K Free: 33448K (65%)
ptolemy.util.test.WatchDog.cancel(): canceling Mon Nov 11 06:50:58 UTC 2019
auto.tcl: Setting watchdog for 200 seconds at Mon Nov 11 06:50:58 UTC 2019
2 ms. Memory: 51200K Free: 32424K (63%)
ptolemy.util.test.WatchDog.cancel(): canceling Mon Nov 11 06:50:58 UTC 2019
------------------ testing $PTII/ptolemy/domains/de/test/auto/deInCt.xml
auto.tcl: Setting watchdog for 200 seconds at Mon Nov 11 06:50:58 UTC 2019
0
1
1
1
0
0
0
0
0
1
1
1
0
0
0
0
1
1
1
1
0
0
0
1
1
1
0
0
0
1
1
1
0
0
0
0
11 ms. Memory: 48128K Free: 29349K (61%)
ptolemy.util.test.WatchDog.cancel(): canceling Mon Nov 11 06:50:58 UTC 2019
auto.tcl: Setting watchdog for 200 seconds at Mon Nov 11 06:50:58 UTC 2019
0
1
1
1
0
0
1
1
1
1
0
0
1
1
1
1
1
0
0
0
1
1
1
1
0
0
0
0
1
1
1
1
5 ms. Memory: 48128K Free: 27816K (58%)
ptolemy.util.test.WatchDog.cancel(): canceling Mon Nov 11 06:50:58 UTC 2019
------------------ testing $PTII/ptolemy/domains/de/test/auto/deInCt2.xml
auto.tcl: Setting watchdog for 200 seconds at Mon Nov 11 06:50:58 UTC 2019
0
1
1
1
0
0
1
1
1
0
0
1
1
1
0
0
1
1
1
0
0
1
1
1
0
0
1
1
1
0
0
1
1
1
0
0
1
1
1
0
0
0
9 ms. Memory: 48128K Free: 29351K (61%)
ptolemy.util.test.WatchDog.cancel(): canceling Mon Nov 11 06:50:58 UTC 2019
auto.tcl: Setting watchdog for 200 seconds at Mon Nov 11 06:50:58 UTC 2019
0
1
1
1
0
0
1
1
1
0
0
1
1
1
0
0
1
1
1
0
0
1
1
1
0
0
1
1
1
0
0
1
1
1
0
0
1
1
1
0
0
0
9 ms. Memory: 48128K Free: 27866K (58%)
ptolemy.util.test.WatchDog.cancel(): canceling Mon Nov 11 06:50:58 UTC 2019
------------------ testing $PTII/ptolemy/domains/de/test/auto/dynamicCausalityInterface1.xml
auto.tcl: Setting watchdog for 200 seconds at Mon Nov 11 06:50:58 UTC 2019
1 ms. Memory: 48128K Free: 24706K (51%)
ptolemy.util.test.WatchDog.cancel(): canceling Mon Nov 11 06:50:58 UTC 2019
auto.tcl: Setting watchdog for 200 seconds at Mon Nov 11 06:50:58 UTC 2019
1 ms. Memory: 48128K Free: 24226K (50%)
ptolemy.util.test.WatchDog.cancel(): canceling Mon Nov 11 06:50:58 UTC 2019
------------------ testing $PTII/ptolemy/domains/de/test/auto/fsm_de_test.xml
auto.tcl: Setting watchdog for 200 seconds at Mon Nov 11 06:50:58 UTC 2019
7 ms. Memory: 48128K Free: 25148K (52%)
ptolemy.util.test.WatchDog.cancel(): canceling Mon Nov 11 06:50:58 UTC 2019
auto.tcl: Setting watchdog for 200 seconds at Mon Nov 11 06:50:58 UTC 2019
5 ms. Memory: 48128K Free: 23157K (48%)
ptolemy.util.test.WatchDog.cancel(): canceling Mon Nov 11 06:50:58 UTC 2019
------------------ testing $PTII/ptolemy/domains/de/test/auto/functionDependencyReconstruction.xml
auto.tcl: Setting watchdog for 200 seconds at Mon Nov 11 06:50:58 UTC 2019
2 ms. Memory: 48128K Free: 18994K (39%)
ptolemy.util.test.WatchDog.cancel(): canceling Mon Nov 11 06:50:58 UTC 2019
auto.tcl: Setting watchdog for 200 seconds at Mon Nov 11 06:50:58 UTC 2019
3 ms. Memory: 48128K Free: 17019K (35%)
ptolemy.util.test.WatchDog.cancel(): canceling Mon Nov 11 06:50:58 UTC 2019
------------------ testing $PTII/ptolemy/domains/de/test/auto/multirate.xml
auto.tcl: Setting watchdog for 200 seconds at Mon Nov 11 06:50:58 UTC 2019
3 ms. Memory: 48128K Free: 27564K (57%)
ptolemy.util.test.WatchDog.cancel(): canceling Mon Nov 11 06:50:58 UTC 2019
auto.tcl: Setting watchdog for 200 seconds at Mon Nov 11 06:50:58 UTC 2019
3 ms. Memory: 48128K Free: 26081K (54%)
ptolemy.util.test.WatchDog.cancel(): canceling Mon Nov 11 06:50:58 UTC 2019
------------------ testing $PTII/ptolemy/domains/de/test/auto/multirate2.xml
auto.tcl: Setting watchdog for 200 seconds at Mon Nov 11 06:50:58 UTC 2019
3 ms. Memory: 48128K Free: 27745K (58%)
ptolemy.util.test.WatchDog.cancel(): canceling Mon Nov 11 06:50:58 UTC 2019
auto.tcl: Setting watchdog for 200 seconds at Mon Nov 11 06:50:58 UTC 2019
4 ms. Memory: 48128K Free: 26294K (55%)
ptolemy.util.test.WatchDog.cancel(): canceling Mon Nov 11 06:50:58 UTC 2019
------------------ testing $PTII/ptolemy/domains/de/test/auto/realtime.xml
auto.tcl: Setting watchdog for 200 seconds at Mon Nov 11 06:50:59 UTC 2019
10001 ms. Memory: 48128K Free: 30037K (62%)
ptolemy.util.test.WatchDog.cancel(): canceling Mon Nov 11 06:51:09 UTC 2019
auto.tcl: Setting watchdog for 200 seconds at Mon Nov 11 06:51:09 UTC 2019
10001 ms. Memory: 48128K Free: 29295K (61%)
ptolemy.util.test.WatchDog.cancel(): canceling Mon Nov 11 06:51:19 UTC 2019
------------------ testing $PTII/ptolemy/domains/de/test/auto/relationGroup.xml
auto.tcl: Setting watchdog for 200 seconds at Mon Nov 11 06:51:19 UTC 2019
14 ms. Memory: 48128K Free: 31086K (65%)
ptolemy.util.test.WatchDog.cancel(): canceling Mon Nov 11 06:51:19 UTC 2019
auto.tcl: Setting watchdog for 200 seconds at Mon Nov 11 06:51:19 UTC 2019
2 ms. Memory: 48128K Free: 30376K (63%)
ptolemy.util.test.WatchDog.cancel(): canceling Mon Nov 11 06:51:19 UTC 2019
------------------ testing $PTII/ptolemy/domains/de/test/auto/relationGroup2.xml
auto.tcl: Setting watchdog for 200 seconds at Mon Nov 11 06:51:19 UTC 2019
1 ms. Memory: 48128K Free: 31107K (65%)
ptolemy.util.test.WatchDog.cancel(): canceling Mon Nov 11 06:51:19 UTC 2019
auto.tcl: Setting watchdog for 200 seconds at Mon Nov 11 06:51:19 UTC 2019
2 ms. Memory: 48128K Free: 30400K (63%)
ptolemy.util.test.WatchDog.cancel(): canceling Mon Nov 11 06:51:19 UTC 2019
------------------ testing $PTII/ptolemy/domains/de/test/auto/sortWithOpaquePorts.xml
auto.tcl: Setting watchdog for 200 seconds at Mon Nov 11 06:51:19 UTC 2019
1 ms. Memory: 48128K Free: 29797K (62%)
ptolemy.util.test.WatchDog.cancel(): canceling Mon Nov 11 06:51:19 UTC 2019
auto.tcl: Setting watchdog for 200 seconds at Mon Nov 11 06:51:19 UTC 2019
2 ms. Memory: 48128K Free: 28900K (60%)
ptolemy.util.test.WatchDog.cancel(): canceling Mon Nov 11 06:51:19 UTC 2019
------------------ testing $PTII/ptolemy/domains/de/test/auto/transferInputsandOutputs.xml
auto.tcl: Setting watchdog for 200 seconds at Mon Nov 11 06:51:19 UTC 2019
5 ms. Memory: 48128K Free: 27318K (57%)
ptolemy.util.test.WatchDog.cancel(): canceling Mon Nov 11 06:51:19 UTC 2019
auto.tcl: Setting watchdog for 200 seconds at Mon Nov 11 06:51:19 UTC 2019
2 ms. Memory: 48128K Free: 26363K (55%)
ptolemy.util.test.WatchDog.cancel(): canceling Mon Nov 11 06:51:19 UTC 2019
------------------ testing $PTII/ptolemy/domains/de/test/auto/triggerType.xml
auto.tcl: Setting watchdog for 200 seconds at Mon Nov 11 06:51:19 UTC 2019
1 ms. Memory: 48128K Free: 30343K (63%)
ptolemy.util.test.WatchDog.cancel(): canceling Mon Nov 11 06:51:19 UTC 2019
auto.tcl: Setting watchdog for 200 seconds at Mon Nov 11 06:51:19 UTC 2019
2 ms. Memory: 48128K Free: 29358K (61%)
ptolemy.util.test.WatchDog.cancel(): canceling Mon Nov 11 06:51:19 UTC 2019
11/11/19 06:51:19
Failed: 0  Total Tests: 192  ((Passed: 187, Newly Passed: 1)  Known Failed: 5) /home/travis/build/icyphy/ptII/ptolemy/domains/de/test
11/11/19 06:51:19
Failed: 0  Total Tests: 192  ((Passed: 187, Newly Passed: 1)  Known Failed: 5) /home/travis/build/icyphy/ptII/ptolemy/domains/de/test
----------------- testing (KnownFailure) /home/travis/build/icyphy/ptII/ptolemy/domains/de/test/auto/knownFailedTests/DESDFClockTest.xml
2013 ms. Memory: 48128K Free: 23737K (49%)
Known Failure: java.lang.reflect.InvocationTargetException
----------------- testing (KnownFailure) /home/travis/build/icyphy/ptII/ptolemy/domains/de/test/auto/knownFailedTests/DirectFeedback.xml
1 ms. Memory: 48128K Free: 19641K (41%)
Known Failure: java.lang.reflect.InvocationTargetException
----------------- testing (KnownFailure) /home/travis/build/icyphy/ptII/ptolemy/domains/de/test/auto/knownFailedTests/FSMSource.xml
11 ms. Memory: 48128K Free: 11963K (25%)
----------------- testing (KnownFailure) /home/travis/build/icyphy/ptII/ptolemy/domains/de/test/auto/knownFailedTests/HierarchicalModel.xml
4 ms. Memory: 48128K Free: 23249K (48%)
Known Failure: java.lang.reflect.InvocationTargetException
----------------- testing (KnownFailure) /home/travis/build/icyphy/ptII/ptolemy/domains/de/test/auto/knownFailedTests/dependencyLoop.xml
2 ms. Memory: 48128K Free: 7393K (15%)
Known Failure: java.lang.reflect.InvocationTargetException
----------------- testing (KnownFailure) /home/travis/build/icyphy/ptII/ptolemy/domains/de/test/auto/knownFailedTests/dependencyLoop2.xml
8 ms. Memory: 48128K Free: 18445K (38%)
Known Failure: java.lang.reflect.InvocationTargetException
No auto/linux-amd64/*.xml tests in /home/travis/build/icyphy/ptII/ptolemy/domains/de/test
AutoTests.java: About to close Vertx.
AutoTests.java: Vertx closed.

===========================================================================================
----------------- testing Mon Nov 11 06:51:21 UTC 2019 /home/travis/build/icyphy/ptII/ptolemy/domains/de/test/auto/ActorDepthCalculation_actorWithoutPorts.xml
----------------- Instantiating /home/travis/build/icyphy/ptII/ptolemy/domains/de/test/auto/ActorDepthCalculation_actorWithoutPorts.xml
2 ms. Memory: 48128K Free: 11907K (25%)
----------------- Invoking toplevel() on ptolemy.moml.MoMLSimpleApplication@62ad5b5e
----------------- Done invoking toplevel() on ptolemy.moml.MoMLSimpleApplication@62ad5b5e
reloadAllAccessors: .ActorDepthCalculation_actorWithoutPorts

===========================================================================================
----------------- testing Mon Nov 11 06:51:21 UTC 2019 /home/travis/build/icyphy/ptII/ptolemy/domains/de/test/auto/AssemblyLine.xml
----------------- Instantiating /home/travis/build/icyphy/ptII/ptolemy/domains/de/test/auto/AssemblyLine.xml
5 ms. Memory: 48128K Free: 31061K (65%)
----------------- Invoking toplevel() on ptolemy.moml.MoMLSimpleApplication@2d016dcf
----------------- Done invoking toplevel() on ptolemy.moml.MoMLSimpleApplication@2d016dcf
reloadAllAccessors: .AssemblyLine

===========================================================================================
----------------- testing Mon Nov 11 06:51:21 UTC 2019 /home/travis/build/icyphy/ptII/ptolemy/domains/de/test/auto/CQBug1.xml
----------------- Instantiating /home/travis/build/icyphy/ptII/ptolemy/domains/de/test/auto/CQBug1.xml
1 ms. Memory: 48128K Free: 27989K (58%)
----------------- Invoking toplevel() on ptolemy.moml.MoMLSimpleApplication@236040b2
----------------- Done invoking toplevel() on ptolemy.moml.MoMLSimpleApplication@236040b2
reloadAllAccessors: .CQBug1

===========================================================================================
----------------- testing Mon Nov 11 06:51:21 UTC 2019 /home/travis/build/icyphy/ptII/ptolemy/domains/de/test/auto/CancelFireAt.xml
----------------- Instantiating /home/travis/build/icyphy/ptII/ptolemy/domains/de/test/auto/CancelFireAt.xml
10 ms. Memory: 48128K Free: 25672K (53%)
----------------- Invoking toplevel() on ptolemy.moml.MoMLSimpleApplication@1eea46b2
----------------- Done invoking toplevel() on ptolemy.moml.MoMLSimpleApplication@1eea46b2
reloadAllAccessors: .CancelFireAt

===========================================================================================
----------------- testing Mon Nov 11 06:51:21 UTC 2019 /home/travis/build/icyphy/ptII/ptolemy/domains/de/test/auto/CausalityAndComposabilityAnalysis.xml
----------------- Instantiating /home/travis/build/icyphy/ptII/ptolemy/domains/de/test/auto/CausalityAndComposabilityAnalysis.xml
2 ms. Memory: 48128K Free: 21294K (44%)
----------------- Invoking toplevel() on ptolemy.moml.MoMLSimpleApplication@294a041e
----------------- Done invoking toplevel() on ptolemy.moml.MoMLSimpleApplication@294a041e
reloadAllAccessors: .CausalityAndComposabilityAnalysis

===========================================================================================
----------------- testing Mon Nov 11 06:51:21 UTC 2019 /home/travis/build/icyphy/ptII/ptolemy/domains/de/test/auto/CausalityInterface1.xml
----------------- Instantiating /home/travis/build/icyphy/ptII/ptolemy/domains/de/test/auto/CausalityInterface1.xml
5 ms. Memory: 48128K Free: 16160K (34%)
----------------- Invoking toplevel() on ptolemy.moml.MoMLSimpleApplication@1f4aa0b3
----------------- Done invoking toplevel() on ptolemy.moml.MoMLSimpleApplication@1f4aa0b3
reloadAllAccessors: .CausalityInterface1

===========================================================================================
----------------- testing Mon Nov 11 06:51:21 UTC 2019 /home/travis/build/icyphy/ptII/ptolemy/domains/de/test/auto/CausalityInterface15.xml
----------------- Instantiating /home/travis/build/icyphy/ptII/ptolemy/domains/de/test/auto/CausalityInterface15.xml
2 ms. Memory: 48128K Free: 10678K (22%)
----------------- Invoking toplevel() on ptolemy.moml.MoMLSimpleApplication@4e4d1d30
----------------- Done invoking toplevel() on ptolemy.moml.MoMLSimpleApplication@4e4d1d30
reloadAllAccessors: .CausalityInterface15

===========================================================================================
----------------- testing Mon Nov 11 06:51:21 UTC 2019 /home/travis/build/icyphy/ptII/ptolemy/domains/de/test/auto/CausalityInterface2.xml
----------------- Instantiating /home/travis/build/icyphy/ptII/ptolemy/domains/de/test/auto/CausalityInterface2.xml
1 ms. Memory: 48128K Free: 32700K (68%)
[...]
	at ptolemy.actor.Manager.run(Manager.java:1263)
	at ptolemy.actor.Manager$PtolemyRunThread.run(Manager.java:1933)
java.lang.RuntimeException: Execution failed
	at ptolemy.moml.MoMLSimpleApplication$UnloadThread.run(MoMLSimpleApplication.java:402)
Caused by: ptolemy.kernel.util.IllegalActionException: Actor is not ready to fire.  Perhaps UpSample.prefire() returned false? Try debugging the actor by selecting "Listen to Actor".  Also, for SDF check moml for tokenConsumptionRate on input.
  in .DESDFClockTest.Play Bell.Copy1:SDF Director and .DESDFClockTest.Play Bell.UpSample
	at ptolemy.actor.sched.StaticSchedulingDirector.fire(StaticSchedulingDirector.java:227)
	at ptolemy.domains.sdf.kernel.SDFDirector.fire(SDFDirector.java:500)
	at ptolemy.actor.CompositeActor.fire(CompositeActor.java:455)
	at ptolemy.domains.de.kernel.DEDirector._fire(DEDirector.java:1949)
	at ptolemy.domains.de.kernel.DEDirector.fire(DEDirector.java:502)
	at ptolemy.actor.CompositeActor.fire(CompositeActor.java:455)
	at ptolemy.actor.Manager.iterate(Manager.java:851)
	at ptolemy.actor.Manager.execute(Manager.java:369)
	at ptolemy.actor.Manager.run(Manager.java:1263)
	at ptolemy.actor.Manager$PtolemyRunThread.run(Manager.java:1933)
java.lang.reflect.InvocationTargetException
	at java.base/jdk.internal.reflect.NativeConstructorAccessorImpl.newInstance0(Native Method)
	at java.base/jdk.internal.reflect.NativeConstructorAccessorImpl.newInstance(NativeConstructorAccessorImpl.java:62)
	at java.base/jdk.internal.reflect.DelegatingConstructorAccessorImpl.newInstance(DelegatingConstructorAccessorImpl.java:45)
	at java.base/java.lang.reflect.Constructor.newInstance(Constructor.java:490)
	at ptolemy.util.test.junit.AutoKnownFailedTests.RunModel(AutoKnownFailedTests.java:105)
	at java.base/jdk.internal.reflect.NativeMethodAccessorImpl.invoke0(Native Method)
	at java.base/jdk.internal.reflect.NativeMethodAccessorImpl.invoke(NativeMethodAccessorImpl.java:62)
	at java.base/jdk.internal.reflect.DelegatingMethodAccessorImpl.invoke(DelegatingMethodAccessorImpl.java:43)
	at java.base/java.lang.reflect.Method.invoke(Method.java:566)
	at org.junit.runners.model.FrameworkMethod$1.runReflectiveCall(FrameworkMethod.java:44)
	at org.junit.internal.runners.model.ReflectiveCallable.run(ReflectiveCallable.java:15)
	at org.junit.runners.model.FrameworkMethod.invokeExplosively(FrameworkMethod.java:41)
	at junitparams.internal.InvokeParameterisedMethod.evaluate(InvokeParameterisedMethod.java:102)
	at org.junit.internal.runners.statements.FailOnTimeout$1.run(FailOnTimeout.java:28)
Caused by: ptolemy.kernel.util.IllegalActionException: Actor is not ready to fire.  Perhaps UpSample.prefire() returned false? Try debugging the actor by selecting "Listen to Actor".  Also, for SDF check moml for tokenConsumptionRate on input.
  in .DESDFClockTest.Play Bell.Copy1:SDF Director and .DESDFClockTest.Play Bell.UpSample
	at ptolemy.actor.sched.StaticSchedulingDirector.fire(StaticSchedulingDirector.java:227)
	at ptolemy.domains.sdf.kernel.SDFDirector.fire(SDFDirector.java:500)
	at ptolemy.actor.CompositeActor.fire(CompositeActor.java:455)
	at ptolemy.domains.de.kernel.DEDirector._fire(DEDirector.java:1949)
	at ptolemy.domains.de.kernel.DEDirector.fire(DEDirector.java:502)
	at ptolemy.actor.CompositeActor.fire(CompositeActor.java:455)
	at ptolemy.actor.Manager.iterate(Manager.java:851)
	at ptolemy.actor.Manager.execute(Manager.java:369)
	at ptolemy.actor.Manager.run(Manager.java:1263)
	at ptolemy.actor.Manager$PtolemyRunThread.run(Manager.java:1933)
java.lang.RuntimeException: Execution failed
	at ptolemy.moml.MoMLSimpleApplication$UnloadThread.run(MoMLSimpleApplication.java:402)
Caused by: ptolemy.kernel.util.IllegalActionException: Test fails in iteration 1.
Value was: 1.0. Should have been: 2.0
  in .DirectFeedback.Test
	at ptolemy.actor.lib.Test.fire(Test.java:268)
	at ptolemy.domains.de.kernel.DEDirector._fire(DEDirector.java:1949)
	at ptolemy.domains.de.kernel.DEDirector.fire(DEDirector.java:502)
	at ptolemy.actor.CompositeActor.fire(CompositeActor.java:455)
	at ptolemy.actor.Manager.iterate(Manager.java:851)
	at ptolemy.actor.Manager.execute(Manager.java:369)
	at ptolemy.actor.Manager.run(Manager.java:1263)
	at ptolemy.actor.Manager$PtolemyRunThread.run(Manager.java:1933)
java.lang.reflect.InvocationTargetException
	at java.base/jdk.internal.reflect.NativeConstructorAccessorImpl.newInstance0(Native Method)
	at java.base/jdk.internal.reflect.NativeConstructorAccessorImpl.newInstance(NativeConstructorAccessorImpl.java:62)
	at java.base/jdk.internal.reflect.DelegatingConstructorAccessorImpl.newInstance(DelegatingConstructorAccessorImpl.java:45)
	at java.base/java.lang.reflect.Constructor.newInstance(Constructor.java:490)
	at ptolemy.util.test.junit.AutoKnownFailedTests.RunModel(AutoKnownFailedTests.java:105)
	at java.base/jdk.internal.reflect.NativeMethodAccessorImpl.invoke0(Native Method)
	at java.base/jdk.internal.reflect.NativeMethodAccessorImpl.invoke(NativeMethodAccessorImpl.java:62)
	at java.base/jdk.internal.reflect.DelegatingMethodAccessorImpl.invoke(DelegatingMethodAccessorImpl.java:43)
	at java.base/java.lang.reflect.Method.invoke(Method.java:566)
	at org.junit.runners.model.FrameworkMethod$1.runReflectiveCall(FrameworkMethod.java:44)
	at org.junit.internal.runners.model.ReflectiveCallable.run(ReflectiveCallable.java:15)
	at org.junit.runners.model.FrameworkMethod.invokeExplosively(FrameworkMethod.java:41)
	at junitparams.internal.InvokeParameterisedMethod.evaluate(InvokeParameterisedMethod.java:102)
	at org.junit.internal.runners.statements.FailOnTimeout$1.run(FailOnTimeout.java:28)
Caused by: ptolemy.kernel.util.IllegalActionException: Test fails in iteration 1.
Value was: 1.0. Should have been: 2.0
  in .DirectFeedback.Test
	at ptolemy.actor.lib.Test.fire(Test.java:268)
	at ptolemy.domains.de.kernel.DEDirector._fire(DEDirector.java:1949)
	at ptolemy.domains.de.kernel.DEDirector.fire(DEDirector.java:502)
	at ptolemy.actor.CompositeActor.fire(CompositeActor.java:455)
	at ptolemy.actor.Manager.iterate(Manager.java:851)
	at ptolemy.actor.Manager.execute(Manager.java:369)
	at ptolemy.actor.Manager.run(Manager.java:1263)
	at ptolemy.actor.Manager$PtolemyRunThread.run(Manager.java:1933)
java.lang.RuntimeException: Execution failed
	at ptolemy.moml.MoMLSimpleApplication$UnloadThread.run(MoMLSimpleApplication.java:402)
Caused by: ptolemy.kernel.util.IllegalActionException: Found a zero delay loop containing .HierarchicalModel.A
  in .HierarchicalModel and .HierarchicalModel.A
	at ptolemy.actor.util.CausalityInterfaceForComposites._computeOutputPortDepth(CausalityInterfaceForComposites.java:759)
	at ptolemy.actor.util.CausalityInterfaceForComposites._computeInputDepth(CausalityInterfaceForComposites.java:696)
	at ptolemy.actor.util.CausalityInterfaceForComposites._computeOutputPortDepth(CausalityInterfaceForComposites.java:765)
	at ptolemy.actor.util.CausalityInterfaceForComposites._computeInputDepth(CausalityInterfaceForComposites.java:696)
	at ptolemy.actor.util.CausalityInterfaceForComposites._computeOutputPortDepth(CausalityInterfaceForComposites.java:765)
	at ptolemy.actor.util.CausalityInterfaceForComposites._computeInputDepth(CausalityInterfaceForComposites.java:696)
	at ptolemy.actor.util.CausalityInterfaceForComposites._computeActorDepth(CausalityInterfaceForComposites.java:532)
	at ptolemy.actor.util.CausalityInterfaceForComposites.checkForCycles(CausalityInterfaceForComposites.java:96)
	at ptolemy.domains.de.kernel.DEDirector.preinitialize(DEDirector.java:1338)
	at ptolemy.actor.CompositeActor.preinitialize(CompositeActor.java:1828)
	at ptolemy.actor.Manager.preinitializeAndResolveTypes(Manager.java:1040)
	at ptolemy.actor.Manager.initialize(Manager.java:710)
	at ptolemy.actor.Manager.execute(Manager.java:356)
	at ptolemy.actor.Manager.run(Manager.java:1263)
	at ptolemy.actor.Manager$PtolemyRunThread.run(Manager.java:1933)
java.lang.reflect.InvocationTargetException
	at java.base/jdk.internal.reflect.NativeConstructorAccessorImpl.newInstance0(Native Method)
	at java.base/jdk.internal.reflect.NativeConstructorAccessorImpl.newInstance(NativeConstructorAccessorImpl.java:62)
	at java.base/jdk.internal.reflect.DelegatingConstructorAccessorImpl.newInstance(DelegatingConstructorAccessorImpl.java:45)
	at java.base/java.lang.reflect.Constructor.newInstance(Constructor.java:490)
	at ptolemy.util.test.junit.AutoKnownFailedTests.RunModel(AutoKnownFailedTests.java:105)
	at java.base/jdk.internal.reflect.NativeMethodAccessorImpl.invoke0(Native Method)
	at java.base/jdk.internal.reflect.NativeMethodAccessorImpl.invoke(NativeMethodAccessorImpl.java:62)
	at java.base/jdk.internal.reflect.DelegatingMethodAccessorImpl.invoke(DelegatingMethodAccessorImpl.java:43)
	at java.base/java.lang.reflect.Method.invoke(Method.java:566)
	at org.junit.runners.model.FrameworkMethod$1.runReflectiveCall(FrameworkMethod.java:44)
	at org.junit.internal.runners.model.ReflectiveCallable.run(ReflectiveCallable.java:15)
	at org.junit.runners.model.FrameworkMethod.invokeExplosively(FrameworkMethod.java:41)
	at junitparams.internal.InvokeParameterisedMethod.evaluate(InvokeParameterisedMethod.java:102)
	at org.junit.internal.runners.statements.FailOnTimeout$1.run(FailOnTimeout.java:28)
Caused by: ptolemy.kernel.util.IllegalActionException: Found a zero delay loop containing .HierarchicalModel.A
  in .HierarchicalModel and .HierarchicalModel.A
	at ptolemy.actor.util.CausalityInterfaceForComposites._computeOutputPortDepth(CausalityInterfaceForComposites.java:759)
	at ptolemy.actor.util.CausalityInterfaceForComposites._computeInputDepth(CausalityInterfaceForComposites.java:696)
	at ptolemy.actor.util.CausalityInterfaceForComposites._computeOutputPortDepth(CausalityInterfaceForComposites.java:765)
	at ptolemy.actor.util.CausalityInterfaceForComposites._computeInputDepth(CausalityInterfaceForComposites.java:696)
	at ptolemy.actor.util.CausalityInterfaceForComposites._computeOutputPortDepth(CausalityInterfaceForComposites.java:765)
	at ptolemy.actor.util.CausalityInterfaceForComposites._computeInputDepth(CausalityInterfaceForComposites.java:696)
	at ptolemy.actor.util.CausalityInterfaceForComposites._computeActorDepth(CausalityInterfaceForComposites.java:532)
	at ptolemy.actor.util.CausalityInterfaceForComposites.checkForCycles(CausalityInterfaceForComposites.java:96)
	at ptolemy.domains.de.kernel.DEDirector.preinitialize(DEDirector.java:1338)
	at ptolemy.actor.CompositeActor.preinitialize(CompositeActor.java:1828)
	at ptolemy.actor.Manager.preinitializeAndResolveTypes(Manager.java:1040)
	at ptolemy.actor.Manager.initialize(Manager.java:710)
	at ptolemy.actor.Manager.execute(Manager.java:356)
	at ptolemy.actor.Manager.run(Manager.java:1263)
	at ptolemy.actor.Manager$PtolemyRunThread.run(Manager.java:1933)
java.lang.RuntimeException: Execution failed
	at ptolemy.moml.MoMLSimpleApplication$UnloadThread.run(MoMLSimpleApplication.java:402)
Caused by: ptolemy.kernel.util.IllegalActionException: Found a zero delay loop containing .dependencyLoop.original
  in .dependencyLoop and .dependencyLoop.original
	at ptolemy.actor.util.CausalityInterfaceForComposites._computeOutputPortDepth(CausalityInterfaceForComposites.java:759)
	at ptolemy.actor.util.CausalityInterfaceForComposites._computeInputDepth(CausalityInterfaceForComposites.java:696)
	at ptolemy.actor.util.CausalityInterfaceForComposites._computeOutputPortDepth(CausalityInterfaceForComposites.java:765)
	at ptolemy.actor.util.CausalityInterfaceForComposites._computeInputDepth(CausalityInterfaceForComposites.java:696)
	at ptolemy.actor.util.CausalityInterfaceForComposites._computeOutputPortDepth(CausalityInterfaceForComposites.java:765)
	at ptolemy.actor.util.CausalityInterfaceForComposites._computeInputDepth(CausalityInterfaceForComposites.java:696)
	at ptolemy.actor.util.CausalityInterfaceForComposites._computeActorDepth(CausalityInterfaceForComposites.java:532)
	at ptolemy.actor.util.CausalityInterfaceForComposites.checkForCycles(CausalityInterfaceForComposites.java:96)
	at ptolemy.domains.de.kernel.DEDirector.preinitialize(DEDirector.java:1338)
	at ptolemy.actor.CompositeActor.preinitialize(CompositeActor.java:1828)
	at ptolemy.actor.Manager.preinitializeAndResolveTypes(Manager.java:1040)
	at ptolemy.actor.Manager.initialize(Manager.java:710)
	at ptolemy.actor.Manager.execute(Manager.java:356)
	at ptolemy.actor.Manager.run(Manager.java:1263)
	at ptolemy.actor.Manager$PtolemyRunThread.run(Manager.java:1933)
java.lang.reflect.InvocationTargetException
	at java.base/jdk.internal.reflect.NativeConstructorAccessorImpl.newInstance0(Native Method)
	at java.base/jdk.internal.reflect.NativeConstructorAccessorImpl.newInstance(NativeConstructorAccessorImpl.java:62)
	at java.base/jdk.internal.reflect.DelegatingConstructorAccessorImpl.newInstance(DelegatingConstructorAccessorImpl.java:45)
	at java.base/java.lang.reflect.Constructor.newInstance(Constructor.java:490)
	at ptolemy.util.test.junit.AutoKnownFailedTests.RunModel(AutoKnownFailedTests.java:105)
	at java.base/jdk.internal.reflect.NativeMethodAccessorImpl.invoke0(Native Method)
	at java.base/jdk.internal.reflect.NativeMethodAccessorImpl.invoke(NativeMethodAccessorImpl.java:62)
	at java.base/jdk.internal.reflect.DelegatingMethodAccessorImpl.invoke(DelegatingMethodAccessorImpl.java:43)
	at java.base/java.lang.reflect.Method.invoke(Method.java:566)
	at org.junit.runners.model.FrameworkMethod$1.runReflectiveCall(FrameworkMethod.java:44)
	at org.junit.internal.runners.model.ReflectiveCallable.run(ReflectiveCallable.java:15)
	at org.junit.runners.model.FrameworkMethod.invokeExplosively(FrameworkMethod.java:41)
	at junitparams.internal.InvokeParameterisedMethod.evaluate(InvokeParameterisedMethod.java:102)
	at org.junit.internal.runners.statements.FailOnTimeout$1.run(FailOnTimeout.java:28)
Caused by: ptolemy.kernel.util.IllegalActionException: Found a zero delay loop containing .dependencyLoop.original
  in .dependencyLoop and .dependencyLoop.original
	at ptolemy.actor.util.CausalityInterfaceForComposites._computeOutputPortDepth(CausalityInterfaceForComposites.java:759)
	at ptolemy.actor.util.CausalityInterfaceForComposites._computeInputDepth(CausalityInterfaceForComposites.java:696)
	at ptolemy.actor.util.CausalityInterfaceForComposites._computeOutputPortDepth(CausalityInterfaceForComposites.java:765)
	at ptolemy.actor.util.CausalityInterfaceForComposites._computeInputDepth(CausalityInterfaceForComposites.java:696)
	at ptolemy.actor.util.CausalityInterfaceForComposites._computeOutputPortDepth(CausalityInterfaceForComposites.java:765)
	at ptolemy.actor.util.CausalityInterfaceForComposites._computeInputDepth(CausalityInterfaceForComposites.java:696)
	at ptolemy.actor.util.CausalityInterfaceForComposites._computeActorDepth(CausalityInterfaceForComposites.java:532)
	at ptolemy.actor.util.CausalityInterfaceForComposites.checkForCycles(CausalityInterfaceForComposites.java:96)
	at ptolemy.domains.de.kernel.DEDirector.preinitialize(DEDirector.java:1338)
	at ptolemy.actor.CompositeActor.preinitialize(CompositeActor.java:1828)
	at ptolemy.actor.Manager.preinitializeAndResolveTypes(Manager.java:1040)
	at ptolemy.actor.Manager.initialize(Manager.java:710)
	at ptolemy.actor.Manager.execute(Manager.java:356)
	at ptolemy.actor.Manager.run(Manager.java:1263)
	at ptolemy.actor.Manager$PtolemyRunThread.run(Manager.java:1933)
java.lang.RuntimeException: Execution failed
	at ptolemy.moml.MoMLSimpleApplication$UnloadThread.run(MoMLSimpleApplication.java:402)
Caused by: ptolemy.kernel.util.IllegalActionException: Found a zero delay loop containing .dependencyLoop2.original
  in .dependencyLoop2 and .dependencyLoop2.original
	at ptolemy.actor.util.CausalityInterfaceForComposites._computeOutputPortDepth(CausalityInterfaceForComposites.java:759)
	at ptolemy.actor.util.CausalityInterfaceForComposites._computeInputDepth(CausalityInterfaceForComposites.java:696)
	at ptolemy.actor.util.CausalityInterfaceForComposites._computeOutputPortDepth(CausalityInterfaceForComposites.java:765)
	at ptolemy.actor.util.CausalityInterfaceForComposites._computeInputDepth(CausalityInterfaceForComposites.java:696)
	at ptolemy.actor.util.CausalityInterfaceForComposites._computeOutputPortDepth(CausalityInterfaceForComposites.java:765)
	at ptolemy.actor.util.CausalityInterfaceForComposites._computeInputDepth(CausalityInterfaceForComposites.java:696)
	at ptolemy.actor.util.CausalityInterfaceForComposites._computeActorDepth(CausalityInterfaceForComposites.java:532)
	at ptolemy.actor.util.CausalityInterfaceForComposites.checkForCycles(CausalityInterfaceForComposites.java:96)
	at ptolemy.domains.de.kernel.DEDirector.preinitialize(DEDirector.java:1338)
	at ptolemy.actor.CompositeActor.preinitialize(CompositeActor.java:1828)
	at ptolemy.actor.Manager.preinitializeAndResolveTypes(Manager.java:1040)
	at ptolemy.actor.Manager.initialize(Manager.java:710)
	at ptolemy.actor.Manager.execute(Manager.java:356)
	at ptolemy.actor.Manager.run(Manager.java:1263)
	at ptolemy.actor.Manager$PtolemyRunThread.run(Manager.java:1933)
java.lang.reflect.InvocationTargetException
	at java.base/jdk.internal.reflect.NativeConstructorAccessorImpl.newInstance0(Native Method)
	at java.base/jdk.internal.reflect.NativeConstructorAccessorImpl.newInstance(NativeConstructorAccessorImpl.java:62)
	at java.base/jdk.internal.reflect.DelegatingConstructorAccessorImpl.newInstance(DelegatingConstructorAccessorImpl.java:45)
	at java.base/java.lang.reflect.Constructor.newInstance(Constructor.java:490)
	at ptolemy.util.test.junit.AutoKnownFailedTests.RunModel(AutoKnownFailedTests.java:105)
	at java.base/jdk.internal.reflect.NativeMethodAccessorImpl.invoke0(Native Method)
	at java.base/jdk.internal.reflect.NativeMethodAccessorImpl.invoke(NativeMethodAccessorImpl.java:62)
	at java.base/jdk.internal.reflect.DelegatingMethodAccessorImpl.invoke(DelegatingMethodAccessorImpl.java:43)
	at java.base/java.lang.reflect.Method.invoke(Method.java:566)
	at org.junit.runners.model.FrameworkMethod$1.runReflectiveCall(FrameworkMethod.java:44)
	at org.junit.internal.runners.model.ReflectiveCallable.run(ReflectiveCallable.java:15)
	at org.junit.runners.model.FrameworkMethod.invokeExplosively(FrameworkMethod.java:41)
	at junitparams.internal.InvokeParameterisedMethod.evaluate(InvokeParameterisedMethod.java:102)
	at org.junit.internal.runners.statements.FailOnTimeout$1.run(FailOnTimeout.java:28)
Caused by: ptolemy.kernel.util.IllegalActionException: Found a zero delay loop containing .dependencyLoop2.original
  in .dependencyLoop2 and .dependencyLoop2.original
	at ptolemy.actor.util.CausalityInterfaceForComposites._computeOutputPortDepth(CausalityInterfaceForComposites.java:759)
	at ptolemy.actor.util.CausalityInterfaceForComposites._computeInputDepth(CausalityInterfaceForComposites.java:696)
	at ptolemy.actor.util.CausalityInterfaceForComposites._computeOutputPortDepth(CausalityInterfaceForComposites.java:765)
	at ptolemy.actor.util.CausalityInterfaceForComposites._computeInputDepth(CausalityInterfaceForComposites.java:696)
	at ptolemy.actor.util.CausalityInterfaceForComposites._computeOutputPortDepth(CausalityInterfaceForComposites.java:765)
	at ptolemy.actor.util.CausalityInterfaceForComposites._computeInputDepth(CausalityInterfaceForComposites.java:696)
	at ptolemy.actor.util.CausalityInterfaceForComposites._computeActorDepth(CausalityInterfaceForComposites.java:532)
	at ptolemy.actor.util.CausalityInterfaceForComposites.checkForCycles(CausalityInterfaceForComposites.java:96)
	at ptolemy.domains.de.kernel.DEDirector.preinitialize(DEDirector.java:1338)
	at ptolemy.actor.CompositeActor.preinitialize(CompositeActor.java:1828)
	at ptolemy.actor.Manager.preinitializeAndResolveTypes(Manager.java:1040)
	at ptolemy.actor.Manager.initialize(Manager.java:710)
	at ptolemy.actor.Manager.execute(Manager.java:356)
	at ptolemy.actor.Manager.run(Manager.java:1263)
	at ptolemy.actor.Manager$PtolemyRunThread.run(Manager.java:1933)
]]></system-err>
</testsuite>
