<?xml version="1.0" encoding="UTF-8" ?>
<testsuite errors="0" failures="0" hostname="travis-job-8311aa7d-52b0-46ad-8cd1-1320b8e68d9c" name="ptolemy.domains.de.test.junit.JUnitTclTest" skipped="0" tests="101" time="133.164" timestamp="2019-07-12T18:12:27">
  <properties>
[...]
</properties>
  <testcase classname="ptolemy.util.test.junit.TclTests" name="[0] /home/travis/build/icyphy/ptII/ptolemy/domains/de/test/DependencyLoop.tcl (RunTclFile)" time="1.072" />
  <testcase classname="ptolemy.util.test.junit.TclTests" name="[1] /home/travis/build/icyphy/ptII/ptolemy/domains/de/test/RunDETestsAsQSS.tcl (RunTclFile)" time="89.136" />
  <testcase classname="ptolemy.util.test.junit.AutoKnownFailedTests" name="[0] /home/travis/build/icyphy/ptII/ptolemy/domains/de/test/auto/knownFailedTests/DESDFClockTest.xml (RunModel)" time="2.043" />
  <testcase classname="ptolemy.util.test.junit.AutoKnownFailedTests" name="[1] /home/travis/build/icyphy/ptII/ptolemy/domains/de/test/auto/knownFailedTests/DirectFeedback.xml (RunModel)" time="0.025" />
  <testcase classname="ptolemy.util.test.junit.AutoKnownFailedTests" name="[2] /home/travis/build/icyphy/ptII/ptolemy/domains/de/test/auto/knownFailedTests/FSMSource.xml (RunModel)" time="0.028" />
  <testcase classname="ptolemy.util.test.junit.AutoKnownFailedTests" name="[3] /home/travis/build/icyphy/ptII/ptolemy/domains/de/test/auto/knownFailedTests/HierarchicalModel.xml (RunModel)" time="0.066" />
  <testcase classname="ptolemy.util.test.junit.AutoKnownFailedTests" name="[4] /home/travis/build/icyphy/ptII/ptolemy/domains/de/test/auto/knownFailedTests/dependencyLoop.xml (RunModel)" time="0.088" />
  <testcase classname="ptolemy.util.test.junit.AutoKnownFailedTests" name="[5] /home/travis/build/icyphy/ptII/ptolemy/domains/de/test/auto/knownFailedTests/dependencyLoop2.xml (RunModel)" time="0.098" />
  <testcase classname="ptolemy.util.test.junit.AutoNameArchTests" name="[0] ThereAreNoAutoArchTests (RunModel)" time="0.009" />
  <testcase classname="ptolemy.util.test.junit.AutoTests" name="[0] /home/travis/build/icyphy/ptII/ptolemy/domains/de/test/auto/ActorDepthCalculation_actorWithoutPorts.xml (RunModel)" time="0.042" />
  <testcase classname="ptolemy.util.test.junit.AutoTests" name="[1] /home/travis/build/icyphy/ptII/ptolemy/domains/de/test/auto/AssemblyLine.xml (RunModel)" time="0.039" />
  <testcase classname="ptolemy.util.test.junit.AutoTests" name="[2] /home/travis/build/icyphy/ptII/ptolemy/domains/de/test/auto/CQBug1.xml (RunModel)" time="0.019" />
  <testcase classname="ptolemy.util.test.junit.AutoTests" name="[3] /home/travis/build/icyphy/ptII/ptolemy/domains/de/test/auto/CancelFireAt.xml (RunModel)" time="0.018" />
  <testcase classname="ptolemy.util.test.junit.AutoTests" name="[4] /home/travis/build/icyphy/ptII/ptolemy/domains/de/test/auto/CausalityAndComposabilityAnalysis.xml (RunModel)" time="0.015" />
  <testcase classname="ptolemy.util.test.junit.AutoTests" name="[5] /home/travis/build/icyphy/ptII/ptolemy/domains/de/test/auto/CausalityInterface1.xml (RunModel)" time="0.021" />
  <testcase classname="ptolemy.util.test.junit.AutoTests" name="[6] /home/travis/build/icyphy/ptII/ptolemy/domains/de/test/auto/CausalityInterface15.xml (RunModel)" time="0.017" />
  <testcase classname="ptolemy.util.test.junit.AutoTests" name="[7] /home/travis/build/icyphy/ptII/ptolemy/domains/de/test/auto/CausalityInterface2.xml (RunModel)" time="0.017" />
  <testcase classname="ptolemy.util.test.junit.AutoTests" name="[8] /home/travis/build/icyphy/ptII/ptolemy/domains/de/test/auto/CausalityInterface3.xml (RunModel)" time="0.014" />
  <testcase classname="ptolemy.util.test.junit.AutoTests" name="[9] /home/travis/build/icyphy/ptII/ptolemy/domains/de/test/auto/ClockDrift.xml (RunModel)" time="0.046" />
  <testcase classname="ptolemy.util.test.junit.AutoTests" name="[10] /home/travis/build/icyphy/ptII/ptolemy/domains/de/test/auto/ClockDriftAndValueChange.xml (RunModel)" time="0.032" />
  <testcase classname="ptolemy.util.test.junit.AutoTests" name="[11] /home/travis/build/icyphy/ptII/ptolemy/domains/de/test/auto/ClockDriftChange.xml (RunModel)" time="0.041" />
  <testcase classname="ptolemy.util.test.junit.AutoTests" name="[12] /home/travis/build/icyphy/ptII/ptolemy/domains/de/test/auto/ComposableCausalityAnalysis.xml (RunModel)" time="0.015" />
  <testcase classname="ptolemy.util.test.junit.AutoTests" name="[13] /home/travis/build/icyphy/ptII/ptolemy/domains/de/test/auto/DEFixedPointLimitation.xml (RunModel)" time="0.01" />
  <testcase classname="ptolemy.util.test.junit.AutoTests" name="[14] /home/travis/build/icyphy/ptII/ptolemy/domains/de/test/auto/DEScheduleTest.xml (RunModel)" time="0.015" />
  <testcase classname="ptolemy.util.test.junit.AutoTests" name="[15] /home/travis/build/icyphy/ptII/ptolemy/domains/de/test/auto/DEinDEwithStartTimes.xml (RunModel)" time="0.016" />
  <testcase classname="ptolemy.util.test.junit.AutoTests" name="[16] /home/travis/build/icyphy/ptII/ptolemy/domains/de/test/auto/DEinDEwithStartTimes2.xml (RunModel)" time="0.023" />
  <testcase classname="ptolemy.util.test.junit.AutoTests" name="[17] /home/travis/build/icyphy/ptII/ptolemy/domains/de/test/auto/DateDemo.xml (RunModel)" time="0.037" />
  <testcase classname="ptolemy.util.test.junit.AutoTests" name="[18] /home/travis/build/icyphy/ptII/ptolemy/domains/de/test/auto/DateToEvent.xml (RunModel)" time="2.05" />
  <testcase classname="ptolemy.util.test.junit.AutoTests" name="[19] /home/travis/build/icyphy/ptII/ptolemy/domains/de/test/auto/DepthTest1.xml (RunModel)" time="0.008" />
  <testcase classname="ptolemy.util.test.junit.AutoTests" name="[20] /home/travis/build/icyphy/ptII/ptolemy/domains/de/test/auto/DepthTest2.xml (RunModel)" time="0.022" />
  <testcase classname="ptolemy.util.test.junit.AutoTests" name="[21] /home/travis/build/icyphy/ptII/ptolemy/domains/de/test/auto/DepthTest3.xml (RunModel)" time="0.013" />
  <testcase classname="ptolemy.util.test.junit.AutoTests" name="[22] /home/travis/build/icyphy/ptII/ptolemy/domains/de/test/auto/DepthTest4.xml (RunModel)" time="0.021" />
  <testcase classname="ptolemy.util.test.junit.AutoTests" name="[23] /home/travis/build/icyphy/ptII/ptolemy/domains/de/test/auto/DepthTest5.xml (RunModel)" time="0.017" />
  <testcase classname="ptolemy.util.test.junit.AutoTests" name="[24] /home/travis/build/icyphy/ptII/ptolemy/domains/de/test/auto/DepthTest6.xml (RunModel)" time="0.02" />
  <testcase classname="ptolemy.util.test.junit.AutoTests" name="[25] /home/travis/build/icyphy/ptII/ptolemy/domains/de/test/auto/DepthTest7.xml (RunModel)" time="0.019" />
  <testcase classname="ptolemy.util.test.junit.AutoTests" name="[26] /home/travis/build/icyphy/ptII/ptolemy/domains/de/test/auto/EventToDate.xml (RunModel)" time="3.049" />
  <testcase classname="ptolemy.util.test.junit.AutoTests" name="[27] /home/travis/build/icyphy/ptII/ptolemy/domains/de/test/auto/FSM1.xml (RunModel)" time="0.034" />
  <testcase classname="ptolemy.util.test.junit.AutoTests" name="[28] /home/travis/build/icyphy/ptII/ptolemy/domains/de/test/auto/FSM7.xml (RunModel)" time="0.054" />
  <testcase classname="ptolemy.util.test.junit.AutoTests" name="[29] /home/travis/build/icyphy/ptII/ptolemy/domains/de/test/auto/Inspection.xml (RunModel)" time="0.043" />
  <testcase classname="ptolemy.util.test.junit.AutoTests" name="[30] /home/travis/build/icyphy/ptII/ptolemy/domains/de/test/auto/Iteration.xml (RunModel)" time="0.027" />
  <testcase classname="ptolemy.util.test.junit.AutoTests" name="[31] /home/travis/build/icyphy/ptII/ptolemy/domains/de/test/auto/LineFault.xml (RunModel)" time="0.635" />
  <testcase classname="ptolemy.util.test.junit.AutoTests" name="[32] /home/travis/build/icyphy/ptII/ptolemy/domains/de/test/auto/MergeModel1Add.xml (RunModel)" time="0.053" />
  <testcase classname="ptolemy.util.test.junit.AutoTests" name="[33] /home/travis/build/icyphy/ptII/ptolemy/domains/de/test/auto/MergeModel2Add.xml (RunModel)" time="0.034" />
  <testcase classname="ptolemy.util.test.junit.AutoTests" name="[34] /home/travis/build/icyphy/ptII/ptolemy/domains/de/test/auto/MergeModel3Add.xml (RunModel)" time="0.047" />
  <testcase classname="ptolemy.util.test.junit.AutoTests" name="[35] /home/travis/build/icyphy/ptII/ptolemy/domains/de/test/auto/MergeWithoutDiscard.xml (RunModel)" time="0.018" />
  <testcase classname="ptolemy.util.test.junit.AutoTests" name="[36] /home/travis/build/icyphy/ptII/ptolemy/domains/de/test/auto/Modal1.xml (RunModel)" time="0.036" />
  <testcase classname="ptolemy.util.test.junit.AutoTests" name="[37] /home/travis/build/icyphy/ptII/ptolemy/domains/de/test/auto/Modal2.xml (RunModel)" time="0.034" />
  <testcase classname="ptolemy.util.test.junit.AutoTests" name="[38] /home/travis/build/icyphy/ptII/ptolemy/domains/de/test/auto/Modal3.xml (RunModel)" time="0.026" />
  <testcase classname="ptolemy.util.test.junit.AutoTests" name="[39] /home/travis/build/icyphy/ptII/ptolemy/domains/de/test/auto/Modal4.xml (RunModel)" time="0.029" />
  <testcase classname="ptolemy.util.test.junit.AutoTests" name="[40] /home/travis/build/icyphy/ptII/ptolemy/domains/de/test/auto/Modal5.xml (RunModel)" time="0.031" />
  <testcase classname="ptolemy.util.test.junit.AutoTests" name="[41] /home/travis/build/icyphy/ptII/ptolemy/domains/de/test/auto/Modal6.xml (RunModel)" time="0.026" />
  <testcase classname="ptolemy.util.test.junit.AutoTests" name="[42] /home/travis/build/icyphy/ptII/ptolemy/domains/de/test/auto/Modal7.xml (RunModel)" time="0.034" />
  <testcase classname="ptolemy.util.test.junit.AutoTests" name="[43] /home/travis/build/icyphy/ptII/ptolemy/domains/de/test/auto/ModalModel.xml (RunModel)" time="0.17" />
  <testcase classname="ptolemy.util.test.junit.AutoTests" name="[44] /home/travis/build/icyphy/ptII/ptolemy/domains/de/test/auto/ModalSource.xml (RunModel)" time="0.021" />
  <testcase classname="ptolemy.util.test.junit.AutoTests" name="[45] /home/travis/build/icyphy/ptII/ptolemy/domains/de/test/auto/NonInterruptibleTimerZeroDelay.xml (RunModel)" time="0.009" />
  <testcase classname="ptolemy.util.test.junit.AutoTests" name="[46] /home/travis/build/icyphy/ptII/ptolemy/domains/de/test/auto/OpenQueueingNetwork.xml (RunModel)" time="2.492" />
  <testcase classname="ptolemy.util.test.junit.AutoTests" name="[47] /home/travis/build/icyphy/ptII/ptolemy/domains/de/test/auto/OpenQueuingNetwork.xml (RunModel)" time="0.283" />
  <testcase classname="ptolemy.util.test.junit.AutoTests" name="[48] /home/travis/build/icyphy/ptII/ptolemy/domains/de/test/auto/PeriodicSampler.xml (RunModel)" time="0.008" />
  <testcase classname="ptolemy.util.test.junit.AutoTests" name="[49] /home/travis/build/icyphy/ptII/ptolemy/domains/de/test/auto/PersistentIO.xml (RunModel)" time="0.02" />
  <testcase classname="ptolemy.util.test.junit.AutoTests" name="[50] /home/travis/build/icyphy/ptII/ptolemy/domains/de/test/auto/PortParameterResetOnInitialize.xml (RunModel)" time="0.014" />
  <testcase classname="ptolemy.util.test.junit.AutoTests" name="[51] /home/travis/build/icyphy/ptII/ptolemy/domains/de/test/auto/PortParameterUpdates.xml (RunModel)" time="0.014" />
  <testcase classname="ptolemy.util.test.junit.AutoTests" name="[52] /home/travis/build/icyphy/ptII/ptolemy/domains/de/test/auto/QueueAndServer.xml (RunModel)" time="0.02" />
  <testcase classname="ptolemy.util.test.junit.AutoTests" name="[53] /home/travis/build/icyphy/ptII/ptolemy/domains/de/test/auto/Records.xml (RunModel)" time="0.018" />
  <testcase classname="ptolemy.util.test.junit.AutoTests" name="[54] /home/travis/build/icyphy/ptII/ptolemy/domains/de/test/auto/ResetTransitionWithStartTime1.xml (RunModel)" time="0.018" />
  <testcase classname="ptolemy.util.test.junit.AutoTests" name="[55] /home/travis/build/icyphy/ptII/ptolemy/domains/de/test/auto/ResetTransitionWithStartTime2.xml (RunModel)" time="0.023" />
  <testcase classname="ptolemy.util.test.junit.AutoTests" name="[56] /home/travis/build/icyphy/ptII/ptolemy/domains/de/test/auto/ResetTransitionWithStartTime3.xml (RunModel)" time="0.023" />
  <testcase classname="ptolemy.util.test.junit.AutoTests" name="[57] /home/travis/build/icyphy/ptII/ptolemy/domains/de/test/auto/ResetTransitionWithStartTime4.xml (RunModel)" time="0.019" />
  <testcase classname="ptolemy.util.test.junit.AutoTests" name="[58] /home/travis/build/icyphy/ptII/ptolemy/domains/de/test/auto/ResettableTimer1.xml (RunModel)" time="0.01" />
  <testcase classname="ptolemy.util.test.junit.AutoTests" name="[59] /home/travis/build/icyphy/ptII/ptolemy/domains/de/test/auto/ResettableTimer2.xml (RunModel)" time="0.01" />
  <testcase classname="ptolemy.util.test.junit.AutoTests" name="[60] /home/travis/build/icyphy/ptII/ptolemy/domains/de/test/auto/ResettableTimer3.xml (RunModel)" time="0.008" />
  <testcase classname="ptolemy.util.test.junit.AutoTests" name="[61] /home/travis/build/icyphy/ptII/ptolemy/domains/de/test/auto/ResettableTimer4.xml (RunModel)" time="0.011" />
  <testcase classname="ptolemy.util.test.junit.AutoTests" name="[62] /home/travis/build/icyphy/ptII/ptolemy/domains/de/test/auto/ResettableTimer5.xml (RunModel)" time="0.009" />
  <testcase classname="ptolemy.util.test.junit.AutoTests" name="[63] /home/travis/build/icyphy/ptII/ptolemy/domains/de/test/auto/ResettableTimer6.xml (RunModel)" time="0.021" />
  <testcase classname="ptolemy.util.test.junit.AutoTests" name="[64] /home/travis/build/icyphy/ptII/ptolemy/domains/de/test/auto/ServerZeroDelay.xml (RunModel)" time="0.01" />
  <testcase classname="ptolemy.util.test.junit.AutoTests" name="[65] /home/travis/build/icyphy/ptII/ptolemy/domains/de/test/auto/SmartSender.xml (RunModel)" time="3.008" />
  <testcase classname="ptolemy.util.test.junit.AutoTests" name="[66] /home/travis/build/icyphy/ptII/ptolemy/domains/de/test/auto/ThreadedComposite.xml (RunModel)" time="0.122" />
  <testcase classname="ptolemy.util.test.junit.AutoTests" name="[67] /home/travis/build/icyphy/ptII/ptolemy/domains/de/test/auto/Time.xml (RunModel)" time="0.428" />
  <testcase classname="ptolemy.util.test.junit.AutoTests" name="[68] /home/travis/build/icyphy/ptII/ptolemy/domains/de/test/auto/TimeDelayZeroDelay.xml (RunModel)" time="0.01" />
  <testcase classname="ptolemy.util.test.junit.AutoTests" name="[69] /home/travis/build/icyphy/ptII/ptolemy/domains/de/test/auto/TimerZeroDelay.xml (RunModel)" time="0.011" />
  <testcase classname="ptolemy.util.test.junit.AutoTests" name="[70] /home/travis/build/icyphy/ptII/ptolemy/domains/de/test/auto/TimingParadox.xml (RunModel)" time="0.373" />
  <testcase classname="ptolemy.util.test.junit.AutoTests" name="[71] /home/travis/build/icyphy/ptII/ptolemy/domains/de/test/auto/TransferInputs.xml (RunModel)" time="0.013" />
  <testcase classname="ptolemy.util.test.junit.AutoTests" name="[72] /home/travis/build/icyphy/ptII/ptolemy/domains/de/test/auto/TransferOutputs2.xml (RunModel)" time="0.016" />
  <testcase classname="ptolemy.util.test.junit.AutoTests" name="[73] /home/travis/build/icyphy/ptII/ptolemy/domains/de/test/auto/Trilateration.xml (RunModel)" time="13.766" />
  <testcase classname="ptolemy.util.test.junit.AutoTests" name="[74] /home/travis/build/icyphy/ptII/ptolemy/domains/de/test/auto/TwoSigmaDelta.xml (RunModel)" time="2.184" />
  <testcase classname="ptolemy.util.test.junit.AutoTests" name="[75] /home/travis/build/icyphy/ptII/ptolemy/domains/de/test/auto/VariableDelay.xml (RunModel)" time="0.011" />
  <testcase classname="ptolemy.util.test.junit.AutoTests" name="[76] /home/travis/build/icyphy/ptII/ptolemy/domains/de/test/auto/VariableDelay2.xml (RunModel)" time="0.009" />
  <testcase classname="ptolemy.util.test.junit.AutoTests" name="[77] /home/travis/build/icyphy/ptII/ptolemy/domains/de/test/auto/VariableDelayZeroDelay.xml (RunModel)" time="0.011" />
  <testcase classname="ptolemy.util.test.junit.AutoTests" name="[78] /home/travis/build/icyphy/ptII/ptolemy/domains/de/test/auto/VariableDelayZeroDelay2.xml (RunModel)" time="0.009" />
  <testcase classname="ptolemy.util.test.junit.AutoTests" name="[79] /home/travis/build/icyphy/ptII/ptolemy/domains/de/test/auto/deInCt.xml (RunModel)" time="0.018" />
  <testcase classname="ptolemy.util.test.junit.AutoTests" name="[80] /home/travis/build/icyphy/ptII/ptolemy/domains/de/test/auto/deInCt2.xml (RunModel)" time="0.016" />
  <testcase classname="ptolemy.util.test.junit.AutoTests" name="[81] /home/travis/build/icyphy/ptII/ptolemy/domains/de/test/auto/dynamicCausalityInterface1.xml (RunModel)" time="0.018" />
  <testcase classname="ptolemy.util.test.junit.AutoTests" name="[82] /home/travis/build/icyphy/ptII/ptolemy/domains/de/test/auto/fsm_de_test.xml (RunModel)" time="0.023" />
  <testcase classname="ptolemy.util.test.junit.AutoTests" name="[83] /home/travis/build/icyphy/ptII/ptolemy/domains/de/test/auto/functionDependencyReconstruction.xml (RunModel)" time="0.027" />
  <testcase classname="ptolemy.util.test.junit.AutoTests" name="[84] /home/travis/build/icyphy/ptII/ptolemy/domains/de/test/auto/multirate.xml (RunModel)" time="0.033" />
  <testcase classname="ptolemy.util.test.junit.AutoTests" name="[85] /home/travis/build/icyphy/ptII/ptolemy/domains/de/test/auto/multirate2.xml (RunModel)" time="0.039" />
  <testcase classname="ptolemy.util.test.junit.AutoTests" name="[86] /home/travis/build/icyphy/ptII/ptolemy/domains/de/test/auto/realtime.xml (RunModel)" time="10.01" />
  <testcase classname="ptolemy.util.test.junit.AutoTests" name="[87] /home/travis/build/icyphy/ptII/ptolemy/domains/de/test/auto/relationGroup.xml (RunModel)" time="0.008" />
  <testcase classname="ptolemy.util.test.junit.AutoTests" name="[88] /home/travis/build/icyphy/ptII/ptolemy/domains/de/test/auto/relationGroup2.xml (RunModel)" time="0.007" />
  <testcase classname="ptolemy.util.test.junit.AutoTests" name="[89] /home/travis/build/icyphy/ptII/ptolemy/domains/de/test/auto/sortWithOpaquePorts.xml (RunModel)" time="0.012" />
  <testcase classname="ptolemy.util.test.junit.AutoTests" name="[90] /home/travis/build/icyphy/ptII/ptolemy/domains/de/test/auto/transferInputsandOutputs.xml (RunModel)" time="0.012" />
  <testcase classname="ptolemy.util.test.junit.AutoTests" name="[91] /home/travis/build/icyphy/ptII/ptolemy/domains/de/test/auto/triggerType.xml (RunModel)" time="0.014" />
  <system-out><![CDATA[/home/travis/build/icyphy/ptII/ptolemy/domains/de/test/DependencyLoop.tcl
testDefs.tcl: setting time out to 9000 seconds at Fri Jul 12 18:12:27 UTC 2019
60 ms. Memory: 120832K Free: 69948K (58%)
18 ms. Memory: 120832K Free: 53054K (44%)
/home/travis/build/icyphy/ptII/ptolemy/domains/de/test/RunDETestsAsQSS.tcl
Run the DE tests using ptolemy.domains.qss.test.QSSDirectorTest, which extends QSSDirector and prints a message in the constructors.
------------------ testing $PTII/ptolemy/domains/de/test/auto/knownFailedTests/DirectFeedback.xml (Known Failure) 
59 ms. Memory: 120832K Free: 47420K (39%)


==== $PTIIhome/travis/build/icyphy/ptII/ptolemy/domains/de/test/../../../../: Auto Automatic test in file $PTII/ptolemy/domains/de/test/auto/knownFailedTests/DirectFeedback.xml
==== Contents of test case:

	    # FIXME: we should use $relativeFilename here, but it
	    # might have backslashes under Windows, which causes no end
	    # of trouble.
	    createAndExecute $file
	    list {}
	
.... Test generated KNOWN error:
    while executing
ptolemy.kernel.util.IllegalActionException: Test fails in iteration 1.
Value was: 1.0. Should have been: 2.0
  in .DirectFeedback.Test
	at ptolemy.actor.lib.Test.fire(Test.java:268)
	at ptolemy.domains.de.kernel.DEDirector._fire(DEDirector.java:1949)
	at ptolemy.domains.de.kernel.DEDirector.fire(DEDirector.java:502)
	at ptolemy.actor.CompositeActor.fire(CompositeActor.java:455)
	at ptolemy.actor.Manager.iterate(Manager.java:851)
	at ptolemy.actor.Manager.execute(Manager.java:369)
	at ptolemy.actor.Manager.run(Manager.java:1263)
	at ptolemy.actor.Manager$PtolemyRunThread.run(Manager.java:1915)

    while executing
ptolemy.kernel.util.IllegalActionException: Test fails in iteration 1.
Value was: 1.0. Should have been: 2.0
  in .DirectFeedback.Test
    while executing
"java::new ptolemy.moml.MoMLSimpleApplication $file
"
    (procedure "createAndExecute" line 2)
    invoked from within
"createAndExecute $file"
    ("uplevel" body line 5)
    invoked from within
"uplevel $contents_of_test"
------------------ testing $PTII/ptolemy/domains/de/test/auto/knownFailedTests/dependencyLoop.xml (Known Failure) 
58 ms. Memory: 120832K Free: 106662K (88%)


==== $PTIIhome/travis/build/icyphy/ptII/ptolemy/domains/de/test/../../../../: Auto Automatic test in file $PTII/ptolemy/domains/de/test/auto/knownFailedTests/dependencyLoop.xml
==== Contents of test case:

	    # FIXME: we should use $relativeFilename here, but it
	    # might have backslashes under Windows, which causes no end
	    # of trouble.
	    createAndExecute $file
	    list {}
	
.... Test generated KNOWN error:
    while executing
ptolemy.kernel.util.IllegalActionException: Found a zero delay loop containing .dependencyLoop.original
  in .dependencyLoop and .dependencyLoop.original
	at ptolemy.actor.util.CausalityInterfaceForComposites._computeOutputPortDepth(CausalityInterfaceForComposites.java:759)
	at ptolemy.actor.util.CausalityInterfaceForComposites._computeInputDepth(CausalityInterfaceForComposites.java:696)
	at ptolemy.actor.util.CausalityInterfaceForComposites._computeOutputPortDepth(CausalityInterfaceForComposites.java:765)
	at ptolemy.actor.util.CausalityInterfaceForComposites._computeInputDepth(CausalityInterfaceForComposites.java:696)
	at ptolemy.actor.util.CausalityInterfaceForComposites._computeOutputPortDepth(CausalityInterfaceForComposites.java:765)
	at ptolemy.actor.util.CausalityInterfaceForComposites._computeInputDepth(CausalityInterfaceForComposites.java:696)
	at ptolemy.actor.util.CausalityInterfaceForComposites._computeActorDepth(CausalityInterfaceForComposites.java:532)
	at ptolemy.actor.util.CausalityInterfaceForComposites.checkForCycles(CausalityInterfaceForComposites.java:96)
	at ptolemy.domains.de.kernel.DEDirector.preinitialize(DEDirector.java:1338)
	at ptolemy.actor.CompositeActor.preinitialize(CompositeActor.java:1828)
	at ptolemy.actor.Manager.preinitializeAndResolveTypes(Manager.java:1040)
	at ptolemy.actor.Manager.initialize(Manager.java:710)
	at ptolemy.actor.Manager.execute(Manager.java:356)
	at ptolemy.actor.Manager.run(Manager.java:1263)
	at ptolemy.actor.Manager$PtolemyRunThread.run(Manager.java:1915)

    while executing
ptolemy.kernel.util.IllegalActionException: Found a zero delay loop containing .dependencyLoop.original
  in .dependencyLoop and .dependencyLoop.original
    while executing
"java::new ptolemy.moml.MoMLSimpleApplication $file
"
    (procedure "createAndExecute" line 2)
    invoked from within
"createAndExecute $file"
    ("uplevel" body line 5)
    invoked from within
"uplevel $contents_of_test"
------------------ testing $PTII/ptolemy/domains/de/test/auto/knownFailedTests/FSMSource.xml (Known Failure) 
76 ms. Memory: 120832K Free: 97644K (81%)
!!!! Auto was marked as failing, but now passes
------------------ testing $PTII/ptolemy/domains/de/test/auto/knownFailedTests/HierarchicalModel.xml (Known Failure) 
8 ms. Memory: 120832K Free: 80198K (66%)


==== $PTIIhome/travis/build/icyphy/ptII/ptolemy/domains/de/test/../../../../: Auto Automatic test in file $PTII/ptolemy/domains/de/test/auto/knownFailedTests/HierarchicalModel.xml
==== Contents of test case:

	    # FIXME: we should use $relativeFilename here, but it
	    # might have backslashes under Windows, which causes no end
	    # of trouble.
	    createAndExecute $file
	    list {}
	
.... Test generated KNOWN error:
    while executing
ptolemy.kernel.util.IllegalActionException: Found a zero delay loop containing .HierarchicalModel.A
  in .HierarchicalModel and .HierarchicalModel.A
	at ptolemy.actor.util.CausalityInterfaceForComposites._computeOutputPortDepth(CausalityInterfaceForComposites.java:759)
	at ptolemy.actor.util.CausalityInterfaceForComposites._computeInputDepth(CausalityInterfaceForComposites.java:696)
	at ptolemy.actor.util.CausalityInterfaceForComposites._computeOutputPortDepth(CausalityInterfaceForComposites.java:765)
	at ptolemy.actor.util.CausalityInterfaceForComposites._computeInputDepth(CausalityInterfaceForComposites.java:696)
	at ptolemy.actor.util.CausalityInterfaceForComposites._computeOutputPortDepth(CausalityInterfaceForComposites.java:765)
	at ptolemy.actor.util.CausalityInterfaceForComposites._computeInputDepth(CausalityInterfaceForComposites.java:696)
	at ptolemy.actor.util.CausalityInterfaceForComposites._computeActorDepth(CausalityInterfaceForComposites.java:532)
	at ptolemy.actor.util.CausalityInterfaceForComposites.checkForCycles(CausalityInterfaceForComposites.java:96)
	at ptolemy.domains.de.kernel.DEDirector.preinitialize(DEDirector.java:1338)
	at ptolemy.actor.CompositeActor.preinitialize(CompositeActor.java:1828)
	at ptolemy.actor.Manager.preinitializeAndResolveTypes(Manager.java:1040)
	at ptolemy.actor.Manager.initialize(Manager.java:710)
	at ptolemy.actor.Manager.execute(Manager.java:356)
	at ptolemy.actor.Manager.run(Manager.java:1263)
	at ptolemy.actor.Manager$PtolemyRunThread.run(Manager.java:1915)

    while executing
ptolemy.kernel.util.IllegalActionException: Found a zero delay loop containing .HierarchicalModel.A
  in .HierarchicalModel and .HierarchicalModel.A
    while executing
"java::new ptolemy.moml.MoMLSimpleApplication $file
"
    (procedure "createAndExecute" line 2)
    invoked from within
"createAndExecute $file"
    ("uplevel" body line 5)
    invoked from within
"uplevel $contents_of_test"
------------------ testing $PTII/ptolemy/domains/de/test/auto/knownFailedTests/dependencyLoop2.xml (Known Failure) 
8 ms. Memory: 120832K Free: 101764K (84%)


==== $PTIIhome/travis/build/icyphy/ptII/ptolemy/domains/de/test/../../../../: Auto Automatic test in file $PTII/ptolemy/domains/de/test/auto/knownFailedTests/dependencyLoop2.xml
==== Contents of test case:

	    # FIXME: we should use $relativeFilename here, but it
	    # might have backslashes under Windows, which causes no end
	    # of trouble.
	    createAndExecute $file
	    list {}
	
.... Test generated KNOWN error:
    while executing
ptolemy.kernel.util.IllegalActionException: Found a zero delay loop containing .dependencyLoop2.original
  in .dependencyLoop2 and .dependencyLoop2.original
	at ptolemy.actor.util.CausalityInterfaceForComposites._computeOutputPortDepth(CausalityInterfaceForComposites.java:759)
	at ptolemy.actor.util.CausalityInterfaceForComposites._computeInputDepth(CausalityInterfaceForComposites.java:696)
	at ptolemy.actor.util.CausalityInterfaceForComposites._computeOutputPortDepth(CausalityInterfaceForComposites.java:765)
	at ptolemy.actor.util.CausalityInterfaceForComposites._computeInputDepth(CausalityInterfaceForComposites.java:696)
	at ptolemy.actor.util.CausalityInterfaceForComposites._computeOutputPortDepth(CausalityInterfaceForComposites.java:765)
	at ptolemy.actor.util.CausalityInterfaceForComposites._computeInputDepth(CausalityInterfaceForComposites.java:696)
	at ptolemy.actor.util.CausalityInterfaceForComposites._computeActorDepth(CausalityInterfaceForComposites.java:532)
	at ptolemy.actor.util.CausalityInterfaceForComposites.checkForCycles(CausalityInterfaceForComposites.java:96)
	at ptolemy.domains.de.kernel.DEDirector.preinitialize(DEDirector.java:1338)
	at ptolemy.actor.CompositeActor.preinitialize(CompositeActor.java:1828)
	at ptolemy.actor.Manager.preinitializeAndResolveTypes(Manager.java:1040)
	at ptolemy.actor.Manager.initialize(Manager.java:710)
	at ptolemy.actor.Manager.execute(Manager.java:356)
	at ptolemy.actor.Manager.run(Manager.java:1263)
	at ptolemy.actor.Manager$PtolemyRunThread.run(Manager.java:1915)

    while executing
ptolemy.kernel.util.IllegalActionException: Found a zero delay loop containing .dependencyLoop2.original
  in .dependencyLoop2 and .dependencyLoop2.original
    while executing
"java::new ptolemy.moml.MoMLSimpleApplication $file
"
    (procedure "createAndExecute" line 2)
    invoked from within
"createAndExecute $file"
    ("uplevel" body line 5)
    invoked from within
"uplevel $contents_of_test"
------------------ testing $PTII/ptolemy/domains/de/test/auto/knownFailedTests/DESDFClockTest.xml (Known Failure) 
2069 ms. Memory: 120832K Free: 88994K (74%)


==== $PTIIhome/travis/build/icyphy/ptII/ptolemy/domains/de/test/../../../../: Auto Automatic test in file $PTII/ptolemy/domains/de/test/auto/knownFailedTests/DESDFClockTest.xml
==== Contents of test case:

	    # FIXME: we should use $relativeFilename here, but it
	    # might have backslashes under Windows, which causes no end
	    # of trouble.
	    createAndExecute $file
	    list {}
	
.... Test generated KNOWN error:
    while executing
ptolemy.kernel.util.IllegalActionException: Actor is not ready to fire.  Perhaps UpSample.prefire() returned false? Try debugging the actor by selecting "Listen to Actor".  Also, for SDF check moml for tokenConsumptionRate on input.
  in .DESDFClockTest.Play Bell.Copy1:SDF Director and .DESDFClockTest.Play Bell.UpSample
	at ptolemy.actor.sched.StaticSchedulingDirector.fire(StaticSchedulingDirector.java:227)
	at ptolemy.domains.sdf.kernel.SDFDirector.fire(SDFDirector.java:500)
	at ptolemy.actor.CompositeActor.fire(CompositeActor.java:455)
	at ptolemy.domains.de.kernel.DEDirector._fire(DEDirector.java:1949)
	at ptolemy.domains.de.kernel.DEDirector.fire(DEDirector.java:502)
	at ptolemy.actor.CompositeActor.fire(CompositeActor.java:455)
	at ptolemy.actor.Manager.iterate(Manager.java:851)
	at ptolemy.actor.Manager.execute(Manager.java:369)
	at ptolemy.actor.Manager.run(Manager.java:1263)
	at ptolemy.actor.Manager$PtolemyRunThread.run(Manager.java:1915)

    while executing
ptolemy.kernel.util.IllegalActionException: Actor is not ready to fire.  Perhaps UpSample.prefire() returned false? Try debugging the actor by selecting "Listen to Actor".  Also, for SDF check moml for tokenConsumptionRate on input.
  in .DESDFClockTest.Play Bell.Copy1:SDF Director and .DESDFClockTest.Play Bell.UpSample
    while executing
"java::new ptolemy.moml.MoMLSimpleApplication $file
"
    (procedure "createAndExecute" line 2)
    invoked from within
"createAndExecute $file"
    ("uplevel" body line 5)
    invoked from within
"uplevel $contents_of_test"
------------------ testing $PTII/ptolemy/domains/de/test/auto/ActorDepthCalculation_actorWithoutPorts.xml
auto.tcl: Setting watchdog for 200 seconds at Fri Jul 12 18:12:31 UTC 2019
5 ms. Memory: 120832K Free: 81808K (68%)
ptolemy.util.test.WatchDog.cancel(): canceling Fri Jul 12 18:12:31 UTC 2019
auto.tcl: Setting watchdog for 200 seconds at Fri Jul 12 18:12:31 UTC 2019
9 ms. Memory: 120832K Free: 80256K (66%)
ptolemy.util.test.WatchDog.cancel(): canceling Fri Jul 12 18:12:31 UTC 2019
------------------ testing $PTII/ptolemy/domains/de/test/auto/AssemblyLine.xml
auto.tcl: Setting watchdog for 200 seconds at Fri Jul 12 18:12:31 UTC 2019
17 ms. Memory: 48128K Free: 25704K (53%)
ptolemy.util.test.WatchDog.cancel(): canceling Fri Jul 12 18:12:31 UTC 2019
auto.tcl: Setting watchdog for 200 seconds at Fri Jul 12 18:12:31 UTC 2019
8 ms. Memory: 48128K Free: 25022K (52%)
ptolemy.util.test.WatchDog.cancel(): canceling Fri Jul 12 18:12:31 UTC 2019
------------------ testing $PTII/ptolemy/domains/de/test/auto/CQBug1.xml
auto.tcl: Setting watchdog for 200 seconds at Fri Jul 12 18:12:32 UTC 2019
4 ms. Memory: 48128K Free: 31260K (65%)
ptolemy.util.test.WatchDog.cancel(): canceling Fri Jul 12 18:12:32 UTC 2019
auto.tcl: Setting watchdog for 200 seconds at Fri Jul 12 18:12:32 UTC 2019
2 ms. Memory: 48128K Free: 30506K (63%)
ptolemy.util.test.WatchDog.cancel(): canceling Fri Jul 12 18:12:32 UTC 2019
------------------ testing $PTII/ptolemy/domains/de/test/auto/CancelFireAt.xml
auto.tcl: Setting watchdog for 200 seconds at Fri Jul 12 18:12:32 UTC 2019
5 ms. Memory: 48128K Free: 32474K (67%)
ptolemy.util.test.WatchDog.cancel(): canceling Fri Jul 12 18:12:32 UTC 2019
auto.tcl: Setting watchdog for 200 seconds at Fri Jul 12 18:12:32 UTC 2019
2 ms. Memory: 48128K Free: 32061K (67%)
ptolemy.util.test.WatchDog.cancel(): canceling Fri Jul 12 18:12:32 UTC 2019
------------------ testing $PTII/ptolemy/domains/de/test/auto/CausalityAndComposabilityAnalysis.xml
auto.tcl: Setting watchdog for 200 seconds at Fri Jul 12 18:12:32 UTC 2019
8 ms. Memory: 48128K Free: 30094K (63%)
ptolemy.util.test.WatchDog.cancel(): canceling Fri Jul 12 18:12:32 UTC 2019
auto.tcl: Setting watchdog for 200 seconds at Fri Jul 12 18:12:32 UTC 2019
11 ms. Memory: 48128K Free: 29689K (62%)
ptolemy.util.test.WatchDog.cancel(): canceling Fri Jul 12 18:12:32 UTC 2019
------------------ testing $PTII/ptolemy/domains/de/test/auto/CausalityInterface1.xml
auto.tcl: Setting watchdog for 200 seconds at Fri Jul 12 18:12:32 UTC 2019
25 ms. Memory: 48128K Free: 29079K (60%)
ptolemy.util.test.WatchDog.cancel(): canceling Fri Jul 12 18:12:32 UTC 2019
auto.tcl: Setting watchdog for 200 seconds at Fri Jul 12 18:12:32 UTC 2019
4 ms. Memory: 48128K Free: 28143K (58%)
ptolemy.util.test.WatchDog.cancel(): canceling Fri Jul 12 18:12:32 UTC 2019
------------------ testing $PTII/ptolemy/domains/de/test/auto/CausalityInterface15.xml
auto.tcl: Setting watchdog for 200 seconds at Fri Jul 12 18:12:32 UTC 2019
11 ms. Memory: 48128K Free: 28743K (60%)
ptolemy.util.test.WatchDog.cancel(): canceling Fri Jul 12 18:12:32 UTC 2019
auto.tcl: Setting watchdog for 200 seconds at Fri Jul 12 18:12:32 UTC 2019
8 ms. Memory: 48128K Free: 28140K (58%)
ptolemy.util.test.WatchDog.cancel(): canceling Fri Jul 12 18:12:32 UTC 2019
------------------ testing $PTII/ptolemy/domains/de/test/auto/CausalityInterface2.xml
auto.tcl: Setting watchdog for 200 seconds at Fri Jul 12 18:12:32 UTC 2019
10 ms. Memory: 48128K Free: 29854K (62%)
ptolemy.util.test.WatchDog.cancel(): canceling Fri Jul 12 18:12:32 UTC 2019
auto.tcl: Setting watchdog for 200 seconds at Fri Jul 12 18:12:32 UTC 2019
3 ms. Memory: 48128K Free: 29127K (61%)
ptolemy.util.test.WatchDog.cancel(): canceling Fri Jul 12 18:12:32 UTC 2019
------------------ testing $PTII/ptolemy/domains/de/test/auto/CausalityInterface3.xml
auto.tcl: Setting watchdog for 200 seconds at Fri Jul 12 18:12:32 UTC 2019
3 ms. Memory: 48128K Free: 29312K (61%)
ptolemy.util.test.WatchDog.cancel(): canceling Fri Jul 12 18:12:32 UTC 2019
auto.tcl: Setting watchdog for 200 seconds at Fri Jul 12 18:12:32 UTC 2019
2 ms. Memory: 48128K Free: 28526K (59%)
ptolemy.util.test.WatchDog.cancel(): canceling Fri Jul 12 18:12:32 UTC 2019
------------------ testing $PTII/ptolemy/domains/de/test/auto/ClockDrift.xml
auto.tcl: Setting watchdog for 200 seconds at Fri Jul 12 18:12:32 UTC 2019
82 ms. Memory: 48128K Free: 21870K (45%)
ptolemy.util.test.WatchDog.cancel(): canceling Fri Jul 12 18:12:32 UTC 2019
auto.tcl: Setting watchdog for 200 seconds at Fri Jul 12 18:12:32 UTC 2019
41 ms. Memory: 48128K Free: 18885K (39%)
ptolemy.util.test.WatchDog.cancel(): canceling Fri Jul 12 18:12:32 UTC 2019
------------------ testing $PTII/ptolemy/domains/de/test/auto/ClockDriftAndValueChange.xml
auto.tcl: Setting watchdog for 200 seconds at Fri Jul 12 18:12:32 UTC 2019
50 ms. Memory: 48128K Free: 21968K (46%)
ptolemy.util.test.WatchDog.cancel(): canceling Fri Jul 12 18:12:33 UTC 2019
auto.tcl: Setting watchdog for 200 seconds at Fri Jul 12 18:12:33 UTC 2019
23 ms. Memory: 48128K Free: 19134K (40%)
ptolemy.util.test.WatchDog.cancel(): canceling Fri Jul 12 18:12:33 UTC 2019
------------------ testing $PTII/ptolemy/domains/de/test/auto/ClockDriftChange.xml
auto.tcl: Setting watchdog for 200 seconds at Fri Jul 12 18:12:33 UTC 2019
28 ms. Memory: 48128K Free: 24017K (50%)
ptolemy.util.test.WatchDog.cancel(): canceling Fri Jul 12 18:12:33 UTC 2019
auto.tcl: Setting watchdog for 200 seconds at Fri Jul 12 18:12:33 UTC 2019
28 ms. Memory: 48128K Free: 21462K (45%)
ptolemy.util.test.WatchDog.cancel(): canceling Fri Jul 12 18:12:33 UTC 2019
------------------ testing $PTII/ptolemy/domains/de/test/auto/ComposableCausalityAnalysis.xml
auto.tcl: Setting watchdog for 200 seconds at Fri Jul 12 18:12:33 UTC 2019
5 ms. Memory: 48128K Free: 28578K (59%)
ptolemy.util.test.WatchDog.cancel(): canceling Fri Jul 12 18:12:33 UTC 2019
auto.tcl: Setting watchdog for 200 seconds at Fri Jul 12 18:12:33 UTC 2019
3 ms. Memory: 48128K Free: 27582K (57%)
ptolemy.util.test.WatchDog.cancel(): canceling Fri Jul 12 18:12:33 UTC 2019
------------------ testing $PTII/ptolemy/domains/de/test/auto/DEFixedPointLimitation.xml
auto.tcl: Setting watchdog for 200 seconds at Fri Jul 12 18:12:33 UTC 2019
2 ms. Memory: 48128K Free: 29997K (62%)
ptolemy.util.test.WatchDog.cancel(): canceling Fri Jul 12 18:12:33 UTC 2019
auto.tcl: Setting watchdog for 200 seconds at Fri Jul 12 18:12:33 UTC 2019
1 ms. Memory: 48128K Free: 29081K (60%)
ptolemy.util.test.WatchDog.cancel(): canceling Fri Jul 12 18:12:33 UTC 2019
------------------ testing $PTII/ptolemy/domains/de/test/auto/DEScheduleTest.xml
auto.tcl: Setting watchdog for 200 seconds at Fri Jul 12 18:12:33 UTC 2019
7 ms. Memory: 48128K Free: 30300K (63%)
ptolemy.util.test.WatchDog.cancel(): canceling Fri Jul 12 18:12:33 UTC 2019
auto.tcl: Setting watchdog for 200 seconds at Fri Jul 12 18:12:33 UTC 2019
3 ms. Memory: 48128K Free: 29541K (61%)
ptolemy.util.test.WatchDog.cancel(): canceling Fri Jul 12 18:12:33 UTC 2019
------------------ testing $PTII/ptolemy/domains/de/test/auto/DEinDEwithStartTimes.xml
auto.tcl: Setting watchdog for 200 seconds at Fri Jul 12 18:12:33 UTC 2019
4 ms. Memory: 48128K Free: 28472K (59%)
ptolemy.util.test.WatchDog.cancel(): canceling Fri Jul 12 18:12:33 UTC 2019
auto.tcl: Setting watchdog for 200 seconds at Fri Jul 12 18:12:33 UTC 2019
4 ms. Memory: 48128K Free: 27430K (57%)
ptolemy.util.test.WatchDog.cancel(): canceling Fri Jul 12 18:12:33 UTC 2019
------------------ testing $PTII/ptolemy/domains/de/test/auto/DEinDEwithStartTimes2.xml
auto.tcl: Setting watchdog for 200 seconds at Fri Jul 12 18:12:33 UTC 2019
8 ms. Memory: 48128K Free: 27654K (57%)
ptolemy.util.test.WatchDog.cancel(): canceling Fri Jul 12 18:12:33 UTC 2019
auto.tcl: Setting watchdog for 200 seconds at Fri Jul 12 18:12:33 UTC 2019
4 ms. Memory: 48128K Free: 26385K (55%)
ptolemy.util.test.WatchDog.cancel(): canceling Fri Jul 12 18:12:33 UTC 2019
------------------ testing $PTII/ptolemy/domains/de/test/auto/DateDemo.xml
auto.tcl: Setting watchdog for 200 seconds at Fri Jul 12 18:12:33 UTC 2019
24 ms. Memory: 48128K Free: 22027K (46%)
ptolemy.util.test.WatchDog.cancel(): canceling Fri Jul 12 18:12:33 UTC 2019
auto.tcl: Setting watchdog for 200 seconds at Fri Jul 12 18:12:33 UTC 2019
6 ms. Memory: 48128K Free: 20457K (43%)
ptolemy.util.test.WatchDog.cancel(): canceling Fri Jul 12 18:12:33 UTC 2019
------------------ testing $PTII/ptolemy/domains/de/test/auto/DateToEvent.xml
auto.tcl: Setting watchdog for 200 seconds at Fri Jul 12 18:12:33 UTC 2019
2023 ms. Memory: 48128K Free: 17949K (37%)
ptolemy.util.test.WatchDog.cancel(): canceling Fri Jul 12 18:12:35 UTC 2019
auto.tcl: Setting watchdog for 200 seconds at Fri Jul 12 18:12:35 UTC 2019
2005 ms. Memory: 48128K Free: 17149K (36%)
ptolemy.util.test.WatchDog.cancel(): canceling Fri Jul 12 18:12:37 UTC 2019
------------------ testing $PTII/ptolemy/domains/de/test/auto/DepthTest1.xml
auto.tcl: Setting watchdog for 200 seconds at Fri Jul 12 18:12:38 UTC 2019
2 ms. Memory: 48128K Free: 31097K (65%)
ptolemy.util.test.WatchDog.cancel(): canceling Fri Jul 12 18:12:38 UTC 2019
auto.tcl: Setting watchdog for 200 seconds at Fri Jul 12 18:12:38 UTC 2019
2 ms. Memory: 48128K Free: 30654K (64%)
ptolemy.util.test.WatchDog.cancel(): canceling Fri Jul 12 18:12:38 UTC 2019
------------------ testing $PTII/ptolemy/domains/de/test/auto/DepthTest2.xml
auto.tcl: Setting watchdog for 200 seconds at Fri Jul 12 18:12:38 UTC 2019
8 ms. Memory: 48128K Free: 27917K (58%)
ptolemy.util.test.WatchDog.cancel(): canceling Fri Jul 12 18:12:38 UTC 2019
auto.tcl: Setting watchdog for 200 seconds at Fri Jul 12 18:12:38 UTC 2019
3 ms. Memory: 48128K Free: 27489K (57%)
ptolemy.util.test.WatchDog.cancel(): canceling Fri Jul 12 18:12:38 UTC 2019
------------------ testing $PTII/ptolemy/domains/de/test/auto/DepthTest3.xml
auto.tcl: Setting watchdog for 200 seconds at Fri Jul 12 18:12:38 UTC 2019
4 ms. Memory: 48128K Free: 31497K (65%)
ptolemy.util.test.WatchDog.cancel(): canceling Fri Jul 12 18:12:38 UTC 2019
auto.tcl: Setting watchdog for 200 seconds at Fri Jul 12 18:12:38 UTC 2019
1 ms. Memory: 48128K Free: 31005K (64%)
ptolemy.util.test.WatchDog.cancel(): canceling Fri Jul 12 18:12:38 UTC 2019
------------------ testing $PTII/ptolemy/domains/de/test/auto/DepthTest4.xml
auto.tcl: Setting watchdog for 200 seconds at Fri Jul 12 18:12:38 UTC 2019
3 ms. Memory: 48128K Free: 29778K (62%)
ptolemy.util.test.WatchDog.cancel(): canceling Fri Jul 12 18:12:38 UTC 2019
auto.tcl: Setting watchdog for 200 seconds at Fri Jul 12 18:12:38 UTC 2019
2 ms. Memory: 48128K Free: 29028K (60%)
ptolemy.util.test.WatchDog.cancel(): canceling Fri Jul 12 18:12:38 UTC 2019
------------------ testing $PTII/ptolemy/domains/de/test/auto/DepthTest5.xml
auto.tcl: Setting watchdog for 200 seconds at Fri Jul 12 18:12:38 UTC 2019
5 ms. Memory: 48128K Free: 29174K (61%)
ptolemy.util.test.WatchDog.cancel(): canceling Fri Jul 12 18:12:38 UTC 2019
auto.tcl: Setting watchdog for 200 seconds at Fri Jul 12 18:12:38 UTC 2019
3 ms. Memory: 48128K Free: 28387K (59%)
ptolemy.util.test.WatchDog.cancel(): canceling Fri Jul 12 18:12:38 UTC 2019
------------------ testing $PTII/ptolemy/domains/de/test/auto/DepthTest6.xml
auto.tcl: Setting watchdog for 200 seconds at Fri Jul 12 18:12:38 UTC 2019
4 ms. Memory: 48128K Free: 28667K (60%)
ptolemy.util.test.WatchDog.cancel(): canceling Fri Jul 12 18:12:38 UTC 2019
auto.tcl: Setting watchdog for 200 seconds at Fri Jul 12 18:12:38 UTC 2019
2 ms. Memory: 48128K Free: 27960K (58%)
ptolemy.util.test.WatchDog.cancel(): canceling Fri Jul 12 18:12:38 UTC 2019
------------------ testing $PTII/ptolemy/domains/de/test/auto/DepthTest7.xml
auto.tcl: Setting watchdog for 200 seconds at Fri Jul 12 18:12:38 UTC 2019
3 ms. Memory: 48128K Free: 29465K (61%)
ptolemy.util.test.WatchDog.cancel(): canceling Fri Jul 12 18:12:38 UTC 2019
auto.tcl: Setting watchdog for 200 seconds at Fri Jul 12 18:12:38 UTC 2019
2 ms. Memory: 48128K Free: 28532K (59%)
ptolemy.util.test.WatchDog.cancel(): canceling Fri Jul 12 18:12:38 UTC 2019
------------------ testing $PTII/ptolemy/domains/de/test/auto/EventToDate.xml
auto.tcl: Setting watchdog for 200 seconds at Fri Jul 12 18:12:38 UTC 2019
3008 ms. Memory: 48128K Free: 20475K (43%)
ptolemy.util.test.WatchDog.cancel(): canceling Fri Jul 12 18:12:41 UTC 2019
auto.tcl: Setting watchdog for 200 seconds at Fri Jul 12 18:12:41 UTC 2019
3005 ms. Memory: 48128K Free: 19785K (41%)
ptolemy.util.test.WatchDog.cancel(): canceling Fri Jul 12 18:12:44 UTC 2019
------------------ testing $PTII/ptolemy/domains/de/test/auto/FSM1.xml
auto.tcl: Setting watchdog for 200 seconds at Fri Jul 12 18:12:44 UTC 2019
20 ms. Memory: 48128K Free: 21190K (44%)
ptolemy.util.test.WatchDog.cancel(): canceling Fri Jul 12 18:12:44 UTC 2019
auto.tcl: Setting watchdog for 200 seconds at Fri Jul 12 18:12:44 UTC 2019
17 ms. Memory: 48128K Free: 18015K (37%)
ptolemy.util.test.WatchDog.cancel(): canceling Fri Jul 12 18:12:44 UTC 2019
------------------ testing $PTII/ptolemy/domains/de/test/auto/FSM7.xml
auto.tcl: Setting watchdog for 200 seconds at Fri Jul 12 18:12:44 UTC 2019
22 ms. Memory: 48128K Free: 21362K (44%)
ptolemy.util.test.WatchDog.cancel(): canceling Fri Jul 12 18:12:44 UTC 2019
auto.tcl: Setting watchdog for 200 seconds at Fri Jul 12 18:12:44 UTC 2019
26 ms. Memory: 48128K Free: 18242K (38%)
ptolemy.util.test.WatchDog.cancel(): canceling Fri Jul 12 18:12:44 UTC 2019
------------------ testing $PTII/ptolemy/domains/de/test/auto/Inspection.xml
auto.tcl: Setting watchdog for 200 seconds at Fri Jul 12 18:12:44 UTC 2019
21 ms. Memory: 48128K Free: 21410K (44%)
ptolemy.util.test.WatchDog.cancel(): canceling Fri Jul 12 18:12:44 UTC 2019
auto.tcl: Setting watchdog for 200 seconds at Fri Jul 12 18:12:44 UTC 2019
32 ms. Memory: 48128K Free: 19684K (41%)
ptolemy.util.test.WatchDog.cancel(): canceling Fri Jul 12 18:12:45 UTC 2019
------------------ testing $PTII/ptolemy/domains/de/test/auto/Iteration.xml
auto.tcl: Setting watchdog for 200 seconds at Fri Jul 12 18:12:45 UTC 2019
11 ms. Memory: 48128K Free: 27153K (56%)
ptolemy.util.test.WatchDog.cancel(): canceling Fri Jul 12 18:12:45 UTC 2019
auto.tcl: Setting watchdog for 200 seconds at Fri Jul 12 18:12:45 UTC 2019
8 ms. Memory: 48128K Free: 25739K (53%)
ptolemy.util.test.WatchDog.cancel(): canceling Fri Jul 12 18:12:45 UTC 2019
------------------ testing $PTII/ptolemy/domains/de/test/auto/LineFault.xml
auto.tcl: Setting watchdog for 200 seconds at Fri Jul 12 18:12:45 UTC 2019
691 ms. Memory: 60416K Free: 32001K (53%)
ptolemy.util.test.WatchDog.cancel(): canceling Fri Jul 12 18:12:46 UTC 2019
auto.tcl: Setting watchdog for 200 seconds at Fri Jul 12 18:12:46 UTC 2019
549 ms. Memory: 60416K Free: 38059K (63%)
ptolemy.util.test.WatchDog.cancel(): canceling Fri Jul 12 18:12:46 UTC 2019
------------------ testing $PTII/ptolemy/domains/de/test/auto/MergeModel1Add.xml
auto.tcl: Setting watchdog for 200 seconds at Fri Jul 12 18:12:46 UTC 2019
27 ms. Memory: 55296K Free: 20263K (37%)
ptolemy.util.test.WatchDog.cancel(): canceling Fri Jul 12 18:12:46 UTC 2019
auto.tcl: Setting watchdog for 200 seconds at Fri Jul 12 18:12:46 UTC 2019
16 ms. Memory: 55296K Free: 18577K (34%)
ptolemy.util.test.WatchDog.cancel(): canceling Fri Jul 12 18:12:46 UTC 2019
------------------ testing $PTII/ptolemy/domains/de/test/auto/MergeModel2Add.xml
auto.tcl: Setting watchdog for 200 seconds at Fri Jul 12 18:12:46 UTC 2019
8 ms. Memory: 51200K Free: 18215K (36%)
ptolemy.util.test.WatchDog.cancel(): canceling Fri Jul 12 18:12:46 UTC 2019
auto.tcl: Setting watchdog for 200 seconds at Fri Jul 12 18:12:46 UTC 2019
7 ms. Memory: 51200K Free: 16271K (32%)
ptolemy.util.test.WatchDog.cancel(): canceling Fri Jul 12 18:12:46 UTC 2019
------------------ testing $PTII/ptolemy/domains/de/test/auto/MergeModel3Add.xml
auto.tcl: Setting watchdog for 200 seconds at Fri Jul 12 18:12:46 UTC 2019
9 ms. Memory: 51200K Free: 18224K (36%)
ptolemy.util.test.WatchDog.cancel(): canceling Fri Jul 12 18:12:47 UTC 2019
auto.tcl: Setting watchdog for 200 seconds at Fri Jul 12 18:12:47 UTC 2019
10 ms. Memory: 51200K Free: 16773K (33%)
ptolemy.util.test.WatchDog.cancel(): canceling Fri Jul 12 18:12:47 UTC 2019
------------------ testing $PTII/ptolemy/domains/de/test/auto/MergeWithoutDiscard.xml
auto.tcl: Setting watchdog for 200 seconds at Fri Jul 12 18:12:47 UTC 2019
3 ms. Memory: 51200K Free: 33127K (65%)
ptolemy.util.test.WatchDog.cancel(): canceling Fri Jul 12 18:12:47 UTC 2019
auto.tcl: Setting watchdog for 200 seconds at Fri Jul 12 18:12:47 UTC 2019
1 ms. Memory: 51200K Free: 32646K (64%)
ptolemy.util.test.WatchDog.cancel(): canceling Fri Jul 12 18:12:47 UTC 2019
------------------ testing $PTII/ptolemy/domains/de/test/auto/Modal1.xml
auto.tcl: Setting watchdog for 200 seconds at Fri Jul 12 18:12:47 UTC 2019
18 ms. Memory: 48128K Free: 22172K (46%)
ptolemy.util.test.WatchDog.cancel(): canceling Fri Jul 12 18:12:47 UTC 2019
auto.tcl: Setting watchdog for 200 seconds at Fri Jul 12 18:12:47 UTC 2019
23 ms. Memory: 48128K Free: 18637K (39%)
ptolemy.util.test.WatchDog.cancel(): canceling Fri Jul 12 18:12:47 UTC 2019
------------------ testing $PTII/ptolemy/domains/de/test/auto/Modal2.xml
auto.tcl: Setting watchdog for 200 seconds at Fri Jul 12 18:12:47 UTC 2019
19 ms. Memory: 48128K Free: 22050K (46%)
ptolemy.util.test.WatchDog.cancel(): canceling Fri Jul 12 18:12:47 UTC 2019
auto.tcl: Setting watchdog for 200 seconds at Fri Jul 12 18:12:47 UTC 2019
20 ms. Memory: 48128K Free: 18536K (39%)
ptolemy.util.test.WatchDog.cancel(): canceling Fri Jul 12 18:12:47 UTC 2019
------------------ testing $PTII/ptolemy/domains/de/test/auto/Modal3.xml
auto.tcl: Setting watchdog for 200 seconds at Fri Jul 12 18:12:47 UTC 2019
17 ms. Memory: 48128K Free: 21492K (45%)
ptolemy.util.test.WatchDog.cancel(): canceling Fri Jul 12 18:12:47 UTC 2019
auto.tcl: Setting watchdog for 200 seconds at Fri Jul 12 18:12:47 UTC 2019
20 ms. Memory: 48128K Free: 18531K (39%)
ptolemy.util.test.WatchDog.cancel(): canceling Fri Jul 12 18:12:47 UTC 2019
------------------ testing $PTII/ptolemy/domains/de/test/auto/Modal4.xml
auto.tcl: Setting watchdog for 200 seconds at Fri Jul 12 18:12:47 UTC 2019
26 ms. Memory: 48128K Free: 20753K (43%)
ptolemy.util.test.WatchDog.cancel(): canceling Fri Jul 12 18:12:47 UTC 2019
auto.tcl: Setting watchdog for 200 seconds at Fri Jul 12 18:12:47 UTC 2019
22 ms. Memory: 48128K Free: 16925K (35%)
ptolemy.util.test.WatchDog.cancel(): canceling Fri Jul 12 18:12:47 UTC 2019
------------------ testing $PTII/ptolemy/domains/de/test/auto/Modal5.xml
auto.tcl: Setting watchdog for 200 seconds at Fri Jul 12 18:12:47 UTC 2019
15 ms. Memory: 48128K Free: 20750K (43%)
ptolemy.util.test.WatchDog.cancel(): canceling Fri Jul 12 18:12:47 UTC 2019
auto.tcl: Setting watchdog for 200 seconds at Fri Jul 12 18:12:47 UTC 2019
16 ms. Memory: 48128K Free: 16912K (35%)
ptolemy.util.test.WatchDog.cancel(): canceling Fri Jul 12 18:12:47 UTC 2019
------------------ testing $PTII/ptolemy/domains/de/test/auto/Modal6.xml
auto.tcl: Setting watchdog for 200 seconds at Fri Jul 12 18:12:47 UTC 2019
18 ms. Memory: 48128K Free: 21486K (45%)
ptolemy.util.test.WatchDog.cancel(): canceling Fri Jul 12 18:12:47 UTC 2019
auto.tcl: Setting watchdog for 200 seconds at Fri Jul 12 18:12:47 UTC 2019
19 ms. Memory: 48128K Free: 17523K (36%)
ptolemy.util.test.WatchDog.cancel(): canceling Fri Jul 12 18:12:47 UTC 2019
------------------ testing $PTII/ptolemy/domains/de/test/auto/Modal7.xml
auto.tcl: Setting watchdog for 200 seconds at Fri Jul 12 18:12:47 UTC 2019
9 ms. Memory: 48128K Free: 20719K (43%)
ptolemy.util.test.WatchDog.cancel(): canceling Fri Jul 12 18:12:47 UTC 2019
auto.tcl: Setting watchdog for 200 seconds at Fri Jul 12 18:12:47 UTC 2019
9 ms. Memory: 48128K Free: 17145K (36%)
ptolemy.util.test.WatchDog.cancel(): canceling Fri Jul 12 18:12:47 UTC 2019
------------------ testing $PTII/ptolemy/domains/de/test/auto/ModalModel.xml
auto.tcl: Setting watchdog for 200 seconds at Fri Jul 12 18:12:47 UTC 2019
202 ms. Memory: 58368K Free: 30383K (52%)
ptolemy.util.test.WatchDog.cancel(): canceling Fri Jul 12 18:12:48 UTC 2019
auto.tcl: Setting watchdog for 200 seconds at Fri Jul 12 18:12:48 UTC 2019
204 ms. Memory: 58368K Free: 33981K (58%)
ptolemy.util.test.WatchDog.cancel(): canceling Fri Jul 12 18:12:48 UTC 2019
------------------ testing $PTII/ptolemy/domains/de/test/auto/ModalSource.xml
auto.tcl: Setting watchdog for 200 seconds at Fri Jul 12 18:12:48 UTC 2019
9 ms. Memory: 55296K Free: 32225K (58%)
ptolemy.util.test.WatchDog.cancel(): canceling Fri Jul 12 18:12:48 UTC 2019
auto.tcl: Setting watchdog for 200 seconds at Fri Jul 12 18:12:48 UTC 2019
6 ms. Memory: 55296K Free: 30208K (55%)
ptolemy.util.test.WatchDog.cancel(): canceling Fri Jul 12 18:12:48 UTC 2019
------------------ testing $PTII/ptolemy/domains/de/test/auto/NonInterruptibleTimerZeroDelay.xml
auto.tcl: Setting watchdog for 200 seconds at Fri Jul 12 18:12:48 UTC 2019
3 ms. Memory: 48128K Free: 30466K (63%)
ptolemy.util.test.WatchDog.cancel(): canceling Fri Jul 12 18:12:48 UTC 2019
auto.tcl: Setting watchdog for 200 seconds at Fri Jul 12 18:12:48 UTC 2019
2 ms. Memory: 48128K Free: 29856K (62%)
ptolemy.util.test.WatchDog.cancel(): canceling Fri Jul 12 18:12:48 UTC 2019
------------------ testing $PTII/ptolemy/domains/de/test/auto/OpenQueueingNetwork.xml
auto.tcl: Setting watchdog for 200 seconds at Fri Jul 12 18:12:48 UTC 2019
3040 ms. Memory: 102400K Free: 81255K (79%)
ptolemy.util.test.WatchDog.cancel(): canceling Fri Jul 12 18:12:51 UTC 2019
auto.tcl: Setting watchdog for 200 seconds at Fri Jul 12 18:12:51 UTC 2019
2603 ms. Memory: 147456K Free: 92546K (63%)
ptolemy.util.test.WatchDog.cancel(): canceling Fri Jul 12 18:12:54 UTC 2019
------------------ testing $PTII/ptolemy/domains/de/test/auto/OpenQueuingNetwork.xml
auto.tcl: Setting watchdog for 200 seconds at Fri Jul 12 18:12:54 UTC 2019
275 ms. Memory: 51200K Free: 19165K (37%)
ptolemy.util.test.WatchDog.cancel(): canceling Fri Jul 12 18:12:54 UTC 2019
auto.tcl: Setting watchdog for 200 seconds at Fri Jul 12 18:12:54 UTC 2019
249 ms. Memory: 51200K Free: 25569K (50%)
ptolemy.util.test.WatchDog.cancel(): canceling Fri Jul 12 18:12:55 UTC 2019
------------------ testing $PTII/ptolemy/domains/de/test/auto/PeriodicSampler.xml
auto.tcl: Setting watchdog for 200 seconds at Fri Jul 12 18:12:55 UTC 2019
3 ms. Memory: 51200K Free: 32791K (64%)
ptolemy.util.test.WatchDog.cancel(): canceling Fri Jul 12 18:12:55 UTC 2019
auto.tcl: Setting watchdog for 200 seconds at Fri Jul 12 18:12:55 UTC 2019
2 ms. Memory: 51200K Free: 31849K (62%)
ptolemy.util.test.WatchDog.cancel(): canceling Fri Jul 12 18:12:55 UTC 2019
------------------ testing $PTII/ptolemy/domains/de/test/auto/PersistentIO.xml
auto.tcl: Setting watchdog for 200 seconds at Fri Jul 12 18:12:55 UTC 2019
5 ms. Memory: 51200K Free: 27724K (54%)
ptolemy.util.test.WatchDog.cancel(): canceling Fri Jul 12 18:12:55 UTC 2019
auto.tcl: Setting watchdog for 200 seconds at Fri Jul 12 18:12:55 UTC 2019
4 ms. Memory: 51200K Free: 26245K (51%)
ptolemy.util.test.WatchDog.cancel(): canceling Fri Jul 12 18:12:55 UTC 2019
------------------ testing $PTII/ptolemy/domains/de/test/auto/PortParameterResetOnInitialize.xml
auto.tcl: Setting watchdog for 200 seconds at Fri Jul 12 18:12:55 UTC 2019
2 ms. Memory: 48128K Free: 29627K (62%)
ptolemy.util.test.WatchDog.cancel(): canceling Fri Jul 12 18:12:55 UTC 2019
auto.tcl: Setting watchdog for 200 seconds at Fri Jul 12 18:12:55 UTC 2019
2 ms. Memory: 48128K Free: 29166K (61%)
ptolemy.util.test.WatchDog.cancel(): canceling Fri Jul 12 18:12:55 UTC 2019
------------------ testing $PTII/ptolemy/domains/de/test/auto/PortParameterUpdates.xml
auto.tcl: Setting watchdog for 200 seconds at Fri Jul 12 18:12:55 UTC 2019
6 ms. Memory: 48128K Free: 27726K (58%)
ptolemy.util.test.WatchDog.cancel(): canceling Fri Jul 12 18:12:55 UTC 2019
auto.tcl: Setting watchdog for 200 seconds at Fri Jul 12 18:12:55 UTC 2019
3 ms. Memory: 48128K Free: 26300K (55%)
ptolemy.util.test.WatchDog.cancel(): canceling Fri Jul 12 18:12:55 UTC 2019
------------------ testing $PTII/ptolemy/domains/de/test/auto/QueueAndServer.xml
auto.tcl: Setting watchdog for 200 seconds at Fri Jul 12 18:12:55 UTC 2019
19 ms. Memory: 48128K Free: 26666K (55%)
ptolemy.util.test.WatchDog.cancel(): canceling Fri Jul 12 18:12:55 UTC 2019
auto.tcl: Setting watchdog for 200 seconds at Fri Jul 12 18:12:55 UTC 2019
10 ms. Memory: 48128K Free: 25232K (52%)
ptolemy.util.test.WatchDog.cancel(): canceling Fri Jul 12 18:12:55 UTC 2019
------------------ testing $PTII/ptolemy/domains/de/test/auto/Records.xml
auto.tcl: Setting watchdog for 200 seconds at Fri Jul 12 18:12:55 UTC 2019
9 ms. Memory: 48128K Free: 29170K (61%)
ptolemy.util.test.WatchDog.cancel(): canceling Fri Jul 12 18:12:55 UTC 2019
auto.tcl: Setting watchdog for 200 seconds at Fri Jul 12 18:12:55 UTC 2019
2 ms. Memory: 48128K Free: 28708K (60%)
ptolemy.util.test.WatchDog.cancel(): canceling Fri Jul 12 18:12:55 UTC 2019
------------------ testing $PTII/ptolemy/domains/de/test/auto/ResetTransitionWithStartTime1.xml
auto.tcl: Setting watchdog for 200 seconds at Fri Jul 12 18:12:55 UTC 2019
6 ms. Memory: 48128K Free: 26289K (55%)
ptolemy.util.test.WatchDog.cancel(): canceling Fri Jul 12 18:12:55 UTC 2019
auto.tcl: Setting watchdog for 200 seconds at Fri Jul 12 18:12:55 UTC 2019
6 ms. Memory: 48128K Free: 23602K (49%)
ptolemy.util.test.WatchDog.cancel(): canceling Fri Jul 12 18:12:55 UTC 2019
------------------ testing $PTII/ptolemy/domains/de/test/auto/ResetTransitionWithStartTime2.xml
auto.tcl: Setting watchdog for 200 seconds at Fri Jul 12 18:12:55 UTC 2019
6 ms. Memory: 48128K Free: 26084K (54%)
ptolemy.util.test.WatchDog.cancel(): canceling Fri Jul 12 18:12:55 UTC 2019
auto.tcl: Setting watchdog for 200 seconds at Fri Jul 12 18:12:55 UTC 2019
5 ms. Memory: 48128K Free: 23587K (49%)
ptolemy.util.test.WatchDog.cancel(): canceling Fri Jul 12 18:12:55 UTC 2019
------------------ testing $PTII/ptolemy/domains/de/test/auto/ResetTransitionWithStartTime3.xml
auto.tcl: Setting watchdog for 200 seconds at Fri Jul 12 18:12:55 UTC 2019
9 ms. Memory: 48128K Free: 26082K (54%)
ptolemy.util.test.WatchDog.cancel(): canceling Fri Jul 12 18:12:55 UTC 2019
auto.tcl: Setting watchdog for 200 seconds at Fri Jul 12 18:12:55 UTC 2019
5 ms. Memory: 48128K Free: 23572K (49%)
ptolemy.util.test.WatchDog.cancel(): canceling Fri Jul 12 18:12:55 UTC 2019
------------------ testing $PTII/ptolemy/domains/de/test/auto/ResetTransitionWithStartTime4.xml
auto.tcl: Setting watchdog for 200 seconds at Fri Jul 12 18:12:55 UTC 2019
7 ms. Memory: 48128K Free: 26570K (55%)
ptolemy.util.test.WatchDog.cancel(): canceling Fri Jul 12 18:12:55 UTC 2019
auto.tcl: Setting watchdog for 200 seconds at Fri Jul 12 18:12:55 UTC 2019
3 ms. Memory: 48128K Free: 25155K (52%)
ptolemy.util.test.WatchDog.cancel(): canceling Fri Jul 12 18:12:55 UTC 2019
------------------ testing $PTII/ptolemy/domains/de/test/auto/ResettableTimer1.xml
auto.tcl: Setting watchdog for 200 seconds at Fri Jul 12 18:12:55 UTC 2019
3 ms. Memory: 48128K Free: 30587K (64%)
ptolemy.util.test.WatchDog.cancel(): canceling Fri Jul 12 18:12:55 UTC 2019
auto.tcl: Setting watchdog for 200 seconds at Fri Jul 12 18:12:55 UTC 2019
2 ms. Memory: 48128K Free: 29711K (62%)
ptolemy.util.test.WatchDog.cancel(): canceling Fri Jul 12 18:12:55 UTC 2019
------------------ testing $PTII/ptolemy/domains/de/test/auto/ResettableTimer2.xml
auto.tcl: Setting watchdog for 200 seconds at Fri Jul 12 18:12:55 UTC 2019
3 ms. Memory: 48128K Free: 30603K (64%)
ptolemy.util.test.WatchDog.cancel(): canceling Fri Jul 12 18:12:56 UTC 2019
auto.tcl: Setting watchdog for 200 seconds at Fri Jul 12 18:12:56 UTC 2019
2 ms. Memory: 48128K Free: 29754K (62%)
ptolemy.util.test.WatchDog.cancel(): canceling Fri Jul 12 18:12:56 UTC 2019
------------------ testing $PTII/ptolemy/domains/de/test/auto/ResettableTimer3.xml
auto.tcl: Setting watchdog for 200 seconds at Fri Jul 12 18:12:56 UTC 2019
3 ms. Memory: 48128K Free: 30265K (63%)
ptolemy.util.test.WatchDog.cancel(): canceling Fri Jul 12 18:12:56 UTC 2019
auto.tcl: Setting watchdog for 200 seconds at Fri Jul 12 18:12:56 UTC 2019
1 ms. Memory: 48128K Free: 30215K (63%)
ptolemy.util.test.WatchDog.cancel(): canceling Fri Jul 12 18:12:56 UTC 2019
------------------ testing $PTII/ptolemy/domains/de/test/auto/ResettableTimer4.xml
auto.tcl: Setting watchdog for 200 seconds at Fri Jul 12 18:12:56 UTC 2019
1 ms. Memory: 48128K Free: 30278K (63%)
ptolemy.util.test.WatchDog.cancel(): canceling Fri Jul 12 18:12:56 UTC 2019
auto.tcl: Setting watchdog for 200 seconds at Fri Jul 12 18:12:56 UTC 2019
2 ms. Memory: 48128K Free: 29780K (62%)
ptolemy.util.test.WatchDog.cancel(): canceling Fri Jul 12 18:12:56 UTC 2019
------------------ testing $PTII/ptolemy/domains/de/test/auto/ResettableTimer5.xml
auto.tcl: Setting watchdog for 200 seconds at Fri Jul 12 18:12:56 UTC 2019
2 ms. Memory: 48128K Free: 29682K (62%)
ptolemy.util.test.WatchDog.cancel(): canceling Fri Jul 12 18:12:56 UTC 2019
auto.tcl: Setting watchdog for 200 seconds at Fri Jul 12 18:12:56 UTC 2019
1 ms. Memory: 48128K Free: 29220K (61%)
ptolemy.util.test.WatchDog.cancel(): canceling Fri Jul 12 18:12:56 UTC 2019
------------------ testing $PTII/ptolemy/domains/de/test/auto/ResettableTimer6.xml
auto.tcl: Setting watchdog for 200 seconds at Fri Jul 12 18:12:56 UTC 2019
4 ms. Memory: 48128K Free: 29689K (62%)
ptolemy.util.test.WatchDog.cancel(): canceling Fri Jul 12 18:12:56 UTC 2019
auto.tcl: Setting watchdog for 200 seconds at Fri Jul 12 18:12:56 UTC 2019
1 ms. Memory: 48128K Free: 29193K (61%)
ptolemy.util.test.WatchDog.cancel(): canceling Fri Jul 12 18:12:56 UTC 2019
------------------ testing $PTII/ptolemy/domains/de/test/auto/ServerZeroDelay.xml
auto.tcl: Setting watchdog for 200 seconds at Fri Jul 12 18:12:56 UTC 2019
6 ms. Memory: 48128K Free: 30208K (63%)
ptolemy.util.test.WatchDog.cancel(): canceling Fri Jul 12 18:12:56 UTC 2019
auto.tcl: Setting watchdog for 200 seconds at Fri Jul 12 18:12:56 UTC 2019
2 ms. Memory: 48128K Free: 29276K (61%)
ptolemy.util.test.WatchDog.cancel(): canceling Fri Jul 12 18:12:56 UTC 2019
------------------ testing $PTII/ptolemy/domains/de/test/auto/SmartSender.xml
auto.tcl: Setting watchdog for 200 seconds at Fri Jul 12 18:12:56 UTC 2019
3001 ms. Memory: 48128K Free: 30237K (63%)
ptolemy.util.test.WatchDog.cancel(): canceling Fri Jul 12 18:12:59 UTC 2019
auto.tcl: Setting watchdog for 200 seconds at Fri Jul 12 18:12:59 UTC 2019
3001 ms. Memory: 48128K Free: 29741K (62%)
ptolemy.util.test.WatchDog.cancel(): canceling Fri Jul 12 18:13:02 UTC 2019
------------------ testing $PTII/ptolemy/domains/de/test/auto/ThreadedComposite.xml
auto.tcl: Setting watchdog for 200 seconds at Fri Jul 12 18:13:02 UTC 2019
204 ms. Memory: 48128K Free: 10761K (22%)
ptolemy.util.test.WatchDog.cancel(): canceling Fri Jul 12 18:13:02 UTC 2019
auto.tcl: Setting watchdog for 200 seconds at Fri Jul 12 18:13:02 UTC 2019
148 ms. Memory: 48128K Free: 22725K (47%)
ptolemy.util.test.WatchDog.cancel(): canceling Fri Jul 12 18:13:02 UTC 2019
------------------ testing $PTII/ptolemy/domains/de/test/auto/Time.xml
auto.tcl: Setting watchdog for 200 seconds at Fri Jul 12 18:13:02 UTC 2019
523 ms. Memory: 48128K Free: 32031K (67%)
ptolemy.util.test.WatchDog.cancel(): canceling Fri Jul 12 18:13:03 UTC 2019
auto.tcl: Setting watchdog for 200 seconds at Fri Jul 12 18:13:03 UTC 2019
471 ms. Memory: 48128K Free: 33072K (69%)
ptolemy.util.test.WatchDog.cancel(): canceling Fri Jul 12 18:13:03 UTC 2019
------------------ testing $PTII/ptolemy/domains/de/test/auto/TimeDelayZeroDelay.xml
auto.tcl: Setting watchdog for 200 seconds at Fri Jul 12 18:13:03 UTC 2019
2 ms. Memory: 48128K Free: 30627K (64%)
ptolemy.util.test.WatchDog.cancel(): canceling Fri Jul 12 18:13:03 UTC 2019
auto.tcl: Setting watchdog for 200 seconds at Fri Jul 12 18:13:03 UTC 2019
2 ms. Memory: 48128K Free: 30131K (63%)
ptolemy.util.test.WatchDog.cancel(): canceling Fri Jul 12 18:13:03 UTC 2019
------------------ testing $PTII/ptolemy/domains/de/test/auto/TimerZeroDelay.xml
auto.tcl: Setting watchdog for 200 seconds at Fri Jul 12 18:13:04 UTC 2019
3 ms. Memory: 48128K Free: 30642K (64%)
ptolemy.util.test.WatchDog.cancel(): canceling Fri Jul 12 18:13:04 UTC 2019
auto.tcl: Setting watchdog for 200 seconds at Fri Jul 12 18:13:04 UTC 2019
2 ms. Memory: 48128K Free: 30188K (63%)
ptolemy.util.test.WatchDog.cancel(): canceling Fri Jul 12 18:13:04 UTC 2019
------------------ testing $PTII/ptolemy/domains/de/test/auto/TimingParadox.xml
auto.tcl: Setting watchdog for 200 seconds at Fri Jul 12 18:13:04 UTC 2019
343 ms. Memory: 48128K Free: 14247K (30%)
ptolemy.util.test.WatchDog.cancel(): canceling Fri Jul 12 18:13:04 UTC 2019
auto.tcl: Setting watchdog for 200 seconds at Fri Jul 12 18:13:04 UTC 2019
342 ms. Memory: 58368K Free: 13641K (23%)
ptolemy.util.test.WatchDog.cancel(): canceling Fri Jul 12 18:13:04 UTC 2019
------------------ testing $PTII/ptolemy/domains/de/test/auto/TransferInputs.xml
auto.tcl: Setting watchdog for 200 seconds at Fri Jul 12 18:13:04 UTC 2019
1 ms. Memory: 51200K Free: 31728K (62%)
ptolemy.util.test.WatchDog.cancel(): canceling Fri Jul 12 18:13:04 UTC 2019
auto.tcl: Setting watchdog for 200 seconds at Fri Jul 12 18:13:04 UTC 2019
2 ms. Memory: 51200K Free: 30819K (60%)
ptolemy.util.test.WatchDog.cancel(): canceling Fri Jul 12 18:13:04 UTC 2019
------------------ testing $PTII/ptolemy/domains/de/test/auto/TransferOutputs2.xml
auto.tcl: Setting watchdog for 200 seconds at Fri Jul 12 18:13:05 UTC 2019
11 ms. Memory: 48128K Free: 26084K (54%)
ptolemy.util.test.WatchDog.cancel(): canceling Fri Jul 12 18:13:05 UTC 2019
auto.tcl: Setting watchdog for 200 seconds at Fri Jul 12 18:13:05 UTC 2019
3 ms. Memory: 48128K Free: 24688K (51%)
ptolemy.util.test.WatchDog.cancel(): canceling Fri Jul 12 18:13:05 UTC 2019
------------------ testing $PTII/ptolemy/domains/de/test/auto/Trilateration.xml
auto.tcl: Setting watchdog for 200 seconds at Fri Jul 12 18:13:05 UTC 2019
13404 ms. Memory: 436224K Free: 344045K (79%)
ptolemy.util.test.WatchDog.cancel(): canceling Fri Jul 12 18:13:19 UTC 2019
auto.tcl: Setting watchdog for 200 seconds at Fri Jul 12 18:13:19 UTC 2019
11093 ms. Memory: 436224K Free: 288380K (66%)
ptolemy.util.test.WatchDog.cancel(): canceling Fri Jul 12 18:13:30 UTC 2019
------------------ testing $PTII/ptolemy/domains/de/test/auto/TwoSigmaDelta.xml
auto.tcl: Setting watchdog for 200 seconds at Fri Jul 12 18:13:30 UTC 2019
2881 ms. Memory: 89088K Free: 17551K (20%)
ptolemy.util.test.WatchDog.cancel(): canceling Fri Jul 12 18:13:33 UTC 2019
auto.tcl: Setting watchdog for 200 seconds at Fri Jul 12 18:13:33 UTC 2019
2231 ms. Memory: 89088K Free: 60585K (68%)
ptolemy.util.test.WatchDog.cancel(): canceling Fri Jul 12 18:13:36 UTC 2019
------------------ testing $PTII/ptolemy/domains/de/test/auto/VariableDelay.xml
auto.tcl: Setting watchdog for 200 seconds at Fri Jul 12 18:13:36 UTC 2019
3 ms. Memory: 51200K Free: 32208K (63%)
ptolemy.util.test.WatchDog.cancel(): canceling Fri Jul 12 18:13:36 UTC 2019
auto.tcl: Setting watchdog for 200 seconds at Fri Jul 12 18:13:36 UTC 2019
2 ms. Memory: 51200K Free: 31192K (61%)
ptolemy.util.test.WatchDog.cancel(): canceling Fri Jul 12 18:13:36 UTC 2019
------------------ testing $PTII/ptolemy/domains/de/test/auto/VariableDelay2.xml
auto.tcl: Setting watchdog for 200 seconds at Fri Jul 12 18:13:36 UTC 2019
2 ms. Memory: 51200K Free: 32140K (63%)
ptolemy.util.test.WatchDog.cancel(): canceling Fri Jul 12 18:13:36 UTC 2019
auto.tcl: Setting watchdog for 200 seconds at Fri Jul 12 18:13:36 UTC 2019
2 ms. Memory: 51200K Free: 31636K (62%)
ptolemy.util.test.WatchDog.cancel(): canceling Fri Jul 12 18:13:36 UTC 2019
------------------ testing $PTII/ptolemy/domains/de/test/auto/VariableDelayZeroDelay.xml
auto.tcl: Setting watchdog for 200 seconds at Fri Jul 12 18:13:36 UTC 2019
2 ms. Memory: 51200K Free: 32658K (64%)
ptolemy.util.test.WatchDog.cancel(): canceling Fri Jul 12 18:13:36 UTC 2019
auto.tcl: Setting watchdog for 200 seconds at Fri Jul 12 18:13:36 UTC 2019
2 ms. Memory: 51200K Free: 32130K (63%)
ptolemy.util.test.WatchDog.cancel(): canceling Fri Jul 12 18:13:36 UTC 2019
------------------ testing $PTII/ptolemy/domains/de/test/auto/VariableDelayZeroDelay2.xml
auto.tcl: Setting watchdog for 200 seconds at Fri Jul 12 18:13:36 UTC 2019
2 ms. Memory: 51200K Free: 32658K (64%)
ptolemy.util.test.WatchDog.cancel(): canceling Fri Jul 12 18:13:36 UTC 2019
auto.tcl: Setting watchdog for 200 seconds at Fri Jul 12 18:13:36 UTC 2019
2 ms. Memory: 51200K Free: 31634K (62%)
ptolemy.util.test.WatchDog.cancel(): canceling Fri Jul 12 18:13:36 UTC 2019
------------------ testing $PTII/ptolemy/domains/de/test/auto/deInCt.xml
auto.tcl: Setting watchdog for 200 seconds at Fri Jul 12 18:13:36 UTC 2019
0
1
1
1
1
0
0
0
0
0
0
0
0
0
1
1
1
0
0
0
0
11 ms. Memory: 51200K Free: 31631K (62%)
ptolemy.util.test.WatchDog.cancel(): canceling Fri Jul 12 18:13:36 UTC 2019
auto.tcl: Setting watchdog for 200 seconds at Fri Jul 12 18:13:36 UTC 2019
0
1
1
1
0
0
0
1
1
1
1
1
0
0
0
0
1
1
1
0
0
0
0
1
1
1
0
0
0
1
1
1
0
0
0
1
1
1
0
0
0
6 ms. Memory: 51200K Free: 30092K (59%)
ptolemy.util.test.WatchDog.cancel(): canceling Fri Jul 12 18:13:36 UTC 2019
------------------ testing $PTII/ptolemy/domains/de/test/auto/deInCt2.xml
auto.tcl: Setting watchdog for 200 seconds at Fri Jul 12 18:13:36 UTC 2019
0
1
1
1
0
0
1
1
1
0
0
1
1
1
0
0
1
1
1
0
0
1
1
1
0
0
1
1
1
0
0
1
1
1
0
0
1
1
1
0
0
0
14 ms. Memory: 51200K Free: 31633K (62%)
ptolemy.util.test.WatchDog.cancel(): canceling Fri Jul 12 18:13:36 UTC 2019
auto.tcl: Setting watchdog for 200 seconds at Fri Jul 12 18:13:36 UTC 2019
0
1
1
1
0
0
1
1
1
0
0
1
1
1
0
0
1
1
1
0
0
1
1
1
0
0
1
1
1
0
0
1
1
1
0
0
1
1
1
0
0
0
9 ms. Memory: 51200K Free: 30081K (59%)
ptolemy.util.test.WatchDog.cancel(): canceling Fri Jul 12 18:13:36 UTC 2019
------------------ testing $PTII/ptolemy/domains/de/test/auto/dynamicCausalityInterface1.xml
auto.tcl: Setting watchdog for 200 seconds at Fri Jul 12 18:13:36 UTC 2019
2 ms. Memory: 51200K Free: 27532K (54%)
ptolemy.util.test.WatchDog.cancel(): canceling Fri Jul 12 18:13:36 UTC 2019
auto.tcl: Setting watchdog for 200 seconds at Fri Jul 12 18:13:36 UTC 2019
1 ms. Memory: 51200K Free: 27018K (53%)
ptolemy.util.test.WatchDog.cancel(): canceling Fri Jul 12 18:13:36 UTC 2019
------------------ testing $PTII/ptolemy/domains/de/test/auto/fsm_de_test.xml
auto.tcl: Setting watchdog for 200 seconds at Fri Jul 12 18:13:36 UTC 2019
7 ms. Memory: 51200K Free: 27430K (54%)
ptolemy.util.test.WatchDog.cancel(): canceling Fri Jul 12 18:13:36 UTC 2019
auto.tcl: Setting watchdog for 200 seconds at Fri Jul 12 18:13:36 UTC 2019
5 ms. Memory: 51200K Free: 25382K (50%)
ptolemy.util.test.WatchDog.cancel(): canceling Fri Jul 12 18:13:36 UTC 2019
------------------ testing $PTII/ptolemy/domains/de/test/auto/functionDependencyReconstruction.xml
auto.tcl: Setting watchdog for 200 seconds at Fri Jul 12 18:13:36 UTC 2019
2 ms. Memory: 51200K Free: 21399K (42%)
ptolemy.util.test.WatchDog.cancel(): canceling Fri Jul 12 18:13:36 UTC 2019
auto.tcl: Setting watchdog for 200 seconds at Fri Jul 12 18:13:36 UTC 2019
4 ms. Memory: 51200K Free: 19228K (38%)
ptolemy.util.test.WatchDog.cancel(): canceling Fri Jul 12 18:13:36 UTC 2019
------------------ testing $PTII/ptolemy/domains/de/test/auto/multirate.xml
auto.tcl: Setting watchdog for 200 seconds at Fri Jul 12 18:13:36 UTC 2019
3 ms. Memory: 51200K Free: 30070K (59%)
ptolemy.util.test.WatchDog.cancel(): canceling Fri Jul 12 18:13:36 UTC 2019
auto.tcl: Setting watchdog for 200 seconds at Fri Jul 12 18:13:36 UTC 2019
2 ms. Memory: 51200K Free: 28353K (55%)
ptolemy.util.test.WatchDog.cancel(): canceling Fri Jul 12 18:13:36 UTC 2019
------------------ testing $PTII/ptolemy/domains/de/test/auto/multirate2.xml
auto.tcl: Setting watchdog for 200 seconds at Fri Jul 12 18:13:37 UTC 2019
3 ms. Memory: 51200K Free: 30026K (59%)
ptolemy.util.test.WatchDog.cancel(): canceling Fri Jul 12 18:13:37 UTC 2019
auto.tcl: Setting watchdog for 200 seconds at Fri Jul 12 18:13:37 UTC 2019
3 ms. Memory: 51200K Free: 28506K (56%)
ptolemy.util.test.WatchDog.cancel(): canceling Fri Jul 12 18:13:37 UTC 2019
------------------ testing $PTII/ptolemy/domains/de/test/auto/realtime.xml
auto.tcl: Setting watchdog for 200 seconds at Fri Jul 12 18:13:37 UTC 2019
10002 ms. Memory: 51200K Free: 32302K (63%)
ptolemy.util.test.WatchDog.cancel(): canceling Fri Jul 12 18:13:47 UTC 2019
auto.tcl: Setting watchdog for 200 seconds at Fri Jul 12 18:13:47 UTC 2019
10001 ms. Memory: 51200K Free: 31758K (62%)
ptolemy.util.test.WatchDog.cancel(): canceling Fri Jul 12 18:13:57 UTC 2019
------------------ testing $PTII/ptolemy/domains/de/test/auto/relationGroup.xml
auto.tcl: Setting watchdog for 200 seconds at Fri Jul 12 18:13:57 UTC 2019
2 ms. Memory: 51200K Free: 33351K (65%)
ptolemy.util.test.WatchDog.cancel(): canceling Fri Jul 12 18:13:57 UTC 2019
auto.tcl: Setting watchdog for 200 seconds at Fri Jul 12 18:13:57 UTC 2019
1 ms. Memory: 51200K Free: 32839K (64%)
ptolemy.util.test.WatchDog.cancel(): canceling Fri Jul 12 18:13:57 UTC 2019
------------------ testing $PTII/ptolemy/domains/de/test/auto/relationGroup2.xml
auto.tcl: Setting watchdog for 200 seconds at Fri Jul 12 18:13:57 UTC 2019
4 ms. Memory: 51200K Free: 33377K (65%)
ptolemy.util.test.WatchDog.cancel(): canceling Fri Jul 12 18:13:57 UTC 2019
auto.tcl: Setting watchdog for 200 seconds at Fri Jul 12 18:13:57 UTC 2019
2 ms. Memory: 51200K Free: 32833K (64%)
ptolemy.util.test.WatchDog.cancel(): canceling Fri Jul 12 18:13:57 UTC 2019
------------------ testing $PTII/ptolemy/domains/de/test/auto/sortWithOpaquePorts.xml
auto.tcl: Setting watchdog for 200 seconds at Fri Jul 12 18:13:57 UTC 2019
2 ms. Memory: 51200K Free: 32156K (63%)
ptolemy.util.test.WatchDog.cancel(): canceling Fri Jul 12 18:13:57 UTC 2019
auto.tcl: Setting watchdog for 200 seconds at Fri Jul 12 18:13:57 UTC 2019
2 ms. Memory: 51200K Free: 31132K (61%)
ptolemy.util.test.WatchDog.cancel(): canceling Fri Jul 12 18:13:57 UTC 2019
------------------ testing $PTII/ptolemy/domains/de/test/auto/transferInputsandOutputs.xml
auto.tcl: Setting watchdog for 200 seconds at Fri Jul 12 18:13:57 UTC 2019
5 ms. Memory: 51200K Free: 29599K (58%)
ptolemy.util.test.WatchDog.cancel(): canceling Fri Jul 12 18:13:57 UTC 2019
auto.tcl: Setting watchdog for 200 seconds at Fri Jul 12 18:13:57 UTC 2019
3 ms. Memory: 51200K Free: 28575K (56%)
ptolemy.util.test.WatchDog.cancel(): canceling Fri Jul 12 18:13:57 UTC 2019
------------------ testing $PTII/ptolemy/domains/de/test/auto/triggerType.xml
auto.tcl: Setting watchdog for 200 seconds at Fri Jul 12 18:13:57 UTC 2019
2 ms. Memory: 51200K Free: 32625K (64%)
ptolemy.util.test.WatchDog.cancel(): canceling Fri Jul 12 18:13:57 UTC 2019
auto.tcl: Setting watchdog for 200 seconds at Fri Jul 12 18:13:57 UTC 2019
1 ms. Memory: 51200K Free: 31601K (62%)
ptolemy.util.test.WatchDog.cancel(): canceling Fri Jul 12 18:13:57 UTC 2019
07/12/19 06:13:57
Failed: 0  Total Tests: 192  ((Passed: 187, Newly Passed: 1)  Known Failed: 5) /home/travis/build/icyphy/ptII/ptolemy/domains/de/test
07/12/19 06:13:57
Failed: 0  Total Tests: 192  ((Passed: 187, Newly Passed: 1)  Known Failed: 5) /home/travis/build/icyphy/ptII/ptolemy/domains/de/test
----------------- testing (KnownFailure) /home/travis/build/icyphy/ptII/ptolemy/domains/de/test/auto/knownFailedTests/DESDFClockTest.xml
2012 ms. Memory: 51200K Free: 25509K (50%)
Known Failure: java.lang.reflect.InvocationTargetException
----------------- testing (KnownFailure) /home/travis/build/icyphy/ptII/ptolemy/domains/de/test/auto/knownFailedTests/DirectFeedback.xml
5 ms. Memory: 51200K Free: 21413K (42%)
Known Failure: java.lang.reflect.InvocationTargetException
----------------- testing (KnownFailure) /home/travis/build/icyphy/ptII/ptolemy/domains/de/test/auto/knownFailedTests/FSMSource.xml
12 ms. Memory: 51200K Free: 14245K (28%)
----------------- testing (KnownFailure) /home/travis/build/icyphy/ptII/ptolemy/domains/de/test/auto/knownFailedTests/HierarchicalModel.xml
3 ms. Memory: 51200K Free: 27479K (54%)
Known Failure: java.lang.reflect.InvocationTargetException
----------------- testing (KnownFailure) /home/travis/build/icyphy/ptII/ptolemy/domains/de/test/auto/knownFailedTests/dependencyLoop.xml
3 ms. Memory: 51200K Free: 12143K (24%)
Known Failure: java.lang.reflect.InvocationTargetException
----------------- testing (KnownFailure) /home/travis/build/icyphy/ptII/ptolemy/domains/de/test/auto/knownFailedTests/dependencyLoop2.xml
2 ms. Memory: 51200K Free: 26043K (51%)
Known Failure: java.lang.reflect.InvocationTargetException
No auto/linux-amd64/*.xml tests in /home/travis/build/icyphy/ptII/ptolemy/domains/de/test
AutoTests.java: About to close Vertx.
AutoTests.java: Vertx closed.

===========================================================================================
----------------- testing Fri Jul 12 18:13:59 UTC 2019 /home/travis/build/icyphy/ptII/ptolemy/domains/de/test/auto/ActorDepthCalculation_actorWithoutPorts.xml
----------------- Instantiating /home/travis/build/icyphy/ptII/ptolemy/domains/de/test/auto/ActorDepthCalculation_actorWithoutPorts.xml
2 ms. Memory: 51200K Free: 19229K (38%)
----------------- Invoking toplevel() on ptolemy.moml.MoMLSimpleApplication@e046641
----------------- Done invoking toplevel() on ptolemy.moml.MoMLSimpleApplication@e046641
reloadAllAccessors: .ActorDepthCalculation_actorWithoutPorts

===========================================================================================
----------------- testing Fri Jul 12 18:13:59 UTC 2019 /home/travis/build/icyphy/ptII/ptolemy/domains/de/test/auto/AssemblyLine.xml
----------------- Instantiating /home/travis/build/icyphy/ptII/ptolemy/domains/de/test/auto/AssemblyLine.xml
3 ms. Memory: 51200K Free: 12125K (24%)
----------------- Invoking toplevel() on ptolemy.moml.MoMLSimpleApplication@62d48d1b
----------------- Done invoking toplevel() on ptolemy.moml.MoMLSimpleApplication@62d48d1b
reloadAllAccessors: .AssemblyLine

===========================================================================================
----------------- testing Fri Jul 12 18:14:00 UTC 2019 /home/travis/build/icyphy/ptII/ptolemy/domains/de/test/auto/CQBug1.xml
----------------- Instantiating /home/travis/build/icyphy/ptII/ptolemy/domains/de/test/auto/CQBug1.xml
1 ms. Memory: 51200K Free: 9370K (18%)
----------------- Invoking toplevel() on ptolemy.moml.MoMLSimpleApplication@4c797da7
----------------- Done invoking toplevel() on ptolemy.moml.MoMLSimpleApplication@4c797da7
reloadAllAccessors: .CQBug1

===========================================================================================
----------------- testing Fri Jul 12 18:14:00 UTC 2019 /home/travis/build/icyphy/ptII/ptolemy/domains/de/test/auto/CancelFireAt.xml
----------------- Instantiating /home/travis/build/icyphy/ptII/ptolemy/domains/de/test/auto/CancelFireAt.xml
1 ms. Memory: 51200K Free: 35679K (70%)
----------------- Invoking toplevel() on ptolemy.moml.MoMLSimpleApplication@419c4593
----------------- Done invoking toplevel() on ptolemy.moml.MoMLSimpleApplication@419c4593
reloadAllAccessors: .CancelFireAt

===========================================================================================
----------------- testing Fri Jul 12 18:14:00 UTC 2019 /home/travis/build/icyphy/ptII/ptolemy/domains/de/test/auto/CausalityAndComposabilityAnalysis.xml
----------------- Instantiating /home/travis/build/icyphy/ptII/ptolemy/domains/de/test/auto/CausalityAndComposabilityAnalysis.xml
2 ms. Memory: 51200K Free: 31454K (61%)
----------------- Invoking toplevel() on ptolemy.moml.MoMLSimpleApplication@78174e82
----------------- Done invoking toplevel() on ptolemy.moml.MoMLSimpleApplication@78174e82
reloadAllAccessors: .CausalityAndComposabilityAnalysis

===========================================================================================
----------------- testing Fri Jul 12 18:14:00 UTC 2019 /home/travis/build/icyphy/ptII/ptolemy/domains/de/test/auto/CausalityInterface1.xml
----------------- Instantiating /home/travis/build/icyphy/ptII/ptolemy/domains/de/test/auto/CausalityInterface1.xml
6 ms. Memory: 51200K Free: 26303K (51%)
----------------- Invoking toplevel() on ptolemy.moml.MoMLSimpleApplication@27a7bb0d
----------------- Done invoking toplevel() on ptolemy.moml.MoMLSimpleApplication@27a7bb0d
reloadAllAccessors: .CausalityInterface1

===========================================================================================
----------------- testing Fri Jul 12 18:14:00 UTC 2019 /home/travis/build/icyphy/ptII/ptolemy/domains/de/test/auto/CausalityInterface15.xml
----------------- Instantiating /home/travis/build/icyphy/ptII/ptolemy/domains/de/test/auto/CausalityInterface15.xml
2 ms. Memory: 51200K Free: 20748K (41%)
----------------- Invoking toplevel() on ptolemy.moml.MoMLSimpleApplication@7eb10206
----------------- Done invoking toplevel() on ptolemy.moml.MoMLSimpleApplication@7eb10206
reloadAllAccessors: .CausalityInterface15

===========================================================================================
----------------- testing Fri Jul 12 18:14:00 UTC 2019 /home/travis/build/icyphy/ptII/ptolemy/domains/de/test/auto/CausalityInterface2.xml
----------------- Instantiating /home/travis/build/icyphy/ptII/ptolemy/domains/de/test/auto/CausalityInterface2.xml
3 ms. Memory: 51200K Free: 16109K (31%)
[...]
	at ptolemy.actor.Manager.run(Manager.java:1263)
	at ptolemy.actor.Manager$PtolemyRunThread.run(Manager.java:1915)
java.lang.RuntimeException: Execution failed
	at ptolemy.moml.MoMLSimpleApplication$UnloadThread.run(MoMLSimpleApplication.java:402)
Caused by: ptolemy.kernel.util.IllegalActionException: Actor is not ready to fire.  Perhaps UpSample.prefire() returned false? Try debugging the actor by selecting "Listen to Actor".  Also, for SDF check moml for tokenConsumptionRate on input.
  in .DESDFClockTest.Play Bell.Copy1:SDF Director and .DESDFClockTest.Play Bell.UpSample
	at ptolemy.actor.sched.StaticSchedulingDirector.fire(StaticSchedulingDirector.java:227)
	at ptolemy.domains.sdf.kernel.SDFDirector.fire(SDFDirector.java:500)
	at ptolemy.actor.CompositeActor.fire(CompositeActor.java:455)
	at ptolemy.domains.de.kernel.DEDirector._fire(DEDirector.java:1949)
	at ptolemy.domains.de.kernel.DEDirector.fire(DEDirector.java:502)
	at ptolemy.actor.CompositeActor.fire(CompositeActor.java:455)
	at ptolemy.actor.Manager.iterate(Manager.java:851)
	at ptolemy.actor.Manager.execute(Manager.java:369)
	at ptolemy.actor.Manager.run(Manager.java:1263)
	at ptolemy.actor.Manager$PtolemyRunThread.run(Manager.java:1915)
java.lang.reflect.InvocationTargetException
	at java.base/jdk.internal.reflect.NativeConstructorAccessorImpl.newInstance0(Native Method)
	at java.base/jdk.internal.reflect.NativeConstructorAccessorImpl.newInstance(NativeConstructorAccessorImpl.java:62)
	at java.base/jdk.internal.reflect.DelegatingConstructorAccessorImpl.newInstance(DelegatingConstructorAccessorImpl.java:45)
	at java.base/java.lang.reflect.Constructor.newInstance(Constructor.java:490)
	at ptolemy.util.test.junit.AutoKnownFailedTests.RunModel(AutoKnownFailedTests.java:105)
	at java.base/jdk.internal.reflect.NativeMethodAccessorImpl.invoke0(Native Method)
	at java.base/jdk.internal.reflect.NativeMethodAccessorImpl.invoke(NativeMethodAccessorImpl.java:62)
	at java.base/jdk.internal.reflect.DelegatingMethodAccessorImpl.invoke(DelegatingMethodAccessorImpl.java:43)
	at java.base/java.lang.reflect.Method.invoke(Method.java:566)
	at org.junit.runners.model.FrameworkMethod$1.runReflectiveCall(FrameworkMethod.java:44)
	at org.junit.internal.runners.model.ReflectiveCallable.run(ReflectiveCallable.java:15)
	at org.junit.runners.model.FrameworkMethod.invokeExplosively(FrameworkMethod.java:41)
	at junitparams.internal.InvokeParameterisedMethod.evaluate(InvokeParameterisedMethod.java:102)
	at org.junit.internal.runners.statements.FailOnTimeout$1.run(FailOnTimeout.java:28)
Caused by: ptolemy.kernel.util.IllegalActionException: Actor is not ready to fire.  Perhaps UpSample.prefire() returned false? Try debugging the actor by selecting "Listen to Actor".  Also, for SDF check moml for tokenConsumptionRate on input.
  in .DESDFClockTest.Play Bell.Copy1:SDF Director and .DESDFClockTest.Play Bell.UpSample
	at ptolemy.actor.sched.StaticSchedulingDirector.fire(StaticSchedulingDirector.java:227)
	at ptolemy.domains.sdf.kernel.SDFDirector.fire(SDFDirector.java:500)
	at ptolemy.actor.CompositeActor.fire(CompositeActor.java:455)
	at ptolemy.domains.de.kernel.DEDirector._fire(DEDirector.java:1949)
	at ptolemy.domains.de.kernel.DEDirector.fire(DEDirector.java:502)
	at ptolemy.actor.CompositeActor.fire(CompositeActor.java:455)
	at ptolemy.actor.Manager.iterate(Manager.java:851)
	at ptolemy.actor.Manager.execute(Manager.java:369)
	at ptolemy.actor.Manager.run(Manager.java:1263)
	at ptolemy.actor.Manager$PtolemyRunThread.run(Manager.java:1915)
java.lang.RuntimeException: Execution failed
	at ptolemy.moml.MoMLSimpleApplication$UnloadThread.run(MoMLSimpleApplication.java:402)
Caused by: ptolemy.kernel.util.IllegalActionException: Test fails in iteration 1.
Value was: 1.0. Should have been: 2.0
  in .DirectFeedback.Test
	at ptolemy.actor.lib.Test.fire(Test.java:268)
	at ptolemy.domains.de.kernel.DEDirector._fire(DEDirector.java:1949)
	at ptolemy.domains.de.kernel.DEDirector.fire(DEDirector.java:502)
	at ptolemy.actor.CompositeActor.fire(CompositeActor.java:455)
	at ptolemy.actor.Manager.iterate(Manager.java:851)
	at ptolemy.actor.Manager.execute(Manager.java:369)
	at ptolemy.actor.Manager.run(Manager.java:1263)
	at ptolemy.actor.Manager$PtolemyRunThread.run(Manager.java:1915)
java.lang.reflect.InvocationTargetException
	at java.base/jdk.internal.reflect.NativeConstructorAccessorImpl.newInstance0(Native Method)
	at java.base/jdk.internal.reflect.NativeConstructorAccessorImpl.newInstance(NativeConstructorAccessorImpl.java:62)
	at java.base/jdk.internal.reflect.DelegatingConstructorAccessorImpl.newInstance(DelegatingConstructorAccessorImpl.java:45)
	at java.base/java.lang.reflect.Constructor.newInstance(Constructor.java:490)
	at ptolemy.util.test.junit.AutoKnownFailedTests.RunModel(AutoKnownFailedTests.java:105)
	at java.base/jdk.internal.reflect.NativeMethodAccessorImpl.invoke0(Native Method)
	at java.base/jdk.internal.reflect.NativeMethodAccessorImpl.invoke(NativeMethodAccessorImpl.java:62)
	at java.base/jdk.internal.reflect.DelegatingMethodAccessorImpl.invoke(DelegatingMethodAccessorImpl.java:43)
	at java.base/java.lang.reflect.Method.invoke(Method.java:566)
	at org.junit.runners.model.FrameworkMethod$1.runReflectiveCall(FrameworkMethod.java:44)
	at org.junit.internal.runners.model.ReflectiveCallable.run(ReflectiveCallable.java:15)
	at org.junit.runners.model.FrameworkMethod.invokeExplosively(FrameworkMethod.java:41)
	at junitparams.internal.InvokeParameterisedMethod.evaluate(InvokeParameterisedMethod.java:102)
	at org.junit.internal.runners.statements.FailOnTimeout$1.run(FailOnTimeout.java:28)
Caused by: ptolemy.kernel.util.IllegalActionException: Test fails in iteration 1.
Value was: 1.0. Should have been: 2.0
  in .DirectFeedback.Test
	at ptolemy.actor.lib.Test.fire(Test.java:268)
	at ptolemy.domains.de.kernel.DEDirector._fire(DEDirector.java:1949)
	at ptolemy.domains.de.kernel.DEDirector.fire(DEDirector.java:502)
	at ptolemy.actor.CompositeActor.fire(CompositeActor.java:455)
	at ptolemy.actor.Manager.iterate(Manager.java:851)
	at ptolemy.actor.Manager.execute(Manager.java:369)
	at ptolemy.actor.Manager.run(Manager.java:1263)
	at ptolemy.actor.Manager$PtolemyRunThread.run(Manager.java:1915)
java.lang.RuntimeException: Execution failed
	at ptolemy.moml.MoMLSimpleApplication$UnloadThread.run(MoMLSimpleApplication.java:402)
Caused by: ptolemy.kernel.util.IllegalActionException: Found a zero delay loop containing .HierarchicalModel.A
  in .HierarchicalModel and .HierarchicalModel.A
	at ptolemy.actor.util.CausalityInterfaceForComposites._computeOutputPortDepth(CausalityInterfaceForComposites.java:759)
	at ptolemy.actor.util.CausalityInterfaceForComposites._computeInputDepth(CausalityInterfaceForComposites.java:696)
	at ptolemy.actor.util.CausalityInterfaceForComposites._computeOutputPortDepth(CausalityInterfaceForComposites.java:765)
	at ptolemy.actor.util.CausalityInterfaceForComposites._computeInputDepth(CausalityInterfaceForComposites.java:696)
	at ptolemy.actor.util.CausalityInterfaceForComposites._computeOutputPortDepth(CausalityInterfaceForComposites.java:765)
	at ptolemy.actor.util.CausalityInterfaceForComposites._computeInputDepth(CausalityInterfaceForComposites.java:696)
	at ptolemy.actor.util.CausalityInterfaceForComposites._computeActorDepth(CausalityInterfaceForComposites.java:532)
	at ptolemy.actor.util.CausalityInterfaceForComposites.checkForCycles(CausalityInterfaceForComposites.java:96)
	at ptolemy.domains.de.kernel.DEDirector.preinitialize(DEDirector.java:1338)
	at ptolemy.actor.CompositeActor.preinitialize(CompositeActor.java:1828)
	at ptolemy.actor.Manager.preinitializeAndResolveTypes(Manager.java:1040)
	at ptolemy.actor.Manager.initialize(Manager.java:710)
	at ptolemy.actor.Manager.execute(Manager.java:356)
	at ptolemy.actor.Manager.run(Manager.java:1263)
	at ptolemy.actor.Manager$PtolemyRunThread.run(Manager.java:1915)
java.lang.reflect.InvocationTargetException
	at java.base/jdk.internal.reflect.NativeConstructorAccessorImpl.newInstance0(Native Method)
	at java.base/jdk.internal.reflect.NativeConstructorAccessorImpl.newInstance(NativeConstructorAccessorImpl.java:62)
	at java.base/jdk.internal.reflect.DelegatingConstructorAccessorImpl.newInstance(DelegatingConstructorAccessorImpl.java:45)
	at java.base/java.lang.reflect.Constructor.newInstance(Constructor.java:490)
	at ptolemy.util.test.junit.AutoKnownFailedTests.RunModel(AutoKnownFailedTests.java:105)
	at java.base/jdk.internal.reflect.NativeMethodAccessorImpl.invoke0(Native Method)
	at java.base/jdk.internal.reflect.NativeMethodAccessorImpl.invoke(NativeMethodAccessorImpl.java:62)
	at java.base/jdk.internal.reflect.DelegatingMethodAccessorImpl.invoke(DelegatingMethodAccessorImpl.java:43)
	at java.base/java.lang.reflect.Method.invoke(Method.java:566)
	at org.junit.runners.model.FrameworkMethod$1.runReflectiveCall(FrameworkMethod.java:44)
	at org.junit.internal.runners.model.ReflectiveCallable.run(ReflectiveCallable.java:15)
	at org.junit.runners.model.FrameworkMethod.invokeExplosively(FrameworkMethod.java:41)
	at junitparams.internal.InvokeParameterisedMethod.evaluate(InvokeParameterisedMethod.java:102)
	at org.junit.internal.runners.statements.FailOnTimeout$1.run(FailOnTimeout.java:28)
Caused by: ptolemy.kernel.util.IllegalActionException: Found a zero delay loop containing .HierarchicalModel.A
  in .HierarchicalModel and .HierarchicalModel.A
	at ptolemy.actor.util.CausalityInterfaceForComposites._computeOutputPortDepth(CausalityInterfaceForComposites.java:759)
	at ptolemy.actor.util.CausalityInterfaceForComposites._computeInputDepth(CausalityInterfaceForComposites.java:696)
	at ptolemy.actor.util.CausalityInterfaceForComposites._computeOutputPortDepth(CausalityInterfaceForComposites.java:765)
	at ptolemy.actor.util.CausalityInterfaceForComposites._computeInputDepth(CausalityInterfaceForComposites.java:696)
	at ptolemy.actor.util.CausalityInterfaceForComposites._computeOutputPortDepth(CausalityInterfaceForComposites.java:765)
	at ptolemy.actor.util.CausalityInterfaceForComposites._computeInputDepth(CausalityInterfaceForComposites.java:696)
	at ptolemy.actor.util.CausalityInterfaceForComposites._computeActorDepth(CausalityInterfaceForComposites.java:532)
	at ptolemy.actor.util.CausalityInterfaceForComposites.checkForCycles(CausalityInterfaceForComposites.java:96)
	at ptolemy.domains.de.kernel.DEDirector.preinitialize(DEDirector.java:1338)
	at ptolemy.actor.CompositeActor.preinitialize(CompositeActor.java:1828)
	at ptolemy.actor.Manager.preinitializeAndResolveTypes(Manager.java:1040)
	at ptolemy.actor.Manager.initialize(Manager.java:710)
	at ptolemy.actor.Manager.execute(Manager.java:356)
	at ptolemy.actor.Manager.run(Manager.java:1263)
	at ptolemy.actor.Manager$PtolemyRunThread.run(Manager.java:1915)
java.lang.RuntimeException: Execution failed
	at ptolemy.moml.MoMLSimpleApplication$UnloadThread.run(MoMLSimpleApplication.java:402)
Caused by: ptolemy.kernel.util.IllegalActionException: Found a zero delay loop containing .dependencyLoop.original
  in .dependencyLoop and .dependencyLoop.original
	at ptolemy.actor.util.CausalityInterfaceForComposites._computeOutputPortDepth(CausalityInterfaceForComposites.java:759)
	at ptolemy.actor.util.CausalityInterfaceForComposites._computeInputDepth(CausalityInterfaceForComposites.java:696)
	at ptolemy.actor.util.CausalityInterfaceForComposites._computeOutputPortDepth(CausalityInterfaceForComposites.java:765)
	at ptolemy.actor.util.CausalityInterfaceForComposites._computeInputDepth(CausalityInterfaceForComposites.java:696)
	at ptolemy.actor.util.CausalityInterfaceForComposites._computeOutputPortDepth(CausalityInterfaceForComposites.java:765)
	at ptolemy.actor.util.CausalityInterfaceForComposites._computeInputDepth(CausalityInterfaceForComposites.java:696)
	at ptolemy.actor.util.CausalityInterfaceForComposites._computeActorDepth(CausalityInterfaceForComposites.java:532)
	at ptolemy.actor.util.CausalityInterfaceForComposites.checkForCycles(CausalityInterfaceForComposites.java:96)
	at ptolemy.domains.de.kernel.DEDirector.preinitialize(DEDirector.java:1338)
	at ptolemy.actor.CompositeActor.preinitialize(CompositeActor.java:1828)
	at ptolemy.actor.Manager.preinitializeAndResolveTypes(Manager.java:1040)
	at ptolemy.actor.Manager.initialize(Manager.java:710)
	at ptolemy.actor.Manager.execute(Manager.java:356)
	at ptolemy.actor.Manager.run(Manager.java:1263)
	at ptolemy.actor.Manager$PtolemyRunThread.run(Manager.java:1915)
java.lang.reflect.InvocationTargetException
	at java.base/jdk.internal.reflect.NativeConstructorAccessorImpl.newInstance0(Native Method)
	at java.base/jdk.internal.reflect.NativeConstructorAccessorImpl.newInstance(NativeConstructorAccessorImpl.java:62)
	at java.base/jdk.internal.reflect.DelegatingConstructorAccessorImpl.newInstance(DelegatingConstructorAccessorImpl.java:45)
	at java.base/java.lang.reflect.Constructor.newInstance(Constructor.java:490)
	at ptolemy.util.test.junit.AutoKnownFailedTests.RunModel(AutoKnownFailedTests.java:105)
	at java.base/jdk.internal.reflect.NativeMethodAccessorImpl.invoke0(Native Method)
	at java.base/jdk.internal.reflect.NativeMethodAccessorImpl.invoke(NativeMethodAccessorImpl.java:62)
	at java.base/jdk.internal.reflect.DelegatingMethodAccessorImpl.invoke(DelegatingMethodAccessorImpl.java:43)
	at java.base/java.lang.reflect.Method.invoke(Method.java:566)
	at org.junit.runners.model.FrameworkMethod$1.runReflectiveCall(FrameworkMethod.java:44)
	at org.junit.internal.runners.model.ReflectiveCallable.run(ReflectiveCallable.java:15)
	at org.junit.runners.model.FrameworkMethod.invokeExplosively(FrameworkMethod.java:41)
	at junitparams.internal.InvokeParameterisedMethod.evaluate(InvokeParameterisedMethod.java:102)
	at org.junit.internal.runners.statements.FailOnTimeout$1.run(FailOnTimeout.java:28)
Caused by: ptolemy.kernel.util.IllegalActionException: Found a zero delay loop containing .dependencyLoop.original
  in .dependencyLoop and .dependencyLoop.original
	at ptolemy.actor.util.CausalityInterfaceForComposites._computeOutputPortDepth(CausalityInterfaceForComposites.java:759)
	at ptolemy.actor.util.CausalityInterfaceForComposites._computeInputDepth(CausalityInterfaceForComposites.java:696)
	at ptolemy.actor.util.CausalityInterfaceForComposites._computeOutputPortDepth(CausalityInterfaceForComposites.java:765)
	at ptolemy.actor.util.CausalityInterfaceForComposites._computeInputDepth(CausalityInterfaceForComposites.java:696)
	at ptolemy.actor.util.CausalityInterfaceForComposites._computeOutputPortDepth(CausalityInterfaceForComposites.java:765)
	at ptolemy.actor.util.CausalityInterfaceForComposites._computeInputDepth(CausalityInterfaceForComposites.java:696)
	at ptolemy.actor.util.CausalityInterfaceForComposites._computeActorDepth(CausalityInterfaceForComposites.java:532)
	at ptolemy.actor.util.CausalityInterfaceForComposites.checkForCycles(CausalityInterfaceForComposites.java:96)
	at ptolemy.domains.de.kernel.DEDirector.preinitialize(DEDirector.java:1338)
	at ptolemy.actor.CompositeActor.preinitialize(CompositeActor.java:1828)
	at ptolemy.actor.Manager.preinitializeAndResolveTypes(Manager.java:1040)
	at ptolemy.actor.Manager.initialize(Manager.java:710)
	at ptolemy.actor.Manager.execute(Manager.java:356)
	at ptolemy.actor.Manager.run(Manager.java:1263)
	at ptolemy.actor.Manager$PtolemyRunThread.run(Manager.java:1915)
java.lang.RuntimeException: Execution failed
	at ptolemy.moml.MoMLSimpleApplication$UnloadThread.run(MoMLSimpleApplication.java:402)
Caused by: ptolemy.kernel.util.IllegalActionException: Found a zero delay loop containing .dependencyLoop2.original
  in .dependencyLoop2 and .dependencyLoop2.original
	at ptolemy.actor.util.CausalityInterfaceForComposites._computeOutputPortDepth(CausalityInterfaceForComposites.java:759)
	at ptolemy.actor.util.CausalityInterfaceForComposites._computeInputDepth(CausalityInterfaceForComposites.java:696)
	at ptolemy.actor.util.CausalityInterfaceForComposites._computeOutputPortDepth(CausalityInterfaceForComposites.java:765)
	at ptolemy.actor.util.CausalityInterfaceForComposites._computeInputDepth(CausalityInterfaceForComposites.java:696)
	at ptolemy.actor.util.CausalityInterfaceForComposites._computeOutputPortDepth(CausalityInterfaceForComposites.java:765)
	at ptolemy.actor.util.CausalityInterfaceForComposites._computeInputDepth(CausalityInterfaceForComposites.java:696)
	at ptolemy.actor.util.CausalityInterfaceForComposites._computeActorDepth(CausalityInterfaceForComposites.java:532)
	at ptolemy.actor.util.CausalityInterfaceForComposites.checkForCycles(CausalityInterfaceForComposites.java:96)
	at ptolemy.domains.de.kernel.DEDirector.preinitialize(DEDirector.java:1338)
	at ptolemy.actor.CompositeActor.preinitialize(CompositeActor.java:1828)
	at ptolemy.actor.Manager.preinitializeAndResolveTypes(Manager.java:1040)
	at ptolemy.actor.Manager.initialize(Manager.java:710)
	at ptolemy.actor.Manager.execute(Manager.java:356)
	at ptolemy.actor.Manager.run(Manager.java:1263)
	at ptolemy.actor.Manager$PtolemyRunThread.run(Manager.java:1915)
java.lang.reflect.InvocationTargetException
	at java.base/jdk.internal.reflect.NativeConstructorAccessorImpl.newInstance0(Native Method)
	at java.base/jdk.internal.reflect.NativeConstructorAccessorImpl.newInstance(NativeConstructorAccessorImpl.java:62)
	at java.base/jdk.internal.reflect.DelegatingConstructorAccessorImpl.newInstance(DelegatingConstructorAccessorImpl.java:45)
	at java.base/java.lang.reflect.Constructor.newInstance(Constructor.java:490)
	at ptolemy.util.test.junit.AutoKnownFailedTests.RunModel(AutoKnownFailedTests.java:105)
	at java.base/jdk.internal.reflect.NativeMethodAccessorImpl.invoke0(Native Method)
	at java.base/jdk.internal.reflect.NativeMethodAccessorImpl.invoke(NativeMethodAccessorImpl.java:62)
	at java.base/jdk.internal.reflect.DelegatingMethodAccessorImpl.invoke(DelegatingMethodAccessorImpl.java:43)
	at java.base/java.lang.reflect.Method.invoke(Method.java:566)
	at org.junit.runners.model.FrameworkMethod$1.runReflectiveCall(FrameworkMethod.java:44)
	at org.junit.internal.runners.model.ReflectiveCallable.run(ReflectiveCallable.java:15)
	at org.junit.runners.model.FrameworkMethod.invokeExplosively(FrameworkMethod.java:41)
	at junitparams.internal.InvokeParameterisedMethod.evaluate(InvokeParameterisedMethod.java:102)
	at org.junit.internal.runners.statements.FailOnTimeout$1.run(FailOnTimeout.java:28)
Caused by: ptolemy.kernel.util.IllegalActionException: Found a zero delay loop containing .dependencyLoop2.original
  in .dependencyLoop2 and .dependencyLoop2.original
	at ptolemy.actor.util.CausalityInterfaceForComposites._computeOutputPortDepth(CausalityInterfaceForComposites.java:759)
	at ptolemy.actor.util.CausalityInterfaceForComposites._computeInputDepth(CausalityInterfaceForComposites.java:696)
	at ptolemy.actor.util.CausalityInterfaceForComposites._computeOutputPortDepth(CausalityInterfaceForComposites.java:765)
	at ptolemy.actor.util.CausalityInterfaceForComposites._computeInputDepth(CausalityInterfaceForComposites.java:696)
	at ptolemy.actor.util.CausalityInterfaceForComposites._computeOutputPortDepth(CausalityInterfaceForComposites.java:765)
	at ptolemy.actor.util.CausalityInterfaceForComposites._computeInputDepth(CausalityInterfaceForComposites.java:696)
	at ptolemy.actor.util.CausalityInterfaceForComposites._computeActorDepth(CausalityInterfaceForComposites.java:532)
	at ptolemy.actor.util.CausalityInterfaceForComposites.checkForCycles(CausalityInterfaceForComposites.java:96)
	at ptolemy.domains.de.kernel.DEDirector.preinitialize(DEDirector.java:1338)
	at ptolemy.actor.CompositeActor.preinitialize(CompositeActor.java:1828)
	at ptolemy.actor.Manager.preinitializeAndResolveTypes(Manager.java:1040)
	at ptolemy.actor.Manager.initialize(Manager.java:710)
	at ptolemy.actor.Manager.execute(Manager.java:356)
	at ptolemy.actor.Manager.run(Manager.java:1263)
	at ptolemy.actor.Manager$PtolemyRunThread.run(Manager.java:1915)
]]></system-err>
</testsuite>
