<?xml version="1.0" encoding="UTF-8" ?>
<testsuite errors="0" failures="0" hostname="travis-job-302f1bc8-8b8e-4d70-91b3-342ca3c67202" name="ptolemy.domains.de.test.junit.JUnitTclTest" skipped="0" tests="101" time="139.3" timestamp="2019-07-10T17:45:41">
  <properties>
[...]
</properties>
  <testcase classname="ptolemy.util.test.junit.TclTests" name="[0] /home/travis/build/icyphy/ptII/ptolemy/domains/de/test/DependencyLoop.tcl (RunTclFile)" time="1.342" />
  <testcase classname="ptolemy.util.test.junit.TclTests" name="[1] /home/travis/build/icyphy/ptII/ptolemy/domains/de/test/RunDETestsAsQSS.tcl (RunTclFile)" time="96.103" />
  <testcase classname="ptolemy.util.test.junit.AutoKnownFailedTests" name="[0] /home/travis/build/icyphy/ptII/ptolemy/domains/de/test/auto/knownFailedTests/DESDFClockTest.xml (RunModel)" time="2.061" />
  <testcase classname="ptolemy.util.test.junit.AutoKnownFailedTests" name="[1] /home/travis/build/icyphy/ptII/ptolemy/domains/de/test/auto/knownFailedTests/DirectFeedback.xml (RunModel)" time="0.017" />
  <testcase classname="ptolemy.util.test.junit.AutoKnownFailedTests" name="[2] /home/travis/build/icyphy/ptII/ptolemy/domains/de/test/auto/knownFailedTests/FSMSource.xml (RunModel)" time="0.025" />
  <testcase classname="ptolemy.util.test.junit.AutoKnownFailedTests" name="[3] /home/travis/build/icyphy/ptII/ptolemy/domains/de/test/auto/knownFailedTests/HierarchicalModel.xml (RunModel)" time="0.052" />
  <testcase classname="ptolemy.util.test.junit.AutoKnownFailedTests" name="[4] /home/travis/build/icyphy/ptII/ptolemy/domains/de/test/auto/knownFailedTests/dependencyLoop.xml (RunModel)" time="0.056" />
  <testcase classname="ptolemy.util.test.junit.AutoKnownFailedTests" name="[5] /home/travis/build/icyphy/ptII/ptolemy/domains/de/test/auto/knownFailedTests/dependencyLoop2.xml (RunModel)" time="0.053" />
  <testcase classname="ptolemy.util.test.junit.AutoNameArchTests" name="[0] ThereAreNoAutoArchTests (RunModel)" time="0.002" />
  <testcase classname="ptolemy.util.test.junit.AutoTests" name="[0] /home/travis/build/icyphy/ptII/ptolemy/domains/de/test/auto/ActorDepthCalculation_actorWithoutPorts.xml (RunModel)" time="0.026" />
  <testcase classname="ptolemy.util.test.junit.AutoTests" name="[1] /home/travis/build/icyphy/ptII/ptolemy/domains/de/test/auto/AssemblyLine.xml (RunModel)" time="0.024" />
  <testcase classname="ptolemy.util.test.junit.AutoTests" name="[2] /home/travis/build/icyphy/ptII/ptolemy/domains/de/test/auto/CQBug1.xml (RunModel)" time="0.01" />
  <testcase classname="ptolemy.util.test.junit.AutoTests" name="[3] /home/travis/build/icyphy/ptII/ptolemy/domains/de/test/auto/CancelFireAt.xml (RunModel)" time="0.013" />
  <testcase classname="ptolemy.util.test.junit.AutoTests" name="[4] /home/travis/build/icyphy/ptII/ptolemy/domains/de/test/auto/CausalityAndComposabilityAnalysis.xml (RunModel)" time="0.017" />
  <testcase classname="ptolemy.util.test.junit.AutoTests" name="[5] /home/travis/build/icyphy/ptII/ptolemy/domains/de/test/auto/CausalityInterface1.xml (RunModel)" time="0.017" />
  <testcase classname="ptolemy.util.test.junit.AutoTests" name="[6] /home/travis/build/icyphy/ptII/ptolemy/domains/de/test/auto/CausalityInterface15.xml (RunModel)" time="0.015" />
  <testcase classname="ptolemy.util.test.junit.AutoTests" name="[7] /home/travis/build/icyphy/ptII/ptolemy/domains/de/test/auto/CausalityInterface2.xml (RunModel)" time="0.014" />
  <testcase classname="ptolemy.util.test.junit.AutoTests" name="[8] /home/travis/build/icyphy/ptII/ptolemy/domains/de/test/auto/CausalityInterface3.xml (RunModel)" time="0.013" />
  <testcase classname="ptolemy.util.test.junit.AutoTests" name="[9] /home/travis/build/icyphy/ptII/ptolemy/domains/de/test/auto/ClockDrift.xml (RunModel)" time="0.047" />
  <testcase classname="ptolemy.util.test.junit.AutoTests" name="[10] /home/travis/build/icyphy/ptII/ptolemy/domains/de/test/auto/ClockDriftAndValueChange.xml (RunModel)" time="0.031" />
  <testcase classname="ptolemy.util.test.junit.AutoTests" name="[11] /home/travis/build/icyphy/ptII/ptolemy/domains/de/test/auto/ClockDriftChange.xml (RunModel)" time="0.035" />
  <testcase classname="ptolemy.util.test.junit.AutoTests" name="[12] /home/travis/build/icyphy/ptII/ptolemy/domains/de/test/auto/ComposableCausalityAnalysis.xml (RunModel)" time="0.015" />
  <testcase classname="ptolemy.util.test.junit.AutoTests" name="[13] /home/travis/build/icyphy/ptII/ptolemy/domains/de/test/auto/DEFixedPointLimitation.xml (RunModel)" time="0.009" />
  <testcase classname="ptolemy.util.test.junit.AutoTests" name="[14] /home/travis/build/icyphy/ptII/ptolemy/domains/de/test/auto/DEScheduleTest.xml (RunModel)" time="0.015" />
  <testcase classname="ptolemy.util.test.junit.AutoTests" name="[15] /home/travis/build/icyphy/ptII/ptolemy/domains/de/test/auto/DEinDEwithStartTimes.xml (RunModel)" time="0.017" />
  <testcase classname="ptolemy.util.test.junit.AutoTests" name="[16] /home/travis/build/icyphy/ptII/ptolemy/domains/de/test/auto/DEinDEwithStartTimes2.xml (RunModel)" time="0.023" />
  <testcase classname="ptolemy.util.test.junit.AutoTests" name="[17] /home/travis/build/icyphy/ptII/ptolemy/domains/de/test/auto/DateDemo.xml (RunModel)" time="0.032" />
  <testcase classname="ptolemy.util.test.junit.AutoTests" name="[18] /home/travis/build/icyphy/ptII/ptolemy/domains/de/test/auto/DateToEvent.xml (RunModel)" time="2.052" />
  <testcase classname="ptolemy.util.test.junit.AutoTests" name="[19] /home/travis/build/icyphy/ptII/ptolemy/domains/de/test/auto/DepthTest1.xml (RunModel)" time="0.01" />
  <testcase classname="ptolemy.util.test.junit.AutoTests" name="[20] /home/travis/build/icyphy/ptII/ptolemy/domains/de/test/auto/DepthTest2.xml (RunModel)" time="0.018" />
  <testcase classname="ptolemy.util.test.junit.AutoTests" name="[21] /home/travis/build/icyphy/ptII/ptolemy/domains/de/test/auto/DepthTest3.xml (RunModel)" time="0.008" />
  <testcase classname="ptolemy.util.test.junit.AutoTests" name="[22] /home/travis/build/icyphy/ptII/ptolemy/domains/de/test/auto/DepthTest4.xml (RunModel)" time="0.02" />
  <testcase classname="ptolemy.util.test.junit.AutoTests" name="[23] /home/travis/build/icyphy/ptII/ptolemy/domains/de/test/auto/DepthTest5.xml (RunModel)" time="0.016" />
  <testcase classname="ptolemy.util.test.junit.AutoTests" name="[24] /home/travis/build/icyphy/ptII/ptolemy/domains/de/test/auto/DepthTest6.xml (RunModel)" time="0.014" />
  <testcase classname="ptolemy.util.test.junit.AutoTests" name="[25] /home/travis/build/icyphy/ptII/ptolemy/domains/de/test/auto/DepthTest7.xml (RunModel)" time="0.023" />
  <testcase classname="ptolemy.util.test.junit.AutoTests" name="[26] /home/travis/build/icyphy/ptII/ptolemy/domains/de/test/auto/EventToDate.xml (RunModel)" time="3.054" />
  <testcase classname="ptolemy.util.test.junit.AutoTests" name="[27] /home/travis/build/icyphy/ptII/ptolemy/domains/de/test/auto/FSM1.xml (RunModel)" time="0.047" />
  <testcase classname="ptolemy.util.test.junit.AutoTests" name="[28] /home/travis/build/icyphy/ptII/ptolemy/domains/de/test/auto/FSM7.xml (RunModel)" time="0.043" />
  <testcase classname="ptolemy.util.test.junit.AutoTests" name="[29] /home/travis/build/icyphy/ptII/ptolemy/domains/de/test/auto/Inspection.xml (RunModel)" time="0.058" />
  <testcase classname="ptolemy.util.test.junit.AutoTests" name="[30] /home/travis/build/icyphy/ptII/ptolemy/domains/de/test/auto/Iteration.xml (RunModel)" time="0.029" />
  <testcase classname="ptolemy.util.test.junit.AutoTests" name="[31] /home/travis/build/icyphy/ptII/ptolemy/domains/de/test/auto/LineFault.xml (RunModel)" time="0.639" />
  <testcase classname="ptolemy.util.test.junit.AutoTests" name="[32] /home/travis/build/icyphy/ptII/ptolemy/domains/de/test/auto/MergeModel1Add.xml (RunModel)" time="0.049" />
  <testcase classname="ptolemy.util.test.junit.AutoTests" name="[33] /home/travis/build/icyphy/ptII/ptolemy/domains/de/test/auto/MergeModel2Add.xml (RunModel)" time="0.034" />
  <testcase classname="ptolemy.util.test.junit.AutoTests" name="[34] /home/travis/build/icyphy/ptII/ptolemy/domains/de/test/auto/MergeModel3Add.xml (RunModel)" time="0.043" />
  <testcase classname="ptolemy.util.test.junit.AutoTests" name="[35] /home/travis/build/icyphy/ptII/ptolemy/domains/de/test/auto/MergeWithoutDiscard.xml (RunModel)" time="0.018" />
  <testcase classname="ptolemy.util.test.junit.AutoTests" name="[36] /home/travis/build/icyphy/ptII/ptolemy/domains/de/test/auto/Modal1.xml (RunModel)" time="0.046" />
  <testcase classname="ptolemy.util.test.junit.AutoTests" name="[37] /home/travis/build/icyphy/ptII/ptolemy/domains/de/test/auto/Modal2.xml (RunModel)" time="0.031" />
  <testcase classname="ptolemy.util.test.junit.AutoTests" name="[38] /home/travis/build/icyphy/ptII/ptolemy/domains/de/test/auto/Modal3.xml (RunModel)" time="0.032" />
  <testcase classname="ptolemy.util.test.junit.AutoTests" name="[39] /home/travis/build/icyphy/ptII/ptolemy/domains/de/test/auto/Modal4.xml (RunModel)" time="0.038" />
  <testcase classname="ptolemy.util.test.junit.AutoTests" name="[40] /home/travis/build/icyphy/ptII/ptolemy/domains/de/test/auto/Modal5.xml (RunModel)" time="0.029" />
  <testcase classname="ptolemy.util.test.junit.AutoTests" name="[41] /home/travis/build/icyphy/ptII/ptolemy/domains/de/test/auto/Modal6.xml (RunModel)" time="0.028" />
  <testcase classname="ptolemy.util.test.junit.AutoTests" name="[42] /home/travis/build/icyphy/ptII/ptolemy/domains/de/test/auto/Modal7.xml (RunModel)" time="0.027" />
  <testcase classname="ptolemy.util.test.junit.AutoTests" name="[43] /home/travis/build/icyphy/ptII/ptolemy/domains/de/test/auto/ModalModel.xml (RunModel)" time="0.155" />
  <testcase classname="ptolemy.util.test.junit.AutoTests" name="[44] /home/travis/build/icyphy/ptII/ptolemy/domains/de/test/auto/ModalSource.xml (RunModel)" time="0.021" />
  <testcase classname="ptolemy.util.test.junit.AutoTests" name="[45] /home/travis/build/icyphy/ptII/ptolemy/domains/de/test/auto/NonInterruptibleTimerZeroDelay.xml (RunModel)" time="0.01" />
  <testcase classname="ptolemy.util.test.junit.AutoTests" name="[46] /home/travis/build/icyphy/ptII/ptolemy/domains/de/test/auto/OpenQueueingNetwork.xml (RunModel)" time="2.607" />
  <testcase classname="ptolemy.util.test.junit.AutoTests" name="[47] /home/travis/build/icyphy/ptII/ptolemy/domains/de/test/auto/OpenQueuingNetwork.xml (RunModel)" time="0.307" />
  <testcase classname="ptolemy.util.test.junit.AutoTests" name="[48] /home/travis/build/icyphy/ptII/ptolemy/domains/de/test/auto/PeriodicSampler.xml (RunModel)" time="0.01" />
  <testcase classname="ptolemy.util.test.junit.AutoTests" name="[49] /home/travis/build/icyphy/ptII/ptolemy/domains/de/test/auto/PersistentIO.xml (RunModel)" time="0.022" />
  <testcase classname="ptolemy.util.test.junit.AutoTests" name="[50] /home/travis/build/icyphy/ptII/ptolemy/domains/de/test/auto/PortParameterResetOnInitialize.xml (RunModel)" time="0.01" />
  <testcase classname="ptolemy.util.test.junit.AutoTests" name="[51] /home/travis/build/icyphy/ptII/ptolemy/domains/de/test/auto/PortParameterUpdates.xml (RunModel)" time="0.017" />
  <testcase classname="ptolemy.util.test.junit.AutoTests" name="[52] /home/travis/build/icyphy/ptII/ptolemy/domains/de/test/auto/QueueAndServer.xml (RunModel)" time="0.027" />
  <testcase classname="ptolemy.util.test.junit.AutoTests" name="[53] /home/travis/build/icyphy/ptII/ptolemy/domains/de/test/auto/Records.xml (RunModel)" time="0.02" />
  <testcase classname="ptolemy.util.test.junit.AutoTests" name="[54] /home/travis/build/icyphy/ptII/ptolemy/domains/de/test/auto/ResetTransitionWithStartTime1.xml (RunModel)" time="0.022" />
  <testcase classname="ptolemy.util.test.junit.AutoTests" name="[55] /home/travis/build/icyphy/ptII/ptolemy/domains/de/test/auto/ResetTransitionWithStartTime2.xml (RunModel)" time="0.023" />
  <testcase classname="ptolemy.util.test.junit.AutoTests" name="[56] /home/travis/build/icyphy/ptII/ptolemy/domains/de/test/auto/ResetTransitionWithStartTime3.xml (RunModel)" time="0.022" />
  <testcase classname="ptolemy.util.test.junit.AutoTests" name="[57] /home/travis/build/icyphy/ptII/ptolemy/domains/de/test/auto/ResetTransitionWithStartTime4.xml (RunModel)" time="0.026" />
  <testcase classname="ptolemy.util.test.junit.AutoTests" name="[58] /home/travis/build/icyphy/ptII/ptolemy/domains/de/test/auto/ResettableTimer1.xml (RunModel)" time="0.011" />
  <testcase classname="ptolemy.util.test.junit.AutoTests" name="[59] /home/travis/build/icyphy/ptII/ptolemy/domains/de/test/auto/ResettableTimer2.xml (RunModel)" time="0.011" />
  <testcase classname="ptolemy.util.test.junit.AutoTests" name="[60] /home/travis/build/icyphy/ptII/ptolemy/domains/de/test/auto/ResettableTimer3.xml (RunModel)" time="0.01" />
  <testcase classname="ptolemy.util.test.junit.AutoTests" name="[61] /home/travis/build/icyphy/ptII/ptolemy/domains/de/test/auto/ResettableTimer4.xml (RunModel)" time="0.011" />
  <testcase classname="ptolemy.util.test.junit.AutoTests" name="[62] /home/travis/build/icyphy/ptII/ptolemy/domains/de/test/auto/ResettableTimer5.xml (RunModel)" time="0.01" />
  <testcase classname="ptolemy.util.test.junit.AutoTests" name="[63] /home/travis/build/icyphy/ptII/ptolemy/domains/de/test/auto/ResettableTimer6.xml (RunModel)" time="0.017" />
  <testcase classname="ptolemy.util.test.junit.AutoTests" name="[64] /home/travis/build/icyphy/ptII/ptolemy/domains/de/test/auto/ServerZeroDelay.xml (RunModel)" time="0.015" />
  <testcase classname="ptolemy.util.test.junit.AutoTests" name="[65] /home/travis/build/icyphy/ptII/ptolemy/domains/de/test/auto/SmartSender.xml (RunModel)" time="3.01" />
  <testcase classname="ptolemy.util.test.junit.AutoTests" name="[66] /home/travis/build/icyphy/ptII/ptolemy/domains/de/test/auto/ThreadedComposite.xml (RunModel)" time="0.314" />
  <testcase classname="ptolemy.util.test.junit.AutoTests" name="[67] /home/travis/build/icyphy/ptII/ptolemy/domains/de/test/auto/Time.xml (RunModel)" time="0.445" />
  <testcase classname="ptolemy.util.test.junit.AutoTests" name="[68] /home/travis/build/icyphy/ptII/ptolemy/domains/de/test/auto/TimeDelayZeroDelay.xml (RunModel)" time="0.018" />
  <testcase classname="ptolemy.util.test.junit.AutoTests" name="[69] /home/travis/build/icyphy/ptII/ptolemy/domains/de/test/auto/TimerZeroDelay.xml (RunModel)" time="0.012" />
  <testcase classname="ptolemy.util.test.junit.AutoTests" name="[70] /home/travis/build/icyphy/ptII/ptolemy/domains/de/test/auto/TimingParadox.xml (RunModel)" time="0.378" />
  <testcase classname="ptolemy.util.test.junit.AutoTests" name="[71] /home/travis/build/icyphy/ptII/ptolemy/domains/de/test/auto/TransferInputs.xml (RunModel)" time="0.01" />
  <testcase classname="ptolemy.util.test.junit.AutoTests" name="[72] /home/travis/build/icyphy/ptII/ptolemy/domains/de/test/auto/TransferOutputs2.xml (RunModel)" time="0.017" />
  <testcase classname="ptolemy.util.test.junit.AutoTests" name="[73] /home/travis/build/icyphy/ptII/ptolemy/domains/de/test/auto/Trilateration.xml (RunModel)" time="12.459" />
  <testcase classname="ptolemy.util.test.junit.AutoTests" name="[74] /home/travis/build/icyphy/ptII/ptolemy/domains/de/test/auto/TwoSigmaDelta.xml (RunModel)" time="2.079" />
  <testcase classname="ptolemy.util.test.junit.AutoTests" name="[75] /home/travis/build/icyphy/ptII/ptolemy/domains/de/test/auto/VariableDelay.xml (RunModel)" time="0.01" />
  <testcase classname="ptolemy.util.test.junit.AutoTests" name="[76] /home/travis/build/icyphy/ptII/ptolemy/domains/de/test/auto/VariableDelay2.xml (RunModel)" time="0.015" />
  <testcase classname="ptolemy.util.test.junit.AutoTests" name="[77] /home/travis/build/icyphy/ptII/ptolemy/domains/de/test/auto/VariableDelayZeroDelay.xml (RunModel)" time="0.014" />
  <testcase classname="ptolemy.util.test.junit.AutoTests" name="[78] /home/travis/build/icyphy/ptII/ptolemy/domains/de/test/auto/VariableDelayZeroDelay2.xml (RunModel)" time="0.014" />
  <testcase classname="ptolemy.util.test.junit.AutoTests" name="[79] /home/travis/build/icyphy/ptII/ptolemy/domains/de/test/auto/deInCt.xml (RunModel)" time="0.025" />
  <testcase classname="ptolemy.util.test.junit.AutoTests" name="[80] /home/travis/build/icyphy/ptII/ptolemy/domains/de/test/auto/deInCt2.xml (RunModel)" time="0.013" />
  <testcase classname="ptolemy.util.test.junit.AutoTests" name="[81] /home/travis/build/icyphy/ptII/ptolemy/domains/de/test/auto/dynamicCausalityInterface1.xml (RunModel)" time="0.018" />
  <testcase classname="ptolemy.util.test.junit.AutoTests" name="[82] /home/travis/build/icyphy/ptII/ptolemy/domains/de/test/auto/fsm_de_test.xml (RunModel)" time="0.025" />
  <testcase classname="ptolemy.util.test.junit.AutoTests" name="[83] /home/travis/build/icyphy/ptII/ptolemy/domains/de/test/auto/functionDependencyReconstruction.xml (RunModel)" time="0.031" />
  <testcase classname="ptolemy.util.test.junit.AutoTests" name="[84] /home/travis/build/icyphy/ptII/ptolemy/domains/de/test/auto/multirate.xml (RunModel)" time="0.033" />
  <testcase classname="ptolemy.util.test.junit.AutoTests" name="[85] /home/travis/build/icyphy/ptII/ptolemy/domains/de/test/auto/multirate2.xml (RunModel)" time="0.016" />
  <testcase classname="ptolemy.util.test.junit.AutoTests" name="[86] /home/travis/build/icyphy/ptII/ptolemy/domains/de/test/auto/realtime.xml (RunModel)" time="10.012" />
  <testcase classname="ptolemy.util.test.junit.AutoTests" name="[87] /home/travis/build/icyphy/ptII/ptolemy/domains/de/test/auto/relationGroup.xml (RunModel)" time="0.013" />
  <testcase classname="ptolemy.util.test.junit.AutoTests" name="[88] /home/travis/build/icyphy/ptII/ptolemy/domains/de/test/auto/relationGroup2.xml (RunModel)" time="0.016" />
  <testcase classname="ptolemy.util.test.junit.AutoTests" name="[89] /home/travis/build/icyphy/ptII/ptolemy/domains/de/test/auto/sortWithOpaquePorts.xml (RunModel)" time="0.016" />
  <testcase classname="ptolemy.util.test.junit.AutoTests" name="[90] /home/travis/build/icyphy/ptII/ptolemy/domains/de/test/auto/transferInputsandOutputs.xml (RunModel)" time="0.02" />
  <testcase classname="ptolemy.util.test.junit.AutoTests" name="[91] /home/travis/build/icyphy/ptII/ptolemy/domains/de/test/auto/triggerType.xml (RunModel)" time="0.012" />
  <system-out><![CDATA[/home/travis/build/icyphy/ptII/ptolemy/domains/de/test/DependencyLoop.tcl
testDefs.tcl: setting time out to 9000 seconds at Wed Jul 10 17:45:42 UTC 2019
119 ms. Memory: 120832K Free: 99127K (82%)
32 ms. Memory: 175104K Free: 157145K (90%)
/home/travis/build/icyphy/ptII/ptolemy/domains/de/test/RunDETestsAsQSS.tcl
Run the DE tests using ptolemy.domains.qss.test.QSSDirectorTest, which extends QSSDirector and prints a message in the constructors.
------------------ testing $PTII/ptolemy/domains/de/test/auto/knownFailedTests/DirectFeedback.xml (Known Failure) 
71 ms. Memory: 175104K Free: 151031K (86%)


==== $PTIIhome/travis/build/icyphy/ptII/ptolemy/domains/de/test/../../../../: Auto Automatic test in file $PTII/ptolemy/domains/de/test/auto/knownFailedTests/DirectFeedback.xml
==== Contents of test case:

	    # FIXME: we should use $relativeFilename here, but it
	    # might have backslashes under Windows, which causes no end
	    # of trouble.
	    createAndExecute $file
	    list {}
	
.... Test generated KNOWN error:
    while executing
ptolemy.kernel.util.IllegalActionException: Test fails in iteration 1.
Value was: 1.0. Should have been: 2.0
  in .DirectFeedback.Test
	at ptolemy.actor.lib.Test.fire(Test.java:268)
	at ptolemy.domains.de.kernel.DEDirector._fire(DEDirector.java:1949)
	at ptolemy.domains.de.kernel.DEDirector.fire(DEDirector.java:502)
	at ptolemy.actor.CompositeActor.fire(CompositeActor.java:455)
	at ptolemy.actor.Manager.iterate(Manager.java:851)
	at ptolemy.actor.Manager.execute(Manager.java:369)
	at ptolemy.actor.Manager.run(Manager.java:1263)
	at ptolemy.actor.Manager$PtolemyRunThread.run(Manager.java:1915)

    while executing
ptolemy.kernel.util.IllegalActionException: Test fails in iteration 1.
Value was: 1.0. Should have been: 2.0
  in .DirectFeedback.Test
    while executing
"java::new ptolemy.moml.MoMLSimpleApplication $file
"
    (procedure "createAndExecute" line 2)
    invoked from within
"createAndExecute $file"
    ("uplevel" body line 5)
    invoked from within
"uplevel $contents_of_test"
------------------ testing $PTII/ptolemy/domains/de/test/auto/knownFailedTests/dependencyLoop.xml (Known Failure) 
17 ms. Memory: 175104K Free: 147959K (84%)


==== $PTIIhome/travis/build/icyphy/ptII/ptolemy/domains/de/test/../../../../: Auto Automatic test in file $PTII/ptolemy/domains/de/test/auto/knownFailedTests/dependencyLoop.xml
==== Contents of test case:

	    # FIXME: we should use $relativeFilename here, but it
	    # might have backslashes under Windows, which causes no end
	    # of trouble.
	    createAndExecute $file
	    list {}
	
.... Test generated KNOWN error:
    while executing
ptolemy.kernel.util.IllegalActionException: Found a zero delay loop containing .dependencyLoop.original
  in .dependencyLoop and .dependencyLoop.original
	at ptolemy.actor.util.CausalityInterfaceForComposites._computeOutputPortDepth(CausalityInterfaceForComposites.java:759)
	at ptolemy.actor.util.CausalityInterfaceForComposites._computeInputDepth(CausalityInterfaceForComposites.java:696)
	at ptolemy.actor.util.CausalityInterfaceForComposites._computeOutputPortDepth(CausalityInterfaceForComposites.java:765)
	at ptolemy.actor.util.CausalityInterfaceForComposites._computeInputDepth(CausalityInterfaceForComposites.java:696)
	at ptolemy.actor.util.CausalityInterfaceForComposites._computeOutputPortDepth(CausalityInterfaceForComposites.java:765)
	at ptolemy.actor.util.CausalityInterfaceForComposites._computeInputDepth(CausalityInterfaceForComposites.java:696)
	at ptolemy.actor.util.CausalityInterfaceForComposites._computeActorDepth(CausalityInterfaceForComposites.java:532)
	at ptolemy.actor.util.CausalityInterfaceForComposites.checkForCycles(CausalityInterfaceForComposites.java:96)
	at ptolemy.domains.de.kernel.DEDirector.preinitialize(DEDirector.java:1338)
	at ptolemy.actor.CompositeActor.preinitialize(CompositeActor.java:1828)
	at ptolemy.actor.Manager.preinitializeAndResolveTypes(Manager.java:1040)
	at ptolemy.actor.Manager.initialize(Manager.java:710)
	at ptolemy.actor.Manager.execute(Manager.java:356)
	at ptolemy.actor.Manager.run(Manager.java:1263)
	at ptolemy.actor.Manager$PtolemyRunThread.run(Manager.java:1915)

    while executing
ptolemy.kernel.util.IllegalActionException: Found a zero delay loop containing .dependencyLoop.original
  in .dependencyLoop and .dependencyLoop.original
    while executing
"java::new ptolemy.moml.MoMLSimpleApplication $file
"
    (procedure "createAndExecute" line 2)
    invoked from within
"createAndExecute $file"
    ("uplevel" body line 5)
    invoked from within
"uplevel $contents_of_test"
------------------ testing $PTII/ptolemy/domains/de/test/auto/knownFailedTests/FSMSource.xml (Known Failure) 
103 ms. Memory: 175104K Free: 138743K (79%)
!!!! Auto was marked as failing, but now passes
------------------ testing $PTII/ptolemy/domains/de/test/auto/knownFailedTests/HierarchicalModel.xml (Known Failure) 
7 ms. Memory: 175104K Free: 120825K (69%)


==== $PTIIhome/travis/build/icyphy/ptII/ptolemy/domains/de/test/../../../../: Auto Automatic test in file $PTII/ptolemy/domains/de/test/auto/knownFailedTests/HierarchicalModel.xml
==== Contents of test case:

	    # FIXME: we should use $relativeFilename here, but it
	    # might have backslashes under Windows, which causes no end
	    # of trouble.
	    createAndExecute $file
	    list {}
	
.... Test generated KNOWN error:
    while executing
ptolemy.kernel.util.IllegalActionException: Found a zero delay loop containing .HierarchicalModel.A
  in .HierarchicalModel and .HierarchicalModel.A
	at ptolemy.actor.util.CausalityInterfaceForComposites._computeOutputPortDepth(CausalityInterfaceForComposites.java:759)
	at ptolemy.actor.util.CausalityInterfaceForComposites._computeInputDepth(CausalityInterfaceForComposites.java:696)
	at ptolemy.actor.util.CausalityInterfaceForComposites._computeOutputPortDepth(CausalityInterfaceForComposites.java:765)
	at ptolemy.actor.util.CausalityInterfaceForComposites._computeInputDepth(CausalityInterfaceForComposites.java:696)
	at ptolemy.actor.util.CausalityInterfaceForComposites._computeOutputPortDepth(CausalityInterfaceForComposites.java:765)
	at ptolemy.actor.util.CausalityInterfaceForComposites._computeInputDepth(CausalityInterfaceForComposites.java:696)
	at ptolemy.actor.util.CausalityInterfaceForComposites._computeActorDepth(CausalityInterfaceForComposites.java:532)
	at ptolemy.actor.util.CausalityInterfaceForComposites.checkForCycles(CausalityInterfaceForComposites.java:96)
	at ptolemy.domains.de.kernel.DEDirector.preinitialize(DEDirector.java:1338)
	at ptolemy.actor.CompositeActor.preinitialize(CompositeActor.java:1828)
	at ptolemy.actor.Manager.preinitializeAndResolveTypes(Manager.java:1040)
	at ptolemy.actor.Manager.initialize(Manager.java:710)
	at ptolemy.actor.Manager.execute(Manager.java:356)
	at ptolemy.actor.Manager.run(Manager.java:1263)
	at ptolemy.actor.Manager$PtolemyRunThread.run(Manager.java:1915)

    while executing
ptolemy.kernel.util.IllegalActionException: Found a zero delay loop containing .HierarchicalModel.A
  in .HierarchicalModel and .HierarchicalModel.A
    while executing
"java::new ptolemy.moml.MoMLSimpleApplication $file
"
    (procedure "createAndExecute" line 2)
    invoked from within
"createAndExecute $file"
    ("uplevel" body line 5)
    invoked from within
"uplevel $contents_of_test"
------------------ testing $PTII/ptolemy/domains/de/test/auto/knownFailedTests/dependencyLoop2.xml (Known Failure) 
15 ms. Memory: 175104K Free: 117753K (67%)


==== $PTIIhome/travis/build/icyphy/ptII/ptolemy/domains/de/test/../../../../: Auto Automatic test in file $PTII/ptolemy/domains/de/test/auto/knownFailedTests/dependencyLoop2.xml
==== Contents of test case:

	    # FIXME: we should use $relativeFilename here, but it
	    # might have backslashes under Windows, which causes no end
	    # of trouble.
	    createAndExecute $file
	    list {}
	
.... Test generated KNOWN error:
    while executing
ptolemy.kernel.util.IllegalActionException: Found a zero delay loop containing .dependencyLoop2.original
  in .dependencyLoop2 and .dependencyLoop2.original
	at ptolemy.actor.util.CausalityInterfaceForComposites._computeOutputPortDepth(CausalityInterfaceForComposites.java:759)
	at ptolemy.actor.util.CausalityInterfaceForComposites._computeInputDepth(CausalityInterfaceForComposites.java:696)
	at ptolemy.actor.util.CausalityInterfaceForComposites._computeOutputPortDepth(CausalityInterfaceForComposites.java:765)
	at ptolemy.actor.util.CausalityInterfaceForComposites._computeInputDepth(CausalityInterfaceForComposites.java:696)
	at ptolemy.actor.util.CausalityInterfaceForComposites._computeOutputPortDepth(CausalityInterfaceForComposites.java:765)
	at ptolemy.actor.util.CausalityInterfaceForComposites._computeInputDepth(CausalityInterfaceForComposites.java:696)
	at ptolemy.actor.util.CausalityInterfaceForComposites._computeActorDepth(CausalityInterfaceForComposites.java:532)
	at ptolemy.actor.util.CausalityInterfaceForComposites.checkForCycles(CausalityInterfaceForComposites.java:96)
	at ptolemy.domains.de.kernel.DEDirector.preinitialize(DEDirector.java:1338)
	at ptolemy.actor.CompositeActor.preinitialize(CompositeActor.java:1828)
	at ptolemy.actor.Manager.preinitializeAndResolveTypes(Manager.java:1040)
	at ptolemy.actor.Manager.initialize(Manager.java:710)
	at ptolemy.actor.Manager.execute(Manager.java:356)
	at ptolemy.actor.Manager.run(Manager.java:1263)
	at ptolemy.actor.Manager$PtolemyRunThread.run(Manager.java:1915)

    while executing
ptolemy.kernel.util.IllegalActionException: Found a zero delay loop containing .dependencyLoop2.original
  in .dependencyLoop2 and .dependencyLoop2.original
    while executing
"java::new ptolemy.moml.MoMLSimpleApplication $file
"
    (procedure "createAndExecute" line 2)
    invoked from within
"createAndExecute $file"
    ("uplevel" body line 5)
    invoked from within
"uplevel $contents_of_test"
------------------ testing $PTII/ptolemy/domains/de/test/auto/knownFailedTests/DESDFClockTest.xml (Known Failure) 
2068 ms. Memory: 175104K Free: 104951K (60%)


==== $PTIIhome/travis/build/icyphy/ptII/ptolemy/domains/de/test/../../../../: Auto Automatic test in file $PTII/ptolemy/domains/de/test/auto/knownFailedTests/DESDFClockTest.xml
==== Contents of test case:

	    # FIXME: we should use $relativeFilename here, but it
	    # might have backslashes under Windows, which causes no end
	    # of trouble.
	    createAndExecute $file
	    list {}
	
.... Test generated KNOWN error:
    while executing
ptolemy.kernel.util.IllegalActionException: Actor is not ready to fire.  Perhaps UpSample.prefire() returned false? Try debugging the actor by selecting "Listen to Actor".  Also, for SDF check moml for tokenConsumptionRate on input.
  in .DESDFClockTest.Play Bell.Copy1:SDF Director and .DESDFClockTest.Play Bell.UpSample
	at ptolemy.actor.sched.StaticSchedulingDirector.fire(StaticSchedulingDirector.java:227)
	at ptolemy.domains.sdf.kernel.SDFDirector.fire(SDFDirector.java:500)
	at ptolemy.actor.CompositeActor.fire(CompositeActor.java:455)
	at ptolemy.domains.de.kernel.DEDirector._fire(DEDirector.java:1949)
	at ptolemy.domains.de.kernel.DEDirector.fire(DEDirector.java:502)
	at ptolemy.actor.CompositeActor.fire(CompositeActor.java:455)
	at ptolemy.actor.Manager.iterate(Manager.java:851)
	at ptolemy.actor.Manager.execute(Manager.java:369)
	at ptolemy.actor.Manager.run(Manager.java:1263)
	at ptolemy.actor.Manager$PtolemyRunThread.run(Manager.java:1915)

    while executing
ptolemy.kernel.util.IllegalActionException: Actor is not ready to fire.  Perhaps UpSample.prefire() returned false? Try debugging the actor by selecting "Listen to Actor".  Also, for SDF check moml for tokenConsumptionRate on input.
  in .DESDFClockTest.Play Bell.Copy1:SDF Director and .DESDFClockTest.Play Bell.UpSample
    while executing
"java::new ptolemy.moml.MoMLSimpleApplication $file
"
    (procedure "createAndExecute" line 2)
    invoked from within
"createAndExecute $file"
    ("uplevel" body line 5)
    invoked from within
"uplevel $contents_of_test"
------------------ testing $PTII/ptolemy/domains/de/test/auto/ActorDepthCalculation_actorWithoutPorts.xml
auto.tcl: Setting watchdog for 200 seconds at Wed Jul 10 17:45:46 UTC 2019
16 ms. Memory: 175104K Free: 97273K (56%)
ptolemy.util.test.WatchDog.cancel(): canceling Wed Jul 10 17:45:46 UTC 2019
auto.tcl: Setting watchdog for 200 seconds at Wed Jul 10 17:45:46 UTC 2019
6 ms. Memory: 175104K Free: 95705K (55%)
ptolemy.util.test.WatchDog.cancel(): canceling Wed Jul 10 17:45:46 UTC 2019
------------------ testing $PTII/ptolemy/domains/de/test/auto/AssemblyLine.xml
auto.tcl: Setting watchdog for 200 seconds at Wed Jul 10 17:45:46 UTC 2019
26 ms. Memory: 51200K Free: 28216K (55%)
ptolemy.util.test.WatchDog.cancel(): canceling Wed Jul 10 17:45:47 UTC 2019
auto.tcl: Setting watchdog for 200 seconds at Wed Jul 10 17:45:47 UTC 2019
13 ms. Memory: 51200K Free: 27538K (54%)
ptolemy.util.test.WatchDog.cancel(): canceling Wed Jul 10 17:45:47 UTC 2019
------------------ testing $PTII/ptolemy/domains/de/test/auto/CQBug1.xml
auto.tcl: Setting watchdog for 200 seconds at Wed Jul 10 17:45:47 UTC 2019
4 ms. Memory: 51200K Free: 33755K (66%)
ptolemy.util.test.WatchDog.cancel(): canceling Wed Jul 10 17:45:47 UTC 2019
auto.tcl: Setting watchdog for 200 seconds at Wed Jul 10 17:45:47 UTC 2019
3 ms. Memory: 51200K Free: 33375K (65%)
ptolemy.util.test.WatchDog.cancel(): canceling Wed Jul 10 17:45:47 UTC 2019
------------------ testing $PTII/ptolemy/domains/de/test/auto/CancelFireAt.xml
auto.tcl: Setting watchdog for 200 seconds at Wed Jul 10 17:45:47 UTC 2019
12 ms. Memory: 48128K Free: 31811K (66%)
ptolemy.util.test.WatchDog.cancel(): canceling Wed Jul 10 17:45:47 UTC 2019
auto.tcl: Setting watchdog for 200 seconds at Wed Jul 10 17:45:47 UTC 2019
4 ms. Memory: 48128K Free: 31495K (65%)
ptolemy.util.test.WatchDog.cancel(): canceling Wed Jul 10 17:45:47 UTC 2019
------------------ testing $PTII/ptolemy/domains/de/test/auto/CausalityAndComposabilityAnalysis.xml
auto.tcl: Setting watchdog for 200 seconds at Wed Jul 10 17:45:47 UTC 2019
18 ms. Memory: 48128K Free: 30016K (62%)
ptolemy.util.test.WatchDog.cancel(): canceling Wed Jul 10 17:45:47 UTC 2019
auto.tcl: Setting watchdog for 200 seconds at Wed Jul 10 17:45:47 UTC 2019
7 ms. Memory: 48128K Free: 29418K (61%)
ptolemy.util.test.WatchDog.cancel(): canceling Wed Jul 10 17:45:47 UTC 2019
------------------ testing $PTII/ptolemy/domains/de/test/auto/CausalityInterface1.xml
auto.tcl: Setting watchdog for 200 seconds at Wed Jul 10 17:45:47 UTC 2019
39 ms. Memory: 48128K Free: 28400K (59%)
ptolemy.util.test.WatchDog.cancel(): canceling Wed Jul 10 17:45:47 UTC 2019
auto.tcl: Setting watchdog for 200 seconds at Wed Jul 10 17:45:47 UTC 2019
6 ms. Memory: 48128K Free: 27515K (57%)
ptolemy.util.test.WatchDog.cancel(): canceling Wed Jul 10 17:45:47 UTC 2019
------------------ testing $PTII/ptolemy/domains/de/test/auto/CausalityInterface15.xml
auto.tcl: Setting watchdog for 200 seconds at Wed Jul 10 17:45:47 UTC 2019
11 ms. Memory: 48128K Free: 28433K (59%)
ptolemy.util.test.WatchDog.cancel(): canceling Wed Jul 10 17:45:47 UTC 2019
auto.tcl: Setting watchdog for 200 seconds at Wed Jul 10 17:45:47 UTC 2019
5 ms. Memory: 48128K Free: 27733K (58%)
ptolemy.util.test.WatchDog.cancel(): canceling Wed Jul 10 17:45:47 UTC 2019
------------------ testing $PTII/ptolemy/domains/de/test/auto/CausalityInterface2.xml
auto.tcl: Setting watchdog for 200 seconds at Wed Jul 10 17:45:47 UTC 2019
8 ms. Memory: 48128K Free: 29444K (61%)
ptolemy.util.test.WatchDog.cancel(): canceling Wed Jul 10 17:45:47 UTC 2019
auto.tcl: Setting watchdog for 200 seconds at Wed Jul 10 17:45:47 UTC 2019
5 ms. Memory: 48128K Free: 28773K (60%)
ptolemy.util.test.WatchDog.cancel(): canceling Wed Jul 10 17:45:47 UTC 2019
------------------ testing $PTII/ptolemy/domains/de/test/auto/CausalityInterface3.xml
auto.tcl: Setting watchdog for 200 seconds at Wed Jul 10 17:45:47 UTC 2019
5 ms. Memory: 48128K Free: 29276K (61%)
ptolemy.util.test.WatchDog.cancel(): canceling Wed Jul 10 17:45:47 UTC 2019
auto.tcl: Setting watchdog for 200 seconds at Wed Jul 10 17:45:47 UTC 2019
4 ms. Memory: 48128K Free: 28440K (59%)
ptolemy.util.test.WatchDog.cancel(): canceling Wed Jul 10 17:45:48 UTC 2019
------------------ testing $PTII/ptolemy/domains/de/test/auto/ClockDrift.xml
auto.tcl: Setting watchdog for 200 seconds at Wed Jul 10 17:45:48 UTC 2019
89 ms. Memory: 48128K Free: 21536K (45%)
ptolemy.util.test.WatchDog.cancel(): canceling Wed Jul 10 17:45:48 UTC 2019
auto.tcl: Setting watchdog for 200 seconds at Wed Jul 10 17:45:48 UTC 2019
61 ms. Memory: 48128K Free: 18235K (38%)
ptolemy.util.test.WatchDog.cancel(): canceling Wed Jul 10 17:45:48 UTC 2019
------------------ testing $PTII/ptolemy/domains/de/test/auto/ClockDriftAndValueChange.xml
auto.tcl: Setting watchdog for 200 seconds at Wed Jul 10 17:45:48 UTC 2019
53 ms. Memory: 48128K Free: 21801K (45%)
ptolemy.util.test.WatchDog.cancel(): canceling Wed Jul 10 17:45:48 UTC 2019
auto.tcl: Setting watchdog for 200 seconds at Wed Jul 10 17:45:48 UTC 2019
34 ms. Memory: 48128K Free: 18767K (39%)
ptolemy.util.test.WatchDog.cancel(): canceling Wed Jul 10 17:45:48 UTC 2019
------------------ testing $PTII/ptolemy/domains/de/test/auto/ClockDriftChange.xml
auto.tcl: Setting watchdog for 200 seconds at Wed Jul 10 17:45:48 UTC 2019
22 ms. Memory: 48128K Free: 23615K (49%)
ptolemy.util.test.WatchDog.cancel(): canceling Wed Jul 10 17:45:48 UTC 2019
auto.tcl: Setting watchdog for 200 seconds at Wed Jul 10 17:45:48 UTC 2019
18 ms. Memory: 48128K Free: 20886K (43%)
ptolemy.util.test.WatchDog.cancel(): canceling Wed Jul 10 17:45:48 UTC 2019
------------------ testing $PTII/ptolemy/domains/de/test/auto/ComposableCausalityAnalysis.xml
auto.tcl: Setting watchdog for 200 seconds at Wed Jul 10 17:45:48 UTC 2019
2 ms. Memory: 48128K Free: 28043K (58%)
ptolemy.util.test.WatchDog.cancel(): canceling Wed Jul 10 17:45:48 UTC 2019
auto.tcl: Setting watchdog for 200 seconds at Wed Jul 10 17:45:48 UTC 2019
2 ms. Memory: 48128K Free: 27025K (56%)
ptolemy.util.test.WatchDog.cancel(): canceling Wed Jul 10 17:45:48 UTC 2019
------------------ testing $PTII/ptolemy/domains/de/test/auto/DEFixedPointLimitation.xml
auto.tcl: Setting watchdog for 200 seconds at Wed Jul 10 17:45:48 UTC 2019
3 ms. Memory: 48128K Free: 29378K (61%)
ptolemy.util.test.WatchDog.cancel(): canceling Wed Jul 10 17:45:48 UTC 2019
auto.tcl: Setting watchdog for 200 seconds at Wed Jul 10 17:45:48 UTC 2019
5 ms. Memory: 48128K Free: 28723K (60%)
ptolemy.util.test.WatchDog.cancel(): canceling Wed Jul 10 17:45:48 UTC 2019
------------------ testing $PTII/ptolemy/domains/de/test/auto/DEScheduleTest.xml
auto.tcl: Setting watchdog for 200 seconds at Wed Jul 10 17:45:48 UTC 2019
8 ms. Memory: 48128K Free: 29878K (62%)
ptolemy.util.test.WatchDog.cancel(): canceling Wed Jul 10 17:45:49 UTC 2019
auto.tcl: Setting watchdog for 200 seconds at Wed Jul 10 17:45:49 UTC 2019
4 ms. Memory: 48128K Free: 29071K (60%)
ptolemy.util.test.WatchDog.cancel(): canceling Wed Jul 10 17:45:49 UTC 2019
------------------ testing $PTII/ptolemy/domains/de/test/auto/DEinDEwithStartTimes.xml
auto.tcl: Setting watchdog for 200 seconds at Wed Jul 10 17:45:49 UTC 2019
7 ms. Memory: 48128K Free: 28156K (59%)
ptolemy.util.test.WatchDog.cancel(): canceling Wed Jul 10 17:45:49 UTC 2019
auto.tcl: Setting watchdog for 200 seconds at Wed Jul 10 17:45:49 UTC 2019
5 ms. Memory: 48128K Free: 27033K (56%)
ptolemy.util.test.WatchDog.cancel(): canceling Wed Jul 10 17:45:49 UTC 2019
------------------ testing $PTII/ptolemy/domains/de/test/auto/DEinDEwithStartTimes2.xml
auto.tcl: Setting watchdog for 200 seconds at Wed Jul 10 17:45:49 UTC 2019
6 ms. Memory: 48128K Free: 27377K (57%)
ptolemy.util.test.WatchDog.cancel(): canceling Wed Jul 10 17:45:49 UTC 2019
auto.tcl: Setting watchdog for 200 seconds at Wed Jul 10 17:45:49 UTC 2019
5 ms. Memory: 48128K Free: 26068K (54%)
ptolemy.util.test.WatchDog.cancel(): canceling Wed Jul 10 17:45:49 UTC 2019
------------------ testing $PTII/ptolemy/domains/de/test/auto/DateDemo.xml
auto.tcl: Setting watchdog for 200 seconds at Wed Jul 10 17:45:49 UTC 2019
16 ms. Memory: 48128K Free: 22023K (46%)
ptolemy.util.test.WatchDog.cancel(): canceling Wed Jul 10 17:45:49 UTC 2019
auto.tcl: Setting watchdog for 200 seconds at Wed Jul 10 17:45:49 UTC 2019
13 ms. Memory: 48128K Free: 20497K (43%)
ptolemy.util.test.WatchDog.cancel(): canceling Wed Jul 10 17:45:49 UTC 2019
------------------ testing $PTII/ptolemy/domains/de/test/auto/DateToEvent.xml
auto.tcl: Setting watchdog for 200 seconds at Wed Jul 10 17:45:49 UTC 2019
2014 ms. Memory: 48128K Free: 17493K (36%)
ptolemy.util.test.WatchDog.cancel(): canceling Wed Jul 10 17:45:51 UTC 2019
auto.tcl: Setting watchdog for 200 seconds at Wed Jul 10 17:45:51 UTC 2019
2010 ms. Memory: 48128K Free: 16599K (34%)
ptolemy.util.test.WatchDog.cancel(): canceling Wed Jul 10 17:45:53 UTC 2019
------------------ testing $PTII/ptolemy/domains/de/test/auto/DepthTest1.xml
auto.tcl: Setting watchdog for 200 seconds at Wed Jul 10 17:45:53 UTC 2019
3 ms. Memory: 48128K Free: 30805K (64%)
ptolemy.util.test.WatchDog.cancel(): canceling Wed Jul 10 17:45:53 UTC 2019
auto.tcl: Setting watchdog for 200 seconds at Wed Jul 10 17:45:53 UTC 2019
3 ms. Memory: 48128K Free: 30312K (63%)
ptolemy.util.test.WatchDog.cancel(): canceling Wed Jul 10 17:45:53 UTC 2019
------------------ testing $PTII/ptolemy/domains/de/test/auto/DepthTest2.xml
auto.tcl: Setting watchdog for 200 seconds at Wed Jul 10 17:45:53 UTC 2019
9 ms. Memory: 48128K Free: 27745K (58%)
ptolemy.util.test.WatchDog.cancel(): canceling Wed Jul 10 17:45:53 UTC 2019
auto.tcl: Setting watchdog for 200 seconds at Wed Jul 10 17:45:53 UTC 2019
3 ms. Memory: 48128K Free: 27118K (56%)
ptolemy.util.test.WatchDog.cancel(): canceling Wed Jul 10 17:45:53 UTC 2019
------------------ testing $PTII/ptolemy/domains/de/test/auto/DepthTest3.xml
auto.tcl: Setting watchdog for 200 seconds at Wed Jul 10 17:45:53 UTC 2019
3 ms. Memory: 48128K Free: 31079K (65%)
ptolemy.util.test.WatchDog.cancel(): canceling Wed Jul 10 17:45:53 UTC 2019
auto.tcl: Setting watchdog for 200 seconds at Wed Jul 10 17:45:53 UTC 2019
2 ms. Memory: 48128K Free: 30646K (64%)
ptolemy.util.test.WatchDog.cancel(): canceling Wed Jul 10 17:45:53 UTC 2019
------------------ testing $PTII/ptolemy/domains/de/test/auto/DepthTest4.xml
auto.tcl: Setting watchdog for 200 seconds at Wed Jul 10 17:45:53 UTC 2019
5 ms. Memory: 48128K Free: 29243K (61%)
ptolemy.util.test.WatchDog.cancel(): canceling Wed Jul 10 17:45:53 UTC 2019
auto.tcl: Setting watchdog for 200 seconds at Wed Jul 10 17:45:53 UTC 2019
3 ms. Memory: 48128K Free: 28371K (59%)
ptolemy.util.test.WatchDog.cancel(): canceling Wed Jul 10 17:45:53 UTC 2019
------------------ testing $PTII/ptolemy/domains/de/test/auto/DepthTest5.xml
auto.tcl: Setting watchdog for 200 seconds at Wed Jul 10 17:45:54 UTC 2019
5 ms. Memory: 48128K Free: 28546K (59%)
ptolemy.util.test.WatchDog.cancel(): canceling Wed Jul 10 17:45:54 UTC 2019
auto.tcl: Setting watchdog for 200 seconds at Wed Jul 10 17:45:54 UTC 2019
4 ms. Memory: 48128K Free: 27932K (58%)
ptolemy.util.test.WatchDog.cancel(): canceling Wed Jul 10 17:45:54 UTC 2019
------------------ testing $PTII/ptolemy/domains/de/test/auto/DepthTest6.xml
auto.tcl: Setting watchdog for 200 seconds at Wed Jul 10 17:45:54 UTC 2019
6 ms. Memory: 48128K Free: 28473K (59%)
ptolemy.util.test.WatchDog.cancel(): canceling Wed Jul 10 17:45:54 UTC 2019
auto.tcl: Setting watchdog for 200 seconds at Wed Jul 10 17:45:54 UTC 2019
3 ms. Memory: 48128K Free: 27910K (58%)
ptolemy.util.test.WatchDog.cancel(): canceling Wed Jul 10 17:45:54 UTC 2019
------------------ testing $PTII/ptolemy/domains/de/test/auto/DepthTest7.xml
auto.tcl: Setting watchdog for 200 seconds at Wed Jul 10 17:45:54 UTC 2019
3 ms. Memory: 48128K Free: 29185K (61%)
ptolemy.util.test.WatchDog.cancel(): canceling Wed Jul 10 17:45:54 UTC 2019
auto.tcl: Setting watchdog for 200 seconds at Wed Jul 10 17:45:54 UTC 2019
3 ms. Memory: 48128K Free: 28248K (59%)
ptolemy.util.test.WatchDog.cancel(): canceling Wed Jul 10 17:45:54 UTC 2019
------------------ testing $PTII/ptolemy/domains/de/test/auto/EventToDate.xml
auto.tcl: Setting watchdog for 200 seconds at Wed Jul 10 17:45:54 UTC 2019
3007 ms. Memory: 48128K Free: 19790K (41%)
ptolemy.util.test.WatchDog.cancel(): canceling Wed Jul 10 17:45:57 UTC 2019
auto.tcl: Setting watchdog for 200 seconds at Wed Jul 10 17:45:57 UTC 2019
3005 ms. Memory: 48128K Free: 19093K (40%)
ptolemy.util.test.WatchDog.cancel(): canceling Wed Jul 10 17:46:00 UTC 2019
------------------ testing $PTII/ptolemy/domains/de/test/auto/FSM1.xml
auto.tcl: Setting watchdog for 200 seconds at Wed Jul 10 17:46:00 UTC 2019
34 ms. Memory: 48128K Free: 21285K (44%)
ptolemy.util.test.WatchDog.cancel(): canceling Wed Jul 10 17:46:00 UTC 2019
auto.tcl: Setting watchdog for 200 seconds at Wed Jul 10 17:46:00 UTC 2019
19 ms. Memory: 48128K Free: 18094K (38%)
ptolemy.util.test.WatchDog.cancel(): canceling Wed Jul 10 17:46:00 UTC 2019
------------------ testing $PTII/ptolemy/domains/de/test/auto/FSM7.xml
auto.tcl: Setting watchdog for 200 seconds at Wed Jul 10 17:46:00 UTC 2019
17 ms. Memory: 48128K Free: 21071K (44%)
ptolemy.util.test.WatchDog.cancel(): canceling Wed Jul 10 17:46:00 UTC 2019
auto.tcl: Setting watchdog for 200 seconds at Wed Jul 10 17:46:00 UTC 2019
26 ms. Memory: 48128K Free: 17921K (37%)
ptolemy.util.test.WatchDog.cancel(): canceling Wed Jul 10 17:46:00 UTC 2019
------------------ testing $PTII/ptolemy/domains/de/test/auto/Inspection.xml
auto.tcl: Setting watchdog for 200 seconds at Wed Jul 10 17:46:00 UTC 2019
40 ms. Memory: 48128K Free: 21104K (44%)
ptolemy.util.test.WatchDog.cancel(): canceling Wed Jul 10 17:46:00 UTC 2019
auto.tcl: Setting watchdog for 200 seconds at Wed Jul 10 17:46:00 UTC 2019
33 ms. Memory: 48128K Free: 19314K (40%)
ptolemy.util.test.WatchDog.cancel(): canceling Wed Jul 10 17:46:00 UTC 2019
------------------ testing $PTII/ptolemy/domains/de/test/auto/Iteration.xml
auto.tcl: Setting watchdog for 200 seconds at Wed Jul 10 17:46:00 UTC 2019
8 ms. Memory: 48128K Free: 26899K (56%)
ptolemy.util.test.WatchDog.cancel(): canceling Wed Jul 10 17:46:00 UTC 2019
auto.tcl: Setting watchdog for 200 seconds at Wed Jul 10 17:46:00 UTC 2019
7 ms. Memory: 48128K Free: 25751K (54%)
ptolemy.util.test.WatchDog.cancel(): canceling Wed Jul 10 17:46:00 UTC 2019
------------------ testing $PTII/ptolemy/domains/de/test/auto/LineFault.xml
auto.tcl: Setting watchdog for 200 seconds at Wed Jul 10 17:46:01 UTC 2019
656 ms. Memory: 48128K Free: 30682K (64%)
ptolemy.util.test.WatchDog.cancel(): canceling Wed Jul 10 17:46:02 UTC 2019
auto.tcl: Setting watchdog for 200 seconds at Wed Jul 10 17:46:02 UTC 2019
647 ms. Memory: 60416K Free: 26976K (45%)
ptolemy.util.test.WatchDog.cancel(): canceling Wed Jul 10 17:46:02 UTC 2019
------------------ testing $PTII/ptolemy/domains/de/test/auto/MergeModel1Add.xml
auto.tcl: Setting watchdog for 200 seconds at Wed Jul 10 17:46:02 UTC 2019
26 ms. Memory: 55296K Free: 19863K (36%)
ptolemy.util.test.WatchDog.cancel(): canceling Wed Jul 10 17:46:02 UTC 2019
auto.tcl: Setting watchdog for 200 seconds at Wed Jul 10 17:46:02 UTC 2019
11 ms. Memory: 55296K Free: 18223K (33%)
ptolemy.util.test.WatchDog.cancel(): canceling Wed Jul 10 17:46:02 UTC 2019
------------------ testing $PTII/ptolemy/domains/de/test/auto/MergeModel2Add.xml
auto.tcl: Setting watchdog for 200 seconds at Wed Jul 10 17:46:02 UTC 2019
15 ms. Memory: 51200K Free: 18323K (36%)
ptolemy.util.test.WatchDog.cancel(): canceling Wed Jul 10 17:46:03 UTC 2019
auto.tcl: Setting watchdog for 200 seconds at Wed Jul 10 17:46:03 UTC 2019
11 ms. Memory: 51200K Free: 16899K (33%)
ptolemy.util.test.WatchDog.cancel(): canceling Wed Jul 10 17:46:03 UTC 2019
------------------ testing $PTII/ptolemy/domains/de/test/auto/MergeModel3Add.xml
auto.tcl: Setting watchdog for 200 seconds at Wed Jul 10 17:46:03 UTC 2019
11 ms. Memory: 51200K Free: 17850K (35%)
ptolemy.util.test.WatchDog.cancel(): canceling Wed Jul 10 17:46:03 UTC 2019
auto.tcl: Setting watchdog for 200 seconds at Wed Jul 10 17:46:03 UTC 2019
8 ms. Memory: 51200K Free: 16285K (32%)
ptolemy.util.test.WatchDog.cancel(): canceling Wed Jul 10 17:46:03 UTC 2019
------------------ testing $PTII/ptolemy/domains/de/test/auto/MergeWithoutDiscard.xml
auto.tcl: Setting watchdog for 200 seconds at Wed Jul 10 17:46:03 UTC 2019
5 ms. Memory: 51200K Free: 32214K (63%)
ptolemy.util.test.WatchDog.cancel(): canceling Wed Jul 10 17:46:03 UTC 2019
auto.tcl: Setting watchdog for 200 seconds at Wed Jul 10 17:46:03 UTC 2019
1 ms. Memory: 51200K Free: 31783K (62%)
ptolemy.util.test.WatchDog.cancel(): canceling Wed Jul 10 17:46:03 UTC 2019
------------------ testing $PTII/ptolemy/domains/de/test/auto/Modal1.xml
auto.tcl: Setting watchdog for 200 seconds at Wed Jul 10 17:46:03 UTC 2019
13 ms. Memory: 51200K Free: 24332K (48%)
ptolemy.util.test.WatchDog.cancel(): canceling Wed Jul 10 17:46:03 UTC 2019
auto.tcl: Setting watchdog for 200 seconds at Wed Jul 10 17:46:03 UTC 2019
14 ms. Memory: 51200K Free: 20913K (41%)
ptolemy.util.test.WatchDog.cancel(): canceling Wed Jul 10 17:46:03 UTC 2019
------------------ testing $PTII/ptolemy/domains/de/test/auto/Modal2.xml
auto.tcl: Setting watchdog for 200 seconds at Wed Jul 10 17:46:03 UTC 2019
21 ms. Memory: 51200K Free: 24419K (48%)
ptolemy.util.test.WatchDog.cancel(): canceling Wed Jul 10 17:46:03 UTC 2019
auto.tcl: Setting watchdog for 200 seconds at Wed Jul 10 17:46:03 UTC 2019
24 ms. Memory: 51200K Free: 21178K (41%)
ptolemy.util.test.WatchDog.cancel(): canceling Wed Jul 10 17:46:03 UTC 2019
------------------ testing $PTII/ptolemy/domains/de/test/auto/Modal3.xml
auto.tcl: Setting watchdog for 200 seconds at Wed Jul 10 17:46:03 UTC 2019
21 ms. Memory: 51200K Free: 24176K (47%)
ptolemy.util.test.WatchDog.cancel(): canceling Wed Jul 10 17:46:03 UTC 2019
auto.tcl: Setting watchdog for 200 seconds at Wed Jul 10 17:46:03 UTC 2019
19 ms. Memory: 51200K Free: 21221K (41%)
ptolemy.util.test.WatchDog.cancel(): canceling Wed Jul 10 17:46:03 UTC 2019
------------------ testing $PTII/ptolemy/domains/de/test/auto/Modal4.xml
auto.tcl: Setting watchdog for 200 seconds at Wed Jul 10 17:46:03 UTC 2019
35 ms. Memory: 51200K Free: 23391K (46%)
ptolemy.util.test.WatchDog.cancel(): canceling Wed Jul 10 17:46:03 UTC 2019
auto.tcl: Setting watchdog for 200 seconds at Wed Jul 10 17:46:03 UTC 2019
16 ms. Memory: 51200K Free: 19537K (38%)
ptolemy.util.test.WatchDog.cancel(): canceling Wed Jul 10 17:46:03 UTC 2019
------------------ testing $PTII/ptolemy/domains/de/test/auto/Modal5.xml
auto.tcl: Setting watchdog for 200 seconds at Wed Jul 10 17:46:03 UTC 2019
14 ms. Memory: 51200K Free: 23363K (46%)
ptolemy.util.test.WatchDog.cancel(): canceling Wed Jul 10 17:46:03 UTC 2019
auto.tcl: Setting watchdog for 200 seconds at Wed Jul 10 17:46:03 UTC 2019
16 ms. Memory: 51200K Free: 19525K (38%)
ptolemy.util.test.WatchDog.cancel(): canceling Wed Jul 10 17:46:04 UTC 2019
------------------ testing $PTII/ptolemy/domains/de/test/auto/Modal6.xml
auto.tcl: Setting watchdog for 200 seconds at Wed Jul 10 17:46:04 UTC 2019
14 ms. Memory: 51200K Free: 24160K (47%)
ptolemy.util.test.WatchDog.cancel(): canceling Wed Jul 10 17:46:04 UTC 2019
auto.tcl: Setting watchdog for 200 seconds at Wed Jul 10 17:46:04 UTC 2019
19 ms. Memory: 51200K Free: 20547K (40%)
ptolemy.util.test.WatchDog.cancel(): canceling Wed Jul 10 17:46:04 UTC 2019
------------------ testing $PTII/ptolemy/domains/de/test/auto/Modal7.xml
auto.tcl: Setting watchdog for 200 seconds at Wed Jul 10 17:46:04 UTC 2019
11 ms. Memory: 51200K Free: 23120K (45%)
ptolemy.util.test.WatchDog.cancel(): canceling Wed Jul 10 17:46:04 UTC 2019
auto.tcl: Setting watchdog for 200 seconds at Wed Jul 10 17:46:04 UTC 2019
11 ms. Memory: 51200K Free: 19822K (39%)
ptolemy.util.test.WatchDog.cancel(): canceling Wed Jul 10 17:46:04 UTC 2019
------------------ testing $PTII/ptolemy/domains/de/test/auto/ModalModel.xml
auto.tcl: Setting watchdog for 200 seconds at Wed Jul 10 17:46:04 UTC 2019
275 ms. Memory: 51200K Free: 33621K (66%)
ptolemy.util.test.WatchDog.cancel(): canceling Wed Jul 10 17:46:04 UTC 2019
auto.tcl: Setting watchdog for 200 seconds at Wed Jul 10 17:46:04 UTC 2019
227 ms. Memory: 61440K Free: 36521K (59%)
ptolemy.util.test.WatchDog.cancel(): canceling Wed Jul 10 17:46:04 UTC 2019
------------------ testing $PTII/ptolemy/domains/de/test/auto/ModalSource.xml
auto.tcl: Setting watchdog for 200 seconds at Wed Jul 10 17:46:04 UTC 2019
9 ms. Memory: 51200K Free: 27701K (54%)
ptolemy.util.test.WatchDog.cancel(): canceling Wed Jul 10 17:46:05 UTC 2019
auto.tcl: Setting watchdog for 200 seconds at Wed Jul 10 17:46:05 UTC 2019
7 ms. Memory: 51200K Free: 25693K (50%)
ptolemy.util.test.WatchDog.cancel(): canceling Wed Jul 10 17:46:05 UTC 2019
------------------ testing $PTII/ptolemy/domains/de/test/auto/NonInterruptibleTimerZeroDelay.xml
auto.tcl: Setting watchdog for 200 seconds at Wed Jul 10 17:46:05 UTC 2019
4 ms. Memory: 51200K Free: 32949K (64%)
ptolemy.util.test.WatchDog.cancel(): canceling Wed Jul 10 17:46:05 UTC 2019
auto.tcl: Setting watchdog for 200 seconds at Wed Jul 10 17:46:05 UTC 2019
3 ms. Memory: 51200K Free: 32052K (63%)
ptolemy.util.test.WatchDog.cancel(): canceling Wed Jul 10 17:46:05 UTC 2019
------------------ testing $PTII/ptolemy/domains/de/test/auto/OpenQueueingNetwork.xml
auto.tcl: Setting watchdog for 200 seconds at Wed Jul 10 17:46:05 UTC 2019
3142 ms. Memory: 132096K Free: 62511K (47%)
ptolemy.util.test.WatchDog.cancel(): canceling Wed Jul 10 17:46:08 UTC 2019
auto.tcl: Setting watchdog for 200 seconds at Wed Jul 10 17:46:08 UTC 2019
2611 ms. Memory: 158720K Free: 77310K (49%)
ptolemy.util.test.WatchDog.cancel(): canceling Wed Jul 10 17:46:11 UTC 2019
------------------ testing $PTII/ptolemy/domains/de/test/auto/OpenQueuingNetwork.xml
auto.tcl: Setting watchdog for 200 seconds at Wed Jul 10 17:46:11 UTC 2019
259 ms. Memory: 58368K Free: 29858K (51%)
ptolemy.util.test.WatchDog.cancel(): canceling Wed Jul 10 17:46:11 UTC 2019
auto.tcl: Setting watchdog for 200 seconds at Wed Jul 10 17:46:11 UTC 2019
284 ms. Memory: 58368K Free: 10680K (18%)
ptolemy.util.test.WatchDog.cancel(): canceling Wed Jul 10 17:46:11 UTC 2019
------------------ testing $PTII/ptolemy/domains/de/test/auto/PeriodicSampler.xml
auto.tcl: Setting watchdog for 200 seconds at Wed Jul 10 17:46:11 UTC 2019
3 ms. Memory: 51200K Free: 32323K (63%)
ptolemy.util.test.WatchDog.cancel(): canceling Wed Jul 10 17:46:11 UTC 2019
auto.tcl: Setting watchdog for 200 seconds at Wed Jul 10 17:46:11 UTC 2019
2 ms. Memory: 51200K Free: 31779K (62%)
ptolemy.util.test.WatchDog.cancel(): canceling Wed Jul 10 17:46:11 UTC 2019
------------------ testing $PTII/ptolemy/domains/de/test/auto/PersistentIO.xml
auto.tcl: Setting watchdog for 200 seconds at Wed Jul 10 17:46:12 UTC 2019
7 ms. Memory: 51200K Free: 27248K (53%)
ptolemy.util.test.WatchDog.cancel(): canceling Wed Jul 10 17:46:12 UTC 2019
auto.tcl: Setting watchdog for 200 seconds at Wed Jul 10 17:46:12 UTC 2019
5 ms. Memory: 51200K Free: 25728K (50%)
ptolemy.util.test.WatchDog.cancel(): canceling Wed Jul 10 17:46:12 UTC 2019
------------------ testing $PTII/ptolemy/domains/de/test/auto/PortParameterResetOnInitialize.xml
auto.tcl: Setting watchdog for 200 seconds at Wed Jul 10 17:46:12 UTC 2019
3 ms. Memory: 51200K Free: 32231K (63%)
ptolemy.util.test.WatchDog.cancel(): canceling Wed Jul 10 17:46:12 UTC 2019
auto.tcl: Setting watchdog for 200 seconds at Wed Jul 10 17:46:12 UTC 2019
3 ms. Memory: 51200K Free: 31735K (62%)
ptolemy.util.test.WatchDog.cancel(): canceling Wed Jul 10 17:46:12 UTC 2019
------------------ testing $PTII/ptolemy/domains/de/test/auto/PortParameterUpdates.xml
auto.tcl: Setting watchdog for 200 seconds at Wed Jul 10 17:46:12 UTC 2019
4 ms. Memory: 51200K Free: 30514K (60%)
ptolemy.util.test.WatchDog.cancel(): canceling Wed Jul 10 17:46:12 UTC 2019
auto.tcl: Setting watchdog for 200 seconds at Wed Jul 10 17:46:12 UTC 2019
4 ms. Memory: 51200K Free: 29291K (57%)
ptolemy.util.test.WatchDog.cancel(): canceling Wed Jul 10 17:46:12 UTC 2019
------------------ testing $PTII/ptolemy/domains/de/test/auto/QueueAndServer.xml
auto.tcl: Setting watchdog for 200 seconds at Wed Jul 10 17:46:12 UTC 2019
26 ms. Memory: 51200K Free: 29267K (57%)
ptolemy.util.test.WatchDog.cancel(): canceling Wed Jul 10 17:46:12 UTC 2019
auto.tcl: Setting watchdog for 200 seconds at Wed Jul 10 17:46:12 UTC 2019
7 ms. Memory: 51200K Free: 27752K (54%)
ptolemy.util.test.WatchDog.cancel(): canceling Wed Jul 10 17:46:12 UTC 2019
------------------ testing $PTII/ptolemy/domains/de/test/auto/Records.xml
auto.tcl: Setting watchdog for 200 seconds at Wed Jul 10 17:46:12 UTC 2019
7 ms. Memory: 51200K Free: 31477K (61%)
ptolemy.util.test.WatchDog.cancel(): canceling Wed Jul 10 17:46:12 UTC 2019
auto.tcl: Setting watchdog for 200 seconds at Wed Jul 10 17:46:12 UTC 2019
8 ms. Memory: 51200K Free: 30965K (60%)
ptolemy.util.test.WatchDog.cancel(): canceling Wed Jul 10 17:46:12 UTC 2019
------------------ testing $PTII/ptolemy/domains/de/test/auto/ResetTransitionWithStartTime1.xml
auto.tcl: Setting watchdog for 200 seconds at Wed Jul 10 17:46:12 UTC 2019
13 ms. Memory: 51200K Free: 28731K (56%)
ptolemy.util.test.WatchDog.cancel(): canceling Wed Jul 10 17:46:12 UTC 2019
auto.tcl: Setting watchdog for 200 seconds at Wed Jul 10 17:46:12 UTC 2019
8 ms. Memory: 51200K Free: 26683K (52%)
ptolemy.util.test.WatchDog.cancel(): canceling Wed Jul 10 17:46:12 UTC 2019
------------------ testing $PTII/ptolemy/domains/de/test/auto/ResetTransitionWithStartTime2.xml
auto.tcl: Setting watchdog for 200 seconds at Wed Jul 10 17:46:12 UTC 2019
8 ms. Memory: 51200K Free: 28687K (56%)
ptolemy.util.test.WatchDog.cancel(): canceling Wed Jul 10 17:46:12 UTC 2019
auto.tcl: Setting watchdog for 200 seconds at Wed Jul 10 17:46:12 UTC 2019
8 ms. Memory: 51200K Free: 26639K (52%)
ptolemy.util.test.WatchDog.cancel(): canceling Wed Jul 10 17:46:12 UTC 2019
------------------ testing $PTII/ptolemy/domains/de/test/auto/ResetTransitionWithStartTime3.xml
auto.tcl: Setting watchdog for 200 seconds at Wed Jul 10 17:46:12 UTC 2019
9 ms. Memory: 51200K Free: 28685K (56%)
ptolemy.util.test.WatchDog.cancel(): canceling Wed Jul 10 17:46:12 UTC 2019
auto.tcl: Setting watchdog for 200 seconds at Wed Jul 10 17:46:12 UTC 2019
6 ms. Memory: 51200K Free: 26637K (52%)
ptolemy.util.test.WatchDog.cancel(): canceling Wed Jul 10 17:46:12 UTC 2019
------------------ testing $PTII/ptolemy/domains/de/test/auto/ResetTransitionWithStartTime4.xml
auto.tcl: Setting watchdog for 200 seconds at Wed Jul 10 17:46:13 UTC 2019
10 ms. Memory: 51200K Free: 29112K (57%)
ptolemy.util.test.WatchDog.cancel(): canceling Wed Jul 10 17:46:13 UTC 2019
auto.tcl: Setting watchdog for 200 seconds at Wed Jul 10 17:46:13 UTC 2019
4 ms. Memory: 51200K Free: 27660K (54%)
ptolemy.util.test.WatchDog.cancel(): canceling Wed Jul 10 17:46:13 UTC 2019
------------------ testing $PTII/ptolemy/domains/de/test/auto/ResettableTimer1.xml
auto.tcl: Setting watchdog for 200 seconds at Wed Jul 10 17:46:13 UTC 2019
3 ms. Memory: 51200K Free: 32861K (64%)
ptolemy.util.test.WatchDog.cancel(): canceling Wed Jul 10 17:46:13 UTC 2019
auto.tcl: Setting watchdog for 200 seconds at Wed Jul 10 17:46:13 UTC 2019
3 ms. Memory: 51200K Free: 32264K (63%)
ptolemy.util.test.WatchDog.cancel(): canceling Wed Jul 10 17:46:13 UTC 2019
------------------ testing $PTII/ptolemy/domains/de/test/auto/ResettableTimer2.xml
auto.tcl: Setting watchdog for 200 seconds at Wed Jul 10 17:46:13 UTC 2019
7 ms. Memory: 51200K Free: 32818K (64%)
ptolemy.util.test.WatchDog.cancel(): canceling Wed Jul 10 17:46:13 UTC 2019
auto.tcl: Setting watchdog for 200 seconds at Wed Jul 10 17:46:13 UTC 2019
3 ms. Memory: 51200K Free: 31794K (62%)
ptolemy.util.test.WatchDog.cancel(): canceling Wed Jul 10 17:46:13 UTC 2019
------------------ testing $PTII/ptolemy/domains/de/test/auto/ResettableTimer3.xml
auto.tcl: Setting watchdog for 200 seconds at Wed Jul 10 17:46:13 UTC 2019
2 ms. Memory: 51200K Free: 33327K (65%)
ptolemy.util.test.WatchDog.cancel(): canceling Wed Jul 10 17:46:13 UTC 2019
auto.tcl: Setting watchdog for 200 seconds at Wed Jul 10 17:46:13 UTC 2019
1 ms. Memory: 51200K Free: 32817K (64%)
ptolemy.util.test.WatchDog.cancel(): canceling Wed Jul 10 17:46:13 UTC 2019
------------------ testing $PTII/ptolemy/domains/de/test/auto/ResettableTimer4.xml
auto.tcl: Setting watchdog for 200 seconds at Wed Jul 10 17:46:13 UTC 2019
2 ms. Memory: 51200K Free: 32830K (64%)
ptolemy.util.test.WatchDog.cancel(): canceling Wed Jul 10 17:46:13 UTC 2019
auto.tcl: Setting watchdog for 200 seconds at Wed Jul 10 17:46:13 UTC 2019
1 ms. Memory: 51200K Free: 32316K (63%)
ptolemy.util.test.WatchDog.cancel(): canceling Wed Jul 10 17:46:13 UTC 2019
------------------ testing $PTII/ptolemy/domains/de/test/auto/ResettableTimer5.xml
auto.tcl: Setting watchdog for 200 seconds at Wed Jul 10 17:46:13 UTC 2019
2 ms. Memory: 51200K Free: 32828K (64%)
ptolemy.util.test.WatchDog.cancel(): canceling Wed Jul 10 17:46:13 UTC 2019
auto.tcl: Setting watchdog for 200 seconds at Wed Jul 10 17:46:13 UTC 2019
2 ms. Memory: 51200K Free: 32300K (63%)
ptolemy.util.test.WatchDog.cancel(): canceling Wed Jul 10 17:46:13 UTC 2019
------------------ testing $PTII/ptolemy/domains/de/test/auto/ResettableTimer6.xml
auto.tcl: Setting watchdog for 200 seconds at Wed Jul 10 17:46:13 UTC 2019
2 ms. Memory: 51200K Free: 32305K (63%)
ptolemy.util.test.WatchDog.cancel(): canceling Wed Jul 10 17:46:13 UTC 2019
auto.tcl: Setting watchdog for 200 seconds at Wed Jul 10 17:46:13 UTC 2019
2 ms. Memory: 51200K Free: 31801K (62%)
ptolemy.util.test.WatchDog.cancel(): canceling Wed Jul 10 17:46:13 UTC 2019
------------------ testing $PTII/ptolemy/domains/de/test/auto/ServerZeroDelay.xml
auto.tcl: Setting watchdog for 200 seconds at Wed Jul 10 17:46:13 UTC 2019
3 ms. Memory: 51200K Free: 32810K (64%)
ptolemy.util.test.WatchDog.cancel(): canceling Wed Jul 10 17:46:13 UTC 2019
auto.tcl: Setting watchdog for 200 seconds at Wed Jul 10 17:46:13 UTC 2019
4 ms. Memory: 51200K Free: 31786K (62%)
ptolemy.util.test.WatchDog.cancel(): canceling Wed Jul 10 17:46:13 UTC 2019
------------------ testing $PTII/ptolemy/domains/de/test/auto/SmartSender.xml
auto.tcl: Setting watchdog for 200 seconds at Wed Jul 10 17:46:13 UTC 2019
3002 ms. Memory: 51200K Free: 32819K (64%)
ptolemy.util.test.WatchDog.cancel(): canceling Wed Jul 10 17:46:16 UTC 2019
auto.tcl: Setting watchdog for 200 seconds at Wed Jul 10 17:46:16 UTC 2019
3001 ms. Memory: 51200K Free: 32277K (63%)
ptolemy.util.test.WatchDog.cancel(): canceling Wed Jul 10 17:46:19 UTC 2019
------------------ testing $PTII/ptolemy/domains/de/test/auto/ThreadedComposite.xml
auto.tcl: Setting watchdog for 200 seconds at Wed Jul 10 17:46:19 UTC 2019
292 ms. Memory: 51200K Free: 11314K (22%)
ptolemy.util.test.WatchDog.cancel(): canceling Wed Jul 10 17:46:20 UTC 2019
auto.tcl: Setting watchdog for 200 seconds at Wed Jul 10 17:46:20 UTC 2019
139 ms. Memory: 51200K Free: 28570K (56%)
ptolemy.util.test.WatchDog.cancel(): canceling Wed Jul 10 17:46:20 UTC 2019
------------------ testing $PTII/ptolemy/domains/de/test/auto/Time.xml
auto.tcl: Setting watchdog for 200 seconds at Wed Jul 10 17:46:20 UTC 2019
508 ms. Memory: 51200K Free: 13157K (26%)
ptolemy.util.test.WatchDog.cancel(): canceling Wed Jul 10 17:46:20 UTC 2019
auto.tcl: Setting watchdog for 200 seconds at Wed Jul 10 17:46:20 UTC 2019
488 ms. Memory: 51200K Free: 21454K (42%)
ptolemy.util.test.WatchDog.cancel(): canceling Wed Jul 10 17:46:21 UTC 2019
------------------ testing $PTII/ptolemy/domains/de/test/auto/TimeDelayZeroDelay.xml
auto.tcl: Setting watchdog for 200 seconds at Wed Jul 10 17:46:21 UTC 2019
3 ms. Memory: 51200K Free: 32734K (64%)
ptolemy.util.test.WatchDog.cancel(): canceling Wed Jul 10 17:46:21 UTC 2019
auto.tcl: Setting watchdog for 200 seconds at Wed Jul 10 17:46:21 UTC 2019
2 ms. Memory: 51200K Free: 32268K (63%)
ptolemy.util.test.WatchDog.cancel(): canceling Wed Jul 10 17:46:21 UTC 2019
------------------ testing $PTII/ptolemy/domains/de/test/auto/TimerZeroDelay.xml
auto.tcl: Setting watchdog for 200 seconds at Wed Jul 10 17:46:21 UTC 2019
3 ms. Memory: 51200K Free: 33166K (65%)
ptolemy.util.test.WatchDog.cancel(): canceling Wed Jul 10 17:46:21 UTC 2019
auto.tcl: Setting watchdog for 200 seconds at Wed Jul 10 17:46:21 UTC 2019
2 ms. Memory: 51200K Free: 32776K (64%)
ptolemy.util.test.WatchDog.cancel(): canceling Wed Jul 10 17:46:21 UTC 2019
------------------ testing $PTII/ptolemy/domains/de/test/auto/TimingParadox.xml
auto.tcl: Setting watchdog for 200 seconds at Wed Jul 10 17:46:21 UTC 2019
354 ms. Memory: 51200K Free: 21917K (43%)
ptolemy.util.test.WatchDog.cancel(): canceling Wed Jul 10 17:46:22 UTC 2019
auto.tcl: Setting watchdog for 200 seconds at Wed Jul 10 17:46:22 UTC 2019
346 ms. Memory: 61440K Free: 24484K (40%)
ptolemy.util.test.WatchDog.cancel(): canceling Wed Jul 10 17:46:22 UTC 2019
------------------ testing $PTII/ptolemy/domains/de/test/auto/TransferInputs.xml
auto.tcl: Setting watchdog for 200 seconds at Wed Jul 10 17:46:22 UTC 2019
2 ms. Memory: 55296K Free: 35340K (64%)
ptolemy.util.test.WatchDog.cancel(): canceling Wed Jul 10 17:46:22 UTC 2019
auto.tcl: Setting watchdog for 200 seconds at Wed Jul 10 17:46:22 UTC 2019
2 ms. Memory: 55296K Free: 34399K (62%)
ptolemy.util.test.WatchDog.cancel(): canceling Wed Jul 10 17:46:22 UTC 2019
------------------ testing $PTII/ptolemy/domains/de/test/auto/TransferOutputs2.xml
auto.tcl: Setting watchdog for 200 seconds at Wed Jul 10 17:46:22 UTC 2019
11 ms. Memory: 51200K Free: 28686K (56%)
ptolemy.util.test.WatchDog.cancel(): canceling Wed Jul 10 17:46:22 UTC 2019
auto.tcl: Setting watchdog for 200 seconds at Wed Jul 10 17:46:22 UTC 2019
4 ms. Memory: 51200K Free: 27222K (53%)
ptolemy.util.test.WatchDog.cancel(): canceling Wed Jul 10 17:46:22 UTC 2019
------------------ testing $PTII/ptolemy/domains/de/test/auto/Trilateration.xml
auto.tcl: Setting watchdog for 200 seconds at Wed Jul 10 17:46:22 UTC 2019
16310 ms. Memory: 683008K Free: 478541K (70%)
ptolemy.util.test.WatchDog.cancel(): canceling Wed Jul 10 17:46:40 UTC 2019
auto.tcl: Setting watchdog for 200 seconds at Wed Jul 10 17:46:40 UTC 2019
12034 ms. Memory: 683008K Free: 279204K (41%)
ptolemy.util.test.WatchDog.cancel(): canceling Wed Jul 10 17:46:52 UTC 2019
------------------ testing $PTII/ptolemy/domains/de/test/auto/TwoSigmaDelta.xml
auto.tcl: Setting watchdog for 200 seconds at Wed Jul 10 17:46:52 UTC 2019
2868 ms. Memory: 92160K Free: 35512K (39%)
ptolemy.util.test.WatchDog.cancel(): canceling Wed Jul 10 17:46:55 UTC 2019
auto.tcl: Setting watchdog for 200 seconds at Wed Jul 10 17:46:55 UTC 2019
2089 ms. Memory: 92160K Free: 39126K (42%)
ptolemy.util.test.WatchDog.cancel(): canceling Wed Jul 10 17:46:57 UTC 2019
------------------ testing $PTII/ptolemy/domains/de/test/auto/VariableDelay.xml
auto.tcl: Setting watchdog for 200 seconds at Wed Jul 10 17:46:57 UTC 2019
4 ms. Memory: 51200K Free: 31723K (62%)
ptolemy.util.test.WatchDog.cancel(): canceling Wed Jul 10 17:46:57 UTC 2019
auto.tcl: Setting watchdog for 200 seconds at Wed Jul 10 17:46:57 UTC 2019
2 ms. Memory: 51200K Free: 30699K (60%)
ptolemy.util.test.WatchDog.cancel(): canceling Wed Jul 10 17:46:57 UTC 2019
------------------ testing $PTII/ptolemy/domains/de/test/auto/VariableDelay2.xml
auto.tcl: Setting watchdog for 200 seconds at Wed Jul 10 17:46:57 UTC 2019
13 ms. Memory: 51200K Free: 32666K (64%)
ptolemy.util.test.WatchDog.cancel(): canceling Wed Jul 10 17:46:57 UTC 2019
auto.tcl: Setting watchdog for 200 seconds at Wed Jul 10 17:46:57 UTC 2019
3 ms. Memory: 51200K Free: 31642K (62%)
ptolemy.util.test.WatchDog.cancel(): canceling Wed Jul 10 17:46:57 UTC 2019
------------------ testing $PTII/ptolemy/domains/de/test/auto/VariableDelayZeroDelay.xml
auto.tcl: Setting watchdog for 200 seconds at Wed Jul 10 17:46:57 UTC 2019
3 ms. Memory: 51200K Free: 32665K (64%)
ptolemy.util.test.WatchDog.cancel(): canceling Wed Jul 10 17:46:57 UTC 2019
auto.tcl: Setting watchdog for 200 seconds at Wed Jul 10 17:46:57 UTC 2019
2 ms. Memory: 51200K Free: 32137K (63%)
ptolemy.util.test.WatchDog.cancel(): canceling Wed Jul 10 17:46:57 UTC 2019
------------------ testing $PTII/ptolemy/domains/de/test/auto/VariableDelayZeroDelay2.xml
auto.tcl: Setting watchdog for 200 seconds at Wed Jul 10 17:46:58 UTC 2019
2 ms. Memory: 51200K Free: 32664K (64%)
ptolemy.util.test.WatchDog.cancel(): canceling Wed Jul 10 17:46:58 UTC 2019
auto.tcl: Setting watchdog for 200 seconds at Wed Jul 10 17:46:58 UTC 2019
3 ms. Memory: 51200K Free: 31640K (62%)
ptolemy.util.test.WatchDog.cancel(): canceling Wed Jul 10 17:46:58 UTC 2019
------------------ testing $PTII/ptolemy/domains/de/test/auto/deInCt.xml
auto.tcl: Setting watchdog for 200 seconds at Wed Jul 10 17:46:58 UTC 2019
0
1
1
1
1
1
0
0
0
0
1
1
1
0
0
0
0
1
1
1
0
0
1
1
1
0
0
0
1
1
1
0
0
0
0
1
1
1
0
0
0
1
1
1
1
10 ms. Memory: 51200K Free: 31637K (62%)
ptolemy.util.test.WatchDog.cancel(): canceling Wed Jul 10 17:46:58 UTC 2019
auto.tcl: Setting watchdog for 200 seconds at Wed Jul 10 17:46:58 UTC 2019
0
1
1
1
0
0
0
0
1
1
1
0
0
0
0
0
0
1
1
1
0
0
1
1
1
0
0
0
0
1
1
1
1
0
0
0
0
9 ms. Memory: 51200K Free: 30099K (59%)
ptolemy.util.test.WatchDog.cancel(): canceling Wed Jul 10 17:46:58 UTC 2019
------------------ testing $PTII/ptolemy/domains/de/test/auto/deInCt2.xml
auto.tcl: Setting watchdog for 200 seconds at Wed Jul 10 17:46:58 UTC 2019
0
1
1
1
0
0
1
1
1
0
0
1
1
1
0
0
1
1
1
0
0
1
1
1
0
0
1
1
1
0
0
1
1
1
0
0
1
1
1
0
0
0
10 ms. Memory: 51200K Free: 31639K (62%)
ptolemy.util.test.WatchDog.cancel(): canceling Wed Jul 10 17:46:58 UTC 2019
auto.tcl: Setting watchdog for 200 seconds at Wed Jul 10 17:46:58 UTC 2019
0
1
1
1
0
0
1
1
1
0
0
1
1
1
0
0
1
1
1
0
0
1
1
1
0
0
1
1
1
0
0
1
1
1
0
0
1
1
1
0
0
0
7 ms. Memory: 51200K Free: 30101K (59%)
ptolemy.util.test.WatchDog.cancel(): canceling Wed Jul 10 17:46:58 UTC 2019
------------------ testing $PTII/ptolemy/domains/de/test/auto/dynamicCausalityInterface1.xml
auto.tcl: Setting watchdog for 200 seconds at Wed Jul 10 17:46:58 UTC 2019
5 ms. Memory: 51200K Free: 27572K (54%)
ptolemy.util.test.WatchDog.cancel(): canceling Wed Jul 10 17:46:58 UTC 2019
auto.tcl: Setting watchdog for 200 seconds at Wed Jul 10 17:46:58 UTC 2019
1 ms. Memory: 51200K Free: 27028K (53%)
ptolemy.util.test.WatchDog.cancel(): canceling Wed Jul 10 17:46:58 UTC 2019
------------------ testing $PTII/ptolemy/domains/de/test/auto/fsm_de_test.xml
auto.tcl: Setting watchdog for 200 seconds at Wed Jul 10 17:46:58 UTC 2019
12 ms. Memory: 51200K Free: 27470K (54%)
ptolemy.util.test.WatchDog.cancel(): canceling Wed Jul 10 17:46:58 UTC 2019
auto.tcl: Setting watchdog for 200 seconds at Wed Jul 10 17:46:58 UTC 2019
8 ms. Memory: 51200K Free: 25422K (50%)
ptolemy.util.test.WatchDog.cancel(): canceling Wed Jul 10 17:46:58 UTC 2019
------------------ testing $PTII/ptolemy/domains/de/test/auto/functionDependencyReconstruction.xml
auto.tcl: Setting watchdog for 200 seconds at Wed Jul 10 17:46:58 UTC 2019
3 ms. Memory: 51200K Free: 21406K (42%)
ptolemy.util.test.WatchDog.cancel(): canceling Wed Jul 10 17:46:58 UTC 2019
auto.tcl: Setting watchdog for 200 seconds at Wed Jul 10 17:46:58 UTC 2019
3 ms. Memory: 51200K Free: 19764K (39%)
ptolemy.util.test.WatchDog.cancel(): canceling Wed Jul 10 17:46:58 UTC 2019
------------------ testing $PTII/ptolemy/domains/de/test/auto/multirate.xml
auto.tcl: Setting watchdog for 200 seconds at Wed Jul 10 17:46:58 UTC 2019
5 ms. Memory: 51200K Free: 30109K (59%)
ptolemy.util.test.WatchDog.cancel(): canceling Wed Jul 10 17:46:58 UTC 2019
auto.tcl: Setting watchdog for 200 seconds at Wed Jul 10 17:46:58 UTC 2019
4 ms. Memory: 51200K Free: 28847K (56%)
ptolemy.util.test.WatchDog.cancel(): canceling Wed Jul 10 17:46:58 UTC 2019
------------------ testing $PTII/ptolemy/domains/de/test/auto/multirate2.xml
auto.tcl: Setting watchdog for 200 seconds at Wed Jul 10 17:46:58 UTC 2019
8 ms. Memory: 51200K Free: 30275K (59%)
ptolemy.util.test.WatchDog.cancel(): canceling Wed Jul 10 17:46:58 UTC 2019
auto.tcl: Setting watchdog for 200 seconds at Wed Jul 10 17:46:58 UTC 2019
3 ms. Memory: 51200K Free: 29026K (57%)
ptolemy.util.test.WatchDog.cancel(): canceling Wed Jul 10 17:46:58 UTC 2019
------------------ testing $PTII/ptolemy/domains/de/test/auto/realtime.xml
auto.tcl: Setting watchdog for 200 seconds at Wed Jul 10 17:46:58 UTC 2019
10003 ms. Memory: 51200K Free: 32351K (63%)
ptolemy.util.test.WatchDog.cancel(): canceling Wed Jul 10 17:47:08 UTC 2019
auto.tcl: Setting watchdog for 200 seconds at Wed Jul 10 17:47:08 UTC 2019
10002 ms. Memory: 51200K Free: 31815K (62%)
ptolemy.util.test.WatchDog.cancel(): canceling Wed Jul 10 17:47:19 UTC 2019
------------------ testing $PTII/ptolemy/domains/de/test/auto/relationGroup.xml
auto.tcl: Setting watchdog for 200 seconds at Wed Jul 10 17:47:19 UTC 2019
2 ms. Memory: 51200K Free: 33401K (65%)
ptolemy.util.test.WatchDog.cancel(): canceling Wed Jul 10 17:47:19 UTC 2019
auto.tcl: Setting watchdog for 200 seconds at Wed Jul 10 17:47:19 UTC 2019
2 ms. Memory: 51200K Free: 32859K (64%)
ptolemy.util.test.WatchDog.cancel(): canceling Wed Jul 10 17:47:19 UTC 2019
------------------ testing $PTII/ptolemy/domains/de/test/auto/relationGroup2.xml
auto.tcl: Setting watchdog for 200 seconds at Wed Jul 10 17:47:19 UTC 2019
3 ms. Memory: 51200K Free: 33202K (65%)
ptolemy.util.test.WatchDog.cancel(): canceling Wed Jul 10 17:47:19 UTC 2019
auto.tcl: Setting watchdog for 200 seconds at Wed Jul 10 17:47:19 UTC 2019
2 ms. Memory: 51200K Free: 32692K (64%)
ptolemy.util.test.WatchDog.cancel(): canceling Wed Jul 10 17:47:19 UTC 2019
------------------ testing $PTII/ptolemy/domains/de/test/auto/sortWithOpaquePorts.xml
auto.tcl: Setting watchdog for 200 seconds at Wed Jul 10 17:47:19 UTC 2019
2 ms. Memory: 51200K Free: 31668K (62%)
ptolemy.util.test.WatchDog.cancel(): canceling Wed Jul 10 17:47:19 UTC 2019
auto.tcl: Setting watchdog for 200 seconds at Wed Jul 10 17:47:19 UTC 2019
2 ms. Memory: 51200K Free: 30644K (60%)
ptolemy.util.test.WatchDog.cancel(): canceling Wed Jul 10 17:47:19 UTC 2019
------------------ testing $PTII/ptolemy/domains/de/test/auto/transferInputsandOutputs.xml
auto.tcl: Setting watchdog for 200 seconds at Wed Jul 10 17:47:19 UTC 2019
3 ms. Memory: 51200K Free: 29608K (58%)
ptolemy.util.test.WatchDog.cancel(): canceling Wed Jul 10 17:47:19 UTC 2019
auto.tcl: Setting watchdog for 200 seconds at Wed Jul 10 17:47:19 UTC 2019
4 ms. Memory: 51200K Free: 28584K (56%)
ptolemy.util.test.WatchDog.cancel(): canceling Wed Jul 10 17:47:19 UTC 2019
------------------ testing $PTII/ptolemy/domains/de/test/auto/triggerType.xml
auto.tcl: Setting watchdog for 200 seconds at Wed Jul 10 17:47:19 UTC 2019
2 ms. Memory: 51200K Free: 32633K (64%)
ptolemy.util.test.WatchDog.cancel(): canceling Wed Jul 10 17:47:19 UTC 2019
auto.tcl: Setting watchdog for 200 seconds at Wed Jul 10 17:47:19 UTC 2019
2 ms. Memory: 51200K Free: 31610K (62%)
ptolemy.util.test.WatchDog.cancel(): canceling Wed Jul 10 17:47:19 UTC 2019
07/10/19 05:47:19
Failed: 0  Total Tests: 192  ((Passed: 187, Newly Passed: 1)  Known Failed: 5) /home/travis/build/icyphy/ptII/ptolemy/domains/de/test
07/10/19 05:47:19
Failed: 0  Total Tests: 192  ((Passed: 187, Newly Passed: 1)  Known Failed: 5) /home/travis/build/icyphy/ptII/ptolemy/domains/de/test
----------------- testing (KnownFailure) /home/travis/build/icyphy/ptII/ptolemy/domains/de/test/auto/knownFailedTests/DESDFClockTest.xml
2014 ms. Memory: 51200K Free: 25518K (50%)
Known Failure: java.lang.reflect.InvocationTargetException
----------------- testing (KnownFailure) /home/travis/build/icyphy/ptII/ptolemy/domains/de/test/auto/knownFailedTests/DirectFeedback.xml
2 ms. Memory: 51200K Free: 21932K (43%)
Known Failure: java.lang.reflect.InvocationTargetException
----------------- testing (KnownFailure) /home/travis/build/icyphy/ptII/ptolemy/domains/de/test/auto/knownFailedTests/FSMSource.xml
7 ms. Memory: 51200K Free: 14254K (28%)
----------------- testing (KnownFailure) /home/travis/build/icyphy/ptII/ptolemy/domains/de/test/auto/knownFailedTests/HierarchicalModel.xml
4 ms. Memory: 51200K Free: 27412K (54%)
Known Failure: java.lang.reflect.InvocationTargetException
----------------- testing (KnownFailure) /home/travis/build/icyphy/ptII/ptolemy/domains/de/test/auto/knownFailedTests/dependencyLoop.xml
3 ms. Memory: 51200K Free: 12395K (24%)
Known Failure: java.lang.reflect.InvocationTargetException
----------------- testing (KnownFailure) /home/travis/build/icyphy/ptII/ptolemy/domains/de/test/auto/knownFailedTests/dependencyLoop2.xml
8 ms. Memory: 51200K Free: 26117K (51%)
Known Failure: java.lang.reflect.InvocationTargetException
No auto/linux-amd64/*.xml tests in /home/travis/build/icyphy/ptII/ptolemy/domains/de/test
AutoTests.java: About to close Vertx.
AutoTests.java: Vertx closed.

===========================================================================================
----------------- testing Wed Jul 10 17:47:21 UTC 2019 /home/travis/build/icyphy/ptII/ptolemy/domains/de/test/auto/ActorDepthCalculation_actorWithoutPorts.xml
----------------- Instantiating /home/travis/build/icyphy/ptII/ptolemy/domains/de/test/auto/ActorDepthCalculation_actorWithoutPorts.xml
2 ms. Memory: 51200K Free: 19173K (37%)
----------------- Invoking toplevel() on ptolemy.moml.MoMLSimpleApplication@721cf300
----------------- Done invoking toplevel() on ptolemy.moml.MoMLSimpleApplication@721cf300
reloadAllAccessors: .ActorDepthCalculation_actorWithoutPorts

===========================================================================================
----------------- testing Wed Jul 10 17:47:21 UTC 2019 /home/travis/build/icyphy/ptII/ptolemy/domains/de/test/auto/AssemblyLine.xml
----------------- Instantiating /home/travis/build/icyphy/ptII/ptolemy/domains/de/test/auto/AssemblyLine.xml
3 ms. Memory: 51200K Free: 12021K (23%)
----------------- Invoking toplevel() on ptolemy.moml.MoMLSimpleApplication@38ebfcec
----------------- Done invoking toplevel() on ptolemy.moml.MoMLSimpleApplication@38ebfcec
reloadAllAccessors: .AssemblyLine

===========================================================================================
----------------- testing Wed Jul 10 17:47:21 UTC 2019 /home/travis/build/icyphy/ptII/ptolemy/domains/de/test/auto/CQBug1.xml
----------------- Instantiating /home/travis/build/icyphy/ptII/ptolemy/domains/de/test/auto/CQBug1.xml
1 ms. Memory: 51200K Free: 9268K (18%)
----------------- Invoking toplevel() on ptolemy.moml.MoMLSimpleApplication@1c5967a4
----------------- Done invoking toplevel() on ptolemy.moml.MoMLSimpleApplication@1c5967a4
reloadAllAccessors: .CQBug1

===========================================================================================
----------------- testing Wed Jul 10 17:47:21 UTC 2019 /home/travis/build/icyphy/ptII/ptolemy/domains/de/test/auto/CancelFireAt.xml
----------------- Instantiating /home/travis/build/icyphy/ptII/ptolemy/domains/de/test/auto/CancelFireAt.xml
2 ms. Memory: 51200K Free: 35702K (70%)
----------------- Invoking toplevel() on ptolemy.moml.MoMLSimpleApplication@1f6ef4db
----------------- Done invoking toplevel() on ptolemy.moml.MoMLSimpleApplication@1f6ef4db
reloadAllAccessors: .CancelFireAt

===========================================================================================
----------------- testing Wed Jul 10 17:47:21 UTC 2019 /home/travis/build/icyphy/ptII/ptolemy/domains/de/test/auto/CausalityAndComposabilityAnalysis.xml
----------------- Instantiating /home/travis/build/icyphy/ptII/ptolemy/domains/de/test/auto/CausalityAndComposabilityAnalysis.xml
2 ms. Memory: 51200K Free: 31507K (62%)
----------------- Invoking toplevel() on ptolemy.moml.MoMLSimpleApplication@114e95b1
----------------- Done invoking toplevel() on ptolemy.moml.MoMLSimpleApplication@114e95b1
reloadAllAccessors: .CausalityAndComposabilityAnalysis

===========================================================================================
----------------- testing Wed Jul 10 17:47:21 UTC 2019 /home/travis/build/icyphy/ptII/ptolemy/domains/de/test/auto/CausalityInterface1.xml
----------------- Instantiating /home/travis/build/icyphy/ptII/ptolemy/domains/de/test/auto/CausalityInterface1.xml
5 ms. Memory: 51200K Free: 26349K (51%)
----------------- Invoking toplevel() on ptolemy.moml.MoMLSimpleApplication@324b9c08
----------------- Done invoking toplevel() on ptolemy.moml.MoMLSimpleApplication@324b9c08
reloadAllAccessors: .CausalityInterface1

===========================================================================================
----------------- testing Wed Jul 10 17:47:21 UTC 2019 /home/travis/build/icyphy/ptII/ptolemy/domains/de/test/auto/CausalityInterface15.xml
----------------- Instantiating /home/travis/build/icyphy/ptII/ptolemy/domains/de/test/auto/CausalityInterface15.xml
3 ms. Memory: 51200K Free: 20817K (41%)
----------------- Invoking toplevel() on ptolemy.moml.MoMLSimpleApplication@752a9819
----------------- Done invoking toplevel() on ptolemy.moml.MoMLSimpleApplication@752a9819
reloadAllAccessors: .CausalityInterface15

===========================================================================================
----------------- testing Wed Jul 10 17:47:21 UTC 2019 /home/travis/build/icyphy/ptII/ptolemy/domains/de/test/auto/CausalityInterface2.xml
----------------- Instantiating /home/travis/build/icyphy/ptII/ptolemy/domains/de/test/auto/CausalityInterface2.xml
1 ms. Memory: 51200K Free: 16147K (32%)
[...]
	at ptolemy.actor.Manager.run(Manager.java:1263)
	at ptolemy.actor.Manager$PtolemyRunThread.run(Manager.java:1915)
java.lang.RuntimeException: Execution failed
	at ptolemy.moml.MoMLSimpleApplication$UnloadThread.run(MoMLSimpleApplication.java:402)
Caused by: ptolemy.kernel.util.IllegalActionException: Actor is not ready to fire.  Perhaps UpSample.prefire() returned false? Try debugging the actor by selecting "Listen to Actor".  Also, for SDF check moml for tokenConsumptionRate on input.
  in .DESDFClockTest.Play Bell.Copy1:SDF Director and .DESDFClockTest.Play Bell.UpSample
	at ptolemy.actor.sched.StaticSchedulingDirector.fire(StaticSchedulingDirector.java:227)
	at ptolemy.domains.sdf.kernel.SDFDirector.fire(SDFDirector.java:500)
	at ptolemy.actor.CompositeActor.fire(CompositeActor.java:455)
	at ptolemy.domains.de.kernel.DEDirector._fire(DEDirector.java:1949)
	at ptolemy.domains.de.kernel.DEDirector.fire(DEDirector.java:502)
	at ptolemy.actor.CompositeActor.fire(CompositeActor.java:455)
	at ptolemy.actor.Manager.iterate(Manager.java:851)
	at ptolemy.actor.Manager.execute(Manager.java:369)
	at ptolemy.actor.Manager.run(Manager.java:1263)
	at ptolemy.actor.Manager$PtolemyRunThread.run(Manager.java:1915)
java.lang.reflect.InvocationTargetException
	at java.base/jdk.internal.reflect.NativeConstructorAccessorImpl.newInstance0(Native Method)
	at java.base/jdk.internal.reflect.NativeConstructorAccessorImpl.newInstance(NativeConstructorAccessorImpl.java:62)
	at java.base/jdk.internal.reflect.DelegatingConstructorAccessorImpl.newInstance(DelegatingConstructorAccessorImpl.java:45)
	at java.base/java.lang.reflect.Constructor.newInstance(Constructor.java:488)
	at ptolemy.util.test.junit.AutoKnownFailedTests.RunModel(AutoKnownFailedTests.java:105)
	at java.base/jdk.internal.reflect.NativeMethodAccessorImpl.invoke0(Native Method)
	at java.base/jdk.internal.reflect.NativeMethodAccessorImpl.invoke(NativeMethodAccessorImpl.java:62)
	at java.base/jdk.internal.reflect.DelegatingMethodAccessorImpl.invoke(DelegatingMethodAccessorImpl.java:43)
	at java.base/java.lang.reflect.Method.invoke(Method.java:564)
	at org.junit.runners.model.FrameworkMethod$1.runReflectiveCall(FrameworkMethod.java:44)
	at org.junit.internal.runners.model.ReflectiveCallable.run(ReflectiveCallable.java:15)
	at org.junit.runners.model.FrameworkMethod.invokeExplosively(FrameworkMethod.java:41)
	at junitparams.internal.InvokeParameterisedMethod.evaluate(InvokeParameterisedMethod.java:102)
	at org.junit.internal.runners.statements.FailOnTimeout$1.run(FailOnTimeout.java:28)
Caused by: ptolemy.kernel.util.IllegalActionException: Actor is not ready to fire.  Perhaps UpSample.prefire() returned false? Try debugging the actor by selecting "Listen to Actor".  Also, for SDF check moml for tokenConsumptionRate on input.
  in .DESDFClockTest.Play Bell.Copy1:SDF Director and .DESDFClockTest.Play Bell.UpSample
	at ptolemy.actor.sched.StaticSchedulingDirector.fire(StaticSchedulingDirector.java:227)
	at ptolemy.domains.sdf.kernel.SDFDirector.fire(SDFDirector.java:500)
	at ptolemy.actor.CompositeActor.fire(CompositeActor.java:455)
	at ptolemy.domains.de.kernel.DEDirector._fire(DEDirector.java:1949)
	at ptolemy.domains.de.kernel.DEDirector.fire(DEDirector.java:502)
	at ptolemy.actor.CompositeActor.fire(CompositeActor.java:455)
	at ptolemy.actor.Manager.iterate(Manager.java:851)
	at ptolemy.actor.Manager.execute(Manager.java:369)
	at ptolemy.actor.Manager.run(Manager.java:1263)
	at ptolemy.actor.Manager$PtolemyRunThread.run(Manager.java:1915)
java.lang.RuntimeException: Execution failed
	at ptolemy.moml.MoMLSimpleApplication$UnloadThread.run(MoMLSimpleApplication.java:402)
Caused by: ptolemy.kernel.util.IllegalActionException: Test fails in iteration 1.
Value was: 1.0. Should have been: 2.0
  in .DirectFeedback.Test
	at ptolemy.actor.lib.Test.fire(Test.java:268)
	at ptolemy.domains.de.kernel.DEDirector._fire(DEDirector.java:1949)
	at ptolemy.domains.de.kernel.DEDirector.fire(DEDirector.java:502)
	at ptolemy.actor.CompositeActor.fire(CompositeActor.java:455)
	at ptolemy.actor.Manager.iterate(Manager.java:851)
	at ptolemy.actor.Manager.execute(Manager.java:369)
	at ptolemy.actor.Manager.run(Manager.java:1263)
	at ptolemy.actor.Manager$PtolemyRunThread.run(Manager.java:1915)
java.lang.reflect.InvocationTargetException
	at java.base/jdk.internal.reflect.NativeConstructorAccessorImpl.newInstance0(Native Method)
	at java.base/jdk.internal.reflect.NativeConstructorAccessorImpl.newInstance(NativeConstructorAccessorImpl.java:62)
	at java.base/jdk.internal.reflect.DelegatingConstructorAccessorImpl.newInstance(DelegatingConstructorAccessorImpl.java:45)
	at java.base/java.lang.reflect.Constructor.newInstance(Constructor.java:488)
	at ptolemy.util.test.junit.AutoKnownFailedTests.RunModel(AutoKnownFailedTests.java:105)
	at java.base/jdk.internal.reflect.NativeMethodAccessorImpl.invoke0(Native Method)
	at java.base/jdk.internal.reflect.NativeMethodAccessorImpl.invoke(NativeMethodAccessorImpl.java:62)
	at java.base/jdk.internal.reflect.DelegatingMethodAccessorImpl.invoke(DelegatingMethodAccessorImpl.java:43)
	at java.base/java.lang.reflect.Method.invoke(Method.java:564)
	at org.junit.runners.model.FrameworkMethod$1.runReflectiveCall(FrameworkMethod.java:44)
	at org.junit.internal.runners.model.ReflectiveCallable.run(ReflectiveCallable.java:15)
	at org.junit.runners.model.FrameworkMethod.invokeExplosively(FrameworkMethod.java:41)
	at junitparams.internal.InvokeParameterisedMethod.evaluate(InvokeParameterisedMethod.java:102)
	at org.junit.internal.runners.statements.FailOnTimeout$1.run(FailOnTimeout.java:28)
Caused by: ptolemy.kernel.util.IllegalActionException: Test fails in iteration 1.
Value was: 1.0. Should have been: 2.0
  in .DirectFeedback.Test
	at ptolemy.actor.lib.Test.fire(Test.java:268)
	at ptolemy.domains.de.kernel.DEDirector._fire(DEDirector.java:1949)
	at ptolemy.domains.de.kernel.DEDirector.fire(DEDirector.java:502)
	at ptolemy.actor.CompositeActor.fire(CompositeActor.java:455)
	at ptolemy.actor.Manager.iterate(Manager.java:851)
	at ptolemy.actor.Manager.execute(Manager.java:369)
	at ptolemy.actor.Manager.run(Manager.java:1263)
	at ptolemy.actor.Manager$PtolemyRunThread.run(Manager.java:1915)
java.lang.RuntimeException: Execution failed
	at ptolemy.moml.MoMLSimpleApplication$UnloadThread.run(MoMLSimpleApplication.java:402)
Caused by: ptolemy.kernel.util.IllegalActionException: Found a zero delay loop containing .HierarchicalModel.A
  in .HierarchicalModel and .HierarchicalModel.A
	at ptolemy.actor.util.CausalityInterfaceForComposites._computeOutputPortDepth(CausalityInterfaceForComposites.java:759)
	at ptolemy.actor.util.CausalityInterfaceForComposites._computeInputDepth(CausalityInterfaceForComposites.java:696)
	at ptolemy.actor.util.CausalityInterfaceForComposites._computeOutputPortDepth(CausalityInterfaceForComposites.java:765)
	at ptolemy.actor.util.CausalityInterfaceForComposites._computeInputDepth(CausalityInterfaceForComposites.java:696)
	at ptolemy.actor.util.CausalityInterfaceForComposites._computeOutputPortDepth(CausalityInterfaceForComposites.java:765)
	at ptolemy.actor.util.CausalityInterfaceForComposites._computeInputDepth(CausalityInterfaceForComposites.java:696)
	at ptolemy.actor.util.CausalityInterfaceForComposites._computeActorDepth(CausalityInterfaceForComposites.java:532)
	at ptolemy.actor.util.CausalityInterfaceForComposites.checkForCycles(CausalityInterfaceForComposites.java:96)
	at ptolemy.domains.de.kernel.DEDirector.preinitialize(DEDirector.java:1338)
	at ptolemy.actor.CompositeActor.preinitialize(CompositeActor.java:1828)
	at ptolemy.actor.Manager.preinitializeAndResolveTypes(Manager.java:1040)
	at ptolemy.actor.Manager.initialize(Manager.java:710)
	at ptolemy.actor.Manager.execute(Manager.java:356)
	at ptolemy.actor.Manager.run(Manager.java:1263)
	at ptolemy.actor.Manager$PtolemyRunThread.run(Manager.java:1915)
java.lang.reflect.InvocationTargetException
	at java.base/jdk.internal.reflect.NativeConstructorAccessorImpl.newInstance0(Native Method)
	at java.base/jdk.internal.reflect.NativeConstructorAccessorImpl.newInstance(NativeConstructorAccessorImpl.java:62)
	at java.base/jdk.internal.reflect.DelegatingConstructorAccessorImpl.newInstance(DelegatingConstructorAccessorImpl.java:45)
	at java.base/java.lang.reflect.Constructor.newInstance(Constructor.java:488)
	at ptolemy.util.test.junit.AutoKnownFailedTests.RunModel(AutoKnownFailedTests.java:105)
	at java.base/jdk.internal.reflect.NativeMethodAccessorImpl.invoke0(Native Method)
	at java.base/jdk.internal.reflect.NativeMethodAccessorImpl.invoke(NativeMethodAccessorImpl.java:62)
	at java.base/jdk.internal.reflect.DelegatingMethodAccessorImpl.invoke(DelegatingMethodAccessorImpl.java:43)
	at java.base/java.lang.reflect.Method.invoke(Method.java:564)
	at org.junit.runners.model.FrameworkMethod$1.runReflectiveCall(FrameworkMethod.java:44)
	at org.junit.internal.runners.model.ReflectiveCallable.run(ReflectiveCallable.java:15)
	at org.junit.runners.model.FrameworkMethod.invokeExplosively(FrameworkMethod.java:41)
	at junitparams.internal.InvokeParameterisedMethod.evaluate(InvokeParameterisedMethod.java:102)
	at org.junit.internal.runners.statements.FailOnTimeout$1.run(FailOnTimeout.java:28)
Caused by: ptolemy.kernel.util.IllegalActionException: Found a zero delay loop containing .HierarchicalModel.A
  in .HierarchicalModel and .HierarchicalModel.A
	at ptolemy.actor.util.CausalityInterfaceForComposites._computeOutputPortDepth(CausalityInterfaceForComposites.java:759)
	at ptolemy.actor.util.CausalityInterfaceForComposites._computeInputDepth(CausalityInterfaceForComposites.java:696)
	at ptolemy.actor.util.CausalityInterfaceForComposites._computeOutputPortDepth(CausalityInterfaceForComposites.java:765)
	at ptolemy.actor.util.CausalityInterfaceForComposites._computeInputDepth(CausalityInterfaceForComposites.java:696)
	at ptolemy.actor.util.CausalityInterfaceForComposites._computeOutputPortDepth(CausalityInterfaceForComposites.java:765)
	at ptolemy.actor.util.CausalityInterfaceForComposites._computeInputDepth(CausalityInterfaceForComposites.java:696)
	at ptolemy.actor.util.CausalityInterfaceForComposites._computeActorDepth(CausalityInterfaceForComposites.java:532)
	at ptolemy.actor.util.CausalityInterfaceForComposites.checkForCycles(CausalityInterfaceForComposites.java:96)
	at ptolemy.domains.de.kernel.DEDirector.preinitialize(DEDirector.java:1338)
	at ptolemy.actor.CompositeActor.preinitialize(CompositeActor.java:1828)
	at ptolemy.actor.Manager.preinitializeAndResolveTypes(Manager.java:1040)
	at ptolemy.actor.Manager.initialize(Manager.java:710)
	at ptolemy.actor.Manager.execute(Manager.java:356)
	at ptolemy.actor.Manager.run(Manager.java:1263)
	at ptolemy.actor.Manager$PtolemyRunThread.run(Manager.java:1915)
java.lang.RuntimeException: Execution failed
	at ptolemy.moml.MoMLSimpleApplication$UnloadThread.run(MoMLSimpleApplication.java:402)
Caused by: ptolemy.kernel.util.IllegalActionException: Found a zero delay loop containing .dependencyLoop.original
  in .dependencyLoop and .dependencyLoop.original
	at ptolemy.actor.util.CausalityInterfaceForComposites._computeOutputPortDepth(CausalityInterfaceForComposites.java:759)
	at ptolemy.actor.util.CausalityInterfaceForComposites._computeInputDepth(CausalityInterfaceForComposites.java:696)
	at ptolemy.actor.util.CausalityInterfaceForComposites._computeOutputPortDepth(CausalityInterfaceForComposites.java:765)
	at ptolemy.actor.util.CausalityInterfaceForComposites._computeInputDepth(CausalityInterfaceForComposites.java:696)
	at ptolemy.actor.util.CausalityInterfaceForComposites._computeOutputPortDepth(CausalityInterfaceForComposites.java:765)
	at ptolemy.actor.util.CausalityInterfaceForComposites._computeInputDepth(CausalityInterfaceForComposites.java:696)
	at ptolemy.actor.util.CausalityInterfaceForComposites._computeActorDepth(CausalityInterfaceForComposites.java:532)
	at ptolemy.actor.util.CausalityInterfaceForComposites.checkForCycles(CausalityInterfaceForComposites.java:96)
	at ptolemy.domains.de.kernel.DEDirector.preinitialize(DEDirector.java:1338)
	at ptolemy.actor.CompositeActor.preinitialize(CompositeActor.java:1828)
	at ptolemy.actor.Manager.preinitializeAndResolveTypes(Manager.java:1040)
	at ptolemy.actor.Manager.initialize(Manager.java:710)
	at ptolemy.actor.Manager.execute(Manager.java:356)
	at ptolemy.actor.Manager.run(Manager.java:1263)
	at ptolemy.actor.Manager$PtolemyRunThread.run(Manager.java:1915)
java.lang.reflect.InvocationTargetException
	at java.base/jdk.internal.reflect.NativeConstructorAccessorImpl.newInstance0(Native Method)
	at java.base/jdk.internal.reflect.NativeConstructorAccessorImpl.newInstance(NativeConstructorAccessorImpl.java:62)
	at java.base/jdk.internal.reflect.DelegatingConstructorAccessorImpl.newInstance(DelegatingConstructorAccessorImpl.java:45)
	at java.base/java.lang.reflect.Constructor.newInstance(Constructor.java:488)
	at ptolemy.util.test.junit.AutoKnownFailedTests.RunModel(AutoKnownFailedTests.java:105)
	at java.base/jdk.internal.reflect.NativeMethodAccessorImpl.invoke0(Native Method)
	at java.base/jdk.internal.reflect.NativeMethodAccessorImpl.invoke(NativeMethodAccessorImpl.java:62)
	at java.base/jdk.internal.reflect.DelegatingMethodAccessorImpl.invoke(DelegatingMethodAccessorImpl.java:43)
	at java.base/java.lang.reflect.Method.invoke(Method.java:564)
	at org.junit.runners.model.FrameworkMethod$1.runReflectiveCall(FrameworkMethod.java:44)
	at org.junit.internal.runners.model.ReflectiveCallable.run(ReflectiveCallable.java:15)
	at org.junit.runners.model.FrameworkMethod.invokeExplosively(FrameworkMethod.java:41)
	at junitparams.internal.InvokeParameterisedMethod.evaluate(InvokeParameterisedMethod.java:102)
	at org.junit.internal.runners.statements.FailOnTimeout$1.run(FailOnTimeout.java:28)
Caused by: ptolemy.kernel.util.IllegalActionException: Found a zero delay loop containing .dependencyLoop.original
  in .dependencyLoop and .dependencyLoop.original
	at ptolemy.actor.util.CausalityInterfaceForComposites._computeOutputPortDepth(CausalityInterfaceForComposites.java:759)
	at ptolemy.actor.util.CausalityInterfaceForComposites._computeInputDepth(CausalityInterfaceForComposites.java:696)
	at ptolemy.actor.util.CausalityInterfaceForComposites._computeOutputPortDepth(CausalityInterfaceForComposites.java:765)
	at ptolemy.actor.util.CausalityInterfaceForComposites._computeInputDepth(CausalityInterfaceForComposites.java:696)
	at ptolemy.actor.util.CausalityInterfaceForComposites._computeOutputPortDepth(CausalityInterfaceForComposites.java:765)
	at ptolemy.actor.util.CausalityInterfaceForComposites._computeInputDepth(CausalityInterfaceForComposites.java:696)
	at ptolemy.actor.util.CausalityInterfaceForComposites._computeActorDepth(CausalityInterfaceForComposites.java:532)
	at ptolemy.actor.util.CausalityInterfaceForComposites.checkForCycles(CausalityInterfaceForComposites.java:96)
	at ptolemy.domains.de.kernel.DEDirector.preinitialize(DEDirector.java:1338)
	at ptolemy.actor.CompositeActor.preinitialize(CompositeActor.java:1828)
	at ptolemy.actor.Manager.preinitializeAndResolveTypes(Manager.java:1040)
	at ptolemy.actor.Manager.initialize(Manager.java:710)
	at ptolemy.actor.Manager.execute(Manager.java:356)
	at ptolemy.actor.Manager.run(Manager.java:1263)
	at ptolemy.actor.Manager$PtolemyRunThread.run(Manager.java:1915)
java.lang.RuntimeException: Execution failed
	at ptolemy.moml.MoMLSimpleApplication$UnloadThread.run(MoMLSimpleApplication.java:402)
Caused by: ptolemy.kernel.util.IllegalActionException: Found a zero delay loop containing .dependencyLoop2.original
  in .dependencyLoop2 and .dependencyLoop2.original
	at ptolemy.actor.util.CausalityInterfaceForComposites._computeOutputPortDepth(CausalityInterfaceForComposites.java:759)
	at ptolemy.actor.util.CausalityInterfaceForComposites._computeInputDepth(CausalityInterfaceForComposites.java:696)
	at ptolemy.actor.util.CausalityInterfaceForComposites._computeOutputPortDepth(CausalityInterfaceForComposites.java:765)
	at ptolemy.actor.util.CausalityInterfaceForComposites._computeInputDepth(CausalityInterfaceForComposites.java:696)
	at ptolemy.actor.util.CausalityInterfaceForComposites._computeOutputPortDepth(CausalityInterfaceForComposites.java:765)
	at ptolemy.actor.util.CausalityInterfaceForComposites._computeInputDepth(CausalityInterfaceForComposites.java:696)
	at ptolemy.actor.util.CausalityInterfaceForComposites._computeActorDepth(CausalityInterfaceForComposites.java:532)
	at ptolemy.actor.util.CausalityInterfaceForComposites.checkForCycles(CausalityInterfaceForComposites.java:96)
	at ptolemy.domains.de.kernel.DEDirector.preinitialize(DEDirector.java:1338)
	at ptolemy.actor.CompositeActor.preinitialize(CompositeActor.java:1828)
	at ptolemy.actor.Manager.preinitializeAndResolveTypes(Manager.java:1040)
	at ptolemy.actor.Manager.initialize(Manager.java:710)
	at ptolemy.actor.Manager.execute(Manager.java:356)
	at ptolemy.actor.Manager.run(Manager.java:1263)
	at ptolemy.actor.Manager$PtolemyRunThread.run(Manager.java:1915)
java.lang.reflect.InvocationTargetException
	at java.base/jdk.internal.reflect.NativeConstructorAccessorImpl.newInstance0(Native Method)
	at java.base/jdk.internal.reflect.NativeConstructorAccessorImpl.newInstance(NativeConstructorAccessorImpl.java:62)
	at java.base/jdk.internal.reflect.DelegatingConstructorAccessorImpl.newInstance(DelegatingConstructorAccessorImpl.java:45)
	at java.base/java.lang.reflect.Constructor.newInstance(Constructor.java:488)
	at ptolemy.util.test.junit.AutoKnownFailedTests.RunModel(AutoKnownFailedTests.java:105)
	at java.base/jdk.internal.reflect.NativeMethodAccessorImpl.invoke0(Native Method)
	at java.base/jdk.internal.reflect.NativeMethodAccessorImpl.invoke(NativeMethodAccessorImpl.java:62)
	at java.base/jdk.internal.reflect.DelegatingMethodAccessorImpl.invoke(DelegatingMethodAccessorImpl.java:43)
	at java.base/java.lang.reflect.Method.invoke(Method.java:564)
	at org.junit.runners.model.FrameworkMethod$1.runReflectiveCall(FrameworkMethod.java:44)
	at org.junit.internal.runners.model.ReflectiveCallable.run(ReflectiveCallable.java:15)
	at org.junit.runners.model.FrameworkMethod.invokeExplosively(FrameworkMethod.java:41)
	at junitparams.internal.InvokeParameterisedMethod.evaluate(InvokeParameterisedMethod.java:102)
	at org.junit.internal.runners.statements.FailOnTimeout$1.run(FailOnTimeout.java:28)
Caused by: ptolemy.kernel.util.IllegalActionException: Found a zero delay loop containing .dependencyLoop2.original
  in .dependencyLoop2 and .dependencyLoop2.original
	at ptolemy.actor.util.CausalityInterfaceForComposites._computeOutputPortDepth(CausalityInterfaceForComposites.java:759)
	at ptolemy.actor.util.CausalityInterfaceForComposites._computeInputDepth(CausalityInterfaceForComposites.java:696)
	at ptolemy.actor.util.CausalityInterfaceForComposites._computeOutputPortDepth(CausalityInterfaceForComposites.java:765)
	at ptolemy.actor.util.CausalityInterfaceForComposites._computeInputDepth(CausalityInterfaceForComposites.java:696)
	at ptolemy.actor.util.CausalityInterfaceForComposites._computeOutputPortDepth(CausalityInterfaceForComposites.java:765)
	at ptolemy.actor.util.CausalityInterfaceForComposites._computeInputDepth(CausalityInterfaceForComposites.java:696)
	at ptolemy.actor.util.CausalityInterfaceForComposites._computeActorDepth(CausalityInterfaceForComposites.java:532)
	at ptolemy.actor.util.CausalityInterfaceForComposites.checkForCycles(CausalityInterfaceForComposites.java:96)
	at ptolemy.domains.de.kernel.DEDirector.preinitialize(DEDirector.java:1338)
	at ptolemy.actor.CompositeActor.preinitialize(CompositeActor.java:1828)
	at ptolemy.actor.Manager.preinitializeAndResolveTypes(Manager.java:1040)
	at ptolemy.actor.Manager.initialize(Manager.java:710)
	at ptolemy.actor.Manager.execute(Manager.java:356)
	at ptolemy.actor.Manager.run(Manager.java:1263)
	at ptolemy.actor.Manager$PtolemyRunThread.run(Manager.java:1915)
]]></system-err>
</testsuite>
