<?xml version="1.0" encoding="UTF-8" ?>
<testsuite errors="0" failures="0" hostname="travis-job-ad2c0e5a-fff9-4c47-8aee-8eaa082f3e2a" name="ptolemy.domains.modal.test.junit.JUnitTclTest" skipped="0" tests="148" time="10.553" timestamp="2020-01-01T06:36:25">
  <properties>
[...]
</properties>
  <testcase classname="ptolemy.util.test.junit.TclTests" name="[0] /home/travis/build/icyphy/ptII/ptolemy/domains/modal/test/SystemLevelType.tcl (RunTclFile)" time="1.904" />
  <testcase classname="ptolemy.util.test.junit.AutoKnownFailedTests" name="[0] /home/travis/build/icyphy/ptII/ptolemy/domains/modal/test/auto/knownFailedTests/CannotAnalysisWithPreemption.xml (RunModel)" time="0.264" />
  <testcase classname="ptolemy.util.test.junit.AutoNameArchTests" name="[0] ThereAreNoAutoArchTests (RunModel)" time="0.001" />
  <testcase classname="ptolemy.util.test.junit.AutoTests" name="[0] /home/travis/build/icyphy/ptII/ptolemy/domains/modal/test/auto/ABPTest.xml (RunModel)" time="0.757" />
  <testcase classname="ptolemy.util.test.junit.AutoTests" name="[1] /home/travis/build/icyphy/ptII/ptolemy/domains/modal/test/auto/ABROFlat.xml (RunModel)" time="0.082" />
  <testcase classname="ptolemy.util.test.junit.AutoTests" name="[2] /home/travis/build/icyphy/ptII/ptolemy/domains/modal/test/auto/ABROFlat2.xml (RunModel)" time="0.086" />
  <testcase classname="ptolemy.util.test.junit.AutoTests" name="[3] /home/travis/build/icyphy/ptII/ptolemy/domains/modal/test/auto/ABRO_present_hmm.xml (RunModel)" time="0.095" />
  <testcase classname="ptolemy.util.test.junit.AutoTests" name="[4] /home/travis/build/icyphy/ptII/ptolemy/domains/modal/test/auto/AMICoderExample.xml (RunModel)" time="0.068" />
  <testcase classname="ptolemy.util.test.junit.AutoTests" name="[5] /home/travis/build/icyphy/ptII/ptolemy/domains/modal/test/auto/AbsentToPresent.xml (RunModel)" time="0.049" />
  <testcase classname="ptolemy.util.test.junit.AutoTests" name="[6] /home/travis/build/icyphy/ptII/ptolemy/domains/modal/test/auto/Blending.xml (RunModel)" time="0.273" />
  <testcase classname="ptolemy.util.test.junit.AutoTests" name="[7] /home/travis/build/icyphy/ptII/ptolemy/domains/modal/test/auto/Broadcast.xml (RunModel)" time="0.039" />
  <testcase classname="ptolemy.util.test.junit.AutoTests" name="[8] /home/travis/build/icyphy/ptII/ptolemy/domains/modal/test/auto/BroadcastHierarchy.xml (RunModel)" time="0.072" />
  <testcase classname="ptolemy.util.test.junit.AutoTests" name="[9] /home/travis/build/icyphy/ptII/ptolemy/domains/modal/test/auto/BroadcastHierarchy2.xml (RunModel)" time="0.134" />
  <testcase classname="ptolemy.util.test.junit.AutoTests" name="[10] /home/travis/build/icyphy/ptII/ptolemy/domains/modal/test/auto/BroadcastHierarchy3.xml (RunModel)" time="0.122" />
  <testcase classname="ptolemy.util.test.junit.AutoTests" name="[11] /home/travis/build/icyphy/ptII/ptolemy/domains/modal/test/auto/BroadcastHierarchy4.xml (RunModel)" time="0.103" />
  <testcase classname="ptolemy.util.test.junit.AutoTests" name="[12] /home/travis/build/icyphy/ptII/ptolemy/domains/modal/test/auto/CannotAnalysisWithPreemption2.xml (RunModel)" time="0.053" />
  <testcase classname="ptolemy.util.test.junit.AutoTests" name="[13] /home/travis/build/icyphy/ptII/ptolemy/domains/modal/test/auto/CannotAnalysisWithPreemption3.xml (RunModel)" time="0.047" />
  <testcase classname="ptolemy.util.test.junit.AutoTests" name="[14] /home/travis/build/icyphy/ptII/ptolemy/domains/modal/test/auto/CannotProduce.xml (RunModel)" time="0.033" />
  <testcase classname="ptolemy.util.test.junit.AutoTests" name="[15] /home/travis/build/icyphy/ptII/ptolemy/domains/modal/test/auto/CannotProduceModal.xml (RunModel)" time="0.03" />
  <testcase classname="ptolemy.util.test.junit.AutoTests" name="[16] /home/travis/build/icyphy/ptII/ptolemy/domains/modal/test/auto/Case.xml (RunModel)" time="0.069" />
  <testcase classname="ptolemy.util.test.junit.AutoTests" name="[17] /home/travis/build/icyphy/ptII/ptolemy/domains/modal/test/auto/Case1.xml (RunModel)" time="0.03" />
  <testcase classname="ptolemy.util.test.junit.AutoTests" name="[18] /home/travis/build/icyphy/ptII/ptolemy/domains/modal/test/auto/Case2.xml (RunModel)" time="0.047" />
  <testcase classname="ptolemy.util.test.junit.AutoTests" name="[19] /home/travis/build/icyphy/ptII/ptolemy/domains/modal/test/auto/CausalityInterface1.xml (RunModel)" time="0.053" />
  <testcase classname="ptolemy.util.test.junit.AutoTests" name="[20] /home/travis/build/icyphy/ptII/ptolemy/domains/modal/test/auto/CausalityInterface10.xml (RunModel)" time="0.06" />
  <testcase classname="ptolemy.util.test.junit.AutoTests" name="[21] /home/travis/build/icyphy/ptII/ptolemy/domains/modal/test/auto/CausalityInterface11.xml (RunModel)" time="0.045" />
  <testcase classname="ptolemy.util.test.junit.AutoTests" name="[22] /home/travis/build/icyphy/ptII/ptolemy/domains/modal/test/auto/CausalityInterface12.xml (RunModel)" time="0.04" />
  <testcase classname="ptolemy.util.test.junit.AutoTests" name="[23] /home/travis/build/icyphy/ptII/ptolemy/domains/modal/test/auto/CausalityInterface13.xml (RunModel)" time="0.051" />
  <testcase classname="ptolemy.util.test.junit.AutoTests" name="[24] /home/travis/build/icyphy/ptII/ptolemy/domains/modal/test/auto/CausalityInterface14.xml (RunModel)" time="0.043" />
  <testcase classname="ptolemy.util.test.junit.AutoTests" name="[25] /home/travis/build/icyphy/ptII/ptolemy/domains/modal/test/auto/CausalityInterface2.xml (RunModel)" time="0.022" />
  <testcase classname="ptolemy.util.test.junit.AutoTests" name="[26] /home/travis/build/icyphy/ptII/ptolemy/domains/modal/test/auto/CausalityInterface3.xml (RunModel)" time="0.021" />
  <testcase classname="ptolemy.util.test.junit.AutoTests" name="[27] /home/travis/build/icyphy/ptII/ptolemy/domains/modal/test/auto/CausalityInterface4.xml (RunModel)" time="0.021" />
  <testcase classname="ptolemy.util.test.junit.AutoTests" name="[28] /home/travis/build/icyphy/ptII/ptolemy/domains/modal/test/auto/CausalityInterface5.xml (RunModel)" time="0.027" />
  <testcase classname="ptolemy.util.test.junit.AutoTests" name="[29] /home/travis/build/icyphy/ptII/ptolemy/domains/modal/test/auto/CausalityInterface6.xml (RunModel)" time="0.033" />
  <testcase classname="ptolemy.util.test.junit.AutoTests" name="[30] /home/travis/build/icyphy/ptII/ptolemy/domains/modal/test/auto/CausalityInterface7.xml (RunModel)" time="0.032" />
  <testcase classname="ptolemy.util.test.junit.AutoTests" name="[31] /home/travis/build/icyphy/ptII/ptolemy/domains/modal/test/auto/CausalityInterface8.xml (RunModel)" time="0.029" />
  <testcase classname="ptolemy.util.test.junit.AutoTests" name="[32] /home/travis/build/icyphy/ptII/ptolemy/domains/modal/test/auto/CausalityInterface9.xml (RunModel)" time="0.053" />
  <testcase classname="ptolemy.util.test.junit.AutoTests" name="[33] /home/travis/build/icyphy/ptII/ptolemy/domains/modal/test/auto/ChainedTransitions.xml (RunModel)" time="0.157" />
  <testcase classname="ptolemy.util.test.junit.AutoTests" name="[34] /home/travis/build/icyphy/ptII/ptolemy/domains/modal/test/auto/CycleOfImmediateTransitionsFSM.xml (RunModel)" time="0.023" />
  <testcase classname="ptolemy.util.test.junit.AutoTests" name="[35] /home/travis/build/icyphy/ptII/ptolemy/domains/modal/test/auto/CycleOfImmediateTransitionsModal.xml (RunModel)" time="0.021" />
  <testcase classname="ptolemy.util.test.junit.AutoTests" name="[36] /home/travis/build/icyphy/ptII/ptolemy/domains/modal/test/auto/CycleOfImmediateTransitionsModal2.xml (RunModel)" time="0.034" />
  <testcase classname="ptolemy.util.test.junit.AutoTests" name="[37] /home/travis/build/icyphy/ptII/ptolemy/domains/modal/test/auto/CycleOfImmediateTransitionsModal3.xml (RunModel)" time="0.068" />
  <testcase classname="ptolemy.util.test.junit.AutoTests" name="[38] /home/travis/build/icyphy/ptII/ptolemy/domains/modal/test/auto/DeepModal1.xml (RunModel)" time="0.05" />
  <testcase classname="ptolemy.util.test.junit.AutoTests" name="[39] /home/travis/build/icyphy/ptII/ptolemy/domains/modal/test/auto/DeepModal2.xml (RunModel)" time="0.073" />
  <testcase classname="ptolemy.util.test.junit.AutoTests" name="[40] /home/travis/build/icyphy/ptII/ptolemy/domains/modal/test/auto/DeepModal3.xml (RunModel)" time="0.063" />
  <testcase classname="ptolemy.util.test.junit.AutoTests" name="[41] /home/travis/build/icyphy/ptII/ptolemy/domains/modal/test/auto/DeepModal4.xml (RunModel)" time="0.084" />
  <testcase classname="ptolemy.util.test.junit.AutoTests" name="[42] /home/travis/build/icyphy/ptII/ptolemy/domains/modal/test/auto/Default1.xml (RunModel)" time="0.019" />
  <testcase classname="ptolemy.util.test.junit.AutoTests" name="[43] /home/travis/build/icyphy/ptII/ptolemy/domains/modal/test/auto/Default2.xml (RunModel)" time="0.018" />
  <testcase classname="ptolemy.util.test.junit.AutoTests" name="[44] /home/travis/build/icyphy/ptII/ptolemy/domains/modal/test/auto/Default3.xml (RunModel)" time="0.026" />
  <testcase classname="ptolemy.util.test.junit.AutoTests" name="[45] /home/travis/build/icyphy/ptII/ptolemy/domains/modal/test/auto/Default4.xml (RunModel)" time="0.018" />
  <testcase classname="ptolemy.util.test.junit.AutoTests" name="[46] /home/travis/build/icyphy/ptII/ptolemy/domains/modal/test/auto/Default5.xml (RunModel)" time="0.03" />
  <testcase classname="ptolemy.util.test.junit.AutoTests" name="[47] /home/travis/build/icyphy/ptII/ptolemy/domains/modal/test/auto/EmptyGuard.xml (RunModel)" time="0.03" />
  <testcase classname="ptolemy.util.test.junit.AutoTests" name="[48] /home/travis/build/icyphy/ptII/ptolemy/domains/modal/test/auto/ErrorTransition1.xml (RunModel)" time="0.03" />
  <testcase classname="ptolemy.util.test.junit.AutoTests" name="[49] /home/travis/build/icyphy/ptII/ptolemy/domains/modal/test/auto/ErrorTransition10.xml (RunModel)" time="0.041" />
  <testcase classname="ptolemy.util.test.junit.AutoTests" name="[50] /home/travis/build/icyphy/ptII/ptolemy/domains/modal/test/auto/ErrorTransition11.xml (RunModel)" time="0.032" />
  <testcase classname="ptolemy.util.test.junit.AutoTests" name="[51] /home/travis/build/icyphy/ptII/ptolemy/domains/modal/test/auto/ErrorTransition2.xml (RunModel)" time="0.026" />
  <testcase classname="ptolemy.util.test.junit.AutoTests" name="[52] /home/travis/build/icyphy/ptII/ptolemy/domains/modal/test/auto/ErrorTransition3.xml (RunModel)" time="0.041" />
  <testcase classname="ptolemy.util.test.junit.AutoTests" name="[53] /home/travis/build/icyphy/ptII/ptolemy/domains/modal/test/auto/ErrorTransition4.xml (RunModel)" time="0.04" />
  <testcase classname="ptolemy.util.test.junit.AutoTests" name="[54] /home/travis/build/icyphy/ptII/ptolemy/domains/modal/test/auto/ErrorTransition5.xml (RunModel)" time="0.031" />
  <testcase classname="ptolemy.util.test.junit.AutoTests" name="[55] /home/travis/build/icyphy/ptII/ptolemy/domains/modal/test/auto/ErrorTransition6.xml (RunModel)" time="0.049" />
  <testcase classname="ptolemy.util.test.junit.AutoTests" name="[56] /home/travis/build/icyphy/ptII/ptolemy/domains/modal/test/auto/ErrorTransition7.xml (RunModel)" time="0.041" />
  <testcase classname="ptolemy.util.test.junit.AutoTests" name="[57] /home/travis/build/icyphy/ptII/ptolemy/domains/modal/test/auto/ErrorTransition8.xml (RunModel)" time="0.041" />
  <testcase classname="ptolemy.util.test.junit.AutoTests" name="[58] /home/travis/build/icyphy/ptII/ptolemy/domains/modal/test/auto/ErrorTransition9.xml (RunModel)" time="0.043" />
  <testcase classname="ptolemy.util.test.junit.AutoTests" name="[59] /home/travis/build/icyphy/ptII/ptolemy/domains/modal/test/auto/ExtendedFSM.xml (RunModel)" time="0.023" />
  <testcase classname="ptolemy.util.test.junit.AutoTests" name="[60] /home/travis/build/icyphy/ptII/ptolemy/domains/modal/test/auto/FinalStates.xml (RunModel)" time="0.029" />
  <testcase classname="ptolemy.util.test.junit.AutoTests" name="[61] /home/travis/build/icyphy/ptII/ptolemy/domains/modal/test/auto/FixedPointFSM.xml (RunModel)" time="0.046" />
  <testcase classname="ptolemy.util.test.junit.AutoTests" name="[62] /home/travis/build/icyphy/ptII/ptolemy/domains/modal/test/auto/FixedPointIterationFSMActor.xml (RunModel)" time="0.029" />
  <testcase classname="ptolemy.util.test.junit.AutoTests" name="[63] /home/travis/build/icyphy/ptII/ptolemy/domains/modal/test/auto/FixedPointIterationFSMActor2.xml (RunModel)" time="0.032" />
  <testcase classname="ptolemy.util.test.junit.AutoTests" name="[64] /home/travis/build/icyphy/ptII/ptolemy/domains/modal/test/auto/ForbiddenInstantanousLoop.xml (RunModel)" time="0.032" />
  <testcase classname="ptolemy.util.test.junit.AutoTests" name="[65] /home/travis/build/icyphy/ptII/ptolemy/domains/modal/test/auto/FunctionDependencyOfFSMActorTest.xml (RunModel)" time="0.031" />
  <testcase classname="ptolemy.util.test.junit.AutoTests" name="[66] /home/travis/build/icyphy/ptII/ptolemy/domains/modal/test/auto/GuardExpression.xml (RunModel)" time="0.017" />
  <testcase classname="ptolemy.util.test.junit.AutoTests" name="[67] /home/travis/build/icyphy/ptII/ptolemy/domains/modal/test/auto/GuardNotEvaluated.xml (RunModel)" time="0.026" />
  <testcase classname="ptolemy.util.test.junit.AutoTests" name="[68] /home/travis/build/icyphy/ptII/ptolemy/domains/modal/test/auto/GuardNotEvaluated2.xml (RunModel)" time="0.025" />
  <testcase classname="ptolemy.util.test.junit.AutoTests" name="[69] /home/travis/build/icyphy/ptII/ptolemy/domains/modal/test/auto/GuardOnAbsent.xml (RunModel)" time="0.024" />
  <testcase classname="ptolemy.util.test.junit.AutoTests" name="[70] /home/travis/build/icyphy/ptII/ptolemy/domains/modal/test/auto/HierarchicalFSMTypeInference.xml (RunModel)" time="0.05" />
  <testcase classname="ptolemy.util.test.junit.AutoTests" name="[71] /home/travis/build/icyphy/ptII/ptolemy/domains/modal/test/auto/Hysteresis.xml (RunModel)" time="0.045" />
  <testcase classname="ptolemy.util.test.junit.AutoTests" name="[72] /home/travis/build/icyphy/ptII/ptolemy/domains/modal/test/auto/HysteresisWithDefault.xml (RunModel)" time="0.082" />
  <testcase classname="ptolemy.util.test.junit.AutoTests" name="[73] /home/travis/build/icyphy/ptII/ptolemy/domains/modal/test/auto/HysteresisWithDefault2.xml (RunModel)" time="0.092" />
  <testcase classname="ptolemy.util.test.junit.AutoTests" name="[74] /home/travis/build/icyphy/ptII/ptolemy/domains/modal/test/auto/ImmediateNonConstructiveness.xml (RunModel)" time="0.018" />
  <testcase classname="ptolemy.util.test.junit.AutoTests" name="[75] /home/travis/build/icyphy/ptII/ptolemy/domains/modal/test/auto/ImmediateNonConstructiveness2.xml (RunModel)" time="0.018" />
  <testcase classname="ptolemy.util.test.junit.AutoTests" name="[76] /home/travis/build/icyphy/ptII/ptolemy/domains/modal/test/auto/ImmediateTransitionReset.xml (RunModel)" time="0.035" />
  <testcase classname="ptolemy.util.test.junit.AutoTests" name="[77] /home/travis/build/icyphy/ptII/ptolemy/domains/modal/test/auto/ImmediateTransitions1.xml (RunModel)" time="0.013" />
  <testcase classname="ptolemy.util.test.junit.AutoTests" name="[78] /home/travis/build/icyphy/ptII/ptolemy/domains/modal/test/auto/ImmediateTransitionsInstantaneousCommunication.xml (RunModel)" time="0.03" />
  <testcase classname="ptolemy.util.test.junit.AutoTests" name="[79] /home/travis/build/icyphy/ptII/ptolemy/domains/modal/test/auto/InitialImmediateTransition.xml (RunModel)" time="0.015" />
  <testcase classname="ptolemy.util.test.junit.AutoTests" name="[80] /home/travis/build/icyphy/ptII/ptolemy/domains/modal/test/auto/InitialOutputs.xml (RunModel)" time="0.016" />
  <testcase classname="ptolemy.util.test.junit.AutoTests" name="[81] /home/travis/build/icyphy/ptII/ptolemy/domains/modal/test/auto/InitialStateTransition1.xml (RunModel)" time="0.047" />
  <testcase classname="ptolemy.util.test.junit.AutoTests" name="[82] /home/travis/build/icyphy/ptII/ptolemy/domains/modal/test/auto/InitialStateTransition2.xml (RunModel)" time="0.022" />
  <testcase classname="ptolemy.util.test.junit.AutoTests" name="[83] /home/travis/build/icyphy/ptII/ptolemy/domains/modal/test/auto/InitialStateTransition3.xml (RunModel)" time="0.023" />
  <testcase classname="ptolemy.util.test.junit.AutoTests" name="[84] /home/travis/build/icyphy/ptII/ptolemy/domains/modal/test/auto/InitialStateTransition4.xml (RunModel)" time="0.024" />
  <testcase classname="ptolemy.util.test.junit.AutoTests" name="[85] /home/travis/build/icyphy/ptII/ptolemy/domains/modal/test/auto/MalformedGuardExpressionNotCaught.xml (RunModel)" time="0.031" />
  <testcase classname="ptolemy.util.test.junit.AutoTests" name="[86] /home/travis/build/icyphy/ptII/ptolemy/domains/modal/test/auto/ModalBSC.xml (RunModel)" time="0.091" />
  <testcase classname="ptolemy.util.test.junit.AutoTests" name="[87] /home/travis/build/icyphy/ptII/ptolemy/domains/modal/test/auto/ModalClocks.xml (RunModel)" time="0.084" />
  <testcase classname="ptolemy.util.test.junit.AutoTests" name="[88] /home/travis/build/icyphy/ptII/ptolemy/domains/modal/test/auto/ModalDelay.xml (RunModel)" time="0.046" />
  <testcase classname="ptolemy.util.test.junit.AutoTests" name="[89] /home/travis/build/icyphy/ptII/ptolemy/domains/modal/test/auto/ModalDelay2.xml (RunModel)" time="0.047" />
  <testcase classname="ptolemy.util.test.junit.AutoTests" name="[90] /home/travis/build/icyphy/ptII/ptolemy/domains/modal/test/auto/ModalModelFromMemo.xml (RunModel)" time="0.051" />
  <testcase classname="ptolemy.util.test.junit.AutoTests" name="[91] /home/travis/build/icyphy/ptII/ptolemy/domains/modal/test/auto/ModalModelWithMultirateTransient.xml (RunModel)" time="0.048" />
  <testcase classname="ptolemy.util.test.junit.AutoTests" name="[92] /home/travis/build/icyphy/ptII/ptolemy/domains/modal/test/auto/ModalModelWithReset.xml (RunModel)" time="0.054" />
  <testcase classname="ptolemy.util.test.junit.AutoTests" name="[93] /home/travis/build/icyphy/ptII/ptolemy/domains/modal/test/auto/MouseClickFSM.xml (RunModel)" time="0.041" />
  <testcase classname="ptolemy.util.test.junit.AutoTests" name="[94] /home/travis/build/icyphy/ptII/ptolemy/domains/modal/test/auto/MouseClickFSMModal.xml (RunModel)" time="0.05" />
  <testcase classname="ptolemy.util.test.junit.AutoTests" name="[95] /home/travis/build/icyphy/ptII/ptolemy/domains/modal/test/auto/NonStrictFSM_FeedbackLoop.xml (RunModel)" time="0.041" />
  <testcase classname="ptolemy.util.test.junit.AutoTests" name="[96] /home/travis/build/icyphy/ptII/ptolemy/domains/modal/test/auto/NonStrictFSM_FeedbackLoop_Refinement.xml (RunModel)" time="0.087" />
  <testcase classname="ptolemy.util.test.junit.AutoTests" name="[97] /home/travis/build/icyphy/ptII/ptolemy/domains/modal/test/auto/NonStrictFSM_FeedbackLoop_preemptive.xml (RunModel)" time="0.042" />
  <testcase classname="ptolemy.util.test.junit.AutoTests" name="[98] /home/travis/build/icyphy/ptII/ptolemy/domains/modal/test/auto/NormalTermination.xml (RunModel)" time="0.04" />
  <testcase classname="ptolemy.util.test.junit.AutoTests" name="[99] /home/travis/build/icyphy/ptII/ptolemy/domains/modal/test/auto/Pong.xml (RunModel)" time="0.07" />
  <testcase classname="ptolemy.util.test.junit.AutoTests" name="[100] /home/travis/build/icyphy/ptII/ptolemy/domains/modal/test/auto/Pong_test.xml (RunModel)" time="0.098" />
  <testcase classname="ptolemy.util.test.junit.AutoTests" name="[101] /home/travis/build/icyphy/ptII/ptolemy/domains/modal/test/auto/PreemptionHierarchy.xml (RunModel)" time="0.021" />
  <testcase classname="ptolemy.util.test.junit.AutoTests" name="[102] /home/travis/build/icyphy/ptII/ptolemy/domains/modal/test/auto/PreemptionHierarchy2.xml (RunModel)" time="0.026" />
  <testcase classname="ptolemy.util.test.junit.AutoTests" name="[103] /home/travis/build/icyphy/ptII/ptolemy/domains/modal/test/auto/PreemptiveTransition.xml (RunModel)" time="0.021" />
  <testcase classname="ptolemy.util.test.junit.AutoTests" name="[104] /home/travis/build/icyphy/ptII/ptolemy/domains/modal/test/auto/Priorities.xml (RunModel)" time="0.093" />
  <testcase classname="ptolemy.util.test.junit.AutoTests" name="[105] /home/travis/build/icyphy/ptII/ptolemy/domains/modal/test/auto/ResetFinal.xml (RunModel)" time="0.068" />
  <testcase classname="ptolemy.util.test.junit.AutoTests" name="[106] /home/travis/build/icyphy/ptII/ptolemy/domains/modal/test/auto/ResetFinal2.xml (RunModel)" time="0.043" />
  <testcase classname="ptolemy.util.test.junit.AutoTests" name="[107] /home/travis/build/icyphy/ptII/ptolemy/domains/modal/test/auto/ResetTransitionWithStartTime.xml (RunModel)" time="0.025" />
  <testcase classname="ptolemy.util.test.junit.AutoTests" name="[108] /home/travis/build/icyphy/ptII/ptolemy/domains/modal/test/auto/SDF-FSMComposite.xml (RunModel)" time="0.024" />
  <testcase classname="ptolemy.util.test.junit.AutoTests" name="[109] /home/travis/build/icyphy/ptII/ptolemy/domains/modal/test/auto/SeeminglyNondeterminate.xml (RunModel)" time="0.074" />
  <testcase classname="ptolemy.util.test.junit.AutoTests" name="[110] /home/travis/build/icyphy/ptII/ptolemy/domains/modal/test/auto/SeeminglyNondeterminate2.xml (RunModel)" time="0.1" />
  <testcase classname="ptolemy.util.test.junit.AutoTests" name="[111] /home/travis/build/icyphy/ptII/ptolemy/domains/modal/test/auto/SpontaneousFSM.xml (RunModel)" time="0.052" />
  <testcase classname="ptolemy.util.test.junit.AutoTests" name="[112] /home/travis/build/icyphy/ptII/ptolemy/domains/modal/test/auto/SpontaneousFSM2.xml (RunModel)" time="0.028" />
  <testcase classname="ptolemy.util.test.junit.AutoTests" name="[113] /home/travis/build/icyphy/ptII/ptolemy/domains/modal/test/auto/SpontaneousFSM3.xml (RunModel)" time="0.037" />
  <testcase classname="ptolemy.util.test.junit.AutoTests" name="[114] /home/travis/build/icyphy/ptII/ptolemy/domains/modal/test/auto/SpontaneousFSM4.xml (RunModel)" time="0.054" />
  <testcase classname="ptolemy.util.test.junit.AutoTests" name="[115] /home/travis/build/icyphy/ptII/ptolemy/domains/modal/test/auto/StateTrackerTest.xml (RunModel)" time="0.058" />
  <testcase classname="ptolemy.util.test.junit.AutoTests" name="[116] /home/travis/build/icyphy/ptII/ptolemy/domains/modal/test/auto/StrongImmediateTransition.xml (RunModel)" time="0.022" />
  <testcase classname="ptolemy.util.test.junit.AutoTests" name="[117] /home/travis/build/icyphy/ptII/ptolemy/domains/modal/test/auto/SustainHierarchy.xml (RunModel)" time="0.027" />
  <testcase classname="ptolemy.util.test.junit.AutoTests" name="[118] /home/travis/build/icyphy/ptII/ptolemy/domains/modal/test/auto/TerminationTransition1.xml (RunModel)" time="0.019" />
  <testcase classname="ptolemy.util.test.junit.AutoTests" name="[119] /home/travis/build/icyphy/ptII/ptolemy/domains/modal/test/auto/TerminationTransition2.xml (RunModel)" time="0.023" />
  <testcase classname="ptolemy.util.test.junit.AutoTests" name="[120] /home/travis/build/icyphy/ptII/ptolemy/domains/modal/test/auto/TerminationTransition3.xml (RunModel)" time="0.021" />
  <testcase classname="ptolemy.util.test.junit.AutoTests" name="[121] /home/travis/build/icyphy/ptII/ptolemy/domains/modal/test/auto/TerminationTransition4.xml (RunModel)" time="0.032" />
  <testcase classname="ptolemy.util.test.junit.AutoTests" name="[122] /home/travis/build/icyphy/ptII/ptolemy/domains/modal/test/auto/TerminationTransition5.xml (RunModel)" time="0.031" />
  <testcase classname="ptolemy.util.test.junit.AutoTests" name="[123] /home/travis/build/icyphy/ptII/ptolemy/domains/modal/test/auto/TerminationTransition6.xml (RunModel)" time="0.02" />
  <testcase classname="ptolemy.util.test.junit.AutoTests" name="[124] /home/travis/build/icyphy/ptII/ptolemy/domains/modal/test/auto/TerminationTransition7.xml (RunModel)" time="0.019" />
  <testcase classname="ptolemy.util.test.junit.AutoTests" name="[125] /home/travis/build/icyphy/ptII/ptolemy/domains/modal/test/auto/TerminationTransition8.xml (RunModel)" time="0.021" />
  <testcase classname="ptolemy.util.test.junit.AutoTests" name="[126] /home/travis/build/icyphy/ptII/ptolemy/domains/modal/test/auto/Thermostat_NoHysteresis.xml (RunModel)" time="0.05" />
  <testcase classname="ptolemy.util.test.junit.AutoTests" name="[127] /home/travis/build/icyphy/ptII/ptolemy/domains/modal/test/auto/TimedFSM.xml (RunModel)" time="0.028" />
  <testcase classname="ptolemy.util.test.junit.AutoTests" name="[128] /home/travis/build/icyphy/ptII/ptolemy/domains/modal/test/auto/Timeout1.xml (RunModel)" time="0.012" />
  <testcase classname="ptolemy.util.test.junit.AutoTests" name="[129] /home/travis/build/icyphy/ptII/ptolemy/domains/modal/test/auto/Timeout2.xml (RunModel)" time="0.02" />
  <testcase classname="ptolemy.util.test.junit.AutoTests" name="[130] /home/travis/build/icyphy/ptII/ptolemy/domains/modal/test/auto/Timeout3.xml (RunModel)" time="0.012" />
  <testcase classname="ptolemy.util.test.junit.AutoTests" name="[131] /home/travis/build/icyphy/ptII/ptolemy/domains/modal/test/auto/Timeout4.xml (RunModel)" time="0.013" />
  <testcase classname="ptolemy.util.test.junit.AutoTests" name="[132] /home/travis/build/icyphy/ptII/ptolemy/domains/modal/test/auto/TransientstateModelAdvanced.xml (RunModel)" time="0.05" />
  <testcase classname="ptolemy.util.test.junit.AutoTests" name="[133] /home/travis/build/icyphy/ptII/ptolemy/domains/modal/test/auto/TransientstateModelAdvanced2.xml (RunModel)" time="0.032" />
  <testcase classname="ptolemy.util.test.junit.AutoTests" name="[134] /home/travis/build/icyphy/ptII/ptolemy/domains/modal/test/auto/TransitionRefinements.xml (RunModel)" time="0.024" />
  <testcase classname="ptolemy.util.test.junit.AutoTests" name="[135] /home/travis/build/icyphy/ptII/ptolemy/domains/modal/test/auto/TwoRefinements1.xml (RunModel)" time="0.022" />
  <testcase classname="ptolemy.util.test.junit.AutoTests" name="[136] /home/travis/build/icyphy/ptII/ptolemy/domains/modal/test/auto/TwoRefinements2.xml (RunModel)" time="0.022" />
  <testcase classname="ptolemy.util.test.junit.AutoTests" name="[137] /home/travis/build/icyphy/ptII/ptolemy/domains/modal/test/auto/WeakImmediateTransition.xml (RunModel)" time="0.033" />
  <testcase classname="ptolemy.util.test.junit.AutoTests" name="[138] /home/travis/build/icyphy/ptII/ptolemy/domains/modal/test/auto/booleanSelect.xml (RunModel)" time="0.075" />
  <testcase classname="ptolemy.util.test.junit.AutoTests" name="[139] /home/travis/build/icyphy/ptII/ptolemy/domains/modal/test/auto/modalChangingParams.xml (RunModel)" time="0.355" />
  <testcase classname="ptolemy.util.test.junit.AutoTests" name="[140] /home/travis/build/icyphy/ptII/ptolemy/domains/modal/test/auto/modalModel.xml (RunModel)" time="0.033" />
  <testcase classname="ptolemy.util.test.junit.AutoTests" name="[141] /home/travis/build/icyphy/ptII/ptolemy/domains/modal/test/auto/modalModel2.xml (RunModel)" time="0.036" />
  <testcase classname="ptolemy.util.test.junit.AutoTests" name="[142] /home/travis/build/icyphy/ptII/ptolemy/domains/modal/test/auto/modalModel3.xml (RunModel)" time="0.044" />
  <testcase classname="ptolemy.util.test.junit.AutoTests" name="[143] /home/travis/build/icyphy/ptII/ptolemy/domains/modal/test/auto/model1.xml (RunModel)" time="0.022" />
  <testcase classname="ptolemy.util.test.junit.AutoTests" name="[144] /home/travis/build/icyphy/ptII/ptolemy/domains/modal/test/auto/test-direct-in-out.xml (RunModel)" time="0.028" />
  <system-out><![CDATA[/home/travis/build/icyphy/ptII/ptolemy/domains/modal/test/SystemLevelType.tcl
testDefs.tcl: setting time out to 9000 seconds at Wed Jan 01 06:36:25 UTC 2020
01/01/20 06:36:27
Failed: 0  Total Tests: 1  ((Passed: 1, Newly Passed: 0)  Known Failed: 0) /home/travis/build/icyphy/ptII/ptolemy/domains/modal/test
----------------- testing (KnownFailure) /home/travis/build/icyphy/ptII/ptolemy/domains/modal/test/auto/knownFailedTests/CannotAnalysisWithPreemption.xml
143 ms. Memory: 164864K Free: 117541K (71%)
Known Failure: java.lang.reflect.InvocationTargetException
No auto/linux-amd64/*.xml tests in /home/travis/build/icyphy/ptII/ptolemy/domains/modal/test
AutoTests.java: About to close Vertx.
AutoTests.java: Vertx closed.

===========================================================================================
----------------- testing Wed Jan 01 06:36:28 UTC 2020 /home/travis/build/icyphy/ptII/ptolemy/domains/modal/test/auto/ABPTest.xml
----------------- Instantiating /home/travis/build/icyphy/ptII/ptolemy/domains/modal/test/auto/ABPTest.xml
358 ms. Memory: 164864K Free: 127104K (77%)
----------------- Invoking toplevel() on ptolemy.moml.MoMLSimpleApplication@b973071
----------------- Done invoking toplevel() on ptolemy.moml.MoMLSimpleApplication@b973071
reloadAllAccessors: .ABPTest

===========================================================================================
----------------- testing Wed Jan 01 06:36:28 UTC 2020 /home/travis/build/icyphy/ptII/ptolemy/domains/modal/test/auto/ABROFlat.xml
----------------- Instantiating /home/travis/build/icyphy/ptII/ptolemy/domains/modal/test/auto/ABROFlat.xml
24 ms. Memory: 164864K Free: 111712K (68%)
----------------- Invoking toplevel() on ptolemy.moml.MoMLSimpleApplication@18086648
----------------- Done invoking toplevel() on ptolemy.moml.MoMLSimpleApplication@18086648
reloadAllAccessors: .ABROFlat

===========================================================================================
----------------- testing Wed Jan 01 06:36:29 UTC 2020 /home/travis/build/icyphy/ptII/ptolemy/domains/modal/test/auto/ABROFlat2.xml
----------------- Instantiating /home/travis/build/icyphy/ptII/ptolemy/domains/modal/test/auto/ABROFlat2.xml
21 ms. Memory: 164864K Free: 94848K (58%)
----------------- Invoking toplevel() on ptolemy.moml.MoMLSimpleApplication@5c368cf5
----------------- Done invoking toplevel() on ptolemy.moml.MoMLSimpleApplication@5c368cf5
reloadAllAccessors: .ABROFlat2

===========================================================================================
----------------- testing Wed Jan 01 06:36:29 UTC 2020 /home/travis/build/icyphy/ptII/ptolemy/domains/modal/test/auto/ABRO_present_hmm.xml
----------------- Instantiating /home/travis/build/icyphy/ptII/ptolemy/domains/modal/test/auto/ABRO_present_hmm.xml
17 ms. Memory: 164864K Free: 67696K (41%)
----------------- Invoking toplevel() on ptolemy.moml.MoMLSimpleApplication@1eedef07
----------------- Done invoking toplevel() on ptolemy.moml.MoMLSimpleApplication@1eedef07
reloadAllAccessors: .ABRO_present_hmm

===========================================================================================
----------------- testing Wed Jan 01 06:36:29 UTC 2020 /home/travis/build/icyphy/ptII/ptolemy/domains/modal/test/auto/AMICoderExample.xml
----------------- Instantiating /home/travis/build/icyphy/ptII/ptolemy/domains/modal/test/auto/AMICoderExample.xml
39 ms. Memory: 164864K Free: 57464K (35%)
----------------- Invoking toplevel() on ptolemy.moml.MoMLSimpleApplication@221d4016
----------------- Done invoking toplevel() on ptolemy.moml.MoMLSimpleApplication@221d4016
reloadAllAccessors: .AMICoderExample

===========================================================================================
----------------- testing Wed Jan 01 06:36:29 UTC 2020 /home/travis/build/icyphy/ptII/ptolemy/domains/modal/test/auto/AbsentToPresent.xml
----------------- Instantiating /home/travis/build/icyphy/ptII/ptolemy/domains/modal/test/auto/AbsentToPresent.xml
8 ms. Memory: 164864K Free: 144406K (88%)
----------------- Invoking toplevel() on ptolemy.moml.MoMLSimpleApplication@73f53e91
----------------- Done invoking toplevel() on ptolemy.moml.MoMLSimpleApplication@73f53e91
reloadAllAccessors: .AbsentToPresent

===========================================================================================
----------------- testing Wed Jan 01 06:36:29 UTC 2020 /home/travis/build/icyphy/ptII/ptolemy/domains/modal/test/auto/Blending.xml
----------------- Instantiating /home/travis/build/icyphy/ptII/ptolemy/domains/modal/test/auto/Blending.xml
162 ms. Memory: 164864K Free: 99380K (60%)
----------------- Invoking toplevel() on ptolemy.moml.MoMLSimpleApplication@340af79b
----------------- Done invoking toplevel() on ptolemy.moml.MoMLSimpleApplication@340af79b
reloadAllAccessors: .Blending

===========================================================================================
----------------- testing Wed Jan 01 06:36:29 UTC 2020 /home/travis/build/icyphy/ptII/ptolemy/domains/modal/test/auto/Broadcast.xml
----------------- Instantiating /home/travis/build/icyphy/ptII/ptolemy/domains/modal/test/auto/Broadcast.xml
6 ms. Memory: 164864K Free: 89180K (54%)
----------------- Invoking toplevel() on ptolemy.moml.MoMLSimpleApplication@3ab0d4b4
----------------- Done invoking toplevel() on ptolemy.moml.MoMLSimpleApplication@3ab0d4b4
reloadAllAccessors: .Broadcast

===========================================================================================
----------------- testing Wed Jan 01 06:36:29 UTC 2020 /home/travis/build/icyphy/ptII/ptolemy/domains/modal/test/auto/BroadcastHierarchy.xml
----------------- Instantiating /home/travis/build/icyphy/ptII/ptolemy/domains/modal/test/auto/BroadcastHierarchy.xml
15 ms. Memory: 164864K Free: 75335K (46%)
----------------- Invoking toplevel() on ptolemy.moml.MoMLSimpleApplication@621dcde4
----------------- Done invoking toplevel() on ptolemy.moml.MoMLSimpleApplication@621dcde4
reloadAllAccessors: .BroadcastHierarchy

===========================================================================================
----------------- testing Wed Jan 01 06:36:29 UTC 2020 /home/travis/build/icyphy/ptII/ptolemy/domains/modal/test/auto/BroadcastHierarchy2.xml
----------------- Instantiating /home/travis/build/icyphy/ptII/ptolemy/domains/modal/test/auto/BroadcastHierarchy2.xml
31 ms. Memory: 226304K Free: 202260K (89%)
----------------- Invoking toplevel() on ptolemy.moml.MoMLSimpleApplication@1f1fbb7
----------------- Done invoking toplevel() on ptolemy.moml.MoMLSimpleApplication@1f1fbb7
reloadAllAccessors: .BroadcastHierarchy2

===========================================================================================
----------------- testing Wed Jan 01 06:36:29 UTC 2020 /home/travis/build/icyphy/ptII/ptolemy/domains/modal/test/auto/BroadcastHierarchy3.xml
----------------- Instantiating /home/travis/build/icyphy/ptII/ptolemy/domains/modal/test/auto/BroadcastHierarchy3.xml
28 ms. Memory: 226304K Free: 182294K (81%)
----------------- Invoking toplevel() on ptolemy.moml.MoMLSimpleApplication@868f874
----------------- Done invoking toplevel() on ptolemy.moml.MoMLSimpleApplication@868f874
reloadAllAccessors: .BroadcastHierarchy3

===========================================================================================
----------------- testing Wed Jan 01 06:36:30 UTC 2020 /home/travis/build/icyphy/ptII/ptolemy/domains/modal/test/auto/BroadcastHierarchy4.xml
----------------- Instantiating /home/travis/build/icyphy/ptII/ptolemy/domains/modal/test/auto/BroadcastHierarchy4.xml
20 ms. Memory: 226304K Free: 157718K (70%)
----------------- Invoking toplevel() on ptolemy.moml.MoMLSimpleApplication@61aeca61
----------------- Done invoking toplevel() on ptolemy.moml.MoMLSimpleApplication@61aeca61
reloadAllAccessors: .BroadcastHierarchy4

===========================================================================================
----------------- testing Wed Jan 01 06:36:30 UTC 2020 /home/travis/build/icyphy/ptII/ptolemy/domains/modal/test/auto/CannotAnalysisWithPreemption2.xml
----------------- Instantiating /home/travis/build/icyphy/ptII/ptolemy/domains/modal/test/auto/CannotAnalysisWithPreemption2.xml
7 ms. Memory: 226304K Free: 150550K (67%)
----------------- Invoking toplevel() on ptolemy.moml.MoMLSimpleApplication@11e26039
----------------- Done invoking toplevel() on ptolemy.moml.MoMLSimpleApplication@11e26039
reloadAllAccessors: .CannotAnalysisWithPreemption2

===========================================================================================
----------------- testing Wed Jan 01 06:36:30 UTC 2020 /home/travis/build/icyphy/ptII/ptolemy/domains/modal/test/auto/CannotAnalysisWithPreemption3.xml
----------------- Instantiating /home/travis/build/icyphy/ptII/ptolemy/domains/modal/test/auto/CannotAnalysisWithPreemption3.xml
5 ms. Memory: 226304K Free: 140310K (62%)
----------------- Invoking toplevel() on ptolemy.moml.MoMLSimpleApplication@52b77df
----------------- Done invoking toplevel() on ptolemy.moml.MoMLSimpleApplication@52b77df
reloadAllAccessors: .CannotAnalysisWithPreemption3

===========================================================================================
----------------- testing Wed Jan 01 06:36:30 UTC 2020 /home/travis/build/icyphy/ptII/ptolemy/domains/modal/test/auto/CannotProduce.xml
----------------- Instantiating /home/travis/build/icyphy/ptII/ptolemy/domains/modal/test/auto/CannotProduce.xml
15 ms. Memory: 226304K Free: 133637K (59%)
----------------- Invoking toplevel() on ptolemy.moml.MoMLSimpleApplication@46d5f64a
----------------- Done invoking toplevel() on ptolemy.moml.MoMLSimpleApplication@46d5f64a
reloadAllAccessors: .CannotProduce

===========================================================================================
----------------- testing Wed Jan 01 06:36:30 UTC 2020 /home/travis/build/icyphy/ptII/ptolemy/domains/modal/test/auto/CannotProduceModal.xml
----------------- Instantiating /home/travis/build/icyphy/ptII/ptolemy/domains/modal/test/auto/CannotProduceModal.xml
11 ms. Memory: 226304K Free: 126998K (56%)
----------------- Invoking toplevel() on ptolemy.moml.MoMLSimpleApplication@6511f478
----------------- Done invoking toplevel() on ptolemy.moml.MoMLSimpleApplication@6511f478
reloadAllAccessors: .CannotProduceModal

===========================================================================================
----------------- testing Wed Jan 01 06:36:30 UTC 2020 /home/travis/build/icyphy/ptII/ptolemy/domains/modal/test/auto/Case.xml
----------------- Instantiating /home/travis/build/icyphy/ptII/ptolemy/domains/modal/test/auto/Case.xml
26 ms. Memory: 226304K Free: 115734K (51%)
----------------- Invoking toplevel() on ptolemy.moml.MoMLSimpleApplication@6fbab616
----------------- Done invoking toplevel() on ptolemy.moml.MoMLSimpleApplication@6fbab616
reloadAllAccessors: .Case

===========================================================================================
----------------- testing Wed Jan 01 06:36:30 UTC 2020 /home/travis/build/icyphy/ptII/ptolemy/domains/modal/test/auto/Case1.xml
----------------- Instantiating /home/travis/build/icyphy/ptII/ptolemy/domains/modal/test/auto/Case1.xml
9 ms. Memory: 226304K Free: 108052K (48%)
----------------- Invoking toplevel() on ptolemy.moml.MoMLSimpleApplication@559a9483
----------------- Done invoking toplevel() on ptolemy.moml.MoMLSimpleApplication@559a9483
reloadAllAccessors: .Case1

===========================================================================================
----------------- testing Wed Jan 01 06:36:30 UTC 2020 /home/travis/build/icyphy/ptII/ptolemy/domains/modal/test/auto/Case2.xml
----------------- Instantiating /home/travis/build/icyphy/ptII/ptolemy/domains/modal/test/auto/Case2.xml
21 ms. Memory: 226304K Free: 97302K (43%)
----------------- Invoking toplevel() on ptolemy.moml.MoMLSimpleApplication@38055c17
----------------- Done invoking toplevel() on ptolemy.moml.MoMLSimpleApplication@38055c17
reloadAllAccessors: .Case2

===========================================================================================
----------------- testing Wed Jan 01 06:36:30 UTC 2020 /home/travis/build/icyphy/ptII/ptolemy/domains/modal/test/auto/CausalityInterface1.xml
----------------- Instantiating /home/travis/build/icyphy/ptII/ptolemy/domains/modal/test/auto/CausalityInterface1.xml
4 ms. Memory: 226304K Free: 207037K (91%)
----------------- Invoking toplevel() on ptolemy.moml.MoMLSimpleApplication@735395ff
----------------- Done invoking toplevel() on ptolemy.moml.MoMLSimpleApplication@735395ff
reloadAllAccessors: .CausalityInterface1

===========================================================================================
----------------- testing Wed Jan 01 06:36:30 UTC 2020 /home/travis/build/icyphy/ptII/ptolemy/domains/modal/test/auto/CausalityInterface10.xml
----------------- Instantiating /home/travis/build/icyphy/ptII/ptolemy/domains/modal/test/auto/CausalityInterface10.xml
19 ms. Memory: 226304K Free: 193558K (86%)
----------------- Invoking toplevel() on ptolemy.moml.MoMLSimpleApplication@da29520
----------------- Done invoking toplevel() on ptolemy.moml.MoMLSimpleApplication@da29520
reloadAllAccessors: .CausalityInterface10

===========================================================================================
----------------- testing Wed Jan 01 06:36:30 UTC 2020 /home/travis/build/icyphy/ptII/ptolemy/domains/modal/test/auto/CausalityInterface11.xml
----------------- Instantiating /home/travis/build/icyphy/ptII/ptolemy/domains/modal/test/auto/CausalityInterface11.xml
7 ms. Memory: 226304K Free: 180246K (80%)
----------------- Invoking toplevel() on ptolemy.moml.MoMLSimpleApplication@72042779
----------------- Done invoking toplevel() on ptolemy.moml.MoMLSimpleApplication@72042779
reloadAllAccessors: .CausalityInterface11

===========================================================================================
----------------- testing Wed Jan 01 06:36:30 UTC 2020 /home/travis/build/icyphy/ptII/ptolemy/domains/modal/test/auto/CausalityInterface12.xml
----------------- Instantiating /home/travis/build/icyphy/ptII/ptolemy/domains/modal/test/auto/CausalityInterface12.xml
6 ms. Memory: 226304K Free: 166934K (74%)
----------------- Invoking toplevel() on ptolemy.moml.MoMLSimpleApplication@1be1e38f
----------------- Done invoking toplevel() on ptolemy.moml.MoMLSimpleApplication@1be1e38f
reloadAllAccessors: .CausalityInterface12

===========================================================================================
----------------- testing Wed Jan 01 06:36:30 UTC 2020 /home/travis/build/icyphy/ptII/ptolemy/domains/modal/test/auto/CausalityInterface13.xml
----------------- Instantiating /home/travis/build/icyphy/ptII/ptolemy/domains/modal/test/auto/CausalityInterface13.xml
11 ms. Memory: 226304K Free: 153093K (68%)
----------------- Invoking toplevel() on ptolemy.moml.MoMLSimpleApplication@4a0b85fd
----------------- Done invoking toplevel() on ptolemy.moml.MoMLSimpleApplication@4a0b85fd
reloadAllAccessors: .CausalityInterface13

===========================================================================================
----------------- testing Wed Jan 01 06:36:30 UTC 2020 /home/travis/build/icyphy/ptII/ptolemy/domains/modal/test/auto/CausalityInterface14.xml
----------------- Instantiating /home/travis/build/icyphy/ptII/ptolemy/domains/modal/test/auto/CausalityInterface14.xml
7 ms. Memory: 226304K Free: 139765K (62%)
----------------- Invoking toplevel() on ptolemy.moml.MoMLSimpleApplication@571c58fc
----------------- Done invoking toplevel() on ptolemy.moml.MoMLSimpleApplication@571c58fc
reloadAllAccessors: .CausalityInterface14

===========================================================================================
----------------- testing Wed Jan 01 06:36:30 UTC 2020 /home/travis/build/icyphy/ptII/ptolemy/domains/modal/test/auto/CausalityInterface2.xml
----------------- Instantiating /home/travis/build/icyphy/ptII/ptolemy/domains/modal/test/auto/CausalityInterface2.xml
3 ms. Memory: 226304K Free: 133142K (59%)
----------------- Invoking toplevel() on ptolemy.moml.MoMLSimpleApplication@61ded79f
----------------- Done invoking toplevel() on ptolemy.moml.MoMLSimpleApplication@61ded79f
reloadAllAccessors: .CausalityInterface2

===========================================================================================
----------------- testing Wed Jan 01 06:36:30 UTC 2020 /home/travis/build/icyphy/ptII/ptolemy/domains/modal/test/auto/CausalityInterface3.xml
----------------- Instantiating /home/travis/build/icyphy/ptII/ptolemy/domains/modal/test/auto/CausalityInterface3.xml
2 ms. Memory: 226304K Free: 126477K (56%)
----------------- Invoking toplevel() on ptolemy.moml.MoMLSimpleApplication@a77d52e
----------------- Done invoking toplevel() on ptolemy.moml.MoMLSimpleApplication@a77d52e
reloadAllAccessors: .CausalityInterface3

===========================================================================================
----------------- testing Wed Jan 01 06:36:30 UTC 2020 /home/travis/build/icyphy/ptII/ptolemy/domains/modal/test/auto/CausalityInterface4.xml
----------------- Instantiating /home/travis/build/icyphy/ptII/ptolemy/domains/modal/test/auto/CausalityInterface4.xml
3 ms. Memory: 226304K Free: 119830K (53%)
----------------- Invoking toplevel() on ptolemy.moml.MoMLSimpleApplication@2b5a99e7
----------------- Done invoking toplevel() on ptolemy.moml.MoMLSimpleApplication@2b5a99e7
reloadAllAccessors: .CausalityInterface4

===========================================================================================
----------------- testing Wed Jan 01 06:36:30 UTC 2020 /home/travis/build/icyphy/ptII/ptolemy/domains/modal/test/auto/CausalityInterface5.xml
----------------- Instantiating /home/travis/build/icyphy/ptII/ptolemy/domains/modal/test/auto/CausalityInterface5.xml
5 ms. Memory: 226304K Free: 111638K (49%)
----------------- Invoking toplevel() on ptolemy.moml.MoMLSimpleApplication@e64dd9
----------------- Done invoking toplevel() on ptolemy.moml.MoMLSimpleApplication@e64dd9
reloadAllAccessors: .CausalityInterface5

===========================================================================================
----------------- testing Wed Jan 01 06:36:30 UTC 2020 /home/travis/build/icyphy/ptII/ptolemy/domains/modal/test/auto/CausalityInterface6.xml
----------------- Instantiating /home/travis/build/icyphy/ptII/ptolemy/domains/modal/test/auto/CausalityInterface6.xml
4 ms. Memory: 226304K Free: 103446K (46%)
----------------- Invoking toplevel() on ptolemy.moml.MoMLSimpleApplication@7aadf1f
----------------- Done invoking toplevel() on ptolemy.moml.MoMLSimpleApplication@7aadf1f
reloadAllAccessors: .CausalityInterface6

===========================================================================================
----------------- testing Wed Jan 01 06:36:30 UTC 2020 /home/travis/build/icyphy/ptII/ptolemy/domains/modal/test/auto/CausalityInterface7.xml
----------------- Instantiating /home/travis/build/icyphy/ptII/ptolemy/domains/modal/test/auto/CausalityInterface7.xml
5 ms. Memory: 226304K Free: 95254K (42%)
----------------- Invoking toplevel() on ptolemy.moml.MoMLSimpleApplication@19e5481
----------------- Done invoking toplevel() on ptolemy.moml.MoMLSimpleApplication@19e5481
reloadAllAccessors: .CausalityInterface7

===========================================================================================
----------------- testing Wed Jan 01 06:36:30 UTC 2020 /home/travis/build/icyphy/ptII/ptolemy/domains/modal/test/auto/CausalityInterface8.xml
----------------- Instantiating /home/travis/build/icyphy/ptII/ptolemy/domains/modal/test/auto/CausalityInterface8.xml
4 ms. Memory: 226304K Free: 87062K (38%)
----------------- Invoking toplevel() on ptolemy.moml.MoMLSimpleApplication@33ae2e5f
----------------- Done invoking toplevel() on ptolemy.moml.MoMLSimpleApplication@33ae2e5f
reloadAllAccessors: .CausalityInterface8

===========================================================================================
----------------- testing Wed Jan 01 06:36:30 UTC 2020 /home/travis/build/icyphy/ptII/ptolemy/domains/modal/test/auto/CausalityInterface9.xml
----------------- Instantiating /home/travis/build/icyphy/ptII/ptolemy/domains/modal/test/auto/CausalityInterface9.xml
16 ms. Memory: 226304K Free: 207382K (92%)
----------------- Invoking toplevel() on ptolemy.moml.MoMLSimpleApplication@61b4ec49
----------------- Done invoking toplevel() on ptolemy.moml.MoMLSimpleApplication@61b4ec49
reloadAllAccessors: .CausalityInterface9

===========================================================================================
----------------- testing Wed Jan 01 06:36:31 UTC 2020 /home/travis/build/icyphy/ptII/ptolemy/domains/modal/test/auto/ChainedTransitions.xml
----------------- Instantiating /home/travis/build/icyphy/ptII/ptolemy/domains/modal/test/auto/ChainedTransitions.xml
104 ms. Memory: 226304K Free: 182277K (81%)
----------------- Invoking toplevel() on ptolemy.moml.MoMLSimpleApplication@39541773
----------------- Done invoking toplevel() on ptolemy.moml.MoMLSimpleApplication@39541773
reloadAllAccessors: .ChainedTransitions

===========================================================================================
----------------- testing Wed Jan 01 06:36:31 UTC 2020 /home/travis/build/icyphy/ptII/ptolemy/domains/modal/test/auto/CycleOfImmediateTransitionsFSM.xml
----------------- Instantiating /home/travis/build/icyphy/ptII/ptolemy/domains/modal/test/auto/CycleOfImmediateTransitionsFSM.xml
3 ms. Memory: 226304K Free: 176662K (78%)
----------------- Invoking toplevel() on ptolemy.moml.MoMLSimpleApplication@2869a725
----------------- Done invoking toplevel() on ptolemy.moml.MoMLSimpleApplication@2869a725
reloadAllAccessors: .CycleOfImmediateTransitionsFSM

===========================================================================================
----------------- testing Wed Jan 01 06:36:31 UTC 2020 /home/travis/build/icyphy/ptII/ptolemy/domains/modal/test/auto/CycleOfImmediateTransitionsModal.xml
----------------- Instantiating /home/travis/build/icyphy/ptII/ptolemy/domains/modal/test/auto/CycleOfImmediateTransitionsModal.xml
3 ms. Memory: 226304K Free: 170518K (75%)
----------------- Invoking toplevel() on ptolemy.moml.MoMLSimpleApplication@b4dbcc9
----------------- Done invoking toplevel() on ptolemy.moml.MoMLSimpleApplication@b4dbcc9
reloadAllAccessors: .CycleOfImmediateTransitionsModal

===========================================================================================
----------------- testing Wed Jan 01 06:36:31 UTC 2020 /home/travis/build/icyphy/ptII/ptolemy/domains/modal/test/auto/CycleOfImmediateTransitionsModal2.xml
----------------- Instantiating /home/travis/build/icyphy/ptII/ptolemy/domains/modal/test/auto/CycleOfImmediateTransitionsModal2.xml
8 ms. Memory: 226304K Free: 164374K (73%)
----------------- Invoking toplevel() on ptolemy.moml.MoMLSimpleApplication@25d48bba
----------------- Done invoking toplevel() on ptolemy.moml.MoMLSimpleApplication@25d48bba
reloadAllAccessors: .CycleOfImmediateTransitionsModal2

===========================================================================================
----------------- testing Wed Jan 01 06:36:31 UTC 2020 /home/travis/build/icyphy/ptII/ptolemy/domains/modal/test/auto/CycleOfImmediateTransitionsModal3.xml
----------------- Instantiating /home/travis/build/icyphy/ptII/ptolemy/domains/modal/test/auto/CycleOfImmediateTransitionsModal3.xml
11 ms. Memory: 226304K Free: 141317K (62%)
----------------- Invoking toplevel() on ptolemy.moml.MoMLSimpleApplication@5b86c1ed
----------------- Done invoking toplevel() on ptolemy.moml.MoMLSimpleApplication@5b86c1ed
reloadAllAccessors: .CycleOfImmediateTransitionsModal3

===========================================================================================
----------------- testing Wed Jan 01 06:36:31 UTC 2020 /home/travis/build/icyphy/ptII/ptolemy/domains/modal/test/auto/DeepModal1.xml
----------------- Instantiating /home/travis/build/icyphy/ptII/ptolemy/domains/modal/test/auto/DeepModal1.xml
27 ms. Memory: 226304K Free: 127510K (56%)
----------------- Invoking toplevel() on ptolemy.moml.MoMLSimpleApplication@ff9649d
----------------- Done invoking toplevel() on ptolemy.moml.MoMLSimpleApplication@ff9649d
reloadAllAccessors: .DeepModal1

===========================================================================================
----------------- testing Wed Jan 01 06:36:31 UTC 2020 /home/travis/build/icyphy/ptII/ptolemy/domains/modal/test/auto/DeepModal2.xml
----------------- Instantiating /home/travis/build/icyphy/ptII/ptolemy/domains/modal/test/auto/DeepModal2.xml
23 ms. Memory: 226304K Free: 109078K (48%)
----------------- Invoking toplevel() on ptolemy.moml.MoMLSimpleApplication@577d6086
----------------- Done invoking toplevel() on ptolemy.moml.MoMLSimpleApplication@577d6086
reloadAllAccessors: .DeepModal2

===========================================================================================
----------------- testing Wed Jan 01 06:36:31 UTC 2020 /home/travis/build/icyphy/ptII/ptolemy/domains/modal/test/auto/DeepModal3.xml
----------------- Instantiating /home/travis/build/icyphy/ptII/ptolemy/domains/modal/test/auto/DeepModal3.xml
26 ms. Memory: 226304K Free: 90132K (40%)
----------------- Invoking toplevel() on ptolemy.moml.MoMLSimpleApplication@55301e73
----------------- Done invoking toplevel() on ptolemy.moml.MoMLSimpleApplication@55301e73
reloadAllAccessors: .DeepModal3

===========================================================================================
----------------- testing Wed Jan 01 06:36:31 UTC 2020 /home/travis/build/icyphy/ptII/ptolemy/domains/modal/test/auto/DeepModal4.xml
----------------- Instantiating /home/travis/build/icyphy/ptII/ptolemy/domains/modal/test/auto/DeepModal4.xml
30 ms. Memory: 226304K Free: 199702K (88%)
----------------- Invoking toplevel() on ptolemy.moml.MoMLSimpleApplication@3d6be263
----------------- Done invoking toplevel() on ptolemy.moml.MoMLSimpleApplication@3d6be263
reloadAllAccessors: .DeepModal4

===========================================================================================
----------------- testing Wed Jan 01 06:36:31 UTC 2020 /home/travis/build/icyphy/ptII/ptolemy/domains/modal/test/auto/Default1.xml
----------------- Instantiating /home/travis/build/icyphy/ptII/ptolemy/domains/modal/test/auto/Default1.xml
2 ms. Memory: 226304K Free: 193558K (86%)
----------------- Invoking toplevel() on ptolemy.moml.MoMLSimpleApplication@4a07e3e
----------------- Done invoking toplevel() on ptolemy.moml.MoMLSimpleApplication@4a07e3e
reloadAllAccessors: .Default1

===========================================================================================
----------------- testing Wed Jan 01 06:36:31 UTC 2020 /home/travis/build/icyphy/ptII/ptolemy/domains/modal/test/auto/Default2.xml
----------------- Instantiating /home/travis/build/icyphy/ptII/ptolemy/domains/modal/test/auto/Default2.xml
8 ms. Memory: 226304K Free: 187924K (83%)
----------------- Invoking toplevel() on ptolemy.moml.MoMLSimpleApplication@70626c02
----------------- Done invoking toplevel() on ptolemy.moml.MoMLSimpleApplication@70626c02
reloadAllAccessors: .Default2

===========================================================================================
----------------- testing Wed Jan 01 06:36:31 UTC 2020 /home/travis/build/icyphy/ptII/ptolemy/domains/modal/test/auto/Default3.xml
----------------- Instantiating /home/travis/build/icyphy/ptII/ptolemy/domains/modal/test/auto/Default3.xml
5 ms. Memory: 226304K Free: 181780K (80%)
----------------- Invoking toplevel() on ptolemy.moml.MoMLSimpleApplication@2f0c7866
----------------- Done invoking toplevel() on ptolemy.moml.MoMLSimpleApplication@2f0c7866
reloadAllAccessors: .Default3

===========================================================================================
----------------- testing Wed Jan 01 06:36:31 UTC 2020 /home/travis/build/icyphy/ptII/ptolemy/domains/modal/test/auto/Default4.xml
----------------- Instantiating /home/travis/build/icyphy/ptII/ptolemy/domains/modal/test/auto/Default4.xml
5 ms. Memory: 226304K Free: 175636K (78%)
----------------- Invoking toplevel() on ptolemy.moml.MoMLSimpleApplication@59decaec
----------------- Done invoking toplevel() on ptolemy.moml.MoMLSimpleApplication@59decaec
reloadAllAccessors: .Default4

===========================================================================================
----------------- testing Wed Jan 01 06:36:31 UTC 2020 /home/travis/build/icyphy/ptII/ptolemy/domains/modal/test/auto/Default5.xml
----------------- Instantiating /home/travis/build/icyphy/ptII/ptolemy/domains/modal/test/auto/Default5.xml
14 ms. Memory: 226304K Free: 167429K (74%)
----------------- Invoking toplevel() on ptolemy.moml.MoMLSimpleApplication@5410cf24
----------------- Done invoking toplevel() on ptolemy.moml.MoMLSimpleApplication@5410cf24
reloadAllAccessors: .Default5

===========================================================================================
----------------- testing Wed Jan 01 06:36:31 UTC 2020 /home/travis/build/icyphy/ptII/ptolemy/domains/modal/test/auto/EmptyGuard.xml
----------------- Instantiating /home/travis/build/icyphy/ptII/ptolemy/domains/modal/test/auto/EmptyGuard.xml
10 ms. Memory: 226304K Free: 159766K (71%)
----------------- Invoking toplevel() on ptolemy.moml.MoMLSimpleApplication@7f5280ab
----------------- Done invoking toplevel() on ptolemy.moml.MoMLSimpleApplication@7f5280ab
reloadAllAccessors: .EmptyGuard

===========================================================================================
----------------- testing Wed Jan 01 06:36:31 UTC 2020 /home/travis/build/icyphy/ptII/ptolemy/domains/modal/test/auto/ErrorTransition1.xml
----------------- Instantiating /home/travis/build/icyphy/ptII/ptolemy/domains/modal/test/auto/ErrorTransition1.xml
9 ms. Memory: 226304K Free: 151060K (67%)
----------------- Invoking toplevel() on ptolemy.moml.MoMLSimpleApplication@1894544
----------------- Done invoking toplevel() on ptolemy.moml.MoMLSimpleApplication@1894544
reloadAllAccessors: .ErrorTransition1

===========================================================================================
----------------- testing Wed Jan 01 06:36:31 UTC 2020 /home/travis/build/icyphy/ptII/ptolemy/domains/modal/test/auto/ErrorTransition10.xml
----------------- Instantiating /home/travis/build/icyphy/ptII/ptolemy/domains/modal/test/auto/ErrorTransition10.xml
15 ms. Memory: 226304K Free: 137717K (61%)
----------------- Invoking toplevel() on ptolemy.moml.MoMLSimpleApplication@4de1440
----------------- Done invoking toplevel() on ptolemy.moml.MoMLSimpleApplication@4de1440
reloadAllAccessors: .ErrorTransition10

===========================================================================================
----------------- testing Wed Jan 01 06:36:31 UTC 2020 /home/travis/build/icyphy/ptII/ptolemy/domains/modal/test/auto/ErrorTransition11.xml
----------------- Instantiating /home/travis/build/icyphy/ptII/ptolemy/domains/modal/test/auto/ErrorTransition11.xml
4 ms. Memory: 226304K Free: 126484K (56%)
----------------- Invoking toplevel() on ptolemy.moml.MoMLSimpleApplication@5d7f5b68
----------------- Done invoking toplevel() on ptolemy.moml.MoMLSimpleApplication@5d7f5b68
reloadAllAccessors: .ErrorTransition11

===========================================================================================
----------------- testing Wed Jan 01 06:36:31 UTC 2020 /home/travis/build/icyphy/ptII/ptolemy/domains/modal/test/auto/ErrorTransition2.xml
----------------- Instantiating /home/travis/build/icyphy/ptII/ptolemy/domains/modal/test/auto/ErrorTransition2.xml
8 ms. Memory: 226304K Free: 117782K (52%)
----------------- Invoking toplevel() on ptolemy.moml.MoMLSimpleApplication@59fec5a1
----------------- Done invoking toplevel() on ptolemy.moml.MoMLSimpleApplication@59fec5a1
reloadAllAccessors: .ErrorTransition2

===========================================================================================
----------------- testing Wed Jan 01 06:36:31 UTC 2020 /home/travis/build/icyphy/ptII/ptolemy/domains/modal/test/auto/ErrorTransition3.xml
----------------- Instantiating /home/travis/build/icyphy/ptII/ptolemy/domains/modal/test/auto/ErrorTransition3.xml
21 ms. Memory: 226304K Free: 107542K (48%)
----------------- Invoking toplevel() on ptolemy.moml.MoMLSimpleApplication@1b7839a
----------------- Done invoking toplevel() on ptolemy.moml.MoMLSimpleApplication@1b7839a
reloadAllAccessors: .ErrorTransition3

===========================================================================================
----------------- testing Wed Jan 01 06:36:31 UTC 2020 /home/travis/build/icyphy/ptII/ptolemy/domains/modal/test/auto/ErrorTransition4.xml
----------------- Instantiating /home/travis/build/icyphy/ptII/ptolemy/domains/modal/test/auto/ErrorTransition4.xml
14 ms. Memory: 226304K Free: 96278K (43%)
----------------- Invoking toplevel() on ptolemy.moml.MoMLSimpleApplication@42c176e1
----------------- Done invoking toplevel() on ptolemy.moml.MoMLSimpleApplication@42c176e1
reloadAllAccessors: .ErrorTransition4

===========================================================================================
----------------- testing Wed Jan 01 06:36:32 UTC 2020 /home/travis/build/icyphy/ptII/ptolemy/domains/modal/test/auto/ErrorTransition5.xml
----------------- Instantiating /home/travis/build/icyphy/ptII/ptolemy/domains/modal/test/auto/ErrorTransition5.xml
9 ms. Memory: 226304K Free: 86533K (38%)
----------------- Invoking toplevel() on ptolemy.moml.MoMLSimpleApplication@29cd4e7c
----------------- Done invoking toplevel() on ptolemy.moml.MoMLSimpleApplication@29cd4e7c
reloadAllAccessors: .ErrorTransition5

===========================================================================================
----------------- testing Wed Jan 01 06:36:32 UTC 2020 /home/travis/build/icyphy/ptII/ptolemy/domains/modal/test/auto/ErrorTransition6.xml
----------------- Instantiating /home/travis/build/icyphy/ptII/ptolemy/domains/modal/test/auto/ErrorTransition6.xml
10 ms. Memory: 274432K Free: 252950K (92%)
----------------- Invoking toplevel() on ptolemy.moml.MoMLSimpleApplication@4a401218
----------------- Done invoking toplevel() on ptolemy.moml.MoMLSimpleApplication@4a401218
reloadAllAccessors: .ErrorTransition6

===========================================================================================
----------------- testing Wed Jan 01 06:36:32 UTC 2020 /home/travis/build/icyphy/ptII/ptolemy/domains/modal/test/auto/ErrorTransition7.xml
----------------- Instantiating /home/travis/build/icyphy/ptII/ptolemy/domains/modal/test/auto/ErrorTransition7.xml
11 ms. Memory: 274432K Free: 240141K (88%)
----------------- Invoking toplevel() on ptolemy.moml.MoMLSimpleApplication@4f40d9e2
----------------- Done invoking toplevel() on ptolemy.moml.MoMLSimpleApplication@4f40d9e2
reloadAllAccessors: .ErrorTransition7

===========================================================================================
----------------- testing Wed Jan 01 06:36:32 UTC 2020 /home/travis/build/icyphy/ptII/ptolemy/domains/modal/test/auto/ErrorTransition8.xml
----------------- Instantiating /home/travis/build/icyphy/ptII/ptolemy/domains/modal/test/auto/ErrorTransition8.xml
14 ms. Memory: 274432K Free: 226836K (83%)
----------------- Invoking toplevel() on ptolemy.moml.MoMLSimpleApplication@73df6056
----------------- Done invoking toplevel() on ptolemy.moml.MoMLSimpleApplication@73df6056
reloadAllAccessors: .ErrorTransition8

===========================================================================================
----------------- testing Wed Jan 01 06:36:32 UTC 2020 /home/travis/build/icyphy/ptII/ptolemy/domains/modal/test/auto/ErrorTransition9.xml
----------------- Instantiating /home/travis/build/icyphy/ptII/ptolemy/domains/modal/test/auto/ErrorTransition9.xml
14 ms. Memory: 274432K Free: 213509K (78%)
----------------- Invoking toplevel() on ptolemy.moml.MoMLSimpleApplication@484c8678
----------------- Done invoking toplevel() on ptolemy.moml.MoMLSimpleApplication@484c8678
reloadAllAccessors: .ErrorTransition9

===========================================================================================
----------------- testing Wed Jan 01 06:36:32 UTC 2020 /home/travis/build/icyphy/ptII/ptolemy/domains/modal/test/auto/ExtendedFSM.xml
----------------- Instantiating /home/travis/build/icyphy/ptII/ptolemy/domains/modal/test/auto/ExtendedFSM.xml
6 ms. Memory: 274432K Free: 204822K (75%)
----------------- Invoking toplevel() on ptolemy.moml.MoMLSimpleApplication@43baf945
----------------- Done invoking toplevel() on ptolemy.moml.MoMLSimpleApplication@43baf945
reloadAllAccessors: .ExtendedFSM

===========================================================================================
----------------- testing Wed Jan 01 06:36:32 UTC 2020 /home/travis/build/icyphy/ptII/ptolemy/domains/modal/test/auto/FinalStates.xml
----------------- Instantiating /home/travis/build/icyphy/ptII/ptolemy/domains/modal/test/auto/FinalStates.xml
12 ms. Memory: 274432K Free: 196630K (72%)
----------------- Invoking toplevel() on ptolemy.moml.MoMLSimpleApplication@2e80f0e
----------------- Done invoking toplevel() on ptolemy.moml.MoMLSimpleApplication@2e80f0e
reloadAllAccessors: .FinalStates

===========================================================================================
----------------- testing Wed Jan 01 06:36:32 UTC 2020 /home/travis/build/icyphy/ptII/ptolemy/domains/modal/test/auto/FixedPointFSM.xml
----------------- Instantiating /home/travis/build/icyphy/ptII/ptolemy/domains/modal/test/auto/FixedPointFSM.xml
21 ms. Memory: 274432K Free: 181773K (66%)
----------------- Invoking toplevel() on ptolemy.moml.MoMLSimpleApplication@292492fd
----------------- Done invoking toplevel() on ptolemy.moml.MoMLSimpleApplication@292492fd
reloadAllAccessors: .FixedPointFSM

===========================================================================================
----------------- testing Wed Jan 01 06:36:32 UTC 2020 /home/travis/build/icyphy/ptII/ptolemy/domains/modal/test/auto/FixedPointIterationFSMActor.xml
----------------- Instantiating /home/travis/build/icyphy/ptII/ptolemy/domains/modal/test/auto/FixedPointIterationFSMActor.xml
8 ms. Memory: 274432K Free: 171030K (62%)
----------------- Invoking toplevel() on ptolemy.moml.MoMLSimpleApplication@6d5c0712
----------------- Done invoking toplevel() on ptolemy.moml.MoMLSimpleApplication@6d5c0712
reloadAllAccessors: .FixedPointIterationFSMActor

===========================================================================================
----------------- testing Wed Jan 01 06:36:32 UTC 2020 /home/travis/build/icyphy/ptII/ptolemy/domains/modal/test/auto/FixedPointIterationFSMActor2.xml
----------------- Instantiating /home/travis/build/icyphy/ptII/ptolemy/domains/modal/test/auto/FixedPointIterationFSMActor2.xml
9 ms. Memory: 274432K Free: 158742K (58%)
----------------- Invoking toplevel() on ptolemy.moml.MoMLSimpleApplication@1495118f
----------------- Done invoking toplevel() on ptolemy.moml.MoMLSimpleApplication@1495118f
reloadAllAccessors: .FixedPointIterationFSMActor2

===========================================================================================
----------------- testing Wed Jan 01 06:36:32 UTC 2020 /home/travis/build/icyphy/ptII/ptolemy/domains/modal/test/auto/ForbiddenInstantanousLoop.xml
----------------- Instantiating /home/travis/build/icyphy/ptII/ptolemy/domains/modal/test/auto/ForbiddenInstantanousLoop.xml
7 ms. Memory: 274432K Free: 146454K (53%)
----------------- Invoking toplevel() on ptolemy.moml.MoMLSimpleApplication@28be49c2
----------------- Done invoking toplevel() on ptolemy.moml.MoMLSimpleApplication@28be49c2
reloadAllAccessors: .ForbiddenInstantanousLoop

===========================================================================================
----------------- testing Wed Jan 01 06:36:32 UTC 2020 /home/travis/build/icyphy/ptII/ptolemy/domains/modal/test/auto/FunctionDependencyOfFSMActorTest.xml
----------------- Instantiating /home/travis/build/icyphy/ptII/ptolemy/domains/modal/test/auto/FunctionDependencyOfFSMActorTest.xml
13 ms. Memory: 274432K Free: 139286K (51%)
----------------- Invoking toplevel() on ptolemy.moml.MoMLSimpleApplication@699c383
----------------- Done invoking toplevel() on ptolemy.moml.MoMLSimpleApplication@699c383
reloadAllAccessors: .FunctionDependencyOfFSMActorTest

===========================================================================================
----------------- testing Wed Jan 01 06:36:32 UTC 2020 /home/travis/build/icyphy/ptII/ptolemy/domains/modal/test/auto/GuardExpression.xml
----------------- Instantiating /home/travis/build/icyphy/ptII/ptolemy/domains/modal/test/auto/GuardExpression.xml
2 ms. Memory: 274432K Free: 134166K (49%)
----------------- Invoking toplevel() on ptolemy.moml.MoMLSimpleApplication@5f3b4903
----------------- Done invoking toplevel() on ptolemy.moml.MoMLSimpleApplication@5f3b4903
reloadAllAccessors: .GuardExpression

===========================================================================================
----------------- testing Wed Jan 01 06:36:32 UTC 2020 /home/travis/build/icyphy/ptII/ptolemy/domains/modal/test/auto/GuardNotEvaluated.xml
----------------- Instantiating /home/travis/build/icyphy/ptII/ptolemy/domains/modal/test/auto/GuardNotEvaluated.xml
6 ms. Memory: 274432K Free: 125460K (46%)
----------------- Invoking toplevel() on ptolemy.moml.MoMLSimpleApplication@1e7dc43b
----------------- Done invoking toplevel() on ptolemy.moml.MoMLSimpleApplication@1e7dc43b
reloadAllAccessors: .GuardNotEvaluated

===========================================================================================
----------------- testing Wed Jan 01 06:36:32 UTC 2020 /home/travis/build/icyphy/ptII/ptolemy/domains/modal/test/auto/GuardNotEvaluated2.xml
----------------- Instantiating /home/travis/build/icyphy/ptII/ptolemy/domains/modal/test/auto/GuardNotEvaluated2.xml
8 ms. Memory: 274432K Free: 115734K (42%)
----------------- Invoking toplevel() on ptolemy.moml.MoMLSimpleApplication@16ca9f21
----------------- Done invoking toplevel() on ptolemy.moml.MoMLSimpleApplication@16ca9f21
reloadAllAccessors: .GuardNotEvaluated2

===========================================================================================
----------------- testing Wed Jan 01 06:36:32 UTC 2020 /home/travis/build/icyphy/ptII/ptolemy/domains/modal/test/auto/GuardOnAbsent.xml
----------------- Instantiating /home/travis/build/icyphy/ptII/ptolemy/domains/modal/test/auto/GuardOnAbsent.xml
9 ms. Memory: 274432K Free: 108045K (39%)
----------------- Invoking toplevel() on ptolemy.moml.MoMLSimpleApplication@2cd3e9d
----------------- Done invoking toplevel() on ptolemy.moml.MoMLSimpleApplication@2cd3e9d
reloadAllAccessors: .GuardOnAbsent

===========================================================================================
----------------- testing Wed Jan 01 06:36:32 UTC 2020 /home/travis/build/icyphy/ptII/ptolemy/domains/modal/test/auto/HierarchicalFSMTypeInference.xml
----------------- Instantiating /home/travis/build/icyphy/ptII/ptolemy/domains/modal/test/auto/HierarchicalFSMTypeInference.xml
5 ms. Memory: 274432K Free: 254641K (93%)
----------------- Invoking toplevel() on ptolemy.moml.MoMLSimpleApplication@691b2b69
----------------- Done invoking toplevel() on ptolemy.moml.MoMLSimpleApplication@691b2b69
reloadAllAccessors: .HierarchicalFSMTypeInference

===========================================================================================
----------------- testing Wed Jan 01 06:36:32 UTC 2020 /home/travis/build/icyphy/ptII/ptolemy/domains/modal/test/auto/Hysteresis.xml
----------------- Instantiating /home/travis/build/icyphy/ptII/ptolemy/domains/modal/test/auto/Hysteresis.xml
13 ms. Memory: 274432K Free: 241174K (88%)
----------------- Invoking toplevel() on ptolemy.moml.MoMLSimpleApplication@d82f713
----------------- Done invoking toplevel() on ptolemy.moml.MoMLSimpleApplication@d82f713
reloadAllAccessors: .Hysteresis

===========================================================================================
----------------- testing Wed Jan 01 06:36:32 UTC 2020 /home/travis/build/icyphy/ptII/ptolemy/domains/modal/test/auto/HysteresisWithDefault.xml
----------------- Instantiating /home/travis/build/icyphy/ptII/ptolemy/domains/modal/test/auto/HysteresisWithDefault.xml
46 ms. Memory: 274432K Free: 218117K (79%)
----------------- Invoking toplevel() on ptolemy.moml.MoMLSimpleApplication@1622785f
----------------- Done invoking toplevel() on ptolemy.moml.MoMLSimpleApplication@1622785f
reloadAllAccessors: .HysteresisWithDefault

===========================================================================================
----------------- testing Wed Jan 01 06:36:32 UTC 2020 /home/travis/build/icyphy/ptII/ptolemy/domains/modal/test/auto/HysteresisWithDefault2.xml
----------------- Instantiating /home/travis/build/icyphy/ptII/ptolemy/domains/modal/test/auto/HysteresisWithDefault2.xml
47 ms. Memory: 274432K Free: 188436K (69%)
----------------- Invoking toplevel() on ptolemy.moml.MoMLSimpleApplication@4ad0203d
----------------- Done invoking toplevel() on ptolemy.moml.MoMLSimpleApplication@4ad0203d
reloadAllAccessors: .HysteresisWithDefault2

===========================================================================================
----------------- testing Wed Jan 01 06:36:32 UTC 2020 /home/travis/build/icyphy/ptII/ptolemy/domains/modal/test/auto/ImmediateNonConstructiveness.xml
----------------- Instantiating /home/travis/build/icyphy/ptII/ptolemy/domains/modal/test/auto/ImmediateNonConstructiveness.xml
4 ms. Memory: 274432K Free: 181253K (66%)
----------------- Invoking toplevel() on ptolemy.moml.MoMLSimpleApplication@8b8c0fe
----------------- Done invoking toplevel() on ptolemy.moml.MoMLSimpleApplication@8b8c0fe
reloadAllAccessors: .ImmediateNonConstructiveness

===========================================================================================
----------------- testing Wed Jan 01 06:36:32 UTC 2020 /home/travis/build/icyphy/ptII/ptolemy/domains/modal/test/auto/ImmediateNonConstructiveness2.xml
----------------- Instantiating /home/travis/build/icyphy/ptII/ptolemy/domains/modal/test/auto/ImmediateNonConstructiveness2.xml
3 ms. Memory: 274432K Free: 174614K (64%)
----------------- Invoking toplevel() on ptolemy.moml.MoMLSimpleApplication@2c113c57
----------------- Done invoking toplevel() on ptolemy.moml.MoMLSimpleApplication@2c113c57
reloadAllAccessors: .ImmediateNonConstructiveness2

===========================================================================================
----------------- testing Wed Jan 01 06:36:32 UTC 2020 /home/travis/build/icyphy/ptII/ptolemy/domains/modal/test/auto/ImmediateTransitionReset.xml
----------------- Instantiating /home/travis/build/icyphy/ptII/ptolemy/domains/modal/test/auto/ImmediateTransitionReset.xml
5 ms. Memory: 274432K Free: 162836K (59%)
----------------- Invoking toplevel() on ptolemy.moml.MoMLSimpleApplication@51631e97
----------------- Done invoking toplevel() on ptolemy.moml.MoMLSimpleApplication@51631e97
reloadAllAccessors: .ImmediateTransitionReset

===========================================================================================
----------------- testing Wed Jan 01 06:36:32 UTC 2020 /home/travis/build/icyphy/ptII/ptolemy/domains/modal/test/auto/ImmediateTransitions1.xml
----------------- Instantiating /home/travis/build/icyphy/ptII/ptolemy/domains/modal/test/auto/ImmediateTransitions1.xml
1 ms. Memory: 274432K Free: 157716K (57%)
----------------- Invoking toplevel() on ptolemy.moml.MoMLSimpleApplication@2dacb17c
----------------- Done invoking toplevel() on ptolemy.moml.MoMLSimpleApplication@2dacb17c
reloadAllAccessors: .ImmediateTransitions1

===========================================================================================
----------------- testing Wed Jan 01 06:36:32 UTC 2020 /home/travis/build/icyphy/ptII/ptolemy/domains/modal/test/auto/ImmediateTransitionsInstantaneousCommunication.xml
----------------- Instantiating /home/travis/build/icyphy/ptII/ptolemy/domains/modal/test/auto/ImmediateTransitionsInstantaneousCommunication.xml
4 ms. Memory: 274432K Free: 145413K (53%)
----------------- Invoking toplevel() on ptolemy.moml.MoMLSimpleApplication@64e8b489
----------------- Done invoking toplevel() on ptolemy.moml.MoMLSimpleApplication@64e8b489
reloadAllAccessors: .ImmediateTransitionsInstantaneousCommunication

===========================================================================================
----------------- testing Wed Jan 01 06:36:32 UTC 2020 /home/travis/build/icyphy/ptII/ptolemy/domains/modal/test/auto/InitialImmediateTransition.xml
----------------- Instantiating /home/travis/build/icyphy/ptII/ptolemy/domains/modal/test/auto/InitialImmediateTransition.xml
4 ms. Memory: 274432K Free: 138253K (50%)
----------------- Invoking toplevel() on ptolemy.moml.MoMLSimpleApplication@27c052e6
----------------- Done invoking toplevel() on ptolemy.moml.MoMLSimpleApplication@27c052e6
reloadAllAccessors: .InitialImmediateTransition

===========================================================================================
----------------- testing Wed Jan 01 06:36:33 UTC 2020 /home/travis/build/icyphy/ptII/ptolemy/domains/modal/test/auto/InitialOutputs.xml
----------------- Instantiating /home/travis/build/icyphy/ptII/ptolemy/domains/modal/test/auto/InitialOutputs.xml
3 ms. Memory: 274432K Free: 131606K (48%)
----------------- Invoking toplevel() on ptolemy.moml.MoMLSimpleApplication@5f70e393
----------------- Done invoking toplevel() on ptolemy.moml.MoMLSimpleApplication@5f70e393
reloadAllAccessors: .InitialOutputs

===========================================================================================
----------------- testing Wed Jan 01 06:36:33 UTC 2020 /home/travis/build/icyphy/ptII/ptolemy/domains/modal/test/auto/InitialStateTransition1.xml
----------------- Instantiating /home/travis/build/icyphy/ptII/ptolemy/domains/modal/test/auto/InitialStateTransition1.xml
2 ms. Memory: 274432K Free: 124438K (45%)
----------------- Invoking toplevel() on ptolemy.moml.MoMLSimpleApplication@4e1fcfa1
----------------- Done invoking toplevel() on ptolemy.moml.MoMLSimpleApplication@4e1fcfa1
reloadAllAccessors: .InitialStateTransition1

===========================================================================================
----------------- testing Wed Jan 01 06:36:33 UTC 2020 /home/travis/build/icyphy/ptII/ptolemy/domains/modal/test/auto/InitialStateTransition2.xml
----------------- Instantiating /home/travis/build/icyphy/ptII/ptolemy/domains/modal/test/auto/InitialStateTransition2.xml
.InitialStateTransition2.TestExceptionAttributeNonConstructive: initialize() was not invoked, but wrapup() was.  This is unusual, but not always a problem.  For example, exporting JNLP will do this.
2 ms. Memory: 274432K Free: 117270K (43%)
----------------- Invoking toplevel() on ptolemy.moml.MoMLSimpleApplication@6c2e209
----------------- Done invoking toplevel() on ptolemy.moml.MoMLSimpleApplication@6c2e209
reloadAllAccessors: .InitialStateTransition2

===========================================================================================
----------------- testing Wed Jan 01 06:36:33 UTC 2020 /home/travis/build/icyphy/ptII/ptolemy/domains/modal/test/auto/InitialStateTransition3.xml
----------------- Instantiating /home/travis/build/icyphy/ptII/ptolemy/domains/modal/test/auto/InitialStateTransition3.xml
5 ms. Memory: 274432K Free: 108564K (40%)
----------------- Invoking toplevel() on ptolemy.moml.MoMLSimpleApplication@3db50360
----------------- Done invoking toplevel() on ptolemy.moml.MoMLSimpleApplication@3db50360
reloadAllAccessors: .InitialStateTransition3

===========================================================================================
----------------- testing Wed Jan 01 06:36:33 UTC 2020 /home/travis/build/icyphy/ptII/ptolemy/domains/modal/test/auto/InitialStateTransition4.xml
----------------- Instantiating /home/travis/build/icyphy/ptII/ptolemy/domains/modal/test/auto/InitialStateTransition4.xml
3 ms. Memory: 274432K Free: 98838K (36%)
----------------- Invoking toplevel() on ptolemy.moml.MoMLSimpleApplication@366c1898
----------------- Done invoking toplevel() on ptolemy.moml.MoMLSimpleApplication@366c1898
reloadAllAccessors: .InitialStateTransition4
[...]
reloadAllAccessors: .TerminationTransition3

===========================================================================================
----------------- testing Wed Jan 01 06:36:34 UTC 2020 /home/travis/build/icyphy/ptII/ptolemy/domains/modal/test/auto/TerminationTransition4.xml
----------------- Instantiating /home/travis/build/icyphy/ptII/ptolemy/domains/modal/test/auto/TerminationTransition4.xml
6 ms. Memory: 329728K Free: 226066K (69%)
----------------- Invoking toplevel() on ptolemy.moml.MoMLSimpleApplication@899d51b
----------------- Done invoking toplevel() on ptolemy.moml.MoMLSimpleApplication@899d51b
reloadAllAccessors: .TerminationTransition4

===========================================================================================
----------------- testing Wed Jan 01 06:36:35 UTC 2020 /home/travis/build/icyphy/ptII/ptolemy/domains/modal/test/auto/TerminationTransition5.xml
----------------- Instantiating /home/travis/build/icyphy/ptII/ptolemy/domains/modal/test/auto/TerminationTransition5.xml
3 ms. Memory: 329728K Free: 212240K (64%)
----------------- Invoking toplevel() on ptolemy.moml.MoMLSimpleApplication@3db72ad
----------------- Done invoking toplevel() on ptolemy.moml.MoMLSimpleApplication@3db72ad
reloadAllAccessors: .TerminationTransition5

===========================================================================================
----------------- testing Wed Jan 01 06:36:35 UTC 2020 /home/travis/build/icyphy/ptII/ptolemy/domains/modal/test/auto/TerminationTransition6.xml
----------------- Instantiating /home/travis/build/icyphy/ptII/ptolemy/domains/modal/test/auto/TerminationTransition6.xml
1 ms. Memory: 329728K Free: 203538K (62%)
----------------- Invoking toplevel() on ptolemy.moml.MoMLSimpleApplication@581d8672
----------------- Done invoking toplevel() on ptolemy.moml.MoMLSimpleApplication@581d8672
reloadAllAccessors: .TerminationTransition6

===========================================================================================
----------------- testing Wed Jan 01 06:36:35 UTC 2020 /home/travis/build/icyphy/ptII/ptolemy/domains/modal/test/auto/TerminationTransition7.xml
----------------- Instantiating /home/travis/build/icyphy/ptII/ptolemy/domains/modal/test/auto/TerminationTransition7.xml
2 ms. Memory: 329728K Free: 194322K (59%)
----------------- Invoking toplevel() on ptolemy.moml.MoMLSimpleApplication@63c893f8
----------------- Done invoking toplevel() on ptolemy.moml.MoMLSimpleApplication@63c893f8
reloadAllAccessors: .TerminationTransition7

===========================================================================================
----------------- testing Wed Jan 01 06:36:35 UTC 2020 /home/travis/build/icyphy/ptII/ptolemy/domains/modal/test/auto/TerminationTransition8.xml
----------------- Instantiating /home/travis/build/icyphy/ptII/ptolemy/domains/modal/test/auto/TerminationTransition8.xml
2 ms. Memory: 329728K Free: 184592K (56%)
----------------- Invoking toplevel() on ptolemy.moml.MoMLSimpleApplication@3659685a
----------------- Done invoking toplevel() on ptolemy.moml.MoMLSimpleApplication@3659685a
reloadAllAccessors: .TerminationTransition8

===========================================================================================
----------------- testing Wed Jan 01 06:36:35 UTC 2020 /home/travis/build/icyphy/ptII/ptolemy/domains/modal/test/auto/Thermostat_NoHysteresis.xml
----------------- Instantiating /home/travis/build/icyphy/ptII/ptolemy/domains/modal/test/auto/Thermostat_NoHysteresis.xml
23 ms. Memory: 329728K Free: 160016K (49%)
----------------- Invoking toplevel() on ptolemy.moml.MoMLSimpleApplication@19564ae5
----------------- Done invoking toplevel() on ptolemy.moml.MoMLSimpleApplication@19564ae5
reloadAllAccessors: .Thermostat_NoHysteresis

===========================================================================================
----------------- testing Wed Jan 01 06:36:35 UTC 2020 /home/travis/build/icyphy/ptII/ptolemy/domains/modal/test/auto/TimedFSM.xml
----------------- Instantiating /home/travis/build/icyphy/ptII/ptolemy/domains/modal/test/auto/TimedFSM.xml
7 ms. Memory: 329728K Free: 148242K (45%)
----------------- Invoking toplevel() on ptolemy.moml.MoMLSimpleApplication@1ad9af69
----------------- Done invoking toplevel() on ptolemy.moml.MoMLSimpleApplication@1ad9af69
reloadAllAccessors: .TimedFSM

===========================================================================================
----------------- testing Wed Jan 01 06:36:35 UTC 2020 /home/travis/build/icyphy/ptII/ptolemy/domains/modal/test/auto/Timeout1.xml
----------------- Instantiating /home/travis/build/icyphy/ptII/ptolemy/domains/modal/test/auto/Timeout1.xml
3 ms. Memory: 329728K Free: 142593K (43%)
----------------- Invoking toplevel() on ptolemy.moml.MoMLSimpleApplication@682e94a9
----------------- Done invoking toplevel() on ptolemy.moml.MoMLSimpleApplication@682e94a9
reloadAllAccessors: .Timeout1

===========================================================================================
----------------- testing Wed Jan 01 06:36:35 UTC 2020 /home/travis/build/icyphy/ptII/ptolemy/domains/modal/test/auto/Timeout2.xml
----------------- Instantiating /home/travis/build/icyphy/ptII/ptolemy/domains/modal/test/auto/Timeout2.xml
8 ms. Memory: 329728K Free: 133906K (41%)
----------------- Invoking toplevel() on ptolemy.moml.MoMLSimpleApplication@446ff5cb
----------------- Done invoking toplevel() on ptolemy.moml.MoMLSimpleApplication@446ff5cb
reloadAllAccessors: .Timeout2

===========================================================================================
----------------- testing Wed Jan 01 06:36:35 UTC 2020 /home/travis/build/icyphy/ptII/ptolemy/domains/modal/test/auto/Timeout3.xml
----------------- Instantiating /home/travis/build/icyphy/ptII/ptolemy/domains/modal/test/auto/Timeout3.xml
2 ms. Memory: 329728K Free: 128786K (39%)
----------------- Invoking toplevel() on ptolemy.moml.MoMLSimpleApplication@7aabb81e
----------------- Done invoking toplevel() on ptolemy.moml.MoMLSimpleApplication@7aabb81e
reloadAllAccessors: .Timeout3

===========================================================================================
----------------- testing Wed Jan 01 06:36:35 UTC 2020 /home/travis/build/icyphy/ptII/ptolemy/domains/modal/test/auto/Timeout4.xml
----------------- Instantiating /home/travis/build/icyphy/ptII/ptolemy/domains/modal/test/auto/Timeout4.xml
2 ms. Memory: 329728K Free: 123666K (38%)
----------------- Invoking toplevel() on ptolemy.moml.MoMLSimpleApplication@6231cc95
----------------- Done invoking toplevel() on ptolemy.moml.MoMLSimpleApplication@6231cc95
reloadAllAccessors: .Timeout4

===========================================================================================
----------------- testing Wed Jan 01 06:36:35 UTC 2020 /home/travis/build/icyphy/ptII/ptolemy/domains/modal/test/auto/TransientstateModelAdvanced.xml
----------------- Instantiating /home/travis/build/icyphy/ptII/ptolemy/domains/modal/test/auto/TransientstateModelAdvanced.xml
3 ms. Memory: 329728K Free: 302116K (92%)
----------------- Invoking toplevel() on ptolemy.moml.MoMLSimpleApplication@5b42ad5d
----------------- Done invoking toplevel() on ptolemy.moml.MoMLSimpleApplication@5b42ad5d
reloadAllAccessors: .TransientstateModelAdvanced

===========================================================================================
----------------- testing Wed Jan 01 06:36:35 UTC 2020 /home/travis/build/icyphy/ptII/ptolemy/domains/modal/test/auto/TransientstateModelAdvanced2.xml
----------------- Instantiating /home/travis/build/icyphy/ptII/ptolemy/domains/modal/test/auto/TransientstateModelAdvanced2.xml
2 ms. Memory: 329728K Free: 287780K (87%)
----------------- Invoking toplevel() on ptolemy.moml.MoMLSimpleApplication@4be957ba
----------------- Done invoking toplevel() on ptolemy.moml.MoMLSimpleApplication@4be957ba
reloadAllAccessors: .transientstatemodelAdvanced

===========================================================================================
----------------- testing Wed Jan 01 06:36:35 UTC 2020 /home/travis/build/icyphy/ptII/ptolemy/domains/modal/test/auto/TransitionRefinements.xml
----------------- Instantiating /home/travis/build/icyphy/ptII/ptolemy/domains/modal/test/auto/TransitionRefinements.xml
8 ms. Memory: 329728K Free: 278035K (84%)
----------------- Invoking toplevel() on ptolemy.moml.MoMLSimpleApplication@75e5906
----------------- Done invoking toplevel() on ptolemy.moml.MoMLSimpleApplication@75e5906
reloadAllAccessors: .TransitionRefinements

===========================================================================================
----------------- testing Wed Jan 01 06:36:35 UTC 2020 /home/travis/build/icyphy/ptII/ptolemy/domains/modal/test/auto/TwoRefinements1.xml
----------------- Instantiating /home/travis/build/icyphy/ptII/ptolemy/domains/modal/test/auto/TwoRefinements1.xml
3 ms. Memory: 329728K Free: 267810K (81%)
----------------- Invoking toplevel() on ptolemy.moml.MoMLSimpleApplication@4541ee2
----------------- Done invoking toplevel() on ptolemy.moml.MoMLSimpleApplication@4541ee2
reloadAllAccessors: .TwoRefinements1

===========================================================================================
----------------- testing Wed Jan 01 06:36:35 UTC 2020 /home/travis/build/icyphy/ptII/ptolemy/domains/modal/test/auto/TwoRefinements2.xml
----------------- Instantiating /home/travis/build/icyphy/ptII/ptolemy/domains/modal/test/auto/TwoRefinements2.xml
2 ms. Memory: 329728K Free: 258084K (78%)
----------------- Invoking toplevel() on ptolemy.moml.MoMLSimpleApplication@40f368c0
----------------- Done invoking toplevel() on ptolemy.moml.MoMLSimpleApplication@40f368c0
reloadAllAccessors: .TwoRefinements2

===========================================================================================
----------------- testing Wed Jan 01 06:36:35 UTC 2020 /home/travis/build/icyphy/ptII/ptolemy/domains/modal/test/auto/WeakImmediateTransition.xml
----------------- Instantiating /home/travis/build/icyphy/ptII/ptolemy/domains/modal/test/auto/WeakImmediateTransition.xml
8 ms. Memory: 329728K Free: 249378K (76%)
----------------- Invoking toplevel() on ptolemy.moml.MoMLSimpleApplication@29af3531
----------------- Done invoking toplevel() on ptolemy.moml.MoMLSimpleApplication@29af3531
reloadAllAccessors: .WeakImmediateTransition

===========================================================================================
----------------- testing Wed Jan 01 06:36:35 UTC 2020 /home/travis/build/icyphy/ptII/ptolemy/domains/modal/test/auto/booleanSelect.xml
----------------- Instantiating /home/travis/build/icyphy/ptII/ptolemy/domains/modal/test/auto/booleanSelect.xml
35 ms. Memory: 329728K Free: 231460K (70%)
----------------- Invoking toplevel() on ptolemy.moml.MoMLSimpleApplication@1e41f543
----------------- Done invoking toplevel() on ptolemy.moml.MoMLSimpleApplication@1e41f543
reloadAllAccessors: .booleanSelect

===========================================================================================
----------------- testing Wed Jan 01 06:36:35 UTC 2020 /home/travis/build/icyphy/ptII/ptolemy/domains/modal/test/auto/modalChangingParams.xml
----------------- Instantiating /home/travis/build/icyphy/ptII/ptolemy/domains/modal/test/auto/modalChangingParams.xml
0
1
0
2
4
6
8
7
0
2
4
6
8
13
0
2
4
6
8
19
0
2
4
6
8
25
0
2
4
6
8
31
0
2
4
6
8
37
0
2
4
6
8
43
0
2
4
6
8
49
0
2
4
6
8
55
0
2
4
6
8
61
0
2
4
6
8
67
0
2
4
6
8
73
0
2
4
6
8
79
0
2
4
6
8
85
0
2
4
6
8
91
0
2
4
6
8
97
0
2
4
6
8
103
0
2
4
6
8
109
0
2
4
6
8
115
0
2
4
6
8
121
0
2
4
6
8
127
0
2
4
6
8
133
0
2
4
6
8
139
0
2
4
6
8
145
0
2
4
6
8
151
0
2
4
6
8
157
0
2
4
6
8
163
0
2
4
6
8
169
0
2
4
6
8
175
0
2
4
6
8
181
0
2
4
6
8
187
0
2
4
6
8
193
0
2
4
6
8
199
0
2
4
6
8
205
0
2
4
6
8
211
0
2
4
6
8
217
0
2
4
6
8
223
0
2
4
6
8
229
0
2
4
6
8
235
0
2
4
6
8
241
0
2
4
6
8
247
0
2
4
6
8
253
0
2
4
6
8
259
0
2
4
6
8
265
0
2
4
6
8
271
0
2
4
6
8
277
0
2
4
6
8
283
0
2
4
6
8
289
0
2
4
6
8
295
0
2
4
6
8
301
0
2
4
6
8
307
0
2
4
6
8
313
0
2
4
6
8
319
0
2
4
6
8
325
0
2
4
6
8
331
0
2
4
6
8
337
0
2
4
6
8
343
0
2
4
6
8
349
0
2
4
6
8
355
0
2
4
6
8
361
0
2
4
6
8
367
0
2
4
6
8
373
0
2
4
6
8
379
0
2
4
6
8
385
0
2
4
6
8
391
0
2
4
6
8
397
0
2
4
6
8
403
0
2
4
6
8
409
0
2
4
6
8
415
0
2
4
6
8
421
0
2
4
6
8
427
0
2
4
6
8
433
0
2
4
6
8
439
0
2
4
6
8
445
0
2
4
6
8
451
0
2
4
6
8
457
0
2
4
6
8
463
0
2
4
6
8
469
0
2
4
6
8
475
0
2
4
6
8
481
0
2
4
6
8
487
0
2
4
6
8
493
0
2
4
6
8
499
0
2
4
6
8
505
0
2
4
6
8
511
0
2
4
6
8
517
0
2
4
6
8
523
0
2
4
6
8
529
0
2
4
6
8
535
0
2
4
6
8
541
0
2
4
6
8
547
0
2
4
6
8
553
0
2
4
6
8
559
0
2
4
6
8
565
0
2
4
6
8
571
0
2
4
6
8
577
0
2
4
6
8
583
0
2
4
6
8
589
0
2
4
6
8
595
0
2
4
6
8
601
0
2
4
6
8
607
0
2
4
6
8
613
0
2
4
6
8
619
0
2
4
6
8
625
0
2
4
6
8
631
0
2
4
6
8
637
0
2
4
6
8
643
0
2
4
6
8
649
0
2
4
6
8
655
0
2
4
6
8
661
0
2
4
6
8
667
0
2
4
6
8
673
0
2
4
6
8
679
0
2
4
6
8
685
0
2
4
6
8
691
0
2
4
6
8
697
0
2
4
6
8
703
0
2
4
6
8
709
0
2
4
6
8
715
0
2
4
6
8
721
0
2
4
6
8
727
0
2
4
6
8
733
0
2
4
6
8
739
0
2
4
6
8
745
0
2
4
6
8
751
0
2
4
6
8
757
0
2
4
6
8
763
0
2
4
6
8
769
0
2
4
6
8
775
0
2
4
6
8
781
0
2
4
6
8
787
0
2
4
6
8
793
0
2
4
6
8
799
0
2
4
6
8
805
0
2
4
6
8
811
0
2
4
6
8
817
0
2
4
6
8
823
0
2
4
6
8
829
0
2
4
6
8
835
0
2
4
6
8
841
0
2
4
6
8
847
0
2
4
6
8
853
0
2
4
6
8
859
0
2
4
6
8
865
0
2
4
6
8
871
0
2
4
6
8
877
0
2
4
6
8
883
0
2
4
6
8
889
0
2
4
6
8
895
0
2
4
6
8
901
0
2
4
6
8
907
0
2
4
6
8
913
0
2
4
6
8
919
0
2
4
6
8
925
0
2
4
6
8
931
0
2
4
6
8
937
0
2
4
6
8
943
0
2
4
6
8
949
0
2
4
6
8
955
0
2
4
6
8
961
0
2
4
6
8
967
0
2
4
6
8
973
0
2
4
6
8
979
0
2
4
6
8
985
0
2
4
6
8
991
0
2
4
6
8
997
0
2
328 ms. Memory: 329728K Free: 309465K (94%)
----------------- Invoking toplevel() on ptolemy.moml.MoMLSimpleApplication@44eb09b9
----------------- Done invoking toplevel() on ptolemy.moml.MoMLSimpleApplication@44eb09b9
reloadAllAccessors: .modalChangingParams

===========================================================================================
----------------- testing Wed Jan 01 06:36:35 UTC 2020 /home/travis/build/icyphy/ptII/ptolemy/domains/modal/test/auto/modalModel.xml
----------------- Instantiating /home/travis/build/icyphy/ptII/ptolemy/domains/modal/test/auto/modalModel.xml
13 ms. Memory: 329728K Free: 300249K (91%)
----------------- Invoking toplevel() on ptolemy.moml.MoMLSimpleApplication@68d604ec
----------------- Done invoking toplevel() on ptolemy.moml.MoMLSimpleApplication@68d604ec
reloadAllAccessors: .modalModel

===========================================================================================
----------------- testing Wed Jan 01 06:36:35 UTC 2020 /home/travis/build/icyphy/ptII/ptolemy/domains/modal/test/auto/modalModel2.xml
----------------- Instantiating /home/travis/build/icyphy/ptII/ptolemy/domains/modal/test/auto/modalModel2.xml
8 ms. Memory: 329728K Free: 289481K (88%)
----------------- Invoking toplevel() on ptolemy.moml.MoMLSimpleApplication@27a4e884
----------------- Done invoking toplevel() on ptolemy.moml.MoMLSimpleApplication@27a4e884
reloadAllAccessors: .modalModel2

===========================================================================================
----------------- testing Wed Jan 01 06:36:35 UTC 2020 /home/travis/build/icyphy/ptII/ptolemy/domains/modal/test/auto/modalModel3.xml
----------------- Instantiating /home/travis/build/icyphy/ptII/ptolemy/domains/modal/test/auto/modalModel3.xml
0	0	0
1	0	1
4	2	2
7	4	3
10	6	4
5	0	5
8	2	6
11	4	7
14	6	8
9	0	9
12	2	10
15	4	11
18	6	12
13	0	13
16	2	14
18 ms. Memory: 329728K Free: 274649K (83%)
----------------- Invoking toplevel() on ptolemy.moml.MoMLSimpleApplication@29718ef9
----------------- Done invoking toplevel() on ptolemy.moml.MoMLSimpleApplication@29718ef9
reloadAllAccessors: .modalModel3

===========================================================================================
----------------- testing Wed Jan 01 06:36:36 UTC 2020 /home/travis/build/icyphy/ptII/ptolemy/domains/modal/test/auto/model1.xml
----------------- Instantiating /home/travis/build/icyphy/ptII/ptolemy/domains/modal/test/auto/model1.xml
13 ms. Memory: 329728K Free: 269001K (82%)
----------------- Invoking toplevel() on ptolemy.moml.MoMLSimpleApplication@1928867f
----------------- Done invoking toplevel() on ptolemy.moml.MoMLSimpleApplication@1928867f
reloadAllAccessors: .model1

===========================================================================================
----------------- testing Wed Jan 01 06:36:36 UTC 2020 /home/travis/build/icyphy/ptII/ptolemy/domains/modal/test/auto/test-direct-in-out.xml
----------------- Instantiating /home/travis/build/icyphy/ptII/ptolemy/domains/modal/test/auto/test-direct-in-out.xml
5 ms. Memory: 329728K Free: 261337K (79%)
----------------- Invoking toplevel() on ptolemy.moml.MoMLSimpleApplication@269a31a9
----------------- Done invoking toplevel() on ptolemy.moml.MoMLSimpleApplication@269a31a9
reloadAllAccessors: .test-direct-in-out
AutoTests.java: About to close Vertx.
AutoTests.java: Vertx closed.
]]></system-out>
  <system-err><![CDATA[java.lang.RuntimeException: Execution failed
	at ptolemy.moml.MoMLSimpleApplication$UnloadThread.run(MoMLSimpleApplication.java:402)
Caused by: ptolemy.kernel.util.IllegalActionException: Unknown inputs remain. Possible causality loop:
L_model_1893289564i

  in .CannotAnalysisWithPreemption.model_1893289564_region_1 and .CannotAnalysisWithPreemption.model_1893289564_region_1.L_model_1893289564i
	at ptolemy.actor.sched.FixedPointDirector.postfire(FixedPointDirector.java:515)
	at ptolemy.domains.sr.kernel.SRDirector.postfire(SRDirector.java:417)
	at ptolemy.actor.CompositeActor.postfire(CompositeActor.java:1668)
	at ptolemy.actor.Manager.iterate(Manager.java:852)
	at ptolemy.actor.Manager.execute(Manager.java:369)
	at ptolemy.actor.Manager.run(Manager.java:1263)
	at ptolemy.actor.Manager$PtolemyRunThread.run(Manager.java:1933)
java.lang.reflect.InvocationTargetException
	at java.base/jdk.internal.reflect.NativeConstructorAccessorImpl.newInstance0(Native Method)
	at java.base/jdk.internal.reflect.NativeConstructorAccessorImpl.newInstance(NativeConstructorAccessorImpl.java:62)
	at java.base/jdk.internal.reflect.DelegatingConstructorAccessorImpl.newInstance(DelegatingConstructorAccessorImpl.java:45)
	at java.base/java.lang.reflect.Constructor.newInstance(Constructor.java:490)
	at ptolemy.util.test.junit.AutoKnownFailedTests.RunModel(AutoKnownFailedTests.java:105)
	at java.base/jdk.internal.reflect.NativeMethodAccessorImpl.invoke0(Native Method)
	at java.base/jdk.internal.reflect.NativeMethodAccessorImpl.invoke(NativeMethodAccessorImpl.java:62)
	at java.base/jdk.internal.reflect.DelegatingMethodAccessorImpl.invoke(DelegatingMethodAccessorImpl.java:43)
	at java.base/java.lang.reflect.Method.invoke(Method.java:566)
	at org.junit.runners.model.FrameworkMethod$1.runReflectiveCall(FrameworkMethod.java:44)
	at org.junit.internal.runners.model.ReflectiveCallable.run(ReflectiveCallable.java:15)
	at org.junit.runners.model.FrameworkMethod.invokeExplosively(FrameworkMethod.java:41)
	at junitparams.internal.InvokeParameterisedMethod.evaluate(InvokeParameterisedMethod.java:102)
	at org.junit.internal.runners.statements.FailOnTimeout$1.run(FailOnTimeout.java:28)
Caused by: ptolemy.kernel.util.IllegalActionException: Unknown inputs remain. Possible causality loop:
L_model_1893289564i

  in .CannotAnalysisWithPreemption.model_1893289564_region_1 and .CannotAnalysisWithPreemption.model_1893289564_region_1.L_model_1893289564i
	at ptolemy.actor.sched.FixedPointDirector.postfire(FixedPointDirector.java:515)
	at ptolemy.domains.sr.kernel.SRDirector.postfire(SRDirector.java:417)
	at ptolemy.actor.CompositeActor.postfire(CompositeActor.java:1668)
	at ptolemy.actor.Manager.iterate(Manager.java:852)
	at ptolemy.actor.Manager.execute(Manager.java:369)
	at ptolemy.actor.Manager.run(Manager.java:1263)
	at ptolemy.actor.Manager$PtolemyRunThread.run(Manager.java:1933)
]]></system-err>
</testsuite>
