<?xml version="1.0" encoding="UTF-8" ?>
<testsuite errors="0" failures="0" hostname="travis-job-6fd68bf3-3579-410b-a484-267ba3e00baa" name="ptolemy.domains.continuous.test.junit.JUnitTclTest" skipped="0" tests="156" time="79.556" timestamp="2019-11-13T06:17:50">
  <properties>
[...]
</properties>
  <testcase classname="ptolemy.util.test.junit.TclTests" name="[0] ThereAreNoTclTests (RunTclFile)" time="0.008" />
  <testcase classname="ptolemy.util.test.junit.AutoKnownFailedTests" name="[0] ThereAreNoKnowFailedTests (RunModel)" time="0.007" />
  <testcase classname="ptolemy.util.test.junit.AutoNameArchTests" name="[0] ThereAreNoAutoArchTests (RunModel)" time="0.019" />
  <testcase classname="ptolemy.util.test.junit.AutoTests" name="[0] /home/travis/build/icyphy/ptII/ptolemy/domains/continuous/test/auto/BouncingBall.xml (RunModel)" time="3.308" />
  <testcase classname="ptolemy.util.test.junit.AutoTests" name="[1] /home/travis/build/icyphy/ptII/ptolemy/domains/continuous/test/auto/BouncingBallWithoutGR.xml (RunModel)" time="1.052" />
  <testcase classname="ptolemy.util.test.junit.AutoTests" name="[2] /home/travis/build/icyphy/ptII/ptolemy/domains/continuous/test/auto/Brownian.xml (RunModel)" time="0.096" />
  <testcase classname="ptolemy.util.test.junit.AutoTests" name="[3] /home/travis/build/icyphy/ptII/ptolemy/domains/continuous/test/auto/CarTracking.xml (RunModel)" time="4.112" />
  <testcase classname="ptolemy.util.test.junit.AutoTests" name="[4] /home/travis/build/icyphy/ptII/ptolemy/domains/continuous/test/auto/CartPendulum.xml (RunModel)" time="0.672" />
  <testcase classname="ptolemy.util.test.junit.AutoTests" name="[5] /home/travis/build/icyphy/ptII/ptolemy/domains/continuous/test/auto/CausalityInterface10.xml (RunModel)" time="0.04" />
  <testcase classname="ptolemy.util.test.junit.AutoTests" name="[6] /home/travis/build/icyphy/ptII/ptolemy/domains/continuous/test/auto/CausalityInterface11.xml (RunModel)" time="0.025" />
  <testcase classname="ptolemy.util.test.junit.AutoTests" name="[7] /home/travis/build/icyphy/ptII/ptolemy/domains/continuous/test/auto/CausalityInterface12.xml (RunModel)" time="0.032" />
  <testcase classname="ptolemy.util.test.junit.AutoTests" name="[8] /home/travis/build/icyphy/ptII/ptolemy/domains/continuous/test/auto/CausalityInterface13.xml (RunModel)" time="0.038" />
  <testcase classname="ptolemy.util.test.junit.AutoTests" name="[9] /home/travis/build/icyphy/ptII/ptolemy/domains/continuous/test/auto/CausalityInterface14.xml (RunModel)" time="0.032" />
  <testcase classname="ptolemy.util.test.junit.AutoTests" name="[10] /home/travis/build/icyphy/ptII/ptolemy/domains/continuous/test/auto/CausalityInterface4.xml (RunModel)" time="0.049" />
  <testcase classname="ptolemy.util.test.junit.AutoTests" name="[11] /home/travis/build/icyphy/ptII/ptolemy/domains/continuous/test/auto/CausalityInterface5.xml (RunModel)" time="0.045" />
  <testcase classname="ptolemy.util.test.junit.AutoTests" name="[12] /home/travis/build/icyphy/ptII/ptolemy/domains/continuous/test/auto/CausalityInterface6.xml (RunModel)" time="0.035" />
  <testcase classname="ptolemy.util.test.junit.AutoTests" name="[13] /home/travis/build/icyphy/ptII/ptolemy/domains/continuous/test/auto/CausalityInterface7.xml (RunModel)" time="0.047" />
  <testcase classname="ptolemy.util.test.junit.AutoTests" name="[14] /home/travis/build/icyphy/ptII/ptolemy/domains/continuous/test/auto/CausalityInterface8.xml (RunModel)" time="0.046" />
  <testcase classname="ptolemy.util.test.junit.AutoTests" name="[15] /home/travis/build/icyphy/ptII/ptolemy/domains/continuous/test/auto/CausalityInterface9.xml (RunModel)" time="0.059" />
  <testcase classname="ptolemy.util.test.junit.AutoTests" name="[16] /home/travis/build/icyphy/ptII/ptolemy/domains/continuous/test/auto/CausalityInterfaceFeedback1.xml (RunModel)" time="0.031" />
  <testcase classname="ptolemy.util.test.junit.AutoTests" name="[17] /home/travis/build/icyphy/ptII/ptolemy/domains/continuous/test/auto/CausalityInterfaceFeedback2.xml (RunModel)" time="0.029" />
  <testcase classname="ptolemy.util.test.junit.AutoTests" name="[18] /home/travis/build/icyphy/ptII/ptolemy/domains/continuous/test/auto/CompareWithCurrentTime.xml (RunModel)" time="0.019" />
  <testcase classname="ptolemy.util.test.junit.AutoTests" name="[19] /home/travis/build/icyphy/ptII/ptolemy/domains/continuous/test/auto/ComparedClocks.xml (RunModel)" time="0.065" />
  <testcase classname="ptolemy.util.test.junit.AutoTests" name="[20] /home/travis/build/icyphy/ptII/ptolemy/domains/continuous/test/auto/ContinuousAOCClone.xml (RunModel)" time="2.885" />
  <testcase classname="ptolemy.util.test.junit.AutoTests" name="[21] /home/travis/build/icyphy/ptII/ptolemy/domains/continuous/test/auto/ContinuousClock.xml (RunModel)" time="0.1" />
  <testcase classname="ptolemy.util.test.junit.AutoTests" name="[22] /home/travis/build/icyphy/ptII/ptolemy/domains/continuous/test/auto/ContinuousInContinuous.xml (RunModel)" time="0.092" />
  <testcase classname="ptolemy.util.test.junit.AutoTests" name="[23] /home/travis/build/icyphy/ptII/ptolemy/domains/continuous/test/auto/ContinuousInContinuousInContinuous.xml (RunModel)" time="0.026" />
  <testcase classname="ptolemy.util.test.junit.AutoTests" name="[24] /home/travis/build/icyphy/ptII/ptolemy/domains/continuous/test/auto/ContinuousInDE.xml (RunModel)" time="0.106" />
  <testcase classname="ptolemy.util.test.junit.AutoTests" name="[25] /home/travis/build/icyphy/ptII/ptolemy/domains/continuous/test/auto/ContinuousInDE2.xml (RunModel)" time="0.075" />
  <testcase classname="ptolemy.util.test.junit.AutoTests" name="[26] /home/travis/build/icyphy/ptII/ptolemy/domains/continuous/test/auto/ContinuousInDE3.xml (RunModel)" time="0.07" />
  <testcase classname="ptolemy.util.test.junit.AutoTests" name="[27] /home/travis/build/icyphy/ptII/ptolemy/domains/continuous/test/auto/ContinuousInDE4.xml (RunModel)" time="0.034" />
  <testcase classname="ptolemy.util.test.junit.AutoTests" name="[28] /home/travis/build/icyphy/ptII/ptolemy/domains/continuous/test/auto/ContinuousInDEDifferentRefinements.xml (RunModel)" time="0.116" />
  <testcase classname="ptolemy.util.test.junit.AutoTests" name="[29] /home/travis/build/icyphy/ptII/ptolemy/domains/continuous/test/auto/ContinuousInDEDifferentRefinementsPreemptive.xml (RunModel)" time="0.094" />
  <testcase classname="ptolemy.util.test.junit.AutoTests" name="[30] /home/travis/build/icyphy/ptII/ptolemy/domains/continuous/test/auto/ContinuousInDEInContinuous2.xml (RunModel)" time="0.063" />
  <testcase classname="ptolemy.util.test.junit.AutoTests" name="[31] /home/travis/build/icyphy/ptII/ptolemy/domains/continuous/test/auto/ContinuousInDEInContinuous3.xml (RunModel)" time="0.064" />
  <testcase classname="ptolemy.util.test.junit.AutoTests" name="[32] /home/travis/build/icyphy/ptII/ptolemy/domains/continuous/test/auto/ContinuousInDEInput.xml (RunModel)" time="0.037" />
  <testcase classname="ptolemy.util.test.junit.AutoTests" name="[33] /home/travis/build/icyphy/ptII/ptolemy/domains/continuous/test/auto/ContinuousInDEInput2.xml (RunModel)" time="0.039" />
  <testcase classname="ptolemy.util.test.junit.AutoTests" name="[34] /home/travis/build/icyphy/ptII/ptolemy/domains/continuous/test/auto/ContinuousInDEInput3.xml (RunModel)" time="0.035" />
  <testcase classname="ptolemy.util.test.junit.AutoTests" name="[35] /home/travis/build/icyphy/ptII/ptolemy/domains/continuous/test/auto/ContinuousInDESharingRefinement.xml (RunModel)" time="0.186" />
  <testcase classname="ptolemy.util.test.junit.AutoTests" name="[36] /home/travis/build/icyphy/ptII/ptolemy/domains/continuous/test/auto/ContinuousInDEwithNoPorts.xml (RunModel)" time="0.02" />
  <testcase classname="ptolemy.util.test.junit.AutoTests" name="[37] /home/travis/build/icyphy/ptII/ptolemy/domains/continuous/test/auto/ContinuousInsideDE.xml (RunModel)" time="0.095" />
  <testcase classname="ptolemy.util.test.junit.AutoTests" name="[38] /home/travis/build/icyphy/ptII/ptolemy/domains/continuous/test/auto/ContinuousMerge1.xml (RunModel)" time="0.019" />
  <testcase classname="ptolemy.util.test.junit.AutoTests" name="[39] /home/travis/build/icyphy/ptII/ptolemy/domains/continuous/test/auto/ContinuousMerge2.xml (RunModel)" time="0.052" />
  <testcase classname="ptolemy.util.test.junit.AutoTests" name="[40] /home/travis/build/icyphy/ptII/ptolemy/domains/continuous/test/auto/ContinuousMerge3.xml (RunModel)" time="0.09" />
  <testcase classname="ptolemy.util.test.junit.AutoTests" name="[41] /home/travis/build/icyphy/ptII/ptolemy/domains/continuous/test/auto/ContinuousWithinContinuous.xml (RunModel)" time="0.058" />
  <testcase classname="ptolemy.util.test.junit.AutoTests" name="[42] /home/travis/build/icyphy/ptII/ptolemy/domains/continuous/test/auto/ContinuousWithinContinuous2.xml (RunModel)" time="0.08" />
  <testcase classname="ptolemy.util.test.junit.AutoTests" name="[43] /home/travis/build/icyphy/ptII/ptolemy/domains/continuous/test/auto/ContinuousWithinContinuous3.xml (RunModel)" time="0.034" />
  <testcase classname="ptolemy.util.test.junit.AutoTests" name="[44] /home/travis/build/icyphy/ptII/ptolemy/domains/continuous/test/auto/ContinuousWithinContinuous4.xml (RunModel)" time="0.101" />
  <testcase classname="ptolemy.util.test.junit.AutoTests" name="[45] /home/travis/build/icyphy/ptII/ptolemy/domains/continuous/test/auto/ContinuousWithinContinuous5.xml (RunModel)" time="0.032" />
  <testcase classname="ptolemy.util.test.junit.AutoTests" name="[46] /home/travis/build/icyphy/ptII/ptolemy/domains/continuous/test/auto/ContinuousWithinContinuous6.xml (RunModel)" time="0.032" />
  <testcase classname="ptolemy.util.test.junit.AutoTests" name="[47] /home/travis/build/icyphy/ptII/ptolemy/domains/continuous/test/auto/ContinuousWithinContinuous7.xml (RunModel)" time="0.07" />
  <testcase classname="ptolemy.util.test.junit.AutoTests" name="[48] /home/travis/build/icyphy/ptII/ptolemy/domains/continuous/test/auto/DCMotor.xml (RunModel)" time="14.066" />
  <testcase classname="ptolemy.util.test.junit.AutoTests" name="[49] /home/travis/build/icyphy/ptII/ptolemy/domains/continuous/test/auto/DEInContinuous.xml (RunModel)" time="0.037" />
  <testcase classname="ptolemy.util.test.junit.AutoTests" name="[50] /home/travis/build/icyphy/ptII/ptolemy/domains/continuous/test/auto/DEinContinuous2.xml (RunModel)" time="0.042" />
  <testcase classname="ptolemy.util.test.junit.AutoTests" name="[51] /home/travis/build/icyphy/ptII/ptolemy/domains/continuous/test/auto/Derivative.xml (RunModel)" time="0.197" />
  <testcase classname="ptolemy.util.test.junit.AutoTests" name="[52] /home/travis/build/icyphy/ptII/ptolemy/domains/continuous/test/auto/Derivative1.xml (RunModel)" time="0.053" />
  <testcase classname="ptolemy.util.test.junit.AutoTests" name="[53] /home/travis/build/icyphy/ptII/ptolemy/domains/continuous/test/auto/DiscreteClock.xml (RunModel)" time="0.016" />
  <testcase classname="ptolemy.util.test.junit.AutoTests" name="[54] /home/travis/build/icyphy/ptII/ptolemy/domains/continuous/test/auto/EfficiencyCurve.xml (RunModel)" time="0.092" />
  <testcase classname="ptolemy.util.test.junit.AutoTests" name="[55] /home/travis/build/icyphy/ptII/ptolemy/domains/continuous/test/auto/ExponentialResponse.xml (RunModel)" time="0.13" />
  <testcase classname="ptolemy.util.test.junit.AutoTests" name="[56] /home/travis/build/icyphy/ptII/ptolemy/domains/continuous/test/auto/ExponentialResponseRK45.xml (RunModel)" time="0.046" />
  <testcase classname="ptolemy.util.test.junit.AutoTests" name="[57] /home/travis/build/icyphy/ptII/ptolemy/domains/continuous/test/auto/Friction.xml (RunModel)" time="1.651" />
  <testcase classname="ptolemy.util.test.junit.AutoTests" name="[58] /home/travis/build/icyphy/ptII/ptolemy/domains/continuous/test/auto/FurutaPendulum.xml (RunModel)" time="3.707" />
  <testcase classname="ptolemy.util.test.junit.AutoTests" name="[59] /home/travis/build/icyphy/ptII/ptolemy/domains/continuous/test/auto/HierarchicalExecution.xml (RunModel)" time="2.605" />
  <testcase classname="ptolemy.util.test.junit.AutoTests" name="[60] /home/travis/build/icyphy/ptII/ptolemy/domains/continuous/test/auto/HybridPlant.xml (RunModel)" time="0.638" />
  <testcase classname="ptolemy.util.test.junit.AutoTests" name="[61] /home/travis/build/icyphy/ptII/ptolemy/domains/continuous/test/auto/Hysteresis.xml (RunModel)" time="0.22" />
  <testcase classname="ptolemy.util.test.junit.AutoTests" name="[62] /home/travis/build/icyphy/ptII/ptolemy/domains/continuous/test/auto/HysteresisWithRandomDelay.xml (RunModel)" time="0.249" />
  <testcase classname="ptolemy.util.test.junit.AutoTests" name="[63] /home/travis/build/icyphy/ptII/ptolemy/domains/continuous/test/auto/HysteresisWithRandomLosses.xml (RunModel)" time="2.597" />
  <testcase classname="ptolemy.util.test.junit.AutoTests" name="[64] /home/travis/build/icyphy/ptII/ptolemy/domains/continuous/test/auto/ImmediateTransitions.xml (RunModel)" time="0.038" />
  <testcase classname="ptolemy.util.test.junit.AutoTests" name="[65] /home/travis/build/icyphy/ptII/ptolemy/domains/continuous/test/auto/ImpulseFeedback.xml (RunModel)" time="0.023" />
  <testcase classname="ptolemy.util.test.junit.AutoTests" name="[66] /home/travis/build/icyphy/ptII/ptolemy/domains/continuous/test/auto/ImpulseFeedback2.xml (RunModel)" time="0.02" />
  <testcase classname="ptolemy.util.test.junit.AutoTests" name="[67] /home/travis/build/icyphy/ptII/ptolemy/domains/continuous/test/auto/IncreasingRatePoisson.xml (RunModel)" time="0.753" />
  <testcase classname="ptolemy.util.test.junit.AutoTests" name="[68] /home/travis/build/icyphy/ptII/ptolemy/domains/continuous/test/auto/InitialStateFeedback.xml (RunModel)" time="0.016" />
  <testcase classname="ptolemy.util.test.junit.AutoTests" name="[69] /home/travis/build/icyphy/ptII/ptolemy/domains/continuous/test/auto/Integration.xml (RunModel)" time="0.013" />
  <testcase classname="ptolemy.util.test.junit.AutoTests" name="[70] /home/travis/build/icyphy/ptII/ptolemy/domains/continuous/test/auto/Integration2.xml (RunModel)" time="0.096" />
  <testcase classname="ptolemy.util.test.junit.AutoTests" name="[71] /home/travis/build/icyphy/ptII/ptolemy/domains/continuous/test/auto/Integration3.xml (RunModel)" time="0.024" />
  <testcase classname="ptolemy.util.test.junit.AutoTests" name="[72] /home/travis/build/icyphy/ptII/ptolemy/domains/continuous/test/auto/Integration5.xml (RunModel)" time="0.014" />
  <testcase classname="ptolemy.util.test.junit.AutoTests" name="[73] /home/travis/build/icyphy/ptII/ptolemy/domains/continuous/test/auto/IntegratorImpulse.xml (RunModel)" time="0.011" />
  <testcase classname="ptolemy.util.test.junit.AutoTests" name="[74] /home/travis/build/icyphy/ptII/ptolemy/domains/continuous/test/auto/IntegratorImpulse2.xml (RunModel)" time="0.012" />
  <testcase classname="ptolemy.util.test.junit.AutoTests" name="[75] /home/travis/build/icyphy/ptII/ptolemy/domains/continuous/test/auto/LevelCrossing1.xml (RunModel)" time="0.017" />
  <testcase classname="ptolemy.util.test.junit.AutoTests" name="[76] /home/travis/build/icyphy/ptII/ptolemy/domains/continuous/test/auto/LevelCrossing2.xml (RunModel)" time="0.014" />
  <testcase classname="ptolemy.util.test.junit.AutoTests" name="[77] /home/travis/build/icyphy/ptII/ptolemy/domains/continuous/test/auto/LevelCrossing3.xml (RunModel)" time="0.016" />
  <testcase classname="ptolemy.util.test.junit.AutoTests" name="[78] /home/travis/build/icyphy/ptII/ptolemy/domains/continuous/test/auto/LevelCrossing4.xml (RunModel)" time="0.014" />
  <testcase classname="ptolemy.util.test.junit.AutoTests" name="[79] /home/travis/build/icyphy/ptII/ptolemy/domains/continuous/test/auto/LevelCrossing5.xml (RunModel)" time="0.019" />
  <testcase classname="ptolemy.util.test.junit.AutoTests" name="[80] /home/travis/build/icyphy/ptII/ptolemy/domains/continuous/test/auto/LevelCrossing6.xml (RunModel)" time="0.014" />
  <testcase classname="ptolemy.util.test.junit.AutoTests" name="[81] /home/travis/build/icyphy/ptII/ptolemy/domains/continuous/test/auto/LevelCrossingDetector.xml (RunModel)" time="0.039" />
  <testcase classname="ptolemy.util.test.junit.AutoTests" name="[82] /home/travis/build/icyphy/ptII/ptolemy/domains/continuous/test/auto/LevelCrossingDetectorDetectingDirections.xml (RunModel)" time="0.093" />
  <testcase classname="ptolemy.util.test.junit.AutoTests" name="[83] /home/travis/build/icyphy/ptII/ptolemy/domains/continuous/test/auto/LevelCrossingDetectorDetectsGlitches.xml (RunModel)" time="0.065" />
  <testcase classname="ptolemy.util.test.junit.AutoTests" name="[84] /home/travis/build/icyphy/ptII/ptolemy/domains/continuous/test/auto/LevelCrossingNoInitialOuput.xml (RunModel)" time="0.019" />
  <testcase classname="ptolemy.util.test.junit.AutoTests" name="[85] /home/travis/build/icyphy/ptII/ptolemy/domains/continuous/test/auto/LinearStateSpaceExample.xml (RunModel)" time="0.071" />
  <testcase classname="ptolemy.util.test.junit.AutoTests" name="[86] /home/travis/build/icyphy/ptII/ptolemy/domains/continuous/test/auto/Lorenz.xml (RunModel)" time="4.271" />
  <testcase classname="ptolemy.util.test.junit.AutoTests" name="[87] /home/travis/build/icyphy/ptII/ptolemy/domains/continuous/test/auto/LorenzDifferentialSystem.xml (RunModel)" time="1.164" />
  <testcase classname="ptolemy.util.test.junit.AutoTests" name="[88] /home/travis/build/icyphy/ptII/ptolemy/domains/continuous/test/auto/LorenzDifferentialSystemWithInput.xml (RunModel)" time="1.499" />
  <testcase classname="ptolemy.util.test.junit.AutoTests" name="[89] /home/travis/build/icyphy/ptII/ptolemy/domains/continuous/test/auto/LorenzDifferentialSystemWithTime.xml (RunModel)" time="0.753" />
  <testcase classname="ptolemy.util.test.junit.AutoTests" name="[90] /home/travis/build/icyphy/ptII/ptolemy/domains/continuous/test/auto/Microsteps.xml (RunModel)" time="0.023" />
  <testcase classname="ptolemy.util.test.junit.AutoTests" name="[91] /home/travis/build/icyphy/ptII/ptolemy/domains/continuous/test/auto/Modal1.xml (RunModel)" time="0.047" />
  <testcase classname="ptolemy.util.test.junit.AutoTests" name="[92] /home/travis/build/icyphy/ptII/ptolemy/domains/continuous/test/auto/Modal2.xml (RunModel)" time="0.061" />
  <testcase classname="ptolemy.util.test.junit.AutoTests" name="[93] /home/travis/build/icyphy/ptII/ptolemy/domains/continuous/test/auto/ModalTransitionGuardWithReset.xml (RunModel)" time="0.037" />
  <testcase classname="ptolemy.util.test.junit.AutoTests" name="[94] /home/travis/build/icyphy/ptII/ptolemy/domains/continuous/test/auto/ModalTransitionGuardWithResetUsingPreemptiveTransition.xml (RunModel)" time="0.034" />
  <testcase classname="ptolemy.util.test.junit.AutoTests" name="[95] /home/travis/build/icyphy/ptII/ptolemy/domains/continuous/test/auto/ModalTransitionGuardWithResetUsingPreemptiveTransition2.xml (RunModel)" time="0.027" />
  <testcase classname="ptolemy.util.test.junit.AutoTests" name="[96] /home/travis/build/icyphy/ptII/ptolemy/domains/continuous/test/auto/ModalTransitionGuardWithResetUsingPreemptiveTransition3.xml (RunModel)" time="0.026" />
  <testcase classname="ptolemy.util.test.junit.AutoTests" name="[97] /home/travis/build/icyphy/ptII/ptolemy/domains/continuous/test/auto/NewtonsCradle.xml (RunModel)" time="0.896" />
  <testcase classname="ptolemy.util.test.junit.AutoTests" name="[98] /home/travis/build/icyphy/ptII/ptolemy/domains/continuous/test/auto/NewtonsCradleAnimated.xml (RunModel)" time="1.438" />
  <testcase classname="ptolemy.util.test.junit.AutoTests" name="[99] /home/travis/build/icyphy/ptII/ptolemy/domains/continuous/test/auto/NewtonsCradleComplicated.xml (RunModel)" time="0.997" />
  <testcase classname="ptolemy.util.test.junit.AutoTests" name="[100] /home/travis/build/icyphy/ptII/ptolemy/domains/continuous/test/auto/NewtonsCradleNondeterministic.xml (RunModel)" time="0.812" />
  <testcase classname="ptolemy.util.test.junit.AutoTests" name="[101] /home/travis/build/icyphy/ptII/ptolemy/domains/continuous/test/auto/NewtonsCradlePerfectlyInelastic1.xml (RunModel)" time="1.319" />
  <testcase classname="ptolemy.util.test.junit.AutoTests" name="[102] /home/travis/build/icyphy/ptII/ptolemy/domains/continuous/test/auto/Noise.xml (RunModel)" time="0.209" />
  <testcase classname="ptolemy.util.test.junit.AutoTests" name="[103] /home/travis/build/icyphy/ptII/ptolemy/domains/continuous/test/auto/NoiseSpectrum.xml (RunModel)" time="0.876" />
  <testcase classname="ptolemy.util.test.junit.AutoTests" name="[104] /home/travis/build/icyphy/ptII/ptolemy/domains/continuous/test/auto/ParameterizedNewtonsCradleAnimated.xml (RunModel)" time="0.412" />
  <testcase classname="ptolemy.util.test.junit.AutoTests" name="[105] /home/travis/build/icyphy/ptII/ptolemy/domains/continuous/test/auto/ParameterizedNewtonsCradleAnimatedNondeterministic.xml (RunModel)" time="1.268" />
  <testcase classname="ptolemy.util.test.junit.AutoTests" name="[106] /home/travis/build/icyphy/ptII/ptolemy/domains/continuous/test/auto/Pendulum3D.xml (RunModel)" time="0.188" />
  <testcase classname="ptolemy.util.test.junit.AutoTests" name="[107] /home/travis/build/icyphy/ptII/ptolemy/domains/continuous/test/auto/PeriodicSampler.xml (RunModel)" time="0.013" />
  <testcase classname="ptolemy.util.test.junit.AutoTests" name="[108] /home/travis/build/icyphy/ptII/ptolemy/domains/continuous/test/auto/PeriodicSampler1.xml (RunModel)" time="0.058" />
  <testcase classname="ptolemy.util.test.junit.AutoTests" name="[109] /home/travis/build/icyphy/ptII/ptolemy/domains/continuous/test/auto/PeriodicSampler2.xml (RunModel)" time="0.087" />
  <testcase classname="ptolemy.util.test.junit.AutoTests" name="[110] /home/travis/build/icyphy/ptII/ptolemy/domains/continuous/test/auto/Poisson.xml (RunModel)" time="0.506" />
  <testcase classname="ptolemy.util.test.junit.AutoTests" name="[111] /home/travis/build/icyphy/ptII/ptolemy/domains/continuous/test/auto/PoissonClock.xml (RunModel)" time="0.017" />
  <testcase classname="ptolemy.util.test.junit.AutoTests" name="[112] /home/travis/build/icyphy/ptII/ptolemy/domains/continuous/test/auto/PoissonClock2.xml (RunModel)" time="0.013" />
  <testcase classname="ptolemy.util.test.junit.AutoTests" name="[113] /home/travis/build/icyphy/ptII/ptolemy/domains/continuous/test/auto/PortParameterHierarchy.xml (RunModel)" time="0.029" />
  <testcase classname="ptolemy.util.test.junit.AutoTests" name="[114] /home/travis/build/icyphy/ptII/ptolemy/domains/continuous/test/auto/RandomHybridPlant.xml (RunModel)" time="0.629" />
  <testcase classname="ptolemy.util.test.junit.AutoTests" name="[115] /home/travis/build/icyphy/ptII/ptolemy/domains/continuous/test/auto/ResetTransitionWithStartTime1.xml (RunModel)" time="0.03" />
  <testcase classname="ptolemy.util.test.junit.AutoTests" name="[116] /home/travis/build/icyphy/ptII/ptolemy/domains/continuous/test/auto/ResetTransitionWithStartTime2.xml (RunModel)" time="0.037" />
  <testcase classname="ptolemy.util.test.junit.AutoTests" name="[117] /home/travis/build/icyphy/ptII/ptolemy/domains/continuous/test/auto/ResetTransitionWithStartTime3.xml (RunModel)" time="0.039" />
  <testcase classname="ptolemy.util.test.junit.AutoTests" name="[118] /home/travis/build/icyphy/ptII/ptolemy/domains/continuous/test/auto/ResetTransitionWithStartTime4.xml (RunModel)" time="0.031" />
  <testcase classname="ptolemy.util.test.junit.AutoTests" name="[119] /home/travis/build/icyphy/ptII/ptolemy/domains/continuous/test/auto/ResetTransitionWithStartTime5.xml (RunModel)" time="0.034" />
  <testcase classname="ptolemy.util.test.junit.AutoTests" name="[120] /home/travis/build/icyphy/ptII/ptolemy/domains/continuous/test/auto/ResetTransitionWithStartTime6.xml (RunModel)" time="0.027" />
  <testcase classname="ptolemy.util.test.junit.AutoTests" name="[121] /home/travis/build/icyphy/ptII/ptolemy/domains/continuous/test/auto/SRinContinuous.xml (RunModel)" time="0.024" />
  <testcase classname="ptolemy.util.test.junit.AutoTests" name="[122] /home/travis/build/icyphy/ptII/ptolemy/domains/continuous/test/auto/SampledClocks.xml (RunModel)" time="0.034" />
  <testcase classname="ptolemy.util.test.junit.AutoTests" name="[123] /home/travis/build/icyphy/ptII/ptolemy/domains/continuous/test/auto/Satellite.xml (RunModel)" time="0.87" />
  <testcase classname="ptolemy.util.test.junit.AutoTests" name="[124] /home/travis/build/icyphy/ptII/ptolemy/domains/continuous/test/auto/SigmaDelta.xml (RunModel)" time="2.395" />
  <testcase classname="ptolemy.util.test.junit.AutoTests" name="[125] /home/travis/build/icyphy/ptII/ptolemy/domains/continuous/test/auto/SingleRefinement.xml (RunModel)" time="0.46" />
  <testcase classname="ptolemy.util.test.junit.AutoTests" name="[126] /home/travis/build/icyphy/ptII/ptolemy/domains/continuous/test/auto/SinuBouncingBall.xml (RunModel)" time="0.954" />
  <testcase classname="ptolemy.util.test.junit.AutoTests" name="[127] /home/travis/build/icyphy/ptII/ptolemy/domains/continuous/test/auto/Sinusoid.xml (RunModel)" time="0.013" />
  <testcase classname="ptolemy.util.test.junit.AutoTests" name="[128] /home/travis/build/icyphy/ptII/ptolemy/domains/continuous/test/auto/SinusoidInNoise.xml (RunModel)" time="1.021" />
  <testcase classname="ptolemy.util.test.junit.AutoTests" name="[129] /home/travis/build/icyphy/ptII/ptolemy/domains/continuous/test/auto/SinusoidRK45.xml (RunModel)" time="0.012" />
  <testcase classname="ptolemy.util.test.junit.AutoTests" name="[130] /home/travis/build/icyphy/ptII/ptolemy/domains/continuous/test/auto/SinusoidWithMultipleImpulses.xml (RunModel)" time="0.02" />
  <testcase classname="ptolemy.util.test.junit.AutoTests" name="[131] /home/travis/build/icyphy/ptII/ptolemy/domains/continuous/test/auto/SquareWave.xml (RunModel)" time="0.195" />
  <testcase classname="ptolemy.util.test.junit.AutoTests" name="[132] /home/travis/build/icyphy/ptII/ptolemy/domains/continuous/test/auto/Starmac.xml (RunModel)" time="3.45" />
  <testcase classname="ptolemy.util.test.junit.AutoTests" name="[133] /home/travis/build/icyphy/ptII/ptolemy/domains/continuous/test/auto/StaticUnits.xml (RunModel)" time="2.975" />
  <testcase classname="ptolemy.util.test.junit.AutoTests" name="[134] /home/travis/build/icyphy/ptII/ptolemy/domains/continuous/test/auto/StickyMasses.xml (RunModel)" time="0.205" />
  <testcase classname="ptolemy.util.test.junit.AutoTests" name="[135] /home/travis/build/icyphy/ptII/ptolemy/domains/continuous/test/auto/StopTime.xml (RunModel)" time="0.062" />
  <testcase classname="ptolemy.util.test.junit.AutoTests" name="[136] /home/travis/build/icyphy/ptII/ptolemy/domains/continuous/test/auto/StopTime2.xml (RunModel)" time="0.058" />
  <testcase classname="ptolemy.util.test.junit.AutoTests" name="[137] /home/travis/build/icyphy/ptII/ptolemy/domains/continuous/test/auto/Switch.xml (RunModel)" time="0.081" />
  <testcase classname="ptolemy.util.test.junit.AutoTests" name="[138] /home/travis/build/icyphy/ptII/ptolemy/domains/continuous/test/auto/Thermostat.xml (RunModel)" time="0.216" />
  <testcase classname="ptolemy.util.test.junit.AutoTests" name="[139] /home/travis/build/icyphy/ptII/ptolemy/domains/continuous/test/auto/TimeDelay.xml (RunModel)" time="0.018" />
  <testcase classname="ptolemy.util.test.junit.AutoTests" name="[140] /home/travis/build/icyphy/ptII/ptolemy/domains/continuous/test/auto/TimeDelay2.xml (RunModel)" time="0.027" />
  <testcase classname="ptolemy.util.test.junit.AutoTests" name="[141] /home/travis/build/icyphy/ptII/ptolemy/domains/continuous/test/auto/TimeDelay3.xml (RunModel)" time="0.011" />
  <testcase classname="ptolemy.util.test.junit.AutoTests" name="[142] /home/travis/build/icyphy/ptII/ptolemy/domains/continuous/test/auto/TransferAbsentToInside.xml (RunModel)" time="0.107" />
  <testcase classname="ptolemy.util.test.junit.AutoTests" name="[143] /home/travis/build/icyphy/ptII/ptolemy/domains/continuous/test/auto/Transmission.xml (RunModel)" time="0.847" />
  <testcase classname="ptolemy.util.test.junit.AutoTests" name="[144] /home/travis/build/icyphy/ptII/ptolemy/domains/continuous/test/auto/TriggeredContinuousClock.xml (RunModel)" time="0.07" />
  <testcase classname="ptolemy.util.test.junit.AutoTests" name="[145] /home/travis/build/icyphy/ptII/ptolemy/domains/continuous/test/auto/TwoMachineInfiniteBusControl.xml (RunModel)" time="2.906" />
  <testcase classname="ptolemy.util.test.junit.AutoTests" name="[146] /home/travis/build/icyphy/ptII/ptolemy/domains/continuous/test/auto/V2V.xml (RunModel)" time="0.97" />
  <testcase classname="ptolemy.util.test.junit.AutoTests" name="[147] /home/travis/build/icyphy/ptII/ptolemy/domains/continuous/test/auto/hierarchicalModalModel.xml (RunModel)" time="0.038" />
  <testcase classname="ptolemy.util.test.junit.AutoTests" name="[148] /home/travis/build/icyphy/ptII/ptolemy/domains/continuous/test/auto/hierarchicalModalModel1.xml (RunModel)" time="0.032" />
  <testcase classname="ptolemy.util.test.junit.AutoTests" name="[149] /home/travis/build/icyphy/ptII/ptolemy/domains/continuous/test/auto/hierarchicalModalModel2.xml (RunModel)" time="0.03" />
  <testcase classname="ptolemy.util.test.junit.AutoTests" name="[150] /home/travis/build/icyphy/ptII/ptolemy/domains/continuous/test/auto/hierarchicalModalModel3.xml (RunModel)" time="0.028" />
  <testcase classname="ptolemy.util.test.junit.AutoTests" name="[151] /home/travis/build/icyphy/ptII/ptolemy/domains/continuous/test/auto/hierarchicalModalModel4.xml (RunModel)" time="0.026" />
  <testcase classname="ptolemy.util.test.junit.AutoTests" name="[152] /home/travis/build/icyphy/ptII/ptolemy/domains/continuous/test/auto/junk.xml (RunModel)" time="0.182" />
  <system-out><![CDATA[No tcl tests in /home/travis/build/icyphy/ptII/ptolemy/domains/continuous/test
No auto/knownFailedTests/*.xml tests in /home/travis/build/icyphy/ptII/ptolemy/domains/continuous/test
No auto/linux-amd64/*.xml tests in /home/travis/build/icyphy/ptII/ptolemy/domains/continuous/test
AutoTests.java: About to close Vertx.
AutoTests.java: Vertx closed.

===========================================================================================
----------------- testing Wed Nov 13 06:17:50 UTC 2019 /home/travis/build/icyphy/ptII/ptolemy/domains/continuous/test/auto/BouncingBall.xml
----------------- Instantiating /home/travis/build/icyphy/ptII/ptolemy/domains/continuous/test/auto/BouncingBall.xml
2579 ms. Memory: 149504K Free: 90241K (60%)
----------------- Invoking toplevel() on ptolemy.moml.MoMLSimpleApplication@330a83bf
----------------- Done invoking toplevel() on ptolemy.moml.MoMLSimpleApplication@330a83bf
reloadAllAccessors: .BouncingBall

===========================================================================================
----------------- testing Wed Nov 13 06:17:53 UTC 2019 /home/travis/build/icyphy/ptII/ptolemy/domains/continuous/test/auto/BouncingBallWithoutGR.xml
----------------- Instantiating /home/travis/build/icyphy/ptII/ptolemy/domains/continuous/test/auto/BouncingBallWithoutGR.xml
873 ms. Memory: 180224K Free: 134766K (75%)
----------------- Invoking toplevel() on ptolemy.moml.MoMLSimpleApplication@a0be141
----------------- Done invoking toplevel() on ptolemy.moml.MoMLSimpleApplication@a0be141
reloadAllAccessors: .BouncingBallWithoutGR

===========================================================================================
----------------- testing Wed Nov 13 06:17:54 UTC 2019 /home/travis/build/icyphy/ptII/ptolemy/domains/continuous/test/auto/Brownian.xml
----------------- Instantiating /home/travis/build/icyphy/ptII/ptolemy/domains/continuous/test/auto/Brownian.xml
24 ms. Memory: 180224K Free: 126060K (70%)
----------------- Invoking toplevel() on ptolemy.moml.MoMLSimpleApplication@744db198
----------------- Done invoking toplevel() on ptolemy.moml.MoMLSimpleApplication@744db198
reloadAllAccessors: .Brownian

===========================================================================================
----------------- testing Wed Nov 13 06:17:55 UTC 2019 /home/travis/build/icyphy/ptII/ptolemy/domains/continuous/test/auto/CarTracking.xml
----------------- Instantiating /home/travis/build/icyphy/ptII/ptolemy/domains/continuous/test/auto/CarTracking.xml
3579 ms. Memory: 217088K Free: 109777K (51%)
----------------- Invoking toplevel() on ptolemy.moml.MoMLSimpleApplication@46221dd2
----------------- Done invoking toplevel() on ptolemy.moml.MoMLSimpleApplication@46221dd2
reloadAllAccessors: .CarTracking

===========================================================================================
----------------- testing Wed Nov 13 06:17:59 UTC 2019 /home/travis/build/icyphy/ptII/ptolemy/domains/continuous/test/auto/CartPendulum.xml
----------------- Instantiating /home/travis/build/icyphy/ptII/ptolemy/domains/continuous/test/auto/CartPendulum.xml
470 ms. Memory: 217088K Free: 145842K (67%)
----------------- Invoking toplevel() on ptolemy.moml.MoMLSimpleApplication@59fbfbe0
----------------- Done invoking toplevel() on ptolemy.moml.MoMLSimpleApplication@59fbfbe0
reloadAllAccessors: .CartPendulum

===========================================================================================
----------------- testing Wed Nov 13 06:17:59 UTC 2019 /home/travis/build/icyphy/ptII/ptolemy/domains/continuous/test/auto/CausalityInterface10.xml
----------------- Instantiating /home/travis/build/icyphy/ptII/ptolemy/domains/continuous/test/auto/CausalityInterface10.xml
9 ms. Memory: 217088K Free: 134953K (62%)
----------------- Invoking toplevel() on ptolemy.moml.MoMLSimpleApplication@14544389
----------------- Done invoking toplevel() on ptolemy.moml.MoMLSimpleApplication@14544389
reloadAllAccessors: .CausalityInterface10

===========================================================================================
----------------- testing Wed Nov 13 06:17:59 UTC 2019 /home/travis/build/icyphy/ptII/ptolemy/domains/continuous/test/auto/CausalityInterface11.xml
----------------- Instantiating /home/travis/build/icyphy/ptII/ptolemy/domains/continuous/test/auto/CausalityInterface11.xml
5 ms. Memory: 217088K Free: 128809K (59%)
----------------- Invoking toplevel() on ptolemy.moml.MoMLSimpleApplication@131bcd0f
----------------- Done invoking toplevel() on ptolemy.moml.MoMLSimpleApplication@131bcd0f
reloadAllAccessors: .CausalityInterface11

===========================================================================================
----------------- testing Wed Nov 13 06:17:59 UTC 2019 /home/travis/build/icyphy/ptII/ptolemy/domains/continuous/test/auto/CausalityInterface12.xml
----------------- Instantiating /home/travis/build/icyphy/ptII/ptolemy/domains/continuous/test/auto/CausalityInterface12.xml
4 ms. Memory: 217088K Free: 122665K (57%)
----------------- Invoking toplevel() on ptolemy.moml.MoMLSimpleApplication@4e6ce6f1
----------------- Done invoking toplevel() on ptolemy.moml.MoMLSimpleApplication@4e6ce6f1
reloadAllAccessors: .CausalityInterface12

===========================================================================================
----------------- testing Wed Nov 13 06:17:59 UTC 2019 /home/travis/build/icyphy/ptII/ptolemy/domains/continuous/test/auto/CausalityInterface13.xml
----------------- Instantiating /home/travis/build/icyphy/ptII/ptolemy/domains/continuous/test/auto/CausalityInterface13.xml
8 ms. Memory: 217088K Free: 116521K (54%)
----------------- Invoking toplevel() on ptolemy.moml.MoMLSimpleApplication@5e5f366d
----------------- Done invoking toplevel() on ptolemy.moml.MoMLSimpleApplication@5e5f366d
reloadAllAccessors: .CausalityInterface13

===========================================================================================
----------------- testing Wed Nov 13 06:18:00 UTC 2019 /home/travis/build/icyphy/ptII/ptolemy/domains/continuous/test/auto/CausalityInterface14.xml
----------------- Instantiating /home/travis/build/icyphy/ptII/ptolemy/domains/continuous/test/auto/CausalityInterface14.xml
12 ms. Memory: 217088K Free: 111401K (51%)
----------------- Invoking toplevel() on ptolemy.moml.MoMLSimpleApplication@25be06d2
----------------- Done invoking toplevel() on ptolemy.moml.MoMLSimpleApplication@25be06d2
reloadAllAccessors: .CausalityInterface14

===========================================================================================
----------------- testing Wed Nov 13 06:18:00 UTC 2019 /home/travis/build/icyphy/ptII/ptolemy/domains/continuous/test/auto/CausalityInterface4.xml
----------------- Instantiating /home/travis/build/icyphy/ptII/ptolemy/domains/continuous/test/auto/CausalityInterface4.xml
6 ms. Memory: 217088K Free: 104729K (48%)
----------------- Invoking toplevel() on ptolemy.moml.MoMLSimpleApplication@3d6e006f
----------------- Done invoking toplevel() on ptolemy.moml.MoMLSimpleApplication@3d6e006f
reloadAllAccessors: .CausalityInterface4

===========================================================================================
----------------- testing Wed Nov 13 06:18:00 UTC 2019 /home/travis/build/icyphy/ptII/ptolemy/domains/continuous/test/auto/CausalityInterface5.xml
----------------- Instantiating /home/travis/build/icyphy/ptII/ptolemy/domains/continuous/test/auto/CausalityInterface5.xml
9 ms. Memory: 217088K Free: 96551K (44%)
----------------- Invoking toplevel() on ptolemy.moml.MoMLSimpleApplication@38f35af8
----------------- Done invoking toplevel() on ptolemy.moml.MoMLSimpleApplication@38f35af8
reloadAllAccessors: .CausalityInterface5

===========================================================================================
----------------- testing Wed Nov 13 06:18:00 UTC 2019 /home/travis/build/icyphy/ptII/ptolemy/domains/continuous/test/auto/CausalityInterface6.xml
----------------- Instantiating /home/travis/build/icyphy/ptII/ptolemy/domains/continuous/test/auto/CausalityInterface6.xml
7 ms. Memory: 217088K Free: 90921K (42%)
----------------- Invoking toplevel() on ptolemy.moml.MoMLSimpleApplication@59ff43e7
----------------- Done invoking toplevel() on ptolemy.moml.MoMLSimpleApplication@59ff43e7
reloadAllAccessors: .CausalityInterface6

===========================================================================================
----------------- testing Wed Nov 13 06:18:00 UTC 2019 /home/travis/build/icyphy/ptII/ptolemy/domains/continuous/test/auto/CausalityInterface7.xml
----------------- Instantiating /home/travis/build/icyphy/ptII/ptolemy/domains/continuous/test/auto/CausalityInterface7.xml
16 ms. Memory: 217088K Free: 82215K (38%)
----------------- Invoking toplevel() on ptolemy.moml.MoMLSimpleApplication@4f55fd97
----------------- Done invoking toplevel() on ptolemy.moml.MoMLSimpleApplication@4f55fd97
reloadAllAccessors: .CausalityInterface7

===========================================================================================
----------------- testing Wed Nov 13 06:18:00 UTC 2019 /home/travis/build/icyphy/ptII/ptolemy/domains/continuous/test/auto/CausalityInterface8.xml
----------------- Instantiating /home/travis/build/icyphy/ptII/ptolemy/domains/continuous/test/auto/CausalityInterface8.xml
19 ms. Memory: 261120K Free: 245770K (94%)
----------------- Invoking toplevel() on ptolemy.moml.MoMLSimpleApplication@687243fa
----------------- Done invoking toplevel() on ptolemy.moml.MoMLSimpleApplication@687243fa
reloadAllAccessors: .CausalityInterface8

===========================================================================================
----------------- testing Wed Nov 13 06:18:00 UTC 2019 /home/travis/build/icyphy/ptII/ptolemy/domains/continuous/test/auto/CausalityInterface9.xml
----------------- Instantiating /home/travis/build/icyphy/ptII/ptolemy/domains/continuous/test/auto/CausalityInterface9.xml
6 ms. Memory: 261120K Free: 234506K (90%)
----------------- Invoking toplevel() on ptolemy.moml.MoMLSimpleApplication@527a2927
----------------- Done invoking toplevel() on ptolemy.moml.MoMLSimpleApplication@527a2927
reloadAllAccessors: .CausalityInterface9

===========================================================================================
----------------- testing Wed Nov 13 06:18:00 UTC 2019 /home/travis/build/icyphy/ptII/ptolemy/domains/continuous/test/auto/CausalityInterfaceFeedback1.xml
----------------- Instantiating /home/travis/build/icyphy/ptII/ptolemy/domains/continuous/test/auto/CausalityInterfaceFeedback1.xml
5 ms. Memory: 261120K Free: 227852K (87%)
----------------- Invoking toplevel() on ptolemy.moml.MoMLSimpleApplication@68e24803
----------------- Done invoking toplevel() on ptolemy.moml.MoMLSimpleApplication@68e24803
reloadAllAccessors: .CausalityInterfaceFeedback1

===========================================================================================
----------------- testing Wed Nov 13 06:18:00 UTC 2019 /home/travis/build/icyphy/ptII/ptolemy/domains/continuous/test/auto/CausalityInterfaceFeedback2.xml
----------------- Instantiating /home/travis/build/icyphy/ptII/ptolemy/domains/continuous/test/auto/CausalityInterfaceFeedback2.xml
4 ms. Memory: 261120K Free: 221180K (85%)
----------------- Invoking toplevel() on ptolemy.moml.MoMLSimpleApplication@2b13c44e
----------------- Done invoking toplevel() on ptolemy.moml.MoMLSimpleApplication@2b13c44e
reloadAllAccessors: .CausalityInterfaceFeedback2

===========================================================================================
----------------- testing Wed Nov 13 06:18:00 UTC 2019 /home/travis/build/icyphy/ptII/ptolemy/domains/continuous/test/auto/CompareWithCurrentTime.xml
----------------- Instantiating /home/travis/build/icyphy/ptII/ptolemy/domains/continuous/test/auto/CompareWithCurrentTime.xml
3 ms. Memory: 261120K Free: 217098K (83%)
----------------- Invoking toplevel() on ptolemy.moml.MoMLSimpleApplication@30ae00a1
----------------- Done invoking toplevel() on ptolemy.moml.MoMLSimpleApplication@30ae00a1
reloadAllAccessors: .CompareWithCurrentTime

===========================================================================================
----------------- testing Wed Nov 13 06:18:00 UTC 2019 /home/travis/build/icyphy/ptII/ptolemy/domains/continuous/test/auto/ComparedClocks.xml
----------------- Instantiating /home/travis/build/icyphy/ptII/ptolemy/domains/continuous/test/auto/ComparedClocks.xml
7 ms. Memory: 261120K Free: 201228K (77%)
----------------- Invoking toplevel() on ptolemy.moml.MoMLSimpleApplication@43599b83
----------------- Done invoking toplevel() on ptolemy.moml.MoMLSimpleApplication@43599b83
reloadAllAccessors: .ComparedClocks

===========================================================================================
----------------- testing Wed Nov 13 06:18:00 UTC 2019 /home/travis/build/icyphy/ptII/ptolemy/domains/continuous/test/auto/ContinuousAOCClone.xml
----------------- Instantiating /home/travis/build/icyphy/ptII/ptolemy/domains/continuous/test/auto/ContinuousAOCClone.xml
2714 ms. Memory: 261120K Free: 126079K (48%)
----------------- Invoking toplevel() on ptolemy.moml.MoMLSimpleApplication@57ff306e
----------------- Done invoking toplevel() on ptolemy.moml.MoMLSimpleApplication@57ff306e
reloadAllAccessors: .ContinuousAOCClone

===========================================================================================
----------------- testing Wed Nov 13 06:18:03 UTC 2019 /home/travis/build/icyphy/ptII/ptolemy/domains/continuous/test/auto/ContinuousClock.xml
----------------- Instantiating /home/travis/build/icyphy/ptII/ptolemy/domains/continuous/test/auto/ContinuousClock.xml
61 ms. Memory: 261120K Free: 104065K (40%)
----------------- Invoking toplevel() on ptolemy.moml.MoMLSimpleApplication@2bbb54a8
----------------- Done invoking toplevel() on ptolemy.moml.MoMLSimpleApplication@2bbb54a8
reloadAllAccessors: .ContinuousClock

===========================================================================================
----------------- testing Wed Nov 13 06:18:03 UTC 2019 /home/travis/build/icyphy/ptII/ptolemy/domains/continuous/test/auto/ContinuousInContinuous.xml
----------------- Instantiating /home/travis/build/icyphy/ptII/ptolemy/domains/continuous/test/auto/ContinuousInContinuous.xml
53 ms. Memory: 313344K Free: 287858K (92%)
----------------- Invoking toplevel() on ptolemy.moml.MoMLSimpleApplication@19d90cf8
----------------- Done invoking toplevel() on ptolemy.moml.MoMLSimpleApplication@19d90cf8
reloadAllAccessors: .ContinuousInContinuous

===========================================================================================
----------------- testing Wed Nov 13 06:18:03 UTC 2019 /home/travis/build/icyphy/ptII/ptolemy/domains/continuous/test/auto/ContinuousInContinuousInContinuous.xml
----------------- Instantiating /home/travis/build/icyphy/ptII/ptolemy/domains/continuous/test/auto/ContinuousInContinuousInContinuous.xml
7 ms. Memory: 313344K Free: 279152K (89%)
----------------- Invoking toplevel() on ptolemy.moml.MoMLSimpleApplication@56a1b4fe
----------------- Done invoking toplevel() on ptolemy.moml.MoMLSimpleApplication@56a1b4fe
reloadAllAccessors: .ContinuousInContinuousInContinuous

===========================================================================================
----------------- testing Wed Nov 13 06:18:03 UTC 2019 /home/travis/build/icyphy/ptII/ptolemy/domains/continuous/test/auto/ContinuousInDE.xml
----------------- Instantiating /home/travis/build/icyphy/ptII/ptolemy/domains/continuous/test/auto/ContinuousInDE.xml
83 ms. Memory: 313344K Free: 268402K (86%)
----------------- Invoking toplevel() on ptolemy.moml.MoMLSimpleApplication@29c946c0
----------------- Done invoking toplevel() on ptolemy.moml.MoMLSimpleApplication@29c946c0
reloadAllAccessors: .ContinuousInDE

===========================================================================================
----------------- testing Wed Nov 13 06:18:03 UTC 2019 /home/travis/build/icyphy/ptII/ptolemy/domains/continuous/test/auto/ContinuousInDE2.xml
----------------- Instantiating /home/travis/build/icyphy/ptII/ptolemy/domains/continuous/test/auto/ContinuousInDE2.xml
49 ms. Memory: 313344K Free: 258672K (83%)
----------------- Invoking toplevel() on ptolemy.moml.MoMLSimpleApplication@682ba537
----------------- Done invoking toplevel() on ptolemy.moml.MoMLSimpleApplication@682ba537
reloadAllAccessors: .ContinuousInDE2

===========================================================================================
----------------- testing Wed Nov 13 06:18:03 UTC 2019 /home/travis/build/icyphy/ptII/ptolemy/domains/continuous/test/auto/ContinuousInDE3.xml
----------------- Instantiating /home/travis/build/icyphy/ptII/ptolemy/domains/continuous/test/auto/ContinuousInDE3.xml
41 ms. Memory: 313344K Free: 249456K (80%)
----------------- Invoking toplevel() on ptolemy.moml.MoMLSimpleApplication@74fbcbb6
----------------- Done invoking toplevel() on ptolemy.moml.MoMLSimpleApplication@74fbcbb6
reloadAllAccessors: .ContinuousInDE3

===========================================================================================
----------------- testing Wed Nov 13 06:18:03 UTC 2019 /home/travis/build/icyphy/ptII/ptolemy/domains/continuous/test/auto/ContinuousInDE4.xml
----------------- Instantiating /home/travis/build/icyphy/ptII/ptolemy/domains/continuous/test/auto/ContinuousInDE4.xml
13 ms. Memory: 313344K Free: 243312K (78%)
----------------- Invoking toplevel() on ptolemy.moml.MoMLSimpleApplication@171b9083
----------------- Done invoking toplevel() on ptolemy.moml.MoMLSimpleApplication@171b9083
reloadAllAccessors: .ContinuousInDE4

===========================================================================================
----------------- testing Wed Nov 13 06:18:03 UTC 2019 /home/travis/build/icyphy/ptII/ptolemy/domains/continuous/test/auto/ContinuousInDEDifferentRefinements.xml
----------------- Instantiating /home/travis/build/icyphy/ptII/ptolemy/domains/continuous/test/auto/ContinuousInDEDifferentRefinements.xml
59 ms. Memory: 313344K Free: 212082K (68%)
----------------- Invoking toplevel() on ptolemy.moml.MoMLSimpleApplication@3b841e3a
----------------- Done invoking toplevel() on ptolemy.moml.MoMLSimpleApplication@3b841e3a
reloadAllAccessors: .ContinuousInDEDifferentRefinements

===========================================================================================
----------------- testing Wed Nov 13 06:18:04 UTC 2019 /home/travis/build/icyphy/ptII/ptolemy/domains/continuous/test/auto/ContinuousInDEDifferentRefinementsPreemptive.xml
----------------- Instantiating /home/travis/build/icyphy/ptII/ptolemy/domains/continuous/test/auto/ContinuousInDEDifferentRefinementsPreemptive.xml
50 ms. Memory: 313344K Free: 181362K (58%)
----------------- Invoking toplevel() on ptolemy.moml.MoMLSimpleApplication@664729d8
----------------- Done invoking toplevel() on ptolemy.moml.MoMLSimpleApplication@664729d8
reloadAllAccessors: .ContinuousInDEDifferentRefinementsPreemptive

===========================================================================================
----------------- testing Wed Nov 13 06:18:04 UTC 2019 /home/travis/build/icyphy/ptII/ptolemy/domains/continuous/test/auto/ContinuousInDEInContinuous2.xml
----------------- Instantiating /home/travis/build/icyphy/ptII/ptolemy/domains/continuous/test/auto/ContinuousInDEInContinuous2.xml
38 ms. Memory: 313344K Free: 169584K (54%)
----------------- Invoking toplevel() on ptolemy.moml.MoMLSimpleApplication@434ff65e
----------------- Done invoking toplevel() on ptolemy.moml.MoMLSimpleApplication@434ff65e
reloadAllAccessors: .ContinuousInDEInContinuous2

===========================================================================================
----------------- testing Wed Nov 13 06:18:04 UTC 2019 /home/travis/build/icyphy/ptII/ptolemy/domains/continuous/test/auto/ContinuousInDEInContinuous3.xml
----------------- Instantiating /home/travis/build/icyphy/ptII/ptolemy/domains/continuous/test/auto/ContinuousInDEInContinuous3.xml
35 ms. Memory: 313344K Free: 157296K (50%)
----------------- Invoking toplevel() on ptolemy.moml.MoMLSimpleApplication@65e88e0f
----------------- Done invoking toplevel() on ptolemy.moml.MoMLSimpleApplication@65e88e0f
reloadAllAccessors: .ContinuousInDEInContinuous3

===========================================================================================
----------------- testing Wed Nov 13 06:18:04 UTC 2019 /home/travis/build/icyphy/ptII/ptolemy/domains/continuous/test/auto/ContinuousInDEInput.xml
----------------- Instantiating /home/travis/build/icyphy/ptII/ptolemy/domains/continuous/test/auto/ContinuousInDEInput.xml
17 ms. Memory: 313344K Free: 150128K (48%)
----------------- Invoking toplevel() on ptolemy.moml.MoMLSimpleApplication@5ddec894
----------------- Done invoking toplevel() on ptolemy.moml.MoMLSimpleApplication@5ddec894
reloadAllAccessors: .ContinuousInDEInput

===========================================================================================
----------------- testing Wed Nov 13 06:18:04 UTC 2019 /home/travis/build/icyphy/ptII/ptolemy/domains/continuous/test/auto/ContinuousInDEInput2.xml
----------------- Instantiating /home/travis/build/icyphy/ptII/ptolemy/domains/continuous/test/auto/ContinuousInDEInput2.xml
16 ms. Memory: 313344K Free: 142960K (46%)
----------------- Invoking toplevel() on ptolemy.moml.MoMLSimpleApplication@28d28510
----------------- Done invoking toplevel() on ptolemy.moml.MoMLSimpleApplication@28d28510
reloadAllAccessors: .ContinuousInDEInput2

===========================================================================================
----------------- testing Wed Nov 13 06:18:04 UTC 2019 /home/travis/build/icyphy/ptII/ptolemy/domains/continuous/test/auto/ContinuousInDEInput3.xml
----------------- Instantiating /home/travis/build/icyphy/ptII/ptolemy/domains/continuous/test/auto/ContinuousInDEInput3.xml
16 ms. Memory: 313344K Free: 135792K (43%)
----------------- Invoking toplevel() on ptolemy.moml.MoMLSimpleApplication@3b5c2c45
----------------- Done invoking toplevel() on ptolemy.moml.MoMLSimpleApplication@3b5c2c45
reloadAllAccessors: .ContinuousInDEInput3

===========================================================================================
----------------- testing Wed Nov 13 06:18:04 UTC 2019 /home/travis/build/icyphy/ptII/ptolemy/domains/continuous/test/auto/ContinuousInDESharingRefinement.xml
----------------- Instantiating /home/travis/build/icyphy/ptII/ptolemy/domains/continuous/test/auto/ContinuousInDESharingRefinement.xml
157 ms. Memory: 313344K Free: 227727K (73%)
----------------- Invoking toplevel() on ptolemy.moml.MoMLSimpleApplication@7ee6b665
----------------- Done invoking toplevel() on ptolemy.moml.MoMLSimpleApplication@7ee6b665
reloadAllAccessors: .ContinuousInDESharingRefinement

===========================================================================================
----------------- testing Wed Nov 13 06:18:04 UTC 2019 /home/travis/build/icyphy/ptII/ptolemy/domains/continuous/test/auto/ContinuousInDEwithNoPorts.xml
----------------- Instantiating /home/travis/build/icyphy/ptII/ptolemy/domains/continuous/test/auto/ContinuousInDEwithNoPorts.xml
7 ms. Memory: 313344K Free: 222905K (71%)
----------------- Invoking toplevel() on ptolemy.moml.MoMLSimpleApplication@470aa275
----------------- Done invoking toplevel() on ptolemy.moml.MoMLSimpleApplication@470aa275
reloadAllAccessors: .ContinuousInDEwithNoPorts

===========================================================================================
----------------- testing Wed Nov 13 06:18:04 UTC 2019 /home/travis/build/icyphy/ptII/ptolemy/domains/continuous/test/auto/ContinuousInsideDE.xml
----------------- Instantiating /home/travis/build/icyphy/ptII/ptolemy/domains/continuous/test/auto/ContinuousInsideDE.xml
35 ms. Memory: 313344K Free: 211655K (68%)
----------------- Invoking toplevel() on ptolemy.moml.MoMLSimpleApplication@6ee8462d
----------------- Done invoking toplevel() on ptolemy.moml.MoMLSimpleApplication@6ee8462d
reloadAllAccessors: .ContinuousInsideDE

===========================================================================================
----------------- testing Wed Nov 13 06:18:04 UTC 2019 /home/travis/build/icyphy/ptII/ptolemy/domains/continuous/test/auto/ContinuousMerge1.xml
----------------- Instantiating /home/travis/build/icyphy/ptII/ptolemy/domains/continuous/test/auto/ContinuousMerge1.xml
3 ms. Memory: 313344K Free: 207545K (66%)
----------------- Invoking toplevel() on ptolemy.moml.MoMLSimpleApplication@6a6a0a0
----------------- Done invoking toplevel() on ptolemy.moml.MoMLSimpleApplication@6a6a0a0
reloadAllAccessors: .ContinuousMerge1

===========================================================================================
----------------- testing Wed Nov 13 06:18:04 UTC 2019 /home/travis/build/icyphy/ptII/ptolemy/domains/continuous/test/auto/ContinuousMerge2.xml
----------------- Instantiating /home/travis/build/icyphy/ptII/ptolemy/domains/continuous/test/auto/ContinuousMerge2.xml
15 ms. Memory: 313344K Free: 197319K (63%)
----------------- Invoking toplevel() on ptolemy.moml.MoMLSimpleApplication@7fcca17c
----------------- Done invoking toplevel() on ptolemy.moml.MoMLSimpleApplication@7fcca17c
reloadAllAccessors: .ContinuousMerge2

===========================================================================================
----------------- testing Wed Nov 13 06:18:04 UTC 2019 /home/travis/build/icyphy/ptII/ptolemy/domains/continuous/test/auto/ContinuousMerge3.xml
----------------- Instantiating /home/travis/build/icyphy/ptII/ptolemy/domains/continuous/test/auto/ContinuousMerge3.xml
46 ms. Memory: 313344K Free: 186569K (60%)
----------------- Invoking toplevel() on ptolemy.moml.MoMLSimpleApplication@7e82ab46
----------------- Done invoking toplevel() on ptolemy.moml.MoMLSimpleApplication@7e82ab46
reloadAllAccessors: .ContinuousMerge3

===========================================================================================
----------------- testing Wed Nov 13 06:18:04 UTC 2019 /home/travis/build/icyphy/ptII/ptolemy/domains/continuous/test/auto/ContinuousWithinContinuous.xml
----------------- Instantiating /home/travis/build/icyphy/ptII/ptolemy/domains/continuous/test/auto/ContinuousWithinContinuous.xml
36 ms. Memory: 313344K Free: 177863K (57%)
----------------- Invoking toplevel() on ptolemy.moml.MoMLSimpleApplication@32948456
----------------- Done invoking toplevel() on ptolemy.moml.MoMLSimpleApplication@32948456
reloadAllAccessors: .ContinuousWithinContinuous

===========================================================================================
----------------- testing Wed Nov 13 06:18:04 UTC 2019 /home/travis/build/icyphy/ptII/ptolemy/domains/continuous/test/auto/ContinuousWithinContinuous2.xml
----------------- Instantiating /home/travis/build/icyphy/ptII/ptolemy/domains/continuous/test/auto/ContinuousWithinContinuous2.xml
67 ms. Memory: 313344K Free: 167113K (53%)
----------------- Invoking toplevel() on ptolemy.moml.MoMLSimpleApplication@6d4d744d
----------------- Done invoking toplevel() on ptolemy.moml.MoMLSimpleApplication@6d4d744d
reloadAllAccessors: .ContinuousWithinContinuous2

===========================================================================================
----------------- testing Wed Nov 13 06:18:05 UTC 2019 /home/travis/build/icyphy/ptII/ptolemy/domains/continuous/test/auto/ContinuousWithinContinuous3.xml
----------------- Instantiating /home/travis/build/icyphy/ptII/ptolemy/domains/continuous/test/auto/ContinuousWithinContinuous3.xml
13 ms. Memory: 313344K Free: 160455K (51%)
----------------- Invoking toplevel() on ptolemy.moml.MoMLSimpleApplication@2d803677
----------------- Done invoking toplevel() on ptolemy.moml.MoMLSimpleApplication@2d803677
reloadAllAccessors: .ContinuousWithinContinuous3

===========================================================================================
----------------- testing Wed Nov 13 06:18:05 UTC 2019 /home/travis/build/icyphy/ptII/ptolemy/domains/continuous/test/auto/ContinuousWithinContinuous4.xml
----------------- Instantiating /home/travis/build/icyphy/ptII/ptolemy/domains/continuous/test/auto/ContinuousWithinContinuous4.xml
70 ms. Memory: 313344K Free: 148167K (47%)
----------------- Invoking toplevel() on ptolemy.moml.MoMLSimpleApplication@3ab2ec27
----------------- Done invoking toplevel() on ptolemy.moml.MoMLSimpleApplication@3ab2ec27
reloadAllAccessors: .ContinuousWithinContinuous4

===========================================================================================
----------------- testing Wed Nov 13 06:18:05 UTC 2019 /home/travis/build/icyphy/ptII/ptolemy/domains/continuous/test/auto/ContinuousWithinContinuous5.xml
----------------- Instantiating /home/travis/build/icyphy/ptII/ptolemy/domains/continuous/test/auto/ContinuousWithinContinuous5.xml
12 ms. Memory: 313344K Free: 140999K (45%)
----------------- Invoking toplevel() on ptolemy.moml.MoMLSimpleApplication@6d0f0890
----------------- Done invoking toplevel() on ptolemy.moml.MoMLSimpleApplication@6d0f0890
reloadAllAccessors: .ContinuousWithinContinuous5

===========================================================================================
----------------- testing Wed Nov 13 06:18:05 UTC 2019 /home/travis/build/icyphy/ptII/ptolemy/domains/continuous/test/auto/ContinuousWithinContinuous6.xml
----------------- Instantiating /home/travis/build/icyphy/ptII/ptolemy/domains/continuous/test/auto/ContinuousWithinContinuous6.xml
11 ms. Memory: 313344K Free: 133831K (43%)
----------------- Invoking toplevel() on ptolemy.moml.MoMLSimpleApplication@33530567
----------------- Done invoking toplevel() on ptolemy.moml.MoMLSimpleApplication@33530567
reloadAllAccessors: .ContinuousWithinContinuous6

===========================================================================================
----------------- testing Wed Nov 13 06:18:05 UTC 2019 /home/travis/build/icyphy/ptII/ptolemy/domains/continuous/test/auto/ContinuousWithinContinuous7.xml
----------------- Instantiating /home/travis/build/icyphy/ptII/ptolemy/domains/continuous/test/auto/ContinuousWithinContinuous7.xml
57 ms. Memory: 313344K Free: 123081K (39%)
----------------- Invoking toplevel() on ptolemy.moml.MoMLSimpleApplication@35be9ab0
----------------- Done invoking toplevel() on ptolemy.moml.MoMLSimpleApplication@35be9ab0
reloadAllAccessors: .ContinuousWithinContinuous7

===========================================================================================
----------------- testing Wed Nov 13 06:18:05 UTC 2019 /home/travis/build/icyphy/ptII/ptolemy/domains/continuous/test/auto/DCMotor.xml
----------------- Instantiating /home/travis/build/icyphy/ptII/ptolemy/domains/continuous/test/auto/DCMotor.xml
13964 ms. Memory: 313344K Free: 231643K (74%)
----------------- Invoking toplevel() on ptolemy.moml.MoMLSimpleApplication@38a68b09
----------------- Done invoking toplevel() on ptolemy.moml.MoMLSimpleApplication@38a68b09
reloadAllAccessors: .DCMotor

===========================================================================================
----------------- testing Wed Nov 13 06:18:19 UTC 2019 /home/travis/build/icyphy/ptII/ptolemy/domains/continuous/test/auto/DEInContinuous.xml
----------------- Instantiating /home/travis/build/icyphy/ptII/ptolemy/domains/continuous/test/auto/DEInContinuous.xml
19 ms. Memory: 313344K Free: 225505K (72%)
----------------- Invoking toplevel() on ptolemy.moml.MoMLSimpleApplication@497f97fd
----------------- Done invoking toplevel() on ptolemy.moml.MoMLSimpleApplication@497f97fd
reloadAllAccessors: .DEInContinuous

===========================================================================================
----------------- testing Wed Nov 13 06:18:19 UTC 2019 /home/travis/build/icyphy/ptII/ptolemy/domains/continuous/test/auto/DEinContinuous2.xml
----------------- Instantiating /home/travis/build/icyphy/ptII/ptolemy/domains/continuous/test/auto/DEinContinuous2.xml
7 ms. Memory: 313344K Free: 217827K (70%)
----------------- Invoking toplevel() on ptolemy.moml.MoMLSimpleApplication@72b448b3
----------------- Done invoking toplevel() on ptolemy.moml.MoMLSimpleApplication@72b448b3
reloadAllAccessors: .DEinContinuous2

===========================================================================================
----------------- testing Wed Nov 13 06:18:19 UTC 2019 /home/travis/build/icyphy/ptII/ptolemy/domains/continuous/test/auto/Derivative.xml
----------------- Instantiating /home/travis/build/icyphy/ptII/ptolemy/domains/continuous/test/auto/Derivative.xml
148 ms. Memory: 313344K Free: 188641K (60%)
----------------- Invoking toplevel() on ptolemy.moml.MoMLSimpleApplication@81becdd
----------------- Done invoking toplevel() on ptolemy.moml.MoMLSimpleApplication@81becdd
reloadAllAccessors: .Derivative2

===========================================================================================
----------------- testing Wed Nov 13 06:18:19 UTC 2019 /home/travis/build/icyphy/ptII/ptolemy/domains/continuous/test/auto/Derivative1.xml
----------------- Instantiating /home/travis/build/icyphy/ptII/ptolemy/domains/continuous/test/auto/Derivative1.xml
26 ms. Memory: 313344K Free: 174305K (56%)
----------------- Invoking toplevel() on ptolemy.moml.MoMLSimpleApplication@662ec48a
----------------- Done invoking toplevel() on ptolemy.moml.MoMLSimpleApplication@662ec48a
reloadAllAccessors: .Derivative1

===========================================================================================
----------------- testing Wed Nov 13 06:18:19 UTC 2019 /home/travis/build/icyphy/ptII/ptolemy/domains/continuous/test/auto/DiscreteClock.xml
----------------- Instantiating /home/travis/build/icyphy/ptII/ptolemy/domains/continuous/test/auto/DiscreteClock.xml
4 ms. Memory: 313344K Free: 169185K (54%)
----------------- Invoking toplevel() on ptolemy.moml.MoMLSimpleApplication@28aef692
----------------- Done invoking toplevel() on ptolemy.moml.MoMLSimpleApplication@28aef692
reloadAllAccessors: .DiscreteClock

===========================================================================================
----------------- testing Wed Nov 13 06:18:19 UTC 2019 /home/travis/build/icyphy/ptII/ptolemy/domains/continuous/test/auto/EfficiencyCurve.xml
----------------- Instantiating /home/travis/build/icyphy/ptII/ptolemy/domains/continuous/test/auto/EfficiencyCurve.xml
67 ms. Memory: 313344K Free: 160483K (51%)
----------------- Invoking toplevel() on ptolemy.moml.MoMLSimpleApplication@ecd54f4
----------------- Done invoking toplevel() on ptolemy.moml.MoMLSimpleApplication@ecd54f4
reloadAllAccessors: .EfficiencyCurve

===========================================================================================
----------------- testing Wed Nov 13 06:18:19 UTC 2019 /home/travis/build/icyphy/ptII/ptolemy/domains/continuous/test/auto/ExponentialResponse.xml
----------------- Instantiating /home/travis/build/icyphy/ptII/ptolemy/domains/continuous/test/auto/ExponentialResponse.xml
112 ms. Memory: 313344K Free: 145123K (46%)
----------------- Invoking toplevel() on ptolemy.moml.MoMLSimpleApplication@425fecf2
----------------- Done invoking toplevel() on ptolemy.moml.MoMLSimpleApplication@425fecf2
reloadAllAccessors: .ExponentialResponse

===========================================================================================
----------------- testing Wed Nov 13 06:18:19 UTC 2019 /home/travis/build/icyphy/ptII/ptolemy/domains/continuous/test/auto/ExponentialResponseRK45.xml
----------------- Instantiating /home/travis/build/icyphy/ptII/ptolemy/domains/continuous/test/auto/ExponentialResponseRK45.xml
31 ms. Memory: 313344K Free: 137955K (44%)
----------------- Invoking toplevel() on ptolemy.moml.MoMLSimpleApplication@72502a6c
----------------- Done invoking toplevel() on ptolemy.moml.MoMLSimpleApplication@72502a6c
reloadAllAccessors: .ExponentialResponseRK45

===========================================================================================
----------------- testing Wed Nov 13 06:18:19 UTC 2019 /home/travis/build/icyphy/ptII/ptolemy/domains/continuous/test/auto/Friction.xml
----------------- Instantiating /home/travis/build/icyphy/ptII/ptolemy/domains/continuous/test/auto/Friction.xml
1513 ms. Memory: 313344K Free: 270530K (86%)
----------------- Invoking toplevel() on ptolemy.moml.MoMLSimpleApplication@47a26504
----------------- Done invoking toplevel() on ptolemy.moml.MoMLSimpleApplication@47a26504
reloadAllAccessors: .Friction

===========================================================================================
----------------- testing Wed Nov 13 06:18:21 UTC 2019 /home/travis/build/icyphy/ptII/ptolemy/domains/continuous/test/auto/FurutaPendulum.xml
----------------- Instantiating /home/travis/build/icyphy/ptII/ptolemy/domains/continuous/test/auto/FurutaPendulum.xml
3528 ms. Memory: 313344K Free: 133310K (43%)
----------------- Invoking toplevel() on ptolemy.moml.MoMLSimpleApplication@325d7c99
----------------- Done invoking toplevel() on ptolemy.moml.MoMLSimpleApplication@325d7c99
reloadAllAccessors: .FurutaPendulum

===========================================================================================
----------------- testing Wed Nov 13 06:18:25 UTC 2019 /home/travis/build/icyphy/ptII/ptolemy/domains/continuous/test/auto/HierarchicalExecution.xml
----------------- Instantiating /home/travis/build/icyphy/ptII/ptolemy/domains/continuous/test/auto/HierarchicalExecution.xml
2080 ms. Memory: 313344K Free: 224496K (72%)
----------------- Invoking toplevel() on ptolemy.moml.MoMLSimpleApplication@5891812
----------------- Done invoking toplevel() on ptolemy.moml.MoMLSimpleApplication@5891812
reloadAllAccessors: .HierarchicalExecution

===========================================================================================
----------------- testing Wed Nov 13 06:18:27 UTC 2019 /home/travis/build/icyphy/ptII/ptolemy/domains/continuous/test/auto/HybridPlant.xml
----------------- Instantiating /home/travis/build/icyphy/ptII/ptolemy/domains/continuous/test/auto/HybridPlant.xml
569 ms. Memory: 313344K Free: 146175K (47%)
----------------- Invoking toplevel() on ptolemy.moml.MoMLSimpleApplication@3c5168d3
----------------- Done invoking toplevel() on ptolemy.moml.MoMLSimpleApplication@3c5168d3
reloadAllAccessors: .HybridPlant

===========================================================================================
----------------- testing Wed Nov 13 06:18:28 UTC 2019 /home/travis/build/icyphy/ptII/ptolemy/domains/continuous/test/auto/Hysteresis.xml
----------------- Instantiating /home/travis/build/icyphy/ptII/ptolemy/domains/continuous/test/auto/Hysteresis.xml
163 ms. Memory: 313344K Free: 269659K (86%)
----------------- Invoking toplevel() on ptolemy.moml.MoMLSimpleApplication@69af86c6
----------------- Done invoking toplevel() on ptolemy.moml.MoMLSimpleApplication@69af86c6
reloadAllAccessors: .Hysteresis

===========================================================================================
----------------- testing Wed Nov 13 06:18:28 UTC 2019 /home/travis/build/icyphy/ptII/ptolemy/domains/continuous/test/auto/HysteresisWithRandomDelay.xml
----------------- Instantiating /home/travis/build/icyphy/ptII/ptolemy/domains/continuous/test/auto/HysteresisWithRandomDelay.xml
187 ms. Memory: 313344K Free: 197419K (63%)
----------------- Invoking toplevel() on ptolemy.moml.MoMLSimpleApplication@4396f339
----------------- Done invoking toplevel() on ptolemy.moml.MoMLSimpleApplication@4396f339
reloadAllAccessors: .HysteresisWithRandomDelay

===========================================================================================
----------------- testing Wed Nov 13 06:18:29 UTC 2019 /home/travis/build/icyphy/ptII/ptolemy/domains/continuous/test/auto/HysteresisWithRandomLosses.xml
----------------- Instantiating /home/travis/build/icyphy/ptII/ptolemy/domains/continuous/test/auto/HysteresisWithRandomLosses.xml
2499 ms. Memory: 313344K Free: 198543K (63%)
----------------- Invoking toplevel() on ptolemy.moml.MoMLSimpleApplication@78d88895
----------------- Done invoking toplevel() on ptolemy.moml.MoMLSimpleApplication@78d88895
reloadAllAccessors: .HysteresisWithRandomLosses

===========================================================================================
----------------- testing Wed Nov 13 06:18:31 UTC 2019 /home/travis/build/icyphy/ptII/ptolemy/domains/continuous/test/auto/ImmediateTransitions.xml
----------------- Instantiating /home/travis/build/icyphy/ptII/ptolemy/domains/continuous/test/auto/ImmediateTransitions.xml
10 ms. Memory: 313344K Free: 187295K (60%)
----------------- Invoking toplevel() on ptolemy.moml.MoMLSimpleApplication@19f7544c
----------------- Done invoking toplevel() on ptolemy.moml.MoMLSimpleApplication@19f7544c
reloadAllAccessors: .ImmediateTransitions

===========================================================================================
----------------- testing Wed Nov 13 06:18:31 UTC 2019 /home/travis/build/icyphy/ptII/ptolemy/domains/continuous/test/auto/ImpulseFeedback.xml
----------------- Instantiating /home/travis/build/icyphy/ptII/ptolemy/domains/continuous/test/auto/ImpulseFeedback.xml
8 ms. Memory: 313344K Free: 181679K (58%)
----------------- Invoking toplevel() on ptolemy.moml.MoMLSimpleApplication@6bdcd7db
----------------- Done invoking toplevel() on ptolemy.moml.MoMLSimpleApplication@6bdcd7db
reloadAllAccessors: .ImpulseFeedback

===========================================================================================
----------------- testing Wed Nov 13 06:18:31 UTC 2019 /home/travis/build/icyphy/ptII/ptolemy/domains/continuous/test/auto/ImpulseFeedback2.xml
----------------- Instantiating /home/travis/build/icyphy/ptII/ptolemy/domains/continuous/test/auto/ImpulseFeedback2.xml
6 ms. Memory: 313344K Free: 176045K (56%)
----------------- Invoking toplevel() on ptolemy.moml.MoMLSimpleApplication@293a8979
----------------- Done invoking toplevel() on ptolemy.moml.MoMLSimpleApplication@293a8979
reloadAllAccessors: .ImpulseFeedback2

===========================================================================================
----------------- testing Wed Nov 13 06:18:31 UTC 2019 /home/travis/build/icyphy/ptII/ptolemy/domains/continuous/test/auto/IncreasingRatePoisson.xml
----------------- Instantiating /home/travis/build/icyphy/ptII/ptolemy/domains/continuous/test/auto/IncreasingRatePoisson.xml
725 ms. Memory: 313344K Free: 259202K (83%)
----------------- Invoking toplevel() on ptolemy.moml.MoMLSimpleApplication@4e47868e
----------------- Done invoking toplevel() on ptolemy.moml.MoMLSimpleApplication@4e47868e
reloadAllAccessors: .IncreasingRatePoisson

===========================================================================================
----------------- testing Wed Nov 13 06:18:32 UTC 2019 /home/travis/build/icyphy/ptII/ptolemy/domains/continuous/test/auto/InitialStateFeedback.xml
----------------- Instantiating /home/travis/build/icyphy/ptII/ptolemy/domains/continuous/test/auto/InitialStateFeedback.xml
6 ms. Memory: 313344K Free: 254594K (81%)
----------------- Invoking toplevel() on ptolemy.moml.MoMLSimpleApplication@3ba15d9e
----------------- Done invoking toplevel() on ptolemy.moml.MoMLSimpleApplication@3ba15d9e
reloadAllAccessors: .InitialStateFeedback

===========================================================================================
----------------- testing Wed Nov 13 06:18:32 UTC 2019 /home/travis/build/icyphy/ptII/ptolemy/domains/continuous/test/auto/Integration.xml
----------------- Instantiating /home/travis/build/icyphy/ptII/ptolemy/domains/continuous/test/auto/Integration.xml
2 ms. Memory: 313344K Free: 250498K (80%)
----------------- Invoking toplevel() on ptolemy.moml.MoMLSimpleApplication@5d59ed46
----------------- Done invoking toplevel() on ptolemy.moml.MoMLSimpleApplication@5d59ed46
reloadAllAccessors: .Integration

===========================================================================================
----------------- testing Wed Nov 13 06:18:32 UTC 2019 /home/travis/build/icyphy/ptII/ptolemy/domains/continuous/test/auto/Integration2.xml
----------------- Instantiating /home/travis/build/icyphy/ptII/ptolemy/domains/continuous/test/auto/Integration2.xml
83 ms. Memory: 313344K Free: 236676K (76%)
----------------- Invoking toplevel() on ptolemy.moml.MoMLSimpleApplication@14875816
----------------- Done invoking toplevel() on ptolemy.moml.MoMLSimpleApplication@14875816
reloadAllAccessors: .Integration2

===========================================================================================
----------------- testing Wed Nov 13 06:18:32 UTC 2019 /home/travis/build/icyphy/ptII/ptolemy/domains/continuous/test/auto/Integration3.xml
----------------- Instantiating /home/travis/build/icyphy/ptII/ptolemy/domains/continuous/test/auto/Integration3.xml
2 ms. Memory: 313344K Free: 232066K (74%)
----------------- Invoking toplevel() on ptolemy.moml.MoMLSimpleApplication@7ba8e954
----------------- Done invoking toplevel() on ptolemy.moml.MoMLSimpleApplication@7ba8e954
reloadAllAccessors: .Integration3

===========================================================================================
----------------- testing Wed Nov 13 06:18:32 UTC 2019 /home/travis/build/icyphy/ptII/ptolemy/domains/continuous/test/auto/Integration5.xml
----------------- Instantiating /home/travis/build/icyphy/ptII/ptolemy/domains/continuous/test/auto/Integration5.xml
4 ms. Memory: 313344K Free: 227970K (73%)
----------------- Invoking toplevel() on ptolemy.moml.MoMLSimpleApplication@294473a2
----------------- Done invoking toplevel() on ptolemy.moml.MoMLSimpleApplication@294473a2
reloadAllAccessors: .Integration5

===========================================================================================
----------------- testing Wed Nov 13 06:18:32 UTC 2019 /home/travis/build/icyphy/ptII/ptolemy/domains/continuous/test/auto/IntegratorImpulse.xml
----------------- Instantiating /home/travis/build/icyphy/ptII/ptolemy/domains/continuous/test/auto/IntegratorImpulse.xml
2 ms. Memory: 313344K Free: 223844K (71%)
----------------- Invoking toplevel() on ptolemy.moml.MoMLSimpleApplication@7d05dc3e
----------------- Done invoking toplevel() on ptolemy.moml.MoMLSimpleApplication@7d05dc3e
reloadAllAccessors: .IntegratorImpulse

===========================================================================================
----------------- testing Wed Nov 13 06:18:32 UTC 2019 /home/travis/build/icyphy/ptII/ptolemy/domains/continuous/test/auto/IntegratorImpulse2.xml
----------------- Instantiating /home/travis/build/icyphy/ptII/ptolemy/domains/continuous/test/auto/IntegratorImpulse2.xml
4 ms. Memory: 313344K Free: 219268K (70%)
----------------- Invoking toplevel() on ptolemy.moml.MoMLSimpleApplication@1027006f
----------------- Done invoking toplevel() on ptolemy.moml.MoMLSimpleApplication@1027006f
reloadAllAccessors: .IntegratorImpulse2

===========================================================================================
----------------- testing Wed Nov 13 06:18:32 UTC 2019 /home/travis/build/icyphy/ptII/ptolemy/domains/continuous/test/auto/LevelCrossing1.xml
----------------- Instantiating /home/travis/build/icyphy/ptII/ptolemy/domains/continuous/test/auto/LevelCrossing1.xml
2 ms. Memory: 313344K Free: 214148K (68%)
----------------- Invoking toplevel() on ptolemy.moml.MoMLSimpleApplication@1e3ffa97
----------------- Done invoking toplevel() on ptolemy.moml.MoMLSimpleApplication@1e3ffa97
reloadAllAccessors: .LevelCrossing1

===========================================================================================
----------------- testing Wed Nov 13 06:18:32 UTC 2019 /home/travis/build/icyphy/ptII/ptolemy/domains/continuous/test/auto/LevelCrossing2.xml
----------------- Instantiating /home/travis/build/icyphy/ptII/ptolemy/domains/continuous/test/auto/LevelCrossing2.xml
3 ms. Memory: 313344K Free: 209028K (67%)
----------------- Invoking toplevel() on ptolemy.moml.MoMLSimpleApplication@3402d9c6
----------------- Done invoking toplevel() on ptolemy.moml.MoMLSimpleApplication@3402d9c6
reloadAllAccessors: .LevelCrossing2

===========================================================================================
----------------- testing Wed Nov 13 06:18:32 UTC 2019 /home/travis/build/icyphy/ptII/ptolemy/domains/continuous/test/auto/LevelCrossing3.xml
----------------- Instantiating /home/travis/build/icyphy/ptII/ptolemy/domains/continuous/test/auto/LevelCrossing3.xml
2 ms. Memory: 313344K Free: 203908K (65%)
----------------- Invoking toplevel() on ptolemy.moml.MoMLSimpleApplication@6dfd8a42
----------------- Done invoking toplevel() on ptolemy.moml.MoMLSimpleApplication@6dfd8a42
reloadAllAccessors: .LevelCrossing3

===========================================================================================
----------------- testing Wed Nov 13 06:18:32 UTC 2019 /home/travis/build/icyphy/ptII/ptolemy/domains/continuous/test/auto/LevelCrossing4.xml
----------------- Instantiating /home/travis/build/icyphy/ptII/ptolemy/domains/continuous/test/auto/LevelCrossing4.xml
4 ms. Memory: 313344K Free: 198788K (63%)
----------------- Invoking toplevel() on ptolemy.moml.MoMLSimpleApplication@2f7ae714
----------------- Done invoking toplevel() on ptolemy.moml.MoMLSimpleApplication@2f7ae714
reloadAllAccessors: .LevelCrossing4

===========================================================================================
----------------- testing Wed Nov 13 06:18:32 UTC 2019 /home/travis/build/icyphy/ptII/ptolemy/domains/continuous/test/auto/LevelCrossing5.xml
----------------- Instantiating /home/travis/build/icyphy/ptII/ptolemy/domains/continuous/test/auto/LevelCrossing5.xml
3 ms. Memory: 313344K Free: 193668K (62%)
----------------- Invoking toplevel() on ptolemy.moml.MoMLSimpleApplication@42aea58f
----------------- Done invoking toplevel() on ptolemy.moml.MoMLSimpleApplication@42aea58f
reloadAllAccessors: .LevelCrossing5

===========================================================================================
[...]
reloadAllAccessors: .ResetTransitionWithStartTime6

===========================================================================================
----------------- testing Wed Nov 13 06:18:51 UTC 2019 /home/travis/build/icyphy/ptII/ptolemy/domains/continuous/test/auto/SRinContinuous.xml
----------------- Instantiating /home/travis/build/icyphy/ptII/ptolemy/domains/continuous/test/auto/SRinContinuous.xml
4 ms. Memory: 313344K Free: 180553K (58%)
----------------- Invoking toplevel() on ptolemy.moml.MoMLSimpleApplication@7cc347e7
----------------- Done invoking toplevel() on ptolemy.moml.MoMLSimpleApplication@7cc347e7
reloadAllAccessors: .SRinContinuous

===========================================================================================
----------------- testing Wed Nov 13 06:18:51 UTC 2019 /home/travis/build/icyphy/ptII/ptolemy/domains/continuous/test/auto/SampledClocks.xml
----------------- Instantiating /home/travis/build/icyphy/ptII/ptolemy/domains/continuous/test/auto/SampledClocks.xml
5 ms. Memory: 313344K Free: 167751K (54%)
----------------- Invoking toplevel() on ptolemy.moml.MoMLSimpleApplication@31633569
----------------- Done invoking toplevel() on ptolemy.moml.MoMLSimpleApplication@31633569
reloadAllAccessors: .SampledClocks

===========================================================================================
----------------- testing Wed Nov 13 06:18:51 UTC 2019 /home/travis/build/icyphy/ptII/ptolemy/domains/continuous/test/auto/Satellite.xml
----------------- Instantiating /home/travis/build/icyphy/ptII/ptolemy/domains/continuous/test/auto/Satellite.xml
850 ms. Memory: 313344K Free: 156517K (50%)
----------------- Invoking toplevel() on ptolemy.moml.MoMLSimpleApplication@657a7c4a
----------------- Done invoking toplevel() on ptolemy.moml.MoMLSimpleApplication@657a7c4a
reloadAllAccessors: .Satellite

===========================================================================================
----------------- testing Wed Nov 13 06:18:52 UTC 2019 /home/travis/build/icyphy/ptII/ptolemy/domains/continuous/test/auto/SigmaDelta.xml
----------------- Instantiating /home/travis/build/icyphy/ptII/ptolemy/domains/continuous/test/auto/SigmaDelta.xml
2209 ms. Memory: 313344K Free: 258114K (82%)
----------------- Invoking toplevel() on ptolemy.moml.MoMLSimpleApplication@1df9be5f
----------------- Done invoking toplevel() on ptolemy.moml.MoMLSimpleApplication@1df9be5f
reloadAllAccessors: .SigmaDelta

===========================================================================================
----------------- testing Wed Nov 13 06:18:54 UTC 2019 /home/travis/build/icyphy/ptII/ptolemy/domains/continuous/test/auto/SingleRefinement.xml
----------------- Instantiating /home/travis/build/icyphy/ptII/ptolemy/domains/continuous/test/auto/SingleRefinement.xml
330 ms. Memory: 313344K Free: 259620K (83%)
----------------- Invoking toplevel() on ptolemy.moml.MoMLSimpleApplication@5092c268
----------------- Done invoking toplevel() on ptolemy.moml.MoMLSimpleApplication@5092c268
reloadAllAccessors: .SingleRefinement

===========================================================================================
----------------- testing Wed Nov 13 06:18:54 UTC 2019 /home/travis/build/icyphy/ptII/ptolemy/domains/continuous/test/auto/SinuBouncingBall.xml
----------------- Instantiating /home/travis/build/icyphy/ptII/ptolemy/domains/continuous/test/auto/SinuBouncingBall.xml
869 ms. Memory: 313344K Free: 229652K (73%)
----------------- Invoking toplevel() on ptolemy.moml.MoMLSimpleApplication@1d097ba
----------------- Done invoking toplevel() on ptolemy.moml.MoMLSimpleApplication@1d097ba
reloadAllAccessors: .SinuBouncingBall

===========================================================================================
----------------- testing Wed Nov 13 06:18:55 UTC 2019 /home/travis/build/icyphy/ptII/ptolemy/domains/continuous/test/auto/Sinusoid.xml
----------------- Instantiating /home/travis/build/icyphy/ptII/ptolemy/domains/continuous/test/auto/Sinusoid.xml
4 ms. Memory: 313344K Free: 225028K (72%)
----------------- Invoking toplevel() on ptolemy.moml.MoMLSimpleApplication@167a520b
----------------- Done invoking toplevel() on ptolemy.moml.MoMLSimpleApplication@167a520b
reloadAllAccessors: .Sinusoid

===========================================================================================
----------------- testing Wed Nov 13 06:18:55 UTC 2019 /home/travis/build/icyphy/ptII/ptolemy/domains/continuous/test/auto/SinusoidInNoise.xml
----------------- Instantiating /home/travis/build/icyphy/ptII/ptolemy/domains/continuous/test/auto/SinusoidInNoise.xml
977 ms. Memory: 313344K Free: 275513K (88%)
----------------- Invoking toplevel() on ptolemy.moml.MoMLSimpleApplication@1eeddf40
----------------- Done invoking toplevel() on ptolemy.moml.MoMLSimpleApplication@1eeddf40
reloadAllAccessors: .SinusoidInNoise

===========================================================================================
----------------- testing Wed Nov 13 06:18:56 UTC 2019 /home/travis/build/icyphy/ptII/ptolemy/domains/continuous/test/auto/SinusoidRK45.xml
----------------- Instantiating /home/travis/build/icyphy/ptII/ptolemy/domains/continuous/test/auto/SinusoidRK45.xml
2 ms. Memory: 313344K Free: 270889K (86%)
----------------- Invoking toplevel() on ptolemy.moml.MoMLSimpleApplication@65578ec4
----------------- Done invoking toplevel() on ptolemy.moml.MoMLSimpleApplication@65578ec4
reloadAllAccessors: .SinusoidRK45

===========================================================================================
----------------- testing Wed Nov 13 06:18:56 UTC 2019 /home/travis/build/icyphy/ptII/ptolemy/domains/continuous/test/auto/SinusoidWithMultipleImpulses.xml
----------------- Instantiating /home/travis/build/icyphy/ptII/ptolemy/domains/continuous/test/auto/SinusoidWithMultipleImpulses.xml
3 ms. Memory: 313344K Free: 266297K (85%)
----------------- Invoking toplevel() on ptolemy.moml.MoMLSimpleApplication@13a6f661
----------------- Done invoking toplevel() on ptolemy.moml.MoMLSimpleApplication@13a6f661
reloadAllAccessors: .SinusoidWithMultipleImpulses

===========================================================================================
----------------- testing Wed Nov 13 06:18:56 UTC 2019 /home/travis/build/icyphy/ptII/ptolemy/domains/continuous/test/auto/SquareWave.xml
----------------- Instantiating /home/travis/build/icyphy/ptII/ptolemy/domains/continuous/test/auto/SquareWave.xml
161 ms. Memory: 313344K Free: 238649K (76%)
----------------- Invoking toplevel() on ptolemy.moml.MoMLSimpleApplication@2e0b2334
----------------- Done invoking toplevel() on ptolemy.moml.MoMLSimpleApplication@2e0b2334
reloadAllAccessors: .SquareWave

===========================================================================================
----------------- testing Wed Nov 13 06:18:57 UTC 2019 /home/travis/build/icyphy/ptII/ptolemy/domains/continuous/test/auto/Starmac.xml
----------------- Instantiating /home/travis/build/icyphy/ptII/ptolemy/domains/continuous/test/auto/Starmac.xml
3079 ms. Memory: 313344K Free: 117864K (38%)
----------------- Invoking toplevel() on ptolemy.moml.MoMLSimpleApplication@1a0c7997
----------------- Done invoking toplevel() on ptolemy.moml.MoMLSimpleApplication@1a0c7997
reloadAllAccessors: .Starmac

===========================================================================================
----------------- testing Wed Nov 13 06:19:00 UTC 2019 /home/travis/build/icyphy/ptII/ptolemy/domains/continuous/test/auto/StaticUnits.xml
----------------- Instantiating /home/travis/build/icyphy/ptII/ptolemy/domains/continuous/test/auto/StaticUnits.xml
2198 ms. Memory: 313344K Free: 213979K (68%)
----------------- Invoking toplevel() on ptolemy.moml.MoMLSimpleApplication@a3a263
----------------- Done invoking toplevel() on ptolemy.moml.MoMLSimpleApplication@a3a263
reloadAllAccessors: .StaticUnits

===========================================================================================
----------------- testing Wed Nov 13 06:19:03 UTC 2019 /home/travis/build/icyphy/ptII/ptolemy/domains/continuous/test/auto/StickyMasses.xml
----------------- Instantiating /home/travis/build/icyphy/ptII/ptolemy/domains/continuous/test/auto/StickyMasses.xml
137 ms. Memory: 313344K Free: 164317K (52%)
----------------- Invoking toplevel() on ptolemy.moml.MoMLSimpleApplication@1f0f1341
----------------- Done invoking toplevel() on ptolemy.moml.MoMLSimpleApplication@1f0f1341
reloadAllAccessors: .StickyMasses

===========================================================================================
----------------- testing Wed Nov 13 06:19:03 UTC 2019 /home/travis/build/icyphy/ptII/ptolemy/domains/continuous/test/auto/StopTime.xml
----------------- Instantiating /home/travis/build/icyphy/ptII/ptolemy/domains/continuous/test/auto/StopTime.xml
41 ms. Memory: 313344K Free: 139213K (44%)
----------------- Invoking toplevel() on ptolemy.moml.MoMLSimpleApplication@4a3a855b
----------------- Done invoking toplevel() on ptolemy.moml.MoMLSimpleApplication@4a3a855b
reloadAllAccessors: .StopTime

===========================================================================================
----------------- testing Wed Nov 13 06:19:03 UTC 2019 /home/travis/build/icyphy/ptII/ptolemy/domains/continuous/test/auto/StopTime2.xml
----------------- Instantiating /home/travis/build/icyphy/ptII/ptolemy/domains/continuous/test/auto/StopTime2.xml
36 ms. Memory: 313344K Free: 117213K (37%)
----------------- Invoking toplevel() on ptolemy.moml.MoMLSimpleApplication@7321d28d
----------------- Done invoking toplevel() on ptolemy.moml.MoMLSimpleApplication@7321d28d
reloadAllAccessors: .StopTime2

===========================================================================================
----------------- testing Wed Nov 13 06:19:03 UTC 2019 /home/travis/build/icyphy/ptII/ptolemy/domains/continuous/test/auto/Switch.xml
----------------- Instantiating /home/travis/build/icyphy/ptII/ptolemy/domains/continuous/test/auto/Switch.xml
41 ms. Memory: 313344K Free: 273870K (87%)
----------------- Invoking toplevel() on ptolemy.moml.MoMLSimpleApplication@238b1605
----------------- Done invoking toplevel() on ptolemy.moml.MoMLSimpleApplication@238b1605
reloadAllAccessors: .Switch

===========================================================================================
----------------- testing Wed Nov 13 06:19:03 UTC 2019 /home/travis/build/icyphy/ptII/ptolemy/domains/continuous/test/auto/Thermostat.xml
----------------- Instantiating /home/travis/build/icyphy/ptII/ptolemy/domains/continuous/test/auto/Thermostat.xml
191 ms. Memory: 313344K Free: 201687K (64%)
----------------- Invoking toplevel() on ptolemy.moml.MoMLSimpleApplication@7cc2b358
----------------- Done invoking toplevel() on ptolemy.moml.MoMLSimpleApplication@7cc2b358
reloadAllAccessors: .Thermostat

===========================================================================================
----------------- testing Wed Nov 13 06:19:04 UTC 2019 /home/travis/build/icyphy/ptII/ptolemy/domains/continuous/test/auto/TimeDelay.xml
----------------- Instantiating /home/travis/build/icyphy/ptII/ptolemy/domains/continuous/test/auto/TimeDelay.xml
5 ms. Memory: 313344K Free: 197077K (63%)
----------------- Invoking toplevel() on ptolemy.moml.MoMLSimpleApplication@4f8b2de1
----------------- Done invoking toplevel() on ptolemy.moml.MoMLSimpleApplication@4f8b2de1
reloadAllAccessors: .TimeDelay

===========================================================================================
----------------- testing Wed Nov 13 06:19:04 UTC 2019 /home/travis/build/icyphy/ptII/ptolemy/domains/continuous/test/auto/TimeDelay2.xml
----------------- Instantiating /home/travis/build/icyphy/ptII/ptolemy/domains/continuous/test/auto/TimeDelay2.xml
8 ms. Memory: 313344K Free: 186837K (60%)
----------------- Invoking toplevel() on ptolemy.moml.MoMLSimpleApplication@5f00475a
----------------- Done invoking toplevel() on ptolemy.moml.MoMLSimpleApplication@5f00475a
reloadAllAccessors: .TimeDelay2

===========================================================================================
----------------- testing Wed Nov 13 06:19:04 UTC 2019 /home/travis/build/icyphy/ptII/ptolemy/domains/continuous/test/auto/TimeDelay3.xml
----------------- Instantiating /home/travis/build/icyphy/ptII/ptolemy/domains/continuous/test/auto/TimeDelay3.xml
3 ms. Memory: 313344K Free: 182231K (58%)
----------------- Invoking toplevel() on ptolemy.moml.MoMLSimpleApplication@5dc59af5
----------------- Done invoking toplevel() on ptolemy.moml.MoMLSimpleApplication@5dc59af5
reloadAllAccessors: .TimeDelay3

===========================================================================================
----------------- testing Wed Nov 13 06:19:04 UTC 2019 /home/travis/build/icyphy/ptII/ptolemy/domains/continuous/test/auto/TransferAbsentToInside.xml
----------------- Instantiating /home/travis/build/icyphy/ptII/ptolemy/domains/continuous/test/auto/TransferAbsentToInside.xml
30 ms. Memory: 313344K Free: 130007K (41%)
----------------- Invoking toplevel() on ptolemy.moml.MoMLSimpleApplication@50c0e10a
----------------- Done invoking toplevel() on ptolemy.moml.MoMLSimpleApplication@50c0e10a
reloadAllAccessors: .TransferAbsentToInside

===========================================================================================
----------------- testing Wed Nov 13 06:19:04 UTC 2019 /home/travis/build/icyphy/ptII/ptolemy/domains/continuous/test/auto/Transmission.xml
----------------- Instantiating /home/travis/build/icyphy/ptII/ptolemy/domains/continuous/test/auto/Transmission.xml
814 ms. Memory: 313344K Free: 262082K (84%)
----------------- Invoking toplevel() on ptolemy.moml.MoMLSimpleApplication@128caf9c
----------------- Done invoking toplevel() on ptolemy.moml.MoMLSimpleApplication@128caf9c
reloadAllAccessors: .Transmission

===========================================================================================
----------------- testing Wed Nov 13 06:19:05 UTC 2019 /home/travis/build/icyphy/ptII/ptolemy/domains/continuous/test/auto/TriggeredContinuousClock.xml
----------------- Instantiating /home/travis/build/icyphy/ptII/ptolemy/domains/continuous/test/auto/TriggeredContinuousClock.xml
37 ms. Memory: 313344K Free: 232355K (74%)
----------------- Invoking toplevel() on ptolemy.moml.MoMLSimpleApplication@4a74b3e5
----------------- Done invoking toplevel() on ptolemy.moml.MoMLSimpleApplication@4a74b3e5
reloadAllAccessors: .TriggeredContinuousClock

===========================================================================================
----------------- testing Wed Nov 13 06:19:05 UTC 2019 /home/travis/build/icyphy/ptII/ptolemy/domains/continuous/test/auto/TwoMachineInfiniteBusControl.xml
----------------- Instantiating /home/travis/build/icyphy/ptII/ptolemy/domains/continuous/test/auto/TwoMachineInfiniteBusControl.xml
2767 ms. Memory: 313344K Free: 196477K (63%)
----------------- Invoking toplevel() on ptolemy.moml.MoMLSimpleApplication@4aa39f73
----------------- Done invoking toplevel() on ptolemy.moml.MoMLSimpleApplication@4aa39f73
reloadAllAccessors: .TwoMachineInfiniteBusControl

===========================================================================================
----------------- testing Wed Nov 13 06:19:08 UTC 2019 /home/travis/build/icyphy/ptII/ptolemy/domains/continuous/test/auto/V2V.xml
----------------- Instantiating /home/travis/build/icyphy/ptII/ptolemy/domains/continuous/test/auto/V2V.xml
894 ms. Memory: 313344K Free: 189320K (60%)
----------------- Invoking toplevel() on ptolemy.moml.MoMLSimpleApplication@18dba08a
----------------- Done invoking toplevel() on ptolemy.moml.MoMLSimpleApplication@18dba08a
reloadAllAccessors: .V2V

===========================================================================================
----------------- testing Wed Nov 13 06:19:09 UTC 2019 /home/travis/build/icyphy/ptII/ptolemy/domains/continuous/test/auto/hierarchicalModalModel.xml
----------------- Instantiating /home/travis/build/icyphy/ptII/ptolemy/domains/continuous/test/auto/hierarchicalModalModel.xml
9 ms. Memory: 313344K Free: 174984K (56%)
----------------- Invoking toplevel() on ptolemy.moml.MoMLSimpleApplication@28c2dfec
----------------- Done invoking toplevel() on ptolemy.moml.MoMLSimpleApplication@28c2dfec
reloadAllAccessors: .hierarchicalModalModel

===========================================================================================
----------------- testing Wed Nov 13 06:19:09 UTC 2019 /home/travis/build/icyphy/ptII/ptolemy/domains/continuous/test/auto/hierarchicalModalModel1.xml
----------------- Instantiating /home/travis/build/icyphy/ptII/ptolemy/domains/continuous/test/auto/hierarchicalModalModel1.xml
9 ms. Memory: 313344K Free: 160648K (51%)
----------------- Invoking toplevel() on ptolemy.moml.MoMLSimpleApplication@40abdbe1
----------------- Done invoking toplevel() on ptolemy.moml.MoMLSimpleApplication@40abdbe1
reloadAllAccessors: .hierarchicalModalModel1

===========================================================================================
----------------- testing Wed Nov 13 06:19:09 UTC 2019 /home/travis/build/icyphy/ptII/ptolemy/domains/continuous/test/auto/hierarchicalModalModel2.xml
----------------- Instantiating /home/travis/build/icyphy/ptII/ptolemy/domains/continuous/test/auto/hierarchicalModalModel2.xml
7 ms. Memory: 313344K Free: 148360K (47%)
----------------- Invoking toplevel() on ptolemy.moml.MoMLSimpleApplication@3139a157
----------------- Done invoking toplevel() on ptolemy.moml.MoMLSimpleApplication@3139a157
reloadAllAccessors: .hierarchicalModalModel2

===========================================================================================
----------------- testing Wed Nov 13 06:19:09 UTC 2019 /home/travis/build/icyphy/ptII/ptolemy/domains/continuous/test/auto/hierarchicalModalModel3.xml
----------------- Instantiating /home/travis/build/icyphy/ptII/ptolemy/domains/continuous/test/auto/hierarchicalModalModel3.xml
6 ms. Memory: 313344K Free: 137606K (44%)
----------------- Invoking toplevel() on ptolemy.moml.MoMLSimpleApplication@6e5c31c8
----------------- Done invoking toplevel() on ptolemy.moml.MoMLSimpleApplication@6e5c31c8
reloadAllAccessors: .hierarchicalModalModel3

===========================================================================================
----------------- testing Wed Nov 13 06:19:09 UTC 2019 /home/travis/build/icyphy/ptII/ptolemy/domains/continuous/test/auto/hierarchicalModalModel4.xml
----------------- Instantiating /home/travis/build/icyphy/ptII/ptolemy/domains/continuous/test/auto/hierarchicalModalModel4.xml
5 ms. Memory: 313344K Free: 125832K (40%)
----------------- Invoking toplevel() on ptolemy.moml.MoMLSimpleApplication@69e21a02
----------------- Done invoking toplevel() on ptolemy.moml.MoMLSimpleApplication@69e21a02
reloadAllAccessors: .hierarchicalModalModel4

===========================================================================================
----------------- testing Wed Nov 13 06:19:09 UTC 2019 /home/travis/build/icyphy/ptII/ptolemy/domains/continuous/test/auto/junk.xml
----------------- Instantiating /home/travis/build/icyphy/ptII/ptolemy/domains/continuous/test/auto/junk.xml
167 ms. Memory: 313344K Free: 281314K (90%)
----------------- Invoking toplevel() on ptolemy.moml.MoMLSimpleApplication@4908ed54
----------------- Done invoking toplevel() on ptolemy.moml.MoMLSimpleApplication@4908ed54
reloadAllAccessors: .junk
AutoTests.java: About to close Vertx.
AutoTests.java: Vertx closed.
]]></system-out>
  <system-err><![CDATA[Warning: '.IncreasingRatePoisson.NonStrictTest' The test produced only 368 tokens, yet the correctValues parameter was expecting 402 tokens.
Warning: '.Poisson.NonStrictTest' The test produced only 393 tokens, yet the correctValues parameter was expecting 430 tokens.
]]></system-err>
</testsuite>
