<?xml version="1.0" encoding="UTF-8" ?>
<testsuite errors="0" failures="0" hostname="travis-job-693c43e4-6da6-4ea6-a621-80df302036a1" name="ptolemy.domains.continuous.test.junit.JUnitTclTest" skipped="0" tests="156" time="78.995" timestamp="2019-06-21T11:12:51">
  <properties>
[...]
</properties>
  <testcase classname="ptolemy.util.test.junit.TclTests" name="[0] ThereAreNoTclTests (RunTclFile)" time="0.009" />
  <testcase classname="ptolemy.util.test.junit.AutoKnownFailedTests" name="[0] ThereAreNoKnowFailedTests (RunModel)" time="0.007" />
  <testcase classname="ptolemy.util.test.junit.AutoNameArchTests" name="[0] ThereAreNoAutoArchTests (RunModel)" time="0.023" />
  <testcase classname="ptolemy.util.test.junit.AutoTests" name="[0] /home/travis/build/icyphy/ptII/ptolemy/domains/continuous/test/auto/BouncingBall.xml (RunModel)" time="3.451" />
  <testcase classname="ptolemy.util.test.junit.AutoTests" name="[1] /home/travis/build/icyphy/ptII/ptolemy/domains/continuous/test/auto/BouncingBallWithoutGR.xml (RunModel)" time="1.08" />
  <testcase classname="ptolemy.util.test.junit.AutoTests" name="[2] /home/travis/build/icyphy/ptII/ptolemy/domains/continuous/test/auto/Brownian.xml (RunModel)" time="0.116" />
  <testcase classname="ptolemy.util.test.junit.AutoTests" name="[3] /home/travis/build/icyphy/ptII/ptolemy/domains/continuous/test/auto/CarTracking.xml (RunModel)" time="4.197" />
  <testcase classname="ptolemy.util.test.junit.AutoTests" name="[4] /home/travis/build/icyphy/ptII/ptolemy/domains/continuous/test/auto/CartPendulum.xml (RunModel)" time="0.582" />
  <testcase classname="ptolemy.util.test.junit.AutoTests" name="[5] /home/travis/build/icyphy/ptII/ptolemy/domains/continuous/test/auto/CausalityInterface10.xml (RunModel)" time="0.059" />
  <testcase classname="ptolemy.util.test.junit.AutoTests" name="[6] /home/travis/build/icyphy/ptII/ptolemy/domains/continuous/test/auto/CausalityInterface11.xml (RunModel)" time="0.033" />
  <testcase classname="ptolemy.util.test.junit.AutoTests" name="[7] /home/travis/build/icyphy/ptII/ptolemy/domains/continuous/test/auto/CausalityInterface12.xml (RunModel)" time="0.04" />
  <testcase classname="ptolemy.util.test.junit.AutoTests" name="[8] /home/travis/build/icyphy/ptII/ptolemy/domains/continuous/test/auto/CausalityInterface13.xml (RunModel)" time="0.035" />
  <testcase classname="ptolemy.util.test.junit.AutoTests" name="[9] /home/travis/build/icyphy/ptII/ptolemy/domains/continuous/test/auto/CausalityInterface14.xml (RunModel)" time="0.027" />
  <testcase classname="ptolemy.util.test.junit.AutoTests" name="[10] /home/travis/build/icyphy/ptII/ptolemy/domains/continuous/test/auto/CausalityInterface4.xml (RunModel)" time="0.032" />
  <testcase classname="ptolemy.util.test.junit.AutoTests" name="[11] /home/travis/build/icyphy/ptII/ptolemy/domains/continuous/test/auto/CausalityInterface5.xml (RunModel)" time="0.04" />
  <testcase classname="ptolemy.util.test.junit.AutoTests" name="[12] /home/travis/build/icyphy/ptII/ptolemy/domains/continuous/test/auto/CausalityInterface6.xml (RunModel)" time="0.031" />
  <testcase classname="ptolemy.util.test.junit.AutoTests" name="[13] /home/travis/build/icyphy/ptII/ptolemy/domains/continuous/test/auto/CausalityInterface7.xml (RunModel)" time="0.046" />
  <testcase classname="ptolemy.util.test.junit.AutoTests" name="[14] /home/travis/build/icyphy/ptII/ptolemy/domains/continuous/test/auto/CausalityInterface8.xml (RunModel)" time="0.043" />
  <testcase classname="ptolemy.util.test.junit.AutoTests" name="[15] /home/travis/build/icyphy/ptII/ptolemy/domains/continuous/test/auto/CausalityInterface9.xml (RunModel)" time="0.04" />
  <testcase classname="ptolemy.util.test.junit.AutoTests" name="[16] /home/travis/build/icyphy/ptII/ptolemy/domains/continuous/test/auto/CausalityInterfaceFeedback1.xml (RunModel)" time="0.034" />
  <testcase classname="ptolemy.util.test.junit.AutoTests" name="[17] /home/travis/build/icyphy/ptII/ptolemy/domains/continuous/test/auto/CausalityInterfaceFeedback2.xml (RunModel)" time="0.04" />
  <testcase classname="ptolemy.util.test.junit.AutoTests" name="[18] /home/travis/build/icyphy/ptII/ptolemy/domains/continuous/test/auto/CompareWithCurrentTime.xml (RunModel)" time="0.03" />
  <testcase classname="ptolemy.util.test.junit.AutoTests" name="[19] /home/travis/build/icyphy/ptII/ptolemy/domains/continuous/test/auto/ComparedClocks.xml (RunModel)" time="0.072" />
  <testcase classname="ptolemy.util.test.junit.AutoTests" name="[20] /home/travis/build/icyphy/ptII/ptolemy/domains/continuous/test/auto/ContinuousAOCClone.xml (RunModel)" time="2.67" />
  <testcase classname="ptolemy.util.test.junit.AutoTests" name="[21] /home/travis/build/icyphy/ptII/ptolemy/domains/continuous/test/auto/ContinuousClock.xml (RunModel)" time="0.101" />
  <testcase classname="ptolemy.util.test.junit.AutoTests" name="[22] /home/travis/build/icyphy/ptII/ptolemy/domains/continuous/test/auto/ContinuousInContinuous.xml (RunModel)" time="0.097" />
  <testcase classname="ptolemy.util.test.junit.AutoTests" name="[23] /home/travis/build/icyphy/ptII/ptolemy/domains/continuous/test/auto/ContinuousInContinuousInContinuous.xml (RunModel)" time="0.03" />
  <testcase classname="ptolemy.util.test.junit.AutoTests" name="[24] /home/travis/build/icyphy/ptII/ptolemy/domains/continuous/test/auto/ContinuousInDE.xml (RunModel)" time="0.132" />
  <testcase classname="ptolemy.util.test.junit.AutoTests" name="[25] /home/travis/build/icyphy/ptII/ptolemy/domains/continuous/test/auto/ContinuousInDE2.xml (RunModel)" time="0.05" />
  <testcase classname="ptolemy.util.test.junit.AutoTests" name="[26] /home/travis/build/icyphy/ptII/ptolemy/domains/continuous/test/auto/ContinuousInDE3.xml (RunModel)" time="0.057" />
  <testcase classname="ptolemy.util.test.junit.AutoTests" name="[27] /home/travis/build/icyphy/ptII/ptolemy/domains/continuous/test/auto/ContinuousInDE4.xml (RunModel)" time="0.041" />
  <testcase classname="ptolemy.util.test.junit.AutoTests" name="[28] /home/travis/build/icyphy/ptII/ptolemy/domains/continuous/test/auto/ContinuousInDEDifferentRefinements.xml (RunModel)" time="0.147" />
  <testcase classname="ptolemy.util.test.junit.AutoTests" name="[29] /home/travis/build/icyphy/ptII/ptolemy/domains/continuous/test/auto/ContinuousInDEDifferentRefinementsPreemptive.xml (RunModel)" time="0.113" />
  <testcase classname="ptolemy.util.test.junit.AutoTests" name="[30] /home/travis/build/icyphy/ptII/ptolemy/domains/continuous/test/auto/ContinuousInDEInContinuous2.xml (RunModel)" time="0.063" />
  <testcase classname="ptolemy.util.test.junit.AutoTests" name="[31] /home/travis/build/icyphy/ptII/ptolemy/domains/continuous/test/auto/ContinuousInDEInContinuous3.xml (RunModel)" time="0.071" />
  <testcase classname="ptolemy.util.test.junit.AutoTests" name="[32] /home/travis/build/icyphy/ptII/ptolemy/domains/continuous/test/auto/ContinuousInDEInput.xml (RunModel)" time="0.04" />
  <testcase classname="ptolemy.util.test.junit.AutoTests" name="[33] /home/travis/build/icyphy/ptII/ptolemy/domains/continuous/test/auto/ContinuousInDEInput2.xml (RunModel)" time="0.035" />
  <testcase classname="ptolemy.util.test.junit.AutoTests" name="[34] /home/travis/build/icyphy/ptII/ptolemy/domains/continuous/test/auto/ContinuousInDEInput3.xml (RunModel)" time="0.034" />
  <testcase classname="ptolemy.util.test.junit.AutoTests" name="[35] /home/travis/build/icyphy/ptII/ptolemy/domains/continuous/test/auto/ContinuousInDESharingRefinement.xml (RunModel)" time="0.18" />
  <testcase classname="ptolemy.util.test.junit.AutoTests" name="[36] /home/travis/build/icyphy/ptII/ptolemy/domains/continuous/test/auto/ContinuousInDEwithNoPorts.xml (RunModel)" time="0.019" />
  <testcase classname="ptolemy.util.test.junit.AutoTests" name="[37] /home/travis/build/icyphy/ptII/ptolemy/domains/continuous/test/auto/ContinuousInsideDE.xml (RunModel)" time="0.082" />
  <testcase classname="ptolemy.util.test.junit.AutoTests" name="[38] /home/travis/build/icyphy/ptII/ptolemy/domains/continuous/test/auto/ContinuousMerge1.xml (RunModel)" time="0.028" />
  <testcase classname="ptolemy.util.test.junit.AutoTests" name="[39] /home/travis/build/icyphy/ptII/ptolemy/domains/continuous/test/auto/ContinuousMerge2.xml (RunModel)" time="0.059" />
  <testcase classname="ptolemy.util.test.junit.AutoTests" name="[40] /home/travis/build/icyphy/ptII/ptolemy/domains/continuous/test/auto/ContinuousMerge3.xml (RunModel)" time="0.07" />
  <testcase classname="ptolemy.util.test.junit.AutoTests" name="[41] /home/travis/build/icyphy/ptII/ptolemy/domains/continuous/test/auto/ContinuousWithinContinuous.xml (RunModel)" time="0.059" />
  <testcase classname="ptolemy.util.test.junit.AutoTests" name="[42] /home/travis/build/icyphy/ptII/ptolemy/domains/continuous/test/auto/ContinuousWithinContinuous2.xml (RunModel)" time="0.094" />
  <testcase classname="ptolemy.util.test.junit.AutoTests" name="[43] /home/travis/build/icyphy/ptII/ptolemy/domains/continuous/test/auto/ContinuousWithinContinuous3.xml (RunModel)" time="0.032" />
  <testcase classname="ptolemy.util.test.junit.AutoTests" name="[44] /home/travis/build/icyphy/ptII/ptolemy/domains/continuous/test/auto/ContinuousWithinContinuous4.xml (RunModel)" time="0.089" />
  <testcase classname="ptolemy.util.test.junit.AutoTests" name="[45] /home/travis/build/icyphy/ptII/ptolemy/domains/continuous/test/auto/ContinuousWithinContinuous5.xml (RunModel)" time="0.036" />
  <testcase classname="ptolemy.util.test.junit.AutoTests" name="[46] /home/travis/build/icyphy/ptII/ptolemy/domains/continuous/test/auto/ContinuousWithinContinuous6.xml (RunModel)" time="0.033" />
  <testcase classname="ptolemy.util.test.junit.AutoTests" name="[47] /home/travis/build/icyphy/ptII/ptolemy/domains/continuous/test/auto/ContinuousWithinContinuous7.xml (RunModel)" time="0.078" />
  <testcase classname="ptolemy.util.test.junit.AutoTests" name="[48] /home/travis/build/icyphy/ptII/ptolemy/domains/continuous/test/auto/DCMotor.xml (RunModel)" time="14.695" />
  <testcase classname="ptolemy.util.test.junit.AutoTests" name="[49] /home/travis/build/icyphy/ptII/ptolemy/domains/continuous/test/auto/DEInContinuous.xml (RunModel)" time="0.044" />
  <testcase classname="ptolemy.util.test.junit.AutoTests" name="[50] /home/travis/build/icyphy/ptII/ptolemy/domains/continuous/test/auto/DEinContinuous2.xml (RunModel)" time="0.047" />
  <testcase classname="ptolemy.util.test.junit.AutoTests" name="[51] /home/travis/build/icyphy/ptII/ptolemy/domains/continuous/test/auto/Derivative.xml (RunModel)" time="0.204" />
  <testcase classname="ptolemy.util.test.junit.AutoTests" name="[52] /home/travis/build/icyphy/ptII/ptolemy/domains/continuous/test/auto/Derivative1.xml (RunModel)" time="0.054" />
  <testcase classname="ptolemy.util.test.junit.AutoTests" name="[53] /home/travis/build/icyphy/ptII/ptolemy/domains/continuous/test/auto/DiscreteClock.xml (RunModel)" time="0.023" />
  <testcase classname="ptolemy.util.test.junit.AutoTests" name="[54] /home/travis/build/icyphy/ptII/ptolemy/domains/continuous/test/auto/EfficiencyCurve.xml (RunModel)" time="0.095" />
  <testcase classname="ptolemy.util.test.junit.AutoTests" name="[55] /home/travis/build/icyphy/ptII/ptolemy/domains/continuous/test/auto/ExponentialResponse.xml (RunModel)" time="0.116" />
  <testcase classname="ptolemy.util.test.junit.AutoTests" name="[56] /home/travis/build/icyphy/ptII/ptolemy/domains/continuous/test/auto/ExponentialResponseRK45.xml (RunModel)" time="0.036" />
  <testcase classname="ptolemy.util.test.junit.AutoTests" name="[57] /home/travis/build/icyphy/ptII/ptolemy/domains/continuous/test/auto/Friction.xml (RunModel)" time="1.587" />
  <testcase classname="ptolemy.util.test.junit.AutoTests" name="[58] /home/travis/build/icyphy/ptII/ptolemy/domains/continuous/test/auto/FurutaPendulum.xml (RunModel)" time="3.433" />
  <testcase classname="ptolemy.util.test.junit.AutoTests" name="[59] /home/travis/build/icyphy/ptII/ptolemy/domains/continuous/test/auto/HierarchicalExecution.xml (RunModel)" time="2.395" />
  <testcase classname="ptolemy.util.test.junit.AutoTests" name="[60] /home/travis/build/icyphy/ptII/ptolemy/domains/continuous/test/auto/HybridPlant.xml (RunModel)" time="0.627" />
  <testcase classname="ptolemy.util.test.junit.AutoTests" name="[61] /home/travis/build/icyphy/ptII/ptolemy/domains/continuous/test/auto/Hysteresis.xml (RunModel)" time="0.192" />
  <testcase classname="ptolemy.util.test.junit.AutoTests" name="[62] /home/travis/build/icyphy/ptII/ptolemy/domains/continuous/test/auto/HysteresisWithRandomDelay.xml (RunModel)" time="0.224" />
  <testcase classname="ptolemy.util.test.junit.AutoTests" name="[63] /home/travis/build/icyphy/ptII/ptolemy/domains/continuous/test/auto/HysteresisWithRandomLosses.xml (RunModel)" time="2.498" />
  <testcase classname="ptolemy.util.test.junit.AutoTests" name="[64] /home/travis/build/icyphy/ptII/ptolemy/domains/continuous/test/auto/ImmediateTransitions.xml (RunModel)" time="0.037" />
  <testcase classname="ptolemy.util.test.junit.AutoTests" name="[65] /home/travis/build/icyphy/ptII/ptolemy/domains/continuous/test/auto/ImpulseFeedback.xml (RunModel)" time="0.019" />
  <testcase classname="ptolemy.util.test.junit.AutoTests" name="[66] /home/travis/build/icyphy/ptII/ptolemy/domains/continuous/test/auto/ImpulseFeedback2.xml (RunModel)" time="0.023" />
  <testcase classname="ptolemy.util.test.junit.AutoTests" name="[67] /home/travis/build/icyphy/ptII/ptolemy/domains/continuous/test/auto/IncreasingRatePoisson.xml (RunModel)" time="0.744" />
  <testcase classname="ptolemy.util.test.junit.AutoTests" name="[68] /home/travis/build/icyphy/ptII/ptolemy/domains/continuous/test/auto/InitialStateFeedback.xml (RunModel)" time="0.021" />
  <testcase classname="ptolemy.util.test.junit.AutoTests" name="[69] /home/travis/build/icyphy/ptII/ptolemy/domains/continuous/test/auto/Integration.xml (RunModel)" time="0.015" />
  <testcase classname="ptolemy.util.test.junit.AutoTests" name="[70] /home/travis/build/icyphy/ptII/ptolemy/domains/continuous/test/auto/Integration2.xml (RunModel)" time="0.101" />
  <testcase classname="ptolemy.util.test.junit.AutoTests" name="[71] /home/travis/build/icyphy/ptII/ptolemy/domains/continuous/test/auto/Integration3.xml (RunModel)" time="0.016" />
  <testcase classname="ptolemy.util.test.junit.AutoTests" name="[72] /home/travis/build/icyphy/ptII/ptolemy/domains/continuous/test/auto/Integration5.xml (RunModel)" time="0.01" />
  <testcase classname="ptolemy.util.test.junit.AutoTests" name="[73] /home/travis/build/icyphy/ptII/ptolemy/domains/continuous/test/auto/IntegratorImpulse.xml (RunModel)" time="0.01" />
  <testcase classname="ptolemy.util.test.junit.AutoTests" name="[74] /home/travis/build/icyphy/ptII/ptolemy/domains/continuous/test/auto/IntegratorImpulse2.xml (RunModel)" time="0.021" />
  <testcase classname="ptolemy.util.test.junit.AutoTests" name="[75] /home/travis/build/icyphy/ptII/ptolemy/domains/continuous/test/auto/LevelCrossing1.xml (RunModel)" time="0.013" />
  <testcase classname="ptolemy.util.test.junit.AutoTests" name="[76] /home/travis/build/icyphy/ptII/ptolemy/domains/continuous/test/auto/LevelCrossing2.xml (RunModel)" time="0.015" />
  <testcase classname="ptolemy.util.test.junit.AutoTests" name="[77] /home/travis/build/icyphy/ptII/ptolemy/domains/continuous/test/auto/LevelCrossing3.xml (RunModel)" time="0.016" />
  <testcase classname="ptolemy.util.test.junit.AutoTests" name="[78] /home/travis/build/icyphy/ptII/ptolemy/domains/continuous/test/auto/LevelCrossing4.xml (RunModel)" time="0.018" />
  <testcase classname="ptolemy.util.test.junit.AutoTests" name="[79] /home/travis/build/icyphy/ptII/ptolemy/domains/continuous/test/auto/LevelCrossing5.xml (RunModel)" time="0.018" />
  <testcase classname="ptolemy.util.test.junit.AutoTests" name="[80] /home/travis/build/icyphy/ptII/ptolemy/domains/continuous/test/auto/LevelCrossing6.xml (RunModel)" time="0.015" />
  <testcase classname="ptolemy.util.test.junit.AutoTests" name="[81] /home/travis/build/icyphy/ptII/ptolemy/domains/continuous/test/auto/LevelCrossingDetector.xml (RunModel)" time="0.039" />
  <testcase classname="ptolemy.util.test.junit.AutoTests" name="[82] /home/travis/build/icyphy/ptII/ptolemy/domains/continuous/test/auto/LevelCrossingDetectorDetectingDirections.xml (RunModel)" time="0.097" />
  <testcase classname="ptolemy.util.test.junit.AutoTests" name="[83] /home/travis/build/icyphy/ptII/ptolemy/domains/continuous/test/auto/LevelCrossingDetectorDetectsGlitches.xml (RunModel)" time="0.065" />
  <testcase classname="ptolemy.util.test.junit.AutoTests" name="[84] /home/travis/build/icyphy/ptII/ptolemy/domains/continuous/test/auto/LevelCrossingNoInitialOuput.xml (RunModel)" time="0.017" />
  <testcase classname="ptolemy.util.test.junit.AutoTests" name="[85] /home/travis/build/icyphy/ptII/ptolemy/domains/continuous/test/auto/LinearStateSpaceExample.xml (RunModel)" time="0.077" />
  <testcase classname="ptolemy.util.test.junit.AutoTests" name="[86] /home/travis/build/icyphy/ptII/ptolemy/domains/continuous/test/auto/Lorenz.xml (RunModel)" time="4.039" />
  <testcase classname="ptolemy.util.test.junit.AutoTests" name="[87] /home/travis/build/icyphy/ptII/ptolemy/domains/continuous/test/auto/LorenzDifferentialSystem.xml (RunModel)" time="1.141" />
  <testcase classname="ptolemy.util.test.junit.AutoTests" name="[88] /home/travis/build/icyphy/ptII/ptolemy/domains/continuous/test/auto/LorenzDifferentialSystemWithInput.xml (RunModel)" time="1.425" />
  <testcase classname="ptolemy.util.test.junit.AutoTests" name="[89] /home/travis/build/icyphy/ptII/ptolemy/domains/continuous/test/auto/LorenzDifferentialSystemWithTime.xml (RunModel)" time="0.868" />
  <testcase classname="ptolemy.util.test.junit.AutoTests" name="[90] /home/travis/build/icyphy/ptII/ptolemy/domains/continuous/test/auto/Microsteps.xml (RunModel)" time="0.019" />
  <testcase classname="ptolemy.util.test.junit.AutoTests" name="[91] /home/travis/build/icyphy/ptII/ptolemy/domains/continuous/test/auto/Modal1.xml (RunModel)" time="0.046" />
  <testcase classname="ptolemy.util.test.junit.AutoTests" name="[92] /home/travis/build/icyphy/ptII/ptolemy/domains/continuous/test/auto/Modal2.xml (RunModel)" time="0.053" />
  <testcase classname="ptolemy.util.test.junit.AutoTests" name="[93] /home/travis/build/icyphy/ptII/ptolemy/domains/continuous/test/auto/ModalTransitionGuardWithReset.xml (RunModel)" time="0.039" />
  <testcase classname="ptolemy.util.test.junit.AutoTests" name="[94] /home/travis/build/icyphy/ptII/ptolemy/domains/continuous/test/auto/ModalTransitionGuardWithResetUsingPreemptiveTransition.xml (RunModel)" time="0.034" />
  <testcase classname="ptolemy.util.test.junit.AutoTests" name="[95] /home/travis/build/icyphy/ptII/ptolemy/domains/continuous/test/auto/ModalTransitionGuardWithResetUsingPreemptiveTransition2.xml (RunModel)" time="0.035" />
  <testcase classname="ptolemy.util.test.junit.AutoTests" name="[96] /home/travis/build/icyphy/ptII/ptolemy/domains/continuous/test/auto/ModalTransitionGuardWithResetUsingPreemptiveTransition3.xml (RunModel)" time="0.027" />
  <testcase classname="ptolemy.util.test.junit.AutoTests" name="[97] /home/travis/build/icyphy/ptII/ptolemy/domains/continuous/test/auto/NewtonsCradle.xml (RunModel)" time="0.852" />
  <testcase classname="ptolemy.util.test.junit.AutoTests" name="[98] /home/travis/build/icyphy/ptII/ptolemy/domains/continuous/test/auto/NewtonsCradleAnimated.xml (RunModel)" time="1.362" />
  <testcase classname="ptolemy.util.test.junit.AutoTests" name="[99] /home/travis/build/icyphy/ptII/ptolemy/domains/continuous/test/auto/NewtonsCradleComplicated.xml (RunModel)" time="0.97" />
  <testcase classname="ptolemy.util.test.junit.AutoTests" name="[100] /home/travis/build/icyphy/ptII/ptolemy/domains/continuous/test/auto/NewtonsCradleNondeterministic.xml (RunModel)" time="0.729" />
  <testcase classname="ptolemy.util.test.junit.AutoTests" name="[101] /home/travis/build/icyphy/ptII/ptolemy/domains/continuous/test/auto/NewtonsCradlePerfectlyInelastic1.xml (RunModel)" time="1.302" />
  <testcase classname="ptolemy.util.test.junit.AutoTests" name="[102] /home/travis/build/icyphy/ptII/ptolemy/domains/continuous/test/auto/Noise.xml (RunModel)" time="0.191" />
  <testcase classname="ptolemy.util.test.junit.AutoTests" name="[103] /home/travis/build/icyphy/ptII/ptolemy/domains/continuous/test/auto/NoiseSpectrum.xml (RunModel)" time="0.835" />
  <testcase classname="ptolemy.util.test.junit.AutoTests" name="[104] /home/travis/build/icyphy/ptII/ptolemy/domains/continuous/test/auto/ParameterizedNewtonsCradleAnimated.xml (RunModel)" time="0.424" />
  <testcase classname="ptolemy.util.test.junit.AutoTests" name="[105] /home/travis/build/icyphy/ptII/ptolemy/domains/continuous/test/auto/ParameterizedNewtonsCradleAnimatedNondeterministic.xml (RunModel)" time="1.27" />
  <testcase classname="ptolemy.util.test.junit.AutoTests" name="[106] /home/travis/build/icyphy/ptII/ptolemy/domains/continuous/test/auto/Pendulum3D.xml (RunModel)" time="0.182" />
  <testcase classname="ptolemy.util.test.junit.AutoTests" name="[107] /home/travis/build/icyphy/ptII/ptolemy/domains/continuous/test/auto/PeriodicSampler.xml (RunModel)" time="0.013" />
  <testcase classname="ptolemy.util.test.junit.AutoTests" name="[108] /home/travis/build/icyphy/ptII/ptolemy/domains/continuous/test/auto/PeriodicSampler1.xml (RunModel)" time="0.047" />
  <testcase classname="ptolemy.util.test.junit.AutoTests" name="[109] /home/travis/build/icyphy/ptII/ptolemy/domains/continuous/test/auto/PeriodicSampler2.xml (RunModel)" time="0.075" />
  <testcase classname="ptolemy.util.test.junit.AutoTests" name="[110] /home/travis/build/icyphy/ptII/ptolemy/domains/continuous/test/auto/Poisson.xml (RunModel)" time="0.48" />
  <testcase classname="ptolemy.util.test.junit.AutoTests" name="[111] /home/travis/build/icyphy/ptII/ptolemy/domains/continuous/test/auto/PoissonClock.xml (RunModel)" time="0.013" />
  <testcase classname="ptolemy.util.test.junit.AutoTests" name="[112] /home/travis/build/icyphy/ptII/ptolemy/domains/continuous/test/auto/PoissonClock2.xml (RunModel)" time="0.013" />
  <testcase classname="ptolemy.util.test.junit.AutoTests" name="[113] /home/travis/build/icyphy/ptII/ptolemy/domains/continuous/test/auto/PortParameterHierarchy.xml (RunModel)" time="0.025" />
  <testcase classname="ptolemy.util.test.junit.AutoTests" name="[114] /home/travis/build/icyphy/ptII/ptolemy/domains/continuous/test/auto/RandomHybridPlant.xml (RunModel)" time="0.547" />
  <testcase classname="ptolemy.util.test.junit.AutoTests" name="[115] /home/travis/build/icyphy/ptII/ptolemy/domains/continuous/test/auto/ResetTransitionWithStartTime1.xml (RunModel)" time="0.03" />
  <testcase classname="ptolemy.util.test.junit.AutoTests" name="[116] /home/travis/build/icyphy/ptII/ptolemy/domains/continuous/test/auto/ResetTransitionWithStartTime2.xml (RunModel)" time="0.037" />
  <testcase classname="ptolemy.util.test.junit.AutoTests" name="[117] /home/travis/build/icyphy/ptII/ptolemy/domains/continuous/test/auto/ResetTransitionWithStartTime3.xml (RunModel)" time="0.048" />
  <testcase classname="ptolemy.util.test.junit.AutoTests" name="[118] /home/travis/build/icyphy/ptII/ptolemy/domains/continuous/test/auto/ResetTransitionWithStartTime4.xml (RunModel)" time="0.034" />
  <testcase classname="ptolemy.util.test.junit.AutoTests" name="[119] /home/travis/build/icyphy/ptII/ptolemy/domains/continuous/test/auto/ResetTransitionWithStartTime5.xml (RunModel)" time="0.037" />
  <testcase classname="ptolemy.util.test.junit.AutoTests" name="[120] /home/travis/build/icyphy/ptII/ptolemy/domains/continuous/test/auto/ResetTransitionWithStartTime6.xml (RunModel)" time="0.028" />
  <testcase classname="ptolemy.util.test.junit.AutoTests" name="[121] /home/travis/build/icyphy/ptII/ptolemy/domains/continuous/test/auto/SRinContinuous.xml (RunModel)" time="0.025" />
  <testcase classname="ptolemy.util.test.junit.AutoTests" name="[122] /home/travis/build/icyphy/ptII/ptolemy/domains/continuous/test/auto/SampledClocks.xml (RunModel)" time="0.035" />
  <testcase classname="ptolemy.util.test.junit.AutoTests" name="[123] /home/travis/build/icyphy/ptII/ptolemy/domains/continuous/test/auto/Satellite.xml (RunModel)" time="0.845" />
  <testcase classname="ptolemy.util.test.junit.AutoTests" name="[124] /home/travis/build/icyphy/ptII/ptolemy/domains/continuous/test/auto/SigmaDelta.xml (RunModel)" time="2.622" />
  <testcase classname="ptolemy.util.test.junit.AutoTests" name="[125] /home/travis/build/icyphy/ptII/ptolemy/domains/continuous/test/auto/SingleRefinement.xml (RunModel)" time="0.426" />
  <testcase classname="ptolemy.util.test.junit.AutoTests" name="[126] /home/travis/build/icyphy/ptII/ptolemy/domains/continuous/test/auto/SinuBouncingBall.xml (RunModel)" time="0.907" />
  <testcase classname="ptolemy.util.test.junit.AutoTests" name="[127] /home/travis/build/icyphy/ptII/ptolemy/domains/continuous/test/auto/Sinusoid.xml (RunModel)" time="0.021" />
  <testcase classname="ptolemy.util.test.junit.AutoTests" name="[128] /home/travis/build/icyphy/ptII/ptolemy/domains/continuous/test/auto/SinusoidInNoise.xml (RunModel)" time="1.156" />
  <testcase classname="ptolemy.util.test.junit.AutoTests" name="[129] /home/travis/build/icyphy/ptII/ptolemy/domains/continuous/test/auto/SinusoidRK45.xml (RunModel)" time="0.013" />
  <testcase classname="ptolemy.util.test.junit.AutoTests" name="[130] /home/travis/build/icyphy/ptII/ptolemy/domains/continuous/test/auto/SinusoidWithMultipleImpulses.xml (RunModel)" time="0.015" />
  <testcase classname="ptolemy.util.test.junit.AutoTests" name="[131] /home/travis/build/icyphy/ptII/ptolemy/domains/continuous/test/auto/SquareWave.xml (RunModel)" time="0.21" />
  <testcase classname="ptolemy.util.test.junit.AutoTests" name="[132] /home/travis/build/icyphy/ptII/ptolemy/domains/continuous/test/auto/Starmac.xml (RunModel)" time="3.408" />
  <testcase classname="ptolemy.util.test.junit.AutoTests" name="[133] /home/travis/build/icyphy/ptII/ptolemy/domains/continuous/test/auto/StaticUnits.xml (RunModel)" time="2.804" />
  <testcase classname="ptolemy.util.test.junit.AutoTests" name="[134] /home/travis/build/icyphy/ptII/ptolemy/domains/continuous/test/auto/StickyMasses.xml (RunModel)" time="0.218" />
  <testcase classname="ptolemy.util.test.junit.AutoTests" name="[135] /home/travis/build/icyphy/ptII/ptolemy/domains/continuous/test/auto/StopTime.xml (RunModel)" time="0.072" />
  <testcase classname="ptolemy.util.test.junit.AutoTests" name="[136] /home/travis/build/icyphy/ptII/ptolemy/domains/continuous/test/auto/StopTime2.xml (RunModel)" time="0.059" />
  <testcase classname="ptolemy.util.test.junit.AutoTests" name="[137] /home/travis/build/icyphy/ptII/ptolemy/domains/continuous/test/auto/Switch.xml (RunModel)" time="0.089" />
  <testcase classname="ptolemy.util.test.junit.AutoTests" name="[138] /home/travis/build/icyphy/ptII/ptolemy/domains/continuous/test/auto/Thermostat.xml (RunModel)" time="0.234" />
  <testcase classname="ptolemy.util.test.junit.AutoTests" name="[139] /home/travis/build/icyphy/ptII/ptolemy/domains/continuous/test/auto/TimeDelay.xml (RunModel)" time="0.015" />
  <testcase classname="ptolemy.util.test.junit.AutoTests" name="[140] /home/travis/build/icyphy/ptII/ptolemy/domains/continuous/test/auto/TimeDelay2.xml (RunModel)" time="0.027" />
  <testcase classname="ptolemy.util.test.junit.AutoTests" name="[141] /home/travis/build/icyphy/ptII/ptolemy/domains/continuous/test/auto/TimeDelay3.xml (RunModel)" time="0.013" />
  <testcase classname="ptolemy.util.test.junit.AutoTests" name="[142] /home/travis/build/icyphy/ptII/ptolemy/domains/continuous/test/auto/TransferAbsentToInside.xml (RunModel)" time="0.106" />
  <testcase classname="ptolemy.util.test.junit.AutoTests" name="[143] /home/travis/build/icyphy/ptII/ptolemy/domains/continuous/test/auto/Transmission.xml (RunModel)" time="0.825" />
  <testcase classname="ptolemy.util.test.junit.AutoTests" name="[144] /home/travis/build/icyphy/ptII/ptolemy/domains/continuous/test/auto/TriggeredContinuousClock.xml (RunModel)" time="0.072" />
  <testcase classname="ptolemy.util.test.junit.AutoTests" name="[145] /home/travis/build/icyphy/ptII/ptolemy/domains/continuous/test/auto/TwoMachineInfiniteBusControl.xml (RunModel)" time="3.016" />
  <testcase classname="ptolemy.util.test.junit.AutoTests" name="[146] /home/travis/build/icyphy/ptII/ptolemy/domains/continuous/test/auto/V2V.xml (RunModel)" time="0.896" />
  <testcase classname="ptolemy.util.test.junit.AutoTests" name="[147] /home/travis/build/icyphy/ptII/ptolemy/domains/continuous/test/auto/hierarchicalModalModel.xml (RunModel)" time="0.029" />
  <testcase classname="ptolemy.util.test.junit.AutoTests" name="[148] /home/travis/build/icyphy/ptII/ptolemy/domains/continuous/test/auto/hierarchicalModalModel1.xml (RunModel)" time="0.031" />
  <testcase classname="ptolemy.util.test.junit.AutoTests" name="[149] /home/travis/build/icyphy/ptII/ptolemy/domains/continuous/test/auto/hierarchicalModalModel2.xml (RunModel)" time="0.029" />
  <testcase classname="ptolemy.util.test.junit.AutoTests" name="[150] /home/travis/build/icyphy/ptII/ptolemy/domains/continuous/test/auto/hierarchicalModalModel3.xml (RunModel)" time="0.024" />
  <testcase classname="ptolemy.util.test.junit.AutoTests" name="[151] /home/travis/build/icyphy/ptII/ptolemy/domains/continuous/test/auto/hierarchicalModalModel4.xml (RunModel)" time="0.031" />
  <testcase classname="ptolemy.util.test.junit.AutoTests" name="[152] /home/travis/build/icyphy/ptII/ptolemy/domains/continuous/test/auto/junk.xml (RunModel)" time="0.155" />
  <system-out><![CDATA[No tcl tests in /home/travis/build/icyphy/ptII/ptolemy/domains/continuous/test
No auto/knownFailedTests/*.xml tests in /home/travis/build/icyphy/ptII/ptolemy/domains/continuous/test
No auto/linux-amd64/*.xml tests in /home/travis/build/icyphy/ptII/ptolemy/domains/continuous/test
AutoTests.java: About to close Vertx.
AutoTests.java: Vertx closed.

===========================================================================================
----------------- testing Fri Jun 21 11:12:51 UTC 2019 /home/travis/build/icyphy/ptII/ptolemy/domains/continuous/test/auto/BouncingBall.xml
----------------- Instantiating /home/travis/build/icyphy/ptII/ptolemy/domains/continuous/test/auto/BouncingBall.xml
2734 ms. Memory: 236544K Free: 207898K (88%)
----------------- Invoking toplevel() on ptolemy.moml.MoMLSimpleApplication@bcd282
----------------- Done invoking toplevel() on ptolemy.moml.MoMLSimpleApplication@bcd282
reloadAllAccessors: .BouncingBall

===========================================================================================
----------------- testing Fri Jun 21 11:12:55 UTC 2019 /home/travis/build/icyphy/ptII/ptolemy/domains/continuous/test/auto/BouncingBallWithoutGR.xml
----------------- Instantiating /home/travis/build/icyphy/ptII/ptolemy/domains/continuous/test/auto/BouncingBallWithoutGR.xml
935 ms. Memory: 236544K Free: 168565K (71%)
----------------- Invoking toplevel() on ptolemy.moml.MoMLSimpleApplication@2e98b427
----------------- Done invoking toplevel() on ptolemy.moml.MoMLSimpleApplication@2e98b427
reloadAllAccessors: .BouncingBallWithoutGR

===========================================================================================
----------------- testing Fri Jun 21 11:12:56 UTC 2019 /home/travis/build/icyphy/ptII/ptolemy/domains/continuous/test/auto/Brownian.xml
----------------- Instantiating /home/travis/build/icyphy/ptII/ptolemy/domains/continuous/test/auto/Brownian.xml
31 ms. Memory: 236544K Free: 159859K (68%)
----------------- Invoking toplevel() on ptolemy.moml.MoMLSimpleApplication@777cc53c
----------------- Done invoking toplevel() on ptolemy.moml.MoMLSimpleApplication@777cc53c
reloadAllAccessors: .Brownian

===========================================================================================
----------------- testing Fri Jun 21 11:12:56 UTC 2019 /home/travis/build/icyphy/ptII/ptolemy/domains/continuous/test/auto/CarTracking.xml
----------------- Instantiating /home/travis/build/icyphy/ptII/ptolemy/domains/continuous/test/auto/CarTracking.xml
3728 ms. Memory: 286720K Free: 129925K (45%)
----------------- Invoking toplevel() on ptolemy.moml.MoMLSimpleApplication@30273114
----------------- Done invoking toplevel() on ptolemy.moml.MoMLSimpleApplication@30273114
reloadAllAccessors: .CarTracking

===========================================================================================
----------------- testing Fri Jun 21 11:13:00 UTC 2019 /home/travis/build/icyphy/ptII/ptolemy/domains/continuous/test/auto/CartPendulum.xml
----------------- Instantiating /home/travis/build/icyphy/ptII/ptolemy/domains/continuous/test/auto/CartPendulum.xml
462 ms. Memory: 344064K Free: 264478K (77%)
----------------- Invoking toplevel() on ptolemy.moml.MoMLSimpleApplication@160664d
----------------- Done invoking toplevel() on ptolemy.moml.MoMLSimpleApplication@160664d
reloadAllAccessors: .CartPendulum

===========================================================================================
----------------- testing Fri Jun 21 11:13:01 UTC 2019 /home/travis/build/icyphy/ptII/ptolemy/domains/continuous/test/auto/CausalityInterface10.xml
----------------- Instantiating /home/travis/build/icyphy/ptII/ptolemy/domains/continuous/test/auto/CausalityInterface10.xml
12 ms. Memory: 344064K Free: 254151K (74%)
----------------- Invoking toplevel() on ptolemy.moml.MoMLSimpleApplication@73987d52
----------------- Done invoking toplevel() on ptolemy.moml.MoMLSimpleApplication@73987d52
reloadAllAccessors: .CausalityInterface10

===========================================================================================
----------------- testing Fri Jun 21 11:13:01 UTC 2019 /home/travis/build/icyphy/ptII/ptolemy/domains/continuous/test/auto/CausalityInterface11.xml
----------------- Instantiating /home/travis/build/icyphy/ptII/ptolemy/domains/continuous/test/auto/CausalityInterface11.xml
7 ms. Memory: 344064K Free: 248007K (72%)
----------------- Invoking toplevel() on ptolemy.moml.MoMLSimpleApplication@2eb39323
----------------- Done invoking toplevel() on ptolemy.moml.MoMLSimpleApplication@2eb39323
reloadAllAccessors: .CausalityInterface11

===========================================================================================
----------------- testing Fri Jun 21 11:13:01 UTC 2019 /home/travis/build/icyphy/ptII/ptolemy/domains/continuous/test/auto/CausalityInterface12.xml
----------------- Instantiating /home/travis/build/icyphy/ptII/ptolemy/domains/continuous/test/auto/CausalityInterface12.xml
11 ms. Memory: 344064K Free: 241863K (70%)
----------------- Invoking toplevel() on ptolemy.moml.MoMLSimpleApplication@5b4600e1
----------------- Done invoking toplevel() on ptolemy.moml.MoMLSimpleApplication@5b4600e1
reloadAllAccessors: .CausalityInterface12

===========================================================================================
----------------- testing Fri Jun 21 11:13:01 UTC 2019 /home/travis/build/icyphy/ptII/ptolemy/domains/continuous/test/auto/CausalityInterface13.xml
----------------- Instantiating /home/travis/build/icyphy/ptII/ptolemy/domains/continuous/test/auto/CausalityInterface13.xml
6 ms. Memory: 344064K Free: 235719K (69%)
----------------- Invoking toplevel() on ptolemy.moml.MoMLSimpleApplication@73151c3d
----------------- Done invoking toplevel() on ptolemy.moml.MoMLSimpleApplication@73151c3d
reloadAllAccessors: .CausalityInterface13

===========================================================================================
----------------- testing Fri Jun 21 11:13:01 UTC 2019 /home/travis/build/icyphy/ptII/ptolemy/domains/continuous/test/auto/CausalityInterface14.xml
----------------- Instantiating /home/travis/build/icyphy/ptII/ptolemy/domains/continuous/test/auto/CausalityInterface14.xml
4 ms. Memory: 344064K Free: 230085K (67%)
----------------- Invoking toplevel() on ptolemy.moml.MoMLSimpleApplication@65d09fe5
----------------- Done invoking toplevel() on ptolemy.moml.MoMLSimpleApplication@65d09fe5
reloadAllAccessors: .CausalityInterface14

===========================================================================================
----------------- testing Fri Jun 21 11:13:01 UTC 2019 /home/travis/build/icyphy/ptII/ptolemy/domains/continuous/test/auto/CausalityInterface4.xml
----------------- Instantiating /home/travis/build/icyphy/ptII/ptolemy/domains/continuous/test/auto/CausalityInterface4.xml
6 ms. Memory: 344064K Free: 223431K (65%)
----------------- Invoking toplevel() on ptolemy.moml.MoMLSimpleApplication@9fb9eb4
----------------- Done invoking toplevel() on ptolemy.moml.MoMLSimpleApplication@9fb9eb4
reloadAllAccessors: .CausalityInterface4

===========================================================================================
----------------- testing Fri Jun 21 11:13:01 UTC 2019 /home/travis/build/icyphy/ptII/ptolemy/domains/continuous/test/auto/CausalityInterface5.xml
----------------- Instantiating /home/travis/build/icyphy/ptII/ptolemy/domains/continuous/test/auto/CausalityInterface5.xml
4 ms. Memory: 344064K Free: 215239K (63%)
----------------- Invoking toplevel() on ptolemy.moml.MoMLSimpleApplication@5d677ac8
----------------- Done invoking toplevel() on ptolemy.moml.MoMLSimpleApplication@5d677ac8
reloadAllAccessors: .CausalityInterface5

===========================================================================================
----------------- testing Fri Jun 21 11:13:01 UTC 2019 /home/travis/build/icyphy/ptII/ptolemy/domains/continuous/test/auto/CausalityInterface6.xml
----------------- Instantiating /home/travis/build/icyphy/ptII/ptolemy/domains/continuous/test/auto/CausalityInterface6.xml
6 ms. Memory: 344064K Free: 210119K (61%)
----------------- Invoking toplevel() on ptolemy.moml.MoMLSimpleApplication@6e47de78
----------------- Done invoking toplevel() on ptolemy.moml.MoMLSimpleApplication@6e47de78
reloadAllAccessors: .CausalityInterface6

===========================================================================================
----------------- testing Fri Jun 21 11:13:01 UTC 2019 /home/travis/build/icyphy/ptII/ptolemy/domains/continuous/test/auto/CausalityInterface7.xml
----------------- Instantiating /home/travis/build/icyphy/ptII/ptolemy/domains/continuous/test/auto/CausalityInterface7.xml
12 ms. Memory: 344064K Free: 201413K (59%)
----------------- Invoking toplevel() on ptolemy.moml.MoMLSimpleApplication@63167374
----------------- Done invoking toplevel() on ptolemy.moml.MoMLSimpleApplication@63167374
reloadAllAccessors: .CausalityInterface7

===========================================================================================
----------------- testing Fri Jun 21 11:13:01 UTC 2019 /home/travis/build/icyphy/ptII/ptolemy/domains/continuous/test/auto/CausalityInterface8.xml
----------------- Instantiating /home/travis/build/icyphy/ptII/ptolemy/domains/continuous/test/auto/CausalityInterface8.xml
5 ms. Memory: 344064K Free: 192197K (56%)
----------------- Invoking toplevel() on ptolemy.moml.MoMLSimpleApplication@6736b8cb
----------------- Done invoking toplevel() on ptolemy.moml.MoMLSimpleApplication@6736b8cb
reloadAllAccessors: .CausalityInterface8

===========================================================================================
----------------- testing Fri Jun 21 11:13:01 UTC 2019 /home/travis/build/icyphy/ptII/ptolemy/domains/continuous/test/auto/CausalityInterface9.xml
----------------- Instantiating /home/travis/build/icyphy/ptII/ptolemy/domains/continuous/test/auto/CausalityInterface9.xml
5 ms. Memory: 344064K Free: 181447K (53%)
----------------- Invoking toplevel() on ptolemy.moml.MoMLSimpleApplication@1a3c4acf
----------------- Done invoking toplevel() on ptolemy.moml.MoMLSimpleApplication@1a3c4acf
reloadAllAccessors: .CausalityInterface9

===========================================================================================
----------------- testing Fri Jun 21 11:13:01 UTC 2019 /home/travis/build/icyphy/ptII/ptolemy/domains/continuous/test/auto/CausalityInterfaceFeedback1.xml
----------------- Instantiating /home/travis/build/icyphy/ptII/ptolemy/domains/continuous/test/auto/CausalityInterfaceFeedback1.xml
7 ms. Memory: 344064K Free: 174759K (51%)
----------------- Invoking toplevel() on ptolemy.moml.MoMLSimpleApplication@51a460c6
----------------- Done invoking toplevel() on ptolemy.moml.MoMLSimpleApplication@51a460c6
reloadAllAccessors: .CausalityInterfaceFeedback1

===========================================================================================
----------------- testing Fri Jun 21 11:13:01 UTC 2019 /home/travis/build/icyphy/ptII/ptolemy/domains/continuous/test/auto/CausalityInterfaceFeedback2.xml
----------------- Instantiating /home/travis/build/icyphy/ptII/ptolemy/domains/continuous/test/auto/CausalityInterfaceFeedback2.xml
6 ms. Memory: 344064K Free: 168135K (49%)
----------------- Invoking toplevel() on ptolemy.moml.MoMLSimpleApplication@1320cfc4
----------------- Done invoking toplevel() on ptolemy.moml.MoMLSimpleApplication@1320cfc4
reloadAllAccessors: .CausalityInterfaceFeedback2

===========================================================================================
----------------- testing Fri Jun 21 11:13:01 UTC 2019 /home/travis/build/icyphy/ptII/ptolemy/domains/continuous/test/auto/CompareWithCurrentTime.xml
----------------- Instantiating /home/travis/build/icyphy/ptII/ptolemy/domains/continuous/test/auto/CompareWithCurrentTime.xml
8 ms. Memory: 344064K Free: 164039K (48%)
----------------- Invoking toplevel() on ptolemy.moml.MoMLSimpleApplication@3e22cbbc
----------------- Done invoking toplevel() on ptolemy.moml.MoMLSimpleApplication@3e22cbbc
reloadAllAccessors: .CompareWithCurrentTime

===========================================================================================
----------------- testing Fri Jun 21 11:13:01 UTC 2019 /home/travis/build/icyphy/ptII/ptolemy/domains/continuous/test/auto/ComparedClocks.xml
----------------- Instantiating /home/travis/build/icyphy/ptII/ptolemy/domains/continuous/test/auto/ComparedClocks.xml
8 ms. Memory: 344064K Free: 148679K (43%)
----------------- Invoking toplevel() on ptolemy.moml.MoMLSimpleApplication@f2f1704
----------------- Done invoking toplevel() on ptolemy.moml.MoMLSimpleApplication@f2f1704
reloadAllAccessors: .ComparedClocks

===========================================================================================
----------------- testing Fri Jun 21 11:13:01 UTC 2019 /home/travis/build/icyphy/ptII/ptolemy/domains/continuous/test/auto/ContinuousAOCClone.xml
----------------- Instantiating /home/travis/build/icyphy/ptII/ptolemy/domains/continuous/test/auto/ContinuousAOCClone.xml
2476 ms. Memory: 344064K Free: 234312K (68%)
----------------- Invoking toplevel() on ptolemy.moml.MoMLSimpleApplication@11cd18e1
----------------- Done invoking toplevel() on ptolemy.moml.MoMLSimpleApplication@11cd18e1
reloadAllAccessors: .ContinuousAOCClone

===========================================================================================
----------------- testing Fri Jun 21 11:13:04 UTC 2019 /home/travis/build/icyphy/ptII/ptolemy/domains/continuous/test/auto/ContinuousClock.xml
----------------- Instantiating /home/travis/build/icyphy/ptII/ptolemy/domains/continuous/test/auto/ContinuousClock.xml
36 ms. Memory: 344064K Free: 212280K (62%)
----------------- Invoking toplevel() on ptolemy.moml.MoMLSimpleApplication@3c7af9ab
----------------- Done invoking toplevel() on ptolemy.moml.MoMLSimpleApplication@3c7af9ab
reloadAllAccessors: .ContinuousClock

===========================================================================================
----------------- testing Fri Jun 21 11:13:04 UTC 2019 /home/travis/build/icyphy/ptII/ptolemy/domains/continuous/test/auto/ContinuousInContinuous.xml
----------------- Instantiating /home/travis/build/icyphy/ptII/ptolemy/domains/continuous/test/auto/ContinuousInContinuous.xml
42 ms. Memory: 344064K Free: 188712K (55%)
----------------- Invoking toplevel() on ptolemy.moml.MoMLSimpleApplication@6e7e6dd3
----------------- Done invoking toplevel() on ptolemy.moml.MoMLSimpleApplication@6e7e6dd3
reloadAllAccessors: .ContinuousInContinuous

===========================================================================================
----------------- testing Fri Jun 21 11:13:04 UTC 2019 /home/travis/build/icyphy/ptII/ptolemy/domains/continuous/test/auto/ContinuousInContinuousInContinuous.xml
----------------- Instantiating /home/travis/build/icyphy/ptII/ptolemy/domains/continuous/test/auto/ContinuousInContinuousInContinuous.xml
8 ms. Memory: 344064K Free: 180550K (52%)
----------------- Invoking toplevel() on ptolemy.moml.MoMLSimpleApplication@4a8c76f9
----------------- Done invoking toplevel() on ptolemy.moml.MoMLSimpleApplication@4a8c76f9
reloadAllAccessors: .ContinuousInContinuousInContinuous

===========================================================================================
----------------- testing Fri Jun 21 11:13:04 UTC 2019 /home/travis/build/icyphy/ptII/ptolemy/domains/continuous/test/auto/ContinuousInDE.xml
----------------- Instantiating /home/travis/build/icyphy/ptII/ptolemy/domains/continuous/test/auto/ContinuousInDE.xml
104 ms. Memory: 344064K Free: 169800K (49%)
----------------- Invoking toplevel() on ptolemy.moml.MoMLSimpleApplication@75a8cb74
----------------- Done invoking toplevel() on ptolemy.moml.MoMLSimpleApplication@75a8cb74
reloadAllAccessors: .ContinuousInDE

===========================================================================================
----------------- testing Fri Jun 21 11:13:04 UTC 2019 /home/travis/build/icyphy/ptII/ptolemy/domains/continuous/test/auto/ContinuousInDE2.xml
----------------- Instantiating /home/travis/build/icyphy/ptII/ptolemy/domains/continuous/test/auto/ContinuousInDE2.xml
34 ms. Memory: 344064K Free: 160070K (47%)
----------------- Invoking toplevel() on ptolemy.moml.MoMLSimpleApplication@6102269f
----------------- Done invoking toplevel() on ptolemy.moml.MoMLSimpleApplication@6102269f
reloadAllAccessors: .ContinuousInDE2

===========================================================================================
----------------- testing Fri Jun 21 11:13:05 UTC 2019 /home/travis/build/icyphy/ptII/ptolemy/domains/continuous/test/auto/ContinuousInDE3.xml
----------------- Instantiating /home/travis/build/icyphy/ptII/ptolemy/domains/continuous/test/auto/ContinuousInDE3.xml
37 ms. Memory: 344064K Free: 150344K (44%)
----------------- Invoking toplevel() on ptolemy.moml.MoMLSimpleApplication@5bb63beb
----------------- Done invoking toplevel() on ptolemy.moml.MoMLSimpleApplication@5bb63beb
reloadAllAccessors: .ContinuousInDE3

===========================================================================================
----------------- testing Fri Jun 21 11:13:05 UTC 2019 /home/travis/build/icyphy/ptII/ptolemy/domains/continuous/test/auto/ContinuousInDE4.xml
----------------- Instantiating /home/travis/build/icyphy/ptII/ptolemy/domains/continuous/test/auto/ContinuousInDE4.xml
17 ms. Memory: 344064K Free: 144200K (42%)
----------------- Invoking toplevel() on ptolemy.moml.MoMLSimpleApplication@3534c965
----------------- Done invoking toplevel() on ptolemy.moml.MoMLSimpleApplication@3534c965
reloadAllAccessors: .ContinuousInDE4

===========================================================================================
----------------- testing Fri Jun 21 11:13:05 UTC 2019 /home/travis/build/icyphy/ptII/ptolemy/domains/continuous/test/auto/ContinuousInDEDifferentRefinements.xml
----------------- Instantiating /home/travis/build/icyphy/ptII/ptolemy/domains/continuous/test/auto/ContinuousInDEDifferentRefinements.xml
96 ms. Memory: 413696K Free: 386506K (93%)
----------------- Invoking toplevel() on ptolemy.moml.MoMLSimpleApplication@38fc8cf9
----------------- Done invoking toplevel() on ptolemy.moml.MoMLSimpleApplication@38fc8cf9
reloadAllAccessors: .ContinuousInDEDifferentRefinements

===========================================================================================
----------------- testing Fri Jun 21 11:13:05 UTC 2019 /home/travis/build/icyphy/ptII/ptolemy/domains/continuous/test/auto/ContinuousInDEDifferentRefinementsPreemptive.xml
----------------- Instantiating /home/travis/build/icyphy/ptII/ptolemy/domains/continuous/test/auto/ContinuousInDEDifferentRefinementsPreemptive.xml
62 ms. Memory: 413696K Free: 355153K (86%)
----------------- Invoking toplevel() on ptolemy.moml.MoMLSimpleApplication@62d49d67
----------------- Done invoking toplevel() on ptolemy.moml.MoMLSimpleApplication@62d49d67
reloadAllAccessors: .ContinuousInDEDifferentRefinementsPreemptive

===========================================================================================
----------------- testing Fri Jun 21 11:13:05 UTC 2019 /home/travis/build/icyphy/ptII/ptolemy/domains/continuous/test/auto/ContinuousInDEInContinuous2.xml
----------------- Instantiating /home/travis/build/icyphy/ptII/ptolemy/domains/continuous/test/auto/ContinuousInDEInContinuous2.xml
37 ms. Memory: 413696K Free: 343889K (83%)
----------------- Invoking toplevel() on ptolemy.moml.MoMLSimpleApplication@79944d5d
----------------- Done invoking toplevel() on ptolemy.moml.MoMLSimpleApplication@79944d5d
reloadAllAccessors: .ContinuousInDEInContinuous2

===========================================================================================
----------------- testing Fri Jun 21 11:13:05 UTC 2019 /home/travis/build/icyphy/ptII/ptolemy/domains/continuous/test/auto/ContinuousInDEInContinuous3.xml
----------------- Instantiating /home/travis/build/icyphy/ptII/ptolemy/domains/continuous/test/auto/ContinuousInDEInContinuous3.xml
40 ms. Memory: 413696K Free: 331601K (80%)
----------------- Invoking toplevel() on ptolemy.moml.MoMLSimpleApplication@18b3df3b
----------------- Done invoking toplevel() on ptolemy.moml.MoMLSimpleApplication@18b3df3b
reloadAllAccessors: .ContinuousInDEInContinuous3

===========================================================================================
----------------- testing Fri Jun 21 11:13:05 UTC 2019 /home/travis/build/icyphy/ptII/ptolemy/domains/continuous/test/auto/ContinuousInDEInput.xml
----------------- Instantiating /home/travis/build/icyphy/ptII/ptolemy/domains/continuous/test/auto/ContinuousInDEInput.xml
19 ms. Memory: 413696K Free: 324433K (78%)
----------------- Invoking toplevel() on ptolemy.moml.MoMLSimpleApplication@4eb7f6d8
----------------- Done invoking toplevel() on ptolemy.moml.MoMLSimpleApplication@4eb7f6d8
reloadAllAccessors: .ContinuousInDEInput

===========================================================================================
----------------- testing Fri Jun 21 11:13:05 UTC 2019 /home/travis/build/icyphy/ptII/ptolemy/domains/continuous/test/auto/ContinuousInDEInput2.xml
----------------- Instantiating /home/travis/build/icyphy/ptII/ptolemy/domains/continuous/test/auto/ContinuousInDEInput2.xml
16 ms. Memory: 413696K Free: 317265K (77%)
----------------- Invoking toplevel() on ptolemy.moml.MoMLSimpleApplication@3933cf1b
----------------- Done invoking toplevel() on ptolemy.moml.MoMLSimpleApplication@3933cf1b
reloadAllAccessors: .ContinuousInDEInput2

===========================================================================================
----------------- testing Fri Jun 21 11:13:05 UTC 2019 /home/travis/build/icyphy/ptII/ptolemy/domains/continuous/test/auto/ContinuousInDEInput3.xml
----------------- Instantiating /home/travis/build/icyphy/ptII/ptolemy/domains/continuous/test/auto/ContinuousInDEInput3.xml
16 ms. Memory: 413696K Free: 310097K (75%)
----------------- Invoking toplevel() on ptolemy.moml.MoMLSimpleApplication@752ec328
----------------- Done invoking toplevel() on ptolemy.moml.MoMLSimpleApplication@752ec328
reloadAllAccessors: .ContinuousInDEInput3

===========================================================================================
----------------- testing Fri Jun 21 11:13:05 UTC 2019 /home/travis/build/icyphy/ptII/ptolemy/domains/continuous/test/auto/ContinuousInDESharingRefinement.xml
----------------- Instantiating /home/travis/build/icyphy/ptII/ptolemy/domains/continuous/test/auto/ContinuousInDESharingRefinement.xml
147 ms. Memory: 413696K Free: 215889K (52%)
----------------- Invoking toplevel() on ptolemy.moml.MoMLSimpleApplication@66dde82e
----------------- Done invoking toplevel() on ptolemy.moml.MoMLSimpleApplication@66dde82e
reloadAllAccessors: .ContinuousInDESharingRefinement

===========================================================================================
----------------- testing Fri Jun 21 11:13:05 UTC 2019 /home/travis/build/icyphy/ptII/ptolemy/domains/continuous/test/auto/ContinuousInDEwithNoPorts.xml
----------------- Instantiating /home/travis/build/icyphy/ptII/ptolemy/domains/continuous/test/auto/ContinuousInDEwithNoPorts.xml
5 ms. Memory: 413696K Free: 211793K (51%)
----------------- Invoking toplevel() on ptolemy.moml.MoMLSimpleApplication@46074618
----------------- Done invoking toplevel() on ptolemy.moml.MoMLSimpleApplication@46074618
reloadAllAccessors: .ContinuousInDEwithNoPorts

===========================================================================================
----------------- testing Fri Jun 21 11:13:05 UTC 2019 /home/travis/build/icyphy/ptII/ptolemy/domains/continuous/test/auto/ContinuousInsideDE.xml
----------------- Instantiating /home/travis/build/icyphy/ptII/ptolemy/domains/continuous/test/auto/ContinuousInsideDE.xml
37 ms. Memory: 413696K Free: 200015K (48%)
----------------- Invoking toplevel() on ptolemy.moml.MoMLSimpleApplication@58b2f413
----------------- Done invoking toplevel() on ptolemy.moml.MoMLSimpleApplication@58b2f413
reloadAllAccessors: .ContinuousInsideDE

===========================================================================================
----------------- testing Fri Jun 21 11:13:05 UTC 2019 /home/travis/build/icyphy/ptII/ptolemy/domains/continuous/test/auto/ContinuousMerge1.xml
----------------- Instantiating /home/travis/build/icyphy/ptII/ptolemy/domains/continuous/test/auto/ContinuousMerge1.xml
2 ms. Memory: 413696K Free: 195919K (47%)
----------------- Invoking toplevel() on ptolemy.moml.MoMLSimpleApplication@35e62252
----------------- Done invoking toplevel() on ptolemy.moml.MoMLSimpleApplication@35e62252
reloadAllAccessors: .ContinuousMerge1

===========================================================================================
----------------- testing Fri Jun 21 11:13:05 UTC 2019 /home/travis/build/icyphy/ptII/ptolemy/domains/continuous/test/auto/ContinuousMerge2.xml
----------------- Instantiating /home/travis/build/icyphy/ptII/ptolemy/domains/continuous/test/auto/ContinuousMerge2.xml
16 ms. Memory: 413696K Free: 185169K (45%)
----------------- Invoking toplevel() on ptolemy.moml.MoMLSimpleApplication@3ecea2a0
----------------- Done invoking toplevel() on ptolemy.moml.MoMLSimpleApplication@3ecea2a0
reloadAllAccessors: .ContinuousMerge2

===========================================================================================
----------------- testing Fri Jun 21 11:13:06 UTC 2019 /home/travis/build/icyphy/ptII/ptolemy/domains/continuous/test/auto/ContinuousMerge3.xml
----------------- Instantiating /home/travis/build/icyphy/ptII/ptolemy/domains/continuous/test/auto/ContinuousMerge3.xml
44 ms. Memory: 413696K Free: 174415K (42%)
----------------- Invoking toplevel() on ptolemy.moml.MoMLSimpleApplication@62373a63
----------------- Done invoking toplevel() on ptolemy.moml.MoMLSimpleApplication@62373a63
reloadAllAccessors: .ContinuousMerge3

===========================================================================================
----------------- testing Fri Jun 21 11:13:06 UTC 2019 /home/travis/build/icyphy/ptII/ptolemy/domains/continuous/test/auto/ContinuousWithinContinuous.xml
----------------- Instantiating /home/travis/build/icyphy/ptII/ptolemy/domains/continuous/test/auto/ContinuousWithinContinuous.xml
36 ms. Memory: 413696K Free: 164689K (40%)
----------------- Invoking toplevel() on ptolemy.moml.MoMLSimpleApplication@4c40b1a5
----------------- Done invoking toplevel() on ptolemy.moml.MoMLSimpleApplication@4c40b1a5
reloadAllAccessors: .ContinuousWithinContinuous

===========================================================================================
----------------- testing Fri Jun 21 11:13:06 UTC 2019 /home/travis/build/icyphy/ptII/ptolemy/domains/continuous/test/auto/ContinuousWithinContinuous2.xml
----------------- Instantiating /home/travis/build/icyphy/ptII/ptolemy/domains/continuous/test/auto/ContinuousWithinContinuous2.xml
79 ms. Memory: 413696K Free: 400174K (97%)
----------------- Invoking toplevel() on ptolemy.moml.MoMLSimpleApplication@7626248
----------------- Done invoking toplevel() on ptolemy.moml.MoMLSimpleApplication@7626248
reloadAllAccessors: .ContinuousWithinContinuous2

===========================================================================================
----------------- testing Fri Jun 21 11:13:06 UTC 2019 /home/travis/build/icyphy/ptII/ptolemy/domains/continuous/test/auto/ContinuousWithinContinuous3.xml
----------------- Instantiating /home/travis/build/icyphy/ptII/ptolemy/domains/continuous/test/auto/ContinuousWithinContinuous3.xml
13 ms. Memory: 413696K Free: 393131K (95%)
----------------- Invoking toplevel() on ptolemy.moml.MoMLSimpleApplication@c32a22f
----------------- Done invoking toplevel() on ptolemy.moml.MoMLSimpleApplication@c32a22f
reloadAllAccessors: .ContinuousWithinContinuous3

===========================================================================================
----------------- testing Fri Jun 21 11:13:06 UTC 2019 /home/travis/build/icyphy/ptII/ptolemy/domains/continuous/test/auto/ContinuousWithinContinuous4.xml
----------------- Instantiating /home/travis/build/icyphy/ptII/ptolemy/domains/continuous/test/auto/ContinuousWithinContinuous4.xml
68 ms. Memory: 413696K Free: 380843K (92%)
----------------- Invoking toplevel() on ptolemy.moml.MoMLSimpleApplication@5839cd4b
----------------- Done invoking toplevel() on ptolemy.moml.MoMLSimpleApplication@5839cd4b
reloadAllAccessors: .ContinuousWithinContinuous4

===========================================================================================
----------------- testing Fri Jun 21 11:13:06 UTC 2019 /home/travis/build/icyphy/ptII/ptolemy/domains/continuous/test/auto/ContinuousWithinContinuous5.xml
----------------- Instantiating /home/travis/build/icyphy/ptII/ptolemy/domains/continuous/test/auto/ContinuousWithinContinuous5.xml
12 ms. Memory: 413696K Free: 373675K (90%)
----------------- Invoking toplevel() on ptolemy.moml.MoMLSimpleApplication@ba8eef
----------------- Done invoking toplevel() on ptolemy.moml.MoMLSimpleApplication@ba8eef
reloadAllAccessors: .ContinuousWithinContinuous5

===========================================================================================
----------------- testing Fri Jun 21 11:13:06 UTC 2019 /home/travis/build/icyphy/ptII/ptolemy/domains/continuous/test/auto/ContinuousWithinContinuous6.xml
----------------- Instantiating /home/travis/build/icyphy/ptII/ptolemy/domains/continuous/test/auto/ContinuousWithinContinuous6.xml
13 ms. Memory: 413696K Free: 366507K (89%)
----------------- Invoking toplevel() on ptolemy.moml.MoMLSimpleApplication@76d9baca
----------------- Done invoking toplevel() on ptolemy.moml.MoMLSimpleApplication@76d9baca
reloadAllAccessors: .ContinuousWithinContinuous6

===========================================================================================
----------------- testing Fri Jun 21 11:13:06 UTC 2019 /home/travis/build/icyphy/ptII/ptolemy/domains/continuous/test/auto/ContinuousWithinContinuous7.xml
----------------- Instantiating /home/travis/build/icyphy/ptII/ptolemy/domains/continuous/test/auto/ContinuousWithinContinuous7.xml
61 ms. Memory: 413696K Free: 355243K (86%)
----------------- Invoking toplevel() on ptolemy.moml.MoMLSimpleApplication@6428ec20
----------------- Done invoking toplevel() on ptolemy.moml.MoMLSimpleApplication@6428ec20
reloadAllAccessors: .ContinuousWithinContinuous7

===========================================================================================
----------------- testing Fri Jun 21 11:13:06 UTC 2019 /home/travis/build/icyphy/ptII/ptolemy/domains/continuous/test/auto/DCMotor.xml
----------------- Instantiating /home/travis/build/icyphy/ptII/ptolemy/domains/continuous/test/auto/DCMotor.xml
14594 ms. Memory: 413696K Free: 266170K (64%)
----------------- Invoking toplevel() on ptolemy.moml.MoMLSimpleApplication@454d2635
----------------- Done invoking toplevel() on ptolemy.moml.MoMLSimpleApplication@454d2635
reloadAllAccessors: .DCMotor

===========================================================================================
----------------- testing Fri Jun 21 11:13:21 UTC 2019 /home/travis/build/icyphy/ptII/ptolemy/domains/continuous/test/auto/DEInContinuous.xml
----------------- Instantiating /home/travis/build/icyphy/ptII/ptolemy/domains/continuous/test/auto/DEInContinuous.xml
12 ms. Memory: 413696K Free: 260026K (63%)
----------------- Invoking toplevel() on ptolemy.moml.MoMLSimpleApplication@48c4f893
----------------- Done invoking toplevel() on ptolemy.moml.MoMLSimpleApplication@48c4f893
reloadAllAccessors: .DEInContinuous

===========================================================================================
----------------- testing Fri Jun 21 11:13:21 UTC 2019 /home/travis/build/icyphy/ptII/ptolemy/domains/continuous/test/auto/DEinContinuous2.xml
----------------- Instantiating /home/travis/build/icyphy/ptII/ptolemy/domains/continuous/test/auto/DEinContinuous2.xml
7 ms. Memory: 413696K Free: 251834K (61%)
----------------- Invoking toplevel() on ptolemy.moml.MoMLSimpleApplication@44710fab
----------------- Done invoking toplevel() on ptolemy.moml.MoMLSimpleApplication@44710fab
reloadAllAccessors: .DEinContinuous2

===========================================================================================
----------------- testing Fri Jun 21 11:13:21 UTC 2019 /home/travis/build/icyphy/ptII/ptolemy/domains/continuous/test/auto/Derivative.xml
----------------- Instantiating /home/travis/build/icyphy/ptII/ptolemy/domains/continuous/test/auto/Derivative.xml
141 ms. Memory: 413696K Free: 222138K (54%)
----------------- Invoking toplevel() on ptolemy.moml.MoMLSimpleApplication@30bdcc61
----------------- Done invoking toplevel() on ptolemy.moml.MoMLSimpleApplication@30bdcc61
reloadAllAccessors: .Derivative2

===========================================================================================
----------------- testing Fri Jun 21 11:13:21 UTC 2019 /home/travis/build/icyphy/ptII/ptolemy/domains/continuous/test/auto/Derivative1.xml
----------------- Instantiating /home/travis/build/icyphy/ptII/ptolemy/domains/continuous/test/auto/Derivative1.xml
23 ms. Memory: 413696K Free: 208312K (50%)
----------------- Invoking toplevel() on ptolemy.moml.MoMLSimpleApplication@581fb78a
----------------- Done invoking toplevel() on ptolemy.moml.MoMLSimpleApplication@581fb78a
reloadAllAccessors: .Derivative1

===========================================================================================
----------------- testing Fri Jun 21 11:13:21 UTC 2019 /home/travis/build/icyphy/ptII/ptolemy/domains/continuous/test/auto/DiscreteClock.xml
----------------- Instantiating /home/travis/build/icyphy/ptII/ptolemy/domains/continuous/test/auto/DiscreteClock.xml
4 ms. Memory: 413696K Free: 203192K (49%)
----------------- Invoking toplevel() on ptolemy.moml.MoMLSimpleApplication@40a69d9d
----------------- Done invoking toplevel() on ptolemy.moml.MoMLSimpleApplication@40a69d9d
reloadAllAccessors: .DiscreteClock

===========================================================================================
----------------- testing Fri Jun 21 11:13:21 UTC 2019 /home/travis/build/icyphy/ptII/ptolemy/domains/continuous/test/auto/EfficiencyCurve.xml
----------------- Instantiating /home/travis/build/icyphy/ptII/ptolemy/domains/continuous/test/auto/EfficiencyCurve.xml
69 ms. Memory: 413696K Free: 193976K (47%)
----------------- Invoking toplevel() on ptolemy.moml.MoMLSimpleApplication@1f57333c
----------------- Done invoking toplevel() on ptolemy.moml.MoMLSimpleApplication@1f57333c
reloadAllAccessors: .EfficiencyCurve

===========================================================================================
----------------- testing Fri Jun 21 11:13:21 UTC 2019 /home/travis/build/icyphy/ptII/ptolemy/domains/continuous/test/auto/ExponentialResponse.xml
----------------- Instantiating /home/travis/build/icyphy/ptII/ptolemy/domains/continuous/test/auto/ExponentialResponse.xml
100 ms. Memory: 413696K Free: 178106K (43%)
----------------- Invoking toplevel() on ptolemy.moml.MoMLSimpleApplication@107eac02
----------------- Done invoking toplevel() on ptolemy.moml.MoMLSimpleApplication@107eac02
reloadAllAccessors: .ExponentialResponse

===========================================================================================
----------------- testing Fri Jun 21 11:13:21 UTC 2019 /home/travis/build/icyphy/ptII/ptolemy/domains/continuous/test/auto/ExponentialResponseRK45.xml
----------------- Instantiating /home/travis/build/icyphy/ptII/ptolemy/domains/continuous/test/auto/ExponentialResponseRK45.xml
23 ms. Memory: 413696K Free: 171448K (41%)
----------------- Invoking toplevel() on ptolemy.moml.MoMLSimpleApplication@55bae825
----------------- Done invoking toplevel() on ptolemy.moml.MoMLSimpleApplication@55bae825
reloadAllAccessors: .ExponentialResponseRK45

===========================================================================================
----------------- testing Fri Jun 21 11:13:21 UTC 2019 /home/travis/build/icyphy/ptII/ptolemy/domains/continuous/test/auto/Friction.xml
----------------- Instantiating /home/travis/build/icyphy/ptII/ptolemy/domains/continuous/test/auto/Friction.xml
1451 ms. Memory: 413696K Free: 234989K (57%)
----------------- Invoking toplevel() on ptolemy.moml.MoMLSimpleApplication@5de4834b
----------------- Done invoking toplevel() on ptolemy.moml.MoMLSimpleApplication@5de4834b
reloadAllAccessors: .Friction

===========================================================================================
----------------- testing Fri Jun 21 11:13:23 UTC 2019 /home/travis/build/icyphy/ptII/ptolemy/domains/continuous/test/auto/FurutaPendulum.xml
----------------- Instantiating /home/travis/build/icyphy/ptII/ptolemy/domains/continuous/test/auto/FurutaPendulum.xml
3250 ms. Memory: 413696K Free: 222803K (54%)
----------------- Invoking toplevel() on ptolemy.moml.MoMLSimpleApplication@6e7c08e9
----------------- Done invoking toplevel() on ptolemy.moml.MoMLSimpleApplication@6e7c08e9
reloadAllAccessors: .FurutaPendulum

===========================================================================================
----------------- testing Fri Jun 21 11:13:26 UTC 2019 /home/travis/build/icyphy/ptII/ptolemy/domains/continuous/test/auto/HierarchicalExecution.xml
----------------- Instantiating /home/travis/build/icyphy/ptII/ptolemy/domains/continuous/test/auto/HierarchicalExecution.xml
2031 ms. Memory: 413696K Free: 181897K (44%)
----------------- Invoking toplevel() on ptolemy.moml.MoMLSimpleApplication@350cc10c
----------------- Done invoking toplevel() on ptolemy.moml.MoMLSimpleApplication@350cc10c
reloadAllAccessors: .HierarchicalExecution

===========================================================================================
----------------- testing Fri Jun 21 11:13:29 UTC 2019 /home/travis/build/icyphy/ptII/ptolemy/domains/continuous/test/auto/HybridPlant.xml
----------------- Instantiating /home/travis/build/icyphy/ptII/ptolemy/domains/continuous/test/auto/HybridPlant.xml
539 ms. Memory: 413696K Free: 165649K (40%)
----------------- Invoking toplevel() on ptolemy.moml.MoMLSimpleApplication@49f5bd75
----------------- Done invoking toplevel() on ptolemy.moml.MoMLSimpleApplication@49f5bd75
reloadAllAccessors: .HybridPlant

===========================================================================================
----------------- testing Fri Jun 21 11:13:29 UTC 2019 /home/travis/build/icyphy/ptII/ptolemy/domains/continuous/test/auto/Hysteresis.xml
----------------- Instantiating /home/travis/build/icyphy/ptII/ptolemy/domains/continuous/test/auto/Hysteresis.xml
139 ms. Memory: 413696K Free: 349036K (84%)
----------------- Invoking toplevel() on ptolemy.moml.MoMLSimpleApplication@2986bb9b
----------------- Done invoking toplevel() on ptolemy.moml.MoMLSimpleApplication@2986bb9b
reloadAllAccessors: .Hysteresis

===========================================================================================
----------------- testing Fri Jun 21 11:13:30 UTC 2019 /home/travis/build/icyphy/ptII/ptolemy/domains/continuous/test/auto/HysteresisWithRandomDelay.xml
----------------- Instantiating /home/travis/build/icyphy/ptII/ptolemy/domains/continuous/test/auto/HysteresisWithRandomDelay.xml
174 ms. Memory: 413696K Free: 276842K (67%)
----------------- Invoking toplevel() on ptolemy.moml.MoMLSimpleApplication@5dd54c94
----------------- Done invoking toplevel() on ptolemy.moml.MoMLSimpleApplication@5dd54c94
reloadAllAccessors: .HysteresisWithRandomDelay

===========================================================================================
----------------- testing Fri Jun 21 11:13:30 UTC 2019 /home/travis/build/icyphy/ptII/ptolemy/domains/continuous/test/auto/HysteresisWithRandomLosses.xml
----------------- Instantiating /home/travis/build/icyphy/ptII/ptolemy/domains/continuous/test/auto/HysteresisWithRandomLosses.xml
2410 ms. Memory: 413696K Free: 258565K (63%)
----------------- Invoking toplevel() on ptolemy.moml.MoMLSimpleApplication@23ba683e
----------------- Done invoking toplevel() on ptolemy.moml.MoMLSimpleApplication@23ba683e
reloadAllAccessors: .HysteresisWithRandomLosses

===========================================================================================
----------------- testing Fri Jun 21 11:13:32 UTC 2019 /home/travis/build/icyphy/ptII/ptolemy/domains/continuous/test/auto/ImmediateTransitions.xml
----------------- Instantiating /home/travis/build/icyphy/ptII/ptolemy/domains/continuous/test/auto/ImmediateTransitions.xml
11 ms. Memory: 413696K Free: 247845K (60%)
----------------- Invoking toplevel() on ptolemy.moml.MoMLSimpleApplication@1b0eb989
----------------- Done invoking toplevel() on ptolemy.moml.MoMLSimpleApplication@1b0eb989
reloadAllAccessors: .ImmediateTransitions

===========================================================================================
----------------- testing Fri Jun 21 11:13:32 UTC 2019 /home/travis/build/icyphy/ptII/ptolemy/domains/continuous/test/auto/ImpulseFeedback.xml
----------------- Instantiating /home/travis/build/icyphy/ptII/ptolemy/domains/continuous/test/auto/ImpulseFeedback.xml
8 ms. Memory: 413696K Free: 241701K (58%)
----------------- Invoking toplevel() on ptolemy.moml.MoMLSimpleApplication@164271f3
----------------- Done invoking toplevel() on ptolemy.moml.MoMLSimpleApplication@164271f3
reloadAllAccessors: .ImpulseFeedback

===========================================================================================
----------------- testing Fri Jun 21 11:13:32 UTC 2019 /home/travis/build/icyphy/ptII/ptolemy/domains/continuous/test/auto/ImpulseFeedback2.xml
----------------- Instantiating /home/travis/build/icyphy/ptII/ptolemy/domains/continuous/test/auto/ImpulseFeedback2.xml
6 ms. Memory: 413696K Free: 236067K (57%)
----------------- Invoking toplevel() on ptolemy.moml.MoMLSimpleApplication@4131fe55
----------------- Done invoking toplevel() on ptolemy.moml.MoMLSimpleApplication@4131fe55
reloadAllAccessors: .ImpulseFeedback2

===========================================================================================
----------------- testing Fri Jun 21 11:13:32 UTC 2019 /home/travis/build/icyphy/ptII/ptolemy/domains/continuous/test/auto/IncreasingRatePoisson.xml
----------------- Instantiating /home/travis/build/icyphy/ptII/ptolemy/domains/continuous/test/auto/IncreasingRatePoisson.xml
718 ms. Memory: 413696K Free: 171206K (41%)
----------------- Invoking toplevel() on ptolemy.moml.MoMLSimpleApplication@6011e654
----------------- Done invoking toplevel() on ptolemy.moml.MoMLSimpleApplication@6011e654
reloadAllAccessors: .IncreasingRatePoisson

===========================================================================================
----------------- testing Fri Jun 21 11:13:33 UTC 2019 /home/travis/build/icyphy/ptII/ptolemy/domains/continuous/test/auto/InitialStateFeedback.xml
----------------- Instantiating /home/travis/build/icyphy/ptII/ptolemy/domains/continuous/test/auto/InitialStateFeedback.xml
7 ms. Memory: 413696K Free: 166614K (40%)
----------------- Invoking toplevel() on ptolemy.moml.MoMLSimpleApplication@684941e7
----------------- Done invoking toplevel() on ptolemy.moml.MoMLSimpleApplication@684941e7
reloadAllAccessors: .InitialStateFeedback

===========================================================================================
----------------- testing Fri Jun 21 11:13:33 UTC 2019 /home/travis/build/icyphy/ptII/ptolemy/domains/continuous/test/auto/Integration.xml
----------------- Instantiating /home/travis/build/icyphy/ptII/ptolemy/domains/continuous/test/auto/Integration.xml
2 ms. Memory: 413696K Free: 162518K (39%)
----------------- Invoking toplevel() on ptolemy.moml.MoMLSimpleApplication@26628365
----------------- Done invoking toplevel() on ptolemy.moml.MoMLSimpleApplication@26628365
reloadAllAccessors: .Integration

===========================================================================================
----------------- testing Fri Jun 21 11:13:33 UTC 2019 /home/travis/build/icyphy/ptII/ptolemy/domains/continuous/test/auto/Integration2.xml
----------------- Instantiating /home/travis/build/icyphy/ptII/ptolemy/domains/continuous/test/auto/Integration2.xml
85 ms. Memory: 413696K Free: 395598K (96%)
----------------- Invoking toplevel() on ptolemy.moml.MoMLSimpleApplication@1341de9e
----------------- Done invoking toplevel() on ptolemy.moml.MoMLSimpleApplication@1341de9e
reloadAllAccessors: .Integration2

===========================================================================================
----------------- testing Fri Jun 21 11:13:33 UTC 2019 /home/travis/build/icyphy/ptII/ptolemy/domains/continuous/test/auto/Integration3.xml
----------------- Instantiating /home/travis/build/icyphy/ptII/ptolemy/domains/continuous/test/auto/Integration3.xml
2 ms. Memory: 413696K Free: 390590K (94%)
----------------- Invoking toplevel() on ptolemy.moml.MoMLSimpleApplication@4e1d02df
----------------- Done invoking toplevel() on ptolemy.moml.MoMLSimpleApplication@4e1d02df
reloadAllAccessors: .Integration3

===========================================================================================
----------------- testing Fri Jun 21 11:13:33 UTC 2019 /home/travis/build/icyphy/ptII/ptolemy/domains/continuous/test/auto/Integration5.xml
----------------- Instantiating /home/travis/build/icyphy/ptII/ptolemy/domains/continuous/test/auto/Integration5.xml
2 ms. Memory: 413696K Free: 386494K (93%)
----------------- Invoking toplevel() on ptolemy.moml.MoMLSimpleApplication@2aa3762e
----------------- Done invoking toplevel() on ptolemy.moml.MoMLSimpleApplication@2aa3762e
reloadAllAccessors: .Integration5

===========================================================================================
----------------- testing Fri Jun 21 11:13:33 UTC 2019 /home/travis/build/icyphy/ptII/ptolemy/domains/continuous/test/auto/IntegratorImpulse.xml
----------------- Instantiating /home/travis/build/icyphy/ptII/ptolemy/domains/continuous/test/auto/IntegratorImpulse.xml
2 ms. Memory: 413696K Free: 382384K (92%)
----------------- Invoking toplevel() on ptolemy.moml.MoMLSimpleApplication@5b12132d
----------------- Done invoking toplevel() on ptolemy.moml.MoMLSimpleApplication@5b12132d
reloadAllAccessors: .IntegratorImpulse

===========================================================================================
----------------- testing Fri Jun 21 11:13:33 UTC 2019 /home/travis/build/icyphy/ptII/ptolemy/domains/continuous/test/auto/IntegratorImpulse2.xml
----------------- Instantiating /home/travis/build/icyphy/ptII/ptolemy/domains/continuous/test/auto/IntegratorImpulse2.xml
5 ms. Memory: 413696K Free: 377792K (91%)
----------------- Invoking toplevel() on ptolemy.moml.MoMLSimpleApplication@75170f21
----------------- Done invoking toplevel() on ptolemy.moml.MoMLSimpleApplication@75170f21
reloadAllAccessors: .IntegratorImpulse2

===========================================================================================
----------------- testing Fri Jun 21 11:13:33 UTC 2019 /home/travis/build/icyphy/ptII/ptolemy/domains/continuous/test/auto/LevelCrossing1.xml
----------------- Instantiating /home/travis/build/icyphy/ptII/ptolemy/domains/continuous/test/auto/LevelCrossing1.xml
2 ms. Memory: 413696K Free: 372672K (90%)
----------------- Invoking toplevel() on ptolemy.moml.MoMLSimpleApplication@741d0809
----------------- Done invoking toplevel() on ptolemy.moml.MoMLSimpleApplication@741d0809
reloadAllAccessors: .LevelCrossing1

===========================================================================================
----------------- testing Fri Jun 21 11:13:33 UTC 2019 /home/travis/build/icyphy/ptII/ptolemy/domains/continuous/test/auto/LevelCrossing2.xml
----------------- Instantiating /home/travis/build/icyphy/ptII/ptolemy/domains/continuous/test/auto/LevelCrossing2.xml
3 ms. Memory: 413696K Free: 367552K (89%)
----------------- Invoking toplevel() on ptolemy.moml.MoMLSimpleApplication@45bb7fa6
----------------- Done invoking toplevel() on ptolemy.moml.MoMLSimpleApplication@45bb7fa6
reloadAllAccessors: .LevelCrossing2

===========================================================================================
----------------- testing Fri Jun 21 11:13:33 UTC 2019 /home/travis/build/icyphy/ptII/ptolemy/domains/continuous/test/auto/LevelCrossing3.xml
----------------- Instantiating /home/travis/build/icyphy/ptII/ptolemy/domains/continuous/test/auto/LevelCrossing3.xml
3 ms. Memory: 413696K Free: 362432K (88%)
----------------- Invoking toplevel() on ptolemy.moml.MoMLSimpleApplication@2abe6402
----------------- Done invoking toplevel() on ptolemy.moml.MoMLSimpleApplication@2abe6402
reloadAllAccessors: .LevelCrossing3

===========================================================================================
----------------- testing Fri Jun 21 11:13:33 UTC 2019 /home/travis/build/icyphy/ptII/ptolemy/domains/continuous/test/auto/LevelCrossing4.xml
----------------- Instantiating /home/travis/build/icyphy/ptII/ptolemy/domains/continuous/test/auto/LevelCrossing4.xml
7 ms. Memory: 413696K Free: 357312K (86%)
----------------- Invoking toplevel() on ptolemy.moml.MoMLSimpleApplication@31de5743
----------------- Done invoking toplevel() on ptolemy.moml.MoMLSimpleApplication@31de5743
reloadAllAccessors: .LevelCrossing4

===========================================================================================
----------------- testing Fri Jun 21 11:13:33 UTC 2019 /home/travis/build/icyphy/ptII/ptolemy/domains/continuous/test/auto/LevelCrossing5.xml
----------------- Instantiating /home/travis/build/icyphy/ptII/ptolemy/domains/continuous/test/auto/LevelCrossing5.xml
4 ms. Memory: 413696K Free: 352192K (85%)
----------------- Invoking toplevel() on ptolemy.moml.MoMLSimpleApplication@32f43b00
----------------- Done invoking toplevel() on ptolemy.moml.MoMLSimpleApplication@32f43b00
reloadAllAccessors: .LevelCrossing5

===========================================================================================
[...]
----------------- testing Fri Jun 21 11:13:51 UTC 2019 /home/travis/build/icyphy/ptII/ptolemy/domains/continuous/test/auto/SRinContinuous.xml
----------------- Instantiating /home/travis/build/icyphy/ptII/ptolemy/domains/continuous/test/auto/SRinContinuous.xml
5 ms. Memory: 413696K Free: 347106K (84%)
----------------- Invoking toplevel() on ptolemy.moml.MoMLSimpleApplication@4d35c083
----------------- Done invoking toplevel() on ptolemy.moml.MoMLSimpleApplication@4d35c083
reloadAllAccessors: .SRinContinuous

===========================================================================================
----------------- testing Fri Jun 21 11:13:51 UTC 2019 /home/travis/build/icyphy/ptII/ptolemy/domains/continuous/test/auto/SampledClocks.xml
----------------- Instantiating /home/travis/build/icyphy/ptII/ptolemy/domains/continuous/test/auto/SampledClocks.xml
7 ms. Memory: 413696K Free: 334308K (81%)
----------------- Invoking toplevel() on ptolemy.moml.MoMLSimpleApplication@4cda9af6
----------------- Done invoking toplevel() on ptolemy.moml.MoMLSimpleApplication@4cda9af6
reloadAllAccessors: .SampledClocks

===========================================================================================
----------------- testing Fri Jun 21 11:13:51 UTC 2019 /home/travis/build/icyphy/ptII/ptolemy/domains/continuous/test/auto/Satellite.xml
----------------- Instantiating /home/travis/build/icyphy/ptII/ptolemy/domains/continuous/test/auto/Satellite.xml
825 ms. Memory: 413696K Free: 384315K (93%)
----------------- Invoking toplevel() on ptolemy.moml.MoMLSimpleApplication@2e69c57d
----------------- Done invoking toplevel() on ptolemy.moml.MoMLSimpleApplication@2e69c57d
reloadAllAccessors: .Satellite

===========================================================================================
----------------- testing Fri Jun 21 11:13:52 UTC 2019 /home/travis/build/icyphy/ptII/ptolemy/domains/continuous/test/auto/SigmaDelta.xml
----------------- Instantiating /home/travis/build/icyphy/ptII/ptolemy/domains/continuous/test/auto/SigmaDelta.xml
2440 ms. Memory: 413696K Free: 372116K (90%)
----------------- Invoking toplevel() on ptolemy.moml.MoMLSimpleApplication@58f6bca4
----------------- Done invoking toplevel() on ptolemy.moml.MoMLSimpleApplication@58f6bca4
reloadAllAccessors: .SigmaDelta

===========================================================================================
----------------- testing Fri Jun 21 11:13:55 UTC 2019 /home/travis/build/icyphy/ptII/ptolemy/domains/continuous/test/auto/SingleRefinement.xml
----------------- Instantiating /home/travis/build/icyphy/ptII/ptolemy/domains/continuous/test/auto/SingleRefinement.xml
318 ms. Memory: 413696K Free: 187286K (45%)
----------------- Invoking toplevel() on ptolemy.moml.MoMLSimpleApplication@25fe5f52
----------------- Done invoking toplevel() on ptolemy.moml.MoMLSimpleApplication@25fe5f52
reloadAllAccessors: .SingleRefinement

===========================================================================================
----------------- testing Fri Jun 21 11:13:55 UTC 2019 /home/travis/build/icyphy/ptII/ptolemy/domains/continuous/test/auto/SinuBouncingBall.xml
----------------- Instantiating /home/travis/build/icyphy/ptII/ptolemy/domains/continuous/test/auto/SinuBouncingBall.xml
835 ms. Memory: 413696K Free: 213954K (52%)
----------------- Invoking toplevel() on ptolemy.moml.MoMLSimpleApplication@53a0b74f
----------------- Done invoking toplevel() on ptolemy.moml.MoMLSimpleApplication@53a0b74f
reloadAllAccessors: .SinuBouncingBall

===========================================================================================
----------------- testing Fri Jun 21 11:13:56 UTC 2019 /home/travis/build/icyphy/ptII/ptolemy/domains/continuous/test/auto/Sinusoid.xml
----------------- Instantiating /home/travis/build/icyphy/ptII/ptolemy/domains/continuous/test/auto/Sinusoid.xml
4 ms. Memory: 413696K Free: 209421K (51%)
----------------- Invoking toplevel() on ptolemy.moml.MoMLSimpleApplication@7a7fb180
----------------- Done invoking toplevel() on ptolemy.moml.MoMLSimpleApplication@7a7fb180
reloadAllAccessors: .Sinusoid

===========================================================================================
----------------- testing Fri Jun 21 11:13:56 UTC 2019 /home/travis/build/icyphy/ptII/ptolemy/domains/continuous/test/auto/SinusoidInNoise.xml
----------------- Instantiating /home/travis/build/icyphy/ptII/ptolemy/domains/continuous/test/auto/SinusoidInNoise.xml
1111 ms. Memory: 413696K Free: 313603K (76%)
----------------- Invoking toplevel() on ptolemy.moml.MoMLSimpleApplication@37a2d3fc
----------------- Done invoking toplevel() on ptolemy.moml.MoMLSimpleApplication@37a2d3fc
reloadAllAccessors: .SinusoidInNoise

===========================================================================================
----------------- testing Fri Jun 21 11:13:57 UTC 2019 /home/travis/build/icyphy/ptII/ptolemy/domains/continuous/test/auto/SinusoidRK45.xml
----------------- Instantiating /home/travis/build/icyphy/ptII/ptolemy/domains/continuous/test/auto/SinusoidRK45.xml
2 ms. Memory: 413696K Free: 308997K (75%)
----------------- Invoking toplevel() on ptolemy.moml.MoMLSimpleApplication@79cc119c
----------------- Done invoking toplevel() on ptolemy.moml.MoMLSimpleApplication@79cc119c
reloadAllAccessors: .SinusoidRK45

===========================================================================================
----------------- testing Fri Jun 21 11:13:57 UTC 2019 /home/travis/build/icyphy/ptII/ptolemy/domains/continuous/test/auto/SinusoidWithMultipleImpulses.xml
----------------- Instantiating /home/travis/build/icyphy/ptII/ptolemy/domains/continuous/test/auto/SinusoidWithMultipleImpulses.xml
4 ms. Memory: 413696K Free: 304387K (74%)
----------------- Invoking toplevel() on ptolemy.moml.MoMLSimpleApplication@8f9903c
----------------- Done invoking toplevel() on ptolemy.moml.MoMLSimpleApplication@8f9903c
reloadAllAccessors: .SinusoidWithMultipleImpulses

===========================================================================================
----------------- testing Fri Jun 21 11:13:57 UTC 2019 /home/travis/build/icyphy/ptII/ptolemy/domains/continuous/test/auto/SquareWave.xml
----------------- Instantiating /home/travis/build/icyphy/ptII/ptolemy/domains/continuous/test/auto/SquareWave.xml
171 ms. Memory: 413696K Free: 276739K (67%)
----------------- Invoking toplevel() on ptolemy.moml.MoMLSimpleApplication@136dccda
----------------- Done invoking toplevel() on ptolemy.moml.MoMLSimpleApplication@136dccda
reloadAllAccessors: .SquareWave

===========================================================================================
----------------- testing Fri Jun 21 11:13:57 UTC 2019 /home/travis/build/icyphy/ptII/ptolemy/domains/continuous/test/auto/Starmac.xml
----------------- Instantiating /home/travis/build/icyphy/ptII/ptolemy/domains/continuous/test/auto/Starmac.xml
3059 ms. Memory: 413696K Free: 204813K (50%)
----------------- Invoking toplevel() on ptolemy.moml.MoMLSimpleApplication@76bf4813
----------------- Done invoking toplevel() on ptolemy.moml.MoMLSimpleApplication@76bf4813
reloadAllAccessors: .Starmac

===========================================================================================
----------------- testing Fri Jun 21 11:14:01 UTC 2019 /home/travis/build/icyphy/ptII/ptolemy/domains/continuous/test/auto/StaticUnits.xml
----------------- Instantiating /home/travis/build/icyphy/ptII/ptolemy/domains/continuous/test/auto/StaticUnits.xml
2174 ms. Memory: 496640K Free: 307680K (62%)
----------------- Invoking toplevel() on ptolemy.moml.MoMLSimpleApplication@7fd4b73d
----------------- Done invoking toplevel() on ptolemy.moml.MoMLSimpleApplication@7fd4b73d
reloadAllAccessors: .StaticUnits

===========================================================================================
----------------- testing Fri Jun 21 11:14:04 UTC 2019 /home/travis/build/icyphy/ptII/ptolemy/domains/continuous/test/auto/StickyMasses.xml
----------------- Instantiating /home/travis/build/icyphy/ptII/ptolemy/domains/continuous/test/auto/StickyMasses.xml
157 ms. Memory: 496640K Free: 257504K (52%)
----------------- Invoking toplevel() on ptolemy.moml.MoMLSimpleApplication@693397ad
----------------- Done invoking toplevel() on ptolemy.moml.MoMLSimpleApplication@693397ad
reloadAllAccessors: .StickyMasses

===========================================================================================
----------------- testing Fri Jun 21 11:14:04 UTC 2019 /home/travis/build/icyphy/ptII/ptolemy/domains/continuous/test/auto/StopTime.xml
----------------- Instantiating /home/travis/build/icyphy/ptII/ptolemy/domains/continuous/test/auto/StopTime.xml
45 ms. Memory: 496640K Free: 232418K (47%)
----------------- Invoking toplevel() on ptolemy.moml.MoMLSimpleApplication@3e72e163
----------------- Done invoking toplevel() on ptolemy.moml.MoMLSimpleApplication@3e72e163
reloadAllAccessors: .StopTime

===========================================================================================
----------------- testing Fri Jun 21 11:14:04 UTC 2019 /home/travis/build/icyphy/ptII/ptolemy/domains/continuous/test/auto/StopTime2.xml
----------------- Instantiating /home/travis/build/icyphy/ptII/ptolemy/domains/continuous/test/auto/StopTime2.xml
36 ms. Memory: 496640K Free: 210394K (42%)
----------------- Invoking toplevel() on ptolemy.moml.MoMLSimpleApplication@57c90460
----------------- Done invoking toplevel() on ptolemy.moml.MoMLSimpleApplication@57c90460
reloadAllAccessors: .StopTime2

===========================================================================================
----------------- testing Fri Jun 21 11:14:04 UTC 2019 /home/travis/build/icyphy/ptII/ptolemy/domains/continuous/test/auto/Switch.xml
----------------- Instantiating /home/travis/build/icyphy/ptII/ptolemy/domains/continuous/test/auto/Switch.xml
41 ms. Memory: 496640K Free: 185824K (37%)
----------------- Invoking toplevel() on ptolemy.moml.MoMLSimpleApplication@40b0af23
----------------- Done invoking toplevel() on ptolemy.moml.MoMLSimpleApplication@40b0af23
reloadAllAccessors: .Switch

===========================================================================================
----------------- testing Fri Jun 21 11:14:04 UTC 2019 /home/travis/build/icyphy/ptII/ptolemy/domains/continuous/test/auto/Thermostat.xml
----------------- Instantiating /home/travis/build/icyphy/ptII/ptolemy/domains/continuous/test/auto/Thermostat.xml
191 ms. Memory: 496640K Free: 407004K (82%)
----------------- Invoking toplevel() on ptolemy.moml.MoMLSimpleApplication@29008e05
----------------- Done invoking toplevel() on ptolemy.moml.MoMLSimpleApplication@29008e05
reloadAllAccessors: .Thermostat

===========================================================================================
----------------- testing Fri Jun 21 11:14:04 UTC 2019 /home/travis/build/icyphy/ptII/ptolemy/domains/continuous/test/auto/TimeDelay.xml
----------------- Instantiating /home/travis/build/icyphy/ptII/ptolemy/domains/continuous/test/auto/TimeDelay.xml
5 ms. Memory: 496640K Free: 402398K (81%)
----------------- Invoking toplevel() on ptolemy.moml.MoMLSimpleApplication@15c0d2a5
----------------- Done invoking toplevel() on ptolemy.moml.MoMLSimpleApplication@15c0d2a5
reloadAllAccessors: .TimeDelay

===========================================================================================
----------------- testing Fri Jun 21 11:14:04 UTC 2019 /home/travis/build/icyphy/ptII/ptolemy/domains/continuous/test/auto/TimeDelay2.xml
----------------- Instantiating /home/travis/build/icyphy/ptII/ptolemy/domains/continuous/test/auto/TimeDelay2.xml
8 ms. Memory: 496640K Free: 392668K (79%)
----------------- Invoking toplevel() on ptolemy.moml.MoMLSimpleApplication@1f96ccff
----------------- Done invoking toplevel() on ptolemy.moml.MoMLSimpleApplication@1f96ccff
reloadAllAccessors: .TimeDelay2

===========================================================================================
----------------- testing Fri Jun 21 11:14:04 UTC 2019 /home/travis/build/icyphy/ptII/ptolemy/domains/continuous/test/auto/TimeDelay3.xml
----------------- Instantiating /home/travis/build/icyphy/ptII/ptolemy/domains/continuous/test/auto/TimeDelay3.xml
5 ms. Memory: 496640K Free: 388060K (78%)
----------------- Invoking toplevel() on ptolemy.moml.MoMLSimpleApplication@6f4e8b4a
----------------- Done invoking toplevel() on ptolemy.moml.MoMLSimpleApplication@6f4e8b4a
reloadAllAccessors: .TimeDelay3

===========================================================================================
----------------- testing Fri Jun 21 11:14:04 UTC 2019 /home/travis/build/icyphy/ptII/ptolemy/domains/continuous/test/auto/TransferAbsentToInside.xml
----------------- Instantiating /home/travis/build/icyphy/ptII/ptolemy/domains/continuous/test/auto/TransferAbsentToInside.xml
30 ms. Memory: 496640K Free: 335838K (68%)
----------------- Invoking toplevel() on ptolemy.moml.MoMLSimpleApplication@492383b5
----------------- Done invoking toplevel() on ptolemy.moml.MoMLSimpleApplication@492383b5
reloadAllAccessors: .TransferAbsentToInside

===========================================================================================
----------------- testing Fri Jun 21 11:14:05 UTC 2019 /home/travis/build/icyphy/ptII/ptolemy/domains/continuous/test/auto/Transmission.xml
----------------- Instantiating /home/travis/build/icyphy/ptII/ptolemy/domains/continuous/test/auto/Transmission.xml
795 ms. Memory: 496640K Free: 399319K (80%)
----------------- Invoking toplevel() on ptolemy.moml.MoMLSimpleApplication@52ec2f01
----------------- Done invoking toplevel() on ptolemy.moml.MoMLSimpleApplication@52ec2f01
reloadAllAccessors: .Transmission

===========================================================================================
----------------- testing Fri Jun 21 11:14:05 UTC 2019 /home/travis/build/icyphy/ptII/ptolemy/domains/continuous/test/auto/TriggeredContinuousClock.xml
----------------- Instantiating /home/travis/build/icyphy/ptII/ptolemy/domains/continuous/test/auto/TriggeredContinuousClock.xml
42 ms. Memory: 496640K Free: 370127K (75%)
----------------- Invoking toplevel() on ptolemy.moml.MoMLSimpleApplication@7d39b287
----------------- Done invoking toplevel() on ptolemy.moml.MoMLSimpleApplication@7d39b287
reloadAllAccessors: .TriggeredContinuousClock

===========================================================================================
----------------- testing Fri Jun 21 11:14:05 UTC 2019 /home/travis/build/icyphy/ptII/ptolemy/domains/continuous/test/auto/TwoMachineInfiniteBusControl.xml
----------------- Instantiating /home/travis/build/icyphy/ptII/ptolemy/domains/continuous/test/auto/TwoMachineInfiniteBusControl.xml
2886 ms. Memory: 496640K Free: 360820K (73%)
----------------- Invoking toplevel() on ptolemy.moml.MoMLSimpleApplication@545a4162
----------------- Done invoking toplevel() on ptolemy.moml.MoMLSimpleApplication@545a4162
reloadAllAccessors: .TwoMachineInfiniteBusControl

===========================================================================================
----------------- testing Fri Jun 21 11:14:08 UTC 2019 /home/travis/build/icyphy/ptII/ptolemy/domains/continuous/test/auto/V2V.xml
----------------- Instantiating /home/travis/build/icyphy/ptII/ptolemy/domains/continuous/test/auto/V2V.xml
820 ms. Memory: 496640K Free: 466301K (94%)
----------------- Invoking toplevel() on ptolemy.moml.MoMLSimpleApplication@3add5976
----------------- Done invoking toplevel() on ptolemy.moml.MoMLSimpleApplication@3add5976
reloadAllAccessors: .V2V

===========================================================================================
----------------- testing Fri Jun 21 11:14:09 UTC 2019 /home/travis/build/icyphy/ptII/ptolemy/domains/continuous/test/auto/hierarchicalModalModel.xml
----------------- Instantiating /home/travis/build/icyphy/ptII/ptolemy/domains/continuous/test/auto/hierarchicalModalModel.xml
7 ms. Memory: 496640K Free: 451455K (91%)
----------------- Invoking toplevel() on ptolemy.moml.MoMLSimpleApplication@a177e8
----------------- Done invoking toplevel() on ptolemy.moml.MoMLSimpleApplication@a177e8
reloadAllAccessors: .hierarchicalModalModel

===========================================================================================
----------------- testing Fri Jun 21 11:14:09 UTC 2019 /home/travis/build/icyphy/ptII/ptolemy/domains/continuous/test/auto/hierarchicalModalModel1.xml
----------------- Instantiating /home/travis/build/icyphy/ptII/ptolemy/domains/continuous/test/auto/hierarchicalModalModel1.xml
8 ms. Memory: 496640K Free: 437119K (88%)
----------------- Invoking toplevel() on ptolemy.moml.MoMLSimpleApplication@56e2188
----------------- Done invoking toplevel() on ptolemy.moml.MoMLSimpleApplication@56e2188
reloadAllAccessors: .hierarchicalModalModel1

===========================================================================================
----------------- testing Fri Jun 21 11:14:09 UTC 2019 /home/travis/build/icyphy/ptII/ptolemy/domains/continuous/test/auto/hierarchicalModalModel2.xml
----------------- Instantiating /home/travis/build/icyphy/ptII/ptolemy/domains/continuous/test/auto/hierarchicalModalModel2.xml
6 ms. Memory: 496640K Free: 424831K (86%)
----------------- Invoking toplevel() on ptolemy.moml.MoMLSimpleApplication@7449d651
----------------- Done invoking toplevel() on ptolemy.moml.MoMLSimpleApplication@7449d651
reloadAllAccessors: .hierarchicalModalModel2

===========================================================================================
----------------- testing Fri Jun 21 11:14:09 UTC 2019 /home/travis/build/icyphy/ptII/ptolemy/domains/continuous/test/auto/hierarchicalModalModel3.xml
----------------- Instantiating /home/travis/build/icyphy/ptII/ptolemy/domains/continuous/test/auto/hierarchicalModalModel3.xml
6 ms. Memory: 496640K Free: 414077K (83%)
----------------- Invoking toplevel() on ptolemy.moml.MoMLSimpleApplication@51287e75
----------------- Done invoking toplevel() on ptolemy.moml.MoMLSimpleApplication@51287e75
reloadAllAccessors: .hierarchicalModalModel3

===========================================================================================
----------------- testing Fri Jun 21 11:14:09 UTC 2019 /home/travis/build/icyphy/ptII/ptolemy/domains/continuous/test/auto/hierarchicalModalModel4.xml
----------------- Instantiating /home/travis/build/icyphy/ptII/ptolemy/domains/continuous/test/auto/hierarchicalModalModel4.xml
6 ms. Memory: 496640K Free: 402303K (81%)
----------------- Invoking toplevel() on ptolemy.moml.MoMLSimpleApplication@d60b33a
----------------- Done invoking toplevel() on ptolemy.moml.MoMLSimpleApplication@d60b33a
reloadAllAccessors: .hierarchicalModalModel4

===========================================================================================
----------------- testing Fri Jun 21 11:14:10 UTC 2019 /home/travis/build/icyphy/ptII/ptolemy/domains/continuous/test/auto/junk.xml
----------------- Instantiating /home/travis/build/icyphy/ptII/ptolemy/domains/continuous/test/auto/junk.xml
139 ms. Memory: 496640K Free: 377727K (76%)
----------------- Invoking toplevel() on ptolemy.moml.MoMLSimpleApplication@5c277943
----------------- Done invoking toplevel() on ptolemy.moml.MoMLSimpleApplication@5c277943
reloadAllAccessors: .junk
AutoTests.java: About to close Vertx.
AutoTests.java: Vertx closed.
]]></system-out>
  <system-err><![CDATA[Warning: '.HysteresisWithRandomDelay.NonStrictTest3' The test produced only 27 tokens, yet the correctValues parameter was expecting 30 tokens.
Warning: '.IncreasingRatePoisson.NonStrictTest' The test produced only 400 tokens, yet the correctValues parameter was expecting 402 tokens.
Warning: '.Poisson.NonStrictTest' The test produced only 399 tokens, yet the correctValues parameter was expecting 430 tokens.
]]></system-err>
</testsuite>
