<?xml version="1.0" encoding="UTF-8" ?>
<testsuite errors="0" failures="0" hostname="travis-job-a010633a-d052-4894-885c-fc6efba39f38" name="ptolemy.domains.de.test.junit.JUnitTclTest" skipped="0" tests="101" time="124.588" timestamp="2020-07-24T02:18:14">
  <properties>
[...]
</properties>
  <testcase classname="ptolemy.util.test.junit.TclTests" name="[0] /home/travis/build/icyphy/ptII/ptolemy/domains/de/test/DependencyLoop.tcl (RunTclFile)" time="0.922" />
  <testcase classname="ptolemy.util.test.junit.TclTests" name="[1] /home/travis/build/icyphy/ptII/ptolemy/domains/de/test/RunDETestsAsQSS.tcl (RunTclFile)" time="83.991" />
  <testcase classname="ptolemy.util.test.junit.AutoKnownFailedTests" name="[0] /home/travis/build/icyphy/ptII/ptolemy/domains/de/test/auto/knownFailedTests/DESDFClockTest.xml (RunModel)" time="2.035" />
  <testcase classname="ptolemy.util.test.junit.AutoKnownFailedTests" name="[1] /home/travis/build/icyphy/ptII/ptolemy/domains/de/test/auto/knownFailedTests/DirectFeedback.xml (RunModel)" time="0.028" />
  <testcase classname="ptolemy.util.test.junit.AutoKnownFailedTests" name="[2] /home/travis/build/icyphy/ptII/ptolemy/domains/de/test/auto/knownFailedTests/FSMSource.xml (RunModel)" time="0.041" />
  <testcase classname="ptolemy.util.test.junit.AutoKnownFailedTests" name="[3] /home/travis/build/icyphy/ptII/ptolemy/domains/de/test/auto/knownFailedTests/HierarchicalModel.xml (RunModel)" time="0.049" />
  <testcase classname="ptolemy.util.test.junit.AutoKnownFailedTests" name="[4] /home/travis/build/icyphy/ptII/ptolemy/domains/de/test/auto/knownFailedTests/dependencyLoop.xml (RunModel)" time="0.04" />
  <testcase classname="ptolemy.util.test.junit.AutoKnownFailedTests" name="[5] /home/travis/build/icyphy/ptII/ptolemy/domains/de/test/auto/knownFailedTests/dependencyLoop2.xml (RunModel)" time="0.054" />
  <testcase classname="ptolemy.util.test.junit.AutoNameArchTests" name="[0] ThereAreNoAutoArchTests (RunModel)" time="0.001" />
  <testcase classname="ptolemy.util.test.junit.AutoTests" name="[0] /home/travis/build/icyphy/ptII/ptolemy/domains/de/test/auto/ActorDepthCalculation_actorWithoutPorts.xml (RunModel)" time="0.025" />
  <testcase classname="ptolemy.util.test.junit.AutoTests" name="[1] /home/travis/build/icyphy/ptII/ptolemy/domains/de/test/auto/AssemblyLine.xml (RunModel)" time="0.03" />
  <testcase classname="ptolemy.util.test.junit.AutoTests" name="[2] /home/travis/build/icyphy/ptII/ptolemy/domains/de/test/auto/CQBug1.xml (RunModel)" time="0.012" />
  <testcase classname="ptolemy.util.test.junit.AutoTests" name="[3] /home/travis/build/icyphy/ptII/ptolemy/domains/de/test/auto/CancelFireAt.xml (RunModel)" time="0.025" />
  <testcase classname="ptolemy.util.test.junit.AutoTests" name="[4] /home/travis/build/icyphy/ptII/ptolemy/domains/de/test/auto/CausalityAndComposabilityAnalysis.xml (RunModel)" time="0.023" />
  <testcase classname="ptolemy.util.test.junit.AutoTests" name="[5] /home/travis/build/icyphy/ptII/ptolemy/domains/de/test/auto/CausalityInterface1.xml (RunModel)" time="0.014" />
  <testcase classname="ptolemy.util.test.junit.AutoTests" name="[6] /home/travis/build/icyphy/ptII/ptolemy/domains/de/test/auto/CausalityInterface15.xml (RunModel)" time="0.017" />
  <testcase classname="ptolemy.util.test.junit.AutoTests" name="[7] /home/travis/build/icyphy/ptII/ptolemy/domains/de/test/auto/CausalityInterface2.xml (RunModel)" time="0.016" />
  <testcase classname="ptolemy.util.test.junit.AutoTests" name="[8] /home/travis/build/icyphy/ptII/ptolemy/domains/de/test/auto/CausalityInterface3.xml (RunModel)" time="0.021" />
  <testcase classname="ptolemy.util.test.junit.AutoTests" name="[9] /home/travis/build/icyphy/ptII/ptolemy/domains/de/test/auto/ClockDrift.xml (RunModel)" time="0.044" />
  <testcase classname="ptolemy.util.test.junit.AutoTests" name="[10] /home/travis/build/icyphy/ptII/ptolemy/domains/de/test/auto/ClockDriftAndValueChange.xml (RunModel)" time="0.031" />
  <testcase classname="ptolemy.util.test.junit.AutoTests" name="[11] /home/travis/build/icyphy/ptII/ptolemy/domains/de/test/auto/ClockDriftChange.xml (RunModel)" time="0.032" />
  <testcase classname="ptolemy.util.test.junit.AutoTests" name="[12] /home/travis/build/icyphy/ptII/ptolemy/domains/de/test/auto/ComposableCausalityAnalysis.xml (RunModel)" time="0.018" />
  <testcase classname="ptolemy.util.test.junit.AutoTests" name="[13] /home/travis/build/icyphy/ptII/ptolemy/domains/de/test/auto/DEFixedPointLimitation.xml (RunModel)" time="0.01" />
  <testcase classname="ptolemy.util.test.junit.AutoTests" name="[14] /home/travis/build/icyphy/ptII/ptolemy/domains/de/test/auto/DEScheduleTest.xml (RunModel)" time="0.023" />
  <testcase classname="ptolemy.util.test.junit.AutoTests" name="[15] /home/travis/build/icyphy/ptII/ptolemy/domains/de/test/auto/DEinDEwithStartTimes.xml (RunModel)" time="0.02" />
  <testcase classname="ptolemy.util.test.junit.AutoTests" name="[16] /home/travis/build/icyphy/ptII/ptolemy/domains/de/test/auto/DEinDEwithStartTimes2.xml (RunModel)" time="0.02" />
  <testcase classname="ptolemy.util.test.junit.AutoTests" name="[17] /home/travis/build/icyphy/ptII/ptolemy/domains/de/test/auto/DateDemo.xml (RunModel)" time="0.039" />
  <testcase classname="ptolemy.util.test.junit.AutoTests" name="[18] /home/travis/build/icyphy/ptII/ptolemy/domains/de/test/auto/DateToEvent.xml (RunModel)" time="2.049" />
  <testcase classname="ptolemy.util.test.junit.AutoTests" name="[19] /home/travis/build/icyphy/ptII/ptolemy/domains/de/test/auto/DepthTest1.xml (RunModel)" time="0.01" />
  <testcase classname="ptolemy.util.test.junit.AutoTests" name="[20] /home/travis/build/icyphy/ptII/ptolemy/domains/de/test/auto/DepthTest2.xml (RunModel)" time="0.032" />
  <testcase classname="ptolemy.util.test.junit.AutoTests" name="[21] /home/travis/build/icyphy/ptII/ptolemy/domains/de/test/auto/DepthTest3.xml (RunModel)" time="0.011" />
  <testcase classname="ptolemy.util.test.junit.AutoTests" name="[22] /home/travis/build/icyphy/ptII/ptolemy/domains/de/test/auto/DepthTest4.xml (RunModel)" time="0.02" />
  <testcase classname="ptolemy.util.test.junit.AutoTests" name="[23] /home/travis/build/icyphy/ptII/ptolemy/domains/de/test/auto/DepthTest5.xml (RunModel)" time="0.017" />
  <testcase classname="ptolemy.util.test.junit.AutoTests" name="[24] /home/travis/build/icyphy/ptII/ptolemy/domains/de/test/auto/DepthTest6.xml (RunModel)" time="0.018" />
  <testcase classname="ptolemy.util.test.junit.AutoTests" name="[25] /home/travis/build/icyphy/ptII/ptolemy/domains/de/test/auto/DepthTest7.xml (RunModel)" time="0.014" />
  <testcase classname="ptolemy.util.test.junit.AutoTests" name="[26] /home/travis/build/icyphy/ptII/ptolemy/domains/de/test/auto/EventToDate.xml (RunModel)" time="3.043" />
  <testcase classname="ptolemy.util.test.junit.AutoTests" name="[27] /home/travis/build/icyphy/ptII/ptolemy/domains/de/test/auto/FSM1.xml (RunModel)" time="0.055" />
  <testcase classname="ptolemy.util.test.junit.AutoTests" name="[28] /home/travis/build/icyphy/ptII/ptolemy/domains/de/test/auto/FSM7.xml (RunModel)" time="0.049" />
  <testcase classname="ptolemy.util.test.junit.AutoTests" name="[29] /home/travis/build/icyphy/ptII/ptolemy/domains/de/test/auto/Inspection.xml (RunModel)" time="0.043" />
  <testcase classname="ptolemy.util.test.junit.AutoTests" name="[30] /home/travis/build/icyphy/ptII/ptolemy/domains/de/test/auto/Iteration.xml (RunModel)" time="0.026" />
  <testcase classname="ptolemy.util.test.junit.AutoTests" name="[31] /home/travis/build/icyphy/ptII/ptolemy/domains/de/test/auto/LineFault.xml (RunModel)" time="0.55" />
  <testcase classname="ptolemy.util.test.junit.AutoTests" name="[32] /home/travis/build/icyphy/ptII/ptolemy/domains/de/test/auto/MergeModel1Add.xml (RunModel)" time="0.048" />
  <testcase classname="ptolemy.util.test.junit.AutoTests" name="[33] /home/travis/build/icyphy/ptII/ptolemy/domains/de/test/auto/MergeModel2Add.xml (RunModel)" time="0.035" />
  <testcase classname="ptolemy.util.test.junit.AutoTests" name="[34] /home/travis/build/icyphy/ptII/ptolemy/domains/de/test/auto/MergeModel3Add.xml (RunModel)" time="0.045" />
  <testcase classname="ptolemy.util.test.junit.AutoTests" name="[35] /home/travis/build/icyphy/ptII/ptolemy/domains/de/test/auto/MergeWithoutDiscard.xml (RunModel)" time="0.019" />
  <testcase classname="ptolemy.util.test.junit.AutoTests" name="[36] /home/travis/build/icyphy/ptII/ptolemy/domains/de/test/auto/Modal1.xml (RunModel)" time="0.035" />
  <testcase classname="ptolemy.util.test.junit.AutoTests" name="[37] /home/travis/build/icyphy/ptII/ptolemy/domains/de/test/auto/Modal2.xml (RunModel)" time="0.029" />
  <testcase classname="ptolemy.util.test.junit.AutoTests" name="[38] /home/travis/build/icyphy/ptII/ptolemy/domains/de/test/auto/Modal3.xml (RunModel)" time="0.032" />
  <testcase classname="ptolemy.util.test.junit.AutoTests" name="[39] /home/travis/build/icyphy/ptII/ptolemy/domains/de/test/auto/Modal4.xml (RunModel)" time="0.03" />
  <testcase classname="ptolemy.util.test.junit.AutoTests" name="[40] /home/travis/build/icyphy/ptII/ptolemy/domains/de/test/auto/Modal5.xml (RunModel)" time="0.03" />
  <testcase classname="ptolemy.util.test.junit.AutoTests" name="[41] /home/travis/build/icyphy/ptII/ptolemy/domains/de/test/auto/Modal6.xml (RunModel)" time="0.024" />
  <testcase classname="ptolemy.util.test.junit.AutoTests" name="[42] /home/travis/build/icyphy/ptII/ptolemy/domains/de/test/auto/Modal7.xml (RunModel)" time="0.027" />
  <testcase classname="ptolemy.util.test.junit.AutoTests" name="[43] /home/travis/build/icyphy/ptII/ptolemy/domains/de/test/auto/ModalModel.xml (RunModel)" time="0.156" />
  <testcase classname="ptolemy.util.test.junit.AutoTests" name="[44] /home/travis/build/icyphy/ptII/ptolemy/domains/de/test/auto/ModalSource.xml (RunModel)" time="0.017" />
  <testcase classname="ptolemy.util.test.junit.AutoTests" name="[45] /home/travis/build/icyphy/ptII/ptolemy/domains/de/test/auto/NonInterruptibleTimerZeroDelay.xml (RunModel)" time="0.015" />
  <testcase classname="ptolemy.util.test.junit.AutoTests" name="[46] /home/travis/build/icyphy/ptII/ptolemy/domains/de/test/auto/OpenQueueingNetwork.xml (RunModel)" time="2.375" />
  <testcase classname="ptolemy.util.test.junit.AutoTests" name="[47] /home/travis/build/icyphy/ptII/ptolemy/domains/de/test/auto/OpenQueuingNetwork.xml (RunModel)" time="0.266" />
  <testcase classname="ptolemy.util.test.junit.AutoTests" name="[48] /home/travis/build/icyphy/ptII/ptolemy/domains/de/test/auto/PeriodicSampler.xml (RunModel)" time="0.01" />
  <testcase classname="ptolemy.util.test.junit.AutoTests" name="[49] /home/travis/build/icyphy/ptII/ptolemy/domains/de/test/auto/PersistentIO.xml (RunModel)" time="0.018" />
  <testcase classname="ptolemy.util.test.junit.AutoTests" name="[50] /home/travis/build/icyphy/ptII/ptolemy/domains/de/test/auto/PortParameterResetOnInitialize.xml (RunModel)" time="0.015" />
  <testcase classname="ptolemy.util.test.junit.AutoTests" name="[51] /home/travis/build/icyphy/ptII/ptolemy/domains/de/test/auto/PortParameterUpdates.xml (RunModel)" time="0.015" />
  <testcase classname="ptolemy.util.test.junit.AutoTests" name="[52] /home/travis/build/icyphy/ptII/ptolemy/domains/de/test/auto/QueueAndServer.xml (RunModel)" time="0.02" />
  <testcase classname="ptolemy.util.test.junit.AutoTests" name="[53] /home/travis/build/icyphy/ptII/ptolemy/domains/de/test/auto/Records.xml (RunModel)" time="0.016" />
  <testcase classname="ptolemy.util.test.junit.AutoTests" name="[54] /home/travis/build/icyphy/ptII/ptolemy/domains/de/test/auto/ResetTransitionWithStartTime1.xml (RunModel)" time="0.017" />
  <testcase classname="ptolemy.util.test.junit.AutoTests" name="[55] /home/travis/build/icyphy/ptII/ptolemy/domains/de/test/auto/ResetTransitionWithStartTime2.xml (RunModel)" time="0.021" />
  <testcase classname="ptolemy.util.test.junit.AutoTests" name="[56] /home/travis/build/icyphy/ptII/ptolemy/domains/de/test/auto/ResetTransitionWithStartTime3.xml (RunModel)" time="0.022" />
  <testcase classname="ptolemy.util.test.junit.AutoTests" name="[57] /home/travis/build/icyphy/ptII/ptolemy/domains/de/test/auto/ResetTransitionWithStartTime4.xml (RunModel)" time="0.018" />
  <testcase classname="ptolemy.util.test.junit.AutoTests" name="[58] /home/travis/build/icyphy/ptII/ptolemy/domains/de/test/auto/ResettableTimer1.xml (RunModel)" time="0.01" />
  <testcase classname="ptolemy.util.test.junit.AutoTests" name="[59] /home/travis/build/icyphy/ptII/ptolemy/domains/de/test/auto/ResettableTimer2.xml (RunModel)" time="0.015" />
  <testcase classname="ptolemy.util.test.junit.AutoTests" name="[60] /home/travis/build/icyphy/ptII/ptolemy/domains/de/test/auto/ResettableTimer3.xml (RunModel)" time="0.013" />
  <testcase classname="ptolemy.util.test.junit.AutoTests" name="[61] /home/travis/build/icyphy/ptII/ptolemy/domains/de/test/auto/ResettableTimer4.xml (RunModel)" time="0.013" />
  <testcase classname="ptolemy.util.test.junit.AutoTests" name="[62] /home/travis/build/icyphy/ptII/ptolemy/domains/de/test/auto/ResettableTimer5.xml (RunModel)" time="0.012" />
  <testcase classname="ptolemy.util.test.junit.AutoTests" name="[63] /home/travis/build/icyphy/ptII/ptolemy/domains/de/test/auto/ResettableTimer6.xml (RunModel)" time="0.018" />
  <testcase classname="ptolemy.util.test.junit.AutoTests" name="[64] /home/travis/build/icyphy/ptII/ptolemy/domains/de/test/auto/ServerZeroDelay.xml (RunModel)" time="0.014" />
  <testcase classname="ptolemy.util.test.junit.AutoTests" name="[65] /home/travis/build/icyphy/ptII/ptolemy/domains/de/test/auto/SmartSender.xml (RunModel)" time="3.011" />
  <testcase classname="ptolemy.util.test.junit.AutoTests" name="[66] /home/travis/build/icyphy/ptII/ptolemy/domains/de/test/auto/ThreadedComposite.xml (RunModel)" time="0.169" />
  <testcase classname="ptolemy.util.test.junit.AutoTests" name="[67] /home/travis/build/icyphy/ptII/ptolemy/domains/de/test/auto/Time.xml (RunModel)" time="0.352" />
  <testcase classname="ptolemy.util.test.junit.AutoTests" name="[68] /home/travis/build/icyphy/ptII/ptolemy/domains/de/test/auto/TimeDelayZeroDelay.xml (RunModel)" time="0.012" />
  <testcase classname="ptolemy.util.test.junit.AutoTests" name="[69] /home/travis/build/icyphy/ptII/ptolemy/domains/de/test/auto/TimerZeroDelay.xml (RunModel)" time="0.011" />
  <testcase classname="ptolemy.util.test.junit.AutoTests" name="[70] /home/travis/build/icyphy/ptII/ptolemy/domains/de/test/auto/TimingParadox.xml (RunModel)" time="0.323" />
  <testcase classname="ptolemy.util.test.junit.AutoTests" name="[71] /home/travis/build/icyphy/ptII/ptolemy/domains/de/test/auto/TransferInputs.xml (RunModel)" time="0.008" />
  <testcase classname="ptolemy.util.test.junit.AutoTests" name="[72] /home/travis/build/icyphy/ptII/ptolemy/domains/de/test/auto/TransferOutputs2.xml (RunModel)" time="0.014" />
  <testcase classname="ptolemy.util.test.junit.AutoTests" name="[73] /home/travis/build/icyphy/ptII/ptolemy/domains/de/test/auto/Trilateration.xml (RunModel)" time="11.149" />
  <testcase classname="ptolemy.util.test.junit.AutoTests" name="[74] /home/travis/build/icyphy/ptII/ptolemy/domains/de/test/auto/TwoSigmaDelta.xml (RunModel)" time="1.975" />
  <testcase classname="ptolemy.util.test.junit.AutoTests" name="[75] /home/travis/build/icyphy/ptII/ptolemy/domains/de/test/auto/VariableDelay.xml (RunModel)" time="0.016" />
  <testcase classname="ptolemy.util.test.junit.AutoTests" name="[76] /home/travis/build/icyphy/ptII/ptolemy/domains/de/test/auto/VariableDelay2.xml (RunModel)" time="0.009" />
  <testcase classname="ptolemy.util.test.junit.AutoTests" name="[77] /home/travis/build/icyphy/ptII/ptolemy/domains/de/test/auto/VariableDelayZeroDelay.xml (RunModel)" time="0.022" />
  <testcase classname="ptolemy.util.test.junit.AutoTests" name="[78] /home/travis/build/icyphy/ptII/ptolemy/domains/de/test/auto/VariableDelayZeroDelay2.xml (RunModel)" time="0.01" />
  <testcase classname="ptolemy.util.test.junit.AutoTests" name="[79] /home/travis/build/icyphy/ptII/ptolemy/domains/de/test/auto/deInCt.xml (RunModel)" time="0.014" />
  <testcase classname="ptolemy.util.test.junit.AutoTests" name="[80] /home/travis/build/icyphy/ptII/ptolemy/domains/de/test/auto/deInCt2.xml (RunModel)" time="0.011" />
  <testcase classname="ptolemy.util.test.junit.AutoTests" name="[81] /home/travis/build/icyphy/ptII/ptolemy/domains/de/test/auto/dynamicCausalityInterface1.xml (RunModel)" time="0.023" />
  <testcase classname="ptolemy.util.test.junit.AutoTests" name="[82] /home/travis/build/icyphy/ptII/ptolemy/domains/de/test/auto/fsm_de_test.xml (RunModel)" time="0.024" />
  <testcase classname="ptolemy.util.test.junit.AutoTests" name="[83] /home/travis/build/icyphy/ptII/ptolemy/domains/de/test/auto/functionDependencyReconstruction.xml (RunModel)" time="0.028" />
  <testcase classname="ptolemy.util.test.junit.AutoTests" name="[84] /home/travis/build/icyphy/ptII/ptolemy/domains/de/test/auto/multirate.xml (RunModel)" time="0.014" />
  <testcase classname="ptolemy.util.test.junit.AutoTests" name="[85] /home/travis/build/icyphy/ptII/ptolemy/domains/de/test/auto/multirate2.xml (RunModel)" time="0.014" />
  <testcase classname="ptolemy.util.test.junit.AutoTests" name="[86] /home/travis/build/icyphy/ptII/ptolemy/domains/de/test/auto/realtime.xml (RunModel)" time="10.011" />
  <testcase classname="ptolemy.util.test.junit.AutoTests" name="[87] /home/travis/build/icyphy/ptII/ptolemy/domains/de/test/auto/relationGroup.xml (RunModel)" time="0.014" />
  <testcase classname="ptolemy.util.test.junit.AutoTests" name="[88] /home/travis/build/icyphy/ptII/ptolemy/domains/de/test/auto/relationGroup2.xml (RunModel)" time="0.007" />
  <testcase classname="ptolemy.util.test.junit.AutoTests" name="[89] /home/travis/build/icyphy/ptII/ptolemy/domains/de/test/auto/sortWithOpaquePorts.xml (RunModel)" time="0.01" />
  <testcase classname="ptolemy.util.test.junit.AutoTests" name="[90] /home/travis/build/icyphy/ptII/ptolemy/domains/de/test/auto/transferInputsandOutputs.xml (RunModel)" time="0.022" />
  <testcase classname="ptolemy.util.test.junit.AutoTests" name="[91] /home/travis/build/icyphy/ptII/ptolemy/domains/de/test/auto/triggerType.xml (RunModel)" time="0.033" />
  <system-out><![CDATA[/home/travis/build/icyphy/ptII/ptolemy/domains/de/test/DependencyLoop.tcl
testDefs.tcl: setting time out to 9000 seconds at Fri Jul 24 02:18:14 UTC 2020
79 ms. Memory: 129024K Free: 78792K (61%)
24 ms. Memory: 129024K Free: 61384K (48%)
/home/travis/build/icyphy/ptII/ptolemy/domains/de/test/RunDETestsAsQSS.tcl
Run the DE tests using ptolemy.domains.qss.test.QSSDirectorTest, which extends QSSDirector and prints a message in the constructors.
------------------ testing $PTII/ptolemy/domains/de/test/auto/knownFailedTests/DirectFeedback.xml (Known Failure) 
56 ms. Memory: 129024K Free: 56264K (44%)


==== $PTIIhome/travis/build/icyphy/ptII/ptolemy/domains/de/test/../../../../: Auto Automatic test in file $PTII/ptolemy/domains/de/test/auto/knownFailedTests/DirectFeedback.xml
==== Contents of test case:

	    # FIXME: we should use $relativeFilename here, but it
	    # might have backslashes under Windows, which causes no end
	    # of trouble.
	    createAndExecute $file
	    list {}
	
.... Test generated KNOWN error:
    while executing
ptolemy.kernel.util.IllegalActionException: Test fails in iteration 1.
Value was: 1.0. Should have been: 2.0
  in .DirectFeedback.Test
	at ptolemy.actor.lib.Test.fire(Test.java:268)
	at ptolemy.domains.de.kernel.DEDirector._fire(DEDirector.java:1949)
	at ptolemy.domains.de.kernel.DEDirector.fire(DEDirector.java:502)
	at ptolemy.actor.CompositeActor.fire(CompositeActor.java:455)
	at ptolemy.actor.Manager.iterate(Manager.java:851)
	at ptolemy.actor.Manager.execute(Manager.java:369)
	at ptolemy.actor.Manager.run(Manager.java:1263)
	at ptolemy.actor.Manager$PtolemyRunThread.run(Manager.java:1933)

    while executing
ptolemy.kernel.util.IllegalActionException: Test fails in iteration 1.
Value was: 1.0. Should have been: 2.0
  in .DirectFeedback.Test
    while executing
"java::new ptolemy.moml.MoMLSimpleApplication $file
"
    (procedure "createAndExecute" line 2)
    invoked from within
"createAndExecute $file"
    ("uplevel" body line 5)
    invoked from within
"uplevel $contents_of_test"
------------------ testing $PTII/ptolemy/domains/de/test/auto/knownFailedTests/dependencyLoop.xml (Known Failure) 
9 ms. Memory: 129024K Free: 53192K (41%)


==== $PTIIhome/travis/build/icyphy/ptII/ptolemy/domains/de/test/../../../../: Auto Automatic test in file $PTII/ptolemy/domains/de/test/auto/knownFailedTests/dependencyLoop.xml
==== Contents of test case:

	    # FIXME: we should use $relativeFilename here, but it
	    # might have backslashes under Windows, which causes no end
	    # of trouble.
	    createAndExecute $file
	    list {}
	
.... Test generated KNOWN error:
    while executing
ptolemy.kernel.util.IllegalActionException: Found a zero delay loop containing .dependencyLoop.original
  in .dependencyLoop and .dependencyLoop.original
	at ptolemy.actor.util.CausalityInterfaceForComposites._computeOutputPortDepth(CausalityInterfaceForComposites.java:759)
	at ptolemy.actor.util.CausalityInterfaceForComposites._computeInputDepth(CausalityInterfaceForComposites.java:696)
	at ptolemy.actor.util.CausalityInterfaceForComposites._computeOutputPortDepth(CausalityInterfaceForComposites.java:765)
	at ptolemy.actor.util.CausalityInterfaceForComposites._computeInputDepth(CausalityInterfaceForComposites.java:696)
	at ptolemy.actor.util.CausalityInterfaceForComposites._computeOutputPortDepth(CausalityInterfaceForComposites.java:765)
	at ptolemy.actor.util.CausalityInterfaceForComposites._computeInputDepth(CausalityInterfaceForComposites.java:696)
	at ptolemy.actor.util.CausalityInterfaceForComposites._computeActorDepth(CausalityInterfaceForComposites.java:532)
	at ptolemy.actor.util.CausalityInterfaceForComposites.checkForCycles(CausalityInterfaceForComposites.java:96)
	at ptolemy.domains.de.kernel.DEDirector.preinitialize(DEDirector.java:1338)
	at ptolemy.actor.CompositeActor.preinitialize(CompositeActor.java:1828)
	at ptolemy.actor.Manager.preinitializeAndResolveTypes(Manager.java:1040)
	at ptolemy.actor.Manager.initialize(Manager.java:710)
	at ptolemy.actor.Manager.execute(Manager.java:356)
	at ptolemy.actor.Manager.run(Manager.java:1263)
	at ptolemy.actor.Manager$PtolemyRunThread.run(Manager.java:1933)

    while executing
ptolemy.kernel.util.IllegalActionException: Found a zero delay loop containing .dependencyLoop.original
  in .dependencyLoop and .dependencyLoop.original
    while executing
"java::new ptolemy.moml.MoMLSimpleApplication $file
"
    (procedure "createAndExecute" line 2)
    invoked from within
"createAndExecute $file"
    ("uplevel" body line 5)
    invoked from within
"uplevel $contents_of_test"
------------------ testing $PTII/ptolemy/domains/de/test/auto/knownFailedTests/FSMSource.xml (Known Failure) 
68 ms. Memory: 129024K Free: 111927K (87%)
!!!! Auto was marked as failing, but now passes
------------------ testing $PTII/ptolemy/domains/de/test/auto/knownFailedTests/HierarchicalModel.xml (Known Failure) 
11 ms. Memory: 129024K Free: 94494K (73%)


==== $PTIIhome/travis/build/icyphy/ptII/ptolemy/domains/de/test/../../../../: Auto Automatic test in file $PTII/ptolemy/domains/de/test/auto/knownFailedTests/HierarchicalModel.xml
==== Contents of test case:

	    # FIXME: we should use $relativeFilename here, but it
	    # might have backslashes under Windows, which causes no end
	    # of trouble.
	    createAndExecute $file
	    list {}
	
.... Test generated KNOWN error:
    while executing
ptolemy.kernel.util.IllegalActionException: Found a zero delay loop containing .HierarchicalModel.A
  in .HierarchicalModel and .HierarchicalModel.A
	at ptolemy.actor.util.CausalityInterfaceForComposites._computeOutputPortDepth(CausalityInterfaceForComposites.java:759)
	at ptolemy.actor.util.CausalityInterfaceForComposites._computeInputDepth(CausalityInterfaceForComposites.java:696)
	at ptolemy.actor.util.CausalityInterfaceForComposites._computeOutputPortDepth(CausalityInterfaceForComposites.java:765)
	at ptolemy.actor.util.CausalityInterfaceForComposites._computeInputDepth(CausalityInterfaceForComposites.java:696)
	at ptolemy.actor.util.CausalityInterfaceForComposites._computeOutputPortDepth(CausalityInterfaceForComposites.java:765)
	at ptolemy.actor.util.CausalityInterfaceForComposites._computeInputDepth(CausalityInterfaceForComposites.java:696)
	at ptolemy.actor.util.CausalityInterfaceForComposites._computeActorDepth(CausalityInterfaceForComposites.java:532)
	at ptolemy.actor.util.CausalityInterfaceForComposites.checkForCycles(CausalityInterfaceForComposites.java:96)
	at ptolemy.domains.de.kernel.DEDirector.preinitialize(DEDirector.java:1338)
	at ptolemy.actor.CompositeActor.preinitialize(CompositeActor.java:1828)
	at ptolemy.actor.Manager.preinitializeAndResolveTypes(Manager.java:1040)
	at ptolemy.actor.Manager.initialize(Manager.java:710)
	at ptolemy.actor.Manager.execute(Manager.java:356)
	at ptolemy.actor.Manager.run(Manager.java:1263)
	at ptolemy.actor.Manager$PtolemyRunThread.run(Manager.java:1933)

    while executing
ptolemy.kernel.util.IllegalActionException: Found a zero delay loop containing .HierarchicalModel.A
  in .HierarchicalModel and .HierarchicalModel.A
    while executing
"java::new ptolemy.moml.MoMLSimpleApplication $file
"
    (procedure "createAndExecute" line 2)
    invoked from within
"createAndExecute $file"
    ("uplevel" body line 5)
    invoked from within
"uplevel $contents_of_test"
------------------ testing $PTII/ptolemy/domains/de/test/auto/knownFailedTests/dependencyLoop2.xml (Known Failure) 
9 ms. Memory: 129024K Free: 78467K (61%)


==== $PTIIhome/travis/build/icyphy/ptII/ptolemy/domains/de/test/../../../../: Auto Automatic test in file $PTII/ptolemy/domains/de/test/auto/knownFailedTests/dependencyLoop2.xml
==== Contents of test case:

	    # FIXME: we should use $relativeFilename here, but it
	    # might have backslashes under Windows, which causes no end
	    # of trouble.
	    createAndExecute $file
	    list {}
	
.... Test generated KNOWN error:
    while executing
ptolemy.kernel.util.IllegalActionException: Found a zero delay loop containing .dependencyLoop2.original
  in .dependencyLoop2 and .dependencyLoop2.original
	at ptolemy.actor.util.CausalityInterfaceForComposites._computeOutputPortDepth(CausalityInterfaceForComposites.java:759)
	at ptolemy.actor.util.CausalityInterfaceForComposites._computeInputDepth(CausalityInterfaceForComposites.java:696)
	at ptolemy.actor.util.CausalityInterfaceForComposites._computeOutputPortDepth(CausalityInterfaceForComposites.java:765)
	at ptolemy.actor.util.CausalityInterfaceForComposites._computeInputDepth(CausalityInterfaceForComposites.java:696)
	at ptolemy.actor.util.CausalityInterfaceForComposites._computeOutputPortDepth(CausalityInterfaceForComposites.java:765)
	at ptolemy.actor.util.CausalityInterfaceForComposites._computeInputDepth(CausalityInterfaceForComposites.java:696)
	at ptolemy.actor.util.CausalityInterfaceForComposites._computeActorDepth(CausalityInterfaceForComposites.java:532)
	at ptolemy.actor.util.CausalityInterfaceForComposites.checkForCycles(CausalityInterfaceForComposites.java:96)
	at ptolemy.domains.de.kernel.DEDirector.preinitialize(DEDirector.java:1338)
	at ptolemy.actor.CompositeActor.preinitialize(CompositeActor.java:1828)
	at ptolemy.actor.Manager.preinitializeAndResolveTypes(Manager.java:1040)
	at ptolemy.actor.Manager.initialize(Manager.java:710)
	at ptolemy.actor.Manager.execute(Manager.java:356)
	at ptolemy.actor.Manager.run(Manager.java:1263)
	at ptolemy.actor.Manager$PtolemyRunThread.run(Manager.java:1933)

    while executing
ptolemy.kernel.util.IllegalActionException: Found a zero delay loop containing .dependencyLoop2.original
  in .dependencyLoop2 and .dependencyLoop2.original
    while executing
"java::new ptolemy.moml.MoMLSimpleApplication $file
"
    (procedure "createAndExecute" line 2)
    invoked from within
"createAndExecute $file"
    ("uplevel" body line 5)
    invoked from within
"uplevel $contents_of_test"
------------------ testing $PTII/ptolemy/domains/de/test/auto/knownFailedTests/DESDFClockTest.xml (Known Failure) 
2058 ms. Memory: 129024K Free: 108657K (84%)


==== $PTIIhome/travis/build/icyphy/ptII/ptolemy/domains/de/test/../../../../: Auto Automatic test in file $PTII/ptolemy/domains/de/test/auto/knownFailedTests/DESDFClockTest.xml
==== Contents of test case:

	    # FIXME: we should use $relativeFilename here, but it
	    # might have backslashes under Windows, which causes no end
	    # of trouble.
	    createAndExecute $file
	    list {}
	
.... Test generated KNOWN error:
    while executing
ptolemy.kernel.util.IllegalActionException: Actor is not ready to fire.  Perhaps UpSample.prefire() returned false? Try debugging the actor by selecting "Listen to Actor".  Also, for SDF check moml for tokenConsumptionRate on input.
  in .DESDFClockTest.Play Bell.Copy1:SDF Director and .DESDFClockTest.Play Bell.UpSample
	at ptolemy.actor.sched.StaticSchedulingDirector.fire(StaticSchedulingDirector.java:227)
	at ptolemy.domains.sdf.kernel.SDFDirector.fire(SDFDirector.java:500)
	at ptolemy.actor.CompositeActor.fire(CompositeActor.java:455)
	at ptolemy.domains.de.kernel.DEDirector._fire(DEDirector.java:1949)
	at ptolemy.domains.de.kernel.DEDirector.fire(DEDirector.java:502)
	at ptolemy.actor.CompositeActor.fire(CompositeActor.java:455)
	at ptolemy.actor.Manager.iterate(Manager.java:851)
	at ptolemy.actor.Manager.execute(Manager.java:369)
	at ptolemy.actor.Manager.run(Manager.java:1263)
	at ptolemy.actor.Manager$PtolemyRunThread.run(Manager.java:1933)

    while executing
ptolemy.kernel.util.IllegalActionException: Actor is not ready to fire.  Perhaps UpSample.prefire() returned false? Try debugging the actor by selecting "Listen to Actor".  Also, for SDF check moml for tokenConsumptionRate on input.
  in .DESDFClockTest.Play Bell.Copy1:SDF Director and .DESDFClockTest.Play Bell.UpSample
    while executing
"java::new ptolemy.moml.MoMLSimpleApplication $file
"
    (procedure "createAndExecute" line 2)
    invoked from within
"createAndExecute $file"
    ("uplevel" body line 5)
    invoked from within
"uplevel $contents_of_test"
------------------ testing $PTII/ptolemy/domains/de/test/auto/ActorDepthCalculation_actorWithoutPorts.xml
auto.tcl: Setting watchdog for 200 seconds at Fri Jul 24 02:18:18 UTC 2020
10 ms. Memory: 129024K Free: 100979K (78%)
ptolemy.util.test.WatchDog.cancel(): canceling Fri Jul 24 02:18:18 UTC 2020
auto.tcl: Setting watchdog for 200 seconds at Fri Jul 24 02:18:18 UTC 2020
8 ms. Memory: 129024K Free: 99955K (77%)
ptolemy.util.test.WatchDog.cancel(): canceling Fri Jul 24 02:18:18 UTC 2020
------------------ testing $PTII/ptolemy/domains/de/test/auto/AssemblyLine.xml
auto.tcl: Setting watchdog for 200 seconds at Fri Jul 24 02:18:19 UTC 2020
11 ms. Memory: 55296K Free: 31854K (58%)
ptolemy.util.test.WatchDog.cancel(): canceling Fri Jul 24 02:18:19 UTC 2020
auto.tcl: Setting watchdog for 200 seconds at Fri Jul 24 02:18:19 UTC 2020
6 ms. Memory: 55296K Free: 31340K (57%)
ptolemy.util.test.WatchDog.cancel(): canceling Fri Jul 24 02:18:19 UTC 2020
------------------ testing $PTII/ptolemy/domains/de/test/auto/CQBug1.xml
auto.tcl: Setting watchdog for 200 seconds at Fri Jul 24 02:18:19 UTC 2020
2 ms. Memory: 51200K Free: 33263K (65%)
ptolemy.util.test.WatchDog.cancel(): canceling Fri Jul 24 02:18:19 UTC 2020
auto.tcl: Setting watchdog for 200 seconds at Fri Jul 24 02:18:19 UTC 2020
3 ms. Memory: 51200K Free: 33263K (65%)
ptolemy.util.test.WatchDog.cancel(): canceling Fri Jul 24 02:18:19 UTC 2020
------------------ testing $PTII/ptolemy/domains/de/test/auto/CancelFireAt.xml
auto.tcl: Setting watchdog for 200 seconds at Fri Jul 24 02:18:19 UTC 2020
3 ms. Memory: 51200K Free: 34478K (67%)
ptolemy.util.test.WatchDog.cancel(): canceling Fri Jul 24 02:18:19 UTC 2020
auto.tcl: Setting watchdog for 200 seconds at Fri Jul 24 02:18:19 UTC 2020
1 ms. Memory: 51200K Free: 34004K (66%)
ptolemy.util.test.WatchDog.cancel(): canceling Fri Jul 24 02:18:19 UTC 2020
------------------ testing $PTII/ptolemy/domains/de/test/auto/CausalityAndComposabilityAnalysis.xml
auto.tcl: Setting watchdog for 200 seconds at Fri Jul 24 02:18:19 UTC 2020
10 ms. Memory: 51200K Free: 32423K (63%)
ptolemy.util.test.WatchDog.cancel(): canceling Fri Jul 24 02:18:19 UTC 2020
auto.tcl: Setting watchdog for 200 seconds at Fri Jul 24 02:18:19 UTC 2020
7 ms. Memory: 51200K Free: 31964K (62%)
ptolemy.util.test.WatchDog.cancel(): canceling Fri Jul 24 02:18:19 UTC 2020
------------------ testing $PTII/ptolemy/domains/de/test/auto/CausalityInterface1.xml
auto.tcl: Setting watchdog for 200 seconds at Fri Jul 24 02:18:19 UTC 2020
32 ms. Memory: 51200K Free: 31368K (61%)
ptolemy.util.test.WatchDog.cancel(): canceling Fri Jul 24 02:18:19 UTC 2020
auto.tcl: Setting watchdog for 200 seconds at Fri Jul 24 02:18:19 UTC 2020
4 ms. Memory: 51200K Free: 30392K (59%)
ptolemy.util.test.WatchDog.cancel(): canceling Fri Jul 24 02:18:19 UTC 2020
------------------ testing $PTII/ptolemy/domains/de/test/auto/CausalityInterface15.xml
auto.tcl: Setting watchdog for 200 seconds at Fri Jul 24 02:18:19 UTC 2020
10 ms. Memory: 51200K Free: 30948K (60%)
ptolemy.util.test.WatchDog.cancel(): canceling Fri Jul 24 02:18:19 UTC 2020
auto.tcl: Setting watchdog for 200 seconds at Fri Jul 24 02:18:19 UTC 2020
4 ms. Memory: 51200K Free: 30335K (59%)
ptolemy.util.test.WatchDog.cancel(): canceling Fri Jul 24 02:18:19 UTC 2020
------------------ testing $PTII/ptolemy/domains/de/test/auto/CausalityInterface2.xml
auto.tcl: Setting watchdog for 200 seconds at Fri Jul 24 02:18:19 UTC 2020
3 ms. Memory: 51200K Free: 31973K (62%)
ptolemy.util.test.WatchDog.cancel(): canceling Fri Jul 24 02:18:19 UTC 2020
auto.tcl: Setting watchdog for 200 seconds at Fri Jul 24 02:18:19 UTC 2020
3 ms. Memory: 51200K Free: 31357K (61%)
ptolemy.util.test.WatchDog.cancel(): canceling Fri Jul 24 02:18:19 UTC 2020
------------------ testing $PTII/ptolemy/domains/de/test/auto/CausalityInterface3.xml
auto.tcl: Setting watchdog for 200 seconds at Fri Jul 24 02:18:19 UTC 2020
5 ms. Memory: 51200K Free: 31551K (62%)
ptolemy.util.test.WatchDog.cancel(): canceling Fri Jul 24 02:18:19 UTC 2020
auto.tcl: Setting watchdog for 200 seconds at Fri Jul 24 02:18:19 UTC 2020
3 ms. Memory: 51200K Free: 31079K (61%)
ptolemy.util.test.WatchDog.cancel(): canceling Fri Jul 24 02:18:19 UTC 2020
------------------ testing $PTII/ptolemy/domains/de/test/auto/ClockDrift.xml
auto.tcl: Setting watchdog for 200 seconds at Fri Jul 24 02:18:19 UTC 2020
56 ms. Memory: 51200K Free: 24134K (47%)
ptolemy.util.test.WatchDog.cancel(): canceling Fri Jul 24 02:18:19 UTC 2020
auto.tcl: Setting watchdog for 200 seconds at Fri Jul 24 02:18:19 UTC 2020
55 ms. Memory: 51200K Free: 21123K (41%)
ptolemy.util.test.WatchDog.cancel(): canceling Fri Jul 24 02:18:20 UTC 2020
------------------ testing $PTII/ptolemy/domains/de/test/auto/ClockDriftAndValueChange.xml
auto.tcl: Setting watchdog for 200 seconds at Fri Jul 24 02:18:20 UTC 2020
20 ms. Memory: 51200K Free: 23979K (47%)
ptolemy.util.test.WatchDog.cancel(): canceling Fri Jul 24 02:18:20 UTC 2020
auto.tcl: Setting watchdog for 200 seconds at Fri Jul 24 02:18:20 UTC 2020
17 ms. Memory: 51200K Free: 20991K (41%)
ptolemy.util.test.WatchDog.cancel(): canceling Fri Jul 24 02:18:20 UTC 2020
------------------ testing $PTII/ptolemy/domains/de/test/auto/ClockDriftChange.xml
auto.tcl: Setting watchdog for 200 seconds at Fri Jul 24 02:18:20 UTC 2020
23 ms. Memory: 51200K Free: 26025K (51%)
ptolemy.util.test.WatchDog.cancel(): canceling Fri Jul 24 02:18:20 UTC 2020
auto.tcl: Setting watchdog for 200 seconds at Fri Jul 24 02:18:20 UTC 2020
29 ms. Memory: 51200K Free: 23487K (46%)
ptolemy.util.test.WatchDog.cancel(): canceling Fri Jul 24 02:18:20 UTC 2020
------------------ testing $PTII/ptolemy/domains/de/test/auto/ComposableCausalityAnalysis.xml
auto.tcl: Setting watchdog for 200 seconds at Fri Jul 24 02:18:20 UTC 2020
6 ms. Memory: 51200K Free: 30884K (60%)
ptolemy.util.test.WatchDog.cancel(): canceling Fri Jul 24 02:18:20 UTC 2020
auto.tcl: Setting watchdog for 200 seconds at Fri Jul 24 02:18:20 UTC 2020
1 ms. Memory: 51200K Free: 29865K (58%)
ptolemy.util.test.WatchDog.cancel(): canceling Fri Jul 24 02:18:20 UTC 2020
------------------ testing $PTII/ptolemy/domains/de/test/auto/DEFixedPointLimitation.xml
auto.tcl: Setting watchdog for 200 seconds at Fri Jul 24 02:18:20 UTC 2020
2 ms. Memory: 51200K Free: 32267K (63%)
ptolemy.util.test.WatchDog.cancel(): canceling Fri Jul 24 02:18:20 UTC 2020
auto.tcl: Setting watchdog for 200 seconds at Fri Jul 24 02:18:20 UTC 2020
2 ms. Memory: 51200K Free: 31368K (61%)
ptolemy.util.test.WatchDog.cancel(): canceling Fri Jul 24 02:18:20 UTC 2020
------------------ testing $PTII/ptolemy/domains/de/test/auto/DEScheduleTest.xml
auto.tcl: Setting watchdog for 200 seconds at Fri Jul 24 02:18:20 UTC 2020
3 ms. Memory: 51200K Free: 32587K (64%)
ptolemy.util.test.WatchDog.cancel(): canceling Fri Jul 24 02:18:20 UTC 2020
auto.tcl: Setting watchdog for 200 seconds at Fri Jul 24 02:18:20 UTC 2020
3 ms. Memory: 51200K Free: 31832K (62%)
ptolemy.util.test.WatchDog.cancel(): canceling Fri Jul 24 02:18:20 UTC 2020
------------------ testing $PTII/ptolemy/domains/de/test/auto/DEinDEwithStartTimes.xml
auto.tcl: Setting watchdog for 200 seconds at Fri Jul 24 02:18:20 UTC 2020
7 ms. Memory: 51200K Free: 30758K (60%)
ptolemy.util.test.WatchDog.cancel(): canceling Fri Jul 24 02:18:20 UTC 2020
auto.tcl: Setting watchdog for 200 seconds at Fri Jul 24 02:18:20 UTC 2020
3 ms. Memory: 51200K Free: 29734K (58%)
ptolemy.util.test.WatchDog.cancel(): canceling Fri Jul 24 02:18:20 UTC 2020
------------------ testing $PTII/ptolemy/domains/de/test/auto/DEinDEwithStartTimes2.xml
auto.tcl: Setting watchdog for 200 seconds at Fri Jul 24 02:18:20 UTC 2020
3 ms. Memory: 51200K Free: 29867K (58%)
ptolemy.util.test.WatchDog.cancel(): canceling Fri Jul 24 02:18:20 UTC 2020
auto.tcl: Setting watchdog for 200 seconds at Fri Jul 24 02:18:20 UTC 2020
3 ms. Memory: 51200K Free: 28831K (56%)
ptolemy.util.test.WatchDog.cancel(): canceling Fri Jul 24 02:18:20 UTC 2020
------------------ testing $PTII/ptolemy/domains/de/test/auto/DateDemo.xml
auto.tcl: Setting watchdog for 200 seconds at Fri Jul 24 02:18:20 UTC 2020
12 ms. Memory: 51200K Free: 24302K (47%)
ptolemy.util.test.WatchDog.cancel(): canceling Fri Jul 24 02:18:20 UTC 2020
auto.tcl: Setting watchdog for 200 seconds at Fri Jul 24 02:18:20 UTC 2020
9 ms. Memory: 51200K Free: 22680K (44%)
ptolemy.util.test.WatchDog.cancel(): canceling Fri Jul 24 02:18:20 UTC 2020
------------------ testing $PTII/ptolemy/domains/de/test/auto/DateToEvent.xml
auto.tcl: Setting watchdog for 200 seconds at Fri Jul 24 02:18:20 UTC 2020
2013 ms. Memory: 51200K Free: 20254K (40%)
ptolemy.util.test.WatchDog.cancel(): canceling Fri Jul 24 02:18:22 UTC 2020
auto.tcl: Setting watchdog for 200 seconds at Fri Jul 24 02:18:22 UTC 2020
2004 ms. Memory: 51200K Free: 19355K (38%)
ptolemy.util.test.WatchDog.cancel(): canceling Fri Jul 24 02:18:24 UTC 2020
------------------ testing $PTII/ptolemy/domains/de/test/auto/DepthTest1.xml
auto.tcl: Setting watchdog for 200 seconds at Fri Jul 24 02:18:24 UTC 2020
2 ms. Memory: 51200K Free: 33416K (65%)
ptolemy.util.test.WatchDog.cancel(): canceling Fri Jul 24 02:18:24 UTC 2020
auto.tcl: Setting watchdog for 200 seconds at Fri Jul 24 02:18:24 UTC 2020
2 ms. Memory: 51200K Free: 32928K (64%)
ptolemy.util.test.WatchDog.cancel(): canceling Fri Jul 24 02:18:24 UTC 2020
------------------ testing $PTII/ptolemy/domains/de/test/auto/DepthTest2.xml
auto.tcl: Setting watchdog for 200 seconds at Fri Jul 24 02:18:25 UTC 2020
3 ms. Memory: 51200K Free: 30236K (59%)
ptolemy.util.test.WatchDog.cancel(): canceling Fri Jul 24 02:18:25 UTC 2020
auto.tcl: Setting watchdog for 200 seconds at Fri Jul 24 02:18:25 UTC 2020
2 ms. Memory: 51200K Free: 29798K (58%)
ptolemy.util.test.WatchDog.cancel(): canceling Fri Jul 24 02:18:25 UTC 2020
------------------ testing $PTII/ptolemy/domains/de/test/auto/DepthTest3.xml
auto.tcl: Setting watchdog for 200 seconds at Fri Jul 24 02:18:25 UTC 2020
4 ms. Memory: 51200K Free: 33758K (66%)
ptolemy.util.test.WatchDog.cancel(): canceling Fri Jul 24 02:18:25 UTC 2020
auto.tcl: Setting watchdog for 200 seconds at Fri Jul 24 02:18:25 UTC 2020
2 ms. Memory: 51200K Free: 33272K (65%)
ptolemy.util.test.WatchDog.cancel(): canceling Fri Jul 24 02:18:25 UTC 2020
------------------ testing $PTII/ptolemy/domains/de/test/auto/DepthTest4.xml
auto.tcl: Setting watchdog for 200 seconds at Fri Jul 24 02:18:25 UTC 2020
11 ms. Memory: 51200K Free: 31490K (62%)
ptolemy.util.test.WatchDog.cancel(): canceling Fri Jul 24 02:18:25 UTC 2020
auto.tcl: Setting watchdog for 200 seconds at Fri Jul 24 02:18:25 UTC 2020
2 ms. Memory: 51200K Free: 31043K (61%)
ptolemy.util.test.WatchDog.cancel(): canceling Fri Jul 24 02:18:25 UTC 2020
------------------ testing $PTII/ptolemy/domains/de/test/auto/DepthTest5.xml
auto.tcl: Setting watchdog for 200 seconds at Fri Jul 24 02:18:25 UTC 2020
3 ms. Memory: 51200K Free: 31432K (61%)
ptolemy.util.test.WatchDog.cancel(): canceling Fri Jul 24 02:18:25 UTC 2020
auto.tcl: Setting watchdog for 200 seconds at Fri Jul 24 02:18:25 UTC 2020
2 ms. Memory: 51200K Free: 30688K (60%)
ptolemy.util.test.WatchDog.cancel(): canceling Fri Jul 24 02:18:25 UTC 2020
------------------ testing $PTII/ptolemy/domains/de/test/auto/DepthTest6.xml
auto.tcl: Setting watchdog for 200 seconds at Fri Jul 24 02:18:25 UTC 2020
3 ms. Memory: 51200K Free: 30666K (60%)
ptolemy.util.test.WatchDog.cancel(): canceling Fri Jul 24 02:18:25 UTC 2020
auto.tcl: Setting watchdog for 200 seconds at Fri Jul 24 02:18:25 UTC 2020
2 ms. Memory: 51200K Free: 30212K (59%)
ptolemy.util.test.WatchDog.cancel(): canceling Fri Jul 24 02:18:25 UTC 2020
------------------ testing $PTII/ptolemy/domains/de/test/auto/DepthTest7.xml
auto.tcl: Setting watchdog for 200 seconds at Fri Jul 24 02:18:25 UTC 2020
2 ms. Memory: 51200K Free: 31687K (62%)
ptolemy.util.test.WatchDog.cancel(): canceling Fri Jul 24 02:18:25 UTC 2020
auto.tcl: Setting watchdog for 200 seconds at Fri Jul 24 02:18:25 UTC 2020
2 ms. Memory: 51200K Free: 30772K (60%)
ptolemy.util.test.WatchDog.cancel(): canceling Fri Jul 24 02:18:25 UTC 2020
------------------ testing $PTII/ptolemy/domains/de/test/auto/EventToDate.xml
auto.tcl: Setting watchdog for 200 seconds at Fri Jul 24 02:18:25 UTC 2020
3005 ms. Memory: 51200K Free: 22492K (44%)
ptolemy.util.test.WatchDog.cancel(): canceling Fri Jul 24 02:18:28 UTC 2020
auto.tcl: Setting watchdog for 200 seconds at Fri Jul 24 02:18:28 UTC 2020
3004 ms. Memory: 51200K Free: 22037K (43%)
ptolemy.util.test.WatchDog.cancel(): canceling Fri Jul 24 02:18:31 UTC 2020
------------------ testing $PTII/ptolemy/domains/de/test/auto/FSM1.xml
auto.tcl: Setting watchdog for 200 seconds at Fri Jul 24 02:18:31 UTC 2020
23 ms. Memory: 51200K Free: 23944K (47%)
ptolemy.util.test.WatchDog.cancel(): canceling Fri Jul 24 02:18:31 UTC 2020
auto.tcl: Setting watchdog for 200 seconds at Fri Jul 24 02:18:31 UTC 2020
20 ms. Memory: 51200K Free: 20681K (40%)
ptolemy.util.test.WatchDog.cancel(): canceling Fri Jul 24 02:18:31 UTC 2020
------------------ testing $PTII/ptolemy/domains/de/test/auto/FSM7.xml
auto.tcl: Setting watchdog for 200 seconds at Fri Jul 24 02:18:31 UTC 2020
32 ms. Memory: 51200K Free: 23634K (46%)
ptolemy.util.test.WatchDog.cancel(): canceling Fri Jul 24 02:18:31 UTC 2020
auto.tcl: Setting watchdog for 200 seconds at Fri Jul 24 02:18:31 UTC 2020
27 ms. Memory: 51200K Free: 20473K (40%)
ptolemy.util.test.WatchDog.cancel(): canceling Fri Jul 24 02:18:31 UTC 2020
------------------ testing $PTII/ptolemy/domains/de/test/auto/Inspection.xml
auto.tcl: Setting watchdog for 200 seconds at Fri Jul 24 02:18:31 UTC 2020
31 ms. Memory: 51200K Free: 23446K (46%)
ptolemy.util.test.WatchDog.cancel(): canceling Fri Jul 24 02:18:31 UTC 2020
auto.tcl: Setting watchdog for 200 seconds at Fri Jul 24 02:18:31 UTC 2020
19 ms. Memory: 51200K Free: 21746K (42%)
ptolemy.util.test.WatchDog.cancel(): canceling Fri Jul 24 02:18:31 UTC 2020
------------------ testing $PTII/ptolemy/domains/de/test/auto/Iteration.xml
auto.tcl: Setting watchdog for 200 seconds at Fri Jul 24 02:18:31 UTC 2020
9 ms. Memory: 51200K Free: 28976K (57%)
ptolemy.util.test.WatchDog.cancel(): canceling Fri Jul 24 02:18:31 UTC 2020
auto.tcl: Setting watchdog for 200 seconds at Fri Jul 24 02:18:31 UTC 2020
6 ms. Memory: 51200K Free: 27785K (54%)
ptolemy.util.test.WatchDog.cancel(): canceling Fri Jul 24 02:18:31 UTC 2020
------------------ testing $PTII/ptolemy/domains/de/test/auto/LineFault.xml
auto.tcl: Setting watchdog for 200 seconds at Fri Jul 24 02:18:31 UTC 2020
557 ms. Memory: 51200K Free: 13058K (26%)
ptolemy.util.test.WatchDog.cancel(): canceling Fri Jul 24 02:18:32 UTC 2020
auto.tcl: Setting watchdog for 200 seconds at Fri Jul 24 02:18:32 UTC 2020
482 ms. Memory: 65536K Free: 22829K (35%)
ptolemy.util.test.WatchDog.cancel(): canceling Fri Jul 24 02:18:33 UTC 2020
------------------ testing $PTII/ptolemy/domains/de/test/auto/MergeModel1Add.xml
auto.tcl: Setting watchdog for 200 seconds at Fri Jul 24 02:18:33 UTC 2020
18 ms. Memory: 58368K Free: 22377K (38%)
ptolemy.util.test.WatchDog.cancel(): canceling Fri Jul 24 02:18:33 UTC 2020
auto.tcl: Setting watchdog for 200 seconds at Fri Jul 24 02:18:33 UTC 2020
11 ms. Memory: 58368K Free: 20752K (36%)
ptolemy.util.test.WatchDog.cancel(): canceling Fri Jul 24 02:18:33 UTC 2020
------------------ testing $PTII/ptolemy/domains/de/test/auto/MergeModel2Add.xml
auto.tcl: Setting watchdog for 200 seconds at Fri Jul 24 02:18:33 UTC 2020
8 ms. Memory: 51200K Free: 17019K (33%)
ptolemy.util.test.WatchDog.cancel(): canceling Fri Jul 24 02:18:33 UTC 2020
auto.tcl: Setting watchdog for 200 seconds at Fri Jul 24 02:18:33 UTC 2020
7 ms. Memory: 51200K Free: 15329K (30%)
ptolemy.util.test.WatchDog.cancel(): canceling Fri Jul 24 02:18:33 UTC 2020
------------------ testing $PTII/ptolemy/domains/de/test/auto/MergeModel3Add.xml
auto.tcl: Setting watchdog for 200 seconds at Fri Jul 24 02:18:33 UTC 2020
9 ms. Memory: 51200K Free: 17283K (34%)
ptolemy.util.test.WatchDog.cancel(): canceling Fri Jul 24 02:18:33 UTC 2020
auto.tcl: Setting watchdog for 200 seconds at Fri Jul 24 02:18:33 UTC 2020
10 ms. Memory: 51200K Free: 15766K (31%)
ptolemy.util.test.WatchDog.cancel(): canceling Fri Jul 24 02:18:33 UTC 2020
------------------ testing $PTII/ptolemy/domains/de/test/auto/MergeWithoutDiscard.xml
auto.tcl: Setting watchdog for 200 seconds at Fri Jul 24 02:18:33 UTC 2020
1 ms. Memory: 51200K Free: 31633K (62%)
ptolemy.util.test.WatchDog.cancel(): canceling Fri Jul 24 02:18:33 UTC 2020
auto.tcl: Setting watchdog for 200 seconds at Fri Jul 24 02:18:33 UTC 2020
1 ms. Memory: 51200K Free: 31195K (61%)
ptolemy.util.test.WatchDog.cancel(): canceling Fri Jul 24 02:18:33 UTC 2020
------------------ testing $PTII/ptolemy/domains/de/test/auto/Modal1.xml
auto.tcl: Setting watchdog for 200 seconds at Fri Jul 24 02:18:33 UTC 2020
12 ms. Memory: 51200K Free: 23751K (46%)
ptolemy.util.test.WatchDog.cancel(): canceling Fri Jul 24 02:18:33 UTC 2020
auto.tcl: Setting watchdog for 200 seconds at Fri Jul 24 02:18:33 UTC 2020
12 ms. Memory: 51200K Free: 20293K (40%)
ptolemy.util.test.WatchDog.cancel(): canceling Fri Jul 24 02:18:33 UTC 2020
------------------ testing $PTII/ptolemy/domains/de/test/auto/Modal2.xml
auto.tcl: Setting watchdog for 200 seconds at Fri Jul 24 02:18:33 UTC 2020
12 ms. Memory: 51200K Free: 23650K (46%)
ptolemy.util.test.WatchDog.cancel(): canceling Fri Jul 24 02:18:33 UTC 2020
auto.tcl: Setting watchdog for 200 seconds at Fri Jul 24 02:18:33 UTC 2020
13 ms. Memory: 51200K Free: 20635K (40%)
ptolemy.util.test.WatchDog.cancel(): canceling Fri Jul 24 02:18:33 UTC 2020
------------------ testing $PTII/ptolemy/domains/de/test/auto/Modal3.xml
auto.tcl: Setting watchdog for 200 seconds at Fri Jul 24 02:18:33 UTC 2020
21 ms. Memory: 51200K Free: 23649K (46%)
ptolemy.util.test.WatchDog.cancel(): canceling Fri Jul 24 02:18:33 UTC 2020
auto.tcl: Setting watchdog for 200 seconds at Fri Jul 24 02:18:33 UTC 2020
18 ms. Memory: 51200K Free: 20676K (40%)
ptolemy.util.test.WatchDog.cancel(): canceling Fri Jul 24 02:18:33 UTC 2020
------------------ testing $PTII/ptolemy/domains/de/test/auto/Modal4.xml
auto.tcl: Setting watchdog for 200 seconds at Fri Jul 24 02:18:33 UTC 2020
24 ms. Memory: 51200K Free: 22827K (45%)
ptolemy.util.test.WatchDog.cancel(): canceling Fri Jul 24 02:18:34 UTC 2020
auto.tcl: Setting watchdog for 200 seconds at Fri Jul 24 02:18:34 UTC 2020
22 ms. Memory: 51200K Free: 19019K (37%)
ptolemy.util.test.WatchDog.cancel(): canceling Fri Jul 24 02:18:34 UTC 2020
------------------ testing $PTII/ptolemy/domains/de/test/auto/Modal5.xml
auto.tcl: Setting watchdog for 200 seconds at Fri Jul 24 02:18:34 UTC 2020
17 ms. Memory: 51200K Free: 22829K (45%)
ptolemy.util.test.WatchDog.cancel(): canceling Fri Jul 24 02:18:34 UTC 2020
auto.tcl: Setting watchdog for 200 seconds at Fri Jul 24 02:18:34 UTC 2020
17 ms. Memory: 51200K Free: 19005K (37%)
ptolemy.util.test.WatchDog.cancel(): canceling Fri Jul 24 02:18:34 UTC 2020
------------------ testing $PTII/ptolemy/domains/de/test/auto/Modal6.xml
auto.tcl: Setting watchdog for 200 seconds at Fri Jul 24 02:18:34 UTC 2020
16 ms. Memory: 51200K Free: 23587K (46%)
ptolemy.util.test.WatchDog.cancel(): canceling Fri Jul 24 02:18:34 UTC 2020
auto.tcl: Setting watchdog for 200 seconds at Fri Jul 24 02:18:34 UTC 2020
16 ms. Memory: 51200K Free: 19632K (38%)
ptolemy.util.test.WatchDog.cancel(): canceling Fri Jul 24 02:18:34 UTC 2020
------------------ testing $PTII/ptolemy/domains/de/test/auto/Modal7.xml
auto.tcl: Setting watchdog for 200 seconds at Fri Jul 24 02:18:34 UTC 2020
14 ms. Memory: 51200K Free: 22554K (44%)
ptolemy.util.test.WatchDog.cancel(): canceling Fri Jul 24 02:18:34 UTC 2020
auto.tcl: Setting watchdog for 200 seconds at Fri Jul 24 02:18:34 UTC 2020
10 ms. Memory: 51200K Free: 19005K (37%)
ptolemy.util.test.WatchDog.cancel(): canceling Fri Jul 24 02:18:34 UTC 2020
------------------ testing $PTII/ptolemy/domains/de/test/auto/ModalModel.xml
auto.tcl: Setting watchdog for 200 seconds at Fri Jul 24 02:18:34 UTC 2020
193 ms. Memory: 51200K Free: 17140K (33%)
ptolemy.util.test.WatchDog.cancel(): canceling Fri Jul 24 02:18:34 UTC 2020
auto.tcl: Setting watchdog for 200 seconds at Fri Jul 24 02:18:34 UTC 2020
203 ms. Memory: 66560K Free: 26234K (39%)
ptolemy.util.test.WatchDog.cancel(): canceling Fri Jul 24 02:18:34 UTC 2020
------------------ testing $PTII/ptolemy/domains/de/test/auto/ModalSource.xml
auto.tcl: Setting watchdog for 200 seconds at Fri Jul 24 02:18:34 UTC 2020
8 ms. Memory: 55296K Free: 31775K (57%)
ptolemy.util.test.WatchDog.cancel(): canceling Fri Jul 24 02:18:35 UTC 2020
auto.tcl: Setting watchdog for 200 seconds at Fri Jul 24 02:18:35 UTC 2020
6 ms. Memory: 55296K Free: 29727K (54%)
ptolemy.util.test.WatchDog.cancel(): canceling Fri Jul 24 02:18:35 UTC 2020
------------------ testing $PTII/ptolemy/domains/de/test/auto/NonInterruptibleTimerZeroDelay.xml
auto.tcl: Setting watchdog for 200 seconds at Fri Jul 24 02:18:35 UTC 2020
3 ms. Memory: 51200K Free: 32615K (64%)
ptolemy.util.test.WatchDog.cancel(): canceling Fri Jul 24 02:18:35 UTC 2020
auto.tcl: Setting watchdog for 200 seconds at Fri Jul 24 02:18:35 UTC 2020
2 ms. Memory: 51200K Free: 31956K (62%)
ptolemy.util.test.WatchDog.cancel(): canceling Fri Jul 24 02:18:35 UTC 2020
------------------ testing $PTII/ptolemy/domains/de/test/auto/OpenQueueingNetwork.xml
auto.tcl: Setting watchdog for 200 seconds at Fri Jul 24 02:18:35 UTC 2020
2838 ms. Memory: 92160K Free: 60284K (65%)
ptolemy.util.test.WatchDog.cancel(): canceling Fri Jul 24 02:18:38 UTC 2020
auto.tcl: Setting watchdog for 200 seconds at Fri Jul 24 02:18:38 UTC 2020
2269 ms. Memory: 110592K Free: 92646K (84%)
ptolemy.util.test.WatchDog.cancel(): canceling Fri Jul 24 02:18:40 UTC 2020
------------------ testing $PTII/ptolemy/domains/de/test/auto/OpenQueuingNetwork.xml
auto.tcl: Setting watchdog for 200 seconds at Fri Jul 24 02:18:40 UTC 2020
230 ms. Memory: 58368K Free: 31836K (55%)
ptolemy.util.test.WatchDog.cancel(): canceling Fri Jul 24 02:18:40 UTC 2020
auto.tcl: Setting watchdog for 200 seconds at Fri Jul 24 02:18:40 UTC 2020
206 ms. Memory: 58368K Free: 12798K (22%)
ptolemy.util.test.WatchDog.cancel(): canceling Fri Jul 24 02:18:40 UTC 2020
------------------ testing $PTII/ptolemy/domains/de/test/auto/PeriodicSampler.xml
auto.tcl: Setting watchdog for 200 seconds at Fri Jul 24 02:18:40 UTC 2020
3 ms. Memory: 55296K Free: 35909K (65%)
ptolemy.util.test.WatchDog.cancel(): canceling Fri Jul 24 02:18:41 UTC 2020
auto.tcl: Setting watchdog for 200 seconds at Fri Jul 24 02:18:41 UTC 2020
2 ms. Memory: 55296K Free: 35389K (64%)
ptolemy.util.test.WatchDog.cancel(): canceling Fri Jul 24 02:18:41 UTC 2020
------------------ testing $PTII/ptolemy/domains/de/test/auto/PersistentIO.xml
auto.tcl: Setting watchdog for 200 seconds at Fri Jul 24 02:18:41 UTC 2020
6 ms. Memory: 51200K Free: 26738K (52%)
ptolemy.util.test.WatchDog.cancel(): canceling Fri Jul 24 02:18:41 UTC 2020
auto.tcl: Setting watchdog for 200 seconds at Fri Jul 24 02:18:41 UTC 2020
5 ms. Memory: 51200K Free: 25218K (49%)
ptolemy.util.test.WatchDog.cancel(): canceling Fri Jul 24 02:18:41 UTC 2020
------------------ testing $PTII/ptolemy/domains/de/test/auto/PortParameterResetOnInitialize.xml
auto.tcl: Setting watchdog for 200 seconds at Fri Jul 24 02:18:41 UTC 2020
3 ms. Memory: 51200K Free: 31736K (62%)
ptolemy.util.test.WatchDog.cancel(): canceling Fri Jul 24 02:18:41 UTC 2020
auto.tcl: Setting watchdog for 200 seconds at Fri Jul 24 02:18:41 UTC 2020
2 ms. Memory: 51200K Free: 31226K (61%)
ptolemy.util.test.WatchDog.cancel(): canceling Fri Jul 24 02:18:41 UTC 2020
------------------ testing $PTII/ptolemy/domains/de/test/auto/PortParameterUpdates.xml
auto.tcl: Setting watchdog for 200 seconds at Fri Jul 24 02:18:41 UTC 2020
6 ms. Memory: 51200K Free: 30021K (59%)
ptolemy.util.test.WatchDog.cancel(): canceling Fri Jul 24 02:18:41 UTC 2020
auto.tcl: Setting watchdog for 200 seconds at Fri Jul 24 02:18:41 UTC 2020
5 ms. Memory: 51200K Free: 28794K (56%)
ptolemy.util.test.WatchDog.cancel(): canceling Fri Jul 24 02:18:41 UTC 2020
------------------ testing $PTII/ptolemy/domains/de/test/auto/QueueAndServer.xml
auto.tcl: Setting watchdog for 200 seconds at Fri Jul 24 02:18:41 UTC 2020
17 ms. Memory: 51200K Free: 28699K (56%)
ptolemy.util.test.WatchDog.cancel(): canceling Fri Jul 24 02:18:41 UTC 2020
auto.tcl: Setting watchdog for 200 seconds at Fri Jul 24 02:18:41 UTC 2020
6 ms. Memory: 51200K Free: 27226K (53%)
ptolemy.util.test.WatchDog.cancel(): canceling Fri Jul 24 02:18:41 UTC 2020
------------------ testing $PTII/ptolemy/domains/de/test/auto/Records.xml
auto.tcl: Setting watchdog for 200 seconds at Fri Jul 24 02:18:41 UTC 2020
4 ms. Memory: 51200K Free: 30966K (60%)
ptolemy.util.test.WatchDog.cancel(): canceling Fri Jul 24 02:18:41 UTC 2020
auto.tcl: Setting watchdog for 200 seconds at Fri Jul 24 02:18:41 UTC 2020
2 ms. Memory: 51200K Free: 30454K (59%)
ptolemy.util.test.WatchDog.cancel(): canceling Fri Jul 24 02:18:41 UTC 2020
------------------ testing $PTII/ptolemy/domains/de/test/auto/ResetTransitionWithStartTime1.xml
auto.tcl: Setting watchdog for 200 seconds at Fri Jul 24 02:18:41 UTC 2020
12 ms. Memory: 51200K Free: 28259K (55%)
ptolemy.util.test.WatchDog.cancel(): canceling Fri Jul 24 02:18:41 UTC 2020
auto.tcl: Setting watchdog for 200 seconds at Fri Jul 24 02:18:41 UTC 2020
5 ms. Memory: 51200K Free: 26174K (51%)
ptolemy.util.test.WatchDog.cancel(): canceling Fri Jul 24 02:18:41 UTC 2020
------------------ testing $PTII/ptolemy/domains/de/test/auto/ResetTransitionWithStartTime2.xml
auto.tcl: Setting watchdog for 200 seconds at Fri Jul 24 02:18:41 UTC 2020
6 ms. Memory: 51200K Free: 28176K (55%)
ptolemy.util.test.WatchDog.cancel(): canceling Fri Jul 24 02:18:41 UTC 2020
auto.tcl: Setting watchdog for 200 seconds at Fri Jul 24 02:18:41 UTC 2020
7 ms. Memory: 51200K Free: 25620K (50%)
ptolemy.util.test.WatchDog.cancel(): canceling Fri Jul 24 02:18:41 UTC 2020
------------------ testing $PTII/ptolemy/domains/de/test/auto/ResetTransitionWithStartTime3.xml
auto.tcl: Setting watchdog for 200 seconds at Fri Jul 24 02:18:41 UTC 2020
7 ms. Memory: 51200K Free: 28176K (55%)
ptolemy.util.test.WatchDog.cancel(): canceling Fri Jul 24 02:18:41 UTC 2020
auto.tcl: Setting watchdog for 200 seconds at Fri Jul 24 02:18:41 UTC 2020
7 ms. Memory: 51200K Free: 26128K (51%)
ptolemy.util.test.WatchDog.cancel(): canceling Fri Jul 24 02:18:41 UTC 2020
------------------ testing $PTII/ptolemy/domains/de/test/auto/ResetTransitionWithStartTime4.xml
auto.tcl: Setting watchdog for 200 seconds at Fri Jul 24 02:18:41 UTC 2020
14 ms. Memory: 51200K Free: 28623K (56%)
ptolemy.util.test.WatchDog.cancel(): canceling Fri Jul 24 02:18:41 UTC 2020
auto.tcl: Setting watchdog for 200 seconds at Fri Jul 24 02:18:41 UTC 2020
4 ms. Memory: 51200K Free: 27151K (53%)
ptolemy.util.test.WatchDog.cancel(): canceling Fri Jul 24 02:18:41 UTC 2020
------------------ testing $PTII/ptolemy/domains/de/test/auto/ResettableTimer1.xml
auto.tcl: Setting watchdog for 200 seconds at Fri Jul 24 02:18:41 UTC 2020
3 ms. Memory: 51200K Free: 32391K (63%)
ptolemy.util.test.WatchDog.cancel(): canceling Fri Jul 24 02:18:41 UTC 2020
auto.tcl: Setting watchdog for 200 seconds at Fri Jul 24 02:18:41 UTC 2020
2 ms. Memory: 51200K Free: 31709K (62%)
ptolemy.util.test.WatchDog.cancel(): canceling Fri Jul 24 02:18:41 UTC 2020
------------------ testing $PTII/ptolemy/domains/de/test/auto/ResettableTimer2.xml
auto.tcl: Setting watchdog for 200 seconds at Fri Jul 24 02:18:41 UTC 2020
5 ms. Memory: 51200K Free: 32310K (63%)
ptolemy.util.test.WatchDog.cancel(): canceling Fri Jul 24 02:18:41 UTC 2020
auto.tcl: Setting watchdog for 200 seconds at Fri Jul 24 02:18:41 UTC 2020
2 ms. Memory: 51200K Free: 31286K (61%)
ptolemy.util.test.WatchDog.cancel(): canceling Fri Jul 24 02:18:41 UTC 2020
------------------ testing $PTII/ptolemy/domains/de/test/auto/ResettableTimer3.xml
auto.tcl: Setting watchdog for 200 seconds at Fri Jul 24 02:18:41 UTC 2020
1 ms. Memory: 51200K Free: 32789K (64%)
ptolemy.util.test.WatchDog.cancel(): canceling Fri Jul 24 02:18:41 UTC 2020
auto.tcl: Setting watchdog for 200 seconds at Fri Jul 24 02:18:41 UTC 2020
2 ms. Memory: 51200K Free: 32309K (63%)
ptolemy.util.test.WatchDog.cancel(): canceling Fri Jul 24 02:18:41 UTC 2020
------------------ testing $PTII/ptolemy/domains/de/test/auto/ResettableTimer4.xml
auto.tcl: Setting watchdog for 200 seconds at Fri Jul 24 02:18:41 UTC 2020
1 ms. Memory: 51200K Free: 32322K (63%)
ptolemy.util.test.WatchDog.cancel(): canceling Fri Jul 24 02:18:41 UTC 2020
auto.tcl: Setting watchdog for 200 seconds at Fri Jul 24 02:18:41 UTC 2020
1 ms. Memory: 51200K Free: 31814K (62%)
ptolemy.util.test.WatchDog.cancel(): canceling Fri Jul 24 02:18:41 UTC 2020
------------------ testing $PTII/ptolemy/domains/de/test/auto/ResettableTimer5.xml
auto.tcl: Setting watchdog for 200 seconds at Fri Jul 24 02:18:42 UTC 2020
1 ms. Memory: 51200K Free: 31807K (62%)
ptolemy.util.test.WatchDog.cancel(): canceling Fri Jul 24 02:18:42 UTC 2020
auto.tcl: Setting watchdog for 200 seconds at Fri Jul 24 02:18:42 UTC 2020
2 ms. Memory: 51200K Free: 31301K (61%)
ptolemy.util.test.WatchDog.cancel(): canceling Fri Jul 24 02:18:42 UTC 2020
------------------ testing $PTII/ptolemy/domains/de/test/auto/ResettableTimer6.xml
auto.tcl: Setting watchdog for 200 seconds at Fri Jul 24 02:18:42 UTC 2020
1 ms. Memory: 51200K Free: 31797K (62%)
ptolemy.util.test.WatchDog.cancel(): canceling Fri Jul 24 02:18:42 UTC 2020
auto.tcl: Setting watchdog for 200 seconds at Fri Jul 24 02:18:42 UTC 2020
2 ms. Memory: 51200K Free: 31287K (61%)
ptolemy.util.test.WatchDog.cancel(): canceling Fri Jul 24 02:18:42 UTC 2020
------------------ testing $PTII/ptolemy/domains/de/test/auto/ServerZeroDelay.xml
auto.tcl: Setting watchdog for 200 seconds at Fri Jul 24 02:18:42 UTC 2020
3 ms. Memory: 51200K Free: 32302K (63%)
ptolemy.util.test.WatchDog.cancel(): canceling Fri Jul 24 02:18:42 UTC 2020
auto.tcl: Setting watchdog for 200 seconds at Fri Jul 24 02:18:42 UTC 2020
3 ms. Memory: 51200K Free: 31278K (61%)
ptolemy.util.test.WatchDog.cancel(): canceling Fri Jul 24 02:18:42 UTC 2020
------------------ testing $PTII/ptolemy/domains/de/test/auto/SmartSender.xml
auto.tcl: Setting watchdog for 200 seconds at Fri Jul 24 02:18:42 UTC 2020
3001 ms. Memory: 51200K Free: 31783K (62%)
ptolemy.util.test.WatchDog.cancel(): canceling Fri Jul 24 02:18:45 UTC 2020
auto.tcl: Setting watchdog for 200 seconds at Fri Jul 24 02:18:45 UTC 2020
3002 ms. Memory: 51200K Free: 31273K (61%)
ptolemy.util.test.WatchDog.cancel(): canceling Fri Jul 24 02:18:48 UTC 2020
------------------ testing $PTII/ptolemy/domains/de/test/auto/ThreadedComposite.xml
auto.tcl: Setting watchdog for 200 seconds at Fri Jul 24 02:18:48 UTC 2020
165 ms. Memory: 51200K Free: 13365K (26%)
ptolemy.util.test.WatchDog.cancel(): canceling Fri Jul 24 02:18:48 UTC 2020
auto.tcl: Setting watchdog for 200 seconds at Fri Jul 24 02:18:48 UTC 2020
298 ms. Memory: 61440K Free: 33888K (55%)
ptolemy.util.test.WatchDog.cancel(): canceling Fri Jul 24 02:18:48 UTC 2020
------------------ testing $PTII/ptolemy/domains/de/test/auto/Time.xml
auto.tcl: Setting watchdog for 200 seconds at Fri Jul 24 02:18:48 UTC 2020
490 ms. Memory: 51200K Free: 7294K (14%)
ptolemy.util.test.WatchDog.cancel(): canceling Fri Jul 24 02:18:49 UTC 2020
auto.tcl: Setting watchdog for 200 seconds at Fri Jul 24 02:18:49 UTC 2020
447 ms. Memory: 51200K Free: 10994K (21%)
ptolemy.util.test.WatchDog.cancel(): canceling Fri Jul 24 02:18:49 UTC 2020
------------------ testing $PTII/ptolemy/domains/de/test/auto/TimeDelayZeroDelay.xml
auto.tcl: Setting watchdog for 200 seconds at Fri Jul 24 02:18:49 UTC 2020
2 ms. Memory: 51200K Free: 32226K (63%)
ptolemy.util.test.WatchDog.cancel(): canceling Fri Jul 24 02:18:49 UTC 2020
auto.tcl: Setting watchdog for 200 seconds at Fri Jul 24 02:18:49 UTC 2020
2 ms. Memory: 51200K Free: 31732K (62%)
ptolemy.util.test.WatchDog.cancel(): canceling Fri Jul 24 02:18:49 UTC 2020
------------------ testing $PTII/ptolemy/domains/de/test/auto/TimerZeroDelay.xml
auto.tcl: Setting watchdog for 200 seconds at Fri Jul 24 02:18:49 UTC 2020
2 ms. Memory: 51200K Free: 32400K (63%)
ptolemy.util.test.WatchDog.cancel(): canceling Fri Jul 24 02:18:49 UTC 2020
auto.tcl: Setting watchdog for 200 seconds at Fri Jul 24 02:18:49 UTC 2020
1 ms. Memory: 51200K Free: 31783K (62%)
ptolemy.util.test.WatchDog.cancel(): canceling Fri Jul 24 02:18:49 UTC 2020
------------------ testing $PTII/ptolemy/domains/de/test/auto/TimingParadox.xml
auto.tcl: Setting watchdog for 200 seconds at Fri Jul 24 02:18:49 UTC 2020
288 ms. Memory: 51200K Free: 19369K (38%)
ptolemy.util.test.WatchDog.cancel(): canceling Fri Jul 24 02:18:50 UTC 2020
auto.tcl: Setting watchdog for 200 seconds at Fri Jul 24 02:18:50 UTC 2020
270 ms. Memory: 51200K Free: 34870K (68%)
ptolemy.util.test.WatchDog.cancel(): canceling Fri Jul 24 02:18:50 UTC 2020
------------------ testing $PTII/ptolemy/domains/de/test/auto/TransferInputs.xml
auto.tcl: Setting watchdog for 200 seconds at Fri Jul 24 02:18:50 UTC 2020
1 ms. Memory: 51200K Free: 30736K (60%)
ptolemy.util.test.WatchDog.cancel(): canceling Fri Jul 24 02:18:50 UTC 2020
auto.tcl: Setting watchdog for 200 seconds at Fri Jul 24 02:18:50 UTC 2020
2 ms. Memory: 51200K Free: 29819K (58%)
ptolemy.util.test.WatchDog.cancel(): canceling Fri Jul 24 02:18:50 UTC 2020
------------------ testing $PTII/ptolemy/domains/de/test/auto/TransferOutputs2.xml
auto.tcl: Setting watchdog for 200 seconds at Fri Jul 24 02:18:50 UTC 2020
10 ms. Memory: 51200K Free: 28179K (55%)
ptolemy.util.test.WatchDog.cancel(): canceling Fri Jul 24 02:18:50 UTC 2020
auto.tcl: Setting watchdog for 200 seconds at Fri Jul 24 02:18:50 UTC 2020
3 ms. Memory: 51200K Free: 26749K (52%)
ptolemy.util.test.WatchDog.cancel(): canceling Fri Jul 24 02:18:50 UTC 2020
------------------ testing $PTII/ptolemy/domains/de/test/auto/Trilateration.xml
auto.tcl: Setting watchdog for 200 seconds at Fri Jul 24 02:18:50 UTC 2020
12848 ms. Memory: 478208K Free: 357492K (75%)
ptolemy.util.test.WatchDog.cancel(): canceling Fri Jul 24 02:19:04 UTC 2020
auto.tcl: Setting watchdog for 200 seconds at Fri Jul 24 02:19:04 UTC 2020
9269 ms. Memory: 478208K Free: 284691K (60%)
ptolemy.util.test.WatchDog.cancel(): canceling Fri Jul 24 02:19:14 UTC 2020
------------------ testing $PTII/ptolemy/domains/de/test/auto/TwoSigmaDelta.xml
auto.tcl: Setting watchdog for 200 seconds at Fri Jul 24 02:19:14 UTC 2020
2386 ms. Memory: 92160K Free: 21225K (23%)
ptolemy.util.test.WatchDog.cancel(): canceling Fri Jul 24 02:19:16 UTC 2020
auto.tcl: Setting watchdog for 200 seconds at Fri Jul 24 02:19:16 UTC 2020
1727 ms. Memory: 92160K Free: 25300K (27%)
ptolemy.util.test.WatchDog.cancel(): canceling Fri Jul 24 02:19:18 UTC 2020
------------------ testing $PTII/ptolemy/domains/de/test/auto/VariableDelay.xml
auto.tcl: Setting watchdog for 200 seconds at Fri Jul 24 02:19:18 UTC 2020
3 ms. Memory: 55296K Free: 35309K (64%)
ptolemy.util.test.WatchDog.cancel(): canceling Fri Jul 24 02:19:18 UTC 2020
auto.tcl: Setting watchdog for 200 seconds at Fri Jul 24 02:19:18 UTC 2020
3 ms. Memory: 55296K Free: 34315K (62%)
ptolemy.util.test.WatchDog.cancel(): canceling Fri Jul 24 02:19:18 UTC 2020
------------------ testing $PTII/ptolemy/domains/de/test/auto/VariableDelay2.xml
auto.tcl: Setting watchdog for 200 seconds at Fri Jul 24 02:19:18 UTC 2020
2 ms. Memory: 55296K Free: 35918K (65%)
ptolemy.util.test.WatchDog.cancel(): canceling Fri Jul 24 02:19:18 UTC 2020
auto.tcl: Setting watchdog for 200 seconds at Fri Jul 24 02:19:18 UTC 2020
2 ms. Memory: 55296K Free: 35390K (64%)
ptolemy.util.test.WatchDog.cancel(): canceling Fri Jul 24 02:19:18 UTC 2020
------------------ testing $PTII/ptolemy/domains/de/test/auto/VariableDelayZeroDelay.xml
auto.tcl: Setting watchdog for 200 seconds at Fri Jul 24 02:19:18 UTC 2020
3 ms. Memory: 55296K Free: 36251K (66%)
ptolemy.util.test.WatchDog.cancel(): canceling Fri Jul 24 02:19:18 UTC 2020
auto.tcl: Setting watchdog for 200 seconds at Fri Jul 24 02:19:18 UTC 2020
1 ms. Memory: 55296K Free: 35707K (65%)
ptolemy.util.test.WatchDog.cancel(): canceling Fri Jul 24 02:19:18 UTC 2020
------------------ testing $PTII/ptolemy/domains/de/test/auto/VariableDelayZeroDelay2.xml
auto.tcl: Setting watchdog for 200 seconds at Fri Jul 24 02:19:18 UTC 2020
2 ms. Memory: 55296K Free: 36250K (66%)
ptolemy.util.test.WatchDog.cancel(): canceling Fri Jul 24 02:19:18 UTC 2020
auto.tcl: Setting watchdog for 200 seconds at Fri Jul 24 02:19:18 UTC 2020
1 ms. Memory: 55296K Free: 35226K (64%)
ptolemy.util.test.WatchDog.cancel(): canceling Fri Jul 24 02:19:18 UTC 2020
------------------ testing $PTII/ptolemy/domains/de/test/auto/deInCt.xml
auto.tcl: Setting watchdog for 200 seconds at Fri Jul 24 02:19:18 UTC 2020
0
1
1
1
0
0
0
1
1
1
1
1
1
0
0
0
1
1
1
0
0
0
1
1
1
1
1
0
0
0
1
1
1
0
0
0
0
19 ms. Memory: 55296K Free: 35223K (64%)
ptolemy.util.test.WatchDog.cancel(): canceling Fri Jul 24 02:19:18 UTC 2020
auto.tcl: Setting watchdog for 200 seconds at Fri Jul 24 02:19:18 UTC 2020
0
1
1
0
0
0
0
1
1
0
0
0
1
1
1
0
0
0
0
0
0
1
1
1
0
0
0
1
1
1
0
0
0
1
1
1
0
0
0
1
1
1
0
0
0
11 ms. Memory: 55296K Free: 33685K (61%)
ptolemy.util.test.WatchDog.cancel(): canceling Fri Jul 24 02:19:18 UTC 2020
------------------ testing $PTII/ptolemy/domains/de/test/auto/deInCt2.xml
auto.tcl: Setting watchdog for 200 seconds at Fri Jul 24 02:19:18 UTC 2020
0
1
1
1
0
0
1
1
1
0
0
1
1
1
0
0
1
1
1
0
0
1
1
1
0
0
1
1
1
0
0
1
1
1
0
0
1
1
1
0
0
0
14 ms. Memory: 55296K Free: 35224K (64%)
ptolemy.util.test.WatchDog.cancel(): canceling Fri Jul 24 02:19:18 UTC 2020
auto.tcl: Setting watchdog for 200 seconds at Fri Jul 24 02:19:18 UTC 2020
0
1
1
1
0
0
1
1
1
0
0
1
1
1
0
0
1
1
1
0
0
1
1
1
0
0
1
1
1
0
0
1
1
1
0
0
1
1
1
0
0
0
5 ms. Memory: 55296K Free: 33672K (61%)
ptolemy.util.test.WatchDog.cancel(): canceling Fri Jul 24 02:19:18 UTC 2020
------------------ testing $PTII/ptolemy/domains/de/test/auto/dynamicCausalityInterface1.xml
auto.tcl: Setting watchdog for 200 seconds at Fri Jul 24 02:19:18 UTC 2020
2 ms. Memory: 55296K Free: 31122K (56%)
ptolemy.util.test.WatchDog.cancel(): canceling Fri Jul 24 02:19:18 UTC 2020
auto.tcl: Setting watchdog for 200 seconds at Fri Jul 24 02:19:18 UTC 2020
1 ms. Memory: 55296K Free: 30608K (55%)
ptolemy.util.test.WatchDog.cancel(): canceling Fri Jul 24 02:19:18 UTC 2020
------------------ testing $PTII/ptolemy/domains/de/test/auto/fsm_de_test.xml
auto.tcl: Setting watchdog for 200 seconds at Fri Jul 24 02:19:19 UTC 2020
11 ms. Memory: 55296K Free: 31020K (56%)
ptolemy.util.test.WatchDog.cancel(): canceling Fri Jul 24 02:19:19 UTC 2020
auto.tcl: Setting watchdog for 200 seconds at Fri Jul 24 02:19:19 UTC 2020
9 ms. Memory: 55296K Free: 28972K (52%)
ptolemy.util.test.WatchDog.cancel(): canceling Fri Jul 24 02:19:19 UTC 2020
------------------ testing $PTII/ptolemy/domains/de/test/auto/functionDependencyReconstruction.xml
auto.tcl: Setting watchdog for 200 seconds at Fri Jul 24 02:19:19 UTC 2020
3 ms. Memory: 51200K Free: 20770K (41%)
ptolemy.util.test.WatchDog.cancel(): canceling Fri Jul 24 02:19:19 UTC 2020
auto.tcl: Setting watchdog for 200 seconds at Fri Jul 24 02:19:19 UTC 2020
3 ms. Memory: 51200K Free: 18722K (37%)
ptolemy.util.test.WatchDog.cancel(): canceling Fri Jul 24 02:19:19 UTC 2020
------------------ testing $PTII/ptolemy/domains/de/test/auto/multirate.xml
auto.tcl: Setting watchdog for 200 seconds at Fri Jul 24 02:19:19 UTC 2020
3 ms. Memory: 51200K Free: 29499K (58%)
ptolemy.util.test.WatchDog.cancel(): canceling Fri Jul 24 02:19:19 UTC 2020
auto.tcl: Setting watchdog for 200 seconds at Fri Jul 24 02:19:19 UTC 2020
3 ms. Memory: 51200K Free: 27820K (54%)
ptolemy.util.test.WatchDog.cancel(): canceling Fri Jul 24 02:19:19 UTC 2020
------------------ testing $PTII/ptolemy/domains/de/test/auto/multirate2.xml
auto.tcl: Setting watchdog for 200 seconds at Fri Jul 24 02:19:19 UTC 2020
2 ms. Memory: 51200K Free: 29505K (58%)
ptolemy.util.test.WatchDog.cancel(): canceling Fri Jul 24 02:19:19 UTC 2020
auto.tcl: Setting watchdog for 200 seconds at Fri Jul 24 02:19:19 UTC 2020
3 ms. Memory: 51200K Free: 28005K (55%)
ptolemy.util.test.WatchDog.cancel(): canceling Fri Jul 24 02:19:19 UTC 2020
------------------ testing $PTII/ptolemy/domains/de/test/auto/realtime.xml
auto.tcl: Setting watchdog for 200 seconds at Fri Jul 24 02:19:19 UTC 2020
10001 ms. Memory: 51200K Free: 31785K (62%)
ptolemy.util.test.WatchDog.cancel(): canceling Fri Jul 24 02:19:29 UTC 2020
auto.tcl: Setting watchdog for 200 seconds at Fri Jul 24 02:19:29 UTC 2020
10001 ms. Memory: 51200K Free: 31072K (61%)
ptolemy.util.test.WatchDog.cancel(): canceling Fri Jul 24 02:19:39 UTC 2020
------------------ testing $PTII/ptolemy/domains/de/test/auto/relationGroup.xml
auto.tcl: Setting watchdog for 200 seconds at Fri Jul 24 02:19:39 UTC 2020
2 ms. Memory: 51200K Free: 32885K (64%)
ptolemy.util.test.WatchDog.cancel(): canceling Fri Jul 24 02:19:39 UTC 2020
auto.tcl: Setting watchdog for 200 seconds at Fri Jul 24 02:19:39 UTC 2020
2 ms. Memory: 51200K Free: 32150K (63%)
ptolemy.util.test.WatchDog.cancel(): canceling Fri Jul 24 02:19:39 UTC 2020
------------------ testing $PTII/ptolemy/domains/de/test/auto/relationGroup2.xml
auto.tcl: Setting watchdog for 200 seconds at Fri Jul 24 02:19:39 UTC 2020
2 ms. Memory: 51200K Free: 32686K (64%)
ptolemy.util.test.WatchDog.cancel(): canceling Fri Jul 24 02:19:39 UTC 2020
auto.tcl: Setting watchdog for 200 seconds at Fri Jul 24 02:19:39 UTC 2020
2 ms. Memory: 51200K Free: 32184K (63%)
ptolemy.util.test.WatchDog.cancel(): canceling Fri Jul 24 02:19:39 UTC 2020
------------------ testing $PTII/ptolemy/domains/de/test/auto/sortWithOpaquePorts.xml
auto.tcl: Setting watchdog for 200 seconds at Fri Jul 24 02:19:39 UTC 2020
1 ms. Memory: 51200K Free: 31649K (62%)
ptolemy.util.test.WatchDog.cancel(): canceling Fri Jul 24 02:19:39 UTC 2020
auto.tcl: Setting watchdog for 200 seconds at Fri Jul 24 02:19:39 UTC 2020
2 ms. Memory: 51200K Free: 30626K (60%)
ptolemy.util.test.WatchDog.cancel(): canceling Fri Jul 24 02:19:39 UTC 2020
------------------ testing $PTII/ptolemy/domains/de/test/auto/transferInputsandOutputs.xml
auto.tcl: Setting watchdog for 200 seconds at Fri Jul 24 02:19:39 UTC 2020
3 ms. Memory: 51200K Free: 29093K (57%)
ptolemy.util.test.WatchDog.cancel(): canceling Fri Jul 24 02:19:39 UTC 2020
auto.tcl: Setting watchdog for 200 seconds at Fri Jul 24 02:19:39 UTC 2020
3 ms. Memory: 51200K Free: 28069K (55%)
ptolemy.util.test.WatchDog.cancel(): canceling Fri Jul 24 02:19:39 UTC 2020
------------------ testing $PTII/ptolemy/domains/de/test/auto/triggerType.xml
auto.tcl: Setting watchdog for 200 seconds at Fri Jul 24 02:19:39 UTC 2020
1 ms. Memory: 51200K Free: 32118K (63%)
ptolemy.util.test.WatchDog.cancel(): canceling Fri Jul 24 02:19:39 UTC 2020
auto.tcl: Setting watchdog for 200 seconds at Fri Jul 24 02:19:39 UTC 2020
2 ms. Memory: 51200K Free: 31094K (61%)
ptolemy.util.test.WatchDog.cancel(): canceling Fri Jul 24 02:19:39 UTC 2020
07/24/20 02:19:39
Failed: 0  Total Tests: 192  ((Passed: 187, Newly Passed: 1)  Known Failed: 5) /home/travis/build/icyphy/ptII/ptolemy/domains/de/test
07/24/20 02:19:39
Failed: 0  Total Tests: 192  ((Passed: 187, Newly Passed: 1)  Known Failed: 5) /home/travis/build/icyphy/ptII/ptolemy/domains/de/test
----------------- testing (KnownFailure) /home/travis/build/icyphy/ptII/ptolemy/domains/de/test/auto/knownFailedTests/DESDFClockTest.xml
2010 ms. Memory: 51200K Free: 25002K (49%)
Known Failure: java.lang.reflect.InvocationTargetException
----------------- testing (KnownFailure) /home/travis/build/icyphy/ptII/ptolemy/domains/de/test/auto/knownFailedTests/DirectFeedback.xml
2 ms. Memory: 51200K Free: 20906K (41%)
Known Failure: java.lang.reflect.InvocationTargetException
----------------- testing (KnownFailure) /home/travis/build/icyphy/ptII/ptolemy/domains/de/test/auto/knownFailedTests/FSMSource.xml
12 ms. Memory: 51200K Free: 13738K (27%)
----------------- testing (KnownFailure) /home/travis/build/icyphy/ptII/ptolemy/domains/de/test/auto/knownFailedTests/HierarchicalModel.xml
2 ms. Memory: 51200K Free: 26982K (53%)
Known Failure: java.lang.reflect.InvocationTargetException
----------------- testing (KnownFailure) /home/travis/build/icyphy/ptII/ptolemy/domains/de/test/auto/knownFailedTests/dependencyLoop.xml
2 ms. Memory: 51200K Free: 11622K (23%)
Known Failure: java.lang.reflect.InvocationTargetException
----------------- testing (KnownFailure) /home/travis/build/icyphy/ptII/ptolemy/domains/de/test/auto/knownFailedTests/dependencyLoop2.xml
9 ms. Memory: 51200K Free: 25406K (50%)
Known Failure: java.lang.reflect.InvocationTargetException
No auto/linux-amd64/*.xml tests in /home/travis/build/icyphy/ptII/ptolemy/domains/de/test
AutoTests.java: About to close Vertx.
AutoTests.java: Vertx closed.

===========================================================================================
----------------- testing Fri Jul 24 02:19:42 UTC 2020 /home/travis/build/icyphy/ptII/ptolemy/domains/de/test/auto/ActorDepthCalculation_actorWithoutPorts.xml
----------------- Instantiating /home/travis/build/icyphy/ptII/ptolemy/domains/de/test/auto/ActorDepthCalculation_actorWithoutPorts.xml
2 ms. Memory: 51200K Free: 18625K (36%)
----------------- Invoking toplevel() on ptolemy.moml.MoMLSimpleApplication@4fa2d049
----------------- Done invoking toplevel() on ptolemy.moml.MoMLSimpleApplication@4fa2d049
reloadAllAccessors: .ActorDepthCalculation_actorWithoutPorts

===========================================================================================
----------------- testing Fri Jul 24 02:19:42 UTC 2020 /home/travis/build/icyphy/ptII/ptolemy/domains/de/test/auto/AssemblyLine.xml
----------------- Instantiating /home/travis/build/icyphy/ptII/ptolemy/domains/de/test/auto/AssemblyLine.xml
7 ms. Memory: 51200K Free: 11489K (22%)
----------------- Invoking toplevel() on ptolemy.moml.MoMLSimpleApplication@5346a975
----------------- Done invoking toplevel() on ptolemy.moml.MoMLSimpleApplication@5346a975
reloadAllAccessors: .AssemblyLine

===========================================================================================
----------------- testing Fri Jul 24 02:19:42 UTC 2020 /home/travis/build/icyphy/ptII/ptolemy/domains/de/test/auto/CQBug1.xml
----------------- Instantiating /home/travis/build/icyphy/ptII/ptolemy/domains/de/test/auto/CQBug1.xml
1 ms. Memory: 51200K Free: 8687K (17%)
----------------- Invoking toplevel() on ptolemy.moml.MoMLSimpleApplication@4966f8b6
----------------- Done invoking toplevel() on ptolemy.moml.MoMLSimpleApplication@4966f8b6
reloadAllAccessors: .CQBug1

===========================================================================================
----------------- testing Fri Jul 24 02:19:42 UTC 2020 /home/travis/build/icyphy/ptII/ptolemy/domains/de/test/auto/CancelFireAt.xml
----------------- Instantiating /home/travis/build/icyphy/ptII/ptolemy/domains/de/test/auto/CancelFireAt.xml
9 ms. Memory: 51200K Free: 35223K (69%)
----------------- Invoking toplevel() on ptolemy.moml.MoMLSimpleApplication@2ec93912
----------------- Done invoking toplevel() on ptolemy.moml.MoMLSimpleApplication@2ec93912
reloadAllAccessors: .CancelFireAt

===========================================================================================
----------------- testing Fri Jul 24 02:19:42 UTC 2020 /home/travis/build/icyphy/ptII/ptolemy/domains/de/test/auto/CausalityAndComposabilityAnalysis.xml
----------------- Instantiating /home/travis/build/icyphy/ptII/ptolemy/domains/de/test/auto/CausalityAndComposabilityAnalysis.xml
3 ms. Memory: 51200K Free: 30978K (61%)
----------------- Invoking toplevel() on ptolemy.moml.MoMLSimpleApplication@414d4e3a
----------------- Done invoking toplevel() on ptolemy.moml.MoMLSimpleApplication@414d4e3a
reloadAllAccessors: .CausalityAndComposabilityAnalysis

===========================================================================================
----------------- testing Fri Jul 24 02:19:42 UTC 2020 /home/travis/build/icyphy/ptII/ptolemy/domains/de/test/auto/CausalityInterface1.xml
----------------- Instantiating /home/travis/build/icyphy/ptII/ptolemy/domains/de/test/auto/CausalityInterface1.xml
5 ms. Memory: 51200K Free: 25853K (50%)
----------------- Invoking toplevel() on ptolemy.moml.MoMLSimpleApplication@5386551e
----------------- Done invoking toplevel() on ptolemy.moml.MoMLSimpleApplication@5386551e
reloadAllAccessors: .CausalityInterface1

===========================================================================================
----------------- testing Fri Jul 24 02:19:42 UTC 2020 /home/travis/build/icyphy/ptII/ptolemy/domains/de/test/auto/CausalityInterface15.xml
----------------- Instantiating /home/travis/build/icyphy/ptII/ptolemy/domains/de/test/auto/CausalityInterface15.xml
1 ms. Memory: 51200K Free: 20302K (40%)
----------------- Invoking toplevel() on ptolemy.moml.MoMLSimpleApplication@106f002b
----------------- Done invoking toplevel() on ptolemy.moml.MoMLSimpleApplication@106f002b
reloadAllAccessors: .CausalityInterface15

===========================================================================================
----------------- testing Fri Jul 24 02:19:42 UTC 2020 /home/travis/build/icyphy/ptII/ptolemy/domains/de/test/auto/CausalityInterface2.xml
----------------- Instantiating /home/travis/build/icyphy/ptII/ptolemy/domains/de/test/auto/CausalityInterface2.xml
2 ms. Memory: 51200K Free: 15651K (31%)
[...]
	at ptolemy.actor.Manager.run(Manager.java:1263)
	at ptolemy.actor.Manager$PtolemyRunThread.run(Manager.java:1933)
java.lang.RuntimeException: Execution failed
	at ptolemy.moml.MoMLSimpleApplication$UnloadThread.run(MoMLSimpleApplication.java:402)
Caused by: ptolemy.kernel.util.IllegalActionException: Actor is not ready to fire.  Perhaps UpSample.prefire() returned false? Try debugging the actor by selecting "Listen to Actor".  Also, for SDF check moml for tokenConsumptionRate on input.
  in .DESDFClockTest.Play Bell.Copy1:SDF Director and .DESDFClockTest.Play Bell.UpSample
	at ptolemy.actor.sched.StaticSchedulingDirector.fire(StaticSchedulingDirector.java:227)
	at ptolemy.domains.sdf.kernel.SDFDirector.fire(SDFDirector.java:500)
	at ptolemy.actor.CompositeActor.fire(CompositeActor.java:455)
	at ptolemy.domains.de.kernel.DEDirector._fire(DEDirector.java:1949)
	at ptolemy.domains.de.kernel.DEDirector.fire(DEDirector.java:502)
	at ptolemy.actor.CompositeActor.fire(CompositeActor.java:455)
	at ptolemy.actor.Manager.iterate(Manager.java:851)
	at ptolemy.actor.Manager.execute(Manager.java:369)
	at ptolemy.actor.Manager.run(Manager.java:1263)
	at ptolemy.actor.Manager$PtolemyRunThread.run(Manager.java:1933)
java.lang.reflect.InvocationTargetException
	at java.base/jdk.internal.reflect.NativeConstructorAccessorImpl.newInstance0(Native Method)
	at java.base/jdk.internal.reflect.NativeConstructorAccessorImpl.newInstance(NativeConstructorAccessorImpl.java:62)
	at java.base/jdk.internal.reflect.DelegatingConstructorAccessorImpl.newInstance(DelegatingConstructorAccessorImpl.java:45)
	at java.base/java.lang.reflect.Constructor.newInstance(Constructor.java:490)
	at ptolemy.util.test.junit.AutoKnownFailedTests.RunModel(AutoKnownFailedTests.java:105)
	at java.base/jdk.internal.reflect.NativeMethodAccessorImpl.invoke0(Native Method)
	at java.base/jdk.internal.reflect.NativeMethodAccessorImpl.invoke(NativeMethodAccessorImpl.java:62)
	at java.base/jdk.internal.reflect.DelegatingMethodAccessorImpl.invoke(DelegatingMethodAccessorImpl.java:43)
	at java.base/java.lang.reflect.Method.invoke(Method.java:566)
	at org.junit.runners.model.FrameworkMethod$1.runReflectiveCall(FrameworkMethod.java:44)
	at org.junit.internal.runners.model.ReflectiveCallable.run(ReflectiveCallable.java:15)
	at org.junit.runners.model.FrameworkMethod.invokeExplosively(FrameworkMethod.java:41)
	at junitparams.internal.InvokeParameterisedMethod.evaluate(InvokeParameterisedMethod.java:102)
	at org.junit.internal.runners.statements.FailOnTimeout$1.run(FailOnTimeout.java:28)
Caused by: ptolemy.kernel.util.IllegalActionException: Actor is not ready to fire.  Perhaps UpSample.prefire() returned false? Try debugging the actor by selecting "Listen to Actor".  Also, for SDF check moml for tokenConsumptionRate on input.
  in .DESDFClockTest.Play Bell.Copy1:SDF Director and .DESDFClockTest.Play Bell.UpSample
	at ptolemy.actor.sched.StaticSchedulingDirector.fire(StaticSchedulingDirector.java:227)
	at ptolemy.domains.sdf.kernel.SDFDirector.fire(SDFDirector.java:500)
	at ptolemy.actor.CompositeActor.fire(CompositeActor.java:455)
	at ptolemy.domains.de.kernel.DEDirector._fire(DEDirector.java:1949)
	at ptolemy.domains.de.kernel.DEDirector.fire(DEDirector.java:502)
	at ptolemy.actor.CompositeActor.fire(CompositeActor.java:455)
	at ptolemy.actor.Manager.iterate(Manager.java:851)
	at ptolemy.actor.Manager.execute(Manager.java:369)
	at ptolemy.actor.Manager.run(Manager.java:1263)
	at ptolemy.actor.Manager$PtolemyRunThread.run(Manager.java:1933)
java.lang.RuntimeException: Execution failed
	at ptolemy.moml.MoMLSimpleApplication$UnloadThread.run(MoMLSimpleApplication.java:402)
Caused by: ptolemy.kernel.util.IllegalActionException: Test fails in iteration 1.
Value was: 1.0. Should have been: 2.0
  in .DirectFeedback.Test
	at ptolemy.actor.lib.Test.fire(Test.java:268)
	at ptolemy.domains.de.kernel.DEDirector._fire(DEDirector.java:1949)
	at ptolemy.domains.de.kernel.DEDirector.fire(DEDirector.java:502)
	at ptolemy.actor.CompositeActor.fire(CompositeActor.java:455)
	at ptolemy.actor.Manager.iterate(Manager.java:851)
	at ptolemy.actor.Manager.execute(Manager.java:369)
	at ptolemy.actor.Manager.run(Manager.java:1263)
	at ptolemy.actor.Manager$PtolemyRunThread.run(Manager.java:1933)
java.lang.reflect.InvocationTargetException
	at java.base/jdk.internal.reflect.NativeConstructorAccessorImpl.newInstance0(Native Method)
	at java.base/jdk.internal.reflect.NativeConstructorAccessorImpl.newInstance(NativeConstructorAccessorImpl.java:62)
	at java.base/jdk.internal.reflect.DelegatingConstructorAccessorImpl.newInstance(DelegatingConstructorAccessorImpl.java:45)
	at java.base/java.lang.reflect.Constructor.newInstance(Constructor.java:490)
	at ptolemy.util.test.junit.AutoKnownFailedTests.RunModel(AutoKnownFailedTests.java:105)
	at java.base/jdk.internal.reflect.NativeMethodAccessorImpl.invoke0(Native Method)
	at java.base/jdk.internal.reflect.NativeMethodAccessorImpl.invoke(NativeMethodAccessorImpl.java:62)
	at java.base/jdk.internal.reflect.DelegatingMethodAccessorImpl.invoke(DelegatingMethodAccessorImpl.java:43)
	at java.base/java.lang.reflect.Method.invoke(Method.java:566)
	at org.junit.runners.model.FrameworkMethod$1.runReflectiveCall(FrameworkMethod.java:44)
	at org.junit.internal.runners.model.ReflectiveCallable.run(ReflectiveCallable.java:15)
	at org.junit.runners.model.FrameworkMethod.invokeExplosively(FrameworkMethod.java:41)
	at junitparams.internal.InvokeParameterisedMethod.evaluate(InvokeParameterisedMethod.java:102)
	at org.junit.internal.runners.statements.FailOnTimeout$1.run(FailOnTimeout.java:28)
Caused by: ptolemy.kernel.util.IllegalActionException: Test fails in iteration 1.
Value was: 1.0. Should have been: 2.0
  in .DirectFeedback.Test
	at ptolemy.actor.lib.Test.fire(Test.java:268)
	at ptolemy.domains.de.kernel.DEDirector._fire(DEDirector.java:1949)
	at ptolemy.domains.de.kernel.DEDirector.fire(DEDirector.java:502)
	at ptolemy.actor.CompositeActor.fire(CompositeActor.java:455)
	at ptolemy.actor.Manager.iterate(Manager.java:851)
	at ptolemy.actor.Manager.execute(Manager.java:369)
	at ptolemy.actor.Manager.run(Manager.java:1263)
	at ptolemy.actor.Manager$PtolemyRunThread.run(Manager.java:1933)
java.lang.RuntimeException: Execution failed
	at ptolemy.moml.MoMLSimpleApplication$UnloadThread.run(MoMLSimpleApplication.java:402)
Caused by: ptolemy.kernel.util.IllegalActionException: Found a zero delay loop containing .HierarchicalModel.A
  in .HierarchicalModel and .HierarchicalModel.A
	at ptolemy.actor.util.CausalityInterfaceForComposites._computeOutputPortDepth(CausalityInterfaceForComposites.java:759)
	at ptolemy.actor.util.CausalityInterfaceForComposites._computeInputDepth(CausalityInterfaceForComposites.java:696)
	at ptolemy.actor.util.CausalityInterfaceForComposites._computeOutputPortDepth(CausalityInterfaceForComposites.java:765)
	at ptolemy.actor.util.CausalityInterfaceForComposites._computeInputDepth(CausalityInterfaceForComposites.java:696)
	at ptolemy.actor.util.CausalityInterfaceForComposites._computeOutputPortDepth(CausalityInterfaceForComposites.java:765)
	at ptolemy.actor.util.CausalityInterfaceForComposites._computeInputDepth(CausalityInterfaceForComposites.java:696)
	at ptolemy.actor.util.CausalityInterfaceForComposites._computeActorDepth(CausalityInterfaceForComposites.java:532)
	at ptolemy.actor.util.CausalityInterfaceForComposites.checkForCycles(CausalityInterfaceForComposites.java:96)
	at ptolemy.domains.de.kernel.DEDirector.preinitialize(DEDirector.java:1338)
	at ptolemy.actor.CompositeActor.preinitialize(CompositeActor.java:1828)
	at ptolemy.actor.Manager.preinitializeAndResolveTypes(Manager.java:1040)
	at ptolemy.actor.Manager.initialize(Manager.java:710)
	at ptolemy.actor.Manager.execute(Manager.java:356)
	at ptolemy.actor.Manager.run(Manager.java:1263)
	at ptolemy.actor.Manager$PtolemyRunThread.run(Manager.java:1933)
java.lang.reflect.InvocationTargetException
	at java.base/jdk.internal.reflect.NativeConstructorAccessorImpl.newInstance0(Native Method)
	at java.base/jdk.internal.reflect.NativeConstructorAccessorImpl.newInstance(NativeConstructorAccessorImpl.java:62)
	at java.base/jdk.internal.reflect.DelegatingConstructorAccessorImpl.newInstance(DelegatingConstructorAccessorImpl.java:45)
	at java.base/java.lang.reflect.Constructor.newInstance(Constructor.java:490)
	at ptolemy.util.test.junit.AutoKnownFailedTests.RunModel(AutoKnownFailedTests.java:105)
	at java.base/jdk.internal.reflect.NativeMethodAccessorImpl.invoke0(Native Method)
	at java.base/jdk.internal.reflect.NativeMethodAccessorImpl.invoke(NativeMethodAccessorImpl.java:62)
	at java.base/jdk.internal.reflect.DelegatingMethodAccessorImpl.invoke(DelegatingMethodAccessorImpl.java:43)
	at java.base/java.lang.reflect.Method.invoke(Method.java:566)
	at org.junit.runners.model.FrameworkMethod$1.runReflectiveCall(FrameworkMethod.java:44)
	at org.junit.internal.runners.model.ReflectiveCallable.run(ReflectiveCallable.java:15)
	at org.junit.runners.model.FrameworkMethod.invokeExplosively(FrameworkMethod.java:41)
	at junitparams.internal.InvokeParameterisedMethod.evaluate(InvokeParameterisedMethod.java:102)
	at org.junit.internal.runners.statements.FailOnTimeout$1.run(FailOnTimeout.java:28)
Caused by: ptolemy.kernel.util.IllegalActionException: Found a zero delay loop containing .HierarchicalModel.A
  in .HierarchicalModel and .HierarchicalModel.A
	at ptolemy.actor.util.CausalityInterfaceForComposites._computeOutputPortDepth(CausalityInterfaceForComposites.java:759)
	at ptolemy.actor.util.CausalityInterfaceForComposites._computeInputDepth(CausalityInterfaceForComposites.java:696)
	at ptolemy.actor.util.CausalityInterfaceForComposites._computeOutputPortDepth(CausalityInterfaceForComposites.java:765)
	at ptolemy.actor.util.CausalityInterfaceForComposites._computeInputDepth(CausalityInterfaceForComposites.java:696)
	at ptolemy.actor.util.CausalityInterfaceForComposites._computeOutputPortDepth(CausalityInterfaceForComposites.java:765)
	at ptolemy.actor.util.CausalityInterfaceForComposites._computeInputDepth(CausalityInterfaceForComposites.java:696)
	at ptolemy.actor.util.CausalityInterfaceForComposites._computeActorDepth(CausalityInterfaceForComposites.java:532)
	at ptolemy.actor.util.CausalityInterfaceForComposites.checkForCycles(CausalityInterfaceForComposites.java:96)
	at ptolemy.domains.de.kernel.DEDirector.preinitialize(DEDirector.java:1338)
	at ptolemy.actor.CompositeActor.preinitialize(CompositeActor.java:1828)
	at ptolemy.actor.Manager.preinitializeAndResolveTypes(Manager.java:1040)
	at ptolemy.actor.Manager.initialize(Manager.java:710)
	at ptolemy.actor.Manager.execute(Manager.java:356)
	at ptolemy.actor.Manager.run(Manager.java:1263)
	at ptolemy.actor.Manager$PtolemyRunThread.run(Manager.java:1933)
java.lang.RuntimeException: Execution failed
	at ptolemy.moml.MoMLSimpleApplication$UnloadThread.run(MoMLSimpleApplication.java:402)
Caused by: ptolemy.kernel.util.IllegalActionException: Found a zero delay loop containing .dependencyLoop.original
  in .dependencyLoop and .dependencyLoop.original
	at ptolemy.actor.util.CausalityInterfaceForComposites._computeOutputPortDepth(CausalityInterfaceForComposites.java:759)
	at ptolemy.actor.util.CausalityInterfaceForComposites._computeInputDepth(CausalityInterfaceForComposites.java:696)
	at ptolemy.actor.util.CausalityInterfaceForComposites._computeOutputPortDepth(CausalityInterfaceForComposites.java:765)
	at ptolemy.actor.util.CausalityInterfaceForComposites._computeInputDepth(CausalityInterfaceForComposites.java:696)
	at ptolemy.actor.util.CausalityInterfaceForComposites._computeOutputPortDepth(CausalityInterfaceForComposites.java:765)
	at ptolemy.actor.util.CausalityInterfaceForComposites._computeInputDepth(CausalityInterfaceForComposites.java:696)
	at ptolemy.actor.util.CausalityInterfaceForComposites._computeActorDepth(CausalityInterfaceForComposites.java:532)
	at ptolemy.actor.util.CausalityInterfaceForComposites.checkForCycles(CausalityInterfaceForComposites.java:96)
	at ptolemy.domains.de.kernel.DEDirector.preinitialize(DEDirector.java:1338)
	at ptolemy.actor.CompositeActor.preinitialize(CompositeActor.java:1828)
	at ptolemy.actor.Manager.preinitializeAndResolveTypes(Manager.java:1040)
	at ptolemy.actor.Manager.initialize(Manager.java:710)
	at ptolemy.actor.Manager.execute(Manager.java:356)
	at ptolemy.actor.Manager.run(Manager.java:1263)
	at ptolemy.actor.Manager$PtolemyRunThread.run(Manager.java:1933)
java.lang.reflect.InvocationTargetException
	at java.base/jdk.internal.reflect.NativeConstructorAccessorImpl.newInstance0(Native Method)
	at java.base/jdk.internal.reflect.NativeConstructorAccessorImpl.newInstance(NativeConstructorAccessorImpl.java:62)
	at java.base/jdk.internal.reflect.DelegatingConstructorAccessorImpl.newInstance(DelegatingConstructorAccessorImpl.java:45)
	at java.base/java.lang.reflect.Constructor.newInstance(Constructor.java:490)
	at ptolemy.util.test.junit.AutoKnownFailedTests.RunModel(AutoKnownFailedTests.java:105)
	at java.base/jdk.internal.reflect.NativeMethodAccessorImpl.invoke0(Native Method)
	at java.base/jdk.internal.reflect.NativeMethodAccessorImpl.invoke(NativeMethodAccessorImpl.java:62)
	at java.base/jdk.internal.reflect.DelegatingMethodAccessorImpl.invoke(DelegatingMethodAccessorImpl.java:43)
	at java.base/java.lang.reflect.Method.invoke(Method.java:566)
	at org.junit.runners.model.FrameworkMethod$1.runReflectiveCall(FrameworkMethod.java:44)
	at org.junit.internal.runners.model.ReflectiveCallable.run(ReflectiveCallable.java:15)
	at org.junit.runners.model.FrameworkMethod.invokeExplosively(FrameworkMethod.java:41)
	at junitparams.internal.InvokeParameterisedMethod.evaluate(InvokeParameterisedMethod.java:102)
	at org.junit.internal.runners.statements.FailOnTimeout$1.run(FailOnTimeout.java:28)
Caused by: ptolemy.kernel.util.IllegalActionException: Found a zero delay loop containing .dependencyLoop.original
  in .dependencyLoop and .dependencyLoop.original
	at ptolemy.actor.util.CausalityInterfaceForComposites._computeOutputPortDepth(CausalityInterfaceForComposites.java:759)
	at ptolemy.actor.util.CausalityInterfaceForComposites._computeInputDepth(CausalityInterfaceForComposites.java:696)
	at ptolemy.actor.util.CausalityInterfaceForComposites._computeOutputPortDepth(CausalityInterfaceForComposites.java:765)
	at ptolemy.actor.util.CausalityInterfaceForComposites._computeInputDepth(CausalityInterfaceForComposites.java:696)
	at ptolemy.actor.util.CausalityInterfaceForComposites._computeOutputPortDepth(CausalityInterfaceForComposites.java:765)
	at ptolemy.actor.util.CausalityInterfaceForComposites._computeInputDepth(CausalityInterfaceForComposites.java:696)
	at ptolemy.actor.util.CausalityInterfaceForComposites._computeActorDepth(CausalityInterfaceForComposites.java:532)
	at ptolemy.actor.util.CausalityInterfaceForComposites.checkForCycles(CausalityInterfaceForComposites.java:96)
	at ptolemy.domains.de.kernel.DEDirector.preinitialize(DEDirector.java:1338)
	at ptolemy.actor.CompositeActor.preinitialize(CompositeActor.java:1828)
	at ptolemy.actor.Manager.preinitializeAndResolveTypes(Manager.java:1040)
	at ptolemy.actor.Manager.initialize(Manager.java:710)
	at ptolemy.actor.Manager.execute(Manager.java:356)
	at ptolemy.actor.Manager.run(Manager.java:1263)
	at ptolemy.actor.Manager$PtolemyRunThread.run(Manager.java:1933)
java.lang.RuntimeException: Execution failed
	at ptolemy.moml.MoMLSimpleApplication$UnloadThread.run(MoMLSimpleApplication.java:402)
Caused by: ptolemy.kernel.util.IllegalActionException: Found a zero delay loop containing .dependencyLoop2.original
  in .dependencyLoop2 and .dependencyLoop2.original
	at ptolemy.actor.util.CausalityInterfaceForComposites._computeOutputPortDepth(CausalityInterfaceForComposites.java:759)
	at ptolemy.actor.util.CausalityInterfaceForComposites._computeInputDepth(CausalityInterfaceForComposites.java:696)
	at ptolemy.actor.util.CausalityInterfaceForComposites._computeOutputPortDepth(CausalityInterfaceForComposites.java:765)
	at ptolemy.actor.util.CausalityInterfaceForComposites._computeInputDepth(CausalityInterfaceForComposites.java:696)
	at ptolemy.actor.util.CausalityInterfaceForComposites._computeOutputPortDepth(CausalityInterfaceForComposites.java:765)
	at ptolemy.actor.util.CausalityInterfaceForComposites._computeInputDepth(CausalityInterfaceForComposites.java:696)
	at ptolemy.actor.util.CausalityInterfaceForComposites._computeActorDepth(CausalityInterfaceForComposites.java:532)
	at ptolemy.actor.util.CausalityInterfaceForComposites.checkForCycles(CausalityInterfaceForComposites.java:96)
	at ptolemy.domains.de.kernel.DEDirector.preinitialize(DEDirector.java:1338)
	at ptolemy.actor.CompositeActor.preinitialize(CompositeActor.java:1828)
	at ptolemy.actor.Manager.preinitializeAndResolveTypes(Manager.java:1040)
	at ptolemy.actor.Manager.initialize(Manager.java:710)
	at ptolemy.actor.Manager.execute(Manager.java:356)
	at ptolemy.actor.Manager.run(Manager.java:1263)
	at ptolemy.actor.Manager$PtolemyRunThread.run(Manager.java:1933)
java.lang.reflect.InvocationTargetException
	at java.base/jdk.internal.reflect.NativeConstructorAccessorImpl.newInstance0(Native Method)
	at java.base/jdk.internal.reflect.NativeConstructorAccessorImpl.newInstance(NativeConstructorAccessorImpl.java:62)
	at java.base/jdk.internal.reflect.DelegatingConstructorAccessorImpl.newInstance(DelegatingConstructorAccessorImpl.java:45)
	at java.base/java.lang.reflect.Constructor.newInstance(Constructor.java:490)
	at ptolemy.util.test.junit.AutoKnownFailedTests.RunModel(AutoKnownFailedTests.java:105)
	at java.base/jdk.internal.reflect.NativeMethodAccessorImpl.invoke0(Native Method)
	at java.base/jdk.internal.reflect.NativeMethodAccessorImpl.invoke(NativeMethodAccessorImpl.java:62)
	at java.base/jdk.internal.reflect.DelegatingMethodAccessorImpl.invoke(DelegatingMethodAccessorImpl.java:43)
	at java.base/java.lang.reflect.Method.invoke(Method.java:566)
	at org.junit.runners.model.FrameworkMethod$1.runReflectiveCall(FrameworkMethod.java:44)
	at org.junit.internal.runners.model.ReflectiveCallable.run(ReflectiveCallable.java:15)
	at org.junit.runners.model.FrameworkMethod.invokeExplosively(FrameworkMethod.java:41)
	at junitparams.internal.InvokeParameterisedMethod.evaluate(InvokeParameterisedMethod.java:102)
	at org.junit.internal.runners.statements.FailOnTimeout$1.run(FailOnTimeout.java:28)
Caused by: ptolemy.kernel.util.IllegalActionException: Found a zero delay loop containing .dependencyLoop2.original
  in .dependencyLoop2 and .dependencyLoop2.original
	at ptolemy.actor.util.CausalityInterfaceForComposites._computeOutputPortDepth(CausalityInterfaceForComposites.java:759)
	at ptolemy.actor.util.CausalityInterfaceForComposites._computeInputDepth(CausalityInterfaceForComposites.java:696)
	at ptolemy.actor.util.CausalityInterfaceForComposites._computeOutputPortDepth(CausalityInterfaceForComposites.java:765)
	at ptolemy.actor.util.CausalityInterfaceForComposites._computeInputDepth(CausalityInterfaceForComposites.java:696)
	at ptolemy.actor.util.CausalityInterfaceForComposites._computeOutputPortDepth(CausalityInterfaceForComposites.java:765)
	at ptolemy.actor.util.CausalityInterfaceForComposites._computeInputDepth(CausalityInterfaceForComposites.java:696)
	at ptolemy.actor.util.CausalityInterfaceForComposites._computeActorDepth(CausalityInterfaceForComposites.java:532)
	at ptolemy.actor.util.CausalityInterfaceForComposites.checkForCycles(CausalityInterfaceForComposites.java:96)
	at ptolemy.domains.de.kernel.DEDirector.preinitialize(DEDirector.java:1338)
	at ptolemy.actor.CompositeActor.preinitialize(CompositeActor.java:1828)
	at ptolemy.actor.Manager.preinitializeAndResolveTypes(Manager.java:1040)
	at ptolemy.actor.Manager.initialize(Manager.java:710)
	at ptolemy.actor.Manager.execute(Manager.java:356)
	at ptolemy.actor.Manager.run(Manager.java:1263)
	at ptolemy.actor.Manager$PtolemyRunThread.run(Manager.java:1933)
]]></system-err>
</testsuite>
