<?xml version="1.0" encoding="UTF-8" ?>
<testsuite errors="0" failures="0" hostname="travis-job-979a4b34-40a4-4f23-a33f-dbee014c0360" name="ptolemy.domains.sdf.lib.test.junit.JUnitTclTest" skipped="0" tests="82" time="10.329" timestamp="2019-11-27T06:53:22">
  <properties>
[...]
</properties>
  <testcase classname="ptolemy.util.test.junit.TclTests" name="[0] /home/travis/build/icyphy/ptII/ptolemy/domains/sdf/lib/test/ArrayToSequence.tcl (RunTclFile)" time="0.783" />
  <testcase classname="ptolemy.util.test.junit.TclTests" name="[1] /home/travis/build/icyphy/ptII/ptolemy/domains/sdf/lib/test/BitsToInt.tcl (RunTclFile)" time="0.087" />
  <testcase classname="ptolemy.util.test.junit.TclTests" name="[2] /home/travis/build/icyphy/ptII/ptolemy/domains/sdf/lib/test/DelayLine.tcl (RunTclFile)" time="0.06" />
  <testcase classname="ptolemy.util.test.junit.TclTests" name="[3] /home/travis/build/icyphy/ptII/ptolemy/domains/sdf/lib/test/FFT.tcl (RunTclFile)" time="0.024" />
  <testcase classname="ptolemy.util.test.junit.TclTests" name="[4] /home/travis/build/icyphy/ptII/ptolemy/domains/sdf/lib/test/FIR.tcl (RunTclFile)" time="0.223" />
  <testcase classname="ptolemy.util.test.junit.TclTests" name="[5] /home/travis/build/icyphy/ptII/ptolemy/domains/sdf/lib/test/IntToBits.tcl (RunTclFile)" time="0.053" />
  <testcase classname="ptolemy.util.test.junit.TclTests" name="[6] /home/travis/build/icyphy/ptII/ptolemy/domains/sdf/lib/test/MaximumEntropySpectrum.tcl (RunTclFile)" time="0.378" />
  <testcase classname="ptolemy.util.test.junit.TclTests" name="[7] /home/travis/build/icyphy/ptII/ptolemy/domains/sdf/lib/test/Repeat.tcl (RunTclFile)" time="0.025" />
  <testcase classname="ptolemy.util.test.junit.TclTests" name="[8] /home/travis/build/icyphy/ptII/ptolemy/domains/sdf/lib/test/SampleDelay.tcl (RunTclFile)" time="0.078" />
  <testcase classname="ptolemy.util.test.junit.TclTests" name="[9] /home/travis/build/icyphy/ptII/ptolemy/domains/sdf/lib/test/SequenceToArray.tcl (RunTclFile)" time="0.078" />
  <testcase classname="ptolemy.util.test.junit.AutoKnownFailedTests" name="[0] ThereAreNoKnowFailedTests (RunModel)" time="0.005" />
  <testcase classname="ptolemy.util.test.junit.AutoNameArchTests" name="[0] ThereAreNoAutoArchTests (RunModel)" time="0.002" />
  <testcase classname="ptolemy.util.test.junit.AutoTests" name="[0] /home/travis/build/icyphy/ptII/ptolemy/domains/sdf/lib/test/auto/ArrayToSequence.xml (RunModel)" time="0.29" />
  <testcase classname="ptolemy.util.test.junit.AutoTests" name="[1] /home/travis/build/icyphy/ptII/ptolemy/domains/sdf/lib/test/auto/ArrayToSequenceTest.xml (RunModel)" time="0.107" />
  <testcase classname="ptolemy.util.test.junit.AutoTests" name="[2] /home/travis/build/icyphy/ptII/ptolemy/domains/sdf/lib/test/auto/Autocorrelation.xml (RunModel)" time="0.055" />
  <testcase classname="ptolemy.util.test.junit.AutoTests" name="[3] /home/travis/build/icyphy/ptII/ptolemy/domains/sdf/lib/test/auto/Autocorrelation2.xml (RunModel)" time="0.068" />
  <testcase classname="ptolemy.util.test.junit.AutoTests" name="[4] /home/travis/build/icyphy/ptII/ptolemy/domains/sdf/lib/test/auto/Autocorrelation3.xml (RunModel)" time="0.024" />
  <testcase classname="ptolemy.util.test.junit.AutoTests" name="[5] /home/travis/build/icyphy/ptII/ptolemy/domains/sdf/lib/test/auto/Autocorrelation4.xml (RunModel)" time="0.067" />
  <testcase classname="ptolemy.util.test.junit.AutoTests" name="[6] /home/travis/build/icyphy/ptII/ptolemy/domains/sdf/lib/test/auto/Autocorrelation5.xml (RunModel)" time="0.154" />
  <testcase classname="ptolemy.util.test.junit.AutoTests" name="[7] /home/travis/build/icyphy/ptII/ptolemy/domains/sdf/lib/test/auto/BitsToInt.xml (RunModel)" time="0.037" />
  <testcase classname="ptolemy.util.test.junit.AutoTests" name="[8] /home/travis/build/icyphy/ptII/ptolemy/domains/sdf/lib/test/auto/BooleanJoin.xml (RunModel)" time="0.057" />
  <testcase classname="ptolemy.util.test.junit.AutoTests" name="[9] /home/travis/build/icyphy/ptII/ptolemy/domains/sdf/lib/test/auto/BootstrapSampleDelay.xml (RunModel)" time="0.051" />
  <testcase classname="ptolemy.util.test.junit.AutoTests" name="[10] /home/travis/build/icyphy/ptII/ptolemy/domains/sdf/lib/test/auto/Chop.xml (RunModel)" time="0.071" />
  <testcase classname="ptolemy.util.test.junit.AutoTests" name="[11] /home/travis/build/icyphy/ptII/ptolemy/domains/sdf/lib/test/auto/Chop2.xml (RunModel)" time="0.054" />
  <testcase classname="ptolemy.util.test.junit.AutoTests" name="[12] /home/travis/build/icyphy/ptII/ptolemy/domains/sdf/lib/test/auto/ComplexJoin.xml (RunModel)" time="0.058" />
  <testcase classname="ptolemy.util.test.junit.AutoTests" name="[13] /home/travis/build/icyphy/ptII/ptolemy/domains/sdf/lib/test/auto/CountTrues.xml (RunModel)" time="0.032" />
  <testcase classname="ptolemy.util.test.junit.AutoTests" name="[14] /home/travis/build/icyphy/ptII/ptolemy/domains/sdf/lib/test/auto/DelayLine.xml (RunModel)" time="0.047" />
  <testcase classname="ptolemy.util.test.junit.AutoTests" name="[15] /home/travis/build/icyphy/ptII/ptolemy/domains/sdf/lib/test/auto/DotProduct.xml (RunModel)" time="0.024" />
  <testcase classname="ptolemy.util.test.junit.AutoTests" name="[16] /home/travis/build/icyphy/ptII/ptolemy/domains/sdf/lib/test/auto/DotProductMatrix.xml (RunModel)" time="0.043" />
  <testcase classname="ptolemy.util.test.junit.AutoTests" name="[17] /home/travis/build/icyphy/ptII/ptolemy/domains/sdf/lib/test/auto/DownSample1.xml (RunModel)" time="0.037" />
  <testcase classname="ptolemy.util.test.junit.AutoTests" name="[18] /home/travis/build/icyphy/ptII/ptolemy/domains/sdf/lib/test/auto/DynamicRateChange.xml (RunModel)" time="0.038" />
  <testcase classname="ptolemy.util.test.junit.AutoTests" name="[19] /home/travis/build/icyphy/ptII/ptolemy/domains/sdf/lib/test/auto/DynamicRates.xml (RunModel)" time="0.033" />
  <testcase classname="ptolemy.util.test.junit.AutoTests" name="[20] /home/travis/build/icyphy/ptII/ptolemy/domains/sdf/lib/test/auto/FFT1.xml (RunModel)" time="0.035" />
  <testcase classname="ptolemy.util.test.junit.AutoTests" name="[21] /home/travis/build/icyphy/ptII/ptolemy/domains/sdf/lib/test/auto/FIR1.xml (RunModel)" time="0.065" />
  <testcase classname="ptolemy.util.test.junit.AutoTests" name="[22] /home/travis/build/icyphy/ptII/ptolemy/domains/sdf/lib/test/auto/FIR2.xml (RunModel)" time="0.025" />
  <testcase classname="ptolemy.util.test.junit.AutoTests" name="[23] /home/travis/build/icyphy/ptII/ptolemy/domains/sdf/lib/test/auto/FIR4.xml (RunModel)" time="0.049" />
  <testcase classname="ptolemy.util.test.junit.AutoTests" name="[24] /home/travis/build/icyphy/ptII/ptolemy/domains/sdf/lib/test/auto/FixJoin.xml (RunModel)" time="0.043" />
  <testcase classname="ptolemy.util.test.junit.AutoTests" name="[25] /home/travis/build/icyphy/ptII/ptolemy/domains/sdf/lib/test/auto/IntJoin1.xml (RunModel)" time="0.034" />
  <testcase classname="ptolemy.util.test.junit.AutoTests" name="[26] /home/travis/build/icyphy/ptII/ptolemy/domains/sdf/lib/test/auto/IntJoin2.xml (RunModel)" time="0.021" />
  <testcase classname="ptolemy.util.test.junit.AutoTests" name="[27] /home/travis/build/icyphy/ptII/ptolemy/domains/sdf/lib/test/auto/IntJoin3.xml (RunModel)" time="0.022" />
  <testcase classname="ptolemy.util.test.junit.AutoTests" name="[28] /home/travis/build/icyphy/ptII/ptolemy/domains/sdf/lib/test/auto/IntJoin4.xml (RunModel)" time="0.032" />
  <testcase classname="ptolemy.util.test.junit.AutoTests" name="[29] /home/travis/build/icyphy/ptII/ptolemy/domains/sdf/lib/test/auto/IntJoin5.xml (RunModel)" time="0.033" />
  <testcase classname="ptolemy.util.test.junit.AutoTests" name="[30] /home/travis/build/icyphy/ptII/ptolemy/domains/sdf/lib/test/auto/IntToBits.xml (RunModel)" time="0.033" />
  <testcase classname="ptolemy.util.test.junit.AutoTests" name="[31] /home/travis/build/icyphy/ptII/ptolemy/domains/sdf/lib/test/auto/LMSAdaptive.xml (RunModel)" time="0.071" />
  <testcase classname="ptolemy.util.test.junit.AutoTests" name="[32] /home/travis/build/icyphy/ptII/ptolemy/domains/sdf/lib/test/auto/LMSAdaptiveFIR.xml (RunModel)" time="0.422" />
  <testcase classname="ptolemy.util.test.junit.AutoTests" name="[33] /home/travis/build/icyphy/ptII/ptolemy/domains/sdf/lib/test/auto/LMSAdaptiveFIR2.xml (RunModel)" time="0.47" />
  <testcase classname="ptolemy.util.test.junit.AutoTests" name="[34] /home/travis/build/icyphy/ptII/ptolemy/domains/sdf/lib/test/auto/LongJoin.xml (RunModel)" time="0.035" />
  <testcase classname="ptolemy.util.test.junit.AutoTests" name="[35] /home/travis/build/icyphy/ptII/ptolemy/domains/sdf/lib/test/auto/Matrix1.xml (RunModel)" time="0.04" />
  <testcase classname="ptolemy.util.test.junit.AutoTests" name="[36] /home/travis/build/icyphy/ptII/ptolemy/domains/sdf/lib/test/auto/Matrix2.xml (RunModel)" time="0.033" />
  <testcase classname="ptolemy.util.test.junit.AutoTests" name="[37] /home/travis/build/icyphy/ptII/ptolemy/domains/sdf/lib/test/auto/MatrixJoin1.xml (RunModel)" time="0.025" />
  <testcase classname="ptolemy.util.test.junit.AutoTests" name="[38] /home/travis/build/icyphy/ptII/ptolemy/domains/sdf/lib/test/auto/MatrixJoin2.xml (RunModel)" time="0.04" />
  <testcase classname="ptolemy.util.test.junit.AutoTests" name="[39] /home/travis/build/icyphy/ptII/ptolemy/domains/sdf/lib/test/auto/MatrixJoin3.xml (RunModel)" time="0.025" />
  <testcase classname="ptolemy.util.test.junit.AutoTests" name="[40] /home/travis/build/icyphy/ptII/ptolemy/domains/sdf/lib/test/auto/MatrixJoin4.xml (RunModel)" time="0.022" />
  <testcase classname="ptolemy.util.test.junit.AutoTests" name="[41] /home/travis/build/icyphy/ptII/ptolemy/domains/sdf/lib/test/auto/MatrixJoin5.xml (RunModel)" time="0.02" />
  <testcase classname="ptolemy.util.test.junit.AutoTests" name="[42] /home/travis/build/icyphy/ptII/ptolemy/domains/sdf/lib/test/auto/MatrixSplit1.xml (RunModel)" time="0.031" />
  <testcase classname="ptolemy.util.test.junit.AutoTests" name="[43] /home/travis/build/icyphy/ptII/ptolemy/domains/sdf/lib/test/auto/MatrixSplit10.xml (RunModel)" time="0.017" />
  <testcase classname="ptolemy.util.test.junit.AutoTests" name="[44] /home/travis/build/icyphy/ptII/ptolemy/domains/sdf/lib/test/auto/MatrixSplit11.xml (RunModel)" time="0.018" />
  <testcase classname="ptolemy.util.test.junit.AutoTests" name="[45] /home/travis/build/icyphy/ptII/ptolemy/domains/sdf/lib/test/auto/MatrixSplit12.xml (RunModel)" time="0.024" />
  <testcase classname="ptolemy.util.test.junit.AutoTests" name="[46] /home/travis/build/icyphy/ptII/ptolemy/domains/sdf/lib/test/auto/MatrixSplit13.xml (RunModel)" time="0.035" />
  <testcase classname="ptolemy.util.test.junit.AutoTests" name="[47] /home/travis/build/icyphy/ptII/ptolemy/domains/sdf/lib/test/auto/MatrixSplit14.xml (RunModel)" time="0.017" />
  <testcase classname="ptolemy.util.test.junit.AutoTests" name="[48] /home/travis/build/icyphy/ptII/ptolemy/domains/sdf/lib/test/auto/MatrixSplit2.xml (RunModel)" time="0.015" />
  <testcase classname="ptolemy.util.test.junit.AutoTests" name="[49] /home/travis/build/icyphy/ptII/ptolemy/domains/sdf/lib/test/auto/MatrixSplit3.xml (RunModel)" time="0.018" />
  <testcase classname="ptolemy.util.test.junit.AutoTests" name="[50] /home/travis/build/icyphy/ptII/ptolemy/domains/sdf/lib/test/auto/MatrixSplit4.xml (RunModel)" time="0.019" />
  <testcase classname="ptolemy.util.test.junit.AutoTests" name="[51] /home/travis/build/icyphy/ptII/ptolemy/domains/sdf/lib/test/auto/MatrixSplit5.xml (RunModel)" time="0.027" />
  <testcase classname="ptolemy.util.test.junit.AutoTests" name="[52] /home/travis/build/icyphy/ptII/ptolemy/domains/sdf/lib/test/auto/MatrixSplit6.xml (RunModel)" time="0.016" />
  <testcase classname="ptolemy.util.test.junit.AutoTests" name="[53] /home/travis/build/icyphy/ptII/ptolemy/domains/sdf/lib/test/auto/MatrixSplit7.xml (RunModel)" time="0.016" />
  <testcase classname="ptolemy.util.test.junit.AutoTests" name="[54] /home/travis/build/icyphy/ptII/ptolemy/domains/sdf/lib/test/auto/MatrixSplit8.xml (RunModel)" time="0.019" />
  <testcase classname="ptolemy.util.test.junit.AutoTests" name="[55] /home/travis/build/icyphy/ptII/ptolemy/domains/sdf/lib/test/auto/MatrixSplit9.xml (RunModel)" time="0.034" />
  <testcase classname="ptolemy.util.test.junit.AutoTests" name="[56] /home/travis/build/icyphy/ptII/ptolemy/domains/sdf/lib/test/auto/MatrixToSequence.xml (RunModel)" time="0.051" />
  <testcase classname="ptolemy.util.test.junit.AutoTests" name="[57] /home/travis/build/icyphy/ptII/ptolemy/domains/sdf/lib/test/auto/MaximumEntropySpectrum.xml (RunModel)" time="0.096" />
  <testcase classname="ptolemy.util.test.junit.AutoTests" name="[58] /home/travis/build/icyphy/ptII/ptolemy/domains/sdf/lib/test/auto/SampleDelayConversion.xml (RunModel)" time="0.027" />
  <testcase classname="ptolemy.util.test.junit.AutoTests" name="[59] /home/travis/build/icyphy/ptII/ptolemy/domains/sdf/lib/test/auto/SequenceToArray.xml (RunModel)" time="0.05" />
  <testcase classname="ptolemy.util.test.junit.AutoTests" name="[60] /home/travis/build/icyphy/ptII/ptolemy/domains/sdf/lib/test/auto/SequenceToMatrix.xml (RunModel)" time="4.033" />
  <testcase classname="ptolemy.util.test.junit.AutoTests" name="[61] /home/travis/build/icyphy/ptII/ptolemy/domains/sdf/lib/test/auto/SmoothedPeriodogram.xml (RunModel)" time="0.069" />
  <testcase classname="ptolemy.util.test.junit.AutoTests" name="[62] /home/travis/build/icyphy/ptII/ptolemy/domains/sdf/lib/test/auto/UpDownSample1.xml (RunModel)" time="0.041" />
  <testcase classname="ptolemy.util.test.junit.AutoTests" name="[63] /home/travis/build/icyphy/ptII/ptolemy/domains/sdf/lib/test/auto/UpSample1.xml (RunModel)" time="0.015" />
  <testcase classname="ptolemy.util.test.junit.AutoTests" name="[64] /home/travis/build/icyphy/ptII/ptolemy/domains/sdf/lib/test/auto/VariableFIR.xml (RunModel)" time="0.019" />
  <testcase classname="ptolemy.util.test.junit.AutoTests" name="[65] /home/travis/build/icyphy/ptII/ptolemy/domains/sdf/lib/test/auto/VariableFIR2.xml (RunModel)" time="0.021" />
  <testcase classname="ptolemy.util.test.junit.AutoTests" name="[66] /home/travis/build/icyphy/ptII/ptolemy/domains/sdf/lib/test/auto/VariableLattice.xml (RunModel)" time="0.032" />
  <testcase classname="ptolemy.util.test.junit.AutoTests" name="[67] /home/travis/build/icyphy/ptII/ptolemy/domains/sdf/lib/test/auto/VariableLattice2.xml (RunModel)" time="0.02" />
  <testcase classname="ptolemy.util.test.junit.AutoTests" name="[68] /home/travis/build/icyphy/ptII/ptolemy/domains/sdf/lib/test/auto/VariableRecursiveLattice.xml (RunModel)" time="0.018" />
  <testcase classname="ptolemy.util.test.junit.AutoTests" name="[69] /home/travis/build/icyphy/ptII/ptolemy/domains/sdf/lib/test/auto/VariableRecursiveLattice2.xml (RunModel)" time="0.013" />
  <system-out><![CDATA[/home/travis/build/icyphy/ptII/ptolemy/domains/sdf/lib/test/ArrayToSequence.tcl
testDefs.tcl: setting time out to 9000 seconds at Wed Nov 27 06:53:22 UTC 2019
123 ms. Memory: 120832K Free: 87493K (72%)
12 ms. Memory: 120832K Free: 85445K (71%)
35 ms. Memory: 120832K Free: 83383K (69%)
24 ms. Memory: 120832K Free: 81863K (68%)
/home/travis/build/icyphy/ptII/ptolemy/domains/sdf/lib/test/BitsToInt.tcl
30 ms. Memory: 120832K Free: 80295K (66%)
20 ms. Memory: 120832K Free: 78247K (65%)
/home/travis/build/icyphy/ptII/ptolemy/domains/sdf/lib/test/DelayLine.tcl
21 ms. Memory: 120832K Free: 76743K (64%)
/home/travis/build/icyphy/ptII/ptolemy/domains/sdf/lib/test/FFT.tcl
10 ms. Memory: 120832K Free: 74695K (62%)
/home/travis/build/icyphy/ptII/ptolemy/domains/sdf/lib/test/FIR.tcl
9 ms. Memory: 120832K Free: 73157K (61%)
103 ms. Memory: 120832K Free: 68551K (57%)
ptolemy.kernel.util.IllegalActionException: multiplyReverse method not supported between ptolemy.data.FixToken 'fix(-0.0625,6,2)' and ptolemy.data.IntToken '1' because the types are incomparable.
  in .top.FIRclone
Because:
multiplyReverse method not supported between ptolemy.data.FixToken 'fix(-0.0625,6,2)' and ptolemy.data.IntToken '1' because the types are incomparable.
42 ms. Memory: 120832K Free: 66503K (55%)
/home/travis/build/icyphy/ptII/ptolemy/domains/sdf/lib/test/IntToBits.tcl
7 ms. Memory: 120832K Free: 64935K (54%)
6 ms. Memory: 120832K Free: 63431K (52%)
/home/travis/build/icyphy/ptII/ptolemy/domains/sdf/lib/test/MaximumEntropySpectrum.tcl
/home/travis/build/icyphy/ptII/ptolemy/domains/sdf/lib/test/Repeat.tcl
8 ms. Memory: 120832K Free: 103664K (86%)
/home/travis/build/icyphy/ptII/ptolemy/domains/sdf/lib/test/SampleDelay.tcl
6 ms. Memory: 120832K Free: 101625K (84%)
5 ms. Memory: 120832K Free: 100595K (83%)
4 ms. Memory: 120832K Free: 100074K (83%)
35 ms. Memory: 120832K Free: 106463K (88%)
3 ms. Memory: 120832K Free: 106040K (88%)
2 ms. Memory: 120832K Free: 105418K (87%)
/home/travis/build/icyphy/ptII/ptolemy/domains/sdf/lib/test/SequenceToArray.tcl
7 ms. Memory: 120832K Free: 103817K (86%)
14 ms. Memory: 120832K Free: 102952K (85%)
7 ms. Memory: 120832K Free: 101343K (84%)
19 ms. Memory: 120832K Free: 100319K (83%)
11/27/19 06:53:24
Failed: 0  Total Tests: 41  ((Passed: 41, Newly Passed: 0)  Known Failed: 0) /home/travis/build/icyphy/ptII/ptolemy/domains/sdf/lib/test
No auto/knownFailedTests/*.xml tests in /home/travis/build/icyphy/ptII/ptolemy/domains/sdf/lib/test
No auto/linux-amd64/*.xml tests in /home/travis/build/icyphy/ptII/ptolemy/domains/sdf/lib/test
AutoTests.java: About to close Vertx.
AutoTests.java: Vertx closed.

===========================================================================================
----------------- testing Wed Nov 27 06:53:24 UTC 2019 /home/travis/build/icyphy/ptII/ptolemy/domains/sdf/lib/test/auto/ArrayToSequence.xml
----------------- Instantiating /home/travis/build/icyphy/ptII/ptolemy/domains/sdf/lib/test/auto/ArrayToSequence.xml
37 ms. Memory: 120832K Free: 85971K (71%)
----------------- Invoking toplevel() on ptolemy.moml.MoMLSimpleApplication@3b7ecd2d
----------------- Done invoking toplevel() on ptolemy.moml.MoMLSimpleApplication@3b7ecd2d
reloadAllAccessors: .ArrayToSequence

===========================================================================================
----------------- testing Wed Nov 27 06:53:25 UTC 2019 /home/travis/build/icyphy/ptII/ptolemy/domains/sdf/lib/test/auto/ArrayToSequenceTest.xml
----------------- Instantiating /home/travis/build/icyphy/ptII/ptolemy/domains/sdf/lib/test/auto/ArrayToSequenceTest.xml
26 ms. Memory: 120832K Free: 79811K (66%)
----------------- Invoking toplevel() on ptolemy.moml.MoMLSimpleApplication@ce3067b
----------------- Done invoking toplevel() on ptolemy.moml.MoMLSimpleApplication@ce3067b
reloadAllAccessors: .ArrayToSequenceTest

===========================================================================================
----------------- testing Wed Nov 27 06:53:25 UTC 2019 /home/travis/build/icyphy/ptII/ptolemy/domains/sdf/lib/test/auto/Autocorrelation.xml
----------------- Instantiating /home/travis/build/icyphy/ptII/ptolemy/domains/sdf/lib/test/auto/Autocorrelation.xml
5 ms. Memory: 120832K Free: 75407K (62%)
----------------- Invoking toplevel() on ptolemy.moml.MoMLSimpleApplication@7b880f77
----------------- Done invoking toplevel() on ptolemy.moml.MoMLSimpleApplication@7b880f77
reloadAllAccessors: .Autocorrelation

===========================================================================================
----------------- testing Wed Nov 27 06:53:25 UTC 2019 /home/travis/build/icyphy/ptII/ptolemy/domains/sdf/lib/test/auto/Autocorrelation2.xml
----------------- Instantiating /home/travis/build/icyphy/ptII/ptolemy/domains/sdf/lib/test/auto/Autocorrelation2.xml
5 ms. Memory: 120832K Free: 104330K (86%)
----------------- Invoking toplevel() on ptolemy.moml.MoMLSimpleApplication@2368c360
----------------- Done invoking toplevel() on ptolemy.moml.MoMLSimpleApplication@2368c360
reloadAllAccessors: .Autocorrelation2

===========================================================================================
----------------- testing Wed Nov 27 06:53:25 UTC 2019 /home/travis/build/icyphy/ptII/ptolemy/domains/sdf/lib/test/auto/Autocorrelation3.xml
----------------- Instantiating /home/travis/build/icyphy/ptII/ptolemy/domains/sdf/lib/test/auto/Autocorrelation3.xml
6 ms. Memory: 120832K Free: 100234K (83%)
----------------- Invoking toplevel() on ptolemy.moml.MoMLSimpleApplication@6093b16
----------------- Done invoking toplevel() on ptolemy.moml.MoMLSimpleApplication@6093b16
reloadAllAccessors: .Autocorrelation3

===========================================================================================
----------------- testing Wed Nov 27 06:53:25 UTC 2019 /home/travis/build/icyphy/ptII/ptolemy/domains/sdf/lib/test/auto/Autocorrelation4.xml
----------------- Instantiating /home/travis/build/icyphy/ptII/ptolemy/domains/sdf/lib/test/auto/Autocorrelation4.xml
11 ms. Memory: 120832K Free: 96145K (80%)
----------------- Invoking toplevel() on ptolemy.moml.MoMLSimpleApplication@4d466a52
----------------- Done invoking toplevel() on ptolemy.moml.MoMLSimpleApplication@4d466a52
reloadAllAccessors: .Autocorrelation4

===========================================================================================
----------------- testing Wed Nov 27 06:53:25 UTC 2019 /home/travis/build/icyphy/ptII/ptolemy/domains/sdf/lib/test/auto/Autocorrelation5.xml
----------------- Instantiating /home/travis/build/icyphy/ptII/ptolemy/domains/sdf/lib/test/auto/Autocorrelation5.xml
69 ms. Memory: 120832K Free: 88970K (74%)
----------------- Invoking toplevel() on ptolemy.moml.MoMLSimpleApplication@4b3bea6c
----------------- Done invoking toplevel() on ptolemy.moml.MoMLSimpleApplication@4b3bea6c
reloadAllAccessors: .Autocorrelation5

===========================================================================================
----------------- testing Wed Nov 27 06:53:25 UTC 2019 /home/travis/build/icyphy/ptII/ptolemy/domains/sdf/lib/test/auto/BitsToInt.xml
----------------- Instantiating /home/travis/build/icyphy/ptII/ptolemy/domains/sdf/lib/test/auto/BitsToInt.xml
5 ms. Memory: 120832K Free: 85929K (71%)
----------------- Invoking toplevel() on ptolemy.moml.MoMLSimpleApplication@2ad3761c
----------------- Done invoking toplevel() on ptolemy.moml.MoMLSimpleApplication@2ad3761c
reloadAllAccessors: .BitsToInt

===========================================================================================
----------------- testing Wed Nov 27 06:53:25 UTC 2019 /home/travis/build/icyphy/ptII/ptolemy/domains/sdf/lib/test/auto/BooleanJoin.xml
----------------- Instantiating /home/travis/build/icyphy/ptII/ptolemy/domains/sdf/lib/test/auto/BooleanJoin.xml
8 ms. Memory: 120832K Free: 81493K (67%)
----------------- Invoking toplevel() on ptolemy.moml.MoMLSimpleApplication@5a713731
----------------- Done invoking toplevel() on ptolemy.moml.MoMLSimpleApplication@5a713731
reloadAllAccessors: .BooleanJoin

===========================================================================================
----------------- testing Wed Nov 27 06:53:25 UTC 2019 /home/travis/build/icyphy/ptII/ptolemy/domains/sdf/lib/test/auto/BootstrapSampleDelay.xml
----------------- Instantiating /home/travis/build/icyphy/ptII/ptolemy/domains/sdf/lib/test/auto/BootstrapSampleDelay.xml
19 ms. Memory: 120832K Free: 77044K (64%)
----------------- Invoking toplevel() on ptolemy.moml.MoMLSimpleApplication@59aa5184
----------------- Done invoking toplevel() on ptolemy.moml.MoMLSimpleApplication@59aa5184
reloadAllAccessors: .BootstrapSampleDelay

===========================================================================================
----------------- testing Wed Nov 27 06:53:25 UTC 2019 /home/travis/build/icyphy/ptII/ptolemy/domains/sdf/lib/test/auto/Chop.xml
----------------- Instantiating /home/travis/build/icyphy/ptII/ptolemy/domains/sdf/lib/test/auto/Chop.xml
6 ms. Memory: 120832K Free: 70229K (58%)
----------------- Invoking toplevel() on ptolemy.moml.MoMLSimpleApplication@33988c10
----------------- Done invoking toplevel() on ptolemy.moml.MoMLSimpleApplication@33988c10
reloadAllAccessors: .Chop

===========================================================================================
----------------- testing Wed Nov 27 06:53:25 UTC 2019 /home/travis/build/icyphy/ptII/ptolemy/domains/sdf/lib/test/auto/Chop2.xml
----------------- Instantiating /home/travis/build/icyphy/ptII/ptolemy/domains/sdf/lib/test/auto/Chop2.xml
7 ms. Memory: 120832K Free: 63746K (53%)
----------------- Invoking toplevel() on ptolemy.moml.MoMLSimpleApplication@1e85a7cd
----------------- Done invoking toplevel() on ptolemy.moml.MoMLSimpleApplication@1e85a7cd
reloadAllAccessors: .Chop2

===========================================================================================
----------------- testing Wed Nov 27 06:53:25 UTC 2019 /home/travis/build/icyphy/ptII/ptolemy/domains/sdf/lib/test/auto/ComplexJoin.xml
----------------- Instantiating /home/travis/build/icyphy/ptII/ptolemy/domains/sdf/lib/test/auto/ComplexJoin.xml
4 ms. Memory: 150528K Free: 133637K (89%)
----------------- Invoking toplevel() on ptolemy.moml.MoMLSimpleApplication@449c8fa8
----------------- Done invoking toplevel() on ptolemy.moml.MoMLSimpleApplication@449c8fa8
reloadAllAccessors: .ComplexJoin

===========================================================================================
----------------- testing Wed Nov 27 06:53:25 UTC 2019 /home/travis/build/icyphy/ptII/ptolemy/domains/sdf/lib/test/auto/CountTrues.xml
----------------- Instantiating /home/travis/build/icyphy/ptII/ptolemy/domains/sdf/lib/test/auto/CountTrues.xml
3 ms. Memory: 150528K Free: 130108K (86%)
----------------- Invoking toplevel() on ptolemy.moml.MoMLSimpleApplication@5478eaa2
----------------- Done invoking toplevel() on ptolemy.moml.MoMLSimpleApplication@5478eaa2
reloadAllAccessors: .CountTrues

===========================================================================================
----------------- testing Wed Nov 27 06:53:25 UTC 2019 /home/travis/build/icyphy/ptII/ptolemy/domains/sdf/lib/test/auto/DelayLine.xml
----------------- Instantiating /home/travis/build/icyphy/ptII/ptolemy/domains/sdf/lib/test/auto/DelayLine.xml
9 ms. Memory: 150528K Free: 125026K (83%)
----------------- Invoking toplevel() on ptolemy.moml.MoMLSimpleApplication@3ea66d36
----------------- Done invoking toplevel() on ptolemy.moml.MoMLSimpleApplication@3ea66d36
reloadAllAccessors: .DelayLine

===========================================================================================
----------------- testing Wed Nov 27 06:53:25 UTC 2019 /home/travis/build/icyphy/ptII/ptolemy/domains/sdf/lib/test/auto/DotProduct.xml
----------------- Instantiating /home/travis/build/icyphy/ptII/ptolemy/domains/sdf/lib/test/auto/DotProduct.xml
6 ms. Memory: 150528K Free: 121538K (81%)
----------------- Invoking toplevel() on ptolemy.moml.MoMLSimpleApplication@435b10b5
----------------- Done invoking toplevel() on ptolemy.moml.MoMLSimpleApplication@435b10b5
reloadAllAccessors: .DotProduct

===========================================================================================
----------------- testing Wed Nov 27 06:53:25 UTC 2019 /home/travis/build/icyphy/ptII/ptolemy/domains/sdf/lib/test/auto/DotProductMatrix.xml
----------------- Instantiating /home/travis/build/icyphy/ptII/ptolemy/domains/sdf/lib/test/auto/DotProductMatrix.xml
6 ms. Memory: 150528K Free: 118852K (79%)
----------------- Invoking toplevel() on ptolemy.moml.MoMLSimpleApplication@48e343f4
----------------- Done invoking toplevel() on ptolemy.moml.MoMLSimpleApplication@48e343f4
reloadAllAccessors: .DotProductMatrix

===========================================================================================
----------------- testing Wed Nov 27 06:53:25 UTC 2019 /home/travis/build/icyphy/ptII/ptolemy/domains/sdf/lib/test/auto/DownSample1.xml
----------------- Instantiating /home/travis/build/icyphy/ptII/ptolemy/domains/sdf/lib/test/auto/DownSample1.xml
7 ms. Memory: 150528K Free: 115378K (77%)
----------------- Invoking toplevel() on ptolemy.moml.MoMLSimpleApplication@7983814d
----------------- Done invoking toplevel() on ptolemy.moml.MoMLSimpleApplication@7983814d
reloadAllAccessors: .DownSample1

===========================================================================================
----------------- testing Wed Nov 27 06:53:26 UTC 2019 /home/travis/build/icyphy/ptII/ptolemy/domains/sdf/lib/test/auto/DynamicRateChange.xml
----------------- Instantiating /home/travis/build/icyphy/ptII/ptolemy/domains/sdf/lib/test/auto/DynamicRateChange.xml
14 ms. Memory: 150528K Free: 109666K (73%)
----------------- Invoking toplevel() on ptolemy.moml.MoMLSimpleApplication@1ccb0f69
----------------- Done invoking toplevel() on ptolemy.moml.MoMLSimpleApplication@1ccb0f69
reloadAllAccessors: .DynamicRateChange

===========================================================================================
----------------- testing Wed Nov 27 06:53:26 UTC 2019 /home/travis/build/icyphy/ptII/ptolemy/domains/sdf/lib/test/auto/DynamicRates.xml
----------------- Instantiating /home/travis/build/icyphy/ptII/ptolemy/domains/sdf/lib/test/auto/DynamicRates.xml
9 ms. Memory: 150528K Free: 104130K (69%)
----------------- Invoking toplevel() on ptolemy.moml.MoMLSimpleApplication@6478daae
----------------- Done invoking toplevel() on ptolemy.moml.MoMLSimpleApplication@6478daae
reloadAllAccessors: .DynamicRates

===========================================================================================
----------------- testing Wed Nov 27 06:53:26 UTC 2019 /home/travis/build/icyphy/ptII/ptolemy/domains/sdf/lib/test/auto/FFT1.xml
----------------- Instantiating /home/travis/build/icyphy/ptII/ptolemy/domains/sdf/lib/test/auto/FFT1.xml
9 ms. Memory: 150528K Free: 99426K (66%)
----------------- Invoking toplevel() on ptolemy.moml.MoMLSimpleApplication@1b3ec924
----------------- Done invoking toplevel() on ptolemy.moml.MoMLSimpleApplication@1b3ec924
reloadAllAccessors: .FFT1

===========================================================================================
----------------- testing Wed Nov 27 06:53:26 UTC 2019 /home/travis/build/icyphy/ptII/ptolemy/domains/sdf/lib/test/auto/FIR1.xml
----------------- Instantiating /home/travis/build/icyphy/ptII/ptolemy/domains/sdf/lib/test/auto/FIR1.xml
28 ms. Memory: 150528K Free: 92866K (62%)
----------------- Invoking toplevel() on ptolemy.moml.MoMLSimpleApplication@203b2abb
----------------- Done invoking toplevel() on ptolemy.moml.MoMLSimpleApplication@203b2abb
reloadAllAccessors: .FIR1

===========================================================================================
----------------- testing Wed Nov 27 06:53:26 UTC 2019 /home/travis/build/icyphy/ptII/ptolemy/domains/sdf/lib/test/auto/FIR2.xml
----------------- Instantiating /home/travis/build/icyphy/ptII/ptolemy/domains/sdf/lib/test/auto/FIR2.xml
4 ms. Memory: 150528K Free: 88770K (59%)
----------------- Invoking toplevel() on ptolemy.moml.MoMLSimpleApplication@13af14a6
----------------- Done invoking toplevel() on ptolemy.moml.MoMLSimpleApplication@13af14a6
reloadAllAccessors: .FIR2

===========================================================================================
----------------- testing Wed Nov 27 06:53:26 UTC 2019 /home/travis/build/icyphy/ptII/ptolemy/domains/sdf/lib/test/auto/FIR4.xml
----------------- Instantiating /home/travis/build/icyphy/ptII/ptolemy/domains/sdf/lib/test/auto/FIR4.xml
9 ms. Memory: 150528K Free: 81602K (54%)
----------------- Invoking toplevel() on ptolemy.moml.MoMLSimpleApplication@7e29831c
----------------- Done invoking toplevel() on ptolemy.moml.MoMLSimpleApplication@7e29831c
reloadAllAccessors: .FIR4

===========================================================================================
----------------- testing Wed Nov 27 06:53:26 UTC 2019 /home/travis/build/icyphy/ptII/ptolemy/domains/sdf/lib/test/auto/FixJoin.xml
----------------- Instantiating /home/travis/build/icyphy/ptII/ptolemy/domains/sdf/lib/test/auto/FixJoin.xml
3 ms. Memory: 150528K Free: 77317K (51%)
----------------- Invoking toplevel() on ptolemy.moml.MoMLSimpleApplication@20e5147f
----------------- Done invoking toplevel() on ptolemy.moml.MoMLSimpleApplication@20e5147f
reloadAllAccessors: .FixJoin

===========================================================================================
----------------- testing Wed Nov 27 06:53:26 UTC 2019 /home/travis/build/icyphy/ptII/ptolemy/domains/sdf/lib/test/auto/IntJoin1.xml
----------------- Instantiating /home/travis/build/icyphy/ptII/ptolemy/domains/sdf/lib/test/auto/IntJoin1.xml
3 ms. Memory: 150528K Free: 134081K (89%)
----------------- Invoking toplevel() on ptolemy.moml.MoMLSimpleApplication@10bdcfa0
----------------- Done invoking toplevel() on ptolemy.moml.MoMLSimpleApplication@10bdcfa0
reloadAllAccessors: .IntJoin1

===========================================================================================
----------------- testing Wed Nov 27 06:53:26 UTC 2019 /home/travis/build/icyphy/ptII/ptolemy/domains/sdf/lib/test/auto/IntJoin2.xml
----------------- Instantiating /home/travis/build/icyphy/ptII/ptolemy/domains/sdf/lib/test/auto/IntJoin2.xml
3 ms. Memory: 150528K Free: 129522K (86%)
----------------- Invoking toplevel() on ptolemy.moml.MoMLSimpleApplication@41e93a1d
----------------- Done invoking toplevel() on ptolemy.moml.MoMLSimpleApplication@41e93a1d
reloadAllAccessors: .IntJoin2

===========================================================================================
----------------- testing Wed Nov 27 06:53:26 UTC 2019 /home/travis/build/icyphy/ptII/ptolemy/domains/sdf/lib/test/auto/IntJoin3.xml
----------------- Instantiating /home/travis/build/icyphy/ptII/ptolemy/domains/sdf/lib/test/auto/IntJoin3.xml
3 ms. Memory: 150528K Free: 125448K (83%)
----------------- Invoking toplevel() on ptolemy.moml.MoMLSimpleApplication@639e627a
----------------- Done invoking toplevel() on ptolemy.moml.MoMLSimpleApplication@639e627a
reloadAllAccessors: .IntJoin3

===========================================================================================
----------------- testing Wed Nov 27 06:53:26 UTC 2019 /home/travis/build/icyphy/ptII/ptolemy/domains/sdf/lib/test/auto/IntJoin4.xml
----------------- Instantiating /home/travis/build/icyphy/ptII/ptolemy/domains/sdf/lib/test/auto/IntJoin4.xml
5 ms. Memory: 150528K Free: 120769K (80%)
----------------- Invoking toplevel() on ptolemy.moml.MoMLSimpleApplication@732ef1c1
----------------- Done invoking toplevel() on ptolemy.moml.MoMLSimpleApplication@732ef1c1
reloadAllAccessors: .IntJoin4

===========================================================================================
----------------- testing Wed Nov 27 06:53:26 UTC 2019 /home/travis/build/icyphy/ptII/ptolemy/domains/sdf/lib/test/auto/IntJoin5.xml
----------------- Instantiating /home/travis/build/icyphy/ptII/ptolemy/domains/sdf/lib/test/auto/IntJoin5.xml
5 ms. Memory: 150528K Free: 116673K (78%)
----------------- Invoking toplevel() on ptolemy.moml.MoMLSimpleApplication@7b4417ff
----------------- Done invoking toplevel() on ptolemy.moml.MoMLSimpleApplication@7b4417ff
reloadAllAccessors: .IntJoin5

===========================================================================================
----------------- testing Wed Nov 27 06:53:26 UTC 2019 /home/travis/build/icyphy/ptII/ptolemy/domains/sdf/lib/test/auto/IntToBits.xml
----------------- Instantiating /home/travis/build/icyphy/ptII/ptolemy/domains/sdf/lib/test/auto/IntToBits.xml
10 ms. Memory: 150528K Free: 113138K (75%)
----------------- Invoking toplevel() on ptolemy.moml.MoMLSimpleApplication@58123f67
----------------- Done invoking toplevel() on ptolemy.moml.MoMLSimpleApplication@58123f67
reloadAllAccessors: .IntToBits

===========================================================================================
----------------- testing Wed Nov 27 06:53:26 UTC 2019 /home/travis/build/icyphy/ptII/ptolemy/domains/sdf/lib/test/auto/LMSAdaptive.xml
----------------- Instantiating /home/travis/build/icyphy/ptII/ptolemy/domains/sdf/lib/test/auto/LMSAdaptive.xml
13 ms. Memory: 150528K Free: 104952K (70%)
----------------- Invoking toplevel() on ptolemy.moml.MoMLSimpleApplication@7c5afa5e
----------------- Done invoking toplevel() on ptolemy.moml.MoMLSimpleApplication@7c5afa5e
reloadAllAccessors: .LMSAdaptive

===========================================================================================
----------------- testing Wed Nov 27 06:53:26 UTC 2019 /home/travis/build/icyphy/ptII/ptolemy/domains/sdf/lib/test/auto/LMSAdaptiveFIR.xml
----------------- Instantiating /home/travis/build/icyphy/ptII/ptolemy/domains/sdf/lib/test/auto/LMSAdaptiveFIR.xml
314 ms. Memory: 150528K Free: 70152K (47%)
----------------- Invoking toplevel() on ptolemy.moml.MoMLSimpleApplication@2f896bb7
----------------- Done invoking toplevel() on ptolemy.moml.MoMLSimpleApplication@2f896bb7
reloadAllAccessors: .LMSAdaptiveFIR

===========================================================================================
----------------- testing Wed Nov 27 06:53:27 UTC 2019 /home/travis/build/icyphy/ptII/ptolemy/domains/sdf/lib/test/auto/LMSAdaptiveFIR2.xml
----------------- Instantiating /home/travis/build/icyphy/ptII/ptolemy/domains/sdf/lib/test/auto/LMSAdaptiveFIR2.xml
373 ms. Memory: 150528K Free: 82608K (55%)
----------------- Invoking toplevel() on ptolemy.moml.MoMLSimpleApplication@bd217d4
----------------- Done invoking toplevel() on ptolemy.moml.MoMLSimpleApplication@bd217d4
reloadAllAccessors: .LMSAdaptiveFIR2

===========================================================================================
----------------- testing Wed Nov 27 06:53:27 UTC 2019 /home/travis/build/icyphy/ptII/ptolemy/domains/sdf/lib/test/auto/LongJoin.xml
----------------- Instantiating /home/travis/build/icyphy/ptII/ptolemy/domains/sdf/lib/test/auto/LongJoin.xml
3 ms. Memory: 150528K Free: 77999K (52%)
----------------- Invoking toplevel() on ptolemy.moml.MoMLSimpleApplication@170631ef
----------------- Done invoking toplevel() on ptolemy.moml.MoMLSimpleApplication@170631ef
reloadAllAccessors: .LongJoin

===========================================================================================
----------------- testing Wed Nov 27 06:53:27 UTC 2019 /home/travis/build/icyphy/ptII/ptolemy/domains/sdf/lib/test/auto/Matrix1.xml
----------------- Instantiating /home/travis/build/icyphy/ptII/ptolemy/domains/sdf/lib/test/auto/Matrix1.xml
4 ms. Memory: 150528K Free: 73925K (49%)
----------------- Invoking toplevel() on ptolemy.moml.MoMLSimpleApplication@67ab8b23
----------------- Done invoking toplevel() on ptolemy.moml.MoMLSimpleApplication@67ab8b23
reloadAllAccessors: .Matrix1

===========================================================================================
----------------- testing Wed Nov 27 06:53:27 UTC 2019 /home/travis/build/icyphy/ptII/ptolemy/domains/sdf/lib/test/auto/Matrix2.xml
----------------- Instantiating /home/travis/build/icyphy/ptII/ptolemy/domains/sdf/lib/test/auto/Matrix2.xml
6 ms. Memory: 150528K Free: 69807K (46%)
----------------- Invoking toplevel() on ptolemy.moml.MoMLSimpleApplication@1b05473
----------------- Done invoking toplevel() on ptolemy.moml.MoMLSimpleApplication@1b05473
reloadAllAccessors: .Matrix2

===========================================================================================
----------------- testing Wed Nov 27 06:53:27 UTC 2019 /home/travis/build/icyphy/ptII/ptolemy/domains/sdf/lib/test/auto/MatrixJoin1.xml
----------------- Instantiating /home/travis/build/icyphy/ptII/ptolemy/domains/sdf/lib/test/auto/MatrixJoin1.xml
3 ms. Memory: 150528K Free: 65704K (44%)
----------------- Invoking toplevel() on ptolemy.moml.MoMLSimpleApplication@2a652b1d
----------------- Done invoking toplevel() on ptolemy.moml.MoMLSimpleApplication@2a652b1d
reloadAllAccessors: .MatrixJoin1

===========================================================================================
----------------- testing Wed Nov 27 06:53:27 UTC 2019 /home/travis/build/icyphy/ptII/ptolemy/domains/sdf/lib/test/auto/MatrixJoin2.xml
----------------- Instantiating /home/travis/build/icyphy/ptII/ptolemy/domains/sdf/lib/test/auto/MatrixJoin2.xml
15 ms. Memory: 150528K Free: 134985K (90%)
----------------- Invoking toplevel() on ptolemy.moml.MoMLSimpleApplication@7e3a33ad
----------------- Done invoking toplevel() on ptolemy.moml.MoMLSimpleApplication@7e3a33ad
reloadAllAccessors: .MatrixJoin2

===========================================================================================
----------------- testing Wed Nov 27 06:53:27 UTC 2019 /home/travis/build/icyphy/ptII/ptolemy/domains/sdf/lib/test/auto/MatrixJoin3.xml
----------------- Instantiating /home/travis/build/icyphy/ptII/ptolemy/domains/sdf/lib/test/auto/MatrixJoin3.xml
5 ms. Memory: 150528K Free: 129865K (86%)
----------------- Invoking toplevel() on ptolemy.moml.MoMLSimpleApplication@5059c6be
----------------- Done invoking toplevel() on ptolemy.moml.MoMLSimpleApplication@5059c6be
reloadAllAccessors: .MatrixJoin3

===========================================================================================
----------------- testing Wed Nov 27 06:53:27 UTC 2019 /home/travis/build/icyphy/ptII/ptolemy/domains/sdf/lib/test/auto/MatrixJoin4.xml
----------------- Instantiating /home/travis/build/icyphy/ptII/ptolemy/domains/sdf/lib/test/auto/MatrixJoin4.xml
3 ms. Memory: 150528K Free: 125769K (84%)
----------------- Invoking toplevel() on ptolemy.moml.MoMLSimpleApplication@5d2f7d11
----------------- Done invoking toplevel() on ptolemy.moml.MoMLSimpleApplication@5d2f7d11
reloadAllAccessors: .MatrixJoin4

===========================================================================================
----------------- testing Wed Nov 27 06:53:27 UTC 2019 /home/travis/build/icyphy/ptII/ptolemy/domains/sdf/lib/test/auto/MatrixJoin5.xml
----------------- Instantiating /home/travis/build/icyphy/ptII/ptolemy/domains/sdf/lib/test/auto/MatrixJoin5.xml
5 ms. Memory: 150528K Free: 121673K (81%)
----------------- Invoking toplevel() on ptolemy.moml.MoMLSimpleApplication@79159966
----------------- Done invoking toplevel() on ptolemy.moml.MoMLSimpleApplication@79159966
reloadAllAccessors: .MatrixJoin5

===========================================================================================
----------------- testing Wed Nov 27 06:53:27 UTC 2019 /home/travis/build/icyphy/ptII/ptolemy/domains/sdf/lib/test/auto/MatrixSplit1.xml
----------------- Instantiating /home/travis/build/icyphy/ptII/ptolemy/domains/sdf/lib/test/auto/MatrixSplit1.xml
5 ms. Memory: 150528K Free: 116553K (77%)
----------------- Invoking toplevel() on ptolemy.moml.MoMLSimpleApplication@39ce0fdf
----------------- Done invoking toplevel() on ptolemy.moml.MoMLSimpleApplication@39ce0fdf
reloadAllAccessors: .MatrixSplit1

===========================================================================================
----------------- testing Wed Nov 27 06:53:27 UTC 2019 /home/travis/build/icyphy/ptII/ptolemy/domains/sdf/lib/test/auto/MatrixSplit10.xml
----------------- Instantiating /home/travis/build/icyphy/ptII/ptolemy/domains/sdf/lib/test/auto/MatrixSplit10.xml
2 ms. Memory: 150528K Free: 112971K (75%)
----------------- Invoking toplevel() on ptolemy.moml.MoMLSimpleApplication@2f941690
----------------- Done invoking toplevel() on ptolemy.moml.MoMLSimpleApplication@2f941690
reloadAllAccessors: .MatrixSplit10

===========================================================================================
----------------- testing Wed Nov 27 06:53:27 UTC 2019 /home/travis/build/icyphy/ptII/ptolemy/domains/sdf/lib/test/auto/MatrixSplit11.xml
----------------- Instantiating /home/travis/build/icyphy/ptII/ptolemy/domains/sdf/lib/test/auto/MatrixSplit11.xml
3 ms. Memory: 150528K Free: 109385K (73%)
----------------- Invoking toplevel() on ptolemy.moml.MoMLSimpleApplication@6cb61add
----------------- Done invoking toplevel() on ptolemy.moml.MoMLSimpleApplication@6cb61add
reloadAllAccessors: .MatrixSplit11

===========================================================================================
----------------- testing Wed Nov 27 06:53:27 UTC 2019 /home/travis/build/icyphy/ptII/ptolemy/domains/sdf/lib/test/auto/MatrixSplit12.xml
----------------- Instantiating /home/travis/build/icyphy/ptII/ptolemy/domains/sdf/lib/test/auto/MatrixSplit12.xml
3 ms. Memory: 150528K Free: 105289K (70%)
----------------- Invoking toplevel() on ptolemy.moml.MoMLSimpleApplication@24b0bf36
----------------- Done invoking toplevel() on ptolemy.moml.MoMLSimpleApplication@24b0bf36
reloadAllAccessors: .MatrixSplit12

===========================================================================================
----------------- testing Wed Nov 27 06:53:27 UTC 2019 /home/travis/build/icyphy/ptII/ptolemy/domains/sdf/lib/test/auto/MatrixSplit13.xml
----------------- Instantiating /home/travis/build/icyphy/ptII/ptolemy/domains/sdf/lib/test/auto/MatrixSplit13.xml
7 ms. Memory: 150528K Free: 101707K (68%)
----------------- Invoking toplevel() on ptolemy.moml.MoMLSimpleApplication@721b183d
----------------- Done invoking toplevel() on ptolemy.moml.MoMLSimpleApplication@721b183d
reloadAllAccessors: .MatrixSplit13

===========================================================================================
----------------- testing Wed Nov 27 06:53:27 UTC 2019 /home/travis/build/icyphy/ptII/ptolemy/domains/sdf/lib/test/auto/MatrixSplit14.xml
----------------- Instantiating /home/travis/build/icyphy/ptII/ptolemy/domains/sdf/lib/test/auto/MatrixSplit14.xml
3 ms. Memory: 150528K Free: 98121K (65%)
----------------- Invoking toplevel() on ptolemy.moml.MoMLSimpleApplication@2c855e7f
----------------- Done invoking toplevel() on ptolemy.moml.MoMLSimpleApplication@2c855e7f
reloadAllAccessors: .MatrixSplit14

===========================================================================================
----------------- testing Wed Nov 27 06:53:27 UTC 2019 /home/travis/build/icyphy/ptII/ptolemy/domains/sdf/lib/test/auto/MatrixSplit2.xml
----------------- Instantiating /home/travis/build/icyphy/ptII/ptolemy/domains/sdf/lib/test/auto/MatrixSplit2.xml
3 ms. Memory: 150528K Free: 94539K (63%)
----------------- Invoking toplevel() on ptolemy.moml.MoMLSimpleApplication@3901ac97
----------------- Done invoking toplevel() on ptolemy.moml.MoMLSimpleApplication@3901ac97
reloadAllAccessors: .MatrixSplit2

===========================================================================================
----------------- testing Wed Nov 27 06:53:27 UTC 2019 /home/travis/build/icyphy/ptII/ptolemy/domains/sdf/lib/test/auto/MatrixSplit3.xml
----------------- Instantiating /home/travis/build/icyphy/ptII/ptolemy/domains/sdf/lib/test/auto/MatrixSplit3.xml
2 ms. Memory: 150528K Free: 90953K (60%)
----------------- Invoking toplevel() on ptolemy.moml.MoMLSimpleApplication@7ef381dc
----------------- Done invoking toplevel() on ptolemy.moml.MoMLSimpleApplication@7ef381dc
reloadAllAccessors: .MatrixSplit3

===========================================================================================
----------------- testing Wed Nov 27 06:53:27 UTC 2019 /home/travis/build/icyphy/ptII/ptolemy/domains/sdf/lib/test/auto/MatrixSplit4.xml
----------------- Instantiating /home/travis/build/icyphy/ptII/ptolemy/domains/sdf/lib/test/auto/MatrixSplit4.xml
3 ms. Memory: 150528K Free: 87371K (58%)
----------------- Invoking toplevel() on ptolemy.moml.MoMLSimpleApplication@1a913238
----------------- Done invoking toplevel() on ptolemy.moml.MoMLSimpleApplication@1a913238
reloadAllAccessors: .MatrixSplit4

===========================================================================================
----------------- testing Wed Nov 27 06:53:27 UTC 2019 /home/travis/build/icyphy/ptII/ptolemy/domains/sdf/lib/test/auto/MatrixSplit5.xml
----------------- Instantiating /home/travis/build/icyphy/ptII/ptolemy/domains/sdf/lib/test/auto/MatrixSplit5.xml
11 ms. Memory: 150528K Free: 83785K (56%)
----------------- Invoking toplevel() on ptolemy.moml.MoMLSimpleApplication@5c881c1a
----------------- Done invoking toplevel() on ptolemy.moml.MoMLSimpleApplication@5c881c1a
reloadAllAccessors: .MatrixSplit5

===========================================================================================
----------------- testing Wed Nov 27 06:53:27 UTC 2019 /home/travis/build/icyphy/ptII/ptolemy/domains/sdf/lib/test/auto/MatrixSplit6.xml
----------------- Instantiating /home/travis/build/icyphy/ptII/ptolemy/domains/sdf/lib/test/auto/MatrixSplit6.xml
4 ms. Memory: 150528K Free: 80203K (53%)
----------------- Invoking toplevel() on ptolemy.moml.MoMLSimpleApplication@37441ada
----------------- Done invoking toplevel() on ptolemy.moml.MoMLSimpleApplication@37441ada
reloadAllAccessors: .MatrixSplit6

===========================================================================================
----------------- testing Wed Nov 27 06:53:28 UTC 2019 /home/travis/build/icyphy/ptII/ptolemy/domains/sdf/lib/test/auto/MatrixSplit7.xml
----------------- Instantiating /home/travis/build/icyphy/ptII/ptolemy/domains/sdf/lib/test/auto/MatrixSplit7.xml
3 ms. Memory: 150528K Free: 76617K (51%)
----------------- Invoking toplevel() on ptolemy.moml.MoMLSimpleApplication@7ee878de
----------------- Done invoking toplevel() on ptolemy.moml.MoMLSimpleApplication@7ee878de
reloadAllAccessors: .MatrixSplit7

===========================================================================================
----------------- testing Wed Nov 27 06:53:28 UTC 2019 /home/travis/build/icyphy/ptII/ptolemy/domains/sdf/lib/test/auto/MatrixSplit8.xml
----------------- Instantiating /home/travis/build/icyphy/ptII/ptolemy/domains/sdf/lib/test/auto/MatrixSplit8.xml
2 ms. Memory: 150528K Free: 73035K (49%)
----------------- Invoking toplevel() on ptolemy.moml.MoMLSimpleApplication@232c2890
----------------- Done invoking toplevel() on ptolemy.moml.MoMLSimpleApplication@232c2890
reloadAllAccessors: .MatrixSplit8

===========================================================================================
----------------- testing Wed Nov 27 06:53:28 UTC 2019 /home/travis/build/icyphy/ptII/ptolemy/domains/sdf/lib/test/auto/MatrixSplit9.xml
----------------- Instantiating /home/travis/build/icyphy/ptII/ptolemy/domains/sdf/lib/test/auto/MatrixSplit9.xml
4 ms. Memory: 150528K Free: 69449K (46%)
----------------- Invoking toplevel() on ptolemy.moml.MoMLSimpleApplication@1a46c572
----------------- Done invoking toplevel() on ptolemy.moml.MoMLSimpleApplication@1a46c572
reloadAllAccessors: .MatrixSplit9

===========================================================================================
----------------- testing Wed Nov 27 06:53:28 UTC 2019 /home/travis/build/icyphy/ptII/ptolemy/domains/sdf/lib/test/auto/MatrixToSequence.xml
----------------- Instantiating /home/travis/build/icyphy/ptII/ptolemy/domains/sdf/lib/test/auto/MatrixToSequence.xml
15 ms. Memory: 150528K Free: 60233K (40%)
----------------- Invoking toplevel() on ptolemy.moml.MoMLSimpleApplication@6e83e1df
----------------- Done invoking toplevel() on ptolemy.moml.MoMLSimpleApplication@6e83e1df
reloadAllAccessors: .MatrixToSequence

===========================================================================================
----------------- testing Wed Nov 27 06:53:28 UTC 2019 /home/travis/build/icyphy/ptII/ptolemy/domains/sdf/lib/test/auto/MaximumEntropySpectrum.xml
----------------- Instantiating /home/travis/build/icyphy/ptII/ptolemy/domains/sdf/lib/test/auto/MaximumEntropySpectrum.xml
17 ms. Memory: 181248K Free: 154602K (85%)
----------------- Invoking toplevel() on ptolemy.moml.MoMLSimpleApplication@459be1a0
----------------- Done invoking toplevel() on ptolemy.moml.MoMLSimpleApplication@459be1a0
reloadAllAccessors: .MaximumEntropySpectrum

===========================================================================================
----------------- testing Wed Nov 27 06:53:28 UTC 2019 /home/travis/build/icyphy/ptII/ptolemy/domains/sdf/lib/test/auto/SampleDelayConversion.xml
----------------- Instantiating /home/travis/build/icyphy/ptII/ptolemy/domains/sdf/lib/test/auto/SampleDelayConversion.xml
3 ms. Memory: 181248K Free: 150506K (83%)
----------------- Invoking toplevel() on ptolemy.moml.MoMLSimpleApplication@305e39e9
----------------- Done invoking toplevel() on ptolemy.moml.MoMLSimpleApplication@305e39e9
reloadAllAccessors: .SampleDelayConversion

===========================================================================================
----------------- testing Wed Nov 27 06:53:28 UTC 2019 /home/travis/build/icyphy/ptII/ptolemy/domains/sdf/lib/test/auto/SequenceToArray.xml
----------------- Instantiating /home/travis/build/icyphy/ptII/ptolemy/domains/sdf/lib/test/auto/SequenceToArray.xml
14 ms. Memory: 181248K Free: 139738K (77%)
----------------- Invoking toplevel() on ptolemy.moml.MoMLSimpleApplication@4da13e2b
----------------- Done invoking toplevel() on ptolemy.moml.MoMLSimpleApplication@4da13e2b
reloadAllAccessors: .SequenceToArray

===========================================================================================
----------------- testing Wed Nov 27 06:53:28 UTC 2019 /home/travis/build/icyphy/ptII/ptolemy/domains/sdf/lib/test/auto/SequenceToMatrix.xml
----------------- Instantiating /home/travis/build/icyphy/ptII/ptolemy/domains/sdf/lib/test/auto/SequenceToMatrix.xml
4002 ms. Memory: 181248K Free: 121475K (67%)
----------------- Invoking toplevel() on ptolemy.moml.MoMLSimpleApplication@178e8751
----------------- Done invoking toplevel() on ptolemy.moml.MoMLSimpleApplication@178e8751
reloadAllAccessors: .SequenceToMatrix

===========================================================================================
----------------- testing Wed Nov 27 06:53:32 UTC 2019 /home/travis/build/icyphy/ptII/ptolemy/domains/sdf/lib/test/auto/SmoothedPeriodogram.xml
----------------- Instantiating /home/travis/build/icyphy/ptII/ptolemy/domains/sdf/lib/test/auto/SmoothedPeriodogram.xml
16 ms. Memory: 181248K Free: 106115K (59%)
----------------- Invoking toplevel() on ptolemy.moml.MoMLSimpleApplication@1df8ed5b
----------------- Done invoking toplevel() on ptolemy.moml.MoMLSimpleApplication@1df8ed5b
reloadAllAccessors: .SmoothedPeriodogram

===========================================================================================
----------------- testing Wed Nov 27 06:53:32 UTC 2019 /home/travis/build/icyphy/ptII/ptolemy/domains/sdf/lib/test/auto/UpDownSample1.xml
----------------- Instantiating /home/travis/build/icyphy/ptII/ptolemy/domains/sdf/lib/test/auto/UpDownSample1.xml
3 ms. Memory: 181248K Free: 102019K (56%)
----------------- Invoking toplevel() on ptolemy.moml.MoMLSimpleApplication@258ec2c8
----------------- Done invoking toplevel() on ptolemy.moml.MoMLSimpleApplication@258ec2c8
reloadAllAccessors: .UpDownSample1

===========================================================================================
----------------- testing Wed Nov 27 06:53:32 UTC 2019 /home/travis/build/icyphy/ptII/ptolemy/domains/sdf/lib/test/auto/UpSample1.xml
----------------- Instantiating /home/travis/build/icyphy/ptII/ptolemy/domains/sdf/lib/test/auto/UpSample1.xml
2 ms. Memory: 181248K Free: 98437K (54%)
----------------- Invoking toplevel() on ptolemy.moml.MoMLSimpleApplication@28ca56ac
----------------- Done invoking toplevel() on ptolemy.moml.MoMLSimpleApplication@28ca56ac
reloadAllAccessors: .UpSample1

===========================================================================================
----------------- testing Wed Nov 27 06:53:32 UTC 2019 /home/travis/build/icyphy/ptII/ptolemy/domains/sdf/lib/test/auto/VariableFIR.xml
----------------- Instantiating /home/travis/build/icyphy/ptII/ptolemy/domains/sdf/lib/test/auto/VariableFIR.xml
4 ms. Memory: 181248K Free: 93317K (51%)
----------------- Invoking toplevel() on ptolemy.moml.MoMLSimpleApplication@1b35bd9d
----------------- Done invoking toplevel() on ptolemy.moml.MoMLSimpleApplication@1b35bd9d
reloadAllAccessors: .VariableFIR

===========================================================================================
----------------- testing Wed Nov 27 06:53:32 UTC 2019 /home/travis/build/icyphy/ptII/ptolemy/domains/sdf/lib/test/auto/VariableFIR2.xml
----------------- Instantiating /home/travis/build/icyphy/ptII/ptolemy/domains/sdf/lib/test/auto/VariableFIR2.xml
4 ms. Memory: 181248K Free: 88197K (49%)
----------------- Invoking toplevel() on ptolemy.moml.MoMLSimpleApplication@391f5a85
----------------- Done invoking toplevel() on ptolemy.moml.MoMLSimpleApplication@391f5a85
reloadAllAccessors: .VariableFIR2

===========================================================================================
----------------- testing Wed Nov 27 06:53:32 UTC 2019 /home/travis/build/icyphy/ptII/ptolemy/domains/sdf/lib/test/auto/VariableLattice.xml
----------------- Instantiating /home/travis/build/icyphy/ptII/ptolemy/domains/sdf/lib/test/auto/VariableLattice.xml
7 ms. Memory: 181248K Free: 82053K (45%)
----------------- Invoking toplevel() on ptolemy.moml.MoMLSimpleApplication@757f9659
----------------- Done invoking toplevel() on ptolemy.moml.MoMLSimpleApplication@757f9659
reloadAllAccessors: .VariableLattice

===========================================================================================
----------------- testing Wed Nov 27 06:53:32 UTC 2019 /home/travis/build/icyphy/ptII/ptolemy/domains/sdf/lib/test/auto/VariableLattice2.xml
----------------- Instantiating /home/travis/build/icyphy/ptII/ptolemy/domains/sdf/lib/test/auto/VariableLattice2.xml
1.0
-1.999999602036
1.9099998677481
-0.9099996420674
0.205
0.0
0.0
1.0
-0.25
-0.5
0.0
0.0
0.0
0.0
4 ms. Memory: 181248K Free: 77443K (43%)
----------------- Invoking toplevel() on ptolemy.moml.MoMLSimpleApplication@16e35039
----------------- Done invoking toplevel() on ptolemy.moml.MoMLSimpleApplication@16e35039
reloadAllAccessors: .VariableLattice2

===========================================================================================
----------------- testing Wed Nov 27 06:53:32 UTC 2019 /home/travis/build/icyphy/ptII/ptolemy/domains/sdf/lib/test/auto/VariableRecursiveLattice.xml
----------------- Instantiating /home/travis/build/icyphy/ptII/ptolemy/domains/sdf/lib/test/auto/VariableRecursiveLattice.xml
4 ms. Memory: 181248K Free: 72837K (40%)
----------------- Invoking toplevel() on ptolemy.moml.MoMLSimpleApplication@6a67d288
----------------- Done invoking toplevel() on ptolemy.moml.MoMLSimpleApplication@6a67d288
reloadAllAccessors: .VariableRecursiveLattice

===========================================================================================
----------------- testing Wed Nov 27 06:53:32 UTC 2019 /home/travis/build/icyphy/ptII/ptolemy/domains/sdf/lib/test/auto/VariableRecursiveLattice2.xml
----------------- Instantiating /home/travis/build/icyphy/ptII/ptolemy/domains/sdf/lib/test/auto/VariableRecursiveLattice2.xml
3 ms. Memory: 181248K Free: 68227K (38%)
----------------- Invoking toplevel() on ptolemy.moml.MoMLSimpleApplication@231da106
----------------- Done invoking toplevel() on ptolemy.moml.MoMLSimpleApplication@231da106
reloadAllAccessors: .VariableRecursiveLattice2
AutoTests.java: About to close Vertx.
AutoTests.java: Vertx closed.
]]></system-out>
  <system-err><![CDATA[]]></system-err>
</testsuite>
