<?xml version="1.0" encoding="UTF-8" ?>
<testsuite errors="0" failures="0" hostname="travis-job-d938ae26-f30b-4520-8bf2-c24601c86579" name="ptolemy.domains.pn.test.junit.JUnitTclTest" skipped="0" tests="43" time="7.718" timestamp="2019-08-23T05:28:38">
  <properties>
[...]
</properties>
  <testcase classname="ptolemy.util.test.junit.TclTests" name="[0] /home/travis/build/icyphy/ptII/ptolemy/domains/pn/test/PNDirector.tcl (RunTclFile)" time="0.709" />
  <testcase classname="ptolemy.util.test.junit.TclTests" name="[1] /home/travis/build/icyphy/ptII/ptolemy/domains/pn/test/TimedPNDirector.tcl (RunTclFile)" time="0.025" />
  <testcase classname="ptolemy.util.test.junit.AutoKnownFailedTests" name="[0] ThereAreNoKnowFailedTests (RunModel)" time="0.003" />
  <testcase classname="ptolemy.util.test.junit.AutoNameArchTests" name="[0] ThereAreNoAutoArchTests (RunModel)" time="0.01" />
  <testcase classname="ptolemy.util.test.junit.AutoTests" name="[0] /home/travis/build/icyphy/ptII/ptolemy/domains/pn/test/auto/Branching-switch-PN-ptolemy-2.xml (RunModel)" time="0.202" />
  <testcase classname="ptolemy.util.test.junit.AutoTests" name="[1] /home/travis/build/icyphy/ptII/ptolemy/domains/pn/test/auto/Branching-switch-PN-ptolemy.xml (RunModel)" time="0.133" />
  <testcase classname="ptolemy.util.test.junit.AutoTests" name="[2] /home/travis/build/icyphy/ptII/ptolemy/domains/pn/test/auto/BrockAckermanTest.xml (RunModel)" time="0.394" />
  <testcase classname="ptolemy.util.test.junit.AutoTests" name="[3] /home/travis/build/icyphy/ptII/ptolemy/domains/pn/test/auto/CounterMachine.xml (RunModel)" time="1.694" />
  <testcase classname="ptolemy.util.test.junit.AutoTests" name="[4] /home/travis/build/icyphy/ptII/ptolemy/domains/pn/test/auto/CounterMachine1.xml (RunModel)" time="1.649" />
  <testcase classname="ptolemy.util.test.junit.AutoTests" name="[5] /home/travis/build/icyphy/ptII/ptolemy/domains/pn/test/auto/CounterMachineWithException.xml (RunModel)" time="0.702" />
  <testcase classname="ptolemy.util.test.junit.AutoTests" name="[6] /home/travis/build/icyphy/ptII/ptolemy/domains/pn/test/auto/FinalState.xml (RunModel)" time="0.101" />
  <testcase classname="ptolemy.util.test.junit.AutoTests" name="[7] /home/travis/build/icyphy/ptII/ptolemy/domains/pn/test/auto/FourExpressions.xml (RunModel)" time="0.059" />
  <testcase classname="ptolemy.util.test.junit.AutoTests" name="[8] /home/travis/build/icyphy/ptII/ptolemy/domains/pn/test/auto/Identity.xml (RunModel)" time="0.053" />
  <testcase classname="ptolemy.util.test.junit.AutoTests" name="[9] /home/travis/build/icyphy/ptII/ptolemy/domains/pn/test/auto/IdentityWithFeedback.xml (RunModel)" time="0.034" />
  <testcase classname="ptolemy.util.test.junit.AutoTests" name="[10] /home/travis/build/icyphy/ptII/ptolemy/domains/pn/test/auto/NondeterministicMergeTest.xml (RunModel)" time="0.066" />
  <testcase classname="ptolemy.util.test.junit.AutoTests" name="[11] /home/travis/build/icyphy/ptII/ptolemy/domains/pn/test/auto/OrderedMerge.xml (RunModel)" time="0.194" />
  <testcase classname="ptolemy.util.test.junit.AutoTests" name="[12] /home/travis/build/icyphy/ptII/ptolemy/domains/pn/test/auto/PNAbstractReceiverTest.xml (RunModel)" time="0.036" />
  <testcase classname="ptolemy.util.test.junit.AutoTests" name="[13] /home/travis/build/icyphy/ptII/ptolemy/domains/pn/test/auto/QR.xml (RunModel)" time="0.097" />
  <testcase classname="ptolemy.util.test.junit.AutoTests" name="[14] /home/travis/build/icyphy/ptII/ptolemy/domains/pn/test/auto/RemoveNilTokens.xml (RunModel)" time="0.081" />
  <testcase classname="ptolemy.util.test.junit.AutoTests" name="[15] /home/travis/build/icyphy/ptII/ptolemy/domains/pn/test/auto/Stack.xml (RunModel)" time="0.146" />
  <testcase classname="ptolemy.util.test.junit.AutoTests" name="[16] /home/travis/build/icyphy/ptII/ptolemy/domains/pn/test/auto/TestRemoveNilTokens.xml (RunModel)" time="0.043" />
  <testcase classname="ptolemy.util.test.junit.AutoTests" name="[17] /home/travis/build/icyphy/ptII/ptolemy/domains/pn/test/auto/TestSeq2Array.xml (RunModel)" time="0.043" />
  <testcase classname="ptolemy.util.test.junit.AutoTests" name="[18] /home/travis/build/icyphy/ptII/ptolemy/domains/pn/test/auto/TrivialIdentity.xml (RunModel)" time="0.034" />
  <testcase classname="ptolemy.util.test.junit.AutoTests" name="[19] /home/travis/build/icyphy/ptII/ptolemy/domains/pn/test/auto/WidthInferenceTest1.xml (RunModel)" time="0.044" />
  <testcase classname="ptolemy.util.test.junit.AutoTests" name="[20] /home/travis/build/icyphy/ptII/ptolemy/domains/pn/test/auto/WidthInferenceTest2.xml (RunModel)" time="0.026" />
  <testcase classname="ptolemy.util.test.junit.AutoTests" name="[21] /home/travis/build/icyphy/ptII/ptolemy/domains/pn/test/auto/WidthInferenceTest3.xml (RunModel)" time="0.056" />
  <testcase classname="ptolemy.util.test.junit.AutoTests" name="[22] /home/travis/build/icyphy/ptII/ptolemy/domains/pn/test/auto/WidthInferenceTest4.xml (RunModel)" time="0.066" />
  <testcase classname="ptolemy.util.test.junit.AutoTests" name="[23] /home/travis/build/icyphy/ptII/ptolemy/domains/pn/test/auto/WidthInferenceTest5.xml (RunModel)" time="0.057" />
  <testcase classname="ptolemy.util.test.junit.AutoTests" name="[24] /home/travis/build/icyphy/ptII/ptolemy/domains/pn/test/auto/controlled_kahnnet.xml (RunModel)" time="0.033" />
  <testcase classname="ptolemy.util.test.junit.AutoTests" name="[25] /home/travis/build/icyphy/ptII/ptolemy/domains/pn/test/auto/demandDriven.xml (RunModel)" time="0.023" />
  <testcase classname="ptolemy.util.test.junit.AutoTests" name="[26] /home/travis/build/icyphy/ptII/ptolemy/domains/pn/test/auto/feedback.xml (RunModel)" time="0.022" />
  <testcase classname="ptolemy.util.test.junit.AutoTests" name="[27] /home/travis/build/icyphy/ptII/ptolemy/domains/pn/test/auto/helloWorld.xml (RunModel)" time="0.022" />
  <testcase classname="ptolemy.util.test.junit.AutoTests" name="[28] /home/travis/build/icyphy/ptII/ptolemy/domains/pn/test/auto/helloWorld2.xml (RunModel)" time="0.029" />
  <testcase classname="ptolemy.util.test.junit.AutoTests" name="[29] /home/travis/build/icyphy/ptII/ptolemy/domains/pn/test/auto/noOutput.xml (RunModel)" time="0.041" />
  <testcase classname="ptolemy.util.test.junit.AutoTests" name="[30] /home/travis/build/icyphy/ptII/ptolemy/domains/pn/test/auto/relationGroup.xml (RunModel)" time="0.015" />
  <testcase classname="ptolemy.util.test.junit.AutoTests" name="[31] /home/travis/build/icyphy/ptII/ptolemy/domains/pn/test/auto/relationGroup2.xml (RunModel)" time="0.018" />
  <testcase classname="ptolemy.util.test.junit.AutoTests" name="[32] /home/travis/build/icyphy/ptII/ptolemy/domains/pn/test/auto/relationGroup3.xml (RunModel)" time="0.026" />
  <testcase classname="ptolemy.util.test.junit.AutoTests" name="[33] /home/travis/build/icyphy/ptII/ptolemy/domains/pn/test/auto/relationGroup4.xml (RunModel)" time="0.016" />
  <testcase classname="ptolemy.util.test.junit.AutoTests" name="[34] /home/travis/build/icyphy/ptII/ptolemy/domains/pn/test/auto/relationGroup5.xml (RunModel)" time="0.02" />
  <testcase classname="ptolemy.util.test.junit.AutoTests" name="[35] /home/travis/build/icyphy/ptII/ptolemy/domains/pn/test/auto/relationGroup6.xml (RunModel)" time="0.024" />
  <testcase classname="ptolemy.util.test.junit.AutoTests" name="[36] /home/travis/build/icyphy/ptII/ptolemy/domains/pn/test/auto/relationGroup7.xml (RunModel)" time="0.02" />
  <testcase classname="ptolemy.util.test.junit.AutoTests" name="[37] /home/travis/build/icyphy/ptII/ptolemy/domains/pn/test/auto/relationGroup8.xml (RunModel)" time="0.019" />
  <testcase classname="ptolemy.util.test.junit.AutoTests" name="[38] /home/travis/build/icyphy/ptII/ptolemy/domains/pn/test/auto/widthTest.xml (RunModel)" time="0.045" />
  <system-out><![CDATA[/home/travis/build/icyphy/ptII/ptolemy/domains/pn/test/PNDirector.tcl
testDefs.tcl: setting time out to 9000 seconds at Fri Aug 23 05:28:38 UTC 2019
82 ms. Memory: 120832K Free: 89027K (74%)
88 ms. Memory: 120832K Free: 80835K (67%)
/home/travis/build/icyphy/ptII/ptolemy/domains/pn/test/TimedPNDirector.tcl


==== $PTII/ptolemy/domains/pn/test/TimedPNDirector.tcl: TimedPNDirector-6.1 Test an application
==== Contents of test case:


    set e0 [java::new ptolemy.actor.TypedCompositeActor]
    set manager [java::new ptolemy.actor.Manager]
    set director [java::new ptolemy.domains.pn.kernel.TimedPNDirector]
    $e0 setDirector $director
    $e0 setName top
    $e0 setManager $manager

    # FIXME: why doesn't the getParameter option work.
    set ramp [java::new ptolemy.actor.lib.Ramp $e0 ramp]
    set param [java::cast ptolemy.data.expr.Parameter  [$ramp getAttribute  firingCountLimit]]
    $param setExpression 20

    set rec [java::new ptolemy.actor.lib.Recorder $e0 rec]
    $e0 connect  [java::field [java::cast ptolemy.actor.lib.Source $ramp] output]  [java::field [java::cast ptolemy.actor.lib.Sink $rec] input]

    error "Running this test sometimes causes an endless loop" 

#    [$e0 getManager] execute
#    enumToTokenValues [$rec getRecord 0]


.... Test generated KNOWN error:
Running this test sometimes causes an endless loop
    while executing
"error "Running this test sometimes causes an endless loop" "
    ("uplevel" body line 18)
    invoked from within
"uplevel $contents_of_test"
08/23/19 05:28:39
Failed: 0  Total Tests: 3  ((Passed: 2, Newly Passed: 0)  Known Failed: 1) /home/travis/build/icyphy/ptII/ptolemy/domains/pn/test
No auto/knownFailedTests/*.xml tests in /home/travis/build/icyphy/ptII/ptolemy/domains/pn/test
No auto/linux-amd64/*.xml tests in /home/travis/build/icyphy/ptII/ptolemy/domains/pn/test
AutoTests.java: About to close Vertx.
AutoTests.java: Vertx closed.

===========================================================================================
----------------- testing Fri Aug 23 05:28:39 UTC 2019 /home/travis/build/icyphy/ptII/ptolemy/domains/pn/test/auto/Branching-switch-PN-ptolemy-2.xml
----------------- Instantiating /home/travis/build/icyphy/ptII/ptolemy/domains/pn/test/auto/Branching-switch-PN-ptolemy-2.xml
55 ms. Memory: 120832K Free: 96073K (80%)
----------------- Invoking toplevel() on ptolemy.moml.MoMLSimpleApplication@77cf6399
----------------- Done invoking toplevel() on ptolemy.moml.MoMLSimpleApplication@77cf6399
reloadAllAccessors: .Branching-switch-PN-ptolemy-2

===========================================================================================
----------------- testing Fri Aug 23 05:28:39 UTC 2019 /home/travis/build/icyphy/ptII/ptolemy/domains/pn/test/auto/Branching-switch-PN-ptolemy.xml
----------------- Instantiating /home/travis/build/icyphy/ptII/ptolemy/domains/pn/test/auto/Branching-switch-PN-ptolemy.xml
75 ms. Memory: 120832K Free: 104651K (87%)
----------------- Invoking toplevel() on ptolemy.moml.MoMLSimpleApplication@33daa6d9
----------------- Done invoking toplevel() on ptolemy.moml.MoMLSimpleApplication@33daa6d9
reloadAllAccessors: .Branching-switch-PN-ptolemy

===========================================================================================
----------------- testing Fri Aug 23 05:28:39 UTC 2019 /home/travis/build/icyphy/ptII/ptolemy/domains/pn/test/auto/BrockAckermanTest.xml
----------------- Instantiating /home/travis/build/icyphy/ptII/ptolemy/domains/pn/test/auto/BrockAckermanTest.xml
245 ms. Memory: 120832K Free: 90165K (75%)
----------------- Invoking toplevel() on ptolemy.moml.MoMLSimpleApplication@44d0c412
----------------- Done invoking toplevel() on ptolemy.moml.MoMLSimpleApplication@44d0c412
reloadAllAccessors: .BrockAckermanTest

===========================================================================================
----------------- testing Fri Aug 23 05:28:40 UTC 2019 /home/travis/build/icyphy/ptII/ptolemy/domains/pn/test/auto/CounterMachine.xml
----------------- Instantiating /home/travis/build/icyphy/ptII/ptolemy/domains/pn/test/auto/CounterMachine.xml
1128 ms. Memory: 147456K Free: 93339K (63%)
----------------- Invoking toplevel() on ptolemy.moml.MoMLSimpleApplication@50388603
----------------- Done invoking toplevel() on ptolemy.moml.MoMLSimpleApplication@50388603
reloadAllAccessors: .CounterMachine

===========================================================================================
----------------- testing Fri Aug 23 05:28:41 UTC 2019 /home/travis/build/icyphy/ptII/ptolemy/domains/pn/test/auto/CounterMachine1.xml
----------------- Instantiating /home/travis/build/icyphy/ptII/ptolemy/domains/pn/test/auto/CounterMachine1.xml
1102 ms. Memory: 147456K Free: 72983K (49%)
----------------- Invoking toplevel() on ptolemy.moml.MoMLSimpleApplication@62cee07
----------------- Done invoking toplevel() on ptolemy.moml.MoMLSimpleApplication@62cee07
reloadAllAccessors: .CounterMachine1

===========================================================================================
----------------- testing Fri Aug 23 05:28:43 UTC 2019 /home/travis/build/icyphy/ptII/ptolemy/domains/pn/test/auto/CounterMachineWithException.xml
----------------- Instantiating /home/travis/build/icyphy/ptII/ptolemy/domains/pn/test/auto/CounterMachineWithException.xml
436 ms. Memory: 177152K Free: 131793K (74%)
----------------- Invoking toplevel() on ptolemy.moml.MoMLSimpleApplication@7b2f097a
----------------- Done invoking toplevel() on ptolemy.moml.MoMLSimpleApplication@7b2f097a
reloadAllAccessors: .CounterMachineWithException

===========================================================================================
----------------- testing Fri Aug 23 05:28:44 UTC 2019 /home/travis/build/icyphy/ptII/ptolemy/domains/pn/test/auto/FinalState.xml
----------------- Instantiating /home/travis/build/icyphy/ptII/ptolemy/domains/pn/test/auto/FinalState.xml
22 ms. Memory: 177152K Free: 124798K (70%)
----------------- Invoking toplevel() on ptolemy.moml.MoMLSimpleApplication@45d8d718
----------------- Done invoking toplevel() on ptolemy.moml.MoMLSimpleApplication@45d8d718
reloadAllAccessors: .FinalState

===========================================================================================
----------------- testing Fri Aug 23 05:28:44 UTC 2019 /home/travis/build/icyphy/ptII/ptolemy/domains/pn/test/auto/FourExpressions.xml
----------------- Instantiating /home/travis/build/icyphy/ptII/ptolemy/domains/pn/test/auto/FourExpressions.xml
20 ms. Memory: 177152K Free: 117948K (67%)
----------------- Invoking toplevel() on ptolemy.moml.MoMLSimpleApplication@2c0c5f04
----------------- Done invoking toplevel() on ptolemy.moml.MoMLSimpleApplication@2c0c5f04
reloadAllAccessors: .FourExpressions

===========================================================================================
----------------- testing Fri Aug 23 05:28:44 UTC 2019 /home/travis/build/icyphy/ptII/ptolemy/domains/pn/test/auto/Identity.xml
----------------- Instantiating /home/travis/build/icyphy/ptII/ptolemy/domains/pn/test/auto/Identity.xml
17 ms. Memory: 177152K Free: 112828K (64%)
----------------- Invoking toplevel() on ptolemy.moml.MoMLSimpleApplication@5a59816d
----------------- Done invoking toplevel() on ptolemy.moml.MoMLSimpleApplication@5a59816d
reloadAllAccessors: .Identity

===========================================================================================
----------------- testing Fri Aug 23 05:28:44 UTC 2019 /home/travis/build/icyphy/ptII/ptolemy/domains/pn/test/auto/IdentityWithFeedback.xml
----------------- Instantiating /home/travis/build/icyphy/ptII/ptolemy/domains/pn/test/auto/IdentityWithFeedback.xml
7 ms. Memory: 177152K Free: 108730K (61%)
----------------- Invoking toplevel() on ptolemy.moml.MoMLSimpleApplication@78969d59
----------------- Done invoking toplevel() on ptolemy.moml.MoMLSimpleApplication@78969d59
reloadAllAccessors: .IdentityWithFeedback

===========================================================================================
----------------- testing Fri Aug 23 05:28:44 UTC 2019 /home/travis/build/icyphy/ptII/ptolemy/domains/pn/test/auto/NondeterministicMergeTest.xml
----------------- Instantiating /home/travis/build/icyphy/ptII/ptolemy/domains/pn/test/auto/NondeterministicMergeTest.xml
28 ms. Memory: 177152K Free: 103612K (58%)
----------------- Invoking toplevel() on ptolemy.moml.MoMLSimpleApplication@485e5d8d
----------------- Done invoking toplevel() on ptolemy.moml.MoMLSimpleApplication@485e5d8d
reloadAllAccessors: .NondeterministicMergeTest

===========================================================================================
----------------- testing Fri Aug 23 05:28:44 UTC 2019 /home/travis/build/icyphy/ptII/ptolemy/domains/pn/test/auto/OrderedMerge.xml
----------------- Instantiating /home/travis/build/icyphy/ptII/ptolemy/domains/pn/test/auto/OrderedMerge.xml
154 ms. Memory: 177152K Free: 94787K (54%)
----------------- Invoking toplevel() on ptolemy.moml.MoMLSimpleApplication@55605353
----------------- Done invoking toplevel() on ptolemy.moml.MoMLSimpleApplication@55605353
reloadAllAccessors: .OrderedMerge

===========================================================================================
----------------- testing Fri Aug 23 05:28:44 UTC 2019 /home/travis/build/icyphy/ptII/ptolemy/domains/pn/test/auto/PNAbstractReceiverTest.xml
----------------- Instantiating /home/travis/build/icyphy/ptII/ptolemy/domains/pn/test/auto/PNAbstractReceiverTest.xml
4 ms. Memory: 177152K Free: 91322K (52%)
----------------- Invoking toplevel() on ptolemy.moml.MoMLSimpleApplication@63c61598
----------------- Done invoking toplevel() on ptolemy.moml.MoMLSimpleApplication@63c61598
reloadAllAccessors: .PNAbstractReceiverTest

===========================================================================================
----------------- testing Fri Aug 23 05:28:44 UTC 2019 /home/travis/build/icyphy/ptII/ptolemy/domains/pn/test/auto/QR.xml
----------------- Instantiating /home/travis/build/icyphy/ptII/ptolemy/domains/pn/test/auto/QR.xml
26 ms. Memory: 177152K Free: 82184K (46%)
----------------- Invoking toplevel() on ptolemy.moml.MoMLSimpleApplication@7a8af3cd
----------------- Done invoking toplevel() on ptolemy.moml.MoMLSimpleApplication@7a8af3cd
reloadAllAccessors: .QR

===========================================================================================
----------------- testing Fri Aug 23 05:28:44 UTC 2019 /home/travis/build/icyphy/ptII/ptolemy/domains/pn/test/auto/RemoveNilTokens.xml
----------------- Instantiating /home/travis/build/icyphy/ptII/ptolemy/domains/pn/test/auto/RemoveNilTokens.xml
34 ms. Memory: 177152K Free: 74150K (42%)
----------------- Invoking toplevel() on ptolemy.moml.MoMLSimpleApplication@85dc76
----------------- Done invoking toplevel() on ptolemy.moml.MoMLSimpleApplication@85dc76
reloadAllAccessors: .RemoveNilTokens

===========================================================================================
----------------- testing Fri Aug 23 05:28:44 UTC 2019 /home/travis/build/icyphy/ptII/ptolemy/domains/pn/test/auto/Stack.xml
----------------- Instantiating /home/travis/build/icyphy/ptII/ptolemy/domains/pn/test/auto/Stack.xml
61 ms. Memory: 177152K Free: 154992K (87%)
----------------- Invoking toplevel() on ptolemy.moml.MoMLSimpleApplication@33d2dcd3
----------------- Done invoking toplevel() on ptolemy.moml.MoMLSimpleApplication@33d2dcd3
reloadAllAccessors: .Stack

===========================================================================================
----------------- testing Fri Aug 23 05:28:45 UTC 2019 /home/travis/build/icyphy/ptII/ptolemy/domains/pn/test/auto/TestRemoveNilTokens.xml
----------------- Instantiating /home/travis/build/icyphy/ptII/ptolemy/domains/pn/test/auto/TestRemoveNilTokens.xml
14 ms. Memory: 177152K Free: 148033K (84%)
----------------- Invoking toplevel() on ptolemy.moml.MoMLSimpleApplication@6c56a9ad
----------------- Done invoking toplevel() on ptolemy.moml.MoMLSimpleApplication@6c56a9ad
reloadAllAccessors: .TestRemoveNilTokens

===========================================================================================
----------------- testing Fri Aug 23 05:28:45 UTC 2019 /home/travis/build/icyphy/ptII/ptolemy/domains/pn/test/auto/TestSeq2Array.xml
----------------- Instantiating /home/travis/build/icyphy/ptII/ptolemy/domains/pn/test/auto/TestSeq2Array.xml
17 ms. Memory: 177152K Free: 142290K (80%)
----------------- Invoking toplevel() on ptolemy.moml.MoMLSimpleApplication@19749f30
----------------- Done invoking toplevel() on ptolemy.moml.MoMLSimpleApplication@19749f30
reloadAllAccessors: .TestSeq2Array

===========================================================================================
----------------- testing Fri Aug 23 05:28:45 UTC 2019 /home/travis/build/icyphy/ptII/ptolemy/domains/pn/test/auto/TrivialIdentity.xml
----------------- Instantiating /home/travis/build/icyphy/ptII/ptolemy/domains/pn/test/auto/TrivialIdentity.xml
10 ms. Memory: 177152K Free: 138180K (78%)
----------------- Invoking toplevel() on ptolemy.moml.MoMLSimpleApplication@45fd8b87
----------------- Done invoking toplevel() on ptolemy.moml.MoMLSimpleApplication@45fd8b87
reloadAllAccessors: .TrivialIdentity

===========================================================================================
----------------- testing Fri Aug 23 05:28:45 UTC 2019 /home/travis/build/icyphy/ptII/ptolemy/domains/pn/test/auto/WidthInferenceTest1.xml
----------------- Instantiating /home/travis/build/icyphy/ptII/ptolemy/domains/pn/test/auto/WidthInferenceTest1.xml
16 ms. Memory: 177152K Free: 132257K (75%)
----------------- Invoking toplevel() on ptolemy.moml.MoMLSimpleApplication@9a1196f
----------------- Done invoking toplevel() on ptolemy.moml.MoMLSimpleApplication@9a1196f
reloadAllAccessors: .1

===========================================================================================
----------------- testing Fri Aug 23 05:28:45 UTC 2019 /home/travis/build/icyphy/ptII/ptolemy/domains/pn/test/auto/WidthInferenceTest2.xml
----------------- Instantiating /home/travis/build/icyphy/ptII/ptolemy/domains/pn/test/auto/WidthInferenceTest2.xml
10 ms. Memory: 177152K Free: 126930K (72%)
----------------- Invoking toplevel() on ptolemy.moml.MoMLSimpleApplication@719a2db1
----------------- Done invoking toplevel() on ptolemy.moml.MoMLSimpleApplication@719a2db1
reloadAllAccessors: .2

===========================================================================================
----------------- testing Fri Aug 23 05:28:45 UTC 2019 /home/travis/build/icyphy/ptII/ptolemy/domains/pn/test/auto/WidthInferenceTest3.xml
----------------- Instantiating /home/travis/build/icyphy/ptII/ptolemy/domains/pn/test/auto/WidthInferenceTest3.xml
23 ms. Memory: 177152K Free: 112801K (64%)
----------------- Invoking toplevel() on ptolemy.moml.MoMLSimpleApplication@eaa73e
----------------- Done invoking toplevel() on ptolemy.moml.MoMLSimpleApplication@eaa73e
reloadAllAccessors: .3

===========================================================================================
----------------- testing Fri Aug 23 05:28:45 UTC 2019 /home/travis/build/icyphy/ptII/ptolemy/domains/pn/test/auto/WidthInferenceTest4.xml
----------------- Instantiating /home/travis/build/icyphy/ptII/ptolemy/domains/pn/test/auto/WidthInferenceTest4.xml
30 ms. Memory: 177152K Free: 100513K (57%)
----------------- Invoking toplevel() on ptolemy.moml.MoMLSimpleApplication@495de566
----------------- Done invoking toplevel() on ptolemy.moml.MoMLSimpleApplication@495de566
reloadAllAccessors: .WidthInferenceTest4

===========================================================================================
----------------- testing Fri Aug 23 05:28:45 UTC 2019 /home/travis/build/icyphy/ptII/ptolemy/domains/pn/test/auto/WidthInferenceTest5.xml
----------------- Instantiating /home/travis/build/icyphy/ptII/ptolemy/domains/pn/test/auto/WidthInferenceTest5.xml
27 ms. Memory: 177152K Free: 88018K (50%)
----------------- Invoking toplevel() on ptolemy.moml.MoMLSimpleApplication@2e688bd8
----------------- Done invoking toplevel() on ptolemy.moml.MoMLSimpleApplication@2e688bd8
reloadAllAccessors: .WidthInferenceTest5

===========================================================================================
----------------- testing Fri Aug 23 05:28:45 UTC 2019 /home/travis/build/icyphy/ptII/ptolemy/domains/pn/test/auto/controlled_kahnnet.xml
----------------- Instantiating /home/travis/build/icyphy/ptII/ptolemy/domains/pn/test/auto/controlled_kahnnet.xml
11 ms. Memory: 177152K Free: 83715K (47%)
----------------- Invoking toplevel() on ptolemy.moml.MoMLSimpleApplication@1f643ecd
----------------- Done invoking toplevel() on ptolemy.moml.MoMLSimpleApplication@1f643ecd
reloadAllAccessors: .controlled_kahnnet

===========================================================================================
----------------- testing Fri Aug 23 05:28:45 UTC 2019 /home/travis/build/icyphy/ptII/ptolemy/domains/pn/test/auto/demandDriven.xml
----------------- Instantiating /home/travis/build/icyphy/ptII/ptolemy/domains/pn/test/auto/demandDriven.xml
8 ms. Memory: 177152K Free: 80033K (45%)
----------------- Invoking toplevel() on ptolemy.moml.MoMLSimpleApplication@4580d060
----------------- Done invoking toplevel() on ptolemy.moml.MoMLSimpleApplication@4580d060
reloadAllAccessors: .demandDriven

===========================================================================================
----------------- testing Fri Aug 23 05:28:45 UTC 2019 /home/travis/build/icyphy/ptII/ptolemy/domains/pn/test/auto/feedback.xml
----------------- Instantiating /home/travis/build/icyphy/ptII/ptolemy/domains/pn/test/auto/feedback.xml
7 ms. Memory: 177152K Free: 76351K (43%)
----------------- Invoking toplevel() on ptolemy.moml.MoMLSimpleApplication@7f0f3ea
----------------- Done invoking toplevel() on ptolemy.moml.MoMLSimpleApplication@7f0f3ea
reloadAllAccessors: .feedback

===========================================================================================
----------------- testing Fri Aug 23 05:28:45 UTC 2019 /home/travis/build/icyphy/ptII/ptolemy/domains/pn/test/auto/helloWorld.xml
----------------- Instantiating /home/travis/build/icyphy/ptII/ptolemy/domains/pn/test/auto/helloWorld.xml
9 ms. Memory: 177152K Free: 74429K (42%)
----------------- Invoking toplevel() on ptolemy.moml.MoMLSimpleApplication@6086f25d
----------------- Done invoking toplevel() on ptolemy.moml.MoMLSimpleApplication@6086f25d
reloadAllAccessors: .helloWorld

===========================================================================================
----------------- testing Fri Aug 23 05:28:45 UTC 2019 /home/travis/build/icyphy/ptII/ptolemy/domains/pn/test/auto/helloWorld2.xml
----------------- Instantiating /home/travis/build/icyphy/ptII/ptolemy/domains/pn/test/auto/helloWorld2.xml
8 ms. Memory: 177152K Free: 70209K (40%)
----------------- Invoking toplevel() on ptolemy.moml.MoMLSimpleApplication@4022d91a
----------------- Done invoking toplevel() on ptolemy.moml.MoMLSimpleApplication@4022d91a
reloadAllAccessors: .helloWorld2

===========================================================================================
----------------- testing Fri Aug 23 05:28:45 UTC 2019 /home/travis/build/icyphy/ptII/ptolemy/domains/pn/test/auto/noOutput.xml
----------------- Instantiating /home/travis/build/icyphy/ptII/ptolemy/domains/pn/test/auto/noOutput.xml
23 ms. Memory: 177152K Free: 66113K (37%)
----------------- Invoking toplevel() on ptolemy.moml.MoMLSimpleApplication@61c3762f
----------------- Done invoking toplevel() on ptolemy.moml.MoMLSimpleApplication@61c3762f
reloadAllAccessors: .noOutput

===========================================================================================
----------------- testing Fri Aug 23 05:28:45 UTC 2019 /home/travis/build/icyphy/ptII/ptolemy/domains/pn/test/auto/relationGroup.xml
----------------- Instantiating /home/travis/build/icyphy/ptII/ptolemy/domains/pn/test/auto/relationGroup.xml
6 ms. Memory: 177152K Free: 63442K (36%)
----------------- Invoking toplevel() on ptolemy.moml.MoMLSimpleApplication@3c9fd32b
----------------- Done invoking toplevel() on ptolemy.moml.MoMLSimpleApplication@3c9fd32b
reloadAllAccessors: .relationGroup

===========================================================================================
----------------- testing Fri Aug 23 05:28:45 UTC 2019 /home/travis/build/icyphy/ptII/ptolemy/domains/pn/test/auto/relationGroup2.xml
----------------- Instantiating /home/travis/build/icyphy/ptII/ptolemy/domains/pn/test/auto/relationGroup2.xml
8 ms. Memory: 177152K Free: 61394K (35%)
----------------- Invoking toplevel() on ptolemy.moml.MoMLSimpleApplication@275e1b33
----------------- Done invoking toplevel() on ptolemy.moml.MoMLSimpleApplication@275e1b33
reloadAllAccessors: .relationGroup2

===========================================================================================
----------------- testing Fri Aug 23 05:28:45 UTC 2019 /home/travis/build/icyphy/ptII/ptolemy/domains/pn/test/auto/relationGroup3.xml
----------------- Instantiating /home/travis/build/icyphy/ptII/ptolemy/domains/pn/test/auto/relationGroup3.xml
9 ms. Memory: 177152K Free: 162428K (92%)
----------------- Invoking toplevel() on ptolemy.moml.MoMLSimpleApplication@4bd76bbf
----------------- Done invoking toplevel() on ptolemy.moml.MoMLSimpleApplication@4bd76bbf
reloadAllAccessors: .relationGroup3

===========================================================================================
----------------- testing Fri Aug 23 05:28:45 UTC 2019 /home/travis/build/icyphy/ptII/ptolemy/domains/pn/test/auto/relationGroup4.xml
----------------- Instantiating /home/travis/build/icyphy/ptII/ptolemy/domains/pn/test/auto/relationGroup4.xml
6 ms. Memory: 177152K Free: 160062K (90%)
----------------- Invoking toplevel() on ptolemy.moml.MoMLSimpleApplication@1a411579
----------------- Done invoking toplevel() on ptolemy.moml.MoMLSimpleApplication@1a411579
reloadAllAccessors: .relationGroup4

===========================================================================================
----------------- testing Fri Aug 23 05:28:45 UTC 2019 /home/travis/build/icyphy/ptII/ptolemy/domains/pn/test/auto/relationGroup5.xml
----------------- Instantiating /home/travis/build/icyphy/ptII/ptolemy/domains/pn/test/auto/relationGroup5.xml
7 ms. Memory: 177152K Free: 157423K (89%)
----------------- Invoking toplevel() on ptolemy.moml.MoMLSimpleApplication@390e550d
----------------- Done invoking toplevel() on ptolemy.moml.MoMLSimpleApplication@390e550d
reloadAllAccessors: .relationGroup5

===========================================================================================
----------------- testing Fri Aug 23 05:28:45 UTC 2019 /home/travis/build/icyphy/ptII/ptolemy/domains/pn/test/auto/relationGroup6.xml
----------------- Instantiating /home/travis/build/icyphy/ptII/ptolemy/domains/pn/test/auto/relationGroup6.xml
8 ms. Memory: 177152K Free: 154646K (87%)
----------------- Invoking toplevel() on ptolemy.moml.MoMLSimpleApplication@1b59205b
----------------- Done invoking toplevel() on ptolemy.moml.MoMLSimpleApplication@1b59205b
reloadAllAccessors: .relationGroup6

===========================================================================================
----------------- testing Fri Aug 23 05:28:45 UTC 2019 /home/travis/build/icyphy/ptII/ptolemy/domains/pn/test/auto/relationGroup7.xml
----------------- Instantiating /home/travis/build/icyphy/ptII/ptolemy/domains/pn/test/auto/relationGroup7.xml
9 ms. Memory: 177152K Free: 151574K (86%)
----------------- Invoking toplevel() on ptolemy.moml.MoMLSimpleApplication@58a4ee6
----------------- Done invoking toplevel() on ptolemy.moml.MoMLSimpleApplication@58a4ee6
reloadAllAccessors: .relationGroup7

===========================================================================================
----------------- testing Fri Aug 23 05:28:45 UTC 2019 /home/travis/build/icyphy/ptII/ptolemy/domains/pn/test/auto/relationGroup8.xml
----------------- Instantiating /home/travis/build/icyphy/ptII/ptolemy/domains/pn/test/auto/relationGroup8.xml
7 ms. Memory: 177152K Free: 148193K (84%)
----------------- Invoking toplevel() on ptolemy.moml.MoMLSimpleApplication@6a366a5d
----------------- Done invoking toplevel() on ptolemy.moml.MoMLSimpleApplication@6a366a5d
reloadAllAccessors: .relationGroup8

===========================================================================================
----------------- testing Fri Aug 23 05:28:45 UTC 2019 /home/travis/build/icyphy/ptII/ptolemy/domains/pn/test/auto/widthTest.xml
----------------- Instantiating /home/travis/build/icyphy/ptII/ptolemy/domains/pn/test/auto/widthTest.xml
12 ms. Memory: 177152K Free: 144090K (81%)
----------------- Invoking toplevel() on ptolemy.moml.MoMLSimpleApplication@543aa0ba
----------------- Done invoking toplevel() on ptolemy.moml.MoMLSimpleApplication@543aa0ba
reloadAllAccessors: .widthTest
AutoTests.java: About to close Vertx.
AutoTests.java: Vertx closed.
]]></system-out>
  <system-err><![CDATA[java.lang.RuntimeException: Execution failed
	at ptolemy.moml.MoMLSimpleApplication$UnloadThread.run(MoMLSimpleApplication.java:402)
Caused by: ptolemy.kernel.util.IllegalActionException: At the current time, process-oriented domains (PN and CSP) cannot be nested inside firing-based domains (SDF, DE, CT, etc.).
  in .PNInsideDE.CompositeActor.port
Because:
class ptolemy.domains.de.kernel.DEReceiver cannot be cast to class ptolemy.actor.process.ProcessReceiver (ptolemy.domains.de.kernel.DEReceiver and ptolemy.actor.process.ProcessReceiver are in unnamed module of loader 'app')
	at ptolemy.actor.process.BranchController.addBranches(BranchController.java:182)
	at ptolemy.actor.process.CompositeProcessDirector.createBranchController(CompositeProcessDirector.java:221)
	at ptolemy.actor.process.CompositeProcessDirector.initialize(CompositeProcessDirector.java:289)
	at ptolemy.domains.pn.kernel.PNDirector.initialize(PNDirector.java:241)
	at ptolemy.actor.CompositeActor.initialize(CompositeActor.java:935)
	at ptolemy.actor.Director.initialize(Director.java:938)
	at ptolemy.actor.Director.initialize(Director.java:907)
	at ptolemy.domains.de.kernel.DEDirector.initialize(DEDirector.java:944)
	at ptolemy.actor.CompositeActor.initialize(CompositeActor.java:935)
	at ptolemy.actor.Manager.initialize(Manager.java:724)
	at ptolemy.actor.Manager.execute(Manager.java:356)
	at ptolemy.actor.Manager.run(Manager.java:1263)
	at ptolemy.actor.Manager$PtolemyRunThread.run(Manager.java:1933)
Caused by: java.lang.ClassCastException: class ptolemy.domains.de.kernel.DEReceiver cannot be cast to class ptolemy.actor.process.ProcessReceiver (ptolemy.domains.de.kernel.DEReceiver and ptolemy.actor.process.ProcessReceiver are in unnamed module of loader 'app')
	at ptolemy.actor.process.BranchController.addBranches(BranchController.java:178)
	... 12 more
Warning: '.RemoveNilTokens.Test2' The test produced only 7 tokens, yet the correctValues parameter was expecting 8 tokens.
Warning: '.RemoveNilTokens.Test' The test produced only 9 tokens, yet the correctValues parameter was expecting 13 tokens.
]]></system-err>
</testsuite>
