<?xml version="1.0" encoding="UTF-8" ?>
<testsuite errors="0" failures="0" hostname="travis-job-b04d1752-4dc6-4f39-aaef-b3b06bfc1440" name="ptolemy.domains.modal.test.junit.JUnitTclTest" skipped="0" tests="148" time="11.289" timestamp="2019-07-23T05:09:52">
  <properties>
[...]
</properties>
  <testcase classname="ptolemy.util.test.junit.TclTests" name="[0] /home/travis/build/icyphy/ptII/ptolemy/domains/modal/test/SystemLevelType.tcl (RunTclFile)" time="2.062" />
  <testcase classname="ptolemy.util.test.junit.AutoKnownFailedTests" name="[0] /home/travis/build/icyphy/ptII/ptolemy/domains/modal/test/auto/knownFailedTests/CannotAnalysisWithPreemption.xml (RunModel)" time="0.283" />
  <testcase classname="ptolemy.util.test.junit.AutoNameArchTests" name="[0] ThereAreNoAutoArchTests (RunModel)" time="0.008" />
  <testcase classname="ptolemy.util.test.junit.AutoTests" name="[0] /home/travis/build/icyphy/ptII/ptolemy/domains/modal/test/auto/ABPTest.xml (RunModel)" time="0.915" />
  <testcase classname="ptolemy.util.test.junit.AutoTests" name="[1] /home/travis/build/icyphy/ptII/ptolemy/domains/modal/test/auto/ABROFlat.xml (RunModel)" time="0.075" />
  <testcase classname="ptolemy.util.test.junit.AutoTests" name="[2] /home/travis/build/icyphy/ptII/ptolemy/domains/modal/test/auto/ABROFlat2.xml (RunModel)" time="0.088" />
  <testcase classname="ptolemy.util.test.junit.AutoTests" name="[3] /home/travis/build/icyphy/ptII/ptolemy/domains/modal/test/auto/ABRO_present_hmm.xml (RunModel)" time="0.167" />
  <testcase classname="ptolemy.util.test.junit.AutoTests" name="[4] /home/travis/build/icyphy/ptII/ptolemy/domains/modal/test/auto/AMICoderExample.xml (RunModel)" time="0.104" />
  <testcase classname="ptolemy.util.test.junit.AutoTests" name="[5] /home/travis/build/icyphy/ptII/ptolemy/domains/modal/test/auto/AbsentToPresent.xml (RunModel)" time="0.023" />
  <testcase classname="ptolemy.util.test.junit.AutoTests" name="[6] /home/travis/build/icyphy/ptII/ptolemy/domains/modal/test/auto/Blending.xml (RunModel)" time="0.326" />
  <testcase classname="ptolemy.util.test.junit.AutoTests" name="[7] /home/travis/build/icyphy/ptII/ptolemy/domains/modal/test/auto/Broadcast.xml (RunModel)" time="0.054" />
  <testcase classname="ptolemy.util.test.junit.AutoTests" name="[8] /home/travis/build/icyphy/ptII/ptolemy/domains/modal/test/auto/BroadcastHierarchy.xml (RunModel)" time="0.077" />
  <testcase classname="ptolemy.util.test.junit.AutoTests" name="[9] /home/travis/build/icyphy/ptII/ptolemy/domains/modal/test/auto/BroadcastHierarchy2.xml (RunModel)" time="0.152" />
  <testcase classname="ptolemy.util.test.junit.AutoTests" name="[10] /home/travis/build/icyphy/ptII/ptolemy/domains/modal/test/auto/BroadcastHierarchy3.xml (RunModel)" time="0.084" />
  <testcase classname="ptolemy.util.test.junit.AutoTests" name="[11] /home/travis/build/icyphy/ptII/ptolemy/domains/modal/test/auto/BroadcastHierarchy4.xml (RunModel)" time="0.086" />
  <testcase classname="ptolemy.util.test.junit.AutoTests" name="[12] /home/travis/build/icyphy/ptII/ptolemy/domains/modal/test/auto/CannotAnalysisWithPreemption2.xml (RunModel)" time="0.039" />
  <testcase classname="ptolemy.util.test.junit.AutoTests" name="[13] /home/travis/build/icyphy/ptII/ptolemy/domains/modal/test/auto/CannotAnalysisWithPreemption3.xml (RunModel)" time="0.048" />
  <testcase classname="ptolemy.util.test.junit.AutoTests" name="[14] /home/travis/build/icyphy/ptII/ptolemy/domains/modal/test/auto/CannotProduce.xml (RunModel)" time="0.037" />
  <testcase classname="ptolemy.util.test.junit.AutoTests" name="[15] /home/travis/build/icyphy/ptII/ptolemy/domains/modal/test/auto/CannotProduceModal.xml (RunModel)" time="0.028" />
  <testcase classname="ptolemy.util.test.junit.AutoTests" name="[16] /home/travis/build/icyphy/ptII/ptolemy/domains/modal/test/auto/Case.xml (RunModel)" time="0.065" />
  <testcase classname="ptolemy.util.test.junit.AutoTests" name="[17] /home/travis/build/icyphy/ptII/ptolemy/domains/modal/test/auto/Case1.xml (RunModel)" time="0.04" />
  <testcase classname="ptolemy.util.test.junit.AutoTests" name="[18] /home/travis/build/icyphy/ptII/ptolemy/domains/modal/test/auto/Case2.xml (RunModel)" time="0.062" />
  <testcase classname="ptolemy.util.test.junit.AutoTests" name="[19] /home/travis/build/icyphy/ptII/ptolemy/domains/modal/test/auto/CausalityInterface1.xml (RunModel)" time="0.035" />
  <testcase classname="ptolemy.util.test.junit.AutoTests" name="[20] /home/travis/build/icyphy/ptII/ptolemy/domains/modal/test/auto/CausalityInterface10.xml (RunModel)" time="0.062" />
  <testcase classname="ptolemy.util.test.junit.AutoTests" name="[21] /home/travis/build/icyphy/ptII/ptolemy/domains/modal/test/auto/CausalityInterface11.xml (RunModel)" time="0.047" />
  <testcase classname="ptolemy.util.test.junit.AutoTests" name="[22] /home/travis/build/icyphy/ptII/ptolemy/domains/modal/test/auto/CausalityInterface12.xml (RunModel)" time="0.05" />
  <testcase classname="ptolemy.util.test.junit.AutoTests" name="[23] /home/travis/build/icyphy/ptII/ptolemy/domains/modal/test/auto/CausalityInterface13.xml (RunModel)" time="0.066" />
  <testcase classname="ptolemy.util.test.junit.AutoTests" name="[24] /home/travis/build/icyphy/ptII/ptolemy/domains/modal/test/auto/CausalityInterface14.xml (RunModel)" time="0.063" />
  <testcase classname="ptolemy.util.test.junit.AutoTests" name="[25] /home/travis/build/icyphy/ptII/ptolemy/domains/modal/test/auto/CausalityInterface2.xml (RunModel)" time="0.026" />
  <testcase classname="ptolemy.util.test.junit.AutoTests" name="[26] /home/travis/build/icyphy/ptII/ptolemy/domains/modal/test/auto/CausalityInterface3.xml (RunModel)" time="0.022" />
  <testcase classname="ptolemy.util.test.junit.AutoTests" name="[27] /home/travis/build/icyphy/ptII/ptolemy/domains/modal/test/auto/CausalityInterface4.xml (RunModel)" time="0.04" />
  <testcase classname="ptolemy.util.test.junit.AutoTests" name="[28] /home/travis/build/icyphy/ptII/ptolemy/domains/modal/test/auto/CausalityInterface5.xml (RunModel)" time="0.038" />
  <testcase classname="ptolemy.util.test.junit.AutoTests" name="[29] /home/travis/build/icyphy/ptII/ptolemy/domains/modal/test/auto/CausalityInterface6.xml (RunModel)" time="0.045" />
  <testcase classname="ptolemy.util.test.junit.AutoTests" name="[30] /home/travis/build/icyphy/ptII/ptolemy/domains/modal/test/auto/CausalityInterface7.xml (RunModel)" time="0.041" />
  <testcase classname="ptolemy.util.test.junit.AutoTests" name="[31] /home/travis/build/icyphy/ptII/ptolemy/domains/modal/test/auto/CausalityInterface8.xml (RunModel)" time="0.031" />
  <testcase classname="ptolemy.util.test.junit.AutoTests" name="[32] /home/travis/build/icyphy/ptII/ptolemy/domains/modal/test/auto/CausalityInterface9.xml (RunModel)" time="0.048" />
  <testcase classname="ptolemy.util.test.junit.AutoTests" name="[33] /home/travis/build/icyphy/ptII/ptolemy/domains/modal/test/auto/ChainedTransitions.xml (RunModel)" time="0.158" />
  <testcase classname="ptolemy.util.test.junit.AutoTests" name="[34] /home/travis/build/icyphy/ptII/ptolemy/domains/modal/test/auto/CycleOfImmediateTransitionsFSM.xml (RunModel)" time="0.028" />
  <testcase classname="ptolemy.util.test.junit.AutoTests" name="[35] /home/travis/build/icyphy/ptII/ptolemy/domains/modal/test/auto/CycleOfImmediateTransitionsModal.xml (RunModel)" time="0.022" />
  <testcase classname="ptolemy.util.test.junit.AutoTests" name="[36] /home/travis/build/icyphy/ptII/ptolemy/domains/modal/test/auto/CycleOfImmediateTransitionsModal2.xml (RunModel)" time="0.024" />
  <testcase classname="ptolemy.util.test.junit.AutoTests" name="[37] /home/travis/build/icyphy/ptII/ptolemy/domains/modal/test/auto/CycleOfImmediateTransitionsModal3.xml (RunModel)" time="0.072" />
  <testcase classname="ptolemy.util.test.junit.AutoTests" name="[38] /home/travis/build/icyphy/ptII/ptolemy/domains/modal/test/auto/DeepModal1.xml (RunModel)" time="0.065" />
  <testcase classname="ptolemy.util.test.junit.AutoTests" name="[39] /home/travis/build/icyphy/ptII/ptolemy/domains/modal/test/auto/DeepModal2.xml (RunModel)" time="0.059" />
  <testcase classname="ptolemy.util.test.junit.AutoTests" name="[40] /home/travis/build/icyphy/ptII/ptolemy/domains/modal/test/auto/DeepModal3.xml (RunModel)" time="0.073" />
  <testcase classname="ptolemy.util.test.junit.AutoTests" name="[41] /home/travis/build/icyphy/ptII/ptolemy/domains/modal/test/auto/DeepModal4.xml (RunModel)" time="0.073" />
  <testcase classname="ptolemy.util.test.junit.AutoTests" name="[42] /home/travis/build/icyphy/ptII/ptolemy/domains/modal/test/auto/Default1.xml (RunModel)" time="0.021" />
  <testcase classname="ptolemy.util.test.junit.AutoTests" name="[43] /home/travis/build/icyphy/ptII/ptolemy/domains/modal/test/auto/Default2.xml (RunModel)" time="0.022" />
  <testcase classname="ptolemy.util.test.junit.AutoTests" name="[44] /home/travis/build/icyphy/ptII/ptolemy/domains/modal/test/auto/Default3.xml (RunModel)" time="0.022" />
  <testcase classname="ptolemy.util.test.junit.AutoTests" name="[45] /home/travis/build/icyphy/ptII/ptolemy/domains/modal/test/auto/Default4.xml (RunModel)" time="0.019" />
  <testcase classname="ptolemy.util.test.junit.AutoTests" name="[46] /home/travis/build/icyphy/ptII/ptolemy/domains/modal/test/auto/Default5.xml (RunModel)" time="0.051" />
  <testcase classname="ptolemy.util.test.junit.AutoTests" name="[47] /home/travis/build/icyphy/ptII/ptolemy/domains/modal/test/auto/EmptyGuard.xml (RunModel)" time="0.041" />
  <testcase classname="ptolemy.util.test.junit.AutoTests" name="[48] /home/travis/build/icyphy/ptII/ptolemy/domains/modal/test/auto/ErrorTransition1.xml (RunModel)" time="0.04" />
  <testcase classname="ptolemy.util.test.junit.AutoTests" name="[49] /home/travis/build/icyphy/ptII/ptolemy/domains/modal/test/auto/ErrorTransition10.xml (RunModel)" time="0.051" />
  <testcase classname="ptolemy.util.test.junit.AutoTests" name="[50] /home/travis/build/icyphy/ptII/ptolemy/domains/modal/test/auto/ErrorTransition11.xml (RunModel)" time="0.04" />
  <testcase classname="ptolemy.util.test.junit.AutoTests" name="[51] /home/travis/build/icyphy/ptII/ptolemy/domains/modal/test/auto/ErrorTransition2.xml (RunModel)" time="0.028" />
  <testcase classname="ptolemy.util.test.junit.AutoTests" name="[52] /home/travis/build/icyphy/ptII/ptolemy/domains/modal/test/auto/ErrorTransition3.xml (RunModel)" time="0.041" />
  <testcase classname="ptolemy.util.test.junit.AutoTests" name="[53] /home/travis/build/icyphy/ptII/ptolemy/domains/modal/test/auto/ErrorTransition4.xml (RunModel)" time="0.039" />
  <testcase classname="ptolemy.util.test.junit.AutoTests" name="[54] /home/travis/build/icyphy/ptII/ptolemy/domains/modal/test/auto/ErrorTransition5.xml (RunModel)" time="0.028" />
  <testcase classname="ptolemy.util.test.junit.AutoTests" name="[55] /home/travis/build/icyphy/ptII/ptolemy/domains/modal/test/auto/ErrorTransition6.xml (RunModel)" time="0.036" />
  <testcase classname="ptolemy.util.test.junit.AutoTests" name="[56] /home/travis/build/icyphy/ptII/ptolemy/domains/modal/test/auto/ErrorTransition7.xml (RunModel)" time="0.05" />
  <testcase classname="ptolemy.util.test.junit.AutoTests" name="[57] /home/travis/build/icyphy/ptII/ptolemy/domains/modal/test/auto/ErrorTransition8.xml (RunModel)" time="0.06" />
  <testcase classname="ptolemy.util.test.junit.AutoTests" name="[58] /home/travis/build/icyphy/ptII/ptolemy/domains/modal/test/auto/ErrorTransition9.xml (RunModel)" time="0.055" />
  <testcase classname="ptolemy.util.test.junit.AutoTests" name="[59] /home/travis/build/icyphy/ptII/ptolemy/domains/modal/test/auto/ExtendedFSM.xml (RunModel)" time="0.023" />
  <testcase classname="ptolemy.util.test.junit.AutoTests" name="[60] /home/travis/build/icyphy/ptII/ptolemy/domains/modal/test/auto/FinalStates.xml (RunModel)" time="0.023" />
  <testcase classname="ptolemy.util.test.junit.AutoTests" name="[61] /home/travis/build/icyphy/ptII/ptolemy/domains/modal/test/auto/FixedPointFSM.xml (RunModel)" time="0.047" />
  <testcase classname="ptolemy.util.test.junit.AutoTests" name="[62] /home/travis/build/icyphy/ptII/ptolemy/domains/modal/test/auto/FixedPointIterationFSMActor.xml (RunModel)" time="0.03" />
  <testcase classname="ptolemy.util.test.junit.AutoTests" name="[63] /home/travis/build/icyphy/ptII/ptolemy/domains/modal/test/auto/FixedPointIterationFSMActor2.xml (RunModel)" time="0.037" />
  <testcase classname="ptolemy.util.test.junit.AutoTests" name="[64] /home/travis/build/icyphy/ptII/ptolemy/domains/modal/test/auto/ForbiddenInstantanousLoop.xml (RunModel)" time="0.039" />
  <testcase classname="ptolemy.util.test.junit.AutoTests" name="[65] /home/travis/build/icyphy/ptII/ptolemy/domains/modal/test/auto/FunctionDependencyOfFSMActorTest.xml (RunModel)" time="0.039" />
  <testcase classname="ptolemy.util.test.junit.AutoTests" name="[66] /home/travis/build/icyphy/ptII/ptolemy/domains/modal/test/auto/GuardExpression.xml (RunModel)" time="0.019" />
  <testcase classname="ptolemy.util.test.junit.AutoTests" name="[67] /home/travis/build/icyphy/ptII/ptolemy/domains/modal/test/auto/GuardNotEvaluated.xml (RunModel)" time="0.032" />
  <testcase classname="ptolemy.util.test.junit.AutoTests" name="[68] /home/travis/build/icyphy/ptII/ptolemy/domains/modal/test/auto/GuardNotEvaluated2.xml (RunModel)" time="0.026" />
  <testcase classname="ptolemy.util.test.junit.AutoTests" name="[69] /home/travis/build/icyphy/ptII/ptolemy/domains/modal/test/auto/GuardOnAbsent.xml (RunModel)" time="0.022" />
  <testcase classname="ptolemy.util.test.junit.AutoTests" name="[70] /home/travis/build/icyphy/ptII/ptolemy/domains/modal/test/auto/HierarchicalFSMTypeInference.xml (RunModel)" time="0.027" />
  <testcase classname="ptolemy.util.test.junit.AutoTests" name="[71] /home/travis/build/icyphy/ptII/ptolemy/domains/modal/test/auto/Hysteresis.xml (RunModel)" time="0.064" />
  <testcase classname="ptolemy.util.test.junit.AutoTests" name="[72] /home/travis/build/icyphy/ptII/ptolemy/domains/modal/test/auto/HysteresisWithDefault.xml (RunModel)" time="0.08" />
  <testcase classname="ptolemy.util.test.junit.AutoTests" name="[73] /home/travis/build/icyphy/ptII/ptolemy/domains/modal/test/auto/HysteresisWithDefault2.xml (RunModel)" time="0.083" />
  <testcase classname="ptolemy.util.test.junit.AutoTests" name="[74] /home/travis/build/icyphy/ptII/ptolemy/domains/modal/test/auto/ImmediateNonConstructiveness.xml (RunModel)" time="0.017" />
  <testcase classname="ptolemy.util.test.junit.AutoTests" name="[75] /home/travis/build/icyphy/ptII/ptolemy/domains/modal/test/auto/ImmediateNonConstructiveness2.xml (RunModel)" time="0.018" />
  <testcase classname="ptolemy.util.test.junit.AutoTests" name="[76] /home/travis/build/icyphy/ptII/ptolemy/domains/modal/test/auto/ImmediateTransitionReset.xml (RunModel)" time="0.033" />
  <testcase classname="ptolemy.util.test.junit.AutoTests" name="[77] /home/travis/build/icyphy/ptII/ptolemy/domains/modal/test/auto/ImmediateTransitions1.xml (RunModel)" time="0.019" />
  <testcase classname="ptolemy.util.test.junit.AutoTests" name="[78] /home/travis/build/icyphy/ptII/ptolemy/domains/modal/test/auto/ImmediateTransitionsInstantaneousCommunication.xml (RunModel)" time="0.031" />
  <testcase classname="ptolemy.util.test.junit.AutoTests" name="[79] /home/travis/build/icyphy/ptII/ptolemy/domains/modal/test/auto/InitialImmediateTransition.xml (RunModel)" time="0.018" />
  <testcase classname="ptolemy.util.test.junit.AutoTests" name="[80] /home/travis/build/icyphy/ptII/ptolemy/domains/modal/test/auto/InitialOutputs.xml (RunModel)" time="0.016" />
  <testcase classname="ptolemy.util.test.junit.AutoTests" name="[81] /home/travis/build/icyphy/ptII/ptolemy/domains/modal/test/auto/InitialStateTransition1.xml (RunModel)" time="0.023" />
  <testcase classname="ptolemy.util.test.junit.AutoTests" name="[82] /home/travis/build/icyphy/ptII/ptolemy/domains/modal/test/auto/InitialStateTransition2.xml (RunModel)" time="0.046" />
  <testcase classname="ptolemy.util.test.junit.AutoTests" name="[83] /home/travis/build/icyphy/ptII/ptolemy/domains/modal/test/auto/InitialStateTransition3.xml (RunModel)" time="0.024" />
  <testcase classname="ptolemy.util.test.junit.AutoTests" name="[84] /home/travis/build/icyphy/ptII/ptolemy/domains/modal/test/auto/InitialStateTransition4.xml (RunModel)" time="0.027" />
  <testcase classname="ptolemy.util.test.junit.AutoTests" name="[85] /home/travis/build/icyphy/ptII/ptolemy/domains/modal/test/auto/MalformedGuardExpressionNotCaught.xml (RunModel)" time="0.028" />
  <testcase classname="ptolemy.util.test.junit.AutoTests" name="[86] /home/travis/build/icyphy/ptII/ptolemy/domains/modal/test/auto/ModalBSC.xml (RunModel)" time="0.105" />
  <testcase classname="ptolemy.util.test.junit.AutoTests" name="[87] /home/travis/build/icyphy/ptII/ptolemy/domains/modal/test/auto/ModalClocks.xml (RunModel)" time="0.079" />
  <testcase classname="ptolemy.util.test.junit.AutoTests" name="[88] /home/travis/build/icyphy/ptII/ptolemy/domains/modal/test/auto/ModalDelay.xml (RunModel)" time="0.044" />
  <testcase classname="ptolemy.util.test.junit.AutoTests" name="[89] /home/travis/build/icyphy/ptII/ptolemy/domains/modal/test/auto/ModalDelay2.xml (RunModel)" time="0.046" />
  <testcase classname="ptolemy.util.test.junit.AutoTests" name="[90] /home/travis/build/icyphy/ptII/ptolemy/domains/modal/test/auto/ModalModelFromMemo.xml (RunModel)" time="0.053" />
  <testcase classname="ptolemy.util.test.junit.AutoTests" name="[91] /home/travis/build/icyphy/ptII/ptolemy/domains/modal/test/auto/ModalModelWithMultirateTransient.xml (RunModel)" time="0.08" />
  <testcase classname="ptolemy.util.test.junit.AutoTests" name="[92] /home/travis/build/icyphy/ptII/ptolemy/domains/modal/test/auto/ModalModelWithReset.xml (RunModel)" time="0.044" />
  <testcase classname="ptolemy.util.test.junit.AutoTests" name="[93] /home/travis/build/icyphy/ptII/ptolemy/domains/modal/test/auto/MouseClickFSM.xml (RunModel)" time="0.063" />
  <testcase classname="ptolemy.util.test.junit.AutoTests" name="[94] /home/travis/build/icyphy/ptII/ptolemy/domains/modal/test/auto/MouseClickFSMModal.xml (RunModel)" time="0.043" />
  <testcase classname="ptolemy.util.test.junit.AutoTests" name="[95] /home/travis/build/icyphy/ptII/ptolemy/domains/modal/test/auto/NonStrictFSM_FeedbackLoop.xml (RunModel)" time="0.049" />
  <testcase classname="ptolemy.util.test.junit.AutoTests" name="[96] /home/travis/build/icyphy/ptII/ptolemy/domains/modal/test/auto/NonStrictFSM_FeedbackLoop_Refinement.xml (RunModel)" time="0.088" />
  <testcase classname="ptolemy.util.test.junit.AutoTests" name="[97] /home/travis/build/icyphy/ptII/ptolemy/domains/modal/test/auto/NonStrictFSM_FeedbackLoop_preemptive.xml (RunModel)" time="0.046" />
  <testcase classname="ptolemy.util.test.junit.AutoTests" name="[98] /home/travis/build/icyphy/ptII/ptolemy/domains/modal/test/auto/NormalTermination.xml (RunModel)" time="0.046" />
  <testcase classname="ptolemy.util.test.junit.AutoTests" name="[99] /home/travis/build/icyphy/ptII/ptolemy/domains/modal/test/auto/Pong.xml (RunModel)" time="0.078" />
  <testcase classname="ptolemy.util.test.junit.AutoTests" name="[100] /home/travis/build/icyphy/ptII/ptolemy/domains/modal/test/auto/Pong_test.xml (RunModel)" time="0.107" />
  <testcase classname="ptolemy.util.test.junit.AutoTests" name="[101] /home/travis/build/icyphy/ptII/ptolemy/domains/modal/test/auto/PreemptionHierarchy.xml (RunModel)" time="0.028" />
  <testcase classname="ptolemy.util.test.junit.AutoTests" name="[102] /home/travis/build/icyphy/ptII/ptolemy/domains/modal/test/auto/PreemptionHierarchy2.xml (RunModel)" time="0.031" />
  <testcase classname="ptolemy.util.test.junit.AutoTests" name="[103] /home/travis/build/icyphy/ptII/ptolemy/domains/modal/test/auto/PreemptiveTransition.xml (RunModel)" time="0.03" />
  <testcase classname="ptolemy.util.test.junit.AutoTests" name="[104] /home/travis/build/icyphy/ptII/ptolemy/domains/modal/test/auto/Priorities.xml (RunModel)" time="0.076" />
  <testcase classname="ptolemy.util.test.junit.AutoTests" name="[105] /home/travis/build/icyphy/ptII/ptolemy/domains/modal/test/auto/ResetFinal.xml (RunModel)" time="0.043" />
  <testcase classname="ptolemy.util.test.junit.AutoTests" name="[106] /home/travis/build/icyphy/ptII/ptolemy/domains/modal/test/auto/ResetFinal2.xml (RunModel)" time="0.029" />
  <testcase classname="ptolemy.util.test.junit.AutoTests" name="[107] /home/travis/build/icyphy/ptII/ptolemy/domains/modal/test/auto/ResetTransitionWithStartTime.xml (RunModel)" time="0.03" />
  <testcase classname="ptolemy.util.test.junit.AutoTests" name="[108] /home/travis/build/icyphy/ptII/ptolemy/domains/modal/test/auto/SDF-FSMComposite.xml (RunModel)" time="0.021" />
  <testcase classname="ptolemy.util.test.junit.AutoTests" name="[109] /home/travis/build/icyphy/ptII/ptolemy/domains/modal/test/auto/SeeminglyNondeterminate.xml (RunModel)" time="0.074" />
  <testcase classname="ptolemy.util.test.junit.AutoTests" name="[110] /home/travis/build/icyphy/ptII/ptolemy/domains/modal/test/auto/SeeminglyNondeterminate2.xml (RunModel)" time="0.081" />
  <testcase classname="ptolemy.util.test.junit.AutoTests" name="[111] /home/travis/build/icyphy/ptII/ptolemy/domains/modal/test/auto/SpontaneousFSM.xml (RunModel)" time="0.049" />
  <testcase classname="ptolemy.util.test.junit.AutoTests" name="[112] /home/travis/build/icyphy/ptII/ptolemy/domains/modal/test/auto/SpontaneousFSM2.xml (RunModel)" time="0.026" />
  <testcase classname="ptolemy.util.test.junit.AutoTests" name="[113] /home/travis/build/icyphy/ptII/ptolemy/domains/modal/test/auto/SpontaneousFSM3.xml (RunModel)" time="0.037" />
  <testcase classname="ptolemy.util.test.junit.AutoTests" name="[114] /home/travis/build/icyphy/ptII/ptolemy/domains/modal/test/auto/SpontaneousFSM4.xml (RunModel)" time="0.035" />
  <testcase classname="ptolemy.util.test.junit.AutoTests" name="[115] /home/travis/build/icyphy/ptII/ptolemy/domains/modal/test/auto/StateTrackerTest.xml (RunModel)" time="0.043" />
  <testcase classname="ptolemy.util.test.junit.AutoTests" name="[116] /home/travis/build/icyphy/ptII/ptolemy/domains/modal/test/auto/StrongImmediateTransition.xml (RunModel)" time="0.021" />
  <testcase classname="ptolemy.util.test.junit.AutoTests" name="[117] /home/travis/build/icyphy/ptII/ptolemy/domains/modal/test/auto/SustainHierarchy.xml (RunModel)" time="0.031" />
  <testcase classname="ptolemy.util.test.junit.AutoTests" name="[118] /home/travis/build/icyphy/ptII/ptolemy/domains/modal/test/auto/TerminationTransition1.xml (RunModel)" time="0.022" />
  <testcase classname="ptolemy.util.test.junit.AutoTests" name="[119] /home/travis/build/icyphy/ptII/ptolemy/domains/modal/test/auto/TerminationTransition2.xml (RunModel)" time="0.025" />
  <testcase classname="ptolemy.util.test.junit.AutoTests" name="[120] /home/travis/build/icyphy/ptII/ptolemy/domains/modal/test/auto/TerminationTransition3.xml (RunModel)" time="0.025" />
  <testcase classname="ptolemy.util.test.junit.AutoTests" name="[121] /home/travis/build/icyphy/ptII/ptolemy/domains/modal/test/auto/TerminationTransition4.xml (RunModel)" time="0.035" />
  <testcase classname="ptolemy.util.test.junit.AutoTests" name="[122] /home/travis/build/icyphy/ptII/ptolemy/domains/modal/test/auto/TerminationTransition5.xml (RunModel)" time="0.034" />
  <testcase classname="ptolemy.util.test.junit.AutoTests" name="[123] /home/travis/build/icyphy/ptII/ptolemy/domains/modal/test/auto/TerminationTransition6.xml (RunModel)" time="0.045" />
  <testcase classname="ptolemy.util.test.junit.AutoTests" name="[124] /home/travis/build/icyphy/ptII/ptolemy/domains/modal/test/auto/TerminationTransition7.xml (RunModel)" time="0.022" />
  <testcase classname="ptolemy.util.test.junit.AutoTests" name="[125] /home/travis/build/icyphy/ptII/ptolemy/domains/modal/test/auto/TerminationTransition8.xml (RunModel)" time="0.023" />
  <testcase classname="ptolemy.util.test.junit.AutoTests" name="[126] /home/travis/build/icyphy/ptII/ptolemy/domains/modal/test/auto/Thermostat_NoHysteresis.xml (RunModel)" time="0.057" />
  <testcase classname="ptolemy.util.test.junit.AutoTests" name="[127] /home/travis/build/icyphy/ptII/ptolemy/domains/modal/test/auto/TimedFSM.xml (RunModel)" time="0.034" />
  <testcase classname="ptolemy.util.test.junit.AutoTests" name="[128] /home/travis/build/icyphy/ptII/ptolemy/domains/modal/test/auto/Timeout1.xml (RunModel)" time="0.013" />
  <testcase classname="ptolemy.util.test.junit.AutoTests" name="[129] /home/travis/build/icyphy/ptII/ptolemy/domains/modal/test/auto/Timeout2.xml (RunModel)" time="0.021" />
  <testcase classname="ptolemy.util.test.junit.AutoTests" name="[130] /home/travis/build/icyphy/ptII/ptolemy/domains/modal/test/auto/Timeout3.xml (RunModel)" time="0.011" />
  <testcase classname="ptolemy.util.test.junit.AutoTests" name="[131] /home/travis/build/icyphy/ptII/ptolemy/domains/modal/test/auto/Timeout4.xml (RunModel)" time="0.013" />
  <testcase classname="ptolemy.util.test.junit.AutoTests" name="[132] /home/travis/build/icyphy/ptII/ptolemy/domains/modal/test/auto/TransientstateModelAdvanced.xml (RunModel)" time="0.03" />
  <testcase classname="ptolemy.util.test.junit.AutoTests" name="[133] /home/travis/build/icyphy/ptII/ptolemy/domains/modal/test/auto/TransientstateModelAdvanced2.xml (RunModel)" time="0.031" />
  <testcase classname="ptolemy.util.test.junit.AutoTests" name="[134] /home/travis/build/icyphy/ptII/ptolemy/domains/modal/test/auto/TransitionRefinements.xml (RunModel)" time="0.022" />
  <testcase classname="ptolemy.util.test.junit.AutoTests" name="[135] /home/travis/build/icyphy/ptII/ptolemy/domains/modal/test/auto/TwoRefinements1.xml (RunModel)" time="0.022" />
  <testcase classname="ptolemy.util.test.junit.AutoTests" name="[136] /home/travis/build/icyphy/ptII/ptolemy/domains/modal/test/auto/TwoRefinements2.xml (RunModel)" time="0.023" />
  <testcase classname="ptolemy.util.test.junit.AutoTests" name="[137] /home/travis/build/icyphy/ptII/ptolemy/domains/modal/test/auto/WeakImmediateTransition.xml (RunModel)" time="0.02" />
  <testcase classname="ptolemy.util.test.junit.AutoTests" name="[138] /home/travis/build/icyphy/ptII/ptolemy/domains/modal/test/auto/booleanSelect.xml (RunModel)" time="0.065" />
  <testcase classname="ptolemy.util.test.junit.AutoTests" name="[139] /home/travis/build/icyphy/ptII/ptolemy/domains/modal/test/auto/modalChangingParams.xml (RunModel)" time="0.347" />
  <testcase classname="ptolemy.util.test.junit.AutoTests" name="[140] /home/travis/build/icyphy/ptII/ptolemy/domains/modal/test/auto/modalModel.xml (RunModel)" time="0.029" />
  <testcase classname="ptolemy.util.test.junit.AutoTests" name="[141] /home/travis/build/icyphy/ptII/ptolemy/domains/modal/test/auto/modalModel2.xml (RunModel)" time="0.026" />
  <testcase classname="ptolemy.util.test.junit.AutoTests" name="[142] /home/travis/build/icyphy/ptII/ptolemy/domains/modal/test/auto/modalModel3.xml (RunModel)" time="0.056" />
  <testcase classname="ptolemy.util.test.junit.AutoTests" name="[143] /home/travis/build/icyphy/ptII/ptolemy/domains/modal/test/auto/model1.xml (RunModel)" time="0.022" />
  <testcase classname="ptolemy.util.test.junit.AutoTests" name="[144] /home/travis/build/icyphy/ptII/ptolemy/domains/modal/test/auto/test-direct-in-out.xml (RunModel)" time="0.029" />
  <system-out><![CDATA[/home/travis/build/icyphy/ptII/ptolemy/domains/modal/test/SystemLevelType.tcl
testDefs.tcl: setting time out to 9000 seconds at Tue Jul 23 05:09:53 UTC 2019
07/23/19 05:09:55
Failed: 0  Total Tests: 1  ((Passed: 1, Newly Passed: 0)  Known Failed: 0) /home/travis/build/icyphy/ptII/ptolemy/domains/modal/test
----------------- testing (KnownFailure) /home/travis/build/icyphy/ptII/ptolemy/domains/modal/test/auto/knownFailedTests/CannotAnalysisWithPreemption.xml
111 ms. Memory: 153600K Free: 84350K (55%)
Known Failure: java.lang.reflect.InvocationTargetException
No auto/linux-amd64/*.xml tests in /home/travis/build/icyphy/ptII/ptolemy/domains/modal/test
AutoTests.java: About to close Vertx.
AutoTests.java: Vertx closed.

===========================================================================================
----------------- testing Tue Jul 23 05:09:55 UTC 2019 /home/travis/build/icyphy/ptII/ptolemy/domains/modal/test/auto/ABPTest.xml
----------------- Instantiating /home/travis/build/icyphy/ptII/ptolemy/domains/modal/test/auto/ABPTest.xml
409 ms. Memory: 153600K Free: 116156K (76%)
----------------- Invoking toplevel() on ptolemy.moml.MoMLSimpleApplication@118944b1
----------------- Done invoking toplevel() on ptolemy.moml.MoMLSimpleApplication@118944b1
reloadAllAccessors: .ABPTest

===========================================================================================
----------------- testing Tue Jul 23 05:09:56 UTC 2019 /home/travis/build/icyphy/ptII/ptolemy/domains/modal/test/auto/ABROFlat.xml
----------------- Instantiating /home/travis/build/icyphy/ptII/ptolemy/domains/modal/test/auto/ABROFlat.xml
30 ms. Memory: 153600K Free: 100712K (66%)
----------------- Invoking toplevel() on ptolemy.moml.MoMLSimpleApplication@493af60
----------------- Done invoking toplevel() on ptolemy.moml.MoMLSimpleApplication@493af60
reloadAllAccessors: .ABROFlat

===========================================================================================
----------------- testing Tue Jul 23 05:09:56 UTC 2019 /home/travis/build/icyphy/ptII/ptolemy/domains/modal/test/auto/ABROFlat2.xml
----------------- Instantiating /home/travis/build/icyphy/ptII/ptolemy/domains/modal/test/auto/ABROFlat2.xml
27 ms. Memory: 153600K Free: 83864K (55%)
----------------- Invoking toplevel() on ptolemy.moml.MoMLSimpleApplication@3848db81
----------------- Done invoking toplevel() on ptolemy.moml.MoMLSimpleApplication@3848db81
reloadAllAccessors: .ABROFlat2

===========================================================================================
----------------- testing Tue Jul 23 05:09:56 UTC 2019 /home/travis/build/icyphy/ptII/ptolemy/domains/modal/test/auto/ABRO_present_hmm.xml
----------------- Instantiating /home/travis/build/icyphy/ptII/ptolemy/domains/modal/test/auto/ABRO_present_hmm.xml
48 ms. Memory: 153600K Free: 56726K (37%)
----------------- Invoking toplevel() on ptolemy.moml.MoMLSimpleApplication@328247df
----------------- Done invoking toplevel() on ptolemy.moml.MoMLSimpleApplication@328247df
reloadAllAccessors: .ABRO_present_hmm

===========================================================================================
----------------- testing Tue Jul 23 05:09:57 UTC 2019 /home/travis/build/icyphy/ptII/ptolemy/domains/modal/test/auto/AMICoderExample.xml
----------------- Instantiating /home/travis/build/icyphy/ptII/ptolemy/domains/modal/test/auto/AMICoderExample.xml
48 ms. Memory: 153600K Free: 132538K (86%)
----------------- Invoking toplevel() on ptolemy.moml.MoMLSimpleApplication@30614b19
----------------- Done invoking toplevel() on ptolemy.moml.MoMLSimpleApplication@30614b19
reloadAllAccessors: .AMICoderExample

===========================================================================================
----------------- testing Tue Jul 23 05:09:57 UTC 2019 /home/travis/build/icyphy/ptII/ptolemy/domains/modal/test/auto/AbsentToPresent.xml
----------------- Instantiating /home/travis/build/icyphy/ptII/ptolemy/domains/modal/test/auto/AbsentToPresent.xml
4 ms. Memory: 153600K Free: 127946K (83%)
----------------- Invoking toplevel() on ptolemy.moml.MoMLSimpleApplication@4806168f
----------------- Done invoking toplevel() on ptolemy.moml.MoMLSimpleApplication@4806168f
reloadAllAccessors: .AbsentToPresent

===========================================================================================
----------------- testing Tue Jul 23 05:09:57 UTC 2019 /home/travis/build/icyphy/ptII/ptolemy/domains/modal/test/auto/Blending.xml
----------------- Instantiating /home/travis/build/icyphy/ptII/ptolemy/domains/modal/test/auto/Blending.xml
192 ms. Memory: 153600K Free: 82890K (54%)
----------------- Invoking toplevel() on ptolemy.moml.MoMLSimpleApplication@7964446e
----------------- Done invoking toplevel() on ptolemy.moml.MoMLSimpleApplication@7964446e
reloadAllAccessors: .Blending

===========================================================================================
----------------- testing Tue Jul 23 05:09:57 UTC 2019 /home/travis/build/icyphy/ptII/ptolemy/domains/modal/test/auto/Broadcast.xml
----------------- Instantiating /home/travis/build/icyphy/ptII/ptolemy/domains/modal/test/auto/Broadcast.xml
17 ms. Memory: 153600K Free: 72650K (47%)
----------------- Invoking toplevel() on ptolemy.moml.MoMLSimpleApplication@1abddaaf
----------------- Done invoking toplevel() on ptolemy.moml.MoMLSimpleApplication@1abddaaf
reloadAllAccessors: .Broadcast

===========================================================================================
----------------- testing Tue Jul 23 05:09:57 UTC 2019 /home/travis/build/icyphy/ptII/ptolemy/domains/modal/test/auto/BroadcastHierarchy.xml
----------------- Instantiating /home/travis/build/icyphy/ptII/ptolemy/domains/modal/test/auto/BroadcastHierarchy.xml
16 ms. Memory: 153600K Free: 58810K (38%)
----------------- Invoking toplevel() on ptolemy.moml.MoMLSimpleApplication@5c471c3a
----------------- Done invoking toplevel() on ptolemy.moml.MoMLSimpleApplication@5c471c3a
reloadAllAccessors: .BroadcastHierarchy

===========================================================================================
----------------- testing Tue Jul 23 05:09:57 UTC 2019 /home/travis/build/icyphy/ptII/ptolemy/domains/modal/test/auto/BroadcastHierarchy2.xml
----------------- Instantiating /home/travis/build/icyphy/ptII/ptolemy/domains/modal/test/auto/BroadcastHierarchy2.xml
16 ms. Memory: 186368K Free: 150504K (81%)
----------------- Invoking toplevel() on ptolemy.moml.MoMLSimpleApplication@620cb7b1
----------------- Done invoking toplevel() on ptolemy.moml.MoMLSimpleApplication@620cb7b1
reloadAllAccessors: .BroadcastHierarchy2

===========================================================================================
----------------- testing Tue Jul 23 05:09:57 UTC 2019 /home/travis/build/icyphy/ptII/ptolemy/domains/modal/test/auto/BroadcastHierarchy3.xml
----------------- Instantiating /home/travis/build/icyphy/ptII/ptolemy/domains/modal/test/auto/BroadcastHierarchy3.xml
18 ms. Memory: 186368K Free: 130024K (70%)
----------------- Invoking toplevel() on ptolemy.moml.MoMLSimpleApplication@7421528e
----------------- Done invoking toplevel() on ptolemy.moml.MoMLSimpleApplication@7421528e
reloadAllAccessors: .BroadcastHierarchy3

===========================================================================================
----------------- testing Tue Jul 23 05:09:57 UTC 2019 /home/travis/build/icyphy/ptII/ptolemy/domains/modal/test/auto/BroadcastHierarchy4.xml
----------------- Instantiating /home/travis/build/icyphy/ptII/ptolemy/domains/modal/test/auto/BroadcastHierarchy4.xml
18 ms. Memory: 186368K Free: 105448K (57%)
----------------- Invoking toplevel() on ptolemy.moml.MoMLSimpleApplication@646ae7fd
----------------- Done invoking toplevel() on ptolemy.moml.MoMLSimpleApplication@646ae7fd
reloadAllAccessors: .BroadcastHierarchy4

===========================================================================================
----------------- testing Tue Jul 23 05:09:57 UTC 2019 /home/travis/build/icyphy/ptII/ptolemy/domains/modal/test/auto/CannotAnalysisWithPreemption2.xml
----------------- Instantiating /home/travis/build/icyphy/ptII/ptolemy/domains/modal/test/auto/CannotAnalysisWithPreemption2.xml
5 ms. Memory: 186368K Free: 98280K (53%)
----------------- Invoking toplevel() on ptolemy.moml.MoMLSimpleApplication@2e8b45b
----------------- Done invoking toplevel() on ptolemy.moml.MoMLSimpleApplication@2e8b45b
reloadAllAccessors: .CannotAnalysisWithPreemption2

===========================================================================================
----------------- testing Tue Jul 23 05:09:57 UTC 2019 /home/travis/build/icyphy/ptII/ptolemy/domains/modal/test/auto/CannotAnalysisWithPreemption3.xml
----------------- Instantiating /home/travis/build/icyphy/ptII/ptolemy/domains/modal/test/auto/CannotAnalysisWithPreemption3.xml
6 ms. Memory: 186368K Free: 88040K (47%)
----------------- Invoking toplevel() on ptolemy.moml.MoMLSimpleApplication@5bf78c3c
----------------- Done invoking toplevel() on ptolemy.moml.MoMLSimpleApplication@5bf78c3c
reloadAllAccessors: .CannotAnalysisWithPreemption3

===========================================================================================
----------------- testing Tue Jul 23 05:09:58 UTC 2019 /home/travis/build/icyphy/ptII/ptolemy/domains/modal/test/auto/CannotProduce.xml
----------------- Instantiating /home/travis/build/icyphy/ptII/ptolemy/domains/modal/test/auto/CannotProduce.xml
13 ms. Memory: 186368K Free: 81367K (44%)
----------------- Invoking toplevel() on ptolemy.moml.MoMLSimpleApplication@25a15334
----------------- Done invoking toplevel() on ptolemy.moml.MoMLSimpleApplication@25a15334
reloadAllAccessors: .CannotProduce

===========================================================================================
----------------- testing Tue Jul 23 05:09:58 UTC 2019 /home/travis/build/icyphy/ptII/ptolemy/domains/modal/test/auto/CannotProduceModal.xml
----------------- Instantiating /home/travis/build/icyphy/ptII/ptolemy/domains/modal/test/auto/CannotProduceModal.xml
5 ms. Memory: 186368K Free: 75231K (40%)
----------------- Invoking toplevel() on ptolemy.moml.MoMLSimpleApplication@542940b1
----------------- Done invoking toplevel() on ptolemy.moml.MoMLSimpleApplication@542940b1
reloadAllAccessors: .CannotProduceModal

===========================================================================================
----------------- testing Tue Jul 23 05:09:58 UTC 2019 /home/travis/build/icyphy/ptII/ptolemy/domains/modal/test/auto/Case.xml
----------------- Instantiating /home/travis/build/icyphy/ptII/ptolemy/domains/modal/test/auto/Case.xml
28 ms. Memory: 186368K Free: 167096K (90%)
----------------- Invoking toplevel() on ptolemy.moml.MoMLSimpleApplication@66676cff
----------------- Done invoking toplevel() on ptolemy.moml.MoMLSimpleApplication@66676cff
reloadAllAccessors: .Case

===========================================================================================
----------------- testing Tue Jul 23 05:09:58 UTC 2019 /home/travis/build/icyphy/ptII/ptolemy/domains/modal/test/auto/Case1.xml
----------------- Instantiating /home/travis/build/icyphy/ptII/ptolemy/domains/modal/test/auto/Case1.xml
9 ms. Memory: 186368K Free: 159222K (85%)
----------------- Invoking toplevel() on ptolemy.moml.MoMLSimpleApplication@120d4107
----------------- Done invoking toplevel() on ptolemy.moml.MoMLSimpleApplication@120d4107
reloadAllAccessors: .Case1

===========================================================================================
----------------- testing Tue Jul 23 05:09:58 UTC 2019 /home/travis/build/icyphy/ptII/ptolemy/domains/modal/test/auto/Case2.xml
----------------- Instantiating /home/travis/build/icyphy/ptII/ptolemy/domains/modal/test/auto/Case2.xml
30 ms. Memory: 186368K Free: 148468K (80%)
----------------- Invoking toplevel() on ptolemy.moml.MoMLSimpleApplication@39e1143
----------------- Done invoking toplevel() on ptolemy.moml.MoMLSimpleApplication@39e1143
reloadAllAccessors: .Case2

===========================================================================================
----------------- testing Tue Jul 23 05:09:58 UTC 2019 /home/travis/build/icyphy/ptII/ptolemy/domains/modal/test/auto/CausalityInterface1.xml
----------------- Instantiating /home/travis/build/icyphy/ptII/ptolemy/domains/modal/test/auto/CausalityInterface1.xml
6 ms. Memory: 186368K Free: 143348K (77%)
----------------- Invoking toplevel() on ptolemy.moml.MoMLSimpleApplication@21b7e6bc
----------------- Done invoking toplevel() on ptolemy.moml.MoMLSimpleApplication@21b7e6bc
reloadAllAccessors: .CausalityInterface1

===========================================================================================
----------------- testing Tue Jul 23 05:09:58 UTC 2019 /home/travis/build/icyphy/ptII/ptolemy/domains/modal/test/auto/CausalityInterface10.xml
----------------- Instantiating /home/travis/build/icyphy/ptII/ptolemy/domains/modal/test/auto/CausalityInterface10.xml
17 ms. Memory: 186368K Free: 130022K (70%)
----------------- Invoking toplevel() on ptolemy.moml.MoMLSimpleApplication@28125efa
----------------- Done invoking toplevel() on ptolemy.moml.MoMLSimpleApplication@28125efa
reloadAllAccessors: .CausalityInterface10

===========================================================================================
----------------- testing Tue Jul 23 05:09:58 UTC 2019 /home/travis/build/icyphy/ptII/ptolemy/domains/modal/test/auto/CausalityInterface11.xml
----------------- Instantiating /home/travis/build/icyphy/ptII/ptolemy/domains/modal/test/auto/CausalityInterface11.xml
8 ms. Memory: 186368K Free: 116694K (63%)
----------------- Invoking toplevel() on ptolemy.moml.MoMLSimpleApplication@14cf2c7f
----------------- Done invoking toplevel() on ptolemy.moml.MoMLSimpleApplication@14cf2c7f
reloadAllAccessors: .CausalityInterface11

===========================================================================================
----------------- testing Tue Jul 23 05:09:58 UTC 2019 /home/travis/build/icyphy/ptII/ptolemy/domains/modal/test/auto/CausalityInterface12.xml
----------------- Instantiating /home/travis/build/icyphy/ptII/ptolemy/domains/modal/test/auto/CausalityInterface12.xml
8 ms. Memory: 186368K Free: 103382K (55%)
----------------- Invoking toplevel() on ptolemy.moml.MoMLSimpleApplication@5025255c
----------------- Done invoking toplevel() on ptolemy.moml.MoMLSimpleApplication@5025255c
reloadAllAccessors: .CausalityInterface12

===========================================================================================
----------------- testing Tue Jul 23 05:09:58 UTC 2019 /home/travis/build/icyphy/ptII/ptolemy/domains/modal/test/auto/CausalityInterface13.xml
----------------- Instantiating /home/travis/build/icyphy/ptII/ptolemy/domains/modal/test/auto/CausalityInterface13.xml
10 ms. Memory: 186368K Free: 89590K (48%)
----------------- Invoking toplevel() on ptolemy.moml.MoMLSimpleApplication@39225cc8
----------------- Done invoking toplevel() on ptolemy.moml.MoMLSimpleApplication@39225cc8
reloadAllAccessors: .CausalityInterface13

===========================================================================================
----------------- testing Tue Jul 23 05:09:58 UTC 2019 /home/travis/build/icyphy/ptII/ptolemy/domains/modal/test/auto/CausalityInterface14.xml
----------------- Instantiating /home/travis/build/icyphy/ptII/ptolemy/domains/modal/test/auto/CausalityInterface14.xml
11 ms. Memory: 186368K Free: 75750K (41%)
----------------- Invoking toplevel() on ptolemy.moml.MoMLSimpleApplication@3c6c67aa
----------------- Done invoking toplevel() on ptolemy.moml.MoMLSimpleApplication@3c6c67aa
reloadAllAccessors: .CausalityInterface14

===========================================================================================
----------------- testing Tue Jul 23 05:09:58 UTC 2019 /home/travis/build/icyphy/ptII/ptolemy/domains/modal/test/auto/CausalityInterface2.xml
----------------- Instantiating /home/travis/build/icyphy/ptII/ptolemy/domains/modal/test/auto/CausalityInterface2.xml
3 ms. Memory: 186368K Free: 69614K (37%)
----------------- Invoking toplevel() on ptolemy.moml.MoMLSimpleApplication@65870392
----------------- Done invoking toplevel() on ptolemy.moml.MoMLSimpleApplication@65870392
reloadAllAccessors: .CausalityInterface2

===========================================================================================
----------------- testing Tue Jul 23 05:09:58 UTC 2019 /home/travis/build/icyphy/ptII/ptolemy/domains/modal/test/auto/CausalityInterface3.xml
----------------- Instantiating /home/travis/build/icyphy/ptII/ptolemy/domains/modal/test/auto/CausalityInterface3.xml
4 ms. Memory: 186368K Free: 63470K (34%)
----------------- Invoking toplevel() on ptolemy.moml.MoMLSimpleApplication@e137a45
----------------- Done invoking toplevel() on ptolemy.moml.MoMLSimpleApplication@e137a45
reloadAllAccessors: .CausalityInterface3

===========================================================================================
----------------- testing Tue Jul 23 05:09:58 UTC 2019 /home/travis/build/icyphy/ptII/ptolemy/domains/modal/test/auto/CausalityInterface4.xml
----------------- Instantiating /home/travis/build/icyphy/ptII/ptolemy/domains/modal/test/auto/CausalityInterface4.xml
6 ms. Memory: 186368K Free: 163849K (88%)
----------------- Invoking toplevel() on ptolemy.moml.MoMLSimpleApplication@2b8d3adb
----------------- Done invoking toplevel() on ptolemy.moml.MoMLSimpleApplication@2b8d3adb
reloadAllAccessors: .CausalityInterface4

===========================================================================================
----------------- testing Tue Jul 23 05:09:58 UTC 2019 /home/travis/build/icyphy/ptII/ptolemy/domains/modal/test/auto/CausalityInterface5.xml
----------------- Instantiating /home/travis/build/icyphy/ptII/ptolemy/domains/modal/test/auto/CausalityInterface5.xml
6 ms. Memory: 186368K Free: 155657K (84%)
----------------- Invoking toplevel() on ptolemy.moml.MoMLSimpleApplication@3c20f788
----------------- Done invoking toplevel() on ptolemy.moml.MoMLSimpleApplication@3c20f788
reloadAllAccessors: .CausalityInterface5

===========================================================================================
----------------- testing Tue Jul 23 05:09:58 UTC 2019 /home/travis/build/icyphy/ptII/ptolemy/domains/modal/test/auto/CausalityInterface6.xml
----------------- Instantiating /home/travis/build/icyphy/ptII/ptolemy/domains/modal/test/auto/CausalityInterface6.xml
5 ms. Memory: 186368K Free: 147465K (79%)
----------------- Invoking toplevel() on ptolemy.moml.MoMLSimpleApplication@2928fe6e
----------------- Done invoking toplevel() on ptolemy.moml.MoMLSimpleApplication@2928fe6e
reloadAllAccessors: .CausalityInterface6

===========================================================================================
----------------- testing Tue Jul 23 05:09:58 UTC 2019 /home/travis/build/icyphy/ptII/ptolemy/domains/modal/test/auto/CausalityInterface7.xml
----------------- Instantiating /home/travis/build/icyphy/ptII/ptolemy/domains/modal/test/auto/CausalityInterface7.xml
7 ms. Memory: 186368K Free: 139257K (75%)
----------------- Invoking toplevel() on ptolemy.moml.MoMLSimpleApplication@7db48b
----------------- Done invoking toplevel() on ptolemy.moml.MoMLSimpleApplication@7db48b
reloadAllAccessors: .CausalityInterface7

===========================================================================================
----------------- testing Tue Jul 23 05:09:58 UTC 2019 /home/travis/build/icyphy/ptII/ptolemy/domains/modal/test/auto/CausalityInterface8.xml
----------------- Instantiating /home/travis/build/icyphy/ptII/ptolemy/domains/modal/test/auto/CausalityInterface8.xml
4 ms. Memory: 186368K Free: 131095K (70%)
----------------- Invoking toplevel() on ptolemy.moml.MoMLSimpleApplication@7e539c7
----------------- Done invoking toplevel() on ptolemy.moml.MoMLSimpleApplication@7e539c7
reloadAllAccessors: .CausalityInterface8

===========================================================================================
----------------- testing Tue Jul 23 05:09:58 UTC 2019 /home/travis/build/icyphy/ptII/ptolemy/domains/modal/test/auto/CausalityInterface9.xml
----------------- Instantiating /home/travis/build/icyphy/ptII/ptolemy/domains/modal/test/auto/CausalityInterface9.xml
7 ms. Memory: 186368K Free: 121879K (65%)
----------------- Invoking toplevel() on ptolemy.moml.MoMLSimpleApplication@38b6183a
----------------- Done invoking toplevel() on ptolemy.moml.MoMLSimpleApplication@38b6183a
reloadAllAccessors: .CausalityInterface9

===========================================================================================
----------------- testing Tue Jul 23 05:09:58 UTC 2019 /home/travis/build/icyphy/ptII/ptolemy/domains/modal/test/auto/ChainedTransitions.xml
----------------- Instantiating /home/travis/build/icyphy/ptII/ptolemy/domains/modal/test/auto/ChainedTransitions.xml
95 ms. Memory: 186368K Free: 97289K (52%)
----------------- Invoking toplevel() on ptolemy.moml.MoMLSimpleApplication@2a635cb7
----------------- Done invoking toplevel() on ptolemy.moml.MoMLSimpleApplication@2a635cb7
reloadAllAccessors: .ChainedTransitions

===========================================================================================
----------------- testing Tue Jul 23 05:09:59 UTC 2019 /home/travis/build/icyphy/ptII/ptolemy/domains/modal/test/auto/CycleOfImmediateTransitionsFSM.xml
----------------- Instantiating /home/travis/build/icyphy/ptII/ptolemy/domains/modal/test/auto/CycleOfImmediateTransitionsFSM.xml
4 ms. Memory: 186368K Free: 91159K (49%)
----------------- Invoking toplevel() on ptolemy.moml.MoMLSimpleApplication@62a33338
----------------- Done invoking toplevel() on ptolemy.moml.MoMLSimpleApplication@62a33338
reloadAllAccessors: .CycleOfImmediateTransitionsFSM

===========================================================================================
----------------- testing Tue Jul 23 05:09:59 UTC 2019 /home/travis/build/icyphy/ptII/ptolemy/domains/modal/test/auto/CycleOfImmediateTransitionsModal.xml
----------------- Instantiating /home/travis/build/icyphy/ptII/ptolemy/domains/modal/test/auto/CycleOfImmediateTransitionsModal.xml
4 ms. Memory: 186368K Free: 85015K (46%)
----------------- Invoking toplevel() on ptolemy.moml.MoMLSimpleApplication@3e2f8645
----------------- Done invoking toplevel() on ptolemy.moml.MoMLSimpleApplication@3e2f8645
reloadAllAccessors: .CycleOfImmediateTransitionsModal

===========================================================================================
----------------- testing Tue Jul 23 05:09:59 UTC 2019 /home/travis/build/icyphy/ptII/ptolemy/domains/modal/test/auto/CycleOfImmediateTransitionsModal2.xml
----------------- Instantiating /home/travis/build/icyphy/ptII/ptolemy/domains/modal/test/auto/CycleOfImmediateTransitionsModal2.xml
2 ms. Memory: 186368K Free: 78361K (42%)
----------------- Invoking toplevel() on ptolemy.moml.MoMLSimpleApplication@3371de7b
----------------- Done invoking toplevel() on ptolemy.moml.MoMLSimpleApplication@3371de7b
reloadAllAccessors: .CycleOfImmediateTransitionsModal2

===========================================================================================
----------------- testing Tue Jul 23 05:09:59 UTC 2019 /home/travis/build/icyphy/ptII/ptolemy/domains/modal/test/auto/CycleOfImmediateTransitionsModal3.xml
----------------- Instantiating /home/travis/build/icyphy/ptII/ptolemy/domains/modal/test/auto/CycleOfImmediateTransitionsModal3.xml
6 ms. Memory: 186368K Free: 162250K (87%)
----------------- Invoking toplevel() on ptolemy.moml.MoMLSimpleApplication@6863730d
----------------- Done invoking toplevel() on ptolemy.moml.MoMLSimpleApplication@6863730d
reloadAllAccessors: .CycleOfImmediateTransitionsModal3

===========================================================================================
----------------- testing Tue Jul 23 05:09:59 UTC 2019 /home/travis/build/icyphy/ptII/ptolemy/domains/modal/test/auto/DeepModal1.xml
----------------- Instantiating /home/travis/build/icyphy/ptII/ptolemy/domains/modal/test/auto/DeepModal1.xml
33 ms. Memory: 186368K Free: 148394K (80%)
----------------- Invoking toplevel() on ptolemy.moml.MoMLSimpleApplication@72b530c7
----------------- Done invoking toplevel() on ptolemy.moml.MoMLSimpleApplication@72b530c7
reloadAllAccessors: .DeepModal1

===========================================================================================
----------------- testing Tue Jul 23 05:09:59 UTC 2019 /home/travis/build/icyphy/ptII/ptolemy/domains/modal/test/auto/DeepModal2.xml
----------------- Instantiating /home/travis/build/icyphy/ptII/ptolemy/domains/modal/test/auto/DeepModal2.xml
26 ms. Memory: 186368K Free: 129482K (69%)
----------------- Invoking toplevel() on ptolemy.moml.MoMLSimpleApplication@29b462b8
----------------- Done invoking toplevel() on ptolemy.moml.MoMLSimpleApplication@29b462b8
reloadAllAccessors: .DeepModal2

===========================================================================================
----------------- testing Tue Jul 23 05:09:59 UTC 2019 /home/travis/build/icyphy/ptII/ptolemy/domains/modal/test/auto/DeepModal3.xml
----------------- Instantiating /home/travis/build/icyphy/ptII/ptolemy/domains/modal/test/auto/DeepModal3.xml
33 ms. Memory: 186368K Free: 110026K (59%)
----------------- Invoking toplevel() on ptolemy.moml.MoMLSimpleApplication@36b33f94
----------------- Done invoking toplevel() on ptolemy.moml.MoMLSimpleApplication@36b33f94
reloadAllAccessors: .DeepModal3

===========================================================================================
----------------- testing Tue Jul 23 05:09:59 UTC 2019 /home/travis/build/icyphy/ptII/ptolemy/domains/modal/test/auto/DeepModal4.xml
----------------- Instantiating /home/travis/build/icyphy/ptII/ptolemy/domains/modal/test/auto/DeepModal4.xml
28 ms. Memory: 186368K Free: 91066K (49%)
----------------- Invoking toplevel() on ptolemy.moml.MoMLSimpleApplication@151e042a
----------------- Done invoking toplevel() on ptolemy.moml.MoMLSimpleApplication@151e042a
reloadAllAccessors: .DeepModal4

===========================================================================================
----------------- testing Tue Jul 23 05:09:59 UTC 2019 /home/travis/build/icyphy/ptII/ptolemy/domains/modal/test/auto/Default1.xml
----------------- Instantiating /home/travis/build/icyphy/ptII/ptolemy/domains/modal/test/auto/Default1.xml
2 ms. Memory: 186368K Free: 84936K (46%)
----------------- Invoking toplevel() on ptolemy.moml.MoMLSimpleApplication@6a8d3464
----------------- Done invoking toplevel() on ptolemy.moml.MoMLSimpleApplication@6a8d3464
reloadAllAccessors: .Default1

===========================================================================================
----------------- testing Tue Jul 23 05:09:59 UTC 2019 /home/travis/build/icyphy/ptII/ptolemy/domains/modal/test/auto/Default2.xml
----------------- Instantiating /home/travis/build/icyphy/ptII/ptolemy/domains/modal/test/auto/Default2.xml
10 ms. Memory: 186368K Free: 79306K (43%)
----------------- Invoking toplevel() on ptolemy.moml.MoMLSimpleApplication@5f7a60fa
----------------- Done invoking toplevel() on ptolemy.moml.MoMLSimpleApplication@5f7a60fa
reloadAllAccessors: .Default2

===========================================================================================
----------------- testing Tue Jul 23 05:09:59 UTC 2019 /home/travis/build/icyphy/ptII/ptolemy/domains/modal/test/auto/Default3.xml
----------------- Instantiating /home/travis/build/icyphy/ptII/ptolemy/domains/modal/test/auto/Default3.xml
6 ms. Memory: 186368K Free: 72648K (39%)
----------------- Invoking toplevel() on ptolemy.moml.MoMLSimpleApplication@71d6ac47
----------------- Done invoking toplevel() on ptolemy.moml.MoMLSimpleApplication@71d6ac47
reloadAllAccessors: .Default3

===========================================================================================
----------------- testing Tue Jul 23 05:09:59 UTC 2019 /home/travis/build/icyphy/ptII/ptolemy/domains/modal/test/auto/Default4.xml
----------------- Instantiating /home/travis/build/icyphy/ptII/ptolemy/domains/modal/test/auto/Default4.xml
5 ms. Memory: 186368K Free: 66504K (36%)
----------------- Invoking toplevel() on ptolemy.moml.MoMLSimpleApplication@5a7d1bfc
----------------- Done invoking toplevel() on ptolemy.moml.MoMLSimpleApplication@5a7d1bfc
reloadAllAccessors: .Default4

===========================================================================================
----------------- testing Tue Jul 23 05:09:59 UTC 2019 /home/travis/build/icyphy/ptII/ptolemy/domains/modal/test/auto/Default5.xml
----------------- Instantiating /home/travis/build/icyphy/ptII/ptolemy/domains/modal/test/auto/Default5.xml
4 ms. Memory: 224256K Free: 202713K (90%)
----------------- Invoking toplevel() on ptolemy.moml.MoMLSimpleApplication@27b0753
----------------- Done invoking toplevel() on ptolemy.moml.MoMLSimpleApplication@27b0753
reloadAllAccessors: .Default5

===========================================================================================
----------------- testing Tue Jul 23 05:09:59 UTC 2019 /home/travis/build/icyphy/ptII/ptolemy/domains/modal/test/auto/EmptyGuard.xml
----------------- Instantiating /home/travis/build/icyphy/ptII/ptolemy/domains/modal/test/auto/EmptyGuard.xml
13 ms. Memory: 224256K Free: 194529K (87%)
----------------- Invoking toplevel() on ptolemy.moml.MoMLSimpleApplication@302baf72
----------------- Done invoking toplevel() on ptolemy.moml.MoMLSimpleApplication@302baf72
reloadAllAccessors: .EmptyGuard

===========================================================================================
----------------- testing Tue Jul 23 05:09:59 UTC 2019 /home/travis/build/icyphy/ptII/ptolemy/domains/modal/test/auto/ErrorTransition1.xml
----------------- Instantiating /home/travis/build/icyphy/ptII/ptolemy/domains/modal/test/auto/ErrorTransition1.xml
11 ms. Memory: 224256K Free: 185833K (83%)
----------------- Invoking toplevel() on ptolemy.moml.MoMLSimpleApplication@6e6127ab
----------------- Done invoking toplevel() on ptolemy.moml.MoMLSimpleApplication@6e6127ab
reloadAllAccessors: .ErrorTransition1

===========================================================================================
----------------- testing Tue Jul 23 05:09:59 UTC 2019 /home/travis/build/icyphy/ptII/ptolemy/domains/modal/test/auto/ErrorTransition10.xml
----------------- Instantiating /home/travis/build/icyphy/ptII/ptolemy/domains/modal/test/auto/ErrorTransition10.xml
15 ms. Memory: 224256K Free: 172521K (77%)
----------------- Invoking toplevel() on ptolemy.moml.MoMLSimpleApplication@7e2c7c75
----------------- Done invoking toplevel() on ptolemy.moml.MoMLSimpleApplication@7e2c7c75
reloadAllAccessors: .ErrorTransition10

===========================================================================================
----------------- testing Tue Jul 23 05:09:59 UTC 2019 /home/travis/build/icyphy/ptII/ptolemy/domains/modal/test/auto/ErrorTransition11.xml
----------------- Instantiating /home/travis/build/icyphy/ptII/ptolemy/domains/modal/test/auto/ErrorTransition11.xml
7 ms. Memory: 224256K Free: 161257K (72%)
----------------- Invoking toplevel() on ptolemy.moml.MoMLSimpleApplication@7e0cd2af
----------------- Done invoking toplevel() on ptolemy.moml.MoMLSimpleApplication@7e0cd2af
reloadAllAccessors: .ErrorTransition11

===========================================================================================
----------------- testing Tue Jul 23 05:09:59 UTC 2019 /home/travis/build/icyphy/ptII/ptolemy/domains/modal/test/auto/ErrorTransition2.xml
----------------- Instantiating /home/travis/build/icyphy/ptII/ptolemy/domains/modal/test/auto/ErrorTransition2.xml
6 ms. Memory: 224256K Free: 152551K (68%)
----------------- Invoking toplevel() on ptolemy.moml.MoMLSimpleApplication@4f69c6da
----------------- Done invoking toplevel() on ptolemy.moml.MoMLSimpleApplication@4f69c6da
reloadAllAccessors: .ErrorTransition2

===========================================================================================
----------------- testing Tue Jul 23 05:09:59 UTC 2019 /home/travis/build/icyphy/ptII/ptolemy/domains/modal/test/auto/ErrorTransition3.xml
----------------- Instantiating /home/travis/build/icyphy/ptII/ptolemy/domains/modal/test/auto/ErrorTransition3.xml
18 ms. Memory: 224256K Free: 142825K (64%)
----------------- Invoking toplevel() on ptolemy.moml.MoMLSimpleApplication@178fbc67
----------------- Done invoking toplevel() on ptolemy.moml.MoMLSimpleApplication@178fbc67
reloadAllAccessors: .ErrorTransition3

===========================================================================================
----------------- testing Tue Jul 23 05:09:59 UTC 2019 /home/travis/build/icyphy/ptII/ptolemy/domains/modal/test/auto/ErrorTransition4.xml
----------------- Instantiating /home/travis/build/icyphy/ptII/ptolemy/domains/modal/test/auto/ErrorTransition4.xml
11 ms. Memory: 224256K Free: 131561K (59%)
----------------- Invoking toplevel() on ptolemy.moml.MoMLSimpleApplication@2ee65750
----------------- Done invoking toplevel() on ptolemy.moml.MoMLSimpleApplication@2ee65750
reloadAllAccessors: .ErrorTransition4

===========================================================================================
----------------- testing Tue Jul 23 05:09:59 UTC 2019 /home/travis/build/icyphy/ptII/ptolemy/domains/modal/test/auto/ErrorTransition5.xml
----------------- Instantiating /home/travis/build/icyphy/ptII/ptolemy/domains/modal/test/auto/ErrorTransition5.xml
6 ms. Memory: 224256K Free: 121321K (54%)
----------------- Invoking toplevel() on ptolemy.moml.MoMLSimpleApplication@686cac96
----------------- Done invoking toplevel() on ptolemy.moml.MoMLSimpleApplication@686cac96
reloadAllAccessors: .ErrorTransition5

===========================================================================================
----------------- testing Tue Jul 23 05:09:59 UTC 2019 /home/travis/build/icyphy/ptII/ptolemy/domains/modal/test/auto/ErrorTransition6.xml
----------------- Instantiating /home/travis/build/icyphy/ptII/ptolemy/domains/modal/test/auto/ErrorTransition6.xml
12 ms. Memory: 224256K Free: 110567K (49%)
----------------- Invoking toplevel() on ptolemy.moml.MoMLSimpleApplication@27b94665
----------------- Done invoking toplevel() on ptolemy.moml.MoMLSimpleApplication@27b94665
reloadAllAccessors: .ErrorTransition6

===========================================================================================
----------------- testing Tue Jul 23 05:10:00 UTC 2019 /home/travis/build/icyphy/ptII/ptolemy/domains/modal/test/auto/ErrorTransition7.xml
----------------- Instantiating /home/travis/build/icyphy/ptII/ptolemy/domains/modal/test/auto/ErrorTransition7.xml
20 ms. Memory: 224256K Free: 97769K (44%)
----------------- Invoking toplevel() on ptolemy.moml.MoMLSimpleApplication@63e651eb
----------------- Done invoking toplevel() on ptolemy.moml.MoMLSimpleApplication@63e651eb
reloadAllAccessors: .ErrorTransition7

===========================================================================================
----------------- testing Tue Jul 23 05:10:00 UTC 2019 /home/travis/build/icyphy/ptII/ptolemy/domains/modal/test/auto/ErrorTransition8.xml
----------------- Instantiating /home/travis/build/icyphy/ptII/ptolemy/domains/modal/test/auto/ErrorTransition8.xml
34 ms. Memory: 224256K Free: 84457K (38%)
----------------- Invoking toplevel() on ptolemy.moml.MoMLSimpleApplication@6f86cdc0
----------------- Done invoking toplevel() on ptolemy.moml.MoMLSimpleApplication@6f86cdc0
reloadAllAccessors: .ErrorTransition8

===========================================================================================
----------------- testing Tue Jul 23 05:10:00 UTC 2019 /home/travis/build/icyphy/ptII/ptolemy/domains/modal/test/auto/ErrorTransition9.xml
----------------- Instantiating /home/travis/build/icyphy/ptII/ptolemy/domains/modal/test/auto/ErrorTransition9.xml
7 ms. Memory: 224256K Free: 197121K (88%)
----------------- Invoking toplevel() on ptolemy.moml.MoMLSimpleApplication@6330c077
----------------- Done invoking toplevel() on ptolemy.moml.MoMLSimpleApplication@6330c077
reloadAllAccessors: .ErrorTransition9

===========================================================================================
----------------- testing Tue Jul 23 05:10:00 UTC 2019 /home/travis/build/icyphy/ptII/ptolemy/domains/modal/test/auto/ExtendedFSM.xml
----------------- Instantiating /home/travis/build/icyphy/ptII/ptolemy/domains/modal/test/auto/ExtendedFSM.xml
8 ms. Memory: 224256K Free: 188401K (84%)
----------------- Invoking toplevel() on ptolemy.moml.MoMLSimpleApplication@2b5868c
----------------- Done invoking toplevel() on ptolemy.moml.MoMLSimpleApplication@2b5868c
reloadAllAccessors: .ExtendedFSM

===========================================================================================
----------------- testing Tue Jul 23 05:10:00 UTC 2019 /home/travis/build/icyphy/ptII/ptolemy/domains/modal/test/auto/FinalStates.xml
----------------- Instantiating /home/travis/build/icyphy/ptII/ptolemy/domains/modal/test/auto/FinalStates.xml
7 ms. Memory: 224256K Free: 180193K (80%)
----------------- Invoking toplevel() on ptolemy.moml.MoMLSimpleApplication@1fcc857f
----------------- Done invoking toplevel() on ptolemy.moml.MoMLSimpleApplication@1fcc857f
reloadAllAccessors: .FinalStates

===========================================================================================
----------------- testing Tue Jul 23 05:10:00 UTC 2019 /home/travis/build/icyphy/ptII/ptolemy/domains/modal/test/auto/FixedPointFSM.xml
----------------- Instantiating /home/travis/build/icyphy/ptII/ptolemy/domains/modal/test/auto/FixedPointFSM.xml
22 ms. Memory: 224256K Free: 165377K (74%)
----------------- Invoking toplevel() on ptolemy.moml.MoMLSimpleApplication@6c9aafbd
----------------- Done invoking toplevel() on ptolemy.moml.MoMLSimpleApplication@6c9aafbd
reloadAllAccessors: .FixedPointFSM

===========================================================================================
----------------- testing Tue Jul 23 05:10:00 UTC 2019 /home/travis/build/icyphy/ptII/ptolemy/domains/modal/test/auto/FixedPointIterationFSMActor.xml
----------------- Instantiating /home/travis/build/icyphy/ptII/ptolemy/domains/modal/test/auto/FixedPointIterationFSMActor.xml
8 ms. Memory: 224256K Free: 154617K (69%)
----------------- Invoking toplevel() on ptolemy.moml.MoMLSimpleApplication@526219ea
----------------- Done invoking toplevel() on ptolemy.moml.MoMLSimpleApplication@526219ea
reloadAllAccessors: .FixedPointIterationFSMActor

===========================================================================================
----------------- testing Tue Jul 23 05:10:00 UTC 2019 /home/travis/build/icyphy/ptII/ptolemy/domains/modal/test/auto/FixedPointIterationFSMActor2.xml
----------------- Instantiating /home/travis/build/icyphy/ptII/ptolemy/domains/modal/test/auto/FixedPointIterationFSMActor2.xml
16 ms. Memory: 224256K Free: 142849K (64%)
----------------- Invoking toplevel() on ptolemy.moml.MoMLSimpleApplication@6361e664
----------------- Done invoking toplevel() on ptolemy.moml.MoMLSimpleApplication@6361e664
reloadAllAccessors: .FixedPointIterationFSMActor2

===========================================================================================
----------------- testing Tue Jul 23 05:10:00 UTC 2019 /home/travis/build/icyphy/ptII/ptolemy/domains/modal/test/auto/ForbiddenInstantanousLoop.xml
----------------- Instantiating /home/travis/build/icyphy/ptII/ptolemy/domains/modal/test/auto/ForbiddenInstantanousLoop.xml
10 ms. Memory: 224256K Free: 130561K (58%)
----------------- Invoking toplevel() on ptolemy.moml.MoMLSimpleApplication@20f0e5a2
----------------- Done invoking toplevel() on ptolemy.moml.MoMLSimpleApplication@20f0e5a2
reloadAllAccessors: .ForbiddenInstantanousLoop

===========================================================================================
----------------- testing Tue Jul 23 05:10:00 UTC 2019 /home/travis/build/icyphy/ptII/ptolemy/domains/modal/test/auto/FunctionDependencyOfFSMActorTest.xml
----------------- Instantiating /home/travis/build/icyphy/ptII/ptolemy/domains/modal/test/auto/FunctionDependencyOfFSMActorTest.xml
24 ms. Memory: 224256K Free: 123873K (55%)
----------------- Invoking toplevel() on ptolemy.moml.MoMLSimpleApplication@21f90462
----------------- Done invoking toplevel() on ptolemy.moml.MoMLSimpleApplication@21f90462
reloadAllAccessors: .FunctionDependencyOfFSMActorTest

===========================================================================================
----------------- testing Tue Jul 23 05:10:00 UTC 2019 /home/travis/build/icyphy/ptII/ptolemy/domains/modal/test/auto/GuardExpression.xml
----------------- Instantiating /home/travis/build/icyphy/ptII/ptolemy/domains/modal/test/auto/GuardExpression.xml
2 ms. Memory: 224256K Free: 118783K (53%)
----------------- Invoking toplevel() on ptolemy.moml.MoMLSimpleApplication@5ebf3b3
----------------- Done invoking toplevel() on ptolemy.moml.MoMLSimpleApplication@5ebf3b3
reloadAllAccessors: .GuardExpression

===========================================================================================
----------------- testing Tue Jul 23 05:10:00 UTC 2019 /home/travis/build/icyphy/ptII/ptolemy/domains/modal/test/auto/GuardNotEvaluated.xml
----------------- Instantiating /home/travis/build/icyphy/ptII/ptolemy/domains/modal/test/auto/GuardNotEvaluated.xml
6 ms. Memory: 224256K Free: 110081K (49%)
----------------- Invoking toplevel() on ptolemy.moml.MoMLSimpleApplication@6cc2ea07
----------------- Done invoking toplevel() on ptolemy.moml.MoMLSimpleApplication@6cc2ea07
reloadAllAccessors: .GuardNotEvaluated

===========================================================================================
----------------- testing Tue Jul 23 05:10:00 UTC 2019 /home/travis/build/icyphy/ptII/ptolemy/domains/modal/test/auto/GuardNotEvaluated2.xml
----------------- Instantiating /home/travis/build/icyphy/ptII/ptolemy/domains/modal/test/auto/GuardNotEvaluated2.xml
6 ms. Memory: 224256K Free: 100351K (45%)
----------------- Invoking toplevel() on ptolemy.moml.MoMLSimpleApplication@49410b7a
----------------- Done invoking toplevel() on ptolemy.moml.MoMLSimpleApplication@49410b7a
reloadAllAccessors: .GuardNotEvaluated2

===========================================================================================
----------------- testing Tue Jul 23 05:10:00 UTC 2019 /home/travis/build/icyphy/ptII/ptolemy/domains/modal/test/auto/GuardOnAbsent.xml
----------------- Instantiating /home/travis/build/icyphy/ptII/ptolemy/domains/modal/test/auto/GuardOnAbsent.xml
7 ms. Memory: 224256K Free: 92673K (41%)
----------------- Invoking toplevel() on ptolemy.moml.MoMLSimpleApplication@7c9bf458
----------------- Done invoking toplevel() on ptolemy.moml.MoMLSimpleApplication@7c9bf458
reloadAllAccessors: .GuardOnAbsent

===========================================================================================
----------------- testing Tue Jul 23 05:10:00 UTC 2019 /home/travis/build/icyphy/ptII/ptolemy/domains/modal/test/auto/HierarchicalFSMTypeInference.xml
----------------- Instantiating /home/travis/build/icyphy/ptII/ptolemy/domains/modal/test/auto/HierarchicalFSMTypeInference.xml
3 ms. Memory: 224256K Free: 81919K (37%)
----------------- Invoking toplevel() on ptolemy.moml.MoMLSimpleApplication@6948b4d6
----------------- Done invoking toplevel() on ptolemy.moml.MoMLSimpleApplication@6948b4d6
reloadAllAccessors: .HierarchicalFSMTypeInference

===========================================================================================
----------------- testing Tue Jul 23 05:10:00 UTC 2019 /home/travis/build/icyphy/ptII/ptolemy/domains/modal/test/auto/Hysteresis.xml
----------------- Instantiating /home/travis/build/icyphy/ptII/ptolemy/domains/modal/test/auto/Hysteresis.xml
11 ms. Memory: 224256K Free: 196522K (88%)
----------------- Invoking toplevel() on ptolemy.moml.MoMLSimpleApplication@4f4407e9
----------------- Done invoking toplevel() on ptolemy.moml.MoMLSimpleApplication@4f4407e9
reloadAllAccessors: .Hysteresis

===========================================================================================
----------------- testing Tue Jul 23 05:10:00 UTC 2019 /home/travis/build/icyphy/ptII/ptolemy/domains/modal/test/auto/HysteresisWithDefault.xml
----------------- Instantiating /home/travis/build/icyphy/ptII/ptolemy/domains/modal/test/auto/HysteresisWithDefault.xml
46 ms. Memory: 224256K Free: 173514K (77%)
----------------- Invoking toplevel() on ptolemy.moml.MoMLSimpleApplication@68baa6f1
----------------- Done invoking toplevel() on ptolemy.moml.MoMLSimpleApplication@68baa6f1
reloadAllAccessors: .HysteresisWithDefault

===========================================================================================
----------------- testing Tue Jul 23 05:10:00 UTC 2019 /home/travis/build/icyphy/ptII/ptolemy/domains/modal/test/auto/HysteresisWithDefault2.xml
----------------- Instantiating /home/travis/build/icyphy/ptII/ptolemy/domains/modal/test/auto/HysteresisWithDefault2.xml
51 ms. Memory: 224256K Free: 144328K (64%)
----------------- Invoking toplevel() on ptolemy.moml.MoMLSimpleApplication@506c6b62
----------------- Done invoking toplevel() on ptolemy.moml.MoMLSimpleApplication@506c6b62
reloadAllAccessors: .HysteresisWithDefault2

===========================================================================================
----------------- testing Tue Jul 23 05:10:00 UTC 2019 /home/travis/build/icyphy/ptII/ptolemy/domains/modal/test/auto/ImmediateNonConstructiveness.xml
----------------- Instantiating /home/travis/build/icyphy/ptII/ptolemy/domains/modal/test/auto/ImmediateNonConstructiveness.xml
4 ms. Memory: 224256K Free: 137146K (61%)
----------------- Invoking toplevel() on ptolemy.moml.MoMLSimpleApplication@5454e43d
----------------- Done invoking toplevel() on ptolemy.moml.MoMLSimpleApplication@5454e43d
reloadAllAccessors: .ImmediateNonConstructiveness

===========================================================================================
----------------- testing Tue Jul 23 05:10:00 UTC 2019 /home/travis/build/icyphy/ptII/ptolemy/domains/modal/test/auto/ImmediateNonConstructiveness2.xml
----------------- Instantiating /home/travis/build/icyphy/ptII/ptolemy/domains/modal/test/auto/ImmediateNonConstructiveness2.xml
2 ms. Memory: 224256K Free: 130506K (58%)
----------------- Invoking toplevel() on ptolemy.moml.MoMLSimpleApplication@21506200
----------------- Done invoking toplevel() on ptolemy.moml.MoMLSimpleApplication@21506200
reloadAllAccessors: .ImmediateNonConstructiveness2

===========================================================================================
----------------- testing Tue Jul 23 05:10:00 UTC 2019 /home/travis/build/icyphy/ptII/ptolemy/domains/modal/test/auto/ImmediateTransitionReset.xml
----------------- Instantiating /home/travis/build/icyphy/ptII/ptolemy/domains/modal/test/auto/ImmediateTransitionReset.xml
6 ms. Memory: 224256K Free: 118728K (53%)
----------------- Invoking toplevel() on ptolemy.moml.MoMLSimpleApplication@472485f8
----------------- Done invoking toplevel() on ptolemy.moml.MoMLSimpleApplication@472485f8
reloadAllAccessors: .ImmediateTransitionReset

===========================================================================================
----------------- testing Tue Jul 23 05:10:00 UTC 2019 /home/travis/build/icyphy/ptII/ptolemy/domains/modal/test/auto/ImmediateTransitions1.xml
----------------- Instantiating /home/travis/build/icyphy/ptII/ptolemy/domains/modal/test/auto/ImmediateTransitions1.xml
1 ms. Memory: 224256K Free: 113608K (51%)
----------------- Invoking toplevel() on ptolemy.moml.MoMLSimpleApplication@555ccd6c
----------------- Done invoking toplevel() on ptolemy.moml.MoMLSimpleApplication@555ccd6c
reloadAllAccessors: .ImmediateTransitions1

===========================================================================================
----------------- testing Tue Jul 23 05:10:00 UTC 2019 /home/travis/build/icyphy/ptII/ptolemy/domains/modal/test/auto/ImmediateTransitionsInstantaneousCommunication.xml
----------------- Instantiating /home/travis/build/icyphy/ptII/ptolemy/domains/modal/test/auto/ImmediateTransitionsInstantaneousCommunication.xml
4 ms. Memory: 224256K Free: 101306K (45%)
----------------- Invoking toplevel() on ptolemy.moml.MoMLSimpleApplication@16691a20
----------------- Done invoking toplevel() on ptolemy.moml.MoMLSimpleApplication@16691a20
reloadAllAccessors: .ImmediateTransitionsInstantaneousCommunication

===========================================================================================
----------------- testing Tue Jul 23 05:10:00 UTC 2019 /home/travis/build/icyphy/ptII/ptolemy/domains/modal/test/auto/InitialImmediateTransition.xml
----------------- Instantiating /home/travis/build/icyphy/ptII/ptolemy/domains/modal/test/auto/InitialImmediateTransition.xml
5 ms. Memory: 224256K Free: 94146K (42%)
----------------- Invoking toplevel() on ptolemy.moml.MoMLSimpleApplication@51ae76e9
----------------- Done invoking toplevel() on ptolemy.moml.MoMLSimpleApplication@51ae76e9
reloadAllAccessors: .InitialImmediateTransition

===========================================================================================
----------------- testing Tue Jul 23 05:10:00 UTC 2019 /home/travis/build/icyphy/ptII/ptolemy/domains/modal/test/auto/InitialOutputs.xml
----------------- Instantiating /home/travis/build/icyphy/ptII/ptolemy/domains/modal/test/auto/InitialOutputs.xml
3 ms. Memory: 224256K Free: 88008K (39%)
----------------- Invoking toplevel() on ptolemy.moml.MoMLSimpleApplication@6497f300
----------------- Done invoking toplevel() on ptolemy.moml.MoMLSimpleApplication@6497f300
reloadAllAccessors: .InitialOutputs

===========================================================================================
----------------- testing Tue Jul 23 05:10:00 UTC 2019 /home/travis/build/icyphy/ptII/ptolemy/domains/modal/test/auto/InitialStateTransition1.xml
----------------- Instantiating /home/travis/build/icyphy/ptII/ptolemy/domains/modal/test/auto/InitialStateTransition1.xml
5 ms. Memory: 224256K Free: 80840K (36%)
----------------- Invoking toplevel() on ptolemy.moml.MoMLSimpleApplication@422f860f
----------------- Done invoking toplevel() on ptolemy.moml.MoMLSimpleApplication@422f860f
reloadAllAccessors: .InitialStateTransition1

===========================================================================================
----------------- testing Tue Jul 23 05:10:01 UTC 2019 /home/travis/build/icyphy/ptII/ptolemy/domains/modal/test/auto/InitialStateTransition2.xml
----------------- Instantiating /home/travis/build/icyphy/ptII/ptolemy/domains/modal/test/auto/InitialStateTransition2.xml
.InitialStateTransition2.TestExceptionAttributeNonConstructive: initialize() was not invoked, but wrapup() was.  This is unusual, but not always a problem.  For example, exporting JNLP will do this.
1 ms. Memory: 224256K Free: 202184K (90%)
----------------- Invoking toplevel() on ptolemy.moml.MoMLSimpleApplication@595f3ba2
----------------- Done invoking toplevel() on ptolemy.moml.MoMLSimpleApplication@595f3ba2
reloadAllAccessors: .InitialStateTransition2

===========================================================================================
----------------- testing Tue Jul 23 05:10:01 UTC 2019 /home/travis/build/icyphy/ptII/ptolemy/domains/modal/test/auto/InitialStateTransition3.xml
----------------- Instantiating /home/travis/build/icyphy/ptII/ptolemy/domains/modal/test/auto/InitialStateTransition3.xml
5 ms. Memory: 224256K Free: 193992K (87%)
----------------- Invoking toplevel() on ptolemy.moml.MoMLSimpleApplication@7f4a0a28
----------------- Done invoking toplevel() on ptolemy.moml.MoMLSimpleApplication@7f4a0a28
reloadAllAccessors: .InitialStateTransition3

===========================================================================================
----------------- testing Tue Jul 23 05:10:01 UTC 2019 /home/travis/build/icyphy/ptII/ptolemy/domains/modal/test/auto/InitialStateTransition4.xml
----------------- Instantiating /home/travis/build/icyphy/ptII/ptolemy/domains/modal/test/auto/InitialStateTransition4.xml
3 ms. Memory: 224256K Free: 184776K (82%)
----------------- Invoking toplevel() on ptolemy.moml.MoMLSimpleApplication@7f00f26b
----------------- Done invoking toplevel() on ptolemy.moml.MoMLSimpleApplication@7f00f26b
[...]
reloadAllAccessors: .TerminationTransition3

===========================================================================================
----------------- testing Tue Jul 23 05:10:02 UTC 2019 /home/travis/build/icyphy/ptII/ptolemy/domains/modal/test/auto/TerminationTransition4.xml
----------------- Instantiating /home/travis/build/icyphy/ptII/ptolemy/domains/modal/test/auto/TerminationTransition4.xml
6 ms. Memory: 287744K Free: 121754K (42%)
----------------- Invoking toplevel() on ptolemy.moml.MoMLSimpleApplication@1d78ec9c
----------------- Done invoking toplevel() on ptolemy.moml.MoMLSimpleApplication@1d78ec9c
reloadAllAccessors: .TerminationTransition4

===========================================================================================
----------------- testing Tue Jul 23 05:10:03 UTC 2019 /home/travis/build/icyphy/ptII/ptolemy/domains/modal/test/auto/TerminationTransition5.xml
----------------- Instantiating /home/travis/build/icyphy/ptII/ptolemy/domains/modal/test/auto/TerminationTransition5.xml
2 ms. Memory: 287744K Free: 107928K (38%)
----------------- Invoking toplevel() on ptolemy.moml.MoMLSimpleApplication@48c0dc0d
----------------- Done invoking toplevel() on ptolemy.moml.MoMLSimpleApplication@48c0dc0d
reloadAllAccessors: .TerminationTransition5

===========================================================================================
----------------- testing Tue Jul 23 05:10:03 UTC 2019 /home/travis/build/icyphy/ptII/ptolemy/domains/modal/test/auto/TerminationTransition6.xml
----------------- Instantiating /home/travis/build/icyphy/ptII/ptolemy/domains/modal/test/auto/TerminationTransition6.xml
2 ms. Memory: 287744K Free: 265639K (92%)
----------------- Invoking toplevel() on ptolemy.moml.MoMLSimpleApplication@450affe2
----------------- Done invoking toplevel() on ptolemy.moml.MoMLSimpleApplication@450affe2
reloadAllAccessors: .TerminationTransition6

===========================================================================================
----------------- testing Tue Jul 23 05:10:03 UTC 2019 /home/travis/build/icyphy/ptII/ptolemy/domains/modal/test/auto/TerminationTransition7.xml
----------------- Instantiating /home/travis/build/icyphy/ptII/ptolemy/domains/modal/test/auto/TerminationTransition7.xml
2 ms. Memory: 287744K Free: 255747K (89%)
----------------- Invoking toplevel() on ptolemy.moml.MoMLSimpleApplication@3aba1523
----------------- Done invoking toplevel() on ptolemy.moml.MoMLSimpleApplication@3aba1523
reloadAllAccessors: .TerminationTransition7

===========================================================================================
----------------- testing Tue Jul 23 05:10:03 UTC 2019 /home/travis/build/icyphy/ptII/ptolemy/domains/modal/test/auto/TerminationTransition8.xml
----------------- Instantiating /home/travis/build/icyphy/ptII/ptolemy/domains/modal/test/auto/TerminationTransition8.xml
2 ms. Memory: 287744K Free: 246531K (86%)
----------------- Invoking toplevel() on ptolemy.moml.MoMLSimpleApplication@962973e
----------------- Done invoking toplevel() on ptolemy.moml.MoMLSimpleApplication@962973e
reloadAllAccessors: .TerminationTransition8

===========================================================================================
----------------- testing Tue Jul 23 05:10:03 UTC 2019 /home/travis/build/icyphy/ptII/ptolemy/domains/modal/test/auto/Thermostat_NoHysteresis.xml
----------------- Instantiating /home/travis/build/icyphy/ptII/ptolemy/domains/modal/test/auto/Thermostat_NoHysteresis.xml
26 ms. Memory: 287744K Free: 221955K (77%)
----------------- Invoking toplevel() on ptolemy.moml.MoMLSimpleApplication@1b106978
----------------- Done invoking toplevel() on ptolemy.moml.MoMLSimpleApplication@1b106978
reloadAllAccessors: .Thermostat_NoHysteresis

===========================================================================================
----------------- testing Tue Jul 23 05:10:03 UTC 2019 /home/travis/build/icyphy/ptII/ptolemy/domains/modal/test/auto/TimedFSM.xml
----------------- Instantiating /home/travis/build/icyphy/ptII/ptolemy/domains/modal/test/auto/TimedFSM.xml
8 ms. Memory: 287744K Free: 210181K (73%)
----------------- Invoking toplevel() on ptolemy.moml.MoMLSimpleApplication@336fd54b
----------------- Done invoking toplevel() on ptolemy.moml.MoMLSimpleApplication@336fd54b
reloadAllAccessors: .TimedFSM

===========================================================================================
----------------- testing Tue Jul 23 05:10:03 UTC 2019 /home/travis/build/icyphy/ptII/ptolemy/domains/modal/test/auto/Timeout1.xml
----------------- Instantiating /home/travis/build/icyphy/ptII/ptolemy/domains/modal/test/auto/Timeout1.xml
3 ms. Memory: 287744K Free: 204533K (71%)
----------------- Invoking toplevel() on ptolemy.moml.MoMLSimpleApplication@6e2e1f78
----------------- Done invoking toplevel() on ptolemy.moml.MoMLSimpleApplication@6e2e1f78
reloadAllAccessors: .Timeout1

===========================================================================================
----------------- testing Tue Jul 23 05:10:03 UTC 2019 /home/travis/build/icyphy/ptII/ptolemy/domains/modal/test/auto/Timeout2.xml
----------------- Instantiating /home/travis/build/icyphy/ptII/ptolemy/domains/modal/test/auto/Timeout2.xml
7 ms. Memory: 287744K Free: 195845K (68%)
----------------- Invoking toplevel() on ptolemy.moml.MoMLSimpleApplication@4007a8d8
----------------- Done invoking toplevel() on ptolemy.moml.MoMLSimpleApplication@4007a8d8
reloadAllAccessors: .Timeout2

===========================================================================================
----------------- testing Tue Jul 23 05:10:03 UTC 2019 /home/travis/build/icyphy/ptII/ptolemy/domains/modal/test/auto/Timeout3.xml
----------------- Instantiating /home/travis/build/icyphy/ptII/ptolemy/domains/modal/test/auto/Timeout3.xml
2 ms. Memory: 287744K Free: 190725K (66%)
----------------- Invoking toplevel() on ptolemy.moml.MoMLSimpleApplication@4785951b
----------------- Done invoking toplevel() on ptolemy.moml.MoMLSimpleApplication@4785951b
reloadAllAccessors: .Timeout3

===========================================================================================
----------------- testing Tue Jul 23 05:10:03 UTC 2019 /home/travis/build/icyphy/ptII/ptolemy/domains/modal/test/auto/Timeout4.xml
----------------- Instantiating /home/travis/build/icyphy/ptII/ptolemy/domains/modal/test/auto/Timeout4.xml
3 ms. Memory: 287744K Free: 185605K (65%)
----------------- Invoking toplevel() on ptolemy.moml.MoMLSimpleApplication@7714bbda
----------------- Done invoking toplevel() on ptolemy.moml.MoMLSimpleApplication@7714bbda
reloadAllAccessors: .Timeout4

===========================================================================================
----------------- testing Tue Jul 23 05:10:03 UTC 2019 /home/travis/build/icyphy/ptII/ptolemy/domains/modal/test/auto/TransientstateModelAdvanced.xml
----------------- Instantiating /home/travis/build/icyphy/ptII/ptolemy/domains/modal/test/auto/TransientstateModelAdvanced.xml
4 ms. Memory: 287744K Free: 173317K (60%)
----------------- Invoking toplevel() on ptolemy.moml.MoMLSimpleApplication@27a8d6
----------------- Done invoking toplevel() on ptolemy.moml.MoMLSimpleApplication@27a8d6
reloadAllAccessors: .TransientstateModelAdvanced

===========================================================================================
----------------- testing Tue Jul 23 05:10:03 UTC 2019 /home/travis/build/icyphy/ptII/ptolemy/domains/modal/test/auto/TransientstateModelAdvanced2.xml
----------------- Instantiating /home/travis/build/icyphy/ptII/ptolemy/domains/modal/test/auto/TransientstateModelAdvanced2.xml
3 ms. Memory: 287744K Free: 158981K (55%)
----------------- Invoking toplevel() on ptolemy.moml.MoMLSimpleApplication@2a21a1f8
----------------- Done invoking toplevel() on ptolemy.moml.MoMLSimpleApplication@2a21a1f8
reloadAllAccessors: .transientstatemodelAdvanced

===========================================================================================
----------------- testing Tue Jul 23 05:10:03 UTC 2019 /home/travis/build/icyphy/ptII/ptolemy/domains/modal/test/auto/TransitionRefinements.xml
----------------- Instantiating /home/travis/build/icyphy/ptII/ptolemy/domains/modal/test/auto/TransitionRefinements.xml
5 ms. Memory: 287744K Free: 149237K (52%)
----------------- Invoking toplevel() on ptolemy.moml.MoMLSimpleApplication@68252557
----------------- Done invoking toplevel() on ptolemy.moml.MoMLSimpleApplication@68252557
reloadAllAccessors: .TransitionRefinements

===========================================================================================
----------------- testing Tue Jul 23 05:10:03 UTC 2019 /home/travis/build/icyphy/ptII/ptolemy/domains/modal/test/auto/TwoRefinements1.xml
----------------- Instantiating /home/travis/build/icyphy/ptII/ptolemy/domains/modal/test/auto/TwoRefinements1.xml
3 ms. Memory: 287744K Free: 139011K (48%)
----------------- Invoking toplevel() on ptolemy.moml.MoMLSimpleApplication@3312c3f5
----------------- Done invoking toplevel() on ptolemy.moml.MoMLSimpleApplication@3312c3f5
reloadAllAccessors: .TwoRefinements1

===========================================================================================
----------------- testing Tue Jul 23 05:10:03 UTC 2019 /home/travis/build/icyphy/ptII/ptolemy/domains/modal/test/auto/TwoRefinements2.xml
----------------- Instantiating /home/travis/build/icyphy/ptII/ptolemy/domains/modal/test/auto/TwoRefinements2.xml
2 ms. Memory: 287744K Free: 128771K (45%)
----------------- Invoking toplevel() on ptolemy.moml.MoMLSimpleApplication@72667d60
----------------- Done invoking toplevel() on ptolemy.moml.MoMLSimpleApplication@72667d60
reloadAllAccessors: .TwoRefinements2

===========================================================================================
----------------- testing Tue Jul 23 05:10:03 UTC 2019 /home/travis/build/icyphy/ptII/ptolemy/domains/modal/test/auto/WeakImmediateTransition.xml
----------------- Instantiating /home/travis/build/icyphy/ptII/ptolemy/domains/modal/test/auto/WeakImmediateTransition.xml
2 ms. Memory: 287744K Free: 120069K (42%)
----------------- Invoking toplevel() on ptolemy.moml.MoMLSimpleApplication@545c4222
----------------- Done invoking toplevel() on ptolemy.moml.MoMLSimpleApplication@545c4222
reloadAllAccessors: .WeakImmediateTransition

===========================================================================================
----------------- testing Tue Jul 23 05:10:03 UTC 2019 /home/travis/build/icyphy/ptII/ptolemy/domains/modal/test/auto/booleanSelect.xml
----------------- Instantiating /home/travis/build/icyphy/ptII/ptolemy/domains/modal/test/auto/booleanSelect.xml
40 ms. Memory: 287744K Free: 102133K (35%)
----------------- Invoking toplevel() on ptolemy.moml.MoMLSimpleApplication@6433f57d
----------------- Done invoking toplevel() on ptolemy.moml.MoMLSimpleApplication@6433f57d
reloadAllAccessors: .booleanSelect

===========================================================================================
----------------- testing Tue Jul 23 05:10:03 UTC 2019 /home/travis/build/icyphy/ptII/ptolemy/domains/modal/test/auto/modalChangingParams.xml
----------------- Instantiating /home/travis/build/icyphy/ptII/ptolemy/domains/modal/test/auto/modalChangingParams.xml
0
1
0
2
4
6
8
7
0
2
4
6
8
13
0
2
4
6
8
19
0
2
4
6
8
25
0
2
4
6
8
31
0
2
4
6
8
37
0
2
4
6
8
43
0
2
4
6
8
49
0
2
4
6
8
55
0
2
4
6
8
61
0
2
4
6
8
67
0
2
4
6
8
73
0
2
4
6
8
79
0
2
4
6
8
85
0
2
4
6
8
91
0
2
4
6
8
97
0
2
4
6
8
103
0
2
4
6
8
109
0
2
4
6
8
115
0
2
4
6
8
121
0
2
4
6
8
127
0
2
4
6
8
133
0
2
4
6
8
139
0
2
4
6
8
145
0
2
4
6
8
151
0
2
4
6
8
157
0
2
4
6
8
163
0
2
4
6
8
169
0
2
4
6
8
175
0
2
4
6
8
181
0
2
4
6
8
187
0
2
4
6
8
193
0
2
4
6
8
199
0
2
4
6
8
205
0
2
4
6
8
211
0
2
4
6
8
217
0
2
4
6
8
223
0
2
4
6
8
229
0
2
4
6
8
235
0
2
4
6
8
241
0
2
4
6
8
247
0
2
4
6
8
253
0
2
4
6
8
259
0
2
4
6
8
265
0
2
4
6
8
271
0
2
4
6
8
277
0
2
4
6
8
283
0
2
4
6
8
289
0
2
4
6
8
295
0
2
4
6
8
301
0
2
4
6
8
307
0
2
4
6
8
313
0
2
4
6
8
319
0
2
4
6
8
325
0
2
4
6
8
331
0
2
4
6
8
337
0
2
4
6
8
343
0
2
4
6
8
349
0
2
4
6
8
355
0
2
4
6
8
361
0
2
4
6
8
367
0
2
4
6
8
373
0
2
4
6
8
379
0
2
4
6
8
385
0
2
4
6
8
391
0
2
4
6
8
397
0
2
4
6
8
403
0
2
4
6
8
409
0
2
4
6
8
415
0
2
4
6
8
421
0
2
4
6
8
427
0
2
4
6
8
433
0
2
4
6
8
439
0
2
4
6
8
445
0
2
4
6
8
451
0
2
4
6
8
457
0
2
4
6
8
463
0
2
4
6
8
469
0
2
4
6
8
475
0
2
4
6
8
481
0
2
4
6
8
487
0
2
4
6
8
493
0
2
4
6
8
499
0
2
4
6
8
505
0
2
4
6
8
511
0
2
4
6
8
517
0
2
4
6
8
523
0
2
4
6
8
529
0
2
4
6
8
535
0
2
4
6
8
541
0
2
4
6
8
547
0
2
4
6
8
553
0
2
4
6
8
559
0
2
4
6
8
565
0
2
4
6
8
571
0
2
4
6
8
577
0
2
4
6
8
583
0
2
4
6
8
589
0
2
4
6
8
595
0
2
4
6
8
601
0
2
4
6
8
607
0
2
4
6
8
613
0
2
4
6
8
619
0
2
4
6
8
625
0
2
4
6
8
631
0
2
4
6
8
637
0
2
4
6
8
643
0
2
4
6
8
649
0
2
4
6
8
655
0
2
4
6
8
661
0
2
4
6
8
667
0
2
4
6
8
673
0
2
4
6
8
679
0
2
4
6
8
685
0
2
4
6
8
691
0
2
4
6
8
697
0
2
4
6
8
703
0
2
4
6
8
709
0
2
4
6
8
715
0
2
4
6
8
721
0
2
4
6
8
727
0
2
4
6
8
733
0
2
4
6
8
739
0
2
4
6
8
745
0
2
4
6
8
751
0
2
4
6
8
757
0
2
4
6
8
763
0
2
4
6
8
769
0
2
4
6
8
775
0
2
4
6
8
781
0
2
4
6
8
787
0
2
4
6
8
793
0
2
4
6
8
799
0
2
4
6
8
805
0
2
4
6
8
811
0
2
4
6
8
817
0
2
4
6
8
823
0
2
4
6
8
829
0
2
4
6
8
835
0
2
4
6
8
841
0
2
4
6
8
847
0
2
4
6
8
853
0
2
4
6
8
859
0
2
4
6
8
865
0
2
4
6
8
871
0
2
4
6
8
877
0
2
4
6
8
883
0
2
4
6
8
889
0
2
4
6
8
895
0
2
4
6
8
901
0
2
4
6
8
907
0
2
4
6
8
913
0
2
4
6
8
919
0
2
4
6
8
925
0
2
4
6
8
931
0
2
4
6
8
937
0
2
4
6
8
943
0
2
4
6
8
949
0
2
4
6
8
955
0
2
4
6
8
961
0
2
4
6
8
967
0
2
4
6
8
973
0
2
4
6
8
979
0
2
4
6
8
985
0
2
4
6
8
991
0
2
4
6
8
997
0
2
296 ms. Memory: 349184K Free: 216936K (62%)
----------------- Invoking toplevel() on ptolemy.moml.MoMLSimpleApplication@d61100
----------------- Done invoking toplevel() on ptolemy.moml.MoMLSimpleApplication@d61100
reloadAllAccessors: .modalChangingParams

===========================================================================================
----------------- testing Tue Jul 23 05:10:03 UTC 2019 /home/travis/build/icyphy/ptII/ptolemy/domains/modal/test/auto/modalModel.xml
----------------- Instantiating /home/travis/build/icyphy/ptII/ptolemy/domains/modal/test/auto/modalModel.xml
14 ms. Memory: 349184K Free: 208248K (60%)
----------------- Invoking toplevel() on ptolemy.moml.MoMLSimpleApplication@345c9cff
----------------- Done invoking toplevel() on ptolemy.moml.MoMLSimpleApplication@345c9cff
reloadAllAccessors: .modalModel

===========================================================================================
----------------- testing Tue Jul 23 05:10:03 UTC 2019 /home/travis/build/icyphy/ptII/ptolemy/domains/modal/test/auto/modalModel2.xml
----------------- Instantiating /home/travis/build/icyphy/ptII/ptolemy/domains/modal/test/auto/modalModel2.xml
7 ms. Memory: 349184K Free: 197480K (57%)
----------------- Invoking toplevel() on ptolemy.moml.MoMLSimpleApplication@a96cf6c
----------------- Done invoking toplevel() on ptolemy.moml.MoMLSimpleApplication@a96cf6c
reloadAllAccessors: .modalModel2

===========================================================================================
----------------- testing Tue Jul 23 05:10:03 UTC 2019 /home/travis/build/icyphy/ptII/ptolemy/domains/modal/test/auto/modalModel3.xml
----------------- Instantiating /home/travis/build/icyphy/ptII/ptolemy/domains/modal/test/auto/modalModel3.xml
0	0	0
3	2	1
6	4	2
9	6	3
4	0	4
7	2	5
10	4	6
13	6	7
8	0	8
11	2	9
14	4	10
17	6	11
12	0	12
15	2	13
18	4	14
26 ms. Memory: 349184K Free: 182648K (52%)
----------------- Invoking toplevel() on ptolemy.moml.MoMLSimpleApplication@222a9cdb
----------------- Done invoking toplevel() on ptolemy.moml.MoMLSimpleApplication@222a9cdb
reloadAllAccessors: .modalModel3

===========================================================================================
----------------- testing Tue Jul 23 05:10:04 UTC 2019 /home/travis/build/icyphy/ptII/ptolemy/domains/modal/test/auto/model1.xml
----------------- Instantiating /home/travis/build/icyphy/ptII/ptolemy/domains/modal/test/auto/model1.xml
14 ms. Memory: 349184K Free: 177008K (51%)
----------------- Invoking toplevel() on ptolemy.moml.MoMLSimpleApplication@28f3c8fa
----------------- Done invoking toplevel() on ptolemy.moml.MoMLSimpleApplication@28f3c8fa
reloadAllAccessors: .model1

===========================================================================================
----------------- testing Tue Jul 23 05:10:04 UTC 2019 /home/travis/build/icyphy/ptII/ptolemy/domains/modal/test/auto/test-direct-in-out.xml
----------------- Instantiating /home/travis/build/icyphy/ptII/ptolemy/domains/modal/test/auto/test-direct-in-out.xml
10 ms. Memory: 349184K Free: 168822K (48%)
----------------- Invoking toplevel() on ptolemy.moml.MoMLSimpleApplication@5f663e18
----------------- Done invoking toplevel() on ptolemy.moml.MoMLSimpleApplication@5f663e18
reloadAllAccessors: .test-direct-in-out
AutoTests.java: About to close Vertx.
AutoTests.java: Vertx closed.
]]></system-out>
  <system-err><![CDATA[java.lang.RuntimeException: Execution failed
	at ptolemy.moml.MoMLSimpleApplication$UnloadThread.run(MoMLSimpleApplication.java:402)
Caused by: ptolemy.kernel.util.IllegalActionException: Unknown inputs remain. Possible causality loop:
L_model_1893289564i

  in .CannotAnalysisWithPreemption.model_1893289564_region_1 and .CannotAnalysisWithPreemption.model_1893289564_region_1.L_model_1893289564i
	at ptolemy.actor.sched.FixedPointDirector.postfire(FixedPointDirector.java:515)
	at ptolemy.domains.sr.kernel.SRDirector.postfire(SRDirector.java:417)
	at ptolemy.actor.CompositeActor.postfire(CompositeActor.java:1668)
	at ptolemy.actor.Manager.iterate(Manager.java:852)
	at ptolemy.actor.Manager.execute(Manager.java:369)
	at ptolemy.actor.Manager.run(Manager.java:1263)
	at ptolemy.actor.Manager$PtolemyRunThread.run(Manager.java:1933)
java.lang.reflect.InvocationTargetException
	at java.base/jdk.internal.reflect.NativeConstructorAccessorImpl.newInstance0(Native Method)
	at java.base/jdk.internal.reflect.NativeConstructorAccessorImpl.newInstance(NativeConstructorAccessorImpl.java:62)
	at java.base/jdk.internal.reflect.DelegatingConstructorAccessorImpl.newInstance(DelegatingConstructorAccessorImpl.java:45)
	at java.base/java.lang.reflect.Constructor.newInstance(Constructor.java:490)
	at ptolemy.util.test.junit.AutoKnownFailedTests.RunModel(AutoKnownFailedTests.java:105)
	at java.base/jdk.internal.reflect.NativeMethodAccessorImpl.invoke0(Native Method)
	at java.base/jdk.internal.reflect.NativeMethodAccessorImpl.invoke(NativeMethodAccessorImpl.java:62)
	at java.base/jdk.internal.reflect.DelegatingMethodAccessorImpl.invoke(DelegatingMethodAccessorImpl.java:43)
	at java.base/java.lang.reflect.Method.invoke(Method.java:566)
	at org.junit.runners.model.FrameworkMethod$1.runReflectiveCall(FrameworkMethod.java:44)
	at org.junit.internal.runners.model.ReflectiveCallable.run(ReflectiveCallable.java:15)
	at org.junit.runners.model.FrameworkMethod.invokeExplosively(FrameworkMethod.java:41)
	at junitparams.internal.InvokeParameterisedMethod.evaluate(InvokeParameterisedMethod.java:102)
	at org.junit.internal.runners.statements.FailOnTimeout$1.run(FailOnTimeout.java:28)
Caused by: ptolemy.kernel.util.IllegalActionException: Unknown inputs remain. Possible causality loop:
L_model_1893289564i

  in .CannotAnalysisWithPreemption.model_1893289564_region_1 and .CannotAnalysisWithPreemption.model_1893289564_region_1.L_model_1893289564i
	at ptolemy.actor.sched.FixedPointDirector.postfire(FixedPointDirector.java:515)
	at ptolemy.domains.sr.kernel.SRDirector.postfire(SRDirector.java:417)
	at ptolemy.actor.CompositeActor.postfire(CompositeActor.java:1668)
	at ptolemy.actor.Manager.iterate(Manager.java:852)
	at ptolemy.actor.Manager.execute(Manager.java:369)
	at ptolemy.actor.Manager.run(Manager.java:1263)
	at ptolemy.actor.Manager$PtolemyRunThread.run(Manager.java:1933)
]]></system-err>
</testsuite>
