<?xml version="1.0" encoding="UTF-8" ?>
<testsuite errors="0" failures="0" hostname="travis-job-7224f565-8aca-4327-bf4a-4c136527edc9" name="ptolemy.domains.sdf.lib.test.junit.JUnitTclTest" skipped="0" tests="82" time="8.101" timestamp="2019-01-29T22:52:48">
  <properties>
[...]
</properties>
  <testcase classname="ptolemy.util.test.junit.TclTests" name="[0] /home/travis/build/icyphy/ptII/ptolemy/domains/sdf/lib/test/ArrayToSequence.tcl (RunTclFile)" time="0.504" />
  <testcase classname="ptolemy.util.test.junit.TclTests" name="[1] /home/travis/build/icyphy/ptII/ptolemy/domains/sdf/lib/test/BitsToInt.tcl (RunTclFile)" time="0.053" />
  <testcase classname="ptolemy.util.test.junit.TclTests" name="[2] /home/travis/build/icyphy/ptII/ptolemy/domains/sdf/lib/test/DelayLine.tcl (RunTclFile)" time="0.036" />
  <testcase classname="ptolemy.util.test.junit.TclTests" name="[3] /home/travis/build/icyphy/ptII/ptolemy/domains/sdf/lib/test/FFT.tcl (RunTclFile)" time="0.042" />
  <testcase classname="ptolemy.util.test.junit.TclTests" name="[4] /home/travis/build/icyphy/ptII/ptolemy/domains/sdf/lib/test/FIR.tcl (RunTclFile)" time="0.064" />
  <testcase classname="ptolemy.util.test.junit.TclTests" name="[5] /home/travis/build/icyphy/ptII/ptolemy/domains/sdf/lib/test/IntToBits.tcl (RunTclFile)" time="0.029" />
  <testcase classname="ptolemy.util.test.junit.TclTests" name="[6] /home/travis/build/icyphy/ptII/ptolemy/domains/sdf/lib/test/MaximumEntropySpectrum.tcl (RunTclFile)" time="0.207" />
  <testcase classname="ptolemy.util.test.junit.TclTests" name="[7] /home/travis/build/icyphy/ptII/ptolemy/domains/sdf/lib/test/Repeat.tcl (RunTclFile)" time="0.019" />
  <testcase classname="ptolemy.util.test.junit.TclTests" name="[8] /home/travis/build/icyphy/ptII/ptolemy/domains/sdf/lib/test/SampleDelay.tcl (RunTclFile)" time="0.036" />
  <testcase classname="ptolemy.util.test.junit.TclTests" name="[9] /home/travis/build/icyphy/ptII/ptolemy/domains/sdf/lib/test/SequenceToArray.tcl (RunTclFile)" time="0.03" />
  <testcase classname="ptolemy.util.test.junit.AutoKnownFailedTests" name="[0] ThereAreNoKnowFailedTests (RunModel)" time="0.0" />
  <testcase classname="ptolemy.util.test.junit.AutoNameArchTests" name="[0] ThereAreNoAutoArchTests (RunModel)" time="0.0" />
  <testcase classname="ptolemy.util.test.junit.AutoTests" name="[0] /home/travis/build/icyphy/ptII/ptolemy/domains/sdf/lib/test/auto/ArrayToSequence.xml (RunModel)" time="0.217" />
  <testcase classname="ptolemy.util.test.junit.AutoTests" name="[1] /home/travis/build/icyphy/ptII/ptolemy/domains/sdf/lib/test/auto/ArrayToSequenceTest.xml (RunModel)" time="0.032" />
  <testcase classname="ptolemy.util.test.junit.AutoTests" name="[2] /home/travis/build/icyphy/ptII/ptolemy/domains/sdf/lib/test/auto/Autocorrelation.xml (RunModel)" time="0.019" />
  <testcase classname="ptolemy.util.test.junit.AutoTests" name="[3] /home/travis/build/icyphy/ptII/ptolemy/domains/sdf/lib/test/auto/Autocorrelation2.xml (RunModel)" time="0.019" />
  <testcase classname="ptolemy.util.test.junit.AutoTests" name="[4] /home/travis/build/icyphy/ptII/ptolemy/domains/sdf/lib/test/auto/Autocorrelation3.xml (RunModel)" time="0.036" />
  <testcase classname="ptolemy.util.test.junit.AutoTests" name="[5] /home/travis/build/icyphy/ptII/ptolemy/domains/sdf/lib/test/auto/Autocorrelation4.xml (RunModel)" time="0.027" />
  <testcase classname="ptolemy.util.test.junit.AutoTests" name="[6] /home/travis/build/icyphy/ptII/ptolemy/domains/sdf/lib/test/auto/Autocorrelation5.xml (RunModel)" time="0.065" />
  <testcase classname="ptolemy.util.test.junit.AutoTests" name="[7] /home/travis/build/icyphy/ptII/ptolemy/domains/sdf/lib/test/auto/BitsToInt.xml (RunModel)" time="0.031" />
  <testcase classname="ptolemy.util.test.junit.AutoTests" name="[8] /home/travis/build/icyphy/ptII/ptolemy/domains/sdf/lib/test/auto/BooleanJoin.xml (RunModel)" time="0.059" />
  <testcase classname="ptolemy.util.test.junit.AutoTests" name="[9] /home/travis/build/icyphy/ptII/ptolemy/domains/sdf/lib/test/auto/BootstrapSampleDelay.xml (RunModel)" time="0.033" />
  <testcase classname="ptolemy.util.test.junit.AutoTests" name="[10] /home/travis/build/icyphy/ptII/ptolemy/domains/sdf/lib/test/auto/Chop.xml (RunModel)" time="0.032" />
  <testcase classname="ptolemy.util.test.junit.AutoTests" name="[11] /home/travis/build/icyphy/ptII/ptolemy/domains/sdf/lib/test/auto/Chop2.xml (RunModel)" time="0.045" />
  <testcase classname="ptolemy.util.test.junit.AutoTests" name="[12] /home/travis/build/icyphy/ptII/ptolemy/domains/sdf/lib/test/auto/ComplexJoin.xml (RunModel)" time="0.055" />
  <testcase classname="ptolemy.util.test.junit.AutoTests" name="[13] /home/travis/build/icyphy/ptII/ptolemy/domains/sdf/lib/test/auto/CountTrues.xml (RunModel)" time="0.042" />
  <testcase classname="ptolemy.util.test.junit.AutoTests" name="[14] /home/travis/build/icyphy/ptII/ptolemy/domains/sdf/lib/test/auto/DelayLine.xml (RunModel)" time="0.042" />
  <testcase classname="ptolemy.util.test.junit.AutoTests" name="[15] /home/travis/build/icyphy/ptII/ptolemy/domains/sdf/lib/test/auto/DotProduct.xml (RunModel)" time="0.018" />
  <testcase classname="ptolemy.util.test.junit.AutoTests" name="[16] /home/travis/build/icyphy/ptII/ptolemy/domains/sdf/lib/test/auto/DotProductMatrix.xml (RunModel)" time="0.014" />
  <testcase classname="ptolemy.util.test.junit.AutoTests" name="[17] /home/travis/build/icyphy/ptII/ptolemy/domains/sdf/lib/test/auto/DownSample1.xml (RunModel)" time="0.029" />
  <testcase classname="ptolemy.util.test.junit.AutoTests" name="[18] /home/travis/build/icyphy/ptII/ptolemy/domains/sdf/lib/test/auto/DynamicRateChange.xml (RunModel)" time="0.045" />
  <testcase classname="ptolemy.util.test.junit.AutoTests" name="[19] /home/travis/build/icyphy/ptII/ptolemy/domains/sdf/lib/test/auto/DynamicRates.xml (RunModel)" time="0.031" />
  <testcase classname="ptolemy.util.test.junit.AutoTests" name="[20] /home/travis/build/icyphy/ptII/ptolemy/domains/sdf/lib/test/auto/FFT1.xml (RunModel)" time="0.048" />
  <testcase classname="ptolemy.util.test.junit.AutoTests" name="[21] /home/travis/build/icyphy/ptII/ptolemy/domains/sdf/lib/test/auto/FIR1.xml (RunModel)" time="0.05" />
  <testcase classname="ptolemy.util.test.junit.AutoTests" name="[22] /home/travis/build/icyphy/ptII/ptolemy/domains/sdf/lib/test/auto/FIR2.xml (RunModel)" time="0.021" />
  <testcase classname="ptolemy.util.test.junit.AutoTests" name="[23] /home/travis/build/icyphy/ptII/ptolemy/domains/sdf/lib/test/auto/FIR4.xml (RunModel)" time="0.057" />
  <testcase classname="ptolemy.util.test.junit.AutoTests" name="[24] /home/travis/build/icyphy/ptII/ptolemy/domains/sdf/lib/test/auto/FixJoin.xml (RunModel)" time="0.046" />
  <testcase classname="ptolemy.util.test.junit.AutoTests" name="[25] /home/travis/build/icyphy/ptII/ptolemy/domains/sdf/lib/test/auto/IntJoin1.xml (RunModel)" time="0.026" />
  <testcase classname="ptolemy.util.test.junit.AutoTests" name="[26] /home/travis/build/icyphy/ptII/ptolemy/domains/sdf/lib/test/auto/IntJoin2.xml (RunModel)" time="0.034" />
  <testcase classname="ptolemy.util.test.junit.AutoTests" name="[27] /home/travis/build/icyphy/ptII/ptolemy/domains/sdf/lib/test/auto/IntJoin3.xml (RunModel)" time="0.023" />
  <testcase classname="ptolemy.util.test.junit.AutoTests" name="[28] /home/travis/build/icyphy/ptII/ptolemy/domains/sdf/lib/test/auto/IntJoin4.xml (RunModel)" time="0.044" />
  <testcase classname="ptolemy.util.test.junit.AutoTests" name="[29] /home/travis/build/icyphy/ptII/ptolemy/domains/sdf/lib/test/auto/IntJoin5.xml (RunModel)" time="0.021" />
  <testcase classname="ptolemy.util.test.junit.AutoTests" name="[30] /home/travis/build/icyphy/ptII/ptolemy/domains/sdf/lib/test/auto/IntToBits.xml (RunModel)" time="0.021" />
  <testcase classname="ptolemy.util.test.junit.AutoTests" name="[31] /home/travis/build/icyphy/ptII/ptolemy/domains/sdf/lib/test/auto/LMSAdaptive.xml (RunModel)" time="0.053" />
  <testcase classname="ptolemy.util.test.junit.AutoTests" name="[32] /home/travis/build/icyphy/ptII/ptolemy/domains/sdf/lib/test/auto/LMSAdaptiveFIR.xml (RunModel)" time="0.336" />
  <testcase classname="ptolemy.util.test.junit.AutoTests" name="[33] /home/travis/build/icyphy/ptII/ptolemy/domains/sdf/lib/test/auto/LMSAdaptiveFIR2.xml (RunModel)" time="0.463" />
  <testcase classname="ptolemy.util.test.junit.AutoTests" name="[34] /home/travis/build/icyphy/ptII/ptolemy/domains/sdf/lib/test/auto/LongJoin.xml (RunModel)" time="0.026" />
  <testcase classname="ptolemy.util.test.junit.AutoTests" name="[35] /home/travis/build/icyphy/ptII/ptolemy/domains/sdf/lib/test/auto/Matrix1.xml (RunModel)" time="0.028" />
  <testcase classname="ptolemy.util.test.junit.AutoTests" name="[36] /home/travis/build/icyphy/ptII/ptolemy/domains/sdf/lib/test/auto/Matrix2.xml (RunModel)" time="0.016" />
  <testcase classname="ptolemy.util.test.junit.AutoTests" name="[37] /home/travis/build/icyphy/ptII/ptolemy/domains/sdf/lib/test/auto/MatrixJoin1.xml (RunModel)" time="0.028" />
  <testcase classname="ptolemy.util.test.junit.AutoTests" name="[38] /home/travis/build/icyphy/ptII/ptolemy/domains/sdf/lib/test/auto/MatrixJoin2.xml (RunModel)" time="0.015" />
  <testcase classname="ptolemy.util.test.junit.AutoTests" name="[39] /home/travis/build/icyphy/ptII/ptolemy/domains/sdf/lib/test/auto/MatrixJoin3.xml (RunModel)" time="0.015" />
  <testcase classname="ptolemy.util.test.junit.AutoTests" name="[40] /home/travis/build/icyphy/ptII/ptolemy/domains/sdf/lib/test/auto/MatrixJoin4.xml (RunModel)" time="0.014" />
  <testcase classname="ptolemy.util.test.junit.AutoTests" name="[41] /home/travis/build/icyphy/ptII/ptolemy/domains/sdf/lib/test/auto/MatrixJoin5.xml (RunModel)" time="0.015" />
  <testcase classname="ptolemy.util.test.junit.AutoTests" name="[42] /home/travis/build/icyphy/ptII/ptolemy/domains/sdf/lib/test/auto/MatrixSplit1.xml (RunModel)" time="0.034" />
  <testcase classname="ptolemy.util.test.junit.AutoTests" name="[43] /home/travis/build/icyphy/ptII/ptolemy/domains/sdf/lib/test/auto/MatrixSplit10.xml (RunModel)" time="0.022" />
  <testcase classname="ptolemy.util.test.junit.AutoTests" name="[44] /home/travis/build/icyphy/ptII/ptolemy/domains/sdf/lib/test/auto/MatrixSplit11.xml (RunModel)" time="0.02" />
  <testcase classname="ptolemy.util.test.junit.AutoTests" name="[45] /home/travis/build/icyphy/ptII/ptolemy/domains/sdf/lib/test/auto/MatrixSplit12.xml (RunModel)" time="0.025" />
  <testcase classname="ptolemy.util.test.junit.AutoTests" name="[46] /home/travis/build/icyphy/ptII/ptolemy/domains/sdf/lib/test/auto/MatrixSplit13.xml (RunModel)" time="0.025" />
  <testcase classname="ptolemy.util.test.junit.AutoTests" name="[47] /home/travis/build/icyphy/ptII/ptolemy/domains/sdf/lib/test/auto/MatrixSplit14.xml (RunModel)" time="0.015" />
  <testcase classname="ptolemy.util.test.junit.AutoTests" name="[48] /home/travis/build/icyphy/ptII/ptolemy/domains/sdf/lib/test/auto/MatrixSplit2.xml (RunModel)" time="0.021" />
  <testcase classname="ptolemy.util.test.junit.AutoTests" name="[49] /home/travis/build/icyphy/ptII/ptolemy/domains/sdf/lib/test/auto/MatrixSplit3.xml (RunModel)" time="0.018" />
  <testcase classname="ptolemy.util.test.junit.AutoTests" name="[50] /home/travis/build/icyphy/ptII/ptolemy/domains/sdf/lib/test/auto/MatrixSplit4.xml (RunModel)" time="0.017" />
  <testcase classname="ptolemy.util.test.junit.AutoTests" name="[51] /home/travis/build/icyphy/ptII/ptolemy/domains/sdf/lib/test/auto/MatrixSplit5.xml (RunModel)" time="0.016" />
  <testcase classname="ptolemy.util.test.junit.AutoTests" name="[52] /home/travis/build/icyphy/ptII/ptolemy/domains/sdf/lib/test/auto/MatrixSplit6.xml (RunModel)" time="0.015" />
  <testcase classname="ptolemy.util.test.junit.AutoTests" name="[53] /home/travis/build/icyphy/ptII/ptolemy/domains/sdf/lib/test/auto/MatrixSplit7.xml (RunModel)" time="0.02" />
  <testcase classname="ptolemy.util.test.junit.AutoTests" name="[54] /home/travis/build/icyphy/ptII/ptolemy/domains/sdf/lib/test/auto/MatrixSplit8.xml (RunModel)" time="0.019" />
  <testcase classname="ptolemy.util.test.junit.AutoTests" name="[55] /home/travis/build/icyphy/ptII/ptolemy/domains/sdf/lib/test/auto/MatrixSplit9.xml (RunModel)" time="0.034" />
  <testcase classname="ptolemy.util.test.junit.AutoTests" name="[56] /home/travis/build/icyphy/ptII/ptolemy/domains/sdf/lib/test/auto/MatrixToSequence.xml (RunModel)" time="0.053" />
  <testcase classname="ptolemy.util.test.junit.AutoTests" name="[57] /home/travis/build/icyphy/ptII/ptolemy/domains/sdf/lib/test/auto/MaximumEntropySpectrum.xml (RunModel)" time="0.097" />
  <testcase classname="ptolemy.util.test.junit.AutoTests" name="[58] /home/travis/build/icyphy/ptII/ptolemy/domains/sdf/lib/test/auto/SampleDelayConversion.xml (RunModel)" time="0.013" />
  <testcase classname="ptolemy.util.test.junit.AutoTests" name="[59] /home/travis/build/icyphy/ptII/ptolemy/domains/sdf/lib/test/auto/SequenceToArray.xml (RunModel)" time="0.038" />
  <testcase classname="ptolemy.util.test.junit.AutoTests" name="[60] /home/travis/build/icyphy/ptII/ptolemy/domains/sdf/lib/test/auto/SequenceToMatrix.xml (RunModel)" time="3.571" />
  <testcase classname="ptolemy.util.test.junit.AutoTests" name="[61] /home/travis/build/icyphy/ptII/ptolemy/domains/sdf/lib/test/auto/SmoothedPeriodogram.xml (RunModel)" time="0.066" />
  <testcase classname="ptolemy.util.test.junit.AutoTests" name="[62] /home/travis/build/icyphy/ptII/ptolemy/domains/sdf/lib/test/auto/UpDownSample1.xml (RunModel)" time="0.022" />
  <testcase classname="ptolemy.util.test.junit.AutoTests" name="[63] /home/travis/build/icyphy/ptII/ptolemy/domains/sdf/lib/test/auto/UpSample1.xml (RunModel)" time="0.02" />
  <testcase classname="ptolemy.util.test.junit.AutoTests" name="[64] /home/travis/build/icyphy/ptII/ptolemy/domains/sdf/lib/test/auto/VariableFIR.xml (RunModel)" time="0.02" />
  <testcase classname="ptolemy.util.test.junit.AutoTests" name="[65] /home/travis/build/icyphy/ptII/ptolemy/domains/sdf/lib/test/auto/VariableFIR2.xml (RunModel)" time="0.022" />
  <testcase classname="ptolemy.util.test.junit.AutoTests" name="[66] /home/travis/build/icyphy/ptII/ptolemy/domains/sdf/lib/test/auto/VariableLattice.xml (RunModel)" time="0.024" />
  <testcase classname="ptolemy.util.test.junit.AutoTests" name="[67] /home/travis/build/icyphy/ptII/ptolemy/domains/sdf/lib/test/auto/VariableLattice2.xml (RunModel)" time="0.019" />
  <testcase classname="ptolemy.util.test.junit.AutoTests" name="[68] /home/travis/build/icyphy/ptII/ptolemy/domains/sdf/lib/test/auto/VariableRecursiveLattice.xml (RunModel)" time="0.019" />
  <testcase classname="ptolemy.util.test.junit.AutoTests" name="[69] /home/travis/build/icyphy/ptII/ptolemy/domains/sdf/lib/test/auto/VariableRecursiveLattice2.xml (RunModel)" time="0.016" />
  <system-out><![CDATA[/home/travis/build/icyphy/ptII/ptolemy/domains/sdf/lib/test/ArrayToSequence.tcl
testDefs.tcl: setting time out to 9000 seconds at Tue Jan 29 22:52:48 UTC 2019
36 ms. Memory: 116224K Free: 87005K (75%)
7 ms. Memory: 116224K Free: 85744K (74%)
9 ms. Memory: 116224K Free: 110079K (95%)
9 ms. Memory: 116224K Free: 108260K (93%)
/home/travis/build/icyphy/ptII/ptolemy/domains/sdf/lib/test/BitsToInt.tcl
14 ms. Memory: 116224K Free: 106442K (92%)
9 ms. Memory: 116224K Free: 104639K (90%)
/home/travis/build/icyphy/ptII/ptolemy/domains/sdf/lib/test/DelayLine.tcl
12 ms. Memory: 116224K Free: 102837K (88%)
/home/travis/build/icyphy/ptII/ptolemy/domains/sdf/lib/test/FFT.tcl
13 ms. Memory: 116224K Free: 101032K (87%)
/home/travis/build/icyphy/ptII/ptolemy/domains/sdf/lib/test/FIR.tcl
7 ms. Memory: 116224K Free: 99237K (85%)
3 ms. Memory: 116224K Free: 98033K (84%)
ptolemy.kernel.util.IllegalActionException: multiplyReverse method not supported between ptolemy.data.FixToken 'fix(-0.0625,6,2)' and ptolemy.data.IntToken '1' because the types are incomparable.
  in .top.FIRclone
Because:
multiplyReverse method not supported between ptolemy.data.FixToken 'fix(-0.0625,6,2)' and ptolemy.data.IntToken '1' because the types are incomparable.
14 ms. Memory: 116224K Free: 95635K (82%)
/home/travis/build/icyphy/ptII/ptolemy/domains/sdf/lib/test/IntToBits.tcl
4 ms. Memory: 116224K Free: 94428K (81%)
8 ms. Memory: 116224K Free: 92609K (80%)
/home/travis/build/icyphy/ptII/ptolemy/domains/sdf/lib/test/MaximumEntropySpectrum.tcl
/home/travis/build/icyphy/ptII/ptolemy/domains/sdf/lib/test/Repeat.tcl
6 ms. Memory: 116224K Free: 93619K (81%)
/home/travis/build/icyphy/ptII/ptolemy/domains/sdf/lib/test/SampleDelay.tcl
4 ms. Memory: 116224K Free: 91789K (79%)
3 ms. Memory: 116224K Free: 90589K (78%)
3 ms. Memory: 116224K Free: 89974K (77%)
3 ms. Memory: 116224K Free: 89358K (77%)
2 ms. Memory: 116224K Free: 88759K (76%)
1 ms. Memory: 116224K Free: 88159K (76%)
/home/travis/build/icyphy/ptII/ptolemy/domains/sdf/lib/test/SequenceToArray.tcl
4 ms. Memory: 116224K Free: 86336K (74%)
4 ms. Memory: 116224K Free: 85713K (74%)
5 ms. Memory: 116224K Free: 83903K (72%)
4 ms. Memory: 116224K Free: 82703K (71%)
01/29/19 10:52:49
Failed: 0  Total Tests: 41  ((Passed: 41, Newly Passed: 0)  Known Failed: 0) /home/travis/build/icyphy/ptII/ptolemy/domains/sdf/lib/test
No auto/knownFailedTests/*.xml tests in /home/travis/build/icyphy/ptII/ptolemy/domains/sdf/lib/test
No auto/linux-amd64/*.xml tests in /home/travis/build/icyphy/ptII/ptolemy/domains/sdf/lib/test
AutoTests.java: About to close Vertx.
AutoTests.java: Vertx closed.

===========================================================================================
----------------- testing Tue Jan 29 22:52:50 UTC 2019 /home/travis/build/icyphy/ptII/ptolemy/domains/sdf/lib/test/auto/ArrayToSequence.xml
----------------- Instantiating /home/travis/build/icyphy/ptII/ptolemy/domains/sdf/lib/test/auto/ArrayToSequence.xml
43 ms. Memory: 146944K Free: 138167K (94%)
----------------- Invoking toplevel() on ptolemy.moml.MoMLSimpleApplication@5f269382
----------------- Done invoking toplevel() on ptolemy.moml.MoMLSimpleApplication@5f269382
reloadAllAccessors: .ArrayToSequence

===========================================================================================
----------------- testing Tue Jan 29 22:52:50 UTC 2019 /home/travis/build/icyphy/ptII/ptolemy/domains/sdf/lib/test/auto/ArrayToSequenceTest.xml
----------------- Instantiating /home/travis/build/icyphy/ptII/ptolemy/domains/sdf/lib/test/auto/ArrayToSequenceTest.xml
8 ms. Memory: 146944K Free: 130913K (89%)
----------------- Invoking toplevel() on ptolemy.moml.MoMLSimpleApplication@6c9df276
----------------- Done invoking toplevel() on ptolemy.moml.MoMLSimpleApplication@6c9df276
reloadAllAccessors: .ArrayToSequenceTest

===========================================================================================
----------------- testing Tue Jan 29 22:52:50 UTC 2019 /home/travis/build/icyphy/ptII/ptolemy/domains/sdf/lib/test/auto/Autocorrelation.xml
----------------- Instantiating /home/travis/build/icyphy/ptII/ptolemy/domains/sdf/lib/test/auto/Autocorrelation.xml
3 ms. Memory: 146944K Free: 126687K (86%)
----------------- Invoking toplevel() on ptolemy.moml.MoMLSimpleApplication@34bd8446
----------------- Done invoking toplevel() on ptolemy.moml.MoMLSimpleApplication@34bd8446
reloadAllAccessors: .Autocorrelation

===========================================================================================
----------------- testing Tue Jan 29 22:52:50 UTC 2019 /home/travis/build/icyphy/ptII/ptolemy/domains/sdf/lib/test/auto/Autocorrelation2.xml
----------------- Instantiating /home/travis/build/icyphy/ptII/ptolemy/domains/sdf/lib/test/auto/Autocorrelation2.xml
4 ms. Memory: 146944K Free: 121453K (83%)
----------------- Invoking toplevel() on ptolemy.moml.MoMLSimpleApplication@19f845a6
----------------- Done invoking toplevel() on ptolemy.moml.MoMLSimpleApplication@19f845a6
reloadAllAccessors: .Autocorrelation2

===========================================================================================
----------------- testing Tue Jan 29 22:52:50 UTC 2019 /home/travis/build/icyphy/ptII/ptolemy/domains/sdf/lib/test/auto/Autocorrelation3.xml
----------------- Instantiating /home/travis/build/icyphy/ptII/ptolemy/domains/sdf/lib/test/auto/Autocorrelation3.xml
14 ms. Memory: 146944K Free: 117857K (80%)
----------------- Invoking toplevel() on ptolemy.moml.MoMLSimpleApplication@1f29effd
----------------- Done invoking toplevel() on ptolemy.moml.MoMLSimpleApplication@1f29effd
reloadAllAccessors: .Autocorrelation3

===========================================================================================
----------------- testing Tue Jan 29 22:52:50 UTC 2019 /home/travis/build/icyphy/ptII/ptolemy/domains/sdf/lib/test/auto/Autocorrelation4.xml
----------------- Instantiating /home/travis/build/icyphy/ptII/ptolemy/domains/sdf/lib/test/auto/Autocorrelation4.xml
4 ms. Memory: 146944K Free: 113348K (77%)
----------------- Invoking toplevel() on ptolemy.moml.MoMLSimpleApplication@15d20410
----------------- Done invoking toplevel() on ptolemy.moml.MoMLSimpleApplication@15d20410
reloadAllAccessors: .Autocorrelation4

===========================================================================================
----------------- testing Tue Jan 29 22:52:50 UTC 2019 /home/travis/build/icyphy/ptII/ptolemy/domains/sdf/lib/test/auto/Autocorrelation5.xml
----------------- Instantiating /home/travis/build/icyphy/ptII/ptolemy/domains/sdf/lib/test/auto/Autocorrelation5.xml
40 ms. Memory: 146944K Free: 105408K (72%)
----------------- Invoking toplevel() on ptolemy.moml.MoMLSimpleApplication@2d98ea8
----------------- Done invoking toplevel() on ptolemy.moml.MoMLSimpleApplication@2d98ea8
reloadAllAccessors: .Autocorrelation5

===========================================================================================
----------------- testing Tue Jan 29 22:52:50 UTC 2019 /home/travis/build/icyphy/ptII/ptolemy/domains/sdf/lib/test/auto/BitsToInt.xml
----------------- Instantiating /home/travis/build/icyphy/ptII/ptolemy/domains/sdf/lib/test/auto/BitsToInt.xml
3 ms. Memory: 146944K Free: 102173K (70%)
----------------- Invoking toplevel() on ptolemy.moml.MoMLSimpleApplication@3fedc3d6
----------------- Done invoking toplevel() on ptolemy.moml.MoMLSimpleApplication@3fedc3d6
reloadAllAccessors: .BitsToInt

===========================================================================================
----------------- testing Tue Jan 29 22:52:50 UTC 2019 /home/travis/build/icyphy/ptII/ptolemy/domains/sdf/lib/test/auto/BooleanJoin.xml
----------------- Instantiating /home/travis/build/icyphy/ptII/ptolemy/domains/sdf/lib/test/auto/BooleanJoin.xml
8 ms. Memory: 146944K Free: 97524K (66%)
----------------- Invoking toplevel() on ptolemy.moml.MoMLSimpleApplication@24a7e8f0
----------------- Done invoking toplevel() on ptolemy.moml.MoMLSimpleApplication@24a7e8f0
reloadAllAccessors: .BooleanJoin

===========================================================================================
----------------- testing Tue Jan 29 22:52:50 UTC 2019 /home/travis/build/icyphy/ptII/ptolemy/domains/sdf/lib/test/auto/BootstrapSampleDelay.xml
----------------- Instantiating /home/travis/build/icyphy/ptII/ptolemy/domains/sdf/lib/test/auto/BootstrapSampleDelay.xml
5 ms. Memory: 146944K Free: 92671K (63%)
----------------- Invoking toplevel() on ptolemy.moml.MoMLSimpleApplication@efe1f63
----------------- Done invoking toplevel() on ptolemy.moml.MoMLSimpleApplication@efe1f63
reloadAllAccessors: .BootstrapSampleDelay

===========================================================================================
----------------- testing Tue Jan 29 22:52:50 UTC 2019 /home/travis/build/icyphy/ptII/ptolemy/domains/sdf/lib/test/auto/Chop.xml
----------------- Instantiating /home/travis/build/icyphy/ptII/ptolemy/domains/sdf/lib/test/auto/Chop.xml
6 ms. Memory: 146944K Free: 85172K (58%)
----------------- Invoking toplevel() on ptolemy.moml.MoMLSimpleApplication@33c5e41b
----------------- Done invoking toplevel() on ptolemy.moml.MoMLSimpleApplication@33c5e41b
reloadAllAccessors: .Chop

===========================================================================================
----------------- testing Tue Jan 29 22:52:50 UTC 2019 /home/travis/build/icyphy/ptII/ptolemy/domains/sdf/lib/test/auto/Chop2.xml
----------------- Instantiating /home/travis/build/icyphy/ptII/ptolemy/domains/sdf/lib/test/auto/Chop2.xml
9 ms. Memory: 146944K Free: 78423K (53%)
----------------- Invoking toplevel() on ptolemy.moml.MoMLSimpleApplication@49d3908d
----------------- Done invoking toplevel() on ptolemy.moml.MoMLSimpleApplication@49d3908d
reloadAllAccessors: .Chop2

===========================================================================================
----------------- testing Tue Jan 29 22:52:50 UTC 2019 /home/travis/build/icyphy/ptII/ptolemy/domains/sdf/lib/test/auto/ComplexJoin.xml
----------------- Instantiating /home/travis/build/icyphy/ptII/ptolemy/domains/sdf/lib/test/auto/ComplexJoin.xml
9 ms. Memory: 146944K Free: 134306K (91%)
----------------- Invoking toplevel() on ptolemy.moml.MoMLSimpleApplication@440cf081
----------------- Done invoking toplevel() on ptolemy.moml.MoMLSimpleApplication@440cf081
reloadAllAccessors: .ComplexJoin

===========================================================================================
----------------- testing Tue Jan 29 22:52:50 UTC 2019 /home/travis/build/icyphy/ptII/ptolemy/domains/sdf/lib/test/auto/CountTrues.xml
----------------- Instantiating /home/travis/build/icyphy/ptII/ptolemy/domains/sdf/lib/test/auto/CountTrues.xml
4 ms. Memory: 146944K Free: 130973K (89%)
----------------- Invoking toplevel() on ptolemy.moml.MoMLSimpleApplication@101bd585
----------------- Done invoking toplevel() on ptolemy.moml.MoMLSimpleApplication@101bd585
reloadAllAccessors: .CountTrues

===========================================================================================
----------------- testing Tue Jan 29 22:52:50 UTC 2019 /home/travis/build/icyphy/ptII/ptolemy/domains/sdf/lib/test/auto/DelayLine.xml
----------------- Instantiating /home/travis/build/icyphy/ptII/ptolemy/domains/sdf/lib/test/auto/DelayLine.xml
7 ms. Memory: 146944K Free: 124492K (85%)
----------------- Invoking toplevel() on ptolemy.moml.MoMLSimpleApplication@5db7610b
----------------- Done invoking toplevel() on ptolemy.moml.MoMLSimpleApplication@5db7610b
reloadAllAccessors: .DelayLine

===========================================================================================
----------------- testing Tue Jan 29 22:52:50 UTC 2019 /home/travis/build/icyphy/ptII/ptolemy/domains/sdf/lib/test/auto/DotProduct.xml
----------------- Instantiating /home/travis/build/icyphy/ptII/ptolemy/domains/sdf/lib/test/auto/DotProduct.xml
2 ms. Memory: 146944K Free: 121087K (82%)
----------------- Invoking toplevel() on ptolemy.moml.MoMLSimpleApplication@78aac47c
----------------- Done invoking toplevel() on ptolemy.moml.MoMLSimpleApplication@78aac47c
reloadAllAccessors: .DotProduct

===========================================================================================
----------------- testing Tue Jan 29 22:52:50 UTC 2019 /home/travis/build/icyphy/ptII/ptolemy/domains/sdf/lib/test/auto/DotProductMatrix.xml
----------------- Instantiating /home/travis/build/icyphy/ptII/ptolemy/domains/sdf/lib/test/auto/DotProductMatrix.xml
2 ms. Memory: 146944K Free: 117121K (80%)
----------------- Invoking toplevel() on ptolemy.moml.MoMLSimpleApplication@163ac284
----------------- Done invoking toplevel() on ptolemy.moml.MoMLSimpleApplication@163ac284
reloadAllAccessors: .DotProductMatrix

===========================================================================================
----------------- testing Tue Jan 29 22:52:50 UTC 2019 /home/travis/build/icyphy/ptII/ptolemy/domains/sdf/lib/test/auto/DownSample1.xml
----------------- Instantiating /home/travis/build/icyphy/ptII/ptolemy/domains/sdf/lib/test/auto/DownSample1.xml
7 ms. Memory: 146944K Free: 113780K (77%)
----------------- Invoking toplevel() on ptolemy.moml.MoMLSimpleApplication@6cf279e
----------------- Done invoking toplevel() on ptolemy.moml.MoMLSimpleApplication@6cf279e
reloadAllAccessors: .DownSample1

===========================================================================================
----------------- testing Tue Jan 29 22:52:50 UTC 2019 /home/travis/build/icyphy/ptII/ptolemy/domains/sdf/lib/test/auto/DynamicRateChange.xml
----------------- Instantiating /home/travis/build/icyphy/ptII/ptolemy/domains/sdf/lib/test/auto/DynamicRateChange.xml
10 ms. Memory: 146944K Free: 106907K (73%)
----------------- Invoking toplevel() on ptolemy.moml.MoMLSimpleApplication@40882d28
----------------- Done invoking toplevel() on ptolemy.moml.MoMLSimpleApplication@40882d28
reloadAllAccessors: .DynamicRateChange

===========================================================================================
----------------- testing Tue Jan 29 22:52:51 UTC 2019 /home/travis/build/icyphy/ptII/ptolemy/domains/sdf/lib/test/auto/DynamicRates.xml
----------------- Instantiating /home/travis/build/icyphy/ptII/ptolemy/domains/sdf/lib/test/auto/DynamicRates.xml
9 ms. Memory: 146944K Free: 101855K (69%)
----------------- Invoking toplevel() on ptolemy.moml.MoMLSimpleApplication@2601839b
----------------- Done invoking toplevel() on ptolemy.moml.MoMLSimpleApplication@2601839b
reloadAllAccessors: .DynamicRates

===========================================================================================
----------------- testing Tue Jan 29 22:52:51 UTC 2019 /home/travis/build/icyphy/ptII/ptolemy/domains/sdf/lib/test/auto/FFT1.xml
----------------- Instantiating /home/travis/build/icyphy/ptII/ptolemy/domains/sdf/lib/test/auto/FFT1.xml
10 ms. Memory: 146944K Free: 96595K (66%)
----------------- Invoking toplevel() on ptolemy.moml.MoMLSimpleApplication@5b1110b3
----------------- Done invoking toplevel() on ptolemy.moml.MoMLSimpleApplication@5b1110b3
reloadAllAccessors: .FFT1

===========================================================================================
----------------- testing Tue Jan 29 22:52:51 UTC 2019 /home/travis/build/icyphy/ptII/ptolemy/domains/sdf/lib/test/auto/FIR1.xml
----------------- Instantiating /home/travis/build/icyphy/ptII/ptolemy/domains/sdf/lib/test/auto/FIR1.xml
19 ms. Memory: 146944K Free: 89873K (61%)
----------------- Invoking toplevel() on ptolemy.moml.MoMLSimpleApplication@41dc7a31
----------------- Done invoking toplevel() on ptolemy.moml.MoMLSimpleApplication@41dc7a31
reloadAllAccessors: .FIR1

===========================================================================================
----------------- testing Tue Jan 29 22:52:51 UTC 2019 /home/travis/build/icyphy/ptII/ptolemy/domains/sdf/lib/test/auto/FIR2.xml
----------------- Instantiating /home/travis/build/icyphy/ptII/ptolemy/domains/sdf/lib/test/auto/FIR2.xml
4 ms. Memory: 146944K Free: 85401K (58%)
----------------- Invoking toplevel() on ptolemy.moml.MoMLSimpleApplication@3c3bdd
----------------- Done invoking toplevel() on ptolemy.moml.MoMLSimpleApplication@3c3bdd
reloadAllAccessors: .FIR2

===========================================================================================
----------------- testing Tue Jan 29 22:52:51 UTC 2019 /home/travis/build/icyphy/ptII/ptolemy/domains/sdf/lib/test/auto/FIR4.xml
----------------- Instantiating /home/travis/build/icyphy/ptII/ptolemy/domains/sdf/lib/test/auto/FIR4.xml
23 ms. Memory: 210432K Free: 202319K (96%)
----------------- Invoking toplevel() on ptolemy.moml.MoMLSimpleApplication@4c9d4a5f
----------------- Done invoking toplevel() on ptolemy.moml.MoMLSimpleApplication@4c9d4a5f
reloadAllAccessors: .FIR4

===========================================================================================
----------------- testing Tue Jan 29 22:52:51 UTC 2019 /home/travis/build/icyphy/ptII/ptolemy/domains/sdf/lib/test/auto/FixJoin.xml
----------------- Instantiating /home/travis/build/icyphy/ptII/ptolemy/domains/sdf/lib/test/auto/FixJoin.xml
5 ms. Memory: 210432K Free: 195812K (93%)
----------------- Invoking toplevel() on ptolemy.moml.MoMLSimpleApplication@785ed2bf
----------------- Done invoking toplevel() on ptolemy.moml.MoMLSimpleApplication@785ed2bf
reloadAllAccessors: .FixJoin

===========================================================================================
----------------- testing Tue Jan 29 22:52:51 UTC 2019 /home/travis/build/icyphy/ptII/ptolemy/domains/sdf/lib/test/auto/IntJoin1.xml
----------------- Instantiating /home/travis/build/icyphy/ptII/ptolemy/domains/sdf/lib/test/auto/IntJoin1.xml
4 ms. Memory: 210432K Free: 191447K (91%)
----------------- Invoking toplevel() on ptolemy.moml.MoMLSimpleApplication@46854fee
----------------- Done invoking toplevel() on ptolemy.moml.MoMLSimpleApplication@46854fee
reloadAllAccessors: .IntJoin1

===========================================================================================
----------------- testing Tue Jan 29 22:52:51 UTC 2019 /home/travis/build/icyphy/ptII/ptolemy/domains/sdf/lib/test/auto/IntJoin2.xml
----------------- Instantiating /home/travis/build/icyphy/ptII/ptolemy/domains/sdf/lib/test/auto/IntJoin2.xml
2 ms. Memory: 210432K Free: 186058K (88%)
----------------- Invoking toplevel() on ptolemy.moml.MoMLSimpleApplication@7c9814a5
----------------- Done invoking toplevel() on ptolemy.moml.MoMLSimpleApplication@7c9814a5
reloadAllAccessors: .IntJoin2

===========================================================================================
----------------- testing Tue Jan 29 22:52:51 UTC 2019 /home/travis/build/icyphy/ptII/ptolemy/domains/sdf/lib/test/auto/IntJoin3.xml
----------------- Instantiating /home/travis/build/icyphy/ptII/ptolemy/domains/sdf/lib/test/auto/IntJoin3.xml
5 ms. Memory: 210432K Free: 181693K (86%)
----------------- Invoking toplevel() on ptolemy.moml.MoMLSimpleApplication@1c7aa13f
----------------- Done invoking toplevel() on ptolemy.moml.MoMLSimpleApplication@1c7aa13f
reloadAllAccessors: .IntJoin3

===========================================================================================
----------------- testing Tue Jan 29 22:52:51 UTC 2019 /home/travis/build/icyphy/ptII/ptolemy/domains/sdf/lib/test/auto/IntJoin4.xml
----------------- Instantiating /home/travis/build/icyphy/ptII/ptolemy/domains/sdf/lib/test/auto/IntJoin4.xml
5 ms. Memory: 210432K Free: 176352K (84%)
----------------- Invoking toplevel() on ptolemy.moml.MoMLSimpleApplication@667c70ff
----------------- Done invoking toplevel() on ptolemy.moml.MoMLSimpleApplication@667c70ff
reloadAllAccessors: .IntJoin4

===========================================================================================
----------------- testing Tue Jan 29 22:52:51 UTC 2019 /home/travis/build/icyphy/ptII/ptolemy/domains/sdf/lib/test/auto/IntJoin5.xml
----------------- Instantiating /home/travis/build/icyphy/ptII/ptolemy/domains/sdf/lib/test/auto/IntJoin5.xml
2 ms. Memory: 210432K Free: 171938K (82%)
----------------- Invoking toplevel() on ptolemy.moml.MoMLSimpleApplication@52454be6
----------------- Done invoking toplevel() on ptolemy.moml.MoMLSimpleApplication@52454be6
reloadAllAccessors: .IntJoin5

===========================================================================================
----------------- testing Tue Jan 29 22:52:51 UTC 2019 /home/travis/build/icyphy/ptII/ptolemy/domains/sdf/lib/test/auto/IntToBits.xml
----------------- Instantiating /home/travis/build/icyphy/ptII/ptolemy/domains/sdf/lib/test/auto/IntToBits.xml
8 ms. Memory: 210432K Free: 168850K (80%)
----------------- Invoking toplevel() on ptolemy.moml.MoMLSimpleApplication@43d4e88
----------------- Done invoking toplevel() on ptolemy.moml.MoMLSimpleApplication@43d4e88
reloadAllAccessors: .IntToBits

===========================================================================================
----------------- testing Tue Jan 29 22:52:51 UTC 2019 /home/travis/build/icyphy/ptII/ptolemy/domains/sdf/lib/test/auto/LMSAdaptive.xml
----------------- Instantiating /home/travis/build/icyphy/ptII/ptolemy/domains/sdf/lib/test/auto/LMSAdaptive.xml
9 ms. Memory: 210432K Free: 159807K (76%)
----------------- Invoking toplevel() on ptolemy.moml.MoMLSimpleApplication@64b652b5
----------------- Done invoking toplevel() on ptolemy.moml.MoMLSimpleApplication@64b652b5
reloadAllAccessors: .LMSAdaptive

===========================================================================================
----------------- testing Tue Jan 29 22:52:51 UTC 2019 /home/travis/build/icyphy/ptII/ptolemy/domains/sdf/lib/test/auto/LMSAdaptiveFIR.xml
----------------- Instantiating /home/travis/build/icyphy/ptII/ptolemy/domains/sdf/lib/test/auto/LMSAdaptiveFIR.xml
257 ms. Memory: 210432K Free: 120404K (57%)
----------------- Invoking toplevel() on ptolemy.moml.MoMLSimpleApplication@62451e58
----------------- Done invoking toplevel() on ptolemy.moml.MoMLSimpleApplication@62451e58
reloadAllAccessors: .LMSAdaptiveFIR

===========================================================================================
----------------- testing Tue Jan 29 22:52:51 UTC 2019 /home/travis/build/icyphy/ptII/ptolemy/domains/sdf/lib/test/auto/LMSAdaptiveFIR2.xml
----------------- Instantiating /home/travis/build/icyphy/ptII/ptolemy/domains/sdf/lib/test/auto/LMSAdaptiveFIR2.xml
381 ms. Memory: 210432K Free: 181583K (86%)
----------------- Invoking toplevel() on ptolemy.moml.MoMLSimpleApplication@6dbfe2e3
----------------- Done invoking toplevel() on ptolemy.moml.MoMLSimpleApplication@6dbfe2e3
reloadAllAccessors: .LMSAdaptiveFIR2

===========================================================================================
----------------- testing Tue Jan 29 22:52:52 UTC 2019 /home/travis/build/icyphy/ptII/ptolemy/domains/sdf/lib/test/auto/LongJoin.xml
----------------- Instantiating /home/travis/build/icyphy/ptII/ptolemy/domains/sdf/lib/test/auto/LongJoin.xml
3 ms. Memory: 210432K Free: 176062K (84%)
----------------- Invoking toplevel() on ptolemy.moml.MoMLSimpleApplication@7e646ce3
----------------- Done invoking toplevel() on ptolemy.moml.MoMLSimpleApplication@7e646ce3
reloadAllAccessors: .LongJoin

===========================================================================================
----------------- testing Tue Jan 29 22:52:52 UTC 2019 /home/travis/build/icyphy/ptII/ptolemy/domains/sdf/lib/test/auto/Matrix1.xml
----------------- Instantiating /home/travis/build/icyphy/ptII/ptolemy/domains/sdf/lib/test/auto/Matrix1.xml
2 ms. Memory: 210432K Free: 171068K (81%)
----------------- Invoking toplevel() on ptolemy.moml.MoMLSimpleApplication@597f46b4
----------------- Done invoking toplevel() on ptolemy.moml.MoMLSimpleApplication@597f46b4
reloadAllAccessors: .Matrix1

===========================================================================================
----------------- testing Tue Jan 29 22:52:52 UTC 2019 /home/travis/build/icyphy/ptII/ptolemy/domains/sdf/lib/test/auto/Matrix2.xml
----------------- Instantiating /home/travis/build/icyphy/ptII/ptolemy/domains/sdf/lib/test/auto/Matrix2.xml
2 ms. Memory: 210432K Free: 166703K (79%)
----------------- Invoking toplevel() on ptolemy.moml.MoMLSimpleApplication@1d9ef39f
----------------- Done invoking toplevel() on ptolemy.moml.MoMLSimpleApplication@1d9ef39f
reloadAllAccessors: .Matrix2

===========================================================================================
----------------- testing Tue Jan 29 22:52:52 UTC 2019 /home/travis/build/icyphy/ptII/ptolemy/domains/sdf/lib/test/auto/MatrixJoin1.xml
----------------- Instantiating /home/travis/build/icyphy/ptII/ptolemy/domains/sdf/lib/test/auto/MatrixJoin1.xml
2 ms. Memory: 210432K Free: 161661K (77%)
----------------- Invoking toplevel() on ptolemy.moml.MoMLSimpleApplication@54b42dd3
----------------- Done invoking toplevel() on ptolemy.moml.MoMLSimpleApplication@54b42dd3
reloadAllAccessors: .MatrixJoin1

===========================================================================================
----------------- testing Tue Jan 29 22:52:52 UTC 2019 /home/travis/build/icyphy/ptII/ptolemy/domains/sdf/lib/test/auto/MatrixJoin2.xml
----------------- Instantiating /home/travis/build/icyphy/ptII/ptolemy/domains/sdf/lib/test/auto/MatrixJoin2.xml
2 ms. Memory: 210432K Free: 156651K (74%)
----------------- Invoking toplevel() on ptolemy.moml.MoMLSimpleApplication@6e6aee6f
----------------- Done invoking toplevel() on ptolemy.moml.MoMLSimpleApplication@6e6aee6f
reloadAllAccessors: .MatrixJoin2

===========================================================================================
----------------- testing Tue Jan 29 22:52:52 UTC 2019 /home/travis/build/icyphy/ptII/ptolemy/domains/sdf/lib/test/auto/MatrixJoin3.xml
----------------- Instantiating /home/travis/build/icyphy/ptII/ptolemy/domains/sdf/lib/test/auto/MatrixJoin3.xml
1 ms. Memory: 210432K Free: 152286K (72%)
----------------- Invoking toplevel() on ptolemy.moml.MoMLSimpleApplication@5822a7ec
----------------- Done invoking toplevel() on ptolemy.moml.MoMLSimpleApplication@5822a7ec
reloadAllAccessors: .MatrixJoin3

===========================================================================================
----------------- testing Tue Jan 29 22:52:52 UTC 2019 /home/travis/build/icyphy/ptII/ptolemy/domains/sdf/lib/test/auto/MatrixJoin4.xml
----------------- Instantiating /home/travis/build/icyphy/ptII/ptolemy/domains/sdf/lib/test/auto/MatrixJoin4.xml
2 ms. Memory: 210432K Free: 147180K (70%)
----------------- Invoking toplevel() on ptolemy.moml.MoMLSimpleApplication@4aa54077
----------------- Done invoking toplevel() on ptolemy.moml.MoMLSimpleApplication@4aa54077
reloadAllAccessors: .MatrixJoin4

===========================================================================================
----------------- testing Tue Jan 29 22:52:52 UTC 2019 /home/travis/build/icyphy/ptII/ptolemy/domains/sdf/lib/test/auto/MatrixJoin5.xml
----------------- Instantiating /home/travis/build/icyphy/ptII/ptolemy/domains/sdf/lib/test/auto/MatrixJoin5.xml
1 ms. Memory: 210432K Free: 142815K (68%)
----------------- Invoking toplevel() on ptolemy.moml.MoMLSimpleApplication@7d03985f
----------------- Done invoking toplevel() on ptolemy.moml.MoMLSimpleApplication@7d03985f
reloadAllAccessors: .MatrixJoin5

===========================================================================================
----------------- testing Tue Jan 29 22:52:52 UTC 2019 /home/travis/build/icyphy/ptII/ptolemy/domains/sdf/lib/test/auto/MatrixSplit1.xml
----------------- Instantiating /home/travis/build/icyphy/ptII/ptolemy/domains/sdf/lib/test/auto/MatrixSplit1.xml
3 ms. Memory: 210432K Free: 137207K (65%)
----------------- Invoking toplevel() on ptolemy.moml.MoMLSimpleApplication@7629b25f
----------------- Done invoking toplevel() on ptolemy.moml.MoMLSimpleApplication@7629b25f
reloadAllAccessors: .MatrixSplit1

===========================================================================================
----------------- testing Tue Jan 29 22:52:52 UTC 2019 /home/travis/build/icyphy/ptII/ptolemy/domains/sdf/lib/test/auto/MatrixSplit10.xml
----------------- Instantiating /home/travis/build/icyphy/ptII/ptolemy/domains/sdf/lib/test/auto/MatrixSplit10.xml
5 ms. Memory: 210432K Free: 132867K (63%)
----------------- Invoking toplevel() on ptolemy.moml.MoMLSimpleApplication@4eb8b15c
----------------- Done invoking toplevel() on ptolemy.moml.MoMLSimpleApplication@4eb8b15c
reloadAllAccessors: .MatrixSplit10

===========================================================================================
----------------- testing Tue Jan 29 22:52:52 UTC 2019 /home/travis/build/icyphy/ptII/ptolemy/domains/sdf/lib/test/auto/MatrixSplit11.xml
----------------- Instantiating /home/travis/build/icyphy/ptII/ptolemy/domains/sdf/lib/test/auto/MatrixSplit11.xml
2 ms. Memory: 210432K Free: 129125K (61%)
----------------- Invoking toplevel() on ptolemy.moml.MoMLSimpleApplication@6c281cae
----------------- Done invoking toplevel() on ptolemy.moml.MoMLSimpleApplication@6c281cae
reloadAllAccessors: .MatrixSplit11

===========================================================================================
----------------- testing Tue Jan 29 22:52:52 UTC 2019 /home/travis/build/icyphy/ptII/ptolemy/domains/sdf/lib/test/auto/MatrixSplit12.xml
----------------- Instantiating /home/travis/build/icyphy/ptII/ptolemy/domains/sdf/lib/test/auto/MatrixSplit12.xml
3 ms. Memory: 210432K Free: 124785K (59%)
----------------- Invoking toplevel() on ptolemy.moml.MoMLSimpleApplication@124aebe6
----------------- Done invoking toplevel() on ptolemy.moml.MoMLSimpleApplication@124aebe6
reloadAllAccessors: .MatrixSplit12

===========================================================================================
----------------- testing Tue Jan 29 22:52:52 UTC 2019 /home/travis/build/icyphy/ptII/ptolemy/domains/sdf/lib/test/auto/MatrixSplit13.xml
----------------- Instantiating /home/travis/build/icyphy/ptII/ptolemy/domains/sdf/lib/test/auto/MatrixSplit13.xml
4 ms. Memory: 210432K Free: 121091K (58%)
----------------- Invoking toplevel() on ptolemy.moml.MoMLSimpleApplication@3416c8ff
----------------- Done invoking toplevel() on ptolemy.moml.MoMLSimpleApplication@3416c8ff
reloadAllAccessors: .MatrixSplit13

===========================================================================================
----------------- testing Tue Jan 29 22:52:52 UTC 2019 /home/travis/build/icyphy/ptII/ptolemy/domains/sdf/lib/test/auto/MatrixSplit14.xml
----------------- Instantiating /home/travis/build/icyphy/ptII/ptolemy/domains/sdf/lib/test/auto/MatrixSplit14.xml
2 ms. Memory: 210432K Free: 116736K (55%)
----------------- Invoking toplevel() on ptolemy.moml.MoMLSimpleApplication@e3918b3
----------------- Done invoking toplevel() on ptolemy.moml.MoMLSimpleApplication@e3918b3
reloadAllAccessors: .MatrixSplit14

===========================================================================================
----------------- testing Tue Jan 29 22:52:52 UTC 2019 /home/travis/build/icyphy/ptII/ptolemy/domains/sdf/lib/test/auto/MatrixSplit2.xml
----------------- Instantiating /home/travis/build/icyphy/ptII/ptolemy/domains/sdf/lib/test/auto/MatrixSplit2.xml
2 ms. Memory: 210432K Free: 112396K (53%)
----------------- Invoking toplevel() on ptolemy.moml.MoMLSimpleApplication@dc3b137
----------------- Done invoking toplevel() on ptolemy.moml.MoMLSimpleApplication@dc3b137
reloadAllAccessors: .MatrixSplit2

===========================================================================================
----------------- testing Tue Jan 29 22:52:52 UTC 2019 /home/travis/build/icyphy/ptII/ptolemy/domains/sdf/lib/test/auto/MatrixSplit3.xml
----------------- Instantiating /home/travis/build/icyphy/ptII/ptolemy/domains/sdf/lib/test/auto/MatrixSplit3.xml
1 ms. Memory: 210432K Free: 108702K (52%)
----------------- Invoking toplevel() on ptolemy.moml.MoMLSimpleApplication@2a3d30d8
----------------- Done invoking toplevel() on ptolemy.moml.MoMLSimpleApplication@2a3d30d8
reloadAllAccessors: .MatrixSplit3

===========================================================================================
----------------- testing Tue Jan 29 22:52:52 UTC 2019 /home/travis/build/icyphy/ptII/ptolemy/domains/sdf/lib/test/auto/MatrixSplit4.xml
----------------- Instantiating /home/travis/build/icyphy/ptII/ptolemy/domains/sdf/lib/test/auto/MatrixSplit4.xml
2 ms. Memory: 210432K Free: 104331K (50%)
----------------- Invoking toplevel() on ptolemy.moml.MoMLSimpleApplication@71602bca
----------------- Done invoking toplevel() on ptolemy.moml.MoMLSimpleApplication@71602bca
reloadAllAccessors: .MatrixSplit4

===========================================================================================
----------------- testing Tue Jan 29 22:52:52 UTC 2019 /home/travis/build/icyphy/ptII/ptolemy/domains/sdf/lib/test/auto/MatrixSplit5.xml
----------------- Instantiating /home/travis/build/icyphy/ptII/ptolemy/domains/sdf/lib/test/auto/MatrixSplit5.xml
2 ms. Memory: 210432K Free: 99959K (48%)
----------------- Invoking toplevel() on ptolemy.moml.MoMLSimpleApplication@152c6439
----------------- Done invoking toplevel() on ptolemy.moml.MoMLSimpleApplication@152c6439
reloadAllAccessors: .MatrixSplit5

===========================================================================================
----------------- testing Tue Jan 29 22:52:52 UTC 2019 /home/travis/build/icyphy/ptII/ptolemy/domains/sdf/lib/test/auto/MatrixSplit6.xml
----------------- Instantiating /home/travis/build/icyphy/ptII/ptolemy/domains/sdf/lib/test/auto/MatrixSplit6.xml
1 ms. Memory: 210432K Free: 96273K (46%)
----------------- Invoking toplevel() on ptolemy.moml.MoMLSimpleApplication@792c0daa
----------------- Done invoking toplevel() on ptolemy.moml.MoMLSimpleApplication@792c0daa
reloadAllAccessors: .MatrixSplit6

===========================================================================================
----------------- testing Tue Jan 29 22:52:52 UTC 2019 /home/travis/build/icyphy/ptII/ptolemy/domains/sdf/lib/test/auto/MatrixSplit7.xml
----------------- Instantiating /home/travis/build/icyphy/ptII/ptolemy/domains/sdf/lib/test/auto/MatrixSplit7.xml
3 ms. Memory: 210432K Free: 91941K (44%)
----------------- Invoking toplevel() on ptolemy.moml.MoMLSimpleApplication@49a22429
----------------- Done invoking toplevel() on ptolemy.moml.MoMLSimpleApplication@49a22429
reloadAllAccessors: .MatrixSplit7

===========================================================================================
----------------- testing Tue Jan 29 22:52:52 UTC 2019 /home/travis/build/icyphy/ptII/ptolemy/domains/sdf/lib/test/auto/MatrixSplit8.xml
----------------- Instantiating /home/travis/build/icyphy/ptII/ptolemy/domains/sdf/lib/test/auto/MatrixSplit8.xml
1 ms. Memory: 210432K Free: 87610K (42%)
----------------- Invoking toplevel() on ptolemy.moml.MoMLSimpleApplication@70e4dd45
----------------- Done invoking toplevel() on ptolemy.moml.MoMLSimpleApplication@70e4dd45
reloadAllAccessors: .MatrixSplit8

===========================================================================================
----------------- testing Tue Jan 29 22:52:52 UTC 2019 /home/travis/build/icyphy/ptII/ptolemy/domains/sdf/lib/test/auto/MatrixSplit9.xml
----------------- Instantiating /home/travis/build/icyphy/ptII/ptolemy/domains/sdf/lib/test/auto/MatrixSplit9.xml
2 ms. Memory: 210432K Free: 83892K (40%)
----------------- Invoking toplevel() on ptolemy.moml.MoMLSimpleApplication@7df132c2
----------------- Done invoking toplevel() on ptolemy.moml.MoMLSimpleApplication@7df132c2
reloadAllAccessors: .MatrixSplit9

===========================================================================================
----------------- testing Tue Jan 29 22:52:52 UTC 2019 /home/travis/build/icyphy/ptII/ptolemy/domains/sdf/lib/test/auto/MatrixToSequence.xml
----------------- Instantiating /home/travis/build/icyphy/ptII/ptolemy/domains/sdf/lib/test/auto/MatrixToSequence.xml
10 ms. Memory: 333824K Free: 319947K (96%)
----------------- Invoking toplevel() on ptolemy.moml.MoMLSimpleApplication@166964
----------------- Done invoking toplevel() on ptolemy.moml.MoMLSimpleApplication@166964
reloadAllAccessors: .MatrixToSequence

===========================================================================================
----------------- testing Tue Jan 29 22:52:52 UTC 2019 /home/travis/build/icyphy/ptII/ptolemy/domains/sdf/lib/test/auto/MaximumEntropySpectrum.xml
----------------- Instantiating /home/travis/build/icyphy/ptII/ptolemy/domains/sdf/lib/test/auto/MaximumEntropySpectrum.xml
14 ms. Memory: 333824K Free: 296044K (89%)
----------------- Invoking toplevel() on ptolemy.moml.MoMLSimpleApplication@15a85df7
----------------- Done invoking toplevel() on ptolemy.moml.MoMLSimpleApplication@15a85df7
reloadAllAccessors: .MaximumEntropySpectrum

===========================================================================================
----------------- testing Tue Jan 29 22:52:52 UTC 2019 /home/travis/build/icyphy/ptII/ptolemy/domains/sdf/lib/test/auto/SampleDelayConversion.xml
----------------- Instantiating /home/travis/build/icyphy/ptII/ptolemy/domains/sdf/lib/test/auto/SampleDelayConversion.xml
2 ms. Memory: 333824K Free: 291129K (87%)
----------------- Invoking toplevel() on ptolemy.moml.MoMLSimpleApplication@37032345
----------------- Done invoking toplevel() on ptolemy.moml.MoMLSimpleApplication@37032345
reloadAllAccessors: .SampleDelayConversion

===========================================================================================
----------------- testing Tue Jan 29 22:52:52 UTC 2019 /home/travis/build/icyphy/ptII/ptolemy/domains/sdf/lib/test/auto/SequenceToArray.xml
----------------- Instantiating /home/travis/build/icyphy/ptII/ptolemy/domains/sdf/lib/test/auto/SequenceToArray.xml
7 ms. Memory: 333824K Free: 277056K (83%)
----------------- Invoking toplevel() on ptolemy.moml.MoMLSimpleApplication@50ea6828
----------------- Done invoking toplevel() on ptolemy.moml.MoMLSimpleApplication@50ea6828
reloadAllAccessors: .SequenceToArray

===========================================================================================
----------------- testing Tue Jan 29 22:52:53 UTC 2019 /home/travis/build/icyphy/ptII/ptolemy/domains/sdf/lib/test/auto/SequenceToMatrix.xml
----------------- Instantiating /home/travis/build/icyphy/ptII/ptolemy/domains/sdf/lib/test/auto/SequenceToMatrix.xml
3548 ms. Memory: 333824K Free: 185257K (55%)
----------------- Invoking toplevel() on ptolemy.moml.MoMLSimpleApplication@4cbba7cd
----------------- Done invoking toplevel() on ptolemy.moml.MoMLSimpleApplication@4cbba7cd
reloadAllAccessors: .SequenceToMatrix

===========================================================================================
----------------- testing Tue Jan 29 22:52:56 UTC 2019 /home/travis/build/icyphy/ptII/ptolemy/domains/sdf/lib/test/auto/SmoothedPeriodogram.xml
----------------- Instantiating /home/travis/build/icyphy/ptII/ptolemy/domains/sdf/lib/test/auto/SmoothedPeriodogram.xml
13 ms. Memory: 333824K Free: 166533K (50%)
----------------- Invoking toplevel() on ptolemy.moml.MoMLSimpleApplication@44f25cb6
----------------- Done invoking toplevel() on ptolemy.moml.MoMLSimpleApplication@44f25cb6
reloadAllAccessors: .SmoothedPeriodogram

===========================================================================================
----------------- testing Tue Jan 29 22:52:56 UTC 2019 /home/travis/build/icyphy/ptII/ptolemy/domains/sdf/lib/test/auto/UpDownSample1.xml
----------------- Instantiating /home/travis/build/icyphy/ptII/ptolemy/domains/sdf/lib/test/auto/UpDownSample1.xml
2 ms. Memory: 333824K Free: 160981K (48%)
----------------- Invoking toplevel() on ptolemy.moml.MoMLSimpleApplication@5109a8c7
----------------- Done invoking toplevel() on ptolemy.moml.MoMLSimpleApplication@5109a8c7
reloadAllAccessors: .UpDownSample1

===========================================================================================
----------------- testing Tue Jan 29 22:52:56 UTC 2019 /home/travis/build/icyphy/ptII/ptolemy/domains/sdf/lib/test/auto/UpSample1.xml
----------------- Instantiating /home/travis/build/icyphy/ptII/ptolemy/domains/sdf/lib/test/auto/UpSample1.xml
2 ms. Memory: 333824K Free: 156659K (47%)
----------------- Invoking toplevel() on ptolemy.moml.MoMLSimpleApplication@14603ab9
----------------- Done invoking toplevel() on ptolemy.moml.MoMLSimpleApplication@14603ab9
reloadAllAccessors: .UpSample1

===========================================================================================
----------------- testing Tue Jan 29 22:52:56 UTC 2019 /home/travis/build/icyphy/ptII/ptolemy/domains/sdf/lib/test/auto/VariableFIR.xml
----------------- Instantiating /home/travis/build/icyphy/ptII/ptolemy/domains/sdf/lib/test/auto/VariableFIR.xml
3 ms. Memory: 333824K Free: 150436K (45%)
----------------- Invoking toplevel() on ptolemy.moml.MoMLSimpleApplication@731527a7
----------------- Done invoking toplevel() on ptolemy.moml.MoMLSimpleApplication@731527a7
reloadAllAccessors: .VariableFIR

===========================================================================================
----------------- testing Tue Jan 29 22:52:56 UTC 2019 /home/travis/build/icyphy/ptII/ptolemy/domains/sdf/lib/test/auto/VariableFIR2.xml
----------------- Instantiating /home/travis/build/icyphy/ptII/ptolemy/domains/sdf/lib/test/auto/VariableFIR2.xml
3 ms. Memory: 333824K Free: 143656K (43%)
----------------- Invoking toplevel() on ptolemy.moml.MoMLSimpleApplication@113a6ebd
----------------- Done invoking toplevel() on ptolemy.moml.MoMLSimpleApplication@113a6ebd
reloadAllAccessors: .VariableFIR2

===========================================================================================
----------------- testing Tue Jan 29 22:52:56 UTC 2019 /home/travis/build/icyphy/ptII/ptolemy/domains/sdf/lib/test/auto/VariableLattice.xml
----------------- Instantiating /home/travis/build/icyphy/ptII/ptolemy/domains/sdf/lib/test/auto/VariableLattice.xml
3 ms. Memory: 333824K Free: 135648K (41%)
----------------- Invoking toplevel() on ptolemy.moml.MoMLSimpleApplication@393d4739
----------------- Done invoking toplevel() on ptolemy.moml.MoMLSimpleApplication@393d4739
reloadAllAccessors: .VariableLattice

===========================================================================================
----------------- testing Tue Jan 29 22:52:56 UTC 2019 /home/travis/build/icyphy/ptII/ptolemy/domains/sdf/lib/test/auto/VariableLattice2.xml
----------------- Instantiating /home/travis/build/icyphy/ptII/ptolemy/domains/sdf/lib/test/auto/VariableLattice2.xml
1.0
-1.999999602036
1.9099998677481
-0.9099996420674
0.205
0.0
0.0
1.0
-0.25
-0.5
0.0
0.0
0.0
0.0
3 ms. Memory: 333824K Free: 130716K (39%)
----------------- Invoking toplevel() on ptolemy.moml.MoMLSimpleApplication@23c8c240
----------------- Done invoking toplevel() on ptolemy.moml.MoMLSimpleApplication@23c8c240
reloadAllAccessors: .VariableLattice2

===========================================================================================
----------------- testing Tue Jan 29 22:52:56 UTC 2019 /home/travis/build/icyphy/ptII/ptolemy/domains/sdf/lib/test/auto/VariableRecursiveLattice.xml
----------------- Instantiating /home/travis/build/icyphy/ptII/ptolemy/domains/sdf/lib/test/auto/VariableRecursiveLattice.xml
3 ms. Memory: 333824K Free: 125165K (37%)
----------------- Invoking toplevel() on ptolemy.moml.MoMLSimpleApplication@534aea
----------------- Done invoking toplevel() on ptolemy.moml.MoMLSimpleApplication@534aea
reloadAllAccessors: .VariableRecursiveLattice

===========================================================================================
----------------- testing Tue Jan 29 22:52:56 UTC 2019 /home/travis/build/icyphy/ptII/ptolemy/domains/sdf/lib/test/auto/VariableRecursiveLattice2.xml
----------------- Instantiating /home/travis/build/icyphy/ptII/ptolemy/domains/sdf/lib/test/auto/VariableRecursiveLattice2.xml
2 ms. Memory: 333824K Free: 119614K (36%)
----------------- Invoking toplevel() on ptolemy.moml.MoMLSimpleApplication@65f960cc
----------------- Done invoking toplevel() on ptolemy.moml.MoMLSimpleApplication@65f960cc
reloadAllAccessors: .VariableRecursiveLattice2
AutoTests.java: About to close Vertx.
AutoTests.java: Vertx closed.
]]></system-out>
  <system-err><![CDATA[]]></system-err>
</testsuite>
