<?xml version="1.0" encoding="UTF-8" ?>
<testsuite errors="0" failures="0" hostname="travis-job-5b7dfed2-6033-49fd-bed9-d58128cbf65c" name="ptolemy.domains.de.test.junit.JUnitTclTest" skipped="0" tests="101" time="132.424" timestamp="2019-07-06T04:44:28">
  <properties>
[...]
</properties>
  <testcase classname="ptolemy.util.test.junit.TclTests" name="[0] /home/travis/build/icyphy/ptII/ptolemy/domains/de/test/DependencyLoop.tcl (RunTclFile)" time="0.964" />
  <testcase classname="ptolemy.util.test.junit.TclTests" name="[1] /home/travis/build/icyphy/ptII/ptolemy/domains/de/test/RunDETestsAsQSS.tcl (RunTclFile)" time="90.265" />
  <testcase classname="ptolemy.util.test.junit.AutoKnownFailedTests" name="[0] /home/travis/build/icyphy/ptII/ptolemy/domains/de/test/auto/knownFailedTests/DESDFClockTest.xml (RunModel)" time="2.047" />
  <testcase classname="ptolemy.util.test.junit.AutoKnownFailedTests" name="[1] /home/travis/build/icyphy/ptII/ptolemy/domains/de/test/auto/knownFailedTests/DirectFeedback.xml (RunModel)" time="0.019" />
  <testcase classname="ptolemy.util.test.junit.AutoKnownFailedTests" name="[2] /home/travis/build/icyphy/ptII/ptolemy/domains/de/test/auto/knownFailedTests/FSMSource.xml (RunModel)" time="0.042" />
  <testcase classname="ptolemy.util.test.junit.AutoKnownFailedTests" name="[3] /home/travis/build/icyphy/ptII/ptolemy/domains/de/test/auto/knownFailedTests/HierarchicalModel.xml (RunModel)" time="0.048" />
  <testcase classname="ptolemy.util.test.junit.AutoKnownFailedTests" name="[4] /home/travis/build/icyphy/ptII/ptolemy/domains/de/test/auto/knownFailedTests/dependencyLoop.xml (RunModel)" time="0.048" />
  <testcase classname="ptolemy.util.test.junit.AutoKnownFailedTests" name="[5] /home/travis/build/icyphy/ptII/ptolemy/domains/de/test/auto/knownFailedTests/dependencyLoop2.xml (RunModel)" time="0.048" />
  <testcase classname="ptolemy.util.test.junit.AutoNameArchTests" name="[0] ThereAreNoAutoArchTests (RunModel)" time="0.006" />
  <testcase classname="ptolemy.util.test.junit.AutoTests" name="[0] /home/travis/build/icyphy/ptII/ptolemy/domains/de/test/auto/ActorDepthCalculation_actorWithoutPorts.xml (RunModel)" time="0.019" />
  <testcase classname="ptolemy.util.test.junit.AutoTests" name="[1] /home/travis/build/icyphy/ptII/ptolemy/domains/de/test/auto/AssemblyLine.xml (RunModel)" time="0.033" />
  <testcase classname="ptolemy.util.test.junit.AutoTests" name="[2] /home/travis/build/icyphy/ptII/ptolemy/domains/de/test/auto/CQBug1.xml (RunModel)" time="0.013" />
  <testcase classname="ptolemy.util.test.junit.AutoTests" name="[3] /home/travis/build/icyphy/ptII/ptolemy/domains/de/test/auto/CancelFireAt.xml (RunModel)" time="0.012" />
  <testcase classname="ptolemy.util.test.junit.AutoTests" name="[4] /home/travis/build/icyphy/ptII/ptolemy/domains/de/test/auto/CausalityAndComposabilityAnalysis.xml (RunModel)" time="0.012" />
  <testcase classname="ptolemy.util.test.junit.AutoTests" name="[5] /home/travis/build/icyphy/ptII/ptolemy/domains/de/test/auto/CausalityInterface1.xml (RunModel)" time="0.012" />
  <testcase classname="ptolemy.util.test.junit.AutoTests" name="[6] /home/travis/build/icyphy/ptII/ptolemy/domains/de/test/auto/CausalityInterface15.xml (RunModel)" time="0.013" />
  <testcase classname="ptolemy.util.test.junit.AutoTests" name="[7] /home/travis/build/icyphy/ptII/ptolemy/domains/de/test/auto/CausalityInterface2.xml (RunModel)" time="0.02" />
  <testcase classname="ptolemy.util.test.junit.AutoTests" name="[8] /home/travis/build/icyphy/ptII/ptolemy/domains/de/test/auto/CausalityInterface3.xml (RunModel)" time="0.015" />
  <testcase classname="ptolemy.util.test.junit.AutoTests" name="[9] /home/travis/build/icyphy/ptII/ptolemy/domains/de/test/auto/ClockDrift.xml (RunModel)" time="0.043" />
  <testcase classname="ptolemy.util.test.junit.AutoTests" name="[10] /home/travis/build/icyphy/ptII/ptolemy/domains/de/test/auto/ClockDriftAndValueChange.xml (RunModel)" time="0.037" />
  <testcase classname="ptolemy.util.test.junit.AutoTests" name="[11] /home/travis/build/icyphy/ptII/ptolemy/domains/de/test/auto/ClockDriftChange.xml (RunModel)" time="0.031" />
  <testcase classname="ptolemy.util.test.junit.AutoTests" name="[12] /home/travis/build/icyphy/ptII/ptolemy/domains/de/test/auto/ComposableCausalityAnalysis.xml (RunModel)" time="0.01" />
  <testcase classname="ptolemy.util.test.junit.AutoTests" name="[13] /home/travis/build/icyphy/ptII/ptolemy/domains/de/test/auto/DEFixedPointLimitation.xml (RunModel)" time="0.007" />
  <testcase classname="ptolemy.util.test.junit.AutoTests" name="[14] /home/travis/build/icyphy/ptII/ptolemy/domains/de/test/auto/DEScheduleTest.xml (RunModel)" time="0.01" />
  <testcase classname="ptolemy.util.test.junit.AutoTests" name="[15] /home/travis/build/icyphy/ptII/ptolemy/domains/de/test/auto/DEinDEwithStartTimes.xml (RunModel)" time="0.014" />
  <testcase classname="ptolemy.util.test.junit.AutoTests" name="[16] /home/travis/build/icyphy/ptII/ptolemy/domains/de/test/auto/DEinDEwithStartTimes2.xml (RunModel)" time="0.012" />
  <testcase classname="ptolemy.util.test.junit.AutoTests" name="[17] /home/travis/build/icyphy/ptII/ptolemy/domains/de/test/auto/DateDemo.xml (RunModel)" time="0.036" />
  <testcase classname="ptolemy.util.test.junit.AutoTests" name="[18] /home/travis/build/icyphy/ptII/ptolemy/domains/de/test/auto/DateToEvent.xml (RunModel)" time="2.032" />
  <testcase classname="ptolemy.util.test.junit.AutoTests" name="[19] /home/travis/build/icyphy/ptII/ptolemy/domains/de/test/auto/DepthTest1.xml (RunModel)" time="0.009" />
  <testcase classname="ptolemy.util.test.junit.AutoTests" name="[20] /home/travis/build/icyphy/ptII/ptolemy/domains/de/test/auto/DepthTest2.xml (RunModel)" time="0.026" />
  <testcase classname="ptolemy.util.test.junit.AutoTests" name="[21] /home/travis/build/icyphy/ptII/ptolemy/domains/de/test/auto/DepthTest3.xml (RunModel)" time="0.015" />
  <testcase classname="ptolemy.util.test.junit.AutoTests" name="[22] /home/travis/build/icyphy/ptII/ptolemy/domains/de/test/auto/DepthTest4.xml (RunModel)" time="0.013" />
  <testcase classname="ptolemy.util.test.junit.AutoTests" name="[23] /home/travis/build/icyphy/ptII/ptolemy/domains/de/test/auto/DepthTest5.xml (RunModel)" time="0.015" />
  <testcase classname="ptolemy.util.test.junit.AutoTests" name="[24] /home/travis/build/icyphy/ptII/ptolemy/domains/de/test/auto/DepthTest6.xml (RunModel)" time="0.014" />
  <testcase classname="ptolemy.util.test.junit.AutoTests" name="[25] /home/travis/build/icyphy/ptII/ptolemy/domains/de/test/auto/DepthTest7.xml (RunModel)" time="0.023" />
  <testcase classname="ptolemy.util.test.junit.AutoTests" name="[26] /home/travis/build/icyphy/ptII/ptolemy/domains/de/test/auto/EventToDate.xml (RunModel)" time="3.035" />
  <testcase classname="ptolemy.util.test.junit.AutoTests" name="[27] /home/travis/build/icyphy/ptII/ptolemy/domains/de/test/auto/FSM1.xml (RunModel)" time="0.043" />
  <testcase classname="ptolemy.util.test.junit.AutoTests" name="[28] /home/travis/build/icyphy/ptII/ptolemy/domains/de/test/auto/FSM7.xml (RunModel)" time="0.044" />
  <testcase classname="ptolemy.util.test.junit.AutoTests" name="[29] /home/travis/build/icyphy/ptII/ptolemy/domains/de/test/auto/Inspection.xml (RunModel)" time="0.04" />
  <testcase classname="ptolemy.util.test.junit.AutoTests" name="[30] /home/travis/build/icyphy/ptII/ptolemy/domains/de/test/auto/Iteration.xml (RunModel)" time="0.025" />
  <testcase classname="ptolemy.util.test.junit.AutoTests" name="[31] /home/travis/build/icyphy/ptII/ptolemy/domains/de/test/auto/LineFault.xml (RunModel)" time="0.636" />
  <testcase classname="ptolemy.util.test.junit.AutoTests" name="[32] /home/travis/build/icyphy/ptII/ptolemy/domains/de/test/auto/MergeModel1Add.xml (RunModel)" time="0.054" />
  <testcase classname="ptolemy.util.test.junit.AutoTests" name="[33] /home/travis/build/icyphy/ptII/ptolemy/domains/de/test/auto/MergeModel2Add.xml (RunModel)" time="0.04" />
  <testcase classname="ptolemy.util.test.junit.AutoTests" name="[34] /home/travis/build/icyphy/ptII/ptolemy/domains/de/test/auto/MergeModel3Add.xml (RunModel)" time="0.046" />
  <testcase classname="ptolemy.util.test.junit.AutoTests" name="[35] /home/travis/build/icyphy/ptII/ptolemy/domains/de/test/auto/MergeWithoutDiscard.xml (RunModel)" time="0.01" />
  <testcase classname="ptolemy.util.test.junit.AutoTests" name="[36] /home/travis/build/icyphy/ptII/ptolemy/domains/de/test/auto/Modal1.xml (RunModel)" time="0.041" />
  <testcase classname="ptolemy.util.test.junit.AutoTests" name="[37] /home/travis/build/icyphy/ptII/ptolemy/domains/de/test/auto/Modal2.xml (RunModel)" time="0.03" />
  <testcase classname="ptolemy.util.test.junit.AutoTests" name="[38] /home/travis/build/icyphy/ptII/ptolemy/domains/de/test/auto/Modal3.xml (RunModel)" time="0.037" />
  <testcase classname="ptolemy.util.test.junit.AutoTests" name="[39] /home/travis/build/icyphy/ptII/ptolemy/domains/de/test/auto/Modal4.xml (RunModel)" time="0.028" />
  <testcase classname="ptolemy.util.test.junit.AutoTests" name="[40] /home/travis/build/icyphy/ptII/ptolemy/domains/de/test/auto/Modal5.xml (RunModel)" time="0.035" />
  <testcase classname="ptolemy.util.test.junit.AutoTests" name="[41] /home/travis/build/icyphy/ptII/ptolemy/domains/de/test/auto/Modal6.xml (RunModel)" time="0.033" />
  <testcase classname="ptolemy.util.test.junit.AutoTests" name="[42] /home/travis/build/icyphy/ptII/ptolemy/domains/de/test/auto/Modal7.xml (RunModel)" time="0.036" />
  <testcase classname="ptolemy.util.test.junit.AutoTests" name="[43] /home/travis/build/icyphy/ptII/ptolemy/domains/de/test/auto/ModalModel.xml (RunModel)" time="0.195" />
  <testcase classname="ptolemy.util.test.junit.AutoTests" name="[44] /home/travis/build/icyphy/ptII/ptolemy/domains/de/test/auto/ModalSource.xml (RunModel)" time="0.022" />
  <testcase classname="ptolemy.util.test.junit.AutoTests" name="[45] /home/travis/build/icyphy/ptII/ptolemy/domains/de/test/auto/NonInterruptibleTimerZeroDelay.xml (RunModel)" time="0.009" />
  <testcase classname="ptolemy.util.test.junit.AutoTests" name="[46] /home/travis/build/icyphy/ptII/ptolemy/domains/de/test/auto/OpenQueueingNetwork.xml (RunModel)" time="2.466" />
  <testcase classname="ptolemy.util.test.junit.AutoTests" name="[47] /home/travis/build/icyphy/ptII/ptolemy/domains/de/test/auto/OpenQueuingNetwork.xml (RunModel)" time="0.264" />
  <testcase classname="ptolemy.util.test.junit.AutoTests" name="[48] /home/travis/build/icyphy/ptII/ptolemy/domains/de/test/auto/PeriodicSampler.xml (RunModel)" time="0.012" />
  <testcase classname="ptolemy.util.test.junit.AutoTests" name="[49] /home/travis/build/icyphy/ptII/ptolemy/domains/de/test/auto/PersistentIO.xml (RunModel)" time="0.021" />
  <testcase classname="ptolemy.util.test.junit.AutoTests" name="[50] /home/travis/build/icyphy/ptII/ptolemy/domains/de/test/auto/PortParameterResetOnInitialize.xml (RunModel)" time="0.01" />
  <testcase classname="ptolemy.util.test.junit.AutoTests" name="[51] /home/travis/build/icyphy/ptII/ptolemy/domains/de/test/auto/PortParameterUpdates.xml (RunModel)" time="0.014" />
  <testcase classname="ptolemy.util.test.junit.AutoTests" name="[52] /home/travis/build/icyphy/ptII/ptolemy/domains/de/test/auto/QueueAndServer.xml (RunModel)" time="0.019" />
  <testcase classname="ptolemy.util.test.junit.AutoTests" name="[53] /home/travis/build/icyphy/ptII/ptolemy/domains/de/test/auto/Records.xml (RunModel)" time="0.013" />
  <testcase classname="ptolemy.util.test.junit.AutoTests" name="[54] /home/travis/build/icyphy/ptII/ptolemy/domains/de/test/auto/ResetTransitionWithStartTime1.xml (RunModel)" time="0.02" />
  <testcase classname="ptolemy.util.test.junit.AutoTests" name="[55] /home/travis/build/icyphy/ptII/ptolemy/domains/de/test/auto/ResetTransitionWithStartTime2.xml (RunModel)" time="0.019" />
  <testcase classname="ptolemy.util.test.junit.AutoTests" name="[56] /home/travis/build/icyphy/ptII/ptolemy/domains/de/test/auto/ResetTransitionWithStartTime3.xml (RunModel)" time="0.018" />
  <testcase classname="ptolemy.util.test.junit.AutoTests" name="[57] /home/travis/build/icyphy/ptII/ptolemy/domains/de/test/auto/ResetTransitionWithStartTime4.xml (RunModel)" time="0.017" />
  <testcase classname="ptolemy.util.test.junit.AutoTests" name="[58] /home/travis/build/icyphy/ptII/ptolemy/domains/de/test/auto/ResettableTimer1.xml (RunModel)" time="0.009" />
  <testcase classname="ptolemy.util.test.junit.AutoTests" name="[59] /home/travis/build/icyphy/ptII/ptolemy/domains/de/test/auto/ResettableTimer2.xml (RunModel)" time="0.009" />
  <testcase classname="ptolemy.util.test.junit.AutoTests" name="[60] /home/travis/build/icyphy/ptII/ptolemy/domains/de/test/auto/ResettableTimer3.xml (RunModel)" time="0.008" />
  <testcase classname="ptolemy.util.test.junit.AutoTests" name="[61] /home/travis/build/icyphy/ptII/ptolemy/domains/de/test/auto/ResettableTimer4.xml (RunModel)" time="0.007" />
  <testcase classname="ptolemy.util.test.junit.AutoTests" name="[62] /home/travis/build/icyphy/ptII/ptolemy/domains/de/test/auto/ResettableTimer5.xml (RunModel)" time="0.009" />
  <testcase classname="ptolemy.util.test.junit.AutoTests" name="[63] /home/travis/build/icyphy/ptII/ptolemy/domains/de/test/auto/ResettableTimer6.xml (RunModel)" time="0.017" />
  <testcase classname="ptolemy.util.test.junit.AutoTests" name="[64] /home/travis/build/icyphy/ptII/ptolemy/domains/de/test/auto/ServerZeroDelay.xml (RunModel)" time="0.01" />
  <testcase classname="ptolemy.util.test.junit.AutoTests" name="[65] /home/travis/build/icyphy/ptII/ptolemy/domains/de/test/auto/SmartSender.xml (RunModel)" time="3.007" />
  <testcase classname="ptolemy.util.test.junit.AutoTests" name="[66] /home/travis/build/icyphy/ptII/ptolemy/domains/de/test/auto/ThreadedComposite.xml (RunModel)" time="0.148" />
  <testcase classname="ptolemy.util.test.junit.AutoTests" name="[67] /home/travis/build/icyphy/ptII/ptolemy/domains/de/test/auto/Time.xml (RunModel)" time="0.457" />
  <testcase classname="ptolemy.util.test.junit.AutoTests" name="[68] /home/travis/build/icyphy/ptII/ptolemy/domains/de/test/auto/TimeDelayZeroDelay.xml (RunModel)" time="0.011" />
  <testcase classname="ptolemy.util.test.junit.AutoTests" name="[69] /home/travis/build/icyphy/ptII/ptolemy/domains/de/test/auto/TimerZeroDelay.xml (RunModel)" time="0.009" />
  <testcase classname="ptolemy.util.test.junit.AutoTests" name="[70] /home/travis/build/icyphy/ptII/ptolemy/domains/de/test/auto/TimingParadox.xml (RunModel)" time="0.388" />
  <testcase classname="ptolemy.util.test.junit.AutoTests" name="[71] /home/travis/build/icyphy/ptII/ptolemy/domains/de/test/auto/TransferInputs.xml (RunModel)" time="0.009" />
  <testcase classname="ptolemy.util.test.junit.AutoTests" name="[72] /home/travis/build/icyphy/ptII/ptolemy/domains/de/test/auto/TransferOutputs2.xml (RunModel)" time="0.014" />
  <testcase classname="ptolemy.util.test.junit.AutoTests" name="[73] /home/travis/build/icyphy/ptII/ptolemy/domains/de/test/auto/Trilateration.xml (RunModel)" time="12.231" />
  <testcase classname="ptolemy.util.test.junit.AutoTests" name="[74] /home/travis/build/icyphy/ptII/ptolemy/domains/de/test/auto/TwoSigmaDelta.xml (RunModel)" time="2.141" />
  <testcase classname="ptolemy.util.test.junit.AutoTests" name="[75] /home/travis/build/icyphy/ptII/ptolemy/domains/de/test/auto/VariableDelay.xml (RunModel)" time="0.014" />
  <testcase classname="ptolemy.util.test.junit.AutoTests" name="[76] /home/travis/build/icyphy/ptII/ptolemy/domains/de/test/auto/VariableDelay2.xml (RunModel)" time="0.008" />
  <testcase classname="ptolemy.util.test.junit.AutoTests" name="[77] /home/travis/build/icyphy/ptII/ptolemy/domains/de/test/auto/VariableDelayZeroDelay.xml (RunModel)" time="0.017" />
  <testcase classname="ptolemy.util.test.junit.AutoTests" name="[78] /home/travis/build/icyphy/ptII/ptolemy/domains/de/test/auto/VariableDelayZeroDelay2.xml (RunModel)" time="0.015" />
  <testcase classname="ptolemy.util.test.junit.AutoTests" name="[79] /home/travis/build/icyphy/ptII/ptolemy/domains/de/test/auto/deInCt.xml (RunModel)" time="0.013" />
  <testcase classname="ptolemy.util.test.junit.AutoTests" name="[80] /home/travis/build/icyphy/ptII/ptolemy/domains/de/test/auto/deInCt2.xml (RunModel)" time="0.016" />
  <testcase classname="ptolemy.util.test.junit.AutoTests" name="[81] /home/travis/build/icyphy/ptII/ptolemy/domains/de/test/auto/dynamicCausalityInterface1.xml (RunModel)" time="0.017" />
  <testcase classname="ptolemy.util.test.junit.AutoTests" name="[82] /home/travis/build/icyphy/ptII/ptolemy/domains/de/test/auto/fsm_de_test.xml (RunModel)" time="0.019" />
  <testcase classname="ptolemy.util.test.junit.AutoTests" name="[83] /home/travis/build/icyphy/ptII/ptolemy/domains/de/test/auto/functionDependencyReconstruction.xml (RunModel)" time="0.028" />
  <testcase classname="ptolemy.util.test.junit.AutoTests" name="[84] /home/travis/build/icyphy/ptII/ptolemy/domains/de/test/auto/multirate.xml (RunModel)" time="0.014" />
  <testcase classname="ptolemy.util.test.junit.AutoTests" name="[85] /home/travis/build/icyphy/ptII/ptolemy/domains/de/test/auto/multirate2.xml (RunModel)" time="0.021" />
  <testcase classname="ptolemy.util.test.junit.AutoTests" name="[86] /home/travis/build/icyphy/ptII/ptolemy/domains/de/test/auto/realtime.xml (RunModel)" time="10.009" />
  <testcase classname="ptolemy.util.test.junit.AutoTests" name="[87] /home/travis/build/icyphy/ptII/ptolemy/domains/de/test/auto/relationGroup.xml (RunModel)" time="0.006" />
  <testcase classname="ptolemy.util.test.junit.AutoTests" name="[88] /home/travis/build/icyphy/ptII/ptolemy/domains/de/test/auto/relationGroup2.xml (RunModel)" time="0.009" />
  <testcase classname="ptolemy.util.test.junit.AutoTests" name="[89] /home/travis/build/icyphy/ptII/ptolemy/domains/de/test/auto/sortWithOpaquePorts.xml (RunModel)" time="0.006" />
  <testcase classname="ptolemy.util.test.junit.AutoTests" name="[90] /home/travis/build/icyphy/ptII/ptolemy/domains/de/test/auto/transferInputsandOutputs.xml (RunModel)" time="0.017" />
  <testcase classname="ptolemy.util.test.junit.AutoTests" name="[91] /home/travis/build/icyphy/ptII/ptolemy/domains/de/test/auto/triggerType.xml (RunModel)" time="0.01" />
  <system-out><![CDATA[/home/travis/build/icyphy/ptII/ptolemy/domains/de/test/DependencyLoop.tcl
testDefs.tcl: setting time out to 9000 seconds at Sat Jul 06 04:44:28 UTC 2019
82 ms. Memory: 120832K Free: 99334K (82%)
22 ms. Memory: 168960K Free: 151390K (90%)
/home/travis/build/icyphy/ptII/ptolemy/domains/de/test/RunDETestsAsQSS.tcl
Run the DE tests using ptolemy.domains.qss.test.QSSDirectorTest, which extends QSSDirector and prints a message in the constructors.
------------------ testing $PTII/ptolemy/domains/de/test/auto/knownFailedTests/DirectFeedback.xml (Known Failure) 
62 ms. Memory: 168960K Free: 145790K (86%)


==== $PTIIhome/travis/build/icyphy/ptII/ptolemy/domains/de/test/../../../../: Auto Automatic test in file $PTII/ptolemy/domains/de/test/auto/knownFailedTests/DirectFeedback.xml
==== Contents of test case:

	    # FIXME: we should use $relativeFilename here, but it
	    # might have backslashes under Windows, which causes no end
	    # of trouble.
	    createAndExecute $file
	    list {}
	
.... Test generated KNOWN error:
    while executing
ptolemy.kernel.util.IllegalActionException: Test fails in iteration 1.
Value was: 1.0. Should have been: 2.0
  in .DirectFeedback.Test
	at ptolemy.actor.lib.Test.fire(Test.java:268)
	at ptolemy.domains.de.kernel.DEDirector._fire(DEDirector.java:1949)
	at ptolemy.domains.de.kernel.DEDirector.fire(DEDirector.java:502)
	at ptolemy.actor.CompositeActor.fire(CompositeActor.java:455)
	at ptolemy.actor.Manager.iterate(Manager.java:851)
	at ptolemy.actor.Manager.execute(Manager.java:369)
	at ptolemy.actor.Manager.run(Manager.java:1263)
	at ptolemy.actor.Manager$PtolemyRunThread.run(Manager.java:1915)

    while executing
ptolemy.kernel.util.IllegalActionException: Test fails in iteration 1.
Value was: 1.0. Should have been: 2.0
  in .DirectFeedback.Test
    while executing
"java::new ptolemy.moml.MoMLSimpleApplication $file
"
    (procedure "createAndExecute" line 2)
    invoked from within
"createAndExecute $file"
    ("uplevel" body line 5)
    invoked from within
"uplevel $contents_of_test"
------------------ testing $PTII/ptolemy/domains/de/test/auto/knownFailedTests/dependencyLoop.xml (Known Failure) 
16 ms. Memory: 168960K Free: 142718K (84%)


==== $PTIIhome/travis/build/icyphy/ptII/ptolemy/domains/de/test/../../../../: Auto Automatic test in file $PTII/ptolemy/domains/de/test/auto/knownFailedTests/dependencyLoop.xml
==== Contents of test case:

	    # FIXME: we should use $relativeFilename here, but it
	    # might have backslashes under Windows, which causes no end
	    # of trouble.
	    createAndExecute $file
	    list {}
	
.... Test generated KNOWN error:
    while executing
ptolemy.kernel.util.IllegalActionException: Found a zero delay loop containing .dependencyLoop.original
  in .dependencyLoop and .dependencyLoop.original
	at ptolemy.actor.util.CausalityInterfaceForComposites._computeOutputPortDepth(CausalityInterfaceForComposites.java:759)
	at ptolemy.actor.util.CausalityInterfaceForComposites._computeInputDepth(CausalityInterfaceForComposites.java:696)
	at ptolemy.actor.util.CausalityInterfaceForComposites._computeOutputPortDepth(CausalityInterfaceForComposites.java:765)
	at ptolemy.actor.util.CausalityInterfaceForComposites._computeInputDepth(CausalityInterfaceForComposites.java:696)
	at ptolemy.actor.util.CausalityInterfaceForComposites._computeOutputPortDepth(CausalityInterfaceForComposites.java:765)
	at ptolemy.actor.util.CausalityInterfaceForComposites._computeInputDepth(CausalityInterfaceForComposites.java:696)
	at ptolemy.actor.util.CausalityInterfaceForComposites._computeActorDepth(CausalityInterfaceForComposites.java:532)
	at ptolemy.actor.util.CausalityInterfaceForComposites.checkForCycles(CausalityInterfaceForComposites.java:96)
	at ptolemy.domains.de.kernel.DEDirector.preinitialize(DEDirector.java:1338)
	at ptolemy.actor.CompositeActor.preinitialize(CompositeActor.java:1828)
	at ptolemy.actor.Manager.preinitializeAndResolveTypes(Manager.java:1040)
	at ptolemy.actor.Manager.initialize(Manager.java:710)
	at ptolemy.actor.Manager.execute(Manager.java:356)
	at ptolemy.actor.Manager.run(Manager.java:1263)
	at ptolemy.actor.Manager$PtolemyRunThread.run(Manager.java:1915)

    while executing
ptolemy.kernel.util.IllegalActionException: Found a zero delay loop containing .dependencyLoop.original
  in .dependencyLoop and .dependencyLoop.original
    while executing
"java::new ptolemy.moml.MoMLSimpleApplication $file
"
    (procedure "createAndExecute" line 2)
    invoked from within
"createAndExecute $file"
    ("uplevel" body line 5)
    invoked from within
"uplevel $contents_of_test"
------------------ testing $PTII/ptolemy/domains/de/test/auto/knownFailedTests/FSMSource.xml (Known Failure) 
99 ms. Memory: 168960K Free: 133502K (79%)
!!!! Auto was marked as failing, but now passes
------------------ testing $PTII/ptolemy/domains/de/test/auto/knownFailedTests/HierarchicalModel.xml (Known Failure) 
7 ms. Memory: 168960K Free: 115566K (68%)


==== $PTIIhome/travis/build/icyphy/ptII/ptolemy/domains/de/test/../../../../: Auto Automatic test in file $PTII/ptolemy/domains/de/test/auto/knownFailedTests/HierarchicalModel.xml
==== Contents of test case:

	    # FIXME: we should use $relativeFilename here, but it
	    # might have backslashes under Windows, which causes no end
	    # of trouble.
	    createAndExecute $file
	    list {}
	
.... Test generated KNOWN error:
    while executing
ptolemy.kernel.util.IllegalActionException: Found a zero delay loop containing .HierarchicalModel.A
  in .HierarchicalModel and .HierarchicalModel.A
	at ptolemy.actor.util.CausalityInterfaceForComposites._computeOutputPortDepth(CausalityInterfaceForComposites.java:759)
	at ptolemy.actor.util.CausalityInterfaceForComposites._computeInputDepth(CausalityInterfaceForComposites.java:696)
	at ptolemy.actor.util.CausalityInterfaceForComposites._computeOutputPortDepth(CausalityInterfaceForComposites.java:765)
	at ptolemy.actor.util.CausalityInterfaceForComposites._computeInputDepth(CausalityInterfaceForComposites.java:696)
	at ptolemy.actor.util.CausalityInterfaceForComposites._computeOutputPortDepth(CausalityInterfaceForComposites.java:765)
	at ptolemy.actor.util.CausalityInterfaceForComposites._computeInputDepth(CausalityInterfaceForComposites.java:696)
	at ptolemy.actor.util.CausalityInterfaceForComposites._computeActorDepth(CausalityInterfaceForComposites.java:532)
	at ptolemy.actor.util.CausalityInterfaceForComposites.checkForCycles(CausalityInterfaceForComposites.java:96)
	at ptolemy.domains.de.kernel.DEDirector.preinitialize(DEDirector.java:1338)
	at ptolemy.actor.CompositeActor.preinitialize(CompositeActor.java:1828)
	at ptolemy.actor.Manager.preinitializeAndResolveTypes(Manager.java:1040)
	at ptolemy.actor.Manager.initialize(Manager.java:710)
	at ptolemy.actor.Manager.execute(Manager.java:356)
	at ptolemy.actor.Manager.run(Manager.java:1263)
	at ptolemy.actor.Manager$PtolemyRunThread.run(Manager.java:1915)

    while executing
ptolemy.kernel.util.IllegalActionException: Found a zero delay loop containing .HierarchicalModel.A
  in .HierarchicalModel and .HierarchicalModel.A
    while executing
"java::new ptolemy.moml.MoMLSimpleApplication $file
"
    (procedure "createAndExecute" line 2)
    invoked from within
"createAndExecute $file"
    ("uplevel" body line 5)
    invoked from within
"uplevel $contents_of_test"
------------------ testing $PTII/ptolemy/domains/de/test/auto/knownFailedTests/dependencyLoop2.xml (Known Failure) 
12 ms. Memory: 168960K Free: 111998K (66%)


==== $PTIIhome/travis/build/icyphy/ptII/ptolemy/domains/de/test/../../../../: Auto Automatic test in file $PTII/ptolemy/domains/de/test/auto/knownFailedTests/dependencyLoop2.xml
==== Contents of test case:

	    # FIXME: we should use $relativeFilename here, but it
	    # might have backslashes under Windows, which causes no end
	    # of trouble.
	    createAndExecute $file
	    list {}
	
.... Test generated KNOWN error:
    while executing
ptolemy.kernel.util.IllegalActionException: Found a zero delay loop containing .dependencyLoop2.original
  in .dependencyLoop2 and .dependencyLoop2.original
	at ptolemy.actor.util.CausalityInterfaceForComposites._computeOutputPortDepth(CausalityInterfaceForComposites.java:759)
	at ptolemy.actor.util.CausalityInterfaceForComposites._computeInputDepth(CausalityInterfaceForComposites.java:696)
	at ptolemy.actor.util.CausalityInterfaceForComposites._computeOutputPortDepth(CausalityInterfaceForComposites.java:765)
	at ptolemy.actor.util.CausalityInterfaceForComposites._computeInputDepth(CausalityInterfaceForComposites.java:696)
	at ptolemy.actor.util.CausalityInterfaceForComposites._computeOutputPortDepth(CausalityInterfaceForComposites.java:765)
	at ptolemy.actor.util.CausalityInterfaceForComposites._computeInputDepth(CausalityInterfaceForComposites.java:696)
	at ptolemy.actor.util.CausalityInterfaceForComposites._computeActorDepth(CausalityInterfaceForComposites.java:532)
	at ptolemy.actor.util.CausalityInterfaceForComposites.checkForCycles(CausalityInterfaceForComposites.java:96)
	at ptolemy.domains.de.kernel.DEDirector.preinitialize(DEDirector.java:1338)
	at ptolemy.actor.CompositeActor.preinitialize(CompositeActor.java:1828)
	at ptolemy.actor.Manager.preinitializeAndResolveTypes(Manager.java:1040)
	at ptolemy.actor.Manager.initialize(Manager.java:710)
	at ptolemy.actor.Manager.execute(Manager.java:356)
	at ptolemy.actor.Manager.run(Manager.java:1263)
	at ptolemy.actor.Manager$PtolemyRunThread.run(Manager.java:1915)

    while executing
ptolemy.kernel.util.IllegalActionException: Found a zero delay loop containing .dependencyLoop2.original
  in .dependencyLoop2 and .dependencyLoop2.original
    while executing
"java::new ptolemy.moml.MoMLSimpleApplication $file
"
    (procedure "createAndExecute" line 2)
    invoked from within
"createAndExecute $file"
    ("uplevel" body line 5)
    invoked from within
"uplevel $contents_of_test"
------------------ testing $PTII/ptolemy/domains/de/test/auto/knownFailedTests/DESDFClockTest.xml (Known Failure) 
2066 ms. Memory: 168960K Free: 99196K (59%)


==== $PTIIhome/travis/build/icyphy/ptII/ptolemy/domains/de/test/../../../../: Auto Automatic test in file $PTII/ptolemy/domains/de/test/auto/knownFailedTests/DESDFClockTest.xml
==== Contents of test case:

	    # FIXME: we should use $relativeFilename here, but it
	    # might have backslashes under Windows, which causes no end
	    # of trouble.
	    createAndExecute $file
	    list {}
	
.... Test generated KNOWN error:
    while executing
ptolemy.kernel.util.IllegalActionException: Actor is not ready to fire.  Perhaps UpSample.prefire() returned false? Try debugging the actor by selecting "Listen to Actor".  Also, for SDF check moml for tokenConsumptionRate on input.
  in .DESDFClockTest.Play Bell.Copy1:SDF Director and .DESDFClockTest.Play Bell.UpSample
	at ptolemy.actor.sched.StaticSchedulingDirector.fire(StaticSchedulingDirector.java:227)
	at ptolemy.domains.sdf.kernel.SDFDirector.fire(SDFDirector.java:500)
	at ptolemy.actor.CompositeActor.fire(CompositeActor.java:455)
	at ptolemy.domains.de.kernel.DEDirector._fire(DEDirector.java:1949)
	at ptolemy.domains.de.kernel.DEDirector.fire(DEDirector.java:502)
	at ptolemy.actor.CompositeActor.fire(CompositeActor.java:455)
	at ptolemy.actor.Manager.iterate(Manager.java:851)
	at ptolemy.actor.Manager.execute(Manager.java:369)
	at ptolemy.actor.Manager.run(Manager.java:1263)
	at ptolemy.actor.Manager$PtolemyRunThread.run(Manager.java:1915)

    while executing
ptolemy.kernel.util.IllegalActionException: Actor is not ready to fire.  Perhaps UpSample.prefire() returned false? Try debugging the actor by selecting "Listen to Actor".  Also, for SDF check moml for tokenConsumptionRate on input.
  in .DESDFClockTest.Play Bell.Copy1:SDF Director and .DESDFClockTest.Play Bell.UpSample
    while executing
"java::new ptolemy.moml.MoMLSimpleApplication $file
"
    (procedure "createAndExecute" line 2)
    invoked from within
"createAndExecute $file"
    ("uplevel" body line 5)
    invoked from within
"uplevel $contents_of_test"
------------------ testing $PTII/ptolemy/domains/de/test/auto/ActorDepthCalculation_actorWithoutPorts.xml
auto.tcl: Setting watchdog for 200 seconds at Sat Jul 06 04:44:32 UTC 2019
7 ms. Memory: 168960K Free: 92014K (54%)
ptolemy.util.test.WatchDog.cancel(): canceling Sat Jul 06 04:44:32 UTC 2019
auto.tcl: Setting watchdog for 200 seconds at Sat Jul 06 04:44:32 UTC 2019
7 ms. Memory: 168960K Free: 90494K (54%)
ptolemy.util.test.WatchDog.cancel(): canceling Sat Jul 06 04:44:32 UTC 2019
------------------ testing $PTII/ptolemy/domains/de/test/auto/AssemblyLine.xml
auto.tcl: Setting watchdog for 200 seconds at Sat Jul 06 04:44:32 UTC 2019
18 ms. Memory: 45056K Free: 23494K (52%)
ptolemy.util.test.WatchDog.cancel(): canceling Sat Jul 06 04:44:32 UTC 2019
auto.tcl: Setting watchdog for 200 seconds at Sat Jul 06 04:44:32 UTC 2019
8 ms. Memory: 45056K Free: 22584K (50%)
ptolemy.util.test.WatchDog.cancel(): canceling Sat Jul 06 04:44:32 UTC 2019
------------------ testing $PTII/ptolemy/domains/de/test/auto/CQBug1.xml
auto.tcl: Setting watchdog for 200 seconds at Sat Jul 06 04:44:32 UTC 2019
2 ms. Memory: 45056K Free: 29265K (65%)
ptolemy.util.test.WatchDog.cancel(): canceling Sat Jul 06 04:44:32 UTC 2019
auto.tcl: Setting watchdog for 200 seconds at Sat Jul 06 04:44:32 UTC 2019
2 ms. Memory: 45056K Free: 28968K (64%)
ptolemy.util.test.WatchDog.cancel(): canceling Sat Jul 06 04:44:32 UTC 2019
------------------ testing $PTII/ptolemy/domains/de/test/auto/CancelFireAt.xml
auto.tcl: Setting watchdog for 200 seconds at Sat Jul 06 04:44:33 UTC 2019
5 ms. Memory: 45056K Free: 30147K (67%)
ptolemy.util.test.WatchDog.cancel(): canceling Sat Jul 06 04:44:33 UTC 2019
auto.tcl: Setting watchdog for 200 seconds at Sat Jul 06 04:44:33 UTC 2019
2 ms. Memory: 45056K Free: 29562K (66%)
ptolemy.util.test.WatchDog.cancel(): canceling Sat Jul 06 04:44:33 UTC 2019
------------------ testing $PTII/ptolemy/domains/de/test/auto/CausalityAndComposabilityAnalysis.xml
auto.tcl: Setting watchdog for 200 seconds at Sat Jul 06 04:44:33 UTC 2019
13 ms. Memory: 45056K Free: 28093K (62%)
ptolemy.util.test.WatchDog.cancel(): canceling Sat Jul 06 04:44:33 UTC 2019
auto.tcl: Setting watchdog for 200 seconds at Sat Jul 06 04:44:33 UTC 2019
6 ms. Memory: 45056K Free: 27491K (61%)
ptolemy.util.test.WatchDog.cancel(): canceling Sat Jul 06 04:44:33 UTC 2019
------------------ testing $PTII/ptolemy/domains/de/test/auto/CausalityInterface1.xml
auto.tcl: Setting watchdog for 200 seconds at Sat Jul 06 04:44:33 UTC 2019
29 ms. Memory: 45056K Free: 26672K (59%)
ptolemy.util.test.WatchDog.cancel(): canceling Sat Jul 06 04:44:33 UTC 2019
auto.tcl: Setting watchdog for 200 seconds at Sat Jul 06 04:44:33 UTC 2019
4 ms. Memory: 45056K Free: 25611K (57%)
ptolemy.util.test.WatchDog.cancel(): canceling Sat Jul 06 04:44:33 UTC 2019
------------------ testing $PTII/ptolemy/domains/de/test/auto/CausalityInterface15.xml
auto.tcl: Setting watchdog for 200 seconds at Sat Jul 06 04:44:33 UTC 2019
8 ms. Memory: 45056K Free: 26969K (60%)
ptolemy.util.test.WatchDog.cancel(): canceling Sat Jul 06 04:44:33 UTC 2019
auto.tcl: Setting watchdog for 200 seconds at Sat Jul 06 04:44:33 UTC 2019
3 ms. Memory: 45056K Free: 25846K (57%)
ptolemy.util.test.WatchDog.cancel(): canceling Sat Jul 06 04:44:33 UTC 2019
------------------ testing $PTII/ptolemy/domains/de/test/auto/CausalityInterface2.xml
auto.tcl: Setting watchdog for 200 seconds at Sat Jul 06 04:44:33 UTC 2019
4 ms. Memory: 45056K Free: 27516K (61%)
ptolemy.util.test.WatchDog.cancel(): canceling Sat Jul 06 04:44:33 UTC 2019
auto.tcl: Setting watchdog for 200 seconds at Sat Jul 06 04:44:33 UTC 2019
2 ms. Memory: 45056K Free: 26774K (59%)
ptolemy.util.test.WatchDog.cancel(): canceling Sat Jul 06 04:44:33 UTC 2019
------------------ testing $PTII/ptolemy/domains/de/test/auto/CausalityInterface3.xml
auto.tcl: Setting watchdog for 200 seconds at Sat Jul 06 04:44:33 UTC 2019
6 ms. Memory: 45056K Free: 27304K (61%)
ptolemy.util.test.WatchDog.cancel(): canceling Sat Jul 06 04:44:33 UTC 2019
auto.tcl: Setting watchdog for 200 seconds at Sat Jul 06 04:44:33 UTC 2019
3 ms. Memory: 45056K Free: 26497K (59%)
ptolemy.util.test.WatchDog.cancel(): canceling Sat Jul 06 04:44:33 UTC 2019
------------------ testing $PTII/ptolemy/domains/de/test/auto/ClockDrift.xml
auto.tcl: Setting watchdog for 200 seconds at Sat Jul 06 04:44:33 UTC 2019
52 ms. Memory: 45056K Free: 19697K (44%)
ptolemy.util.test.WatchDog.cancel(): canceling Sat Jul 06 04:44:33 UTC 2019
auto.tcl: Setting watchdog for 200 seconds at Sat Jul 06 04:44:33 UTC 2019
49 ms. Memory: 45056K Free: 16533K (37%)
ptolemy.util.test.WatchDog.cancel(): canceling Sat Jul 06 04:44:33 UTC 2019
------------------ testing $PTII/ptolemy/domains/de/test/auto/ClockDriftAndValueChange.xml
auto.tcl: Setting watchdog for 200 seconds at Sat Jul 06 04:44:33 UTC 2019
57 ms. Memory: 45056K Free: 20036K (44%)
ptolemy.util.test.WatchDog.cancel(): canceling Sat Jul 06 04:44:33 UTC 2019
auto.tcl: Setting watchdog for 200 seconds at Sat Jul 06 04:44:33 UTC 2019
23 ms. Memory: 45056K Free: 16846K (37%)
ptolemy.util.test.WatchDog.cancel(): canceling Sat Jul 06 04:44:33 UTC 2019
------------------ testing $PTII/ptolemy/domains/de/test/auto/ClockDriftChange.xml
auto.tcl: Setting watchdog for 200 seconds at Sat Jul 06 04:44:33 UTC 2019
16 ms. Memory: 45056K Free: 21420K (48%)
ptolemy.util.test.WatchDog.cancel(): canceling Sat Jul 06 04:44:34 UTC 2019
auto.tcl: Setting watchdog for 200 seconds at Sat Jul 06 04:44:34 UTC 2019
18 ms. Memory: 45056K Free: 18934K (42%)
ptolemy.util.test.WatchDog.cancel(): canceling Sat Jul 06 04:44:34 UTC 2019
------------------ testing $PTII/ptolemy/domains/de/test/auto/ComposableCausalityAnalysis.xml
auto.tcl: Setting watchdog for 200 seconds at Sat Jul 06 04:44:34 UTC 2019
2 ms. Memory: 45056K Free: 26026K (58%)
ptolemy.util.test.WatchDog.cancel(): canceling Sat Jul 06 04:44:34 UTC 2019
auto.tcl: Setting watchdog for 200 seconds at Sat Jul 06 04:44:34 UTC 2019
3 ms. Memory: 45056K Free: 25021K (56%)
ptolemy.util.test.WatchDog.cancel(): canceling Sat Jul 06 04:44:34 UTC 2019
------------------ testing $PTII/ptolemy/domains/de/test/auto/DEFixedPointLimitation.xml
auto.tcl: Setting watchdog for 200 seconds at Sat Jul 06 04:44:34 UTC 2019
2 ms. Memory: 45056K Free: 27416K (61%)
ptolemy.util.test.WatchDog.cancel(): canceling Sat Jul 06 04:44:34 UTC 2019
auto.tcl: Setting watchdog for 200 seconds at Sat Jul 06 04:44:34 UTC 2019
2 ms. Memory: 45056K Free: 26711K (59%)
ptolemy.util.test.WatchDog.cancel(): canceling Sat Jul 06 04:44:34 UTC 2019
------------------ testing $PTII/ptolemy/domains/de/test/auto/DEScheduleTest.xml
auto.tcl: Setting watchdog for 200 seconds at Sat Jul 06 04:44:34 UTC 2019
7 ms. Memory: 45056K Free: 27842K (62%)
ptolemy.util.test.WatchDog.cancel(): canceling Sat Jul 06 04:44:34 UTC 2019
auto.tcl: Setting watchdog for 200 seconds at Sat Jul 06 04:44:34 UTC 2019
2 ms. Memory: 45056K Free: 27036K (60%)
ptolemy.util.test.WatchDog.cancel(): canceling Sat Jul 06 04:44:34 UTC 2019
------------------ testing $PTII/ptolemy/domains/de/test/auto/DEinDEwithStartTimes.xml
auto.tcl: Setting watchdog for 200 seconds at Sat Jul 06 04:44:34 UTC 2019
5 ms. Memory: 45056K Free: 26156K (58%)
ptolemy.util.test.WatchDog.cancel(): canceling Sat Jul 06 04:44:34 UTC 2019
auto.tcl: Setting watchdog for 200 seconds at Sat Jul 06 04:44:34 UTC 2019
4 ms. Memory: 45056K Free: 24925K (55%)
ptolemy.util.test.WatchDog.cancel(): canceling Sat Jul 06 04:44:34 UTC 2019
------------------ testing $PTII/ptolemy/domains/de/test/auto/DEinDEwithStartTimes2.xml
auto.tcl: Setting watchdog for 200 seconds at Sat Jul 06 04:44:34 UTC 2019
7 ms. Memory: 45056K Free: 25297K (56%)
ptolemy.util.test.WatchDog.cancel(): canceling Sat Jul 06 04:44:34 UTC 2019
auto.tcl: Setting watchdog for 200 seconds at Sat Jul 06 04:44:34 UTC 2019
7 ms. Memory: 45056K Free: 23993K (53%)
ptolemy.util.test.WatchDog.cancel(): canceling Sat Jul 06 04:44:34 UTC 2019
------------------ testing $PTII/ptolemy/domains/de/test/auto/DateDemo.xml
auto.tcl: Setting watchdog for 200 seconds at Sat Jul 06 04:44:34 UTC 2019
16 ms. Memory: 45056K Free: 19854K (44%)
ptolemy.util.test.WatchDog.cancel(): canceling Sat Jul 06 04:44:34 UTC 2019
auto.tcl: Setting watchdog for 200 seconds at Sat Jul 06 04:44:34 UTC 2019
7 ms. Memory: 45056K Free: 18132K (40%)
ptolemy.util.test.WatchDog.cancel(): canceling Sat Jul 06 04:44:34 UTC 2019
------------------ testing $PTII/ptolemy/domains/de/test/auto/DateToEvent.xml
auto.tcl: Setting watchdog for 200 seconds at Sat Jul 06 04:44:34 UTC 2019
2018 ms. Memory: 45056K Free: 30857K (68%)
ptolemy.util.test.WatchDog.cancel(): canceling Sat Jul 06 04:44:36 UTC 2019
auto.tcl: Setting watchdog for 200 seconds at Sat Jul 06 04:44:36 UTC 2019
2003 ms. Memory: 45056K Free: 30123K (67%)
ptolemy.util.test.WatchDog.cancel(): canceling Sat Jul 06 04:44:38 UTC 2019
------------------ testing $PTII/ptolemy/domains/de/test/auto/DepthTest1.xml
auto.tcl: Setting watchdog for 200 seconds at Sat Jul 06 04:44:38 UTC 2019
4 ms. Memory: 45056K Free: 28760K (64%)
ptolemy.util.test.WatchDog.cancel(): canceling Sat Jul 06 04:44:38 UTC 2019
auto.tcl: Setting watchdog for 200 seconds at Sat Jul 06 04:44:38 UTC 2019
2 ms. Memory: 45056K Free: 28277K (63%)
ptolemy.util.test.WatchDog.cancel(): canceling Sat Jul 06 04:44:38 UTC 2019
------------------ testing $PTII/ptolemy/domains/de/test/auto/DepthTest2.xml
auto.tcl: Setting watchdog for 200 seconds at Sat Jul 06 04:44:38 UTC 2019
10 ms. Memory: 45056K Free: 25185K (56%)
ptolemy.util.test.WatchDog.cancel(): canceling Sat Jul 06 04:44:38 UTC 2019
auto.tcl: Setting watchdog for 200 seconds at Sat Jul 06 04:44:38 UTC 2019
2 ms. Memory: 45056K Free: 24600K (55%)
ptolemy.util.test.WatchDog.cancel(): canceling Sat Jul 06 04:44:38 UTC 2019
------------------ testing $PTII/ptolemy/domains/de/test/auto/DepthTest3.xml
auto.tcl: Setting watchdog for 200 seconds at Sat Jul 06 04:44:38 UTC 2019
4 ms. Memory: 45056K Free: 28987K (64%)
ptolemy.util.test.WatchDog.cancel(): canceling Sat Jul 06 04:44:38 UTC 2019
auto.tcl: Setting watchdog for 200 seconds at Sat Jul 06 04:44:38 UTC 2019
2 ms. Memory: 45056K Free: 28564K (63%)
ptolemy.util.test.WatchDog.cancel(): canceling Sat Jul 06 04:44:38 UTC 2019
------------------ testing $PTII/ptolemy/domains/de/test/auto/DepthTest4.xml
auto.tcl: Setting watchdog for 200 seconds at Sat Jul 06 04:44:38 UTC 2019
11 ms. Memory: 45056K Free: 27175K (60%)
ptolemy.util.test.WatchDog.cancel(): canceling Sat Jul 06 04:44:39 UTC 2019
auto.tcl: Setting watchdog for 200 seconds at Sat Jul 06 04:44:39 UTC 2019
3 ms. Memory: 45056K Free: 26286K (58%)
ptolemy.util.test.WatchDog.cancel(): canceling Sat Jul 06 04:44:39 UTC 2019
------------------ testing $PTII/ptolemy/domains/de/test/auto/DepthTest5.xml
auto.tcl: Setting watchdog for 200 seconds at Sat Jul 06 04:44:39 UTC 2019
4 ms. Memory: 45056K Free: 26494K (59%)
ptolemy.util.test.WatchDog.cancel(): canceling Sat Jul 06 04:44:39 UTC 2019
auto.tcl: Setting watchdog for 200 seconds at Sat Jul 06 04:44:39 UTC 2019
3 ms. Memory: 45056K Free: 25881K (57%)
ptolemy.util.test.WatchDog.cancel(): canceling Sat Jul 06 04:44:39 UTC 2019
------------------ testing $PTII/ptolemy/domains/de/test/auto/DepthTest6.xml
auto.tcl: Setting watchdog for 200 seconds at Sat Jul 06 04:44:39 UTC 2019
3 ms. Memory: 45056K Free: 26397K (59%)
ptolemy.util.test.WatchDog.cancel(): canceling Sat Jul 06 04:44:39 UTC 2019
auto.tcl: Setting watchdog for 200 seconds at Sat Jul 06 04:44:39 UTC 2019
3 ms. Memory: 45056K Free: 25858K (57%)
ptolemy.util.test.WatchDog.cancel(): canceling Sat Jul 06 04:44:39 UTC 2019
------------------ testing $PTII/ptolemy/domains/de/test/auto/DepthTest7.xml
auto.tcl: Setting watchdog for 200 seconds at Sat Jul 06 04:44:39 UTC 2019
3 ms. Memory: 45056K Free: 27114K (60%)
ptolemy.util.test.WatchDog.cancel(): canceling Sat Jul 06 04:44:39 UTC 2019
auto.tcl: Setting watchdog for 200 seconds at Sat Jul 06 04:44:39 UTC 2019
2 ms. Memory: 45056K Free: 26237K (58%)
ptolemy.util.test.WatchDog.cancel(): canceling Sat Jul 06 04:44:39 UTC 2019
------------------ testing $PTII/ptolemy/domains/de/test/auto/EventToDate.xml
auto.tcl: Setting watchdog for 200 seconds at Sat Jul 06 04:44:39 UTC 2019
3007 ms. Memory: 45056K Free: 18091K (40%)
ptolemy.util.test.WatchDog.cancel(): canceling Sat Jul 06 04:44:42 UTC 2019
auto.tcl: Setting watchdog for 200 seconds at Sat Jul 06 04:44:42 UTC 2019
3005 ms. Memory: 45056K Free: 17348K (39%)
ptolemy.util.test.WatchDog.cancel(): canceling Sat Jul 06 04:44:45 UTC 2019
------------------ testing $PTII/ptolemy/domains/de/test/auto/FSM1.xml
auto.tcl: Setting watchdog for 200 seconds at Sat Jul 06 04:44:45 UTC 2019
38 ms. Memory: 45056K Free: 19223K (43%)
ptolemy.util.test.WatchDog.cancel(): canceling Sat Jul 06 04:44:45 UTC 2019
auto.tcl: Setting watchdog for 200 seconds at Sat Jul 06 04:44:45 UTC 2019
27 ms. Memory: 45056K Free: 16005K (36%)
ptolemy.util.test.WatchDog.cancel(): canceling Sat Jul 06 04:44:45 UTC 2019
------------------ testing $PTII/ptolemy/domains/de/test/auto/FSM7.xml
auto.tcl: Setting watchdog for 200 seconds at Sat Jul 06 04:44:45 UTC 2019
28 ms. Memory: 45056K Free: 19051K (42%)
ptolemy.util.test.WatchDog.cancel(): canceling Sat Jul 06 04:44:45 UTC 2019
auto.tcl: Setting watchdog for 200 seconds at Sat Jul 06 04:44:45 UTC 2019
21 ms. Memory: 45056K Free: 15902K (35%)
ptolemy.util.test.WatchDog.cancel(): canceling Sat Jul 06 04:44:45 UTC 2019
------------------ testing $PTII/ptolemy/domains/de/test/auto/Inspection.xml
auto.tcl: Setting watchdog for 200 seconds at Sat Jul 06 04:44:45 UTC 2019
35 ms. Memory: 45056K Free: 18846K (42%)
ptolemy.util.test.WatchDog.cancel(): canceling Sat Jul 06 04:44:45 UTC 2019
auto.tcl: Setting watchdog for 200 seconds at Sat Jul 06 04:44:45 UTC 2019
21 ms. Memory: 45056K Free: 17054K (38%)
ptolemy.util.test.WatchDog.cancel(): canceling Sat Jul 06 04:44:45 UTC 2019
------------------ testing $PTII/ptolemy/domains/de/test/auto/Iteration.xml
auto.tcl: Setting watchdog for 200 seconds at Sat Jul 06 04:44:45 UTC 2019
11 ms. Memory: 45056K Free: 24577K (55%)
ptolemy.util.test.WatchDog.cancel(): canceling Sat Jul 06 04:44:45 UTC 2019
auto.tcl: Setting watchdog for 200 seconds at Sat Jul 06 04:44:45 UTC 2019
6 ms. Memory: 45056K Free: 23107K (51%)
ptolemy.util.test.WatchDog.cancel(): canceling Sat Jul 06 04:44:45 UTC 2019
------------------ testing $PTII/ptolemy/domains/de/test/auto/LineFault.xml
auto.tcl: Setting watchdog for 200 seconds at Sat Jul 06 04:44:45 UTC 2019
739 ms. Memory: 45056K Free: 16611K (37%)
ptolemy.util.test.WatchDog.cancel(): canceling Sat Jul 06 04:44:46 UTC 2019
auto.tcl: Setting watchdog for 200 seconds at Sat Jul 06 04:44:46 UTC 2019
600 ms. Memory: 54272K Free: 30001K (55%)
ptolemy.util.test.WatchDog.cancel(): canceling Sat Jul 06 04:44:47 UTC 2019
------------------ testing $PTII/ptolemy/domains/de/test/auto/MergeModel1Add.xml
auto.tcl: Setting watchdog for 200 seconds at Sat Jul 06 04:44:47 UTC 2019
39 ms. Memory: 51200K Free: 17169K (34%)
ptolemy.util.test.WatchDog.cancel(): canceling Sat Jul 06 04:44:47 UTC 2019
auto.tcl: Setting watchdog for 200 seconds at Sat Jul 06 04:44:47 UTC 2019
11 ms. Memory: 51200K Free: 15426K (30%)
ptolemy.util.test.WatchDog.cancel(): canceling Sat Jul 06 04:44:47 UTC 2019
------------------ testing $PTII/ptolemy/domains/de/test/auto/MergeModel2Add.xml
auto.tcl: Setting watchdog for 200 seconds at Sat Jul 06 04:44:47 UTC 2019
11 ms. Memory: 48128K Free: 16069K (33%)
ptolemy.util.test.WatchDog.cancel(): canceling Sat Jul 06 04:44:47 UTC 2019
auto.tcl: Setting watchdog for 200 seconds at Sat Jul 06 04:44:47 UTC 2019
11 ms. Memory: 48128K Free: 14678K (30%)
ptolemy.util.test.WatchDog.cancel(): canceling Sat Jul 06 04:44:47 UTC 2019
------------------ testing $PTII/ptolemy/domains/de/test/auto/MergeModel3Add.xml
auto.tcl: Setting watchdog for 200 seconds at Sat Jul 06 04:44:47 UTC 2019
10 ms. Memory: 48128K Free: 15617K (32%)
ptolemy.util.test.WatchDog.cancel(): canceling Sat Jul 06 04:44:47 UTC 2019
auto.tcl: Setting watchdog for 200 seconds at Sat Jul 06 04:44:47 UTC 2019
9 ms. Memory: 48128K Free: 14031K (29%)
ptolemy.util.test.WatchDog.cancel(): canceling Sat Jul 06 04:44:47 UTC 2019
------------------ testing $PTII/ptolemy/domains/de/test/auto/MergeWithoutDiscard.xml
auto.tcl: Setting watchdog for 200 seconds at Sat Jul 06 04:44:48 UTC 2019
3 ms. Memory: 48128K Free: 30532K (63%)
ptolemy.util.test.WatchDog.cancel(): canceling Sat Jul 06 04:44:48 UTC 2019
auto.tcl: Setting watchdog for 200 seconds at Sat Jul 06 04:44:48 UTC 2019
1 ms. Memory: 48128K Free: 30018K (62%)
ptolemy.util.test.WatchDog.cancel(): canceling Sat Jul 06 04:44:48 UTC 2019
------------------ testing $PTII/ptolemy/domains/de/test/auto/Modal1.xml
auto.tcl: Setting watchdog for 200 seconds at Sat Jul 06 04:44:48 UTC 2019
19 ms. Memory: 48128K Free: 22084K (46%)
ptolemy.util.test.WatchDog.cancel(): canceling Sat Jul 06 04:44:48 UTC 2019
auto.tcl: Setting watchdog for 200 seconds at Sat Jul 06 04:44:48 UTC 2019
28 ms. Memory: 48128K Free: 18485K (38%)
ptolemy.util.test.WatchDog.cancel(): canceling Sat Jul 06 04:44:48 UTC 2019
------------------ testing $PTII/ptolemy/domains/de/test/auto/Modal2.xml
auto.tcl: Setting watchdog for 200 seconds at Sat Jul 06 04:44:48 UTC 2019
10 ms. Memory: 48128K Free: 22175K (46%)
ptolemy.util.test.WatchDog.cancel(): canceling Sat Jul 06 04:44:48 UTC 2019
auto.tcl: Setting watchdog for 200 seconds at Sat Jul 06 04:44:48 UTC 2019
12 ms. Memory: 48128K Free: 18960K (39%)
ptolemy.util.test.WatchDog.cancel(): canceling Sat Jul 06 04:44:48 UTC 2019
------------------ testing $PTII/ptolemy/domains/de/test/auto/Modal3.xml
auto.tcl: Setting watchdog for 200 seconds at Sat Jul 06 04:44:48 UTC 2019
14 ms. Memory: 48128K Free: 21957K (46%)
ptolemy.util.test.WatchDog.cancel(): canceling Sat Jul 06 04:44:48 UTC 2019
auto.tcl: Setting watchdog for 200 seconds at Sat Jul 06 04:44:48 UTC 2019
13 ms. Memory: 48128K Free: 18948K (39%)
ptolemy.util.test.WatchDog.cancel(): canceling Sat Jul 06 04:44:48 UTC 2019
------------------ testing $PTII/ptolemy/domains/de/test/auto/Modal4.xml
auto.tcl: Setting watchdog for 200 seconds at Sat Jul 06 04:44:48 UTC 2019
12 ms. Memory: 48128K Free: 21123K (44%)
ptolemy.util.test.WatchDog.cancel(): canceling Sat Jul 06 04:44:48 UTC 2019
auto.tcl: Setting watchdog for 200 seconds at Sat Jul 06 04:44:48 UTC 2019
14 ms. Memory: 48128K Free: 17283K (36%)
ptolemy.util.test.WatchDog.cancel(): canceling Sat Jul 06 04:44:48 UTC 2019
------------------ testing $PTII/ptolemy/domains/de/test/auto/Modal5.xml
auto.tcl: Setting watchdog for 200 seconds at Sat Jul 06 04:44:48 UTC 2019
16 ms. Memory: 48128K Free: 21119K (44%)
ptolemy.util.test.WatchDog.cancel(): canceling Sat Jul 06 04:44:48 UTC 2019
auto.tcl: Setting watchdog for 200 seconds at Sat Jul 06 04:44:48 UTC 2019
16 ms. Memory: 48128K Free: 17295K (36%)
ptolemy.util.test.WatchDog.cancel(): canceling Sat Jul 06 04:44:48 UTC 2019
------------------ testing $PTII/ptolemy/domains/de/test/auto/Modal6.xml
auto.tcl: Setting watchdog for 200 seconds at Sat Jul 06 04:44:48 UTC 2019
18 ms. Memory: 48128K Free: 22141K (46%)
ptolemy.util.test.WatchDog.cancel(): canceling Sat Jul 06 04:44:48 UTC 2019
auto.tcl: Setting watchdog for 200 seconds at Sat Jul 06 04:44:48 UTC 2019
16 ms. Memory: 48128K Free: 17962K (37%)
ptolemy.util.test.WatchDog.cancel(): canceling Sat Jul 06 04:44:48 UTC 2019
------------------ testing $PTII/ptolemy/domains/de/test/auto/Modal7.xml
auto.tcl: Setting watchdog for 200 seconds at Sat Jul 06 04:44:48 UTC 2019
15 ms. Memory: 48128K Free: 21101K (44%)
ptolemy.util.test.WatchDog.cancel(): canceling Sat Jul 06 04:44:48 UTC 2019
auto.tcl: Setting watchdog for 200 seconds at Sat Jul 06 04:44:48 UTC 2019
13 ms. Memory: 48128K Free: 17630K (37%)
ptolemy.util.test.WatchDog.cancel(): canceling Sat Jul 06 04:44:48 UTC 2019
------------------ testing $PTII/ptolemy/domains/de/test/auto/ModalModel.xml
auto.tcl: Setting watchdog for 200 seconds at Sat Jul 06 04:44:48 UTC 2019
217 ms. Memory: 58368K Free: 43003K (74%)
ptolemy.util.test.WatchDog.cancel(): canceling Sat Jul 06 04:44:49 UTC 2019
auto.tcl: Setting watchdog for 200 seconds at Sat Jul 06 04:44:49 UTC 2019
201 ms. Memory: 58368K Free: 37445K (64%)
ptolemy.util.test.WatchDog.cancel(): canceling Sat Jul 06 04:44:49 UTC 2019
------------------ testing $PTII/ptolemy/domains/de/test/auto/ModalSource.xml
auto.tcl: Setting watchdog for 200 seconds at Sat Jul 06 04:44:49 UTC 2019
11 ms. Memory: 48128K Free: 25941K (54%)
ptolemy.util.test.WatchDog.cancel(): canceling Sat Jul 06 04:44:49 UTC 2019
auto.tcl: Setting watchdog for 200 seconds at Sat Jul 06 04:44:49 UTC 2019
6 ms. Memory: 48128K Free: 23993K (50%)
ptolemy.util.test.WatchDog.cancel(): canceling Sat Jul 06 04:44:49 UTC 2019
------------------ testing $PTII/ptolemy/domains/de/test/auto/NonInterruptibleTimerZeroDelay.xml
auto.tcl: Setting watchdog for 200 seconds at Sat Jul 06 04:44:49 UTC 2019
4 ms. Memory: 48128K Free: 30653K (64%)
ptolemy.util.test.WatchDog.cancel(): canceling Sat Jul 06 04:44:49 UTC 2019
auto.tcl: Setting watchdog for 200 seconds at Sat Jul 06 04:44:49 UTC 2019
2 ms. Memory: 48128K Free: 30191K (63%)
ptolemy.util.test.WatchDog.cancel(): canceling Sat Jul 06 04:44:49 UTC 2019
------------------ testing $PTII/ptolemy/domains/de/test/auto/OpenQueueingNetwork.xml
auto.tcl: Setting watchdog for 200 seconds at Sat Jul 06 04:44:49 UTC 2019
2950 ms. Memory: 122880K Free: 90867K (74%)
ptolemy.util.test.WatchDog.cancel(): canceling Sat Jul 06 04:44:52 UTC 2019
auto.tcl: Setting watchdog for 200 seconds at Sat Jul 06 04:44:52 UTC 2019
2591 ms. Memory: 177152K Free: 161608K (91%)
ptolemy.util.test.WatchDog.cancel(): canceling Sat Jul 06 04:44:55 UTC 2019
------------------ testing $PTII/ptolemy/domains/de/test/auto/OpenQueuingNetwork.xml
auto.tcl: Setting watchdog for 200 seconds at Sat Jul 06 04:44:55 UTC 2019
243 ms. Memory: 55296K Free: 25595K (46%)
ptolemy.util.test.WatchDog.cancel(): canceling Sat Jul 06 04:44:55 UTC 2019
auto.tcl: Setting watchdog for 200 seconds at Sat Jul 06 04:44:55 UTC 2019
235 ms. Memory: 55296K Free: 35097K (63%)
ptolemy.util.test.WatchDog.cancel(): canceling Sat Jul 06 04:44:55 UTC 2019
------------------ testing $PTII/ptolemy/domains/de/test/auto/PeriodicSampler.xml
auto.tcl: Setting watchdog for 200 seconds at Sat Jul 06 04:44:55 UTC 2019
3 ms. Memory: 48128K Free: 30074K (62%)
ptolemy.util.test.WatchDog.cancel(): canceling Sat Jul 06 04:44:55 UTC 2019
auto.tcl: Setting watchdog for 200 seconds at Sat Jul 06 04:44:55 UTC 2019
2 ms. Memory: 48128K Free: 29585K (61%)
ptolemy.util.test.WatchDog.cancel(): canceling Sat Jul 06 04:44:55 UTC 2019
------------------ testing $PTII/ptolemy/domains/de/test/auto/PersistentIO.xml
auto.tcl: Setting watchdog for 200 seconds at Sat Jul 06 04:44:55 UTC 2019
17 ms. Memory: 48128K Free: 24983K (52%)
ptolemy.util.test.WatchDog.cancel(): canceling Sat Jul 06 04:44:56 UTC 2019
auto.tcl: Setting watchdog for 200 seconds at Sat Jul 06 04:44:56 UTC 2019
5 ms. Memory: 48128K Free: 23541K (49%)
ptolemy.util.test.WatchDog.cancel(): canceling Sat Jul 06 04:44:56 UTC 2019
------------------ testing $PTII/ptolemy/domains/de/test/auto/PortParameterResetOnInitialize.xml
auto.tcl: Setting watchdog for 200 seconds at Sat Jul 06 04:44:56 UTC 2019
3 ms. Memory: 48128K Free: 29966K (62%)
ptolemy.util.test.WatchDog.cancel(): canceling Sat Jul 06 04:44:56 UTC 2019
auto.tcl: Setting watchdog for 200 seconds at Sat Jul 06 04:44:56 UTC 2019
2 ms. Memory: 48128K Free: 29495K (61%)
ptolemy.util.test.WatchDog.cancel(): canceling Sat Jul 06 04:44:56 UTC 2019
------------------ testing $PTII/ptolemy/domains/de/test/auto/PortParameterUpdates.xml
auto.tcl: Setting watchdog for 200 seconds at Sat Jul 06 04:44:56 UTC 2019
3 ms. Memory: 48128K Free: 28081K (58%)
ptolemy.util.test.WatchDog.cancel(): canceling Sat Jul 06 04:44:56 UTC 2019
auto.tcl: Setting watchdog for 200 seconds at Sat Jul 06 04:44:56 UTC 2019
4 ms. Memory: 48128K Free: 27096K (56%)
ptolemy.util.test.WatchDog.cancel(): canceling Sat Jul 06 04:44:56 UTC 2019
------------------ testing $PTII/ptolemy/domains/de/test/auto/QueueAndServer.xml
auto.tcl: Setting watchdog for 200 seconds at Sat Jul 06 04:44:56 UTC 2019
17 ms. Memory: 48128K Free: 27021K (56%)
ptolemy.util.test.WatchDog.cancel(): canceling Sat Jul 06 04:44:56 UTC 2019
auto.tcl: Setting watchdog for 200 seconds at Sat Jul 06 04:44:56 UTC 2019
11 ms. Memory: 48128K Free: 25547K (53%)
ptolemy.util.test.WatchDog.cancel(): canceling Sat Jul 06 04:44:56 UTC 2019
------------------ testing $PTII/ptolemy/domains/de/test/auto/Records.xml
auto.tcl: Setting watchdog for 200 seconds at Sat Jul 06 04:44:56 UTC 2019
5 ms. Memory: 48128K Free: 29526K (61%)
ptolemy.util.test.WatchDog.cancel(): canceling Sat Jul 06 04:44:56 UTC 2019
auto.tcl: Setting watchdog for 200 seconds at Sat Jul 06 04:44:56 UTC 2019
7 ms. Memory: 48128K Free: 29053K (60%)
ptolemy.util.test.WatchDog.cancel(): canceling Sat Jul 06 04:44:56 UTC 2019
------------------ testing $PTII/ptolemy/domains/de/test/auto/ResetTransitionWithStartTime1.xml
auto.tcl: Setting watchdog for 200 seconds at Sat Jul 06 04:44:56 UTC 2019
10 ms. Memory: 48128K Free: 26483K (55%)
ptolemy.util.test.WatchDog.cancel(): canceling Sat Jul 06 04:44:56 UTC 2019
auto.tcl: Setting watchdog for 200 seconds at Sat Jul 06 04:44:56 UTC 2019
6 ms. Memory: 48128K Free: 23930K (50%)
ptolemy.util.test.WatchDog.cancel(): canceling Sat Jul 06 04:44:56 UTC 2019
------------------ testing $PTII/ptolemy/domains/de/test/auto/ResetTransitionWithStartTime2.xml
auto.tcl: Setting watchdog for 200 seconds at Sat Jul 06 04:44:56 UTC 2019
7 ms. Memory: 48128K Free: 26438K (55%)
ptolemy.util.test.WatchDog.cancel(): canceling Sat Jul 06 04:44:56 UTC 2019
auto.tcl: Setting watchdog for 200 seconds at Sat Jul 06 04:44:56 UTC 2019
11 ms. Memory: 48128K Free: 24374K (51%)
ptolemy.util.test.WatchDog.cancel(): canceling Sat Jul 06 04:44:56 UTC 2019
------------------ testing $PTII/ptolemy/domains/de/test/auto/ResetTransitionWithStartTime3.xml
auto.tcl: Setting watchdog for 200 seconds at Sat Jul 06 04:44:56 UTC 2019
9 ms. Memory: 48128K Free: 26437K (55%)
ptolemy.util.test.WatchDog.cancel(): canceling Sat Jul 06 04:44:56 UTC 2019
auto.tcl: Setting watchdog for 200 seconds at Sat Jul 06 04:44:56 UTC 2019
6 ms. Memory: 48128K Free: 24427K (51%)
ptolemy.util.test.WatchDog.cancel(): canceling Sat Jul 06 04:44:56 UTC 2019
------------------ testing $PTII/ptolemy/domains/de/test/auto/ResetTransitionWithStartTime4.xml
auto.tcl: Setting watchdog for 200 seconds at Sat Jul 06 04:44:56 UTC 2019
7 ms. Memory: 48128K Free: 26926K (56%)
ptolemy.util.test.WatchDog.cancel(): canceling Sat Jul 06 04:44:56 UTC 2019
auto.tcl: Setting watchdog for 200 seconds at Sat Jul 06 04:44:56 UTC 2019
3 ms. Memory: 48128K Free: 25494K (53%)
ptolemy.util.test.WatchDog.cancel(): canceling Sat Jul 06 04:44:56 UTC 2019
------------------ testing $PTII/ptolemy/domains/de/test/auto/ResettableTimer1.xml
auto.tcl: Setting watchdog for 200 seconds at Sat Jul 06 04:44:56 UTC 2019
2 ms. Memory: 48128K Free: 30637K (64%)
ptolemy.util.test.WatchDog.cancel(): canceling Sat Jul 06 04:44:56 UTC 2019
auto.tcl: Setting watchdog for 200 seconds at Sat Jul 06 04:44:56 UTC 2019
2 ms. Memory: 48128K Free: 30040K (62%)
ptolemy.util.test.WatchDog.cancel(): canceling Sat Jul 06 04:44:56 UTC 2019
------------------ testing $PTII/ptolemy/domains/de/test/auto/ResettableTimer2.xml
auto.tcl: Setting watchdog for 200 seconds at Sat Jul 06 04:44:56 UTC 2019
2 ms. Memory: 48128K Free: 30974K (64%)
ptolemy.util.test.WatchDog.cancel(): canceling Sat Jul 06 04:44:56 UTC 2019
auto.tcl: Setting watchdog for 200 seconds at Sat Jul 06 04:44:56 UTC 2019
2 ms. Memory: 48128K Free: 30099K (63%)
ptolemy.util.test.WatchDog.cancel(): canceling Sat Jul 06 04:44:56 UTC 2019
------------------ testing $PTII/ptolemy/domains/de/test/auto/ResettableTimer3.xml
auto.tcl: Setting watchdog for 200 seconds at Sat Jul 06 04:44:56 UTC 2019
1 ms. Memory: 48128K Free: 30607K (64%)
ptolemy.util.test.WatchDog.cancel(): canceling Sat Jul 06 04:44:56 UTC 2019
auto.tcl: Setting watchdog for 200 seconds at Sat Jul 06 04:44:56 UTC 2019
1 ms. Memory: 48128K Free: 30571K (64%)
ptolemy.util.test.WatchDog.cancel(): canceling Sat Jul 06 04:44:56 UTC 2019
------------------ testing $PTII/ptolemy/domains/de/test/auto/ResettableTimer4.xml
auto.tcl: Setting watchdog for 200 seconds at Sat Jul 06 04:44:56 UTC 2019
2 ms. Memory: 48128K Free: 30620K (64%)
ptolemy.util.test.WatchDog.cancel(): canceling Sat Jul 06 04:44:56 UTC 2019
auto.tcl: Setting watchdog for 200 seconds at Sat Jul 06 04:44:56 UTC 2019
1 ms. Memory: 48128K Free: 30584K (64%)
ptolemy.util.test.WatchDog.cancel(): canceling Sat Jul 06 04:44:56 UTC 2019
------------------ testing $PTII/ptolemy/domains/de/test/auto/ResettableTimer5.xml
auto.tcl: Setting watchdog for 200 seconds at Sat Jul 06 04:44:56 UTC 2019
2 ms. Memory: 48128K Free: 30589K (64%)
ptolemy.util.test.WatchDog.cancel(): canceling Sat Jul 06 04:44:56 UTC 2019
auto.tcl: Setting watchdog for 200 seconds at Sat Jul 06 04:44:56 UTC 2019
1 ms. Memory: 48128K Free: 30084K (63%)
ptolemy.util.test.WatchDog.cancel(): canceling Sat Jul 06 04:44:56 UTC 2019
------------------ testing $PTII/ptolemy/domains/de/test/auto/ResettableTimer6.xml
auto.tcl: Setting watchdog for 200 seconds at Sat Jul 06 04:44:57 UTC 2019
1 ms. Memory: 48128K Free: 30058K (62%)
ptolemy.util.test.WatchDog.cancel(): canceling Sat Jul 06 04:44:57 UTC 2019
auto.tcl: Setting watchdog for 200 seconds at Sat Jul 06 04:44:57 UTC 2019
1 ms. Memory: 48128K Free: 29570K (61%)
ptolemy.util.test.WatchDog.cancel(): canceling Sat Jul 06 04:44:57 UTC 2019
------------------ testing $PTII/ptolemy/domains/de/test/auto/ServerZeroDelay.xml
auto.tcl: Setting watchdog for 200 seconds at Sat Jul 06 04:44:57 UTC 2019
3 ms. Memory: 48128K Free: 30564K (64%)
ptolemy.util.test.WatchDog.cancel(): canceling Sat Jul 06 04:44:57 UTC 2019
auto.tcl: Setting watchdog for 200 seconds at Sat Jul 06 04:44:57 UTC 2019
2 ms. Memory: 48128K Free: 29575K (61%)
ptolemy.util.test.WatchDog.cancel(): canceling Sat Jul 06 04:44:57 UTC 2019
------------------ testing $PTII/ptolemy/domains/de/test/auto/SmartSender.xml
auto.tcl: Setting watchdog for 200 seconds at Sat Jul 06 04:44:57 UTC 2019
3001 ms. Memory: 48128K Free: 30596K (64%)
ptolemy.util.test.WatchDog.cancel(): canceling Sat Jul 06 04:45:00 UTC 2019
auto.tcl: Setting watchdog for 200 seconds at Sat Jul 06 04:45:00 UTC 2019
3001 ms. Memory: 48128K Free: 30046K (62%)
ptolemy.util.test.WatchDog.cancel(): canceling Sat Jul 06 04:45:03 UTC 2019
------------------ testing $PTII/ptolemy/domains/de/test/auto/ThreadedComposite.xml
auto.tcl: Setting watchdog for 200 seconds at Sat Jul 06 04:45:03 UTC 2019
206 ms. Memory: 48128K Free: 11627K (24%)
ptolemy.util.test.WatchDog.cancel(): canceling Sat Jul 06 04:45:03 UTC 2019
auto.tcl: Setting watchdog for 200 seconds at Sat Jul 06 04:45:03 UTC 2019
131 ms. Memory: 48128K Free: 25216K (52%)
ptolemy.util.test.WatchDog.cancel(): canceling Sat Jul 06 04:45:03 UTC 2019
------------------ testing $PTII/ptolemy/domains/de/test/auto/Time.xml
auto.tcl: Setting watchdog for 200 seconds at Sat Jul 06 04:45:03 UTC 2019
577 ms. Memory: 48128K Free: 29305K (61%)
ptolemy.util.test.WatchDog.cancel(): canceling Sat Jul 06 04:45:04 UTC 2019
auto.tcl: Setting watchdog for 200 seconds at Sat Jul 06 04:45:04 UTC 2019
562 ms. Memory: 48128K Free: 27295K (57%)
ptolemy.util.test.WatchDog.cancel(): canceling Sat Jul 06 04:45:04 UTC 2019
------------------ testing $PTII/ptolemy/domains/de/test/auto/TimeDelayZeroDelay.xml
auto.tcl: Setting watchdog for 200 seconds at Sat Jul 06 04:45:04 UTC 2019
3 ms. Memory: 48128K Free: 30985K (64%)
ptolemy.util.test.WatchDog.cancel(): canceling Sat Jul 06 04:45:04 UTC 2019
auto.tcl: Setting watchdog for 200 seconds at Sat Jul 06 04:45:04 UTC 2019
2 ms. Memory: 48128K Free: 30489K (63%)
ptolemy.util.test.WatchDog.cancel(): canceling Sat Jul 06 04:45:04 UTC 2019
------------------ testing $PTII/ptolemy/domains/de/test/auto/TimerZeroDelay.xml
auto.tcl: Setting watchdog for 200 seconds at Sat Jul 06 04:45:04 UTC 2019
3 ms. Memory: 48128K Free: 30531K (63%)
ptolemy.util.test.WatchDog.cancel(): canceling Sat Jul 06 04:45:04 UTC 2019
auto.tcl: Setting watchdog for 200 seconds at Sat Jul 06 04:45:04 UTC 2019
2 ms. Memory: 48128K Free: 30099K (63%)
ptolemy.util.test.WatchDog.cancel(): canceling Sat Jul 06 04:45:04 UTC 2019
------------------ testing $PTII/ptolemy/domains/de/test/auto/TimingParadox.xml
auto.tcl: Setting watchdog for 200 seconds at Sat Jul 06 04:45:05 UTC 2019
411 ms. Memory: 96256K Free: 62625K (65%)
ptolemy.util.test.WatchDog.cancel(): canceling Sat Jul 06 04:45:05 UTC 2019
auto.tcl: Setting watchdog for 200 seconds at Sat Jul 06 04:45:05 UTC 2019
391 ms. Memory: 96256K Free: 26785K (28%)
ptolemy.util.test.WatchDog.cancel(): canceling Sat Jul 06 04:45:05 UTC 2019
------------------ testing $PTII/ptolemy/domains/de/test/auto/TransferInputs.xml
auto.tcl: Setting watchdog for 200 seconds at Sat Jul 06 04:45:05 UTC 2019
2 ms. Memory: 51200K Free: 32310K (63%)
ptolemy.util.test.WatchDog.cancel(): canceling Sat Jul 06 04:45:06 UTC 2019
auto.tcl: Setting watchdog for 200 seconds at Sat Jul 06 04:45:06 UTC 2019
2 ms. Memory: 51200K Free: 31574K (62%)
ptolemy.util.test.WatchDog.cancel(): canceling Sat Jul 06 04:45:06 UTC 2019
------------------ testing $PTII/ptolemy/domains/de/test/auto/TransferOutputs2.xml
auto.tcl: Setting watchdog for 200 seconds at Sat Jul 06 04:45:06 UTC 2019
2 ms. Memory: 48128K Free: 26442K (55%)
ptolemy.util.test.WatchDog.cancel(): canceling Sat Jul 06 04:45:06 UTC 2019
auto.tcl: Setting watchdog for 200 seconds at Sat Jul 06 04:45:06 UTC 2019
2 ms. Memory: 48128K Free: 25075K (52%)
ptolemy.util.test.WatchDog.cancel(): canceling Sat Jul 06 04:45:06 UTC 2019
------------------ testing $PTII/ptolemy/domains/de/test/auto/Trilateration.xml
auto.tcl: Setting watchdog for 200 seconds at Sat Jul 06 04:45:06 UTC 2019
14883 ms. Memory: 499712K Free: 244070K (49%)
ptolemy.util.test.WatchDog.cancel(): canceling Sat Jul 06 04:45:22 UTC 2019
auto.tcl: Setting watchdog for 200 seconds at Sat Jul 06 04:45:22 UTC 2019
11118 ms. Memory: 499712K Free: 258879K (52%)
ptolemy.util.test.WatchDog.cancel(): canceling Sat Jul 06 04:45:33 UTC 2019
------------------ testing $PTII/ptolemy/domains/de/test/auto/TwoSigmaDelta.xml
auto.tcl: Setting watchdog for 200 seconds at Sat Jul 06 04:45:33 UTC 2019
2734 ms. Memory: 86016K Free: 52242K (61%)
ptolemy.util.test.WatchDog.cancel(): canceling Sat Jul 06 04:45:36 UTC 2019
auto.tcl: Setting watchdog for 200 seconds at Sat Jul 06 04:45:36 UTC 2019
2123 ms. Memory: 86016K Free: 40455K (47%)
ptolemy.util.test.WatchDog.cancel(): canceling Sat Jul 06 04:45:38 UTC 2019
------------------ testing $PTII/ptolemy/domains/de/test/auto/VariableDelay.xml
auto.tcl: Setting watchdog for 200 seconds at Sat Jul 06 04:45:38 UTC 2019
3 ms. Memory: 51200K Free: 32546K (64%)
ptolemy.util.test.WatchDog.cancel(): canceling Sat Jul 06 04:45:38 UTC 2019
auto.tcl: Setting watchdog for 200 seconds at Sat Jul 06 04:45:38 UTC 2019
2 ms. Memory: 51200K Free: 32066K (63%)
ptolemy.util.test.WatchDog.cancel(): canceling Sat Jul 06 04:45:38 UTC 2019
------------------ testing $PTII/ptolemy/domains/de/test/auto/VariableDelay2.xml
auto.tcl: Setting watchdog for 200 seconds at Sat Jul 06 04:45:38 UTC 2019
7 ms. Memory: 48128K Free: 29889K (62%)
ptolemy.util.test.WatchDog.cancel(): canceling Sat Jul 06 04:45:38 UTC 2019
auto.tcl: Setting watchdog for 200 seconds at Sat Jul 06 04:45:38 UTC 2019
2 ms. Memory: 48128K Free: 29393K (61%)
ptolemy.util.test.WatchDog.cancel(): canceling Sat Jul 06 04:45:38 UTC 2019
------------------ testing $PTII/ptolemy/domains/de/test/auto/VariableDelayZeroDelay.xml
auto.tcl: Setting watchdog for 200 seconds at Sat Jul 06 04:45:38 UTC 2019
2 ms. Memory: 48128K Free: 30566K (64%)
ptolemy.util.test.WatchDog.cancel(): canceling Sat Jul 06 04:45:38 UTC 2019
auto.tcl: Setting watchdog for 200 seconds at Sat Jul 06 04:45:38 UTC 2019
2 ms. Memory: 48128K Free: 29914K (62%)
ptolemy.util.test.WatchDog.cancel(): canceling Sat Jul 06 04:45:38 UTC 2019
------------------ testing $PTII/ptolemy/domains/de/test/auto/VariableDelayZeroDelay2.xml
auto.tcl: Setting watchdog for 200 seconds at Sat Jul 06 04:45:38 UTC 2019
2 ms. Memory: 48128K Free: 30415K (63%)
ptolemy.util.test.WatchDog.cancel(): canceling Sat Jul 06 04:45:38 UTC 2019
auto.tcl: Setting watchdog for 200 seconds at Sat Jul 06 04:45:38 UTC 2019
2 ms. Memory: 48128K Free: 29442K (61%)
ptolemy.util.test.WatchDog.cancel(): canceling Sat Jul 06 04:45:38 UTC 2019
------------------ testing $PTII/ptolemy/domains/de/test/auto/deInCt.xml
auto.tcl: Setting watchdog for 200 seconds at Sat Jul 06 04:45:38 UTC 2019
0
1
1
1
0
0
0
0
1
1
1
1
0
0
1
1
1
1
1
1
1
1
0
0
0
1
1
1
1
7 ms. Memory: 48128K Free: 29388K (61%)
ptolemy.util.test.WatchDog.cancel(): canceling Sat Jul 06 04:45:38 UTC 2019
auto.tcl: Setting watchdog for 200 seconds at Sat Jul 06 04:45:38 UTC 2019
0
1
1
1
0
0
0
1
1
1
0
0
0
0
0
0
0
1
1
1
1
0
0
0
1
1
1
0
0
0
1
1
1
1
1
9 ms. Memory: 48128K Free: 27858K (58%)
ptolemy.util.test.WatchDog.cancel(): canceling Sat Jul 06 04:45:38 UTC 2019
------------------ testing $PTII/ptolemy/domains/de/test/auto/deInCt2.xml
auto.tcl: Setting watchdog for 200 seconds at Sat Jul 06 04:45:38 UTC 2019
0
1
1
1
0
0
1
1
1
0
0
1
1
1
0
0
1
1
1
0
0
1
1
1
0
0
1
1
1
0
0
1
1
1
0
0
1
1
1
0
0
0
8 ms. Memory: 48128K Free: 29464K (61%)
ptolemy.util.test.WatchDog.cancel(): canceling Sat Jul 06 04:45:38 UTC 2019
auto.tcl: Setting watchdog for 200 seconds at Sat Jul 06 04:45:38 UTC 2019
0
1
1
1
0
0
1
1
1
0
0
1
1
1
0
0
1
1
1
0
0
1
1
1
0
0
1
1
1
0
0
1
1
1
0
0
1
1
1
0
0
0
5 ms. Memory: 48128K Free: 27879K (58%)
ptolemy.util.test.WatchDog.cancel(): canceling Sat Jul 06 04:45:38 UTC 2019
------------------ testing $PTII/ptolemy/domains/de/test/auto/dynamicCausalityInterface1.xml
auto.tcl: Setting watchdog for 200 seconds at Sat Jul 06 04:45:38 UTC 2019
1 ms. Memory: 48128K Free: 25289K (53%)
ptolemy.util.test.WatchDog.cancel(): canceling Sat Jul 06 04:45:38 UTC 2019
auto.tcl: Setting watchdog for 200 seconds at Sat Jul 06 04:45:38 UTC 2019
1 ms. Memory: 48128K Free: 24783K (51%)
ptolemy.util.test.WatchDog.cancel(): canceling Sat Jul 06 04:45:38 UTC 2019
------------------ testing $PTII/ptolemy/domains/de/test/auto/fsm_de_test.xml
auto.tcl: Setting watchdog for 200 seconds at Sat Jul 06 04:45:38 UTC 2019
8 ms. Memory: 48128K Free: 25187K (52%)
ptolemy.util.test.WatchDog.cancel(): canceling Sat Jul 06 04:45:38 UTC 2019
auto.tcl: Setting watchdog for 200 seconds at Sat Jul 06 04:45:38 UTC 2019
5 ms. Memory: 48128K Free: 23169K (48%)
ptolemy.util.test.WatchDog.cancel(): canceling Sat Jul 06 04:45:38 UTC 2019
------------------ testing $PTII/ptolemy/domains/de/test/auto/functionDependencyReconstruction.xml
auto.tcl: Setting watchdog for 200 seconds at Sat Jul 06 04:45:39 UTC 2019
2 ms. Memory: 48128K Free: 19152K (40%)
ptolemy.util.test.WatchDog.cancel(): canceling Sat Jul 06 04:45:39 UTC 2019
auto.tcl: Setting watchdog for 200 seconds at Sat Jul 06 04:45:39 UTC 2019
3 ms. Memory: 48128K Free: 17492K (36%)
ptolemy.util.test.WatchDog.cancel(): canceling Sat Jul 06 04:45:39 UTC 2019
------------------ testing $PTII/ptolemy/domains/de/test/auto/multirate.xml
auto.tcl: Setting watchdog for 200 seconds at Sat Jul 06 04:45:39 UTC 2019
4 ms. Memory: 48128K Free: 27814K (58%)
ptolemy.util.test.WatchDog.cancel(): canceling Sat Jul 06 04:45:39 UTC 2019
auto.tcl: Setting watchdog for 200 seconds at Sat Jul 06 04:45:39 UTC 2019
3 ms. Memory: 48128K Free: 26082K (54%)
ptolemy.util.test.WatchDog.cancel(): canceling Sat Jul 06 04:45:39 UTC 2019
------------------ testing $PTII/ptolemy/domains/de/test/auto/multirate2.xml
auto.tcl: Setting watchdog for 200 seconds at Sat Jul 06 04:45:39 UTC 2019
3 ms. Memory: 48128K Free: 27782K (58%)
ptolemy.util.test.WatchDog.cancel(): canceling Sat Jul 06 04:45:39 UTC 2019
auto.tcl: Setting watchdog for 200 seconds at Sat Jul 06 04:45:39 UTC 2019
3 ms. Memory: 48128K Free: 26263K (55%)
ptolemy.util.test.WatchDog.cancel(): canceling Sat Jul 06 04:45:39 UTC 2019
------------------ testing $PTII/ptolemy/domains/de/test/auto/realtime.xml
auto.tcl: Setting watchdog for 200 seconds at Sat Jul 06 04:45:39 UTC 2019
10003 ms. Memory: 48128K Free: 30067K (62%)
ptolemy.util.test.WatchDog.cancel(): canceling Sat Jul 06 04:45:49 UTC 2019
auto.tcl: Setting watchdog for 200 seconds at Sat Jul 06 04:45:49 UTC 2019
10001 ms. Memory: 48128K Free: 29333K (61%)
ptolemy.util.test.WatchDog.cancel(): canceling Sat Jul 06 04:45:59 UTC 2019
------------------ testing $PTII/ptolemy/domains/de/test/auto/relationGroup.xml
auto.tcl: Setting watchdog for 200 seconds at Sat Jul 06 04:45:59 UTC 2019
2 ms. Memory: 48128K Free: 31128K (65%)
ptolemy.util.test.WatchDog.cancel(): canceling Sat Jul 06 04:45:59 UTC 2019
auto.tcl: Setting watchdog for 200 seconds at Sat Jul 06 04:45:59 UTC 2019
2 ms. Memory: 48128K Free: 30626K (64%)
ptolemy.util.test.WatchDog.cancel(): canceling Sat Jul 06 04:45:59 UTC 2019
------------------ testing $PTII/ptolemy/domains/de/test/auto/relationGroup2.xml
auto.tcl: Setting watchdog for 200 seconds at Sat Jul 06 04:45:59 UTC 2019
1 ms. Memory: 48128K Free: 31126K (65%)
ptolemy.util.test.WatchDog.cancel(): canceling Sat Jul 06 04:45:59 UTC 2019
auto.tcl: Setting watchdog for 200 seconds at Sat Jul 06 04:45:59 UTC 2019
1 ms. Memory: 48128K Free: 30409K (63%)
ptolemy.util.test.WatchDog.cancel(): canceling Sat Jul 06 04:45:59 UTC 2019
------------------ testing $PTII/ptolemy/domains/de/test/auto/sortWithOpaquePorts.xml
auto.tcl: Setting watchdog for 200 seconds at Sat Jul 06 04:45:59 UTC 2019
1 ms. Memory: 48128K Free: 29917K (62%)
ptolemy.util.test.WatchDog.cancel(): canceling Sat Jul 06 04:45:59 UTC 2019
auto.tcl: Setting watchdog for 200 seconds at Sat Jul 06 04:45:59 UTC 2019
3 ms. Memory: 48128K Free: 28925K (60%)
ptolemy.util.test.WatchDog.cancel(): canceling Sat Jul 06 04:45:59 UTC 2019
------------------ testing $PTII/ptolemy/domains/de/test/auto/transferInputsandOutputs.xml
auto.tcl: Setting watchdog for 200 seconds at Sat Jul 06 04:45:59 UTC 2019
3 ms. Memory: 48128K Free: 27355K (57%)
ptolemy.util.test.WatchDog.cancel(): canceling Sat Jul 06 04:45:59 UTC 2019
auto.tcl: Setting watchdog for 200 seconds at Sat Jul 06 04:45:59 UTC 2019
2 ms. Memory: 48128K Free: 26336K (55%)
ptolemy.util.test.WatchDog.cancel(): canceling Sat Jul 06 04:45:59 UTC 2019
------------------ testing $PTII/ptolemy/domains/de/test/auto/triggerType.xml
auto.tcl: Setting watchdog for 200 seconds at Sat Jul 06 04:45:59 UTC 2019
2 ms. Memory: 48128K Free: 30381K (63%)
ptolemy.util.test.WatchDog.cancel(): canceling Sat Jul 06 04:45:59 UTC 2019
auto.tcl: Setting watchdog for 200 seconds at Sat Jul 06 04:45:59 UTC 2019
2 ms. Memory: 48128K Free: 29369K (61%)
ptolemy.util.test.WatchDog.cancel(): canceling Sat Jul 06 04:45:59 UTC 2019
07/06/19 04:45:59
Failed: 0  Total Tests: 192  ((Passed: 187, Newly Passed: 1)  Known Failed: 5) /home/travis/build/icyphy/ptII/ptolemy/domains/de/test
07/06/19 04:45:59
Failed: 0  Total Tests: 192  ((Passed: 187, Newly Passed: 1)  Known Failed: 5) /home/travis/build/icyphy/ptII/ptolemy/domains/de/test
----------------- testing (KnownFailure) /home/travis/build/icyphy/ptII/ptolemy/domains/de/test/auto/knownFailedTests/DESDFClockTest.xml
2020 ms. Memory: 48128K Free: 23774K (49%)
Known Failure: java.lang.reflect.InvocationTargetException
----------------- testing (KnownFailure) /home/travis/build/icyphy/ptII/ptolemy/domains/de/test/auto/knownFailedTests/DirectFeedback.xml
2 ms. Memory: 48128K Free: 20192K (42%)
Known Failure: java.lang.reflect.InvocationTargetException
----------------- testing (KnownFailure) /home/travis/build/icyphy/ptII/ptolemy/domains/de/test/auto/knownFailedTests/FSMSource.xml
15 ms. Memory: 48128K Free: 13024K (27%)
----------------- testing (KnownFailure) /home/travis/build/icyphy/ptII/ptolemy/domains/de/test/auto/knownFailedTests/HierarchicalModel.xml
2 ms. Memory: 48128K Free: 23191K (48%)
Known Failure: java.lang.reflect.InvocationTargetException
----------------- testing (KnownFailure) /home/travis/build/icyphy/ptII/ptolemy/domains/de/test/auto/knownFailedTests/dependencyLoop.xml
8 ms. Memory: 48128K Free: 33888K (70%)
Known Failure: java.lang.reflect.InvocationTargetException
----------------- testing (KnownFailure) /home/travis/build/icyphy/ptII/ptolemy/domains/de/test/auto/knownFailedTests/dependencyLoop2.xml
3 ms. Memory: 48128K Free: 18792K (39%)
Known Failure: java.lang.reflect.InvocationTargetException
No auto/linux-amd64/*.xml tests in /home/travis/build/icyphy/ptII/ptolemy/domains/de/test
AutoTests.java: About to close Vertx.
AutoTests.java: Vertx closed.

===========================================================================================
----------------- testing Sat Jul 06 04:46:01 UTC 2019 /home/travis/build/icyphy/ptII/ptolemy/domains/de/test/auto/ActorDepthCalculation_actorWithoutPorts.xml
----------------- Instantiating /home/travis/build/icyphy/ptII/ptolemy/domains/de/test/auto/ActorDepthCalculation_actorWithoutPorts.xml
2 ms. Memory: 48128K Free: 12732K (26%)
----------------- Invoking toplevel() on ptolemy.moml.MoMLSimpleApplication@6af38716
----------------- Done invoking toplevel() on ptolemy.moml.MoMLSimpleApplication@6af38716
reloadAllAccessors: .ActorDepthCalculation_actorWithoutPorts

===========================================================================================
----------------- testing Sat Jul 06 04:46:02 UTC 2019 /home/travis/build/icyphy/ptII/ptolemy/domains/de/test/auto/AssemblyLine.xml
----------------- Instantiating /home/travis/build/icyphy/ptII/ptolemy/domains/de/test/auto/AssemblyLine.xml
3 ms. Memory: 48128K Free: 31479K (65%)
----------------- Invoking toplevel() on ptolemy.moml.MoMLSimpleApplication@7578e252
----------------- Done invoking toplevel() on ptolemy.moml.MoMLSimpleApplication@7578e252
reloadAllAccessors: .AssemblyLine

===========================================================================================
----------------- testing Sat Jul 06 04:46:02 UTC 2019 /home/travis/build/icyphy/ptII/ptolemy/domains/de/test/auto/CQBug1.xml
----------------- Instantiating /home/travis/build/icyphy/ptII/ptolemy/domains/de/test/auto/CQBug1.xml
2 ms. Memory: 48128K Free: 28619K (59%)
----------------- Invoking toplevel() on ptolemy.moml.MoMLSimpleApplication@3b120342
----------------- Done invoking toplevel() on ptolemy.moml.MoMLSimpleApplication@3b120342
reloadAllAccessors: .CQBug1

===========================================================================================
----------------- testing Sat Jul 06 04:46:02 UTC 2019 /home/travis/build/icyphy/ptII/ptolemy/domains/de/test/auto/CancelFireAt.xml
----------------- Instantiating /home/travis/build/icyphy/ptII/ptolemy/domains/de/test/auto/CancelFireAt.xml
1 ms. Memory: 48128K Free: 26392K (55%)
----------------- Invoking toplevel() on ptolemy.moml.MoMLSimpleApplication@6aba5b84
----------------- Done invoking toplevel() on ptolemy.moml.MoMLSimpleApplication@6aba5b84
reloadAllAccessors: .CancelFireAt

===========================================================================================
----------------- testing Sat Jul 06 04:46:02 UTC 2019 /home/travis/build/icyphy/ptII/ptolemy/domains/de/test/auto/CausalityAndComposabilityAnalysis.xml
----------------- Instantiating /home/travis/build/icyphy/ptII/ptolemy/domains/de/test/auto/CausalityAndComposabilityAnalysis.xml
1 ms. Memory: 48128K Free: 22320K (46%)
----------------- Invoking toplevel() on ptolemy.moml.MoMLSimpleApplication@7deca8df
----------------- Done invoking toplevel() on ptolemy.moml.MoMLSimpleApplication@7deca8df
reloadAllAccessors: .CausalityAndComposabilityAnalysis

===========================================================================================
----------------- testing Sat Jul 06 04:46:02 UTC 2019 /home/travis/build/icyphy/ptII/ptolemy/domains/de/test/auto/CausalityInterface1.xml
----------------- Instantiating /home/travis/build/icyphy/ptII/ptolemy/domains/de/test/auto/CausalityInterface1.xml
4 ms. Memory: 48128K Free: 17401K (36%)
----------------- Invoking toplevel() on ptolemy.moml.MoMLSimpleApplication@3ffbd57d
----------------- Done invoking toplevel() on ptolemy.moml.MoMLSimpleApplication@3ffbd57d
reloadAllAccessors: .CausalityInterface1

===========================================================================================
----------------- testing Sat Jul 06 04:46:02 UTC 2019 /home/travis/build/icyphy/ptII/ptolemy/domains/de/test/auto/CausalityInterface15.xml
----------------- Instantiating /home/travis/build/icyphy/ptII/ptolemy/domains/de/test/auto/CausalityInterface15.xml
3 ms. Memory: 48128K Free: 12080K (25%)
----------------- Invoking toplevel() on ptolemy.moml.MoMLSimpleApplication@b9883ae
----------------- Done invoking toplevel() on ptolemy.moml.MoMLSimpleApplication@b9883ae
reloadAllAccessors: .CausalityInterface15

===========================================================================================
----------------- testing Sat Jul 06 04:46:02 UTC 2019 /home/travis/build/icyphy/ptII/ptolemy/domains/de/test/auto/CausalityInterface2.xml
----------------- Instantiating /home/travis/build/icyphy/ptII/ptolemy/domains/de/test/auto/CausalityInterface2.xml
1 ms. Memory: 48128K Free: 33251K (69%)
[...]
	at ptolemy.actor.Manager.run(Manager.java:1263)
	at ptolemy.actor.Manager$PtolemyRunThread.run(Manager.java:1915)
java.lang.RuntimeException: Execution failed
	at ptolemy.moml.MoMLSimpleApplication$UnloadThread.run(MoMLSimpleApplication.java:402)
Caused by: ptolemy.kernel.util.IllegalActionException: Actor is not ready to fire.  Perhaps UpSample.prefire() returned false? Try debugging the actor by selecting "Listen to Actor".  Also, for SDF check moml for tokenConsumptionRate on input.
  in .DESDFClockTest.Play Bell.Copy1:SDF Director and .DESDFClockTest.Play Bell.UpSample
	at ptolemy.actor.sched.StaticSchedulingDirector.fire(StaticSchedulingDirector.java:227)
	at ptolemy.domains.sdf.kernel.SDFDirector.fire(SDFDirector.java:500)
	at ptolemy.actor.CompositeActor.fire(CompositeActor.java:455)
	at ptolemy.domains.de.kernel.DEDirector._fire(DEDirector.java:1949)
	at ptolemy.domains.de.kernel.DEDirector.fire(DEDirector.java:502)
	at ptolemy.actor.CompositeActor.fire(CompositeActor.java:455)
	at ptolemy.actor.Manager.iterate(Manager.java:851)
	at ptolemy.actor.Manager.execute(Manager.java:369)
	at ptolemy.actor.Manager.run(Manager.java:1263)
	at ptolemy.actor.Manager$PtolemyRunThread.run(Manager.java:1915)
java.lang.reflect.InvocationTargetException
	at java.base/jdk.internal.reflect.NativeConstructorAccessorImpl.newInstance0(Native Method)
	at java.base/jdk.internal.reflect.NativeConstructorAccessorImpl.newInstance(NativeConstructorAccessorImpl.java:62)
	at java.base/jdk.internal.reflect.DelegatingConstructorAccessorImpl.newInstance(DelegatingConstructorAccessorImpl.java:45)
	at java.base/java.lang.reflect.Constructor.newInstance(Constructor.java:490)
	at ptolemy.util.test.junit.AutoKnownFailedTests.RunModel(AutoKnownFailedTests.java:105)
	at java.base/jdk.internal.reflect.NativeMethodAccessorImpl.invoke0(Native Method)
	at java.base/jdk.internal.reflect.NativeMethodAccessorImpl.invoke(NativeMethodAccessorImpl.java:62)
	at java.base/jdk.internal.reflect.DelegatingMethodAccessorImpl.invoke(DelegatingMethodAccessorImpl.java:43)
	at java.base/java.lang.reflect.Method.invoke(Method.java:566)
	at org.junit.runners.model.FrameworkMethod$1.runReflectiveCall(FrameworkMethod.java:44)
	at org.junit.internal.runners.model.ReflectiveCallable.run(ReflectiveCallable.java:15)
	at org.junit.runners.model.FrameworkMethod.invokeExplosively(FrameworkMethod.java:41)
	at junitparams.internal.InvokeParameterisedMethod.evaluate(InvokeParameterisedMethod.java:102)
	at org.junit.internal.runners.statements.FailOnTimeout$1.run(FailOnTimeout.java:28)
Caused by: ptolemy.kernel.util.IllegalActionException: Actor is not ready to fire.  Perhaps UpSample.prefire() returned false? Try debugging the actor by selecting "Listen to Actor".  Also, for SDF check moml for tokenConsumptionRate on input.
  in .DESDFClockTest.Play Bell.Copy1:SDF Director and .DESDFClockTest.Play Bell.UpSample
	at ptolemy.actor.sched.StaticSchedulingDirector.fire(StaticSchedulingDirector.java:227)
	at ptolemy.domains.sdf.kernel.SDFDirector.fire(SDFDirector.java:500)
	at ptolemy.actor.CompositeActor.fire(CompositeActor.java:455)
	at ptolemy.domains.de.kernel.DEDirector._fire(DEDirector.java:1949)
	at ptolemy.domains.de.kernel.DEDirector.fire(DEDirector.java:502)
	at ptolemy.actor.CompositeActor.fire(CompositeActor.java:455)
	at ptolemy.actor.Manager.iterate(Manager.java:851)
	at ptolemy.actor.Manager.execute(Manager.java:369)
	at ptolemy.actor.Manager.run(Manager.java:1263)
	at ptolemy.actor.Manager$PtolemyRunThread.run(Manager.java:1915)
java.lang.RuntimeException: Execution failed
	at ptolemy.moml.MoMLSimpleApplication$UnloadThread.run(MoMLSimpleApplication.java:402)
Caused by: ptolemy.kernel.util.IllegalActionException: Test fails in iteration 1.
Value was: 1.0. Should have been: 2.0
  in .DirectFeedback.Test
	at ptolemy.actor.lib.Test.fire(Test.java:268)
	at ptolemy.domains.de.kernel.DEDirector._fire(DEDirector.java:1949)
	at ptolemy.domains.de.kernel.DEDirector.fire(DEDirector.java:502)
	at ptolemy.actor.CompositeActor.fire(CompositeActor.java:455)
	at ptolemy.actor.Manager.iterate(Manager.java:851)
	at ptolemy.actor.Manager.execute(Manager.java:369)
	at ptolemy.actor.Manager.run(Manager.java:1263)
	at ptolemy.actor.Manager$PtolemyRunThread.run(Manager.java:1915)
java.lang.reflect.InvocationTargetException
	at java.base/jdk.internal.reflect.NativeConstructorAccessorImpl.newInstance0(Native Method)
	at java.base/jdk.internal.reflect.NativeConstructorAccessorImpl.newInstance(NativeConstructorAccessorImpl.java:62)
	at java.base/jdk.internal.reflect.DelegatingConstructorAccessorImpl.newInstance(DelegatingConstructorAccessorImpl.java:45)
	at java.base/java.lang.reflect.Constructor.newInstance(Constructor.java:490)
	at ptolemy.util.test.junit.AutoKnownFailedTests.RunModel(AutoKnownFailedTests.java:105)
	at java.base/jdk.internal.reflect.NativeMethodAccessorImpl.invoke0(Native Method)
	at java.base/jdk.internal.reflect.NativeMethodAccessorImpl.invoke(NativeMethodAccessorImpl.java:62)
	at java.base/jdk.internal.reflect.DelegatingMethodAccessorImpl.invoke(DelegatingMethodAccessorImpl.java:43)
	at java.base/java.lang.reflect.Method.invoke(Method.java:566)
	at org.junit.runners.model.FrameworkMethod$1.runReflectiveCall(FrameworkMethod.java:44)
	at org.junit.internal.runners.model.ReflectiveCallable.run(ReflectiveCallable.java:15)
	at org.junit.runners.model.FrameworkMethod.invokeExplosively(FrameworkMethod.java:41)
	at junitparams.internal.InvokeParameterisedMethod.evaluate(InvokeParameterisedMethod.java:102)
	at org.junit.internal.runners.statements.FailOnTimeout$1.run(FailOnTimeout.java:28)
Caused by: ptolemy.kernel.util.IllegalActionException: Test fails in iteration 1.
Value was: 1.0. Should have been: 2.0
  in .DirectFeedback.Test
	at ptolemy.actor.lib.Test.fire(Test.java:268)
	at ptolemy.domains.de.kernel.DEDirector._fire(DEDirector.java:1949)
	at ptolemy.domains.de.kernel.DEDirector.fire(DEDirector.java:502)
	at ptolemy.actor.CompositeActor.fire(CompositeActor.java:455)
	at ptolemy.actor.Manager.iterate(Manager.java:851)
	at ptolemy.actor.Manager.execute(Manager.java:369)
	at ptolemy.actor.Manager.run(Manager.java:1263)
	at ptolemy.actor.Manager$PtolemyRunThread.run(Manager.java:1915)
java.lang.RuntimeException: Execution failed
	at ptolemy.moml.MoMLSimpleApplication$UnloadThread.run(MoMLSimpleApplication.java:402)
Caused by: ptolemy.kernel.util.IllegalActionException: Found a zero delay loop containing .HierarchicalModel.A
  in .HierarchicalModel and .HierarchicalModel.A
	at ptolemy.actor.util.CausalityInterfaceForComposites._computeOutputPortDepth(CausalityInterfaceForComposites.java:759)
	at ptolemy.actor.util.CausalityInterfaceForComposites._computeInputDepth(CausalityInterfaceForComposites.java:696)
	at ptolemy.actor.util.CausalityInterfaceForComposites._computeOutputPortDepth(CausalityInterfaceForComposites.java:765)
	at ptolemy.actor.util.CausalityInterfaceForComposites._computeInputDepth(CausalityInterfaceForComposites.java:696)
	at ptolemy.actor.util.CausalityInterfaceForComposites._computeOutputPortDepth(CausalityInterfaceForComposites.java:765)
	at ptolemy.actor.util.CausalityInterfaceForComposites._computeInputDepth(CausalityInterfaceForComposites.java:696)
	at ptolemy.actor.util.CausalityInterfaceForComposites._computeActorDepth(CausalityInterfaceForComposites.java:532)
	at ptolemy.actor.util.CausalityInterfaceForComposites.checkForCycles(CausalityInterfaceForComposites.java:96)
	at ptolemy.domains.de.kernel.DEDirector.preinitialize(DEDirector.java:1338)
	at ptolemy.actor.CompositeActor.preinitialize(CompositeActor.java:1828)
	at ptolemy.actor.Manager.preinitializeAndResolveTypes(Manager.java:1040)
	at ptolemy.actor.Manager.initialize(Manager.java:710)
	at ptolemy.actor.Manager.execute(Manager.java:356)
	at ptolemy.actor.Manager.run(Manager.java:1263)
	at ptolemy.actor.Manager$PtolemyRunThread.run(Manager.java:1915)
java.lang.reflect.InvocationTargetException
	at java.base/jdk.internal.reflect.NativeConstructorAccessorImpl.newInstance0(Native Method)
	at java.base/jdk.internal.reflect.NativeConstructorAccessorImpl.newInstance(NativeConstructorAccessorImpl.java:62)
	at java.base/jdk.internal.reflect.DelegatingConstructorAccessorImpl.newInstance(DelegatingConstructorAccessorImpl.java:45)
	at java.base/java.lang.reflect.Constructor.newInstance(Constructor.java:490)
	at ptolemy.util.test.junit.AutoKnownFailedTests.RunModel(AutoKnownFailedTests.java:105)
	at java.base/jdk.internal.reflect.NativeMethodAccessorImpl.invoke0(Native Method)
	at java.base/jdk.internal.reflect.NativeMethodAccessorImpl.invoke(NativeMethodAccessorImpl.java:62)
	at java.base/jdk.internal.reflect.DelegatingMethodAccessorImpl.invoke(DelegatingMethodAccessorImpl.java:43)
	at java.base/java.lang.reflect.Method.invoke(Method.java:566)
	at org.junit.runners.model.FrameworkMethod$1.runReflectiveCall(FrameworkMethod.java:44)
	at org.junit.internal.runners.model.ReflectiveCallable.run(ReflectiveCallable.java:15)
	at org.junit.runners.model.FrameworkMethod.invokeExplosively(FrameworkMethod.java:41)
	at junitparams.internal.InvokeParameterisedMethod.evaluate(InvokeParameterisedMethod.java:102)
	at org.junit.internal.runners.statements.FailOnTimeout$1.run(FailOnTimeout.java:28)
Caused by: ptolemy.kernel.util.IllegalActionException: Found a zero delay loop containing .HierarchicalModel.A
  in .HierarchicalModel and .HierarchicalModel.A
	at ptolemy.actor.util.CausalityInterfaceForComposites._computeOutputPortDepth(CausalityInterfaceForComposites.java:759)
	at ptolemy.actor.util.CausalityInterfaceForComposites._computeInputDepth(CausalityInterfaceForComposites.java:696)
	at ptolemy.actor.util.CausalityInterfaceForComposites._computeOutputPortDepth(CausalityInterfaceForComposites.java:765)
	at ptolemy.actor.util.CausalityInterfaceForComposites._computeInputDepth(CausalityInterfaceForComposites.java:696)
	at ptolemy.actor.util.CausalityInterfaceForComposites._computeOutputPortDepth(CausalityInterfaceForComposites.java:765)
	at ptolemy.actor.util.CausalityInterfaceForComposites._computeInputDepth(CausalityInterfaceForComposites.java:696)
	at ptolemy.actor.util.CausalityInterfaceForComposites._computeActorDepth(CausalityInterfaceForComposites.java:532)
	at ptolemy.actor.util.CausalityInterfaceForComposites.checkForCycles(CausalityInterfaceForComposites.java:96)
	at ptolemy.domains.de.kernel.DEDirector.preinitialize(DEDirector.java:1338)
	at ptolemy.actor.CompositeActor.preinitialize(CompositeActor.java:1828)
	at ptolemy.actor.Manager.preinitializeAndResolveTypes(Manager.java:1040)
	at ptolemy.actor.Manager.initialize(Manager.java:710)
	at ptolemy.actor.Manager.execute(Manager.java:356)
	at ptolemy.actor.Manager.run(Manager.java:1263)
	at ptolemy.actor.Manager$PtolemyRunThread.run(Manager.java:1915)
java.lang.RuntimeException: Execution failed
	at ptolemy.moml.MoMLSimpleApplication$UnloadThread.run(MoMLSimpleApplication.java:402)
Caused by: ptolemy.kernel.util.IllegalActionException: Found a zero delay loop containing .dependencyLoop.original
  in .dependencyLoop and .dependencyLoop.original
	at ptolemy.actor.util.CausalityInterfaceForComposites._computeOutputPortDepth(CausalityInterfaceForComposites.java:759)
	at ptolemy.actor.util.CausalityInterfaceForComposites._computeInputDepth(CausalityInterfaceForComposites.java:696)
	at ptolemy.actor.util.CausalityInterfaceForComposites._computeOutputPortDepth(CausalityInterfaceForComposites.java:765)
	at ptolemy.actor.util.CausalityInterfaceForComposites._computeInputDepth(CausalityInterfaceForComposites.java:696)
	at ptolemy.actor.util.CausalityInterfaceForComposites._computeOutputPortDepth(CausalityInterfaceForComposites.java:765)
	at ptolemy.actor.util.CausalityInterfaceForComposites._computeInputDepth(CausalityInterfaceForComposites.java:696)
	at ptolemy.actor.util.CausalityInterfaceForComposites._computeActorDepth(CausalityInterfaceForComposites.java:532)
	at ptolemy.actor.util.CausalityInterfaceForComposites.checkForCycles(CausalityInterfaceForComposites.java:96)
	at ptolemy.domains.de.kernel.DEDirector.preinitialize(DEDirector.java:1338)
	at ptolemy.actor.CompositeActor.preinitialize(CompositeActor.java:1828)
	at ptolemy.actor.Manager.preinitializeAndResolveTypes(Manager.java:1040)
	at ptolemy.actor.Manager.initialize(Manager.java:710)
	at ptolemy.actor.Manager.execute(Manager.java:356)
	at ptolemy.actor.Manager.run(Manager.java:1263)
	at ptolemy.actor.Manager$PtolemyRunThread.run(Manager.java:1915)
java.lang.reflect.InvocationTargetException
	at java.base/jdk.internal.reflect.NativeConstructorAccessorImpl.newInstance0(Native Method)
	at java.base/jdk.internal.reflect.NativeConstructorAccessorImpl.newInstance(NativeConstructorAccessorImpl.java:62)
	at java.base/jdk.internal.reflect.DelegatingConstructorAccessorImpl.newInstance(DelegatingConstructorAccessorImpl.java:45)
	at java.base/java.lang.reflect.Constructor.newInstance(Constructor.java:490)
	at ptolemy.util.test.junit.AutoKnownFailedTests.RunModel(AutoKnownFailedTests.java:105)
	at java.base/jdk.internal.reflect.NativeMethodAccessorImpl.invoke0(Native Method)
	at java.base/jdk.internal.reflect.NativeMethodAccessorImpl.invoke(NativeMethodAccessorImpl.java:62)
	at java.base/jdk.internal.reflect.DelegatingMethodAccessorImpl.invoke(DelegatingMethodAccessorImpl.java:43)
	at java.base/java.lang.reflect.Method.invoke(Method.java:566)
	at org.junit.runners.model.FrameworkMethod$1.runReflectiveCall(FrameworkMethod.java:44)
	at org.junit.internal.runners.model.ReflectiveCallable.run(ReflectiveCallable.java:15)
	at org.junit.runners.model.FrameworkMethod.invokeExplosively(FrameworkMethod.java:41)
	at junitparams.internal.InvokeParameterisedMethod.evaluate(InvokeParameterisedMethod.java:102)
	at org.junit.internal.runners.statements.FailOnTimeout$1.run(FailOnTimeout.java:28)
Caused by: ptolemy.kernel.util.IllegalActionException: Found a zero delay loop containing .dependencyLoop.original
  in .dependencyLoop and .dependencyLoop.original
	at ptolemy.actor.util.CausalityInterfaceForComposites._computeOutputPortDepth(CausalityInterfaceForComposites.java:759)
	at ptolemy.actor.util.CausalityInterfaceForComposites._computeInputDepth(CausalityInterfaceForComposites.java:696)
	at ptolemy.actor.util.CausalityInterfaceForComposites._computeOutputPortDepth(CausalityInterfaceForComposites.java:765)
	at ptolemy.actor.util.CausalityInterfaceForComposites._computeInputDepth(CausalityInterfaceForComposites.java:696)
	at ptolemy.actor.util.CausalityInterfaceForComposites._computeOutputPortDepth(CausalityInterfaceForComposites.java:765)
	at ptolemy.actor.util.CausalityInterfaceForComposites._computeInputDepth(CausalityInterfaceForComposites.java:696)
	at ptolemy.actor.util.CausalityInterfaceForComposites._computeActorDepth(CausalityInterfaceForComposites.java:532)
	at ptolemy.actor.util.CausalityInterfaceForComposites.checkForCycles(CausalityInterfaceForComposites.java:96)
	at ptolemy.domains.de.kernel.DEDirector.preinitialize(DEDirector.java:1338)
	at ptolemy.actor.CompositeActor.preinitialize(CompositeActor.java:1828)
	at ptolemy.actor.Manager.preinitializeAndResolveTypes(Manager.java:1040)
	at ptolemy.actor.Manager.initialize(Manager.java:710)
	at ptolemy.actor.Manager.execute(Manager.java:356)
	at ptolemy.actor.Manager.run(Manager.java:1263)
	at ptolemy.actor.Manager$PtolemyRunThread.run(Manager.java:1915)
java.lang.RuntimeException: Execution failed
	at ptolemy.moml.MoMLSimpleApplication$UnloadThread.run(MoMLSimpleApplication.java:402)
Caused by: ptolemy.kernel.util.IllegalActionException: Found a zero delay loop containing .dependencyLoop2.original
  in .dependencyLoop2 and .dependencyLoop2.original
	at ptolemy.actor.util.CausalityInterfaceForComposites._computeOutputPortDepth(CausalityInterfaceForComposites.java:759)
	at ptolemy.actor.util.CausalityInterfaceForComposites._computeInputDepth(CausalityInterfaceForComposites.java:696)
	at ptolemy.actor.util.CausalityInterfaceForComposites._computeOutputPortDepth(CausalityInterfaceForComposites.java:765)
	at ptolemy.actor.util.CausalityInterfaceForComposites._computeInputDepth(CausalityInterfaceForComposites.java:696)
	at ptolemy.actor.util.CausalityInterfaceForComposites._computeOutputPortDepth(CausalityInterfaceForComposites.java:765)
	at ptolemy.actor.util.CausalityInterfaceForComposites._computeInputDepth(CausalityInterfaceForComposites.java:696)
	at ptolemy.actor.util.CausalityInterfaceForComposites._computeActorDepth(CausalityInterfaceForComposites.java:532)
	at ptolemy.actor.util.CausalityInterfaceForComposites.checkForCycles(CausalityInterfaceForComposites.java:96)
	at ptolemy.domains.de.kernel.DEDirector.preinitialize(DEDirector.java:1338)
	at ptolemy.actor.CompositeActor.preinitialize(CompositeActor.java:1828)
	at ptolemy.actor.Manager.preinitializeAndResolveTypes(Manager.java:1040)
	at ptolemy.actor.Manager.initialize(Manager.java:710)
	at ptolemy.actor.Manager.execute(Manager.java:356)
	at ptolemy.actor.Manager.run(Manager.java:1263)
	at ptolemy.actor.Manager$PtolemyRunThread.run(Manager.java:1915)
java.lang.reflect.InvocationTargetException
	at java.base/jdk.internal.reflect.NativeConstructorAccessorImpl.newInstance0(Native Method)
	at java.base/jdk.internal.reflect.NativeConstructorAccessorImpl.newInstance(NativeConstructorAccessorImpl.java:62)
	at java.base/jdk.internal.reflect.DelegatingConstructorAccessorImpl.newInstance(DelegatingConstructorAccessorImpl.java:45)
	at java.base/java.lang.reflect.Constructor.newInstance(Constructor.java:490)
	at ptolemy.util.test.junit.AutoKnownFailedTests.RunModel(AutoKnownFailedTests.java:105)
	at java.base/jdk.internal.reflect.NativeMethodAccessorImpl.invoke0(Native Method)
	at java.base/jdk.internal.reflect.NativeMethodAccessorImpl.invoke(NativeMethodAccessorImpl.java:62)
	at java.base/jdk.internal.reflect.DelegatingMethodAccessorImpl.invoke(DelegatingMethodAccessorImpl.java:43)
	at java.base/java.lang.reflect.Method.invoke(Method.java:566)
	at org.junit.runners.model.FrameworkMethod$1.runReflectiveCall(FrameworkMethod.java:44)
	at org.junit.internal.runners.model.ReflectiveCallable.run(ReflectiveCallable.java:15)
	at org.junit.runners.model.FrameworkMethod.invokeExplosively(FrameworkMethod.java:41)
	at junitparams.internal.InvokeParameterisedMethod.evaluate(InvokeParameterisedMethod.java:102)
	at org.junit.internal.runners.statements.FailOnTimeout$1.run(FailOnTimeout.java:28)
Caused by: ptolemy.kernel.util.IllegalActionException: Found a zero delay loop containing .dependencyLoop2.original
  in .dependencyLoop2 and .dependencyLoop2.original
	at ptolemy.actor.util.CausalityInterfaceForComposites._computeOutputPortDepth(CausalityInterfaceForComposites.java:759)
	at ptolemy.actor.util.CausalityInterfaceForComposites._computeInputDepth(CausalityInterfaceForComposites.java:696)
	at ptolemy.actor.util.CausalityInterfaceForComposites._computeOutputPortDepth(CausalityInterfaceForComposites.java:765)
	at ptolemy.actor.util.CausalityInterfaceForComposites._computeInputDepth(CausalityInterfaceForComposites.java:696)
	at ptolemy.actor.util.CausalityInterfaceForComposites._computeOutputPortDepth(CausalityInterfaceForComposites.java:765)
	at ptolemy.actor.util.CausalityInterfaceForComposites._computeInputDepth(CausalityInterfaceForComposites.java:696)
	at ptolemy.actor.util.CausalityInterfaceForComposites._computeActorDepth(CausalityInterfaceForComposites.java:532)
	at ptolemy.actor.util.CausalityInterfaceForComposites.checkForCycles(CausalityInterfaceForComposites.java:96)
	at ptolemy.domains.de.kernel.DEDirector.preinitialize(DEDirector.java:1338)
	at ptolemy.actor.CompositeActor.preinitialize(CompositeActor.java:1828)
	at ptolemy.actor.Manager.preinitializeAndResolveTypes(Manager.java:1040)
	at ptolemy.actor.Manager.initialize(Manager.java:710)
	at ptolemy.actor.Manager.execute(Manager.java:356)
	at ptolemy.actor.Manager.run(Manager.java:1263)
	at ptolemy.actor.Manager$PtolemyRunThread.run(Manager.java:1915)
]]></system-err>
</testsuite>
