<?xml version="1.0" encoding="UTF-8" ?>
<testsuite errors="0" failures="0" hostname="travis-job-78176359-b3b1-4459-b63b-737d0e26ff9d" name="ptolemy.domains.de.test.junit.JUnitTclTest" skipped="0" tests="101" time="120.657" timestamp="2021-10-06T02:03:30">
  <properties>
[...]
</properties>
  <testcase classname="ptolemy.util.test.junit.TclTests" name="[0] /home/travis/build/icyphy/ptII/ptolemy/domains/de/test/DependencyLoop.tcl (RunTclFile)" time="0.891" />
  <testcase classname="ptolemy.util.test.junit.TclTests" name="[1] /home/travis/build/icyphy/ptII/ptolemy/domains/de/test/RunDETestsAsQSS.tcl (RunTclFile)" time="82.18" />
  <testcase classname="ptolemy.util.test.junit.AutoKnownFailedTests" name="[0] /home/travis/build/icyphy/ptII/ptolemy/domains/de/test/auto/knownFailedTests/DESDFClockTest.xml (RunModel)" time="2.046" />
  <testcase classname="ptolemy.util.test.junit.AutoKnownFailedTests" name="[1] /home/travis/build/icyphy/ptII/ptolemy/domains/de/test/auto/knownFailedTests/DirectFeedback.xml (RunModel)" time="0.02" />
  <testcase classname="ptolemy.util.test.junit.AutoKnownFailedTests" name="[2] /home/travis/build/icyphy/ptII/ptolemy/domains/de/test/auto/knownFailedTests/FSMSource.xml (RunModel)" time="0.022" />
  <testcase classname="ptolemy.util.test.junit.AutoKnownFailedTests" name="[3] /home/travis/build/icyphy/ptII/ptolemy/domains/de/test/auto/knownFailedTests/HierarchicalModel.xml (RunModel)" time="0.052" />
  <testcase classname="ptolemy.util.test.junit.AutoKnownFailedTests" name="[4] /home/travis/build/icyphy/ptII/ptolemy/domains/de/test/auto/knownFailedTests/dependencyLoop.xml (RunModel)" time="0.03" />
  <testcase classname="ptolemy.util.test.junit.AutoKnownFailedTests" name="[5] /home/travis/build/icyphy/ptII/ptolemy/domains/de/test/auto/knownFailedTests/dependencyLoop2.xml (RunModel)" time="0.041" />
  <testcase classname="ptolemy.util.test.junit.AutoNameArchTests" name="[0] ThereAreNoAutoArchTests (RunModel)" time="0.002" />
  <testcase classname="ptolemy.util.test.junit.AutoTests" name="[0] /home/travis/build/icyphy/ptII/ptolemy/domains/de/test/auto/ActorDepthCalculation_actorWithoutPorts.xml (RunModel)" time="0.023" />
  <testcase classname="ptolemy.util.test.junit.AutoTests" name="[1] /home/travis/build/icyphy/ptII/ptolemy/domains/de/test/auto/AssemblyLine.xml (RunModel)" time="0.021" />
  <testcase classname="ptolemy.util.test.junit.AutoTests" name="[2] /home/travis/build/icyphy/ptII/ptolemy/domains/de/test/auto/CQBug1.xml (RunModel)" time="0.015" />
  <testcase classname="ptolemy.util.test.junit.AutoTests" name="[3] /home/travis/build/icyphy/ptII/ptolemy/domains/de/test/auto/CancelFireAt.xml (RunModel)" time="0.012" />
  <testcase classname="ptolemy.util.test.junit.AutoTests" name="[4] /home/travis/build/icyphy/ptII/ptolemy/domains/de/test/auto/CausalityAndComposabilityAnalysis.xml (RunModel)" time="0.018" />
  <testcase classname="ptolemy.util.test.junit.AutoTests" name="[5] /home/travis/build/icyphy/ptII/ptolemy/domains/de/test/auto/CausalityInterface1.xml (RunModel)" time="0.022" />
  <testcase classname="ptolemy.util.test.junit.AutoTests" name="[6] /home/travis/build/icyphy/ptII/ptolemy/domains/de/test/auto/CausalityInterface15.xml (RunModel)" time="0.016" />
  <testcase classname="ptolemy.util.test.junit.AutoTests" name="[7] /home/travis/build/icyphy/ptII/ptolemy/domains/de/test/auto/CausalityInterface2.xml (RunModel)" time="0.012" />
  <testcase classname="ptolemy.util.test.junit.AutoTests" name="[8] /home/travis/build/icyphy/ptII/ptolemy/domains/de/test/auto/CausalityInterface3.xml (RunModel)" time="0.014" />
  <testcase classname="ptolemy.util.test.junit.AutoTests" name="[9] /home/travis/build/icyphy/ptII/ptolemy/domains/de/test/auto/ClockDrift.xml (RunModel)" time="0.038" />
  <testcase classname="ptolemy.util.test.junit.AutoTests" name="[10] /home/travis/build/icyphy/ptII/ptolemy/domains/de/test/auto/ClockDriftAndValueChange.xml (RunModel)" time="0.031" />
  <testcase classname="ptolemy.util.test.junit.AutoTests" name="[11] /home/travis/build/icyphy/ptII/ptolemy/domains/de/test/auto/ClockDriftChange.xml (RunModel)" time="0.033" />
  <testcase classname="ptolemy.util.test.junit.AutoTests" name="[12] /home/travis/build/icyphy/ptII/ptolemy/domains/de/test/auto/ComposableCausalityAnalysis.xml (RunModel)" time="0.012" />
  <testcase classname="ptolemy.util.test.junit.AutoTests" name="[13] /home/travis/build/icyphy/ptII/ptolemy/domains/de/test/auto/DEFixedPointLimitation.xml (RunModel)" time="0.007" />
  <testcase classname="ptolemy.util.test.junit.AutoTests" name="[14] /home/travis/build/icyphy/ptII/ptolemy/domains/de/test/auto/DEScheduleTest.xml (RunModel)" time="0.015" />
  <testcase classname="ptolemy.util.test.junit.AutoTests" name="[15] /home/travis/build/icyphy/ptII/ptolemy/domains/de/test/auto/DEinDEwithStartTimes.xml (RunModel)" time="0.018" />
  <testcase classname="ptolemy.util.test.junit.AutoTests" name="[16] /home/travis/build/icyphy/ptII/ptolemy/domains/de/test/auto/DEinDEwithStartTimes2.xml (RunModel)" time="0.012" />
  <testcase classname="ptolemy.util.test.junit.AutoTests" name="[17] /home/travis/build/icyphy/ptII/ptolemy/domains/de/test/auto/DateDemo.xml (RunModel)" time="0.032" />
  <testcase classname="ptolemy.util.test.junit.AutoTests" name="[18] /home/travis/build/icyphy/ptII/ptolemy/domains/de/test/auto/DateToEvent.xml (RunModel)" time="2.044" />
  <testcase classname="ptolemy.util.test.junit.AutoTests" name="[19] /home/travis/build/icyphy/ptII/ptolemy/domains/de/test/auto/DepthTest1.xml (RunModel)" time="0.011" />
  <testcase classname="ptolemy.util.test.junit.AutoTests" name="[20] /home/travis/build/icyphy/ptII/ptolemy/domains/de/test/auto/DepthTest2.xml (RunModel)" time="0.015" />
  <testcase classname="ptolemy.util.test.junit.AutoTests" name="[21] /home/travis/build/icyphy/ptII/ptolemy/domains/de/test/auto/DepthTest3.xml (RunModel)" time="0.007" />
  <testcase classname="ptolemy.util.test.junit.AutoTests" name="[22] /home/travis/build/icyphy/ptII/ptolemy/domains/de/test/auto/DepthTest4.xml (RunModel)" time="0.01" />
  <testcase classname="ptolemy.util.test.junit.AutoTests" name="[23] /home/travis/build/icyphy/ptII/ptolemy/domains/de/test/auto/DepthTest5.xml (RunModel)" time="0.023" />
  <testcase classname="ptolemy.util.test.junit.AutoTests" name="[24] /home/travis/build/icyphy/ptII/ptolemy/domains/de/test/auto/DepthTest6.xml (RunModel)" time="0.011" />
  <testcase classname="ptolemy.util.test.junit.AutoTests" name="[25] /home/travis/build/icyphy/ptII/ptolemy/domains/de/test/auto/DepthTest7.xml (RunModel)" time="0.01" />
  <testcase classname="ptolemy.util.test.junit.AutoTests" name="[26] /home/travis/build/icyphy/ptII/ptolemy/domains/de/test/auto/EventToDate.xml (RunModel)" time="3.041" />
  <testcase classname="ptolemy.util.test.junit.AutoTests" name="[27] /home/travis/build/icyphy/ptII/ptolemy/domains/de/test/auto/FSM1.xml (RunModel)" time="0.042" />
  <testcase classname="ptolemy.util.test.junit.AutoTests" name="[28] /home/travis/build/icyphy/ptII/ptolemy/domains/de/test/auto/FSM7.xml (RunModel)" time="0.035" />
  <testcase classname="ptolemy.util.test.junit.AutoTests" name="[29] /home/travis/build/icyphy/ptII/ptolemy/domains/de/test/auto/Inspection.xml (RunModel)" time="0.042" />
  <testcase classname="ptolemy.util.test.junit.AutoTests" name="[30] /home/travis/build/icyphy/ptII/ptolemy/domains/de/test/auto/Iteration.xml (RunModel)" time="0.025" />
  <testcase classname="ptolemy.util.test.junit.AutoTests" name="[31] /home/travis/build/icyphy/ptII/ptolemy/domains/de/test/auto/LineFault.xml (RunModel)" time="0.613" />
  <testcase classname="ptolemy.util.test.junit.AutoTests" name="[32] /home/travis/build/icyphy/ptII/ptolemy/domains/de/test/auto/MergeModel1Add.xml (RunModel)" time="0.044" />
  <testcase classname="ptolemy.util.test.junit.AutoTests" name="[33] /home/travis/build/icyphy/ptII/ptolemy/domains/de/test/auto/MergeModel2Add.xml (RunModel)" time="0.035" />
  <testcase classname="ptolemy.util.test.junit.AutoTests" name="[34] /home/travis/build/icyphy/ptII/ptolemy/domains/de/test/auto/MergeModel3Add.xml (RunModel)" time="0.042" />
  <testcase classname="ptolemy.util.test.junit.AutoTests" name="[35] /home/travis/build/icyphy/ptII/ptolemy/domains/de/test/auto/MergeWithoutDiscard.xml (RunModel)" time="0.01" />
  <testcase classname="ptolemy.util.test.junit.AutoTests" name="[36] /home/travis/build/icyphy/ptII/ptolemy/domains/de/test/auto/Modal1.xml (RunModel)" time="0.036" />
  <testcase classname="ptolemy.util.test.junit.AutoTests" name="[37] /home/travis/build/icyphy/ptII/ptolemy/domains/de/test/auto/Modal2.xml (RunModel)" time="0.031" />
  <testcase classname="ptolemy.util.test.junit.AutoTests" name="[38] /home/travis/build/icyphy/ptII/ptolemy/domains/de/test/auto/Modal3.xml (RunModel)" time="0.024" />
  <testcase classname="ptolemy.util.test.junit.AutoTests" name="[39] /home/travis/build/icyphy/ptII/ptolemy/domains/de/test/auto/Modal4.xml (RunModel)" time="0.027" />
  <testcase classname="ptolemy.util.test.junit.AutoTests" name="[40] /home/travis/build/icyphy/ptII/ptolemy/domains/de/test/auto/Modal5.xml (RunModel)" time="0.032" />
  <testcase classname="ptolemy.util.test.junit.AutoTests" name="[41] /home/travis/build/icyphy/ptII/ptolemy/domains/de/test/auto/Modal6.xml (RunModel)" time="0.025" />
  <testcase classname="ptolemy.util.test.junit.AutoTests" name="[42] /home/travis/build/icyphy/ptII/ptolemy/domains/de/test/auto/Modal7.xml (RunModel)" time="0.032" />
  <testcase classname="ptolemy.util.test.junit.AutoTests" name="[43] /home/travis/build/icyphy/ptII/ptolemy/domains/de/test/auto/ModalModel.xml (RunModel)" time="0.166" />
  <testcase classname="ptolemy.util.test.junit.AutoTests" name="[44] /home/travis/build/icyphy/ptII/ptolemy/domains/de/test/auto/ModalSource.xml (RunModel)" time="0.016" />
  <testcase classname="ptolemy.util.test.junit.AutoTests" name="[45] /home/travis/build/icyphy/ptII/ptolemy/domains/de/test/auto/NonInterruptibleTimerZeroDelay.xml (RunModel)" time="0.007" />
  <testcase classname="ptolemy.util.test.junit.AutoTests" name="[46] /home/travis/build/icyphy/ptII/ptolemy/domains/de/test/auto/OpenQueueingNetwork.xml (RunModel)" time="2.078" />
  <testcase classname="ptolemy.util.test.junit.AutoTests" name="[47] /home/travis/build/icyphy/ptII/ptolemy/domains/de/test/auto/OpenQueuingNetwork.xml (RunModel)" time="0.25" />
  <testcase classname="ptolemy.util.test.junit.AutoTests" name="[48] /home/travis/build/icyphy/ptII/ptolemy/domains/de/test/auto/PeriodicSampler.xml (RunModel)" time="0.012" />
  <testcase classname="ptolemy.util.test.junit.AutoTests" name="[49] /home/travis/build/icyphy/ptII/ptolemy/domains/de/test/auto/PersistentIO.xml (RunModel)" time="0.019" />
  <testcase classname="ptolemy.util.test.junit.AutoTests" name="[50] /home/travis/build/icyphy/ptII/ptolemy/domains/de/test/auto/PortParameterResetOnInitialize.xml (RunModel)" time="0.012" />
  <testcase classname="ptolemy.util.test.junit.AutoTests" name="[51] /home/travis/build/icyphy/ptII/ptolemy/domains/de/test/auto/PortParameterUpdates.xml (RunModel)" time="0.013" />
  <testcase classname="ptolemy.util.test.junit.AutoTests" name="[52] /home/travis/build/icyphy/ptII/ptolemy/domains/de/test/auto/QueueAndServer.xml (RunModel)" time="0.019" />
  <testcase classname="ptolemy.util.test.junit.AutoTests" name="[53] /home/travis/build/icyphy/ptII/ptolemy/domains/de/test/auto/Records.xml (RunModel)" time="0.013" />
  <testcase classname="ptolemy.util.test.junit.AutoTests" name="[54] /home/travis/build/icyphy/ptII/ptolemy/domains/de/test/auto/ResetTransitionWithStartTime1.xml (RunModel)" time="0.017" />
  <testcase classname="ptolemy.util.test.junit.AutoTests" name="[55] /home/travis/build/icyphy/ptII/ptolemy/domains/de/test/auto/ResetTransitionWithStartTime2.xml (RunModel)" time="0.017" />
  <testcase classname="ptolemy.util.test.junit.AutoTests" name="[56] /home/travis/build/icyphy/ptII/ptolemy/domains/de/test/auto/ResetTransitionWithStartTime3.xml (RunModel)" time="0.016" />
  <testcase classname="ptolemy.util.test.junit.AutoTests" name="[57] /home/travis/build/icyphy/ptII/ptolemy/domains/de/test/auto/ResetTransitionWithStartTime4.xml (RunModel)" time="0.016" />
  <testcase classname="ptolemy.util.test.junit.AutoTests" name="[58] /home/travis/build/icyphy/ptII/ptolemy/domains/de/test/auto/ResettableTimer1.xml (RunModel)" time="0.009" />
  <testcase classname="ptolemy.util.test.junit.AutoTests" name="[59] /home/travis/build/icyphy/ptII/ptolemy/domains/de/test/auto/ResettableTimer2.xml (RunModel)" time="0.007" />
  <testcase classname="ptolemy.util.test.junit.AutoTests" name="[60] /home/travis/build/icyphy/ptII/ptolemy/domains/de/test/auto/ResettableTimer3.xml (RunModel)" time="0.008" />
  <testcase classname="ptolemy.util.test.junit.AutoTests" name="[61] /home/travis/build/icyphy/ptII/ptolemy/domains/de/test/auto/ResettableTimer4.xml (RunModel)" time="0.008" />
  <testcase classname="ptolemy.util.test.junit.AutoTests" name="[62] /home/travis/build/icyphy/ptII/ptolemy/domains/de/test/auto/ResettableTimer5.xml (RunModel)" time="0.01" />
  <testcase classname="ptolemy.util.test.junit.AutoTests" name="[63] /home/travis/build/icyphy/ptII/ptolemy/domains/de/test/auto/ResettableTimer6.xml (RunModel)" time="0.013" />
  <testcase classname="ptolemy.util.test.junit.AutoTests" name="[64] /home/travis/build/icyphy/ptII/ptolemy/domains/de/test/auto/ServerZeroDelay.xml (RunModel)" time="0.009" />
  <testcase classname="ptolemy.util.test.junit.AutoTests" name="[65] /home/travis/build/icyphy/ptII/ptolemy/domains/de/test/auto/SmartSender.xml (RunModel)" time="3.011" />
  <testcase classname="ptolemy.util.test.junit.AutoTests" name="[66] /home/travis/build/icyphy/ptII/ptolemy/domains/de/test/auto/ThreadedComposite.xml (RunModel)" time="0.112" />
  <testcase classname="ptolemy.util.test.junit.AutoTests" name="[67] /home/travis/build/icyphy/ptII/ptolemy/domains/de/test/auto/Time.xml (RunModel)" time="0.351" />
  <testcase classname="ptolemy.util.test.junit.AutoTests" name="[68] /home/travis/build/icyphy/ptII/ptolemy/domains/de/test/auto/TimeDelayZeroDelay.xml (RunModel)" time="0.011" />
  <testcase classname="ptolemy.util.test.junit.AutoTests" name="[69] /home/travis/build/icyphy/ptII/ptolemy/domains/de/test/auto/TimerZeroDelay.xml (RunModel)" time="0.009" />
  <testcase classname="ptolemy.util.test.junit.AutoTests" name="[70] /home/travis/build/icyphy/ptII/ptolemy/domains/de/test/auto/TimingParadox.xml (RunModel)" time="0.321" />
  <testcase classname="ptolemy.util.test.junit.AutoTests" name="[71] /home/travis/build/icyphy/ptII/ptolemy/domains/de/test/auto/TransferInputs.xml (RunModel)" time="0.014" />
  <testcase classname="ptolemy.util.test.junit.AutoTests" name="[72] /home/travis/build/icyphy/ptII/ptolemy/domains/de/test/auto/TransferOutputs2.xml (RunModel)" time="0.014" />
  <testcase classname="ptolemy.util.test.junit.AutoTests" name="[73] /home/travis/build/icyphy/ptII/ptolemy/domains/de/test/auto/Trilateration.xml (RunModel)" time="9.815" />
  <testcase classname="ptolemy.util.test.junit.AutoTests" name="[74] /home/travis/build/icyphy/ptII/ptolemy/domains/de/test/auto/TwoSigmaDelta.xml (RunModel)" time="1.748" />
  <testcase classname="ptolemy.util.test.junit.AutoTests" name="[75] /home/travis/build/icyphy/ptII/ptolemy/domains/de/test/auto/VariableDelay.xml (RunModel)" time="0.018" />
  <testcase classname="ptolemy.util.test.junit.AutoTests" name="[76] /home/travis/build/icyphy/ptII/ptolemy/domains/de/test/auto/VariableDelay2.xml (RunModel)" time="0.012" />
  <testcase classname="ptolemy.util.test.junit.AutoTests" name="[77] /home/travis/build/icyphy/ptII/ptolemy/domains/de/test/auto/VariableDelayZeroDelay.xml (RunModel)" time="0.017" />
  <testcase classname="ptolemy.util.test.junit.AutoTests" name="[78] /home/travis/build/icyphy/ptII/ptolemy/domains/de/test/auto/VariableDelayZeroDelay2.xml (RunModel)" time="0.015" />
  <testcase classname="ptolemy.util.test.junit.AutoTests" name="[79] /home/travis/build/icyphy/ptII/ptolemy/domains/de/test/auto/deInCt.xml (RunModel)" time="0.015" />
  <testcase classname="ptolemy.util.test.junit.AutoTests" name="[80] /home/travis/build/icyphy/ptII/ptolemy/domains/de/test/auto/deInCt2.xml (RunModel)" time="0.015" />
  <testcase classname="ptolemy.util.test.junit.AutoTests" name="[81] /home/travis/build/icyphy/ptII/ptolemy/domains/de/test/auto/dynamicCausalityInterface1.xml (RunModel)" time="0.022" />
  <testcase classname="ptolemy.util.test.junit.AutoTests" name="[82] /home/travis/build/icyphy/ptII/ptolemy/domains/de/test/auto/fsm_de_test.xml (RunModel)" time="0.026" />
  <testcase classname="ptolemy.util.test.junit.AutoTests" name="[83] /home/travis/build/icyphy/ptII/ptolemy/domains/de/test/auto/functionDependencyReconstruction.xml (RunModel)" time="0.04" />
  <testcase classname="ptolemy.util.test.junit.AutoTests" name="[84] /home/travis/build/icyphy/ptII/ptolemy/domains/de/test/auto/multirate.xml (RunModel)" time="0.015" />
  <testcase classname="ptolemy.util.test.junit.AutoTests" name="[85] /home/travis/build/icyphy/ptII/ptolemy/domains/de/test/auto/multirate2.xml (RunModel)" time="0.015" />
  <testcase classname="ptolemy.util.test.junit.AutoTests" name="[86] /home/travis/build/icyphy/ptII/ptolemy/domains/de/test/auto/realtime.xml (RunModel)" time="10.013" />
  <testcase classname="ptolemy.util.test.junit.AutoTests" name="[87] /home/travis/build/icyphy/ptII/ptolemy/domains/de/test/auto/relationGroup.xml (RunModel)" time="0.006" />
  <testcase classname="ptolemy.util.test.junit.AutoTests" name="[88] /home/travis/build/icyphy/ptII/ptolemy/domains/de/test/auto/relationGroup2.xml (RunModel)" time="0.006" />
  <testcase classname="ptolemy.util.test.junit.AutoTests" name="[89] /home/travis/build/icyphy/ptII/ptolemy/domains/de/test/auto/sortWithOpaquePorts.xml (RunModel)" time="0.008" />
  <testcase classname="ptolemy.util.test.junit.AutoTests" name="[90] /home/travis/build/icyphy/ptII/ptolemy/domains/de/test/auto/transferInputsandOutputs.xml (RunModel)" time="0.011" />
  <testcase classname="ptolemy.util.test.junit.AutoTests" name="[91] /home/travis/build/icyphy/ptII/ptolemy/domains/de/test/auto/triggerType.xml (RunModel)" time="0.01" />
  <system-out><![CDATA[/home/travis/build/icyphy/ptII/ptolemy/domains/de/test/DependencyLoop.tcl
testDefs.tcl: setting time out to 9000 seconds at Wed Oct 06 02:03:30 UTC 2021
50 ms. Memory: 129024K Free: 78237K (61%)
23 ms. Memory: 129024K Free: 60829K (47%)
/home/travis/build/icyphy/ptII/ptolemy/domains/de/test/RunDETestsAsQSS.tcl
Run the DE tests using ptolemy.domains.qss.test.QSSDirectorTest, which extends QSSDirector and prints a message in the constructors.
------------------ testing $PTII/ptolemy/domains/de/test/auto/knownFailedTests/DirectFeedback.xml (Known Failure) 
29 ms. Memory: 129024K Free: 55199K (43%)


==== $PTIIhome/travis/build/icyphy/ptII/ptolemy/domains/de/test/../../../../: Auto Automatic test in file $PTII/ptolemy/domains/de/test/auto/knownFailedTests/DirectFeedback.xml
==== Contents of test case:

	    # FIXME: we should use $relativeFilename here, but it
	    # might have backslashes under Windows, which causes no end
	    # of trouble.
	    createAndExecute $file
	    list {}
	
.... Test generated KNOWN error:
    while executing
ptolemy.kernel.util.IllegalActionException: Test fails in iteration 1.
Value was: 1.0. Should have been: 2.0
  in .DirectFeedback.Test
	at ptolemy.actor.lib.Test.fire(Test.java:268)
	at ptolemy.domains.de.kernel.DEDirector._fire(DEDirector.java:1949)
	at ptolemy.domains.de.kernel.DEDirector.fire(DEDirector.java:502)
	at ptolemy.actor.CompositeActor.fire(CompositeActor.java:455)
	at ptolemy.actor.Manager.iterate(Manager.java:851)
	at ptolemy.actor.Manager.execute(Manager.java:369)
	at ptolemy.actor.Manager.run(Manager.java:1263)
	at ptolemy.actor.Manager$PtolemyRunThread.run(Manager.java:1933)

    while executing
ptolemy.kernel.util.IllegalActionException: Test fails in iteration 1.
Value was: 1.0. Should have been: 2.0
  in .DirectFeedback.Test
    while executing
"java::new ptolemy.moml.MoMLSimpleApplication $file
"
    (procedure "createAndExecute" line 2)
    invoked from within
"createAndExecute $file"
    ("uplevel" body line 5)
    invoked from within
"uplevel $contents_of_test"
------------------ testing $PTII/ptolemy/domains/de/test/auto/knownFailedTests/dependencyLoop.xml (Known Failure) 
9 ms. Memory: 129024K Free: 52127K (40%)


==== $PTIIhome/travis/build/icyphy/ptII/ptolemy/domains/de/test/../../../../: Auto Automatic test in file $PTII/ptolemy/domains/de/test/auto/knownFailedTests/dependencyLoop.xml
==== Contents of test case:

	    # FIXME: we should use $relativeFilename here, but it
	    # might have backslashes under Windows, which causes no end
	    # of trouble.
	    createAndExecute $file
	    list {}
	
.... Test generated KNOWN error:
    while executing
ptolemy.kernel.util.IllegalActionException: Found a zero delay loop containing .dependencyLoop.original
  in .dependencyLoop and .dependencyLoop.original
	at ptolemy.actor.util.CausalityInterfaceForComposites._computeOutputPortDepth(CausalityInterfaceForComposites.java:759)
	at ptolemy.actor.util.CausalityInterfaceForComposites._computeInputDepth(CausalityInterfaceForComposites.java:696)
	at ptolemy.actor.util.CausalityInterfaceForComposites._computeOutputPortDepth(CausalityInterfaceForComposites.java:765)
	at ptolemy.actor.util.CausalityInterfaceForComposites._computeInputDepth(CausalityInterfaceForComposites.java:696)
	at ptolemy.actor.util.CausalityInterfaceForComposites._computeOutputPortDepth(CausalityInterfaceForComposites.java:765)
	at ptolemy.actor.util.CausalityInterfaceForComposites._computeInputDepth(CausalityInterfaceForComposites.java:696)
	at ptolemy.actor.util.CausalityInterfaceForComposites._computeActorDepth(CausalityInterfaceForComposites.java:532)
	at ptolemy.actor.util.CausalityInterfaceForComposites.checkForCycles(CausalityInterfaceForComposites.java:96)
	at ptolemy.domains.de.kernel.DEDirector.preinitialize(DEDirector.java:1338)
	at ptolemy.actor.CompositeActor.preinitialize(CompositeActor.java:1828)
	at ptolemy.actor.Manager.preinitializeAndResolveTypes(Manager.java:1040)
	at ptolemy.actor.Manager.initialize(Manager.java:710)
	at ptolemy.actor.Manager.execute(Manager.java:356)
	at ptolemy.actor.Manager.run(Manager.java:1263)
	at ptolemy.actor.Manager$PtolemyRunThread.run(Manager.java:1933)

    while executing
ptolemy.kernel.util.IllegalActionException: Found a zero delay loop containing .dependencyLoop.original
  in .dependencyLoop and .dependencyLoop.original
    while executing
"java::new ptolemy.moml.MoMLSimpleApplication $file
"
    (procedure "createAndExecute" line 2)
    invoked from within
"createAndExecute $file"
    ("uplevel" body line 5)
    invoked from within
"uplevel $contents_of_test"
------------------ testing $PTII/ptolemy/domains/de/test/auto/knownFailedTests/FSMSource.xml (Known Failure) 
64 ms. Memory: 129024K Free: 110627K (86%)
!!!! Auto was marked as failing, but now passes
------------------ testing $PTII/ptolemy/domains/de/test/auto/knownFailedTests/HierarchicalModel.xml (Known Failure) 
5 ms. Memory: 129024K Free: 93235K (72%)


==== $PTIIhome/travis/build/icyphy/ptII/ptolemy/domains/de/test/../../../../: Auto Automatic test in file $PTII/ptolemy/domains/de/test/auto/knownFailedTests/HierarchicalModel.xml
==== Contents of test case:

	    # FIXME: we should use $relativeFilename here, but it
	    # might have backslashes under Windows, which causes no end
	    # of trouble.
	    createAndExecute $file
	    list {}
	
.... Test generated KNOWN error:
    while executing
ptolemy.kernel.util.IllegalActionException: Found a zero delay loop containing .HierarchicalModel.A
  in .HierarchicalModel and .HierarchicalModel.A
	at ptolemy.actor.util.CausalityInterfaceForComposites._computeOutputPortDepth(CausalityInterfaceForComposites.java:759)
	at ptolemy.actor.util.CausalityInterfaceForComposites._computeInputDepth(CausalityInterfaceForComposites.java:696)
	at ptolemy.actor.util.CausalityInterfaceForComposites._computeOutputPortDepth(CausalityInterfaceForComposites.java:765)
	at ptolemy.actor.util.CausalityInterfaceForComposites._computeInputDepth(CausalityInterfaceForComposites.java:696)
	at ptolemy.actor.util.CausalityInterfaceForComposites._computeOutputPortDepth(CausalityInterfaceForComposites.java:765)
	at ptolemy.actor.util.CausalityInterfaceForComposites._computeInputDepth(CausalityInterfaceForComposites.java:696)
	at ptolemy.actor.util.CausalityInterfaceForComposites._computeActorDepth(CausalityInterfaceForComposites.java:532)
	at ptolemy.actor.util.CausalityInterfaceForComposites.checkForCycles(CausalityInterfaceForComposites.java:96)
	at ptolemy.domains.de.kernel.DEDirector.preinitialize(DEDirector.java:1338)
	at ptolemy.actor.CompositeActor.preinitialize(CompositeActor.java:1828)
	at ptolemy.actor.Manager.preinitializeAndResolveTypes(Manager.java:1040)
	at ptolemy.actor.Manager.initialize(Manager.java:710)
	at ptolemy.actor.Manager.execute(Manager.java:356)
	at ptolemy.actor.Manager.run(Manager.java:1263)
	at ptolemy.actor.Manager$PtolemyRunThread.run(Manager.java:1933)

    while executing
ptolemy.kernel.util.IllegalActionException: Found a zero delay loop containing .HierarchicalModel.A
  in .HierarchicalModel and .HierarchicalModel.A
    while executing
"java::new ptolemy.moml.MoMLSimpleApplication $file
"
    (procedure "createAndExecute" line 2)
    invoked from within
"createAndExecute $file"
    ("uplevel" body line 5)
    invoked from within
"uplevel $contents_of_test"
------------------ testing $PTII/ptolemy/domains/de/test/auto/knownFailedTests/dependencyLoop2.xml (Known Failure) 
12 ms. Memory: 129024K Free: 77129K (60%)


==== $PTIIhome/travis/build/icyphy/ptII/ptolemy/domains/de/test/../../../../: Auto Automatic test in file $PTII/ptolemy/domains/de/test/auto/knownFailedTests/dependencyLoop2.xml
==== Contents of test case:

	    # FIXME: we should use $relativeFilename here, but it
	    # might have backslashes under Windows, which causes no end
	    # of trouble.
	    createAndExecute $file
	    list {}
	
.... Test generated KNOWN error:
    while executing
ptolemy.kernel.util.IllegalActionException: Found a zero delay loop containing .dependencyLoop2.original
  in .dependencyLoop2 and .dependencyLoop2.original
	at ptolemy.actor.util.CausalityInterfaceForComposites._computeOutputPortDepth(CausalityInterfaceForComposites.java:759)
	at ptolemy.actor.util.CausalityInterfaceForComposites._computeInputDepth(CausalityInterfaceForComposites.java:696)
	at ptolemy.actor.util.CausalityInterfaceForComposites._computeOutputPortDepth(CausalityInterfaceForComposites.java:765)
	at ptolemy.actor.util.CausalityInterfaceForComposites._computeInputDepth(CausalityInterfaceForComposites.java:696)
	at ptolemy.actor.util.CausalityInterfaceForComposites._computeOutputPortDepth(CausalityInterfaceForComposites.java:765)
	at ptolemy.actor.util.CausalityInterfaceForComposites._computeInputDepth(CausalityInterfaceForComposites.java:696)
	at ptolemy.actor.util.CausalityInterfaceForComposites._computeActorDepth(CausalityInterfaceForComposites.java:532)
	at ptolemy.actor.util.CausalityInterfaceForComposites.checkForCycles(CausalityInterfaceForComposites.java:96)
	at ptolemy.domains.de.kernel.DEDirector.preinitialize(DEDirector.java:1338)
	at ptolemy.actor.CompositeActor.preinitialize(CompositeActor.java:1828)
	at ptolemy.actor.Manager.preinitializeAndResolveTypes(Manager.java:1040)
	at ptolemy.actor.Manager.initialize(Manager.java:710)
	at ptolemy.actor.Manager.execute(Manager.java:356)
	at ptolemy.actor.Manager.run(Manager.java:1263)
	at ptolemy.actor.Manager$PtolemyRunThread.run(Manager.java:1933)

    while executing
ptolemy.kernel.util.IllegalActionException: Found a zero delay loop containing .dependencyLoop2.original
  in .dependencyLoop2 and .dependencyLoop2.original
    while executing
"java::new ptolemy.moml.MoMLSimpleApplication $file
"
    (procedure "createAndExecute" line 2)
    invoked from within
"createAndExecute $file"
    ("uplevel" body line 5)
    invoked from within
"uplevel $contents_of_test"
------------------ testing $PTII/ptolemy/domains/de/test/auto/knownFailedTests/DESDFClockTest.xml (Known Failure) 
2060 ms. Memory: 129024K Free: 107320K (83%)


==== $PTIIhome/travis/build/icyphy/ptII/ptolemy/domains/de/test/../../../../: Auto Automatic test in file $PTII/ptolemy/domains/de/test/auto/knownFailedTests/DESDFClockTest.xml
==== Contents of test case:

	    # FIXME: we should use $relativeFilename here, but it
	    # might have backslashes under Windows, which causes no end
	    # of trouble.
	    createAndExecute $file
	    list {}
	
.... Test generated KNOWN error:
    while executing
ptolemy.kernel.util.IllegalActionException: Actor is not ready to fire.  Perhaps UpSample.prefire() returned false? Try debugging the actor by selecting "Listen to Actor".  Also, for SDF check moml for tokenConsumptionRate on input.
  in .DESDFClockTest.Play Bell.Copy1:SDF Director and .DESDFClockTest.Play Bell.UpSample
	at ptolemy.actor.sched.StaticSchedulingDirector.fire(StaticSchedulingDirector.java:227)
	at ptolemy.domains.sdf.kernel.SDFDirector.fire(SDFDirector.java:500)
	at ptolemy.actor.CompositeActor.fire(CompositeActor.java:455)
	at ptolemy.domains.de.kernel.DEDirector._fire(DEDirector.java:1949)
	at ptolemy.domains.de.kernel.DEDirector.fire(DEDirector.java:502)
	at ptolemy.actor.CompositeActor.fire(CompositeActor.java:455)
	at ptolemy.actor.Manager.iterate(Manager.java:851)
	at ptolemy.actor.Manager.execute(Manager.java:369)
	at ptolemy.actor.Manager.run(Manager.java:1263)
	at ptolemy.actor.Manager$PtolemyRunThread.run(Manager.java:1933)

    while executing
ptolemy.kernel.util.IllegalActionException: Actor is not ready to fire.  Perhaps UpSample.prefire() returned false? Try debugging the actor by selecting "Listen to Actor".  Also, for SDF check moml for tokenConsumptionRate on input.
  in .DESDFClockTest.Play Bell.Copy1:SDF Director and .DESDFClockTest.Play Bell.UpSample
    while executing
"java::new ptolemy.moml.MoMLSimpleApplication $file
"
    (procedure "createAndExecute" line 2)
    invoked from within
"createAndExecute $file"
    ("uplevel" body line 5)
    invoked from within
"uplevel $contents_of_test"
------------------ testing $PTII/ptolemy/domains/de/test/auto/ActorDepthCalculation_actorWithoutPorts.xml
auto.tcl: Setting watchdog for 200 seconds at Wed Oct 06 02:03:34 UTC 2021
7 ms. Memory: 129024K Free: 99114K (77%)
ptolemy.util.test.WatchDog.cancel(): canceling Wed Oct 06 02:03:34 UTC 2021
auto.tcl: Setting watchdog for 200 seconds at Wed Oct 06 02:03:34 UTC 2021
4 ms. Memory: 129024K Free: 98074K (76%)
ptolemy.util.test.WatchDog.cancel(): canceling Wed Oct 06 02:03:34 UTC 2021
------------------ testing $PTII/ptolemy/domains/de/test/auto/AssemblyLine.xml
auto.tcl: Setting watchdog for 200 seconds at Wed Oct 06 02:03:34 UTC 2021
8 ms. Memory: 55296K Free: 31596K (57%)
ptolemy.util.test.WatchDog.cancel(): canceling Wed Oct 06 02:03:34 UTC 2021
auto.tcl: Setting watchdog for 200 seconds at Wed Oct 06 02:03:34 UTC 2021
9 ms. Memory: 55296K Free: 30580K (55%)
ptolemy.util.test.WatchDog.cancel(): canceling Wed Oct 06 02:03:34 UTC 2021
------------------ testing $PTII/ptolemy/domains/de/test/auto/CQBug1.xml
auto.tcl: Setting watchdog for 200 seconds at Wed Oct 06 02:03:34 UTC 2021
2 ms. Memory: 51200K Free: 32982K (64%)
ptolemy.util.test.WatchDog.cancel(): canceling Wed Oct 06 02:03:34 UTC 2021
auto.tcl: Setting watchdog for 200 seconds at Wed Oct 06 02:03:34 UTC 2021
2 ms. Memory: 51200K Free: 32547K (64%)
ptolemy.util.test.WatchDog.cancel(): canceling Wed Oct 06 02:03:34 UTC 2021
------------------ testing $PTII/ptolemy/domains/de/test/auto/CancelFireAt.xml
auto.tcl: Setting watchdog for 200 seconds at Wed Oct 06 02:03:34 UTC 2021
2 ms. Memory: 51200K Free: 34207K (67%)
ptolemy.util.test.WatchDog.cancel(): canceling Wed Oct 06 02:03:34 UTC 2021
auto.tcl: Setting watchdog for 200 seconds at Wed Oct 06 02:03:34 UTC 2021
2 ms. Memory: 51200K Free: 33747K (66%)
ptolemy.util.test.WatchDog.cancel(): canceling Wed Oct 06 02:03:34 UTC 2021
------------------ testing $PTII/ptolemy/domains/de/test/auto/CausalityAndComposabilityAnalysis.xml
auto.tcl: Setting watchdog for 200 seconds at Wed Oct 06 02:03:34 UTC 2021
15 ms. Memory: 51200K Free: 32142K (63%)
ptolemy.util.test.WatchDog.cancel(): canceling Wed Oct 06 02:03:34 UTC 2021
auto.tcl: Setting watchdog for 200 seconds at Wed Oct 06 02:03:34 UTC 2021
6 ms. Memory: 51200K Free: 31706K (62%)
ptolemy.util.test.WatchDog.cancel(): canceling Wed Oct 06 02:03:34 UTC 2021
------------------ testing $PTII/ptolemy/domains/de/test/auto/CausalityInterface1.xml
auto.tcl: Setting watchdog for 200 seconds at Wed Oct 06 02:03:34 UTC 2021
32 ms. Memory: 51200K Free: 31128K (61%)
ptolemy.util.test.WatchDog.cancel(): canceling Wed Oct 06 02:03:34 UTC 2021
auto.tcl: Setting watchdog for 200 seconds at Wed Oct 06 02:03:34 UTC 2021
4 ms. Memory: 51200K Free: 30149K (59%)
ptolemy.util.test.WatchDog.cancel(): canceling Wed Oct 06 02:03:35 UTC 2021
------------------ testing $PTII/ptolemy/domains/de/test/auto/CausalityInterface15.xml
auto.tcl: Setting watchdog for 200 seconds at Wed Oct 06 02:03:35 UTC 2021
5 ms. Memory: 51200K Free: 31284K (61%)
ptolemy.util.test.WatchDog.cancel(): canceling Wed Oct 06 02:03:35 UTC 2021
auto.tcl: Setting watchdog for 200 seconds at Wed Oct 06 02:03:35 UTC 2021
6 ms. Memory: 51200K Free: 30076K (59%)
ptolemy.util.test.WatchDog.cancel(): canceling Wed Oct 06 02:03:35 UTC 2021
------------------ testing $PTII/ptolemy/domains/de/test/auto/CausalityInterface2.xml
auto.tcl: Setting watchdog for 200 seconds at Wed Oct 06 02:03:35 UTC 2021
4 ms. Memory: 51200K Free: 31696K (62%)
ptolemy.util.test.WatchDog.cancel(): canceling Wed Oct 06 02:03:35 UTC 2021
auto.tcl: Setting watchdog for 200 seconds at Wed Oct 06 02:03:35 UTC 2021
6 ms. Memory: 51200K Free: 31003K (61%)
ptolemy.util.test.WatchDog.cancel(): canceling Wed Oct 06 02:03:35 UTC 2021
------------------ testing $PTII/ptolemy/domains/de/test/auto/CausalityInterface3.xml
auto.tcl: Setting watchdog for 200 seconds at Wed Oct 06 02:03:35 UTC 2021
8 ms. Memory: 51200K Free: 31184K (61%)
ptolemy.util.test.WatchDog.cancel(): canceling Wed Oct 06 02:03:35 UTC 2021
auto.tcl: Setting watchdog for 200 seconds at Wed Oct 06 02:03:35 UTC 2021
3 ms. Memory: 51200K Free: 30689K (60%)
ptolemy.util.test.WatchDog.cancel(): canceling Wed Oct 06 02:03:35 UTC 2021
------------------ testing $PTII/ptolemy/domains/de/test/auto/ClockDrift.xml
auto.tcl: Setting watchdog for 200 seconds at Wed Oct 06 02:03:35 UTC 2021
75 ms. Memory: 51200K Free: 23500K (46%)
ptolemy.util.test.WatchDog.cancel(): canceling Wed Oct 06 02:03:35 UTC 2021
auto.tcl: Setting watchdog for 200 seconds at Wed Oct 06 02:03:35 UTC 2021
43 ms. Memory: 51200K Free: 20286K (40%)
ptolemy.util.test.WatchDog.cancel(): canceling Wed Oct 06 02:03:35 UTC 2021
------------------ testing $PTII/ptolemy/domains/de/test/auto/ClockDriftAndValueChange.xml
auto.tcl: Setting watchdog for 200 seconds at Wed Oct 06 02:03:35 UTC 2021
38 ms. Memory: 51200K Free: 24150K (47%)
ptolemy.util.test.WatchDog.cancel(): canceling Wed Oct 06 02:03:35 UTC 2021
auto.tcl: Setting watchdog for 200 seconds at Wed Oct 06 02:03:35 UTC 2021
31 ms. Memory: 51200K Free: 21078K (41%)
ptolemy.util.test.WatchDog.cancel(): canceling Wed Oct 06 02:03:35 UTC 2021
------------------ testing $PTII/ptolemy/domains/de/test/auto/ClockDriftChange.xml
auto.tcl: Setting watchdog for 200 seconds at Wed Oct 06 02:03:35 UTC 2021
19 ms. Memory: 51200K Free: 25661K (50%)
ptolemy.util.test.WatchDog.cancel(): canceling Wed Oct 06 02:03:35 UTC 2021
auto.tcl: Setting watchdog for 200 seconds at Wed Oct 06 02:03:35 UTC 2021
14 ms. Memory: 51200K Free: 23124K (45%)
ptolemy.util.test.WatchDog.cancel(): canceling Wed Oct 06 02:03:35 UTC 2021
------------------ testing $PTII/ptolemy/domains/de/test/auto/ComposableCausalityAnalysis.xml
auto.tcl: Setting watchdog for 200 seconds at Wed Oct 06 02:03:35 UTC 2021
2 ms. Memory: 51200K Free: 30246K (59%)
ptolemy.util.test.WatchDog.cancel(): canceling Wed Oct 06 02:03:35 UTC 2021
auto.tcl: Setting watchdog for 200 seconds at Wed Oct 06 02:03:35 UTC 2021
4 ms. Memory: 51200K Free: 29220K (57%)
ptolemy.util.test.WatchDog.cancel(): canceling Wed Oct 06 02:03:35 UTC 2021
------------------ testing $PTII/ptolemy/domains/de/test/auto/DEFixedPointLimitation.xml
auto.tcl: Setting watchdog for 200 seconds at Wed Oct 06 02:03:35 UTC 2021
2 ms. Memory: 51200K Free: 31591K (62%)
ptolemy.util.test.WatchDog.cancel(): canceling Wed Oct 06 02:03:35 UTC 2021
auto.tcl: Setting watchdog for 200 seconds at Wed Oct 06 02:03:35 UTC 2021
1 ms. Memory: 51200K Free: 30773K (60%)
ptolemy.util.test.WatchDog.cancel(): canceling Wed Oct 06 02:03:35 UTC 2021
------------------ testing $PTII/ptolemy/domains/de/test/auto/DEScheduleTest.xml
auto.tcl: Setting watchdog for 200 seconds at Wed Oct 06 02:03:35 UTC 2021
5 ms. Memory: 51200K Free: 31997K (62%)
ptolemy.util.test.WatchDog.cancel(): canceling Wed Oct 06 02:03:35 UTC 2021
auto.tcl: Setting watchdog for 200 seconds at Wed Oct 06 02:03:35 UTC 2021
2 ms. Memory: 51200K Free: 31231K (61%)
ptolemy.util.test.WatchDog.cancel(): canceling Wed Oct 06 02:03:35 UTC 2021
------------------ testing $PTII/ptolemy/domains/de/test/auto/DEinDEwithStartTimes.xml
auto.tcl: Setting watchdog for 200 seconds at Wed Oct 06 02:03:35 UTC 2021
3 ms. Memory: 51200K Free: 30157K (59%)
ptolemy.util.test.WatchDog.cancel(): canceling Wed Oct 06 02:03:35 UTC 2021
auto.tcl: Setting watchdog for 200 seconds at Wed Oct 06 02:03:35 UTC 2021
3 ms. Memory: 51200K Free: 29133K (57%)
ptolemy.util.test.WatchDog.cancel(): canceling Wed Oct 06 02:03:35 UTC 2021
------------------ testing $PTII/ptolemy/domains/de/test/auto/DEinDEwithStartTimes2.xml
auto.tcl: Setting watchdog for 200 seconds at Wed Oct 06 02:03:36 UTC 2021
6 ms. Memory: 51200K Free: 29290K (57%)
ptolemy.util.test.WatchDog.cancel(): canceling Wed Oct 06 02:03:36 UTC 2021
auto.tcl: Setting watchdog for 200 seconds at Wed Oct 06 02:03:36 UTC 2021
3 ms. Memory: 51200K Free: 28089K (55%)
ptolemy.util.test.WatchDog.cancel(): canceling Wed Oct 06 02:03:36 UTC 2021
------------------ testing $PTII/ptolemy/domains/de/test/auto/DateDemo.xml
auto.tcl: Setting watchdog for 200 seconds at Wed Oct 06 02:03:36 UTC 2021
21 ms. Memory: 51200K Free: 23710K (46%)
ptolemy.util.test.WatchDog.cancel(): canceling Wed Oct 06 02:03:36 UTC 2021
auto.tcl: Setting watchdog for 200 seconds at Wed Oct 06 02:03:36 UTC 2021
10 ms. Memory: 51200K Free: 22112K (43%)
ptolemy.util.test.WatchDog.cancel(): canceling Wed Oct 06 02:03:36 UTC 2021
------------------ testing $PTII/ptolemy/domains/de/test/auto/DateToEvent.xml
auto.tcl: Setting watchdog for 200 seconds at Wed Oct 06 02:03:36 UTC 2021
2012 ms. Memory: 51200K Free: 19650K (38%)
ptolemy.util.test.WatchDog.cancel(): canceling Wed Oct 06 02:03:38 UTC 2021
auto.tcl: Setting watchdog for 200 seconds at Wed Oct 06 02:03:38 UTC 2021
2005 ms. Memory: 51200K Free: 18819K (37%)
ptolemy.util.test.WatchDog.cancel(): canceling Wed Oct 06 02:03:40 UTC 2021
------------------ testing $PTII/ptolemy/domains/de/test/auto/DepthTest1.xml
auto.tcl: Setting watchdog for 200 seconds at Wed Oct 06 02:03:40 UTC 2021
6 ms. Memory: 51200K Free: 32803K (64%)
ptolemy.util.test.WatchDog.cancel(): canceling Wed Oct 06 02:03:40 UTC 2021
auto.tcl: Setting watchdog for 200 seconds at Wed Oct 06 02:03:40 UTC 2021
1 ms. Memory: 51200K Free: 32357K (63%)
ptolemy.util.test.WatchDog.cancel(): canceling Wed Oct 06 02:03:40 UTC 2021
------------------ testing $PTII/ptolemy/domains/de/test/auto/DepthTest2.xml
auto.tcl: Setting watchdog for 200 seconds at Wed Oct 06 02:03:40 UTC 2021
3 ms. Memory: 51200K Free: 29600K (58%)
ptolemy.util.test.WatchDog.cancel(): canceling Wed Oct 06 02:03:40 UTC 2021
auto.tcl: Setting watchdog for 200 seconds at Wed Oct 06 02:03:40 UTC 2021
3 ms. Memory: 51200K Free: 29156K (57%)
ptolemy.util.test.WatchDog.cancel(): canceling Wed Oct 06 02:03:40 UTC 2021
------------------ testing $PTII/ptolemy/domains/de/test/auto/DepthTest3.xml
auto.tcl: Setting watchdog for 200 seconds at Wed Oct 06 02:03:40 UTC 2021
2 ms. Memory: 51200K Free: 33126K (65%)
ptolemy.util.test.WatchDog.cancel(): canceling Wed Oct 06 02:03:40 UTC 2021
auto.tcl: Setting watchdog for 200 seconds at Wed Oct 06 02:03:40 UTC 2021
1 ms. Memory: 51200K Free: 32654K (64%)
ptolemy.util.test.WatchDog.cancel(): canceling Wed Oct 06 02:03:40 UTC 2021
------------------ testing $PTII/ptolemy/domains/de/test/auto/DepthTest4.xml
auto.tcl: Setting watchdog for 200 seconds at Wed Oct 06 02:03:40 UTC 2021
6 ms. Memory: 51200K Free: 30890K (60%)
ptolemy.util.test.WatchDog.cancel(): canceling Wed Oct 06 02:03:40 UTC 2021
auto.tcl: Setting watchdog for 200 seconds at Wed Oct 06 02:03:40 UTC 2021
2 ms. Memory: 51200K Free: 30445K (59%)
ptolemy.util.test.WatchDog.cancel(): canceling Wed Oct 06 02:03:40 UTC 2021
------------------ testing $PTII/ptolemy/domains/de/test/auto/DepthTest5.xml
auto.tcl: Setting watchdog for 200 seconds at Wed Oct 06 02:03:40 UTC 2021
3 ms. Memory: 51200K Free: 30830K (60%)
ptolemy.util.test.WatchDog.cancel(): canceling Wed Oct 06 02:03:40 UTC 2021
auto.tcl: Setting watchdog for 200 seconds at Wed Oct 06 02:03:40 UTC 2021
2 ms. Memory: 51200K Free: 30088K (59%)
ptolemy.util.test.WatchDog.cancel(): canceling Wed Oct 06 02:03:40 UTC 2021
------------------ testing $PTII/ptolemy/domains/de/test/auto/DepthTest6.xml
auto.tcl: Setting watchdog for 200 seconds at Wed Oct 06 02:03:40 UTC 2021
7 ms. Memory: 51200K Free: 30522K (60%)
ptolemy.util.test.WatchDog.cancel(): canceling Wed Oct 06 02:03:40 UTC 2021
auto.tcl: Setting watchdog for 200 seconds at Wed Oct 06 02:03:40 UTC 2021
2 ms. Memory: 51200K Free: 30085K (59%)
ptolemy.util.test.WatchDog.cancel(): canceling Wed Oct 06 02:03:40 UTC 2021
------------------ testing $PTII/ptolemy/domains/de/test/auto/DepthTest7.xml
auto.tcl: Setting watchdog for 200 seconds at Wed Oct 06 02:03:40 UTC 2021
3 ms. Memory: 51200K Free: 30559K (60%)
ptolemy.util.test.WatchDog.cancel(): canceling Wed Oct 06 02:03:40 UTC 2021
auto.tcl: Setting watchdog for 200 seconds at Wed Oct 06 02:03:40 UTC 2021
1 ms. Memory: 51200K Free: 30114K (59%)
ptolemy.util.test.WatchDog.cancel(): canceling Wed Oct 06 02:03:40 UTC 2021
------------------ testing $PTII/ptolemy/domains/de/test/auto/EventToDate.xml
auto.tcl: Setting watchdog for 200 seconds at Wed Oct 06 02:03:40 UTC 2021
3010 ms. Memory: 51200K Free: 22074K (43%)
ptolemy.util.test.WatchDog.cancel(): canceling Wed Oct 06 02:03:43 UTC 2021
auto.tcl: Setting watchdog for 200 seconds at Wed Oct 06 02:03:43 UTC 2021
3004 ms. Memory: 51200K Free: 21421K (42%)
ptolemy.util.test.WatchDog.cancel(): canceling Wed Oct 06 02:03:46 UTC 2021
------------------ testing $PTII/ptolemy/domains/de/test/auto/FSM1.xml
auto.tcl: Setting watchdog for 200 seconds at Wed Oct 06 02:03:46 UTC 2021
32 ms. Memory: 51200K Free: 23372K (46%)
ptolemy.util.test.WatchDog.cancel(): canceling Wed Oct 06 02:03:46 UTC 2021
auto.tcl: Setting watchdog for 200 seconds at Wed Oct 06 02:03:46 UTC 2021
15 ms. Memory: 51200K Free: 20111K (39%)
ptolemy.util.test.WatchDog.cancel(): canceling Wed Oct 06 02:03:47 UTC 2021
------------------ testing $PTII/ptolemy/domains/de/test/auto/FSM7.xml
auto.tcl: Setting watchdog for 200 seconds at Wed Oct 06 02:03:47 UTC 2021
14 ms. Memory: 51200K Free: 22992K (45%)
ptolemy.util.test.WatchDog.cancel(): canceling Wed Oct 06 02:03:47 UTC 2021
auto.tcl: Setting watchdog for 200 seconds at Wed Oct 06 02:03:47 UTC 2021
20 ms. Memory: 51200K Free: 19735K (39%)
ptolemy.util.test.WatchDog.cancel(): canceling Wed Oct 06 02:03:47 UTC 2021
------------------ testing $PTII/ptolemy/domains/de/test/auto/Inspection.xml
auto.tcl: Setting watchdog for 200 seconds at Wed Oct 06 02:03:47 UTC 2021
38 ms. Memory: 51200K Free: 23017K (45%)
ptolemy.util.test.WatchDog.cancel(): canceling Wed Oct 06 02:03:47 UTC 2021
auto.tcl: Setting watchdog for 200 seconds at Wed Oct 06 02:03:47 UTC 2021
26 ms. Memory: 51200K Free: 21343K (42%)
ptolemy.util.test.WatchDog.cancel(): canceling Wed Oct 06 02:03:47 UTC 2021
------------------ testing $PTII/ptolemy/domains/de/test/auto/Iteration.xml
auto.tcl: Setting watchdog for 200 seconds at Wed Oct 06 02:03:47 UTC 2021
7 ms. Memory: 51200K Free: 28594K (56%)
ptolemy.util.test.WatchDog.cancel(): canceling Wed Oct 06 02:03:47 UTC 2021
auto.tcl: Setting watchdog for 200 seconds at Wed Oct 06 02:03:47 UTC 2021
5 ms. Memory: 51200K Free: 27410K (54%)
ptolemy.util.test.WatchDog.cancel(): canceling Wed Oct 06 02:03:47 UTC 2021
------------------ testing $PTII/ptolemy/domains/de/test/auto/LineFault.xml
auto.tcl: Setting watchdog for 200 seconds at Wed Oct 06 02:03:47 UTC 2021
581 ms. Memory: 51200K Free: 12817K (25%)
ptolemy.util.test.WatchDog.cancel(): canceling Wed Oct 06 02:03:48 UTC 2021
auto.tcl: Setting watchdog for 200 seconds at Wed Oct 06 02:03:48 UTC 2021
487 ms. Memory: 64512K Free: 39373K (61%)
ptolemy.util.test.WatchDog.cancel(): canceling Wed Oct 06 02:03:48 UTC 2021
------------------ testing $PTII/ptolemy/domains/de/test/auto/MergeModel1Add.xml
auto.tcl: Setting watchdog for 200 seconds at Wed Oct 06 02:03:48 UTC 2021
14 ms. Memory: 58368K Free: 21997K (38%)
ptolemy.util.test.WatchDog.cancel(): canceling Wed Oct 06 02:03:48 UTC 2021
auto.tcl: Setting watchdog for 200 seconds at Wed Oct 06 02:03:48 UTC 2021
9 ms. Memory: 58368K Free: 20391K (35%)
ptolemy.util.test.WatchDog.cancel(): canceling Wed Oct 06 02:03:48 UTC 2021
------------------ testing $PTII/ptolemy/domains/de/test/auto/MergeModel2Add.xml
auto.tcl: Setting watchdog for 200 seconds at Wed Oct 06 02:03:48 UTC 2021
10 ms. Memory: 55296K Free: 21511K (39%)
ptolemy.util.test.WatchDog.cancel(): canceling Wed Oct 06 02:03:48 UTC 2021
auto.tcl: Setting watchdog for 200 seconds at Wed Oct 06 02:03:48 UTC 2021
4 ms. Memory: 55296K Free: 20055K (36%)
ptolemy.util.test.WatchDog.cancel(): canceling Wed Oct 06 02:03:48 UTC 2021
------------------ testing $PTII/ptolemy/domains/de/test/auto/MergeModel3Add.xml
auto.tcl: Setting watchdog for 200 seconds at Wed Oct 06 02:03:49 UTC 2021
7 ms. Memory: 55296K Free: 21005K (38%)
ptolemy.util.test.WatchDog.cancel(): canceling Wed Oct 06 02:03:49 UTC 2021
auto.tcl: Setting watchdog for 200 seconds at Wed Oct 06 02:03:49 UTC 2021
7 ms. Memory: 55296K Free: 19614K (35%)
ptolemy.util.test.WatchDog.cancel(): canceling Wed Oct 06 02:03:49 UTC 2021
------------------ testing $PTII/ptolemy/domains/de/test/auto/MergeWithoutDiscard.xml
auto.tcl: Setting watchdog for 200 seconds at Wed Oct 06 02:03:49 UTC 2021
1 ms. Memory: 55296K Free: 35854K (65%)
ptolemy.util.test.WatchDog.cancel(): canceling Wed Oct 06 02:03:49 UTC 2021
auto.tcl: Setting watchdog for 200 seconds at Wed Oct 06 02:03:49 UTC 2021
1 ms. Memory: 55296K Free: 35402K (64%)
ptolemy.util.test.WatchDog.cancel(): canceling Wed Oct 06 02:03:49 UTC 2021
------------------ testing $PTII/ptolemy/domains/de/test/auto/Modal1.xml
auto.tcl: Setting watchdog for 200 seconds at Wed Oct 06 02:03:49 UTC 2021
21 ms. Memory: 55296K Free: 27713K (50%)
ptolemy.util.test.WatchDog.cancel(): canceling Wed Oct 06 02:03:49 UTC 2021
auto.tcl: Setting watchdog for 200 seconds at Wed Oct 06 02:03:49 UTC 2021
24 ms. Memory: 55296K Free: 24417K (44%)
ptolemy.util.test.WatchDog.cancel(): canceling Wed Oct 06 02:03:49 UTC 2021
------------------ testing $PTII/ptolemy/domains/de/test/auto/Modal2.xml
auto.tcl: Setting watchdog for 200 seconds at Wed Oct 06 02:03:49 UTC 2021
16 ms. Memory: 55296K Free: 27590K (50%)
ptolemy.util.test.WatchDog.cancel(): canceling Wed Oct 06 02:03:49 UTC 2021
auto.tcl: Setting watchdog for 200 seconds at Wed Oct 06 02:03:49 UTC 2021
19 ms. Memory: 55296K Free: 24314K (44%)
ptolemy.util.test.WatchDog.cancel(): canceling Wed Oct 06 02:03:49 UTC 2021
------------------ testing $PTII/ptolemy/domains/de/test/auto/Modal3.xml
auto.tcl: Setting watchdog for 200 seconds at Wed Oct 06 02:03:49 UTC 2021
15 ms. Memory: 51200K Free: 23258K (45%)
ptolemy.util.test.WatchDog.cancel(): canceling Wed Oct 06 02:03:49 UTC 2021
auto.tcl: Setting watchdog for 200 seconds at Wed Oct 06 02:03:49 UTC 2021
14 ms. Memory: 51200K Free: 20266K (40%)
ptolemy.util.test.WatchDog.cancel(): canceling Wed Oct 06 02:03:49 UTC 2021
------------------ testing $PTII/ptolemy/domains/de/test/auto/Modal4.xml
auto.tcl: Setting watchdog for 200 seconds at Wed Oct 06 02:03:49 UTC 2021
23 ms. Memory: 51200K Free: 22476K (44%)
ptolemy.util.test.WatchDog.cancel(): canceling Wed Oct 06 02:03:49 UTC 2021
auto.tcl: Setting watchdog for 200 seconds at Wed Oct 06 02:03:49 UTC 2021
26 ms. Memory: 51200K Free: 18628K (36%)
ptolemy.util.test.WatchDog.cancel(): canceling Wed Oct 06 02:03:49 UTC 2021
------------------ testing $PTII/ptolemy/domains/de/test/auto/Modal5.xml
auto.tcl: Setting watchdog for 200 seconds at Wed Oct 06 02:03:49 UTC 2021
16 ms. Memory: 51200K Free: 22449K (44%)
ptolemy.util.test.WatchDog.cancel(): canceling Wed Oct 06 02:03:49 UTC 2021
auto.tcl: Setting watchdog for 200 seconds at Wed Oct 06 02:03:49 UTC 2021
14 ms. Memory: 51200K Free: 18615K (36%)
ptolemy.util.test.WatchDog.cancel(): canceling Wed Oct 06 02:03:49 UTC 2021
------------------ testing $PTII/ptolemy/domains/de/test/auto/Modal6.xml
auto.tcl: Setting watchdog for 200 seconds at Wed Oct 06 02:03:49 UTC 2021
18 ms. Memory: 51200K Free: 23209K (45%)
ptolemy.util.test.WatchDog.cancel(): canceling Wed Oct 06 02:03:49 UTC 2021
auto.tcl: Setting watchdog for 200 seconds at Wed Oct 06 02:03:49 UTC 2021
16 ms. Memory: 51200K Free: 19635K (38%)
ptolemy.util.test.WatchDog.cancel(): canceling Wed Oct 06 02:03:49 UTC 2021
------------------ testing $PTII/ptolemy/domains/de/test/auto/Modal7.xml
auto.tcl: Setting watchdog for 200 seconds at Wed Oct 06 02:03:49 UTC 2021
9 ms. Memory: 51200K Free: 22176K (43%)
ptolemy.util.test.WatchDog.cancel(): canceling Wed Oct 06 02:03:49 UTC 2021
auto.tcl: Setting watchdog for 200 seconds at Wed Oct 06 02:03:49 UTC 2021
8 ms. Memory: 51200K Free: 18614K (36%)
ptolemy.util.test.WatchDog.cancel(): canceling Wed Oct 06 02:03:49 UTC 2021
------------------ testing $PTII/ptolemy/domains/de/test/auto/ModalModel.xml
auto.tcl: Setting watchdog for 200 seconds at Wed Oct 06 02:03:49 UTC 2021
184 ms. Memory: 51200K Free: 14040K (27%)
ptolemy.util.test.WatchDog.cancel(): canceling Wed Oct 06 02:03:50 UTC 2021
auto.tcl: Setting watchdog for 200 seconds at Wed Oct 06 02:03:50 UTC 2021
199 ms. Memory: 67584K Free: 22010K (33%)
ptolemy.util.test.WatchDog.cancel(): canceling Wed Oct 06 02:03:50 UTC 2021
------------------ testing $PTII/ptolemy/domains/de/test/auto/ModalSource.xml
auto.tcl: Setting watchdog for 200 seconds at Wed Oct 06 02:03:50 UTC 2021
9 ms. Memory: 55296K Free: 31384K (57%)
ptolemy.util.test.WatchDog.cancel(): canceling Wed Oct 06 02:03:50 UTC 2021
auto.tcl: Setting watchdog for 200 seconds at Wed Oct 06 02:03:50 UTC 2021
5 ms. Memory: 55296K Free: 29336K (53%)
ptolemy.util.test.WatchDog.cancel(): canceling Wed Oct 06 02:03:50 UTC 2021
------------------ testing $PTII/ptolemy/domains/de/test/auto/NonInterruptibleTimerZeroDelay.xml
auto.tcl: Setting watchdog for 200 seconds at Wed Oct 06 02:03:50 UTC 2021
3 ms. Memory: 51200K Free: 32400K (63%)
ptolemy.util.test.WatchDog.cancel(): canceling Wed Oct 06 02:03:50 UTC 2021
auto.tcl: Setting watchdog for 200 seconds at Wed Oct 06 02:03:50 UTC 2021
2 ms. Memory: 51200K Free: 31577K (62%)
ptolemy.util.test.WatchDog.cancel(): canceling Wed Oct 06 02:03:50 UTC 2021
------------------ testing $PTII/ptolemy/domains/de/test/auto/OpenQueueingNetwork.xml
auto.tcl: Setting watchdog for 200 seconds at Wed Oct 06 02:03:50 UTC 2021
2719 ms. Memory: 137216K Free: 118879K (87%)
ptolemy.util.test.WatchDog.cancel(): canceling Wed Oct 06 02:03:53 UTC 2021
auto.tcl: Setting watchdog for 200 seconds at Wed Oct 06 02:03:53 UTC 2021
2324 ms. Memory: 164864K Free: 85596K (52%)
ptolemy.util.test.WatchDog.cancel(): canceling Wed Oct 06 02:03:55 UTC 2021
------------------ testing $PTII/ptolemy/domains/de/test/auto/OpenQueuingNetwork.xml
auto.tcl: Setting watchdog for 200 seconds at Wed Oct 06 02:03:55 UTC 2021
264 ms. Memory: 61440K Free: 36079K (59%)
ptolemy.util.test.WatchDog.cancel(): canceling Wed Oct 06 02:03:56 UTC 2021
auto.tcl: Setting watchdog for 200 seconds at Wed Oct 06 02:03:56 UTC 2021
257 ms. Memory: 61440K Free: 19580K (32%)
ptolemy.util.test.WatchDog.cancel(): canceling Wed Oct 06 02:03:56 UTC 2021
------------------ testing $PTII/ptolemy/domains/de/test/auto/PeriodicSampler.xml
auto.tcl: Setting watchdog for 200 seconds at Wed Oct 06 02:03:56 UTC 2021
2 ms. Memory: 55296K Free: 35518K (64%)
ptolemy.util.test.WatchDog.cancel(): canceling Wed Oct 06 02:03:56 UTC 2021
auto.tcl: Setting watchdog for 200 seconds at Wed Oct 06 02:03:56 UTC 2021
1 ms. Memory: 55296K Free: 35004K (63%)
ptolemy.util.test.WatchDog.cancel(): canceling Wed Oct 06 02:03:56 UTC 2021
------------------ testing $PTII/ptolemy/domains/de/test/auto/PersistentIO.xml
auto.tcl: Setting watchdog for 200 seconds at Wed Oct 06 02:03:56 UTC 2021
9 ms. Memory: 55296K Free: 30442K (55%)
ptolemy.util.test.WatchDog.cancel(): canceling Wed Oct 06 02:03:56 UTC 2021
auto.tcl: Setting watchdog for 200 seconds at Wed Oct 06 02:03:56 UTC 2021
3 ms. Memory: 55296K Free: 28922K (52%)
ptolemy.util.test.WatchDog.cancel(): canceling Wed Oct 06 02:03:56 UTC 2021
------------------ testing $PTII/ptolemy/domains/de/test/auto/PortParameterResetOnInitialize.xml
auto.tcl: Setting watchdog for 200 seconds at Wed Oct 06 02:03:56 UTC 2021
7 ms. Memory: 55296K Free: 35441K (64%)
ptolemy.util.test.WatchDog.cancel(): canceling Wed Oct 06 02:03:56 UTC 2021
auto.tcl: Setting watchdog for 200 seconds at Wed Oct 06 02:03:56 UTC 2021
2 ms. Memory: 55296K Free: 34931K (63%)
ptolemy.util.test.WatchDog.cancel(): canceling Wed Oct 06 02:03:56 UTC 2021
------------------ testing $PTII/ptolemy/domains/de/test/auto/PortParameterUpdates.xml
auto.tcl: Setting watchdog for 200 seconds at Wed Oct 06 02:03:56 UTC 2021
4 ms. Memory: 55296K Free: 33510K (61%)
ptolemy.util.test.WatchDog.cancel(): canceling Wed Oct 06 02:03:56 UTC 2021
auto.tcl: Setting watchdog for 200 seconds at Wed Oct 06 02:03:56 UTC 2021
3 ms. Memory: 55296K Free: 32486K (59%)
ptolemy.util.test.WatchDog.cancel(): canceling Wed Oct 06 02:03:56 UTC 2021
------------------ testing $PTII/ptolemy/domains/de/test/auto/QueueAndServer.xml
auto.tcl: Setting watchdog for 200 seconds at Wed Oct 06 02:03:56 UTC 2021
11 ms. Memory: 55296K Free: 31955K (58%)
ptolemy.util.test.WatchDog.cancel(): canceling Wed Oct 06 02:03:56 UTC 2021
auto.tcl: Setting watchdog for 200 seconds at Wed Oct 06 02:03:56 UTC 2021
6 ms. Memory: 55296K Free: 30931K (56%)
ptolemy.util.test.WatchDog.cancel(): canceling Wed Oct 06 02:03:56 UTC 2021
------------------ testing $PTII/ptolemy/domains/de/test/auto/Records.xml
auto.tcl: Setting watchdog for 200 seconds at Wed Oct 06 02:03:56 UTC 2021
5 ms. Memory: 55296K Free: 34650K (63%)
ptolemy.util.test.WatchDog.cancel(): canceling Wed Oct 06 02:03:56 UTC 2021
auto.tcl: Setting watchdog for 200 seconds at Wed Oct 06 02:03:56 UTC 2021
2 ms. Memory: 55296K Free: 34106K (62%)
ptolemy.util.test.WatchDog.cancel(): canceling Wed Oct 06 02:03:56 UTC 2021
------------------ testing $PTII/ptolemy/domains/de/test/auto/ResetTransitionWithStartTime1.xml
auto.tcl: Setting watchdog for 200 seconds at Wed Oct 06 02:03:56 UTC 2021
6 ms. Memory: 55296K Free: 31959K (58%)
ptolemy.util.test.WatchDog.cancel(): canceling Wed Oct 06 02:03:56 UTC 2021
auto.tcl: Setting watchdog for 200 seconds at Wed Oct 06 02:03:56 UTC 2021
4 ms. Memory: 55296K Free: 29365K (53%)
ptolemy.util.test.WatchDog.cancel(): canceling Wed Oct 06 02:03:56 UTC 2021
------------------ testing $PTII/ptolemy/domains/de/test/auto/ResetTransitionWithStartTime2.xml
auto.tcl: Setting watchdog for 200 seconds at Wed Oct 06 02:03:56 UTC 2021
5 ms. Memory: 55296K Free: 31883K (58%)
ptolemy.util.test.WatchDog.cancel(): canceling Wed Oct 06 02:03:56 UTC 2021
auto.tcl: Setting watchdog for 200 seconds at Wed Oct 06 02:03:56 UTC 2021
6 ms. Memory: 55296K Free: 29835K (54%)
ptolemy.util.test.WatchDog.cancel(): canceling Wed Oct 06 02:03:56 UTC 2021
------------------ testing $PTII/ptolemy/domains/de/test/auto/ResetTransitionWithStartTime3.xml
auto.tcl: Setting watchdog for 200 seconds at Wed Oct 06 02:03:56 UTC 2021
10 ms. Memory: 55296K Free: 31881K (58%)
ptolemy.util.test.WatchDog.cancel(): canceling Wed Oct 06 02:03:56 UTC 2021
auto.tcl: Setting watchdog for 200 seconds at Wed Oct 06 02:03:56 UTC 2021
6 ms. Memory: 55296K Free: 29319K (53%)
ptolemy.util.test.WatchDog.cancel(): canceling Wed Oct 06 02:03:56 UTC 2021
------------------ testing $PTII/ptolemy/domains/de/test/auto/ResetTransitionWithStartTime4.xml
auto.tcl: Setting watchdog for 200 seconds at Wed Oct 06 02:03:56 UTC 2021
10 ms. Memory: 55296K Free: 32268K (58%)
ptolemy.util.test.WatchDog.cancel(): canceling Wed Oct 06 02:03:57 UTC 2021
auto.tcl: Setting watchdog for 200 seconds at Wed Oct 06 02:03:57 UTC 2021
4 ms. Memory: 55296K Free: 30856K (56%)
ptolemy.util.test.WatchDog.cancel(): canceling Wed Oct 06 02:03:57 UTC 2021
------------------ testing $PTII/ptolemy/domains/de/test/auto/ResettableTimer1.xml
auto.tcl: Setting watchdog for 200 seconds at Wed Oct 06 02:03:57 UTC 2021
2 ms. Memory: 55296K Free: 36009K (65%)
ptolemy.util.test.WatchDog.cancel(): canceling Wed Oct 06 02:03:57 UTC 2021
auto.tcl: Setting watchdog for 200 seconds at Wed Oct 06 02:03:57 UTC 2021
3 ms. Memory: 55296K Free: 34932K (63%)
ptolemy.util.test.WatchDog.cancel(): canceling Wed Oct 06 02:03:57 UTC 2021
------------------ testing $PTII/ptolemy/domains/de/test/auto/ResettableTimer2.xml
auto.tcl: Setting watchdog for 200 seconds at Wed Oct 06 02:03:57 UTC 2021
3 ms. Memory: 55296K Free: 36068K (65%)
ptolemy.util.test.WatchDog.cancel(): canceling Wed Oct 06 02:03:57 UTC 2021
auto.tcl: Setting watchdog for 200 seconds at Wed Oct 06 02:03:57 UTC 2021
3 ms. Memory: 55296K Free: 34991K (63%)
ptolemy.util.test.WatchDog.cancel(): canceling Wed Oct 06 02:03:57 UTC 2021
------------------ testing $PTII/ptolemy/domains/de/test/auto/ResettableTimer3.xml
auto.tcl: Setting watchdog for 200 seconds at Wed Oct 06 02:03:57 UTC 2021
2 ms. Memory: 55296K Free: 36386K (66%)
ptolemy.util.test.WatchDog.cancel(): canceling Wed Oct 06 02:03:57 UTC 2021
auto.tcl: Setting watchdog for 200 seconds at Wed Oct 06 02:03:57 UTC 2021
1 ms. Memory: 55296K Free: 35501K (64%)
ptolemy.util.test.WatchDog.cancel(): canceling Wed Oct 06 02:03:57 UTC 2021
------------------ testing $PTII/ptolemy/domains/de/test/auto/ResettableTimer4.xml
auto.tcl: Setting watchdog for 200 seconds at Wed Oct 06 02:03:57 UTC 2021
1 ms. Memory: 55296K Free: 36027K (65%)
ptolemy.util.test.WatchDog.cancel(): canceling Wed Oct 06 02:03:57 UTC 2021
auto.tcl: Setting watchdog for 200 seconds at Wed Oct 06 02:03:57 UTC 2021
1 ms. Memory: 55296K Free: 36027K (65%)
ptolemy.util.test.WatchDog.cancel(): canceling Wed Oct 06 02:03:57 UTC 2021
------------------ testing $PTII/ptolemy/domains/de/test/auto/ResettableTimer5.xml
auto.tcl: Setting watchdog for 200 seconds at Wed Oct 06 02:03:57 UTC 2021
1 ms. Memory: 51200K Free: 31930K (62%)
ptolemy.util.test.WatchDog.cancel(): canceling Wed Oct 06 02:03:57 UTC 2021
auto.tcl: Setting watchdog for 200 seconds at Wed Oct 06 02:03:57 UTC 2021
1 ms. Memory: 51200K Free: 31386K (61%)
ptolemy.util.test.WatchDog.cancel(): canceling Wed Oct 06 02:03:57 UTC 2021
------------------ testing $PTII/ptolemy/domains/de/test/auto/ResettableTimer6.xml
auto.tcl: Setting watchdog for 200 seconds at Wed Oct 06 02:03:57 UTC 2021
1 ms. Memory: 51200K Free: 31406K (61%)
ptolemy.util.test.WatchDog.cancel(): canceling Wed Oct 06 02:03:57 UTC 2021
auto.tcl: Setting watchdog for 200 seconds at Wed Oct 06 02:03:57 UTC 2021
2 ms. Memory: 51200K Free: 30896K (60%)
ptolemy.util.test.WatchDog.cancel(): canceling Wed Oct 06 02:03:57 UTC 2021
------------------ testing $PTII/ptolemy/domains/de/test/auto/ServerZeroDelay.xml
auto.tcl: Setting watchdog for 200 seconds at Wed Oct 06 02:03:57 UTC 2021
2 ms. Memory: 51200K Free: 31912K (62%)
ptolemy.util.test.WatchDog.cancel(): canceling Wed Oct 06 02:03:57 UTC 2021
auto.tcl: Setting watchdog for 200 seconds at Wed Oct 06 02:03:57 UTC 2021
3 ms. Memory: 51200K Free: 30888K (60%)
ptolemy.util.test.WatchDog.cancel(): canceling Wed Oct 06 02:03:57 UTC 2021
------------------ testing $PTII/ptolemy/domains/de/test/auto/SmartSender.xml
auto.tcl: Setting watchdog for 200 seconds at Wed Oct 06 02:03:57 UTC 2021
3001 ms. Memory: 51200K Free: 31906K (62%)
ptolemy.util.test.WatchDog.cancel(): canceling Wed Oct 06 02:04:00 UTC 2021
auto.tcl: Setting watchdog for 200 seconds at Wed Oct 06 02:04:00 UTC 2021
3001 ms. Memory: 51200K Free: 31386K (61%)
ptolemy.util.test.WatchDog.cancel(): canceling Wed Oct 06 02:04:03 UTC 2021
------------------ testing $PTII/ptolemy/domains/de/test/auto/ThreadedComposite.xml
auto.tcl: Setting watchdog for 200 seconds at Wed Oct 06 02:04:03 UTC 2021
178 ms. Memory: 51200K Free: 12464K (24%)
ptolemy.util.test.WatchDog.cancel(): canceling Wed Oct 06 02:04:03 UTC 2021
auto.tcl: Setting watchdog for 200 seconds at Wed Oct 06 02:04:03 UTC 2021
115 ms. Memory: 51200K Free: 27081K (53%)
ptolemy.util.test.WatchDog.cancel(): canceling Wed Oct 06 02:04:03 UTC 2021
------------------ testing $PTII/ptolemy/domains/de/test/auto/Time.xml
auto.tcl: Setting watchdog for 200 seconds at Wed Oct 06 02:04:03 UTC 2021
489 ms. Memory: 51200K Free: 34570K (68%)
ptolemy.util.test.WatchDog.cancel(): canceling Wed Oct 06 02:04:04 UTC 2021
auto.tcl: Setting watchdog for 200 seconds at Wed Oct 06 02:04:04 UTC 2021
559 ms. Memory: 51200K Free: 8199K (16%)
ptolemy.util.test.WatchDog.cancel(): canceling Wed Oct 06 02:04:04 UTC 2021
------------------ testing $PTII/ptolemy/domains/de/test/auto/TimeDelayZeroDelay.xml
auto.tcl: Setting watchdog for 200 seconds at Wed Oct 06 02:04:04 UTC 2021
2 ms. Memory: 51200K Free: 31837K (62%)
ptolemy.util.test.WatchDog.cancel(): canceling Wed Oct 06 02:04:04 UTC 2021
auto.tcl: Setting watchdog for 200 seconds at Wed Oct 06 02:04:04 UTC 2021
2 ms. Memory: 51200K Free: 31355K (61%)
ptolemy.util.test.WatchDog.cancel(): canceling Wed Oct 06 02:04:04 UTC 2021
------------------ testing $PTII/ptolemy/domains/de/test/auto/TimerZeroDelay.xml
auto.tcl: Setting watchdog for 200 seconds at Wed Oct 06 02:04:05 UTC 2021
4 ms. Memory: 51200K Free: 32004K (63%)
ptolemy.util.test.WatchDog.cancel(): canceling Wed Oct 06 02:04:05 UTC 2021
auto.tcl: Setting watchdog for 200 seconds at Wed Oct 06 02:04:05 UTC 2021
2 ms. Memory: 51200K Free: 31406K (61%)
ptolemy.util.test.WatchDog.cancel(): canceling Wed Oct 06 02:04:05 UTC 2021
------------------ testing $PTII/ptolemy/domains/de/test/auto/TimingParadox.xml
auto.tcl: Setting watchdog for 200 seconds at Wed Oct 06 02:04:05 UTC 2021
341 ms. Memory: 61440K Free: 27127K (44%)
ptolemy.util.test.WatchDog.cancel(): canceling Wed Oct 06 02:04:05 UTC 2021
auto.tcl: Setting watchdog for 200 seconds at Wed Oct 06 02:04:05 UTC 2021
291 ms. Memory: 61440K Free: 23486K (38%)
ptolemy.util.test.WatchDog.cancel(): canceling Wed Oct 06 02:04:05 UTC 2021
------------------ testing $PTII/ptolemy/domains/de/test/auto/TransferInputs.xml
auto.tcl: Setting watchdog for 200 seconds at Wed Oct 06 02:04:05 UTC 2021
2 ms. Memory: 58368K Free: 37516K (64%)
ptolemy.util.test.WatchDog.cancel(): canceling Wed Oct 06 02:04:05 UTC 2021
auto.tcl: Setting watchdog for 200 seconds at Wed Oct 06 02:04:05 UTC 2021
6 ms. Memory: 58368K Free: 36536K (63%)
ptolemy.util.test.WatchDog.cancel(): canceling Wed Oct 06 02:04:05 UTC 2021
------------------ testing $PTII/ptolemy/domains/de/test/auto/TransferOutputs2.xml
auto.tcl: Setting watchdog for 200 seconds at Wed Oct 06 02:04:05 UTC 2021
2 ms. Memory: 55296K Free: 31886K (58%)
ptolemy.util.test.WatchDog.cancel(): canceling Wed Oct 06 02:04:05 UTC 2021
auto.tcl: Setting watchdog for 200 seconds at Wed Oct 06 02:04:05 UTC 2021
3 ms. Memory: 55296K Free: 30427K (55%)
ptolemy.util.test.WatchDog.cancel(): canceling Wed Oct 06 02:04:05 UTC 2021
------------------ testing $PTII/ptolemy/domains/de/test/auto/Trilateration.xml
auto.tcl: Setting watchdog for 200 seconds at Wed Oct 06 02:04:05 UTC 2021
12216 ms. Memory: 455680K Free: 257804K (57%)
ptolemy.util.test.WatchDog.cancel(): canceling Wed Oct 06 02:04:19 UTC 2021
auto.tcl: Setting watchdog for 200 seconds at Wed Oct 06 02:04:19 UTC 2021
9020 ms. Memory: 455680K Free: 319192K (70%)
ptolemy.util.test.WatchDog.cancel(): canceling Wed Oct 06 02:04:28 UTC 2021
------------------ testing $PTII/ptolemy/domains/de/test/auto/TwoSigmaDelta.xml
auto.tcl: Setting watchdog for 200 seconds at Wed Oct 06 02:04:28 UTC 2021
2311 ms. Memory: 92160K Free: 16750K (18%)
ptolemy.util.test.WatchDog.cancel(): canceling Wed Oct 06 02:04:30 UTC 2021
auto.tcl: Setting watchdog for 200 seconds at Wed Oct 06 02:04:30 UTC 2021
1802 ms. Memory: 92160K Free: 14169K (15%)
ptolemy.util.test.WatchDog.cancel(): canceling Wed Oct 06 02:04:32 UTC 2021
------------------ testing $PTII/ptolemy/domains/de/test/auto/VariableDelay.xml
auto.tcl: Setting watchdog for 200 seconds at Wed Oct 06 02:04:32 UTC 2021
3 ms. Memory: 55296K Free: 34943K (63%)
ptolemy.util.test.WatchDog.cancel(): canceling Wed Oct 06 02:04:32 UTC 2021
auto.tcl: Setting watchdog for 200 seconds at Wed Oct 06 02:04:32 UTC 2021
2 ms. Memory: 55296K Free: 33933K (61%)
ptolemy.util.test.WatchDog.cancel(): canceling Wed Oct 06 02:04:32 UTC 2021
------------------ testing $PTII/ptolemy/domains/de/test/auto/VariableDelay2.xml
auto.tcl: Setting watchdog for 200 seconds at Wed Oct 06 02:04:32 UTC 2021
2 ms. Memory: 55296K Free: 35536K (64%)
ptolemy.util.test.WatchDog.cancel(): canceling Wed Oct 06 02:04:32 UTC 2021
auto.tcl: Setting watchdog for 200 seconds at Wed Oct 06 02:04:32 UTC 2021
1 ms. Memory: 55296K Free: 35024K (63%)
ptolemy.util.test.WatchDog.cancel(): canceling Wed Oct 06 02:04:32 UTC 2021
------------------ testing $PTII/ptolemy/domains/de/test/auto/VariableDelayZeroDelay.xml
auto.tcl: Setting watchdog for 200 seconds at Wed Oct 06 02:04:32 UTC 2021
2 ms. Memory: 55296K Free: 35869K (65%)
ptolemy.util.test.WatchDog.cancel(): canceling Wed Oct 06 02:04:32 UTC 2021
auto.tcl: Setting watchdog for 200 seconds at Wed Oct 06 02:04:32 UTC 2021
2 ms. Memory: 55296K Free: 35325K (64%)
ptolemy.util.test.WatchDog.cancel(): canceling Wed Oct 06 02:04:32 UTC 2021
------------------ testing $PTII/ptolemy/domains/de/test/auto/VariableDelayZeroDelay2.xml
auto.tcl: Setting watchdog for 200 seconds at Wed Oct 06 02:04:32 UTC 2021
2 ms. Memory: 55296K Free: 35867K (65%)
ptolemy.util.test.WatchDog.cancel(): canceling Wed Oct 06 02:04:32 UTC 2021
auto.tcl: Setting watchdog for 200 seconds at Wed Oct 06 02:04:32 UTC 2021
2 ms. Memory: 55296K Free: 34843K (63%)
ptolemy.util.test.WatchDog.cancel(): canceling Wed Oct 06 02:04:32 UTC 2021
------------------ testing $PTII/ptolemy/domains/de/test/auto/deInCt.xml
auto.tcl: Setting watchdog for 200 seconds at Wed Oct 06 02:04:32 UTC 2021
0
1
1
1
0
0
0
1
1
1
1
0
0
0
1
1
1
0
0
0
1
1
1
0
0
0
1
1
1
1
1
0
0
0
0
1
1
1
1
11 ms. Memory: 55296K Free: 34841K (63%)
ptolemy.util.test.WatchDog.cancel(): canceling Wed Oct 06 02:04:32 UTC 2021
auto.tcl: Setting watchdog for 200 seconds at Wed Oct 06 02:04:32 UTC 2021
0
1
1
1
1
1
1
1
0
0
0
1
1
1
0
0
0
1
1
1
0
0
0
1
1
1
1
0
0
0
1
1
1
1
8 ms. Memory: 55296K Free: 33303K (60%)
ptolemy.util.test.WatchDog.cancel(): canceling Wed Oct 06 02:04:32 UTC 2021
------------------ testing $PTII/ptolemy/domains/de/test/auto/deInCt2.xml
auto.tcl: Setting watchdog for 200 seconds at Wed Oct 06 02:04:32 UTC 2021
0
1
1
1
0
0
1
1
1
0
0
1
1
1
0
0
1
1
1
0
0
1
1
1
0
0
1
1
1
0
0
1
1
1
0
0
1
1
1
0
0
0
10 ms. Memory: 55296K Free: 34841K (63%)
ptolemy.util.test.WatchDog.cancel(): canceling Wed Oct 06 02:04:32 UTC 2021
auto.tcl: Setting watchdog for 200 seconds at Wed Oct 06 02:04:32 UTC 2021
0
1
1
1
0
0
1
1
1
0
0
1
1
1
0
0
1
1
1
0
0
1
1
1
0
0
1
1
1
0
0
1
1
1
0
0
1
1
1
0
0
0
7 ms. Memory: 55296K Free: 33289K (60%)
ptolemy.util.test.WatchDog.cancel(): canceling Wed Oct 06 02:04:32 UTC 2021
------------------ testing $PTII/ptolemy/domains/de/test/auto/dynamicCausalityInterface1.xml
auto.tcl: Setting watchdog for 200 seconds at Wed Oct 06 02:04:32 UTC 2021
1 ms. Memory: 55296K Free: 30086K (54%)
ptolemy.util.test.WatchDog.cancel(): canceling Wed Oct 06 02:04:32 UTC 2021
auto.tcl: Setting watchdog for 200 seconds at Wed Oct 06 02:04:32 UTC 2021
1 ms. Memory: 55296K Free: 29715K (54%)
ptolemy.util.test.WatchDog.cancel(): canceling Wed Oct 06 02:04:32 UTC 2021
------------------ testing $PTII/ptolemy/domains/de/test/auto/fsm_de_test.xml
auto.tcl: Setting watchdog for 200 seconds at Wed Oct 06 02:04:32 UTC 2021
6 ms. Memory: 55296K Free: 30685K (55%)
ptolemy.util.test.WatchDog.cancel(): canceling Wed Oct 06 02:04:32 UTC 2021
auto.tcl: Setting watchdog for 200 seconds at Wed Oct 06 02:04:32 UTC 2021
4 ms. Memory: 55296K Free: 28590K (52%)
ptolemy.util.test.WatchDog.cancel(): canceling Wed Oct 06 02:04:32 UTC 2021
------------------ testing $PTII/ptolemy/domains/de/test/auto/functionDependencyReconstruction.xml
auto.tcl: Setting watchdog for 200 seconds at Wed Oct 06 02:04:33 UTC 2021
2 ms. Memory: 55296K Free: 24535K (44%)
ptolemy.util.test.WatchDog.cancel(): canceling Wed Oct 06 02:04:33 UTC 2021
auto.tcl: Setting watchdog for 200 seconds at Wed Oct 06 02:04:33 UTC 2021
2 ms. Memory: 55296K Free: 22435K (41%)
ptolemy.util.test.WatchDog.cancel(): canceling Wed Oct 06 02:04:33 UTC 2021
------------------ testing $PTII/ptolemy/domains/de/test/auto/multirate.xml
auto.tcl: Setting watchdog for 200 seconds at Wed Oct 06 02:04:33 UTC 2021
2 ms. Memory: 55296K Free: 32612K (59%)
ptolemy.util.test.WatchDog.cancel(): canceling Wed Oct 06 02:04:33 UTC 2021
auto.tcl: Setting watchdog for 200 seconds at Wed Oct 06 02:04:33 UTC 2021
3 ms. Memory: 55296K Free: 31533K (57%)
ptolemy.util.test.WatchDog.cancel(): canceling Wed Oct 06 02:04:33 UTC 2021
------------------ testing $PTII/ptolemy/domains/de/test/auto/multirate2.xml
auto.tcl: Setting watchdog for 200 seconds at Wed Oct 06 02:04:33 UTC 2021
2 ms. Memory: 55296K Free: 33412K (60%)
ptolemy.util.test.WatchDog.cancel(): canceling Wed Oct 06 02:04:33 UTC 2021
auto.tcl: Setting watchdog for 200 seconds at Wed Oct 06 02:04:33 UTC 2021
2 ms. Memory: 55296K Free: 31714K (57%)
ptolemy.util.test.WatchDog.cancel(): canceling Wed Oct 06 02:04:33 UTC 2021
------------------ testing $PTII/ptolemy/domains/de/test/auto/realtime.xml
auto.tcl: Setting watchdog for 200 seconds at Wed Oct 06 02:04:33 UTC 2021
10001 ms. Memory: 55296K Free: 35518K (64%)
ptolemy.util.test.WatchDog.cancel(): canceling Wed Oct 06 02:04:43 UTC 2021
auto.tcl: Setting watchdog for 200 seconds at Wed Oct 06 02:04:43 UTC 2021
10001 ms. Memory: 55296K Free: 34814K (63%)
ptolemy.util.test.WatchDog.cancel(): canceling Wed Oct 06 02:04:53 UTC 2021
------------------ testing $PTII/ptolemy/domains/de/test/auto/relationGroup.xml
auto.tcl: Setting watchdog for 200 seconds at Wed Oct 06 02:04:53 UTC 2021
2 ms. Memory: 55296K Free: 36567K (66%)
ptolemy.util.test.WatchDog.cancel(): canceling Wed Oct 06 02:04:53 UTC 2021
auto.tcl: Setting watchdog for 200 seconds at Wed Oct 06 02:04:53 UTC 2021
1 ms. Memory: 55296K Free: 36023K (65%)
ptolemy.util.test.WatchDog.cancel(): canceling Wed Oct 06 02:04:53 UTC 2021
------------------ testing $PTII/ptolemy/domains/de/test/auto/relationGroup2.xml
auto.tcl: Setting watchdog for 200 seconds at Wed Oct 06 02:04:53 UTC 2021
1 ms. Memory: 55296K Free: 36592K (66%)
ptolemy.util.test.WatchDog.cancel(): canceling Wed Oct 06 02:04:53 UTC 2021
auto.tcl: Setting watchdog for 200 seconds at Wed Oct 06 02:04:53 UTC 2021
1 ms. Memory: 55296K Free: 36080K (65%)
ptolemy.util.test.WatchDog.cancel(): canceling Wed Oct 06 02:04:53 UTC 2021
------------------ testing $PTII/ptolemy/domains/de/test/auto/sortWithOpaquePorts.xml
auto.tcl: Setting watchdog for 200 seconds at Wed Oct 06 02:04:53 UTC 2021
1 ms. Memory: 55296K Free: 35361K (64%)
ptolemy.util.test.WatchDog.cancel(): canceling Wed Oct 06 02:04:53 UTC 2021
auto.tcl: Setting watchdog for 200 seconds at Wed Oct 06 02:04:53 UTC 2021
1 ms. Memory: 55296K Free: 34337K (62%)
ptolemy.util.test.WatchDog.cancel(): canceling Wed Oct 06 02:04:53 UTC 2021
------------------ testing $PTII/ptolemy/domains/de/test/auto/transferInputsandOutputs.xml
auto.tcl: Setting watchdog for 200 seconds at Wed Oct 06 02:04:53 UTC 2021
3 ms. Memory: 51200K Free: 28708K (56%)
ptolemy.util.test.WatchDog.cancel(): canceling Wed Oct 06 02:04:53 UTC 2021
auto.tcl: Setting watchdog for 200 seconds at Wed Oct 06 02:04:53 UTC 2021
3 ms. Memory: 51200K Free: 27684K (54%)
ptolemy.util.test.WatchDog.cancel(): canceling Wed Oct 06 02:04:53 UTC 2021
------------------ testing $PTII/ptolemy/domains/de/test/auto/triggerType.xml
auto.tcl: Setting watchdog for 200 seconds at Wed Oct 06 02:04:53 UTC 2021
1 ms. Memory: 51200K Free: 31734K (62%)
ptolemy.util.test.WatchDog.cancel(): canceling Wed Oct 06 02:04:53 UTC 2021
auto.tcl: Setting watchdog for 200 seconds at Wed Oct 06 02:04:53 UTC 2021
2 ms. Memory: 51200K Free: 30713K (60%)
ptolemy.util.test.WatchDog.cancel(): canceling Wed Oct 06 02:04:53 UTC 2021
10/06/21 02:04:53
Failed: 0  Total Tests: 192  ((Passed: 187, Newly Passed: 1)  Known Failed: 5) /home/travis/build/icyphy/ptII/ptolemy/domains/de/test
10/06/21 02:04:53
Failed: 0  Total Tests: 192  ((Passed: 187, Newly Passed: 1)  Known Failed: 5) /home/travis/build/icyphy/ptII/ptolemy/domains/de/test
----------------- testing (KnownFailure) /home/travis/build/icyphy/ptII/ptolemy/domains/de/test/auto/knownFailedTests/DESDFClockTest.xml
2015 ms. Memory: 51200K Free: 24618K (48%)
Known Failure: java.lang.reflect.InvocationTargetException
----------------- testing (KnownFailure) /home/travis/build/icyphy/ptII/ptolemy/domains/de/test/auto/knownFailedTests/DirectFeedback.xml
1 ms. Memory: 51200K Free: 20522K (40%)
Known Failure: java.lang.reflect.InvocationTargetException
----------------- testing (KnownFailure) /home/travis/build/icyphy/ptII/ptolemy/domains/de/test/auto/knownFailedTests/FSMSource.xml
6 ms. Memory: 51200K Free: 13354K (26%)
----------------- testing (KnownFailure) /home/travis/build/icyphy/ptII/ptolemy/domains/de/test/auto/knownFailedTests/HierarchicalModel.xml
3 ms. Memory: 51200K Free: 25535K (50%)
Known Failure: java.lang.reflect.InvocationTargetException
----------------- testing (KnownFailure) /home/travis/build/icyphy/ptII/ptolemy/domains/de/test/auto/knownFailedTests/dependencyLoop.xml
2 ms. Memory: 51200K Free: 10159K (20%)
Known Failure: java.lang.reflect.InvocationTargetException
----------------- testing (KnownFailure) /home/travis/build/icyphy/ptII/ptolemy/domains/de/test/auto/knownFailedTests/dependencyLoop2.xml
2 ms. Memory: 51200K Free: 22785K (45%)
Known Failure: java.lang.reflect.InvocationTargetException
No auto/linux-amd64/*.xml tests in /home/travis/build/icyphy/ptII/ptolemy/domains/de/test
AutoTests.java: About to close Vertx.
AutoTests.java: Vertx closed.

===========================================================================================
----------------- testing Wed Oct 06 02:04:55 UTC 2021 /home/travis/build/icyphy/ptII/ptolemy/domains/de/test/auto/ActorDepthCalculation_actorWithoutPorts.xml
----------------- Instantiating /home/travis/build/icyphy/ptII/ptolemy/domains/de/test/auto/ActorDepthCalculation_actorWithoutPorts.xml
2 ms. Memory: 51200K Free: 15617K (31%)
----------------- Invoking toplevel() on ptolemy.moml.MoMLSimpleApplication@6e4fd80e
----------------- Done invoking toplevel() on ptolemy.moml.MoMLSimpleApplication@6e4fd80e
reloadAllAccessors: .ActorDepthCalculation_actorWithoutPorts

===========================================================================================
----------------- testing Wed Oct 06 02:04:55 UTC 2021 /home/travis/build/icyphy/ptII/ptolemy/domains/de/test/auto/AssemblyLine.xml
----------------- Instantiating /home/travis/build/icyphy/ptII/ptolemy/domains/de/test/auto/AssemblyLine.xml
3 ms. Memory: 51200K Free: 8479K (17%)
----------------- Invoking toplevel() on ptolemy.moml.MoMLSimpleApplication@774d2417
----------------- Done invoking toplevel() on ptolemy.moml.MoMLSimpleApplication@774d2417
reloadAllAccessors: .AssemblyLine

===========================================================================================
----------------- testing Wed Oct 06 02:04:55 UTC 2021 /home/travis/build/icyphy/ptII/ptolemy/domains/de/test/auto/CQBug1.xml
----------------- Instantiating /home/travis/build/icyphy/ptII/ptolemy/domains/de/test/auto/CQBug1.xml
1 ms. Memory: 51200K Free: 33252K (65%)
----------------- Invoking toplevel() on ptolemy.moml.MoMLSimpleApplication@5485c923
----------------- Done invoking toplevel() on ptolemy.moml.MoMLSimpleApplication@5485c923
reloadAllAccessors: .CQBug1

===========================================================================================
----------------- testing Wed Oct 06 02:04:55 UTC 2021 /home/travis/build/icyphy/ptII/ptolemy/domains/de/test/auto/CancelFireAt.xml
----------------- Instantiating /home/travis/build/icyphy/ptII/ptolemy/domains/de/test/auto/CancelFireAt.xml
1 ms. Memory: 51200K Free: 30605K (60%)
----------------- Invoking toplevel() on ptolemy.moml.MoMLSimpleApplication@3430cc0d
----------------- Done invoking toplevel() on ptolemy.moml.MoMLSimpleApplication@3430cc0d
reloadAllAccessors: .CancelFireAt

===========================================================================================
----------------- testing Wed Oct 06 02:04:55 UTC 2021 /home/travis/build/icyphy/ptII/ptolemy/domains/de/test/auto/CausalityAndComposabilityAnalysis.xml
----------------- Instantiating /home/travis/build/icyphy/ptII/ptolemy/domains/de/test/auto/CausalityAndComposabilityAnalysis.xml
10 ms. Memory: 51200K Free: 26461K (52%)
----------------- Invoking toplevel() on ptolemy.moml.MoMLSimpleApplication@5084a445
----------------- Done invoking toplevel() on ptolemy.moml.MoMLSimpleApplication@5084a445
reloadAllAccessors: .CausalityAndComposabilityAnalysis

===========================================================================================
----------------- testing Wed Oct 06 02:04:55 UTC 2021 /home/travis/build/icyphy/ptII/ptolemy/domains/de/test/auto/CausalityInterface1.xml
----------------- Instantiating /home/travis/build/icyphy/ptII/ptolemy/domains/de/test/auto/CausalityInterface1.xml
5 ms. Memory: 51200K Free: 21413K (42%)
----------------- Invoking toplevel() on ptolemy.moml.MoMLSimpleApplication@198f65b7
----------------- Done invoking toplevel() on ptolemy.moml.MoMLSimpleApplication@198f65b7
reloadAllAccessors: .CausalityInterface1

===========================================================================================
----------------- testing Wed Oct 06 02:04:55 UTC 2021 /home/travis/build/icyphy/ptII/ptolemy/domains/de/test/auto/CausalityInterface15.xml
----------------- Instantiating /home/travis/build/icyphy/ptII/ptolemy/domains/de/test/auto/CausalityInterface15.xml
2 ms. Memory: 51200K Free: 15822K (31%)
----------------- Invoking toplevel() on ptolemy.moml.MoMLSimpleApplication@141ef1b8
----------------- Done invoking toplevel() on ptolemy.moml.MoMLSimpleApplication@141ef1b8
reloadAllAccessors: .CausalityInterface15

===========================================================================================
----------------- testing Wed Oct 06 02:04:55 UTC 2021 /home/travis/build/icyphy/ptII/ptolemy/domains/de/test/auto/CausalityInterface2.xml
----------------- Instantiating /home/travis/build/icyphy/ptII/ptolemy/domains/de/test/auto/CausalityInterface2.xml
1 ms. Memory: 51200K Free: 11171K (22%)
[...]
	at ptolemy.actor.Manager.run(Manager.java:1263)
	at ptolemy.actor.Manager$PtolemyRunThread.run(Manager.java:1933)
java.lang.RuntimeException: Execution failed
	at ptolemy.moml.MoMLSimpleApplication$UnloadThread.run(MoMLSimpleApplication.java:402)
Caused by: ptolemy.kernel.util.IllegalActionException: Actor is not ready to fire.  Perhaps UpSample.prefire() returned false? Try debugging the actor by selecting "Listen to Actor".  Also, for SDF check moml for tokenConsumptionRate on input.
  in .DESDFClockTest.Play Bell.Copy1:SDF Director and .DESDFClockTest.Play Bell.UpSample
	at ptolemy.actor.sched.StaticSchedulingDirector.fire(StaticSchedulingDirector.java:227)
	at ptolemy.domains.sdf.kernel.SDFDirector.fire(SDFDirector.java:500)
	at ptolemy.actor.CompositeActor.fire(CompositeActor.java:455)
	at ptolemy.domains.de.kernel.DEDirector._fire(DEDirector.java:1949)
	at ptolemy.domains.de.kernel.DEDirector.fire(DEDirector.java:502)
	at ptolemy.actor.CompositeActor.fire(CompositeActor.java:455)
	at ptolemy.actor.Manager.iterate(Manager.java:851)
	at ptolemy.actor.Manager.execute(Manager.java:369)
	at ptolemy.actor.Manager.run(Manager.java:1263)
	at ptolemy.actor.Manager$PtolemyRunThread.run(Manager.java:1933)
java.lang.reflect.InvocationTargetException
	at java.base/jdk.internal.reflect.NativeConstructorAccessorImpl.newInstance0(Native Method)
	at java.base/jdk.internal.reflect.NativeConstructorAccessorImpl.newInstance(NativeConstructorAccessorImpl.java:62)
	at java.base/jdk.internal.reflect.DelegatingConstructorAccessorImpl.newInstance(DelegatingConstructorAccessorImpl.java:45)
	at java.base/java.lang.reflect.Constructor.newInstance(Constructor.java:490)
	at ptolemy.util.test.junit.AutoKnownFailedTests.RunModel(AutoKnownFailedTests.java:105)
	at java.base/jdk.internal.reflect.NativeMethodAccessorImpl.invoke0(Native Method)
	at java.base/jdk.internal.reflect.NativeMethodAccessorImpl.invoke(NativeMethodAccessorImpl.java:62)
	at java.base/jdk.internal.reflect.DelegatingMethodAccessorImpl.invoke(DelegatingMethodAccessorImpl.java:43)
	at java.base/java.lang.reflect.Method.invoke(Method.java:566)
	at org.junit.runners.model.FrameworkMethod$1.runReflectiveCall(FrameworkMethod.java:44)
	at org.junit.internal.runners.model.ReflectiveCallable.run(ReflectiveCallable.java:15)
	at org.junit.runners.model.FrameworkMethod.invokeExplosively(FrameworkMethod.java:41)
	at junitparams.internal.InvokeParameterisedMethod.evaluate(InvokeParameterisedMethod.java:102)
	at org.junit.internal.runners.statements.FailOnTimeout$1.run(FailOnTimeout.java:28)
Caused by: ptolemy.kernel.util.IllegalActionException: Actor is not ready to fire.  Perhaps UpSample.prefire() returned false? Try debugging the actor by selecting "Listen to Actor".  Also, for SDF check moml for tokenConsumptionRate on input.
  in .DESDFClockTest.Play Bell.Copy1:SDF Director and .DESDFClockTest.Play Bell.UpSample
	at ptolemy.actor.sched.StaticSchedulingDirector.fire(StaticSchedulingDirector.java:227)
	at ptolemy.domains.sdf.kernel.SDFDirector.fire(SDFDirector.java:500)
	at ptolemy.actor.CompositeActor.fire(CompositeActor.java:455)
	at ptolemy.domains.de.kernel.DEDirector._fire(DEDirector.java:1949)
	at ptolemy.domains.de.kernel.DEDirector.fire(DEDirector.java:502)
	at ptolemy.actor.CompositeActor.fire(CompositeActor.java:455)
	at ptolemy.actor.Manager.iterate(Manager.java:851)
	at ptolemy.actor.Manager.execute(Manager.java:369)
	at ptolemy.actor.Manager.run(Manager.java:1263)
	at ptolemy.actor.Manager$PtolemyRunThread.run(Manager.java:1933)
java.lang.RuntimeException: Execution failed
	at ptolemy.moml.MoMLSimpleApplication$UnloadThread.run(MoMLSimpleApplication.java:402)
Caused by: ptolemy.kernel.util.IllegalActionException: Test fails in iteration 1.
Value was: 1.0. Should have been: 2.0
  in .DirectFeedback.Test
	at ptolemy.actor.lib.Test.fire(Test.java:268)
	at ptolemy.domains.de.kernel.DEDirector._fire(DEDirector.java:1949)
	at ptolemy.domains.de.kernel.DEDirector.fire(DEDirector.java:502)
	at ptolemy.actor.CompositeActor.fire(CompositeActor.java:455)
	at ptolemy.actor.Manager.iterate(Manager.java:851)
	at ptolemy.actor.Manager.execute(Manager.java:369)
	at ptolemy.actor.Manager.run(Manager.java:1263)
	at ptolemy.actor.Manager$PtolemyRunThread.run(Manager.java:1933)
java.lang.reflect.InvocationTargetException
	at java.base/jdk.internal.reflect.NativeConstructorAccessorImpl.newInstance0(Native Method)
	at java.base/jdk.internal.reflect.NativeConstructorAccessorImpl.newInstance(NativeConstructorAccessorImpl.java:62)
	at java.base/jdk.internal.reflect.DelegatingConstructorAccessorImpl.newInstance(DelegatingConstructorAccessorImpl.java:45)
	at java.base/java.lang.reflect.Constructor.newInstance(Constructor.java:490)
	at ptolemy.util.test.junit.AutoKnownFailedTests.RunModel(AutoKnownFailedTests.java:105)
	at java.base/jdk.internal.reflect.NativeMethodAccessorImpl.invoke0(Native Method)
	at java.base/jdk.internal.reflect.NativeMethodAccessorImpl.invoke(NativeMethodAccessorImpl.java:62)
	at java.base/jdk.internal.reflect.DelegatingMethodAccessorImpl.invoke(DelegatingMethodAccessorImpl.java:43)
	at java.base/java.lang.reflect.Method.invoke(Method.java:566)
	at org.junit.runners.model.FrameworkMethod$1.runReflectiveCall(FrameworkMethod.java:44)
	at org.junit.internal.runners.model.ReflectiveCallable.run(ReflectiveCallable.java:15)
	at org.junit.runners.model.FrameworkMethod.invokeExplosively(FrameworkMethod.java:41)
	at junitparams.internal.InvokeParameterisedMethod.evaluate(InvokeParameterisedMethod.java:102)
	at org.junit.internal.runners.statements.FailOnTimeout$1.run(FailOnTimeout.java:28)
Caused by: ptolemy.kernel.util.IllegalActionException: Test fails in iteration 1.
Value was: 1.0. Should have been: 2.0
  in .DirectFeedback.Test
	at ptolemy.actor.lib.Test.fire(Test.java:268)
	at ptolemy.domains.de.kernel.DEDirector._fire(DEDirector.java:1949)
	at ptolemy.domains.de.kernel.DEDirector.fire(DEDirector.java:502)
	at ptolemy.actor.CompositeActor.fire(CompositeActor.java:455)
	at ptolemy.actor.Manager.iterate(Manager.java:851)
	at ptolemy.actor.Manager.execute(Manager.java:369)
	at ptolemy.actor.Manager.run(Manager.java:1263)
	at ptolemy.actor.Manager$PtolemyRunThread.run(Manager.java:1933)
java.lang.RuntimeException: Execution failed
	at ptolemy.moml.MoMLSimpleApplication$UnloadThread.run(MoMLSimpleApplication.java:402)
Caused by: ptolemy.kernel.util.IllegalActionException: Found a zero delay loop containing .HierarchicalModel.A
  in .HierarchicalModel and .HierarchicalModel.A
	at ptolemy.actor.util.CausalityInterfaceForComposites._computeOutputPortDepth(CausalityInterfaceForComposites.java:759)
	at ptolemy.actor.util.CausalityInterfaceForComposites._computeInputDepth(CausalityInterfaceForComposites.java:696)
	at ptolemy.actor.util.CausalityInterfaceForComposites._computeOutputPortDepth(CausalityInterfaceForComposites.java:765)
	at ptolemy.actor.util.CausalityInterfaceForComposites._computeInputDepth(CausalityInterfaceForComposites.java:696)
	at ptolemy.actor.util.CausalityInterfaceForComposites._computeOutputPortDepth(CausalityInterfaceForComposites.java:765)
	at ptolemy.actor.util.CausalityInterfaceForComposites._computeInputDepth(CausalityInterfaceForComposites.java:696)
	at ptolemy.actor.util.CausalityInterfaceForComposites._computeActorDepth(CausalityInterfaceForComposites.java:532)
	at ptolemy.actor.util.CausalityInterfaceForComposites.checkForCycles(CausalityInterfaceForComposites.java:96)
	at ptolemy.domains.de.kernel.DEDirector.preinitialize(DEDirector.java:1338)
	at ptolemy.actor.CompositeActor.preinitialize(CompositeActor.java:1828)
	at ptolemy.actor.Manager.preinitializeAndResolveTypes(Manager.java:1040)
	at ptolemy.actor.Manager.initialize(Manager.java:710)
	at ptolemy.actor.Manager.execute(Manager.java:356)
	at ptolemy.actor.Manager.run(Manager.java:1263)
	at ptolemy.actor.Manager$PtolemyRunThread.run(Manager.java:1933)
java.lang.reflect.InvocationTargetException
	at java.base/jdk.internal.reflect.NativeConstructorAccessorImpl.newInstance0(Native Method)
	at java.base/jdk.internal.reflect.NativeConstructorAccessorImpl.newInstance(NativeConstructorAccessorImpl.java:62)
	at java.base/jdk.internal.reflect.DelegatingConstructorAccessorImpl.newInstance(DelegatingConstructorAccessorImpl.java:45)
	at java.base/java.lang.reflect.Constructor.newInstance(Constructor.java:490)
	at ptolemy.util.test.junit.AutoKnownFailedTests.RunModel(AutoKnownFailedTests.java:105)
	at java.base/jdk.internal.reflect.NativeMethodAccessorImpl.invoke0(Native Method)
	at java.base/jdk.internal.reflect.NativeMethodAccessorImpl.invoke(NativeMethodAccessorImpl.java:62)
	at java.base/jdk.internal.reflect.DelegatingMethodAccessorImpl.invoke(DelegatingMethodAccessorImpl.java:43)
	at java.base/java.lang.reflect.Method.invoke(Method.java:566)
	at org.junit.runners.model.FrameworkMethod$1.runReflectiveCall(FrameworkMethod.java:44)
	at org.junit.internal.runners.model.ReflectiveCallable.run(ReflectiveCallable.java:15)
	at org.junit.runners.model.FrameworkMethod.invokeExplosively(FrameworkMethod.java:41)
	at junitparams.internal.InvokeParameterisedMethod.evaluate(InvokeParameterisedMethod.java:102)
	at org.junit.internal.runners.statements.FailOnTimeout$1.run(FailOnTimeout.java:28)
Caused by: ptolemy.kernel.util.IllegalActionException: Found a zero delay loop containing .HierarchicalModel.A
  in .HierarchicalModel and .HierarchicalModel.A
	at ptolemy.actor.util.CausalityInterfaceForComposites._computeOutputPortDepth(CausalityInterfaceForComposites.java:759)
	at ptolemy.actor.util.CausalityInterfaceForComposites._computeInputDepth(CausalityInterfaceForComposites.java:696)
	at ptolemy.actor.util.CausalityInterfaceForComposites._computeOutputPortDepth(CausalityInterfaceForComposites.java:765)
	at ptolemy.actor.util.CausalityInterfaceForComposites._computeInputDepth(CausalityInterfaceForComposites.java:696)
	at ptolemy.actor.util.CausalityInterfaceForComposites._computeOutputPortDepth(CausalityInterfaceForComposites.java:765)
	at ptolemy.actor.util.CausalityInterfaceForComposites._computeInputDepth(CausalityInterfaceForComposites.java:696)
	at ptolemy.actor.util.CausalityInterfaceForComposites._computeActorDepth(CausalityInterfaceForComposites.java:532)
	at ptolemy.actor.util.CausalityInterfaceForComposites.checkForCycles(CausalityInterfaceForComposites.java:96)
	at ptolemy.domains.de.kernel.DEDirector.preinitialize(DEDirector.java:1338)
	at ptolemy.actor.CompositeActor.preinitialize(CompositeActor.java:1828)
	at ptolemy.actor.Manager.preinitializeAndResolveTypes(Manager.java:1040)
	at ptolemy.actor.Manager.initialize(Manager.java:710)
	at ptolemy.actor.Manager.execute(Manager.java:356)
	at ptolemy.actor.Manager.run(Manager.java:1263)
	at ptolemy.actor.Manager$PtolemyRunThread.run(Manager.java:1933)
java.lang.RuntimeException: Execution failed
	at ptolemy.moml.MoMLSimpleApplication$UnloadThread.run(MoMLSimpleApplication.java:402)
Caused by: ptolemy.kernel.util.IllegalActionException: Found a zero delay loop containing .dependencyLoop.original
  in .dependencyLoop and .dependencyLoop.original
	at ptolemy.actor.util.CausalityInterfaceForComposites._computeOutputPortDepth(CausalityInterfaceForComposites.java:759)
	at ptolemy.actor.util.CausalityInterfaceForComposites._computeInputDepth(CausalityInterfaceForComposites.java:696)
	at ptolemy.actor.util.CausalityInterfaceForComposites._computeOutputPortDepth(CausalityInterfaceForComposites.java:765)
	at ptolemy.actor.util.CausalityInterfaceForComposites._computeInputDepth(CausalityInterfaceForComposites.java:696)
	at ptolemy.actor.util.CausalityInterfaceForComposites._computeOutputPortDepth(CausalityInterfaceForComposites.java:765)
	at ptolemy.actor.util.CausalityInterfaceForComposites._computeInputDepth(CausalityInterfaceForComposites.java:696)
	at ptolemy.actor.util.CausalityInterfaceForComposites._computeActorDepth(CausalityInterfaceForComposites.java:532)
	at ptolemy.actor.util.CausalityInterfaceForComposites.checkForCycles(CausalityInterfaceForComposites.java:96)
	at ptolemy.domains.de.kernel.DEDirector.preinitialize(DEDirector.java:1338)
	at ptolemy.actor.CompositeActor.preinitialize(CompositeActor.java:1828)
	at ptolemy.actor.Manager.preinitializeAndResolveTypes(Manager.java:1040)
	at ptolemy.actor.Manager.initialize(Manager.java:710)
	at ptolemy.actor.Manager.execute(Manager.java:356)
	at ptolemy.actor.Manager.run(Manager.java:1263)
	at ptolemy.actor.Manager$PtolemyRunThread.run(Manager.java:1933)
java.lang.reflect.InvocationTargetException
	at java.base/jdk.internal.reflect.NativeConstructorAccessorImpl.newInstance0(Native Method)
	at java.base/jdk.internal.reflect.NativeConstructorAccessorImpl.newInstance(NativeConstructorAccessorImpl.java:62)
	at java.base/jdk.internal.reflect.DelegatingConstructorAccessorImpl.newInstance(DelegatingConstructorAccessorImpl.java:45)
	at java.base/java.lang.reflect.Constructor.newInstance(Constructor.java:490)
	at ptolemy.util.test.junit.AutoKnownFailedTests.RunModel(AutoKnownFailedTests.java:105)
	at java.base/jdk.internal.reflect.NativeMethodAccessorImpl.invoke0(Native Method)
	at java.base/jdk.internal.reflect.NativeMethodAccessorImpl.invoke(NativeMethodAccessorImpl.java:62)
	at java.base/jdk.internal.reflect.DelegatingMethodAccessorImpl.invoke(DelegatingMethodAccessorImpl.java:43)
	at java.base/java.lang.reflect.Method.invoke(Method.java:566)
	at org.junit.runners.model.FrameworkMethod$1.runReflectiveCall(FrameworkMethod.java:44)
	at org.junit.internal.runners.model.ReflectiveCallable.run(ReflectiveCallable.java:15)
	at org.junit.runners.model.FrameworkMethod.invokeExplosively(FrameworkMethod.java:41)
	at junitparams.internal.InvokeParameterisedMethod.evaluate(InvokeParameterisedMethod.java:102)
	at org.junit.internal.runners.statements.FailOnTimeout$1.run(FailOnTimeout.java:28)
Caused by: ptolemy.kernel.util.IllegalActionException: Found a zero delay loop containing .dependencyLoop.original
  in .dependencyLoop and .dependencyLoop.original
	at ptolemy.actor.util.CausalityInterfaceForComposites._computeOutputPortDepth(CausalityInterfaceForComposites.java:759)
	at ptolemy.actor.util.CausalityInterfaceForComposites._computeInputDepth(CausalityInterfaceForComposites.java:696)
	at ptolemy.actor.util.CausalityInterfaceForComposites._computeOutputPortDepth(CausalityInterfaceForComposites.java:765)
	at ptolemy.actor.util.CausalityInterfaceForComposites._computeInputDepth(CausalityInterfaceForComposites.java:696)
	at ptolemy.actor.util.CausalityInterfaceForComposites._computeOutputPortDepth(CausalityInterfaceForComposites.java:765)
	at ptolemy.actor.util.CausalityInterfaceForComposites._computeInputDepth(CausalityInterfaceForComposites.java:696)
	at ptolemy.actor.util.CausalityInterfaceForComposites._computeActorDepth(CausalityInterfaceForComposites.java:532)
	at ptolemy.actor.util.CausalityInterfaceForComposites.checkForCycles(CausalityInterfaceForComposites.java:96)
	at ptolemy.domains.de.kernel.DEDirector.preinitialize(DEDirector.java:1338)
	at ptolemy.actor.CompositeActor.preinitialize(CompositeActor.java:1828)
	at ptolemy.actor.Manager.preinitializeAndResolveTypes(Manager.java:1040)
	at ptolemy.actor.Manager.initialize(Manager.java:710)
	at ptolemy.actor.Manager.execute(Manager.java:356)
	at ptolemy.actor.Manager.run(Manager.java:1263)
	at ptolemy.actor.Manager$PtolemyRunThread.run(Manager.java:1933)
java.lang.RuntimeException: Execution failed
	at ptolemy.moml.MoMLSimpleApplication$UnloadThread.run(MoMLSimpleApplication.java:402)
Caused by: ptolemy.kernel.util.IllegalActionException: Found a zero delay loop containing .dependencyLoop2.original
  in .dependencyLoop2 and .dependencyLoop2.original
	at ptolemy.actor.util.CausalityInterfaceForComposites._computeOutputPortDepth(CausalityInterfaceForComposites.java:759)
	at ptolemy.actor.util.CausalityInterfaceForComposites._computeInputDepth(CausalityInterfaceForComposites.java:696)
	at ptolemy.actor.util.CausalityInterfaceForComposites._computeOutputPortDepth(CausalityInterfaceForComposites.java:765)
	at ptolemy.actor.util.CausalityInterfaceForComposites._computeInputDepth(CausalityInterfaceForComposites.java:696)
	at ptolemy.actor.util.CausalityInterfaceForComposites._computeOutputPortDepth(CausalityInterfaceForComposites.java:765)
	at ptolemy.actor.util.CausalityInterfaceForComposites._computeInputDepth(CausalityInterfaceForComposites.java:696)
	at ptolemy.actor.util.CausalityInterfaceForComposites._computeActorDepth(CausalityInterfaceForComposites.java:532)
	at ptolemy.actor.util.CausalityInterfaceForComposites.checkForCycles(CausalityInterfaceForComposites.java:96)
	at ptolemy.domains.de.kernel.DEDirector.preinitialize(DEDirector.java:1338)
	at ptolemy.actor.CompositeActor.preinitialize(CompositeActor.java:1828)
	at ptolemy.actor.Manager.preinitializeAndResolveTypes(Manager.java:1040)
	at ptolemy.actor.Manager.initialize(Manager.java:710)
	at ptolemy.actor.Manager.execute(Manager.java:356)
	at ptolemy.actor.Manager.run(Manager.java:1263)
	at ptolemy.actor.Manager$PtolemyRunThread.run(Manager.java:1933)
java.lang.reflect.InvocationTargetException
	at java.base/jdk.internal.reflect.NativeConstructorAccessorImpl.newInstance0(Native Method)
	at java.base/jdk.internal.reflect.NativeConstructorAccessorImpl.newInstance(NativeConstructorAccessorImpl.java:62)
	at java.base/jdk.internal.reflect.DelegatingConstructorAccessorImpl.newInstance(DelegatingConstructorAccessorImpl.java:45)
	at java.base/java.lang.reflect.Constructor.newInstance(Constructor.java:490)
	at ptolemy.util.test.junit.AutoKnownFailedTests.RunModel(AutoKnownFailedTests.java:105)
	at java.base/jdk.internal.reflect.NativeMethodAccessorImpl.invoke0(Native Method)
	at java.base/jdk.internal.reflect.NativeMethodAccessorImpl.invoke(NativeMethodAccessorImpl.java:62)
	at java.base/jdk.internal.reflect.DelegatingMethodAccessorImpl.invoke(DelegatingMethodAccessorImpl.java:43)
	at java.base/java.lang.reflect.Method.invoke(Method.java:566)
	at org.junit.runners.model.FrameworkMethod$1.runReflectiveCall(FrameworkMethod.java:44)
	at org.junit.internal.runners.model.ReflectiveCallable.run(ReflectiveCallable.java:15)
	at org.junit.runners.model.FrameworkMethod.invokeExplosively(FrameworkMethod.java:41)
	at junitparams.internal.InvokeParameterisedMethod.evaluate(InvokeParameterisedMethod.java:102)
	at org.junit.internal.runners.statements.FailOnTimeout$1.run(FailOnTimeout.java:28)
Caused by: ptolemy.kernel.util.IllegalActionException: Found a zero delay loop containing .dependencyLoop2.original
  in .dependencyLoop2 and .dependencyLoop2.original
	at ptolemy.actor.util.CausalityInterfaceForComposites._computeOutputPortDepth(CausalityInterfaceForComposites.java:759)
	at ptolemy.actor.util.CausalityInterfaceForComposites._computeInputDepth(CausalityInterfaceForComposites.java:696)
	at ptolemy.actor.util.CausalityInterfaceForComposites._computeOutputPortDepth(CausalityInterfaceForComposites.java:765)
	at ptolemy.actor.util.CausalityInterfaceForComposites._computeInputDepth(CausalityInterfaceForComposites.java:696)
	at ptolemy.actor.util.CausalityInterfaceForComposites._computeOutputPortDepth(CausalityInterfaceForComposites.java:765)
	at ptolemy.actor.util.CausalityInterfaceForComposites._computeInputDepth(CausalityInterfaceForComposites.java:696)
	at ptolemy.actor.util.CausalityInterfaceForComposites._computeActorDepth(CausalityInterfaceForComposites.java:532)
	at ptolemy.actor.util.CausalityInterfaceForComposites.checkForCycles(CausalityInterfaceForComposites.java:96)
	at ptolemy.domains.de.kernel.DEDirector.preinitialize(DEDirector.java:1338)
	at ptolemy.actor.CompositeActor.preinitialize(CompositeActor.java:1828)
	at ptolemy.actor.Manager.preinitializeAndResolveTypes(Manager.java:1040)
	at ptolemy.actor.Manager.initialize(Manager.java:710)
	at ptolemy.actor.Manager.execute(Manager.java:356)
	at ptolemy.actor.Manager.run(Manager.java:1263)
	at ptolemy.actor.Manager$PtolemyRunThread.run(Manager.java:1933)
]]></system-err>
</testsuite>
