<?xml version="1.0" encoding="UTF-8" ?>
<testsuite errors="0" failures="0" hostname="travis-job-a025a22d-aaa6-4812-8d5d-ef55a1b67c09" name="ptolemy.domains.continuous.test.junit.JUnitTclTest" skipped="0" tests="156" time="71.714" timestamp="2020-06-16T14:39:50">
  <properties>
[...]
</properties>
  <testcase classname="ptolemy.util.test.junit.TclTests" name="[0] ThereAreNoTclTests (RunTclFile)" time="0.022" />
  <testcase classname="ptolemy.util.test.junit.AutoKnownFailedTests" name="[0] ThereAreNoKnowFailedTests (RunModel)" time="0.005" />
  <testcase classname="ptolemy.util.test.junit.AutoNameArchTests" name="[0] ThereAreNoAutoArchTests (RunModel)" time="0.023" />
  <testcase classname="ptolemy.util.test.junit.AutoTests" name="[0] /home/travis/build/icyphy/ptII/ptolemy/domains/continuous/test/auto/BouncingBall.xml (RunModel)" time="2.96" />
  <testcase classname="ptolemy.util.test.junit.AutoTests" name="[1] /home/travis/build/icyphy/ptII/ptolemy/domains/continuous/test/auto/BouncingBallWithoutGR.xml (RunModel)" time="0.848" />
  <testcase classname="ptolemy.util.test.junit.AutoTests" name="[2] /home/travis/build/icyphy/ptII/ptolemy/domains/continuous/test/auto/Brownian.xml (RunModel)" time="0.154" />
  <testcase classname="ptolemy.util.test.junit.AutoTests" name="[3] /home/travis/build/icyphy/ptII/ptolemy/domains/continuous/test/auto/CarTracking.xml (RunModel)" time="4.321" />
  <testcase classname="ptolemy.util.test.junit.AutoTests" name="[4] /home/travis/build/icyphy/ptII/ptolemy/domains/continuous/test/auto/CartPendulum.xml (RunModel)" time="0.469" />
  <testcase classname="ptolemy.util.test.junit.AutoTests" name="[5] /home/travis/build/icyphy/ptII/ptolemy/domains/continuous/test/auto/CausalityInterface10.xml (RunModel)" time="0.046" />
  <testcase classname="ptolemy.util.test.junit.AutoTests" name="[6] /home/travis/build/icyphy/ptII/ptolemy/domains/continuous/test/auto/CausalityInterface11.xml (RunModel)" time="0.024" />
  <testcase classname="ptolemy.util.test.junit.AutoTests" name="[7] /home/travis/build/icyphy/ptII/ptolemy/domains/continuous/test/auto/CausalityInterface12.xml (RunModel)" time="0.027" />
  <testcase classname="ptolemy.util.test.junit.AutoTests" name="[8] /home/travis/build/icyphy/ptII/ptolemy/domains/continuous/test/auto/CausalityInterface13.xml (RunModel)" time="0.031" />
  <testcase classname="ptolemy.util.test.junit.AutoTests" name="[9] /home/travis/build/icyphy/ptII/ptolemy/domains/continuous/test/auto/CausalityInterface14.xml (RunModel)" time="0.031" />
  <testcase classname="ptolemy.util.test.junit.AutoTests" name="[10] /home/travis/build/icyphy/ptII/ptolemy/domains/continuous/test/auto/CausalityInterface4.xml (RunModel)" time="0.044" />
  <testcase classname="ptolemy.util.test.junit.AutoTests" name="[11] /home/travis/build/icyphy/ptII/ptolemy/domains/continuous/test/auto/CausalityInterface5.xml (RunModel)" time="0.044" />
  <testcase classname="ptolemy.util.test.junit.AutoTests" name="[12] /home/travis/build/icyphy/ptII/ptolemy/domains/continuous/test/auto/CausalityInterface6.xml (RunModel)" time="0.026" />
  <testcase classname="ptolemy.util.test.junit.AutoTests" name="[13] /home/travis/build/icyphy/ptII/ptolemy/domains/continuous/test/auto/CausalityInterface7.xml (RunModel)" time="0.09" />
  <testcase classname="ptolemy.util.test.junit.AutoTests" name="[14] /home/travis/build/icyphy/ptII/ptolemy/domains/continuous/test/auto/CausalityInterface8.xml (RunModel)" time="0.069" />
  <testcase classname="ptolemy.util.test.junit.AutoTests" name="[15] /home/travis/build/icyphy/ptII/ptolemy/domains/continuous/test/auto/CausalityInterface9.xml (RunModel)" time="0.053" />
  <testcase classname="ptolemy.util.test.junit.AutoTests" name="[16] /home/travis/build/icyphy/ptII/ptolemy/domains/continuous/test/auto/CausalityInterfaceFeedback1.xml (RunModel)" time="0.023" />
  <testcase classname="ptolemy.util.test.junit.AutoTests" name="[17] /home/travis/build/icyphy/ptII/ptolemy/domains/continuous/test/auto/CausalityInterfaceFeedback2.xml (RunModel)" time="0.062" />
  <testcase classname="ptolemy.util.test.junit.AutoTests" name="[18] /home/travis/build/icyphy/ptII/ptolemy/domains/continuous/test/auto/CompareWithCurrentTime.xml (RunModel)" time="0.056" />
  <testcase classname="ptolemy.util.test.junit.AutoTests" name="[19] /home/travis/build/icyphy/ptII/ptolemy/domains/continuous/test/auto/ComparedClocks.xml (RunModel)" time="0.141" />
  <testcase classname="ptolemy.util.test.junit.AutoTests" name="[20] /home/travis/build/icyphy/ptII/ptolemy/domains/continuous/test/auto/ContinuousAOCClone.xml (RunModel)" time="2.608" />
  <testcase classname="ptolemy.util.test.junit.AutoTests" name="[21] /home/travis/build/icyphy/ptII/ptolemy/domains/continuous/test/auto/ContinuousClock.xml (RunModel)" time="0.074" />
  <testcase classname="ptolemy.util.test.junit.AutoTests" name="[22] /home/travis/build/icyphy/ptII/ptolemy/domains/continuous/test/auto/ContinuousInContinuous.xml (RunModel)" time="0.097" />
  <testcase classname="ptolemy.util.test.junit.AutoTests" name="[23] /home/travis/build/icyphy/ptII/ptolemy/domains/continuous/test/auto/ContinuousInContinuousInContinuous.xml (RunModel)" time="0.025" />
  <testcase classname="ptolemy.util.test.junit.AutoTests" name="[24] /home/travis/build/icyphy/ptII/ptolemy/domains/continuous/test/auto/ContinuousInDE.xml (RunModel)" time="0.115" />
  <testcase classname="ptolemy.util.test.junit.AutoTests" name="[25] /home/travis/build/icyphy/ptII/ptolemy/domains/continuous/test/auto/ContinuousInDE2.xml (RunModel)" time="0.057" />
  <testcase classname="ptolemy.util.test.junit.AutoTests" name="[26] /home/travis/build/icyphy/ptII/ptolemy/domains/continuous/test/auto/ContinuousInDE3.xml (RunModel)" time="0.064" />
  <testcase classname="ptolemy.util.test.junit.AutoTests" name="[27] /home/travis/build/icyphy/ptII/ptolemy/domains/continuous/test/auto/ContinuousInDE4.xml (RunModel)" time="0.034" />
  <testcase classname="ptolemy.util.test.junit.AutoTests" name="[28] /home/travis/build/icyphy/ptII/ptolemy/domains/continuous/test/auto/ContinuousInDEDifferentRefinements.xml (RunModel)" time="0.104" />
  <testcase classname="ptolemy.util.test.junit.AutoTests" name="[29] /home/travis/build/icyphy/ptII/ptolemy/domains/continuous/test/auto/ContinuousInDEDifferentRefinementsPreemptive.xml (RunModel)" time="0.081" />
  <testcase classname="ptolemy.util.test.junit.AutoTests" name="[30] /home/travis/build/icyphy/ptII/ptolemy/domains/continuous/test/auto/ContinuousInDEInContinuous2.xml (RunModel)" time="0.06" />
  <testcase classname="ptolemy.util.test.junit.AutoTests" name="[31] /home/travis/build/icyphy/ptII/ptolemy/domains/continuous/test/auto/ContinuousInDEInContinuous3.xml (RunModel)" time="0.057" />
  <testcase classname="ptolemy.util.test.junit.AutoTests" name="[32] /home/travis/build/icyphy/ptII/ptolemy/domains/continuous/test/auto/ContinuousInDEInput.xml (RunModel)" time="0.035" />
  <testcase classname="ptolemy.util.test.junit.AutoTests" name="[33] /home/travis/build/icyphy/ptII/ptolemy/domains/continuous/test/auto/ContinuousInDEInput2.xml (RunModel)" time="0.034" />
  <testcase classname="ptolemy.util.test.junit.AutoTests" name="[34] /home/travis/build/icyphy/ptII/ptolemy/domains/continuous/test/auto/ContinuousInDEInput3.xml (RunModel)" time="0.037" />
  <testcase classname="ptolemy.util.test.junit.AutoTests" name="[35] /home/travis/build/icyphy/ptII/ptolemy/domains/continuous/test/auto/ContinuousInDESharingRefinement.xml (RunModel)" time="0.167" />
  <testcase classname="ptolemy.util.test.junit.AutoTests" name="[36] /home/travis/build/icyphy/ptII/ptolemy/domains/continuous/test/auto/ContinuousInDEwithNoPorts.xml (RunModel)" time="0.022" />
  <testcase classname="ptolemy.util.test.junit.AutoTests" name="[37] /home/travis/build/icyphy/ptII/ptolemy/domains/continuous/test/auto/ContinuousInsideDE.xml (RunModel)" time="0.086" />
  <testcase classname="ptolemy.util.test.junit.AutoTests" name="[38] /home/travis/build/icyphy/ptII/ptolemy/domains/continuous/test/auto/ContinuousMerge1.xml (RunModel)" time="0.02" />
  <testcase classname="ptolemy.util.test.junit.AutoTests" name="[39] /home/travis/build/icyphy/ptII/ptolemy/domains/continuous/test/auto/ContinuousMerge2.xml (RunModel)" time="0.047" />
  <testcase classname="ptolemy.util.test.junit.AutoTests" name="[40] /home/travis/build/icyphy/ptII/ptolemy/domains/continuous/test/auto/ContinuousMerge3.xml (RunModel)" time="0.06" />
  <testcase classname="ptolemy.util.test.junit.AutoTests" name="[41] /home/travis/build/icyphy/ptII/ptolemy/domains/continuous/test/auto/ContinuousWithinContinuous.xml (RunModel)" time="0.049" />
  <testcase classname="ptolemy.util.test.junit.AutoTests" name="[42] /home/travis/build/icyphy/ptII/ptolemy/domains/continuous/test/auto/ContinuousWithinContinuous2.xml (RunModel)" time="0.093" />
  <testcase classname="ptolemy.util.test.junit.AutoTests" name="[43] /home/travis/build/icyphy/ptII/ptolemy/domains/continuous/test/auto/ContinuousWithinContinuous3.xml (RunModel)" time="0.032" />
  <testcase classname="ptolemy.util.test.junit.AutoTests" name="[44] /home/travis/build/icyphy/ptII/ptolemy/domains/continuous/test/auto/ContinuousWithinContinuous4.xml (RunModel)" time="0.08" />
  <testcase classname="ptolemy.util.test.junit.AutoTests" name="[45] /home/travis/build/icyphy/ptII/ptolemy/domains/continuous/test/auto/ContinuousWithinContinuous5.xml (RunModel)" time="0.039" />
  <testcase classname="ptolemy.util.test.junit.AutoTests" name="[46] /home/travis/build/icyphy/ptII/ptolemy/domains/continuous/test/auto/ContinuousWithinContinuous6.xml (RunModel)" time="0.024" />
  <testcase classname="ptolemy.util.test.junit.AutoTests" name="[47] /home/travis/build/icyphy/ptII/ptolemy/domains/continuous/test/auto/ContinuousWithinContinuous7.xml (RunModel)" time="0.063" />
  <testcase classname="ptolemy.util.test.junit.AutoTests" name="[48] /home/travis/build/icyphy/ptII/ptolemy/domains/continuous/test/auto/DCMotor.xml (RunModel)" time="13.459" />
  <testcase classname="ptolemy.util.test.junit.AutoTests" name="[49] /home/travis/build/icyphy/ptII/ptolemy/domains/continuous/test/auto/DEInContinuous.xml (RunModel)" time="0.028" />
  <testcase classname="ptolemy.util.test.junit.AutoTests" name="[50] /home/travis/build/icyphy/ptII/ptolemy/domains/continuous/test/auto/DEinContinuous2.xml (RunModel)" time="0.029" />
  <testcase classname="ptolemy.util.test.junit.AutoTests" name="[51] /home/travis/build/icyphy/ptII/ptolemy/domains/continuous/test/auto/Derivative.xml (RunModel)" time="0.164" />
  <testcase classname="ptolemy.util.test.junit.AutoTests" name="[52] /home/travis/build/icyphy/ptII/ptolemy/domains/continuous/test/auto/Derivative1.xml (RunModel)" time="0.038" />
  <testcase classname="ptolemy.util.test.junit.AutoTests" name="[53] /home/travis/build/icyphy/ptII/ptolemy/domains/continuous/test/auto/DiscreteClock.xml (RunModel)" time="0.016" />
  <testcase classname="ptolemy.util.test.junit.AutoTests" name="[54] /home/travis/build/icyphy/ptII/ptolemy/domains/continuous/test/auto/EfficiencyCurve.xml (RunModel)" time="0.083" />
  <testcase classname="ptolemy.util.test.junit.AutoTests" name="[55] /home/travis/build/icyphy/ptII/ptolemy/domains/continuous/test/auto/ExponentialResponse.xml (RunModel)" time="0.098" />
  <testcase classname="ptolemy.util.test.junit.AutoTests" name="[56] /home/travis/build/icyphy/ptII/ptolemy/domains/continuous/test/auto/ExponentialResponseRK45.xml (RunModel)" time="0.029" />
  <testcase classname="ptolemy.util.test.junit.AutoTests" name="[57] /home/travis/build/icyphy/ptII/ptolemy/domains/continuous/test/auto/Friction.xml (RunModel)" time="1.566" />
  <testcase classname="ptolemy.util.test.junit.AutoTests" name="[58] /home/travis/build/icyphy/ptII/ptolemy/domains/continuous/test/auto/FurutaPendulum.xml (RunModel)" time="3.24" />
  <testcase classname="ptolemy.util.test.junit.AutoTests" name="[59] /home/travis/build/icyphy/ptII/ptolemy/domains/continuous/test/auto/HierarchicalExecution.xml (RunModel)" time="1.859" />
  <testcase classname="ptolemy.util.test.junit.AutoTests" name="[60] /home/travis/build/icyphy/ptII/ptolemy/domains/continuous/test/auto/HybridPlant.xml (RunModel)" time="0.602" />
  <testcase classname="ptolemy.util.test.junit.AutoTests" name="[61] /home/travis/build/icyphy/ptII/ptolemy/domains/continuous/test/auto/Hysteresis.xml (RunModel)" time="0.187" />
  <testcase classname="ptolemy.util.test.junit.AutoTests" name="[62] /home/travis/build/icyphy/ptII/ptolemy/domains/continuous/test/auto/HysteresisWithRandomDelay.xml (RunModel)" time="0.219" />
  <testcase classname="ptolemy.util.test.junit.AutoTests" name="[63] /home/travis/build/icyphy/ptII/ptolemy/domains/continuous/test/auto/HysteresisWithRandomLosses.xml (RunModel)" time="2.37" />
  <testcase classname="ptolemy.util.test.junit.AutoTests" name="[64] /home/travis/build/icyphy/ptII/ptolemy/domains/continuous/test/auto/ImmediateTransitions.xml (RunModel)" time="0.034" />
  <testcase classname="ptolemy.util.test.junit.AutoTests" name="[65] /home/travis/build/icyphy/ptII/ptolemy/domains/continuous/test/auto/ImpulseFeedback.xml (RunModel)" time="0.025" />
  <testcase classname="ptolemy.util.test.junit.AutoTests" name="[66] /home/travis/build/icyphy/ptII/ptolemy/domains/continuous/test/auto/ImpulseFeedback2.xml (RunModel)" time="0.017" />
  <testcase classname="ptolemy.util.test.junit.AutoTests" name="[67] /home/travis/build/icyphy/ptII/ptolemy/domains/continuous/test/auto/IncreasingRatePoisson.xml (RunModel)" time="0.73" />
  <testcase classname="ptolemy.util.test.junit.AutoTests" name="[68] /home/travis/build/icyphy/ptII/ptolemy/domains/continuous/test/auto/InitialStateFeedback.xml (RunModel)" time="0.021" />
  <testcase classname="ptolemy.util.test.junit.AutoTests" name="[69] /home/travis/build/icyphy/ptII/ptolemy/domains/continuous/test/auto/Integration.xml (RunModel)" time="0.01" />
  <testcase classname="ptolemy.util.test.junit.AutoTests" name="[70] /home/travis/build/icyphy/ptII/ptolemy/domains/continuous/test/auto/Integration2.xml (RunModel)" time="0.092" />
  <testcase classname="ptolemy.util.test.junit.AutoTests" name="[71] /home/travis/build/icyphy/ptII/ptolemy/domains/continuous/test/auto/Integration3.xml (RunModel)" time="0.016" />
  <testcase classname="ptolemy.util.test.junit.AutoTests" name="[72] /home/travis/build/icyphy/ptII/ptolemy/domains/continuous/test/auto/Integration5.xml (RunModel)" time="0.01" />
  <testcase classname="ptolemy.util.test.junit.AutoTests" name="[73] /home/travis/build/icyphy/ptII/ptolemy/domains/continuous/test/auto/IntegratorImpulse.xml (RunModel)" time="0.013" />
  <testcase classname="ptolemy.util.test.junit.AutoTests" name="[74] /home/travis/build/icyphy/ptII/ptolemy/domains/continuous/test/auto/IntegratorImpulse2.xml (RunModel)" time="0.011" />
  <testcase classname="ptolemy.util.test.junit.AutoTests" name="[75] /home/travis/build/icyphy/ptII/ptolemy/domains/continuous/test/auto/LevelCrossing1.xml (RunModel)" time="0.018" />
  <testcase classname="ptolemy.util.test.junit.AutoTests" name="[76] /home/travis/build/icyphy/ptII/ptolemy/domains/continuous/test/auto/LevelCrossing2.xml (RunModel)" time="0.014" />
  <testcase classname="ptolemy.util.test.junit.AutoTests" name="[77] /home/travis/build/icyphy/ptII/ptolemy/domains/continuous/test/auto/LevelCrossing3.xml (RunModel)" time="0.012" />
  <testcase classname="ptolemy.util.test.junit.AutoTests" name="[78] /home/travis/build/icyphy/ptII/ptolemy/domains/continuous/test/auto/LevelCrossing4.xml (RunModel)" time="0.016" />
  <testcase classname="ptolemy.util.test.junit.AutoTests" name="[79] /home/travis/build/icyphy/ptII/ptolemy/domains/continuous/test/auto/LevelCrossing5.xml (RunModel)" time="0.013" />
  <testcase classname="ptolemy.util.test.junit.AutoTests" name="[80] /home/travis/build/icyphy/ptII/ptolemy/domains/continuous/test/auto/LevelCrossing6.xml (RunModel)" time="0.014" />
  <testcase classname="ptolemy.util.test.junit.AutoTests" name="[81] /home/travis/build/icyphy/ptII/ptolemy/domains/continuous/test/auto/LevelCrossingDetector.xml (RunModel)" time="0.037" />
  <testcase classname="ptolemy.util.test.junit.AutoTests" name="[82] /home/travis/build/icyphy/ptII/ptolemy/domains/continuous/test/auto/LevelCrossingDetectorDetectingDirections.xml (RunModel)" time="0.081" />
  <testcase classname="ptolemy.util.test.junit.AutoTests" name="[83] /home/travis/build/icyphy/ptII/ptolemy/domains/continuous/test/auto/LevelCrossingDetectorDetectsGlitches.xml (RunModel)" time="0.058" />
  <testcase classname="ptolemy.util.test.junit.AutoTests" name="[84] /home/travis/build/icyphy/ptII/ptolemy/domains/continuous/test/auto/LevelCrossingNoInitialOuput.xml (RunModel)" time="0.014" />
  <testcase classname="ptolemy.util.test.junit.AutoTests" name="[85] /home/travis/build/icyphy/ptII/ptolemy/domains/continuous/test/auto/LinearStateSpaceExample.xml (RunModel)" time="0.074" />
  <testcase classname="ptolemy.util.test.junit.AutoTests" name="[86] /home/travis/build/icyphy/ptII/ptolemy/domains/continuous/test/auto/Lorenz.xml (RunModel)" time="3.229" />
  <testcase classname="ptolemy.util.test.junit.AutoTests" name="[87] /home/travis/build/icyphy/ptII/ptolemy/domains/continuous/test/auto/LorenzDifferentialSystem.xml (RunModel)" time="1.026" />
  <testcase classname="ptolemy.util.test.junit.AutoTests" name="[88] /home/travis/build/icyphy/ptII/ptolemy/domains/continuous/test/auto/LorenzDifferentialSystemWithInput.xml (RunModel)" time="1.212" />
  <testcase classname="ptolemy.util.test.junit.AutoTests" name="[89] /home/travis/build/icyphy/ptII/ptolemy/domains/continuous/test/auto/LorenzDifferentialSystemWithTime.xml (RunModel)" time="0.647" />
  <testcase classname="ptolemy.util.test.junit.AutoTests" name="[90] /home/travis/build/icyphy/ptII/ptolemy/domains/continuous/test/auto/Microsteps.xml (RunModel)" time="0.033" />
  <testcase classname="ptolemy.util.test.junit.AutoTests" name="[91] /home/travis/build/icyphy/ptII/ptolemy/domains/continuous/test/auto/Modal1.xml (RunModel)" time="0.048" />
  <testcase classname="ptolemy.util.test.junit.AutoTests" name="[92] /home/travis/build/icyphy/ptII/ptolemy/domains/continuous/test/auto/Modal2.xml (RunModel)" time="0.034" />
  <testcase classname="ptolemy.util.test.junit.AutoTests" name="[93] /home/travis/build/icyphy/ptII/ptolemy/domains/continuous/test/auto/ModalTransitionGuardWithReset.xml (RunModel)" time="0.021" />
  <testcase classname="ptolemy.util.test.junit.AutoTests" name="[94] /home/travis/build/icyphy/ptII/ptolemy/domains/continuous/test/auto/ModalTransitionGuardWithResetUsingPreemptiveTransition.xml (RunModel)" time="0.066" />
  <testcase classname="ptolemy.util.test.junit.AutoTests" name="[95] /home/travis/build/icyphy/ptII/ptolemy/domains/continuous/test/auto/ModalTransitionGuardWithResetUsingPreemptiveTransition2.xml (RunModel)" time="0.057" />
  <testcase classname="ptolemy.util.test.junit.AutoTests" name="[96] /home/travis/build/icyphy/ptII/ptolemy/domains/continuous/test/auto/ModalTransitionGuardWithResetUsingPreemptiveTransition3.xml (RunModel)" time="0.043" />
  <testcase classname="ptolemy.util.test.junit.AutoTests" name="[97] /home/travis/build/icyphy/ptII/ptolemy/domains/continuous/test/auto/NewtonsCradle.xml (RunModel)" time="0.801" />
  <testcase classname="ptolemy.util.test.junit.AutoTests" name="[98] /home/travis/build/icyphy/ptII/ptolemy/domains/continuous/test/auto/NewtonsCradleAnimated.xml (RunModel)" time="1.27" />
  <testcase classname="ptolemy.util.test.junit.AutoTests" name="[99] /home/travis/build/icyphy/ptII/ptolemy/domains/continuous/test/auto/NewtonsCradleComplicated.xml (RunModel)" time="0.944" />
  <testcase classname="ptolemy.util.test.junit.AutoTests" name="[100] /home/travis/build/icyphy/ptII/ptolemy/domains/continuous/test/auto/NewtonsCradleNondeterministic.xml (RunModel)" time="0.66" />
  <testcase classname="ptolemy.util.test.junit.AutoTests" name="[101] /home/travis/build/icyphy/ptII/ptolemy/domains/continuous/test/auto/NewtonsCradlePerfectlyInelastic1.xml (RunModel)" time="1.188" />
  <testcase classname="ptolemy.util.test.junit.AutoTests" name="[102] /home/travis/build/icyphy/ptII/ptolemy/domains/continuous/test/auto/Noise.xml (RunModel)" time="0.19" />
  <testcase classname="ptolemy.util.test.junit.AutoTests" name="[103] /home/travis/build/icyphy/ptII/ptolemy/domains/continuous/test/auto/NoiseSpectrum.xml (RunModel)" time="0.701" />
  <testcase classname="ptolemy.util.test.junit.AutoTests" name="[104] /home/travis/build/icyphy/ptII/ptolemy/domains/continuous/test/auto/ParameterizedNewtonsCradleAnimated.xml (RunModel)" time="0.339" />
  <testcase classname="ptolemy.util.test.junit.AutoTests" name="[105] /home/travis/build/icyphy/ptII/ptolemy/domains/continuous/test/auto/ParameterizedNewtonsCradleAnimatedNondeterministic.xml (RunModel)" time="1.09" />
  <testcase classname="ptolemy.util.test.junit.AutoTests" name="[106] /home/travis/build/icyphy/ptII/ptolemy/domains/continuous/test/auto/Pendulum3D.xml (RunModel)" time="0.156" />
  <testcase classname="ptolemy.util.test.junit.AutoTests" name="[107] /home/travis/build/icyphy/ptII/ptolemy/domains/continuous/test/auto/PeriodicSampler.xml (RunModel)" time="0.014" />
  <testcase classname="ptolemy.util.test.junit.AutoTests" name="[108] /home/travis/build/icyphy/ptII/ptolemy/domains/continuous/test/auto/PeriodicSampler1.xml (RunModel)" time="0.041" />
  <testcase classname="ptolemy.util.test.junit.AutoTests" name="[109] /home/travis/build/icyphy/ptII/ptolemy/domains/continuous/test/auto/PeriodicSampler2.xml (RunModel)" time="0.075" />
  <testcase classname="ptolemy.util.test.junit.AutoTests" name="[110] /home/travis/build/icyphy/ptII/ptolemy/domains/continuous/test/auto/Poisson.xml (RunModel)" time="0.451" />
  <testcase classname="ptolemy.util.test.junit.AutoTests" name="[111] /home/travis/build/icyphy/ptII/ptolemy/domains/continuous/test/auto/PoissonClock.xml (RunModel)" time="0.013" />
  <testcase classname="ptolemy.util.test.junit.AutoTests" name="[112] /home/travis/build/icyphy/ptII/ptolemy/domains/continuous/test/auto/PoissonClock2.xml (RunModel)" time="0.01" />
  <testcase classname="ptolemy.util.test.junit.AutoTests" name="[113] /home/travis/build/icyphy/ptII/ptolemy/domains/continuous/test/auto/PortParameterHierarchy.xml (RunModel)" time="0.022" />
  <testcase classname="ptolemy.util.test.junit.AutoTests" name="[114] /home/travis/build/icyphy/ptII/ptolemy/domains/continuous/test/auto/RandomHybridPlant.xml (RunModel)" time="0.541" />
  <testcase classname="ptolemy.util.test.junit.AutoTests" name="[115] /home/travis/build/icyphy/ptII/ptolemy/domains/continuous/test/auto/ResetTransitionWithStartTime1.xml (RunModel)" time="0.026" />
  <testcase classname="ptolemy.util.test.junit.AutoTests" name="[116] /home/travis/build/icyphy/ptII/ptolemy/domains/continuous/test/auto/ResetTransitionWithStartTime2.xml (RunModel)" time="0.035" />
  <testcase classname="ptolemy.util.test.junit.AutoTests" name="[117] /home/travis/build/icyphy/ptII/ptolemy/domains/continuous/test/auto/ResetTransitionWithStartTime3.xml (RunModel)" time="0.038" />
  <testcase classname="ptolemy.util.test.junit.AutoTests" name="[118] /home/travis/build/icyphy/ptII/ptolemy/domains/continuous/test/auto/ResetTransitionWithStartTime4.xml (RunModel)" time="0.026" />
  <testcase classname="ptolemy.util.test.junit.AutoTests" name="[119] /home/travis/build/icyphy/ptII/ptolemy/domains/continuous/test/auto/ResetTransitionWithStartTime5.xml (RunModel)" time="0.036" />
  <testcase classname="ptolemy.util.test.junit.AutoTests" name="[120] /home/travis/build/icyphy/ptII/ptolemy/domains/continuous/test/auto/ResetTransitionWithStartTime6.xml (RunModel)" time="0.031" />
  <testcase classname="ptolemy.util.test.junit.AutoTests" name="[121] /home/travis/build/icyphy/ptII/ptolemy/domains/continuous/test/auto/SRinContinuous.xml (RunModel)" time="0.025" />
  <testcase classname="ptolemy.util.test.junit.AutoTests" name="[122] /home/travis/build/icyphy/ptII/ptolemy/domains/continuous/test/auto/SampledClocks.xml (RunModel)" time="0.033" />
  <testcase classname="ptolemy.util.test.junit.AutoTests" name="[123] /home/travis/build/icyphy/ptII/ptolemy/domains/continuous/test/auto/Satellite.xml (RunModel)" time="0.622" />
  <testcase classname="ptolemy.util.test.junit.AutoTests" name="[124] /home/travis/build/icyphy/ptII/ptolemy/domains/continuous/test/auto/SigmaDelta.xml (RunModel)" time="2.137" />
  <testcase classname="ptolemy.util.test.junit.AutoTests" name="[125] /home/travis/build/icyphy/ptII/ptolemy/domains/continuous/test/auto/SingleRefinement.xml (RunModel)" time="0.465" />
  <testcase classname="ptolemy.util.test.junit.AutoTests" name="[126] /home/travis/build/icyphy/ptII/ptolemy/domains/continuous/test/auto/SinuBouncingBall.xml (RunModel)" time="0.824" />
  <testcase classname="ptolemy.util.test.junit.AutoTests" name="[127] /home/travis/build/icyphy/ptII/ptolemy/domains/continuous/test/auto/Sinusoid.xml (RunModel)" time="0.017" />
  <testcase classname="ptolemy.util.test.junit.AutoTests" name="[128] /home/travis/build/icyphy/ptII/ptolemy/domains/continuous/test/auto/SinusoidInNoise.xml (RunModel)" time="0.85" />
  <testcase classname="ptolemy.util.test.junit.AutoTests" name="[129] /home/travis/build/icyphy/ptII/ptolemy/domains/continuous/test/auto/SinusoidRK45.xml (RunModel)" time="0.009" />
  <testcase classname="ptolemy.util.test.junit.AutoTests" name="[130] /home/travis/build/icyphy/ptII/ptolemy/domains/continuous/test/auto/SinusoidWithMultipleImpulses.xml (RunModel)" time="0.015" />
  <testcase classname="ptolemy.util.test.junit.AutoTests" name="[131] /home/travis/build/icyphy/ptII/ptolemy/domains/continuous/test/auto/SquareWave.xml (RunModel)" time="0.149" />
  <testcase classname="ptolemy.util.test.junit.AutoTests" name="[132] /home/travis/build/icyphy/ptII/ptolemy/domains/continuous/test/auto/Starmac.xml (RunModel)" time="3.392" />
  <testcase classname="ptolemy.util.test.junit.AutoTests" name="[133] /home/travis/build/icyphy/ptII/ptolemy/domains/continuous/test/auto/StaticUnits.xml (RunModel)" time="2.346" />
  <testcase classname="ptolemy.util.test.junit.AutoTests" name="[134] /home/travis/build/icyphy/ptII/ptolemy/domains/continuous/test/auto/StickyMasses.xml (RunModel)" time="0.335" />
  <testcase classname="ptolemy.util.test.junit.AutoTests" name="[135] /home/travis/build/icyphy/ptII/ptolemy/domains/continuous/test/auto/StopTime.xml (RunModel)" time="0.081" />
  <testcase classname="ptolemy.util.test.junit.AutoTests" name="[136] /home/travis/build/icyphy/ptII/ptolemy/domains/continuous/test/auto/StopTime2.xml (RunModel)" time="0.051" />
  <testcase classname="ptolemy.util.test.junit.AutoTests" name="[137] /home/travis/build/icyphy/ptII/ptolemy/domains/continuous/test/auto/Switch.xml (RunModel)" time="0.063" />
  <testcase classname="ptolemy.util.test.junit.AutoTests" name="[138] /home/travis/build/icyphy/ptII/ptolemy/domains/continuous/test/auto/Thermostat.xml (RunModel)" time="0.194" />
  <testcase classname="ptolemy.util.test.junit.AutoTests" name="[139] /home/travis/build/icyphy/ptII/ptolemy/domains/continuous/test/auto/TimeDelay.xml (RunModel)" time="0.015" />
  <testcase classname="ptolemy.util.test.junit.AutoTests" name="[140] /home/travis/build/icyphy/ptII/ptolemy/domains/continuous/test/auto/TimeDelay2.xml (RunModel)" time="0.025" />
  <testcase classname="ptolemy.util.test.junit.AutoTests" name="[141] /home/travis/build/icyphy/ptII/ptolemy/domains/continuous/test/auto/TimeDelay3.xml (RunModel)" time="0.014" />
  <testcase classname="ptolemy.util.test.junit.AutoTests" name="[142] /home/travis/build/icyphy/ptII/ptolemy/domains/continuous/test/auto/TransferAbsentToInside.xml (RunModel)" time="0.138" />
  <testcase classname="ptolemy.util.test.junit.AutoTests" name="[143] /home/travis/build/icyphy/ptII/ptolemy/domains/continuous/test/auto/Transmission.xml (RunModel)" time="0.777" />
  <testcase classname="ptolemy.util.test.junit.AutoTests" name="[144] /home/travis/build/icyphy/ptII/ptolemy/domains/continuous/test/auto/TriggeredContinuousClock.xml (RunModel)" time="0.07" />
  <testcase classname="ptolemy.util.test.junit.AutoTests" name="[145] /home/travis/build/icyphy/ptII/ptolemy/domains/continuous/test/auto/TwoMachineInfiniteBusControl.xml (RunModel)" time="2.777" />
  <testcase classname="ptolemy.util.test.junit.AutoTests" name="[146] /home/travis/build/icyphy/ptII/ptolemy/domains/continuous/test/auto/V2V.xml (RunModel)" time="0.816" />
  <testcase classname="ptolemy.util.test.junit.AutoTests" name="[147] /home/travis/build/icyphy/ptII/ptolemy/domains/continuous/test/auto/hierarchicalModalModel.xml (RunModel)" time="0.03" />
  <testcase classname="ptolemy.util.test.junit.AutoTests" name="[148] /home/travis/build/icyphy/ptII/ptolemy/domains/continuous/test/auto/hierarchicalModalModel1.xml (RunModel)" time="0.028" />
  <testcase classname="ptolemy.util.test.junit.AutoTests" name="[149] /home/travis/build/icyphy/ptII/ptolemy/domains/continuous/test/auto/hierarchicalModalModel2.xml (RunModel)" time="0.027" />
  <testcase classname="ptolemy.util.test.junit.AutoTests" name="[150] /home/travis/build/icyphy/ptII/ptolemy/domains/continuous/test/auto/hierarchicalModalModel3.xml (RunModel)" time="0.025" />
  <testcase classname="ptolemy.util.test.junit.AutoTests" name="[151] /home/travis/build/icyphy/ptII/ptolemy/domains/continuous/test/auto/hierarchicalModalModel4.xml (RunModel)" time="0.023" />
  <testcase classname="ptolemy.util.test.junit.AutoTests" name="[152] /home/travis/build/icyphy/ptII/ptolemy/domains/continuous/test/auto/junk.xml (RunModel)" time="0.124" />
  <system-out><![CDATA[No tcl tests in /home/travis/build/icyphy/ptII/ptolemy/domains/continuous/test
No auto/knownFailedTests/*.xml tests in /home/travis/build/icyphy/ptII/ptolemy/domains/continuous/test
No auto/linux-amd64/*.xml tests in /home/travis/build/icyphy/ptII/ptolemy/domains/continuous/test
AutoTests.java: About to close Vertx.
AutoTests.java: Vertx closed.

===========================================================================================
----------------- testing Tue Jun 16 14:39:50 UTC 2020 /home/travis/build/icyphy/ptII/ptolemy/domains/continuous/test/auto/BouncingBall.xml
----------------- Instantiating /home/travis/build/icyphy/ptII/ptolemy/domains/continuous/test/auto/BouncingBall.xml
2353 ms. Memory: 129024K Free: 114318K (89%)
----------------- Invoking toplevel() on ptolemy.moml.MoMLSimpleApplication@34cb5e90
----------------- Done invoking toplevel() on ptolemy.moml.MoMLSimpleApplication@34cb5e90
reloadAllAccessors: .BouncingBall

===========================================================================================
----------------- testing Tue Jun 16 14:39:53 UTC 2020 /home/travis/build/icyphy/ptII/ptolemy/domains/continuous/test/auto/BouncingBallWithoutGR.xml
----------------- Instantiating /home/travis/build/icyphy/ptII/ptolemy/domains/continuous/test/auto/BouncingBallWithoutGR.xml
740 ms. Memory: 155648K Free: 128527K (83%)
----------------- Invoking toplevel() on ptolemy.moml.MoMLSimpleApplication@44725ea1
----------------- Done invoking toplevel() on ptolemy.moml.MoMLSimpleApplication@44725ea1
reloadAllAccessors: .BouncingBallWithoutGR

===========================================================================================
----------------- testing Tue Jun 16 14:39:54 UTC 2020 /home/travis/build/icyphy/ptII/ptolemy/domains/continuous/test/auto/Brownian.xml
----------------- Instantiating /home/travis/build/icyphy/ptII/ptolemy/domains/continuous/test/auto/Brownian.xml
33 ms. Memory: 155648K Free: 119821K (77%)
----------------- Invoking toplevel() on ptolemy.moml.MoMLSimpleApplication@1b68b750
----------------- Done invoking toplevel() on ptolemy.moml.MoMLSimpleApplication@1b68b750
reloadAllAccessors: .Brownian

===========================================================================================
----------------- testing Tue Jun 16 14:39:54 UTC 2020 /home/travis/build/icyphy/ptII/ptolemy/domains/continuous/test/auto/CarTracking.xml
----------------- Instantiating /home/travis/build/icyphy/ptII/ptolemy/domains/continuous/test/auto/CarTracking.xml
3746 ms. Memory: 225280K Free: 169552K (75%)
----------------- Invoking toplevel() on ptolemy.moml.MoMLSimpleApplication@5c407549
----------------- Done invoking toplevel() on ptolemy.moml.MoMLSimpleApplication@5c407549
reloadAllAccessors: .CarTracking

===========================================================================================
----------------- testing Tue Jun 16 14:39:58 UTC 2020 /home/travis/build/icyphy/ptII/ptolemy/domains/continuous/test/auto/CartPendulum.xml
----------------- Instantiating /home/travis/build/icyphy/ptII/ptolemy/domains/continuous/test/auto/CartPendulum.xml
362 ms. Memory: 225280K Free: 77888K (35%)
----------------- Invoking toplevel() on ptolemy.moml.MoMLSimpleApplication@6c723cb6
----------------- Done invoking toplevel() on ptolemy.moml.MoMLSimpleApplication@6c723cb6
reloadAllAccessors: .CartPendulum

===========================================================================================
----------------- testing Tue Jun 16 14:39:59 UTC 2020 /home/travis/build/icyphy/ptII/ptolemy/domains/continuous/test/auto/CausalityInterface10.xml
----------------- Instantiating /home/travis/build/icyphy/ptII/ptolemy/domains/continuous/test/auto/CausalityInterface10.xml
10 ms. Memory: 225280K Free: 201532K (89%)
----------------- Invoking toplevel() on ptolemy.moml.MoMLSimpleApplication@3124000e
----------------- Done invoking toplevel() on ptolemy.moml.MoMLSimpleApplication@3124000e
reloadAllAccessors: .CausalityInterface10

===========================================================================================
----------------- testing Tue Jun 16 14:39:59 UTC 2020 /home/travis/build/icyphy/ptII/ptolemy/domains/continuous/test/auto/CausalityInterface11.xml
----------------- Instantiating /home/travis/build/icyphy/ptII/ptolemy/domains/continuous/test/auto/CausalityInterface11.xml
4 ms. Memory: 225280K Free: 195402K (87%)
----------------- Invoking toplevel() on ptolemy.moml.MoMLSimpleApplication@50b9ed05
----------------- Done invoking toplevel() on ptolemy.moml.MoMLSimpleApplication@50b9ed05
reloadAllAccessors: .CausalityInterface11

===========================================================================================
----------------- testing Tue Jun 16 14:39:59 UTC 2020 /home/travis/build/icyphy/ptII/ptolemy/domains/continuous/test/auto/CausalityInterface12.xml
----------------- Instantiating /home/travis/build/icyphy/ptII/ptolemy/domains/continuous/test/auto/CausalityInterface12.xml
5 ms. Memory: 225280K Free: 189244K (84%)
----------------- Invoking toplevel() on ptolemy.moml.MoMLSimpleApplication@73b8aee6
----------------- Done invoking toplevel() on ptolemy.moml.MoMLSimpleApplication@73b8aee6
reloadAllAccessors: .CausalityInterface12

===========================================================================================
----------------- testing Tue Jun 16 14:39:59 UTC 2020 /home/travis/build/icyphy/ptII/ptolemy/domains/continuous/test/auto/CausalityInterface13.xml
----------------- Instantiating /home/travis/build/icyphy/ptII/ptolemy/domains/continuous/test/auto/CausalityInterface13.xml
11 ms. Memory: 225280K Free: 183100K (81%)
----------------- Invoking toplevel() on ptolemy.moml.MoMLSimpleApplication@c476acc
----------------- Done invoking toplevel() on ptolemy.moml.MoMLSimpleApplication@c476acc
reloadAllAccessors: .CausalityInterface13

===========================================================================================
----------------- testing Tue Jun 16 14:39:59 UTC 2020 /home/travis/build/icyphy/ptII/ptolemy/domains/continuous/test/auto/CausalityInterface14.xml
----------------- Instantiating /home/travis/build/icyphy/ptII/ptolemy/domains/continuous/test/auto/CausalityInterface14.xml
5 ms. Memory: 225280K Free: 177484K (79%)
----------------- Invoking toplevel() on ptolemy.moml.MoMLSimpleApplication@2da050f
----------------- Done invoking toplevel() on ptolemy.moml.MoMLSimpleApplication@2da050f
reloadAllAccessors: .CausalityInterface14

===========================================================================================
----------------- testing Tue Jun 16 14:39:59 UTC 2020 /home/travis/build/icyphy/ptII/ptolemy/domains/continuous/test/auto/CausalityInterface4.xml
----------------- Instantiating /home/travis/build/icyphy/ptII/ptolemy/domains/continuous/test/auto/CausalityInterface4.xml
7 ms. Memory: 225280K Free: 170316K (76%)
----------------- Invoking toplevel() on ptolemy.moml.MoMLSimpleApplication@66561c2e
----------------- Done invoking toplevel() on ptolemy.moml.MoMLSimpleApplication@66561c2e
reloadAllAccessors: .CausalityInterface4

===========================================================================================
----------------- testing Tue Jun 16 14:39:59 UTC 2020 /home/travis/build/icyphy/ptII/ptolemy/domains/continuous/test/auto/CausalityInterface5.xml
----------------- Instantiating /home/travis/build/icyphy/ptII/ptolemy/domains/continuous/test/auto/CausalityInterface5.xml
9 ms. Memory: 225280K Free: 162124K (72%)
----------------- Invoking toplevel() on ptolemy.moml.MoMLSimpleApplication@3ddda64a
----------------- Done invoking toplevel() on ptolemy.moml.MoMLSimpleApplication@3ddda64a
reloadAllAccessors: .CausalityInterface5

===========================================================================================
----------------- testing Tue Jun 16 14:39:59 UTC 2020 /home/travis/build/icyphy/ptII/ptolemy/domains/continuous/test/auto/CausalityInterface6.xml
----------------- Instantiating /home/travis/build/icyphy/ptII/ptolemy/domains/continuous/test/auto/CausalityInterface6.xml
5 ms. Memory: 225280K Free: 156490K (69%)
----------------- Invoking toplevel() on ptolemy.moml.MoMLSimpleApplication@10de00aa
----------------- Done invoking toplevel() on ptolemy.moml.MoMLSimpleApplication@10de00aa
reloadAllAccessors: .CausalityInterface6

===========================================================================================
----------------- testing Tue Jun 16 14:39:59 UTC 2020 /home/travis/build/icyphy/ptII/ptolemy/domains/continuous/test/auto/CausalityInterface7.xml
----------------- Instantiating /home/travis/build/icyphy/ptII/ptolemy/domains/continuous/test/auto/CausalityInterface7.xml
16 ms. Memory: 225280K Free: 147788K (66%)
----------------- Invoking toplevel() on ptolemy.moml.MoMLSimpleApplication@18e88e22
----------------- Done invoking toplevel() on ptolemy.moml.MoMLSimpleApplication@18e88e22
reloadAllAccessors: .CausalityInterface7

===========================================================================================
----------------- testing Tue Jun 16 14:39:59 UTC 2020 /home/travis/build/icyphy/ptII/ptolemy/domains/continuous/test/auto/CausalityInterface8.xml
----------------- Instantiating /home/travis/build/icyphy/ptII/ptolemy/domains/continuous/test/auto/CausalityInterface8.xml
5 ms. Memory: 225280K Free: 139082K (62%)
----------------- Invoking toplevel() on ptolemy.moml.MoMLSimpleApplication@66d91985
----------------- Done invoking toplevel() on ptolemy.moml.MoMLSimpleApplication@66d91985
reloadAllAccessors: .CausalityInterface8

===========================================================================================
----------------- testing Tue Jun 16 14:39:59 UTC 2020 /home/travis/build/icyphy/ptII/ptolemy/domains/continuous/test/auto/CausalityInterface9.xml
----------------- Instantiating /home/travis/build/icyphy/ptII/ptolemy/domains/continuous/test/auto/CausalityInterface9.xml
5 ms. Memory: 225280K Free: 128332K (57%)
----------------- Invoking toplevel() on ptolemy.moml.MoMLSimpleApplication@22a70206
----------------- Done invoking toplevel() on ptolemy.moml.MoMLSimpleApplication@22a70206
reloadAllAccessors: .CausalityInterface9

===========================================================================================
----------------- testing Tue Jun 16 14:39:59 UTC 2020 /home/travis/build/icyphy/ptII/ptolemy/domains/continuous/test/auto/CausalityInterfaceFeedback1.xml
----------------- Instantiating /home/travis/build/icyphy/ptII/ptolemy/domains/continuous/test/auto/CausalityInterfaceFeedback1.xml
4 ms. Memory: 225280K Free: 121674K (54%)
----------------- Invoking toplevel() on ptolemy.moml.MoMLSimpleApplication@550ece5d
----------------- Done invoking toplevel() on ptolemy.moml.MoMLSimpleApplication@550ece5d
reloadAllAccessors: .CausalityInterfaceFeedback1

===========================================================================================
----------------- testing Tue Jun 16 14:40:00 UTC 2020 /home/travis/build/icyphy/ptII/ptolemy/domains/continuous/test/auto/CausalityInterfaceFeedback2.xml
----------------- Instantiating /home/travis/build/icyphy/ptII/ptolemy/domains/continuous/test/auto/CausalityInterfaceFeedback2.xml
4 ms. Memory: 225280K Free: 115020K (51%)
----------------- Invoking toplevel() on ptolemy.moml.MoMLSimpleApplication@1cee4109
----------------- Done invoking toplevel() on ptolemy.moml.MoMLSimpleApplication@1cee4109
reloadAllAccessors: .CausalityInterfaceFeedback2

===========================================================================================
----------------- testing Tue Jun 16 14:40:00 UTC 2020 /home/travis/build/icyphy/ptII/ptolemy/domains/continuous/test/auto/CompareWithCurrentTime.xml
----------------- Instantiating /home/travis/build/icyphy/ptII/ptolemy/domains/continuous/test/auto/CompareWithCurrentTime.xml
4 ms. Memory: 225280K Free: 110924K (49%)
----------------- Invoking toplevel() on ptolemy.moml.MoMLSimpleApplication@2510d515
----------------- Done invoking toplevel() on ptolemy.moml.MoMLSimpleApplication@2510d515
reloadAllAccessors: .CompareWithCurrentTime

===========================================================================================
----------------- testing Tue Jun 16 14:40:00 UTC 2020 /home/travis/build/icyphy/ptII/ptolemy/domains/continuous/test/auto/ComparedClocks.xml
----------------- Instantiating /home/travis/build/icyphy/ptII/ptolemy/domains/continuous/test/auto/ComparedClocks.xml
16 ms. Memory: 225280K Free: 95564K (42%)
----------------- Invoking toplevel() on ptolemy.moml.MoMLSimpleApplication@cbc1de1
----------------- Done invoking toplevel() on ptolemy.moml.MoMLSimpleApplication@cbc1de1
reloadAllAccessors: .ComparedClocks

===========================================================================================
----------------- testing Tue Jun 16 14:40:00 UTC 2020 /home/travis/build/icyphy/ptII/ptolemy/domains/continuous/test/auto/ContinuousAOCClone.xml
----------------- Instantiating /home/travis/build/icyphy/ptII/ptolemy/domains/continuous/test/auto/ContinuousAOCClone.xml
2277 ms. Memory: 225280K Free: 105482K (47%)
----------------- Invoking toplevel() on ptolemy.moml.MoMLSimpleApplication@6f43e41
----------------- Done invoking toplevel() on ptolemy.moml.MoMLSimpleApplication@6f43e41
reloadAllAccessors: .ContinuousAOCClone

===========================================================================================
----------------- testing Tue Jun 16 14:40:02 UTC 2020 /home/travis/build/icyphy/ptII/ptolemy/domains/continuous/test/auto/ContinuousClock.xml
----------------- Instantiating /home/travis/build/icyphy/ptII/ptolemy/domains/continuous/test/auto/ContinuousClock.xml
38 ms. Memory: 225280K Free: 84492K (38%)
----------------- Invoking toplevel() on ptolemy.moml.MoMLSimpleApplication@5e370e62
----------------- Done invoking toplevel() on ptolemy.moml.MoMLSimpleApplication@5e370e62
reloadAllAccessors: .ContinuousClock

===========================================================================================
----------------- testing Tue Jun 16 14:40:02 UTC 2020 /home/travis/build/icyphy/ptII/ptolemy/domains/continuous/test/auto/ContinuousInContinuous.xml
----------------- Instantiating /home/travis/build/icyphy/ptII/ptolemy/domains/continuous/test/auto/ContinuousInContinuous.xml
47 ms. Memory: 270336K Free: 240115K (89%)
----------------- Invoking toplevel() on ptolemy.moml.MoMLSimpleApplication@4f185f2a
----------------- Done invoking toplevel() on ptolemy.moml.MoMLSimpleApplication@4f185f2a
reloadAllAccessors: .ContinuousInContinuous

===========================================================================================
----------------- testing Tue Jun 16 14:40:03 UTC 2020 /home/travis/build/icyphy/ptII/ptolemy/domains/continuous/test/auto/ContinuousInContinuousInContinuous.xml
----------------- Instantiating /home/travis/build/icyphy/ptII/ptolemy/domains/continuous/test/auto/ContinuousInContinuousInContinuous.xml
7 ms. Memory: 270336K Free: 232443K (86%)
----------------- Invoking toplevel() on ptolemy.moml.MoMLSimpleApplication@4a5940c1
----------------- Done invoking toplevel() on ptolemy.moml.MoMLSimpleApplication@4a5940c1
reloadAllAccessors: .ContinuousInContinuousInContinuous

===========================================================================================
----------------- testing Tue Jun 16 14:40:03 UTC 2020 /home/travis/build/icyphy/ptII/ptolemy/domains/continuous/test/auto/ContinuousInDE.xml
----------------- Instantiating /home/travis/build/icyphy/ptII/ptolemy/domains/continuous/test/auto/ContinuousInDE.xml
92 ms. Memory: 270336K Free: 221689K (82%)
----------------- Invoking toplevel() on ptolemy.moml.MoMLSimpleApplication@73546c7f
----------------- Done invoking toplevel() on ptolemy.moml.MoMLSimpleApplication@73546c7f
reloadAllAccessors: .ContinuousInDE

===========================================================================================
----------------- testing Tue Jun 16 14:40:03 UTC 2020 /home/travis/build/icyphy/ptII/ptolemy/domains/continuous/test/auto/ContinuousInDE2.xml
----------------- Instantiating /home/travis/build/icyphy/ptII/ptolemy/domains/continuous/test/auto/ContinuousInDE2.xml
37 ms. Memory: 270336K Free: 211963K (78%)
----------------- Invoking toplevel() on ptolemy.moml.MoMLSimpleApplication@37fa72aa
----------------- Done invoking toplevel() on ptolemy.moml.MoMLSimpleApplication@37fa72aa
reloadAllAccessors: .ContinuousInDE2

===========================================================================================
----------------- testing Tue Jun 16 14:40:03 UTC 2020 /home/travis/build/icyphy/ptII/ptolemy/domains/continuous/test/auto/ContinuousInDE3.xml
----------------- Instantiating /home/travis/build/icyphy/ptII/ptolemy/domains/continuous/test/auto/ContinuousInDE3.xml
43 ms. Memory: 270336K Free: 202233K (75%)
----------------- Invoking toplevel() on ptolemy.moml.MoMLSimpleApplication@185478fc
----------------- Done invoking toplevel() on ptolemy.moml.MoMLSimpleApplication@185478fc
reloadAllAccessors: .ContinuousInDE3

===========================================================================================
----------------- testing Tue Jun 16 14:40:03 UTC 2020 /home/travis/build/icyphy/ptII/ptolemy/domains/continuous/test/auto/ContinuousInDE4.xml
----------------- Instantiating /home/travis/build/icyphy/ptII/ptolemy/domains/continuous/test/auto/ContinuousInDE4.xml
16 ms. Memory: 270336K Free: 196089K (73%)
----------------- Invoking toplevel() on ptolemy.moml.MoMLSimpleApplication@665252f4
----------------- Done invoking toplevel() on ptolemy.moml.MoMLSimpleApplication@665252f4
reloadAllAccessors: .ContinuousInDE4

===========================================================================================
----------------- testing Tue Jun 16 14:40:03 UTC 2020 /home/travis/build/icyphy/ptII/ptolemy/domains/continuous/test/auto/ContinuousInDEDifferentRefinements.xml
----------------- Instantiating /home/travis/build/icyphy/ptII/ptolemy/domains/continuous/test/auto/ContinuousInDEDifferentRefinements.xml
57 ms. Memory: 270336K Free: 164859K (61%)
----------------- Invoking toplevel() on ptolemy.moml.MoMLSimpleApplication@67d54ef0
----------------- Done invoking toplevel() on ptolemy.moml.MoMLSimpleApplication@67d54ef0
reloadAllAccessors: .ContinuousInDEDifferentRefinements

===========================================================================================
----------------- testing Tue Jun 16 14:40:03 UTC 2020 /home/travis/build/icyphy/ptII/ptolemy/domains/continuous/test/auto/ContinuousInDEDifferentRefinementsPreemptive.xml
----------------- Instantiating /home/travis/build/icyphy/ptII/ptolemy/domains/continuous/test/auto/ContinuousInDEDifferentRefinementsPreemptive.xml
44 ms. Memory: 270336K Free: 133625K (49%)
----------------- Invoking toplevel() on ptolemy.moml.MoMLSimpleApplication@edc859d
----------------- Done invoking toplevel() on ptolemy.moml.MoMLSimpleApplication@edc859d
reloadAllAccessors: .ContinuousInDEDifferentRefinementsPreemptive

===========================================================================================
----------------- testing Tue Jun 16 14:40:03 UTC 2020 /home/travis/build/icyphy/ptII/ptolemy/domains/continuous/test/auto/ContinuousInDEInContinuous2.xml
----------------- Instantiating /home/travis/build/icyphy/ptII/ptolemy/domains/continuous/test/auto/ContinuousInDEInContinuous2.xml
38 ms. Memory: 270336K Free: 122361K (45%)
----------------- Invoking toplevel() on ptolemy.moml.MoMLSimpleApplication@7fb59116
----------------- Done invoking toplevel() on ptolemy.moml.MoMLSimpleApplication@7fb59116
reloadAllAccessors: .ContinuousInDEInContinuous2

===========================================================================================
----------------- testing Tue Jun 16 14:40:03 UTC 2020 /home/travis/build/icyphy/ptII/ptolemy/domains/continuous/test/auto/ContinuousInDEInContinuous3.xml
----------------- Instantiating /home/travis/build/icyphy/ptII/ptolemy/domains/continuous/test/auto/ContinuousInDEInContinuous3.xml
37 ms. Memory: 270336K Free: 110587K (41%)
----------------- Invoking toplevel() on ptolemy.moml.MoMLSimpleApplication@4a250ed
----------------- Done invoking toplevel() on ptolemy.moml.MoMLSimpleApplication@4a250ed
reloadAllAccessors: .ContinuousInDEInContinuous3

===========================================================================================
----------------- testing Tue Jun 16 14:40:03 UTC 2020 /home/travis/build/icyphy/ptII/ptolemy/domains/continuous/test/auto/ContinuousInDEInput.xml
----------------- Instantiating /home/travis/build/icyphy/ptII/ptolemy/domains/continuous/test/auto/ContinuousInDEInput.xml
16 ms. Memory: 270336K Free: 103419K (38%)
----------------- Invoking toplevel() on ptolemy.moml.MoMLSimpleApplication@30832718
----------------- Done invoking toplevel() on ptolemy.moml.MoMLSimpleApplication@30832718
reloadAllAccessors: .ContinuousInDEInput

===========================================================================================
----------------- testing Tue Jun 16 14:40:03 UTC 2020 /home/travis/build/icyphy/ptII/ptolemy/domains/continuous/test/auto/ContinuousInDEInput2.xml
----------------- Instantiating /home/travis/build/icyphy/ptII/ptolemy/domains/continuous/test/auto/ContinuousInDEInput2.xml
12 ms. Memory: 270336K Free: 95737K (35%)
----------------- Invoking toplevel() on ptolemy.moml.MoMLSimpleApplication@42a1338e
----------------- Done invoking toplevel() on ptolemy.moml.MoMLSimpleApplication@42a1338e
reloadAllAccessors: .ContinuousInDEInput2

===========================================================================================
----------------- testing Tue Jun 16 14:40:03 UTC 2020 /home/travis/build/icyphy/ptII/ptolemy/domains/continuous/test/auto/ContinuousInDEInput3.xml
----------------- Instantiating /home/travis/build/icyphy/ptII/ptolemy/domains/continuous/test/auto/ContinuousInDEInput3.xml
12 ms. Memory: 270336K Free: 249306K (92%)
----------------- Invoking toplevel() on ptolemy.moml.MoMLSimpleApplication@2ea919b8
----------------- Done invoking toplevel() on ptolemy.moml.MoMLSimpleApplication@2ea919b8
reloadAllAccessors: .ContinuousInDEInput3

===========================================================================================
----------------- testing Tue Jun 16 14:40:03 UTC 2020 /home/travis/build/icyphy/ptII/ptolemy/domains/continuous/test/auto/ContinuousInDESharingRefinement.xml
----------------- Instantiating /home/travis/build/icyphy/ptII/ptolemy/domains/continuous/test/auto/ContinuousInDESharingRefinement.xml
141 ms. Memory: 270336K Free: 154588K (57%)
----------------- Invoking toplevel() on ptolemy.moml.MoMLSimpleApplication@6fddbd23
----------------- Done invoking toplevel() on ptolemy.moml.MoMLSimpleApplication@6fddbd23
reloadAllAccessors: .ContinuousInDESharingRefinement

===========================================================================================
----------------- testing Tue Jun 16 14:40:03 UTC 2020 /home/travis/build/icyphy/ptII/ptolemy/domains/continuous/test/auto/ContinuousInDEwithNoPorts.xml
----------------- Instantiating /home/travis/build/icyphy/ptII/ptolemy/domains/continuous/test/auto/ContinuousInDEwithNoPorts.xml
6 ms. Memory: 270336K Free: 150492K (56%)
----------------- Invoking toplevel() on ptolemy.moml.MoMLSimpleApplication@1f620279
----------------- Done invoking toplevel() on ptolemy.moml.MoMLSimpleApplication@1f620279
reloadAllAccessors: .ContinuousInDEwithNoPorts

===========================================================================================
----------------- testing Tue Jun 16 14:40:03 UTC 2020 /home/travis/build/icyphy/ptII/ptolemy/domains/continuous/test/auto/ContinuousInsideDE.xml
----------------- Instantiating /home/travis/build/icyphy/ptII/ptolemy/domains/continuous/test/auto/ContinuousInsideDE.xml
35 ms. Memory: 270336K Free: 138714K (51%)
----------------- Invoking toplevel() on ptolemy.moml.MoMLSimpleApplication@3a7200c3
----------------- Done invoking toplevel() on ptolemy.moml.MoMLSimpleApplication@3a7200c3
reloadAllAccessors: .ContinuousInsideDE

===========================================================================================
----------------- testing Tue Jun 16 14:40:04 UTC 2020 /home/travis/build/icyphy/ptII/ptolemy/domains/continuous/test/auto/ContinuousMerge1.xml
----------------- Instantiating /home/travis/build/icyphy/ptII/ptolemy/domains/continuous/test/auto/ContinuousMerge1.xml
3 ms. Memory: 270336K Free: 134604K (50%)
----------------- Invoking toplevel() on ptolemy.moml.MoMLSimpleApplication@b4bf9b
----------------- Done invoking toplevel() on ptolemy.moml.MoMLSimpleApplication@b4bf9b
reloadAllAccessors: .ContinuousMerge1

===========================================================================================
----------------- testing Tue Jun 16 14:40:04 UTC 2020 /home/travis/build/icyphy/ptII/ptolemy/domains/continuous/test/auto/ContinuousMerge2.xml
----------------- Instantiating /home/travis/build/icyphy/ptII/ptolemy/domains/continuous/test/auto/ContinuousMerge2.xml
15 ms. Memory: 270336K Free: 124378K (46%)
----------------- Invoking toplevel() on ptolemy.moml.MoMLSimpleApplication@5f88d73f
----------------- Done invoking toplevel() on ptolemy.moml.MoMLSimpleApplication@5f88d73f
reloadAllAccessors: .ContinuousMerge2

===========================================================================================
----------------- testing Tue Jun 16 14:40:04 UTC 2020 /home/travis/build/icyphy/ptII/ptolemy/domains/continuous/test/auto/ContinuousMerge3.xml
----------------- Instantiating /home/travis/build/icyphy/ptII/ptolemy/domains/continuous/test/auto/ContinuousMerge3.xml
41 ms. Memory: 270336K Free: 113628K (42%)
----------------- Invoking toplevel() on ptolemy.moml.MoMLSimpleApplication@432ccdb2
----------------- Done invoking toplevel() on ptolemy.moml.MoMLSimpleApplication@432ccdb2
reloadAllAccessors: .ContinuousMerge3

===========================================================================================
----------------- testing Tue Jun 16 14:40:04 UTC 2020 /home/travis/build/icyphy/ptII/ptolemy/domains/continuous/test/auto/ContinuousWithinContinuous.xml
----------------- Instantiating /home/travis/build/icyphy/ptII/ptolemy/domains/continuous/test/auto/ContinuousWithinContinuous.xml
34 ms. Memory: 270336K Free: 103898K (38%)
----------------- Invoking toplevel() on ptolemy.moml.MoMLSimpleApplication@3dbc65d3
----------------- Done invoking toplevel() on ptolemy.moml.MoMLSimpleApplication@3dbc65d3
reloadAllAccessors: .ContinuousWithinContinuous

===========================================================================================
----------------- testing Tue Jun 16 14:40:04 UTC 2020 /home/travis/build/icyphy/ptII/ptolemy/domains/continuous/test/auto/ContinuousWithinContinuous2.xml
----------------- Instantiating /home/travis/build/icyphy/ptII/ptolemy/domains/continuous/test/auto/ContinuousWithinContinuous2.xml
67 ms. Memory: 270336K Free: 253893K (94%)
----------------- Invoking toplevel() on ptolemy.moml.MoMLSimpleApplication@78f695ac
----------------- Done invoking toplevel() on ptolemy.moml.MoMLSimpleApplication@78f695ac
reloadAllAccessors: .ContinuousWithinContinuous2

===========================================================================================
----------------- testing Tue Jun 16 14:40:04 UTC 2020 /home/travis/build/icyphy/ptII/ptolemy/domains/continuous/test/auto/ContinuousWithinContinuous3.xml
----------------- Instantiating /home/travis/build/icyphy/ptII/ptolemy/domains/continuous/test/auto/ContinuousWithinContinuous3.xml
12 ms. Memory: 270336K Free: 246525K (91%)
----------------- Invoking toplevel() on ptolemy.moml.MoMLSimpleApplication@b030a0e
----------------- Done invoking toplevel() on ptolemy.moml.MoMLSimpleApplication@b030a0e
reloadAllAccessors: .ContinuousWithinContinuous3

===========================================================================================
----------------- testing Tue Jun 16 14:40:04 UTC 2020 /home/travis/build/icyphy/ptII/ptolemy/domains/continuous/test/auto/ContinuousWithinContinuous4.xml
----------------- Instantiating /home/travis/build/icyphy/ptII/ptolemy/domains/continuous/test/auto/ContinuousWithinContinuous4.xml
61 ms. Memory: 270336K Free: 234237K (87%)
----------------- Invoking toplevel() on ptolemy.moml.MoMLSimpleApplication@411eb32f
----------------- Done invoking toplevel() on ptolemy.moml.MoMLSimpleApplication@411eb32f
reloadAllAccessors: .ContinuousWithinContinuous4

===========================================================================================
----------------- testing Tue Jun 16 14:40:04 UTC 2020 /home/travis/build/icyphy/ptII/ptolemy/domains/continuous/test/auto/ContinuousWithinContinuous5.xml
----------------- Instantiating /home/travis/build/icyphy/ptII/ptolemy/domains/continuous/test/auto/ContinuousWithinContinuous5.xml
17 ms. Memory: 270336K Free: 227069K (84%)
----------------- Invoking toplevel() on ptolemy.moml.MoMLSimpleApplication@6ce952b5
----------------- Done invoking toplevel() on ptolemy.moml.MoMLSimpleApplication@6ce952b5
reloadAllAccessors: .ContinuousWithinContinuous5

===========================================================================================
----------------- testing Tue Jun 16 14:40:04 UTC 2020 /home/travis/build/icyphy/ptII/ptolemy/domains/continuous/test/auto/ContinuousWithinContinuous6.xml
----------------- Instantiating /home/travis/build/icyphy/ptII/ptolemy/domains/continuous/test/auto/ContinuousWithinContinuous6.xml
10 ms. Memory: 270336K Free: 219901K (81%)
----------------- Invoking toplevel() on ptolemy.moml.MoMLSimpleApplication@3428aa41
----------------- Done invoking toplevel() on ptolemy.moml.MoMLSimpleApplication@3428aa41
reloadAllAccessors: .ContinuousWithinContinuous6

===========================================================================================
----------------- testing Tue Jun 16 14:40:04 UTC 2020 /home/travis/build/icyphy/ptII/ptolemy/domains/continuous/test/auto/ContinuousWithinContinuous7.xml
----------------- Instantiating /home/travis/build/icyphy/ptII/ptolemy/domains/continuous/test/auto/ContinuousWithinContinuous7.xml
52 ms. Memory: 270336K Free: 208637K (77%)
----------------- Invoking toplevel() on ptolemy.moml.MoMLSimpleApplication@5b85e191
----------------- Done invoking toplevel() on ptolemy.moml.MoMLSimpleApplication@5b85e191
reloadAllAccessors: .ContinuousWithinContinuous7

===========================================================================================
----------------- testing Tue Jun 16 14:40:04 UTC 2020 /home/travis/build/icyphy/ptII/ptolemy/domains/continuous/test/auto/DCMotor.xml
----------------- Instantiating /home/travis/build/icyphy/ptII/ptolemy/domains/continuous/test/auto/DCMotor.xml
13373 ms. Memory: 270336K Free: 153700K (57%)
----------------- Invoking toplevel() on ptolemy.moml.MoMLSimpleApplication@394c94cb
----------------- Done invoking toplevel() on ptolemy.moml.MoMLSimpleApplication@394c94cb
reloadAllAccessors: .DCMotor

===========================================================================================
----------------- testing Tue Jun 16 14:40:18 UTC 2020 /home/travis/build/icyphy/ptII/ptolemy/domains/continuous/test/auto/DEInContinuous.xml
----------------- Instantiating /home/travis/build/icyphy/ptII/ptolemy/domains/continuous/test/auto/DEInContinuous.xml
16 ms. Memory: 270336K Free: 147556K (55%)
----------------- Invoking toplevel() on ptolemy.moml.MoMLSimpleApplication@46357557
----------------- Done invoking toplevel() on ptolemy.moml.MoMLSimpleApplication@46357557
reloadAllAccessors: .DEInContinuous

===========================================================================================
----------------- testing Tue Jun 16 14:40:18 UTC 2020 /home/travis/build/icyphy/ptII/ptolemy/domains/continuous/test/auto/DEinContinuous2.xml
----------------- Instantiating /home/travis/build/icyphy/ptII/ptolemy/domains/continuous/test/auto/DEinContinuous2.xml
6 ms. Memory: 270336K Free: 139878K (52%)
----------------- Invoking toplevel() on ptolemy.moml.MoMLSimpleApplication@5c516938
----------------- Done invoking toplevel() on ptolemy.moml.MoMLSimpleApplication@5c516938
reloadAllAccessors: .DEinContinuous2

===========================================================================================
----------------- testing Tue Jun 16 14:40:18 UTC 2020 /home/travis/build/icyphy/ptII/ptolemy/domains/continuous/test/auto/Derivative.xml
----------------- Instantiating /home/travis/build/icyphy/ptII/ptolemy/domains/continuous/test/auto/Derivative.xml
120 ms. Memory: 270336K Free: 110182K (41%)
----------------- Invoking toplevel() on ptolemy.moml.MoMLSimpleApplication@5f2da993
----------------- Done invoking toplevel() on ptolemy.moml.MoMLSimpleApplication@5f2da993
reloadAllAccessors: .Derivative2

===========================================================================================
----------------- testing Tue Jun 16 14:40:18 UTC 2020 /home/travis/build/icyphy/ptII/ptolemy/domains/continuous/test/auto/Derivative1.xml
----------------- Instantiating /home/travis/build/icyphy/ptII/ptolemy/domains/continuous/test/auto/Derivative1.xml
15 ms. Memory: 270336K Free: 95846K (35%)
----------------- Invoking toplevel() on ptolemy.moml.MoMLSimpleApplication@28e026b9
----------------- Done invoking toplevel() on ptolemy.moml.MoMLSimpleApplication@28e026b9
reloadAllAccessors: .Derivative1

===========================================================================================
----------------- testing Tue Jun 16 14:40:18 UTC 2020 /home/travis/build/icyphy/ptII/ptolemy/domains/continuous/test/auto/DiscreteClock.xml
----------------- Instantiating /home/travis/build/icyphy/ptII/ptolemy/domains/continuous/test/auto/DiscreteClock.xml
3 ms. Memory: 270336K Free: 251221K (93%)
----------------- Invoking toplevel() on ptolemy.moml.MoMLSimpleApplication@19f7554a
----------------- Done invoking toplevel() on ptolemy.moml.MoMLSimpleApplication@19f7554a
reloadAllAccessors: .DiscreteClock

===========================================================================================
----------------- testing Tue Jun 16 14:40:18 UTC 2020 /home/travis/build/icyphy/ptII/ptolemy/domains/continuous/test/auto/EfficiencyCurve.xml
----------------- Instantiating /home/travis/build/icyphy/ptII/ptolemy/domains/continuous/test/auto/EfficiencyCurve.xml
44 ms. Memory: 270336K Free: 241491K (89%)
----------------- Invoking toplevel() on ptolemy.moml.MoMLSimpleApplication@32171fbb
----------------- Done invoking toplevel() on ptolemy.moml.MoMLSimpleApplication@32171fbb
reloadAllAccessors: .EfficiencyCurve

===========================================================================================
----------------- testing Tue Jun 16 14:40:18 UTC 2020 /home/travis/build/icyphy/ptII/ptolemy/domains/continuous/test/auto/ExponentialResponse.xml
----------------- Instantiating /home/travis/build/icyphy/ptII/ptolemy/domains/continuous/test/auto/ExponentialResponse.xml
90 ms. Memory: 270336K Free: 225621K (83%)
----------------- Invoking toplevel() on ptolemy.moml.MoMLSimpleApplication@717153c
----------------- Done invoking toplevel() on ptolemy.moml.MoMLSimpleApplication@717153c
reloadAllAccessors: .ExponentialResponse

===========================================================================================
----------------- testing Tue Jun 16 14:40:18 UTC 2020 /home/travis/build/icyphy/ptII/ptolemy/domains/continuous/test/auto/ExponentialResponseRK45.xml
----------------- Instantiating /home/travis/build/icyphy/ptII/ptolemy/domains/continuous/test/auto/ExponentialResponseRK45.xml
20 ms. Memory: 270336K Free: 218963K (81%)
----------------- Invoking toplevel() on ptolemy.moml.MoMLSimpleApplication@5e1cab23
----------------- Done invoking toplevel() on ptolemy.moml.MoMLSimpleApplication@5e1cab23
reloadAllAccessors: .ExponentialResponseRK45

===========================================================================================
----------------- testing Tue Jun 16 14:40:18 UTC 2020 /home/travis/build/icyphy/ptII/ptolemy/domains/continuous/test/auto/Friction.xml
----------------- Instantiating /home/travis/build/icyphy/ptII/ptolemy/domains/continuous/test/auto/Friction.xml
1445 ms. Memory: 270336K Free: 113387K (42%)
----------------- Invoking toplevel() on ptolemy.moml.MoMLSimpleApplication@2fb39767
----------------- Done invoking toplevel() on ptolemy.moml.MoMLSimpleApplication@2fb39767
reloadAllAccessors: .Friction

===========================================================================================
----------------- testing Tue Jun 16 14:40:20 UTC 2020 /home/travis/build/icyphy/ptII/ptolemy/domains/continuous/test/auto/FurutaPendulum.xml
----------------- Instantiating /home/travis/build/icyphy/ptII/ptolemy/domains/continuous/test/auto/FurutaPendulum.xml
3069 ms. Memory: 270336K Free: 93243K (34%)
----------------- Invoking toplevel() on ptolemy.moml.MoMLSimpleApplication@3f6055ab
----------------- Done invoking toplevel() on ptolemy.moml.MoMLSimpleApplication@3f6055ab
reloadAllAccessors: .FurutaPendulum

===========================================================================================
----------------- testing Tue Jun 16 14:40:23 UTC 2020 /home/travis/build/icyphy/ptII/ptolemy/domains/continuous/test/auto/HierarchicalExecution.xml
----------------- Instantiating /home/travis/build/icyphy/ptII/ptolemy/domains/continuous/test/auto/HierarchicalExecution.xml
1599 ms. Memory: 324608K Free: 185109K (57%)
----------------- Invoking toplevel() on ptolemy.moml.MoMLSimpleApplication@64ad9ffe
----------------- Done invoking toplevel() on ptolemy.moml.MoMLSimpleApplication@64ad9ffe
reloadAllAccessors: .HierarchicalExecution

===========================================================================================
----------------- testing Tue Jun 16 14:40:25 UTC 2020 /home/travis/build/icyphy/ptII/ptolemy/domains/continuous/test/auto/HybridPlant.xml
----------------- Instantiating /home/travis/build/icyphy/ptII/ptolemy/domains/continuous/test/auto/HybridPlant.xml
539 ms. Memory: 324608K Free: 307274K (95%)
----------------- Invoking toplevel() on ptolemy.moml.MoMLSimpleApplication@50dc413d
----------------- Done invoking toplevel() on ptolemy.moml.MoMLSimpleApplication@50dc413d
reloadAllAccessors: .HybridPlant

===========================================================================================
----------------- testing Tue Jun 16 14:40:25 UTC 2020 /home/travis/build/icyphy/ptII/ptolemy/domains/continuous/test/auto/Hysteresis.xml
----------------- Instantiating /home/travis/build/icyphy/ptII/ptolemy/domains/continuous/test/auto/Hysteresis.xml
143 ms. Memory: 324608K Free: 244824K (75%)
----------------- Invoking toplevel() on ptolemy.moml.MoMLSimpleApplication@61458f57
----------------- Done invoking toplevel() on ptolemy.moml.MoMLSimpleApplication@61458f57
reloadAllAccessors: .Hysteresis

===========================================================================================
----------------- testing Tue Jun 16 14:40:26 UTC 2020 /home/travis/build/icyphy/ptII/ptolemy/domains/continuous/test/auto/HysteresisWithRandomDelay.xml
----------------- Instantiating /home/travis/build/icyphy/ptII/ptolemy/domains/continuous/test/auto/HysteresisWithRandomDelay.xml
172 ms. Memory: 324608K Free: 174168K (54%)
----------------- Invoking toplevel() on ptolemy.moml.MoMLSimpleApplication@250151be
----------------- Done invoking toplevel() on ptolemy.moml.MoMLSimpleApplication@250151be
reloadAllAccessors: .HysteresisWithRandomDelay

===========================================================================================
----------------- testing Tue Jun 16 14:40:26 UTC 2020 /home/travis/build/icyphy/ptII/ptolemy/domains/continuous/test/auto/HysteresisWithRandomLosses.xml
----------------- Instantiating /home/travis/build/icyphy/ptII/ptolemy/domains/continuous/test/auto/HysteresisWithRandomLosses.xml
2295 ms. Memory: 324608K Free: 206299K (64%)
----------------- Invoking toplevel() on ptolemy.moml.MoMLSimpleApplication@22c172f4
----------------- Done invoking toplevel() on ptolemy.moml.MoMLSimpleApplication@22c172f4
reloadAllAccessors: .HysteresisWithRandomLosses

===========================================================================================
----------------- testing Tue Jun 16 14:40:28 UTC 2020 /home/travis/build/icyphy/ptII/ptolemy/domains/continuous/test/auto/ImmediateTransitions.xml
----------------- Instantiating /home/travis/build/icyphy/ptII/ptolemy/domains/continuous/test/auto/ImmediateTransitions.xml
10 ms. Memory: 324608K Free: 195011K (60%)
----------------- Invoking toplevel() on ptolemy.moml.MoMLSimpleApplication@5fc18835
----------------- Done invoking toplevel() on ptolemy.moml.MoMLSimpleApplication@5fc18835
reloadAllAccessors: .ImmediateTransitions

===========================================================================================
----------------- testing Tue Jun 16 14:40:28 UTC 2020 /home/travis/build/icyphy/ptII/ptolemy/domains/continuous/test/auto/ImpulseFeedback.xml
----------------- Instantiating /home/travis/build/icyphy/ptII/ptolemy/domains/continuous/test/auto/ImpulseFeedback.xml
7 ms. Memory: 324608K Free: 189411K (58%)
----------------- Invoking toplevel() on ptolemy.moml.MoMLSimpleApplication@36172fcd
----------------- Done invoking toplevel() on ptolemy.moml.MoMLSimpleApplication@36172fcd
reloadAllAccessors: .ImpulseFeedback

===========================================================================================
----------------- testing Tue Jun 16 14:40:28 UTC 2020 /home/travis/build/icyphy/ptII/ptolemy/domains/continuous/test/auto/ImpulseFeedback2.xml
----------------- Instantiating /home/travis/build/icyphy/ptII/ptolemy/domains/continuous/test/auto/ImpulseFeedback2.xml
6 ms. Memory: 324608K Free: 183777K (57%)
----------------- Invoking toplevel() on ptolemy.moml.MoMLSimpleApplication@10572abc
----------------- Done invoking toplevel() on ptolemy.moml.MoMLSimpleApplication@10572abc
reloadAllAccessors: .ImpulseFeedback2

===========================================================================================
----------------- testing Tue Jun 16 14:40:28 UTC 2020 /home/travis/build/icyphy/ptII/ptolemy/domains/continuous/test/auto/IncreasingRatePoisson.xml
----------------- Instantiating /home/travis/build/icyphy/ptII/ptolemy/domains/continuous/test/auto/IncreasingRatePoisson.xml
705 ms. Memory: 324608K Free: 248257K (76%)
----------------- Invoking toplevel() on ptolemy.moml.MoMLSimpleApplication@31ab30d7
----------------- Done invoking toplevel() on ptolemy.moml.MoMLSimpleApplication@31ab30d7
reloadAllAccessors: .IncreasingRatePoisson

===========================================================================================
----------------- testing Tue Jun 16 14:40:29 UTC 2020 /home/travis/build/icyphy/ptII/ptolemy/domains/continuous/test/auto/InitialStateFeedback.xml
----------------- Instantiating /home/travis/build/icyphy/ptII/ptolemy/domains/continuous/test/auto/InitialStateFeedback.xml
6 ms. Memory: 324608K Free: 243665K (75%)
----------------- Invoking toplevel() on ptolemy.moml.MoMLSimpleApplication@1e5416bc
----------------- Done invoking toplevel() on ptolemy.moml.MoMLSimpleApplication@1e5416bc
reloadAllAccessors: .InitialStateFeedback

===========================================================================================
----------------- testing Tue Jun 16 14:40:29 UTC 2020 /home/travis/build/icyphy/ptII/ptolemy/domains/continuous/test/auto/Integration.xml
----------------- Instantiating /home/travis/build/icyphy/ptII/ptolemy/domains/continuous/test/auto/Integration.xml
2 ms. Memory: 324608K Free: 239569K (74%)
----------------- Invoking toplevel() on ptolemy.moml.MoMLSimpleApplication@32cc9e4
----------------- Done invoking toplevel() on ptolemy.moml.MoMLSimpleApplication@32cc9e4
reloadAllAccessors: .Integration

===========================================================================================
----------------- testing Tue Jun 16 14:40:29 UTC 2020 /home/travis/build/icyphy/ptII/ptolemy/domains/continuous/test/auto/Integration2.xml
----------------- Instantiating /home/travis/build/icyphy/ptII/ptolemy/domains/continuous/test/auto/Integration2.xml
67 ms. Memory: 324608K Free: 225233K (69%)
----------------- Invoking toplevel() on ptolemy.moml.MoMLSimpleApplication@3b2a5aa2
----------------- Done invoking toplevel() on ptolemy.moml.MoMLSimpleApplication@3b2a5aa2
reloadAllAccessors: .Integration2

===========================================================================================
----------------- testing Tue Jun 16 14:40:29 UTC 2020 /home/travis/build/icyphy/ptII/ptolemy/domains/continuous/test/auto/Integration3.xml
----------------- Instantiating /home/travis/build/icyphy/ptII/ptolemy/domains/continuous/test/auto/Integration3.xml
2 ms. Memory: 324608K Free: 220609K (68%)
----------------- Invoking toplevel() on ptolemy.moml.MoMLSimpleApplication@68897df1
----------------- Done invoking toplevel() on ptolemy.moml.MoMLSimpleApplication@68897df1
reloadAllAccessors: .Integration3

===========================================================================================
----------------- testing Tue Jun 16 14:40:29 UTC 2020 /home/travis/build/icyphy/ptII/ptolemy/domains/continuous/test/auto/Integration5.xml
----------------- Instantiating /home/travis/build/icyphy/ptII/ptolemy/domains/continuous/test/auto/Integration5.xml
2 ms. Memory: 324608K Free: 216527K (67%)
----------------- Invoking toplevel() on ptolemy.moml.MoMLSimpleApplication@6a7a92b1
----------------- Done invoking toplevel() on ptolemy.moml.MoMLSimpleApplication@6a7a92b1
reloadAllAccessors: .Integration5

===========================================================================================
----------------- testing Tue Jun 16 14:40:29 UTC 2020 /home/travis/build/icyphy/ptII/ptolemy/domains/continuous/test/auto/IntegratorImpulse.xml
----------------- Instantiating /home/travis/build/icyphy/ptII/ptolemy/domains/continuous/test/auto/IntegratorImpulse.xml
2 ms. Memory: 324608K Free: 212401K (65%)
----------------- Invoking toplevel() on ptolemy.moml.MoMLSimpleApplication@4e852344
----------------- Done invoking toplevel() on ptolemy.moml.MoMLSimpleApplication@4e852344
reloadAllAccessors: .IntegratorImpulse

===========================================================================================
----------------- testing Tue Jun 16 14:40:29 UTC 2020 /home/travis/build/icyphy/ptII/ptolemy/domains/continuous/test/auto/IntegratorImpulse2.xml
----------------- Instantiating /home/travis/build/icyphy/ptII/ptolemy/domains/continuous/test/auto/IntegratorImpulse2.xml
4 ms. Memory: 324608K Free: 207825K (64%)
----------------- Invoking toplevel() on ptolemy.moml.MoMLSimpleApplication@3a12fed8
----------------- Done invoking toplevel() on ptolemy.moml.MoMLSimpleApplication@3a12fed8
reloadAllAccessors: .IntegratorImpulse2

===========================================================================================
----------------- testing Tue Jun 16 14:40:29 UTC 2020 /home/travis/build/icyphy/ptII/ptolemy/domains/continuous/test/auto/LevelCrossing1.xml
----------------- Instantiating /home/travis/build/icyphy/ptII/ptolemy/domains/continuous/test/auto/LevelCrossing1.xml
6 ms. Memory: 324608K Free: 202705K (62%)
----------------- Invoking toplevel() on ptolemy.moml.MoMLSimpleApplication@3fb35b80
----------------- Done invoking toplevel() on ptolemy.moml.MoMLSimpleApplication@3fb35b80
reloadAllAccessors: .LevelCrossing1

===========================================================================================
----------------- testing Tue Jun 16 14:40:29 UTC 2020 /home/travis/build/icyphy/ptII/ptolemy/domains/continuous/test/auto/LevelCrossing2.xml
----------------- Instantiating /home/travis/build/icyphy/ptII/ptolemy/domains/continuous/test/auto/LevelCrossing2.xml
2 ms. Memory: 324608K Free: 197585K (61%)
----------------- Invoking toplevel() on ptolemy.moml.MoMLSimpleApplication@6869c6ff
----------------- Done invoking toplevel() on ptolemy.moml.MoMLSimpleApplication@6869c6ff
reloadAllAccessors: .LevelCrossing2

===========================================================================================
----------------- testing Tue Jun 16 14:40:29 UTC 2020 /home/travis/build/icyphy/ptII/ptolemy/domains/continuous/test/auto/LevelCrossing3.xml
----------------- Instantiating /home/travis/build/icyphy/ptII/ptolemy/domains/continuous/test/auto/LevelCrossing3.xml
2 ms. Memory: 324608K Free: 192465K (59%)
----------------- Invoking toplevel() on ptolemy.moml.MoMLSimpleApplication@22a90856
----------------- Done invoking toplevel() on ptolemy.moml.MoMLSimpleApplication@22a90856
reloadAllAccessors: .LevelCrossing3

===========================================================================================
----------------- testing Tue Jun 16 14:40:29 UTC 2020 /home/travis/build/icyphy/ptII/ptolemy/domains/continuous/test/auto/LevelCrossing4.xml
----------------- Instantiating /home/travis/build/icyphy/ptII/ptolemy/domains/continuous/test/auto/LevelCrossing4.xml
4 ms. Memory: 324608K Free: 187345K (58%)
----------------- Invoking toplevel() on ptolemy.moml.MoMLSimpleApplication@30c1b90a
----------------- Done invoking toplevel() on ptolemy.moml.MoMLSimpleApplication@30c1b90a
reloadAllAccessors: .LevelCrossing4

===========================================================================================
----------------- testing Tue Jun 16 14:40:29 UTC 2020 /home/travis/build/icyphy/ptII/ptolemy/domains/continuous/test/auto/LevelCrossing5.xml
----------------- Instantiating /home/travis/build/icyphy/ptII/ptolemy/domains/continuous/test/auto/LevelCrossing5.xml
3 ms. Memory: 324608K Free: 182225K (56%)
----------------- Invoking toplevel() on ptolemy.moml.MoMLSimpleApplication@2a69504d
----------------- Done invoking toplevel() on ptolemy.moml.MoMLSimpleApplication@2a69504d
reloadAllAccessors: .LevelCrossing5

===========================================================================================
[...]
reloadAllAccessors: .ResetTransitionWithStartTime6

===========================================================================================
----------------- testing Tue Jun 16 14:40:45 UTC 2020 /home/travis/build/icyphy/ptII/ptolemy/domains/continuous/test/auto/SRinContinuous.xml
----------------- Instantiating /home/travis/build/icyphy/ptII/ptolemy/domains/continuous/test/auto/SRinContinuous.xml
5 ms. Memory: 324608K Free: 291322K (90%)
----------------- Invoking toplevel() on ptolemy.moml.MoMLSimpleApplication@176f61c4
----------------- Done invoking toplevel() on ptolemy.moml.MoMLSimpleApplication@176f61c4
reloadAllAccessors: .SRinContinuous

===========================================================================================
----------------- testing Tue Jun 16 14:40:45 UTC 2020 /home/travis/build/icyphy/ptII/ptolemy/domains/continuous/test/auto/SampledClocks.xml
----------------- Instantiating /home/travis/build/icyphy/ptII/ptolemy/domains/continuous/test/auto/SampledClocks.xml
6 ms. Memory: 324608K Free: 278520K (86%)
----------------- Invoking toplevel() on ptolemy.moml.MoMLSimpleApplication@7da91c03
----------------- Done invoking toplevel() on ptolemy.moml.MoMLSimpleApplication@7da91c03
reloadAllAccessors: .SampledClocks

===========================================================================================
----------------- testing Tue Jun 16 14:40:45 UTC 2020 /home/travis/build/icyphy/ptII/ptolemy/domains/continuous/test/auto/Satellite.xml
----------------- Instantiating /home/travis/build/icyphy/ptII/ptolemy/domains/continuous/test/auto/Satellite.xml
604 ms. Memory: 324608K Free: 274754K (85%)
----------------- Invoking toplevel() on ptolemy.moml.MoMLSimpleApplication@613c032b
----------------- Done invoking toplevel() on ptolemy.moml.MoMLSimpleApplication@613c032b
reloadAllAccessors: .Satellite

===========================================================================================
----------------- testing Tue Jun 16 14:40:45 UTC 2020 /home/travis/build/icyphy/ptII/ptolemy/domains/continuous/test/auto/SigmaDelta.xml
----------------- Instantiating /home/travis/build/icyphy/ptII/ptolemy/domains/continuous/test/auto/SigmaDelta.xml
2023 ms. Memory: 324608K Free: 203201K (63%)
----------------- Invoking toplevel() on ptolemy.moml.MoMLSimpleApplication@2be3d33c
----------------- Done invoking toplevel() on ptolemy.moml.MoMLSimpleApplication@2be3d33c
reloadAllAccessors: .SigmaDelta

===========================================================================================
----------------- testing Tue Jun 16 14:40:48 UTC 2020 /home/travis/build/icyphy/ptII/ptolemy/domains/continuous/test/auto/SingleRefinement.xml
----------------- Instantiating /home/travis/build/icyphy/ptII/ptolemy/domains/continuous/test/auto/SingleRefinement.xml
307 ms. Memory: 324608K Free: 214465K (66%)
----------------- Invoking toplevel() on ptolemy.moml.MoMLSimpleApplication@6cc3e40
----------------- Done invoking toplevel() on ptolemy.moml.MoMLSimpleApplication@6cc3e40
reloadAllAccessors: .SingleRefinement

===========================================================================================
----------------- testing Tue Jun 16 14:40:48 UTC 2020 /home/travis/build/icyphy/ptII/ptolemy/domains/continuous/test/auto/SinuBouncingBall.xml
----------------- Instantiating /home/travis/build/icyphy/ptII/ptolemy/domains/continuous/test/auto/SinuBouncingBall.xml
752 ms. Memory: 324608K Free: 193590K (60%)
----------------- Invoking toplevel() on ptolemy.moml.MoMLSimpleApplication@54e91b39
----------------- Done invoking toplevel() on ptolemy.moml.MoMLSimpleApplication@54e91b39
reloadAllAccessors: .SinuBouncingBall

===========================================================================================
----------------- testing Tue Jun 16 14:40:49 UTC 2020 /home/travis/build/icyphy/ptII/ptolemy/domains/continuous/test/auto/Sinusoid.xml
----------------- Instantiating /home/travis/build/icyphy/ptII/ptolemy/domains/continuous/test/auto/Sinusoid.xml
4 ms. Memory: 324608K Free: 188966K (58%)
----------------- Invoking toplevel() on ptolemy.moml.MoMLSimpleApplication@71b58192
----------------- Done invoking toplevel() on ptolemy.moml.MoMLSimpleApplication@71b58192
reloadAllAccessors: .Sinusoid

===========================================================================================
----------------- testing Tue Jun 16 14:40:49 UTC 2020 /home/travis/build/icyphy/ptII/ptolemy/domains/continuous/test/auto/SinusoidInNoise.xml
----------------- Instantiating /home/travis/build/icyphy/ptII/ptolemy/domains/continuous/test/auto/SinusoidInNoise.xml
810 ms. Memory: 324608K Free: 244146K (75%)
----------------- Invoking toplevel() on ptolemy.moml.MoMLSimpleApplication@583fd9de
----------------- Done invoking toplevel() on ptolemy.moml.MoMLSimpleApplication@583fd9de
reloadAllAccessors: .SinusoidInNoise

===========================================================================================
----------------- testing Tue Jun 16 14:40:50 UTC 2020 /home/travis/build/icyphy/ptII/ptolemy/domains/continuous/test/auto/SinusoidRK45.xml
----------------- Instantiating /home/travis/build/icyphy/ptII/ptolemy/domains/continuous/test/auto/SinusoidRK45.xml
2 ms. Memory: 324608K Free: 239540K (74%)
----------------- Invoking toplevel() on ptolemy.moml.MoMLSimpleApplication@7484b45b
----------------- Done invoking toplevel() on ptolemy.moml.MoMLSimpleApplication@7484b45b
reloadAllAccessors: .SinusoidRK45

===========================================================================================
----------------- testing Tue Jun 16 14:40:50 UTC 2020 /home/travis/build/icyphy/ptII/ptolemy/domains/continuous/test/auto/SinusoidWithMultipleImpulses.xml
----------------- Instantiating /home/travis/build/icyphy/ptII/ptolemy/domains/continuous/test/auto/SinusoidWithMultipleImpulses.xml
3 ms. Memory: 324608K Free: 234930K (72%)
----------------- Invoking toplevel() on ptolemy.moml.MoMLSimpleApplication@698e1eef
----------------- Done invoking toplevel() on ptolemy.moml.MoMLSimpleApplication@698e1eef
reloadAllAccessors: .SinusoidWithMultipleImpulses

===========================================================================================
----------------- testing Tue Jun 16 14:40:50 UTC 2020 /home/travis/build/icyphy/ptII/ptolemy/domains/continuous/test/auto/SquareWave.xml
----------------- Instantiating /home/travis/build/icyphy/ptII/ptolemy/domains/continuous/test/auto/SquareWave.xml
118 ms. Memory: 324608K Free: 207796K (64%)
----------------- Invoking toplevel() on ptolemy.moml.MoMLSimpleApplication@3783c77f
----------------- Done invoking toplevel() on ptolemy.moml.MoMLSimpleApplication@3783c77f
reloadAllAccessors: .SquareWave

===========================================================================================
----------------- testing Tue Jun 16 14:40:50 UTC 2020 /home/travis/build/icyphy/ptII/ptolemy/domains/continuous/test/auto/Starmac.xml
----------------- Instantiating /home/travis/build/icyphy/ptII/ptolemy/domains/continuous/test/auto/Starmac.xml
3043 ms. Memory: 324608K Free: 273540K (84%)
----------------- Invoking toplevel() on ptolemy.moml.MoMLSimpleApplication@762c6131
----------------- Done invoking toplevel() on ptolemy.moml.MoMLSimpleApplication@762c6131
reloadAllAccessors: .Starmac

===========================================================================================
----------------- testing Tue Jun 16 14:40:53 UTC 2020 /home/travis/build/icyphy/ptII/ptolemy/domains/continuous/test/auto/StaticUnits.xml
----------------- Instantiating /home/travis/build/icyphy/ptII/ptolemy/domains/continuous/test/auto/StaticUnits.xml
1705 ms. Memory: 324608K Free: 182672K (56%)
----------------- Invoking toplevel() on ptolemy.moml.MoMLSimpleApplication@43546723
----------------- Done invoking toplevel() on ptolemy.moml.MoMLSimpleApplication@43546723
reloadAllAccessors: .StaticUnits

===========================================================================================
----------------- testing Tue Jun 16 14:40:56 UTC 2020 /home/travis/build/icyphy/ptII/ptolemy/domains/continuous/test/auto/StickyMasses.xml
----------------- Instantiating /home/travis/build/icyphy/ptII/ptolemy/domains/continuous/test/auto/StickyMasses.xml
291 ms. Memory: 324608K Free: 133520K (41%)
----------------- Invoking toplevel() on ptolemy.moml.MoMLSimpleApplication@452c7e72
----------------- Done invoking toplevel() on ptolemy.moml.MoMLSimpleApplication@452c7e72
reloadAllAccessors: .StickyMasses

===========================================================================================
----------------- testing Tue Jun 16 14:40:56 UTC 2020 /home/travis/build/icyphy/ptII/ptolemy/domains/continuous/test/auto/StopTime.xml
----------------- Instantiating /home/travis/build/icyphy/ptII/ptolemy/domains/continuous/test/auto/StopTime.xml
55 ms. Memory: 324608K Free: 298325K (92%)
----------------- Invoking toplevel() on ptolemy.moml.MoMLSimpleApplication@292aab23
----------------- Done invoking toplevel() on ptolemy.moml.MoMLSimpleApplication@292aab23
reloadAllAccessors: .StopTime

===========================================================================================
----------------- testing Tue Jun 16 14:40:56 UTC 2020 /home/travis/build/icyphy/ptII/ptolemy/domains/continuous/test/auto/StopTime2.xml
----------------- Instantiating /home/travis/build/icyphy/ptII/ptolemy/domains/continuous/test/auto/StopTime2.xml
32 ms. Memory: 324608K Free: 275797K (85%)
----------------- Invoking toplevel() on ptolemy.moml.MoMLSimpleApplication@1f9ca056
----------------- Done invoking toplevel() on ptolemy.moml.MoMLSimpleApplication@1f9ca056
reloadAllAccessors: .StopTime2

===========================================================================================
----------------- testing Tue Jun 16 14:40:56 UTC 2020 /home/travis/build/icyphy/ptII/ptolemy/domains/continuous/test/auto/Switch.xml
----------------- Instantiating /home/travis/build/icyphy/ptII/ptolemy/domains/continuous/test/auto/Switch.xml
44 ms. Memory: 324608K Free: 250701K (77%)
----------------- Invoking toplevel() on ptolemy.moml.MoMLSimpleApplication@311ea44e
----------------- Done invoking toplevel() on ptolemy.moml.MoMLSimpleApplication@311ea44e
reloadAllAccessors: .Switch

===========================================================================================
----------------- testing Tue Jun 16 14:40:56 UTC 2020 /home/travis/build/icyphy/ptII/ptolemy/domains/continuous/test/auto/Thermostat.xml
----------------- Instantiating /home/travis/build/icyphy/ptII/ptolemy/domains/continuous/test/auto/Thermostat.xml
170 ms. Memory: 324608K Free: 178517K (55%)
----------------- Invoking toplevel() on ptolemy.moml.MoMLSimpleApplication@251b4c2c
----------------- Done invoking toplevel() on ptolemy.moml.MoMLSimpleApplication@251b4c2c
reloadAllAccessors: .Thermostat

===========================================================================================
----------------- testing Tue Jun 16 14:40:56 UTC 2020 /home/travis/build/icyphy/ptII/ptolemy/domains/continuous/test/auto/TimeDelay.xml
----------------- Instantiating /home/travis/build/icyphy/ptII/ptolemy/domains/continuous/test/auto/TimeDelay.xml
6 ms. Memory: 324608K Free: 173907K (54%)
----------------- Invoking toplevel() on ptolemy.moml.MoMLSimpleApplication@41f1f340
----------------- Done invoking toplevel() on ptolemy.moml.MoMLSimpleApplication@41f1f340
reloadAllAccessors: .TimeDelay

===========================================================================================
----------------- testing Tue Jun 16 14:40:56 UTC 2020 /home/travis/build/icyphy/ptII/ptolemy/domains/continuous/test/auto/TimeDelay2.xml
----------------- Instantiating /home/travis/build/icyphy/ptII/ptolemy/domains/continuous/test/auto/TimeDelay2.xml
7 ms. Memory: 324608K Free: 163667K (50%)
----------------- Invoking toplevel() on ptolemy.moml.MoMLSimpleApplication@47f8063a
----------------- Done invoking toplevel() on ptolemy.moml.MoMLSimpleApplication@47f8063a
reloadAllAccessors: .TimeDelay2

===========================================================================================
----------------- testing Tue Jun 16 14:40:56 UTC 2020 /home/travis/build/icyphy/ptII/ptolemy/domains/continuous/test/auto/TimeDelay3.xml
----------------- Instantiating /home/travis/build/icyphy/ptII/ptolemy/domains/continuous/test/auto/TimeDelay3.xml
5 ms. Memory: 324608K Free: 159059K (49%)
----------------- Invoking toplevel() on ptolemy.moml.MoMLSimpleApplication@66631b5a
----------------- Done invoking toplevel() on ptolemy.moml.MoMLSimpleApplication@66631b5a
reloadAllAccessors: .TimeDelay3

===========================================================================================
----------------- testing Tue Jun 16 14:40:56 UTC 2020 /home/travis/build/icyphy/ptII/ptolemy/domains/continuous/test/auto/TransferAbsentToInside.xml
----------------- Instantiating /home/travis/build/icyphy/ptII/ptolemy/domains/continuous/test/auto/TransferAbsentToInside.xml
61 ms. Memory: 324608K Free: 293203K (90%)
----------------- Invoking toplevel() on ptolemy.moml.MoMLSimpleApplication@2f3a7f77
----------------- Done invoking toplevel() on ptolemy.moml.MoMLSimpleApplication@2f3a7f77
reloadAllAccessors: .TransferAbsentToInside

===========================================================================================
----------------- testing Tue Jun 16 14:40:57 UTC 2020 /home/travis/build/icyphy/ptII/ptolemy/domains/continuous/test/auto/Transmission.xml
----------------- Instantiating /home/travis/build/icyphy/ptII/ptolemy/domains/continuous/test/auto/Transmission.xml
738 ms. Memory: 324608K Free: 249652K (77%)
----------------- Invoking toplevel() on ptolemy.moml.MoMLSimpleApplication@2da18d9c
----------------- Done invoking toplevel() on ptolemy.moml.MoMLSimpleApplication@2da18d9c
reloadAllAccessors: .Transmission

===========================================================================================
----------------- testing Tue Jun 16 14:40:57 UTC 2020 /home/travis/build/icyphy/ptII/ptolemy/domains/continuous/test/auto/TriggeredContinuousClock.xml
----------------- Instantiating /home/travis/build/icyphy/ptII/ptolemy/domains/continuous/test/auto/TriggeredContinuousClock.xml
42 ms. Memory: 324608K Free: 219956K (68%)
----------------- Invoking toplevel() on ptolemy.moml.MoMLSimpleApplication@6d7defe7
----------------- Done invoking toplevel() on ptolemy.moml.MoMLSimpleApplication@6d7defe7
reloadAllAccessors: .TriggeredContinuousClock

===========================================================================================
----------------- testing Tue Jun 16 14:40:57 UTC 2020 /home/travis/build/icyphy/ptII/ptolemy/domains/continuous/test/auto/TwoMachineInfiniteBusControl.xml
----------------- Instantiating /home/travis/build/icyphy/ptII/ptolemy/domains/continuous/test/auto/TwoMachineInfiniteBusControl.xml
2643 ms. Memory: 324608K Free: 206619K (64%)
----------------- Invoking toplevel() on ptolemy.moml.MoMLSimpleApplication@6192e832
----------------- Done invoking toplevel() on ptolemy.moml.MoMLSimpleApplication@6192e832
reloadAllAccessors: .TwoMachineInfiniteBusControl

===========================================================================================
----------------- testing Tue Jun 16 14:41:00 UTC 2020 /home/travis/build/icyphy/ptII/ptolemy/domains/continuous/test/auto/V2V.xml
----------------- Instantiating /home/travis/build/icyphy/ptII/ptolemy/domains/continuous/test/auto/V2V.xml
744 ms. Memory: 324608K Free: 207629K (64%)
----------------- Invoking toplevel() on ptolemy.moml.MoMLSimpleApplication@65c7a316
----------------- Done invoking toplevel() on ptolemy.moml.MoMLSimpleApplication@65c7a316
reloadAllAccessors: .V2V

===========================================================================================
----------------- testing Tue Jun 16 14:41:01 UTC 2020 /home/travis/build/icyphy/ptII/ptolemy/domains/continuous/test/auto/hierarchicalModalModel.xml
----------------- Instantiating /home/travis/build/icyphy/ptII/ptolemy/domains/continuous/test/auto/hierarchicalModalModel.xml
8 ms. Memory: 324608K Free: 193293K (60%)
----------------- Invoking toplevel() on ptolemy.moml.MoMLSimpleApplication@440aed39
----------------- Done invoking toplevel() on ptolemy.moml.MoMLSimpleApplication@440aed39
reloadAllAccessors: .hierarchicalModalModel

===========================================================================================
----------------- testing Tue Jun 16 14:41:01 UTC 2020 /home/travis/build/icyphy/ptII/ptolemy/domains/continuous/test/auto/hierarchicalModalModel1.xml
----------------- Instantiating /home/travis/build/icyphy/ptII/ptolemy/domains/continuous/test/auto/hierarchicalModalModel1.xml
7 ms. Memory: 324608K Free: 178443K (55%)
----------------- Invoking toplevel() on ptolemy.moml.MoMLSimpleApplication@70a2db68
----------------- Done invoking toplevel() on ptolemy.moml.MoMLSimpleApplication@70a2db68
reloadAllAccessors: .hierarchicalModalModel1

===========================================================================================
----------------- testing Tue Jun 16 14:41:01 UTC 2020 /home/travis/build/icyphy/ptII/ptolemy/domains/continuous/test/auto/hierarchicalModalModel2.xml
----------------- Instantiating /home/travis/build/icyphy/ptII/ptolemy/domains/continuous/test/auto/hierarchicalModalModel2.xml
6 ms. Memory: 324608K Free: 166140K (51%)
----------------- Invoking toplevel() on ptolemy.moml.MoMLSimpleApplication@135595e3
----------------- Done invoking toplevel() on ptolemy.moml.MoMLSimpleApplication@135595e3
reloadAllAccessors: .hierarchicalModalModel2

===========================================================================================
----------------- testing Tue Jun 16 14:41:01 UTC 2020 /home/travis/build/icyphy/ptII/ptolemy/domains/continuous/test/auto/hierarchicalModalModel3.xml
----------------- Instantiating /home/travis/build/icyphy/ptII/ptolemy/domains/continuous/test/auto/hierarchicalModalModel3.xml
5 ms. Memory: 324608K Free: 155405K (48%)
----------------- Invoking toplevel() on ptolemy.moml.MoMLSimpleApplication@5639646f
----------------- Done invoking toplevel() on ptolemy.moml.MoMLSimpleApplication@5639646f
reloadAllAccessors: .hierarchicalModalModel3

===========================================================================================
----------------- testing Tue Jun 16 14:41:01 UTC 2020 /home/travis/build/icyphy/ptII/ptolemy/domains/continuous/test/auto/hierarchicalModalModel4.xml
----------------- Instantiating /home/travis/build/icyphy/ptII/ptolemy/domains/continuous/test/auto/hierarchicalModalModel4.xml
5 ms. Memory: 324608K Free: 143627K (44%)
----------------- Invoking toplevel() on ptolemy.moml.MoMLSimpleApplication@5112c785
----------------- Done invoking toplevel() on ptolemy.moml.MoMLSimpleApplication@5112c785
reloadAllAccessors: .hierarchicalModalModel4

===========================================================================================
----------------- testing Tue Jun 16 14:41:01 UTC 2020 /home/travis/build/icyphy/ptII/ptolemy/domains/continuous/test/auto/junk.xml
----------------- Instantiating /home/travis/build/icyphy/ptII/ptolemy/domains/continuous/test/auto/junk.xml
109 ms. Memory: 324608K Free: 118027K (36%)
----------------- Invoking toplevel() on ptolemy.moml.MoMLSimpleApplication@193670e5
----------------- Done invoking toplevel() on ptolemy.moml.MoMLSimpleApplication@193670e5
reloadAllAccessors: .junk
AutoTests.java: About to close Vertx.
AutoTests.java: Vertx closed.
]]></system-out>
  <system-err><![CDATA[Warning: '.HysteresisWithRandomDelay.NonStrictTest3' The test produced only 22 tokens, yet the correctValues parameter was expecting 30 tokens.
Warning: '.Poisson.NonStrictTest' The test produced only 409 tokens, yet the correctValues parameter was expecting 430 tokens.
]]></system-err>
</testsuite>
