<?xml version="1.0" encoding="UTF-8" ?>
<testsuite errors="0" failures="0" hostname="travis-job-13dacb5c-4419-49f8-8231-f0f7f6b9d164" name="ptolemy.domains.de.test.junit.JUnitTclTest" skipped="0" tests="101" time="136.74" timestamp="2019-02-10T03:33:13">
  <properties>
[...]
</properties>
  <testcase classname="ptolemy.util.test.junit.TclTests" name="[0] /home/travis/build/icyphy/ptII/ptolemy/domains/de/test/DependencyLoop.tcl (RunTclFile)" time="0.782" />
  <testcase classname="ptolemy.util.test.junit.TclTests" name="[1] /home/travis/build/icyphy/ptII/ptolemy/domains/de/test/RunDETestsAsQSS.tcl (RunTclFile)" time="94.977" />
  <testcase classname="ptolemy.util.test.junit.AutoKnownFailedTests" name="[0] /home/travis/build/icyphy/ptII/ptolemy/domains/de/test/auto/knownFailedTests/DESDFClockTest.xml (RunModel)" time="2.03" />
  <testcase classname="ptolemy.util.test.junit.AutoKnownFailedTests" name="[1] /home/travis/build/icyphy/ptII/ptolemy/domains/de/test/auto/knownFailedTests/DirectFeedback.xml (RunModel)" time="0.029" />
  <testcase classname="ptolemy.util.test.junit.AutoKnownFailedTests" name="[2] /home/travis/build/icyphy/ptII/ptolemy/domains/de/test/auto/knownFailedTests/FSMSource.xml (RunModel)" time="0.021" />
  <testcase classname="ptolemy.util.test.junit.AutoKnownFailedTests" name="[3] /home/travis/build/icyphy/ptII/ptolemy/domains/de/test/auto/knownFailedTests/HierarchicalModel.xml (RunModel)" time="0.048" />
  <testcase classname="ptolemy.util.test.junit.AutoKnownFailedTests" name="[4] /home/travis/build/icyphy/ptII/ptolemy/domains/de/test/auto/knownFailedTests/dependencyLoop.xml (RunModel)" time="0.033" />
  <testcase classname="ptolemy.util.test.junit.AutoKnownFailedTests" name="[5] /home/travis/build/icyphy/ptII/ptolemy/domains/de/test/auto/knownFailedTests/dependencyLoop2.xml (RunModel)" time="0.035" />
  <testcase classname="ptolemy.util.test.junit.AutoNameArchTests" name="[0] ThereAreNoAutoArchTests (RunModel)" time="0.0" />
  <testcase classname="ptolemy.util.test.junit.AutoTests" name="[0] /home/travis/build/icyphy/ptII/ptolemy/domains/de/test/auto/ActorDepthCalculation_actorWithoutPorts.xml (RunModel)" time="0.017" />
  <testcase classname="ptolemy.util.test.junit.AutoTests" name="[1] /home/travis/build/icyphy/ptII/ptolemy/domains/de/test/auto/AssemblyLine.xml (RunModel)" time="0.018" />
  <testcase classname="ptolemy.util.test.junit.AutoTests" name="[2] /home/travis/build/icyphy/ptII/ptolemy/domains/de/test/auto/CQBug1.xml (RunModel)" time="0.01" />
  <testcase classname="ptolemy.util.test.junit.AutoTests" name="[3] /home/travis/build/icyphy/ptII/ptolemy/domains/de/test/auto/CancelFireAt.xml (RunModel)" time="0.009" />
  <testcase classname="ptolemy.util.test.junit.AutoTests" name="[4] /home/travis/build/icyphy/ptII/ptolemy/domains/de/test/auto/CausalityAndComposabilityAnalysis.xml (RunModel)" time="0.012" />
  <testcase classname="ptolemy.util.test.junit.AutoTests" name="[5] /home/travis/build/icyphy/ptII/ptolemy/domains/de/test/auto/CausalityInterface1.xml (RunModel)" time="0.014" />
  <testcase classname="ptolemy.util.test.junit.AutoTests" name="[6] /home/travis/build/icyphy/ptII/ptolemy/domains/de/test/auto/CausalityInterface15.xml (RunModel)" time="0.021" />
  <testcase classname="ptolemy.util.test.junit.AutoTests" name="[7] /home/travis/build/icyphy/ptII/ptolemy/domains/de/test/auto/CausalityInterface2.xml (RunModel)" time="0.014" />
  <testcase classname="ptolemy.util.test.junit.AutoTests" name="[8] /home/travis/build/icyphy/ptII/ptolemy/domains/de/test/auto/CausalityInterface3.xml (RunModel)" time="0.014" />
  <testcase classname="ptolemy.util.test.junit.AutoTests" name="[9] /home/travis/build/icyphy/ptII/ptolemy/domains/de/test/auto/ClockDrift.xml (RunModel)" time="0.041" />
  <testcase classname="ptolemy.util.test.junit.AutoTests" name="[10] /home/travis/build/icyphy/ptII/ptolemy/domains/de/test/auto/ClockDriftAndValueChange.xml (RunModel)" time="0.031" />
  <testcase classname="ptolemy.util.test.junit.AutoTests" name="[11] /home/travis/build/icyphy/ptII/ptolemy/domains/de/test/auto/ClockDriftChange.xml (RunModel)" time="0.032" />
  <testcase classname="ptolemy.util.test.junit.AutoTests" name="[12] /home/travis/build/icyphy/ptII/ptolemy/domains/de/test/auto/ComposableCausalityAnalysis.xml (RunModel)" time="0.015" />
  <testcase classname="ptolemy.util.test.junit.AutoTests" name="[13] /home/travis/build/icyphy/ptII/ptolemy/domains/de/test/auto/DEFixedPointLimitation.xml (RunModel)" time="0.008" />
  <testcase classname="ptolemy.util.test.junit.AutoTests" name="[14] /home/travis/build/icyphy/ptII/ptolemy/domains/de/test/auto/DEScheduleTest.xml (RunModel)" time="0.03" />
  <testcase classname="ptolemy.util.test.junit.AutoTests" name="[15] /home/travis/build/icyphy/ptII/ptolemy/domains/de/test/auto/DEinDEwithStartTimes.xml (RunModel)" time="0.016" />
  <testcase classname="ptolemy.util.test.junit.AutoTests" name="[16] /home/travis/build/icyphy/ptII/ptolemy/domains/de/test/auto/DEinDEwithStartTimes2.xml (RunModel)" time="0.014" />
  <testcase classname="ptolemy.util.test.junit.AutoTests" name="[17] /home/travis/build/icyphy/ptII/ptolemy/domains/de/test/auto/DateDemo.xml (RunModel)" time="0.029" />
  <testcase classname="ptolemy.util.test.junit.AutoTests" name="[18] /home/travis/build/icyphy/ptII/ptolemy/domains/de/test/auto/DateToEvent.xml (RunModel)" time="2.04" />
  <testcase classname="ptolemy.util.test.junit.AutoTests" name="[19] /home/travis/build/icyphy/ptII/ptolemy/domains/de/test/auto/DepthTest1.xml (RunModel)" time="0.005" />
  <testcase classname="ptolemy.util.test.junit.AutoTests" name="[20] /home/travis/build/icyphy/ptII/ptolemy/domains/de/test/auto/DepthTest2.xml (RunModel)" time="0.011" />
  <testcase classname="ptolemy.util.test.junit.AutoTests" name="[21] /home/travis/build/icyphy/ptII/ptolemy/domains/de/test/auto/DepthTest3.xml (RunModel)" time="0.005" />
  <testcase classname="ptolemy.util.test.junit.AutoTests" name="[22] /home/travis/build/icyphy/ptII/ptolemy/domains/de/test/auto/DepthTest4.xml (RunModel)" time="0.007" />
  <testcase classname="ptolemy.util.test.junit.AutoTests" name="[23] /home/travis/build/icyphy/ptII/ptolemy/domains/de/test/auto/DepthTest5.xml (RunModel)" time="0.008" />
  <testcase classname="ptolemy.util.test.junit.AutoTests" name="[24] /home/travis/build/icyphy/ptII/ptolemy/domains/de/test/auto/DepthTest6.xml (RunModel)" time="0.008" />
  <testcase classname="ptolemy.util.test.junit.AutoTests" name="[25] /home/travis/build/icyphy/ptII/ptolemy/domains/de/test/auto/DepthTest7.xml (RunModel)" time="0.007" />
  <testcase classname="ptolemy.util.test.junit.AutoTests" name="[26] /home/travis/build/icyphy/ptII/ptolemy/domains/de/test/auto/EventToDate.xml (RunModel)" time="3.021" />
  <testcase classname="ptolemy.util.test.junit.AutoTests" name="[27] /home/travis/build/icyphy/ptII/ptolemy/domains/de/test/auto/FSM1.xml (RunModel)" time="0.037" />
  <testcase classname="ptolemy.util.test.junit.AutoTests" name="[28] /home/travis/build/icyphy/ptII/ptolemy/domains/de/test/auto/FSM7.xml (RunModel)" time="0.03" />
  <testcase classname="ptolemy.util.test.junit.AutoTests" name="[29] /home/travis/build/icyphy/ptII/ptolemy/domains/de/test/auto/Inspection.xml (RunModel)" time="0.033" />
  <testcase classname="ptolemy.util.test.junit.AutoTests" name="[30] /home/travis/build/icyphy/ptII/ptolemy/domains/de/test/auto/Iteration.xml (RunModel)" time="0.022" />
  <testcase classname="ptolemy.util.test.junit.AutoTests" name="[31] /home/travis/build/icyphy/ptII/ptolemy/domains/de/test/auto/LineFault.xml (RunModel)" time="0.544" />
  <testcase classname="ptolemy.util.test.junit.AutoTests" name="[32] /home/travis/build/icyphy/ptII/ptolemy/domains/de/test/auto/MergeModel1Add.xml (RunModel)" time="0.039" />
  <testcase classname="ptolemy.util.test.junit.AutoTests" name="[33] /home/travis/build/icyphy/ptII/ptolemy/domains/de/test/auto/MergeModel2Add.xml (RunModel)" time="0.043" />
  <testcase classname="ptolemy.util.test.junit.AutoTests" name="[34] /home/travis/build/icyphy/ptII/ptolemy/domains/de/test/auto/MergeModel3Add.xml (RunModel)" time="0.052" />
  <testcase classname="ptolemy.util.test.junit.AutoTests" name="[35] /home/travis/build/icyphy/ptII/ptolemy/domains/de/test/auto/MergeWithoutDiscard.xml (RunModel)" time="0.014" />
  <testcase classname="ptolemy.util.test.junit.AutoTests" name="[36] /home/travis/build/icyphy/ptII/ptolemy/domains/de/test/auto/Modal1.xml (RunModel)" time="0.041" />
  <testcase classname="ptolemy.util.test.junit.AutoTests" name="[37] /home/travis/build/icyphy/ptII/ptolemy/domains/de/test/auto/Modal2.xml (RunModel)" time="0.035" />
  <testcase classname="ptolemy.util.test.junit.AutoTests" name="[38] /home/travis/build/icyphy/ptII/ptolemy/domains/de/test/auto/Modal3.xml (RunModel)" time="0.036" />
  <testcase classname="ptolemy.util.test.junit.AutoTests" name="[39] /home/travis/build/icyphy/ptII/ptolemy/domains/de/test/auto/Modal4.xml (RunModel)" time="0.035" />
  <testcase classname="ptolemy.util.test.junit.AutoTests" name="[40] /home/travis/build/icyphy/ptII/ptolemy/domains/de/test/auto/Modal5.xml (RunModel)" time="0.038" />
  <testcase classname="ptolemy.util.test.junit.AutoTests" name="[41] /home/travis/build/icyphy/ptII/ptolemy/domains/de/test/auto/Modal6.xml (RunModel)" time="0.027" />
  <testcase classname="ptolemy.util.test.junit.AutoTests" name="[42] /home/travis/build/icyphy/ptII/ptolemy/domains/de/test/auto/Modal7.xml (RunModel)" time="0.023" />
  <testcase classname="ptolemy.util.test.junit.AutoTests" name="[43] /home/travis/build/icyphy/ptII/ptolemy/domains/de/test/auto/ModalModel.xml (RunModel)" time="0.155" />
  <testcase classname="ptolemy.util.test.junit.AutoTests" name="[44] /home/travis/build/icyphy/ptII/ptolemy/domains/de/test/auto/ModalSource.xml (RunModel)" time="0.018" />
  <testcase classname="ptolemy.util.test.junit.AutoTests" name="[45] /home/travis/build/icyphy/ptII/ptolemy/domains/de/test/auto/NonInterruptibleTimerZeroDelay.xml (RunModel)" time="0.01" />
  <testcase classname="ptolemy.util.test.junit.AutoTests" name="[46] /home/travis/build/icyphy/ptII/ptolemy/domains/de/test/auto/OpenQueueingNetwork.xml (RunModel)" time="2.31" />
  <testcase classname="ptolemy.util.test.junit.AutoTests" name="[47] /home/travis/build/icyphy/ptII/ptolemy/domains/de/test/auto/OpenQueuingNetwork.xml (RunModel)" time="0.271" />
  <testcase classname="ptolemy.util.test.junit.AutoTests" name="[48] /home/travis/build/icyphy/ptII/ptolemy/domains/de/test/auto/PeriodicSampler.xml (RunModel)" time="0.008" />
  <testcase classname="ptolemy.util.test.junit.AutoTests" name="[49] /home/travis/build/icyphy/ptII/ptolemy/domains/de/test/auto/PersistentIO.xml (RunModel)" time="0.021" />
  <testcase classname="ptolemy.util.test.junit.AutoTests" name="[50] /home/travis/build/icyphy/ptII/ptolemy/domains/de/test/auto/PortParameterResetOnInitialize.xml (RunModel)" time="0.009" />
  <testcase classname="ptolemy.util.test.junit.AutoTests" name="[51] /home/travis/build/icyphy/ptII/ptolemy/domains/de/test/auto/PortParameterUpdates.xml (RunModel)" time="0.013" />
  <testcase classname="ptolemy.util.test.junit.AutoTests" name="[52] /home/travis/build/icyphy/ptII/ptolemy/domains/de/test/auto/QueueAndServer.xml (RunModel)" time="0.039" />
  <testcase classname="ptolemy.util.test.junit.AutoTests" name="[53] /home/travis/build/icyphy/ptII/ptolemy/domains/de/test/auto/Records.xml (RunModel)" time="0.016" />
  <testcase classname="ptolemy.util.test.junit.AutoTests" name="[54] /home/travis/build/icyphy/ptII/ptolemy/domains/de/test/auto/ResetTransitionWithStartTime1.xml (RunModel)" time="0.038" />
  <testcase classname="ptolemy.util.test.junit.AutoTests" name="[55] /home/travis/build/icyphy/ptII/ptolemy/domains/de/test/auto/ResetTransitionWithStartTime2.xml (RunModel)" time="0.021" />
  <testcase classname="ptolemy.util.test.junit.AutoTests" name="[56] /home/travis/build/icyphy/ptII/ptolemy/domains/de/test/auto/ResetTransitionWithStartTime3.xml (RunModel)" time="0.022" />
  <testcase classname="ptolemy.util.test.junit.AutoTests" name="[57] /home/travis/build/icyphy/ptII/ptolemy/domains/de/test/auto/ResetTransitionWithStartTime4.xml (RunModel)" time="0.02" />
  <testcase classname="ptolemy.util.test.junit.AutoTests" name="[58] /home/travis/build/icyphy/ptII/ptolemy/domains/de/test/auto/ResettableTimer1.xml (RunModel)" time="0.01" />
  <testcase classname="ptolemy.util.test.junit.AutoTests" name="[59] /home/travis/build/icyphy/ptII/ptolemy/domains/de/test/auto/ResettableTimer2.xml (RunModel)" time="0.01" />
  <testcase classname="ptolemy.util.test.junit.AutoTests" name="[60] /home/travis/build/icyphy/ptII/ptolemy/domains/de/test/auto/ResettableTimer3.xml (RunModel)" time="0.008" />
  <testcase classname="ptolemy.util.test.junit.AutoTests" name="[61] /home/travis/build/icyphy/ptII/ptolemy/domains/de/test/auto/ResettableTimer4.xml (RunModel)" time="0.011" />
  <testcase classname="ptolemy.util.test.junit.AutoTests" name="[62] /home/travis/build/icyphy/ptII/ptolemy/domains/de/test/auto/ResettableTimer5.xml (RunModel)" time="0.009" />
  <testcase classname="ptolemy.util.test.junit.AutoTests" name="[63] /home/travis/build/icyphy/ptII/ptolemy/domains/de/test/auto/ResettableTimer6.xml (RunModel)" time="0.02" />
  <testcase classname="ptolemy.util.test.junit.AutoTests" name="[64] /home/travis/build/icyphy/ptII/ptolemy/domains/de/test/auto/ServerZeroDelay.xml (RunModel)" time="0.01" />
  <testcase classname="ptolemy.util.test.junit.AutoTests" name="[65] /home/travis/build/icyphy/ptII/ptolemy/domains/de/test/auto/SmartSender.xml (RunModel)" time="3.008" />
  <testcase classname="ptolemy.util.test.junit.AutoTests" name="[66] /home/travis/build/icyphy/ptII/ptolemy/domains/de/test/auto/ThreadedComposite.xml (RunModel)" time="0.122" />
  <testcase classname="ptolemy.util.test.junit.AutoTests" name="[67] /home/travis/build/icyphy/ptII/ptolemy/domains/de/test/auto/Time.xml (RunModel)" time="0.427" />
  <testcase classname="ptolemy.util.test.junit.AutoTests" name="[68] /home/travis/build/icyphy/ptII/ptolemy/domains/de/test/auto/TimeDelayZeroDelay.xml (RunModel)" time="0.01" />
  <testcase classname="ptolemy.util.test.junit.AutoTests" name="[69] /home/travis/build/icyphy/ptII/ptolemy/domains/de/test/auto/TimerZeroDelay.xml (RunModel)" time="0.008" />
  <testcase classname="ptolemy.util.test.junit.AutoTests" name="[70] /home/travis/build/icyphy/ptII/ptolemy/domains/de/test/auto/TimingParadox.xml (RunModel)" time="0.402" />
  <testcase classname="ptolemy.util.test.junit.AutoTests" name="[71] /home/travis/build/icyphy/ptII/ptolemy/domains/de/test/auto/TransferInputs.xml (RunModel)" time="0.015" />
  <testcase classname="ptolemy.util.test.junit.AutoTests" name="[72] /home/travis/build/icyphy/ptII/ptolemy/domains/de/test/auto/TransferOutputs2.xml (RunModel)" time="0.013" />
  <testcase classname="ptolemy.util.test.junit.AutoTests" name="[73] /home/travis/build/icyphy/ptII/ptolemy/domains/de/test/auto/Trilateration.xml (RunModel)" time="12.251" />
  <testcase classname="ptolemy.util.test.junit.AutoTests" name="[74] /home/travis/build/icyphy/ptII/ptolemy/domains/de/test/auto/TwoSigmaDelta.xml (RunModel)" time="2.425" />
  <testcase classname="ptolemy.util.test.junit.AutoTests" name="[75] /home/travis/build/icyphy/ptII/ptolemy/domains/de/test/auto/VariableDelay.xml (RunModel)" time="0.01" />
  <testcase classname="ptolemy.util.test.junit.AutoTests" name="[76] /home/travis/build/icyphy/ptII/ptolemy/domains/de/test/auto/VariableDelay2.xml (RunModel)" time="0.009" />
  <testcase classname="ptolemy.util.test.junit.AutoTests" name="[77] /home/travis/build/icyphy/ptII/ptolemy/domains/de/test/auto/VariableDelayZeroDelay.xml (RunModel)" time="0.011" />
  <testcase classname="ptolemy.util.test.junit.AutoTests" name="[78] /home/travis/build/icyphy/ptII/ptolemy/domains/de/test/auto/VariableDelayZeroDelay2.xml (RunModel)" time="0.008" />
  <testcase classname="ptolemy.util.test.junit.AutoTests" name="[79] /home/travis/build/icyphy/ptII/ptolemy/domains/de/test/auto/deInCt.xml (RunModel)" time="0.021" />
  <testcase classname="ptolemy.util.test.junit.AutoTests" name="[80] /home/travis/build/icyphy/ptII/ptolemy/domains/de/test/auto/deInCt2.xml (RunModel)" time="0.024" />
  <testcase classname="ptolemy.util.test.junit.AutoTests" name="[81] /home/travis/build/icyphy/ptII/ptolemy/domains/de/test/auto/dynamicCausalityInterface1.xml (RunModel)" time="0.014" />
  <testcase classname="ptolemy.util.test.junit.AutoTests" name="[82] /home/travis/build/icyphy/ptII/ptolemy/domains/de/test/auto/fsm_de_test.xml (RunModel)" time="0.028" />
  <testcase classname="ptolemy.util.test.junit.AutoTests" name="[83] /home/travis/build/icyphy/ptII/ptolemy/domains/de/test/auto/functionDependencyReconstruction.xml (RunModel)" time="0.034" />
  <testcase classname="ptolemy.util.test.junit.AutoTests" name="[84] /home/travis/build/icyphy/ptII/ptolemy/domains/de/test/auto/multirate.xml (RunModel)" time="0.015" />
  <testcase classname="ptolemy.util.test.junit.AutoTests" name="[85] /home/travis/build/icyphy/ptII/ptolemy/domains/de/test/auto/multirate2.xml (RunModel)" time="0.016" />
  <testcase classname="ptolemy.util.test.junit.AutoTests" name="[86] /home/travis/build/icyphy/ptII/ptolemy/domains/de/test/auto/realtime.xml (RunModel)" time="10.009" />
  <testcase classname="ptolemy.util.test.junit.AutoTests" name="[87] /home/travis/build/icyphy/ptII/ptolemy/domains/de/test/auto/relationGroup.xml (RunModel)" time="0.008" />
  <testcase classname="ptolemy.util.test.junit.AutoTests" name="[88] /home/travis/build/icyphy/ptII/ptolemy/domains/de/test/auto/relationGroup2.xml (RunModel)" time="0.013" />
  <testcase classname="ptolemy.util.test.junit.AutoTests" name="[89] /home/travis/build/icyphy/ptII/ptolemy/domains/de/test/auto/sortWithOpaquePorts.xml (RunModel)" time="0.01" />
  <testcase classname="ptolemy.util.test.junit.AutoTests" name="[90] /home/travis/build/icyphy/ptII/ptolemy/domains/de/test/auto/transferInputsandOutputs.xml (RunModel)" time="0.013" />
  <testcase classname="ptolemy.util.test.junit.AutoTests" name="[91] /home/travis/build/icyphy/ptII/ptolemy/domains/de/test/auto/triggerType.xml (RunModel)" time="0.013" />
  <system-out><![CDATA[/home/travis/build/icyphy/ptII/ptolemy/domains/de/test/DependencyLoop.tcl
testDefs.tcl: setting time out to 9000 seconds at Sun Feb 10 03:33:13 UTC 2019
24 ms. Memory: 116224K Free: 97602K (84%)
21 ms. Memory: 146944K Free: 142466K (97%)
/home/travis/build/icyphy/ptII/ptolemy/domains/de/test/RunDETestsAsQSS.tcl
Run the DE tests using ptolemy.domains.qss.test.QSSDirectorTest, which extends QSSDirector and prints a message in the constructors.
------------------ testing $PTII/ptolemy/domains/de/test/auto/knownFailedTests/dependencyLoop.xml (Known Failure) 
7 ms. Memory: 146944K Free: 138220K (94%)


==== $PTIIhome/travis/build/icyphy/ptII/ptolemy/domains/de/test/../../../../: Auto Automatic test in file $PTII/ptolemy/domains/de/test/auto/knownFailedTests/dependencyLoop.xml
==== Contents of test case:

	    # FIXME: we should use $relativeFilename here, but it
	    # might have backslashes under Windows, which causes no end
	    # of trouble.
	    createAndExecute $file
	    list {}
	
.... Test generated KNOWN error:
    while executing
ptolemy.kernel.util.IllegalActionException: Found a zero delay loop containing .dependencyLoop.original
  in .dependencyLoop and .dependencyLoop.original
	at ptolemy.actor.util.CausalityInterfaceForComposites._computeOutputPortDepth(CausalityInterfaceForComposites.java:759)
	at ptolemy.actor.util.CausalityInterfaceForComposites._computeInputDepth(CausalityInterfaceForComposites.java:696)
	at ptolemy.actor.util.CausalityInterfaceForComposites._computeOutputPortDepth(CausalityInterfaceForComposites.java:765)
	at ptolemy.actor.util.CausalityInterfaceForComposites._computeInputDepth(CausalityInterfaceForComposites.java:696)
	at ptolemy.actor.util.CausalityInterfaceForComposites._computeOutputPortDepth(CausalityInterfaceForComposites.java:765)
	at ptolemy.actor.util.CausalityInterfaceForComposites._computeInputDepth(CausalityInterfaceForComposites.java:696)
	at ptolemy.actor.util.CausalityInterfaceForComposites._computeActorDepth(CausalityInterfaceForComposites.java:532)
	at ptolemy.actor.util.CausalityInterfaceForComposites.checkForCycles(CausalityInterfaceForComposites.java:96)
	at ptolemy.domains.de.kernel.DEDirector.preinitialize(DEDirector.java:1338)
	at ptolemy.actor.CompositeActor.preinitialize(CompositeActor.java:1828)
	at ptolemy.actor.Manager.preinitializeAndResolveTypes(Manager.java:1040)
	at ptolemy.actor.Manager.initialize(Manager.java:710)
	at ptolemy.actor.Manager.execute(Manager.java:356)
	at ptolemy.actor.Manager.run(Manager.java:1263)
	at ptolemy.actor.Manager$PtolemyRunThread.run(Manager.java:1915)

    while executing
ptolemy.kernel.util.IllegalActionException: Found a zero delay loop containing .dependencyLoop.original
  in .dependencyLoop and .dependencyLoop.original
    while executing
"java::new ptolemy.moml.MoMLSimpleApplication $file
"
    (procedure "createAndExecute" line 2)
    invoked from within
"createAndExecute $file"
    ("uplevel" body line 5)
    invoked from within
"uplevel $contents_of_test"
------------------ testing $PTII/ptolemy/domains/de/test/auto/knownFailedTests/DESDFClockTest.xml (Known Failure) 
2076 ms. Memory: 146944K Free: 122656K (83%)


==== $PTIIhome/travis/build/icyphy/ptII/ptolemy/domains/de/test/../../../../: Auto Automatic test in file $PTII/ptolemy/domains/de/test/auto/knownFailedTests/DESDFClockTest.xml
==== Contents of test case:

	    # FIXME: we should use $relativeFilename here, but it
	    # might have backslashes under Windows, which causes no end
	    # of trouble.
	    createAndExecute $file
	    list {}
	
.... Test generated KNOWN error:
    while executing
ptolemy.kernel.util.IllegalActionException: Actor is not ready to fire.  Perhaps UpSample.prefire() returned false? Try debugging the actor by selecting "Listen to Actor".  Also, for SDF check moml for tokenConsumptionRate on input.
  in .DESDFClockTest.Play Bell.Copy1:SDF Director and .DESDFClockTest.Play Bell.UpSample
	at ptolemy.actor.sched.StaticSchedulingDirector.fire(StaticSchedulingDirector.java:227)
	at ptolemy.domains.sdf.kernel.SDFDirector.fire(SDFDirector.java:500)
	at ptolemy.actor.CompositeActor.fire(CompositeActor.java:455)
	at ptolemy.domains.de.kernel.DEDirector._fire(DEDirector.java:1949)
	at ptolemy.domains.de.kernel.DEDirector.fire(DEDirector.java:502)
	at ptolemy.actor.CompositeActor.fire(CompositeActor.java:455)
	at ptolemy.actor.Manager.iterate(Manager.java:851)
	at ptolemy.actor.Manager.execute(Manager.java:369)
	at ptolemy.actor.Manager.run(Manager.java:1263)
	at ptolemy.actor.Manager$PtolemyRunThread.run(Manager.java:1915)

    while executing
ptolemy.kernel.util.IllegalActionException: Actor is not ready to fire.  Perhaps UpSample.prefire() returned false? Try debugging the actor by selecting "Listen to Actor".  Also, for SDF check moml for tokenConsumptionRate on input.
  in .DESDFClockTest.Play Bell.Copy1:SDF Director and .DESDFClockTest.Play Bell.UpSample
    while executing
"java::new ptolemy.moml.MoMLSimpleApplication $file
"
    (procedure "createAndExecute" line 2)
    invoked from within
"createAndExecute $file"
    ("uplevel" body line 5)
    invoked from within
"uplevel $contents_of_test"
------------------ testing $PTII/ptolemy/domains/de/test/auto/knownFailedTests/FSMSource.xml (Known Failure) 
36 ms. Memory: 146944K Free: 113797K (77%)
!!!! Auto was marked as failing, but now passes
------------------ testing $PTII/ptolemy/domains/de/test/auto/knownFailedTests/dependencyLoop2.xml (Known Failure) 
6 ms. Memory: 146944K Free: 111914K (76%)


==== $PTIIhome/travis/build/icyphy/ptII/ptolemy/domains/de/test/../../../../: Auto Automatic test in file $PTII/ptolemy/domains/de/test/auto/knownFailedTests/dependencyLoop2.xml
==== Contents of test case:

	    # FIXME: we should use $relativeFilename here, but it
	    # might have backslashes under Windows, which causes no end
	    # of trouble.
	    createAndExecute $file
	    list {}
	
.... Test generated KNOWN error:
    while executing
ptolemy.kernel.util.IllegalActionException: Found a zero delay loop containing .dependencyLoop2.original
  in .dependencyLoop2 and .dependencyLoop2.original
	at ptolemy.actor.util.CausalityInterfaceForComposites._computeOutputPortDepth(CausalityInterfaceForComposites.java:759)
	at ptolemy.actor.util.CausalityInterfaceForComposites._computeInputDepth(CausalityInterfaceForComposites.java:696)
	at ptolemy.actor.util.CausalityInterfaceForComposites._computeOutputPortDepth(CausalityInterfaceForComposites.java:765)
	at ptolemy.actor.util.CausalityInterfaceForComposites._computeInputDepth(CausalityInterfaceForComposites.java:696)
	at ptolemy.actor.util.CausalityInterfaceForComposites._computeOutputPortDepth(CausalityInterfaceForComposites.java:765)
	at ptolemy.actor.util.CausalityInterfaceForComposites._computeInputDepth(CausalityInterfaceForComposites.java:696)
	at ptolemy.actor.util.CausalityInterfaceForComposites._computeActorDepth(CausalityInterfaceForComposites.java:532)
	at ptolemy.actor.util.CausalityInterfaceForComposites.checkForCycles(CausalityInterfaceForComposites.java:96)
	at ptolemy.domains.de.kernel.DEDirector.preinitialize(DEDirector.java:1338)
	at ptolemy.actor.CompositeActor.preinitialize(CompositeActor.java:1828)
	at ptolemy.actor.Manager.preinitializeAndResolveTypes(Manager.java:1040)
	at ptolemy.actor.Manager.initialize(Manager.java:710)
	at ptolemy.actor.Manager.execute(Manager.java:356)
	at ptolemy.actor.Manager.run(Manager.java:1263)
	at ptolemy.actor.Manager$PtolemyRunThread.run(Manager.java:1915)

    while executing
ptolemy.kernel.util.IllegalActionException: Found a zero delay loop containing .dependencyLoop2.original
  in .dependencyLoop2 and .dependencyLoop2.original
    while executing
"java::new ptolemy.moml.MoMLSimpleApplication $file
"
    (procedure "createAndExecute" line 2)
    invoked from within
"createAndExecute $file"
    ("uplevel" body line 5)
    invoked from within
"uplevel $contents_of_test"
------------------ testing $PTII/ptolemy/domains/de/test/auto/knownFailedTests/HierarchicalModel.xml (Known Failure) 
8 ms. Memory: 146944K Free: 91793K (62%)


==== $PTIIhome/travis/build/icyphy/ptII/ptolemy/domains/de/test/../../../../: Auto Automatic test in file $PTII/ptolemy/domains/de/test/auto/knownFailedTests/HierarchicalModel.xml
==== Contents of test case:

	    # FIXME: we should use $relativeFilename here, but it
	    # might have backslashes under Windows, which causes no end
	    # of trouble.
	    createAndExecute $file
	    list {}
	
.... Test generated KNOWN error:
    while executing
ptolemy.kernel.util.IllegalActionException: Found a zero delay loop containing .HierarchicalModel.A
  in .HierarchicalModel and .HierarchicalModel.A
	at ptolemy.actor.util.CausalityInterfaceForComposites._computeOutputPortDepth(CausalityInterfaceForComposites.java:759)
	at ptolemy.actor.util.CausalityInterfaceForComposites._computeInputDepth(CausalityInterfaceForComposites.java:696)
	at ptolemy.actor.util.CausalityInterfaceForComposites._computeOutputPortDepth(CausalityInterfaceForComposites.java:765)
	at ptolemy.actor.util.CausalityInterfaceForComposites._computeInputDepth(CausalityInterfaceForComposites.java:696)
	at ptolemy.actor.util.CausalityInterfaceForComposites._computeOutputPortDepth(CausalityInterfaceForComposites.java:765)
	at ptolemy.actor.util.CausalityInterfaceForComposites._computeInputDepth(CausalityInterfaceForComposites.java:696)
	at ptolemy.actor.util.CausalityInterfaceForComposites._computeActorDepth(CausalityInterfaceForComposites.java:532)
	at ptolemy.actor.util.CausalityInterfaceForComposites.checkForCycles(CausalityInterfaceForComposites.java:96)
	at ptolemy.domains.de.kernel.DEDirector.preinitialize(DEDirector.java:1338)
	at ptolemy.actor.CompositeActor.preinitialize(CompositeActor.java:1828)
	at ptolemy.actor.Manager.preinitializeAndResolveTypes(Manager.java:1040)
	at ptolemy.actor.Manager.initialize(Manager.java:710)
	at ptolemy.actor.Manager.execute(Manager.java:356)
	at ptolemy.actor.Manager.run(Manager.java:1263)
	at ptolemy.actor.Manager$PtolemyRunThread.run(Manager.java:1915)

    while executing
ptolemy.kernel.util.IllegalActionException: Found a zero delay loop containing .HierarchicalModel.A
  in .HierarchicalModel and .HierarchicalModel.A
    while executing
"java::new ptolemy.moml.MoMLSimpleApplication $file
"
    (procedure "createAndExecute" line 2)
    invoked from within
"createAndExecute $file"
    ("uplevel" body line 5)
    invoked from within
"uplevel $contents_of_test"
------------------ testing $PTII/ptolemy/domains/de/test/auto/knownFailedTests/DirectFeedback.xml (Known Failure) 
6 ms. Memory: 146944K Free: 87682K (60%)


==== $PTIIhome/travis/build/icyphy/ptII/ptolemy/domains/de/test/../../../../: Auto Automatic test in file $PTII/ptolemy/domains/de/test/auto/knownFailedTests/DirectFeedback.xml
==== Contents of test case:

	    # FIXME: we should use $relativeFilename here, but it
	    # might have backslashes under Windows, which causes no end
	    # of trouble.
	    createAndExecute $file
	    list {}
	
.... Test generated KNOWN error:
    while executing
ptolemy.kernel.util.IllegalActionException: Test fails in iteration 1.
Value was: 1.0. Should have been: 2.0
  in .DirectFeedback.Test
	at ptolemy.actor.lib.Test.fire(Test.java:268)
	at ptolemy.domains.de.kernel.DEDirector._fire(DEDirector.java:1949)
	at ptolemy.domains.de.kernel.DEDirector.fire(DEDirector.java:502)
	at ptolemy.actor.CompositeActor.fire(CompositeActor.java:455)
	at ptolemy.actor.Manager.iterate(Manager.java:851)
	at ptolemy.actor.Manager.execute(Manager.java:369)
	at ptolemy.actor.Manager.run(Manager.java:1263)
	at ptolemy.actor.Manager$PtolemyRunThread.run(Manager.java:1915)

    while executing
ptolemy.kernel.util.IllegalActionException: Test fails in iteration 1.
Value was: 1.0. Should have been: 2.0
  in .DirectFeedback.Test
    while executing
"java::new ptolemy.moml.MoMLSimpleApplication $file
"
    (procedure "createAndExecute" line 2)
    invoked from within
"createAndExecute $file"
    ("uplevel" body line 5)
    invoked from within
"uplevel $contents_of_test"
------------------ testing $PTII/ptolemy/domains/de/test/auto/ActorDepthCalculation_actorWithoutPorts.xml
auto.tcl: Setting watchdog for 200 seconds at Sun Feb 10 03:33:16 UTC 2019
9 ms. Memory: 146944K Free: 140713K (96%)
ptolemy.util.test.WatchDog.cancel(): canceling Sun Feb 10 03:33:16 UTC 2019
auto.tcl: Setting watchdog for 200 seconds at Sun Feb 10 03:33:16 UTC 2019
4 ms. Memory: 146944K Free: 138635K (94%)
ptolemy.util.test.WatchDog.cancel(): canceling Sun Feb 10 03:33:16 UTC 2019
------------------ testing $PTII/ptolemy/domains/de/test/auto/AssemblyLine.xml
auto.tcl: Setting watchdog for 200 seconds at Sun Feb 10 03:33:17 UTC 2019
15 ms. Memory: 208384K Free: 181603K (87%)
ptolemy.util.test.WatchDog.cancel(): canceling Sun Feb 10 03:33:17 UTC 2019
auto.tcl: Setting watchdog for 200 seconds at Sun Feb 10 03:33:17 UTC 2019
12 ms. Memory: 208384K Free: 181603K (87%)
ptolemy.util.test.WatchDog.cancel(): canceling Sun Feb 10 03:33:17 UTC 2019
------------------ testing $PTII/ptolemy/domains/de/test/auto/CQBug1.xml
auto.tcl: Setting watchdog for 200 seconds at Sun Feb 10 03:33:17 UTC 2019
4 ms. Memory: 208384K Free: 196597K (94%)
ptolemy.util.test.WatchDog.cancel(): canceling Sun Feb 10 03:33:17 UTC 2019
auto.tcl: Setting watchdog for 200 seconds at Sun Feb 10 03:33:17 UTC 2019
1 ms. Memory: 208384K Free: 196597K (94%)
ptolemy.util.test.WatchDog.cancel(): canceling Sun Feb 10 03:33:17 UTC 2019
------------------ testing $PTII/ptolemy/domains/de/test/auto/CancelFireAt.xml
auto.tcl: Setting watchdog for 200 seconds at Sun Feb 10 03:33:17 UTC 2019
8 ms. Memory: 208384K Free: 201523K (97%)
ptolemy.util.test.WatchDog.cancel(): canceling Sun Feb 10 03:33:17 UTC 2019
auto.tcl: Setting watchdog for 200 seconds at Sun Feb 10 03:33:17 UTC 2019
2 ms. Memory: 208384K Free: 199438K (96%)
ptolemy.util.test.WatchDog.cancel(): canceling Sun Feb 10 03:33:17 UTC 2019
------------------ testing $PTII/ptolemy/domains/de/test/auto/CausalityAndComposabilityAnalysis.xml
auto.tcl: Setting watchdog for 200 seconds at Sun Feb 10 03:33:17 UTC 2019
10 ms. Memory: 208384K Free: 198525K (95%)
ptolemy.util.test.WatchDog.cancel(): canceling Sun Feb 10 03:33:17 UTC 2019
auto.tcl: Setting watchdog for 200 seconds at Sun Feb 10 03:33:17 UTC 2019
5 ms. Memory: 208384K Free: 196432K (94%)
ptolemy.util.test.WatchDog.cancel(): canceling Sun Feb 10 03:33:17 UTC 2019
------------------ testing $PTII/ptolemy/domains/de/test/auto/CausalityInterface1.xml
auto.tcl: Setting watchdog for 200 seconds at Sun Feb 10 03:33:17 UTC 2019
8 ms. Memory: 208384K Free: 198446K (95%)
ptolemy.util.test.WatchDog.cancel(): canceling Sun Feb 10 03:33:17 UTC 2019
auto.tcl: Setting watchdog for 200 seconds at Sun Feb 10 03:33:17 UTC 2019
4 ms. Memory: 208384K Free: 196369K (94%)
ptolemy.util.test.WatchDog.cancel(): canceling Sun Feb 10 03:33:17 UTC 2019
------------------ testing $PTII/ptolemy/domains/de/test/auto/CausalityInterface15.xml
auto.tcl: Setting watchdog for 200 seconds at Sun Feb 10 03:33:17 UTC 2019
4 ms. Memory: 208384K Free: 196369K (94%)
ptolemy.util.test.WatchDog.cancel(): canceling Sun Feb 10 03:33:17 UTC 2019
auto.tcl: Setting watchdog for 200 seconds at Sun Feb 10 03:33:17 UTC 2019
7 ms. Memory: 208384K Free: 196369K (94%)
ptolemy.util.test.WatchDog.cancel(): canceling Sun Feb 10 03:33:17 UTC 2019
------------------ testing $PTII/ptolemy/domains/de/test/auto/CausalityInterface2.xml
auto.tcl: Setting watchdog for 200 seconds at Sun Feb 10 03:33:17 UTC 2019
8 ms. Memory: 208384K Free: 198420K (95%)
ptolemy.util.test.WatchDog.cancel(): canceling Sun Feb 10 03:33:17 UTC 2019
auto.tcl: Setting watchdog for 200 seconds at Sun Feb 10 03:33:17 UTC 2019
3 ms. Memory: 208384K Free: 196343K (94%)
ptolemy.util.test.WatchDog.cancel(): canceling Sun Feb 10 03:33:17 UTC 2019
------------------ testing $PTII/ptolemy/domains/de/test/auto/CausalityInterface3.xml
auto.tcl: Setting watchdog for 200 seconds at Sun Feb 10 03:33:18 UTC 2019
5 ms. Memory: 208384K Free: 196356K (94%)
ptolemy.util.test.WatchDog.cancel(): canceling Sun Feb 10 03:33:18 UTC 2019
auto.tcl: Setting watchdog for 200 seconds at Sun Feb 10 03:33:18 UTC 2019
10 ms. Memory: 208384K Free: 196356K (94%)
ptolemy.util.test.WatchDog.cancel(): canceling Sun Feb 10 03:33:18 UTC 2019
------------------ testing $PTII/ptolemy/domains/de/test/auto/ClockDrift.xml
auto.tcl: Setting watchdog for 200 seconds at Sun Feb 10 03:33:18 UTC 2019
91 ms. Memory: 208384K Free: 187610K (90%)
ptolemy.util.test.WatchDog.cancel(): canceling Sun Feb 10 03:33:18 UTC 2019
auto.tcl: Setting watchdog for 200 seconds at Sun Feb 10 03:33:18 UTC 2019
40 ms. Memory: 208384K Free: 185517K (89%)
ptolemy.util.test.WatchDog.cancel(): canceling Sun Feb 10 03:33:18 UTC 2019
------------------ testing $PTII/ptolemy/domains/de/test/auto/ClockDriftAndValueChange.xml
auto.tcl: Setting watchdog for 200 seconds at Sun Feb 10 03:33:18 UTC 2019
55 ms. Memory: 208384K Free: 189539K (91%)
ptolemy.util.test.WatchDog.cancel(): canceling Sun Feb 10 03:33:18 UTC 2019
auto.tcl: Setting watchdog for 200 seconds at Sun Feb 10 03:33:18 UTC 2019
42 ms. Memory: 208384K Free: 185370K (89%)
ptolemy.util.test.WatchDog.cancel(): canceling Sun Feb 10 03:33:18 UTC 2019
------------------ testing $PTII/ptolemy/domains/de/test/auto/ClockDriftChange.xml
auto.tcl: Setting watchdog for 200 seconds at Sun Feb 10 03:33:18 UTC 2019
37 ms. Memory: 208384K Free: 190783K (92%)
ptolemy.util.test.WatchDog.cancel(): canceling Sun Feb 10 03:33:18 UTC 2019
auto.tcl: Setting watchdog for 200 seconds at Sun Feb 10 03:33:18 UTC 2019
22 ms. Memory: 208384K Free: 188706K (91%)
ptolemy.util.test.WatchDog.cancel(): canceling Sun Feb 10 03:33:18 UTC 2019
------------------ testing $PTII/ptolemy/domains/de/test/auto/ComposableCausalityAnalysis.xml
auto.tcl: Setting watchdog for 200 seconds at Sun Feb 10 03:33:18 UTC 2019
4 ms. Memory: 208384K Free: 196212K (94%)
ptolemy.util.test.WatchDog.cancel(): canceling Sun Feb 10 03:33:18 UTC 2019
auto.tcl: Setting watchdog for 200 seconds at Sun Feb 10 03:33:18 UTC 2019
1 ms. Memory: 208384K Free: 196212K (94%)
ptolemy.util.test.WatchDog.cancel(): canceling Sun Feb 10 03:33:18 UTC 2019
------------------ testing $PTII/ptolemy/domains/de/test/auto/DEFixedPointLimitation.xml
auto.tcl: Setting watchdog for 200 seconds at Sun Feb 10 03:33:18 UTC 2019
2 ms. Memory: 208384K Free: 198385K (95%)
ptolemy.util.test.WatchDog.cancel(): canceling Sun Feb 10 03:33:18 UTC 2019
auto.tcl: Setting watchdog for 200 seconds at Sun Feb 10 03:33:18 UTC 2019
2 ms. Memory: 208384K Free: 196292K (94%)
ptolemy.util.test.WatchDog.cancel(): canceling Sun Feb 10 03:33:18 UTC 2019
------------------ testing $PTII/ptolemy/domains/de/test/auto/DEScheduleTest.xml
auto.tcl: Setting watchdog for 200 seconds at Sun Feb 10 03:33:18 UTC 2019
8 ms. Memory: 208384K Free: 198404K (95%)
ptolemy.util.test.WatchDog.cancel(): canceling Sun Feb 10 03:33:18 UTC 2019
auto.tcl: Setting watchdog for 200 seconds at Sun Feb 10 03:33:18 UTC 2019
3 ms. Memory: 208384K Free: 196328K (94%)
ptolemy.util.test.WatchDog.cancel(): canceling Sun Feb 10 03:33:18 UTC 2019
------------------ testing $PTII/ptolemy/domains/de/test/auto/DEinDEwithStartTimes.xml
auto.tcl: Setting watchdog for 200 seconds at Sun Feb 10 03:33:18 UTC 2019
7 ms. Memory: 208384K Free: 196281K (94%)
ptolemy.util.test.WatchDog.cancel(): canceling Sun Feb 10 03:33:18 UTC 2019
auto.tcl: Setting watchdog for 200 seconds at Sun Feb 10 03:33:18 UTC 2019
4 ms. Memory: 208384K Free: 196281K (94%)
ptolemy.util.test.WatchDog.cancel(): canceling Sun Feb 10 03:33:18 UTC 2019
------------------ testing $PTII/ptolemy/domains/de/test/auto/DEinDEwithStartTimes2.xml
auto.tcl: Setting watchdog for 200 seconds at Sun Feb 10 03:33:18 UTC 2019
8 ms. Memory: 208384K Free: 196261K (94%)
ptolemy.util.test.WatchDog.cancel(): canceling Sun Feb 10 03:33:19 UTC 2019
auto.tcl: Setting watchdog for 200 seconds at Sun Feb 10 03:33:19 UTC 2019
4 ms. Memory: 208384K Free: 194168K (93%)
ptolemy.util.test.WatchDog.cancel(): canceling Sun Feb 10 03:33:19 UTC 2019
------------------ testing $PTII/ptolemy/domains/de/test/auto/DateDemo.xml
auto.tcl: Setting watchdog for 200 seconds at Sun Feb 10 03:33:19 UTC 2019
21 ms. Memory: 208384K Free: 188746K (91%)
ptolemy.util.test.WatchDog.cancel(): canceling Sun Feb 10 03:33:19 UTC 2019
auto.tcl: Setting watchdog for 200 seconds at Sun Feb 10 03:33:19 UTC 2019
6 ms. Memory: 208384K Free: 186669K (90%)
ptolemy.util.test.WatchDog.cancel(): canceling Sun Feb 10 03:33:19 UTC 2019
------------------ testing $PTII/ptolemy/domains/de/test/auto/DateToEvent.xml
auto.tcl: Setting watchdog for 200 seconds at Sun Feb 10 03:33:19 UTC 2019
2014 ms. Memory: 208384K Free: 183571K (88%)
ptolemy.util.test.WatchDog.cancel(): canceling Sun Feb 10 03:33:21 UTC 2019
auto.tcl: Setting watchdog for 200 seconds at Sun Feb 10 03:33:21 UTC 2019
2005 ms. Memory: 208384K Free: 183571K (88%)
ptolemy.util.test.WatchDog.cancel(): canceling Sun Feb 10 03:33:23 UTC 2019
------------------ testing $PTII/ptolemy/domains/de/test/auto/DepthTest1.xml
auto.tcl: Setting watchdog for 200 seconds at Sun Feb 10 03:33:23 UTC 2019
4 ms. Memory: 208384K Free: 198128K (95%)
ptolemy.util.test.WatchDog.cancel(): canceling Sun Feb 10 03:33:23 UTC 2019
auto.tcl: Setting watchdog for 200 seconds at Sun Feb 10 03:33:23 UTC 2019
9 ms. Memory: 208384K Free: 198128K (95%)
ptolemy.util.test.WatchDog.cancel(): canceling Sun Feb 10 03:33:23 UTC 2019
------------------ testing $PTII/ptolemy/domains/de/test/auto/DepthTest2.xml
auto.tcl: Setting watchdog for 200 seconds at Sun Feb 10 03:33:23 UTC 2019
3 ms. Memory: 208384K Free: 193879K (93%)
ptolemy.util.test.WatchDog.cancel(): canceling Sun Feb 10 03:33:23 UTC 2019
auto.tcl: Setting watchdog for 200 seconds at Sun Feb 10 03:33:23 UTC 2019
5 ms. Memory: 208384K Free: 193879K (93%)
ptolemy.util.test.WatchDog.cancel(): canceling Sun Feb 10 03:33:23 UTC 2019
------------------ testing $PTII/ptolemy/domains/de/test/auto/DepthTest3.xml
auto.tcl: Setting watchdog for 200 seconds at Sun Feb 10 03:33:23 UTC 2019
2 ms. Memory: 208384K Free: 197942K (95%)
ptolemy.util.test.WatchDog.cancel(): canceling Sun Feb 10 03:33:23 UTC 2019
auto.tcl: Setting watchdog for 200 seconds at Sun Feb 10 03:33:23 UTC 2019
1 ms. Memory: 208384K Free: 197942K (95%)
ptolemy.util.test.WatchDog.cancel(): canceling Sun Feb 10 03:33:23 UTC 2019
------------------ testing $PTII/ptolemy/domains/de/test/auto/DepthTest4.xml
auto.tcl: Setting watchdog for 200 seconds at Sun Feb 10 03:33:23 UTC 2019
4 ms. Memory: 208384K Free: 195945K (94%)
ptolemy.util.test.WatchDog.cancel(): canceling Sun Feb 10 03:33:23 UTC 2019
auto.tcl: Setting watchdog for 200 seconds at Sun Feb 10 03:33:23 UTC 2019
2 ms. Memory: 208384K Free: 195945K (94%)
ptolemy.util.test.WatchDog.cancel(): canceling Sun Feb 10 03:33:23 UTC 2019
------------------ testing $PTII/ptolemy/domains/de/test/auto/DepthTest5.xml
auto.tcl: Setting watchdog for 200 seconds at Sun Feb 10 03:33:23 UTC 2019
6 ms. Memory: 208384K Free: 196420K (94%)
ptolemy.util.test.WatchDog.cancel(): canceling Sun Feb 10 03:33:23 UTC 2019
auto.tcl: Setting watchdog for 200 seconds at Sun Feb 10 03:33:23 UTC 2019
2 ms. Memory: 208384K Free: 196420K (94%)
ptolemy.util.test.WatchDog.cancel(): canceling Sun Feb 10 03:33:23 UTC 2019
------------------ testing $PTII/ptolemy/domains/de/test/auto/DepthTest6.xml
auto.tcl: Setting watchdog for 200 seconds at Sun Feb 10 03:33:23 UTC 2019
7 ms. Memory: 208384K Free: 195892K (94%)
ptolemy.util.test.WatchDog.cancel(): canceling Sun Feb 10 03:33:23 UTC 2019
auto.tcl: Setting watchdog for 200 seconds at Sun Feb 10 03:33:23 UTC 2019
2 ms. Memory: 208384K Free: 195892K (94%)
ptolemy.util.test.WatchDog.cancel(): canceling Sun Feb 10 03:33:23 UTC 2019
------------------ testing $PTII/ptolemy/domains/de/test/auto/DepthTest7.xml
auto.tcl: Setting watchdog for 200 seconds at Sun Feb 10 03:33:23 UTC 2019
2 ms. Memory: 208384K Free: 195857K (94%)
ptolemy.util.test.WatchDog.cancel(): canceling Sun Feb 10 03:33:23 UTC 2019
auto.tcl: Setting watchdog for 200 seconds at Sun Feb 10 03:33:23 UTC 2019
2 ms. Memory: 208384K Free: 195857K (94%)
ptolemy.util.test.WatchDog.cancel(): canceling Sun Feb 10 03:33:23 UTC 2019
------------------ testing $PTII/ptolemy/domains/de/test/auto/EventToDate.xml
auto.tcl: Setting watchdog for 200 seconds at Sun Feb 10 03:33:23 UTC 2019
3008 ms. Memory: 208384K Free: 185035K (89%)
ptolemy.util.test.WatchDog.cancel(): canceling Sun Feb 10 03:33:26 UTC 2019
auto.tcl: Setting watchdog for 200 seconds at Sun Feb 10 03:33:26 UTC 2019
3004 ms. Memory: 208384K Free: 182943K (88%)
ptolemy.util.test.WatchDog.cancel(): canceling Sun Feb 10 03:33:29 UTC 2019
------------------ testing $PTII/ptolemy/domains/de/test/auto/FSM1.xml
auto.tcl: Setting watchdog for 200 seconds at Sun Feb 10 03:33:30 UTC 2019
16 ms. Memory: 208384K Free: 188932K (91%)
ptolemy.util.test.WatchDog.cancel(): canceling Sun Feb 10 03:33:30 UTC 2019
auto.tcl: Setting watchdog for 200 seconds at Sun Feb 10 03:33:30 UTC 2019
15 ms. Memory: 208384K Free: 184763K (89%)
ptolemy.util.test.WatchDog.cancel(): canceling Sun Feb 10 03:33:30 UTC 2019
------------------ testing $PTII/ptolemy/domains/de/test/auto/FSM7.xml
auto.tcl: Setting watchdog for 200 seconds at Sun Feb 10 03:33:30 UTC 2019
26 ms. Memory: 208384K Free: 189135K (91%)
ptolemy.util.test.WatchDog.cancel(): canceling Sun Feb 10 03:33:30 UTC 2019
auto.tcl: Setting watchdog for 200 seconds at Sun Feb 10 03:33:30 UTC 2019
18 ms. Memory: 208384K Free: 184966K (89%)
ptolemy.util.test.WatchDog.cancel(): canceling Sun Feb 10 03:33:30 UTC 2019
------------------ testing $PTII/ptolemy/domains/de/test/auto/Inspection.xml
auto.tcl: Setting watchdog for 200 seconds at Sun Feb 10 03:33:30 UTC 2019
29 ms. Memory: 208384K Free: 188248K (90%)
ptolemy.util.test.WatchDog.cancel(): canceling Sun Feb 10 03:33:30 UTC 2019
auto.tcl: Setting watchdog for 200 seconds at Sun Feb 10 03:33:30 UTC 2019
37 ms. Memory: 208384K Free: 186171K (89%)
ptolemy.util.test.WatchDog.cancel(): canceling Sun Feb 10 03:33:30 UTC 2019
------------------ testing $PTII/ptolemy/domains/de/test/auto/Iteration.xml
auto.tcl: Setting watchdog for 200 seconds at Sun Feb 10 03:33:30 UTC 2019
12 ms. Memory: 208384K Free: 196180K (94%)
ptolemy.util.test.WatchDog.cancel(): canceling Sun Feb 10 03:33:30 UTC 2019
auto.tcl: Setting watchdog for 200 seconds at Sun Feb 10 03:33:30 UTC 2019
12 ms. Memory: 208384K Free: 194096K (93%)
ptolemy.util.test.WatchDog.cancel(): canceling Sun Feb 10 03:33:30 UTC 2019
------------------ testing $PTII/ptolemy/domains/de/test/auto/LineFault.xml
auto.tcl: Setting watchdog for 200 seconds at Sun Feb 10 03:33:30 UTC 2019
769 ms. Memory: 208384K Free: 200710K (96%)
ptolemy.util.test.WatchDog.cancel(): canceling Sun Feb 10 03:33:31 UTC 2019
auto.tcl: Setting watchdog for 200 seconds at Sun Feb 10 03:33:31 UTC 2019
579 ms. Memory: 208384K Free: 144477K (69%)
ptolemy.util.test.WatchDog.cancel(): canceling Sun Feb 10 03:33:32 UTC 2019
------------------ testing $PTII/ptolemy/domains/de/test/auto/MergeModel1Add.xml
auto.tcl: Setting watchdog for 200 seconds at Sun Feb 10 03:33:32 UTC 2019
15 ms. Memory: 331264K Free: 300270K (91%)
ptolemy.util.test.WatchDog.cancel(): canceling Sun Feb 10 03:33:32 UTC 2019
auto.tcl: Setting watchdog for 200 seconds at Sun Feb 10 03:33:32 UTC 2019
11 ms. Memory: 331264K Free: 300270K (91%)
ptolemy.util.test.WatchDog.cancel(): canceling Sun Feb 10 03:33:32 UTC 2019
------------------ testing $PTII/ptolemy/domains/de/test/auto/MergeModel2Add.xml
auto.tcl: Setting watchdog for 200 seconds at Sun Feb 10 03:33:32 UTC 2019
8 ms. Memory: 331264K Free: 305203K (92%)
ptolemy.util.test.WatchDog.cancel(): canceling Sun Feb 10 03:33:32 UTC 2019
auto.tcl: Setting watchdog for 200 seconds at Sun Feb 10 03:33:32 UTC 2019
8 ms. Memory: 331264K Free: 301601K (91%)
ptolemy.util.test.WatchDog.cancel(): canceling Sun Feb 10 03:33:32 UTC 2019
------------------ testing $PTII/ptolemy/domains/de/test/auto/MergeModel3Add.xml
auto.tcl: Setting watchdog for 200 seconds at Sun Feb 10 03:33:32 UTC 2019
12 ms. Memory: 331264K Free: 305206K (92%)
ptolemy.util.test.WatchDog.cancel(): canceling Sun Feb 10 03:33:32 UTC 2019
auto.tcl: Setting watchdog for 200 seconds at Sun Feb 10 03:33:32 UTC 2019
11 ms. Memory: 331264K Free: 301596K (91%)
ptolemy.util.test.WatchDog.cancel(): canceling Sun Feb 10 03:33:32 UTC 2019
------------------ testing $PTII/ptolemy/domains/de/test/auto/MergeWithoutDiscard.xml
auto.tcl: Setting watchdog for 200 seconds at Sun Feb 10 03:33:32 UTC 2019
2 ms. Memory: 331264K Free: 316699K (96%)
ptolemy.util.test.WatchDog.cancel(): canceling Sun Feb 10 03:33:32 UTC 2019
auto.tcl: Setting watchdog for 200 seconds at Sun Feb 10 03:33:32 UTC 2019
1 ms. Memory: 331264K Free: 316699K (96%)
ptolemy.util.test.WatchDog.cancel(): canceling Sun Feb 10 03:33:32 UTC 2019
------------------ testing $PTII/ptolemy/domains/de/test/auto/Modal1.xml
auto.tcl: Setting watchdog for 200 seconds at Sun Feb 10 03:33:32 UTC 2019
15 ms. Memory: 331264K Free: 309837K (94%)
ptolemy.util.test.WatchDog.cancel(): canceling Sun Feb 10 03:33:32 UTC 2019
auto.tcl: Setting watchdog for 200 seconds at Sun Feb 10 03:33:32 UTC 2019
18 ms. Memory: 331264K Free: 306227K (92%)
ptolemy.util.test.WatchDog.cancel(): canceling Sun Feb 10 03:33:32 UTC 2019
------------------ testing $PTII/ptolemy/domains/de/test/auto/Modal2.xml
auto.tcl: Setting watchdog for 200 seconds at Sun Feb 10 03:33:32 UTC 2019
14 ms. Memory: 331264K Free: 309702K (93%)
ptolemy.util.test.WatchDog.cancel(): canceling Sun Feb 10 03:33:32 UTC 2019
auto.tcl: Setting watchdog for 200 seconds at Sun Feb 10 03:33:32 UTC 2019
10 ms. Memory: 331264K Free: 306100K (92%)
ptolemy.util.test.WatchDog.cancel(): canceling Sun Feb 10 03:33:32 UTC 2019
------------------ testing $PTII/ptolemy/domains/de/test/auto/Modal3.xml
auto.tcl: Setting watchdog for 200 seconds at Sun Feb 10 03:33:32 UTC 2019
10 ms. Memory: 331264K Free: 309700K (93%)
ptolemy.util.test.WatchDog.cancel(): canceling Sun Feb 10 03:33:32 UTC 2019
auto.tcl: Setting watchdog for 200 seconds at Sun Feb 10 03:33:32 UTC 2019
10 ms. Memory: 331264K Free: 306098K (92%)
ptolemy.util.test.WatchDog.cancel(): canceling Sun Feb 10 03:33:32 UTC 2019
------------------ testing $PTII/ptolemy/domains/de/test/auto/Modal4.xml
auto.tcl: Setting watchdog for 200 seconds at Sun Feb 10 03:33:32 UTC 2019
21 ms. Memory: 331264K Free: 309714K (93%)
ptolemy.util.test.WatchDog.cancel(): canceling Sun Feb 10 03:33:33 UTC 2019
auto.tcl: Setting watchdog for 200 seconds at Sun Feb 10 03:33:33 UTC 2019
15 ms. Memory: 331264K Free: 306096K (92%)
ptolemy.util.test.WatchDog.cancel(): canceling Sun Feb 10 03:33:33 UTC 2019
------------------ testing $PTII/ptolemy/domains/de/test/auto/Modal5.xml
auto.tcl: Setting watchdog for 200 seconds at Sun Feb 10 03:33:33 UTC 2019
15 ms. Memory: 331264K Free: 309717K (93%)
ptolemy.util.test.WatchDog.cancel(): canceling Sun Feb 10 03:33:33 UTC 2019
auto.tcl: Setting watchdog for 200 seconds at Sun Feb 10 03:33:33 UTC 2019
12 ms. Memory: 331264K Free: 306099K (92%)
ptolemy.util.test.WatchDog.cancel(): canceling Sun Feb 10 03:33:33 UTC 2019
------------------ testing $PTII/ptolemy/domains/de/test/auto/Modal6.xml
auto.tcl: Setting watchdog for 200 seconds at Sun Feb 10 03:33:33 UTC 2019
15 ms. Memory: 331264K Free: 309730K (93%)
ptolemy.util.test.WatchDog.cancel(): canceling Sun Feb 10 03:33:33 UTC 2019
auto.tcl: Setting watchdog for 200 seconds at Sun Feb 10 03:33:33 UTC 2019
14 ms. Memory: 331264K Free: 306128K (92%)
ptolemy.util.test.WatchDog.cancel(): canceling Sun Feb 10 03:33:33 UTC 2019
------------------ testing $PTII/ptolemy/domains/de/test/auto/Modal7.xml
auto.tcl: Setting watchdog for 200 seconds at Sun Feb 10 03:33:33 UTC 2019
17 ms. Memory: 331264K Free: 306112K (92%)
ptolemy.util.test.WatchDog.cancel(): canceling Sun Feb 10 03:33:33 UTC 2019
auto.tcl: Setting watchdog for 200 seconds at Sun Feb 10 03:33:33 UTC 2019
10 ms. Memory: 331264K Free: 302494K (91%)
ptolemy.util.test.WatchDog.cancel(): canceling Sun Feb 10 03:33:33 UTC 2019
------------------ testing $PTII/ptolemy/domains/de/test/auto/ModalModel.xml
auto.tcl: Setting watchdog for 200 seconds at Sun Feb 10 03:33:33 UTC 2019
197 ms. Memory: 331264K Free: 246759K (74%)
ptolemy.util.test.WatchDog.cancel(): canceling Sun Feb 10 03:33:33 UTC 2019
auto.tcl: Setting watchdog for 200 seconds at Sun Feb 10 03:33:33 UTC 2019
176 ms. Memory: 331264K Free: 189039K (57%)
ptolemy.util.test.WatchDog.cancel(): canceling Sun Feb 10 03:33:33 UTC 2019
------------------ testing $PTII/ptolemy/domains/de/test/auto/ModalSource.xml
auto.tcl: Setting watchdog for 200 seconds at Sun Feb 10 03:33:33 UTC 2019
9 ms. Memory: 331264K Free: 315857K (95%)
ptolemy.util.test.WatchDog.cancel(): canceling Sun Feb 10 03:33:33 UTC 2019
auto.tcl: Setting watchdog for 200 seconds at Sun Feb 10 03:33:33 UTC 2019
6 ms. Memory: 331264K Free: 312564K (94%)
ptolemy.util.test.WatchDog.cancel(): canceling Sun Feb 10 03:33:33 UTC 2019
------------------ testing $PTII/ptolemy/domains/de/test/auto/NonInterruptibleTimerZeroDelay.xml
auto.tcl: Setting watchdog for 200 seconds at Sun Feb 10 03:33:33 UTC 2019
4 ms. Memory: 331264K Free: 320242K (97%)
ptolemy.util.test.WatchDog.cancel(): canceling Sun Feb 10 03:33:33 UTC 2019
auto.tcl: Setting watchdog for 200 seconds at Sun Feb 10 03:33:33 UTC 2019
2 ms. Memory: 331264K Free: 316948K (96%)
ptolemy.util.test.WatchDog.cancel(): canceling Sun Feb 10 03:33:34 UTC 2019
------------------ testing $PTII/ptolemy/domains/de/test/auto/OpenQueueingNetwork.xml
auto.tcl: Setting watchdog for 200 seconds at Sun Feb 10 03:33:34 UTC 2019
2869 ms. Memory: 573952K Free: 412720K (72%)
ptolemy.util.test.WatchDog.cancel(): canceling Sun Feb 10 03:33:37 UTC 2019
auto.tcl: Setting watchdog for 200 seconds at Sun Feb 10 03:33:37 UTC 2019
2612 ms. Memory: 550912K Free: 309331K (56%)
ptolemy.util.test.WatchDog.cancel(): canceling Sun Feb 10 03:33:39 UTC 2019
------------------ testing $PTII/ptolemy/domains/de/test/auto/OpenQueuingNetwork.xml
auto.tcl: Setting watchdog for 200 seconds at Sun Feb 10 03:33:39 UTC 2019
238 ms. Memory: 549888K Free: 443893K (81%)
ptolemy.util.test.WatchDog.cancel(): canceling Sun Feb 10 03:33:40 UTC 2019
auto.tcl: Setting watchdog for 200 seconds at Sun Feb 10 03:33:40 UTC 2019
241 ms. Memory: 549888K Free: 384583K (70%)
ptolemy.util.test.WatchDog.cancel(): canceling Sun Feb 10 03:33:40 UTC 2019
------------------ testing $PTII/ptolemy/domains/de/test/auto/PeriodicSampler.xml
auto.tcl: Setting watchdog for 200 seconds at Sun Feb 10 03:33:40 UTC 2019
3 ms. Memory: 551936K Free: 534243K (97%)
ptolemy.util.test.WatchDog.cancel(): canceling Sun Feb 10 03:33:40 UTC 2019
auto.tcl: Setting watchdog for 200 seconds at Sun Feb 10 03:33:40 UTC 2019
2 ms. Memory: 551936K Free: 534243K (97%)
ptolemy.util.test.WatchDog.cancel(): canceling Sun Feb 10 03:33:40 UTC 2019
------------------ testing $PTII/ptolemy/domains/de/test/auto/PersistentIO.xml
auto.tcl: Setting watchdog for 200 seconds at Sun Feb 10 03:33:40 UTC 2019
12 ms. Memory: 549376K Free: 526236K (96%)
ptolemy.util.test.WatchDog.cancel(): canceling Sun Feb 10 03:33:40 UTC 2019
auto.tcl: Setting watchdog for 200 seconds at Sun Feb 10 03:33:40 UTC 2019
6 ms. Memory: 549376K Free: 526236K (96%)
ptolemy.util.test.WatchDog.cancel(): canceling Sun Feb 10 03:33:40 UTC 2019
------------------ testing $PTII/ptolemy/domains/de/test/auto/PortParameterResetOnInitialize.xml
auto.tcl: Setting watchdog for 200 seconds at Sun Feb 10 03:33:40 UTC 2019
3 ms. Memory: 551424K Free: 530056K (96%)
ptolemy.util.test.WatchDog.cancel(): canceling Sun Feb 10 03:33:40 UTC 2019
auto.tcl: Setting watchdog for 200 seconds at Sun Feb 10 03:33:40 UTC 2019
2 ms. Memory: 551424K Free: 530056K (96%)
ptolemy.util.test.WatchDog.cancel(): canceling Sun Feb 10 03:33:40 UTC 2019
------------------ testing $PTII/ptolemy/domains/de/test/auto/PortParameterUpdates.xml
auto.tcl: Setting watchdog for 200 seconds at Sun Feb 10 03:33:40 UTC 2019
5 ms. Memory: 549376K Free: 528141K (96%)
ptolemy.util.test.WatchDog.cancel(): canceling Sun Feb 10 03:33:40 UTC 2019
auto.tcl: Setting watchdog for 200 seconds at Sun Feb 10 03:33:40 UTC 2019
3 ms. Memory: 549376K Free: 527598K (96%)
ptolemy.util.test.WatchDog.cancel(): canceling Sun Feb 10 03:33:40 UTC 2019
------------------ testing $PTII/ptolemy/domains/de/test/auto/QueueAndServer.xml
auto.tcl: Setting watchdog for 200 seconds at Sun Feb 10 03:33:40 UTC 2019
14 ms. Memory: 551424K Free: 534289K (97%)
ptolemy.util.test.WatchDog.cancel(): canceling Sun Feb 10 03:33:40 UTC 2019
auto.tcl: Setting watchdog for 200 seconds at Sun Feb 10 03:33:40 UTC 2019
6 ms. Memory: 551424K Free: 527683K (96%)
ptolemy.util.test.WatchDog.cancel(): canceling Sun Feb 10 03:33:40 UTC 2019
------------------ testing $PTII/ptolemy/domains/de/test/auto/Records.xml
auto.tcl: Setting watchdog for 200 seconds at Sun Feb 10 03:33:40 UTC 2019
3 ms. Memory: 549376K Free: 532184K (97%)
ptolemy.util.test.WatchDog.cancel(): canceling Sun Feb 10 03:33:40 UTC 2019
auto.tcl: Setting watchdog for 200 seconds at Sun Feb 10 03:33:40 UTC 2019
2 ms. Memory: 549376K Free: 532184K (97%)
ptolemy.util.test.WatchDog.cancel(): canceling Sun Feb 10 03:33:40 UTC 2019
------------------ testing $PTII/ptolemy/domains/de/test/auto/ResetTransitionWithStartTime1.xml
auto.tcl: Setting watchdog for 200 seconds at Sun Feb 10 03:33:40 UTC 2019
7 ms. Memory: 551424K Free: 534800K (97%)
ptolemy.util.test.WatchDog.cancel(): canceling Sun Feb 10 03:33:40 UTC 2019
auto.tcl: Setting watchdog for 200 seconds at Sun Feb 10 03:33:40 UTC 2019
5 ms. Memory: 551424K Free: 528194K (96%)
ptolemy.util.test.WatchDog.cancel(): canceling Sun Feb 10 03:33:40 UTC 2019
------------------ testing $PTII/ptolemy/domains/de/test/auto/ResetTransitionWithStartTime2.xml
auto.tcl: Setting watchdog for 200 seconds at Sun Feb 10 03:33:40 UTC 2019
4 ms. Memory: 549376K Free: 532200K (97%)
ptolemy.util.test.WatchDog.cancel(): canceling Sun Feb 10 03:33:40 UTC 2019
auto.tcl: Setting watchdog for 200 seconds at Sun Feb 10 03:33:40 UTC 2019
5 ms. Memory: 549376K Free: 525595K (96%)
ptolemy.util.test.WatchDog.cancel(): canceling Sun Feb 10 03:33:40 UTC 2019
------------------ testing $PTII/ptolemy/domains/de/test/auto/ResetTransitionWithStartTime3.xml
auto.tcl: Setting watchdog for 200 seconds at Sun Feb 10 03:33:40 UTC 2019
6 ms. Memory: 550912K Free: 533735K (97%)
ptolemy.util.test.WatchDog.cancel(): canceling Sun Feb 10 03:33:40 UTC 2019
auto.tcl: Setting watchdog for 200 seconds at Sun Feb 10 03:33:40 UTC 2019
6 ms. Memory: 550912K Free: 527129K (96%)
ptolemy.util.test.WatchDog.cancel(): canceling Sun Feb 10 03:33:41 UTC 2019
------------------ testing $PTII/ptolemy/domains/de/test/auto/ResetTransitionWithStartTime4.xml
auto.tcl: Setting watchdog for 200 seconds at Sun Feb 10 03:33:41 UTC 2019
3 ms. Memory: 549376K Free: 532198K (97%)
ptolemy.util.test.WatchDog.cancel(): canceling Sun Feb 10 03:33:41 UTC 2019
auto.tcl: Setting watchdog for 200 seconds at Sun Feb 10 03:33:41 UTC 2019
4 ms. Memory: 549376K Free: 525600K (96%)
ptolemy.util.test.WatchDog.cancel(): canceling Sun Feb 10 03:33:41 UTC 2019
------------------ testing $PTII/ptolemy/domains/de/test/auto/ResettableTimer1.xml
auto.tcl: Setting watchdog for 200 seconds at Sun Feb 10 03:33:41 UTC 2019
4 ms. Memory: 550912K Free: 534273K (97%)
ptolemy.util.test.WatchDog.cancel(): canceling Sun Feb 10 03:33:41 UTC 2019
auto.tcl: Setting watchdog for 200 seconds at Sun Feb 10 03:33:41 UTC 2019
2 ms. Memory: 550912K Free: 534273K (97%)
ptolemy.util.test.WatchDog.cancel(): canceling Sun Feb 10 03:33:41 UTC 2019
------------------ testing $PTII/ptolemy/domains/de/test/auto/ResettableTimer2.xml
auto.tcl: Setting watchdog for 200 seconds at Sun Feb 10 03:33:41 UTC 2019
2 ms. Memory: 549376K Free: 532795K (97%)
ptolemy.util.test.WatchDog.cancel(): canceling Sun Feb 10 03:33:41 UTC 2019
auto.tcl: Setting watchdog for 200 seconds at Sun Feb 10 03:33:41 UTC 2019
2 ms. Memory: 549376K Free: 532795K (97%)
ptolemy.util.test.WatchDog.cancel(): canceling Sun Feb 10 03:33:41 UTC 2019
------------------ testing $PTII/ptolemy/domains/de/test/auto/ResettableTimer3.xml
auto.tcl: Setting watchdog for 200 seconds at Sun Feb 10 03:33:41 UTC 2019
3 ms. Memory: 550912K Free: 529108K (96%)
ptolemy.util.test.WatchDog.cancel(): canceling Sun Feb 10 03:33:41 UTC 2019
auto.tcl: Setting watchdog for 200 seconds at Sun Feb 10 03:33:41 UTC 2019
1 ms. Memory: 550912K Free: 529108K (96%)
ptolemy.util.test.WatchDog.cancel(): canceling Sun Feb 10 03:33:41 UTC 2019
------------------ testing $PTII/ptolemy/domains/de/test/auto/ResettableTimer4.xml
auto.tcl: Setting watchdog for 200 seconds at Sun Feb 10 03:33:41 UTC 2019
1 ms. Memory: 549376K Free: 532807K (97%)
ptolemy.util.test.WatchDog.cancel(): canceling Sun Feb 10 03:33:41 UTC 2019
auto.tcl: Setting watchdog for 200 seconds at Sun Feb 10 03:33:41 UTC 2019
1 ms. Memory: 549376K Free: 532807K (97%)
ptolemy.util.test.WatchDog.cancel(): canceling Sun Feb 10 03:33:41 UTC 2019
------------------ testing $PTII/ptolemy/domains/de/test/auto/ResettableTimer5.xml
auto.tcl: Setting watchdog for 200 seconds at Sun Feb 10 03:33:41 UTC 2019
1 ms. Memory: 550400K Free: 528607K (96%)
ptolemy.util.test.WatchDog.cancel(): canceling Sun Feb 10 03:33:41 UTC 2019
auto.tcl: Setting watchdog for 200 seconds at Sun Feb 10 03:33:41 UTC 2019
1 ms. Memory: 550400K Free: 528607K (96%)
ptolemy.util.test.WatchDog.cancel(): canceling Sun Feb 10 03:33:41 UTC 2019
------------------ testing $PTII/ptolemy/domains/de/test/auto/ResettableTimer6.xml
auto.tcl: Setting watchdog for 200 seconds at Sun Feb 10 03:33:41 UTC 2019
2 ms. Memory: 549376K Free: 522852K (95%)
ptolemy.util.test.WatchDog.cancel(): canceling Sun Feb 10 03:33:41 UTC 2019
auto.tcl: Setting watchdog for 200 seconds at Sun Feb 10 03:33:41 UTC 2019
1 ms. Memory: 549376K Free: 522852K (95%)
ptolemy.util.test.WatchDog.cancel(): canceling Sun Feb 10 03:33:41 UTC 2019
------------------ testing $PTII/ptolemy/domains/de/test/auto/ServerZeroDelay.xml
auto.tcl: Setting watchdog for 200 seconds at Sun Feb 10 03:33:41 UTC 2019
4 ms. Memory: 550400K Free: 533770K (97%)
ptolemy.util.test.WatchDog.cancel(): canceling Sun Feb 10 03:33:41 UTC 2019
auto.tcl: Setting watchdog for 200 seconds at Sun Feb 10 03:33:41 UTC 2019
2 ms. Memory: 550400K Free: 533770K (97%)
ptolemy.util.test.WatchDog.cancel(): canceling Sun Feb 10 03:33:41 UTC 2019
------------------ testing $PTII/ptolemy/domains/de/test/auto/SmartSender.xml
auto.tcl: Setting watchdog for 200 seconds at Sun Feb 10 03:33:41 UTC 2019
3002 ms. Memory: 549376K Free: 532741K (97%)
ptolemy.util.test.WatchDog.cancel(): canceling Sun Feb 10 03:33:44 UTC 2019
auto.tcl: Setting watchdog for 200 seconds at Sun Feb 10 03:33:44 UTC 2019
3002 ms. Memory: 549376K Free: 532741K (97%)
ptolemy.util.test.WatchDog.cancel(): canceling Sun Feb 10 03:33:47 UTC 2019
------------------ testing $PTII/ptolemy/domains/de/test/auto/ThreadedComposite.xml
auto.tcl: Setting watchdog for 200 seconds at Sun Feb 10 03:33:47 UTC 2019
169 ms. Memory: 550400K Free: 512606K (93%)
ptolemy.util.test.WatchDog.cancel(): canceling Sun Feb 10 03:33:47 UTC 2019
auto.tcl: Setting watchdog for 200 seconds at Sun Feb 10 03:33:47 UTC 2019
229 ms. Memory: 550400K Free: 487281K (89%)
ptolemy.util.test.WatchDog.cancel(): canceling Sun Feb 10 03:33:47 UTC 2019
------------------ testing $PTII/ptolemy/domains/de/test/auto/Time.xml
auto.tcl: Setting watchdog for 200 seconds at Sun Feb 10 03:33:48 UTC 2019
547 ms. Memory: 549376K Free: 480445K (87%)
ptolemy.util.test.WatchDog.cancel(): canceling Sun Feb 10 03:33:48 UTC 2019
auto.tcl: Setting watchdog for 200 seconds at Sun Feb 10 03:33:48 UTC 2019
580 ms. Memory: 549376K Free: 427726K (78%)
ptolemy.util.test.WatchDog.cancel(): canceling Sun Feb 10 03:33:49 UTC 2019
------------------ testing $PTII/ptolemy/domains/de/test/auto/TimeDelayZeroDelay.xml
auto.tcl: Setting watchdog for 200 seconds at Sun Feb 10 03:33:49 UTC 2019
2 ms. Memory: 550400K Free: 533143K (97%)
ptolemy.util.test.WatchDog.cancel(): canceling Sun Feb 10 03:33:49 UTC 2019
auto.tcl: Setting watchdog for 200 seconds at Sun Feb 10 03:33:49 UTC 2019
2 ms. Memory: 550400K Free: 533143K (97%)
ptolemy.util.test.WatchDog.cancel(): canceling Sun Feb 10 03:33:49 UTC 2019
------------------ testing $PTII/ptolemy/domains/de/test/auto/TimerZeroDelay.xml
auto.tcl: Setting watchdog for 200 seconds at Sun Feb 10 03:33:49 UTC 2019
2 ms. Memory: 549376K Free: 532706K (97%)
ptolemy.util.test.WatchDog.cancel(): canceling Sun Feb 10 03:33:49 UTC 2019
auto.tcl: Setting watchdog for 200 seconds at Sun Feb 10 03:33:49 UTC 2019
2 ms. Memory: 549376K Free: 532706K (97%)
ptolemy.util.test.WatchDog.cancel(): canceling Sun Feb 10 03:33:49 UTC 2019
------------------ testing $PTII/ptolemy/domains/de/test/auto/TimingParadox.xml
auto.tcl: Setting watchdog for 200 seconds at Sun Feb 10 03:33:49 UTC 2019
408 ms. Memory: 549888K Free: 462239K (84%)
ptolemy.util.test.WatchDog.cancel(): canceling Sun Feb 10 03:33:49 UTC 2019
auto.tcl: Setting watchdog for 200 seconds at Sun Feb 10 03:33:49 UTC 2019
386 ms. Memory: 549888K Free: 429290K (78%)
ptolemy.util.test.WatchDog.cancel(): canceling Sun Feb 10 03:33:50 UTC 2019
------------------ testing $PTII/ptolemy/domains/de/test/auto/TransferInputs.xml
auto.tcl: Setting watchdog for 200 seconds at Sun Feb 10 03:33:50 UTC 2019
1 ms. Memory: 549888K Free: 532177K (97%)
ptolemy.util.test.WatchDog.cancel(): canceling Sun Feb 10 03:33:50 UTC 2019
auto.tcl: Setting watchdog for 200 seconds at Sun Feb 10 03:33:50 UTC 2019
2 ms. Memory: 549888K Free: 532177K (97%)
ptolemy.util.test.WatchDog.cancel(): canceling Sun Feb 10 03:33:50 UTC 2019
------------------ testing $PTII/ptolemy/domains/de/test/auto/TransferOutputs2.xml
auto.tcl: Setting watchdog for 200 seconds at Sun Feb 10 03:33:50 UTC 2019
3 ms. Memory: 549376K Free: 526161K (96%)
ptolemy.util.test.WatchDog.cancel(): canceling Sun Feb 10 03:33:50 UTC 2019
auto.tcl: Setting watchdog for 200 seconds at Sun Feb 10 03:33:50 UTC 2019
3 ms. Memory: 549376K Free: 526161K (96%)
ptolemy.util.test.WatchDog.cancel(): canceling Sun Feb 10 03:33:50 UTC 2019
------------------ testing $PTII/ptolemy/domains/de/test/auto/Trilateration.xml
auto.tcl: Setting watchdog for 200 seconds at Sun Feb 10 03:33:50 UTC 2019
15477 ms. Memory: 453632K Free: 73466K (16%)
ptolemy.util.test.WatchDog.cancel(): canceling Sun Feb 10 03:34:06 UTC 2019
auto.tcl: Setting watchdog for 200 seconds at Sun Feb 10 03:34:06 UTC 2019
15385 ms. Memory: 331264K Free: 94315K (28%)
ptolemy.util.test.WatchDog.cancel(): canceling Sun Feb 10 03:34:22 UTC 2019
------------------ testing $PTII/ptolemy/domains/de/test/auto/TwoSigmaDelta.xml
auto.tcl: Setting watchdog for 200 seconds at Sun Feb 10 03:34:22 UTC 2019
2884 ms. Memory: 320000K Free: 248031K (78%)
ptolemy.util.test.WatchDog.cancel(): canceling Sun Feb 10 03:34:25 UTC 2019
auto.tcl: Setting watchdog for 200 seconds at Sun Feb 10 03:34:25 UTC 2019
2510 ms. Memory: 307712K Free: 232407K (76%)
ptolemy.util.test.WatchDog.cancel(): canceling Sun Feb 10 03:34:28 UTC 2019
------------------ testing $PTII/ptolemy/domains/de/test/auto/VariableDelay.xml
auto.tcl: Setting watchdog for 200 seconds at Sun Feb 10 03:34:28 UTC 2019
3 ms. Memory: 309760K Free: 292962K (95%)
ptolemy.util.test.WatchDog.cancel(): canceling Sun Feb 10 03:34:28 UTC 2019
auto.tcl: Setting watchdog for 200 seconds at Sun Feb 10 03:34:28 UTC 2019
2 ms. Memory: 309760K Free: 292962K (95%)
ptolemy.util.test.WatchDog.cancel(): canceling Sun Feb 10 03:34:28 UTC 2019
------------------ testing $PTII/ptolemy/domains/de/test/auto/VariableDelay2.xml
auto.tcl: Setting watchdog for 200 seconds at Sun Feb 10 03:34:28 UTC 2019
7 ms. Memory: 307712K Free: 293582K (95%)
ptolemy.util.test.WatchDog.cancel(): canceling Sun Feb 10 03:34:28 UTC 2019
auto.tcl: Setting watchdog for 200 seconds at Sun Feb 10 03:34:28 UTC 2019
2 ms. Memory: 307712K Free: 293582K (95%)
ptolemy.util.test.WatchDog.cancel(): canceling Sun Feb 10 03:34:28 UTC 2019
------------------ testing $PTII/ptolemy/domains/de/test/auto/VariableDelayZeroDelay.xml
auto.tcl: Setting watchdog for 200 seconds at Sun Feb 10 03:34:28 UTC 2019
2 ms. Memory: 309248K Free: 298338K (96%)
ptolemy.util.test.WatchDog.cancel(): canceling Sun Feb 10 03:34:28 UTC 2019
auto.tcl: Setting watchdog for 200 seconds at Sun Feb 10 03:34:28 UTC 2019
2 ms. Memory: 309248K Free: 295135K (95%)
ptolemy.util.test.WatchDog.cancel(): canceling Sun Feb 10 03:34:28 UTC 2019
------------------ testing $PTII/ptolemy/domains/de/test/auto/VariableDelayZeroDelay2.xml
auto.tcl: Setting watchdog for 200 seconds at Sun Feb 10 03:34:28 UTC 2019
2 ms. Memory: 307712K Free: 291335K (95%)
ptolemy.util.test.WatchDog.cancel(): canceling Sun Feb 10 03:34:28 UTC 2019
auto.tcl: Setting watchdog for 200 seconds at Sun Feb 10 03:34:28 UTC 2019
2 ms. Memory: 307712K Free: 291335K (95%)
ptolemy.util.test.WatchDog.cancel(): canceling Sun Feb 10 03:34:28 UTC 2019
------------------ testing $PTII/ptolemy/domains/de/test/auto/deInCt.xml
auto.tcl: Setting watchdog for 200 seconds at Sun Feb 10 03:34:28 UTC 2019
0
1
1
1
0
0
1
1
0
0
0
1
1
1
0
0
0
1
1
1
0
0
0
1
1
1
1
1
1
0
0
0
1
1
1
0
0
0
0
1
1
1
0
0
0
0
11 ms. Memory: 309248K Free: 292848K (95%)
ptolemy.util.test.WatchDog.cancel(): canceling Sun Feb 10 03:34:28 UTC 2019
auto.tcl: Setting watchdog for 200 seconds at Sun Feb 10 03:34:28 UTC 2019
0
1
1
0
0
0
1
1
1
1
0
0
0
1
1
0
0
0
1
1
1
0
0
0
0
0
0
0
0
1
1
1
0
0
0
7 ms. Memory: 309248K Free: 292848K (95%)
ptolemy.util.test.WatchDog.cancel(): canceling Sun Feb 10 03:34:28 UTC 2019
------------------ testing $PTII/ptolemy/domains/de/test/auto/deInCt2.xml
auto.tcl: Setting watchdog for 200 seconds at Sun Feb 10 03:34:28 UTC 2019
0
1
1
1
0
0
1
1
1
0
0
1
1
1
0
0
1
1
1
0
0
1
1
1
0
0
1
1
1
0
0
1
1
1
0
0
1
1
1
0
0
0
12 ms. Memory: 307712K Free: 293574K (95%)
ptolemy.util.test.WatchDog.cancel(): canceling Sun Feb 10 03:34:28 UTC 2019
auto.tcl: Setting watchdog for 200 seconds at Sun Feb 10 03:34:28 UTC 2019
0
1
1
1
0
0
1
1
1
0
0
1
1
1
0
0
1
1
1
0
0
1
1
1
0
0
1
1
1
0
0
1
1
1
0
0
1
1
1
0
0
0
4 ms. Memory: 307712K Free: 293574K (95%)
ptolemy.util.test.WatchDog.cancel(): canceling Sun Feb 10 03:34:28 UTC 2019
------------------ testing $PTII/ptolemy/domains/de/test/auto/dynamicCausalityInterface1.xml
auto.tcl: Setting watchdog for 200 seconds at Sun Feb 10 03:34:28 UTC 2019
1 ms. Memory: 308736K Free: 291412K (94%)
ptolemy.util.test.WatchDog.cancel(): canceling Sun Feb 10 03:34:28 UTC 2019
auto.tcl: Setting watchdog for 200 seconds at Sun Feb 10 03:34:28 UTC 2019
1 ms. Memory: 308736K Free: 288209K (93%)
ptolemy.util.test.WatchDog.cancel(): canceling Sun Feb 10 03:34:28 UTC 2019
------------------ testing $PTII/ptolemy/domains/de/test/auto/fsm_de_test.xml
auto.tcl: Setting watchdog for 200 seconds at Sun Feb 10 03:34:28 UTC 2019
6 ms. Memory: 307712K Free: 288043K (94%)
ptolemy.util.test.WatchDog.cancel(): canceling Sun Feb 10 03:34:28 UTC 2019
auto.tcl: Setting watchdog for 200 seconds at Sun Feb 10 03:34:28 UTC 2019
4 ms. Memory: 307712K Free: 284841K (93%)
ptolemy.util.test.WatchDog.cancel(): canceling Sun Feb 10 03:34:28 UTC 2019
------------------ testing $PTII/ptolemy/domains/de/test/auto/functionDependencyReconstruction.xml
auto.tcl: Setting watchdog for 200 seconds at Sun Feb 10 03:34:28 UTC 2019
3 ms. Memory: 308736K Free: 282662K (92%)
ptolemy.util.test.WatchDog.cancel(): canceling Sun Feb 10 03:34:28 UTC 2019
auto.tcl: Setting watchdog for 200 seconds at Sun Feb 10 03:34:28 UTC 2019
2 ms. Memory: 308736K Free: 279475K (91%)
ptolemy.util.test.WatchDog.cancel(): canceling Sun Feb 10 03:34:28 UTC 2019
------------------ testing $PTII/ptolemy/domains/de/test/auto/multirate.xml
auto.tcl: Setting watchdog for 200 seconds at Sun Feb 10 03:34:28 UTC 2019
3 ms. Memory: 307712K Free: 293350K (95%)
ptolemy.util.test.WatchDog.cancel(): canceling Sun Feb 10 03:34:28 UTC 2019
auto.tcl: Setting watchdog for 200 seconds at Sun Feb 10 03:34:28 UTC 2019
3 ms. Memory: 307712K Free: 290128K (94%)
ptolemy.util.test.WatchDog.cancel(): canceling Sun Feb 10 03:34:28 UTC 2019
------------------ testing $PTII/ptolemy/domains/de/test/auto/multirate2.xml
auto.tcl: Setting watchdog for 200 seconds at Sun Feb 10 03:34:28 UTC 2019
3 ms. Memory: 308736K Free: 294562K (95%)
ptolemy.util.test.WatchDog.cancel(): canceling Sun Feb 10 03:34:28 UTC 2019
auto.tcl: Setting watchdog for 200 seconds at Sun Feb 10 03:34:28 UTC 2019
3 ms. Memory: 308736K Free: 291375K (94%)
ptolemy.util.test.WatchDog.cancel(): canceling Sun Feb 10 03:34:28 UTC 2019
------------------ testing $PTII/ptolemy/domains/de/test/auto/realtime.xml
auto.tcl: Setting watchdog for 200 seconds at Sun Feb 10 03:34:28 UTC 2019
10002 ms. Memory: 307712K Free: 291253K (95%)
ptolemy.util.test.WatchDog.cancel(): canceling Sun Feb 10 03:34:38 UTC 2019
auto.tcl: Setting watchdog for 200 seconds at Sun Feb 10 03:34:38 UTC 2019
10001 ms. Memory: 307712K Free: 291253K (95%)
ptolemy.util.test.WatchDog.cancel(): canceling Sun Feb 10 03:34:48 UTC 2019
------------------ testing $PTII/ptolemy/domains/de/test/auto/relationGroup.xml
auto.tcl: Setting watchdog for 200 seconds at Sun Feb 10 03:34:48 UTC 2019
3 ms. Memory: 308224K Free: 297276K (96%)
ptolemy.util.test.WatchDog.cancel(): canceling Sun Feb 10 03:34:48 UTC 2019
auto.tcl: Setting watchdog for 200 seconds at Sun Feb 10 03:34:48 UTC 2019
1 ms. Memory: 308224K Free: 297276K (96%)
ptolemy.util.test.WatchDog.cancel(): canceling Sun Feb 10 03:34:48 UTC 2019
------------------ testing $PTII/ptolemy/domains/de/test/auto/relationGroup2.xml
auto.tcl: Setting watchdog for 200 seconds at Sun Feb 10 03:34:48 UTC 2019
1 ms. Memory: 307712K Free: 294525K (96%)
ptolemy.util.test.WatchDog.cancel(): canceling Sun Feb 10 03:34:48 UTC 2019
auto.tcl: Setting watchdog for 200 seconds at Sun Feb 10 03:34:48 UTC 2019
2 ms. Memory: 307712K Free: 291339K (95%)
ptolemy.util.test.WatchDog.cancel(): canceling Sun Feb 10 03:34:49 UTC 2019
------------------ testing $PTII/ptolemy/domains/de/test/auto/sortWithOpaquePorts.xml
auto.tcl: Setting watchdog for 200 seconds at Sun Feb 10 03:34:49 UTC 2019
1 ms. Memory: 308224K Free: 291851K (95%)
ptolemy.util.test.WatchDog.cancel(): canceling Sun Feb 10 03:34:49 UTC 2019
auto.tcl: Setting watchdog for 200 seconds at Sun Feb 10 03:34:49 UTC 2019
2 ms. Memory: 308224K Free: 291851K (95%)
ptolemy.util.test.WatchDog.cancel(): canceling Sun Feb 10 03:34:49 UTC 2019
------------------ testing $PTII/ptolemy/domains/de/test/auto/transferInputsandOutputs.xml
auto.tcl: Setting watchdog for 200 seconds at Sun Feb 10 03:34:49 UTC 2019
2 ms. Memory: 307712K Free: 291291K (95%)
ptolemy.util.test.WatchDog.cancel(): canceling Sun Feb 10 03:34:49 UTC 2019
auto.tcl: Setting watchdog for 200 seconds at Sun Feb 10 03:34:49 UTC 2019
2 ms. Memory: 307712K Free: 288089K (94%)
ptolemy.util.test.WatchDog.cancel(): canceling Sun Feb 10 03:34:49 UTC 2019
------------------ testing $PTII/ptolemy/domains/de/test/auto/triggerType.xml
auto.tcl: Setting watchdog for 200 seconds at Sun Feb 10 03:34:49 UTC 2019
2 ms. Memory: 308224K Free: 294975K (96%)
ptolemy.util.test.WatchDog.cancel(): canceling Sun Feb 10 03:34:49 UTC 2019
auto.tcl: Setting watchdog for 200 seconds at Sun Feb 10 03:34:49 UTC 2019
1 ms. Memory: 308224K Free: 291781K (95%)
ptolemy.util.test.WatchDog.cancel(): canceling Sun Feb 10 03:34:49 UTC 2019
02/10/19 03:34:49
Failed: 0  Total Tests: 192  ((Passed: 187, Newly Passed: 1)  Known Failed: 5) /home/travis/build/icyphy/ptII/ptolemy/domains/de/test
02/10/19 03:34:49
Failed: 0  Total Tests: 192  ((Passed: 187, Newly Passed: 1)  Known Failed: 5) /home/travis/build/icyphy/ptII/ptolemy/domains/de/test
----------------- testing (KnownFailure) /home/travis/build/icyphy/ptII/ptolemy/domains/de/test/auto/knownFailedTests/DESDFClockTest.xml
2010 ms. Memory: 307712K Free: 285428K (93%)
Known Failure: java.lang.reflect.InvocationTargetException
----------------- testing (KnownFailure) /home/travis/build/icyphy/ptII/ptolemy/domains/de/test/auto/knownFailedTests/DirectFeedback.xml
2 ms. Memory: 307712K Free: 267323K (87%)
Known Failure: java.lang.reflect.InvocationTargetException
----------------- testing (KnownFailure) /home/travis/build/icyphy/ptII/ptolemy/domains/de/test/auto/knownFailedTests/FSMSource.xml
6 ms. Memory: 307712K Free: 244693K (80%)
----------------- testing (KnownFailure) /home/travis/build/icyphy/ptII/ptolemy/domains/de/test/auto/knownFailedTests/HierarchicalModel.xml
4 ms. Memory: 307712K Free: 222030K (72%)
Known Failure: java.lang.reflect.InvocationTargetException
----------------- testing (KnownFailure) /home/travis/build/icyphy/ptII/ptolemy/domains/de/test/auto/knownFailedTests/dependencyLoop.xml
2 ms. Memory: 307712K Free: 190331K (62%)
Known Failure: java.lang.reflect.InvocationTargetException
----------------- testing (KnownFailure) /home/travis/build/icyphy/ptII/ptolemy/domains/de/test/auto/knownFailedTests/dependencyLoop2.xml
3 ms. Memory: 307712K Free: 158616K (52%)
Known Failure: java.lang.reflect.InvocationTargetException
No auto/linux-amd64/*.xml tests in /home/travis/build/icyphy/ptII/ptolemy/domains/de/test
AutoTests.java: About to close Vertx.
AutoTests.java: Vertx closed.

===========================================================================================
----------------- testing Sun Feb 10 03:34:51 UTC 2019 /home/travis/build/icyphy/ptII/ptolemy/domains/de/test/auto/ActorDepthCalculation_actorWithoutPorts.xml
----------------- Instantiating /home/travis/build/icyphy/ptII/ptolemy/domains/de/test/auto/ActorDepthCalculation_actorWithoutPorts.xml
1 ms. Memory: 307712K Free: 135985K (44%)
----------------- Invoking toplevel() on ptolemy.moml.MoMLSimpleApplication@42214ffa
----------------- Done invoking toplevel() on ptolemy.moml.MoMLSimpleApplication@42214ffa
reloadAllAccessors: .ActorDepthCalculation_actorWithoutPorts

===========================================================================================
----------------- testing Sun Feb 10 03:34:51 UTC 2019 /home/travis/build/icyphy/ptII/ptolemy/domains/de/test/auto/AssemblyLine.xml
----------------- Instantiating /home/travis/build/icyphy/ptII/ptolemy/domains/de/test/auto/AssemblyLine.xml
2 ms. Memory: 307712K Free: 122407K (40%)
----------------- Invoking toplevel() on ptolemy.moml.MoMLSimpleApplication@79d9724b
----------------- Done invoking toplevel() on ptolemy.moml.MoMLSimpleApplication@79d9724b
reloadAllAccessors: .AssemblyLine

===========================================================================================
----------------- testing Sun Feb 10 03:34:51 UTC 2019 /home/travis/build/icyphy/ptII/ptolemy/domains/de/test/auto/CQBug1.xml
----------------- Instantiating /home/travis/build/icyphy/ptII/ptolemy/domains/de/test/auto/CQBug1.xml
1 ms. Memory: 307712K Free: 113355K (37%)
----------------- Invoking toplevel() on ptolemy.moml.MoMLSimpleApplication@2c770311
----------------- Done invoking toplevel() on ptolemy.moml.MoMLSimpleApplication@2c770311
reloadAllAccessors: .CQBug1

===========================================================================================
----------------- testing Sun Feb 10 03:34:51 UTC 2019 /home/travis/build/icyphy/ptII/ptolemy/domains/de/test/auto/CancelFireAt.xml
----------------- Instantiating /home/travis/build/icyphy/ptII/ptolemy/domains/de/test/auto/CancelFireAt.xml
2 ms. Memory: 307712K Free: 104303K (34%)
----------------- Invoking toplevel() on ptolemy.moml.MoMLSimpleApplication@10fada34
----------------- Done invoking toplevel() on ptolemy.moml.MoMLSimpleApplication@10fada34
reloadAllAccessors: .CancelFireAt

===========================================================================================
----------------- testing Sun Feb 10 03:34:51 UTC 2019 /home/travis/build/icyphy/ptII/ptolemy/domains/de/test/auto/CausalityAndComposabilityAnalysis.xml
----------------- Instantiating /home/travis/build/icyphy/ptII/ptolemy/domains/de/test/auto/CausalityAndComposabilityAnalysis.xml
1 ms. Memory: 307712K Free: 95250K (31%)
----------------- Invoking toplevel() on ptolemy.moml.MoMLSimpleApplication@15cfd70f
----------------- Done invoking toplevel() on ptolemy.moml.MoMLSimpleApplication@15cfd70f
reloadAllAccessors: .CausalityAndComposabilityAnalysis

===========================================================================================
----------------- testing Sun Feb 10 03:34:51 UTC 2019 /home/travis/build/icyphy/ptII/ptolemy/domains/de/test/auto/CausalityInterface1.xml
----------------- Instantiating /home/travis/build/icyphy/ptII/ptolemy/domains/de/test/auto/CausalityInterface1.xml
4 ms. Memory: 307712K Free: 83012K (27%)
----------------- Invoking toplevel() on ptolemy.moml.MoMLSimpleApplication@893554
----------------- Done invoking toplevel() on ptolemy.moml.MoMLSimpleApplication@893554
reloadAllAccessors: .CausalityInterface1

===========================================================================================
----------------- testing Sun Feb 10 03:34:51 UTC 2019 /home/travis/build/icyphy/ptII/ptolemy/domains/de/test/auto/CausalityInterface15.xml
----------------- Instantiating /home/travis/build/icyphy/ptII/ptolemy/domains/de/test/auto/CausalityInterface15.xml
9 ms. Memory: 298496K Free: 288328K (97%)
----------------- Invoking toplevel() on ptolemy.moml.MoMLSimpleApplication@40c313fa
----------------- Done invoking toplevel() on ptolemy.moml.MoMLSimpleApplication@40c313fa
reloadAllAccessors: .CausalityInterface15

[...]
java.lang.RuntimeException: Execution failed
	at ptolemy.moml.MoMLSimpleApplication$UnloadThread.run(MoMLSimpleApplication.java:402)
Caused by: ptolemy.kernel.util.IllegalActionException: Test fails in iteration 1.
Value was: 1.0. Should have been: 2.0
  in .DirectFeedback.Test
	at ptolemy.actor.lib.Test.fire(Test.java:268)
	at ptolemy.domains.de.kernel.DEDirector._fire(DEDirector.java:1949)
	at ptolemy.domains.de.kernel.DEDirector.fire(DEDirector.java:502)
	at ptolemy.actor.CompositeActor.fire(CompositeActor.java:455)
	at ptolemy.actor.Manager.iterate(Manager.java:851)
	at ptolemy.actor.Manager.execute(Manager.java:369)
	at ptolemy.actor.Manager.run(Manager.java:1263)
	at ptolemy.actor.Manager$PtolemyRunThread.run(Manager.java:1915)
java.lang.RuntimeException: Execution failed
	at ptolemy.moml.MoMLSimpleApplication$UnloadThread.run(MoMLSimpleApplication.java:402)
Caused by: ptolemy.kernel.util.IllegalActionException: Actor is not ready to fire.  Perhaps UpSample.prefire() returned false? Try debugging the actor by selecting "Listen to Actor".  Also, for SDF check moml for tokenConsumptionRate on input.
  in .DESDFClockTest.Play Bell.Copy1:SDF Director and .DESDFClockTest.Play Bell.UpSample
	at ptolemy.actor.sched.StaticSchedulingDirector.fire(StaticSchedulingDirector.java:227)
	at ptolemy.domains.sdf.kernel.SDFDirector.fire(SDFDirector.java:500)
	at ptolemy.actor.CompositeActor.fire(CompositeActor.java:455)
	at ptolemy.domains.de.kernel.DEDirector._fire(DEDirector.java:1949)
	at ptolemy.domains.de.kernel.DEDirector.fire(DEDirector.java:502)
	at ptolemy.actor.CompositeActor.fire(CompositeActor.java:455)
	at ptolemy.actor.Manager.iterate(Manager.java:851)
	at ptolemy.actor.Manager.execute(Manager.java:369)
	at ptolemy.actor.Manager.run(Manager.java:1263)
	at ptolemy.actor.Manager$PtolemyRunThread.run(Manager.java:1915)
java.lang.reflect.InvocationTargetException
	at sun.reflect.NativeConstructorAccessorImpl.newInstance0(Native Method)
	at sun.reflect.NativeConstructorAccessorImpl.newInstance(NativeConstructorAccessorImpl.java:62)
	at sun.reflect.DelegatingConstructorAccessorImpl.newInstance(DelegatingConstructorAccessorImpl.java:45)
	at java.lang.reflect.Constructor.newInstance(Constructor.java:423)
	at ptolemy.util.test.junit.AutoKnownFailedTests.RunModel(AutoKnownFailedTests.java:105)
	at sun.reflect.NativeMethodAccessorImpl.invoke0(Native Method)
	at sun.reflect.NativeMethodAccessorImpl.invoke(NativeMethodAccessorImpl.java:62)
	at sun.reflect.DelegatingMethodAccessorImpl.invoke(DelegatingMethodAccessorImpl.java:43)
	at java.lang.reflect.Method.invoke(Method.java:498)
	at org.junit.runners.model.FrameworkMethod$1.runReflectiveCall(FrameworkMethod.java:44)
	at org.junit.internal.runners.model.ReflectiveCallable.run(ReflectiveCallable.java:15)
	at org.junit.runners.model.FrameworkMethod.invokeExplosively(FrameworkMethod.java:41)
	at junitparams.internal.InvokeParameterisedMethod.evaluate(InvokeParameterisedMethod.java:102)
	at org.junit.internal.runners.statements.FailOnTimeout$1.run(FailOnTimeout.java:28)
Caused by: ptolemy.kernel.util.IllegalActionException: Actor is not ready to fire.  Perhaps UpSample.prefire() returned false? Try debugging the actor by selecting "Listen to Actor".  Also, for SDF check moml for tokenConsumptionRate on input.
  in .DESDFClockTest.Play Bell.Copy1:SDF Director and .DESDFClockTest.Play Bell.UpSample
	at ptolemy.actor.sched.StaticSchedulingDirector.fire(StaticSchedulingDirector.java:227)
	at ptolemy.domains.sdf.kernel.SDFDirector.fire(SDFDirector.java:500)
	at ptolemy.actor.CompositeActor.fire(CompositeActor.java:455)
	at ptolemy.domains.de.kernel.DEDirector._fire(DEDirector.java:1949)
	at ptolemy.domains.de.kernel.DEDirector.fire(DEDirector.java:502)
	at ptolemy.actor.CompositeActor.fire(CompositeActor.java:455)
	at ptolemy.actor.Manager.iterate(Manager.java:851)
	at ptolemy.actor.Manager.execute(Manager.java:369)
	at ptolemy.actor.Manager.run(Manager.java:1263)
	at ptolemy.actor.Manager$PtolemyRunThread.run(Manager.java:1915)
java.lang.RuntimeException: Execution failed
	at ptolemy.moml.MoMLSimpleApplication$UnloadThread.run(MoMLSimpleApplication.java:402)
Caused by: ptolemy.kernel.util.IllegalActionException: Test fails in iteration 1.
Value was: 1.0. Should have been: 2.0
  in .DirectFeedback.Test
	at ptolemy.actor.lib.Test.fire(Test.java:268)
	at ptolemy.domains.de.kernel.DEDirector._fire(DEDirector.java:1949)
	at ptolemy.domains.de.kernel.DEDirector.fire(DEDirector.java:502)
	at ptolemy.actor.CompositeActor.fire(CompositeActor.java:455)
	at ptolemy.actor.Manager.iterate(Manager.java:851)
	at ptolemy.actor.Manager.execute(Manager.java:369)
	at ptolemy.actor.Manager.run(Manager.java:1263)
	at ptolemy.actor.Manager$PtolemyRunThread.run(Manager.java:1915)
java.lang.reflect.InvocationTargetException
	at sun.reflect.NativeConstructorAccessorImpl.newInstance0(Native Method)
	at sun.reflect.NativeConstructorAccessorImpl.newInstance(NativeConstructorAccessorImpl.java:62)
	at sun.reflect.DelegatingConstructorAccessorImpl.newInstance(DelegatingConstructorAccessorImpl.java:45)
	at java.lang.reflect.Constructor.newInstance(Constructor.java:423)
	at ptolemy.util.test.junit.AutoKnownFailedTests.RunModel(AutoKnownFailedTests.java:105)
	at sun.reflect.NativeMethodAccessorImpl.invoke0(Native Method)
	at sun.reflect.NativeMethodAccessorImpl.invoke(NativeMethodAccessorImpl.java:62)
	at sun.reflect.DelegatingMethodAccessorImpl.invoke(DelegatingMethodAccessorImpl.java:43)
	at java.lang.reflect.Method.invoke(Method.java:498)
	at org.junit.runners.model.FrameworkMethod$1.runReflectiveCall(FrameworkMethod.java:44)
	at org.junit.internal.runners.model.ReflectiveCallable.run(ReflectiveCallable.java:15)
	at org.junit.runners.model.FrameworkMethod.invokeExplosively(FrameworkMethod.java:41)
	at junitparams.internal.InvokeParameterisedMethod.evaluate(InvokeParameterisedMethod.java:102)
	at org.junit.internal.runners.statements.FailOnTimeout$1.run(FailOnTimeout.java:28)
Caused by: ptolemy.kernel.util.IllegalActionException: Test fails in iteration 1.
Value was: 1.0. Should have been: 2.0
  in .DirectFeedback.Test
	at ptolemy.actor.lib.Test.fire(Test.java:268)
	at ptolemy.domains.de.kernel.DEDirector._fire(DEDirector.java:1949)
	at ptolemy.domains.de.kernel.DEDirector.fire(DEDirector.java:502)
	at ptolemy.actor.CompositeActor.fire(CompositeActor.java:455)
	at ptolemy.actor.Manager.iterate(Manager.java:851)
	at ptolemy.actor.Manager.execute(Manager.java:369)
	at ptolemy.actor.Manager.run(Manager.java:1263)
	at ptolemy.actor.Manager$PtolemyRunThread.run(Manager.java:1915)
java.lang.RuntimeException: Execution failed
	at ptolemy.moml.MoMLSimpleApplication$UnloadThread.run(MoMLSimpleApplication.java:402)
Caused by: ptolemy.kernel.util.IllegalActionException: Found a zero delay loop containing .HierarchicalModel.A
  in .HierarchicalModel and .HierarchicalModel.A
	at ptolemy.actor.util.CausalityInterfaceForComposites._computeOutputPortDepth(CausalityInterfaceForComposites.java:759)
	at ptolemy.actor.util.CausalityInterfaceForComposites._computeInputDepth(CausalityInterfaceForComposites.java:696)
	at ptolemy.actor.util.CausalityInterfaceForComposites._computeOutputPortDepth(CausalityInterfaceForComposites.java:765)
	at ptolemy.actor.util.CausalityInterfaceForComposites._computeInputDepth(CausalityInterfaceForComposites.java:696)
	at ptolemy.actor.util.CausalityInterfaceForComposites._computeOutputPortDepth(CausalityInterfaceForComposites.java:765)
	at ptolemy.actor.util.CausalityInterfaceForComposites._computeInputDepth(CausalityInterfaceForComposites.java:696)
	at ptolemy.actor.util.CausalityInterfaceForComposites._computeActorDepth(CausalityInterfaceForComposites.java:532)
	at ptolemy.actor.util.CausalityInterfaceForComposites.checkForCycles(CausalityInterfaceForComposites.java:96)
	at ptolemy.domains.de.kernel.DEDirector.preinitialize(DEDirector.java:1338)
	at ptolemy.actor.CompositeActor.preinitialize(CompositeActor.java:1828)
	at ptolemy.actor.Manager.preinitializeAndResolveTypes(Manager.java:1040)
	at ptolemy.actor.Manager.initialize(Manager.java:710)
	at ptolemy.actor.Manager.execute(Manager.java:356)
	at ptolemy.actor.Manager.run(Manager.java:1263)
	at ptolemy.actor.Manager$PtolemyRunThread.run(Manager.java:1915)
java.lang.reflect.InvocationTargetException
	at sun.reflect.NativeConstructorAccessorImpl.newInstance0(Native Method)
	at sun.reflect.NativeConstructorAccessorImpl.newInstance(NativeConstructorAccessorImpl.java:62)
	at sun.reflect.DelegatingConstructorAccessorImpl.newInstance(DelegatingConstructorAccessorImpl.java:45)
	at java.lang.reflect.Constructor.newInstance(Constructor.java:423)
	at ptolemy.util.test.junit.AutoKnownFailedTests.RunModel(AutoKnownFailedTests.java:105)
	at sun.reflect.NativeMethodAccessorImpl.invoke0(Native Method)
	at sun.reflect.NativeMethodAccessorImpl.invoke(NativeMethodAccessorImpl.java:62)
	at sun.reflect.DelegatingMethodAccessorImpl.invoke(DelegatingMethodAccessorImpl.java:43)
	at java.lang.reflect.Method.invoke(Method.java:498)
	at org.junit.runners.model.FrameworkMethod$1.runReflectiveCall(FrameworkMethod.java:44)
	at org.junit.internal.runners.model.ReflectiveCallable.run(ReflectiveCallable.java:15)
	at org.junit.runners.model.FrameworkMethod.invokeExplosively(FrameworkMethod.java:41)
	at junitparams.internal.InvokeParameterisedMethod.evaluate(InvokeParameterisedMethod.java:102)
	at org.junit.internal.runners.statements.FailOnTimeout$1.run(FailOnTimeout.java:28)
Caused by: ptolemy.kernel.util.IllegalActionException: Found a zero delay loop containing .HierarchicalModel.A
  in .HierarchicalModel and .HierarchicalModel.A
	at ptolemy.actor.util.CausalityInterfaceForComposites._computeOutputPortDepth(CausalityInterfaceForComposites.java:759)
	at ptolemy.actor.util.CausalityInterfaceForComposites._computeInputDepth(CausalityInterfaceForComposites.java:696)
	at ptolemy.actor.util.CausalityInterfaceForComposites._computeOutputPortDepth(CausalityInterfaceForComposites.java:765)
	at ptolemy.actor.util.CausalityInterfaceForComposites._computeInputDepth(CausalityInterfaceForComposites.java:696)
	at ptolemy.actor.util.CausalityInterfaceForComposites._computeOutputPortDepth(CausalityInterfaceForComposites.java:765)
	at ptolemy.actor.util.CausalityInterfaceForComposites._computeInputDepth(CausalityInterfaceForComposites.java:696)
	at ptolemy.actor.util.CausalityInterfaceForComposites._computeActorDepth(CausalityInterfaceForComposites.java:532)
	at ptolemy.actor.util.CausalityInterfaceForComposites.checkForCycles(CausalityInterfaceForComposites.java:96)
	at ptolemy.domains.de.kernel.DEDirector.preinitialize(DEDirector.java:1338)
	at ptolemy.actor.CompositeActor.preinitialize(CompositeActor.java:1828)
	at ptolemy.actor.Manager.preinitializeAndResolveTypes(Manager.java:1040)
	at ptolemy.actor.Manager.initialize(Manager.java:710)
	at ptolemy.actor.Manager.execute(Manager.java:356)
	at ptolemy.actor.Manager.run(Manager.java:1263)
	at ptolemy.actor.Manager$PtolemyRunThread.run(Manager.java:1915)
java.lang.RuntimeException: Execution failed
	at ptolemy.moml.MoMLSimpleApplication$UnloadThread.run(MoMLSimpleApplication.java:402)
Caused by: ptolemy.kernel.util.IllegalActionException: Found a zero delay loop containing .dependencyLoop.original
  in .dependencyLoop and .dependencyLoop.original
	at ptolemy.actor.util.CausalityInterfaceForComposites._computeOutputPortDepth(CausalityInterfaceForComposites.java:759)
	at ptolemy.actor.util.CausalityInterfaceForComposites._computeInputDepth(CausalityInterfaceForComposites.java:696)
	at ptolemy.actor.util.CausalityInterfaceForComposites._computeOutputPortDepth(CausalityInterfaceForComposites.java:765)
	at ptolemy.actor.util.CausalityInterfaceForComposites._computeInputDepth(CausalityInterfaceForComposites.java:696)
	at ptolemy.actor.util.CausalityInterfaceForComposites._computeOutputPortDepth(CausalityInterfaceForComposites.java:765)
	at ptolemy.actor.util.CausalityInterfaceForComposites._computeInputDepth(CausalityInterfaceForComposites.java:696)
	at ptolemy.actor.util.CausalityInterfaceForComposites._computeActorDepth(CausalityInterfaceForComposites.java:532)
	at ptolemy.actor.util.CausalityInterfaceForComposites.checkForCycles(CausalityInterfaceForComposites.java:96)
	at ptolemy.domains.de.kernel.DEDirector.preinitialize(DEDirector.java:1338)
	at ptolemy.actor.CompositeActor.preinitialize(CompositeActor.java:1828)
	at ptolemy.actor.Manager.preinitializeAndResolveTypes(Manager.java:1040)
	at ptolemy.actor.Manager.initialize(Manager.java:710)
	at ptolemy.actor.Manager.execute(Manager.java:356)
	at ptolemy.actor.Manager.run(Manager.java:1263)
	at ptolemy.actor.Manager$PtolemyRunThread.run(Manager.java:1915)
java.lang.reflect.InvocationTargetException
	at sun.reflect.NativeConstructorAccessorImpl.newInstance0(Native Method)
	at sun.reflect.NativeConstructorAccessorImpl.newInstance(NativeConstructorAccessorImpl.java:62)
	at sun.reflect.DelegatingConstructorAccessorImpl.newInstance(DelegatingConstructorAccessorImpl.java:45)
	at java.lang.reflect.Constructor.newInstance(Constructor.java:423)
	at ptolemy.util.test.junit.AutoKnownFailedTests.RunModel(AutoKnownFailedTests.java:105)
	at sun.reflect.NativeMethodAccessorImpl.invoke0(Native Method)
	at sun.reflect.NativeMethodAccessorImpl.invoke(NativeMethodAccessorImpl.java:62)
	at sun.reflect.DelegatingMethodAccessorImpl.invoke(DelegatingMethodAccessorImpl.java:43)
	at java.lang.reflect.Method.invoke(Method.java:498)
	at org.junit.runners.model.FrameworkMethod$1.runReflectiveCall(FrameworkMethod.java:44)
	at org.junit.internal.runners.model.ReflectiveCallable.run(ReflectiveCallable.java:15)
	at org.junit.runners.model.FrameworkMethod.invokeExplosively(FrameworkMethod.java:41)
	at junitparams.internal.InvokeParameterisedMethod.evaluate(InvokeParameterisedMethod.java:102)
	at org.junit.internal.runners.statements.FailOnTimeout$1.run(FailOnTimeout.java:28)
Caused by: ptolemy.kernel.util.IllegalActionException: Found a zero delay loop containing .dependencyLoop.original
  in .dependencyLoop and .dependencyLoop.original
	at ptolemy.actor.util.CausalityInterfaceForComposites._computeOutputPortDepth(CausalityInterfaceForComposites.java:759)
	at ptolemy.actor.util.CausalityInterfaceForComposites._computeInputDepth(CausalityInterfaceForComposites.java:696)
	at ptolemy.actor.util.CausalityInterfaceForComposites._computeOutputPortDepth(CausalityInterfaceForComposites.java:765)
	at ptolemy.actor.util.CausalityInterfaceForComposites._computeInputDepth(CausalityInterfaceForComposites.java:696)
	at ptolemy.actor.util.CausalityInterfaceForComposites._computeOutputPortDepth(CausalityInterfaceForComposites.java:765)
	at ptolemy.actor.util.CausalityInterfaceForComposites._computeInputDepth(CausalityInterfaceForComposites.java:696)
	at ptolemy.actor.util.CausalityInterfaceForComposites._computeActorDepth(CausalityInterfaceForComposites.java:532)
	at ptolemy.actor.util.CausalityInterfaceForComposites.checkForCycles(CausalityInterfaceForComposites.java:96)
	at ptolemy.domains.de.kernel.DEDirector.preinitialize(DEDirector.java:1338)
	at ptolemy.actor.CompositeActor.preinitialize(CompositeActor.java:1828)
	at ptolemy.actor.Manager.preinitializeAndResolveTypes(Manager.java:1040)
	at ptolemy.actor.Manager.initialize(Manager.java:710)
	at ptolemy.actor.Manager.execute(Manager.java:356)
	at ptolemy.actor.Manager.run(Manager.java:1263)
	at ptolemy.actor.Manager$PtolemyRunThread.run(Manager.java:1915)
java.lang.RuntimeException: Execution failed
	at ptolemy.moml.MoMLSimpleApplication$UnloadThread.run(MoMLSimpleApplication.java:402)
Caused by: ptolemy.kernel.util.IllegalActionException: Found a zero delay loop containing .dependencyLoop2.original
  in .dependencyLoop2 and .dependencyLoop2.original
	at ptolemy.actor.util.CausalityInterfaceForComposites._computeOutputPortDepth(CausalityInterfaceForComposites.java:759)
	at ptolemy.actor.util.CausalityInterfaceForComposites._computeInputDepth(CausalityInterfaceForComposites.java:696)
	at ptolemy.actor.util.CausalityInterfaceForComposites._computeOutputPortDepth(CausalityInterfaceForComposites.java:765)
	at ptolemy.actor.util.CausalityInterfaceForComposites._computeInputDepth(CausalityInterfaceForComposites.java:696)
	at ptolemy.actor.util.CausalityInterfaceForComposites._computeOutputPortDepth(CausalityInterfaceForComposites.java:765)
	at ptolemy.actor.util.CausalityInterfaceForComposites._computeInputDepth(CausalityInterfaceForComposites.java:696)
	at ptolemy.actor.util.CausalityInterfaceForComposites._computeActorDepth(CausalityInterfaceForComposites.java:532)
	at ptolemy.actor.util.CausalityInterfaceForComposites.checkForCycles(CausalityInterfaceForComposites.java:96)
	at ptolemy.domains.de.kernel.DEDirector.preinitialize(DEDirector.java:1338)
	at ptolemy.actor.CompositeActor.preinitialize(CompositeActor.java:1828)
	at ptolemy.actor.Manager.preinitializeAndResolveTypes(Manager.java:1040)
	at ptolemy.actor.Manager.initialize(Manager.java:710)
	at ptolemy.actor.Manager.execute(Manager.java:356)
	at ptolemy.actor.Manager.run(Manager.java:1263)
	at ptolemy.actor.Manager$PtolemyRunThread.run(Manager.java:1915)
java.lang.reflect.InvocationTargetException
	at sun.reflect.NativeConstructorAccessorImpl.newInstance0(Native Method)
	at sun.reflect.NativeConstructorAccessorImpl.newInstance(NativeConstructorAccessorImpl.java:62)
	at sun.reflect.DelegatingConstructorAccessorImpl.newInstance(DelegatingConstructorAccessorImpl.java:45)
	at java.lang.reflect.Constructor.newInstance(Constructor.java:423)
	at ptolemy.util.test.junit.AutoKnownFailedTests.RunModel(AutoKnownFailedTests.java:105)
	at sun.reflect.NativeMethodAccessorImpl.invoke0(Native Method)
	at sun.reflect.NativeMethodAccessorImpl.invoke(NativeMethodAccessorImpl.java:62)
	at sun.reflect.DelegatingMethodAccessorImpl.invoke(DelegatingMethodAccessorImpl.java:43)
	at java.lang.reflect.Method.invoke(Method.java:498)
	at org.junit.runners.model.FrameworkMethod$1.runReflectiveCall(FrameworkMethod.java:44)
	at org.junit.internal.runners.model.ReflectiveCallable.run(ReflectiveCallable.java:15)
	at org.junit.runners.model.FrameworkMethod.invokeExplosively(FrameworkMethod.java:41)
	at junitparams.internal.InvokeParameterisedMethod.evaluate(InvokeParameterisedMethod.java:102)
	at org.junit.internal.runners.statements.FailOnTimeout$1.run(FailOnTimeout.java:28)
Caused by: ptolemy.kernel.util.IllegalActionException: Found a zero delay loop containing .dependencyLoop2.original
  in .dependencyLoop2 and .dependencyLoop2.original
	at ptolemy.actor.util.CausalityInterfaceForComposites._computeOutputPortDepth(CausalityInterfaceForComposites.java:759)
	at ptolemy.actor.util.CausalityInterfaceForComposites._computeInputDepth(CausalityInterfaceForComposites.java:696)
	at ptolemy.actor.util.CausalityInterfaceForComposites._computeOutputPortDepth(CausalityInterfaceForComposites.java:765)
	at ptolemy.actor.util.CausalityInterfaceForComposites._computeInputDepth(CausalityInterfaceForComposites.java:696)
	at ptolemy.actor.util.CausalityInterfaceForComposites._computeOutputPortDepth(CausalityInterfaceForComposites.java:765)
	at ptolemy.actor.util.CausalityInterfaceForComposites._computeInputDepth(CausalityInterfaceForComposites.java:696)
	at ptolemy.actor.util.CausalityInterfaceForComposites._computeActorDepth(CausalityInterfaceForComposites.java:532)
	at ptolemy.actor.util.CausalityInterfaceForComposites.checkForCycles(CausalityInterfaceForComposites.java:96)
	at ptolemy.domains.de.kernel.DEDirector.preinitialize(DEDirector.java:1338)
	at ptolemy.actor.CompositeActor.preinitialize(CompositeActor.java:1828)
	at ptolemy.actor.Manager.preinitializeAndResolveTypes(Manager.java:1040)
	at ptolemy.actor.Manager.initialize(Manager.java:710)
	at ptolemy.actor.Manager.execute(Manager.java:356)
	at ptolemy.actor.Manager.run(Manager.java:1263)
	at ptolemy.actor.Manager$PtolemyRunThread.run(Manager.java:1915)
]]></system-err>
</testsuite>
