<?xml version="1.0" encoding="UTF-8" ?>
<testsuite errors="0" failures="0" hostname="travis-job-f17f719a-027e-43e3-8300-006df999a19c" name="ptolemy.domains.sdf.test.junit.JUnitTclTest" skipped="0" tests="66" time="20.322" timestamp="2019-03-25T22:47:47">
  <properties>
[...]
</properties>
  <testcase classname="ptolemy.util.test.junit.TclTests" name="[0] /home/travis/build/icyphy/ptII/ptolemy/domains/sdf/test/SDFSchedulerErrors.tcl (RunTclFile)" time="0.597" />
  <testcase classname="ptolemy.util.test.junit.TclTests" name="[1] /home/travis/build/icyphy/ptII/ptolemy/domains/sdf/test/composition.tcl (RunTclFile)" time="0.145" />
  <testcase classname="ptolemy.util.test.junit.TclTests" name="[2] /home/travis/build/icyphy/ptII/ptolemy/domains/sdf/test/cycle.tcl (RunTclFile)" time="0.027" />
  <testcase classname="ptolemy.util.test.junit.AutoKnownFailedTests" name="[0] ThereAreNoKnowFailedTests (RunModel)" time="0.002" />
  <testcase classname="ptolemy.util.test.junit.AutoNameArchTests" name="[0] ThereAreNoAutoArchTests (RunModel)" time="0.0" />
  <testcase classname="ptolemy.util.test.junit.AutoTests" name="[0] /home/travis/build/icyphy/ptII/ptolemy/domains/sdf/test/auto/Array.xml (RunModel)" time="0.155" />
  <testcase classname="ptolemy.util.test.junit.AutoTests" name="[1] /home/travis/build/icyphy/ptII/ptolemy/domains/sdf/test/auto/Butterfly.xml (RunModel)" time="0.169" />
  <testcase classname="ptolemy.util.test.junit.AutoTests" name="[2] /home/travis/build/icyphy/ptII/ptolemy/domains/sdf/test/auto/Expression.xml (RunModel)" time="0.081" />
  <testcase classname="ptolemy.util.test.junit.AutoTests" name="[3] /home/travis/build/icyphy/ptII/ptolemy/domains/sdf/test/auto/Eye.xml (RunModel)" time="0.416" />
  <testcase classname="ptolemy.util.test.junit.AutoTests" name="[4] /home/travis/build/icyphy/ptII/ptolemy/domains/sdf/test/auto/FixFIR.xml (RunModel)" time="0.314" />
  <testcase classname="ptolemy.util.test.junit.AutoTests" name="[5] /home/travis/build/icyphy/ptII/ptolemy/domains/sdf/test/auto/FixPoint.xml (RunModel)" time="0.031" />
  <testcase classname="ptolemy.util.test.junit.AutoTests" name="[6] /home/travis/build/icyphy/ptII/ptolemy/domains/sdf/test/auto/Gravitation.xml (RunModel)" time="3.317" />
  <testcase classname="ptolemy.util.test.junit.AutoTests" name="[7] /home/travis/build/icyphy/ptII/ptolemy/domains/sdf/test/auto/GravitationWithCollisionDetection.xml (RunModel)" time="6.678" />
  <testcase classname="ptolemy.util.test.junit.AutoTests" name="[8] /home/travis/build/icyphy/ptII/ptolemy/domains/sdf/test/auto/HDF.xml (RunModel)" time="0.155" />
  <testcase classname="ptolemy.util.test.junit.AutoTests" name="[9] /home/travis/build/icyphy/ptII/ptolemy/domains/sdf/test/auto/HDFwithTransientStates.xml (RunModel)" time="0.095" />
  <testcase classname="ptolemy.util.test.junit.AutoTests" name="[10] /home/travis/build/icyphy/ptII/ptolemy/domains/sdf/test/auto/HTVQ.xml (RunModel)" time="0.832" />
  <testcase classname="ptolemy.util.test.junit.AutoTests" name="[11] /home/travis/build/icyphy/ptII/ptolemy/domains/sdf/test/auto/InferInitProduction.xml (RunModel)" time="0.041" />
  <testcase classname="ptolemy.util.test.junit.AutoTests" name="[12] /home/travis/build/icyphy/ptII/ptolemy/domains/sdf/test/auto/InferInitProductionDeeper.xml (RunModel)" time="0.04" />
  <testcase classname="ptolemy.util.test.junit.AutoTests" name="[13] /home/travis/build/icyphy/ptII/ptolemy/domains/sdf/test/auto/LMSAdaptive.xml (RunModel)" time="0.084" />
  <testcase classname="ptolemy.util.test.junit.AutoTests" name="[14] /home/travis/build/icyphy/ptII/ptolemy/domains/sdf/test/auto/LogisticMap.xml (RunModel)" time="0.472" />
  <testcase classname="ptolemy.util.test.junit.AutoTests" name="[15] /home/travis/build/icyphy/ptII/ptolemy/domains/sdf/test/auto/MaximumEntropySpectrum.xml (RunModel)" time="0.296" />
  <testcase classname="ptolemy.util.test.junit.AutoTests" name="[16] /home/travis/build/icyphy/ptII/ptolemy/domains/sdf/test/auto/MultirateSDF.xml (RunModel)" time="0.07" />
  <testcase classname="ptolemy.util.test.junit.AutoTests" name="[17] /home/travis/build/icyphy/ptII/ptolemy/domains/sdf/test/auto/MultirateSDFwithTransientStates.xml (RunModel)" time="0.074" />
  <testcase classname="ptolemy.util.test.junit.AutoTests" name="[18] /home/travis/build/icyphy/ptII/ptolemy/domains/sdf/test/auto/NoisySinewave.xml (RunModel)" time="0.06" />
  <testcase classname="ptolemy.util.test.junit.AutoTests" name="[19] /home/travis/build/icyphy/ptII/ptolemy/domains/sdf/test/auto/Objects.xml (RunModel)" time="0.063" />
  <testcase classname="ptolemy.util.test.junit.AutoTests" name="[20] /home/travis/build/icyphy/ptII/ptolemy/domains/sdf/test/auto/OrthogonalCom.xml (RunModel)" time="0.063" />
  <testcase classname="ptolemy.util.test.junit.AutoTests" name="[21] /home/travis/build/icyphy/ptII/ptolemy/domains/sdf/test/auto/RijndaelEncryption.xml (RunModel)" time="0.524" />
  <testcase classname="ptolemy.util.test.junit.AutoTests" name="[22] /home/travis/build/icyphy/ptII/ptolemy/domains/sdf/test/auto/SDFEmptyIterations.xml (RunModel)" time="0.027" />
  <testcase classname="ptolemy.util.test.junit.AutoTests" name="[23] /home/travis/build/icyphy/ptII/ptolemy/domains/sdf/test/auto/Spectrum.xml (RunModel)" time="0.099" />
  <testcase classname="ptolemy.util.test.junit.AutoTests" name="[24] /home/travis/build/icyphy/ptII/ptolemy/domains/sdf/test/auto/de_inside_sdf.xml (RunModel)" time="0.026" />
  <testcase classname="ptolemy.util.test.junit.AutoTests" name="[25] /home/travis/build/icyphy/ptII/ptolemy/domains/sdf/test/auto/disconnectedHierarchicalSDF.xml (RunModel)" time="0.023" />
  <testcase classname="ptolemy.util.test.junit.AutoTests" name="[26] /home/travis/build/icyphy/ptII/ptolemy/domains/sdf/test/auto/disconnectedSDF.xml (RunModel)" time="0.015" />
  <testcase classname="ptolemy.util.test.junit.AutoTests" name="[27] /home/travis/build/icyphy/ptII/ptolemy/domains/sdf/test/auto/emptyRefinement.xml (RunModel)" time="0.012" />
  <testcase classname="ptolemy.util.test.junit.AutoTests" name="[28] /home/travis/build/icyphy/ptII/ptolemy/domains/sdf/test/auto/filePortParameter.xml (RunModel)" time="0.055" />
  <testcase classname="ptolemy.util.test.junit.AutoTests" name="[29] /home/travis/build/icyphy/ptII/ptolemy/domains/sdf/test/auto/inferRelationWidth1.xml (RunModel)" time="0.016" />
  <testcase classname="ptolemy.util.test.junit.AutoTests" name="[30] /home/travis/build/icyphy/ptII/ptolemy/domains/sdf/test/auto/initProductionInference.xml (RunModel)" time="0.023" />
  <testcase classname="ptolemy.util.test.junit.AutoTests" name="[31] /home/travis/build/icyphy/ptII/ptolemy/domains/sdf/test/auto/relationGroup.xml (RunModel)" time="0.021" />
  <testcase classname="ptolemy.util.test.junit.AutoTests" name="[32] /home/travis/build/icyphy/ptII/ptolemy/domains/sdf/test/auto/relationGroup10.xml (RunModel)" time="0.023" />
  <testcase classname="ptolemy.util.test.junit.AutoTests" name="[33] /home/travis/build/icyphy/ptII/ptolemy/domains/sdf/test/auto/relationGroup11.xml (RunModel)" time="0.019" />
  <testcase classname="ptolemy.util.test.junit.AutoTests" name="[34] /home/travis/build/icyphy/ptII/ptolemy/domains/sdf/test/auto/relationGroup12.xml (RunModel)" time="0.025" />
  <testcase classname="ptolemy.util.test.junit.AutoTests" name="[35] /home/travis/build/icyphy/ptII/ptolemy/domains/sdf/test/auto/relationGroup13.xml (RunModel)" time="0.025" />
  <testcase classname="ptolemy.util.test.junit.AutoTests" name="[36] /home/travis/build/icyphy/ptII/ptolemy/domains/sdf/test/auto/relationGroup14.xml (RunModel)" time="0.018" />
  <testcase classname="ptolemy.util.test.junit.AutoTests" name="[37] /home/travis/build/icyphy/ptII/ptolemy/domains/sdf/test/auto/relationGroup15.xml (RunModel)" time="0.019" />
  <testcase classname="ptolemy.util.test.junit.AutoTests" name="[38] /home/travis/build/icyphy/ptII/ptolemy/domains/sdf/test/auto/relationGroup2.xml (RunModel)" time="0.019" />
  <testcase classname="ptolemy.util.test.junit.AutoTests" name="[39] /home/travis/build/icyphy/ptII/ptolemy/domains/sdf/test/auto/relationGroup3.xml (RunModel)" time="0.018" />
  <testcase classname="ptolemy.util.test.junit.AutoTests" name="[40] /home/travis/build/icyphy/ptII/ptolemy/domains/sdf/test/auto/relationGroup4.xml (RunModel)" time="0.018" />
  <testcase classname="ptolemy.util.test.junit.AutoTests" name="[41] /home/travis/build/icyphy/ptII/ptolemy/domains/sdf/test/auto/relationGroup5.xml (RunModel)" time="0.011" />
  <testcase classname="ptolemy.util.test.junit.AutoTests" name="[42] /home/travis/build/icyphy/ptII/ptolemy/domains/sdf/test/auto/relationGroup6.xml (RunModel)" time="0.012" />
  <testcase classname="ptolemy.util.test.junit.AutoTests" name="[43] /home/travis/build/icyphy/ptII/ptolemy/domains/sdf/test/auto/relationGroup7.xml (RunModel)" time="0.009" />
  <testcase classname="ptolemy.util.test.junit.AutoTests" name="[44] /home/travis/build/icyphy/ptII/ptolemy/domains/sdf/test/auto/relationGroup8.xml (RunModel)" time="0.011" />
  <testcase classname="ptolemy.util.test.junit.AutoTests" name="[45] /home/travis/build/icyphy/ptII/ptolemy/domains/sdf/test/auto/relationGroup9.xml (RunModel)" time="0.012" />
  <testcase classname="ptolemy.util.test.junit.AutoTests" name="[46] /home/travis/build/icyphy/ptII/ptolemy/domains/sdf/test/auto/sdf_inside_de.xml (RunModel)" time="0.038" />
  <testcase classname="ptolemy.util.test.junit.AutoTests" name="[47] /home/travis/build/icyphy/ptII/ptolemy/domains/sdf/test/auto/sdf_inside_pn.xml (RunModel)" time="0.067" />
  <testcase classname="ptolemy.util.test.junit.AutoTests" name="[48] /home/travis/build/icyphy/ptII/ptolemy/domains/sdf/test/auto/sdf_sdf1.xml (RunModel)" time="0.019" />
  <testcase classname="ptolemy.util.test.junit.AutoTests" name="[49] /home/travis/build/icyphy/ptII/ptolemy/domains/sdf/test/auto/test1.xml (RunModel)" time="0.017" />
  <testcase classname="ptolemy.util.test.junit.AutoTests" name="[50] /home/travis/build/icyphy/ptII/ptolemy/domains/sdf/test/auto/time1.xml (RunModel)" time="0.011" />
  <testcase classname="ptolemy.util.test.junit.AutoTests" name="[51] /home/travis/build/icyphy/ptII/ptolemy/domains/sdf/test/auto/time2.xml (RunModel)" time="0.012" />
  <testcase classname="ptolemy.util.test.junit.AutoTests" name="[52] /home/travis/build/icyphy/ptII/ptolemy/domains/sdf/test/auto/time3.xml (RunModel)" time="0.047" />
  <testcase classname="ptolemy.util.test.junit.AutoTests" name="[53] /home/travis/build/icyphy/ptII/ptolemy/domains/sdf/test/auto/time4.xml (RunModel)" time="0.019" />
  <testcase classname="ptolemy.util.test.junit.AutoTests" name="[54] /home/travis/build/icyphy/ptII/ptolemy/domains/sdf/test/auto/time5.xml (RunModel)" time="4.013" />
  <testcase classname="ptolemy.util.test.junit.AutoTests" name="[55] /home/travis/build/icyphy/ptII/ptolemy/domains/sdf/test/auto/typeSystem_Const_Integer_smallest_Type.xml (RunModel)" time="0.037" />
  <testcase classname="ptolemy.util.test.junit.AutoTests" name="[56] /home/travis/build/icyphy/ptII/ptolemy/domains/sdf/test/auto/typeSystem_declared_Inports_OutportTypeException.xml (RunModel)" time="0.039" />
  <testcase classname="ptolemy.util.test.junit.AutoTests" name="[57] /home/travis/build/icyphy/ptII/ptolemy/domains/sdf/test/auto/typeSystem_oneDeclaredInportType_wrongTypeOutport.xml (RunModel)" time="0.015" />
  <testcase classname="ptolemy.util.test.junit.AutoTests" name="[58] /home/travis/build/icyphy/ptII/ptolemy/domains/sdf/test/auto/width.xml (RunModel)" time="0.011" />
  <testcase classname="ptolemy.util.test.junit.AutoTests" name="[59] /home/travis/build/icyphy/ptII/ptolemy/domains/sdf/test/auto/width2.xml (RunModel)" time="0.048" />
  <testcase classname="ptolemy.util.test.junit.AutoTests" name="[60] /home/travis/build/icyphy/ptII/ptolemy/domains/sdf/test/auto/width3.xml (RunModel)" time="0.04" />
  <system-out><![CDATA[/home/travis/build/icyphy/ptII/ptolemy/domains/sdf/test/SDFSchedulerErrors.tcl
testDefs.tcl: setting time out to 9000 seconds at Mon Mar 25 22:47:47 UTC 2019
17 ms. Memory: 116224K Free: 108764K (94%)
4 ms. Memory: 116224K Free: 101773K (88%)
4 ms. Memory: 116224K Free: 95389K (82%)
3 ms. Memory: 116224K Free: 92336K (79%)
/home/travis/build/icyphy/ptII/ptolemy/domains/sdf/test/composition.tcl
47 ms. Memory: 116224K Free: 88745K (76%)
6 ms. Memory: 116224K Free: 86953K (75%)
/home/travis/build/icyphy/ptII/ptolemy/domains/sdf/test/cycle.tcl
.Toplevel.Director Preinitializing ...
Invoking preinitialize():  .Toplevel.Actor1
Invoking preinitialize():  .Toplevel.Actor2
Invoking preinitialize():  .Toplevel.Delay
.Toplevel.Director Finished preinitialize().
### Schedule:
Execute Schedule{
Fire Actor ptolemy.domains.sdf.kernel.test.SDFTestDelay {.Toplevel.Actor1}
Fire Actor ptolemy.domains.sdf.kernel.test.SDFTestDelay {.Toplevel.Actor2}
Fire Actor ptolemy.domains.sdf.lib.SampleDelay {.Toplevel.Delay}
}
### End schedule
Called initialize().
Invoking initialize():  .Toplevel.Actor1
Initializing actor: .Toplevel.Actor1.
Invoking initialize():  .Toplevel.Actor2
Initializing actor: .Toplevel.Actor2.
Invoking initialize():  .Toplevel.Delay
Initializing actor: .Toplevel.Delay.
Director: Called prefire().
-- Setting current time to 0.0
Director prefire returns true.
The actor .Toplevel.Actor1 will be iterated.
The actor .Toplevel.Actor1 was iterated.
The actor .Toplevel.Actor2 will be iterated.
The actor .Toplevel.Actor2 was iterated.
The actor .Toplevel.Delay will be iterated.
The actor .Toplevel.Delay was iterated.
Director: Called postfire().
Postfire returns: true
Director: Called prefire().
-- Setting current time to 0.0
Director prefire returns true.
The actor .Toplevel.Actor1 will be iterated.
The actor .Toplevel.Actor1 was iterated.
The actor .Toplevel.Actor2 will be iterated.
The actor .Toplevel.Actor2 was iterated.
The actor .Toplevel.Delay will be iterated.
The actor .Toplevel.Delay was iterated.
Director: Called postfire().
Postfire returns: true
Director: Called prefire().
-- Setting current time to 0.0
Director prefire returns true.
The actor .Toplevel.Actor1 will be iterated.
The actor .Toplevel.Actor1 was iterated.
The actor .Toplevel.Actor2 will be iterated.
The actor .Toplevel.Actor2 was iterated.
The actor .Toplevel.Delay will be iterated.
The actor .Toplevel.Delay was iterated.
Director: Called postfire().
Postfire returns: true
Director: Called prefire().
-- Setting current time to 0.0
Director prefire returns true.
The actor .Toplevel.Actor1 will be iterated.
The actor .Toplevel.Actor1 was iterated.
The actor .Toplevel.Actor2 will be iterated.
The actor .Toplevel.Actor2 was iterated.
The actor .Toplevel.Delay will be iterated.
The actor .Toplevel.Delay was iterated.
Director: Called postfire().
Postfire returns: true
Director: Called prefire().
-- Setting current time to 0.0
Director prefire returns true.
The actor .Toplevel.Actor1 will be iterated.
The actor .Toplevel.Actor1 was iterated.
The actor .Toplevel.Actor2 will be iterated.
The actor .Toplevel.Actor2 was iterated.
The actor .Toplevel.Delay will be iterated.
The actor .Toplevel.Delay was iterated.
Director: Called postfire().
Postfire returns: true
Director: Called prefire().
-- Setting current time to 0.0
Director prefire returns true.
The actor .Toplevel.Actor1 will be iterated.
The actor .Toplevel.Actor1 was iterated.
The actor .Toplevel.Actor2 will be iterated.
The actor .Toplevel.Actor2 was iterated.
The actor .Toplevel.Delay will be iterated.
The actor .Toplevel.Delay was iterated.
Reached specified number of iterations: 6
Director: Called wrapup().
6 ms. Memory: 116224K Free: 84535K (73%)
03/25/19 10:47:48
Failed: 0  Total Tests: 8  ((Passed: 8, Newly Passed: 0)  Known Failed: 0) /home/travis/build/icyphy/ptII/ptolemy/domains/sdf/test
No auto/knownFailedTests/*.xml tests in /home/travis/build/icyphy/ptII/ptolemy/domains/sdf/test
No auto/linux-amd64/*.xml tests in /home/travis/build/icyphy/ptII/ptolemy/domains/sdf/test
AutoTests.java: About to close Vertx.
AutoTests.java: Vertx closed.

===========================================================================================
----------------- testing Mon Mar 25 22:47:48 UTC 2019 /home/travis/build/icyphy/ptII/ptolemy/domains/sdf/test/auto/Array.xml
----------------- Instantiating /home/travis/build/icyphy/ptII/ptolemy/domains/sdf/test/auto/Array.xml
27 ms. Memory: 146944K Free: 109099K (74%)
----------------- Invoking toplevel() on ptolemy.moml.MoMLSimpleApplication@4b25aadf
----------------- Done invoking toplevel() on ptolemy.moml.MoMLSimpleApplication@4b25aadf
reloadAllAccessors: .Array

===========================================================================================
----------------- testing Mon Mar 25 22:47:48 UTC 2019 /home/travis/build/icyphy/ptII/ptolemy/domains/sdf/test/auto/Butterfly.xml
----------------- Instantiating /home/travis/build/icyphy/ptII/ptolemy/domains/sdf/test/auto/Butterfly.xml
109 ms. Memory: 146944K Free: 103537K (70%)
----------------- Invoking toplevel() on ptolemy.moml.MoMLSimpleApplication@617a6d63
----------------- Done invoking toplevel() on ptolemy.moml.MoMLSimpleApplication@617a6d63
reloadAllAccessors: .Butterfly

===========================================================================================
----------------- testing Mon Mar 25 22:47:49 UTC 2019 /home/travis/build/icyphy/ptII/ptolemy/domains/sdf/test/auto/Expression.xml
----------------- Instantiating /home/travis/build/icyphy/ptII/ptolemy/domains/sdf/test/auto/Expression.xml
36 ms. Memory: 146944K Free: 98613K (67%)
----------------- Invoking toplevel() on ptolemy.moml.MoMLSimpleApplication@200aabd
----------------- Done invoking toplevel() on ptolemy.moml.MoMLSimpleApplication@200aabd
reloadAllAccessors: .Expression

===========================================================================================
----------------- testing Mon Mar 25 22:47:49 UTC 2019 /home/travis/build/icyphy/ptII/ptolemy/domains/sdf/test/auto/Eye.xml
----------------- Instantiating /home/travis/build/icyphy/ptII/ptolemy/domains/sdf/test/auto/Eye.xml
350 ms. Memory: 146944K Free: 130082K (89%)
----------------- Invoking toplevel() on ptolemy.moml.MoMLSimpleApplication@7c2c80c7
----------------- Done invoking toplevel() on ptolemy.moml.MoMLSimpleApplication@7c2c80c7
reloadAllAccessors: .Eye

===========================================================================================
----------------- testing Mon Mar 25 22:47:49 UTC 2019 /home/travis/build/icyphy/ptII/ptolemy/domains/sdf/test/auto/FixFIR.xml
----------------- Instantiating /home/travis/build/icyphy/ptII/ptolemy/domains/sdf/test/auto/FixFIR.xml
129 ms. Memory: 146944K Free: 93718K (64%)
----------------- Invoking toplevel() on ptolemy.moml.MoMLSimpleApplication@7e20c3ae
----------------- Done invoking toplevel() on ptolemy.moml.MoMLSimpleApplication@7e20c3ae
reloadAllAccessors: .FixFIR

===========================================================================================
----------------- testing Mon Mar 25 22:47:49 UTC 2019 /home/travis/build/icyphy/ptII/ptolemy/domains/sdf/test/auto/FixPoint.xml
----------------- Instantiating /home/travis/build/icyphy/ptII/ptolemy/domains/sdf/test/auto/FixPoint.xml
10 ms. Memory: 146944K Free: 89164K (61%)
----------------- Invoking toplevel() on ptolemy.moml.MoMLSimpleApplication@e527328
----------------- Done invoking toplevel() on ptolemy.moml.MoMLSimpleApplication@e527328
reloadAllAccessors: .FixPoint

===========================================================================================
----------------- testing Mon Mar 25 22:47:49 UTC 2019 /home/travis/build/icyphy/ptII/ptolemy/domains/sdf/test/auto/Gravitation.xml
----------------- Instantiating /home/travis/build/icyphy/ptII/ptolemy/domains/sdf/test/auto/Gravitation.xml
3184 ms. Memory: 208384K Free: 121297K (58%)
----------------- Invoking toplevel() on ptolemy.moml.MoMLSimpleApplication@741abcc7
----------------- Done invoking toplevel() on ptolemy.moml.MoMLSimpleApplication@741abcc7
reloadAllAccessors: .Gravitation

===========================================================================================
----------------- testing Mon Mar 25 22:47:53 UTC 2019 /home/travis/build/icyphy/ptII/ptolemy/domains/sdf/test/auto/GravitationWithCollisionDetection.xml
----------------- Instantiating /home/travis/build/icyphy/ptII/ptolemy/domains/sdf/test/auto/GravitationWithCollisionDetection.xml
6526 ms. Memory: 872448K Free: 334114K (38%)
----------------- Invoking toplevel() on ptolemy.moml.MoMLSimpleApplication@665fbc05
----------------- Done invoking toplevel() on ptolemy.moml.MoMLSimpleApplication@665fbc05
reloadAllAccessors: .GravitationWithCollisionDetection

===========================================================================================
----------------- testing Mon Mar 25 22:47:59 UTC 2019 /home/travis/build/icyphy/ptII/ptolemy/domains/sdf/test/auto/HDF.xml
----------------- Instantiating /home/travis/build/icyphy/ptII/ptolemy/domains/sdf/test/auto/HDF.xml
43 ms. Memory: 872448K Free: 301938K (35%)
----------------- Invoking toplevel() on ptolemy.moml.MoMLSimpleApplication@429f40cb
----------------- Done invoking toplevel() on ptolemy.moml.MoMLSimpleApplication@429f40cb
reloadAllAccessors: .HDF

===========================================================================================
----------------- testing Mon Mar 25 22:48:00 UTC 2019 /home/travis/build/icyphy/ptII/ptolemy/domains/sdf/test/auto/HDFwithTransientStates.xml
----------------- Instantiating /home/travis/build/icyphy/ptII/ptolemy/domains/sdf/test/auto/HDFwithTransientStates.xml
43 ms. Memory: 872448K Free: 278005K (32%)
----------------- Invoking toplevel() on ptolemy.moml.MoMLSimpleApplication@21e957df
----------------- Done invoking toplevel() on ptolemy.moml.MoMLSimpleApplication@21e957df
reloadAllAccessors: .HDFwithTransientStates

===========================================================================================
----------------- testing Mon Mar 25 22:48:00 UTC 2019 /home/travis/build/icyphy/ptII/ptolemy/domains/sdf/test/auto/HTVQ.xml
----------------- Instantiating /home/travis/build/icyphy/ptII/ptolemy/domains/sdf/test/auto/HTVQ.xml
790 ms. Memory: 872448K Free: 97382K (11%)
----------------- Invoking toplevel() on ptolemy.moml.MoMLSimpleApplication@77ae7b2d
----------------- Done invoking toplevel() on ptolemy.moml.MoMLSimpleApplication@77ae7b2d
reloadAllAccessors: .HTVQ

===========================================================================================
----------------- testing Mon Mar 25 22:48:01 UTC 2019 /home/travis/build/icyphy/ptII/ptolemy/domains/sdf/test/auto/InferInitProduction.xml
----------------- Instantiating /home/travis/build/icyphy/ptII/ptolemy/domains/sdf/test/auto/InferInitProduction.xml
10 ms. Memory: 872448K Free: 81695K (9%)
----------------- Invoking toplevel() on ptolemy.moml.MoMLSimpleApplication@2794995d
----------------- Done invoking toplevel() on ptolemy.moml.MoMLSimpleApplication@2794995d
reloadAllAccessors: .InferInitProduction

===========================================================================================
----------------- testing Mon Mar 25 22:48:01 UTC 2019 /home/travis/build/icyphy/ptII/ptolemy/domains/sdf/test/auto/InferInitProductionDeeper.xml
----------------- Instantiating /home/travis/build/icyphy/ptII/ptolemy/domains/sdf/test/auto/InferInitProductionDeeper.xml
9 ms. Memory: 828416K Free: 813694K (98%)
----------------- Invoking toplevel() on ptolemy.moml.MoMLSimpleApplication@1aec4912
----------------- Done invoking toplevel() on ptolemy.moml.MoMLSimpleApplication@1aec4912
reloadAllAccessors: .InferInitProductionDeeper

===========================================================================================
----------------- testing Mon Mar 25 22:48:01 UTC 2019 /home/travis/build/icyphy/ptII/ptolemy/domains/sdf/test/auto/LMSAdaptive.xml
----------------- Instantiating /home/travis/build/icyphy/ptII/ptolemy/domains/sdf/test/auto/LMSAdaptive.xml
18 ms. Memory: 828416K Free: 791982K (96%)
----------------- Invoking toplevel() on ptolemy.moml.MoMLSimpleApplication@48106d1f
----------------- Done invoking toplevel() on ptolemy.moml.MoMLSimpleApplication@48106d1f
reloadAllAccessors: .LMSAdaptive

===========================================================================================
----------------- testing Mon Mar 25 22:48:01 UTC 2019 /home/travis/build/icyphy/ptII/ptolemy/domains/sdf/test/auto/LogisticMap.xml
----------------- Instantiating /home/travis/build/icyphy/ptII/ptolemy/domains/sdf/test/auto/LogisticMap.xml
442 ms. Memory: 828416K Free: 782022K (94%)
----------------- Invoking toplevel() on ptolemy.moml.MoMLSimpleApplication@5c4af877
----------------- Done invoking toplevel() on ptolemy.moml.MoMLSimpleApplication@5c4af877
reloadAllAccessors: .LogisticMap

===========================================================================================
----------------- testing Mon Mar 25 22:48:01 UTC 2019 /home/travis/build/icyphy/ptII/ptolemy/domains/sdf/test/auto/MaximumEntropySpectrum.xml
----------------- Instantiating /home/travis/build/icyphy/ptII/ptolemy/domains/sdf/test/auto/MaximumEntropySpectrum.xml
81 ms. Memory: 828416K Free: 717105K (87%)
----------------- Invoking toplevel() on ptolemy.moml.MoMLSimpleApplication@237bb26d
----------------- Done invoking toplevel() on ptolemy.moml.MoMLSimpleApplication@237bb26d
reloadAllAccessors: .MaximumEntropySpectrum

===========================================================================================
----------------- testing Mon Mar 25 22:48:01 UTC 2019 /home/travis/build/icyphy/ptII/ptolemy/domains/sdf/test/auto/MultirateSDF.xml
----------------- Instantiating /home/travis/build/icyphy/ptII/ptolemy/domains/sdf/test/auto/MultirateSDF.xml
22 ms. Memory: 828416K Free: 697169K (84%)
----------------- Invoking toplevel() on ptolemy.moml.MoMLSimpleApplication@6c7de094
----------------- Done invoking toplevel() on ptolemy.moml.MoMLSimpleApplication@6c7de094
reloadAllAccessors: .MultirateSDF

===========================================================================================
----------------- testing Mon Mar 25 22:48:02 UTC 2019 /home/travis/build/icyphy/ptII/ptolemy/domains/sdf/test/auto/MultirateSDFwithTransientStates.xml
----------------- Instantiating /home/travis/build/icyphy/ptII/ptolemy/domains/sdf/test/auto/MultirateSDFwithTransientStates.xml
24 ms. Memory: 828416K Free: 672212K (81%)
----------------- Invoking toplevel() on ptolemy.moml.MoMLSimpleApplication@50bf49b8
----------------- Done invoking toplevel() on ptolemy.moml.MoMLSimpleApplication@50bf49b8
reloadAllAccessors: .MultirateSDFwithTransientStates

===========================================================================================
----------------- testing Mon Mar 25 22:48:02 UTC 2019 /home/travis/build/icyphy/ptII/ptolemy/domains/sdf/test/auto/NoisySinewave.xml
----------------- Instantiating /home/travis/build/icyphy/ptII/ptolemy/domains/sdf/test/auto/NoisySinewave.xml
11 ms. Memory: 828416K Free: 652260K (79%)
----------------- Invoking toplevel() on ptolemy.moml.MoMLSimpleApplication@599d4af4
----------------- Done invoking toplevel() on ptolemy.moml.MoMLSimpleApplication@599d4af4
reloadAllAccessors: .NoisySinewave

===========================================================================================
----------------- testing Mon Mar 25 22:48:02 UTC 2019 /home/travis/build/icyphy/ptII/ptolemy/domains/sdf/test/auto/Objects.xml
----------------- Instantiating /home/travis/build/icyphy/ptII/ptolemy/domains/sdf/test/auto/Objects.xml
3 ms. Memory: 828416K Free: 637304K (77%)
----------------- Invoking toplevel() on ptolemy.moml.MoMLSimpleApplication@44d9696e
----------------- Done invoking toplevel() on ptolemy.moml.MoMLSimpleApplication@44d9696e
reloadAllAccessors: .Objects

===========================================================================================
----------------- testing Mon Mar 25 22:48:02 UTC 2019 /home/travis/build/icyphy/ptII/ptolemy/domains/sdf/test/auto/OrthogonalCom.xml
----------------- Instantiating /home/travis/build/icyphy/ptII/ptolemy/domains/sdf/test/auto/OrthogonalCom.xml
7 ms. Memory: 828416K Free: 622348K (75%)
----------------- Invoking toplevel() on ptolemy.moml.MoMLSimpleApplication@49bf039c
----------------- Done invoking toplevel() on ptolemy.moml.MoMLSimpleApplication@49bf039c
reloadAllAccessors: .OrthogonalCom

===========================================================================================
----------------- testing Mon Mar 25 22:48:02 UTC 2019 /home/travis/build/icyphy/ptII/ptolemy/domains/sdf/test/auto/RijndaelEncryption.xml
----------------- Instantiating /home/travis/build/icyphy/ptII/ptolemy/domains/sdf/test/auto/RijndaelEncryption.xml
249 ms. Memory: 828416K Free: 459946K (56%)
----------------- Invoking toplevel() on ptolemy.moml.MoMLSimpleApplication@4e36621d
----------------- Done invoking toplevel() on ptolemy.moml.MoMLSimpleApplication@4e36621d
reloadAllAccessors: .RijndaelEncryption

===========================================================================================
----------------- testing Mon Mar 25 22:48:02 UTC 2019 /home/travis/build/icyphy/ptII/ptolemy/domains/sdf/test/auto/SDFEmptyIterations.xml
----------------- Instantiating /home/travis/build/icyphy/ptII/ptolemy/domains/sdf/test/auto/SDFEmptyIterations.xml
13 ms. Memory: 828416K Free: 449986K (54%)
----------------- Invoking toplevel() on ptolemy.moml.MoMLSimpleApplication@112b9132
----------------- Done invoking toplevel() on ptolemy.moml.MoMLSimpleApplication@112b9132
reloadAllAccessors: .SDFEmptyIterations

===========================================================================================
----------------- testing Mon Mar 25 22:48:02 UTC 2019 /home/travis/build/icyphy/ptII/ptolemy/domains/sdf/test/auto/Spectrum.xml
----------------- Instantiating /home/travis/build/icyphy/ptII/ptolemy/domains/sdf/test/auto/Spectrum.xml
37 ms. Memory: 828416K Free: 430049K (52%)
----------------- Invoking toplevel() on ptolemy.moml.MoMLSimpleApplication@79664aeb
----------------- Done invoking toplevel() on ptolemy.moml.MoMLSimpleApplication@79664aeb
reloadAllAccessors: .Spectrum

===========================================================================================
----------------- testing Mon Mar 25 22:48:02 UTC 2019 /home/travis/build/icyphy/ptII/ptolemy/domains/sdf/test/auto/de_inside_sdf.xml
----------------- Instantiating /home/travis/build/icyphy/ptII/ptolemy/domains/sdf/test/auto/de_inside_sdf.xml
9 ms. Memory: 828416K Free: 420089K (51%)
----------------- Invoking toplevel() on ptolemy.moml.MoMLSimpleApplication@7c2d574d
----------------- Done invoking toplevel() on ptolemy.moml.MoMLSimpleApplication@7c2d574d
reloadAllAccessors: .de_inside_sdf

===========================================================================================
----------------- testing Mon Mar 25 22:48:02 UTC 2019 /home/travis/build/icyphy/ptII/ptolemy/domains/sdf/test/auto/disconnectedHierarchicalSDF.xml
----------------- Instantiating /home/travis/build/icyphy/ptII/ptolemy/domains/sdf/test/auto/disconnectedHierarchicalSDF.xml
5 ms. Memory: 828416K Free: 410129K (50%)
----------------- Invoking toplevel() on ptolemy.moml.MoMLSimpleApplication@3aede9b6
----------------- Done invoking toplevel() on ptolemy.moml.MoMLSimpleApplication@3aede9b6
reloadAllAccessors: .disconnectedHierarchicalSDF

===========================================================================================
----------------- testing Mon Mar 25 22:48:03 UTC 2019 /home/travis/build/icyphy/ptII/ptolemy/domains/sdf/test/auto/disconnectedSDF.xml
----------------- Instantiating /home/travis/build/icyphy/ptII/ptolemy/domains/sdf/test/auto/disconnectedSDF.xml
3 ms. Memory: 828416K Free: 400169K (48%)
----------------- Invoking toplevel() on ptolemy.moml.MoMLSimpleApplication@1299e8c3
----------------- Done invoking toplevel() on ptolemy.moml.MoMLSimpleApplication@1299e8c3
reloadAllAccessors: .disconnectedSDF

===========================================================================================
----------------- testing Mon Mar 25 22:48:03 UTC 2019 /home/travis/build/icyphy/ptII/ptolemy/domains/sdf/test/auto/emptyRefinement.xml
----------------- Instantiating /home/travis/build/icyphy/ptII/ptolemy/domains/sdf/test/auto/emptyRefinement.xml
3 ms. Memory: 828416K Free: 390209K (47%)
----------------- Invoking toplevel() on ptolemy.moml.MoMLSimpleApplication@7ee8ba3c
----------------- Done invoking toplevel() on ptolemy.moml.MoMLSimpleApplication@7ee8ba3c
reloadAllAccessors: .emptyRefinement

===========================================================================================
----------------- testing Mon Mar 25 22:48:03 UTC 2019 /home/travis/build/icyphy/ptII/ptolemy/domains/sdf/test/auto/filePortParameter.xml
----------------- Instantiating /home/travis/build/icyphy/ptII/ptolemy/domains/sdf/test/auto/filePortParameter.xml
21 ms. Memory: 828416K Free: 375253K (45%)
----------------- Invoking toplevel() on ptolemy.moml.MoMLSimpleApplication@175aadf7
----------------- Done invoking toplevel() on ptolemy.moml.MoMLSimpleApplication@175aadf7
reloadAllAccessors: .filePortParameter

===========================================================================================
----------------- testing Mon Mar 25 22:48:03 UTC 2019 /home/travis/build/icyphy/ptII/ptolemy/domains/sdf/test/auto/inferRelationWidth1.xml
----------------- Instantiating /home/travis/build/icyphy/ptII/ptolemy/domains/sdf/test/auto/inferRelationWidth1.xml
3 ms. Memory: 828416K Free: 362501K (44%)
----------------- Invoking toplevel() on ptolemy.moml.MoMLSimpleApplication@4b0f1498
----------------- Done invoking toplevel() on ptolemy.moml.MoMLSimpleApplication@4b0f1498
reloadAllAccessors: .inferRelationWidth1

===========================================================================================
----------------- testing Mon Mar 25 22:48:03 UTC 2019 /home/travis/build/icyphy/ptII/ptolemy/domains/sdf/test/auto/initProductionInference.xml
----------------- Instantiating /home/travis/build/icyphy/ptII/ptolemy/domains/sdf/test/auto/initProductionInference.xml
7 ms. Memory: 828416K Free: 352541K (43%)
----------------- Invoking toplevel() on ptolemy.moml.MoMLSimpleApplication@6ed131f4
----------------- Done invoking toplevel() on ptolemy.moml.MoMLSimpleApplication@6ed131f4
reloadAllAccessors: .initProductionInference

===========================================================================================
----------------- testing Mon Mar 25 22:48:03 UTC 2019 /home/travis/build/icyphy/ptII/ptolemy/domains/sdf/test/auto/relationGroup.xml
----------------- Instantiating /home/travis/build/icyphy/ptII/ptolemy/domains/sdf/test/auto/relationGroup.xml
2 ms. Memory: 828416K Free: 342581K (41%)
----------------- Invoking toplevel() on ptolemy.moml.MoMLSimpleApplication@16999cf4
----------------- Done invoking toplevel() on ptolemy.moml.MoMLSimpleApplication@16999cf4
reloadAllAccessors: .relationGroup

===========================================================================================
----------------- testing Mon Mar 25 22:48:03 UTC 2019 /home/travis/build/icyphy/ptII/ptolemy/domains/sdf/test/auto/relationGroup10.xml
----------------- Instantiating /home/travis/build/icyphy/ptII/ptolemy/domains/sdf/test/auto/relationGroup10.xml
6 ms. Memory: 828416K Free: 332621K (40%)
----------------- Invoking toplevel() on ptolemy.moml.MoMLSimpleApplication@65a1f79f
----------------- Done invoking toplevel() on ptolemy.moml.MoMLSimpleApplication@65a1f79f
reloadAllAccessors: .relationGroup10

===========================================================================================
----------------- testing Mon Mar 25 22:48:03 UTC 2019 /home/travis/build/icyphy/ptII/ptolemy/domains/sdf/test/auto/relationGroup11.xml
----------------- Instantiating /home/travis/build/icyphy/ptII/ptolemy/domains/sdf/test/auto/relationGroup11.xml
3 ms. Memory: 828416K Free: 322661K (39%)
----------------- Invoking toplevel() on ptolemy.moml.MoMLSimpleApplication@342db40f
----------------- Done invoking toplevel() on ptolemy.moml.MoMLSimpleApplication@342db40f
reloadAllAccessors: .relationGroup11

===========================================================================================
----------------- testing Mon Mar 25 22:48:03 UTC 2019 /home/travis/build/icyphy/ptII/ptolemy/domains/sdf/test/auto/relationGroup12.xml
----------------- Instantiating /home/travis/build/icyphy/ptII/ptolemy/domains/sdf/test/auto/relationGroup12.xml
3 ms. Memory: 828416K Free: 312701K (38%)
----------------- Invoking toplevel() on ptolemy.moml.MoMLSimpleApplication@53458088
----------------- Done invoking toplevel() on ptolemy.moml.MoMLSimpleApplication@53458088
reloadAllAccessors: .relationGroup12

===========================================================================================
----------------- testing Mon Mar 25 22:48:03 UTC 2019 /home/travis/build/icyphy/ptII/ptolemy/domains/sdf/test/auto/relationGroup13.xml
----------------- Instantiating /home/travis/build/icyphy/ptII/ptolemy/domains/sdf/test/auto/relationGroup13.xml
9 ms. Memory: 828416K Free: 302741K (37%)
----------------- Invoking toplevel() on ptolemy.moml.MoMLSimpleApplication@af1cdfa
----------------- Done invoking toplevel() on ptolemy.moml.MoMLSimpleApplication@af1cdfa
reloadAllAccessors: .relationGroup13

===========================================================================================
----------------- testing Mon Mar 25 22:48:03 UTC 2019 /home/travis/build/icyphy/ptII/ptolemy/domains/sdf/test/auto/relationGroup14.xml
----------------- Instantiating /home/travis/build/icyphy/ptII/ptolemy/domains/sdf/test/auto/relationGroup14.xml
5 ms. Memory: 828416K Free: 292781K (35%)
----------------- Invoking toplevel() on ptolemy.moml.MoMLSimpleApplication@3426aea
----------------- Done invoking toplevel() on ptolemy.moml.MoMLSimpleApplication@3426aea
reloadAllAccessors: .relationGroup14

===========================================================================================
----------------- testing Mon Mar 25 22:48:03 UTC 2019 /home/travis/build/icyphy/ptII/ptolemy/domains/sdf/test/auto/relationGroup15.xml
----------------- Instantiating /home/travis/build/icyphy/ptII/ptolemy/domains/sdf/test/auto/relationGroup15.xml
2 ms. Memory: 828416K Free: 282820K (34%)
----------------- Invoking toplevel() on ptolemy.moml.MoMLSimpleApplication@4c4b67de
----------------- Done invoking toplevel() on ptolemy.moml.MoMLSimpleApplication@4c4b67de
reloadAllAccessors: .relationGroup15

===========================================================================================
----------------- testing Mon Mar 25 22:48:03 UTC 2019 /home/travis/build/icyphy/ptII/ptolemy/domains/sdf/test/auto/relationGroup2.xml
----------------- Instantiating /home/travis/build/icyphy/ptII/ptolemy/domains/sdf/test/auto/relationGroup2.xml
5 ms. Memory: 828416K Free: 270077K (33%)
----------------- Invoking toplevel() on ptolemy.moml.MoMLSimpleApplication@53e2874
----------------- Done invoking toplevel() on ptolemy.moml.MoMLSimpleApplication@53e2874
reloadAllAccessors: .relationGroup2

===========================================================================================
----------------- testing Mon Mar 25 22:48:03 UTC 2019 /home/travis/build/icyphy/ptII/ptolemy/domains/sdf/test/auto/relationGroup3.xml
----------------- Instantiating /home/travis/build/icyphy/ptII/ptolemy/domains/sdf/test/auto/relationGroup3.xml
4 ms. Memory: 828416K Free: 260117K (31%)
----------------- Invoking toplevel() on ptolemy.moml.MoMLSimpleApplication@2016727a
----------------- Done invoking toplevel() on ptolemy.moml.MoMLSimpleApplication@2016727a
reloadAllAccessors: .relationGroup3

===========================================================================================
----------------- testing Mon Mar 25 22:48:03 UTC 2019 /home/travis/build/icyphy/ptII/ptolemy/domains/sdf/test/auto/relationGroup4.xml
----------------- Instantiating /home/travis/build/icyphy/ptII/ptolemy/domains/sdf/test/auto/relationGroup4.xml
3 ms. Memory: 828416K Free: 250157K (30%)
----------------- Invoking toplevel() on ptolemy.moml.MoMLSimpleApplication@21b4e8ba
----------------- Done invoking toplevel() on ptolemy.moml.MoMLSimpleApplication@21b4e8ba
reloadAllAccessors: .relationGroup4

===========================================================================================
----------------- testing Mon Mar 25 22:48:03 UTC 2019 /home/travis/build/icyphy/ptII/ptolemy/domains/sdf/test/auto/relationGroup5.xml
----------------- Instantiating /home/travis/build/icyphy/ptII/ptolemy/domains/sdf/test/auto/relationGroup5.xml
3 ms. Memory: 828416K Free: 240197K (29%)
----------------- Invoking toplevel() on ptolemy.moml.MoMLSimpleApplication@77d405ff
----------------- Done invoking toplevel() on ptolemy.moml.MoMLSimpleApplication@77d405ff
reloadAllAccessors: .relationGroup5

===========================================================================================
----------------- testing Mon Mar 25 22:48:03 UTC 2019 /home/travis/build/icyphy/ptII/ptolemy/domains/sdf/test/auto/relationGroup6.xml
----------------- Instantiating /home/travis/build/icyphy/ptII/ptolemy/domains/sdf/test/auto/relationGroup6.xml
2 ms. Memory: 828416K Free: 230237K (28%)
----------------- Invoking toplevel() on ptolemy.moml.MoMLSimpleApplication@6ac9a6d9
----------------- Done invoking toplevel() on ptolemy.moml.MoMLSimpleApplication@6ac9a6d9
reloadAllAccessors: .relationGroup6

===========================================================================================
----------------- testing Mon Mar 25 22:48:03 UTC 2019 /home/travis/build/icyphy/ptII/ptolemy/domains/sdf/test/auto/relationGroup7.xml
----------------- Instantiating /home/travis/build/icyphy/ptII/ptolemy/domains/sdf/test/auto/relationGroup7.xml
2 ms. Memory: 828416K Free: 220277K (27%)
----------------- Invoking toplevel() on ptolemy.moml.MoMLSimpleApplication@15a7c2f5
----------------- Done invoking toplevel() on ptolemy.moml.MoMLSimpleApplication@15a7c2f5
reloadAllAccessors: .relationGroup7

===========================================================================================
----------------- testing Mon Mar 25 22:48:03 UTC 2019 /home/travis/build/icyphy/ptII/ptolemy/domains/sdf/test/auto/relationGroup8.xml
----------------- Instantiating /home/travis/build/icyphy/ptII/ptolemy/domains/sdf/test/auto/relationGroup8.xml
2 ms. Memory: 828416K Free: 210317K (25%)
----------------- Invoking toplevel() on ptolemy.moml.MoMLSimpleApplication@22a81cc
----------------- Done invoking toplevel() on ptolemy.moml.MoMLSimpleApplication@22a81cc
reloadAllAccessors: .relationGroup8

===========================================================================================
----------------- testing Mon Mar 25 22:48:03 UTC 2019 /home/travis/build/icyphy/ptII/ptolemy/domains/sdf/test/auto/relationGroup9.xml
----------------- Instantiating /home/travis/build/icyphy/ptII/ptolemy/domains/sdf/test/auto/relationGroup9.xml
3 ms. Memory: 828416K Free: 197573K (24%)
----------------- Invoking toplevel() on ptolemy.moml.MoMLSimpleApplication@7c3241e4
----------------- Done invoking toplevel() on ptolemy.moml.MoMLSimpleApplication@7c3241e4
reloadAllAccessors: .relationGroup9

===========================================================================================
----------------- testing Mon Mar 25 22:48:03 UTC 2019 /home/travis/build/icyphy/ptII/ptolemy/domains/sdf/test/auto/sdf_inside_de.xml
----------------- Instantiating /home/travis/build/icyphy/ptII/ptolemy/domains/sdf/test/auto/sdf_inside_de.xml
10 ms. Memory: 828416K Free: 182633K (22%)
----------------- Invoking toplevel() on ptolemy.moml.MoMLSimpleApplication@921a4fe
----------------- Done invoking toplevel() on ptolemy.moml.MoMLSimpleApplication@921a4fe
reloadAllAccessors: .sdf_inside_de

===========================================================================================
----------------- testing Mon Mar 25 22:48:03 UTC 2019 /home/travis/build/icyphy/ptII/ptolemy/domains/sdf/test/auto/sdf_inside_pn.xml
----------------- Instantiating /home/travis/build/icyphy/ptII/ptolemy/domains/sdf/test/auto/sdf_inside_pn.xml
40 ms. Memory: 828416K Free: 142776K (17%)
----------------- Invoking toplevel() on ptolemy.moml.MoMLSimpleApplication@1ae7e25a
----------------- Done invoking toplevel() on ptolemy.moml.MoMLSimpleApplication@1ae7e25a
reloadAllAccessors: .sdf_inside_pn

===========================================================================================
----------------- testing Mon Mar 25 22:48:03 UTC 2019 /home/travis/build/icyphy/ptII/ptolemy/domains/sdf/test/auto/sdf_sdf1.xml
----------------- Instantiating /home/travis/build/icyphy/ptII/ptolemy/domains/sdf/test/auto/sdf_sdf1.xml
4 ms. Memory: 828416K Free: 132816K (16%)
----------------- Invoking toplevel() on ptolemy.moml.MoMLSimpleApplication@6de2cba2
----------------- Done invoking toplevel() on ptolemy.moml.MoMLSimpleApplication@6de2cba2
reloadAllAccessors: .sdf_sdf1

===========================================================================================
----------------- testing Mon Mar 25 22:48:03 UTC 2019 /home/travis/build/icyphy/ptII/ptolemy/domains/sdf/test/auto/test1.xml
----------------- Instantiating /home/travis/build/icyphy/ptII/ptolemy/domains/sdf/test/auto/test1.xml
2 ms. Memory: 828416K Free: 122856K (15%)
----------------- Invoking toplevel() on ptolemy.moml.MoMLSimpleApplication@2bb88cfc
----------------- Done invoking toplevel() on ptolemy.moml.MoMLSimpleApplication@2bb88cfc
reloadAllAccessors: .test1

===========================================================================================
----------------- testing Mon Mar 25 22:48:03 UTC 2019 /home/travis/build/icyphy/ptII/ptolemy/domains/sdf/test/auto/time1.xml
----------------- Instantiating /home/travis/build/icyphy/ptII/ptolemy/domains/sdf/test/auto/time1.xml
2 ms. Memory: 828416K Free: 112896K (14%)
----------------- Invoking toplevel() on ptolemy.moml.MoMLSimpleApplication@4044fab4
----------------- Done invoking toplevel() on ptolemy.moml.MoMLSimpleApplication@4044fab4
reloadAllAccessors: .time1

===========================================================================================
----------------- testing Mon Mar 25 22:48:03 UTC 2019 /home/travis/build/icyphy/ptII/ptolemy/domains/sdf/test/auto/time2.xml
----------------- Instantiating /home/travis/build/icyphy/ptII/ptolemy/domains/sdf/test/auto/time2.xml
4 ms. Memory: 828416K Free: 102936K (12%)
----------------- Invoking toplevel() on ptolemy.moml.MoMLSimpleApplication@5f3f2a71
----------------- Done invoking toplevel() on ptolemy.moml.MoMLSimpleApplication@5f3f2a71
reloadAllAccessors: .time2

===========================================================================================
----------------- testing Mon Mar 25 22:48:03 UTC 2019 /home/travis/build/icyphy/ptII/ptolemy/domains/sdf/test/auto/time3.xml
----------------- Instantiating /home/travis/build/icyphy/ptII/ptolemy/domains/sdf/test/auto/time3.xml
10 ms. Memory: 828416K Free: 92976K (11%)
----------------- Invoking toplevel() on ptolemy.moml.MoMLSimpleApplication@294c110c
----------------- Done invoking toplevel() on ptolemy.moml.MoMLSimpleApplication@294c110c
reloadAllAccessors: .time3

===========================================================================================
----------------- testing Mon Mar 25 22:48:03 UTC 2019 /home/travis/build/icyphy/ptII/ptolemy/domains/sdf/test/auto/time4.xml
----------------- Instantiating /home/travis/build/icyphy/ptII/ptolemy/domains/sdf/test/auto/time4.xml
5 ms. Memory: 828416K Free: 80233K (10%)
----------------- Invoking toplevel() on ptolemy.moml.MoMLSimpleApplication@fc5b76f
----------------- Done invoking toplevel() on ptolemy.moml.MoMLSimpleApplication@fc5b76f
reloadAllAccessors: .time4

===========================================================================================
----------------- testing Mon Mar 25 22:48:03 UTC 2019 /home/travis/build/icyphy/ptII/ptolemy/domains/sdf/test/auto/time5.xml
----------------- Instantiating /home/travis/build/icyphy/ptII/ptolemy/domains/sdf/test/auto/time5.xml
4002 ms. Memory: 828416K Free: 70422K (9%)
----------------- Invoking toplevel() on ptolemy.moml.MoMLSimpleApplication@449b3a78
----------------- Done invoking toplevel() on ptolemy.moml.MoMLSimpleApplication@449b3a78
reloadAllAccessors: .time5

===========================================================================================
----------------- testing Mon Mar 25 22:48:07 UTC 2019 /home/travis/build/icyphy/ptII/ptolemy/domains/sdf/test/auto/typeSystem_Const_Integer_smallest_Type.xml
----------------- Instantiating /home/travis/build/icyphy/ptII/ptolemy/domains/sdf/test/auto/typeSystem_Const_Integer_smallest_Type.xml
7 ms. Memory: 793088K Free: 771848K (97%)
----------------- Invoking toplevel() on ptolemy.moml.MoMLSimpleApplication@44a1317e
----------------- Done invoking toplevel() on ptolemy.moml.MoMLSimpleApplication@44a1317e
reloadAllAccessors: .typeSystem_Const_Integer_smallest_Type

===========================================================================================
----------------- testing Mon Mar 25 22:48:07 UTC 2019 /home/travis/build/icyphy/ptII/ptolemy/domains/sdf/test/auto/typeSystem_declared_Inports_OutportTypeException.xml
----------------- Instantiating /home/travis/build/icyphy/ptII/ptolemy/domains/sdf/test/auto/typeSystem_declared_Inports_OutportTypeException.xml
.typeSystem_declared_Inports_OutportTypeException.TestExceptionAttribute: initialize() was not invoked, but wrapup() was.  This is unusual, but not always a problem.  For example, exporting JNLP will do this.
4 ms. Memory: 793088K Free: 760540K (96%)
----------------- Invoking toplevel() on ptolemy.moml.MoMLSimpleApplication@78948212
----------------- Done invoking toplevel() on ptolemy.moml.MoMLSimpleApplication@78948212
reloadAllAccessors: .typeSystem_declared_Inports_OutportTypeException

===========================================================================================
----------------- testing Mon Mar 25 22:48:07 UTC 2019 /home/travis/build/icyphy/ptII/ptolemy/domains/sdf/test/auto/typeSystem_oneDeclaredInportType_wrongTypeOutport.xml
----------------- Instantiating /home/travis/build/icyphy/ptII/ptolemy/domains/sdf/test/auto/typeSystem_oneDeclaredInportType_wrongTypeOutport.xml
3 ms. Memory: 793088K Free: 751058K (95%)
----------------- Invoking toplevel() on ptolemy.moml.MoMLSimpleApplication@7cf22aa
----------------- Done invoking toplevel() on ptolemy.moml.MoMLSimpleApplication@7cf22aa
reloadAllAccessors: .typeSystem_oneDeclaredInportType_wrongTypeOutport

===========================================================================================
----------------- testing Mon Mar 25 22:48:07 UTC 2019 /home/travis/build/icyphy/ptII/ptolemy/domains/sdf/test/auto/width.xml
----------------- Instantiating /home/travis/build/icyphy/ptII/ptolemy/domains/sdf/test/auto/width.xml
2 ms. Memory: 793088K Free: 741576K (94%)
----------------- Invoking toplevel() on ptolemy.moml.MoMLSimpleApplication@a328976
----------------- Done invoking toplevel() on ptolemy.moml.MoMLSimpleApplication@a328976
reloadAllAccessors: .width

===========================================================================================
----------------- testing Mon Mar 25 22:48:07 UTC 2019 /home/travis/build/icyphy/ptII/ptolemy/domains/sdf/test/auto/width2.xml
----------------- Instantiating /home/travis/build/icyphy/ptII/ptolemy/domains/sdf/test/auto/width2.xml
39 ms. Memory: 793088K Free: 732093K (92%)
----------------- Invoking toplevel() on ptolemy.moml.MoMLSimpleApplication@1b0e54c3
----------------- Done invoking toplevel() on ptolemy.moml.MoMLSimpleApplication@1b0e54c3
reloadAllAccessors: .width2

===========================================================================================
----------------- testing Mon Mar 25 22:48:07 UTC 2019 /home/travis/build/icyphy/ptII/ptolemy/domains/sdf/test/auto/width3.xml
----------------- Instantiating /home/travis/build/icyphy/ptII/ptolemy/domains/sdf/test/auto/width3.xml
29 ms. Memory: 793088K Free: 720786K (91%)
----------------- Invoking toplevel() on ptolemy.moml.MoMLSimpleApplication@74654874
----------------- Done invoking toplevel() on ptolemy.moml.MoMLSimpleApplication@74654874
reloadAllAccessors: .width3
AutoTests.java: About to close Vertx.
AutoTests.java: Vertx closed.
]]></system-out>
  <system-err><![CDATA[java.lang.RuntimeException: Execution failed
	at ptolemy.moml.MoMLSimpleApplication$UnloadThread.run(MoMLSimpleApplication.java:402)
Caused by: ptolemy.actor.sched.NotSchedulableException: No solution exists for the balance equations.
Graph is not consistent under the SDF domain detected on external port .rateConsistency.actor.port2
  in .rateConsistency.SDF Director.Scheduler
	at ptolemy.domains.sdf.kernel.SDFScheduler._propagatePort(SDFScheduler.java:1425)
	at ptolemy.domains.sdf.kernel.SDFScheduler._solveBalanceEquations(SDFScheduler.java:710)
	at ptolemy.domains.sdf.kernel.SDFScheduler._getSchedule(SDFScheduler.java:566)
	at ptolemy.actor.sched.Scheduler.getSchedule(Scheduler.java:189)
	at ptolemy.domains.sdf.kernel.SDFDirector.createSchedule(SDFDirector.java:408)
	at ptolemy.domains.sdf.kernel.SDFDirector.preinitialize(SDFDirector.java:764)
	at ptolemy.actor.CompositeActor.preinitialize(CompositeActor.java:1828)
	at ptolemy.actor.Manager.preinitializeAndResolveTypes(Manager.java:1040)
	at ptolemy.actor.Manager.initialize(Manager.java:710)
	at ptolemy.actor.Manager.execute(Manager.java:356)
	at ptolemy.actor.Manager.run(Manager.java:1263)
	at ptolemy.actor.Manager$PtolemyRunThread.run(Manager.java:1915)
java.lang.RuntimeException: Execution failed
	at ptolemy.moml.MoMLSimpleApplication$UnloadThread.run(MoMLSimpleApplication.java:402)
Caused by: ptolemy.kernel.util.IllegalActionException: Failed to compute schedule:
  in .badRateChanges.typed composite actor.SDF Director
Because:
The SDF rate parameter may change. This is not allowed in SDF models that will be run through the code generator.  If you don't care about code generation, then you might consider setting the allowRateChanges parameter of the SDF director to false.
  in .badRateChanges.typed composite actor.Repeat.output.tokenProductionRate
	at ptolemy.domains.sdf.kernel.SDFDirector.createSchedule(SDFDirector.java:418)
	at ptolemy.domains.sdf.kernel.SDFDirector.preinitialize(SDFDirector.java:764)
	at ptolemy.actor.CompositeActor.preinitialize(CompositeActor.java:1828)
	at ptolemy.actor.Director.preinitialize(Director.java:1302)
	at ptolemy.actor.Director.preinitialize(Director.java:1257)
	at ptolemy.domains.sdf.kernel.SDFDirector.preinitialize(SDFDirector.java:763)
	at ptolemy.actor.CompositeActor.preinitialize(CompositeActor.java:1828)
	at ptolemy.actor.Manager.preinitializeAndResolveTypes(Manager.java:1040)
	at ptolemy.actor.Manager.initialize(Manager.java:710)
	at ptolemy.actor.Manager.execute(Manager.java:356)
	at ptolemy.actor.Manager.run(Manager.java:1263)
	at ptolemy.actor.Manager$PtolemyRunThread.run(Manager.java:1915)
Caused by: ptolemy.kernel.util.IllegalActionException: The SDF rate parameter may change. This is not allowed in SDF models that will be run through the code generator.  If you don't care about code generation, then you might consider setting the allowRateChanges parameter of the SDF director to false.
  in .badRateChanges.typed composite actor.Repeat.output.tokenProductionRate
	at ptolemy.domains.sdf.kernel.SDFScheduler._assertDynamicRateVariable(SDFScheduler.java:931)
	at ptolemy.domains.sdf.kernel.SDFScheduler._checkDynamicRateVariables(SDFScheduler.java:339)
	at ptolemy.domains.sdf.kernel.SDFScheduler._getSchedule(SDFScheduler.java:527)
	at ptolemy.actor.sched.Scheduler.getSchedule(Scheduler.java:189)
	at ptolemy.domains.sdf.kernel.SDFDirector.createSchedule(SDFDirector.java:408)
	... 11 more
java.lang.RuntimeException: Execution failed
	at ptolemy.moml.MoMLSimpleApplication$UnloadThread.run(MoMLSimpleApplication.java:402)
Caused by: ptolemy.kernel.util.IllegalActionException: Failed to compute schedule:
  in .badRateChanges2.typed composite actor.SDF Director
Because:
The SDF rate parameter may change. This is not allowed in SDF models that will be run through the code generator.  If you don't care about code generation, then you might consider setting the allowRateChanges parameter of the SDF director to false.
  in .badRateChanges2.typed composite actor.Repeat.output.tokenProductionRate
	at ptolemy.domains.sdf.kernel.SDFDirector.createSchedule(SDFDirector.java:418)
	at ptolemy.domains.sdf.kernel.SDFDirector.preinitialize(SDFDirector.java:764)
	at ptolemy.actor.CompositeActor.preinitialize(CompositeActor.java:1828)
	at ptolemy.actor.Director.preinitialize(Director.java:1302)
	at ptolemy.actor.Director.preinitialize(Director.java:1257)
	at ptolemy.domains.sdf.kernel.SDFDirector.preinitialize(SDFDirector.java:763)
	at ptolemy.actor.CompositeActor.preinitialize(CompositeActor.java:1828)
	at ptolemy.actor.Manager.preinitializeAndResolveTypes(Manager.java:1040)
	at ptolemy.actor.Manager.initialize(Manager.java:710)
	at ptolemy.actor.Manager.execute(Manager.java:356)
	at ptolemy.actor.Manager.run(Manager.java:1263)
	at ptolemy.actor.Manager$PtolemyRunThread.run(Manager.java:1915)
Caused by: ptolemy.kernel.util.IllegalActionException: The SDF rate parameter may change. This is not allowed in SDF models that will be run through the code generator.  If you don't care about code generation, then you might consider setting the allowRateChanges parameter of the SDF director to false.
  in .badRateChanges2.typed composite actor.Repeat.output.tokenProductionRate
	at ptolemy.domains.sdf.kernel.SDFScheduler._assertDynamicRateVariable(SDFScheduler.java:931)
	at ptolemy.domains.sdf.kernel.SDFScheduler._checkDynamicRateVariables(SDFScheduler.java:339)
	at ptolemy.domains.sdf.kernel.SDFScheduler._getSchedule(SDFScheduler.java:527)
	at ptolemy.actor.sched.Scheduler.getSchedule(Scheduler.java:189)
	at ptolemy.domains.sdf.kernel.SDFDirector.createSchedule(SDFDirector.java:408)
	... 11 more
java.lang.RuntimeException: Execution failed
	at ptolemy.moml.MoMLSimpleApplication$UnloadThread.run(MoMLSimpleApplication.java:402)
Caused by: ptolemy.actor.sched.NotSchedulableException: Actors remain that cannot be scheduled!

There are several possible reasons:
* SDF Graphs with feedback loops should have an actor with a delay in the loop, such as a SampleDelay.
* The SDF director has an "allowDisconnectedGraphs"parameter, which, when true, permits disconnected SDF graphs.
* The token consumption rate and production rates might be mismatched.
Usually, actors produce one token or consume one token on a port.  To produce or consume multiple tokens per firing, add a "tokenConsumptionRate" or "tokenProductionRate" parameter to the appropriate port.
Unscheduled actors:
.partiallyConnected.Const2 
Scheduled actors:
.partiallyConnected.Const 
  in .partiallyConnected.SDF Director.Scheduler
	at ptolemy.domains.sdf.kernel.SDFScheduler._scheduleConnectedActors(SDFScheduler.java:1828)
	at ptolemy.domains.sdf.kernel.SDFScheduler._getSchedule(SDFScheduler.java:587)
	at ptolemy.actor.sched.Scheduler.getSchedule(Scheduler.java:189)
	at ptolemy.domains.sdf.kernel.SDFDirector.createSchedule(SDFDirector.java:408)
	at ptolemy.domains.sdf.kernel.SDFDirector.preinitialize(SDFDirector.java:764)
	at ptolemy.actor.CompositeActor.preinitialize(CompositeActor.java:1828)
	at ptolemy.actor.Manager.preinitializeAndResolveTypes(Manager.java:1040)
	at ptolemy.actor.Manager.initialize(Manager.java:710)
	at ptolemy.actor.Manager.execute(Manager.java:356)
	at ptolemy.actor.Manager.run(Manager.java:1263)
	at ptolemy.actor.Manager$PtolemyRunThread.run(Manager.java:1915)
]]></system-err>
</testsuite>
