<?xml version="1.0" encoding="UTF-8" ?>
<testsuite errors="0" failures="0" hostname="travis-job-b752f610-d24b-41f9-81e4-bf819e8267bc" name="ptolemy.domains.de.test.junit.JUnitTclTest" skipped="0" tests="101" time="129.664" timestamp="2018-09-12T02:08:22">
  <properties>
[...]
</properties>
  <testcase classname="ptolemy.util.test.junit.TclTests" name="[0] /home/travis/build/icyphy/ptII/ptolemy/domains/de/test/DependencyLoop.tcl (RunTclFile)" time="0.787" />
  <testcase classname="ptolemy.util.test.junit.TclTests" name="[1] /home/travis/build/icyphy/ptII/ptolemy/domains/de/test/RunDETestsAsQSS.tcl (RunTclFile)" time="88.249" />
  <testcase classname="ptolemy.util.test.junit.AutoKnownFailedTests" name="[0] /home/travis/build/icyphy/ptII/ptolemy/domains/de/test/auto/knownFailedTests/DESDFClockTest.xml (RunModel)" time="2.043" />
  <testcase classname="ptolemy.util.test.junit.AutoKnownFailedTests" name="[1] /home/travis/build/icyphy/ptII/ptolemy/domains/de/test/auto/knownFailedTests/DirectFeedback.xml (RunModel)" time="0.017" />
  <testcase classname="ptolemy.util.test.junit.AutoKnownFailedTests" name="[2] /home/travis/build/icyphy/ptII/ptolemy/domains/de/test/auto/knownFailedTests/FSMSource.xml (RunModel)" time="0.025" />
  <testcase classname="ptolemy.util.test.junit.AutoKnownFailedTests" name="[3] /home/travis/build/icyphy/ptII/ptolemy/domains/de/test/auto/knownFailedTests/HierarchicalModel.xml (RunModel)" time="0.039" />
  <testcase classname="ptolemy.util.test.junit.AutoKnownFailedTests" name="[4] /home/travis/build/icyphy/ptII/ptolemy/domains/de/test/auto/knownFailedTests/dependencyLoop.xml (RunModel)" time="0.036" />
  <testcase classname="ptolemy.util.test.junit.AutoKnownFailedTests" name="[5] /home/travis/build/icyphy/ptII/ptolemy/domains/de/test/auto/knownFailedTests/dependencyLoop2.xml (RunModel)" time="0.04" />
  <testcase classname="ptolemy.util.test.junit.AutoNameArchTests" name="[0] ThereAreNoAutoArchTests (RunModel)" time="0.001" />
  <testcase classname="ptolemy.util.test.junit.AutoTests" name="[0] /home/travis/build/icyphy/ptII/ptolemy/domains/de/test/auto/ActorDepthCalculation_actorWithoutPorts.xml (RunModel)" time="0.012" />
  <testcase classname="ptolemy.util.test.junit.AutoTests" name="[1] /home/travis/build/icyphy/ptII/ptolemy/domains/de/test/auto/AssemblyLine.xml (RunModel)" time="0.011" />
  <testcase classname="ptolemy.util.test.junit.AutoTests" name="[2] /home/travis/build/icyphy/ptII/ptolemy/domains/de/test/auto/CQBug1.xml (RunModel)" time="0.004" />
  <testcase classname="ptolemy.util.test.junit.AutoTests" name="[3] /home/travis/build/icyphy/ptII/ptolemy/domains/de/test/auto/CancelFireAt.xml (RunModel)" time="0.004" />
  <testcase classname="ptolemy.util.test.junit.AutoTests" name="[4] /home/travis/build/icyphy/ptII/ptolemy/domains/de/test/auto/CausalityAndComposabilityAnalysis.xml (RunModel)" time="0.015" />
  <testcase classname="ptolemy.util.test.junit.AutoTests" name="[5] /home/travis/build/icyphy/ptII/ptolemy/domains/de/test/auto/CausalityInterface1.xml (RunModel)" time="0.013" />
  <testcase classname="ptolemy.util.test.junit.AutoTests" name="[6] /home/travis/build/icyphy/ptII/ptolemy/domains/de/test/auto/CausalityInterface15.xml (RunModel)" time="0.012" />
  <testcase classname="ptolemy.util.test.junit.AutoTests" name="[7] /home/travis/build/icyphy/ptII/ptolemy/domains/de/test/auto/CausalityInterface2.xml (RunModel)" time="0.01" />
  <testcase classname="ptolemy.util.test.junit.AutoTests" name="[8] /home/travis/build/icyphy/ptII/ptolemy/domains/de/test/auto/CausalityInterface3.xml (RunModel)" time="0.011" />
  <testcase classname="ptolemy.util.test.junit.AutoTests" name="[9] /home/travis/build/icyphy/ptII/ptolemy/domains/de/test/auto/ClockDrift.xml (RunModel)" time="0.032" />
  <testcase classname="ptolemy.util.test.junit.AutoTests" name="[10] /home/travis/build/icyphy/ptII/ptolemy/domains/de/test/auto/ClockDriftAndValueChange.xml (RunModel)" time="0.029" />
  <testcase classname="ptolemy.util.test.junit.AutoTests" name="[11] /home/travis/build/icyphy/ptII/ptolemy/domains/de/test/auto/ClockDriftChange.xml (RunModel)" time="0.025" />
  <testcase classname="ptolemy.util.test.junit.AutoTests" name="[12] /home/travis/build/icyphy/ptII/ptolemy/domains/de/test/auto/ComposableCausalityAnalysis.xml (RunModel)" time="0.012" />
  <testcase classname="ptolemy.util.test.junit.AutoTests" name="[13] /home/travis/build/icyphy/ptII/ptolemy/domains/de/test/auto/DEFixedPointLimitation.xml (RunModel)" time="0.013" />
  <testcase classname="ptolemy.util.test.junit.AutoTests" name="[14] /home/travis/build/icyphy/ptII/ptolemy/domains/de/test/auto/DEScheduleTest.xml (RunModel)" time="0.011" />
  <testcase classname="ptolemy.util.test.junit.AutoTests" name="[15] /home/travis/build/icyphy/ptII/ptolemy/domains/de/test/auto/DEinDEwithStartTimes.xml (RunModel)" time="0.013" />
  <testcase classname="ptolemy.util.test.junit.AutoTests" name="[16] /home/travis/build/icyphy/ptII/ptolemy/domains/de/test/auto/DEinDEwithStartTimes2.xml (RunModel)" time="0.021" />
  <testcase classname="ptolemy.util.test.junit.AutoTests" name="[17] /home/travis/build/icyphy/ptII/ptolemy/domains/de/test/auto/DateDemo.xml (RunModel)" time="0.031" />
  <testcase classname="ptolemy.util.test.junit.AutoTests" name="[18] /home/travis/build/icyphy/ptII/ptolemy/domains/de/test/auto/DateToEvent.xml (RunModel)" time="2.04" />
  <testcase classname="ptolemy.util.test.junit.AutoTests" name="[19] /home/travis/build/icyphy/ptII/ptolemy/domains/de/test/auto/DepthTest1.xml (RunModel)" time="0.011" />
  <testcase classname="ptolemy.util.test.junit.AutoTests" name="[20] /home/travis/build/icyphy/ptII/ptolemy/domains/de/test/auto/DepthTest2.xml (RunModel)" time="0.018" />
  <testcase classname="ptolemy.util.test.junit.AutoTests" name="[21] /home/travis/build/icyphy/ptII/ptolemy/domains/de/test/auto/DepthTest3.xml (RunModel)" time="0.009" />
  <testcase classname="ptolemy.util.test.junit.AutoTests" name="[22] /home/travis/build/icyphy/ptII/ptolemy/domains/de/test/auto/DepthTest4.xml (RunModel)" time="0.012" />
  <testcase classname="ptolemy.util.test.junit.AutoTests" name="[23] /home/travis/build/icyphy/ptII/ptolemy/domains/de/test/auto/DepthTest5.xml (RunModel)" time="0.012" />
  <testcase classname="ptolemy.util.test.junit.AutoTests" name="[24] /home/travis/build/icyphy/ptII/ptolemy/domains/de/test/auto/DepthTest6.xml (RunModel)" time="0.012" />
  <testcase classname="ptolemy.util.test.junit.AutoTests" name="[25] /home/travis/build/icyphy/ptII/ptolemy/domains/de/test/auto/DepthTest7.xml (RunModel)" time="0.011" />
  <testcase classname="ptolemy.util.test.junit.AutoTests" name="[26] /home/travis/build/icyphy/ptII/ptolemy/domains/de/test/auto/EventToDate.xml (RunModel)" time="3.033" />
  <testcase classname="ptolemy.util.test.junit.AutoTests" name="[27] /home/travis/build/icyphy/ptII/ptolemy/domains/de/test/auto/FSM1.xml (RunModel)" time="0.035" />
  <testcase classname="ptolemy.util.test.junit.AutoTests" name="[28] /home/travis/build/icyphy/ptII/ptolemy/domains/de/test/auto/FSM7.xml (RunModel)" time="0.034" />
  <testcase classname="ptolemy.util.test.junit.AutoTests" name="[29] /home/travis/build/icyphy/ptII/ptolemy/domains/de/test/auto/Inspection.xml (RunModel)" time="0.041" />
  <testcase classname="ptolemy.util.test.junit.AutoTests" name="[30] /home/travis/build/icyphy/ptII/ptolemy/domains/de/test/auto/Iteration.xml (RunModel)" time="0.02" />
  <testcase classname="ptolemy.util.test.junit.AutoTests" name="[31] /home/travis/build/icyphy/ptII/ptolemy/domains/de/test/auto/LineFault.xml (RunModel)" time="0.514" />
  <testcase classname="ptolemy.util.test.junit.AutoTests" name="[32] /home/travis/build/icyphy/ptII/ptolemy/domains/de/test/auto/MergeModel1Add.xml (RunModel)" time="0.041" />
  <testcase classname="ptolemy.util.test.junit.AutoTests" name="[33] /home/travis/build/icyphy/ptII/ptolemy/domains/de/test/auto/MergeModel2Add.xml (RunModel)" time="0.034" />
  <testcase classname="ptolemy.util.test.junit.AutoTests" name="[34] /home/travis/build/icyphy/ptII/ptolemy/domains/de/test/auto/MergeModel3Add.xml (RunModel)" time="0.033" />
  <testcase classname="ptolemy.util.test.junit.AutoTests" name="[35] /home/travis/build/icyphy/ptII/ptolemy/domains/de/test/auto/MergeWithoutDiscard.xml (RunModel)" time="0.012" />
  <testcase classname="ptolemy.util.test.junit.AutoTests" name="[36] /home/travis/build/icyphy/ptII/ptolemy/domains/de/test/auto/Modal1.xml (RunModel)" time="0.027" />
  <testcase classname="ptolemy.util.test.junit.AutoTests" name="[37] /home/travis/build/icyphy/ptII/ptolemy/domains/de/test/auto/Modal2.xml (RunModel)" time="0.037" />
  <testcase classname="ptolemy.util.test.junit.AutoTests" name="[38] /home/travis/build/icyphy/ptII/ptolemy/domains/de/test/auto/Modal3.xml (RunModel)" time="0.029" />
  <testcase classname="ptolemy.util.test.junit.AutoTests" name="[39] /home/travis/build/icyphy/ptII/ptolemy/domains/de/test/auto/Modal4.xml (RunModel)" time="0.025" />
  <testcase classname="ptolemy.util.test.junit.AutoTests" name="[40] /home/travis/build/icyphy/ptII/ptolemy/domains/de/test/auto/Modal5.xml (RunModel)" time="0.029" />
  <testcase classname="ptolemy.util.test.junit.AutoTests" name="[41] /home/travis/build/icyphy/ptII/ptolemy/domains/de/test/auto/Modal6.xml (RunModel)" time="0.026" />
  <testcase classname="ptolemy.util.test.junit.AutoTests" name="[42] /home/travis/build/icyphy/ptII/ptolemy/domains/de/test/auto/Modal7.xml (RunModel)" time="0.029" />
  <testcase classname="ptolemy.util.test.junit.AutoTests" name="[43] /home/travis/build/icyphy/ptII/ptolemy/domains/de/test/auto/ModalModel.xml (RunModel)" time="0.174" />
  <testcase classname="ptolemy.util.test.junit.AutoTests" name="[44] /home/travis/build/icyphy/ptII/ptolemy/domains/de/test/auto/ModalSource.xml (RunModel)" time="0.02" />
  <testcase classname="ptolemy.util.test.junit.AutoTests" name="[45] /home/travis/build/icyphy/ptII/ptolemy/domains/de/test/auto/NonInterruptibleTimerZeroDelay.xml (RunModel)" time="0.012" />
  <testcase classname="ptolemy.util.test.junit.AutoTests" name="[46] /home/travis/build/icyphy/ptII/ptolemy/domains/de/test/auto/OpenQueueingNetwork.xml (RunModel)" time="2.151" />
  <testcase classname="ptolemy.util.test.junit.AutoTests" name="[47] /home/travis/build/icyphy/ptII/ptolemy/domains/de/test/auto/OpenQueuingNetwork.xml (RunModel)" time="0.261" />
  <testcase classname="ptolemy.util.test.junit.AutoTests" name="[48] /home/travis/build/icyphy/ptII/ptolemy/domains/de/test/auto/PeriodicSampler.xml (RunModel)" time="0.008" />
  <testcase classname="ptolemy.util.test.junit.AutoTests" name="[49] /home/travis/build/icyphy/ptII/ptolemy/domains/de/test/auto/PersistentIO.xml (RunModel)" time="0.016" />
  <testcase classname="ptolemy.util.test.junit.AutoTests" name="[50] /home/travis/build/icyphy/ptII/ptolemy/domains/de/test/auto/PortParameterResetOnInitialize.xml (RunModel)" time="0.013" />
  <testcase classname="ptolemy.util.test.junit.AutoTests" name="[51] /home/travis/build/icyphy/ptII/ptolemy/domains/de/test/auto/PortParameterUpdates.xml (RunModel)" time="0.015" />
  <testcase classname="ptolemy.util.test.junit.AutoTests" name="[52] /home/travis/build/icyphy/ptII/ptolemy/domains/de/test/auto/QueueAndServer.xml (RunModel)" time="0.024" />
  <testcase classname="ptolemy.util.test.junit.AutoTests" name="[53] /home/travis/build/icyphy/ptII/ptolemy/domains/de/test/auto/Records.xml (RunModel)" time="0.014" />
  <testcase classname="ptolemy.util.test.junit.AutoTests" name="[54] /home/travis/build/icyphy/ptII/ptolemy/domains/de/test/auto/ResetTransitionWithStartTime1.xml (RunModel)" time="0.019" />
  <testcase classname="ptolemy.util.test.junit.AutoTests" name="[55] /home/travis/build/icyphy/ptII/ptolemy/domains/de/test/auto/ResetTransitionWithStartTime2.xml (RunModel)" time="0.017" />
  <testcase classname="ptolemy.util.test.junit.AutoTests" name="[56] /home/travis/build/icyphy/ptII/ptolemy/domains/de/test/auto/ResetTransitionWithStartTime3.xml (RunModel)" time="0.016" />
  <testcase classname="ptolemy.util.test.junit.AutoTests" name="[57] /home/travis/build/icyphy/ptII/ptolemy/domains/de/test/auto/ResetTransitionWithStartTime4.xml (RunModel)" time="0.016" />
  <testcase classname="ptolemy.util.test.junit.AutoTests" name="[58] /home/travis/build/icyphy/ptII/ptolemy/domains/de/test/auto/ResettableTimer1.xml (RunModel)" time="0.01" />
  <testcase classname="ptolemy.util.test.junit.AutoTests" name="[59] /home/travis/build/icyphy/ptII/ptolemy/domains/de/test/auto/ResettableTimer2.xml (RunModel)" time="0.009" />
  <testcase classname="ptolemy.util.test.junit.AutoTests" name="[60] /home/travis/build/icyphy/ptII/ptolemy/domains/de/test/auto/ResettableTimer3.xml (RunModel)" time="0.008" />
  <testcase classname="ptolemy.util.test.junit.AutoTests" name="[61] /home/travis/build/icyphy/ptII/ptolemy/domains/de/test/auto/ResettableTimer4.xml (RunModel)" time="0.009" />
  <testcase classname="ptolemy.util.test.junit.AutoTests" name="[62] /home/travis/build/icyphy/ptII/ptolemy/domains/de/test/auto/ResettableTimer5.xml (RunModel)" time="0.01" />
  <testcase classname="ptolemy.util.test.junit.AutoTests" name="[63] /home/travis/build/icyphy/ptII/ptolemy/domains/de/test/auto/ResettableTimer6.xml (RunModel)" time="0.019" />
  <testcase classname="ptolemy.util.test.junit.AutoTests" name="[64] /home/travis/build/icyphy/ptII/ptolemy/domains/de/test/auto/ServerZeroDelay.xml (RunModel)" time="0.008" />
  <testcase classname="ptolemy.util.test.junit.AutoTests" name="[65] /home/travis/build/icyphy/ptII/ptolemy/domains/de/test/auto/SmartSender.xml (RunModel)" time="3.01" />
  <testcase classname="ptolemy.util.test.junit.AutoTests" name="[66] /home/travis/build/icyphy/ptII/ptolemy/domains/de/test/auto/ThreadedComposite.xml (RunModel)" time="1.735" />
  <testcase classname="ptolemy.util.test.junit.AutoTests" name="[67] /home/travis/build/icyphy/ptII/ptolemy/domains/de/test/auto/Time.xml (RunModel)" time="0.414" />
  <testcase classname="ptolemy.util.test.junit.AutoTests" name="[68] /home/travis/build/icyphy/ptII/ptolemy/domains/de/test/auto/TimeDelayZeroDelay.xml (RunModel)" time="0.01" />
  <testcase classname="ptolemy.util.test.junit.AutoTests" name="[69] /home/travis/build/icyphy/ptII/ptolemy/domains/de/test/auto/TimerZeroDelay.xml (RunModel)" time="0.008" />
  <testcase classname="ptolemy.util.test.junit.AutoTests" name="[70] /home/travis/build/icyphy/ptII/ptolemy/domains/de/test/auto/TimingParadox.xml (RunModel)" time="0.314" />
  <testcase classname="ptolemy.util.test.junit.AutoTests" name="[71] /home/travis/build/icyphy/ptII/ptolemy/domains/de/test/auto/TransferInputs.xml (RunModel)" time="0.009" />
  <testcase classname="ptolemy.util.test.junit.AutoTests" name="[72] /home/travis/build/icyphy/ptII/ptolemy/domains/de/test/auto/TransferOutputs2.xml (RunModel)" time="0.015" />
  <testcase classname="ptolemy.util.test.junit.AutoTests" name="[73] /home/travis/build/icyphy/ptII/ptolemy/domains/de/test/auto/Trilateration.xml (RunModel)" time="11.02" />
  <testcase classname="ptolemy.util.test.junit.AutoTests" name="[74] /home/travis/build/icyphy/ptII/ptolemy/domains/de/test/auto/TwoSigmaDelta.xml (RunModel)" time="2.107" />
  <testcase classname="ptolemy.util.test.junit.AutoTests" name="[75] /home/travis/build/icyphy/ptII/ptolemy/domains/de/test/auto/VariableDelay.xml (RunModel)" time="0.018" />
  <testcase classname="ptolemy.util.test.junit.AutoTests" name="[76] /home/travis/build/icyphy/ptII/ptolemy/domains/de/test/auto/VariableDelay2.xml (RunModel)" time="0.014" />
  <testcase classname="ptolemy.util.test.junit.AutoTests" name="[77] /home/travis/build/icyphy/ptII/ptolemy/domains/de/test/auto/VariableDelayZeroDelay.xml (RunModel)" time="0.014" />
  <testcase classname="ptolemy.util.test.junit.AutoTests" name="[78] /home/travis/build/icyphy/ptII/ptolemy/domains/de/test/auto/VariableDelayZeroDelay2.xml (RunModel)" time="0.009" />
  <testcase classname="ptolemy.util.test.junit.AutoTests" name="[79] /home/travis/build/icyphy/ptII/ptolemy/domains/de/test/auto/deInCt.xml (RunModel)" time="0.02" />
  <testcase classname="ptolemy.util.test.junit.AutoTests" name="[80] /home/travis/build/icyphy/ptII/ptolemy/domains/de/test/auto/deInCt2.xml (RunModel)" time="0.016" />
  <testcase classname="ptolemy.util.test.junit.AutoTests" name="[81] /home/travis/build/icyphy/ptII/ptolemy/domains/de/test/auto/dynamicCausalityInterface1.xml (RunModel)" time="0.018" />
  <testcase classname="ptolemy.util.test.junit.AutoTests" name="[82] /home/travis/build/icyphy/ptII/ptolemy/domains/de/test/auto/fsm_de_test.xml (RunModel)" time="0.025" />
  <testcase classname="ptolemy.util.test.junit.AutoTests" name="[83] /home/travis/build/icyphy/ptII/ptolemy/domains/de/test/auto/functionDependencyReconstruction.xml (RunModel)" time="0.029" />
  <testcase classname="ptolemy.util.test.junit.AutoTests" name="[84] /home/travis/build/icyphy/ptII/ptolemy/domains/de/test/auto/multirate.xml (RunModel)" time="0.015" />
  <testcase classname="ptolemy.util.test.junit.AutoTests" name="[85] /home/travis/build/icyphy/ptII/ptolemy/domains/de/test/auto/multirate2.xml (RunModel)" time="0.015" />
  <testcase classname="ptolemy.util.test.junit.AutoTests" name="[86] /home/travis/build/icyphy/ptII/ptolemy/domains/de/test/auto/realtime.xml (RunModel)" time="10.01" />
  <testcase classname="ptolemy.util.test.junit.AutoTests" name="[87] /home/travis/build/icyphy/ptII/ptolemy/domains/de/test/auto/relationGroup.xml (RunModel)" time="0.007" />
  <testcase classname="ptolemy.util.test.junit.AutoTests" name="[88] /home/travis/build/icyphy/ptII/ptolemy/domains/de/test/auto/relationGroup2.xml (RunModel)" time="0.006" />
  <testcase classname="ptolemy.util.test.junit.AutoTests" name="[89] /home/travis/build/icyphy/ptII/ptolemy/domains/de/test/auto/sortWithOpaquePorts.xml (RunModel)" time="0.006" />
  <testcase classname="ptolemy.util.test.junit.AutoTests" name="[90] /home/travis/build/icyphy/ptII/ptolemy/domains/de/test/auto/transferInputsandOutputs.xml (RunModel)" time="0.013" />
  <testcase classname="ptolemy.util.test.junit.AutoTests" name="[91] /home/travis/build/icyphy/ptII/ptolemy/domains/de/test/auto/triggerType.xml (RunModel)" time="0.007" />
  <system-out><![CDATA[/home/travis/build/icyphy/ptII/ptolemy/domains/de/test/DependencyLoop.tcl
testDefs.tcl: setting time out to 9000 seconds at Wed Sep 12 02:08:22 UTC 2018
27 ms. Memory: 116224K Free: 93405K (80%)
7 ms. Memory: 146944K Free: 135479K (92%)
/home/travis/build/icyphy/ptII/ptolemy/domains/de/test/RunDETestsAsQSS.tcl
Run the DE tests using ptolemy.domains.qss.test.QSSDirectorTest, which extends QSSDirector and prints a message in the constructors.
------------------ testing $PTII/ptolemy/domains/de/test/auto/knownFailedTests/dependencyLoop.xml (Known Failure) 
14 ms. Memory: 146944K Free: 132367K (90%)


==== $PTIIhome/travis/build/icyphy/ptII/ptolemy/domains/de/test/../../../../: Auto Automatic test in file $PTII/ptolemy/domains/de/test/auto/knownFailedTests/dependencyLoop.xml
==== Contents of test case:

	    # FIXME: we should use $relativeFilename here, but it
	    # might have backslashes under Windows, which causes no end
	    # of trouble.
	    createAndExecute $file
	    list {}
	
.... Test generated KNOWN error:
    while executing
ptolemy.kernel.util.IllegalActionException: Found a zero delay loop containing .dependencyLoop.original
  in .dependencyLoop and .dependencyLoop.original
	at ptolemy.actor.util.CausalityInterfaceForComposites._computeOutputPortDepth(CausalityInterfaceForComposites.java:759)
	at ptolemy.actor.util.CausalityInterfaceForComposites._computeInputDepth(CausalityInterfaceForComposites.java:696)
	at ptolemy.actor.util.CausalityInterfaceForComposites._computeOutputPortDepth(CausalityInterfaceForComposites.java:765)
	at ptolemy.actor.util.CausalityInterfaceForComposites._computeInputDepth(CausalityInterfaceForComposites.java:696)
	at ptolemy.actor.util.CausalityInterfaceForComposites._computeOutputPortDepth(CausalityInterfaceForComposites.java:765)
	at ptolemy.actor.util.CausalityInterfaceForComposites._computeInputDepth(CausalityInterfaceForComposites.java:696)
	at ptolemy.actor.util.CausalityInterfaceForComposites._computeActorDepth(CausalityInterfaceForComposites.java:532)
	at ptolemy.actor.util.CausalityInterfaceForComposites.checkForCycles(CausalityInterfaceForComposites.java:96)
	at ptolemy.domains.de.kernel.DEDirector.preinitialize(DEDirector.java:1338)
	at ptolemy.actor.CompositeActor.preinitialize(CompositeActor.java:1828)
	at ptolemy.actor.Manager.preinitializeAndResolveTypes(Manager.java:1040)
	at ptolemy.actor.Manager.initialize(Manager.java:710)
	at ptolemy.actor.Manager.execute(Manager.java:356)
	at ptolemy.actor.Manager.run(Manager.java:1263)
	at ptolemy.actor.Manager$PtolemyRunThread.run(Manager.java:1915)

    while executing
ptolemy.kernel.util.IllegalActionException: Found a zero delay loop containing .dependencyLoop.original
  in .dependencyLoop and .dependencyLoop.original
    while executing
"java::new ptolemy.moml.MoMLSimpleApplication $file
"
    (procedure "createAndExecute" line 2)
    invoked from within
"createAndExecute $file"
    ("uplevel" body line 5)
    invoked from within
"uplevel $contents_of_test"
------------------ testing $PTII/ptolemy/domains/de/test/auto/knownFailedTests/DESDFClockTest.xml (Known Failure) 
2082 ms. Memory: 146944K Free: 116548K (79%)


==== $PTIIhome/travis/build/icyphy/ptII/ptolemy/domains/de/test/../../../../: Auto Automatic test in file $PTII/ptolemy/domains/de/test/auto/knownFailedTests/DESDFClockTest.xml
==== Contents of test case:

	    # FIXME: we should use $relativeFilename here, but it
	    # might have backslashes under Windows, which causes no end
	    # of trouble.
	    createAndExecute $file
	    list {}
	
.... Test generated KNOWN error:
    while executing
ptolemy.kernel.util.IllegalActionException: Actor is not ready to fire.  Perhaps UpSample.prefire() returned false? Try debugging the actor by selecting "Listen to Actor".  Also, for SDF check moml for tokenConsumptionRate on input.
  in .DESDFClockTest.Play Bell.Copy1:SDF Director and .DESDFClockTest.Play Bell.UpSample
	at ptolemy.actor.sched.StaticSchedulingDirector.fire(StaticSchedulingDirector.java:227)
	at ptolemy.domains.sdf.kernel.SDFDirector.fire(SDFDirector.java:500)
	at ptolemy.actor.CompositeActor.fire(CompositeActor.java:455)
	at ptolemy.domains.de.kernel.DEDirector._fire(DEDirector.java:1949)
	at ptolemy.domains.de.kernel.DEDirector.fire(DEDirector.java:502)
	at ptolemy.actor.CompositeActor.fire(CompositeActor.java:455)
	at ptolemy.actor.Manager.iterate(Manager.java:851)
	at ptolemy.actor.Manager.execute(Manager.java:369)
	at ptolemy.actor.Manager.run(Manager.java:1263)
	at ptolemy.actor.Manager$PtolemyRunThread.run(Manager.java:1915)

    while executing
ptolemy.kernel.util.IllegalActionException: Actor is not ready to fire.  Perhaps UpSample.prefire() returned false? Try debugging the actor by selecting "Listen to Actor".  Also, for SDF check moml for tokenConsumptionRate on input.
  in .DESDFClockTest.Play Bell.Copy1:SDF Director and .DESDFClockTest.Play Bell.UpSample
    while executing
"java::new ptolemy.moml.MoMLSimpleApplication $file
"
    (procedure "createAndExecute" line 2)
    invoked from within
"createAndExecute $file"
    ("uplevel" body line 5)
    invoked from within
"uplevel $contents_of_test"
------------------ testing $PTII/ptolemy/domains/de/test/auto/knownFailedTests/FSMSource.xml (Known Failure) 
42 ms. Memory: 146944K Free: 107547K (73%)
!!!! Auto was marked as failing, but now passes
------------------ testing $PTII/ptolemy/domains/de/test/auto/knownFailedTests/dependencyLoop2.xml (Known Failure) 
10 ms. Memory: 146944K Free: 105664K (72%)


==== $PTIIhome/travis/build/icyphy/ptII/ptolemy/domains/de/test/../../../../: Auto Automatic test in file $PTII/ptolemy/domains/de/test/auto/knownFailedTests/dependencyLoop2.xml
==== Contents of test case:

	    # FIXME: we should use $relativeFilename here, but it
	    # might have backslashes under Windows, which causes no end
	    # of trouble.
	    createAndExecute $file
	    list {}
	
.... Test generated KNOWN error:
    while executing
ptolemy.kernel.util.IllegalActionException: Found a zero delay loop containing .dependencyLoop2.original
  in .dependencyLoop2 and .dependencyLoop2.original
	at ptolemy.actor.util.CausalityInterfaceForComposites._computeOutputPortDepth(CausalityInterfaceForComposites.java:759)
	at ptolemy.actor.util.CausalityInterfaceForComposites._computeInputDepth(CausalityInterfaceForComposites.java:696)
	at ptolemy.actor.util.CausalityInterfaceForComposites._computeOutputPortDepth(CausalityInterfaceForComposites.java:765)
	at ptolemy.actor.util.CausalityInterfaceForComposites._computeInputDepth(CausalityInterfaceForComposites.java:696)
	at ptolemy.actor.util.CausalityInterfaceForComposites._computeOutputPortDepth(CausalityInterfaceForComposites.java:765)
	at ptolemy.actor.util.CausalityInterfaceForComposites._computeInputDepth(CausalityInterfaceForComposites.java:696)
	at ptolemy.actor.util.CausalityInterfaceForComposites._computeActorDepth(CausalityInterfaceForComposites.java:532)
	at ptolemy.actor.util.CausalityInterfaceForComposites.checkForCycles(CausalityInterfaceForComposites.java:96)
	at ptolemy.domains.de.kernel.DEDirector.preinitialize(DEDirector.java:1338)
	at ptolemy.actor.CompositeActor.preinitialize(CompositeActor.java:1828)
	at ptolemy.actor.Manager.preinitializeAndResolveTypes(Manager.java:1040)
	at ptolemy.actor.Manager.initialize(Manager.java:710)
	at ptolemy.actor.Manager.execute(Manager.java:356)
	at ptolemy.actor.Manager.run(Manager.java:1263)
	at ptolemy.actor.Manager$PtolemyRunThread.run(Manager.java:1915)

    while executing
ptolemy.kernel.util.IllegalActionException: Found a zero delay loop containing .dependencyLoop2.original
  in .dependencyLoop2 and .dependencyLoop2.original
    while executing
"java::new ptolemy.moml.MoMLSimpleApplication $file
"
    (procedure "createAndExecute" line 2)
    invoked from within
"createAndExecute $file"
    ("uplevel" body line 5)
    invoked from within
"uplevel $contents_of_test"
------------------ testing $PTII/ptolemy/domains/de/test/auto/knownFailedTests/HierarchicalModel.xml (Known Failure) 
4 ms. Memory: 146944K Free: 85104K (58%)


==== $PTIIhome/travis/build/icyphy/ptII/ptolemy/domains/de/test/../../../../: Auto Automatic test in file $PTII/ptolemy/domains/de/test/auto/knownFailedTests/HierarchicalModel.xml
==== Contents of test case:

	    # FIXME: we should use $relativeFilename here, but it
	    # might have backslashes under Windows, which causes no end
	    # of trouble.
	    createAndExecute $file
	    list {}
	
.... Test generated KNOWN error:
    while executing
ptolemy.kernel.util.IllegalActionException: Found a zero delay loop containing .HierarchicalModel.A
  in .HierarchicalModel and .HierarchicalModel.A
	at ptolemy.actor.util.CausalityInterfaceForComposites._computeOutputPortDepth(CausalityInterfaceForComposites.java:759)
	at ptolemy.actor.util.CausalityInterfaceForComposites._computeInputDepth(CausalityInterfaceForComposites.java:696)
	at ptolemy.actor.util.CausalityInterfaceForComposites._computeOutputPortDepth(CausalityInterfaceForComposites.java:765)
	at ptolemy.actor.util.CausalityInterfaceForComposites._computeInputDepth(CausalityInterfaceForComposites.java:696)
	at ptolemy.actor.util.CausalityInterfaceForComposites._computeOutputPortDepth(CausalityInterfaceForComposites.java:765)
	at ptolemy.actor.util.CausalityInterfaceForComposites._computeInputDepth(CausalityInterfaceForComposites.java:696)
	at ptolemy.actor.util.CausalityInterfaceForComposites._computeActorDepth(CausalityInterfaceForComposites.java:532)
	at ptolemy.actor.util.CausalityInterfaceForComposites.checkForCycles(CausalityInterfaceForComposites.java:96)
	at ptolemy.domains.de.kernel.DEDirector.preinitialize(DEDirector.java:1338)
	at ptolemy.actor.CompositeActor.preinitialize(CompositeActor.java:1828)
	at ptolemy.actor.Manager.preinitializeAndResolveTypes(Manager.java:1040)
	at ptolemy.actor.Manager.initialize(Manager.java:710)
	at ptolemy.actor.Manager.execute(Manager.java:356)
	at ptolemy.actor.Manager.run(Manager.java:1263)
	at ptolemy.actor.Manager$PtolemyRunThread.run(Manager.java:1915)

    while executing
ptolemy.kernel.util.IllegalActionException: Found a zero delay loop containing .HierarchicalModel.A
  in .HierarchicalModel and .HierarchicalModel.A
    while executing
"java::new ptolemy.moml.MoMLSimpleApplication $file
"
    (procedure "createAndExecute" line 2)
    invoked from within
"createAndExecute $file"
    ("uplevel" body line 5)
    invoked from within
"uplevel $contents_of_test"
------------------ testing $PTII/ptolemy/domains/de/test/auto/knownFailedTests/DirectFeedback.xml (Known Failure) 
4 ms. Memory: 146944K Free: 141342K (96%)


==== $PTIIhome/travis/build/icyphy/ptII/ptolemy/domains/de/test/../../../../: Auto Automatic test in file $PTII/ptolemy/domains/de/test/auto/knownFailedTests/DirectFeedback.xml
==== Contents of test case:

	    # FIXME: we should use $relativeFilename here, but it
	    # might have backslashes under Windows, which causes no end
	    # of trouble.
	    createAndExecute $file
	    list {}
	
.... Test generated KNOWN error:
    while executing
ptolemy.kernel.util.IllegalActionException: Test fails in iteration 1.
Value was: 1.0. Should have been: 2.0
  in .DirectFeedback.Test
	at ptolemy.actor.lib.Test.fire(Test.java:268)
	at ptolemy.domains.de.kernel.DEDirector._fire(DEDirector.java:1949)
	at ptolemy.domains.de.kernel.DEDirector.fire(DEDirector.java:502)
	at ptolemy.actor.CompositeActor.fire(CompositeActor.java:455)
	at ptolemy.actor.Manager.iterate(Manager.java:851)
	at ptolemy.actor.Manager.execute(Manager.java:369)
	at ptolemy.actor.Manager.run(Manager.java:1263)
	at ptolemy.actor.Manager$PtolemyRunThread.run(Manager.java:1915)

    while executing
ptolemy.kernel.util.IllegalActionException: Test fails in iteration 1.
Value was: 1.0. Should have been: 2.0
  in .DirectFeedback.Test
    while executing
"java::new ptolemy.moml.MoMLSimpleApplication $file
"
    (procedure "createAndExecute" line 2)
    invoked from within
"createAndExecute $file"
    ("uplevel" body line 5)
    invoked from within
"uplevel $contents_of_test"
------------------ testing $PTII/ptolemy/domains/de/test/auto/ActorDepthCalculation_actorWithoutPorts.xml
auto.tcl: Setting watchdog for 200 seconds at Wed Sep 12 02:08:25 UTC 2018
8 ms. Memory: 146944K Free: 133370K (91%)
ptolemy.util.test.WatchDog.cancel(): canceling Wed Sep 12 02:08:26 UTC 2018
auto.tcl: Setting watchdog for 200 seconds at Wed Sep 12 02:08:26 UTC 2018
3 ms. Memory: 146944K Free: 131268K (89%)
ptolemy.util.test.WatchDog.cancel(): canceling Wed Sep 12 02:08:26 UTC 2018
------------------ testing $PTII/ptolemy/domains/de/test/auto/AssemblyLine.xml
auto.tcl: Setting watchdog for 200 seconds at Wed Sep 12 02:08:26 UTC 2018
28 ms. Memory: 208384K Free: 186460K (89%)
ptolemy.util.test.WatchDog.cancel(): canceling Wed Sep 12 02:08:26 UTC 2018
auto.tcl: Setting watchdog for 200 seconds at Wed Sep 12 02:08:26 UTC 2018
8 ms. Memory: 208384K Free: 182773K (88%)
ptolemy.util.test.WatchDog.cancel(): canceling Wed Sep 12 02:08:26 UTC 2018
------------------ testing $PTII/ptolemy/domains/de/test/auto/CQBug1.xml
auto.tcl: Setting watchdog for 200 seconds at Wed Sep 12 02:08:26 UTC 2018
4 ms. Memory: 208384K Free: 197677K (95%)
ptolemy.util.test.WatchDog.cancel(): canceling Wed Sep 12 02:08:26 UTC 2018
auto.tcl: Setting watchdog for 200 seconds at Wed Sep 12 02:08:26 UTC 2018
2 ms. Memory: 208384K Free: 197677K (95%)
ptolemy.util.test.WatchDog.cancel(): canceling Wed Sep 12 02:08:26 UTC 2018
------------------ testing $PTII/ptolemy/domains/de/test/auto/CancelFireAt.xml
auto.tcl: Setting watchdog for 200 seconds at Wed Sep 12 02:08:26 UTC 2018
14 ms. Memory: 208384K Free: 201267K (97%)
ptolemy.util.test.WatchDog.cancel(): canceling Wed Sep 12 02:08:26 UTC 2018
auto.tcl: Setting watchdog for 200 seconds at Wed Sep 12 02:08:26 UTC 2018
2 ms. Memory: 208384K Free: 199153K (96%)
ptolemy.util.test.WatchDog.cancel(): canceling Wed Sep 12 02:08:26 UTC 2018
------------------ testing $PTII/ptolemy/domains/de/test/auto/CausalityAndComposabilityAnalysis.xml
auto.tcl: Setting watchdog for 200 seconds at Wed Sep 12 02:08:26 UTC 2018
7 ms. Memory: 208384K Free: 196297K (94%)
ptolemy.util.test.WatchDog.cancel(): canceling Wed Sep 12 02:08:26 UTC 2018
auto.tcl: Setting watchdog for 200 seconds at Wed Sep 12 02:08:26 UTC 2018
5 ms. Memory: 208384K Free: 196297K (94%)
ptolemy.util.test.WatchDog.cancel(): canceling Wed Sep 12 02:08:26 UTC 2018
------------------ testing $PTII/ptolemy/domains/de/test/auto/CausalityInterface1.xml
auto.tcl: Setting watchdog for 200 seconds at Wed Sep 12 02:08:26 UTC 2018
14 ms. Memory: 208384K Free: 196235K (94%)
ptolemy.util.test.WatchDog.cancel(): canceling Wed Sep 12 02:08:26 UTC 2018
auto.tcl: Setting watchdog for 200 seconds at Wed Sep 12 02:08:26 UTC 2018
8 ms. Memory: 208384K Free: 196235K (94%)
ptolemy.util.test.WatchDog.cancel(): canceling Wed Sep 12 02:08:26 UTC 2018
------------------ testing $PTII/ptolemy/domains/de/test/auto/CausalityInterface15.xml
auto.tcl: Setting watchdog for 200 seconds at Wed Sep 12 02:08:26 UTC 2018
4 ms. Memory: 208384K Free: 196226K (94%)
ptolemy.util.test.WatchDog.cancel(): canceling Wed Sep 12 02:08:27 UTC 2018
auto.tcl: Setting watchdog for 200 seconds at Wed Sep 12 02:08:27 UTC 2018
5 ms. Memory: 208384K Free: 196226K (94%)
ptolemy.util.test.WatchDog.cancel(): canceling Wed Sep 12 02:08:27 UTC 2018
------------------ testing $PTII/ptolemy/domains/de/test/auto/CausalityInterface2.xml
auto.tcl: Setting watchdog for 200 seconds at Wed Sep 12 02:08:27 UTC 2018
6 ms. Memory: 208384K Free: 196210K (94%)
ptolemy.util.test.WatchDog.cancel(): canceling Wed Sep 12 02:08:27 UTC 2018
auto.tcl: Setting watchdog for 200 seconds at Wed Sep 12 02:08:27 UTC 2018
3 ms. Memory: 208384K Free: 196210K (94%)
ptolemy.util.test.WatchDog.cancel(): canceling Wed Sep 12 02:08:27 UTC 2018
------------------ testing $PTII/ptolemy/domains/de/test/auto/CausalityInterface3.xml
auto.tcl: Setting watchdog for 200 seconds at Wed Sep 12 02:08:27 UTC 2018
13 ms. Memory: 208384K Free: 196222K (94%)
ptolemy.util.test.WatchDog.cancel(): canceling Wed Sep 12 02:08:27 UTC 2018
auto.tcl: Setting watchdog for 200 seconds at Wed Sep 12 02:08:27 UTC 2018
4 ms. Memory: 208384K Free: 196222K (94%)
ptolemy.util.test.WatchDog.cancel(): canceling Wed Sep 12 02:08:27 UTC 2018
------------------ testing $PTII/ptolemy/domains/de/test/auto/ClockDrift.xml
auto.tcl: Setting watchdog for 200 seconds at Wed Sep 12 02:08:27 UTC 2018
90 ms. Memory: 208384K Free: 187410K (90%)
ptolemy.util.test.WatchDog.cancel(): canceling Wed Sep 12 02:08:27 UTC 2018
auto.tcl: Setting watchdog for 200 seconds at Wed Sep 12 02:08:27 UTC 2018
56 ms. Memory: 208384K Free: 185295K (89%)
ptolemy.util.test.WatchDog.cancel(): canceling Wed Sep 12 02:08:27 UTC 2018
------------------ testing $PTII/ptolemy/domains/de/test/auto/ClockDriftAndValueChange.xml
auto.tcl: Setting watchdog for 200 seconds at Wed Sep 12 02:08:27 UTC 2018
58 ms. Memory: 208384K Free: 187243K (90%)
ptolemy.util.test.WatchDog.cancel(): canceling Wed Sep 12 02:08:27 UTC 2018
auto.tcl: Setting watchdog for 200 seconds at Wed Sep 12 02:08:27 UTC 2018
37 ms. Memory: 208384K Free: 185128K (89%)
ptolemy.util.test.WatchDog.cancel(): canceling Wed Sep 12 02:08:27 UTC 2018
------------------ testing $PTII/ptolemy/domains/de/test/auto/ClockDriftChange.xml
auto.tcl: Setting watchdog for 200 seconds at Wed Sep 12 02:08:27 UTC 2018
29 ms. Memory: 208384K Free: 190579K (91%)
ptolemy.util.test.WatchDog.cancel(): canceling Wed Sep 12 02:08:27 UTC 2018
auto.tcl: Setting watchdog for 200 seconds at Wed Sep 12 02:08:27 UTC 2018
28 ms. Memory: 208384K Free: 188465K (90%)
ptolemy.util.test.WatchDog.cancel(): canceling Wed Sep 12 02:08:27 UTC 2018
------------------ testing $PTII/ptolemy/domains/de/test/auto/ComposableCausalityAnalysis.xml
auto.tcl: Setting watchdog for 200 seconds at Wed Sep 12 02:08:27 UTC 2018
2 ms. Memory: 208384K Free: 196075K (94%)
ptolemy.util.test.WatchDog.cancel(): canceling Wed Sep 12 02:08:27 UTC 2018
auto.tcl: Setting watchdog for 200 seconds at Wed Sep 12 02:08:27 UTC 2018
2 ms. Memory: 208384K Free: 193961K (93%)
ptolemy.util.test.WatchDog.cancel(): canceling Wed Sep 12 02:08:27 UTC 2018
------------------ testing $PTII/ptolemy/domains/de/test/auto/DEFixedPointLimitation.xml
auto.tcl: Setting watchdog for 200 seconds at Wed Sep 12 02:08:28 UTC 2018
2 ms. Memory: 208384K Free: 196156K (94%)
ptolemy.util.test.WatchDog.cancel(): canceling Wed Sep 12 02:08:28 UTC 2018
auto.tcl: Setting watchdog for 200 seconds at Wed Sep 12 02:08:28 UTC 2018
1 ms. Memory: 208384K Free: 196156K (94%)
ptolemy.util.test.WatchDog.cancel(): canceling Wed Sep 12 02:08:28 UTC 2018
------------------ testing $PTII/ptolemy/domains/de/test/auto/DEScheduleTest.xml
auto.tcl: Setting watchdog for 200 seconds at Wed Sep 12 02:08:28 UTC 2018
4 ms. Memory: 208384K Free: 198306K (95%)
ptolemy.util.test.WatchDog.cancel(): canceling Wed Sep 12 02:08:28 UTC 2018
auto.tcl: Setting watchdog for 200 seconds at Wed Sep 12 02:08:28 UTC 2018
6 ms. Memory: 208384K Free: 196192K (94%)
ptolemy.util.test.WatchDog.cancel(): canceling Wed Sep 12 02:08:28 UTC 2018
------------------ testing $PTII/ptolemy/domains/de/test/auto/DEinDEwithStartTimes.xml
auto.tcl: Setting watchdog for 200 seconds at Wed Sep 12 02:08:28 UTC 2018
4 ms. Memory: 208384K Free: 196499K (94%)
ptolemy.util.test.WatchDog.cancel(): canceling Wed Sep 12 02:08:28 UTC 2018
auto.tcl: Setting watchdog for 200 seconds at Wed Sep 12 02:08:28 UTC 2018
3 ms. Memory: 208384K Free: 194385K (93%)
ptolemy.util.test.WatchDog.cancel(): canceling Wed Sep 12 02:08:28 UTC 2018
------------------ testing $PTII/ptolemy/domains/de/test/auto/DEinDEwithStartTimes2.xml
auto.tcl: Setting watchdog for 200 seconds at Wed Sep 12 02:08:28 UTC 2018
4 ms. Memory: 208384K Free: 196479K (94%)
ptolemy.util.test.WatchDog.cancel(): canceling Wed Sep 12 02:08:28 UTC 2018
auto.tcl: Setting watchdog for 200 seconds at Wed Sep 12 02:08:28 UTC 2018
4 ms. Memory: 208384K Free: 194027K (93%)
ptolemy.util.test.WatchDog.cancel(): canceling Wed Sep 12 02:08:28 UTC 2018
------------------ testing $PTII/ptolemy/domains/de/test/auto/DateDemo.xml
auto.tcl: Setting watchdog for 200 seconds at Wed Sep 12 02:08:28 UTC 2018
18 ms. Memory: 208384K Free: 188527K (90%)
ptolemy.util.test.WatchDog.cancel(): canceling Wed Sep 12 02:08:28 UTC 2018
auto.tcl: Setting watchdog for 200 seconds at Wed Sep 12 02:08:28 UTC 2018
6 ms. Memory: 208384K Free: 186412K (89%)
ptolemy.util.test.WatchDog.cancel(): canceling Wed Sep 12 02:08:28 UTC 2018
------------------ testing $PTII/ptolemy/domains/de/test/auto/DateToEvent.xml
auto.tcl: Setting watchdog for 200 seconds at Wed Sep 12 02:08:28 UTC 2018
2019 ms. Memory: 208384K Free: 183190K (88%)
ptolemy.util.test.WatchDog.cancel(): canceling Wed Sep 12 02:08:30 UTC 2018
auto.tcl: Setting watchdog for 200 seconds at Wed Sep 12 02:08:30 UTC 2018
2005 ms. Memory: 208384K Free: 183190K (88%)
ptolemy.util.test.WatchDog.cancel(): canceling Wed Sep 12 02:08:32 UTC 2018
------------------ testing $PTII/ptolemy/domains/de/test/auto/DepthTest1.xml
auto.tcl: Setting watchdog for 200 seconds at Wed Sep 12 02:08:32 UTC 2018
4 ms. Memory: 208384K Free: 197836K (95%)
ptolemy.util.test.WatchDog.cancel(): canceling Wed Sep 12 02:08:32 UTC 2018
auto.tcl: Setting watchdog for 200 seconds at Wed Sep 12 02:08:32 UTC 2018
2 ms. Memory: 208384K Free: 197836K (95%)
ptolemy.util.test.WatchDog.cancel(): canceling Wed Sep 12 02:08:32 UTC 2018
------------------ testing $PTII/ptolemy/domains/de/test/auto/DepthTest2.xml
auto.tcl: Setting watchdog for 200 seconds at Wed Sep 12 02:08:32 UTC 2018
3 ms. Memory: 208384K Free: 194008K (93%)
ptolemy.util.test.WatchDog.cancel(): canceling Wed Sep 12 02:08:32 UTC 2018
auto.tcl: Setting watchdog for 200 seconds at Wed Sep 12 02:08:32 UTC 2018
3 ms. Memory: 208384K Free: 194008K (93%)
ptolemy.util.test.WatchDog.cancel(): canceling Wed Sep 12 02:08:32 UTC 2018
------------------ testing $PTII/ptolemy/domains/de/test/auto/DepthTest3.xml
auto.tcl: Setting watchdog for 200 seconds at Wed Sep 12 02:08:32 UTC 2018
2 ms. Memory: 208384K Free: 198171K (95%)
ptolemy.util.test.WatchDog.cancel(): canceling Wed Sep 12 02:08:32 UTC 2018
auto.tcl: Setting watchdog for 200 seconds at Wed Sep 12 02:08:32 UTC 2018
1 ms. Memory: 208384K Free: 198171K (95%)
ptolemy.util.test.WatchDog.cancel(): canceling Wed Sep 12 02:08:32 UTC 2018
------------------ testing $PTII/ptolemy/domains/de/test/auto/DepthTest4.xml
auto.tcl: Setting watchdog for 200 seconds at Wed Sep 12 02:08:32 UTC 2018
3 ms. Memory: 208384K Free: 196143K (94%)
ptolemy.util.test.WatchDog.cancel(): canceling Wed Sep 12 02:08:32 UTC 2018
auto.tcl: Setting watchdog for 200 seconds at Wed Sep 12 02:08:32 UTC 2018
2 ms. Memory: 208384K Free: 196143K (94%)
ptolemy.util.test.WatchDog.cancel(): canceling Wed Sep 12 02:08:32 UTC 2018
------------------ testing $PTII/ptolemy/domains/de/test/auto/DepthTest5.xml
auto.tcl: Setting watchdog for 200 seconds at Wed Sep 12 02:08:32 UTC 2018
3 ms. Memory: 208384K Free: 196429K (94%)
ptolemy.util.test.WatchDog.cancel(): canceling Wed Sep 12 02:08:32 UTC 2018
auto.tcl: Setting watchdog for 200 seconds at Wed Sep 12 02:08:32 UTC 2018
2 ms. Memory: 208384K Free: 196429K (94%)
ptolemy.util.test.WatchDog.cancel(): canceling Wed Sep 12 02:08:32 UTC 2018
------------------ testing $PTII/ptolemy/domains/de/test/auto/DepthTest6.xml
auto.tcl: Setting watchdog for 200 seconds at Wed Sep 12 02:08:32 UTC 2018
9 ms. Memory: 208384K Free: 196387K (94%)
ptolemy.util.test.WatchDog.cancel(): canceling Wed Sep 12 02:08:33 UTC 2018
auto.tcl: Setting watchdog for 200 seconds at Wed Sep 12 02:08:33 UTC 2018
2 ms. Memory: 208384K Free: 196387K (94%)
ptolemy.util.test.WatchDog.cancel(): canceling Wed Sep 12 02:08:33 UTC 2018
------------------ testing $PTII/ptolemy/domains/de/test/auto/DepthTest7.xml
auto.tcl: Setting watchdog for 200 seconds at Wed Sep 12 02:08:33 UTC 2018
3 ms. Memory: 208384K Free: 196047K (94%)
ptolemy.util.test.WatchDog.cancel(): canceling Wed Sep 12 02:08:33 UTC 2018
auto.tcl: Setting watchdog for 200 seconds at Wed Sep 12 02:08:33 UTC 2018
2 ms. Memory: 208384K Free: 196047K (94%)
ptolemy.util.test.WatchDog.cancel(): canceling Wed Sep 12 02:08:33 UTC 2018
------------------ testing $PTII/ptolemy/domains/de/test/auto/EventToDate.xml
auto.tcl: Setting watchdog for 200 seconds at Wed Sep 12 02:08:33 UTC 2018
3005 ms. Memory: 208384K Free: 185497K (89%)
ptolemy.util.test.WatchDog.cancel(): canceling Wed Sep 12 02:08:36 UTC 2018
auto.tcl: Setting watchdog for 200 seconds at Wed Sep 12 02:08:36 UTC 2018
3004 ms. Memory: 208384K Free: 185497K (89%)
ptolemy.util.test.WatchDog.cancel(): canceling Wed Sep 12 02:08:39 UTC 2018
------------------ testing $PTII/ptolemy/domains/de/test/auto/FSM1.xml
auto.tcl: Setting watchdog for 200 seconds at Wed Sep 12 02:08:39 UTC 2018
28 ms. Memory: 208384K Free: 189071K (91%)
ptolemy.util.test.WatchDog.cancel(): canceling Wed Sep 12 02:08:39 UTC 2018
auto.tcl: Setting watchdog for 200 seconds at Wed Sep 12 02:08:39 UTC 2018
20 ms. Memory: 208384K Free: 184841K (89%)
ptolemy.util.test.WatchDog.cancel(): canceling Wed Sep 12 02:08:39 UTC 2018
------------------ testing $PTII/ptolemy/domains/de/test/auto/FSM7.xml
auto.tcl: Setting watchdog for 200 seconds at Wed Sep 12 02:08:39 UTC 2018
11 ms. Memory: 208384K Free: 187158K (90%)
ptolemy.util.test.WatchDog.cancel(): canceling Wed Sep 12 02:08:39 UTC 2018
auto.tcl: Setting watchdog for 200 seconds at Wed Sep 12 02:08:39 UTC 2018
11 ms. Memory: 208384K Free: 185043K (89%)
ptolemy.util.test.WatchDog.cancel(): canceling Wed Sep 12 02:08:39 UTC 2018
------------------ testing $PTII/ptolemy/domains/de/test/auto/Inspection.xml
auto.tcl: Setting watchdog for 200 seconds at Wed Sep 12 02:08:39 UTC 2018
34 ms. Memory: 208384K Free: 188372K (90%)
ptolemy.util.test.WatchDog.cancel(): canceling Wed Sep 12 02:08:39 UTC 2018
auto.tcl: Setting watchdog for 200 seconds at Wed Sep 12 02:08:39 UTC 2018
30 ms. Memory: 208384K Free: 186257K (89%)
ptolemy.util.test.WatchDog.cancel(): canceling Wed Sep 12 02:08:39 UTC 2018
------------------ testing $PTII/ptolemy/domains/de/test/auto/Iteration.xml
auto.tcl: Setting watchdog for 200 seconds at Wed Sep 12 02:08:39 UTC 2018
9 ms. Memory: 208384K Free: 195853K (94%)
ptolemy.util.test.WatchDog.cancel(): canceling Wed Sep 12 02:08:39 UTC 2018
auto.tcl: Setting watchdog for 200 seconds at Wed Sep 12 02:08:39 UTC 2018
7 ms. Memory: 208384K Free: 193738K (93%)
ptolemy.util.test.WatchDog.cancel(): canceling Wed Sep 12 02:08:39 UTC 2018
------------------ testing $PTII/ptolemy/domains/de/test/auto/LineFault.xml
auto.tcl: Setting watchdog for 200 seconds at Wed Sep 12 02:08:39 UTC 2018
705 ms. Memory: 208384K Free: 195001K (94%)
ptolemy.util.test.WatchDog.cancel(): canceling Wed Sep 12 02:08:40 UTC 2018
auto.tcl: Setting watchdog for 200 seconds at Wed Sep 12 02:08:40 UTC 2018
634 ms. Memory: 208384K Free: 139132K (67%)
ptolemy.util.test.WatchDog.cancel(): canceling Wed Sep 12 02:08:41 UTC 2018
------------------ testing $PTII/ptolemy/domains/de/test/auto/MergeModel1Add.xml
auto.tcl: Setting watchdog for 200 seconds at Wed Sep 12 02:08:41 UTC 2018
23 ms. Memory: 331264K Free: 298843K (90%)
ptolemy.util.test.WatchDog.cancel(): canceling Wed Sep 12 02:08:41 UTC 2018
auto.tcl: Setting watchdog for 200 seconds at Wed Sep 12 02:08:41 UTC 2018
11 ms. Memory: 331264K Free: 298843K (90%)
ptolemy.util.test.WatchDog.cancel(): canceling Wed Sep 12 02:08:41 UTC 2018
------------------ testing $PTII/ptolemy/domains/de/test/auto/MergeModel2Add.xml
auto.tcl: Setting watchdog for 200 seconds at Wed Sep 12 02:08:41 UTC 2018
12 ms. Memory: 331264K Free: 304107K (92%)
ptolemy.util.test.WatchDog.cancel(): canceling Wed Sep 12 02:08:41 UTC 2018
auto.tcl: Setting watchdog for 200 seconds at Wed Sep 12 02:08:41 UTC 2018
13 ms. Memory: 331264K Free: 300181K (91%)
ptolemy.util.test.WatchDog.cancel(): canceling Wed Sep 12 02:08:41 UTC 2018
------------------ testing $PTII/ptolemy/domains/de/test/auto/MergeModel3Add.xml
auto.tcl: Setting watchdog for 200 seconds at Wed Sep 12 02:08:41 UTC 2018
11 ms. Memory: 331264K Free: 304117K (92%)
ptolemy.util.test.WatchDog.cancel(): canceling Wed Sep 12 02:08:41 UTC 2018
auto.tcl: Setting watchdog for 200 seconds at Wed Sep 12 02:08:41 UTC 2018
7 ms. Memory: 331264K Free: 300191K (91%)
ptolemy.util.test.WatchDog.cancel(): canceling Wed Sep 12 02:08:41 UTC 2018
------------------ testing $PTII/ptolemy/domains/de/test/auto/MergeWithoutDiscard.xml
auto.tcl: Setting watchdog for 200 seconds at Wed Sep 12 02:08:41 UTC 2018
2 ms. Memory: 331264K Free: 320102K (97%)
ptolemy.util.test.WatchDog.cancel(): canceling Wed Sep 12 02:08:41 UTC 2018
auto.tcl: Setting watchdog for 200 seconds at Wed Sep 12 02:08:41 UTC 2018
2 ms. Memory: 331264K Free: 316176K (95%)
ptolemy.util.test.WatchDog.cancel(): canceling Wed Sep 12 02:08:41 UTC 2018
------------------ testing $PTII/ptolemy/domains/de/test/auto/Modal1.xml
auto.tcl: Setting watchdog for 200 seconds at Wed Sep 12 02:08:41 UTC 2018
19 ms. Memory: 331264K Free: 309814K (94%)
ptolemy.util.test.WatchDog.cancel(): canceling Wed Sep 12 02:08:41 UTC 2018
auto.tcl: Setting watchdog for 200 seconds at Wed Sep 12 02:08:41 UTC 2018
20 ms. Memory: 331264K Free: 305888K (92%)
ptolemy.util.test.WatchDog.cancel(): canceling Wed Sep 12 02:08:41 UTC 2018
------------------ testing $PTII/ptolemy/domains/de/test/auto/Modal2.xml
auto.tcl: Setting watchdog for 200 seconds at Wed Sep 12 02:08:42 UTC 2018
14 ms. Memory: 331264K Free: 309680K (93%)
ptolemy.util.test.WatchDog.cancel(): canceling Wed Sep 12 02:08:42 UTC 2018
auto.tcl: Setting watchdog for 200 seconds at Wed Sep 12 02:08:42 UTC 2018
11 ms. Memory: 331264K Free: 305754K (92%)
ptolemy.util.test.WatchDog.cancel(): canceling Wed Sep 12 02:08:42 UTC 2018
------------------ testing $PTII/ptolemy/domains/de/test/auto/Modal3.xml
auto.tcl: Setting watchdog for 200 seconds at Wed Sep 12 02:08:42 UTC 2018
11 ms. Memory: 331264K Free: 309971K (94%)
ptolemy.util.test.WatchDog.cancel(): canceling Wed Sep 12 02:08:42 UTC 2018
auto.tcl: Setting watchdog for 200 seconds at Wed Sep 12 02:08:42 UTC 2018
10 ms. Memory: 331264K Free: 305760K (92%)
ptolemy.util.test.WatchDog.cancel(): canceling Wed Sep 12 02:08:42 UTC 2018
------------------ testing $PTII/ptolemy/domains/de/test/auto/Modal4.xml
auto.tcl: Setting watchdog for 200 seconds at Wed Sep 12 02:08:42 UTC 2018
11 ms. Memory: 331264K Free: 309691K (93%)
ptolemy.util.test.WatchDog.cancel(): canceling Wed Sep 12 02:08:42 UTC 2018
auto.tcl: Setting watchdog for 200 seconds at Wed Sep 12 02:08:42 UTC 2018
15 ms. Memory: 331264K Free: 305765K (92%)
ptolemy.util.test.WatchDog.cancel(): canceling Wed Sep 12 02:08:42 UTC 2018
------------------ testing $PTII/ptolemy/domains/de/test/auto/Modal5.xml
auto.tcl: Setting watchdog for 200 seconds at Wed Sep 12 02:08:42 UTC 2018
17 ms. Memory: 331264K Free: 309678K (93%)
ptolemy.util.test.WatchDog.cancel(): canceling Wed Sep 12 02:08:42 UTC 2018
auto.tcl: Setting watchdog for 200 seconds at Wed Sep 12 02:08:42 UTC 2018
13 ms. Memory: 331264K Free: 305752K (92%)
ptolemy.util.test.WatchDog.cancel(): canceling Wed Sep 12 02:08:42 UTC 2018
------------------ testing $PTII/ptolemy/domains/de/test/auto/Modal6.xml
auto.tcl: Setting watchdog for 200 seconds at Wed Sep 12 02:08:42 UTC 2018
16 ms. Memory: 331264K Free: 309676K (93%)
ptolemy.util.test.WatchDog.cancel(): canceling Wed Sep 12 02:08:42 UTC 2018
auto.tcl: Setting watchdog for 200 seconds at Wed Sep 12 02:08:42 UTC 2018
17 ms. Memory: 331264K Free: 305750K (92%)
ptolemy.util.test.WatchDog.cancel(): canceling Wed Sep 12 02:08:42 UTC 2018
------------------ testing $PTII/ptolemy/domains/de/test/auto/Modal7.xml
auto.tcl: Setting watchdog for 200 seconds at Wed Sep 12 02:08:42 UTC 2018
17 ms. Memory: 331264K Free: 305750K (92%)
ptolemy.util.test.WatchDog.cancel(): canceling Wed Sep 12 02:08:42 UTC 2018
auto.tcl: Setting watchdog for 200 seconds at Wed Sep 12 02:08:42 UTC 2018
10 ms. Memory: 331264K Free: 305750K (92%)
ptolemy.util.test.WatchDog.cancel(): canceling Wed Sep 12 02:08:42 UTC 2018
------------------ testing $PTII/ptolemy/domains/de/test/auto/ModalModel.xml
auto.tcl: Setting watchdog for 200 seconds at Wed Sep 12 02:08:42 UTC 2018
199 ms. Memory: 331264K Free: 246257K (74%)
ptolemy.util.test.WatchDog.cancel(): canceling Wed Sep 12 02:08:42 UTC 2018
auto.tcl: Setting watchdog for 200 seconds at Wed Sep 12 02:08:42 UTC 2018
184 ms. Memory: 331264K Free: 186384K (56%)
ptolemy.util.test.WatchDog.cancel(): canceling Wed Sep 12 02:08:43 UTC 2018
------------------ testing $PTII/ptolemy/domains/de/test/auto/ModalSource.xml
auto.tcl: Setting watchdog for 200 seconds at Wed Sep 12 02:08:43 UTC 2018
7 ms. Memory: 331264K Free: 316497K (96%)
ptolemy.util.test.WatchDog.cancel(): canceling Wed Sep 12 02:08:43 UTC 2018
auto.tcl: Setting watchdog for 200 seconds at Wed Sep 12 02:08:43 UTC 2018
6 ms. Memory: 331264K Free: 313031K (94%)
ptolemy.util.test.WatchDog.cancel(): canceling Wed Sep 12 02:08:43 UTC 2018
------------------ testing $PTII/ptolemy/domains/de/test/auto/NonInterruptibleTimerZeroDelay.xml
auto.tcl: Setting watchdog for 200 seconds at Wed Sep 12 02:08:43 UTC 2018
3 ms. Memory: 331264K Free: 320800K (97%)
ptolemy.util.test.WatchDog.cancel(): canceling Wed Sep 12 02:08:43 UTC 2018
auto.tcl: Setting watchdog for 200 seconds at Wed Sep 12 02:08:43 UTC 2018
2 ms. Memory: 331264K Free: 317335K (96%)
ptolemy.util.test.WatchDog.cancel(): canceling Wed Sep 12 02:08:43 UTC 2018
------------------ testing $PTII/ptolemy/domains/de/test/auto/OpenQueueingNetwork.xml
auto.tcl: Setting watchdog for 200 seconds at Wed Sep 12 02:08:43 UTC 2018
2718 ms. Memory: 573952K Free: 406293K (71%)
ptolemy.util.test.WatchDog.cancel(): canceling Wed Sep 12 02:08:46 UTC 2018
auto.tcl: Setting watchdog for 200 seconds at Wed Sep 12 02:08:46 UTC 2018
2403 ms. Memory: 550912K Free: 305082K (55%)
ptolemy.util.test.WatchDog.cancel(): canceling Wed Sep 12 02:08:48 UTC 2018
------------------ testing $PTII/ptolemy/domains/de/test/auto/OpenQueuingNetwork.xml
auto.tcl: Setting watchdog for 200 seconds at Wed Sep 12 02:08:48 UTC 2018
258 ms. Memory: 549888K Free: 444831K (81%)
ptolemy.util.test.WatchDog.cancel(): canceling Wed Sep 12 02:08:49 UTC 2018
auto.tcl: Setting watchdog for 200 seconds at Wed Sep 12 02:08:49 UTC 2018
238 ms. Memory: 549888K Free: 384881K (70%)
ptolemy.util.test.WatchDog.cancel(): canceling Wed Sep 12 02:08:49 UTC 2018
------------------ testing $PTII/ptolemy/domains/de/test/auto/PeriodicSampler.xml
auto.tcl: Setting watchdog for 200 seconds at Wed Sep 12 02:08:49 UTC 2018
3 ms. Memory: 551936K Free: 530758K (96%)
ptolemy.util.test.WatchDog.cancel(): canceling Wed Sep 12 02:08:49 UTC 2018
auto.tcl: Setting watchdog for 200 seconds at Wed Sep 12 02:08:49 UTC 2018
2 ms. Memory: 551936K Free: 530758K (96%)
ptolemy.util.test.WatchDog.cancel(): canceling Wed Sep 12 02:08:49 UTC 2018
------------------ testing $PTII/ptolemy/domains/de/test/auto/PersistentIO.xml
auto.tcl: Setting watchdog for 200 seconds at Wed Sep 12 02:08:49 UTC 2018
12 ms. Memory: 549376K Free: 522120K (95%)
ptolemy.util.test.WatchDog.cancel(): canceling Wed Sep 12 02:08:49 UTC 2018
auto.tcl: Setting watchdog for 200 seconds at Wed Sep 12 02:08:49 UTC 2018
3 ms. Memory: 549376K Free: 522120K (95%)
ptolemy.util.test.WatchDog.cancel(): canceling Wed Sep 12 02:08:49 UTC 2018
------------------ testing $PTII/ptolemy/domains/de/test/auto/PortParameterResetOnInitialize.xml
auto.tcl: Setting watchdog for 200 seconds at Wed Sep 12 02:08:49 UTC 2018
2 ms. Memory: 551424K Free: 530707K (96%)
ptolemy.util.test.WatchDog.cancel(): canceling Wed Sep 12 02:08:49 UTC 2018
auto.tcl: Setting watchdog for 200 seconds at Wed Sep 12 02:08:49 UTC 2018
2 ms. Memory: 551424K Free: 530707K (96%)
ptolemy.util.test.WatchDog.cancel(): canceling Wed Sep 12 02:08:49 UTC 2018
------------------ testing $PTII/ptolemy/domains/de/test/auto/PortParameterUpdates.xml
auto.tcl: Setting watchdog for 200 seconds at Wed Sep 12 02:08:49 UTC 2018
5 ms. Memory: 549376K Free: 528563K (96%)
ptolemy.util.test.WatchDog.cancel(): canceling Wed Sep 12 02:08:49 UTC 2018
auto.tcl: Setting watchdog for 200 seconds at Wed Sep 12 02:08:49 UTC 2018
4 ms. Memory: 549376K Free: 521902K (95%)
ptolemy.util.test.WatchDog.cancel(): canceling Wed Sep 12 02:08:49 UTC 2018
------------------ testing $PTII/ptolemy/domains/de/test/auto/QueueAndServer.xml
auto.tcl: Setting watchdog for 200 seconds at Wed Sep 12 02:08:49 UTC 2018
14 ms. Memory: 551424K Free: 530574K (96%)
ptolemy.util.test.WatchDog.cancel(): canceling Wed Sep 12 02:08:49 UTC 2018
auto.tcl: Setting watchdog for 200 seconds at Wed Sep 12 02:08:49 UTC 2018
6 ms. Memory: 551424K Free: 523905K (95%)
ptolemy.util.test.WatchDog.cancel(): canceling Wed Sep 12 02:08:49 UTC 2018
------------------ testing $PTII/ptolemy/domains/de/test/auto/Records.xml
auto.tcl: Setting watchdog for 200 seconds at Wed Sep 12 02:08:49 UTC 2018
3 ms. Memory: 549376K Free: 533148K (97%)
ptolemy.util.test.WatchDog.cancel(): canceling Wed Sep 12 02:08:49 UTC 2018
auto.tcl: Setting watchdog for 200 seconds at Wed Sep 12 02:08:49 UTC 2018
2 ms. Memory: 549376K Free: 533148K (97%)
ptolemy.util.test.WatchDog.cancel(): canceling Wed Sep 12 02:08:49 UTC 2018
------------------ testing $PTII/ptolemy/domains/de/test/auto/ResetTransitionWithStartTime1.xml
auto.tcl: Setting watchdog for 200 seconds at Wed Sep 12 02:08:49 UTC 2018
6 ms. Memory: 551424K Free: 528544K (96%)
ptolemy.util.test.WatchDog.cancel(): canceling Wed Sep 12 02:08:49 UTC 2018
auto.tcl: Setting watchdog for 200 seconds at Wed Sep 12 02:08:49 UTC 2018
6 ms. Memory: 551424K Free: 528544K (96%)
ptolemy.util.test.WatchDog.cancel(): canceling Wed Sep 12 02:08:49 UTC 2018
------------------ testing $PTII/ptolemy/domains/de/test/auto/ResetTransitionWithStartTime2.xml
auto.tcl: Setting watchdog for 200 seconds at Wed Sep 12 02:08:49 UTC 2018
5 ms. Memory: 549376K Free: 526717K (96%)
ptolemy.util.test.WatchDog.cancel(): canceling Wed Sep 12 02:08:49 UTC 2018
auto.tcl: Setting watchdog for 200 seconds at Wed Sep 12 02:08:49 UTC 2018
7 ms. Memory: 549376K Free: 526717K (96%)
ptolemy.util.test.WatchDog.cancel(): canceling Wed Sep 12 02:08:49 UTC 2018
------------------ testing $PTII/ptolemy/domains/de/test/auto/ResetTransitionWithStartTime3.xml
auto.tcl: Setting watchdog for 200 seconds at Wed Sep 12 02:08:49 UTC 2018
5 ms. Memory: 550912K Free: 528022K (96%)
ptolemy.util.test.WatchDog.cancel(): canceling Wed Sep 12 02:08:50 UTC 2018
auto.tcl: Setting watchdog for 200 seconds at Wed Sep 12 02:08:50 UTC 2018
5 ms. Memory: 550912K Free: 528022K (96%)
ptolemy.util.test.WatchDog.cancel(): canceling Wed Sep 12 02:08:50 UTC 2018
------------------ testing $PTII/ptolemy/domains/de/test/auto/ResetTransitionWithStartTime4.xml
auto.tcl: Setting watchdog for 200 seconds at Wed Sep 12 02:08:50 UTC 2018
5 ms. Memory: 549376K Free: 526485K (96%)
ptolemy.util.test.WatchDog.cancel(): canceling Wed Sep 12 02:08:50 UTC 2018
auto.tcl: Setting watchdog for 200 seconds at Wed Sep 12 02:08:50 UTC 2018
3 ms. Memory: 549376K Free: 526485K (96%)
ptolemy.util.test.WatchDog.cancel(): canceling Wed Sep 12 02:08:50 UTC 2018
------------------ testing $PTII/ptolemy/domains/de/test/auto/ResettableTimer1.xml
auto.tcl: Setting watchdog for 200 seconds at Wed Sep 12 02:08:50 UTC 2018
5 ms. Memory: 550912K Free: 534693K (97%)
ptolemy.util.test.WatchDog.cancel(): canceling Wed Sep 12 02:08:50 UTC 2018
auto.tcl: Setting watchdog for 200 seconds at Wed Sep 12 02:08:50 UTC 2018
2 ms. Memory: 550912K Free: 534693K (97%)
ptolemy.util.test.WatchDog.cancel(): canceling Wed Sep 12 02:08:50 UTC 2018
------------------ testing $PTII/ptolemy/domains/de/test/auto/ResettableTimer2.xml
auto.tcl: Setting watchdog for 200 seconds at Wed Sep 12 02:08:50 UTC 2018
2 ms. Memory: 549376K Free: 533445K (97%)
ptolemy.util.test.WatchDog.cancel(): canceling Wed Sep 12 02:08:50 UTC 2018
auto.tcl: Setting watchdog for 200 seconds at Wed Sep 12 02:08:50 UTC 2018
2 ms. Memory: 549376K Free: 533445K (97%)
ptolemy.util.test.WatchDog.cancel(): canceling Wed Sep 12 02:08:50 UTC 2018
------------------ testing $PTII/ptolemy/domains/de/test/auto/ResettableTimer3.xml
auto.tcl: Setting watchdog for 200 seconds at Wed Sep 12 02:08:50 UTC 2018
1 ms. Memory: 550912K Free: 534751K (97%)
ptolemy.util.test.WatchDog.cancel(): canceling Wed Sep 12 02:08:50 UTC 2018
auto.tcl: Setting watchdog for 200 seconds at Wed Sep 12 02:08:50 UTC 2018
1 ms. Memory: 550912K Free: 534751K (97%)
ptolemy.util.test.WatchDog.cancel(): canceling Wed Sep 12 02:08:50 UTC 2018
------------------ testing $PTII/ptolemy/domains/de/test/auto/ResettableTimer4.xml
auto.tcl: Setting watchdog for 200 seconds at Wed Sep 12 02:08:50 UTC 2018
1 ms. Memory: 549376K Free: 533458K (97%)
ptolemy.util.test.WatchDog.cancel(): canceling Wed Sep 12 02:08:50 UTC 2018
auto.tcl: Setting watchdog for 200 seconds at Wed Sep 12 02:08:50 UTC 2018
1 ms. Memory: 549376K Free: 533458K (97%)
ptolemy.util.test.WatchDog.cancel(): canceling Wed Sep 12 02:08:50 UTC 2018
------------------ testing $PTII/ptolemy/domains/de/test/auto/ResettableTimer5.xml
auto.tcl: Setting watchdog for 200 seconds at Wed Sep 12 02:08:50 UTC 2018
1 ms. Memory: 550400K Free: 529570K (96%)
ptolemy.util.test.WatchDog.cancel(): canceling Wed Sep 12 02:08:50 UTC 2018
auto.tcl: Setting watchdog for 200 seconds at Wed Sep 12 02:08:50 UTC 2018
1 ms. Memory: 550400K Free: 529570K (96%)
ptolemy.util.test.WatchDog.cancel(): canceling Wed Sep 12 02:08:50 UTC 2018
------------------ testing $PTII/ptolemy/domains/de/test/auto/ResettableTimer6.xml
auto.tcl: Setting watchdog for 200 seconds at Wed Sep 12 02:08:50 UTC 2018
1 ms. Memory: 549376K Free: 533175K (97%)
ptolemy.util.test.WatchDog.cancel(): canceling Wed Sep 12 02:08:50 UTC 2018
auto.tcl: Setting watchdog for 200 seconds at Wed Sep 12 02:08:50 UTC 2018
1 ms. Memory: 549376K Free: 533175K (97%)
ptolemy.util.test.WatchDog.cancel(): canceling Wed Sep 12 02:08:50 UTC 2018
------------------ testing $PTII/ptolemy/domains/de/test/auto/ServerZeroDelay.xml
auto.tcl: Setting watchdog for 200 seconds at Wed Sep 12 02:08:50 UTC 2018
2 ms. Memory: 550400K Free: 534420K (97%)
ptolemy.util.test.WatchDog.cancel(): canceling Wed Sep 12 02:08:50 UTC 2018
auto.tcl: Setting watchdog for 200 seconds at Wed Sep 12 02:08:50 UTC 2018
3 ms. Memory: 550400K Free: 534420K (97%)
ptolemy.util.test.WatchDog.cancel(): canceling Wed Sep 12 02:08:50 UTC 2018
------------------ testing $PTII/ptolemy/domains/de/test/auto/SmartSender.xml
auto.tcl: Setting watchdog for 200 seconds at Wed Sep 12 02:08:50 UTC 2018
3001 ms. Memory: 549376K Free: 533391K (97%)
ptolemy.util.test.WatchDog.cancel(): canceling Wed Sep 12 02:08:53 UTC 2018
auto.tcl: Setting watchdog for 200 seconds at Wed Sep 12 02:08:53 UTC 2018
3001 ms. Memory: 549376K Free: 533391K (97%)
ptolemy.util.test.WatchDog.cancel(): canceling Wed Sep 12 02:08:56 UTC 2018
------------------ testing $PTII/ptolemy/domains/de/test/auto/ThreadedComposite.xml
auto.tcl: Setting watchdog for 200 seconds at Wed Sep 12 02:08:56 UTC 2018
320 ms. Memory: 550400K Free: 504138K (92%)
ptolemy.util.test.WatchDog.cancel(): canceling Wed Sep 12 02:08:56 UTC 2018
auto.tcl: Setting watchdog for 200 seconds at Wed Sep 12 02:08:56 UTC 2018
149 ms. Memory: 550400K Free: 478742K (87%)
ptolemy.util.test.WatchDog.cancel(): canceling Wed Sep 12 02:08:57 UTC 2018
------------------ testing $PTII/ptolemy/domains/de/test/auto/Time.xml
auto.tcl: Setting watchdog for 200 seconds at Wed Sep 12 02:08:57 UTC 2018
477 ms. Memory: 549376K Free: 481409K (88%)
ptolemy.util.test.WatchDog.cancel(): canceling Wed Sep 12 02:08:57 UTC 2018
auto.tcl: Setting watchdog for 200 seconds at Wed Sep 12 02:08:57 UTC 2018
455 ms. Memory: 549376K Free: 428120K (78%)
ptolemy.util.test.WatchDog.cancel(): canceling Wed Sep 12 02:08:58 UTC 2018
------------------ testing $PTII/ptolemy/domains/de/test/auto/TimeDelayZeroDelay.xml
auto.tcl: Setting watchdog for 200 seconds at Wed Sep 12 02:08:58 UTC 2018
2 ms. Memory: 550400K Free: 534107K (97%)
ptolemy.util.test.WatchDog.cancel(): canceling Wed Sep 12 02:08:58 UTC 2018
auto.tcl: Setting watchdog for 200 seconds at Wed Sep 12 02:08:58 UTC 2018
2 ms. Memory: 550400K Free: 534107K (97%)
ptolemy.util.test.WatchDog.cancel(): canceling Wed Sep 12 02:08:58 UTC 2018
------------------ testing $PTII/ptolemy/domains/de/test/auto/TimerZeroDelay.xml
auto.tcl: Setting watchdog for 200 seconds at Wed Sep 12 02:08:58 UTC 2018
2 ms. Memory: 549376K Free: 533356K (97%)
ptolemy.util.test.WatchDog.cancel(): canceling Wed Sep 12 02:08:58 UTC 2018
auto.tcl: Setting watchdog for 200 seconds at Wed Sep 12 02:08:58 UTC 2018
2 ms. Memory: 549376K Free: 533356K (97%)
ptolemy.util.test.WatchDog.cancel(): canceling Wed Sep 12 02:08:58 UTC 2018
------------------ testing $PTII/ptolemy/domains/de/test/auto/TimingParadox.xml
auto.tcl: Setting watchdog for 200 seconds at Wed Sep 12 02:08:58 UTC 2018
306 ms. Memory: 549888K Free: 467527K (85%)
ptolemy.util.test.WatchDog.cancel(): canceling Wed Sep 12 02:08:58 UTC 2018
auto.tcl: Setting watchdog for 200 seconds at Wed Sep 12 02:08:58 UTC 2018
310 ms. Memory: 549888K Free: 434221K (79%)
ptolemy.util.test.WatchDog.cancel(): canceling Wed Sep 12 02:08:59 UTC 2018
------------------ testing $PTII/ptolemy/domains/de/test/auto/TransferInputs.xml
auto.tcl: Setting watchdog for 200 seconds at Wed Sep 12 02:08:59 UTC 2018
2 ms. Memory: 549888K Free: 532772K (97%)
ptolemy.util.test.WatchDog.cancel(): canceling Wed Sep 12 02:08:59 UTC 2018
auto.tcl: Setting watchdog for 200 seconds at Wed Sep 12 02:08:59 UTC 2018
1 ms. Memory: 549888K Free: 532772K (97%)
ptolemy.util.test.WatchDog.cancel(): canceling Wed Sep 12 02:08:59 UTC 2018
------------------ testing $PTII/ptolemy/domains/de/test/auto/TransferOutputs2.xml
auto.tcl: Setting watchdog for 200 seconds at Wed Sep 12 02:08:59 UTC 2018
3 ms. Memory: 549376K Free: 522013K (95%)
ptolemy.util.test.WatchDog.cancel(): canceling Wed Sep 12 02:08:59 UTC 2018
auto.tcl: Setting watchdog for 200 seconds at Wed Sep 12 02:08:59 UTC 2018
2 ms. Memory: 549376K Free: 522013K (95%)
ptolemy.util.test.WatchDog.cancel(): canceling Wed Sep 12 02:08:59 UTC 2018
------------------ testing $PTII/ptolemy/domains/de/test/auto/Trilateration.xml
auto.tcl: Setting watchdog for 200 seconds at Wed Sep 12 02:08:59 UTC 2018
14175 ms. Memory: 967680K Free: 621361K (64%)
ptolemy.util.test.WatchDog.cancel(): canceling Wed Sep 12 02:09:14 UTC 2018
auto.tcl: Setting watchdog for 200 seconds at Wed Sep 12 02:09:14 UTC 2018
11250 ms. Memory: 850432K Free: 444053K (52%)
ptolemy.util.test.WatchDog.cancel(): canceling Wed Sep 12 02:09:25 UTC 2018
------------------ testing $PTII/ptolemy/domains/de/test/auto/TwoSigmaDelta.xml
auto.tcl: Setting watchdog for 200 seconds at Wed Sep 12 02:09:25 UTC 2018
2613 ms. Memory: 846336K Free: 549518K (65%)
ptolemy.util.test.WatchDog.cancel(): canceling Wed Sep 12 02:09:28 UTC 2018
auto.tcl: Setting watchdog for 200 seconds at Wed Sep 12 02:09:28 UTC 2018
2028 ms. Memory: 846336K Free: 314967K (37%)
ptolemy.util.test.WatchDog.cancel(): canceling Wed Sep 12 02:09:30 UTC 2018
------------------ testing $PTII/ptolemy/domains/de/test/auto/VariableDelay.xml
auto.tcl: Setting watchdog for 200 seconds at Wed Sep 12 02:09:30 UTC 2018
2 ms. Memory: 849920K Free: 825462K (97%)
ptolemy.util.test.WatchDog.cancel(): canceling Wed Sep 12 02:09:30 UTC 2018
auto.tcl: Setting watchdog for 200 seconds at Wed Sep 12 02:09:30 UTC 2018
2 ms. Memory: 849920K Free: 825462K (97%)
ptolemy.util.test.WatchDog.cancel(): canceling Wed Sep 12 02:09:30 UTC 2018
------------------ testing $PTII/ptolemy/domains/de/test/auto/VariableDelay2.xml
auto.tcl: Setting watchdog for 200 seconds at Wed Sep 12 02:09:30 UTC 2018
7 ms. Memory: 846336K Free: 822320K (97%)
ptolemy.util.test.WatchDog.cancel(): canceling Wed Sep 12 02:09:30 UTC 2018
auto.tcl: Setting watchdog for 200 seconds at Wed Sep 12 02:09:30 UTC 2018
2 ms. Memory: 846336K Free: 822320K (97%)
ptolemy.util.test.WatchDog.cancel(): canceling Wed Sep 12 02:09:30 UTC 2018
------------------ testing $PTII/ptolemy/domains/de/test/auto/VariableDelayZeroDelay.xml
auto.tcl: Setting watchdog for 200 seconds at Wed Sep 12 02:09:30 UTC 2018
3 ms. Memory: 849408K Free: 825391K (97%)
ptolemy.util.test.WatchDog.cancel(): canceling Wed Sep 12 02:09:30 UTC 2018
auto.tcl: Setting watchdog for 200 seconds at Wed Sep 12 02:09:30 UTC 2018
2 ms. Memory: 849408K Free: 825391K (97%)
ptolemy.util.test.WatchDog.cancel(): canceling Wed Sep 12 02:09:30 UTC 2018
------------------ testing $PTII/ptolemy/domains/de/test/auto/VariableDelayZeroDelay2.xml
auto.tcl: Setting watchdog for 200 seconds at Wed Sep 12 02:09:30 UTC 2018
2 ms. Memory: 846336K Free: 814668K (96%)
ptolemy.util.test.WatchDog.cancel(): canceling Wed Sep 12 02:09:30 UTC 2018
auto.tcl: Setting watchdog for 200 seconds at Wed Sep 12 02:09:30 UTC 2018
2 ms. Memory: 846336K Free: 814668K (96%)
ptolemy.util.test.WatchDog.cancel(): canceling Wed Sep 12 02:09:30 UTC 2018
------------------ testing $PTII/ptolemy/domains/de/test/auto/deInCt.xml
auto.tcl: Setting watchdog for 200 seconds at Wed Sep 12 02:09:30 UTC 2018
0
1
1
1
0
0
0
1
1
1
0
0
0
1
1
1
1
1
0
0
0
1
1
1
1
0
0
0
0
0
0
0
10 ms. Memory: 849408K Free: 817738K (96%)
ptolemy.util.test.WatchDog.cancel(): canceling Wed Sep 12 02:09:30 UTC 2018
auto.tcl: Setting watchdog for 200 seconds at Wed Sep 12 02:09:30 UTC 2018
0
1
1
1
1
0
0
0
0
0
1
1
1
0
0
0
0
0
1
1
1
1
1
1
4 ms. Memory: 849408K Free: 817738K (96%)
ptolemy.util.test.WatchDog.cancel(): canceling Wed Sep 12 02:09:30 UTC 2018
------------------ testing $PTII/ptolemy/domains/de/test/auto/deInCt2.xml
auto.tcl: Setting watchdog for 200 seconds at Wed Sep 12 02:09:30 UTC 2018
0
1
1
1
0
0
1
1
1
0
0
1
1
1
0
0
1
1
1
0
0
1
1
1
0
0
1
1
1
0
0
1
1
1
0
0
1
1
1
0
0
0
9 ms. Memory: 846336K Free: 814637K (96%)
ptolemy.util.test.WatchDog.cancel(): canceling Wed Sep 12 02:09:30 UTC 2018
auto.tcl: Setting watchdog for 200 seconds at Wed Sep 12 02:09:30 UTC 2018
0
1
1
1
0
0
1
1
1
0
0
1
1
1
0
0
1
1
1
0
0
1
1
1
0
0
1
1
1
0
0
1
1
1
0
0
1
1
1
0
0
0
8 ms. Memory: 846336K Free: 814637K (96%)
ptolemy.util.test.WatchDog.cancel(): canceling Wed Sep 12 02:09:30 UTC 2018
------------------ testing $PTII/ptolemy/domains/de/test/auto/dynamicCausalityInterface1.xml
auto.tcl: Setting watchdog for 200 seconds at Wed Sep 12 02:09:30 UTC 2018
1 ms. Memory: 848896K Free: 817221K (96%)
ptolemy.util.test.WatchDog.cancel(): canceling Wed Sep 12 02:09:30 UTC 2018
auto.tcl: Setting watchdog for 200 seconds at Wed Sep 12 02:09:30 UTC 2018
1 ms. Memory: 848896K Free: 817221K (96%)
ptolemy.util.test.WatchDog.cancel(): canceling Wed Sep 12 02:09:30 UTC 2018
------------------ testing $PTII/ptolemy/domains/de/test/auto/fsm_de_test.xml
auto.tcl: Setting watchdog for 200 seconds at Wed Sep 12 02:09:30 UTC 2018
19 ms. Memory: 846336K Free: 814556K (96%)
ptolemy.util.test.WatchDog.cancel(): canceling Wed Sep 12 02:09:31 UTC 2018
auto.tcl: Setting watchdog for 200 seconds at Wed Sep 12 02:09:31 UTC 2018
5 ms. Memory: 846336K Free: 814556K (96%)
ptolemy.util.test.WatchDog.cancel(): canceling Wed Sep 12 02:09:31 UTC 2018
------------------ testing $PTII/ptolemy/domains/de/test/auto/functionDependencyReconstruction.xml
auto.tcl: Setting watchdog for 200 seconds at Wed Sep 12 02:09:31 UTC 2018
2 ms. Memory: 848384K Free: 805026K (95%)
ptolemy.util.test.WatchDog.cancel(): canceling Wed Sep 12 02:09:31 UTC 2018
auto.tcl: Setting watchdog for 200 seconds at Wed Sep 12 02:09:31 UTC 2018
3 ms. Memory: 848384K Free: 805026K (95%)
ptolemy.util.test.WatchDog.cancel(): canceling Wed Sep 12 02:09:31 UTC 2018
------------------ testing $PTII/ptolemy/domains/de/test/auto/multirate.xml
auto.tcl: Setting watchdog for 200 seconds at Wed Sep 12 02:09:31 UTC 2018
2 ms. Memory: 846336K Free: 814422K (96%)
ptolemy.util.test.WatchDog.cancel(): canceling Wed Sep 12 02:09:31 UTC 2018
auto.tcl: Setting watchdog for 200 seconds at Wed Sep 12 02:09:31 UTC 2018
3 ms. Memory: 846336K Free: 814422K (96%)
ptolemy.util.test.WatchDog.cancel(): canceling Wed Sep 12 02:09:31 UTC 2018
------------------ testing $PTII/ptolemy/domains/de/test/auto/multirate2.xml
auto.tcl: Setting watchdog for 200 seconds at Wed Sep 12 02:09:31 UTC 2018
4 ms. Memory: 848384K Free: 816658K (96%)
ptolemy.util.test.WatchDog.cancel(): canceling Wed Sep 12 02:09:31 UTC 2018
auto.tcl: Setting watchdog for 200 seconds at Wed Sep 12 02:09:31 UTC 2018
3 ms. Memory: 848384K Free: 816658K (96%)
ptolemy.util.test.WatchDog.cancel(): canceling Wed Sep 12 02:09:31 UTC 2018
------------------ testing $PTII/ptolemy/domains/de/test/auto/realtime.xml
auto.tcl: Setting watchdog for 200 seconds at Wed Sep 12 02:09:31 UTC 2018
10001 ms. Memory: 846336K Free: 814580K (96%)
ptolemy.util.test.WatchDog.cancel(): canceling Wed Sep 12 02:09:41 UTC 2018
auto.tcl: Setting watchdog for 200 seconds at Wed Sep 12 02:09:41 UTC 2018
10001 ms. Memory: 846336K Free: 814580K (96%)
ptolemy.util.test.WatchDog.cancel(): canceling Wed Sep 12 02:09:51 UTC 2018
------------------ testing $PTII/ptolemy/domains/de/test/auto/relationGroup.xml
auto.tcl: Setting watchdog for 200 seconds at Wed Sep 12 02:09:51 UTC 2018
8 ms. Memory: 847872K Free: 816169K (96%)
ptolemy.util.test.WatchDog.cancel(): canceling Wed Sep 12 02:09:51 UTC 2018
auto.tcl: Setting watchdog for 200 seconds at Wed Sep 12 02:09:51 UTC 2018
1 ms. Memory: 847872K Free: 816169K (96%)
ptolemy.util.test.WatchDog.cancel(): canceling Wed Sep 12 02:09:51 UTC 2018
------------------ testing $PTII/ptolemy/domains/de/test/auto/relationGroup2.xml
auto.tcl: Setting watchdog for 200 seconds at Wed Sep 12 02:09:51 UTC 2018
1 ms. Memory: 846336K Free: 814660K (96%)
ptolemy.util.test.WatchDog.cancel(): canceling Wed Sep 12 02:09:51 UTC 2018
auto.tcl: Setting watchdog for 200 seconds at Wed Sep 12 02:09:51 UTC 2018
1 ms. Memory: 846336K Free: 814660K (96%)
ptolemy.util.test.WatchDog.cancel(): canceling Wed Sep 12 02:09:51 UTC 2018
------------------ testing $PTII/ptolemy/domains/de/test/auto/sortWithOpaquePorts.xml
auto.tcl: Setting watchdog for 200 seconds at Wed Sep 12 02:09:51 UTC 2018
1 ms. Memory: 847872K Free: 816195K (96%)
ptolemy.util.test.WatchDog.cancel(): canceling Wed Sep 12 02:09:51 UTC 2018
auto.tcl: Setting watchdog for 200 seconds at Wed Sep 12 02:09:51 UTC 2018
2 ms. Memory: 847872K Free: 816195K (96%)
ptolemy.util.test.WatchDog.cancel(): canceling Wed Sep 12 02:09:51 UTC 2018
------------------ testing $PTII/ptolemy/domains/de/test/auto/transferInputsandOutputs.xml
auto.tcl: Setting watchdog for 200 seconds at Wed Sep 12 02:09:51 UTC 2018
2 ms. Memory: 846336K Free: 814647K (96%)
ptolemy.util.test.WatchDog.cancel(): canceling Wed Sep 12 02:09:51 UTC 2018
auto.tcl: Setting watchdog for 200 seconds at Wed Sep 12 02:09:51 UTC 2018
2 ms. Memory: 846336K Free: 814647K (96%)
ptolemy.util.test.WatchDog.cancel(): canceling Wed Sep 12 02:09:51 UTC 2018
------------------ testing $PTII/ptolemy/domains/de/test/auto/triggerType.xml
auto.tcl: Setting watchdog for 200 seconds at Wed Sep 12 02:09:51 UTC 2018
1 ms. Memory: 847360K Free: 815622K (96%)
ptolemy.util.test.WatchDog.cancel(): canceling Wed Sep 12 02:09:51 UTC 2018
auto.tcl: Setting watchdog for 200 seconds at Wed Sep 12 02:09:51 UTC 2018
2 ms. Memory: 847360K Free: 815622K (96%)
ptolemy.util.test.WatchDog.cancel(): canceling Wed Sep 12 02:09:51 UTC 2018
09/12/18 02:09:51
Failed: 0  Total Tests: 192  ((Passed: 187, Newly Passed: 1)  Known Failed: 5) /home/travis/build/icyphy/ptII/ptolemy/domains/de/test
09/12/18 02:09:51
Failed: 0  Total Tests: 192  ((Passed: 187, Newly Passed: 1)  Known Failed: 5) /home/travis/build/icyphy/ptII/ptolemy/domains/de/test
----------------- testing (KnownFailure) /home/travis/build/icyphy/ptII/ptolemy/domains/de/test/auto/knownFailedTests/DESDFClockTest.xml
2019 ms. Memory: 846336K Free: 799324K (94%)
Known Failure: java.lang.reflect.InvocationTargetException
----------------- testing (KnownFailure) /home/travis/build/icyphy/ptII/ptolemy/domains/de/test/auto/knownFailedTests/DirectFeedback.xml
2 ms. Memory: 846336K Free: 738130K (87%)
Known Failure: java.lang.reflect.InvocationTargetException
----------------- testing (KnownFailure) /home/travis/build/icyphy/ptII/ptolemy/domains/de/test/auto/knownFailedTests/FSMSource.xml
11 ms. Memory: 846336K Free: 676935K (80%)
----------------- testing (KnownFailure) /home/travis/build/icyphy/ptII/ptolemy/domains/de/test/auto/knownFailedTests/HierarchicalModel.xml
2 ms. Memory: 846336K Free: 631032K (75%)
Known Failure: java.lang.reflect.InvocationTargetException
----------------- testing (KnownFailure) /home/travis/build/icyphy/ptII/ptolemy/domains/de/test/auto/knownFailedTests/dependencyLoop.xml
1 ms. Memory: 846336K Free: 569837K (67%)
Known Failure: java.lang.reflect.InvocationTargetException
----------------- testing (KnownFailure) /home/travis/build/icyphy/ptII/ptolemy/domains/de/test/auto/knownFailedTests/dependencyLoop2.xml
2 ms. Memory: 846336K Free: 508643K (60%)
Known Failure: java.lang.reflect.InvocationTargetException
No auto/linux-amd64/*.xml tests in /home/travis/build/icyphy/ptII/ptolemy/domains/de/test
AutoTests.java: About to close Vertx.
AutoTests.java: Vertx closed.

===========================================================================================
----------------- testing Wed Sep 12 02:09:53 UTC 2018 /home/travis/build/icyphy/ptII/ptolemy/domains/de/test/auto/ActorDepthCalculation_actorWithoutPorts.xml
----------------- Instantiating /home/travis/build/icyphy/ptII/ptolemy/domains/de/test/auto/ActorDepthCalculation_actorWithoutPorts.xml
1 ms. Memory: 846336K Free: 432149K (51%)
----------------- Invoking toplevel() on ptolemy.moml.MoMLSimpleApplication@42214ffa
----------------- Done invoking toplevel() on ptolemy.moml.MoMLSimpleApplication@42214ffa
reloadAllAccessors: .ActorDepthCalculation_actorWithoutPorts

===========================================================================================
----------------- testing Wed Sep 12 02:09:53 UTC 2018 /home/travis/build/icyphy/ptII/ptolemy/domains/de/test/auto/AssemblyLine.xml
----------------- Instantiating /home/travis/build/icyphy/ptII/ptolemy/domains/de/test/auto/AssemblyLine.xml
1 ms. Memory: 846336K Free: 401552K (47%)
----------------- Invoking toplevel() on ptolemy.moml.MoMLSimpleApplication@22a20461
----------------- Done invoking toplevel() on ptolemy.moml.MoMLSimpleApplication@22a20461
reloadAllAccessors: .AssemblyLine

===========================================================================================
----------------- testing Wed Sep 12 02:09:53 UTC 2018 /home/travis/build/icyphy/ptII/ptolemy/domains/de/test/auto/CQBug1.xml
----------------- Instantiating /home/travis/build/icyphy/ptII/ptolemy/domains/de/test/auto/CQBug1.xml
0 ms. Memory: 846336K Free: 370955K (44%)
----------------- Invoking toplevel() on ptolemy.moml.MoMLSimpleApplication@5728d969
----------------- Done invoking toplevel() on ptolemy.moml.MoMLSimpleApplication@5728d969
reloadAllAccessors: .CQBug1

===========================================================================================
----------------- testing Wed Sep 12 02:09:53 UTC 2018 /home/travis/build/icyphy/ptII/ptolemy/domains/de/test/auto/CancelFireAt.xml
----------------- Instantiating /home/travis/build/icyphy/ptII/ptolemy/domains/de/test/auto/CancelFireAt.xml
0 ms. Memory: 846336K Free: 340358K (40%)
----------------- Invoking toplevel() on ptolemy.moml.MoMLSimpleApplication@617b46fd
----------------- Done invoking toplevel() on ptolemy.moml.MoMLSimpleApplication@617b46fd
reloadAllAccessors: .CancelFireAt

===========================================================================================
----------------- testing Wed Sep 12 02:09:53 UTC 2018 /home/travis/build/icyphy/ptII/ptolemy/domains/de/test/auto/CausalityAndComposabilityAnalysis.xml
----------------- Instantiating /home/travis/build/icyphy/ptII/ptolemy/domains/de/test/auto/CausalityAndComposabilityAnalysis.xml
1 ms. Memory: 846336K Free: 309761K (37%)
----------------- Invoking toplevel() on ptolemy.moml.MoMLSimpleApplication@202de1e3
----------------- Done invoking toplevel() on ptolemy.moml.MoMLSimpleApplication@202de1e3
reloadAllAccessors: .CausalityAndComposabilityAnalysis

===========================================================================================
----------------- testing Wed Sep 12 02:09:53 UTC 2018 /home/travis/build/icyphy/ptII/ptolemy/domains/de/test/auto/CausalityInterface1.xml
----------------- Instantiating /home/travis/build/icyphy/ptII/ptolemy/domains/de/test/auto/CausalityInterface1.xml
3 ms. Memory: 846336K Free: 279164K (33%)
----------------- Invoking toplevel() on ptolemy.moml.MoMLSimpleApplication@c06648e
----------------- Done invoking toplevel() on ptolemy.moml.MoMLSimpleApplication@c06648e
reloadAllAccessors: .CausalityInterface1

===========================================================================================
----------------- testing Wed Sep 12 02:09:53 UTC 2018 /home/travis/build/icyphy/ptII/ptolemy/domains/de/test/auto/CausalityInterface15.xml
----------------- Instantiating /home/travis/build/icyphy/ptII/ptolemy/domains/de/test/auto/CausalityInterface15.xml
2 ms. Memory: 846336K Free: 248567K (29%)
----------------- Invoking toplevel() on ptolemy.moml.MoMLSimpleApplication@245afc6
----------------- Done invoking toplevel() on ptolemy.moml.MoMLSimpleApplication@245afc6
reloadAllAccessors: .CausalityInterface15

[...]
java.lang.RuntimeException: Execution failed
	at ptolemy.moml.MoMLSimpleApplication$UnloadThread.run(MoMLSimpleApplication.java:402)
Caused by: ptolemy.kernel.util.IllegalActionException: Test fails in iteration 1.
Value was: 1.0. Should have been: 2.0
  in .DirectFeedback.Test
	at ptolemy.actor.lib.Test.fire(Test.java:268)
	at ptolemy.domains.de.kernel.DEDirector._fire(DEDirector.java:1949)
	at ptolemy.domains.de.kernel.DEDirector.fire(DEDirector.java:502)
	at ptolemy.actor.CompositeActor.fire(CompositeActor.java:455)
	at ptolemy.actor.Manager.iterate(Manager.java:851)
	at ptolemy.actor.Manager.execute(Manager.java:369)
	at ptolemy.actor.Manager.run(Manager.java:1263)
	at ptolemy.actor.Manager$PtolemyRunThread.run(Manager.java:1915)
java.lang.RuntimeException: Execution failed
	at ptolemy.moml.MoMLSimpleApplication$UnloadThread.run(MoMLSimpleApplication.java:402)
Caused by: ptolemy.kernel.util.IllegalActionException: Actor is not ready to fire.  Perhaps UpSample.prefire() returned false? Try debugging the actor by selecting "Listen to Actor".  Also, for SDF check moml for tokenConsumptionRate on input.
  in .DESDFClockTest.Play Bell.Copy1:SDF Director and .DESDFClockTest.Play Bell.UpSample
	at ptolemy.actor.sched.StaticSchedulingDirector.fire(StaticSchedulingDirector.java:227)
	at ptolemy.domains.sdf.kernel.SDFDirector.fire(SDFDirector.java:500)
	at ptolemy.actor.CompositeActor.fire(CompositeActor.java:455)
	at ptolemy.domains.de.kernel.DEDirector._fire(DEDirector.java:1949)
	at ptolemy.domains.de.kernel.DEDirector.fire(DEDirector.java:502)
	at ptolemy.actor.CompositeActor.fire(CompositeActor.java:455)
	at ptolemy.actor.Manager.iterate(Manager.java:851)
	at ptolemy.actor.Manager.execute(Manager.java:369)
	at ptolemy.actor.Manager.run(Manager.java:1263)
	at ptolemy.actor.Manager$PtolemyRunThread.run(Manager.java:1915)
java.lang.reflect.InvocationTargetException
	at sun.reflect.NativeConstructorAccessorImpl.newInstance0(Native Method)
	at sun.reflect.NativeConstructorAccessorImpl.newInstance(NativeConstructorAccessorImpl.java:62)
	at sun.reflect.DelegatingConstructorAccessorImpl.newInstance(DelegatingConstructorAccessorImpl.java:45)
	at java.lang.reflect.Constructor.newInstance(Constructor.java:423)
	at ptolemy.util.test.junit.AutoKnownFailedTests.RunModel(AutoKnownFailedTests.java:107)
	at sun.reflect.NativeMethodAccessorImpl.invoke0(Native Method)
	at sun.reflect.NativeMethodAccessorImpl.invoke(NativeMethodAccessorImpl.java:62)
	at sun.reflect.DelegatingMethodAccessorImpl.invoke(DelegatingMethodAccessorImpl.java:43)
	at java.lang.reflect.Method.invoke(Method.java:498)
	at org.junit.runners.model.FrameworkMethod$1.runReflectiveCall(FrameworkMethod.java:44)
	at org.junit.internal.runners.model.ReflectiveCallable.run(ReflectiveCallable.java:15)
	at org.junit.runners.model.FrameworkMethod.invokeExplosively(FrameworkMethod.java:41)
	at junitparams.internal.InvokeParameterisedMethod.evaluate(InvokeParameterisedMethod.java:102)
	at org.junit.internal.runners.statements.FailOnTimeout$1.run(FailOnTimeout.java:28)
Caused by: ptolemy.kernel.util.IllegalActionException: Actor is not ready to fire.  Perhaps UpSample.prefire() returned false? Try debugging the actor by selecting "Listen to Actor".  Also, for SDF check moml for tokenConsumptionRate on input.
  in .DESDFClockTest.Play Bell.Copy1:SDF Director and .DESDFClockTest.Play Bell.UpSample
	at ptolemy.actor.sched.StaticSchedulingDirector.fire(StaticSchedulingDirector.java:227)
	at ptolemy.domains.sdf.kernel.SDFDirector.fire(SDFDirector.java:500)
	at ptolemy.actor.CompositeActor.fire(CompositeActor.java:455)
	at ptolemy.domains.de.kernel.DEDirector._fire(DEDirector.java:1949)
	at ptolemy.domains.de.kernel.DEDirector.fire(DEDirector.java:502)
	at ptolemy.actor.CompositeActor.fire(CompositeActor.java:455)
	at ptolemy.actor.Manager.iterate(Manager.java:851)
	at ptolemy.actor.Manager.execute(Manager.java:369)
	at ptolemy.actor.Manager.run(Manager.java:1263)
	at ptolemy.actor.Manager$PtolemyRunThread.run(Manager.java:1915)
java.lang.RuntimeException: Execution failed
	at ptolemy.moml.MoMLSimpleApplication$UnloadThread.run(MoMLSimpleApplication.java:402)
Caused by: ptolemy.kernel.util.IllegalActionException: Test fails in iteration 1.
Value was: 1.0. Should have been: 2.0
  in .DirectFeedback.Test
	at ptolemy.actor.lib.Test.fire(Test.java:268)
	at ptolemy.domains.de.kernel.DEDirector._fire(DEDirector.java:1949)
	at ptolemy.domains.de.kernel.DEDirector.fire(DEDirector.java:502)
	at ptolemy.actor.CompositeActor.fire(CompositeActor.java:455)
	at ptolemy.actor.Manager.iterate(Manager.java:851)
	at ptolemy.actor.Manager.execute(Manager.java:369)
	at ptolemy.actor.Manager.run(Manager.java:1263)
	at ptolemy.actor.Manager$PtolemyRunThread.run(Manager.java:1915)
java.lang.reflect.InvocationTargetException
	at sun.reflect.NativeConstructorAccessorImpl.newInstance0(Native Method)
	at sun.reflect.NativeConstructorAccessorImpl.newInstance(NativeConstructorAccessorImpl.java:62)
	at sun.reflect.DelegatingConstructorAccessorImpl.newInstance(DelegatingConstructorAccessorImpl.java:45)
	at java.lang.reflect.Constructor.newInstance(Constructor.java:423)
	at ptolemy.util.test.junit.AutoKnownFailedTests.RunModel(AutoKnownFailedTests.java:107)
	at sun.reflect.NativeMethodAccessorImpl.invoke0(Native Method)
	at sun.reflect.NativeMethodAccessorImpl.invoke(NativeMethodAccessorImpl.java:62)
	at sun.reflect.DelegatingMethodAccessorImpl.invoke(DelegatingMethodAccessorImpl.java:43)
	at java.lang.reflect.Method.invoke(Method.java:498)
	at org.junit.runners.model.FrameworkMethod$1.runReflectiveCall(FrameworkMethod.java:44)
	at org.junit.internal.runners.model.ReflectiveCallable.run(ReflectiveCallable.java:15)
	at org.junit.runners.model.FrameworkMethod.invokeExplosively(FrameworkMethod.java:41)
	at junitparams.internal.InvokeParameterisedMethod.evaluate(InvokeParameterisedMethod.java:102)
	at org.junit.internal.runners.statements.FailOnTimeout$1.run(FailOnTimeout.java:28)
Caused by: ptolemy.kernel.util.IllegalActionException: Test fails in iteration 1.
Value was: 1.0. Should have been: 2.0
  in .DirectFeedback.Test
	at ptolemy.actor.lib.Test.fire(Test.java:268)
	at ptolemy.domains.de.kernel.DEDirector._fire(DEDirector.java:1949)
	at ptolemy.domains.de.kernel.DEDirector.fire(DEDirector.java:502)
	at ptolemy.actor.CompositeActor.fire(CompositeActor.java:455)
	at ptolemy.actor.Manager.iterate(Manager.java:851)
	at ptolemy.actor.Manager.execute(Manager.java:369)
	at ptolemy.actor.Manager.run(Manager.java:1263)
	at ptolemy.actor.Manager$PtolemyRunThread.run(Manager.java:1915)
java.lang.RuntimeException: Execution failed
	at ptolemy.moml.MoMLSimpleApplication$UnloadThread.run(MoMLSimpleApplication.java:402)
Caused by: ptolemy.kernel.util.IllegalActionException: Found a zero delay loop containing .HierarchicalModel.A
  in .HierarchicalModel and .HierarchicalModel.A
	at ptolemy.actor.util.CausalityInterfaceForComposites._computeOutputPortDepth(CausalityInterfaceForComposites.java:759)
	at ptolemy.actor.util.CausalityInterfaceForComposites._computeInputDepth(CausalityInterfaceForComposites.java:696)
	at ptolemy.actor.util.CausalityInterfaceForComposites._computeOutputPortDepth(CausalityInterfaceForComposites.java:765)
	at ptolemy.actor.util.CausalityInterfaceForComposites._computeInputDepth(CausalityInterfaceForComposites.java:696)
	at ptolemy.actor.util.CausalityInterfaceForComposites._computeOutputPortDepth(CausalityInterfaceForComposites.java:765)
	at ptolemy.actor.util.CausalityInterfaceForComposites._computeInputDepth(CausalityInterfaceForComposites.java:696)
	at ptolemy.actor.util.CausalityInterfaceForComposites._computeActorDepth(CausalityInterfaceForComposites.java:532)
	at ptolemy.actor.util.CausalityInterfaceForComposites.checkForCycles(CausalityInterfaceForComposites.java:96)
	at ptolemy.domains.de.kernel.DEDirector.preinitialize(DEDirector.java:1338)
	at ptolemy.actor.CompositeActor.preinitialize(CompositeActor.java:1828)
	at ptolemy.actor.Manager.preinitializeAndResolveTypes(Manager.java:1040)
	at ptolemy.actor.Manager.initialize(Manager.java:710)
	at ptolemy.actor.Manager.execute(Manager.java:356)
	at ptolemy.actor.Manager.run(Manager.java:1263)
	at ptolemy.actor.Manager$PtolemyRunThread.run(Manager.java:1915)
java.lang.reflect.InvocationTargetException
	at sun.reflect.NativeConstructorAccessorImpl.newInstance0(Native Method)
	at sun.reflect.NativeConstructorAccessorImpl.newInstance(NativeConstructorAccessorImpl.java:62)
	at sun.reflect.DelegatingConstructorAccessorImpl.newInstance(DelegatingConstructorAccessorImpl.java:45)
	at java.lang.reflect.Constructor.newInstance(Constructor.java:423)
	at ptolemy.util.test.junit.AutoKnownFailedTests.RunModel(AutoKnownFailedTests.java:107)
	at sun.reflect.NativeMethodAccessorImpl.invoke0(Native Method)
	at sun.reflect.NativeMethodAccessorImpl.invoke(NativeMethodAccessorImpl.java:62)
	at sun.reflect.DelegatingMethodAccessorImpl.invoke(DelegatingMethodAccessorImpl.java:43)
	at java.lang.reflect.Method.invoke(Method.java:498)
	at org.junit.runners.model.FrameworkMethod$1.runReflectiveCall(FrameworkMethod.java:44)
	at org.junit.internal.runners.model.ReflectiveCallable.run(ReflectiveCallable.java:15)
	at org.junit.runners.model.FrameworkMethod.invokeExplosively(FrameworkMethod.java:41)
	at junitparams.internal.InvokeParameterisedMethod.evaluate(InvokeParameterisedMethod.java:102)
	at org.junit.internal.runners.statements.FailOnTimeout$1.run(FailOnTimeout.java:28)
Caused by: ptolemy.kernel.util.IllegalActionException: Found a zero delay loop containing .HierarchicalModel.A
  in .HierarchicalModel and .HierarchicalModel.A
	at ptolemy.actor.util.CausalityInterfaceForComposites._computeOutputPortDepth(CausalityInterfaceForComposites.java:759)
	at ptolemy.actor.util.CausalityInterfaceForComposites._computeInputDepth(CausalityInterfaceForComposites.java:696)
	at ptolemy.actor.util.CausalityInterfaceForComposites._computeOutputPortDepth(CausalityInterfaceForComposites.java:765)
	at ptolemy.actor.util.CausalityInterfaceForComposites._computeInputDepth(CausalityInterfaceForComposites.java:696)
	at ptolemy.actor.util.CausalityInterfaceForComposites._computeOutputPortDepth(CausalityInterfaceForComposites.java:765)
	at ptolemy.actor.util.CausalityInterfaceForComposites._computeInputDepth(CausalityInterfaceForComposites.java:696)
	at ptolemy.actor.util.CausalityInterfaceForComposites._computeActorDepth(CausalityInterfaceForComposites.java:532)
	at ptolemy.actor.util.CausalityInterfaceForComposites.checkForCycles(CausalityInterfaceForComposites.java:96)
	at ptolemy.domains.de.kernel.DEDirector.preinitialize(DEDirector.java:1338)
	at ptolemy.actor.CompositeActor.preinitialize(CompositeActor.java:1828)
	at ptolemy.actor.Manager.preinitializeAndResolveTypes(Manager.java:1040)
	at ptolemy.actor.Manager.initialize(Manager.java:710)
	at ptolemy.actor.Manager.execute(Manager.java:356)
	at ptolemy.actor.Manager.run(Manager.java:1263)
	at ptolemy.actor.Manager$PtolemyRunThread.run(Manager.java:1915)
java.lang.RuntimeException: Execution failed
	at ptolemy.moml.MoMLSimpleApplication$UnloadThread.run(MoMLSimpleApplication.java:402)
Caused by: ptolemy.kernel.util.IllegalActionException: Found a zero delay loop containing .dependencyLoop.original
  in .dependencyLoop and .dependencyLoop.original
	at ptolemy.actor.util.CausalityInterfaceForComposites._computeOutputPortDepth(CausalityInterfaceForComposites.java:759)
	at ptolemy.actor.util.CausalityInterfaceForComposites._computeInputDepth(CausalityInterfaceForComposites.java:696)
	at ptolemy.actor.util.CausalityInterfaceForComposites._computeOutputPortDepth(CausalityInterfaceForComposites.java:765)
	at ptolemy.actor.util.CausalityInterfaceForComposites._computeInputDepth(CausalityInterfaceForComposites.java:696)
	at ptolemy.actor.util.CausalityInterfaceForComposites._computeOutputPortDepth(CausalityInterfaceForComposites.java:765)
	at ptolemy.actor.util.CausalityInterfaceForComposites._computeInputDepth(CausalityInterfaceForComposites.java:696)
	at ptolemy.actor.util.CausalityInterfaceForComposites._computeActorDepth(CausalityInterfaceForComposites.java:532)
	at ptolemy.actor.util.CausalityInterfaceForComposites.checkForCycles(CausalityInterfaceForComposites.java:96)
	at ptolemy.domains.de.kernel.DEDirector.preinitialize(DEDirector.java:1338)
	at ptolemy.actor.CompositeActor.preinitialize(CompositeActor.java:1828)
	at ptolemy.actor.Manager.preinitializeAndResolveTypes(Manager.java:1040)
	at ptolemy.actor.Manager.initialize(Manager.java:710)
	at ptolemy.actor.Manager.execute(Manager.java:356)
	at ptolemy.actor.Manager.run(Manager.java:1263)
	at ptolemy.actor.Manager$PtolemyRunThread.run(Manager.java:1915)
java.lang.reflect.InvocationTargetException
	at sun.reflect.NativeConstructorAccessorImpl.newInstance0(Native Method)
	at sun.reflect.NativeConstructorAccessorImpl.newInstance(NativeConstructorAccessorImpl.java:62)
	at sun.reflect.DelegatingConstructorAccessorImpl.newInstance(DelegatingConstructorAccessorImpl.java:45)
	at java.lang.reflect.Constructor.newInstance(Constructor.java:423)
	at ptolemy.util.test.junit.AutoKnownFailedTests.RunModel(AutoKnownFailedTests.java:107)
	at sun.reflect.NativeMethodAccessorImpl.invoke0(Native Method)
	at sun.reflect.NativeMethodAccessorImpl.invoke(NativeMethodAccessorImpl.java:62)
	at sun.reflect.DelegatingMethodAccessorImpl.invoke(DelegatingMethodAccessorImpl.java:43)
	at java.lang.reflect.Method.invoke(Method.java:498)
	at org.junit.runners.model.FrameworkMethod$1.runReflectiveCall(FrameworkMethod.java:44)
	at org.junit.internal.runners.model.ReflectiveCallable.run(ReflectiveCallable.java:15)
	at org.junit.runners.model.FrameworkMethod.invokeExplosively(FrameworkMethod.java:41)
	at junitparams.internal.InvokeParameterisedMethod.evaluate(InvokeParameterisedMethod.java:102)
	at org.junit.internal.runners.statements.FailOnTimeout$1.run(FailOnTimeout.java:28)
Caused by: ptolemy.kernel.util.IllegalActionException: Found a zero delay loop containing .dependencyLoop.original
  in .dependencyLoop and .dependencyLoop.original
	at ptolemy.actor.util.CausalityInterfaceForComposites._computeOutputPortDepth(CausalityInterfaceForComposites.java:759)
	at ptolemy.actor.util.CausalityInterfaceForComposites._computeInputDepth(CausalityInterfaceForComposites.java:696)
	at ptolemy.actor.util.CausalityInterfaceForComposites._computeOutputPortDepth(CausalityInterfaceForComposites.java:765)
	at ptolemy.actor.util.CausalityInterfaceForComposites._computeInputDepth(CausalityInterfaceForComposites.java:696)
	at ptolemy.actor.util.CausalityInterfaceForComposites._computeOutputPortDepth(CausalityInterfaceForComposites.java:765)
	at ptolemy.actor.util.CausalityInterfaceForComposites._computeInputDepth(CausalityInterfaceForComposites.java:696)
	at ptolemy.actor.util.CausalityInterfaceForComposites._computeActorDepth(CausalityInterfaceForComposites.java:532)
	at ptolemy.actor.util.CausalityInterfaceForComposites.checkForCycles(CausalityInterfaceForComposites.java:96)
	at ptolemy.domains.de.kernel.DEDirector.preinitialize(DEDirector.java:1338)
	at ptolemy.actor.CompositeActor.preinitialize(CompositeActor.java:1828)
	at ptolemy.actor.Manager.preinitializeAndResolveTypes(Manager.java:1040)
	at ptolemy.actor.Manager.initialize(Manager.java:710)
	at ptolemy.actor.Manager.execute(Manager.java:356)
	at ptolemy.actor.Manager.run(Manager.java:1263)
	at ptolemy.actor.Manager$PtolemyRunThread.run(Manager.java:1915)
java.lang.RuntimeException: Execution failed
	at ptolemy.moml.MoMLSimpleApplication$UnloadThread.run(MoMLSimpleApplication.java:402)
Caused by: ptolemy.kernel.util.IllegalActionException: Found a zero delay loop containing .dependencyLoop2.original
  in .dependencyLoop2 and .dependencyLoop2.original
	at ptolemy.actor.util.CausalityInterfaceForComposites._computeOutputPortDepth(CausalityInterfaceForComposites.java:759)
	at ptolemy.actor.util.CausalityInterfaceForComposites._computeInputDepth(CausalityInterfaceForComposites.java:696)
	at ptolemy.actor.util.CausalityInterfaceForComposites._computeOutputPortDepth(CausalityInterfaceForComposites.java:765)
	at ptolemy.actor.util.CausalityInterfaceForComposites._computeInputDepth(CausalityInterfaceForComposites.java:696)
	at ptolemy.actor.util.CausalityInterfaceForComposites._computeOutputPortDepth(CausalityInterfaceForComposites.java:765)
	at ptolemy.actor.util.CausalityInterfaceForComposites._computeInputDepth(CausalityInterfaceForComposites.java:696)
	at ptolemy.actor.util.CausalityInterfaceForComposites._computeActorDepth(CausalityInterfaceForComposites.java:532)
	at ptolemy.actor.util.CausalityInterfaceForComposites.checkForCycles(CausalityInterfaceForComposites.java:96)
	at ptolemy.domains.de.kernel.DEDirector.preinitialize(DEDirector.java:1338)
	at ptolemy.actor.CompositeActor.preinitialize(CompositeActor.java:1828)
	at ptolemy.actor.Manager.preinitializeAndResolveTypes(Manager.java:1040)
	at ptolemy.actor.Manager.initialize(Manager.java:710)
	at ptolemy.actor.Manager.execute(Manager.java:356)
	at ptolemy.actor.Manager.run(Manager.java:1263)
	at ptolemy.actor.Manager$PtolemyRunThread.run(Manager.java:1915)
java.lang.reflect.InvocationTargetException
	at sun.reflect.NativeConstructorAccessorImpl.newInstance0(Native Method)
	at sun.reflect.NativeConstructorAccessorImpl.newInstance(NativeConstructorAccessorImpl.java:62)
	at sun.reflect.DelegatingConstructorAccessorImpl.newInstance(DelegatingConstructorAccessorImpl.java:45)
	at java.lang.reflect.Constructor.newInstance(Constructor.java:423)
	at ptolemy.util.test.junit.AutoKnownFailedTests.RunModel(AutoKnownFailedTests.java:107)
	at sun.reflect.NativeMethodAccessorImpl.invoke0(Native Method)
	at sun.reflect.NativeMethodAccessorImpl.invoke(NativeMethodAccessorImpl.java:62)
	at sun.reflect.DelegatingMethodAccessorImpl.invoke(DelegatingMethodAccessorImpl.java:43)
	at java.lang.reflect.Method.invoke(Method.java:498)
	at org.junit.runners.model.FrameworkMethod$1.runReflectiveCall(FrameworkMethod.java:44)
	at org.junit.internal.runners.model.ReflectiveCallable.run(ReflectiveCallable.java:15)
	at org.junit.runners.model.FrameworkMethod.invokeExplosively(FrameworkMethod.java:41)
	at junitparams.internal.InvokeParameterisedMethod.evaluate(InvokeParameterisedMethod.java:102)
	at org.junit.internal.runners.statements.FailOnTimeout$1.run(FailOnTimeout.java:28)
Caused by: ptolemy.kernel.util.IllegalActionException: Found a zero delay loop containing .dependencyLoop2.original
  in .dependencyLoop2 and .dependencyLoop2.original
	at ptolemy.actor.util.CausalityInterfaceForComposites._computeOutputPortDepth(CausalityInterfaceForComposites.java:759)
	at ptolemy.actor.util.CausalityInterfaceForComposites._computeInputDepth(CausalityInterfaceForComposites.java:696)
	at ptolemy.actor.util.CausalityInterfaceForComposites._computeOutputPortDepth(CausalityInterfaceForComposites.java:765)
	at ptolemy.actor.util.CausalityInterfaceForComposites._computeInputDepth(CausalityInterfaceForComposites.java:696)
	at ptolemy.actor.util.CausalityInterfaceForComposites._computeOutputPortDepth(CausalityInterfaceForComposites.java:765)
	at ptolemy.actor.util.CausalityInterfaceForComposites._computeInputDepth(CausalityInterfaceForComposites.java:696)
	at ptolemy.actor.util.CausalityInterfaceForComposites._computeActorDepth(CausalityInterfaceForComposites.java:532)
	at ptolemy.actor.util.CausalityInterfaceForComposites.checkForCycles(CausalityInterfaceForComposites.java:96)
	at ptolemy.domains.de.kernel.DEDirector.preinitialize(DEDirector.java:1338)
	at ptolemy.actor.CompositeActor.preinitialize(CompositeActor.java:1828)
	at ptolemy.actor.Manager.preinitializeAndResolveTypes(Manager.java:1040)
	at ptolemy.actor.Manager.initialize(Manager.java:710)
	at ptolemy.actor.Manager.execute(Manager.java:356)
	at ptolemy.actor.Manager.run(Manager.java:1263)
	at ptolemy.actor.Manager$PtolemyRunThread.run(Manager.java:1915)
]]></system-err>
</testsuite>
