<?xml version="1.0" encoding="UTF-8" ?>
<testsuite errors="0" failures="0" hostname="travis-job-fca862a1-54aa-4435-94c2-a11b43779807" name="ptolemy.cg.kernel.generic.accessor.test.junit.JUnitTclTest" skipped="0" tests="9" time="117.983" timestamp="2019-02-02T03:24:05">
  <properties>
[...]
</properties>
  <testcase classname="ptolemy.util.test.junit.TclTests" name="[0] /home/travis/build/icyphy/ptII/ptolemy/cg/kernel/generic/accessor/test/AccessorSSHCodeGenerator.tcl (RunTclFile)" time="45.042" />
  <testcase classname="ptolemy.util.test.junit.AutoKnownFailedTests" name="[0] ThereAreNoKnowFailedTests (RunModel)" time="0.002" />
  <testcase classname="ptolemy.util.test.junit.AutoNameArchTests" name="[0] ThereAreNoAutoArchTests (RunModel)" time="0.017" />
  <testcase classname="ptolemy.util.test.junit.AutoTests" name="[0] /home/travis/build/icyphy/ptII/ptolemy/cg/kernel/generic/accessor/test/auto/AccessorStatusTest.xml (RunModel)" time="25.045" />
  <testcase classname="ptolemy.util.test.junit.AutoTests" name="[1] /home/travis/build/icyphy/ptII/ptolemy/cg/kernel/generic/accessor/test/auto/RampJSDisplay.xml (RunModel)" time="10.373" />
  <testcase classname="ptolemy.util.test.junit.AutoTests" name="[2] /home/travis/build/icyphy/ptII/ptolemy/cg/kernel/generic/accessor/test/auto/RampJSInspect.xml (RunModel)" time="11.703" />
  <testcase classname="ptolemy.util.test.junit.AutoTests" name="[3] /home/travis/build/icyphy/ptII/ptolemy/cg/kernel/generic/accessor/test/auto/RampJSTest.xml (RunModel)" time="9.444" />
  <testcase classname="ptolemy.util.test.junit.AutoTests" name="[4] /home/travis/build/icyphy/ptII/ptolemy/cg/kernel/generic/accessor/test/auto/RampJSTextDisplay.xml (RunModel)" time="12.611" />
  <testcase classname="ptolemy.util.test.junit.AutoTests" name="[5] /home/travis/build/icyphy/ptII/ptolemy/cg/kernel/generic/accessor/test/auto/TestComposite.xml (RunModel)" time="3.395" />
  <system-out><![CDATA[/home/travis/build/icyphy/ptII/ptolemy/cg/kernel/generic/accessor/test/AccessorSSHCodeGenerator.tcl
testDefs.tcl: setting time out to 9000 seconds at Sat Feb 02 03:24:05 UTC 2019
JSAccessor: found node
RunnableCodeGenerator: run command: (cd /home/travis/build/icyphy/ptII/org/terraswarm/accessor/accessors/web/cg; /home/travis/build/icyphy/ptII/ptolemy/cg/kernel/generic/accessor/accessorInvokeSSH localhost /home/travis/build/icyphy/ptII/org/terraswarm/accessor/accessors/web/cg/top.js   npmInstall  )
In "/home/travis/build/icyphy/ptII/org/terraswarm/accessor/accessors/web/cg", about to execute:
    /home/travis/build/icyphy/ptII/ptolemy/cg/kernel/generic/accessor/accessorInvok
eSSH localhost
/home/travis/build/icyphy/ptII/org/terraswarm/accessor/accessors/web/cg/top.js
npmInstall
/home/travis/build/icyphy/ptII/ptolemy/cg/kernel/generic/accessor/accessorInvokeSSH: Note that the timeout defaults to 15000
### accessorInvokeSSH: Creating cg/node_modules and cg/top on localhost
### accessorInvokeSSH: Running npm install @terraswarm/accessors pm2 
### accessorInvokeSSH:   Ignore messages like: 'npm WARN enoent ENOENT: no such file or directory, open cg/top/package.json'
/home/travis/pthla/certi-tools/share/scripts:/home/travis/.rvm/gems/ruby-2.4.1/bin:/home/travis/.rvm/gems/ruby-2.4.1@global/bin:/home/travis/.rvm/rubies/ruby-2.4.1/bin:/home/travis/.rvm/bin:/home/travis/.nvm/versions/node/v7.10.1/bin:./node_modules/.bin:/home/travis/build/icyphy/ptII/bin:/home/travis/pthla/certi-tools/bin:/home/travis/bin:/home/travis/.local/bin:/opt/pyenv/shims:/home/travis/.phpenv/shims:/home/travis/perl5/perlbrew/bin:/home/travis/.kiex/elixirs/elixir-1.4.5/bin:/home/travis/.kiex/bin:/home/travis/gopath/bin:/home/travis/.gimme/versions/go1.7.4.linux.amd64/bin:/usr/local/phantomjs/bin:/usr/local/phantomjs:/usr/local/neo4j-3.2.7/bin:/usr/local/maven-3.5.2/bin:/usr/local/cmake-3.9.2/bin:/usr/local/clang-5.0.0/bin:/usr/local/sbin:/usr/local/bin:/usr/sbin:/usr/bin:/sbin:/bin:/home/travis/.phpenv/bin:/opt/pyenv/bin:/home/travis/.yarn/bin
/usr/local/bin/npm
/home/travis/cg
├─┬ @terraswarm/accessors@0.0.25 
│ ├── @accessors-hosts/common@0.1.0 
│ ├── @accessors-modules/local-storage@0.1.1 
│ ├─┬ express@4.16.4 
│ │ ├─┬ accepts@1.3.5 
│ │ │ ├─┬ mime-types@2.1.21 
│ │ │ │ └── mime-db@1.37.0 
│ │ │ └── negotiator@0.6.1 
│ │ ├── array-flatten@1.1.1 
│ │ ├─┬ body-parser@1.18.3 
│ │ │ ├── bytes@3.0.0 
│ │ │ ├── http-errors@1.6.3 
│ │ │ └── raw-body@2.3.3 
│ │ ├── content-disposition@0.5.2 
│ │ ├── content-type@1.0.4 
│ │ ├── cookie@0.3.1 
│ │ ├── cookie-signature@1.0.6 
│ │ ├── depd@1.1.2 
│ │ ├── encodeurl@1.0.2 
│ │ ├── escape-html@1.0.3 
│ │ ├── etag@1.8.1 
│ │ ├─┬ finalhandler@1.1.1 
│ │ │ └── unpipe@1.0.0 
│ │ ├── fresh@0.5.2 
│ │ ├── merge-descriptors@1.0.1 
│ │ ├── methods@1.1.2 
│ │ ├─┬ on-finished@2.3.0 
│ │ │ └── ee-first@1.1.1 
│ │ ├── parseurl@1.3.2 
│ │ ├── path-to-regexp@0.1.7 
│ │ ├─┬ proxy-addr@2.0.4 
│ │ │ ├── forwarded@0.1.2 
│ │ │ └── ipaddr.js@1.8.0 
│ │ ├── qs@6.5.2 
│ │ ├── range-parser@1.2.0 
│ │ ├─┬ send@0.16.2 
│ │ │ ├── destroy@1.0.4 
│ │ │ └── mime@1.4.1 
│ │ ├── serve-static@1.13.2 
│ │ ├── setprototypeof@1.1.0 
│ │ ├── statuses@1.4.0 
│ │ ├─┬ type-is@1.6.16 
│ │ │ └── media-typer@0.3.0 
│ │ ├── utils-merge@1.0.1 
│ │ └── vary@1.1.2 
│ ├─┬ helmet@3.15.0 
│ │ ├── dns-prefetch-control@0.1.0 
│ │ ├── dont-sniff-mimetype@1.0.0 
│ │ ├── expect-ct@0.1.1 
│ │ ├── feature-policy@0.2.0 
│ │ ├── frameguard@3.0.0 
│ │ ├── helmet-crossdomain@0.3.0 
│ │ ├─┬ helmet-csp@2.7.1 
│ │ │ ├── camelize@1.0.0 
│ │ │ ├── content-security-policy-builder@2.0.0 
│ │ │ ├── dasherize@2.0.0 
│ │ │ └── platform@1.3.5 
│ │ ├── hide-powered-by@1.0.0 
│ │ ├── hpkp@2.0.0 
│ │ ├── hsts@2.1.0 
│ │ ├── ienoopen@1.0.0 
│ │ ├── nocache@2.0.0 
│ │ ├── referrer-policy@1.1.0 
│ │ └── x-xss-protection@1.1.0 
│ ├─┬ node-localstorage@1.3.1 
│ │ └─┬ write-file-atomic@1.3.4 
│ │   ├── imurmurhash@0.1.4 
│ │   └── slide@1.1.6 
│ └─┬ portscanner@2.2.0 
│   └─┬ is-number-like@1.0.8 
│     └── lodash.isfinite@3.3.2 
└─┬ pm2@3.2.9 
  ├─┬ @pm2/agent@0.5.23 
  │ └─┬ ws@5.2.2 
  │   └── async-limiter@1.0.0 
  ├─┬ @pm2/io@2.4.7 
  │ ├─┬ @pm2/agent-node@1.1.5 
  │ │ ├─┬ debug@3.2.6 
  │ │ │ └── ms@2.1.1 
  │ │ ├─┬ proxy-agent@3.0.3 
  │ │ │ ├─┬ agent-base@4.2.1 
  │ │ │ │ └─┬ es6-promisify@5.0.0 
  │ │ │ │   └── es6-promise@4.2.5 
  │ │ │ ├─┬ debug@3.2.6 
  │ │ │ │ └── ms@2.1.1 
  │ │ │ ├─┬ http-proxy-agent@2.1.0 
  │ │ │ │ └── debug@3.1.0 
  │ │ │ ├─┬ https-proxy-agent@2.2.1 
  │ │ │ │ └─┬ debug@3.2.6 
  │ │ │ │   └── ms@2.1.1 
  │ │ │ ├─┬ lru-cache@4.1.5 
  │ │ │ │ ├── pseudomap@1.0.2 
  │ │ │ │ └── yallist@2.1.2 
  │ │ │ ├─┬ pac-proxy-agent@3.0.0 
  │ │ │ │ ├─┬ debug@3.2.6 
  │ │ │ │ │ └── ms@2.1.1 
  │ │ │ │ ├─┬ get-uri@2.0.3 
  │ │ │ │ │ ├─┬ data-uri-to-buffer@2.0.0 
  │ │ │ │ │ │ └── @types/node@8.10.39 
  │ │ │ │ │ ├─┬ debug@4.1.1 
  │ │ │ │ │ │ └── ms@2.1.1 
  │ │ │ │ │ ├── file-uri-to-path@1.0.0 
  │ │ │ │ │ ├─┬ ftp@0.3.10 
  │ │ │ │ │ │ ├─┬ readable-stream@1.1.14 
  │ │ │ │ │ │ │ ├── isarray@0.0.1 
  │ │ │ │ │ │ │ └── string_decoder@0.10.31 
  │ │ │ │ │ │ └── xregexp@2.0.0 
  │ │ │ │ │ └─┬ readable-stream@3.1.1 
  │ │ │ │ │   └── string_decoder@1.2.0 
  │ │ │ │ └─┬ pac-resolver@3.0.0 
  │ │ │ │   ├── co@4.6.0 
  │ │ │ │   ├─┬ degenerator@1.0.4 
  │ │ │ │   │ ├── ast-types@0.11.7 
  │ │ │ │   │ ├─┬ escodegen@1.11.0 
  │ │ │ │   │ │ ├── estraverse@4.2.0 
  │ │ │ │   │ │ ├── esutils@2.0.2 
  │ │ │ │   │ │ └─┬ optionator@0.8.2 
  │ │ │ │   │ │   ├── deep-is@0.1.3 
  │ │ │ │   │ │   ├── fast-levenshtein@2.0.6 
  │ │ │ │   │ │   ├── levn@0.3.0 
  │ │ │ │   │ │   ├── prelude-ls@1.1.2 
  │ │ │ │   │ │   ├── type-check@0.3.2 
  │ │ │ │   │ │   └── wordwrap@1.0.0 
  │ │ │ │   │ └── esprima@3.1.3 
  │ │ │ │   ├── ip@1.1.5 
  │ │ │ │   ├── netmask@1.0.6 
  │ │ │ │   └── thunkify@2.1.2 
  │ │ │ ├── proxy-from-env@1.0.0 
  │ │ │ └─┬ socks-proxy-agent@4.0.1 
  │ │ │   └─┬ socks@2.2.3 
  │ │ │     └── smart-buffer@4.0.2 
  │ │ └── ws@6.1.3 
  │ ├─┬ debug@3.1.0 
  │ │ └── ms@2.0.0 
  │ ├── deep-metrics@0.0.2 
  │ ├── deepmerge@2.1.1 
  │ ├── event-loop-inspector@1.2.2 
  │ ├── json-stringify-safe@5.0.1 
  │ ├── semver@5.5.0 
  │ ├── signal-exit@3.0.2 
  │ ├── tslib@1.9.3 
  │ └─┬ vxx@1.2.2 
  │   ├─┬ continuation-local-storage@3.2.1 
  │   │ ├── async-listener@0.6.10 
  │   │ └── emitter-listener@1.1.2 
  │   ├── extend@3.0.2 
  │   ├── is@3.3.0 
  │   ├── lodash.isequal@4.5.0 
  │   ├── lodash.merge@4.6.1 
  │   ├── shimmer@1.2.1 
  │   └── uuid@3.3.2 
  ├─┬ @pm2/js-api@0.5.48 
  │ ├─┬ axios@0.16.2 
  │ │ ├─┬ follow-redirects@1.6.1 
  │ │ │ └── debug@3.1.0 
  │ │ └── is-buffer@1.1.6 
  │ ├── debug@2.6.9 
  │ ├── eventemitter2@4.1.2 
  │ └─┬ ws@3.3.3 
  │   └── ultron@1.1.1 
  ├─┬ async@2.6.1 
  │ └── lodash@4.17.11 
  ├── blessed@0.1.81 
  ├─┬ chalk@2.4.2 
  │ ├─┬ ansi-styles@3.2.1 
  │ │ └─┬ color-convert@1.9.3 
  │ │   └── color-name@1.1.3 
  │ ├── escape-string-regexp@1.0.5 
  │ └─┬ supports-color@5.5.0 
  │   └── has-flag@3.0.0 
  ├─┬ chokidar@2.0.4 
  │ ├─┬ anymatch@2.0.0 
  │ │ └─┬ micromatch@3.1.10 
  │ │   ├── arr-diff@4.0.0 
  │ │   ├─┬ define-property@2.0.2 
  │ │   │ └─┬ is-descriptor@1.0.2 
  │ │   │   ├── is-accessor-descriptor@1.0.0 
  │ │   │   └── is-data-descriptor@1.0.0 
  │ │   ├─┬ extend-shallow@3.0.2 
  │ │   │ ├── assign-symbols@1.0.0 
  │ │   │ └─┬ is-extendable@1.0.1 
  │ │   │   └── is-plain-object@2.0.4 
  │ │   ├─┬ extglob@2.0.4 
  │ │   │ ├─┬ define-property@1.0.0 
  │ │   │ │ └─┬ is-descriptor@1.0.2 
  │ │   │ │   ├── is-accessor-descriptor@1.0.0 
  │ │   │ │   └── is-data-descriptor@1.0.0 
  │ │   │ ├─┬ expand-brackets@2.1.4 
  │ │   │ │ ├── define-property@0.2.5 
  │ │   │ │ ├── extend-shallow@2.0.1 
  │ │   │ │ └── posix-character-classes@0.1.1 
  │ │   │ └── extend-shallow@2.0.1 
  │ │   ├── fragment-cache@0.2.1 
  │ │   ├── kind-of@6.0.2 
  │ │   ├─┬ nanomatch@1.2.13 
  │ │   │ └── is-windows@1.0.2 
  │ │   ├── object.pick@1.3.0 
  │ │   └── regex-not@1.0.2 
  │ ├── async-each@1.0.1 
  │ ├─┬ braces@2.3.2 
  │ │ ├── arr-flatten@1.1.0 
  │ │ ├── array-unique@0.3.2 
  │ │ ├─┬ extend-shallow@2.0.1 
  │ │ │ └── is-extendable@0.1.1 
  │ │ ├─┬ fill-range@4.0.0 
  │ │ │ ├── extend-shallow@2.0.1 
  │ │ │ ├─┬ is-number@3.0.0 
  │ │ │ │ └── kind-of@3.2.2 
  │ │ │ ├── repeat-string@1.6.1 
  │ │ │ └── to-regex-range@2.1.1 
  │ │ ├── isobject@3.0.1 
  │ │ ├── repeat-element@1.1.3 
  │ │ ├─┬ snapdragon@0.8.2 
  │ │ │ ├─┬ base@0.11.2 
  │ │ │ │ ├─┬ cache-base@1.0.1 
  │ │ │ │ │ ├─┬ collection-visit@1.0.0 
  │ │ │ │ │ │ ├── map-visit@1.0.0 
  │ │ │ │ │ │ └── object-visit@1.0.1 
  │ │ │ │ │ ├── get-value@2.0.6 
  │ │ │ │ │ ├─┬ has-value@1.0.0 
  │ │ │ │ │ │ └─┬ has-values@1.0.0 
  │ │ │ │ │ │   └── kind-of@4.0.0 
  │ │ │ │ │ ├─┬ set-value@2.0.0 
  │ │ │ │ │ │ └── extend-shallow@2.0.1 
  │ │ │ │ │ ├─┬ to-object-path@0.3.0 
  │ │ │ │ │ │ └── kind-of@3.2.2 
  │ │ │ │ │ ├─┬ union-value@1.0.0 
  │ │ │ │ │ │ └─┬ set-value@0.4.3 
  │ │ │ │ │ │   └── extend-shallow@2.0.1 
  │ │ │ │ │ └─┬ unset-value@1.0.0 
  │ │ │ │ │   └─┬ has-value@0.3.1 
  │ │ │ │ │     ├── has-values@0.1.4 
  │ │ │ │ │     └─┬ isobject@2.1.0 
  │ │ │ │ │       └── isarray@1.0.0 
  │ │ │ │ ├─┬ class-utils@0.3.6 
  │ │ │ │ │ ├── arr-union@3.1.0 
  │ │ │ │ │ ├── define-property@0.2.5 
  │ │ │ │ │ └─┬ static-extend@0.1.2 
  │ │ │ │ │   ├── define-property@0.2.5 
  │ │ │ │ │   └─┬ object-copy@0.1.0 
  │ │ │ │ │     ├── copy-descriptor@0.1.1 
  │ │ │ │ │     ├── define-property@0.2.5 
  │ │ │ │ │     └── kind-of@3.2.2 
  │ │ │ │ ├── component-emitter@1.2.1 
  │ │ │ │ ├─┬ define-property@1.0.0 
  │ │ │ │ │ └─┬ is-descriptor@1.0.2 
  │ │ │ │ │   ├── is-accessor-descriptor@1.0.0 
  │ │ │ │ │   └── is-data-descriptor@1.0.0 
  │ │ │ │ ├─┬ mixin-deep@1.3.1 
  │ │ │ │ │ ├── for-in@1.0.2 
  │ │ │ │ │ └── is-extendable@1.0.1 
  │ │ │ │ └── pascalcase@0.1.1 
  │ │ │ ├─┬ define-property@0.2.5 
  │ │ │ │ └─┬ is-descriptor@0.1.6 
  │ │ │ │   ├─┬ is-accessor-descriptor@0.1.6 
  │ │ │ │   │ └── kind-of@3.2.2 
  │ │ │ │   ├─┬ is-data-descriptor@0.1.4 
  │ │ │ │   │ └── kind-of@3.2.2 
  │ │ │ │   └── kind-of@5.1.0 
  │ │ │ ├── extend-shallow@2.0.1 
  │ │ │ ├── map-cache@0.2.2 
  │ │ │ ├── source-map@0.5.7 
  │ │ │ ├─┬ source-map-resolve@0.5.2 
  │ │ │ │ ├── atob@2.1.2 
  │ │ │ │ ├── decode-uri-component@0.2.0 
  │ │ │ │ ├── resolve-url@0.2.1 
  │ │ │ │ ├── source-map-url@0.4.0 
  │ │ │ │ └── urix@0.1.0 
  │ │ │ └── use@3.1.1 
  │ │ ├─┬ snapdragon-node@2.1.1 
  │ │ │ ├─┬ define-property@1.0.0 
  │ │ │ │ └─┬ is-descriptor@1.0.2 
  │ │ │ │   ├── is-accessor-descriptor@1.0.0 
  │ │ │ │   └── is-data-descriptor@1.0.0 
  │ │ │ └─┬ snapdragon-util@3.0.1 
  │ │ │   └── kind-of@3.2.2 
  │ │ ├── split-string@3.1.0 
  │ │ └─┬ to-regex@3.0.2 
  │ │   └─┬ safe-regex@1.1.0 
  │ │     └── ret@0.1.15 
  │ ├─┬ glob-parent@3.1.0 
  │ │ ├── is-glob@3.1.0 
  │ │ └── path-dirname@1.0.2 
  │ ├── inherits@2.0.3 
  │ ├─┬ is-binary-path@1.0.1 
  │ │ └── binary-extensions@1.12.0 
  │ ├─┬ is-glob@4.0.0 
  │ │ └── is-extglob@2.1.1 
  │ ├── lodash.debounce@4.0.8 
  │ ├─┬ normalize-path@2.1.1 
  │ │ └── remove-trailing-separator@1.1.0 
  │ ├── path-is-absolute@1.0.1 
  │ ├─┬ readdirp@2.2.1 
  │ │ ├── graceful-fs@4.1.15 
  │ │ └─┬ readable-stream@2.3.6 
  │ │   ├── core-util-is@1.0.2 
  │ │   ├── isarray@1.0.0 
  │ │   ├── process-nextick-args@2.0.0 
  │ │   ├── string_decoder@1.1.1 
  │ │   └── util-deprecate@1.0.2 
  │ └── upath@1.1.0 
  ├─┬ cli-table-redemption@1.0.1 
  │ └─┬ chalk@1.1.3 
  │   ├── ansi-styles@2.2.1 
  │   ├─┬ has-ansi@2.0.0 
  │   │ └── ansi-regex@2.1.1 
  │   ├── strip-ansi@3.0.1 
  │   └── supports-color@2.0.0 
  ├── commander@2.15.1 
  ├─┬ cron@1.6.0 
  │ └── moment-timezone@0.5.23 
  ├── date-fns@1.30.1 
  ├─┬ debug@3.2.6 
  │ └── ms@2.1.1 
  ├── eventemitter2@5.0.1 
  ├── fclone@1.0.11 
  ├── gkt@1.0.0 
  ├─┬ mkdirp@0.5.1 
  │ └── minimist@0.0.8 
  ├── moment@2.24.0 
  ├─┬ needle@2.2.4 
  │ ├─┬ iconv-lite@0.4.23 
  │ │ └── safer-buffer@2.1.2 
  │ └── sax@1.2.4 
  ├─┬ nssocket@0.6.0 
  │ ├── eventemitter2@0.4.14 
  │ └── lazy@1.0.11 
  ├─┬ pidusage@2.0.17 
  │ └── safe-buffer@5.1.2 
  ├─┬ pm2-axon@3.3.0 
  │ ├── amp@0.3.1 
npm WARN optional SKIPPING OPTIONAL DEPENDENCY: fsevents@^1.2.2 (node_modules/chokidar/node_modules/fsevents):
npm WARN notsup SKIPPING OPTIONAL DEPENDENCY: Unsupported platform for fsevents@1.2.7: wanted {"os":"darwin","arch":"any"} (current: {"os":"linux","arch":"x64"})
npm WARN enoent ENOENT: no such file or directory, open '/home/travis/cg/package.json'
npm WARN cg No description
npm WARN cg No repository field.
npm WARN cg No README data
npm WARN cg No license field.
  │ ├── amp-message@0.1.2 
  │ ├─┬ debug@3.2.6 
  │ │ └── ms@2.1.1 
  │ └── escape-regexp@0.0.1 
  ├─┬ pm2-axon-rpc@0.5.1 
  │ └─┬ debug@3.2.6 
  │   └── ms@2.1.1 
  ├─┬ pm2-deploy@0.4.0 
  │ └── tv4@1.3.0 
  ├─┬ pm2-multimeter@0.1.2 
  │ └── charm@0.1.2 
  ├─┬ promptly@2.2.0 
  │ └─┬ read@1.0.7 
  │   └── mute-stream@0.0.8 
  ├── semver@5.6.0 
  ├─┬ shelljs@0.8.3 
  │ ├─┬ glob@7.1.3 
  │ │ ├── fs.realpath@1.0.0 
  │ │ ├─┬ inflight@1.0.6 
  │ │ │ └── wrappy@1.0.2 
  │ │ ├─┬ minimatch@3.0.4 
  │ │ │ └─┬ brace-expansion@1.1.11 
  │ │ │   ├── balanced-match@1.0.0 
  │ │ │   └── concat-map@0.0.1 
  │ │ └── once@1.4.0 
  │ ├── interpret@1.2.0 
  │ └─┬ rechoir@0.6.2 
  │   └─┬ resolve@1.10.0 
  │     └── path-parse@1.0.6 
  ├─┬ source-map-support@0.5.10 
  │ ├── buffer-from@1.1.1 
  │ └── source-map@0.6.1 
  ├── sprintf-js@1.1.1 
  ├── v8-compile-cache@2.0.2 
  ├─┬ vizion@2.0.2 
  │ ├── git-node-fs@1.0.0 
  │ ├── ini@1.3.5 
  │ ├─┬ js-git@0.7.8 
  │ │ ├── bodec@0.1.0 
  │ │ ├── culvert@0.1.2 
  │ │ ├── git-sha1@0.1.2 
  │ │ └── pako@0.2.9 
  │ ├── lodash.findindex@4.6.0 
  │ ├── lodash.foreach@4.5.0 
  │ ├── lodash.get@4.4.2 
  │ └── lodash.last@3.0.0 
  └─┬ yamljs@0.3.0 
    └─┬ argparse@1.0.10 
      └── sprintf-js@1.0.3 

### accessorInvokeSSH: Running npm update @terraswarm/accessors pm2 
### accessorInvokeSSH: Creating cg/top/invoke.js
### accessorInvokeSSH: Copying the accessor to cg/top
### accessorInvokeSSH: Creating the runit.sh command in cg/top
### accessorInvokeSSH: Invoking cg/top/runit.sh   on localhost
Running top.js *once* for 15000 ms.
commonHost.js: processCommandLineArguments(): Setting timeout to stop after 15000 ms.
commonHost.js: processCommandLineArguments(): Maximum time reached. Calling stopAllAccessors().
commonHost.js: invoking wrapup() for accessor: top
All initialized accessors have wrapped up. Terminating.
### accessorInvokeSSH: ssh cg/top/runit.sh returned.
All Done
02/02/19 03:24:50
Failed: 0  Total Tests: 2  ((Passed: 2, Newly Passed: 0)  Known Failed: 0) /home/travis/build/icyphy/ptII/ptolemy/cg/kernel/generic/accessor/test
No auto/knownFailedTests/*.xml tests in /home/travis/build/icyphy/ptII/ptolemy/cg/kernel/generic/accessor/test
No auto/linux-amd64/*.xml tests in /home/travis/build/icyphy/ptII/ptolemy/cg/kernel/generic/accessor/test
AutoTests.java: About to close Vertx.
AutoTests.java: Vertx closed.

===========================================================================================
----------------- testing Sat Feb 02 03:24:50 UTC 2019 /home/travis/build/icyphy/ptII/ptolemy/cg/kernel/generic/accessor/test/auto/AccessorStatusTest.xml
----------------- Instantiating /home/travis/build/icyphy/ptII/ptolemy/cg/kernel/generic/accessor/test/auto/AccessorStatusTest.xml
JSAccessor: PT_NO_NET environment variable is set, so git pull and ptdoc are not being run.
TextDisplayHelper: [ { utilization: 0,
    startMonitoringTime: 1549077907269,
    initialize: { count: 0, utilization: 0, latestStart: 0, latestEnd: 0 },
    react: { count: 0, utilization: 0, latestStart: 0, latestEnd: 0 },
    wrapup: { count: 0, utilization: 0, latestStart: 0, latestEnd: 0 },
    accessorName: 'monitor',
    currentMonitoringTime: 1549077908287,
    containedAccessors: [] },
  { utilization: 0.002,
    startMonitoringTime: 1549077907293,
    initialize: { count: 0, utilization: 0, latestStart: 0, latestEnd: 0 },
    react: 
     { count: 1,
       utilization: 0.002,
       latestStart: 1549077908261,
       latestEnd: 1549077908263 },
    wrapup: { count: 0, utilization: 0, latestStart: 0, latestEnd: 0 },
    accessorName: 'TestSpontaneous2',
    currentMonitoringTime: 1549077908293,
    containedAccessors: [] },
  { utilization: 0,
    startMonitoringTime: 1549077907305,
    initialize: { count: 0, utilization: 0, latestStart: 0, latestEnd: 0 },
    react: { count: 0, utilization: 0, latestStart: 0, latestEnd: 0 },
    wrapup: { count: 0, utilization: 0, latestStart: 0, latestEnd: 0 },
    accessorName: 'TextDisplay',
    currentMonitoringTime: 1549077908299,
    containedAccessors: [] },
  { utilization: 0.0010162601626016261,
    startMonitoringTime: 1549077907321,
    initialize: { count: 0, utilization: 0, latestStart: 0, latestEnd: 0 },
    react: 
     { count: 1,
       utilization: 0.0010162601626016261,
       latestStart: 1549077908279,
       latestEnd: 1549077908280 },
    wrapup: { count: 0, utilization: 0, latestStart: 0, latestEnd: 0 },
    accessorName: 'TestSpontaneous',
    currentMonitoringTime: 1549077908305,
    containedAccessors: [] },
  { utilization: 0,
    startMonitoringTime: 1549077907393,
    initialize: { count: 0, utilization: 0, latestStart: 0, latestEnd: 0 },
    react: { count: 0, utilization: 0, latestStart: 0, latestEnd: 0 },
    wrapup: { count: 0, utilization: 0, latestStart: 0, latestEnd: 0 },
    accessorName: 'JavaScriptRamp',
    currentMonitoringTime: 1549077908311,
    containedAccessors: [] },
  { utilization: 0.002190580503833516,
    startMonitoringTime: 1549077907404,
    initialize: { count: 0, utilization: 0, latestStart: 0, latestEnd: 0 },
    react: 
     { count: 1,
       utilization: 0.002190580503833516,
       latestStart: 1549077907429,
       latestEnd: 1549077907431 },
    wrapup: { count: 0, utilization: 0, latestStart: 0, latestEnd: 0 },
    accessorName: 'AccessorStatus',
    currentMonitoringTime: 1549077908317,
    containedAccessors: [] },
  { utilization: 0,
    startMonitoringTime: 1549077907414,
    initialize: { count: 0, utilization: 0, latestStart: 0, latestEnd: 0 },
    react: { count: 0, utilization: 0, latestStart: 0, latestEnd: 0 },
    wrapup: { count: 0, utilization: 0, latestStart: 0, latestEnd: 0 },
    accessorName: 'status',
    currentMonitoringTime: 1549077908322,
    containedAccessors: [] } ]
TextDisplayHelper: [ { accessorClass: 'https://accessors.org/utilities/TextDisplay.js',
    accessorName: 'monitor',
    initialized: true },
  { accessorClass: 'https://accessors.org/test/TestSpontaneous.js',
    accessorName: 'TestSpontaneous2',
    initialized: true },
  { accessorClass: 'https://accessors.org/utilities/TextDisplay.js',
    accessorName: 'TextDisplay',
    initialized: true },
  { accessorClass: 'https://accessors.org/test/TestSpontaneous.js',
    accessorName: 'TestSpontaneous',
    initialized: true },
  { accessorClass: 'JavaScript',
    accessorName: 'JavaScriptRamp',
    initialized: true },
  { accessorClass: 'https://accessors.org/trusted/AccessorStatus.js',
    accessorName: 'AccessorStatus',
    initialized: true },
  { accessorClass: 'https://accessors.org/utilities/TextDisplay.js',
    accessorName: 'status',
    initialized: true } ]
TextDisplayHelper: 1
TextDisplayHelper: [ { utilization: 0.1251908396946565,
    startMonitoringTime: 1549077907269,
    initialize: { count: 0, utilization: 0, latestStart: 0, latestEnd: 0 },
    react: 
     { count: 1,
       utilization: 0.1251908396946565,
       latestStart: 1549077908442,
       latestEnd: 1549077908688 },
    wrapup: { count: 0, utilization: 0, latestStart: 0, latestEnd: 0 },
    accessorName: 'monitor',
    currentMonitoringTime: 1549077909234,
    containedAccessors: [] },
  { utilization: 0.0015139031925849639,
    startMonitoringTime: 1549077907293,
    initialize: { count: 0, utilization: 0, latestStart: 0, latestEnd: 0 },
    react: 
     { count: 2,
       utilization: 0.0015139031925849639,
       latestStart: 1549077909232,
       latestEnd: 1549077909233 },
    wrapup: { count: 0, utilization: 0, latestStart: 0, latestEnd: 0 },
    accessorName: 'TestSpontaneous2',
    currentMonitoringTime: 1549077909235,
    containedAccessors: [] },
  { utilization: 0.023316062176165803,
    startMonitoringTime: 1549077907305,
    initialize: { count: 0, utilization: 0, latestStart: 0, latestEnd: 0 },
    react: 
     { count: 1,
       utilization: 0.023316062176165803,
       latestStart: 1549077908837,
       latestEnd: 1549077908882 },
    wrapup: { count: 0, utilization: 0, latestStart: 0, latestEnd: 0 },
    accessorName: 'TextDisplay',
    currentMonitoringTime: 1549077909235,
    containedAccessors: [] },
  { utilization: 0.0005094581787427911,
    startMonitoringTime: 1549077907321,
    initialize: { count: 0, utilization: 0, latestStart: 0, latestEnd: 0 },
    react: 
     { count: 2,
       utilization: 0.0005094581787427911,
       latestStart: 1549077909234,
       latestEnd: 1549077909234 },
    wrapup: { count: 0, utilization: 0, latestStart: 0, latestEnd: 0 },
    accessorName: 'TestSpontaneous',
    currentMonitoringTime: 1549077909236,
    containedAccessors: [] },
  { utilization: 0.008676789587852495,
    startMonitoringTime: 1549077907393,
    initialize: { count: 0, utilization: 0, latestStart: 0, latestEnd: 0 },
    react: 
     { count: 1,
       utilization: 0.008676789587852495,
       latestStart: 1549077908408,
       latestEnd: 1549077908424 },
    wrapup: { count: 0, utilization: 0, latestStart: 0, latestEnd: 0 },
    accessorName: 'JavaScriptRamp',
    currentMonitoringTime: 1549077909237,
    containedAccessors: [] },
  { utilization: 0.020763309150902076,
    startMonitoringTime: 1549077907404,
    initialize: { count: 0, utilization: 0, latestStart: 0, latestEnd: 0 },
    react: 
     { count: 2,
       utilization: 0.020763309150902076,
       latestStart: 1549077908360,
       latestEnd: 1549077908398 },
    wrapup: { count: 0, utilization: 0, latestStart: 0, latestEnd: 0 },
    accessorName: 'AccessorStatus',
    currentMonitoringTime: 1549077909237,
    containedAccessors: [] },
  { utilization: 0.052660449808008776,
    startMonitoringTime: 1549077907414,
    initialize: { count: 0, utilization: 0, latestStart: 0, latestEnd: 0 },
    react: 
     { count: 1,
       utilization: 0.052660449808008776,
       latestStart: 1549077908727,
       latestEnd: 1549077908823 },
    wrapup: { count: 0, utilization: 0, latestStart: 0, latestEnd: 0 },
    accessorName: 'status',
    currentMonitoringTime: 1549077909237,
    containedAccessors: [] } ]
TextDisplayHelper: [ { accessorClass: 'https://accessors.org/utilities/TextDisplay.js',
    accessorName: 'monitor',
    initialized: true },
  { accessorClass: 'https://accessors.org/test/TestSpontaneous.js',
    accessorName: 'TestSpontaneous2',
    initialized: true },
  { accessorClass: 'https://accessors.org/utilities/TextDisplay.js',
    accessorName: 'TextDisplay',
    initialized: true },
  { accessorClass: 'https://accessors.org/test/TestSpontaneous.js',
    accessorName: 'TestSpontaneous',
    initialized: true },
  { accessorClass: 'JavaScript',
    accessorName: 'JavaScriptRamp',
    initialized: true },
  { accessorClass: 'https://accessors.org/trusted/AccessorStatus.js',
    accessorName: 'AccessorStatus',
    initialized: true },
  { accessorClass: 'https://accessors.org/utilities/TextDisplay.js',
    accessorName: 'status',
    initialized: true } ]
TextDisplayHelper: 2
TextDisplayHelper: [ { utilization: 0.08349487576760539,
    startMonitoringTime: 1549077907269,
    initialize: { count: 0, utilization: 0, latestStart: 0, latestEnd: 0 },
    react: 
     { count: 2,
       utilization: 0.08349487576760539,
       latestStart: 1549077909253,
       latestEnd: 1549077909323 },
    wrapup: { count: 0, utilization: 0, latestStart: 0, latestEnd: 0 },
    accessorName: 'monitor',
    currentMonitoringTime: 1549077910235,
    containedAccessors: [] },
  { utilization: 0.0009989701338825952,
    startMonitoringTime: 1549077907293,
    initialize: { count: 0, utilization: 0, latestStart: 0, latestEnd: 0 },
    react: 
     { count: 3,
       utilization: 0.0009989701338825952,
       latestStart: 1549077910233,
       latestEnd: 1549077910233 },
    wrapup: { count: 0, utilization: 0, latestStart: 0, latestEnd: 0 },
    accessorName: 'TestSpontaneous2',
    currentMonitoringTime: 1549077910235,
    containedAccessors: [] },
  { utilization: 0.01323188738969743,
    startMonitoringTime: 1549077907305,
    initialize: { count: 0, utilization: 0, latestStart: 0, latestEnd: 0 },
    react: 
     { count: 2,
       utilization: 0.01323188738969743,
       latestStart: 1549077909352,
       latestEnd: 1549077909354 },
    wrapup: { count: 0, utilization: 0, latestStart: 0, latestEnd: 0 },
    accessorName: 'TextDisplay',
    currentMonitoringTime: 1549077910235,
    containedAccessors: [] },
  { utilization: 0.0003345669399021488,
    startMonitoringTime: 1549077907321,
    initialize: { count: 0, utilization: 0, latestStart: 0, latestEnd: 0 },
    react: 
     { count: 3,
       utilization: 0.0003345669399021488,
       latestStart: 1549077910234,
       latestEnd: 1549077910234 },
    wrapup: { count: 0, utilization: 0, latestStart: 0, latestEnd: 0 },
    accessorName: 'TestSpontaneous',
    currentMonitoringTime: 1549077910235,
    containedAccessors: [] },
  { utilization: 0.003499567229090754,
    startMonitoringTime: 1549077907393,
    initialize: { count: 0, utilization: 0, latestStart: 0, latestEnd: 0 },
    react: 
     { count: 2,
       utilization: 0.003499567229090754,
       latestStart: 1549077909251,
       latestEnd: 1549077909252 },
    wrapup: { count: 0, utilization: 0, latestStart: 0, latestEnd: 0 },
    accessorName: 'JavaScriptRamp',
    currentMonitoringTime: 1549077910235,
    containedAccessors: [] },
  { utilization: 0.008700116276834981,
    startMonitoringTime: 1549077907404,
    initialize: { count: 0, utilization: 0, latestStart: 0, latestEnd: 0 },
    react: 
     { count: 3,
       utilization: 0.008700116276834981,
       latestStart: 1549077909247,
       latestEnd: 1549077909251 },
    wrapup: { count: 0, utilization: 0, latestStart: 0, latestEnd: 0 },
    accessorName: 'AccessorStatus',
    currentMonitoringTime: 1549077910236,
    containedAccessors: [] },
  { utilization: 0.0347975101982581,
    startMonitoringTime: 1549077907414,
    initialize: { count: 0, utilization: 0, latestStart: 0, latestEnd: 0 },
    react: 
     { count: 2,
       utilization: 0.0347975101982581,
       latestStart: 1549077909327,
       latestEnd: 1549077909351 },
    wrapup: { count: 0, utilization: 0, latestStart: 0, latestEnd: 0 },
    accessorName: 'status',
    currentMonitoringTime: 1549077910236,
    containedAccessors: [] } ]
TextDisplayHelper: [ { accessorClass: 'https://accessors.org/utilities/TextDisplay.js',
    accessorName: 'monitor',
    initialized: true },
  { accessorClass: 'https://accessors.org/test/TestSpontaneous.js',
    accessorName: 'TestSpontaneous2',
    initialized: true },
  { accessorClass: 'https://accessors.org/utilities/TextDisplay.js',
    accessorName: 'TextDisplay',
    initialized: true },
  { accessorClass: 'https://accessors.org/test/TestSpontaneous.js',
    accessorName: 'TestSpontaneous',
    initialized: true },
  { accessorClass: 'JavaScript',
    accessorName: 'JavaScriptRamp',
    initialized: true },
  { accessorClass: 'https://accessors.org/trusted/AccessorStatus.js',
    accessorName: 'AccessorStatus',
    initialized: true },
  { accessorClass: 'https://accessors.org/utilities/TextDisplay.js',
    accessorName: 'status',
    initialized: true } ]
TextDisplayHelper: 3
TextDisplayHelper: [ { utilization: 0.05764340939118605,
    startMonitoringTime: 1549077907269,
    initialize: { count: 0, utilization: 0, latestStart: 0, latestEnd: 0 },
    react: 
     { count: 3,
       utilization: 0.05764340939118605,
       latestStart: 1549077910251,
       latestEnd: 1549077910308 },
    wrapup: { count: 0, utilization: 0, latestStart: 0, latestEnd: 0 },
    accessorName: 'monitor',
    currentMonitoringTime: 1549077911233,
    containedAccessors: [] },
  { utilization: 0.0007456136566678928,
    startMonitoringTime: 1549077907293,
    initialize: { count: 0, utilization: 0, latestStart: 0, latestEnd: 0 },
    react: 
     { count: 4,
       utilization: 0.0007456136566678928,
       latestStart: 1549077911232,
       latestEnd: 1549077911232 },
    wrapup: { count: 0, utilization: 0, latestStart: 0, latestEnd: 0 },
    accessorName: 'TestSpontaneous2',
    currentMonitoringTime: 1549077911234,
    containedAccessors: [] },
  { utilization: 0.007409553897045058,
    startMonitoringTime: 1549077907305,
    initialize: { count: 0, utilization: 0, latestStart: 0, latestEnd: 0 },
    react: 
     { count: 3,
       utilization: 0.007409553897045058,
       latestStart: 1549077910328,
       latestEnd: 1549077910330 },
    wrapup: { count: 0, utilization: 0, latestStart: 0, latestEnd: 0 },
    accessorName: 'TextDisplay',
    currentMonitoringTime: 1549077911234,
    containedAccessors: [] },
  { utilization: 0.0002491292167522903,
    startMonitoringTime: 1549077907321,
    initialize: { count: 0, utilization: 0, latestStart: 0, latestEnd: 0 },
    react: 
     { count: 4,
       utilization: 0.0002491292167522903,
       latestStart: 1549077911233,
       latestEnd: 1549077911233 },
    wrapup: { count: 0, utilization: 0, latestStart: 0, latestEnd: 0 },
    accessorName: 'TestSpontaneous',
    currentMonitoringTime: 1549077911234,
    containedAccessors: [] },
  { utilization: 0.0019540993175943015,
    startMonitoringTime: 1549077907393,
    initialize: { count: 0, utilization: 0, latestStart: 0, latestEnd: 0 },
    react: 
     { count: 3,
       utilization: 0.0019540993175943015,
       latestStart: 1549077910250,
       latestEnd: 1549077910251 },
    wrapup: { count: 0, utilization: 0, latestStart: 0, latestEnd: 0 },
    accessorName: 'JavaScriptRamp',
    currentMonitoringTime: 1549077911234,
    containedAccessors: [] },
  { utilization: 0.00497888113924653,
    startMonitoringTime: 1549077907404,
    initialize: { count: 0, utilization: 0, latestStart: 0, latestEnd: 0 },
    react: 
     { count: 4,
       utilization: 0.00497888113924653,
       latestStart: 1549077910246,
       latestEnd: 1549077910249 },
    wrapup: { count: 0, utilization: 0, latestStart: 0, latestEnd: 0 },
    accessorName: 'AccessorStatus',
    currentMonitoringTime: 1549077911234,
    containedAccessors: [] },
  { utilization: 0.02261852807697014,
    startMonitoringTime: 1549077907414,
    initialize: { count: 0, utilization: 0, latestStart: 0, latestEnd: 0 },
    react: 
     { count: 3,
       utilization: 0.02261852807697014,
       latestStart: 1549077910309,
       latestEnd: 1549077910328 },
    wrapup: { count: 0, utilization: 0, latestStart: 0, latestEnd: 0 },
    accessorName: 'status',
    currentMonitoringTime: 1549077911234,
    containedAccessors: [] } ]
TextDisplayHelper: [ { accessorClass: 'https://accessors.org/utilities/TextDisplay.js',
    accessorName: 'monitor',
    initialized: true },
  { accessorClass: 'https://accessors.org/test/TestSpontaneous.js',
    accessorName: 'TestSpontaneous2',
    initialized: true },
  { accessorClass: 'https://accessors.org/utilities/TextDisplay.js',
    accessorName: 'TextDisplay',
    initialized: true },
  { accessorClass: 'https://accessors.org/test/TestSpontaneous.js',
    accessorName: 'TestSpontaneous',
    initialized: true },
  { accessorClass: 'JavaScript',
    accessorName: 'JavaScriptRamp',
    initialized: true },
  { accessorClass: 'https://accessors.org/trusted/AccessorStatus.js',
    accessorName: 'AccessorStatus',
    initialized: true },
  { accessorClass: 'https://accessors.org/utilities/TextDisplay.js',
    accessorName: 'status',
    initialized: true } ]
TextDisplayHelper: 4
TextDisplayHelper: [ { utilization: 0.0427348078831449,
    startMonitoringTime: 1549077907269,
    initialize: { count: 0, utilization: 0, latestStart: 0, latestEnd: 0 },
    react: 
     { count: 4,
       utilization: 0.0427348078831449,
       latestStart: 1549077911243,
       latestEnd: 1549077911280 },
    wrapup: { count: 0, utilization: 0, latestStart: 0, latestEnd: 0 },
    accessorName: 'monitor',
    currentMonitoringTime: 1549077912234,
    containedAccessors: [] },
  { utilization: 0.0005946491584561307,
    startMonitoringTime: 1549077907293,
    initialize: { count: 0, utilization: 0, latestStart: 0, latestEnd: 0 },
    react: 
     { count: 5,
       utilization: 0.0005946491584561307,
       latestStart: 1549077912232,
       latestEnd: 1549077912232 },
    wrapup: { count: 0, utilization: 0, latestStart: 0, latestEnd: 0 },
    accessorName: 'TestSpontaneous2',
    currentMonitoringTime: 1549077912234,
    containedAccessors: [] },
  { utilization: 0.004952109642710203,
    startMonitoringTime: 1549077907305,
    initialize: { count: 0, utilization: 0, latestStart: 0, latestEnd: 0 },
    react: 
     { count: 4,
       utilization: 0.004952109642710203,
       latestStart: 1549077911301,
       latestEnd: 1549077911303 },
    wrapup: { count: 0, utilization: 0, latestStart: 0, latestEnd: 0 },
    accessorName: 'TextDisplay',
    currentMonitoringTime: 1549077912235,
    containedAccessors: [] },
  { utilization: 0.00019837034315794007,
    startMonitoringTime: 1549077907321,
    initialize: { count: 0, utilization: 0, latestStart: 0, latestEnd: 0 },
    react: 
     { count: 5,
       utilization: 0.00019837034315794007,
       latestStart: 1549077912234,
       latestEnd: 1549077912234 },
    wrapup: { count: 0, utilization: 0, latestStart: 0, latestEnd: 0 },
    accessorName: 'TestSpontaneous',
    currentMonitoringTime: 1549077912235,
    containedAccessors: [] },
  { utilization: 0.0013599371849823448,
    startMonitoringTime: 1549077907393,
    initialize: { count: 0, utilization: 0, latestStart: 0, latestEnd: 0 },
    react: 
     { count: 4,
       utilization: 0.0013599371849823448,
       latestStart: 1549077911242,
       latestEnd: 1549077911243 },
    wrapup: { count: 0, utilization: 0, latestStart: 0, latestEnd: 0 },
    accessorName: 'JavaScriptRamp',
    currentMonitoringTime: 1549077912235,
    containedAccessors: [] },
  { utilization: 0.0035530773838038454,
    startMonitoringTime: 1549077907404,
    initialize: { count: 0, utilization: 0, latestStart: 0, latestEnd: 0 },
    react: 
     { count: 5,
       utilization: 0.0035530773838038454,
       latestStart: 1549077911238,
       latestEnd: 1549077911241 },
    wrapup: { count: 0, utilization: 0, latestStart: 0, latestEnd: 0 },
    accessorName: 'AccessorStatus',
    currentMonitoringTime: 1549077912235,
    containedAccessors: [] },
  { utilization: 0.01761260958645322,
    startMonitoringTime: 1549077907414,
    initialize: { count: 0, utilization: 0, latestStart: 0, latestEnd: 0 },
    react: 
     { count: 4,
       utilization: 0.01761260958645322,
       latestStart: 1549077911281,
       latestEnd: 1549077911300 },
    wrapup: { count: 0, utilization: 0, latestStart: 0, latestEnd: 0 },
    accessorName: 'status',
    currentMonitoringTime: 1549077912235,
    containedAccessors: [] } ]
TextDisplayHelper: [ { accessorClass: 'https://accessors.org/utilities/TextDisplay.js',
    accessorName: 'monitor',
    initialized: true },
  { accessorClass: 'https://accessors.org/test/TestSpontaneous.js',
    accessorName: 'TestSpontaneous2',
    initialized: true },
  { accessorClass: 'https://accessors.org/utilities/TextDisplay.js',
    accessorName: 'TextDisplay',
    initialized: true },
  { accessorClass: 'https://accessors.org/test/TestSpontaneous.js',
    accessorName: 'TestSpontaneous',
    initialized: true },
  { accessorClass: 'JavaScript',
    accessorName: 'JavaScriptRamp',
    initialized: true },
  { accessorClass: 'https://accessors.org/trusted/AccessorStatus.js',
    accessorName: 'AccessorStatus',
    initialized: true },
  { accessorClass: 'https://accessors.org/utilities/TextDisplay.js',
    accessorName: 'status',
    initialized: true } ]
TextDisplayHelper: 5
AccessorStatus: *** Final monitoring information: (Thread[AccessorStatusTest,1,main])
AccessorStatus: { utilization: 0.041405324448205494,
  startMonitoringTime: 1549077907269,
  initialize: { count: 0, utilization: 0, latestStart: 0, latestEnd: 0 },
  react: 
   { count: 5,
     utilization: 0.040625597352688926,
     latestStart: 1549077912244,
     latestEnd: 1549077912281 },
  wrapup: 
   { count: 2,
     utilization: 0.0007797270955165692,
     latestStart: 1549077912300,
     latestEnd: 1549077912304 },
  accessorName: 'monitor',
  currentMonitoringTime: 1549077912399,
  containedAccessors: [] } (Thread[AccessorStatusTest,1,main])
AccessorStatus: { utilization: 0.0013551054322203894,
  startMonitoringTime: 1549077907293,
  initialize: { count: 0, utilization: 0, latestStart: 0, latestEnd: 0 },
  react: 
   { count: 5,
     utilization: 0.0005946491584561307,
     latestStart: 1549077912232,
     latestEnd: 1549077912232 },
  wrapup: 
   { count: 2,
     utilization: 0.0007604562737642585,
     latestStart: 1549077912311,
     latestEnd: 1549077912315 },
  accessorName: 'TestSpontaneous2',
  currentMonitoringTime: 1549077912553,
  containedAccessors: [] } (Thread[AccessorStatusTest,1,main])
AccessorStatus: { utilization: 0.00506780150369807,
  startMonitoringTime: 1549077907305,
  initialize: { count: 0, utilization: 0, latestStart: 0, latestEnd: 0 },
  react: 
   { count: 5,
     utilization: 0.00412226443864512,
     latestStart: 1549077912290,
     latestEnd: 1549077912292 },
  wrapup: 
   { count: 2,
     utilization: 0.0009455370650529501,
     latestStart: 1549077912329,
     latestEnd: 1549077912334 },
  accessorName: 'TextDisplay',
  currentMonitoringTime: 1549077912593,
  containedAccessors: [] } (Thread[AccessorStatusTest,1,main])
AccessorStatus: { utilization: 0.0007648355999555231,
  startMonitoringTime: 1549077907321,
  initialize: { count: 0, utilization: 0, latestStart: 0, latestEnd: 0 },
  react: 
   { count: 5,
     utilization: 0.00019837034315794007,
     latestStart: 1549077912234,
     latestEnd: 1549077912234 },
  wrapup: 
   { count: 2,
     utilization: 0.0005664652567975831,
     latestStart: 1549077912349,
     latestEnd: 1549077912352 },
  accessorName: 'TestSpontaneous',
  currentMonitoringTime: 1549077912617,
  containedAccessors: [] } (Thread[AccessorStatusTest,1,main])
AccessorStatus: { utilization: 0.0038471023122019065,
  startMonitoringTime: 1549077907393,
  initialize: { count: 0, utilization: 0, latestStart: 0, latestEnd: 0 },
  react: 
   { count: 5,
     utilization: 0.0011855053540270014,
     latestStart: 1549077912243,
     latestEnd: 1549077912244 },
  wrapup: 
   { count: 2,
     utilization: 0.002661596958174905,
     latestStart: 1549077912358,
     latestEnd: 1549077912372 },
  accessorName: 'JavaScriptRamp',
  currentMonitoringTime: 1549077912653,
  containedAccessors: [] } (Thread[AccessorStatusTest,1,main])
AccessorStatus: { utilization: 0.06110476475788927,
  startMonitoringTime: 1549077907404,
  initialize: { count: 0, utilization: 0, latestStart: 0, latestEnd: 0 },
  react: 
   { count: 6,
     utilization: 0.0031502193033438168,
     latestStart: 1549077912239,
     latestEnd: 1549077912242 },
  wrapup: 
   { count: 1,
     utilization: 0.05795454545454545,
     latestStart: 1549077912378,
     latestEnd: 0 },
  accessorName: 'AccessorStatus',
  currentMonitoringTime: 1549077912684,
  containedAccessors: [] } (Thread[AccessorStatusTest,1,main])
AccessorStatus: { utilization: 0.014417691598068128,
  startMonitoringTime: 1549077907414,
  initialize: { count: 0, utilization: 0, latestStart: 0, latestEnd: 0 },
  react: 
   { count: 5,
     utilization: 0.014417691598068128,
     latestStart: 1549077912282,
     latestEnd: 1549077912290 },
  wrapup: { count: 0, utilization: 0, latestStart: 0, latestEnd: 0 },
  accessorName: 'status',
  currentMonitoringTime: 1549077912716,
  containedAccessors: [] } (Thread[AccessorStatusTest,1,main])
13302 ms. Memory: 800768K Free: 579284K (72%)
----------------- Invoking toplevel() on ptolemy.moml.MoMLSimpleApplication@31146733
----------------- Done invoking toplevel() on ptolemy.moml.MoMLSimpleApplication@31146733
reloadAllAccessors: .AccessorStatusTest
This is the first time that the reloadAllAccessors method has been invoked in this JVM, so the the accessors repo will be checked out or updated and JSDoc invoked. Note that running the tests may end up invoking a new JVM for each directory, so the repo may be checked out or updated and JSDoc invoked more than once when the tests are run.
-------------- Reloaded accessors, but skipping rerun for now. Sat Feb 02 03:25:15 UTC 2019 /home/travis/build/icyphy/ptII/ptolemy/cg/kernel/generic/accessor/test/auto/AccessorStatusTest.xml

===========================================================================================
----------------- testing Sat Feb 02 03:25:15 UTC 2019 /home/travis/build/icyphy/ptII/ptolemy/cg/kernel/generic/accessor/test/auto/RampJSDisplay.xml
----------------- Instantiating /home/travis/build/icyphy/ptII/ptolemy/cg/kernel/generic/accessor/test/auto/RampJSDisplay.xml
TextDisplayHelper: 1
TextDisplayHelper: 2
TextDisplayHelper: 3
TextDisplayHelper: 4
TextDisplayHelper: 5
7997 ms. Memory: 1059840K Free: 689420K (65%)
----------------- Invoking toplevel() on ptolemy.moml.MoMLSimpleApplication@2d158dfb
----------------- Done invoking toplevel() on ptolemy.moml.MoMLSimpleApplication@2d158dfb
reloadAllAccessors: .RampJSDisplay
-------------- Reloaded accessors, but skipping rerun for now. Sat Feb 02 03:25:25 UTC 2019 /home/travis/build/icyphy/ptII/ptolemy/cg/kernel/generic/accessor/test/auto/RampJSDisplay.xml

===========================================================================================
----------------- testing Sat Feb 02 03:25:25 UTC 2019 /home/travis/build/icyphy/ptII/ptolemy/cg/kernel/generic/accessor/test/auto/RampJSInspect.xml
----------------- Instantiating /home/travis/build/icyphy/ptII/ptolemy/cg/kernel/generic/accessor/test/auto/RampJSInspect.xml
8312 ms. Memory: 1311232K Free: 911333K (70%)
----------------- Invoking toplevel() on ptolemy.moml.MoMLSimpleApplication@64619bb3
----------------- Done invoking toplevel() on ptolemy.moml.MoMLSimpleApplication@64619bb3
reloadAllAccessors: .RampJSInspect
-------------- Reloaded accessors, but skipping rerun for now. Sat Feb 02 03:25:37 UTC 2019 /home/travis/build/icyphy/ptII/ptolemy/cg/kernel/generic/accessor/test/auto/RampJSInspect.xml

===========================================================================================
----------------- testing Sat Feb 02 03:25:37 UTC 2019 /home/travis/build/icyphy/ptII/ptolemy/cg/kernel/generic/accessor/test/auto/RampJSTest.xml
----------------- Instantiating /home/travis/build/icyphy/ptII/ptolemy/cg/kernel/generic/accessor/test/auto/RampJSTest.xml
6686 ms. Memory: 1321472K Free: 379994K (29%)
----------------- Invoking toplevel() on ptolemy.moml.MoMLSimpleApplication@7571a520
----------------- Done invoking toplevel() on ptolemy.moml.MoMLSimpleApplication@7571a520
reloadAllAccessors: .RampJSTest
-------------- Reloaded accessors, but skipping rerun for now. Sat Feb 02 03:25:47 UTC 2019 /home/travis/build/icyphy/ptII/ptolemy/cg/kernel/generic/accessor/test/auto/RampJSTest.xml

===========================================================================================
----------------- testing Sat Feb 02 03:25:47 UTC 2019 /home/travis/build/icyphy/ptII/ptolemy/cg/kernel/generic/accessor/test/auto/RampJSTextDisplay.xml
----------------- Instantiating /home/travis/build/icyphy/ptII/ptolemy/cg/kernel/generic/accessor/test/auto/RampJSTextDisplay.xml
TextDisplayHelper: 1
TextDisplayHelper: 2
TextDisplayHelper: 3
TextDisplayHelper: 4
TextDisplayHelper: 5
9094 ms. Memory: 1628672K Free: 1198496K (74%)
----------------- Invoking toplevel() on ptolemy.moml.MoMLSimpleApplication@42f6e61b
----------------- Done invoking toplevel() on ptolemy.moml.MoMLSimpleApplication@42f6e61b
reloadAllAccessors: .RampJSTextDisplay
-------------- Reloaded accessors, but skipping rerun for now. Sat Feb 02 03:25:59 UTC 2019 /home/travis/build/icyphy/ptII/ptolemy/cg/kernel/generic/accessor/test/auto/RampJSTextDisplay.xml

===========================================================================================
----------------- testing Sat Feb 02 03:25:59 UTC 2019 /home/travis/build/icyphy/ptII/ptolemy/cg/kernel/generic/accessor/test/auto/TestComposite.xml
----------------- Instantiating /home/travis/build/icyphy/ptII/ptolemy/cg/kernel/generic/accessor/test/auto/TestComposite.xml
1584 ms. Memory: 1628672K Free: 202757K (12%)
----------------- Invoking toplevel() on ptolemy.moml.MoMLSimpleApplication@7b1b876f
----------------- Done invoking toplevel() on ptolemy.moml.MoMLSimpleApplication@7b1b876f
reloadAllAccessors: .TestComposite
-------------- Reloaded accessors, but skipping rerun for now. Sat Feb 02 03:26:03 UTC 2019 /home/travis/build/icyphy/ptII/ptolemy/cg/kernel/generic/accessor/test/auto/TestComposite.xml
AutoTests.java: About to close Vertx.
AutoTests.java: Vertx closed.
]]></system-out>
  <system-err><![CDATA[WARNING: TestSpontaneous2: Model stopped before executing actions (e.g. producing outputs) scheduled for execution at times [6.0]
WARNING: TestSpontaneous: Model stopped before executing actions (e.g. producing outputs) scheduled for execution at times [6.0]
WARNING: AccessorStatus: Model stopped before executing actions (e.g. producing outputs) scheduled for execution at times [6.0]
WARNING: TestSpontaneous: Model stopped before executing actions (e.g. producing outputs) scheduled for execution at times [6.0]
WARNING: TestSpontaneous: Model stopped before executing actions (e.g. producing outputs) scheduled for execution at times [5.0]
WARNING: TestSpontaneous: Model stopped before executing actions (e.g. producing outputs) scheduled for execution at times [5.0]
WARNING: TestSpontaneous: Model stopped before executing actions (e.g. producing outputs) scheduled for execution at times [6.0]
]]></system-err>
</testsuite>
