<?xml version="1.0" encoding="UTF-8" ?>
<testsuite errors="0" failures="0" hostname="travis-job-a99a0d48-2156-475f-a6ae-1856eee0b6c6" name="ptolemy.domains.de.test.junit.JUnitTclTest" skipped="0" tests="101" time="133.322" timestamp="2019-03-29T03:53:05">
  <properties>
[...]
</properties>
  <testcase classname="ptolemy.util.test.junit.TclTests" name="[0] /home/travis/build/icyphy/ptII/ptolemy/domains/de/test/DependencyLoop.tcl (RunTclFile)" time="0.766" />
  <testcase classname="ptolemy.util.test.junit.TclTests" name="[1] /home/travis/build/icyphy/ptII/ptolemy/domains/de/test/RunDETestsAsQSS.tcl (RunTclFile)" time="90.796" />
  <testcase classname="ptolemy.util.test.junit.AutoKnownFailedTests" name="[0] /home/travis/build/icyphy/ptII/ptolemy/domains/de/test/auto/knownFailedTests/DESDFClockTest.xml (RunModel)" time="2.038" />
  <testcase classname="ptolemy.util.test.junit.AutoKnownFailedTests" name="[1] /home/travis/build/icyphy/ptII/ptolemy/domains/de/test/auto/knownFailedTests/DirectFeedback.xml (RunModel)" time="0.012" />
  <testcase classname="ptolemy.util.test.junit.AutoKnownFailedTests" name="[2] /home/travis/build/icyphy/ptII/ptolemy/domains/de/test/auto/knownFailedTests/FSMSource.xml (RunModel)" time="0.022" />
  <testcase classname="ptolemy.util.test.junit.AutoKnownFailedTests" name="[3] /home/travis/build/icyphy/ptII/ptolemy/domains/de/test/auto/knownFailedTests/HierarchicalModel.xml (RunModel)" time="0.027" />
  <testcase classname="ptolemy.util.test.junit.AutoKnownFailedTests" name="[4] /home/travis/build/icyphy/ptII/ptolemy/domains/de/test/auto/knownFailedTests/dependencyLoop.xml (RunModel)" time="0.024" />
  <testcase classname="ptolemy.util.test.junit.AutoKnownFailedTests" name="[5] /home/travis/build/icyphy/ptII/ptolemy/domains/de/test/auto/knownFailedTests/dependencyLoop2.xml (RunModel)" time="0.035" />
  <testcase classname="ptolemy.util.test.junit.AutoNameArchTests" name="[0] ThereAreNoAutoArchTests (RunModel)" time="0.001" />
  <testcase classname="ptolemy.util.test.junit.AutoTests" name="[0] /home/travis/build/icyphy/ptII/ptolemy/domains/de/test/auto/ActorDepthCalculation_actorWithoutPorts.xml (RunModel)" time="0.01" />
  <testcase classname="ptolemy.util.test.junit.AutoTests" name="[1] /home/travis/build/icyphy/ptII/ptolemy/domains/de/test/auto/AssemblyLine.xml (RunModel)" time="0.012" />
  <testcase classname="ptolemy.util.test.junit.AutoTests" name="[2] /home/travis/build/icyphy/ptII/ptolemy/domains/de/test/auto/CQBug1.xml (RunModel)" time="0.006" />
  <testcase classname="ptolemy.util.test.junit.AutoTests" name="[3] /home/travis/build/icyphy/ptII/ptolemy/domains/de/test/auto/CancelFireAt.xml (RunModel)" time="0.004" />
  <testcase classname="ptolemy.util.test.junit.AutoTests" name="[4] /home/travis/build/icyphy/ptII/ptolemy/domains/de/test/auto/CausalityAndComposabilityAnalysis.xml (RunModel)" time="0.008" />
  <testcase classname="ptolemy.util.test.junit.AutoTests" name="[5] /home/travis/build/icyphy/ptII/ptolemy/domains/de/test/auto/CausalityInterface1.xml (RunModel)" time="0.009" />
  <testcase classname="ptolemy.util.test.junit.AutoTests" name="[6] /home/travis/build/icyphy/ptII/ptolemy/domains/de/test/auto/CausalityInterface15.xml (RunModel)" time="0.03" />
  <testcase classname="ptolemy.util.test.junit.AutoTests" name="[7] /home/travis/build/icyphy/ptII/ptolemy/domains/de/test/auto/CausalityInterface2.xml (RunModel)" time="0.018" />
  <testcase classname="ptolemy.util.test.junit.AutoTests" name="[8] /home/travis/build/icyphy/ptII/ptolemy/domains/de/test/auto/CausalityInterface3.xml (RunModel)" time="0.009" />
  <testcase classname="ptolemy.util.test.junit.AutoTests" name="[9] /home/travis/build/icyphy/ptII/ptolemy/domains/de/test/auto/ClockDrift.xml (RunModel)" time="0.035" />
  <testcase classname="ptolemy.util.test.junit.AutoTests" name="[10] /home/travis/build/icyphy/ptII/ptolemy/domains/de/test/auto/ClockDriftAndValueChange.xml (RunModel)" time="0.022" />
  <testcase classname="ptolemy.util.test.junit.AutoTests" name="[11] /home/travis/build/icyphy/ptII/ptolemy/domains/de/test/auto/ClockDriftChange.xml (RunModel)" time="0.023" />
  <testcase classname="ptolemy.util.test.junit.AutoTests" name="[12] /home/travis/build/icyphy/ptII/ptolemy/domains/de/test/auto/ComposableCausalityAnalysis.xml (RunModel)" time="0.01" />
  <testcase classname="ptolemy.util.test.junit.AutoTests" name="[13] /home/travis/build/icyphy/ptII/ptolemy/domains/de/test/auto/DEFixedPointLimitation.xml (RunModel)" time="0.007" />
  <testcase classname="ptolemy.util.test.junit.AutoTests" name="[14] /home/travis/build/icyphy/ptII/ptolemy/domains/de/test/auto/DEScheduleTest.xml (RunModel)" time="0.008" />
  <testcase classname="ptolemy.util.test.junit.AutoTests" name="[15] /home/travis/build/icyphy/ptII/ptolemy/domains/de/test/auto/DEinDEwithStartTimes.xml (RunModel)" time="0.009" />
  <testcase classname="ptolemy.util.test.junit.AutoTests" name="[16] /home/travis/build/icyphy/ptII/ptolemy/domains/de/test/auto/DEinDEwithStartTimes2.xml (RunModel)" time="0.01" />
  <testcase classname="ptolemy.util.test.junit.AutoTests" name="[17] /home/travis/build/icyphy/ptII/ptolemy/domains/de/test/auto/DateDemo.xml (RunModel)" time="0.019" />
  <testcase classname="ptolemy.util.test.junit.AutoTests" name="[18] /home/travis/build/icyphy/ptII/ptolemy/domains/de/test/auto/DateToEvent.xml (RunModel)" time="2.029" />
  <testcase classname="ptolemy.util.test.junit.AutoTests" name="[19] /home/travis/build/icyphy/ptII/ptolemy/domains/de/test/auto/DepthTest1.xml (RunModel)" time="0.011" />
  <testcase classname="ptolemy.util.test.junit.AutoTests" name="[20] /home/travis/build/icyphy/ptII/ptolemy/domains/de/test/auto/DepthTest2.xml (RunModel)" time="0.015" />
  <testcase classname="ptolemy.util.test.junit.AutoTests" name="[21] /home/travis/build/icyphy/ptII/ptolemy/domains/de/test/auto/DepthTest3.xml (RunModel)" time="0.013" />
  <testcase classname="ptolemy.util.test.junit.AutoTests" name="[22] /home/travis/build/icyphy/ptII/ptolemy/domains/de/test/auto/DepthTest4.xml (RunModel)" time="0.009" />
  <testcase classname="ptolemy.util.test.junit.AutoTests" name="[23] /home/travis/build/icyphy/ptII/ptolemy/domains/de/test/auto/DepthTest5.xml (RunModel)" time="0.009" />
  <testcase classname="ptolemy.util.test.junit.AutoTests" name="[24] /home/travis/build/icyphy/ptII/ptolemy/domains/de/test/auto/DepthTest6.xml (RunModel)" time="0.009" />
  <testcase classname="ptolemy.util.test.junit.AutoTests" name="[25] /home/travis/build/icyphy/ptII/ptolemy/domains/de/test/auto/DepthTest7.xml (RunModel)" time="0.008" />
  <testcase classname="ptolemy.util.test.junit.AutoTests" name="[26] /home/travis/build/icyphy/ptII/ptolemy/domains/de/test/auto/EventToDate.xml (RunModel)" time="3.025" />
  <testcase classname="ptolemy.util.test.junit.AutoTests" name="[27] /home/travis/build/icyphy/ptII/ptolemy/domains/de/test/auto/FSM1.xml (RunModel)" time="0.036" />
  <testcase classname="ptolemy.util.test.junit.AutoTests" name="[28] /home/travis/build/icyphy/ptII/ptolemy/domains/de/test/auto/FSM7.xml (RunModel)" time="0.039" />
  <testcase classname="ptolemy.util.test.junit.AutoTests" name="[29] /home/travis/build/icyphy/ptII/ptolemy/domains/de/test/auto/Inspection.xml (RunModel)" time="0.041" />
  <testcase classname="ptolemy.util.test.junit.AutoTests" name="[30] /home/travis/build/icyphy/ptII/ptolemy/domains/de/test/auto/Iteration.xml (RunModel)" time="0.018" />
  <testcase classname="ptolemy.util.test.junit.AutoTests" name="[31] /home/travis/build/icyphy/ptII/ptolemy/domains/de/test/auto/LineFault.xml (RunModel)" time="0.475" />
  <testcase classname="ptolemy.util.test.junit.AutoTests" name="[32] /home/travis/build/icyphy/ptII/ptolemy/domains/de/test/auto/MergeModel1Add.xml (RunModel)" time="0.045" />
  <testcase classname="ptolemy.util.test.junit.AutoTests" name="[33] /home/travis/build/icyphy/ptII/ptolemy/domains/de/test/auto/MergeModel2Add.xml (RunModel)" time="0.036" />
  <testcase classname="ptolemy.util.test.junit.AutoTests" name="[34] /home/travis/build/icyphy/ptII/ptolemy/domains/de/test/auto/MergeModel3Add.xml (RunModel)" time="0.052" />
  <testcase classname="ptolemy.util.test.junit.AutoTests" name="[35] /home/travis/build/icyphy/ptII/ptolemy/domains/de/test/auto/MergeWithoutDiscard.xml (RunModel)" time="0.014" />
  <testcase classname="ptolemy.util.test.junit.AutoTests" name="[36] /home/travis/build/icyphy/ptII/ptolemy/domains/de/test/auto/Modal1.xml (RunModel)" time="0.038" />
  <testcase classname="ptolemy.util.test.junit.AutoTests" name="[37] /home/travis/build/icyphy/ptII/ptolemy/domains/de/test/auto/Modal2.xml (RunModel)" time="0.033" />
  <testcase classname="ptolemy.util.test.junit.AutoTests" name="[38] /home/travis/build/icyphy/ptII/ptolemy/domains/de/test/auto/Modal3.xml (RunModel)" time="0.027" />
  <testcase classname="ptolemy.util.test.junit.AutoTests" name="[39] /home/travis/build/icyphy/ptII/ptolemy/domains/de/test/auto/Modal4.xml (RunModel)" time="0.027" />
  <testcase classname="ptolemy.util.test.junit.AutoTests" name="[40] /home/travis/build/icyphy/ptII/ptolemy/domains/de/test/auto/Modal5.xml (RunModel)" time="0.032" />
  <testcase classname="ptolemy.util.test.junit.AutoTests" name="[41] /home/travis/build/icyphy/ptII/ptolemy/domains/de/test/auto/Modal6.xml (RunModel)" time="0.026" />
  <testcase classname="ptolemy.util.test.junit.AutoTests" name="[42] /home/travis/build/icyphy/ptII/ptolemy/domains/de/test/auto/Modal7.xml (RunModel)" time="0.028" />
  <testcase classname="ptolemy.util.test.junit.AutoTests" name="[43] /home/travis/build/icyphy/ptII/ptolemy/domains/de/test/auto/ModalModel.xml (RunModel)" time="0.154" />
  <testcase classname="ptolemy.util.test.junit.AutoTests" name="[44] /home/travis/build/icyphy/ptII/ptolemy/domains/de/test/auto/ModalSource.xml (RunModel)" time="0.016" />
  <testcase classname="ptolemy.util.test.junit.AutoTests" name="[45] /home/travis/build/icyphy/ptII/ptolemy/domains/de/test/auto/NonInterruptibleTimerZeroDelay.xml (RunModel)" time="0.009" />
  <testcase classname="ptolemy.util.test.junit.AutoTests" name="[46] /home/travis/build/icyphy/ptII/ptolemy/domains/de/test/auto/OpenQueueingNetwork.xml (RunModel)" time="2.06" />
  <testcase classname="ptolemy.util.test.junit.AutoTests" name="[47] /home/travis/build/icyphy/ptII/ptolemy/domains/de/test/auto/OpenQueuingNetwork.xml (RunModel)" time="0.285" />
  <testcase classname="ptolemy.util.test.junit.AutoTests" name="[48] /home/travis/build/icyphy/ptII/ptolemy/domains/de/test/auto/PeriodicSampler.xml (RunModel)" time="0.008" />
  <testcase classname="ptolemy.util.test.junit.AutoTests" name="[49] /home/travis/build/icyphy/ptII/ptolemy/domains/de/test/auto/PersistentIO.xml (RunModel)" time="0.018" />
  <testcase classname="ptolemy.util.test.junit.AutoTests" name="[50] /home/travis/build/icyphy/ptII/ptolemy/domains/de/test/auto/PortParameterResetOnInitialize.xml (RunModel)" time="0.009" />
  <testcase classname="ptolemy.util.test.junit.AutoTests" name="[51] /home/travis/build/icyphy/ptII/ptolemy/domains/de/test/auto/PortParameterUpdates.xml (RunModel)" time="0.012" />
  <testcase classname="ptolemy.util.test.junit.AutoTests" name="[52] /home/travis/build/icyphy/ptII/ptolemy/domains/de/test/auto/QueueAndServer.xml (RunModel)" time="0.018" />
  <testcase classname="ptolemy.util.test.junit.AutoTests" name="[53] /home/travis/build/icyphy/ptII/ptolemy/domains/de/test/auto/Records.xml (RunModel)" time="0.012" />
  <testcase classname="ptolemy.util.test.junit.AutoTests" name="[54] /home/travis/build/icyphy/ptII/ptolemy/domains/de/test/auto/ResetTransitionWithStartTime1.xml (RunModel)" time="0.018" />
  <testcase classname="ptolemy.util.test.junit.AutoTests" name="[55] /home/travis/build/icyphy/ptII/ptolemy/domains/de/test/auto/ResetTransitionWithStartTime2.xml (RunModel)" time="0.015" />
  <testcase classname="ptolemy.util.test.junit.AutoTests" name="[56] /home/travis/build/icyphy/ptII/ptolemy/domains/de/test/auto/ResetTransitionWithStartTime3.xml (RunModel)" time="0.016" />
  <testcase classname="ptolemy.util.test.junit.AutoTests" name="[57] /home/travis/build/icyphy/ptII/ptolemy/domains/de/test/auto/ResetTransitionWithStartTime4.xml (RunModel)" time="0.015" />
  <testcase classname="ptolemy.util.test.junit.AutoTests" name="[58] /home/travis/build/icyphy/ptII/ptolemy/domains/de/test/auto/ResettableTimer1.xml (RunModel)" time="0.009" />
  <testcase classname="ptolemy.util.test.junit.AutoTests" name="[59] /home/travis/build/icyphy/ptII/ptolemy/domains/de/test/auto/ResettableTimer2.xml (RunModel)" time="0.008" />
  <testcase classname="ptolemy.util.test.junit.AutoTests" name="[60] /home/travis/build/icyphy/ptII/ptolemy/domains/de/test/auto/ResettableTimer3.xml (RunModel)" time="0.008" />
  <testcase classname="ptolemy.util.test.junit.AutoTests" name="[61] /home/travis/build/icyphy/ptII/ptolemy/domains/de/test/auto/ResettableTimer4.xml (RunModel)" time="0.008" />
  <testcase classname="ptolemy.util.test.junit.AutoTests" name="[62] /home/travis/build/icyphy/ptII/ptolemy/domains/de/test/auto/ResettableTimer5.xml (RunModel)" time="0.009" />
  <testcase classname="ptolemy.util.test.junit.AutoTests" name="[63] /home/travis/build/icyphy/ptII/ptolemy/domains/de/test/auto/ResettableTimer6.xml (RunModel)" time="0.009" />
  <testcase classname="ptolemy.util.test.junit.AutoTests" name="[64] /home/travis/build/icyphy/ptII/ptolemy/domains/de/test/auto/ServerZeroDelay.xml (RunModel)" time="0.01" />
  <testcase classname="ptolemy.util.test.junit.AutoTests" name="[65] /home/travis/build/icyphy/ptII/ptolemy/domains/de/test/auto/SmartSender.xml (RunModel)" time="3.008" />
  <testcase classname="ptolemy.util.test.junit.AutoTests" name="[66] /home/travis/build/icyphy/ptII/ptolemy/domains/de/test/auto/ThreadedComposite.xml (RunModel)" time="0.153" />
  <testcase classname="ptolemy.util.test.junit.AutoTests" name="[67] /home/travis/build/icyphy/ptII/ptolemy/domains/de/test/auto/Time.xml (RunModel)" time="0.432" />
  <testcase classname="ptolemy.util.test.junit.AutoTests" name="[68] /home/travis/build/icyphy/ptII/ptolemy/domains/de/test/auto/TimeDelayZeroDelay.xml (RunModel)" time="0.01" />
  <testcase classname="ptolemy.util.test.junit.AutoTests" name="[69] /home/travis/build/icyphy/ptII/ptolemy/domains/de/test/auto/TimerZeroDelay.xml (RunModel)" time="0.009" />
  <testcase classname="ptolemy.util.test.junit.AutoTests" name="[70] /home/travis/build/icyphy/ptII/ptolemy/domains/de/test/auto/TimingParadox.xml (RunModel)" time="0.331" />
  <testcase classname="ptolemy.util.test.junit.AutoTests" name="[71] /home/travis/build/icyphy/ptII/ptolemy/domains/de/test/auto/TransferInputs.xml (RunModel)" time="0.008" />
  <testcase classname="ptolemy.util.test.junit.AutoTests" name="[72] /home/travis/build/icyphy/ptII/ptolemy/domains/de/test/auto/TransferOutputs2.xml (RunModel)" time="0.016" />
  <testcase classname="ptolemy.util.test.junit.AutoTests" name="[73] /home/travis/build/icyphy/ptII/ptolemy/domains/de/test/auto/Trilateration.xml (RunModel)" time="13.943" />
  <testcase classname="ptolemy.util.test.junit.AutoTests" name="[74] /home/travis/build/icyphy/ptII/ptolemy/domains/de/test/auto/TwoSigmaDelta.xml (RunModel)" time="2.083" />
  <testcase classname="ptolemy.util.test.junit.AutoTests" name="[75] /home/travis/build/icyphy/ptII/ptolemy/domains/de/test/auto/VariableDelay.xml (RunModel)" time="0.012" />
  <testcase classname="ptolemy.util.test.junit.AutoTests" name="[76] /home/travis/build/icyphy/ptII/ptolemy/domains/de/test/auto/VariableDelay2.xml (RunModel)" time="0.009" />
  <testcase classname="ptolemy.util.test.junit.AutoTests" name="[77] /home/travis/build/icyphy/ptII/ptolemy/domains/de/test/auto/VariableDelayZeroDelay.xml (RunModel)" time="0.013" />
  <testcase classname="ptolemy.util.test.junit.AutoTests" name="[78] /home/travis/build/icyphy/ptII/ptolemy/domains/de/test/auto/VariableDelayZeroDelay2.xml (RunModel)" time="0.009" />
  <testcase classname="ptolemy.util.test.junit.AutoTests" name="[79] /home/travis/build/icyphy/ptII/ptolemy/domains/de/test/auto/deInCt.xml (RunModel)" time="0.015" />
  <testcase classname="ptolemy.util.test.junit.AutoTests" name="[80] /home/travis/build/icyphy/ptII/ptolemy/domains/de/test/auto/deInCt2.xml (RunModel)" time="0.02" />
  <testcase classname="ptolemy.util.test.junit.AutoTests" name="[81] /home/travis/build/icyphy/ptII/ptolemy/domains/de/test/auto/dynamicCausalityInterface1.xml (RunModel)" time="0.025" />
  <testcase classname="ptolemy.util.test.junit.AutoTests" name="[82] /home/travis/build/icyphy/ptII/ptolemy/domains/de/test/auto/fsm_de_test.xml (RunModel)" time="0.029" />
  <testcase classname="ptolemy.util.test.junit.AutoTests" name="[83] /home/travis/build/icyphy/ptII/ptolemy/domains/de/test/auto/functionDependencyReconstruction.xml (RunModel)" time="0.032" />
  <testcase classname="ptolemy.util.test.junit.AutoTests" name="[84] /home/travis/build/icyphy/ptII/ptolemy/domains/de/test/auto/multirate.xml (RunModel)" time="0.016" />
  <testcase classname="ptolemy.util.test.junit.AutoTests" name="[85] /home/travis/build/icyphy/ptII/ptolemy/domains/de/test/auto/multirate2.xml (RunModel)" time="0.014" />
  <testcase classname="ptolemy.util.test.junit.AutoTests" name="[86] /home/travis/build/icyphy/ptII/ptolemy/domains/de/test/auto/realtime.xml (RunModel)" time="10.012" />
  <testcase classname="ptolemy.util.test.junit.AutoTests" name="[87] /home/travis/build/icyphy/ptII/ptolemy/domains/de/test/auto/relationGroup.xml (RunModel)" time="0.01" />
  <testcase classname="ptolemy.util.test.junit.AutoTests" name="[88] /home/travis/build/icyphy/ptII/ptolemy/domains/de/test/auto/relationGroup2.xml (RunModel)" time="0.007" />
  <testcase classname="ptolemy.util.test.junit.AutoTests" name="[89] /home/travis/build/icyphy/ptII/ptolemy/domains/de/test/auto/sortWithOpaquePorts.xml (RunModel)" time="0.019" />
  <testcase classname="ptolemy.util.test.junit.AutoTests" name="[90] /home/travis/build/icyphy/ptII/ptolemy/domains/de/test/auto/transferInputsandOutputs.xml (RunModel)" time="0.023" />
  <testcase classname="ptolemy.util.test.junit.AutoTests" name="[91] /home/travis/build/icyphy/ptII/ptolemy/domains/de/test/auto/triggerType.xml (RunModel)" time="0.016" />
  <system-out><![CDATA[/home/travis/build/icyphy/ptII/ptolemy/domains/de/test/DependencyLoop.tcl
testDefs.tcl: setting time out to 9000 seconds at Fri Mar 29 03:53:05 UTC 2019
15 ms. Memory: 116224K Free: 97594K (84%)
17 ms. Memory: 146944K Free: 141181K (96%)
/home/travis/build/icyphy/ptII/ptolemy/domains/de/test/RunDETestsAsQSS.tcl
Run the DE tests using ptolemy.domains.qss.test.QSSDirectorTest, which extends QSSDirector and prints a message in the constructors.
------------------ testing $PTII/ptolemy/domains/de/test/auto/knownFailedTests/dependencyLoop.xml (Known Failure) 
15 ms. Memory: 146944K Free: 136935K (93%)


==== $PTIIhome/travis/build/icyphy/ptII/ptolemy/domains/de/test/../../../../: Auto Automatic test in file $PTII/ptolemy/domains/de/test/auto/knownFailedTests/dependencyLoop.xml
==== Contents of test case:

	    # FIXME: we should use $relativeFilename here, but it
	    # might have backslashes under Windows, which causes no end
	    # of trouble.
	    createAndExecute $file
	    list {}
	
.... Test generated KNOWN error:
    while executing
ptolemy.kernel.util.IllegalActionException: Found a zero delay loop containing .dependencyLoop.original
  in .dependencyLoop and .dependencyLoop.original
	at ptolemy.actor.util.CausalityInterfaceForComposites._computeOutputPortDepth(CausalityInterfaceForComposites.java:759)
	at ptolemy.actor.util.CausalityInterfaceForComposites._computeInputDepth(CausalityInterfaceForComposites.java:696)
	at ptolemy.actor.util.CausalityInterfaceForComposites._computeOutputPortDepth(CausalityInterfaceForComposites.java:765)
	at ptolemy.actor.util.CausalityInterfaceForComposites._computeInputDepth(CausalityInterfaceForComposites.java:696)
	at ptolemy.actor.util.CausalityInterfaceForComposites._computeOutputPortDepth(CausalityInterfaceForComposites.java:765)
	at ptolemy.actor.util.CausalityInterfaceForComposites._computeInputDepth(CausalityInterfaceForComposites.java:696)
	at ptolemy.actor.util.CausalityInterfaceForComposites._computeActorDepth(CausalityInterfaceForComposites.java:532)
	at ptolemy.actor.util.CausalityInterfaceForComposites.checkForCycles(CausalityInterfaceForComposites.java:96)
	at ptolemy.domains.de.kernel.DEDirector.preinitialize(DEDirector.java:1338)
	at ptolemy.actor.CompositeActor.preinitialize(CompositeActor.java:1828)
	at ptolemy.actor.Manager.preinitializeAndResolveTypes(Manager.java:1040)
	at ptolemy.actor.Manager.initialize(Manager.java:710)
	at ptolemy.actor.Manager.execute(Manager.java:356)
	at ptolemy.actor.Manager.run(Manager.java:1263)
	at ptolemy.actor.Manager$PtolemyRunThread.run(Manager.java:1915)

    while executing
ptolemy.kernel.util.IllegalActionException: Found a zero delay loop containing .dependencyLoop.original
  in .dependencyLoop and .dependencyLoop.original
    while executing
"java::new ptolemy.moml.MoMLSimpleApplication $file
"
    (procedure "createAndExecute" line 2)
    invoked from within
"createAndExecute $file"
    ("uplevel" body line 5)
    invoked from within
"uplevel $contents_of_test"
------------------ testing $PTII/ptolemy/domains/de/test/auto/knownFailedTests/DESDFClockTest.xml (Known Failure) 
2088 ms. Memory: 146944K Free: 121356K (83%)


==== $PTIIhome/travis/build/icyphy/ptII/ptolemy/domains/de/test/../../../../: Auto Automatic test in file $PTII/ptolemy/domains/de/test/auto/knownFailedTests/DESDFClockTest.xml
==== Contents of test case:

	    # FIXME: we should use $relativeFilename here, but it
	    # might have backslashes under Windows, which causes no end
	    # of trouble.
	    createAndExecute $file
	    list {}
	
.... Test generated KNOWN error:
    while executing
ptolemy.kernel.util.IllegalActionException: Actor is not ready to fire.  Perhaps UpSample.prefire() returned false? Try debugging the actor by selecting "Listen to Actor".  Also, for SDF check moml for tokenConsumptionRate on input.
  in .DESDFClockTest.Play Bell.Copy1:SDF Director and .DESDFClockTest.Play Bell.UpSample
	at ptolemy.actor.sched.StaticSchedulingDirector.fire(StaticSchedulingDirector.java:227)
	at ptolemy.domains.sdf.kernel.SDFDirector.fire(SDFDirector.java:500)
	at ptolemy.actor.CompositeActor.fire(CompositeActor.java:455)
	at ptolemy.domains.de.kernel.DEDirector._fire(DEDirector.java:1949)
	at ptolemy.domains.de.kernel.DEDirector.fire(DEDirector.java:502)
	at ptolemy.actor.CompositeActor.fire(CompositeActor.java:455)
	at ptolemy.actor.Manager.iterate(Manager.java:851)
	at ptolemy.actor.Manager.execute(Manager.java:369)
	at ptolemy.actor.Manager.run(Manager.java:1263)
	at ptolemy.actor.Manager$PtolemyRunThread.run(Manager.java:1915)

    while executing
ptolemy.kernel.util.IllegalActionException: Actor is not ready to fire.  Perhaps UpSample.prefire() returned false? Try debugging the actor by selecting "Listen to Actor".  Also, for SDF check moml for tokenConsumptionRate on input.
  in .DESDFClockTest.Play Bell.Copy1:SDF Director and .DESDFClockTest.Play Bell.UpSample
    while executing
"java::new ptolemy.moml.MoMLSimpleApplication $file
"
    (procedure "createAndExecute" line 2)
    invoked from within
"createAndExecute $file"
    ("uplevel" body line 5)
    invoked from within
"uplevel $contents_of_test"
------------------ testing $PTII/ptolemy/domains/de/test/auto/knownFailedTests/FSMSource.xml (Known Failure) 
32 ms. Memory: 146944K Free: 112505K (77%)
!!!! Auto was marked as failing, but now passes
------------------ testing $PTII/ptolemy/domains/de/test/auto/knownFailedTests/dependencyLoop2.xml (Known Failure) 
6 ms. Memory: 146944K Free: 110621K (75%)


==== $PTIIhome/travis/build/icyphy/ptII/ptolemy/domains/de/test/../../../../: Auto Automatic test in file $PTII/ptolemy/domains/de/test/auto/knownFailedTests/dependencyLoop2.xml
==== Contents of test case:

	    # FIXME: we should use $relativeFilename here, but it
	    # might have backslashes under Windows, which causes no end
	    # of trouble.
	    createAndExecute $file
	    list {}
	
.... Test generated KNOWN error:
    while executing
ptolemy.kernel.util.IllegalActionException: Found a zero delay loop containing .dependencyLoop2.original
  in .dependencyLoop2 and .dependencyLoop2.original
	at ptolemy.actor.util.CausalityInterfaceForComposites._computeOutputPortDepth(CausalityInterfaceForComposites.java:759)
	at ptolemy.actor.util.CausalityInterfaceForComposites._computeInputDepth(CausalityInterfaceForComposites.java:696)
	at ptolemy.actor.util.CausalityInterfaceForComposites._computeOutputPortDepth(CausalityInterfaceForComposites.java:765)
	at ptolemy.actor.util.CausalityInterfaceForComposites._computeInputDepth(CausalityInterfaceForComposites.java:696)
	at ptolemy.actor.util.CausalityInterfaceForComposites._computeOutputPortDepth(CausalityInterfaceForComposites.java:765)
	at ptolemy.actor.util.CausalityInterfaceForComposites._computeInputDepth(CausalityInterfaceForComposites.java:696)
	at ptolemy.actor.util.CausalityInterfaceForComposites._computeActorDepth(CausalityInterfaceForComposites.java:532)
	at ptolemy.actor.util.CausalityInterfaceForComposites.checkForCycles(CausalityInterfaceForComposites.java:96)
	at ptolemy.domains.de.kernel.DEDirector.preinitialize(DEDirector.java:1338)
	at ptolemy.actor.CompositeActor.preinitialize(CompositeActor.java:1828)
	at ptolemy.actor.Manager.preinitializeAndResolveTypes(Manager.java:1040)
	at ptolemy.actor.Manager.initialize(Manager.java:710)
	at ptolemy.actor.Manager.execute(Manager.java:356)
	at ptolemy.actor.Manager.run(Manager.java:1263)
	at ptolemy.actor.Manager$PtolemyRunThread.run(Manager.java:1915)

    while executing
ptolemy.kernel.util.IllegalActionException: Found a zero delay loop containing .dependencyLoop2.original
  in .dependencyLoop2 and .dependencyLoop2.original
    while executing
"java::new ptolemy.moml.MoMLSimpleApplication $file
"
    (procedure "createAndExecute" line 2)
    invoked from within
"createAndExecute $file"
    ("uplevel" body line 5)
    invoked from within
"uplevel $contents_of_test"
------------------ testing $PTII/ptolemy/domains/de/test/auto/knownFailedTests/HierarchicalModel.xml (Known Failure) 
6 ms. Memory: 146944K Free: 90396K (62%)


==== $PTIIhome/travis/build/icyphy/ptII/ptolemy/domains/de/test/../../../../: Auto Automatic test in file $PTII/ptolemy/domains/de/test/auto/knownFailedTests/HierarchicalModel.xml
==== Contents of test case:

	    # FIXME: we should use $relativeFilename here, but it
	    # might have backslashes under Windows, which causes no end
	    # of trouble.
	    createAndExecute $file
	    list {}
	
.... Test generated KNOWN error:
    while executing
ptolemy.kernel.util.IllegalActionException: Found a zero delay loop containing .HierarchicalModel.A
  in .HierarchicalModel and .HierarchicalModel.A
	at ptolemy.actor.util.CausalityInterfaceForComposites._computeOutputPortDepth(CausalityInterfaceForComposites.java:759)
	at ptolemy.actor.util.CausalityInterfaceForComposites._computeInputDepth(CausalityInterfaceForComposites.java:696)
	at ptolemy.actor.util.CausalityInterfaceForComposites._computeOutputPortDepth(CausalityInterfaceForComposites.java:765)
	at ptolemy.actor.util.CausalityInterfaceForComposites._computeInputDepth(CausalityInterfaceForComposites.java:696)
	at ptolemy.actor.util.CausalityInterfaceForComposites._computeOutputPortDepth(CausalityInterfaceForComposites.java:765)
	at ptolemy.actor.util.CausalityInterfaceForComposites._computeInputDepth(CausalityInterfaceForComposites.java:696)
	at ptolemy.actor.util.CausalityInterfaceForComposites._computeActorDepth(CausalityInterfaceForComposites.java:532)
	at ptolemy.actor.util.CausalityInterfaceForComposites.checkForCycles(CausalityInterfaceForComposites.java:96)
	at ptolemy.domains.de.kernel.DEDirector.preinitialize(DEDirector.java:1338)
	at ptolemy.actor.CompositeActor.preinitialize(CompositeActor.java:1828)
	at ptolemy.actor.Manager.preinitializeAndResolveTypes(Manager.java:1040)
	at ptolemy.actor.Manager.initialize(Manager.java:710)
	at ptolemy.actor.Manager.execute(Manager.java:356)
	at ptolemy.actor.Manager.run(Manager.java:1263)
	at ptolemy.actor.Manager$PtolemyRunThread.run(Manager.java:1915)

    while executing
ptolemy.kernel.util.IllegalActionException: Found a zero delay loop containing .HierarchicalModel.A
  in .HierarchicalModel and .HierarchicalModel.A
    while executing
"java::new ptolemy.moml.MoMLSimpleApplication $file
"
    (procedure "createAndExecute" line 2)
    invoked from within
"createAndExecute $file"
    ("uplevel" body line 5)
    invoked from within
"uplevel $contents_of_test"
------------------ testing $PTII/ptolemy/domains/de/test/auto/knownFailedTests/DirectFeedback.xml (Known Failure) 
4 ms. Memory: 146944K Free: 86286K (59%)


==== $PTIIhome/travis/build/icyphy/ptII/ptolemy/domains/de/test/../../../../: Auto Automatic test in file $PTII/ptolemy/domains/de/test/auto/knownFailedTests/DirectFeedback.xml
==== Contents of test case:

	    # FIXME: we should use $relativeFilename here, but it
	    # might have backslashes under Windows, which causes no end
	    # of trouble.
	    createAndExecute $file
	    list {}
	
.... Test generated KNOWN error:
    while executing
ptolemy.kernel.util.IllegalActionException: Test fails in iteration 1.
Value was: 1.0. Should have been: 2.0
  in .DirectFeedback.Test
	at ptolemy.actor.lib.Test.fire(Test.java:268)
	at ptolemy.domains.de.kernel.DEDirector._fire(DEDirector.java:1949)
	at ptolemy.domains.de.kernel.DEDirector.fire(DEDirector.java:502)
	at ptolemy.actor.CompositeActor.fire(CompositeActor.java:455)
	at ptolemy.actor.Manager.iterate(Manager.java:851)
	at ptolemy.actor.Manager.execute(Manager.java:369)
	at ptolemy.actor.Manager.run(Manager.java:1263)
	at ptolemy.actor.Manager$PtolemyRunThread.run(Manager.java:1915)

    while executing
ptolemy.kernel.util.IllegalActionException: Test fails in iteration 1.
Value was: 1.0. Should have been: 2.0
  in .DirectFeedback.Test
    while executing
"java::new ptolemy.moml.MoMLSimpleApplication $file
"
    (procedure "createAndExecute" line 2)
    invoked from within
"createAndExecute $file"
    ("uplevel" body line 5)
    invoked from within
"uplevel $contents_of_test"
------------------ testing $PTII/ptolemy/domains/de/test/auto/ActorDepthCalculation_actorWithoutPorts.xml
auto.tcl: Setting watchdog for 200 seconds at Fri Mar 29 03:53:09 UTC 2019
8 ms. Memory: 146944K Free: 138667K (94%)
ptolemy.util.test.WatchDog.cancel(): canceling Fri Mar 29 03:53:09 UTC 2019
auto.tcl: Setting watchdog for 200 seconds at Fri Mar 29 03:53:09 UTC 2019
3 ms. Memory: 146944K Free: 137647K (94%)
ptolemy.util.test.WatchDog.cancel(): canceling Fri Mar 29 03:53:09 UTC 2019
------------------ testing $PTII/ptolemy/domains/de/test/auto/AssemblyLine.xml
auto.tcl: Setting watchdog for 200 seconds at Fri Mar 29 03:53:09 UTC 2019
28 ms. Memory: 208384K Free: 183404K (88%)
ptolemy.util.test.WatchDog.cancel(): canceling Fri Mar 29 03:53:09 UTC 2019
auto.tcl: Setting watchdog for 200 seconds at Fri Mar 29 03:53:09 UTC 2019
6 ms. Memory: 208384K Free: 183404K (88%)
ptolemy.util.test.WatchDog.cancel(): canceling Fri Mar 29 03:53:09 UTC 2019
------------------ testing $PTII/ptolemy/domains/de/test/auto/CQBug1.xml
auto.tcl: Setting watchdog for 200 seconds at Fri Mar 29 03:53:09 UTC 2019
3 ms. Memory: 208384K Free: 197907K (95%)
ptolemy.util.test.WatchDog.cancel(): canceling Fri Mar 29 03:53:09 UTC 2019
auto.tcl: Setting watchdog for 200 seconds at Fri Mar 29 03:53:09 UTC 2019
2 ms. Memory: 208384K Free: 197907K (95%)
ptolemy.util.test.WatchDog.cancel(): canceling Fri Mar 29 03:53:09 UTC 2019
------------------ testing $PTII/ptolemy/domains/de/test/auto/CancelFireAt.xml
auto.tcl: Setting watchdog for 200 seconds at Fri Mar 29 03:53:09 UTC 2019
8 ms. Memory: 208384K Free: 201568K (97%)
ptolemy.util.test.WatchDog.cancel(): canceling Fri Mar 29 03:53:09 UTC 2019
auto.tcl: Setting watchdog for 200 seconds at Fri Mar 29 03:53:09 UTC 2019
6 ms. Memory: 208384K Free: 199528K (96%)
ptolemy.util.test.WatchDog.cancel(): canceling Fri Mar 29 03:53:09 UTC 2019
------------------ testing $PTII/ptolemy/domains/de/test/auto/CausalityAndComposabilityAnalysis.xml
auto.tcl: Setting watchdog for 200 seconds at Fri Mar 29 03:53:09 UTC 2019
8 ms. Memory: 208384K Free: 198606K (95%)
ptolemy.util.test.WatchDog.cancel(): canceling Fri Mar 29 03:53:10 UTC 2019
auto.tcl: Setting watchdog for 200 seconds at Fri Mar 29 03:53:10 UTC 2019
5 ms. Memory: 208384K Free: 196566K (94%)
ptolemy.util.test.WatchDog.cancel(): canceling Fri Mar 29 03:53:10 UTC 2019
------------------ testing $PTII/ptolemy/domains/de/test/auto/CausalityInterface1.xml
auto.tcl: Setting watchdog for 200 seconds at Fri Mar 29 03:53:10 UTC 2019
19 ms. Memory: 208384K Free: 196504K (94%)
ptolemy.util.test.WatchDog.cancel(): canceling Fri Mar 29 03:53:10 UTC 2019
auto.tcl: Setting watchdog for 200 seconds at Fri Mar 29 03:53:10 UTC 2019
8 ms. Memory: 208384K Free: 196504K (94%)
ptolemy.util.test.WatchDog.cancel(): canceling Fri Mar 29 03:53:10 UTC 2019
------------------ testing $PTII/ptolemy/domains/de/test/auto/CausalityInterface15.xml
auto.tcl: Setting watchdog for 200 seconds at Fri Mar 29 03:53:10 UTC 2019
4 ms. Memory: 208384K Free: 196462K (94%)
ptolemy.util.test.WatchDog.cancel(): canceling Fri Mar 29 03:53:10 UTC 2019
auto.tcl: Setting watchdog for 200 seconds at Fri Mar 29 03:53:10 UTC 2019
4 ms. Memory: 208384K Free: 196462K (94%)
ptolemy.util.test.WatchDog.cancel(): canceling Fri Mar 29 03:53:10 UTC 2019
------------------ testing $PTII/ptolemy/domains/de/test/auto/CausalityInterface2.xml
auto.tcl: Setting watchdog for 200 seconds at Fri Mar 29 03:53:10 UTC 2019
9 ms. Memory: 208384K Free: 196476K (94%)
ptolemy.util.test.WatchDog.cancel(): canceling Fri Mar 29 03:53:10 UTC 2019
auto.tcl: Setting watchdog for 200 seconds at Fri Mar 29 03:53:10 UTC 2019
3 ms. Memory: 208384K Free: 196476K (94%)
ptolemy.util.test.WatchDog.cancel(): canceling Fri Mar 29 03:53:10 UTC 2019
------------------ testing $PTII/ptolemy/domains/de/test/auto/CausalityInterface3.xml
auto.tcl: Setting watchdog for 200 seconds at Fri Mar 29 03:53:10 UTC 2019
15 ms. Memory: 208384K Free: 196490K (94%)
ptolemy.util.test.WatchDog.cancel(): canceling Fri Mar 29 03:53:10 UTC 2019
auto.tcl: Setting watchdog for 200 seconds at Fri Mar 29 03:53:10 UTC 2019
3 ms. Memory: 208384K Free: 196490K (94%)
ptolemy.util.test.WatchDog.cancel(): canceling Fri Mar 29 03:53:10 UTC 2019
------------------ testing $PTII/ptolemy/domains/de/test/auto/ClockDrift.xml
auto.tcl: Setting watchdog for 200 seconds at Fri Mar 29 03:53:10 UTC 2019
108 ms. Memory: 208384K Free: 187900K (90%)
ptolemy.util.test.WatchDog.cancel(): canceling Fri Mar 29 03:53:10 UTC 2019
auto.tcl: Setting watchdog for 200 seconds at Fri Mar 29 03:53:10 UTC 2019
39 ms. Memory: 208384K Free: 185860K (89%)
ptolemy.util.test.WatchDog.cancel(): canceling Fri Mar 29 03:53:10 UTC 2019
------------------ testing $PTII/ptolemy/domains/de/test/auto/ClockDriftAndValueChange.xml
auto.tcl: Setting watchdog for 200 seconds at Fri Mar 29 03:53:10 UTC 2019
54 ms. Memory: 208384K Free: 187736K (90%)
ptolemy.util.test.WatchDog.cancel(): canceling Fri Mar 29 03:53:10 UTC 2019
auto.tcl: Setting watchdog for 200 seconds at Fri Mar 29 03:53:10 UTC 2019
42 ms. Memory: 208384K Free: 185696K (89%)
ptolemy.util.test.WatchDog.cancel(): canceling Fri Mar 29 03:53:10 UTC 2019
------------------ testing $PTII/ptolemy/domains/de/test/auto/ClockDriftChange.xml
auto.tcl: Setting watchdog for 200 seconds at Fri Mar 29 03:53:11 UTC 2019
48 ms. Memory: 208384K Free: 190996K (92%)
ptolemy.util.test.WatchDog.cancel(): canceling Fri Mar 29 03:53:11 UTC 2019
auto.tcl: Setting watchdog for 200 seconds at Fri Mar 29 03:53:11 UTC 2019
27 ms. Memory: 208384K Free: 188956K (91%)
ptolemy.util.test.WatchDog.cancel(): canceling Fri Mar 29 03:53:11 UTC 2019
------------------ testing $PTII/ptolemy/domains/de/test/auto/ComposableCausalityAnalysis.xml
auto.tcl: Setting watchdog for 200 seconds at Fri Mar 29 03:53:11 UTC 2019
3 ms. Memory: 208384K Free: 196343K (94%)
ptolemy.util.test.WatchDog.cancel(): canceling Fri Mar 29 03:53:11 UTC 2019
auto.tcl: Setting watchdog for 200 seconds at Fri Mar 29 03:53:11 UTC 2019
1 ms. Memory: 208384K Free: 194303K (93%)
ptolemy.util.test.WatchDog.cancel(): canceling Fri Mar 29 03:53:11 UTC 2019
------------------ testing $PTII/ptolemy/domains/de/test/auto/DEFixedPointLimitation.xml
auto.tcl: Setting watchdog for 200 seconds at Fri Mar 29 03:53:11 UTC 2019
2 ms. Memory: 208384K Free: 198464K (95%)
ptolemy.util.test.WatchDog.cancel(): canceling Fri Mar 29 03:53:11 UTC 2019
auto.tcl: Setting watchdog for 200 seconds at Fri Mar 29 03:53:11 UTC 2019
1 ms. Memory: 208384K Free: 196424K (94%)
ptolemy.util.test.WatchDog.cancel(): canceling Fri Mar 29 03:53:11 UTC 2019
------------------ testing $PTII/ptolemy/domains/de/test/auto/DEScheduleTest.xml
auto.tcl: Setting watchdog for 200 seconds at Fri Mar 29 03:53:11 UTC 2019
4 ms. Memory: 208384K Free: 199019K (96%)
ptolemy.util.test.WatchDog.cancel(): canceling Fri Mar 29 03:53:11 UTC 2019
auto.tcl: Setting watchdog for 200 seconds at Fri Mar 29 03:53:11 UTC 2019
6 ms. Memory: 208384K Free: 196979K (95%)
ptolemy.util.test.WatchDog.cancel(): canceling Fri Mar 29 03:53:11 UTC 2019
------------------ testing $PTII/ptolemy/domains/de/test/auto/DEinDEwithStartTimes.xml
auto.tcl: Setting watchdog for 200 seconds at Fri Mar 29 03:53:11 UTC 2019
6 ms. Memory: 208384K Free: 196430K (94%)
ptolemy.util.test.WatchDog.cancel(): canceling Fri Mar 29 03:53:11 UTC 2019
auto.tcl: Setting watchdog for 200 seconds at Fri Mar 29 03:53:11 UTC 2019
3 ms. Memory: 208384K Free: 196430K (94%)
ptolemy.util.test.WatchDog.cancel(): canceling Fri Mar 29 03:53:11 UTC 2019
------------------ testing $PTII/ptolemy/domains/de/test/auto/DEinDEwithStartTimes2.xml
auto.tcl: Setting watchdog for 200 seconds at Fri Mar 29 03:53:11 UTC 2019
5 ms. Memory: 208384K Free: 196410K (94%)
ptolemy.util.test.WatchDog.cancel(): canceling Fri Mar 29 03:53:11 UTC 2019
auto.tcl: Setting watchdog for 200 seconds at Fri Mar 29 03:53:11 UTC 2019
4 ms. Memory: 208384K Free: 194370K (93%)
ptolemy.util.test.WatchDog.cancel(): canceling Fri Mar 29 03:53:11 UTC 2019
------------------ testing $PTII/ptolemy/domains/de/test/auto/DateDemo.xml
auto.tcl: Setting watchdog for 200 seconds at Fri Mar 29 03:53:11 UTC 2019
20 ms. Memory: 208384K Free: 189019K (91%)
ptolemy.util.test.WatchDog.cancel(): canceling Fri Mar 29 03:53:11 UTC 2019
auto.tcl: Setting watchdog for 200 seconds at Fri Mar 29 03:53:11 UTC 2019
6 ms. Memory: 208384K Free: 186978K (90%)
ptolemy.util.test.WatchDog.cancel(): canceling Fri Mar 29 03:53:11 UTC 2019
------------------ testing $PTII/ptolemy/domains/de/test/auto/DateToEvent.xml
auto.tcl: Setting watchdog for 200 seconds at Fri Mar 29 03:53:11 UTC 2019
2030 ms. Memory: 208384K Free: 181447K (87%)
ptolemy.util.test.WatchDog.cancel(): canceling Fri Mar 29 03:53:13 UTC 2019
auto.tcl: Setting watchdog for 200 seconds at Fri Mar 29 03:53:13 UTC 2019
2015 ms. Memory: 208384K Free: 181447K (87%)
ptolemy.util.test.WatchDog.cancel(): canceling Fri Mar 29 03:53:16 UTC 2019
------------------ testing $PTII/ptolemy/domains/de/test/auto/DepthTest1.xml
auto.tcl: Setting watchdog for 200 seconds at Fri Mar 29 03:53:16 UTC 2019
3 ms. Memory: 208384K Free: 198028K (95%)
ptolemy.util.test.WatchDog.cancel(): canceling Fri Mar 29 03:53:16 UTC 2019
auto.tcl: Setting watchdog for 200 seconds at Fri Mar 29 03:53:16 UTC 2019
5 ms. Memory: 208384K Free: 198028K (95%)
ptolemy.util.test.WatchDog.cancel(): canceling Fri Mar 29 03:53:16 UTC 2019
------------------ testing $PTII/ptolemy/domains/de/test/auto/DepthTest2.xml
auto.tcl: Setting watchdog for 200 seconds at Fri Mar 29 03:53:16 UTC 2019
7 ms. Memory: 208384K Free: 194380K (93%)
ptolemy.util.test.WatchDog.cancel(): canceling Fri Mar 29 03:53:16 UTC 2019
auto.tcl: Setting watchdog for 200 seconds at Fri Mar 29 03:53:16 UTC 2019
6 ms. Memory: 208384K Free: 194380K (93%)
ptolemy.util.test.WatchDog.cancel(): canceling Fri Mar 29 03:53:16 UTC 2019
------------------ testing $PTII/ptolemy/domains/de/test/auto/DepthTest3.xml
auto.tcl: Setting watchdog for 200 seconds at Fri Mar 29 03:53:16 UTC 2019
10 ms. Memory: 208384K Free: 198881K (95%)
ptolemy.util.test.WatchDog.cancel(): canceling Fri Mar 29 03:53:16 UTC 2019
auto.tcl: Setting watchdog for 200 seconds at Fri Mar 29 03:53:16 UTC 2019
2 ms. Memory: 208384K Free: 198881K (95%)
ptolemy.util.test.WatchDog.cancel(): canceling Fri Mar 29 03:53:16 UTC 2019
------------------ testing $PTII/ptolemy/domains/de/test/auto/DepthTest4.xml
auto.tcl: Setting watchdog for 200 seconds at Fri Mar 29 03:53:16 UTC 2019
9 ms. Memory: 208384K Free: 196409K (94%)
ptolemy.util.test.WatchDog.cancel(): canceling Fri Mar 29 03:53:16 UTC 2019
auto.tcl: Setting watchdog for 200 seconds at Fri Mar 29 03:53:16 UTC 2019
2 ms. Memory: 208384K Free: 196409K (94%)
ptolemy.util.test.WatchDog.cancel(): canceling Fri Mar 29 03:53:16 UTC 2019
------------------ testing $PTII/ptolemy/domains/de/test/auto/DepthTest5.xml
auto.tcl: Setting watchdog for 200 seconds at Fri Mar 29 03:53:16 UTC 2019
3 ms. Memory: 208384K Free: 196356K (94%)
ptolemy.util.test.WatchDog.cancel(): canceling Fri Mar 29 03:53:16 UTC 2019
auto.tcl: Setting watchdog for 200 seconds at Fri Mar 29 03:53:16 UTC 2019
3 ms. Memory: 208384K Free: 196356K (94%)
ptolemy.util.test.WatchDog.cancel(): canceling Fri Mar 29 03:53:16 UTC 2019
------------------ testing $PTII/ptolemy/domains/de/test/auto/DepthTest6.xml
auto.tcl: Setting watchdog for 200 seconds at Fri Mar 29 03:53:16 UTC 2019
8 ms. Memory: 208384K Free: 196851K (94%)
ptolemy.util.test.WatchDog.cancel(): canceling Fri Mar 29 03:53:16 UTC 2019
auto.tcl: Setting watchdog for 200 seconds at Fri Mar 29 03:53:16 UTC 2019
3 ms. Memory: 208384K Free: 196851K (94%)
ptolemy.util.test.WatchDog.cancel(): canceling Fri Mar 29 03:53:16 UTC 2019
------------------ testing $PTII/ptolemy/domains/de/test/auto/DepthTest7.xml
auto.tcl: Setting watchdog for 200 seconds at Fri Mar 29 03:53:16 UTC 2019
4 ms. Memory: 208384K Free: 196314K (94%)
ptolemy.util.test.WatchDog.cancel(): canceling Fri Mar 29 03:53:16 UTC 2019
auto.tcl: Setting watchdog for 200 seconds at Fri Mar 29 03:53:16 UTC 2019
3 ms. Memory: 208384K Free: 196314K (94%)
ptolemy.util.test.WatchDog.cancel(): canceling Fri Mar 29 03:53:16 UTC 2019
------------------ testing $PTII/ptolemy/domains/de/test/auto/EventToDate.xml
auto.tcl: Setting watchdog for 200 seconds at Fri Mar 29 03:53:16 UTC 2019
3005 ms. Memory: 208384K Free: 188167K (90%)
ptolemy.util.test.WatchDog.cancel(): canceling Fri Mar 29 03:53:19 UTC 2019
auto.tcl: Setting watchdog for 200 seconds at Fri Mar 29 03:53:19 UTC 2019
3005 ms. Memory: 208384K Free: 186127K (89%)
ptolemy.util.test.WatchDog.cancel(): canceling Fri Mar 29 03:53:22 UTC 2019
------------------ testing $PTII/ptolemy/domains/de/test/auto/FSM1.xml
auto.tcl: Setting watchdog for 200 seconds at Fri Mar 29 03:53:22 UTC 2019
18 ms. Memory: 208384K Free: 187027K (90%)
ptolemy.util.test.WatchDog.cancel(): canceling Fri Mar 29 03:53:22 UTC 2019
auto.tcl: Setting watchdog for 200 seconds at Fri Mar 29 03:53:22 UTC 2019
16 ms. Memory: 208384K Free: 182947K (88%)
ptolemy.util.test.WatchDog.cancel(): canceling Fri Mar 29 03:53:22 UTC 2019
------------------ testing $PTII/ptolemy/domains/de/test/auto/FSM7.xml
auto.tcl: Setting watchdog for 200 seconds at Fri Mar 29 03:53:22 UTC 2019
25 ms. Memory: 208384K Free: 189687K (91%)
ptolemy.util.test.WatchDog.cancel(): canceling Fri Mar 29 03:53:22 UTC 2019
auto.tcl: Setting watchdog for 200 seconds at Fri Mar 29 03:53:22 UTC 2019
22 ms. Memory: 208384K Free: 185607K (89%)
ptolemy.util.test.WatchDog.cancel(): canceling Fri Mar 29 03:53:22 UTC 2019
------------------ testing $PTII/ptolemy/domains/de/test/auto/Inspection.xml
auto.tcl: Setting watchdog for 200 seconds at Fri Mar 29 03:53:22 UTC 2019
25 ms. Memory: 208384K Free: 189370K (91%)
ptolemy.util.test.WatchDog.cancel(): canceling Fri Mar 29 03:53:23 UTC 2019
auto.tcl: Setting watchdog for 200 seconds at Fri Mar 29 03:53:23 UTC 2019
26 ms. Memory: 208384K Free: 187330K (90%)
ptolemy.util.test.WatchDog.cancel(): canceling Fri Mar 29 03:53:23 UTC 2019
------------------ testing $PTII/ptolemy/domains/de/test/auto/Iteration.xml
auto.tcl: Setting watchdog for 200 seconds at Fri Mar 29 03:53:23 UTC 2019
8 ms. Memory: 208384K Free: 196637K (94%)
ptolemy.util.test.WatchDog.cancel(): canceling Fri Mar 29 03:53:23 UTC 2019
auto.tcl: Setting watchdog for 200 seconds at Fri Mar 29 03:53:23 UTC 2019
8 ms. Memory: 208384K Free: 194077K (93%)
ptolemy.util.test.WatchDog.cancel(): canceling Fri Mar 29 03:53:23 UTC 2019
------------------ testing $PTII/ptolemy/domains/de/test/auto/LineFault.xml
auto.tcl: Setting watchdog for 200 seconds at Fri Mar 29 03:53:23 UTC 2019
737 ms. Memory: 208384K Free: 199886K (96%)
ptolemy.util.test.WatchDog.cancel(): canceling Fri Mar 29 03:53:24 UTC 2019
auto.tcl: Setting watchdog for 200 seconds at Fri Mar 29 03:53:24 UTC 2019
561 ms. Memory: 208384K Free: 142505K (68%)
ptolemy.util.test.WatchDog.cancel(): canceling Fri Mar 29 03:53:24 UTC 2019
------------------ testing $PTII/ptolemy/domains/de/test/auto/MergeModel1Add.xml
auto.tcl: Setting watchdog for 200 seconds at Fri Mar 29 03:53:24 UTC 2019
26 ms. Memory: 331264K Free: 300808K (91%)
ptolemy.util.test.WatchDog.cancel(): canceling Fri Mar 29 03:53:24 UTC 2019
auto.tcl: Setting watchdog for 200 seconds at Fri Mar 29 03:53:24 UTC 2019
10 ms. Memory: 331264K Free: 300808K (91%)
ptolemy.util.test.WatchDog.cancel(): canceling Fri Mar 29 03:53:25 UTC 2019
------------------ testing $PTII/ptolemy/domains/de/test/auto/MergeModel2Add.xml
auto.tcl: Setting watchdog for 200 seconds at Fri Mar 29 03:53:25 UTC 2019
29 ms. Memory: 331264K Free: 305743K (92%)
ptolemy.util.test.WatchDog.cancel(): canceling Fri Mar 29 03:53:25 UTC 2019
auto.tcl: Setting watchdog for 200 seconds at Fri Mar 29 03:53:25 UTC 2019
11 ms. Memory: 331264K Free: 302178K (91%)
ptolemy.util.test.WatchDog.cancel(): canceling Fri Mar 29 03:53:25 UTC 2019
------------------ testing $PTII/ptolemy/domains/de/test/auto/MergeModel3Add.xml
auto.tcl: Setting watchdog for 200 seconds at Fri Mar 29 03:53:25 UTC 2019
12 ms. Memory: 331264K Free: 305754K (92%)
ptolemy.util.test.WatchDog.cancel(): canceling Fri Mar 29 03:53:25 UTC 2019
auto.tcl: Setting watchdog for 200 seconds at Fri Mar 29 03:53:25 UTC 2019
8 ms. Memory: 331264K Free: 302188K (91%)
ptolemy.util.test.WatchDog.cancel(): canceling Fri Mar 29 03:53:25 UTC 2019
------------------ testing $PTII/ptolemy/domains/de/test/auto/MergeWithoutDiscard.xml
auto.tcl: Setting watchdog for 200 seconds at Fri Mar 29 03:53:25 UTC 2019
5 ms. Memory: 331264K Free: 316446K (96%)
ptolemy.util.test.WatchDog.cancel(): canceling Fri Mar 29 03:53:25 UTC 2019
auto.tcl: Setting watchdog for 200 seconds at Fri Mar 29 03:53:25 UTC 2019
1 ms. Memory: 331264K Free: 316446K (96%)
ptolemy.util.test.WatchDog.cancel(): canceling Fri Mar 29 03:53:25 UTC 2019
------------------ testing $PTII/ptolemy/domains/de/test/auto/Modal1.xml
auto.tcl: Setting watchdog for 200 seconds at Fri Mar 29 03:53:25 UTC 2019
22 ms. Memory: 331264K Free: 310706K (94%)
ptolemy.util.test.WatchDog.cancel(): canceling Fri Mar 29 03:53:25 UTC 2019
auto.tcl: Setting watchdog for 200 seconds at Fri Mar 29 03:53:25 UTC 2019
27 ms. Memory: 331264K Free: 307141K (93%)
ptolemy.util.test.WatchDog.cancel(): canceling Fri Mar 29 03:53:25 UTC 2019
------------------ testing $PTII/ptolemy/domains/de/test/auto/Modal2.xml
auto.tcl: Setting watchdog for 200 seconds at Fri Mar 29 03:53:25 UTC 2019
14 ms. Memory: 331264K Free: 310579K (94%)
ptolemy.util.test.WatchDog.cancel(): canceling Fri Mar 29 03:53:25 UTC 2019
auto.tcl: Setting watchdog for 200 seconds at Fri Mar 29 03:53:25 UTC 2019
14 ms. Memory: 331264K Free: 307014K (93%)
ptolemy.util.test.WatchDog.cancel(): canceling Fri Mar 29 03:53:25 UTC 2019
------------------ testing $PTII/ptolemy/domains/de/test/auto/Modal3.xml
auto.tcl: Setting watchdog for 200 seconds at Fri Mar 29 03:53:25 UTC 2019
15 ms. Memory: 331264K Free: 310578K (94%)
ptolemy.util.test.WatchDog.cancel(): canceling Fri Mar 29 03:53:25 UTC 2019
auto.tcl: Setting watchdog for 200 seconds at Fri Mar 29 03:53:25 UTC 2019
15 ms. Memory: 331264K Free: 307013K (93%)
ptolemy.util.test.WatchDog.cancel(): canceling Fri Mar 29 03:53:25 UTC 2019
------------------ testing $PTII/ptolemy/domains/de/test/auto/Modal4.xml
auto.tcl: Setting watchdog for 200 seconds at Fri Mar 29 03:53:25 UTC 2019
26 ms. Memory: 331264K Free: 310607K (94%)
ptolemy.util.test.WatchDog.cancel(): canceling Fri Mar 29 03:53:25 UTC 2019
auto.tcl: Setting watchdog for 200 seconds at Fri Mar 29 03:53:25 UTC 2019
22 ms. Memory: 331264K Free: 307042K (93%)
ptolemy.util.test.WatchDog.cancel(): canceling Fri Mar 29 03:53:25 UTC 2019
------------------ testing $PTII/ptolemy/domains/de/test/auto/Modal5.xml
auto.tcl: Setting watchdog for 200 seconds at Fri Mar 29 03:53:25 UTC 2019
24 ms. Memory: 331264K Free: 310586K (94%)
ptolemy.util.test.WatchDog.cancel(): canceling Fri Mar 29 03:53:25 UTC 2019
auto.tcl: Setting watchdog for 200 seconds at Fri Mar 29 03:53:25 UTC 2019
15 ms. Memory: 331264K Free: 307021K (93%)
ptolemy.util.test.WatchDog.cancel(): canceling Fri Mar 29 03:53:25 UTC 2019
------------------ testing $PTII/ptolemy/domains/de/test/auto/Modal6.xml
auto.tcl: Setting watchdog for 200 seconds at Fri Mar 29 03:53:25 UTC 2019
14 ms. Memory: 331264K Free: 310592K (94%)
ptolemy.util.test.WatchDog.cancel(): canceling Fri Mar 29 03:53:26 UTC 2019
auto.tcl: Setting watchdog for 200 seconds at Fri Mar 29 03:53:26 UTC 2019
16 ms. Memory: 331264K Free: 307026K (93%)
ptolemy.util.test.WatchDog.cancel(): canceling Fri Mar 29 03:53:26 UTC 2019
------------------ testing $PTII/ptolemy/domains/de/test/auto/Modal7.xml
auto.tcl: Setting watchdog for 200 seconds at Fri Mar 29 03:53:26 UTC 2019
14 ms. Memory: 331264K Free: 307027K (93%)
ptolemy.util.test.WatchDog.cancel(): canceling Fri Mar 29 03:53:26 UTC 2019
auto.tcl: Setting watchdog for 200 seconds at Fri Mar 29 03:53:26 UTC 2019
12 ms. Memory: 331264K Free: 303461K (92%)
ptolemy.util.test.WatchDog.cancel(): canceling Fri Mar 29 03:53:26 UTC 2019
------------------ testing $PTII/ptolemy/domains/de/test/auto/ModalModel.xml
auto.tcl: Setting watchdog for 200 seconds at Fri Mar 29 03:53:26 UTC 2019
208 ms. Memory: 331264K Free: 248255K (75%)
ptolemy.util.test.WatchDog.cancel(): canceling Fri Mar 29 03:53:26 UTC 2019
auto.tcl: Setting watchdog for 200 seconds at Fri Mar 29 03:53:26 UTC 2019
197 ms. Memory: 331264K Free: 191212K (58%)
ptolemy.util.test.WatchDog.cancel(): canceling Fri Mar 29 03:53:26 UTC 2019
------------------ testing $PTII/ptolemy/domains/de/test/auto/ModalSource.xml
auto.tcl: Setting watchdog for 200 seconds at Fri Mar 29 03:53:26 UTC 2019
7 ms. Memory: 331264K Free: 316867K (96%)
ptolemy.util.test.WatchDog.cancel(): canceling Fri Mar 29 03:53:26 UTC 2019
auto.tcl: Setting watchdog for 200 seconds at Fri Mar 29 03:53:26 UTC 2019
6 ms. Memory: 331264K Free: 313601K (95%)
ptolemy.util.test.WatchDog.cancel(): canceling Fri Mar 29 03:53:26 UTC 2019
------------------ testing $PTII/ptolemy/domains/de/test/auto/NonInterruptibleTimerZeroDelay.xml
auto.tcl: Setting watchdog for 200 seconds at Fri Mar 29 03:53:26 UTC 2019
5 ms. Memory: 331264K Free: 321224K (97%)
ptolemy.util.test.WatchDog.cancel(): canceling Fri Mar 29 03:53:26 UTC 2019
auto.tcl: Setting watchdog for 200 seconds at Fri Mar 29 03:53:26 UTC 2019
2 ms. Memory: 331264K Free: 317958K (96%)
ptolemy.util.test.WatchDog.cancel(): canceling Fri Mar 29 03:53:26 UTC 2019
------------------ testing $PTII/ptolemy/domains/de/test/auto/OpenQueueingNetwork.xml
auto.tcl: Setting watchdog for 200 seconds at Fri Mar 29 03:53:26 UTC 2019
2696 ms. Memory: 573952K Free: 406798K (71%)
ptolemy.util.test.WatchDog.cancel(): canceling Fri Mar 29 03:53:29 UTC 2019
auto.tcl: Setting watchdog for 200 seconds at Fri Mar 29 03:53:29 UTC 2019
2581 ms. Memory: 550912K Free: 281189K (51%)
ptolemy.util.test.WatchDog.cancel(): canceling Fri Mar 29 03:53:32 UTC 2019
------------------ testing $PTII/ptolemy/domains/de/test/auto/OpenQueuingNetwork.xml
auto.tcl: Setting watchdog for 200 seconds at Fri Mar 29 03:53:32 UTC 2019
237 ms. Memory: 549888K Free: 444995K (81%)
ptolemy.util.test.WatchDog.cancel(): canceling Fri Mar 29 03:53:32 UTC 2019
auto.tcl: Setting watchdog for 200 seconds at Fri Mar 29 03:53:32 UTC 2019
244 ms. Memory: 549888K Free: 385857K (70%)
ptolemy.util.test.WatchDog.cancel(): canceling Fri Mar 29 03:53:32 UTC 2019
------------------ testing $PTII/ptolemy/domains/de/test/auto/PeriodicSampler.xml
auto.tcl: Setting watchdog for 200 seconds at Fri Mar 29 03:53:32 UTC 2019
2 ms. Memory: 551936K Free: 535220K (97%)
ptolemy.util.test.WatchDog.cancel(): canceling Fri Mar 29 03:53:33 UTC 2019
auto.tcl: Setting watchdog for 200 seconds at Fri Mar 29 03:53:33 UTC 2019
2 ms. Memory: 551936K Free: 535220K (97%)
ptolemy.util.test.WatchDog.cancel(): canceling Fri Mar 29 03:53:33 UTC 2019
------------------ testing $PTII/ptolemy/domains/de/test/auto/PersistentIO.xml
auto.tcl: Setting watchdog for 200 seconds at Fri Mar 29 03:53:33 UTC 2019
4 ms. Memory: 549376K Free: 527232K (96%)
ptolemy.util.test.WatchDog.cancel(): canceling Fri Mar 29 03:53:33 UTC 2019
auto.tcl: Setting watchdog for 200 seconds at Fri Mar 29 03:53:33 UTC 2019
4 ms. Memory: 549376K Free: 527232K (96%)
ptolemy.util.test.WatchDog.cancel(): canceling Fri Mar 29 03:53:33 UTC 2019
------------------ testing $PTII/ptolemy/domains/de/test/auto/PortParameterResetOnInitialize.xml
auto.tcl: Setting watchdog for 200 seconds at Fri Mar 29 03:53:33 UTC 2019
3 ms. Memory: 551424K Free: 531033K (96%)
ptolemy.util.test.WatchDog.cancel(): canceling Fri Mar 29 03:53:33 UTC 2019
auto.tcl: Setting watchdog for 200 seconds at Fri Mar 29 03:53:33 UTC 2019
3 ms. Memory: 551424K Free: 531033K (96%)
ptolemy.util.test.WatchDog.cancel(): canceling Fri Mar 29 03:53:33 UTC 2019
------------------ testing $PTII/ptolemy/domains/de/test/auto/PortParameterUpdates.xml
auto.tcl: Setting watchdog for 200 seconds at Fri Mar 29 03:53:33 UTC 2019
4 ms. Memory: 549376K Free: 533797K (97%)
ptolemy.util.test.WatchDog.cancel(): canceling Fri Mar 29 03:53:33 UTC 2019
auto.tcl: Setting watchdog for 200 seconds at Fri Mar 29 03:53:33 UTC 2019
4 ms. Memory: 549376K Free: 533797K (97%)
ptolemy.util.test.WatchDog.cancel(): canceling Fri Mar 29 03:53:33 UTC 2019
------------------ testing $PTII/ptolemy/domains/de/test/auto/QueueAndServer.xml
auto.tcl: Setting watchdog for 200 seconds at Fri Mar 29 03:53:33 UTC 2019
7 ms. Memory: 551424K Free: 535266K (97%)
ptolemy.util.test.WatchDog.cancel(): canceling Fri Mar 29 03:53:33 UTC 2019
auto.tcl: Setting watchdog for 200 seconds at Fri Mar 29 03:53:33 UTC 2019
13 ms. Memory: 551424K Free: 528695K (96%)
ptolemy.util.test.WatchDog.cancel(): canceling Fri Mar 29 03:53:33 UTC 2019
------------------ testing $PTII/ptolemy/domains/de/test/auto/Records.xml
auto.tcl: Setting watchdog for 200 seconds at Fri Mar 29 03:53:33 UTC 2019
8 ms. Memory: 549376K Free: 533160K (97%)
ptolemy.util.test.WatchDog.cancel(): canceling Fri Mar 29 03:53:33 UTC 2019
auto.tcl: Setting watchdog for 200 seconds at Fri Mar 29 03:53:33 UTC 2019
2 ms. Memory: 549376K Free: 533160K (97%)
ptolemy.util.test.WatchDog.cancel(): canceling Fri Mar 29 03:53:33 UTC 2019
------------------ testing $PTII/ptolemy/domains/de/test/auto/ResetTransitionWithStartTime1.xml
auto.tcl: Setting watchdog for 200 seconds at Fri Mar 29 03:53:33 UTC 2019
5 ms. Memory: 551424K Free: 535232K (97%)
ptolemy.util.test.WatchDog.cancel(): canceling Fri Mar 29 03:53:33 UTC 2019
auto.tcl: Setting watchdog for 200 seconds at Fri Mar 29 03:53:33 UTC 2019
5 ms. Memory: 551424K Free: 528662K (96%)
ptolemy.util.test.WatchDog.cancel(): canceling Fri Mar 29 03:53:33 UTC 2019
------------------ testing $PTII/ptolemy/domains/de/test/auto/ResetTransitionWithStartTime2.xml
auto.tcl: Setting watchdog for 200 seconds at Fri Mar 29 03:53:33 UTC 2019
5 ms. Memory: 549376K Free: 533719K (97%)
ptolemy.util.test.WatchDog.cancel(): canceling Fri Mar 29 03:53:33 UTC 2019
auto.tcl: Setting watchdog for 200 seconds at Fri Mar 29 03:53:33 UTC 2019
5 ms. Memory: 549376K Free: 527149K (96%)
ptolemy.util.test.WatchDog.cancel(): canceling Fri Mar 29 03:53:33 UTC 2019
------------------ testing $PTII/ptolemy/domains/de/test/auto/ResetTransitionWithStartTime3.xml
auto.tcl: Setting watchdog for 200 seconds at Fri Mar 29 03:53:33 UTC 2019
5 ms. Memory: 550912K Free: 534711K (97%)
ptolemy.util.test.WatchDog.cancel(): canceling Fri Mar 29 03:53:33 UTC 2019
auto.tcl: Setting watchdog for 200 seconds at Fri Mar 29 03:53:33 UTC 2019
6 ms. Memory: 550912K Free: 528140K (96%)
ptolemy.util.test.WatchDog.cancel(): canceling Fri Mar 29 03:53:33 UTC 2019
------------------ testing $PTII/ptolemy/domains/de/test/auto/ResetTransitionWithStartTime4.xml
auto.tcl: Setting watchdog for 200 seconds at Fri Mar 29 03:53:33 UTC 2019
4 ms. Memory: 549376K Free: 533173K (97%)
ptolemy.util.test.WatchDog.cancel(): canceling Fri Mar 29 03:53:33 UTC 2019
auto.tcl: Setting watchdog for 200 seconds at Fri Mar 29 03:53:33 UTC 2019
4 ms. Memory: 549376K Free: 526602K (96%)
ptolemy.util.test.WatchDog.cancel(): canceling Fri Mar 29 03:53:33 UTC 2019
------------------ testing $PTII/ptolemy/domains/de/test/auto/ResettableTimer1.xml
auto.tcl: Setting watchdog for 200 seconds at Fri Mar 29 03:53:33 UTC 2019
2 ms. Memory: 550912K Free: 534704K (97%)
ptolemy.util.test.WatchDog.cancel(): canceling Fri Mar 29 03:53:33 UTC 2019
auto.tcl: Setting watchdog for 200 seconds at Fri Mar 29 03:53:33 UTC 2019
2 ms. Memory: 550912K Free: 534704K (97%)
ptolemy.util.test.WatchDog.cancel(): canceling Fri Mar 29 03:53:33 UTC 2019
------------------ testing $PTII/ptolemy/domains/de/test/auto/ResettableTimer2.xml
auto.tcl: Setting watchdog for 200 seconds at Fri Mar 29 03:53:33 UTC 2019
2 ms. Memory: 549376K Free: 533770K (97%)
ptolemy.util.test.WatchDog.cancel(): canceling Fri Mar 29 03:53:33 UTC 2019
auto.tcl: Setting watchdog for 200 seconds at Fri Mar 29 03:53:33 UTC 2019
2 ms. Memory: 549376K Free: 533770K (97%)
ptolemy.util.test.WatchDog.cancel(): canceling Fri Mar 29 03:53:33 UTC 2019
------------------ testing $PTII/ptolemy/domains/de/test/auto/ResettableTimer3.xml
auto.tcl: Setting watchdog for 200 seconds at Fri Mar 29 03:53:33 UTC 2019
2 ms. Memory: 550912K Free: 534762K (97%)
ptolemy.util.test.WatchDog.cancel(): canceling Fri Mar 29 03:53:33 UTC 2019
auto.tcl: Setting watchdog for 200 seconds at Fri Mar 29 03:53:33 UTC 2019
1 ms. Memory: 550912K Free: 534762K (97%)
ptolemy.util.test.WatchDog.cancel(): canceling Fri Mar 29 03:53:33 UTC 2019
------------------ testing $PTII/ptolemy/domains/de/test/auto/ResettableTimer4.xml
auto.tcl: Setting watchdog for 200 seconds at Fri Mar 29 03:53:33 UTC 2019
1 ms. Memory: 549376K Free: 533782K (97%)
ptolemy.util.test.WatchDog.cancel(): canceling Fri Mar 29 03:53:33 UTC 2019
auto.tcl: Setting watchdog for 200 seconds at Fri Mar 29 03:53:33 UTC 2019
2 ms. Memory: 549376K Free: 533782K (97%)
ptolemy.util.test.WatchDog.cancel(): canceling Fri Mar 29 03:53:33 UTC 2019
------------------ testing $PTII/ptolemy/domains/de/test/auto/ResettableTimer5.xml
auto.tcl: Setting watchdog for 200 seconds at Fri Mar 29 03:53:33 UTC 2019
2 ms. Memory: 550400K Free: 530125K (96%)
ptolemy.util.test.WatchDog.cancel(): canceling Fri Mar 29 03:53:33 UTC 2019
auto.tcl: Setting watchdog for 200 seconds at Fri Mar 29 03:53:33 UTC 2019
2 ms. Memory: 550400K Free: 530125K (96%)
ptolemy.util.test.WatchDog.cancel(): canceling Fri Mar 29 03:53:33 UTC 2019
------------------ testing $PTII/ptolemy/domains/de/test/auto/ResettableTimer6.xml
auto.tcl: Setting watchdog for 200 seconds at Fri Mar 29 03:53:33 UTC 2019
2 ms. Memory: 549376K Free: 528506K (96%)
ptolemy.util.test.WatchDog.cancel(): canceling Fri Mar 29 03:53:34 UTC 2019
auto.tcl: Setting watchdog for 200 seconds at Fri Mar 29 03:53:34 UTC 2019
2 ms. Memory: 549376K Free: 528506K (96%)
ptolemy.util.test.WatchDog.cancel(): canceling Fri Mar 29 03:53:34 UTC 2019
------------------ testing $PTII/ptolemy/domains/de/test/auto/ServerZeroDelay.xml
auto.tcl: Setting watchdog for 200 seconds at Fri Mar 29 03:53:34 UTC 2019
2 ms. Memory: 550400K Free: 534744K (97%)
ptolemy.util.test.WatchDog.cancel(): canceling Fri Mar 29 03:53:34 UTC 2019
auto.tcl: Setting watchdog for 200 seconds at Fri Mar 29 03:53:34 UTC 2019
2 ms. Memory: 550400K Free: 534744K (97%)
ptolemy.util.test.WatchDog.cancel(): canceling Fri Mar 29 03:53:34 UTC 2019
------------------ testing $PTII/ptolemy/domains/de/test/auto/SmartSender.xml
auto.tcl: Setting watchdog for 200 seconds at Fri Mar 29 03:53:34 UTC 2019
3002 ms. Memory: 549376K Free: 529036K (96%)
ptolemy.util.test.WatchDog.cancel(): canceling Fri Mar 29 03:53:37 UTC 2019
auto.tcl: Setting watchdog for 200 seconds at Fri Mar 29 03:53:37 UTC 2019
3001 ms. Memory: 549376K Free: 529036K (96%)
ptolemy.util.test.WatchDog.cancel(): canceling Fri Mar 29 03:53:40 UTC 2019
------------------ testing $PTII/ptolemy/domains/de/test/auto/ThreadedComposite.xml
auto.tcl: Setting watchdog for 200 seconds at Fri Mar 29 03:53:40 UTC 2019
211 ms. Memory: 550400K Free: 513600K (93%)
ptolemy.util.test.WatchDog.cancel(): canceling Fri Mar 29 03:53:40 UTC 2019
auto.tcl: Setting watchdog for 200 seconds at Fri Mar 29 03:53:40 UTC 2019
117 ms. Memory: 550400K Free: 497670K (90%)
ptolemy.util.test.WatchDog.cancel(): canceling Fri Mar 29 03:53:40 UTC 2019
------------------ testing $PTII/ptolemy/domains/de/test/auto/Time.xml
auto.tcl: Setting watchdog for 200 seconds at Fri Mar 29 03:53:40 UTC 2019
583 ms. Memory: 549376K Free: 476740K (87%)
ptolemy.util.test.WatchDog.cancel(): canceling Fri Mar 29 03:53:41 UTC 2019
auto.tcl: Setting watchdog for 200 seconds at Fri Mar 29 03:53:41 UTC 2019
534 ms. Memory: 549376K Free: 417603K (76%)
ptolemy.util.test.WatchDog.cancel(): canceling Fri Mar 29 03:53:41 UTC 2019
------------------ testing $PTII/ptolemy/domains/de/test/auto/TimeDelayZeroDelay.xml
auto.tcl: Setting watchdog for 200 seconds at Fri Mar 29 03:53:41 UTC 2019
4 ms. Memory: 550400K Free: 534117K (97%)
ptolemy.util.test.WatchDog.cancel(): canceling Fri Mar 29 03:53:41 UTC 2019
auto.tcl: Setting watchdog for 200 seconds at Fri Mar 29 03:53:41 UTC 2019
2 ms. Memory: 550400K Free: 534117K (97%)
ptolemy.util.test.WatchDog.cancel(): canceling Fri Mar 29 03:53:41 UTC 2019
------------------ testing $PTII/ptolemy/domains/de/test/auto/TimerZeroDelay.xml
auto.tcl: Setting watchdog for 200 seconds at Fri Mar 29 03:53:41 UTC 2019
5 ms. Memory: 549376K Free: 533680K (97%)
ptolemy.util.test.WatchDog.cancel(): canceling Fri Mar 29 03:53:41 UTC 2019
auto.tcl: Setting watchdog for 200 seconds at Fri Mar 29 03:53:41 UTC 2019
2 ms. Memory: 549376K Free: 533680K (97%)
ptolemy.util.test.WatchDog.cancel(): canceling Fri Mar 29 03:53:41 UTC 2019
------------------ testing $PTII/ptolemy/domains/de/test/auto/TimingParadox.xml
auto.tcl: Setting watchdog for 200 seconds at Fri Mar 29 03:53:41 UTC 2019
377 ms. Memory: 549888K Free: 463317K (84%)
ptolemy.util.test.WatchDog.cancel(): canceling Fri Mar 29 03:53:42 UTC 2019
auto.tcl: Setting watchdog for 200 seconds at Fri Mar 29 03:53:42 UTC 2019
332 ms. Memory: 549888K Free: 423892K (77%)
ptolemy.util.test.WatchDog.cancel(): canceling Fri Mar 29 03:53:42 UTC 2019
------------------ testing $PTII/ptolemy/domains/de/test/auto/TransferInputs.xml
auto.tcl: Setting watchdog for 200 seconds at Fri Mar 29 03:53:42 UTC 2019
2 ms. Memory: 549888K Free: 533153K (97%)
ptolemy.util.test.WatchDog.cancel(): canceling Fri Mar 29 03:53:42 UTC 2019
auto.tcl: Setting watchdog for 200 seconds at Fri Mar 29 03:53:42 UTC 2019
2 ms. Memory: 549888K Free: 533153K (97%)
ptolemy.util.test.WatchDog.cancel(): canceling Fri Mar 29 03:53:42 UTC 2019
------------------ testing $PTII/ptolemy/domains/de/test/auto/TransferOutputs2.xml
auto.tcl: Setting watchdog for 200 seconds at Fri Mar 29 03:53:42 UTC 2019
3 ms. Memory: 549376K Free: 522476K (95%)
ptolemy.util.test.WatchDog.cancel(): canceling Fri Mar 29 03:53:42 UTC 2019
auto.tcl: Setting watchdog for 200 seconds at Fri Mar 29 03:53:42 UTC 2019
3 ms. Memory: 549376K Free: 522476K (95%)
ptolemy.util.test.WatchDog.cancel(): canceling Fri Mar 29 03:53:42 UTC 2019
------------------ testing $PTII/ptolemy/domains/de/test/auto/Trilateration.xml
auto.tcl: Setting watchdog for 200 seconds at Fri Mar 29 03:53:42 UTC 2019
15140 ms. Memory: 440832K Free: 403323K (91%)
ptolemy.util.test.WatchDog.cancel(): canceling Fri Mar 29 03:53:58 UTC 2019
auto.tcl: Setting watchdog for 200 seconds at Fri Mar 29 03:53:58 UTC 2019
11241 ms. Memory: 331264K Free: 147409K (44%)
ptolemy.util.test.WatchDog.cancel(): canceling Fri Mar 29 03:54:10 UTC 2019
------------------ testing $PTII/ptolemy/domains/de/test/auto/TwoSigmaDelta.xml
auto.tcl: Setting watchdog for 200 seconds at Fri Mar 29 03:54:10 UTC 2019
3216 ms. Memory: 320000K Free: 248944K (78%)
ptolemy.util.test.WatchDog.cancel(): canceling Fri Mar 29 03:54:13 UTC 2019
auto.tcl: Setting watchdog for 200 seconds at Fri Mar 29 03:54:13 UTC 2019
2448 ms. Memory: 307712K Free: 226854K (74%)
ptolemy.util.test.WatchDog.cancel(): canceling Fri Mar 29 03:54:16 UTC 2019
------------------ testing $PTII/ptolemy/domains/de/test/auto/VariableDelay.xml
auto.tcl: Setting watchdog for 200 seconds at Fri Mar 29 03:54:16 UTC 2019
2 ms. Memory: 309760K Free: 293896K (95%)
ptolemy.util.test.WatchDog.cancel(): canceling Fri Mar 29 03:54:16 UTC 2019
auto.tcl: Setting watchdog for 200 seconds at Fri Mar 29 03:54:16 UTC 2019
1 ms. Memory: 309760K Free: 293896K (95%)
ptolemy.util.test.WatchDog.cancel(): canceling Fri Mar 29 03:54:16 UTC 2019
------------------ testing $PTII/ptolemy/domains/de/test/auto/VariableDelay2.xml
auto.tcl: Setting watchdog for 200 seconds at Fri Mar 29 03:54:16 UTC 2019
1 ms. Memory: 307712K Free: 294537K (96%)
ptolemy.util.test.WatchDog.cancel(): canceling Fri Mar 29 03:54:16 UTC 2019
auto.tcl: Setting watchdog for 200 seconds at Fri Mar 29 03:54:16 UTC 2019
2 ms. Memory: 307712K Free: 294537K (96%)
ptolemy.util.test.WatchDog.cancel(): canceling Fri Mar 29 03:54:16 UTC 2019
------------------ testing $PTII/ptolemy/domains/de/test/auto/VariableDelayZeroDelay.xml
auto.tcl: Setting watchdog for 200 seconds at Fri Mar 29 03:54:16 UTC 2019
5 ms. Memory: 309248K Free: 297015K (96%)
ptolemy.util.test.WatchDog.cancel(): canceling Fri Mar 29 03:54:16 UTC 2019
auto.tcl: Setting watchdog for 200 seconds at Fri Mar 29 03:54:16 UTC 2019
2 ms. Memory: 309248K Free: 293824K (95%)
ptolemy.util.test.WatchDog.cancel(): canceling Fri Mar 29 03:54:16 UTC 2019
------------------ testing $PTII/ptolemy/domains/de/test/auto/VariableDelayZeroDelay2.xml
auto.tcl: Setting watchdog for 200 seconds at Fri Mar 29 03:54:16 UTC 2019
2 ms. Memory: 307712K Free: 292271K (95%)
ptolemy.util.test.WatchDog.cancel(): canceling Fri Mar 29 03:54:16 UTC 2019
auto.tcl: Setting watchdog for 200 seconds at Fri Mar 29 03:54:16 UTC 2019
2 ms. Memory: 307712K Free: 292271K (95%)
ptolemy.util.test.WatchDog.cancel(): canceling Fri Mar 29 03:54:16 UTC 2019
------------------ testing $PTII/ptolemy/domains/de/test/auto/deInCt.xml
auto.tcl: Setting watchdog for 200 seconds at Fri Mar 29 03:54:16 UTC 2019
0
1
1
0
0
1
1
1
0
0
0
1
1
1
0
0
0
1
1
1
1
1
1
0
0
0
1
1
1
0
0
0
1
1
1
0
0
0
1
1
1
0
0
0
0
0
14 ms. Memory: 309248K Free: 293800K (95%)
ptolemy.util.test.WatchDog.cancel(): canceling Fri Mar 29 03:54:16 UTC 2019
auto.tcl: Setting watchdog for 200 seconds at Fri Mar 29 03:54:16 UTC 2019
0
1
1
1
0
0
0
1
1
1
0
0
0
1
1
1
0
0
0
0
1
1
0
0
0
1
1
1
0
0
1
1
1
0
0
0
1
1
1
0
0
0
0
0
1
1
1
0
0
0
0
5 ms. Memory: 309248K Free: 293800K (95%)
ptolemy.util.test.WatchDog.cancel(): canceling Fri Mar 29 03:54:16 UTC 2019
------------------ testing $PTII/ptolemy/domains/de/test/auto/deInCt2.xml
auto.tcl: Setting watchdog for 200 seconds at Fri Mar 29 03:54:16 UTC 2019
0
1
1
1
0
0
1
1
1
0
0
1
1
1
0
0
1
1
1
0
0
1
1
1
0
0
1
1
1
0
0
1
1
1
0
0
1
1
1
0
0
0
9 ms. Memory: 307712K Free: 292247K (95%)
ptolemy.util.test.WatchDog.cancel(): canceling Fri Mar 29 03:54:16 UTC 2019
auto.tcl: Setting watchdog for 200 seconds at Fri Mar 29 03:54:16 UTC 2019
0
1
1
1
0
0
1
1
1
0
0
1
1
1
0
0
1
1
1
0
0
1
1
1
0
0
1
1
1
0
0
1
1
1
0
0
1
1
1
0
0
0
6 ms. Memory: 307712K Free: 292247K (95%)
ptolemy.util.test.WatchDog.cancel(): canceling Fri Mar 29 03:54:16 UTC 2019
------------------ testing $PTII/ptolemy/domains/de/test/auto/dynamicCausalityInterface1.xml
auto.tcl: Setting watchdog for 200 seconds at Fri Mar 29 03:54:16 UTC 2019
1 ms. Memory: 308736K Free: 292375K (95%)
ptolemy.util.test.WatchDog.cancel(): canceling Fri Mar 29 03:54:16 UTC 2019
auto.tcl: Setting watchdog for 200 seconds at Fri Mar 29 03:54:16 UTC 2019
1 ms. Memory: 308736K Free: 289169K (94%)
ptolemy.util.test.WatchDog.cancel(): canceling Fri Mar 29 03:54:16 UTC 2019
------------------ testing $PTII/ptolemy/domains/de/test/auto/fsm_de_test.xml
auto.tcl: Setting watchdog for 200 seconds at Fri Mar 29 03:54:16 UTC 2019
13 ms. Memory: 307712K Free: 288967K (94%)
ptolemy.util.test.WatchDog.cancel(): canceling Fri Mar 29 03:54:16 UTC 2019
auto.tcl: Setting watchdog for 200 seconds at Fri Mar 29 03:54:16 UTC 2019
7 ms. Memory: 307712K Free: 285776K (93%)
ptolemy.util.test.WatchDog.cancel(): canceling Fri Mar 29 03:54:16 UTC 2019
------------------ testing $PTII/ptolemy/domains/de/test/auto/functionDependencyReconstruction.xml
auto.tcl: Setting watchdog for 200 seconds at Fri Mar 29 03:54:16 UTC 2019
3 ms. Memory: 308736K Free: 283575K (92%)
ptolemy.util.test.WatchDog.cancel(): canceling Fri Mar 29 03:54:16 UTC 2019
auto.tcl: Setting watchdog for 200 seconds at Fri Mar 29 03:54:16 UTC 2019
2 ms. Memory: 308736K Free: 280369K (91%)
ptolemy.util.test.WatchDog.cancel(): canceling Fri Mar 29 03:54:16 UTC 2019
------------------ testing $PTII/ptolemy/domains/de/test/auto/multirate.xml
auto.tcl: Setting watchdog for 200 seconds at Fri Mar 29 03:54:16 UTC 2019
4 ms. Memory: 307712K Free: 292022K (95%)
ptolemy.util.test.WatchDog.cancel(): canceling Fri Mar 29 03:54:16 UTC 2019
auto.tcl: Setting watchdog for 200 seconds at Fri Mar 29 03:54:16 UTC 2019
3 ms. Memory: 307712K Free: 288796K (94%)
ptolemy.util.test.WatchDog.cancel(): canceling Fri Mar 29 03:54:16 UTC 2019
------------------ testing $PTII/ptolemy/domains/de/test/auto/multirate2.xml
auto.tcl: Setting watchdog for 200 seconds at Fri Mar 29 03:54:16 UTC 2019
7 ms. Memory: 308736K Free: 293234K (95%)
ptolemy.util.test.WatchDog.cancel(): canceling Fri Mar 29 03:54:16 UTC 2019
auto.tcl: Setting watchdog for 200 seconds at Fri Mar 29 03:54:16 UTC 2019
3 ms. Memory: 308736K Free: 290044K (94%)
ptolemy.util.test.WatchDog.cancel(): canceling Fri Mar 29 03:54:16 UTC 2019
------------------ testing $PTII/ptolemy/domains/de/test/auto/realtime.xml
auto.tcl: Setting watchdog for 200 seconds at Fri Mar 29 03:54:16 UTC 2019
10001 ms. Memory: 307712K Free: 292188K (95%)
ptolemy.util.test.WatchDog.cancel(): canceling Fri Mar 29 03:54:26 UTC 2019
auto.tcl: Setting watchdog for 200 seconds at Fri Mar 29 03:54:26 UTC 2019
10002 ms. Memory: 307712K Free: 292188K (95%)
ptolemy.util.test.WatchDog.cancel(): canceling Fri Mar 29 03:54:36 UTC 2019
------------------ testing $PTII/ptolemy/domains/de/test/auto/relationGroup.xml
auto.tcl: Setting watchdog for 200 seconds at Fri Mar 29 03:54:37 UTC 2019
1 ms. Memory: 308224K Free: 298215K (97%)
ptolemy.util.test.WatchDog.cancel(): canceling Fri Mar 29 03:54:37 UTC 2019
auto.tcl: Setting watchdog for 200 seconds at Fri Mar 29 03:54:37 UTC 2019
1 ms. Memory: 308224K Free: 298215K (97%)
ptolemy.util.test.WatchDog.cancel(): canceling Fri Mar 29 03:54:37 UTC 2019
------------------ testing $PTII/ptolemy/domains/de/test/auto/relationGroup2.xml
auto.tcl: Setting watchdog for 200 seconds at Fri Mar 29 03:54:37 UTC 2019
1 ms. Memory: 307712K Free: 295467K (96%)
ptolemy.util.test.WatchDog.cancel(): canceling Fri Mar 29 03:54:37 UTC 2019
auto.tcl: Setting watchdog for 200 seconds at Fri Mar 29 03:54:37 UTC 2019
1 ms. Memory: 307712K Free: 292277K (95%)
ptolemy.util.test.WatchDog.cancel(): canceling Fri Mar 29 03:54:37 UTC 2019
------------------ testing $PTII/ptolemy/domains/de/test/auto/sortWithOpaquePorts.xml
auto.tcl: Setting watchdog for 200 seconds at Fri Mar 29 03:54:37 UTC 2019
2 ms. Memory: 308224K Free: 292781K (95%)
ptolemy.util.test.WatchDog.cancel(): canceling Fri Mar 29 03:54:37 UTC 2019
auto.tcl: Setting watchdog for 200 seconds at Fri Mar 29 03:54:37 UTC 2019
1 ms. Memory: 308224K Free: 292781K (95%)
ptolemy.util.test.WatchDog.cancel(): canceling Fri Mar 29 03:54:37 UTC 2019
------------------ testing $PTII/ptolemy/domains/de/test/auto/transferInputsandOutputs.xml
auto.tcl: Setting watchdog for 200 seconds at Fri Mar 29 03:54:37 UTC 2019
2 ms. Memory: 307712K Free: 292264K (95%)
ptolemy.util.test.WatchDog.cancel(): canceling Fri Mar 29 03:54:37 UTC 2019
auto.tcl: Setting watchdog for 200 seconds at Fri Mar 29 03:54:37 UTC 2019
2 ms. Memory: 307712K Free: 289074K (94%)
ptolemy.util.test.WatchDog.cancel(): canceling Fri Mar 29 03:54:37 UTC 2019
------------------ testing $PTII/ptolemy/domains/de/test/auto/triggerType.xml
auto.tcl: Setting watchdog for 200 seconds at Fri Mar 29 03:54:37 UTC 2019
1 ms. Memory: 308224K Free: 295917K (96%)
ptolemy.util.test.WatchDog.cancel(): canceling Fri Mar 29 03:54:37 UTC 2019
auto.tcl: Setting watchdog for 200 seconds at Fri Mar 29 03:54:37 UTC 2019
1 ms. Memory: 308224K Free: 292710K (95%)
ptolemy.util.test.WatchDog.cancel(): canceling Fri Mar 29 03:54:37 UTC 2019
03/29/19 03:54:37
Failed: 0  Total Tests: 192  ((Passed: 187, Newly Passed: 1)  Known Failed: 5) /home/travis/build/icyphy/ptII/ptolemy/domains/de/test
03/29/19 03:54:37
Failed: 0  Total Tests: 192  ((Passed: 187, Newly Passed: 1)  Known Failed: 5) /home/travis/build/icyphy/ptII/ptolemy/domains/de/test
----------------- testing (KnownFailure) /home/travis/build/icyphy/ptII/ptolemy/domains/de/test/auto/knownFailedTests/DESDFClockTest.xml
2014 ms. Memory: 307712K Free: 286370K (93%)
Known Failure: java.lang.reflect.InvocationTargetException
----------------- testing (KnownFailure) /home/travis/build/icyphy/ptII/ptolemy/domains/de/test/auto/knownFailedTests/DirectFeedback.xml
2 ms. Memory: 307712K Free: 268265K (87%)
Known Failure: java.lang.reflect.InvocationTargetException
----------------- testing (KnownFailure) /home/travis/build/icyphy/ptII/ptolemy/domains/de/test/auto/knownFailedTests/FSMSource.xml
5 ms. Memory: 307712K Free: 245627K (80%)
----------------- testing (KnownFailure) /home/travis/build/icyphy/ptII/ptolemy/domains/de/test/auto/knownFailedTests/HierarchicalModel.xml
2 ms. Memory: 307712K Free: 222964K (72%)
Known Failure: java.lang.reflect.InvocationTargetException
----------------- testing (KnownFailure) /home/travis/build/icyphy/ptII/ptolemy/domains/de/test/auto/knownFailedTests/dependencyLoop.xml
1 ms. Memory: 307712K Free: 191265K (62%)
Known Failure: java.lang.reflect.InvocationTargetException
----------------- testing (KnownFailure) /home/travis/build/icyphy/ptII/ptolemy/domains/de/test/auto/knownFailedTests/dependencyLoop2.xml
2 ms. Memory: 307712K Free: 159566K (52%)
Known Failure: java.lang.reflect.InvocationTargetException
No auto/linux-amd64/*.xml tests in /home/travis/build/icyphy/ptII/ptolemy/domains/de/test
AutoTests.java: About to close Vertx.
AutoTests.java: Vertx closed.

===========================================================================================
----------------- testing Fri Mar 29 03:54:39 UTC 2019 /home/travis/build/icyphy/ptII/ptolemy/domains/de/test/auto/ActorDepthCalculation_actorWithoutPorts.xml
----------------- Instantiating /home/travis/build/icyphy/ptII/ptolemy/domains/de/test/auto/ActorDepthCalculation_actorWithoutPorts.xml
2 ms. Memory: 307712K Free: 136935K (45%)
----------------- Invoking toplevel() on ptolemy.moml.MoMLSimpleApplication@42214ffa
----------------- Done invoking toplevel() on ptolemy.moml.MoMLSimpleApplication@42214ffa
reloadAllAccessors: .ActorDepthCalculation_actorWithoutPorts

===========================================================================================
----------------- testing Fri Mar 29 03:54:39 UTC 2019 /home/travis/build/icyphy/ptII/ptolemy/domains/de/test/auto/AssemblyLine.xml
----------------- Instantiating /home/travis/build/icyphy/ptII/ptolemy/domains/de/test/auto/AssemblyLine.xml
2 ms. Memory: 307712K Free: 123357K (40%)
----------------- Invoking toplevel() on ptolemy.moml.MoMLSimpleApplication@22a20461
----------------- Done invoking toplevel() on ptolemy.moml.MoMLSimpleApplication@22a20461
reloadAllAccessors: .AssemblyLine

===========================================================================================
----------------- testing Fri Mar 29 03:54:39 UTC 2019 /home/travis/build/icyphy/ptII/ptolemy/domains/de/test/auto/CQBug1.xml
----------------- Instantiating /home/travis/build/icyphy/ptII/ptolemy/domains/de/test/auto/CQBug1.xml
1 ms. Memory: 307712K Free: 114305K (37%)
----------------- Invoking toplevel() on ptolemy.moml.MoMLSimpleApplication@2c770311
----------------- Done invoking toplevel() on ptolemy.moml.MoMLSimpleApplication@2c770311
reloadAllAccessors: .CQBug1

===========================================================================================
----------------- testing Fri Mar 29 03:54:39 UTC 2019 /home/travis/build/icyphy/ptII/ptolemy/domains/de/test/auto/CancelFireAt.xml
----------------- Instantiating /home/travis/build/icyphy/ptII/ptolemy/domains/de/test/auto/CancelFireAt.xml
1 ms. Memory: 307712K Free: 105253K (34%)
----------------- Invoking toplevel() on ptolemy.moml.MoMLSimpleApplication@617b46fd
----------------- Done invoking toplevel() on ptolemy.moml.MoMLSimpleApplication@617b46fd
reloadAllAccessors: .CancelFireAt

===========================================================================================
----------------- testing Fri Mar 29 03:54:39 UTC 2019 /home/travis/build/icyphy/ptII/ptolemy/domains/de/test/auto/CausalityAndComposabilityAnalysis.xml
----------------- Instantiating /home/travis/build/icyphy/ptII/ptolemy/domains/de/test/auto/CausalityAndComposabilityAnalysis.xml
1 ms. Memory: 307712K Free: 96201K (31%)
----------------- Invoking toplevel() on ptolemy.moml.MoMLSimpleApplication@15cfd70f
----------------- Done invoking toplevel() on ptolemy.moml.MoMLSimpleApplication@15cfd70f
reloadAllAccessors: .CausalityAndComposabilityAnalysis

===========================================================================================
----------------- testing Fri Mar 29 03:54:39 UTC 2019 /home/travis/build/icyphy/ptII/ptolemy/domains/de/test/auto/CausalityInterface1.xml
----------------- Instantiating /home/travis/build/icyphy/ptII/ptolemy/domains/de/test/auto/CausalityInterface1.xml
3 ms. Memory: 307712K Free: 83958K (27%)
----------------- Invoking toplevel() on ptolemy.moml.MoMLSimpleApplication@893554
----------------- Done invoking toplevel() on ptolemy.moml.MoMLSimpleApplication@893554
reloadAllAccessors: .CausalityInterface1

===========================================================================================
----------------- testing Fri Mar 29 03:54:39 UTC 2019 /home/travis/build/icyphy/ptII/ptolemy/domains/de/test/auto/CausalityInterface15.xml
----------------- Instantiating /home/travis/build/icyphy/ptII/ptolemy/domains/de/test/auto/CausalityInterface15.xml
9 ms. Memory: 298496K Free: 289274K (97%)
----------------- Invoking toplevel() on ptolemy.moml.MoMLSimpleApplication@40c313fa
----------------- Done invoking toplevel() on ptolemy.moml.MoMLSimpleApplication@40c313fa
reloadAllAccessors: .CausalityInterface15

[...]
java.lang.RuntimeException: Execution failed
	at ptolemy.moml.MoMLSimpleApplication$UnloadThread.run(MoMLSimpleApplication.java:402)
Caused by: ptolemy.kernel.util.IllegalActionException: Test fails in iteration 1.
Value was: 1.0. Should have been: 2.0
  in .DirectFeedback.Test
	at ptolemy.actor.lib.Test.fire(Test.java:268)
	at ptolemy.domains.de.kernel.DEDirector._fire(DEDirector.java:1949)
	at ptolemy.domains.de.kernel.DEDirector.fire(DEDirector.java:502)
	at ptolemy.actor.CompositeActor.fire(CompositeActor.java:455)
	at ptolemy.actor.Manager.iterate(Manager.java:851)
	at ptolemy.actor.Manager.execute(Manager.java:369)
	at ptolemy.actor.Manager.run(Manager.java:1263)
	at ptolemy.actor.Manager$PtolemyRunThread.run(Manager.java:1915)
java.lang.RuntimeException: Execution failed
	at ptolemy.moml.MoMLSimpleApplication$UnloadThread.run(MoMLSimpleApplication.java:402)
Caused by: ptolemy.kernel.util.IllegalActionException: Actor is not ready to fire.  Perhaps UpSample.prefire() returned false? Try debugging the actor by selecting "Listen to Actor".  Also, for SDF check moml for tokenConsumptionRate on input.
  in .DESDFClockTest.Play Bell.Copy1:SDF Director and .DESDFClockTest.Play Bell.UpSample
	at ptolemy.actor.sched.StaticSchedulingDirector.fire(StaticSchedulingDirector.java:227)
	at ptolemy.domains.sdf.kernel.SDFDirector.fire(SDFDirector.java:500)
	at ptolemy.actor.CompositeActor.fire(CompositeActor.java:455)
	at ptolemy.domains.de.kernel.DEDirector._fire(DEDirector.java:1949)
	at ptolemy.domains.de.kernel.DEDirector.fire(DEDirector.java:502)
	at ptolemy.actor.CompositeActor.fire(CompositeActor.java:455)
	at ptolemy.actor.Manager.iterate(Manager.java:851)
	at ptolemy.actor.Manager.execute(Manager.java:369)
	at ptolemy.actor.Manager.run(Manager.java:1263)
	at ptolemy.actor.Manager$PtolemyRunThread.run(Manager.java:1915)
java.lang.reflect.InvocationTargetException
	at sun.reflect.NativeConstructorAccessorImpl.newInstance0(Native Method)
	at sun.reflect.NativeConstructorAccessorImpl.newInstance(NativeConstructorAccessorImpl.java:62)
	at sun.reflect.DelegatingConstructorAccessorImpl.newInstance(DelegatingConstructorAccessorImpl.java:45)
	at java.lang.reflect.Constructor.newInstance(Constructor.java:423)
	at ptolemy.util.test.junit.AutoKnownFailedTests.RunModel(AutoKnownFailedTests.java:105)
	at sun.reflect.NativeMethodAccessorImpl.invoke0(Native Method)
	at sun.reflect.NativeMethodAccessorImpl.invoke(NativeMethodAccessorImpl.java:62)
	at sun.reflect.DelegatingMethodAccessorImpl.invoke(DelegatingMethodAccessorImpl.java:43)
	at java.lang.reflect.Method.invoke(Method.java:498)
	at org.junit.runners.model.FrameworkMethod$1.runReflectiveCall(FrameworkMethod.java:44)
	at org.junit.internal.runners.model.ReflectiveCallable.run(ReflectiveCallable.java:15)
	at org.junit.runners.model.FrameworkMethod.invokeExplosively(FrameworkMethod.java:41)
	at junitparams.internal.InvokeParameterisedMethod.evaluate(InvokeParameterisedMethod.java:102)
	at org.junit.internal.runners.statements.FailOnTimeout$1.run(FailOnTimeout.java:28)
Caused by: ptolemy.kernel.util.IllegalActionException: Actor is not ready to fire.  Perhaps UpSample.prefire() returned false? Try debugging the actor by selecting "Listen to Actor".  Also, for SDF check moml for tokenConsumptionRate on input.
  in .DESDFClockTest.Play Bell.Copy1:SDF Director and .DESDFClockTest.Play Bell.UpSample
	at ptolemy.actor.sched.StaticSchedulingDirector.fire(StaticSchedulingDirector.java:227)
	at ptolemy.domains.sdf.kernel.SDFDirector.fire(SDFDirector.java:500)
	at ptolemy.actor.CompositeActor.fire(CompositeActor.java:455)
	at ptolemy.domains.de.kernel.DEDirector._fire(DEDirector.java:1949)
	at ptolemy.domains.de.kernel.DEDirector.fire(DEDirector.java:502)
	at ptolemy.actor.CompositeActor.fire(CompositeActor.java:455)
	at ptolemy.actor.Manager.iterate(Manager.java:851)
	at ptolemy.actor.Manager.execute(Manager.java:369)
	at ptolemy.actor.Manager.run(Manager.java:1263)
	at ptolemy.actor.Manager$PtolemyRunThread.run(Manager.java:1915)
java.lang.RuntimeException: Execution failed
	at ptolemy.moml.MoMLSimpleApplication$UnloadThread.run(MoMLSimpleApplication.java:402)
Caused by: ptolemy.kernel.util.IllegalActionException: Test fails in iteration 1.
Value was: 1.0. Should have been: 2.0
  in .DirectFeedback.Test
	at ptolemy.actor.lib.Test.fire(Test.java:268)
	at ptolemy.domains.de.kernel.DEDirector._fire(DEDirector.java:1949)
	at ptolemy.domains.de.kernel.DEDirector.fire(DEDirector.java:502)
	at ptolemy.actor.CompositeActor.fire(CompositeActor.java:455)
	at ptolemy.actor.Manager.iterate(Manager.java:851)
	at ptolemy.actor.Manager.execute(Manager.java:369)
	at ptolemy.actor.Manager.run(Manager.java:1263)
	at ptolemy.actor.Manager$PtolemyRunThread.run(Manager.java:1915)
java.lang.reflect.InvocationTargetException
	at sun.reflect.NativeConstructorAccessorImpl.newInstance0(Native Method)
	at sun.reflect.NativeConstructorAccessorImpl.newInstance(NativeConstructorAccessorImpl.java:62)
	at sun.reflect.DelegatingConstructorAccessorImpl.newInstance(DelegatingConstructorAccessorImpl.java:45)
	at java.lang.reflect.Constructor.newInstance(Constructor.java:423)
	at ptolemy.util.test.junit.AutoKnownFailedTests.RunModel(AutoKnownFailedTests.java:105)
	at sun.reflect.NativeMethodAccessorImpl.invoke0(Native Method)
	at sun.reflect.NativeMethodAccessorImpl.invoke(NativeMethodAccessorImpl.java:62)
	at sun.reflect.DelegatingMethodAccessorImpl.invoke(DelegatingMethodAccessorImpl.java:43)
	at java.lang.reflect.Method.invoke(Method.java:498)
	at org.junit.runners.model.FrameworkMethod$1.runReflectiveCall(FrameworkMethod.java:44)
	at org.junit.internal.runners.model.ReflectiveCallable.run(ReflectiveCallable.java:15)
	at org.junit.runners.model.FrameworkMethod.invokeExplosively(FrameworkMethod.java:41)
	at junitparams.internal.InvokeParameterisedMethod.evaluate(InvokeParameterisedMethod.java:102)
	at org.junit.internal.runners.statements.FailOnTimeout$1.run(FailOnTimeout.java:28)
Caused by: ptolemy.kernel.util.IllegalActionException: Test fails in iteration 1.
Value was: 1.0. Should have been: 2.0
  in .DirectFeedback.Test
	at ptolemy.actor.lib.Test.fire(Test.java:268)
	at ptolemy.domains.de.kernel.DEDirector._fire(DEDirector.java:1949)
	at ptolemy.domains.de.kernel.DEDirector.fire(DEDirector.java:502)
	at ptolemy.actor.CompositeActor.fire(CompositeActor.java:455)
	at ptolemy.actor.Manager.iterate(Manager.java:851)
	at ptolemy.actor.Manager.execute(Manager.java:369)
	at ptolemy.actor.Manager.run(Manager.java:1263)
	at ptolemy.actor.Manager$PtolemyRunThread.run(Manager.java:1915)
java.lang.RuntimeException: Execution failed
	at ptolemy.moml.MoMLSimpleApplication$UnloadThread.run(MoMLSimpleApplication.java:402)
Caused by: ptolemy.kernel.util.IllegalActionException: Found a zero delay loop containing .HierarchicalModel.A
  in .HierarchicalModel and .HierarchicalModel.A
	at ptolemy.actor.util.CausalityInterfaceForComposites._computeOutputPortDepth(CausalityInterfaceForComposites.java:759)
	at ptolemy.actor.util.CausalityInterfaceForComposites._computeInputDepth(CausalityInterfaceForComposites.java:696)
	at ptolemy.actor.util.CausalityInterfaceForComposites._computeOutputPortDepth(CausalityInterfaceForComposites.java:765)
	at ptolemy.actor.util.CausalityInterfaceForComposites._computeInputDepth(CausalityInterfaceForComposites.java:696)
	at ptolemy.actor.util.CausalityInterfaceForComposites._computeOutputPortDepth(CausalityInterfaceForComposites.java:765)
	at ptolemy.actor.util.CausalityInterfaceForComposites._computeInputDepth(CausalityInterfaceForComposites.java:696)
	at ptolemy.actor.util.CausalityInterfaceForComposites._computeActorDepth(CausalityInterfaceForComposites.java:532)
	at ptolemy.actor.util.CausalityInterfaceForComposites.checkForCycles(CausalityInterfaceForComposites.java:96)
	at ptolemy.domains.de.kernel.DEDirector.preinitialize(DEDirector.java:1338)
	at ptolemy.actor.CompositeActor.preinitialize(CompositeActor.java:1828)
	at ptolemy.actor.Manager.preinitializeAndResolveTypes(Manager.java:1040)
	at ptolemy.actor.Manager.initialize(Manager.java:710)
	at ptolemy.actor.Manager.execute(Manager.java:356)
	at ptolemy.actor.Manager.run(Manager.java:1263)
	at ptolemy.actor.Manager$PtolemyRunThread.run(Manager.java:1915)
java.lang.reflect.InvocationTargetException
	at sun.reflect.NativeConstructorAccessorImpl.newInstance0(Native Method)
	at sun.reflect.NativeConstructorAccessorImpl.newInstance(NativeConstructorAccessorImpl.java:62)
	at sun.reflect.DelegatingConstructorAccessorImpl.newInstance(DelegatingConstructorAccessorImpl.java:45)
	at java.lang.reflect.Constructor.newInstance(Constructor.java:423)
	at ptolemy.util.test.junit.AutoKnownFailedTests.RunModel(AutoKnownFailedTests.java:105)
	at sun.reflect.NativeMethodAccessorImpl.invoke0(Native Method)
	at sun.reflect.NativeMethodAccessorImpl.invoke(NativeMethodAccessorImpl.java:62)
	at sun.reflect.DelegatingMethodAccessorImpl.invoke(DelegatingMethodAccessorImpl.java:43)
	at java.lang.reflect.Method.invoke(Method.java:498)
	at org.junit.runners.model.FrameworkMethod$1.runReflectiveCall(FrameworkMethod.java:44)
	at org.junit.internal.runners.model.ReflectiveCallable.run(ReflectiveCallable.java:15)
	at org.junit.runners.model.FrameworkMethod.invokeExplosively(FrameworkMethod.java:41)
	at junitparams.internal.InvokeParameterisedMethod.evaluate(InvokeParameterisedMethod.java:102)
	at org.junit.internal.runners.statements.FailOnTimeout$1.run(FailOnTimeout.java:28)
Caused by: ptolemy.kernel.util.IllegalActionException: Found a zero delay loop containing .HierarchicalModel.A
  in .HierarchicalModel and .HierarchicalModel.A
	at ptolemy.actor.util.CausalityInterfaceForComposites._computeOutputPortDepth(CausalityInterfaceForComposites.java:759)
	at ptolemy.actor.util.CausalityInterfaceForComposites._computeInputDepth(CausalityInterfaceForComposites.java:696)
	at ptolemy.actor.util.CausalityInterfaceForComposites._computeOutputPortDepth(CausalityInterfaceForComposites.java:765)
	at ptolemy.actor.util.CausalityInterfaceForComposites._computeInputDepth(CausalityInterfaceForComposites.java:696)
	at ptolemy.actor.util.CausalityInterfaceForComposites._computeOutputPortDepth(CausalityInterfaceForComposites.java:765)
	at ptolemy.actor.util.CausalityInterfaceForComposites._computeInputDepth(CausalityInterfaceForComposites.java:696)
	at ptolemy.actor.util.CausalityInterfaceForComposites._computeActorDepth(CausalityInterfaceForComposites.java:532)
	at ptolemy.actor.util.CausalityInterfaceForComposites.checkForCycles(CausalityInterfaceForComposites.java:96)
	at ptolemy.domains.de.kernel.DEDirector.preinitialize(DEDirector.java:1338)
	at ptolemy.actor.CompositeActor.preinitialize(CompositeActor.java:1828)
	at ptolemy.actor.Manager.preinitializeAndResolveTypes(Manager.java:1040)
	at ptolemy.actor.Manager.initialize(Manager.java:710)
	at ptolemy.actor.Manager.execute(Manager.java:356)
	at ptolemy.actor.Manager.run(Manager.java:1263)
	at ptolemy.actor.Manager$PtolemyRunThread.run(Manager.java:1915)
java.lang.RuntimeException: Execution failed
	at ptolemy.moml.MoMLSimpleApplication$UnloadThread.run(MoMLSimpleApplication.java:402)
Caused by: ptolemy.kernel.util.IllegalActionException: Found a zero delay loop containing .dependencyLoop.original
  in .dependencyLoop and .dependencyLoop.original
	at ptolemy.actor.util.CausalityInterfaceForComposites._computeOutputPortDepth(CausalityInterfaceForComposites.java:759)
	at ptolemy.actor.util.CausalityInterfaceForComposites._computeInputDepth(CausalityInterfaceForComposites.java:696)
	at ptolemy.actor.util.CausalityInterfaceForComposites._computeOutputPortDepth(CausalityInterfaceForComposites.java:765)
	at ptolemy.actor.util.CausalityInterfaceForComposites._computeInputDepth(CausalityInterfaceForComposites.java:696)
	at ptolemy.actor.util.CausalityInterfaceForComposites._computeOutputPortDepth(CausalityInterfaceForComposites.java:765)
	at ptolemy.actor.util.CausalityInterfaceForComposites._computeInputDepth(CausalityInterfaceForComposites.java:696)
	at ptolemy.actor.util.CausalityInterfaceForComposites._computeActorDepth(CausalityInterfaceForComposites.java:532)
	at ptolemy.actor.util.CausalityInterfaceForComposites.checkForCycles(CausalityInterfaceForComposites.java:96)
	at ptolemy.domains.de.kernel.DEDirector.preinitialize(DEDirector.java:1338)
	at ptolemy.actor.CompositeActor.preinitialize(CompositeActor.java:1828)
	at ptolemy.actor.Manager.preinitializeAndResolveTypes(Manager.java:1040)
	at ptolemy.actor.Manager.initialize(Manager.java:710)
	at ptolemy.actor.Manager.execute(Manager.java:356)
	at ptolemy.actor.Manager.run(Manager.java:1263)
	at ptolemy.actor.Manager$PtolemyRunThread.run(Manager.java:1915)
java.lang.reflect.InvocationTargetException
	at sun.reflect.NativeConstructorAccessorImpl.newInstance0(Native Method)
	at sun.reflect.NativeConstructorAccessorImpl.newInstance(NativeConstructorAccessorImpl.java:62)
	at sun.reflect.DelegatingConstructorAccessorImpl.newInstance(DelegatingConstructorAccessorImpl.java:45)
	at java.lang.reflect.Constructor.newInstance(Constructor.java:423)
	at ptolemy.util.test.junit.AutoKnownFailedTests.RunModel(AutoKnownFailedTests.java:105)
	at sun.reflect.NativeMethodAccessorImpl.invoke0(Native Method)
	at sun.reflect.NativeMethodAccessorImpl.invoke(NativeMethodAccessorImpl.java:62)
	at sun.reflect.DelegatingMethodAccessorImpl.invoke(DelegatingMethodAccessorImpl.java:43)
	at java.lang.reflect.Method.invoke(Method.java:498)
	at org.junit.runners.model.FrameworkMethod$1.runReflectiveCall(FrameworkMethod.java:44)
	at org.junit.internal.runners.model.ReflectiveCallable.run(ReflectiveCallable.java:15)
	at org.junit.runners.model.FrameworkMethod.invokeExplosively(FrameworkMethod.java:41)
	at junitparams.internal.InvokeParameterisedMethod.evaluate(InvokeParameterisedMethod.java:102)
	at org.junit.internal.runners.statements.FailOnTimeout$1.run(FailOnTimeout.java:28)
Caused by: ptolemy.kernel.util.IllegalActionException: Found a zero delay loop containing .dependencyLoop.original
  in .dependencyLoop and .dependencyLoop.original
	at ptolemy.actor.util.CausalityInterfaceForComposites._computeOutputPortDepth(CausalityInterfaceForComposites.java:759)
	at ptolemy.actor.util.CausalityInterfaceForComposites._computeInputDepth(CausalityInterfaceForComposites.java:696)
	at ptolemy.actor.util.CausalityInterfaceForComposites._computeOutputPortDepth(CausalityInterfaceForComposites.java:765)
	at ptolemy.actor.util.CausalityInterfaceForComposites._computeInputDepth(CausalityInterfaceForComposites.java:696)
	at ptolemy.actor.util.CausalityInterfaceForComposites._computeOutputPortDepth(CausalityInterfaceForComposites.java:765)
	at ptolemy.actor.util.CausalityInterfaceForComposites._computeInputDepth(CausalityInterfaceForComposites.java:696)
	at ptolemy.actor.util.CausalityInterfaceForComposites._computeActorDepth(CausalityInterfaceForComposites.java:532)
	at ptolemy.actor.util.CausalityInterfaceForComposites.checkForCycles(CausalityInterfaceForComposites.java:96)
	at ptolemy.domains.de.kernel.DEDirector.preinitialize(DEDirector.java:1338)
	at ptolemy.actor.CompositeActor.preinitialize(CompositeActor.java:1828)
	at ptolemy.actor.Manager.preinitializeAndResolveTypes(Manager.java:1040)
	at ptolemy.actor.Manager.initialize(Manager.java:710)
	at ptolemy.actor.Manager.execute(Manager.java:356)
	at ptolemy.actor.Manager.run(Manager.java:1263)
	at ptolemy.actor.Manager$PtolemyRunThread.run(Manager.java:1915)
java.lang.RuntimeException: Execution failed
	at ptolemy.moml.MoMLSimpleApplication$UnloadThread.run(MoMLSimpleApplication.java:402)
Caused by: ptolemy.kernel.util.IllegalActionException: Found a zero delay loop containing .dependencyLoop2.original
  in .dependencyLoop2 and .dependencyLoop2.original
	at ptolemy.actor.util.CausalityInterfaceForComposites._computeOutputPortDepth(CausalityInterfaceForComposites.java:759)
	at ptolemy.actor.util.CausalityInterfaceForComposites._computeInputDepth(CausalityInterfaceForComposites.java:696)
	at ptolemy.actor.util.CausalityInterfaceForComposites._computeOutputPortDepth(CausalityInterfaceForComposites.java:765)
	at ptolemy.actor.util.CausalityInterfaceForComposites._computeInputDepth(CausalityInterfaceForComposites.java:696)
	at ptolemy.actor.util.CausalityInterfaceForComposites._computeOutputPortDepth(CausalityInterfaceForComposites.java:765)
	at ptolemy.actor.util.CausalityInterfaceForComposites._computeInputDepth(CausalityInterfaceForComposites.java:696)
	at ptolemy.actor.util.CausalityInterfaceForComposites._computeActorDepth(CausalityInterfaceForComposites.java:532)
	at ptolemy.actor.util.CausalityInterfaceForComposites.checkForCycles(CausalityInterfaceForComposites.java:96)
	at ptolemy.domains.de.kernel.DEDirector.preinitialize(DEDirector.java:1338)
	at ptolemy.actor.CompositeActor.preinitialize(CompositeActor.java:1828)
	at ptolemy.actor.Manager.preinitializeAndResolveTypes(Manager.java:1040)
	at ptolemy.actor.Manager.initialize(Manager.java:710)
	at ptolemy.actor.Manager.execute(Manager.java:356)
	at ptolemy.actor.Manager.run(Manager.java:1263)
	at ptolemy.actor.Manager$PtolemyRunThread.run(Manager.java:1915)
java.lang.reflect.InvocationTargetException
	at sun.reflect.NativeConstructorAccessorImpl.newInstance0(Native Method)
	at sun.reflect.NativeConstructorAccessorImpl.newInstance(NativeConstructorAccessorImpl.java:62)
	at sun.reflect.DelegatingConstructorAccessorImpl.newInstance(DelegatingConstructorAccessorImpl.java:45)
	at java.lang.reflect.Constructor.newInstance(Constructor.java:423)
	at ptolemy.util.test.junit.AutoKnownFailedTests.RunModel(AutoKnownFailedTests.java:105)
	at sun.reflect.NativeMethodAccessorImpl.invoke0(Native Method)
	at sun.reflect.NativeMethodAccessorImpl.invoke(NativeMethodAccessorImpl.java:62)
	at sun.reflect.DelegatingMethodAccessorImpl.invoke(DelegatingMethodAccessorImpl.java:43)
	at java.lang.reflect.Method.invoke(Method.java:498)
	at org.junit.runners.model.FrameworkMethod$1.runReflectiveCall(FrameworkMethod.java:44)
	at org.junit.internal.runners.model.ReflectiveCallable.run(ReflectiveCallable.java:15)
	at org.junit.runners.model.FrameworkMethod.invokeExplosively(FrameworkMethod.java:41)
	at junitparams.internal.InvokeParameterisedMethod.evaluate(InvokeParameterisedMethod.java:102)
	at org.junit.internal.runners.statements.FailOnTimeout$1.run(FailOnTimeout.java:28)
Caused by: ptolemy.kernel.util.IllegalActionException: Found a zero delay loop containing .dependencyLoop2.original
  in .dependencyLoop2 and .dependencyLoop2.original
	at ptolemy.actor.util.CausalityInterfaceForComposites._computeOutputPortDepth(CausalityInterfaceForComposites.java:759)
	at ptolemy.actor.util.CausalityInterfaceForComposites._computeInputDepth(CausalityInterfaceForComposites.java:696)
	at ptolemy.actor.util.CausalityInterfaceForComposites._computeOutputPortDepth(CausalityInterfaceForComposites.java:765)
	at ptolemy.actor.util.CausalityInterfaceForComposites._computeInputDepth(CausalityInterfaceForComposites.java:696)
	at ptolemy.actor.util.CausalityInterfaceForComposites._computeOutputPortDepth(CausalityInterfaceForComposites.java:765)
	at ptolemy.actor.util.CausalityInterfaceForComposites._computeInputDepth(CausalityInterfaceForComposites.java:696)
	at ptolemy.actor.util.CausalityInterfaceForComposites._computeActorDepth(CausalityInterfaceForComposites.java:532)
	at ptolemy.actor.util.CausalityInterfaceForComposites.checkForCycles(CausalityInterfaceForComposites.java:96)
	at ptolemy.domains.de.kernel.DEDirector.preinitialize(DEDirector.java:1338)
	at ptolemy.actor.CompositeActor.preinitialize(CompositeActor.java:1828)
	at ptolemy.actor.Manager.preinitializeAndResolveTypes(Manager.java:1040)
	at ptolemy.actor.Manager.initialize(Manager.java:710)
	at ptolemy.actor.Manager.execute(Manager.java:356)
	at ptolemy.actor.Manager.run(Manager.java:1263)
	at ptolemy.actor.Manager$PtolemyRunThread.run(Manager.java:1915)
]]></system-err>
</testsuite>
