<?xml version="1.0" encoding="UTF-8" ?>
<testsuite errors="0" failures="0" hostname="travis-job-046a6ebe-147c-4be1-9072-4c569a47e23b" name="ptolemy.domains.continuous.test.junit.JUnitTclTest" skipped="0" tests="156" time="70.977" timestamp="2021-06-27T17:40:22">
  <properties>
[...]
</properties>
  <testcase classname="ptolemy.util.test.junit.TclTests" name="[0] ThereAreNoTclTests (RunTclFile)" time="0.007" />
  <testcase classname="ptolemy.util.test.junit.AutoKnownFailedTests" name="[0] ThereAreNoKnowFailedTests (RunModel)" time="0.001" />
  <testcase classname="ptolemy.util.test.junit.AutoNameArchTests" name="[0] ThereAreNoAutoArchTests (RunModel)" time="0.009" />
  <testcase classname="ptolemy.util.test.junit.AutoTests" name="[0] /home/travis/build/icyphy/ptII/ptolemy/domains/continuous/test/auto/BouncingBall.xml (RunModel)" time="2.828" />
  <testcase classname="ptolemy.util.test.junit.AutoTests" name="[1] /home/travis/build/icyphy/ptII/ptolemy/domains/continuous/test/auto/BouncingBallWithoutGR.xml (RunModel)" time="0.772" />
  <testcase classname="ptolemy.util.test.junit.AutoTests" name="[2] /home/travis/build/icyphy/ptII/ptolemy/domains/continuous/test/auto/Brownian.xml (RunModel)" time="0.14" />
  <testcase classname="ptolemy.util.test.junit.AutoTests" name="[3] /home/travis/build/icyphy/ptII/ptolemy/domains/continuous/test/auto/CarTracking.xml (RunModel)" time="3.887" />
  <testcase classname="ptolemy.util.test.junit.AutoTests" name="[4] /home/travis/build/icyphy/ptII/ptolemy/domains/continuous/test/auto/CartPendulum.xml (RunModel)" time="0.527" />
  <testcase classname="ptolemy.util.test.junit.AutoTests" name="[5] /home/travis/build/icyphy/ptII/ptolemy/domains/continuous/test/auto/CausalityInterface10.xml (RunModel)" time="0.05" />
  <testcase classname="ptolemy.util.test.junit.AutoTests" name="[6] /home/travis/build/icyphy/ptII/ptolemy/domains/continuous/test/auto/CausalityInterface11.xml (RunModel)" time="0.028" />
  <testcase classname="ptolemy.util.test.junit.AutoTests" name="[7] /home/travis/build/icyphy/ptII/ptolemy/domains/continuous/test/auto/CausalityInterface12.xml (RunModel)" time="0.024" />
  <testcase classname="ptolemy.util.test.junit.AutoTests" name="[8] /home/travis/build/icyphy/ptII/ptolemy/domains/continuous/test/auto/CausalityInterface13.xml (RunModel)" time="0.022" />
  <testcase classname="ptolemy.util.test.junit.AutoTests" name="[9] /home/travis/build/icyphy/ptII/ptolemy/domains/continuous/test/auto/CausalityInterface14.xml (RunModel)" time="0.022" />
  <testcase classname="ptolemy.util.test.junit.AutoTests" name="[10] /home/travis/build/icyphy/ptII/ptolemy/domains/continuous/test/auto/CausalityInterface4.xml (RunModel)" time="0.028" />
  <testcase classname="ptolemy.util.test.junit.AutoTests" name="[11] /home/travis/build/icyphy/ptII/ptolemy/domains/continuous/test/auto/CausalityInterface5.xml (RunModel)" time="0.033" />
  <testcase classname="ptolemy.util.test.junit.AutoTests" name="[12] /home/travis/build/icyphy/ptII/ptolemy/domains/continuous/test/auto/CausalityInterface6.xml (RunModel)" time="0.02" />
  <testcase classname="ptolemy.util.test.junit.AutoTests" name="[13] /home/travis/build/icyphy/ptII/ptolemy/domains/continuous/test/auto/CausalityInterface7.xml (RunModel)" time="0.033" />
  <testcase classname="ptolemy.util.test.junit.AutoTests" name="[14] /home/travis/build/icyphy/ptII/ptolemy/domains/continuous/test/auto/CausalityInterface8.xml (RunModel)" time="0.036" />
  <testcase classname="ptolemy.util.test.junit.AutoTests" name="[15] /home/travis/build/icyphy/ptII/ptolemy/domains/continuous/test/auto/CausalityInterface9.xml (RunModel)" time="0.062" />
  <testcase classname="ptolemy.util.test.junit.AutoTests" name="[16] /home/travis/build/icyphy/ptII/ptolemy/domains/continuous/test/auto/CausalityInterfaceFeedback1.xml (RunModel)" time="0.028" />
  <testcase classname="ptolemy.util.test.junit.AutoTests" name="[17] /home/travis/build/icyphy/ptII/ptolemy/domains/continuous/test/auto/CausalityInterfaceFeedback2.xml (RunModel)" time="0.028" />
  <testcase classname="ptolemy.util.test.junit.AutoTests" name="[18] /home/travis/build/icyphy/ptII/ptolemy/domains/continuous/test/auto/CompareWithCurrentTime.xml (RunModel)" time="0.018" />
  <testcase classname="ptolemy.util.test.junit.AutoTests" name="[19] /home/travis/build/icyphy/ptII/ptolemy/domains/continuous/test/auto/ComparedClocks.xml (RunModel)" time="0.071" />
  <testcase classname="ptolemy.util.test.junit.AutoTests" name="[20] /home/travis/build/icyphy/ptII/ptolemy/domains/continuous/test/auto/ContinuousAOCClone.xml (RunModel)" time="2.603" />
  <testcase classname="ptolemy.util.test.junit.AutoTests" name="[21] /home/travis/build/icyphy/ptII/ptolemy/domains/continuous/test/auto/ContinuousClock.xml (RunModel)" time="0.102" />
  <testcase classname="ptolemy.util.test.junit.AutoTests" name="[22] /home/travis/build/icyphy/ptII/ptolemy/domains/continuous/test/auto/ContinuousInContinuous.xml (RunModel)" time="0.09" />
  <testcase classname="ptolemy.util.test.junit.AutoTests" name="[23] /home/travis/build/icyphy/ptII/ptolemy/domains/continuous/test/auto/ContinuousInContinuousInContinuous.xml (RunModel)" time="0.022" />
  <testcase classname="ptolemy.util.test.junit.AutoTests" name="[24] /home/travis/build/icyphy/ptII/ptolemy/domains/continuous/test/auto/ContinuousInDE.xml (RunModel)" time="0.087" />
  <testcase classname="ptolemy.util.test.junit.AutoTests" name="[25] /home/travis/build/icyphy/ptII/ptolemy/domains/continuous/test/auto/ContinuousInDE2.xml (RunModel)" time="0.044" />
  <testcase classname="ptolemy.util.test.junit.AutoTests" name="[26] /home/travis/build/icyphy/ptII/ptolemy/domains/continuous/test/auto/ContinuousInDE3.xml (RunModel)" time="0.052" />
  <testcase classname="ptolemy.util.test.junit.AutoTests" name="[27] /home/travis/build/icyphy/ptII/ptolemy/domains/continuous/test/auto/ContinuousInDE4.xml (RunModel)" time="0.034" />
  <testcase classname="ptolemy.util.test.junit.AutoTests" name="[28] /home/travis/build/icyphy/ptII/ptolemy/domains/continuous/test/auto/ContinuousInDEDifferentRefinements.xml (RunModel)" time="0.102" />
  <testcase classname="ptolemy.util.test.junit.AutoTests" name="[29] /home/travis/build/icyphy/ptII/ptolemy/domains/continuous/test/auto/ContinuousInDEDifferentRefinementsPreemptive.xml (RunModel)" time="0.087" />
  <testcase classname="ptolemy.util.test.junit.AutoTests" name="[30] /home/travis/build/icyphy/ptII/ptolemy/domains/continuous/test/auto/ContinuousInDEInContinuous2.xml (RunModel)" time="0.05" />
  <testcase classname="ptolemy.util.test.junit.AutoTests" name="[31] /home/travis/build/icyphy/ptII/ptolemy/domains/continuous/test/auto/ContinuousInDEInContinuous3.xml (RunModel)" time="0.061" />
  <testcase classname="ptolemy.util.test.junit.AutoTests" name="[32] /home/travis/build/icyphy/ptII/ptolemy/domains/continuous/test/auto/ContinuousInDEInput.xml (RunModel)" time="0.034" />
  <testcase classname="ptolemy.util.test.junit.AutoTests" name="[33] /home/travis/build/icyphy/ptII/ptolemy/domains/continuous/test/auto/ContinuousInDEInput2.xml (RunModel)" time="0.036" />
  <testcase classname="ptolemy.util.test.junit.AutoTests" name="[34] /home/travis/build/icyphy/ptII/ptolemy/domains/continuous/test/auto/ContinuousInDEInput3.xml (RunModel)" time="0.031" />
  <testcase classname="ptolemy.util.test.junit.AutoTests" name="[35] /home/travis/build/icyphy/ptII/ptolemy/domains/continuous/test/auto/ContinuousInDESharingRefinement.xml (RunModel)" time="0.168" />
  <testcase classname="ptolemy.util.test.junit.AutoTests" name="[36] /home/travis/build/icyphy/ptII/ptolemy/domains/continuous/test/auto/ContinuousInDEwithNoPorts.xml (RunModel)" time="0.017" />
  <testcase classname="ptolemy.util.test.junit.AutoTests" name="[37] /home/travis/build/icyphy/ptII/ptolemy/domains/continuous/test/auto/ContinuousInsideDE.xml (RunModel)" time="0.076" />
  <testcase classname="ptolemy.util.test.junit.AutoTests" name="[38] /home/travis/build/icyphy/ptII/ptolemy/domains/continuous/test/auto/ContinuousMerge1.xml (RunModel)" time="0.015" />
  <testcase classname="ptolemy.util.test.junit.AutoTests" name="[39] /home/travis/build/icyphy/ptII/ptolemy/domains/continuous/test/auto/ContinuousMerge2.xml (RunModel)" time="0.042" />
  <testcase classname="ptolemy.util.test.junit.AutoTests" name="[40] /home/travis/build/icyphy/ptII/ptolemy/domains/continuous/test/auto/ContinuousMerge3.xml (RunModel)" time="0.07" />
  <testcase classname="ptolemy.util.test.junit.AutoTests" name="[41] /home/travis/build/icyphy/ptII/ptolemy/domains/continuous/test/auto/ContinuousWithinContinuous.xml (RunModel)" time="0.05" />
  <testcase classname="ptolemy.util.test.junit.AutoTests" name="[42] /home/travis/build/icyphy/ptII/ptolemy/domains/continuous/test/auto/ContinuousWithinContinuous2.xml (RunModel)" time="0.08" />
  <testcase classname="ptolemy.util.test.junit.AutoTests" name="[43] /home/travis/build/icyphy/ptII/ptolemy/domains/continuous/test/auto/ContinuousWithinContinuous3.xml (RunModel)" time="0.036" />
  <testcase classname="ptolemy.util.test.junit.AutoTests" name="[44] /home/travis/build/icyphy/ptII/ptolemy/domains/continuous/test/auto/ContinuousWithinContinuous4.xml (RunModel)" time="0.079" />
  <testcase classname="ptolemy.util.test.junit.AutoTests" name="[45] /home/travis/build/icyphy/ptII/ptolemy/domains/continuous/test/auto/ContinuousWithinContinuous5.xml (RunModel)" time="0.03" />
  <testcase classname="ptolemy.util.test.junit.AutoTests" name="[46] /home/travis/build/icyphy/ptII/ptolemy/domains/continuous/test/auto/ContinuousWithinContinuous6.xml (RunModel)" time="0.027" />
  <testcase classname="ptolemy.util.test.junit.AutoTests" name="[47] /home/travis/build/icyphy/ptII/ptolemy/domains/continuous/test/auto/ContinuousWithinContinuous7.xml (RunModel)" time="0.066" />
  <testcase classname="ptolemy.util.test.junit.AutoTests" name="[48] /home/travis/build/icyphy/ptII/ptolemy/domains/continuous/test/auto/DCMotor.xml (RunModel)" time="14.794" />
  <testcase classname="ptolemy.util.test.junit.AutoTests" name="[49] /home/travis/build/icyphy/ptII/ptolemy/domains/continuous/test/auto/DEInContinuous.xml (RunModel)" time="0.022" />
  <testcase classname="ptolemy.util.test.junit.AutoTests" name="[50] /home/travis/build/icyphy/ptII/ptolemy/domains/continuous/test/auto/DEinContinuous2.xml (RunModel)" time="0.025" />
  <testcase classname="ptolemy.util.test.junit.AutoTests" name="[51] /home/travis/build/icyphy/ptII/ptolemy/domains/continuous/test/auto/Derivative.xml (RunModel)" time="0.163" />
  <testcase classname="ptolemy.util.test.junit.AutoTests" name="[52] /home/travis/build/icyphy/ptII/ptolemy/domains/continuous/test/auto/Derivative1.xml (RunModel)" time="0.039" />
  <testcase classname="ptolemy.util.test.junit.AutoTests" name="[53] /home/travis/build/icyphy/ptII/ptolemy/domains/continuous/test/auto/DiscreteClock.xml (RunModel)" time="0.015" />
  <testcase classname="ptolemy.util.test.junit.AutoTests" name="[54] /home/travis/build/icyphy/ptII/ptolemy/domains/continuous/test/auto/EfficiencyCurve.xml (RunModel)" time="0.077" />
  <testcase classname="ptolemy.util.test.junit.AutoTests" name="[55] /home/travis/build/icyphy/ptII/ptolemy/domains/continuous/test/auto/ExponentialResponse.xml (RunModel)" time="0.108" />
  <testcase classname="ptolemy.util.test.junit.AutoTests" name="[56] /home/travis/build/icyphy/ptII/ptolemy/domains/continuous/test/auto/ExponentialResponseRK45.xml (RunModel)" time="0.029" />
  <testcase classname="ptolemy.util.test.junit.AutoTests" name="[57] /home/travis/build/icyphy/ptII/ptolemy/domains/continuous/test/auto/Friction.xml (RunModel)" time="1.389" />
  <testcase classname="ptolemy.util.test.junit.AutoTests" name="[58] /home/travis/build/icyphy/ptII/ptolemy/domains/continuous/test/auto/FurutaPendulum.xml (RunModel)" time="3.116" />
  <testcase classname="ptolemy.util.test.junit.AutoTests" name="[59] /home/travis/build/icyphy/ptII/ptolemy/domains/continuous/test/auto/HierarchicalExecution.xml (RunModel)" time="2.382" />
  <testcase classname="ptolemy.util.test.junit.AutoTests" name="[60] /home/travis/build/icyphy/ptII/ptolemy/domains/continuous/test/auto/HybridPlant.xml (RunModel)" time="0.529" />
  <testcase classname="ptolemy.util.test.junit.AutoTests" name="[61] /home/travis/build/icyphy/ptII/ptolemy/domains/continuous/test/auto/Hysteresis.xml (RunModel)" time="0.193" />
  <testcase classname="ptolemy.util.test.junit.AutoTests" name="[62] /home/travis/build/icyphy/ptII/ptolemy/domains/continuous/test/auto/HysteresisWithRandomDelay.xml (RunModel)" time="0.229" />
  <testcase classname="ptolemy.util.test.junit.AutoTests" name="[63] /home/travis/build/icyphy/ptII/ptolemy/domains/continuous/test/auto/HysteresisWithRandomLosses.xml (RunModel)" time="2.373" />
  <testcase classname="ptolemy.util.test.junit.AutoTests" name="[64] /home/travis/build/icyphy/ptII/ptolemy/domains/continuous/test/auto/ImmediateTransitions.xml (RunModel)" time="0.034" />
  <testcase classname="ptolemy.util.test.junit.AutoTests" name="[65] /home/travis/build/icyphy/ptII/ptolemy/domains/continuous/test/auto/ImpulseFeedback.xml (RunModel)" time="0.017" />
  <testcase classname="ptolemy.util.test.junit.AutoTests" name="[66] /home/travis/build/icyphy/ptII/ptolemy/domains/continuous/test/auto/ImpulseFeedback2.xml (RunModel)" time="0.014" />
  <testcase classname="ptolemy.util.test.junit.AutoTests" name="[67] /home/travis/build/icyphy/ptII/ptolemy/domains/continuous/test/auto/IncreasingRatePoisson.xml (RunModel)" time="0.707" />
  <testcase classname="ptolemy.util.test.junit.AutoTests" name="[68] /home/travis/build/icyphy/ptII/ptolemy/domains/continuous/test/auto/InitialStateFeedback.xml (RunModel)" time="0.01" />
  <testcase classname="ptolemy.util.test.junit.AutoTests" name="[69] /home/travis/build/icyphy/ptII/ptolemy/domains/continuous/test/auto/Integration.xml (RunModel)" time="0.007" />
  <testcase classname="ptolemy.util.test.junit.AutoTests" name="[70] /home/travis/build/icyphy/ptII/ptolemy/domains/continuous/test/auto/Integration2.xml (RunModel)" time="0.078" />
  <testcase classname="ptolemy.util.test.junit.AutoTests" name="[71] /home/travis/build/icyphy/ptII/ptolemy/domains/continuous/test/auto/Integration3.xml (RunModel)" time="0.011" />
  <testcase classname="ptolemy.util.test.junit.AutoTests" name="[72] /home/travis/build/icyphy/ptII/ptolemy/domains/continuous/test/auto/Integration5.xml (RunModel)" time="0.009" />
  <testcase classname="ptolemy.util.test.junit.AutoTests" name="[73] /home/travis/build/icyphy/ptII/ptolemy/domains/continuous/test/auto/IntegratorImpulse.xml (RunModel)" time="0.008" />
  <testcase classname="ptolemy.util.test.junit.AutoTests" name="[74] /home/travis/build/icyphy/ptII/ptolemy/domains/continuous/test/auto/IntegratorImpulse2.xml (RunModel)" time="0.016" />
  <testcase classname="ptolemy.util.test.junit.AutoTests" name="[75] /home/travis/build/icyphy/ptII/ptolemy/domains/continuous/test/auto/LevelCrossing1.xml (RunModel)" time="0.01" />
  <testcase classname="ptolemy.util.test.junit.AutoTests" name="[76] /home/travis/build/icyphy/ptII/ptolemy/domains/continuous/test/auto/LevelCrossing2.xml (RunModel)" time="0.01" />
  <testcase classname="ptolemy.util.test.junit.AutoTests" name="[77] /home/travis/build/icyphy/ptII/ptolemy/domains/continuous/test/auto/LevelCrossing3.xml (RunModel)" time="0.016" />
  <testcase classname="ptolemy.util.test.junit.AutoTests" name="[78] /home/travis/build/icyphy/ptII/ptolemy/domains/continuous/test/auto/LevelCrossing4.xml (RunModel)" time="0.012" />
  <testcase classname="ptolemy.util.test.junit.AutoTests" name="[79] /home/travis/build/icyphy/ptII/ptolemy/domains/continuous/test/auto/LevelCrossing5.xml (RunModel)" time="0.012" />
  <testcase classname="ptolemy.util.test.junit.AutoTests" name="[80] /home/travis/build/icyphy/ptII/ptolemy/domains/continuous/test/auto/LevelCrossing6.xml (RunModel)" time="0.01" />
  <testcase classname="ptolemy.util.test.junit.AutoTests" name="[81] /home/travis/build/icyphy/ptII/ptolemy/domains/continuous/test/auto/LevelCrossingDetector.xml (RunModel)" time="0.033" />
  <testcase classname="ptolemy.util.test.junit.AutoTests" name="[82] /home/travis/build/icyphy/ptII/ptolemy/domains/continuous/test/auto/LevelCrossingDetectorDetectingDirections.xml (RunModel)" time="0.082" />
  <testcase classname="ptolemy.util.test.junit.AutoTests" name="[83] /home/travis/build/icyphy/ptII/ptolemy/domains/continuous/test/auto/LevelCrossingDetectorDetectsGlitches.xml (RunModel)" time="0.054" />
  <testcase classname="ptolemy.util.test.junit.AutoTests" name="[84] /home/travis/build/icyphy/ptII/ptolemy/domains/continuous/test/auto/LevelCrossingNoInitialOuput.xml (RunModel)" time="0.011" />
  <testcase classname="ptolemy.util.test.junit.AutoTests" name="[85] /home/travis/build/icyphy/ptII/ptolemy/domains/continuous/test/auto/LinearStateSpaceExample.xml (RunModel)" time="0.052" />
  <testcase classname="ptolemy.util.test.junit.AutoTests" name="[86] /home/travis/build/icyphy/ptII/ptolemy/domains/continuous/test/auto/Lorenz.xml (RunModel)" time="3.26" />
  <testcase classname="ptolemy.util.test.junit.AutoTests" name="[87] /home/travis/build/icyphy/ptII/ptolemy/domains/continuous/test/auto/LorenzDifferentialSystem.xml (RunModel)" time="1.025" />
  <testcase classname="ptolemy.util.test.junit.AutoTests" name="[88] /home/travis/build/icyphy/ptII/ptolemy/domains/continuous/test/auto/LorenzDifferentialSystemWithInput.xml (RunModel)" time="1.304" />
  <testcase classname="ptolemy.util.test.junit.AutoTests" name="[89] /home/travis/build/icyphy/ptII/ptolemy/domains/continuous/test/auto/LorenzDifferentialSystemWithTime.xml (RunModel)" time="0.671" />
  <testcase classname="ptolemy.util.test.junit.AutoTests" name="[90] /home/travis/build/icyphy/ptII/ptolemy/domains/continuous/test/auto/Microsteps.xml (RunModel)" time="0.032" />
  <testcase classname="ptolemy.util.test.junit.AutoTests" name="[91] /home/travis/build/icyphy/ptII/ptolemy/domains/continuous/test/auto/Modal1.xml (RunModel)" time="0.032" />
  <testcase classname="ptolemy.util.test.junit.AutoTests" name="[92] /home/travis/build/icyphy/ptII/ptolemy/domains/continuous/test/auto/Modal2.xml (RunModel)" time="0.052" />
  <testcase classname="ptolemy.util.test.junit.AutoTests" name="[93] /home/travis/build/icyphy/ptII/ptolemy/domains/continuous/test/auto/ModalTransitionGuardWithReset.xml (RunModel)" time="0.033" />
  <testcase classname="ptolemy.util.test.junit.AutoTests" name="[94] /home/travis/build/icyphy/ptII/ptolemy/domains/continuous/test/auto/ModalTransitionGuardWithResetUsingPreemptiveTransition.xml (RunModel)" time="0.023" />
  <testcase classname="ptolemy.util.test.junit.AutoTests" name="[95] /home/travis/build/icyphy/ptII/ptolemy/domains/continuous/test/auto/ModalTransitionGuardWithResetUsingPreemptiveTransition2.xml (RunModel)" time="0.023" />
  <testcase classname="ptolemy.util.test.junit.AutoTests" name="[96] /home/travis/build/icyphy/ptII/ptolemy/domains/continuous/test/auto/ModalTransitionGuardWithResetUsingPreemptiveTransition3.xml (RunModel)" time="0.029" />
  <testcase classname="ptolemy.util.test.junit.AutoTests" name="[97] /home/travis/build/icyphy/ptII/ptolemy/domains/continuous/test/auto/NewtonsCradle.xml (RunModel)" time="0.759" />
  <testcase classname="ptolemy.util.test.junit.AutoTests" name="[98] /home/travis/build/icyphy/ptII/ptolemy/domains/continuous/test/auto/NewtonsCradleAnimated.xml (RunModel)" time="1.284" />
  <testcase classname="ptolemy.util.test.junit.AutoTests" name="[99] /home/travis/build/icyphy/ptII/ptolemy/domains/continuous/test/auto/NewtonsCradleComplicated.xml (RunModel)" time="0.947" />
  <testcase classname="ptolemy.util.test.junit.AutoTests" name="[100] /home/travis/build/icyphy/ptII/ptolemy/domains/continuous/test/auto/NewtonsCradleNondeterministic.xml (RunModel)" time="0.696" />
  <testcase classname="ptolemy.util.test.junit.AutoTests" name="[101] /home/travis/build/icyphy/ptII/ptolemy/domains/continuous/test/auto/NewtonsCradlePerfectlyInelastic1.xml (RunModel)" time="1.094" />
  <testcase classname="ptolemy.util.test.junit.AutoTests" name="[102] /home/travis/build/icyphy/ptII/ptolemy/domains/continuous/test/auto/Noise.xml (RunModel)" time="0.189" />
  <testcase classname="ptolemy.util.test.junit.AutoTests" name="[103] /home/travis/build/icyphy/ptII/ptolemy/domains/continuous/test/auto/NoiseSpectrum.xml (RunModel)" time="0.621" />
  <testcase classname="ptolemy.util.test.junit.AutoTests" name="[104] /home/travis/build/icyphy/ptII/ptolemy/domains/continuous/test/auto/ParameterizedNewtonsCradleAnimated.xml (RunModel)" time="0.325" />
  <testcase classname="ptolemy.util.test.junit.AutoTests" name="[105] /home/travis/build/icyphy/ptII/ptolemy/domains/continuous/test/auto/ParameterizedNewtonsCradleAnimatedNondeterministic.xml (RunModel)" time="1.059" />
  <testcase classname="ptolemy.util.test.junit.AutoTests" name="[106] /home/travis/build/icyphy/ptII/ptolemy/domains/continuous/test/auto/Pendulum3D.xml (RunModel)" time="0.149" />
  <testcase classname="ptolemy.util.test.junit.AutoTests" name="[107] /home/travis/build/icyphy/ptII/ptolemy/domains/continuous/test/auto/PeriodicSampler.xml (RunModel)" time="0.009" />
  <testcase classname="ptolemy.util.test.junit.AutoTests" name="[108] /home/travis/build/icyphy/ptII/ptolemy/domains/continuous/test/auto/PeriodicSampler1.xml (RunModel)" time="0.038" />
  <testcase classname="ptolemy.util.test.junit.AutoTests" name="[109] /home/travis/build/icyphy/ptII/ptolemy/domains/continuous/test/auto/PeriodicSampler2.xml (RunModel)" time="0.077" />
  <testcase classname="ptolemy.util.test.junit.AutoTests" name="[110] /home/travis/build/icyphy/ptII/ptolemy/domains/continuous/test/auto/Poisson.xml (RunModel)" time="0.427" />
  <testcase classname="ptolemy.util.test.junit.AutoTests" name="[111] /home/travis/build/icyphy/ptII/ptolemy/domains/continuous/test/auto/PoissonClock.xml (RunModel)" time="0.013" />
  <testcase classname="ptolemy.util.test.junit.AutoTests" name="[112] /home/travis/build/icyphy/ptII/ptolemy/domains/continuous/test/auto/PoissonClock2.xml (RunModel)" time="0.012" />
  <testcase classname="ptolemy.util.test.junit.AutoTests" name="[113] /home/travis/build/icyphy/ptII/ptolemy/domains/continuous/test/auto/PortParameterHierarchy.xml (RunModel)" time="0.025" />
  <testcase classname="ptolemy.util.test.junit.AutoTests" name="[114] /home/travis/build/icyphy/ptII/ptolemy/domains/continuous/test/auto/RandomHybridPlant.xml (RunModel)" time="0.525" />
  <testcase classname="ptolemy.util.test.junit.AutoTests" name="[115] /home/travis/build/icyphy/ptII/ptolemy/domains/continuous/test/auto/ResetTransitionWithStartTime1.xml (RunModel)" time="0.037" />
  <testcase classname="ptolemy.util.test.junit.AutoTests" name="[116] /home/travis/build/icyphy/ptII/ptolemy/domains/continuous/test/auto/ResetTransitionWithStartTime2.xml (RunModel)" time="0.045" />
  <testcase classname="ptolemy.util.test.junit.AutoTests" name="[117] /home/travis/build/icyphy/ptII/ptolemy/domains/continuous/test/auto/ResetTransitionWithStartTime3.xml (RunModel)" time="0.03" />
  <testcase classname="ptolemy.util.test.junit.AutoTests" name="[118] /home/travis/build/icyphy/ptII/ptolemy/domains/continuous/test/auto/ResetTransitionWithStartTime4.xml (RunModel)" time="0.02" />
  <testcase classname="ptolemy.util.test.junit.AutoTests" name="[119] /home/travis/build/icyphy/ptII/ptolemy/domains/continuous/test/auto/ResetTransitionWithStartTime5.xml (RunModel)" time="0.032" />
  <testcase classname="ptolemy.util.test.junit.AutoTests" name="[120] /home/travis/build/icyphy/ptII/ptolemy/domains/continuous/test/auto/ResetTransitionWithStartTime6.xml (RunModel)" time="0.025" />
  <testcase classname="ptolemy.util.test.junit.AutoTests" name="[121] /home/travis/build/icyphy/ptII/ptolemy/domains/continuous/test/auto/SRinContinuous.xml (RunModel)" time="0.021" />
  <testcase classname="ptolemy.util.test.junit.AutoTests" name="[122] /home/travis/build/icyphy/ptII/ptolemy/domains/continuous/test/auto/SampledClocks.xml (RunModel)" time="0.028" />
  <testcase classname="ptolemy.util.test.junit.AutoTests" name="[123] /home/travis/build/icyphy/ptII/ptolemy/domains/continuous/test/auto/Satellite.xml (RunModel)" time="0.755" />
  <testcase classname="ptolemy.util.test.junit.AutoTests" name="[124] /home/travis/build/icyphy/ptII/ptolemy/domains/continuous/test/auto/SigmaDelta.xml (RunModel)" time="2.002" />
  <testcase classname="ptolemy.util.test.junit.AutoTests" name="[125] /home/travis/build/icyphy/ptII/ptolemy/domains/continuous/test/auto/SingleRefinement.xml (RunModel)" time="0.416" />
  <testcase classname="ptolemy.util.test.junit.AutoTests" name="[126] /home/travis/build/icyphy/ptII/ptolemy/domains/continuous/test/auto/SinuBouncingBall.xml (RunModel)" time="0.838" />
  <testcase classname="ptolemy.util.test.junit.AutoTests" name="[127] /home/travis/build/icyphy/ptII/ptolemy/domains/continuous/test/auto/Sinusoid.xml (RunModel)" time="0.016" />
  <testcase classname="ptolemy.util.test.junit.AutoTests" name="[128] /home/travis/build/icyphy/ptII/ptolemy/domains/continuous/test/auto/SinusoidInNoise.xml (RunModel)" time="0.793" />
  <testcase classname="ptolemy.util.test.junit.AutoTests" name="[129] /home/travis/build/icyphy/ptII/ptolemy/domains/continuous/test/auto/SinusoidRK45.xml (RunModel)" time="0.022" />
  <testcase classname="ptolemy.util.test.junit.AutoTests" name="[130] /home/travis/build/icyphy/ptII/ptolemy/domains/continuous/test/auto/SinusoidWithMultipleImpulses.xml (RunModel)" time="0.023" />
  <testcase classname="ptolemy.util.test.junit.AutoTests" name="[131] /home/travis/build/icyphy/ptII/ptolemy/domains/continuous/test/auto/SquareWave.xml (RunModel)" time="0.159" />
  <testcase classname="ptolemy.util.test.junit.AutoTests" name="[132] /home/travis/build/icyphy/ptII/ptolemy/domains/continuous/test/auto/Starmac.xml (RunModel)" time="3.466" />
  <testcase classname="ptolemy.util.test.junit.AutoTests" name="[133] /home/travis/build/icyphy/ptII/ptolemy/domains/continuous/test/auto/StaticUnits.xml (RunModel)" time="2.274" />
  <testcase classname="ptolemy.util.test.junit.AutoTests" name="[134] /home/travis/build/icyphy/ptII/ptolemy/domains/continuous/test/auto/StickyMasses.xml (RunModel)" time="0.167" />
  <testcase classname="ptolemy.util.test.junit.AutoTests" name="[135] /home/travis/build/icyphy/ptII/ptolemy/domains/continuous/test/auto/StopTime.xml (RunModel)" time="0.052" />
  <testcase classname="ptolemy.util.test.junit.AutoTests" name="[136] /home/travis/build/icyphy/ptII/ptolemy/domains/continuous/test/auto/StopTime2.xml (RunModel)" time="0.045" />
  <testcase classname="ptolemy.util.test.junit.AutoTests" name="[137] /home/travis/build/icyphy/ptII/ptolemy/domains/continuous/test/auto/Switch.xml (RunModel)" time="0.067" />
  <testcase classname="ptolemy.util.test.junit.AutoTests" name="[138] /home/travis/build/icyphy/ptII/ptolemy/domains/continuous/test/auto/Thermostat.xml (RunModel)" time="0.19" />
  <testcase classname="ptolemy.util.test.junit.AutoTests" name="[139] /home/travis/build/icyphy/ptII/ptolemy/domains/continuous/test/auto/TimeDelay.xml (RunModel)" time="0.025" />
  <testcase classname="ptolemy.util.test.junit.AutoTests" name="[140] /home/travis/build/icyphy/ptII/ptolemy/domains/continuous/test/auto/TimeDelay2.xml (RunModel)" time="0.023" />
  <testcase classname="ptolemy.util.test.junit.AutoTests" name="[141] /home/travis/build/icyphy/ptII/ptolemy/domains/continuous/test/auto/TimeDelay3.xml (RunModel)" time="0.011" />
  <testcase classname="ptolemy.util.test.junit.AutoTests" name="[142] /home/travis/build/icyphy/ptII/ptolemy/domains/continuous/test/auto/TransferAbsentToInside.xml (RunModel)" time="0.095" />
  <testcase classname="ptolemy.util.test.junit.AutoTests" name="[143] /home/travis/build/icyphy/ptII/ptolemy/domains/continuous/test/auto/Transmission.xml (RunModel)" time="0.754" />
  <testcase classname="ptolemy.util.test.junit.AutoTests" name="[144] /home/travis/build/icyphy/ptII/ptolemy/domains/continuous/test/auto/TriggeredContinuousClock.xml (RunModel)" time="0.065" />
  <testcase classname="ptolemy.util.test.junit.AutoTests" name="[145] /home/travis/build/icyphy/ptII/ptolemy/domains/continuous/test/auto/TwoMachineInfiniteBusControl.xml (RunModel)" time="2.3" />
  <testcase classname="ptolemy.util.test.junit.AutoTests" name="[146] /home/travis/build/icyphy/ptII/ptolemy/domains/continuous/test/auto/V2V.xml (RunModel)" time="0.755" />
  <testcase classname="ptolemy.util.test.junit.AutoTests" name="[147] /home/travis/build/icyphy/ptII/ptolemy/domains/continuous/test/auto/hierarchicalModalModel.xml (RunModel)" time="0.026" />
  <testcase classname="ptolemy.util.test.junit.AutoTests" name="[148] /home/travis/build/icyphy/ptII/ptolemy/domains/continuous/test/auto/hierarchicalModalModel1.xml (RunModel)" time="0.025" />
  <testcase classname="ptolemy.util.test.junit.AutoTests" name="[149] /home/travis/build/icyphy/ptII/ptolemy/domains/continuous/test/auto/hierarchicalModalModel2.xml (RunModel)" time="0.023" />
  <testcase classname="ptolemy.util.test.junit.AutoTests" name="[150] /home/travis/build/icyphy/ptII/ptolemy/domains/continuous/test/auto/hierarchicalModalModel3.xml (RunModel)" time="0.025" />
  <testcase classname="ptolemy.util.test.junit.AutoTests" name="[151] /home/travis/build/icyphy/ptII/ptolemy/domains/continuous/test/auto/hierarchicalModalModel4.xml (RunModel)" time="0.022" />
  <testcase classname="ptolemy.util.test.junit.AutoTests" name="[152] /home/travis/build/icyphy/ptII/ptolemy/domains/continuous/test/auto/junk.xml (RunModel)" time="0.125" />
  <system-out><![CDATA[No tcl tests in /home/travis/build/icyphy/ptII/ptolemy/domains/continuous/test
No auto/knownFailedTests/*.xml tests in /home/travis/build/icyphy/ptII/ptolemy/domains/continuous/test
No auto/linux-amd64/*.xml tests in /home/travis/build/icyphy/ptII/ptolemy/domains/continuous/test
AutoTests.java: About to close Vertx.
AutoTests.java: Vertx closed.

===========================================================================================
----------------- testing Sun Jun 27 17:40:22 UTC 2021 /home/travis/build/icyphy/ptII/ptolemy/domains/continuous/test/auto/BouncingBall.xml
----------------- Instantiating /home/travis/build/icyphy/ptII/ptolemy/domains/continuous/test/auto/BouncingBall.xml
2244 ms. Memory: 189440K Free: 92063K (49%)
----------------- Invoking toplevel() on ptolemy.moml.MoMLSimpleApplication@11d2a9df
----------------- Done invoking toplevel() on ptolemy.moml.MoMLSimpleApplication@11d2a9df
reloadAllAccessors: .BouncingBall

===========================================================================================
----------------- testing Sun Jun 27 17:40:25 UTC 2021 /home/travis/build/icyphy/ptII/ptolemy/domains/continuous/test/auto/BouncingBallWithoutGR.xml
----------------- Instantiating /home/travis/build/icyphy/ptII/ptolemy/domains/continuous/test/auto/BouncingBallWithoutGR.xml
651 ms. Memory: 227328K Free: 170374K (75%)
----------------- Invoking toplevel() on ptolemy.moml.MoMLSimpleApplication@2d01e589
----------------- Done invoking toplevel() on ptolemy.moml.MoMLSimpleApplication@2d01e589
reloadAllAccessors: .BouncingBallWithoutGR

===========================================================================================
----------------- testing Sun Jun 27 17:40:26 UTC 2021 /home/travis/build/icyphy/ptII/ptolemy/domains/continuous/test/auto/Brownian.xml
----------------- Instantiating /home/travis/build/icyphy/ptII/ptolemy/domains/continuous/test/auto/Brownian.xml
33 ms. Memory: 227328K Free: 161164K (71%)
----------------- Invoking toplevel() on ptolemy.moml.MoMLSimpleApplication@6b59a65e
----------------- Done invoking toplevel() on ptolemy.moml.MoMLSimpleApplication@6b59a65e
reloadAllAccessors: .Brownian

===========================================================================================
----------------- testing Sun Jun 27 17:40:26 UTC 2021 /home/travis/build/icyphy/ptII/ptolemy/domains/continuous/test/auto/CarTracking.xml
----------------- Instantiating /home/travis/build/icyphy/ptII/ptolemy/domains/continuous/test/auto/CarTracking.xml
3514 ms. Memory: 273408K Free: 171516K (63%)
----------------- Invoking toplevel() on ptolemy.moml.MoMLSimpleApplication@24f0c438
----------------- Done invoking toplevel() on ptolemy.moml.MoMLSimpleApplication@24f0c438
reloadAllAccessors: .CarTracking

===========================================================================================
----------------- testing Sun Jun 27 17:40:30 UTC 2021 /home/travis/build/icyphy/ptII/ptolemy/domains/continuous/test/auto/CartPendulum.xml
----------------- Instantiating /home/travis/build/icyphy/ptII/ptolemy/domains/continuous/test/auto/CartPendulum.xml
392 ms. Memory: 273408K Free: 237373K (87%)
----------------- Invoking toplevel() on ptolemy.moml.MoMLSimpleApplication@106243c5
----------------- Done invoking toplevel() on ptolemy.moml.MoMLSimpleApplication@106243c5
reloadAllAccessors: .CartPendulum

===========================================================================================
----------------- testing Sun Jun 27 17:40:30 UTC 2021 /home/travis/build/icyphy/ptII/ptolemy/domains/continuous/test/auto/CausalityInterface10.xml
----------------- Instantiating /home/travis/build/icyphy/ptII/ptolemy/domains/continuous/test/auto/CausalityInterface10.xml
8 ms. Memory: 273408K Free: 226630K (83%)
----------------- Invoking toplevel() on ptolemy.moml.MoMLSimpleApplication@7c4c4789
----------------- Done invoking toplevel() on ptolemy.moml.MoMLSimpleApplication@7c4c4789
reloadAllAccessors: .CausalityInterface10

===========================================================================================
----------------- testing Sun Jun 27 17:40:30 UTC 2021 /home/travis/build/icyphy/ptII/ptolemy/domains/continuous/test/auto/CausalityInterface11.xml
----------------- Instantiating /home/travis/build/icyphy/ptII/ptolemy/domains/continuous/test/auto/CausalityInterface11.xml
8 ms. Memory: 273408K Free: 220486K (81%)
----------------- Invoking toplevel() on ptolemy.moml.MoMLSimpleApplication@10a1f889
----------------- Done invoking toplevel() on ptolemy.moml.MoMLSimpleApplication@10a1f889
reloadAllAccessors: .CausalityInterface11

===========================================================================================
----------------- testing Sun Jun 27 17:40:30 UTC 2021 /home/travis/build/icyphy/ptII/ptolemy/domains/continuous/test/auto/CausalityInterface12.xml
----------------- Instantiating /home/travis/build/icyphy/ptII/ptolemy/domains/continuous/test/auto/CausalityInterface12.xml
4 ms. Memory: 273408K Free: 214342K (78%)
----------------- Invoking toplevel() on ptolemy.moml.MoMLSimpleApplication@541d41e7
----------------- Done invoking toplevel() on ptolemy.moml.MoMLSimpleApplication@541d41e7
reloadAllAccessors: .CausalityInterface12

===========================================================================================
----------------- testing Sun Jun 27 17:40:30 UTC 2021 /home/travis/build/icyphy/ptII/ptolemy/domains/continuous/test/auto/CausalityInterface13.xml
----------------- Instantiating /home/travis/build/icyphy/ptII/ptolemy/domains/continuous/test/auto/CausalityInterface13.xml
3 ms. Memory: 273408K Free: 208198K (76%)
----------------- Invoking toplevel() on ptolemy.moml.MoMLSimpleApplication@6cedda30
----------------- Done invoking toplevel() on ptolemy.moml.MoMLSimpleApplication@6cedda30
reloadAllAccessors: .CausalityInterface13

===========================================================================================
----------------- testing Sun Jun 27 17:40:30 UTC 2021 /home/travis/build/icyphy/ptII/ptolemy/domains/continuous/test/auto/CausalityInterface14.xml
----------------- Instantiating /home/travis/build/icyphy/ptII/ptolemy/domains/continuous/test/auto/CausalityInterface14.xml
4 ms. Memory: 273408K Free: 202549K (74%)
----------------- Invoking toplevel() on ptolemy.moml.MoMLSimpleApplication@78b0d207
----------------- Done invoking toplevel() on ptolemy.moml.MoMLSimpleApplication@78b0d207
reloadAllAccessors: .CausalityInterface14

===========================================================================================
----------------- testing Sun Jun 27 17:40:31 UTC 2021 /home/travis/build/icyphy/ptII/ptolemy/domains/continuous/test/auto/CausalityInterface4.xml
----------------- Instantiating /home/travis/build/icyphy/ptII/ptolemy/domains/continuous/test/auto/CausalityInterface4.xml
4 ms. Memory: 273408K Free: 195381K (71%)
----------------- Invoking toplevel() on ptolemy.moml.MoMLSimpleApplication@5f422f49
----------------- Done invoking toplevel() on ptolemy.moml.MoMLSimpleApplication@5f422f49
reloadAllAccessors: .CausalityInterface4

===========================================================================================
----------------- testing Sun Jun 27 17:40:31 UTC 2021 /home/travis/build/icyphy/ptII/ptolemy/domains/continuous/test/auto/CausalityInterface5.xml
----------------- Instantiating /home/travis/build/icyphy/ptII/ptolemy/domains/continuous/test/auto/CausalityInterface5.xml
6 ms. Memory: 273408K Free: 187204K (68%)
----------------- Invoking toplevel() on ptolemy.moml.MoMLSimpleApplication@60521225
----------------- Done invoking toplevel() on ptolemy.moml.MoMLSimpleApplication@60521225
reloadAllAccessors: .CausalityInterface5

===========================================================================================
----------------- testing Sun Jun 27 17:40:31 UTC 2021 /home/travis/build/icyphy/ptII/ptolemy/domains/continuous/test/auto/CausalityInterface6.xml
----------------- Instantiating /home/travis/build/icyphy/ptII/ptolemy/domains/continuous/test/auto/CausalityInterface6.xml
4 ms. Memory: 273408K Free: 182084K (67%)
----------------- Invoking toplevel() on ptolemy.moml.MoMLSimpleApplication@1dcbefcd
----------------- Done invoking toplevel() on ptolemy.moml.MoMLSimpleApplication@1dcbefcd
reloadAllAccessors: .CausalityInterface6

===========================================================================================
----------------- testing Sun Jun 27 17:40:31 UTC 2021 /home/travis/build/icyphy/ptII/ptolemy/domains/continuous/test/auto/CausalityInterface7.xml
----------------- Instantiating /home/travis/build/icyphy/ptII/ptolemy/domains/continuous/test/auto/CausalityInterface7.xml
7 ms. Memory: 273408K Free: 173382K (63%)
----------------- Invoking toplevel() on ptolemy.moml.MoMLSimpleApplication@a0ed38
----------------- Done invoking toplevel() on ptolemy.moml.MoMLSimpleApplication@a0ed38
reloadAllAccessors: .CausalityInterface7

===========================================================================================
----------------- testing Sun Jun 27 17:40:31 UTC 2021 /home/travis/build/icyphy/ptII/ptolemy/domains/continuous/test/auto/CausalityInterface8.xml
----------------- Instantiating /home/travis/build/icyphy/ptII/ptolemy/domains/continuous/test/auto/CausalityInterface8.xml
5 ms. Memory: 273408K Free: 164166K (60%)
----------------- Invoking toplevel() on ptolemy.moml.MoMLSimpleApplication@20f60293
----------------- Done invoking toplevel() on ptolemy.moml.MoMLSimpleApplication@20f60293
reloadAllAccessors: .CausalityInterface8

===========================================================================================
----------------- testing Sun Jun 27 17:40:31 UTC 2021 /home/travis/build/icyphy/ptII/ptolemy/domains/continuous/test/auto/CausalityInterface9.xml
----------------- Instantiating /home/travis/build/icyphy/ptII/ptolemy/domains/continuous/test/auto/CausalityInterface9.xml
5 ms. Memory: 273408K Free: 153408K (56%)
----------------- Invoking toplevel() on ptolemy.moml.MoMLSimpleApplication@5d43bd45
----------------- Done invoking toplevel() on ptolemy.moml.MoMLSimpleApplication@5d43bd45
reloadAllAccessors: .CausalityInterface9

===========================================================================================
----------------- testing Sun Jun 27 17:40:31 UTC 2021 /home/travis/build/icyphy/ptII/ptolemy/domains/continuous/test/auto/CausalityInterfaceFeedback1.xml
----------------- Instantiating /home/travis/build/icyphy/ptII/ptolemy/domains/continuous/test/auto/CausalityInterfaceFeedback1.xml
5 ms. Memory: 273408K Free: 146758K (54%)
----------------- Invoking toplevel() on ptolemy.moml.MoMLSimpleApplication@1b057ba5
----------------- Done invoking toplevel() on ptolemy.moml.MoMLSimpleApplication@1b057ba5
reloadAllAccessors: .CausalityInterfaceFeedback1

===========================================================================================
----------------- testing Sun Jun 27 17:40:31 UTC 2021 /home/travis/build/icyphy/ptII/ptolemy/domains/continuous/test/auto/CausalityInterfaceFeedback2.xml
----------------- Instantiating /home/travis/build/icyphy/ptII/ptolemy/domains/continuous/test/auto/CausalityInterfaceFeedback2.xml
3 ms. Memory: 273408K Free: 140085K (51%)
----------------- Invoking toplevel() on ptolemy.moml.MoMLSimpleApplication@79fb51a2
----------------- Done invoking toplevel() on ptolemy.moml.MoMLSimpleApplication@79fb51a2
reloadAllAccessors: .CausalityInterfaceFeedback2

===========================================================================================
----------------- testing Sun Jun 27 17:40:31 UTC 2021 /home/travis/build/icyphy/ptII/ptolemy/domains/continuous/test/auto/CompareWithCurrentTime.xml
----------------- Instantiating /home/travis/build/icyphy/ptII/ptolemy/domains/continuous/test/auto/CompareWithCurrentTime.xml
4 ms. Memory: 273408K Free: 136004K (50%)
----------------- Invoking toplevel() on ptolemy.moml.MoMLSimpleApplication@1dd8d69f
----------------- Done invoking toplevel() on ptolemy.moml.MoMLSimpleApplication@1dd8d69f
reloadAllAccessors: .CompareWithCurrentTime

===========================================================================================
----------------- testing Sun Jun 27 17:40:31 UTC 2021 /home/travis/build/icyphy/ptII/ptolemy/domains/continuous/test/auto/ComparedClocks.xml
----------------- Instantiating /home/travis/build/icyphy/ptII/ptolemy/domains/continuous/test/auto/ComparedClocks.xml
5 ms. Memory: 273408K Free: 120629K (44%)
----------------- Invoking toplevel() on ptolemy.moml.MoMLSimpleApplication@130db2b1
----------------- Done invoking toplevel() on ptolemy.moml.MoMLSimpleApplication@130db2b1
reloadAllAccessors: .ComparedClocks

===========================================================================================
----------------- testing Sun Jun 27 17:40:31 UTC 2021 /home/travis/build/icyphy/ptII/ptolemy/domains/continuous/test/auto/ContinuousAOCClone.xml
----------------- Instantiating /home/travis/build/icyphy/ptII/ptolemy/domains/continuous/test/auto/ContinuousAOCClone.xml
2396 ms. Memory: 328704K Free: 282067K (86%)
----------------- Invoking toplevel() on ptolemy.moml.MoMLSimpleApplication@6f151030
----------------- Done invoking toplevel() on ptolemy.moml.MoMLSimpleApplication@6f151030
reloadAllAccessors: .ContinuousAOCClone

===========================================================================================
----------------- testing Sun Jun 27 17:40:34 UTC 2021 /home/travis/build/icyphy/ptII/ptolemy/domains/continuous/test/auto/ContinuousClock.xml
----------------- Instantiating /home/travis/build/icyphy/ptII/ptolemy/domains/continuous/test/auto/ContinuousClock.xml
36 ms. Memory: 328704K Free: 260053K (79%)
----------------- Invoking toplevel() on ptolemy.moml.MoMLSimpleApplication@1d6cc836
----------------- Done invoking toplevel() on ptolemy.moml.MoMLSimpleApplication@1d6cc836
reloadAllAccessors: .ContinuousClock

===========================================================================================
----------------- testing Sun Jun 27 17:40:34 UTC 2021 /home/travis/build/icyphy/ptII/ptolemy/domains/continuous/test/auto/ContinuousInContinuous.xml
----------------- Instantiating /home/travis/build/icyphy/ptII/ptolemy/domains/continuous/test/auto/ContinuousInContinuous.xml
39 ms. Memory: 328704K Free: 236501K (72%)
----------------- Invoking toplevel() on ptolemy.moml.MoMLSimpleApplication@64f32c7e
----------------- Done invoking toplevel() on ptolemy.moml.MoMLSimpleApplication@64f32c7e
reloadAllAccessors: .ContinuousInContinuous

===========================================================================================
----------------- testing Sun Jun 27 17:40:34 UTC 2021 /home/travis/build/icyphy/ptII/ptolemy/domains/continuous/test/auto/ContinuousInContinuousInContinuous.xml
----------------- Instantiating /home/travis/build/icyphy/ptII/ptolemy/domains/continuous/test/auto/ContinuousInContinuousInContinuous.xml
6 ms. Memory: 328704K Free: 228819K (70%)
----------------- Invoking toplevel() on ptolemy.moml.MoMLSimpleApplication@43dcfdb1
----------------- Done invoking toplevel() on ptolemy.moml.MoMLSimpleApplication@43dcfdb1
reloadAllAccessors: .ContinuousInContinuousInContinuous

===========================================================================================
----------------- testing Sun Jun 27 17:40:34 UTC 2021 /home/travis/build/icyphy/ptII/ptolemy/domains/continuous/test/auto/ContinuousInDE.xml
----------------- Instantiating /home/travis/build/icyphy/ptII/ptolemy/domains/continuous/test/auto/ContinuousInDE.xml
66 ms. Memory: 328704K Free: 218067K (66%)
----------------- Invoking toplevel() on ptolemy.moml.MoMLSimpleApplication@500353ef
----------------- Done invoking toplevel() on ptolemy.moml.MoMLSimpleApplication@500353ef
reloadAllAccessors: .ContinuousInDE

===========================================================================================
----------------- testing Sun Jun 27 17:40:34 UTC 2021 /home/travis/build/icyphy/ptII/ptolemy/domains/continuous/test/auto/ContinuousInDE2.xml
----------------- Instantiating /home/travis/build/icyphy/ptII/ptolemy/domains/continuous/test/auto/ContinuousInDE2.xml
32 ms. Memory: 328704K Free: 208339K (63%)
----------------- Invoking toplevel() on ptolemy.moml.MoMLSimpleApplication@e1289f8
----------------- Done invoking toplevel() on ptolemy.moml.MoMLSimpleApplication@e1289f8
reloadAllAccessors: .ContinuousInDE2

===========================================================================================
----------------- testing Sun Jun 27 17:40:34 UTC 2021 /home/travis/build/icyphy/ptII/ptolemy/domains/continuous/test/auto/ContinuousInDE3.xml
----------------- Instantiating /home/travis/build/icyphy/ptII/ptolemy/domains/continuous/test/auto/ContinuousInDE3.xml
30 ms. Memory: 328704K Free: 198613K (60%)
----------------- Invoking toplevel() on ptolemy.moml.MoMLSimpleApplication@62dbac12
----------------- Done invoking toplevel() on ptolemy.moml.MoMLSimpleApplication@62dbac12
reloadAllAccessors: .ContinuousInDE3

===========================================================================================
----------------- testing Sun Jun 27 17:40:34 UTC 2021 /home/travis/build/icyphy/ptII/ptolemy/domains/continuous/test/auto/ContinuousInDE4.xml
----------------- Instantiating /home/travis/build/icyphy/ptII/ptolemy/domains/continuous/test/auto/ContinuousInDE4.xml
12 ms. Memory: 328704K Free: 192469K (59%)
----------------- Invoking toplevel() on ptolemy.moml.MoMLSimpleApplication@70e44d8
----------------- Done invoking toplevel() on ptolemy.moml.MoMLSimpleApplication@70e44d8
reloadAllAccessors: .ContinuousInDE4

===========================================================================================
----------------- testing Sun Jun 27 17:40:34 UTC 2021 /home/travis/build/icyphy/ptII/ptolemy/domains/continuous/test/auto/ContinuousInDEDifferentRefinements.xml
----------------- Instantiating /home/travis/build/icyphy/ptII/ptolemy/domains/continuous/test/auto/ContinuousInDEDifferentRefinements.xml
57 ms. Memory: 328704K Free: 161221K (49%)
----------------- Invoking toplevel() on ptolemy.moml.MoMLSimpleApplication@73de9be5
----------------- Done invoking toplevel() on ptolemy.moml.MoMLSimpleApplication@73de9be5
reloadAllAccessors: .ContinuousInDEDifferentRefinements

===========================================================================================
----------------- testing Sun Jun 27 17:40:34 UTC 2021 /home/travis/build/icyphy/ptII/ptolemy/domains/continuous/test/auto/ContinuousInDEDifferentRefinementsPreemptive.xml
----------------- Instantiating /home/travis/build/icyphy/ptII/ptolemy/domains/continuous/test/auto/ContinuousInDEDifferentRefinementsPreemptive.xml
42 ms. Memory: 328704K Free: 130485K (40%)
----------------- Invoking toplevel() on ptolemy.moml.MoMLSimpleApplication@77b7a198
----------------- Done invoking toplevel() on ptolemy.moml.MoMLSimpleApplication@77b7a198
reloadAllAccessors: .ContinuousInDEDifferentRefinementsPreemptive

===========================================================================================
----------------- testing Sun Jun 27 17:40:34 UTC 2021 /home/travis/build/icyphy/ptII/ptolemy/domains/continuous/test/auto/ContinuousInDEInContinuous2.xml
----------------- Instantiating /home/travis/build/icyphy/ptII/ptolemy/domains/continuous/test/auto/ContinuousInDEInContinuous2.xml
32 ms. Memory: 328704K Free: 119251K (36%)
----------------- Invoking toplevel() on ptolemy.moml.MoMLSimpleApplication@795f22e4
----------------- Done invoking toplevel() on ptolemy.moml.MoMLSimpleApplication@795f22e4
reloadAllAccessors: .ContinuousInDEInContinuous2

===========================================================================================
----------------- testing Sun Jun 27 17:40:34 UTC 2021 /home/travis/build/icyphy/ptII/ptolemy/domains/continuous/test/auto/ContinuousInDEInContinuous3.xml
----------------- Instantiating /home/travis/build/icyphy/ptII/ptolemy/domains/continuous/test/auto/ContinuousInDEInContinuous3.xml
32 ms. Memory: 328704K Free: 302536K (92%)
----------------- Invoking toplevel() on ptolemy.moml.MoMLSimpleApplication@fd2d2fb
----------------- Done invoking toplevel() on ptolemy.moml.MoMLSimpleApplication@fd2d2fb
reloadAllAccessors: .ContinuousInDEInContinuous3

===========================================================================================
----------------- testing Sun Jun 27 17:40:34 UTC 2021 /home/travis/build/icyphy/ptII/ptolemy/domains/continuous/test/auto/ContinuousInDEInput.xml
----------------- Instantiating /home/travis/build/icyphy/ptII/ptolemy/domains/continuous/test/auto/ContinuousInDEInput.xml
16 ms. Memory: 328704K Free: 295368K (90%)
----------------- Invoking toplevel() on ptolemy.moml.MoMLSimpleApplication@3a57167e
----------------- Done invoking toplevel() on ptolemy.moml.MoMLSimpleApplication@3a57167e
reloadAllAccessors: .ContinuousInDEInput

===========================================================================================
----------------- testing Sun Jun 27 17:40:34 UTC 2021 /home/travis/build/icyphy/ptII/ptolemy/domains/continuous/test/auto/ContinuousInDEInput2.xml
----------------- Instantiating /home/travis/build/icyphy/ptII/ptolemy/domains/continuous/test/auto/ContinuousInDEInput2.xml
14 ms. Memory: 328704K Free: 287690K (88%)
----------------- Invoking toplevel() on ptolemy.moml.MoMLSimpleApplication@24e599f
----------------- Done invoking toplevel() on ptolemy.moml.MoMLSimpleApplication@24e599f
reloadAllAccessors: .ContinuousInDEInput2

===========================================================================================
----------------- testing Sun Jun 27 17:40:34 UTC 2021 /home/travis/build/icyphy/ptII/ptolemy/domains/continuous/test/auto/ContinuousInDEInput3.xml
----------------- Instantiating /home/travis/build/icyphy/ptII/ptolemy/domains/continuous/test/auto/ContinuousInDEInput3.xml
13 ms. Memory: 328704K Free: 280522K (85%)
----------------- Invoking toplevel() on ptolemy.moml.MoMLSimpleApplication@1de22172
----------------- Done invoking toplevel() on ptolemy.moml.MoMLSimpleApplication@1de22172
reloadAllAccessors: .ContinuousInDEInput3

===========================================================================================
----------------- testing Sun Jun 27 17:40:34 UTC 2021 /home/travis/build/icyphy/ptII/ptolemy/domains/continuous/test/auto/ContinuousInDESharingRefinement.xml
----------------- Instantiating /home/travis/build/icyphy/ptII/ptolemy/domains/continuous/test/auto/ContinuousInDESharingRefinement.xml
140 ms. Memory: 328704K Free: 185800K (57%)
----------------- Invoking toplevel() on ptolemy.moml.MoMLSimpleApplication@44f5ebc0
----------------- Done invoking toplevel() on ptolemy.moml.MoMLSimpleApplication@44f5ebc0
reloadAllAccessors: .ContinuousInDESharingRefinement

===========================================================================================
----------------- testing Sun Jun 27 17:40:35 UTC 2021 /home/travis/build/icyphy/ptII/ptolemy/domains/continuous/test/auto/ContinuousInDEwithNoPorts.xml
----------------- Instantiating /home/travis/build/icyphy/ptII/ptolemy/domains/continuous/test/auto/ContinuousInDEwithNoPorts.xml
5 ms. Memory: 328704K Free: 181690K (55%)
----------------- Invoking toplevel() on ptolemy.moml.MoMLSimpleApplication@554924ee
----------------- Done invoking toplevel() on ptolemy.moml.MoMLSimpleApplication@554924ee
reloadAllAccessors: .ContinuousInDEwithNoPorts

===========================================================================================
----------------- testing Sun Jun 27 17:40:35 UTC 2021 /home/travis/build/icyphy/ptII/ptolemy/domains/continuous/test/auto/ContinuousInsideDE.xml
----------------- Instantiating /home/travis/build/icyphy/ptII/ptolemy/domains/continuous/test/auto/ContinuousInsideDE.xml
35 ms. Memory: 328704K Free: 170440K (52%)
----------------- Invoking toplevel() on ptolemy.moml.MoMLSimpleApplication@6f862fb0
----------------- Done invoking toplevel() on ptolemy.moml.MoMLSimpleApplication@6f862fb0
reloadAllAccessors: .ContinuousInsideDE

===========================================================================================
----------------- testing Sun Jun 27 17:40:35 UTC 2021 /home/travis/build/icyphy/ptII/ptolemy/domains/continuous/test/auto/ContinuousMerge1.xml
----------------- Instantiating /home/travis/build/icyphy/ptII/ptolemy/domains/continuous/test/auto/ContinuousMerge1.xml
3 ms. Memory: 328704K Free: 165834K (50%)
----------------- Invoking toplevel() on ptolemy.moml.MoMLSimpleApplication@12d02ae
----------------- Done invoking toplevel() on ptolemy.moml.MoMLSimpleApplication@12d02ae
reloadAllAccessors: .ContinuousMerge1

===========================================================================================
----------------- testing Sun Jun 27 17:40:35 UTC 2021 /home/travis/build/icyphy/ptII/ptolemy/domains/continuous/test/auto/ContinuousMerge2.xml
----------------- Instantiating /home/travis/build/icyphy/ptII/ptolemy/domains/continuous/test/auto/ContinuousMerge2.xml
12 ms. Memory: 328704K Free: 155594K (47%)
----------------- Invoking toplevel() on ptolemy.moml.MoMLSimpleApplication@4b113e0e
----------------- Done invoking toplevel() on ptolemy.moml.MoMLSimpleApplication@4b113e0e
reloadAllAccessors: .ContinuousMerge2

===========================================================================================
----------------- testing Sun Jun 27 17:40:35 UTC 2021 /home/travis/build/icyphy/ptII/ptolemy/domains/continuous/test/auto/ContinuousMerge3.xml
----------------- Instantiating /home/travis/build/icyphy/ptII/ptolemy/domains/continuous/test/auto/ContinuousMerge3.xml
41 ms. Memory: 328704K Free: 144840K (44%)
----------------- Invoking toplevel() on ptolemy.moml.MoMLSimpleApplication@3972fa55
----------------- Done invoking toplevel() on ptolemy.moml.MoMLSimpleApplication@3972fa55
reloadAllAccessors: .ContinuousMerge3

===========================================================================================
----------------- testing Sun Jun 27 17:40:35 UTC 2021 /home/travis/build/icyphy/ptII/ptolemy/domains/continuous/test/auto/ContinuousWithinContinuous.xml
----------------- Instantiating /home/travis/build/icyphy/ptII/ptolemy/domains/continuous/test/auto/ContinuousWithinContinuous.xml
33 ms. Memory: 328704K Free: 135114K (41%)
----------------- Invoking toplevel() on ptolemy.moml.MoMLSimpleApplication@54a79b14
----------------- Done invoking toplevel() on ptolemy.moml.MoMLSimpleApplication@54a79b14
reloadAllAccessors: .ContinuousWithinContinuous

===========================================================================================
----------------- testing Sun Jun 27 17:40:35 UTC 2021 /home/travis/build/icyphy/ptII/ptolemy/domains/continuous/test/auto/ContinuousWithinContinuous2.xml
----------------- Instantiating /home/travis/build/icyphy/ptII/ptolemy/domains/continuous/test/auto/ContinuousWithinContinuous2.xml
61 ms. Memory: 328704K Free: 123850K (38%)
----------------- Invoking toplevel() on ptolemy.moml.MoMLSimpleApplication@19a1764a
----------------- Done invoking toplevel() on ptolemy.moml.MoMLSimpleApplication@19a1764a
reloadAllAccessors: .ContinuousWithinContinuous2

===========================================================================================
----------------- testing Sun Jun 27 17:40:35 UTC 2021 /home/travis/build/icyphy/ptII/ptolemy/domains/continuous/test/auto/ContinuousWithinContinuous3.xml
----------------- Instantiating /home/travis/build/icyphy/ptII/ptolemy/domains/continuous/test/auto/ContinuousWithinContinuous3.xml
19 ms. Memory: 328704K Free: 312419K (95%)
----------------- Invoking toplevel() on ptolemy.moml.MoMLSimpleApplication@5020cd87
----------------- Done invoking toplevel() on ptolemy.moml.MoMLSimpleApplication@5020cd87
reloadAllAccessors: .ContinuousWithinContinuous3

===========================================================================================
----------------- testing Sun Jun 27 17:40:35 UTC 2021 /home/travis/build/icyphy/ptII/ptolemy/domains/continuous/test/auto/ContinuousWithinContinuous4.xml
----------------- Instantiating /home/travis/build/icyphy/ptII/ptolemy/domains/continuous/test/auto/ContinuousWithinContinuous4.xml
65 ms. Memory: 328704K Free: 299631K (91%)
----------------- Invoking toplevel() on ptolemy.moml.MoMLSimpleApplication@6aa040b7
----------------- Done invoking toplevel() on ptolemy.moml.MoMLSimpleApplication@6aa040b7
reloadAllAccessors: .ContinuousWithinContinuous4

===========================================================================================
----------------- testing Sun Jun 27 17:40:35 UTC 2021 /home/travis/build/icyphy/ptII/ptolemy/domains/continuous/test/auto/ContinuousWithinContinuous5.xml
----------------- Instantiating /home/travis/build/icyphy/ptII/ptolemy/domains/continuous/test/auto/ContinuousWithinContinuous5.xml
12 ms. Memory: 328704K Free: 291949K (89%)
----------------- Invoking toplevel() on ptolemy.moml.MoMLSimpleApplication@1f8762e9
----------------- Done invoking toplevel() on ptolemy.moml.MoMLSimpleApplication@1f8762e9
reloadAllAccessors: .ContinuousWithinContinuous5

===========================================================================================
----------------- testing Sun Jun 27 17:40:35 UTC 2021 /home/travis/build/icyphy/ptII/ptolemy/domains/continuous/test/auto/ContinuousWithinContinuous6.xml
----------------- Instantiating /home/travis/build/icyphy/ptII/ptolemy/domains/continuous/test/auto/ContinuousWithinContinuous6.xml
12 ms. Memory: 328704K Free: 285295K (87%)
----------------- Invoking toplevel() on ptolemy.moml.MoMLSimpleApplication@6571378e
----------------- Done invoking toplevel() on ptolemy.moml.MoMLSimpleApplication@6571378e
reloadAllAccessors: .ContinuousWithinContinuous6

===========================================================================================
----------------- testing Sun Jun 27 17:40:35 UTC 2021 /home/travis/build/icyphy/ptII/ptolemy/domains/continuous/test/auto/ContinuousWithinContinuous7.xml
----------------- Instantiating /home/travis/build/icyphy/ptII/ptolemy/domains/continuous/test/auto/ContinuousWithinContinuous7.xml
54 ms. Memory: 328704K Free: 274031K (83%)
----------------- Invoking toplevel() on ptolemy.moml.MoMLSimpleApplication@3749e270
----------------- Done invoking toplevel() on ptolemy.moml.MoMLSimpleApplication@3749e270
reloadAllAccessors: .ContinuousWithinContinuous7

===========================================================================================
----------------- testing Sun Jun 27 17:40:35 UTC 2021 /home/travis/build/icyphy/ptII/ptolemy/domains/continuous/test/auto/DCMotor.xml
----------------- Instantiating /home/travis/build/icyphy/ptII/ptolemy/domains/continuous/test/auto/DCMotor.xml
14713 ms. Memory: 328704K Free: 269902K (82%)
----------------- Invoking toplevel() on ptolemy.moml.MoMLSimpleApplication@53cf36a7
----------------- Done invoking toplevel() on ptolemy.moml.MoMLSimpleApplication@53cf36a7
reloadAllAccessors: .DCMotor

===========================================================================================
----------------- testing Sun Jun 27 17:40:50 UTC 2021 /home/travis/build/icyphy/ptII/ptolemy/domains/continuous/test/auto/DEInContinuous.xml
----------------- Instantiating /home/travis/build/icyphy/ptII/ptolemy/domains/continuous/test/auto/DEInContinuous.xml
9 ms. Memory: 328704K Free: 263262K (80%)
----------------- Invoking toplevel() on ptolemy.moml.MoMLSimpleApplication@47142d69
----------------- Done invoking toplevel() on ptolemy.moml.MoMLSimpleApplication@47142d69
reloadAllAccessors: .DEInContinuous

===========================================================================================
----------------- testing Sun Jun 27 17:40:50 UTC 2021 /home/travis/build/icyphy/ptII/ptolemy/domains/continuous/test/auto/DEinContinuous2.xml
----------------- Instantiating /home/travis/build/icyphy/ptII/ptolemy/domains/continuous/test/auto/DEinContinuous2.xml
6 ms. Memory: 328704K Free: 255566K (78%)
----------------- Invoking toplevel() on ptolemy.moml.MoMLSimpleApplication@24be802
----------------- Done invoking toplevel() on ptolemy.moml.MoMLSimpleApplication@24be802
reloadAllAccessors: .DEinContinuous2

===========================================================================================
----------------- testing Sun Jun 27 17:40:50 UTC 2021 /home/travis/build/icyphy/ptII/ptolemy/domains/continuous/test/auto/Derivative.xml
----------------- Instantiating /home/travis/build/icyphy/ptII/ptolemy/domains/continuous/test/auto/Derivative.xml
120 ms. Memory: 328704K Free: 224860K (68%)
----------------- Invoking toplevel() on ptolemy.moml.MoMLSimpleApplication@63065f4d
----------------- Done invoking toplevel() on ptolemy.moml.MoMLSimpleApplication@63065f4d
reloadAllAccessors: .Derivative2

===========================================================================================
----------------- testing Sun Jun 27 17:40:50 UTC 2021 /home/travis/build/icyphy/ptII/ptolemy/domains/continuous/test/auto/Derivative1.xml
----------------- Instantiating /home/travis/build/icyphy/ptII/ptolemy/domains/continuous/test/auto/Derivative1.xml
16 ms. Memory: 328704K Free: 210524K (64%)
----------------- Invoking toplevel() on ptolemy.moml.MoMLSimpleApplication@2844de96
----------------- Done invoking toplevel() on ptolemy.moml.MoMLSimpleApplication@2844de96
reloadAllAccessors: .Derivative1

===========================================================================================
----------------- testing Sun Jun 27 17:40:50 UTC 2021 /home/travis/build/icyphy/ptII/ptolemy/domains/continuous/test/auto/DiscreteClock.xml
----------------- Instantiating /home/travis/build/icyphy/ptII/ptolemy/domains/continuous/test/auto/DiscreteClock.xml
4 ms. Memory: 328704K Free: 205404K (62%)
----------------- Invoking toplevel() on ptolemy.moml.MoMLSimpleApplication@7665aabd
----------------- Done invoking toplevel() on ptolemy.moml.MoMLSimpleApplication@7665aabd
reloadAllAccessors: .DiscreteClock

===========================================================================================
----------------- testing Sun Jun 27 17:40:50 UTC 2021 /home/travis/build/icyphy/ptII/ptolemy/domains/continuous/test/auto/EfficiencyCurve.xml
----------------- Instantiating /home/travis/build/icyphy/ptII/ptolemy/domains/continuous/test/auto/EfficiencyCurve.xml
45 ms. Memory: 328704K Free: 196188K (60%)
----------------- Invoking toplevel() on ptolemy.moml.MoMLSimpleApplication@397938c
----------------- Done invoking toplevel() on ptolemy.moml.MoMLSimpleApplication@397938c
reloadAllAccessors: .EfficiencyCurve

===========================================================================================
----------------- testing Sun Jun 27 17:40:50 UTC 2021 /home/travis/build/icyphy/ptII/ptolemy/domains/continuous/test/auto/ExponentialResponse.xml
----------------- Instantiating /home/travis/build/icyphy/ptII/ptolemy/domains/continuous/test/auto/ExponentialResponse.xml
90 ms. Memory: 328704K Free: 180318K (55%)
----------------- Invoking toplevel() on ptolemy.moml.MoMLSimpleApplication@312b1b5c
----------------- Done invoking toplevel() on ptolemy.moml.MoMLSimpleApplication@312b1b5c
reloadAllAccessors: .ExponentialResponse

===========================================================================================
----------------- testing Sun Jun 27 17:40:50 UTC 2021 /home/travis/build/icyphy/ptII/ptolemy/domains/continuous/test/auto/ExponentialResponseRK45.xml
----------------- Instantiating /home/travis/build/icyphy/ptII/ptolemy/domains/continuous/test/auto/ExponentialResponseRK45.xml
21 ms. Memory: 328704K Free: 173660K (53%)
----------------- Invoking toplevel() on ptolemy.moml.MoMLSimpleApplication@604f8890
----------------- Done invoking toplevel() on ptolemy.moml.MoMLSimpleApplication@604f8890
reloadAllAccessors: .ExponentialResponseRK45

===========================================================================================
----------------- testing Sun Jun 27 17:40:50 UTC 2021 /home/travis/build/icyphy/ptII/ptolemy/domains/continuous/test/auto/Friction.xml
----------------- Instantiating /home/travis/build/icyphy/ptII/ptolemy/domains/continuous/test/auto/Friction.xml
1292 ms. Memory: 328704K Free: 134175K (41%)
----------------- Invoking toplevel() on ptolemy.moml.MoMLSimpleApplication@8666646
----------------- Done invoking toplevel() on ptolemy.moml.MoMLSimpleApplication@8666646
reloadAllAccessors: .Friction

===========================================================================================
----------------- testing Sun Jun 27 17:40:52 UTC 2021 /home/travis/build/icyphy/ptII/ptolemy/domains/continuous/test/auto/FurutaPendulum.xml
----------------- Instantiating /home/travis/build/icyphy/ptII/ptolemy/domains/continuous/test/auto/FurutaPendulum.xml
2939 ms. Memory: 328704K Free: 210255K (64%)
----------------- Invoking toplevel() on ptolemy.moml.MoMLSimpleApplication@40d22a62
----------------- Done invoking toplevel() on ptolemy.moml.MoMLSimpleApplication@40d22a62
reloadAllAccessors: .FurutaPendulum

===========================================================================================
----------------- testing Sun Jun 27 17:40:55 UTC 2021 /home/travis/build/icyphy/ptII/ptolemy/domains/continuous/test/auto/HierarchicalExecution.xml
----------------- Instantiating /home/travis/build/icyphy/ptII/ptolemy/domains/continuous/test/auto/HierarchicalExecution.xml
1797 ms. Memory: 328704K Free: 283236K (86%)
----------------- Invoking toplevel() on ptolemy.moml.MoMLSimpleApplication@32d49bf1
----------------- Done invoking toplevel() on ptolemy.moml.MoMLSimpleApplication@32d49bf1
reloadAllAccessors: .HierarchicalExecution

===========================================================================================
----------------- testing Sun Jun 27 17:40:57 UTC 2021 /home/travis/build/icyphy/ptII/ptolemy/domains/continuous/test/auto/HybridPlant.xml
----------------- Instantiating /home/travis/build/icyphy/ptII/ptolemy/domains/continuous/test/auto/HybridPlant.xml
469 ms. Memory: 328704K Free: 213069K (65%)
----------------- Invoking toplevel() on ptolemy.moml.MoMLSimpleApplication@4a6e24b8
----------------- Done invoking toplevel() on ptolemy.moml.MoMLSimpleApplication@4a6e24b8
reloadAllAccessors: .HybridPlant

===========================================================================================
----------------- testing Sun Jun 27 17:40:58 UTC 2021 /home/travis/build/icyphy/ptII/ptolemy/domains/continuous/test/auto/Hysteresis.xml
----------------- Instantiating /home/travis/build/icyphy/ptII/ptolemy/domains/continuous/test/auto/Hysteresis.xml
146 ms. Memory: 328704K Free: 149596K (46%)
----------------- Invoking toplevel() on ptolemy.moml.MoMLSimpleApplication@44b3e6c8
----------------- Done invoking toplevel() on ptolemy.moml.MoMLSimpleApplication@44b3e6c8
reloadAllAccessors: .Hysteresis

===========================================================================================
----------------- testing Sun Jun 27 17:40:58 UTC 2021 /home/travis/build/icyphy/ptII/ptolemy/domains/continuous/test/auto/HysteresisWithRandomDelay.xml
----------------- Instantiating /home/travis/build/icyphy/ptII/ptolemy/domains/continuous/test/auto/HysteresisWithRandomDelay.xml
181 ms. Memory: 328704K Free: 271676K (83%)
----------------- Invoking toplevel() on ptolemy.moml.MoMLSimpleApplication@1cb43a18
----------------- Done invoking toplevel() on ptolemy.moml.MoMLSimpleApplication@1cb43a18
reloadAllAccessors: .HysteresisWithRandomDelay

===========================================================================================
----------------- testing Sun Jun 27 17:40:58 UTC 2021 /home/travis/build/icyphy/ptII/ptolemy/domains/continuous/test/auto/HysteresisWithRandomLosses.xml
----------------- Instantiating /home/travis/build/icyphy/ptII/ptolemy/domains/continuous/test/auto/HysteresisWithRandomLosses.xml
2307 ms. Memory: 328704K Free: 291010K (89%)
----------------- Invoking toplevel() on ptolemy.moml.MoMLSimpleApplication@2597af2e
----------------- Done invoking toplevel() on ptolemy.moml.MoMLSimpleApplication@2597af2e
reloadAllAccessors: .HysteresisWithRandomLosses

===========================================================================================
----------------- testing Sun Jun 27 17:41:01 UTC 2021 /home/travis/build/icyphy/ptII/ptolemy/domains/continuous/test/auto/ImmediateTransitions.xml
----------------- Instantiating /home/travis/build/icyphy/ptII/ptolemy/domains/continuous/test/auto/ImmediateTransitions.xml
8 ms. Memory: 328704K Free: 279760K (85%)
----------------- Invoking toplevel() on ptolemy.moml.MoMLSimpleApplication@7e3b2959
----------------- Done invoking toplevel() on ptolemy.moml.MoMLSimpleApplication@7e3b2959
reloadAllAccessors: .ImmediateTransitions

===========================================================================================
----------------- testing Sun Jun 27 17:41:01 UTC 2021 /home/travis/build/icyphy/ptII/ptolemy/domains/continuous/test/auto/ImpulseFeedback.xml
----------------- Instantiating /home/travis/build/icyphy/ptII/ptolemy/domains/continuous/test/auto/ImpulseFeedback.xml
6 ms. Memory: 328704K Free: 274130K (83%)
----------------- Invoking toplevel() on ptolemy.moml.MoMLSimpleApplication@36155a71
----------------- Done invoking toplevel() on ptolemy.moml.MoMLSimpleApplication@36155a71
reloadAllAccessors: .ImpulseFeedback

===========================================================================================
----------------- testing Sun Jun 27 17:41:01 UTC 2021 /home/travis/build/icyphy/ptII/ptolemy/domains/continuous/test/auto/ImpulseFeedback2.xml
----------------- Instantiating /home/travis/build/icyphy/ptII/ptolemy/domains/continuous/test/auto/ImpulseFeedback2.xml
4 ms. Memory: 328704K Free: 268496K (82%)
----------------- Invoking toplevel() on ptolemy.moml.MoMLSimpleApplication@22f13ca3
----------------- Done invoking toplevel() on ptolemy.moml.MoMLSimpleApplication@22f13ca3
reloadAllAccessors: .ImpulseFeedback2

===========================================================================================
----------------- testing Sun Jun 27 17:41:01 UTC 2021 /home/travis/build/icyphy/ptII/ptolemy/domains/continuous/test/auto/IncreasingRatePoisson.xml
----------------- Instantiating /home/travis/build/icyphy/ptII/ptolemy/domains/continuous/test/auto/IncreasingRatePoisson.xml
690 ms. Memory: 395264K Free: 228311K (58%)
----------------- Invoking toplevel() on ptolemy.moml.MoMLSimpleApplication@1657b7fe
----------------- Done invoking toplevel() on ptolemy.moml.MoMLSimpleApplication@1657b7fe
reloadAllAccessors: .IncreasingRatePoisson

===========================================================================================
----------------- testing Sun Jun 27 17:41:01 UTC 2021 /home/travis/build/icyphy/ptII/ptolemy/domains/continuous/test/auto/InitialStateFeedback.xml
----------------- Instantiating /home/travis/build/icyphy/ptII/ptolemy/domains/continuous/test/auto/InitialStateFeedback.xml
3 ms. Memory: 395264K Free: 223720K (57%)
----------------- Invoking toplevel() on ptolemy.moml.MoMLSimpleApplication@1deff000
----------------- Done invoking toplevel() on ptolemy.moml.MoMLSimpleApplication@1deff000
reloadAllAccessors: .InitialStateFeedback

===========================================================================================
----------------- testing Sun Jun 27 17:41:01 UTC 2021 /home/travis/build/icyphy/ptII/ptolemy/domains/continuous/test/auto/Integration.xml
----------------- Instantiating /home/travis/build/icyphy/ptII/ptolemy/domains/continuous/test/auto/Integration.xml
1 ms. Memory: 395264K Free: 219624K (56%)
----------------- Invoking toplevel() on ptolemy.moml.MoMLSimpleApplication@12e2deb1
----------------- Done invoking toplevel() on ptolemy.moml.MoMLSimpleApplication@12e2deb1
reloadAllAccessors: .Integration

===========================================================================================
----------------- testing Sun Jun 27 17:41:01 UTC 2021 /home/travis/build/icyphy/ptII/ptolemy/domains/continuous/test/auto/Integration2.xml
----------------- Instantiating /home/travis/build/icyphy/ptII/ptolemy/domains/continuous/test/auto/Integration2.xml
68 ms. Memory: 395264K Free: 204774K (52%)
----------------- Invoking toplevel() on ptolemy.moml.MoMLSimpleApplication@6887438f
----------------- Done invoking toplevel() on ptolemy.moml.MoMLSimpleApplication@6887438f
reloadAllAccessors: .Integration2

===========================================================================================
----------------- testing Sun Jun 27 17:41:02 UTC 2021 /home/travis/build/icyphy/ptII/ptolemy/domains/continuous/test/auto/Integration3.xml
----------------- Instantiating /home/travis/build/icyphy/ptII/ptolemy/domains/continuous/test/auto/Integration3.xml
2 ms. Memory: 395264K Free: 200168K (51%)
----------------- Invoking toplevel() on ptolemy.moml.MoMLSimpleApplication@3a81ba1
----------------- Done invoking toplevel() on ptolemy.moml.MoMLSimpleApplication@3a81ba1
reloadAllAccessors: .Integration3

===========================================================================================
----------------- testing Sun Jun 27 17:41:02 UTC 2021 /home/travis/build/icyphy/ptII/ptolemy/domains/continuous/test/auto/Integration5.xml
----------------- Instantiating /home/travis/build/icyphy/ptII/ptolemy/domains/continuous/test/auto/Integration5.xml
3 ms. Memory: 395264K Free: 196072K (50%)
----------------- Invoking toplevel() on ptolemy.moml.MoMLSimpleApplication@2df3a319
----------------- Done invoking toplevel() on ptolemy.moml.MoMLSimpleApplication@2df3a319
reloadAllAccessors: .Integration5

===========================================================================================
----------------- testing Sun Jun 27 17:41:02 UTC 2021 /home/travis/build/icyphy/ptII/ptolemy/domains/continuous/test/auto/IntegratorImpulse.xml
----------------- Instantiating /home/travis/build/icyphy/ptII/ptolemy/domains/continuous/test/auto/IntegratorImpulse.xml
2 ms. Memory: 395264K Free: 191976K (49%)
----------------- Invoking toplevel() on ptolemy.moml.MoMLSimpleApplication@474818cb
----------------- Done invoking toplevel() on ptolemy.moml.MoMLSimpleApplication@474818cb
reloadAllAccessors: .IntegratorImpulse

===========================================================================================
----------------- testing Sun Jun 27 17:41:02 UTC 2021 /home/travis/build/icyphy/ptII/ptolemy/domains/continuous/test/auto/IntegratorImpulse2.xml
----------------- Instantiating /home/travis/build/icyphy/ptII/ptolemy/domains/continuous/test/auto/IntegratorImpulse2.xml
3 ms. Memory: 395264K Free: 187359K (47%)
----------------- Invoking toplevel() on ptolemy.moml.MoMLSimpleApplication@57654deb
----------------- Done invoking toplevel() on ptolemy.moml.MoMLSimpleApplication@57654deb
reloadAllAccessors: .IntegratorImpulse2

===========================================================================================
----------------- testing Sun Jun 27 17:41:02 UTC 2021 /home/travis/build/icyphy/ptII/ptolemy/domains/continuous/test/auto/LevelCrossing1.xml
----------------- Instantiating /home/travis/build/icyphy/ptII/ptolemy/domains/continuous/test/auto/LevelCrossing1.xml
2 ms. Memory: 395264K Free: 182231K (46%)
----------------- Invoking toplevel() on ptolemy.moml.MoMLSimpleApplication@27393a92
----------------- Done invoking toplevel() on ptolemy.moml.MoMLSimpleApplication@27393a92
reloadAllAccessors: .LevelCrossing1

===========================================================================================
----------------- testing Sun Jun 27 17:41:02 UTC 2021 /home/travis/build/icyphy/ptII/ptolemy/domains/continuous/test/auto/LevelCrossing2.xml
----------------- Instantiating /home/travis/build/icyphy/ptII/ptolemy/domains/continuous/test/auto/LevelCrossing2.xml
2 ms. Memory: 395264K Free: 177119K (45%)
----------------- Invoking toplevel() on ptolemy.moml.MoMLSimpleApplication@428ed51b
----------------- Done invoking toplevel() on ptolemy.moml.MoMLSimpleApplication@428ed51b
reloadAllAccessors: .LevelCrossing2

===========================================================================================
----------------- testing Sun Jun 27 17:41:02 UTC 2021 /home/travis/build/icyphy/ptII/ptolemy/domains/continuous/test/auto/LevelCrossing3.xml
----------------- Instantiating /home/travis/build/icyphy/ptII/ptolemy/domains/continuous/test/auto/LevelCrossing3.xml
5 ms. Memory: 395264K Free: 172006K (44%)
----------------- Invoking toplevel() on ptolemy.moml.MoMLSimpleApplication@7caae0e5
----------------- Done invoking toplevel() on ptolemy.moml.MoMLSimpleApplication@7caae0e5
reloadAllAccessors: .LevelCrossing3

===========================================================================================
----------------- testing Sun Jun 27 17:41:02 UTC 2021 /home/travis/build/icyphy/ptII/ptolemy/domains/continuous/test/auto/LevelCrossing4.xml
----------------- Instantiating /home/travis/build/icyphy/ptII/ptolemy/domains/continuous/test/auto/LevelCrossing4.xml
2 ms. Memory: 395264K Free: 166871K (42%)
----------------- Invoking toplevel() on ptolemy.moml.MoMLSimpleApplication@477e861e
----------------- Done invoking toplevel() on ptolemy.moml.MoMLSimpleApplication@477e861e
reloadAllAccessors: .LevelCrossing4

===========================================================================================
----------------- testing Sun Jun 27 17:41:02 UTC 2021 /home/travis/build/icyphy/ptII/ptolemy/domains/continuous/test/auto/LevelCrossing5.xml
----------------- Instantiating /home/travis/build/icyphy/ptII/ptolemy/domains/continuous/test/auto/LevelCrossing5.xml
3 ms. Memory: 395264K Free: 161759K (41%)
----------------- Invoking toplevel() on ptolemy.moml.MoMLSimpleApplication@59316fe5
----------------- Done invoking toplevel() on ptolemy.moml.MoMLSimpleApplication@59316fe5
reloadAllAccessors: .LevelCrossing5

===========================================================================================
[...]
----------------- testing Sun Jun 27 17:41:17 UTC 2021 /home/travis/build/icyphy/ptII/ptolemy/domains/continuous/test/auto/SRinContinuous.xml
----------------- Instantiating /home/travis/build/icyphy/ptII/ptolemy/domains/continuous/test/auto/SRinContinuous.xml
4 ms. Memory: 395264K Free: 219278K (55%)
----------------- Invoking toplevel() on ptolemy.moml.MoMLSimpleApplication@620a7031
----------------- Done invoking toplevel() on ptolemy.moml.MoMLSimpleApplication@620a7031
reloadAllAccessors: .SRinContinuous

===========================================================================================
----------------- testing Sun Jun 27 17:41:17 UTC 2021 /home/travis/build/icyphy/ptII/ptolemy/domains/continuous/test/auto/SampledClocks.xml
----------------- Instantiating /home/travis/build/icyphy/ptII/ptolemy/domains/continuous/test/auto/SampledClocks.xml
6 ms. Memory: 395264K Free: 206480K (52%)
----------------- Invoking toplevel() on ptolemy.moml.MoMLSimpleApplication@dd7beed
----------------- Done invoking toplevel() on ptolemy.moml.MoMLSimpleApplication@dd7beed
reloadAllAccessors: .SampledClocks

===========================================================================================
----------------- testing Sun Jun 27 17:41:17 UTC 2021 /home/travis/build/icyphy/ptII/ptolemy/domains/continuous/test/auto/Satellite.xml
----------------- Instantiating /home/travis/build/icyphy/ptII/ptolemy/domains/continuous/test/auto/Satellite.xml
739 ms. Memory: 395264K Free: 246077K (62%)
----------------- Invoking toplevel() on ptolemy.moml.MoMLSimpleApplication@1d154661
----------------- Done invoking toplevel() on ptolemy.moml.MoMLSimpleApplication@1d154661
reloadAllAccessors: .Satellite

===========================================================================================
----------------- testing Sun Jun 27 17:41:18 UTC 2021 /home/travis/build/icyphy/ptII/ptolemy/domains/continuous/test/auto/SigmaDelta.xml
----------------- Instantiating /home/travis/build/icyphy/ptII/ptolemy/domains/continuous/test/auto/SigmaDelta.xml
1889 ms. Memory: 395264K Free: 214440K (54%)
----------------- Invoking toplevel() on ptolemy.moml.MoMLSimpleApplication@eb15d4a
----------------- Done invoking toplevel() on ptolemy.moml.MoMLSimpleApplication@eb15d4a
reloadAllAccessors: .SigmaDelta

===========================================================================================
----------------- testing Sun Jun 27 17:41:20 UTC 2021 /home/travis/build/icyphy/ptII/ptolemy/domains/continuous/test/auto/SingleRefinement.xml
----------------- Instantiating /home/travis/build/icyphy/ptII/ptolemy/domains/continuous/test/auto/SingleRefinement.xml
303 ms. Memory: 395264K Free: 264955K (67%)
----------------- Invoking toplevel() on ptolemy.moml.MoMLSimpleApplication@f19aaf8
----------------- Done invoking toplevel() on ptolemy.moml.MoMLSimpleApplication@f19aaf8
reloadAllAccessors: .SingleRefinement

===========================================================================================
----------------- testing Sun Jun 27 17:41:20 UTC 2021 /home/travis/build/icyphy/ptII/ptolemy/domains/continuous/test/auto/SinuBouncingBall.xml
----------------- Instantiating /home/travis/build/icyphy/ptII/ptolemy/domains/continuous/test/auto/SinuBouncingBall.xml
772 ms. Memory: 395264K Free: 283694K (72%)
----------------- Invoking toplevel() on ptolemy.moml.MoMLSimpleApplication@617f5d9e
----------------- Done invoking toplevel() on ptolemy.moml.MoMLSimpleApplication@617f5d9e
reloadAllAccessors: .SinuBouncingBall

===========================================================================================
----------------- testing Sun Jun 27 17:41:21 UTC 2021 /home/travis/build/icyphy/ptII/ptolemy/domains/continuous/test/auto/Sinusoid.xml
----------------- Instantiating /home/travis/build/icyphy/ptII/ptolemy/domains/continuous/test/auto/Sinusoid.xml
6 ms. Memory: 395264K Free: 279102K (71%)
----------------- Invoking toplevel() on ptolemy.moml.MoMLSimpleApplication@1b06877f
----------------- Done invoking toplevel() on ptolemy.moml.MoMLSimpleApplication@1b06877f
reloadAllAccessors: .Sinusoid

===========================================================================================
----------------- testing Sun Jun 27 17:41:21 UTC 2021 /home/travis/build/icyphy/ptII/ptolemy/domains/continuous/test/auto/SinusoidInNoise.xml
----------------- Instantiating /home/travis/build/icyphy/ptII/ptolemy/domains/continuous/test/auto/SinusoidInNoise.xml
759 ms. Memory: 395264K Free: 144444K (37%)
----------------- Invoking toplevel() on ptolemy.moml.MoMLSimpleApplication@7aae32c0
----------------- Done invoking toplevel() on ptolemy.moml.MoMLSimpleApplication@7aae32c0
reloadAllAccessors: .SinusoidInNoise

===========================================================================================
----------------- testing Sun Jun 27 17:41:22 UTC 2021 /home/travis/build/icyphy/ptII/ptolemy/domains/continuous/test/auto/SinusoidRK45.xml
----------------- Instantiating /home/travis/build/icyphy/ptII/ptolemy/domains/continuous/test/auto/SinusoidRK45.xml
2 ms. Memory: 395264K Free: 376408K (95%)
----------------- Invoking toplevel() on ptolemy.moml.MoMLSimpleApplication@2b89f74e
----------------- Done invoking toplevel() on ptolemy.moml.MoMLSimpleApplication@2b89f74e
reloadAllAccessors: .SinusoidRK45

===========================================================================================
----------------- testing Sun Jun 27 17:41:22 UTC 2021 /home/travis/build/icyphy/ptII/ptolemy/domains/continuous/test/auto/SinusoidWithMultipleImpulses.xml
----------------- Instantiating /home/travis/build/icyphy/ptII/ptolemy/domains/continuous/test/auto/SinusoidWithMultipleImpulses.xml
3 ms. Memory: 395264K Free: 371798K (94%)
----------------- Invoking toplevel() on ptolemy.moml.MoMLSimpleApplication@6a8a5120
----------------- Done invoking toplevel() on ptolemy.moml.MoMLSimpleApplication@6a8a5120
reloadAllAccessors: .SinusoidWithMultipleImpulses

===========================================================================================
----------------- testing Sun Jun 27 17:41:22 UTC 2021 /home/travis/build/icyphy/ptII/ptolemy/domains/continuous/test/auto/SquareWave.xml
----------------- Instantiating /home/travis/build/icyphy/ptII/ptolemy/domains/continuous/test/auto/SquareWave.xml
134 ms. Memory: 395264K Free: 344150K (87%)
----------------- Invoking toplevel() on ptolemy.moml.MoMLSimpleApplication@c02d23a
----------------- Done invoking toplevel() on ptolemy.moml.MoMLSimpleApplication@c02d23a
reloadAllAccessors: .SquareWave

===========================================================================================
----------------- testing Sun Jun 27 17:41:22 UTC 2021 /home/travis/build/icyphy/ptII/ptolemy/domains/continuous/test/auto/Starmac.xml
----------------- Instantiating /home/travis/build/icyphy/ptII/ptolemy/domains/continuous/test/auto/Starmac.xml
3059 ms. Memory: 395264K Free: 262763K (66%)
----------------- Invoking toplevel() on ptolemy.moml.MoMLSimpleApplication@384d5c30
----------------- Done invoking toplevel() on ptolemy.moml.MoMLSimpleApplication@384d5c30
reloadAllAccessors: .Starmac

===========================================================================================
----------------- testing Sun Jun 27 17:41:25 UTC 2021 /home/travis/build/icyphy/ptII/ptolemy/domains/continuous/test/auto/StaticUnits.xml
----------------- Instantiating /home/travis/build/icyphy/ptII/ptolemy/domains/continuous/test/auto/StaticUnits.xml
1649 ms. Memory: 395264K Free: 262575K (66%)
----------------- Invoking toplevel() on ptolemy.moml.MoMLSimpleApplication@6d2f9a00
----------------- Done invoking toplevel() on ptolemy.moml.MoMLSimpleApplication@6d2f9a00
reloadAllAccessors: .StaticUnits

===========================================================================================
----------------- testing Sun Jun 27 17:41:28 UTC 2021 /home/travis/build/icyphy/ptII/ptolemy/domains/continuous/test/auto/StickyMasses.xml
----------------- Instantiating /home/travis/build/icyphy/ptII/ptolemy/domains/continuous/test/auto/StickyMasses.xml
121 ms. Memory: 395264K Free: 212913K (54%)
----------------- Invoking toplevel() on ptolemy.moml.MoMLSimpleApplication@6f82e24c
----------------- Done invoking toplevel() on ptolemy.moml.MoMLSimpleApplication@6f82e24c
reloadAllAccessors: .StickyMasses

===========================================================================================
----------------- testing Sun Jun 27 17:41:28 UTC 2021 /home/travis/build/icyphy/ptII/ptolemy/domains/continuous/test/auto/StopTime.xml
----------------- Instantiating /home/travis/build/icyphy/ptII/ptolemy/domains/continuous/test/auto/StopTime.xml
34 ms. Memory: 395264K Free: 187792K (48%)
----------------- Invoking toplevel() on ptolemy.moml.MoMLSimpleApplication@5ce3b4ec
----------------- Done invoking toplevel() on ptolemy.moml.MoMLSimpleApplication@5ce3b4ec
reloadAllAccessors: .StopTime

===========================================================================================
----------------- testing Sun Jun 27 17:41:28 UTC 2021 /home/travis/build/icyphy/ptII/ptolemy/domains/continuous/test/auto/StopTime2.xml
----------------- Instantiating /home/travis/build/icyphy/ptII/ptolemy/domains/continuous/test/auto/StopTime2.xml
28 ms. Memory: 395264K Free: 165809K (42%)
----------------- Invoking toplevel() on ptolemy.moml.MoMLSimpleApplication@8ead441
----------------- Done invoking toplevel() on ptolemy.moml.MoMLSimpleApplication@8ead441
reloadAllAccessors: .StopTime2

===========================================================================================
----------------- testing Sun Jun 27 17:41:28 UTC 2021 /home/travis/build/icyphy/ptII/ptolemy/domains/continuous/test/auto/Switch.xml
----------------- Instantiating /home/travis/build/icyphy/ptII/ptolemy/domains/continuous/test/auto/Switch.xml
50 ms. Memory: 395264K Free: 371323K (94%)
----------------- Invoking toplevel() on ptolemy.moml.MoMLSimpleApplication@7137624c
----------------- Done invoking toplevel() on ptolemy.moml.MoMLSimpleApplication@7137624c
reloadAllAccessors: .Switch

===========================================================================================
----------------- testing Sun Jun 27 17:41:28 UTC 2021 /home/travis/build/icyphy/ptII/ptolemy/domains/continuous/test/auto/Thermostat.xml
----------------- Instantiating /home/travis/build/icyphy/ptII/ptolemy/domains/continuous/test/auto/Thermostat.xml
168 ms. Memory: 395264K Free: 298906K (76%)
----------------- Invoking toplevel() on ptolemy.moml.MoMLSimpleApplication@77c74158
----------------- Done invoking toplevel() on ptolemy.moml.MoMLSimpleApplication@77c74158
reloadAllAccessors: .Thermostat

===========================================================================================
----------------- testing Sun Jun 27 17:41:28 UTC 2021 /home/travis/build/icyphy/ptII/ptolemy/domains/continuous/test/auto/TimeDelay.xml
----------------- Instantiating /home/travis/build/icyphy/ptII/ptolemy/domains/continuous/test/auto/TimeDelay.xml
5 ms. Memory: 395264K Free: 294314K (74%)
----------------- Invoking toplevel() on ptolemy.moml.MoMLSimpleApplication@72970abf
----------------- Done invoking toplevel() on ptolemy.moml.MoMLSimpleApplication@72970abf
reloadAllAccessors: .TimeDelay

===========================================================================================
----------------- testing Sun Jun 27 17:41:28 UTC 2021 /home/travis/build/icyphy/ptII/ptolemy/domains/continuous/test/auto/TimeDelay2.xml
----------------- Instantiating /home/travis/build/icyphy/ptII/ptolemy/domains/continuous/test/auto/TimeDelay2.xml
8 ms. Memory: 395264K Free: 284584K (72%)
----------------- Invoking toplevel() on ptolemy.moml.MoMLSimpleApplication@123c6f68
----------------- Done invoking toplevel() on ptolemy.moml.MoMLSimpleApplication@123c6f68
reloadAllAccessors: .TimeDelay2

===========================================================================================
----------------- testing Sun Jun 27 17:41:28 UTC 2021 /home/travis/build/icyphy/ptII/ptolemy/domains/continuous/test/auto/TimeDelay3.xml
----------------- Instantiating /home/travis/build/icyphy/ptII/ptolemy/domains/continuous/test/auto/TimeDelay3.xml
3 ms. Memory: 395264K Free: 279976K (71%)
----------------- Invoking toplevel() on ptolemy.moml.MoMLSimpleApplication@38d44f78
----------------- Done invoking toplevel() on ptolemy.moml.MoMLSimpleApplication@38d44f78
reloadAllAccessors: .TimeDelay3

===========================================================================================
----------------- testing Sun Jun 27 17:41:28 UTC 2021 /home/travis/build/icyphy/ptII/ptolemy/domains/continuous/test/auto/TransferAbsentToInside.xml
----------------- Instantiating /home/travis/build/icyphy/ptII/ptolemy/domains/continuous/test/auto/TransferAbsentToInside.xml
27 ms. Memory: 395264K Free: 226730K (57%)
----------------- Invoking toplevel() on ptolemy.moml.MoMLSimpleApplication@4c1e6a10
----------------- Done invoking toplevel() on ptolemy.moml.MoMLSimpleApplication@4c1e6a10
reloadAllAccessors: .TransferAbsentToInside

===========================================================================================
----------------- testing Sun Jun 27 17:41:28 UTC 2021 /home/travis/build/icyphy/ptII/ptolemy/domains/continuous/test/auto/Transmission.xml
----------------- Instantiating /home/travis/build/icyphy/ptII/ptolemy/domains/continuous/test/auto/Transmission.xml
726 ms. Memory: 395264K Free: 225704K (57%)
----------------- Invoking toplevel() on ptolemy.moml.MoMLSimpleApplication@5e62c4a8
----------------- Done invoking toplevel() on ptolemy.moml.MoMLSimpleApplication@5e62c4a8
reloadAllAccessors: .Transmission

===========================================================================================
----------------- testing Sun Jun 27 17:41:29 UTC 2021 /home/travis/build/icyphy/ptII/ptolemy/domains/continuous/test/auto/TriggeredContinuousClock.xml
----------------- Instantiating /home/travis/build/icyphy/ptII/ptolemy/domains/continuous/test/auto/TriggeredContinuousClock.xml
36 ms. Memory: 395264K Free: 196008K (50%)
----------------- Invoking toplevel() on ptolemy.moml.MoMLSimpleApplication@671dc393
----------------- Done invoking toplevel() on ptolemy.moml.MoMLSimpleApplication@671dc393
reloadAllAccessors: .TriggeredContinuousClock

===========================================================================================
----------------- testing Sun Jun 27 17:41:29 UTC 2021 /home/travis/build/icyphy/ptII/ptolemy/domains/continuous/test/auto/TwoMachineInfiniteBusControl.xml
----------------- Instantiating /home/travis/build/icyphy/ptII/ptolemy/domains/continuous/test/auto/TwoMachineInfiniteBusControl.xml
2185 ms. Memory: 395264K Free: 305479K (77%)
----------------- Invoking toplevel() on ptolemy.moml.MoMLSimpleApplication@7e415036
----------------- Done invoking toplevel() on ptolemy.moml.MoMLSimpleApplication@7e415036
reloadAllAccessors: .TwoMachineInfiniteBusControl

===========================================================================================
----------------- testing Sun Jun 27 17:41:32 UTC 2021 /home/travis/build/icyphy/ptII/ptolemy/domains/continuous/test/auto/V2V.xml
----------------- Instantiating /home/travis/build/icyphy/ptII/ptolemy/domains/continuous/test/auto/V2V.xml
678 ms. Memory: 395264K Free: 347442K (88%)
----------------- Invoking toplevel() on ptolemy.moml.MoMLSimpleApplication@31bebcf9
----------------- Done invoking toplevel() on ptolemy.moml.MoMLSimpleApplication@31bebcf9
reloadAllAccessors: .V2V

===========================================================================================
----------------- testing Sun Jun 27 17:41:32 UTC 2021 /home/travis/build/icyphy/ptII/ptolemy/domains/continuous/test/auto/hierarchicalModalModel.xml
----------------- Instantiating /home/travis/build/icyphy/ptII/ptolemy/domains/continuous/test/auto/hierarchicalModalModel.xml
7 ms. Memory: 395264K Free: 333114K (84%)
----------------- Invoking toplevel() on ptolemy.moml.MoMLSimpleApplication@6b418aa5
----------------- Done invoking toplevel() on ptolemy.moml.MoMLSimpleApplication@6b418aa5
reloadAllAccessors: .hierarchicalModalModel

===========================================================================================
----------------- testing Sun Jun 27 17:41:32 UTC 2021 /home/travis/build/icyphy/ptII/ptolemy/domains/continuous/test/auto/hierarchicalModalModel1.xml
----------------- Instantiating /home/travis/build/icyphy/ptII/ptolemy/domains/continuous/test/auto/hierarchicalModalModel1.xml
6 ms. Memory: 395264K Free: 318785K (81%)
----------------- Invoking toplevel() on ptolemy.moml.MoMLSimpleApplication@5bcde757
----------------- Done invoking toplevel() on ptolemy.moml.MoMLSimpleApplication@5bcde757
reloadAllAccessors: .hierarchicalModalModel1

===========================================================================================
----------------- testing Sun Jun 27 17:41:32 UTC 2021 /home/travis/build/icyphy/ptII/ptolemy/domains/continuous/test/auto/hierarchicalModalModel2.xml
----------------- Instantiating /home/travis/build/icyphy/ptII/ptolemy/domains/continuous/test/auto/hierarchicalModalModel2.xml
6 ms. Memory: 395264K Free: 306482K (78%)
----------------- Invoking toplevel() on ptolemy.moml.MoMLSimpleApplication@43f4fa63
----------------- Done invoking toplevel() on ptolemy.moml.MoMLSimpleApplication@43f4fa63
reloadAllAccessors: .hierarchicalModalModel2

===========================================================================================
----------------- testing Sun Jun 27 17:41:32 UTC 2021 /home/travis/build/icyphy/ptII/ptolemy/domains/continuous/test/auto/hierarchicalModalModel3.xml
----------------- Instantiating /home/travis/build/icyphy/ptII/ptolemy/domains/continuous/test/auto/hierarchicalModalModel3.xml
5 ms. Memory: 395264K Free: 295747K (75%)
----------------- Invoking toplevel() on ptolemy.moml.MoMLSimpleApplication@7e87f797
----------------- Done invoking toplevel() on ptolemy.moml.MoMLSimpleApplication@7e87f797
reloadAllAccessors: .hierarchicalModalModel3

===========================================================================================
----------------- testing Sun Jun 27 17:41:32 UTC 2021 /home/travis/build/icyphy/ptII/ptolemy/domains/continuous/test/auto/hierarchicalModalModel4.xml
----------------- Instantiating /home/travis/build/icyphy/ptII/ptolemy/domains/continuous/test/auto/hierarchicalModalModel4.xml
4 ms. Memory: 395264K Free: 283969K (72%)
----------------- Invoking toplevel() on ptolemy.moml.MoMLSimpleApplication@46a296f6
----------------- Done invoking toplevel() on ptolemy.moml.MoMLSimpleApplication@46a296f6
reloadAllAccessors: .hierarchicalModalModel4

===========================================================================================
----------------- testing Sun Jun 27 17:41:32 UTC 2021 /home/travis/build/icyphy/ptII/ptolemy/domains/continuous/test/auto/junk.xml
----------------- Instantiating /home/travis/build/icyphy/ptII/ptolemy/domains/continuous/test/auto/junk.xml
112 ms. Memory: 395264K Free: 258369K (65%)
----------------- Invoking toplevel() on ptolemy.moml.MoMLSimpleApplication@5bbb505d
----------------- Done invoking toplevel() on ptolemy.moml.MoMLSimpleApplication@5bbb505d
reloadAllAccessors: .junk
AutoTests.java: About to close Vertx.
AutoTests.java: Vertx closed.
]]></system-out>
  <system-err><![CDATA[Warning: '.HysteresisWithRandomDelay.NonStrictTest3' The test produced only 24 tokens, yet the correctValues parameter was expecting 30 tokens.
Warning: '.IncreasingRatePoisson.NonStrictTest' The test produced only 386 tokens, yet the correctValues parameter was expecting 402 tokens.
Warning: '.Poisson.NonStrictTest' The test produced only 392 tokens, yet the correctValues parameter was expecting 430 tokens.
]]></system-err>
</testsuite>
