<?xml version="1.0" encoding="UTF-8" ?>
<testsuite errors="0" failures="0" hostname="travis-job-7ece1b14-175e-4269-902c-3b76453e0f3f" name="ptolemy.domains.modal.test.junit.JUnitTclTest" skipped="0" tests="148" time="11.495" timestamp="2019-07-15T16:49:53">
  <properties>
[...]
</properties>
  <testcase classname="ptolemy.util.test.junit.TclTests" name="[0] /home/travis/build/icyphy/ptII/ptolemy/domains/modal/test/SystemLevelType.tcl (RunTclFile)" time="2.09" />
  <testcase classname="ptolemy.util.test.junit.AutoKnownFailedTests" name="[0] /home/travis/build/icyphy/ptII/ptolemy/domains/modal/test/auto/knownFailedTests/CannotAnalysisWithPreemption.xml (RunModel)" time="0.281" />
  <testcase classname="ptolemy.util.test.junit.AutoNameArchTests" name="[0] ThereAreNoAutoArchTests (RunModel)" time="0.007" />
  <testcase classname="ptolemy.util.test.junit.AutoTests" name="[0] /home/travis/build/icyphy/ptII/ptolemy/domains/modal/test/auto/ABPTest.xml (RunModel)" time="0.885" />
  <testcase classname="ptolemy.util.test.junit.AutoTests" name="[1] /home/travis/build/icyphy/ptII/ptolemy/domains/modal/test/auto/ABROFlat.xml (RunModel)" time="0.104" />
  <testcase classname="ptolemy.util.test.junit.AutoTests" name="[2] /home/travis/build/icyphy/ptII/ptolemy/domains/modal/test/auto/ABROFlat2.xml (RunModel)" time="0.097" />
  <testcase classname="ptolemy.util.test.junit.AutoTests" name="[3] /home/travis/build/icyphy/ptII/ptolemy/domains/modal/test/auto/ABRO_present_hmm.xml (RunModel)" time="0.167" />
  <testcase classname="ptolemy.util.test.junit.AutoTests" name="[4] /home/travis/build/icyphy/ptII/ptolemy/domains/modal/test/auto/AMICoderExample.xml (RunModel)" time="0.093" />
  <testcase classname="ptolemy.util.test.junit.AutoTests" name="[5] /home/travis/build/icyphy/ptII/ptolemy/domains/modal/test/auto/AbsentToPresent.xml (RunModel)" time="0.034" />
  <testcase classname="ptolemy.util.test.junit.AutoTests" name="[6] /home/travis/build/icyphy/ptII/ptolemy/domains/modal/test/auto/Blending.xml (RunModel)" time="0.325" />
  <testcase classname="ptolemy.util.test.junit.AutoTests" name="[7] /home/travis/build/icyphy/ptII/ptolemy/domains/modal/test/auto/Broadcast.xml (RunModel)" time="0.057" />
  <testcase classname="ptolemy.util.test.junit.AutoTests" name="[8] /home/travis/build/icyphy/ptII/ptolemy/domains/modal/test/auto/BroadcastHierarchy.xml (RunModel)" time="0.063" />
  <testcase classname="ptolemy.util.test.junit.AutoTests" name="[9] /home/travis/build/icyphy/ptII/ptolemy/domains/modal/test/auto/BroadcastHierarchy2.xml (RunModel)" time="0.12" />
  <testcase classname="ptolemy.util.test.junit.AutoTests" name="[10] /home/travis/build/icyphy/ptII/ptolemy/domains/modal/test/auto/BroadcastHierarchy3.xml (RunModel)" time="0.091" />
  <testcase classname="ptolemy.util.test.junit.AutoTests" name="[11] /home/travis/build/icyphy/ptII/ptolemy/domains/modal/test/auto/BroadcastHierarchy4.xml (RunModel)" time="0.108" />
  <testcase classname="ptolemy.util.test.junit.AutoTests" name="[12] /home/travis/build/icyphy/ptII/ptolemy/domains/modal/test/auto/CannotAnalysisWithPreemption2.xml (RunModel)" time="0.038" />
  <testcase classname="ptolemy.util.test.junit.AutoTests" name="[13] /home/travis/build/icyphy/ptII/ptolemy/domains/modal/test/auto/CannotAnalysisWithPreemption3.xml (RunModel)" time="0.07" />
  <testcase classname="ptolemy.util.test.junit.AutoTests" name="[14] /home/travis/build/icyphy/ptII/ptolemy/domains/modal/test/auto/CannotProduce.xml (RunModel)" time="0.054" />
  <testcase classname="ptolemy.util.test.junit.AutoTests" name="[15] /home/travis/build/icyphy/ptII/ptolemy/domains/modal/test/auto/CannotProduceModal.xml (RunModel)" time="0.034" />
  <testcase classname="ptolemy.util.test.junit.AutoTests" name="[16] /home/travis/build/icyphy/ptII/ptolemy/domains/modal/test/auto/Case.xml (RunModel)" time="0.091" />
  <testcase classname="ptolemy.util.test.junit.AutoTests" name="[17] /home/travis/build/icyphy/ptII/ptolemy/domains/modal/test/auto/Case1.xml (RunModel)" time="0.021" />
  <testcase classname="ptolemy.util.test.junit.AutoTests" name="[18] /home/travis/build/icyphy/ptII/ptolemy/domains/modal/test/auto/Case2.xml (RunModel)" time="0.069" />
  <testcase classname="ptolemy.util.test.junit.AutoTests" name="[19] /home/travis/build/icyphy/ptII/ptolemy/domains/modal/test/auto/CausalityInterface1.xml (RunModel)" time="0.033" />
  <testcase classname="ptolemy.util.test.junit.AutoTests" name="[20] /home/travis/build/icyphy/ptII/ptolemy/domains/modal/test/auto/CausalityInterface10.xml (RunModel)" time="0.057" />
  <testcase classname="ptolemy.util.test.junit.AutoTests" name="[21] /home/travis/build/icyphy/ptII/ptolemy/domains/modal/test/auto/CausalityInterface11.xml (RunModel)" time="0.053" />
  <testcase classname="ptolemy.util.test.junit.AutoTests" name="[22] /home/travis/build/icyphy/ptII/ptolemy/domains/modal/test/auto/CausalityInterface12.xml (RunModel)" time="0.053" />
  <testcase classname="ptolemy.util.test.junit.AutoTests" name="[23] /home/travis/build/icyphy/ptII/ptolemy/domains/modal/test/auto/CausalityInterface13.xml (RunModel)" time="0.058" />
  <testcase classname="ptolemy.util.test.junit.AutoTests" name="[24] /home/travis/build/icyphy/ptII/ptolemy/domains/modal/test/auto/CausalityInterface14.xml (RunModel)" time="0.058" />
  <testcase classname="ptolemy.util.test.junit.AutoTests" name="[25] /home/travis/build/icyphy/ptII/ptolemy/domains/modal/test/auto/CausalityInterface2.xml (RunModel)" time="0.037" />
  <testcase classname="ptolemy.util.test.junit.AutoTests" name="[26] /home/travis/build/icyphy/ptII/ptolemy/domains/modal/test/auto/CausalityInterface3.xml (RunModel)" time="0.023" />
  <testcase classname="ptolemy.util.test.junit.AutoTests" name="[27] /home/travis/build/icyphy/ptII/ptolemy/domains/modal/test/auto/CausalityInterface4.xml (RunModel)" time="0.03" />
  <testcase classname="ptolemy.util.test.junit.AutoTests" name="[28] /home/travis/build/icyphy/ptII/ptolemy/domains/modal/test/auto/CausalityInterface5.xml (RunModel)" time="0.034" />
  <testcase classname="ptolemy.util.test.junit.AutoTests" name="[29] /home/travis/build/icyphy/ptII/ptolemy/domains/modal/test/auto/CausalityInterface6.xml (RunModel)" time="0.034" />
  <testcase classname="ptolemy.util.test.junit.AutoTests" name="[30] /home/travis/build/icyphy/ptII/ptolemy/domains/modal/test/auto/CausalityInterface7.xml (RunModel)" time="0.035" />
  <testcase classname="ptolemy.util.test.junit.AutoTests" name="[31] /home/travis/build/icyphy/ptII/ptolemy/domains/modal/test/auto/CausalityInterface8.xml (RunModel)" time="0.03" />
  <testcase classname="ptolemy.util.test.junit.AutoTests" name="[32] /home/travis/build/icyphy/ptII/ptolemy/domains/modal/test/auto/CausalityInterface9.xml (RunModel)" time="0.033" />
  <testcase classname="ptolemy.util.test.junit.AutoTests" name="[33] /home/travis/build/icyphy/ptII/ptolemy/domains/modal/test/auto/ChainedTransitions.xml (RunModel)" time="0.151" />
  <testcase classname="ptolemy.util.test.junit.AutoTests" name="[34] /home/travis/build/icyphy/ptII/ptolemy/domains/modal/test/auto/CycleOfImmediateTransitionsFSM.xml (RunModel)" time="0.021" />
  <testcase classname="ptolemy.util.test.junit.AutoTests" name="[35] /home/travis/build/icyphy/ptII/ptolemy/domains/modal/test/auto/CycleOfImmediateTransitionsModal.xml (RunModel)" time="0.024" />
  <testcase classname="ptolemy.util.test.junit.AutoTests" name="[36] /home/travis/build/icyphy/ptII/ptolemy/domains/modal/test/auto/CycleOfImmediateTransitionsModal2.xml (RunModel)" time="0.051" />
  <testcase classname="ptolemy.util.test.junit.AutoTests" name="[37] /home/travis/build/icyphy/ptII/ptolemy/domains/modal/test/auto/CycleOfImmediateTransitionsModal3.xml (RunModel)" time="0.078" />
  <testcase classname="ptolemy.util.test.junit.AutoTests" name="[38] /home/travis/build/icyphy/ptII/ptolemy/domains/modal/test/auto/DeepModal1.xml (RunModel)" time="0.052" />
  <testcase classname="ptolemy.util.test.junit.AutoTests" name="[39] /home/travis/build/icyphy/ptII/ptolemy/domains/modal/test/auto/DeepModal2.xml (RunModel)" time="0.065" />
  <testcase classname="ptolemy.util.test.junit.AutoTests" name="[40] /home/travis/build/icyphy/ptII/ptolemy/domains/modal/test/auto/DeepModal3.xml (RunModel)" time="0.069" />
  <testcase classname="ptolemy.util.test.junit.AutoTests" name="[41] /home/travis/build/icyphy/ptII/ptolemy/domains/modal/test/auto/DeepModal4.xml (RunModel)" time="0.074" />
  <testcase classname="ptolemy.util.test.junit.AutoTests" name="[42] /home/travis/build/icyphy/ptII/ptolemy/domains/modal/test/auto/Default1.xml (RunModel)" time="0.019" />
  <testcase classname="ptolemy.util.test.junit.AutoTests" name="[43] /home/travis/build/icyphy/ptII/ptolemy/domains/modal/test/auto/Default2.xml (RunModel)" time="0.031" />
  <testcase classname="ptolemy.util.test.junit.AutoTests" name="[44] /home/travis/build/icyphy/ptII/ptolemy/domains/modal/test/auto/Default3.xml (RunModel)" time="0.024" />
  <testcase classname="ptolemy.util.test.junit.AutoTests" name="[45] /home/travis/build/icyphy/ptII/ptolemy/domains/modal/test/auto/Default4.xml (RunModel)" time="0.026" />
  <testcase classname="ptolemy.util.test.junit.AutoTests" name="[46] /home/travis/build/icyphy/ptII/ptolemy/domains/modal/test/auto/Default5.xml (RunModel)" time="0.03" />
  <testcase classname="ptolemy.util.test.junit.AutoTests" name="[47] /home/travis/build/icyphy/ptII/ptolemy/domains/modal/test/auto/EmptyGuard.xml (RunModel)" time="0.034" />
  <testcase classname="ptolemy.util.test.junit.AutoTests" name="[48] /home/travis/build/icyphy/ptII/ptolemy/domains/modal/test/auto/ErrorTransition1.xml (RunModel)" time="0.037" />
  <testcase classname="ptolemy.util.test.junit.AutoTests" name="[49] /home/travis/build/icyphy/ptII/ptolemy/domains/modal/test/auto/ErrorTransition10.xml (RunModel)" time="0.042" />
  <testcase classname="ptolemy.util.test.junit.AutoTests" name="[50] /home/travis/build/icyphy/ptII/ptolemy/domains/modal/test/auto/ErrorTransition11.xml (RunModel)" time="0.036" />
  <testcase classname="ptolemy.util.test.junit.AutoTests" name="[51] /home/travis/build/icyphy/ptII/ptolemy/domains/modal/test/auto/ErrorTransition2.xml (RunModel)" time="0.031" />
  <testcase classname="ptolemy.util.test.junit.AutoTests" name="[52] /home/travis/build/icyphy/ptII/ptolemy/domains/modal/test/auto/ErrorTransition3.xml (RunModel)" time="0.038" />
  <testcase classname="ptolemy.util.test.junit.AutoTests" name="[53] /home/travis/build/icyphy/ptII/ptolemy/domains/modal/test/auto/ErrorTransition4.xml (RunModel)" time="0.032" />
  <testcase classname="ptolemy.util.test.junit.AutoTests" name="[54] /home/travis/build/icyphy/ptII/ptolemy/domains/modal/test/auto/ErrorTransition5.xml (RunModel)" time="0.03" />
  <testcase classname="ptolemy.util.test.junit.AutoTests" name="[55] /home/travis/build/icyphy/ptII/ptolemy/domains/modal/test/auto/ErrorTransition6.xml (RunModel)" time="0.03" />
  <testcase classname="ptolemy.util.test.junit.AutoTests" name="[56] /home/travis/build/icyphy/ptII/ptolemy/domains/modal/test/auto/ErrorTransition7.xml (RunModel)" time="0.047" />
  <testcase classname="ptolemy.util.test.junit.AutoTests" name="[57] /home/travis/build/icyphy/ptII/ptolemy/domains/modal/test/auto/ErrorTransition8.xml (RunModel)" time="0.082" />
  <testcase classname="ptolemy.util.test.junit.AutoTests" name="[58] /home/travis/build/icyphy/ptII/ptolemy/domains/modal/test/auto/ErrorTransition9.xml (RunModel)" time="0.047" />
  <testcase classname="ptolemy.util.test.junit.AutoTests" name="[59] /home/travis/build/icyphy/ptII/ptolemy/domains/modal/test/auto/ExtendedFSM.xml (RunModel)" time="0.024" />
  <testcase classname="ptolemy.util.test.junit.AutoTests" name="[60] /home/travis/build/icyphy/ptII/ptolemy/domains/modal/test/auto/FinalStates.xml (RunModel)" time="0.019" />
  <testcase classname="ptolemy.util.test.junit.AutoTests" name="[61] /home/travis/build/icyphy/ptII/ptolemy/domains/modal/test/auto/FixedPointFSM.xml (RunModel)" time="0.038" />
  <testcase classname="ptolemy.util.test.junit.AutoTests" name="[62] /home/travis/build/icyphy/ptII/ptolemy/domains/modal/test/auto/FixedPointIterationFSMActor.xml (RunModel)" time="0.031" />
  <testcase classname="ptolemy.util.test.junit.AutoTests" name="[63] /home/travis/build/icyphy/ptII/ptolemy/domains/modal/test/auto/FixedPointIterationFSMActor2.xml (RunModel)" time="0.035" />
  <testcase classname="ptolemy.util.test.junit.AutoTests" name="[64] /home/travis/build/icyphy/ptII/ptolemy/domains/modal/test/auto/ForbiddenInstantanousLoop.xml (RunModel)" time="0.034" />
  <testcase classname="ptolemy.util.test.junit.AutoTests" name="[65] /home/travis/build/icyphy/ptII/ptolemy/domains/modal/test/auto/FunctionDependencyOfFSMActorTest.xml (RunModel)" time="0.032" />
  <testcase classname="ptolemy.util.test.junit.AutoTests" name="[66] /home/travis/build/icyphy/ptII/ptolemy/domains/modal/test/auto/GuardExpression.xml (RunModel)" time="0.018" />
  <testcase classname="ptolemy.util.test.junit.AutoTests" name="[67] /home/travis/build/icyphy/ptII/ptolemy/domains/modal/test/auto/GuardNotEvaluated.xml (RunModel)" time="0.025" />
  <testcase classname="ptolemy.util.test.junit.AutoTests" name="[68] /home/travis/build/icyphy/ptII/ptolemy/domains/modal/test/auto/GuardNotEvaluated2.xml (RunModel)" time="0.026" />
  <testcase classname="ptolemy.util.test.junit.AutoTests" name="[69] /home/travis/build/icyphy/ptII/ptolemy/domains/modal/test/auto/GuardOnAbsent.xml (RunModel)" time="0.027" />
  <testcase classname="ptolemy.util.test.junit.AutoTests" name="[70] /home/travis/build/icyphy/ptII/ptolemy/domains/modal/test/auto/HierarchicalFSMTypeInference.xml (RunModel)" time="0.054" />
  <testcase classname="ptolemy.util.test.junit.AutoTests" name="[71] /home/travis/build/icyphy/ptII/ptolemy/domains/modal/test/auto/Hysteresis.xml (RunModel)" time="0.048" />
  <testcase classname="ptolemy.util.test.junit.AutoTests" name="[72] /home/travis/build/icyphy/ptII/ptolemy/domains/modal/test/auto/HysteresisWithDefault.xml (RunModel)" time="0.062" />
  <testcase classname="ptolemy.util.test.junit.AutoTests" name="[73] /home/travis/build/icyphy/ptII/ptolemy/domains/modal/test/auto/HysteresisWithDefault2.xml (RunModel)" time="0.066" />
  <testcase classname="ptolemy.util.test.junit.AutoTests" name="[74] /home/travis/build/icyphy/ptII/ptolemy/domains/modal/test/auto/ImmediateNonConstructiveness.xml (RunModel)" time="0.017" />
  <testcase classname="ptolemy.util.test.junit.AutoTests" name="[75] /home/travis/build/icyphy/ptII/ptolemy/domains/modal/test/auto/ImmediateNonConstructiveness2.xml (RunModel)" time="0.017" />
  <testcase classname="ptolemy.util.test.junit.AutoTests" name="[76] /home/travis/build/icyphy/ptII/ptolemy/domains/modal/test/auto/ImmediateTransitionReset.xml (RunModel)" time="0.037" />
  <testcase classname="ptolemy.util.test.junit.AutoTests" name="[77] /home/travis/build/icyphy/ptII/ptolemy/domains/modal/test/auto/ImmediateTransitions1.xml (RunModel)" time="0.012" />
  <testcase classname="ptolemy.util.test.junit.AutoTests" name="[78] /home/travis/build/icyphy/ptII/ptolemy/domains/modal/test/auto/ImmediateTransitionsInstantaneousCommunication.xml (RunModel)" time="0.03" />
  <testcase classname="ptolemy.util.test.junit.AutoTests" name="[79] /home/travis/build/icyphy/ptII/ptolemy/domains/modal/test/auto/InitialImmediateTransition.xml (RunModel)" time="0.018" />
  <testcase classname="ptolemy.util.test.junit.AutoTests" name="[80] /home/travis/build/icyphy/ptII/ptolemy/domains/modal/test/auto/InitialOutputs.xml (RunModel)" time="0.032" />
  <testcase classname="ptolemy.util.test.junit.AutoTests" name="[81] /home/travis/build/icyphy/ptII/ptolemy/domains/modal/test/auto/InitialStateTransition1.xml (RunModel)" time="0.018" />
  <testcase classname="ptolemy.util.test.junit.AutoTests" name="[82] /home/travis/build/icyphy/ptII/ptolemy/domains/modal/test/auto/InitialStateTransition2.xml (RunModel)" time="0.022" />
  <testcase classname="ptolemy.util.test.junit.AutoTests" name="[83] /home/travis/build/icyphy/ptII/ptolemy/domains/modal/test/auto/InitialStateTransition3.xml (RunModel)" time="0.023" />
  <testcase classname="ptolemy.util.test.junit.AutoTests" name="[84] /home/travis/build/icyphy/ptII/ptolemy/domains/modal/test/auto/InitialStateTransition4.xml (RunModel)" time="0.026" />
  <testcase classname="ptolemy.util.test.junit.AutoTests" name="[85] /home/travis/build/icyphy/ptII/ptolemy/domains/modal/test/auto/MalformedGuardExpressionNotCaught.xml (RunModel)" time="0.028" />
  <testcase classname="ptolemy.util.test.junit.AutoTests" name="[86] /home/travis/build/icyphy/ptII/ptolemy/domains/modal/test/auto/ModalBSC.xml (RunModel)" time="0.098" />
  <testcase classname="ptolemy.util.test.junit.AutoTests" name="[87] /home/travis/build/icyphy/ptII/ptolemy/domains/modal/test/auto/ModalClocks.xml (RunModel)" time="0.092" />
  <testcase classname="ptolemy.util.test.junit.AutoTests" name="[88] /home/travis/build/icyphy/ptII/ptolemy/domains/modal/test/auto/ModalDelay.xml (RunModel)" time="0.047" />
  <testcase classname="ptolemy.util.test.junit.AutoTests" name="[89] /home/travis/build/icyphy/ptII/ptolemy/domains/modal/test/auto/ModalDelay2.xml (RunModel)" time="0.034" />
  <testcase classname="ptolemy.util.test.junit.AutoTests" name="[90] /home/travis/build/icyphy/ptII/ptolemy/domains/modal/test/auto/ModalModelFromMemo.xml (RunModel)" time="0.081" />
  <testcase classname="ptolemy.util.test.junit.AutoTests" name="[91] /home/travis/build/icyphy/ptII/ptolemy/domains/modal/test/auto/ModalModelWithMultirateTransient.xml (RunModel)" time="0.062" />
  <testcase classname="ptolemy.util.test.junit.AutoTests" name="[92] /home/travis/build/icyphy/ptII/ptolemy/domains/modal/test/auto/ModalModelWithReset.xml (RunModel)" time="0.062" />
  <testcase classname="ptolemy.util.test.junit.AutoTests" name="[93] /home/travis/build/icyphy/ptII/ptolemy/domains/modal/test/auto/MouseClickFSM.xml (RunModel)" time="0.05" />
  <testcase classname="ptolemy.util.test.junit.AutoTests" name="[94] /home/travis/build/icyphy/ptII/ptolemy/domains/modal/test/auto/MouseClickFSMModal.xml (RunModel)" time="0.031" />
  <testcase classname="ptolemy.util.test.junit.AutoTests" name="[95] /home/travis/build/icyphy/ptII/ptolemy/domains/modal/test/auto/NonStrictFSM_FeedbackLoop.xml (RunModel)" time="0.045" />
  <testcase classname="ptolemy.util.test.junit.AutoTests" name="[96] /home/travis/build/icyphy/ptII/ptolemy/domains/modal/test/auto/NonStrictFSM_FeedbackLoop_Refinement.xml (RunModel)" time="0.078" />
  <testcase classname="ptolemy.util.test.junit.AutoTests" name="[97] /home/travis/build/icyphy/ptII/ptolemy/domains/modal/test/auto/NonStrictFSM_FeedbackLoop_preemptive.xml (RunModel)" time="0.047" />
  <testcase classname="ptolemy.util.test.junit.AutoTests" name="[98] /home/travis/build/icyphy/ptII/ptolemy/domains/modal/test/auto/NormalTermination.xml (RunModel)" time="0.042" />
  <testcase classname="ptolemy.util.test.junit.AutoTests" name="[99] /home/travis/build/icyphy/ptII/ptolemy/domains/modal/test/auto/Pong.xml (RunModel)" time="0.076" />
  <testcase classname="ptolemy.util.test.junit.AutoTests" name="[100] /home/travis/build/icyphy/ptII/ptolemy/domains/modal/test/auto/Pong_test.xml (RunModel)" time="0.099" />
  <testcase classname="ptolemy.util.test.junit.AutoTests" name="[101] /home/travis/build/icyphy/ptII/ptolemy/domains/modal/test/auto/PreemptionHierarchy.xml (RunModel)" time="0.023" />
  <testcase classname="ptolemy.util.test.junit.AutoTests" name="[102] /home/travis/build/icyphy/ptII/ptolemy/domains/modal/test/auto/PreemptionHierarchy2.xml (RunModel)" time="0.033" />
  <testcase classname="ptolemy.util.test.junit.AutoTests" name="[103] /home/travis/build/icyphy/ptII/ptolemy/domains/modal/test/auto/PreemptiveTransition.xml (RunModel)" time="0.018" />
  <testcase classname="ptolemy.util.test.junit.AutoTests" name="[104] /home/travis/build/icyphy/ptII/ptolemy/domains/modal/test/auto/Priorities.xml (RunModel)" time="0.071" />
  <testcase classname="ptolemy.util.test.junit.AutoTests" name="[105] /home/travis/build/icyphy/ptII/ptolemy/domains/modal/test/auto/ResetFinal.xml (RunModel)" time="0.037" />
  <testcase classname="ptolemy.util.test.junit.AutoTests" name="[106] /home/travis/build/icyphy/ptII/ptolemy/domains/modal/test/auto/ResetFinal2.xml (RunModel)" time="0.045" />
  <testcase classname="ptolemy.util.test.junit.AutoTests" name="[107] /home/travis/build/icyphy/ptII/ptolemy/domains/modal/test/auto/ResetTransitionWithStartTime.xml (RunModel)" time="0.031" />
  <testcase classname="ptolemy.util.test.junit.AutoTests" name="[108] /home/travis/build/icyphy/ptII/ptolemy/domains/modal/test/auto/SDF-FSMComposite.xml (RunModel)" time="0.024" />
  <testcase classname="ptolemy.util.test.junit.AutoTests" name="[109] /home/travis/build/icyphy/ptII/ptolemy/domains/modal/test/auto/SeeminglyNondeterminate.xml (RunModel)" time="0.092" />
  <testcase classname="ptolemy.util.test.junit.AutoTests" name="[110] /home/travis/build/icyphy/ptII/ptolemy/domains/modal/test/auto/SeeminglyNondeterminate2.xml (RunModel)" time="0.081" />
  <testcase classname="ptolemy.util.test.junit.AutoTests" name="[111] /home/travis/build/icyphy/ptII/ptolemy/domains/modal/test/auto/SpontaneousFSM.xml (RunModel)" time="0.039" />
  <testcase classname="ptolemy.util.test.junit.AutoTests" name="[112] /home/travis/build/icyphy/ptII/ptolemy/domains/modal/test/auto/SpontaneousFSM2.xml (RunModel)" time="0.03" />
  <testcase classname="ptolemy.util.test.junit.AutoTests" name="[113] /home/travis/build/icyphy/ptII/ptolemy/domains/modal/test/auto/SpontaneousFSM3.xml (RunModel)" time="0.035" />
  <testcase classname="ptolemy.util.test.junit.AutoTests" name="[114] /home/travis/build/icyphy/ptII/ptolemy/domains/modal/test/auto/SpontaneousFSM4.xml (RunModel)" time="0.037" />
  <testcase classname="ptolemy.util.test.junit.AutoTests" name="[115] /home/travis/build/icyphy/ptII/ptolemy/domains/modal/test/auto/StateTrackerTest.xml (RunModel)" time="0.048" />
  <testcase classname="ptolemy.util.test.junit.AutoTests" name="[116] /home/travis/build/icyphy/ptII/ptolemy/domains/modal/test/auto/StrongImmediateTransition.xml (RunModel)" time="0.034" />
  <testcase classname="ptolemy.util.test.junit.AutoTests" name="[117] /home/travis/build/icyphy/ptII/ptolemy/domains/modal/test/auto/SustainHierarchy.xml (RunModel)" time="0.044" />
  <testcase classname="ptolemy.util.test.junit.AutoTests" name="[118] /home/travis/build/icyphy/ptII/ptolemy/domains/modal/test/auto/TerminationTransition1.xml (RunModel)" time="0.055" />
  <testcase classname="ptolemy.util.test.junit.AutoTests" name="[119] /home/travis/build/icyphy/ptII/ptolemy/domains/modal/test/auto/TerminationTransition2.xml (RunModel)" time="0.064" />
  <testcase classname="ptolemy.util.test.junit.AutoTests" name="[120] /home/travis/build/icyphy/ptII/ptolemy/domains/modal/test/auto/TerminationTransition3.xml (RunModel)" time="0.062" />
  <testcase classname="ptolemy.util.test.junit.AutoTests" name="[121] /home/travis/build/icyphy/ptII/ptolemy/domains/modal/test/auto/TerminationTransition4.xml (RunModel)" time="0.04" />
  <testcase classname="ptolemy.util.test.junit.AutoTests" name="[122] /home/travis/build/icyphy/ptII/ptolemy/domains/modal/test/auto/TerminationTransition5.xml (RunModel)" time="0.052" />
  <testcase classname="ptolemy.util.test.junit.AutoTests" name="[123] /home/travis/build/icyphy/ptII/ptolemy/domains/modal/test/auto/TerminationTransition6.xml (RunModel)" time="0.021" />
  <testcase classname="ptolemy.util.test.junit.AutoTests" name="[124] /home/travis/build/icyphy/ptII/ptolemy/domains/modal/test/auto/TerminationTransition7.xml (RunModel)" time="0.025" />
  <testcase classname="ptolemy.util.test.junit.AutoTests" name="[125] /home/travis/build/icyphy/ptII/ptolemy/domains/modal/test/auto/TerminationTransition8.xml (RunModel)" time="0.032" />
  <testcase classname="ptolemy.util.test.junit.AutoTests" name="[126] /home/travis/build/icyphy/ptII/ptolemy/domains/modal/test/auto/Thermostat_NoHysteresis.xml (RunModel)" time="0.082" />
  <testcase classname="ptolemy.util.test.junit.AutoTests" name="[127] /home/travis/build/icyphy/ptII/ptolemy/domains/modal/test/auto/TimedFSM.xml (RunModel)" time="0.042" />
  <testcase classname="ptolemy.util.test.junit.AutoTests" name="[128] /home/travis/build/icyphy/ptII/ptolemy/domains/modal/test/auto/Timeout1.xml (RunModel)" time="0.016" />
  <testcase classname="ptolemy.util.test.junit.AutoTests" name="[129] /home/travis/build/icyphy/ptII/ptolemy/domains/modal/test/auto/Timeout2.xml (RunModel)" time="0.022" />
  <testcase classname="ptolemy.util.test.junit.AutoTests" name="[130] /home/travis/build/icyphy/ptII/ptolemy/domains/modal/test/auto/Timeout3.xml (RunModel)" time="0.012" />
  <testcase classname="ptolemy.util.test.junit.AutoTests" name="[131] /home/travis/build/icyphy/ptII/ptolemy/domains/modal/test/auto/Timeout4.xml (RunModel)" time="0.013" />
  <testcase classname="ptolemy.util.test.junit.AutoTests" name="[132] /home/travis/build/icyphy/ptII/ptolemy/domains/modal/test/auto/TransientstateModelAdvanced.xml (RunModel)" time="0.033" />
  <testcase classname="ptolemy.util.test.junit.AutoTests" name="[133] /home/travis/build/icyphy/ptII/ptolemy/domains/modal/test/auto/TransientstateModelAdvanced2.xml (RunModel)" time="0.032" />
  <testcase classname="ptolemy.util.test.junit.AutoTests" name="[134] /home/travis/build/icyphy/ptII/ptolemy/domains/modal/test/auto/TransitionRefinements.xml (RunModel)" time="0.024" />
  <testcase classname="ptolemy.util.test.junit.AutoTests" name="[135] /home/travis/build/icyphy/ptII/ptolemy/domains/modal/test/auto/TwoRefinements1.xml (RunModel)" time="0.025" />
  <testcase classname="ptolemy.util.test.junit.AutoTests" name="[136] /home/travis/build/icyphy/ptII/ptolemy/domains/modal/test/auto/TwoRefinements2.xml (RunModel)" time="0.026" />
  <testcase classname="ptolemy.util.test.junit.AutoTests" name="[137] /home/travis/build/icyphy/ptII/ptolemy/domains/modal/test/auto/WeakImmediateTransition.xml (RunModel)" time="0.047" />
  <testcase classname="ptolemy.util.test.junit.AutoTests" name="[138] /home/travis/build/icyphy/ptII/ptolemy/domains/modal/test/auto/booleanSelect.xml (RunModel)" time="0.068" />
  <testcase classname="ptolemy.util.test.junit.AutoTests" name="[139] /home/travis/build/icyphy/ptII/ptolemy/domains/modal/test/auto/modalChangingParams.xml (RunModel)" time="0.375" />
  <testcase classname="ptolemy.util.test.junit.AutoTests" name="[140] /home/travis/build/icyphy/ptII/ptolemy/domains/modal/test/auto/modalModel.xml (RunModel)" time="0.025" />
  <testcase classname="ptolemy.util.test.junit.AutoTests" name="[141] /home/travis/build/icyphy/ptII/ptolemy/domains/modal/test/auto/modalModel2.xml (RunModel)" time="0.03" />
  <testcase classname="ptolemy.util.test.junit.AutoTests" name="[142] /home/travis/build/icyphy/ptII/ptolemy/domains/modal/test/auto/modalModel3.xml (RunModel)" time="0.049" />
  <testcase classname="ptolemy.util.test.junit.AutoTests" name="[143] /home/travis/build/icyphy/ptII/ptolemy/domains/modal/test/auto/model1.xml (RunModel)" time="0.029" />
  <testcase classname="ptolemy.util.test.junit.AutoTests" name="[144] /home/travis/build/icyphy/ptII/ptolemy/domains/modal/test/auto/test-direct-in-out.xml (RunModel)" time="0.03" />
  <system-out><![CDATA[/home/travis/build/icyphy/ptII/ptolemy/domains/modal/test/SystemLevelType.tcl
testDefs.tcl: setting time out to 9000 seconds at Mon Jul 15 16:49:53 UTC 2019
07/15/19 04:49:55
Failed: 0  Total Tests: 1  ((Passed: 1, Newly Passed: 0)  Known Failed: 0) /home/travis/build/icyphy/ptII/ptolemy/domains/modal/test
----------------- testing (KnownFailure) /home/travis/build/icyphy/ptII/ptolemy/domains/modal/test/auto/knownFailedTests/CannotAnalysisWithPreemption.xml
108 ms. Memory: 120832K Free: 43587K (36%)
Known Failure: java.lang.reflect.InvocationTargetException
No auto/linux-amd64/*.xml tests in /home/travis/build/icyphy/ptII/ptolemy/domains/modal/test
AutoTests.java: About to close Vertx.
AutoTests.java: Vertx closed.

===========================================================================================
----------------- testing Mon Jul 15 16:49:56 UTC 2019 /home/travis/build/icyphy/ptII/ptolemy/domains/modal/test/auto/ABPTest.xml
----------------- Instantiating /home/travis/build/icyphy/ptII/ptolemy/domains/modal/test/auto/ABPTest.xml
421 ms. Memory: 146432K Free: 97313K (66%)
----------------- Invoking toplevel() on ptolemy.moml.MoMLSimpleApplication@65cf9064
----------------- Done invoking toplevel() on ptolemy.moml.MoMLSimpleApplication@65cf9064
reloadAllAccessors: .ABPTest

===========================================================================================
----------------- testing Mon Jul 15 16:49:56 UTC 2019 /home/travis/build/icyphy/ptII/ptolemy/domains/modal/test/auto/ABROFlat.xml
----------------- Instantiating /home/travis/build/icyphy/ptII/ptolemy/domains/modal/test/auto/ABROFlat.xml
29 ms. Memory: 146432K Free: 81780K (56%)
----------------- Invoking toplevel() on ptolemy.moml.MoMLSimpleApplication@32da4e93
----------------- Done invoking toplevel() on ptolemy.moml.MoMLSimpleApplication@32da4e93
reloadAllAccessors: .ABROFlat

===========================================================================================
----------------- testing Mon Jul 15 16:49:57 UTC 2019 /home/travis/build/icyphy/ptII/ptolemy/domains/modal/test/auto/ABROFlat2.xml
----------------- Instantiating /home/travis/build/icyphy/ptII/ptolemy/domains/modal/test/auto/ABROFlat2.xml
24 ms. Memory: 146432K Free: 64920K (44%)
----------------- Invoking toplevel() on ptolemy.moml.MoMLSimpleApplication@6665bc8e
----------------- Done invoking toplevel() on ptolemy.moml.MoMLSimpleApplication@6665bc8e
reloadAllAccessors: .ABROFlat2

===========================================================================================
----------------- testing Mon Jul 15 16:49:57 UTC 2019 /home/travis/build/icyphy/ptII/ptolemy/domains/modal/test/auto/ABRO_present_hmm.xml
----------------- Instantiating /home/travis/build/icyphy/ptII/ptolemy/domains/modal/test/auto/ABRO_present_hmm.xml
19 ms. Memory: 146432K Free: 113712K (78%)
----------------- Invoking toplevel() on ptolemy.moml.MoMLSimpleApplication@16329e3b
----------------- Done invoking toplevel() on ptolemy.moml.MoMLSimpleApplication@16329e3b
reloadAllAccessors: .ABRO_present_hmm

===========================================================================================
----------------- testing Mon Jul 15 16:49:57 UTC 2019 /home/travis/build/icyphy/ptII/ptolemy/domains/modal/test/auto/AMICoderExample.xml
----------------- Instantiating /home/travis/build/icyphy/ptII/ptolemy/domains/modal/test/auto/AMICoderExample.xml
51 ms. Memory: 146432K Free: 103472K (71%)
----------------- Invoking toplevel() on ptolemy.moml.MoMLSimpleApplication@7ac8fd69
----------------- Done invoking toplevel() on ptolemy.moml.MoMLSimpleApplication@7ac8fd69
reloadAllAccessors: .AMICoderExample

===========================================================================================
----------------- testing Mon Jul 15 16:49:57 UTC 2019 /home/travis/build/icyphy/ptII/ptolemy/domains/modal/test/auto/AbsentToPresent.xml
----------------- Instantiating /home/travis/build/icyphy/ptII/ptolemy/domains/modal/test/auto/AbsentToPresent.xml
8 ms. Memory: 146432K Free: 98862K (68%)
----------------- Invoking toplevel() on ptolemy.moml.MoMLSimpleApplication@2f74e480
----------------- Done invoking toplevel() on ptolemy.moml.MoMLSimpleApplication@2f74e480
reloadAllAccessors: .AbsentToPresent

===========================================================================================
----------------- testing Mon Jul 15 16:49:57 UTC 2019 /home/travis/build/icyphy/ptII/ptolemy/domains/modal/test/auto/Blending.xml
----------------- Instantiating /home/travis/build/icyphy/ptII/ptolemy/domains/modal/test/auto/Blending.xml
194 ms. Memory: 146432K Free: 53791K (37%)
----------------- Invoking toplevel() on ptolemy.moml.MoMLSimpleApplication@271a40eb
----------------- Done invoking toplevel() on ptolemy.moml.MoMLSimpleApplication@271a40eb
reloadAllAccessors: .Blending

===========================================================================================
----------------- testing Mon Jul 15 16:49:57 UTC 2019 /home/travis/build/icyphy/ptII/ptolemy/domains/modal/test/auto/Broadcast.xml
----------------- Instantiating /home/travis/build/icyphy/ptII/ptolemy/domains/modal/test/auto/Broadcast.xml
7 ms. Memory: 188416K Free: 168107K (89%)
----------------- Invoking toplevel() on ptolemy.moml.MoMLSimpleApplication@684a32e2
----------------- Done invoking toplevel() on ptolemy.moml.MoMLSimpleApplication@684a32e2
reloadAllAccessors: .Broadcast

===========================================================================================
----------------- testing Mon Jul 15 16:49:57 UTC 2019 /home/travis/build/icyphy/ptII/ptolemy/domains/modal/test/auto/BroadcastHierarchy.xml
----------------- Instantiating /home/travis/build/icyphy/ptII/ptolemy/domains/modal/test/auto/BroadcastHierarchy.xml
17 ms. Memory: 188416K Free: 153771K (82%)
----------------- Invoking toplevel() on ptolemy.moml.MoMLSimpleApplication@7d027945
----------------- Done invoking toplevel() on ptolemy.moml.MoMLSimpleApplication@7d027945
reloadAllAccessors: .BroadcastHierarchy

===========================================================================================
----------------- testing Mon Jul 15 16:49:57 UTC 2019 /home/travis/build/icyphy/ptII/ptolemy/domains/modal/test/auto/BroadcastHierarchy2.xml
----------------- Instantiating /home/travis/build/icyphy/ptII/ptolemy/domains/modal/test/auto/BroadcastHierarchy2.xml
29 ms. Memory: 188416K Free: 126651K (67%)
----------------- Invoking toplevel() on ptolemy.moml.MoMLSimpleApplication@52ef9dce
----------------- Done invoking toplevel() on ptolemy.moml.MoMLSimpleApplication@52ef9dce
reloadAllAccessors: .BroadcastHierarchy2

===========================================================================================
----------------- testing Mon Jul 15 16:49:58 UTC 2019 /home/travis/build/icyphy/ptII/ptolemy/domains/modal/test/auto/BroadcastHierarchy3.xml
----------------- Instantiating /home/travis/build/icyphy/ptII/ptolemy/domains/modal/test/auto/BroadcastHierarchy3.xml
26 ms. Memory: 188416K Free: 106171K (56%)
----------------- Invoking toplevel() on ptolemy.moml.MoMLSimpleApplication@69ea4086
----------------- Done invoking toplevel() on ptolemy.moml.MoMLSimpleApplication@69ea4086
reloadAllAccessors: .BroadcastHierarchy3

===========================================================================================
----------------- testing Mon Jul 15 16:49:58 UTC 2019 /home/travis/build/icyphy/ptII/ptolemy/domains/modal/test/auto/BroadcastHierarchy4.xml
----------------- Instantiating /home/travis/build/icyphy/ptII/ptolemy/domains/modal/test/auto/BroadcastHierarchy4.xml
19 ms. Memory: 188416K Free: 81595K (43%)
----------------- Invoking toplevel() on ptolemy.moml.MoMLSimpleApplication@444cdb2
----------------- Done invoking toplevel() on ptolemy.moml.MoMLSimpleApplication@444cdb2
reloadAllAccessors: .BroadcastHierarchy4

===========================================================================================
----------------- testing Mon Jul 15 16:49:58 UTC 2019 /home/travis/build/icyphy/ptII/ptolemy/domains/modal/test/auto/CannotAnalysisWithPreemption2.xml
----------------- Instantiating /home/travis/build/icyphy/ptII/ptolemy/domains/modal/test/auto/CannotAnalysisWithPreemption2.xml
4 ms. Memory: 188416K Free: 74427K (40%)
----------------- Invoking toplevel() on ptolemy.moml.MoMLSimpleApplication@72f805be
----------------- Done invoking toplevel() on ptolemy.moml.MoMLSimpleApplication@72f805be
reloadAllAccessors: .CannotAnalysisWithPreemption2

===========================================================================================
----------------- testing Mon Jul 15 16:49:58 UTC 2019 /home/travis/build/icyphy/ptII/ptolemy/domains/modal/test/auto/CannotAnalysisWithPreemption3.xml
----------------- Instantiating /home/travis/build/icyphy/ptII/ptolemy/domains/modal/test/auto/CannotAnalysisWithPreemption3.xml
8 ms. Memory: 188416K Free: 64667K (34%)
----------------- Invoking toplevel() on ptolemy.moml.MoMLSimpleApplication@cda3887
----------------- Done invoking toplevel() on ptolemy.moml.MoMLSimpleApplication@cda3887
reloadAllAccessors: .CannotAnalysisWithPreemption3

===========================================================================================
----------------- testing Mon Jul 15 16:49:58 UTC 2019 /home/travis/build/icyphy/ptII/ptolemy/domains/modal/test/auto/CannotProduce.xml
----------------- Instantiating /home/travis/build/icyphy/ptII/ptolemy/domains/modal/test/auto/CannotProduce.xml
19 ms. Memory: 188416K Free: 166958K (89%)
----------------- Invoking toplevel() on ptolemy.moml.MoMLSimpleApplication@6331056a
----------------- Done invoking toplevel() on ptolemy.moml.MoMLSimpleApplication@6331056a
reloadAllAccessors: .CannotProduce

===========================================================================================
----------------- testing Mon Jul 15 16:49:58 UTC 2019 /home/travis/build/icyphy/ptII/ptolemy/domains/modal/test/auto/CannotProduceModal.xml
----------------- Instantiating /home/travis/build/icyphy/ptII/ptolemy/domains/modal/test/auto/CannotProduceModal.xml
14 ms. Memory: 188416K Free: 160304K (85%)
----------------- Invoking toplevel() on ptolemy.moml.MoMLSimpleApplication@4618701d
----------------- Done invoking toplevel() on ptolemy.moml.MoMLSimpleApplication@4618701d
reloadAllAccessors: .CannotProduceModal

===========================================================================================
----------------- testing Mon Jul 15 16:49:58 UTC 2019 /home/travis/build/icyphy/ptII/ptolemy/domains/modal/test/auto/Case.xml
----------------- Instantiating /home/travis/build/icyphy/ptII/ptolemy/domains/modal/test/auto/Case.xml
18 ms. Memory: 188416K Free: 148526K (79%)
----------------- Invoking toplevel() on ptolemy.moml.MoMLSimpleApplication@3d885be0
----------------- Done invoking toplevel() on ptolemy.moml.MoMLSimpleApplication@3d885be0
reloadAllAccessors: .Case

===========================================================================================
----------------- testing Mon Jul 15 16:49:58 UTC 2019 /home/travis/build/icyphy/ptII/ptolemy/domains/modal/test/auto/Case1.xml
----------------- Instantiating /home/travis/build/icyphy/ptII/ptolemy/domains/modal/test/auto/Case1.xml
5 ms. Memory: 188416K Free: 140848K (75%)
----------------- Invoking toplevel() on ptolemy.moml.MoMLSimpleApplication@21c0c082
----------------- Done invoking toplevel() on ptolemy.moml.MoMLSimpleApplication@21c0c082
reloadAllAccessors: .Case1

===========================================================================================
----------------- testing Mon Jul 15 16:49:58 UTC 2019 /home/travis/build/icyphy/ptII/ptolemy/domains/modal/test/auto/Case2.xml
----------------- Instantiating /home/travis/build/icyphy/ptII/ptolemy/domains/modal/test/auto/Case2.xml
31 ms. Memory: 188416K Free: 130094K (69%)
----------------- Invoking toplevel() on ptolemy.moml.MoMLSimpleApplication@73e2363e
----------------- Done invoking toplevel() on ptolemy.moml.MoMLSimpleApplication@73e2363e
reloadAllAccessors: .Case2

===========================================================================================
----------------- testing Mon Jul 15 16:49:58 UTC 2019 /home/travis/build/icyphy/ptII/ptolemy/domains/modal/test/auto/CausalityInterface1.xml
----------------- Instantiating /home/travis/build/icyphy/ptII/ptolemy/domains/modal/test/auto/CausalityInterface1.xml
4 ms. Memory: 188416K Free: 124974K (66%)
----------------- Invoking toplevel() on ptolemy.moml.MoMLSimpleApplication@44f239af
----------------- Done invoking toplevel() on ptolemy.moml.MoMLSimpleApplication@44f239af
reloadAllAccessors: .CausalityInterface1

===========================================================================================
----------------- testing Mon Jul 15 16:49:58 UTC 2019 /home/travis/build/icyphy/ptII/ptolemy/domains/modal/test/auto/CausalityInterface10.xml
----------------- Instantiating /home/travis/build/icyphy/ptII/ptolemy/domains/modal/test/auto/CausalityInterface10.xml
19 ms. Memory: 188416K Free: 111647K (59%)
----------------- Invoking toplevel() on ptolemy.moml.MoMLSimpleApplication@4cb2461c
----------------- Done invoking toplevel() on ptolemy.moml.MoMLSimpleApplication@4cb2461c
reloadAllAccessors: .CausalityInterface10

===========================================================================================
----------------- testing Mon Jul 15 16:49:58 UTC 2019 /home/travis/build/icyphy/ptII/ptolemy/domains/modal/test/auto/CausalityInterface11.xml
----------------- Instantiating /home/travis/build/icyphy/ptII/ptolemy/domains/modal/test/auto/CausalityInterface11.xml
8 ms. Memory: 188416K Free: 98319K (52%)
----------------- Invoking toplevel() on ptolemy.moml.MoMLSimpleApplication@36a32f6
----------------- Done invoking toplevel() on ptolemy.moml.MoMLSimpleApplication@36a32f6
reloadAllAccessors: .CausalityInterface11

===========================================================================================
----------------- testing Mon Jul 15 16:49:58 UTC 2019 /home/travis/build/icyphy/ptII/ptolemy/domains/modal/test/auto/CausalityInterface12.xml
----------------- Instantiating /home/travis/build/icyphy/ptII/ptolemy/domains/modal/test/auto/CausalityInterface12.xml
8 ms. Memory: 188416K Free: 85007K (45%)
----------------- Invoking toplevel() on ptolemy.moml.MoMLSimpleApplication@5c3501f6
----------------- Done invoking toplevel() on ptolemy.moml.MoMLSimpleApplication@5c3501f6
reloadAllAccessors: .CausalityInterface12

===========================================================================================
----------------- testing Mon Jul 15 16:49:58 UTC 2019 /home/travis/build/icyphy/ptII/ptolemy/domains/modal/test/auto/CausalityInterface13.xml
----------------- Instantiating /home/travis/build/icyphy/ptII/ptolemy/domains/modal/test/auto/CausalityInterface13.xml
12 ms. Memory: 188416K Free: 71216K (38%)
----------------- Invoking toplevel() on ptolemy.moml.MoMLSimpleApplication@59dee271
----------------- Done invoking toplevel() on ptolemy.moml.MoMLSimpleApplication@59dee271
reloadAllAccessors: .CausalityInterface13

===========================================================================================
----------------- testing Mon Jul 15 16:49:58 UTC 2019 /home/travis/build/icyphy/ptII/ptolemy/domains/modal/test/auto/CausalityInterface14.xml
----------------- Instantiating /home/travis/build/icyphy/ptII/ptolemy/domains/modal/test/auto/CausalityInterface14.xml
8 ms. Memory: 188416K Free: 166066K (88%)
----------------- Invoking toplevel() on ptolemy.moml.MoMLSimpleApplication@55f78e67
----------------- Done invoking toplevel() on ptolemy.moml.MoMLSimpleApplication@55f78e67
reloadAllAccessors: .CausalityInterface14

===========================================================================================
----------------- testing Mon Jul 15 16:49:58 UTC 2019 /home/travis/build/icyphy/ptII/ptolemy/domains/modal/test/auto/CausalityInterface2.xml
----------------- Instantiating /home/travis/build/icyphy/ptII/ptolemy/domains/modal/test/auto/CausalityInterface2.xml
9 ms. Memory: 188416K Free: 159404K (85%)
----------------- Invoking toplevel() on ptolemy.moml.MoMLSimpleApplication@65774c28
----------------- Done invoking toplevel() on ptolemy.moml.MoMLSimpleApplication@65774c28
reloadAllAccessors: .CausalityInterface2

===========================================================================================
----------------- testing Mon Jul 15 16:49:58 UTC 2019 /home/travis/build/icyphy/ptII/ptolemy/domains/modal/test/auto/CausalityInterface3.xml
----------------- Instantiating /home/travis/build/icyphy/ptII/ptolemy/domains/modal/test/auto/CausalityInterface3.xml
4 ms. Memory: 188416K Free: 153252K (81%)
----------------- Invoking toplevel() on ptolemy.moml.MoMLSimpleApplication@7ab9d1e8
----------------- Done invoking toplevel() on ptolemy.moml.MoMLSimpleApplication@7ab9d1e8
reloadAllAccessors: .CausalityInterface3

===========================================================================================
----------------- testing Mon Jul 15 16:49:58 UTC 2019 /home/travis/build/icyphy/ptII/ptolemy/domains/modal/test/auto/CausalityInterface4.xml
----------------- Instantiating /home/travis/build/icyphy/ptII/ptolemy/domains/modal/test/auto/CausalityInterface4.xml
6 ms. Memory: 188416K Free: 146612K (78%)
----------------- Invoking toplevel() on ptolemy.moml.MoMLSimpleApplication@2469041b
----------------- Done invoking toplevel() on ptolemy.moml.MoMLSimpleApplication@2469041b
reloadAllAccessors: .CausalityInterface4

===========================================================================================
----------------- testing Mon Jul 15 16:49:59 UTC 2019 /home/travis/build/icyphy/ptII/ptolemy/domains/modal/test/auto/CausalityInterface5.xml
----------------- Instantiating /home/travis/build/icyphy/ptII/ptolemy/domains/modal/test/auto/CausalityInterface5.xml
6 ms. Memory: 188416K Free: 137906K (73%)
----------------- Invoking toplevel() on ptolemy.moml.MoMLSimpleApplication@1327ba9c
----------------- Done invoking toplevel() on ptolemy.moml.MoMLSimpleApplication@1327ba9c
reloadAllAccessors: .CausalityInterface5

===========================================================================================
----------------- testing Mon Jul 15 16:49:59 UTC 2019 /home/travis/build/icyphy/ptII/ptolemy/domains/modal/test/auto/CausalityInterface6.xml
----------------- Instantiating /home/travis/build/icyphy/ptII/ptolemy/domains/modal/test/auto/CausalityInterface6.xml
4 ms. Memory: 188416K Free: 129714K (69%)
----------------- Invoking toplevel() on ptolemy.moml.MoMLSimpleApplication@14b68a0b
----------------- Done invoking toplevel() on ptolemy.moml.MoMLSimpleApplication@14b68a0b
reloadAllAccessors: .CausalityInterface6

===========================================================================================
----------------- testing Mon Jul 15 16:49:59 UTC 2019 /home/travis/build/icyphy/ptII/ptolemy/domains/modal/test/auto/CausalityInterface7.xml
----------------- Instantiating /home/travis/build/icyphy/ptII/ptolemy/domains/modal/test/auto/CausalityInterface7.xml
5 ms. Memory: 188416K Free: 121522K (64%)
----------------- Invoking toplevel() on ptolemy.moml.MoMLSimpleApplication@3cb738cb
----------------- Done invoking toplevel() on ptolemy.moml.MoMLSimpleApplication@3cb738cb
reloadAllAccessors: .CausalityInterface7

===========================================================================================
----------------- testing Mon Jul 15 16:49:59 UTC 2019 /home/travis/build/icyphy/ptII/ptolemy/domains/modal/test/auto/CausalityInterface8.xml
----------------- Instantiating /home/travis/build/icyphy/ptII/ptolemy/domains/modal/test/auto/CausalityInterface8.xml
5 ms. Memory: 188416K Free: 112306K (60%)
----------------- Invoking toplevel() on ptolemy.moml.MoMLSimpleApplication@65faaaca
----------------- Done invoking toplevel() on ptolemy.moml.MoMLSimpleApplication@65faaaca
reloadAllAccessors: .CausalityInterface8

===========================================================================================
----------------- testing Mon Jul 15 16:49:59 UTC 2019 /home/travis/build/icyphy/ptII/ptolemy/domains/modal/test/auto/CausalityInterface9.xml
----------------- Instantiating /home/travis/build/icyphy/ptII/ptolemy/domains/modal/test/auto/CausalityInterface9.xml
6 ms. Memory: 188416K Free: 103076K (55%)
----------------- Invoking toplevel() on ptolemy.moml.MoMLSimpleApplication@53bde88
----------------- Done invoking toplevel() on ptolemy.moml.MoMLSimpleApplication@53bde88
reloadAllAccessors: .CausalityInterface9

===========================================================================================
----------------- testing Mon Jul 15 16:49:59 UTC 2019 /home/travis/build/icyphy/ptII/ptolemy/domains/modal/test/auto/ChainedTransitions.xml
----------------- Instantiating /home/travis/build/icyphy/ptII/ptolemy/domains/modal/test/auto/ChainedTransitions.xml
84 ms. Memory: 188416K Free: 78004K (41%)
----------------- Invoking toplevel() on ptolemy.moml.MoMLSimpleApplication@b0be696
----------------- Done invoking toplevel() on ptolemy.moml.MoMLSimpleApplication@b0be696
reloadAllAccessors: .ChainedTransitions

===========================================================================================
----------------- testing Mon Jul 15 16:49:59 UTC 2019 /home/travis/build/icyphy/ptII/ptolemy/domains/modal/test/auto/CycleOfImmediateTransitionsFSM.xml
----------------- Instantiating /home/travis/build/icyphy/ptII/ptolemy/domains/modal/test/auto/CycleOfImmediateTransitionsFSM.xml
3 ms. Memory: 188416K Free: 72370K (38%)
----------------- Invoking toplevel() on ptolemy.moml.MoMLSimpleApplication@1cf0517f
----------------- Done invoking toplevel() on ptolemy.moml.MoMLSimpleApplication@1cf0517f
reloadAllAccessors: .CycleOfImmediateTransitionsFSM

===========================================================================================
----------------- testing Mon Jul 15 16:49:59 UTC 2019 /home/travis/build/icyphy/ptII/ptolemy/domains/modal/test/auto/CycleOfImmediateTransitionsModal.xml
----------------- Instantiating /home/travis/build/icyphy/ptII/ptolemy/domains/modal/test/auto/CycleOfImmediateTransitionsModal.xml
5 ms. Memory: 188416K Free: 66226K (35%)
----------------- Invoking toplevel() on ptolemy.moml.MoMLSimpleApplication@3c0f25e4
----------------- Done invoking toplevel() on ptolemy.moml.MoMLSimpleApplication@3c0f25e4
reloadAllAccessors: .CycleOfImmediateTransitionsModal

===========================================================================================
----------------- testing Mon Jul 15 16:49:59 UTC 2019 /home/travis/build/icyphy/ptII/ptolemy/domains/modal/test/auto/CycleOfImmediateTransitionsModal2.xml
----------------- Instantiating /home/travis/build/icyphy/ptII/ptolemy/domains/modal/test/auto/CycleOfImmediateTransitionsModal2.xml
10 ms. Memory: 188416K Free: 167081K (89%)
----------------- Invoking toplevel() on ptolemy.moml.MoMLSimpleApplication@1f00e805
----------------- Done invoking toplevel() on ptolemy.moml.MoMLSimpleApplication@1f00e805
reloadAllAccessors: .CycleOfImmediateTransitionsModal2

===========================================================================================
----------------- testing Mon Jul 15 16:49:59 UTC 2019 /home/travis/build/icyphy/ptII/ptolemy/domains/modal/test/auto/CycleOfImmediateTransitionsModal3.xml
----------------- Instantiating /home/travis/build/icyphy/ptII/ptolemy/domains/modal/test/auto/CycleOfImmediateTransitionsModal3.xml
6 ms. Memory: 188416K Free: 144553K (77%)
----------------- Invoking toplevel() on ptolemy.moml.MoMLSimpleApplication@2bcbc79
----------------- Done invoking toplevel() on ptolemy.moml.MoMLSimpleApplication@2bcbc79
reloadAllAccessors: .CycleOfImmediateTransitionsModal3

===========================================================================================
----------------- testing Mon Jul 15 16:49:59 UTC 2019 /home/travis/build/icyphy/ptII/ptolemy/domains/modal/test/auto/DeepModal1.xml
----------------- Instantiating /home/travis/build/icyphy/ptII/ptolemy/domains/modal/test/auto/DeepModal1.xml
26 ms. Memory: 188416K Free: 130217K (69%)
----------------- Invoking toplevel() on ptolemy.moml.MoMLSimpleApplication@63a8e07f
----------------- Done invoking toplevel() on ptolemy.moml.MoMLSimpleApplication@63a8e07f
reloadAllAccessors: .DeepModal1

===========================================================================================
----------------- testing Mon Jul 15 16:49:59 UTC 2019 /home/travis/build/icyphy/ptII/ptolemy/domains/modal/test/auto/DeepModal2.xml
----------------- Instantiating /home/travis/build/icyphy/ptII/ptolemy/domains/modal/test/auto/DeepModal2.xml
27 ms. Memory: 188416K Free: 111785K (59%)
----------------- Invoking toplevel() on ptolemy.moml.MoMLSimpleApplication@2a034895
----------------- Done invoking toplevel() on ptolemy.moml.MoMLSimpleApplication@2a034895
reloadAllAccessors: .DeepModal2

===========================================================================================
----------------- testing Mon Jul 15 16:49:59 UTC 2019 /home/travis/build/icyphy/ptII/ptolemy/domains/modal/test/auto/DeepModal3.xml
----------------- Instantiating /home/travis/build/icyphy/ptII/ptolemy/domains/modal/test/auto/DeepModal3.xml
28 ms. Memory: 188416K Free: 92329K (49%)
----------------- Invoking toplevel() on ptolemy.moml.MoMLSimpleApplication@1d1bd517
----------------- Done invoking toplevel() on ptolemy.moml.MoMLSimpleApplication@1d1bd517
reloadAllAccessors: .DeepModal3

===========================================================================================
----------------- testing Mon Jul 15 16:49:59 UTC 2019 /home/travis/build/icyphy/ptII/ptolemy/domains/modal/test/auto/DeepModal4.xml
----------------- Instantiating /home/travis/build/icyphy/ptII/ptolemy/domains/modal/test/auto/DeepModal4.xml
35 ms. Memory: 188416K Free: 72873K (39%)
----------------- Invoking toplevel() on ptolemy.moml.MoMLSimpleApplication@45456b20
----------------- Done invoking toplevel() on ptolemy.moml.MoMLSimpleApplication@45456b20
reloadAllAccessors: .DeepModal4

===========================================================================================
----------------- testing Mon Jul 15 16:49:59 UTC 2019 /home/travis/build/icyphy/ptII/ptolemy/domains/modal/test/auto/Default1.xml
----------------- Instantiating /home/travis/build/icyphy/ptII/ptolemy/domains/modal/test/auto/Default1.xml
2 ms. Memory: 188416K Free: 66729K (35%)
----------------- Invoking toplevel() on ptolemy.moml.MoMLSimpleApplication@3e44943a
----------------- Done invoking toplevel() on ptolemy.moml.MoMLSimpleApplication@3e44943a
reloadAllAccessors: .Default1

===========================================================================================
----------------- testing Mon Jul 15 16:49:59 UTC 2019 /home/travis/build/icyphy/ptII/ptolemy/domains/modal/test/auto/Default2.xml
----------------- Instantiating /home/travis/build/icyphy/ptII/ptolemy/domains/modal/test/auto/Default2.xml
9 ms. Memory: 226304K Free: 206886K (91%)
----------------- Invoking toplevel() on ptolemy.moml.MoMLSimpleApplication@6e4761b9
----------------- Done invoking toplevel() on ptolemy.moml.MoMLSimpleApplication@6e4761b9
reloadAllAccessors: .Default2

===========================================================================================
----------------- testing Mon Jul 15 16:49:59 UTC 2019 /home/travis/build/icyphy/ptII/ptolemy/domains/modal/test/auto/Default3.xml
----------------- Instantiating /home/travis/build/icyphy/ptII/ptolemy/domains/modal/test/auto/Default3.xml
6 ms. Memory: 226304K Free: 200750K (89%)
----------------- Invoking toplevel() on ptolemy.moml.MoMLSimpleApplication@36b0b0d5
----------------- Done invoking toplevel() on ptolemy.moml.MoMLSimpleApplication@36b0b0d5
reloadAllAccessors: .Default3

===========================================================================================
----------------- testing Mon Jul 15 16:49:59 UTC 2019 /home/travis/build/icyphy/ptII/ptolemy/domains/modal/test/auto/Default4.xml
----------------- Instantiating /home/travis/build/icyphy/ptII/ptolemy/domains/modal/test/auto/Default4.xml
8 ms. Memory: 226304K Free: 194606K (86%)
----------------- Invoking toplevel() on ptolemy.moml.MoMLSimpleApplication@207c08cd
----------------- Done invoking toplevel() on ptolemy.moml.MoMLSimpleApplication@207c08cd
reloadAllAccessors: .Default4

===========================================================================================
----------------- testing Mon Jul 15 16:49:59 UTC 2019 /home/travis/build/icyphy/ptII/ptolemy/domains/modal/test/auto/Default5.xml
----------------- Instantiating /home/travis/build/icyphy/ptII/ptolemy/domains/modal/test/auto/Default5.xml
7 ms. Memory: 226304K Free: 186399K (82%)
----------------- Invoking toplevel() on ptolemy.moml.MoMLSimpleApplication@d06e65f
----------------- Done invoking toplevel() on ptolemy.moml.MoMLSimpleApplication@d06e65f
reloadAllAccessors: .Default5

===========================================================================================
----------------- testing Mon Jul 15 16:49:59 UTC 2019 /home/travis/build/icyphy/ptII/ptolemy/domains/modal/test/auto/EmptyGuard.xml
----------------- Instantiating /home/travis/build/icyphy/ptII/ptolemy/domains/modal/test/auto/EmptyGuard.xml
13 ms. Memory: 226304K Free: 178215K (79%)
----------------- Invoking toplevel() on ptolemy.moml.MoMLSimpleApplication@85f97dc
----------------- Done invoking toplevel() on ptolemy.moml.MoMLSimpleApplication@85f97dc
reloadAllAccessors: .EmptyGuard

===========================================================================================
----------------- testing Mon Jul 15 16:49:59 UTC 2019 /home/travis/build/icyphy/ptII/ptolemy/domains/modal/test/auto/ErrorTransition1.xml
----------------- Instantiating /home/travis/build/icyphy/ptII/ptolemy/domains/modal/test/auto/ErrorTransition1.xml
10 ms. Memory: 226304K Free: 169006K (75%)
----------------- Invoking toplevel() on ptolemy.moml.MoMLSimpleApplication@3615bb34
----------------- Done invoking toplevel() on ptolemy.moml.MoMLSimpleApplication@3615bb34
reloadAllAccessors: .ErrorTransition1

===========================================================================================
----------------- testing Mon Jul 15 16:50:00 UTC 2019 /home/travis/build/icyphy/ptII/ptolemy/domains/modal/test/auto/ErrorTransition10.xml
----------------- Instantiating /home/travis/build/icyphy/ptII/ptolemy/domains/modal/test/auto/ErrorTransition10.xml
15 ms. Memory: 226304K Free: 155184K (69%)
----------------- Invoking toplevel() on ptolemy.moml.MoMLSimpleApplication@23e1e53
----------------- Done invoking toplevel() on ptolemy.moml.MoMLSimpleApplication@23e1e53
reloadAllAccessors: .ErrorTransition10

===========================================================================================
----------------- testing Mon Jul 15 16:50:00 UTC 2019 /home/travis/build/icyphy/ptII/ptolemy/domains/modal/test/auto/ErrorTransition11.xml
----------------- Instantiating /home/travis/build/icyphy/ptII/ptolemy/domains/modal/test/auto/ErrorTransition11.xml
4 ms. Memory: 226304K Free: 143920K (64%)
----------------- Invoking toplevel() on ptolemy.moml.MoMLSimpleApplication@64957c3d
----------------- Done invoking toplevel() on ptolemy.moml.MoMLSimpleApplication@64957c3d
reloadAllAccessors: .ErrorTransition11

===========================================================================================
----------------- testing Mon Jul 15 16:50:00 UTC 2019 /home/travis/build/icyphy/ptII/ptolemy/domains/modal/test/auto/ErrorTransition2.xml
----------------- Instantiating /home/travis/build/icyphy/ptII/ptolemy/domains/modal/test/auto/ErrorTransition2.xml
9 ms. Memory: 226304K Free: 135214K (60%)
----------------- Invoking toplevel() on ptolemy.moml.MoMLSimpleApplication@4feda01b
----------------- Done invoking toplevel() on ptolemy.moml.MoMLSimpleApplication@4feda01b
reloadAllAccessors: .ErrorTransition2

===========================================================================================
----------------- testing Mon Jul 15 16:50:00 UTC 2019 /home/travis/build/icyphy/ptII/ptolemy/domains/modal/test/auto/ErrorTransition3.xml
----------------- Instantiating /home/travis/build/icyphy/ptII/ptolemy/domains/modal/test/auto/ErrorTransition3.xml
16 ms. Memory: 226304K Free: 125488K (55%)
----------------- Invoking toplevel() on ptolemy.moml.MoMLSimpleApplication@217c1711
----------------- Done invoking toplevel() on ptolemy.moml.MoMLSimpleApplication@217c1711
reloadAllAccessors: .ErrorTransition3

===========================================================================================
----------------- testing Mon Jul 15 16:50:00 UTC 2019 /home/travis/build/icyphy/ptII/ptolemy/domains/modal/test/auto/ErrorTransition4.xml
----------------- Instantiating /home/travis/build/icyphy/ptII/ptolemy/domains/modal/test/auto/ErrorTransition4.xml
8 ms. Memory: 226304K Free: 114224K (50%)
----------------- Invoking toplevel() on ptolemy.moml.MoMLSimpleApplication@78221714
----------------- Done invoking toplevel() on ptolemy.moml.MoMLSimpleApplication@78221714
reloadAllAccessors: .ErrorTransition4

===========================================================================================
----------------- testing Mon Jul 15 16:50:00 UTC 2019 /home/travis/build/icyphy/ptII/ptolemy/domains/modal/test/auto/ErrorTransition5.xml
----------------- Instantiating /home/travis/build/icyphy/ptII/ptolemy/domains/modal/test/auto/ErrorTransition5.xml
9 ms. Memory: 226304K Free: 103984K (46%)
----------------- Invoking toplevel() on ptolemy.moml.MoMLSimpleApplication@1e5faa3
----------------- Done invoking toplevel() on ptolemy.moml.MoMLSimpleApplication@1e5faa3
reloadAllAccessors: .ErrorTransition5

===========================================================================================
----------------- testing Mon Jul 15 16:50:00 UTC 2019 /home/travis/build/icyphy/ptII/ptolemy/domains/modal/test/auto/ErrorTransition6.xml
----------------- Instantiating /home/travis/build/icyphy/ptII/ptolemy/domains/modal/test/auto/ErrorTransition6.xml
8 ms. Memory: 226304K Free: 93230K (41%)
----------------- Invoking toplevel() on ptolemy.moml.MoMLSimpleApplication@7681227d
----------------- Done invoking toplevel() on ptolemy.moml.MoMLSimpleApplication@7681227d
reloadAllAccessors: .ErrorTransition6

===========================================================================================
----------------- testing Mon Jul 15 16:50:00 UTC 2019 /home/travis/build/icyphy/ptII/ptolemy/domains/modal/test/auto/ErrorTransition7.xml
----------------- Instantiating /home/travis/build/icyphy/ptII/ptolemy/domains/modal/test/auto/ErrorTransition7.xml
13 ms. Memory: 226304K Free: 80432K (36%)
----------------- Invoking toplevel() on ptolemy.moml.MoMLSimpleApplication@322b36c5
----------------- Done invoking toplevel() on ptolemy.moml.MoMLSimpleApplication@322b36c5
reloadAllAccessors: .ErrorTransition7

===========================================================================================
----------------- testing Mon Jul 15 16:50:00 UTC 2019 /home/travis/build/icyphy/ptII/ptolemy/domains/modal/test/auto/ErrorTransition8.xml
----------------- Instantiating /home/travis/build/icyphy/ptII/ptolemy/domains/modal/test/auto/ErrorTransition8.xml
35 ms. Memory: 226304K Free: 198308K (88%)
----------------- Invoking toplevel() on ptolemy.moml.MoMLSimpleApplication@53f0a24f
----------------- Done invoking toplevel() on ptolemy.moml.MoMLSimpleApplication@53f0a24f
reloadAllAccessors: .ErrorTransition8

===========================================================================================
----------------- testing Mon Jul 15 16:50:00 UTC 2019 /home/travis/build/icyphy/ptII/ptolemy/domains/modal/test/auto/ErrorTransition9.xml
----------------- Instantiating /home/travis/build/icyphy/ptII/ptolemy/domains/modal/test/auto/ErrorTransition9.xml
12 ms. Memory: 226304K Free: 184996K (82%)
----------------- Invoking toplevel() on ptolemy.moml.MoMLSimpleApplication@3549b4e
----------------- Done invoking toplevel() on ptolemy.moml.MoMLSimpleApplication@3549b4e
reloadAllAccessors: .ErrorTransition9

===========================================================================================
----------------- testing Mon Jul 15 16:50:00 UTC 2019 /home/travis/build/icyphy/ptII/ptolemy/domains/modal/test/auto/ExtendedFSM.xml
----------------- Instantiating /home/travis/build/icyphy/ptII/ptolemy/domains/modal/test/auto/ExtendedFSM.xml
5 ms. Memory: 226304K Free: 176294K (78%)
----------------- Invoking toplevel() on ptolemy.moml.MoMLSimpleApplication@2411e5cd
----------------- Done invoking toplevel() on ptolemy.moml.MoMLSimpleApplication@2411e5cd
reloadAllAccessors: .ExtendedFSM

===========================================================================================
----------------- testing Mon Jul 15 16:50:00 UTC 2019 /home/travis/build/icyphy/ptII/ptolemy/domains/modal/test/auto/FinalStates.xml
----------------- Instantiating /home/travis/build/icyphy/ptII/ptolemy/domains/modal/test/auto/FinalStates.xml
4 ms. Memory: 226304K Free: 168102K (74%)
----------------- Invoking toplevel() on ptolemy.moml.MoMLSimpleApplication@c38b28c
----------------- Done invoking toplevel() on ptolemy.moml.MoMLSimpleApplication@c38b28c
reloadAllAccessors: .FinalStates

===========================================================================================
----------------- testing Mon Jul 15 16:50:00 UTC 2019 /home/travis/build/icyphy/ptII/ptolemy/domains/modal/test/auto/FixedPointFSM.xml
----------------- Instantiating /home/travis/build/icyphy/ptII/ptolemy/domains/modal/test/auto/FixedPointFSM.xml
12 ms. Memory: 226304K Free: 152742K (67%)
----------------- Invoking toplevel() on ptolemy.moml.MoMLSimpleApplication@7084d7be
----------------- Done invoking toplevel() on ptolemy.moml.MoMLSimpleApplication@7084d7be
reloadAllAccessors: .FixedPointFSM

===========================================================================================
----------------- testing Mon Jul 15 16:50:00 UTC 2019 /home/travis/build/icyphy/ptII/ptolemy/domains/modal/test/auto/FixedPointIterationFSMActor.xml
----------------- Instantiating /home/travis/build/icyphy/ptII/ptolemy/domains/modal/test/auto/FixedPointIterationFSMActor.xml
8 ms. Memory: 226304K Free: 142502K (63%)
----------------- Invoking toplevel() on ptolemy.moml.MoMLSimpleApplication@6f64ae53
----------------- Done invoking toplevel() on ptolemy.moml.MoMLSimpleApplication@6f64ae53
reloadAllAccessors: .FixedPointIterationFSMActor

===========================================================================================
----------------- testing Mon Jul 15 16:50:00 UTC 2019 /home/travis/build/icyphy/ptII/ptolemy/domains/modal/test/auto/FixedPointIterationFSMActor2.xml
----------------- Instantiating /home/travis/build/icyphy/ptII/ptolemy/domains/modal/test/auto/FixedPointIterationFSMActor2.xml
10 ms. Memory: 226304K Free: 130214K (58%)
----------------- Invoking toplevel() on ptolemy.moml.MoMLSimpleApplication@9cb6643
----------------- Done invoking toplevel() on ptolemy.moml.MoMLSimpleApplication@9cb6643
reloadAllAccessors: .FixedPointIterationFSMActor2

===========================================================================================
----------------- testing Mon Jul 15 16:50:00 UTC 2019 /home/travis/build/icyphy/ptII/ptolemy/domains/modal/test/auto/ForbiddenInstantanousLoop.xml
----------------- Instantiating /home/travis/build/icyphy/ptII/ptolemy/domains/modal/test/auto/ForbiddenInstantanousLoop.xml
6 ms. Memory: 226304K Free: 117926K (52%)
----------------- Invoking toplevel() on ptolemy.moml.MoMLSimpleApplication@157311a8
----------------- Done invoking toplevel() on ptolemy.moml.MoMLSimpleApplication@157311a8
reloadAllAccessors: .ForbiddenInstantanousLoop

===========================================================================================
----------------- testing Mon Jul 15 16:50:00 UTC 2019 /home/travis/build/icyphy/ptII/ptolemy/domains/modal/test/auto/FunctionDependencyOfFSMActorTest.xml
----------------- Instantiating /home/travis/build/icyphy/ptII/ptolemy/domains/modal/test/auto/FunctionDependencyOfFSMActorTest.xml
14 ms. Memory: 226304K Free: 111249K (49%)
----------------- Invoking toplevel() on ptolemy.moml.MoMLSimpleApplication@294676d5
----------------- Done invoking toplevel() on ptolemy.moml.MoMLSimpleApplication@294676d5
reloadAllAccessors: .FunctionDependencyOfFSMActorTest

===========================================================================================
----------------- testing Mon Jul 15 16:50:00 UTC 2019 /home/travis/build/icyphy/ptII/ptolemy/domains/modal/test/auto/GuardExpression.xml
----------------- Instantiating /home/travis/build/icyphy/ptII/ptolemy/domains/modal/test/auto/GuardExpression.xml
1 ms. Memory: 226304K Free: 106148K (47%)
----------------- Invoking toplevel() on ptolemy.moml.MoMLSimpleApplication@672bbc12
----------------- Done invoking toplevel() on ptolemy.moml.MoMLSimpleApplication@672bbc12
reloadAllAccessors: .GuardExpression

===========================================================================================
----------------- testing Mon Jul 15 16:50:00 UTC 2019 /home/travis/build/icyphy/ptII/ptolemy/domains/modal/test/auto/GuardNotEvaluated.xml
----------------- Instantiating /home/travis/build/icyphy/ptII/ptolemy/domains/modal/test/auto/GuardNotEvaluated.xml
6 ms. Memory: 226304K Free: 97446K (43%)
----------------- Invoking toplevel() on ptolemy.moml.MoMLSimpleApplication@1cf88ff9
----------------- Done invoking toplevel() on ptolemy.moml.MoMLSimpleApplication@1cf88ff9
reloadAllAccessors: .GuardNotEvaluated

===========================================================================================
----------------- testing Mon Jul 15 16:50:00 UTC 2019 /home/travis/build/icyphy/ptII/ptolemy/domains/modal/test/auto/GuardNotEvaluated2.xml
----------------- Instantiating /home/travis/build/icyphy/ptII/ptolemy/domains/modal/test/auto/GuardNotEvaluated2.xml
9 ms. Memory: 226304K Free: 87716K (39%)
----------------- Invoking toplevel() on ptolemy.moml.MoMLSimpleApplication@ea7a2fe
----------------- Done invoking toplevel() on ptolemy.moml.MoMLSimpleApplication@ea7a2fe
reloadAllAccessors: .GuardNotEvaluated2

===========================================================================================
----------------- testing Mon Jul 15 16:50:00 UTC 2019 /home/travis/build/icyphy/ptII/ptolemy/domains/modal/test/auto/GuardOnAbsent.xml
----------------- Instantiating /home/travis/build/icyphy/ptII/ptolemy/domains/modal/test/auto/GuardOnAbsent.xml
11 ms. Memory: 226304K Free: 80038K (35%)
----------------- Invoking toplevel() on ptolemy.moml.MoMLSimpleApplication@4b53d773
----------------- Done invoking toplevel() on ptolemy.moml.MoMLSimpleApplication@4b53d773
reloadAllAccessors: .GuardOnAbsent

===========================================================================================
----------------- testing Mon Jul 15 16:50:00 UTC 2019 /home/travis/build/icyphy/ptII/ptolemy/domains/modal/test/auto/HierarchicalFSMTypeInference.xml
----------------- Instantiating /home/travis/build/icyphy/ptII/ptolemy/domains/modal/test/auto/HierarchicalFSMTypeInference.xml
5 ms. Memory: 226304K Free: 198903K (88%)
----------------- Invoking toplevel() on ptolemy.moml.MoMLSimpleApplication@2181702b
----------------- Done invoking toplevel() on ptolemy.moml.MoMLSimpleApplication@2181702b
reloadAllAccessors: .HierarchicalFSMTypeInference

===========================================================================================
----------------- testing Mon Jul 15 16:50:00 UTC 2019 /home/travis/build/icyphy/ptII/ptolemy/domains/modal/test/auto/Hysteresis.xml
----------------- Instantiating /home/travis/build/icyphy/ptII/ptolemy/domains/modal/test/auto/Hysteresis.xml
14 ms. Memory: 226304K Free: 185580K (82%)
----------------- Invoking toplevel() on ptolemy.moml.MoMLSimpleApplication@b13fed9
----------------- Done invoking toplevel() on ptolemy.moml.MoMLSimpleApplication@b13fed9
reloadAllAccessors: .Hysteresis

===========================================================================================
----------------- testing Mon Jul 15 16:50:00 UTC 2019 /home/travis/build/icyphy/ptII/ptolemy/domains/modal/test/auto/HysteresisWithDefault.xml
----------------- Instantiating /home/travis/build/icyphy/ptII/ptolemy/domains/modal/test/auto/HysteresisWithDefault.xml
36 ms. Memory: 226304K Free: 162556K (72%)
----------------- Invoking toplevel() on ptolemy.moml.MoMLSimpleApplication@5734a181
----------------- Done invoking toplevel() on ptolemy.moml.MoMLSimpleApplication@5734a181
reloadAllAccessors: .HysteresisWithDefault

===========================================================================================
----------------- testing Mon Jul 15 16:50:00 UTC 2019 /home/travis/build/icyphy/ptII/ptolemy/domains/modal/test/auto/HysteresisWithDefault2.xml
----------------- Instantiating /home/travis/build/icyphy/ptII/ptolemy/domains/modal/test/auto/HysteresisWithDefault2.xml
41 ms. Memory: 226304K Free: 133370K (59%)
----------------- Invoking toplevel() on ptolemy.moml.MoMLSimpleApplication@18bdd889
----------------- Done invoking toplevel() on ptolemy.moml.MoMLSimpleApplication@18bdd889
reloadAllAccessors: .HysteresisWithDefault2

===========================================================================================
----------------- testing Mon Jul 15 16:50:01 UTC 2019 /home/travis/build/icyphy/ptII/ptolemy/domains/modal/test/auto/ImmediateNonConstructiveness.xml
----------------- Instantiating /home/travis/build/icyphy/ptII/ptolemy/domains/modal/test/auto/ImmediateNonConstructiveness.xml
3 ms. Memory: 226304K Free: 126188K (56%)
----------------- Invoking toplevel() on ptolemy.moml.MoMLSimpleApplication@135c3502
----------------- Done invoking toplevel() on ptolemy.moml.MoMLSimpleApplication@135c3502
reloadAllAccessors: .ImmediateNonConstructiveness

===========================================================================================
----------------- testing Mon Jul 15 16:50:01 UTC 2019 /home/travis/build/icyphy/ptII/ptolemy/domains/modal/test/auto/ImmediateNonConstructiveness2.xml
----------------- Instantiating /home/travis/build/icyphy/ptII/ptolemy/domains/modal/test/auto/ImmediateNonConstructiveness2.xml
2 ms. Memory: 226304K Free: 119548K (53%)
----------------- Invoking toplevel() on ptolemy.moml.MoMLSimpleApplication@3a791845
----------------- Done invoking toplevel() on ptolemy.moml.MoMLSimpleApplication@3a791845
reloadAllAccessors: .ImmediateNonConstructiveness2

===========================================================================================
----------------- testing Mon Jul 15 16:50:01 UTC 2019 /home/travis/build/icyphy/ptII/ptolemy/domains/modal/test/auto/ImmediateTransitionReset.xml
----------------- Instantiating /home/travis/build/icyphy/ptII/ptolemy/domains/modal/test/auto/ImmediateTransitionReset.xml
6 ms. Memory: 226304K Free: 107770K (48%)
----------------- Invoking toplevel() on ptolemy.moml.MoMLSimpleApplication@1f637a78
----------------- Done invoking toplevel() on ptolemy.moml.MoMLSimpleApplication@1f637a78
reloadAllAccessors: .ImmediateTransitionReset

===========================================================================================
----------------- testing Mon Jul 15 16:50:01 UTC 2019 /home/travis/build/icyphy/ptII/ptolemy/domains/modal/test/auto/ImmediateTransitions1.xml
----------------- Instantiating /home/travis/build/icyphy/ptII/ptolemy/domains/modal/test/auto/ImmediateTransitions1.xml
2 ms. Memory: 226304K Free: 102650K (45%)
----------------- Invoking toplevel() on ptolemy.moml.MoMLSimpleApplication@50f7a582
----------------- Done invoking toplevel() on ptolemy.moml.MoMLSimpleApplication@50f7a582
reloadAllAccessors: .ImmediateTransitions1

===========================================================================================
----------------- testing Mon Jul 15 16:50:01 UTC 2019 /home/travis/build/icyphy/ptII/ptolemy/domains/modal/test/auto/ImmediateTransitionsInstantaneousCommunication.xml
----------------- Instantiating /home/travis/build/icyphy/ptII/ptolemy/domains/modal/test/auto/ImmediateTransitionsInstantaneousCommunication.xml
4 ms. Memory: 226304K Free: 90362K (40%)
----------------- Invoking toplevel() on ptolemy.moml.MoMLSimpleApplication@3bef77d4
----------------- Done invoking toplevel() on ptolemy.moml.MoMLSimpleApplication@3bef77d4
reloadAllAccessors: .ImmediateTransitionsInstantaneousCommunication

===========================================================================================
----------------- testing Mon Jul 15 16:50:01 UTC 2019 /home/travis/build/icyphy/ptII/ptolemy/domains/modal/test/auto/InitialImmediateTransition.xml
----------------- Instantiating /home/travis/build/icyphy/ptII/ptolemy/domains/modal/test/auto/InitialImmediateTransition.xml
4 ms. Memory: 226304K Free: 83188K (37%)
----------------- Invoking toplevel() on ptolemy.moml.MoMLSimpleApplication@3633c27f
----------------- Done invoking toplevel() on ptolemy.moml.MoMLSimpleApplication@3633c27f
reloadAllAccessors: .InitialImmediateTransition

===========================================================================================
----------------- testing Mon Jul 15 16:50:01 UTC 2019 /home/travis/build/icyphy/ptII/ptolemy/domains/modal/test/auto/InitialOutputs.xml
----------------- Instantiating /home/travis/build/icyphy/ptII/ptolemy/domains/modal/test/auto/InitialOutputs.xml
18 ms. Memory: 226304K Free: 206968K (91%)
----------------- Invoking toplevel() on ptolemy.moml.MoMLSimpleApplication@44cc68d3
----------------- Done invoking toplevel() on ptolemy.moml.MoMLSimpleApplication@44cc68d3
reloadAllAccessors: .InitialOutputs

===========================================================================================
----------------- testing Mon Jul 15 16:50:01 UTC 2019 /home/travis/build/icyphy/ptII/ptolemy/domains/modal/test/auto/InitialStateTransition1.xml
----------------- Instantiating /home/travis/build/icyphy/ptII/ptolemy/domains/modal/test/auto/InitialStateTransition1.xml
3 ms. Memory: 226304K Free: 199286K (88%)
----------------- Invoking toplevel() on ptolemy.moml.MoMLSimpleApplication@7ed41e4
----------------- Done invoking toplevel() on ptolemy.moml.MoMLSimpleApplication@7ed41e4
reloadAllAccessors: .InitialStateTransition1

===========================================================================================
----------------- testing Mon Jul 15 16:50:01 UTC 2019 /home/travis/build/icyphy/ptII/ptolemy/domains/modal/test/auto/InitialStateTransition2.xml
----------------- Instantiating /home/travis/build/icyphy/ptII/ptolemy/domains/modal/test/auto/InitialStateTransition2.xml
.InitialStateTransition2.TestExceptionAttributeNonConstructive: initialize() was not invoked, but wrapup() was.  This is unusual, but not always a problem.  For example, exporting JNLP will do this.
3 ms. Memory: 226304K Free: 192118K (85%)
----------------- Invoking toplevel() on ptolemy.moml.MoMLSimpleApplication@17ba104b
----------------- Done invoking toplevel() on ptolemy.moml.MoMLSimpleApplication@17ba104b
reloadAllAccessors: .InitialStateTransition2

===========================================================================================
----------------- testing Mon Jul 15 16:50:01 UTC 2019 /home/travis/build/icyphy/ptII/ptolemy/domains/modal/test/auto/InitialStateTransition3.xml
----------------- Instantiating /home/travis/build/icyphy/ptII/ptolemy/domains/modal/test/auto/InitialStateTransition3.xml
4 ms. Memory: 226304K Free: 183926K (81%)
----------------- Invoking toplevel() on ptolemy.moml.MoMLSimpleApplication@11ff07a6
----------------- Done invoking toplevel() on ptolemy.moml.MoMLSimpleApplication@11ff07a6
reloadAllAccessors: .InitialStateTransition3

===========================================================================================
----------------- testing Mon Jul 15 16:50:01 UTC 2019 /home/travis/build/icyphy/ptII/ptolemy/domains/modal/test/auto/InitialStateTransition4.xml
----------------- Instantiating /home/travis/build/icyphy/ptII/ptolemy/domains/modal/test/auto/InitialStateTransition4.xml
3 ms. Memory: 226304K Free: 174200K (77%)
----------------- Invoking toplevel() on ptolemy.moml.MoMLSimpleApplication@4b876844
----------------- Done invoking toplevel() on ptolemy.moml.MoMLSimpleApplication@4b876844
[...]
reloadAllAccessors: .TerminationTransition3

===========================================================================================
----------------- testing Mon Jul 15 16:50:03 UTC 2019 /home/travis/build/icyphy/ptII/ptolemy/domains/modal/test/auto/TerminationTransition4.xml
----------------- Instantiating /home/travis/build/icyphy/ptII/ptolemy/domains/modal/test/auto/TerminationTransition4.xml
3 ms. Memory: 278528K Free: 97279K (35%)
----------------- Invoking toplevel() on ptolemy.moml.MoMLSimpleApplication@4476d7fd
----------------- Done invoking toplevel() on ptolemy.moml.MoMLSimpleApplication@4476d7fd
reloadAllAccessors: .TerminationTransition4

===========================================================================================
----------------- testing Mon Jul 15 16:50:03 UTC 2019 /home/travis/build/icyphy/ptII/ptolemy/domains/modal/test/auto/TerminationTransition5.xml
----------------- Instantiating /home/travis/build/icyphy/ptII/ptolemy/domains/modal/test/auto/TerminationTransition5.xml
3 ms. Memory: 278528K Free: 246784K (89%)
----------------- Invoking toplevel() on ptolemy.moml.MoMLSimpleApplication@20b416eb
----------------- Done invoking toplevel() on ptolemy.moml.MoMLSimpleApplication@20b416eb
reloadAllAccessors: .TerminationTransition5

===========================================================================================
----------------- testing Mon Jul 15 16:50:03 UTC 2019 /home/travis/build/icyphy/ptII/ptolemy/domains/modal/test/auto/TerminationTransition6.xml
----------------- Instantiating /home/travis/build/icyphy/ptII/ptolemy/domains/modal/test/auto/TerminationTransition6.xml
2 ms. Memory: 278528K Free: 238078K (85%)
----------------- Invoking toplevel() on ptolemy.moml.MoMLSimpleApplication@74f3800e
----------------- Done invoking toplevel() on ptolemy.moml.MoMLSimpleApplication@74f3800e
reloadAllAccessors: .TerminationTransition6

===========================================================================================
----------------- testing Mon Jul 15 16:50:03 UTC 2019 /home/travis/build/icyphy/ptII/ptolemy/domains/modal/test/auto/TerminationTransition7.xml
----------------- Instantiating /home/travis/build/icyphy/ptII/ptolemy/domains/modal/test/auto/TerminationTransition7.xml
2 ms. Memory: 278528K Free: 228862K (82%)
----------------- Invoking toplevel() on ptolemy.moml.MoMLSimpleApplication@37362d3
----------------- Done invoking toplevel() on ptolemy.moml.MoMLSimpleApplication@37362d3
reloadAllAccessors: .TerminationTransition7

===========================================================================================
----------------- testing Mon Jul 15 16:50:03 UTC 2019 /home/travis/build/icyphy/ptII/ptolemy/domains/modal/test/auto/TerminationTransition8.xml
----------------- Instantiating /home/travis/build/icyphy/ptII/ptolemy/domains/modal/test/auto/TerminationTransition8.xml
2 ms. Memory: 278528K Free: 219646K (79%)
----------------- Invoking toplevel() on ptolemy.moml.MoMLSimpleApplication@3a0f1df
----------------- Done invoking toplevel() on ptolemy.moml.MoMLSimpleApplication@3a0f1df
reloadAllAccessors: .TerminationTransition8

===========================================================================================
----------------- testing Mon Jul 15 16:50:03 UTC 2019 /home/travis/build/icyphy/ptII/ptolemy/domains/modal/test/auto/Thermostat_NoHysteresis.xml
----------------- Instantiating /home/travis/build/icyphy/ptII/ptolemy/domains/modal/test/auto/Thermostat_NoHysteresis.xml
38 ms. Memory: 278528K Free: 195070K (70%)
----------------- Invoking toplevel() on ptolemy.moml.MoMLSimpleApplication@717baab7
----------------- Done invoking toplevel() on ptolemy.moml.MoMLSimpleApplication@717baab7
reloadAllAccessors: .Thermostat_NoHysteresis

===========================================================================================
----------------- testing Mon Jul 15 16:50:03 UTC 2019 /home/travis/build/icyphy/ptII/ptolemy/domains/modal/test/auto/TimedFSM.xml
----------------- Instantiating /home/travis/build/icyphy/ptII/ptolemy/domains/modal/test/auto/TimedFSM.xml
8 ms. Memory: 278528K Free: 183296K (66%)
----------------- Invoking toplevel() on ptolemy.moml.MoMLSimpleApplication@515139bb
----------------- Done invoking toplevel() on ptolemy.moml.MoMLSimpleApplication@515139bb
reloadAllAccessors: .TimedFSM

===========================================================================================
----------------- testing Mon Jul 15 16:50:03 UTC 2019 /home/travis/build/icyphy/ptII/ptolemy/domains/modal/test/auto/Timeout1.xml
----------------- Instantiating /home/travis/build/icyphy/ptII/ptolemy/domains/modal/test/auto/Timeout1.xml
3 ms. Memory: 278528K Free: 177647K (64%)
----------------- Invoking toplevel() on ptolemy.moml.MoMLSimpleApplication@d29103
----------------- Done invoking toplevel() on ptolemy.moml.MoMLSimpleApplication@d29103
reloadAllAccessors: .Timeout1

===========================================================================================
----------------- testing Mon Jul 15 16:50:03 UTC 2019 /home/travis/build/icyphy/ptII/ptolemy/domains/modal/test/auto/Timeout2.xml
----------------- Instantiating /home/travis/build/icyphy/ptII/ptolemy/domains/modal/test/auto/Timeout2.xml
8 ms. Memory: 278528K Free: 168960K (61%)
----------------- Invoking toplevel() on ptolemy.moml.MoMLSimpleApplication@6aa262b2
----------------- Done invoking toplevel() on ptolemy.moml.MoMLSimpleApplication@6aa262b2
reloadAllAccessors: .Timeout2

===========================================================================================
----------------- testing Mon Jul 15 16:50:03 UTC 2019 /home/travis/build/icyphy/ptII/ptolemy/domains/modal/test/auto/Timeout3.xml
----------------- Instantiating /home/travis/build/icyphy/ptII/ptolemy/domains/modal/test/auto/Timeout3.xml
1 ms. Memory: 278528K Free: 163840K (59%)
----------------- Invoking toplevel() on ptolemy.moml.MoMLSimpleApplication@6878c65e
----------------- Done invoking toplevel() on ptolemy.moml.MoMLSimpleApplication@6878c65e
reloadAllAccessors: .Timeout3

===========================================================================================
----------------- testing Mon Jul 15 16:50:03 UTC 2019 /home/travis/build/icyphy/ptII/ptolemy/domains/modal/test/auto/Timeout4.xml
----------------- Instantiating /home/travis/build/icyphy/ptII/ptolemy/domains/modal/test/auto/Timeout4.xml
2 ms. Memory: 278528K Free: 158720K (57%)
----------------- Invoking toplevel() on ptolemy.moml.MoMLSimpleApplication@2a669b98
----------------- Done invoking toplevel() on ptolemy.moml.MoMLSimpleApplication@2a669b98
reloadAllAccessors: .Timeout4

===========================================================================================
----------------- testing Mon Jul 15 16:50:03 UTC 2019 /home/travis/build/icyphy/ptII/ptolemy/domains/modal/test/auto/TransientstateModelAdvanced.xml
----------------- Instantiating /home/travis/build/icyphy/ptII/ptolemy/domains/modal/test/auto/TransientstateModelAdvanced.xml
3 ms. Memory: 278528K Free: 146432K (53%)
----------------- Invoking toplevel() on ptolemy.moml.MoMLSimpleApplication@16eac5e6
----------------- Done invoking toplevel() on ptolemy.moml.MoMLSimpleApplication@16eac5e6
reloadAllAccessors: .TransientstateModelAdvanced

===========================================================================================
----------------- testing Mon Jul 15 16:50:03 UTC 2019 /home/travis/build/icyphy/ptII/ptolemy/domains/modal/test/auto/TransientstateModelAdvanced2.xml
----------------- Instantiating /home/travis/build/icyphy/ptII/ptolemy/domains/modal/test/auto/TransientstateModelAdvanced2.xml
3 ms. Memory: 278528K Free: 132096K (47%)
----------------- Invoking toplevel() on ptolemy.moml.MoMLSimpleApplication@4e88a544
----------------- Done invoking toplevel() on ptolemy.moml.MoMLSimpleApplication@4e88a544
reloadAllAccessors: .transientstatemodelAdvanced

===========================================================================================
----------------- testing Mon Jul 15 16:50:03 UTC 2019 /home/travis/build/icyphy/ptII/ptolemy/domains/modal/test/auto/TransitionRefinements.xml
----------------- Instantiating /home/travis/build/icyphy/ptII/ptolemy/domains/modal/test/auto/TransitionRefinements.xml
6 ms. Memory: 278528K Free: 122351K (44%)
----------------- Invoking toplevel() on ptolemy.moml.MoMLSimpleApplication@5ea117a7
----------------- Done invoking toplevel() on ptolemy.moml.MoMLSimpleApplication@5ea117a7
reloadAllAccessors: .TransitionRefinements

===========================================================================================
----------------- testing Mon Jul 15 16:50:03 UTC 2019 /home/travis/build/icyphy/ptII/ptolemy/domains/modal/test/auto/TwoRefinements1.xml
----------------- Instantiating /home/travis/build/icyphy/ptII/ptolemy/domains/modal/test/auto/TwoRefinements1.xml
3 ms. Memory: 278528K Free: 112126K (40%)
----------------- Invoking toplevel() on ptolemy.moml.MoMLSimpleApplication@333ccbdc
----------------- Done invoking toplevel() on ptolemy.moml.MoMLSimpleApplication@333ccbdc
reloadAllAccessors: .TwoRefinements1

===========================================================================================
----------------- testing Mon Jul 15 16:50:03 UTC 2019 /home/travis/build/icyphy/ptII/ptolemy/domains/modal/test/auto/TwoRefinements2.xml
----------------- Instantiating /home/travis/build/icyphy/ptII/ptolemy/domains/modal/test/auto/TwoRefinements2.xml
2 ms. Memory: 278528K Free: 101886K (37%)
----------------- Invoking toplevel() on ptolemy.moml.MoMLSimpleApplication@50ca6553
----------------- Done invoking toplevel() on ptolemy.moml.MoMLSimpleApplication@50ca6553
reloadAllAccessors: .TwoRefinements2

===========================================================================================
----------------- testing Mon Jul 15 16:50:03 UTC 2019 /home/travis/build/icyphy/ptII/ptolemy/domains/modal/test/auto/WeakImmediateTransition.xml
----------------- Instantiating /home/travis/build/icyphy/ptII/ptolemy/domains/modal/test/auto/WeakImmediateTransition.xml
3 ms. Memory: 348160K Free: 326786K (94%)
----------------- Invoking toplevel() on ptolemy.moml.MoMLSimpleApplication@7a3d438c
----------------- Done invoking toplevel() on ptolemy.moml.MoMLSimpleApplication@7a3d438c
reloadAllAccessors: .WeakImmediateTransition

===========================================================================================
----------------- testing Mon Jul 15 16:50:03 UTC 2019 /home/travis/build/icyphy/ptII/ptolemy/domains/modal/test/auto/booleanSelect.xml
----------------- Instantiating /home/travis/build/icyphy/ptII/ptolemy/domains/modal/test/auto/booleanSelect.xml
34 ms. Memory: 348160K Free: 308354K (89%)
----------------- Invoking toplevel() on ptolemy.moml.MoMLSimpleApplication@771a155a
----------------- Done invoking toplevel() on ptolemy.moml.MoMLSimpleApplication@771a155a
reloadAllAccessors: .booleanSelect

===========================================================================================
----------------- testing Mon Jul 15 16:50:03 UTC 2019 /home/travis/build/icyphy/ptII/ptolemy/domains/modal/test/auto/modalChangingParams.xml
----------------- Instantiating /home/travis/build/icyphy/ptII/ptolemy/domains/modal/test/auto/modalChangingParams.xml
0
1
0
2
4
6
8
7
0
2
4
6
8
13
0
2
4
6
8
19
0
2
4
6
8
25
0
2
4
6
8
31
0
2
4
6
8
37
0
2
4
6
8
43
0
2
4
6
8
49
0
2
4
6
8
55
0
2
4
6
8
61
0
2
4
6
8
67
0
2
4
6
8
73
0
2
4
6
8
79
0
2
4
6
8
85
0
2
4
6
8
91
0
2
4
6
8
97
0
2
4
6
8
103
0
2
4
6
8
109
0
2
4
6
8
115
0
2
4
6
8
121
0
2
4
6
8
127
0
2
4
6
8
133
0
2
4
6
8
139
0
2
4
6
8
145
0
2
4
6
8
151
0
2
4
6
8
157
0
2
4
6
8
163
0
2
4
6
8
169
0
2
4
6
8
175
0
2
4
6
8
181
0
2
4
6
8
187
0
2
4
6
8
193
0
2
4
6
8
199
0
2
4
6
8
205
0
2
4
6
8
211
0
2
4
6
8
217
0
2
4
6
8
223
0
2
4
6
8
229
0
2
4
6
8
235
0
2
4
6
8
241
0
2
4
6
8
247
0
2
4
6
8
253
0
2
4
6
8
259
0
2
4
6
8
265
0
2
4
6
8
271
0
2
4
6
8
277
0
2
4
6
8
283
0
2
4
6
8
289
0
2
4
6
8
295
0
2
4
6
8
301
0
2
4
6
8
307
0
2
4
6
8
313
0
2
4
6
8
319
0
2
4
6
8
325
0
2
4
6
8
331
0
2
4
6
8
337
0
2
4
6
8
343
0
2
4
6
8
349
0
2
4
6
8
355
0
2
4
6
8
361
0
2
4
6
8
367
0
2
4
6
8
373
0
2
4
6
8
379
0
2
4
6
8
385
0
2
4
6
8
391
0
2
4
6
8
397
0
2
4
6
8
403
0
2
4
6
8
409
0
2
4
6
8
415
0
2
4
6
8
421
0
2
4
6
8
427
0
2
4
6
8
433
0
2
4
6
8
439
0
2
4
6
8
445
0
2
4
6
8
451
0
2
4
6
8
457
0
2
4
6
8
463
0
2
4
6
8
469
0
2
4
6
8
475
0
2
4
6
8
481
0
2
4
6
8
487
0
2
4
6
8
493
0
2
4
6
8
499
0
2
4
6
8
505
0
2
4
6
8
511
0
2
4
6
8
517
0
2
4
6
8
523
0
2
4
6
8
529
0
2
4
6
8
535
0
2
4
6
8
541
0
2
4
6
8
547
0
2
4
6
8
553
0
2
4
6
8
559
0
2
4
6
8
565
0
2
4
6
8
571
0
2
4
6
8
577
0
2
4
6
8
583
0
2
4
6
8
589
0
2
4
6
8
595
0
2
4
6
8
601
0
2
4
6
8
607
0
2
4
6
8
613
0
2
4
6
8
619
0
2
4
6
8
625
0
2
4
6
8
631
0
2
4
6
8
637
0
2
4
6
8
643
0
2
4
6
8
649
0
2
4
6
8
655
0
2
4
6
8
661
0
2
4
6
8
667
0
2
4
6
8
673
0
2
4
6
8
679
0
2
4
6
8
685
0
2
4
6
8
691
0
2
4
6
8
697
0
2
4
6
8
703
0
2
4
6
8
709
0
2
4
6
8
715
0
2
4
6
8
721
0
2
4
6
8
727
0
2
4
6
8
733
0
2
4
6
8
739
0
2
4
6
8
745
0
2
4
6
8
751
0
2
4
6
8
757
0
2
4
6
8
763
0
2
4
6
8
769
0
2
4
6
8
775
0
2
4
6
8
781
0
2
4
6
8
787
0
2
4
6
8
793
0
2
4
6
8
799
0
2
4
6
8
805
0
2
4
6
8
811
0
2
4
6
8
817
0
2
4
6
8
823
0
2
4
6
8
829
0
2
4
6
8
835
0
2
4
6
8
841
0
2
4
6
8
847
0
2
4
6
8
853
0
2
4
6
8
859
0
2
4
6
8
865
0
2
4
6
8
871
0
2
4
6
8
877
0
2
4
6
8
883
0
2
4
6
8
889
0
2
4
6
8
895
0
2
4
6
8
901
0
2
4
6
8
907
0
2
4
6
8
913
0
2
4
6
8
919
0
2
4
6
8
925
0
2
4
6
8
931
0
2
4
6
8
937
0
2
4
6
8
943
0
2
4
6
8
949
0
2
4
6
8
955
0
2
4
6
8
961
0
2
4
6
8
967
0
2
4
6
8
973
0
2
4
6
8
979
0
2
4
6
8
985
0
2
4
6
8
991
0
2
4
6
8
997
0
2
333 ms. Memory: 348160K Free: 193666K (56%)
----------------- Invoking toplevel() on ptolemy.moml.MoMLSimpleApplication@9d70549
----------------- Done invoking toplevel() on ptolemy.moml.MoMLSimpleApplication@9d70549
reloadAllAccessors: .modalChangingParams

===========================================================================================
----------------- testing Mon Jul 15 16:50:04 UTC 2019 /home/travis/build/icyphy/ptII/ptolemy/domains/modal/test/auto/modalModel.xml
----------------- Instantiating /home/travis/build/icyphy/ptII/ptolemy/domains/modal/test/auto/modalModel.xml
5 ms. Memory: 348160K Free: 184960K (53%)
----------------- Invoking toplevel() on ptolemy.moml.MoMLSimpleApplication@3794896c
----------------- Done invoking toplevel() on ptolemy.moml.MoMLSimpleApplication@3794896c
reloadAllAccessors: .modalModel

===========================================================================================
----------------- testing Mon Jul 15 16:50:04 UTC 2019 /home/travis/build/icyphy/ptII/ptolemy/domains/modal/test/auto/modalModel2.xml
----------------- Instantiating /home/travis/build/icyphy/ptII/ptolemy/domains/modal/test/auto/modalModel2.xml
9 ms. Memory: 348160K Free: 174210K (50%)
----------------- Invoking toplevel() on ptolemy.moml.MoMLSimpleApplication@74310ffe
----------------- Done invoking toplevel() on ptolemy.moml.MoMLSimpleApplication@74310ffe
reloadAllAccessors: .modalModel2

===========================================================================================
----------------- testing Mon Jul 15 16:50:04 UTC 2019 /home/travis/build/icyphy/ptII/ptolemy/domains/modal/test/auto/modalModel3.xml
----------------- Instantiating /home/travis/build/icyphy/ptII/ptolemy/domains/modal/test/auto/modalModel3.xml
0	0	0
3	2	1
6	4	2
9	6	3
4	0	4
7	2	5
10	4	6
13	6	7
8	0	8
11	2	9
14	4	10
17	6	11
12	0	12
15	2	13
18	4	14
19 ms. Memory: 348160K Free: 159354K (46%)
----------------- Invoking toplevel() on ptolemy.moml.MoMLSimpleApplication@b5c32f6
----------------- Done invoking toplevel() on ptolemy.moml.MoMLSimpleApplication@b5c32f6
reloadAllAccessors: .modalModel3

===========================================================================================
----------------- testing Mon Jul 15 16:50:04 UTC 2019 /home/travis/build/icyphy/ptII/ptolemy/domains/modal/test/auto/model1.xml
----------------- Instantiating /home/travis/build/icyphy/ptII/ptolemy/domains/modal/test/auto/model1.xml
12 ms. Memory: 348160K Free: 153730K (44%)
----------------- Invoking toplevel() on ptolemy.moml.MoMLSimpleApplication@1e81b3d7
----------------- Done invoking toplevel() on ptolemy.moml.MoMLSimpleApplication@1e81b3d7
reloadAllAccessors: .model1

===========================================================================================
----------------- testing Mon Jul 15 16:50:04 UTC 2019 /home/travis/build/icyphy/ptII/ptolemy/domains/modal/test/auto/test-direct-in-out.xml
----------------- Instantiating /home/travis/build/icyphy/ptII/ptolemy/domains/modal/test/auto/test-direct-in-out.xml
4 ms. Memory: 348160K Free: 146032K (42%)
----------------- Invoking toplevel() on ptolemy.moml.MoMLSimpleApplication@71669329
----------------- Done invoking toplevel() on ptolemy.moml.MoMLSimpleApplication@71669329
reloadAllAccessors: .test-direct-in-out
AutoTests.java: About to close Vertx.
AutoTests.java: Vertx closed.
]]></system-out>
  <system-err><![CDATA[java.lang.RuntimeException: Execution failed
	at ptolemy.moml.MoMLSimpleApplication$UnloadThread.run(MoMLSimpleApplication.java:402)
Caused by: ptolemy.kernel.util.IllegalActionException: Unknown inputs remain. Possible causality loop:
L_model_1893289564i

  in .CannotAnalysisWithPreemption.model_1893289564_region_1 and .CannotAnalysisWithPreemption.model_1893289564_region_1.L_model_1893289564i
	at ptolemy.actor.sched.FixedPointDirector.postfire(FixedPointDirector.java:515)
	at ptolemy.domains.sr.kernel.SRDirector.postfire(SRDirector.java:417)
	at ptolemy.actor.CompositeActor.postfire(CompositeActor.java:1668)
	at ptolemy.actor.Manager.iterate(Manager.java:852)
	at ptolemy.actor.Manager.execute(Manager.java:369)
	at ptolemy.actor.Manager.run(Manager.java:1263)
	at ptolemy.actor.Manager$PtolemyRunThread.run(Manager.java:1915)
java.lang.reflect.InvocationTargetException
	at java.base/jdk.internal.reflect.NativeConstructorAccessorImpl.newInstance0(Native Method)
	at java.base/jdk.internal.reflect.NativeConstructorAccessorImpl.newInstance(NativeConstructorAccessorImpl.java:62)
	at java.base/jdk.internal.reflect.DelegatingConstructorAccessorImpl.newInstance(DelegatingConstructorAccessorImpl.java:45)
	at java.base/java.lang.reflect.Constructor.newInstance(Constructor.java:490)
	at ptolemy.util.test.junit.AutoKnownFailedTests.RunModel(AutoKnownFailedTests.java:105)
	at java.base/jdk.internal.reflect.NativeMethodAccessorImpl.invoke0(Native Method)
	at java.base/jdk.internal.reflect.NativeMethodAccessorImpl.invoke(NativeMethodAccessorImpl.java:62)
	at java.base/jdk.internal.reflect.DelegatingMethodAccessorImpl.invoke(DelegatingMethodAccessorImpl.java:43)
	at java.base/java.lang.reflect.Method.invoke(Method.java:566)
	at org.junit.runners.model.FrameworkMethod$1.runReflectiveCall(FrameworkMethod.java:44)
	at org.junit.internal.runners.model.ReflectiveCallable.run(ReflectiveCallable.java:15)
	at org.junit.runners.model.FrameworkMethod.invokeExplosively(FrameworkMethod.java:41)
	at junitparams.internal.InvokeParameterisedMethod.evaluate(InvokeParameterisedMethod.java:102)
	at org.junit.internal.runners.statements.FailOnTimeout$1.run(FailOnTimeout.java:28)
Caused by: ptolemy.kernel.util.IllegalActionException: Unknown inputs remain. Possible causality loop:
L_model_1893289564i

  in .CannotAnalysisWithPreemption.model_1893289564_region_1 and .CannotAnalysisWithPreemption.model_1893289564_region_1.L_model_1893289564i
	at ptolemy.actor.sched.FixedPointDirector.postfire(FixedPointDirector.java:515)
	at ptolemy.domains.sr.kernel.SRDirector.postfire(SRDirector.java:417)
	at ptolemy.actor.CompositeActor.postfire(CompositeActor.java:1668)
	at ptolemy.actor.Manager.iterate(Manager.java:852)
	at ptolemy.actor.Manager.execute(Manager.java:369)
	at ptolemy.actor.Manager.run(Manager.java:1263)
	at ptolemy.actor.Manager$PtolemyRunThread.run(Manager.java:1915)
]]></system-err>
</testsuite>
