<?xml version="1.0" encoding="UTF-8" ?>
<testsuite errors="0" failures="0" hostname="travis-job-8209e06a-361e-4c24-815f-520a57525610" name="ptolemy.domains.hdf.kernel.test.junit.JUnitTclTest" skipped="0" tests="39" time="5.855" timestamp="2019-10-23T06:03:38">
  <properties>
[...]
</properties>
  <testcase classname="ptolemy.util.test.junit.TclTests" name="[0] /home/travis/build/icyphy/ptII/ptolemy/domains/hdf/kernel/test/RateErrorChecking.tcl (RunTclFile)" time="0.179" />
  <testcase classname="ptolemy.util.test.junit.AutoKnownFailedTests" name="[0] /home/travis/build/icyphy/ptII/ptolemy/domains/hdf/kernel/test/auto/knownFailedTests/badFSMRateChanges.xml (RunModel)" time="0.652" />
  <testcase classname="ptolemy.util.test.junit.AutoNameArchTests" name="[0] ThereAreNoAutoArchTests (RunModel)" time="0.007" />
  <testcase classname="ptolemy.util.test.junit.AutoTests" name="[0] /home/travis/build/icyphy/ptII/ptolemy/domains/hdf/kernel/test/auto/ConstVariableRateTest.xml (RunModel)" time="0.307" />
  <testcase classname="ptolemy.util.test.junit.AutoTests" name="[1] /home/travis/build/icyphy/ptII/ptolemy/domains/hdf/kernel/test/auto/DifferentRefinedRates.xml (RunModel)" time="0.149" />
  <testcase classname="ptolemy.util.test.junit.AutoTests" name="[2] /home/travis/build/icyphy/ptII/ptolemy/domains/hdf/kernel/test/auto/DifferentRefinedRates2.xml (RunModel)" time="0.153" />
  <testcase classname="ptolemy.util.test.junit.AutoTests" name="[3] /home/travis/build/icyphy/ptII/ptolemy/domains/hdf/kernel/test/auto/DifferentRefinedRates3.xml (RunModel)" time="0.164" />
  <testcase classname="ptolemy.util.test.junit.AutoTests" name="[4] /home/travis/build/icyphy/ptII/ptolemy/domains/hdf/kernel/test/auto/DifferentRefinedRates4.xml (RunModel)" time="0.173" />
  <testcase classname="ptolemy.util.test.junit.AutoTests" name="[5] /home/travis/build/icyphy/ptII/ptolemy/domains/hdf/kernel/test/auto/DifferentRefinedRates5.xml (RunModel)" time="0.08" />
  <testcase classname="ptolemy.util.test.junit.AutoTests" name="[6] /home/travis/build/icyphy/ptII/ptolemy/domains/hdf/kernel/test/auto/DifferentRefinedRates6.xml (RunModel)" time="0.063" />
  <testcase classname="ptolemy.util.test.junit.AutoTests" name="[7] /home/travis/build/icyphy/ptII/ptolemy/domains/hdf/kernel/test/auto/DownSample_PowerOfTwo.xml (RunModel)" time="0.237" />
  <testcase classname="ptolemy.util.test.junit.AutoTests" name="[8] /home/travis/build/icyphy/ptII/ptolemy/domains/hdf/kernel/test/auto/FibonacciWithNullInitial.xml (RunModel)" time="0.219" />
  <testcase classname="ptolemy.util.test.junit.AutoTests" name="[9] /home/travis/build/icyphy/ptII/ptolemy/domains/hdf/kernel/test/auto/FibonacciWithNullInitial1.xml (RunModel)" time="0.148" />
  <testcase classname="ptolemy.util.test.junit.AutoTests" name="[10] /home/travis/build/icyphy/ptII/ptolemy/domains/hdf/kernel/test/auto/FibonacciWithTransientStates.xml (RunModel)" time="0.137" />
  <testcase classname="ptolemy.util.test.junit.AutoTests" name="[11] /home/travis/build/icyphy/ptII/ptolemy/domains/hdf/kernel/test/auto/FibonacciWithTransientStates2.xml (RunModel)" time="0.067" />
  <testcase classname="ptolemy.util.test.junit.AutoTests" name="[12] /home/travis/build/icyphy/ptII/ptolemy/domains/hdf/kernel/test/auto/FibonacciWithoutHistoryInitial.xml (RunModel)" time="0.151" />
  <testcase classname="ptolemy.util.test.junit.AutoTests" name="[13] /home/travis/build/icyphy/ptII/ptolemy/domains/hdf/kernel/test/auto/GuardUsingPastTokens.xml (RunModel)" time="0.084" />
  <testcase classname="ptolemy.util.test.junit.AutoTests" name="[14] /home/travis/build/icyphy/ptII/ptolemy/domains/hdf/kernel/test/auto/GuardWithResets.xml (RunModel)" time="0.107" />
  <testcase classname="ptolemy.util.test.junit.AutoTests" name="[15] /home/travis/build/icyphy/ptII/ptolemy/domains/hdf/kernel/test/auto/Hierarchy_2Level_Test1.xml (RunModel)" time="0.086" />
  <testcase classname="ptolemy.util.test.junit.AutoTests" name="[16] /home/travis/build/icyphy/ptII/ptolemy/domains/hdf/kernel/test/auto/Hierarchy_2Level_Test2.xml (RunModel)" time="0.09" />
  <testcase classname="ptolemy.util.test.junit.AutoTests" name="[17] /home/travis/build/icyphy/ptII/ptolemy/domains/hdf/kernel/test/auto/Hysteresis.xml (RunModel)" time="0.057" />
  <testcase classname="ptolemy.util.test.junit.AutoTests" name="[18] /home/travis/build/icyphy/ptII/ptolemy/domains/hdf/kernel/test/auto/InitTransient.xml (RunModel)" time="0.101" />
  <testcase classname="ptolemy.util.test.junit.AutoTests" name="[19] /home/travis/build/icyphy/ptII/ptolemy/domains/hdf/kernel/test/auto/Merge.xml (RunModel)" time="0.083" />
  <testcase classname="ptolemy.util.test.junit.AutoTests" name="[20] /home/travis/build/icyphy/ptII/ptolemy/domains/hdf/kernel/test/auto/ModalModelBooleanSwitch.xml (RunModel)" time="0.098" />
  <testcase classname="ptolemy.util.test.junit.AutoTests" name="[21] /home/travis/build/icyphy/ptII/ptolemy/domains/hdf/kernel/test/auto/SameRates.xml (RunModel)" time="0.042" />
  <testcase classname="ptolemy.util.test.junit.AutoTests" name="[22] /home/travis/build/icyphy/ptII/ptolemy/domains/hdf/kernel/test/auto/SameRefinedRates.xml (RunModel)" time="0.047" />
  <testcase classname="ptolemy.util.test.junit.AutoTests" name="[23] /home/travis/build/icyphy/ptII/ptolemy/domains/hdf/kernel/test/auto/SameRefinedRates2.xml (RunModel)" time="0.048" />
  <testcase classname="ptolemy.util.test.junit.AutoTests" name="[24] /home/travis/build/icyphy/ptII/ptolemy/domains/hdf/kernel/test/auto/TransientStates.xml (RunModel)" time="0.061" />
  <testcase classname="ptolemy.util.test.junit.AutoTests" name="[25] /home/travis/build/icyphy/ptII/ptolemy/domains/hdf/kernel/test/auto/TwoHammingCodec.xml (RunModel)" time="0.101" />
  <testcase classname="ptolemy.util.test.junit.AutoTests" name="[26] /home/travis/build/icyphy/ptII/ptolemy/domains/hdf/kernel/test/auto/TwoHammingCodec1.xml (RunModel)" time="0.081" />
  <testcase classname="ptolemy.util.test.junit.AutoTests" name="[27] /home/travis/build/icyphy/ptII/ptolemy/domains/hdf/kernel/test/auto/TwoLevelHierarchy.xml (RunModel)" time="0.161" />
  <testcase classname="ptolemy.util.test.junit.AutoTests" name="[28] /home/travis/build/icyphy/ptII/ptolemy/domains/hdf/kernel/test/auto/TwoLevelHierarchy1.xml (RunModel)" time="0.176" />
  <testcase classname="ptolemy.util.test.junit.AutoTests" name="[29] /home/travis/build/icyphy/ptII/ptolemy/domains/hdf/kernel/test/auto/TwoLevelHierarchy2.xml (RunModel)" time="0.107" />
  <testcase classname="ptolemy.util.test.junit.AutoTests" name="[30] /home/travis/build/icyphy/ptII/ptolemy/domains/hdf/kernel/test/auto/TwoLevelHierarchyNullStates.xml (RunModel)" time="0.17" />
  <testcase classname="ptolemy.util.test.junit.AutoTests" name="[31] /home/travis/build/icyphy/ptII/ptolemy/domains/hdf/kernel/test/auto/TwoLevelHierarchyWithResets.xml (RunModel)" time="0.2" />
  <testcase classname="ptolemy.util.test.junit.AutoTests" name="[32] /home/travis/build/icyphy/ptII/ptolemy/domains/hdf/kernel/test/auto/TwoLevelHierarchyWithResetsNullStates.xml (RunModel)" time="0.156" />
  <testcase classname="ptolemy.util.test.junit.AutoTests" name="[33] /home/travis/build/icyphy/ptII/ptolemy/domains/hdf/kernel/test/auto/WaterTank_HDF.xml (RunModel)" time="0.089" />
  <testcase classname="ptolemy.util.test.junit.AutoTests" name="[34] /home/travis/build/icyphy/ptII/ptolemy/domains/hdf/kernel/test/auto/WaterTank_HDF2.xml (RunModel)" time="0.16" />
  <testcase classname="ptolemy.util.test.junit.AutoTests" name="[35] /home/travis/build/icyphy/ptII/ptolemy/domains/hdf/kernel/test/auto/badFSMRateChanges.xml (RunModel)" time="0.062" />
  <system-out><![CDATA[/home/travis/build/icyphy/ptII/ptolemy/domains/hdf/kernel/test/RateErrorChecking.tcl
testDefs.tcl: setting time out to 9000 seconds at Wed Oct 23 06:03:38 UTC 2019


==== $PTII/ptolemy/domains/hdf/kernel/test/RateErrorChecking.tcl: RateErrorChecking-1.0 
==== Contents of test case:

    catch {createAndExecute "badFSMRateChanges.xml"} foo
    list $foo

==== Result was:
{java.io.FileNotFoundException: /home/travis/build/icyphy/ptII/ptolemy/domains/hdf/kernel/test/badFSMRateChanges.xml (No such file or directory)}
---- KNOWN Failure, Result should have been:
{ptolemy.kernel.util.IllegalActionException: Failed to compute schedule:
  in .badFSMRateChanges.SDF Director
Because:
The SDF rate parameter may change. This is not allowed in SDF models that will be run through the code generator.  If you don't care about code generation, then you might consider setting the allowRateChanges parameter of the SDF director to false.
    in .badFSMRateChanges.typed composite actor.output.tokenProductionRate}
---- RateErrorChecking-1.0 Failed, but this is a KNOWN failure
10/23/19 06:03:38
Failed: 0  Total Tests: 1  ((Passed: 0, Newly Passed: 0)  Known Failed: 1) /home/travis/build/icyphy/ptII/ptolemy/domains/hdf/kernel/test
----------------- testing (KnownFailure) /home/travis/build/icyphy/ptII/ptolemy/domains/hdf/kernel/test/auto/knownFailedTests/badFSMRateChanges.xml
147 ms. Memory: 120832K Free: 70596K (58%)
No auto/linux-amd64/*.xml tests in /home/travis/build/icyphy/ptII/ptolemy/domains/hdf/kernel/test
AutoTests.java: About to close Vertx.
AutoTests.java: Vertx closed.

===========================================================================================
----------------- testing Wed Oct 23 06:03:39 UTC 2019 /home/travis/build/icyphy/ptII/ptolemy/domains/hdf/kernel/test/auto/ConstVariableRateTest.xml
----------------- Instantiating /home/travis/build/icyphy/ptII/ptolemy/domains/hdf/kernel/test/auto/ConstVariableRateTest.xml
108 ms. Memory: 120832K Free: 107360K (89%)
----------------- Invoking toplevel() on ptolemy.moml.MoMLSimpleApplication@7de32a39
----------------- Done invoking toplevel() on ptolemy.moml.MoMLSimpleApplication@7de32a39
reloadAllAccessors: .ConstVariableRateTest

===========================================================================================
----------------- testing Wed Oct 23 06:03:39 UTC 2019 /home/travis/build/icyphy/ptII/ptolemy/domains/hdf/kernel/test/auto/DifferentRefinedRates.xml
----------------- Instantiating /home/travis/build/icyphy/ptII/ptolemy/domains/hdf/kernel/test/auto/DifferentRefinedRates.xml
37 ms. Memory: 120832K Free: 93418K (77%)
----------------- Invoking toplevel() on ptolemy.moml.MoMLSimpleApplication@506157f1
----------------- Done invoking toplevel() on ptolemy.moml.MoMLSimpleApplication@506157f1
reloadAllAccessors: .DifferentRefinedRates

===========================================================================================
----------------- testing Wed Oct 23 06:03:39 UTC 2019 /home/travis/build/icyphy/ptII/ptolemy/domains/hdf/kernel/test/auto/DifferentRefinedRates2.xml
----------------- Instantiating /home/travis/build/icyphy/ptII/ptolemy/domains/hdf/kernel/test/auto/DifferentRefinedRates2.xml
69 ms. Memory: 120832K Free: 79601K (66%)
----------------- Invoking toplevel() on ptolemy.moml.MoMLSimpleApplication@67b3b646
----------------- Done invoking toplevel() on ptolemy.moml.MoMLSimpleApplication@67b3b646
reloadAllAccessors: .DifferentRefinedRates2

===========================================================================================
----------------- testing Wed Oct 23 06:03:40 UTC 2019 /home/travis/build/icyphy/ptII/ptolemy/domains/hdf/kernel/test/auto/DifferentRefinedRates3.xml
----------------- Instantiating /home/travis/build/icyphy/ptII/ptolemy/domains/hdf/kernel/test/auto/DifferentRefinedRates3.xml
58 ms. Memory: 120832K Free: 69117K (57%)
----------------- Invoking toplevel() on ptolemy.moml.MoMLSimpleApplication@5dbfdf5c
----------------- Done invoking toplevel() on ptolemy.moml.MoMLSimpleApplication@5dbfdf5c
reloadAllAccessors: .DifferentRefinedRates3

===========================================================================================
----------------- testing Wed Oct 23 06:03:40 UTC 2019 /home/travis/build/icyphy/ptII/ptolemy/domains/hdf/kernel/test/auto/DifferentRefinedRates4.xml
----------------- Instantiating /home/travis/build/icyphy/ptII/ptolemy/domains/hdf/kernel/test/auto/DifferentRefinedRates4.xml
55 ms. Memory: 120832K Free: 92336K (76%)
----------------- Invoking toplevel() on ptolemy.moml.MoMLSimpleApplication@2491bcc5
----------------- Done invoking toplevel() on ptolemy.moml.MoMLSimpleApplication@2491bcc5
reloadAllAccessors: .NewHDFtest1

===========================================================================================
----------------- testing Wed Oct 23 06:03:40 UTC 2019 /home/travis/build/icyphy/ptII/ptolemy/domains/hdf/kernel/test/auto/DifferentRefinedRates5.xml
----------------- Instantiating /home/travis/build/icyphy/ptII/ptolemy/domains/hdf/kernel/test/auto/DifferentRefinedRates5.xml
35 ms. Memory: 120832K Free: 77310K (64%)
----------------- Invoking toplevel() on ptolemy.moml.MoMLSimpleApplication@409feb88
----------------- Done invoking toplevel() on ptolemy.moml.MoMLSimpleApplication@409feb88
reloadAllAccessors: .NewHDFtest2

===========================================================================================
----------------- testing Wed Oct 23 06:03:40 UTC 2019 /home/travis/build/icyphy/ptII/ptolemy/domains/hdf/kernel/test/auto/DifferentRefinedRates6.xml
----------------- Instantiating /home/travis/build/icyphy/ptII/ptolemy/domains/hdf/kernel/test/auto/DifferentRefinedRates6.xml
20 ms. Memory: 120832K Free: 64672K (54%)
----------------- Invoking toplevel() on ptolemy.moml.MoMLSimpleApplication@161cd499
----------------- Done invoking toplevel() on ptolemy.moml.MoMLSimpleApplication@161cd499
reloadAllAccessors: .DifferentRefinedRates6

===========================================================================================
----------------- testing Wed Oct 23 06:03:40 UTC 2019 /home/travis/build/icyphy/ptII/ptolemy/domains/hdf/kernel/test/auto/DownSample_PowerOfTwo.xml
----------------- Instantiating /home/travis/build/icyphy/ptII/ptolemy/domains/hdf/kernel/test/auto/DownSample_PowerOfTwo.xml
185 ms. Memory: 120832K Free: 88829K (74%)
----------------- Invoking toplevel() on ptolemy.moml.MoMLSimpleApplication@5b5c8e62
----------------- Done invoking toplevel() on ptolemy.moml.MoMLSimpleApplication@5b5c8e62
reloadAllAccessors: .SDFDownSample

===========================================================================================
----------------- testing Wed Oct 23 06:03:40 UTC 2019 /home/travis/build/icyphy/ptII/ptolemy/domains/hdf/kernel/test/auto/FibonacciWithNullInitial.xml
----------------- Instantiating /home/travis/build/icyphy/ptII/ptolemy/domains/hdf/kernel/test/auto/FibonacciWithNullInitial.xml
162 ms. Memory: 120832K Free: 65098K (54%)
----------------- Invoking toplevel() on ptolemy.moml.MoMLSimpleApplication@a37e1c
----------------- Done invoking toplevel() on ptolemy.moml.MoMLSimpleApplication@a37e1c
reloadAllAccessors: .FibonacciWithNullInitial

===========================================================================================
----------------- testing Wed Oct 23 06:03:41 UTC 2019 /home/travis/build/icyphy/ptII/ptolemy/domains/hdf/kernel/test/auto/FibonacciWithNullInitial1.xml
----------------- Instantiating /home/travis/build/icyphy/ptII/ptolemy/domains/hdf/kernel/test/auto/FibonacciWithNullInitial1.xml
109 ms. Memory: 120832K Free: 99283K (82%)
----------------- Invoking toplevel() on ptolemy.moml.MoMLSimpleApplication@510566dc
----------------- Done invoking toplevel() on ptolemy.moml.MoMLSimpleApplication@510566dc
reloadAllAccessors: .FibonacciWithNullInitial1

===========================================================================================
----------------- testing Wed Oct 23 06:03:41 UTC 2019 /home/travis/build/icyphy/ptII/ptolemy/domains/hdf/kernel/test/auto/FibonacciWithTransientStates.xml
----------------- Instantiating /home/travis/build/icyphy/ptII/ptolemy/domains/hdf/kernel/test/auto/FibonacciWithTransientStates.xml
101 ms. Memory: 120832K Free: 70729K (59%)
----------------- Invoking toplevel() on ptolemy.moml.MoMLSimpleApplication@2dc8fdbb
----------------- Done invoking toplevel() on ptolemy.moml.MoMLSimpleApplication@2dc8fdbb
reloadAllAccessors: .FibonacciWithTransientStates

===========================================================================================
----------------- testing Wed Oct 23 06:03:41 UTC 2019 /home/travis/build/icyphy/ptII/ptolemy/domains/hdf/kernel/test/auto/FibonacciWithTransientStates2.xml
----------------- Instantiating /home/travis/build/icyphy/ptII/ptolemy/domains/hdf/kernel/test/auto/FibonacciWithTransientStates2.xml
29 ms. Memory: 120832K Free: 49249K (41%)
----------------- Invoking toplevel() on ptolemy.moml.MoMLSimpleApplication@6c68dc7b
----------------- Done invoking toplevel() on ptolemy.moml.MoMLSimpleApplication@6c68dc7b
reloadAllAccessors: .FibonacciWithTransientStates2

===========================================================================================
----------------- testing Wed Oct 23 06:03:41 UTC 2019 /home/travis/build/icyphy/ptII/ptolemy/domains/hdf/kernel/test/auto/FibonacciWithoutHistoryInitial.xml
----------------- Instantiating /home/travis/build/icyphy/ptII/ptolemy/domains/hdf/kernel/test/auto/FibonacciWithoutHistoryInitial.xml
110 ms. Memory: 120832K Free: 89597K (74%)
----------------- Invoking toplevel() on ptolemy.moml.MoMLSimpleApplication@2a08122f
----------------- Done invoking toplevel() on ptolemy.moml.MoMLSimpleApplication@2a08122f
reloadAllAccessors: .FibonacciWithoutHistoryInitial

===========================================================================================
----------------- testing Wed Oct 23 06:03:41 UTC 2019 /home/travis/build/icyphy/ptII/ptolemy/domains/hdf/kernel/test/auto/GuardUsingPastTokens.xml
----------------- Instantiating /home/travis/build/icyphy/ptII/ptolemy/domains/hdf/kernel/test/auto/GuardUsingPastTokens.xml
36 ms. Memory: 120832K Free: 75261K (62%)
----------------- Invoking toplevel() on ptolemy.moml.MoMLSimpleApplication@4ca12984
----------------- Done invoking toplevel() on ptolemy.moml.MoMLSimpleApplication@4ca12984
reloadAllAccessors: .GuardUsingPastTokens

===========================================================================================
----------------- testing Wed Oct 23 06:03:41 UTC 2019 /home/travis/build/icyphy/ptII/ptolemy/domains/hdf/kernel/test/auto/GuardWithResets.xml
----------------- Instantiating /home/travis/build/icyphy/ptII/ptolemy/domains/hdf/kernel/test/auto/GuardWithResets.xml
35 ms. Memory: 120832K Free: 58015K (48%)
----------------- Invoking toplevel() on ptolemy.moml.MoMLSimpleApplication@4648a425
----------------- Done invoking toplevel() on ptolemy.moml.MoMLSimpleApplication@4648a425
reloadAllAccessors: .GuardWithResets

===========================================================================================
----------------- testing Wed Oct 23 06:03:41 UTC 2019 /home/travis/build/icyphy/ptII/ptolemy/domains/hdf/kernel/test/auto/Hierarchy_2Level_Test1.xml
----------------- Instantiating /home/travis/build/icyphy/ptII/ptolemy/domains/hdf/kernel/test/auto/Hierarchy_2Level_Test1.xml
43 ms. Memory: 146432K Free: 130769K (89%)
----------------- Invoking toplevel() on ptolemy.moml.MoMLSimpleApplication@73fb0634
----------------- Done invoking toplevel() on ptolemy.moml.MoMLSimpleApplication@73fb0634
reloadAllAccessors: .Hierarchy_2Level_Test1

===========================================================================================
----------------- testing Wed Oct 23 06:03:41 UTC 2019 /home/travis/build/icyphy/ptII/ptolemy/domains/hdf/kernel/test/auto/Hierarchy_2Level_Test2.xml
----------------- Instantiating /home/travis/build/icyphy/ptII/ptolemy/domains/hdf/kernel/test/auto/Hierarchy_2Level_Test2.xml
34 ms. Memory: 146432K Free: 112570K (77%)
----------------- Invoking toplevel() on ptolemy.moml.MoMLSimpleApplication@6f7b8907
----------------- Done invoking toplevel() on ptolemy.moml.MoMLSimpleApplication@6f7b8907
reloadAllAccessors: .Hierarchy_4Level_Test2

===========================================================================================
----------------- testing Wed Oct 23 06:03:41 UTC 2019 /home/travis/build/icyphy/ptII/ptolemy/domains/hdf/kernel/test/auto/Hysteresis.xml
----------------- Instantiating /home/travis/build/icyphy/ptII/ptolemy/domains/hdf/kernel/test/auto/Hysteresis.xml
25 ms. Memory: 146432K Free: 101704K (69%)
----------------- Invoking toplevel() on ptolemy.moml.MoMLSimpleApplication@10e5aabd
----------------- Done invoking toplevel() on ptolemy.moml.MoMLSimpleApplication@10e5aabd
reloadAllAccessors: .Hysteresis

===========================================================================================
----------------- testing Wed Oct 23 06:03:42 UTC 2019 /home/travis/build/icyphy/ptII/ptolemy/domains/hdf/kernel/test/auto/InitTransient.xml
----------------- Instantiating /home/travis/build/icyphy/ptII/ptolemy/domains/hdf/kernel/test/auto/InitTransient.xml
34 ms. Memory: 146432K Free: 82508K (56%)
----------------- Invoking toplevel() on ptolemy.moml.MoMLSimpleApplication@2c043550
----------------- Done invoking toplevel() on ptolemy.moml.MoMLSimpleApplication@2c043550
reloadAllAccessors: .InitTransient

===========================================================================================
----------------- testing Wed Oct 23 06:03:42 UTC 2019 /home/travis/build/icyphy/ptII/ptolemy/domains/hdf/kernel/test/auto/Merge.xml
----------------- Instantiating /home/travis/build/icyphy/ptII/ptolemy/domains/hdf/kernel/test/auto/Merge.xml
31 ms. Memory: 146432K Free: 65488K (45%)
----------------- Invoking toplevel() on ptolemy.moml.MoMLSimpleApplication@2870432c
----------------- Done invoking toplevel() on ptolemy.moml.MoMLSimpleApplication@2870432c
reloadAllAccessors: .Merge

===========================================================================================
----------------- testing Wed Oct 23 06:03:42 UTC 2019 /home/travis/build/icyphy/ptII/ptolemy/domains/hdf/kernel/test/auto/ModalModelBooleanSwitch.xml
----------------- Instantiating /home/travis/build/icyphy/ptII/ptolemy/domains/hdf/kernel/test/auto/ModalModelBooleanSwitch.xml
24 ms. Memory: 146432K Free: 120984K (83%)
----------------- Invoking toplevel() on ptolemy.moml.MoMLSimpleApplication@791c23f3
----------------- Done invoking toplevel() on ptolemy.moml.MoMLSimpleApplication@791c23f3
reloadAllAccessors: .BooleanSwitchWithModel

===========================================================================================
----------------- testing Wed Oct 23 06:03:42 UTC 2019 /home/travis/build/icyphy/ptII/ptolemy/domains/hdf/kernel/test/auto/SameRates.xml
----------------- Instantiating /home/travis/build/icyphy/ptII/ptolemy/domains/hdf/kernel/test/auto/SameRates.xml
11 ms. Memory: 146432K Free: 108696K (74%)
----------------- Invoking toplevel() on ptolemy.moml.MoMLSimpleApplication@6e80c941
----------------- Done invoking toplevel() on ptolemy.moml.MoMLSimpleApplication@6e80c941
reloadAllAccessors: .SameRates

===========================================================================================
----------------- testing Wed Oct 23 06:03:42 UTC 2019 /home/travis/build/icyphy/ptII/ptolemy/domains/hdf/kernel/test/auto/SameRefinedRates.xml
----------------- Instantiating /home/travis/build/icyphy/ptII/ptolemy/domains/hdf/kernel/test/auto/SameRefinedRates.xml
16 ms. Memory: 146432K Free: 95384K (65%)
----------------- Invoking toplevel() on ptolemy.moml.MoMLSimpleApplication@24a6410c
----------------- Done invoking toplevel() on ptolemy.moml.MoMLSimpleApplication@24a6410c
reloadAllAccessors: .SameRefinedRates

===========================================================================================
----------------- testing Wed Oct 23 06:03:42 UTC 2019 /home/travis/build/icyphy/ptII/ptolemy/domains/hdf/kernel/test/auto/SameRefinedRates2.xml
----------------- Instantiating /home/travis/build/icyphy/ptII/ptolemy/domains/hdf/kernel/test/auto/SameRefinedRates2.xml
15 ms. Memory: 146432K Free: 81048K (55%)
----------------- Invoking toplevel() on ptolemy.moml.MoMLSimpleApplication@72df8cb1
----------------- Done invoking toplevel() on ptolemy.moml.MoMLSimpleApplication@72df8cb1
reloadAllAccessors: .SameRefinedRates2

===========================================================================================
----------------- testing Wed Oct 23 06:03:42 UTC 2019 /home/travis/build/icyphy/ptII/ptolemy/domains/hdf/kernel/test/auto/TransientStates.xml
----------------- Instantiating /home/travis/build/icyphy/ptII/ptolemy/domains/hdf/kernel/test/auto/TransientStates.xml
17 ms. Memory: 146432K Free: 62102K (42%)
----------------- Invoking toplevel() on ptolemy.moml.MoMLSimpleApplication@17a8b5f0
----------------- Done invoking toplevel() on ptolemy.moml.MoMLSimpleApplication@17a8b5f0
reloadAllAccessors: .TransientStates

===========================================================================================
----------------- testing Wed Oct 23 06:03:42 UTC 2019 /home/travis/build/icyphy/ptII/ptolemy/domains/hdf/kernel/test/auto/TwoHammingCodec.xml
----------------- Instantiating /home/travis/build/icyphy/ptII/ptolemy/domains/hdf/kernel/test/auto/TwoHammingCodec.xml
42 ms. Memory: 146432K Free: 127561K (87%)
----------------- Invoking toplevel() on ptolemy.moml.MoMLSimpleApplication@45cdbe64
----------------- Done invoking toplevel() on ptolemy.moml.MoMLSimpleApplication@45cdbe64
reloadAllAccessors: .TwoHammingCodec

===========================================================================================
----------------- testing Wed Oct 23 06:03:42 UTC 2019 /home/travis/build/icyphy/ptII/ptolemy/domains/hdf/kernel/test/auto/TwoHammingCodec1.xml
----------------- Instantiating /home/travis/build/icyphy/ptII/ptolemy/domains/hdf/kernel/test/auto/TwoHammingCodec1.xml
32 ms. Memory: 146432K Free: 103679K (71%)
----------------- Invoking toplevel() on ptolemy.moml.MoMLSimpleApplication@752c8997
----------------- Done invoking toplevel() on ptolemy.moml.MoMLSimpleApplication@752c8997
reloadAllAccessors: .twoHammingCodec1

===========================================================================================
----------------- testing Wed Oct 23 06:03:42 UTC 2019 /home/travis/build/icyphy/ptII/ptolemy/domains/hdf/kernel/test/auto/TwoLevelHierarchy.xml
----------------- Instantiating /home/travis/build/icyphy/ptII/ptolemy/domains/hdf/kernel/test/auto/TwoLevelHierarchy.xml
56 ms. Memory: 146432K Free: 61585K (42%)
----------------- Invoking toplevel() on ptolemy.moml.MoMLSimpleApplication@16d3aa1d
----------------- Done invoking toplevel() on ptolemy.moml.MoMLSimpleApplication@16d3aa1d
reloadAllAccessors: .TwoLevelHierarchy

===========================================================================================
----------------- testing Wed Oct 23 06:03:42 UTC 2019 /home/travis/build/icyphy/ptII/ptolemy/domains/hdf/kernel/test/auto/TwoLevelHierarchy1.xml
----------------- Instantiating /home/travis/build/icyphy/ptII/ptolemy/domains/hdf/kernel/test/auto/TwoLevelHierarchy1.xml
57 ms. Memory: 146432K Free: 103749K (71%)
----------------- Invoking toplevel() on ptolemy.moml.MoMLSimpleApplication@7c0226d3
----------------- Done invoking toplevel() on ptolemy.moml.MoMLSimpleApplication@7c0226d3
reloadAllAccessors: .TwoLevelHierarchy1

===========================================================================================
----------------- testing Wed Oct 23 06:03:43 UTC 2019 /home/travis/build/icyphy/ptII/ptolemy/domains/hdf/kernel/test/auto/TwoLevelHierarchy2.xml
----------------- Instantiating /home/travis/build/icyphy/ptII/ptolemy/domains/hdf/kernel/test/auto/TwoLevelHierarchy2.xml
37 ms. Memory: 146432K Free: 69461K (47%)
----------------- Invoking toplevel() on ptolemy.moml.MoMLSimpleApplication@632c1a7f
----------------- Done invoking toplevel() on ptolemy.moml.MoMLSimpleApplication@632c1a7f
reloadAllAccessors: .TwoLevelHierarchy2

===========================================================================================
----------------- testing Wed Oct 23 06:03:43 UTC 2019 /home/travis/build/icyphy/ptII/ptolemy/domains/hdf/kernel/test/auto/TwoLevelHierarchyNullStates.xml
----------------- Instantiating /home/travis/build/icyphy/ptII/ptolemy/domains/hdf/kernel/test/auto/TwoLevelHierarchyNullStates.xml
57 ms. Memory: 146432K Free: 104589K (71%)
----------------- Invoking toplevel() on ptolemy.moml.MoMLSimpleApplication@23143748
----------------- Done invoking toplevel() on ptolemy.moml.MoMLSimpleApplication@23143748
reloadAllAccessors: .TwoLevelHierarchyNullStates

===========================================================================================
----------------- testing Wed Oct 23 06:03:43 UTC 2019 /home/travis/build/icyphy/ptII/ptolemy/domains/hdf/kernel/test/auto/TwoLevelHierarchyWithResets.xml
----------------- Instantiating /home/travis/build/icyphy/ptII/ptolemy/domains/hdf/kernel/test/auto/TwoLevelHierarchyWithResets.xml
74 ms. Memory: 146432K Free: 60061K (41%)
----------------- Invoking toplevel() on ptolemy.moml.MoMLSimpleApplication@172516fe
----------------- Done invoking toplevel() on ptolemy.moml.MoMLSimpleApplication@172516fe
reloadAllAccessors: .TwoLevelHierarchy1

===========================================================================================
----------------- testing Wed Oct 23 06:03:43 UTC 2019 /home/travis/build/icyphy/ptII/ptolemy/domains/hdf/kernel/test/auto/TwoLevelHierarchyWithResetsNullStates.xml
----------------- Instantiating /home/travis/build/icyphy/ptII/ptolemy/domains/hdf/kernel/test/auto/TwoLevelHierarchyWithResetsNullStates.xml
56 ms. Memory: 146432K Free: 86197K (59%)
----------------- Invoking toplevel() on ptolemy.moml.MoMLSimpleApplication@b2a91bd
----------------- Done invoking toplevel() on ptolemy.moml.MoMLSimpleApplication@b2a91bd
reloadAllAccessors: .TwoLevelHierarchyWithResetsNullStates

===========================================================================================
----------------- testing Wed Oct 23 06:03:43 UTC 2019 /home/travis/build/icyphy/ptII/ptolemy/domains/hdf/kernel/test/auto/WaterTank_HDF.xml
----------------- Instantiating /home/travis/build/icyphy/ptII/ptolemy/domains/hdf/kernel/test/auto/WaterTank_HDF.xml
34 ms. Memory: 146432K Free: 58053K (40%)
----------------- Invoking toplevel() on ptolemy.moml.MoMLSimpleApplication@3dcf7d9d
----------------- Done invoking toplevel() on ptolemy.moml.MoMLSimpleApplication@3dcf7d9d
reloadAllAccessors: .WaterTank_HDF

===========================================================================================
----------------- testing Wed Oct 23 06:03:43 UTC 2019 /home/travis/build/icyphy/ptII/ptolemy/domains/hdf/kernel/test/auto/WaterTank_HDF2.xml
----------------- Instantiating /home/travis/build/icyphy/ptII/ptolemy/domains/hdf/kernel/test/auto/WaterTank_HDF2.xml
62 ms. Memory: 176128K Free: 141290K (80%)
----------------- Invoking toplevel() on ptolemy.moml.MoMLSimpleApplication@5cbdf855
----------------- Done invoking toplevel() on ptolemy.moml.MoMLSimpleApplication@5cbdf855
reloadAllAccessors: .WaterTank_HDF2

===========================================================================================
----------------- testing Wed Oct 23 06:03:43 UTC 2019 /home/travis/build/icyphy/ptII/ptolemy/domains/hdf/kernel/test/auto/badFSMRateChanges.xml
----------------- Instantiating /home/travis/build/icyphy/ptII/ptolemy/domains/hdf/kernel/test/auto/badFSMRateChanges.xml
16 ms. Memory: 176128K Free: 126954K (72%)
----------------- Invoking toplevel() on ptolemy.moml.MoMLSimpleApplication@588628e4
----------------- Done invoking toplevel() on ptolemy.moml.MoMLSimpleApplication@588628e4
reloadAllAccessors: .badFSMRateChanges
AutoTests.java: About to close Vertx.
AutoTests.java: Vertx closed.
]]></system-out>
  <system-err><![CDATA[]]></system-err>
</testsuite>
