<?xml version="1.0" encoding="UTF-8" ?>
<testsuite errors="0" failures="0" hostname="travis-job-17e955e5-2d76-424c-961c-cc4167484505" name="ptolemy.domains.pn.test.junit.JUnitTclTest" skipped="0" tests="43" time="6.679" timestamp="2019-03-23T03:52:18">
  <properties>
[...]
</properties>
  <testcase classname="ptolemy.util.test.junit.TclTests" name="[0] /home/travis/build/icyphy/ptII/ptolemy/domains/pn/test/PNDirector.tcl (RunTclFile)" time="0.458" />
  <testcase classname="ptolemy.util.test.junit.TclTests" name="[1] /home/travis/build/icyphy/ptII/ptolemy/domains/pn/test/TimedPNDirector.tcl (RunTclFile)" time="0.031" />
  <testcase classname="ptolemy.util.test.junit.AutoKnownFailedTests" name="[0] ThereAreNoKnowFailedTests (RunModel)" time="0.005" />
  <testcase classname="ptolemy.util.test.junit.AutoNameArchTests" name="[0] ThereAreNoAutoArchTests (RunModel)" time="0.002" />
  <testcase classname="ptolemy.util.test.junit.AutoTests" name="[0] /home/travis/build/icyphy/ptII/ptolemy/domains/pn/test/auto/Branching-switch-PN-ptolemy-2.xml (RunModel)" time="0.186" />
  <testcase classname="ptolemy.util.test.junit.AutoTests" name="[1] /home/travis/build/icyphy/ptII/ptolemy/domains/pn/test/auto/Branching-switch-PN-ptolemy.xml (RunModel)" time="0.149" />
  <testcase classname="ptolemy.util.test.junit.AutoTests" name="[2] /home/travis/build/icyphy/ptII/ptolemy/domains/pn/test/auto/BrockAckermanTest.xml (RunModel)" time="0.359" />
  <testcase classname="ptolemy.util.test.junit.AutoTests" name="[3] /home/travis/build/icyphy/ptII/ptolemy/domains/pn/test/auto/CounterMachine.xml (RunModel)" time="1.418" />
  <testcase classname="ptolemy.util.test.junit.AutoTests" name="[4] /home/travis/build/icyphy/ptII/ptolemy/domains/pn/test/auto/CounterMachine1.xml (RunModel)" time="1.266" />
  <testcase classname="ptolemy.util.test.junit.AutoTests" name="[5] /home/travis/build/icyphy/ptII/ptolemy/domains/pn/test/auto/CounterMachineWithException.xml (RunModel)" time="0.869" />
  <testcase classname="ptolemy.util.test.junit.AutoTests" name="[6] /home/travis/build/icyphy/ptII/ptolemy/domains/pn/test/auto/FinalState.xml (RunModel)" time="0.067" />
  <testcase classname="ptolemy.util.test.junit.AutoTests" name="[7] /home/travis/build/icyphy/ptII/ptolemy/domains/pn/test/auto/FourExpressions.xml (RunModel)" time="0.041" />
  <testcase classname="ptolemy.util.test.junit.AutoTests" name="[8] /home/travis/build/icyphy/ptII/ptolemy/domains/pn/test/auto/Identity.xml (RunModel)" time="0.075" />
  <testcase classname="ptolemy.util.test.junit.AutoTests" name="[9] /home/travis/build/icyphy/ptII/ptolemy/domains/pn/test/auto/IdentityWithFeedback.xml (RunModel)" time="0.029" />
  <testcase classname="ptolemy.util.test.junit.AutoTests" name="[10] /home/travis/build/icyphy/ptII/ptolemy/domains/pn/test/auto/NondeterministicMergeTest.xml (RunModel)" time="0.064" />
  <testcase classname="ptolemy.util.test.junit.AutoTests" name="[11] /home/travis/build/icyphy/ptII/ptolemy/domains/pn/test/auto/OrderedMerge.xml (RunModel)" time="0.2" />
  <testcase classname="ptolemy.util.test.junit.AutoTests" name="[12] /home/travis/build/icyphy/ptII/ptolemy/domains/pn/test/auto/PNAbstractReceiverTest.xml (RunModel)" time="0.025" />
  <testcase classname="ptolemy.util.test.junit.AutoTests" name="[13] /home/travis/build/icyphy/ptII/ptolemy/domains/pn/test/auto/QR.xml (RunModel)" time="0.077" />
  <testcase classname="ptolemy.util.test.junit.AutoTests" name="[14] /home/travis/build/icyphy/ptII/ptolemy/domains/pn/test/auto/RemoveNilTokens.xml (RunModel)" time="0.05" />
  <testcase classname="ptolemy.util.test.junit.AutoTests" name="[15] /home/travis/build/icyphy/ptII/ptolemy/domains/pn/test/auto/Stack.xml (RunModel)" time="0.126" />
  <testcase classname="ptolemy.util.test.junit.AutoTests" name="[16] /home/travis/build/icyphy/ptII/ptolemy/domains/pn/test/auto/TestRemoveNilTokens.xml (RunModel)" time="0.058" />
  <testcase classname="ptolemy.util.test.junit.AutoTests" name="[17] /home/travis/build/icyphy/ptII/ptolemy/domains/pn/test/auto/TestSeq2Array.xml (RunModel)" time="0.044" />
  <testcase classname="ptolemy.util.test.junit.AutoTests" name="[18] /home/travis/build/icyphy/ptII/ptolemy/domains/pn/test/auto/TrivialIdentity.xml (RunModel)" time="0.039" />
  <testcase classname="ptolemy.util.test.junit.AutoTests" name="[19] /home/travis/build/icyphy/ptII/ptolemy/domains/pn/test/auto/WidthInferenceTest1.xml (RunModel)" time="0.042" />
  <testcase classname="ptolemy.util.test.junit.AutoTests" name="[20] /home/travis/build/icyphy/ptII/ptolemy/domains/pn/test/auto/WidthInferenceTest2.xml (RunModel)" time="0.032" />
  <testcase classname="ptolemy.util.test.junit.AutoTests" name="[21] /home/travis/build/icyphy/ptII/ptolemy/domains/pn/test/auto/WidthInferenceTest3.xml (RunModel)" time="0.049" />
  <testcase classname="ptolemy.util.test.junit.AutoTests" name="[22] /home/travis/build/icyphy/ptII/ptolemy/domains/pn/test/auto/WidthInferenceTest4.xml (RunModel)" time="0.06" />
  <testcase classname="ptolemy.util.test.junit.AutoTests" name="[23] /home/travis/build/icyphy/ptII/ptolemy/domains/pn/test/auto/WidthInferenceTest5.xml (RunModel)" time="0.063" />
  <testcase classname="ptolemy.util.test.junit.AutoTests" name="[24] /home/travis/build/icyphy/ptII/ptolemy/domains/pn/test/auto/controlled_kahnnet.xml (RunModel)" time="0.036" />
  <testcase classname="ptolemy.util.test.junit.AutoTests" name="[25] /home/travis/build/icyphy/ptII/ptolemy/domains/pn/test/auto/demandDriven.xml (RunModel)" time="0.013" />
  <testcase classname="ptolemy.util.test.junit.AutoTests" name="[26] /home/travis/build/icyphy/ptII/ptolemy/domains/pn/test/auto/feedback.xml (RunModel)" time="0.015" />
  <testcase classname="ptolemy.util.test.junit.AutoTests" name="[27] /home/travis/build/icyphy/ptII/ptolemy/domains/pn/test/auto/helloWorld.xml (RunModel)" time="0.022" />
  <testcase classname="ptolemy.util.test.junit.AutoTests" name="[28] /home/travis/build/icyphy/ptII/ptolemy/domains/pn/test/auto/helloWorld2.xml (RunModel)" time="0.025" />
  <testcase classname="ptolemy.util.test.junit.AutoTests" name="[29] /home/travis/build/icyphy/ptII/ptolemy/domains/pn/test/auto/noOutput.xml (RunModel)" time="0.036" />
  <testcase classname="ptolemy.util.test.junit.AutoTests" name="[30] /home/travis/build/icyphy/ptII/ptolemy/domains/pn/test/auto/relationGroup.xml (RunModel)" time="0.027" />
  <testcase classname="ptolemy.util.test.junit.AutoTests" name="[31] /home/travis/build/icyphy/ptII/ptolemy/domains/pn/test/auto/relationGroup2.xml (RunModel)" time="0.024" />
  <testcase classname="ptolemy.util.test.junit.AutoTests" name="[32] /home/travis/build/icyphy/ptII/ptolemy/domains/pn/test/auto/relationGroup3.xml (RunModel)" time="0.024" />
  <testcase classname="ptolemy.util.test.junit.AutoTests" name="[33] /home/travis/build/icyphy/ptII/ptolemy/domains/pn/test/auto/relationGroup4.xml (RunModel)" time="0.022" />
  <testcase classname="ptolemy.util.test.junit.AutoTests" name="[34] /home/travis/build/icyphy/ptII/ptolemy/domains/pn/test/auto/relationGroup5.xml (RunModel)" time="0.018" />
  <testcase classname="ptolemy.util.test.junit.AutoTests" name="[35] /home/travis/build/icyphy/ptII/ptolemy/domains/pn/test/auto/relationGroup6.xml (RunModel)" time="0.025" />
  <testcase classname="ptolemy.util.test.junit.AutoTests" name="[36] /home/travis/build/icyphy/ptII/ptolemy/domains/pn/test/auto/relationGroup7.xml (RunModel)" time="0.024" />
  <testcase classname="ptolemy.util.test.junit.AutoTests" name="[37] /home/travis/build/icyphy/ptII/ptolemy/domains/pn/test/auto/relationGroup8.xml (RunModel)" time="0.022" />
  <testcase classname="ptolemy.util.test.junit.AutoTests" name="[38] /home/travis/build/icyphy/ptII/ptolemy/domains/pn/test/auto/widthTest.xml (RunModel)" time="0.043" />
  <system-out><![CDATA[/home/travis/build/icyphy/ptII/ptolemy/domains/pn/test/PNDirector.tcl
testDefs.tcl: setting time out to 9000 seconds at Sat Mar 23 03:52:18 UTC 2019
64 ms. Memory: 116224K Free: 88979K (77%)
10 ms. Memory: 116224K Free: 109525K (94%)
/home/travis/build/icyphy/ptII/ptolemy/domains/pn/test/TimedPNDirector.tcl


==== $PTII/ptolemy/domains/pn/test/TimedPNDirector.tcl: TimedPNDirector-6.1 Test an application
==== Contents of test case:


    set e0 [java::new ptolemy.actor.TypedCompositeActor]
    set manager [java::new ptolemy.actor.Manager]
    set director [java::new ptolemy.domains.pn.kernel.TimedPNDirector]
    $e0 setDirector $director
    $e0 setName top
    $e0 setManager $manager

    # FIXME: why doesn't the getParameter option work.
    set ramp [java::new ptolemy.actor.lib.Ramp $e0 ramp]
    set param [java::cast ptolemy.data.expr.Parameter  [$ramp getAttribute  firingCountLimit]]
    $param setExpression 20

    set rec [java::new ptolemy.actor.lib.Recorder $e0 rec]
    $e0 connect  [java::field [java::cast ptolemy.actor.lib.Source $ramp] output]  [java::field [java::cast ptolemy.actor.lib.Sink $rec] input]

    error "Running this test sometimes causes an endless loop" 

#    [$e0 getManager] execute
#    enumToTokenValues [$rec getRecord 0]


.... Test generated KNOWN error:
Running this test sometimes causes an endless loop
    while executing
"error "Running this test sometimes causes an endless loop" "
    ("uplevel" body line 18)
    invoked from within
"uplevel $contents_of_test"
03/23/19 03:52:19
Failed: 0  Total Tests: 3  ((Passed: 2, Newly Passed: 0)  Known Failed: 1) /home/travis/build/icyphy/ptII/ptolemy/domains/pn/test
No auto/knownFailedTests/*.xml tests in /home/travis/build/icyphy/ptII/ptolemy/domains/pn/test
No auto/linux-amd64/*.xml tests in /home/travis/build/icyphy/ptII/ptolemy/domains/pn/test
AutoTests.java: About to close Vertx.
AutoTests.java: Vertx closed.

===========================================================================================
----------------- testing Sat Mar 23 03:52:19 UTC 2019 /home/travis/build/icyphy/ptII/ptolemy/domains/pn/test/auto/Branching-switch-PN-ptolemy-2.xml
----------------- Instantiating /home/travis/build/icyphy/ptII/ptolemy/domains/pn/test/auto/Branching-switch-PN-ptolemy-2.xml
50 ms. Memory: 146944K Free: 134638K (92%)
----------------- Invoking toplevel() on ptolemy.moml.MoMLSimpleApplication@745520d7
----------------- Done invoking toplevel() on ptolemy.moml.MoMLSimpleApplication@745520d7
reloadAllAccessors: .Branching-switch-PN-ptolemy-2

===========================================================================================
----------------- testing Sat Mar 23 03:52:19 UTC 2019 /home/travis/build/icyphy/ptII/ptolemy/domains/pn/test/auto/Branching-switch-PN-ptolemy.xml
----------------- Instantiating /home/travis/build/icyphy/ptII/ptolemy/domains/pn/test/auto/Branching-switch-PN-ptolemy.xml
52 ms. Memory: 146944K Free: 121204K (82%)
----------------- Invoking toplevel() on ptolemy.moml.MoMLSimpleApplication@6f593788
----------------- Done invoking toplevel() on ptolemy.moml.MoMLSimpleApplication@6f593788
reloadAllAccessors: .Branching-switch-PN-ptolemy

===========================================================================================
----------------- testing Sat Mar 23 03:52:19 UTC 2019 /home/travis/build/icyphy/ptII/ptolemy/domains/pn/test/auto/BrockAckermanTest.xml
----------------- Instantiating /home/travis/build/icyphy/ptII/ptolemy/domains/pn/test/auto/BrockAckermanTest.xml
246 ms. Memory: 146944K Free: 100787K (69%)
----------------- Invoking toplevel() on ptolemy.moml.MoMLSimpleApplication@29d2c532
----------------- Done invoking toplevel() on ptolemy.moml.MoMLSimpleApplication@29d2c532
reloadAllAccessors: .BrockAckermanTest

===========================================================================================
----------------- testing Sat Mar 23 03:52:20 UTC 2019 /home/travis/build/icyphy/ptII/ptolemy/domains/pn/test/auto/CounterMachine.xml
----------------- Instantiating /home/travis/build/icyphy/ptII/ptolemy/domains/pn/test/auto/CounterMachine.xml
888 ms. Memory: 208384K Free: 151864K (73%)
----------------- Invoking toplevel() on ptolemy.moml.MoMLSimpleApplication@3d0609c9
----------------- Done invoking toplevel() on ptolemy.moml.MoMLSimpleApplication@3d0609c9
reloadAllAccessors: .CounterMachine

===========================================================================================
----------------- testing Sat Mar 23 03:52:21 UTC 2019 /home/travis/build/icyphy/ptII/ptolemy/domains/pn/test/auto/CounterMachine1.xml
----------------- Instantiating /home/travis/build/icyphy/ptII/ptolemy/domains/pn/test/auto/CounterMachine1.xml
919 ms. Memory: 331264K Free: 249106K (75%)
----------------- Invoking toplevel() on ptolemy.moml.MoMLSimpleApplication@78510661
----------------- Done invoking toplevel() on ptolemy.moml.MoMLSimpleApplication@78510661
reloadAllAccessors: .CounterMachine1

===========================================================================================
----------------- testing Sat Mar 23 03:52:22 UTC 2019 /home/travis/build/icyphy/ptII/ptolemy/domains/pn/test/auto/CounterMachineWithException.xml
----------------- Instantiating /home/travis/build/icyphy/ptII/ptolemy/domains/pn/test/auto/CounterMachineWithException.xml
491 ms. Memory: 331264K Free: 113740K (34%)
----------------- Invoking toplevel() on ptolemy.moml.MoMLSimpleApplication@592b3fe8
----------------- Done invoking toplevel() on ptolemy.moml.MoMLSimpleApplication@592b3fe8
reloadAllAccessors: .CounterMachineWithException

===========================================================================================
----------------- testing Sat Mar 23 03:52:23 UTC 2019 /home/travis/build/icyphy/ptII/ptolemy/domains/pn/test/auto/FinalState.xml
----------------- Instantiating /home/travis/build/icyphy/ptII/ptolemy/domains/pn/test/auto/FinalState.xml
12 ms. Memory: 331264K Free: 107444K (32%)
----------------- Invoking toplevel() on ptolemy.moml.MoMLSimpleApplication@6b46d7d7
----------------- Done invoking toplevel() on ptolemy.moml.MoMLSimpleApplication@6b46d7d7
reloadAllAccessors: .FinalState

===========================================================================================
----------------- testing Sat Mar 23 03:52:23 UTC 2019 /home/travis/build/icyphy/ptII/ptolemy/domains/pn/test/auto/FourExpressions.xml
----------------- Instantiating /home/travis/build/icyphy/ptII/ptolemy/domains/pn/test/auto/FourExpressions.xml
23 ms. Memory: 331264K Free: 99858K (30%)
----------------- Invoking toplevel() on ptolemy.moml.MoMLSimpleApplication@39c35d91
----------------- Done invoking toplevel() on ptolemy.moml.MoMLSimpleApplication@39c35d91
reloadAllAccessors: .FourExpressions

===========================================================================================
----------------- testing Sat Mar 23 03:52:23 UTC 2019 /home/travis/build/icyphy/ptII/ptolemy/domains/pn/test/auto/Identity.xml
----------------- Instantiating /home/travis/build/icyphy/ptII/ptolemy/domains/pn/test/auto/Identity.xml
19 ms. Memory: 331264K Free: 94006K (28%)
----------------- Invoking toplevel() on ptolemy.moml.MoMLSimpleApplication@674c6b28
----------------- Done invoking toplevel() on ptolemy.moml.MoMLSimpleApplication@674c6b28
reloadAllAccessors: .Identity

===========================================================================================
----------------- testing Sat Mar 23 03:52:23 UTC 2019 /home/travis/build/icyphy/ptII/ptolemy/domains/pn/test/auto/IdentityWithFeedback.xml
----------------- Instantiating /home/travis/build/icyphy/ptII/ptolemy/domains/pn/test/auto/IdentityWithFeedback.xml
12 ms. Memory: 331264K Free: 89489K (27%)
----------------- Invoking toplevel() on ptolemy.moml.MoMLSimpleApplication@4fb49267
----------------- Done invoking toplevel() on ptolemy.moml.MoMLSimpleApplication@4fb49267
reloadAllAccessors: .IdentityWithFeedback

===========================================================================================
----------------- testing Sat Mar 23 03:52:23 UTC 2019 /home/travis/build/icyphy/ptII/ptolemy/domains/pn/test/auto/NondeterministicMergeTest.xml
----------------- Instantiating /home/travis/build/icyphy/ptII/ptolemy/domains/pn/test/auto/NondeterministicMergeTest.xml
38 ms. Memory: 331264K Free: 83453K (25%)
----------------- Invoking toplevel() on ptolemy.moml.MoMLSimpleApplication@2847443
----------------- Done invoking toplevel() on ptolemy.moml.MoMLSimpleApplication@2847443
reloadAllAccessors: .NondeterministicMergeTest

===========================================================================================
----------------- testing Sat Mar 23 03:52:23 UTC 2019 /home/travis/build/icyphy/ptII/ptolemy/domains/pn/test/auto/OrderedMerge.xml
----------------- Instantiating /home/travis/build/icyphy/ptII/ptolemy/domains/pn/test/auto/OrderedMerge.xml
131 ms. Memory: 332288K Free: 316825K (95%)
----------------- Invoking toplevel() on ptolemy.moml.MoMLSimpleApplication@2b5380ba
----------------- Done invoking toplevel() on ptolemy.moml.MoMLSimpleApplication@2b5380ba
reloadAllAccessors: .OrderedMerge

===========================================================================================
----------------- testing Sat Mar 23 03:52:24 UTC 2019 /home/travis/build/icyphy/ptII/ptolemy/domains/pn/test/auto/PNAbstractReceiverTest.xml
----------------- Instantiating /home/travis/build/icyphy/ptII/ptolemy/domains/pn/test/auto/PNAbstractReceiverTest.xml
3 ms. Memory: 332288K Free: 311704K (94%)
----------------- Invoking toplevel() on ptolemy.moml.MoMLSimpleApplication@3e14bb15
----------------- Done invoking toplevel() on ptolemy.moml.MoMLSimpleApplication@3e14bb15
reloadAllAccessors: .PNAbstractReceiverTest

===========================================================================================
----------------- testing Sat Mar 23 03:52:24 UTC 2019 /home/travis/build/icyphy/ptII/ptolemy/domains/pn/test/auto/QR.xml
----------------- Instantiating /home/travis/build/icyphy/ptII/ptolemy/domains/pn/test/auto/QR.xml
34 ms. Memory: 332288K Free: 300914K (91%)
----------------- Invoking toplevel() on ptolemy.moml.MoMLSimpleApplication@58422c1a
----------------- Done invoking toplevel() on ptolemy.moml.MoMLSimpleApplication@58422c1a
reloadAllAccessors: .QR

===========================================================================================
----------------- testing Sat Mar 23 03:52:24 UTC 2019 /home/travis/build/icyphy/ptII/ptolemy/domains/pn/test/auto/RemoveNilTokens.xml
----------------- Instantiating /home/travis/build/icyphy/ptII/ptolemy/domains/pn/test/auto/RemoveNilTokens.xml
22 ms. Memory: 332288K Free: 290678K (87%)
----------------- Invoking toplevel() on ptolemy.moml.MoMLSimpleApplication@13f14435
----------------- Done invoking toplevel() on ptolemy.moml.MoMLSimpleApplication@13f14435
reloadAllAccessors: .RemoveNilTokens

===========================================================================================
----------------- testing Sat Mar 23 03:52:24 UTC 2019 /home/travis/build/icyphy/ptII/ptolemy/domains/pn/test/auto/Stack.xml
----------------- Instantiating /home/travis/build/icyphy/ptII/ptolemy/domains/pn/test/auto/Stack.xml
56 ms. Memory: 332288K Free: 265625K (80%)
----------------- Invoking toplevel() on ptolemy.moml.MoMLSimpleApplication@19fddd56
----------------- Done invoking toplevel() on ptolemy.moml.MoMLSimpleApplication@19fddd56
reloadAllAccessors: .Stack

===========================================================================================
----------------- testing Sat Mar 23 03:52:24 UTC 2019 /home/travis/build/icyphy/ptII/ptolemy/domains/pn/test/auto/TestRemoveNilTokens.xml
----------------- Instantiating /home/travis/build/icyphy/ptII/ptolemy/domains/pn/test/auto/TestRemoveNilTokens.xml
31 ms. Memory: 332288K Free: 258021K (78%)
----------------- Invoking toplevel() on ptolemy.moml.MoMLSimpleApplication@5ad8f28f
----------------- Done invoking toplevel() on ptolemy.moml.MoMLSimpleApplication@5ad8f28f
reloadAllAccessors: .TestRemoveNilTokens

===========================================================================================
----------------- testing Sat Mar 23 03:52:24 UTC 2019 /home/travis/build/icyphy/ptII/ptolemy/domains/pn/test/auto/TestSeq2Array.xml
----------------- Instantiating /home/travis/build/icyphy/ptII/ptolemy/domains/pn/test/auto/TestSeq2Array.xml
16 ms. Memory: 332288K Free: 250950K (76%)
----------------- Invoking toplevel() on ptolemy.moml.MoMLSimpleApplication@7786a230
----------------- Done invoking toplevel() on ptolemy.moml.MoMLSimpleApplication@7786a230
reloadAllAccessors: .TestSeq2Array

===========================================================================================
----------------- testing Sat Mar 23 03:52:24 UTC 2019 /home/travis/build/icyphy/ptII/ptolemy/domains/pn/test/auto/TrivialIdentity.xml
----------------- Instantiating /home/travis/build/icyphy/ptII/ptolemy/domains/pn/test/auto/TrivialIdentity.xml
9 ms. Memory: 332288K Free: 246023K (74%)
----------------- Invoking toplevel() on ptolemy.moml.MoMLSimpleApplication@7ab8ca21
----------------- Done invoking toplevel() on ptolemy.moml.MoMLSimpleApplication@7ab8ca21
reloadAllAccessors: .TrivialIdentity

===========================================================================================
----------------- testing Sat Mar 23 03:52:24 UTC 2019 /home/travis/build/icyphy/ptII/ptolemy/domains/pn/test/auto/WidthInferenceTest1.xml
----------------- Instantiating /home/travis/build/icyphy/ptII/ptolemy/domains/pn/test/auto/WidthInferenceTest1.xml
11 ms. Memory: 332288K Free: 239579K (72%)
----------------- Invoking toplevel() on ptolemy.moml.MoMLSimpleApplication@72f2ed70
----------------- Done invoking toplevel() on ptolemy.moml.MoMLSimpleApplication@72f2ed70
reloadAllAccessors: .1

===========================================================================================
----------------- testing Sat Mar 23 03:52:24 UTC 2019 /home/travis/build/icyphy/ptII/ptolemy/domains/pn/test/auto/WidthInferenceTest2.xml
----------------- Instantiating /home/travis/build/icyphy/ptII/ptolemy/domains/pn/test/auto/WidthInferenceTest2.xml
9 ms. Memory: 332288K Free: 233332K (70%)
----------------- Invoking toplevel() on ptolemy.moml.MoMLSimpleApplication@3dfa6c1f
----------------- Done invoking toplevel() on ptolemy.moml.MoMLSimpleApplication@3dfa6c1f
reloadAllAccessors: .2

===========================================================================================
----------------- testing Sat Mar 23 03:52:24 UTC 2019 /home/travis/build/icyphy/ptII/ptolemy/domains/pn/test/auto/WidthInferenceTest3.xml
----------------- Instantiating /home/travis/build/icyphy/ptII/ptolemy/domains/pn/test/auto/WidthInferenceTest3.xml
15 ms. Memory: 332288K Free: 218149K (66%)
----------------- Invoking toplevel() on ptolemy.moml.MoMLSimpleApplication@6e640b84
----------------- Done invoking toplevel() on ptolemy.moml.MoMLSimpleApplication@6e640b84
reloadAllAccessors: .3

===========================================================================================
----------------- testing Sat Mar 23 03:52:24 UTC 2019 /home/travis/build/icyphy/ptII/ptolemy/domains/pn/test/auto/WidthInferenceTest4.xml
----------------- Instantiating /home/travis/build/icyphy/ptII/ptolemy/domains/pn/test/auto/WidthInferenceTest4.xml
20 ms. Memory: 332288K Free: 202810K (61%)
----------------- Invoking toplevel() on ptolemy.moml.MoMLSimpleApplication@1b814b72
----------------- Done invoking toplevel() on ptolemy.moml.MoMLSimpleApplication@1b814b72
reloadAllAccessors: .WidthInferenceTest4

===========================================================================================
----------------- testing Sat Mar 23 03:52:24 UTC 2019 /home/travis/build/icyphy/ptII/ptolemy/domains/pn/test/auto/WidthInferenceTest5.xml
----------------- Instantiating /home/travis/build/icyphy/ptII/ptolemy/domains/pn/test/auto/WidthInferenceTest5.xml
26 ms. Memory: 332288K Free: 188365K (57%)
----------------- Invoking toplevel() on ptolemy.moml.MoMLSimpleApplication@2754e57d
----------------- Done invoking toplevel() on ptolemy.moml.MoMLSimpleApplication@2754e57d
reloadAllAccessors: .WidthInferenceTest5

===========================================================================================
----------------- testing Sat Mar 23 03:52:24 UTC 2019 /home/travis/build/icyphy/ptII/ptolemy/domains/pn/test/auto/controlled_kahnnet.xml
----------------- Instantiating /home/travis/build/icyphy/ptII/ptolemy/domains/pn/test/auto/controlled_kahnnet.xml
13 ms. Memory: 332288K Free: 183397K (55%)
----------------- Invoking toplevel() on ptolemy.moml.MoMLSimpleApplication@4d7b902
----------------- Done invoking toplevel() on ptolemy.moml.MoMLSimpleApplication@4d7b902
reloadAllAccessors: .controlled_kahnnet

===========================================================================================
----------------- testing Sat Mar 23 03:52:24 UTC 2019 /home/travis/build/icyphy/ptII/ptolemy/domains/pn/test/auto/demandDriven.xml
----------------- Instantiating /home/travis/build/icyphy/ptII/ptolemy/domains/pn/test/auto/demandDriven.xml
4 ms. Memory: 332288K Free: 179425K (54%)
----------------- Invoking toplevel() on ptolemy.moml.MoMLSimpleApplication@36a1f4b8
----------------- Done invoking toplevel() on ptolemy.moml.MoMLSimpleApplication@36a1f4b8
reloadAllAccessors: .demandDriven

===========================================================================================
----------------- testing Sat Mar 23 03:52:24 UTC 2019 /home/travis/build/icyphy/ptII/ptolemy/domains/pn/test/auto/feedback.xml
----------------- Instantiating /home/travis/build/icyphy/ptII/ptolemy/domains/pn/test/auto/feedback.xml
4 ms. Memory: 332288K Free: 174288K (52%)
----------------- Invoking toplevel() on ptolemy.moml.MoMLSimpleApplication@1065419
----------------- Done invoking toplevel() on ptolemy.moml.MoMLSimpleApplication@1065419
reloadAllAccessors: .feedback

===========================================================================================
----------------- testing Sat Mar 23 03:52:24 UTC 2019 /home/travis/build/icyphy/ptII/ptolemy/domains/pn/test/auto/helloWorld.xml
----------------- Instantiating /home/travis/build/icyphy/ptII/ptolemy/domains/pn/test/auto/helloWorld.xml
6 ms. Memory: 332288K Free: 172069K (52%)
----------------- Invoking toplevel() on ptolemy.moml.MoMLSimpleApplication@18ff5bb0
----------------- Done invoking toplevel() on ptolemy.moml.MoMLSimpleApplication@18ff5bb0
reloadAllAccessors: .helloWorld

===========================================================================================
----------------- testing Sat Mar 23 03:52:24 UTC 2019 /home/travis/build/icyphy/ptII/ptolemy/domains/pn/test/auto/helloWorld2.xml
----------------- Instantiating /home/travis/build/icyphy/ptII/ptolemy/domains/pn/test/auto/helloWorld2.xml
7 ms. Memory: 332288K Free: 167347K (50%)
----------------- Invoking toplevel() on ptolemy.moml.MoMLSimpleApplication@360791d1
----------------- Done invoking toplevel() on ptolemy.moml.MoMLSimpleApplication@360791d1
reloadAllAccessors: .helloWorld2

===========================================================================================
----------------- testing Sat Mar 23 03:52:24 UTC 2019 /home/travis/build/icyphy/ptII/ptolemy/domains/pn/test/auto/noOutput.xml
----------------- Instantiating /home/travis/build/icyphy/ptII/ptolemy/domains/pn/test/auto/noOutput.xml
16 ms. Memory: 332288K Free: 162592K (49%)
----------------- Invoking toplevel() on ptolemy.moml.MoMLSimpleApplication@69088a33
----------------- Done invoking toplevel() on ptolemy.moml.MoMLSimpleApplication@69088a33
reloadAllAccessors: .noOutput

===========================================================================================
----------------- testing Sat Mar 23 03:52:25 UTC 2019 /home/travis/build/icyphy/ptII/ptolemy/domains/pn/test/auto/relationGroup.xml
----------------- Instantiating /home/travis/build/icyphy/ptII/ptolemy/domains/pn/test/auto/relationGroup.xml
7 ms. Memory: 332288K Free: 159868K (48%)
----------------- Invoking toplevel() on ptolemy.moml.MoMLSimpleApplication@36b8ca8e
----------------- Done invoking toplevel() on ptolemy.moml.MoMLSimpleApplication@36b8ca8e
reloadAllAccessors: .relationGroup

===========================================================================================
----------------- testing Sat Mar 23 03:52:25 UTC 2019 /home/travis/build/icyphy/ptII/ptolemy/domains/pn/test/auto/relationGroup2.xml
----------------- Instantiating /home/travis/build/icyphy/ptII/ptolemy/domains/pn/test/auto/relationGroup2.xml
6 ms. Memory: 332288K Free: 156541K (47%)
----------------- Invoking toplevel() on ptolemy.moml.MoMLSimpleApplication@60fe6b38
----------------- Done invoking toplevel() on ptolemy.moml.MoMLSimpleApplication@60fe6b38
reloadAllAccessors: .relationGroup2

===========================================================================================
----------------- testing Sat Mar 23 03:52:25 UTC 2019 /home/travis/build/icyphy/ptII/ptolemy/domains/pn/test/auto/relationGroup3.xml
----------------- Instantiating /home/travis/build/icyphy/ptII/ptolemy/domains/pn/test/auto/relationGroup3.xml
9 ms. Memory: 332288K Free: 154338K (46%)
----------------- Invoking toplevel() on ptolemy.moml.MoMLSimpleApplication@501501d4
----------------- Done invoking toplevel() on ptolemy.moml.MoMLSimpleApplication@501501d4
reloadAllAccessors: .relationGroup3

===========================================================================================
----------------- testing Sat Mar 23 03:52:25 UTC 2019 /home/travis/build/icyphy/ptII/ptolemy/domains/pn/test/auto/relationGroup4.xml
----------------- Instantiating /home/travis/build/icyphy/ptII/ptolemy/domains/pn/test/auto/relationGroup4.xml
6 ms. Memory: 332288K Free: 152135K (46%)
----------------- Invoking toplevel() on ptolemy.moml.MoMLSimpleApplication@285fa4d3
----------------- Done invoking toplevel() on ptolemy.moml.MoMLSimpleApplication@285fa4d3
reloadAllAccessors: .relationGroup4

===========================================================================================
----------------- testing Sat Mar 23 03:52:25 UTC 2019 /home/travis/build/icyphy/ptII/ptolemy/domains/pn/test/auto/relationGroup5.xml
----------------- Instantiating /home/travis/build/icyphy/ptII/ptolemy/domains/pn/test/auto/relationGroup5.xml
8 ms. Memory: 332288K Free: 149933K (45%)
----------------- Invoking toplevel() on ptolemy.moml.MoMLSimpleApplication@7392a7f3
----------------- Done invoking toplevel() on ptolemy.moml.MoMLSimpleApplication@7392a7f3
reloadAllAccessors: .relationGroup5

===========================================================================================
----------------- testing Sat Mar 23 03:52:25 UTC 2019 /home/travis/build/icyphy/ptII/ptolemy/domains/pn/test/auto/relationGroup6.xml
----------------- Instantiating /home/travis/build/icyphy/ptII/ptolemy/domains/pn/test/auto/relationGroup6.xml
7 ms. Memory: 332288K Free: 146979K (44%)
----------------- Invoking toplevel() on ptolemy.moml.MoMLSimpleApplication@232cf364
----------------- Done invoking toplevel() on ptolemy.moml.MoMLSimpleApplication@232cf364
reloadAllAccessors: .relationGroup6

===========================================================================================
----------------- testing Sat Mar 23 03:52:25 UTC 2019 /home/travis/build/icyphy/ptII/ptolemy/domains/pn/test/auto/relationGroup7.xml
----------------- Instantiating /home/travis/build/icyphy/ptII/ptolemy/domains/pn/test/auto/relationGroup7.xml
9 ms. Memory: 332288K Free: 142822K (43%)
----------------- Invoking toplevel() on ptolemy.moml.MoMLSimpleApplication@77328696
----------------- Done invoking toplevel() on ptolemy.moml.MoMLSimpleApplication@77328696
reloadAllAccessors: .relationGroup7

===========================================================================================
----------------- testing Sat Mar 23 03:52:25 UTC 2019 /home/travis/build/icyphy/ptII/ptolemy/domains/pn/test/auto/relationGroup8.xml
----------------- Instantiating /home/travis/build/icyphy/ptII/ptolemy/domains/pn/test/auto/relationGroup8.xml
8 ms. Memory: 332288K Free: 139568K (42%)
----------------- Invoking toplevel() on ptolemy.moml.MoMLSimpleApplication@94aef23
----------------- Done invoking toplevel() on ptolemy.moml.MoMLSimpleApplication@94aef23
reloadAllAccessors: .relationGroup8

===========================================================================================
----------------- testing Sat Mar 23 03:52:25 UTC 2019 /home/travis/build/icyphy/ptII/ptolemy/domains/pn/test/auto/widthTest.xml
----------------- Instantiating /home/travis/build/icyphy/ptII/ptolemy/domains/pn/test/auto/widthTest.xml
12 ms. Memory: 332288K Free: 135596K (41%)
----------------- Invoking toplevel() on ptolemy.moml.MoMLSimpleApplication@605d0ed
----------------- Done invoking toplevel() on ptolemy.moml.MoMLSimpleApplication@605d0ed
reloadAllAccessors: .widthTest
AutoTests.java: About to close Vertx.
AutoTests.java: Vertx closed.
]]></system-out>
  <system-err><![CDATA[java.lang.RuntimeException: Execution failed
	at ptolemy.moml.MoMLSimpleApplication$UnloadThread.run(MoMLSimpleApplication.java:402)
Caused by: ptolemy.kernel.util.IllegalActionException: At the current time, process-oriented domains (PN and CSP) cannot be nested inside firing-based domains (SDF, DE, CT, etc.).
  in .PNInsideDE.CompositeActor.port
Because:
ptolemy.domains.de.kernel.DEReceiver cannot be cast to ptolemy.actor.process.ProcessReceiver
	at ptolemy.actor.process.BranchController.addBranches(BranchController.java:182)
	at ptolemy.actor.process.CompositeProcessDirector.createBranchController(CompositeProcessDirector.java:221)
	at ptolemy.actor.process.CompositeProcessDirector.initialize(CompositeProcessDirector.java:289)
	at ptolemy.domains.pn.kernel.PNDirector.initialize(PNDirector.java:241)
	at ptolemy.actor.CompositeActor.initialize(CompositeActor.java:935)
	at ptolemy.actor.Director.initialize(Director.java:938)
	at ptolemy.actor.Director.initialize(Director.java:907)
	at ptolemy.domains.de.kernel.DEDirector.initialize(DEDirector.java:944)
	at ptolemy.actor.CompositeActor.initialize(CompositeActor.java:935)
	at ptolemy.actor.Manager.initialize(Manager.java:724)
	at ptolemy.actor.Manager.execute(Manager.java:356)
	at ptolemy.actor.Manager.run(Manager.java:1263)
	at ptolemy.actor.Manager$PtolemyRunThread.run(Manager.java:1915)
Caused by: java.lang.ClassCastException: ptolemy.domains.de.kernel.DEReceiver cannot be cast to ptolemy.actor.process.ProcessReceiver
	at ptolemy.actor.process.BranchController.addBranches(BranchController.java:178)
	... 12 more
Warning: '.RemoveNilTokens.Test2' The test produced only 7 tokens, yet the correctValues parameter was expecting 8 tokens.
Warning: '.RemoveNilTokens.Test' The test produced only 9 tokens, yet the correctValues parameter was expecting 13 tokens.
]]></system-err>
</testsuite>
