<?xml version="1.0" encoding="UTF-8" ?>
<testsuite errors="0" failures="0" hostname="travis-job-0c4f1687-9c73-443a-b29a-8f4f223fa3bf" name="ptolemy.actor.lib.hoc.test.junit.JUnitTclTest" skipped="0" tests="58" time="23.906" timestamp="2018-10-13T02:28:19">
  <properties>
[...]
</properties>
  <testcase classname="ptolemy.util.test.junit.TclTests" name="[0] /home/travis/build/icyphy/ptII/ptolemy/actor/lib/hoc/test/IterateOverArray.tcl (RunTclFile)" time="0.27" />
  <testcase classname="ptolemy.util.test.junit.AutoKnownFailedTests" name="[0] /home/travis/build/icyphy/ptII/ptolemy/actor/lib/hoc/test/auto/knownFailedTests/PreinitializeMustBeInvokedRunComposite.xml (RunModel)" time="0.225" />
  <testcase classname="ptolemy.util.test.junit.AutoNameArchTests" name="[0] ThereAreNoAutoArchTests (RunModel)" time="0.001" />
  <testcase classname="ptolemy.util.test.junit.AutoTests" name="[0] /home/travis/build/icyphy/ptII/ptolemy/actor/lib/hoc/test/auto/AllToAllMultiInstanceComposite.xml (RunModel)" time="0.248" />
  <testcase classname="ptolemy.util.test.junit.AutoTests" name="[1] /home/travis/build/icyphy/ptII/ptolemy/actor/lib/hoc/test/auto/ApplyFFTTest.xml (RunModel)" time="0.338" />
  <testcase classname="ptolemy.util.test.junit.AutoTests" name="[2] /home/travis/build/icyphy/ptII/ptolemy/actor/lib/hoc/test/auto/ApplyFunction.xml (RunModel)" time="0.074" />
  <testcase classname="ptolemy.util.test.junit.AutoTests" name="[3] /home/travis/build/icyphy/ptII/ptolemy/actor/lib/hoc/test/auto/BackgroundExecution.xml (RunModel)" time="0.744" />
  <testcase classname="ptolemy.util.test.junit.AutoTests" name="[4] /home/travis/build/icyphy/ptII/ptolemy/actor/lib/hoc/test/auto/Case.xml (RunModel)" time="0.079" />
  <testcase classname="ptolemy.util.test.junit.AutoTests" name="[5] /home/travis/build/icyphy/ptII/ptolemy/actor/lib/hoc/test/auto/Case1.xml (RunModel)" time="0.047" />
  <testcase classname="ptolemy.util.test.junit.AutoTests" name="[6] /home/travis/build/icyphy/ptII/ptolemy/actor/lib/hoc/test/auto/Case2.xml (RunModel)" time="0.102" />
  <testcase classname="ptolemy.util.test.junit.AutoTests" name="[7] /home/travis/build/icyphy/ptII/ptolemy/actor/lib/hoc/test/auto/Case3.xml (RunModel)" time="0.048" />
  <testcase classname="ptolemy.util.test.junit.AutoTests" name="[8] /home/travis/build/icyphy/ptII/ptolemy/actor/lib/hoc/test/auto/Case4.xml (RunModel)" time="0.061" />
  <testcase classname="ptolemy.util.test.junit.AutoTests" name="[9] /home/travis/build/icyphy/ptII/ptolemy/actor/lib/hoc/test/auto/Case5.xml (RunModel)" time="0.075" />
  <testcase classname="ptolemy.util.test.junit.AutoTests" name="[10] /home/travis/build/icyphy/ptII/ptolemy/actor/lib/hoc/test/auto/Case6.xml (RunModel)" time="0.126" />
  <testcase classname="ptolemy.util.test.junit.AutoTests" name="[11] /home/travis/build/icyphy/ptII/ptolemy/actor/lib/hoc/test/auto/CaseString2.xml (RunModel)" time="0.045" />
  <testcase classname="ptolemy.util.test.junit.AutoTests" name="[12] /home/travis/build/icyphy/ptII/ptolemy/actor/lib/hoc/test/auto/CatchUpComposite1.xml (RunModel)" time="0.057" />
  <testcase classname="ptolemy.util.test.junit.AutoTests" name="[13] /home/travis/build/icyphy/ptII/ptolemy/actor/lib/hoc/test/auto/CatchUpComposite2.xml (RunModel)" time="0.065" />
  <testcase classname="ptolemy.util.test.junit.AutoTests" name="[14] /home/travis/build/icyphy/ptII/ptolemy/actor/lib/hoc/test/auto/CatchUpComposite3.xml (RunModel)" time="0.046" />
  <testcase classname="ptolemy.util.test.junit.AutoTests" name="[15] /home/travis/build/icyphy/ptII/ptolemy/actor/lib/hoc/test/auto/CatchUpComposite4.xml (RunModel)" time="0.055" />
  <testcase classname="ptolemy.util.test.junit.AutoTests" name="[16] /home/travis/build/icyphy/ptII/ptolemy/actor/lib/hoc/test/auto/CatchUpComposite5.xml (RunModel)" time="0.04" />
  <testcase classname="ptolemy.util.test.junit.AutoTests" name="[17] /home/travis/build/icyphy/ptII/ptolemy/actor/lib/hoc/test/auto/CatchUpComposite6.xml (RunModel)" time="0.165" />
  <testcase classname="ptolemy.util.test.junit.AutoTests" name="[18] /home/travis/build/icyphy/ptII/ptolemy/actor/lib/hoc/test/auto/CatchUpComposite7.xml (RunModel)" time="0.111" />
  <testcase classname="ptolemy.util.test.junit.AutoTests" name="[19] /home/travis/build/icyphy/ptII/ptolemy/actor/lib/hoc/test/auto/ConcurrentExecutionTimeSDF.xml (RunModel)" time="0.855" />
  <testcase classname="ptolemy.util.test.junit.AutoTests" name="[20] /home/travis/build/icyphy/ptII/ptolemy/actor/lib/hoc/test/auto/ConcurrentSleep.xml (RunModel)" time="0.788" />
  <testcase classname="ptolemy.util.test.junit.AutoTests" name="[21] /home/travis/build/icyphy/ptII/ptolemy/actor/lib/hoc/test/auto/DEInPNInRunCompositeActor.xml (RunModel)" time="0.034" />
  <testcase classname="ptolemy.util.test.junit.AutoTests" name="[22] /home/travis/build/icyphy/ptII/ptolemy/actor/lib/hoc/test/auto/DFTSubSetTest.xml (RunModel)" time="0.254" />
  <testcase classname="ptolemy.util.test.junit.AutoTests" name="[23] /home/travis/build/icyphy/ptII/ptolemy/actor/lib/hoc/test/auto/HocDE.xml (RunModel)" time="0.142" />
  <testcase classname="ptolemy.util.test.junit.AutoTests" name="[24] /home/travis/build/icyphy/ptII/ptolemy/actor/lib/hoc/test/auto/IterateOverArray.xml (RunModel)" time="0.037" />
  <testcase classname="ptolemy.util.test.junit.AutoTests" name="[25] /home/travis/build/icyphy/ptII/ptolemy/actor/lib/hoc/test/auto/IterateOverArray10.xml (RunModel)" time="0.045" />
  <testcase classname="ptolemy.util.test.junit.AutoTests" name="[26] /home/travis/build/icyphy/ptII/ptolemy/actor/lib/hoc/test/auto/IterateOverArray11.xml (RunModel)" time="0.034" />
  <testcase classname="ptolemy.util.test.junit.AutoTests" name="[27] /home/travis/build/icyphy/ptII/ptolemy/actor/lib/hoc/test/auto/IterateOverArray12.xml (RunModel)" time="0.054" />
  <testcase classname="ptolemy.util.test.junit.AutoTests" name="[28] /home/travis/build/icyphy/ptII/ptolemy/actor/lib/hoc/test/auto/IterateOverArray13.xml (RunModel)" time="0.192" />
  <testcase classname="ptolemy.util.test.junit.AutoTests" name="[29] /home/travis/build/icyphy/ptII/ptolemy/actor/lib/hoc/test/auto/IterateOverArray14.xml (RunModel)" time="0.144" />
  <testcase classname="ptolemy.util.test.junit.AutoTests" name="[30] /home/travis/build/icyphy/ptII/ptolemy/actor/lib/hoc/test/auto/IterateOverArray2.xml (RunModel)" time="0.033" />
  <testcase classname="ptolemy.util.test.junit.AutoTests" name="[31] /home/travis/build/icyphy/ptII/ptolemy/actor/lib/hoc/test/auto/IterateOverArray3.xml (RunModel)" time="0.049" />
  <testcase classname="ptolemy.util.test.junit.AutoTests" name="[32] /home/travis/build/icyphy/ptII/ptolemy/actor/lib/hoc/test/auto/IterateOverArray4.xml (RunModel)" time="0.027" />
  <testcase classname="ptolemy.util.test.junit.AutoTests" name="[33] /home/travis/build/icyphy/ptII/ptolemy/actor/lib/hoc/test/auto/IterateOverArray5.xml (RunModel)" time="0.025" />
  <testcase classname="ptolemy.util.test.junit.AutoTests" name="[34] /home/travis/build/icyphy/ptII/ptolemy/actor/lib/hoc/test/auto/IterateOverArray6.xml (RunModel)" time="0.014" />
  <testcase classname="ptolemy.util.test.junit.AutoTests" name="[35] /home/travis/build/icyphy/ptII/ptolemy/actor/lib/hoc/test/auto/IterateOverArray7.xml (RunModel)" time="0.021" />
  <testcase classname="ptolemy.util.test.junit.AutoTests" name="[36] /home/travis/build/icyphy/ptII/ptolemy/actor/lib/hoc/test/auto/IterateOverArray8.xml (RunModel)" time="0.023" />
  <testcase classname="ptolemy.util.test.junit.AutoTests" name="[37] /home/travis/build/icyphy/ptII/ptolemy/actor/lib/hoc/test/auto/IterateOverArray9.xml (RunModel)" time="0.028" />
  <testcase classname="ptolemy.util.test.junit.AutoTests" name="[38] /home/travis/build/icyphy/ptII/ptolemy/actor/lib/hoc/test/auto/IterateOverArrayCoercedOutputType.xml (RunModel)" time="0.056" />
  <testcase classname="ptolemy.util.test.junit.AutoTests" name="[39] /home/travis/build/icyphy/ptII/ptolemy/actor/lib/hoc/test/auto/IterateOverArrayInferredOutputType.xml (RunModel)" time="0.036" />
  <testcase classname="ptolemy.util.test.junit.AutoTests" name="[40] /home/travis/build/icyphy/ptII/ptolemy/actor/lib/hoc/test/auto/MobileFunctionTest.xml (RunModel)" time="0.025" />
  <testcase classname="ptolemy.util.test.junit.AutoTests" name="[41] /home/travis/build/icyphy/ptII/ptolemy/actor/lib/hoc/test/auto/MobileModelTest.xml (RunModel)" time="0.14" />
  <testcase classname="ptolemy.util.test.junit.AutoTests" name="[42] /home/travis/build/icyphy/ptII/ptolemy/actor/lib/hoc/test/auto/ModelReference.xml (RunModel)" time="0.072" />
  <testcase classname="ptolemy.util.test.junit.AutoTests" name="[43] /home/travis/build/icyphy/ptII/ptolemy/actor/lib/hoc/test/auto/ModelReference3.xml (RunModel)" time="0.056" />
  <testcase classname="ptolemy.util.test.junit.AutoTests" name="[44] /home/travis/build/icyphy/ptII/ptolemy/actor/lib/hoc/test/auto/ModelReference4.xml (RunModel)" time="10.04" />
  <testcase classname="ptolemy.util.test.junit.AutoTests" name="[45] /home/travis/build/icyphy/ptII/ptolemy/actor/lib/hoc/test/auto/MultiInstanceComposite.xml (RunModel)" time="0.04" />
  <testcase classname="ptolemy.util.test.junit.AutoTests" name="[46] /home/travis/build/icyphy/ptII/ptolemy/actor/lib/hoc/test/auto/MultiInstanceComposite2.xml (RunModel)" time="0.041" />
  <testcase classname="ptolemy.util.test.junit.AutoTests" name="[47] /home/travis/build/icyphy/ptII/ptolemy/actor/lib/hoc/test/auto/MulticoreExecution.xml (RunModel)" time="1.092" />
  <testcase classname="ptolemy.util.test.junit.AutoTests" name="[48] /home/travis/build/icyphy/ptII/ptolemy/actor/lib/hoc/test/auto/ParallelExecution.xml (RunModel)" time="0.973" />
  <testcase classname="ptolemy.util.test.junit.AutoTests" name="[49] /home/travis/build/icyphy/ptII/ptolemy/actor/lib/hoc/test/auto/RunCompositeActor.xml (RunModel)" time="0.053" />
  <testcase classname="ptolemy.util.test.junit.AutoTests" name="[50] /home/travis/build/icyphy/ptII/ptolemy/actor/lib/hoc/test/auto/RunCompositeActor2.xml (RunModel)" time="0.047" />
  <testcase classname="ptolemy.util.test.junit.AutoTests" name="[51] /home/travis/build/icyphy/ptII/ptolemy/actor/lib/hoc/test/auto/RunCompositeActor3.xml (RunModel)" time="0.019" />
  <testcase classname="ptolemy.util.test.junit.AutoTests" name="[52] /home/travis/build/icyphy/ptII/ptolemy/actor/lib/hoc/test/auto/RunCompositeActor4.xml (RunModel)" time="0.027" />
  <testcase classname="ptolemy.util.test.junit.AutoTests" name="[53] /home/travis/build/icyphy/ptII/ptolemy/actor/lib/hoc/test/auto/RunCompositeIterateOverArray.xml (RunModel)" time="0.025" />
  <testcase classname="ptolemy.util.test.junit.AutoTests" name="[54] /home/travis/build/icyphy/ptII/ptolemy/actor/lib/hoc/test/auto/ThreadedJS.xml (RunModel)" time="4.831" />
  <system-out><![CDATA[/home/travis/build/icyphy/ptII/ptolemy/actor/lib/hoc/test/IterateOverArray.tcl
testDefs.tcl: setting time out to 9000 seconds at Sat Oct 13 02:28:19 UTC 2018
10/13/18 02:28:19
Failed: 0  Total Tests: 2  ((Passed: 2, Newly Passed: 0)  Known Failed: 0) /home/travis/build/icyphy/ptII/ptolemy/actor/lib/hoc/test
----------------- testing (KnownFailure) /home/travis/build/icyphy/ptII/ptolemy/actor/lib/hoc/test/auto/knownFailedTests/PreinitializeMustBeInvokedRunComposite.xml
32 ms. Memory: 116224K Free: 103729K (89%)
Known Failure: java.lang.reflect.InvocationTargetException
No auto/linux-amd64/*.xml tests in /home/travis/build/icyphy/ptII/ptolemy/actor/lib/hoc/test
AutoTests.java: About to close Vertx.
AutoTests.java: Vertx closed.

===========================================================================================
----------------- testing Sat Oct 13 02:28:19 UTC 2018 /home/travis/build/icyphy/ptII/ptolemy/actor/lib/hoc/test/auto/AllToAllMultiInstanceComposite.xml
----------------- Instantiating /home/travis/build/icyphy/ptII/ptolemy/actor/lib/hoc/test/auto/AllToAllMultiInstanceComposite.xml
110 ms. Memory: 146944K Free: 109225K (74%)
----------------- Invoking toplevel() on ptolemy.moml.MoMLSimpleApplication@4a77c6e
----------------- Done invoking toplevel() on ptolemy.moml.MoMLSimpleApplication@4a77c6e
reloadAllAccessors: .AllToAllMultiInstanceComposite

===========================================================================================
----------------- testing Sat Oct 13 02:28:20 UTC 2018 /home/travis/build/icyphy/ptII/ptolemy/actor/lib/hoc/test/auto/ApplyFFTTest.xml
----------------- Instantiating /home/travis/build/icyphy/ptII/ptolemy/actor/lib/hoc/test/auto/ApplyFFTTest.xml
141 ms. Memory: 146944K Free: 88386K (60%)
----------------- Invoking toplevel() on ptolemy.moml.MoMLSimpleApplication@3cac7ec0
----------------- Done invoking toplevel() on ptolemy.moml.MoMLSimpleApplication@3cac7ec0
reloadAllAccessors: .ApplyFFTTest

===========================================================================================
----------------- testing Sat Oct 13 02:28:20 UTC 2018 /home/travis/build/icyphy/ptII/ptolemy/actor/lib/hoc/test/auto/ApplyFunction.xml
----------------- Instantiating /home/travis/build/icyphy/ptII/ptolemy/actor/lib/hoc/test/auto/ApplyFunction.xml
25 ms. Memory: 146944K Free: 84619K (58%)
----------------- Invoking toplevel() on ptolemy.moml.MoMLSimpleApplication@71e67917
----------------- Done invoking toplevel() on ptolemy.moml.MoMLSimpleApplication@71e67917
reloadAllAccessors: .ApplyFunction

===========================================================================================
----------------- testing Sat Oct 13 02:28:20 UTC 2018 /home/travis/build/icyphy/ptII/ptolemy/actor/lib/hoc/test/auto/BackgroundExecution.xml
----------------- Instantiating /home/travis/build/icyphy/ptII/ptolemy/actor/lib/hoc/test/auto/BackgroundExecution.xml
632 ms. Memory: 146944K Free: 137285K (93%)
----------------- Invoking toplevel() on ptolemy.moml.MoMLSimpleApplication@ba13414
----------------- Done invoking toplevel() on ptolemy.moml.MoMLSimpleApplication@ba13414
reloadAllAccessors: .BackgroundExecution

===========================================================================================
----------------- testing Sat Oct 13 02:28:21 UTC 2018 /home/travis/build/icyphy/ptII/ptolemy/actor/lib/hoc/test/auto/Case.xml
----------------- Instantiating /home/travis/build/icyphy/ptII/ptolemy/actor/lib/hoc/test/auto/Case.xml
28 ms. Memory: 146944K Free: 128969K (88%)
----------------- Invoking toplevel() on ptolemy.moml.MoMLSimpleApplication@7dc48fa1
----------------- Done invoking toplevel() on ptolemy.moml.MoMLSimpleApplication@7dc48fa1
reloadAllAccessors: .Case

===========================================================================================
----------------- testing Sat Oct 13 02:28:21 UTC 2018 /home/travis/build/icyphy/ptII/ptolemy/actor/lib/hoc/test/auto/Case1.xml
----------------- Instantiating /home/travis/build/icyphy/ptII/ptolemy/actor/lib/hoc/test/auto/Case1.xml
17 ms. Memory: 146944K Free: 121948K (83%)
----------------- Invoking toplevel() on ptolemy.moml.MoMLSimpleApplication@41dd4246
----------------- Done invoking toplevel() on ptolemy.moml.MoMLSimpleApplication@41dd4246
reloadAllAccessors: .Case1

===========================================================================================
----------------- testing Sat Oct 13 02:28:21 UTC 2018 /home/travis/build/icyphy/ptII/ptolemy/actor/lib/hoc/test/auto/Case2.xml
----------------- Instantiating /home/travis/build/icyphy/ptII/ptolemy/actor/lib/hoc/test/auto/Case2.xml
49 ms. Memory: 146944K Free: 110049K (75%)
----------------- Invoking toplevel() on ptolemy.moml.MoMLSimpleApplication@561bd15b
----------------- Done invoking toplevel() on ptolemy.moml.MoMLSimpleApplication@561bd15b
reloadAllAccessors: .Case2

===========================================================================================
----------------- testing Sat Oct 13 02:28:21 UTC 2018 /home/travis/build/icyphy/ptII/ptolemy/actor/lib/hoc/test/auto/Case3.xml
----------------- Instantiating /home/travis/build/icyphy/ptII/ptolemy/actor/lib/hoc/test/auto/Case3.xml
17 ms. Memory: 146944K Free: 103383K (70%)
----------------- Invoking toplevel() on ptolemy.moml.MoMLSimpleApplication@45121db
----------------- Done invoking toplevel() on ptolemy.moml.MoMLSimpleApplication@45121db
reloadAllAccessors: .Case3

===========================================================================================
----------------- testing Sat Oct 13 02:28:21 UTC 2018 /home/travis/build/icyphy/ptII/ptolemy/actor/lib/hoc/test/auto/Case4.xml
----------------- Instantiating /home/travis/build/icyphy/ptII/ptolemy/actor/lib/hoc/test/auto/Case4.xml
17 ms. Memory: 146944K Free: 94407K (64%)
----------------- Invoking toplevel() on ptolemy.moml.MoMLSimpleApplication@79a7c902
----------------- Done invoking toplevel() on ptolemy.moml.MoMLSimpleApplication@79a7c902
reloadAllAccessors: .Case4

===========================================================================================
----------------- testing Sat Oct 13 02:28:21 UTC 2018 /home/travis/build/icyphy/ptII/ptolemy/actor/lib/hoc/test/auto/Case5.xml
----------------- Instantiating /home/travis/build/icyphy/ptII/ptolemy/actor/lib/hoc/test/auto/Case5.xml
42 ms. Memory: 146944K Free: 87629K (60%)
----------------- Invoking toplevel() on ptolemy.moml.MoMLSimpleApplication@256457c7
----------------- Done invoking toplevel() on ptolemy.moml.MoMLSimpleApplication@256457c7
reloadAllAccessors: .junk

===========================================================================================
----------------- testing Sat Oct 13 02:28:21 UTC 2018 /home/travis/build/icyphy/ptII/ptolemy/actor/lib/hoc/test/auto/Case6.xml
----------------- Instantiating /home/travis/build/icyphy/ptII/ptolemy/actor/lib/hoc/test/auto/Case6.xml
36 ms. Memory: 208384K Free: 196296K (94%)
----------------- Invoking toplevel() on ptolemy.moml.MoMLSimpleApplication@107de0d6
----------------- Done invoking toplevel() on ptolemy.moml.MoMLSimpleApplication@107de0d6
reloadAllAccessors: .Case6

===========================================================================================
----------------- testing Sat Oct 13 02:28:21 UTC 2018 /home/travis/build/icyphy/ptII/ptolemy/actor/lib/hoc/test/auto/CaseString2.xml
----------------- Instantiating /home/travis/build/icyphy/ptII/ptolemy/actor/lib/hoc/test/auto/CaseString2.xml
10 ms. Memory: 208384K Free: 186730K (90%)
----------------- Invoking toplevel() on ptolemy.moml.MoMLSimpleApplication@59733542
----------------- Done invoking toplevel() on ptolemy.moml.MoMLSimpleApplication@59733542
reloadAllAccessors: .CaseString2

===========================================================================================
----------------- testing Sat Oct 13 02:28:21 UTC 2018 /home/travis/build/icyphy/ptII/ptolemy/actor/lib/hoc/test/auto/CatchUpComposite1.xml
----------------- Instantiating /home/travis/build/icyphy/ptII/ptolemy/actor/lib/hoc/test/auto/CatchUpComposite1.xml
21 ms. Memory: 208384K Free: 176851K (85%)
----------------- Invoking toplevel() on ptolemy.moml.MoMLSimpleApplication@a7cb05d
----------------- Done invoking toplevel() on ptolemy.moml.MoMLSimpleApplication@a7cb05d
reloadAllAccessors: .CatchUpComposite1

===========================================================================================
----------------- testing Sat Oct 13 02:28:22 UTC 2018 /home/travis/build/icyphy/ptII/ptolemy/actor/lib/hoc/test/auto/CatchUpComposite2.xml
----------------- Instantiating /home/travis/build/icyphy/ptII/ptolemy/actor/lib/hoc/test/auto/CatchUpComposite2.xml
15 ms. Memory: 208384K Free: 166972K (80%)
----------------- Invoking toplevel() on ptolemy.moml.MoMLSimpleApplication@35741fe9
----------------- Done invoking toplevel() on ptolemy.moml.MoMLSimpleApplication@35741fe9
reloadAllAccessors: .CatchUpComposite2

===========================================================================================
----------------- testing Sat Oct 13 02:28:22 UTC 2018 /home/travis/build/icyphy/ptII/ptolemy/actor/lib/hoc/test/auto/CatchUpComposite3.xml
----------------- Instantiating /home/travis/build/icyphy/ptII/ptolemy/actor/lib/hoc/test/auto/CatchUpComposite3.xml
9 ms. Memory: 208384K Free: 156209K (75%)
----------------- Invoking toplevel() on ptolemy.moml.MoMLSimpleApplication@3347e40
----------------- Done invoking toplevel() on ptolemy.moml.MoMLSimpleApplication@3347e40
reloadAllAccessors: .CatchUpComposite3

===========================================================================================
----------------- testing Sat Oct 13 02:28:22 UTC 2018 /home/travis/build/icyphy/ptII/ptolemy/actor/lib/hoc/test/auto/CatchUpComposite4.xml
----------------- Instantiating /home/travis/build/icyphy/ptII/ptolemy/actor/lib/hoc/test/auto/CatchUpComposite4.xml
12 ms. Memory: 208384K Free: 146943K (71%)
----------------- Invoking toplevel() on ptolemy.moml.MoMLSimpleApplication@1cc7710a
----------------- Done invoking toplevel() on ptolemy.moml.MoMLSimpleApplication@1cc7710a
reloadAllAccessors: .CatchUpComposite4

===========================================================================================
----------------- testing Sat Oct 13 02:28:22 UTC 2018 /home/travis/build/icyphy/ptII/ptolemy/actor/lib/hoc/test/auto/CatchUpComposite5.xml
----------------- Instantiating /home/travis/build/icyphy/ptII/ptolemy/actor/lib/hoc/test/auto/CatchUpComposite5.xml
14 ms. Memory: 208384K Free: 138310K (66%)
----------------- Invoking toplevel() on ptolemy.moml.MoMLSimpleApplication@15e2bea7
----------------- Done invoking toplevel() on ptolemy.moml.MoMLSimpleApplication@15e2bea7
reloadAllAccessors: .CatchUpComposite5

===========================================================================================
----------------- testing Sat Oct 13 02:28:22 UTC 2018 /home/travis/build/icyphy/ptII/ptolemy/actor/lib/hoc/test/auto/CatchUpComposite6.xml
----------------- Instantiating /home/travis/build/icyphy/ptII/ptolemy/actor/lib/hoc/test/auto/CatchUpComposite6.xml
WARNING: The execution aspects in this model can influence the timing of actors by delaying the 
execution, potentially changing the behavior. There is no guarantee that actors fire at the 
time they request to be fired. 
Use Ptides for deterministic DE behavior that is not influenced by execution aspects. 

93 ms. Memory: 208384K Free: 119463K (57%)
----------------- Invoking toplevel() on ptolemy.moml.MoMLSimpleApplication@697270d3
----------------- Done invoking toplevel() on ptolemy.moml.MoMLSimpleApplication@697270d3
reloadAllAccessors: .CatchUpComposite6

===========================================================================================
----------------- testing Sat Oct 13 02:28:22 UTC 2018 /home/travis/build/icyphy/ptII/ptolemy/actor/lib/hoc/test/auto/CatchUpComposite7.xml
----------------- Instantiating /home/travis/build/icyphy/ptII/ptolemy/actor/lib/hoc/test/auto/CatchUpComposite7.xml
WARNING: The execution aspects in this model can influence the timing of actors by delaying the 
execution, potentially changing the behavior. There is no guarantee that actors fire at the 
time they request to be fired. 
Use Ptides for deterministic DE behavior that is not influenced by execution aspects. 

54 ms. Memory: 208384K Free: 102114K (49%)
----------------- Invoking toplevel() on ptolemy.moml.MoMLSimpleApplication@5618c692
----------------- Done invoking toplevel() on ptolemy.moml.MoMLSimpleApplication@5618c692
reloadAllAccessors: .CatchUpComposite7

===========================================================================================
----------------- testing Sat Oct 13 02:28:22 UTC 2018 /home/travis/build/icyphy/ptII/ptolemy/actor/lib/hoc/test/auto/ConcurrentExecutionTimeSDF.xml
----------------- Instantiating /home/travis/build/icyphy/ptII/ptolemy/actor/lib/hoc/test/auto/ConcurrentExecutionTimeSDF.xml
Fired ExecutionTime: 40400000
Fired ExecutionTime: 40400000
Fired ExecutionTime: 40400000
Fired ExecutionTime: 40400000
Fired ExecutionTime: 40400000
Fired ExecutionTime: 40400000
Fired ExecutionTime: 40400000
Fired ExecutionTime: 40400000
Fired ExecutionTime: 40400000
Fired ExecutionTime: 40400000
Fired ExecutionTime: 40400000
Fired ExecutionTime: 40400000
Fired ExecutionTime: 40400000
Fired ExecutionTime: 40400000
Fired ExecutionTime: 40400000
Fired ExecutionTime: 40400000
Fired ExecutionTime: 40400000
Fired ExecutionTime: 40400000
Fired ExecutionTime: 40400000
Fired ExecutionTime: 40400000
823 ms. Memory: 208384K Free: 93464K (45%)
----------------- Invoking toplevel() on ptolemy.moml.MoMLSimpleApplication@1908434
----------------- Done invoking toplevel() on ptolemy.moml.MoMLSimpleApplication@1908434
reloadAllAccessors: .ConcurrentExecutionTimeSDF

===========================================================================================
----------------- testing Sat Oct 13 02:28:23 UTC 2018 /home/travis/build/icyphy/ptII/ptolemy/actor/lib/hoc/test/auto/ConcurrentSleep.xml
----------------- Instantiating /home/travis/build/icyphy/ptII/ptolemy/actor/lib/hoc/test/auto/ConcurrentSleep.xml
751 ms. Memory: 208384K Free: 200574K (96%)
----------------- Invoking toplevel() on ptolemy.moml.MoMLSimpleApplication@4051a078
----------------- Done invoking toplevel() on ptolemy.moml.MoMLSimpleApplication@4051a078
reloadAllAccessors: .ConcurrentSleep

===========================================================================================
----------------- testing Sat Oct 13 02:28:24 UTC 2018 /home/travis/build/icyphy/ptII/ptolemy/actor/lib/hoc/test/auto/DEInPNInRunCompositeActor.xml
----------------- Instantiating /home/travis/build/icyphy/ptII/ptolemy/actor/lib/hoc/test/auto/DEInPNInRunCompositeActor.xml
14 ms. Memory: 208384K Free: 193086K (93%)
----------------- Invoking toplevel() on ptolemy.moml.MoMLSimpleApplication@5732c286
----------------- Done invoking toplevel() on ptolemy.moml.MoMLSimpleApplication@5732c286
reloadAllAccessors: .DEInPNInRunCompositeActor

===========================================================================================
----------------- testing Sat Oct 13 02:28:24 UTC 2018 /home/travis/build/icyphy/ptII/ptolemy/actor/lib/hoc/test/auto/DFTSubSetTest.xml
----------------- Instantiating /home/travis/build/icyphy/ptII/ptolemy/actor/lib/hoc/test/auto/DFTSubSetTest.xml
173 ms. Memory: 208384K Free: 146288K (70%)
----------------- Invoking toplevel() on ptolemy.moml.MoMLSimpleApplication@86e8c42
----------------- Done invoking toplevel() on ptolemy.moml.MoMLSimpleApplication@86e8c42
reloadAllAccessors: .DFTSubSetTest

===========================================================================================
----------------- testing Sat Oct 13 02:28:24 UTC 2018 /home/travis/build/icyphy/ptII/ptolemy/actor/lib/hoc/test/auto/HocDE.xml
----------------- Instantiating /home/travis/build/icyphy/ptII/ptolemy/actor/lib/hoc/test/auto/HocDE.xml
109 ms. Memory: 208384K Free: 118940K (57%)
----------------- Invoking toplevel() on ptolemy.moml.MoMLSimpleApplication@3a81111b
----------------- Done invoking toplevel() on ptolemy.moml.MoMLSimpleApplication@3a81111b
reloadAllAccessors: .HocDE

===========================================================================================
----------------- testing Sat Oct 13 02:28:24 UTC 2018 /home/travis/build/icyphy/ptII/ptolemy/actor/lib/hoc/test/auto/IterateOverArray.xml
----------------- Instantiating /home/travis/build/icyphy/ptII/ptolemy/actor/lib/hoc/test/auto/IterateOverArray.xml
9 ms. Memory: 208384K Free: 114516K (55%)
----------------- Invoking toplevel() on ptolemy.moml.MoMLSimpleApplication@50f8103
----------------- Done invoking toplevel() on ptolemy.moml.MoMLSimpleApplication@50f8103
reloadAllAccessors: .IterateOverArray

===========================================================================================
----------------- testing Sat Oct 13 02:28:24 UTC 2018 /home/travis/build/icyphy/ptII/ptolemy/actor/lib/hoc/test/auto/IterateOverArray10.xml
----------------- Instantiating /home/travis/build/icyphy/ptII/ptolemy/actor/lib/hoc/test/auto/IterateOverArray10.xml
6 ms. Memory: 208384K Free: 110397K (53%)
----------------- Invoking toplevel() on ptolemy.moml.MoMLSimpleApplication@101bf115
----------------- Done invoking toplevel() on ptolemy.moml.MoMLSimpleApplication@101bf115
reloadAllAccessors: .IterateOverArray10

===========================================================================================
----------------- testing Sat Oct 13 02:28:24 UTC 2018 /home/travis/build/icyphy/ptII/ptolemy/actor/lib/hoc/test/auto/IterateOverArray11.xml
----------------- Instantiating /home/travis/build/icyphy/ptII/ptolemy/actor/lib/hoc/test/auto/IterateOverArray11.xml
7 ms. Memory: 208384K Free: 105942K (51%)
----------------- Invoking toplevel() on ptolemy.moml.MoMLSimpleApplication@114e48c
----------------- Done invoking toplevel() on ptolemy.moml.MoMLSimpleApplication@114e48c
reloadAllAccessors: .IterateOverArray11

===========================================================================================
----------------- testing Sat Oct 13 02:28:24 UTC 2018 /home/travis/build/icyphy/ptII/ptolemy/actor/lib/hoc/test/auto/IterateOverArray12.xml
----------------- Instantiating /home/travis/build/icyphy/ptII/ptolemy/actor/lib/hoc/test/auto/IterateOverArray12.xml
21 ms. Memory: 208384K Free: 98906K (47%)
----------------- Invoking toplevel() on ptolemy.moml.MoMLSimpleApplication@6e66c83
----------------- Done invoking toplevel() on ptolemy.moml.MoMLSimpleApplication@6e66c83
reloadAllAccessors: .IterateOverArray12

===========================================================================================
----------------- testing Sat Oct 13 02:28:24 UTC 2018 /home/travis/build/icyphy/ptII/ptolemy/actor/lib/hoc/test/auto/IterateOverArray13.xml
----------------- Instantiating /home/travis/build/icyphy/ptII/ptolemy/actor/lib/hoc/test/auto/IterateOverArray13.xml
111 ms. Memory: 331776K Free: 315097K (95%)
----------------- Invoking toplevel() on ptolemy.moml.MoMLSimpleApplication@428d015e
----------------- Done invoking toplevel() on ptolemy.moml.MoMLSimpleApplication@428d015e
reloadAllAccessors: .IterateOverArray13

===========================================================================================
----------------- testing Sat Oct 13 02:28:24 UTC 2018 /home/travis/build/icyphy/ptII/ptolemy/actor/lib/hoc/test/auto/IterateOverArray14.xml
----------------- Instantiating /home/travis/build/icyphy/ptII/ptolemy/actor/lib/hoc/test/auto/IterateOverArray14.xml
61 ms. Memory: 331776K Free: 277844K (84%)
----------------- Invoking toplevel() on ptolemy.moml.MoMLSimpleApplication@49494e4a
----------------- Done invoking toplevel() on ptolemy.moml.MoMLSimpleApplication@49494e4a
reloadAllAccessors: .IterateOverArray14

===========================================================================================
----------------- testing Sat Oct 13 02:28:25 UTC 2018 /home/travis/build/icyphy/ptII/ptolemy/actor/lib/hoc/test/auto/IterateOverArray2.xml
----------------- Instantiating /home/travis/build/icyphy/ptII/ptolemy/actor/lib/hoc/test/auto/IterateOverArray2.xml
9 ms. Memory: 331776K Free: 272939K (82%)
----------------- Invoking toplevel() on ptolemy.moml.MoMLSimpleApplication@7f9dbf33
----------------- Done invoking toplevel() on ptolemy.moml.MoMLSimpleApplication@7f9dbf33
reloadAllAccessors: .IterateOverArray2

===========================================================================================
----------------- testing Sat Oct 13 02:28:25 UTC 2018 /home/travis/build/icyphy/ptII/ptolemy/actor/lib/hoc/test/auto/IterateOverArray3.xml
----------------- Instantiating /home/travis/build/icyphy/ptII/ptolemy/actor/lib/hoc/test/auto/IterateOverArray3.xml
21 ms. Memory: 331776K Free: 264736K (80%)
----------------- Invoking toplevel() on ptolemy.moml.MoMLSimpleApplication@5b344d01
----------------- Done invoking toplevel() on ptolemy.moml.MoMLSimpleApplication@5b344d01
reloadAllAccessors: .IterateOverArray3

===========================================================================================
----------------- testing Sat Oct 13 02:28:25 UTC 2018 /home/travis/build/icyphy/ptII/ptolemy/actor/lib/hoc/test/auto/IterateOverArray4.xml
----------------- Instantiating /home/travis/build/icyphy/ptII/ptolemy/actor/lib/hoc/test/auto/IterateOverArray4.xml
5 ms. Memory: 331776K Free: 259830K (78%)
----------------- Invoking toplevel() on ptolemy.moml.MoMLSimpleApplication@67a6e077
----------------- Done invoking toplevel() on ptolemy.moml.MoMLSimpleApplication@67a6e077
reloadAllAccessors: .IterateOverArray4

===========================================================================================
----------------- testing Sat Oct 13 02:28:25 UTC 2018 /home/travis/build/icyphy/ptII/ptolemy/actor/lib/hoc/test/auto/IterateOverArray5.xml
----------------- Instantiating /home/travis/build/icyphy/ptII/ptolemy/actor/lib/hoc/test/auto/IterateOverArray5.xml
3 ms. Memory: 331776K Free: 254925K (77%)
----------------- Invoking toplevel() on ptolemy.moml.MoMLSimpleApplication@32227ad1
----------------- Done invoking toplevel() on ptolemy.moml.MoMLSimpleApplication@32227ad1
reloadAllAccessors: .IterateOverArray5

===========================================================================================
----------------- testing Sat Oct 13 02:28:25 UTC 2018 /home/travis/build/icyphy/ptII/ptolemy/actor/lib/hoc/test/auto/IterateOverArray6.xml
----------------- Instantiating /home/travis/build/icyphy/ptII/ptolemy/actor/lib/hoc/test/auto/IterateOverArray6.xml
3 ms. Memory: 331776K Free: 250401K (75%)
----------------- Invoking toplevel() on ptolemy.moml.MoMLSimpleApplication@5f8401c3
----------------- Done invoking toplevel() on ptolemy.moml.MoMLSimpleApplication@5f8401c3
reloadAllAccessors: .IterateOverArray6

===========================================================================================
----------------- testing Sat Oct 13 02:28:25 UTC 2018 /home/travis/build/icyphy/ptII/ptolemy/actor/lib/hoc/test/auto/IterateOverArray7.xml
----------------- Instantiating /home/travis/build/icyphy/ptII/ptolemy/actor/lib/hoc/test/auto/IterateOverArray7.xml
7 ms. Memory: 331776K Free: 245496K (74%)
----------------- Invoking toplevel() on ptolemy.moml.MoMLSimpleApplication@5609e071
----------------- Done invoking toplevel() on ptolemy.moml.MoMLSimpleApplication@5609e071
reloadAllAccessors: .IterateOverArray7

===========================================================================================
----------------- testing Sat Oct 13 02:28:25 UTC 2018 /home/travis/build/icyphy/ptII/ptolemy/actor/lib/hoc/test/auto/IterateOverArray8.xml
----------------- Instantiating /home/travis/build/icyphy/ptII/ptolemy/actor/lib/hoc/test/auto/IterateOverArray8.xml
5 ms. Memory: 331776K Free: 239745K (72%)
----------------- Invoking toplevel() on ptolemy.moml.MoMLSimpleApplication@29d8aa35
----------------- Done invoking toplevel() on ptolemy.moml.MoMLSimpleApplication@29d8aa35
reloadAllAccessors: .IterateOverArray8

===========================================================================================
----------------- testing Sat Oct 13 02:28:25 UTC 2018 /home/travis/build/icyphy/ptII/ptolemy/actor/lib/hoc/test/auto/IterateOverArray9.xml
----------------- Instantiating /home/travis/build/icyphy/ptII/ptolemy/actor/lib/hoc/test/auto/IterateOverArray9.xml
8 ms. Memory: 331776K Free: 234840K (71%)
----------------- Invoking toplevel() on ptolemy.moml.MoMLSimpleApplication@513903b9
----------------- Done invoking toplevel() on ptolemy.moml.MoMLSimpleApplication@513903b9
reloadAllAccessors: .IterateOverArray9

===========================================================================================
----------------- testing Sat Oct 13 02:28:25 UTC 2018 /home/travis/build/icyphy/ptII/ptolemy/actor/lib/hoc/test/auto/IterateOverArrayCoercedOutputType.xml
----------------- Instantiating /home/travis/build/icyphy/ptII/ptolemy/actor/lib/hoc/test/auto/IterateOverArrayCoercedOutputType.xml
5 ms. Memory: 331776K Free: 228709K (69%)
----------------- Invoking toplevel() on ptolemy.moml.MoMLSimpleApplication@36e2d211
----------------- Done invoking toplevel() on ptolemy.moml.MoMLSimpleApplication@36e2d211
reloadAllAccessors: .IterateOverArrayCoercedOutputType

===========================================================================================
----------------- testing Sat Oct 13 02:28:25 UTC 2018 /home/travis/build/icyphy/ptII/ptolemy/actor/lib/hoc/test/auto/IterateOverArrayInferredOutputType.xml
----------------- Instantiating /home/travis/build/icyphy/ptII/ptolemy/actor/lib/hoc/test/auto/IterateOverArrayInferredOutputType.xml
9 ms. Memory: 331776K Free: 221731K (67%)
----------------- Invoking toplevel() on ptolemy.moml.MoMLSimpleApplication@7e1c76f
----------------- Done invoking toplevel() on ptolemy.moml.MoMLSimpleApplication@7e1c76f
reloadAllAccessors: .IterateOverArrayInferredOutputType

===========================================================================================
----------------- testing Sat Oct 13 02:28:25 UTC 2018 /home/travis/build/icyphy/ptII/ptolemy/actor/lib/hoc/test/auto/MobileFunctionTest.xml
----------------- Instantiating /home/travis/build/icyphy/ptII/ptolemy/actor/lib/hoc/test/auto/MobileFunctionTest.xml
5 ms. Memory: 331776K Free: 216826K (65%)
----------------- Invoking toplevel() on ptolemy.moml.MoMLSimpleApplication@4e0e9c5a
----------------- Done invoking toplevel() on ptolemy.moml.MoMLSimpleApplication@4e0e9c5a
reloadAllAccessors: .MobileFunctionTest

===========================================================================================
----------------- testing Sat Oct 13 02:28:25 UTC 2018 /home/travis/build/icyphy/ptII/ptolemy/actor/lib/hoc/test/auto/MobileModelTest.xml
----------------- Instantiating /home/travis/build/icyphy/ptII/ptolemy/actor/lib/hoc/test/auto/MobileModelTest.xml
103 ms. Memory: 331776K Free: 195971K (59%)
----------------- Invoking toplevel() on ptolemy.moml.MoMLSimpleApplication@59ee0f60
----------------- Done invoking toplevel() on ptolemy.moml.MoMLSimpleApplication@59ee0f60
reloadAllAccessors: .MobileModelTest

===========================================================================================
----------------- testing Sat Oct 13 02:28:25 UTC 2018 /home/travis/build/icyphy/ptII/ptolemy/actor/lib/hoc/test/auto/ModelReference.xml
----------------- Instantiating /home/travis/build/icyphy/ptII/ptolemy/actor/lib/hoc/test/auto/ModelReference.xml
4 ms. Memory: 331776K Free: 186510K (56%)
3 ms. Memory: 331776K Free: 185267K (56%)
2 ms. Memory: 331776K Free: 185267K (56%)
5 ms. Memory: 331776K Free: 184025K (55%)
2 ms. Memory: 331776K Free: 182783K (55%)
2 ms. Memory: 331776K Free: 182783K (55%)
2 ms. Memory: 331776K Free: 181541K (55%)
2 ms. Memory: 331776K Free: 180314K (54%)
2 ms. Memory: 331776K Free: 180314K (54%)
4 ms. Memory: 331776K Free: 179080K (54%)
36 ms. Memory: 331776K Free: 179080K (54%)
----------------- Invoking toplevel() on ptolemy.moml.MoMLSimpleApplication@b2b3eeb
----------------- Done invoking toplevel() on ptolemy.moml.MoMLSimpleApplication@b2b3eeb
reloadAllAccessors: .ModelReference

===========================================================================================
----------------- testing Sat Oct 13 02:28:25 UTC 2018 /home/travis/build/icyphy/ptII/ptolemy/actor/lib/hoc/test/auto/ModelReference3.xml
----------------- Instantiating /home/travis/build/icyphy/ptII/ptolemy/actor/lib/hoc/test/auto/ModelReference3.xml
2 ms. Memory: 331776K Free: 172917K (52%)
5 ms. Memory: 331776K Free: 172917K (52%)
2 ms. Memory: 331776K Free: 171691K (52%)
4 ms. Memory: 331776K Free: 170448K (51%)
2 ms. Memory: 331776K Free: 170448K (51%)
1 ms. Memory: 331776K Free: 169206K (51%)
1 ms. Memory: 331776K Free: 167972K (51%)
3 ms. Memory: 331776K Free: 167972K (51%)
2 ms. Memory: 331776K Free: 166730K (50%)
4 ms. Memory: 331776K Free: 165487K (50%)
36 ms. Memory: 331776K Free: 165487K (50%)
----------------- Invoking toplevel() on ptolemy.moml.MoMLSimpleApplication@5e1f2408
----------------- Done invoking toplevel() on ptolemy.moml.MoMLSimpleApplication@5e1f2408
reloadAllAccessors: .ModelReference3

===========================================================================================
----------------- testing Sat Oct 13 02:28:25 UTC 2018 /home/travis/build/icyphy/ptII/ptolemy/actor/lib/hoc/test/auto/ModelReference4.xml
----------------- Instantiating /home/travis/build/icyphy/ptII/ptolemy/actor/lib/hoc/test/auto/ModelReference4.xml
8 ms. Memory: 331776K Free: 158478K (48%)
8 ms. Memory: 331776K Free: 157252K (47%)
3 ms. Memory: 331776K Free: 154799K (47%)
3 ms. Memory: 331776K Free: 153573K (46%)
7 ms. Memory: 331776K Free: 152347K (46%)
5 ms. Memory: 331776K Free: 151120K (46%)
5 ms. Memory: 331776K Free: 149894K (45%)
5 ms. Memory: 331776K Free: 148668K (45%)
3 ms. Memory: 331776K Free: 146200K (44%)
2 ms. Memory: 331776K Free: 144973K (44%)
10022 ms. Memory: 331776K Free: 144973K (44%)
----------------- Invoking toplevel() on ptolemy.moml.MoMLSimpleApplication@7f04277
----------------- Done invoking toplevel() on ptolemy.moml.MoMLSimpleApplication@7f04277
reloadAllAccessors: .ModelReference4

===========================================================================================
----------------- testing Sat Oct 13 02:28:35 UTC 2018 /home/travis/build/icyphy/ptII/ptolemy/actor/lib/hoc/test/auto/MultiInstanceComposite.xml
----------------- Instantiating /home/travis/build/icyphy/ptII/ptolemy/actor/lib/hoc/test/auto/MultiInstanceComposite.xml
23 ms. Memory: 331776K Free: 127718K (38%)
----------------- Invoking toplevel() on ptolemy.moml.MoMLSimpleApplication@19902e50
----------------- Done invoking toplevel() on ptolemy.moml.MoMLSimpleApplication@19902e50
reloadAllAccessors: .MultiInstanceComposite

===========================================================================================
----------------- testing Sat Oct 13 02:28:35 UTC 2018 /home/travis/build/icyphy/ptII/ptolemy/actor/lib/hoc/test/auto/MultiInstanceComposite2.xml
----------------- Instantiating /home/travis/build/icyphy/ptII/ptolemy/actor/lib/hoc/test/auto/MultiInstanceComposite2.xml
19 ms. Memory: 331776K Free: 114125K (34%)
----------------- Invoking toplevel() on ptolemy.moml.MoMLSimpleApplication@90ac8fc
----------------- Done invoking toplevel() on ptolemy.moml.MoMLSimpleApplication@90ac8fc
reloadAllAccessors: .MultiInstanceComposite2

===========================================================================================
----------------- testing Sat Oct 13 02:28:35 UTC 2018 /home/travis/build/icyphy/ptII/ptolemy/actor/lib/hoc/test/auto/MulticoreExecution.xml
----------------- Instantiating /home/travis/build/icyphy/ptII/ptolemy/actor/lib/hoc/test/auto/MulticoreExecution.xml
Fired ExecutionTime: 2400000
Fired ExecutionTime: 2800000
Fired ExecutionTime: 4800000
Fired ExecutionTime: 2400000
Fired ExecutionTime: 12400000
Fired ExecutionTime: 14400000
Fired ExecutionTime: 68400000
Fired ExecutionTime: 67600000
Fired ExecutionTime: 66000000
Fired ExecutionTime: 66400000
Fired ExecutionTime: 65200000
Fired ExecutionTime: 65600000
Fired ExecutionTime: 66000000
Fired ExecutionTime: 70000000
Fired ExecutionTime: 64000000
Fired ExecutionTime: 68000000
Fired ExecutionTime: 66400000
Fired ExecutionTime: 67200000
Fired ExecutionTime: 64400000
Fired ExecutionTime: 64800000
1065 ms. Memory: 331776K Free: 99757K (30%)
----------------- Invoking toplevel() on ptolemy.moml.MoMLSimpleApplication@19f706a2
----------------- Done invoking toplevel() on ptolemy.moml.MoMLSimpleApplication@19f706a2
reloadAllAccessors: .MulticoreExecution

===========================================================================================
----------------- testing Sat Oct 13 02:28:36 UTC 2018 /home/travis/build/icyphy/ptII/ptolemy/actor/lib/hoc/test/auto/ParallelExecution.xml
----------------- Instantiating /home/travis/build/icyphy/ptII/ptolemy/actor/lib/hoc/test/auto/ParallelExecution.xml
932 ms. Memory: 331776K Free: 88697K (27%)
----------------- Invoking toplevel() on ptolemy.moml.MoMLSimpleApplication@410917b4
----------------- Done invoking toplevel() on ptolemy.moml.MoMLSimpleApplication@410917b4
reloadAllAccessors: .ParallelExecution

===========================================================================================
----------------- testing Sat Oct 13 02:28:37 UTC 2018 /home/travis/build/icyphy/ptII/ptolemy/actor/lib/hoc/test/auto/RunCompositeActor.xml
----------------- Instantiating /home/travis/build/icyphy/ptII/ptolemy/actor/lib/hoc/test/auto/RunCompositeActor.xml
7 ms. Memory: 331776K Free: 79470K (24%)
----------------- Invoking toplevel() on ptolemy.moml.MoMLSimpleApplication@c6b63c1
----------------- Done invoking toplevel() on ptolemy.moml.MoMLSimpleApplication@c6b63c1
reloadAllAccessors: .RunCompositeActor

===========================================================================================
----------------- testing Sat Oct 13 02:28:38 UTC 2018 /home/travis/build/icyphy/ptII/ptolemy/actor/lib/hoc/test/auto/RunCompositeActor2.xml
----------------- Instantiating /home/travis/build/icyphy/ptII/ptolemy/actor/lib/hoc/test/auto/RunCompositeActor2.xml
3 ms. Memory: 332288K Free: 315926K (95%)
----------------- Invoking toplevel() on ptolemy.moml.MoMLSimpleApplication@18f7fcfb
----------------- Done invoking toplevel() on ptolemy.moml.MoMLSimpleApplication@18f7fcfb
reloadAllAccessors: .RunCompositeActor2

===========================================================================================
----------------- testing Sat Oct 13 02:28:38 UTC 2018 /home/travis/build/icyphy/ptII/ptolemy/actor/lib/hoc/test/auto/RunCompositeActor3.xml
----------------- Instantiating /home/travis/build/icyphy/ptII/ptolemy/actor/lib/hoc/test/auto/RunCompositeActor3.xml
4 ms. Memory: 332288K Free: 309178K (93%)
----------------- Invoking toplevel() on ptolemy.moml.MoMLSimpleApplication@2e12015a
----------------- Done invoking toplevel() on ptolemy.moml.MoMLSimpleApplication@2e12015a
reloadAllAccessors: .RunCompositeActor3

===========================================================================================
----------------- testing Sat Oct 13 02:28:38 UTC 2018 /home/travis/build/icyphy/ptII/ptolemy/actor/lib/hoc/test/auto/RunCompositeActor4.xml
----------------- Instantiating /home/travis/build/icyphy/ptII/ptolemy/actor/lib/hoc/test/auto/RunCompositeActor4.xml
13 ms. Memory: 332288K Free: 299759K (90%)
----------------- Invoking toplevel() on ptolemy.moml.MoMLSimpleApplication@72008587
----------------- Done invoking toplevel() on ptolemy.moml.MoMLSimpleApplication@72008587
reloadAllAccessors: .RunCompositeActor4

===========================================================================================
----------------- testing Sat Oct 13 02:28:38 UTC 2018 /home/travis/build/icyphy/ptII/ptolemy/actor/lib/hoc/test/auto/RunCompositeIterateOverArray.xml
----------------- Instantiating /home/travis/build/icyphy/ptII/ptolemy/actor/lib/hoc/test/auto/RunCompositeIterateOverArray.xml
4 ms. Memory: 332288K Free: 293588K (88%)
----------------- Invoking toplevel() on ptolemy.moml.MoMLSimpleApplication@3ec3e02d
----------------- Done invoking toplevel() on ptolemy.moml.MoMLSimpleApplication@3ec3e02d
reloadAllAccessors: .RunCompositeIterateOverArray

===========================================================================================
----------------- testing Sat Oct 13 02:28:38 UTC 2018 /home/travis/build/icyphy/ptII/ptolemy/actor/lib/hoc/test/auto/ThreadedJS.xml
----------------- Instantiating /home/travis/build/icyphy/ptII/ptolemy/actor/lib/hoc/test/auto/ThreadedJS.xml
1730 ms. Memory: 539648K Free: 154913K (29%)
----------------- Invoking toplevel() on ptolemy.moml.MoMLSimpleApplication@2de14b5c
----------------- Done invoking toplevel() on ptolemy.moml.MoMLSimpleApplication@2de14b5c
reloadAllAccessors: .ThreadedJS
AutoTests.java: About to close Vertx.
AutoTests.java: Vertx closed.
]]></system-out>
  <system-err><![CDATA[java.lang.RuntimeException: Execution failed
	at ptolemy.moml.MoMLSimpleApplication$UnloadThread.run(MoMLSimpleApplication.java:402)
Caused by: ptolemy.kernel.util.IllegalActionException: initialize() was called after wrapup() was called but preinitialize() was not called after wrapup().
	at ptolemy.actor.lib.hoc.test.PreinitializeMustBeInvoked.initialize(PreinitializeMustBeInvoked.java:78)
	at ptolemy.actor.Director.initialize(Director.java:938)
	at ptolemy.actor.Director.initialize(Director.java:907)
	at ptolemy.actor.sched.StaticSchedulingDirector.initialize(StaticSchedulingDirector.java:159)
	at ptolemy.domains.sdf.kernel.SDFDirector.initialize(SDFDirector.java:544)
	at ptolemy.actor.CompositeActor.initialize(CompositeActor.java:935)
	at ptolemy.actor.lib.hoc.LifeCycleManager._executeInsideModel(LifeCycleManager.java:339)
	at ptolemy.actor.lib.hoc.RunCompositeActor.fire(RunCompositeActor.java:205)
	at ptolemy.actor.CompositeActor.iterate(CompositeActor.java:1146)
	at ptolemy.actor.sched.StaticSchedulingDirector.fire(StaticSchedulingDirector.java:216)
	at ptolemy.domains.sdf.kernel.SDFDirector.fire(SDFDirector.java:500)
	at ptolemy.actor.CompositeActor.fire(CompositeActor.java:455)
	at ptolemy.actor.Manager.iterate(Manager.java:851)
	at ptolemy.actor.Manager.execute(Manager.java:369)
	at ptolemy.actor.Manager.run(Manager.java:1263)
	at ptolemy.actor.Manager$PtolemyRunThread.run(Manager.java:1915)
java.lang.reflect.InvocationTargetException
	at sun.reflect.NativeConstructorAccessorImpl.newInstance0(Native Method)
	at sun.reflect.NativeConstructorAccessorImpl.newInstance(NativeConstructorAccessorImpl.java:62)
	at sun.reflect.DelegatingConstructorAccessorImpl.newInstance(DelegatingConstructorAccessorImpl.java:45)
	at java.lang.reflect.Constructor.newInstance(Constructor.java:423)
	at ptolemy.util.test.junit.AutoKnownFailedTests.RunModel(AutoKnownFailedTests.java:107)
	at sun.reflect.NativeMethodAccessorImpl.invoke0(Native Method)
	at sun.reflect.NativeMethodAccessorImpl.invoke(NativeMethodAccessorImpl.java:62)
	at sun.reflect.DelegatingMethodAccessorImpl.invoke(DelegatingMethodAccessorImpl.java:43)
	at java.lang.reflect.Method.invoke(Method.java:498)
	at org.junit.runners.model.FrameworkMethod$1.runReflectiveCall(FrameworkMethod.java:44)
	at org.junit.internal.runners.model.ReflectiveCallable.run(ReflectiveCallable.java:15)
	at org.junit.runners.model.FrameworkMethod.invokeExplosively(FrameworkMethod.java:41)
	at junitparams.internal.InvokeParameterisedMethod.evaluate(InvokeParameterisedMethod.java:102)
	at org.junit.internal.runners.statements.FailOnTimeout$1.run(FailOnTimeout.java:28)
Caused by: ptolemy.kernel.util.IllegalActionException: initialize() was called after wrapup() was called but preinitialize() was not called after wrapup().
	at ptolemy.actor.lib.hoc.test.PreinitializeMustBeInvoked.initialize(PreinitializeMustBeInvoked.java:78)
	at ptolemy.actor.Director.initialize(Director.java:938)
	at ptolemy.actor.Director.initialize(Director.java:907)
	at ptolemy.actor.sched.StaticSchedulingDirector.initialize(StaticSchedulingDirector.java:159)
	at ptolemy.domains.sdf.kernel.SDFDirector.initialize(SDFDirector.java:544)
	at ptolemy.actor.CompositeActor.initialize(CompositeActor.java:935)
	at ptolemy.actor.lib.hoc.LifeCycleManager._executeInsideModel(LifeCycleManager.java:339)
	at ptolemy.actor.lib.hoc.RunCompositeActor.fire(RunCompositeActor.java:205)
	at ptolemy.actor.CompositeActor.iterate(CompositeActor.java:1146)
	at ptolemy.actor.sched.StaticSchedulingDirector.fire(StaticSchedulingDirector.java:216)
	at ptolemy.domains.sdf.kernel.SDFDirector.fire(SDFDirector.java:500)
	at ptolemy.actor.CompositeActor.fire(CompositeActor.java:455)
	at ptolemy.actor.Manager.iterate(Manager.java:851)
	at ptolemy.actor.Manager.execute(Manager.java:369)
	at ptolemy.actor.Manager.run(Manager.java:1263)
	at ptolemy.actor.Manager$PtolemyRunThread.run(Manager.java:1915)
]]></system-err>
</testsuite>
