<?xml version="1.0" encoding="UTF-8" ?>
<testsuite errors="0" failures="0" hostname="travis-job-224e5dad-4f14-4099-ba2e-439f9089b950" name="ptolemy.actor.lib.hoc.test.junit.JUnitTclTest" skipped="0" tests="58" time="32.347" timestamp="2019-08-05T18:12:44">
  <properties>
[...]
</properties>
  <testcase classname="ptolemy.util.test.junit.TclTests" name="[0] /home/travis/build/icyphy/ptII/ptolemy/actor/lib/hoc/test/IterateOverArray.tcl (RunTclFile)" time="0.304" />
  <testcase classname="ptolemy.util.test.junit.AutoKnownFailedTests" name="[0] /home/travis/build/icyphy/ptII/ptolemy/actor/lib/hoc/test/auto/knownFailedTests/PreinitializeMustBeInvokedRunComposite.xml (RunModel)" time="0.479" />
  <testcase classname="ptolemy.util.test.junit.AutoNameArchTests" name="[0] ThereAreNoAutoArchTests (RunModel)" time="0.004" />
  <testcase classname="ptolemy.util.test.junit.AutoTests" name="[0] /home/travis/build/icyphy/ptII/ptolemy/actor/lib/hoc/test/auto/AllToAllMultiInstanceComposite.xml (RunModel)" time="0.457" />
  <testcase classname="ptolemy.util.test.junit.AutoTests" name="[1] /home/travis/build/icyphy/ptII/ptolemy/actor/lib/hoc/test/auto/ApplyFFTTest.xml (RunModel)" time="0.307" />
  <testcase classname="ptolemy.util.test.junit.AutoTests" name="[2] /home/travis/build/icyphy/ptII/ptolemy/actor/lib/hoc/test/auto/ApplyFunction.xml (RunModel)" time="0.04" />
  <testcase classname="ptolemy.util.test.junit.AutoTests" name="[3] /home/travis/build/icyphy/ptII/ptolemy/actor/lib/hoc/test/auto/BackgroundExecution.xml (RunModel)" time="0.78" />
  <testcase classname="ptolemy.util.test.junit.AutoTests" name="[4] /home/travis/build/icyphy/ptII/ptolemy/actor/lib/hoc/test/auto/Case.xml (RunModel)" time="0.142" />
  <testcase classname="ptolemy.util.test.junit.AutoTests" name="[5] /home/travis/build/icyphy/ptII/ptolemy/actor/lib/hoc/test/auto/Case1.xml (RunModel)" time="0.089" />
  <testcase classname="ptolemy.util.test.junit.AutoTests" name="[6] /home/travis/build/icyphy/ptII/ptolemy/actor/lib/hoc/test/auto/Case2.xml (RunModel)" time="0.127" />
  <testcase classname="ptolemy.util.test.junit.AutoTests" name="[7] /home/travis/build/icyphy/ptII/ptolemy/actor/lib/hoc/test/auto/Case3.xml (RunModel)" time="0.05" />
  <testcase classname="ptolemy.util.test.junit.AutoTests" name="[8] /home/travis/build/icyphy/ptII/ptolemy/actor/lib/hoc/test/auto/Case4.xml (RunModel)" time="0.056" />
  <testcase classname="ptolemy.util.test.junit.AutoTests" name="[9] /home/travis/build/icyphy/ptII/ptolemy/actor/lib/hoc/test/auto/Case5.xml (RunModel)" time="0.091" />
  <testcase classname="ptolemy.util.test.junit.AutoTests" name="[10] /home/travis/build/icyphy/ptII/ptolemy/actor/lib/hoc/test/auto/Case6.xml (RunModel)" time="0.122" />
  <testcase classname="ptolemy.util.test.junit.AutoTests" name="[11] /home/travis/build/icyphy/ptII/ptolemy/actor/lib/hoc/test/auto/CaseString2.xml (RunModel)" time="0.041" />
  <testcase classname="ptolemy.util.test.junit.AutoTests" name="[12] /home/travis/build/icyphy/ptII/ptolemy/actor/lib/hoc/test/auto/CatchUpComposite1.xml (RunModel)" time="0.058" />
  <testcase classname="ptolemy.util.test.junit.AutoTests" name="[13] /home/travis/build/icyphy/ptII/ptolemy/actor/lib/hoc/test/auto/CatchUpComposite2.xml (RunModel)" time="0.04" />
  <testcase classname="ptolemy.util.test.junit.AutoTests" name="[14] /home/travis/build/icyphy/ptII/ptolemy/actor/lib/hoc/test/auto/CatchUpComposite3.xml (RunModel)" time="0.047" />
  <testcase classname="ptolemy.util.test.junit.AutoTests" name="[15] /home/travis/build/icyphy/ptII/ptolemy/actor/lib/hoc/test/auto/CatchUpComposite4.xml (RunModel)" time="0.043" />
  <testcase classname="ptolemy.util.test.junit.AutoTests" name="[16] /home/travis/build/icyphy/ptII/ptolemy/actor/lib/hoc/test/auto/CatchUpComposite5.xml (RunModel)" time="0.049" />
  <testcase classname="ptolemy.util.test.junit.AutoTests" name="[17] /home/travis/build/icyphy/ptII/ptolemy/actor/lib/hoc/test/auto/CatchUpComposite6.xml (RunModel)" time="0.166" />
  <testcase classname="ptolemy.util.test.junit.AutoTests" name="[18] /home/travis/build/icyphy/ptII/ptolemy/actor/lib/hoc/test/auto/CatchUpComposite7.xml (RunModel)" time="0.095" />
  <testcase classname="ptolemy.util.test.junit.AutoTests" name="[19] /home/travis/build/icyphy/ptII/ptolemy/actor/lib/hoc/test/auto/ConcurrentExecutionTimeSDF.xml (RunModel)" time="1.363" />
  <testcase classname="ptolemy.util.test.junit.AutoTests" name="[20] /home/travis/build/icyphy/ptII/ptolemy/actor/lib/hoc/test/auto/ConcurrentSleep.xml (RunModel)" time="0.76" />
  <testcase classname="ptolemy.util.test.junit.AutoTests" name="[21] /home/travis/build/icyphy/ptII/ptolemy/actor/lib/hoc/test/auto/DEInPNInRunCompositeActor.xml (RunModel)" time="0.037" />
  <testcase classname="ptolemy.util.test.junit.AutoTests" name="[22] /home/travis/build/icyphy/ptII/ptolemy/actor/lib/hoc/test/auto/DFTSubSetTest.xml (RunModel)" time="0.315" />
  <testcase classname="ptolemy.util.test.junit.AutoTests" name="[23] /home/travis/build/icyphy/ptII/ptolemy/actor/lib/hoc/test/auto/HocDE.xml (RunModel)" time="0.156" />
  <testcase classname="ptolemy.util.test.junit.AutoTests" name="[24] /home/travis/build/icyphy/ptII/ptolemy/actor/lib/hoc/test/auto/IterateOverArray.xml (RunModel)" time="0.022" />
  <testcase classname="ptolemy.util.test.junit.AutoTests" name="[25] /home/travis/build/icyphy/ptII/ptolemy/actor/lib/hoc/test/auto/IterateOverArray10.xml (RunModel)" time="0.014" />
  <testcase classname="ptolemy.util.test.junit.AutoTests" name="[26] /home/travis/build/icyphy/ptII/ptolemy/actor/lib/hoc/test/auto/IterateOverArray11.xml (RunModel)" time="0.032" />
  <testcase classname="ptolemy.util.test.junit.AutoTests" name="[27] /home/travis/build/icyphy/ptII/ptolemy/actor/lib/hoc/test/auto/IterateOverArray12.xml (RunModel)" time="0.04" />
  <testcase classname="ptolemy.util.test.junit.AutoTests" name="[28] /home/travis/build/icyphy/ptII/ptolemy/actor/lib/hoc/test/auto/IterateOverArray13.xml (RunModel)" time="0.175" />
  <testcase classname="ptolemy.util.test.junit.AutoTests" name="[29] /home/travis/build/icyphy/ptII/ptolemy/actor/lib/hoc/test/auto/IterateOverArray14.xml (RunModel)" time="0.165" />
  <testcase classname="ptolemy.util.test.junit.AutoTests" name="[30] /home/travis/build/icyphy/ptII/ptolemy/actor/lib/hoc/test/auto/IterateOverArray2.xml (RunModel)" time="0.027" />
  <testcase classname="ptolemy.util.test.junit.AutoTests" name="[31] /home/travis/build/icyphy/ptII/ptolemy/actor/lib/hoc/test/auto/IterateOverArray3.xml (RunModel)" time="0.04" />
  <testcase classname="ptolemy.util.test.junit.AutoTests" name="[32] /home/travis/build/icyphy/ptII/ptolemy/actor/lib/hoc/test/auto/IterateOverArray4.xml (RunModel)" time="0.024" />
  <testcase classname="ptolemy.util.test.junit.AutoTests" name="[33] /home/travis/build/icyphy/ptII/ptolemy/actor/lib/hoc/test/auto/IterateOverArray5.xml (RunModel)" time="0.023" />
  <testcase classname="ptolemy.util.test.junit.AutoTests" name="[34] /home/travis/build/icyphy/ptII/ptolemy/actor/lib/hoc/test/auto/IterateOverArray6.xml (RunModel)" time="0.017" />
  <testcase classname="ptolemy.util.test.junit.AutoTests" name="[35] /home/travis/build/icyphy/ptII/ptolemy/actor/lib/hoc/test/auto/IterateOverArray7.xml (RunModel)" time="0.03" />
  <testcase classname="ptolemy.util.test.junit.AutoTests" name="[36] /home/travis/build/icyphy/ptII/ptolemy/actor/lib/hoc/test/auto/IterateOverArray8.xml (RunModel)" time="0.035" />
  <testcase classname="ptolemy.util.test.junit.AutoTests" name="[37] /home/travis/build/icyphy/ptII/ptolemy/actor/lib/hoc/test/auto/IterateOverArray9.xml (RunModel)" time="0.034" />
  <testcase classname="ptolemy.util.test.junit.AutoTests" name="[38] /home/travis/build/icyphy/ptII/ptolemy/actor/lib/hoc/test/auto/IterateOverArrayCoercedOutputType.xml (RunModel)" time="0.039" />
  <testcase classname="ptolemy.util.test.junit.AutoTests" name="[39] /home/travis/build/icyphy/ptII/ptolemy/actor/lib/hoc/test/auto/IterateOverArrayInferredOutputType.xml (RunModel)" time="0.028" />
  <testcase classname="ptolemy.util.test.junit.AutoTests" name="[40] /home/travis/build/icyphy/ptII/ptolemy/actor/lib/hoc/test/auto/MobileFunctionTest.xml (RunModel)" time="0.031" />
  <testcase classname="ptolemy.util.test.junit.AutoTests" name="[41] /home/travis/build/icyphy/ptII/ptolemy/actor/lib/hoc/test/auto/MobileModelTest.xml (RunModel)" time="0.183" />
  <testcase classname="ptolemy.util.test.junit.AutoTests" name="[42] /home/travis/build/icyphy/ptII/ptolemy/actor/lib/hoc/test/auto/ModelReference.xml (RunModel)" time="0.068" />
  <testcase classname="ptolemy.util.test.junit.AutoTests" name="[43] /home/travis/build/icyphy/ptII/ptolemy/actor/lib/hoc/test/auto/ModelReference3.xml (RunModel)" time="0.046" />
  <testcase classname="ptolemy.util.test.junit.AutoTests" name="[44] /home/travis/build/icyphy/ptII/ptolemy/actor/lib/hoc/test/auto/ModelReference4.xml (RunModel)" time="10.024" />
  <testcase classname="ptolemy.util.test.junit.AutoTests" name="[45] /home/travis/build/icyphy/ptII/ptolemy/actor/lib/hoc/test/auto/MultiInstanceComposite.xml (RunModel)" time="0.057" />
  <testcase classname="ptolemy.util.test.junit.AutoTests" name="[46] /home/travis/build/icyphy/ptII/ptolemy/actor/lib/hoc/test/auto/MultiInstanceComposite2.xml (RunModel)" time="0.055" />
  <testcase classname="ptolemy.util.test.junit.AutoTests" name="[47] /home/travis/build/icyphy/ptII/ptolemy/actor/lib/hoc/test/auto/MulticoreExecution.xml (RunModel)" time="1.067" />
  <testcase classname="ptolemy.util.test.junit.AutoTests" name="[48] /home/travis/build/icyphy/ptII/ptolemy/actor/lib/hoc/test/auto/ParallelExecution.xml (RunModel)" time="0.95" />
  <testcase classname="ptolemy.util.test.junit.AutoTests" name="[49] /home/travis/build/icyphy/ptII/ptolemy/actor/lib/hoc/test/auto/RunCompositeActor.xml (RunModel)" time="0.015" />
  <testcase classname="ptolemy.util.test.junit.AutoTests" name="[50] /home/travis/build/icyphy/ptII/ptolemy/actor/lib/hoc/test/auto/RunCompositeActor2.xml (RunModel)" time="0.016" />
  <testcase classname="ptolemy.util.test.junit.AutoTests" name="[51] /home/travis/build/icyphy/ptII/ptolemy/actor/lib/hoc/test/auto/RunCompositeActor3.xml (RunModel)" time="0.012" />
  <testcase classname="ptolemy.util.test.junit.AutoTests" name="[52] /home/travis/build/icyphy/ptII/ptolemy/actor/lib/hoc/test/auto/RunCompositeActor4.xml (RunModel)" time="0.017" />
  <testcase classname="ptolemy.util.test.junit.AutoTests" name="[53] /home/travis/build/icyphy/ptII/ptolemy/actor/lib/hoc/test/auto/RunCompositeIterateOverArray.xml (RunModel)" time="0.016" />
  <testcase classname="ptolemy.util.test.junit.AutoTests" name="[54] /home/travis/build/icyphy/ptII/ptolemy/actor/lib/hoc/test/auto/ThreadedJS.xml (RunModel)" time="12.123" />
  <system-out><![CDATA[/home/travis/build/icyphy/ptII/ptolemy/actor/lib/hoc/test/IterateOverArray.tcl
testDefs.tcl: setting time out to 9000 seconds at Mon Aug 05 18:12:45 UTC 2019
08/05/19 06:12:45
Failed: 0  Total Tests: 2  ((Passed: 2, Newly Passed: 0)  Known Failed: 0) /home/travis/build/icyphy/ptII/ptolemy/actor/lib/hoc/test
----------------- testing (KnownFailure) /home/travis/build/icyphy/ptII/ptolemy/actor/lib/hoc/test/auto/knownFailedTests/PreinitializeMustBeInvokedRunComposite.xml
139 ms. Memory: 120832K Free: 79812K (66%)
Known Failure: java.lang.reflect.InvocationTargetException
No auto/linux-amd64/*.xml tests in /home/travis/build/icyphy/ptII/ptolemy/actor/lib/hoc/test
AutoTests.java: About to close Vertx.
AutoTests.java: Vertx closed.

===========================================================================================
----------------- testing Mon Aug 05 18:12:46 UTC 2019 /home/travis/build/icyphy/ptII/ptolemy/actor/lib/hoc/test/auto/AllToAllMultiInstanceComposite.xml
----------------- Instantiating /home/travis/build/icyphy/ptII/ptolemy/actor/lib/hoc/test/auto/AllToAllMultiInstanceComposite.xml
217 ms. Memory: 120832K Free: 106126K (88%)
----------------- Invoking toplevel() on ptolemy.moml.MoMLSimpleApplication@75d2d6e
----------------- Done invoking toplevel() on ptolemy.moml.MoMLSimpleApplication@75d2d6e
reloadAllAccessors: .AllToAllMultiInstanceComposite

===========================================================================================
----------------- testing Mon Aug 05 18:12:46 UTC 2019 /home/travis/build/icyphy/ptII/ptolemy/actor/lib/hoc/test/auto/ApplyFFTTest.xml
----------------- Instantiating /home/travis/build/icyphy/ptII/ptolemy/actor/lib/hoc/test/auto/ApplyFFTTest.xml
148 ms. Memory: 120832K Free: 87947K (73%)
----------------- Invoking toplevel() on ptolemy.moml.MoMLSimpleApplication@43a0a196
----------------- Done invoking toplevel() on ptolemy.moml.MoMLSimpleApplication@43a0a196
reloadAllAccessors: .ApplyFFTTest

===========================================================================================
----------------- testing Mon Aug 05 18:12:46 UTC 2019 /home/travis/build/icyphy/ptII/ptolemy/actor/lib/hoc/test/auto/ApplyFunction.xml
----------------- Instantiating /home/travis/build/icyphy/ptII/ptolemy/actor/lib/hoc/test/auto/ApplyFunction.xml
6 ms. Memory: 120832K Free: 84527K (70%)
----------------- Invoking toplevel() on ptolemy.moml.MoMLSimpleApplication@79fe0992
----------------- Done invoking toplevel() on ptolemy.moml.MoMLSimpleApplication@79fe0992
reloadAllAccessors: .ApplyFunction

===========================================================================================
----------------- testing Mon Aug 05 18:12:47 UTC 2019 /home/travis/build/icyphy/ptII/ptolemy/actor/lib/hoc/test/auto/BackgroundExecution.xml
----------------- Instantiating /home/travis/build/icyphy/ptII/ptolemy/actor/lib/hoc/test/auto/BackgroundExecution.xml
636 ms. Memory: 120832K Free: 77505K (64%)
----------------- Invoking toplevel() on ptolemy.moml.MoMLSimpleApplication@6364dd5
----------------- Done invoking toplevel() on ptolemy.moml.MoMLSimpleApplication@6364dd5
reloadAllAccessors: .BackgroundExecution

===========================================================================================
----------------- testing Mon Aug 05 18:12:47 UTC 2019 /home/travis/build/icyphy/ptII/ptolemy/actor/lib/hoc/test/auto/Case.xml
----------------- Instantiating /home/travis/build/icyphy/ptII/ptolemy/actor/lib/hoc/test/auto/Case.xml
21 ms. Memory: 145408K Free: 125848K (87%)
----------------- Invoking toplevel() on ptolemy.moml.MoMLSimpleApplication@483269f5
----------------- Done invoking toplevel() on ptolemy.moml.MoMLSimpleApplication@483269f5
reloadAllAccessors: .Case

===========================================================================================
----------------- testing Mon Aug 05 18:12:47 UTC 2019 /home/travis/build/icyphy/ptII/ptolemy/actor/lib/hoc/test/auto/Case1.xml
----------------- Instantiating /home/travis/build/icyphy/ptII/ptolemy/actor/lib/hoc/test/auto/Case1.xml
25 ms. Memory: 145408K Free: 119117K (82%)
----------------- Invoking toplevel() on ptolemy.moml.MoMLSimpleApplication@5459acc9
----------------- Done invoking toplevel() on ptolemy.moml.MoMLSimpleApplication@5459acc9
reloadAllAccessors: .Case1

===========================================================================================
----------------- testing Mon Aug 05 18:12:48 UTC 2019 /home/travis/build/icyphy/ptII/ptolemy/actor/lib/hoc/test/auto/Case2.xml
----------------- Instantiating /home/travis/build/icyphy/ptII/ptolemy/actor/lib/hoc/test/auto/Case2.xml
49 ms. Memory: 145408K Free: 109241K (75%)
----------------- Invoking toplevel() on ptolemy.moml.MoMLSimpleApplication@2b136dae
----------------- Done invoking toplevel() on ptolemy.moml.MoMLSimpleApplication@2b136dae
reloadAllAccessors: .Case2

===========================================================================================
----------------- testing Mon Aug 05 18:12:48 UTC 2019 /home/travis/build/icyphy/ptII/ptolemy/actor/lib/hoc/test/auto/Case3.xml
----------------- Instantiating /home/travis/build/icyphy/ptII/ptolemy/actor/lib/hoc/test/auto/Case3.xml
8 ms. Memory: 145408K Free: 102992K (71%)
----------------- Invoking toplevel() on ptolemy.moml.MoMLSimpleApplication@201c7975
----------------- Done invoking toplevel() on ptolemy.moml.MoMLSimpleApplication@201c7975
reloadAllAccessors: .Case3

===========================================================================================
----------------- testing Mon Aug 05 18:12:48 UTC 2019 /home/travis/build/icyphy/ptII/ptolemy/actor/lib/hoc/test/auto/Case4.xml
----------------- Instantiating /home/travis/build/icyphy/ptII/ptolemy/actor/lib/hoc/test/auto/Case4.xml
14 ms. Memory: 145408K Free: 95843K (66%)
----------------- Invoking toplevel() on ptolemy.moml.MoMLSimpleApplication@4672e169
----------------- Done invoking toplevel() on ptolemy.moml.MoMLSimpleApplication@4672e169
reloadAllAccessors: .Case4

===========================================================================================
----------------- testing Mon Aug 05 18:12:48 UTC 2019 /home/travis/build/icyphy/ptII/ptolemy/actor/lib/hoc/test/auto/Case5.xml
----------------- Instantiating /home/travis/build/icyphy/ptII/ptolemy/actor/lib/hoc/test/auto/Case5.xml
52 ms. Memory: 145408K Free: 89715K (62%)
----------------- Invoking toplevel() on ptolemy.moml.MoMLSimpleApplication@2d44f61
----------------- Done invoking toplevel() on ptolemy.moml.MoMLSimpleApplication@2d44f61
reloadAllAccessors: .junk

===========================================================================================
----------------- testing Mon Aug 05 18:12:48 UTC 2019 /home/travis/build/icyphy/ptII/ptolemy/actor/lib/hoc/test/auto/Case6.xml
----------------- Instantiating /home/travis/build/icyphy/ptII/ptolemy/actor/lib/hoc/test/auto/Case6.xml
38 ms. Memory: 145408K Free: 121806K (84%)
----------------- Invoking toplevel() on ptolemy.moml.MoMLSimpleApplication@1d615161
----------------- Done invoking toplevel() on ptolemy.moml.MoMLSimpleApplication@1d615161
reloadAllAccessors: .Case6

===========================================================================================
----------------- testing Mon Aug 05 18:12:48 UTC 2019 /home/travis/build/icyphy/ptII/ptolemy/actor/lib/hoc/test/auto/CaseString2.xml
----------------- Instantiating /home/travis/build/icyphy/ptII/ptolemy/actor/lib/hoc/test/auto/CaseString2.xml
9 ms. Memory: 145408K Free: 113883K (78%)
----------------- Invoking toplevel() on ptolemy.moml.MoMLSimpleApplication@251e9dd5
----------------- Done invoking toplevel() on ptolemy.moml.MoMLSimpleApplication@251e9dd5
reloadAllAccessors: .CaseString2

===========================================================================================
----------------- testing Mon Aug 05 18:12:48 UTC 2019 /home/travis/build/icyphy/ptII/ptolemy/actor/lib/hoc/test/auto/CatchUpComposite1.xml
----------------- Instantiating /home/travis/build/icyphy/ptII/ptolemy/actor/lib/hoc/test/auto/CatchUpComposite1.xml
20 ms. Memory: 145408K Free: 105205K (72%)
----------------- Invoking toplevel() on ptolemy.moml.MoMLSimpleApplication@59d0e6ea
----------------- Done invoking toplevel() on ptolemy.moml.MoMLSimpleApplication@59d0e6ea
reloadAllAccessors: .CatchUpComposite1

===========================================================================================
----------------- testing Mon Aug 05 18:12:48 UTC 2019 /home/travis/build/icyphy/ptII/ptolemy/actor/lib/hoc/test/auto/CatchUpComposite2.xml
----------------- Instantiating /home/travis/build/icyphy/ptII/ptolemy/actor/lib/hoc/test/auto/CatchUpComposite2.xml
12 ms. Memory: 145408K Free: 96796K (67%)
----------------- Invoking toplevel() on ptolemy.moml.MoMLSimpleApplication@787bbc38
----------------- Done invoking toplevel() on ptolemy.moml.MoMLSimpleApplication@787bbc38
reloadAllAccessors: .CatchUpComposite2

===========================================================================================
----------------- testing Mon Aug 05 18:12:48 UTC 2019 /home/travis/build/icyphy/ptII/ptolemy/actor/lib/hoc/test/auto/CatchUpComposite3.xml
----------------- Instantiating /home/travis/build/icyphy/ptII/ptolemy/actor/lib/hoc/test/auto/CatchUpComposite3.xml
16 ms. Memory: 145408K Free: 88365K (61%)
----------------- Invoking toplevel() on ptolemy.moml.MoMLSimpleApplication@7324742f
----------------- Done invoking toplevel() on ptolemy.moml.MoMLSimpleApplication@7324742f
reloadAllAccessors: .CatchUpComposite3

===========================================================================================
----------------- testing Mon Aug 05 18:12:48 UTC 2019 /home/travis/build/icyphy/ptII/ptolemy/actor/lib/hoc/test/auto/CatchUpComposite4.xml
----------------- Instantiating /home/travis/build/icyphy/ptII/ptolemy/actor/lib/hoc/test/auto/CatchUpComposite4.xml
11 ms. Memory: 145408K Free: 80800K (56%)
----------------- Invoking toplevel() on ptolemy.moml.MoMLSimpleApplication@63fd545f
----------------- Done invoking toplevel() on ptolemy.moml.MoMLSimpleApplication@63fd545f
reloadAllAccessors: .CatchUpComposite4

===========================================================================================
----------------- testing Mon Aug 05 18:12:48 UTC 2019 /home/travis/build/icyphy/ptII/ptolemy/actor/lib/hoc/test/auto/CatchUpComposite5.xml
----------------- Instantiating /home/travis/build/icyphy/ptII/ptolemy/actor/lib/hoc/test/auto/CatchUpComposite5.xml
7 ms. Memory: 145408K Free: 127004K (87%)
----------------- Invoking toplevel() on ptolemy.moml.MoMLSimpleApplication@2d66619b
----------------- Done invoking toplevel() on ptolemy.moml.MoMLSimpleApplication@2d66619b
reloadAllAccessors: .CatchUpComposite5

===========================================================================================
----------------- testing Mon Aug 05 18:12:48 UTC 2019 /home/travis/build/icyphy/ptII/ptolemy/actor/lib/hoc/test/auto/CatchUpComposite6.xml
----------------- Instantiating /home/travis/build/icyphy/ptII/ptolemy/actor/lib/hoc/test/auto/CatchUpComposite6.xml
WARNING: The execution aspects in this model can influence the timing of actors by delaying the 
execution, potentially changing the behavior. There is no guarantee that actors fire at the 
time they request to be fired. 
Use Ptides for deterministic DE behavior that is not influenced by execution aspects. 

101 ms. Memory: 145408K Free: 111681K (77%)
----------------- Invoking toplevel() on ptolemy.moml.MoMLSimpleApplication@45377122
----------------- Done invoking toplevel() on ptolemy.moml.MoMLSimpleApplication@45377122
reloadAllAccessors: .CatchUpComposite6

===========================================================================================
----------------- testing Mon Aug 05 18:12:48 UTC 2019 /home/travis/build/icyphy/ptII/ptolemy/actor/lib/hoc/test/auto/CatchUpComposite7.xml
----------------- Instantiating /home/travis/build/icyphy/ptII/ptolemy/actor/lib/hoc/test/auto/CatchUpComposite7.xml
WARNING: The execution aspects in this model can influence the timing of actors by delaying the 
execution, potentially changing the behavior. There is no guarantee that actors fire at the 
time they request to be fired. 
Use Ptides for deterministic DE behavior that is not influenced by execution aspects. 

41 ms. Memory: 145408K Free: 98370K (68%)
----------------- Invoking toplevel() on ptolemy.moml.MoMLSimpleApplication@42dcd5a4
----------------- Done invoking toplevel() on ptolemy.moml.MoMLSimpleApplication@42dcd5a4
reloadAllAccessors: .CatchUpComposite7

===========================================================================================
----------------- testing Mon Aug 05 18:12:49 UTC 2019 /home/travis/build/icyphy/ptII/ptolemy/actor/lib/hoc/test/auto/ConcurrentExecutionTimeSDF.xml
----------------- Instantiating /home/travis/build/icyphy/ptII/ptolemy/actor/lib/hoc/test/auto/ConcurrentExecutionTimeSDF.xml
Fired ExecutionTime: 40400000
Fired ExecutionTime: 40400000
Fired ExecutionTime: 40400000
Fired ExecutionTime: 40400000
Fired ExecutionTime: 40400000
Fired ExecutionTime: 40400000
Fired ExecutionTime: 40400000
Fired ExecutionTime: 40400000
Fired ExecutionTime: 40400000
Fired ExecutionTime: 40400000
Fired ExecutionTime: 40400000
Fired ExecutionTime: 40400000
Fired ExecutionTime: 40400000
Fired ExecutionTime: 40400000
Fired ExecutionTime: 40400000
Fired ExecutionTime: 40400000
Fired ExecutionTime: 40400000
Fired ExecutionTime: 40400000
Fired ExecutionTime: 40400000
Fired ExecutionTime: 40400000
1295 ms. Memory: 145408K Free: 92013K (63%)
----------------- Invoking toplevel() on ptolemy.moml.MoMLSimpleApplication@18df59e3
----------------- Done invoking toplevel() on ptolemy.moml.MoMLSimpleApplication@18df59e3
reloadAllAccessors: .ConcurrentExecutionTimeSDF

===========================================================================================
----------------- testing Mon Aug 05 18:12:50 UTC 2019 /home/travis/build/icyphy/ptII/ptolemy/actor/lib/hoc/test/auto/ConcurrentSleep.xml
----------------- Instantiating /home/travis/build/icyphy/ptII/ptolemy/actor/lib/hoc/test/auto/ConcurrentSleep.xml
723 ms. Memory: 145408K Free: 80962K (56%)
----------------- Invoking toplevel() on ptolemy.moml.MoMLSimpleApplication@16eadc88
----------------- Done invoking toplevel() on ptolemy.moml.MoMLSimpleApplication@16eadc88
reloadAllAccessors: .ConcurrentSleep

===========================================================================================
----------------- testing Mon Aug 05 18:12:51 UTC 2019 /home/travis/build/icyphy/ptII/ptolemy/actor/lib/hoc/test/auto/DEInPNInRunCompositeActor.xml
----------------- Instantiating /home/travis/build/icyphy/ptII/ptolemy/actor/lib/hoc/test/auto/DEInPNInRunCompositeActor.xml
14 ms. Memory: 145408K Free: 75629K (52%)
----------------- Invoking toplevel() on ptolemy.moml.MoMLSimpleApplication@7dd1c239
----------------- Done invoking toplevel() on ptolemy.moml.MoMLSimpleApplication@7dd1c239
reloadAllAccessors: .DEInPNInRunCompositeActor

===========================================================================================
----------------- testing Mon Aug 05 18:12:51 UTC 2019 /home/travis/build/icyphy/ptII/ptolemy/actor/lib/hoc/test/auto/DFTSubSetTest.xml
----------------- Instantiating /home/travis/build/icyphy/ptII/ptolemy/actor/lib/hoc/test/auto/DFTSubSetTest.xml
190 ms. Memory: 145408K Free: 113349K (78%)
----------------- Invoking toplevel() on ptolemy.moml.MoMLSimpleApplication@483b86df
----------------- Done invoking toplevel() on ptolemy.moml.MoMLSimpleApplication@483b86df
reloadAllAccessors: .DFTSubSetTest

===========================================================================================
----------------- testing Mon Aug 05 18:12:51 UTC 2019 /home/travis/build/icyphy/ptII/ptolemy/actor/lib/hoc/test/auto/HocDE.xml
----------------- Instantiating /home/travis/build/icyphy/ptII/ptolemy/actor/lib/hoc/test/auto/HocDE.xml
113 ms. Memory: 145408K Free: 88403K (61%)
----------------- Invoking toplevel() on ptolemy.moml.MoMLSimpleApplication@1d36c31
----------------- Done invoking toplevel() on ptolemy.moml.MoMLSimpleApplication@1d36c31
reloadAllAccessors: .HocDE

===========================================================================================
----------------- testing Mon Aug 05 18:12:51 UTC 2019 /home/travis/build/icyphy/ptII/ptolemy/actor/lib/hoc/test/auto/IterateOverArray.xml
----------------- Instantiating /home/travis/build/icyphy/ptII/ptolemy/actor/lib/hoc/test/auto/IterateOverArray.xml
5 ms. Memory: 145408K Free: 83880K (58%)
----------------- Invoking toplevel() on ptolemy.moml.MoMLSimpleApplication@6df04f65
----------------- Done invoking toplevel() on ptolemy.moml.MoMLSimpleApplication@6df04f65
reloadAllAccessors: .IterateOverArray

===========================================================================================
----------------- testing Mon Aug 05 18:12:51 UTC 2019 /home/travis/build/icyphy/ptII/ptolemy/actor/lib/hoc/test/auto/IterateOverArray10.xml
----------------- Instantiating /home/travis/build/icyphy/ptII/ptolemy/actor/lib/hoc/test/auto/IterateOverArray10.xml
3 ms. Memory: 145408K Free: 80794K (56%)
----------------- Invoking toplevel() on ptolemy.moml.MoMLSimpleApplication@53f75415
----------------- Done invoking toplevel() on ptolemy.moml.MoMLSimpleApplication@53f75415
reloadAllAccessors: .IterateOverArray10

===========================================================================================
----------------- testing Mon Aug 05 18:12:51 UTC 2019 /home/travis/build/icyphy/ptII/ptolemy/actor/lib/hoc/test/auto/IterateOverArray11.xml
----------------- Instantiating /home/travis/build/icyphy/ptII/ptolemy/actor/lib/hoc/test/auto/IterateOverArray11.xml
5 ms. Memory: 145408K Free: 76712K (53%)
----------------- Invoking toplevel() on ptolemy.moml.MoMLSimpleApplication@76cc5319
----------------- Done invoking toplevel() on ptolemy.moml.MoMLSimpleApplication@76cc5319
reloadAllAccessors: .IterateOverArray11

===========================================================================================
----------------- testing Mon Aug 05 18:12:51 UTC 2019 /home/travis/build/icyphy/ptII/ptolemy/actor/lib/hoc/test/auto/IterateOverArray12.xml
----------------- Instantiating /home/travis/build/icyphy/ptII/ptolemy/actor/lib/hoc/test/auto/IterateOverArray12.xml
16 ms. Memory: 145408K Free: 70568K (49%)
----------------- Invoking toplevel() on ptolemy.moml.MoMLSimpleApplication@957607a
----------------- Done invoking toplevel() on ptolemy.moml.MoMLSimpleApplication@957607a
reloadAllAccessors: .IterateOverArray12

===========================================================================================
----------------- testing Mon Aug 05 18:12:51 UTC 2019 /home/travis/build/icyphy/ptII/ptolemy/actor/lib/hoc/test/auto/IterateOverArray13.xml
----------------- Instantiating /home/travis/build/icyphy/ptII/ptolemy/actor/lib/hoc/test/auto/IterateOverArray13.xml
96 ms. Memory: 145408K Free: 128112K (88%)
----------------- Invoking toplevel() on ptolemy.moml.MoMLSimpleApplication@a87fdb8
----------------- Done invoking toplevel() on ptolemy.moml.MoMLSimpleApplication@a87fdb8
reloadAllAccessors: .IterateOverArray13

===========================================================================================
----------------- testing Mon Aug 05 18:12:52 UTC 2019 /home/travis/build/icyphy/ptII/ptolemy/actor/lib/hoc/test/auto/IterateOverArray14.xml
----------------- Instantiating /home/travis/build/icyphy/ptII/ptolemy/actor/lib/hoc/test/auto/IterateOverArray14.xml
85 ms. Memory: 145408K Free: 94324K (65%)
----------------- Invoking toplevel() on ptolemy.moml.MoMLSimpleApplication@6c224a8a
----------------- Done invoking toplevel() on ptolemy.moml.MoMLSimpleApplication@6c224a8a
reloadAllAccessors: .IterateOverArray14

===========================================================================================
----------------- testing Mon Aug 05 18:12:52 UTC 2019 /home/travis/build/icyphy/ptII/ptolemy/actor/lib/hoc/test/auto/IterateOverArray2.xml
----------------- Instantiating /home/travis/build/icyphy/ptII/ptolemy/actor/lib/hoc/test/auto/IterateOverArray2.xml
8 ms. Memory: 145408K Free: 89619K (62%)
----------------- Invoking toplevel() on ptolemy.moml.MoMLSimpleApplication@5a50c801
----------------- Done invoking toplevel() on ptolemy.moml.MoMLSimpleApplication@5a50c801
reloadAllAccessors: .IterateOverArray2

===========================================================================================
----------------- testing Mon Aug 05 18:12:52 UTC 2019 /home/travis/build/icyphy/ptII/ptolemy/actor/lib/hoc/test/auto/IterateOverArray3.xml
----------------- Instantiating /home/travis/build/icyphy/ptII/ptolemy/actor/lib/hoc/test/auto/IterateOverArray3.xml
10 ms. Memory: 145408K Free: 83892K (58%)
----------------- Invoking toplevel() on ptolemy.moml.MoMLSimpleApplication@f2f0b28
----------------- Done invoking toplevel() on ptolemy.moml.MoMLSimpleApplication@f2f0b28
reloadAllAccessors: .IterateOverArray3

===========================================================================================
----------------- testing Mon Aug 05 18:12:52 UTC 2019 /home/travis/build/icyphy/ptII/ptolemy/actor/lib/hoc/test/auto/IterateOverArray4.xml
----------------- Instantiating /home/travis/build/icyphy/ptII/ptolemy/actor/lib/hoc/test/auto/IterateOverArray4.xml
5 ms. Memory: 145408K Free: 79950K (55%)
----------------- Invoking toplevel() on ptolemy.moml.MoMLSimpleApplication@4413f116
----------------- Done invoking toplevel() on ptolemy.moml.MoMLSimpleApplication@4413f116
reloadAllAccessors: .IterateOverArray4

===========================================================================================
----------------- testing Mon Aug 05 18:12:52 UTC 2019 /home/travis/build/icyphy/ptII/ptolemy/actor/lib/hoc/test/auto/IterateOverArray5.xml
----------------- Instantiating /home/travis/build/icyphy/ptII/ptolemy/actor/lib/hoc/test/auto/IterateOverArray5.xml
3 ms. Memory: 145408K Free: 75862K (52%)
----------------- Invoking toplevel() on ptolemy.moml.MoMLSimpleApplication@2c51ff4
----------------- Done invoking toplevel() on ptolemy.moml.MoMLSimpleApplication@2c51ff4
reloadAllAccessors: .IterateOverArray5

===========================================================================================
----------------- testing Mon Aug 05 18:12:52 UTC 2019 /home/travis/build/icyphy/ptII/ptolemy/actor/lib/hoc/test/auto/IterateOverArray6.xml
----------------- Instantiating /home/travis/build/icyphy/ptII/ptolemy/actor/lib/hoc/test/auto/IterateOverArray6.xml
4 ms. Memory: 145408K Free: 72805K (50%)
----------------- Invoking toplevel() on ptolemy.moml.MoMLSimpleApplication@1e8591f4
----------------- Done invoking toplevel() on ptolemy.moml.MoMLSimpleApplication@1e8591f4
reloadAllAccessors: .IterateOverArray6

===========================================================================================
----------------- testing Mon Aug 05 18:12:52 UTC 2019 /home/travis/build/icyphy/ptII/ptolemy/actor/lib/hoc/test/auto/IterateOverArray7.xml
----------------- Instantiating /home/travis/build/icyphy/ptII/ptolemy/actor/lib/hoc/test/auto/IterateOverArray7.xml
7 ms. Memory: 145408K Free: 68532K (47%)
----------------- Invoking toplevel() on ptolemy.moml.MoMLSimpleApplication@5287f819
----------------- Done invoking toplevel() on ptolemy.moml.MoMLSimpleApplication@5287f819
reloadAllAccessors: .IterateOverArray7

===========================================================================================
----------------- testing Mon Aug 05 18:12:52 UTC 2019 /home/travis/build/icyphy/ptII/ptolemy/actor/lib/hoc/test/auto/IterateOverArray8.xml
----------------- Instantiating /home/travis/build/icyphy/ptII/ptolemy/actor/lib/hoc/test/auto/IterateOverArray8.xml
12 ms. Memory: 145408K Free: 64436K (44%)
----------------- Invoking toplevel() on ptolemy.moml.MoMLSimpleApplication@7f4e4ac6
----------------- Done invoking toplevel() on ptolemy.moml.MoMLSimpleApplication@7f4e4ac6
reloadAllAccessors: .IterateOverArray8

===========================================================================================
----------------- testing Mon Aug 05 18:12:52 UTC 2019 /home/travis/build/icyphy/ptII/ptolemy/actor/lib/hoc/test/auto/IterateOverArray9.xml
----------------- Instantiating /home/travis/build/icyphy/ptII/ptolemy/actor/lib/hoc/test/auto/IterateOverArray9.xml
7 ms. Memory: 145408K Free: 60502K (42%)
----------------- Invoking toplevel() on ptolemy.moml.MoMLSimpleApplication@764cc724
----------------- Done invoking toplevel() on ptolemy.moml.MoMLSimpleApplication@764cc724
reloadAllAccessors: .IterateOverArray9

===========================================================================================
----------------- testing Mon Aug 05 18:12:52 UTC 2019 /home/travis/build/icyphy/ptII/ptolemy/actor/lib/hoc/test/auto/IterateOverArrayCoercedOutputType.xml
----------------- Instantiating /home/travis/build/icyphy/ptII/ptolemy/actor/lib/hoc/test/auto/IterateOverArrayCoercedOutputType.xml
14 ms. Memory: 145408K Free: 55358K (38%)
----------------- Invoking toplevel() on ptolemy.moml.MoMLSimpleApplication@6e06ac99
----------------- Done invoking toplevel() on ptolemy.moml.MoMLSimpleApplication@6e06ac99
reloadAllAccessors: .IterateOverArrayCoercedOutputType

===========================================================================================
----------------- testing Mon Aug 05 18:12:52 UTC 2019 /home/travis/build/icyphy/ptII/ptolemy/actor/lib/hoc/test/auto/IterateOverArrayInferredOutputType.xml
----------------- Instantiating /home/travis/build/icyphy/ptII/ptolemy/actor/lib/hoc/test/auto/IterateOverArrayInferredOutputType.xml
7 ms. Memory: 145408K Free: 50707K (35%)
----------------- Invoking toplevel() on ptolemy.moml.MoMLSimpleApplication@6cff65cf
----------------- Done invoking toplevel() on ptolemy.moml.MoMLSimpleApplication@6cff65cf
reloadAllAccessors: .IterateOverArrayInferredOutputType

===========================================================================================
----------------- testing Mon Aug 05 18:12:52 UTC 2019 /home/travis/build/icyphy/ptII/ptolemy/actor/lib/hoc/test/auto/MobileFunctionTest.xml
----------------- Instantiating /home/travis/build/icyphy/ptII/ptolemy/actor/lib/hoc/test/auto/MobileFunctionTest.xml
10 ms. Memory: 145408K Free: 131044K (90%)
----------------- Invoking toplevel() on ptolemy.moml.MoMLSimpleApplication@629d8466
----------------- Done invoking toplevel() on ptolemy.moml.MoMLSimpleApplication@629d8466
reloadAllAccessors: .MobileFunctionTest

===========================================================================================
----------------- testing Mon Aug 05 18:12:52 UTC 2019 /home/travis/build/icyphy/ptII/ptolemy/actor/lib/hoc/test/auto/MobileModelTest.xml
----------------- Instantiating /home/travis/build/icyphy/ptII/ptolemy/actor/lib/hoc/test/auto/MobileModelTest.xml
150 ms. Memory: 145408K Free: 109782K (75%)
----------------- Invoking toplevel() on ptolemy.moml.MoMLSimpleApplication@34553d95
----------------- Done invoking toplevel() on ptolemy.moml.MoMLSimpleApplication@34553d95
reloadAllAccessors: .MobileModelTest

===========================================================================================
----------------- testing Mon Aug 05 18:12:52 UTC 2019 /home/travis/build/icyphy/ptII/ptolemy/actor/lib/hoc/test/auto/ModelReference.xml
----------------- Instantiating /home/travis/build/icyphy/ptII/ptolemy/actor/lib/hoc/test/auto/ModelReference.xml
2 ms. Memory: 145408K Free: 103213K (71%)
5 ms. Memory: 145408K Free: 102630K (71%)
2 ms. Memory: 145408K Free: 101620K (70%)
2 ms. Memory: 145408K Free: 101023K (69%)
1 ms. Memory: 145408K Free: 100125K (69%)
1 ms. Memory: 145408K Free: 99077K (68%)
1 ms. Memory: 145408K Free: 98510K (68%)
2 ms. Memory: 145408K Free: 97524K (67%)
1 ms. Memory: 145408K Free: 96927K (67%)
5 ms. Memory: 145408K Free: 96037K (66%)
37 ms. Memory: 145408K Free: 96037K (66%)
----------------- Invoking toplevel() on ptolemy.moml.MoMLSimpleApplication@71fb9ba4
----------------- Done invoking toplevel() on ptolemy.moml.MoMLSimpleApplication@71fb9ba4
reloadAllAccessors: .ModelReference

===========================================================================================
----------------- testing Mon Aug 05 18:12:52 UTC 2019 /home/travis/build/icyphy/ptII/ptolemy/actor/lib/hoc/test/auto/ModelReference3.xml
----------------- Instantiating /home/travis/build/icyphy/ptII/ptolemy/actor/lib/hoc/test/auto/ModelReference3.xml
2 ms. Memory: 145408K Free: 90955K (63%)
4 ms. Memory: 145408K Free: 90356K (62%)
1 ms. Memory: 145408K Free: 89332K (61%)
4 ms. Memory: 145408K Free: 88891K (61%)
2 ms. Memory: 145408K Free: 87853K (60%)
1 ms. Memory: 145408K Free: 87284K (60%)
3 ms. Memory: 145408K Free: 86230K (59%)
2 ms. Memory: 145408K Free: 85236K (59%)
2 ms. Memory: 145408K Free: 84771K (58%)
3 ms. Memory: 145408K Free: 83765K (58%)
30 ms. Memory: 145408K Free: 83765K (58%)
----------------- Invoking toplevel() on ptolemy.moml.MoMLSimpleApplication@5f014692
----------------- Done invoking toplevel() on ptolemy.moml.MoMLSimpleApplication@5f014692
reloadAllAccessors: .ModelReference3

===========================================================================================
----------------- testing Mon Aug 05 18:12:52 UTC 2019 /home/travis/build/icyphy/ptII/ptolemy/actor/lib/hoc/test/auto/ModelReference4.xml
----------------- Instantiating /home/travis/build/icyphy/ptII/ptolemy/actor/lib/hoc/test/auto/ModelReference4.xml
2 ms. Memory: 145408K Free: 79092K (54%)
3 ms. Memory: 145408K Free: 78054K (54%)
3 ms. Memory: 145408K Free: 77044K (53%)
1 ms. Memory: 145408K Free: 75982K (52%)
2 ms. Memory: 145408K Free: 74966K (52%)
2 ms. Memory: 145408K Free: 73485K (51%)
2 ms. Memory: 145408K Free: 72523K (50%)
5 ms. Memory: 145408K Free: 71499K (49%)
2 ms. Memory: 145408K Free: 70475K (48%)
5 ms. Memory: 145408K Free: 68852K (47%)
10014 ms. Memory: 145408K Free: 68852K (47%)
----------------- Invoking toplevel() on ptolemy.moml.MoMLSimpleApplication@575fe3c0
----------------- Done invoking toplevel() on ptolemy.moml.MoMLSimpleApplication@575fe3c0
reloadAllAccessors: .ModelReference4

===========================================================================================
----------------- testing Mon Aug 05 18:13:02 UTC 2019 /home/travis/build/icyphy/ptII/ptolemy/actor/lib/hoc/test/auto/MultiInstanceComposite.xml
----------------- Instantiating /home/travis/build/icyphy/ptII/ptolemy/actor/lib/hoc/test/auto/MultiInstanceComposite.xml
28 ms. Memory: 145408K Free: 49965K (34%)
----------------- Invoking toplevel() on ptolemy.moml.MoMLSimpleApplication@480a6e01
----------------- Done invoking toplevel() on ptolemy.moml.MoMLSimpleApplication@480a6e01
reloadAllAccessors: .MultiInstanceComposite

===========================================================================================
----------------- testing Mon Aug 05 18:13:02 UTC 2019 /home/travis/build/icyphy/ptII/ptolemy/actor/lib/hoc/test/auto/MultiInstanceComposite2.xml
----------------- Instantiating /home/travis/build/icyphy/ptII/ptolemy/actor/lib/hoc/test/auto/MultiInstanceComposite2.xml
24 ms. Memory: 145408K Free: 123889K (85%)
----------------- Invoking toplevel() on ptolemy.moml.MoMLSimpleApplication@93585af
----------------- Done invoking toplevel() on ptolemy.moml.MoMLSimpleApplication@93585af
reloadAllAccessors: .MultiInstanceComposite2

===========================================================================================
----------------- testing Mon Aug 05 18:13:02 UTC 2019 /home/travis/build/icyphy/ptII/ptolemy/actor/lib/hoc/test/auto/MulticoreExecution.xml
----------------- Instantiating /home/travis/build/icyphy/ptII/ptolemy/actor/lib/hoc/test/auto/MulticoreExecution.xml
Fired ExecutionTime: 22400000
Fired ExecutionTime: 11600000
Fired ExecutionTime: 83600000
Fired ExecutionTime: 86800000
Fired ExecutionTime: 89200000
Fired ExecutionTime: 88400000
Fired ExecutionTime: 90000000
Fired ExecutionTime: 52400000
Fired ExecutionTime: 81600000
Fired ExecutionTime: 84400000
Fired ExecutionTime: 88800000
Fired ExecutionTime: 90400000
Fired ExecutionTime: 88800000
Fired ExecutionTime: 95200000
Fired ExecutionTime: 88400000
Fired ExecutionTime: 89200000
Fired ExecutionTime: 87600000
Fired ExecutionTime: 89200000
Fired ExecutionTime: 89600000
Fired ExecutionTime: 88400000
1047 ms. Memory: 145408K Free: 115130K (79%)
----------------- Invoking toplevel() on ptolemy.moml.MoMLSimpleApplication@28f1a69a
----------------- Done invoking toplevel() on ptolemy.moml.MoMLSimpleApplication@28f1a69a
reloadAllAccessors: .MulticoreExecution

===========================================================================================
----------------- testing Mon Aug 05 18:13:04 UTC 2019 /home/travis/build/icyphy/ptII/ptolemy/actor/lib/hoc/test/auto/ParallelExecution.xml
----------------- Instantiating /home/travis/build/icyphy/ptII/ptolemy/actor/lib/hoc/test/auto/ParallelExecution.xml
931 ms. Memory: 145408K Free: 107962K (74%)
----------------- Invoking toplevel() on ptolemy.moml.MoMLSimpleApplication@16dfefd4
----------------- Done invoking toplevel() on ptolemy.moml.MoMLSimpleApplication@16dfefd4
reloadAllAccessors: .ParallelExecution

===========================================================================================
----------------- testing Mon Aug 05 18:13:04 UTC 2019 /home/travis/build/icyphy/ptII/ptolemy/actor/lib/hoc/test/auto/RunCompositeActor.xml
----------------- Instantiating /home/travis/build/icyphy/ptII/ptolemy/actor/lib/hoc/test/auto/RunCompositeActor.xml
5 ms. Memory: 145408K Free: 100952K (69%)
----------------- Invoking toplevel() on ptolemy.moml.MoMLSimpleApplication@463d51ab
----------------- Done invoking toplevel() on ptolemy.moml.MoMLSimpleApplication@463d51ab
reloadAllAccessors: .RunCompositeActor

===========================================================================================
----------------- testing Mon Aug 05 18:13:04 UTC 2019 /home/travis/build/icyphy/ptII/ptolemy/actor/lib/hoc/test/auto/RunCompositeActor2.xml
----------------- Instantiating /home/travis/build/icyphy/ptII/ptolemy/actor/lib/hoc/test/auto/RunCompositeActor2.xml
6 ms. Memory: 145408K Free: 95217K (65%)
----------------- Invoking toplevel() on ptolemy.moml.MoMLSimpleApplication@3abf4e60
----------------- Done invoking toplevel() on ptolemy.moml.MoMLSimpleApplication@3abf4e60
reloadAllAccessors: .RunCompositeActor2

===========================================================================================
----------------- testing Mon Aug 05 18:13:05 UTC 2019 /home/travis/build/icyphy/ptII/ptolemy/actor/lib/hoc/test/auto/RunCompositeActor3.xml
----------------- Instantiating /home/travis/build/icyphy/ptII/ptolemy/actor/lib/hoc/test/auto/RunCompositeActor3.xml
2 ms. Memory: 145408K Free: 89686K (62%)
----------------- Invoking toplevel() on ptolemy.moml.MoMLSimpleApplication@5942dba4
----------------- Done invoking toplevel() on ptolemy.moml.MoMLSimpleApplication@5942dba4
reloadAllAccessors: .RunCompositeActor3

===========================================================================================
----------------- testing Mon Aug 05 18:13:05 UTC 2019 /home/travis/build/icyphy/ptII/ptolemy/actor/lib/hoc/test/auto/RunCompositeActor4.xml
----------------- Instantiating /home/travis/build/icyphy/ptII/ptolemy/actor/lib/hoc/test/auto/RunCompositeActor4.xml
7 ms. Memory: 145408K Free: 81486K (56%)
----------------- Invoking toplevel() on ptolemy.moml.MoMLSimpleApplication@48fffd8a
----------------- Done invoking toplevel() on ptolemy.moml.MoMLSimpleApplication@48fffd8a
reloadAllAccessors: .RunCompositeActor4

===========================================================================================
----------------- testing Mon Aug 05 18:13:05 UTC 2019 /home/travis/build/icyphy/ptII/ptolemy/actor/lib/hoc/test/auto/RunCompositeIterateOverArray.xml
----------------- Instantiating /home/travis/build/icyphy/ptII/ptolemy/actor/lib/hoc/test/auto/RunCompositeIterateOverArray.xml
3 ms. Memory: 145408K Free: 75791K (52%)
----------------- Invoking toplevel() on ptolemy.moml.MoMLSimpleApplication@473f245f
----------------- Done invoking toplevel() on ptolemy.moml.MoMLSimpleApplication@473f245f
reloadAllAccessors: .RunCompositeIterateOverArray

===========================================================================================
----------------- testing Mon Aug 05 18:13:05 UTC 2019 /home/travis/build/icyphy/ptII/ptolemy/actor/lib/hoc/test/auto/ThreadedJS.xml
----------------- Instantiating /home/travis/build/icyphy/ptII/ptolemy/actor/lib/hoc/test/auto/ThreadedJS.xml
5838 ms. Memory: 253952K Free: 192512K (76%)
----------------- Invoking toplevel() on ptolemy.moml.MoMLSimpleApplication@ed0d639
----------------- Done invoking toplevel() on ptolemy.moml.MoMLSimpleApplication@ed0d639
reloadAllAccessors: .ThreadedJS
AutoTests.java: About to close Vertx.
AutoTests.java: Vertx closed.
]]></system-out>
  <system-err><![CDATA[java.lang.RuntimeException: Execution failed
	at ptolemy.moml.MoMLSimpleApplication$UnloadThread.run(MoMLSimpleApplication.java:402)
Caused by: ptolemy.kernel.util.IllegalActionException: initialize() was called after wrapup() was called but preinitialize() was not called after wrapup().
	at ptolemy.actor.lib.hoc.test.PreinitializeMustBeInvoked.initialize(PreinitializeMustBeInvoked.java:78)
	at ptolemy.actor.Director.initialize(Director.java:938)
	at ptolemy.actor.Director.initialize(Director.java:907)
	at ptolemy.actor.sched.StaticSchedulingDirector.initialize(StaticSchedulingDirector.java:159)
	at ptolemy.domains.sdf.kernel.SDFDirector.initialize(SDFDirector.java:544)
	at ptolemy.actor.CompositeActor.initialize(CompositeActor.java:935)
	at ptolemy.actor.lib.hoc.LifeCycleManager._executeInsideModel(LifeCycleManager.java:339)
	at ptolemy.actor.lib.hoc.RunCompositeActor.fire(RunCompositeActor.java:205)
	at ptolemy.actor.CompositeActor.iterate(CompositeActor.java:1146)
	at ptolemy.actor.sched.StaticSchedulingDirector.fire(StaticSchedulingDirector.java:216)
	at ptolemy.domains.sdf.kernel.SDFDirector.fire(SDFDirector.java:500)
	at ptolemy.actor.CompositeActor.fire(CompositeActor.java:455)
	at ptolemy.actor.Manager.iterate(Manager.java:851)
	at ptolemy.actor.Manager.execute(Manager.java:369)
	at ptolemy.actor.Manager.run(Manager.java:1263)
	at ptolemy.actor.Manager$PtolemyRunThread.run(Manager.java:1933)
java.lang.reflect.InvocationTargetException
	at java.base/jdk.internal.reflect.NativeConstructorAccessorImpl.newInstance0(Native Method)
	at java.base/jdk.internal.reflect.NativeConstructorAccessorImpl.newInstance(NativeConstructorAccessorImpl.java:62)
	at java.base/jdk.internal.reflect.DelegatingConstructorAccessorImpl.newInstance(DelegatingConstructorAccessorImpl.java:45)
	at java.base/java.lang.reflect.Constructor.newInstance(Constructor.java:490)
	at ptolemy.util.test.junit.AutoKnownFailedTests.RunModel(AutoKnownFailedTests.java:105)
	at java.base/jdk.internal.reflect.NativeMethodAccessorImpl.invoke0(Native Method)
	at java.base/jdk.internal.reflect.NativeMethodAccessorImpl.invoke(NativeMethodAccessorImpl.java:62)
	at java.base/jdk.internal.reflect.DelegatingMethodAccessorImpl.invoke(DelegatingMethodAccessorImpl.java:43)
	at java.base/java.lang.reflect.Method.invoke(Method.java:566)
	at org.junit.runners.model.FrameworkMethod$1.runReflectiveCall(FrameworkMethod.java:44)
	at org.junit.internal.runners.model.ReflectiveCallable.run(ReflectiveCallable.java:15)
	at org.junit.runners.model.FrameworkMethod.invokeExplosively(FrameworkMethod.java:41)
	at junitparams.internal.InvokeParameterisedMethod.evaluate(InvokeParameterisedMethod.java:102)
	at org.junit.internal.runners.statements.FailOnTimeout$1.run(FailOnTimeout.java:28)
Caused by: ptolemy.kernel.util.IllegalActionException: initialize() was called after wrapup() was called but preinitialize() was not called after wrapup().
	at ptolemy.actor.lib.hoc.test.PreinitializeMustBeInvoked.initialize(PreinitializeMustBeInvoked.java:78)
	at ptolemy.actor.Director.initialize(Director.java:938)
	at ptolemy.actor.Director.initialize(Director.java:907)
	at ptolemy.actor.sched.StaticSchedulingDirector.initialize(StaticSchedulingDirector.java:159)
	at ptolemy.domains.sdf.kernel.SDFDirector.initialize(SDFDirector.java:544)
	at ptolemy.actor.CompositeActor.initialize(CompositeActor.java:935)
	at ptolemy.actor.lib.hoc.LifeCycleManager._executeInsideModel(LifeCycleManager.java:339)
	at ptolemy.actor.lib.hoc.RunCompositeActor.fire(RunCompositeActor.java:205)
	at ptolemy.actor.CompositeActor.iterate(CompositeActor.java:1146)
	at ptolemy.actor.sched.StaticSchedulingDirector.fire(StaticSchedulingDirector.java:216)
	at ptolemy.domains.sdf.kernel.SDFDirector.fire(SDFDirector.java:500)
	at ptolemy.actor.CompositeActor.fire(CompositeActor.java:455)
	at ptolemy.actor.Manager.iterate(Manager.java:851)
	at ptolemy.actor.Manager.execute(Manager.java:369)
	at ptolemy.actor.Manager.run(Manager.java:1263)
	at ptolemy.actor.Manager$PtolemyRunThread.run(Manager.java:1933)
Warning: Nashorn engine is planned to be removed from a future JDK release
Warning: Nashorn engine is planned to be removed from a future JDK release
Warning: Nashorn engine is planned to be removed from a future JDK release
Warning: Nashorn engine is planned to be removed from a future JDK release
Warning: Nashorn engine is planned to be removed from a future JDK release
Warning: Nashorn engine is planned to be removed from a future JDK release
Warning: Nashorn engine is planned to be removed from a future JDK release
Warning: Nashorn engine is planned to be removed from a future JDK release
]]></system-err>
</testsuite>
