<?xml version="1.0" encoding="UTF-8" ?>
<testsuite errors="0" failures="0" hostname="travis-job-22996f26-67bf-4298-aaf0-bfee007aa5d6" name="ptolemy.domains.sdf.test.junit.JUnitTclTest" skipped="0" tests="66" time="20.688" timestamp="2019-04-13T04:06:40">
  <properties>
[...]
</properties>
  <testcase classname="ptolemy.util.test.junit.TclTests" name="[0] /home/travis/build/icyphy/ptII/ptolemy/domains/sdf/test/SDFSchedulerErrors.tcl (RunTclFile)" time="0.682" />
  <testcase classname="ptolemy.util.test.junit.TclTests" name="[1] /home/travis/build/icyphy/ptII/ptolemy/domains/sdf/test/composition.tcl (RunTclFile)" time="0.146" />
  <testcase classname="ptolemy.util.test.junit.TclTests" name="[2] /home/travis/build/icyphy/ptII/ptolemy/domains/sdf/test/cycle.tcl (RunTclFile)" time="0.066" />
  <testcase classname="ptolemy.util.test.junit.AutoKnownFailedTests" name="[0] ThereAreNoKnowFailedTests (RunModel)" time="0.002" />
  <testcase classname="ptolemy.util.test.junit.AutoNameArchTests" name="[0] ThereAreNoAutoArchTests (RunModel)" time="0.008" />
  <testcase classname="ptolemy.util.test.junit.AutoTests" name="[0] /home/travis/build/icyphy/ptII/ptolemy/domains/sdf/test/auto/Array.xml (RunModel)" time="0.236" />
  <testcase classname="ptolemy.util.test.junit.AutoTests" name="[1] /home/travis/build/icyphy/ptII/ptolemy/domains/sdf/test/auto/Butterfly.xml (RunModel)" time="0.104" />
  <testcase classname="ptolemy.util.test.junit.AutoTests" name="[2] /home/travis/build/icyphy/ptII/ptolemy/domains/sdf/test/auto/Expression.xml (RunModel)" time="0.154" />
  <testcase classname="ptolemy.util.test.junit.AutoTests" name="[3] /home/travis/build/icyphy/ptII/ptolemy/domains/sdf/test/auto/Eye.xml (RunModel)" time="0.311" />
  <testcase classname="ptolemy.util.test.junit.AutoTests" name="[4] /home/travis/build/icyphy/ptII/ptolemy/domains/sdf/test/auto/FixFIR.xml (RunModel)" time="0.356" />
  <testcase classname="ptolemy.util.test.junit.AutoTests" name="[5] /home/travis/build/icyphy/ptII/ptolemy/domains/sdf/test/auto/FixPoint.xml (RunModel)" time="0.041" />
  <testcase classname="ptolemy.util.test.junit.AutoTests" name="[6] /home/travis/build/icyphy/ptII/ptolemy/domains/sdf/test/auto/Gravitation.xml (RunModel)" time="3.305" />
  <testcase classname="ptolemy.util.test.junit.AutoTests" name="[7] /home/travis/build/icyphy/ptII/ptolemy/domains/sdf/test/auto/GravitationWithCollisionDetection.xml (RunModel)" time="6.95" />
  <testcase classname="ptolemy.util.test.junit.AutoTests" name="[8] /home/travis/build/icyphy/ptII/ptolemy/domains/sdf/test/auto/HDF.xml (RunModel)" time="0.095" />
  <testcase classname="ptolemy.util.test.junit.AutoTests" name="[9] /home/travis/build/icyphy/ptII/ptolemy/domains/sdf/test/auto/HDFwithTransientStates.xml (RunModel)" time="0.092" />
  <testcase classname="ptolemy.util.test.junit.AutoTests" name="[10] /home/travis/build/icyphy/ptII/ptolemy/domains/sdf/test/auto/HTVQ.xml (RunModel)" time="0.825" />
  <testcase classname="ptolemy.util.test.junit.AutoTests" name="[11] /home/travis/build/icyphy/ptII/ptolemy/domains/sdf/test/auto/InferInitProduction.xml (RunModel)" time="0.027" />
  <testcase classname="ptolemy.util.test.junit.AutoTests" name="[12] /home/travis/build/icyphy/ptII/ptolemy/domains/sdf/test/auto/InferInitProductionDeeper.xml (RunModel)" time="0.035" />
  <testcase classname="ptolemy.util.test.junit.AutoTests" name="[13] /home/travis/build/icyphy/ptII/ptolemy/domains/sdf/test/auto/LMSAdaptive.xml (RunModel)" time="0.084" />
  <testcase classname="ptolemy.util.test.junit.AutoTests" name="[14] /home/travis/build/icyphy/ptII/ptolemy/domains/sdf/test/auto/LogisticMap.xml (RunModel)" time="0.479" />
  <testcase classname="ptolemy.util.test.junit.AutoTests" name="[15] /home/travis/build/icyphy/ptII/ptolemy/domains/sdf/test/auto/MaximumEntropySpectrum.xml (RunModel)" time="0.296" />
  <testcase classname="ptolemy.util.test.junit.AutoTests" name="[16] /home/travis/build/icyphy/ptII/ptolemy/domains/sdf/test/auto/MultirateSDF.xml (RunModel)" time="0.073" />
  <testcase classname="ptolemy.util.test.junit.AutoTests" name="[17] /home/travis/build/icyphy/ptII/ptolemy/domains/sdf/test/auto/MultirateSDFwithTransientStates.xml (RunModel)" time="0.091" />
  <testcase classname="ptolemy.util.test.junit.AutoTests" name="[18] /home/travis/build/icyphy/ptII/ptolemy/domains/sdf/test/auto/NoisySinewave.xml (RunModel)" time="0.054" />
  <testcase classname="ptolemy.util.test.junit.AutoTests" name="[19] /home/travis/build/icyphy/ptII/ptolemy/domains/sdf/test/auto/Objects.xml (RunModel)" time="0.062" />
  <testcase classname="ptolemy.util.test.junit.AutoTests" name="[20] /home/travis/build/icyphy/ptII/ptolemy/domains/sdf/test/auto/OrthogonalCom.xml (RunModel)" time="0.053" />
  <testcase classname="ptolemy.util.test.junit.AutoTests" name="[21] /home/travis/build/icyphy/ptII/ptolemy/domains/sdf/test/auto/RijndaelEncryption.xml (RunModel)" time="0.517" />
  <testcase classname="ptolemy.util.test.junit.AutoTests" name="[22] /home/travis/build/icyphy/ptII/ptolemy/domains/sdf/test/auto/SDFEmptyIterations.xml (RunModel)" time="0.032" />
  <testcase classname="ptolemy.util.test.junit.AutoTests" name="[23] /home/travis/build/icyphy/ptII/ptolemy/domains/sdf/test/auto/Spectrum.xml (RunModel)" time="0.108" />
  <testcase classname="ptolemy.util.test.junit.AutoTests" name="[24] /home/travis/build/icyphy/ptII/ptolemy/domains/sdf/test/auto/de_inside_sdf.xml (RunModel)" time="0.024" />
  <testcase classname="ptolemy.util.test.junit.AutoTests" name="[25] /home/travis/build/icyphy/ptII/ptolemy/domains/sdf/test/auto/disconnectedHierarchicalSDF.xml (RunModel)" time="0.027" />
  <testcase classname="ptolemy.util.test.junit.AutoTests" name="[26] /home/travis/build/icyphy/ptII/ptolemy/domains/sdf/test/auto/disconnectedSDF.xml (RunModel)" time="0.027" />
  <testcase classname="ptolemy.util.test.junit.AutoTests" name="[27] /home/travis/build/icyphy/ptII/ptolemy/domains/sdf/test/auto/emptyRefinement.xml (RunModel)" time="0.02" />
  <testcase classname="ptolemy.util.test.junit.AutoTests" name="[28] /home/travis/build/icyphy/ptII/ptolemy/domains/sdf/test/auto/filePortParameter.xml (RunModel)" time="0.05" />
  <testcase classname="ptolemy.util.test.junit.AutoTests" name="[29] /home/travis/build/icyphy/ptII/ptolemy/domains/sdf/test/auto/inferRelationWidth1.xml (RunModel)" time="0.018" />
  <testcase classname="ptolemy.util.test.junit.AutoTests" name="[30] /home/travis/build/icyphy/ptII/ptolemy/domains/sdf/test/auto/initProductionInference.xml (RunModel)" time="0.024" />
  <testcase classname="ptolemy.util.test.junit.AutoTests" name="[31] /home/travis/build/icyphy/ptII/ptolemy/domains/sdf/test/auto/relationGroup.xml (RunModel)" time="0.02" />
  <testcase classname="ptolemy.util.test.junit.AutoTests" name="[32] /home/travis/build/icyphy/ptII/ptolemy/domains/sdf/test/auto/relationGroup10.xml (RunModel)" time="0.022" />
  <testcase classname="ptolemy.util.test.junit.AutoTests" name="[33] /home/travis/build/icyphy/ptII/ptolemy/domains/sdf/test/auto/relationGroup11.xml (RunModel)" time="0.019" />
  <testcase classname="ptolemy.util.test.junit.AutoTests" name="[34] /home/travis/build/icyphy/ptII/ptolemy/domains/sdf/test/auto/relationGroup12.xml (RunModel)" time="0.021" />
  <testcase classname="ptolemy.util.test.junit.AutoTests" name="[35] /home/travis/build/icyphy/ptII/ptolemy/domains/sdf/test/auto/relationGroup13.xml (RunModel)" time="0.025" />
  <testcase classname="ptolemy.util.test.junit.AutoTests" name="[36] /home/travis/build/icyphy/ptII/ptolemy/domains/sdf/test/auto/relationGroup14.xml (RunModel)" time="0.019" />
  <testcase classname="ptolemy.util.test.junit.AutoTests" name="[37] /home/travis/build/icyphy/ptII/ptolemy/domains/sdf/test/auto/relationGroup15.xml (RunModel)" time="0.018" />
  <testcase classname="ptolemy.util.test.junit.AutoTests" name="[38] /home/travis/build/icyphy/ptII/ptolemy/domains/sdf/test/auto/relationGroup2.xml (RunModel)" time="0.018" />
  <testcase classname="ptolemy.util.test.junit.AutoTests" name="[39] /home/travis/build/icyphy/ptII/ptolemy/domains/sdf/test/auto/relationGroup3.xml (RunModel)" time="0.009" />
  <testcase classname="ptolemy.util.test.junit.AutoTests" name="[40] /home/travis/build/icyphy/ptII/ptolemy/domains/sdf/test/auto/relationGroup4.xml (RunModel)" time="0.019" />
  <testcase classname="ptolemy.util.test.junit.AutoTests" name="[41] /home/travis/build/icyphy/ptII/ptolemy/domains/sdf/test/auto/relationGroup5.xml (RunModel)" time="0.018" />
  <testcase classname="ptolemy.util.test.junit.AutoTests" name="[42] /home/travis/build/icyphy/ptII/ptolemy/domains/sdf/test/auto/relationGroup6.xml (RunModel)" time="0.014" />
  <testcase classname="ptolemy.util.test.junit.AutoTests" name="[43] /home/travis/build/icyphy/ptII/ptolemy/domains/sdf/test/auto/relationGroup7.xml (RunModel)" time="0.01" />
  <testcase classname="ptolemy.util.test.junit.AutoTests" name="[44] /home/travis/build/icyphy/ptII/ptolemy/domains/sdf/test/auto/relationGroup8.xml (RunModel)" time="0.017" />
  <testcase classname="ptolemy.util.test.junit.AutoTests" name="[45] /home/travis/build/icyphy/ptII/ptolemy/domains/sdf/test/auto/relationGroup9.xml (RunModel)" time="0.016" />
  <testcase classname="ptolemy.util.test.junit.AutoTests" name="[46] /home/travis/build/icyphy/ptII/ptolemy/domains/sdf/test/auto/sdf_inside_de.xml (RunModel)" time="0.045" />
  <testcase classname="ptolemy.util.test.junit.AutoTests" name="[47] /home/travis/build/icyphy/ptII/ptolemy/domains/sdf/test/auto/sdf_inside_pn.xml (RunModel)" time="0.054" />
  <testcase classname="ptolemy.util.test.junit.AutoTests" name="[48] /home/travis/build/icyphy/ptII/ptolemy/domains/sdf/test/auto/sdf_sdf1.xml (RunModel)" time="0.028" />
  <testcase classname="ptolemy.util.test.junit.AutoTests" name="[49] /home/travis/build/icyphy/ptII/ptolemy/domains/sdf/test/auto/test1.xml (RunModel)" time="0.015" />
  <testcase classname="ptolemy.util.test.junit.AutoTests" name="[50] /home/travis/build/icyphy/ptII/ptolemy/domains/sdf/test/auto/time1.xml (RunModel)" time="0.01" />
  <testcase classname="ptolemy.util.test.junit.AutoTests" name="[51] /home/travis/build/icyphy/ptII/ptolemy/domains/sdf/test/auto/time2.xml (RunModel)" time="0.012" />
  <testcase classname="ptolemy.util.test.junit.AutoTests" name="[52] /home/travis/build/icyphy/ptII/ptolemy/domains/sdf/test/auto/time3.xml (RunModel)" time="0.023" />
  <testcase classname="ptolemy.util.test.junit.AutoTests" name="[53] /home/travis/build/icyphy/ptII/ptolemy/domains/sdf/test/auto/time4.xml (RunModel)" time="0.021" />
  <testcase classname="ptolemy.util.test.junit.AutoTests" name="[54] /home/travis/build/icyphy/ptII/ptolemy/domains/sdf/test/auto/time5.xml (RunModel)" time="4.01" />
  <testcase classname="ptolemy.util.test.junit.AutoTests" name="[55] /home/travis/build/icyphy/ptII/ptolemy/domains/sdf/test/auto/typeSystem_Const_Integer_smallest_Type.xml (RunModel)" time="0.033" />
  <testcase classname="ptolemy.util.test.junit.AutoTests" name="[56] /home/travis/build/icyphy/ptII/ptolemy/domains/sdf/test/auto/typeSystem_declared_Inports_OutportTypeException.xml (RunModel)" time="0.019" />
  <testcase classname="ptolemy.util.test.junit.AutoTests" name="[57] /home/travis/build/icyphy/ptII/ptolemy/domains/sdf/test/auto/typeSystem_oneDeclaredInportType_wrongTypeOutport.xml (RunModel)" time="0.021" />
  <testcase classname="ptolemy.util.test.junit.AutoTests" name="[58] /home/travis/build/icyphy/ptII/ptolemy/domains/sdf/test/auto/width.xml (RunModel)" time="0.012" />
  <testcase classname="ptolemy.util.test.junit.AutoTests" name="[59] /home/travis/build/icyphy/ptII/ptolemy/domains/sdf/test/auto/width2.xml (RunModel)" time="0.05" />
  <testcase classname="ptolemy.util.test.junit.AutoTests" name="[60] /home/travis/build/icyphy/ptII/ptolemy/domains/sdf/test/auto/width3.xml (RunModel)" time="0.037" />
  <system-out><![CDATA[/home/travis/build/icyphy/ptII/ptolemy/domains/sdf/test/SDFSchedulerErrors.tcl
testDefs.tcl: setting time out to 9000 seconds at Sat Apr 13 04:06:40 UTC 2019
16 ms. Memory: 116224K Free: 108804K (94%)
4 ms. Memory: 116224K Free: 101845K (88%)
8 ms. Memory: 116224K Free: 95411K (82%)
7 ms. Memory: 116224K Free: 92367K (79%)
/home/travis/build/icyphy/ptII/ptolemy/domains/sdf/test/composition.tcl
32 ms. Memory: 116224K Free: 88774K (76%)
5 ms. Memory: 116224K Free: 86974K (75%)
/home/travis/build/icyphy/ptII/ptolemy/domains/sdf/test/cycle.tcl
.Toplevel.Director Preinitializing ...
Invoking preinitialize():  .Toplevel.Actor1
Invoking preinitialize():  .Toplevel.Actor2
Invoking preinitialize():  .Toplevel.Delay
.Toplevel.Director Finished preinitialize().
### Schedule:
Execute Schedule{
Fire Actor ptolemy.domains.sdf.kernel.test.SDFTestDelay {.Toplevel.Actor1}
Fire Actor ptolemy.domains.sdf.kernel.test.SDFTestDelay {.Toplevel.Actor2}
Fire Actor ptolemy.domains.sdf.lib.SampleDelay {.Toplevel.Delay}
}
### End schedule
Called initialize().
Invoking initialize():  .Toplevel.Actor1
Initializing actor: .Toplevel.Actor1.
Invoking initialize():  .Toplevel.Actor2
Initializing actor: .Toplevel.Actor2.
Invoking initialize():  .Toplevel.Delay
Initializing actor: .Toplevel.Delay.
Director: Called prefire().
-- Setting current time to 0.0
Director prefire returns true.
The actor .Toplevel.Actor1 will be iterated.
The actor .Toplevel.Actor1 was iterated.
The actor .Toplevel.Actor2 will be iterated.
The actor .Toplevel.Actor2 was iterated.
The actor .Toplevel.Delay will be iterated.
The actor .Toplevel.Delay was iterated.
Director: Called postfire().
Postfire returns: true
Director: Called prefire().
-- Setting current time to 0.0
Director prefire returns true.
The actor .Toplevel.Actor1 will be iterated.
The actor .Toplevel.Actor1 was iterated.
The actor .Toplevel.Actor2 will be iterated.
The actor .Toplevel.Actor2 was iterated.
The actor .Toplevel.Delay will be iterated.
The actor .Toplevel.Delay was iterated.
Director: Called postfire().
Postfire returns: true
Director: Called prefire().
-- Setting current time to 0.0
Director prefire returns true.
The actor .Toplevel.Actor1 will be iterated.
The actor .Toplevel.Actor1 was iterated.
The actor .Toplevel.Actor2 will be iterated.
The actor .Toplevel.Actor2 was iterated.
The actor .Toplevel.Delay will be iterated.
The actor .Toplevel.Delay was iterated.
Director: Called postfire().
Postfire returns: true
Director: Called prefire().
-- Setting current time to 0.0
Director prefire returns true.
The actor .Toplevel.Actor1 will be iterated.
The actor .Toplevel.Actor1 was iterated.
The actor .Toplevel.Actor2 will be iterated.
The actor .Toplevel.Actor2 was iterated.
The actor .Toplevel.Delay will be iterated.
The actor .Toplevel.Delay was iterated.
Director: Called postfire().
Postfire returns: true
Director: Called prefire().
-- Setting current time to 0.0
Director prefire returns true.
The actor .Toplevel.Actor1 will be iterated.
The actor .Toplevel.Actor1 was iterated.
The actor .Toplevel.Actor2 will be iterated.
The actor .Toplevel.Actor2 was iterated.
The actor .Toplevel.Delay will be iterated.
The actor .Toplevel.Delay was iterated.
Director: Called postfire().
Postfire returns: true
Director: Called prefire().
-- Setting current time to 0.0
Director prefire returns true.
The actor .Toplevel.Actor1 will be iterated.
The actor .Toplevel.Actor1 was iterated.
The actor .Toplevel.Actor2 will be iterated.
The actor .Toplevel.Actor2 was iterated.
The actor .Toplevel.Delay will be iterated.
The actor .Toplevel.Delay was iterated.
Reached specified number of iterations: 6
Director: Called wrapup().
15 ms. Memory: 116224K Free: 84578K (73%)
04/13/19 04:06:41
Failed: 0  Total Tests: 8  ((Passed: 8, Newly Passed: 0)  Known Failed: 0) /home/travis/build/icyphy/ptII/ptolemy/domains/sdf/test
No auto/knownFailedTests/*.xml tests in /home/travis/build/icyphy/ptII/ptolemy/domains/sdf/test
No auto/linux-amd64/*.xml tests in /home/travis/build/icyphy/ptII/ptolemy/domains/sdf/test
AutoTests.java: About to close Vertx.
AutoTests.java: Vertx closed.

===========================================================================================
----------------- testing Sat Apr 13 04:06:41 UTC 2019 /home/travis/build/icyphy/ptII/ptolemy/domains/sdf/test/auto/Array.xml
----------------- Instantiating /home/travis/build/icyphy/ptII/ptolemy/domains/sdf/test/auto/Array.xml
37 ms. Memory: 116224K Free: 82627K (71%)
----------------- Invoking toplevel() on ptolemy.moml.MoMLSimpleApplication@4747bc96
----------------- Done invoking toplevel() on ptolemy.moml.MoMLSimpleApplication@4747bc96
reloadAllAccessors: .Array

===========================================================================================
----------------- testing Sat Apr 13 04:06:41 UTC 2019 /home/travis/build/icyphy/ptII/ptolemy/domains/sdf/test/auto/Butterfly.xml
----------------- Instantiating /home/travis/build/icyphy/ptII/ptolemy/domains/sdf/test/auto/Butterfly.xml
56 ms. Memory: 116224K Free: 105256K (91%)
----------------- Invoking toplevel() on ptolemy.moml.MoMLSimpleApplication@5994ae58
----------------- Done invoking toplevel() on ptolemy.moml.MoMLSimpleApplication@5994ae58
reloadAllAccessors: .Butterfly

===========================================================================================
----------------- testing Sat Apr 13 04:06:42 UTC 2019 /home/travis/build/icyphy/ptII/ptolemy/domains/sdf/test/auto/Expression.xml
----------------- Instantiating /home/travis/build/icyphy/ptII/ptolemy/domains/sdf/test/auto/Expression.xml
99 ms. Memory: 116224K Free: 99941K (86%)
----------------- Invoking toplevel() on ptolemy.moml.MoMLSimpleApplication@18f7a1c
----------------- Done invoking toplevel() on ptolemy.moml.MoMLSimpleApplication@18f7a1c
reloadAllAccessors: .Expression

===========================================================================================
----------------- testing Sat Apr 13 04:06:42 UTC 2019 /home/travis/build/icyphy/ptII/ptolemy/domains/sdf/test/auto/Eye.xml
----------------- Instantiating /home/travis/build/icyphy/ptII/ptolemy/domains/sdf/test/auto/Eye.xml
162 ms. Memory: 146944K Free: 134548K (92%)
----------------- Invoking toplevel() on ptolemy.moml.MoMLSimpleApplication@104aa751
----------------- Done invoking toplevel() on ptolemy.moml.MoMLSimpleApplication@104aa751
reloadAllAccessors: .Eye

===========================================================================================
----------------- testing Sat Apr 13 04:06:42 UTC 2019 /home/travis/build/icyphy/ptII/ptolemy/domains/sdf/test/auto/FixFIR.xml
----------------- Instantiating /home/travis/build/icyphy/ptII/ptolemy/domains/sdf/test/auto/FixFIR.xml
175 ms. Memory: 146944K Free: 98478K (67%)
----------------- Invoking toplevel() on ptolemy.moml.MoMLSimpleApplication@37787d41
----------------- Done invoking toplevel() on ptolemy.moml.MoMLSimpleApplication@37787d41
reloadAllAccessors: .FixFIR

===========================================================================================
----------------- testing Sat Apr 13 04:06:42 UTC 2019 /home/travis/build/icyphy/ptII/ptolemy/domains/sdf/test/auto/FixPoint.xml
----------------- Instantiating /home/travis/build/icyphy/ptII/ptolemy/domains/sdf/test/auto/FixPoint.xml
17 ms. Memory: 146944K Free: 94421K (64%)
----------------- Invoking toplevel() on ptolemy.moml.MoMLSimpleApplication@5130666a
----------------- Done invoking toplevel() on ptolemy.moml.MoMLSimpleApplication@5130666a
reloadAllAccessors: .FixPoint

===========================================================================================
----------------- testing Sat Apr 13 04:06:42 UTC 2019 /home/travis/build/icyphy/ptII/ptolemy/domains/sdf/test/auto/Gravitation.xml
----------------- Instantiating /home/travis/build/icyphy/ptII/ptolemy/domains/sdf/test/auto/Gravitation.xml
3188 ms. Memory: 209408K Free: 191886K (92%)
----------------- Invoking toplevel() on ptolemy.moml.MoMLSimpleApplication@7c1a322a
----------------- Done invoking toplevel() on ptolemy.moml.MoMLSimpleApplication@7c1a322a
reloadAllAccessors: .Gravitation

===========================================================================================
----------------- testing Sat Apr 13 04:06:46 UTC 2019 /home/travis/build/icyphy/ptII/ptolemy/domains/sdf/test/auto/GravitationWithCollisionDetection.xml
----------------- Instantiating /home/travis/build/icyphy/ptII/ptolemy/domains/sdf/test/auto/GravitationWithCollisionDetection.xml
6742 ms. Memory: 678400K Free: 624744K (92%)
----------------- Invoking toplevel() on ptolemy.moml.MoMLSimpleApplication@665fbc05
----------------- Done invoking toplevel() on ptolemy.moml.MoMLSimpleApplication@665fbc05
reloadAllAccessors: .GravitationWithCollisionDetection

===========================================================================================
----------------- testing Sat Apr 13 04:06:53 UTC 2019 /home/travis/build/icyphy/ptII/ptolemy/domains/sdf/test/auto/HDF.xml
----------------- Instantiating /home/travis/build/icyphy/ptII/ptolemy/domains/sdf/test/auto/HDF.xml
34 ms. Memory: 678400K Free: 601033K (89%)
----------------- Invoking toplevel() on ptolemy.moml.MoMLSimpleApplication@6018911
----------------- Done invoking toplevel() on ptolemy.moml.MoMLSimpleApplication@6018911
reloadAllAccessors: .HDF

===========================================================================================
----------------- testing Sat Apr 13 04:06:53 UTC 2019 /home/travis/build/icyphy/ptII/ptolemy/domains/sdf/test/auto/HDFwithTransientStates.xml
----------------- Instantiating /home/travis/build/icyphy/ptII/ptolemy/domains/sdf/test/auto/HDFwithTransientStates.xml
20 ms. Memory: 678400K Free: 577137K (85%)
----------------- Invoking toplevel() on ptolemy.moml.MoMLSimpleApplication@3771f3a3
----------------- Done invoking toplevel() on ptolemy.moml.MoMLSimpleApplication@3771f3a3
reloadAllAccessors: .HDFwithTransientStates

===========================================================================================
----------------- testing Sat Apr 13 04:06:53 UTC 2019 /home/travis/build/icyphy/ptII/ptolemy/domains/sdf/test/auto/HTVQ.xml
----------------- Instantiating /home/travis/build/icyphy/ptII/ptolemy/domains/sdf/test/auto/HTVQ.xml
794 ms. Memory: 678400K Free: 409765K (60%)
----------------- Invoking toplevel() on ptolemy.moml.MoMLSimpleApplication@f52e933
----------------- Done invoking toplevel() on ptolemy.moml.MoMLSimpleApplication@f52e933
reloadAllAccessors: .HTVQ

===========================================================================================
----------------- testing Sat Apr 13 04:06:54 UTC 2019 /home/travis/build/icyphy/ptII/ptolemy/domains/sdf/test/auto/InferInitProduction.xml
----------------- Instantiating /home/travis/build/icyphy/ptII/ptolemy/domains/sdf/test/auto/InferInitProduction.xml
4 ms. Memory: 678400K Free: 397825K (59%)
----------------- Invoking toplevel() on ptolemy.moml.MoMLSimpleApplication@7c15e474
----------------- Done invoking toplevel() on ptolemy.moml.MoMLSimpleApplication@7c15e474
reloadAllAccessors: .InferInitProduction

===========================================================================================
----------------- testing Sat Apr 13 04:06:54 UTC 2019 /home/travis/build/icyphy/ptII/ptolemy/domains/sdf/test/auto/InferInitProductionDeeper.xml
----------------- Instantiating /home/travis/build/icyphy/ptII/ptolemy/domains/sdf/test/auto/InferInitProductionDeeper.xml
6 ms. Memory: 678400K Free: 385885K (57%)
----------------- Invoking toplevel() on ptolemy.moml.MoMLSimpleApplication@369b1981
----------------- Done invoking toplevel() on ptolemy.moml.MoMLSimpleApplication@369b1981
reloadAllAccessors: .InferInitProductionDeeper

===========================================================================================
----------------- testing Sat Apr 13 04:06:54 UTC 2019 /home/travis/build/icyphy/ptII/ptolemy/domains/sdf/test/auto/LMSAdaptive.xml
----------------- Instantiating /home/travis/build/icyphy/ptII/ptolemy/domains/sdf/test/auto/LMSAdaptive.xml
15 ms. Memory: 678400K Free: 367975K (54%)
----------------- Invoking toplevel() on ptolemy.moml.MoMLSimpleApplication@3ec56026
----------------- Done invoking toplevel() on ptolemy.moml.MoMLSimpleApplication@3ec56026
reloadAllAccessors: .LMSAdaptive

===========================================================================================
----------------- testing Sat Apr 13 04:06:54 UTC 2019 /home/travis/build/icyphy/ptII/ptolemy/domains/sdf/test/auto/LogisticMap.xml
----------------- Instantiating /home/travis/build/icyphy/ptII/ptolemy/domains/sdf/test/auto/LogisticMap.xml
448 ms. Memory: 678400K Free: 356035K (52%)
----------------- Invoking toplevel() on ptolemy.moml.MoMLSimpleApplication@6d3cdb27
----------------- Done invoking toplevel() on ptolemy.moml.MoMLSimpleApplication@6d3cdb27
reloadAllAccessors: .LogisticMap

===========================================================================================
----------------- testing Sat Apr 13 04:06:54 UTC 2019 /home/travis/build/icyphy/ptII/ptolemy/domains/sdf/test/auto/MaximumEntropySpectrum.xml
----------------- Instantiating /home/travis/build/icyphy/ptII/ptolemy/domains/sdf/test/auto/MaximumEntropySpectrum.xml
84 ms. Memory: 678400K Free: 284268K (42%)
----------------- Invoking toplevel() on ptolemy.moml.MoMLSimpleApplication@19f43b2d
----------------- Done invoking toplevel() on ptolemy.moml.MoMLSimpleApplication@19f43b2d
reloadAllAccessors: .MaximumEntropySpectrum

===========================================================================================
----------------- testing Sat Apr 13 04:06:55 UTC 2019 /home/travis/build/icyphy/ptII/ptolemy/domains/sdf/test/auto/MultirateSDF.xml
----------------- Instantiating /home/travis/build/icyphy/ptII/ptolemy/domains/sdf/test/auto/MultirateSDF.xml
23 ms. Memory: 678400K Free: 263806K (39%)
----------------- Invoking toplevel() on ptolemy.moml.MoMLSimpleApplication@5e13bf2d
----------------- Done invoking toplevel() on ptolemy.moml.MoMLSimpleApplication@5e13bf2d
reloadAllAccessors: .MultirateSDF

===========================================================================================
----------------- testing Sat Apr 13 04:06:55 UTC 2019 /home/travis/build/icyphy/ptII/ptolemy/domains/sdf/test/auto/MultirateSDFwithTransientStates.xml
----------------- Instantiating /home/travis/build/icyphy/ptII/ptolemy/domains/sdf/test/auto/MultirateSDFwithTransientStates.xml
19 ms. Memory: 678400K Free: 239906K (35%)
----------------- Invoking toplevel() on ptolemy.moml.MoMLSimpleApplication@431af75a
----------------- Done invoking toplevel() on ptolemy.moml.MoMLSimpleApplication@431af75a
reloadAllAccessors: .MultirateSDFwithTransientStates

===========================================================================================
----------------- testing Sat Apr 13 04:06:55 UTC 2019 /home/travis/build/icyphy/ptII/ptolemy/domains/sdf/test/auto/NoisySinewave.xml
----------------- Instantiating /home/travis/build/icyphy/ptII/ptolemy/domains/sdf/test/auto/NoisySinewave.xml
11 ms. Memory: 678400K Free: 215995K (32%)
----------------- Invoking toplevel() on ptolemy.moml.MoMLSimpleApplication@f538c75
----------------- Done invoking toplevel() on ptolemy.moml.MoMLSimpleApplication@f538c75
reloadAllAccessors: .NoisySinewave

===========================================================================================
----------------- testing Sat Apr 13 04:06:55 UTC 2019 /home/travis/build/icyphy/ptII/ptolemy/domains/sdf/test/auto/Objects.xml
----------------- Instantiating /home/travis/build/icyphy/ptII/ptolemy/domains/sdf/test/auto/Objects.xml
3 ms. Memory: 678400K Free: 198085K (29%)
----------------- Invoking toplevel() on ptolemy.moml.MoMLSimpleApplication@4058d775
----------------- Done invoking toplevel() on ptolemy.moml.MoMLSimpleApplication@4058d775
reloadAllAccessors: .Objects

===========================================================================================
----------------- testing Sat Apr 13 04:06:55 UTC 2019 /home/travis/build/icyphy/ptII/ptolemy/domains/sdf/test/auto/OrthogonalCom.xml
----------------- Instantiating /home/travis/build/icyphy/ptII/ptolemy/domains/sdf/test/auto/OrthogonalCom.xml
7 ms. Memory: 678400K Free: 180159K (27%)
----------------- Invoking toplevel() on ptolemy.moml.MoMLSimpleApplication@35f79907
----------------- Done invoking toplevel() on ptolemy.moml.MoMLSimpleApplication@35f79907
reloadAllAccessors: .OrthogonalCom

===========================================================================================
----------------- testing Sat Apr 13 04:06:55 UTC 2019 /home/travis/build/icyphy/ptII/ptolemy/domains/sdf/test/auto/RijndaelEncryption.xml
----------------- Instantiating /home/travis/build/icyphy/ptII/ptolemy/domains/sdf/test/auto/RijndaelEncryption.xml
233 ms. Memory: 652800K Free: 592244K (91%)
----------------- Invoking toplevel() on ptolemy.moml.MoMLSimpleApplication@208b55b6
----------------- Done invoking toplevel() on ptolemy.moml.MoMLSimpleApplication@208b55b6
reloadAllAccessors: .RijndaelEncryption

===========================================================================================
----------------- testing Sat Apr 13 04:06:56 UTC 2019 /home/travis/build/icyphy/ptII/ptolemy/domains/sdf/test/auto/SDFEmptyIterations.xml
----------------- Instantiating /home/travis/build/icyphy/ptII/ptolemy/domains/sdf/test/auto/SDFEmptyIterations.xml
5 ms. Memory: 652800K Free: 579280K (89%)
----------------- Invoking toplevel() on ptolemy.moml.MoMLSimpleApplication@188a4afd
----------------- Done invoking toplevel() on ptolemy.moml.MoMLSimpleApplication@188a4afd
reloadAllAccessors: .SDFEmptyIterations

===========================================================================================
----------------- testing Sat Apr 13 04:06:56 UTC 2019 /home/travis/build/icyphy/ptII/ptolemy/domains/sdf/test/auto/Spectrum.xml
----------------- Instantiating /home/travis/build/icyphy/ptII/ptolemy/domains/sdf/test/auto/Spectrum.xml
34 ms. Memory: 652800K Free: 550822K (84%)
----------------- Invoking toplevel() on ptolemy.moml.MoMLSimpleApplication@14c02cd7
----------------- Done invoking toplevel() on ptolemy.moml.MoMLSimpleApplication@14c02cd7
reloadAllAccessors: .Spectrum

===========================================================================================
----------------- testing Sat Apr 13 04:06:56 UTC 2019 /home/travis/build/icyphy/ptII/ptolemy/domains/sdf/test/auto/de_inside_sdf.xml
----------------- Instantiating /home/travis/build/icyphy/ptII/ptolemy/domains/sdf/test/auto/de_inside_sdf.xml
8 ms. Memory: 652800K Free: 539445K (83%)
----------------- Invoking toplevel() on ptolemy.moml.MoMLSimpleApplication@3b8568f0
----------------- Done invoking toplevel() on ptolemy.moml.MoMLSimpleApplication@3b8568f0
reloadAllAccessors: .de_inside_sdf

===========================================================================================
----------------- testing Sat Apr 13 04:06:56 UTC 2019 /home/travis/build/icyphy/ptII/ptolemy/domains/sdf/test/auto/disconnectedHierarchicalSDF.xml
----------------- Instantiating /home/travis/build/icyphy/ptII/ptolemy/domains/sdf/test/auto/disconnectedHierarchicalSDF.xml
5 ms. Memory: 652800K Free: 528069K (81%)
----------------- Invoking toplevel() on ptolemy.moml.MoMLSimpleApplication@2789d3d3
----------------- Done invoking toplevel() on ptolemy.moml.MoMLSimpleApplication@2789d3d3
reloadAllAccessors: .disconnectedHierarchicalSDF

===========================================================================================
----------------- testing Sat Apr 13 04:06:56 UTC 2019 /home/travis/build/icyphy/ptII/ptolemy/domains/sdf/test/auto/disconnectedSDF.xml
----------------- Instantiating /home/travis/build/icyphy/ptII/ptolemy/domains/sdf/test/auto/disconnectedSDF.xml
5 ms. Memory: 652800K Free: 515027K (79%)
----------------- Invoking toplevel() on ptolemy.moml.MoMLSimpleApplication@208e1089
----------------- Done invoking toplevel() on ptolemy.moml.MoMLSimpleApplication@208e1089
reloadAllAccessors: .disconnectedSDF

===========================================================================================
----------------- testing Sat Apr 13 04:06:56 UTC 2019 /home/travis/build/icyphy/ptII/ptolemy/domains/sdf/test/auto/emptyRefinement.xml
----------------- Instantiating /home/travis/build/icyphy/ptII/ptolemy/domains/sdf/test/auto/emptyRefinement.xml
5 ms. Memory: 652800K Free: 503651K (77%)
----------------- Invoking toplevel() on ptolemy.moml.MoMLSimpleApplication@263de33e
----------------- Done invoking toplevel() on ptolemy.moml.MoMLSimpleApplication@263de33e
reloadAllAccessors: .emptyRefinement

===========================================================================================
----------------- testing Sat Apr 13 04:06:56 UTC 2019 /home/travis/build/icyphy/ptII/ptolemy/domains/sdf/test/auto/filePortParameter.xml
----------------- Instantiating /home/travis/build/icyphy/ptII/ptolemy/domains/sdf/test/auto/filePortParameter.xml
21 ms. Memory: 652800K Free: 492274K (75%)
----------------- Invoking toplevel() on ptolemy.moml.MoMLSimpleApplication@3540e62f
----------------- Done invoking toplevel() on ptolemy.moml.MoMLSimpleApplication@3540e62f
reloadAllAccessors: .filePortParameter

===========================================================================================
----------------- testing Sat Apr 13 04:06:56 UTC 2019 /home/travis/build/icyphy/ptII/ptolemy/domains/sdf/test/auto/inferRelationWidth1.xml
----------------- Instantiating /home/travis/build/icyphy/ptII/ptolemy/domains/sdf/test/auto/inferRelationWidth1.xml
3 ms. Memory: 652800K Free: 480897K (74%)
----------------- Invoking toplevel() on ptolemy.moml.MoMLSimpleApplication@570cf04f
----------------- Done invoking toplevel() on ptolemy.moml.MoMLSimpleApplication@570cf04f
reloadAllAccessors: .inferRelationWidth1

===========================================================================================
----------------- testing Sat Apr 13 04:06:56 UTC 2019 /home/travis/build/icyphy/ptII/ptolemy/domains/sdf/test/auto/initProductionInference.xml
----------------- Instantiating /home/travis/build/icyphy/ptII/ptolemy/domains/sdf/test/auto/initProductionInference.xml
9 ms. Memory: 652800K Free: 469521K (72%)
----------------- Invoking toplevel() on ptolemy.moml.MoMLSimpleApplication@63ad141e
----------------- Done invoking toplevel() on ptolemy.moml.MoMLSimpleApplication@63ad141e
reloadAllAccessors: .initProductionInference

===========================================================================================
----------------- testing Sat Apr 13 04:06:56 UTC 2019 /home/travis/build/icyphy/ptII/ptolemy/domains/sdf/test/auto/relationGroup.xml
----------------- Instantiating /home/travis/build/icyphy/ptII/ptolemy/domains/sdf/test/auto/relationGroup.xml
2 ms. Memory: 652800K Free: 456556K (70%)
----------------- Invoking toplevel() on ptolemy.moml.MoMLSimpleApplication@87120c1
----------------- Done invoking toplevel() on ptolemy.moml.MoMLSimpleApplication@87120c1
reloadAllAccessors: .relationGroup

===========================================================================================
----------------- testing Sat Apr 13 04:06:56 UTC 2019 /home/travis/build/icyphy/ptII/ptolemy/domains/sdf/test/auto/relationGroup10.xml
----------------- Instantiating /home/travis/build/icyphy/ptII/ptolemy/domains/sdf/test/auto/relationGroup10.xml
6 ms. Memory: 652800K Free: 445180K (68%)
----------------- Invoking toplevel() on ptolemy.moml.MoMLSimpleApplication@f4ebd15
----------------- Done invoking toplevel() on ptolemy.moml.MoMLSimpleApplication@f4ebd15
reloadAllAccessors: .relationGroup10

===========================================================================================
----------------- testing Sat Apr 13 04:06:56 UTC 2019 /home/travis/build/icyphy/ptII/ptolemy/domains/sdf/test/auto/relationGroup11.xml
----------------- Instantiating /home/travis/build/icyphy/ptII/ptolemy/domains/sdf/test/auto/relationGroup11.xml
4 ms. Memory: 652800K Free: 433803K (66%)
----------------- Invoking toplevel() on ptolemy.moml.MoMLSimpleApplication@133395b5
----------------- Done invoking toplevel() on ptolemy.moml.MoMLSimpleApplication@133395b5
reloadAllAccessors: .relationGroup11

===========================================================================================
----------------- testing Sat Apr 13 04:06:56 UTC 2019 /home/travis/build/icyphy/ptII/ptolemy/domains/sdf/test/auto/relationGroup12.xml
----------------- Instantiating /home/travis/build/icyphy/ptII/ptolemy/domains/sdf/test/auto/relationGroup12.xml
3 ms. Memory: 652800K Free: 422426K (65%)
----------------- Invoking toplevel() on ptolemy.moml.MoMLSimpleApplication@a3321bb
----------------- Done invoking toplevel() on ptolemy.moml.MoMLSimpleApplication@a3321bb
reloadAllAccessors: .relationGroup12

===========================================================================================
----------------- testing Sat Apr 13 04:06:56 UTC 2019 /home/travis/build/icyphy/ptII/ptolemy/domains/sdf/test/auto/relationGroup13.xml
----------------- Instantiating /home/travis/build/icyphy/ptII/ptolemy/domains/sdf/test/auto/relationGroup13.xml
10 ms. Memory: 652800K Free: 411050K (63%)
----------------- Invoking toplevel() on ptolemy.moml.MoMLSimpleApplication@2cd128f7
----------------- Done invoking toplevel() on ptolemy.moml.MoMLSimpleApplication@2cd128f7
reloadAllAccessors: .relationGroup13

===========================================================================================
----------------- testing Sat Apr 13 04:06:56 UTC 2019 /home/travis/build/icyphy/ptII/ptolemy/domains/sdf/test/auto/relationGroup14.xml
----------------- Instantiating /home/travis/build/icyphy/ptII/ptolemy/domains/sdf/test/auto/relationGroup14.xml
4 ms. Memory: 652800K Free: 398085K (61%)
----------------- Invoking toplevel() on ptolemy.moml.MoMLSimpleApplication@6af89d4e
----------------- Done invoking toplevel() on ptolemy.moml.MoMLSimpleApplication@6af89d4e
reloadAllAccessors: .relationGroup14

===========================================================================================
----------------- testing Sat Apr 13 04:06:56 UTC 2019 /home/travis/build/icyphy/ptII/ptolemy/domains/sdf/test/auto/relationGroup15.xml
----------------- Instantiating /home/travis/build/icyphy/ptII/ptolemy/domains/sdf/test/auto/relationGroup15.xml
2 ms. Memory: 652800K Free: 386709K (59%)
----------------- Invoking toplevel() on ptolemy.moml.MoMLSimpleApplication@51f00a06
----------------- Done invoking toplevel() on ptolemy.moml.MoMLSimpleApplication@51f00a06
reloadAllAccessors: .relationGroup15

===========================================================================================
----------------- testing Sat Apr 13 04:06:56 UTC 2019 /home/travis/build/icyphy/ptII/ptolemy/domains/sdf/test/auto/relationGroup2.xml
----------------- Instantiating /home/travis/build/icyphy/ptII/ptolemy/domains/sdf/test/auto/relationGroup2.xml
2 ms. Memory: 652800K Free: 375332K (57%)
----------------- Invoking toplevel() on ptolemy.moml.MoMLSimpleApplication@32f03843
----------------- Done invoking toplevel() on ptolemy.moml.MoMLSimpleApplication@32f03843
reloadAllAccessors: .relationGroup2

===========================================================================================
----------------- testing Sat Apr 13 04:06:56 UTC 2019 /home/travis/build/icyphy/ptII/ptolemy/domains/sdf/test/auto/relationGroup3.xml
----------------- Instantiating /home/travis/build/icyphy/ptII/ptolemy/domains/sdf/test/auto/relationGroup3.xml
2 ms. Memory: 652800K Free: 363955K (56%)
----------------- Invoking toplevel() on ptolemy.moml.MoMLSimpleApplication@4944b103
----------------- Done invoking toplevel() on ptolemy.moml.MoMLSimpleApplication@4944b103
reloadAllAccessors: .relationGroup3

===========================================================================================
----------------- testing Sat Apr 13 04:06:56 UTC 2019 /home/travis/build/icyphy/ptII/ptolemy/domains/sdf/test/auto/relationGroup4.xml
----------------- Instantiating /home/travis/build/icyphy/ptII/ptolemy/domains/sdf/test/auto/relationGroup4.xml
5 ms. Memory: 652800K Free: 350991K (54%)
----------------- Invoking toplevel() on ptolemy.moml.MoMLSimpleApplication@3f214195
----------------- Done invoking toplevel() on ptolemy.moml.MoMLSimpleApplication@3f214195
reloadAllAccessors: .relationGroup4

===========================================================================================
----------------- testing Sat Apr 13 04:06:56 UTC 2019 /home/travis/build/icyphy/ptII/ptolemy/domains/sdf/test/auto/relationGroup5.xml
----------------- Instantiating /home/travis/build/icyphy/ptII/ptolemy/domains/sdf/test/auto/relationGroup5.xml
5 ms. Memory: 652800K Free: 339614K (52%)
----------------- Invoking toplevel() on ptolemy.moml.MoMLSimpleApplication@405dfe4b
----------------- Done invoking toplevel() on ptolemy.moml.MoMLSimpleApplication@405dfe4b
reloadAllAccessors: .relationGroup5

===========================================================================================
----------------- testing Sat Apr 13 04:06:56 UTC 2019 /home/travis/build/icyphy/ptII/ptolemy/domains/sdf/test/auto/relationGroup6.xml
----------------- Instantiating /home/travis/build/icyphy/ptII/ptolemy/domains/sdf/test/auto/relationGroup6.xml
4 ms. Memory: 652800K Free: 328238K (50%)
----------------- Invoking toplevel() on ptolemy.moml.MoMLSimpleApplication@6e1e781b
----------------- Done invoking toplevel() on ptolemy.moml.MoMLSimpleApplication@6e1e781b
reloadAllAccessors: .relationGroup6

===========================================================================================
----------------- testing Sat Apr 13 04:06:56 UTC 2019 /home/travis/build/icyphy/ptII/ptolemy/domains/sdf/test/auto/relationGroup7.xml
----------------- Instantiating /home/travis/build/icyphy/ptII/ptolemy/domains/sdf/test/auto/relationGroup7.xml
2 ms. Memory: 652800K Free: 316861K (49%)
----------------- Invoking toplevel() on ptolemy.moml.MoMLSimpleApplication@5d095fa3
----------------- Done invoking toplevel() on ptolemy.moml.MoMLSimpleApplication@5d095fa3
reloadAllAccessors: .relationGroup7

===========================================================================================
----------------- testing Sat Apr 13 04:06:56 UTC 2019 /home/travis/build/icyphy/ptII/ptolemy/domains/sdf/test/auto/relationGroup8.xml
----------------- Instantiating /home/travis/build/icyphy/ptII/ptolemy/domains/sdf/test/auto/relationGroup8.xml
2 ms. Memory: 652800K Free: 305484K (47%)
----------------- Invoking toplevel() on ptolemy.moml.MoMLSimpleApplication@1e8fb68e
----------------- Done invoking toplevel() on ptolemy.moml.MoMLSimpleApplication@1e8fb68e
reloadAllAccessors: .relationGroup8

===========================================================================================
----------------- testing Sat Apr 13 04:06:56 UTC 2019 /home/travis/build/icyphy/ptII/ptolemy/domains/sdf/test/auto/relationGroup9.xml
----------------- Instantiating /home/travis/build/icyphy/ptII/ptolemy/domains/sdf/test/auto/relationGroup9.xml
4 ms. Memory: 652800K Free: 292520K (45%)
----------------- Invoking toplevel() on ptolemy.moml.MoMLSimpleApplication@622eaefb
----------------- Done invoking toplevel() on ptolemy.moml.MoMLSimpleApplication@622eaefb
reloadAllAccessors: .relationGroup9

===========================================================================================
----------------- testing Sat Apr 13 04:06:56 UTC 2019 /home/travis/build/icyphy/ptII/ptolemy/domains/sdf/test/auto/sdf_inside_de.xml
----------------- Instantiating /home/travis/build/icyphy/ptII/ptolemy/domains/sdf/test/auto/sdf_inside_de.xml
12 ms. Memory: 652800K Free: 275447K (42%)
----------------- Invoking toplevel() on ptolemy.moml.MoMLSimpleApplication@18c45f73
----------------- Done invoking toplevel() on ptolemy.moml.MoMLSimpleApplication@18c45f73
reloadAllAccessors: .sdf_inside_de

===========================================================================================
----------------- testing Sat Apr 13 04:06:56 UTC 2019 /home/travis/build/icyphy/ptII/ptolemy/domains/sdf/test/auto/sdf_inside_pn.xml
----------------- Instantiating /home/travis/build/icyphy/ptII/ptolemy/domains/sdf/test/auto/sdf_inside_pn.xml
33 ms. Memory: 652800K Free: 235628K (36%)
----------------- Invoking toplevel() on ptolemy.moml.MoMLSimpleApplication@515a3a68
----------------- Done invoking toplevel() on ptolemy.moml.MoMLSimpleApplication@515a3a68
reloadAllAccessors: .sdf_inside_pn

===========================================================================================
----------------- testing Sat Apr 13 04:06:56 UTC 2019 /home/travis/build/icyphy/ptII/ptolemy/domains/sdf/test/auto/sdf_sdf1.xml
----------------- Instantiating /home/travis/build/icyphy/ptII/ptolemy/domains/sdf/test/auto/sdf_sdf1.xml
8 ms. Memory: 652800K Free: 224252K (34%)
----------------- Invoking toplevel() on ptolemy.moml.MoMLSimpleApplication@2bdbe842
----------------- Done invoking toplevel() on ptolemy.moml.MoMLSimpleApplication@2bdbe842
reloadAllAccessors: .sdf_sdf1

===========================================================================================
----------------- testing Sat Apr 13 04:06:56 UTC 2019 /home/travis/build/icyphy/ptII/ptolemy/domains/sdf/test/auto/test1.xml
----------------- Instantiating /home/travis/build/icyphy/ptII/ptolemy/domains/sdf/test/auto/test1.xml
3 ms. Memory: 652800K Free: 211287K (32%)
----------------- Invoking toplevel() on ptolemy.moml.MoMLSimpleApplication@4fd42232
----------------- Done invoking toplevel() on ptolemy.moml.MoMLSimpleApplication@4fd42232
reloadAllAccessors: .test1

===========================================================================================
----------------- testing Sat Apr 13 04:06:56 UTC 2019 /home/travis/build/icyphy/ptII/ptolemy/domains/sdf/test/auto/time1.xml
----------------- Instantiating /home/travis/build/icyphy/ptII/ptolemy/domains/sdf/test/auto/time1.xml
2 ms. Memory: 652800K Free: 199911K (31%)
----------------- Invoking toplevel() on ptolemy.moml.MoMLSimpleApplication@9e70310
----------------- Done invoking toplevel() on ptolemy.moml.MoMLSimpleApplication@9e70310
reloadAllAccessors: .time1

===========================================================================================
----------------- testing Sat Apr 13 04:06:56 UTC 2019 /home/travis/build/icyphy/ptII/ptolemy/domains/sdf/test/auto/time2.xml
----------------- Instantiating /home/travis/build/icyphy/ptII/ptolemy/domains/sdf/test/auto/time2.xml
3 ms. Memory: 652800K Free: 188534K (29%)
----------------- Invoking toplevel() on ptolemy.moml.MoMLSimpleApplication@b745d58
----------------- Done invoking toplevel() on ptolemy.moml.MoMLSimpleApplication@b745d58
reloadAllAccessors: .time2

===========================================================================================
----------------- testing Sat Apr 13 04:06:56 UTC 2019 /home/travis/build/icyphy/ptII/ptolemy/domains/sdf/test/auto/time3.xml
----------------- Instantiating /home/travis/build/icyphy/ptII/ptolemy/domains/sdf/test/auto/time3.xml
7 ms. Memory: 652800K Free: 177157K (27%)
----------------- Invoking toplevel() on ptolemy.moml.MoMLSimpleApplication@1de8b388
----------------- Done invoking toplevel() on ptolemy.moml.MoMLSimpleApplication@1de8b388
reloadAllAccessors: .time3

===========================================================================================
----------------- testing Sat Apr 13 04:06:56 UTC 2019 /home/travis/build/icyphy/ptII/ptolemy/domains/sdf/test/auto/time4.xml
----------------- Instantiating /home/travis/build/icyphy/ptII/ptolemy/domains/sdf/test/auto/time4.xml
7 ms. Memory: 652800K Free: 164193K (25%)
----------------- Invoking toplevel() on ptolemy.moml.MoMLSimpleApplication@4671ed5
----------------- Done invoking toplevel() on ptolemy.moml.MoMLSimpleApplication@4671ed5
reloadAllAccessors: .time4

===========================================================================================
----------------- testing Sat Apr 13 04:06:56 UTC 2019 /home/travis/build/icyphy/ptII/ptolemy/domains/sdf/test/auto/time5.xml
----------------- Instantiating /home/travis/build/icyphy/ptII/ptolemy/domains/sdf/test/auto/time5.xml
4003 ms. Memory: 652800K Free: 152816K (23%)
----------------- Invoking toplevel() on ptolemy.moml.MoMLSimpleApplication@22b4b41c
----------------- Done invoking toplevel() on ptolemy.moml.MoMLSimpleApplication@22b4b41c
reloadAllAccessors: .time5

===========================================================================================
----------------- testing Sat Apr 13 04:07:00 UTC 2019 /home/travis/build/icyphy/ptII/ptolemy/domains/sdf/test/auto/typeSystem_Const_Integer_smallest_Type.xml
----------------- Instantiating /home/travis/build/icyphy/ptII/ptolemy/domains/sdf/test/auto/typeSystem_Const_Integer_smallest_Type.xml
6 ms. Memory: 652800K Free: 141440K (22%)
----------------- Invoking toplevel() on ptolemy.moml.MoMLSimpleApplication@1aa57f65
----------------- Done invoking toplevel() on ptolemy.moml.MoMLSimpleApplication@1aa57f65
reloadAllAccessors: .typeSystem_Const_Integer_smallest_Type

===========================================================================================
----------------- testing Sat Apr 13 04:07:00 UTC 2019 /home/travis/build/icyphy/ptII/ptolemy/domains/sdf/test/auto/typeSystem_declared_Inports_OutportTypeException.xml
----------------- Instantiating /home/travis/build/icyphy/ptII/ptolemy/domains/sdf/test/auto/typeSystem_declared_Inports_OutportTypeException.xml
.typeSystem_declared_Inports_OutportTypeException.TestExceptionAttribute: initialize() was not invoked, but wrapup() was.  This is unusual, but not always a problem.  For example, exporting JNLP will do this.
2 ms. Memory: 652800K Free: 130063K (20%)
----------------- Invoking toplevel() on ptolemy.moml.MoMLSimpleApplication@5aaa6c4b
----------------- Done invoking toplevel() on ptolemy.moml.MoMLSimpleApplication@5aaa6c4b
reloadAllAccessors: .typeSystem_declared_Inports_OutportTypeException

===========================================================================================
----------------- testing Sat Apr 13 04:07:00 UTC 2019 /home/travis/build/icyphy/ptII/ptolemy/domains/sdf/test/auto/typeSystem_oneDeclaredInportType_wrongTypeOutport.xml
----------------- Instantiating /home/travis/build/icyphy/ptII/ptolemy/domains/sdf/test/auto/typeSystem_oneDeclaredInportType_wrongTypeOutport.xml
8 ms. Memory: 652800K Free: 118686K (18%)
----------------- Invoking toplevel() on ptolemy.moml.MoMLSimpleApplication@7c710218
----------------- Done invoking toplevel() on ptolemy.moml.MoMLSimpleApplication@7c710218
reloadAllAccessors: .typeSystem_oneDeclaredInportType_wrongTypeOutport

===========================================================================================
----------------- testing Sat Apr 13 04:07:00 UTC 2019 /home/travis/build/icyphy/ptII/ptolemy/domains/sdf/test/auto/width.xml
----------------- Instantiating /home/travis/build/icyphy/ptII/ptolemy/domains/sdf/test/auto/width.xml
2 ms. Memory: 652800K Free: 105722K (16%)
----------------- Invoking toplevel() on ptolemy.moml.MoMLSimpleApplication@5ee9a338
----------------- Done invoking toplevel() on ptolemy.moml.MoMLSimpleApplication@5ee9a338
reloadAllAccessors: .width

===========================================================================================
----------------- testing Sat Apr 13 04:07:00 UTC 2019 /home/travis/build/icyphy/ptII/ptolemy/domains/sdf/test/auto/width2.xml
----------------- Instantiating /home/travis/build/icyphy/ptII/ptolemy/domains/sdf/test/auto/width2.xml
40 ms. Memory: 652800K Free: 94345K (14%)
----------------- Invoking toplevel() on ptolemy.moml.MoMLSimpleApplication@280d3200
----------------- Done invoking toplevel() on ptolemy.moml.MoMLSimpleApplication@280d3200
reloadAllAccessors: .width2

===========================================================================================
----------------- testing Sat Apr 13 04:07:01 UTC 2019 /home/travis/build/icyphy/ptII/ptolemy/domains/sdf/test/auto/width3.xml
----------------- Instantiating /home/travis/build/icyphy/ptII/ptolemy/domains/sdf/test/auto/width3.xml
25 ms. Memory: 652800K Free: 82969K (13%)
----------------- Invoking toplevel() on ptolemy.moml.MoMLSimpleApplication@6726daab
----------------- Done invoking toplevel() on ptolemy.moml.MoMLSimpleApplication@6726daab
reloadAllAccessors: .width3
AutoTests.java: About to close Vertx.
AutoTests.java: Vertx closed.
]]></system-out>
  <system-err><![CDATA[java.lang.RuntimeException: Execution failed
	at ptolemy.moml.MoMLSimpleApplication$UnloadThread.run(MoMLSimpleApplication.java:402)
Caused by: ptolemy.actor.sched.NotSchedulableException: No solution exists for the balance equations.
Graph is not consistent under the SDF domain detected on external port .rateConsistency.actor.port2
  in .rateConsistency.SDF Director.Scheduler
	at ptolemy.domains.sdf.kernel.SDFScheduler._propagatePort(SDFScheduler.java:1425)
	at ptolemy.domains.sdf.kernel.SDFScheduler._solveBalanceEquations(SDFScheduler.java:710)
	at ptolemy.domains.sdf.kernel.SDFScheduler._getSchedule(SDFScheduler.java:566)
	at ptolemy.actor.sched.Scheduler.getSchedule(Scheduler.java:189)
	at ptolemy.domains.sdf.kernel.SDFDirector.createSchedule(SDFDirector.java:408)
	at ptolemy.domains.sdf.kernel.SDFDirector.preinitialize(SDFDirector.java:764)
	at ptolemy.actor.CompositeActor.preinitialize(CompositeActor.java:1828)
	at ptolemy.actor.Manager.preinitializeAndResolveTypes(Manager.java:1040)
	at ptolemy.actor.Manager.initialize(Manager.java:710)
	at ptolemy.actor.Manager.execute(Manager.java:356)
	at ptolemy.actor.Manager.run(Manager.java:1263)
	at ptolemy.actor.Manager$PtolemyRunThread.run(Manager.java:1915)
java.lang.RuntimeException: Execution failed
	at ptolemy.moml.MoMLSimpleApplication$UnloadThread.run(MoMLSimpleApplication.java:402)
Caused by: ptolemy.kernel.util.IllegalActionException: Failed to compute schedule:
  in .badRateChanges.typed composite actor.SDF Director
Because:
The SDF rate parameter may change. This is not allowed in SDF models that will be run through the code generator.  If you don't care about code generation, then you might consider setting the allowRateChanges parameter of the SDF director to false.
  in .badRateChanges.typed composite actor.Repeat.output.tokenProductionRate
	at ptolemy.domains.sdf.kernel.SDFDirector.createSchedule(SDFDirector.java:418)
	at ptolemy.domains.sdf.kernel.SDFDirector.preinitialize(SDFDirector.java:764)
	at ptolemy.actor.CompositeActor.preinitialize(CompositeActor.java:1828)
	at ptolemy.actor.Director.preinitialize(Director.java:1302)
	at ptolemy.actor.Director.preinitialize(Director.java:1257)
	at ptolemy.domains.sdf.kernel.SDFDirector.preinitialize(SDFDirector.java:763)
	at ptolemy.actor.CompositeActor.preinitialize(CompositeActor.java:1828)
	at ptolemy.actor.Manager.preinitializeAndResolveTypes(Manager.java:1040)
	at ptolemy.actor.Manager.initialize(Manager.java:710)
	at ptolemy.actor.Manager.execute(Manager.java:356)
	at ptolemy.actor.Manager.run(Manager.java:1263)
	at ptolemy.actor.Manager$PtolemyRunThread.run(Manager.java:1915)
Caused by: ptolemy.kernel.util.IllegalActionException: The SDF rate parameter may change. This is not allowed in SDF models that will be run through the code generator.  If you don't care about code generation, then you might consider setting the allowRateChanges parameter of the SDF director to false.
  in .badRateChanges.typed composite actor.Repeat.output.tokenProductionRate
	at ptolemy.domains.sdf.kernel.SDFScheduler._assertDynamicRateVariable(SDFScheduler.java:931)
	at ptolemy.domains.sdf.kernel.SDFScheduler._checkDynamicRateVariables(SDFScheduler.java:339)
	at ptolemy.domains.sdf.kernel.SDFScheduler._getSchedule(SDFScheduler.java:527)
	at ptolemy.actor.sched.Scheduler.getSchedule(Scheduler.java:189)
	at ptolemy.domains.sdf.kernel.SDFDirector.createSchedule(SDFDirector.java:408)
	... 11 more
java.lang.RuntimeException: Execution failed
	at ptolemy.moml.MoMLSimpleApplication$UnloadThread.run(MoMLSimpleApplication.java:402)
Caused by: ptolemy.kernel.util.IllegalActionException: Failed to compute schedule:
  in .badRateChanges2.typed composite actor.SDF Director
Because:
The SDF rate parameter may change. This is not allowed in SDF models that will be run through the code generator.  If you don't care about code generation, then you might consider setting the allowRateChanges parameter of the SDF director to false.
  in .badRateChanges2.typed composite actor.Repeat.output.tokenProductionRate
	at ptolemy.domains.sdf.kernel.SDFDirector.createSchedule(SDFDirector.java:418)
	at ptolemy.domains.sdf.kernel.SDFDirector.preinitialize(SDFDirector.java:764)
	at ptolemy.actor.CompositeActor.preinitialize(CompositeActor.java:1828)
	at ptolemy.actor.Director.preinitialize(Director.java:1302)
	at ptolemy.actor.Director.preinitialize(Director.java:1257)
	at ptolemy.domains.sdf.kernel.SDFDirector.preinitialize(SDFDirector.java:763)
	at ptolemy.actor.CompositeActor.preinitialize(CompositeActor.java:1828)
	at ptolemy.actor.Manager.preinitializeAndResolveTypes(Manager.java:1040)
	at ptolemy.actor.Manager.initialize(Manager.java:710)
	at ptolemy.actor.Manager.execute(Manager.java:356)
	at ptolemy.actor.Manager.run(Manager.java:1263)
	at ptolemy.actor.Manager$PtolemyRunThread.run(Manager.java:1915)
Caused by: ptolemy.kernel.util.IllegalActionException: The SDF rate parameter may change. This is not allowed in SDF models that will be run through the code generator.  If you don't care about code generation, then you might consider setting the allowRateChanges parameter of the SDF director to false.
  in .badRateChanges2.typed composite actor.Repeat.output.tokenProductionRate
	at ptolemy.domains.sdf.kernel.SDFScheduler._assertDynamicRateVariable(SDFScheduler.java:931)
	at ptolemy.domains.sdf.kernel.SDFScheduler._checkDynamicRateVariables(SDFScheduler.java:339)
	at ptolemy.domains.sdf.kernel.SDFScheduler._getSchedule(SDFScheduler.java:527)
	at ptolemy.actor.sched.Scheduler.getSchedule(Scheduler.java:189)
	at ptolemy.domains.sdf.kernel.SDFDirector.createSchedule(SDFDirector.java:408)
	... 11 more
java.lang.RuntimeException: Execution failed
	at ptolemy.moml.MoMLSimpleApplication$UnloadThread.run(MoMLSimpleApplication.java:402)
Caused by: ptolemy.actor.sched.NotSchedulableException: Actors remain that cannot be scheduled!

There are several possible reasons:
* SDF Graphs with feedback loops should have an actor with a delay in the loop, such as a SampleDelay.
* The SDF director has an "allowDisconnectedGraphs"parameter, which, when true, permits disconnected SDF graphs.
* The token consumption rate and production rates might be mismatched.
Usually, actors produce one token or consume one token on a port.  To produce or consume multiple tokens per firing, add a "tokenConsumptionRate" or "tokenProductionRate" parameter to the appropriate port.
Unscheduled actors:
.partiallyConnected.Const2 
Scheduled actors:
.partiallyConnected.Const 
  in .partiallyConnected.SDF Director.Scheduler
	at ptolemy.domains.sdf.kernel.SDFScheduler._scheduleConnectedActors(SDFScheduler.java:1828)
	at ptolemy.domains.sdf.kernel.SDFScheduler._getSchedule(SDFScheduler.java:587)
	at ptolemy.actor.sched.Scheduler.getSchedule(Scheduler.java:189)
	at ptolemy.domains.sdf.kernel.SDFDirector.createSchedule(SDFDirector.java:408)
	at ptolemy.domains.sdf.kernel.SDFDirector.preinitialize(SDFDirector.java:764)
	at ptolemy.actor.CompositeActor.preinitialize(CompositeActor.java:1828)
	at ptolemy.actor.Manager.preinitializeAndResolveTypes(Manager.java:1040)
	at ptolemy.actor.Manager.initialize(Manager.java:710)
	at ptolemy.actor.Manager.execute(Manager.java:356)
	at ptolemy.actor.Manager.run(Manager.java:1263)
	at ptolemy.actor.Manager$PtolemyRunThread.run(Manager.java:1915)
]]></system-err>
</testsuite>
