<?xml version="1.0" encoding="UTF-8" ?>
<testsuite errors="0" failures="0" hostname="travis-job-fd311965-5664-46ce-aabf-74b0286edde1" name="ptolemy.domains.modal.test.junit.JUnitTclTest" skipped="0" tests="148" time="10.426" timestamp="2020-01-02T06:36:58">
  <properties>
[...]
</properties>
  <testcase classname="ptolemy.util.test.junit.TclTests" name="[0] /home/travis/build/icyphy/ptII/ptolemy/domains/modal/test/SystemLevelType.tcl (RunTclFile)" time="2.023" />
  <testcase classname="ptolemy.util.test.junit.AutoKnownFailedTests" name="[0] /home/travis/build/icyphy/ptII/ptolemy/domains/modal/test/auto/knownFailedTests/CannotAnalysisWithPreemption.xml (RunModel)" time="0.208" />
  <testcase classname="ptolemy.util.test.junit.AutoNameArchTests" name="[0] ThereAreNoAutoArchTests (RunModel)" time="0.001" />
  <testcase classname="ptolemy.util.test.junit.AutoTests" name="[0] /home/travis/build/icyphy/ptII/ptolemy/domains/modal/test/auto/ABPTest.xml (RunModel)" time="0.697" />
  <testcase classname="ptolemy.util.test.junit.AutoTests" name="[1] /home/travis/build/icyphy/ptII/ptolemy/domains/modal/test/auto/ABROFlat.xml (RunModel)" time="0.073" />
  <testcase classname="ptolemy.util.test.junit.AutoTests" name="[2] /home/travis/build/icyphy/ptII/ptolemy/domains/modal/test/auto/ABROFlat2.xml (RunModel)" time="0.071" />
  <testcase classname="ptolemy.util.test.junit.AutoTests" name="[3] /home/travis/build/icyphy/ptII/ptolemy/domains/modal/test/auto/ABRO_present_hmm.xml (RunModel)" time="0.154" />
  <testcase classname="ptolemy.util.test.junit.AutoTests" name="[4] /home/travis/build/icyphy/ptII/ptolemy/domains/modal/test/auto/AMICoderExample.xml (RunModel)" time="0.094" />
  <testcase classname="ptolemy.util.test.junit.AutoTests" name="[5] /home/travis/build/icyphy/ptII/ptolemy/domains/modal/test/auto/AbsentToPresent.xml (RunModel)" time="0.02" />
  <testcase classname="ptolemy.util.test.junit.AutoTests" name="[6] /home/travis/build/icyphy/ptII/ptolemy/domains/modal/test/auto/Blending.xml (RunModel)" time="0.311" />
  <testcase classname="ptolemy.util.test.junit.AutoTests" name="[7] /home/travis/build/icyphy/ptII/ptolemy/domains/modal/test/auto/Broadcast.xml (RunModel)" time="0.036" />
  <testcase classname="ptolemy.util.test.junit.AutoTests" name="[8] /home/travis/build/icyphy/ptII/ptolemy/domains/modal/test/auto/BroadcastHierarchy.xml (RunModel)" time="0.052" />
  <testcase classname="ptolemy.util.test.junit.AutoTests" name="[9] /home/travis/build/icyphy/ptII/ptolemy/domains/modal/test/auto/BroadcastHierarchy2.xml (RunModel)" time="0.141" />
  <testcase classname="ptolemy.util.test.junit.AutoTests" name="[10] /home/travis/build/icyphy/ptII/ptolemy/domains/modal/test/auto/BroadcastHierarchy3.xml (RunModel)" time="0.121" />
  <testcase classname="ptolemy.util.test.junit.AutoTests" name="[11] /home/travis/build/icyphy/ptII/ptolemy/domains/modal/test/auto/BroadcastHierarchy4.xml (RunModel)" time="0.087" />
  <testcase classname="ptolemy.util.test.junit.AutoTests" name="[12] /home/travis/build/icyphy/ptII/ptolemy/domains/modal/test/auto/CannotAnalysisWithPreemption2.xml (RunModel)" time="0.027" />
  <testcase classname="ptolemy.util.test.junit.AutoTests" name="[13] /home/travis/build/icyphy/ptII/ptolemy/domains/modal/test/auto/CannotAnalysisWithPreemption3.xml (RunModel)" time="0.033" />
  <testcase classname="ptolemy.util.test.junit.AutoTests" name="[14] /home/travis/build/icyphy/ptII/ptolemy/domains/modal/test/auto/CannotProduce.xml (RunModel)" time="0.035" />
  <testcase classname="ptolemy.util.test.junit.AutoTests" name="[15] /home/travis/build/icyphy/ptII/ptolemy/domains/modal/test/auto/CannotProduceModal.xml (RunModel)" time="0.024" />
  <testcase classname="ptolemy.util.test.junit.AutoTests" name="[16] /home/travis/build/icyphy/ptII/ptolemy/domains/modal/test/auto/Case.xml (RunModel)" time="0.062" />
  <testcase classname="ptolemy.util.test.junit.AutoTests" name="[17] /home/travis/build/icyphy/ptII/ptolemy/domains/modal/test/auto/Case1.xml (RunModel)" time="0.045" />
  <testcase classname="ptolemy.util.test.junit.AutoTests" name="[18] /home/travis/build/icyphy/ptII/ptolemy/domains/modal/test/auto/Case2.xml (RunModel)" time="0.067" />
  <testcase classname="ptolemy.util.test.junit.AutoTests" name="[19] /home/travis/build/icyphy/ptII/ptolemy/domains/modal/test/auto/CausalityInterface1.xml (RunModel)" time="0.029" />
  <testcase classname="ptolemy.util.test.junit.AutoTests" name="[20] /home/travis/build/icyphy/ptII/ptolemy/domains/modal/test/auto/CausalityInterface10.xml (RunModel)" time="0.053" />
  <testcase classname="ptolemy.util.test.junit.AutoTests" name="[21] /home/travis/build/icyphy/ptII/ptolemy/domains/modal/test/auto/CausalityInterface11.xml (RunModel)" time="0.056" />
  <testcase classname="ptolemy.util.test.junit.AutoTests" name="[22] /home/travis/build/icyphy/ptII/ptolemy/domains/modal/test/auto/CausalityInterface12.xml (RunModel)" time="0.048" />
  <testcase classname="ptolemy.util.test.junit.AutoTests" name="[23] /home/travis/build/icyphy/ptII/ptolemy/domains/modal/test/auto/CausalityInterface13.xml (RunModel)" time="0.056" />
  <testcase classname="ptolemy.util.test.junit.AutoTests" name="[24] /home/travis/build/icyphy/ptII/ptolemy/domains/modal/test/auto/CausalityInterface14.xml (RunModel)" time="0.055" />
  <testcase classname="ptolemy.util.test.junit.AutoTests" name="[25] /home/travis/build/icyphy/ptII/ptolemy/domains/modal/test/auto/CausalityInterface2.xml (RunModel)" time="0.025" />
  <testcase classname="ptolemy.util.test.junit.AutoTests" name="[26] /home/travis/build/icyphy/ptII/ptolemy/domains/modal/test/auto/CausalityInterface3.xml (RunModel)" time="0.019" />
  <testcase classname="ptolemy.util.test.junit.AutoTests" name="[27] /home/travis/build/icyphy/ptII/ptolemy/domains/modal/test/auto/CausalityInterface4.xml (RunModel)" time="0.023" />
  <testcase classname="ptolemy.util.test.junit.AutoTests" name="[28] /home/travis/build/icyphy/ptII/ptolemy/domains/modal/test/auto/CausalityInterface5.xml (RunModel)" time="0.047" />
  <testcase classname="ptolemy.util.test.junit.AutoTests" name="[29] /home/travis/build/icyphy/ptII/ptolemy/domains/modal/test/auto/CausalityInterface6.xml (RunModel)" time="0.028" />
  <testcase classname="ptolemy.util.test.junit.AutoTests" name="[30] /home/travis/build/icyphy/ptII/ptolemy/domains/modal/test/auto/CausalityInterface7.xml (RunModel)" time="0.03" />
  <testcase classname="ptolemy.util.test.junit.AutoTests" name="[31] /home/travis/build/icyphy/ptII/ptolemy/domains/modal/test/auto/CausalityInterface8.xml (RunModel)" time="0.024" />
  <testcase classname="ptolemy.util.test.junit.AutoTests" name="[32] /home/travis/build/icyphy/ptII/ptolemy/domains/modal/test/auto/CausalityInterface9.xml (RunModel)" time="0.035" />
  <testcase classname="ptolemy.util.test.junit.AutoTests" name="[33] /home/travis/build/icyphy/ptII/ptolemy/domains/modal/test/auto/ChainedTransitions.xml (RunModel)" time="0.144" />
  <testcase classname="ptolemy.util.test.junit.AutoTests" name="[34] /home/travis/build/icyphy/ptII/ptolemy/domains/modal/test/auto/CycleOfImmediateTransitionsFSM.xml (RunModel)" time="0.021" />
  <testcase classname="ptolemy.util.test.junit.AutoTests" name="[35] /home/travis/build/icyphy/ptII/ptolemy/domains/modal/test/auto/CycleOfImmediateTransitionsModal.xml (RunModel)" time="0.019" />
  <testcase classname="ptolemy.util.test.junit.AutoTests" name="[36] /home/travis/build/icyphy/ptII/ptolemy/domains/modal/test/auto/CycleOfImmediateTransitionsModal2.xml (RunModel)" time="0.035" />
  <testcase classname="ptolemy.util.test.junit.AutoTests" name="[37] /home/travis/build/icyphy/ptII/ptolemy/domains/modal/test/auto/CycleOfImmediateTransitionsModal3.xml (RunModel)" time="0.067" />
  <testcase classname="ptolemy.util.test.junit.AutoTests" name="[38] /home/travis/build/icyphy/ptII/ptolemy/domains/modal/test/auto/DeepModal1.xml (RunModel)" time="0.069" />
  <testcase classname="ptolemy.util.test.junit.AutoTests" name="[39] /home/travis/build/icyphy/ptII/ptolemy/domains/modal/test/auto/DeepModal2.xml (RunModel)" time="0.056" />
  <testcase classname="ptolemy.util.test.junit.AutoTests" name="[40] /home/travis/build/icyphy/ptII/ptolemy/domains/modal/test/auto/DeepModal3.xml (RunModel)" time="0.069" />
  <testcase classname="ptolemy.util.test.junit.AutoTests" name="[41] /home/travis/build/icyphy/ptII/ptolemy/domains/modal/test/auto/DeepModal4.xml (RunModel)" time="0.067" />
  <testcase classname="ptolemy.util.test.junit.AutoTests" name="[42] /home/travis/build/icyphy/ptII/ptolemy/domains/modal/test/auto/Default1.xml (RunModel)" time="0.018" />
  <testcase classname="ptolemy.util.test.junit.AutoTests" name="[43] /home/travis/build/icyphy/ptII/ptolemy/domains/modal/test/auto/Default2.xml (RunModel)" time="0.019" />
  <testcase classname="ptolemy.util.test.junit.AutoTests" name="[44] /home/travis/build/icyphy/ptII/ptolemy/domains/modal/test/auto/Default3.xml (RunModel)" time="0.018" />
  <testcase classname="ptolemy.util.test.junit.AutoTests" name="[45] /home/travis/build/icyphy/ptII/ptolemy/domains/modal/test/auto/Default4.xml (RunModel)" time="0.019" />
  <testcase classname="ptolemy.util.test.junit.AutoTests" name="[46] /home/travis/build/icyphy/ptII/ptolemy/domains/modal/test/auto/Default5.xml (RunModel)" time="0.022" />
  <testcase classname="ptolemy.util.test.junit.AutoTests" name="[47] /home/travis/build/icyphy/ptII/ptolemy/domains/modal/test/auto/EmptyGuard.xml (RunModel)" time="0.026" />
  <testcase classname="ptolemy.util.test.junit.AutoTests" name="[48] /home/travis/build/icyphy/ptII/ptolemy/domains/modal/test/auto/ErrorTransition1.xml (RunModel)" time="0.047" />
  <testcase classname="ptolemy.util.test.junit.AutoTests" name="[49] /home/travis/build/icyphy/ptII/ptolemy/domains/modal/test/auto/ErrorTransition10.xml (RunModel)" time="0.045" />
  <testcase classname="ptolemy.util.test.junit.AutoTests" name="[50] /home/travis/build/icyphy/ptII/ptolemy/domains/modal/test/auto/ErrorTransition11.xml (RunModel)" time="0.044" />
  <testcase classname="ptolemy.util.test.junit.AutoTests" name="[51] /home/travis/build/icyphy/ptII/ptolemy/domains/modal/test/auto/ErrorTransition2.xml (RunModel)" time="0.031" />
  <testcase classname="ptolemy.util.test.junit.AutoTests" name="[52] /home/travis/build/icyphy/ptII/ptolemy/domains/modal/test/auto/ErrorTransition3.xml (RunModel)" time="0.043" />
  <testcase classname="ptolemy.util.test.junit.AutoTests" name="[53] /home/travis/build/icyphy/ptII/ptolemy/domains/modal/test/auto/ErrorTransition4.xml (RunModel)" time="0.039" />
  <testcase classname="ptolemy.util.test.junit.AutoTests" name="[54] /home/travis/build/icyphy/ptII/ptolemy/domains/modal/test/auto/ErrorTransition5.xml (RunModel)" time="0.023" />
  <testcase classname="ptolemy.util.test.junit.AutoTests" name="[55] /home/travis/build/icyphy/ptII/ptolemy/domains/modal/test/auto/ErrorTransition6.xml (RunModel)" time="0.029" />
  <testcase classname="ptolemy.util.test.junit.AutoTests" name="[56] /home/travis/build/icyphy/ptII/ptolemy/domains/modal/test/auto/ErrorTransition7.xml (RunModel)" time="0.037" />
  <testcase classname="ptolemy.util.test.junit.AutoTests" name="[57] /home/travis/build/icyphy/ptII/ptolemy/domains/modal/test/auto/ErrorTransition8.xml (RunModel)" time="0.052" />
  <testcase classname="ptolemy.util.test.junit.AutoTests" name="[58] /home/travis/build/icyphy/ptII/ptolemy/domains/modal/test/auto/ErrorTransition9.xml (RunModel)" time="0.041" />
  <testcase classname="ptolemy.util.test.junit.AutoTests" name="[59] /home/travis/build/icyphy/ptII/ptolemy/domains/modal/test/auto/ExtendedFSM.xml (RunModel)" time="0.021" />
  <testcase classname="ptolemy.util.test.junit.AutoTests" name="[60] /home/travis/build/icyphy/ptII/ptolemy/domains/modal/test/auto/FinalStates.xml (RunModel)" time="0.039" />
  <testcase classname="ptolemy.util.test.junit.AutoTests" name="[61] /home/travis/build/icyphy/ptII/ptolemy/domains/modal/test/auto/FixedPointFSM.xml (RunModel)" time="0.049" />
  <testcase classname="ptolemy.util.test.junit.AutoTests" name="[62] /home/travis/build/icyphy/ptII/ptolemy/domains/modal/test/auto/FixedPointIterationFSMActor.xml (RunModel)" time="0.041" />
  <testcase classname="ptolemy.util.test.junit.AutoTests" name="[63] /home/travis/build/icyphy/ptII/ptolemy/domains/modal/test/auto/FixedPointIterationFSMActor2.xml (RunModel)" time="0.033" />
  <testcase classname="ptolemy.util.test.junit.AutoTests" name="[64] /home/travis/build/icyphy/ptII/ptolemy/domains/modal/test/auto/ForbiddenInstantanousLoop.xml (RunModel)" time="0.035" />
  <testcase classname="ptolemy.util.test.junit.AutoTests" name="[65] /home/travis/build/icyphy/ptII/ptolemy/domains/modal/test/auto/FunctionDependencyOfFSMActorTest.xml (RunModel)" time="0.028" />
  <testcase classname="ptolemy.util.test.junit.AutoTests" name="[66] /home/travis/build/icyphy/ptII/ptolemy/domains/modal/test/auto/GuardExpression.xml (RunModel)" time="0.013" />
  <testcase classname="ptolemy.util.test.junit.AutoTests" name="[67] /home/travis/build/icyphy/ptII/ptolemy/domains/modal/test/auto/GuardNotEvaluated.xml (RunModel)" time="0.03" />
  <testcase classname="ptolemy.util.test.junit.AutoTests" name="[68] /home/travis/build/icyphy/ptII/ptolemy/domains/modal/test/auto/GuardNotEvaluated2.xml (RunModel)" time="0.025" />
  <testcase classname="ptolemy.util.test.junit.AutoTests" name="[69] /home/travis/build/icyphy/ptII/ptolemy/domains/modal/test/auto/GuardOnAbsent.xml (RunModel)" time="0.023" />
  <testcase classname="ptolemy.util.test.junit.AutoTests" name="[70] /home/travis/build/icyphy/ptII/ptolemy/domains/modal/test/auto/HierarchicalFSMTypeInference.xml (RunModel)" time="0.03" />
  <testcase classname="ptolemy.util.test.junit.AutoTests" name="[71] /home/travis/build/icyphy/ptII/ptolemy/domains/modal/test/auto/Hysteresis.xml (RunModel)" time="0.044" />
  <testcase classname="ptolemy.util.test.junit.AutoTests" name="[72] /home/travis/build/icyphy/ptII/ptolemy/domains/modal/test/auto/HysteresisWithDefault.xml (RunModel)" time="0.076" />
  <testcase classname="ptolemy.util.test.junit.AutoTests" name="[73] /home/travis/build/icyphy/ptII/ptolemy/domains/modal/test/auto/HysteresisWithDefault2.xml (RunModel)" time="0.078" />
  <testcase classname="ptolemy.util.test.junit.AutoTests" name="[74] /home/travis/build/icyphy/ptII/ptolemy/domains/modal/test/auto/ImmediateNonConstructiveness.xml (RunModel)" time="0.015" />
  <testcase classname="ptolemy.util.test.junit.AutoTests" name="[75] /home/travis/build/icyphy/ptII/ptolemy/domains/modal/test/auto/ImmediateNonConstructiveness2.xml (RunModel)" time="0.018" />
  <testcase classname="ptolemy.util.test.junit.AutoTests" name="[76] /home/travis/build/icyphy/ptII/ptolemy/domains/modal/test/auto/ImmediateTransitionReset.xml (RunModel)" time="0.027" />
  <testcase classname="ptolemy.util.test.junit.AutoTests" name="[77] /home/travis/build/icyphy/ptII/ptolemy/domains/modal/test/auto/ImmediateTransitions1.xml (RunModel)" time="0.01" />
  <testcase classname="ptolemy.util.test.junit.AutoTests" name="[78] /home/travis/build/icyphy/ptII/ptolemy/domains/modal/test/auto/ImmediateTransitionsInstantaneousCommunication.xml (RunModel)" time="0.031" />
  <testcase classname="ptolemy.util.test.junit.AutoTests" name="[79] /home/travis/build/icyphy/ptII/ptolemy/domains/modal/test/auto/InitialImmediateTransition.xml (RunModel)" time="0.016" />
  <testcase classname="ptolemy.util.test.junit.AutoTests" name="[80] /home/travis/build/icyphy/ptII/ptolemy/domains/modal/test/auto/InitialOutputs.xml (RunModel)" time="0.013" />
  <testcase classname="ptolemy.util.test.junit.AutoTests" name="[81] /home/travis/build/icyphy/ptII/ptolemy/domains/modal/test/auto/InitialStateTransition1.xml (RunModel)" time="0.018" />
  <testcase classname="ptolemy.util.test.junit.AutoTests" name="[82] /home/travis/build/icyphy/ptII/ptolemy/domains/modal/test/auto/InitialStateTransition2.xml (RunModel)" time="0.022" />
  <testcase classname="ptolemy.util.test.junit.AutoTests" name="[83] /home/travis/build/icyphy/ptII/ptolemy/domains/modal/test/auto/InitialStateTransition3.xml (RunModel)" time="0.023" />
  <testcase classname="ptolemy.util.test.junit.AutoTests" name="[84] /home/travis/build/icyphy/ptII/ptolemy/domains/modal/test/auto/InitialStateTransition4.xml (RunModel)" time="0.027" />
  <testcase classname="ptolemy.util.test.junit.AutoTests" name="[85] /home/travis/build/icyphy/ptII/ptolemy/domains/modal/test/auto/MalformedGuardExpressionNotCaught.xml (RunModel)" time="0.025" />
  <testcase classname="ptolemy.util.test.junit.AutoTests" name="[86] /home/travis/build/icyphy/ptII/ptolemy/domains/modal/test/auto/ModalBSC.xml (RunModel)" time="0.122" />
  <testcase classname="ptolemy.util.test.junit.AutoTests" name="[87] /home/travis/build/icyphy/ptII/ptolemy/domains/modal/test/auto/ModalClocks.xml (RunModel)" time="0.087" />
  <testcase classname="ptolemy.util.test.junit.AutoTests" name="[88] /home/travis/build/icyphy/ptII/ptolemy/domains/modal/test/auto/ModalDelay.xml (RunModel)" time="0.043" />
  <testcase classname="ptolemy.util.test.junit.AutoTests" name="[89] /home/travis/build/icyphy/ptII/ptolemy/domains/modal/test/auto/ModalDelay2.xml (RunModel)" time="0.043" />
  <testcase classname="ptolemy.util.test.junit.AutoTests" name="[90] /home/travis/build/icyphy/ptII/ptolemy/domains/modal/test/auto/ModalModelFromMemo.xml (RunModel)" time="0.054" />
  <testcase classname="ptolemy.util.test.junit.AutoTests" name="[91] /home/travis/build/icyphy/ptII/ptolemy/domains/modal/test/auto/ModalModelWithMultirateTransient.xml (RunModel)" time="0.048" />
  <testcase classname="ptolemy.util.test.junit.AutoTests" name="[92] /home/travis/build/icyphy/ptII/ptolemy/domains/modal/test/auto/ModalModelWithReset.xml (RunModel)" time="0.047" />
  <testcase classname="ptolemy.util.test.junit.AutoTests" name="[93] /home/travis/build/icyphy/ptII/ptolemy/domains/modal/test/auto/MouseClickFSM.xml (RunModel)" time="0.072" />
  <testcase classname="ptolemy.util.test.junit.AutoTests" name="[94] /home/travis/build/icyphy/ptII/ptolemy/domains/modal/test/auto/MouseClickFSMModal.xml (RunModel)" time="0.041" />
  <testcase classname="ptolemy.util.test.junit.AutoTests" name="[95] /home/travis/build/icyphy/ptII/ptolemy/domains/modal/test/auto/NonStrictFSM_FeedbackLoop.xml (RunModel)" time="0.057" />
  <testcase classname="ptolemy.util.test.junit.AutoTests" name="[96] /home/travis/build/icyphy/ptII/ptolemy/domains/modal/test/auto/NonStrictFSM_FeedbackLoop_Refinement.xml (RunModel)" time="0.086" />
  <testcase classname="ptolemy.util.test.junit.AutoTests" name="[97] /home/travis/build/icyphy/ptII/ptolemy/domains/modal/test/auto/NonStrictFSM_FeedbackLoop_preemptive.xml (RunModel)" time="0.044" />
  <testcase classname="ptolemy.util.test.junit.AutoTests" name="[98] /home/travis/build/icyphy/ptII/ptolemy/domains/modal/test/auto/NormalTermination.xml (RunModel)" time="0.042" />
  <testcase classname="ptolemy.util.test.junit.AutoTests" name="[99] /home/travis/build/icyphy/ptII/ptolemy/domains/modal/test/auto/Pong.xml (RunModel)" time="0.073" />
  <testcase classname="ptolemy.util.test.junit.AutoTests" name="[100] /home/travis/build/icyphy/ptII/ptolemy/domains/modal/test/auto/Pong_test.xml (RunModel)" time="0.107" />
  <testcase classname="ptolemy.util.test.junit.AutoTests" name="[101] /home/travis/build/icyphy/ptII/ptolemy/domains/modal/test/auto/PreemptionHierarchy.xml (RunModel)" time="0.024" />
  <testcase classname="ptolemy.util.test.junit.AutoTests" name="[102] /home/travis/build/icyphy/ptII/ptolemy/domains/modal/test/auto/PreemptionHierarchy2.xml (RunModel)" time="0.028" />
  <testcase classname="ptolemy.util.test.junit.AutoTests" name="[103] /home/travis/build/icyphy/ptII/ptolemy/domains/modal/test/auto/PreemptiveTransition.xml (RunModel)" time="0.023" />
  <testcase classname="ptolemy.util.test.junit.AutoTests" name="[104] /home/travis/build/icyphy/ptII/ptolemy/domains/modal/test/auto/Priorities.xml (RunModel)" time="0.099" />
  <testcase classname="ptolemy.util.test.junit.AutoTests" name="[105] /home/travis/build/icyphy/ptII/ptolemy/domains/modal/test/auto/ResetFinal.xml (RunModel)" time="0.048" />
  <testcase classname="ptolemy.util.test.junit.AutoTests" name="[106] /home/travis/build/icyphy/ptII/ptolemy/domains/modal/test/auto/ResetFinal2.xml (RunModel)" time="0.03" />
  <testcase classname="ptolemy.util.test.junit.AutoTests" name="[107] /home/travis/build/icyphy/ptII/ptolemy/domains/modal/test/auto/ResetTransitionWithStartTime.xml (RunModel)" time="0.028" />
  <testcase classname="ptolemy.util.test.junit.AutoTests" name="[108] /home/travis/build/icyphy/ptII/ptolemy/domains/modal/test/auto/SDF-FSMComposite.xml (RunModel)" time="0.023" />
  <testcase classname="ptolemy.util.test.junit.AutoTests" name="[109] /home/travis/build/icyphy/ptII/ptolemy/domains/modal/test/auto/SeeminglyNondeterminate.xml (RunModel)" time="0.065" />
  <testcase classname="ptolemy.util.test.junit.AutoTests" name="[110] /home/travis/build/icyphy/ptII/ptolemy/domains/modal/test/auto/SeeminglyNondeterminate2.xml (RunModel)" time="0.071" />
  <testcase classname="ptolemy.util.test.junit.AutoTests" name="[111] /home/travis/build/icyphy/ptII/ptolemy/domains/modal/test/auto/SpontaneousFSM.xml (RunModel)" time="0.066" />
  <testcase classname="ptolemy.util.test.junit.AutoTests" name="[112] /home/travis/build/icyphy/ptII/ptolemy/domains/modal/test/auto/SpontaneousFSM2.xml (RunModel)" time="0.028" />
  <testcase classname="ptolemy.util.test.junit.AutoTests" name="[113] /home/travis/build/icyphy/ptII/ptolemy/domains/modal/test/auto/SpontaneousFSM3.xml (RunModel)" time="0.041" />
  <testcase classname="ptolemy.util.test.junit.AutoTests" name="[114] /home/travis/build/icyphy/ptII/ptolemy/domains/modal/test/auto/SpontaneousFSM4.xml (RunModel)" time="0.047" />
  <testcase classname="ptolemy.util.test.junit.AutoTests" name="[115] /home/travis/build/icyphy/ptII/ptolemy/domains/modal/test/auto/StateTrackerTest.xml (RunModel)" time="0.061" />
  <testcase classname="ptolemy.util.test.junit.AutoTests" name="[116] /home/travis/build/icyphy/ptII/ptolemy/domains/modal/test/auto/StrongImmediateTransition.xml (RunModel)" time="0.02" />
  <testcase classname="ptolemy.util.test.junit.AutoTests" name="[117] /home/travis/build/icyphy/ptII/ptolemy/domains/modal/test/auto/SustainHierarchy.xml (RunModel)" time="0.027" />
  <testcase classname="ptolemy.util.test.junit.AutoTests" name="[118] /home/travis/build/icyphy/ptII/ptolemy/domains/modal/test/auto/TerminationTransition1.xml (RunModel)" time="0.018" />
  <testcase classname="ptolemy.util.test.junit.AutoTests" name="[119] /home/travis/build/icyphy/ptII/ptolemy/domains/modal/test/auto/TerminationTransition2.xml (RunModel)" time="0.023" />
  <testcase classname="ptolemy.util.test.junit.AutoTests" name="[120] /home/travis/build/icyphy/ptII/ptolemy/domains/modal/test/auto/TerminationTransition3.xml (RunModel)" time="0.018" />
  <testcase classname="ptolemy.util.test.junit.AutoTests" name="[121] /home/travis/build/icyphy/ptII/ptolemy/domains/modal/test/auto/TerminationTransition4.xml (RunModel)" time="0.029" />
  <testcase classname="ptolemy.util.test.junit.AutoTests" name="[122] /home/travis/build/icyphy/ptII/ptolemy/domains/modal/test/auto/TerminationTransition5.xml (RunModel)" time="0.025" />
  <testcase classname="ptolemy.util.test.junit.AutoTests" name="[123] /home/travis/build/icyphy/ptII/ptolemy/domains/modal/test/auto/TerminationTransition6.xml (RunModel)" time="0.017" />
  <testcase classname="ptolemy.util.test.junit.AutoTests" name="[124] /home/travis/build/icyphy/ptII/ptolemy/domains/modal/test/auto/TerminationTransition7.xml (RunModel)" time="0.017" />
  <testcase classname="ptolemy.util.test.junit.AutoTests" name="[125] /home/travis/build/icyphy/ptII/ptolemy/domains/modal/test/auto/TerminationTransition8.xml (RunModel)" time="0.019" />
  <testcase classname="ptolemy.util.test.junit.AutoTests" name="[126] /home/travis/build/icyphy/ptII/ptolemy/domains/modal/test/auto/Thermostat_NoHysteresis.xml (RunModel)" time="0.088" />
  <testcase classname="ptolemy.util.test.junit.AutoTests" name="[127] /home/travis/build/icyphy/ptII/ptolemy/domains/modal/test/auto/TimedFSM.xml (RunModel)" time="0.028" />
  <testcase classname="ptolemy.util.test.junit.AutoTests" name="[128] /home/travis/build/icyphy/ptII/ptolemy/domains/modal/test/auto/Timeout1.xml (RunModel)" time="0.011" />
  <testcase classname="ptolemy.util.test.junit.AutoTests" name="[129] /home/travis/build/icyphy/ptII/ptolemy/domains/modal/test/auto/Timeout2.xml (RunModel)" time="0.02" />
  <testcase classname="ptolemy.util.test.junit.AutoTests" name="[130] /home/travis/build/icyphy/ptII/ptolemy/domains/modal/test/auto/Timeout3.xml (RunModel)" time="0.01" />
  <testcase classname="ptolemy.util.test.junit.AutoTests" name="[131] /home/travis/build/icyphy/ptII/ptolemy/domains/modal/test/auto/Timeout4.xml (RunModel)" time="0.011" />
  <testcase classname="ptolemy.util.test.junit.AutoTests" name="[132] /home/travis/build/icyphy/ptII/ptolemy/domains/modal/test/auto/TransientstateModelAdvanced.xml (RunModel)" time="0.028" />
  <testcase classname="ptolemy.util.test.junit.AutoTests" name="[133] /home/travis/build/icyphy/ptII/ptolemy/domains/modal/test/auto/TransientstateModelAdvanced2.xml (RunModel)" time="0.029" />
  <testcase classname="ptolemy.util.test.junit.AutoTests" name="[134] /home/travis/build/icyphy/ptII/ptolemy/domains/modal/test/auto/TransitionRefinements.xml (RunModel)" time="0.022" />
  <testcase classname="ptolemy.util.test.junit.AutoTests" name="[135] /home/travis/build/icyphy/ptII/ptolemy/domains/modal/test/auto/TwoRefinements1.xml (RunModel)" time="0.022" />
  <testcase classname="ptolemy.util.test.junit.AutoTests" name="[136] /home/travis/build/icyphy/ptII/ptolemy/domains/modal/test/auto/TwoRefinements2.xml (RunModel)" time="0.023" />
  <testcase classname="ptolemy.util.test.junit.AutoTests" name="[137] /home/travis/build/icyphy/ptII/ptolemy/domains/modal/test/auto/WeakImmediateTransition.xml (RunModel)" time="0.018" />
  <testcase classname="ptolemy.util.test.junit.AutoTests" name="[138] /home/travis/build/icyphy/ptII/ptolemy/domains/modal/test/auto/booleanSelect.xml (RunModel)" time="0.055" />
  <testcase classname="ptolemy.util.test.junit.AutoTests" name="[139] /home/travis/build/icyphy/ptII/ptolemy/domains/modal/test/auto/modalChangingParams.xml (RunModel)" time="0.373" />
  <testcase classname="ptolemy.util.test.junit.AutoTests" name="[140] /home/travis/build/icyphy/ptII/ptolemy/domains/modal/test/auto/modalModel.xml (RunModel)" time="0.019" />
  <testcase classname="ptolemy.util.test.junit.AutoTests" name="[141] /home/travis/build/icyphy/ptII/ptolemy/domains/modal/test/auto/modalModel2.xml (RunModel)" time="0.028" />
  <testcase classname="ptolemy.util.test.junit.AutoTests" name="[142] /home/travis/build/icyphy/ptII/ptolemy/domains/modal/test/auto/modalModel3.xml (RunModel)" time="0.037" />
  <testcase classname="ptolemy.util.test.junit.AutoTests" name="[143] /home/travis/build/icyphy/ptII/ptolemy/domains/modal/test/auto/model1.xml (RunModel)" time="0.02" />
  <testcase classname="ptolemy.util.test.junit.AutoTests" name="[144] /home/travis/build/icyphy/ptII/ptolemy/domains/modal/test/auto/test-direct-in-out.xml (RunModel)" time="0.021" />
  <system-out><![CDATA[/home/travis/build/icyphy/ptII/ptolemy/domains/modal/test/SystemLevelType.tcl
testDefs.tcl: setting time out to 9000 seconds at Thu Jan 02 06:36:58 UTC 2020
01/02/20 06:37:00
Failed: 0  Total Tests: 1  ((Passed: 1, Newly Passed: 0)  Known Failed: 0) /home/travis/build/icyphy/ptII/ptolemy/domains/modal/test
----------------- testing (KnownFailure) /home/travis/build/icyphy/ptII/ptolemy/domains/modal/test/auto/knownFailedTests/CannotAnalysisWithPreemption.xml
91 ms. Memory: 155648K Free: 98077K (63%)
Known Failure: java.lang.reflect.InvocationTargetException
No auto/linux-amd64/*.xml tests in /home/travis/build/icyphy/ptII/ptolemy/domains/modal/test
AutoTests.java: About to close Vertx.
AutoTests.java: Vertx closed.

===========================================================================================
----------------- testing Thu Jan 02 06:37:00 UTC 2020 /home/travis/build/icyphy/ptII/ptolemy/domains/modal/test/auto/ABPTest.xml
----------------- Instantiating /home/travis/build/icyphy/ptII/ptolemy/domains/modal/test/auto/ABPTest.xml
324 ms. Memory: 155648K Free: 114563K (74%)
----------------- Invoking toplevel() on ptolemy.moml.MoMLSimpleApplication@46f51dd0
----------------- Done invoking toplevel() on ptolemy.moml.MoMLSimpleApplication@46f51dd0
reloadAllAccessors: .ABPTest

===========================================================================================
----------------- testing Thu Jan 02 06:37:01 UTC 2020 /home/travis/build/icyphy/ptII/ptolemy/domains/modal/test/auto/ABROFlat.xml
----------------- Instantiating /home/travis/build/icyphy/ptII/ptolemy/domains/modal/test/auto/ABROFlat.xml
31 ms. Memory: 155648K Free: 99580K (64%)
----------------- Invoking toplevel() on ptolemy.moml.MoMLSimpleApplication@5c44f801
----------------- Done invoking toplevel() on ptolemy.moml.MoMLSimpleApplication@5c44f801
reloadAllAccessors: .ABROFlat

===========================================================================================
----------------- testing Thu Jan 02 06:37:01 UTC 2020 /home/travis/build/icyphy/ptII/ptolemy/domains/modal/test/auto/ABROFlat2.xml
----------------- Instantiating /home/travis/build/icyphy/ptII/ptolemy/domains/modal/test/auto/ABROFlat2.xml
24 ms. Memory: 155648K Free: 82708K (53%)
----------------- Invoking toplevel() on ptolemy.moml.MoMLSimpleApplication@36be54b3
----------------- Done invoking toplevel() on ptolemy.moml.MoMLSimpleApplication@36be54b3
reloadAllAccessors: .ABROFlat2

===========================================================================================
----------------- testing Thu Jan 02 06:37:01 UTC 2020 /home/travis/build/icyphy/ptII/ptolemy/domains/modal/test/auto/ABRO_present_hmm.xml
----------------- Instantiating /home/travis/build/icyphy/ptII/ptolemy/domains/modal/test/auto/ABRO_present_hmm.xml
34 ms. Memory: 155648K Free: 55540K (36%)
----------------- Invoking toplevel() on ptolemy.moml.MoMLSimpleApplication@566e82c
----------------- Done invoking toplevel() on ptolemy.moml.MoMLSimpleApplication@566e82c
reloadAllAccessors: .ABRO_present_hmm

===========================================================================================
----------------- testing Thu Jan 02 06:37:01 UTC 2020 /home/travis/build/icyphy/ptII/ptolemy/domains/modal/test/auto/AMICoderExample.xml
----------------- Instantiating /home/travis/build/icyphy/ptII/ptolemy/domains/modal/test/auto/AMICoderExample.xml
43 ms. Memory: 155648K Free: 131223K (84%)
----------------- Invoking toplevel() on ptolemy.moml.MoMLSimpleApplication@1e4ff5f2
----------------- Done invoking toplevel() on ptolemy.moml.MoMLSimpleApplication@1e4ff5f2
reloadAllAccessors: .AMICoderExample

===========================================================================================
----------------- testing Thu Jan 02 06:37:01 UTC 2020 /home/travis/build/icyphy/ptII/ptolemy/domains/modal/test/auto/AbsentToPresent.xml
----------------- Instantiating /home/travis/build/icyphy/ptII/ptolemy/domains/modal/test/auto/AbsentToPresent.xml
6 ms. Memory: 155648K Free: 126632K (81%)
----------------- Invoking toplevel() on ptolemy.moml.MoMLSimpleApplication@2eaad4d8
----------------- Done invoking toplevel() on ptolemy.moml.MoMLSimpleApplication@2eaad4d8
reloadAllAccessors: .AbsentToPresent

===========================================================================================
----------------- testing Thu Jan 02 06:37:01 UTC 2020 /home/travis/build/icyphy/ptII/ptolemy/domains/modal/test/auto/Blending.xml
----------------- Instantiating /home/travis/build/icyphy/ptII/ptolemy/domains/modal/test/auto/Blending.xml
172 ms. Memory: 155648K Free: 82086K (53%)
----------------- Invoking toplevel() on ptolemy.moml.MoMLSimpleApplication@5a566a2c
----------------- Done invoking toplevel() on ptolemy.moml.MoMLSimpleApplication@5a566a2c
reloadAllAccessors: .Blending

===========================================================================================
----------------- testing Thu Jan 02 06:37:02 UTC 2020 /home/travis/build/icyphy/ptII/ptolemy/domains/modal/test/auto/Broadcast.xml
----------------- Instantiating /home/travis/build/icyphy/ptII/ptolemy/domains/modal/test/auto/Broadcast.xml
6 ms. Memory: 155648K Free: 71846K (46%)
----------------- Invoking toplevel() on ptolemy.moml.MoMLSimpleApplication@a4a6422
----------------- Done invoking toplevel() on ptolemy.moml.MoMLSimpleApplication@a4a6422
reloadAllAccessors: .Broadcast

===========================================================================================
----------------- testing Thu Jan 02 06:37:02 UTC 2020 /home/travis/build/icyphy/ptII/ptolemy/domains/modal/test/auto/BroadcastHierarchy.xml
----------------- Instantiating /home/travis/build/icyphy/ptII/ptolemy/domains/modal/test/auto/BroadcastHierarchy.xml
8 ms. Memory: 155648K Free: 58024K (37%)
----------------- Invoking toplevel() on ptolemy.moml.MoMLSimpleApplication@31f8ca7a
----------------- Done invoking toplevel() on ptolemy.moml.MoMLSimpleApplication@31f8ca7a
reloadAllAccessors: .BroadcastHierarchy

===========================================================================================
----------------- testing Thu Jan 02 06:37:02 UTC 2020 /home/travis/build/icyphy/ptII/ptolemy/domains/modal/test/auto/BroadcastHierarchy2.xml
----------------- Instantiating /home/travis/build/icyphy/ptII/ptolemy/domains/modal/test/auto/BroadcastHierarchy2.xml
31 ms. Memory: 194560K Free: 156311K (80%)
----------------- Invoking toplevel() on ptolemy.moml.MoMLSimpleApplication@61b00069
----------------- Done invoking toplevel() on ptolemy.moml.MoMLSimpleApplication@61b00069
reloadAllAccessors: .BroadcastHierarchy2

===========================================================================================
----------------- testing Thu Jan 02 06:37:02 UTC 2020 /home/travis/build/icyphy/ptII/ptolemy/domains/modal/test/auto/BroadcastHierarchy3.xml
----------------- Instantiating /home/travis/build/icyphy/ptII/ptolemy/domains/modal/test/auto/BroadcastHierarchy3.xml
26 ms. Memory: 194560K Free: 135846K (70%)
----------------- Invoking toplevel() on ptolemy.moml.MoMLSimpleApplication@71c06aff
----------------- Done invoking toplevel() on ptolemy.moml.MoMLSimpleApplication@71c06aff
reloadAllAccessors: .BroadcastHierarchy3

===========================================================================================
----------------- testing Thu Jan 02 06:37:02 UTC 2020 /home/travis/build/icyphy/ptII/ptolemy/domains/modal/test/auto/BroadcastHierarchy4.xml
----------------- Instantiating /home/travis/build/icyphy/ptII/ptolemy/domains/modal/test/auto/BroadcastHierarchy4.xml
12 ms. Memory: 194560K Free: 111263K (57%)
----------------- Invoking toplevel() on ptolemy.moml.MoMLSimpleApplication@2f982525
----------------- Done invoking toplevel() on ptolemy.moml.MoMLSimpleApplication@2f982525
reloadAllAccessors: .BroadcastHierarchy4

===========================================================================================
----------------- testing Thu Jan 02 06:37:02 UTC 2020 /home/travis/build/icyphy/ptII/ptolemy/domains/modal/test/auto/CannotAnalysisWithPreemption2.xml
----------------- Instantiating /home/travis/build/icyphy/ptII/ptolemy/domains/modal/test/auto/CannotAnalysisWithPreemption2.xml
3 ms. Memory: 194560K Free: 104102K (54%)
----------------- Invoking toplevel() on ptolemy.moml.MoMLSimpleApplication@4792d18
----------------- Done invoking toplevel() on ptolemy.moml.MoMLSimpleApplication@4792d18
reloadAllAccessors: .CannotAnalysisWithPreemption2

===========================================================================================
----------------- testing Thu Jan 02 06:37:02 UTC 2020 /home/travis/build/icyphy/ptII/ptolemy/domains/modal/test/auto/CannotAnalysisWithPreemption3.xml
----------------- Instantiating /home/travis/build/icyphy/ptII/ptolemy/domains/modal/test/auto/CannotAnalysisWithPreemption3.xml
4 ms. Memory: 194560K Free: 93831K (48%)
----------------- Invoking toplevel() on ptolemy.moml.MoMLSimpleApplication@1d115e97
----------------- Done invoking toplevel() on ptolemy.moml.MoMLSimpleApplication@1d115e97
reloadAllAccessors: .CannotAnalysisWithPreemption3

===========================================================================================
----------------- testing Thu Jan 02 06:37:02 UTC 2020 /home/travis/build/icyphy/ptII/ptolemy/domains/modal/test/auto/CannotProduce.xml
----------------- Instantiating /home/travis/build/icyphy/ptII/ptolemy/domains/modal/test/auto/CannotProduce.xml
16 ms. Memory: 194560K Free: 87208K (45%)
----------------- Invoking toplevel() on ptolemy.moml.MoMLSimpleApplication@438afddf
----------------- Done invoking toplevel() on ptolemy.moml.MoMLSimpleApplication@438afddf
reloadAllAccessors: .CannotProduce

===========================================================================================
----------------- testing Thu Jan 02 06:37:02 UTC 2020 /home/travis/build/icyphy/ptII/ptolemy/domains/modal/test/auto/CannotProduceModal.xml
----------------- Instantiating /home/travis/build/icyphy/ptII/ptolemy/domains/modal/test/auto/CannotProduceModal.xml
8 ms. Memory: 194560K Free: 80040K (41%)
----------------- Invoking toplevel() on ptolemy.moml.MoMLSimpleApplication@32654ebb
----------------- Done invoking toplevel() on ptolemy.moml.MoMLSimpleApplication@32654ebb
reloadAllAccessors: .CannotProduceModal

===========================================================================================
----------------- testing Thu Jan 02 06:37:02 UTC 2020 /home/travis/build/icyphy/ptII/ptolemy/domains/modal/test/auto/Case.xml
----------------- Instantiating /home/travis/build/icyphy/ptII/ptolemy/domains/modal/test/auto/Case.xml
21 ms. Memory: 194560K Free: 69286K (36%)
----------------- Invoking toplevel() on ptolemy.moml.MoMLSimpleApplication@6a11dcf
----------------- Done invoking toplevel() on ptolemy.moml.MoMLSimpleApplication@6a11dcf
reloadAllAccessors: .Case

===========================================================================================
----------------- testing Thu Jan 02 06:37:02 UTC 2020 /home/travis/build/icyphy/ptII/ptolemy/domains/modal/test/auto/Case1.xml
----------------- Instantiating /home/travis/build/icyphy/ptII/ptolemy/domains/modal/test/auto/Case1.xml
16 ms. Memory: 194560K Free: 173215K (89%)
----------------- Invoking toplevel() on ptolemy.moml.MoMLSimpleApplication@12899f13
----------------- Done invoking toplevel() on ptolemy.moml.MoMLSimpleApplication@12899f13
reloadAllAccessors: .Case1

===========================================================================================
----------------- testing Thu Jan 02 06:37:02 UTC 2020 /home/travis/build/icyphy/ptII/ptolemy/domains/modal/test/auto/Case2.xml
----------------- Instantiating /home/travis/build/icyphy/ptII/ptolemy/domains/modal/test/auto/Case2.xml
31 ms. Memory: 194560K Free: 162472K (84%)
----------------- Invoking toplevel() on ptolemy.moml.MoMLSimpleApplication@61182a9d
----------------- Done invoking toplevel() on ptolemy.moml.MoMLSimpleApplication@61182a9d
reloadAllAccessors: .Case2

===========================================================================================
----------------- testing Thu Jan 02 06:37:03 UTC 2020 /home/travis/build/icyphy/ptII/ptolemy/domains/modal/test/auto/CausalityInterface1.xml
----------------- Instantiating /home/travis/build/icyphy/ptII/ptolemy/domains/modal/test/auto/CausalityInterface1.xml
4 ms. Memory: 194560K Free: 157352K (81%)
----------------- Invoking toplevel() on ptolemy.moml.MoMLSimpleApplication@4db11d6b
----------------- Done invoking toplevel() on ptolemy.moml.MoMLSimpleApplication@4db11d6b
reloadAllAccessors: .CausalityInterface1

===========================================================================================
----------------- testing Thu Jan 02 06:37:03 UTC 2020 /home/travis/build/icyphy/ptII/ptolemy/domains/modal/test/auto/CausalityInterface10.xml
----------------- Instantiating /home/travis/build/icyphy/ptII/ptolemy/domains/modal/test/auto/CausalityInterface10.xml
8 ms. Memory: 194560K Free: 144040K (74%)
----------------- Invoking toplevel() on ptolemy.moml.MoMLSimpleApplication@3ea3571f
----------------- Done invoking toplevel() on ptolemy.moml.MoMLSimpleApplication@3ea3571f
reloadAllAccessors: .CausalityInterface10

===========================================================================================
----------------- testing Thu Jan 02 06:37:03 UTC 2020 /home/travis/build/icyphy/ptII/ptolemy/domains/modal/test/auto/CausalityInterface11.xml
----------------- Instantiating /home/travis/build/icyphy/ptII/ptolemy/domains/modal/test/auto/CausalityInterface11.xml
6 ms. Memory: 194560K Free: 130728K (67%)
----------------- Invoking toplevel() on ptolemy.moml.MoMLSimpleApplication@65bfd5fd
----------------- Done invoking toplevel() on ptolemy.moml.MoMLSimpleApplication@65bfd5fd
reloadAllAccessors: .CausalityInterface11

===========================================================================================
----------------- testing Thu Jan 02 06:37:03 UTC 2020 /home/travis/build/icyphy/ptII/ptolemy/domains/modal/test/auto/CausalityInterface12.xml
----------------- Instantiating /home/travis/build/icyphy/ptII/ptolemy/domains/modal/test/auto/CausalityInterface12.xml
6 ms. Memory: 194560K Free: 117416K (60%)
----------------- Invoking toplevel() on ptolemy.moml.MoMLSimpleApplication@6c4664a1
----------------- Done invoking toplevel() on ptolemy.moml.MoMLSimpleApplication@6c4664a1
reloadAllAccessors: .CausalityInterface12

===========================================================================================
----------------- testing Thu Jan 02 06:37:03 UTC 2020 /home/travis/build/icyphy/ptII/ptolemy/domains/modal/test/auto/CausalityInterface13.xml
----------------- Instantiating /home/travis/build/icyphy/ptII/ptolemy/domains/modal/test/auto/CausalityInterface13.xml
13 ms. Memory: 194560K Free: 103575K (53%)
----------------- Invoking toplevel() on ptolemy.moml.MoMLSimpleApplication@8755339
----------------- Done invoking toplevel() on ptolemy.moml.MoMLSimpleApplication@8755339
reloadAllAccessors: .CausalityInterface13

===========================================================================================
----------------- testing Thu Jan 02 06:37:03 UTC 2020 /home/travis/build/icyphy/ptII/ptolemy/domains/modal/test/auto/CausalityInterface14.xml
----------------- Instantiating /home/travis/build/icyphy/ptII/ptolemy/domains/modal/test/auto/CausalityInterface14.xml
13 ms. Memory: 194560K Free: 89768K (46%)
----------------- Invoking toplevel() on ptolemy.moml.MoMLSimpleApplication@278ee54a
----------------- Done invoking toplevel() on ptolemy.moml.MoMLSimpleApplication@278ee54a
reloadAllAccessors: .CausalityInterface14

===========================================================================================
----------------- testing Thu Jan 02 06:37:03 UTC 2020 /home/travis/build/icyphy/ptII/ptolemy/domains/modal/test/auto/CausalityInterface2.xml
----------------- Instantiating /home/travis/build/icyphy/ptII/ptolemy/domains/modal/test/auto/CausalityInterface2.xml
5 ms. Memory: 194560K Free: 83624K (43%)
----------------- Invoking toplevel() on ptolemy.moml.MoMLSimpleApplication@78e12930
----------------- Done invoking toplevel() on ptolemy.moml.MoMLSimpleApplication@78e12930
reloadAllAccessors: .CausalityInterface2

===========================================================================================
----------------- testing Thu Jan 02 06:37:03 UTC 2020 /home/travis/build/icyphy/ptII/ptolemy/domains/modal/test/auto/CausalityInterface3.xml
----------------- Instantiating /home/travis/build/icyphy/ptII/ptolemy/domains/modal/test/auto/CausalityInterface3.xml
4 ms. Memory: 194560K Free: 77480K (40%)
----------------- Invoking toplevel() on ptolemy.moml.MoMLSimpleApplication@508107eb
----------------- Done invoking toplevel() on ptolemy.moml.MoMLSimpleApplication@508107eb
reloadAllAccessors: .CausalityInterface3

===========================================================================================
----------------- testing Thu Jan 02 06:37:03 UTC 2020 /home/travis/build/icyphy/ptII/ptolemy/domains/modal/test/auto/CausalityInterface4.xml
----------------- Instantiating /home/travis/build/icyphy/ptII/ptolemy/domains/modal/test/auto/CausalityInterface4.xml
4 ms. Memory: 194560K Free: 70822K (36%)
----------------- Invoking toplevel() on ptolemy.moml.MoMLSimpleApplication@1905ff06
----------------- Done invoking toplevel() on ptolemy.moml.MoMLSimpleApplication@1905ff06
reloadAllAccessors: .CausalityInterface4

===========================================================================================
----------------- testing Thu Jan 02 06:37:03 UTC 2020 /home/travis/build/icyphy/ptII/ptolemy/domains/modal/test/auto/CausalityInterface5.xml
----------------- Instantiating /home/travis/build/icyphy/ptII/ptolemy/domains/modal/test/auto/CausalityInterface5.xml
5 ms. Memory: 194560K Free: 172703K (89%)
----------------- Invoking toplevel() on ptolemy.moml.MoMLSimpleApplication@47927895
----------------- Done invoking toplevel() on ptolemy.moml.MoMLSimpleApplication@47927895
reloadAllAccessors: .CausalityInterface5

===========================================================================================
----------------- testing Thu Jan 02 06:37:03 UTC 2020 /home/travis/build/icyphy/ptII/ptolemy/domains/modal/test/auto/CausalityInterface6.xml
----------------- Instantiating /home/travis/build/icyphy/ptII/ptolemy/domains/modal/test/auto/CausalityInterface6.xml
4 ms. Memory: 194560K Free: 164518K (85%)
----------------- Invoking toplevel() on ptolemy.moml.MoMLSimpleApplication@611ea9c3
----------------- Done invoking toplevel() on ptolemy.moml.MoMLSimpleApplication@611ea9c3
reloadAllAccessors: .CausalityInterface6

===========================================================================================
----------------- testing Thu Jan 02 06:37:03 UTC 2020 /home/travis/build/icyphy/ptII/ptolemy/domains/modal/test/auto/CausalityInterface7.xml
----------------- Instantiating /home/travis/build/icyphy/ptII/ptolemy/domains/modal/test/auto/CausalityInterface7.xml
5 ms. Memory: 194560K Free: 156311K (80%)
----------------- Invoking toplevel() on ptolemy.moml.MoMLSimpleApplication@2754bd27
----------------- Done invoking toplevel() on ptolemy.moml.MoMLSimpleApplication@2754bd27
reloadAllAccessors: .CausalityInterface7

===========================================================================================
----------------- testing Thu Jan 02 06:37:03 UTC 2020 /home/travis/build/icyphy/ptII/ptolemy/domains/modal/test/auto/CausalityInterface8.xml
----------------- Instantiating /home/travis/build/icyphy/ptII/ptolemy/domains/modal/test/auto/CausalityInterface8.xml
4 ms. Memory: 194560K Free: 147624K (76%)
----------------- Invoking toplevel() on ptolemy.moml.MoMLSimpleApplication@116160bc
----------------- Done invoking toplevel() on ptolemy.moml.MoMLSimpleApplication@116160bc
reloadAllAccessors: .CausalityInterface8

===========================================================================================
----------------- testing Thu Jan 02 06:37:03 UTC 2020 /home/travis/build/icyphy/ptII/ptolemy/domains/modal/test/auto/CausalityInterface9.xml
----------------- Instantiating /home/travis/build/icyphy/ptII/ptolemy/domains/modal/test/auto/CausalityInterface9.xml
4 ms. Memory: 194560K Free: 138408K (71%)
----------------- Invoking toplevel() on ptolemy.moml.MoMLSimpleApplication@74c9e783
----------------- Done invoking toplevel() on ptolemy.moml.MoMLSimpleApplication@74c9e783
reloadAllAccessors: .CausalityInterface9

===========================================================================================
----------------- testing Thu Jan 02 06:37:03 UTC 2020 /home/travis/build/icyphy/ptII/ptolemy/domains/modal/test/auto/ChainedTransitions.xml
----------------- Instantiating /home/travis/build/icyphy/ptII/ptolemy/domains/modal/test/auto/ChainedTransitions.xml
90 ms. Memory: 194560K Free: 113303K (58%)
----------------- Invoking toplevel() on ptolemy.moml.MoMLSimpleApplication@7d988b14
----------------- Done invoking toplevel() on ptolemy.moml.MoMLSimpleApplication@7d988b14
reloadAllAccessors: .ChainedTransitions

===========================================================================================
----------------- testing Thu Jan 02 06:37:03 UTC 2020 /home/travis/build/icyphy/ptII/ptolemy/domains/modal/test/auto/CycleOfImmediateTransitionsFSM.xml
----------------- Instantiating /home/travis/build/icyphy/ptII/ptolemy/domains/modal/test/auto/CycleOfImmediateTransitionsFSM.xml
4 ms. Memory: 194560K Free: 107688K (55%)
----------------- Invoking toplevel() on ptolemy.moml.MoMLSimpleApplication@44a5921e
----------------- Done invoking toplevel() on ptolemy.moml.MoMLSimpleApplication@44a5921e
reloadAllAccessors: .CycleOfImmediateTransitionsFSM

===========================================================================================
----------------- testing Thu Jan 02 06:37:03 UTC 2020 /home/travis/build/icyphy/ptII/ptolemy/domains/modal/test/auto/CycleOfImmediateTransitionsModal.xml
----------------- Instantiating /home/travis/build/icyphy/ptII/ptolemy/domains/modal/test/auto/CycleOfImmediateTransitionsModal.xml
2 ms. Memory: 194560K Free: 101544K (52%)
----------------- Invoking toplevel() on ptolemy.moml.MoMLSimpleApplication@12bc3645
----------------- Done invoking toplevel() on ptolemy.moml.MoMLSimpleApplication@12bc3645
reloadAllAccessors: .CycleOfImmediateTransitionsModal

===========================================================================================
----------------- testing Thu Jan 02 06:37:03 UTC 2020 /home/travis/build/icyphy/ptII/ptolemy/domains/modal/test/auto/CycleOfImmediateTransitionsModal2.xml
----------------- Instantiating /home/travis/build/icyphy/ptII/ptolemy/domains/modal/test/auto/CycleOfImmediateTransitionsModal2.xml
3 ms. Memory: 194560K Free: 95400K (49%)
----------------- Invoking toplevel() on ptolemy.moml.MoMLSimpleApplication@451d695c
----------------- Done invoking toplevel() on ptolemy.moml.MoMLSimpleApplication@451d695c
reloadAllAccessors: .CycleOfImmediateTransitionsModal2

===========================================================================================
----------------- testing Thu Jan 02 06:37:03 UTC 2020 /home/travis/build/icyphy/ptII/ptolemy/domains/modal/test/auto/CycleOfImmediateTransitionsModal3.xml
----------------- Instantiating /home/travis/build/icyphy/ptII/ptolemy/domains/modal/test/auto/CycleOfImmediateTransitionsModal3.xml
7 ms. Memory: 194560K Free: 72872K (37%)
----------------- Invoking toplevel() on ptolemy.moml.MoMLSimpleApplication@6d32d489
----------------- Done invoking toplevel() on ptolemy.moml.MoMLSimpleApplication@6d32d489
reloadAllAccessors: .CycleOfImmediateTransitionsModal3

===========================================================================================
----------------- testing Thu Jan 02 06:37:03 UTC 2020 /home/travis/build/icyphy/ptII/ptolemy/domains/modal/test/auto/DeepModal1.xml
----------------- Instantiating /home/travis/build/icyphy/ptII/ptolemy/domains/modal/test/auto/DeepModal1.xml
27 ms. Memory: 194560K Free: 169607K (87%)
----------------- Invoking toplevel() on ptolemy.moml.MoMLSimpleApplication@26e95cda
----------------- Done invoking toplevel() on ptolemy.moml.MoMLSimpleApplication@26e95cda
reloadAllAccessors: .DeepModal1

===========================================================================================
----------------- testing Thu Jan 02 06:37:03 UTC 2020 /home/travis/build/icyphy/ptII/ptolemy/domains/modal/test/auto/DeepModal2.xml
----------------- Instantiating /home/travis/build/icyphy/ptII/ptolemy/domains/modal/test/auto/DeepModal2.xml
25 ms. Memory: 194560K Free: 151206K (78%)
----------------- Invoking toplevel() on ptolemy.moml.MoMLSimpleApplication@7cc06c78
----------------- Done invoking toplevel() on ptolemy.moml.MoMLSimpleApplication@7cc06c78
reloadAllAccessors: .DeepModal2

===========================================================================================
----------------- testing Thu Jan 02 06:37:03 UTC 2020 /home/travis/build/icyphy/ptII/ptolemy/domains/modal/test/auto/DeepModal3.xml
----------------- Instantiating /home/travis/build/icyphy/ptII/ptolemy/domains/modal/test/auto/DeepModal3.xml
30 ms. Memory: 194560K Free: 131750K (68%)
----------------- Invoking toplevel() on ptolemy.moml.MoMLSimpleApplication@ba29703
----------------- Done invoking toplevel() on ptolemy.moml.MoMLSimpleApplication@ba29703
reloadAllAccessors: .DeepModal3

===========================================================================================
----------------- testing Thu Jan 02 06:37:04 UTC 2020 /home/travis/build/icyphy/ptII/ptolemy/domains/modal/test/auto/DeepModal4.xml
----------------- Instantiating /home/travis/build/icyphy/ptII/ptolemy/domains/modal/test/auto/DeepModal4.xml
29 ms. Memory: 194560K Free: 112279K (58%)
----------------- Invoking toplevel() on ptolemy.moml.MoMLSimpleApplication@72cd3904
----------------- Done invoking toplevel() on ptolemy.moml.MoMLSimpleApplication@72cd3904
reloadAllAccessors: .DeepModal4

===========================================================================================
----------------- testing Thu Jan 02 06:37:04 UTC 2020 /home/travis/build/icyphy/ptII/ptolemy/domains/modal/test/auto/Default1.xml
----------------- Instantiating /home/travis/build/icyphy/ptII/ptolemy/domains/modal/test/auto/Default1.xml
2 ms. Memory: 194560K Free: 106150K (55%)
----------------- Invoking toplevel() on ptolemy.moml.MoMLSimpleApplication@6e58ce9
----------------- Done invoking toplevel() on ptolemy.moml.MoMLSimpleApplication@6e58ce9
reloadAllAccessors: .Default1

===========================================================================================
----------------- testing Thu Jan 02 06:37:04 UTC 2020 /home/travis/build/icyphy/ptII/ptolemy/domains/modal/test/auto/Default2.xml
----------------- Instantiating /home/travis/build/icyphy/ptII/ptolemy/domains/modal/test/auto/Default2.xml
8 ms. Memory: 194560K Free: 100520K (52%)
----------------- Invoking toplevel() on ptolemy.moml.MoMLSimpleApplication@57d2bc0f
----------------- Done invoking toplevel() on ptolemy.moml.MoMLSimpleApplication@57d2bc0f
reloadAllAccessors: .Default2

===========================================================================================
----------------- testing Thu Jan 02 06:37:04 UTC 2020 /home/travis/build/icyphy/ptII/ptolemy/domains/modal/test/auto/Default3.xml
----------------- Instantiating /home/travis/build/icyphy/ptII/ptolemy/domains/modal/test/auto/Default3.xml
5 ms. Memory: 194560K Free: 94886K (49%)
----------------- Invoking toplevel() on ptolemy.moml.MoMLSimpleApplication@65cf3aa3
----------------- Done invoking toplevel() on ptolemy.moml.MoMLSimpleApplication@65cf3aa3
reloadAllAccessors: .Default3

===========================================================================================
----------------- testing Thu Jan 02 06:37:04 UTC 2020 /home/travis/build/icyphy/ptII/ptolemy/domains/modal/test/auto/Default4.xml
----------------- Instantiating /home/travis/build/icyphy/ptII/ptolemy/domains/modal/test/auto/Default4.xml
7 ms. Memory: 194560K Free: 88742K (46%)
----------------- Invoking toplevel() on ptolemy.moml.MoMLSimpleApplication@2b94f8cb
----------------- Done invoking toplevel() on ptolemy.moml.MoMLSimpleApplication@2b94f8cb
reloadAllAccessors: .Default4

===========================================================================================
----------------- testing Thu Jan 02 06:37:04 UTC 2020 /home/travis/build/icyphy/ptII/ptolemy/domains/modal/test/auto/Default5.xml
----------------- Instantiating /home/travis/build/icyphy/ptII/ptolemy/domains/modal/test/auto/Default5.xml
6 ms. Memory: 194560K Free: 80550K (41%)
----------------- Invoking toplevel() on ptolemy.moml.MoMLSimpleApplication@3fe0b60e
----------------- Done invoking toplevel() on ptolemy.moml.MoMLSimpleApplication@3fe0b60e
reloadAllAccessors: .Default5

===========================================================================================
----------------- testing Thu Jan 02 06:37:04 UTC 2020 /home/travis/build/icyphy/ptII/ptolemy/domains/modal/test/auto/EmptyGuard.xml
----------------- Instantiating /home/travis/build/icyphy/ptII/ptolemy/domains/modal/test/auto/EmptyGuard.xml
10 ms. Memory: 194560K Free: 72872K (37%)
----------------- Invoking toplevel() on ptolemy.moml.MoMLSimpleApplication@7aa96454
----------------- Done invoking toplevel() on ptolemy.moml.MoMLSimpleApplication@7aa96454
reloadAllAccessors: .EmptyGuard

===========================================================================================
----------------- testing Thu Jan 02 06:37:04 UTC 2020 /home/travis/build/icyphy/ptII/ptolemy/domains/modal/test/auto/ErrorTransition1.xml
----------------- Instantiating /home/travis/build/icyphy/ptII/ptolemy/domains/modal/test/auto/ErrorTransition1.xml
18 ms. Memory: 233472K Free: 213670K (92%)
----------------- Invoking toplevel() on ptolemy.moml.MoMLSimpleApplication@232b85ba
----------------- Done invoking toplevel() on ptolemy.moml.MoMLSimpleApplication@232b85ba
reloadAllAccessors: .ErrorTransition1

===========================================================================================
----------------- testing Thu Jan 02 06:37:04 UTC 2020 /home/travis/build/icyphy/ptII/ptolemy/domains/modal/test/auto/ErrorTransition10.xml
----------------- Instantiating /home/travis/build/icyphy/ptII/ptolemy/domains/modal/test/auto/ErrorTransition10.xml
10 ms. Memory: 233472K Free: 199848K (86%)
----------------- Invoking toplevel() on ptolemy.moml.MoMLSimpleApplication@72ca45b1
----------------- Done invoking toplevel() on ptolemy.moml.MoMLSimpleApplication@72ca45b1
reloadAllAccessors: .ErrorTransition10

===========================================================================================
----------------- testing Thu Jan 02 06:37:04 UTC 2020 /home/travis/build/icyphy/ptII/ptolemy/domains/modal/test/auto/ErrorTransition11.xml
----------------- Instantiating /home/travis/build/icyphy/ptII/ptolemy/domains/modal/test/auto/ErrorTransition11.xml
5 ms. Memory: 233472K Free: 188584K (81%)
----------------- Invoking toplevel() on ptolemy.moml.MoMLSimpleApplication@4e3b5a8
----------------- Done invoking toplevel() on ptolemy.moml.MoMLSimpleApplication@4e3b5a8
reloadAllAccessors: .ErrorTransition11

===========================================================================================
----------------- testing Thu Jan 02 06:37:04 UTC 2020 /home/travis/build/icyphy/ptII/ptolemy/domains/modal/test/auto/ErrorTransition2.xml
----------------- Instantiating /home/travis/build/icyphy/ptII/ptolemy/domains/modal/test/auto/ErrorTransition2.xml
8 ms. Memory: 233472K Free: 179878K (77%)
----------------- Invoking toplevel() on ptolemy.moml.MoMLSimpleApplication@3f1e9018
----------------- Done invoking toplevel() on ptolemy.moml.MoMLSimpleApplication@3f1e9018
reloadAllAccessors: .ErrorTransition2

===========================================================================================
----------------- testing Thu Jan 02 06:37:04 UTC 2020 /home/travis/build/icyphy/ptII/ptolemy/domains/modal/test/auto/ErrorTransition3.xml
----------------- Instantiating /home/travis/build/icyphy/ptII/ptolemy/domains/modal/test/auto/ErrorTransition3.xml
21 ms. Memory: 233472K Free: 170152K (73%)
----------------- Invoking toplevel() on ptolemy.moml.MoMLSimpleApplication@a62e9b3
----------------- Done invoking toplevel() on ptolemy.moml.MoMLSimpleApplication@a62e9b3
reloadAllAccessors: .ErrorTransition3

===========================================================================================
----------------- testing Thu Jan 02 06:37:04 UTC 2020 /home/travis/build/icyphy/ptII/ptolemy/domains/modal/test/auto/ErrorTransition4.xml
----------------- Instantiating /home/travis/build/icyphy/ptII/ptolemy/domains/modal/test/auto/ErrorTransition4.xml
11 ms. Memory: 233472K Free: 158888K (68%)
----------------- Invoking toplevel() on ptolemy.moml.MoMLSimpleApplication@57eb893b
----------------- Done invoking toplevel() on ptolemy.moml.MoMLSimpleApplication@57eb893b
reloadAllAccessors: .ErrorTransition4

===========================================================================================
----------------- testing Thu Jan 02 06:37:04 UTC 2020 /home/travis/build/icyphy/ptII/ptolemy/domains/modal/test/auto/ErrorTransition5.xml
----------------- Instantiating /home/travis/build/icyphy/ptII/ptolemy/domains/modal/test/auto/ErrorTransition5.xml
6 ms. Memory: 233472K Free: 148648K (64%)
----------------- Invoking toplevel() on ptolemy.moml.MoMLSimpleApplication@7354ab6
----------------- Done invoking toplevel() on ptolemy.moml.MoMLSimpleApplication@7354ab6
reloadAllAccessors: .ErrorTransition5

===========================================================================================
----------------- testing Thu Jan 02 06:37:04 UTC 2020 /home/travis/build/icyphy/ptII/ptolemy/domains/modal/test/auto/ErrorTransition6.xml
----------------- Instantiating /home/travis/build/icyphy/ptII/ptolemy/domains/modal/test/auto/ErrorTransition6.xml
10 ms. Memory: 233472K Free: 137894K (59%)
----------------- Invoking toplevel() on ptolemy.moml.MoMLSimpleApplication@2d38ce84
----------------- Done invoking toplevel() on ptolemy.moml.MoMLSimpleApplication@2d38ce84
reloadAllAccessors: .ErrorTransition6

===========================================================================================
----------------- testing Thu Jan 02 06:37:04 UTC 2020 /home/travis/build/icyphy/ptII/ptolemy/domains/modal/test/auto/ErrorTransition7.xml
----------------- Instantiating /home/travis/build/icyphy/ptII/ptolemy/domains/modal/test/auto/ErrorTransition7.xml
13 ms. Memory: 233472K Free: 125096K (54%)
----------------- Invoking toplevel() on ptolemy.moml.MoMLSimpleApplication@4ab16af0
----------------- Done invoking toplevel() on ptolemy.moml.MoMLSimpleApplication@4ab16af0
reloadAllAccessors: .ErrorTransition7

===========================================================================================
----------------- testing Thu Jan 02 06:37:04 UTC 2020 /home/travis/build/icyphy/ptII/ptolemy/domains/modal/test/auto/ErrorTransition8.xml
----------------- Instantiating /home/travis/build/icyphy/ptII/ptolemy/domains/modal/test/auto/ErrorTransition8.xml
29 ms. Memory: 233472K Free: 111784K (48%)
----------------- Invoking toplevel() on ptolemy.moml.MoMLSimpleApplication@7e633ccd
----------------- Done invoking toplevel() on ptolemy.moml.MoMLSimpleApplication@7e633ccd
reloadAllAccessors: .ErrorTransition8

===========================================================================================
----------------- testing Thu Jan 02 06:37:04 UTC 2020 /home/travis/build/icyphy/ptII/ptolemy/domains/modal/test/auto/ErrorTransition9.xml
----------------- Instantiating /home/travis/build/icyphy/ptII/ptolemy/domains/modal/test/auto/ErrorTransition9.xml
16 ms. Memory: 233472K Free: 98472K (42%)
----------------- Invoking toplevel() on ptolemy.moml.MoMLSimpleApplication@53b109f6
----------------- Done invoking toplevel() on ptolemy.moml.MoMLSimpleApplication@53b109f6
reloadAllAccessors: .ErrorTransition9

===========================================================================================
----------------- testing Thu Jan 02 06:37:04 UTC 2020 /home/travis/build/icyphy/ptII/ptolemy/domains/modal/test/auto/ExtendedFSM.xml
----------------- Instantiating /home/travis/build/icyphy/ptII/ptolemy/domains/modal/test/auto/ExtendedFSM.xml
6 ms. Memory: 233472K Free: 89751K (38%)
----------------- Invoking toplevel() on ptolemy.moml.MoMLSimpleApplication@9815b70
----------------- Done invoking toplevel() on ptolemy.moml.MoMLSimpleApplication@9815b70
reloadAllAccessors: .ExtendedFSM

===========================================================================================
----------------- testing Thu Jan 02 06:37:04 UTC 2020 /home/travis/build/icyphy/ptII/ptolemy/domains/modal/test/auto/FinalStates.xml
----------------- Instantiating /home/travis/build/icyphy/ptII/ptolemy/domains/modal/test/auto/FinalStates.xml
23 ms. Memory: 233472K Free: 214416K (92%)
----------------- Invoking toplevel() on ptolemy.moml.MoMLSimpleApplication@6b82823e
----------------- Done invoking toplevel() on ptolemy.moml.MoMLSimpleApplication@6b82823e
reloadAllAccessors: .FinalStates

===========================================================================================
----------------- testing Thu Jan 02 06:37:04 UTC 2020 /home/travis/build/icyphy/ptII/ptolemy/domains/modal/test/auto/FixedPointFSM.xml
----------------- Instantiating /home/travis/build/icyphy/ptII/ptolemy/domains/modal/test/auto/FixedPointFSM.xml
22 ms. Memory: 233472K Free: 198815K (85%)
----------------- Invoking toplevel() on ptolemy.moml.MoMLSimpleApplication@5b4c7d37
----------------- Done invoking toplevel() on ptolemy.moml.MoMLSimpleApplication@5b4c7d37
reloadAllAccessors: .FixedPointFSM

===========================================================================================
----------------- testing Thu Jan 02 06:37:04 UTC 2020 /home/travis/build/icyphy/ptII/ptolemy/domains/modal/test/auto/FixedPointIterationFSMActor.xml
----------------- Instantiating /home/travis/build/icyphy/ptII/ptolemy/domains/modal/test/auto/FixedPointIterationFSMActor.xml
9 ms. Memory: 233472K Free: 188575K (81%)
----------------- Invoking toplevel() on ptolemy.moml.MoMLSimpleApplication@66cdac0c
----------------- Done invoking toplevel() on ptolemy.moml.MoMLSimpleApplication@66cdac0c
reloadAllAccessors: .FixedPointIterationFSMActor

===========================================================================================
----------------- testing Thu Jan 02 06:37:04 UTC 2020 /home/travis/build/icyphy/ptII/ptolemy/domains/modal/test/auto/FixedPointIterationFSMActor2.xml
----------------- Instantiating /home/travis/build/icyphy/ptII/ptolemy/domains/modal/test/auto/FixedPointIterationFSMActor2.xml
10 ms. Memory: 233472K Free: 176287K (76%)
----------------- Invoking toplevel() on ptolemy.moml.MoMLSimpleApplication@266ce239
----------------- Done invoking toplevel() on ptolemy.moml.MoMLSimpleApplication@266ce239
reloadAllAccessors: .FixedPointIterationFSMActor2

===========================================================================================
----------------- testing Thu Jan 02 06:37:04 UTC 2020 /home/travis/build/icyphy/ptII/ptolemy/domains/modal/test/auto/ForbiddenInstantanousLoop.xml
----------------- Instantiating /home/travis/build/icyphy/ptII/ptolemy/domains/modal/test/auto/ForbiddenInstantanousLoop.xml
8 ms. Memory: 233472K Free: 163991K (70%)
----------------- Invoking toplevel() on ptolemy.moml.MoMLSimpleApplication@1d2f29c1
----------------- Done invoking toplevel() on ptolemy.moml.MoMLSimpleApplication@1d2f29c1
reloadAllAccessors: .ForbiddenInstantanousLoop

===========================================================================================
----------------- testing Thu Jan 02 06:37:04 UTC 2020 /home/travis/build/icyphy/ptII/ptolemy/domains/modal/test/auto/FunctionDependencyOfFSMActorTest.xml
----------------- Instantiating /home/travis/build/icyphy/ptII/ptolemy/domains/modal/test/auto/FunctionDependencyOfFSMActorTest.xml
14 ms. Memory: 233472K Free: 156807K (67%)
----------------- Invoking toplevel() on ptolemy.moml.MoMLSimpleApplication@61632a8
----------------- Done invoking toplevel() on ptolemy.moml.MoMLSimpleApplication@61632a8
reloadAllAccessors: .FunctionDependencyOfFSMActorTest

===========================================================================================
----------------- testing Thu Jan 02 06:37:04 UTC 2020 /home/travis/build/icyphy/ptII/ptolemy/domains/modal/test/auto/GuardExpression.xml
----------------- Instantiating /home/travis/build/icyphy/ptII/ptolemy/domains/modal/test/auto/GuardExpression.xml
2 ms. Memory: 233472K Free: 151718K (65%)
----------------- Invoking toplevel() on ptolemy.moml.MoMLSimpleApplication@54993424
----------------- Done invoking toplevel() on ptolemy.moml.MoMLSimpleApplication@54993424
reloadAllAccessors: .GuardExpression

===========================================================================================
----------------- testing Thu Jan 02 06:37:05 UTC 2020 /home/travis/build/icyphy/ptII/ptolemy/domains/modal/test/auto/GuardNotEvaluated.xml
----------------- Instantiating /home/travis/build/icyphy/ptII/ptolemy/domains/modal/test/auto/GuardNotEvaluated.xml
7 ms. Memory: 233472K Free: 142502K (61%)
----------------- Invoking toplevel() on ptolemy.moml.MoMLSimpleApplication@1a0cc13f
----------------- Done invoking toplevel() on ptolemy.moml.MoMLSimpleApplication@1a0cc13f
reloadAllAccessors: .GuardNotEvaluated

===========================================================================================
----------------- testing Thu Jan 02 06:37:05 UTC 2020 /home/travis/build/icyphy/ptII/ptolemy/domains/modal/test/auto/GuardNotEvaluated2.xml
----------------- Instantiating /home/travis/build/icyphy/ptII/ptolemy/domains/modal/test/auto/GuardNotEvaluated2.xml
8 ms. Memory: 233472K Free: 132776K (57%)
----------------- Invoking toplevel() on ptolemy.moml.MoMLSimpleApplication@38b1d01
----------------- Done invoking toplevel() on ptolemy.moml.MoMLSimpleApplication@38b1d01
reloadAllAccessors: .GuardNotEvaluated2

===========================================================================================
----------------- testing Thu Jan 02 06:37:05 UTC 2020 /home/travis/build/icyphy/ptII/ptolemy/domains/modal/test/auto/GuardOnAbsent.xml
----------------- Instantiating /home/travis/build/icyphy/ptII/ptolemy/domains/modal/test/auto/GuardOnAbsent.xml
10 ms. Memory: 233472K Free: 125079K (54%)
----------------- Invoking toplevel() on ptolemy.moml.MoMLSimpleApplication@2c1861e4
----------------- Done invoking toplevel() on ptolemy.moml.MoMLSimpleApplication@2c1861e4
reloadAllAccessors: .GuardOnAbsent

===========================================================================================
----------------- testing Thu Jan 02 06:37:05 UTC 2020 /home/travis/build/icyphy/ptII/ptolemy/domains/modal/test/auto/HierarchicalFSMTypeInference.xml
----------------- Instantiating /home/travis/build/icyphy/ptII/ptolemy/domains/modal/test/auto/HierarchicalFSMTypeInference.xml
5 ms. Memory: 233472K Free: 114344K (49%)
----------------- Invoking toplevel() on ptolemy.moml.MoMLSimpleApplication@34408cb4
----------------- Done invoking toplevel() on ptolemy.moml.MoMLSimpleApplication@34408cb4
reloadAllAccessors: .HierarchicalFSMTypeInference

===========================================================================================
----------------- testing Thu Jan 02 06:37:05 UTC 2020 /home/travis/build/icyphy/ptII/ptolemy/domains/modal/test/auto/Hysteresis.xml
----------------- Instantiating /home/travis/build/icyphy/ptII/ptolemy/domains/modal/test/auto/Hysteresis.xml
14 ms. Memory: 233472K Free: 101032K (43%)
----------------- Invoking toplevel() on ptolemy.moml.MoMLSimpleApplication@40eaaf3e
----------------- Done invoking toplevel() on ptolemy.moml.MoMLSimpleApplication@40eaaf3e
reloadAllAccessors: .Hysteresis

===========================================================================================
----------------- testing Thu Jan 02 06:37:05 UTC 2020 /home/travis/build/icyphy/ptII/ptolemy/domains/modal/test/auto/HysteresisWithDefault.xml
----------------- Instantiating /home/travis/build/icyphy/ptII/ptolemy/domains/modal/test/auto/HysteresisWithDefault.xml
51 ms. Memory: 233472K Free: 210312K (90%)
----------------- Invoking toplevel() on ptolemy.moml.MoMLSimpleApplication@7916cd2
----------------- Done invoking toplevel() on ptolemy.moml.MoMLSimpleApplication@7916cd2
reloadAllAccessors: .HysteresisWithDefault

===========================================================================================
----------------- testing Thu Jan 02 06:37:05 UTC 2020 /home/travis/build/icyphy/ptII/ptolemy/domains/modal/test/auto/HysteresisWithDefault2.xml
----------------- Instantiating /home/travis/build/icyphy/ptII/ptolemy/domains/modal/test/auto/HysteresisWithDefault2.xml
49 ms. Memory: 233472K Free: 180312K (77%)
----------------- Invoking toplevel() on ptolemy.moml.MoMLSimpleApplication@3fbaafc7
----------------- Done invoking toplevel() on ptolemy.moml.MoMLSimpleApplication@3fbaafc7
reloadAllAccessors: .HysteresisWithDefault2

===========================================================================================
----------------- testing Thu Jan 02 06:37:05 UTC 2020 /home/travis/build/icyphy/ptII/ptolemy/domains/modal/test/auto/ImmediateNonConstructiveness.xml
----------------- Instantiating /home/travis/build/icyphy/ptII/ptolemy/domains/modal/test/auto/ImmediateNonConstructiveness.xml
2 ms. Memory: 233472K Free: 173146K (74%)
----------------- Invoking toplevel() on ptolemy.moml.MoMLSimpleApplication@2dc127d
----------------- Done invoking toplevel() on ptolemy.moml.MoMLSimpleApplication@2dc127d
reloadAllAccessors: .ImmediateNonConstructiveness

===========================================================================================
----------------- testing Thu Jan 02 06:37:05 UTC 2020 /home/travis/build/icyphy/ptII/ptolemy/domains/modal/test/auto/ImmediateNonConstructiveness2.xml
----------------- Instantiating /home/travis/build/icyphy/ptII/ptolemy/domains/modal/test/auto/ImmediateNonConstructiveness2.xml
2 ms. Memory: 233472K Free: 166488K (71%)
----------------- Invoking toplevel() on ptolemy.moml.MoMLSimpleApplication@74cac768
----------------- Done invoking toplevel() on ptolemy.moml.MoMLSimpleApplication@74cac768
reloadAllAccessors: .ImmediateNonConstructiveness2

===========================================================================================
----------------- testing Thu Jan 02 06:37:05 UTC 2020 /home/travis/build/icyphy/ptII/ptolemy/domains/modal/test/auto/ImmediateTransitionReset.xml
----------------- Instantiating /home/travis/build/icyphy/ptII/ptolemy/domains/modal/test/auto/ImmediateTransitionReset.xml
5 ms. Memory: 233472K Free: 154714K (66%)
----------------- Invoking toplevel() on ptolemy.moml.MoMLSimpleApplication@6549af1c
----------------- Done invoking toplevel() on ptolemy.moml.MoMLSimpleApplication@6549af1c
reloadAllAccessors: .ImmediateTransitionReset

===========================================================================================
----------------- testing Thu Jan 02 06:37:05 UTC 2020 /home/travis/build/icyphy/ptII/ptolemy/domains/modal/test/auto/ImmediateTransitions1.xml
----------------- Instantiating /home/travis/build/icyphy/ptII/ptolemy/domains/modal/test/auto/ImmediateTransitions1.xml
1 ms. Memory: 233472K Free: 149594K (64%)
----------------- Invoking toplevel() on ptolemy.moml.MoMLSimpleApplication@5f8f2f11
----------------- Done invoking toplevel() on ptolemy.moml.MoMLSimpleApplication@5f8f2f11
reloadAllAccessors: .ImmediateTransitions1

===========================================================================================
----------------- testing Thu Jan 02 06:37:05 UTC 2020 /home/travis/build/icyphy/ptII/ptolemy/domains/modal/test/auto/ImmediateTransitionsInstantaneousCommunication.xml
----------------- Instantiating /home/travis/build/icyphy/ptII/ptolemy/domains/modal/test/auto/ImmediateTransitionsInstantaneousCommunication.xml
3 ms. Memory: 233472K Free: 137306K (59%)
----------------- Invoking toplevel() on ptolemy.moml.MoMLSimpleApplication@3b2af315
----------------- Done invoking toplevel() on ptolemy.moml.MoMLSimpleApplication@3b2af315
reloadAllAccessors: .ImmediateTransitionsInstantaneousCommunication

===========================================================================================
----------------- testing Thu Jan 02 06:37:05 UTC 2020 /home/travis/build/icyphy/ptII/ptolemy/domains/modal/test/auto/InitialImmediateTransition.xml
----------------- Instantiating /home/travis/build/icyphy/ptII/ptolemy/domains/modal/test/auto/InitialImmediateTransition.xml
3 ms. Memory: 233472K Free: 130138K (56%)
----------------- Invoking toplevel() on ptolemy.moml.MoMLSimpleApplication@36ff2175
----------------- Done invoking toplevel() on ptolemy.moml.MoMLSimpleApplication@36ff2175
reloadAllAccessors: .InitialImmediateTransition

===========================================================================================
----------------- testing Thu Jan 02 06:37:05 UTC 2020 /home/travis/build/icyphy/ptII/ptolemy/domains/modal/test/auto/InitialOutputs.xml
----------------- Instantiating /home/travis/build/icyphy/ptII/ptolemy/domains/modal/test/auto/InitialOutputs.xml
2 ms. Memory: 233472K Free: 123994K (53%)
----------------- Invoking toplevel() on ptolemy.moml.MoMLSimpleApplication@179ca972
----------------- Done invoking toplevel() on ptolemy.moml.MoMLSimpleApplication@179ca972
reloadAllAccessors: .InitialOutputs

===========================================================================================
----------------- testing Thu Jan 02 06:37:05 UTC 2020 /home/travis/build/icyphy/ptII/ptolemy/domains/modal/test/auto/InitialStateTransition1.xml
----------------- Instantiating /home/travis/build/icyphy/ptII/ptolemy/domains/modal/test/auto/InitialStateTransition1.xml
2 ms. Memory: 233472K Free: 116826K (50%)
----------------- Invoking toplevel() on ptolemy.moml.MoMLSimpleApplication@569b0214
----------------- Done invoking toplevel() on ptolemy.moml.MoMLSimpleApplication@569b0214
reloadAllAccessors: .InitialStateTransition1

===========================================================================================
----------------- testing Thu Jan 02 06:37:05 UTC 2020 /home/travis/build/icyphy/ptII/ptolemy/domains/modal/test/auto/InitialStateTransition2.xml
----------------- Instantiating /home/travis/build/icyphy/ptII/ptolemy/domains/modal/test/auto/InitialStateTransition2.xml
.InitialStateTransition2.TestExceptionAttributeNonConstructive: initialize() was not invoked, but wrapup() was.  This is unusual, but not always a problem.  For example, exporting JNLP will do this.
4 ms. Memory: 233472K Free: 109658K (47%)
----------------- Invoking toplevel() on ptolemy.moml.MoMLSimpleApplication@341b2f1e
----------------- Done invoking toplevel() on ptolemy.moml.MoMLSimpleApplication@341b2f1e
reloadAllAccessors: .InitialStateTransition2

===========================================================================================
----------------- testing Thu Jan 02 06:37:05 UTC 2020 /home/travis/build/icyphy/ptII/ptolemy/domains/modal/test/auto/InitialStateTransition3.xml
----------------- Instantiating /home/travis/build/icyphy/ptII/ptolemy/domains/modal/test/auto/InitialStateTransition3.xml
4 ms. Memory: 233472K Free: 100952K (43%)
----------------- Invoking toplevel() on ptolemy.moml.MoMLSimpleApplication@150cfba7
----------------- Done invoking toplevel() on ptolemy.moml.MoMLSimpleApplication@150cfba7
reloadAllAccessors: .InitialStateTransition3

===========================================================================================
----------------- testing Thu Jan 02 06:37:05 UTC 2020 /home/travis/build/icyphy/ptII/ptolemy/domains/modal/test/auto/InitialStateTransition4.xml
----------------- Instantiating /home/travis/build/icyphy/ptII/ptolemy/domains/modal/test/auto/InitialStateTransition4.xml
3 ms. Memory: 233472K Free: 91736K (39%)
----------------- Invoking toplevel() on ptolemy.moml.MoMLSimpleApplication@ded48f6
----------------- Done invoking toplevel() on ptolemy.moml.MoMLSimpleApplication@ded48f6
[...]
reloadAllAccessors: .TerminationTransition3

===========================================================================================
----------------- testing Thu Jan 02 06:37:07 UTC 2020 /home/travis/build/icyphy/ptII/ptolemy/domains/modal/test/auto/TerminationTransition4.xml
----------------- Instantiating /home/travis/build/icyphy/ptII/ptolemy/domains/modal/test/auto/TerminationTransition4.xml
5 ms. Memory: 280576K Free: 141608K (50%)
----------------- Invoking toplevel() on ptolemy.moml.MoMLSimpleApplication@d429e1e
----------------- Done invoking toplevel() on ptolemy.moml.MoMLSimpleApplication@d429e1e
reloadAllAccessors: .TerminationTransition4

===========================================================================================
----------------- testing Thu Jan 02 06:37:07 UTC 2020 /home/travis/build/icyphy/ptII/ptolemy/domains/modal/test/auto/TerminationTransition5.xml
----------------- Instantiating /home/travis/build/icyphy/ptII/ptolemy/domains/modal/test/auto/TerminationTransition5.xml
2 ms. Memory: 280576K Free: 127782K (46%)
----------------- Invoking toplevel() on ptolemy.moml.MoMLSimpleApplication@6e3b7a6f
----------------- Done invoking toplevel() on ptolemy.moml.MoMLSimpleApplication@6e3b7a6f
reloadAllAccessors: .TerminationTransition5

===========================================================================================
----------------- testing Thu Jan 02 06:37:07 UTC 2020 /home/travis/build/icyphy/ptII/ptolemy/domains/modal/test/auto/TerminationTransition6.xml
----------------- Instantiating /home/travis/build/icyphy/ptII/ptolemy/domains/modal/test/auto/TerminationTransition6.xml
2 ms. Memory: 280576K Free: 119080K (42%)
----------------- Invoking toplevel() on ptolemy.moml.MoMLSimpleApplication@76da99b6
----------------- Done invoking toplevel() on ptolemy.moml.MoMLSimpleApplication@76da99b6
reloadAllAccessors: .TerminationTransition6

===========================================================================================
----------------- testing Thu Jan 02 06:37:07 UTC 2020 /home/travis/build/icyphy/ptII/ptolemy/domains/modal/test/auto/TerminationTransition7.xml
----------------- Instantiating /home/travis/build/icyphy/ptII/ptolemy/domains/modal/test/auto/TerminationTransition7.xml
2 ms. Memory: 280576K Free: 109864K (39%)
----------------- Invoking toplevel() on ptolemy.moml.MoMLSimpleApplication@1d801ccf
----------------- Done invoking toplevel() on ptolemy.moml.MoMLSimpleApplication@1d801ccf
reloadAllAccessors: .TerminationTransition7

===========================================================================================
----------------- testing Thu Jan 02 06:37:07 UTC 2020 /home/travis/build/icyphy/ptII/ptolemy/domains/modal/test/auto/TerminationTransition8.xml
----------------- Instantiating /home/travis/build/icyphy/ptII/ptolemy/domains/modal/test/auto/TerminationTransition8.xml
2 ms. Memory: 280576K Free: 100134K (36%)
----------------- Invoking toplevel() on ptolemy.moml.MoMLSimpleApplication@689dd1f6
----------------- Done invoking toplevel() on ptolemy.moml.MoMLSimpleApplication@689dd1f6
reloadAllAccessors: .TerminationTransition8

===========================================================================================
----------------- testing Thu Jan 02 06:37:07 UTC 2020 /home/travis/build/icyphy/ptII/ptolemy/domains/modal/test/auto/Thermostat_NoHysteresis.xml
----------------- Instantiating /home/travis/build/icyphy/ptII/ptolemy/domains/modal/test/auto/Thermostat_NoHysteresis.xml
32 ms. Memory: 280576K Free: 238156K (85%)
----------------- Invoking toplevel() on ptolemy.moml.MoMLSimpleApplication@4e6824e8
----------------- Done invoking toplevel() on ptolemy.moml.MoMLSimpleApplication@4e6824e8
reloadAllAccessors: .Thermostat_NoHysteresis

===========================================================================================
----------------- testing Thu Jan 02 06:37:07 UTC 2020 /home/travis/build/icyphy/ptII/ptolemy/domains/modal/test/auto/TimedFSM.xml
----------------- Instantiating /home/travis/build/icyphy/ptII/ptolemy/domains/modal/test/auto/TimedFSM.xml
7 ms. Memory: 280576K Free: 226388K (81%)
----------------- Invoking toplevel() on ptolemy.moml.MoMLSimpleApplication@46e86884
----------------- Done invoking toplevel() on ptolemy.moml.MoMLSimpleApplication@46e86884
reloadAllAccessors: .TimedFSM

===========================================================================================
----------------- testing Thu Jan 02 06:37:07 UTC 2020 /home/travis/build/icyphy/ptII/ptolemy/domains/modal/test/auto/Timeout1.xml
----------------- Instantiating /home/travis/build/icyphy/ptII/ptolemy/domains/modal/test/auto/Timeout1.xml
3 ms. Memory: 280576K Free: 220740K (79%)
----------------- Invoking toplevel() on ptolemy.moml.MoMLSimpleApplication@64294f57
----------------- Done invoking toplevel() on ptolemy.moml.MoMLSimpleApplication@64294f57
reloadAllAccessors: .Timeout1

===========================================================================================
----------------- testing Thu Jan 02 06:37:07 UTC 2020 /home/travis/build/icyphy/ptII/ptolemy/domains/modal/test/auto/Timeout2.xml
----------------- Instantiating /home/travis/build/icyphy/ptII/ptolemy/domains/modal/test/auto/Timeout2.xml
7 ms. Memory: 280576K Free: 212052K (76%)
----------------- Invoking toplevel() on ptolemy.moml.MoMLSimpleApplication@582a4e91
----------------- Done invoking toplevel() on ptolemy.moml.MoMLSimpleApplication@582a4e91
reloadAllAccessors: .Timeout2

===========================================================================================
----------------- testing Thu Jan 02 06:37:07 UTC 2020 /home/travis/build/icyphy/ptII/ptolemy/domains/modal/test/auto/Timeout3.xml
----------------- Instantiating /home/travis/build/icyphy/ptII/ptolemy/domains/modal/test/auto/Timeout3.xml
2 ms. Memory: 280576K Free: 206932K (74%)
----------------- Invoking toplevel() on ptolemy.moml.MoMLSimpleApplication@32b5cf11
----------------- Done invoking toplevel() on ptolemy.moml.MoMLSimpleApplication@32b5cf11
reloadAllAccessors: .Timeout3

===========================================================================================
----------------- testing Thu Jan 02 06:37:07 UTC 2020 /home/travis/build/icyphy/ptII/ptolemy/domains/modal/test/auto/Timeout4.xml
----------------- Instantiating /home/travis/build/icyphy/ptII/ptolemy/domains/modal/test/auto/Timeout4.xml
2 ms. Memory: 280576K Free: 201812K (72%)
----------------- Invoking toplevel() on ptolemy.moml.MoMLSimpleApplication@3a6c40e9
----------------- Done invoking toplevel() on ptolemy.moml.MoMLSimpleApplication@3a6c40e9
reloadAllAccessors: .Timeout4

===========================================================================================
----------------- testing Thu Jan 02 06:37:07 UTC 2020 /home/travis/build/icyphy/ptII/ptolemy/domains/modal/test/auto/TransientstateModelAdvanced.xml
----------------- Instantiating /home/travis/build/icyphy/ptII/ptolemy/domains/modal/test/auto/TransientstateModelAdvanced.xml
3 ms. Memory: 280576K Free: 189524K (68%)
----------------- Invoking toplevel() on ptolemy.moml.MoMLSimpleApplication@24dbbd71
----------------- Done invoking toplevel() on ptolemy.moml.MoMLSimpleApplication@24dbbd71
reloadAllAccessors: .TransientstateModelAdvanced

===========================================================================================
----------------- testing Thu Jan 02 06:37:07 UTC 2020 /home/travis/build/icyphy/ptII/ptolemy/domains/modal/test/auto/TransientstateModelAdvanced2.xml
----------------- Instantiating /home/travis/build/icyphy/ptII/ptolemy/domains/modal/test/auto/TransientstateModelAdvanced2.xml
3 ms. Memory: 280576K Free: 175188K (62%)
----------------- Invoking toplevel() on ptolemy.moml.MoMLSimpleApplication@368a8437
----------------- Done invoking toplevel() on ptolemy.moml.MoMLSimpleApplication@368a8437
reloadAllAccessors: .transientstatemodelAdvanced

===========================================================================================
----------------- testing Thu Jan 02 06:37:07 UTC 2020 /home/travis/build/icyphy/ptII/ptolemy/domains/modal/test/auto/TransitionRefinements.xml
----------------- Instantiating /home/travis/build/icyphy/ptII/ptolemy/domains/modal/test/auto/TransitionRefinements.xml
6 ms. Memory: 280576K Free: 165444K (59%)
----------------- Invoking toplevel() on ptolemy.moml.MoMLSimpleApplication@39517a26
----------------- Done invoking toplevel() on ptolemy.moml.MoMLSimpleApplication@39517a26
reloadAllAccessors: .TransitionRefinements

===========================================================================================
----------------- testing Thu Jan 02 06:37:07 UTC 2020 /home/travis/build/icyphy/ptII/ptolemy/domains/modal/test/auto/TwoRefinements1.xml
----------------- Instantiating /home/travis/build/icyphy/ptII/ptolemy/domains/modal/test/auto/TwoRefinements1.xml
2 ms. Memory: 280576K Free: 155218K (55%)
----------------- Invoking toplevel() on ptolemy.moml.MoMLSimpleApplication@1de89995
----------------- Done invoking toplevel() on ptolemy.moml.MoMLSimpleApplication@1de89995
reloadAllAccessors: .TwoRefinements1

===========================================================================================
----------------- testing Thu Jan 02 06:37:07 UTC 2020 /home/travis/build/icyphy/ptII/ptolemy/domains/modal/test/auto/TwoRefinements2.xml
----------------- Instantiating /home/travis/build/icyphy/ptII/ptolemy/domains/modal/test/auto/TwoRefinements2.xml
2 ms. Memory: 280576K Free: 145492K (52%)
----------------- Invoking toplevel() on ptolemy.moml.MoMLSimpleApplication@63684cf9
----------------- Done invoking toplevel() on ptolemy.moml.MoMLSimpleApplication@63684cf9
reloadAllAccessors: .TwoRefinements2

===========================================================================================
----------------- testing Thu Jan 02 06:37:07 UTC 2020 /home/travis/build/icyphy/ptII/ptolemy/domains/modal/test/auto/WeakImmediateTransition.xml
----------------- Instantiating /home/travis/build/icyphy/ptII/ptolemy/domains/modal/test/auto/WeakImmediateTransition.xml
2 ms. Memory: 280576K Free: 136786K (49%)
----------------- Invoking toplevel() on ptolemy.moml.MoMLSimpleApplication@b455624
----------------- Done invoking toplevel() on ptolemy.moml.MoMLSimpleApplication@b455624
reloadAllAccessors: .WeakImmediateTransition

===========================================================================================
----------------- testing Thu Jan 02 06:37:07 UTC 2020 /home/travis/build/icyphy/ptII/ptolemy/domains/modal/test/auto/booleanSelect.xml
----------------- Instantiating /home/travis/build/icyphy/ptII/ptolemy/domains/modal/test/auto/booleanSelect.xml
31 ms. Memory: 280576K Free: 118868K (42%)
----------------- Invoking toplevel() on ptolemy.moml.MoMLSimpleApplication@5ec75c7b
----------------- Done invoking toplevel() on ptolemy.moml.MoMLSimpleApplication@5ec75c7b
reloadAllAccessors: .booleanSelect

===========================================================================================
----------------- testing Thu Jan 02 06:37:08 UTC 2020 /home/travis/build/icyphy/ptII/ptolemy/domains/modal/test/auto/modalChangingParams.xml
----------------- Instantiating /home/travis/build/icyphy/ptII/ptolemy/domains/modal/test/auto/modalChangingParams.xml
0
1
0
2
4
6
8
7
0
2
4
6
8
13
0
2
4
6
8
19
0
2
4
6
8
25
0
2
4
6
8
31
0
2
4
6
8
37
0
2
4
6
8
43
0
2
4
6
8
49
0
2
4
6
8
55
0
2
4
6
8
61
0
2
4
6
8
67
0
2
4
6
8
73
0
2
4
6
8
79
0
2
4
6
8
85
0
2
4
6
8
91
0
2
4
6
8
97
0
2
4
6
8
103
0
2
4
6
8
109
0
2
4
6
8
115
0
2
4
6
8
121
0
2
4
6
8
127
0
2
4
6
8
133
0
2
4
6
8
139
0
2
4
6
8
145
0
2
4
6
8
151
0
2
4
6
8
157
0
2
4
6
8
163
0
2
4
6
8
169
0
2
4
6
8
175
0
2
4
6
8
181
0
2
4
6
8
187
0
2
4
6
8
193
0
2
4
6
8
199
0
2
4
6
8
205
0
2
4
6
8
211
0
2
4
6
8
217
0
2
4
6
8
223
0
2
4
6
8
229
0
2
4
6
8
235
0
2
4
6
8
241
0
2
4
6
8
247
0
2
4
6
8
253
0
2
4
6
8
259
0
2
4
6
8
265
0
2
4
6
8
271
0
2
4
6
8
277
0
2
4
6
8
283
0
2
4
6
8
289
0
2
4
6
8
295
0
2
4
6
8
301
0
2
4
6
8
307
0
2
4
6
8
313
0
2
4
6
8
319
0
2
4
6
8
325
0
2
4
6
8
331
0
2
4
6
8
337
0
2
4
6
8
343
0
2
4
6
8
349
0
2
4
6
8
355
0
2
4
6
8
361
0
2
4
6
8
367
0
2
4
6
8
373
0
2
4
6
8
379
0
2
4
6
8
385
0
2
4
6
8
391
0
2
4
6
8
397
0
2
4
6
8
403
0
2
4
6
8
409
0
2
4
6
8
415
0
2
4
6
8
421
0
2
4
6
8
427
0
2
4
6
8
433
0
2
4
6
8
439
0
2
4
6
8
445
0
2
4
6
8
451
0
2
4
6
8
457
0
2
4
6
8
463
0
2
4
6
8
469
0
2
4
6
8
475
0
2
4
6
8
481
0
2
4
6
8
487
0
2
4
6
8
493
0
2
4
6
8
499
0
2
4
6
8
505
0
2
4
6
8
511
0
2
4
6
8
517
0
2
4
6
8
523
0
2
4
6
8
529
0
2
4
6
8
535
0
2
4
6
8
541
0
2
4
6
8
547
0
2
4
6
8
553
0
2
4
6
8
559
0
2
4
6
8
565
0
2
4
6
8
571
0
2
4
6
8
577
0
2
4
6
8
583
0
2
4
6
8
589
0
2
4
6
8
595
0
2
4
6
8
601
0
2
4
6
8
607
0
2
4
6
8
613
0
2
4
6
8
619
0
2
4
6
8
625
0
2
4
6
8
631
0
2
4
6
8
637
0
2
4
6
8
643
0
2
4
6
8
649
0
2
4
6
8
655
0
2
4
6
8
661
0
2
4
6
8
667
0
2
4
6
8
673
0
2
4
6
8
679
0
2
4
6
8
685
0
2
4
6
8
691
0
2
4
6
8
697
0
2
4
6
8
703
0
2
4
6
8
709
0
2
4
6
8
715
0
2
4
6
8
721
0
2
4
6
8
727
0
2
4
6
8
733
0
2
4
6
8
739
0
2
4
6
8
745
0
2
4
6
8
751
0
2
4
6
8
757
0
2
4
6
8
763
0
2
4
6
8
769
0
2
4
6
8
775
0
2
4
6
8
781
0
2
4
6
8
787
0
2
4
6
8
793
0
2
4
6
8
799
0
2
4
6
8
805
0
2
4
6
8
811
0
2
4
6
8
817
0
2
4
6
8
823
0
2
4
6
8
829
0
2
4
6
8
835
0
2
4
6
8
841
0
2
4
6
8
847
0
2
4
6
8
853
0
2
4
6
8
859
0
2
4
6
8
865
0
2
4
6
8
871
0
2
4
6
8
877
0
2
4
6
8
883
0
2
4
6
8
889
0
2
4
6
8
895
0
2
4
6
8
901
0
2
4
6
8
907
0
2
4
6
8
913
0
2
4
6
8
919
0
2
4
6
8
925
0
2
4
6
8
931
0
2
4
6
8
937
0
2
4
6
8
943
0
2
4
6
8
949
0
2
4
6
8
955
0
2
4
6
8
961
0
2
4
6
8
967
0
2
4
6
8
973
0
2
4
6
8
979
0
2
4
6
8
985
0
2
4
6
8
991
0
2
4
6
8
997
0
2
348 ms. Memory: 367616K Free: 255411K (69%)
----------------- Invoking toplevel() on ptolemy.moml.MoMLSimpleApplication@247f3e58
----------------- Done invoking toplevel() on ptolemy.moml.MoMLSimpleApplication@247f3e58
reloadAllAccessors: .modalChangingParams

===========================================================================================
----------------- testing Thu Jan 02 06:37:08 UTC 2020 /home/travis/build/icyphy/ptII/ptolemy/domains/modal/test/auto/modalModel.xml
----------------- Instantiating /home/travis/build/icyphy/ptII/ptolemy/domains/modal/test/auto/modalModel.xml
5 ms. Memory: 367616K Free: 246195K (67%)
----------------- Invoking toplevel() on ptolemy.moml.MoMLSimpleApplication@7fbaee1a
----------------- Done invoking toplevel() on ptolemy.moml.MoMLSimpleApplication@7fbaee1a
reloadAllAccessors: .modalModel

===========================================================================================
----------------- testing Thu Jan 02 06:37:08 UTC 2020 /home/travis/build/icyphy/ptII/ptolemy/domains/modal/test/auto/modalModel2.xml
----------------- Instantiating /home/travis/build/icyphy/ptII/ptolemy/domains/modal/test/auto/modalModel2.xml
10 ms. Memory: 367616K Free: 235427K (64%)
----------------- Invoking toplevel() on ptolemy.moml.MoMLSimpleApplication@7dc81f4a
----------------- Done invoking toplevel() on ptolemy.moml.MoMLSimpleApplication@7dc81f4a
reloadAllAccessors: .modalModel2

===========================================================================================
----------------- testing Thu Jan 02 06:37:08 UTC 2020 /home/travis/build/icyphy/ptII/ptolemy/domains/modal/test/auto/modalModel3.xml
----------------- Instantiating /home/travis/build/icyphy/ptII/ptolemy/domains/modal/test/auto/modalModel3.xml
0	0	0
1	0	1
4	2	2
7	4	3
10	6	4
5	0	5
8	2	6
11	4	7
14	6	8
9	0	9
12	2	10
15	4	11
18	6	12
13	0	13
16	2	14
16 ms. Memory: 367616K Free: 221105K (60%)
----------------- Invoking toplevel() on ptolemy.moml.MoMLSimpleApplication@4ec54b91
----------------- Done invoking toplevel() on ptolemy.moml.MoMLSimpleApplication@4ec54b91
reloadAllAccessors: .modalModel3

===========================================================================================
----------------- testing Thu Jan 02 06:37:08 UTC 2020 /home/travis/build/icyphy/ptII/ptolemy/domains/modal/test/auto/model1.xml
----------------- Instantiating /home/travis/build/icyphy/ptII/ptolemy/domains/modal/test/auto/model1.xml
12 ms. Memory: 367616K Free: 215475K (59%)
----------------- Invoking toplevel() on ptolemy.moml.MoMLSimpleApplication@5e0d63ea
----------------- Done invoking toplevel() on ptolemy.moml.MoMLSimpleApplication@5e0d63ea
reloadAllAccessors: .model1

===========================================================================================
----------------- testing Thu Jan 02 06:37:08 UTC 2020 /home/travis/build/icyphy/ptII/ptolemy/domains/modal/test/auto/test-direct-in-out.xml
----------------- Instantiating /home/travis/build/icyphy/ptII/ptolemy/domains/modal/test/auto/test-direct-in-out.xml
5 ms. Memory: 367616K Free: 207777K (57%)
----------------- Invoking toplevel() on ptolemy.moml.MoMLSimpleApplication@4525b164
----------------- Done invoking toplevel() on ptolemy.moml.MoMLSimpleApplication@4525b164
reloadAllAccessors: .test-direct-in-out
AutoTests.java: About to close Vertx.
AutoTests.java: Vertx closed.
]]></system-out>
  <system-err><![CDATA[java.lang.RuntimeException: Execution failed
	at ptolemy.moml.MoMLSimpleApplication$UnloadThread.run(MoMLSimpleApplication.java:402)
Caused by: ptolemy.kernel.util.IllegalActionException: Unknown inputs remain. Possible causality loop:
L_model_1893289564i

  in .CannotAnalysisWithPreemption.model_1893289564_region_1 and .CannotAnalysisWithPreemption.model_1893289564_region_1.L_model_1893289564i
	at ptolemy.actor.sched.FixedPointDirector.postfire(FixedPointDirector.java:515)
	at ptolemy.domains.sr.kernel.SRDirector.postfire(SRDirector.java:417)
	at ptolemy.actor.CompositeActor.postfire(CompositeActor.java:1668)
	at ptolemy.actor.Manager.iterate(Manager.java:852)
	at ptolemy.actor.Manager.execute(Manager.java:369)
	at ptolemy.actor.Manager.run(Manager.java:1263)
	at ptolemy.actor.Manager$PtolemyRunThread.run(Manager.java:1933)
java.lang.reflect.InvocationTargetException
	at java.base/jdk.internal.reflect.NativeConstructorAccessorImpl.newInstance0(Native Method)
	at java.base/jdk.internal.reflect.NativeConstructorAccessorImpl.newInstance(NativeConstructorAccessorImpl.java:62)
	at java.base/jdk.internal.reflect.DelegatingConstructorAccessorImpl.newInstance(DelegatingConstructorAccessorImpl.java:45)
	at java.base/java.lang.reflect.Constructor.newInstance(Constructor.java:490)
	at ptolemy.util.test.junit.AutoKnownFailedTests.RunModel(AutoKnownFailedTests.java:105)
	at java.base/jdk.internal.reflect.NativeMethodAccessorImpl.invoke0(Native Method)
	at java.base/jdk.internal.reflect.NativeMethodAccessorImpl.invoke(NativeMethodAccessorImpl.java:62)
	at java.base/jdk.internal.reflect.DelegatingMethodAccessorImpl.invoke(DelegatingMethodAccessorImpl.java:43)
	at java.base/java.lang.reflect.Method.invoke(Method.java:566)
	at org.junit.runners.model.FrameworkMethod$1.runReflectiveCall(FrameworkMethod.java:44)
	at org.junit.internal.runners.model.ReflectiveCallable.run(ReflectiveCallable.java:15)
	at org.junit.runners.model.FrameworkMethod.invokeExplosively(FrameworkMethod.java:41)
	at junitparams.internal.InvokeParameterisedMethod.evaluate(InvokeParameterisedMethod.java:102)
	at org.junit.internal.runners.statements.FailOnTimeout$1.run(FailOnTimeout.java:28)
Caused by: ptolemy.kernel.util.IllegalActionException: Unknown inputs remain. Possible causality loop:
L_model_1893289564i

  in .CannotAnalysisWithPreemption.model_1893289564_region_1 and .CannotAnalysisWithPreemption.model_1893289564_region_1.L_model_1893289564i
	at ptolemy.actor.sched.FixedPointDirector.postfire(FixedPointDirector.java:515)
	at ptolemy.domains.sr.kernel.SRDirector.postfire(SRDirector.java:417)
	at ptolemy.actor.CompositeActor.postfire(CompositeActor.java:1668)
	at ptolemy.actor.Manager.iterate(Manager.java:852)
	at ptolemy.actor.Manager.execute(Manager.java:369)
	at ptolemy.actor.Manager.run(Manager.java:1263)
	at ptolemy.actor.Manager$PtolemyRunThread.run(Manager.java:1933)
]]></system-err>
</testsuite>
