<?xml version="1.0" encoding="UTF-8" ?>
<testsuite errors="0" failures="0" hostname="travis-job-a04da192-84f2-4c00-a8ee-e3e35cb5404b" name="ptolemy.actor.lib.hoc.test.junit.JUnitTclTest" skipped="0" tests="58" time="30.334" timestamp="2020-02-28T07:08:35">
  <properties>
[...]
</properties>
  <testcase classname="ptolemy.util.test.junit.TclTests" name="[0] /home/travis/build/icyphy/ptII/ptolemy/actor/lib/hoc/test/IterateOverArray.tcl (RunTclFile)" time="0.234" />
  <testcase classname="ptolemy.util.test.junit.AutoKnownFailedTests" name="[0] /home/travis/build/icyphy/ptII/ptolemy/actor/lib/hoc/test/auto/knownFailedTests/PreinitializeMustBeInvokedRunComposite.xml (RunModel)" time="0.413" />
  <testcase classname="ptolemy.util.test.junit.AutoNameArchTests" name="[0] ThereAreNoAutoArchTests (RunModel)" time="0.001" />
  <testcase classname="ptolemy.util.test.junit.AutoTests" name="[0] /home/travis/build/icyphy/ptII/ptolemy/actor/lib/hoc/test/auto/AllToAllMultiInstanceComposite.xml (RunModel)" time="0.432" />
  <testcase classname="ptolemy.util.test.junit.AutoTests" name="[1] /home/travis/build/icyphy/ptII/ptolemy/actor/lib/hoc/test/auto/ApplyFFTTest.xml (RunModel)" time="0.294" />
  <testcase classname="ptolemy.util.test.junit.AutoTests" name="[2] /home/travis/build/icyphy/ptII/ptolemy/actor/lib/hoc/test/auto/ApplyFunction.xml (RunModel)" time="0.045" />
  <testcase classname="ptolemy.util.test.junit.AutoTests" name="[3] /home/travis/build/icyphy/ptII/ptolemy/actor/lib/hoc/test/auto/BackgroundExecution.xml (RunModel)" time="0.701" />
  <testcase classname="ptolemy.util.test.junit.AutoTests" name="[4] /home/travis/build/icyphy/ptII/ptolemy/actor/lib/hoc/test/auto/Case.xml (RunModel)" time="0.064" />
  <testcase classname="ptolemy.util.test.junit.AutoTests" name="[5] /home/travis/build/icyphy/ptII/ptolemy/actor/lib/hoc/test/auto/Case1.xml (RunModel)" time="0.063" />
  <testcase classname="ptolemy.util.test.junit.AutoTests" name="[6] /home/travis/build/icyphy/ptII/ptolemy/actor/lib/hoc/test/auto/Case2.xml (RunModel)" time="0.115" />
  <testcase classname="ptolemy.util.test.junit.AutoTests" name="[7] /home/travis/build/icyphy/ptII/ptolemy/actor/lib/hoc/test/auto/Case3.xml (RunModel)" time="0.055" />
  <testcase classname="ptolemy.util.test.junit.AutoTests" name="[8] /home/travis/build/icyphy/ptII/ptolemy/actor/lib/hoc/test/auto/Case4.xml (RunModel)" time="0.041" />
  <testcase classname="ptolemy.util.test.junit.AutoTests" name="[9] /home/travis/build/icyphy/ptII/ptolemy/actor/lib/hoc/test/auto/Case5.xml (RunModel)" time="0.051" />
  <testcase classname="ptolemy.util.test.junit.AutoTests" name="[10] /home/travis/build/icyphy/ptII/ptolemy/actor/lib/hoc/test/auto/Case6.xml (RunModel)" time="0.071" />
  <testcase classname="ptolemy.util.test.junit.AutoTests" name="[11] /home/travis/build/icyphy/ptII/ptolemy/actor/lib/hoc/test/auto/CaseString2.xml (RunModel)" time="0.036" />
  <testcase classname="ptolemy.util.test.junit.AutoTests" name="[12] /home/travis/build/icyphy/ptII/ptolemy/actor/lib/hoc/test/auto/CatchUpComposite1.xml (RunModel)" time="0.057" />
  <testcase classname="ptolemy.util.test.junit.AutoTests" name="[13] /home/travis/build/icyphy/ptII/ptolemy/actor/lib/hoc/test/auto/CatchUpComposite2.xml (RunModel)" time="0.036" />
  <testcase classname="ptolemy.util.test.junit.AutoTests" name="[14] /home/travis/build/icyphy/ptII/ptolemy/actor/lib/hoc/test/auto/CatchUpComposite3.xml (RunModel)" time="0.054" />
  <testcase classname="ptolemy.util.test.junit.AutoTests" name="[15] /home/travis/build/icyphy/ptII/ptolemy/actor/lib/hoc/test/auto/CatchUpComposite4.xml (RunModel)" time="0.049" />
  <testcase classname="ptolemy.util.test.junit.AutoTests" name="[16] /home/travis/build/icyphy/ptII/ptolemy/actor/lib/hoc/test/auto/CatchUpComposite5.xml (RunModel)" time="0.04" />
  <testcase classname="ptolemy.util.test.junit.AutoTests" name="[17] /home/travis/build/icyphy/ptII/ptolemy/actor/lib/hoc/test/auto/CatchUpComposite6.xml (RunModel)" time="0.175" />
  <testcase classname="ptolemy.util.test.junit.AutoTests" name="[18] /home/travis/build/icyphy/ptII/ptolemy/actor/lib/hoc/test/auto/CatchUpComposite7.xml (RunModel)" time="0.084" />
  <testcase classname="ptolemy.util.test.junit.AutoTests" name="[19] /home/travis/build/icyphy/ptII/ptolemy/actor/lib/hoc/test/auto/ConcurrentExecutionTimeSDF.xml (RunModel)" time="0.887" />
  <testcase classname="ptolemy.util.test.junit.AutoTests" name="[20] /home/travis/build/icyphy/ptII/ptolemy/actor/lib/hoc/test/auto/ConcurrentSleep.xml (RunModel)" time="0.765" />
  <testcase classname="ptolemy.util.test.junit.AutoTests" name="[21] /home/travis/build/icyphy/ptII/ptolemy/actor/lib/hoc/test/auto/DEInPNInRunCompositeActor.xml (RunModel)" time="0.043" />
  <testcase classname="ptolemy.util.test.junit.AutoTests" name="[22] /home/travis/build/icyphy/ptII/ptolemy/actor/lib/hoc/test/auto/DFTSubSetTest.xml (RunModel)" time="0.306" />
  <testcase classname="ptolemy.util.test.junit.AutoTests" name="[23] /home/travis/build/icyphy/ptII/ptolemy/actor/lib/hoc/test/auto/HocDE.xml (RunModel)" time="0.179" />
  <testcase classname="ptolemy.util.test.junit.AutoTests" name="[24] /home/travis/build/icyphy/ptII/ptolemy/actor/lib/hoc/test/auto/IterateOverArray.xml (RunModel)" time="0.03" />
  <testcase classname="ptolemy.util.test.junit.AutoTests" name="[25] /home/travis/build/icyphy/ptII/ptolemy/actor/lib/hoc/test/auto/IterateOverArray10.xml (RunModel)" time="0.014" />
  <testcase classname="ptolemy.util.test.junit.AutoTests" name="[26] /home/travis/build/icyphy/ptII/ptolemy/actor/lib/hoc/test/auto/IterateOverArray11.xml (RunModel)" time="0.019" />
  <testcase classname="ptolemy.util.test.junit.AutoTests" name="[27] /home/travis/build/icyphy/ptII/ptolemy/actor/lib/hoc/test/auto/IterateOverArray12.xml (RunModel)" time="0.032" />
  <testcase classname="ptolemy.util.test.junit.AutoTests" name="[28] /home/travis/build/icyphy/ptII/ptolemy/actor/lib/hoc/test/auto/IterateOverArray13.xml (RunModel)" time="0.13" />
  <testcase classname="ptolemy.util.test.junit.AutoTests" name="[29] /home/travis/build/icyphy/ptII/ptolemy/actor/lib/hoc/test/auto/IterateOverArray14.xml (RunModel)" time="0.13" />
  <testcase classname="ptolemy.util.test.junit.AutoTests" name="[30] /home/travis/build/icyphy/ptII/ptolemy/actor/lib/hoc/test/auto/IterateOverArray2.xml (RunModel)" time="0.02" />
  <testcase classname="ptolemy.util.test.junit.AutoTests" name="[31] /home/travis/build/icyphy/ptII/ptolemy/actor/lib/hoc/test/auto/IterateOverArray3.xml (RunModel)" time="0.029" />
  <testcase classname="ptolemy.util.test.junit.AutoTests" name="[32] /home/travis/build/icyphy/ptII/ptolemy/actor/lib/hoc/test/auto/IterateOverArray4.xml (RunModel)" time="0.02" />
  <testcase classname="ptolemy.util.test.junit.AutoTests" name="[33] /home/travis/build/icyphy/ptII/ptolemy/actor/lib/hoc/test/auto/IterateOverArray5.xml (RunModel)" time="0.021" />
  <testcase classname="ptolemy.util.test.junit.AutoTests" name="[34] /home/travis/build/icyphy/ptII/ptolemy/actor/lib/hoc/test/auto/IterateOverArray6.xml (RunModel)" time="0.017" />
  <testcase classname="ptolemy.util.test.junit.AutoTests" name="[35] /home/travis/build/icyphy/ptII/ptolemy/actor/lib/hoc/test/auto/IterateOverArray7.xml (RunModel)" time="0.017" />
  <testcase classname="ptolemy.util.test.junit.AutoTests" name="[36] /home/travis/build/icyphy/ptII/ptolemy/actor/lib/hoc/test/auto/IterateOverArray8.xml (RunModel)" time="0.017" />
  <testcase classname="ptolemy.util.test.junit.AutoTests" name="[37] /home/travis/build/icyphy/ptII/ptolemy/actor/lib/hoc/test/auto/IterateOverArray9.xml (RunModel)" time="0.022" />
  <testcase classname="ptolemy.util.test.junit.AutoTests" name="[38] /home/travis/build/icyphy/ptII/ptolemy/actor/lib/hoc/test/auto/IterateOverArrayCoercedOutputType.xml (RunModel)" time="0.02" />
  <testcase classname="ptolemy.util.test.junit.AutoTests" name="[39] /home/travis/build/icyphy/ptII/ptolemy/actor/lib/hoc/test/auto/IterateOverArrayInferredOutputType.xml (RunModel)" time="0.024" />
  <testcase classname="ptolemy.util.test.junit.AutoTests" name="[40] /home/travis/build/icyphy/ptII/ptolemy/actor/lib/hoc/test/auto/MobileFunctionTest.xml (RunModel)" time="0.033" />
  <testcase classname="ptolemy.util.test.junit.AutoTests" name="[41] /home/travis/build/icyphy/ptII/ptolemy/actor/lib/hoc/test/auto/MobileModelTest.xml (RunModel)" time="0.168" />
  <testcase classname="ptolemy.util.test.junit.AutoTests" name="[42] /home/travis/build/icyphy/ptII/ptolemy/actor/lib/hoc/test/auto/ModelReference.xml (RunModel)" time="0.065" />
  <testcase classname="ptolemy.util.test.junit.AutoTests" name="[43] /home/travis/build/icyphy/ptII/ptolemy/actor/lib/hoc/test/auto/ModelReference3.xml (RunModel)" time="0.038" />
  <testcase classname="ptolemy.util.test.junit.AutoTests" name="[44] /home/travis/build/icyphy/ptII/ptolemy/actor/lib/hoc/test/auto/ModelReference4.xml (RunModel)" time="10.023" />
  <testcase classname="ptolemy.util.test.junit.AutoTests" name="[45] /home/travis/build/icyphy/ptII/ptolemy/actor/lib/hoc/test/auto/MultiInstanceComposite.xml (RunModel)" time="0.058" />
  <testcase classname="ptolemy.util.test.junit.AutoTests" name="[46] /home/travis/build/icyphy/ptII/ptolemy/actor/lib/hoc/test/auto/MultiInstanceComposite2.xml (RunModel)" time="0.036" />
  <testcase classname="ptolemy.util.test.junit.AutoTests" name="[47] /home/travis/build/icyphy/ptII/ptolemy/actor/lib/hoc/test/auto/MulticoreExecution.xml (RunModel)" time="1.098" />
  <testcase classname="ptolemy.util.test.junit.AutoTests" name="[48] /home/travis/build/icyphy/ptII/ptolemy/actor/lib/hoc/test/auto/ParallelExecution.xml (RunModel)" time="0.935" />
  <testcase classname="ptolemy.util.test.junit.AutoTests" name="[49] /home/travis/build/icyphy/ptII/ptolemy/actor/lib/hoc/test/auto/RunCompositeActor.xml (RunModel)" time="0.025" />
  <testcase classname="ptolemy.util.test.junit.AutoTests" name="[50] /home/travis/build/icyphy/ptII/ptolemy/actor/lib/hoc/test/auto/RunCompositeActor2.xml (RunModel)" time="0.021" />
  <testcase classname="ptolemy.util.test.junit.AutoTests" name="[51] /home/travis/build/icyphy/ptII/ptolemy/actor/lib/hoc/test/auto/RunCompositeActor3.xml (RunModel)" time="0.019" />
  <testcase classname="ptolemy.util.test.junit.AutoTests" name="[52] /home/travis/build/icyphy/ptII/ptolemy/actor/lib/hoc/test/auto/RunCompositeActor4.xml (RunModel)" time="0.021" />
  <testcase classname="ptolemy.util.test.junit.AutoTests" name="[53] /home/travis/build/icyphy/ptII/ptolemy/actor/lib/hoc/test/auto/RunCompositeIterateOverArray.xml (RunModel)" time="0.019" />
  <testcase classname="ptolemy.util.test.junit.AutoTests" name="[54] /home/travis/build/icyphy/ptII/ptolemy/actor/lib/hoc/test/auto/ThreadedJS.xml (RunModel)" time="11.345" />
  <system-out><![CDATA[/home/travis/build/icyphy/ptII/ptolemy/actor/lib/hoc/test/IterateOverArray.tcl
testDefs.tcl: setting time out to 9000 seconds at Fri Feb 28 07:08:35 UTC 2020
02/28/20 07:08:35
Failed: 0  Total Tests: 2  ((Passed: 2, Newly Passed: 0)  Known Failed: 0) /home/travis/build/icyphy/ptII/ptolemy/actor/lib/hoc/test
----------------- testing (KnownFailure) /home/travis/build/icyphy/ptII/ptolemy/actor/lib/hoc/test/auto/knownFailedTests/PreinitializeMustBeInvokedRunComposite.xml
110 ms. Memory: 129024K Free: 86909K (67%)
Known Failure: java.lang.reflect.InvocationTargetException
No auto/linux-amd64/*.xml tests in /home/travis/build/icyphy/ptII/ptolemy/actor/lib/hoc/test
AutoTests.java: About to close Vertx.
AutoTests.java: Vertx closed.

===========================================================================================
----------------- testing Fri Feb 28 07:08:36 UTC 2020 /home/travis/build/icyphy/ptII/ptolemy/actor/lib/hoc/test/auto/AllToAllMultiInstanceComposite.xml
----------------- Instantiating /home/travis/build/icyphy/ptII/ptolemy/actor/lib/hoc/test/auto/AllToAllMultiInstanceComposite.xml
203 ms. Memory: 129024K Free: 100673K (78%)
----------------- Invoking toplevel() on ptolemy.moml.MoMLSimpleApplication@6f68136a
----------------- Done invoking toplevel() on ptolemy.moml.MoMLSimpleApplication@6f68136a
reloadAllAccessors: .AllToAllMultiInstanceComposite

===========================================================================================
----------------- testing Fri Feb 28 07:08:37 UTC 2020 /home/travis/build/icyphy/ptII/ptolemy/actor/lib/hoc/test/auto/ApplyFFTTest.xml
----------------- Instantiating /home/travis/build/icyphy/ptII/ptolemy/actor/lib/hoc/test/auto/ApplyFFTTest.xml
144 ms. Memory: 129024K Free: 108055K (84%)
----------------- Invoking toplevel() on ptolemy.moml.MoMLSimpleApplication@7fe899a2
----------------- Done invoking toplevel() on ptolemy.moml.MoMLSimpleApplication@7fe899a2
reloadAllAccessors: .ApplyFFTTest

===========================================================================================
----------------- testing Fri Feb 28 07:08:37 UTC 2020 /home/travis/build/icyphy/ptII/ptolemy/actor/lib/hoc/test/auto/ApplyFunction.xml
----------------- Instantiating /home/travis/build/icyphy/ptII/ptolemy/actor/lib/hoc/test/auto/ApplyFunction.xml
5 ms. Memory: 129024K Free: 104857K (81%)
----------------- Invoking toplevel() on ptolemy.moml.MoMLSimpleApplication@4e212f6
----------------- Done invoking toplevel() on ptolemy.moml.MoMLSimpleApplication@4e212f6
reloadAllAccessors: .ApplyFunction

===========================================================================================
----------------- testing Fri Feb 28 07:08:37 UTC 2020 /home/travis/build/icyphy/ptII/ptolemy/actor/lib/hoc/test/auto/BackgroundExecution.xml
----------------- Instantiating /home/travis/build/icyphy/ptII/ptolemy/actor/lib/hoc/test/auto/BackgroundExecution.xml
626 ms. Memory: 129024K Free: 97782K (76%)
----------------- Invoking toplevel() on ptolemy.moml.MoMLSimpleApplication@650b9eb7
----------------- Done invoking toplevel() on ptolemy.moml.MoMLSimpleApplication@650b9eb7
reloadAllAccessors: .BackgroundExecution

===========================================================================================
----------------- testing Fri Feb 28 07:08:38 UTC 2020 /home/travis/build/icyphy/ptII/ptolemy/actor/lib/hoc/test/auto/Case.xml
----------------- Instantiating /home/travis/build/icyphy/ptII/ptolemy/actor/lib/hoc/test/auto/Case.xml
25 ms. Memory: 129024K Free: 90326K (70%)
----------------- Invoking toplevel() on ptolemy.moml.MoMLSimpleApplication@6fac43b0
----------------- Done invoking toplevel() on ptolemy.moml.MoMLSimpleApplication@6fac43b0
reloadAllAccessors: .Case

===========================================================================================
----------------- testing Fri Feb 28 07:08:38 UTC 2020 /home/travis/build/icyphy/ptII/ptolemy/actor/lib/hoc/test/auto/Case1.xml
----------------- Instantiating /home/travis/build/icyphy/ptII/ptolemy/actor/lib/hoc/test/auto/Case1.xml
16 ms. Memory: 129024K Free: 84144K (65%)
----------------- Invoking toplevel() on ptolemy.moml.MoMLSimpleApplication@66a204a
----------------- Done invoking toplevel() on ptolemy.moml.MoMLSimpleApplication@66a204a
reloadAllAccessors: .Case1

===========================================================================================
----------------- testing Fri Feb 28 07:08:38 UTC 2020 /home/travis/build/icyphy/ptII/ptolemy/actor/lib/hoc/test/auto/Case2.xml
----------------- Instantiating /home/travis/build/icyphy/ptII/ptolemy/actor/lib/hoc/test/auto/Case2.xml
47 ms. Memory: 157696K Free: 136173K (86%)
----------------- Invoking toplevel() on ptolemy.moml.MoMLSimpleApplication@3f0b1f82
----------------- Done invoking toplevel() on ptolemy.moml.MoMLSimpleApplication@3f0b1f82
reloadAllAccessors: .Case2

===========================================================================================
----------------- testing Fri Feb 28 07:08:38 UTC 2020 /home/travis/build/icyphy/ptII/ptolemy/actor/lib/hoc/test/auto/Case3.xml
----------------- Instantiating /home/travis/build/icyphy/ptII/ptolemy/actor/lib/hoc/test/auto/Case3.xml
12 ms. Memory: 157696K Free: 130014K (82%)
----------------- Invoking toplevel() on ptolemy.moml.MoMLSimpleApplication@4c2b3c3f
----------------- Done invoking toplevel() on ptolemy.moml.MoMLSimpleApplication@4c2b3c3f
reloadAllAccessors: .Case3

===========================================================================================
----------------- testing Fri Feb 28 07:08:38 UTC 2020 /home/travis/build/icyphy/ptII/ptolemy/actor/lib/hoc/test/auto/Case4.xml
----------------- Instantiating /home/travis/build/icyphy/ptII/ptolemy/actor/lib/hoc/test/auto/Case4.xml
12 ms. Memory: 157696K Free: 122238K (78%)
----------------- Invoking toplevel() on ptolemy.moml.MoMLSimpleApplication@6691ce66
----------------- Done invoking toplevel() on ptolemy.moml.MoMLSimpleApplication@6691ce66
reloadAllAccessors: .Case4

===========================================================================================
----------------- testing Fri Feb 28 07:08:38 UTC 2020 /home/travis/build/icyphy/ptII/ptolemy/actor/lib/hoc/test/auto/Case5.xml
----------------- Instantiating /home/travis/build/icyphy/ptII/ptolemy/actor/lib/hoc/test/auto/Case5.xml
24 ms. Memory: 157696K Free: 116006K (74%)
----------------- Invoking toplevel() on ptolemy.moml.MoMLSimpleApplication@79477235
----------------- Done invoking toplevel() on ptolemy.moml.MoMLSimpleApplication@79477235
reloadAllAccessors: .junk

===========================================================================================
----------------- testing Fri Feb 28 07:08:38 UTC 2020 /home/travis/build/icyphy/ptII/ptolemy/actor/lib/hoc/test/auto/Case6.xml
----------------- Instantiating /home/travis/build/icyphy/ptII/ptolemy/actor/lib/hoc/test/auto/Case6.xml
25 ms. Memory: 157696K Free: 104121K (66%)
----------------- Invoking toplevel() on ptolemy.moml.MoMLSimpleApplication@cdcbe1d
----------------- Done invoking toplevel() on ptolemy.moml.MoMLSimpleApplication@cdcbe1d
reloadAllAccessors: .Case6

===========================================================================================
----------------- testing Fri Feb 28 07:08:38 UTC 2020 /home/travis/build/icyphy/ptII/ptolemy/actor/lib/hoc/test/auto/CaseString2.xml
----------------- Instantiating /home/travis/build/icyphy/ptII/ptolemy/actor/lib/hoc/test/auto/CaseString2.xml
10 ms. Memory: 157696K Free: 96592K (61%)
----------------- Invoking toplevel() on ptolemy.moml.MoMLSimpleApplication@151dc48
----------------- Done invoking toplevel() on ptolemy.moml.MoMLSimpleApplication@151dc48
reloadAllAccessors: .CaseString2

===========================================================================================
----------------- testing Fri Feb 28 07:08:38 UTC 2020 /home/travis/build/icyphy/ptII/ptolemy/actor/lib/hoc/test/auto/CatchUpComposite1.xml
----------------- Instantiating /home/travis/build/icyphy/ptII/ptolemy/actor/lib/hoc/test/auto/CatchUpComposite1.xml
23 ms. Memory: 157696K Free: 133726K (85%)
----------------- Invoking toplevel() on ptolemy.moml.MoMLSimpleApplication@2163b259
----------------- Done invoking toplevel() on ptolemy.moml.MoMLSimpleApplication@2163b259
reloadAllAccessors: .CatchUpComposite1

===========================================================================================
----------------- testing Fri Feb 28 07:08:38 UTC 2020 /home/travis/build/icyphy/ptII/ptolemy/actor/lib/hoc/test/auto/CatchUpComposite2.xml
----------------- Instantiating /home/travis/build/icyphy/ptII/ptolemy/actor/lib/hoc/test/auto/CatchUpComposite2.xml
10 ms. Memory: 157696K Free: 125534K (80%)
----------------- Invoking toplevel() on ptolemy.moml.MoMLSimpleApplication@575c7813
----------------- Done invoking toplevel() on ptolemy.moml.MoMLSimpleApplication@575c7813
reloadAllAccessors: .CatchUpComposite2

===========================================================================================
----------------- testing Fri Feb 28 07:08:38 UTC 2020 /home/travis/build/icyphy/ptII/ptolemy/actor/lib/hoc/test/auto/CatchUpComposite3.xml
----------------- Instantiating /home/travis/build/icyphy/ptII/ptolemy/actor/lib/hoc/test/auto/CatchUpComposite3.xml
16 ms. Memory: 157696K Free: 116957K (74%)
----------------- Invoking toplevel() on ptolemy.moml.MoMLSimpleApplication@7cb6bddc
----------------- Done invoking toplevel() on ptolemy.moml.MoMLSimpleApplication@7cb6bddc
reloadAllAccessors: .CatchUpComposite3

===========================================================================================
----------------- testing Fri Feb 28 07:08:38 UTC 2020 /home/travis/build/icyphy/ptII/ptolemy/actor/lib/hoc/test/auto/CatchUpComposite4.xml
----------------- Instantiating /home/travis/build/icyphy/ptII/ptolemy/actor/lib/hoc/test/auto/CatchUpComposite4.xml
10 ms. Memory: 157696K Free: 109354K (69%)
----------------- Invoking toplevel() on ptolemy.moml.MoMLSimpleApplication@1e8ece3c
----------------- Done invoking toplevel() on ptolemy.moml.MoMLSimpleApplication@1e8ece3c
reloadAllAccessors: .CatchUpComposite4

===========================================================================================
----------------- testing Fri Feb 28 07:08:38 UTC 2020 /home/travis/build/icyphy/ptII/ptolemy/actor/lib/hoc/test/auto/CatchUpComposite5.xml
----------------- Instantiating /home/travis/build/icyphy/ptII/ptolemy/actor/lib/hoc/test/auto/CatchUpComposite5.xml
13 ms. Memory: 157696K Free: 101982K (65%)
----------------- Invoking toplevel() on ptolemy.moml.MoMLSimpleApplication@3016984b
----------------- Done invoking toplevel() on ptolemy.moml.MoMLSimpleApplication@3016984b
reloadAllAccessors: .CatchUpComposite5

===========================================================================================
----------------- testing Fri Feb 28 07:08:38 UTC 2020 /home/travis/build/icyphy/ptII/ptolemy/actor/lib/hoc/test/auto/CatchUpComposite6.xml
----------------- Instantiating /home/travis/build/icyphy/ptII/ptolemy/actor/lib/hoc/test/auto/CatchUpComposite6.xml
WARNING: The execution aspects in this model can influence the timing of actors by delaying the 
execution, potentially changing the behavior. There is no guarantee that actors fire at the 
time they request to be fired. 
Use Ptides for deterministic DE behavior that is not influenced by execution aspects. 

108 ms. Memory: 157696K Free: 87262K (55%)
----------------- Invoking toplevel() on ptolemy.moml.MoMLSimpleApplication@54c06929
----------------- Done invoking toplevel() on ptolemy.moml.MoMLSimpleApplication@54c06929
reloadAllAccessors: .CatchUpComposite6

===========================================================================================
----------------- testing Fri Feb 28 07:08:39 UTC 2020 /home/travis/build/icyphy/ptII/ptolemy/actor/lib/hoc/test/auto/CatchUpComposite7.xml
----------------- Instantiating /home/travis/build/icyphy/ptII/ptolemy/actor/lib/hoc/test/auto/CatchUpComposite7.xml
WARNING: The execution aspects in this model can influence the timing of actors by delaying the 
execution, potentially changing the behavior. There is no guarantee that actors fire at the 
time they request to be fired. 
Use Ptides for deterministic DE behavior that is not influenced by execution aspects. 

27 ms. Memory: 157696K Free: 130290K (83%)
----------------- Invoking toplevel() on ptolemy.moml.MoMLSimpleApplication@31636ea1
----------------- Done invoking toplevel() on ptolemy.moml.MoMLSimpleApplication@31636ea1
reloadAllAccessors: .CatchUpComposite7

===========================================================================================
----------------- testing Fri Feb 28 07:08:39 UTC 2020 /home/travis/build/icyphy/ptII/ptolemy/actor/lib/hoc/test/auto/ConcurrentExecutionTimeSDF.xml
----------------- Instantiating /home/travis/build/icyphy/ptII/ptolemy/actor/lib/hoc/test/auto/ConcurrentExecutionTimeSDF.xml
Fired ExecutionTime: 40400000
Fired ExecutionTime: 40400000
Fired ExecutionTime: 40400000
Fired ExecutionTime: 40400000
Fired ExecutionTime: 40400000
Fired ExecutionTime: 40400000
Fired ExecutionTime: 40400000
Fired ExecutionTime: 40400000
Fired ExecutionTime: 40400000
Fired ExecutionTime: 40400000
Fired ExecutionTime: 40400000
Fired ExecutionTime: 40400000
Fired ExecutionTime: 40400000
Fired ExecutionTime: 40400000
Fired ExecutionTime: 40400000
Fired ExecutionTime: 40400000
Fired ExecutionTime: 40400000
Fired ExecutionTime: 40400000
Fired ExecutionTime: 40400000
Fired ExecutionTime: 40400000
864 ms. Memory: 157696K Free: 123122K (78%)
----------------- Invoking toplevel() on ptolemy.moml.MoMLSimpleApplication@1bd23db5
----------------- Done invoking toplevel() on ptolemy.moml.MoMLSimpleApplication@1bd23db5
reloadAllAccessors: .ConcurrentExecutionTimeSDF

===========================================================================================
----------------- testing Fri Feb 28 07:08:40 UTC 2020 /home/travis/build/icyphy/ptII/ptolemy/actor/lib/hoc/test/auto/ConcurrentSleep.xml
----------------- Instantiating /home/travis/build/icyphy/ptII/ptolemy/actor/lib/hoc/test/auto/ConcurrentSleep.xml
730 ms. Memory: 157696K Free: 112815K (72%)
----------------- Invoking toplevel() on ptolemy.moml.MoMLSimpleApplication@66587d6b
----------------- Done invoking toplevel() on ptolemy.moml.MoMLSimpleApplication@66587d6b
reloadAllAccessors: .ConcurrentSleep

===========================================================================================
----------------- testing Fri Feb 28 07:08:40 UTC 2020 /home/travis/build/icyphy/ptII/ptolemy/actor/lib/hoc/test/auto/DEInPNInRunCompositeActor.xml
----------------- Instantiating /home/travis/build/icyphy/ptII/ptolemy/actor/lib/hoc/test/auto/DEInPNInRunCompositeActor.xml
12 ms. Memory: 157696K Free: 107695K (68%)
----------------- Invoking toplevel() on ptolemy.moml.MoMLSimpleApplication@6ee7e1e9
----------------- Done invoking toplevel() on ptolemy.moml.MoMLSimpleApplication@6ee7e1e9
reloadAllAccessors: .DEInPNInRunCompositeActor

===========================================================================================
----------------- testing Fri Feb 28 07:08:40 UTC 2020 /home/travis/build/icyphy/ptII/ptolemy/actor/lib/hoc/test/auto/DFTSubSetTest.xml
----------------- Instantiating /home/travis/build/icyphy/ptII/ptolemy/actor/lib/hoc/test/auto/DFTSubSetTest.xml
175 ms. Memory: 157696K Free: 135385K (86%)
----------------- Invoking toplevel() on ptolemy.moml.MoMLSimpleApplication@64f40283
----------------- Done invoking toplevel() on ptolemy.moml.MoMLSimpleApplication@64f40283
reloadAllAccessors: .DFTSubSetTest

===========================================================================================
----------------- testing Fri Feb 28 07:08:41 UTC 2020 /home/travis/build/icyphy/ptII/ptolemy/actor/lib/hoc/test/auto/HocDE.xml
----------------- Instantiating /home/travis/build/icyphy/ptII/ptolemy/actor/lib/hoc/test/auto/HocDE.xml
134 ms. Memory: 157696K Free: 109783K (70%)
----------------- Invoking toplevel() on ptolemy.moml.MoMLSimpleApplication@3acc62df
----------------- Done invoking toplevel() on ptolemy.moml.MoMLSimpleApplication@3acc62df
reloadAllAccessors: .HocDE

===========================================================================================
----------------- testing Fri Feb 28 07:08:41 UTC 2020 /home/travis/build/icyphy/ptII/ptolemy/actor/lib/hoc/test/auto/IterateOverArray.xml
----------------- Instantiating /home/travis/build/icyphy/ptII/ptolemy/actor/lib/hoc/test/auto/IterateOverArray.xml
5 ms. Memory: 157696K Free: 105689K (67%)
----------------- Invoking toplevel() on ptolemy.moml.MoMLSimpleApplication@57263eed
----------------- Done invoking toplevel() on ptolemy.moml.MoMLSimpleApplication@57263eed
reloadAllAccessors: .IterateOverArray

===========================================================================================
----------------- testing Fri Feb 28 07:08:41 UTC 2020 /home/travis/build/icyphy/ptII/ptolemy/actor/lib/hoc/test/auto/IterateOverArray10.xml
----------------- Instantiating /home/travis/build/icyphy/ptII/ptolemy/actor/lib/hoc/test/auto/IterateOverArray10.xml
2 ms. Memory: 157696K Free: 102617K (65%)
----------------- Invoking toplevel() on ptolemy.moml.MoMLSimpleApplication@711e3287
----------------- Done invoking toplevel() on ptolemy.moml.MoMLSimpleApplication@711e3287
reloadAllAccessors: .IterateOverArray10

===========================================================================================
----------------- testing Fri Feb 28 07:08:41 UTC 2020 /home/travis/build/icyphy/ptII/ptolemy/actor/lib/hoc/test/auto/IterateOverArray11.xml
----------------- Instantiating /home/travis/build/icyphy/ptII/ptolemy/actor/lib/hoc/test/auto/IterateOverArray11.xml
4 ms. Memory: 157696K Free: 98521K (62%)
----------------- Invoking toplevel() on ptolemy.moml.MoMLSimpleApplication@65c225c5
----------------- Done invoking toplevel() on ptolemy.moml.MoMLSimpleApplication@65c225c5
reloadAllAccessors: .IterateOverArray11

===========================================================================================
----------------- testing Fri Feb 28 07:08:41 UTC 2020 /home/travis/build/icyphy/ptII/ptolemy/actor/lib/hoc/test/auto/IterateOverArray12.xml
----------------- Instantiating /home/travis/build/icyphy/ptII/ptolemy/actor/lib/hoc/test/auto/IterateOverArray12.xml
15 ms. Memory: 157696K Free: 92377K (59%)
----------------- Invoking toplevel() on ptolemy.moml.MoMLSimpleApplication@34871f48
----------------- Done invoking toplevel() on ptolemy.moml.MoMLSimpleApplication@34871f48
reloadAllAccessors: .IterateOverArray12

===========================================================================================
----------------- testing Fri Feb 28 07:08:41 UTC 2020 /home/travis/build/icyphy/ptII/ptolemy/actor/lib/hoc/test/auto/IterateOverArray13.xml
----------------- Instantiating /home/travis/build/icyphy/ptII/ptolemy/actor/lib/hoc/test/auto/IterateOverArray13.xml
67 ms. Memory: 157696K Free: 66777K (42%)
----------------- Invoking toplevel() on ptolemy.moml.MoMLSimpleApplication@6ca5df3f
----------------- Done invoking toplevel() on ptolemy.moml.MoMLSimpleApplication@6ca5df3f
reloadAllAccessors: .IterateOverArray13

===========================================================================================
----------------- testing Fri Feb 28 07:08:41 UTC 2020 /home/travis/build/icyphy/ptII/ptolemy/actor/lib/hoc/test/auto/IterateOverArray14.xml
----------------- Instantiating /home/travis/build/icyphy/ptII/ptolemy/actor/lib/hoc/test/auto/IterateOverArray14.xml
47 ms. Memory: 157696K Free: 113477K (72%)
----------------- Invoking toplevel() on ptolemy.moml.MoMLSimpleApplication@640478d8
----------------- Done invoking toplevel() on ptolemy.moml.MoMLSimpleApplication@640478d8
reloadAllAccessors: .IterateOverArray14

===========================================================================================
----------------- testing Fri Feb 28 07:08:41 UTC 2020 /home/travis/build/icyphy/ptII/ptolemy/actor/lib/hoc/test/auto/IterateOverArray2.xml
----------------- Instantiating /home/travis/build/icyphy/ptII/ptolemy/actor/lib/hoc/test/auto/IterateOverArray2.xml
5 ms. Memory: 157696K Free: 108871K (69%)
----------------- Invoking toplevel() on ptolemy.moml.MoMLSimpleApplication@37a9b413
----------------- Done invoking toplevel() on ptolemy.moml.MoMLSimpleApplication@37a9b413
reloadAllAccessors: .IterateOverArray2

===========================================================================================
----------------- testing Fri Feb 28 07:08:41 UTC 2020 /home/travis/build/icyphy/ptII/ptolemy/actor/lib/hoc/test/auto/IterateOverArray3.xml
----------------- Instantiating /home/travis/build/icyphy/ptII/ptolemy/actor/lib/hoc/test/auto/IterateOverArray3.xml
8 ms. Memory: 157696K Free: 102727K (65%)
----------------- Invoking toplevel() on ptolemy.moml.MoMLSimpleApplication@1b45c4ff
----------------- Done invoking toplevel() on ptolemy.moml.MoMLSimpleApplication@1b45c4ff
reloadAllAccessors: .IterateOverArray3

===========================================================================================
----------------- testing Fri Feb 28 07:08:41 UTC 2020 /home/travis/build/icyphy/ptII/ptolemy/actor/lib/hoc/test/auto/IterateOverArray4.xml
----------------- Instantiating /home/travis/build/icyphy/ptII/ptolemy/actor/lib/hoc/test/auto/IterateOverArray4.xml
5 ms. Memory: 157696K Free: 98631K (63%)
----------------- Invoking toplevel() on ptolemy.moml.MoMLSimpleApplication@6ddd63d0
----------------- Done invoking toplevel() on ptolemy.moml.MoMLSimpleApplication@6ddd63d0
reloadAllAccessors: .IterateOverArray4

===========================================================================================
----------------- testing Fri Feb 28 07:08:41 UTC 2020 /home/travis/build/icyphy/ptII/ptolemy/actor/lib/hoc/test/auto/IterateOverArray5.xml
----------------- Instantiating /home/travis/build/icyphy/ptII/ptolemy/actor/lib/hoc/test/auto/IterateOverArray5.xml
4 ms. Memory: 157696K Free: 94535K (60%)
----------------- Invoking toplevel() on ptolemy.moml.MoMLSimpleApplication@366f9377
----------------- Done invoking toplevel() on ptolemy.moml.MoMLSimpleApplication@366f9377
reloadAllAccessors: .IterateOverArray5

===========================================================================================
----------------- testing Fri Feb 28 07:08:41 UTC 2020 /home/travis/build/icyphy/ptII/ptolemy/actor/lib/hoc/test/auto/IterateOverArray6.xml
----------------- Instantiating /home/travis/build/icyphy/ptII/ptolemy/actor/lib/hoc/test/auto/IterateOverArray6.xml
3 ms. Memory: 157696K Free: 90949K (58%)
----------------- Invoking toplevel() on ptolemy.moml.MoMLSimpleApplication@a597287
----------------- Done invoking toplevel() on ptolemy.moml.MoMLSimpleApplication@a597287
reloadAllAccessors: .IterateOverArray6

===========================================================================================
----------------- testing Fri Feb 28 07:08:41 UTC 2020 /home/travis/build/icyphy/ptII/ptolemy/actor/lib/hoc/test/auto/IterateOverArray7.xml
----------------- Instantiating /home/travis/build/icyphy/ptII/ptolemy/actor/lib/hoc/test/auto/IterateOverArray7.xml
4 ms. Memory: 157696K Free: 86343K (55%)
----------------- Invoking toplevel() on ptolemy.moml.MoMLSimpleApplication@324950df
----------------- Done invoking toplevel() on ptolemy.moml.MoMLSimpleApplication@324950df
reloadAllAccessors: .IterateOverArray7

===========================================================================================
----------------- testing Fri Feb 28 07:08:41 UTC 2020 /home/travis/build/icyphy/ptII/ptolemy/actor/lib/hoc/test/auto/IterateOverArray8.xml
----------------- Instantiating /home/travis/build/icyphy/ptII/ptolemy/actor/lib/hoc/test/auto/IterateOverArray8.xml
3 ms. Memory: 157696K Free: 82247K (52%)
----------------- Invoking toplevel() on ptolemy.moml.MoMLSimpleApplication@15456ee2
----------------- Done invoking toplevel() on ptolemy.moml.MoMLSimpleApplication@15456ee2
reloadAllAccessors: .IterateOverArray8

===========================================================================================
----------------- testing Fri Feb 28 07:08:41 UTC 2020 /home/travis/build/icyphy/ptII/ptolemy/actor/lib/hoc/test/auto/IterateOverArray9.xml
----------------- Instantiating /home/travis/build/icyphy/ptII/ptolemy/actor/lib/hoc/test/auto/IterateOverArray9.xml
4 ms. Memory: 157696K Free: 78151K (50%)
----------------- Invoking toplevel() on ptolemy.moml.MoMLSimpleApplication@27bef29f
----------------- Done invoking toplevel() on ptolemy.moml.MoMLSimpleApplication@27bef29f
reloadAllAccessors: .IterateOverArray9

===========================================================================================
----------------- testing Fri Feb 28 07:08:41 UTC 2020 /home/travis/build/icyphy/ptII/ptolemy/actor/lib/hoc/test/auto/IterateOverArrayCoercedOutputType.xml
----------------- Instantiating /home/travis/build/icyphy/ptII/ptolemy/actor/lib/hoc/test/auto/IterateOverArrayCoercedOutputType.xml
5 ms. Memory: 157696K Free: 73031K (46%)
----------------- Invoking toplevel() on ptolemy.moml.MoMLSimpleApplication@ab9483f
----------------- Done invoking toplevel() on ptolemy.moml.MoMLSimpleApplication@ab9483f
reloadAllAccessors: .IterateOverArrayCoercedOutputType

===========================================================================================
----------------- testing Fri Feb 28 07:08:41 UTC 2020 /home/travis/build/icyphy/ptII/ptolemy/actor/lib/hoc/test/auto/IterateOverArrayInferredOutputType.xml
----------------- Instantiating /home/travis/build/icyphy/ptII/ptolemy/actor/lib/hoc/test/auto/IterateOverArrayInferredOutputType.xml
4 ms. Memory: 157696K Free: 68421K (43%)
----------------- Invoking toplevel() on ptolemy.moml.MoMLSimpleApplication@3601a7ed
----------------- Done invoking toplevel() on ptolemy.moml.MoMLSimpleApplication@3601a7ed
reloadAllAccessors: .IterateOverArrayInferredOutputType

===========================================================================================
----------------- testing Fri Feb 28 07:08:42 UTC 2020 /home/travis/build/icyphy/ptII/ptolemy/actor/lib/hoc/test/auto/MobileFunctionTest.xml
----------------- Instantiating /home/travis/build/icyphy/ptII/ptolemy/actor/lib/hoc/test/auto/MobileFunctionTest.xml
5 ms. Memory: 157696K Free: 64319K (41%)
----------------- Invoking toplevel() on ptolemy.moml.MoMLSimpleApplication@3fa95ae3
----------------- Done invoking toplevel() on ptolemy.moml.MoMLSimpleApplication@3fa95ae3
reloadAllAccessors: .MobileFunctionTest

===========================================================================================
----------------- testing Fri Feb 28 07:08:42 UTC 2020 /home/travis/build/icyphy/ptII/ptolemy/actor/lib/hoc/test/auto/MobileModelTest.xml
----------------- Instantiating /home/travis/build/icyphy/ptII/ptolemy/actor/lib/hoc/test/auto/MobileModelTest.xml
141 ms. Memory: 157696K Free: 131479K (83%)
----------------- Invoking toplevel() on ptolemy.moml.MoMLSimpleApplication@75b53198
----------------- Done invoking toplevel() on ptolemy.moml.MoMLSimpleApplication@75b53198
reloadAllAccessors: .MobileModelTest

===========================================================================================
----------------- testing Fri Feb 28 07:08:42 UTC 2020 /home/travis/build/icyphy/ptII/ptolemy/actor/lib/hoc/test/auto/ModelReference.xml
----------------- Instantiating /home/travis/build/icyphy/ptII/ptolemy/actor/lib/hoc/test/auto/ModelReference.xml
3 ms. Memory: 157696K Free: 124675K (79%)
2 ms. Memory: 157696K Free: 124106K (79%)
2 ms. Memory: 157696K Free: 123153K (78%)
2 ms. Memory: 157696K Free: 122657K (78%)
1 ms. Memory: 157696K Free: 121627K (77%)
2 ms. Memory: 157696K Free: 120579K (76%)
1 ms. Memory: 157696K Free: 120059K (76%)
2 ms. Memory: 157696K Free: 119057K (75%)
1 ms. Memory: 157696K Free: 118490K (75%)
3 ms. Memory: 157696K Free: 117523K (75%)
28 ms. Memory: 157696K Free: 117523K (75%)
----------------- Invoking toplevel() on ptolemy.moml.MoMLSimpleApplication@3a081664
----------------- Done invoking toplevel() on ptolemy.moml.MoMLSimpleApplication@3a081664
reloadAllAccessors: .ModelReference

===========================================================================================
----------------- testing Fri Feb 28 07:08:42 UTC 2020 /home/travis/build/icyphy/ptII/ptolemy/actor/lib/hoc/test/auto/ModelReference3.xml
----------------- Instantiating /home/travis/build/icyphy/ptII/ptolemy/actor/lib/hoc/test/auto/ModelReference3.xml
2 ms. Memory: 157696K Free: 112913K (72%)
4 ms. Memory: 157696K Free: 112449K (71%)
1 ms. Memory: 157696K Free: 111411K (71%)
2 ms. Memory: 157696K Free: 110843K (70%)
1 ms. Memory: 157696K Free: 109802K (70%)
2 ms. Memory: 157696K Free: 108817K (69%)
1 ms. Memory: 157696K Free: 108353K (69%)
4 ms. Memory: 157696K Free: 107315K (68%)
2 ms. Memory: 157696K Free: 106747K (68%)
1 ms. Memory: 157696K Free: 105706K (67%)
28 ms. Memory: 157696K Free: 105706K (67%)
----------------- Invoking toplevel() on ptolemy.moml.MoMLSimpleApplication@65d06578
----------------- Done invoking toplevel() on ptolemy.moml.MoMLSimpleApplication@65d06578
reloadAllAccessors: .ModelReference3

===========================================================================================
----------------- testing Fri Feb 28 07:08:42 UTC 2020 /home/travis/build/icyphy/ptII/ptolemy/actor/lib/hoc/test/auto/ModelReference4.xml
----------------- Instantiating /home/travis/build/icyphy/ptII/ptolemy/actor/lib/hoc/test/auto/ModelReference4.xml
2 ms. Memory: 157696K Free: 100595K (64%)
2 ms. Memory: 157696K Free: 99123K (63%)
3 ms. Memory: 157696K Free: 98067K (62%)
2 ms. Memory: 157696K Free: 96507K (61%)
2 ms. Memory: 157696K Free: 95483K (61%)
6 ms. Memory: 157696K Free: 94459K (60%)
2 ms. Memory: 157696K Free: 92947K (59%)
2 ms. Memory: 157696K Free: 91977K (58%)
1 ms. Memory: 157696K Free: 90363K (57%)
2 ms. Memory: 157696K Free: 89339K (57%)
10014 ms. Memory: 157696K Free: 89339K (57%)
----------------- Invoking toplevel() on ptolemy.moml.MoMLSimpleApplication@c1aadae
----------------- Done invoking toplevel() on ptolemy.moml.MoMLSimpleApplication@c1aadae
reloadAllAccessors: .ModelReference4

===========================================================================================
----------------- testing Fri Feb 28 07:08:52 UTC 2020 /home/travis/build/icyphy/ptII/ptolemy/actor/lib/hoc/test/auto/MultiInstanceComposite.xml
----------------- Instantiating /home/travis/build/icyphy/ptII/ptolemy/actor/lib/hoc/test/auto/MultiInstanceComposite.xml
29 ms. Memory: 157696K Free: 70459K (45%)
----------------- Invoking toplevel() on ptolemy.moml.MoMLSimpleApplication@12fc054f
----------------- Done invoking toplevel() on ptolemy.moml.MoMLSimpleApplication@12fc054f
reloadAllAccessors: .MultiInstanceComposite

===========================================================================================
----------------- testing Fri Feb 28 07:08:52 UTC 2020 /home/travis/build/icyphy/ptII/ptolemy/actor/lib/hoc/test/auto/MultiInstanceComposite2.xml
----------------- Instantiating /home/travis/build/icyphy/ptII/ptolemy/actor/lib/hoc/test/auto/MultiInstanceComposite2.xml
20 ms. Memory: 157696K Free: 59186K (38%)
----------------- Invoking toplevel() on ptolemy.moml.MoMLSimpleApplication@7caff227
----------------- Done invoking toplevel() on ptolemy.moml.MoMLSimpleApplication@7caff227
reloadAllAccessors: .MultiInstanceComposite2

===========================================================================================
----------------- testing Fri Feb 28 07:08:52 UTC 2020 /home/travis/build/icyphy/ptII/ptolemy/actor/lib/hoc/test/auto/MulticoreExecution.xml
----------------- Instantiating /home/travis/build/icyphy/ptII/ptolemy/actor/lib/hoc/test/auto/MulticoreExecution.xml
Fired ExecutionTime: 2400000
Fired ExecutionTime: 3600000
Fired ExecutionTime: 2800000
Fired ExecutionTime: 2400000
Fired ExecutionTime: 12000000
Fired ExecutionTime: 16000000
Fired ExecutionTime: 110000000
Fired ExecutionTime: 71600000
Fired ExecutionTime: 108400000
Fired ExecutionTime: 108800000
Fired ExecutionTime: 108400000
Fired ExecutionTime: 109200000
Fired ExecutionTime: 108000000
Fired ExecutionTime: 109600000
Fired ExecutionTime: 104800000
Fired ExecutionTime: 115200000
Fired ExecutionTime: 112800000
Fired ExecutionTime: 112400000
Fired ExecutionTime: 103600000
Fired ExecutionTime: 110800000
1065 ms. Memory: 189440K Free: 172860K (91%)
----------------- Invoking toplevel() on ptolemy.moml.MoMLSimpleApplication@15d4ef2b
----------------- Done invoking toplevel() on ptolemy.moml.MoMLSimpleApplication@15d4ef2b
reloadAllAccessors: .MulticoreExecution

===========================================================================================
----------------- testing Fri Feb 28 07:08:53 UTC 2020 /home/travis/build/icyphy/ptII/ptolemy/actor/lib/hoc/test/auto/ParallelExecution.xml
----------------- Instantiating /home/travis/build/icyphy/ptII/ptolemy/actor/lib/hoc/test/auto/ParallelExecution.xml
913 ms. Memory: 189440K Free: 164668K (87%)
----------------- Invoking toplevel() on ptolemy.moml.MoMLSimpleApplication@743be8b1
----------------- Done invoking toplevel() on ptolemy.moml.MoMLSimpleApplication@743be8b1
reloadAllAccessors: .ParallelExecution

===========================================================================================
----------------- testing Fri Feb 28 07:08:54 UTC 2020 /home/travis/build/icyphy/ptII/ptolemy/actor/lib/hoc/test/auto/RunCompositeActor.xml
----------------- Instantiating /home/travis/build/icyphy/ptII/ptolemy/actor/lib/hoc/test/auto/RunCompositeActor.xml
10 ms. Memory: 189440K Free: 157500K (83%)
----------------- Invoking toplevel() on ptolemy.moml.MoMLSimpleApplication@525589f8
----------------- Done invoking toplevel() on ptolemy.moml.MoMLSimpleApplication@525589f8
reloadAllAccessors: .RunCompositeActor

===========================================================================================
----------------- testing Fri Feb 28 07:08:54 UTC 2020 /home/travis/build/icyphy/ptII/ptolemy/actor/lib/hoc/test/auto/RunCompositeActor2.xml
----------------- Instantiating /home/travis/build/icyphy/ptII/ptolemy/actor/lib/hoc/test/auto/RunCompositeActor2.xml
5 ms. Memory: 189440K Free: 151356K (80%)
----------------- Invoking toplevel() on ptolemy.moml.MoMLSimpleApplication@2ea75125
----------------- Done invoking toplevel() on ptolemy.moml.MoMLSimpleApplication@2ea75125
reloadAllAccessors: .RunCompositeActor2

===========================================================================================
----------------- testing Fri Feb 28 07:08:54 UTC 2020 /home/travis/build/icyphy/ptII/ptolemy/actor/lib/hoc/test/auto/RunCompositeActor3.xml
----------------- Instantiating /home/travis/build/icyphy/ptII/ptolemy/actor/lib/hoc/test/auto/RunCompositeActor3.xml
4 ms. Memory: 189440K Free: 145692K (77%)
----------------- Invoking toplevel() on ptolemy.moml.MoMLSimpleApplication@600c8b01
----------------- Done invoking toplevel() on ptolemy.moml.MoMLSimpleApplication@600c8b01
reloadAllAccessors: .RunCompositeActor3

===========================================================================================
----------------- testing Fri Feb 28 07:08:54 UTC 2020 /home/travis/build/icyphy/ptII/ptolemy/actor/lib/hoc/test/auto/RunCompositeActor4.xml
----------------- Instantiating /home/travis/build/icyphy/ptII/ptolemy/actor/lib/hoc/test/auto/RunCompositeActor4.xml
8 ms. Memory: 189440K Free: 137524K (73%)
----------------- Invoking toplevel() on ptolemy.moml.MoMLSimpleApplication@518330c3
----------------- Done invoking toplevel() on ptolemy.moml.MoMLSimpleApplication@518330c3
reloadAllAccessors: .RunCompositeActor4

===========================================================================================
----------------- testing Fri Feb 28 07:08:54 UTC 2020 /home/travis/build/icyphy/ptII/ptolemy/actor/lib/hoc/test/auto/RunCompositeIterateOverArray.xml
----------------- Instantiating /home/travis/build/icyphy/ptII/ptolemy/actor/lib/hoc/test/auto/RunCompositeIterateOverArray.xml
4 ms. Memory: 189440K Free: 131386K (69%)
----------------- Invoking toplevel() on ptolemy.moml.MoMLSimpleApplication@cf86f3
----------------- Done invoking toplevel() on ptolemy.moml.MoMLSimpleApplication@cf86f3
reloadAllAccessors: .RunCompositeIterateOverArray

===========================================================================================
----------------- testing Fri Feb 28 07:08:54 UTC 2020 /home/travis/build/icyphy/ptII/ptolemy/actor/lib/hoc/test/auto/ThreadedJS.xml
----------------- Instantiating /home/travis/build/icyphy/ptII/ptolemy/actor/lib/hoc/test/auto/ThreadedJS.xml
5498 ms. Memory: 273408K Free: 143481K (52%)
----------------- Invoking toplevel() on ptolemy.moml.MoMLSimpleApplication@1f8a5a14
----------------- Done invoking toplevel() on ptolemy.moml.MoMLSimpleApplication@1f8a5a14
reloadAllAccessors: .ThreadedJS
AutoTests.java: About to close Vertx.
AutoTests.java: Vertx closed.
]]></system-out>
  <system-err><![CDATA[java.lang.RuntimeException: Execution failed
	at ptolemy.moml.MoMLSimpleApplication$UnloadThread.run(MoMLSimpleApplication.java:402)
Caused by: ptolemy.kernel.util.IllegalActionException: initialize() was called after wrapup() was called but preinitialize() was not called after wrapup().
	at ptolemy.actor.lib.hoc.test.PreinitializeMustBeInvoked.initialize(PreinitializeMustBeInvoked.java:78)
	at ptolemy.actor.Director.initialize(Director.java:938)
	at ptolemy.actor.Director.initialize(Director.java:907)
	at ptolemy.actor.sched.StaticSchedulingDirector.initialize(StaticSchedulingDirector.java:159)
	at ptolemy.domains.sdf.kernel.SDFDirector.initialize(SDFDirector.java:544)
	at ptolemy.actor.CompositeActor.initialize(CompositeActor.java:935)
	at ptolemy.actor.lib.hoc.LifeCycleManager._executeInsideModel(LifeCycleManager.java:339)
	at ptolemy.actor.lib.hoc.RunCompositeActor.fire(RunCompositeActor.java:205)
	at ptolemy.actor.CompositeActor.iterate(CompositeActor.java:1146)
	at ptolemy.actor.sched.StaticSchedulingDirector.fire(StaticSchedulingDirector.java:216)
	at ptolemy.domains.sdf.kernel.SDFDirector.fire(SDFDirector.java:500)
	at ptolemy.actor.CompositeActor.fire(CompositeActor.java:455)
	at ptolemy.actor.Manager.iterate(Manager.java:851)
	at ptolemy.actor.Manager.execute(Manager.java:369)
	at ptolemy.actor.Manager.run(Manager.java:1263)
	at ptolemy.actor.Manager$PtolemyRunThread.run(Manager.java:1933)
java.lang.reflect.InvocationTargetException
	at java.base/jdk.internal.reflect.NativeConstructorAccessorImpl.newInstance0(Native Method)
	at java.base/jdk.internal.reflect.NativeConstructorAccessorImpl.newInstance(NativeConstructorAccessorImpl.java:62)
	at java.base/jdk.internal.reflect.DelegatingConstructorAccessorImpl.newInstance(DelegatingConstructorAccessorImpl.java:45)
	at java.base/java.lang.reflect.Constructor.newInstance(Constructor.java:490)
	at ptolemy.util.test.junit.AutoKnownFailedTests.RunModel(AutoKnownFailedTests.java:105)
	at java.base/jdk.internal.reflect.NativeMethodAccessorImpl.invoke0(Native Method)
	at java.base/jdk.internal.reflect.NativeMethodAccessorImpl.invoke(NativeMethodAccessorImpl.java:62)
	at java.base/jdk.internal.reflect.DelegatingMethodAccessorImpl.invoke(DelegatingMethodAccessorImpl.java:43)
	at java.base/java.lang.reflect.Method.invoke(Method.java:566)
	at org.junit.runners.model.FrameworkMethod$1.runReflectiveCall(FrameworkMethod.java:44)
	at org.junit.internal.runners.model.ReflectiveCallable.run(ReflectiveCallable.java:15)
	at org.junit.runners.model.FrameworkMethod.invokeExplosively(FrameworkMethod.java:41)
	at junitparams.internal.InvokeParameterisedMethod.evaluate(InvokeParameterisedMethod.java:102)
	at org.junit.internal.runners.statements.FailOnTimeout$1.run(FailOnTimeout.java:28)
Caused by: ptolemy.kernel.util.IllegalActionException: initialize() was called after wrapup() was called but preinitialize() was not called after wrapup().
	at ptolemy.actor.lib.hoc.test.PreinitializeMustBeInvoked.initialize(PreinitializeMustBeInvoked.java:78)
	at ptolemy.actor.Director.initialize(Director.java:938)
	at ptolemy.actor.Director.initialize(Director.java:907)
	at ptolemy.actor.sched.StaticSchedulingDirector.initialize(StaticSchedulingDirector.java:159)
	at ptolemy.domains.sdf.kernel.SDFDirector.initialize(SDFDirector.java:544)
	at ptolemy.actor.CompositeActor.initialize(CompositeActor.java:935)
	at ptolemy.actor.lib.hoc.LifeCycleManager._executeInsideModel(LifeCycleManager.java:339)
	at ptolemy.actor.lib.hoc.RunCompositeActor.fire(RunCompositeActor.java:205)
	at ptolemy.actor.CompositeActor.iterate(CompositeActor.java:1146)
	at ptolemy.actor.sched.StaticSchedulingDirector.fire(StaticSchedulingDirector.java:216)
	at ptolemy.domains.sdf.kernel.SDFDirector.fire(SDFDirector.java:500)
	at ptolemy.actor.CompositeActor.fire(CompositeActor.java:455)
	at ptolemy.actor.Manager.iterate(Manager.java:851)
	at ptolemy.actor.Manager.execute(Manager.java:369)
	at ptolemy.actor.Manager.run(Manager.java:1263)
	at ptolemy.actor.Manager$PtolemyRunThread.run(Manager.java:1933)
Warning: Nashorn engine is planned to be removed from a future JDK release
Warning: Nashorn engine is planned to be removed from a future JDK release
Warning: Nashorn engine is planned to be removed from a future JDK release
Warning: Nashorn engine is planned to be removed from a future JDK release
Warning: Nashorn engine is planned to be removed from a future JDK release
Warning: Nashorn engine is planned to be removed from a future JDK release
Warning: Nashorn engine is planned to be removed from a future JDK release
Warning: Nashorn engine is planned to be removed from a future JDK release
]]></system-err>
</testsuite>
