<?xml version="1.0" encoding="UTF-8" ?>
<testsuite errors="0" failures="0" hostname="travis-job-b1c07169-2dc0-4909-b8fe-648a480321be" name="ptolemy.domains.hdf.kernel.test.junit.JUnitTclTest" skipped="0" tests="39" time="6.28" timestamp="2019-07-10T05:22:36">
  <properties>
[...]
</properties>
  <testcase classname="ptolemy.util.test.junit.TclTests" name="[0] /home/travis/build/icyphy/ptII/ptolemy/domains/hdf/kernel/test/RateErrorChecking.tcl (RunTclFile)" time="0.196" />
  <testcase classname="ptolemy.util.test.junit.AutoKnownFailedTests" name="[0] /home/travis/build/icyphy/ptII/ptolemy/domains/hdf/kernel/test/auto/knownFailedTests/badFSMRateChanges.xml (RunModel)" time="0.751" />
  <testcase classname="ptolemy.util.test.junit.AutoNameArchTests" name="[0] ThereAreNoAutoArchTests (RunModel)" time="0.002" />
  <testcase classname="ptolemy.util.test.junit.AutoTests" name="[0] /home/travis/build/icyphy/ptII/ptolemy/domains/hdf/kernel/test/auto/ConstVariableRateTest.xml (RunModel)" time="0.342" />
  <testcase classname="ptolemy.util.test.junit.AutoTests" name="[1] /home/travis/build/icyphy/ptII/ptolemy/domains/hdf/kernel/test/auto/DifferentRefinedRates.xml (RunModel)" time="0.155" />
  <testcase classname="ptolemy.util.test.junit.AutoTests" name="[2] /home/travis/build/icyphy/ptII/ptolemy/domains/hdf/kernel/test/auto/DifferentRefinedRates2.xml (RunModel)" time="0.178" />
  <testcase classname="ptolemy.util.test.junit.AutoTests" name="[3] /home/travis/build/icyphy/ptII/ptolemy/domains/hdf/kernel/test/auto/DifferentRefinedRates3.xml (RunModel)" time="0.144" />
  <testcase classname="ptolemy.util.test.junit.AutoTests" name="[4] /home/travis/build/icyphy/ptII/ptolemy/domains/hdf/kernel/test/auto/DifferentRefinedRates4.xml (RunModel)" time="0.199" />
  <testcase classname="ptolemy.util.test.junit.AutoTests" name="[5] /home/travis/build/icyphy/ptII/ptolemy/domains/hdf/kernel/test/auto/DifferentRefinedRates5.xml (RunModel)" time="0.116" />
  <testcase classname="ptolemy.util.test.junit.AutoTests" name="[6] /home/travis/build/icyphy/ptII/ptolemy/domains/hdf/kernel/test/auto/DifferentRefinedRates6.xml (RunModel)" time="0.061" />
  <testcase classname="ptolemy.util.test.junit.AutoTests" name="[7] /home/travis/build/icyphy/ptII/ptolemy/domains/hdf/kernel/test/auto/DownSample_PowerOfTwo.xml (RunModel)" time="0.247" />
  <testcase classname="ptolemy.util.test.junit.AutoTests" name="[8] /home/travis/build/icyphy/ptII/ptolemy/domains/hdf/kernel/test/auto/FibonacciWithNullInitial.xml (RunModel)" time="0.178" />
  <testcase classname="ptolemy.util.test.junit.AutoTests" name="[9] /home/travis/build/icyphy/ptII/ptolemy/domains/hdf/kernel/test/auto/FibonacciWithNullInitial1.xml (RunModel)" time="0.235" />
  <testcase classname="ptolemy.util.test.junit.AutoTests" name="[10] /home/travis/build/icyphy/ptII/ptolemy/domains/hdf/kernel/test/auto/FibonacciWithTransientStates.xml (RunModel)" time="0.161" />
  <testcase classname="ptolemy.util.test.junit.AutoTests" name="[11] /home/travis/build/icyphy/ptII/ptolemy/domains/hdf/kernel/test/auto/FibonacciWithTransientStates2.xml (RunModel)" time="0.067" />
  <testcase classname="ptolemy.util.test.junit.AutoTests" name="[12] /home/travis/build/icyphy/ptII/ptolemy/domains/hdf/kernel/test/auto/FibonacciWithoutHistoryInitial.xml (RunModel)" time="0.134" />
  <testcase classname="ptolemy.util.test.junit.AutoTests" name="[13] /home/travis/build/icyphy/ptII/ptolemy/domains/hdf/kernel/test/auto/GuardUsingPastTokens.xml (RunModel)" time="0.061" />
  <testcase classname="ptolemy.util.test.junit.AutoTests" name="[14] /home/travis/build/icyphy/ptII/ptolemy/domains/hdf/kernel/test/auto/GuardWithResets.xml (RunModel)" time="0.099" />
  <testcase classname="ptolemy.util.test.junit.AutoTests" name="[15] /home/travis/build/icyphy/ptII/ptolemy/domains/hdf/kernel/test/auto/Hierarchy_2Level_Test1.xml (RunModel)" time="0.093" />
  <testcase classname="ptolemy.util.test.junit.AutoTests" name="[16] /home/travis/build/icyphy/ptII/ptolemy/domains/hdf/kernel/test/auto/Hierarchy_2Level_Test2.xml (RunModel)" time="0.09" />
  <testcase classname="ptolemy.util.test.junit.AutoTests" name="[17] /home/travis/build/icyphy/ptII/ptolemy/domains/hdf/kernel/test/auto/Hysteresis.xml (RunModel)" time="0.057" />
  <testcase classname="ptolemy.util.test.junit.AutoTests" name="[18] /home/travis/build/icyphy/ptII/ptolemy/domains/hdf/kernel/test/auto/InitTransient.xml (RunModel)" time="0.092" />
  <testcase classname="ptolemy.util.test.junit.AutoTests" name="[19] /home/travis/build/icyphy/ptII/ptolemy/domains/hdf/kernel/test/auto/Merge.xml (RunModel)" time="0.089" />
  <testcase classname="ptolemy.util.test.junit.AutoTests" name="[20] /home/travis/build/icyphy/ptII/ptolemy/domains/hdf/kernel/test/auto/ModalModelBooleanSwitch.xml (RunModel)" time="0.114" />
  <testcase classname="ptolemy.util.test.junit.AutoTests" name="[21] /home/travis/build/icyphy/ptII/ptolemy/domains/hdf/kernel/test/auto/SameRates.xml (RunModel)" time="0.076" />
  <testcase classname="ptolemy.util.test.junit.AutoTests" name="[22] /home/travis/build/icyphy/ptII/ptolemy/domains/hdf/kernel/test/auto/SameRefinedRates.xml (RunModel)" time="0.049" />
  <testcase classname="ptolemy.util.test.junit.AutoTests" name="[23] /home/travis/build/icyphy/ptII/ptolemy/domains/hdf/kernel/test/auto/SameRefinedRates2.xml (RunModel)" time="0.062" />
  <testcase classname="ptolemy.util.test.junit.AutoTests" name="[24] /home/travis/build/icyphy/ptII/ptolemy/domains/hdf/kernel/test/auto/TransientStates.xml (RunModel)" time="0.08" />
  <testcase classname="ptolemy.util.test.junit.AutoTests" name="[25] /home/travis/build/icyphy/ptII/ptolemy/domains/hdf/kernel/test/auto/TwoHammingCodec.xml (RunModel)" time="0.095" />
  <testcase classname="ptolemy.util.test.junit.AutoTests" name="[26] /home/travis/build/icyphy/ptII/ptolemy/domains/hdf/kernel/test/auto/TwoHammingCodec1.xml (RunModel)" time="0.09" />
  <testcase classname="ptolemy.util.test.junit.AutoTests" name="[27] /home/travis/build/icyphy/ptII/ptolemy/domains/hdf/kernel/test/auto/TwoLevelHierarchy.xml (RunModel)" time="0.179" />
  <testcase classname="ptolemy.util.test.junit.AutoTests" name="[28] /home/travis/build/icyphy/ptII/ptolemy/domains/hdf/kernel/test/auto/TwoLevelHierarchy1.xml (RunModel)" time="0.156" />
  <testcase classname="ptolemy.util.test.junit.AutoTests" name="[29] /home/travis/build/icyphy/ptII/ptolemy/domains/hdf/kernel/test/auto/TwoLevelHierarchy2.xml (RunModel)" time="0.144" />
  <testcase classname="ptolemy.util.test.junit.AutoTests" name="[30] /home/travis/build/icyphy/ptII/ptolemy/domains/hdf/kernel/test/auto/TwoLevelHierarchyNullStates.xml (RunModel)" time="0.184" />
  <testcase classname="ptolemy.util.test.junit.AutoTests" name="[31] /home/travis/build/icyphy/ptII/ptolemy/domains/hdf/kernel/test/auto/TwoLevelHierarchyWithResets.xml (RunModel)" time="0.185" />
  <testcase classname="ptolemy.util.test.junit.AutoTests" name="[32] /home/travis/build/icyphy/ptII/ptolemy/domains/hdf/kernel/test/auto/TwoLevelHierarchyWithResetsNullStates.xml (RunModel)" time="0.196" />
  <testcase classname="ptolemy.util.test.junit.AutoTests" name="[33] /home/travis/build/icyphy/ptII/ptolemy/domains/hdf/kernel/test/auto/WaterTank_HDF.xml (RunModel)" time="0.147" />
  <testcase classname="ptolemy.util.test.junit.AutoTests" name="[34] /home/travis/build/icyphy/ptII/ptolemy/domains/hdf/kernel/test/auto/WaterTank_HDF2.xml (RunModel)" time="0.137" />
  <testcase classname="ptolemy.util.test.junit.AutoTests" name="[35] /home/travis/build/icyphy/ptII/ptolemy/domains/hdf/kernel/test/auto/badFSMRateChanges.xml (RunModel)" time="0.057" />
  <system-out><![CDATA[/home/travis/build/icyphy/ptII/ptolemy/domains/hdf/kernel/test/RateErrorChecking.tcl
testDefs.tcl: setting time out to 9000 seconds at Wed Jul 10 05:22:36 UTC 2019


==== $PTII/ptolemy/domains/hdf/kernel/test/RateErrorChecking.tcl: RateErrorChecking-1.0 
==== Contents of test case:

    catch {createAndExecute "badFSMRateChanges.xml"} foo
    list $foo

==== Result was:
{java.io.FileNotFoundException: /home/travis/build/icyphy/ptII/ptolemy/domains/hdf/kernel/test/badFSMRateChanges.xml (No such file or directory)}
---- KNOWN Failure, Result should have been:
{ptolemy.kernel.util.IllegalActionException: Failed to compute schedule:
  in .badFSMRateChanges.SDF Director
Because:
The SDF rate parameter may change. This is not allowed in SDF models that will be run through the code generator.  If you don't care about code generation, then you might consider setting the allowRateChanges parameter of the SDF director to false.
    in .badFSMRateChanges.typed composite actor.output.tokenProductionRate}
---- RateErrorChecking-1.0 Failed, but this is a KNOWN failure
07/10/19 05:22:36
Failed: 0  Total Tests: 1  ((Passed: 0, Newly Passed: 0)  Known Failed: 1) /home/travis/build/icyphy/ptII/ptolemy/domains/hdf/kernel/test
----------------- testing (KnownFailure) /home/travis/build/icyphy/ptII/ptolemy/domains/hdf/kernel/test/auto/knownFailedTests/badFSMRateChanges.xml
248 ms. Memory: 120832K Free: 97701K (81%)
No auto/linux-amd64/*.xml tests in /home/travis/build/icyphy/ptII/ptolemy/domains/hdf/kernel/test
AutoTests.java: About to close Vertx.
AutoTests.java: Vertx closed.

===========================================================================================
----------------- testing Wed Jul 10 05:22:37 UTC 2019 /home/travis/build/icyphy/ptII/ptolemy/domains/hdf/kernel/test/auto/ConstVariableRateTest.xml
----------------- Instantiating /home/travis/build/icyphy/ptII/ptolemy/domains/hdf/kernel/test/auto/ConstVariableRateTest.xml
100 ms. Memory: 168960K Free: 136028K (81%)
----------------- Invoking toplevel() on ptolemy.moml.MoMLSimpleApplication@5630340b
----------------- Done invoking toplevel() on ptolemy.moml.MoMLSimpleApplication@5630340b
reloadAllAccessors: .ConstVariableRateTest

===========================================================================================
----------------- testing Wed Jul 10 05:22:37 UTC 2019 /home/travis/build/icyphy/ptII/ptolemy/domains/hdf/kernel/test/auto/DifferentRefinedRates.xml
----------------- Instantiating /home/travis/build/icyphy/ptII/ptolemy/domains/hdf/kernel/test/auto/DifferentRefinedRates.xml
68 ms. Memory: 168960K Free: 152799K (90%)
----------------- Invoking toplevel() on ptolemy.moml.MoMLSimpleApplication@5f853714
----------------- Done invoking toplevel() on ptolemy.moml.MoMLSimpleApplication@5f853714
reloadAllAccessors: .DifferentRefinedRates

===========================================================================================
----------------- testing Wed Jul 10 05:22:38 UTC 2019 /home/travis/build/icyphy/ptII/ptolemy/domains/hdf/kernel/test/auto/DifferentRefinedRates2.xml
----------------- Instantiating /home/travis/build/icyphy/ptII/ptolemy/domains/hdf/kernel/test/auto/DifferentRefinedRates2.xml
60 ms. Memory: 168960K Free: 138845K (82%)
----------------- Invoking toplevel() on ptolemy.moml.MoMLSimpleApplication@3aca7343
----------------- Done invoking toplevel() on ptolemy.moml.MoMLSimpleApplication@3aca7343
reloadAllAccessors: .DifferentRefinedRates2

===========================================================================================
----------------- testing Wed Jul 10 05:22:38 UTC 2019 /home/travis/build/icyphy/ptII/ptolemy/domains/hdf/kernel/test/auto/DifferentRefinedRates3.xml
----------------- Instantiating /home/travis/build/icyphy/ptII/ptolemy/domains/hdf/kernel/test/auto/DifferentRefinedRates3.xml
51 ms. Memory: 168960K Free: 128329K (76%)
----------------- Invoking toplevel() on ptolemy.moml.MoMLSimpleApplication@77aaae37
----------------- Done invoking toplevel() on ptolemy.moml.MoMLSimpleApplication@77aaae37
reloadAllAccessors: .DifferentRefinedRates3

===========================================================================================
----------------- testing Wed Jul 10 05:22:38 UTC 2019 /home/travis/build/icyphy/ptII/ptolemy/domains/hdf/kernel/test/auto/DifferentRefinedRates4.xml
----------------- Instantiating /home/travis/build/icyphy/ptII/ptolemy/domains/hdf/kernel/test/auto/DifferentRefinedRates4.xml
79 ms. Memory: 168960K Free: 112498K (67%)
----------------- Invoking toplevel() on ptolemy.moml.MoMLSimpleApplication@2117d53d
----------------- Done invoking toplevel() on ptolemy.moml.MoMLSimpleApplication@2117d53d
reloadAllAccessors: .NewHDFtest1

===========================================================================================
----------------- testing Wed Jul 10 05:22:38 UTC 2019 /home/travis/build/icyphy/ptII/ptolemy/domains/hdf/kernel/test/auto/DifferentRefinedRates5.xml
----------------- Instantiating /home/travis/build/icyphy/ptII/ptolemy/domains/hdf/kernel/test/auto/DifferentRefinedRates5.xml
26 ms. Memory: 168960K Free: 144198K (85%)
----------------- Invoking toplevel() on ptolemy.moml.MoMLSimpleApplication@5d5dae98
----------------- Done invoking toplevel() on ptolemy.moml.MoMLSimpleApplication@5d5dae98
reloadAllAccessors: .NewHDFtest2

===========================================================================================
----------------- testing Wed Jul 10 05:22:38 UTC 2019 /home/travis/build/icyphy/ptII/ptolemy/domains/hdf/kernel/test/auto/DifferentRefinedRates6.xml
----------------- Instantiating /home/travis/build/icyphy/ptII/ptolemy/domains/hdf/kernel/test/auto/DifferentRefinedRates6.xml
24 ms. Memory: 168960K Free: 130879K (77%)
----------------- Invoking toplevel() on ptolemy.moml.MoMLSimpleApplication@10e7cca6
----------------- Done invoking toplevel() on ptolemy.moml.MoMLSimpleApplication@10e7cca6
reloadAllAccessors: .DifferentRefinedRates6

===========================================================================================
----------------- testing Wed Jul 10 05:22:38 UTC 2019 /home/travis/build/icyphy/ptII/ptolemy/domains/hdf/kernel/test/auto/DownSample_PowerOfTwo.xml
----------------- Instantiating /home/travis/build/icyphy/ptII/ptolemy/domains/hdf/kernel/test/auto/DownSample_PowerOfTwo.xml
217 ms. Memory: 168960K Free: 105301K (62%)
----------------- Invoking toplevel() on ptolemy.moml.MoMLSimpleApplication@1cfba289
----------------- Done invoking toplevel() on ptolemy.moml.MoMLSimpleApplication@1cfba289
reloadAllAccessors: .SDFDownSample

===========================================================================================
----------------- testing Wed Jul 10 05:22:38 UTC 2019 /home/travis/build/icyphy/ptII/ptolemy/domains/hdf/kernel/test/auto/FibonacciWithNullInitial.xml
----------------- Instantiating /home/travis/build/icyphy/ptII/ptolemy/domains/hdf/kernel/test/auto/FibonacciWithNullInitial.xml
132 ms. Memory: 168960K Free: 81749K (48%)
----------------- Invoking toplevel() on ptolemy.moml.MoMLSimpleApplication@40289e53
----------------- Done invoking toplevel() on ptolemy.moml.MoMLSimpleApplication@40289e53
reloadAllAccessors: .FibonacciWithNullInitial

===========================================================================================
----------------- testing Wed Jul 10 05:22:39 UTC 2019 /home/travis/build/icyphy/ptII/ptolemy/domains/hdf/kernel/test/auto/FibonacciWithNullInitial1.xml
----------------- Instantiating /home/travis/build/icyphy/ptII/ptolemy/domains/hdf/kernel/test/auto/FibonacciWithNullInitial1.xml
172 ms. Memory: 168960K Free: 58197K (34%)
----------------- Invoking toplevel() on ptolemy.moml.MoMLSimpleApplication@25a624ae
----------------- Done invoking toplevel() on ptolemy.moml.MoMLSimpleApplication@25a624ae
reloadAllAccessors: .FibonacciWithNullInitial1

===========================================================================================
----------------- testing Wed Jul 10 05:22:39 UTC 2019 /home/travis/build/icyphy/ptII/ptolemy/domains/hdf/kernel/test/auto/FibonacciWithTransientStates.xml
----------------- Instantiating /home/travis/build/icyphy/ptII/ptolemy/domains/hdf/kernel/test/auto/FibonacciWithTransientStates.xml
114 ms. Memory: 168960K Free: 128403K (76%)
----------------- Invoking toplevel() on ptolemy.moml.MoMLSimpleApplication@4ed89ea2
----------------- Done invoking toplevel() on ptolemy.moml.MoMLSimpleApplication@4ed89ea2
reloadAllAccessors: .FibonacciWithTransientStates

===========================================================================================
----------------- testing Wed Jul 10 05:22:39 UTC 2019 /home/travis/build/icyphy/ptII/ptolemy/domains/hdf/kernel/test/auto/FibonacciWithTransientStates2.xml
----------------- Instantiating /home/travis/build/icyphy/ptII/ptolemy/domains/hdf/kernel/test/auto/FibonacciWithTransientStates2.xml
28 ms. Memory: 168960K Free: 106899K (63%)
----------------- Invoking toplevel() on ptolemy.moml.MoMLSimpleApplication@7955a2e3
----------------- Done invoking toplevel() on ptolemy.moml.MoMLSimpleApplication@7955a2e3
reloadAllAccessors: .FibonacciWithTransientStates2

===========================================================================================
----------------- testing Wed Jul 10 05:22:39 UTC 2019 /home/travis/build/icyphy/ptII/ptolemy/domains/hdf/kernel/test/auto/FibonacciWithoutHistoryInitial.xml
----------------- Instantiating /home/travis/build/icyphy/ptII/ptolemy/domains/hdf/kernel/test/auto/FibonacciWithoutHistoryInitial.xml
104 ms. Memory: 168960K Free: 84899K (50%)
----------------- Invoking toplevel() on ptolemy.moml.MoMLSimpleApplication@69f205e1
----------------- Done invoking toplevel() on ptolemy.moml.MoMLSimpleApplication@69f205e1
reloadAllAccessors: .FibonacciWithoutHistoryInitial

===========================================================================================
----------------- testing Wed Jul 10 05:22:39 UTC 2019 /home/travis/build/icyphy/ptII/ptolemy/domains/hdf/kernel/test/auto/GuardUsingPastTokens.xml
----------------- Instantiating /home/travis/build/icyphy/ptII/ptolemy/domains/hdf/kernel/test/auto/GuardUsingPastTokens.xml
21 ms. Memory: 168960K Free: 70049K (41%)
----------------- Invoking toplevel() on ptolemy.moml.MoMLSimpleApplication@3ef9e375
----------------- Done invoking toplevel() on ptolemy.moml.MoMLSimpleApplication@3ef9e375
reloadAllAccessors: .GuardUsingPastTokens

===========================================================================================
----------------- testing Wed Jul 10 05:22:39 UTC 2019 /home/travis/build/icyphy/ptII/ptolemy/domains/hdf/kernel/test/auto/GuardWithResets.xml
----------------- Instantiating /home/travis/build/icyphy/ptII/ptolemy/domains/hdf/kernel/test/auto/GuardWithResets.xml
46 ms. Memory: 210944K Free: 193868K (92%)
----------------- Invoking toplevel() on ptolemy.moml.MoMLSimpleApplication@3f9cf1ad
----------------- Done invoking toplevel() on ptolemy.moml.MoMLSimpleApplication@3f9cf1ad
reloadAllAccessors: .GuardWithResets

===========================================================================================
----------------- testing Wed Jul 10 05:22:39 UTC 2019 /home/travis/build/icyphy/ptII/ptolemy/domains/hdf/kernel/test/auto/Hierarchy_2Level_Test1.xml
----------------- Instantiating /home/travis/build/icyphy/ptII/ptolemy/domains/hdf/kernel/test/auto/Hierarchy_2Level_Test1.xml
37 ms. Memory: 210944K Free: 175436K (83%)
----------------- Invoking toplevel() on ptolemy.moml.MoMLSimpleApplication@79dff18b
----------------- Done invoking toplevel() on ptolemy.moml.MoMLSimpleApplication@79dff18b
reloadAllAccessors: .Hierarchy_2Level_Test1

===========================================================================================
----------------- testing Wed Jul 10 05:22:40 UTC 2019 /home/travis/build/icyphy/ptII/ptolemy/domains/hdf/kernel/test/auto/Hierarchy_2Level_Test2.xml
----------------- Instantiating /home/travis/build/icyphy/ptII/ptolemy/domains/hdf/kernel/test/auto/Hierarchy_2Level_Test2.xml
34 ms. Memory: 210944K Free: 157514K (75%)
----------------- Invoking toplevel() on ptolemy.moml.MoMLSimpleApplication@20eb544
----------------- Done invoking toplevel() on ptolemy.moml.MoMLSimpleApplication@20eb544
reloadAllAccessors: .Hierarchy_4Level_Test2

===========================================================================================
----------------- testing Wed Jul 10 05:22:40 UTC 2019 /home/travis/build/icyphy/ptII/ptolemy/domains/hdf/kernel/test/auto/Hysteresis.xml
----------------- Instantiating /home/travis/build/icyphy/ptII/ptolemy/domains/hdf/kernel/test/auto/Hysteresis.xml
19 ms. Memory: 210944K Free: 146236K (69%)
----------------- Invoking toplevel() on ptolemy.moml.MoMLSimpleApplication@3261175
----------------- Done invoking toplevel() on ptolemy.moml.MoMLSimpleApplication@3261175
reloadAllAccessors: .Hysteresis

===========================================================================================
----------------- testing Wed Jul 10 05:22:40 UTC 2019 /home/travis/build/icyphy/ptII/ptolemy/domains/hdf/kernel/test/auto/InitTransient.xml
----------------- Instantiating /home/travis/build/icyphy/ptII/ptolemy/domains/hdf/kernel/test/auto/InitTransient.xml
25 ms. Memory: 210944K Free: 126794K (60%)
----------------- Invoking toplevel() on ptolemy.moml.MoMLSimpleApplication@42d54c68
----------------- Done invoking toplevel() on ptolemy.moml.MoMLSimpleApplication@42d54c68
reloadAllAccessors: .InitTransient

===========================================================================================
----------------- testing Wed Jul 10 05:22:40 UTC 2019 /home/travis/build/icyphy/ptII/ptolemy/domains/hdf/kernel/test/auto/Merge.xml
----------------- Instantiating /home/travis/build/icyphy/ptII/ptolemy/domains/hdf/kernel/test/auto/Merge.xml
30 ms. Memory: 210944K Free: 109386K (52%)
----------------- Invoking toplevel() on ptolemy.moml.MoMLSimpleApplication@6eb60849
----------------- Done invoking toplevel() on ptolemy.moml.MoMLSimpleApplication@6eb60849
reloadAllAccessors: .Merge

===========================================================================================
----------------- testing Wed Jul 10 05:22:40 UTC 2019 /home/travis/build/icyphy/ptII/ptolemy/domains/hdf/kernel/test/auto/ModalModelBooleanSwitch.xml
----------------- Instantiating /home/travis/build/icyphy/ptII/ptolemy/domains/hdf/kernel/test/auto/ModalModelBooleanSwitch.xml
46 ms. Memory: 210944K Free: 90444K (43%)
----------------- Invoking toplevel() on ptolemy.moml.MoMLSimpleApplication@90c3040
----------------- Done invoking toplevel() on ptolemy.moml.MoMLSimpleApplication@90c3040
reloadAllAccessors: .BooleanSwitchWithModel

===========================================================================================
----------------- testing Wed Jul 10 05:22:40 UTC 2019 /home/travis/build/icyphy/ptII/ptolemy/domains/hdf/kernel/test/auto/SameRates.xml
----------------- Instantiating /home/travis/build/icyphy/ptII/ptolemy/domains/hdf/kernel/test/auto/SameRates.xml
35 ms. Memory: 210944K Free: 197426K (94%)
----------------- Invoking toplevel() on ptolemy.moml.MoMLSimpleApplication@2d2949d7
----------------- Done invoking toplevel() on ptolemy.moml.MoMLSimpleApplication@2d2949d7
reloadAllAccessors: .SameRates

===========================================================================================
----------------- testing Wed Jul 10 05:22:40 UTC 2019 /home/travis/build/icyphy/ptII/ptolemy/domains/hdf/kernel/test/auto/SameRefinedRates.xml
----------------- Instantiating /home/travis/build/icyphy/ptII/ptolemy/domains/hdf/kernel/test/auto/SameRefinedRates.xml
13 ms. Memory: 210944K Free: 184271K (87%)
----------------- Invoking toplevel() on ptolemy.moml.MoMLSimpleApplication@b56ca3c
----------------- Done invoking toplevel() on ptolemy.moml.MoMLSimpleApplication@b56ca3c
reloadAllAccessors: .SameRefinedRates

===========================================================================================
----------------- testing Wed Jul 10 05:22:40 UTC 2019 /home/travis/build/icyphy/ptII/ptolemy/domains/hdf/kernel/test/auto/SameRefinedRates2.xml
----------------- Instantiating /home/travis/build/icyphy/ptII/ptolemy/domains/hdf/kernel/test/auto/SameRefinedRates2.xml
20 ms. Memory: 210944K Free: 169425K (80%)
----------------- Invoking toplevel() on ptolemy.moml.MoMLSimpleApplication@32de4bd7
----------------- Done invoking toplevel() on ptolemy.moml.MoMLSimpleApplication@32de4bd7
reloadAllAccessors: .SameRefinedRates2

===========================================================================================
----------------- testing Wed Jul 10 05:22:40 UTC 2019 /home/travis/build/icyphy/ptII/ptolemy/domains/hdf/kernel/test/auto/TransientStates.xml
----------------- Instantiating /home/travis/build/icyphy/ptII/ptolemy/domains/hdf/kernel/test/auto/TransientStates.xml
29 ms. Memory: 210944K Free: 150465K (71%)
----------------- Invoking toplevel() on ptolemy.moml.MoMLSimpleApplication@3c16b8f1
----------------- Done invoking toplevel() on ptolemy.moml.MoMLSimpleApplication@3c16b8f1
reloadAllAccessors: .TransientStates

===========================================================================================
----------------- testing Wed Jul 10 05:22:40 UTC 2019 /home/travis/build/icyphy/ptII/ptolemy/domains/hdf/kernel/test/auto/TwoHammingCodec.xml
----------------- Instantiating /home/travis/build/icyphy/ptII/ptolemy/domains/hdf/kernel/test/auto/TwoHammingCodec.xml
41 ms. Memory: 210944K Free: 130513K (62%)
----------------- Invoking toplevel() on ptolemy.moml.MoMLSimpleApplication@267f873e
----------------- Done invoking toplevel() on ptolemy.moml.MoMLSimpleApplication@267f873e
reloadAllAccessors: .TwoHammingCodec

===========================================================================================
----------------- testing Wed Jul 10 05:22:40 UTC 2019 /home/travis/build/icyphy/ptII/ptolemy/domains/hdf/kernel/test/auto/TwoHammingCodec1.xml
----------------- Instantiating /home/travis/build/icyphy/ptII/ptolemy/domains/hdf/kernel/test/auto/TwoHammingCodec1.xml
41 ms. Memory: 210944K Free: 106961K (51%)
----------------- Invoking toplevel() on ptolemy.moml.MoMLSimpleApplication@52540055
----------------- Done invoking toplevel() on ptolemy.moml.MoMLSimpleApplication@52540055
reloadAllAccessors: .twoHammingCodec1

===========================================================================================
----------------- testing Wed Jul 10 05:22:40 UTC 2019 /home/travis/build/icyphy/ptII/ptolemy/domains/hdf/kernel/test/auto/TwoLevelHierarchy.xml
----------------- Instantiating /home/travis/build/icyphy/ptII/ptolemy/domains/hdf/kernel/test/auto/TwoLevelHierarchy.xml
73 ms. Memory: 210944K Free: 187067K (89%)
----------------- Invoking toplevel() on ptolemy.moml.MoMLSimpleApplication@213b977
----------------- Done invoking toplevel() on ptolemy.moml.MoMLSimpleApplication@213b977
reloadAllAccessors: .TwoLevelHierarchy

===========================================================================================
----------------- testing Wed Jul 10 05:22:41 UTC 2019 /home/travis/build/icyphy/ptII/ptolemy/domains/hdf/kernel/test/auto/TwoLevelHierarchy1.xml
----------------- Instantiating /home/travis/build/icyphy/ptII/ptolemy/domains/hdf/kernel/test/auto/TwoLevelHierarchy1.xml
58 ms. Memory: 210944K Free: 143818K (68%)
----------------- Invoking toplevel() on ptolemy.moml.MoMLSimpleApplication@4905ab52
----------------- Done invoking toplevel() on ptolemy.moml.MoMLSimpleApplication@4905ab52
reloadAllAccessors: .TwoLevelHierarchy1

===========================================================================================
----------------- testing Wed Jul 10 05:22:41 UTC 2019 /home/travis/build/icyphy/ptII/ptolemy/domains/hdf/kernel/test/auto/TwoLevelHierarchy2.xml
----------------- Instantiating /home/travis/build/icyphy/ptII/ptolemy/domains/hdf/kernel/test/auto/TwoLevelHierarchy2.xml
40 ms. Memory: 210944K Free: 109530K (52%)
----------------- Invoking toplevel() on ptolemy.moml.MoMLSimpleApplication@3dfd2fc8
----------------- Done invoking toplevel() on ptolemy.moml.MoMLSimpleApplication@3dfd2fc8
reloadAllAccessors: .TwoLevelHierarchy2

===========================================================================================
----------------- testing Wed Jul 10 05:22:41 UTC 2019 /home/travis/build/icyphy/ptII/ptolemy/domains/hdf/kernel/test/auto/TwoLevelHierarchyNullStates.xml
----------------- Instantiating /home/travis/build/icyphy/ptII/ptolemy/domains/hdf/kernel/test/auto/TwoLevelHierarchyNullStates.xml
53 ms. Memory: 210944K Free: 183203K (87%)
----------------- Invoking toplevel() on ptolemy.moml.MoMLSimpleApplication@7ed696d3
----------------- Done invoking toplevel() on ptolemy.moml.MoMLSimpleApplication@7ed696d3
reloadAllAccessors: .TwoLevelHierarchyNullStates

===========================================================================================
----------------- testing Wed Jul 10 05:22:41 UTC 2019 /home/travis/build/icyphy/ptII/ptolemy/domains/hdf/kernel/test/auto/TwoLevelHierarchyWithResets.xml
----------------- Instantiating /home/travis/build/icyphy/ptII/ptolemy/domains/hdf/kernel/test/auto/TwoLevelHierarchyWithResets.xml
78 ms. Memory: 210944K Free: 138147K (65%)
----------------- Invoking toplevel() on ptolemy.moml.MoMLSimpleApplication@4e47090a
----------------- Done invoking toplevel() on ptolemy.moml.MoMLSimpleApplication@4e47090a
reloadAllAccessors: .TwoLevelHierarchy1

===========================================================================================
----------------- testing Wed Jul 10 05:22:41 UTC 2019 /home/travis/build/icyphy/ptII/ptolemy/domains/hdf/kernel/test/auto/TwoLevelHierarchyWithResetsNullStates.xml
----------------- Instantiating /home/travis/build/icyphy/ptII/ptolemy/domains/hdf/kernel/test/auto/TwoLevelHierarchyWithResetsNullStates.xml
76 ms. Memory: 210944K Free: 79251K (38%)
----------------- Invoking toplevel() on ptolemy.moml.MoMLSimpleApplication@4950b33c
----------------- Done invoking toplevel() on ptolemy.moml.MoMLSimpleApplication@4950b33c
reloadAllAccessors: .TwoLevelHierarchyWithResetsNullStates

===========================================================================================
----------------- testing Wed Jul 10 05:22:41 UTC 2019 /home/travis/build/icyphy/ptII/ptolemy/domains/hdf/kernel/test/auto/WaterTank_HDF.xml
----------------- Instantiating /home/travis/build/icyphy/ptII/ptolemy/domains/hdf/kernel/test/auto/WaterTank_HDF.xml
61 ms. Memory: 253952K Free: 216467K (85%)
----------------- Invoking toplevel() on ptolemy.moml.MoMLSimpleApplication@45c1413e
----------------- Done invoking toplevel() on ptolemy.moml.MoMLSimpleApplication@45c1413e
reloadAllAccessors: .WaterTank_HDF

===========================================================================================
----------------- testing Wed Jul 10 05:22:42 UTC 2019 /home/travis/build/icyphy/ptII/ptolemy/domains/hdf/kernel/test/auto/WaterTank_HDF2.xml
----------------- Instantiating /home/travis/build/icyphy/ptII/ptolemy/domains/hdf/kernel/test/auto/WaterTank_HDF2.xml
47 ms. Memory: 253952K Free: 184227K (73%)
----------------- Invoking toplevel() on ptolemy.moml.MoMLSimpleApplication@3d840095
----------------- Done invoking toplevel() on ptolemy.moml.MoMLSimpleApplication@3d840095
reloadAllAccessors: .WaterTank_HDF2

===========================================================================================
----------------- testing Wed Jul 10 05:22:42 UTC 2019 /home/travis/build/icyphy/ptII/ptolemy/domains/hdf/kernel/test/auto/badFSMRateChanges.xml
----------------- Instantiating /home/travis/build/icyphy/ptII/ptolemy/domains/hdf/kernel/test/auto/badFSMRateChanges.xml
14 ms. Memory: 253952K Free: 169891K (67%)
----------------- Invoking toplevel() on ptolemy.moml.MoMLSimpleApplication@4693732e
----------------- Done invoking toplevel() on ptolemy.moml.MoMLSimpleApplication@4693732e
reloadAllAccessors: .badFSMRateChanges
AutoTests.java: About to close Vertx.
AutoTests.java: Vertx closed.
]]></system-out>
  <system-err><![CDATA[]]></system-err>
</testsuite>
