<?xml version="1.0" encoding="UTF-8" ?>
<testsuite errors="0" failures="0" hostname="travis-job-417dcd1f-3bb4-48fa-b0b8-6a916e107474" name="ptolemy.domains.de.test.junit.JUnitTclTest" skipped="0" tests="101" time="121.65" timestamp="2020-07-04T14:56:59">
  <properties>
[...]
</properties>
  <testcase classname="ptolemy.util.test.junit.TclTests" name="[0] /home/travis/build/icyphy/ptII/ptolemy/domains/de/test/DependencyLoop.tcl (RunTclFile)" time="0.998" />
  <testcase classname="ptolemy.util.test.junit.TclTests" name="[1] /home/travis/build/icyphy/ptII/ptolemy/domains/de/test/RunDETestsAsQSS.tcl (RunTclFile)" time="82.059" />
  <testcase classname="ptolemy.util.test.junit.AutoKnownFailedTests" name="[0] /home/travis/build/icyphy/ptII/ptolemy/domains/de/test/auto/knownFailedTests/DESDFClockTest.xml (RunModel)" time="2.051" />
  <testcase classname="ptolemy.util.test.junit.AutoKnownFailedTests" name="[1] /home/travis/build/icyphy/ptII/ptolemy/domains/de/test/auto/knownFailedTests/DirectFeedback.xml (RunModel)" time="0.026" />
  <testcase classname="ptolemy.util.test.junit.AutoKnownFailedTests" name="[2] /home/travis/build/icyphy/ptII/ptolemy/domains/de/test/auto/knownFailedTests/FSMSource.xml (RunModel)" time="0.036" />
  <testcase classname="ptolemy.util.test.junit.AutoKnownFailedTests" name="[3] /home/travis/build/icyphy/ptII/ptolemy/domains/de/test/auto/knownFailedTests/HierarchicalModel.xml (RunModel)" time="0.06" />
  <testcase classname="ptolemy.util.test.junit.AutoKnownFailedTests" name="[4] /home/travis/build/icyphy/ptII/ptolemy/domains/de/test/auto/knownFailedTests/dependencyLoop.xml (RunModel)" time="0.043" />
  <testcase classname="ptolemy.util.test.junit.AutoKnownFailedTests" name="[5] /home/travis/build/icyphy/ptII/ptolemy/domains/de/test/auto/knownFailedTests/dependencyLoop2.xml (RunModel)" time="0.041" />
  <testcase classname="ptolemy.util.test.junit.AutoNameArchTests" name="[0] ThereAreNoAutoArchTests (RunModel)" time="0.004" />
  <testcase classname="ptolemy.util.test.junit.AutoTests" name="[0] /home/travis/build/icyphy/ptII/ptolemy/domains/de/test/auto/ActorDepthCalculation_actorWithoutPorts.xml (RunModel)" time="0.016" />
  <testcase classname="ptolemy.util.test.junit.AutoTests" name="[1] /home/travis/build/icyphy/ptII/ptolemy/domains/de/test/auto/AssemblyLine.xml (RunModel)" time="0.024" />
  <testcase classname="ptolemy.util.test.junit.AutoTests" name="[2] /home/travis/build/icyphy/ptII/ptolemy/domains/de/test/auto/CQBug1.xml (RunModel)" time="0.008" />
  <testcase classname="ptolemy.util.test.junit.AutoTests" name="[3] /home/travis/build/icyphy/ptII/ptolemy/domains/de/test/auto/CancelFireAt.xml (RunModel)" time="0.015" />
  <testcase classname="ptolemy.util.test.junit.AutoTests" name="[4] /home/travis/build/icyphy/ptII/ptolemy/domains/de/test/auto/CausalityAndComposabilityAnalysis.xml (RunModel)" time="0.012" />
  <testcase classname="ptolemy.util.test.junit.AutoTests" name="[5] /home/travis/build/icyphy/ptII/ptolemy/domains/de/test/auto/CausalityInterface1.xml (RunModel)" time="0.017" />
  <testcase classname="ptolemy.util.test.junit.AutoTests" name="[6] /home/travis/build/icyphy/ptII/ptolemy/domains/de/test/auto/CausalityInterface15.xml (RunModel)" time="0.015" />
  <testcase classname="ptolemy.util.test.junit.AutoTests" name="[7] /home/travis/build/icyphy/ptII/ptolemy/domains/de/test/auto/CausalityInterface2.xml (RunModel)" time="0.013" />
  <testcase classname="ptolemy.util.test.junit.AutoTests" name="[8] /home/travis/build/icyphy/ptII/ptolemy/domains/de/test/auto/CausalityInterface3.xml (RunModel)" time="0.011" />
  <testcase classname="ptolemy.util.test.junit.AutoTests" name="[9] /home/travis/build/icyphy/ptII/ptolemy/domains/de/test/auto/ClockDrift.xml (RunModel)" time="0.039" />
  <testcase classname="ptolemy.util.test.junit.AutoTests" name="[10] /home/travis/build/icyphy/ptII/ptolemy/domains/de/test/auto/ClockDriftAndValueChange.xml (RunModel)" time="0.029" />
  <testcase classname="ptolemy.util.test.junit.AutoTests" name="[11] /home/travis/build/icyphy/ptII/ptolemy/domains/de/test/auto/ClockDriftChange.xml (RunModel)" time="0.03" />
  <testcase classname="ptolemy.util.test.junit.AutoTests" name="[12] /home/travis/build/icyphy/ptII/ptolemy/domains/de/test/auto/ComposableCausalityAnalysis.xml (RunModel)" time="0.014" />
  <testcase classname="ptolemy.util.test.junit.AutoTests" name="[13] /home/travis/build/icyphy/ptII/ptolemy/domains/de/test/auto/DEFixedPointLimitation.xml (RunModel)" time="0.009" />
  <testcase classname="ptolemy.util.test.junit.AutoTests" name="[14] /home/travis/build/icyphy/ptII/ptolemy/domains/de/test/auto/DEScheduleTest.xml (RunModel)" time="0.018" />
  <testcase classname="ptolemy.util.test.junit.AutoTests" name="[15] /home/travis/build/icyphy/ptII/ptolemy/domains/de/test/auto/DEinDEwithStartTimes.xml (RunModel)" time="0.015" />
  <testcase classname="ptolemy.util.test.junit.AutoTests" name="[16] /home/travis/build/icyphy/ptII/ptolemy/domains/de/test/auto/DEinDEwithStartTimes2.xml (RunModel)" time="0.02" />
  <testcase classname="ptolemy.util.test.junit.AutoTests" name="[17] /home/travis/build/icyphy/ptII/ptolemy/domains/de/test/auto/DateDemo.xml (RunModel)" time="0.034" />
  <testcase classname="ptolemy.util.test.junit.AutoTests" name="[18] /home/travis/build/icyphy/ptII/ptolemy/domains/de/test/auto/DateToEvent.xml (RunModel)" time="2.038" />
  <testcase classname="ptolemy.util.test.junit.AutoTests" name="[19] /home/travis/build/icyphy/ptII/ptolemy/domains/de/test/auto/DepthTest1.xml (RunModel)" time="0.013" />
  <testcase classname="ptolemy.util.test.junit.AutoTests" name="[20] /home/travis/build/icyphy/ptII/ptolemy/domains/de/test/auto/DepthTest2.xml (RunModel)" time="0.02" />
  <testcase classname="ptolemy.util.test.junit.AutoTests" name="[21] /home/travis/build/icyphy/ptII/ptolemy/domains/de/test/auto/DepthTest3.xml (RunModel)" time="0.01" />
  <testcase classname="ptolemy.util.test.junit.AutoTests" name="[22] /home/travis/build/icyphy/ptII/ptolemy/domains/de/test/auto/DepthTest4.xml (RunModel)" time="0.017" />
  <testcase classname="ptolemy.util.test.junit.AutoTests" name="[23] /home/travis/build/icyphy/ptII/ptolemy/domains/de/test/auto/DepthTest5.xml (RunModel)" time="0.017" />
  <testcase classname="ptolemy.util.test.junit.AutoTests" name="[24] /home/travis/build/icyphy/ptII/ptolemy/domains/de/test/auto/DepthTest6.xml (RunModel)" time="0.016" />
  <testcase classname="ptolemy.util.test.junit.AutoTests" name="[25] /home/travis/build/icyphy/ptII/ptolemy/domains/de/test/auto/DepthTest7.xml (RunModel)" time="0.012" />
  <testcase classname="ptolemy.util.test.junit.AutoTests" name="[26] /home/travis/build/icyphy/ptII/ptolemy/domains/de/test/auto/EventToDate.xml (RunModel)" time="3.046" />
  <testcase classname="ptolemy.util.test.junit.AutoTests" name="[27] /home/travis/build/icyphy/ptII/ptolemy/domains/de/test/auto/FSM1.xml (RunModel)" time="0.038" />
  <testcase classname="ptolemy.util.test.junit.AutoTests" name="[28] /home/travis/build/icyphy/ptII/ptolemy/domains/de/test/auto/FSM7.xml (RunModel)" time="0.031" />
  <testcase classname="ptolemy.util.test.junit.AutoTests" name="[29] /home/travis/build/icyphy/ptII/ptolemy/domains/de/test/auto/Inspection.xml (RunModel)" time="0.04" />
  <testcase classname="ptolemy.util.test.junit.AutoTests" name="[30] /home/travis/build/icyphy/ptII/ptolemy/domains/de/test/auto/Iteration.xml (RunModel)" time="0.023" />
  <testcase classname="ptolemy.util.test.junit.AutoTests" name="[31] /home/travis/build/icyphy/ptII/ptolemy/domains/de/test/auto/LineFault.xml (RunModel)" time="0.525" />
  <testcase classname="ptolemy.util.test.junit.AutoTests" name="[32] /home/travis/build/icyphy/ptII/ptolemy/domains/de/test/auto/MergeModel1Add.xml (RunModel)" time="0.052" />
  <testcase classname="ptolemy.util.test.junit.AutoTests" name="[33] /home/travis/build/icyphy/ptII/ptolemy/domains/de/test/auto/MergeModel2Add.xml (RunModel)" time="0.04" />
  <testcase classname="ptolemy.util.test.junit.AutoTests" name="[34] /home/travis/build/icyphy/ptII/ptolemy/domains/de/test/auto/MergeModel3Add.xml (RunModel)" time="0.05" />
  <testcase classname="ptolemy.util.test.junit.AutoTests" name="[35] /home/travis/build/icyphy/ptII/ptolemy/domains/de/test/auto/MergeWithoutDiscard.xml (RunModel)" time="0.016" />
  <testcase classname="ptolemy.util.test.junit.AutoTests" name="[36] /home/travis/build/icyphy/ptII/ptolemy/domains/de/test/auto/Modal1.xml (RunModel)" time="0.025" />
  <testcase classname="ptolemy.util.test.junit.AutoTests" name="[37] /home/travis/build/icyphy/ptII/ptolemy/domains/de/test/auto/Modal2.xml (RunModel)" time="0.027" />
  <testcase classname="ptolemy.util.test.junit.AutoTests" name="[38] /home/travis/build/icyphy/ptII/ptolemy/domains/de/test/auto/Modal3.xml (RunModel)" time="0.024" />
  <testcase classname="ptolemy.util.test.junit.AutoTests" name="[39] /home/travis/build/icyphy/ptII/ptolemy/domains/de/test/auto/Modal4.xml (RunModel)" time="0.035" />
  <testcase classname="ptolemy.util.test.junit.AutoTests" name="[40] /home/travis/build/icyphy/ptII/ptolemy/domains/de/test/auto/Modal5.xml (RunModel)" time="0.031" />
  <testcase classname="ptolemy.util.test.junit.AutoTests" name="[41] /home/travis/build/icyphy/ptII/ptolemy/domains/de/test/auto/Modal6.xml (RunModel)" time="0.025" />
  <testcase classname="ptolemy.util.test.junit.AutoTests" name="[42] /home/travis/build/icyphy/ptII/ptolemy/domains/de/test/auto/Modal7.xml (RunModel)" time="0.03" />
  <testcase classname="ptolemy.util.test.junit.AutoTests" name="[43] /home/travis/build/icyphy/ptII/ptolemy/domains/de/test/auto/ModalModel.xml (RunModel)" time="0.164" />
  <testcase classname="ptolemy.util.test.junit.AutoTests" name="[44] /home/travis/build/icyphy/ptII/ptolemy/domains/de/test/auto/ModalSource.xml (RunModel)" time="0.021" />
  <testcase classname="ptolemy.util.test.junit.AutoTests" name="[45] /home/travis/build/icyphy/ptII/ptolemy/domains/de/test/auto/NonInterruptibleTimerZeroDelay.xml (RunModel)" time="0.009" />
  <testcase classname="ptolemy.util.test.junit.AutoTests" name="[46] /home/travis/build/icyphy/ptII/ptolemy/domains/de/test/auto/OpenQueueingNetwork.xml (RunModel)" time="2.333" />
  <testcase classname="ptolemy.util.test.junit.AutoTests" name="[47] /home/travis/build/icyphy/ptII/ptolemy/domains/de/test/auto/OpenQueuingNetwork.xml (RunModel)" time="0.263" />
  <testcase classname="ptolemy.util.test.junit.AutoTests" name="[48] /home/travis/build/icyphy/ptII/ptolemy/domains/de/test/auto/PeriodicSampler.xml (RunModel)" time="0.008" />
  <testcase classname="ptolemy.util.test.junit.AutoTests" name="[49] /home/travis/build/icyphy/ptII/ptolemy/domains/de/test/auto/PersistentIO.xml (RunModel)" time="0.024" />
  <testcase classname="ptolemy.util.test.junit.AutoTests" name="[50] /home/travis/build/icyphy/ptII/ptolemy/domains/de/test/auto/PortParameterResetOnInitialize.xml (RunModel)" time="0.013" />
  <testcase classname="ptolemy.util.test.junit.AutoTests" name="[51] /home/travis/build/icyphy/ptII/ptolemy/domains/de/test/auto/PortParameterUpdates.xml (RunModel)" time="0.014" />
  <testcase classname="ptolemy.util.test.junit.AutoTests" name="[52] /home/travis/build/icyphy/ptII/ptolemy/domains/de/test/auto/QueueAndServer.xml (RunModel)" time="0.019" />
  <testcase classname="ptolemy.util.test.junit.AutoTests" name="[53] /home/travis/build/icyphy/ptII/ptolemy/domains/de/test/auto/Records.xml (RunModel)" time="0.013" />
  <testcase classname="ptolemy.util.test.junit.AutoTests" name="[54] /home/travis/build/icyphy/ptII/ptolemy/domains/de/test/auto/ResetTransitionWithStartTime1.xml (RunModel)" time="0.022" />
  <testcase classname="ptolemy.util.test.junit.AutoTests" name="[55] /home/travis/build/icyphy/ptII/ptolemy/domains/de/test/auto/ResetTransitionWithStartTime2.xml (RunModel)" time="0.018" />
  <testcase classname="ptolemy.util.test.junit.AutoTests" name="[56] /home/travis/build/icyphy/ptII/ptolemy/domains/de/test/auto/ResetTransitionWithStartTime3.xml (RunModel)" time="0.018" />
  <testcase classname="ptolemy.util.test.junit.AutoTests" name="[57] /home/travis/build/icyphy/ptII/ptolemy/domains/de/test/auto/ResetTransitionWithStartTime4.xml (RunModel)" time="0.016" />
  <testcase classname="ptolemy.util.test.junit.AutoTests" name="[58] /home/travis/build/icyphy/ptII/ptolemy/domains/de/test/auto/ResettableTimer1.xml (RunModel)" time="0.011" />
  <testcase classname="ptolemy.util.test.junit.AutoTests" name="[59] /home/travis/build/icyphy/ptII/ptolemy/domains/de/test/auto/ResettableTimer2.xml (RunModel)" time="0.008" />
  <testcase classname="ptolemy.util.test.junit.AutoTests" name="[60] /home/travis/build/icyphy/ptII/ptolemy/domains/de/test/auto/ResettableTimer3.xml (RunModel)" time="0.008" />
  <testcase classname="ptolemy.util.test.junit.AutoTests" name="[61] /home/travis/build/icyphy/ptII/ptolemy/domains/de/test/auto/ResettableTimer4.xml (RunModel)" time="0.009" />
  <testcase classname="ptolemy.util.test.junit.AutoTests" name="[62] /home/travis/build/icyphy/ptII/ptolemy/domains/de/test/auto/ResettableTimer5.xml (RunModel)" time="0.009" />
  <testcase classname="ptolemy.util.test.junit.AutoTests" name="[63] /home/travis/build/icyphy/ptII/ptolemy/domains/de/test/auto/ResettableTimer6.xml (RunModel)" time="0.017" />
  <testcase classname="ptolemy.util.test.junit.AutoTests" name="[64] /home/travis/build/icyphy/ptII/ptolemy/domains/de/test/auto/ServerZeroDelay.xml (RunModel)" time="0.011" />
  <testcase classname="ptolemy.util.test.junit.AutoTests" name="[65] /home/travis/build/icyphy/ptII/ptolemy/domains/de/test/auto/SmartSender.xml (RunModel)" time="3.007" />
  <testcase classname="ptolemy.util.test.junit.AutoTests" name="[66] /home/travis/build/icyphy/ptII/ptolemy/domains/de/test/auto/ThreadedComposite.xml (RunModel)" time="0.107" />
  <testcase classname="ptolemy.util.test.junit.AutoTests" name="[67] /home/travis/build/icyphy/ptII/ptolemy/domains/de/test/auto/Time.xml (RunModel)" time="0.352" />
  <testcase classname="ptolemy.util.test.junit.AutoTests" name="[68] /home/travis/build/icyphy/ptII/ptolemy/domains/de/test/auto/TimeDelayZeroDelay.xml (RunModel)" time="0.009" />
  <testcase classname="ptolemy.util.test.junit.AutoTests" name="[69] /home/travis/build/icyphy/ptII/ptolemy/domains/de/test/auto/TimerZeroDelay.xml (RunModel)" time="0.014" />
  <testcase classname="ptolemy.util.test.junit.AutoTests" name="[70] /home/travis/build/icyphy/ptII/ptolemy/domains/de/test/auto/TimingParadox.xml (RunModel)" time="0.319" />
  <testcase classname="ptolemy.util.test.junit.AutoTests" name="[71] /home/travis/build/icyphy/ptII/ptolemy/domains/de/test/auto/TransferInputs.xml (RunModel)" time="0.02" />
  <testcase classname="ptolemy.util.test.junit.AutoTests" name="[72] /home/travis/build/icyphy/ptII/ptolemy/domains/de/test/auto/TransferOutputs2.xml (RunModel)" time="0.017" />
  <testcase classname="ptolemy.util.test.junit.AutoTests" name="[73] /home/travis/build/icyphy/ptII/ptolemy/domains/de/test/auto/Trilateration.xml (RunModel)" time="10.54" />
  <testcase classname="ptolemy.util.test.junit.AutoTests" name="[74] /home/travis/build/icyphy/ptII/ptolemy/domains/de/test/auto/TwoSigmaDelta.xml (RunModel)" time="1.799" />
  <testcase classname="ptolemy.util.test.junit.AutoTests" name="[75] /home/travis/build/icyphy/ptII/ptolemy/domains/de/test/auto/VariableDelay.xml (RunModel)" time="0.008" />
  <testcase classname="ptolemy.util.test.junit.AutoTests" name="[76] /home/travis/build/icyphy/ptII/ptolemy/domains/de/test/auto/VariableDelay2.xml (RunModel)" time="0.009" />
  <testcase classname="ptolemy.util.test.junit.AutoTests" name="[77] /home/travis/build/icyphy/ptII/ptolemy/domains/de/test/auto/VariableDelayZeroDelay.xml (RunModel)" time="0.011" />
  <testcase classname="ptolemy.util.test.junit.AutoTests" name="[78] /home/travis/build/icyphy/ptII/ptolemy/domains/de/test/auto/VariableDelayZeroDelay2.xml (RunModel)" time="0.016" />
  <testcase classname="ptolemy.util.test.junit.AutoTests" name="[79] /home/travis/build/icyphy/ptII/ptolemy/domains/de/test/auto/deInCt.xml (RunModel)" time="0.014" />
  <testcase classname="ptolemy.util.test.junit.AutoTests" name="[80] /home/travis/build/icyphy/ptII/ptolemy/domains/de/test/auto/deInCt2.xml (RunModel)" time="0.018" />
  <testcase classname="ptolemy.util.test.junit.AutoTests" name="[81] /home/travis/build/icyphy/ptII/ptolemy/domains/de/test/auto/dynamicCausalityInterface1.xml (RunModel)" time="0.017" />
  <testcase classname="ptolemy.util.test.junit.AutoTests" name="[82] /home/travis/build/icyphy/ptII/ptolemy/domains/de/test/auto/fsm_de_test.xml (RunModel)" time="0.021" />
  <testcase classname="ptolemy.util.test.junit.AutoTests" name="[83] /home/travis/build/icyphy/ptII/ptolemy/domains/de/test/auto/functionDependencyReconstruction.xml (RunModel)" time="0.028" />
  <testcase classname="ptolemy.util.test.junit.AutoTests" name="[84] /home/travis/build/icyphy/ptII/ptolemy/domains/de/test/auto/multirate.xml (RunModel)" time="0.014" />
  <testcase classname="ptolemy.util.test.junit.AutoTests" name="[85] /home/travis/build/icyphy/ptII/ptolemy/domains/de/test/auto/multirate2.xml (RunModel)" time="0.013" />
  <testcase classname="ptolemy.util.test.junit.AutoTests" name="[86] /home/travis/build/icyphy/ptII/ptolemy/domains/de/test/auto/realtime.xml (RunModel)" time="10.011" />
  <testcase classname="ptolemy.util.test.junit.AutoTests" name="[87] /home/travis/build/icyphy/ptII/ptolemy/domains/de/test/auto/relationGroup.xml (RunModel)" time="0.006" />
  <testcase classname="ptolemy.util.test.junit.AutoTests" name="[88] /home/travis/build/icyphy/ptII/ptolemy/domains/de/test/auto/relationGroup2.xml (RunModel)" time="0.011" />
  <testcase classname="ptolemy.util.test.junit.AutoTests" name="[89] /home/travis/build/icyphy/ptII/ptolemy/domains/de/test/auto/sortWithOpaquePorts.xml (RunModel)" time="0.011" />
  <testcase classname="ptolemy.util.test.junit.AutoTests" name="[90] /home/travis/build/icyphy/ptII/ptolemy/domains/de/test/auto/transferInputsandOutputs.xml (RunModel)" time="0.043" />
  <testcase classname="ptolemy.util.test.junit.AutoTests" name="[91] /home/travis/build/icyphy/ptII/ptolemy/domains/de/test/auto/triggerType.xml (RunModel)" time="0.008" />
  <system-out><![CDATA[/home/travis/build/icyphy/ptII/ptolemy/domains/de/test/DependencyLoop.tcl
testDefs.tcl: setting time out to 9000 seconds at Sat Jul 04 14:56:59 UTC 2020
72 ms. Memory: 129024K Free: 78792K (61%)
26 ms. Memory: 129024K Free: 61384K (48%)
/home/travis/build/icyphy/ptII/ptolemy/domains/de/test/RunDETestsAsQSS.tcl
Run the DE tests using ptolemy.domains.qss.test.QSSDirectorTest, which extends QSSDirector and prints a message in the constructors.
------------------ testing $PTII/ptolemy/domains/de/test/auto/knownFailedTests/DirectFeedback.xml (Known Failure) 
30 ms. Memory: 129024K Free: 55750K (43%)


==== $PTIIhome/travis/build/icyphy/ptII/ptolemy/domains/de/test/../../../../: Auto Automatic test in file $PTII/ptolemy/domains/de/test/auto/knownFailedTests/DirectFeedback.xml
==== Contents of test case:

	    # FIXME: we should use $relativeFilename here, but it
	    # might have backslashes under Windows, which causes no end
	    # of trouble.
	    createAndExecute $file
	    list {}
	
.... Test generated KNOWN error:
    while executing
ptolemy.kernel.util.IllegalActionException: Test fails in iteration 1.
Value was: 1.0. Should have been: 2.0
  in .DirectFeedback.Test
	at ptolemy.actor.lib.Test.fire(Test.java:268)
	at ptolemy.domains.de.kernel.DEDirector._fire(DEDirector.java:1949)
	at ptolemy.domains.de.kernel.DEDirector.fire(DEDirector.java:502)
	at ptolemy.actor.CompositeActor.fire(CompositeActor.java:455)
	at ptolemy.actor.Manager.iterate(Manager.java:851)
	at ptolemy.actor.Manager.execute(Manager.java:369)
	at ptolemy.actor.Manager.run(Manager.java:1263)
	at ptolemy.actor.Manager$PtolemyRunThread.run(Manager.java:1933)

    while executing
ptolemy.kernel.util.IllegalActionException: Test fails in iteration 1.
Value was: 1.0. Should have been: 2.0
  in .DirectFeedback.Test
    while executing
"java::new ptolemy.moml.MoMLSimpleApplication $file
"
    (procedure "createAndExecute" line 2)
    invoked from within
"createAndExecute $file"
    ("uplevel" body line 5)
    invoked from within
"uplevel $contents_of_test"
------------------ testing $PTII/ptolemy/domains/de/test/auto/knownFailedTests/dependencyLoop.xml (Known Failure) 
7 ms. Memory: 129024K Free: 52678K (41%)


==== $PTIIhome/travis/build/icyphy/ptII/ptolemy/domains/de/test/../../../../: Auto Automatic test in file $PTII/ptolemy/domains/de/test/auto/knownFailedTests/dependencyLoop.xml
==== Contents of test case:

	    # FIXME: we should use $relativeFilename here, but it
	    # might have backslashes under Windows, which causes no end
	    # of trouble.
	    createAndExecute $file
	    list {}
	
.... Test generated KNOWN error:
    while executing
ptolemy.kernel.util.IllegalActionException: Found a zero delay loop containing .dependencyLoop.original
  in .dependencyLoop and .dependencyLoop.original
	at ptolemy.actor.util.CausalityInterfaceForComposites._computeOutputPortDepth(CausalityInterfaceForComposites.java:759)
	at ptolemy.actor.util.CausalityInterfaceForComposites._computeInputDepth(CausalityInterfaceForComposites.java:696)
	at ptolemy.actor.util.CausalityInterfaceForComposites._computeOutputPortDepth(CausalityInterfaceForComposites.java:765)
	at ptolemy.actor.util.CausalityInterfaceForComposites._computeInputDepth(CausalityInterfaceForComposites.java:696)
	at ptolemy.actor.util.CausalityInterfaceForComposites._computeOutputPortDepth(CausalityInterfaceForComposites.java:765)
	at ptolemy.actor.util.CausalityInterfaceForComposites._computeInputDepth(CausalityInterfaceForComposites.java:696)
	at ptolemy.actor.util.CausalityInterfaceForComposites._computeActorDepth(CausalityInterfaceForComposites.java:532)
	at ptolemy.actor.util.CausalityInterfaceForComposites.checkForCycles(CausalityInterfaceForComposites.java:96)
	at ptolemy.domains.de.kernel.DEDirector.preinitialize(DEDirector.java:1338)
	at ptolemy.actor.CompositeActor.preinitialize(CompositeActor.java:1828)
	at ptolemy.actor.Manager.preinitializeAndResolveTypes(Manager.java:1040)
	at ptolemy.actor.Manager.initialize(Manager.java:710)
	at ptolemy.actor.Manager.execute(Manager.java:356)
	at ptolemy.actor.Manager.run(Manager.java:1263)
	at ptolemy.actor.Manager$PtolemyRunThread.run(Manager.java:1933)

    while executing
ptolemy.kernel.util.IllegalActionException: Found a zero delay loop containing .dependencyLoop.original
  in .dependencyLoop and .dependencyLoop.original
    while executing
"java::new ptolemy.moml.MoMLSimpleApplication $file
"
    (procedure "createAndExecute" line 2)
    invoked from within
"createAndExecute $file"
    ("uplevel" body line 5)
    invoked from within
"uplevel $contents_of_test"
------------------ testing $PTII/ptolemy/domains/de/test/auto/knownFailedTests/FSMSource.xml (Known Failure) 
49 ms. Memory: 129024K Free: 110441K (86%)
!!!! Auto was marked as failing, but now passes
------------------ testing $PTII/ptolemy/domains/de/test/auto/knownFailedTests/HierarchicalModel.xml (Known Failure) 
9 ms. Memory: 129024K Free: 93001K (72%)


==== $PTIIhome/travis/build/icyphy/ptII/ptolemy/domains/de/test/../../../../: Auto Automatic test in file $PTII/ptolemy/domains/de/test/auto/knownFailedTests/HierarchicalModel.xml
==== Contents of test case:

	    # FIXME: we should use $relativeFilename here, but it
	    # might have backslashes under Windows, which causes no end
	    # of trouble.
	    createAndExecute $file
	    list {}
	
.... Test generated KNOWN error:
    while executing
ptolemy.kernel.util.IllegalActionException: Found a zero delay loop containing .HierarchicalModel.A
  in .HierarchicalModel and .HierarchicalModel.A
	at ptolemy.actor.util.CausalityInterfaceForComposites._computeOutputPortDepth(CausalityInterfaceForComposites.java:759)
	at ptolemy.actor.util.CausalityInterfaceForComposites._computeInputDepth(CausalityInterfaceForComposites.java:696)
	at ptolemy.actor.util.CausalityInterfaceForComposites._computeOutputPortDepth(CausalityInterfaceForComposites.java:765)
	at ptolemy.actor.util.CausalityInterfaceForComposites._computeInputDepth(CausalityInterfaceForComposites.java:696)
	at ptolemy.actor.util.CausalityInterfaceForComposites._computeOutputPortDepth(CausalityInterfaceForComposites.java:765)
	at ptolemy.actor.util.CausalityInterfaceForComposites._computeInputDepth(CausalityInterfaceForComposites.java:696)
	at ptolemy.actor.util.CausalityInterfaceForComposites._computeActorDepth(CausalityInterfaceForComposites.java:532)
	at ptolemy.actor.util.CausalityInterfaceForComposites.checkForCycles(CausalityInterfaceForComposites.java:96)
	at ptolemy.domains.de.kernel.DEDirector.preinitialize(DEDirector.java:1338)
	at ptolemy.actor.CompositeActor.preinitialize(CompositeActor.java:1828)
	at ptolemy.actor.Manager.preinitializeAndResolveTypes(Manager.java:1040)
	at ptolemy.actor.Manager.initialize(Manager.java:710)
	at ptolemy.actor.Manager.execute(Manager.java:356)
	at ptolemy.actor.Manager.run(Manager.java:1263)
	at ptolemy.actor.Manager$PtolemyRunThread.run(Manager.java:1933)

    while executing
ptolemy.kernel.util.IllegalActionException: Found a zero delay loop containing .HierarchicalModel.A
  in .HierarchicalModel and .HierarchicalModel.A
    while executing
"java::new ptolemy.moml.MoMLSimpleApplication $file
"
    (procedure "createAndExecute" line 2)
    invoked from within
"createAndExecute $file"
    ("uplevel" body line 5)
    invoked from within
"uplevel $contents_of_test"
------------------ testing $PTII/ptolemy/domains/de/test/auto/knownFailedTests/dependencyLoop2.xml (Known Failure) 
8 ms. Memory: 129024K Free: 76671K (59%)


==== $PTIIhome/travis/build/icyphy/ptII/ptolemy/domains/de/test/../../../../: Auto Automatic test in file $PTII/ptolemy/domains/de/test/auto/knownFailedTests/dependencyLoop2.xml
==== Contents of test case:

	    # FIXME: we should use $relativeFilename here, but it
	    # might have backslashes under Windows, which causes no end
	    # of trouble.
	    createAndExecute $file
	    list {}
	
.... Test generated KNOWN error:
    while executing
ptolemy.kernel.util.IllegalActionException: Found a zero delay loop containing .dependencyLoop2.original
  in .dependencyLoop2 and .dependencyLoop2.original
	at ptolemy.actor.util.CausalityInterfaceForComposites._computeOutputPortDepth(CausalityInterfaceForComposites.java:759)
	at ptolemy.actor.util.CausalityInterfaceForComposites._computeInputDepth(CausalityInterfaceForComposites.java:696)
	at ptolemy.actor.util.CausalityInterfaceForComposites._computeOutputPortDepth(CausalityInterfaceForComposites.java:765)
	at ptolemy.actor.util.CausalityInterfaceForComposites._computeInputDepth(CausalityInterfaceForComposites.java:696)
	at ptolemy.actor.util.CausalityInterfaceForComposites._computeOutputPortDepth(CausalityInterfaceForComposites.java:765)
	at ptolemy.actor.util.CausalityInterfaceForComposites._computeInputDepth(CausalityInterfaceForComposites.java:696)
	at ptolemy.actor.util.CausalityInterfaceForComposites._computeActorDepth(CausalityInterfaceForComposites.java:532)
	at ptolemy.actor.util.CausalityInterfaceForComposites.checkForCycles(CausalityInterfaceForComposites.java:96)
	at ptolemy.domains.de.kernel.DEDirector.preinitialize(DEDirector.java:1338)
	at ptolemy.actor.CompositeActor.preinitialize(CompositeActor.java:1828)
	at ptolemy.actor.Manager.preinitializeAndResolveTypes(Manager.java:1040)
	at ptolemy.actor.Manager.initialize(Manager.java:710)
	at ptolemy.actor.Manager.execute(Manager.java:356)
	at ptolemy.actor.Manager.run(Manager.java:1263)
	at ptolemy.actor.Manager$PtolemyRunThread.run(Manager.java:1933)

    while executing
ptolemy.kernel.util.IllegalActionException: Found a zero delay loop containing .dependencyLoop2.original
  in .dependencyLoop2 and .dependencyLoop2.original
    while executing
"java::new ptolemy.moml.MoMLSimpleApplication $file
"
    (procedure "createAndExecute" line 2)
    invoked from within
"createAndExecute $file"
    ("uplevel" body line 5)
    invoked from within
"uplevel $contents_of_test"
------------------ testing $PTII/ptolemy/domains/de/test/auto/knownFailedTests/DESDFClockTest.xml (Known Failure) 
2040 ms. Memory: 129024K Free: 107261K (83%)


==== $PTIIhome/travis/build/icyphy/ptII/ptolemy/domains/de/test/../../../../: Auto Automatic test in file $PTII/ptolemy/domains/de/test/auto/knownFailedTests/DESDFClockTest.xml
==== Contents of test case:

	    # FIXME: we should use $relativeFilename here, but it
	    # might have backslashes under Windows, which causes no end
	    # of trouble.
	    createAndExecute $file
	    list {}
	
.... Test generated KNOWN error:
    while executing
ptolemy.kernel.util.IllegalActionException: Actor is not ready to fire.  Perhaps UpSample.prefire() returned false? Try debugging the actor by selecting "Listen to Actor".  Also, for SDF check moml for tokenConsumptionRate on input.
  in .DESDFClockTest.Play Bell.Copy1:SDF Director and .DESDFClockTest.Play Bell.UpSample
	at ptolemy.actor.sched.StaticSchedulingDirector.fire(StaticSchedulingDirector.java:227)
	at ptolemy.domains.sdf.kernel.SDFDirector.fire(SDFDirector.java:500)
	at ptolemy.actor.CompositeActor.fire(CompositeActor.java:455)
	at ptolemy.domains.de.kernel.DEDirector._fire(DEDirector.java:1949)
	at ptolemy.domains.de.kernel.DEDirector.fire(DEDirector.java:502)
	at ptolemy.actor.CompositeActor.fire(CompositeActor.java:455)
	at ptolemy.actor.Manager.iterate(Manager.java:851)
	at ptolemy.actor.Manager.execute(Manager.java:369)
	at ptolemy.actor.Manager.run(Manager.java:1263)
	at ptolemy.actor.Manager$PtolemyRunThread.run(Manager.java:1933)

    while executing
ptolemy.kernel.util.IllegalActionException: Actor is not ready to fire.  Perhaps UpSample.prefire() returned false? Try debugging the actor by selecting "Listen to Actor".  Also, for SDF check moml for tokenConsumptionRate on input.
  in .DESDFClockTest.Play Bell.Copy1:SDF Director and .DESDFClockTest.Play Bell.UpSample
    while executing
"java::new ptolemy.moml.MoMLSimpleApplication $file
"
    (procedure "createAndExecute" line 2)
    invoked from within
"createAndExecute $file"
    ("uplevel" body line 5)
    invoked from within
"uplevel $contents_of_test"
------------------ testing $PTII/ptolemy/domains/de/test/auto/ActorDepthCalculation_actorWithoutPorts.xml
auto.tcl: Setting watchdog for 200 seconds at Sat Jul 04 14:57:03 UTC 2020
8 ms. Memory: 129024K Free: 99565K (77%)
ptolemy.util.test.WatchDog.cancel(): canceling Sat Jul 04 14:57:03 UTC 2020
auto.tcl: Setting watchdog for 200 seconds at Sat Jul 04 14:57:03 UTC 2020
4 ms. Memory: 129024K Free: 98045K (76%)
ptolemy.util.test.WatchDog.cancel(): canceling Sat Jul 04 14:57:03 UTC 2020
------------------ testing $PTII/ptolemy/domains/de/test/auto/AssemblyLine.xml
auto.tcl: Setting watchdog for 200 seconds at Sat Jul 04 14:57:03 UTC 2020
8 ms. Memory: 48128K Free: 24447K (51%)
ptolemy.util.test.WatchDog.cancel(): canceling Sat Jul 04 14:57:03 UTC 2020
auto.tcl: Setting watchdog for 200 seconds at Sat Jul 04 14:57:03 UTC 2020
7 ms. Memory: 48128K Free: 24017K (50%)
ptolemy.util.test.WatchDog.cancel(): canceling Sat Jul 04 14:57:03 UTC 2020
------------------ testing $PTII/ptolemy/domains/de/test/auto/CQBug1.xml
auto.tcl: Setting watchdog for 200 seconds at Sat Jul 04 14:57:03 UTC 2020
16 ms. Memory: 48128K Free: 30402K (63%)
ptolemy.util.test.WatchDog.cancel(): canceling Sat Jul 04 14:57:03 UTC 2020
auto.tcl: Setting watchdog for 200 seconds at Sat Jul 04 14:57:03 UTC 2020
2 ms. Memory: 48128K Free: 29972K (62%)
ptolemy.util.test.WatchDog.cancel(): canceling Sat Jul 04 14:57:03 UTC 2020
------------------ testing $PTII/ptolemy/domains/de/test/auto/CancelFireAt.xml
auto.tcl: Setting watchdog for 200 seconds at Sat Jul 04 14:57:03 UTC 2020
3 ms. Memory: 48128K Free: 31756K (66%)
ptolemy.util.test.WatchDog.cancel(): canceling Sat Jul 04 14:57:03 UTC 2020
auto.tcl: Setting watchdog for 200 seconds at Sat Jul 04 14:57:03 UTC 2020
2 ms. Memory: 48128K Free: 31327K (65%)
ptolemy.util.test.WatchDog.cancel(): canceling Sat Jul 04 14:57:03 UTC 2020
------------------ testing $PTII/ptolemy/domains/de/test/auto/CausalityAndComposabilityAnalysis.xml
auto.tcl: Setting watchdog for 200 seconds at Sat Jul 04 14:57:03 UTC 2020
10 ms. Memory: 48128K Free: 29909K (62%)
ptolemy.util.test.WatchDog.cancel(): canceling Sat Jul 04 14:57:03 UTC 2020
auto.tcl: Setting watchdog for 200 seconds at Sat Jul 04 14:57:03 UTC 2020
5 ms. Memory: 48128K Free: 29081K (60%)
ptolemy.util.test.WatchDog.cancel(): canceling Sat Jul 04 14:57:03 UTC 2020
------------------ testing $PTII/ptolemy/domains/de/test/auto/CausalityInterface1.xml
auto.tcl: Setting watchdog for 200 seconds at Sat Jul 04 14:57:03 UTC 2020
29 ms. Memory: 48128K Free: 28353K (59%)
ptolemy.util.test.WatchDog.cancel(): canceling Sat Jul 04 14:57:03 UTC 2020
auto.tcl: Setting watchdog for 200 seconds at Sat Jul 04 14:57:03 UTC 2020
3 ms. Memory: 48128K Free: 27386K (57%)
ptolemy.util.test.WatchDog.cancel(): canceling Sat Jul 04 14:57:03 UTC 2020
------------------ testing $PTII/ptolemy/domains/de/test/auto/CausalityInterface15.xml
auto.tcl: Setting watchdog for 200 seconds at Sat Jul 04 14:57:03 UTC 2020
22 ms. Memory: 48128K Free: 28280K (59%)
ptolemy.util.test.WatchDog.cancel(): canceling Sat Jul 04 14:57:04 UTC 2020
auto.tcl: Setting watchdog for 200 seconds at Sat Jul 04 14:57:04 UTC 2020
5 ms. Memory: 48128K Free: 27336K (57%)
ptolemy.util.test.WatchDog.cancel(): canceling Sat Jul 04 14:57:04 UTC 2020
------------------ testing $PTII/ptolemy/domains/de/test/auto/CausalityInterface2.xml
auto.tcl: Setting watchdog for 200 seconds at Sat Jul 04 14:57:04 UTC 2020
5 ms. Memory: 48128K Free: 29242K (61%)
ptolemy.util.test.WatchDog.cancel(): canceling Sat Jul 04 14:57:04 UTC 2020
auto.tcl: Setting watchdog for 200 seconds at Sat Jul 04 14:57:04 UTC 2020
3 ms. Memory: 48128K Free: 28324K (59%)
ptolemy.util.test.WatchDog.cancel(): canceling Sat Jul 04 14:57:04 UTC 2020
------------------ testing $PTII/ptolemy/domains/de/test/auto/CausalityInterface3.xml
auto.tcl: Setting watchdog for 200 seconds at Sat Jul 04 14:57:04 UTC 2020
5 ms. Memory: 48128K Free: 28534K (59%)
ptolemy.util.test.WatchDog.cancel(): canceling Sat Jul 04 14:57:04 UTC 2020
auto.tcl: Setting watchdog for 200 seconds at Sat Jul 04 14:57:04 UTC 2020
3 ms. Memory: 48128K Free: 27748K (58%)
ptolemy.util.test.WatchDog.cancel(): canceling Sat Jul 04 14:57:04 UTC 2020
------------------ testing $PTII/ptolemy/domains/de/test/auto/ClockDrift.xml
auto.tcl: Setting watchdog for 200 seconds at Sat Jul 04 14:57:04 UTC 2020
79 ms. Memory: 48128K Free: 20882K (43%)
ptolemy.util.test.WatchDog.cancel(): canceling Sat Jul 04 14:57:04 UTC 2020
auto.tcl: Setting watchdog for 200 seconds at Sat Jul 04 14:57:04 UTC 2020
52 ms. Memory: 48128K Free: 17690K (37%)
ptolemy.util.test.WatchDog.cancel(): canceling Sat Jul 04 14:57:04 UTC 2020
------------------ testing $PTII/ptolemy/domains/de/test/auto/ClockDriftAndValueChange.xml
auto.tcl: Setting watchdog for 200 seconds at Sat Jul 04 14:57:04 UTC 2020
33 ms. Memory: 48128K Free: 21203K (44%)
ptolemy.util.test.WatchDog.cancel(): canceling Sat Jul 04 14:57:04 UTC 2020
auto.tcl: Setting watchdog for 200 seconds at Sat Jul 04 14:57:04 UTC 2020
21 ms. Memory: 48128K Free: 18368K (38%)
ptolemy.util.test.WatchDog.cancel(): canceling Sat Jul 04 14:57:04 UTC 2020
------------------ testing $PTII/ptolemy/domains/de/test/auto/ClockDriftChange.xml
auto.tcl: Setting watchdog for 200 seconds at Sat Jul 04 14:57:04 UTC 2020
18 ms. Memory: 48128K Free: 23246K (48%)
ptolemy.util.test.WatchDog.cancel(): canceling Sat Jul 04 14:57:04 UTC 2020
auto.tcl: Setting watchdog for 200 seconds at Sat Jul 04 14:57:04 UTC 2020
26 ms. Memory: 48128K Free: 20666K (43%)
ptolemy.util.test.WatchDog.cancel(): canceling Sat Jul 04 14:57:04 UTC 2020
------------------ testing $PTII/ptolemy/domains/de/test/auto/ComposableCausalityAnalysis.xml
auto.tcl: Setting watchdog for 200 seconds at Sat Jul 04 14:57:04 UTC 2020
2 ms. Memory: 48128K Free: 27895K (58%)
ptolemy.util.test.WatchDog.cancel(): canceling Sat Jul 04 14:57:04 UTC 2020
auto.tcl: Setting watchdog for 200 seconds at Sat Jul 04 14:57:04 UTC 2020
4 ms. Memory: 48128K Free: 26848K (56%)
ptolemy.util.test.WatchDog.cancel(): canceling Sat Jul 04 14:57:04 UTC 2020
------------------ testing $PTII/ptolemy/domains/de/test/auto/DEFixedPointLimitation.xml
auto.tcl: Setting watchdog for 200 seconds at Sat Jul 04 14:57:04 UTC 2020
3 ms. Memory: 48128K Free: 29234K (61%)
ptolemy.util.test.WatchDog.cancel(): canceling Sat Jul 04 14:57:04 UTC 2020
auto.tcl: Setting watchdog for 200 seconds at Sat Jul 04 14:57:04 UTC 2020
2 ms. Memory: 48128K Free: 28301K (59%)
ptolemy.util.test.WatchDog.cancel(): canceling Sat Jul 04 14:57:04 UTC 2020
------------------ testing $PTII/ptolemy/domains/de/test/auto/DEScheduleTest.xml
auto.tcl: Setting watchdog for 200 seconds at Sat Jul 04 14:57:04 UTC 2020
5 ms. Memory: 48128K Free: 29543K (61%)
ptolemy.util.test.WatchDog.cancel(): canceling Sat Jul 04 14:57:04 UTC 2020
auto.tcl: Setting watchdog for 200 seconds at Sat Jul 04 14:57:04 UTC 2020
2 ms. Memory: 48128K Free: 28757K (60%)
ptolemy.util.test.WatchDog.cancel(): canceling Sat Jul 04 14:57:04 UTC 2020
------------------ testing $PTII/ptolemy/domains/de/test/auto/DEinDEwithStartTimes.xml
auto.tcl: Setting watchdog for 200 seconds at Sat Jul 04 14:57:04 UTC 2020
7 ms. Memory: 48128K Free: 27701K (58%)
ptolemy.util.test.WatchDog.cancel(): canceling Sat Jul 04 14:57:04 UTC 2020
auto.tcl: Setting watchdog for 200 seconds at Sat Jul 04 14:57:04 UTC 2020
3 ms. Memory: 48128K Free: 26660K (55%)
ptolemy.util.test.WatchDog.cancel(): canceling Sat Jul 04 14:57:04 UTC 2020
------------------ testing $PTII/ptolemy/domains/de/test/auto/DEinDEwithStartTimes2.xml
auto.tcl: Setting watchdog for 200 seconds at Sat Jul 04 14:57:05 UTC 2020
9 ms. Memory: 48128K Free: 26933K (56%)
ptolemy.util.test.WatchDog.cancel(): canceling Sat Jul 04 14:57:05 UTC 2020
auto.tcl: Setting watchdog for 200 seconds at Sat Jul 04 14:57:05 UTC 2020
2 ms. Memory: 48128K Free: 25610K (53%)
ptolemy.util.test.WatchDog.cancel(): canceling Sat Jul 04 14:57:05 UTC 2020
------------------ testing $PTII/ptolemy/domains/de/test/auto/DateDemo.xml
auto.tcl: Setting watchdog for 200 seconds at Sat Jul 04 14:57:05 UTC 2020
20 ms. Memory: 48128K Free: 21252K (44%)
ptolemy.util.test.WatchDog.cancel(): canceling Sat Jul 04 14:57:05 UTC 2020
auto.tcl: Setting watchdog for 200 seconds at Sat Jul 04 14:57:05 UTC 2020
12 ms. Memory: 48128K Free: 19642K (41%)
ptolemy.util.test.WatchDog.cancel(): canceling Sat Jul 04 14:57:05 UTC 2020
------------------ testing $PTII/ptolemy/domains/de/test/auto/DateToEvent.xml
auto.tcl: Setting watchdog for 200 seconds at Sat Jul 04 14:57:05 UTC 2020
2018 ms. Memory: 48128K Free: 17236K (36%)
ptolemy.util.test.WatchDog.cancel(): canceling Sat Jul 04 14:57:07 UTC 2020
auto.tcl: Setting watchdog for 200 seconds at Sat Jul 04 14:57:07 UTC 2020
2004 ms. Memory: 48128K Free: 16150K (34%)
ptolemy.util.test.WatchDog.cancel(): canceling Sat Jul 04 14:57:09 UTC 2020
------------------ testing $PTII/ptolemy/domains/de/test/auto/DepthTest1.xml
auto.tcl: Setting watchdog for 200 seconds at Sat Jul 04 14:57:09 UTC 2020
3 ms. Memory: 48128K Free: 30322K (63%)
ptolemy.util.test.WatchDog.cancel(): canceling Sat Jul 04 14:57:09 UTC 2020
auto.tcl: Setting watchdog for 200 seconds at Sat Jul 04 14:57:09 UTC 2020
2 ms. Memory: 48128K Free: 29939K (62%)
ptolemy.util.test.WatchDog.cancel(): canceling Sat Jul 04 14:57:09 UTC 2020
------------------ testing $PTII/ptolemy/domains/de/test/auto/DepthTest2.xml
auto.tcl: Setting watchdog for 200 seconds at Sat Jul 04 14:57:09 UTC 2020
5 ms. Memory: 48128K Free: 27162K (56%)
ptolemy.util.test.WatchDog.cancel(): canceling Sat Jul 04 14:57:09 UTC 2020
auto.tcl: Setting watchdog for 200 seconds at Sat Jul 04 14:57:09 UTC 2020
3 ms. Memory: 48128K Free: 26732K (56%)
ptolemy.util.test.WatchDog.cancel(): canceling Sat Jul 04 14:57:09 UTC 2020
------------------ testing $PTII/ptolemy/domains/de/test/auto/DepthTest3.xml
auto.tcl: Setting watchdog for 200 seconds at Sat Jul 04 14:57:09 UTC 2020
2 ms. Memory: 48128K Free: 30651K (64%)
ptolemy.util.test.WatchDog.cancel(): canceling Sat Jul 04 14:57:09 UTC 2020
auto.tcl: Setting watchdog for 200 seconds at Sat Jul 04 14:57:09 UTC 2020
2 ms. Memory: 48128K Free: 30221K (63%)
ptolemy.util.test.WatchDog.cancel(): canceling Sat Jul 04 14:57:09 UTC 2020
------------------ testing $PTII/ptolemy/domains/de/test/auto/DepthTest4.xml
auto.tcl: Setting watchdog for 200 seconds at Sat Jul 04 14:57:09 UTC 2020
3 ms. Memory: 48128K Free: 29001K (60%)
ptolemy.util.test.WatchDog.cancel(): canceling Sat Jul 04 14:57:09 UTC 2020
auto.tcl: Setting watchdog for 200 seconds at Sat Jul 04 14:57:09 UTC 2020
2 ms. Memory: 48128K Free: 28256K (59%)
ptolemy.util.test.WatchDog.cancel(): canceling Sat Jul 04 14:57:09 UTC 2020
------------------ testing $PTII/ptolemy/domains/de/test/auto/DepthTest5.xml
auto.tcl: Setting watchdog for 200 seconds at Sat Jul 04 14:57:09 UTC 2020
3 ms. Memory: 48128K Free: 28384K (59%)
ptolemy.util.test.WatchDog.cancel(): canceling Sat Jul 04 14:57:09 UTC 2020
auto.tcl: Setting watchdog for 200 seconds at Sat Jul 04 14:57:09 UTC 2020
3 ms. Memory: 48128K Free: 27611K (57%)
ptolemy.util.test.WatchDog.cancel(): canceling Sat Jul 04 14:57:09 UTC 2020
------------------ testing $PTII/ptolemy/domains/de/test/auto/DepthTest6.xml
auto.tcl: Setting watchdog for 200 seconds at Sat Jul 04 14:57:09 UTC 2020
3 ms. Memory: 48128K Free: 28102K (58%)
ptolemy.util.test.WatchDog.cancel(): canceling Sat Jul 04 14:57:09 UTC 2020
auto.tcl: Setting watchdog for 200 seconds at Sat Jul 04 14:57:09 UTC 2020
3 ms. Memory: 48128K Free: 27697K (58%)
ptolemy.util.test.WatchDog.cancel(): canceling Sat Jul 04 14:57:09 UTC 2020
------------------ testing $PTII/ptolemy/domains/de/test/auto/DepthTest7.xml
auto.tcl: Setting watchdog for 200 seconds at Sat Jul 04 14:57:09 UTC 2020
7 ms. Memory: 48128K Free: 28926K (60%)
ptolemy.util.test.WatchDog.cancel(): canceling Sat Jul 04 14:57:09 UTC 2020
auto.tcl: Setting watchdog for 200 seconds at Sat Jul 04 14:57:09 UTC 2020
2 ms. Memory: 48128K Free: 28203K (59%)
ptolemy.util.test.WatchDog.cancel(): canceling Sat Jul 04 14:57:09 UTC 2020
------------------ testing $PTII/ptolemy/domains/de/test/auto/EventToDate.xml
auto.tcl: Setting watchdog for 200 seconds at Sat Jul 04 14:57:09 UTC 2020
3007 ms. Memory: 48128K Free: 19660K (41%)
ptolemy.util.test.WatchDog.cancel(): canceling Sat Jul 04 14:57:12 UTC 2020
auto.tcl: Setting watchdog for 200 seconds at Sat Jul 04 14:57:12 UTC 2020
3003 ms. Memory: 48128K Free: 19016K (40%)
ptolemy.util.test.WatchDog.cancel(): canceling Sat Jul 04 14:57:15 UTC 2020
------------------ testing $PTII/ptolemy/domains/de/test/auto/FSM1.xml
auto.tcl: Setting watchdog for 200 seconds at Sat Jul 04 14:57:15 UTC 2020
44 ms. Memory: 48128K Free: 20928K (43%)
ptolemy.util.test.WatchDog.cancel(): canceling Sat Jul 04 14:57:16 UTC 2020
auto.tcl: Setting watchdog for 200 seconds at Sat Jul 04 14:57:16 UTC 2020
16 ms. Memory: 48128K Free: 17692K (37%)
ptolemy.util.test.WatchDog.cancel(): canceling Sat Jul 04 14:57:16 UTC 2020
------------------ testing $PTII/ptolemy/domains/de/test/auto/FSM7.xml
auto.tcl: Setting watchdog for 200 seconds at Sat Jul 04 14:57:16 UTC 2020
14 ms. Memory: 48128K Free: 20602K (43%)
ptolemy.util.test.WatchDog.cancel(): canceling Sat Jul 04 14:57:16 UTC 2020
auto.tcl: Setting watchdog for 200 seconds at Sat Jul 04 14:57:16 UTC 2020
15 ms. Memory: 48128K Free: 17486K (36%)
ptolemy.util.test.WatchDog.cancel(): canceling Sat Jul 04 14:57:16 UTC 2020
------------------ testing $PTII/ptolemy/domains/de/test/auto/Inspection.xml
auto.tcl: Setting watchdog for 200 seconds at Sat Jul 04 14:57:16 UTC 2020
27 ms. Memory: 48128K Free: 20635K (43%)
ptolemy.util.test.WatchDog.cancel(): canceling Sat Jul 04 14:57:16 UTC 2020
auto.tcl: Setting watchdog for 200 seconds at Sat Jul 04 14:57:16 UTC 2020
28 ms. Memory: 48128K Free: 18912K (39%)
ptolemy.util.test.WatchDog.cancel(): canceling Sat Jul 04 14:57:16 UTC 2020
------------------ testing $PTII/ptolemy/domains/de/test/auto/Iteration.xml
auto.tcl: Setting watchdog for 200 seconds at Sat Jul 04 14:57:16 UTC 2020
10 ms. Memory: 48128K Free: 26378K (55%)
ptolemy.util.test.WatchDog.cancel(): canceling Sat Jul 04 14:57:16 UTC 2020
auto.tcl: Setting watchdog for 200 seconds at Sat Jul 04 14:57:16 UTC 2020
6 ms. Memory: 48128K Free: 24967K (52%)
ptolemy.util.test.WatchDog.cancel(): canceling Sat Jul 04 14:57:16 UTC 2020
------------------ testing $PTII/ptolemy/domains/de/test/auto/LineFault.xml
auto.tcl: Setting watchdog for 200 seconds at Sat Jul 04 14:57:16 UTC 2020
596 ms. Memory: 48128K Free: 23633K (49%)
ptolemy.util.test.WatchDog.cancel(): canceling Sat Jul 04 14:57:17 UTC 2020
auto.tcl: Setting watchdog for 200 seconds at Sat Jul 04 14:57:17 UTC 2020
525 ms. Memory: 58368K Free: 19639K (34%)
ptolemy.util.test.WatchDog.cancel(): canceling Sat Jul 04 14:57:17 UTC 2020
------------------ testing $PTII/ptolemy/domains/de/test/auto/MergeModel1Add.xml
auto.tcl: Setting watchdog for 200 seconds at Sat Jul 04 14:57:17 UTC 2020
16 ms. Memory: 58368K Free: 22602K (39%)
ptolemy.util.test.WatchDog.cancel(): canceling Sat Jul 04 14:57:17 UTC 2020
auto.tcl: Setting watchdog for 200 seconds at Sat Jul 04 14:57:17 UTC 2020
9 ms. Memory: 58368K Free: 20930K (36%)
ptolemy.util.test.WatchDog.cancel(): canceling Sat Jul 04 14:57:17 UTC 2020
------------------ testing $PTII/ptolemy/domains/de/test/auto/MergeModel2Add.xml
auto.tcl: Setting watchdog for 200 seconds at Sat Jul 04 14:57:17 UTC 2020
13 ms. Memory: 51200K Free: 17302K (34%)
ptolemy.util.test.WatchDog.cancel(): canceling Sat Jul 04 14:57:18 UTC 2020
auto.tcl: Setting watchdog for 200 seconds at Sat Jul 04 14:57:18 UTC 2020
10 ms. Memory: 51200K Free: 15539K (30%)
ptolemy.util.test.WatchDog.cancel(): canceling Sat Jul 04 14:57:18 UTC 2020
------------------ testing $PTII/ptolemy/domains/de/test/auto/MergeModel3Add.xml
auto.tcl: Setting watchdog for 200 seconds at Sat Jul 04 14:57:18 UTC 2020
6 ms. Memory: 51200K Free: 17517K (34%)
ptolemy.util.test.WatchDog.cancel(): canceling Sat Jul 04 14:57:18 UTC 2020
auto.tcl: Setting watchdog for 200 seconds at Sat Jul 04 14:57:18 UTC 2020
6 ms. Memory: 51200K Free: 15972K (31%)
ptolemy.util.test.WatchDog.cancel(): canceling Sat Jul 04 14:57:18 UTC 2020
------------------ testing $PTII/ptolemy/domains/de/test/auto/MergeWithoutDiscard.xml
auto.tcl: Setting watchdog for 200 seconds at Sat Jul 04 14:57:18 UTC 2020
3 ms. Memory: 51200K Free: 31851K (62%)
ptolemy.util.test.WatchDog.cancel(): canceling Sat Jul 04 14:57:18 UTC 2020
auto.tcl: Setting watchdog for 200 seconds at Sat Jul 04 14:57:18 UTC 2020
2 ms. Memory: 51200K Free: 31416K (61%)
ptolemy.util.test.WatchDog.cancel(): canceling Sat Jul 04 14:57:18 UTC 2020
------------------ testing $PTII/ptolemy/domains/de/test/auto/Modal1.xml
auto.tcl: Setting watchdog for 200 seconds at Sat Jul 04 14:57:18 UTC 2020
20 ms. Memory: 51200K Free: 23984K (47%)
ptolemy.util.test.WatchDog.cancel(): canceling Sat Jul 04 14:57:18 UTC 2020
auto.tcl: Setting watchdog for 200 seconds at Sat Jul 04 14:57:18 UTC 2020
28 ms. Memory: 51200K Free: 20522K (40%)
ptolemy.util.test.WatchDog.cancel(): canceling Sat Jul 04 14:57:18 UTC 2020
------------------ testing $PTII/ptolemy/domains/de/test/auto/Modal2.xml
auto.tcl: Setting watchdog for 200 seconds at Sat Jul 04 14:57:18 UTC 2020
11 ms. Memory: 51200K Free: 24111K (47%)
ptolemy.util.test.WatchDog.cancel(): canceling Sat Jul 04 14:57:18 UTC 2020
auto.tcl: Setting watchdog for 200 seconds at Sat Jul 04 14:57:18 UTC 2020
9 ms. Memory: 51200K Free: 20878K (41%)
ptolemy.util.test.WatchDog.cancel(): canceling Sat Jul 04 14:57:18 UTC 2020
------------------ testing $PTII/ptolemy/domains/de/test/auto/Modal3.xml
auto.tcl: Setting watchdog for 200 seconds at Sat Jul 04 14:57:18 UTC 2020
15 ms. Memory: 51200K Free: 23639K (46%)
ptolemy.util.test.WatchDog.cancel(): canceling Sat Jul 04 14:57:18 UTC 2020
auto.tcl: Setting watchdog for 200 seconds at Sat Jul 04 14:57:18 UTC 2020
14 ms. Memory: 51200K Free: 20487K (40%)
ptolemy.util.test.WatchDog.cancel(): canceling Sat Jul 04 14:57:18 UTC 2020
------------------ testing $PTII/ptolemy/domains/de/test/auto/Modal4.xml
auto.tcl: Setting watchdog for 200 seconds at Sat Jul 04 14:57:18 UTC 2020
12 ms. Memory: 51200K Free: 23053K (45%)
ptolemy.util.test.WatchDog.cancel(): canceling Sat Jul 04 14:57:18 UTC 2020
auto.tcl: Setting watchdog for 200 seconds at Sat Jul 04 14:57:18 UTC 2020
14 ms. Memory: 51200K Free: 19224K (38%)
ptolemy.util.test.WatchDog.cancel(): canceling Sat Jul 04 14:57:18 UTC 2020
------------------ testing $PTII/ptolemy/domains/de/test/auto/Modal5.xml
auto.tcl: Setting watchdog for 200 seconds at Sat Jul 04 14:57:18 UTC 2020
15 ms. Memory: 51200K Free: 23069K (45%)
ptolemy.util.test.WatchDog.cancel(): canceling Sat Jul 04 14:57:18 UTC 2020
auto.tcl: Setting watchdog for 200 seconds at Sat Jul 04 14:57:18 UTC 2020
14 ms. Memory: 51200K Free: 19211K (38%)
ptolemy.util.test.WatchDog.cancel(): canceling Sat Jul 04 14:57:18 UTC 2020
------------------ testing $PTII/ptolemy/domains/de/test/auto/Modal6.xml
auto.tcl: Setting watchdog for 200 seconds at Sat Jul 04 14:57:18 UTC 2020
12 ms. Memory: 51200K Free: 23856K (47%)
ptolemy.util.test.WatchDog.cancel(): canceling Sat Jul 04 14:57:18 UTC 2020
auto.tcl: Setting watchdog for 200 seconds at Sat Jul 04 14:57:18 UTC 2020
14 ms. Memory: 51200K Free: 19836K (39%)
ptolemy.util.test.WatchDog.cancel(): canceling Sat Jul 04 14:57:18 UTC 2020
------------------ testing $PTII/ptolemy/domains/de/test/auto/Modal7.xml
auto.tcl: Setting watchdog for 200 seconds at Sat Jul 04 14:57:18 UTC 2020
10 ms. Memory: 51200K Free: 23015K (45%)
ptolemy.util.test.WatchDog.cancel(): canceling Sat Jul 04 14:57:18 UTC 2020
auto.tcl: Setting watchdog for 200 seconds at Sat Jul 04 14:57:18 UTC 2020
10 ms. Memory: 51200K Free: 19457K (38%)
ptolemy.util.test.WatchDog.cancel(): canceling Sat Jul 04 14:57:18 UTC 2020
------------------ testing $PTII/ptolemy/domains/de/test/auto/ModalModel.xml
auto.tcl: Setting watchdog for 200 seconds at Sat Jul 04 14:57:18 UTC 2020
233 ms. Memory: 51200K Free: 12845K (25%)
ptolemy.util.test.WatchDog.cancel(): canceling Sat Jul 04 14:57:19 UTC 2020
auto.tcl: Setting watchdog for 200 seconds at Sat Jul 04 14:57:19 UTC 2020
214 ms. Memory: 61440K Free: 41419K (67%)
ptolemy.util.test.WatchDog.cancel(): canceling Sat Jul 04 14:57:19 UTC 2020
------------------ testing $PTII/ptolemy/domains/de/test/auto/ModalSource.xml
auto.tcl: Setting watchdog for 200 seconds at Sat Jul 04 14:57:19 UTC 2020
6 ms. Memory: 51200K Free: 27885K (54%)
ptolemy.util.test.WatchDog.cancel(): canceling Sat Jul 04 14:57:19 UTC 2020
auto.tcl: Setting watchdog for 200 seconds at Sat Jul 04 14:57:19 UTC 2020
6 ms. Memory: 51200K Free: 25837K (50%)
ptolemy.util.test.WatchDog.cancel(): canceling Sat Jul 04 14:57:19 UTC 2020
------------------ testing $PTII/ptolemy/domains/de/test/auto/NonInterruptibleTimerZeroDelay.xml
auto.tcl: Setting watchdog for 200 seconds at Sat Jul 04 14:57:19 UTC 2020
4 ms. Memory: 51200K Free: 33113K (65%)
ptolemy.util.test.WatchDog.cancel(): canceling Sat Jul 04 14:57:19 UTC 2020
auto.tcl: Setting watchdog for 200 seconds at Sat Jul 04 14:57:19 UTC 2020
3 ms. Memory: 51200K Free: 32209K (63%)
ptolemy.util.test.WatchDog.cancel(): canceling Sat Jul 04 14:57:19 UTC 2020
------------------ testing $PTII/ptolemy/domains/de/test/auto/OpenQueueingNetwork.xml
auto.tcl: Setting watchdog for 200 seconds at Sat Jul 04 14:57:19 UTC 2020
2767 ms. Memory: 94208K Free: 39670K (42%)
ptolemy.util.test.WatchDog.cancel(): canceling Sat Jul 04 14:57:22 UTC 2020
auto.tcl: Setting watchdog for 200 seconds at Sat Jul 04 14:57:22 UTC 2020
2236 ms. Memory: 113664K Free: 84611K (74%)
ptolemy.util.test.WatchDog.cancel(): canceling Sat Jul 04 14:57:24 UTC 2020
------------------ testing $PTII/ptolemy/domains/de/test/auto/OpenQueuingNetwork.xml
auto.tcl: Setting watchdog for 200 seconds at Sat Jul 04 14:57:24 UTC 2020
245 ms. Memory: 70656K Free: 43179K (61%)
ptolemy.util.test.WatchDog.cancel(): canceling Sat Jul 04 14:57:25 UTC 2020
auto.tcl: Setting watchdog for 200 seconds at Sat Jul 04 14:57:25 UTC 2020
217 ms. Memory: 70656K Free: 30871K (44%)
ptolemy.util.test.WatchDog.cancel(): canceling Sat Jul 04 14:57:25 UTC 2020
------------------ testing $PTII/ptolemy/domains/de/test/auto/PeriodicSampler.xml
auto.tcl: Setting watchdog for 200 seconds at Sat Jul 04 14:57:25 UTC 2020
3 ms. Memory: 51200K Free: 32020K (63%)
ptolemy.util.test.WatchDog.cancel(): canceling Sat Jul 04 14:57:25 UTC 2020
auto.tcl: Setting watchdog for 200 seconds at Sat Jul 04 14:57:25 UTC 2020
2 ms. Memory: 51200K Free: 31500K (62%)
ptolemy.util.test.WatchDog.cancel(): canceling Sat Jul 04 14:57:25 UTC 2020
------------------ testing $PTII/ptolemy/domains/de/test/auto/PersistentIO.xml
auto.tcl: Setting watchdog for 200 seconds at Sat Jul 04 14:57:25 UTC 2020
5 ms. Memory: 51200K Free: 26929K (53%)
ptolemy.util.test.WatchDog.cancel(): canceling Sat Jul 04 14:57:25 UTC 2020
auto.tcl: Setting watchdog for 200 seconds at Sat Jul 04 14:57:25 UTC 2020
5 ms. Memory: 51200K Free: 25425K (50%)
ptolemy.util.test.WatchDog.cancel(): canceling Sat Jul 04 14:57:25 UTC 2020
------------------ testing $PTII/ptolemy/domains/de/test/auto/PortParameterResetOnInitialize.xml
auto.tcl: Setting watchdog for 200 seconds at Sat Jul 04 14:57:25 UTC 2020
8 ms. Memory: 51200K Free: 31940K (62%)
ptolemy.util.test.WatchDog.cancel(): canceling Sat Jul 04 14:57:25 UTC 2020
auto.tcl: Setting watchdog for 200 seconds at Sat Jul 04 14:57:25 UTC 2020
2 ms. Memory: 51200K Free: 31433K (61%)
ptolemy.util.test.WatchDog.cancel(): canceling Sat Jul 04 14:57:25 UTC 2020
------------------ testing $PTII/ptolemy/domains/de/test/auto/PortParameterUpdates.xml
auto.tcl: Setting watchdog for 200 seconds at Sat Jul 04 14:57:25 UTC 2020
5 ms. Memory: 51200K Free: 30237K (59%)
ptolemy.util.test.WatchDog.cancel(): canceling Sat Jul 04 14:57:25 UTC 2020
auto.tcl: Setting watchdog for 200 seconds at Sat Jul 04 14:57:25 UTC 2020
5 ms. Memory: 51200K Free: 28993K (57%)
ptolemy.util.test.WatchDog.cancel(): canceling Sat Jul 04 14:57:25 UTC 2020
------------------ testing $PTII/ptolemy/domains/de/test/auto/QueueAndServer.xml
auto.tcl: Setting watchdog for 200 seconds at Sat Jul 04 14:57:25 UTC 2020
13 ms. Memory: 51200K Free: 28904K (56%)
ptolemy.util.test.WatchDog.cancel(): canceling Sat Jul 04 14:57:25 UTC 2020
auto.tcl: Setting watchdog for 200 seconds at Sat Jul 04 14:57:25 UTC 2020
7 ms. Memory: 51200K Free: 27432K (54%)
ptolemy.util.test.WatchDog.cancel(): canceling Sat Jul 04 14:57:25 UTC 2020
------------------ testing $PTII/ptolemy/domains/de/test/auto/Records.xml
auto.tcl: Setting watchdog for 200 seconds at Sat Jul 04 14:57:25 UTC 2020
8 ms. Memory: 51200K Free: 31181K (61%)
ptolemy.util.test.WatchDog.cancel(): canceling Sat Jul 04 14:57:25 UTC 2020
auto.tcl: Setting watchdog for 200 seconds at Sat Jul 04 14:57:25 UTC 2020
3 ms. Memory: 51200K Free: 30642K (60%)
ptolemy.util.test.WatchDog.cancel(): canceling Sat Jul 04 14:57:25 UTC 2020
------------------ testing $PTII/ptolemy/domains/de/test/auto/ResetTransitionWithStartTime1.xml
auto.tcl: Setting watchdog for 200 seconds at Sat Jul 04 14:57:26 UTC 2020
13 ms. Memory: 51200K Free: 28425K (56%)
ptolemy.util.test.WatchDog.cancel(): canceling Sat Jul 04 14:57:26 UTC 2020
auto.tcl: Setting watchdog for 200 seconds at Sat Jul 04 14:57:26 UTC 2020
8 ms. Memory: 51200K Free: 26377K (52%)
ptolemy.util.test.WatchDog.cancel(): canceling Sat Jul 04 14:57:26 UTC 2020
------------------ testing $PTII/ptolemy/domains/de/test/auto/ResetTransitionWithStartTime2.xml
auto.tcl: Setting watchdog for 200 seconds at Sat Jul 04 14:57:26 UTC 2020
7 ms. Memory: 51200K Free: 28417K (56%)
ptolemy.util.test.WatchDog.cancel(): canceling Sat Jul 04 14:57:26 UTC 2020
auto.tcl: Setting watchdog for 200 seconds at Sat Jul 04 14:57:26 UTC 2020
5 ms. Memory: 51200K Free: 26332K (51%)
ptolemy.util.test.WatchDog.cancel(): canceling Sat Jul 04 14:57:26 UTC 2020
------------------ testing $PTII/ptolemy/domains/de/test/auto/ResetTransitionWithStartTime3.xml
auto.tcl: Setting watchdog for 200 seconds at Sat Jul 04 14:57:26 UTC 2020
6 ms. Memory: 51200K Free: 28379K (55%)
ptolemy.util.test.WatchDog.cancel(): canceling Sat Jul 04 14:57:26 UTC 2020
auto.tcl: Setting watchdog for 200 seconds at Sat Jul 04 14:57:26 UTC 2020
5 ms. Memory: 51200K Free: 26331K (51%)
ptolemy.util.test.WatchDog.cancel(): canceling Sat Jul 04 14:57:26 UTC 2020
------------------ testing $PTII/ptolemy/domains/de/test/auto/ResetTransitionWithStartTime4.xml
auto.tcl: Setting watchdog for 200 seconds at Sat Jul 04 14:57:26 UTC 2020
7 ms. Memory: 51200K Free: 28822K (56%)
ptolemy.util.test.WatchDog.cancel(): canceling Sat Jul 04 14:57:26 UTC 2020
auto.tcl: Setting watchdog for 200 seconds at Sat Jul 04 14:57:26 UTC 2020
4 ms. Memory: 51200K Free: 27354K (53%)
ptolemy.util.test.WatchDog.cancel(): canceling Sat Jul 04 14:57:26 UTC 2020
------------------ testing $PTII/ptolemy/domains/de/test/auto/ResettableTimer1.xml
auto.tcl: Setting watchdog for 200 seconds at Sat Jul 04 14:57:26 UTC 2020
2 ms. Memory: 51200K Free: 32591K (64%)
ptolemy.util.test.WatchDog.cancel(): canceling Sat Jul 04 14:57:26 UTC 2020
auto.tcl: Setting watchdog for 200 seconds at Sat Jul 04 14:57:26 UTC 2020
2 ms. Memory: 51200K Free: 31934K (62%)
ptolemy.util.test.WatchDog.cancel(): canceling Sat Jul 04 14:57:26 UTC 2020
------------------ testing $PTII/ptolemy/domains/de/test/auto/ResettableTimer2.xml
auto.tcl: Setting watchdog for 200 seconds at Sat Jul 04 14:57:26 UTC 2020
2 ms. Memory: 51200K Free: 32611K (64%)
ptolemy.util.test.WatchDog.cancel(): canceling Sat Jul 04 14:57:26 UTC 2020
auto.tcl: Setting watchdog for 200 seconds at Sat Jul 04 14:57:26 UTC 2020
2 ms. Memory: 51200K Free: 31992K (62%)
ptolemy.util.test.WatchDog.cancel(): canceling Sat Jul 04 14:57:26 UTC 2020
------------------ testing $PTII/ptolemy/domains/de/test/auto/ResettableTimer3.xml
auto.tcl: Setting watchdog for 200 seconds at Sat Jul 04 14:57:26 UTC 2020
1 ms. Memory: 51200K Free: 32910K (64%)
ptolemy.util.test.WatchDog.cancel(): canceling Sat Jul 04 14:57:26 UTC 2020
auto.tcl: Setting watchdog for 200 seconds at Sat Jul 04 14:57:26 UTC 2020
1 ms. Memory: 51200K Free: 31968K (62%)
ptolemy.util.test.WatchDog.cancel(): canceling Sat Jul 04 14:57:26 UTC 2020
------------------ testing $PTII/ptolemy/domains/de/test/auto/ResettableTimer4.xml
auto.tcl: Setting watchdog for 200 seconds at Sat Jul 04 14:57:26 UTC 2020
1 ms. Memory: 51200K Free: 32525K (64%)
ptolemy.util.test.WatchDog.cancel(): canceling Sat Jul 04 14:57:26 UTC 2020
auto.tcl: Setting watchdog for 200 seconds at Sat Jul 04 14:57:26 UTC 2020
1 ms. Memory: 51200K Free: 32011K (63%)
ptolemy.util.test.WatchDog.cancel(): canceling Sat Jul 04 14:57:26 UTC 2020
------------------ testing $PTII/ptolemy/domains/de/test/auto/ResettableTimer5.xml
auto.tcl: Setting watchdog for 200 seconds at Sat Jul 04 14:57:26 UTC 2020
2 ms. Memory: 51200K Free: 32009K (63%)
ptolemy.util.test.WatchDog.cancel(): canceling Sat Jul 04 14:57:26 UTC 2020
auto.tcl: Setting watchdog for 200 seconds at Sat Jul 04 14:57:26 UTC 2020
1 ms. Memory: 51200K Free: 31499K (62%)
ptolemy.util.test.WatchDog.cancel(): canceling Sat Jul 04 14:57:26 UTC 2020
------------------ testing $PTII/ptolemy/domains/de/test/auto/ResettableTimer6.xml
auto.tcl: Setting watchdog for 200 seconds at Sat Jul 04 14:57:26 UTC 2020
2 ms. Memory: 51200K Free: 32000K (63%)
ptolemy.util.test.WatchDog.cancel(): canceling Sat Jul 04 14:57:26 UTC 2020
auto.tcl: Setting watchdog for 200 seconds at Sat Jul 04 14:57:26 UTC 2020
1 ms. Memory: 51200K Free: 31490K (62%)
ptolemy.util.test.WatchDog.cancel(): canceling Sat Jul 04 14:57:26 UTC 2020
------------------ testing $PTII/ptolemy/domains/de/test/auto/ServerZeroDelay.xml
auto.tcl: Setting watchdog for 200 seconds at Sat Jul 04 14:57:26 UTC 2020
2 ms. Memory: 51200K Free: 32505K (63%)
ptolemy.util.test.WatchDog.cancel(): canceling Sat Jul 04 14:57:26 UTC 2020
auto.tcl: Setting watchdog for 200 seconds at Sat Jul 04 14:57:26 UTC 2020
2 ms. Memory: 51200K Free: 31481K (61%)
ptolemy.util.test.WatchDog.cancel(): canceling Sat Jul 04 14:57:26 UTC 2020
------------------ testing $PTII/ptolemy/domains/de/test/auto/SmartSender.xml
auto.tcl: Setting watchdog for 200 seconds at Sat Jul 04 14:57:26 UTC 2020
3001 ms. Memory: 51200K Free: 31986K (62%)
ptolemy.util.test.WatchDog.cancel(): canceling Sat Jul 04 14:57:29 UTC 2020
auto.tcl: Setting watchdog for 200 seconds at Sat Jul 04 14:57:29 UTC 2020
3001 ms. Memory: 51200K Free: 31476K (61%)
ptolemy.util.test.WatchDog.cancel(): canceling Sat Jul 04 14:57:32 UTC 2020
------------------ testing $PTII/ptolemy/domains/de/test/auto/ThreadedComposite.xml
auto.tcl: Setting watchdog for 200 seconds at Sat Jul 04 14:57:32 UTC 2020
222 ms. Memory: 51200K Free: 14082K (28%)
ptolemy.util.test.WatchDog.cancel(): canceling Sat Jul 04 14:57:33 UTC 2020
auto.tcl: Setting watchdog for 200 seconds at Sat Jul 04 14:57:33 UTC 2020
128 ms. Memory: 51200K Free: 30040K (59%)
ptolemy.util.test.WatchDog.cancel(): canceling Sat Jul 04 14:57:33 UTC 2020
------------------ testing $PTII/ptolemy/domains/de/test/auto/Time.xml
auto.tcl: Setting watchdog for 200 seconds at Sat Jul 04 14:57:33 UTC 2020
465 ms. Memory: 51200K Free: 35253K (69%)
ptolemy.util.test.WatchDog.cancel(): canceling Sat Jul 04 14:57:33 UTC 2020
auto.tcl: Setting watchdog for 200 seconds at Sat Jul 04 14:57:33 UTC 2020
396 ms. Memory: 51200K Free: 8764K (17%)
ptolemy.util.test.WatchDog.cancel(): canceling Sat Jul 04 14:57:34 UTC 2020
------------------ testing $PTII/ptolemy/domains/de/test/auto/TimeDelayZeroDelay.xml
auto.tcl: Setting watchdog for 200 seconds at Sat Jul 04 14:57:34 UTC 2020
2 ms. Memory: 51200K Free: 32430K (63%)
ptolemy.util.test.WatchDog.cancel(): canceling Sat Jul 04 14:57:34 UTC 2020
auto.tcl: Setting watchdog for 200 seconds at Sat Jul 04 14:57:34 UTC 2020
2 ms. Memory: 51200K Free: 31945K (62%)
ptolemy.util.test.WatchDog.cancel(): canceling Sat Jul 04 14:57:34 UTC 2020
------------------ testing $PTII/ptolemy/domains/de/test/auto/TimerZeroDelay.xml
auto.tcl: Setting watchdog for 200 seconds at Sat Jul 04 14:57:34 UTC 2020
2 ms. Memory: 51200K Free: 32791K (64%)
ptolemy.util.test.WatchDog.cancel(): canceling Sat Jul 04 14:57:34 UTC 2020
auto.tcl: Setting watchdog for 200 seconds at Sat Jul 04 14:57:34 UTC 2020
1 ms. Memory: 51200K Free: 32473K (63%)
ptolemy.util.test.WatchDog.cancel(): canceling Sat Jul 04 14:57:34 UTC 2020
------------------ testing $PTII/ptolemy/domains/de/test/auto/TimingParadox.xml
auto.tcl: Setting watchdog for 200 seconds at Sat Jul 04 14:57:34 UTC 2020
275 ms. Memory: 51200K Free: 20101K (39%)
ptolemy.util.test.WatchDog.cancel(): canceling Sat Jul 04 14:57:34 UTC 2020
auto.tcl: Setting watchdog for 200 seconds at Sat Jul 04 14:57:34 UTC 2020
275 ms. Memory: 51200K Free: 9742K (19%)
ptolemy.util.test.WatchDog.cancel(): canceling Sat Jul 04 14:57:34 UTC 2020
------------------ testing $PTII/ptolemy/domains/de/test/auto/TransferInputs.xml
auto.tcl: Setting watchdog for 200 seconds at Sat Jul 04 14:57:34 UTC 2020
2 ms. Memory: 51200K Free: 30941K (60%)
ptolemy.util.test.WatchDog.cancel(): canceling Sat Jul 04 14:57:34 UTC 2020
auto.tcl: Setting watchdog for 200 seconds at Sat Jul 04 14:57:34 UTC 2020
1 ms. Memory: 51200K Free: 30027K (59%)
ptolemy.util.test.WatchDog.cancel(): canceling Sat Jul 04 14:57:34 UTC 2020
------------------ testing $PTII/ptolemy/domains/de/test/auto/TransferOutputs2.xml
auto.tcl: Setting watchdog for 200 seconds at Sat Jul 04 14:57:34 UTC 2020
3 ms. Memory: 51200K Free: 28383K (55%)
ptolemy.util.test.WatchDog.cancel(): canceling Sat Jul 04 14:57:34 UTC 2020
auto.tcl: Setting watchdog for 200 seconds at Sat Jul 04 14:57:34 UTC 2020
3 ms. Memory: 51200K Free: 26958K (53%)
ptolemy.util.test.WatchDog.cancel(): canceling Sat Jul 04 14:57:34 UTC 2020
------------------ testing $PTII/ptolemy/domains/de/test/auto/Trilateration.xml
auto.tcl: Setting watchdog for 200 seconds at Sat Jul 04 14:57:35 UTC 2020
11747 ms. Memory: 482304K Free: 212131K (44%)
ptolemy.util.test.WatchDog.cancel(): canceling Sat Jul 04 14:57:47 UTC 2020
auto.tcl: Setting watchdog for 200 seconds at Sat Jul 04 14:57:47 UTC 2020
9100 ms. Memory: 482304K Free: 419420K (87%)
ptolemy.util.test.WatchDog.cancel(): canceling Sat Jul 04 14:57:57 UTC 2020
------------------ testing $PTII/ptolemy/domains/de/test/auto/TwoSigmaDelta.xml
auto.tcl: Setting watchdog for 200 seconds at Sat Jul 04 14:57:57 UTC 2020
2184 ms. Memory: 89088K Free: 35247K (40%)
ptolemy.util.test.WatchDog.cancel(): canceling Sat Jul 04 14:57:59 UTC 2020
auto.tcl: Setting watchdog for 200 seconds at Sat Jul 04 14:57:59 UTC 2020
1858 ms. Memory: 89088K Free: 32157K (36%)
ptolemy.util.test.WatchDog.cancel(): canceling Sat Jul 04 14:58:01 UTC 2020
------------------ testing $PTII/ptolemy/domains/de/test/auto/VariableDelay.xml
auto.tcl: Setting watchdog for 200 seconds at Sat Jul 04 14:58:01 UTC 2020
2 ms. Memory: 51200K Free: 31415K (61%)
ptolemy.util.test.WatchDog.cancel(): canceling Sat Jul 04 14:58:01 UTC 2020
auto.tcl: Setting watchdog for 200 seconds at Sat Jul 04 14:58:01 UTC 2020
2 ms. Memory: 51200K Free: 30421K (59%)
ptolemy.util.test.WatchDog.cancel(): canceling Sat Jul 04 14:58:01 UTC 2020
------------------ testing $PTII/ptolemy/domains/de/test/auto/VariableDelay2.xml
auto.tcl: Setting watchdog for 200 seconds at Sat Jul 04 14:58:01 UTC 2020
3 ms. Memory: 51200K Free: 31830K (62%)
ptolemy.util.test.WatchDog.cancel(): canceling Sat Jul 04 14:58:01 UTC 2020
auto.tcl: Setting watchdog for 200 seconds at Sat Jul 04 14:58:01 UTC 2020
2 ms. Memory: 51200K Free: 31334K (61%)
ptolemy.util.test.WatchDog.cancel(): canceling Sat Jul 04 14:58:01 UTC 2020
------------------ testing $PTII/ptolemy/domains/de/test/auto/VariableDelayZeroDelay.xml
auto.tcl: Setting watchdog for 200 seconds at Sat Jul 04 14:58:01 UTC 2020
2 ms. Memory: 51200K Free: 32356K (63%)
ptolemy.util.test.WatchDog.cancel(): canceling Sat Jul 04 14:58:01 UTC 2020
auto.tcl: Setting watchdog for 200 seconds at Sat Jul 04 14:58:01 UTC 2020
2 ms. Memory: 51200K Free: 31812K (62%)
ptolemy.util.test.WatchDog.cancel(): canceling Sat Jul 04 14:58:01 UTC 2020
------------------ testing $PTII/ptolemy/domains/de/test/auto/VariableDelayZeroDelay2.xml
auto.tcl: Setting watchdog for 200 seconds at Sat Jul 04 14:58:01 UTC 2020
2 ms. Memory: 51200K Free: 32356K (63%)
ptolemy.util.test.WatchDog.cancel(): canceling Sat Jul 04 14:58:01 UTC 2020
auto.tcl: Setting watchdog for 200 seconds at Sat Jul 04 14:58:01 UTC 2020
2 ms. Memory: 51200K Free: 31332K (61%)
ptolemy.util.test.WatchDog.cancel(): canceling Sat Jul 04 14:58:01 UTC 2020
------------------ testing $PTII/ptolemy/domains/de/test/auto/deInCt.xml
auto.tcl: Setting watchdog for 200 seconds at Sat Jul 04 14:58:01 UTC 2020
0
1
1
1
1
1
1
0
0
0
1
1
1
1
0
0
0
1
1
1
0
0
0
1
1
1
1
1
1
8 ms. Memory: 51200K Free: 31329K (61%)
ptolemy.util.test.WatchDog.cancel(): canceling Sat Jul 04 14:58:01 UTC 2020
auto.tcl: Setting watchdog for 200 seconds at Sat Jul 04 14:58:01 UTC 2020
0
1
1
1
1
0
0
0
0
1
1
1
0
0
0
1
1
1
1
0
0
0
1
1
1
1
1
0
0
0
0
1
1
1
0
0
1
1
1
8 ms. Memory: 51200K Free: 29791K (58%)
ptolemy.util.test.WatchDog.cancel(): canceling Sat Jul 04 14:58:01 UTC 2020
------------------ testing $PTII/ptolemy/domains/de/test/auto/deInCt2.xml
auto.tcl: Setting watchdog for 200 seconds at Sat Jul 04 14:58:01 UTC 2020
0
1
1
1
0
0
1
1
1
0
0
1
1
1
0
0
1
1
1
0
0
1
1
1
0
0
1
1
1
0
0
1
1
1
0
0
1
1
1
0
0
0
12 ms. Memory: 51200K Free: 31329K (61%)
ptolemy.util.test.WatchDog.cancel(): canceling Sat Jul 04 14:58:01 UTC 2020
auto.tcl: Setting watchdog for 200 seconds at Sat Jul 04 14:58:01 UTC 2020
0
1
1
1
0
0
1
1
1
0
0
1
1
1
0
0
1
1
1
0
0
1
1
1
0
0
1
1
1
0
0
1
1
1
0
0
1
1
1
0
0
0
5 ms. Memory: 51200K Free: 29777K (58%)
ptolemy.util.test.WatchDog.cancel(): canceling Sat Jul 04 14:58:01 UTC 2020
------------------ testing $PTII/ptolemy/domains/de/test/auto/dynamicCausalityInterface1.xml
auto.tcl: Setting watchdog for 200 seconds at Sat Jul 04 14:58:01 UTC 2020
2 ms. Memory: 51200K Free: 27228K (53%)
ptolemy.util.test.WatchDog.cancel(): canceling Sat Jul 04 14:58:01 UTC 2020
auto.tcl: Setting watchdog for 200 seconds at Sat Jul 04 14:58:01 UTC 2020
0 ms. Memory: 51200K Free: 26714K (52%)
ptolemy.util.test.WatchDog.cancel(): canceling Sat Jul 04 14:58:01 UTC 2020
------------------ testing $PTII/ptolemy/domains/de/test/auto/fsm_de_test.xml
auto.tcl: Setting watchdog for 200 seconds at Sat Jul 04 14:58:01 UTC 2020
8 ms. Memory: 51200K Free: 27126K (53%)
ptolemy.util.test.WatchDog.cancel(): canceling Sat Jul 04 14:58:01 UTC 2020
auto.tcl: Setting watchdog for 200 seconds at Sat Jul 04 14:58:01 UTC 2020
11 ms. Memory: 51200K Free: 25078K (49%)
ptolemy.util.test.WatchDog.cancel(): canceling Sat Jul 04 14:58:01 UTC 2020
------------------ testing $PTII/ptolemy/domains/de/test/auto/functionDependencyReconstruction.xml
auto.tcl: Setting watchdog for 200 seconds at Sat Jul 04 14:58:01 UTC 2020
2 ms. Memory: 51200K Free: 20972K (41%)
ptolemy.util.test.WatchDog.cancel(): canceling Sat Jul 04 14:58:01 UTC 2020
auto.tcl: Setting watchdog for 200 seconds at Sat Jul 04 14:58:01 UTC 2020
3 ms. Memory: 51200K Free: 18924K (37%)
ptolemy.util.test.WatchDog.cancel(): canceling Sat Jul 04 14:58:01 UTC 2020
------------------ testing $PTII/ptolemy/domains/de/test/auto/multirate.xml
auto.tcl: Setting watchdog for 200 seconds at Sat Jul 04 14:58:01 UTC 2020
6 ms. Memory: 51200K Free: 29767K (58%)
ptolemy.util.test.WatchDog.cancel(): canceling Sat Jul 04 14:58:01 UTC 2020
auto.tcl: Setting watchdog for 200 seconds at Sat Jul 04 14:58:01 UTC 2020
4 ms. Memory: 51200K Free: 28022K (55%)
ptolemy.util.test.WatchDog.cancel(): canceling Sat Jul 04 14:58:01 UTC 2020
------------------ testing $PTII/ptolemy/domains/de/test/auto/multirate2.xml
auto.tcl: Setting watchdog for 200 seconds at Sat Jul 04 14:58:02 UTC 2020
3 ms. Memory: 51200K Free: 29723K (58%)
ptolemy.util.test.WatchDog.cancel(): canceling Sat Jul 04 14:58:02 UTC 2020
auto.tcl: Setting watchdog for 200 seconds at Sat Jul 04 14:58:02 UTC 2020
3 ms. Memory: 51200K Free: 28203K (55%)
ptolemy.util.test.WatchDog.cancel(): canceling Sat Jul 04 14:58:02 UTC 2020
------------------ testing $PTII/ptolemy/domains/de/test/auto/realtime.xml
auto.tcl: Setting watchdog for 200 seconds at Sat Jul 04 14:58:02 UTC 2020
10001 ms. Memory: 51200K Free: 31999K (62%)
ptolemy.util.test.WatchDog.cancel(): canceling Sat Jul 04 14:58:12 UTC 2020
auto.tcl: Setting watchdog for 200 seconds at Sat Jul 04 14:58:12 UTC 2020
10002 ms. Memory: 51200K Free: 31274K (61%)
ptolemy.util.test.WatchDog.cancel(): canceling Sat Jul 04 14:58:22 UTC 2020
------------------ testing $PTII/ptolemy/domains/de/test/auto/relationGroup.xml
auto.tcl: Setting watchdog for 200 seconds at Sat Jul 04 14:58:22 UTC 2020
2 ms. Memory: 51200K Free: 33059K (65%)
ptolemy.util.test.WatchDog.cancel(): canceling Sat Jul 04 14:58:22 UTC 2020
auto.tcl: Setting watchdog for 200 seconds at Sat Jul 04 14:58:22 UTC 2020
2 ms. Memory: 51200K Free: 32522K (64%)
ptolemy.util.test.WatchDog.cancel(): canceling Sat Jul 04 14:58:22 UTC 2020
------------------ testing $PTII/ptolemy/domains/de/test/auto/relationGroup2.xml
auto.tcl: Setting watchdog for 200 seconds at Sat Jul 04 14:58:22 UTC 2020
2 ms. Memory: 51200K Free: 32891K (64%)
ptolemy.util.test.WatchDog.cancel(): canceling Sat Jul 04 14:58:22 UTC 2020
auto.tcl: Setting watchdog for 200 seconds at Sat Jul 04 14:58:22 UTC 2020
2 ms. Memory: 51200K Free: 32381K (63%)
ptolemy.util.test.WatchDog.cancel(): canceling Sat Jul 04 14:58:22 UTC 2020
------------------ testing $PTII/ptolemy/domains/de/test/auto/sortWithOpaquePorts.xml
auto.tcl: Setting watchdog for 200 seconds at Sat Jul 04 14:58:22 UTC 2020
1 ms. Memory: 51200K Free: 31867K (62%)
ptolemy.util.test.WatchDog.cancel(): canceling Sat Jul 04 14:58:22 UTC 2020
auto.tcl: Setting watchdog for 200 seconds at Sat Jul 04 14:58:22 UTC 2020
2 ms. Memory: 51200K Free: 30339K (59%)
ptolemy.util.test.WatchDog.cancel(): canceling Sat Jul 04 14:58:22 UTC 2020
------------------ testing $PTII/ptolemy/domains/de/test/auto/transferInputsandOutputs.xml
auto.tcl: Setting watchdog for 200 seconds at Sat Jul 04 14:58:22 UTC 2020
4 ms. Memory: 51200K Free: 29297K (57%)
ptolemy.util.test.WatchDog.cancel(): canceling Sat Jul 04 14:58:22 UTC 2020
auto.tcl: Setting watchdog for 200 seconds at Sat Jul 04 14:58:22 UTC 2020
2 ms. Memory: 51200K Free: 28273K (55%)
ptolemy.util.test.WatchDog.cancel(): canceling Sat Jul 04 14:58:22 UTC 2020
------------------ testing $PTII/ptolemy/domains/de/test/auto/triggerType.xml
auto.tcl: Setting watchdog for 200 seconds at Sat Jul 04 14:58:22 UTC 2020
1 ms. Memory: 51200K Free: 32322K (63%)
ptolemy.util.test.WatchDog.cancel(): canceling Sat Jul 04 14:58:22 UTC 2020
auto.tcl: Setting watchdog for 200 seconds at Sat Jul 04 14:58:22 UTC 2020
1 ms. Memory: 51200K Free: 31298K (61%)
ptolemy.util.test.WatchDog.cancel(): canceling Sat Jul 04 14:58:22 UTC 2020
07/04/20 02:58:22
Failed: 0  Total Tests: 192  ((Passed: 187, Newly Passed: 1)  Known Failed: 5) /home/travis/build/icyphy/ptII/ptolemy/domains/de/test
07/04/20 02:58:22
Failed: 0  Total Tests: 192  ((Passed: 187, Newly Passed: 1)  Known Failed: 5) /home/travis/build/icyphy/ptII/ptolemy/domains/de/test
----------------- testing (KnownFailure) /home/travis/build/icyphy/ptII/ptolemy/domains/de/test/auto/knownFailedTests/DESDFClockTest.xml
2021 ms. Memory: 51200K Free: 25206K (49%)
Known Failure: java.lang.reflect.InvocationTargetException
----------------- testing (KnownFailure) /home/travis/build/icyphy/ptII/ptolemy/domains/de/test/auto/knownFailedTests/DirectFeedback.xml
2 ms. Memory: 51200K Free: 21110K (41%)
Known Failure: java.lang.reflect.InvocationTargetException
----------------- testing (KnownFailure) /home/travis/build/icyphy/ptII/ptolemy/domains/de/test/auto/knownFailedTests/FSMSource.xml
18 ms. Memory: 51200K Free: 13942K (27%)
----------------- testing (KnownFailure) /home/travis/build/icyphy/ptII/ptolemy/domains/de/test/auto/knownFailedTests/HierarchicalModel.xml
3 ms. Memory: 51200K Free: 27151K (53%)
Known Failure: java.lang.reflect.InvocationTargetException
----------------- testing (KnownFailure) /home/travis/build/icyphy/ptII/ptolemy/domains/de/test/auto/knownFailedTests/dependencyLoop.xml
3 ms. Memory: 51200K Free: 11800K (23%)
Known Failure: java.lang.reflect.InvocationTargetException
----------------- testing (KnownFailure) /home/travis/build/icyphy/ptII/ptolemy/domains/de/test/auto/knownFailedTests/dependencyLoop2.xml
4 ms. Memory: 51200K Free: 25609K (50%)
Known Failure: java.lang.reflect.InvocationTargetException
No auto/linux-amd64/*.xml tests in /home/travis/build/icyphy/ptII/ptolemy/domains/de/test
AutoTests.java: About to close Vertx.
AutoTests.java: Vertx closed.

===========================================================================================
----------------- testing Sat Jul 04 14:58:24 UTC 2020 /home/travis/build/icyphy/ptII/ptolemy/domains/de/test/auto/ActorDepthCalculation_actorWithoutPorts.xml
----------------- Instantiating /home/travis/build/icyphy/ptII/ptolemy/domains/de/test/auto/ActorDepthCalculation_actorWithoutPorts.xml
2 ms. Memory: 51200K Free: 18858K (37%)
----------------- Invoking toplevel() on ptolemy.moml.MoMLSimpleApplication@3bd9e072
----------------- Done invoking toplevel() on ptolemy.moml.MoMLSimpleApplication@3bd9e072
reloadAllAccessors: .ActorDepthCalculation_actorWithoutPorts

===========================================================================================
----------------- testing Sat Jul 04 14:58:24 UTC 2020 /home/travis/build/icyphy/ptII/ptolemy/domains/de/test/auto/AssemblyLine.xml
----------------- Instantiating /home/travis/build/icyphy/ptII/ptolemy/domains/de/test/auto/AssemblyLine.xml
3 ms. Memory: 51200K Free: 12009K (23%)
----------------- Invoking toplevel() on ptolemy.moml.MoMLSimpleApplication@6d7ccc45
----------------- Done invoking toplevel() on ptolemy.moml.MoMLSimpleApplication@6d7ccc45
reloadAllAccessors: .AssemblyLine

===========================================================================================
----------------- testing Sat Jul 04 14:58:24 UTC 2020 /home/travis/build/icyphy/ptII/ptolemy/domains/de/test/auto/CQBug1.xml
----------------- Instantiating /home/travis/build/icyphy/ptII/ptolemy/domains/de/test/auto/CQBug1.xml
0 ms. Memory: 51200K Free: 9225K (18%)
----------------- Invoking toplevel() on ptolemy.moml.MoMLSimpleApplication@481c5137
----------------- Done invoking toplevel() on ptolemy.moml.MoMLSimpleApplication@481c5137
reloadAllAccessors: .CQBug1

===========================================================================================
----------------- testing Sat Jul 04 14:58:24 UTC 2020 /home/travis/build/icyphy/ptII/ptolemy/domains/de/test/auto/CancelFireAt.xml
----------------- Instantiating /home/travis/build/icyphy/ptII/ptolemy/domains/de/test/auto/CancelFireAt.xml
5 ms. Memory: 51200K Free: 35968K (70%)
----------------- Invoking toplevel() on ptolemy.moml.MoMLSimpleApplication@72cbebe3
----------------- Done invoking toplevel() on ptolemy.moml.MoMLSimpleApplication@72cbebe3
reloadAllAccessors: .CancelFireAt

===========================================================================================
----------------- testing Sat Jul 04 14:58:24 UTC 2020 /home/travis/build/icyphy/ptII/ptolemy/domains/de/test/auto/CausalityAndComposabilityAnalysis.xml
----------------- Instantiating /home/travis/build/icyphy/ptII/ptolemy/domains/de/test/auto/CausalityAndComposabilityAnalysis.xml
2 ms. Memory: 51200K Free: 31577K (62%)
----------------- Invoking toplevel() on ptolemy.moml.MoMLSimpleApplication@708bba29
----------------- Done invoking toplevel() on ptolemy.moml.MoMLSimpleApplication@708bba29
reloadAllAccessors: .CausalityAndComposabilityAnalysis

===========================================================================================
----------------- testing Sat Jul 04 14:58:24 UTC 2020 /home/travis/build/icyphy/ptII/ptolemy/domains/de/test/auto/CausalityInterface1.xml
----------------- Instantiating /home/travis/build/icyphy/ptII/ptolemy/domains/de/test/auto/CausalityInterface1.xml
5 ms. Memory: 51200K Free: 26670K (52%)
----------------- Invoking toplevel() on ptolemy.moml.MoMLSimpleApplication@4518494
----------------- Done invoking toplevel() on ptolemy.moml.MoMLSimpleApplication@4518494
reloadAllAccessors: .CausalityInterface1

===========================================================================================
----------------- testing Sat Jul 04 14:58:24 UTC 2020 /home/travis/build/icyphy/ptII/ptolemy/domains/de/test/auto/CausalityInterface15.xml
----------------- Instantiating /home/travis/build/icyphy/ptII/ptolemy/domains/de/test/auto/CausalityInterface15.xml
2 ms. Memory: 51200K Free: 21097K (41%)
----------------- Invoking toplevel() on ptolemy.moml.MoMLSimpleApplication@4f50ed34
----------------- Done invoking toplevel() on ptolemy.moml.MoMLSimpleApplication@4f50ed34
reloadAllAccessors: .CausalityInterface15

===========================================================================================
----------------- testing Sat Jul 04 14:58:24 UTC 2020 /home/travis/build/icyphy/ptII/ptolemy/domains/de/test/auto/CausalityInterface2.xml
----------------- Instantiating /home/travis/build/icyphy/ptII/ptolemy/domains/de/test/auto/CausalityInterface2.xml
1 ms. Memory: 51200K Free: 16621K (32%)
[...]
	at ptolemy.actor.Manager.run(Manager.java:1263)
	at ptolemy.actor.Manager$PtolemyRunThread.run(Manager.java:1933)
java.lang.RuntimeException: Execution failed
	at ptolemy.moml.MoMLSimpleApplication$UnloadThread.run(MoMLSimpleApplication.java:402)
Caused by: ptolemy.kernel.util.IllegalActionException: Actor is not ready to fire.  Perhaps UpSample.prefire() returned false? Try debugging the actor by selecting "Listen to Actor".  Also, for SDF check moml for tokenConsumptionRate on input.
  in .DESDFClockTest.Play Bell.Copy1:SDF Director and .DESDFClockTest.Play Bell.UpSample
	at ptolemy.actor.sched.StaticSchedulingDirector.fire(StaticSchedulingDirector.java:227)
	at ptolemy.domains.sdf.kernel.SDFDirector.fire(SDFDirector.java:500)
	at ptolemy.actor.CompositeActor.fire(CompositeActor.java:455)
	at ptolemy.domains.de.kernel.DEDirector._fire(DEDirector.java:1949)
	at ptolemy.domains.de.kernel.DEDirector.fire(DEDirector.java:502)
	at ptolemy.actor.CompositeActor.fire(CompositeActor.java:455)
	at ptolemy.actor.Manager.iterate(Manager.java:851)
	at ptolemy.actor.Manager.execute(Manager.java:369)
	at ptolemy.actor.Manager.run(Manager.java:1263)
	at ptolemy.actor.Manager$PtolemyRunThread.run(Manager.java:1933)
java.lang.reflect.InvocationTargetException
	at java.base/jdk.internal.reflect.NativeConstructorAccessorImpl.newInstance0(Native Method)
	at java.base/jdk.internal.reflect.NativeConstructorAccessorImpl.newInstance(NativeConstructorAccessorImpl.java:62)
	at java.base/jdk.internal.reflect.DelegatingConstructorAccessorImpl.newInstance(DelegatingConstructorAccessorImpl.java:45)
	at java.base/java.lang.reflect.Constructor.newInstance(Constructor.java:490)
	at ptolemy.util.test.junit.AutoKnownFailedTests.RunModel(AutoKnownFailedTests.java:105)
	at java.base/jdk.internal.reflect.NativeMethodAccessorImpl.invoke0(Native Method)
	at java.base/jdk.internal.reflect.NativeMethodAccessorImpl.invoke(NativeMethodAccessorImpl.java:62)
	at java.base/jdk.internal.reflect.DelegatingMethodAccessorImpl.invoke(DelegatingMethodAccessorImpl.java:43)
	at java.base/java.lang.reflect.Method.invoke(Method.java:566)
	at org.junit.runners.model.FrameworkMethod$1.runReflectiveCall(FrameworkMethod.java:44)
	at org.junit.internal.runners.model.ReflectiveCallable.run(ReflectiveCallable.java:15)
	at org.junit.runners.model.FrameworkMethod.invokeExplosively(FrameworkMethod.java:41)
	at junitparams.internal.InvokeParameterisedMethod.evaluate(InvokeParameterisedMethod.java:102)
	at org.junit.internal.runners.statements.FailOnTimeout$1.run(FailOnTimeout.java:28)
Caused by: ptolemy.kernel.util.IllegalActionException: Actor is not ready to fire.  Perhaps UpSample.prefire() returned false? Try debugging the actor by selecting "Listen to Actor".  Also, for SDF check moml for tokenConsumptionRate on input.
  in .DESDFClockTest.Play Bell.Copy1:SDF Director and .DESDFClockTest.Play Bell.UpSample
	at ptolemy.actor.sched.StaticSchedulingDirector.fire(StaticSchedulingDirector.java:227)
	at ptolemy.domains.sdf.kernel.SDFDirector.fire(SDFDirector.java:500)
	at ptolemy.actor.CompositeActor.fire(CompositeActor.java:455)
	at ptolemy.domains.de.kernel.DEDirector._fire(DEDirector.java:1949)
	at ptolemy.domains.de.kernel.DEDirector.fire(DEDirector.java:502)
	at ptolemy.actor.CompositeActor.fire(CompositeActor.java:455)
	at ptolemy.actor.Manager.iterate(Manager.java:851)
	at ptolemy.actor.Manager.execute(Manager.java:369)
	at ptolemy.actor.Manager.run(Manager.java:1263)
	at ptolemy.actor.Manager$PtolemyRunThread.run(Manager.java:1933)
java.lang.RuntimeException: Execution failed
	at ptolemy.moml.MoMLSimpleApplication$UnloadThread.run(MoMLSimpleApplication.java:402)
Caused by: ptolemy.kernel.util.IllegalActionException: Test fails in iteration 1.
Value was: 1.0. Should have been: 2.0
  in .DirectFeedback.Test
	at ptolemy.actor.lib.Test.fire(Test.java:268)
	at ptolemy.domains.de.kernel.DEDirector._fire(DEDirector.java:1949)
	at ptolemy.domains.de.kernel.DEDirector.fire(DEDirector.java:502)
	at ptolemy.actor.CompositeActor.fire(CompositeActor.java:455)
	at ptolemy.actor.Manager.iterate(Manager.java:851)
	at ptolemy.actor.Manager.execute(Manager.java:369)
	at ptolemy.actor.Manager.run(Manager.java:1263)
	at ptolemy.actor.Manager$PtolemyRunThread.run(Manager.java:1933)
java.lang.reflect.InvocationTargetException
	at java.base/jdk.internal.reflect.NativeConstructorAccessorImpl.newInstance0(Native Method)
	at java.base/jdk.internal.reflect.NativeConstructorAccessorImpl.newInstance(NativeConstructorAccessorImpl.java:62)
	at java.base/jdk.internal.reflect.DelegatingConstructorAccessorImpl.newInstance(DelegatingConstructorAccessorImpl.java:45)
	at java.base/java.lang.reflect.Constructor.newInstance(Constructor.java:490)
	at ptolemy.util.test.junit.AutoKnownFailedTests.RunModel(AutoKnownFailedTests.java:105)
	at java.base/jdk.internal.reflect.NativeMethodAccessorImpl.invoke0(Native Method)
	at java.base/jdk.internal.reflect.NativeMethodAccessorImpl.invoke(NativeMethodAccessorImpl.java:62)
	at java.base/jdk.internal.reflect.DelegatingMethodAccessorImpl.invoke(DelegatingMethodAccessorImpl.java:43)
	at java.base/java.lang.reflect.Method.invoke(Method.java:566)
	at org.junit.runners.model.FrameworkMethod$1.runReflectiveCall(FrameworkMethod.java:44)
	at org.junit.internal.runners.model.ReflectiveCallable.run(ReflectiveCallable.java:15)
	at org.junit.runners.model.FrameworkMethod.invokeExplosively(FrameworkMethod.java:41)
	at junitparams.internal.InvokeParameterisedMethod.evaluate(InvokeParameterisedMethod.java:102)
	at org.junit.internal.runners.statements.FailOnTimeout$1.run(FailOnTimeout.java:28)
Caused by: ptolemy.kernel.util.IllegalActionException: Test fails in iteration 1.
Value was: 1.0. Should have been: 2.0
  in .DirectFeedback.Test
	at ptolemy.actor.lib.Test.fire(Test.java:268)
	at ptolemy.domains.de.kernel.DEDirector._fire(DEDirector.java:1949)
	at ptolemy.domains.de.kernel.DEDirector.fire(DEDirector.java:502)
	at ptolemy.actor.CompositeActor.fire(CompositeActor.java:455)
	at ptolemy.actor.Manager.iterate(Manager.java:851)
	at ptolemy.actor.Manager.execute(Manager.java:369)
	at ptolemy.actor.Manager.run(Manager.java:1263)
	at ptolemy.actor.Manager$PtolemyRunThread.run(Manager.java:1933)
java.lang.RuntimeException: Execution failed
	at ptolemy.moml.MoMLSimpleApplication$UnloadThread.run(MoMLSimpleApplication.java:402)
Caused by: ptolemy.kernel.util.IllegalActionException: Found a zero delay loop containing .HierarchicalModel.A
  in .HierarchicalModel and .HierarchicalModel.A
	at ptolemy.actor.util.CausalityInterfaceForComposites._computeOutputPortDepth(CausalityInterfaceForComposites.java:759)
	at ptolemy.actor.util.CausalityInterfaceForComposites._computeInputDepth(CausalityInterfaceForComposites.java:696)
	at ptolemy.actor.util.CausalityInterfaceForComposites._computeOutputPortDepth(CausalityInterfaceForComposites.java:765)
	at ptolemy.actor.util.CausalityInterfaceForComposites._computeInputDepth(CausalityInterfaceForComposites.java:696)
	at ptolemy.actor.util.CausalityInterfaceForComposites._computeOutputPortDepth(CausalityInterfaceForComposites.java:765)
	at ptolemy.actor.util.CausalityInterfaceForComposites._computeInputDepth(CausalityInterfaceForComposites.java:696)
	at ptolemy.actor.util.CausalityInterfaceForComposites._computeActorDepth(CausalityInterfaceForComposites.java:532)
	at ptolemy.actor.util.CausalityInterfaceForComposites.checkForCycles(CausalityInterfaceForComposites.java:96)
	at ptolemy.domains.de.kernel.DEDirector.preinitialize(DEDirector.java:1338)
	at ptolemy.actor.CompositeActor.preinitialize(CompositeActor.java:1828)
	at ptolemy.actor.Manager.preinitializeAndResolveTypes(Manager.java:1040)
	at ptolemy.actor.Manager.initialize(Manager.java:710)
	at ptolemy.actor.Manager.execute(Manager.java:356)
	at ptolemy.actor.Manager.run(Manager.java:1263)
	at ptolemy.actor.Manager$PtolemyRunThread.run(Manager.java:1933)
java.lang.reflect.InvocationTargetException
	at java.base/jdk.internal.reflect.NativeConstructorAccessorImpl.newInstance0(Native Method)
	at java.base/jdk.internal.reflect.NativeConstructorAccessorImpl.newInstance(NativeConstructorAccessorImpl.java:62)
	at java.base/jdk.internal.reflect.DelegatingConstructorAccessorImpl.newInstance(DelegatingConstructorAccessorImpl.java:45)
	at java.base/java.lang.reflect.Constructor.newInstance(Constructor.java:490)
	at ptolemy.util.test.junit.AutoKnownFailedTests.RunModel(AutoKnownFailedTests.java:105)
	at java.base/jdk.internal.reflect.NativeMethodAccessorImpl.invoke0(Native Method)
	at java.base/jdk.internal.reflect.NativeMethodAccessorImpl.invoke(NativeMethodAccessorImpl.java:62)
	at java.base/jdk.internal.reflect.DelegatingMethodAccessorImpl.invoke(DelegatingMethodAccessorImpl.java:43)
	at java.base/java.lang.reflect.Method.invoke(Method.java:566)
	at org.junit.runners.model.FrameworkMethod$1.runReflectiveCall(FrameworkMethod.java:44)
	at org.junit.internal.runners.model.ReflectiveCallable.run(ReflectiveCallable.java:15)
	at org.junit.runners.model.FrameworkMethod.invokeExplosively(FrameworkMethod.java:41)
	at junitparams.internal.InvokeParameterisedMethod.evaluate(InvokeParameterisedMethod.java:102)
	at org.junit.internal.runners.statements.FailOnTimeout$1.run(FailOnTimeout.java:28)
Caused by: ptolemy.kernel.util.IllegalActionException: Found a zero delay loop containing .HierarchicalModel.A
  in .HierarchicalModel and .HierarchicalModel.A
	at ptolemy.actor.util.CausalityInterfaceForComposites._computeOutputPortDepth(CausalityInterfaceForComposites.java:759)
	at ptolemy.actor.util.CausalityInterfaceForComposites._computeInputDepth(CausalityInterfaceForComposites.java:696)
	at ptolemy.actor.util.CausalityInterfaceForComposites._computeOutputPortDepth(CausalityInterfaceForComposites.java:765)
	at ptolemy.actor.util.CausalityInterfaceForComposites._computeInputDepth(CausalityInterfaceForComposites.java:696)
	at ptolemy.actor.util.CausalityInterfaceForComposites._computeOutputPortDepth(CausalityInterfaceForComposites.java:765)
	at ptolemy.actor.util.CausalityInterfaceForComposites._computeInputDepth(CausalityInterfaceForComposites.java:696)
	at ptolemy.actor.util.CausalityInterfaceForComposites._computeActorDepth(CausalityInterfaceForComposites.java:532)
	at ptolemy.actor.util.CausalityInterfaceForComposites.checkForCycles(CausalityInterfaceForComposites.java:96)
	at ptolemy.domains.de.kernel.DEDirector.preinitialize(DEDirector.java:1338)
	at ptolemy.actor.CompositeActor.preinitialize(CompositeActor.java:1828)
	at ptolemy.actor.Manager.preinitializeAndResolveTypes(Manager.java:1040)
	at ptolemy.actor.Manager.initialize(Manager.java:710)
	at ptolemy.actor.Manager.execute(Manager.java:356)
	at ptolemy.actor.Manager.run(Manager.java:1263)
	at ptolemy.actor.Manager$PtolemyRunThread.run(Manager.java:1933)
java.lang.RuntimeException: Execution failed
	at ptolemy.moml.MoMLSimpleApplication$UnloadThread.run(MoMLSimpleApplication.java:402)
Caused by: ptolemy.kernel.util.IllegalActionException: Found a zero delay loop containing .dependencyLoop.original
  in .dependencyLoop and .dependencyLoop.original
	at ptolemy.actor.util.CausalityInterfaceForComposites._computeOutputPortDepth(CausalityInterfaceForComposites.java:759)
	at ptolemy.actor.util.CausalityInterfaceForComposites._computeInputDepth(CausalityInterfaceForComposites.java:696)
	at ptolemy.actor.util.CausalityInterfaceForComposites._computeOutputPortDepth(CausalityInterfaceForComposites.java:765)
	at ptolemy.actor.util.CausalityInterfaceForComposites._computeInputDepth(CausalityInterfaceForComposites.java:696)
	at ptolemy.actor.util.CausalityInterfaceForComposites._computeOutputPortDepth(CausalityInterfaceForComposites.java:765)
	at ptolemy.actor.util.CausalityInterfaceForComposites._computeInputDepth(CausalityInterfaceForComposites.java:696)
	at ptolemy.actor.util.CausalityInterfaceForComposites._computeActorDepth(CausalityInterfaceForComposites.java:532)
	at ptolemy.actor.util.CausalityInterfaceForComposites.checkForCycles(CausalityInterfaceForComposites.java:96)
	at ptolemy.domains.de.kernel.DEDirector.preinitialize(DEDirector.java:1338)
	at ptolemy.actor.CompositeActor.preinitialize(CompositeActor.java:1828)
	at ptolemy.actor.Manager.preinitializeAndResolveTypes(Manager.java:1040)
	at ptolemy.actor.Manager.initialize(Manager.java:710)
	at ptolemy.actor.Manager.execute(Manager.java:356)
	at ptolemy.actor.Manager.run(Manager.java:1263)
	at ptolemy.actor.Manager$PtolemyRunThread.run(Manager.java:1933)
java.lang.reflect.InvocationTargetException
	at java.base/jdk.internal.reflect.NativeConstructorAccessorImpl.newInstance0(Native Method)
	at java.base/jdk.internal.reflect.NativeConstructorAccessorImpl.newInstance(NativeConstructorAccessorImpl.java:62)
	at java.base/jdk.internal.reflect.DelegatingConstructorAccessorImpl.newInstance(DelegatingConstructorAccessorImpl.java:45)
	at java.base/java.lang.reflect.Constructor.newInstance(Constructor.java:490)
	at ptolemy.util.test.junit.AutoKnownFailedTests.RunModel(AutoKnownFailedTests.java:105)
	at java.base/jdk.internal.reflect.NativeMethodAccessorImpl.invoke0(Native Method)
	at java.base/jdk.internal.reflect.NativeMethodAccessorImpl.invoke(NativeMethodAccessorImpl.java:62)
	at java.base/jdk.internal.reflect.DelegatingMethodAccessorImpl.invoke(DelegatingMethodAccessorImpl.java:43)
	at java.base/java.lang.reflect.Method.invoke(Method.java:566)
	at org.junit.runners.model.FrameworkMethod$1.runReflectiveCall(FrameworkMethod.java:44)
	at org.junit.internal.runners.model.ReflectiveCallable.run(ReflectiveCallable.java:15)
	at org.junit.runners.model.FrameworkMethod.invokeExplosively(FrameworkMethod.java:41)
	at junitparams.internal.InvokeParameterisedMethod.evaluate(InvokeParameterisedMethod.java:102)
	at org.junit.internal.runners.statements.FailOnTimeout$1.run(FailOnTimeout.java:28)
Caused by: ptolemy.kernel.util.IllegalActionException: Found a zero delay loop containing .dependencyLoop.original
  in .dependencyLoop and .dependencyLoop.original
	at ptolemy.actor.util.CausalityInterfaceForComposites._computeOutputPortDepth(CausalityInterfaceForComposites.java:759)
	at ptolemy.actor.util.CausalityInterfaceForComposites._computeInputDepth(CausalityInterfaceForComposites.java:696)
	at ptolemy.actor.util.CausalityInterfaceForComposites._computeOutputPortDepth(CausalityInterfaceForComposites.java:765)
	at ptolemy.actor.util.CausalityInterfaceForComposites._computeInputDepth(CausalityInterfaceForComposites.java:696)
	at ptolemy.actor.util.CausalityInterfaceForComposites._computeOutputPortDepth(CausalityInterfaceForComposites.java:765)
	at ptolemy.actor.util.CausalityInterfaceForComposites._computeInputDepth(CausalityInterfaceForComposites.java:696)
	at ptolemy.actor.util.CausalityInterfaceForComposites._computeActorDepth(CausalityInterfaceForComposites.java:532)
	at ptolemy.actor.util.CausalityInterfaceForComposites.checkForCycles(CausalityInterfaceForComposites.java:96)
	at ptolemy.domains.de.kernel.DEDirector.preinitialize(DEDirector.java:1338)
	at ptolemy.actor.CompositeActor.preinitialize(CompositeActor.java:1828)
	at ptolemy.actor.Manager.preinitializeAndResolveTypes(Manager.java:1040)
	at ptolemy.actor.Manager.initialize(Manager.java:710)
	at ptolemy.actor.Manager.execute(Manager.java:356)
	at ptolemy.actor.Manager.run(Manager.java:1263)
	at ptolemy.actor.Manager$PtolemyRunThread.run(Manager.java:1933)
java.lang.RuntimeException: Execution failed
	at ptolemy.moml.MoMLSimpleApplication$UnloadThread.run(MoMLSimpleApplication.java:402)
Caused by: ptolemy.kernel.util.IllegalActionException: Found a zero delay loop containing .dependencyLoop2.original
  in .dependencyLoop2 and .dependencyLoop2.original
	at ptolemy.actor.util.CausalityInterfaceForComposites._computeOutputPortDepth(CausalityInterfaceForComposites.java:759)
	at ptolemy.actor.util.CausalityInterfaceForComposites._computeInputDepth(CausalityInterfaceForComposites.java:696)
	at ptolemy.actor.util.CausalityInterfaceForComposites._computeOutputPortDepth(CausalityInterfaceForComposites.java:765)
	at ptolemy.actor.util.CausalityInterfaceForComposites._computeInputDepth(CausalityInterfaceForComposites.java:696)
	at ptolemy.actor.util.CausalityInterfaceForComposites._computeOutputPortDepth(CausalityInterfaceForComposites.java:765)
	at ptolemy.actor.util.CausalityInterfaceForComposites._computeInputDepth(CausalityInterfaceForComposites.java:696)
	at ptolemy.actor.util.CausalityInterfaceForComposites._computeActorDepth(CausalityInterfaceForComposites.java:532)
	at ptolemy.actor.util.CausalityInterfaceForComposites.checkForCycles(CausalityInterfaceForComposites.java:96)
	at ptolemy.domains.de.kernel.DEDirector.preinitialize(DEDirector.java:1338)
	at ptolemy.actor.CompositeActor.preinitialize(CompositeActor.java:1828)
	at ptolemy.actor.Manager.preinitializeAndResolveTypes(Manager.java:1040)
	at ptolemy.actor.Manager.initialize(Manager.java:710)
	at ptolemy.actor.Manager.execute(Manager.java:356)
	at ptolemy.actor.Manager.run(Manager.java:1263)
	at ptolemy.actor.Manager$PtolemyRunThread.run(Manager.java:1933)
java.lang.reflect.InvocationTargetException
	at java.base/jdk.internal.reflect.NativeConstructorAccessorImpl.newInstance0(Native Method)
	at java.base/jdk.internal.reflect.NativeConstructorAccessorImpl.newInstance(NativeConstructorAccessorImpl.java:62)
	at java.base/jdk.internal.reflect.DelegatingConstructorAccessorImpl.newInstance(DelegatingConstructorAccessorImpl.java:45)
	at java.base/java.lang.reflect.Constructor.newInstance(Constructor.java:490)
	at ptolemy.util.test.junit.AutoKnownFailedTests.RunModel(AutoKnownFailedTests.java:105)
	at java.base/jdk.internal.reflect.NativeMethodAccessorImpl.invoke0(Native Method)
	at java.base/jdk.internal.reflect.NativeMethodAccessorImpl.invoke(NativeMethodAccessorImpl.java:62)
	at java.base/jdk.internal.reflect.DelegatingMethodAccessorImpl.invoke(DelegatingMethodAccessorImpl.java:43)
	at java.base/java.lang.reflect.Method.invoke(Method.java:566)
	at org.junit.runners.model.FrameworkMethod$1.runReflectiveCall(FrameworkMethod.java:44)
	at org.junit.internal.runners.model.ReflectiveCallable.run(ReflectiveCallable.java:15)
	at org.junit.runners.model.FrameworkMethod.invokeExplosively(FrameworkMethod.java:41)
	at junitparams.internal.InvokeParameterisedMethod.evaluate(InvokeParameterisedMethod.java:102)
	at org.junit.internal.runners.statements.FailOnTimeout$1.run(FailOnTimeout.java:28)
Caused by: ptolemy.kernel.util.IllegalActionException: Found a zero delay loop containing .dependencyLoop2.original
  in .dependencyLoop2 and .dependencyLoop2.original
	at ptolemy.actor.util.CausalityInterfaceForComposites._computeOutputPortDepth(CausalityInterfaceForComposites.java:759)
	at ptolemy.actor.util.CausalityInterfaceForComposites._computeInputDepth(CausalityInterfaceForComposites.java:696)
	at ptolemy.actor.util.CausalityInterfaceForComposites._computeOutputPortDepth(CausalityInterfaceForComposites.java:765)
	at ptolemy.actor.util.CausalityInterfaceForComposites._computeInputDepth(CausalityInterfaceForComposites.java:696)
	at ptolemy.actor.util.CausalityInterfaceForComposites._computeOutputPortDepth(CausalityInterfaceForComposites.java:765)
	at ptolemy.actor.util.CausalityInterfaceForComposites._computeInputDepth(CausalityInterfaceForComposites.java:696)
	at ptolemy.actor.util.CausalityInterfaceForComposites._computeActorDepth(CausalityInterfaceForComposites.java:532)
	at ptolemy.actor.util.CausalityInterfaceForComposites.checkForCycles(CausalityInterfaceForComposites.java:96)
	at ptolemy.domains.de.kernel.DEDirector.preinitialize(DEDirector.java:1338)
	at ptolemy.actor.CompositeActor.preinitialize(CompositeActor.java:1828)
	at ptolemy.actor.Manager.preinitializeAndResolveTypes(Manager.java:1040)
	at ptolemy.actor.Manager.initialize(Manager.java:710)
	at ptolemy.actor.Manager.execute(Manager.java:356)
	at ptolemy.actor.Manager.run(Manager.java:1263)
	at ptolemy.actor.Manager$PtolemyRunThread.run(Manager.java:1933)
]]></system-err>
</testsuite>
