<?xml version="1.0" encoding="UTF-8" ?>
<testsuite errors="0" failures="0" hostname="travis-job-9ec96b18-0147-4a14-a252-55e97a907bbf" name="ptolemy.domains.de.test.junit.JUnitTclTest" skipped="0" tests="101" time="126.869" timestamp="2019-03-12T03:45:58">
  <properties>
[...]
</properties>
  <testcase classname="ptolemy.util.test.junit.TclTests" name="[0] /home/travis/build/icyphy/ptII/ptolemy/domains/de/test/DependencyLoop.tcl (RunTclFile)" time="0.788" />
  <testcase classname="ptolemy.util.test.junit.TclTests" name="[1] /home/travis/build/icyphy/ptII/ptolemy/domains/de/test/RunDETestsAsQSS.tcl (RunTclFile)" time="86.668" />
  <testcase classname="ptolemy.util.test.junit.AutoKnownFailedTests" name="[0] /home/travis/build/icyphy/ptII/ptolemy/domains/de/test/auto/knownFailedTests/DESDFClockTest.xml (RunModel)" time="2.031" />
  <testcase classname="ptolemy.util.test.junit.AutoKnownFailedTests" name="[1] /home/travis/build/icyphy/ptII/ptolemy/domains/de/test/auto/knownFailedTests/DirectFeedback.xml (RunModel)" time="0.014" />
  <testcase classname="ptolemy.util.test.junit.AutoKnownFailedTests" name="[2] /home/travis/build/icyphy/ptII/ptolemy/domains/de/test/auto/knownFailedTests/FSMSource.xml (RunModel)" time="0.023" />
  <testcase classname="ptolemy.util.test.junit.AutoKnownFailedTests" name="[3] /home/travis/build/icyphy/ptII/ptolemy/domains/de/test/auto/knownFailedTests/HierarchicalModel.xml (RunModel)" time="0.052" />
  <testcase classname="ptolemy.util.test.junit.AutoKnownFailedTests" name="[4] /home/travis/build/icyphy/ptII/ptolemy/domains/de/test/auto/knownFailedTests/dependencyLoop.xml (RunModel)" time="0.034" />
  <testcase classname="ptolemy.util.test.junit.AutoKnownFailedTests" name="[5] /home/travis/build/icyphy/ptII/ptolemy/domains/de/test/auto/knownFailedTests/dependencyLoop2.xml (RunModel)" time="0.033" />
  <testcase classname="ptolemy.util.test.junit.AutoNameArchTests" name="[0] ThereAreNoAutoArchTests (RunModel)" time="0.001" />
  <testcase classname="ptolemy.util.test.junit.AutoTests" name="[0] /home/travis/build/icyphy/ptII/ptolemy/domains/de/test/auto/ActorDepthCalculation_actorWithoutPorts.xml (RunModel)" time="0.013" />
  <testcase classname="ptolemy.util.test.junit.AutoTests" name="[1] /home/travis/build/icyphy/ptII/ptolemy/domains/de/test/auto/AssemblyLine.xml (RunModel)" time="0.012" />
  <testcase classname="ptolemy.util.test.junit.AutoTests" name="[2] /home/travis/build/icyphy/ptII/ptolemy/domains/de/test/auto/CQBug1.xml (RunModel)" time="0.006" />
  <testcase classname="ptolemy.util.test.junit.AutoTests" name="[3] /home/travis/build/icyphy/ptII/ptolemy/domains/de/test/auto/CancelFireAt.xml (RunModel)" time="0.005" />
  <testcase classname="ptolemy.util.test.junit.AutoTests" name="[4] /home/travis/build/icyphy/ptII/ptolemy/domains/de/test/auto/CausalityAndComposabilityAnalysis.xml (RunModel)" time="0.008" />
  <testcase classname="ptolemy.util.test.junit.AutoTests" name="[5] /home/travis/build/icyphy/ptII/ptolemy/domains/de/test/auto/CausalityInterface1.xml (RunModel)" time="0.011" />
  <testcase classname="ptolemy.util.test.junit.AutoTests" name="[6] /home/travis/build/icyphy/ptII/ptolemy/domains/de/test/auto/CausalityInterface15.xml (RunModel)" time="0.016" />
  <testcase classname="ptolemy.util.test.junit.AutoTests" name="[7] /home/travis/build/icyphy/ptII/ptolemy/domains/de/test/auto/CausalityInterface2.xml (RunModel)" time="0.011" />
  <testcase classname="ptolemy.util.test.junit.AutoTests" name="[8] /home/travis/build/icyphy/ptII/ptolemy/domains/de/test/auto/CausalityInterface3.xml (RunModel)" time="0.015" />
  <testcase classname="ptolemy.util.test.junit.AutoTests" name="[9] /home/travis/build/icyphy/ptII/ptolemy/domains/de/test/auto/ClockDrift.xml (RunModel)" time="0.03" />
  <testcase classname="ptolemy.util.test.junit.AutoTests" name="[10] /home/travis/build/icyphy/ptII/ptolemy/domains/de/test/auto/ClockDriftAndValueChange.xml (RunModel)" time="0.021" />
  <testcase classname="ptolemy.util.test.junit.AutoTests" name="[11] /home/travis/build/icyphy/ptII/ptolemy/domains/de/test/auto/ClockDriftChange.xml (RunModel)" time="0.022" />
  <testcase classname="ptolemy.util.test.junit.AutoTests" name="[12] /home/travis/build/icyphy/ptII/ptolemy/domains/de/test/auto/ComposableCausalityAnalysis.xml (RunModel)" time="0.015" />
  <testcase classname="ptolemy.util.test.junit.AutoTests" name="[13] /home/travis/build/icyphy/ptII/ptolemy/domains/de/test/auto/DEFixedPointLimitation.xml (RunModel)" time="0.009" />
  <testcase classname="ptolemy.util.test.junit.AutoTests" name="[14] /home/travis/build/icyphy/ptII/ptolemy/domains/de/test/auto/DEScheduleTest.xml (RunModel)" time="0.023" />
  <testcase classname="ptolemy.util.test.junit.AutoTests" name="[15] /home/travis/build/icyphy/ptII/ptolemy/domains/de/test/auto/DEinDEwithStartTimes.xml (RunModel)" time="0.021" />
  <testcase classname="ptolemy.util.test.junit.AutoTests" name="[16] /home/travis/build/icyphy/ptII/ptolemy/domains/de/test/auto/DEinDEwithStartTimes2.xml (RunModel)" time="0.014" />
  <testcase classname="ptolemy.util.test.junit.AutoTests" name="[17] /home/travis/build/icyphy/ptII/ptolemy/domains/de/test/auto/DateDemo.xml (RunModel)" time="0.032" />
  <testcase classname="ptolemy.util.test.junit.AutoTests" name="[18] /home/travis/build/icyphy/ptII/ptolemy/domains/de/test/auto/DateToEvent.xml (RunModel)" time="2.041" />
  <testcase classname="ptolemy.util.test.junit.AutoTests" name="[19] /home/travis/build/icyphy/ptII/ptolemy/domains/de/test/auto/DepthTest1.xml (RunModel)" time="0.023" />
  <testcase classname="ptolemy.util.test.junit.AutoTests" name="[20] /home/travis/build/icyphy/ptII/ptolemy/domains/de/test/auto/DepthTest2.xml (RunModel)" time="0.017" />
  <testcase classname="ptolemy.util.test.junit.AutoTests" name="[21] /home/travis/build/icyphy/ptII/ptolemy/domains/de/test/auto/DepthTest3.xml (RunModel)" time="0.009" />
  <testcase classname="ptolemy.util.test.junit.AutoTests" name="[22] /home/travis/build/icyphy/ptII/ptolemy/domains/de/test/auto/DepthTest4.xml (RunModel)" time="0.011" />
  <testcase classname="ptolemy.util.test.junit.AutoTests" name="[23] /home/travis/build/icyphy/ptII/ptolemy/domains/de/test/auto/DepthTest5.xml (RunModel)" time="0.015" />
  <testcase classname="ptolemy.util.test.junit.AutoTests" name="[24] /home/travis/build/icyphy/ptII/ptolemy/domains/de/test/auto/DepthTest6.xml (RunModel)" time="0.012" />
  <testcase classname="ptolemy.util.test.junit.AutoTests" name="[25] /home/travis/build/icyphy/ptII/ptolemy/domains/de/test/auto/DepthTest7.xml (RunModel)" time="0.017" />
  <testcase classname="ptolemy.util.test.junit.AutoTests" name="[26] /home/travis/build/icyphy/ptII/ptolemy/domains/de/test/auto/EventToDate.xml (RunModel)" time="3.041" />
  <testcase classname="ptolemy.util.test.junit.AutoTests" name="[27] /home/travis/build/icyphy/ptII/ptolemy/domains/de/test/auto/FSM1.xml (RunModel)" time="0.037" />
  <testcase classname="ptolemy.util.test.junit.AutoTests" name="[28] /home/travis/build/icyphy/ptII/ptolemy/domains/de/test/auto/FSM7.xml (RunModel)" time="0.033" />
  <testcase classname="ptolemy.util.test.junit.AutoTests" name="[29] /home/travis/build/icyphy/ptII/ptolemy/domains/de/test/auto/Inspection.xml (RunModel)" time="0.027" />
  <testcase classname="ptolemy.util.test.junit.AutoTests" name="[30] /home/travis/build/icyphy/ptII/ptolemy/domains/de/test/auto/Iteration.xml (RunModel)" time="0.017" />
  <testcase classname="ptolemy.util.test.junit.AutoTests" name="[31] /home/travis/build/icyphy/ptII/ptolemy/domains/de/test/auto/LineFault.xml (RunModel)" time="0.38" />
  <testcase classname="ptolemy.util.test.junit.AutoTests" name="[32] /home/travis/build/icyphy/ptII/ptolemy/domains/de/test/auto/MergeModel1Add.xml (RunModel)" time="0.033" />
  <testcase classname="ptolemy.util.test.junit.AutoTests" name="[33] /home/travis/build/icyphy/ptII/ptolemy/domains/de/test/auto/MergeModel2Add.xml (RunModel)" time="0.033" />
  <testcase classname="ptolemy.util.test.junit.AutoTests" name="[34] /home/travis/build/icyphy/ptII/ptolemy/domains/de/test/auto/MergeModel3Add.xml (RunModel)" time="0.026" />
  <testcase classname="ptolemy.util.test.junit.AutoTests" name="[35] /home/travis/build/icyphy/ptII/ptolemy/domains/de/test/auto/MergeWithoutDiscard.xml (RunModel)" time="0.008" />
  <testcase classname="ptolemy.util.test.junit.AutoTests" name="[36] /home/travis/build/icyphy/ptII/ptolemy/domains/de/test/auto/Modal1.xml (RunModel)" time="0.028" />
  <testcase classname="ptolemy.util.test.junit.AutoTests" name="[37] /home/travis/build/icyphy/ptII/ptolemy/domains/de/test/auto/Modal2.xml (RunModel)" time="0.029" />
  <testcase classname="ptolemy.util.test.junit.AutoTests" name="[38] /home/travis/build/icyphy/ptII/ptolemy/domains/de/test/auto/Modal3.xml (RunModel)" time="0.031" />
  <testcase classname="ptolemy.util.test.junit.AutoTests" name="[39] /home/travis/build/icyphy/ptII/ptolemy/domains/de/test/auto/Modal4.xml (RunModel)" time="0.028" />
  <testcase classname="ptolemy.util.test.junit.AutoTests" name="[40] /home/travis/build/icyphy/ptII/ptolemy/domains/de/test/auto/Modal5.xml (RunModel)" time="0.028" />
  <testcase classname="ptolemy.util.test.junit.AutoTests" name="[41] /home/travis/build/icyphy/ptII/ptolemy/domains/de/test/auto/Modal6.xml (RunModel)" time="0.028" />
  <testcase classname="ptolemy.util.test.junit.AutoTests" name="[42] /home/travis/build/icyphy/ptII/ptolemy/domains/de/test/auto/Modal7.xml (RunModel)" time="0.029" />
  <testcase classname="ptolemy.util.test.junit.AutoTests" name="[43] /home/travis/build/icyphy/ptII/ptolemy/domains/de/test/auto/ModalModel.xml (RunModel)" time="0.187" />
  <testcase classname="ptolemy.util.test.junit.AutoTests" name="[44] /home/travis/build/icyphy/ptII/ptolemy/domains/de/test/auto/ModalSource.xml (RunModel)" time="0.018" />
  <testcase classname="ptolemy.util.test.junit.AutoTests" name="[45] /home/travis/build/icyphy/ptII/ptolemy/domains/de/test/auto/NonInterruptibleTimerZeroDelay.xml (RunModel)" time="0.01" />
  <testcase classname="ptolemy.util.test.junit.AutoTests" name="[46] /home/travis/build/icyphy/ptII/ptolemy/domains/de/test/auto/OpenQueueingNetwork.xml (RunModel)" time="2.157" />
  <testcase classname="ptolemy.util.test.junit.AutoTests" name="[47] /home/travis/build/icyphy/ptII/ptolemy/domains/de/test/auto/OpenQueuingNetwork.xml (RunModel)" time="0.258" />
  <testcase classname="ptolemy.util.test.junit.AutoTests" name="[48] /home/travis/build/icyphy/ptII/ptolemy/domains/de/test/auto/PeriodicSampler.xml (RunModel)" time="0.007" />
  <testcase classname="ptolemy.util.test.junit.AutoTests" name="[49] /home/travis/build/icyphy/ptII/ptolemy/domains/de/test/auto/PersistentIO.xml (RunModel)" time="0.018" />
  <testcase classname="ptolemy.util.test.junit.AutoTests" name="[50] /home/travis/build/icyphy/ptII/ptolemy/domains/de/test/auto/PortParameterResetOnInitialize.xml (RunModel)" time="0.009" />
  <testcase classname="ptolemy.util.test.junit.AutoTests" name="[51] /home/travis/build/icyphy/ptII/ptolemy/domains/de/test/auto/PortParameterUpdates.xml (RunModel)" time="0.016" />
  <testcase classname="ptolemy.util.test.junit.AutoTests" name="[52] /home/travis/build/icyphy/ptII/ptolemy/domains/de/test/auto/QueueAndServer.xml (RunModel)" time="0.018" />
  <testcase classname="ptolemy.util.test.junit.AutoTests" name="[53] /home/travis/build/icyphy/ptII/ptolemy/domains/de/test/auto/Records.xml (RunModel)" time="0.014" />
  <testcase classname="ptolemy.util.test.junit.AutoTests" name="[54] /home/travis/build/icyphy/ptII/ptolemy/domains/de/test/auto/ResetTransitionWithStartTime1.xml (RunModel)" time="0.022" />
  <testcase classname="ptolemy.util.test.junit.AutoTests" name="[55] /home/travis/build/icyphy/ptII/ptolemy/domains/de/test/auto/ResetTransitionWithStartTime2.xml (RunModel)" time="0.017" />
  <testcase classname="ptolemy.util.test.junit.AutoTests" name="[56] /home/travis/build/icyphy/ptII/ptolemy/domains/de/test/auto/ResetTransitionWithStartTime3.xml (RunModel)" time="0.019" />
  <testcase classname="ptolemy.util.test.junit.AutoTests" name="[57] /home/travis/build/icyphy/ptII/ptolemy/domains/de/test/auto/ResetTransitionWithStartTime4.xml (RunModel)" time="0.016" />
  <testcase classname="ptolemy.util.test.junit.AutoTests" name="[58] /home/travis/build/icyphy/ptII/ptolemy/domains/de/test/auto/ResettableTimer1.xml (RunModel)" time="0.01" />
  <testcase classname="ptolemy.util.test.junit.AutoTests" name="[59] /home/travis/build/icyphy/ptII/ptolemy/domains/de/test/auto/ResettableTimer2.xml (RunModel)" time="0.011" />
  <testcase classname="ptolemy.util.test.junit.AutoTests" name="[60] /home/travis/build/icyphy/ptII/ptolemy/domains/de/test/auto/ResettableTimer3.xml (RunModel)" time="0.009" />
  <testcase classname="ptolemy.util.test.junit.AutoTests" name="[61] /home/travis/build/icyphy/ptII/ptolemy/domains/de/test/auto/ResettableTimer4.xml (RunModel)" time="0.011" />
  <testcase classname="ptolemy.util.test.junit.AutoTests" name="[62] /home/travis/build/icyphy/ptII/ptolemy/domains/de/test/auto/ResettableTimer5.xml (RunModel)" time="0.009" />
  <testcase classname="ptolemy.util.test.junit.AutoTests" name="[63] /home/travis/build/icyphy/ptII/ptolemy/domains/de/test/auto/ResettableTimer6.xml (RunModel)" time="0.019" />
  <testcase classname="ptolemy.util.test.junit.AutoTests" name="[64] /home/travis/build/icyphy/ptII/ptolemy/domains/de/test/auto/ServerZeroDelay.xml (RunModel)" time="0.011" />
  <testcase classname="ptolemy.util.test.junit.AutoTests" name="[65] /home/travis/build/icyphy/ptII/ptolemy/domains/de/test/auto/SmartSender.xml (RunModel)" time="3.008" />
  <testcase classname="ptolemy.util.test.junit.AutoTests" name="[66] /home/travis/build/icyphy/ptII/ptolemy/domains/de/test/auto/ThreadedComposite.xml (RunModel)" time="0.2" />
  <testcase classname="ptolemy.util.test.junit.AutoTests" name="[67] /home/travis/build/icyphy/ptII/ptolemy/domains/de/test/auto/Time.xml (RunModel)" time="0.427" />
  <testcase classname="ptolemy.util.test.junit.AutoTests" name="[68] /home/travis/build/icyphy/ptII/ptolemy/domains/de/test/auto/TimeDelayZeroDelay.xml (RunModel)" time="0.012" />
  <testcase classname="ptolemy.util.test.junit.AutoTests" name="[69] /home/travis/build/icyphy/ptII/ptolemy/domains/de/test/auto/TimerZeroDelay.xml (RunModel)" time="0.009" />
  <testcase classname="ptolemy.util.test.junit.AutoTests" name="[70] /home/travis/build/icyphy/ptII/ptolemy/domains/de/test/auto/TimingParadox.xml (RunModel)" time="0.333" />
  <testcase classname="ptolemy.util.test.junit.AutoTests" name="[71] /home/travis/build/icyphy/ptII/ptolemy/domains/de/test/auto/TransferInputs.xml (RunModel)" time="0.021" />
  <testcase classname="ptolemy.util.test.junit.AutoTests" name="[72] /home/travis/build/icyphy/ptII/ptolemy/domains/de/test/auto/TransferOutputs2.xml (RunModel)" time="0.016" />
  <testcase classname="ptolemy.util.test.junit.AutoTests" name="[73] /home/travis/build/icyphy/ptII/ptolemy/domains/de/test/auto/Trilateration.xml (RunModel)" time="11.436" />
  <testcase classname="ptolemy.util.test.junit.AutoTests" name="[74] /home/travis/build/icyphy/ptII/ptolemy/domains/de/test/auto/TwoSigmaDelta.xml (RunModel)" time="2.1" />
  <testcase classname="ptolemy.util.test.junit.AutoTests" name="[75] /home/travis/build/icyphy/ptII/ptolemy/domains/de/test/auto/VariableDelay.xml (RunModel)" time="0.013" />
  <testcase classname="ptolemy.util.test.junit.AutoTests" name="[76] /home/travis/build/icyphy/ptII/ptolemy/domains/de/test/auto/VariableDelay2.xml (RunModel)" time="0.01" />
  <testcase classname="ptolemy.util.test.junit.AutoTests" name="[77] /home/travis/build/icyphy/ptII/ptolemy/domains/de/test/auto/VariableDelayZeroDelay.xml (RunModel)" time="0.012" />
  <testcase classname="ptolemy.util.test.junit.AutoTests" name="[78] /home/travis/build/icyphy/ptII/ptolemy/domains/de/test/auto/VariableDelayZeroDelay2.xml (RunModel)" time="0.009" />
  <testcase classname="ptolemy.util.test.junit.AutoTests" name="[79] /home/travis/build/icyphy/ptII/ptolemy/domains/de/test/auto/deInCt.xml (RunModel)" time="0.016" />
  <testcase classname="ptolemy.util.test.junit.AutoTests" name="[80] /home/travis/build/icyphy/ptII/ptolemy/domains/de/test/auto/deInCt2.xml (RunModel)" time="0.017" />
  <testcase classname="ptolemy.util.test.junit.AutoTests" name="[81] /home/travis/build/icyphy/ptII/ptolemy/domains/de/test/auto/dynamicCausalityInterface1.xml (RunModel)" time="0.018" />
  <testcase classname="ptolemy.util.test.junit.AutoTests" name="[82] /home/travis/build/icyphy/ptII/ptolemy/domains/de/test/auto/fsm_de_test.xml (RunModel)" time="0.027" />
  <testcase classname="ptolemy.util.test.junit.AutoTests" name="[83] /home/travis/build/icyphy/ptII/ptolemy/domains/de/test/auto/functionDependencyReconstruction.xml (RunModel)" time="0.029" />
  <testcase classname="ptolemy.util.test.junit.AutoTests" name="[84] /home/travis/build/icyphy/ptII/ptolemy/domains/de/test/auto/multirate.xml (RunModel)" time="0.015" />
  <testcase classname="ptolemy.util.test.junit.AutoTests" name="[85] /home/travis/build/icyphy/ptII/ptolemy/domains/de/test/auto/multirate2.xml (RunModel)" time="0.013" />
  <testcase classname="ptolemy.util.test.junit.AutoTests" name="[86] /home/travis/build/icyphy/ptII/ptolemy/domains/de/test/auto/realtime.xml (RunModel)" time="10.01" />
  <testcase classname="ptolemy.util.test.junit.AutoTests" name="[87] /home/travis/build/icyphy/ptII/ptolemy/domains/de/test/auto/relationGroup.xml (RunModel)" time="0.007" />
  <testcase classname="ptolemy.util.test.junit.AutoTests" name="[88] /home/travis/build/icyphy/ptII/ptolemy/domains/de/test/auto/relationGroup2.xml (RunModel)" time="0.008" />
  <testcase classname="ptolemy.util.test.junit.AutoTests" name="[89] /home/travis/build/icyphy/ptII/ptolemy/domains/de/test/auto/sortWithOpaquePorts.xml (RunModel)" time="0.02" />
  <testcase classname="ptolemy.util.test.junit.AutoTests" name="[90] /home/travis/build/icyphy/ptII/ptolemy/domains/de/test/auto/transferInputsandOutputs.xml (RunModel)" time="0.022" />
  <testcase classname="ptolemy.util.test.junit.AutoTests" name="[91] /home/travis/build/icyphy/ptII/ptolemy/domains/de/test/auto/triggerType.xml (RunModel)" time="0.011" />
  <system-out><![CDATA[/home/travis/build/icyphy/ptII/ptolemy/domains/de/test/DependencyLoop.tcl
testDefs.tcl: setting time out to 9000 seconds at Tue Mar 12 03:45:58 UTC 2019
14 ms. Memory: 116224K Free: 97399K (84%)
19 ms. Memory: 146944K Free: 141497K (96%)
/home/travis/build/icyphy/ptII/ptolemy/domains/de/test/RunDETestsAsQSS.tcl
Run the DE tests using ptolemy.domains.qss.test.QSSDirectorTest, which extends QSSDirector and prints a message in the constructors.
------------------ testing $PTII/ptolemy/domains/de/test/auto/knownFailedTests/dependencyLoop.xml (Known Failure) 
6 ms. Memory: 146944K Free: 137247K (93%)


==== $PTIIhome/travis/build/icyphy/ptII/ptolemy/domains/de/test/../../../../: Auto Automatic test in file $PTII/ptolemy/domains/de/test/auto/knownFailedTests/dependencyLoop.xml
==== Contents of test case:

	    # FIXME: we should use $relativeFilename here, but it
	    # might have backslashes under Windows, which causes no end
	    # of trouble.
	    createAndExecute $file
	    list {}
	
.... Test generated KNOWN error:
    while executing
ptolemy.kernel.util.IllegalActionException: Found a zero delay loop containing .dependencyLoop.original
  in .dependencyLoop and .dependencyLoop.original
	at ptolemy.actor.util.CausalityInterfaceForComposites._computeOutputPortDepth(CausalityInterfaceForComposites.java:759)
	at ptolemy.actor.util.CausalityInterfaceForComposites._computeInputDepth(CausalityInterfaceForComposites.java:696)
	at ptolemy.actor.util.CausalityInterfaceForComposites._computeOutputPortDepth(CausalityInterfaceForComposites.java:765)
	at ptolemy.actor.util.CausalityInterfaceForComposites._computeInputDepth(CausalityInterfaceForComposites.java:696)
	at ptolemy.actor.util.CausalityInterfaceForComposites._computeOutputPortDepth(CausalityInterfaceForComposites.java:765)
	at ptolemy.actor.util.CausalityInterfaceForComposites._computeInputDepth(CausalityInterfaceForComposites.java:696)
	at ptolemy.actor.util.CausalityInterfaceForComposites._computeActorDepth(CausalityInterfaceForComposites.java:532)
	at ptolemy.actor.util.CausalityInterfaceForComposites.checkForCycles(CausalityInterfaceForComposites.java:96)
	at ptolemy.domains.de.kernel.DEDirector.preinitialize(DEDirector.java:1338)
	at ptolemy.actor.CompositeActor.preinitialize(CompositeActor.java:1828)
	at ptolemy.actor.Manager.preinitializeAndResolveTypes(Manager.java:1040)
	at ptolemy.actor.Manager.initialize(Manager.java:710)
	at ptolemy.actor.Manager.execute(Manager.java:356)
	at ptolemy.actor.Manager.run(Manager.java:1263)
	at ptolemy.actor.Manager$PtolemyRunThread.run(Manager.java:1915)

    while executing
ptolemy.kernel.util.IllegalActionException: Found a zero delay loop containing .dependencyLoop.original
  in .dependencyLoop and .dependencyLoop.original
    while executing
"java::new ptolemy.moml.MoMLSimpleApplication $file
"
    (procedure "createAndExecute" line 2)
    invoked from within
"createAndExecute $file"
    ("uplevel" body line 5)
    invoked from within
"uplevel $contents_of_test"
------------------ testing $PTII/ptolemy/domains/de/test/auto/knownFailedTests/DESDFClockTest.xml (Known Failure) 
2058 ms. Memory: 146944K Free: 121629K (83%)


==== $PTIIhome/travis/build/icyphy/ptII/ptolemy/domains/de/test/../../../../: Auto Automatic test in file $PTII/ptolemy/domains/de/test/auto/knownFailedTests/DESDFClockTest.xml
==== Contents of test case:

	    # FIXME: we should use $relativeFilename here, but it
	    # might have backslashes under Windows, which causes no end
	    # of trouble.
	    createAndExecute $file
	    list {}
	
.... Test generated KNOWN error:
    while executing
ptolemy.kernel.util.IllegalActionException: Actor is not ready to fire.  Perhaps UpSample.prefire() returned false? Try debugging the actor by selecting "Listen to Actor".  Also, for SDF check moml for tokenConsumptionRate on input.
  in .DESDFClockTest.Play Bell.Copy1:SDF Director and .DESDFClockTest.Play Bell.UpSample
	at ptolemy.actor.sched.StaticSchedulingDirector.fire(StaticSchedulingDirector.java:227)
	at ptolemy.domains.sdf.kernel.SDFDirector.fire(SDFDirector.java:500)
	at ptolemy.actor.CompositeActor.fire(CompositeActor.java:455)
	at ptolemy.domains.de.kernel.DEDirector._fire(DEDirector.java:1949)
	at ptolemy.domains.de.kernel.DEDirector.fire(DEDirector.java:502)
	at ptolemy.actor.CompositeActor.fire(CompositeActor.java:455)
	at ptolemy.actor.Manager.iterate(Manager.java:851)
	at ptolemy.actor.Manager.execute(Manager.java:369)
	at ptolemy.actor.Manager.run(Manager.java:1263)
	at ptolemy.actor.Manager$PtolemyRunThread.run(Manager.java:1915)

    while executing
ptolemy.kernel.util.IllegalActionException: Actor is not ready to fire.  Perhaps UpSample.prefire() returned false? Try debugging the actor by selecting "Listen to Actor".  Also, for SDF check moml for tokenConsumptionRate on input.
  in .DESDFClockTest.Play Bell.Copy1:SDF Director and .DESDFClockTest.Play Bell.UpSample
    while executing
"java::new ptolemy.moml.MoMLSimpleApplication $file
"
    (procedure "createAndExecute" line 2)
    invoked from within
"createAndExecute $file"
    ("uplevel" body line 5)
    invoked from within
"uplevel $contents_of_test"
------------------ testing $PTII/ptolemy/domains/de/test/auto/knownFailedTests/FSMSource.xml (Known Failure) 
26 ms. Memory: 146944K Free: 112173K (76%)
!!!! Auto was marked as failing, but now passes
------------------ testing $PTII/ptolemy/domains/de/test/auto/knownFailedTests/dependencyLoop2.xml (Known Failure) 
10 ms. Memory: 146944K Free: 110314K (75%)


==== $PTIIhome/travis/build/icyphy/ptII/ptolemy/domains/de/test/../../../../: Auto Automatic test in file $PTII/ptolemy/domains/de/test/auto/knownFailedTests/dependencyLoop2.xml
==== Contents of test case:

	    # FIXME: we should use $relativeFilename here, but it
	    # might have backslashes under Windows, which causes no end
	    # of trouble.
	    createAndExecute $file
	    list {}
	
.... Test generated KNOWN error:
    while executing
ptolemy.kernel.util.IllegalActionException: Found a zero delay loop containing .dependencyLoop2.original
  in .dependencyLoop2 and .dependencyLoop2.original
	at ptolemy.actor.util.CausalityInterfaceForComposites._computeOutputPortDepth(CausalityInterfaceForComposites.java:759)
	at ptolemy.actor.util.CausalityInterfaceForComposites._computeInputDepth(CausalityInterfaceForComposites.java:696)
	at ptolemy.actor.util.CausalityInterfaceForComposites._computeOutputPortDepth(CausalityInterfaceForComposites.java:765)
	at ptolemy.actor.util.CausalityInterfaceForComposites._computeInputDepth(CausalityInterfaceForComposites.java:696)
	at ptolemy.actor.util.CausalityInterfaceForComposites._computeOutputPortDepth(CausalityInterfaceForComposites.java:765)
	at ptolemy.actor.util.CausalityInterfaceForComposites._computeInputDepth(CausalityInterfaceForComposites.java:696)
	at ptolemy.actor.util.CausalityInterfaceForComposites._computeActorDepth(CausalityInterfaceForComposites.java:532)
	at ptolemy.actor.util.CausalityInterfaceForComposites.checkForCycles(CausalityInterfaceForComposites.java:96)
	at ptolemy.domains.de.kernel.DEDirector.preinitialize(DEDirector.java:1338)
	at ptolemy.actor.CompositeActor.preinitialize(CompositeActor.java:1828)
	at ptolemy.actor.Manager.preinitializeAndResolveTypes(Manager.java:1040)
	at ptolemy.actor.Manager.initialize(Manager.java:710)
	at ptolemy.actor.Manager.execute(Manager.java:356)
	at ptolemy.actor.Manager.run(Manager.java:1263)
	at ptolemy.actor.Manager$PtolemyRunThread.run(Manager.java:1915)

    while executing
ptolemy.kernel.util.IllegalActionException: Found a zero delay loop containing .dependencyLoop2.original
  in .dependencyLoop2 and .dependencyLoop2.original
    while executing
"java::new ptolemy.moml.MoMLSimpleApplication $file
"
    (procedure "createAndExecute" line 2)
    invoked from within
"createAndExecute $file"
    ("uplevel" body line 5)
    invoked from within
"uplevel $contents_of_test"
------------------ testing $PTII/ptolemy/domains/de/test/auto/knownFailedTests/HierarchicalModel.xml (Known Failure) 
6 ms. Memory: 146944K Free: 90159K (61%)


==== $PTIIhome/travis/build/icyphy/ptII/ptolemy/domains/de/test/../../../../: Auto Automatic test in file $PTII/ptolemy/domains/de/test/auto/knownFailedTests/HierarchicalModel.xml
==== Contents of test case:

	    # FIXME: we should use $relativeFilename here, but it
	    # might have backslashes under Windows, which causes no end
	    # of trouble.
	    createAndExecute $file
	    list {}
	
.... Test generated KNOWN error:
    while executing
ptolemy.kernel.util.IllegalActionException: Found a zero delay loop containing .HierarchicalModel.A
  in .HierarchicalModel and .HierarchicalModel.A
	at ptolemy.actor.util.CausalityInterfaceForComposites._computeOutputPortDepth(CausalityInterfaceForComposites.java:759)
	at ptolemy.actor.util.CausalityInterfaceForComposites._computeInputDepth(CausalityInterfaceForComposites.java:696)
	at ptolemy.actor.util.CausalityInterfaceForComposites._computeOutputPortDepth(CausalityInterfaceForComposites.java:765)
	at ptolemy.actor.util.CausalityInterfaceForComposites._computeInputDepth(CausalityInterfaceForComposites.java:696)
	at ptolemy.actor.util.CausalityInterfaceForComposites._computeOutputPortDepth(CausalityInterfaceForComposites.java:765)
	at ptolemy.actor.util.CausalityInterfaceForComposites._computeInputDepth(CausalityInterfaceForComposites.java:696)
	at ptolemy.actor.util.CausalityInterfaceForComposites._computeActorDepth(CausalityInterfaceForComposites.java:532)
	at ptolemy.actor.util.CausalityInterfaceForComposites.checkForCycles(CausalityInterfaceForComposites.java:96)
	at ptolemy.domains.de.kernel.DEDirector.preinitialize(DEDirector.java:1338)
	at ptolemy.actor.CompositeActor.preinitialize(CompositeActor.java:1828)
	at ptolemy.actor.Manager.preinitializeAndResolveTypes(Manager.java:1040)
	at ptolemy.actor.Manager.initialize(Manager.java:710)
	at ptolemy.actor.Manager.execute(Manager.java:356)
	at ptolemy.actor.Manager.run(Manager.java:1263)
	at ptolemy.actor.Manager$PtolemyRunThread.run(Manager.java:1915)

    while executing
ptolemy.kernel.util.IllegalActionException: Found a zero delay loop containing .HierarchicalModel.A
  in .HierarchicalModel and .HierarchicalModel.A
    while executing
"java::new ptolemy.moml.MoMLSimpleApplication $file
"
    (procedure "createAndExecute" line 2)
    invoked from within
"createAndExecute $file"
    ("uplevel" body line 5)
    invoked from within
"uplevel $contents_of_test"
------------------ testing $PTII/ptolemy/domains/de/test/auto/knownFailedTests/DirectFeedback.xml (Known Failure) 
4 ms. Memory: 146944K Free: 86041K (59%)


==== $PTIIhome/travis/build/icyphy/ptII/ptolemy/domains/de/test/../../../../: Auto Automatic test in file $PTII/ptolemy/domains/de/test/auto/knownFailedTests/DirectFeedback.xml
==== Contents of test case:

	    # FIXME: we should use $relativeFilename here, but it
	    # might have backslashes under Windows, which causes no end
	    # of trouble.
	    createAndExecute $file
	    list {}
	
.... Test generated KNOWN error:
    while executing
ptolemy.kernel.util.IllegalActionException: Test fails in iteration 1.
Value was: 1.0. Should have been: 2.0
  in .DirectFeedback.Test
	at ptolemy.actor.lib.Test.fire(Test.java:268)
	at ptolemy.domains.de.kernel.DEDirector._fire(DEDirector.java:1949)
	at ptolemy.domains.de.kernel.DEDirector.fire(DEDirector.java:502)
	at ptolemy.actor.CompositeActor.fire(CompositeActor.java:455)
	at ptolemy.actor.Manager.iterate(Manager.java:851)
	at ptolemy.actor.Manager.execute(Manager.java:369)
	at ptolemy.actor.Manager.run(Manager.java:1263)
	at ptolemy.actor.Manager$PtolemyRunThread.run(Manager.java:1915)

    while executing
ptolemy.kernel.util.IllegalActionException: Test fails in iteration 1.
Value was: 1.0. Should have been: 2.0
  in .DirectFeedback.Test
    while executing
"java::new ptolemy.moml.MoMLSimpleApplication $file
"
    (procedure "createAndExecute" line 2)
    invoked from within
"createAndExecute $file"
    ("uplevel" body line 5)
    invoked from within
"uplevel $contents_of_test"
------------------ testing $PTII/ptolemy/domains/de/test/auto/ActorDepthCalculation_actorWithoutPorts.xml
auto.tcl: Setting watchdog for 200 seconds at Tue Mar 12 03:46:02 UTC 2019
9 ms. Memory: 146944K Free: 138952K (95%)
ptolemy.util.test.WatchDog.cancel(): canceling Tue Mar 12 03:46:02 UTC 2019
auto.tcl: Setting watchdog for 200 seconds at Tue Mar 12 03:46:02 UTC 2019
4 ms. Memory: 146944K Free: 137672K (94%)
ptolemy.util.test.WatchDog.cancel(): canceling Tue Mar 12 03:46:02 UTC 2019
------------------ testing $PTII/ptolemy/domains/de/test/auto/AssemblyLine.xml
auto.tcl: Setting watchdog for 200 seconds at Tue Mar 12 03:46:02 UTC 2019
16 ms. Memory: 208384K Free: 186260K (89%)
ptolemy.util.test.WatchDog.cancel(): canceling Tue Mar 12 03:46:02 UTC 2019
auto.tcl: Setting watchdog for 200 seconds at Tue Mar 12 03:46:02 UTC 2019
21 ms. Memory: 208384K Free: 186260K (89%)
ptolemy.util.test.WatchDog.cancel(): canceling Tue Mar 12 03:46:02 UTC 2019
------------------ testing $PTII/ptolemy/domains/de/test/auto/CQBug1.xml
auto.tcl: Setting watchdog for 200 seconds at Tue Mar 12 03:46:02 UTC 2019
3 ms. Memory: 208384K Free: 197904K (95%)
ptolemy.util.test.WatchDog.cancel(): canceling Tue Mar 12 03:46:02 UTC 2019
auto.tcl: Setting watchdog for 200 seconds at Tue Mar 12 03:46:02 UTC 2019
2 ms. Memory: 208384K Free: 197904K (95%)
ptolemy.util.test.WatchDog.cancel(): canceling Tue Mar 12 03:46:02 UTC 2019
------------------ testing $PTII/ptolemy/domains/de/test/auto/CancelFireAt.xml
auto.tcl: Setting watchdog for 200 seconds at Tue Mar 12 03:46:02 UTC 2019
4 ms. Memory: 208384K Free: 201565K (97%)
ptolemy.util.test.WatchDog.cancel(): canceling Tue Mar 12 03:46:02 UTC 2019
auto.tcl: Setting watchdog for 200 seconds at Tue Mar 12 03:46:02 UTC 2019
4 ms. Memory: 208384K Free: 199523K (96%)
ptolemy.util.test.WatchDog.cancel(): canceling Tue Mar 12 03:46:02 UTC 2019
------------------ testing $PTII/ptolemy/domains/de/test/auto/CausalityAndComposabilityAnalysis.xml
auto.tcl: Setting watchdog for 200 seconds at Tue Mar 12 03:46:02 UTC 2019
8 ms. Memory: 208384K Free: 199121K (96%)
ptolemy.util.test.WatchDog.cancel(): canceling Tue Mar 12 03:46:02 UTC 2019
auto.tcl: Setting watchdog for 200 seconds at Tue Mar 12 03:46:02 UTC 2019
12 ms. Memory: 208384K Free: 197079K (95%)
ptolemy.util.test.WatchDog.cancel(): canceling Tue Mar 12 03:46:02 UTC 2019
------------------ testing $PTII/ptolemy/domains/de/test/auto/CausalityInterface1.xml
auto.tcl: Setting watchdog for 200 seconds at Tue Mar 12 03:46:02 UTC 2019
9 ms. Memory: 208384K Free: 197016K (95%)
ptolemy.util.test.WatchDog.cancel(): canceling Tue Mar 12 03:46:03 UTC 2019
auto.tcl: Setting watchdog for 200 seconds at Tue Mar 12 03:46:03 UTC 2019
6 ms. Memory: 208384K Free: 197016K (95%)
ptolemy.util.test.WatchDog.cancel(): canceling Tue Mar 12 03:46:03 UTC 2019
------------------ testing $PTII/ptolemy/domains/de/test/auto/CausalityInterface15.xml
auto.tcl: Setting watchdog for 200 seconds at Tue Mar 12 03:46:03 UTC 2019
10 ms. Memory: 208384K Free: 195228K (94%)
ptolemy.util.test.WatchDog.cancel(): canceling Tue Mar 12 03:46:03 UTC 2019
auto.tcl: Setting watchdog for 200 seconds at Tue Mar 12 03:46:03 UTC 2019
8 ms. Memory: 208384K Free: 195228K (94%)
ptolemy.util.test.WatchDog.cancel(): canceling Tue Mar 12 03:46:03 UTC 2019
------------------ testing $PTII/ptolemy/domains/de/test/auto/CausalityInterface2.xml
auto.tcl: Setting watchdog for 200 seconds at Tue Mar 12 03:46:03 UTC 2019
4 ms. Memory: 208384K Free: 196473K (94%)
ptolemy.util.test.WatchDog.cancel(): canceling Tue Mar 12 03:46:03 UTC 2019
auto.tcl: Setting watchdog for 200 seconds at Tue Mar 12 03:46:03 UTC 2019
3 ms. Memory: 208384K Free: 196473K (94%)
ptolemy.util.test.WatchDog.cancel(): canceling Tue Mar 12 03:46:03 UTC 2019
------------------ testing $PTII/ptolemy/domains/de/test/auto/CausalityInterface3.xml
auto.tcl: Setting watchdog for 200 seconds at Tue Mar 12 03:46:03 UTC 2019
5 ms. Memory: 208384K Free: 196485K (94%)
ptolemy.util.test.WatchDog.cancel(): canceling Tue Mar 12 03:46:03 UTC 2019
auto.tcl: Setting watchdog for 200 seconds at Tue Mar 12 03:46:03 UTC 2019
5 ms. Memory: 208384K Free: 196485K (94%)
ptolemy.util.test.WatchDog.cancel(): canceling Tue Mar 12 03:46:03 UTC 2019
------------------ testing $PTII/ptolemy/domains/de/test/auto/ClockDrift.xml
auto.tcl: Setting watchdog for 200 seconds at Tue Mar 12 03:46:03 UTC 2019
100 ms. Memory: 208384K Free: 187891K (90%)
ptolemy.util.test.WatchDog.cancel(): canceling Tue Mar 12 03:46:03 UTC 2019
auto.tcl: Setting watchdog for 200 seconds at Tue Mar 12 03:46:03 UTC 2019
50 ms. Memory: 208384K Free: 185849K (89%)
ptolemy.util.test.WatchDog.cancel(): canceling Tue Mar 12 03:46:03 UTC 2019
------------------ testing $PTII/ptolemy/domains/de/test/auto/ClockDriftAndValueChange.xml
auto.tcl: Setting watchdog for 200 seconds at Tue Mar 12 03:46:03 UTC 2019
40 ms. Memory: 208384K Free: 187725K (90%)
ptolemy.util.test.WatchDog.cancel(): canceling Tue Mar 12 03:46:03 UTC 2019
auto.tcl: Setting watchdog for 200 seconds at Tue Mar 12 03:46:03 UTC 2019
29 ms. Memory: 208384K Free: 185683K (89%)
ptolemy.util.test.WatchDog.cancel(): canceling Tue Mar 12 03:46:03 UTC 2019
------------------ testing $PTII/ptolemy/domains/de/test/auto/ClockDriftChange.xml
auto.tcl: Setting watchdog for 200 seconds at Tue Mar 12 03:46:03 UTC 2019
22 ms. Memory: 208384K Free: 190739K (92%)
ptolemy.util.test.WatchDog.cancel(): canceling Tue Mar 12 03:46:03 UTC 2019
auto.tcl: Setting watchdog for 200 seconds at Tue Mar 12 03:46:03 UTC 2019
19 ms. Memory: 208384K Free: 188697K (91%)
ptolemy.util.test.WatchDog.cancel(): canceling Tue Mar 12 03:46:03 UTC 2019
------------------ testing $PTII/ptolemy/domains/de/test/auto/ComposableCausalityAnalysis.xml
auto.tcl: Setting watchdog for 200 seconds at Tue Mar 12 03:46:03 UTC 2019
3 ms. Memory: 208384K Free: 196088K (94%)
ptolemy.util.test.WatchDog.cancel(): canceling Tue Mar 12 03:46:04 UTC 2019
auto.tcl: Setting watchdog for 200 seconds at Tue Mar 12 03:46:04 UTC 2019
2 ms. Memory: 208384K Free: 194046K (93%)
ptolemy.util.test.WatchDog.cancel(): canceling Tue Mar 12 03:46:04 UTC 2019
------------------ testing $PTII/ptolemy/domains/de/test/auto/DEFixedPointLimitation.xml
auto.tcl: Setting watchdog for 200 seconds at Tue Mar 12 03:46:04 UTC 2019
3 ms. Memory: 208384K Free: 198210K (95%)
ptolemy.util.test.WatchDog.cancel(): canceling Tue Mar 12 03:46:04 UTC 2019
auto.tcl: Setting watchdog for 200 seconds at Tue Mar 12 03:46:04 UTC 2019
1 ms. Memory: 208384K Free: 196168K (94%)
ptolemy.util.test.WatchDog.cancel(): canceling Tue Mar 12 03:46:04 UTC 2019
------------------ testing $PTII/ptolemy/domains/de/test/auto/DEScheduleTest.xml
auto.tcl: Setting watchdog for 200 seconds at Tue Mar 12 03:46:04 UTC 2019
8 ms. Memory: 208384K Free: 198245K (95%)
ptolemy.util.test.WatchDog.cancel(): canceling Tue Mar 12 03:46:04 UTC 2019
auto.tcl: Setting watchdog for 200 seconds at Tue Mar 12 03:46:04 UTC 2019
4 ms. Memory: 208384K Free: 196204K (94%)
ptolemy.util.test.WatchDog.cancel(): canceling Tue Mar 12 03:46:04 UTC 2019
------------------ testing $PTII/ptolemy/domains/de/test/auto/DEinDEwithStartTimes.xml
auto.tcl: Setting watchdog for 200 seconds at Tue Mar 12 03:46:04 UTC 2019
5 ms. Memory: 208384K Free: 196173K (94%)
ptolemy.util.test.WatchDog.cancel(): canceling Tue Mar 12 03:46:04 UTC 2019
auto.tcl: Setting watchdog for 200 seconds at Tue Mar 12 03:46:04 UTC 2019
3 ms. Memory: 208384K Free: 196173K (94%)
ptolemy.util.test.WatchDog.cancel(): canceling Tue Mar 12 03:46:04 UTC 2019
------------------ testing $PTII/ptolemy/domains/de/test/auto/DEinDEwithStartTimes2.xml
auto.tcl: Setting watchdog for 200 seconds at Tue Mar 12 03:46:04 UTC 2019
8 ms. Memory: 208384K Free: 196152K (94%)
ptolemy.util.test.WatchDog.cancel(): canceling Tue Mar 12 03:46:04 UTC 2019
auto.tcl: Setting watchdog for 200 seconds at Tue Mar 12 03:46:04 UTC 2019
4 ms. Memory: 208384K Free: 194111K (93%)
ptolemy.util.test.WatchDog.cancel(): canceling Tue Mar 12 03:46:04 UTC 2019
------------------ testing $PTII/ptolemy/domains/de/test/auto/DateDemo.xml
auto.tcl: Setting watchdog for 200 seconds at Tue Mar 12 03:46:04 UTC 2019
9 ms. Memory: 208384K Free: 188773K (91%)
ptolemy.util.test.WatchDog.cancel(): canceling Tue Mar 12 03:46:04 UTC 2019
auto.tcl: Setting watchdog for 200 seconds at Tue Mar 12 03:46:04 UTC 2019
8 ms. Memory: 208384K Free: 186731K (90%)
ptolemy.util.test.WatchDog.cancel(): canceling Tue Mar 12 03:46:04 UTC 2019
------------------ testing $PTII/ptolemy/domains/de/test/auto/DateToEvent.xml
auto.tcl: Setting watchdog for 200 seconds at Tue Mar 12 03:46:04 UTC 2019
2015 ms. Memory: 208384K Free: 183636K (88%)
ptolemy.util.test.WatchDog.cancel(): canceling Tue Mar 12 03:46:06 UTC 2019
auto.tcl: Setting watchdog for 200 seconds at Tue Mar 12 03:46:06 UTC 2019
2005 ms. Memory: 208384K Free: 183636K (88%)
ptolemy.util.test.WatchDog.cancel(): canceling Tue Mar 12 03:46:08 UTC 2019
------------------ testing $PTII/ptolemy/domains/de/test/auto/DepthTest1.xml
auto.tcl: Setting watchdog for 200 seconds at Tue Mar 12 03:46:08 UTC 2019
2 ms. Memory: 208384K Free: 197773K (95%)
ptolemy.util.test.WatchDog.cancel(): canceling Tue Mar 12 03:46:08 UTC 2019
auto.tcl: Setting watchdog for 200 seconds at Tue Mar 12 03:46:08 UTC 2019
2 ms. Memory: 208384K Free: 197773K (95%)
ptolemy.util.test.WatchDog.cancel(): canceling Tue Mar 12 03:46:08 UTC 2019
------------------ testing $PTII/ptolemy/domains/de/test/auto/DepthTest2.xml
auto.tcl: Setting watchdog for 200 seconds at Tue Mar 12 03:46:08 UTC 2019
17 ms. Memory: 208384K Free: 194123K (93%)
ptolemy.util.test.WatchDog.cancel(): canceling Tue Mar 12 03:46:08 UTC 2019
auto.tcl: Setting watchdog for 200 seconds at Tue Mar 12 03:46:08 UTC 2019
4 ms. Memory: 208384K Free: 194123K (93%)
ptolemy.util.test.WatchDog.cancel(): canceling Tue Mar 12 03:46:08 UTC 2019
------------------ testing $PTII/ptolemy/domains/de/test/auto/DepthTest3.xml
auto.tcl: Setting watchdog for 200 seconds at Tue Mar 12 03:46:08 UTC 2019
4 ms. Memory: 208384K Free: 198108K (95%)
ptolemy.util.test.WatchDog.cancel(): canceling Tue Mar 12 03:46:08 UTC 2019
auto.tcl: Setting watchdog for 200 seconds at Tue Mar 12 03:46:08 UTC 2019
1 ms. Memory: 208384K Free: 198108K (95%)
ptolemy.util.test.WatchDog.cancel(): canceling Tue Mar 12 03:46:08 UTC 2019
------------------ testing $PTII/ptolemy/domains/de/test/auto/DepthTest4.xml
auto.tcl: Setting watchdog for 200 seconds at Tue Mar 12 03:46:08 UTC 2019
5 ms. Memory: 208384K Free: 196673K (94%)
ptolemy.util.test.WatchDog.cancel(): canceling Tue Mar 12 03:46:08 UTC 2019
auto.tcl: Setting watchdog for 200 seconds at Tue Mar 12 03:46:08 UTC 2019
2 ms. Memory: 208384K Free: 196153K (94%)
ptolemy.util.test.WatchDog.cancel(): canceling Tue Mar 12 03:46:08 UTC 2019
------------------ testing $PTII/ptolemy/domains/de/test/auto/DepthTest5.xml
auto.tcl: Setting watchdog for 200 seconds at Tue Mar 12 03:46:09 UTC 2019
4 ms. Memory: 208384K Free: 196620K (94%)
ptolemy.util.test.WatchDog.cancel(): canceling Tue Mar 12 03:46:09 UTC 2019
auto.tcl: Setting watchdog for 200 seconds at Tue Mar 12 03:46:09 UTC 2019
2 ms. Memory: 208384K Free: 196620K (94%)
ptolemy.util.test.WatchDog.cancel(): canceling Tue Mar 12 03:46:09 UTC 2019
------------------ testing $PTII/ptolemy/domains/de/test/auto/DepthTest6.xml
auto.tcl: Setting watchdog for 200 seconds at Tue Mar 12 03:46:09 UTC 2019
11 ms. Memory: 208384K Free: 196076K (94%)
ptolemy.util.test.WatchDog.cancel(): canceling Tue Mar 12 03:46:09 UTC 2019
auto.tcl: Setting watchdog for 200 seconds at Tue Mar 12 03:46:09 UTC 2019
2 ms. Memory: 208384K Free: 196076K (94%)
ptolemy.util.test.WatchDog.cancel(): canceling Tue Mar 12 03:46:09 UTC 2019
------------------ testing $PTII/ptolemy/domains/de/test/auto/DepthTest7.xml
auto.tcl: Setting watchdog for 200 seconds at Tue Mar 12 03:46:09 UTC 2019
3 ms. Memory: 208384K Free: 196026K (94%)
ptolemy.util.test.WatchDog.cancel(): canceling Tue Mar 12 03:46:09 UTC 2019
auto.tcl: Setting watchdog for 200 seconds at Tue Mar 12 03:46:09 UTC 2019
2 ms. Memory: 208384K Free: 196026K (94%)
ptolemy.util.test.WatchDog.cancel(): canceling Tue Mar 12 03:46:09 UTC 2019
------------------ testing $PTII/ptolemy/domains/de/test/auto/EventToDate.xml
auto.tcl: Setting watchdog for 200 seconds at Tue Mar 12 03:46:09 UTC 2019
3009 ms. Memory: 208384K Free: 185414K (89%)
ptolemy.util.test.WatchDog.cancel(): canceling Tue Mar 12 03:46:12 UTC 2019
auto.tcl: Setting watchdog for 200 seconds at Tue Mar 12 03:46:12 UTC 2019
3005 ms. Memory: 208384K Free: 183356K (88%)
ptolemy.util.test.WatchDog.cancel(): canceling Tue Mar 12 03:46:15 UTC 2019
------------------ testing $PTII/ptolemy/domains/de/test/auto/FSM1.xml
auto.tcl: Setting watchdog for 200 seconds at Tue Mar 12 03:46:15 UTC 2019
37 ms. Memory: 208384K Free: 189178K (91%)
ptolemy.util.test.WatchDog.cancel(): canceling Tue Mar 12 03:46:15 UTC 2019
auto.tcl: Setting watchdog for 200 seconds at Tue Mar 12 03:46:15 UTC 2019
21 ms. Memory: 208384K Free: 185062K (89%)
ptolemy.util.test.WatchDog.cancel(): canceling Tue Mar 12 03:46:15 UTC 2019
------------------ testing $PTII/ptolemy/domains/de/test/auto/FSM7.xml
auto.tcl: Setting watchdog for 200 seconds at Tue Mar 12 03:46:15 UTC 2019
27 ms. Memory: 208384K Free: 189397K (91%)
ptolemy.util.test.WatchDog.cancel(): canceling Tue Mar 12 03:46:15 UTC 2019
auto.tcl: Setting watchdog for 200 seconds at Tue Mar 12 03:46:15 UTC 2019
29 ms. Memory: 208384K Free: 185297K (89%)
ptolemy.util.test.WatchDog.cancel(): canceling Tue Mar 12 03:46:15 UTC 2019
------------------ testing $PTII/ptolemy/domains/de/test/auto/Inspection.xml
auto.tcl: Setting watchdog for 200 seconds at Tue Mar 12 03:46:15 UTC 2019
37 ms. Memory: 208384K Free: 189072K (91%)
ptolemy.util.test.WatchDog.cancel(): canceling Tue Mar 12 03:46:15 UTC 2019
auto.tcl: Setting watchdog for 200 seconds at Tue Mar 12 03:46:15 UTC 2019
24 ms. Memory: 208384K Free: 187022K (90%)
ptolemy.util.test.WatchDog.cancel(): canceling Tue Mar 12 03:46:15 UTC 2019
------------------ testing $PTII/ptolemy/domains/de/test/auto/Iteration.xml
auto.tcl: Setting watchdog for 200 seconds at Tue Mar 12 03:46:15 UTC 2019
6 ms. Memory: 208384K Free: 196367K (94%)
ptolemy.util.test.WatchDog.cancel(): canceling Tue Mar 12 03:46:15 UTC 2019
auto.tcl: Setting watchdog for 200 seconds at Tue Mar 12 03:46:15 UTC 2019
7 ms. Memory: 208384K Free: 193790K (93%)
ptolemy.util.test.WatchDog.cancel(): canceling Tue Mar 12 03:46:15 UTC 2019
------------------ testing $PTII/ptolemy/domains/de/test/auto/LineFault.xml
auto.tcl: Setting watchdog for 200 seconds at Tue Mar 12 03:46:15 UTC 2019
779 ms. Memory: 208384K Free: 199634K (96%)
ptolemy.util.test.WatchDog.cancel(): canceling Tue Mar 12 03:46:16 UTC 2019
auto.tcl: Setting watchdog for 200 seconds at Tue Mar 12 03:46:16 UTC 2019
602 ms. Memory: 208384K Free: 142135K (68%)
ptolemy.util.test.WatchDog.cancel(): canceling Tue Mar 12 03:46:17 UTC 2019
------------------ testing $PTII/ptolemy/domains/de/test/auto/MergeModel1Add.xml
auto.tcl: Setting watchdog for 200 seconds at Tue Mar 12 03:46:17 UTC 2019
29 ms. Memory: 331264K Free: 300505K (91%)
ptolemy.util.test.WatchDog.cancel(): canceling Tue Mar 12 03:46:17 UTC 2019
auto.tcl: Setting watchdog for 200 seconds at Tue Mar 12 03:46:17 UTC 2019
10 ms. Memory: 331264K Free: 300505K (91%)
ptolemy.util.test.WatchDog.cancel(): canceling Tue Mar 12 03:46:17 UTC 2019
------------------ testing $PTII/ptolemy/domains/de/test/auto/MergeModel2Add.xml
auto.tcl: Setting watchdog for 200 seconds at Tue Mar 12 03:46:17 UTC 2019
12 ms. Memory: 331264K Free: 305414K (92%)
ptolemy.util.test.WatchDog.cancel(): canceling Tue Mar 12 03:46:17 UTC 2019
auto.tcl: Setting watchdog for 200 seconds at Tue Mar 12 03:46:17 UTC 2019
10 ms. Memory: 331264K Free: 301843K (91%)
ptolemy.util.test.WatchDog.cancel(): canceling Tue Mar 12 03:46:17 UTC 2019
------------------ testing $PTII/ptolemy/domains/de/test/auto/MergeModel3Add.xml
auto.tcl: Setting watchdog for 200 seconds at Tue Mar 12 03:46:17 UTC 2019
11 ms. Memory: 331264K Free: 305424K (92%)
ptolemy.util.test.WatchDog.cancel(): canceling Tue Mar 12 03:46:17 UTC 2019
auto.tcl: Setting watchdog for 200 seconds at Tue Mar 12 03:46:17 UTC 2019
9 ms. Memory: 331264K Free: 301846K (91%)
ptolemy.util.test.WatchDog.cancel(): canceling Tue Mar 12 03:46:17 UTC 2019
------------------ testing $PTII/ptolemy/domains/de/test/auto/MergeWithoutDiscard.xml
auto.tcl: Setting watchdog for 200 seconds at Tue Mar 12 03:46:17 UTC 2019
3 ms. Memory: 331264K Free: 316173K (95%)
ptolemy.util.test.WatchDog.cancel(): canceling Tue Mar 12 03:46:17 UTC 2019
auto.tcl: Setting watchdog for 200 seconds at Tue Mar 12 03:46:17 UTC 2019
0 ms. Memory: 331264K Free: 316173K (95%)
ptolemy.util.test.WatchDog.cancel(): canceling Tue Mar 12 03:46:17 UTC 2019
------------------ testing $PTII/ptolemy/domains/de/test/auto/Modal1.xml
auto.tcl: Setting watchdog for 200 seconds at Tue Mar 12 03:46:17 UTC 2019
11 ms. Memory: 331264K Free: 310419K (94%)
ptolemy.util.test.WatchDog.cancel(): canceling Tue Mar 12 03:46:18 UTC 2019
auto.tcl: Setting watchdog for 200 seconds at Tue Mar 12 03:46:18 UTC 2019
10 ms. Memory: 331264K Free: 306832K (93%)
ptolemy.util.test.WatchDog.cancel(): canceling Tue Mar 12 03:46:18 UTC 2019
------------------ testing $PTII/ptolemy/domains/de/test/auto/Modal2.xml
auto.tcl: Setting watchdog for 200 seconds at Tue Mar 12 03:46:18 UTC 2019
15 ms. Memory: 331264K Free: 310324K (94%)
ptolemy.util.test.WatchDog.cancel(): canceling Tue Mar 12 03:46:18 UTC 2019
auto.tcl: Setting watchdog for 200 seconds at Tue Mar 12 03:46:18 UTC 2019
18 ms. Memory: 331264K Free: 306738K (93%)
ptolemy.util.test.WatchDog.cancel(): canceling Tue Mar 12 03:46:18 UTC 2019
------------------ testing $PTII/ptolemy/domains/de/test/auto/Modal3.xml
auto.tcl: Setting watchdog for 200 seconds at Tue Mar 12 03:46:18 UTC 2019
10 ms. Memory: 331264K Free: 310291K (94%)
ptolemy.util.test.WatchDog.cancel(): canceling Tue Mar 12 03:46:18 UTC 2019
auto.tcl: Setting watchdog for 200 seconds at Tue Mar 12 03:46:18 UTC 2019
9 ms. Memory: 331264K Free: 306712K (93%)
ptolemy.util.test.WatchDog.cancel(): canceling Tue Mar 12 03:46:18 UTC 2019
------------------ testing $PTII/ptolemy/domains/de/test/auto/Modal4.xml
auto.tcl: Setting watchdog for 200 seconds at Tue Mar 12 03:46:18 UTC 2019
13 ms. Memory: 331264K Free: 310304K (94%)
ptolemy.util.test.WatchDog.cancel(): canceling Tue Mar 12 03:46:18 UTC 2019
auto.tcl: Setting watchdog for 200 seconds at Tue Mar 12 03:46:18 UTC 2019
12 ms. Memory: 331264K Free: 306733K (93%)
ptolemy.util.test.WatchDog.cancel(): canceling Tue Mar 12 03:46:18 UTC 2019
------------------ testing $PTII/ptolemy/domains/de/test/auto/Modal5.xml
auto.tcl: Setting watchdog for 200 seconds at Tue Mar 12 03:46:18 UTC 2019
15 ms. Memory: 331264K Free: 310323K (94%)
ptolemy.util.test.WatchDog.cancel(): canceling Tue Mar 12 03:46:18 UTC 2019
auto.tcl: Setting watchdog for 200 seconds at Tue Mar 12 03:46:18 UTC 2019
11 ms. Memory: 331264K Free: 306745K (93%)
ptolemy.util.test.WatchDog.cancel(): canceling Tue Mar 12 03:46:18 UTC 2019
------------------ testing $PTII/ptolemy/domains/de/test/auto/Modal6.xml
auto.tcl: Setting watchdog for 200 seconds at Tue Mar 12 03:46:18 UTC 2019
11 ms. Memory: 331264K Free: 310304K (94%)
ptolemy.util.test.WatchDog.cancel(): canceling Tue Mar 12 03:46:18 UTC 2019
auto.tcl: Setting watchdog for 200 seconds at Tue Mar 12 03:46:18 UTC 2019
11 ms. Memory: 331264K Free: 306725K (93%)
ptolemy.util.test.WatchDog.cancel(): canceling Tue Mar 12 03:46:18 UTC 2019
------------------ testing $PTII/ptolemy/domains/de/test/auto/Modal7.xml
auto.tcl: Setting watchdog for 200 seconds at Tue Mar 12 03:46:18 UTC 2019
16 ms. Memory: 331264K Free: 306718K (93%)
ptolemy.util.test.WatchDog.cancel(): canceling Tue Mar 12 03:46:18 UTC 2019
auto.tcl: Setting watchdog for 200 seconds at Tue Mar 12 03:46:18 UTC 2019
12 ms. Memory: 331264K Free: 303147K (92%)
ptolemy.util.test.WatchDog.cancel(): canceling Tue Mar 12 03:46:18 UTC 2019
------------------ testing $PTII/ptolemy/domains/de/test/auto/ModalModel.xml
auto.tcl: Setting watchdog for 200 seconds at Tue Mar 12 03:46:18 UTC 2019
197 ms. Memory: 331264K Free: 250191K (76%)
ptolemy.util.test.WatchDog.cancel(): canceling Tue Mar 12 03:46:18 UTC 2019
auto.tcl: Setting watchdog for 200 seconds at Tue Mar 12 03:46:18 UTC 2019
167 ms. Memory: 331264K Free: 192847K (58%)
ptolemy.util.test.WatchDog.cancel(): canceling Tue Mar 12 03:46:19 UTC 2019
------------------ testing $PTII/ptolemy/domains/de/test/auto/ModalSource.xml
auto.tcl: Setting watchdog for 200 seconds at Tue Mar 12 03:46:19 UTC 2019
6 ms. Memory: 331264K Free: 316568K (96%)
ptolemy.util.test.WatchDog.cancel(): canceling Tue Mar 12 03:46:19 UTC 2019
auto.tcl: Setting watchdog for 200 seconds at Tue Mar 12 03:46:19 UTC 2019
5 ms. Memory: 331264K Free: 313274K (95%)
ptolemy.util.test.WatchDog.cancel(): canceling Tue Mar 12 03:46:19 UTC 2019
------------------ testing $PTII/ptolemy/domains/de/test/auto/NonInterruptibleTimerZeroDelay.xml
auto.tcl: Setting watchdog for 200 seconds at Tue Mar 12 03:46:19 UTC 2019
4 ms. Memory: 331264K Free: 316031K (95%)
ptolemy.util.test.WatchDog.cancel(): canceling Tue Mar 12 03:46:19 UTC 2019
auto.tcl: Setting watchdog for 200 seconds at Tue Mar 12 03:46:19 UTC 2019
2 ms. Memory: 331264K Free: 312737K (94%)
ptolemy.util.test.WatchDog.cancel(): canceling Tue Mar 12 03:46:19 UTC 2019
------------------ testing $PTII/ptolemy/domains/de/test/auto/OpenQueueingNetwork.xml
auto.tcl: Setting watchdog for 200 seconds at Tue Mar 12 03:46:19 UTC 2019
2662 ms. Memory: 573952K Free: 421099K (73%)
ptolemy.util.test.WatchDog.cancel(): canceling Tue Mar 12 03:46:22 UTC 2019
auto.tcl: Setting watchdog for 200 seconds at Tue Mar 12 03:46:22 UTC 2019
2394 ms. Memory: 550912K Free: 328930K (60%)
ptolemy.util.test.WatchDog.cancel(): canceling Tue Mar 12 03:46:24 UTC 2019
------------------ testing $PTII/ptolemy/domains/de/test/auto/OpenQueuingNetwork.xml
auto.tcl: Setting watchdog for 200 seconds at Tue Mar 12 03:46:24 UTC 2019
235 ms. Memory: 549888K Free: 445982K (81%)
ptolemy.util.test.WatchDog.cancel(): canceling Tue Mar 12 03:46:24 UTC 2019
auto.tcl: Setting watchdog for 200 seconds at Tue Mar 12 03:46:24 UTC 2019
219 ms. Memory: 549888K Free: 388159K (71%)
ptolemy.util.test.WatchDog.cancel(): canceling Tue Mar 12 03:46:25 UTC 2019
------------------ testing $PTII/ptolemy/domains/de/test/auto/PeriodicSampler.xml
auto.tcl: Setting watchdog for 200 seconds at Tue Mar 12 03:46:25 UTC 2019
3 ms. Memory: 551936K Free: 536810K (97%)
ptolemy.util.test.WatchDog.cancel(): canceling Tue Mar 12 03:46:25 UTC 2019
auto.tcl: Setting watchdog for 200 seconds at Tue Mar 12 03:46:25 UTC 2019
2 ms. Memory: 551936K Free: 536810K (97%)
ptolemy.util.test.WatchDog.cancel(): canceling Tue Mar 12 03:46:25 UTC 2019
------------------ testing $PTII/ptolemy/domains/de/test/auto/PersistentIO.xml
auto.tcl: Setting watchdog for 200 seconds at Tue Mar 12 03:46:25 UTC 2019
5 ms. Memory: 549376K Free: 524898K (96%)
ptolemy.util.test.WatchDog.cancel(): canceling Tue Mar 12 03:46:25 UTC 2019
auto.tcl: Setting watchdog for 200 seconds at Tue Mar 12 03:46:25 UTC 2019
6 ms. Memory: 549376K Free: 524898K (96%)
ptolemy.util.test.WatchDog.cancel(): canceling Tue Mar 12 03:46:25 UTC 2019
------------------ testing $PTII/ptolemy/domains/de/test/auto/PortParameterResetOnInitialize.xml
auto.tcl: Setting watchdog for 200 seconds at Tue Mar 12 03:46:25 UTC 2019
2 ms. Memory: 551424K Free: 532080K (96%)
ptolemy.util.test.WatchDog.cancel(): canceling Tue Mar 12 03:46:25 UTC 2019
auto.tcl: Setting watchdog for 200 seconds at Tue Mar 12 03:46:25 UTC 2019
2 ms. Memory: 551424K Free: 532080K (96%)
ptolemy.util.test.WatchDog.cancel(): canceling Tue Mar 12 03:46:25 UTC 2019
------------------ testing $PTII/ptolemy/domains/de/test/auto/PortParameterUpdates.xml
auto.tcl: Setting watchdog for 200 seconds at Tue Mar 12 03:46:25 UTC 2019
5 ms. Memory: 549376K Free: 529622K (96%)
ptolemy.util.test.WatchDog.cancel(): canceling Tue Mar 12 03:46:25 UTC 2019
auto.tcl: Setting watchdog for 200 seconds at Tue Mar 12 03:46:25 UTC 2019
3 ms. Memory: 549376K Free: 524365K (95%)
ptolemy.util.test.WatchDog.cancel(): canceling Tue Mar 12 03:46:25 UTC 2019
------------------ testing $PTII/ptolemy/domains/de/test/auto/QueueAndServer.xml
auto.tcl: Setting watchdog for 200 seconds at Tue Mar 12 03:46:25 UTC 2019
11 ms. Memory: 551424K Free: 526361K (95%)
ptolemy.util.test.WatchDog.cancel(): canceling Tue Mar 12 03:46:25 UTC 2019
auto.tcl: Setting watchdog for 200 seconds at Tue Mar 12 03:46:25 UTC 2019
6 ms. Memory: 551424K Free: 526361K (95%)
ptolemy.util.test.WatchDog.cancel(): canceling Tue Mar 12 03:46:25 UTC 2019
------------------ testing $PTII/ptolemy/domains/de/test/auto/Records.xml
auto.tcl: Setting watchdog for 200 seconds at Tue Mar 12 03:46:25 UTC 2019
5 ms. Memory: 549376K Free: 534751K (97%)
ptolemy.util.test.WatchDog.cancel(): canceling Tue Mar 12 03:46:25 UTC 2019
auto.tcl: Setting watchdog for 200 seconds at Tue Mar 12 03:46:25 UTC 2019
2 ms. Memory: 549376K Free: 534751K (97%)
ptolemy.util.test.WatchDog.cancel(): canceling Tue Mar 12 03:46:25 UTC 2019
------------------ testing $PTII/ptolemy/domains/de/test/auto/ResetTransitionWithStartTime1.xml
auto.tcl: Setting watchdog for 200 seconds at Tue Mar 12 03:46:25 UTC 2019
14 ms. Memory: 551424K Free: 531009K (96%)
ptolemy.util.test.WatchDog.cancel(): canceling Tue Mar 12 03:46:25 UTC 2019
auto.tcl: Setting watchdog for 200 seconds at Tue Mar 12 03:46:25 UTC 2019
6 ms. Memory: 551424K Free: 531009K (96%)
ptolemy.util.test.WatchDog.cancel(): canceling Tue Mar 12 03:46:25 UTC 2019
------------------ testing $PTII/ptolemy/domains/de/test/auto/ResetTransitionWithStartTime2.xml
auto.tcl: Setting watchdog for 200 seconds at Tue Mar 12 03:46:25 UTC 2019
5 ms. Memory: 549376K Free: 529495K (96%)
ptolemy.util.test.WatchDog.cancel(): canceling Tue Mar 12 03:46:25 UTC 2019
auto.tcl: Setting watchdog for 200 seconds at Tue Mar 12 03:46:25 UTC 2019
6 ms. Memory: 549376K Free: 529495K (96%)
ptolemy.util.test.WatchDog.cancel(): canceling Tue Mar 12 03:46:25 UTC 2019
------------------ testing $PTII/ptolemy/domains/de/test/auto/ResetTransitionWithStartTime3.xml
auto.tcl: Setting watchdog for 200 seconds at Tue Mar 12 03:46:25 UTC 2019
8 ms. Memory: 550912K Free: 530487K (96%)
ptolemy.util.test.WatchDog.cancel(): canceling Tue Mar 12 03:46:25 UTC 2019
auto.tcl: Setting watchdog for 200 seconds at Tue Mar 12 03:46:25 UTC 2019
6 ms. Memory: 550912K Free: 530487K (96%)
ptolemy.util.test.WatchDog.cancel(): canceling Tue Mar 12 03:46:25 UTC 2019
------------------ testing $PTII/ptolemy/domains/de/test/auto/ResetTransitionWithStartTime4.xml
auto.tcl: Setting watchdog for 200 seconds at Tue Mar 12 03:46:25 UTC 2019
5 ms. Memory: 549376K Free: 528958K (96%)
ptolemy.util.test.WatchDog.cancel(): canceling Tue Mar 12 03:46:25 UTC 2019
auto.tcl: Setting watchdog for 200 seconds at Tue Mar 12 03:46:25 UTC 2019
3 ms. Memory: 549376K Free: 528958K (96%)
ptolemy.util.test.WatchDog.cancel(): canceling Tue Mar 12 03:46:25 UTC 2019
------------------ testing $PTII/ptolemy/domains/de/test/auto/ResettableTimer1.xml
auto.tcl: Setting watchdog for 200 seconds at Tue Mar 12 03:46:25 UTC 2019
4 ms. Memory: 550912K Free: 535753K (97%)
ptolemy.util.test.WatchDog.cancel(): canceling Tue Mar 12 03:46:25 UTC 2019
auto.tcl: Setting watchdog for 200 seconds at Tue Mar 12 03:46:25 UTC 2019
2 ms. Memory: 550912K Free: 535753K (97%)
ptolemy.util.test.WatchDog.cancel(): canceling Tue Mar 12 03:46:25 UTC 2019
------------------ testing $PTII/ptolemy/domains/de/test/auto/ResettableTimer2.xml
auto.tcl: Setting watchdog for 200 seconds at Tue Mar 12 03:46:26 UTC 2019
3 ms. Memory: 549376K Free: 534817K (97%)
ptolemy.util.test.WatchDog.cancel(): canceling Tue Mar 12 03:46:26 UTC 2019
auto.tcl: Setting watchdog for 200 seconds at Tue Mar 12 03:46:26 UTC 2019
2 ms. Memory: 549376K Free: 534817K (97%)
ptolemy.util.test.WatchDog.cancel(): canceling Tue Mar 12 03:46:26 UTC 2019
------------------ testing $PTII/ptolemy/domains/de/test/auto/ResettableTimer3.xml
auto.tcl: Setting watchdog for 200 seconds at Tue Mar 12 03:46:26 UTC 2019
2 ms. Memory: 550912K Free: 535809K (97%)
ptolemy.util.test.WatchDog.cancel(): canceling Tue Mar 12 03:46:26 UTC 2019
auto.tcl: Setting watchdog for 200 seconds at Tue Mar 12 03:46:26 UTC 2019
1 ms. Memory: 550912K Free: 535809K (97%)
ptolemy.util.test.WatchDog.cancel(): canceling Tue Mar 12 03:46:26 UTC 2019
------------------ testing $PTII/ptolemy/domains/de/test/auto/ResettableTimer4.xml
auto.tcl: Setting watchdog for 200 seconds at Tue Mar 12 03:46:26 UTC 2019
1 ms. Memory: 549376K Free: 534829K (97%)
ptolemy.util.test.WatchDog.cancel(): canceling Tue Mar 12 03:46:26 UTC 2019
auto.tcl: Setting watchdog for 200 seconds at Tue Mar 12 03:46:26 UTC 2019
1 ms. Memory: 549376K Free: 534829K (97%)
ptolemy.util.test.WatchDog.cancel(): canceling Tue Mar 12 03:46:26 UTC 2019
------------------ testing $PTII/ptolemy/domains/de/test/auto/ResettableTimer5.xml
auto.tcl: Setting watchdog for 200 seconds at Tue Mar 12 03:46:26 UTC 2019
1 ms. Memory: 550400K Free: 531172K (97%)
ptolemy.util.test.WatchDog.cancel(): canceling Tue Mar 12 03:46:26 UTC 2019
auto.tcl: Setting watchdog for 200 seconds at Tue Mar 12 03:46:26 UTC 2019
2 ms. Memory: 550400K Free: 531172K (97%)
ptolemy.util.test.WatchDog.cancel(): canceling Tue Mar 12 03:46:26 UTC 2019
------------------ testing $PTII/ptolemy/domains/de/test/auto/ResettableTimer6.xml
auto.tcl: Setting watchdog for 200 seconds at Tue Mar 12 03:46:26 UTC 2019
1 ms. Memory: 549376K Free: 529554K (96%)
ptolemy.util.test.WatchDog.cancel(): canceling Tue Mar 12 03:46:26 UTC 2019
auto.tcl: Setting watchdog for 200 seconds at Tue Mar 12 03:46:26 UTC 2019
1 ms. Memory: 549376K Free: 529554K (96%)
ptolemy.util.test.WatchDog.cancel(): canceling Tue Mar 12 03:46:26 UTC 2019
------------------ testing $PTII/ptolemy/domains/de/test/auto/ServerZeroDelay.xml
auto.tcl: Setting watchdog for 200 seconds at Tue Mar 12 03:46:26 UTC 2019
2 ms. Memory: 550400K Free: 535791K (97%)
ptolemy.util.test.WatchDog.cancel(): canceling Tue Mar 12 03:46:26 UTC 2019
auto.tcl: Setting watchdog for 200 seconds at Tue Mar 12 03:46:26 UTC 2019
2 ms. Memory: 550400K Free: 535791K (97%)
ptolemy.util.test.WatchDog.cancel(): canceling Tue Mar 12 03:46:26 UTC 2019
------------------ testing $PTII/ptolemy/domains/de/test/auto/SmartSender.xml
auto.tcl: Setting watchdog for 200 seconds at Tue Mar 12 03:46:26 UTC 2019
3002 ms. Memory: 549376K Free: 530083K (96%)
ptolemy.util.test.WatchDog.cancel(): canceling Tue Mar 12 03:46:29 UTC 2019
auto.tcl: Setting watchdog for 200 seconds at Tue Mar 12 03:46:29 UTC 2019
3001 ms. Memory: 549376K Free: 530083K (96%)
ptolemy.util.test.WatchDog.cancel(): canceling Tue Mar 12 03:46:32 UTC 2019
------------------ testing $PTII/ptolemy/domains/de/test/auto/ThreadedComposite.xml
auto.tcl: Setting watchdog for 200 seconds at Tue Mar 12 03:46:32 UTC 2019
199 ms. Memory: 550400K Free: 510697K (93%)
ptolemy.util.test.WatchDog.cancel(): canceling Tue Mar 12 03:46:32 UTC 2019
auto.tcl: Setting watchdog for 200 seconds at Tue Mar 12 03:46:32 UTC 2019
115 ms. Memory: 550400K Free: 496081K (90%)
ptolemy.util.test.WatchDog.cancel(): canceling Tue Mar 12 03:46:32 UTC 2019
------------------ testing $PTII/ptolemy/domains/de/test/auto/Time.xml
auto.tcl: Setting watchdog for 200 seconds at Tue Mar 12 03:46:32 UTC 2019
527 ms. Memory: 549376K Free: 482468K (88%)
ptolemy.util.test.WatchDog.cancel(): canceling Tue Mar 12 03:46:33 UTC 2019
auto.tcl: Setting watchdog for 200 seconds at Tue Mar 12 03:46:33 UTC 2019
472 ms. Memory: 549376K Free: 429902K (78%)
ptolemy.util.test.WatchDog.cancel(): canceling Tue Mar 12 03:46:33 UTC 2019
------------------ testing $PTII/ptolemy/domains/de/test/auto/TimeDelayZeroDelay.xml
auto.tcl: Setting watchdog for 200 seconds at Tue Mar 12 03:46:33 UTC 2019
2 ms. Memory: 550400K Free: 535166K (97%)
ptolemy.util.test.WatchDog.cancel(): canceling Tue Mar 12 03:46:33 UTC 2019
auto.tcl: Setting watchdog for 200 seconds at Tue Mar 12 03:46:33 UTC 2019
2 ms. Memory: 550400K Free: 535166K (97%)
ptolemy.util.test.WatchDog.cancel(): canceling Tue Mar 12 03:46:33 UTC 2019
------------------ testing $PTII/ptolemy/domains/de/test/auto/TimerZeroDelay.xml
auto.tcl: Setting watchdog for 200 seconds at Tue Mar 12 03:46:34 UTC 2019
2 ms. Memory: 549376K Free: 534729K (97%)
ptolemy.util.test.WatchDog.cancel(): canceling Tue Mar 12 03:46:34 UTC 2019
auto.tcl: Setting watchdog for 200 seconds at Tue Mar 12 03:46:34 UTC 2019
2 ms. Memory: 549376K Free: 534729K (97%)
ptolemy.util.test.WatchDog.cancel(): canceling Tue Mar 12 03:46:34 UTC 2019
------------------ testing $PTII/ptolemy/domains/de/test/auto/TimingParadox.xml
auto.tcl: Setting watchdog for 200 seconds at Tue Mar 12 03:46:34 UTC 2019
311 ms. Memory: 549888K Free: 470368K (86%)
ptolemy.util.test.WatchDog.cancel(): canceling Tue Mar 12 03:46:34 UTC 2019
auto.tcl: Setting watchdog for 200 seconds at Tue Mar 12 03:46:34 UTC 2019
287 ms. Memory: 549888K Free: 433572K (79%)
ptolemy.util.test.WatchDog.cancel(): canceling Tue Mar 12 03:46:34 UTC 2019
------------------ testing $PTII/ptolemy/domains/de/test/auto/TransferInputs.xml
auto.tcl: Setting watchdog for 200 seconds at Tue Mar 12 03:46:34 UTC 2019
1 ms. Memory: 549888K Free: 534203K (97%)
ptolemy.util.test.WatchDog.cancel(): canceling Tue Mar 12 03:46:34 UTC 2019
auto.tcl: Setting watchdog for 200 seconds at Tue Mar 12 03:46:34 UTC 2019
1 ms. Memory: 549888K Free: 534203K (97%)
ptolemy.util.test.WatchDog.cancel(): canceling Tue Mar 12 03:46:34 UTC 2019
------------------ testing $PTII/ptolemy/domains/de/test/auto/TransferOutputs2.xml
auto.tcl: Setting watchdog for 200 seconds at Tue Mar 12 03:46:34 UTC 2019
3 ms. Memory: 549376K Free: 524848K (96%)
ptolemy.util.test.WatchDog.cancel(): canceling Tue Mar 12 03:46:34 UTC 2019
auto.tcl: Setting watchdog for 200 seconds at Tue Mar 12 03:46:34 UTC 2019
2 ms. Memory: 549376K Free: 524848K (96%)
ptolemy.util.test.WatchDog.cancel(): canceling Tue Mar 12 03:46:34 UTC 2019
------------------ testing $PTII/ptolemy/domains/de/test/auto/Trilateration.xml
auto.tcl: Setting watchdog for 200 seconds at Tue Mar 12 03:46:35 UTC 2019
13307 ms. Memory: 453632K Free: 138094K (30%)
ptolemy.util.test.WatchDog.cancel(): canceling Tue Mar 12 03:46:49 UTC 2019
auto.tcl: Setting watchdog for 200 seconds at Tue Mar 12 03:46:49 UTC 2019
10791 ms. Memory: 331264K Free: 260274K (79%)
ptolemy.util.test.WatchDog.cancel(): canceling Tue Mar 12 03:46:59 UTC 2019
------------------ testing $PTII/ptolemy/domains/de/test/auto/TwoSigmaDelta.xml
auto.tcl: Setting watchdog for 200 seconds at Tue Mar 12 03:47:00 UTC 2019
2797 ms. Memory: 320000K Free: 280216K (88%)
ptolemy.util.test.WatchDog.cancel(): canceling Tue Mar 12 03:47:03 UTC 2019
auto.tcl: Setting watchdog for 200 seconds at Tue Mar 12 03:47:03 UTC 2019
1893 ms. Memory: 307712K Free: 273420K (89%)
ptolemy.util.test.WatchDog.cancel(): canceling Tue Mar 12 03:47:04 UTC 2019
------------------ testing $PTII/ptolemy/domains/de/test/auto/VariableDelay.xml
auto.tcl: Setting watchdog for 200 seconds at Tue Mar 12 03:47:04 UTC 2019
2 ms. Memory: 309760K Free: 296624K (96%)
ptolemy.util.test.WatchDog.cancel(): canceling Tue Mar 12 03:47:05 UTC 2019
auto.tcl: Setting watchdog for 200 seconds at Tue Mar 12 03:47:05 UTC 2019
1 ms. Memory: 309760K Free: 293224K (95%)
ptolemy.util.test.WatchDog.cancel(): canceling Tue Mar 12 03:47:05 UTC 2019
------------------ testing $PTII/ptolemy/domains/de/test/auto/VariableDelay2.xml
auto.tcl: Setting watchdog for 200 seconds at Tue Mar 12 03:47:05 UTC 2019
2 ms. Memory: 307712K Free: 293376K (95%)
ptolemy.util.test.WatchDog.cancel(): canceling Tue Mar 12 03:47:05 UTC 2019
auto.tcl: Setting watchdog for 200 seconds at Tue Mar 12 03:47:05 UTC 2019
2 ms. Memory: 307712K Free: 293376K (95%)
ptolemy.util.test.WatchDog.cancel(): canceling Tue Mar 12 03:47:05 UTC 2019
------------------ testing $PTII/ptolemy/domains/de/test/auto/VariableDelayZeroDelay.xml
auto.tcl: Setting watchdog for 200 seconds at Tue Mar 12 03:47:05 UTC 2019
2 ms. Memory: 309248K Free: 296063K (96%)
ptolemy.util.test.WatchDog.cancel(): canceling Tue Mar 12 03:47:05 UTC 2019
auto.tcl: Setting watchdog for 200 seconds at Tue Mar 12 03:47:05 UTC 2019
2 ms. Memory: 309248K Free: 292655K (95%)
ptolemy.util.test.WatchDog.cancel(): canceling Tue Mar 12 03:47:05 UTC 2019
------------------ testing $PTII/ptolemy/domains/de/test/auto/VariableDelayZeroDelay2.xml
auto.tcl: Setting watchdog for 200 seconds at Tue Mar 12 03:47:05 UTC 2019
5 ms. Memory: 307712K Free: 294525K (96%)
ptolemy.util.test.WatchDog.cancel(): canceling Tue Mar 12 03:47:05 UTC 2019
auto.tcl: Setting watchdog for 200 seconds at Tue Mar 12 03:47:05 UTC 2019
2 ms. Memory: 307712K Free: 291109K (95%)
ptolemy.util.test.WatchDog.cancel(): canceling Tue Mar 12 03:47:05 UTC 2019
------------------ testing $PTII/ptolemy/domains/de/test/auto/deInCt.xml
auto.tcl: Setting watchdog for 200 seconds at Tue Mar 12 03:47:05 UTC 2019
0
1
1
1
1
0
0
0
1
1
1
1
1
0
0
0
0
1
1
1
1
0
0
0
1
1
1
0
0
0
10 ms. Memory: 309248K Free: 292628K (95%)
ptolemy.util.test.WatchDog.cancel(): canceling Tue Mar 12 03:47:05 UTC 2019
auto.tcl: Setting watchdog for 200 seconds at Tue Mar 12 03:47:05 UTC 2019
0
1
1
1
0
0
0
1
1
1
1
0
0
1
1
1
0
0
0
0
1
1
1
1
0
0
0
1
1
1
0
0
0
0
1
1
1
1
5 ms. Memory: 309248K Free: 292628K (95%)
ptolemy.util.test.WatchDog.cancel(): canceling Tue Mar 12 03:47:05 UTC 2019
------------------ testing $PTII/ptolemy/domains/de/test/auto/deInCt2.xml
auto.tcl: Setting watchdog for 200 seconds at Tue Mar 12 03:47:05 UTC 2019
0
1
1
1
0
0
1
1
1
0
0
1
1
1
0
0
1
1
1
0
0
1
1
1
0
0
1
1
1
0
0
1
1
1
0
0
1
1
1
0
0
0
9 ms. Memory: 307712K Free: 291075K (95%)
ptolemy.util.test.WatchDog.cancel(): canceling Tue Mar 12 03:47:05 UTC 2019
auto.tcl: Setting watchdog for 200 seconds at Tue Mar 12 03:47:05 UTC 2019
0
1
1
1
0
0
1
1
1
0
0
1
1
1
0
0
1
1
1
0
0
1
1
1
0
0
1
1
1
0
0
1
1
1
0
0
1
1
1
0
0
0
6 ms. Memory: 307712K Free: 291075K (95%)
ptolemy.util.test.WatchDog.cancel(): canceling Tue Mar 12 03:47:05 UTC 2019
------------------ testing $PTII/ptolemy/domains/de/test/auto/dynamicCausalityInterface1.xml
auto.tcl: Setting watchdog for 200 seconds at Tue Mar 12 03:47:05 UTC 2019
3 ms. Memory: 308736K Free: 290988K (94%)
ptolemy.util.test.WatchDog.cancel(): canceling Tue Mar 12 03:47:05 UTC 2019
auto.tcl: Setting watchdog for 200 seconds at Tue Mar 12 03:47:05 UTC 2019
0 ms. Memory: 308736K Free: 290988K (94%)
ptolemy.util.test.WatchDog.cancel(): canceling Tue Mar 12 03:47:05 UTC 2019
------------------ testing $PTII/ptolemy/domains/de/test/auto/fsm_de_test.xml
auto.tcl: Setting watchdog for 200 seconds at Tue Mar 12 03:47:05 UTC 2019
9 ms. Memory: 307712K Free: 287580K (93%)
ptolemy.util.test.WatchDog.cancel(): canceling Tue Mar 12 03:47:05 UTC 2019
auto.tcl: Setting watchdog for 200 seconds at Tue Mar 12 03:47:05 UTC 2019
9 ms. Memory: 307712K Free: 287580K (93%)
ptolemy.util.test.WatchDog.cancel(): canceling Tue Mar 12 03:47:05 UTC 2019
------------------ testing $PTII/ptolemy/domains/de/test/auto/functionDependencyReconstruction.xml
auto.tcl: Setting watchdog for 200 seconds at Tue Mar 12 03:47:05 UTC 2019
3 ms. Memory: 308736K Free: 281802K (91%)
ptolemy.util.test.WatchDog.cancel(): canceling Tue Mar 12 03:47:05 UTC 2019
auto.tcl: Setting watchdog for 200 seconds at Tue Mar 12 03:47:05 UTC 2019
2 ms. Memory: 308736K Free: 281802K (91%)
ptolemy.util.test.WatchDog.cancel(): canceling Tue Mar 12 03:47:05 UTC 2019
------------------ testing $PTII/ptolemy/domains/de/test/auto/multirate.xml
auto.tcl: Setting watchdog for 200 seconds at Tue Mar 12 03:47:05 UTC 2019
5 ms. Memory: 307712K Free: 293094K (95%)
ptolemy.util.test.WatchDog.cancel(): canceling Tue Mar 12 03:47:05 UTC 2019
auto.tcl: Setting watchdog for 200 seconds at Tue Mar 12 03:47:05 UTC 2019
3 ms. Memory: 307712K Free: 293094K (95%)
ptolemy.util.test.WatchDog.cancel(): canceling Tue Mar 12 03:47:05 UTC 2019
------------------ testing $PTII/ptolemy/domains/de/test/auto/multirate2.xml
auto.tcl: Setting watchdog for 200 seconds at Tue Mar 12 03:47:05 UTC 2019
5 ms. Memory: 308736K Free: 294305K (95%)
ptolemy.util.test.WatchDog.cancel(): canceling Tue Mar 12 03:47:05 UTC 2019
auto.tcl: Setting watchdog for 200 seconds at Tue Mar 12 03:47:05 UTC 2019
3 ms. Memory: 308736K Free: 294305K (95%)
ptolemy.util.test.WatchDog.cancel(): canceling Tue Mar 12 03:47:05 UTC 2019
------------------ testing $PTII/ptolemy/domains/de/test/auto/realtime.xml
auto.tcl: Setting watchdog for 200 seconds at Tue Mar 12 03:47:05 UTC 2019
10002 ms. Memory: 307712K Free: 293279K (95%)
ptolemy.util.test.WatchDog.cancel(): canceling Tue Mar 12 03:47:15 UTC 2019
auto.tcl: Setting watchdog for 200 seconds at Tue Mar 12 03:47:15 UTC 2019
10001 ms. Memory: 307712K Free: 293279K (95%)
ptolemy.util.test.WatchDog.cancel(): canceling Tue Mar 12 03:47:25 UTC 2019
------------------ testing $PTII/ptolemy/domains/de/test/auto/relationGroup.xml
auto.tcl: Setting watchdog for 200 seconds at Tue Mar 12 03:47:25 UTC 2019
2 ms. Memory: 308224K Free: 297264K (96%)
ptolemy.util.test.WatchDog.cancel(): canceling Tue Mar 12 03:47:25 UTC 2019
auto.tcl: Setting watchdog for 200 seconds at Tue Mar 12 03:47:25 UTC 2019
1 ms. Memory: 308224K Free: 297264K (96%)
ptolemy.util.test.WatchDog.cancel(): canceling Tue Mar 12 03:47:25 UTC 2019
------------------ testing $PTII/ptolemy/domains/de/test/auto/relationGroup2.xml
auto.tcl: Setting watchdog for 200 seconds at Tue Mar 12 03:47:25 UTC 2019
2 ms. Memory: 307712K Free: 296779K (96%)
ptolemy.util.test.WatchDog.cancel(): canceling Tue Mar 12 03:47:25 UTC 2019
auto.tcl: Setting watchdog for 200 seconds at Tue Mar 12 03:47:25 UTC 2019
1 ms. Memory: 307712K Free: 296779K (96%)
ptolemy.util.test.WatchDog.cancel(): canceling Tue Mar 12 03:47:25 UTC 2019
------------------ testing $PTII/ptolemy/domains/de/test/auto/sortWithOpaquePorts.xml
auto.tcl: Setting watchdog for 200 seconds at Tue Mar 12 03:47:25 UTC 2019
1 ms. Memory: 308224K Free: 295028K (96%)
ptolemy.util.test.WatchDog.cancel(): canceling Tue Mar 12 03:47:26 UTC 2019
auto.tcl: Setting watchdog for 200 seconds at Tue Mar 12 03:47:26 UTC 2019
2 ms. Memory: 308224K Free: 291628K (95%)
ptolemy.util.test.WatchDog.cancel(): canceling Tue Mar 12 03:47:26 UTC 2019
------------------ testing $PTII/ptolemy/domains/de/test/auto/transferInputsandOutputs.xml
auto.tcl: Setting watchdog for 200 seconds at Tue Mar 12 03:47:26 UTC 2019
2 ms. Memory: 307712K Free: 291103K (95%)
ptolemy.util.test.WatchDog.cancel(): canceling Tue Mar 12 03:47:26 UTC 2019
auto.tcl: Setting watchdog for 200 seconds at Tue Mar 12 03:47:26 UTC 2019
2 ms. Memory: 307712K Free: 287703K (93%)
ptolemy.util.test.WatchDog.cancel(): canceling Tue Mar 12 03:47:26 UTC 2019
------------------ testing $PTII/ptolemy/domains/de/test/auto/triggerType.xml
auto.tcl: Setting watchdog for 200 seconds at Tue Mar 12 03:47:26 UTC 2019
1 ms. Memory: 308224K Free: 294965K (96%)
ptolemy.util.test.WatchDog.cancel(): canceling Tue Mar 12 03:47:26 UTC 2019
auto.tcl: Setting watchdog for 200 seconds at Tue Mar 12 03:47:26 UTC 2019
1 ms. Memory: 308224K Free: 291550K (95%)
ptolemy.util.test.WatchDog.cancel(): canceling Tue Mar 12 03:47:26 UTC 2019
03/12/19 03:47:26
Failed: 0  Total Tests: 192  ((Passed: 187, Newly Passed: 1)  Known Failed: 5) /home/travis/build/icyphy/ptII/ptolemy/domains/de/test
03/12/19 03:47:26
Failed: 0  Total Tests: 192  ((Passed: 187, Newly Passed: 1)  Known Failed: 5) /home/travis/build/icyphy/ptII/ptolemy/domains/de/test
----------------- testing (KnownFailure) /home/travis/build/icyphy/ptII/ptolemy/domains/de/test/auto/knownFailedTests/DESDFClockTest.xml
2010 ms. Memory: 307712K Free: 285423K (93%)
Known Failure: java.lang.reflect.InvocationTargetException
----------------- testing (KnownFailure) /home/travis/build/icyphy/ptII/ptolemy/domains/de/test/auto/knownFailedTests/DirectFeedback.xml
2 ms. Memory: 307712K Free: 267319K (87%)
Known Failure: java.lang.reflect.InvocationTargetException
----------------- testing (KnownFailure) /home/travis/build/icyphy/ptII/ptolemy/domains/de/test/auto/knownFailedTests/FSMSource.xml
9 ms. Memory: 307712K Free: 244688K (80%)
----------------- testing (KnownFailure) /home/travis/build/icyphy/ptII/ptolemy/domains/de/test/auto/knownFailedTests/HierarchicalModel.xml
9 ms. Memory: 307712K Free: 222033K (72%)
Known Failure: java.lang.reflect.InvocationTargetException
----------------- testing (KnownFailure) /home/travis/build/icyphy/ptII/ptolemy/domains/de/test/auto/knownFailedTests/dependencyLoop.xml
2 ms. Memory: 307712K Free: 190334K (62%)
Known Failure: java.lang.reflect.InvocationTargetException
----------------- testing (KnownFailure) /home/travis/build/icyphy/ptII/ptolemy/domains/de/test/auto/knownFailedTests/dependencyLoop2.xml
3 ms. Memory: 307712K Free: 158635K (52%)
Known Failure: java.lang.reflect.InvocationTargetException
No auto/linux-amd64/*.xml tests in /home/travis/build/icyphy/ptII/ptolemy/domains/de/test
AutoTests.java: About to close Vertx.
AutoTests.java: Vertx closed.

===========================================================================================
----------------- testing Tue Mar 12 03:47:28 UTC 2019 /home/travis/build/icyphy/ptII/ptolemy/domains/de/test/auto/ActorDepthCalculation_actorWithoutPorts.xml
----------------- Instantiating /home/travis/build/icyphy/ptII/ptolemy/domains/de/test/auto/ActorDepthCalculation_actorWithoutPorts.xml
1 ms. Memory: 307712K Free: 136005K (44%)
----------------- Invoking toplevel() on ptolemy.moml.MoMLSimpleApplication@4597d37c
----------------- Done invoking toplevel() on ptolemy.moml.MoMLSimpleApplication@4597d37c
reloadAllAccessors: .ActorDepthCalculation_actorWithoutPorts

===========================================================================================
----------------- testing Tue Mar 12 03:47:28 UTC 2019 /home/travis/build/icyphy/ptII/ptolemy/domains/de/test/auto/AssemblyLine.xml
----------------- Instantiating /home/travis/build/icyphy/ptII/ptolemy/domains/de/test/auto/AssemblyLine.xml
2 ms. Memory: 307712K Free: 122426K (40%)
----------------- Invoking toplevel() on ptolemy.moml.MoMLSimpleApplication@6ad557fc
----------------- Done invoking toplevel() on ptolemy.moml.MoMLSimpleApplication@6ad557fc
reloadAllAccessors: .AssemblyLine

===========================================================================================
----------------- testing Tue Mar 12 03:47:28 UTC 2019 /home/travis/build/icyphy/ptII/ptolemy/domains/de/test/auto/CQBug1.xml
----------------- Instantiating /home/travis/build/icyphy/ptII/ptolemy/domains/de/test/auto/CQBug1.xml
0 ms. Memory: 307712K Free: 113374K (37%)
----------------- Invoking toplevel() on ptolemy.moml.MoMLSimpleApplication@5cca4c0c
----------------- Done invoking toplevel() on ptolemy.moml.MoMLSimpleApplication@5cca4c0c
reloadAllAccessors: .CQBug1

===========================================================================================
----------------- testing Tue Mar 12 03:47:28 UTC 2019 /home/travis/build/icyphy/ptII/ptolemy/domains/de/test/auto/CancelFireAt.xml
----------------- Instantiating /home/travis/build/icyphy/ptII/ptolemy/domains/de/test/auto/CancelFireAt.xml
0 ms. Memory: 307712K Free: 104322K (34%)
----------------- Invoking toplevel() on ptolemy.moml.MoMLSimpleApplication@1078f127
----------------- Done invoking toplevel() on ptolemy.moml.MoMLSimpleApplication@1078f127
reloadAllAccessors: .CancelFireAt

===========================================================================================
----------------- testing Tue Mar 12 03:47:28 UTC 2019 /home/travis/build/icyphy/ptII/ptolemy/domains/de/test/auto/CausalityAndComposabilityAnalysis.xml
----------------- Instantiating /home/travis/build/icyphy/ptII/ptolemy/domains/de/test/auto/CausalityAndComposabilityAnalysis.xml
1 ms. Memory: 307712K Free: 95270K (31%)
----------------- Invoking toplevel() on ptolemy.moml.MoMLSimpleApplication@65928e29
----------------- Done invoking toplevel() on ptolemy.moml.MoMLSimpleApplication@65928e29
reloadAllAccessors: .CausalityAndComposabilityAnalysis

===========================================================================================
----------------- testing Tue Mar 12 03:47:28 UTC 2019 /home/travis/build/icyphy/ptII/ptolemy/domains/de/test/auto/CausalityInterface1.xml
----------------- Instantiating /home/travis/build/icyphy/ptII/ptolemy/domains/de/test/auto/CausalityInterface1.xml
3 ms. Memory: 307712K Free: 82818K (27%)
----------------- Invoking toplevel() on ptolemy.moml.MoMLSimpleApplication@1e985136
----------------- Done invoking toplevel() on ptolemy.moml.MoMLSimpleApplication@1e985136
reloadAllAccessors: .CausalityInterface1

===========================================================================================
----------------- testing Tue Mar 12 03:47:28 UTC 2019 /home/travis/build/icyphy/ptII/ptolemy/domains/de/test/auto/CausalityInterface15.xml
----------------- Instantiating /home/travis/build/icyphy/ptII/ptolemy/domains/de/test/auto/CausalityInterface15.xml
6 ms. Memory: 298496K Free: 288532K (97%)
----------------- Invoking toplevel() on ptolemy.moml.MoMLSimpleApplication@6fa3f872
----------------- Done invoking toplevel() on ptolemy.moml.MoMLSimpleApplication@6fa3f872
reloadAllAccessors: .CausalityInterface15

[...]
java.lang.RuntimeException: Execution failed
	at ptolemy.moml.MoMLSimpleApplication$UnloadThread.run(MoMLSimpleApplication.java:402)
Caused by: ptolemy.kernel.util.IllegalActionException: Test fails in iteration 1.
Value was: 1.0. Should have been: 2.0
  in .DirectFeedback.Test
	at ptolemy.actor.lib.Test.fire(Test.java:268)
	at ptolemy.domains.de.kernel.DEDirector._fire(DEDirector.java:1949)
	at ptolemy.domains.de.kernel.DEDirector.fire(DEDirector.java:502)
	at ptolemy.actor.CompositeActor.fire(CompositeActor.java:455)
	at ptolemy.actor.Manager.iterate(Manager.java:851)
	at ptolemy.actor.Manager.execute(Manager.java:369)
	at ptolemy.actor.Manager.run(Manager.java:1263)
	at ptolemy.actor.Manager$PtolemyRunThread.run(Manager.java:1915)
java.lang.RuntimeException: Execution failed
	at ptolemy.moml.MoMLSimpleApplication$UnloadThread.run(MoMLSimpleApplication.java:402)
Caused by: ptolemy.kernel.util.IllegalActionException: Actor is not ready to fire.  Perhaps UpSample.prefire() returned false? Try debugging the actor by selecting "Listen to Actor".  Also, for SDF check moml for tokenConsumptionRate on input.
  in .DESDFClockTest.Play Bell.Copy1:SDF Director and .DESDFClockTest.Play Bell.UpSample
	at ptolemy.actor.sched.StaticSchedulingDirector.fire(StaticSchedulingDirector.java:227)
	at ptolemy.domains.sdf.kernel.SDFDirector.fire(SDFDirector.java:500)
	at ptolemy.actor.CompositeActor.fire(CompositeActor.java:455)
	at ptolemy.domains.de.kernel.DEDirector._fire(DEDirector.java:1949)
	at ptolemy.domains.de.kernel.DEDirector.fire(DEDirector.java:502)
	at ptolemy.actor.CompositeActor.fire(CompositeActor.java:455)
	at ptolemy.actor.Manager.iterate(Manager.java:851)
	at ptolemy.actor.Manager.execute(Manager.java:369)
	at ptolemy.actor.Manager.run(Manager.java:1263)
	at ptolemy.actor.Manager$PtolemyRunThread.run(Manager.java:1915)
java.lang.reflect.InvocationTargetException
	at sun.reflect.NativeConstructorAccessorImpl.newInstance0(Native Method)
	at sun.reflect.NativeConstructorAccessorImpl.newInstance(NativeConstructorAccessorImpl.java:62)
	at sun.reflect.DelegatingConstructorAccessorImpl.newInstance(DelegatingConstructorAccessorImpl.java:45)
	at java.lang.reflect.Constructor.newInstance(Constructor.java:423)
	at ptolemy.util.test.junit.AutoKnownFailedTests.RunModel(AutoKnownFailedTests.java:105)
	at sun.reflect.NativeMethodAccessorImpl.invoke0(Native Method)
	at sun.reflect.NativeMethodAccessorImpl.invoke(NativeMethodAccessorImpl.java:62)
	at sun.reflect.DelegatingMethodAccessorImpl.invoke(DelegatingMethodAccessorImpl.java:43)
	at java.lang.reflect.Method.invoke(Method.java:498)
	at org.junit.runners.model.FrameworkMethod$1.runReflectiveCall(FrameworkMethod.java:44)
	at org.junit.internal.runners.model.ReflectiveCallable.run(ReflectiveCallable.java:15)
	at org.junit.runners.model.FrameworkMethod.invokeExplosively(FrameworkMethod.java:41)
	at junitparams.internal.InvokeParameterisedMethod.evaluate(InvokeParameterisedMethod.java:102)
	at org.junit.internal.runners.statements.FailOnTimeout$1.run(FailOnTimeout.java:28)
Caused by: ptolemy.kernel.util.IllegalActionException: Actor is not ready to fire.  Perhaps UpSample.prefire() returned false? Try debugging the actor by selecting "Listen to Actor".  Also, for SDF check moml for tokenConsumptionRate on input.
  in .DESDFClockTest.Play Bell.Copy1:SDF Director and .DESDFClockTest.Play Bell.UpSample
	at ptolemy.actor.sched.StaticSchedulingDirector.fire(StaticSchedulingDirector.java:227)
	at ptolemy.domains.sdf.kernel.SDFDirector.fire(SDFDirector.java:500)
	at ptolemy.actor.CompositeActor.fire(CompositeActor.java:455)
	at ptolemy.domains.de.kernel.DEDirector._fire(DEDirector.java:1949)
	at ptolemy.domains.de.kernel.DEDirector.fire(DEDirector.java:502)
	at ptolemy.actor.CompositeActor.fire(CompositeActor.java:455)
	at ptolemy.actor.Manager.iterate(Manager.java:851)
	at ptolemy.actor.Manager.execute(Manager.java:369)
	at ptolemy.actor.Manager.run(Manager.java:1263)
	at ptolemy.actor.Manager$PtolemyRunThread.run(Manager.java:1915)
java.lang.RuntimeException: Execution failed
	at ptolemy.moml.MoMLSimpleApplication$UnloadThread.run(MoMLSimpleApplication.java:402)
Caused by: ptolemy.kernel.util.IllegalActionException: Test fails in iteration 1.
Value was: 1.0. Should have been: 2.0
  in .DirectFeedback.Test
	at ptolemy.actor.lib.Test.fire(Test.java:268)
	at ptolemy.domains.de.kernel.DEDirector._fire(DEDirector.java:1949)
	at ptolemy.domains.de.kernel.DEDirector.fire(DEDirector.java:502)
	at ptolemy.actor.CompositeActor.fire(CompositeActor.java:455)
	at ptolemy.actor.Manager.iterate(Manager.java:851)
	at ptolemy.actor.Manager.execute(Manager.java:369)
	at ptolemy.actor.Manager.run(Manager.java:1263)
	at ptolemy.actor.Manager$PtolemyRunThread.run(Manager.java:1915)
java.lang.reflect.InvocationTargetException
	at sun.reflect.NativeConstructorAccessorImpl.newInstance0(Native Method)
	at sun.reflect.NativeConstructorAccessorImpl.newInstance(NativeConstructorAccessorImpl.java:62)
	at sun.reflect.DelegatingConstructorAccessorImpl.newInstance(DelegatingConstructorAccessorImpl.java:45)
	at java.lang.reflect.Constructor.newInstance(Constructor.java:423)
	at ptolemy.util.test.junit.AutoKnownFailedTests.RunModel(AutoKnownFailedTests.java:105)
	at sun.reflect.NativeMethodAccessorImpl.invoke0(Native Method)
	at sun.reflect.NativeMethodAccessorImpl.invoke(NativeMethodAccessorImpl.java:62)
	at sun.reflect.DelegatingMethodAccessorImpl.invoke(DelegatingMethodAccessorImpl.java:43)
	at java.lang.reflect.Method.invoke(Method.java:498)
	at org.junit.runners.model.FrameworkMethod$1.runReflectiveCall(FrameworkMethod.java:44)
	at org.junit.internal.runners.model.ReflectiveCallable.run(ReflectiveCallable.java:15)
	at org.junit.runners.model.FrameworkMethod.invokeExplosively(FrameworkMethod.java:41)
	at junitparams.internal.InvokeParameterisedMethod.evaluate(InvokeParameterisedMethod.java:102)
	at org.junit.internal.runners.statements.FailOnTimeout$1.run(FailOnTimeout.java:28)
Caused by: ptolemy.kernel.util.IllegalActionException: Test fails in iteration 1.
Value was: 1.0. Should have been: 2.0
  in .DirectFeedback.Test
	at ptolemy.actor.lib.Test.fire(Test.java:268)
	at ptolemy.domains.de.kernel.DEDirector._fire(DEDirector.java:1949)
	at ptolemy.domains.de.kernel.DEDirector.fire(DEDirector.java:502)
	at ptolemy.actor.CompositeActor.fire(CompositeActor.java:455)
	at ptolemy.actor.Manager.iterate(Manager.java:851)
	at ptolemy.actor.Manager.execute(Manager.java:369)
	at ptolemy.actor.Manager.run(Manager.java:1263)
	at ptolemy.actor.Manager$PtolemyRunThread.run(Manager.java:1915)
java.lang.RuntimeException: Execution failed
	at ptolemy.moml.MoMLSimpleApplication$UnloadThread.run(MoMLSimpleApplication.java:402)
Caused by: ptolemy.kernel.util.IllegalActionException: Found a zero delay loop containing .HierarchicalModel.A
  in .HierarchicalModel and .HierarchicalModel.A
	at ptolemy.actor.util.CausalityInterfaceForComposites._computeOutputPortDepth(CausalityInterfaceForComposites.java:759)
	at ptolemy.actor.util.CausalityInterfaceForComposites._computeInputDepth(CausalityInterfaceForComposites.java:696)
	at ptolemy.actor.util.CausalityInterfaceForComposites._computeOutputPortDepth(CausalityInterfaceForComposites.java:765)
	at ptolemy.actor.util.CausalityInterfaceForComposites._computeInputDepth(CausalityInterfaceForComposites.java:696)
	at ptolemy.actor.util.CausalityInterfaceForComposites._computeOutputPortDepth(CausalityInterfaceForComposites.java:765)
	at ptolemy.actor.util.CausalityInterfaceForComposites._computeInputDepth(CausalityInterfaceForComposites.java:696)
	at ptolemy.actor.util.CausalityInterfaceForComposites._computeActorDepth(CausalityInterfaceForComposites.java:532)
	at ptolemy.actor.util.CausalityInterfaceForComposites.checkForCycles(CausalityInterfaceForComposites.java:96)
	at ptolemy.domains.de.kernel.DEDirector.preinitialize(DEDirector.java:1338)
	at ptolemy.actor.CompositeActor.preinitialize(CompositeActor.java:1828)
	at ptolemy.actor.Manager.preinitializeAndResolveTypes(Manager.java:1040)
	at ptolemy.actor.Manager.initialize(Manager.java:710)
	at ptolemy.actor.Manager.execute(Manager.java:356)
	at ptolemy.actor.Manager.run(Manager.java:1263)
	at ptolemy.actor.Manager$PtolemyRunThread.run(Manager.java:1915)
java.lang.reflect.InvocationTargetException
	at sun.reflect.NativeConstructorAccessorImpl.newInstance0(Native Method)
	at sun.reflect.NativeConstructorAccessorImpl.newInstance(NativeConstructorAccessorImpl.java:62)
	at sun.reflect.DelegatingConstructorAccessorImpl.newInstance(DelegatingConstructorAccessorImpl.java:45)
	at java.lang.reflect.Constructor.newInstance(Constructor.java:423)
	at ptolemy.util.test.junit.AutoKnownFailedTests.RunModel(AutoKnownFailedTests.java:105)
	at sun.reflect.NativeMethodAccessorImpl.invoke0(Native Method)
	at sun.reflect.NativeMethodAccessorImpl.invoke(NativeMethodAccessorImpl.java:62)
	at sun.reflect.DelegatingMethodAccessorImpl.invoke(DelegatingMethodAccessorImpl.java:43)
	at java.lang.reflect.Method.invoke(Method.java:498)
	at org.junit.runners.model.FrameworkMethod$1.runReflectiveCall(FrameworkMethod.java:44)
	at org.junit.internal.runners.model.ReflectiveCallable.run(ReflectiveCallable.java:15)
	at org.junit.runners.model.FrameworkMethod.invokeExplosively(FrameworkMethod.java:41)
	at junitparams.internal.InvokeParameterisedMethod.evaluate(InvokeParameterisedMethod.java:102)
	at org.junit.internal.runners.statements.FailOnTimeout$1.run(FailOnTimeout.java:28)
Caused by: ptolemy.kernel.util.IllegalActionException: Found a zero delay loop containing .HierarchicalModel.A
  in .HierarchicalModel and .HierarchicalModel.A
	at ptolemy.actor.util.CausalityInterfaceForComposites._computeOutputPortDepth(CausalityInterfaceForComposites.java:759)
	at ptolemy.actor.util.CausalityInterfaceForComposites._computeInputDepth(CausalityInterfaceForComposites.java:696)
	at ptolemy.actor.util.CausalityInterfaceForComposites._computeOutputPortDepth(CausalityInterfaceForComposites.java:765)
	at ptolemy.actor.util.CausalityInterfaceForComposites._computeInputDepth(CausalityInterfaceForComposites.java:696)
	at ptolemy.actor.util.CausalityInterfaceForComposites._computeOutputPortDepth(CausalityInterfaceForComposites.java:765)
	at ptolemy.actor.util.CausalityInterfaceForComposites._computeInputDepth(CausalityInterfaceForComposites.java:696)
	at ptolemy.actor.util.CausalityInterfaceForComposites._computeActorDepth(CausalityInterfaceForComposites.java:532)
	at ptolemy.actor.util.CausalityInterfaceForComposites.checkForCycles(CausalityInterfaceForComposites.java:96)
	at ptolemy.domains.de.kernel.DEDirector.preinitialize(DEDirector.java:1338)
	at ptolemy.actor.CompositeActor.preinitialize(CompositeActor.java:1828)
	at ptolemy.actor.Manager.preinitializeAndResolveTypes(Manager.java:1040)
	at ptolemy.actor.Manager.initialize(Manager.java:710)
	at ptolemy.actor.Manager.execute(Manager.java:356)
	at ptolemy.actor.Manager.run(Manager.java:1263)
	at ptolemy.actor.Manager$PtolemyRunThread.run(Manager.java:1915)
java.lang.RuntimeException: Execution failed
	at ptolemy.moml.MoMLSimpleApplication$UnloadThread.run(MoMLSimpleApplication.java:402)
Caused by: ptolemy.kernel.util.IllegalActionException: Found a zero delay loop containing .dependencyLoop.original
  in .dependencyLoop and .dependencyLoop.original
	at ptolemy.actor.util.CausalityInterfaceForComposites._computeOutputPortDepth(CausalityInterfaceForComposites.java:759)
	at ptolemy.actor.util.CausalityInterfaceForComposites._computeInputDepth(CausalityInterfaceForComposites.java:696)
	at ptolemy.actor.util.CausalityInterfaceForComposites._computeOutputPortDepth(CausalityInterfaceForComposites.java:765)
	at ptolemy.actor.util.CausalityInterfaceForComposites._computeInputDepth(CausalityInterfaceForComposites.java:696)
	at ptolemy.actor.util.CausalityInterfaceForComposites._computeOutputPortDepth(CausalityInterfaceForComposites.java:765)
	at ptolemy.actor.util.CausalityInterfaceForComposites._computeInputDepth(CausalityInterfaceForComposites.java:696)
	at ptolemy.actor.util.CausalityInterfaceForComposites._computeActorDepth(CausalityInterfaceForComposites.java:532)
	at ptolemy.actor.util.CausalityInterfaceForComposites.checkForCycles(CausalityInterfaceForComposites.java:96)
	at ptolemy.domains.de.kernel.DEDirector.preinitialize(DEDirector.java:1338)
	at ptolemy.actor.CompositeActor.preinitialize(CompositeActor.java:1828)
	at ptolemy.actor.Manager.preinitializeAndResolveTypes(Manager.java:1040)
	at ptolemy.actor.Manager.initialize(Manager.java:710)
	at ptolemy.actor.Manager.execute(Manager.java:356)
	at ptolemy.actor.Manager.run(Manager.java:1263)
	at ptolemy.actor.Manager$PtolemyRunThread.run(Manager.java:1915)
java.lang.reflect.InvocationTargetException
	at sun.reflect.NativeConstructorAccessorImpl.newInstance0(Native Method)
	at sun.reflect.NativeConstructorAccessorImpl.newInstance(NativeConstructorAccessorImpl.java:62)
	at sun.reflect.DelegatingConstructorAccessorImpl.newInstance(DelegatingConstructorAccessorImpl.java:45)
	at java.lang.reflect.Constructor.newInstance(Constructor.java:423)
	at ptolemy.util.test.junit.AutoKnownFailedTests.RunModel(AutoKnownFailedTests.java:105)
	at sun.reflect.NativeMethodAccessorImpl.invoke0(Native Method)
	at sun.reflect.NativeMethodAccessorImpl.invoke(NativeMethodAccessorImpl.java:62)
	at sun.reflect.DelegatingMethodAccessorImpl.invoke(DelegatingMethodAccessorImpl.java:43)
	at java.lang.reflect.Method.invoke(Method.java:498)
	at org.junit.runners.model.FrameworkMethod$1.runReflectiveCall(FrameworkMethod.java:44)
	at org.junit.internal.runners.model.ReflectiveCallable.run(ReflectiveCallable.java:15)
	at org.junit.runners.model.FrameworkMethod.invokeExplosively(FrameworkMethod.java:41)
	at junitparams.internal.InvokeParameterisedMethod.evaluate(InvokeParameterisedMethod.java:102)
	at org.junit.internal.runners.statements.FailOnTimeout$1.run(FailOnTimeout.java:28)
Caused by: ptolemy.kernel.util.IllegalActionException: Found a zero delay loop containing .dependencyLoop.original
  in .dependencyLoop and .dependencyLoop.original
	at ptolemy.actor.util.CausalityInterfaceForComposites._computeOutputPortDepth(CausalityInterfaceForComposites.java:759)
	at ptolemy.actor.util.CausalityInterfaceForComposites._computeInputDepth(CausalityInterfaceForComposites.java:696)
	at ptolemy.actor.util.CausalityInterfaceForComposites._computeOutputPortDepth(CausalityInterfaceForComposites.java:765)
	at ptolemy.actor.util.CausalityInterfaceForComposites._computeInputDepth(CausalityInterfaceForComposites.java:696)
	at ptolemy.actor.util.CausalityInterfaceForComposites._computeOutputPortDepth(CausalityInterfaceForComposites.java:765)
	at ptolemy.actor.util.CausalityInterfaceForComposites._computeInputDepth(CausalityInterfaceForComposites.java:696)
	at ptolemy.actor.util.CausalityInterfaceForComposites._computeActorDepth(CausalityInterfaceForComposites.java:532)
	at ptolemy.actor.util.CausalityInterfaceForComposites.checkForCycles(CausalityInterfaceForComposites.java:96)
	at ptolemy.domains.de.kernel.DEDirector.preinitialize(DEDirector.java:1338)
	at ptolemy.actor.CompositeActor.preinitialize(CompositeActor.java:1828)
	at ptolemy.actor.Manager.preinitializeAndResolveTypes(Manager.java:1040)
	at ptolemy.actor.Manager.initialize(Manager.java:710)
	at ptolemy.actor.Manager.execute(Manager.java:356)
	at ptolemy.actor.Manager.run(Manager.java:1263)
	at ptolemy.actor.Manager$PtolemyRunThread.run(Manager.java:1915)
java.lang.RuntimeException: Execution failed
	at ptolemy.moml.MoMLSimpleApplication$UnloadThread.run(MoMLSimpleApplication.java:402)
Caused by: ptolemy.kernel.util.IllegalActionException: Found a zero delay loop containing .dependencyLoop2.original
  in .dependencyLoop2 and .dependencyLoop2.original
	at ptolemy.actor.util.CausalityInterfaceForComposites._computeOutputPortDepth(CausalityInterfaceForComposites.java:759)
	at ptolemy.actor.util.CausalityInterfaceForComposites._computeInputDepth(CausalityInterfaceForComposites.java:696)
	at ptolemy.actor.util.CausalityInterfaceForComposites._computeOutputPortDepth(CausalityInterfaceForComposites.java:765)
	at ptolemy.actor.util.CausalityInterfaceForComposites._computeInputDepth(CausalityInterfaceForComposites.java:696)
	at ptolemy.actor.util.CausalityInterfaceForComposites._computeOutputPortDepth(CausalityInterfaceForComposites.java:765)
	at ptolemy.actor.util.CausalityInterfaceForComposites._computeInputDepth(CausalityInterfaceForComposites.java:696)
	at ptolemy.actor.util.CausalityInterfaceForComposites._computeActorDepth(CausalityInterfaceForComposites.java:532)
	at ptolemy.actor.util.CausalityInterfaceForComposites.checkForCycles(CausalityInterfaceForComposites.java:96)
	at ptolemy.domains.de.kernel.DEDirector.preinitialize(DEDirector.java:1338)
	at ptolemy.actor.CompositeActor.preinitialize(CompositeActor.java:1828)
	at ptolemy.actor.Manager.preinitializeAndResolveTypes(Manager.java:1040)
	at ptolemy.actor.Manager.initialize(Manager.java:710)
	at ptolemy.actor.Manager.execute(Manager.java:356)
	at ptolemy.actor.Manager.run(Manager.java:1263)
	at ptolemy.actor.Manager$PtolemyRunThread.run(Manager.java:1915)
java.lang.reflect.InvocationTargetException
	at sun.reflect.NativeConstructorAccessorImpl.newInstance0(Native Method)
	at sun.reflect.NativeConstructorAccessorImpl.newInstance(NativeConstructorAccessorImpl.java:62)
	at sun.reflect.DelegatingConstructorAccessorImpl.newInstance(DelegatingConstructorAccessorImpl.java:45)
	at java.lang.reflect.Constructor.newInstance(Constructor.java:423)
	at ptolemy.util.test.junit.AutoKnownFailedTests.RunModel(AutoKnownFailedTests.java:105)
	at sun.reflect.NativeMethodAccessorImpl.invoke0(Native Method)
	at sun.reflect.NativeMethodAccessorImpl.invoke(NativeMethodAccessorImpl.java:62)
	at sun.reflect.DelegatingMethodAccessorImpl.invoke(DelegatingMethodAccessorImpl.java:43)
	at java.lang.reflect.Method.invoke(Method.java:498)
	at org.junit.runners.model.FrameworkMethod$1.runReflectiveCall(FrameworkMethod.java:44)
	at org.junit.internal.runners.model.ReflectiveCallable.run(ReflectiveCallable.java:15)
	at org.junit.runners.model.FrameworkMethod.invokeExplosively(FrameworkMethod.java:41)
	at junitparams.internal.InvokeParameterisedMethod.evaluate(InvokeParameterisedMethod.java:102)
	at org.junit.internal.runners.statements.FailOnTimeout$1.run(FailOnTimeout.java:28)
Caused by: ptolemy.kernel.util.IllegalActionException: Found a zero delay loop containing .dependencyLoop2.original
  in .dependencyLoop2 and .dependencyLoop2.original
	at ptolemy.actor.util.CausalityInterfaceForComposites._computeOutputPortDepth(CausalityInterfaceForComposites.java:759)
	at ptolemy.actor.util.CausalityInterfaceForComposites._computeInputDepth(CausalityInterfaceForComposites.java:696)
	at ptolemy.actor.util.CausalityInterfaceForComposites._computeOutputPortDepth(CausalityInterfaceForComposites.java:765)
	at ptolemy.actor.util.CausalityInterfaceForComposites._computeInputDepth(CausalityInterfaceForComposites.java:696)
	at ptolemy.actor.util.CausalityInterfaceForComposites._computeOutputPortDepth(CausalityInterfaceForComposites.java:765)
	at ptolemy.actor.util.CausalityInterfaceForComposites._computeInputDepth(CausalityInterfaceForComposites.java:696)
	at ptolemy.actor.util.CausalityInterfaceForComposites._computeActorDepth(CausalityInterfaceForComposites.java:532)
	at ptolemy.actor.util.CausalityInterfaceForComposites.checkForCycles(CausalityInterfaceForComposites.java:96)
	at ptolemy.domains.de.kernel.DEDirector.preinitialize(DEDirector.java:1338)
	at ptolemy.actor.CompositeActor.preinitialize(CompositeActor.java:1828)
	at ptolemy.actor.Manager.preinitializeAndResolveTypes(Manager.java:1040)
	at ptolemy.actor.Manager.initialize(Manager.java:710)
	at ptolemy.actor.Manager.execute(Manager.java:356)
	at ptolemy.actor.Manager.run(Manager.java:1263)
	at ptolemy.actor.Manager$PtolemyRunThread.run(Manager.java:1915)
]]></system-err>
</testsuite>
