<?xml version="1.0" encoding="UTF-8" ?>
<testsuite errors="0" failures="0" hostname="travis-job-1e395893-ff5f-4018-93cc-ec4197463331" name="ptolemy.domains.continuous.test.junit.JUnitTclTest" skipped="0" tests="155" time="75.463" timestamp="2018-06-27T01:26:34">
  <properties>
[...]
</properties>
  <testcase classname="ptolemy.util.test.junit.TclTests" name="[0] ThereAreNoTclTests (RunTclFile)" time="0.001" />
  <testcase classname="ptolemy.util.test.junit.AutoKnownFailedTests" name="[0] ThereAreNoKnowFailedTests (RunModel)" time="0.001" />
  <testcase classname="ptolemy.util.test.junit.AutoNameArchTests" name="[0] ThereAreNoAutoArchTests (RunModel)" time="0.003" />
  <testcase classname="ptolemy.util.test.junit.AutoTests" name="[0] /home/travis/build/icyphy/ptII/ptolemy/domains/continuous/test/auto/BouncingBall.xml (RunModel)" time="2.76" />
  <testcase classname="ptolemy.util.test.junit.AutoTests" name="[1] /home/travis/build/icyphy/ptII/ptolemy/domains/continuous/test/auto/BouncingBallWithoutGR.xml (RunModel)" time="0.9" />
  <testcase classname="ptolemy.util.test.junit.AutoTests" name="[2] /home/travis/build/icyphy/ptII/ptolemy/domains/continuous/test/auto/Brownian.xml (RunModel)" time="0.097" />
  <testcase classname="ptolemy.util.test.junit.AutoTests" name="[3] /home/travis/build/icyphy/ptII/ptolemy/domains/continuous/test/auto/CarTracking.xml (RunModel)" time="3.642" />
  <testcase classname="ptolemy.util.test.junit.AutoTests" name="[4] /home/travis/build/icyphy/ptII/ptolemy/domains/continuous/test/auto/CartPendulum.xml (RunModel)" time="0.54" />
  <testcase classname="ptolemy.util.test.junit.AutoTests" name="[5] /home/travis/build/icyphy/ptII/ptolemy/domains/continuous/test/auto/CausalityInterface10.xml (RunModel)" time="0.046" />
  <testcase classname="ptolemy.util.test.junit.AutoTests" name="[6] /home/travis/build/icyphy/ptII/ptolemy/domains/continuous/test/auto/CausalityInterface11.xml (RunModel)" time="0.033" />
  <testcase classname="ptolemy.util.test.junit.AutoTests" name="[7] /home/travis/build/icyphy/ptII/ptolemy/domains/continuous/test/auto/CausalityInterface12.xml (RunModel)" time="0.046" />
  <testcase classname="ptolemy.util.test.junit.AutoTests" name="[8] /home/travis/build/icyphy/ptII/ptolemy/domains/continuous/test/auto/CausalityInterface13.xml (RunModel)" time="0.027" />
  <testcase classname="ptolemy.util.test.junit.AutoTests" name="[9] /home/travis/build/icyphy/ptII/ptolemy/domains/continuous/test/auto/CausalityInterface14.xml (RunModel)" time="0.021" />
  <testcase classname="ptolemy.util.test.junit.AutoTests" name="[10] /home/travis/build/icyphy/ptII/ptolemy/domains/continuous/test/auto/CausalityInterface4.xml (RunModel)" time="0.026" />
  <testcase classname="ptolemy.util.test.junit.AutoTests" name="[11] /home/travis/build/icyphy/ptII/ptolemy/domains/continuous/test/auto/CausalityInterface5.xml (RunModel)" time="0.038" />
  <testcase classname="ptolemy.util.test.junit.AutoTests" name="[12] /home/travis/build/icyphy/ptII/ptolemy/domains/continuous/test/auto/CausalityInterface6.xml (RunModel)" time="0.028" />
  <testcase classname="ptolemy.util.test.junit.AutoTests" name="[13] /home/travis/build/icyphy/ptII/ptolemy/domains/continuous/test/auto/CausalityInterface7.xml (RunModel)" time="0.036" />
  <testcase classname="ptolemy.util.test.junit.AutoTests" name="[14] /home/travis/build/icyphy/ptII/ptolemy/domains/continuous/test/auto/CausalityInterface8.xml (RunModel)" time="0.043" />
  <testcase classname="ptolemy.util.test.junit.AutoTests" name="[15] /home/travis/build/icyphy/ptII/ptolemy/domains/continuous/test/auto/CausalityInterface9.xml (RunModel)" time="0.046" />
  <testcase classname="ptolemy.util.test.junit.AutoTests" name="[16] /home/travis/build/icyphy/ptII/ptolemy/domains/continuous/test/auto/CausalityInterfaceFeedback1.xml (RunModel)" time="0.033" />
  <testcase classname="ptolemy.util.test.junit.AutoTests" name="[17] /home/travis/build/icyphy/ptII/ptolemy/domains/continuous/test/auto/CausalityInterfaceFeedback2.xml (RunModel)" time="0.036" />
  <testcase classname="ptolemy.util.test.junit.AutoTests" name="[18] /home/travis/build/icyphy/ptII/ptolemy/domains/continuous/test/auto/CompareWithCurrentTime.xml (RunModel)" time="0.026" />
  <testcase classname="ptolemy.util.test.junit.AutoTests" name="[19] /home/travis/build/icyphy/ptII/ptolemy/domains/continuous/test/auto/ComparedClocks.xml (RunModel)" time="0.074" />
  <testcase classname="ptolemy.util.test.junit.AutoTests" name="[20] /home/travis/build/icyphy/ptII/ptolemy/domains/continuous/test/auto/ContinuousAOCClone.xml (RunModel)" time="2.858" />
  <testcase classname="ptolemy.util.test.junit.AutoTests" name="[21] /home/travis/build/icyphy/ptII/ptolemy/domains/continuous/test/auto/ContinuousClock.xml (RunModel)" time="0.09" />
  <testcase classname="ptolemy.util.test.junit.AutoTests" name="[22] /home/travis/build/icyphy/ptII/ptolemy/domains/continuous/test/auto/ContinuousInContinuous.xml (RunModel)" time="0.091" />
  <testcase classname="ptolemy.util.test.junit.AutoTests" name="[23] /home/travis/build/icyphy/ptII/ptolemy/domains/continuous/test/auto/ContinuousInContinuousInContinuous.xml (RunModel)" time="0.027" />
  <testcase classname="ptolemy.util.test.junit.AutoTests" name="[24] /home/travis/build/icyphy/ptII/ptolemy/domains/continuous/test/auto/ContinuousInDE.xml (RunModel)" time="0.145" />
  <testcase classname="ptolemy.util.test.junit.AutoTests" name="[25] /home/travis/build/icyphy/ptII/ptolemy/domains/continuous/test/auto/ContinuousInDE2.xml (RunModel)" time="0.054" />
  <testcase classname="ptolemy.util.test.junit.AutoTests" name="[26] /home/travis/build/icyphy/ptII/ptolemy/domains/continuous/test/auto/ContinuousInDE3.xml (RunModel)" time="0.051" />
  <testcase classname="ptolemy.util.test.junit.AutoTests" name="[27] /home/travis/build/icyphy/ptII/ptolemy/domains/continuous/test/auto/ContinuousInDE4.xml (RunModel)" time="0.031" />
  <testcase classname="ptolemy.util.test.junit.AutoTests" name="[28] /home/travis/build/icyphy/ptII/ptolemy/domains/continuous/test/auto/ContinuousInDEDifferentRefinements.xml (RunModel)" time="0.11" />
  <testcase classname="ptolemy.util.test.junit.AutoTests" name="[29] /home/travis/build/icyphy/ptII/ptolemy/domains/continuous/test/auto/ContinuousInDEDifferentRefinementsPreemptive.xml (RunModel)" time="0.096" />
  <testcase classname="ptolemy.util.test.junit.AutoTests" name="[30] /home/travis/build/icyphy/ptII/ptolemy/domains/continuous/test/auto/ContinuousInDEInContinuous2.xml (RunModel)" time="0.095" />
  <testcase classname="ptolemy.util.test.junit.AutoTests" name="[31] /home/travis/build/icyphy/ptII/ptolemy/domains/continuous/test/auto/ContinuousInDEInContinuous3.xml (RunModel)" time="0.065" />
  <testcase classname="ptolemy.util.test.junit.AutoTests" name="[32] /home/travis/build/icyphy/ptII/ptolemy/domains/continuous/test/auto/ContinuousInDEInput.xml (RunModel)" time="0.049" />
  <testcase classname="ptolemy.util.test.junit.AutoTests" name="[33] /home/travis/build/icyphy/ptII/ptolemy/domains/continuous/test/auto/ContinuousInDEInput2.xml (RunModel)" time="0.034" />
  <testcase classname="ptolemy.util.test.junit.AutoTests" name="[34] /home/travis/build/icyphy/ptII/ptolemy/domains/continuous/test/auto/ContinuousInDEInput3.xml (RunModel)" time="0.032" />
  <testcase classname="ptolemy.util.test.junit.AutoTests" name="[35] /home/travis/build/icyphy/ptII/ptolemy/domains/continuous/test/auto/ContinuousInDESharingRefinement.xml (RunModel)" time="0.171" />
  <testcase classname="ptolemy.util.test.junit.AutoTests" name="[36] /home/travis/build/icyphy/ptII/ptolemy/domains/continuous/test/auto/ContinuousInDEwithNoPorts.xml (RunModel)" time="0.019" />
  <testcase classname="ptolemy.util.test.junit.AutoTests" name="[37] /home/travis/build/icyphy/ptII/ptolemy/domains/continuous/test/auto/ContinuousInsideDE.xml (RunModel)" time="0.09" />
  <testcase classname="ptolemy.util.test.junit.AutoTests" name="[38] /home/travis/build/icyphy/ptII/ptolemy/domains/continuous/test/auto/ContinuousMerge1.xml (RunModel)" time="0.017" />
  <testcase classname="ptolemy.util.test.junit.AutoTests" name="[39] /home/travis/build/icyphy/ptII/ptolemy/domains/continuous/test/auto/ContinuousMerge2.xml (RunModel)" time="0.047" />
  <testcase classname="ptolemy.util.test.junit.AutoTests" name="[40] /home/travis/build/icyphy/ptII/ptolemy/domains/continuous/test/auto/ContinuousMerge3.xml (RunModel)" time="0.072" />
  <testcase classname="ptolemy.util.test.junit.AutoTests" name="[41] /home/travis/build/icyphy/ptII/ptolemy/domains/continuous/test/auto/ContinuousWithinContinuous.xml (RunModel)" time="0.062" />
  <testcase classname="ptolemy.util.test.junit.AutoTests" name="[42] /home/travis/build/icyphy/ptII/ptolemy/domains/continuous/test/auto/ContinuousWithinContinuous2.xml (RunModel)" time="0.095" />
  <testcase classname="ptolemy.util.test.junit.AutoTests" name="[43] /home/travis/build/icyphy/ptII/ptolemy/domains/continuous/test/auto/ContinuousWithinContinuous3.xml (RunModel)" time="0.034" />
  <testcase classname="ptolemy.util.test.junit.AutoTests" name="[44] /home/travis/build/icyphy/ptII/ptolemy/domains/continuous/test/auto/ContinuousWithinContinuous4.xml (RunModel)" time="0.092" />
  <testcase classname="ptolemy.util.test.junit.AutoTests" name="[45] /home/travis/build/icyphy/ptII/ptolemy/domains/continuous/test/auto/ContinuousWithinContinuous5.xml (RunModel)" time="0.037" />
  <testcase classname="ptolemy.util.test.junit.AutoTests" name="[46] /home/travis/build/icyphy/ptII/ptolemy/domains/continuous/test/auto/ContinuousWithinContinuous6.xml (RunModel)" time="0.031" />
  <testcase classname="ptolemy.util.test.junit.AutoTests" name="[47] /home/travis/build/icyphy/ptII/ptolemy/domains/continuous/test/auto/ContinuousWithinContinuous7.xml (RunModel)" time="0.079" />
  <testcase classname="ptolemy.util.test.junit.AutoTests" name="[48] /home/travis/build/icyphy/ptII/ptolemy/domains/continuous/test/auto/DCMotor.xml (RunModel)" time="15.039" />
  <testcase classname="ptolemy.util.test.junit.AutoTests" name="[49] /home/travis/build/icyphy/ptII/ptolemy/domains/continuous/test/auto/DEInContinuous.xml (RunModel)" time="0.022" />
  <testcase classname="ptolemy.util.test.junit.AutoTests" name="[50] /home/travis/build/icyphy/ptII/ptolemy/domains/continuous/test/auto/DEinContinuous2.xml (RunModel)" time="0.029" />
  <testcase classname="ptolemy.util.test.junit.AutoTests" name="[51] /home/travis/build/icyphy/ptII/ptolemy/domains/continuous/test/auto/Derivative.xml (RunModel)" time="0.2" />
  <testcase classname="ptolemy.util.test.junit.AutoTests" name="[52] /home/travis/build/icyphy/ptII/ptolemy/domains/continuous/test/auto/Derivative1.xml (RunModel)" time="0.042" />
  <testcase classname="ptolemy.util.test.junit.AutoTests" name="[53] /home/travis/build/icyphy/ptII/ptolemy/domains/continuous/test/auto/DiscreteClock.xml (RunModel)" time="0.014" />
  <testcase classname="ptolemy.util.test.junit.AutoTests" name="[54] /home/travis/build/icyphy/ptII/ptolemy/domains/continuous/test/auto/EfficiencyCurve.xml (RunModel)" time="0.089" />
  <testcase classname="ptolemy.util.test.junit.AutoTests" name="[55] /home/travis/build/icyphy/ptII/ptolemy/domains/continuous/test/auto/ExponentialResponse.xml (RunModel)" time="0.137" />
  <testcase classname="ptolemy.util.test.junit.AutoTests" name="[56] /home/travis/build/icyphy/ptII/ptolemy/domains/continuous/test/auto/ExponentialResponseRK45.xml (RunModel)" time="0.04" />
  <testcase classname="ptolemy.util.test.junit.AutoTests" name="[57] /home/travis/build/icyphy/ptII/ptolemy/domains/continuous/test/auto/Friction.xml (RunModel)" time="1.414" />
  <testcase classname="ptolemy.util.test.junit.AutoTests" name="[58] /home/travis/build/icyphy/ptII/ptolemy/domains/continuous/test/auto/FurutaPendulum.xml (RunModel)" time="3.661" />
  <testcase classname="ptolemy.util.test.junit.AutoTests" name="[59] /home/travis/build/icyphy/ptII/ptolemy/domains/continuous/test/auto/HierarchicalExecution.xml (RunModel)" time="2.327" />
  <testcase classname="ptolemy.util.test.junit.AutoTests" name="[60] /home/travis/build/icyphy/ptII/ptolemy/domains/continuous/test/auto/HybridPlant.xml (RunModel)" time="0.533" />
  <testcase classname="ptolemy.util.test.junit.AutoTests" name="[61] /home/travis/build/icyphy/ptII/ptolemy/domains/continuous/test/auto/Hysteresis.xml (RunModel)" time="0.165" />
  <testcase classname="ptolemy.util.test.junit.AutoTests" name="[62] /home/travis/build/icyphy/ptII/ptolemy/domains/continuous/test/auto/HysteresisWithRandomDelay.xml (RunModel)" time="0.206" />
  <testcase classname="ptolemy.util.test.junit.AutoTests" name="[63] /home/travis/build/icyphy/ptII/ptolemy/domains/continuous/test/auto/HysteresisWithRandomLosses.xml (RunModel)" time="2.399" />
  <testcase classname="ptolemy.util.test.junit.AutoTests" name="[64] /home/travis/build/icyphy/ptII/ptolemy/domains/continuous/test/auto/ImmediateTransitions.xml (RunModel)" time="0.025" />
  <testcase classname="ptolemy.util.test.junit.AutoTests" name="[65] /home/travis/build/icyphy/ptII/ptolemy/domains/continuous/test/auto/ImpulseFeedback.xml (RunModel)" time="0.019" />
  <testcase classname="ptolemy.util.test.junit.AutoTests" name="[66] /home/travis/build/icyphy/ptII/ptolemy/domains/continuous/test/auto/ImpulseFeedback2.xml (RunModel)" time="0.019" />
  <testcase classname="ptolemy.util.test.junit.AutoTests" name="[67] /home/travis/build/icyphy/ptII/ptolemy/domains/continuous/test/auto/IncreasingRatePoisson.xml (RunModel)" time="0.702" />
  <testcase classname="ptolemy.util.test.junit.AutoTests" name="[68] /home/travis/build/icyphy/ptII/ptolemy/domains/continuous/test/auto/InitialStateFeedback.xml (RunModel)" time="0.018" />
  <testcase classname="ptolemy.util.test.junit.AutoTests" name="[69] /home/travis/build/icyphy/ptII/ptolemy/domains/continuous/test/auto/Integration.xml (RunModel)" time="0.009" />
  <testcase classname="ptolemy.util.test.junit.AutoTests" name="[70] /home/travis/build/icyphy/ptII/ptolemy/domains/continuous/test/auto/Integration2.xml (RunModel)" time="0.089" />
  <testcase classname="ptolemy.util.test.junit.AutoTests" name="[71] /home/travis/build/icyphy/ptII/ptolemy/domains/continuous/test/auto/Integration3.xml (RunModel)" time="0.012" />
  <testcase classname="ptolemy.util.test.junit.AutoTests" name="[72] /home/travis/build/icyphy/ptII/ptolemy/domains/continuous/test/auto/Integration5.xml (RunModel)" time="0.024" />
  <testcase classname="ptolemy.util.test.junit.AutoTests" name="[73] /home/travis/build/icyphy/ptII/ptolemy/domains/continuous/test/auto/IntegratorImpulse.xml (RunModel)" time="0.014" />
  <testcase classname="ptolemy.util.test.junit.AutoTests" name="[74] /home/travis/build/icyphy/ptII/ptolemy/domains/continuous/test/auto/IntegratorImpulse2.xml (RunModel)" time="0.012" />
  <testcase classname="ptolemy.util.test.junit.AutoTests" name="[75] /home/travis/build/icyphy/ptII/ptolemy/domains/continuous/test/auto/LevelCrossing1.xml (RunModel)" time="0.014" />
  <testcase classname="ptolemy.util.test.junit.AutoTests" name="[76] /home/travis/build/icyphy/ptII/ptolemy/domains/continuous/test/auto/LevelCrossing2.xml (RunModel)" time="0.014" />
  <testcase classname="ptolemy.util.test.junit.AutoTests" name="[77] /home/travis/build/icyphy/ptII/ptolemy/domains/continuous/test/auto/LevelCrossing3.xml (RunModel)" time="0.012" />
  <testcase classname="ptolemy.util.test.junit.AutoTests" name="[78] /home/travis/build/icyphy/ptII/ptolemy/domains/continuous/test/auto/LevelCrossing4.xml (RunModel)" time="0.013" />
  <testcase classname="ptolemy.util.test.junit.AutoTests" name="[79] /home/travis/build/icyphy/ptII/ptolemy/domains/continuous/test/auto/LevelCrossing5.xml (RunModel)" time="0.014" />
  <testcase classname="ptolemy.util.test.junit.AutoTests" name="[80] /home/travis/build/icyphy/ptII/ptolemy/domains/continuous/test/auto/LevelCrossing6.xml (RunModel)" time="0.036" />
  <testcase classname="ptolemy.util.test.junit.AutoTests" name="[81] /home/travis/build/icyphy/ptII/ptolemy/domains/continuous/test/auto/LevelCrossingDetector.xml (RunModel)" time="0.043" />
  <testcase classname="ptolemy.util.test.junit.AutoTests" name="[82] /home/travis/build/icyphy/ptII/ptolemy/domains/continuous/test/auto/LevelCrossingDetectorDetectingDirections.xml (RunModel)" time="0.083" />
  <testcase classname="ptolemy.util.test.junit.AutoTests" name="[83] /home/travis/build/icyphy/ptII/ptolemy/domains/continuous/test/auto/LevelCrossingDetectorDetectsGlitches.xml (RunModel)" time="0.074" />
  <testcase classname="ptolemy.util.test.junit.AutoTests" name="[84] /home/travis/build/icyphy/ptII/ptolemy/domains/continuous/test/auto/LevelCrossingNoInitialOuput.xml (RunModel)" time="0.015" />
  <testcase classname="ptolemy.util.test.junit.AutoTests" name="[85] /home/travis/build/icyphy/ptII/ptolemy/domains/continuous/test/auto/LinearStateSpaceExample.xml (RunModel)" time="0.045" />
  <testcase classname="ptolemy.util.test.junit.AutoTests" name="[86] /home/travis/build/icyphy/ptII/ptolemy/domains/continuous/test/auto/Lorenz.xml (RunModel)" time="4.568" />
  <testcase classname="ptolemy.util.test.junit.AutoTests" name="[87] /home/travis/build/icyphy/ptII/ptolemy/domains/continuous/test/auto/LorenzDifferentialSystem.xml (RunModel)" time="1.173" />
  <testcase classname="ptolemy.util.test.junit.AutoTests" name="[88] /home/travis/build/icyphy/ptII/ptolemy/domains/continuous/test/auto/LorenzDifferentialSystemWithInput.xml (RunModel)" time="1.475" />
  <testcase classname="ptolemy.util.test.junit.AutoTests" name="[89] /home/travis/build/icyphy/ptII/ptolemy/domains/continuous/test/auto/LorenzDifferentialSystemWithTime.xml (RunModel)" time="0.836" />
  <testcase classname="ptolemy.util.test.junit.AutoTests" name="[90] /home/travis/build/icyphy/ptII/ptolemy/domains/continuous/test/auto/Microsteps.xml (RunModel)" time="0.019" />
  <testcase classname="ptolemy.util.test.junit.AutoTests" name="[91] /home/travis/build/icyphy/ptII/ptolemy/domains/continuous/test/auto/Modal1.xml (RunModel)" time="0.048" />
  <testcase classname="ptolemy.util.test.junit.AutoTests" name="[92] /home/travis/build/icyphy/ptII/ptolemy/domains/continuous/test/auto/Modal2.xml (RunModel)" time="0.055" />
  <testcase classname="ptolemy.util.test.junit.AutoTests" name="[93] /home/travis/build/icyphy/ptII/ptolemy/domains/continuous/test/auto/ModalTransitionGuardWithReset.xml (RunModel)" time="0.027" />
  <testcase classname="ptolemy.util.test.junit.AutoTests" name="[94] /home/travis/build/icyphy/ptII/ptolemy/domains/continuous/test/auto/ModalTransitionGuardWithResetUsingPreemptiveTransition.xml (RunModel)" time="0.028" />
  <testcase classname="ptolemy.util.test.junit.AutoTests" name="[95] /home/travis/build/icyphy/ptII/ptolemy/domains/continuous/test/auto/ModalTransitionGuardWithResetUsingPreemptiveTransition2.xml (RunModel)" time="0.027" />
  <testcase classname="ptolemy.util.test.junit.AutoTests" name="[96] /home/travis/build/icyphy/ptII/ptolemy/domains/continuous/test/auto/ModalTransitionGuardWithResetUsingPreemptiveTransition3.xml (RunModel)" time="0.034" />
  <testcase classname="ptolemy.util.test.junit.AutoTests" name="[97] /home/travis/build/icyphy/ptII/ptolemy/domains/continuous/test/auto/NewtonsCradle.xml (RunModel)" time="0.828" />
  <testcase classname="ptolemy.util.test.junit.AutoTests" name="[98] /home/travis/build/icyphy/ptII/ptolemy/domains/continuous/test/auto/NewtonsCradleAnimated.xml (RunModel)" time="1.236" />
  <testcase classname="ptolemy.util.test.junit.AutoTests" name="[99] /home/travis/build/icyphy/ptII/ptolemy/domains/continuous/test/auto/NewtonsCradleComplicated.xml (RunModel)" time="1.031" />
  <testcase classname="ptolemy.util.test.junit.AutoTests" name="[100] /home/travis/build/icyphy/ptII/ptolemy/domains/continuous/test/auto/NewtonsCradleNondeterministic.xml (RunModel)" time="0.715" />
  <testcase classname="ptolemy.util.test.junit.AutoTests" name="[101] /home/travis/build/icyphy/ptII/ptolemy/domains/continuous/test/auto/NewtonsCradlePerfectlyInelastic1.xml (RunModel)" time="1.298" />
  <testcase classname="ptolemy.util.test.junit.AutoTests" name="[102] /home/travis/build/icyphy/ptII/ptolemy/domains/continuous/test/auto/Noise.xml (RunModel)" time="0.187" />
  <testcase classname="ptolemy.util.test.junit.AutoTests" name="[103] /home/travis/build/icyphy/ptII/ptolemy/domains/continuous/test/auto/NoiseSpectrum.xml (RunModel)" time="0.711" />
  <testcase classname="ptolemy.util.test.junit.AutoTests" name="[104] /home/travis/build/icyphy/ptII/ptolemy/domains/continuous/test/auto/ParameterizedNewtonsCradleAnimated.xml (RunModel)" time="0.365" />
  <testcase classname="ptolemy.util.test.junit.AutoTests" name="[105] /home/travis/build/icyphy/ptII/ptolemy/domains/continuous/test/auto/ParameterizedNewtonsCradleAnimatedNondeterministic.xml (RunModel)" time="1.127" />
  <testcase classname="ptolemy.util.test.junit.AutoTests" name="[106] /home/travis/build/icyphy/ptII/ptolemy/domains/continuous/test/auto/Pendulum3D.xml (RunModel)" time="0.169" />
  <testcase classname="ptolemy.util.test.junit.AutoTests" name="[107] /home/travis/build/icyphy/ptII/ptolemy/domains/continuous/test/auto/PeriodicSampler.xml (RunModel)" time="0.01" />
  <testcase classname="ptolemy.util.test.junit.AutoTests" name="[108] /home/travis/build/icyphy/ptII/ptolemy/domains/continuous/test/auto/PeriodicSampler1.xml (RunModel)" time="0.049" />
  <testcase classname="ptolemy.util.test.junit.AutoTests" name="[109] /home/travis/build/icyphy/ptII/ptolemy/domains/continuous/test/auto/PeriodicSampler2.xml (RunModel)" time="0.067" />
  <testcase classname="ptolemy.util.test.junit.AutoTests" name="[110] /home/travis/build/icyphy/ptII/ptolemy/domains/continuous/test/auto/Poisson.xml (RunModel)" time="0.451" />
  <testcase classname="ptolemy.util.test.junit.AutoTests" name="[111] /home/travis/build/icyphy/ptII/ptolemy/domains/continuous/test/auto/PoissonClock.xml (RunModel)" time="0.013" />
  <testcase classname="ptolemy.util.test.junit.AutoTests" name="[112] /home/travis/build/icyphy/ptII/ptolemy/domains/continuous/test/auto/PoissonClock2.xml (RunModel)" time="0.014" />
  <testcase classname="ptolemy.util.test.junit.AutoTests" name="[113] /home/travis/build/icyphy/ptII/ptolemy/domains/continuous/test/auto/PortParameterHierarchy.xml (RunModel)" time="0.016" />
  <testcase classname="ptolemy.util.test.junit.AutoTests" name="[114] /home/travis/build/icyphy/ptII/ptolemy/domains/continuous/test/auto/RandomHybridPlant.xml (RunModel)" time="0.544" />
  <testcase classname="ptolemy.util.test.junit.AutoTests" name="[115] /home/travis/build/icyphy/ptII/ptolemy/domains/continuous/test/auto/ResetTransitionWithStartTime1.xml (RunModel)" time="0.046" />
  <testcase classname="ptolemy.util.test.junit.AutoTests" name="[116] /home/travis/build/icyphy/ptII/ptolemy/domains/continuous/test/auto/ResetTransitionWithStartTime2.xml (RunModel)" time="0.033" />
  <testcase classname="ptolemy.util.test.junit.AutoTests" name="[117] /home/travis/build/icyphy/ptII/ptolemy/domains/continuous/test/auto/ResetTransitionWithStartTime3.xml (RunModel)" time="0.05" />
  <testcase classname="ptolemy.util.test.junit.AutoTests" name="[118] /home/travis/build/icyphy/ptII/ptolemy/domains/continuous/test/auto/ResetTransitionWithStartTime4.xml (RunModel)" time="0.035" />
  <testcase classname="ptolemy.util.test.junit.AutoTests" name="[119] /home/travis/build/icyphy/ptII/ptolemy/domains/continuous/test/auto/ResetTransitionWithStartTime5.xml (RunModel)" time="0.045" />
  <testcase classname="ptolemy.util.test.junit.AutoTests" name="[120] /home/travis/build/icyphy/ptII/ptolemy/domains/continuous/test/auto/ResetTransitionWithStartTime6.xml (RunModel)" time="0.03" />
  <testcase classname="ptolemy.util.test.junit.AutoTests" name="[121] /home/travis/build/icyphy/ptII/ptolemy/domains/continuous/test/auto/SRinContinuous.xml (RunModel)" time="0.04" />
  <testcase classname="ptolemy.util.test.junit.AutoTests" name="[122] /home/travis/build/icyphy/ptII/ptolemy/domains/continuous/test/auto/SampledClocks.xml (RunModel)" time="0.026" />
  <testcase classname="ptolemy.util.test.junit.AutoTests" name="[123] /home/travis/build/icyphy/ptII/ptolemy/domains/continuous/test/auto/Satellite.xml (RunModel)" time="0.807" />
  <testcase classname="ptolemy.util.test.junit.AutoTests" name="[124] /home/travis/build/icyphy/ptII/ptolemy/domains/continuous/test/auto/SigmaDelta.xml (RunModel)" time="2.233" />
  <testcase classname="ptolemy.util.test.junit.AutoTests" name="[125] /home/travis/build/icyphy/ptII/ptolemy/domains/continuous/test/auto/SinuBouncingBall.xml (RunModel)" time="0.798" />
  <testcase classname="ptolemy.util.test.junit.AutoTests" name="[126] /home/travis/build/icyphy/ptII/ptolemy/domains/continuous/test/auto/Sinusoid.xml (RunModel)" time="0.017" />
  <testcase classname="ptolemy.util.test.junit.AutoTests" name="[127] /home/travis/build/icyphy/ptII/ptolemy/domains/continuous/test/auto/SinusoidInNoise.xml (RunModel)" time="0.874" />
  <testcase classname="ptolemy.util.test.junit.AutoTests" name="[128] /home/travis/build/icyphy/ptII/ptolemy/domains/continuous/test/auto/SinusoidRK45.xml (RunModel)" time="0.01" />
  <testcase classname="ptolemy.util.test.junit.AutoTests" name="[129] /home/travis/build/icyphy/ptII/ptolemy/domains/continuous/test/auto/SinusoidWithMultipleImpulses.xml (RunModel)" time="0.012" />
  <testcase classname="ptolemy.util.test.junit.AutoTests" name="[130] /home/travis/build/icyphy/ptII/ptolemy/domains/continuous/test/auto/SquareWave.xml (RunModel)" time="0.182" />
  <testcase classname="ptolemy.util.test.junit.AutoTests" name="[131] /home/travis/build/icyphy/ptII/ptolemy/domains/continuous/test/auto/Starmac.xml (RunModel)" time="3.41" />
  <testcase classname="ptolemy.util.test.junit.AutoTests" name="[132] /home/travis/build/icyphy/ptII/ptolemy/domains/continuous/test/auto/StaticUnits.xml (RunModel)" time="2.61" />
  <testcase classname="ptolemy.util.test.junit.AutoTests" name="[133] /home/travis/build/icyphy/ptII/ptolemy/domains/continuous/test/auto/StickyMasses.xml (RunModel)" time="0.172" />
  <testcase classname="ptolemy.util.test.junit.AutoTests" name="[134] /home/travis/build/icyphy/ptII/ptolemy/domains/continuous/test/auto/StopTime.xml (RunModel)" time="0.057" />
  <testcase classname="ptolemy.util.test.junit.AutoTests" name="[135] /home/travis/build/icyphy/ptII/ptolemy/domains/continuous/test/auto/StopTime2.xml (RunModel)" time="0.054" />
  <testcase classname="ptolemy.util.test.junit.AutoTests" name="[136] /home/travis/build/icyphy/ptII/ptolemy/domains/continuous/test/auto/Switch.xml (RunModel)" time="0.057" />
  <testcase classname="ptolemy.util.test.junit.AutoTests" name="[137] /home/travis/build/icyphy/ptII/ptolemy/domains/continuous/test/auto/Thermostat.xml (RunModel)" time="0.183" />
  <testcase classname="ptolemy.util.test.junit.AutoTests" name="[138] /home/travis/build/icyphy/ptII/ptolemy/domains/continuous/test/auto/TimeDelay.xml (RunModel)" time="0.013" />
  <testcase classname="ptolemy.util.test.junit.AutoTests" name="[139] /home/travis/build/icyphy/ptII/ptolemy/domains/continuous/test/auto/TimeDelay2.xml (RunModel)" time="0.021" />
  <testcase classname="ptolemy.util.test.junit.AutoTests" name="[140] /home/travis/build/icyphy/ptII/ptolemy/domains/continuous/test/auto/TimeDelay3.xml (RunModel)" time="0.016" />
  <testcase classname="ptolemy.util.test.junit.AutoTests" name="[141] /home/travis/build/icyphy/ptII/ptolemy/domains/continuous/test/auto/TransferAbsentToInside.xml (RunModel)" time="0.112" />
  <testcase classname="ptolemy.util.test.junit.AutoTests" name="[142] /home/travis/build/icyphy/ptII/ptolemy/domains/continuous/test/auto/Transmission.xml (RunModel)" time="0.749" />
  <testcase classname="ptolemy.util.test.junit.AutoTests" name="[143] /home/travis/build/icyphy/ptII/ptolemy/domains/continuous/test/auto/TriggeredContinuousClock.xml (RunModel)" time="0.076" />
  <testcase classname="ptolemy.util.test.junit.AutoTests" name="[144] /home/travis/build/icyphy/ptII/ptolemy/domains/continuous/test/auto/TwoMachineInfiniteBusControl.xml (RunModel)" time="2.826" />
  <testcase classname="ptolemy.util.test.junit.AutoTests" name="[145] /home/travis/build/icyphy/ptII/ptolemy/domains/continuous/test/auto/V2V.xml (RunModel)" time="0.801" />
  <testcase classname="ptolemy.util.test.junit.AutoTests" name="[146] /home/travis/build/icyphy/ptII/ptolemy/domains/continuous/test/auto/hierarchicalModalModel.xml (RunModel)" time="0.032" />
  <testcase classname="ptolemy.util.test.junit.AutoTests" name="[147] /home/travis/build/icyphy/ptII/ptolemy/domains/continuous/test/auto/hierarchicalModalModel1.xml (RunModel)" time="0.031" />
  <testcase classname="ptolemy.util.test.junit.AutoTests" name="[148] /home/travis/build/icyphy/ptII/ptolemy/domains/continuous/test/auto/hierarchicalModalModel2.xml (RunModel)" time="0.041" />
  <testcase classname="ptolemy.util.test.junit.AutoTests" name="[149] /home/travis/build/icyphy/ptII/ptolemy/domains/continuous/test/auto/hierarchicalModalModel3.xml (RunModel)" time="0.031" />
  <testcase classname="ptolemy.util.test.junit.AutoTests" name="[150] /home/travis/build/icyphy/ptII/ptolemy/domains/continuous/test/auto/hierarchicalModalModel4.xml (RunModel)" time="0.027" />
  <testcase classname="ptolemy.util.test.junit.AutoTests" name="[151] /home/travis/build/icyphy/ptII/ptolemy/domains/continuous/test/auto/junk.xml (RunModel)" time="0.148" />
  <system-out><![CDATA[No tcl tests in /home/travis/build/icyphy/ptII/ptolemy/domains/continuous/test
No auto/knownFailedTests/*.xml tests in /home/travis/build/icyphy/ptII/ptolemy/domains/continuous/test
No auto/linux-amd64/*.xml tests in /home/travis/build/icyphy/ptII/ptolemy/domains/continuous/test
AutoTests.java: About to close Vertx.
AutoTests.java: Vertx closed.

===========================================================================================
----------------- testing Wed Jun 27 01:26:35 UTC 2018 /home/travis/build/icyphy/ptII/ptolemy/domains/continuous/test/auto/BouncingBall.xml
----------------- Instantiating /home/travis/build/icyphy/ptII/ptolemy/domains/continuous/test/auto/BouncingBall.xml
2267 ms. Memory: 331776K Free: 254683K (77%)
----------------- Invoking toplevel() on ptolemy.moml.MoMLSimpleApplication@126b6462
----------------- Done invoking toplevel() on ptolemy.moml.MoMLSimpleApplication@126b6462
reloadAllAccessors: .BouncingBall

===========================================================================================
----------------- testing Wed Jun 27 01:26:38 UTC 2018 /home/travis/build/icyphy/ptII/ptolemy/domains/continuous/test/auto/BouncingBallWithoutGR.xml
----------------- Instantiating /home/travis/build/icyphy/ptII/ptolemy/domains/continuous/test/auto/BouncingBallWithoutGR.xml
766 ms. Memory: 331776K Free: 307252K (93%)
----------------- Invoking toplevel() on ptolemy.moml.MoMLSimpleApplication@40d1b9ff
----------------- Done invoking toplevel() on ptolemy.moml.MoMLSimpleApplication@40d1b9ff
reloadAllAccessors: .BouncingBallWithoutGR

===========================================================================================
----------------- testing Wed Jun 27 01:26:38 UTC 2018 /home/travis/build/icyphy/ptII/ptolemy/domains/continuous/test/auto/Brownian.xml
----------------- Instantiating /home/travis/build/icyphy/ptII/ptolemy/domains/continuous/test/auto/Brownian.xml
29 ms. Memory: 331776K Free: 293338K (88%)
----------------- Invoking toplevel() on ptolemy.moml.MoMLSimpleApplication@2a415ed7
----------------- Done invoking toplevel() on ptolemy.moml.MoMLSimpleApplication@2a415ed7
reloadAllAccessors: .Brownian

===========================================================================================
----------------- testing Wed Jun 27 01:26:39 UTC 2018 /home/travis/build/icyphy/ptII/ptolemy/domains/continuous/test/auto/CarTracking.xml
----------------- Instantiating /home/travis/build/icyphy/ptII/ptolemy/domains/continuous/test/auto/CarTracking.xml
3286 ms. Memory: 578048K Free: 428677K (74%)
----------------- Invoking toplevel() on ptolemy.moml.MoMLSimpleApplication@36f7fd7b
----------------- Done invoking toplevel() on ptolemy.moml.MoMLSimpleApplication@36f7fd7b
reloadAllAccessors: .CarTracking

===========================================================================================
----------------- testing Wed Jun 27 01:26:42 UTC 2018 /home/travis/build/icyphy/ptII/ptolemy/domains/continuous/test/auto/CartPendulum.xml
----------------- Instantiating /home/travis/build/icyphy/ptII/ptolemy/domains/continuous/test/auto/CartPendulum.xml
429 ms. Memory: 578048K Free: 317421K (55%)
----------------- Invoking toplevel() on ptolemy.moml.MoMLSimpleApplication@76328736
----------------- Done invoking toplevel() on ptolemy.moml.MoMLSimpleApplication@76328736
reloadAllAccessors: .CartPendulum

===========================================================================================
----------------- testing Wed Jun 27 01:26:43 UTC 2018 /home/travis/build/icyphy/ptII/ptolemy/domains/continuous/test/auto/CausalityInterface10.xml
----------------- Instantiating /home/travis/build/icyphy/ptII/ptolemy/domains/continuous/test/auto/CausalityInterface10.xml
9 ms. Memory: 578048K Free: 301005K (52%)
----------------- Invoking toplevel() on ptolemy.moml.MoMLSimpleApplication@4b2a08ac
----------------- Done invoking toplevel() on ptolemy.moml.MoMLSimpleApplication@4b2a08ac
reloadAllAccessors: .CausalityInterface10

===========================================================================================
----------------- testing Wed Jun 27 01:26:43 UTC 2018 /home/travis/build/icyphy/ptII/ptolemy/domains/continuous/test/auto/CausalityInterface11.xml
----------------- Instantiating /home/travis/build/icyphy/ptII/ptolemy/domains/continuous/test/auto/CausalityInterface11.xml
8 ms. Memory: 578048K Free: 291167K (50%)
----------------- Invoking toplevel() on ptolemy.moml.MoMLSimpleApplication@155a53a7
----------------- Done invoking toplevel() on ptolemy.moml.MoMLSimpleApplication@155a53a7
reloadAllAccessors: .CausalityInterface11

===========================================================================================
----------------- testing Wed Jun 27 01:26:43 UTC 2018 /home/travis/build/icyphy/ptII/ptolemy/domains/continuous/test/auto/CausalityInterface12.xml
----------------- Instantiating /home/travis/build/icyphy/ptII/ptolemy/domains/continuous/test/auto/CausalityInterface12.xml
10 ms. Memory: 578048K Free: 281336K (49%)
----------------- Invoking toplevel() on ptolemy.moml.MoMLSimpleApplication@45e3ae15
----------------- Done invoking toplevel() on ptolemy.moml.MoMLSimpleApplication@45e3ae15
reloadAllAccessors: .CausalityInterface12

===========================================================================================
----------------- testing Wed Jun 27 01:26:43 UTC 2018 /home/travis/build/icyphy/ptII/ptolemy/domains/continuous/test/auto/CausalityInterface13.xml
----------------- Instantiating /home/travis/build/icyphy/ptII/ptolemy/domains/continuous/test/auto/CausalityInterface13.xml
4 ms. Memory: 578048K Free: 268341K (46%)
----------------- Invoking toplevel() on ptolemy.moml.MoMLSimpleApplication@86e89c5
----------------- Done invoking toplevel() on ptolemy.moml.MoMLSimpleApplication@86e89c5
reloadAllAccessors: .CausalityInterface13

===========================================================================================
----------------- testing Wed Jun 27 01:26:43 UTC 2018 /home/travis/build/icyphy/ptII/ptolemy/domains/continuous/test/auto/CausalityInterface14.xml
----------------- Instantiating /home/travis/build/icyphy/ptII/ptolemy/domains/continuous/test/auto/CausalityInterface14.xml
2 ms. Memory: 578048K Free: 258495K (45%)
----------------- Invoking toplevel() on ptolemy.moml.MoMLSimpleApplication@36d37694
----------------- Done invoking toplevel() on ptolemy.moml.MoMLSimpleApplication@36d37694
reloadAllAccessors: .CausalityInterface14

===========================================================================================
----------------- testing Wed Jun 27 01:26:43 UTC 2018 /home/travis/build/icyphy/ptII/ptolemy/domains/continuous/test/auto/CausalityInterface4.xml
----------------- Instantiating /home/travis/build/icyphy/ptII/ptolemy/domains/continuous/test/auto/CausalityInterface4.xml
3 ms. Memory: 578048K Free: 248657K (43%)
----------------- Invoking toplevel() on ptolemy.moml.MoMLSimpleApplication@6166cab1
----------------- Done invoking toplevel() on ptolemy.moml.MoMLSimpleApplication@6166cab1
reloadAllAccessors: .CausalityInterface4

===========================================================================================
----------------- testing Wed Jun 27 01:26:43 UTC 2018 /home/travis/build/icyphy/ptII/ptolemy/domains/continuous/test/auto/CausalityInterface5.xml
----------------- Instantiating /home/travis/build/icyphy/ptII/ptolemy/domains/continuous/test/auto/CausalityInterface5.xml
4 ms. Memory: 578048K Free: 235533K (41%)
----------------- Invoking toplevel() on ptolemy.moml.MoMLSimpleApplication@58a58dbb
----------------- Done invoking toplevel() on ptolemy.moml.MoMLSimpleApplication@58a58dbb
reloadAllAccessors: .CausalityInterface5

===========================================================================================
----------------- testing Wed Jun 27 01:26:43 UTC 2018 /home/travis/build/icyphy/ptII/ptolemy/domains/continuous/test/auto/CausalityInterface6.xml
----------------- Instantiating /home/travis/build/icyphy/ptII/ptolemy/domains/continuous/test/auto/CausalityInterface6.xml
2 ms. Memory: 578048K Free: 222523K (38%)
----------------- Invoking toplevel() on ptolemy.moml.MoMLSimpleApplication@28a02351
----------------- Done invoking toplevel() on ptolemy.moml.MoMLSimpleApplication@28a02351
reloadAllAccessors: .CausalityInterface6

===========================================================================================
----------------- testing Wed Jun 27 01:26:43 UTC 2018 /home/travis/build/icyphy/ptII/ptolemy/domains/continuous/test/auto/CausalityInterface7.xml
----------------- Instantiating /home/travis/build/icyphy/ptII/ptolemy/domains/continuous/test/auto/CausalityInterface7.xml
6 ms. Memory: 578048K Free: 209400K (36%)
----------------- Invoking toplevel() on ptolemy.moml.MoMLSimpleApplication@341e9e99
----------------- Done invoking toplevel() on ptolemy.moml.MoMLSimpleApplication@341e9e99
reloadAllAccessors: .CausalityInterface7

===========================================================================================
----------------- testing Wed Jun 27 01:26:43 UTC 2018 /home/travis/build/icyphy/ptII/ptolemy/domains/continuous/test/auto/CausalityInterface8.xml
----------------- Instantiating /home/travis/build/icyphy/ptII/ptolemy/domains/continuous/test/auto/CausalityInterface8.xml
10 ms. Memory: 578048K Free: 196292K (34%)
----------------- Invoking toplevel() on ptolemy.moml.MoMLSimpleApplication@50aad29a
----------------- Done invoking toplevel() on ptolemy.moml.MoMLSimpleApplication@50aad29a
reloadAllAccessors: .CausalityInterface8

===========================================================================================
----------------- testing Wed Jun 27 01:26:43 UTC 2018 /home/travis/build/icyphy/ptII/ptolemy/domains/continuous/test/auto/CausalityInterface9.xml
----------------- Instantiating /home/travis/build/icyphy/ptII/ptolemy/domains/continuous/test/auto/CausalityInterface9.xml
6 ms. Memory: 578048K Free: 179892K (31%)
----------------- Invoking toplevel() on ptolemy.moml.MoMLSimpleApplication@3bab9fee
----------------- Done invoking toplevel() on ptolemy.moml.MoMLSimpleApplication@3bab9fee
reloadAllAccessors: .CausalityInterface9

===========================================================================================
----------------- testing Wed Jun 27 01:26:43 UTC 2018 /home/travis/build/icyphy/ptII/ptolemy/domains/continuous/test/auto/CausalityInterfaceFeedback1.xml
----------------- Instantiating /home/travis/build/icyphy/ptII/ptolemy/domains/continuous/test/auto/CausalityInterfaceFeedback1.xml
5 ms. Memory: 578048K Free: 166881K (29%)
----------------- Invoking toplevel() on ptolemy.moml.MoMLSimpleApplication@cde9ee9
----------------- Done invoking toplevel() on ptolemy.moml.MoMLSimpleApplication@cde9ee9
reloadAllAccessors: .CausalityInterfaceFeedback1

===========================================================================================
----------------- testing Wed Jun 27 01:26:43 UTC 2018 /home/travis/build/icyphy/ptII/ptolemy/domains/continuous/test/auto/CausalityInterfaceFeedback2.xml
----------------- Instantiating /home/travis/build/icyphy/ptII/ptolemy/domains/continuous/test/auto/CausalityInterfaceFeedback2.xml
10 ms. Memory: 578048K Free: 157035K (27%)
----------------- Invoking toplevel() on ptolemy.moml.MoMLSimpleApplication@7af200bc
----------------- Done invoking toplevel() on ptolemy.moml.MoMLSimpleApplication@7af200bc
reloadAllAccessors: .CausalityInterfaceFeedback2

===========================================================================================
----------------- testing Wed Jun 27 01:26:43 UTC 2018 /home/travis/build/icyphy/ptII/ptolemy/domains/continuous/test/auto/CompareWithCurrentTime.xml
----------------- Instantiating /home/travis/build/icyphy/ptII/ptolemy/domains/continuous/test/auto/CompareWithCurrentTime.xml
4 ms. Memory: 578048K Free: 150481K (26%)
----------------- Invoking toplevel() on ptolemy.moml.MoMLSimpleApplication@2696ee86
----------------- Done invoking toplevel() on ptolemy.moml.MoMLSimpleApplication@2696ee86
reloadAllAccessors: .CompareWithCurrentTime

===========================================================================================
----------------- testing Wed Jun 27 01:26:43 UTC 2018 /home/travis/build/icyphy/ptII/ptolemy/domains/continuous/test/auto/ComparedClocks.xml
----------------- Instantiating /home/travis/build/icyphy/ptII/ptolemy/domains/continuous/test/auto/ComparedClocks.xml
8 ms. Memory: 578048K Free: 130804K (23%)
----------------- Invoking toplevel() on ptolemy.moml.MoMLSimpleApplication@13c51f1d
----------------- Done invoking toplevel() on ptolemy.moml.MoMLSimpleApplication@13c51f1d
reloadAllAccessors: .ComparedClocks

===========================================================================================
----------------- testing Wed Jun 27 01:26:43 UTC 2018 /home/travis/build/icyphy/ptII/ptolemy/domains/continuous/test/auto/ContinuousAOCClone.xml
----------------- Instantiating /home/travis/build/icyphy/ptII/ptolemy/domains/continuous/test/auto/ContinuousAOCClone.xml
2592 ms. Memory: 872960K Free: 363774K (42%)
----------------- Invoking toplevel() on ptolemy.moml.MoMLSimpleApplication@46c1f8c3
----------------- Done invoking toplevel() on ptolemy.moml.MoMLSimpleApplication@46c1f8c3
reloadAllAccessors: .ContinuousAOCClone

===========================================================================================
----------------- testing Wed Jun 27 01:26:46 UTC 2018 /home/travis/build/icyphy/ptII/ptolemy/domains/continuous/test/auto/ContinuousClock.xml
----------------- Instantiating /home/travis/build/icyphy/ptII/ptolemy/domains/continuous/test/auto/ContinuousClock.xml
25 ms. Memory: 872960K Free: 334115K (38%)
----------------- Invoking toplevel() on ptolemy.moml.MoMLSimpleApplication@5a630c0f
----------------- Done invoking toplevel() on ptolemy.moml.MoMLSimpleApplication@5a630c0f
reloadAllAccessors: .ContinuousClock

===========================================================================================
----------------- testing Wed Jun 27 01:26:46 UTC 2018 /home/travis/build/icyphy/ptII/ptolemy/domains/continuous/test/auto/ContinuousInContinuous.xml
----------------- Instantiating /home/travis/build/icyphy/ptII/ptolemy/domains/continuous/test/auto/ContinuousInContinuous.xml
45 ms. Memory: 872960K Free: 302662K (35%)
----------------- Invoking toplevel() on ptolemy.moml.MoMLSimpleApplication@3d357eb9
----------------- Done invoking toplevel() on ptolemy.moml.MoMLSimpleApplication@3d357eb9
reloadAllAccessors: .ContinuousInContinuous

===========================================================================================
----------------- testing Wed Jun 27 01:26:46 UTC 2018 /home/travis/build/icyphy/ptII/ptolemy/domains/continuous/test/auto/ContinuousInContinuousInContinuous.xml
----------------- Instantiating /home/travis/build/icyphy/ptII/ptolemy/domains/continuous/test/auto/ContinuousInContinuousInContinuous.xml
7 ms. Memory: 872960K Free: 286935K (33%)
----------------- Invoking toplevel() on ptolemy.moml.MoMLSimpleApplication@207c28d9
----------------- Done invoking toplevel() on ptolemy.moml.MoMLSimpleApplication@207c28d9
reloadAllAccessors: .ContinuousInContinuousInContinuous

===========================================================================================
----------------- testing Wed Jun 27 01:26:46 UTC 2018 /home/travis/build/icyphy/ptII/ptolemy/domains/continuous/test/auto/ContinuousInDE.xml
----------------- Instantiating /home/travis/build/icyphy/ptII/ptolemy/domains/continuous/test/auto/ContinuousInDE.xml
120 ms. Memory: 872960K Free: 271217K (31%)
----------------- Invoking toplevel() on ptolemy.moml.MoMLSimpleApplication@5595086b
----------------- Done invoking toplevel() on ptolemy.moml.MoMLSimpleApplication@5595086b
reloadAllAccessors: .ContinuousInDE

===========================================================================================
----------------- testing Wed Jun 27 01:26:47 UTC 2018 /home/travis/build/icyphy/ptII/ptolemy/domains/continuous/test/auto/ContinuousInDE2.xml
----------------- Instantiating /home/travis/build/icyphy/ptII/ptolemy/domains/continuous/test/auto/ContinuousInDE2.xml
34 ms. Memory: 872960K Free: 252068K (29%)
----------------- Invoking toplevel() on ptolemy.moml.MoMLSimpleApplication@7a3b003b
----------------- Done invoking toplevel() on ptolemy.moml.MoMLSimpleApplication@7a3b003b
reloadAllAccessors: .ContinuousInDE2

===========================================================================================
----------------- testing Wed Jun 27 01:26:47 UTC 2018 /home/travis/build/icyphy/ptII/ptolemy/domains/continuous/test/auto/ContinuousInDE3.xml
----------------- Instantiating /home/travis/build/icyphy/ptII/ptolemy/domains/continuous/test/auto/ContinuousInDE3.xml
33 ms. Memory: 872960K Free: 236350K (27%)
----------------- Invoking toplevel() on ptolemy.moml.MoMLSimpleApplication@50f35f08
----------------- Done invoking toplevel() on ptolemy.moml.MoMLSimpleApplication@50f35f08
reloadAllAccessors: .ContinuousInDE3

===========================================================================================
----------------- testing Wed Jun 27 01:26:47 UTC 2018 /home/travis/build/icyphy/ptII/ptolemy/domains/continuous/test/auto/ContinuousInDE4.xml
----------------- Instantiating /home/travis/build/icyphy/ptII/ptolemy/domains/continuous/test/auto/ContinuousInDE4.xml
13 ms. Memory: 872960K Free: 225871K (26%)
----------------- Invoking toplevel() on ptolemy.moml.MoMLSimpleApplication@459ee93a
----------------- Done invoking toplevel() on ptolemy.moml.MoMLSimpleApplication@459ee93a
reloadAllAccessors: .ContinuousInDE4

===========================================================================================
----------------- testing Wed Jun 27 01:26:47 UTC 2018 /home/travis/build/icyphy/ptII/ptolemy/domains/continuous/test/auto/ContinuousInDEDifferentRefinements.xml
----------------- Instantiating /home/travis/build/icyphy/ptII/ptolemy/domains/continuous/test/auto/ContinuousInDEDifferentRefinements.xml
58 ms. Memory: 872960K Free: 189146K (22%)
----------------- Invoking toplevel() on ptolemy.moml.MoMLSimpleApplication@28c6c250
----------------- Done invoking toplevel() on ptolemy.moml.MoMLSimpleApplication@28c6c250
reloadAllAccessors: .ContinuousInDEDifferentRefinements

===========================================================================================
----------------- testing Wed Jun 27 01:26:47 UTC 2018 /home/travis/build/icyphy/ptII/ptolemy/domains/continuous/test/auto/ContinuousInDEDifferentRefinementsPreemptive.xml
----------------- Instantiating /home/travis/build/icyphy/ptII/ptolemy/domains/continuous/test/auto/ContinuousInDEDifferentRefinementsPreemptive.xml
47 ms. Memory: 872960K Free: 148984K (17%)
----------------- Invoking toplevel() on ptolemy.moml.MoMLSimpleApplication@17e88ef3
----------------- Done invoking toplevel() on ptolemy.moml.MoMLSimpleApplication@17e88ef3
reloadAllAccessors: .ContinuousInDEDifferentRefinementsPreemptive

===========================================================================================
----------------- testing Wed Jun 27 01:26:47 UTC 2018 /home/travis/build/icyphy/ptII/ptolemy/domains/continuous/test/auto/ContinuousInDEInContinuous2.xml
----------------- Instantiating /home/travis/build/icyphy/ptII/ptolemy/domains/continuous/test/auto/ContinuousInDEInContinuous2.xml
57 ms. Memory: 872960K Free: 133250K (15%)
----------------- Invoking toplevel() on ptolemy.moml.MoMLSimpleApplication@318a230b
----------------- Done invoking toplevel() on ptolemy.moml.MoMLSimpleApplication@318a230b
reloadAllAccessors: .ContinuousInDEInContinuous2

===========================================================================================
----------------- testing Wed Jun 27 01:26:47 UTC 2018 /home/travis/build/icyphy/ptII/ptolemy/domains/continuous/test/auto/ContinuousInDEInContinuous3.xml
----------------- Instantiating /home/travis/build/icyphy/ptII/ptolemy/domains/continuous/test/auto/ContinuousInDEInContinuous3.xml
34 ms. Memory: 872960K Free: 112275K (13%)
----------------- Invoking toplevel() on ptolemy.moml.MoMLSimpleApplication@3ea7c3c9
----------------- Done invoking toplevel() on ptolemy.moml.MoMLSimpleApplication@3ea7c3c9
reloadAllAccessors: .ContinuousInDEInContinuous3

===========================================================================================
----------------- testing Wed Jun 27 01:26:47 UTC 2018 /home/travis/build/icyphy/ptII/ptolemy/domains/continuous/test/auto/ContinuousInDEInput.xml
----------------- Instantiating /home/travis/build/icyphy/ptII/ptolemy/domains/continuous/test/auto/ContinuousInDEInput.xml
25 ms. Memory: 872960K Free: 101796K (12%)
----------------- Invoking toplevel() on ptolemy.moml.MoMLSimpleApplication@29219ac4
----------------- Done invoking toplevel() on ptolemy.moml.MoMLSimpleApplication@29219ac4
reloadAllAccessors: .ContinuousInDEInput

===========================================================================================
----------------- testing Wed Jun 27 01:26:47 UTC 2018 /home/travis/build/icyphy/ptII/ptolemy/domains/continuous/test/auto/ContinuousInDEInput2.xml
----------------- Instantiating /home/travis/build/icyphy/ptII/ptolemy/domains/continuous/test/auto/ContinuousInDEInput2.xml
15 ms. Memory: 872960K Free: 87879K (10%)
----------------- Invoking toplevel() on ptolemy.moml.MoMLSimpleApplication@4d862219
----------------- Done invoking toplevel() on ptolemy.moml.MoMLSimpleApplication@4d862219
reloadAllAccessors: .ContinuousInDEInput2

===========================================================================================
----------------- testing Wed Jun 27 01:26:47 UTC 2018 /home/travis/build/icyphy/ptII/ptolemy/domains/continuous/test/auto/ContinuousInDEInput3.xml
----------------- Instantiating /home/travis/build/icyphy/ptII/ptolemy/domains/continuous/test/auto/ContinuousInDEInput3.xml
13 ms. Memory: 872960K Free: 77400K (9%)
----------------- Invoking toplevel() on ptolemy.moml.MoMLSimpleApplication@15d45591
----------------- Done invoking toplevel() on ptolemy.moml.MoMLSimpleApplication@15d45591
reloadAllAccessors: .ContinuousInDEInput3

===========================================================================================
----------------- testing Wed Jun 27 01:26:47 UTC 2018 /home/travis/build/icyphy/ptII/ptolemy/domains/continuous/test/auto/ContinuousInDESharingRefinement.xml
----------------- Instantiating /home/travis/build/icyphy/ptII/ptolemy/domains/continuous/test/auto/ContinuousInDESharingRefinement.xml
128 ms. Memory: 830464K Free: 719990K (87%)
----------------- Invoking toplevel() on ptolemy.moml.MoMLSimpleApplication@2a35ad47
----------------- Done invoking toplevel() on ptolemy.moml.MoMLSimpleApplication@2a35ad47
reloadAllAccessors: .ContinuousInDESharingRefinement

===========================================================================================
----------------- testing Wed Jun 27 01:26:47 UTC 2018 /home/travis/build/icyphy/ptII/ptolemy/domains/continuous/test/auto/ContinuousInDEwithNoPorts.xml
----------------- Instantiating /home/travis/build/icyphy/ptII/ptolemy/domains/continuous/test/auto/ContinuousInDEwithNoPorts.xml
5 ms. Memory: 830464K Free: 707814K (85%)
----------------- Invoking toplevel() on ptolemy.moml.MoMLSimpleApplication@2fb1f033
----------------- Done invoking toplevel() on ptolemy.moml.MoMLSimpleApplication@2fb1f033
reloadAllAccessors: .ContinuousInDEwithNoPorts

===========================================================================================
----------------- testing Wed Jun 27 01:26:47 UTC 2018 /home/travis/build/icyphy/ptII/ptolemy/domains/continuous/test/auto/ContinuousInsideDE.xml
----------------- Instantiating /home/travis/build/icyphy/ptII/ptolemy/domains/continuous/test/auto/ContinuousInsideDE.xml
50 ms. Memory: 830464K Free: 692836K (83%)
----------------- Invoking toplevel() on ptolemy.moml.MoMLSimpleApplication@43e3cfaf
----------------- Done invoking toplevel() on ptolemy.moml.MoMLSimpleApplication@43e3cfaf
reloadAllAccessors: .ContinuousInsideDE

===========================================================================================
----------------- testing Wed Jun 27 01:26:47 UTC 2018 /home/travis/build/icyphy/ptII/ptolemy/domains/continuous/test/auto/ContinuousMerge1.xml
----------------- Instantiating /home/travis/build/icyphy/ptII/ptolemy/domains/continuous/test/auto/ContinuousMerge1.xml
2 ms. Memory: 830464K Free: 680660K (82%)
----------------- Invoking toplevel() on ptolemy.moml.MoMLSimpleApplication@1c30197a
----------------- Done invoking toplevel() on ptolemy.moml.MoMLSimpleApplication@1c30197a
reloadAllAccessors: .ContinuousMerge1

===========================================================================================
----------------- testing Wed Jun 27 01:26:47 UTC 2018 /home/travis/build/icyphy/ptII/ptolemy/domains/continuous/test/auto/ContinuousMerge2.xml
----------------- Instantiating /home/travis/build/icyphy/ptII/ptolemy/domains/continuous/test/auto/ContinuousMerge2.xml
12 ms. Memory: 830464K Free: 665517K (80%)
----------------- Invoking toplevel() on ptolemy.moml.MoMLSimpleApplication@758a1161
----------------- Done invoking toplevel() on ptolemy.moml.MoMLSimpleApplication@758a1161
reloadAllAccessors: .ContinuousMerge2

===========================================================================================
----------------- testing Wed Jun 27 01:26:48 UTC 2018 /home/travis/build/icyphy/ptII/ptolemy/domains/continuous/test/auto/ContinuousMerge3.xml
----------------- Instantiating /home/travis/build/icyphy/ptII/ptolemy/domains/continuous/test/auto/ContinuousMerge3.xml
48 ms. Memory: 830464K Free: 645556K (78%)
----------------- Invoking toplevel() on ptolemy.moml.MoMLSimpleApplication@3e0ff74d
----------------- Done invoking toplevel() on ptolemy.moml.MoMLSimpleApplication@3e0ff74d
reloadAllAccessors: .ContinuousMerge3

===========================================================================================
----------------- testing Wed Jun 27 01:26:48 UTC 2018 /home/travis/build/icyphy/ptII/ptolemy/domains/continuous/test/auto/ContinuousWithinContinuous.xml
----------------- Instantiating /home/travis/build/icyphy/ptII/ptolemy/domains/continuous/test/auto/ContinuousWithinContinuous.xml
43 ms. Memory: 830464K Free: 633380K (76%)
----------------- Invoking toplevel() on ptolemy.moml.MoMLSimpleApplication@17199d25
----------------- Done invoking toplevel() on ptolemy.moml.MoMLSimpleApplication@17199d25
reloadAllAccessors: .ContinuousWithinContinuous

===========================================================================================
----------------- testing Wed Jun 27 01:26:48 UTC 2018 /home/travis/build/icyphy/ptII/ptolemy/domains/continuous/test/auto/ContinuousWithinContinuous2.xml
----------------- Instantiating /home/travis/build/icyphy/ptII/ptolemy/domains/continuous/test/auto/ContinuousWithinContinuous2.xml
77 ms. Memory: 830464K Free: 618409K (74%)
----------------- Invoking toplevel() on ptolemy.moml.MoMLSimpleApplication@78ed151f
----------------- Done invoking toplevel() on ptolemy.moml.MoMLSimpleApplication@78ed151f
reloadAllAccessors: .ContinuousWithinContinuous2

===========================================================================================
----------------- testing Wed Jun 27 01:26:48 UTC 2018 /home/travis/build/icyphy/ptII/ptolemy/domains/continuous/test/auto/ContinuousWithinContinuous3.xml
----------------- Instantiating /home/travis/build/icyphy/ptII/ptolemy/domains/continuous/test/auto/ContinuousWithinContinuous3.xml
16 ms. Memory: 830464K Free: 608429K (73%)
----------------- Invoking toplevel() on ptolemy.moml.MoMLSimpleApplication@62239e13
----------------- Done invoking toplevel() on ptolemy.moml.MoMLSimpleApplication@62239e13
reloadAllAccessors: .ContinuousWithinContinuous3

===========================================================================================
----------------- testing Wed Jun 27 01:26:48 UTC 2018 /home/travis/build/icyphy/ptII/ptolemy/domains/continuous/test/auto/ContinuousWithinContinuous4.xml
----------------- Instantiating /home/travis/build/icyphy/ptII/ptolemy/domains/continuous/test/auto/ContinuousWithinContinuous4.xml
78 ms. Memory: 830464K Free: 591262K (71%)
----------------- Invoking toplevel() on ptolemy.moml.MoMLSimpleApplication@5fe3c981
----------------- Done invoking toplevel() on ptolemy.moml.MoMLSimpleApplication@5fe3c981
reloadAllAccessors: .ContinuousWithinContinuous4

===========================================================================================
----------------- testing Wed Jun 27 01:26:48 UTC 2018 /home/travis/build/icyphy/ptII/ptolemy/domains/continuous/test/auto/ContinuousWithinContinuous5.xml
----------------- Instantiating /home/travis/build/icyphy/ptII/ptolemy/domains/continuous/test/auto/ContinuousWithinContinuous5.xml
16 ms. Memory: 830464K Free: 576292K (69%)
----------------- Invoking toplevel() on ptolemy.moml.MoMLSimpleApplication@52362ceb
----------------- Done invoking toplevel() on ptolemy.moml.MoMLSimpleApplication@52362ceb
reloadAllAccessors: .ContinuousWithinContinuous5

===========================================================================================
----------------- testing Wed Jun 27 01:26:48 UTC 2018 /home/travis/build/icyphy/ptII/ptolemy/domains/continuous/test/auto/ContinuousWithinContinuous6.xml
----------------- Instantiating /home/travis/build/icyphy/ptII/ptolemy/domains/continuous/test/auto/ContinuousWithinContinuous6.xml
13 ms. Memory: 830464K Free: 559125K (67%)
----------------- Invoking toplevel() on ptolemy.moml.MoMLSimpleApplication@11674f6f
----------------- Done invoking toplevel() on ptolemy.moml.MoMLSimpleApplication@11674f6f
reloadAllAccessors: .ContinuousWithinContinuous6

===========================================================================================
----------------- testing Wed Jun 27 01:26:48 UTC 2018 /home/travis/build/icyphy/ptII/ptolemy/domains/continuous/test/auto/ContinuousWithinContinuous7.xml
----------------- Instantiating /home/travis/build/icyphy/ptII/ptolemy/domains/continuous/test/auto/ContinuousWithinContinuous7.xml
66 ms. Memory: 830464K Free: 544154K (66%)
----------------- Invoking toplevel() on ptolemy.moml.MoMLSimpleApplication@427bc585
----------------- Done invoking toplevel() on ptolemy.moml.MoMLSimpleApplication@427bc585
reloadAllAccessors: .ContinuousWithinContinuous7

===========================================================================================
----------------- testing Wed Jun 27 01:26:48 UTC 2018 /home/travis/build/icyphy/ptII/ptolemy/domains/continuous/test/auto/DCMotor.xml
----------------- Instantiating /home/travis/build/icyphy/ptII/ptolemy/domains/continuous/test/auto/DCMotor.xml
14955 ms. Memory: 668160K Free: 390087K (58%)
----------------- Invoking toplevel() on ptolemy.moml.MoMLSimpleApplication@88b2ec9
----------------- Done invoking toplevel() on ptolemy.moml.MoMLSimpleApplication@88b2ec9
reloadAllAccessors: .DCMotor

===========================================================================================
----------------- testing Wed Jun 27 01:27:03 UTC 2018 /home/travis/build/icyphy/ptII/ptolemy/domains/continuous/test/auto/DEInContinuous.xml
----------------- Instantiating /home/travis/build/icyphy/ptII/ptolemy/domains/continuous/test/auto/DEInContinuous.xml
10 ms. Memory: 668160K Free: 374986K (56%)
----------------- Invoking toplevel() on ptolemy.moml.MoMLSimpleApplication@4cf74c7d
----------------- Done invoking toplevel() on ptolemy.moml.MoMLSimpleApplication@4cf74c7d
reloadAllAccessors: .DEInContinuous

===========================================================================================
----------------- testing Wed Jun 27 01:27:03 UTC 2018 /home/travis/build/icyphy/ptII/ptolemy/domains/continuous/test/auto/DEinContinuous2.xml
----------------- Instantiating /home/travis/build/icyphy/ptII/ptolemy/domains/continuous/test/auto/DEinContinuous2.xml
7 ms. Memory: 668160K Free: 356192K (53%)
----------------- Invoking toplevel() on ptolemy.moml.MoMLSimpleApplication@2788c00b
----------------- Done invoking toplevel() on ptolemy.moml.MoMLSimpleApplication@2788c00b
reloadAllAccessors: .DEinContinuous2

===========================================================================================
----------------- testing Wed Jun 27 01:27:03 UTC 2018 /home/travis/build/icyphy/ptII/ptolemy/domains/continuous/test/auto/Derivative.xml
----------------- Instantiating /home/travis/build/icyphy/ptII/ptolemy/domains/continuous/test/auto/Derivative.xml
152 ms. Memory: 668160K Free: 313894K (47%)
----------------- Invoking toplevel() on ptolemy.moml.MoMLSimpleApplication@361c0b17
----------------- Done invoking toplevel() on ptolemy.moml.MoMLSimpleApplication@361c0b17
reloadAllAccessors: .Derivative2

===========================================================================================
----------------- testing Wed Jun 27 01:27:03 UTC 2018 /home/travis/build/icyphy/ptII/ptolemy/domains/continuous/test/auto/Derivative1.xml
----------------- Instantiating /home/travis/build/icyphy/ptII/ptolemy/domains/continuous/test/auto/Derivative1.xml
14 ms. Memory: 668160K Free: 296275K (44%)
----------------- Invoking toplevel() on ptolemy.moml.MoMLSimpleApplication@73c14d63
----------------- Done invoking toplevel() on ptolemy.moml.MoMLSimpleApplication@73c14d63
reloadAllAccessors: .Derivative1

===========================================================================================
----------------- testing Wed Jun 27 01:27:03 UTC 2018 /home/travis/build/icyphy/ptII/ptolemy/domains/continuous/test/auto/DiscreteClock.xml
----------------- Instantiating /home/travis/build/icyphy/ptII/ptolemy/domains/continuous/test/auto/DiscreteClock.xml
4 ms. Memory: 668160K Free: 283364K (42%)
----------------- Invoking toplevel() on ptolemy.moml.MoMLSimpleApplication@18fe90e3
----------------- Done invoking toplevel() on ptolemy.moml.MoMLSimpleApplication@18fe90e3
reloadAllAccessors: .DiscreteClock

===========================================================================================
----------------- testing Wed Jun 27 01:27:03 UTC 2018 /home/travis/build/icyphy/ptII/ptolemy/domains/continuous/test/auto/EfficiencyCurve.xml
----------------- Instantiating /home/travis/build/icyphy/ptII/ptolemy/domains/continuous/test/auto/EfficiencyCurve.xml
62 ms. Memory: 668160K Free: 270454K (40%)
----------------- Invoking toplevel() on ptolemy.moml.MoMLSimpleApplication@7980858c
----------------- Done invoking toplevel() on ptolemy.moml.MoMLSimpleApplication@7980858c
reloadAllAccessors: .EfficiencyCurve

===========================================================================================
----------------- testing Wed Jun 27 01:27:04 UTC 2018 /home/travis/build/icyphy/ptII/ptolemy/domains/continuous/test/auto/ExponentialResponse.xml
----------------- Instantiating /home/travis/build/icyphy/ptII/ptolemy/domains/continuous/test/auto/ExponentialResponse.xml
126 ms. Memory: 668160K Free: 246984K (37%)
----------------- Invoking toplevel() on ptolemy.moml.MoMLSimpleApplication@6d6e5b0
----------------- Done invoking toplevel() on ptolemy.moml.MoMLSimpleApplication@6d6e5b0
reloadAllAccessors: .ExponentialResponse

===========================================================================================
----------------- testing Wed Jun 27 01:27:04 UTC 2018 /home/travis/build/icyphy/ptII/ptolemy/domains/continuous/test/auto/ExponentialResponseRK45.xml
----------------- Instantiating /home/travis/build/icyphy/ptII/ptolemy/domains/continuous/test/auto/ExponentialResponseRK45.xml
30 ms. Memory: 668160K Free: 234073K (35%)
----------------- Invoking toplevel() on ptolemy.moml.MoMLSimpleApplication@750129bc
----------------- Done invoking toplevel() on ptolemy.moml.MoMLSimpleApplication@750129bc
reloadAllAccessors: .ExponentialResponseRK45

===========================================================================================
----------------- testing Wed Jun 27 01:27:04 UTC 2018 /home/travis/build/icyphy/ptII/ptolemy/domains/continuous/test/auto/Friction.xml
----------------- Instantiating /home/travis/build/icyphy/ptII/ptolemy/domains/continuous/test/auto/Friction.xml
1321 ms. Memory: 647168K Free: 344020K (53%)
----------------- Invoking toplevel() on ptolemy.moml.MoMLSimpleApplication@56574eb8
----------------- Done invoking toplevel() on ptolemy.moml.MoMLSimpleApplication@56574eb8
reloadAllAccessors: .Friction

===========================================================================================
----------------- testing Wed Jun 27 01:27:05 UTC 2018 /home/travis/build/icyphy/ptII/ptolemy/domains/continuous/test/auto/FurutaPendulum.xml
----------------- Instantiating /home/travis/build/icyphy/ptII/ptolemy/domains/continuous/test/auto/FurutaPendulum.xml
3511 ms. Memory: 617472K Free: 344236K (56%)
----------------- Invoking toplevel() on ptolemy.moml.MoMLSimpleApplication@778d9dc1
----------------- Done invoking toplevel() on ptolemy.moml.MoMLSimpleApplication@778d9dc1
reloadAllAccessors: .FurutaPendulum

===========================================================================================
----------------- testing Wed Jun 27 01:27:09 UTC 2018 /home/travis/build/icyphy/ptII/ptolemy/domains/continuous/test/auto/HierarchicalExecution.xml
----------------- Instantiating /home/travis/build/icyphy/ptII/ptolemy/domains/continuous/test/auto/HierarchicalExecution.xml
2065 ms. Memory: 595968K Free: 533709K (90%)
----------------- Invoking toplevel() on ptolemy.moml.MoMLSimpleApplication@590bde83
----------------- Done invoking toplevel() on ptolemy.moml.MoMLSimpleApplication@590bde83
reloadAllAccessors: .HierarchicalExecution

===========================================================================================
----------------- testing Wed Jun 27 01:27:11 UTC 2018 /home/travis/build/icyphy/ptII/ptolemy/domains/continuous/test/auto/HybridPlant.xml
----------------- Instantiating /home/travis/build/icyphy/ptII/ptolemy/domains/continuous/test/auto/HybridPlant.xml
466 ms. Memory: 595968K Free: 252776K (42%)
----------------- Invoking toplevel() on ptolemy.moml.MoMLSimpleApplication@45dd4340
----------------- Done invoking toplevel() on ptolemy.moml.MoMLSimpleApplication@45dd4340
reloadAllAccessors: .HybridPlant

===========================================================================================
----------------- testing Wed Jun 27 01:27:12 UTC 2018 /home/travis/build/icyphy/ptII/ptolemy/domains/continuous/test/auto/Hysteresis.xml
----------------- Instantiating /home/travis/build/icyphy/ptII/ptolemy/domains/continuous/test/auto/Hysteresis.xml
134 ms. Memory: 595968K Free: 188214K (32%)
----------------- Invoking toplevel() on ptolemy.moml.MoMLSimpleApplication@35abb586
----------------- Done invoking toplevel() on ptolemy.moml.MoMLSimpleApplication@35abb586
reloadAllAccessors: .Hysteresis

===========================================================================================
----------------- testing Wed Jun 27 01:27:12 UTC 2018 /home/travis/build/icyphy/ptII/ptolemy/domains/continuous/test/auto/HysteresisWithRandomDelay.xml
----------------- Instantiating /home/travis/build/icyphy/ptII/ptolemy/domains/continuous/test/auto/HysteresisWithRandomDelay.xml
156 ms. Memory: 595968K Free: 105822K (18%)
----------------- Invoking toplevel() on ptolemy.moml.MoMLSimpleApplication@1a916f83
----------------- Done invoking toplevel() on ptolemy.moml.MoMLSimpleApplication@1a916f83
reloadAllAccessors: .HysteresisWithRandomDelay

===========================================================================================
----------------- testing Wed Jun 27 01:27:12 UTC 2018 /home/travis/build/icyphy/ptII/ptolemy/domains/continuous/test/auto/HysteresisWithRandomLosses.xml
----------------- Instantiating /home/travis/build/icyphy/ptII/ptolemy/domains/continuous/test/auto/HysteresisWithRandomLosses.xml
2322 ms. Memory: 543232K Free: 262506K (48%)
----------------- Invoking toplevel() on ptolemy.moml.MoMLSimpleApplication@5be28668
----------------- Done invoking toplevel() on ptolemy.moml.MoMLSimpleApplication@5be28668
reloadAllAccessors: .HysteresisWithRandomLosses

===========================================================================================
----------------- testing Wed Jun 27 01:27:14 UTC 2018 /home/travis/build/icyphy/ptII/ptolemy/domains/continuous/test/auto/ImmediateTransitions.xml
----------------- Instantiating /home/travis/build/icyphy/ptII/ptolemy/domains/continuous/test/auto/ImmediateTransitions.xml
8 ms. Memory: 543232K Free: 244680K (45%)
----------------- Invoking toplevel() on ptolemy.moml.MoMLSimpleApplication@4dbdabc1
----------------- Done invoking toplevel() on ptolemy.moml.MoMLSimpleApplication@4dbdabc1
reloadAllAccessors: .ImmediateTransitions

===========================================================================================
----------------- testing Wed Jun 27 01:27:14 UTC 2018 /home/travis/build/icyphy/ptII/ptolemy/domains/continuous/test/auto/ImpulseFeedback.xml
----------------- Instantiating /home/travis/build/icyphy/ptII/ptolemy/domains/continuous/test/auto/ImpulseFeedback.xml
6 ms. Memory: 543232K Free: 234613K (43%)
----------------- Invoking toplevel() on ptolemy.moml.MoMLSimpleApplication@5c3be369
----------------- Done invoking toplevel() on ptolemy.moml.MoMLSimpleApplication@5c3be369
reloadAllAccessors: .ImpulseFeedback

===========================================================================================
----------------- testing Wed Jun 27 01:27:14 UTC 2018 /home/travis/build/icyphy/ptII/ptolemy/domains/continuous/test/auto/ImpulseFeedback2.xml
----------------- Instantiating /home/travis/build/icyphy/ptII/ptolemy/domains/continuous/test/auto/ImpulseFeedback2.xml
5 ms. Memory: 543232K Free: 224549K (41%)
----------------- Invoking toplevel() on ptolemy.moml.MoMLSimpleApplication@7f7624e
----------------- Done invoking toplevel() on ptolemy.moml.MoMLSimpleApplication@7f7624e
reloadAllAccessors: .ImpulseFeedback2

===========================================================================================
----------------- testing Wed Jun 27 01:27:14 UTC 2018 /home/travis/build/icyphy/ptII/ptolemy/domains/continuous/test/auto/IncreasingRatePoisson.xml
----------------- Instantiating /home/travis/build/icyphy/ptII/ptolemy/domains/continuous/test/auto/IncreasingRatePoisson.xml
678 ms. Memory: 521728K Free: 328969K (63%)
----------------- Invoking toplevel() on ptolemy.moml.MoMLSimpleApplication@fc95090
----------------- Done invoking toplevel() on ptolemy.moml.MoMLSimpleApplication@fc95090
reloadAllAccessors: .IncreasingRatePoisson

===========================================================================================
----------------- testing Wed Jun 27 01:27:15 UTC 2018 /home/travis/build/icyphy/ptII/ptolemy/domains/continuous/test/auto/InitialStateFeedback.xml
----------------- Instantiating /home/travis/build/icyphy/ptII/ptolemy/domains/continuous/test/auto/InitialStateFeedback.xml
3 ms. Memory: 521728K Free: 317712K (61%)
----------------- Invoking toplevel() on ptolemy.moml.MoMLSimpleApplication@fb5af43
----------------- Done invoking toplevel() on ptolemy.moml.MoMLSimpleApplication@fb5af43
reloadAllAccessors: .InitialStateFeedback

===========================================================================================
----------------- testing Wed Jun 27 01:27:15 UTC 2018 /home/travis/build/icyphy/ptII/ptolemy/domains/continuous/test/auto/Integration.xml
----------------- Instantiating /home/travis/build/icyphy/ptII/ptolemy/domains/continuous/test/auto/Integration.xml
1 ms. Memory: 521728K Free: 310957K (60%)
----------------- Invoking toplevel() on ptolemy.moml.MoMLSimpleApplication@728dbf45
----------------- Done invoking toplevel() on ptolemy.moml.MoMLSimpleApplication@728dbf45
reloadAllAccessors: .Integration

===========================================================================================
----------------- testing Wed Jun 27 01:27:15 UTC 2018 /home/travis/build/icyphy/ptII/ptolemy/domains/continuous/test/auto/Integration2.xml
----------------- Instantiating /home/travis/build/icyphy/ptII/ptolemy/domains/continuous/test/auto/Integration2.xml
77 ms. Memory: 521728K Free: 289517K (55%)
----------------- Invoking toplevel() on ptolemy.moml.MoMLSimpleApplication@178a461a
----------------- Done invoking toplevel() on ptolemy.moml.MoMLSimpleApplication@178a461a
reloadAllAccessors: .Integration2

===========================================================================================
----------------- testing Wed Jun 27 01:27:15 UTC 2018 /home/travis/build/icyphy/ptII/ptolemy/domains/continuous/test/auto/Integration3.xml
----------------- Instantiating /home/travis/build/icyphy/ptII/ptolemy/domains/continuous/test/auto/Integration3.xml
2 ms. Memory: 521728K Free: 279819K (54%)
----------------- Invoking toplevel() on ptolemy.moml.MoMLSimpleApplication@7908873d
----------------- Done invoking toplevel() on ptolemy.moml.MoMLSimpleApplication@7908873d
reloadAllAccessors: .Integration3

===========================================================================================
----------------- testing Wed Jun 27 01:27:15 UTC 2018 /home/travis/build/icyphy/ptII/ptolemy/domains/continuous/test/auto/Integration5.xml
----------------- Instantiating /home/travis/build/icyphy/ptII/ptolemy/domains/continuous/test/auto/Integration5.xml
2 ms. Memory: 521728K Free: 273212K (52%)
----------------- Invoking toplevel() on ptolemy.moml.MoMLSimpleApplication@d964d6f
----------------- Done invoking toplevel() on ptolemy.moml.MoMLSimpleApplication@d964d6f
reloadAllAccessors: .Integration5

===========================================================================================
----------------- testing Wed Jun 27 01:27:15 UTC 2018 /home/travis/build/icyphy/ptII/ptolemy/domains/continuous/test/auto/IntegratorImpulse.xml
----------------- Instantiating /home/travis/build/icyphy/ptII/ptolemy/domains/continuous/test/auto/IntegratorImpulse.xml
3 ms. Memory: 521728K Free: 266456K (51%)
----------------- Invoking toplevel() on ptolemy.moml.MoMLSimpleApplication@5bd8d8a0
----------------- Done invoking toplevel() on ptolemy.moml.MoMLSimpleApplication@5bd8d8a0
reloadAllAccessors: .IntegratorImpulse

===========================================================================================
----------------- testing Wed Jun 27 01:27:15 UTC 2018 /home/travis/build/icyphy/ptII/ptolemy/domains/continuous/test/auto/IntegratorImpulse2.xml
----------------- Instantiating /home/travis/build/icyphy/ptII/ptolemy/domains/continuous/test/auto/IntegratorImpulse2.xml
3 ms. Memory: 521728K Free: 256750K (49%)
----------------- Invoking toplevel() on ptolemy.moml.MoMLSimpleApplication@eb0d7b8
----------------- Done invoking toplevel() on ptolemy.moml.MoMLSimpleApplication@eb0d7b8
reloadAllAccessors: .IntegratorImpulse2

===========================================================================================
----------------- testing Wed Jun 27 01:27:15 UTC 2018 /home/travis/build/icyphy/ptII/ptolemy/domains/continuous/test/auto/LevelCrossing1.xml
----------------- Instantiating /home/travis/build/icyphy/ptII/ptolemy/domains/continuous/test/auto/LevelCrossing1.xml
4 ms. Memory: 521728K Free: 247051K (47%)
----------------- Invoking toplevel() on ptolemy.moml.MoMLSimpleApplication@2a377775
----------------- Done invoking toplevel() on ptolemy.moml.MoMLSimpleApplication@2a377775
reloadAllAccessors: .LevelCrossing1

===========================================================================================
----------------- testing Wed Jun 27 01:27:15 UTC 2018 /home/travis/build/icyphy/ptII/ptolemy/domains/continuous/test/auto/LevelCrossing2.xml
----------------- Instantiating /home/travis/build/icyphy/ptII/ptolemy/domains/continuous/test/auto/LevelCrossing2.xml
3 ms. Memory: 521728K Free: 237345K (45%)
----------------- Invoking toplevel() on ptolemy.moml.MoMLSimpleApplication@41ccec5
----------------- Done invoking toplevel() on ptolemy.moml.MoMLSimpleApplication@41ccec5
reloadAllAccessors: .LevelCrossing2

===========================================================================================
----------------- testing Wed Jun 27 01:27:15 UTC 2018 /home/travis/build/icyphy/ptII/ptolemy/domains/continuous/test/auto/LevelCrossing3.xml
----------------- Instantiating /home/travis/build/icyphy/ptII/ptolemy/domains/continuous/test/auto/LevelCrossing3.xml
2 ms. Memory: 521728K Free: 227802K (44%)
----------------- Invoking toplevel() on ptolemy.moml.MoMLSimpleApplication@3da93031
----------------- Done invoking toplevel() on ptolemy.moml.MoMLSimpleApplication@3da93031
reloadAllAccessors: .LevelCrossing3

===========================================================================================
----------------- testing Wed Jun 27 01:27:15 UTC 2018 /home/travis/build/icyphy/ptII/ptolemy/domains/continuous/test/auto/LevelCrossing4.xml
----------------- Instantiating /home/travis/build/icyphy/ptII/ptolemy/domains/continuous/test/auto/LevelCrossing4.xml
2 ms. Memory: 521728K Free: 218096K (42%)
----------------- Invoking toplevel() on ptolemy.moml.MoMLSimpleApplication@702a48a3
----------------- Done invoking toplevel() on ptolemy.moml.MoMLSimpleApplication@702a48a3
reloadAllAccessors: .LevelCrossing4

===========================================================================================
----------------- testing Wed Jun 27 01:27:15 UTC 2018 /home/travis/build/icyphy/ptII/ptolemy/domains/continuous/test/auto/LevelCrossing5.xml
----------------- Instantiating /home/travis/build/icyphy/ptII/ptolemy/domains/continuous/test/auto/LevelCrossing5.xml
3 ms. Memory: 521728K Free: 208390K (40%)
----------------- Invoking toplevel() on ptolemy.moml.MoMLSimpleApplication@255a3d9
----------------- Done invoking toplevel() on ptolemy.moml.MoMLSimpleApplication@255a3d9
reloadAllAccessors: .LevelCrossing5

===========================================================================================
----------------- testing Wed Jun 27 01:27:15 UTC 2018 /home/travis/build/icyphy/ptII/ptolemy/domains/continuous/test/auto/LevelCrossing6.xml
----------------- Instantiating /home/travis/build/icyphy/ptII/ptolemy/domains/continuous/test/auto/LevelCrossing6.xml
3 ms. Memory: 521728K Free: 198684K (38%)
[...]
----------------- Invoking toplevel() on ptolemy.moml.MoMLSimpleApplication@1904c689
----------------- Done invoking toplevel() on ptolemy.moml.MoMLSimpleApplication@1904c689
reloadAllAccessors: .ResetTransitionWithStartTime5

===========================================================================================
----------------- testing Wed Jun 27 01:27:33 UTC 2018 /home/travis/build/icyphy/ptII/ptolemy/domains/continuous/test/auto/ResetTransitionWithStartTime6.xml
----------------- Instantiating /home/travis/build/icyphy/ptII/ptolemy/domains/continuous/test/auto/ResetTransitionWithStartTime6.xml
9 ms. Memory: 404480K Free: 322282K (80%)
----------------- Invoking toplevel() on ptolemy.moml.MoMLSimpleApplication@5d1138e5
----------------- Done invoking toplevel() on ptolemy.moml.MoMLSimpleApplication@5d1138e5
reloadAllAccessors: .ResetTransitionWithStartTime6

===========================================================================================
----------------- testing Wed Jun 27 01:27:33 UTC 2018 /home/travis/build/icyphy/ptII/ptolemy/domains/continuous/test/auto/SRinContinuous.xml
----------------- Instantiating /home/travis/build/icyphy/ptII/ptolemy/domains/continuous/test/auto/SRinContinuous.xml
10 ms. Memory: 404480K Free: 312932K (77%)
----------------- Invoking toplevel() on ptolemy.moml.MoMLSimpleApplication@6453c16b
----------------- Done invoking toplevel() on ptolemy.moml.MoMLSimpleApplication@6453c16b
reloadAllAccessors: .SRinContinuous

===========================================================================================
----------------- testing Wed Jun 27 01:27:33 UTC 2018 /home/travis/build/icyphy/ptII/ptolemy/domains/continuous/test/auto/SampledClocks.xml
----------------- Instantiating /home/travis/build/icyphy/ptII/ptolemy/domains/continuous/test/auto/SampledClocks.xml
3 ms. Memory: 404480K Free: 301474K (75%)
----------------- Invoking toplevel() on ptolemy.moml.MoMLSimpleApplication@29cafe68
----------------- Done invoking toplevel() on ptolemy.moml.MoMLSimpleApplication@29cafe68
reloadAllAccessors: .SampledClocks

===========================================================================================
----------------- testing Wed Jun 27 01:27:33 UTC 2018 /home/travis/build/icyphy/ptII/ptolemy/domains/continuous/test/auto/Satellite.xml
----------------- Instantiating /home/travis/build/icyphy/ptII/ptolemy/domains/continuous/test/auto/Satellite.xml
778 ms. Memory: 404480K Free: 110618K (27%)
----------------- Invoking toplevel() on ptolemy.moml.MoMLSimpleApplication@6384894a
----------------- Done invoking toplevel() on ptolemy.moml.MoMLSimpleApplication@6384894a
reloadAllAccessors: .Satellite

===========================================================================================
----------------- testing Wed Jun 27 01:27:34 UTC 2018 /home/travis/build/icyphy/ptII/ptolemy/domains/continuous/test/auto/SigmaDelta.xml
----------------- Instantiating /home/travis/build/icyphy/ptII/ptolemy/domains/continuous/test/auto/SigmaDelta.xml
2107 ms. Memory: 483328K Free: 127729K (26%)
----------------- Invoking toplevel() on ptolemy.moml.MoMLSimpleApplication@27cd18fe
----------------- Done invoking toplevel() on ptolemy.moml.MoMLSimpleApplication@27cd18fe
reloadAllAccessors: .SigmaDelta

===========================================================================================
----------------- testing Wed Jun 27 01:27:36 UTC 2018 /home/travis/build/icyphy/ptII/ptolemy/domains/continuous/test/auto/SinuBouncingBall.xml
----------------- Instantiating /home/travis/build/icyphy/ptII/ptolemy/domains/continuous/test/auto/SinuBouncingBall.xml
664 ms. Memory: 578048K Free: 390677K (68%)
----------------- Invoking toplevel() on ptolemy.moml.MoMLSimpleApplication@4b0928ae
----------------- Done invoking toplevel() on ptolemy.moml.MoMLSimpleApplication@4b0928ae
reloadAllAccessors: .SinuBouncingBall

===========================================================================================
----------------- testing Wed Jun 27 01:27:37 UTC 2018 /home/travis/build/icyphy/ptII/ptolemy/domains/continuous/test/auto/Sinusoid.xml
----------------- Instantiating /home/travis/build/icyphy/ptII/ptolemy/domains/continuous/test/auto/Sinusoid.xml
5 ms. Memory: 578048K Free: 381001K (66%)
----------------- Invoking toplevel() on ptolemy.moml.MoMLSimpleApplication@62c4433
----------------- Done invoking toplevel() on ptolemy.moml.MoMLSimpleApplication@62c4433
reloadAllAccessors: .Sinusoid

===========================================================================================
----------------- testing Wed Jun 27 01:27:37 UTC 2018 /home/travis/build/icyphy/ptII/ptolemy/domains/continuous/test/auto/SinusoidInNoise.xml
----------------- Instantiating /home/travis/build/icyphy/ptII/ptolemy/domains/continuous/test/auto/SinusoidInNoise.xml
837 ms. Memory: 578048K Free: 175422K (30%)
----------------- Invoking toplevel() on ptolemy.moml.MoMLSimpleApplication@305088b2
----------------- Done invoking toplevel() on ptolemy.moml.MoMLSimpleApplication@305088b2
reloadAllAccessors: .SinusoidInNoise

===========================================================================================
----------------- testing Wed Jun 27 01:27:38 UTC 2018 /home/travis/build/icyphy/ptII/ptolemy/domains/continuous/test/auto/SinusoidRK45.xml
----------------- Instantiating /home/travis/build/icyphy/ptII/ptolemy/domains/continuous/test/auto/SinusoidRK45.xml
2 ms. Memory: 578048K Free: 167916K (29%)
----------------- Invoking toplevel() on ptolemy.moml.MoMLSimpleApplication@15844ce1
----------------- Done invoking toplevel() on ptolemy.moml.MoMLSimpleApplication@15844ce1
reloadAllAccessors: .SinusoidRK45

===========================================================================================
----------------- testing Wed Jun 27 01:27:38 UTC 2018 /home/travis/build/icyphy/ptII/ptolemy/domains/continuous/test/auto/SinusoidWithMultipleImpulses.xml
----------------- Instantiating /home/travis/build/icyphy/ptII/ptolemy/domains/continuous/test/auto/SinusoidWithMultipleImpulses.xml
4 ms. Memory: 578048K Free: 160410K (28%)
----------------- Invoking toplevel() on ptolemy.moml.MoMLSimpleApplication@55227952
----------------- Done invoking toplevel() on ptolemy.moml.MoMLSimpleApplication@55227952
reloadAllAccessors: .SinusoidWithMultipleImpulses

===========================================================================================
----------------- testing Wed Jun 27 01:27:38 UTC 2018 /home/travis/build/icyphy/ptII/ptolemy/domains/continuous/test/auto/SquareWave.xml
----------------- Instantiating /home/travis/build/icyphy/ptII/ptolemy/domains/continuous/test/auto/SquareWave.xml
150 ms. Memory: 578048K Free: 129683K (22%)
----------------- Invoking toplevel() on ptolemy.moml.MoMLSimpleApplication@622d213c
----------------- Done invoking toplevel() on ptolemy.moml.MoMLSimpleApplication@622d213c
reloadAllAccessors: .SquareWave

===========================================================================================
----------------- testing Wed Jun 27 01:27:38 UTC 2018 /home/travis/build/icyphy/ptII/ptolemy/domains/continuous/test/auto/Starmac.xml
----------------- Instantiating /home/travis/build/icyphy/ptII/ptolemy/domains/continuous/test/auto/Starmac.xml
3062 ms. Memory: 703488K Free: 367654K (52%)
----------------- Invoking toplevel() on ptolemy.moml.MoMLSimpleApplication@3849b932
----------------- Done invoking toplevel() on ptolemy.moml.MoMLSimpleApplication@3849b932
reloadAllAccessors: .Starmac

===========================================================================================
----------------- testing Wed Jun 27 01:27:42 UTC 2018 /home/travis/build/icyphy/ptII/ptolemy/domains/continuous/test/auto/StaticUnits.xml
----------------- Instantiating /home/travis/build/icyphy/ptII/ptolemy/domains/continuous/test/auto/StaticUnits.xml
2208 ms. Memory: 677376K Free: 462467K (68%)
----------------- Invoking toplevel() on ptolemy.moml.MoMLSimpleApplication@692117a9
----------------- Done invoking toplevel() on ptolemy.moml.MoMLSimpleApplication@692117a9
reloadAllAccessors: .StaticUnits

===========================================================================================
----------------- testing Wed Jun 27 01:27:44 UTC 2018 /home/travis/build/icyphy/ptII/ptolemy/domains/continuous/test/auto/StickyMasses.xml
----------------- Instantiating /home/travis/build/icyphy/ptII/ptolemy/domains/continuous/test/auto/StickyMasses.xml
122 ms. Memory: 677376K Free: 399676K (59%)
----------------- Invoking toplevel() on ptolemy.moml.MoMLSimpleApplication@77acbdd0
----------------- Done invoking toplevel() on ptolemy.moml.MoMLSimpleApplication@77acbdd0
reloadAllAccessors: .StickyMasses

===========================================================================================
----------------- testing Wed Jun 27 01:27:44 UTC 2018 /home/travis/build/icyphy/ptII/ptolemy/domains/continuous/test/auto/StopTime.xml
----------------- Instantiating /home/travis/build/icyphy/ptII/ptolemy/domains/continuous/test/auto/StopTime.xml
35 ms. Memory: 677376K Free: 371231K (55%)
----------------- Invoking toplevel() on ptolemy.moml.MoMLSimpleApplication@44ef1af6
----------------- Done invoking toplevel() on ptolemy.moml.MoMLSimpleApplication@44ef1af6
reloadAllAccessors: .StopTime

===========================================================================================
----------------- testing Wed Jun 27 01:27:44 UTC 2018 /home/travis/build/icyphy/ptII/ptolemy/domains/continuous/test/auto/StopTime2.xml
----------------- Instantiating /home/travis/build/icyphy/ptII/ptolemy/domains/continuous/test/auto/StopTime2.xml
32 ms. Memory: 677376K Free: 342727K (51%)
----------------- Invoking toplevel() on ptolemy.moml.MoMLSimpleApplication@74aaebca
----------------- Done invoking toplevel() on ptolemy.moml.MoMLSimpleApplication@74aaebca
reloadAllAccessors: .StopTime2

===========================================================================================
----------------- testing Wed Jun 27 01:27:45 UTC 2018 /home/travis/build/icyphy/ptII/ptolemy/domains/continuous/test/auto/Switch.xml
----------------- Instantiating /home/travis/build/icyphy/ptII/ptolemy/domains/continuous/test/auto/Switch.xml
34 ms. Memory: 677376K Free: 314256K (46%)
----------------- Invoking toplevel() on ptolemy.moml.MoMLSimpleApplication@14c5c7c2
----------------- Done invoking toplevel() on ptolemy.moml.MoMLSimpleApplication@14c5c7c2
reloadAllAccessors: .Switch

===========================================================================================
----------------- testing Wed Jun 27 01:27:45 UTC 2018 /home/travis/build/icyphy/ptII/ptolemy/domains/continuous/test/auto/Thermostat.xml
----------------- Instantiating /home/travis/build/icyphy/ptII/ptolemy/domains/continuous/test/auto/Thermostat.xml
159 ms. Memory: 677376K Free: 234555K (35%)
----------------- Invoking toplevel() on ptolemy.moml.MoMLSimpleApplication@66f6bd6
----------------- Done invoking toplevel() on ptolemy.moml.MoMLSimpleApplication@66f6bd6
reloadAllAccessors: .Thermostat

===========================================================================================
----------------- testing Wed Jun 27 01:27:45 UTC 2018 /home/travis/build/icyphy/ptII/ptolemy/domains/continuous/test/auto/TimeDelay.xml
----------------- Instantiating /home/travis/build/icyphy/ptII/ptolemy/domains/continuous/test/auto/TimeDelay.xml
5 ms. Memory: 677376K Free: 225711K (33%)
----------------- Invoking toplevel() on ptolemy.moml.MoMLSimpleApplication@e5e7ea
----------------- Done invoking toplevel() on ptolemy.moml.MoMLSimpleApplication@e5e7ea
reloadAllAccessors: .TimeDelay

===========================================================================================
----------------- testing Wed Jun 27 01:27:45 UTC 2018 /home/travis/build/icyphy/ptII/ptolemy/domains/continuous/test/auto/TimeDelay2.xml
----------------- Instantiating /home/travis/build/icyphy/ptII/ptolemy/domains/continuous/test/auto/TimeDelay2.xml
9 ms. Memory: 677376K Free: 213002K (31%)
----------------- Invoking toplevel() on ptolemy.moml.MoMLSimpleApplication@1dc95b33
----------------- Done invoking toplevel() on ptolemy.moml.MoMLSimpleApplication@1dc95b33
reloadAllAccessors: .TimeDelay2

===========================================================================================
----------------- testing Wed Jun 27 01:27:45 UTC 2018 /home/travis/build/icyphy/ptII/ptolemy/domains/continuous/test/auto/TimeDelay3.xml
----------------- Instantiating /home/travis/build/icyphy/ptII/ptolemy/domains/continuous/test/auto/TimeDelay3.xml
8 ms. Memory: 677376K Free: 204157K (30%)
----------------- Invoking toplevel() on ptolemy.moml.MoMLSimpleApplication@205c6513
----------------- Done invoking toplevel() on ptolemy.moml.MoMLSimpleApplication@205c6513
reloadAllAccessors: .TimeDelay3

===========================================================================================
----------------- testing Wed Jun 27 01:27:45 UTC 2018 /home/travis/build/icyphy/ptII/ptolemy/domains/continuous/test/auto/TransferAbsentToInside.xml
----------------- Instantiating /home/travis/build/icyphy/ptII/ptolemy/domains/continuous/test/auto/TransferAbsentToInside.xml
28 ms. Memory: 677376K Free: 144156K (21%)
----------------- Invoking toplevel() on ptolemy.moml.MoMLSimpleApplication@59693607
----------------- Done invoking toplevel() on ptolemy.moml.MoMLSimpleApplication@59693607
reloadAllAccessors: .TransferAbsentToInside

===========================================================================================
----------------- testing Wed Jun 27 01:27:45 UTC 2018 /home/travis/build/icyphy/ptII/ptolemy/domains/continuous/test/auto/Transmission.xml
----------------- Instantiating /home/travis/build/icyphy/ptII/ptolemy/domains/continuous/test/auto/Transmission.xml
710 ms. Memory: 644096K Free: 460442K (71%)
----------------- Invoking toplevel() on ptolemy.moml.MoMLSimpleApplication@27bb1e68
----------------- Done invoking toplevel() on ptolemy.moml.MoMLSimpleApplication@27bb1e68
reloadAllAccessors: .Transmission

===========================================================================================
----------------- testing Wed Jun 27 01:27:46 UTC 2018 /home/travis/build/icyphy/ptII/ptolemy/domains/continuous/test/auto/TriggeredContinuousClock.xml
----------------- Instantiating /home/travis/build/icyphy/ptII/ptolemy/domains/continuous/test/auto/TriggeredContinuousClock.xml
37 ms. Memory: 644096K Free: 423618K (66%)
----------------- Invoking toplevel() on ptolemy.moml.MoMLSimpleApplication@44719650
----------------- Done invoking toplevel() on ptolemy.moml.MoMLSimpleApplication@44719650
reloadAllAccessors: .TriggeredContinuousClock

===========================================================================================
----------------- testing Wed Jun 27 01:27:46 UTC 2018 /home/travis/build/icyphy/ptII/ptolemy/domains/continuous/test/auto/TwoMachineInfiniteBusControl.xml
----------------- Instantiating /home/travis/build/icyphy/ptII/ptolemy/domains/continuous/test/auto/TwoMachineInfiniteBusControl.xml
2689 ms. Memory: 625152K Free: 362138K (58%)
----------------- Invoking toplevel() on ptolemy.moml.MoMLSimpleApplication@62b668e2
----------------- Done invoking toplevel() on ptolemy.moml.MoMLSimpleApplication@62b668e2
reloadAllAccessors: .TwoMachineInfiniteBusControl

===========================================================================================
----------------- testing Wed Jun 27 01:27:49 UTC 2018 /home/travis/build/icyphy/ptII/ptolemy/domains/continuous/test/auto/V2V.xml
----------------- Instantiating /home/travis/build/icyphy/ptII/ptolemy/domains/continuous/test/auto/V2V.xml
704 ms. Memory: 625152K Free: 163276K (26%)
----------------- Invoking toplevel() on ptolemy.moml.MoMLSimpleApplication@174d7072
----------------- Done invoking toplevel() on ptolemy.moml.MoMLSimpleApplication@174d7072
reloadAllAccessors: .V2V

===========================================================================================
----------------- testing Wed Jun 27 01:27:49 UTC 2018 /home/travis/build/icyphy/ptII/ptolemy/domains/continuous/test/auto/hierarchicalModalModel.xml
----------------- Instantiating /home/travis/build/icyphy/ptII/ptolemy/domains/continuous/test/auto/hierarchicalModalModel.xml
9 ms. Memory: 625152K Free: 143601K (23%)
----------------- Invoking toplevel() on ptolemy.moml.MoMLSimpleApplication@7bc2134a
----------------- Done invoking toplevel() on ptolemy.moml.MoMLSimpleApplication@7bc2134a
reloadAllAccessors: .hierarchicalModalModel

===========================================================================================
----------------- testing Wed Jun 27 01:27:49 UTC 2018 /home/travis/build/icyphy/ptII/ptolemy/domains/continuous/test/auto/hierarchicalModalModel1.xml
----------------- Instantiating /home/travis/build/icyphy/ptII/ptolemy/domains/continuous/test/auto/hierarchicalModalModel1.xml
9 ms. Memory: 625152K Free: 123836K (20%)
----------------- Invoking toplevel() on ptolemy.moml.MoMLSimpleApplication@4c84e4fb
----------------- Done invoking toplevel() on ptolemy.moml.MoMLSimpleApplication@4c84e4fb
reloadAllAccessors: .hierarchicalModalModel1

===========================================================================================
----------------- testing Wed Jun 27 01:27:49 UTC 2018 /home/travis/build/icyphy/ptII/ptolemy/domains/continuous/test/auto/hierarchicalModalModel2.xml
----------------- Instantiating /home/travis/build/icyphy/ptII/ptolemy/domains/continuous/test/auto/hierarchicalModalModel2.xml
9 ms. Memory: 625152K Free: 109506K (18%)
----------------- Invoking toplevel() on ptolemy.moml.MoMLSimpleApplication@702380d3
----------------- Done invoking toplevel() on ptolemy.moml.MoMLSimpleApplication@702380d3
reloadAllAccessors: .hierarchicalModalModel2

===========================================================================================
----------------- testing Wed Jun 27 01:27:50 UTC 2018 /home/travis/build/icyphy/ptII/ptolemy/domains/continuous/test/auto/hierarchicalModalModel3.xml
----------------- Instantiating /home/travis/build/icyphy/ptII/ptolemy/domains/continuous/test/auto/hierarchicalModalModel3.xml
13 ms. Memory: 625152K Free: 95112K (15%)
----------------- Invoking toplevel() on ptolemy.moml.MoMLSimpleApplication@78117022
----------------- Done invoking toplevel() on ptolemy.moml.MoMLSimpleApplication@78117022
reloadAllAccessors: .hierarchicalModalModel3

===========================================================================================
----------------- testing Wed Jun 27 01:27:50 UTC 2018 /home/travis/build/icyphy/ptII/ptolemy/domains/continuous/test/auto/hierarchicalModalModel4.xml
----------------- Instantiating /home/travis/build/icyphy/ptII/ptolemy/domains/continuous/test/auto/hierarchicalModalModel4.xml
5 ms. Memory: 625152K Free: 80785K (13%)
----------------- Invoking toplevel() on ptolemy.moml.MoMLSimpleApplication@71a88009
----------------- Done invoking toplevel() on ptolemy.moml.MoMLSimpleApplication@71a88009
reloadAllAccessors: .hierarchicalModalModel4

===========================================================================================
----------------- testing Wed Jun 27 01:27:50 UTC 2018 /home/travis/build/icyphy/ptII/ptolemy/domains/continuous/test/auto/junk.xml
----------------- Instantiating /home/travis/build/icyphy/ptII/ptolemy/domains/continuous/test/auto/junk.xml
131 ms. Memory: 625152K Free: 47662K (8%)
----------------- Invoking toplevel() on ptolemy.moml.MoMLSimpleApplication@43d13167
----------------- Done invoking toplevel() on ptolemy.moml.MoMLSimpleApplication@43d13167
reloadAllAccessors: .junk
AutoTests.java: About to close Vertx.
AutoTests.java: Vertx closed.
]]></system-out>
  <system-err><![CDATA[Warning: '.Poisson.NonStrictTest' The test produced only 390 tokens, yet the correctValues parameter was expecting 430 tokens.
]]></system-err>
</testsuite>
