<?xml version="1.0" encoding="UTF-8" ?>
<testsuite errors="0" failures="0" hostname="travis-job-f51f6e2a-e390-46d6-a915-386a291abf56" name="ptolemy.actor.lib.hoc.test.junit.JUnitTclTest" skipped="0" tests="58" time="31.913" timestamp="2020-03-13T07:14:44">
  <properties>
[...]
</properties>
  <testcase classname="ptolemy.util.test.junit.TclTests" name="[0] /home/travis/build/icyphy/ptII/ptolemy/actor/lib/hoc/test/IterateOverArray.tcl (RunTclFile)" time="0.323" />
  <testcase classname="ptolemy.util.test.junit.AutoKnownFailedTests" name="[0] /home/travis/build/icyphy/ptII/ptolemy/actor/lib/hoc/test/auto/knownFailedTests/PreinitializeMustBeInvokedRunComposite.xml (RunModel)" time="0.428" />
  <testcase classname="ptolemy.util.test.junit.AutoNameArchTests" name="[0] ThereAreNoAutoArchTests (RunModel)" time="0.006" />
  <testcase classname="ptolemy.util.test.junit.AutoTests" name="[0] /home/travis/build/icyphy/ptII/ptolemy/actor/lib/hoc/test/auto/AllToAllMultiInstanceComposite.xml (RunModel)" time="0.483" />
  <testcase classname="ptolemy.util.test.junit.AutoTests" name="[1] /home/travis/build/icyphy/ptII/ptolemy/actor/lib/hoc/test/auto/ApplyFFTTest.xml (RunModel)" time="0.275" />
  <testcase classname="ptolemy.util.test.junit.AutoTests" name="[2] /home/travis/build/icyphy/ptII/ptolemy/actor/lib/hoc/test/auto/ApplyFunction.xml (RunModel)" time="0.026" />
  <testcase classname="ptolemy.util.test.junit.AutoTests" name="[3] /home/travis/build/icyphy/ptII/ptolemy/actor/lib/hoc/test/auto/BackgroundExecution.xml (RunModel)" time="0.709" />
  <testcase classname="ptolemy.util.test.junit.AutoTests" name="[4] /home/travis/build/icyphy/ptII/ptolemy/actor/lib/hoc/test/auto/Case.xml (RunModel)" time="0.062" />
  <testcase classname="ptolemy.util.test.junit.AutoTests" name="[5] /home/travis/build/icyphy/ptII/ptolemy/actor/lib/hoc/test/auto/Case1.xml (RunModel)" time="0.034" />
  <testcase classname="ptolemy.util.test.junit.AutoTests" name="[6] /home/travis/build/icyphy/ptII/ptolemy/actor/lib/hoc/test/auto/Case2.xml (RunModel)" time="0.091" />
  <testcase classname="ptolemy.util.test.junit.AutoTests" name="[7] /home/travis/build/icyphy/ptII/ptolemy/actor/lib/hoc/test/auto/Case3.xml (RunModel)" time="0.041" />
  <testcase classname="ptolemy.util.test.junit.AutoTests" name="[8] /home/travis/build/icyphy/ptII/ptolemy/actor/lib/hoc/test/auto/Case4.xml (RunModel)" time="0.063" />
  <testcase classname="ptolemy.util.test.junit.AutoTests" name="[9] /home/travis/build/icyphy/ptII/ptolemy/actor/lib/hoc/test/auto/Case5.xml (RunModel)" time="0.082" />
  <testcase classname="ptolemy.util.test.junit.AutoTests" name="[10] /home/travis/build/icyphy/ptII/ptolemy/actor/lib/hoc/test/auto/Case6.xml (RunModel)" time="0.118" />
  <testcase classname="ptolemy.util.test.junit.AutoTests" name="[11] /home/travis/build/icyphy/ptII/ptolemy/actor/lib/hoc/test/auto/CaseString2.xml (RunModel)" time="0.061" />
  <testcase classname="ptolemy.util.test.junit.AutoTests" name="[12] /home/travis/build/icyphy/ptII/ptolemy/actor/lib/hoc/test/auto/CatchUpComposite1.xml (RunModel)" time="0.091" />
  <testcase classname="ptolemy.util.test.junit.AutoTests" name="[13] /home/travis/build/icyphy/ptII/ptolemy/actor/lib/hoc/test/auto/CatchUpComposite2.xml (RunModel)" time="0.069" />
  <testcase classname="ptolemy.util.test.junit.AutoTests" name="[14] /home/travis/build/icyphy/ptII/ptolemy/actor/lib/hoc/test/auto/CatchUpComposite3.xml (RunModel)" time="0.073" />
  <testcase classname="ptolemy.util.test.junit.AutoTests" name="[15] /home/travis/build/icyphy/ptII/ptolemy/actor/lib/hoc/test/auto/CatchUpComposite4.xml (RunModel)" time="0.057" />
  <testcase classname="ptolemy.util.test.junit.AutoTests" name="[16] /home/travis/build/icyphy/ptII/ptolemy/actor/lib/hoc/test/auto/CatchUpComposite5.xml (RunModel)" time="0.043" />
  <testcase classname="ptolemy.util.test.junit.AutoTests" name="[17] /home/travis/build/icyphy/ptII/ptolemy/actor/lib/hoc/test/auto/CatchUpComposite6.xml (RunModel)" time="0.12" />
  <testcase classname="ptolemy.util.test.junit.AutoTests" name="[18] /home/travis/build/icyphy/ptII/ptolemy/actor/lib/hoc/test/auto/CatchUpComposite7.xml (RunModel)" time="0.104" />
  <testcase classname="ptolemy.util.test.junit.AutoTests" name="[19] /home/travis/build/icyphy/ptII/ptolemy/actor/lib/hoc/test/auto/ConcurrentExecutionTimeSDF.xml (RunModel)" time="1.104" />
  <testcase classname="ptolemy.util.test.junit.AutoTests" name="[20] /home/travis/build/icyphy/ptII/ptolemy/actor/lib/hoc/test/auto/ConcurrentSleep.xml (RunModel)" time="0.784" />
  <testcase classname="ptolemy.util.test.junit.AutoTests" name="[21] /home/travis/build/icyphy/ptII/ptolemy/actor/lib/hoc/test/auto/DEInPNInRunCompositeActor.xml (RunModel)" time="0.032" />
  <testcase classname="ptolemy.util.test.junit.AutoTests" name="[22] /home/travis/build/icyphy/ptII/ptolemy/actor/lib/hoc/test/auto/DFTSubSetTest.xml (RunModel)" time="0.276" />
  <testcase classname="ptolemy.util.test.junit.AutoTests" name="[23] /home/travis/build/icyphy/ptII/ptolemy/actor/lib/hoc/test/auto/HocDE.xml (RunModel)" time="0.179" />
  <testcase classname="ptolemy.util.test.junit.AutoTests" name="[24] /home/travis/build/icyphy/ptII/ptolemy/actor/lib/hoc/test/auto/IterateOverArray.xml (RunModel)" time="0.032" />
  <testcase classname="ptolemy.util.test.junit.AutoTests" name="[25] /home/travis/build/icyphy/ptII/ptolemy/actor/lib/hoc/test/auto/IterateOverArray10.xml (RunModel)" time="0.023" />
  <testcase classname="ptolemy.util.test.junit.AutoTests" name="[26] /home/travis/build/icyphy/ptII/ptolemy/actor/lib/hoc/test/auto/IterateOverArray11.xml (RunModel)" time="0.022" />
  <testcase classname="ptolemy.util.test.junit.AutoTests" name="[27] /home/travis/build/icyphy/ptII/ptolemy/actor/lib/hoc/test/auto/IterateOverArray12.xml (RunModel)" time="0.039" />
  <testcase classname="ptolemy.util.test.junit.AutoTests" name="[28] /home/travis/build/icyphy/ptII/ptolemy/actor/lib/hoc/test/auto/IterateOverArray13.xml (RunModel)" time="0.152" />
  <testcase classname="ptolemy.util.test.junit.AutoTests" name="[29] /home/travis/build/icyphy/ptII/ptolemy/actor/lib/hoc/test/auto/IterateOverArray14.xml (RunModel)" time="0.142" />
  <testcase classname="ptolemy.util.test.junit.AutoTests" name="[30] /home/travis/build/icyphy/ptII/ptolemy/actor/lib/hoc/test/auto/IterateOverArray2.xml (RunModel)" time="0.027" />
  <testcase classname="ptolemy.util.test.junit.AutoTests" name="[31] /home/travis/build/icyphy/ptII/ptolemy/actor/lib/hoc/test/auto/IterateOverArray3.xml (RunModel)" time="0.039" />
  <testcase classname="ptolemy.util.test.junit.AutoTests" name="[32] /home/travis/build/icyphy/ptII/ptolemy/actor/lib/hoc/test/auto/IterateOverArray4.xml (RunModel)" time="0.029" />
  <testcase classname="ptolemy.util.test.junit.AutoTests" name="[33] /home/travis/build/icyphy/ptII/ptolemy/actor/lib/hoc/test/auto/IterateOverArray5.xml (RunModel)" time="0.025" />
  <testcase classname="ptolemy.util.test.junit.AutoTests" name="[34] /home/travis/build/icyphy/ptII/ptolemy/actor/lib/hoc/test/auto/IterateOverArray6.xml (RunModel)" time="0.021" />
  <testcase classname="ptolemy.util.test.junit.AutoTests" name="[35] /home/travis/build/icyphy/ptII/ptolemy/actor/lib/hoc/test/auto/IterateOverArray7.xml (RunModel)" time="0.021" />
  <testcase classname="ptolemy.util.test.junit.AutoTests" name="[36] /home/travis/build/icyphy/ptII/ptolemy/actor/lib/hoc/test/auto/IterateOverArray8.xml (RunModel)" time="0.02" />
  <testcase classname="ptolemy.util.test.junit.AutoTests" name="[37] /home/travis/build/icyphy/ptII/ptolemy/actor/lib/hoc/test/auto/IterateOverArray9.xml (RunModel)" time="0.024" />
  <testcase classname="ptolemy.util.test.junit.AutoTests" name="[38] /home/travis/build/icyphy/ptII/ptolemy/actor/lib/hoc/test/auto/IterateOverArrayCoercedOutputType.xml (RunModel)" time="0.034" />
  <testcase classname="ptolemy.util.test.junit.AutoTests" name="[39] /home/travis/build/icyphy/ptII/ptolemy/actor/lib/hoc/test/auto/IterateOverArrayInferredOutputType.xml (RunModel)" time="0.028" />
  <testcase classname="ptolemy.util.test.junit.AutoTests" name="[40] /home/travis/build/icyphy/ptII/ptolemy/actor/lib/hoc/test/auto/MobileFunctionTest.xml (RunModel)" time="0.028" />
  <testcase classname="ptolemy.util.test.junit.AutoTests" name="[41] /home/travis/build/icyphy/ptII/ptolemy/actor/lib/hoc/test/auto/MobileModelTest.xml (RunModel)" time="0.158" />
  <testcase classname="ptolemy.util.test.junit.AutoTests" name="[42] /home/travis/build/icyphy/ptII/ptolemy/actor/lib/hoc/test/auto/ModelReference.xml (RunModel)" time="0.05" />
  <testcase classname="ptolemy.util.test.junit.AutoTests" name="[43] /home/travis/build/icyphy/ptII/ptolemy/actor/lib/hoc/test/auto/ModelReference3.xml (RunModel)" time="0.05" />
  <testcase classname="ptolemy.util.test.junit.AutoTests" name="[44] /home/travis/build/icyphy/ptII/ptolemy/actor/lib/hoc/test/auto/ModelReference4.xml (RunModel)" time="10.025" />
  <testcase classname="ptolemy.util.test.junit.AutoTests" name="[45] /home/travis/build/icyphy/ptII/ptolemy/actor/lib/hoc/test/auto/MultiInstanceComposite.xml (RunModel)" time="0.057" />
  <testcase classname="ptolemy.util.test.junit.AutoTests" name="[46] /home/travis/build/icyphy/ptII/ptolemy/actor/lib/hoc/test/auto/MultiInstanceComposite2.xml (RunModel)" time="0.041" />
  <testcase classname="ptolemy.util.test.junit.AutoTests" name="[47] /home/travis/build/icyphy/ptII/ptolemy/actor/lib/hoc/test/auto/MulticoreExecution.xml (RunModel)" time="1.079" />
  <testcase classname="ptolemy.util.test.junit.AutoTests" name="[48] /home/travis/build/icyphy/ptII/ptolemy/actor/lib/hoc/test/auto/ParallelExecution.xml (RunModel)" time="0.955" />
  <testcase classname="ptolemy.util.test.junit.AutoTests" name="[49] /home/travis/build/icyphy/ptII/ptolemy/actor/lib/hoc/test/auto/RunCompositeActor.xml (RunModel)" time="0.019" />
  <testcase classname="ptolemy.util.test.junit.AutoTests" name="[50] /home/travis/build/icyphy/ptII/ptolemy/actor/lib/hoc/test/auto/RunCompositeActor2.xml (RunModel)" time="0.017" />
  <testcase classname="ptolemy.util.test.junit.AutoTests" name="[51] /home/travis/build/icyphy/ptII/ptolemy/actor/lib/hoc/test/auto/RunCompositeActor3.xml (RunModel)" time="0.017" />
  <testcase classname="ptolemy.util.test.junit.AutoTests" name="[52] /home/travis/build/icyphy/ptII/ptolemy/actor/lib/hoc/test/auto/RunCompositeActor4.xml (RunModel)" time="0.036" />
  <testcase classname="ptolemy.util.test.junit.AutoTests" name="[53] /home/travis/build/icyphy/ptII/ptolemy/actor/lib/hoc/test/auto/RunCompositeIterateOverArray.xml (RunModel)" time="0.036" />
  <testcase classname="ptolemy.util.test.junit.AutoTests" name="[54] /home/travis/build/icyphy/ptII/ptolemy/actor/lib/hoc/test/auto/ThreadedJS.xml (RunModel)" time="12.283" />
  <system-out><![CDATA[/home/travis/build/icyphy/ptII/ptolemy/actor/lib/hoc/test/IterateOverArray.tcl
testDefs.tcl: setting time out to 9000 seconds at Fri Mar 13 07:14:44 UTC 2020
03/13/20 07:14:44
Failed: 0  Total Tests: 2  ((Passed: 2, Newly Passed: 0)  Known Failed: 0) /home/travis/build/icyphy/ptII/ptolemy/actor/lib/hoc/test
----------------- testing (KnownFailure) /home/travis/build/icyphy/ptII/ptolemy/actor/lib/hoc/test/auto/knownFailedTests/PreinitializeMustBeInvokedRunComposite.xml
94 ms. Memory: 129024K Free: 86470K (67%)
Known Failure: java.lang.reflect.InvocationTargetException
No auto/linux-amd64/*.xml tests in /home/travis/build/icyphy/ptII/ptolemy/actor/lib/hoc/test
AutoTests.java: About to close Vertx.
AutoTests.java: Vertx closed.

===========================================================================================
----------------- testing Fri Mar 13 07:14:45 UTC 2020 /home/travis/build/icyphy/ptII/ptolemy/actor/lib/hoc/test/auto/AllToAllMultiInstanceComposite.xml
----------------- Instantiating /home/travis/build/icyphy/ptII/ptolemy/actor/lib/hoc/test/auto/AllToAllMultiInstanceComposite.xml
272 ms. Memory: 129024K Free: 108671K (84%)
----------------- Invoking toplevel() on ptolemy.moml.MoMLSimpleApplication@716a4649
----------------- Done invoking toplevel() on ptolemy.moml.MoMLSimpleApplication@716a4649
reloadAllAccessors: .AllToAllMultiInstanceComposite

===========================================================================================
----------------- testing Fri Mar 13 07:14:45 UTC 2020 /home/travis/build/icyphy/ptII/ptolemy/actor/lib/hoc/test/auto/ApplyFFTTest.xml
----------------- Instantiating /home/travis/build/icyphy/ptII/ptolemy/actor/lib/hoc/test/auto/ApplyFFTTest.xml
98 ms. Memory: 129024K Free: 89958K (70%)
----------------- Invoking toplevel() on ptolemy.moml.MoMLSimpleApplication@2170fd59
----------------- Done invoking toplevel() on ptolemy.moml.MoMLSimpleApplication@2170fd59
reloadAllAccessors: .ApplyFFTTest

===========================================================================================
----------------- testing Fri Mar 13 07:14:46 UTC 2020 /home/travis/build/icyphy/ptII/ptolemy/actor/lib/hoc/test/auto/ApplyFunction.xml
----------------- Instantiating /home/travis/build/icyphy/ptII/ptolemy/actor/lib/hoc/test/auto/ApplyFunction.xml
5 ms. Memory: 129024K Free: 86871K (67%)
----------------- Invoking toplevel() on ptolemy.moml.MoMLSimpleApplication@3a2e2911
----------------- Done invoking toplevel() on ptolemy.moml.MoMLSimpleApplication@3a2e2911
reloadAllAccessors: .ApplyFunction

===========================================================================================
----------------- testing Fri Mar 13 07:14:46 UTC 2020 /home/travis/build/icyphy/ptII/ptolemy/actor/lib/hoc/test/auto/BackgroundExecution.xml
----------------- Instantiating /home/travis/build/icyphy/ptII/ptolemy/actor/lib/hoc/test/auto/BackgroundExecution.xml
621 ms. Memory: 129024K Free: 111534K (86%)
----------------- Invoking toplevel() on ptolemy.moml.MoMLSimpleApplication@3ecd718
----------------- Done invoking toplevel() on ptolemy.moml.MoMLSimpleApplication@3ecd718
reloadAllAccessors: .BackgroundExecution

===========================================================================================
----------------- testing Fri Mar 13 07:14:46 UTC 2020 /home/travis/build/icyphy/ptII/ptolemy/actor/lib/hoc/test/auto/Case.xml
----------------- Instantiating /home/travis/build/icyphy/ptII/ptolemy/actor/lib/hoc/test/auto/Case.xml
17 ms. Memory: 129024K Free: 104131K (81%)
----------------- Invoking toplevel() on ptolemy.moml.MoMLSimpleApplication@3133307a
----------------- Done invoking toplevel() on ptolemy.moml.MoMLSimpleApplication@3133307a
reloadAllAccessors: .Case

===========================================================================================
----------------- testing Fri Mar 13 07:14:46 UTC 2020 /home/travis/build/icyphy/ptII/ptolemy/actor/lib/hoc/test/auto/Case1.xml
----------------- Instantiating /home/travis/build/icyphy/ptII/ptolemy/actor/lib/hoc/test/auto/Case1.xml
9 ms. Memory: 129024K Free: 97758K (76%)
----------------- Invoking toplevel() on ptolemy.moml.MoMLSimpleApplication@59d1238
----------------- Done invoking toplevel() on ptolemy.moml.MoMLSimpleApplication@59d1238
reloadAllAccessors: .Case1

===========================================================================================
----------------- testing Fri Mar 13 07:14:46 UTC 2020 /home/travis/build/icyphy/ptII/ptolemy/actor/lib/hoc/test/auto/Case2.xml
----------------- Instantiating /home/travis/build/icyphy/ptII/ptolemy/actor/lib/hoc/test/auto/Case2.xml
42 ms. Memory: 129024K Free: 87587K (68%)
----------------- Invoking toplevel() on ptolemy.moml.MoMLSimpleApplication@55cc8498
----------------- Done invoking toplevel() on ptolemy.moml.MoMLSimpleApplication@55cc8498
reloadAllAccessors: .Case2

===========================================================================================
----------------- testing Fri Mar 13 07:14:47 UTC 2020 /home/travis/build/icyphy/ptII/ptolemy/actor/lib/hoc/test/auto/Case3.xml
----------------- Instantiating /home/travis/build/icyphy/ptII/ptolemy/actor/lib/hoc/test/auto/Case3.xml
8 ms. Memory: 129024K Free: 81813K (63%)
----------------- Invoking toplevel() on ptolemy.moml.MoMLSimpleApplication@b1e64fe
----------------- Done invoking toplevel() on ptolemy.moml.MoMLSimpleApplication@b1e64fe
reloadAllAccessors: .Case3

===========================================================================================
----------------- testing Fri Mar 13 07:14:47 UTC 2020 /home/travis/build/icyphy/ptII/ptolemy/actor/lib/hoc/test/auto/Case4.xml
----------------- Instantiating /home/travis/build/icyphy/ptII/ptolemy/actor/lib/hoc/test/auto/Case4.xml
22 ms. Memory: 129024K Free: 74235K (58%)
----------------- Invoking toplevel() on ptolemy.moml.MoMLSimpleApplication@2e6b5bd4
----------------- Done invoking toplevel() on ptolemy.moml.MoMLSimpleApplication@2e6b5bd4
reloadAllAccessors: .Case4

===========================================================================================
----------------- testing Fri Mar 13 07:14:47 UTC 2020 /home/travis/build/icyphy/ptII/ptolemy/actor/lib/hoc/test/auto/Case5.xml
----------------- Instantiating /home/travis/build/icyphy/ptII/ptolemy/actor/lib/hoc/test/auto/Case5.xml
47 ms. Memory: 155648K Free: 134669K (87%)
----------------- Invoking toplevel() on ptolemy.moml.MoMLSimpleApplication@4b587a9e
----------------- Done invoking toplevel() on ptolemy.moml.MoMLSimpleApplication@4b587a9e
reloadAllAccessors: .junk

===========================================================================================
----------------- testing Fri Mar 13 07:14:47 UTC 2020 /home/travis/build/icyphy/ptII/ptolemy/actor/lib/hoc/test/auto/Case6.xml
----------------- Instantiating /home/travis/build/icyphy/ptII/ptolemy/actor/lib/hoc/test/auto/Case6.xml
49 ms. Memory: 155648K Free: 122736K (79%)
----------------- Invoking toplevel() on ptolemy.moml.MoMLSimpleApplication@7a820af4
----------------- Done invoking toplevel() on ptolemy.moml.MoMLSimpleApplication@7a820af4
reloadAllAccessors: .Case6

===========================================================================================
----------------- testing Fri Mar 13 07:14:47 UTC 2020 /home/travis/build/icyphy/ptII/ptolemy/actor/lib/hoc/test/auto/CaseString2.xml
----------------- Instantiating /home/travis/build/icyphy/ptII/ptolemy/actor/lib/hoc/test/auto/CaseString2.xml
22 ms. Memory: 155648K Free: 115213K (74%)
----------------- Invoking toplevel() on ptolemy.moml.MoMLSimpleApplication@ba039ee
----------------- Done invoking toplevel() on ptolemy.moml.MoMLSimpleApplication@ba039ee
reloadAllAccessors: .CaseString2

===========================================================================================
----------------- testing Fri Mar 13 07:14:47 UTC 2020 /home/travis/build/icyphy/ptII/ptolemy/actor/lib/hoc/test/auto/CatchUpComposite1.xml
----------------- Instantiating /home/travis/build/icyphy/ptII/ptolemy/actor/lib/hoc/test/auto/CatchUpComposite1.xml
30 ms. Memory: 155648K Free: 106352K (68%)
----------------- Invoking toplevel() on ptolemy.moml.MoMLSimpleApplication@1f96c3bb
----------------- Done invoking toplevel() on ptolemy.moml.MoMLSimpleApplication@1f96c3bb
reloadAllAccessors: .CatchUpComposite1

===========================================================================================
----------------- testing Fri Mar 13 07:14:47 UTC 2020 /home/travis/build/icyphy/ptII/ptolemy/actor/lib/hoc/test/auto/CatchUpComposite2.xml
----------------- Instantiating /home/travis/build/icyphy/ptII/ptolemy/actor/lib/hoc/test/auto/CatchUpComposite2.xml
11 ms. Memory: 155648K Free: 98138K (63%)
----------------- Invoking toplevel() on ptolemy.moml.MoMLSimpleApplication@52c0db0a
----------------- Done invoking toplevel() on ptolemy.moml.MoMLSimpleApplication@52c0db0a
reloadAllAccessors: .CatchUpComposite2

===========================================================================================
----------------- testing Fri Mar 13 07:14:47 UTC 2020 /home/travis/build/icyphy/ptII/ptolemy/actor/lib/hoc/test/auto/CatchUpComposite3.xml
----------------- Instantiating /home/travis/build/icyphy/ptII/ptolemy/actor/lib/hoc/test/auto/CatchUpComposite3.xml
36 ms. Memory: 155648K Free: 139323K (90%)
----------------- Invoking toplevel() on ptolemy.moml.MoMLSimpleApplication@6415cfac
----------------- Done invoking toplevel() on ptolemy.moml.MoMLSimpleApplication@6415cfac
reloadAllAccessors: .CatchUpComposite3

===========================================================================================
----------------- testing Fri Mar 13 07:14:47 UTC 2020 /home/travis/build/icyphy/ptII/ptolemy/actor/lib/hoc/test/auto/CatchUpComposite4.xml
----------------- Instantiating /home/travis/build/icyphy/ptII/ptolemy/actor/lib/hoc/test/auto/CatchUpComposite4.xml
15 ms. Memory: 155648K Free: 131418K (84%)
----------------- Invoking toplevel() on ptolemy.moml.MoMLSimpleApplication@754f793f
----------------- Done invoking toplevel() on ptolemy.moml.MoMLSimpleApplication@754f793f
reloadAllAccessors: .CatchUpComposite4

===========================================================================================
----------------- testing Fri Mar 13 07:14:47 UTC 2020 /home/travis/build/icyphy/ptII/ptolemy/actor/lib/hoc/test/auto/CatchUpComposite5.xml
----------------- Instantiating /home/travis/build/icyphy/ptII/ptolemy/actor/lib/hoc/test/auto/CatchUpComposite5.xml
12 ms. Memory: 155648K Free: 123969K (80%)
----------------- Invoking toplevel() on ptolemy.moml.MoMLSimpleApplication@305325a
----------------- Done invoking toplevel() on ptolemy.moml.MoMLSimpleApplication@305325a
reloadAllAccessors: .CatchUpComposite5

===========================================================================================
----------------- testing Fri Mar 13 07:14:47 UTC 2020 /home/travis/build/icyphy/ptII/ptolemy/actor/lib/hoc/test/auto/CatchUpComposite6.xml
----------------- Instantiating /home/travis/build/icyphy/ptII/ptolemy/actor/lib/hoc/test/auto/CatchUpComposite6.xml
WARNING: The execution aspects in this model can influence the timing of actors by delaying the 
execution, potentially changing the behavior. There is no guarantee that actors fire at the 
time they request to be fired. 
Use Ptides for deterministic DE behavior that is not influenced by execution aspects. 

55 ms. Memory: 155648K Free: 109532K (70%)
----------------- Invoking toplevel() on ptolemy.moml.MoMLSimpleApplication@20e605e
----------------- Done invoking toplevel() on ptolemy.moml.MoMLSimpleApplication@20e605e
reloadAllAccessors: .CatchUpComposite6

===========================================================================================
----------------- testing Fri Mar 13 07:14:47 UTC 2020 /home/travis/build/icyphy/ptII/ptolemy/actor/lib/hoc/test/auto/CatchUpComposite7.xml
----------------- Instantiating /home/travis/build/icyphy/ptII/ptolemy/actor/lib/hoc/test/auto/CatchUpComposite7.xml
WARNING: The execution aspects in this model can influence the timing of actors by delaying the 
execution, potentially changing the behavior. There is no guarantee that actors fire at the 
time they request to be fired. 
Use Ptides for deterministic DE behavior that is not influenced by execution aspects. 

44 ms. Memory: 155648K Free: 96220K (62%)
----------------- Invoking toplevel() on ptolemy.moml.MoMLSimpleApplication@2275790f
----------------- Done invoking toplevel() on ptolemy.moml.MoMLSimpleApplication@2275790f
reloadAllAccessors: .CatchUpComposite7

===========================================================================================
----------------- testing Fri Mar 13 07:14:47 UTC 2020 /home/travis/build/icyphy/ptII/ptolemy/actor/lib/hoc/test/auto/ConcurrentExecutionTimeSDF.xml
----------------- Instantiating /home/travis/build/icyphy/ptII/ptolemy/actor/lib/hoc/test/auto/ConcurrentExecutionTimeSDF.xml
Fired ExecutionTime: 40400000
Fired ExecutionTime: 40400000
Fired ExecutionTime: 40400000
Fired ExecutionTime: 40400000
Fired ExecutionTime: 40400000
Fired ExecutionTime: 40400000
Fired ExecutionTime: 40400000
Fired ExecutionTime: 40400000
Fired ExecutionTime: 40400000
Fired ExecutionTime: 40400000
Fired ExecutionTime: 40400000
Fired ExecutionTime: 40400000
Fired ExecutionTime: 40400000
Fired ExecutionTime: 40400000
Fired ExecutionTime: 40400000
Fired ExecutionTime: 40400000
Fired ExecutionTime: 40400000
Fired ExecutionTime: 40400000
Fired ExecutionTime: 40400000
Fired ExecutionTime: 40400000
1077 ms. Memory: 155648K Free: 89782K (58%)
----------------- Invoking toplevel() on ptolemy.moml.MoMLSimpleApplication@5ae900a7
----------------- Done invoking toplevel() on ptolemy.moml.MoMLSimpleApplication@5ae900a7
reloadAllAccessors: .ConcurrentExecutionTimeSDF

===========================================================================================
----------------- testing Fri Mar 13 07:14:49 UTC 2020 /home/travis/build/icyphy/ptII/ptolemy/actor/lib/hoc/test/auto/ConcurrentSleep.xml
----------------- Instantiating /home/travis/build/icyphy/ptII/ptolemy/actor/lib/hoc/test/auto/ConcurrentSleep.xml
737 ms. Memory: 155648K Free: 137365K (88%)
----------------- Invoking toplevel() on ptolemy.moml.MoMLSimpleApplication@15c69764
----------------- Done invoking toplevel() on ptolemy.moml.MoMLSimpleApplication@15c69764
reloadAllAccessors: .ConcurrentSleep

===========================================================================================
----------------- testing Fri Mar 13 07:14:49 UTC 2020 /home/travis/build/icyphy/ptII/ptolemy/actor/lib/hoc/test/auto/DEInPNInRunCompositeActor.xml
----------------- Instantiating /home/travis/build/icyphy/ptII/ptolemy/actor/lib/hoc/test/auto/DEInPNInRunCompositeActor.xml
14 ms. Memory: 155648K Free: 131466K (84%)
----------------- Invoking toplevel() on ptolemy.moml.MoMLSimpleApplication@3002b11d
----------------- Done invoking toplevel() on ptolemy.moml.MoMLSimpleApplication@3002b11d
reloadAllAccessors: .DEInPNInRunCompositeActor

===========================================================================================
----------------- testing Fri Mar 13 07:14:49 UTC 2020 /home/travis/build/icyphy/ptII/ptolemy/actor/lib/hoc/test/auto/DFTSubSetTest.xml
----------------- Instantiating /home/travis/build/icyphy/ptII/ptolemy/actor/lib/hoc/test/auto/DFTSubSetTest.xml
163 ms. Memory: 155648K Free: 88824K (57%)
----------------- Invoking toplevel() on ptolemy.moml.MoMLSimpleApplication@3290d158
----------------- Done invoking toplevel() on ptolemy.moml.MoMLSimpleApplication@3290d158
reloadAllAccessors: .DFTSubSetTest

===========================================================================================
----------------- testing Fri Mar 13 07:14:50 UTC 2020 /home/travis/build/icyphy/ptII/ptolemy/actor/lib/hoc/test/auto/HocDE.xml
----------------- Instantiating /home/travis/build/icyphy/ptII/ptolemy/actor/lib/hoc/test/auto/HocDE.xml
127 ms. Memory: 155648K Free: 136114K (87%)
----------------- Invoking toplevel() on ptolemy.moml.MoMLSimpleApplication@3acc62df
----------------- Done invoking toplevel() on ptolemy.moml.MoMLSimpleApplication@3acc62df
reloadAllAccessors: .HocDE

===========================================================================================
----------------- testing Fri Mar 13 07:14:50 UTC 2020 /home/travis/build/icyphy/ptII/ptolemy/actor/lib/hoc/test/auto/IterateOverArray.xml
----------------- Instantiating /home/travis/build/icyphy/ptII/ptolemy/actor/lib/hoc/test/auto/IterateOverArray.xml
5 ms. Memory: 155648K Free: 131400K (84%)
----------------- Invoking toplevel() on ptolemy.moml.MoMLSimpleApplication@74308a5a
----------------- Done invoking toplevel() on ptolemy.moml.MoMLSimpleApplication@74308a5a
reloadAllAccessors: .IterateOverArray

===========================================================================================
----------------- testing Fri Mar 13 07:14:50 UTC 2020 /home/travis/build/icyphy/ptII/ptolemy/actor/lib/hoc/test/auto/IterateOverArray10.xml
----------------- Instantiating /home/travis/build/icyphy/ptII/ptolemy/actor/lib/hoc/test/auto/IterateOverArray10.xml
5 ms. Memory: 155648K Free: 127899K (82%)
----------------- Invoking toplevel() on ptolemy.moml.MoMLSimpleApplication@711e3287
----------------- Done invoking toplevel() on ptolemy.moml.MoMLSimpleApplication@711e3287
reloadAllAccessors: .IterateOverArray10

===========================================================================================
----------------- testing Fri Mar 13 07:14:50 UTC 2020 /home/travis/build/icyphy/ptII/ptolemy/actor/lib/hoc/test/auto/IterateOverArray11.xml
----------------- Instantiating /home/travis/build/icyphy/ptII/ptolemy/actor/lib/hoc/test/auto/IterateOverArray11.xml
5 ms. Memory: 155648K Free: 123825K (80%)
----------------- Invoking toplevel() on ptolemy.moml.MoMLSimpleApplication@6b0c5326
----------------- Done invoking toplevel() on ptolemy.moml.MoMLSimpleApplication@6b0c5326
reloadAllAccessors: .IterateOverArray11

===========================================================================================
----------------- testing Fri Mar 13 07:14:50 UTC 2020 /home/travis/build/icyphy/ptII/ptolemy/actor/lib/hoc/test/auto/IterateOverArray12.xml
----------------- Instantiating /home/travis/build/icyphy/ptII/ptolemy/actor/lib/hoc/test/auto/IterateOverArray12.xml
16 ms. Memory: 155648K Free: 118271K (76%)
----------------- Invoking toplevel() on ptolemy.moml.MoMLSimpleApplication@34871f48
----------------- Done invoking toplevel() on ptolemy.moml.MoMLSimpleApplication@34871f48
reloadAllAccessors: .IterateOverArray12

===========================================================================================
----------------- testing Fri Mar 13 07:14:50 UTC 2020 /home/travis/build/icyphy/ptII/ptolemy/actor/lib/hoc/test/auto/IterateOverArray13.xml
----------------- Instantiating /home/travis/build/icyphy/ptII/ptolemy/actor/lib/hoc/test/auto/IterateOverArray13.xml
65 ms. Memory: 155648K Free: 89009K (57%)
----------------- Invoking toplevel() on ptolemy.moml.MoMLSimpleApplication@1aca9da7
----------------- Done invoking toplevel() on ptolemy.moml.MoMLSimpleApplication@1aca9da7
reloadAllAccessors: .IterateOverArray13

===========================================================================================
----------------- testing Fri Mar 13 07:14:50 UTC 2020 /home/travis/build/icyphy/ptII/ptolemy/actor/lib/hoc/test/auto/IterateOverArray14.xml
----------------- Instantiating /home/travis/build/icyphy/ptII/ptolemy/actor/lib/hoc/test/auto/IterateOverArray14.xml
69 ms. Memory: 155648K Free: 135113K (87%)
----------------- Invoking toplevel() on ptolemy.moml.MoMLSimpleApplication@640478d8
----------------- Done invoking toplevel() on ptolemy.moml.MoMLSimpleApplication@640478d8
reloadAllAccessors: .IterateOverArray14

===========================================================================================
----------------- testing Fri Mar 13 07:14:50 UTC 2020 /home/travis/build/icyphy/ptII/ptolemy/actor/lib/hoc/test/auto/IterateOverArray2.xml
----------------- Instantiating /home/travis/build/icyphy/ptII/ptolemy/actor/lib/hoc/test/auto/IterateOverArray2.xml
8 ms. Memory: 155648K Free: 129833K (83%)
----------------- Invoking toplevel() on ptolemy.moml.MoMLSimpleApplication@2768f188
----------------- Done invoking toplevel() on ptolemy.moml.MoMLSimpleApplication@2768f188
reloadAllAccessors: .IterateOverArray2

===========================================================================================
----------------- testing Fri Mar 13 07:14:50 UTC 2020 /home/travis/build/icyphy/ptII/ptolemy/actor/lib/hoc/test/auto/IterateOverArray3.xml
----------------- Instantiating /home/travis/build/icyphy/ptII/ptolemy/actor/lib/hoc/test/auto/IterateOverArray3.xml
16 ms. Memory: 155648K Free: 124136K (80%)
----------------- Invoking toplevel() on ptolemy.moml.MoMLSimpleApplication@4721f630
----------------- Done invoking toplevel() on ptolemy.moml.MoMLSimpleApplication@4721f630
reloadAllAccessors: .IterateOverArray3

===========================================================================================
----------------- testing Fri Mar 13 07:14:50 UTC 2020 /home/travis/build/icyphy/ptII/ptolemy/actor/lib/hoc/test/auto/IterateOverArray4.xml
----------------- Instantiating /home/travis/build/icyphy/ptII/ptolemy/actor/lib/hoc/test/auto/IterateOverArray4.xml
7 ms. Memory: 155648K Free: 120149K (77%)
----------------- Invoking toplevel() on ptolemy.moml.MoMLSimpleApplication@20cd33a4
----------------- Done invoking toplevel() on ptolemy.moml.MoMLSimpleApplication@20cd33a4
reloadAllAccessors: .IterateOverArray4

===========================================================================================
----------------- testing Fri Mar 13 07:14:50 UTC 2020 /home/travis/build/icyphy/ptII/ptolemy/actor/lib/hoc/test/auto/IterateOverArray5.xml
----------------- Instantiating /home/travis/build/icyphy/ptII/ptolemy/actor/lib/hoc/test/auto/IterateOverArray5.xml
3 ms. Memory: 155648K Free: 116053K (75%)
----------------- Invoking toplevel() on ptolemy.moml.MoMLSimpleApplication@4b9c9243
----------------- Done invoking toplevel() on ptolemy.moml.MoMLSimpleApplication@4b9c9243
reloadAllAccessors: .IterateOverArray5

===========================================================================================
----------------- testing Fri Mar 13 07:14:50 UTC 2020 /home/travis/build/icyphy/ptII/ptolemy/actor/lib/hoc/test/auto/IterateOverArray6.xml
----------------- Instantiating /home/travis/build/icyphy/ptII/ptolemy/actor/lib/hoc/test/auto/IterateOverArray6.xml
2 ms. Memory: 155648K Free: 112989K (73%)
----------------- Invoking toplevel() on ptolemy.moml.MoMLSimpleApplication@a597287
----------------- Done invoking toplevel() on ptolemy.moml.MoMLSimpleApplication@a597287
reloadAllAccessors: .IterateOverArray6

===========================================================================================
----------------- testing Fri Mar 13 07:14:50 UTC 2020 /home/travis/build/icyphy/ptII/ptolemy/actor/lib/hoc/test/auto/IterateOverArray7.xml
----------------- Instantiating /home/travis/build/icyphy/ptII/ptolemy/actor/lib/hoc/test/auto/IterateOverArray7.xml
4 ms. Memory: 155648K Free: 108776K (70%)
----------------- Invoking toplevel() on ptolemy.moml.MoMLSimpleApplication@324950df
----------------- Done invoking toplevel() on ptolemy.moml.MoMLSimpleApplication@324950df
reloadAllAccessors: .IterateOverArray7

===========================================================================================
----------------- testing Fri Mar 13 07:14:50 UTC 2020 /home/travis/build/icyphy/ptII/ptolemy/actor/lib/hoc/test/auto/IterateOverArray8.xml
----------------- Instantiating /home/travis/build/icyphy/ptII/ptolemy/actor/lib/hoc/test/auto/IterateOverArray8.xml
4 ms. Memory: 155648K Free: 104797K (67%)
----------------- Invoking toplevel() on ptolemy.moml.MoMLSimpleApplication@f63447e
----------------- Done invoking toplevel() on ptolemy.moml.MoMLSimpleApplication@f63447e
reloadAllAccessors: .IterateOverArray8

===========================================================================================
----------------- testing Fri Mar 13 07:14:50 UTC 2020 /home/travis/build/icyphy/ptII/ptolemy/actor/lib/hoc/test/auto/IterateOverArray9.xml
----------------- Instantiating /home/travis/build/icyphy/ptII/ptolemy/actor/lib/hoc/test/auto/IterateOverArray9.xml
6 ms. Memory: 155648K Free: 101161K (65%)
----------------- Invoking toplevel() on ptolemy.moml.MoMLSimpleApplication@6d5e6600
----------------- Done invoking toplevel() on ptolemy.moml.MoMLSimpleApplication@6d5e6600
reloadAllAccessors: .IterateOverArray9

===========================================================================================
----------------- testing Fri Mar 13 07:14:50 UTC 2020 /home/travis/build/icyphy/ptII/ptolemy/actor/lib/hoc/test/auto/IterateOverArrayCoercedOutputType.xml
----------------- Instantiating /home/travis/build/icyphy/ptII/ptolemy/actor/lib/hoc/test/auto/IterateOverArrayCoercedOutputType.xml
6 ms. Memory: 155648K Free: 96041K (62%)
----------------- Invoking toplevel() on ptolemy.moml.MoMLSimpleApplication@54379cb
----------------- Done invoking toplevel() on ptolemy.moml.MoMLSimpleApplication@54379cb
reloadAllAccessors: .IterateOverArrayCoercedOutputType

===========================================================================================
----------------- testing Fri Mar 13 07:14:51 UTC 2020 /home/travis/build/icyphy/ptII/ptolemy/actor/lib/hoc/test/auto/IterateOverArrayInferredOutputType.xml
----------------- Instantiating /home/travis/build/icyphy/ptII/ptolemy/actor/lib/hoc/test/auto/IterateOverArrayInferredOutputType.xml
6 ms. Memory: 155648K Free: 91477K (59%)
----------------- Invoking toplevel() on ptolemy.moml.MoMLSimpleApplication@522eb6eb
----------------- Done invoking toplevel() on ptolemy.moml.MoMLSimpleApplication@522eb6eb
reloadAllAccessors: .IterateOverArrayInferredOutputType

===========================================================================================
----------------- testing Fri Mar 13 07:14:51 UTC 2020 /home/travis/build/icyphy/ptII/ptolemy/actor/lib/hoc/test/auto/MobileFunctionTest.xml
----------------- Instantiating /home/travis/build/icyphy/ptII/ptolemy/actor/lib/hoc/test/auto/MobileFunctionTest.xml
4 ms. Memory: 155648K Free: 87381K (56%)
----------------- Invoking toplevel() on ptolemy.moml.MoMLSimpleApplication@4cca8131
----------------- Done invoking toplevel() on ptolemy.moml.MoMLSimpleApplication@4cca8131
reloadAllAccessors: .MobileFunctionTest

===========================================================================================
----------------- testing Fri Mar 13 07:14:51 UTC 2020 /home/travis/build/icyphy/ptII/ptolemy/actor/lib/hoc/test/auto/MobileModelTest.xml
----------------- Instantiating /home/travis/build/icyphy/ptII/ptolemy/actor/lib/hoc/test/auto/MobileModelTest.xml
134 ms. Memory: 155648K Free: 66344K (43%)
----------------- Invoking toplevel() on ptolemy.moml.MoMLSimpleApplication@601db3dc
----------------- Done invoking toplevel() on ptolemy.moml.MoMLSimpleApplication@601db3dc
reloadAllAccessors: .MobileModelTest

===========================================================================================
----------------- testing Fri Mar 13 07:14:51 UTC 2020 /home/travis/build/icyphy/ptII/ptolemy/actor/lib/hoc/test/auto/ModelReference.xml
----------------- Instantiating /home/travis/build/icyphy/ptII/ptolemy/actor/lib/hoc/test/auto/ModelReference.xml
2 ms. Memory: 155648K Free: 59709K (38%)
2 ms. Memory: 155648K Free: 59155K (38%)
1 ms. Memory: 155648K Free: 58153K (37%)
1 ms. Memory: 155648K Free: 57576K (37%)
1 ms. Memory: 155648K Free: 56621K (36%)
1 ms. Memory: 155648K Free: 55621K (36%)
1 ms. Memory: 155648K Free: 55081K (35%)
2 ms. Memory: 155648K Free: 54057K (35%)
2 ms. Memory: 155648K Free: 53480K (34%)
2 ms. Memory: 155648K Free: 52525K (34%)
22 ms. Memory: 155648K Free: 52525K (34%)
----------------- Invoking toplevel() on ptolemy.moml.MoMLSimpleApplication@52be3ca2
----------------- Done invoking toplevel() on ptolemy.moml.MoMLSimpleApplication@52be3ca2
reloadAllAccessors: .ModelReference

===========================================================================================
----------------- testing Fri Mar 13 07:14:51 UTC 2020 /home/travis/build/icyphy/ptII/ptolemy/actor/lib/hoc/test/auto/ModelReference3.xml
----------------- Instantiating /home/travis/build/icyphy/ptII/ptolemy/actor/lib/hoc/test/auto/ModelReference3.xml
1 ms. Memory: 155648K Free: 137879K (89%)
1 ms. Memory: 155648K Free: 137264K (88%)
1 ms. Memory: 155648K Free: 136291K (88%)
1 ms. Memory: 155648K Free: 135589K (87%)
2 ms. Memory: 155648K Free: 134783K (87%)
1 ms. Memory: 155648K Free: 133783K (86%)
1 ms. Memory: 155648K Free: 132961K (85%)
2 ms. Memory: 155648K Free: 132203K (85%)
1 ms. Memory: 155648K Free: 131493K (84%)
2 ms. Memory: 155648K Free: 130687K (84%)
39 ms. Memory: 155648K Free: 130687K (84%)
----------------- Invoking toplevel() on ptolemy.moml.MoMLSimpleApplication@5a75266d
----------------- Done invoking toplevel() on ptolemy.moml.MoMLSimpleApplication@5a75266d
reloadAllAccessors: .ModelReference3

===========================================================================================
----------------- testing Fri Mar 13 07:14:51 UTC 2020 /home/travis/build/icyphy/ptII/ptolemy/actor/lib/hoc/test/auto/ModelReference4.xml
----------------- Instantiating /home/travis/build/icyphy/ptII/ptolemy/actor/lib/hoc/test/auto/ModelReference4.xml
2 ms. Memory: 155648K Free: 125834K (81%)
6 ms. Memory: 155648K Free: 124319K (80%)
2 ms. Memory: 155648K Free: 123365K (79%)
5 ms. Memory: 155648K Free: 122341K (79%)
2 ms. Memory: 155648K Free: 120744K (78%)
2 ms. Memory: 155648K Free: 119706K (77%)
5 ms. Memory: 155648K Free: 118215K (76%)
2 ms. Memory: 155648K Free: 117175K (75%)
2 ms. Memory: 155648K Free: 116135K (75%)
3 ms. Memory: 155648K Free: 114570K (74%)
10016 ms. Memory: 155648K Free: 114570K (74%)
----------------- Invoking toplevel() on ptolemy.moml.MoMLSimpleApplication@5d558eb0
----------------- Done invoking toplevel() on ptolemy.moml.MoMLSimpleApplication@5d558eb0
reloadAllAccessors: .ModelReference4

===========================================================================================
----------------- testing Fri Mar 13 07:15:01 UTC 2020 /home/travis/build/icyphy/ptII/ptolemy/actor/lib/hoc/test/auto/MultiInstanceComposite.xml
----------------- Instantiating /home/travis/build/icyphy/ptII/ptolemy/actor/lib/hoc/test/auto/MultiInstanceComposite.xml
29 ms. Memory: 155648K Free: 95717K (61%)
----------------- Invoking toplevel() on ptolemy.moml.MoMLSimpleApplication@2cf1d84c
----------------- Done invoking toplevel() on ptolemy.moml.MoMLSimpleApplication@2cf1d84c
reloadAllAccessors: .MultiInstanceComposite

===========================================================================================
----------------- testing Fri Mar 13 07:15:01 UTC 2020 /home/travis/build/icyphy/ptII/ptolemy/actor/lib/hoc/test/auto/MultiInstanceComposite2.xml
----------------- Instantiating /home/travis/build/icyphy/ptII/ptolemy/actor/lib/hoc/test/auto/MultiInstanceComposite2.xml
22 ms. Memory: 155648K Free: 84407K (54%)
----------------- Invoking toplevel() on ptolemy.moml.MoMLSimpleApplication@7b4ecbb1
----------------- Done invoking toplevel() on ptolemy.moml.MoMLSimpleApplication@7b4ecbb1
reloadAllAccessors: .MultiInstanceComposite2

===========================================================================================
----------------- testing Fri Mar 13 07:15:01 UTC 2020 /home/travis/build/icyphy/ptII/ptolemy/actor/lib/hoc/test/auto/MulticoreExecution.xml
----------------- Instantiating /home/travis/build/icyphy/ptII/ptolemy/actor/lib/hoc/test/auto/MulticoreExecution.xml
Fired ExecutionTime: 2400000
Fired ExecutionTime: 2400000
Fired ExecutionTime: 10800000
Fired ExecutionTime: 96000000
Fired ExecutionTime: 107200000
Fired ExecutionTime: 117600000
Fired ExecutionTime: 110400000
Fired ExecutionTime: 110800000
Fired ExecutionTime: 109200000
Fired ExecutionTime: 108800000
Fired ExecutionTime: 109200000
Fired ExecutionTime: 115600000
Fired ExecutionTime: 104400000
Fired ExecutionTime: 107600000
Fired ExecutionTime: 108400000
Fired ExecutionTime: 107600000
Fired ExecutionTime: 99200000
Fired ExecutionTime: 112400000
Fired ExecutionTime: 109600000
Fired ExecutionTime: 109200000
1062 ms. Memory: 155648K Free: 75237K (48%)
----------------- Invoking toplevel() on ptolemy.moml.MoMLSimpleApplication@6d4b9c8c
----------------- Done invoking toplevel() on ptolemy.moml.MoMLSimpleApplication@6d4b9c8c
reloadAllAccessors: .MulticoreExecution

===========================================================================================
----------------- testing Fri Mar 13 07:15:02 UTC 2020 /home/travis/build/icyphy/ptII/ptolemy/actor/lib/hoc/test/auto/ParallelExecution.xml
----------------- Instantiating /home/travis/build/icyphy/ptII/ptolemy/actor/lib/hoc/test/auto/ParallelExecution.xml
917 ms. Memory: 155648K Free: 67949K (44%)
----------------- Invoking toplevel() on ptolemy.moml.MoMLSimpleApplication@780c7485
----------------- Done invoking toplevel() on ptolemy.moml.MoMLSimpleApplication@780c7485
reloadAllAccessors: .ParallelExecution

===========================================================================================
----------------- testing Fri Mar 13 07:15:03 UTC 2020 /home/travis/build/icyphy/ptII/ptolemy/actor/lib/hoc/test/auto/RunCompositeActor.xml
----------------- Instantiating /home/travis/build/icyphy/ptII/ptolemy/actor/lib/hoc/test/auto/RunCompositeActor.xml
7 ms. Memory: 155648K Free: 60855K (39%)
----------------- Invoking toplevel() on ptolemy.moml.MoMLSimpleApplication@5de9ae51
----------------- Done invoking toplevel() on ptolemy.moml.MoMLSimpleApplication@5de9ae51
reloadAllAccessors: .RunCompositeActor

===========================================================================================
----------------- testing Fri Mar 13 07:15:03 UTC 2020 /home/travis/build/icyphy/ptII/ptolemy/actor/lib/hoc/test/auto/RunCompositeActor2.xml
----------------- Instantiating /home/travis/build/icyphy/ptII/ptolemy/actor/lib/hoc/test/auto/RunCompositeActor2.xml
4 ms. Memory: 155648K Free: 54711K (35%)
----------------- Invoking toplevel() on ptolemy.moml.MoMLSimpleApplication@42979ba1
----------------- Done invoking toplevel() on ptolemy.moml.MoMLSimpleApplication@42979ba1
reloadAllAccessors: .RunCompositeActor2

===========================================================================================
----------------- testing Fri Mar 13 07:15:03 UTC 2020 /home/travis/build/icyphy/ptII/ptolemy/actor/lib/hoc/test/auto/RunCompositeActor3.xml
----------------- Instantiating /home/travis/build/icyphy/ptII/ptolemy/actor/lib/hoc/test/auto/RunCompositeActor3.xml
4 ms. Memory: 155648K Free: 49517K (32%)
----------------- Invoking toplevel() on ptolemy.moml.MoMLSimpleApplication@c440290
----------------- Done invoking toplevel() on ptolemy.moml.MoMLSimpleApplication@c440290
reloadAllAccessors: .RunCompositeActor3

===========================================================================================
----------------- testing Fri Mar 13 07:15:03 UTC 2020 /home/travis/build/icyphy/ptII/ptolemy/actor/lib/hoc/test/auto/RunCompositeActor4.xml
----------------- Instantiating /home/travis/build/icyphy/ptII/ptolemy/actor/lib/hoc/test/auto/RunCompositeActor4.xml
14 ms. Memory: 187392K Free: 163465K (87%)
----------------- Invoking toplevel() on ptolemy.moml.MoMLSimpleApplication@17c8ee13
----------------- Done invoking toplevel() on ptolemy.moml.MoMLSimpleApplication@17c8ee13
reloadAllAccessors: .RunCompositeActor4

===========================================================================================
----------------- testing Fri Mar 13 07:15:03 UTC 2020 /home/travis/build/icyphy/ptII/ptolemy/actor/lib/hoc/test/auto/RunCompositeIterateOverArray.xml
----------------- Instantiating /home/travis/build/icyphy/ptII/ptolemy/actor/lib/hoc/test/auto/RunCompositeIterateOverArray.xml
5 ms. Memory: 187392K Free: 157321K (84%)
----------------- Invoking toplevel() on ptolemy.moml.MoMLSimpleApplication@53e7124a
----------------- Done invoking toplevel() on ptolemy.moml.MoMLSimpleApplication@53e7124a
reloadAllAccessors: .RunCompositeIterateOverArray

===========================================================================================
----------------- testing Fri Mar 13 07:15:03 UTC 2020 /home/travis/build/icyphy/ptII/ptolemy/actor/lib/hoc/test/auto/ThreadedJS.xml
----------------- Instantiating /home/travis/build/icyphy/ptII/ptolemy/actor/lib/hoc/test/auto/ThreadedJS.xml
5780 ms. Memory: 270336K Free: 99978K (37%)
----------------- Invoking toplevel() on ptolemy.moml.MoMLSimpleApplication@cd4e735
----------------- Done invoking toplevel() on ptolemy.moml.MoMLSimpleApplication@cd4e735
reloadAllAccessors: .ThreadedJS
AutoTests.java: About to close Vertx.
AutoTests.java: Vertx closed.
]]></system-out>
  <system-err><![CDATA[java.lang.RuntimeException: Execution failed
	at ptolemy.moml.MoMLSimpleApplication$UnloadThread.run(MoMLSimpleApplication.java:402)
Caused by: ptolemy.kernel.util.IllegalActionException: initialize() was called after wrapup() was called but preinitialize() was not called after wrapup().
	at ptolemy.actor.lib.hoc.test.PreinitializeMustBeInvoked.initialize(PreinitializeMustBeInvoked.java:78)
	at ptolemy.actor.Director.initialize(Director.java:938)
	at ptolemy.actor.Director.initialize(Director.java:907)
	at ptolemy.actor.sched.StaticSchedulingDirector.initialize(StaticSchedulingDirector.java:159)
	at ptolemy.domains.sdf.kernel.SDFDirector.initialize(SDFDirector.java:544)
	at ptolemy.actor.CompositeActor.initialize(CompositeActor.java:935)
	at ptolemy.actor.lib.hoc.LifeCycleManager._executeInsideModel(LifeCycleManager.java:339)
	at ptolemy.actor.lib.hoc.RunCompositeActor.fire(RunCompositeActor.java:205)
	at ptolemy.actor.CompositeActor.iterate(CompositeActor.java:1146)
	at ptolemy.actor.sched.StaticSchedulingDirector.fire(StaticSchedulingDirector.java:216)
	at ptolemy.domains.sdf.kernel.SDFDirector.fire(SDFDirector.java:500)
	at ptolemy.actor.CompositeActor.fire(CompositeActor.java:455)
	at ptolemy.actor.Manager.iterate(Manager.java:851)
	at ptolemy.actor.Manager.execute(Manager.java:369)
	at ptolemy.actor.Manager.run(Manager.java:1263)
	at ptolemy.actor.Manager$PtolemyRunThread.run(Manager.java:1933)
java.lang.reflect.InvocationTargetException
	at java.base/jdk.internal.reflect.NativeConstructorAccessorImpl.newInstance0(Native Method)
	at java.base/jdk.internal.reflect.NativeConstructorAccessorImpl.newInstance(NativeConstructorAccessorImpl.java:62)
	at java.base/jdk.internal.reflect.DelegatingConstructorAccessorImpl.newInstance(DelegatingConstructorAccessorImpl.java:45)
	at java.base/java.lang.reflect.Constructor.newInstance(Constructor.java:490)
	at ptolemy.util.test.junit.AutoKnownFailedTests.RunModel(AutoKnownFailedTests.java:105)
	at java.base/jdk.internal.reflect.NativeMethodAccessorImpl.invoke0(Native Method)
	at java.base/jdk.internal.reflect.NativeMethodAccessorImpl.invoke(NativeMethodAccessorImpl.java:62)
	at java.base/jdk.internal.reflect.DelegatingMethodAccessorImpl.invoke(DelegatingMethodAccessorImpl.java:43)
	at java.base/java.lang.reflect.Method.invoke(Method.java:566)
	at org.junit.runners.model.FrameworkMethod$1.runReflectiveCall(FrameworkMethod.java:44)
	at org.junit.internal.runners.model.ReflectiveCallable.run(ReflectiveCallable.java:15)
	at org.junit.runners.model.FrameworkMethod.invokeExplosively(FrameworkMethod.java:41)
	at junitparams.internal.InvokeParameterisedMethod.evaluate(InvokeParameterisedMethod.java:102)
	at org.junit.internal.runners.statements.FailOnTimeout$1.run(FailOnTimeout.java:28)
Caused by: ptolemy.kernel.util.IllegalActionException: initialize() was called after wrapup() was called but preinitialize() was not called after wrapup().
	at ptolemy.actor.lib.hoc.test.PreinitializeMustBeInvoked.initialize(PreinitializeMustBeInvoked.java:78)
	at ptolemy.actor.Director.initialize(Director.java:938)
	at ptolemy.actor.Director.initialize(Director.java:907)
	at ptolemy.actor.sched.StaticSchedulingDirector.initialize(StaticSchedulingDirector.java:159)
	at ptolemy.domains.sdf.kernel.SDFDirector.initialize(SDFDirector.java:544)
	at ptolemy.actor.CompositeActor.initialize(CompositeActor.java:935)
	at ptolemy.actor.lib.hoc.LifeCycleManager._executeInsideModel(LifeCycleManager.java:339)
	at ptolemy.actor.lib.hoc.RunCompositeActor.fire(RunCompositeActor.java:205)
	at ptolemy.actor.CompositeActor.iterate(CompositeActor.java:1146)
	at ptolemy.actor.sched.StaticSchedulingDirector.fire(StaticSchedulingDirector.java:216)
	at ptolemy.domains.sdf.kernel.SDFDirector.fire(SDFDirector.java:500)
	at ptolemy.actor.CompositeActor.fire(CompositeActor.java:455)
	at ptolemy.actor.Manager.iterate(Manager.java:851)
	at ptolemy.actor.Manager.execute(Manager.java:369)
	at ptolemy.actor.Manager.run(Manager.java:1263)
	at ptolemy.actor.Manager$PtolemyRunThread.run(Manager.java:1933)
Warning: Nashorn engine is planned to be removed from a future JDK release
Warning: Nashorn engine is planned to be removed from a future JDK release
Warning: Nashorn engine is planned to be removed from a future JDK release
Warning: Nashorn engine is planned to be removed from a future JDK release
Warning: Nashorn engine is planned to be removed from a future JDK release
Warning: Nashorn engine is planned to be removed from a future JDK release
Warning: Nashorn engine is planned to be removed from a future JDK release
Warning: Nashorn engine is planned to be removed from a future JDK release
]]></system-err>
</testsuite>
