<?xml version="1.0" encoding="UTF-8" ?>
<testsuite errors="0" failures="0" hostname="travis-job-2ec599a7-42aa-412e-bc5d-7528b65cd798" name="ptolemy.domains.continuous.test.junit.JUnitTclTest" skipped="0" tests="156" time="73.359" timestamp="2020-06-05T14:33:20">
  <properties>
[...]
</properties>
  <testcase classname="ptolemy.util.test.junit.TclTests" name="[0] ThereAreNoTclTests (RunTclFile)" time="0.007" />
  <testcase classname="ptolemy.util.test.junit.AutoKnownFailedTests" name="[0] ThereAreNoKnowFailedTests (RunModel)" time="0.002" />
  <testcase classname="ptolemy.util.test.junit.AutoNameArchTests" name="[0] ThereAreNoAutoArchTests (RunModel)" time="0.013" />
  <testcase classname="ptolemy.util.test.junit.AutoTests" name="[0] /home/travis/build/icyphy/ptII/ptolemy/domains/continuous/test/auto/BouncingBall.xml (RunModel)" time="2.882" />
  <testcase classname="ptolemy.util.test.junit.AutoTests" name="[1] /home/travis/build/icyphy/ptII/ptolemy/domains/continuous/test/auto/BouncingBallWithoutGR.xml (RunModel)" time="0.9" />
  <testcase classname="ptolemy.util.test.junit.AutoTests" name="[2] /home/travis/build/icyphy/ptII/ptolemy/domains/continuous/test/auto/Brownian.xml (RunModel)" time="0.137" />
  <testcase classname="ptolemy.util.test.junit.AutoTests" name="[3] /home/travis/build/icyphy/ptII/ptolemy/domains/continuous/test/auto/CarTracking.xml (RunModel)" time="3.948" />
  <testcase classname="ptolemy.util.test.junit.AutoTests" name="[4] /home/travis/build/icyphy/ptII/ptolemy/domains/continuous/test/auto/CartPendulum.xml (RunModel)" time="0.573" />
  <testcase classname="ptolemy.util.test.junit.AutoTests" name="[5] /home/travis/build/icyphy/ptII/ptolemy/domains/continuous/test/auto/CausalityInterface10.xml (RunModel)" time="0.045" />
  <testcase classname="ptolemy.util.test.junit.AutoTests" name="[6] /home/travis/build/icyphy/ptII/ptolemy/domains/continuous/test/auto/CausalityInterface11.xml (RunModel)" time="0.035" />
  <testcase classname="ptolemy.util.test.junit.AutoTests" name="[7] /home/travis/build/icyphy/ptII/ptolemy/domains/continuous/test/auto/CausalityInterface12.xml (RunModel)" time="0.04" />
  <testcase classname="ptolemy.util.test.junit.AutoTests" name="[8] /home/travis/build/icyphy/ptII/ptolemy/domains/continuous/test/auto/CausalityInterface13.xml (RunModel)" time="0.027" />
  <testcase classname="ptolemy.util.test.junit.AutoTests" name="[9] /home/travis/build/icyphy/ptII/ptolemy/domains/continuous/test/auto/CausalityInterface14.xml (RunModel)" time="0.03" />
  <testcase classname="ptolemy.util.test.junit.AutoTests" name="[10] /home/travis/build/icyphy/ptII/ptolemy/domains/continuous/test/auto/CausalityInterface4.xml (RunModel)" time="0.032" />
  <testcase classname="ptolemy.util.test.junit.AutoTests" name="[11] /home/travis/build/icyphy/ptII/ptolemy/domains/continuous/test/auto/CausalityInterface5.xml (RunModel)" time="0.038" />
  <testcase classname="ptolemy.util.test.junit.AutoTests" name="[12] /home/travis/build/icyphy/ptII/ptolemy/domains/continuous/test/auto/CausalityInterface6.xml (RunModel)" time="0.024" />
  <testcase classname="ptolemy.util.test.junit.AutoTests" name="[13] /home/travis/build/icyphy/ptII/ptolemy/domains/continuous/test/auto/CausalityInterface7.xml (RunModel)" time="0.035" />
  <testcase classname="ptolemy.util.test.junit.AutoTests" name="[14] /home/travis/build/icyphy/ptII/ptolemy/domains/continuous/test/auto/CausalityInterface8.xml (RunModel)" time="0.034" />
  <testcase classname="ptolemy.util.test.junit.AutoTests" name="[15] /home/travis/build/icyphy/ptII/ptolemy/domains/continuous/test/auto/CausalityInterface9.xml (RunModel)" time="0.05" />
  <testcase classname="ptolemy.util.test.junit.AutoTests" name="[16] /home/travis/build/icyphy/ptII/ptolemy/domains/continuous/test/auto/CausalityInterfaceFeedback1.xml (RunModel)" time="0.028" />
  <testcase classname="ptolemy.util.test.junit.AutoTests" name="[17] /home/travis/build/icyphy/ptII/ptolemy/domains/continuous/test/auto/CausalityInterfaceFeedback2.xml (RunModel)" time="0.036" />
  <testcase classname="ptolemy.util.test.junit.AutoTests" name="[18] /home/travis/build/icyphy/ptII/ptolemy/domains/continuous/test/auto/CompareWithCurrentTime.xml (RunModel)" time="0.021" />
  <testcase classname="ptolemy.util.test.junit.AutoTests" name="[19] /home/travis/build/icyphy/ptII/ptolemy/domains/continuous/test/auto/ComparedClocks.xml (RunModel)" time="0.07" />
  <testcase classname="ptolemy.util.test.junit.AutoTests" name="[20] /home/travis/build/icyphy/ptII/ptolemy/domains/continuous/test/auto/ContinuousAOCClone.xml (RunModel)" time="2.679" />
  <testcase classname="ptolemy.util.test.junit.AutoTests" name="[21] /home/travis/build/icyphy/ptII/ptolemy/domains/continuous/test/auto/ContinuousClock.xml (RunModel)" time="0.086" />
  <testcase classname="ptolemy.util.test.junit.AutoTests" name="[22] /home/travis/build/icyphy/ptII/ptolemy/domains/continuous/test/auto/ContinuousInContinuous.xml (RunModel)" time="0.087" />
  <testcase classname="ptolemy.util.test.junit.AutoTests" name="[23] /home/travis/build/icyphy/ptII/ptolemy/domains/continuous/test/auto/ContinuousInContinuousInContinuous.xml (RunModel)" time="0.02" />
  <testcase classname="ptolemy.util.test.junit.AutoTests" name="[24] /home/travis/build/icyphy/ptII/ptolemy/domains/continuous/test/auto/ContinuousInDE.xml (RunModel)" time="0.082" />
  <testcase classname="ptolemy.util.test.junit.AutoTests" name="[25] /home/travis/build/icyphy/ptII/ptolemy/domains/continuous/test/auto/ContinuousInDE2.xml (RunModel)" time="0.063" />
  <testcase classname="ptolemy.util.test.junit.AutoTests" name="[26] /home/travis/build/icyphy/ptII/ptolemy/domains/continuous/test/auto/ContinuousInDE3.xml (RunModel)" time="0.06" />
  <testcase classname="ptolemy.util.test.junit.AutoTests" name="[27] /home/travis/build/icyphy/ptII/ptolemy/domains/continuous/test/auto/ContinuousInDE4.xml (RunModel)" time="0.041" />
  <testcase classname="ptolemy.util.test.junit.AutoTests" name="[28] /home/travis/build/icyphy/ptII/ptolemy/domains/continuous/test/auto/ContinuousInDEDifferentRefinements.xml (RunModel)" time="0.082" />
  <testcase classname="ptolemy.util.test.junit.AutoTests" name="[29] /home/travis/build/icyphy/ptII/ptolemy/domains/continuous/test/auto/ContinuousInDEDifferentRefinementsPreemptive.xml (RunModel)" time="0.079" />
  <testcase classname="ptolemy.util.test.junit.AutoTests" name="[30] /home/travis/build/icyphy/ptII/ptolemy/domains/continuous/test/auto/ContinuousInDEInContinuous2.xml (RunModel)" time="0.05" />
  <testcase classname="ptolemy.util.test.junit.AutoTests" name="[31] /home/travis/build/icyphy/ptII/ptolemy/domains/continuous/test/auto/ContinuousInDEInContinuous3.xml (RunModel)" time="0.062" />
  <testcase classname="ptolemy.util.test.junit.AutoTests" name="[32] /home/travis/build/icyphy/ptII/ptolemy/domains/continuous/test/auto/ContinuousInDEInput.xml (RunModel)" time="0.038" />
  <testcase classname="ptolemy.util.test.junit.AutoTests" name="[33] /home/travis/build/icyphy/ptII/ptolemy/domains/continuous/test/auto/ContinuousInDEInput2.xml (RunModel)" time="0.041" />
  <testcase classname="ptolemy.util.test.junit.AutoTests" name="[34] /home/travis/build/icyphy/ptII/ptolemy/domains/continuous/test/auto/ContinuousInDEInput3.xml (RunModel)" time="0.033" />
  <testcase classname="ptolemy.util.test.junit.AutoTests" name="[35] /home/travis/build/icyphy/ptII/ptolemy/domains/continuous/test/auto/ContinuousInDESharingRefinement.xml (RunModel)" time="0.177" />
  <testcase classname="ptolemy.util.test.junit.AutoTests" name="[36] /home/travis/build/icyphy/ptII/ptolemy/domains/continuous/test/auto/ContinuousInDEwithNoPorts.xml (RunModel)" time="0.024" />
  <testcase classname="ptolemy.util.test.junit.AutoTests" name="[37] /home/travis/build/icyphy/ptII/ptolemy/domains/continuous/test/auto/ContinuousInsideDE.xml (RunModel)" time="0.081" />
  <testcase classname="ptolemy.util.test.junit.AutoTests" name="[38] /home/travis/build/icyphy/ptII/ptolemy/domains/continuous/test/auto/ContinuousMerge1.xml (RunModel)" time="0.015" />
  <testcase classname="ptolemy.util.test.junit.AutoTests" name="[39] /home/travis/build/icyphy/ptII/ptolemy/domains/continuous/test/auto/ContinuousMerge2.xml (RunModel)" time="0.05" />
  <testcase classname="ptolemy.util.test.junit.AutoTests" name="[40] /home/travis/build/icyphy/ptII/ptolemy/domains/continuous/test/auto/ContinuousMerge3.xml (RunModel)" time="0.069" />
  <testcase classname="ptolemy.util.test.junit.AutoTests" name="[41] /home/travis/build/icyphy/ptII/ptolemy/domains/continuous/test/auto/ContinuousWithinContinuous.xml (RunModel)" time="0.052" />
  <testcase classname="ptolemy.util.test.junit.AutoTests" name="[42] /home/travis/build/icyphy/ptII/ptolemy/domains/continuous/test/auto/ContinuousWithinContinuous2.xml (RunModel)" time="0.068" />
  <testcase classname="ptolemy.util.test.junit.AutoTests" name="[43] /home/travis/build/icyphy/ptII/ptolemy/domains/continuous/test/auto/ContinuousWithinContinuous3.xml (RunModel)" time="0.025" />
  <testcase classname="ptolemy.util.test.junit.AutoTests" name="[44] /home/travis/build/icyphy/ptII/ptolemy/domains/continuous/test/auto/ContinuousWithinContinuous4.xml (RunModel)" time="0.09" />
  <testcase classname="ptolemy.util.test.junit.AutoTests" name="[45] /home/travis/build/icyphy/ptII/ptolemy/domains/continuous/test/auto/ContinuousWithinContinuous5.xml (RunModel)" time="0.041" />
  <testcase classname="ptolemy.util.test.junit.AutoTests" name="[46] /home/travis/build/icyphy/ptII/ptolemy/domains/continuous/test/auto/ContinuousWithinContinuous6.xml (RunModel)" time="0.034" />
  <testcase classname="ptolemy.util.test.junit.AutoTests" name="[47] /home/travis/build/icyphy/ptII/ptolemy/domains/continuous/test/auto/ContinuousWithinContinuous7.xml (RunModel)" time="0.064" />
  <testcase classname="ptolemy.util.test.junit.AutoTests" name="[48] /home/travis/build/icyphy/ptII/ptolemy/domains/continuous/test/auto/DCMotor.xml (RunModel)" time="14.281" />
  <testcase classname="ptolemy.util.test.junit.AutoTests" name="[49] /home/travis/build/icyphy/ptII/ptolemy/domains/continuous/test/auto/DEInContinuous.xml (RunModel)" time="0.046" />
  <testcase classname="ptolemy.util.test.junit.AutoTests" name="[50] /home/travis/build/icyphy/ptII/ptolemy/domains/continuous/test/auto/DEinContinuous2.xml (RunModel)" time="0.037" />
  <testcase classname="ptolemy.util.test.junit.AutoTests" name="[51] /home/travis/build/icyphy/ptII/ptolemy/domains/continuous/test/auto/Derivative.xml (RunModel)" time="0.19" />
  <testcase classname="ptolemy.util.test.junit.AutoTests" name="[52] /home/travis/build/icyphy/ptII/ptolemy/domains/continuous/test/auto/Derivative1.xml (RunModel)" time="0.071" />
  <testcase classname="ptolemy.util.test.junit.AutoTests" name="[53] /home/travis/build/icyphy/ptII/ptolemy/domains/continuous/test/auto/DiscreteClock.xml (RunModel)" time="0.018" />
  <testcase classname="ptolemy.util.test.junit.AutoTests" name="[54] /home/travis/build/icyphy/ptII/ptolemy/domains/continuous/test/auto/EfficiencyCurve.xml (RunModel)" time="0.124" />
  <testcase classname="ptolemy.util.test.junit.AutoTests" name="[55] /home/travis/build/icyphy/ptII/ptolemy/domains/continuous/test/auto/ExponentialResponse.xml (RunModel)" time="0.11" />
  <testcase classname="ptolemy.util.test.junit.AutoTests" name="[56] /home/travis/build/icyphy/ptII/ptolemy/domains/continuous/test/auto/ExponentialResponseRK45.xml (RunModel)" time="0.032" />
  <testcase classname="ptolemy.util.test.junit.AutoTests" name="[57] /home/travis/build/icyphy/ptII/ptolemy/domains/continuous/test/auto/Friction.xml (RunModel)" time="1.574" />
  <testcase classname="ptolemy.util.test.junit.AutoTests" name="[58] /home/travis/build/icyphy/ptII/ptolemy/domains/continuous/test/auto/FurutaPendulum.xml (RunModel)" time="3.212" />
  <testcase classname="ptolemy.util.test.junit.AutoTests" name="[59] /home/travis/build/icyphy/ptII/ptolemy/domains/continuous/test/auto/HierarchicalExecution.xml (RunModel)" time="2.404" />
  <testcase classname="ptolemy.util.test.junit.AutoTests" name="[60] /home/travis/build/icyphy/ptII/ptolemy/domains/continuous/test/auto/HybridPlant.xml (RunModel)" time="0.562" />
  <testcase classname="ptolemy.util.test.junit.AutoTests" name="[61] /home/travis/build/icyphy/ptII/ptolemy/domains/continuous/test/auto/Hysteresis.xml (RunModel)" time="0.2" />
  <testcase classname="ptolemy.util.test.junit.AutoTests" name="[62] /home/travis/build/icyphy/ptII/ptolemy/domains/continuous/test/auto/HysteresisWithRandomDelay.xml (RunModel)" time="0.215" />
  <testcase classname="ptolemy.util.test.junit.AutoTests" name="[63] /home/travis/build/icyphy/ptII/ptolemy/domains/continuous/test/auto/HysteresisWithRandomLosses.xml (RunModel)" time="2.428" />
  <testcase classname="ptolemy.util.test.junit.AutoTests" name="[64] /home/travis/build/icyphy/ptII/ptolemy/domains/continuous/test/auto/ImmediateTransitions.xml (RunModel)" time="0.027" />
  <testcase classname="ptolemy.util.test.junit.AutoTests" name="[65] /home/travis/build/icyphy/ptII/ptolemy/domains/continuous/test/auto/ImpulseFeedback.xml (RunModel)" time="0.02" />
  <testcase classname="ptolemy.util.test.junit.AutoTests" name="[66] /home/travis/build/icyphy/ptII/ptolemy/domains/continuous/test/auto/ImpulseFeedback2.xml (RunModel)" time="0.017" />
  <testcase classname="ptolemy.util.test.junit.AutoTests" name="[67] /home/travis/build/icyphy/ptII/ptolemy/domains/continuous/test/auto/IncreasingRatePoisson.xml (RunModel)" time="0.758" />
  <testcase classname="ptolemy.util.test.junit.AutoTests" name="[68] /home/travis/build/icyphy/ptII/ptolemy/domains/continuous/test/auto/InitialStateFeedback.xml (RunModel)" time="0.018" />
  <testcase classname="ptolemy.util.test.junit.AutoTests" name="[69] /home/travis/build/icyphy/ptII/ptolemy/domains/continuous/test/auto/Integration.xml (RunModel)" time="0.007" />
  <testcase classname="ptolemy.util.test.junit.AutoTests" name="[70] /home/travis/build/icyphy/ptII/ptolemy/domains/continuous/test/auto/Integration2.xml (RunModel)" time="0.082" />
  <testcase classname="ptolemy.util.test.junit.AutoTests" name="[71] /home/travis/build/icyphy/ptII/ptolemy/domains/continuous/test/auto/Integration3.xml (RunModel)" time="0.021" />
  <testcase classname="ptolemy.util.test.junit.AutoTests" name="[72] /home/travis/build/icyphy/ptII/ptolemy/domains/continuous/test/auto/Integration5.xml (RunModel)" time="0.012" />
  <testcase classname="ptolemy.util.test.junit.AutoTests" name="[73] /home/travis/build/icyphy/ptII/ptolemy/domains/continuous/test/auto/IntegratorImpulse.xml (RunModel)" time="0.01" />
  <testcase classname="ptolemy.util.test.junit.AutoTests" name="[74] /home/travis/build/icyphy/ptII/ptolemy/domains/continuous/test/auto/IntegratorImpulse2.xml (RunModel)" time="0.019" />
  <testcase classname="ptolemy.util.test.junit.AutoTests" name="[75] /home/travis/build/icyphy/ptII/ptolemy/domains/continuous/test/auto/LevelCrossing1.xml (RunModel)" time="0.014" />
  <testcase classname="ptolemy.util.test.junit.AutoTests" name="[76] /home/travis/build/icyphy/ptII/ptolemy/domains/continuous/test/auto/LevelCrossing2.xml (RunModel)" time="0.016" />
  <testcase classname="ptolemy.util.test.junit.AutoTests" name="[77] /home/travis/build/icyphy/ptII/ptolemy/domains/continuous/test/auto/LevelCrossing3.xml (RunModel)" time="0.016" />
  <testcase classname="ptolemy.util.test.junit.AutoTests" name="[78] /home/travis/build/icyphy/ptII/ptolemy/domains/continuous/test/auto/LevelCrossing4.xml (RunModel)" time="0.013" />
  <testcase classname="ptolemy.util.test.junit.AutoTests" name="[79] /home/travis/build/icyphy/ptII/ptolemy/domains/continuous/test/auto/LevelCrossing5.xml (RunModel)" time="0.02" />
  <testcase classname="ptolemy.util.test.junit.AutoTests" name="[80] /home/travis/build/icyphy/ptII/ptolemy/domains/continuous/test/auto/LevelCrossing6.xml (RunModel)" time="0.012" />
  <testcase classname="ptolemy.util.test.junit.AutoTests" name="[81] /home/travis/build/icyphy/ptII/ptolemy/domains/continuous/test/auto/LevelCrossingDetector.xml (RunModel)" time="0.04" />
  <testcase classname="ptolemy.util.test.junit.AutoTests" name="[82] /home/travis/build/icyphy/ptII/ptolemy/domains/continuous/test/auto/LevelCrossingDetectorDetectingDirections.xml (RunModel)" time="0.086" />
  <testcase classname="ptolemy.util.test.junit.AutoTests" name="[83] /home/travis/build/icyphy/ptII/ptolemy/domains/continuous/test/auto/LevelCrossingDetectorDetectsGlitches.xml (RunModel)" time="0.062" />
  <testcase classname="ptolemy.util.test.junit.AutoTests" name="[84] /home/travis/build/icyphy/ptII/ptolemy/domains/continuous/test/auto/LevelCrossingNoInitialOuput.xml (RunModel)" time="0.012" />
  <testcase classname="ptolemy.util.test.junit.AutoTests" name="[85] /home/travis/build/icyphy/ptII/ptolemy/domains/continuous/test/auto/LinearStateSpaceExample.xml (RunModel)" time="0.068" />
  <testcase classname="ptolemy.util.test.junit.AutoTests" name="[86] /home/travis/build/icyphy/ptII/ptolemy/domains/continuous/test/auto/Lorenz.xml (RunModel)" time="3.324" />
  <testcase classname="ptolemy.util.test.junit.AutoTests" name="[87] /home/travis/build/icyphy/ptII/ptolemy/domains/continuous/test/auto/LorenzDifferentialSystem.xml (RunModel)" time="0.973" />
  <testcase classname="ptolemy.util.test.junit.AutoTests" name="[88] /home/travis/build/icyphy/ptII/ptolemy/domains/continuous/test/auto/LorenzDifferentialSystemWithInput.xml (RunModel)" time="1.219" />
  <testcase classname="ptolemy.util.test.junit.AutoTests" name="[89] /home/travis/build/icyphy/ptII/ptolemy/domains/continuous/test/auto/LorenzDifferentialSystemWithTime.xml (RunModel)" time="0.755" />
  <testcase classname="ptolemy.util.test.junit.AutoTests" name="[90] /home/travis/build/icyphy/ptII/ptolemy/domains/continuous/test/auto/Microsteps.xml (RunModel)" time="0.03" />
  <testcase classname="ptolemy.util.test.junit.AutoTests" name="[91] /home/travis/build/icyphy/ptII/ptolemy/domains/continuous/test/auto/Modal1.xml (RunModel)" time="0.042" />
  <testcase classname="ptolemy.util.test.junit.AutoTests" name="[92] /home/travis/build/icyphy/ptII/ptolemy/domains/continuous/test/auto/Modal2.xml (RunModel)" time="0.059" />
  <testcase classname="ptolemy.util.test.junit.AutoTests" name="[93] /home/travis/build/icyphy/ptII/ptolemy/domains/continuous/test/auto/ModalTransitionGuardWithReset.xml (RunModel)" time="0.052" />
  <testcase classname="ptolemy.util.test.junit.AutoTests" name="[94] /home/travis/build/icyphy/ptII/ptolemy/domains/continuous/test/auto/ModalTransitionGuardWithResetUsingPreemptiveTransition.xml (RunModel)" time="0.03" />
  <testcase classname="ptolemy.util.test.junit.AutoTests" name="[95] /home/travis/build/icyphy/ptII/ptolemy/domains/continuous/test/auto/ModalTransitionGuardWithResetUsingPreemptiveTransition2.xml (RunModel)" time="0.039" />
  <testcase classname="ptolemy.util.test.junit.AutoTests" name="[96] /home/travis/build/icyphy/ptII/ptolemy/domains/continuous/test/auto/ModalTransitionGuardWithResetUsingPreemptiveTransition3.xml (RunModel)" time="0.027" />
  <testcase classname="ptolemy.util.test.junit.AutoTests" name="[97] /home/travis/build/icyphy/ptII/ptolemy/domains/continuous/test/auto/NewtonsCradle.xml (RunModel)" time="0.839" />
  <testcase classname="ptolemy.util.test.junit.AutoTests" name="[98] /home/travis/build/icyphy/ptII/ptolemy/domains/continuous/test/auto/NewtonsCradleAnimated.xml (RunModel)" time="1.237" />
  <testcase classname="ptolemy.util.test.junit.AutoTests" name="[99] /home/travis/build/icyphy/ptII/ptolemy/domains/continuous/test/auto/NewtonsCradleComplicated.xml (RunModel)" time="0.916" />
  <testcase classname="ptolemy.util.test.junit.AutoTests" name="[100] /home/travis/build/icyphy/ptII/ptolemy/domains/continuous/test/auto/NewtonsCradleNondeterministic.xml (RunModel)" time="0.709" />
  <testcase classname="ptolemy.util.test.junit.AutoTests" name="[101] /home/travis/build/icyphy/ptII/ptolemy/domains/continuous/test/auto/NewtonsCradlePerfectlyInelastic1.xml (RunModel)" time="1.195" />
  <testcase classname="ptolemy.util.test.junit.AutoTests" name="[102] /home/travis/build/icyphy/ptII/ptolemy/domains/continuous/test/auto/Noise.xml (RunModel)" time="0.184" />
  <testcase classname="ptolemy.util.test.junit.AutoTests" name="[103] /home/travis/build/icyphy/ptII/ptolemy/domains/continuous/test/auto/NoiseSpectrum.xml (RunModel)" time="0.685" />
  <testcase classname="ptolemy.util.test.junit.AutoTests" name="[104] /home/travis/build/icyphy/ptII/ptolemy/domains/continuous/test/auto/ParameterizedNewtonsCradleAnimated.xml (RunModel)" time="0.397" />
  <testcase classname="ptolemy.util.test.junit.AutoTests" name="[105] /home/travis/build/icyphy/ptII/ptolemy/domains/continuous/test/auto/ParameterizedNewtonsCradleAnimatedNondeterministic.xml (RunModel)" time="1.16" />
  <testcase classname="ptolemy.util.test.junit.AutoTests" name="[106] /home/travis/build/icyphy/ptII/ptolemy/domains/continuous/test/auto/Pendulum3D.xml (RunModel)" time="0.182" />
  <testcase classname="ptolemy.util.test.junit.AutoTests" name="[107] /home/travis/build/icyphy/ptII/ptolemy/domains/continuous/test/auto/PeriodicSampler.xml (RunModel)" time="0.013" />
  <testcase classname="ptolemy.util.test.junit.AutoTests" name="[108] /home/travis/build/icyphy/ptII/ptolemy/domains/continuous/test/auto/PeriodicSampler1.xml (RunModel)" time="0.039" />
  <testcase classname="ptolemy.util.test.junit.AutoTests" name="[109] /home/travis/build/icyphy/ptII/ptolemy/domains/continuous/test/auto/PeriodicSampler2.xml (RunModel)" time="0.087" />
  <testcase classname="ptolemy.util.test.junit.AutoTests" name="[110] /home/travis/build/icyphy/ptII/ptolemy/domains/continuous/test/auto/Poisson.xml (RunModel)" time="0.463" />
  <testcase classname="ptolemy.util.test.junit.AutoTests" name="[111] /home/travis/build/icyphy/ptII/ptolemy/domains/continuous/test/auto/PoissonClock.xml (RunModel)" time="0.014" />
  <testcase classname="ptolemy.util.test.junit.AutoTests" name="[112] /home/travis/build/icyphy/ptII/ptolemy/domains/continuous/test/auto/PoissonClock2.xml (RunModel)" time="0.012" />
  <testcase classname="ptolemy.util.test.junit.AutoTests" name="[113] /home/travis/build/icyphy/ptII/ptolemy/domains/continuous/test/auto/PortParameterHierarchy.xml (RunModel)" time="0.027" />
  <testcase classname="ptolemy.util.test.junit.AutoTests" name="[114] /home/travis/build/icyphy/ptII/ptolemy/domains/continuous/test/auto/RandomHybridPlant.xml (RunModel)" time="0.57" />
  <testcase classname="ptolemy.util.test.junit.AutoTests" name="[115] /home/travis/build/icyphy/ptII/ptolemy/domains/continuous/test/auto/ResetTransitionWithStartTime1.xml (RunModel)" time="0.03" />
  <testcase classname="ptolemy.util.test.junit.AutoTests" name="[116] /home/travis/build/icyphy/ptII/ptolemy/domains/continuous/test/auto/ResetTransitionWithStartTime2.xml (RunModel)" time="0.032" />
  <testcase classname="ptolemy.util.test.junit.AutoTests" name="[117] /home/travis/build/icyphy/ptII/ptolemy/domains/continuous/test/auto/ResetTransitionWithStartTime3.xml (RunModel)" time="0.042" />
  <testcase classname="ptolemy.util.test.junit.AutoTests" name="[118] /home/travis/build/icyphy/ptII/ptolemy/domains/continuous/test/auto/ResetTransitionWithStartTime4.xml (RunModel)" time="0.031" />
  <testcase classname="ptolemy.util.test.junit.AutoTests" name="[119] /home/travis/build/icyphy/ptII/ptolemy/domains/continuous/test/auto/ResetTransitionWithStartTime5.xml (RunModel)" time="0.044" />
  <testcase classname="ptolemy.util.test.junit.AutoTests" name="[120] /home/travis/build/icyphy/ptII/ptolemy/domains/continuous/test/auto/ResetTransitionWithStartTime6.xml (RunModel)" time="0.03" />
  <testcase classname="ptolemy.util.test.junit.AutoTests" name="[121] /home/travis/build/icyphy/ptII/ptolemy/domains/continuous/test/auto/SRinContinuous.xml (RunModel)" time="0.028" />
  <testcase classname="ptolemy.util.test.junit.AutoTests" name="[122] /home/travis/build/icyphy/ptII/ptolemy/domains/continuous/test/auto/SampledClocks.xml (RunModel)" time="0.033" />
  <testcase classname="ptolemy.util.test.junit.AutoTests" name="[123] /home/travis/build/icyphy/ptII/ptolemy/domains/continuous/test/auto/Satellite.xml (RunModel)" time="0.781" />
  <testcase classname="ptolemy.util.test.junit.AutoTests" name="[124] /home/travis/build/icyphy/ptII/ptolemy/domains/continuous/test/auto/SigmaDelta.xml (RunModel)" time="2.167" />
  <testcase classname="ptolemy.util.test.junit.AutoTests" name="[125] /home/travis/build/icyphy/ptII/ptolemy/domains/continuous/test/auto/SingleRefinement.xml (RunModel)" time="0.428" />
  <testcase classname="ptolemy.util.test.junit.AutoTests" name="[126] /home/travis/build/icyphy/ptII/ptolemy/domains/continuous/test/auto/SinuBouncingBall.xml (RunModel)" time="0.798" />
  <testcase classname="ptolemy.util.test.junit.AutoTests" name="[127] /home/travis/build/icyphy/ptII/ptolemy/domains/continuous/test/auto/Sinusoid.xml (RunModel)" time="0.011" />
  <testcase classname="ptolemy.util.test.junit.AutoTests" name="[128] /home/travis/build/icyphy/ptII/ptolemy/domains/continuous/test/auto/SinusoidInNoise.xml (RunModel)" time="0.844" />
  <testcase classname="ptolemy.util.test.junit.AutoTests" name="[129] /home/travis/build/icyphy/ptII/ptolemy/domains/continuous/test/auto/SinusoidRK45.xml (RunModel)" time="0.015" />
  <testcase classname="ptolemy.util.test.junit.AutoTests" name="[130] /home/travis/build/icyphy/ptII/ptolemy/domains/continuous/test/auto/SinusoidWithMultipleImpulses.xml (RunModel)" time="0.014" />
  <testcase classname="ptolemy.util.test.junit.AutoTests" name="[131] /home/travis/build/icyphy/ptII/ptolemy/domains/continuous/test/auto/SquareWave.xml (RunModel)" time="0.202" />
  <testcase classname="ptolemy.util.test.junit.AutoTests" name="[132] /home/travis/build/icyphy/ptII/ptolemy/domains/continuous/test/auto/Starmac.xml (RunModel)" time="3.387" />
  <testcase classname="ptolemy.util.test.junit.AutoTests" name="[133] /home/travis/build/icyphy/ptII/ptolemy/domains/continuous/test/auto/StaticUnits.xml (RunModel)" time="2.388" />
  <testcase classname="ptolemy.util.test.junit.AutoTests" name="[134] /home/travis/build/icyphy/ptII/ptolemy/domains/continuous/test/auto/StickyMasses.xml (RunModel)" time="0.173" />
  <testcase classname="ptolemy.util.test.junit.AutoTests" name="[135] /home/travis/build/icyphy/ptII/ptolemy/domains/continuous/test/auto/StopTime.xml (RunModel)" time="0.09" />
  <testcase classname="ptolemy.util.test.junit.AutoTests" name="[136] /home/travis/build/icyphy/ptII/ptolemy/domains/continuous/test/auto/StopTime2.xml (RunModel)" time="0.06" />
  <testcase classname="ptolemy.util.test.junit.AutoTests" name="[137] /home/travis/build/icyphy/ptII/ptolemy/domains/continuous/test/auto/Switch.xml (RunModel)" time="0.149" />
  <testcase classname="ptolemy.util.test.junit.AutoTests" name="[138] /home/travis/build/icyphy/ptII/ptolemy/domains/continuous/test/auto/Thermostat.xml (RunModel)" time="0.272" />
  <testcase classname="ptolemy.util.test.junit.AutoTests" name="[139] /home/travis/build/icyphy/ptII/ptolemy/domains/continuous/test/auto/TimeDelay.xml (RunModel)" time="0.017" />
  <testcase classname="ptolemy.util.test.junit.AutoTests" name="[140] /home/travis/build/icyphy/ptII/ptolemy/domains/continuous/test/auto/TimeDelay2.xml (RunModel)" time="0.028" />
  <testcase classname="ptolemy.util.test.junit.AutoTests" name="[141] /home/travis/build/icyphy/ptII/ptolemy/domains/continuous/test/auto/TimeDelay3.xml (RunModel)" time="0.011" />
  <testcase classname="ptolemy.util.test.junit.AutoTests" name="[142] /home/travis/build/icyphy/ptII/ptolemy/domains/continuous/test/auto/TransferAbsentToInside.xml (RunModel)" time="0.103" />
  <testcase classname="ptolemy.util.test.junit.AutoTests" name="[143] /home/travis/build/icyphy/ptII/ptolemy/domains/continuous/test/auto/Transmission.xml (RunModel)" time="0.854" />
  <testcase classname="ptolemy.util.test.junit.AutoTests" name="[144] /home/travis/build/icyphy/ptII/ptolemy/domains/continuous/test/auto/TriggeredContinuousClock.xml (RunModel)" time="0.086" />
  <testcase classname="ptolemy.util.test.junit.AutoTests" name="[145] /home/travis/build/icyphy/ptII/ptolemy/domains/continuous/test/auto/TwoMachineInfiniteBusControl.xml (RunModel)" time="2.66" />
  <testcase classname="ptolemy.util.test.junit.AutoTests" name="[146] /home/travis/build/icyphy/ptII/ptolemy/domains/continuous/test/auto/V2V.xml (RunModel)" time="0.916" />
  <testcase classname="ptolemy.util.test.junit.AutoTests" name="[147] /home/travis/build/icyphy/ptII/ptolemy/domains/continuous/test/auto/hierarchicalModalModel.xml (RunModel)" time="0.04" />
  <testcase classname="ptolemy.util.test.junit.AutoTests" name="[148] /home/travis/build/icyphy/ptII/ptolemy/domains/continuous/test/auto/hierarchicalModalModel1.xml (RunModel)" time="0.033" />
  <testcase classname="ptolemy.util.test.junit.AutoTests" name="[149] /home/travis/build/icyphy/ptII/ptolemy/domains/continuous/test/auto/hierarchicalModalModel2.xml (RunModel)" time="0.028" />
  <testcase classname="ptolemy.util.test.junit.AutoTests" name="[150] /home/travis/build/icyphy/ptII/ptolemy/domains/continuous/test/auto/hierarchicalModalModel3.xml (RunModel)" time="0.026" />
  <testcase classname="ptolemy.util.test.junit.AutoTests" name="[151] /home/travis/build/icyphy/ptII/ptolemy/domains/continuous/test/auto/hierarchicalModalModel4.xml (RunModel)" time="0.027" />
  <testcase classname="ptolemy.util.test.junit.AutoTests" name="[152] /home/travis/build/icyphy/ptII/ptolemy/domains/continuous/test/auto/junk.xml (RunModel)" time="0.115" />
  <system-out><![CDATA[No tcl tests in /home/travis/build/icyphy/ptII/ptolemy/domains/continuous/test
No auto/knownFailedTests/*.xml tests in /home/travis/build/icyphy/ptII/ptolemy/domains/continuous/test
No auto/linux-amd64/*.xml tests in /home/travis/build/icyphy/ptII/ptolemy/domains/continuous/test
AutoTests.java: About to close Vertx.
AutoTests.java: Vertx closed.

===========================================================================================
----------------- testing Fri Jun 05 14:33:21 UTC 2020 /home/travis/build/icyphy/ptII/ptolemy/domains/continuous/test/auto/BouncingBall.xml
----------------- Instantiating /home/travis/build/icyphy/ptII/ptolemy/domains/continuous/test/auto/BouncingBall.xml
2293 ms. Memory: 155648K Free: 77666K (50%)
----------------- Invoking toplevel() on ptolemy.moml.MoMLSimpleApplication@3c2b036b
----------------- Done invoking toplevel() on ptolemy.moml.MoMLSimpleApplication@3c2b036b
reloadAllAccessors: .BouncingBall

===========================================================================================
----------------- testing Fri Jun 05 14:33:24 UTC 2020 /home/travis/build/icyphy/ptII/ptolemy/domains/continuous/test/auto/BouncingBallWithoutGR.xml
----------------- Instantiating /home/travis/build/icyphy/ptII/ptolemy/domains/continuous/test/auto/BouncingBallWithoutGR.xml
756 ms. Memory: 155648K Free: 77262K (50%)
----------------- Invoking toplevel() on ptolemy.moml.MoMLSimpleApplication@1d2ae9c8
----------------- Done invoking toplevel() on ptolemy.moml.MoMLSimpleApplication@1d2ae9c8
reloadAllAccessors: .BouncingBallWithoutGR

===========================================================================================
----------------- testing Fri Jun 05 14:33:25 UTC 2020 /home/travis/build/icyphy/ptII/ptolemy/domains/continuous/test/auto/Brownian.xml
----------------- Instantiating /home/travis/build/icyphy/ptII/ptolemy/domains/continuous/test/auto/Brownian.xml
32 ms. Memory: 155648K Free: 68556K (44%)
----------------- Invoking toplevel() on ptolemy.moml.MoMLSimpleApplication@45c2c937
----------------- Done invoking toplevel() on ptolemy.moml.MoMLSimpleApplication@45c2c937
reloadAllAccessors: .Brownian

===========================================================================================
----------------- testing Fri Jun 05 14:33:25 UTC 2020 /home/travis/build/icyphy/ptII/ptolemy/domains/continuous/test/auto/CarTracking.xml
----------------- Instantiating /home/travis/build/icyphy/ptII/ptolemy/domains/continuous/test/auto/CarTracking.xml
3584 ms. Memory: 225280K Free: 204296K (91%)
----------------- Invoking toplevel() on ptolemy.moml.MoMLSimpleApplication@51a95f22
----------------- Done invoking toplevel() on ptolemy.moml.MoMLSimpleApplication@51a95f22
reloadAllAccessors: .CarTracking

===========================================================================================
----------------- testing Fri Jun 05 14:33:29 UTC 2020 /home/travis/build/icyphy/ptII/ptolemy/domains/continuous/test/auto/CartPendulum.xml
----------------- Instantiating /home/travis/build/icyphy/ptII/ptolemy/domains/continuous/test/auto/CartPendulum.xml
401 ms. Memory: 225280K Free: 112646K (50%)
----------------- Invoking toplevel() on ptolemy.moml.MoMLSimpleApplication@13c616fb
----------------- Done invoking toplevel() on ptolemy.moml.MoMLSimpleApplication@13c616fb
reloadAllAccessors: .CartPendulum

===========================================================================================
----------------- testing Fri Jun 05 14:33:29 UTC 2020 /home/travis/build/icyphy/ptII/ptolemy/domains/continuous/test/auto/CausalityInterface10.xml
----------------- Instantiating /home/travis/build/icyphy/ptII/ptolemy/domains/continuous/test/auto/CausalityInterface10.xml
6 ms. Memory: 225280K Free: 102406K (45%)
----------------- Invoking toplevel() on ptolemy.moml.MoMLSimpleApplication@4ad9ed5e
----------------- Done invoking toplevel() on ptolemy.moml.MoMLSimpleApplication@4ad9ed5e
reloadAllAccessors: .CausalityInterface10

===========================================================================================
----------------- testing Fri Jun 05 14:33:29 UTC 2020 /home/travis/build/icyphy/ptII/ptolemy/domains/continuous/test/auto/CausalityInterface11.xml
----------------- Instantiating /home/travis/build/icyphy/ptII/ptolemy/domains/continuous/test/auto/CausalityInterface11.xml
10 ms. Memory: 225280K Free: 96248K (43%)
----------------- Invoking toplevel() on ptolemy.moml.MoMLSimpleApplication@3c8677b3
----------------- Done invoking toplevel() on ptolemy.moml.MoMLSimpleApplication@3c8677b3
reloadAllAccessors: .CausalityInterface11

===========================================================================================
----------------- testing Fri Jun 05 14:33:29 UTC 2020 /home/travis/build/icyphy/ptII/ptolemy/domains/continuous/test/auto/CausalityInterface12.xml
----------------- Instantiating /home/travis/build/icyphy/ptII/ptolemy/domains/continuous/test/auto/CausalityInterface12.xml
12 ms. Memory: 225280K Free: 90118K (40%)
----------------- Invoking toplevel() on ptolemy.moml.MoMLSimpleApplication@1ef8e4d0
----------------- Done invoking toplevel() on ptolemy.moml.MoMLSimpleApplication@1ef8e4d0
reloadAllAccessors: .CausalityInterface12

===========================================================================================
----------------- testing Fri Jun 05 14:33:29 UTC 2020 /home/travis/build/icyphy/ptII/ptolemy/domains/continuous/test/auto/CausalityInterface13.xml
----------------- Instantiating /home/travis/build/icyphy/ptII/ptolemy/domains/continuous/test/auto/CausalityInterface13.xml
6 ms. Memory: 225280K Free: 83974K (37%)
----------------- Invoking toplevel() on ptolemy.moml.MoMLSimpleApplication@71b279bb
----------------- Done invoking toplevel() on ptolemy.moml.MoMLSimpleApplication@71b279bb
reloadAllAccessors: .CausalityInterface13

===========================================================================================
----------------- testing Fri Jun 05 14:33:29 UTC 2020 /home/travis/build/icyphy/ptII/ptolemy/domains/continuous/test/auto/CausalityInterface14.xml
----------------- Instantiating /home/travis/build/icyphy/ptII/ptolemy/domains/continuous/test/auto/CausalityInterface14.xml
5 ms. Memory: 225280K Free: 78344K (35%)
----------------- Invoking toplevel() on ptolemy.moml.MoMLSimpleApplication@713d0212
----------------- Done invoking toplevel() on ptolemy.moml.MoMLSimpleApplication@713d0212
reloadAllAccessors: .CausalityInterface14

===========================================================================================
----------------- testing Fri Jun 05 14:33:29 UTC 2020 /home/travis/build/icyphy/ptII/ptolemy/domains/continuous/test/auto/CausalityInterface4.xml
----------------- Instantiating /home/travis/build/icyphy/ptII/ptolemy/domains/continuous/test/auto/CausalityInterface4.xml
5 ms. Memory: 225280K Free: 203554K (90%)
----------------- Invoking toplevel() on ptolemy.moml.MoMLSimpleApplication@66d80a67
----------------- Done invoking toplevel() on ptolemy.moml.MoMLSimpleApplication@66d80a67
reloadAllAccessors: .CausalityInterface4

===========================================================================================
----------------- testing Fri Jun 05 14:33:30 UTC 2020 /home/travis/build/icyphy/ptII/ptolemy/domains/continuous/test/auto/CausalityInterface5.xml
----------------- Instantiating /home/travis/build/icyphy/ptII/ptolemy/domains/continuous/test/auto/CausalityInterface5.xml
7 ms. Memory: 225280K Free: 195890K (87%)
----------------- Invoking toplevel() on ptolemy.moml.MoMLSimpleApplication@6db351bf
----------------- Done invoking toplevel() on ptolemy.moml.MoMLSimpleApplication@6db351bf
reloadAllAccessors: .CausalityInterface5

===========================================================================================
----------------- testing Fri Jun 05 14:33:30 UTC 2020 /home/travis/build/icyphy/ptII/ptolemy/domains/continuous/test/auto/CausalityInterface6.xml
----------------- Instantiating /home/travis/build/icyphy/ptII/ptolemy/domains/continuous/test/auto/CausalityInterface6.xml
5 ms. Memory: 225280K Free: 190242K (84%)
----------------- Invoking toplevel() on ptolemy.moml.MoMLSimpleApplication@20acb29
----------------- Done invoking toplevel() on ptolemy.moml.MoMLSimpleApplication@20acb29
reloadAllAccessors: .CausalityInterface6

===========================================================================================
----------------- testing Fri Jun 05 14:33:30 UTC 2020 /home/travis/build/icyphy/ptII/ptolemy/domains/continuous/test/auto/CausalityInterface7.xml
----------------- Instantiating /home/travis/build/icyphy/ptII/ptolemy/domains/continuous/test/auto/CausalityInterface7.xml
9 ms. Memory: 225280K Free: 181554K (81%)
----------------- Invoking toplevel() on ptolemy.moml.MoMLSimpleApplication@373a5e1a
----------------- Done invoking toplevel() on ptolemy.moml.MoMLSimpleApplication@373a5e1a
reloadAllAccessors: .CausalityInterface7

===========================================================================================
----------------- testing Fri Jun 05 14:33:30 UTC 2020 /home/travis/build/icyphy/ptII/ptolemy/domains/continuous/test/auto/CausalityInterface8.xml
----------------- Instantiating /home/travis/build/icyphy/ptII/ptolemy/domains/continuous/test/auto/CausalityInterface8.xml
7 ms. Memory: 225280K Free: 172338K (76%)
----------------- Invoking toplevel() on ptolemy.moml.MoMLSimpleApplication@5ad1eecc
----------------- Done invoking toplevel() on ptolemy.moml.MoMLSimpleApplication@5ad1eecc
reloadAllAccessors: .CausalityInterface8

===========================================================================================
----------------- testing Fri Jun 05 14:33:30 UTC 2020 /home/travis/build/icyphy/ptII/ptolemy/domains/continuous/test/auto/CausalityInterface9.xml
----------------- Instantiating /home/travis/build/icyphy/ptII/ptolemy/domains/continuous/test/auto/CausalityInterface9.xml
9 ms. Memory: 225280K Free: 161584K (72%)
----------------- Invoking toplevel() on ptolemy.moml.MoMLSimpleApplication@2b85ef3e
----------------- Done invoking toplevel() on ptolemy.moml.MoMLSimpleApplication@2b85ef3e
reloadAllAccessors: .CausalityInterface9

===========================================================================================
----------------- testing Fri Jun 05 14:33:30 UTC 2020 /home/travis/build/icyphy/ptII/ptolemy/domains/continuous/test/auto/CausalityInterfaceFeedback1.xml
----------------- Instantiating /home/travis/build/icyphy/ptII/ptolemy/domains/continuous/test/auto/CausalityInterfaceFeedback1.xml
7 ms. Memory: 225280K Free: 154930K (69%)
----------------- Invoking toplevel() on ptolemy.moml.MoMLSimpleApplication@540c5ffd
----------------- Done invoking toplevel() on ptolemy.moml.MoMLSimpleApplication@540c5ffd
reloadAllAccessors: .CausalityInterfaceFeedback1

===========================================================================================
----------------- testing Fri Jun 05 14:33:30 UTC 2020 /home/travis/build/icyphy/ptII/ptolemy/domains/continuous/test/auto/CausalityInterfaceFeedback2.xml
----------------- Instantiating /home/travis/build/icyphy/ptII/ptolemy/domains/continuous/test/auto/CausalityInterfaceFeedback2.xml
7 ms. Memory: 225280K Free: 148258K (66%)
----------------- Invoking toplevel() on ptolemy.moml.MoMLSimpleApplication@4cbf02f0
----------------- Done invoking toplevel() on ptolemy.moml.MoMLSimpleApplication@4cbf02f0
reloadAllAccessors: .CausalityInterfaceFeedback2

===========================================================================================
----------------- testing Fri Jun 05 14:33:30 UTC 2020 /home/travis/build/icyphy/ptII/ptolemy/domains/continuous/test/auto/CompareWithCurrentTime.xml
----------------- Instantiating /home/travis/build/icyphy/ptII/ptolemy/domains/continuous/test/auto/CompareWithCurrentTime.xml
3 ms. Memory: 225280K Free: 144176K (64%)
----------------- Invoking toplevel() on ptolemy.moml.MoMLSimpleApplication@1dd8d69f
----------------- Done invoking toplevel() on ptolemy.moml.MoMLSimpleApplication@1dd8d69f
reloadAllAccessors: .CompareWithCurrentTime

===========================================================================================
----------------- testing Fri Jun 05 14:33:30 UTC 2020 /home/travis/build/icyphy/ptII/ptolemy/domains/continuous/test/auto/ComparedClocks.xml
----------------- Instantiating /home/travis/build/icyphy/ptII/ptolemy/domains/continuous/test/auto/ComparedClocks.xml
5 ms. Memory: 225280K Free: 128802K (57%)
----------------- Invoking toplevel() on ptolemy.moml.MoMLSimpleApplication@5d40cd9f
----------------- Done invoking toplevel() on ptolemy.moml.MoMLSimpleApplication@5d40cd9f
reloadAllAccessors: .ComparedClocks

===========================================================================================
----------------- testing Fri Jun 05 14:33:30 UTC 2020 /home/travis/build/icyphy/ptII/ptolemy/domains/continuous/test/auto/ContinuousAOCClone.xml
----------------- Instantiating /home/travis/build/icyphy/ptII/ptolemy/domains/continuous/test/auto/ContinuousAOCClone.xml
2412 ms. Memory: 274432K Free: 181209K (66%)
----------------- Invoking toplevel() on ptolemy.moml.MoMLSimpleApplication@298324eb
----------------- Done invoking toplevel() on ptolemy.moml.MoMLSimpleApplication@298324eb
reloadAllAccessors: .ContinuousAOCClone

===========================================================================================
----------------- testing Fri Jun 05 14:33:33 UTC 2020 /home/travis/build/icyphy/ptII/ptolemy/domains/continuous/test/auto/ContinuousClock.xml
----------------- Instantiating /home/travis/build/icyphy/ptII/ptolemy/domains/continuous/test/auto/ContinuousClock.xml
27 ms. Memory: 274432K Free: 159705K (58%)
----------------- Invoking toplevel() on ptolemy.moml.MoMLSimpleApplication@3e2b0418
----------------- Done invoking toplevel() on ptolemy.moml.MoMLSimpleApplication@3e2b0418
reloadAllAccessors: .ContinuousClock

===========================================================================================
----------------- testing Fri Jun 05 14:33:33 UTC 2020 /home/travis/build/icyphy/ptII/ptolemy/domains/continuous/test/auto/ContinuousInContinuous.xml
----------------- Instantiating /home/travis/build/icyphy/ptII/ptolemy/domains/continuous/test/auto/ContinuousInContinuous.xml
39 ms. Memory: 274432K Free: 136153K (50%)
----------------- Invoking toplevel() on ptolemy.moml.MoMLSimpleApplication@2116e019
----------------- Done invoking toplevel() on ptolemy.moml.MoMLSimpleApplication@2116e019
reloadAllAccessors: .ContinuousInContinuous

===========================================================================================
----------------- testing Fri Jun 05 14:33:33 UTC 2020 /home/travis/build/icyphy/ptII/ptolemy/domains/continuous/test/auto/ContinuousInContinuousInContinuous.xml
----------------- Instantiating /home/travis/build/icyphy/ptII/ptolemy/domains/continuous/test/auto/ContinuousInContinuousInContinuous.xml
5 ms. Memory: 274432K Free: 128471K (47%)
----------------- Invoking toplevel() on ptolemy.moml.MoMLSimpleApplication@793445bb
----------------- Done invoking toplevel() on ptolemy.moml.MoMLSimpleApplication@793445bb
reloadAllAccessors: .ContinuousInContinuousInContinuous

===========================================================================================
----------------- testing Fri Jun 05 14:33:33 UTC 2020 /home/travis/build/icyphy/ptII/ptolemy/domains/continuous/test/auto/ContinuousInDE.xml
----------------- Instantiating /home/travis/build/icyphy/ptII/ptolemy/domains/continuous/test/auto/ContinuousInDE.xml
62 ms. Memory: 274432K Free: 117721K (43%)
----------------- Invoking toplevel() on ptolemy.moml.MoMLSimpleApplication@20a4f2a8
----------------- Done invoking toplevel() on ptolemy.moml.MoMLSimpleApplication@20a4f2a8
reloadAllAccessors: .ContinuousInDE

===========================================================================================
----------------- testing Fri Jun 05 14:33:33 UTC 2020 /home/travis/build/icyphy/ptII/ptolemy/domains/continuous/test/auto/ContinuousInDE2.xml
----------------- Instantiating /home/travis/build/icyphy/ptII/ptolemy/domains/continuous/test/auto/ContinuousInDE2.xml
34 ms. Memory: 274432K Free: 107991K (39%)
----------------- Invoking toplevel() on ptolemy.moml.MoMLSimpleApplication@1bf51962
----------------- Done invoking toplevel() on ptolemy.moml.MoMLSimpleApplication@1bf51962
reloadAllAccessors: .ContinuousInDE2

===========================================================================================
----------------- testing Fri Jun 05 14:33:33 UTC 2020 /home/travis/build/icyphy/ptII/ptolemy/domains/continuous/test/auto/ContinuousInDE3.xml
----------------- Instantiating /home/travis/build/icyphy/ptII/ptolemy/domains/continuous/test/auto/ContinuousInDE3.xml
35 ms. Memory: 274432K Free: 98265K (36%)
----------------- Invoking toplevel() on ptolemy.moml.MoMLSimpleApplication@3af8b1f0
----------------- Done invoking toplevel() on ptolemy.moml.MoMLSimpleApplication@3af8b1f0
reloadAllAccessors: .ContinuousInDE3

===========================================================================================
----------------- testing Fri Jun 05 14:33:33 UTC 2020 /home/travis/build/icyphy/ptII/ptolemy/domains/continuous/test/auto/ContinuousInDE4.xml
----------------- Instantiating /home/travis/build/icyphy/ptII/ptolemy/domains/continuous/test/auto/ContinuousInDE4.xml
16 ms. Memory: 274432K Free: 254834K (93%)
----------------- Invoking toplevel() on ptolemy.moml.MoMLSimpleApplication@70e44d8
----------------- Done invoking toplevel() on ptolemy.moml.MoMLSimpleApplication@70e44d8
reloadAllAccessors: .ContinuousInDE4

===========================================================================================
----------------- testing Fri Jun 05 14:33:33 UTC 2020 /home/travis/build/icyphy/ptII/ptolemy/domains/continuous/test/auto/ContinuousInDEDifferentRefinements.xml
----------------- Instantiating /home/travis/build/icyphy/ptII/ptolemy/domains/continuous/test/auto/ContinuousInDEDifferentRefinements.xml
51 ms. Memory: 274432K Free: 223587K (81%)
----------------- Invoking toplevel() on ptolemy.moml.MoMLSimpleApplication@717f920f
----------------- Done invoking toplevel() on ptolemy.moml.MoMLSimpleApplication@717f920f
reloadAllAccessors: .ContinuousInDEDifferentRefinements

===========================================================================================
----------------- testing Fri Jun 05 14:33:33 UTC 2020 /home/travis/build/icyphy/ptII/ptolemy/domains/continuous/test/auto/ContinuousInDEDifferentRefinementsPreemptive.xml
----------------- Instantiating /home/travis/build/icyphy/ptII/ptolemy/domains/continuous/test/auto/ContinuousInDEDifferentRefinementsPreemptive.xml
43 ms. Memory: 274432K Free: 192851K (70%)
----------------- Invoking toplevel() on ptolemy.moml.MoMLSimpleApplication@60f49db6
----------------- Done invoking toplevel() on ptolemy.moml.MoMLSimpleApplication@60f49db6
reloadAllAccessors: .ContinuousInDEDifferentRefinementsPreemptive

===========================================================================================
----------------- testing Fri Jun 05 14:33:33 UTC 2020 /home/travis/build/icyphy/ptII/ptolemy/domains/continuous/test/auto/ContinuousInDEInContinuous2.xml
----------------- Instantiating /home/travis/build/icyphy/ptII/ptolemy/domains/continuous/test/auto/ContinuousInDEInContinuous2.xml
32 ms. Memory: 274432K Free: 181618K (66%)
----------------- Invoking toplevel() on ptolemy.moml.MoMLSimpleApplication@1ff49589
----------------- Done invoking toplevel() on ptolemy.moml.MoMLSimpleApplication@1ff49589
reloadAllAccessors: .ContinuousInDEInContinuous2

===========================================================================================
----------------- testing Fri Jun 05 14:33:33 UTC 2020 /home/travis/build/icyphy/ptII/ptolemy/domains/continuous/test/auto/ContinuousInDEInContinuous3.xml
----------------- Instantiating /home/travis/build/icyphy/ptII/ptolemy/domains/continuous/test/auto/ContinuousInDEInContinuous3.xml
42 ms. Memory: 274432K Free: 169844K (62%)
----------------- Invoking toplevel() on ptolemy.moml.MoMLSimpleApplication@24fabe13
----------------- Done invoking toplevel() on ptolemy.moml.MoMLSimpleApplication@24fabe13
reloadAllAccessors: .ContinuousInDEInContinuous3

===========================================================================================
----------------- testing Fri Jun 05 14:33:33 UTC 2020 /home/travis/build/icyphy/ptII/ptolemy/domains/continuous/test/auto/ContinuousInDEInput.xml
----------------- Instantiating /home/travis/build/icyphy/ptII/ptolemy/domains/continuous/test/auto/ContinuousInDEInput.xml
19 ms. Memory: 274432K Free: 162676K (59%)
----------------- Invoking toplevel() on ptolemy.moml.MoMLSimpleApplication@4f6134c
----------------- Done invoking toplevel() on ptolemy.moml.MoMLSimpleApplication@4f6134c
reloadAllAccessors: .ContinuousInDEInput

===========================================================================================
----------------- testing Fri Jun 05 14:33:33 UTC 2020 /home/travis/build/icyphy/ptII/ptolemy/domains/continuous/test/auto/ContinuousInDEInput2.xml
----------------- Instantiating /home/travis/build/icyphy/ptII/ptolemy/domains/continuous/test/auto/ContinuousInDEInput2.xml
13 ms. Memory: 274432K Free: 154994K (56%)
----------------- Invoking toplevel() on ptolemy.moml.MoMLSimpleApplication@122fbb17
----------------- Done invoking toplevel() on ptolemy.moml.MoMLSimpleApplication@122fbb17
reloadAllAccessors: .ContinuousInDEInput2

===========================================================================================
----------------- testing Fri Jun 05 14:33:33 UTC 2020 /home/travis/build/icyphy/ptII/ptolemy/domains/continuous/test/auto/ContinuousInDEInput3.xml
----------------- Instantiating /home/travis/build/icyphy/ptII/ptolemy/domains/continuous/test/auto/ContinuousInDEInput3.xml
13 ms. Memory: 274432K Free: 147826K (54%)
----------------- Invoking toplevel() on ptolemy.moml.MoMLSimpleApplication@59cbaeb9
----------------- Done invoking toplevel() on ptolemy.moml.MoMLSimpleApplication@59cbaeb9
reloadAllAccessors: .ContinuousInDEInput3

===========================================================================================
----------------- testing Fri Jun 05 14:33:33 UTC 2020 /home/travis/build/icyphy/ptII/ptolemy/domains/continuous/test/auto/ContinuousInDESharingRefinement.xml
----------------- Instantiating /home/travis/build/icyphy/ptII/ptolemy/domains/continuous/test/auto/ContinuousInDESharingRefinement.xml
145 ms. Memory: 274432K Free: 216748K (79%)
----------------- Invoking toplevel() on ptolemy.moml.MoMLSimpleApplication@8eadb6
----------------- Done invoking toplevel() on ptolemy.moml.MoMLSimpleApplication@8eadb6
reloadAllAccessors: .ContinuousInDESharingRefinement

===========================================================================================
----------------- testing Fri Jun 05 14:33:34 UTC 2020 /home/travis/build/icyphy/ptII/ptolemy/domains/continuous/test/auto/ContinuousInDEwithNoPorts.xml
----------------- Instantiating /home/travis/build/icyphy/ptII/ptolemy/domains/continuous/test/auto/ContinuousInDEwithNoPorts.xml
5 ms. Memory: 274432K Free: 212156K (77%)
----------------- Invoking toplevel() on ptolemy.moml.MoMLSimpleApplication@4a1c1a2d
----------------- Done invoking toplevel() on ptolemy.moml.MoMLSimpleApplication@4a1c1a2d
reloadAllAccessors: .ContinuousInDEwithNoPorts

===========================================================================================
----------------- testing Fri Jun 05 14:33:34 UTC 2020 /home/travis/build/icyphy/ptII/ptolemy/domains/continuous/test/auto/ContinuousInsideDE.xml
----------------- Instantiating /home/travis/build/icyphy/ptII/ptolemy/domains/continuous/test/auto/ContinuousInsideDE.xml
34 ms. Memory: 274432K Free: 200892K (73%)
----------------- Invoking toplevel() on ptolemy.moml.MoMLSimpleApplication@1e171e74
----------------- Done invoking toplevel() on ptolemy.moml.MoMLSimpleApplication@1e171e74
reloadAllAccessors: .ContinuousInsideDE

===========================================================================================
----------------- testing Fri Jun 05 14:33:34 UTC 2020 /home/travis/build/icyphy/ptII/ptolemy/domains/continuous/test/auto/ContinuousMerge1.xml
----------------- Instantiating /home/travis/build/icyphy/ptII/ptolemy/domains/continuous/test/auto/ContinuousMerge1.xml
3 ms. Memory: 274432K Free: 196268K (72%)
----------------- Invoking toplevel() on ptolemy.moml.MoMLSimpleApplication@6e59d83f
----------------- Done invoking toplevel() on ptolemy.moml.MoMLSimpleApplication@6e59d83f
reloadAllAccessors: .ContinuousMerge1

===========================================================================================
----------------- testing Fri Jun 05 14:33:34 UTC 2020 /home/travis/build/icyphy/ptII/ptolemy/domains/continuous/test/auto/ContinuousMerge2.xml
----------------- Instantiating /home/travis/build/icyphy/ptII/ptolemy/domains/continuous/test/auto/ContinuousMerge2.xml
17 ms. Memory: 274432K Free: 186042K (68%)
----------------- Invoking toplevel() on ptolemy.moml.MoMLSimpleApplication@5f7b940d
----------------- Done invoking toplevel() on ptolemy.moml.MoMLSimpleApplication@5f7b940d
reloadAllAccessors: .ContinuousMerge2

===========================================================================================
----------------- testing Fri Jun 05 14:33:34 UTC 2020 /home/travis/build/icyphy/ptII/ptolemy/domains/continuous/test/auto/ContinuousMerge3.xml
----------------- Instantiating /home/travis/build/icyphy/ptII/ptolemy/domains/continuous/test/auto/ContinuousMerge3.xml
49 ms. Memory: 274432K Free: 175292K (64%)
----------------- Invoking toplevel() on ptolemy.moml.MoMLSimpleApplication@3042d4aa
----------------- Done invoking toplevel() on ptolemy.moml.MoMLSimpleApplication@3042d4aa
reloadAllAccessors: .ContinuousMerge3

===========================================================================================
----------------- testing Fri Jun 05 14:33:34 UTC 2020 /home/travis/build/icyphy/ptII/ptolemy/domains/continuous/test/auto/ContinuousWithinContinuous.xml
----------------- Instantiating /home/travis/build/icyphy/ptII/ptolemy/domains/continuous/test/auto/ContinuousWithinContinuous.xml
34 ms. Memory: 274432K Free: 165562K (60%)
----------------- Invoking toplevel() on ptolemy.moml.MoMLSimpleApplication@549116b7
----------------- Done invoking toplevel() on ptolemy.moml.MoMLSimpleApplication@549116b7
reloadAllAccessors: .ContinuousWithinContinuous

===========================================================================================
----------------- testing Fri Jun 05 14:33:34 UTC 2020 /home/travis/build/icyphy/ptII/ptolemy/domains/continuous/test/auto/ContinuousWithinContinuous2.xml
----------------- Instantiating /home/travis/build/icyphy/ptII/ptolemy/domains/continuous/test/auto/ContinuousWithinContinuous2.xml
55 ms. Memory: 274432K Free: 154812K (56%)
----------------- Invoking toplevel() on ptolemy.moml.MoMLSimpleApplication@af473f5
----------------- Done invoking toplevel() on ptolemy.moml.MoMLSimpleApplication@af473f5
reloadAllAccessors: .ContinuousWithinContinuous2

===========================================================================================
----------------- testing Fri Jun 05 14:33:34 UTC 2020 /home/travis/build/icyphy/ptII/ptolemy/domains/continuous/test/auto/ContinuousWithinContinuous3.xml
----------------- Instantiating /home/travis/build/icyphy/ptII/ptolemy/domains/continuous/test/auto/ContinuousWithinContinuous3.xml
11 ms. Memory: 274432K Free: 147644K (54%)
----------------- Invoking toplevel() on ptolemy.moml.MoMLSimpleApplication@3f5ac760
----------------- Done invoking toplevel() on ptolemy.moml.MoMLSimpleApplication@3f5ac760
reloadAllAccessors: .ContinuousWithinContinuous3

===========================================================================================
----------------- testing Fri Jun 05 14:33:34 UTC 2020 /home/travis/build/icyphy/ptII/ptolemy/domains/continuous/test/auto/ContinuousWithinContinuous4.xml
----------------- Instantiating /home/travis/build/icyphy/ptII/ptolemy/domains/continuous/test/auto/ContinuousWithinContinuous4.xml
68 ms. Memory: 274432K Free: 135356K (49%)
----------------- Invoking toplevel() on ptolemy.moml.MoMLSimpleApplication@63e6b082
----------------- Done invoking toplevel() on ptolemy.moml.MoMLSimpleApplication@63e6b082
reloadAllAccessors: .ContinuousWithinContinuous4

===========================================================================================
----------------- testing Fri Jun 05 14:33:34 UTC 2020 /home/travis/build/icyphy/ptII/ptolemy/domains/continuous/test/auto/ContinuousWithinContinuous5.xml
----------------- Instantiating /home/travis/build/icyphy/ptII/ptolemy/domains/continuous/test/auto/ContinuousWithinContinuous5.xml
22 ms. Memory: 274432K Free: 128188K (47%)
----------------- Invoking toplevel() on ptolemy.moml.MoMLSimpleApplication@22064c5f
----------------- Done invoking toplevel() on ptolemy.moml.MoMLSimpleApplication@22064c5f
reloadAllAccessors: .ContinuousWithinContinuous5

===========================================================================================
----------------- testing Fri Jun 05 14:33:34 UTC 2020 /home/travis/build/icyphy/ptII/ptolemy/domains/continuous/test/auto/ContinuousWithinContinuous6.xml
----------------- Instantiating /home/travis/build/icyphy/ptII/ptolemy/domains/continuous/test/auto/ContinuousWithinContinuous6.xml
13 ms. Memory: 274432K Free: 121530K (44%)
----------------- Invoking toplevel() on ptolemy.moml.MoMLSimpleApplication@78b270d6
----------------- Done invoking toplevel() on ptolemy.moml.MoMLSimpleApplication@78b270d6
reloadAllAccessors: .ContinuousWithinContinuous6

===========================================================================================
----------------- testing Fri Jun 05 14:33:34 UTC 2020 /home/travis/build/icyphy/ptII/ptolemy/domains/continuous/test/auto/ContinuousWithinContinuous7.xml
----------------- Instantiating /home/travis/build/icyphy/ptII/ptolemy/domains/continuous/test/auto/ContinuousWithinContinuous7.xml
52 ms. Memory: 274432K Free: 110266K (40%)
----------------- Invoking toplevel() on ptolemy.moml.MoMLSimpleApplication@51e3babf
----------------- Done invoking toplevel() on ptolemy.moml.MoMLSimpleApplication@51e3babf
reloadAllAccessors: .ContinuousWithinContinuous7

===========================================================================================
----------------- testing Fri Jun 05 14:33:34 UTC 2020 /home/travis/build/icyphy/ptII/ptolemy/domains/continuous/test/auto/DCMotor.xml
----------------- Instantiating /home/travis/build/icyphy/ptII/ptolemy/domains/continuous/test/auto/DCMotor.xml
14187 ms. Memory: 274432K Free: 219236K (80%)
----------------- Invoking toplevel() on ptolemy.moml.MoMLSimpleApplication@2d28ed88
----------------- Done invoking toplevel() on ptolemy.moml.MoMLSimpleApplication@2d28ed88
reloadAllAccessors: .DCMotor

===========================================================================================
----------------- testing Fri Jun 05 14:33:49 UTC 2020 /home/travis/build/icyphy/ptII/ptolemy/domains/continuous/test/auto/DEInContinuous.xml
----------------- Instantiating /home/travis/build/icyphy/ptII/ptolemy/domains/continuous/test/auto/DEInContinuous.xml
27 ms. Memory: 274432K Free: 213092K (78%)
----------------- Invoking toplevel() on ptolemy.moml.MoMLSimpleApplication@60675d03
----------------- Done invoking toplevel() on ptolemy.moml.MoMLSimpleApplication@60675d03
reloadAllAccessors: .DEInContinuous

===========================================================================================
----------------- testing Fri Jun 05 14:33:49 UTC 2020 /home/travis/build/icyphy/ptII/ptolemy/domains/continuous/test/auto/DEinContinuous2.xml
----------------- Instantiating /home/travis/build/icyphy/ptII/ptolemy/domains/continuous/test/auto/DEinContinuous2.xml
14 ms. Memory: 274432K Free: 205414K (75%)
----------------- Invoking toplevel() on ptolemy.moml.MoMLSimpleApplication@15ae06e
----------------- Done invoking toplevel() on ptolemy.moml.MoMLSimpleApplication@15ae06e
reloadAllAccessors: .DEinContinuous2

===========================================================================================
----------------- testing Fri Jun 05 14:33:49 UTC 2020 /home/travis/build/icyphy/ptII/ptolemy/domains/continuous/test/auto/Derivative.xml
----------------- Instantiating /home/travis/build/icyphy/ptII/ptolemy/domains/continuous/test/auto/Derivative.xml
138 ms. Memory: 274432K Free: 175718K (64%)
----------------- Invoking toplevel() on ptolemy.moml.MoMLSimpleApplication@4046d06f
----------------- Done invoking toplevel() on ptolemy.moml.MoMLSimpleApplication@4046d06f
reloadAllAccessors: .Derivative2

===========================================================================================
----------------- testing Fri Jun 05 14:33:49 UTC 2020 /home/travis/build/icyphy/ptII/ptolemy/domains/continuous/test/auto/Derivative1.xml
----------------- Instantiating /home/travis/build/icyphy/ptII/ptolemy/domains/continuous/test/auto/Derivative1.xml
36 ms. Memory: 274432K Free: 161382K (59%)
----------------- Invoking toplevel() on ptolemy.moml.MoMLSimpleApplication@545afeb9
----------------- Done invoking toplevel() on ptolemy.moml.MoMLSimpleApplication@545afeb9
reloadAllAccessors: .Derivative1

===========================================================================================
----------------- testing Fri Jun 05 14:33:49 UTC 2020 /home/travis/build/icyphy/ptII/ptolemy/domains/continuous/test/auto/DiscreteClock.xml
----------------- Instantiating /home/travis/build/icyphy/ptII/ptolemy/domains/continuous/test/auto/DiscreteClock.xml
5 ms. Memory: 274432K Free: 156262K (57%)
----------------- Invoking toplevel() on ptolemy.moml.MoMLSimpleApplication@7665aabd
----------------- Done invoking toplevel() on ptolemy.moml.MoMLSimpleApplication@7665aabd
reloadAllAccessors: .DiscreteClock

===========================================================================================
----------------- testing Fri Jun 05 14:33:49 UTC 2020 /home/travis/build/icyphy/ptII/ptolemy/domains/continuous/test/auto/EfficiencyCurve.xml
----------------- Instantiating /home/travis/build/icyphy/ptII/ptolemy/domains/continuous/test/auto/EfficiencyCurve.xml
68 ms. Memory: 274432K Free: 147556K (54%)
----------------- Invoking toplevel() on ptolemy.moml.MoMLSimpleApplication@432d0e9f
----------------- Done invoking toplevel() on ptolemy.moml.MoMLSimpleApplication@432d0e9f
reloadAllAccessors: .EfficiencyCurve

===========================================================================================
----------------- testing Fri Jun 05 14:33:49 UTC 2020 /home/travis/build/icyphy/ptII/ptolemy/domains/continuous/test/auto/ExponentialResponse.xml
----------------- Instantiating /home/travis/build/icyphy/ptII/ptolemy/domains/continuous/test/auto/ExponentialResponse.xml
96 ms. Memory: 274432K Free: 131686K (48%)
----------------- Invoking toplevel() on ptolemy.moml.MoMLSimpleApplication@595ca793
----------------- Done invoking toplevel() on ptolemy.moml.MoMLSimpleApplication@595ca793
reloadAllAccessors: .ExponentialResponse

===========================================================================================
----------------- testing Fri Jun 05 14:33:49 UTC 2020 /home/travis/build/icyphy/ptII/ptolemy/domains/continuous/test/auto/ExponentialResponseRK45.xml
----------------- Instantiating /home/travis/build/icyphy/ptII/ptolemy/domains/continuous/test/auto/ExponentialResponseRK45.xml
22 ms. Memory: 274432K Free: 125028K (46%)
----------------- Invoking toplevel() on ptolemy.moml.MoMLSimpleApplication@1de10f60
----------------- Done invoking toplevel() on ptolemy.moml.MoMLSimpleApplication@1de10f60
reloadAllAccessors: .ExponentialResponseRK45

===========================================================================================
----------------- testing Fri Jun 05 14:33:49 UTC 2020 /home/travis/build/icyphy/ptII/ptolemy/domains/continuous/test/auto/Friction.xml
----------------- Instantiating /home/travis/build/icyphy/ptII/ptolemy/domains/continuous/test/auto/Friction.xml
1449 ms. Memory: 274432K Free: 182210K (66%)
----------------- Invoking toplevel() on ptolemy.moml.MoMLSimpleApplication@11e0b82b
----------------- Done invoking toplevel() on ptolemy.moml.MoMLSimpleApplication@11e0b82b
reloadAllAccessors: .Friction

===========================================================================================
----------------- testing Fri Jun 05 14:33:51 UTC 2020 /home/travis/build/icyphy/ptII/ptolemy/domains/continuous/test/auto/FurutaPendulum.xml
----------------- Instantiating /home/travis/build/icyphy/ptII/ptolemy/domains/continuous/test/auto/FurutaPendulum.xml
3035 ms. Memory: 274432K Free: 152585K (56%)
----------------- Invoking toplevel() on ptolemy.moml.MoMLSimpleApplication@7c74bf01
----------------- Done invoking toplevel() on ptolemy.moml.MoMLSimpleApplication@7c74bf01
reloadAllAccessors: .FurutaPendulum

===========================================================================================
----------------- testing Fri Jun 05 14:33:54 UTC 2020 /home/travis/build/icyphy/ptII/ptolemy/domains/continuous/test/auto/HierarchicalExecution.xml
----------------- Instantiating /home/travis/build/icyphy/ptII/ptolemy/domains/continuous/test/auto/HierarchicalExecution.xml
1720 ms. Memory: 329728K Free: 241951K (73%)
----------------- Invoking toplevel() on ptolemy.moml.MoMLSimpleApplication@c018897
----------------- Done invoking toplevel() on ptolemy.moml.MoMLSimpleApplication@c018897
reloadAllAccessors: .HierarchicalExecution

===========================================================================================
----------------- testing Fri Jun 05 14:33:56 UTC 2020 /home/travis/build/icyphy/ptII/ptolemy/domains/continuous/test/auto/HybridPlant.xml
----------------- Instantiating /home/travis/build/icyphy/ptII/ptolemy/domains/continuous/test/auto/HybridPlant.xml
502 ms. Memory: 329728K Free: 172672K (52%)
----------------- Invoking toplevel() on ptolemy.moml.MoMLSimpleApplication@4d8cb1b3
----------------- Done invoking toplevel() on ptolemy.moml.MoMLSimpleApplication@4d8cb1b3
reloadAllAccessors: .HybridPlant

===========================================================================================
----------------- testing Fri Jun 05 14:33:57 UTC 2020 /home/travis/build/icyphy/ptII/ptolemy/domains/continuous/test/auto/Hysteresis.xml
----------------- Instantiating /home/travis/build/icyphy/ptII/ptolemy/domains/continuous/test/auto/Hysteresis.xml
154 ms. Memory: 329728K Free: 305880K (93%)
----------------- Invoking toplevel() on ptolemy.moml.MoMLSimpleApplication@cc5a911
----------------- Done invoking toplevel() on ptolemy.moml.MoMLSimpleApplication@cc5a911
reloadAllAccessors: .Hysteresis

===========================================================================================
----------------- testing Fri Jun 05 14:33:57 UTC 2020 /home/travis/build/icyphy/ptII/ptolemy/domains/continuous/test/auto/HysteresisWithRandomDelay.xml
----------------- Instantiating /home/travis/build/icyphy/ptII/ptolemy/domains/continuous/test/auto/HysteresisWithRandomDelay.xml
170 ms. Memory: 329728K Free: 233686K (71%)
----------------- Invoking toplevel() on ptolemy.moml.MoMLSimpleApplication@6e38b383
----------------- Done invoking toplevel() on ptolemy.moml.MoMLSimpleApplication@6e38b383
reloadAllAccessors: .HysteresisWithRandomDelay

===========================================================================================
----------------- testing Fri Jun 05 14:33:57 UTC 2020 /home/travis/build/icyphy/ptII/ptolemy/domains/continuous/test/auto/HysteresisWithRandomLosses.xml
----------------- Instantiating /home/travis/build/icyphy/ptII/ptolemy/domains/continuous/test/auto/HysteresisWithRandomLosses.xml
2352 ms. Memory: 329728K Free: 258560K (78%)
----------------- Invoking toplevel() on ptolemy.moml.MoMLSimpleApplication@168aac12
----------------- Done invoking toplevel() on ptolemy.moml.MoMLSimpleApplication@168aac12
reloadAllAccessors: .HysteresisWithRandomLosses

===========================================================================================
----------------- testing Fri Jun 05 14:34:00 UTC 2020 /home/travis/build/icyphy/ptII/ptolemy/domains/continuous/test/auto/ImmediateTransitions.xml
----------------- Instantiating /home/travis/build/icyphy/ptII/ptolemy/domains/continuous/test/auto/ImmediateTransitions.xml
9 ms. Memory: 329728K Free: 247810K (75%)
----------------- Invoking toplevel() on ptolemy.moml.MoMLSimpleApplication@7e3b2959
----------------- Done invoking toplevel() on ptolemy.moml.MoMLSimpleApplication@7e3b2959
reloadAllAccessors: .ImmediateTransitions

===========================================================================================
----------------- testing Fri Jun 05 14:34:00 UTC 2020 /home/travis/build/icyphy/ptII/ptolemy/domains/continuous/test/auto/ImpulseFeedback.xml
----------------- Instantiating /home/travis/build/icyphy/ptII/ptolemy/domains/continuous/test/auto/ImpulseFeedback.xml
7 ms. Memory: 329728K Free: 242176K (73%)
----------------- Invoking toplevel() on ptolemy.moml.MoMLSimpleApplication@36155a71
----------------- Done invoking toplevel() on ptolemy.moml.MoMLSimpleApplication@36155a71
reloadAllAccessors: .ImpulseFeedback

===========================================================================================
----------------- testing Fri Jun 05 14:34:00 UTC 2020 /home/travis/build/icyphy/ptII/ptolemy/domains/continuous/test/auto/ImpulseFeedback2.xml
----------------- Instantiating /home/travis/build/icyphy/ptII/ptolemy/domains/continuous/test/auto/ImpulseFeedback2.xml
6 ms. Memory: 329728K Free: 236546K (72%)
----------------- Invoking toplevel() on ptolemy.moml.MoMLSimpleApplication@40f26836
----------------- Done invoking toplevel() on ptolemy.moml.MoMLSimpleApplication@40f26836
reloadAllAccessors: .ImpulseFeedback2

===========================================================================================
----------------- testing Fri Jun 05 14:34:00 UTC 2020 /home/travis/build/icyphy/ptII/ptolemy/domains/continuous/test/auto/IncreasingRatePoisson.xml
----------------- Instantiating /home/travis/build/icyphy/ptII/ptolemy/domains/continuous/test/auto/IncreasingRatePoisson.xml
736 ms. Memory: 329728K Free: 311761K (95%)
----------------- Invoking toplevel() on ptolemy.moml.MoMLSimpleApplication@1657b7fe
----------------- Done invoking toplevel() on ptolemy.moml.MoMLSimpleApplication@1657b7fe
reloadAllAccessors: .IncreasingRatePoisson

===========================================================================================
----------------- testing Fri Jun 05 14:34:01 UTC 2020 /home/travis/build/icyphy/ptII/ptolemy/domains/continuous/test/auto/InitialStateFeedback.xml
----------------- Instantiating /home/travis/build/icyphy/ptII/ptolemy/domains/continuous/test/auto/InitialStateFeedback.xml
4 ms. Memory: 329728K Free: 307155K (93%)
----------------- Invoking toplevel() on ptolemy.moml.MoMLSimpleApplication@22a840fe
----------------- Done invoking toplevel() on ptolemy.moml.MoMLSimpleApplication@22a840fe
reloadAllAccessors: .InitialStateFeedback

===========================================================================================
----------------- testing Fri Jun 05 14:34:01 UTC 2020 /home/travis/build/icyphy/ptII/ptolemy/domains/continuous/test/auto/Integration.xml
----------------- Instantiating /home/travis/build/icyphy/ptII/ptolemy/domains/continuous/test/auto/Integration.xml
2 ms. Memory: 329728K Free: 303059K (92%)
----------------- Invoking toplevel() on ptolemy.moml.MoMLSimpleApplication@38144e3e
----------------- Done invoking toplevel() on ptolemy.moml.MoMLSimpleApplication@38144e3e
reloadAllAccessors: .Integration

===========================================================================================
----------------- testing Fri Jun 05 14:34:01 UTC 2020 /home/travis/build/icyphy/ptII/ptolemy/domains/continuous/test/auto/Integration2.xml
----------------- Instantiating /home/travis/build/icyphy/ptII/ptolemy/domains/continuous/test/auto/Integration2.xml
69 ms. Memory: 329728K Free: 289233K (88%)
----------------- Invoking toplevel() on ptolemy.moml.MoMLSimpleApplication@397f7338
----------------- Done invoking toplevel() on ptolemy.moml.MoMLSimpleApplication@397f7338
reloadAllAccessors: .Integration2

===========================================================================================
----------------- testing Fri Jun 05 14:34:01 UTC 2020 /home/travis/build/icyphy/ptII/ptolemy/domains/continuous/test/auto/Integration3.xml
----------------- Instantiating /home/travis/build/icyphy/ptII/ptolemy/domains/continuous/test/auto/Integration3.xml
3 ms. Memory: 329728K Free: 284627K (86%)
----------------- Invoking toplevel() on ptolemy.moml.MoMLSimpleApplication@1e53ad59
----------------- Done invoking toplevel() on ptolemy.moml.MoMLSimpleApplication@1e53ad59
reloadAllAccessors: .Integration3

===========================================================================================
----------------- testing Fri Jun 05 14:34:01 UTC 2020 /home/travis/build/icyphy/ptII/ptolemy/domains/continuous/test/auto/Integration5.xml
----------------- Instantiating /home/travis/build/icyphy/ptII/ptolemy/domains/continuous/test/auto/Integration5.xml
2 ms. Memory: 329728K Free: 280531K (85%)
----------------- Invoking toplevel() on ptolemy.moml.MoMLSimpleApplication@3ca0ed19
----------------- Done invoking toplevel() on ptolemy.moml.MoMLSimpleApplication@3ca0ed19
reloadAllAccessors: .Integration5

===========================================================================================
----------------- testing Fri Jun 05 14:34:01 UTC 2020 /home/travis/build/icyphy/ptII/ptolemy/domains/continuous/test/auto/IntegratorImpulse.xml
----------------- Instantiating /home/travis/build/icyphy/ptII/ptolemy/domains/continuous/test/auto/IntegratorImpulse.xml
2 ms. Memory: 329728K Free: 276435K (84%)
----------------- Invoking toplevel() on ptolemy.moml.MoMLSimpleApplication@5acbde85
----------------- Done invoking toplevel() on ptolemy.moml.MoMLSimpleApplication@5acbde85
reloadAllAccessors: .IntegratorImpulse

===========================================================================================
----------------- testing Fri Jun 05 14:34:01 UTC 2020 /home/travis/build/icyphy/ptII/ptolemy/domains/continuous/test/auto/IntegratorImpulse2.xml
----------------- Instantiating /home/travis/build/icyphy/ptII/ptolemy/domains/continuous/test/auto/IntegratorImpulse2.xml
4 ms. Memory: 329728K Free: 271795K (82%)
----------------- Invoking toplevel() on ptolemy.moml.MoMLSimpleApplication@243b94d3
----------------- Done invoking toplevel() on ptolemy.moml.MoMLSimpleApplication@243b94d3
reloadAllAccessors: .IntegratorImpulse2

===========================================================================================
----------------- testing Fri Jun 05 14:34:01 UTC 2020 /home/travis/build/icyphy/ptII/ptolemy/domains/continuous/test/auto/LevelCrossing1.xml
----------------- Instantiating /home/travis/build/icyphy/ptII/ptolemy/domains/continuous/test/auto/LevelCrossing1.xml
3 ms. Memory: 329728K Free: 266705K (81%)
----------------- Invoking toplevel() on ptolemy.moml.MoMLSimpleApplication@7eb04a47
----------------- Done invoking toplevel() on ptolemy.moml.MoMLSimpleApplication@7eb04a47
reloadAllAccessors: .LevelCrossing1

===========================================================================================
----------------- testing Fri Jun 05 14:34:01 UTC 2020 /home/travis/build/icyphy/ptII/ptolemy/domains/continuous/test/auto/LevelCrossing2.xml
----------------- Instantiating /home/travis/build/icyphy/ptII/ptolemy/domains/continuous/test/auto/LevelCrossing2.xml
3 ms. Memory: 329728K Free: 261585K (79%)
----------------- Invoking toplevel() on ptolemy.moml.MoMLSimpleApplication@79b7bf8
----------------- Done invoking toplevel() on ptolemy.moml.MoMLSimpleApplication@79b7bf8
reloadAllAccessors: .LevelCrossing2

===========================================================================================
----------------- testing Fri Jun 05 14:34:01 UTC 2020 /home/travis/build/icyphy/ptII/ptolemy/domains/continuous/test/auto/LevelCrossing3.xml
----------------- Instantiating /home/travis/build/icyphy/ptII/ptolemy/domains/continuous/test/auto/LevelCrossing3.xml
2 ms. Memory: 329728K Free: 256465K (78%)
----------------- Invoking toplevel() on ptolemy.moml.MoMLSimpleApplication@240d75a4
----------------- Done invoking toplevel() on ptolemy.moml.MoMLSimpleApplication@240d75a4
reloadAllAccessors: .LevelCrossing3

===========================================================================================
----------------- testing Fri Jun 05 14:34:01 UTC 2020 /home/travis/build/icyphy/ptII/ptolemy/domains/continuous/test/auto/LevelCrossing4.xml
----------------- Instantiating /home/travis/build/icyphy/ptII/ptolemy/domains/continuous/test/auto/LevelCrossing4.xml
4 ms. Memory: 329728K Free: 251345K (76%)
----------------- Invoking toplevel() on ptolemy.moml.MoMLSimpleApplication@735321e5
----------------- Done invoking toplevel() on ptolemy.moml.MoMLSimpleApplication@735321e5
reloadAllAccessors: .LevelCrossing4

===========================================================================================
----------------- testing Fri Jun 05 14:34:01 UTC 2020 /home/travis/build/icyphy/ptII/ptolemy/domains/continuous/test/auto/LevelCrossing5.xml
----------------- Instantiating /home/travis/build/icyphy/ptII/ptolemy/domains/continuous/test/auto/LevelCrossing5.xml
3 ms. Memory: 329728K Free: 246225K (75%)
----------------- Invoking toplevel() on ptolemy.moml.MoMLSimpleApplication@28e2c84a
----------------- Done invoking toplevel() on ptolemy.moml.MoMLSimpleApplication@28e2c84a
reloadAllAccessors: .LevelCrossing5

===========================================================================================
[...]
----------------- Instantiating /home/travis/build/icyphy/ptII/ptolemy/domains/continuous/test/auto/SRinContinuous.xml
6 ms. Memory: 329728K Free: 282629K (86%)
----------------- Invoking toplevel() on ptolemy.moml.MoMLSimpleApplication@490554be
----------------- Done invoking toplevel() on ptolemy.moml.MoMLSimpleApplication@490554be
reloadAllAccessors: .SRinContinuous

===========================================================================================
----------------- testing Fri Jun 05 14:34:17 UTC 2020 /home/travis/build/icyphy/ptII/ptolemy/domains/continuous/test/auto/SampledClocks.xml
----------------- Instantiating /home/travis/build/icyphy/ptII/ptolemy/domains/continuous/test/auto/SampledClocks.xml
7 ms. Memory: 329728K Free: 269831K (82%)
----------------- Invoking toplevel() on ptolemy.moml.MoMLSimpleApplication@7fd511b2
----------------- Done invoking toplevel() on ptolemy.moml.MoMLSimpleApplication@7fd511b2
reloadAllAccessors: .SampledClocks

===========================================================================================
----------------- testing Fri Jun 05 14:34:17 UTC 2020 /home/travis/build/icyphy/ptII/ptolemy/domains/continuous/test/auto/Satellite.xml
----------------- Instantiating /home/travis/build/icyphy/ptII/ptolemy/domains/continuous/test/auto/Satellite.xml
764 ms. Memory: 329728K Free: 274245K (83%)
----------------- Invoking toplevel() on ptolemy.moml.MoMLSimpleApplication@3d52c127
----------------- Done invoking toplevel() on ptolemy.moml.MoMLSimpleApplication@3d52c127
reloadAllAccessors: .Satellite

===========================================================================================
----------------- testing Fri Jun 05 14:34:18 UTC 2020 /home/travis/build/icyphy/ptII/ptolemy/domains/continuous/test/auto/SigmaDelta.xml
----------------- Instantiating /home/travis/build/icyphy/ptII/ptolemy/domains/continuous/test/auto/SigmaDelta.xml
2030 ms. Memory: 329728K Free: 205211K (62%)
----------------- Invoking toplevel() on ptolemy.moml.MoMLSimpleApplication@533acced
----------------- Done invoking toplevel() on ptolemy.moml.MoMLSimpleApplication@533acced
reloadAllAccessors: .SigmaDelta

===========================================================================================
----------------- testing Fri Jun 05 14:34:20 UTC 2020 /home/travis/build/icyphy/ptII/ptolemy/domains/continuous/test/auto/SingleRefinement.xml
----------------- Instantiating /home/travis/build/icyphy/ptII/ptolemy/domains/continuous/test/auto/SingleRefinement.xml
294 ms. Memory: 329728K Free: 217046K (66%)
----------------- Invoking toplevel() on ptolemy.moml.MoMLSimpleApplication@2dc4822e
----------------- Done invoking toplevel() on ptolemy.moml.MoMLSimpleApplication@2dc4822e
reloadAllAccessors: .SingleRefinement

===========================================================================================
----------------- testing Fri Jun 05 14:34:20 UTC 2020 /home/travis/build/icyphy/ptII/ptolemy/domains/continuous/test/auto/SinuBouncingBall.xml
----------------- Instantiating /home/travis/build/icyphy/ptII/ptolemy/domains/continuous/test/auto/SinuBouncingBall.xml
732 ms. Memory: 329728K Free: 199209K (60%)
----------------- Invoking toplevel() on ptolemy.moml.MoMLSimpleApplication@6097ab72
----------------- Done invoking toplevel() on ptolemy.moml.MoMLSimpleApplication@6097ab72
reloadAllAccessors: .SinuBouncingBall

===========================================================================================
----------------- testing Fri Jun 05 14:34:21 UTC 2020 /home/travis/build/icyphy/ptII/ptolemy/domains/continuous/test/auto/Sinusoid.xml
----------------- Instantiating /home/travis/build/icyphy/ptII/ptolemy/domains/continuous/test/auto/Sinusoid.xml
4 ms. Memory: 329728K Free: 194633K (59%)
----------------- Invoking toplevel() on ptolemy.moml.MoMLSimpleApplication@2b89f74e
----------------- Done invoking toplevel() on ptolemy.moml.MoMLSimpleApplication@2b89f74e
reloadAllAccessors: .Sinusoid

===========================================================================================
----------------- testing Fri Jun 05 14:34:21 UTC 2020 /home/travis/build/icyphy/ptII/ptolemy/domains/continuous/test/auto/SinusoidInNoise.xml
----------------- Instantiating /home/travis/build/icyphy/ptII/ptolemy/domains/continuous/test/auto/SinusoidInNoise.xml
804 ms. Memory: 329728K Free: 251514K (76%)
----------------- Invoking toplevel() on ptolemy.moml.MoMLSimpleApplication@65996e3d
----------------- Done invoking toplevel() on ptolemy.moml.MoMLSimpleApplication@65996e3d
reloadAllAccessors: .SinusoidInNoise

===========================================================================================
----------------- testing Fri Jun 05 14:34:22 UTC 2020 /home/travis/build/icyphy/ptII/ptolemy/domains/continuous/test/auto/SinusoidRK45.xml
----------------- Instantiating /home/travis/build/icyphy/ptII/ptolemy/domains/continuous/test/auto/SinusoidRK45.xml
5 ms. Memory: 329728K Free: 246890K (75%)
----------------- Invoking toplevel() on ptolemy.moml.MoMLSimpleApplication@46b72a55
----------------- Done invoking toplevel() on ptolemy.moml.MoMLSimpleApplication@46b72a55
reloadAllAccessors: .SinusoidRK45

===========================================================================================
----------------- testing Fri Jun 05 14:34:22 UTC 2020 /home/travis/build/icyphy/ptII/ptolemy/domains/continuous/test/auto/SinusoidWithMultipleImpulses.xml
----------------- Instantiating /home/travis/build/icyphy/ptII/ptolemy/domains/continuous/test/auto/SinusoidWithMultipleImpulses.xml
3 ms. Memory: 329728K Free: 242298K (73%)
----------------- Invoking toplevel() on ptolemy.moml.MoMLSimpleApplication@5310ad6a
----------------- Done invoking toplevel() on ptolemy.moml.MoMLSimpleApplication@5310ad6a
reloadAllAccessors: .SinusoidWithMultipleImpulses

===========================================================================================
----------------- testing Fri Jun 05 14:34:22 UTC 2020 /home/travis/build/icyphy/ptII/ptolemy/domains/continuous/test/auto/SquareWave.xml
----------------- Instantiating /home/travis/build/icyphy/ptII/ptolemy/domains/continuous/test/auto/SquareWave.xml
167 ms. Memory: 329728K Free: 215160K (65%)
----------------- Invoking toplevel() on ptolemy.moml.MoMLSimpleApplication@7421e828
----------------- Done invoking toplevel() on ptolemy.moml.MoMLSimpleApplication@7421e828
reloadAllAccessors: .SquareWave

===========================================================================================
----------------- testing Fri Jun 05 14:34:22 UTC 2020 /home/travis/build/icyphy/ptII/ptolemy/domains/continuous/test/auto/Starmac.xml
----------------- Instantiating /home/travis/build/icyphy/ptII/ptolemy/domains/continuous/test/auto/Starmac.xml
3065 ms. Memory: 329728K Free: 297921K (90%)
----------------- Invoking toplevel() on ptolemy.moml.MoMLSimpleApplication@7767563d
----------------- Done invoking toplevel() on ptolemy.moml.MoMLSimpleApplication@7767563d
reloadAllAccessors: .Starmac

===========================================================================================
----------------- testing Fri Jun 05 14:34:25 UTC 2020 /home/travis/build/icyphy/ptII/ptolemy/domains/continuous/test/auto/StaticUnits.xml
----------------- Instantiating /home/travis/build/icyphy/ptII/ptolemy/domains/continuous/test/auto/StaticUnits.xml
1952 ms. Memory: 329728K Free: 236300K (72%)
----------------- Invoking toplevel() on ptolemy.moml.MoMLSimpleApplication@b9a2dfc
----------------- Done invoking toplevel() on ptolemy.moml.MoMLSimpleApplication@b9a2dfc
reloadAllAccessors: .StaticUnits

===========================================================================================
----------------- testing Fri Jun 05 14:34:28 UTC 2020 /home/travis/build/icyphy/ptII/ptolemy/domains/continuous/test/auto/StickyMasses.xml
----------------- Instantiating /home/travis/build/icyphy/ptII/ptolemy/domains/continuous/test/auto/StickyMasses.xml
126 ms. Memory: 329728K Free: 186638K (57%)
----------------- Invoking toplevel() on ptolemy.moml.MoMLSimpleApplication@2fe65af8
----------------- Done invoking toplevel() on ptolemy.moml.MoMLSimpleApplication@2fe65af8
reloadAllAccessors: .StickyMasses

===========================================================================================
----------------- testing Fri Jun 05 14:34:28 UTC 2020 /home/travis/build/icyphy/ptII/ptolemy/domains/continuous/test/auto/StopTime.xml
----------------- Instantiating /home/travis/build/icyphy/ptII/ptolemy/domains/continuous/test/auto/StopTime.xml
58 ms. Memory: 329728K Free: 161534K (49%)
----------------- Invoking toplevel() on ptolemy.moml.MoMLSimpleApplication@6a283138
----------------- Done invoking toplevel() on ptolemy.moml.MoMLSimpleApplication@6a283138
reloadAllAccessors: .StopTime

===========================================================================================
----------------- testing Fri Jun 05 14:34:28 UTC 2020 /home/travis/build/icyphy/ptII/ptolemy/domains/continuous/test/auto/StopTime2.xml
----------------- Instantiating /home/travis/build/icyphy/ptII/ptolemy/domains/continuous/test/auto/StopTime2.xml
36 ms. Memory: 329728K Free: 139534K (42%)
----------------- Invoking toplevel() on ptolemy.moml.MoMLSimpleApplication@2e50a06c
----------------- Done invoking toplevel() on ptolemy.moml.MoMLSimpleApplication@2e50a06c
reloadAllAccessors: .StopTime2

===========================================================================================
----------------- testing Fri Jun 05 14:34:28 UTC 2020 /home/travis/build/icyphy/ptII/ptolemy/domains/continuous/test/auto/Switch.xml
----------------- Instantiating /home/travis/build/icyphy/ptII/ptolemy/domains/continuous/test/auto/Switch.xml
97 ms. Memory: 329728K Free: 114958K (35%)
----------------- Invoking toplevel() on ptolemy.moml.MoMLSimpleApplication@55a35eed
----------------- Done invoking toplevel() on ptolemy.moml.MoMLSimpleApplication@55a35eed
reloadAllAccessors: .Switch

===========================================================================================
----------------- testing Fri Jun 05 14:34:28 UTC 2020 /home/travis/build/icyphy/ptII/ptolemy/domains/continuous/test/auto/Thermostat.xml
----------------- Instantiating /home/travis/build/icyphy/ptII/ptolemy/domains/continuous/test/auto/Thermostat.xml
206 ms. Memory: 329728K Free: 234857K (71%)
----------------- Invoking toplevel() on ptolemy.moml.MoMLSimpleApplication@2fcadef5
----------------- Done invoking toplevel() on ptolemy.moml.MoMLSimpleApplication@2fcadef5
reloadAllAccessors: .Thermostat

===========================================================================================
----------------- testing Fri Jun 05 14:34:29 UTC 2020 /home/travis/build/icyphy/ptII/ptolemy/domains/continuous/test/auto/TimeDelay.xml
----------------- Instantiating /home/travis/build/icyphy/ptII/ptolemy/domains/continuous/test/auto/TimeDelay.xml
5 ms. Memory: 329728K Free: 230217K (70%)
----------------- Invoking toplevel() on ptolemy.moml.MoMLSimpleApplication@52ef6228
----------------- Done invoking toplevel() on ptolemy.moml.MoMLSimpleApplication@52ef6228
reloadAllAccessors: .TimeDelay

===========================================================================================
----------------- testing Fri Jun 05 14:34:29 UTC 2020 /home/travis/build/icyphy/ptII/ptolemy/domains/continuous/test/auto/TimeDelay2.xml
----------------- Instantiating /home/travis/build/icyphy/ptII/ptolemy/domains/continuous/test/auto/TimeDelay2.xml
7 ms. Memory: 329728K Free: 220007K (67%)
----------------- Invoking toplevel() on ptolemy.moml.MoMLSimpleApplication@2c54aab6
----------------- Done invoking toplevel() on ptolemy.moml.MoMLSimpleApplication@2c54aab6
reloadAllAccessors: .TimeDelay2

===========================================================================================
----------------- testing Fri Jun 05 14:34:29 UTC 2020 /home/travis/build/icyphy/ptII/ptolemy/domains/continuous/test/auto/TimeDelay3.xml
----------------- Instantiating /home/travis/build/icyphy/ptII/ptolemy/domains/continuous/test/auto/TimeDelay3.xml
2 ms. Memory: 329728K Free: 215401K (65%)
----------------- Invoking toplevel() on ptolemy.moml.MoMLSimpleApplication@350919ec
----------------- Done invoking toplevel() on ptolemy.moml.MoMLSimpleApplication@350919ec
reloadAllAccessors: .TimeDelay3

===========================================================================================
----------------- testing Fri Jun 05 14:34:29 UTC 2020 /home/travis/build/icyphy/ptII/ptolemy/domains/continuous/test/auto/TransferAbsentToInside.xml
----------------- Instantiating /home/travis/build/icyphy/ptII/ptolemy/domains/continuous/test/auto/TransferAbsentToInside.xml
31 ms. Memory: 329728K Free: 162633K (49%)
----------------- Invoking toplevel() on ptolemy.moml.MoMLSimpleApplication@6fe1522a
----------------- Done invoking toplevel() on ptolemy.moml.MoMLSimpleApplication@6fe1522a
reloadAllAccessors: .TransferAbsentToInside

===========================================================================================
----------------- testing Fri Jun 05 14:34:29 UTC 2020 /home/travis/build/icyphy/ptII/ptolemy/domains/continuous/test/auto/Transmission.xml
----------------- Instantiating /home/travis/build/icyphy/ptII/ptolemy/domains/continuous/test/auto/Transmission.xml
822 ms. Memory: 329728K Free: 121189K (37%)
----------------- Invoking toplevel() on ptolemy.moml.MoMLSimpleApplication@5838321d
----------------- Done invoking toplevel() on ptolemy.moml.MoMLSimpleApplication@5838321d
reloadAllAccessors: .Transmission

===========================================================================================
----------------- testing Fri Jun 05 14:34:30 UTC 2020 /home/travis/build/icyphy/ptII/ptolemy/domains/continuous/test/auto/TriggeredContinuousClock.xml
----------------- Instantiating /home/travis/build/icyphy/ptII/ptolemy/domains/continuous/test/auto/TriggeredContinuousClock.xml
41 ms. Memory: 329728K Free: 283476K (86%)
----------------- Invoking toplevel() on ptolemy.moml.MoMLSimpleApplication@3a439735
----------------- Done invoking toplevel() on ptolemy.moml.MoMLSimpleApplication@3a439735
reloadAllAccessors: .TriggeredContinuousClock

===========================================================================================
----------------- testing Fri Jun 05 14:34:30 UTC 2020 /home/travis/build/icyphy/ptII/ptolemy/domains/continuous/test/auto/TwoMachineInfiniteBusControl.xml
----------------- Instantiating /home/travis/build/icyphy/ptII/ptolemy/domains/continuous/test/auto/TwoMachineInfiniteBusControl.xml
2542 ms. Memory: 329728K Free: 294186K (89%)
----------------- Invoking toplevel() on ptolemy.moml.MoMLSimpleApplication@78e3abff
----------------- Done invoking toplevel() on ptolemy.moml.MoMLSimpleApplication@78e3abff
reloadAllAccessors: .TwoMachineInfiniteBusControl

===========================================================================================
----------------- testing Fri Jun 05 14:34:32 UTC 2020 /home/travis/build/icyphy/ptII/ptolemy/domains/continuous/test/auto/V2V.xml
----------------- Instantiating /home/travis/build/icyphy/ptII/ptolemy/domains/continuous/test/auto/V2V.xml
823 ms. Memory: 329728K Free: 296214K (90%)
----------------- Invoking toplevel() on ptolemy.moml.MoMLSimpleApplication@649d5ce
----------------- Done invoking toplevel() on ptolemy.moml.MoMLSimpleApplication@649d5ce
reloadAllAccessors: .V2V

===========================================================================================
----------------- testing Fri Jun 05 14:34:33 UTC 2020 /home/travis/build/icyphy/ptII/ptolemy/domains/continuous/test/auto/hierarchicalModalModel.xml
----------------- Instantiating /home/travis/build/icyphy/ptII/ptolemy/domains/continuous/test/auto/hierarchicalModalModel.xml
11 ms. Memory: 329728K Free: 281872K (85%)
----------------- Invoking toplevel() on ptolemy.moml.MoMLSimpleApplication@11c53712
----------------- Done invoking toplevel() on ptolemy.moml.MoMLSimpleApplication@11c53712
reloadAllAccessors: .hierarchicalModalModel

===========================================================================================
----------------- testing Fri Jun 05 14:34:33 UTC 2020 /home/travis/build/icyphy/ptII/ptolemy/domains/continuous/test/auto/hierarchicalModalModel1.xml
----------------- Instantiating /home/travis/build/icyphy/ptII/ptolemy/domains/continuous/test/auto/hierarchicalModalModel1.xml
11 ms. Memory: 329728K Free: 267542K (81%)
----------------- Invoking toplevel() on ptolemy.moml.MoMLSimpleApplication@404f1f01
----------------- Done invoking toplevel() on ptolemy.moml.MoMLSimpleApplication@404f1f01
reloadAllAccessors: .hierarchicalModalModel1

===========================================================================================
----------------- testing Fri Jun 05 14:34:33 UTC 2020 /home/travis/build/icyphy/ptII/ptolemy/domains/continuous/test/auto/hierarchicalModalModel2.xml
----------------- Instantiating /home/travis/build/icyphy/ptII/ptolemy/domains/continuous/test/auto/hierarchicalModalModel2.xml
7 ms. Memory: 329728K Free: 255224K (77%)
----------------- Invoking toplevel() on ptolemy.moml.MoMLSimpleApplication@1d6b1074
----------------- Done invoking toplevel() on ptolemy.moml.MoMLSimpleApplication@1d6b1074
reloadAllAccessors: .hierarchicalModalModel2

===========================================================================================
----------------- testing Fri Jun 05 14:34:33 UTC 2020 /home/travis/build/icyphy/ptII/ptolemy/domains/continuous/test/auto/hierarchicalModalModel3.xml
----------------- Instantiating /home/travis/build/icyphy/ptII/ptolemy/domains/continuous/test/auto/hierarchicalModalModel3.xml
8 ms. Memory: 329728K Free: 244504K (74%)
----------------- Invoking toplevel() on ptolemy.moml.MoMLSimpleApplication@7dd959ca
----------------- Done invoking toplevel() on ptolemy.moml.MoMLSimpleApplication@7dd959ca
reloadAllAccessors: .hierarchicalModalModel3

===========================================================================================
----------------- testing Fri Jun 05 14:34:33 UTC 2020 /home/travis/build/icyphy/ptII/ptolemy/domains/continuous/test/auto/hierarchicalModalModel4.xml
----------------- Instantiating /home/travis/build/icyphy/ptII/ptolemy/domains/continuous/test/auto/hierarchicalModalModel4.xml
6 ms. Memory: 329728K Free: 232726K (71%)
----------------- Invoking toplevel() on ptolemy.moml.MoMLSimpleApplication@356981e9
----------------- Done invoking toplevel() on ptolemy.moml.MoMLSimpleApplication@356981e9
reloadAllAccessors: .hierarchicalModalModel4

===========================================================================================
----------------- testing Fri Jun 05 14:34:34 UTC 2020 /home/travis/build/icyphy/ptII/ptolemy/domains/continuous/test/auto/junk.xml
----------------- Instantiating /home/travis/build/icyphy/ptII/ptolemy/domains/continuous/test/auto/junk.xml
97 ms. Memory: 329728K Free: 207640K (63%)
----------------- Invoking toplevel() on ptolemy.moml.MoMLSimpleApplication@33aedebd
----------------- Done invoking toplevel() on ptolemy.moml.MoMLSimpleApplication@33aedebd
reloadAllAccessors: .junk
AutoTests.java: About to close Vertx.
AutoTests.java: Vertx closed.
]]></system-out>
  <system-err><![CDATA[Warning: '.HysteresisWithRandomDelay.NonStrictTest' The test produced only 221 tokens, yet the correctValues parameter was expecting 222 tokens.
Warning: '.HysteresisWithRandomDelay.NonStrictTest2' The test produced only 220 tokens, yet the correctValues parameter was expecting 221 tokens.
Warning: '.HysteresisWithRandomDelay.NonStrictTest3' The test produced only 20 tokens, yet the correctValues parameter was expecting 30 tokens.
Warning: '.Poisson.NonStrictTest' The test produced only 372 tokens, yet the correctValues parameter was expecting 430 tokens.
]]></system-err>
</testsuite>
