<?xml version="1.0" encoding="UTF-8" ?>
<testsuite errors="0" failures="0" hostname="travis-job-cccd072b-66ac-4acc-8c21-8e19fb0f3cdd" name="ptolemy.domains.de.test.junit.JUnitTclTest" skipped="0" tests="101" time="134.0" timestamp="2018-06-19T14:45:32">
  <properties>
[...]
</properties>
  <testcase classname="ptolemy.util.test.junit.TclTests" name="[0] /home/travis/build/icyphy/ptII/ptolemy/domains/de/test/DependencyLoop.tcl (RunTclFile)" time="0.792" />
  <testcase classname="ptolemy.util.test.junit.TclTests" name="[1] /home/travis/build/icyphy/ptII/ptolemy/domains/de/test/RunDETestsAsQSS.tcl (RunTclFile)" time="92.197" />
  <testcase classname="ptolemy.util.test.junit.AutoKnownFailedTests" name="[0] /home/travis/build/icyphy/ptII/ptolemy/domains/de/test/auto/knownFailedTests/DESDFClockTest.xml (RunModel)" time="2.026" />
  <testcase classname="ptolemy.util.test.junit.AutoKnownFailedTests" name="[1] /home/travis/build/icyphy/ptII/ptolemy/domains/de/test/auto/knownFailedTests/DirectFeedback.xml (RunModel)" time="0.016" />
  <testcase classname="ptolemy.util.test.junit.AutoKnownFailedTests" name="[2] /home/travis/build/icyphy/ptII/ptolemy/domains/de/test/auto/knownFailedTests/FSMSource.xml (RunModel)" time="0.016" />
  <testcase classname="ptolemy.util.test.junit.AutoKnownFailedTests" name="[3] /home/travis/build/icyphy/ptII/ptolemy/domains/de/test/auto/knownFailedTests/HierarchicalModel.xml (RunModel)" time="0.032" />
  <testcase classname="ptolemy.util.test.junit.AutoKnownFailedTests" name="[4] /home/travis/build/icyphy/ptII/ptolemy/domains/de/test/auto/knownFailedTests/dependencyLoop.xml (RunModel)" time="0.033" />
  <testcase classname="ptolemy.util.test.junit.AutoKnownFailedTests" name="[5] /home/travis/build/icyphy/ptII/ptolemy/domains/de/test/auto/knownFailedTests/dependencyLoop2.xml (RunModel)" time="0.042" />
  <testcase classname="ptolemy.util.test.junit.AutoNameArchTests" name="[0] ThereAreNoAutoArchTests (RunModel)" time="0.004" />
  <testcase classname="ptolemy.util.test.junit.AutoTests" name="[0] /home/travis/build/icyphy/ptII/ptolemy/domains/de/test/auto/ActorDepthCalculation_actorWithoutPorts.xml (RunModel)" time="0.017" />
  <testcase classname="ptolemy.util.test.junit.AutoTests" name="[1] /home/travis/build/icyphy/ptII/ptolemy/domains/de/test/auto/AssemblyLine.xml (RunModel)" time="0.014" />
  <testcase classname="ptolemy.util.test.junit.AutoTests" name="[2] /home/travis/build/icyphy/ptII/ptolemy/domains/de/test/auto/CQBug1.xml (RunModel)" time="0.006" />
  <testcase classname="ptolemy.util.test.junit.AutoTests" name="[3] /home/travis/build/icyphy/ptII/ptolemy/domains/de/test/auto/CancelFireAt.xml (RunModel)" time="0.004" />
  <testcase classname="ptolemy.util.test.junit.AutoTests" name="[4] /home/travis/build/icyphy/ptII/ptolemy/domains/de/test/auto/CausalityAndComposabilityAnalysis.xml (RunModel)" time="0.008" />
  <testcase classname="ptolemy.util.test.junit.AutoTests" name="[5] /home/travis/build/icyphy/ptII/ptolemy/domains/de/test/auto/CausalityInterface1.xml (RunModel)" time="0.01" />
  <testcase classname="ptolemy.util.test.junit.AutoTests" name="[6] /home/travis/build/icyphy/ptII/ptolemy/domains/de/test/auto/CausalityInterface15.xml (RunModel)" time="0.009" />
  <testcase classname="ptolemy.util.test.junit.AutoTests" name="[7] /home/travis/build/icyphy/ptII/ptolemy/domains/de/test/auto/CausalityInterface2.xml (RunModel)" time="0.008" />
  <testcase classname="ptolemy.util.test.junit.AutoTests" name="[8] /home/travis/build/icyphy/ptII/ptolemy/domains/de/test/auto/CausalityInterface3.xml (RunModel)" time="0.008" />
  <testcase classname="ptolemy.util.test.junit.AutoTests" name="[9] /home/travis/build/icyphy/ptII/ptolemy/domains/de/test/auto/ClockDrift.xml (RunModel)" time="0.025" />
  <testcase classname="ptolemy.util.test.junit.AutoTests" name="[10] /home/travis/build/icyphy/ptII/ptolemy/domains/de/test/auto/ClockDriftAndValueChange.xml (RunModel)" time="0.024" />
  <testcase classname="ptolemy.util.test.junit.AutoTests" name="[11] /home/travis/build/icyphy/ptII/ptolemy/domains/de/test/auto/ClockDriftChange.xml (RunModel)" time="0.023" />
  <testcase classname="ptolemy.util.test.junit.AutoTests" name="[12] /home/travis/build/icyphy/ptII/ptolemy/domains/de/test/auto/ComposableCausalityAnalysis.xml (RunModel)" time="0.014" />
  <testcase classname="ptolemy.util.test.junit.AutoTests" name="[13] /home/travis/build/icyphy/ptII/ptolemy/domains/de/test/auto/DEFixedPointLimitation.xml (RunModel)" time="0.007" />
  <testcase classname="ptolemy.util.test.junit.AutoTests" name="[14] /home/travis/build/icyphy/ptII/ptolemy/domains/de/test/auto/DEScheduleTest.xml (RunModel)" time="0.008" />
  <testcase classname="ptolemy.util.test.junit.AutoTests" name="[15] /home/travis/build/icyphy/ptII/ptolemy/domains/de/test/auto/DEinDEwithStartTimes.xml (RunModel)" time="0.01" />
  <testcase classname="ptolemy.util.test.junit.AutoTests" name="[16] /home/travis/build/icyphy/ptII/ptolemy/domains/de/test/auto/DEinDEwithStartTimes2.xml (RunModel)" time="0.011" />
  <testcase classname="ptolemy.util.test.junit.AutoTests" name="[17] /home/travis/build/icyphy/ptII/ptolemy/domains/de/test/auto/DateDemo.xml (RunModel)" time="0.021" />
  <testcase classname="ptolemy.util.test.junit.AutoTests" name="[18] /home/travis/build/icyphy/ptII/ptolemy/domains/de/test/auto/DateToEvent.xml (RunModel)" time="2.034" />
  <testcase classname="ptolemy.util.test.junit.AutoTests" name="[19] /home/travis/build/icyphy/ptII/ptolemy/domains/de/test/auto/DepthTest1.xml (RunModel)" time="0.015" />
  <testcase classname="ptolemy.util.test.junit.AutoTests" name="[20] /home/travis/build/icyphy/ptII/ptolemy/domains/de/test/auto/DepthTest2.xml (RunModel)" time="0.02" />
  <testcase classname="ptolemy.util.test.junit.AutoTests" name="[21] /home/travis/build/icyphy/ptII/ptolemy/domains/de/test/auto/DepthTest3.xml (RunModel)" time="0.008" />
  <testcase classname="ptolemy.util.test.junit.AutoTests" name="[22] /home/travis/build/icyphy/ptII/ptolemy/domains/de/test/auto/DepthTest4.xml (RunModel)" time="0.014" />
  <testcase classname="ptolemy.util.test.junit.AutoTests" name="[23] /home/travis/build/icyphy/ptII/ptolemy/domains/de/test/auto/DepthTest5.xml (RunModel)" time="0.015" />
  <testcase classname="ptolemy.util.test.junit.AutoTests" name="[24] /home/travis/build/icyphy/ptII/ptolemy/domains/de/test/auto/DepthTest6.xml (RunModel)" time="0.014" />
  <testcase classname="ptolemy.util.test.junit.AutoTests" name="[25] /home/travis/build/icyphy/ptII/ptolemy/domains/de/test/auto/DepthTest7.xml (RunModel)" time="0.013" />
  <testcase classname="ptolemy.util.test.junit.AutoTests" name="[26] /home/travis/build/icyphy/ptII/ptolemy/domains/de/test/auto/EventToDate.xml (RunModel)" time="3.04" />
  <testcase classname="ptolemy.util.test.junit.AutoTests" name="[27] /home/travis/build/icyphy/ptII/ptolemy/domains/de/test/auto/FSM1.xml (RunModel)" time="0.037" />
  <testcase classname="ptolemy.util.test.junit.AutoTests" name="[28] /home/travis/build/icyphy/ptII/ptolemy/domains/de/test/auto/FSM7.xml (RunModel)" time="0.066" />
  <testcase classname="ptolemy.util.test.junit.AutoTests" name="[29] /home/travis/build/icyphy/ptII/ptolemy/domains/de/test/auto/Inspection.xml (RunModel)" time="0.069" />
  <testcase classname="ptolemy.util.test.junit.AutoTests" name="[30] /home/travis/build/icyphy/ptII/ptolemy/domains/de/test/auto/Iteration.xml (RunModel)" time="0.032" />
  <testcase classname="ptolemy.util.test.junit.AutoTests" name="[31] /home/travis/build/icyphy/ptII/ptolemy/domains/de/test/auto/LineFault.xml (RunModel)" time="0.659" />
  <testcase classname="ptolemy.util.test.junit.AutoTests" name="[32] /home/travis/build/icyphy/ptII/ptolemy/domains/de/test/auto/MergeModel1Add.xml (RunModel)" time="0.049" />
  <testcase classname="ptolemy.util.test.junit.AutoTests" name="[33] /home/travis/build/icyphy/ptII/ptolemy/domains/de/test/auto/MergeModel2Add.xml (RunModel)" time="0.043" />
  <testcase classname="ptolemy.util.test.junit.AutoTests" name="[34] /home/travis/build/icyphy/ptII/ptolemy/domains/de/test/auto/MergeModel3Add.xml (RunModel)" time="0.046" />
  <testcase classname="ptolemy.util.test.junit.AutoTests" name="[35] /home/travis/build/icyphy/ptII/ptolemy/domains/de/test/auto/MergeWithoutDiscard.xml (RunModel)" time="0.012" />
  <testcase classname="ptolemy.util.test.junit.AutoTests" name="[36] /home/travis/build/icyphy/ptII/ptolemy/domains/de/test/auto/Modal1.xml (RunModel)" time="0.032" />
  <testcase classname="ptolemy.util.test.junit.AutoTests" name="[37] /home/travis/build/icyphy/ptII/ptolemy/domains/de/test/auto/Modal2.xml (RunModel)" time="0.034" />
  <testcase classname="ptolemy.util.test.junit.AutoTests" name="[38] /home/travis/build/icyphy/ptII/ptolemy/domains/de/test/auto/Modal3.xml (RunModel)" time="0.039" />
  <testcase classname="ptolemy.util.test.junit.AutoTests" name="[39] /home/travis/build/icyphy/ptII/ptolemy/domains/de/test/auto/Modal4.xml (RunModel)" time="0.04" />
  <testcase classname="ptolemy.util.test.junit.AutoTests" name="[40] /home/travis/build/icyphy/ptII/ptolemy/domains/de/test/auto/Modal5.xml (RunModel)" time="0.034" />
  <testcase classname="ptolemy.util.test.junit.AutoTests" name="[41] /home/travis/build/icyphy/ptII/ptolemy/domains/de/test/auto/Modal6.xml (RunModel)" time="0.033" />
  <testcase classname="ptolemy.util.test.junit.AutoTests" name="[42] /home/travis/build/icyphy/ptII/ptolemy/domains/de/test/auto/Modal7.xml (RunModel)" time="0.034" />
  <testcase classname="ptolemy.util.test.junit.AutoTests" name="[43] /home/travis/build/icyphy/ptII/ptolemy/domains/de/test/auto/ModalModel.xml (RunModel)" time="0.217" />
  <testcase classname="ptolemy.util.test.junit.AutoTests" name="[44] /home/travis/build/icyphy/ptII/ptolemy/domains/de/test/auto/ModalSource.xml (RunModel)" time="0.02" />
  <testcase classname="ptolemy.util.test.junit.AutoTests" name="[45] /home/travis/build/icyphy/ptII/ptolemy/domains/de/test/auto/NonInterruptibleTimerZeroDelay.xml (RunModel)" time="0.014" />
  <testcase classname="ptolemy.util.test.junit.AutoTests" name="[46] /home/travis/build/icyphy/ptII/ptolemy/domains/de/test/auto/OpenQueueingNetwork.xml (RunModel)" time="2.376" />
  <testcase classname="ptolemy.util.test.junit.AutoTests" name="[47] /home/travis/build/icyphy/ptII/ptolemy/domains/de/test/auto/OpenQueuingNetwork.xml (RunModel)" time="0.313" />
  <testcase classname="ptolemy.util.test.junit.AutoTests" name="[48] /home/travis/build/icyphy/ptII/ptolemy/domains/de/test/auto/PeriodicSampler.xml (RunModel)" time="0.009" />
  <testcase classname="ptolemy.util.test.junit.AutoTests" name="[49] /home/travis/build/icyphy/ptII/ptolemy/domains/de/test/auto/PersistentIO.xml (RunModel)" time="0.023" />
  <testcase classname="ptolemy.util.test.junit.AutoTests" name="[50] /home/travis/build/icyphy/ptII/ptolemy/domains/de/test/auto/PortParameterResetOnInitialize.xml (RunModel)" time="0.01" />
  <testcase classname="ptolemy.util.test.junit.AutoTests" name="[51] /home/travis/build/icyphy/ptII/ptolemy/domains/de/test/auto/PortParameterUpdates.xml (RunModel)" time="0.015" />
  <testcase classname="ptolemy.util.test.junit.AutoTests" name="[52] /home/travis/build/icyphy/ptII/ptolemy/domains/de/test/auto/QueueAndServer.xml (RunModel)" time="0.02" />
  <testcase classname="ptolemy.util.test.junit.AutoTests" name="[53] /home/travis/build/icyphy/ptII/ptolemy/domains/de/test/auto/Records.xml (RunModel)" time="0.016" />
  <testcase classname="ptolemy.util.test.junit.AutoTests" name="[54] /home/travis/build/icyphy/ptII/ptolemy/domains/de/test/auto/ResetTransitionWithStartTime1.xml (RunModel)" time="0.02" />
  <testcase classname="ptolemy.util.test.junit.AutoTests" name="[55] /home/travis/build/icyphy/ptII/ptolemy/domains/de/test/auto/ResetTransitionWithStartTime2.xml (RunModel)" time="0.019" />
  <testcase classname="ptolemy.util.test.junit.AutoTests" name="[56] /home/travis/build/icyphy/ptII/ptolemy/domains/de/test/auto/ResetTransitionWithStartTime3.xml (RunModel)" time="0.02" />
  <testcase classname="ptolemy.util.test.junit.AutoTests" name="[57] /home/travis/build/icyphy/ptII/ptolemy/domains/de/test/auto/ResetTransitionWithStartTime4.xml (RunModel)" time="0.021" />
  <testcase classname="ptolemy.util.test.junit.AutoTests" name="[58] /home/travis/build/icyphy/ptII/ptolemy/domains/de/test/auto/ResettableTimer1.xml (RunModel)" time="0.011" />
  <testcase classname="ptolemy.util.test.junit.AutoTests" name="[59] /home/travis/build/icyphy/ptII/ptolemy/domains/de/test/auto/ResettableTimer2.xml (RunModel)" time="0.009" />
  <testcase classname="ptolemy.util.test.junit.AutoTests" name="[60] /home/travis/build/icyphy/ptII/ptolemy/domains/de/test/auto/ResettableTimer3.xml (RunModel)" time="0.008" />
  <testcase classname="ptolemy.util.test.junit.AutoTests" name="[61] /home/travis/build/icyphy/ptII/ptolemy/domains/de/test/auto/ResettableTimer4.xml (RunModel)" time="0.009" />
  <testcase classname="ptolemy.util.test.junit.AutoTests" name="[62] /home/travis/build/icyphy/ptII/ptolemy/domains/de/test/auto/ResettableTimer5.xml (RunModel)" time="0.01" />
  <testcase classname="ptolemy.util.test.junit.AutoTests" name="[63] /home/travis/build/icyphy/ptII/ptolemy/domains/de/test/auto/ResettableTimer6.xml (RunModel)" time="0.012" />
  <testcase classname="ptolemy.util.test.junit.AutoTests" name="[64] /home/travis/build/icyphy/ptII/ptolemy/domains/de/test/auto/ServerZeroDelay.xml (RunModel)" time="0.01" />
  <testcase classname="ptolemy.util.test.junit.AutoTests" name="[65] /home/travis/build/icyphy/ptII/ptolemy/domains/de/test/auto/SmartSender.xml (RunModel)" time="3.01" />
  <testcase classname="ptolemy.util.test.junit.AutoTests" name="[66] /home/travis/build/icyphy/ptII/ptolemy/domains/de/test/auto/ThreadedComposite.xml (RunModel)" time="0.17" />
  <testcase classname="ptolemy.util.test.junit.AutoTests" name="[67] /home/travis/build/icyphy/ptII/ptolemy/domains/de/test/auto/Time.xml (RunModel)" time="0.488" />
  <testcase classname="ptolemy.util.test.junit.AutoTests" name="[68] /home/travis/build/icyphy/ptII/ptolemy/domains/de/test/auto/TimeDelayZeroDelay.xml (RunModel)" time="0.012" />
  <testcase classname="ptolemy.util.test.junit.AutoTests" name="[69] /home/travis/build/icyphy/ptII/ptolemy/domains/de/test/auto/TimerZeroDelay.xml (RunModel)" time="0.009" />
  <testcase classname="ptolemy.util.test.junit.AutoTests" name="[70] /home/travis/build/icyphy/ptII/ptolemy/domains/de/test/auto/TimingParadox.xml (RunModel)" time="0.385" />
  <testcase classname="ptolemy.util.test.junit.AutoTests" name="[71] /home/travis/build/icyphy/ptII/ptolemy/domains/de/test/auto/TransferInputs.xml (RunModel)" time="0.01" />
  <testcase classname="ptolemy.util.test.junit.AutoTests" name="[72] /home/travis/build/icyphy/ptII/ptolemy/domains/de/test/auto/TransferOutputs2.xml (RunModel)" time="0.017" />
  <testcase classname="ptolemy.util.test.junit.AutoTests" name="[73] /home/travis/build/icyphy/ptII/ptolemy/domains/de/test/auto/Trilateration.xml (RunModel)" time="12.246" />
  <testcase classname="ptolemy.util.test.junit.AutoTests" name="[74] /home/travis/build/icyphy/ptII/ptolemy/domains/de/test/auto/TwoSigmaDelta.xml (RunModel)" time="2.129" />
  <testcase classname="ptolemy.util.test.junit.AutoTests" name="[75] /home/travis/build/icyphy/ptII/ptolemy/domains/de/test/auto/VariableDelay.xml (RunModel)" time="0.013" />
  <testcase classname="ptolemy.util.test.junit.AutoTests" name="[76] /home/travis/build/icyphy/ptII/ptolemy/domains/de/test/auto/VariableDelay2.xml (RunModel)" time="0.013" />
  <testcase classname="ptolemy.util.test.junit.AutoTests" name="[77] /home/travis/build/icyphy/ptII/ptolemy/domains/de/test/auto/VariableDelayZeroDelay.xml (RunModel)" time="0.011" />
  <testcase classname="ptolemy.util.test.junit.AutoTests" name="[78] /home/travis/build/icyphy/ptII/ptolemy/domains/de/test/auto/VariableDelayZeroDelay2.xml (RunModel)" time="0.012" />
  <testcase classname="ptolemy.util.test.junit.AutoTests" name="[79] /home/travis/build/icyphy/ptII/ptolemy/domains/de/test/auto/deInCt.xml (RunModel)" time="0.02" />
  <testcase classname="ptolemy.util.test.junit.AutoTests" name="[80] /home/travis/build/icyphy/ptII/ptolemy/domains/de/test/auto/deInCt2.xml (RunModel)" time="0.014" />
  <testcase classname="ptolemy.util.test.junit.AutoTests" name="[81] /home/travis/build/icyphy/ptII/ptolemy/domains/de/test/auto/dynamicCausalityInterface1.xml (RunModel)" time="0.02" />
  <testcase classname="ptolemy.util.test.junit.AutoTests" name="[82] /home/travis/build/icyphy/ptII/ptolemy/domains/de/test/auto/fsm_de_test.xml (RunModel)" time="0.025" />
  <testcase classname="ptolemy.util.test.junit.AutoTests" name="[83] /home/travis/build/icyphy/ptII/ptolemy/domains/de/test/auto/functionDependencyReconstruction.xml (RunModel)" time="0.037" />
  <testcase classname="ptolemy.util.test.junit.AutoTests" name="[84] /home/travis/build/icyphy/ptII/ptolemy/domains/de/test/auto/multirate.xml (RunModel)" time="0.018" />
  <testcase classname="ptolemy.util.test.junit.AutoTests" name="[85] /home/travis/build/icyphy/ptII/ptolemy/domains/de/test/auto/multirate2.xml (RunModel)" time="0.017" />
  <testcase classname="ptolemy.util.test.junit.AutoTests" name="[86] /home/travis/build/icyphy/ptII/ptolemy/domains/de/test/auto/realtime.xml (RunModel)" time="10.012" />
  <testcase classname="ptolemy.util.test.junit.AutoTests" name="[87] /home/travis/build/icyphy/ptII/ptolemy/domains/de/test/auto/relationGroup.xml (RunModel)" time="0.012" />
  <testcase classname="ptolemy.util.test.junit.AutoTests" name="[88] /home/travis/build/icyphy/ptII/ptolemy/domains/de/test/auto/relationGroup2.xml (RunModel)" time="0.008" />
  <testcase classname="ptolemy.util.test.junit.AutoTests" name="[89] /home/travis/build/icyphy/ptII/ptolemy/domains/de/test/auto/sortWithOpaquePorts.xml (RunModel)" time="0.007" />
  <testcase classname="ptolemy.util.test.junit.AutoTests" name="[90] /home/travis/build/icyphy/ptII/ptolemy/domains/de/test/auto/transferInputsandOutputs.xml (RunModel)" time="0.012" />
  <testcase classname="ptolemy.util.test.junit.AutoTests" name="[91] /home/travis/build/icyphy/ptII/ptolemy/domains/de/test/auto/triggerType.xml (RunModel)" time="0.012" />
  <system-out><![CDATA[/home/travis/build/icyphy/ptII/ptolemy/domains/de/test/DependencyLoop.tcl
testDefs.tcl: setting time out to 9000 seconds at Tue Jun 19 14:45:32 UTC 2018
22 ms. Memory: 116224K Free: 93865K (81%)
7 ms. Memory: 146944K Free: 135456K (92%)
/home/travis/build/icyphy/ptII/ptolemy/domains/de/test/RunDETestsAsQSS.tcl
Run the DE tests using ptolemy.domains.qss.test.QSSDirectorTest, which extends QSSDirector and prints a message in the constructors.
------------------ testing $PTII/ptolemy/domains/de/test/auto/knownFailedTests/dependencyLoop.xml (Known Failure) 
8 ms. Memory: 146944K Free: 132344K (90%)


==== $PTIIhome/travis/build/icyphy/ptII/ptolemy/domains/de/test/../../../../: Auto Automatic test in file $PTII/ptolemy/domains/de/test/auto/knownFailedTests/dependencyLoop.xml
==== Contents of test case:

	    # FIXME: we should use $relativeFilename here, but it
	    # might have backslashes under Windows, which causes no end
	    # of trouble.
	    createAndExecute $file
	    list {}
	
.... Test generated KNOWN error:
    while executing
ptolemy.kernel.util.IllegalActionException: Found a zero delay loop containing .dependencyLoop.original
  in .dependencyLoop and .dependencyLoop.original
	at ptolemy.actor.util.CausalityInterfaceForComposites._computeOutputPortDepth(CausalityInterfaceForComposites.java:759)
	at ptolemy.actor.util.CausalityInterfaceForComposites._computeInputDepth(CausalityInterfaceForComposites.java:696)
	at ptolemy.actor.util.CausalityInterfaceForComposites._computeOutputPortDepth(CausalityInterfaceForComposites.java:765)
	at ptolemy.actor.util.CausalityInterfaceForComposites._computeInputDepth(CausalityInterfaceForComposites.java:696)
	at ptolemy.actor.util.CausalityInterfaceForComposites._computeOutputPortDepth(CausalityInterfaceForComposites.java:765)
	at ptolemy.actor.util.CausalityInterfaceForComposites._computeInputDepth(CausalityInterfaceForComposites.java:696)
	at ptolemy.actor.util.CausalityInterfaceForComposites._computeActorDepth(CausalityInterfaceForComposites.java:532)
	at ptolemy.actor.util.CausalityInterfaceForComposites.checkForCycles(CausalityInterfaceForComposites.java:96)
	at ptolemy.domains.de.kernel.DEDirector.preinitialize(DEDirector.java:1338)
	at ptolemy.actor.CompositeActor.preinitialize(CompositeActor.java:1828)
	at ptolemy.actor.Manager.preinitializeAndResolveTypes(Manager.java:1040)
	at ptolemy.actor.Manager.initialize(Manager.java:710)
	at ptolemy.actor.Manager.execute(Manager.java:356)
	at ptolemy.actor.Manager.run(Manager.java:1263)
	at ptolemy.actor.Manager$PtolemyRunThread.run(Manager.java:1915)

    while executing
ptolemy.kernel.util.IllegalActionException: Found a zero delay loop containing .dependencyLoop.original
  in .dependencyLoop and .dependencyLoop.original
    while executing
"java::new ptolemy.moml.MoMLSimpleApplication $file
"
    (procedure "createAndExecute" line 2)
    invoked from within
"createAndExecute $file"
    ("uplevel" body line 5)
    invoked from within
"uplevel $contents_of_test"
------------------ testing $PTII/ptolemy/domains/de/test/auto/knownFailedTests/DESDFClockTest.xml (Known Failure) 
2105 ms. Memory: 146944K Free: 116428K (79%)


==== $PTIIhome/travis/build/icyphy/ptII/ptolemy/domains/de/test/../../../../: Auto Automatic test in file $PTII/ptolemy/domains/de/test/auto/knownFailedTests/DESDFClockTest.xml
==== Contents of test case:

	    # FIXME: we should use $relativeFilename here, but it
	    # might have backslashes under Windows, which causes no end
	    # of trouble.
	    createAndExecute $file
	    list {}
	
.... Test generated KNOWN error:
    while executing
ptolemy.kernel.util.IllegalActionException: Actor is not ready to fire.  Perhaps UpSample.prefire() returned false? Try debugging the actor by selecting "Listen to Actor".  Also, for SDF check moml for tokenConsumptionRate on input.
  in .DESDFClockTest.Play Bell.Copy1:SDF Director and .DESDFClockTest.Play Bell.UpSample
	at ptolemy.actor.sched.StaticSchedulingDirector.fire(StaticSchedulingDirector.java:227)
	at ptolemy.domains.sdf.kernel.SDFDirector.fire(SDFDirector.java:500)
	at ptolemy.actor.CompositeActor.fire(CompositeActor.java:455)
	at ptolemy.domains.de.kernel.DEDirector._fire(DEDirector.java:1949)
	at ptolemy.domains.de.kernel.DEDirector.fire(DEDirector.java:502)
	at ptolemy.actor.CompositeActor.fire(CompositeActor.java:455)
	at ptolemy.actor.Manager.iterate(Manager.java:851)
	at ptolemy.actor.Manager.execute(Manager.java:369)
	at ptolemy.actor.Manager.run(Manager.java:1263)
	at ptolemy.actor.Manager$PtolemyRunThread.run(Manager.java:1915)

    while executing
ptolemy.kernel.util.IllegalActionException: Actor is not ready to fire.  Perhaps UpSample.prefire() returned false? Try debugging the actor by selecting "Listen to Actor".  Also, for SDF check moml for tokenConsumptionRate on input.
  in .DESDFClockTest.Play Bell.Copy1:SDF Director and .DESDFClockTest.Play Bell.UpSample
    while executing
"java::new ptolemy.moml.MoMLSimpleApplication $file
"
    (procedure "createAndExecute" line 2)
    invoked from within
"createAndExecute $file"
    ("uplevel" body line 5)
    invoked from within
"uplevel $contents_of_test"
------------------ testing $PTII/ptolemy/domains/de/test/auto/knownFailedTests/FSMSource.xml (Known Failure) 
43 ms. Memory: 146944K Free: 107371K (73%)
!!!! Auto was marked as failing, but now passes
------------------ testing $PTII/ptolemy/domains/de/test/auto/knownFailedTests/dependencyLoop2.xml (Known Failure) 
9 ms. Memory: 146944K Free: 105488K (72%)


==== $PTIIhome/travis/build/icyphy/ptII/ptolemy/domains/de/test/../../../../: Auto Automatic test in file $PTII/ptolemy/domains/de/test/auto/knownFailedTests/dependencyLoop2.xml
==== Contents of test case:

	    # FIXME: we should use $relativeFilename here, but it
	    # might have backslashes under Windows, which causes no end
	    # of trouble.
	    createAndExecute $file
	    list {}
	
.... Test generated KNOWN error:
    while executing
ptolemy.kernel.util.IllegalActionException: Found a zero delay loop containing .dependencyLoop2.original
  in .dependencyLoop2 and .dependencyLoop2.original
	at ptolemy.actor.util.CausalityInterfaceForComposites._computeOutputPortDepth(CausalityInterfaceForComposites.java:759)
	at ptolemy.actor.util.CausalityInterfaceForComposites._computeInputDepth(CausalityInterfaceForComposites.java:696)
	at ptolemy.actor.util.CausalityInterfaceForComposites._computeOutputPortDepth(CausalityInterfaceForComposites.java:765)
	at ptolemy.actor.util.CausalityInterfaceForComposites._computeInputDepth(CausalityInterfaceForComposites.java:696)
	at ptolemy.actor.util.CausalityInterfaceForComposites._computeOutputPortDepth(CausalityInterfaceForComposites.java:765)
	at ptolemy.actor.util.CausalityInterfaceForComposites._computeInputDepth(CausalityInterfaceForComposites.java:696)
	at ptolemy.actor.util.CausalityInterfaceForComposites._computeActorDepth(CausalityInterfaceForComposites.java:532)
	at ptolemy.actor.util.CausalityInterfaceForComposites.checkForCycles(CausalityInterfaceForComposites.java:96)
	at ptolemy.domains.de.kernel.DEDirector.preinitialize(DEDirector.java:1338)
	at ptolemy.actor.CompositeActor.preinitialize(CompositeActor.java:1828)
	at ptolemy.actor.Manager.preinitializeAndResolveTypes(Manager.java:1040)
	at ptolemy.actor.Manager.initialize(Manager.java:710)
	at ptolemy.actor.Manager.execute(Manager.java:356)
	at ptolemy.actor.Manager.run(Manager.java:1263)
	at ptolemy.actor.Manager$PtolemyRunThread.run(Manager.java:1915)

    while executing
ptolemy.kernel.util.IllegalActionException: Found a zero delay loop containing .dependencyLoop2.original
  in .dependencyLoop2 and .dependencyLoop2.original
    while executing
"java::new ptolemy.moml.MoMLSimpleApplication $file
"
    (procedure "createAndExecute" line 2)
    invoked from within
"createAndExecute $file"
    ("uplevel" body line 5)
    invoked from within
"uplevel $contents_of_test"
------------------ testing $PTII/ptolemy/domains/de/test/auto/knownFailedTests/HierarchicalModel.xml (Known Failure) 
6 ms. Memory: 146944K Free: 84820K (58%)


==== $PTIIhome/travis/build/icyphy/ptII/ptolemy/domains/de/test/../../../../: Auto Automatic test in file $PTII/ptolemy/domains/de/test/auto/knownFailedTests/HierarchicalModel.xml
==== Contents of test case:

	    # FIXME: we should use $relativeFilename here, but it
	    # might have backslashes under Windows, which causes no end
	    # of trouble.
	    createAndExecute $file
	    list {}
	
.... Test generated KNOWN error:
    while executing
ptolemy.kernel.util.IllegalActionException: Found a zero delay loop containing .HierarchicalModel.A
  in .HierarchicalModel and .HierarchicalModel.A
	at ptolemy.actor.util.CausalityInterfaceForComposites._computeOutputPortDepth(CausalityInterfaceForComposites.java:759)
	at ptolemy.actor.util.CausalityInterfaceForComposites._computeInputDepth(CausalityInterfaceForComposites.java:696)
	at ptolemy.actor.util.CausalityInterfaceForComposites._computeOutputPortDepth(CausalityInterfaceForComposites.java:765)
	at ptolemy.actor.util.CausalityInterfaceForComposites._computeInputDepth(CausalityInterfaceForComposites.java:696)
	at ptolemy.actor.util.CausalityInterfaceForComposites._computeOutputPortDepth(CausalityInterfaceForComposites.java:765)
	at ptolemy.actor.util.CausalityInterfaceForComposites._computeInputDepth(CausalityInterfaceForComposites.java:696)
	at ptolemy.actor.util.CausalityInterfaceForComposites._computeActorDepth(CausalityInterfaceForComposites.java:532)
	at ptolemy.actor.util.CausalityInterfaceForComposites.checkForCycles(CausalityInterfaceForComposites.java:96)
	at ptolemy.domains.de.kernel.DEDirector.preinitialize(DEDirector.java:1338)
	at ptolemy.actor.CompositeActor.preinitialize(CompositeActor.java:1828)
	at ptolemy.actor.Manager.preinitializeAndResolveTypes(Manager.java:1040)
	at ptolemy.actor.Manager.initialize(Manager.java:710)
	at ptolemy.actor.Manager.execute(Manager.java:356)
	at ptolemy.actor.Manager.run(Manager.java:1263)
	at ptolemy.actor.Manager$PtolemyRunThread.run(Manager.java:1915)

    while executing
ptolemy.kernel.util.IllegalActionException: Found a zero delay loop containing .HierarchicalModel.A
  in .HierarchicalModel and .HierarchicalModel.A
    while executing
"java::new ptolemy.moml.MoMLSimpleApplication $file
"
    (procedure "createAndExecute" line 2)
    invoked from within
"createAndExecute $file"
    ("uplevel" body line 5)
    invoked from within
"uplevel $contents_of_test"
------------------ testing $PTII/ptolemy/domains/de/test/auto/knownFailedTests/DirectFeedback.xml (Known Failure) 
8 ms. Memory: 146944K Free: 141116K (96%)


==== $PTIIhome/travis/build/icyphy/ptII/ptolemy/domains/de/test/../../../../: Auto Automatic test in file $PTII/ptolemy/domains/de/test/auto/knownFailedTests/DirectFeedback.xml
==== Contents of test case:

	    # FIXME: we should use $relativeFilename here, but it
	    # might have backslashes under Windows, which causes no end
	    # of trouble.
	    createAndExecute $file
	    list {}
	
.... Test generated KNOWN error:
    while executing
ptolemy.kernel.util.IllegalActionException: Test fails in iteration 1.
Value was: 1.0. Should have been: 2.0
  in .DirectFeedback.Test
	at ptolemy.actor.lib.Test.fire(Test.java:268)
	at ptolemy.domains.de.kernel.DEDirector._fire(DEDirector.java:1949)
	at ptolemy.domains.de.kernel.DEDirector.fire(DEDirector.java:502)
	at ptolemy.actor.CompositeActor.fire(CompositeActor.java:455)
	at ptolemy.actor.Manager.iterate(Manager.java:851)
	at ptolemy.actor.Manager.execute(Manager.java:369)
	at ptolemy.actor.Manager.run(Manager.java:1263)
	at ptolemy.actor.Manager$PtolemyRunThread.run(Manager.java:1915)

    while executing
ptolemy.kernel.util.IllegalActionException: Test fails in iteration 1.
Value was: 1.0. Should have been: 2.0
  in .DirectFeedback.Test
    while executing
"java::new ptolemy.moml.MoMLSimpleApplication $file
"
    (procedure "createAndExecute" line 2)
    invoked from within
"createAndExecute $file"
    ("uplevel" body line 5)
    invoked from within
"uplevel $contents_of_test"
------------------ testing $PTII/ptolemy/domains/de/test/auto/ActorDepthCalculation_actorWithoutPorts.xml
auto.tcl: Setting watchdog for 200 seconds at Tue Jun 19 14:45:36 UTC 2018
5 ms. Memory: 146944K Free: 132325K (90%)
ptolemy.util.test.WatchDog.cancel(): canceling Tue Jun 19 14:45:36 UTC 2018
auto.tcl: Setting watchdog for 200 seconds at Tue Jun 19 14:45:36 UTC 2018
5 ms. Memory: 146944K Free: 131270K (89%)
ptolemy.util.test.WatchDog.cancel(): canceling Tue Jun 19 14:45:36 UTC 2018
------------------ testing $PTII/ptolemy/domains/de/test/auto/AssemblyLine.xml
auto.tcl: Setting watchdog for 200 seconds at Tue Jun 19 14:45:36 UTC 2018
15 ms. Memory: 208384K Free: 186287K (89%)
ptolemy.util.test.WatchDog.cancel(): canceling Tue Jun 19 14:45:36 UTC 2018
auto.tcl: Setting watchdog for 200 seconds at Tue Jun 19 14:45:36 UTC 2018
12 ms. Memory: 208384K Free: 186287K (89%)
ptolemy.util.test.WatchDog.cancel(): canceling Tue Jun 19 14:45:36 UTC 2018
------------------ testing $PTII/ptolemy/domains/de/test/auto/CQBug1.xml
auto.tcl: Setting watchdog for 200 seconds at Tue Jun 19 14:45:36 UTC 2018
4 ms. Memory: 208384K Free: 197698K (95%)
ptolemy.util.test.WatchDog.cancel(): canceling Tue Jun 19 14:45:36 UTC 2018
auto.tcl: Setting watchdog for 200 seconds at Tue Jun 19 14:45:36 UTC 2018
2 ms. Memory: 208384K Free: 197698K (95%)
ptolemy.util.test.WatchDog.cancel(): canceling Tue Jun 19 14:45:36 UTC 2018
------------------ testing $PTII/ptolemy/domains/de/test/auto/CancelFireAt.xml
auto.tcl: Setting watchdog for 200 seconds at Tue Jun 19 14:45:37 UTC 2018
4 ms. Memory: 208384K Free: 201429K (97%)
ptolemy.util.test.WatchDog.cancel(): canceling Tue Jun 19 14:45:37 UTC 2018
auto.tcl: Setting watchdog for 200 seconds at Tue Jun 19 14:45:37 UTC 2018
7 ms. Memory: 208384K Free: 199319K (96%)
ptolemy.util.test.WatchDog.cancel(): canceling Tue Jun 19 14:45:37 UTC 2018
------------------ testing $PTII/ptolemy/domains/de/test/auto/CausalityAndComposabilityAnalysis.xml
auto.tcl: Setting watchdog for 200 seconds at Tue Jun 19 14:45:37 UTC 2018
14 ms. Memory: 208384K Free: 196469K (94%)
ptolemy.util.test.WatchDog.cancel(): canceling Tue Jun 19 14:45:37 UTC 2018
auto.tcl: Setting watchdog for 200 seconds at Tue Jun 19 14:45:37 UTC 2018
8 ms. Memory: 208384K Free: 196469K (94%)
ptolemy.util.test.WatchDog.cancel(): canceling Tue Jun 19 14:45:37 UTC 2018
------------------ testing $PTII/ptolemy/domains/de/test/auto/CausalityInterface1.xml
auto.tcl: Setting watchdog for 200 seconds at Tue Jun 19 14:45:37 UTC 2018
16 ms. Memory: 208384K Free: 196406K (94%)
ptolemy.util.test.WatchDog.cancel(): canceling Tue Jun 19 14:45:37 UTC 2018
auto.tcl: Setting watchdog for 200 seconds at Tue Jun 19 14:45:37 UTC 2018
5 ms. Memory: 208384K Free: 196406K (94%)
ptolemy.util.test.WatchDog.cancel(): canceling Tue Jun 19 14:45:37 UTC 2018
------------------ testing $PTII/ptolemy/domains/de/test/auto/CausalityInterface15.xml
auto.tcl: Setting watchdog for 200 seconds at Tue Jun 19 14:45:37 UTC 2018
26 ms. Memory: 208384K Free: 196397K (94%)
ptolemy.util.test.WatchDog.cancel(): canceling Tue Jun 19 14:45:37 UTC 2018
auto.tcl: Setting watchdog for 200 seconds at Tue Jun 19 14:45:37 UTC 2018
4 ms. Memory: 208384K Free: 196397K (94%)
ptolemy.util.test.WatchDog.cancel(): canceling Tue Jun 19 14:45:37 UTC 2018
------------------ testing $PTII/ptolemy/domains/de/test/auto/CausalityInterface2.xml
auto.tcl: Setting watchdog for 200 seconds at Tue Jun 19 14:45:37 UTC 2018
14 ms. Memory: 208384K Free: 196381K (94%)
ptolemy.util.test.WatchDog.cancel(): canceling Tue Jun 19 14:45:37 UTC 2018
auto.tcl: Setting watchdog for 200 seconds at Tue Jun 19 14:45:37 UTC 2018
3 ms. Memory: 208384K Free: 196381K (94%)
ptolemy.util.test.WatchDog.cancel(): canceling Tue Jun 19 14:45:37 UTC 2018
------------------ testing $PTII/ptolemy/domains/de/test/auto/CausalityInterface3.xml
auto.tcl: Setting watchdog for 200 seconds at Tue Jun 19 14:45:37 UTC 2018
8 ms. Memory: 208384K Free: 196394K (94%)
ptolemy.util.test.WatchDog.cancel(): canceling Tue Jun 19 14:45:37 UTC 2018
auto.tcl: Setting watchdog for 200 seconds at Tue Jun 19 14:45:37 UTC 2018
8 ms. Memory: 208384K Free: 196394K (94%)
ptolemy.util.test.WatchDog.cancel(): canceling Tue Jun 19 14:45:37 UTC 2018
------------------ testing $PTII/ptolemy/domains/de/test/auto/ClockDrift.xml
auto.tcl: Setting watchdog for 200 seconds at Tue Jun 19 14:45:37 UTC 2018
116 ms. Memory: 208384K Free: 187596K (90%)
ptolemy.util.test.WatchDog.cancel(): canceling Tue Jun 19 14:45:37 UTC 2018
auto.tcl: Setting watchdog for 200 seconds at Tue Jun 19 14:45:37 UTC 2018
75 ms. Memory: 208384K Free: 185486K (89%)
ptolemy.util.test.WatchDog.cancel(): canceling Tue Jun 19 14:45:38 UTC 2018
------------------ testing $PTII/ptolemy/domains/de/test/auto/ClockDriftAndValueChange.xml
auto.tcl: Setting watchdog for 200 seconds at Tue Jun 19 14:45:38 UTC 2018
66 ms. Memory: 208384K Free: 187429K (90%)
ptolemy.util.test.WatchDog.cancel(): canceling Tue Jun 19 14:45:38 UTC 2018
auto.tcl: Setting watchdog for 200 seconds at Tue Jun 19 14:45:38 UTC 2018
39 ms. Memory: 208384K Free: 185319K (89%)
ptolemy.util.test.WatchDog.cancel(): canceling Tue Jun 19 14:45:38 UTC 2018
------------------ testing $PTII/ptolemy/domains/de/test/auto/ClockDriftChange.xml
auto.tcl: Setting watchdog for 200 seconds at Tue Jun 19 14:45:38 UTC 2018
27 ms. Memory: 208384K Free: 190759K (92%)
ptolemy.util.test.WatchDog.cancel(): canceling Tue Jun 19 14:45:38 UTC 2018
auto.tcl: Setting watchdog for 200 seconds at Tue Jun 19 14:45:38 UTC 2018
31 ms. Memory: 208384K Free: 188650K (91%)
ptolemy.util.test.WatchDog.cancel(): canceling Tue Jun 19 14:45:38 UTC 2018
------------------ testing $PTII/ptolemy/domains/de/test/auto/ComposableCausalityAnalysis.xml
auto.tcl: Setting watchdog for 200 seconds at Tue Jun 19 14:45:38 UTC 2018
3 ms. Memory: 208384K Free: 196002K (94%)
ptolemy.util.test.WatchDog.cancel(): canceling Tue Jun 19 14:45:38 UTC 2018
auto.tcl: Setting watchdog for 200 seconds at Tue Jun 19 14:45:38 UTC 2018
2 ms. Memory: 208384K Free: 193892K (93%)
ptolemy.util.test.WatchDog.cancel(): canceling Tue Jun 19 14:45:38 UTC 2018
------------------ testing $PTII/ptolemy/domains/de/test/auto/DEFixedPointLimitation.xml
auto.tcl: Setting watchdog for 200 seconds at Tue Jun 19 14:45:38 UTC 2018
5 ms. Memory: 208384K Free: 196081K (94%)
ptolemy.util.test.WatchDog.cancel(): canceling Tue Jun 19 14:45:38 UTC 2018
auto.tcl: Setting watchdog for 200 seconds at Tue Jun 19 14:45:38 UTC 2018
1 ms. Memory: 208384K Free: 196081K (94%)
ptolemy.util.test.WatchDog.cancel(): canceling Tue Jun 19 14:45:38 UTC 2018
------------------ testing $PTII/ptolemy/domains/de/test/auto/DEScheduleTest.xml
auto.tcl: Setting watchdog for 200 seconds at Tue Jun 19 14:45:38 UTC 2018
7 ms. Memory: 208384K Free: 198227K (95%)
ptolemy.util.test.WatchDog.cancel(): canceling Tue Jun 19 14:45:38 UTC 2018
auto.tcl: Setting watchdog for 200 seconds at Tue Jun 19 14:45:38 UTC 2018
4 ms. Memory: 208384K Free: 196117K (94%)
ptolemy.util.test.WatchDog.cancel(): canceling Tue Jun 19 14:45:38 UTC 2018
------------------ testing $PTII/ptolemy/domains/de/test/auto/DEinDEwithStartTimes.xml
auto.tcl: Setting watchdog for 200 seconds at Tue Jun 19 14:45:38 UTC 2018
11 ms. Memory: 208384K Free: 196087K (94%)
ptolemy.util.test.WatchDog.cancel(): canceling Tue Jun 19 14:45:38 UTC 2018
auto.tcl: Setting watchdog for 200 seconds at Tue Jun 19 14:45:38 UTC 2018
6 ms. Memory: 208384K Free: 193977K (93%)
ptolemy.util.test.WatchDog.cancel(): canceling Tue Jun 19 14:45:38 UTC 2018
------------------ testing $PTII/ptolemy/domains/de/test/auto/DEinDEwithStartTimes2.xml
auto.tcl: Setting watchdog for 200 seconds at Tue Jun 19 14:45:38 UTC 2018
9 ms. Memory: 208384K Free: 196403K (94%)
ptolemy.util.test.WatchDog.cancel(): canceling Tue Jun 19 14:45:38 UTC 2018
auto.tcl: Setting watchdog for 200 seconds at Tue Jun 19 14:45:38 UTC 2018
5 ms. Memory: 208384K Free: 194293K (93%)
ptolemy.util.test.WatchDog.cancel(): canceling Tue Jun 19 14:45:38 UTC 2018
------------------ testing $PTII/ptolemy/domains/de/test/auto/DateDemo.xml
auto.tcl: Setting watchdog for 200 seconds at Tue Jun 19 14:45:38 UTC 2018
9 ms. Memory: 208384K Free: 188467K (90%)
ptolemy.util.test.WatchDog.cancel(): canceling Tue Jun 19 14:45:39 UTC 2018
auto.tcl: Setting watchdog for 200 seconds at Tue Jun 19 14:45:39 UTC 2018
13 ms. Memory: 208384K Free: 186357K (89%)
ptolemy.util.test.WatchDog.cancel(): canceling Tue Jun 19 14:45:39 UTC 2018
------------------ testing $PTII/ptolemy/domains/de/test/auto/DateToEvent.xml
auto.tcl: Setting watchdog for 200 seconds at Tue Jun 19 14:45:39 UTC 2018
2010 ms. Memory: 208384K Free: 183171K (88%)
ptolemy.util.test.WatchDog.cancel(): canceling Tue Jun 19 14:45:41 UTC 2018
auto.tcl: Setting watchdog for 200 seconds at Tue Jun 19 14:45:41 UTC 2018
2006 ms. Memory: 208384K Free: 183171K (88%)
ptolemy.util.test.WatchDog.cancel(): canceling Tue Jun 19 14:45:43 UTC 2018
------------------ testing $PTII/ptolemy/domains/de/test/auto/DepthTest1.xml
auto.tcl: Setting watchdog for 200 seconds at Tue Jun 19 14:45:43 UTC 2018
2 ms. Memory: 208384K Free: 198094K (95%)
ptolemy.util.test.WatchDog.cancel(): canceling Tue Jun 19 14:45:43 UTC 2018
auto.tcl: Setting watchdog for 200 seconds at Tue Jun 19 14:45:43 UTC 2018
2 ms. Memory: 208384K Free: 198094K (95%)
ptolemy.util.test.WatchDog.cancel(): canceling Tue Jun 19 14:45:43 UTC 2018
------------------ testing $PTII/ptolemy/domains/de/test/auto/DepthTest2.xml
auto.tcl: Setting watchdog for 200 seconds at Tue Jun 19 14:45:43 UTC 2018
8 ms. Memory: 208384K Free: 193939K (93%)
ptolemy.util.test.WatchDog.cancel(): canceling Tue Jun 19 14:45:43 UTC 2018
auto.tcl: Setting watchdog for 200 seconds at Tue Jun 19 14:45:43 UTC 2018
2 ms. Memory: 208384K Free: 193939K (93%)
ptolemy.util.test.WatchDog.cancel(): canceling Tue Jun 19 14:45:43 UTC 2018
------------------ testing $PTII/ptolemy/domains/de/test/auto/DepthTest3.xml
auto.tcl: Setting watchdog for 200 seconds at Tue Jun 19 14:45:43 UTC 2018
2 ms. Memory: 208384K Free: 198092K (95%)
ptolemy.util.test.WatchDog.cancel(): canceling Tue Jun 19 14:45:43 UTC 2018
auto.tcl: Setting watchdog for 200 seconds at Tue Jun 19 14:45:43 UTC 2018
2 ms. Memory: 208384K Free: 198092K (95%)
ptolemy.util.test.WatchDog.cancel(): canceling Tue Jun 19 14:45:43 UTC 2018
------------------ testing $PTII/ptolemy/domains/de/test/auto/DepthTest4.xml
auto.tcl: Setting watchdog for 200 seconds at Tue Jun 19 14:45:43 UTC 2018
5 ms. Memory: 208384K Free: 196408K (94%)
ptolemy.util.test.WatchDog.cancel(): canceling Tue Jun 19 14:45:43 UTC 2018
auto.tcl: Setting watchdog for 200 seconds at Tue Jun 19 14:45:43 UTC 2018
3 ms. Memory: 208384K Free: 196408K (94%)
ptolemy.util.test.WatchDog.cancel(): canceling Tue Jun 19 14:45:43 UTC 2018
------------------ testing $PTII/ptolemy/domains/de/test/auto/DepthTest5.xml
auto.tcl: Setting watchdog for 200 seconds at Tue Jun 19 14:45:43 UTC 2018
7 ms. Memory: 208384K Free: 196355K (94%)
ptolemy.util.test.WatchDog.cancel(): canceling Tue Jun 19 14:45:43 UTC 2018
auto.tcl: Setting watchdog for 200 seconds at Tue Jun 19 14:45:43 UTC 2018
2 ms. Memory: 208384K Free: 196355K (94%)
ptolemy.util.test.WatchDog.cancel(): canceling Tue Jun 19 14:45:43 UTC 2018
------------------ testing $PTII/ptolemy/domains/de/test/auto/DepthTest6.xml
auto.tcl: Setting watchdog for 200 seconds at Tue Jun 19 14:45:43 UTC 2018
10 ms. Memory: 208384K Free: 195986K (94%)
ptolemy.util.test.WatchDog.cancel(): canceling Tue Jun 19 14:45:43 UTC 2018
auto.tcl: Setting watchdog for 200 seconds at Tue Jun 19 14:45:43 UTC 2018
3 ms. Memory: 208384K Free: 195986K (94%)
ptolemy.util.test.WatchDog.cancel(): canceling Tue Jun 19 14:45:43 UTC 2018
------------------ testing $PTII/ptolemy/domains/de/test/auto/DepthTest7.xml
auto.tcl: Setting watchdog for 200 seconds at Tue Jun 19 14:45:43 UTC 2018
3 ms. Memory: 208384K Free: 195974K (94%)
ptolemy.util.test.WatchDog.cancel(): canceling Tue Jun 19 14:45:43 UTC 2018
auto.tcl: Setting watchdog for 200 seconds at Tue Jun 19 14:45:43 UTC 2018
2 ms. Memory: 208384K Free: 195974K (94%)
ptolemy.util.test.WatchDog.cancel(): canceling Tue Jun 19 14:45:43 UTC 2018
------------------ testing $PTII/ptolemy/domains/de/test/auto/EventToDate.xml
auto.tcl: Setting watchdog for 200 seconds at Tue Jun 19 14:45:43 UTC 2018
3010 ms. Memory: 208384K Free: 185446K (89%)
ptolemy.util.test.WatchDog.cancel(): canceling Tue Jun 19 14:45:46 UTC 2018
auto.tcl: Setting watchdog for 200 seconds at Tue Jun 19 14:45:46 UTC 2018
3004 ms. Memory: 208384K Free: 185446K (89%)
ptolemy.util.test.WatchDog.cancel(): canceling Tue Jun 19 14:45:49 UTC 2018
------------------ testing $PTII/ptolemy/domains/de/test/auto/FSM1.xml
auto.tcl: Setting watchdog for 200 seconds at Tue Jun 19 14:45:49 UTC 2018
30 ms. Memory: 208384K Free: 186549K (90%)
ptolemy.util.test.WatchDog.cancel(): canceling Tue Jun 19 14:45:50 UTC 2018
auto.tcl: Setting watchdog for 200 seconds at Tue Jun 19 14:45:50 UTC 2018
27 ms. Memory: 208384K Free: 182329K (87%)
ptolemy.util.test.WatchDog.cancel(): canceling Tue Jun 19 14:45:50 UTC 2018
------------------ testing $PTII/ptolemy/domains/de/test/auto/FSM7.xml
auto.tcl: Setting watchdog for 200 seconds at Tue Jun 19 14:45:50 UTC 2018
27 ms. Memory: 208384K Free: 187098K (90%)
ptolemy.util.test.WatchDog.cancel(): canceling Tue Jun 19 14:45:50 UTC 2018
auto.tcl: Setting watchdog for 200 seconds at Tue Jun 19 14:45:50 UTC 2018
27 ms. Memory: 208384K Free: 184988K (89%)
ptolemy.util.test.WatchDog.cancel(): canceling Tue Jun 19 14:45:50 UTC 2018
------------------ testing $PTII/ptolemy/domains/de/test/auto/Inspection.xml
auto.tcl: Setting watchdog for 200 seconds at Tue Jun 19 14:45:50 UTC 2018
47 ms. Memory: 208384K Free: 188648K (91%)
ptolemy.util.test.WatchDog.cancel(): canceling Tue Jun 19 14:45:50 UTC 2018
auto.tcl: Setting watchdog for 200 seconds at Tue Jun 19 14:45:50 UTC 2018
44 ms. Memory: 208384K Free: 186200K (89%)
ptolemy.util.test.WatchDog.cancel(): canceling Tue Jun 19 14:45:50 UTC 2018
------------------ testing $PTII/ptolemy/domains/de/test/auto/Iteration.xml
auto.tcl: Setting watchdog for 200 seconds at Tue Jun 19 14:45:50 UTC 2018
12 ms. Memory: 208384K Free: 195776K (94%)
ptolemy.util.test.WatchDog.cancel(): canceling Tue Jun 19 14:45:50 UTC 2018
auto.tcl: Setting watchdog for 200 seconds at Tue Jun 19 14:45:50 UTC 2018
9 ms. Memory: 208384K Free: 193666K (93%)
ptolemy.util.test.WatchDog.cancel(): canceling Tue Jun 19 14:45:50 UTC 2018
------------------ testing $PTII/ptolemy/domains/de/test/auto/LineFault.xml
auto.tcl: Setting watchdog for 200 seconds at Tue Jun 19 14:45:50 UTC 2018
773 ms. Memory: 208384K Free: 196034K (94%)
ptolemy.util.test.WatchDog.cancel(): canceling Tue Jun 19 14:45:51 UTC 2018
auto.tcl: Setting watchdog for 200 seconds at Tue Jun 19 14:45:51 UTC 2018
700 ms. Memory: 208384K Free: 138435K (66%)
ptolemy.util.test.WatchDog.cancel(): canceling Tue Jun 19 14:45:52 UTC 2018
------------------ testing $PTII/ptolemy/domains/de/test/auto/MergeModel1Add.xml
auto.tcl: Setting watchdog for 200 seconds at Tue Jun 19 14:45:52 UTC 2018
20 ms. Memory: 331264K Free: 298597K (90%)
ptolemy.util.test.WatchDog.cancel(): canceling Tue Jun 19 14:45:52 UTC 2018
auto.tcl: Setting watchdog for 200 seconds at Tue Jun 19 14:45:52 UTC 2018
13 ms. Memory: 331264K Free: 298597K (90%)
ptolemy.util.test.WatchDog.cancel(): canceling Tue Jun 19 14:45:52 UTC 2018
------------------ testing $PTII/ptolemy/domains/de/test/auto/MergeModel2Add.xml
auto.tcl: Setting watchdog for 200 seconds at Tue Jun 19 14:45:52 UTC 2018
20 ms. Memory: 331264K Free: 303888K (92%)
ptolemy.util.test.WatchDog.cancel(): canceling Tue Jun 19 14:45:52 UTC 2018
auto.tcl: Setting watchdog for 200 seconds at Tue Jun 19 14:45:52 UTC 2018
15 ms. Memory: 331264K Free: 299936K (91%)
ptolemy.util.test.WatchDog.cancel(): canceling Tue Jun 19 14:45:52 UTC 2018
------------------ testing $PTII/ptolemy/domains/de/test/auto/MergeModel3Add.xml
auto.tcl: Setting watchdog for 200 seconds at Tue Jun 19 14:45:52 UTC 2018
18 ms. Memory: 331264K Free: 303898K (92%)
ptolemy.util.test.WatchDog.cancel(): canceling Tue Jun 19 14:45:52 UTC 2018
auto.tcl: Setting watchdog for 200 seconds at Tue Jun 19 14:45:52 UTC 2018
10 ms. Memory: 331264K Free: 299946K (91%)
ptolemy.util.test.WatchDog.cancel(): canceling Tue Jun 19 14:45:52 UTC 2018
------------------ testing $PTII/ptolemy/domains/de/test/auto/MergeWithoutDiscard.xml
auto.tcl: Setting watchdog for 200 seconds at Tue Jun 19 14:45:52 UTC 2018
2 ms. Memory: 331264K Free: 319701K (97%)
ptolemy.util.test.WatchDog.cancel(): canceling Tue Jun 19 14:45:52 UTC 2018
auto.tcl: Setting watchdog for 200 seconds at Tue Jun 19 14:45:52 UTC 2018
1 ms. Memory: 331264K Free: 315750K (95%)
ptolemy.util.test.WatchDog.cancel(): canceling Tue Jun 19 14:45:52 UTC 2018
------------------ testing $PTII/ptolemy/domains/de/test/auto/Modal1.xml
auto.tcl: Setting watchdog for 200 seconds at Tue Jun 19 14:45:52 UTC 2018
14 ms. Memory: 331264K Free: 309654K (93%)
ptolemy.util.test.WatchDog.cancel(): canceling Tue Jun 19 14:45:53 UTC 2018
auto.tcl: Setting watchdog for 200 seconds at Tue Jun 19 14:45:53 UTC 2018
24 ms. Memory: 331264K Free: 305703K (92%)
ptolemy.util.test.WatchDog.cancel(): canceling Tue Jun 19 14:45:53 UTC 2018
------------------ testing $PTII/ptolemy/domains/de/test/auto/Modal2.xml
auto.tcl: Setting watchdog for 200 seconds at Tue Jun 19 14:45:53 UTC 2018
17 ms. Memory: 331264K Free: 304610K (92%)
ptolemy.util.test.WatchDog.cancel(): canceling Tue Jun 19 14:45:53 UTC 2018
auto.tcl: Setting watchdog for 200 seconds at Tue Jun 19 14:45:53 UTC 2018
14 ms. Memory: 331264K Free: 300659K (91%)
ptolemy.util.test.WatchDog.cancel(): canceling Tue Jun 19 14:45:53 UTC 2018
------------------ testing $PTII/ptolemy/domains/de/test/auto/Modal3.xml
auto.tcl: Setting watchdog for 200 seconds at Tue Jun 19 14:45:53 UTC 2018
19 ms. Memory: 331264K Free: 309795K (94%)
ptolemy.util.test.WatchDog.cancel(): canceling Tue Jun 19 14:45:53 UTC 2018
auto.tcl: Setting watchdog for 200 seconds at Tue Jun 19 14:45:53 UTC 2018
15 ms. Memory: 331264K Free: 305558K (92%)
ptolemy.util.test.WatchDog.cancel(): canceling Tue Jun 19 14:45:53 UTC 2018
------------------ testing $PTII/ptolemy/domains/de/test/auto/Modal4.xml
auto.tcl: Setting watchdog for 200 seconds at Tue Jun 19 14:45:53 UTC 2018
26 ms. Memory: 331264K Free: 309523K (93%)
ptolemy.util.test.WatchDog.cancel(): canceling Tue Jun 19 14:45:53 UTC 2018
auto.tcl: Setting watchdog for 200 seconds at Tue Jun 19 14:45:53 UTC 2018
27 ms. Memory: 331264K Free: 305572K (92%)
ptolemy.util.test.WatchDog.cancel(): canceling Tue Jun 19 14:45:53 UTC 2018
------------------ testing $PTII/ptolemy/domains/de/test/auto/Modal5.xml
auto.tcl: Setting watchdog for 200 seconds at Tue Jun 19 14:45:53 UTC 2018
24 ms. Memory: 331264K Free: 309511K (93%)
ptolemy.util.test.WatchDog.cancel(): canceling Tue Jun 19 14:45:53 UTC 2018
auto.tcl: Setting watchdog for 200 seconds at Tue Jun 19 14:45:53 UTC 2018
18 ms. Memory: 331264K Free: 305559K (92%)
ptolemy.util.test.WatchDog.cancel(): canceling Tue Jun 19 14:45:53 UTC 2018
------------------ testing $PTII/ptolemy/domains/de/test/auto/Modal6.xml
auto.tcl: Setting watchdog for 200 seconds at Tue Jun 19 14:45:53 UTC 2018
16 ms. Memory: 331264K Free: 309509K (93%)
ptolemy.util.test.WatchDog.cancel(): canceling Tue Jun 19 14:45:53 UTC 2018
auto.tcl: Setting watchdog for 200 seconds at Tue Jun 19 14:45:53 UTC 2018
20 ms. Memory: 331264K Free: 305557K (92%)
ptolemy.util.test.WatchDog.cancel(): canceling Tue Jun 19 14:45:53 UTC 2018
------------------ testing $PTII/ptolemy/domains/de/test/auto/Modal7.xml
auto.tcl: Setting watchdog for 200 seconds at Tue Jun 19 14:45:53 UTC 2018
19 ms. Memory: 331264K Free: 309509K (93%)
ptolemy.util.test.WatchDog.cancel(): canceling Tue Jun 19 14:45:53 UTC 2018
auto.tcl: Setting watchdog for 200 seconds at Tue Jun 19 14:45:53 UTC 2018
14 ms. Memory: 331264K Free: 305557K (92%)
ptolemy.util.test.WatchDog.cancel(): canceling Tue Jun 19 14:45:53 UTC 2018
------------------ testing $PTII/ptolemy/domains/de/test/auto/ModalModel.xml
auto.tcl: Setting watchdog for 200 seconds at Tue Jun 19 14:45:53 UTC 2018
248 ms. Memory: 331264K Free: 245819K (74%)
ptolemy.util.test.WatchDog.cancel(): canceling Tue Jun 19 14:45:54 UTC 2018
auto.tcl: Setting watchdog for 200 seconds at Tue Jun 19 14:45:54 UTC 2018
234 ms. Memory: 331264K Free: 190329K (57%)
ptolemy.util.test.WatchDog.cancel(): canceling Tue Jun 19 14:45:54 UTC 2018
------------------ testing $PTII/ptolemy/domains/de/test/auto/ModalSource.xml
auto.tcl: Setting watchdog for 200 seconds at Tue Jun 19 14:45:54 UTC 2018
11 ms. Memory: 331264K Free: 316285K (95%)
ptolemy.util.test.WatchDog.cancel(): canceling Tue Jun 19 14:45:54 UTC 2018
auto.tcl: Setting watchdog for 200 seconds at Tue Jun 19 14:45:54 UTC 2018
6 ms. Memory: 331264K Free: 312751K (94%)
ptolemy.util.test.WatchDog.cancel(): canceling Tue Jun 19 14:45:54 UTC 2018
------------------ testing $PTII/ptolemy/domains/de/test/auto/NonInterruptibleTimerZeroDelay.xml
auto.tcl: Setting watchdog for 200 seconds at Tue Jun 19 14:45:54 UTC 2018
4 ms. Memory: 331264K Free: 320657K (97%)
ptolemy.util.test.WatchDog.cancel(): canceling Tue Jun 19 14:45:54 UTC 2018
auto.tcl: Setting watchdog for 200 seconds at Tue Jun 19 14:45:54 UTC 2018
2 ms. Memory: 331264K Free: 317123K (96%)
ptolemy.util.test.WatchDog.cancel(): canceling Tue Jun 19 14:45:54 UTC 2018
------------------ testing $PTII/ptolemy/domains/de/test/auto/OpenQueueingNetwork.xml
auto.tcl: Setting watchdog for 200 seconds at Tue Jun 19 14:45:54 UTC 2018
3703 ms. Memory: 317952K Free: 164616K (52%)
ptolemy.util.test.WatchDog.cancel(): canceling Tue Jun 19 14:45:58 UTC 2018
auto.tcl: Setting watchdog for 200 seconds at Tue Jun 19 14:45:58 UTC 2018
2553 ms. Memory: 287232K Free: 255186K (89%)
ptolemy.util.test.WatchDog.cancel(): canceling Tue Jun 19 14:46:01 UTC 2018
------------------ testing $PTII/ptolemy/domains/de/test/auto/OpenQueuingNetwork.xml
auto.tcl: Setting watchdog for 200 seconds at Tue Jun 19 14:46:01 UTC 2018
283 ms. Memory: 287232K Free: 190375K (66%)
ptolemy.util.test.WatchDog.cancel(): canceling Tue Jun 19 14:46:01 UTC 2018
auto.tcl: Setting watchdog for 200 seconds at Tue Jun 19 14:46:01 UTC 2018
266 ms. Memory: 287232K Free: 129670K (45%)
ptolemy.util.test.WatchDog.cancel(): canceling Tue Jun 19 14:46:01 UTC 2018
------------------ testing $PTII/ptolemy/domains/de/test/auto/PeriodicSampler.xml
auto.tcl: Setting watchdog for 200 seconds at Tue Jun 19 14:46:01 UTC 2018
3 ms. Memory: 289792K Free: 274612K (95%)
ptolemy.util.test.WatchDog.cancel(): canceling Tue Jun 19 14:46:01 UTC 2018
auto.tcl: Setting watchdog for 200 seconds at Tue Jun 19 14:46:01 UTC 2018
2 ms. Memory: 289792K Free: 274612K (95%)
ptolemy.util.test.WatchDog.cancel(): canceling Tue Jun 19 14:46:01 UTC 2018
------------------ testing $PTII/ptolemy/domains/de/test/auto/PersistentIO.xml
auto.tcl: Setting watchdog for 200 seconds at Tue Jun 19 14:46:01 UTC 2018
6 ms. Memory: 287232K Free: 266846K (93%)
ptolemy.util.test.WatchDog.cancel(): canceling Tue Jun 19 14:46:01 UTC 2018
auto.tcl: Setting watchdog for 200 seconds at Tue Jun 19 14:46:01 UTC 2018
6 ms. Memory: 287232K Free: 266846K (93%)
ptolemy.util.test.WatchDog.cancel(): canceling Tue Jun 19 14:46:01 UTC 2018
------------------ testing $PTII/ptolemy/domains/de/test/auto/PortParameterResetOnInitialize.xml
auto.tcl: Setting watchdog for 200 seconds at Tue Jun 19 14:46:01 UTC 2018
2 ms. Memory: 289280K Free: 274458K (95%)
ptolemy.util.test.WatchDog.cancel(): canceling Tue Jun 19 14:46:02 UTC 2018
auto.tcl: Setting watchdog for 200 seconds at Tue Jun 19 14:46:02 UTC 2018
2 ms. Memory: 289280K Free: 274458K (95%)
ptolemy.util.test.WatchDog.cancel(): canceling Tue Jun 19 14:46:02 UTC 2018
------------------ testing $PTII/ptolemy/domains/de/test/auto/PortParameterUpdates.xml
auto.tcl: Setting watchdog for 200 seconds at Tue Jun 19 14:46:02 UTC 2018
4 ms. Memory: 287232K Free: 272661K (95%)
ptolemy.util.test.WatchDog.cancel(): canceling Tue Jun 19 14:46:02 UTC 2018
auto.tcl: Setting watchdog for 200 seconds at Tue Jun 19 14:46:02 UTC 2018
4 ms. Memory: 287232K Free: 269746K (94%)
ptolemy.util.test.WatchDog.cancel(): canceling Tue Jun 19 14:46:02 UTC 2018
------------------ testing $PTII/ptolemy/domains/de/test/auto/QueueAndServer.xml
auto.tcl: Setting watchdog for 200 seconds at Tue Jun 19 14:46:02 UTC 2018
8 ms. Memory: 289280K Free: 273723K (95%)
ptolemy.util.test.WatchDog.cancel(): canceling Tue Jun 19 14:46:02 UTC 2018
auto.tcl: Setting watchdog for 200 seconds at Tue Jun 19 14:46:02 UTC 2018
7 ms. Memory: 289280K Free: 273723K (95%)
ptolemy.util.test.WatchDog.cancel(): canceling Tue Jun 19 14:46:02 UTC 2018
------------------ testing $PTII/ptolemy/domains/de/test/auto/Records.xml
auto.tcl: Setting watchdog for 200 seconds at Tue Jun 19 14:46:02 UTC 2018
3 ms. Memory: 287232K Free: 274608K (96%)
ptolemy.util.test.WatchDog.cancel(): canceling Tue Jun 19 14:46:02 UTC 2018
auto.tcl: Setting watchdog for 200 seconds at Tue Jun 19 14:46:02 UTC 2018
2 ms. Memory: 287232K Free: 274608K (96%)
ptolemy.util.test.WatchDog.cancel(): canceling Tue Jun 19 14:46:02 UTC 2018
------------------ testing $PTII/ptolemy/domains/de/test/auto/ResetTransitionWithStartTime1.xml
auto.tcl: Setting watchdog for 200 seconds at Tue Jun 19 14:46:02 UTC 2018
9 ms. Memory: 288768K Free: 273155K (95%)
ptolemy.util.test.WatchDog.cancel(): canceling Tue Jun 19 14:46:02 UTC 2018
auto.tcl: Setting watchdog for 200 seconds at Tue Jun 19 14:46:02 UTC 2018
8 ms. Memory: 288768K Free: 270241K (94%)
ptolemy.util.test.WatchDog.cancel(): canceling Tue Jun 19 14:46:02 UTC 2018
------------------ testing $PTII/ptolemy/domains/de/test/auto/ResetTransitionWithStartTime2.xml
auto.tcl: Setting watchdog for 200 seconds at Tue Jun 19 14:46:02 UTC 2018
7 ms. Memory: 287232K Free: 271711K (95%)
ptolemy.util.test.WatchDog.cancel(): canceling Tue Jun 19 14:46:02 UTC 2018
auto.tcl: Setting watchdog for 200 seconds at Tue Jun 19 14:46:02 UTC 2018
7 ms. Memory: 287232K Free: 268797K (94%)
ptolemy.util.test.WatchDog.cancel(): canceling Tue Jun 19 14:46:02 UTC 2018
------------------ testing $PTII/ptolemy/domains/de/test/auto/ResetTransitionWithStartTime3.xml
auto.tcl: Setting watchdog for 200 seconds at Tue Jun 19 14:46:02 UTC 2018
9 ms. Memory: 288768K Free: 273144K (95%)
ptolemy.util.test.WatchDog.cancel(): canceling Tue Jun 19 14:46:02 UTC 2018
auto.tcl: Setting watchdog for 200 seconds at Tue Jun 19 14:46:02 UTC 2018
7 ms. Memory: 288768K Free: 270230K (94%)
ptolemy.util.test.WatchDog.cancel(): canceling Tue Jun 19 14:46:02 UTC 2018
------------------ testing $PTII/ptolemy/domains/de/test/auto/ResetTransitionWithStartTime4.xml
auto.tcl: Setting watchdog for 200 seconds at Tue Jun 19 14:46:02 UTC 2018
5 ms. Memory: 287232K Free: 271622K (95%)
ptolemy.util.test.WatchDog.cancel(): canceling Tue Jun 19 14:46:02 UTC 2018
auto.tcl: Setting watchdog for 200 seconds at Tue Jun 19 14:46:02 UTC 2018
4 ms. Memory: 287232K Free: 271622K (95%)
ptolemy.util.test.WatchDog.cancel(): canceling Tue Jun 19 14:46:02 UTC 2018
------------------ testing $PTII/ptolemy/domains/de/test/auto/ResettableTimer1.xml
auto.tcl: Setting watchdog for 200 seconds at Tue Jun 19 14:46:02 UTC 2018
4 ms. Memory: 288768K Free: 276068K (96%)
ptolemy.util.test.WatchDog.cancel(): canceling Tue Jun 19 14:46:02 UTC 2018
auto.tcl: Setting watchdog for 200 seconds at Tue Jun 19 14:46:02 UTC 2018
2 ms. Memory: 288768K Free: 276068K (96%)
ptolemy.util.test.WatchDog.cancel(): canceling Tue Jun 19 14:46:02 UTC 2018
------------------ testing $PTII/ptolemy/domains/de/test/auto/ResettableTimer2.xml
auto.tcl: Setting watchdog for 200 seconds at Tue Jun 19 14:46:02 UTC 2018
3 ms. Memory: 287232K Free: 274675K (96%)
ptolemy.util.test.WatchDog.cancel(): canceling Tue Jun 19 14:46:02 UTC 2018
auto.tcl: Setting watchdog for 200 seconds at Tue Jun 19 14:46:02 UTC 2018
2 ms. Memory: 287232K Free: 274675K (96%)
ptolemy.util.test.WatchDog.cancel(): canceling Tue Jun 19 14:46:02 UTC 2018
------------------ testing $PTII/ptolemy/domains/de/test/auto/ResettableTimer3.xml
auto.tcl: Setting watchdog for 200 seconds at Tue Jun 19 14:46:02 UTC 2018
1 ms. Memory: 288256K Free: 275597K (96%)
ptolemy.util.test.WatchDog.cancel(): canceling Tue Jun 19 14:46:02 UTC 2018
auto.tcl: Setting watchdog for 200 seconds at Tue Jun 19 14:46:02 UTC 2018
1 ms. Memory: 288256K Free: 275597K (96%)
ptolemy.util.test.WatchDog.cancel(): canceling Tue Jun 19 14:46:02 UTC 2018
------------------ testing $PTII/ptolemy/domains/de/test/auto/ResettableTimer4.xml
auto.tcl: Setting watchdog for 200 seconds at Tue Jun 19 14:46:02 UTC 2018
1 ms. Memory: 287232K Free: 274688K (96%)
ptolemy.util.test.WatchDog.cancel(): canceling Tue Jun 19 14:46:02 UTC 2018
auto.tcl: Setting watchdog for 200 seconds at Tue Jun 19 14:46:02 UTC 2018
1 ms. Memory: 287232K Free: 274688K (96%)
ptolemy.util.test.WatchDog.cancel(): canceling Tue Jun 19 14:46:02 UTC 2018
------------------ testing $PTII/ptolemy/domains/de/test/auto/ResettableTimer5.xml
auto.tcl: Setting watchdog for 200 seconds at Tue Jun 19 14:46:02 UTC 2018
2 ms. Memory: 288256K Free: 273651K (95%)
ptolemy.util.test.WatchDog.cancel(): canceling Tue Jun 19 14:46:02 UTC 2018
auto.tcl: Setting watchdog for 200 seconds at Tue Jun 19 14:46:02 UTC 2018
1 ms. Memory: 288256K Free: 273651K (95%)
ptolemy.util.test.WatchDog.cancel(): canceling Tue Jun 19 14:46:02 UTC 2018
------------------ testing $PTII/ptolemy/domains/de/test/auto/ResettableTimer6.xml
auto.tcl: Setting watchdog for 200 seconds at Tue Jun 19 14:46:02 UTC 2018
2 ms. Memory: 287232K Free: 272475K (95%)
ptolemy.util.test.WatchDog.cancel(): canceling Tue Jun 19 14:46:02 UTC 2018
auto.tcl: Setting watchdog for 200 seconds at Tue Jun 19 14:46:02 UTC 2018
1 ms. Memory: 287232K Free: 272475K (95%)
ptolemy.util.test.WatchDog.cancel(): canceling Tue Jun 19 14:46:02 UTC 2018
------------------ testing $PTII/ptolemy/domains/de/test/auto/ServerZeroDelay.xml
auto.tcl: Setting watchdog for 200 seconds at Tue Jun 19 14:46:03 UTC 2018
4 ms. Memory: 288256K Free: 275564K (96%)
ptolemy.util.test.WatchDog.cancel(): canceling Tue Jun 19 14:46:03 UTC 2018
auto.tcl: Setting watchdog for 200 seconds at Tue Jun 19 14:46:03 UTC 2018
5 ms. Memory: 288256K Free: 275564K (96%)
ptolemy.util.test.WatchDog.cancel(): canceling Tue Jun 19 14:46:03 UTC 2018
------------------ testing $PTII/ptolemy/domains/de/test/auto/SmartSender.xml
auto.tcl: Setting watchdog for 200 seconds at Tue Jun 19 14:46:03 UTC 2018
3001 ms. Memory: 287232K Free: 274620K (96%)
ptolemy.util.test.WatchDog.cancel(): canceling Tue Jun 19 14:46:06 UTC 2018
auto.tcl: Setting watchdog for 200 seconds at Tue Jun 19 14:46:06 UTC 2018
3002 ms. Memory: 287232K Free: 274620K (96%)
ptolemy.util.test.WatchDog.cancel(): canceling Tue Jun 19 14:46:09 UTC 2018
------------------ testing $PTII/ptolemy/domains/de/test/auto/ThreadedComposite.xml
auto.tcl: Setting watchdog for 200 seconds at Tue Jun 19 14:46:09 UTC 2018
268 ms. Memory: 288256K Free: 252422K (88%)
ptolemy.util.test.WatchDog.cancel(): canceling Tue Jun 19 14:46:09 UTC 2018
auto.tcl: Setting watchdog for 200 seconds at Tue Jun 19 14:46:09 UTC 2018
254 ms. Memory: 288256K Free: 234276K (81%)
ptolemy.util.test.WatchDog.cancel(): canceling Tue Jun 19 14:46:09 UTC 2018
------------------ testing $PTII/ptolemy/domains/de/test/auto/Time.xml
auto.tcl: Setting watchdog for 200 seconds at Tue Jun 19 14:46:09 UTC 2018
663 ms. Memory: 287232K Free: 220746K (77%)
ptolemy.util.test.WatchDog.cancel(): canceling Tue Jun 19 14:46:10 UTC 2018
auto.tcl: Setting watchdog for 200 seconds at Tue Jun 19 14:46:10 UTC 2018
601 ms. Memory: 287232K Free: 165681K (58%)
ptolemy.util.test.WatchDog.cancel(): canceling Tue Jun 19 14:46:11 UTC 2018
------------------ testing $PTII/ptolemy/domains/de/test/auto/TimeDelayZeroDelay.xml
auto.tcl: Setting watchdog for 200 seconds at Tue Jun 19 14:46:11 UTC 2018
2 ms. Memory: 287744K Free: 275601K (96%)
ptolemy.util.test.WatchDog.cancel(): canceling Tue Jun 19 14:46:11 UTC 2018
auto.tcl: Setting watchdog for 200 seconds at Tue Jun 19 14:46:11 UTC 2018
2 ms. Memory: 287744K Free: 275601K (96%)
ptolemy.util.test.WatchDog.cancel(): canceling Tue Jun 19 14:46:11 UTC 2018
------------------ testing $PTII/ptolemy/domains/de/test/auto/TimerZeroDelay.xml
auto.tcl: Setting watchdog for 200 seconds at Tue Jun 19 14:46:11 UTC 2018
2 ms. Memory: 287232K Free: 275198K (96%)
ptolemy.util.test.WatchDog.cancel(): canceling Tue Jun 19 14:46:11 UTC 2018
auto.tcl: Setting watchdog for 200 seconds at Tue Jun 19 14:46:11 UTC 2018
3 ms. Memory: 287232K Free: 275198K (96%)
ptolemy.util.test.WatchDog.cancel(): canceling Tue Jun 19 14:46:11 UTC 2018
------------------ testing $PTII/ptolemy/domains/de/test/auto/TimingParadox.xml
auto.tcl: Setting watchdog for 200 seconds at Tue Jun 19 14:46:11 UTC 2018
428 ms. Memory: 287744K Free: 211415K (73%)
ptolemy.util.test.WatchDog.cancel(): canceling Tue Jun 19 14:46:11 UTC 2018
auto.tcl: Setting watchdog for 200 seconds at Tue Jun 19 14:46:11 UTC 2018
368 ms. Memory: 287744K Free: 177609K (62%)
ptolemy.util.test.WatchDog.cancel(): canceling Tue Jun 19 14:46:12 UTC 2018
------------------ testing $PTII/ptolemy/domains/de/test/auto/TransferInputs.xml
auto.tcl: Setting watchdog for 200 seconds at Tue Jun 19 14:46:12 UTC 2018
2 ms. Memory: 287744K Free: 274569K (95%)
ptolemy.util.test.WatchDog.cancel(): canceling Tue Jun 19 14:46:12 UTC 2018
auto.tcl: Setting watchdog for 200 seconds at Tue Jun 19 14:46:12 UTC 2018
2 ms. Memory: 287744K Free: 274569K (95%)
ptolemy.util.test.WatchDog.cancel(): canceling Tue Jun 19 14:46:12 UTC 2018
------------------ testing $PTII/ptolemy/domains/de/test/auto/TransferOutputs2.xml
auto.tcl: Setting watchdog for 200 seconds at Tue Jun 19 14:46:12 UTC 2018
3 ms. Memory: 287232K Free: 272544K (95%)
ptolemy.util.test.WatchDog.cancel(): canceling Tue Jun 19 14:46:12 UTC 2018
auto.tcl: Setting watchdog for 200 seconds at Tue Jun 19 14:46:12 UTC 2018
3 ms. Memory: 287232K Free: 269928K (94%)
ptolemy.util.test.WatchDog.cancel(): canceling Tue Jun 19 14:46:12 UTC 2018
------------------ testing $PTII/ptolemy/domains/de/test/auto/Trilateration.xml
auto.tcl: Setting watchdog for 200 seconds at Tue Jun 19 14:46:12 UTC 2018
13578 ms. Memory: 523264K Free: 224942K (43%)
ptolemy.util.test.WatchDog.cancel(): canceling Tue Jun 19 14:46:27 UTC 2018
auto.tcl: Setting watchdog for 200 seconds at Tue Jun 19 14:46:27 UTC 2018
11345 ms. Memory: 396800K Free: 200624K (51%)
ptolemy.util.test.WatchDog.cancel(): canceling Tue Jun 19 14:46:38 UTC 2018
------------------ testing $PTII/ptolemy/domains/de/test/auto/TwoSigmaDelta.xml
auto.tcl: Setting watchdog for 200 seconds at Tue Jun 19 14:46:38 UTC 2018
3184 ms. Memory: 399360K Free: 93058K (23%)
ptolemy.util.test.WatchDog.cancel(): canceling Tue Jun 19 14:46:42 UTC 2018
auto.tcl: Setting watchdog for 200 seconds at Tue Jun 19 14:46:42 UTC 2018
2341 ms. Memory: 382976K Free: 158637K (41%)
ptolemy.util.test.WatchDog.cancel(): canceling Tue Jun 19 14:46:44 UTC 2018
------------------ testing $PTII/ptolemy/domains/de/test/auto/VariableDelay.xml
auto.tcl: Setting watchdog for 200 seconds at Tue Jun 19 14:46:44 UTC 2018
2 ms. Memory: 385024K Free: 368936K (96%)
ptolemy.util.test.WatchDog.cancel(): canceling Tue Jun 19 14:46:44 UTC 2018
auto.tcl: Setting watchdog for 200 seconds at Tue Jun 19 14:46:44 UTC 2018
2 ms. Memory: 385024K Free: 368936K (96%)
ptolemy.util.test.WatchDog.cancel(): canceling Tue Jun 19 14:46:44 UTC 2018
------------------ testing $PTII/ptolemy/domains/de/test/auto/VariableDelay2.xml
auto.tcl: Setting watchdog for 200 seconds at Tue Jun 19 14:46:44 UTC 2018
6 ms. Memory: 382464K Free: 369797K (97%)
ptolemy.util.test.WatchDog.cancel(): canceling Tue Jun 19 14:46:44 UTC 2018
auto.tcl: Setting watchdog for 200 seconds at Tue Jun 19 14:46:44 UTC 2018
2 ms. Memory: 382464K Free: 369797K (97%)
ptolemy.util.test.WatchDog.cancel(): canceling Tue Jun 19 14:46:44 UTC 2018
------------------ testing $PTII/ptolemy/domains/de/test/auto/VariableDelayZeroDelay.xml
auto.tcl: Setting watchdog for 200 seconds at Tue Jun 19 14:46:44 UTC 2018
3 ms. Memory: 384512K Free: 368834K (96%)
ptolemy.util.test.WatchDog.cancel(): canceling Tue Jun 19 14:46:44 UTC 2018
auto.tcl: Setting watchdog for 200 seconds at Tue Jun 19 14:46:44 UTC 2018
1 ms. Memory: 384512K Free: 368834K (96%)
ptolemy.util.test.WatchDog.cancel(): canceling Tue Jun 19 14:46:44 UTC 2018
------------------ testing $PTII/ptolemy/domains/de/test/auto/VariableDelayZeroDelay2.xml
auto.tcl: Setting watchdog for 200 seconds at Tue Jun 19 14:46:44 UTC 2018
2 ms. Memory: 382464K Free: 366784K (96%)
ptolemy.util.test.WatchDog.cancel(): canceling Tue Jun 19 14:46:44 UTC 2018
auto.tcl: Setting watchdog for 200 seconds at Tue Jun 19 14:46:44 UTC 2018
2 ms. Memory: 382464K Free: 366784K (96%)
ptolemy.util.test.WatchDog.cancel(): canceling Tue Jun 19 14:46:44 UTC 2018
------------------ testing $PTII/ptolemy/domains/de/test/auto/deInCt.xml
auto.tcl: Setting watchdog for 200 seconds at Tue Jun 19 14:46:44 UTC 2018
0
1
1
1
0
0
0
1
1
1
0
0
0
1
1
1
1
1
0
0
0
1
1
1
0
0
1
1
1
1
1
1
1
0
0
0
0
9 ms. Memory: 384000K Free: 368312K (96%)
ptolemy.util.test.WatchDog.cancel(): canceling Tue Jun 19 14:46:44 UTC 2018
auto.tcl: Setting watchdog for 200 seconds at Tue Jun 19 14:46:44 UTC 2018
0
1
1
1
1
0
0
0
1
1
1
0
0
0
1
1
1
1
0
0
0
1
1
1
0
0
0
0
0
1
1
1
0
0
0
0
0
6 ms. Memory: 384000K Free: 363556K (95%)
ptolemy.util.test.WatchDog.cancel(): canceling Tue Jun 19 14:46:44 UTC 2018
------------------ testing $PTII/ptolemy/domains/de/test/auto/deInCt2.xml
auto.tcl: Setting watchdog for 200 seconds at Tue Jun 19 14:46:44 UTC 2018
0
1
1
1
0
0
1
1
1
0
0
1
1
1
0
0
1
1
1
0
0
1
1
1
0
0
1
1
1
0
0
1
1
1
0
0
1
1
1
0
0
0
14 ms. Memory: 382464K Free: 366776K (96%)
ptolemy.util.test.WatchDog.cancel(): canceling Tue Jun 19 14:46:44 UTC 2018
auto.tcl: Setting watchdog for 200 seconds at Tue Jun 19 14:46:44 UTC 2018
0
1
1
1
0
0
1
1
1
0
0
1
1
1
0
0
1
1
1
0
0
1
1
1
0
0
1
1
1
0
0
1
1
1
0
0
1
1
1
0
0
0
8 ms. Memory: 382464K Free: 362020K (95%)
ptolemy.util.test.WatchDog.cancel(): canceling Tue Jun 19 14:46:44 UTC 2018
------------------ testing $PTII/ptolemy/domains/de/test/auto/dynamicCausalityInterface1.xml
auto.tcl: Setting watchdog for 200 seconds at Tue Jun 19 14:46:44 UTC 2018
1 ms. Memory: 384000K Free: 361779K (94%)
ptolemy.util.test.WatchDog.cancel(): canceling Tue Jun 19 14:46:44 UTC 2018
auto.tcl: Setting watchdog for 200 seconds at Tue Jun 19 14:46:44 UTC 2018
1 ms. Memory: 384000K Free: 361779K (94%)
ptolemy.util.test.WatchDog.cancel(): canceling Tue Jun 19 14:46:44 UTC 2018
------------------ testing $PTII/ptolemy/domains/de/test/auto/fsm_de_test.xml
auto.tcl: Setting watchdog for 200 seconds at Tue Jun 19 14:46:45 UTC 2018
11 ms. Memory: 382464K Free: 361899K (95%)
ptolemy.util.test.WatchDog.cancel(): canceling Tue Jun 19 14:46:45 UTC 2018
auto.tcl: Setting watchdog for 200 seconds at Tue Jun 19 14:46:45 UTC 2018
6 ms. Memory: 382464K Free: 357135K (93%)
ptolemy.util.test.WatchDog.cancel(): canceling Tue Jun 19 14:46:45 UTC 2018
------------------ testing $PTII/ptolemy/domains/de/test/auto/functionDependencyReconstruction.xml
auto.tcl: Setting watchdog for 200 seconds at Tue Jun 19 14:46:45 UTC 2018
3 ms. Memory: 383488K Free: 353394K (92%)
ptolemy.util.test.WatchDog.cancel(): canceling Tue Jun 19 14:46:45 UTC 2018
auto.tcl: Setting watchdog for 200 seconds at Tue Jun 19 14:46:45 UTC 2018
3 ms. Memory: 383488K Free: 353394K (92%)
ptolemy.util.test.WatchDog.cancel(): canceling Tue Jun 19 14:46:45 UTC 2018
------------------ testing $PTII/ptolemy/domains/de/test/auto/multirate.xml
auto.tcl: Setting watchdog for 200 seconds at Tue Jun 19 14:46:45 UTC 2018
3 ms. Memory: 382464K Free: 361766K (95%)
ptolemy.util.test.WatchDog.cancel(): canceling Tue Jun 19 14:46:45 UTC 2018
auto.tcl: Setting watchdog for 200 seconds at Tue Jun 19 14:46:45 UTC 2018
3 ms. Memory: 382464K Free: 361761K (95%)
ptolemy.util.test.WatchDog.cancel(): canceling Tue Jun 19 14:46:45 UTC 2018
------------------ testing $PTII/ptolemy/domains/de/test/auto/multirate2.xml
auto.tcl: Setting watchdog for 200 seconds at Tue Jun 19 14:46:45 UTC 2018
3 ms. Memory: 383488K Free: 362973K (95%)
ptolemy.util.test.WatchDog.cancel(): canceling Tue Jun 19 14:46:45 UTC 2018
auto.tcl: Setting watchdog for 200 seconds at Tue Jun 19 14:46:45 UTC 2018
4 ms. Memory: 383488K Free: 362973K (95%)
ptolemy.util.test.WatchDog.cancel(): canceling Tue Jun 19 14:46:45 UTC 2018
------------------ testing $PTII/ptolemy/domains/de/test/auto/realtime.xml
auto.tcl: Setting watchdog for 200 seconds at Tue Jun 19 14:46:45 UTC 2018
10001 ms. Memory: 382464K Free: 369731K (97%)
ptolemy.util.test.WatchDog.cancel(): canceling Tue Jun 19 14:46:55 UTC 2018
auto.tcl: Setting watchdog for 200 seconds at Tue Jun 19 14:46:55 UTC 2018
10001 ms. Memory: 382464K Free: 369731K (97%)
ptolemy.util.test.WatchDog.cancel(): canceling Tue Jun 19 14:47:05 UTC 2018
------------------ testing $PTII/ptolemy/domains/de/test/auto/relationGroup.xml
auto.tcl: Setting watchdog for 200 seconds at Tue Jun 19 14:47:05 UTC 2018
2 ms. Memory: 383488K Free: 370785K (97%)
ptolemy.util.test.WatchDog.cancel(): canceling Tue Jun 19 14:47:05 UTC 2018
auto.tcl: Setting watchdog for 200 seconds at Tue Jun 19 14:47:05 UTC 2018
1 ms. Memory: 383488K Free: 370785K (97%)
ptolemy.util.test.WatchDog.cancel(): canceling Tue Jun 19 14:47:05 UTC 2018
------------------ testing $PTII/ptolemy/domains/de/test/auto/relationGroup2.xml
auto.tcl: Setting watchdog for 200 seconds at Tue Jun 19 14:47:05 UTC 2018
1 ms. Memory: 382464K Free: 369788K (97%)
ptolemy.util.test.WatchDog.cancel(): canceling Tue Jun 19 14:47:05 UTC 2018
auto.tcl: Setting watchdog for 200 seconds at Tue Jun 19 14:47:05 UTC 2018
1 ms. Memory: 382464K Free: 369788K (97%)
ptolemy.util.test.WatchDog.cancel(): canceling Tue Jun 19 14:47:05 UTC 2018
------------------ testing $PTII/ptolemy/domains/de/test/auto/sortWithOpaquePorts.xml
auto.tcl: Setting watchdog for 200 seconds at Tue Jun 19 14:47:05 UTC 2018
1 ms. Memory: 383488K Free: 367802K (96%)
ptolemy.util.test.WatchDog.cancel(): canceling Tue Jun 19 14:47:05 UTC 2018
auto.tcl: Setting watchdog for 200 seconds at Tue Jun 19 14:47:05 UTC 2018
2 ms. Memory: 383488K Free: 367802K (96%)
ptolemy.util.test.WatchDog.cancel(): canceling Tue Jun 19 14:47:05 UTC 2018
------------------ testing $PTII/ptolemy/domains/de/test/auto/transferInputsandOutputs.xml
auto.tcl: Setting watchdog for 200 seconds at Tue Jun 19 14:47:05 UTC 2018
2 ms. Memory: 382464K Free: 362009K (95%)
ptolemy.util.test.WatchDog.cancel(): canceling Tue Jun 19 14:47:05 UTC 2018
auto.tcl: Setting watchdog for 200 seconds at Tue Jun 19 14:47:05 UTC 2018
1 ms. Memory: 382464K Free: 362009K (95%)
ptolemy.util.test.WatchDog.cancel(): canceling Tue Jun 19 14:47:05 UTC 2018
------------------ testing $PTII/ptolemy/domains/de/test/auto/triggerType.xml
auto.tcl: Setting watchdog for 200 seconds at Tue Jun 19 14:47:05 UTC 2018
4 ms. Memory: 382976K Free: 367228K (96%)
ptolemy.util.test.WatchDog.cancel(): canceling Tue Jun 19 14:47:05 UTC 2018
auto.tcl: Setting watchdog for 200 seconds at Tue Jun 19 14:47:05 UTC 2018
2 ms. Memory: 382976K Free: 367228K (96%)
ptolemy.util.test.WatchDog.cancel(): canceling Tue Jun 19 14:47:05 UTC 2018
06/19/18 02:47:05
Failed: 0  Total Tests: 192  ((Passed: 187, Newly Passed: 1)  Known Failed: 5) /home/travis/build/icyphy/ptII/ptolemy/domains/de/test
06/19/18 02:47:05
Failed: 0  Total Tests: 192  ((Passed: 187, Newly Passed: 1)  Known Failed: 5) /home/travis/build/icyphy/ptII/ptolemy/domains/de/test
----------------- testing (KnownFailure) /home/travis/build/icyphy/ptII/ptolemy/domains/de/test/auto/knownFailedTests/DESDFClockTest.xml
2008 ms. Memory: 382464K Free: 354712K (93%)
Known Failure: java.lang.reflect.InvocationTargetException
----------------- testing (KnownFailure) /home/travis/build/icyphy/ptII/ptolemy/domains/de/test/auto/knownFailedTests/DirectFeedback.xml
2 ms. Memory: 382464K Free: 330622K (86%)
Known Failure: java.lang.reflect.InvocationTargetException
----------------- testing (KnownFailure) /home/travis/build/icyphy/ptII/ptolemy/domains/de/test/auto/knownFailedTests/FSMSource.xml
5 ms. Memory: 382464K Free: 306537K (80%)
----------------- testing (KnownFailure) /home/travis/build/icyphy/ptII/ptolemy/domains/de/test/auto/knownFailedTests/HierarchicalModel.xml
1 ms. Memory: 382464K Free: 282437K (74%)
Known Failure: java.lang.reflect.InvocationTargetException
----------------- testing (KnownFailure) /home/travis/build/icyphy/ptII/ptolemy/domains/de/test/auto/knownFailedTests/dependencyLoop.xml
2 ms. Memory: 382464K Free: 246302K (64%)
Known Failure: java.lang.reflect.InvocationTargetException
----------------- testing (KnownFailure) /home/travis/build/icyphy/ptII/ptolemy/domains/de/test/auto/knownFailedTests/dependencyLoop2.xml
3 ms. Memory: 382464K Free: 210175K (55%)
Known Failure: java.lang.reflect.InvocationTargetException
No auto/linux-amd64/*.xml tests in /home/travis/build/icyphy/ptII/ptolemy/domains/de/test
AutoTests.java: About to close Vertx.
AutoTests.java: Vertx closed.

===========================================================================================
----------------- testing Tue Jun 19 14:47:08 UTC 2018 /home/travis/build/icyphy/ptII/ptolemy/domains/de/test/auto/ActorDepthCalculation_actorWithoutPorts.xml
----------------- Instantiating /home/travis/build/icyphy/ptII/ptolemy/domains/de/test/auto/ActorDepthCalculation_actorWithoutPorts.xml
1 ms. Memory: 382464K Free: 180069K (47%)
----------------- Invoking toplevel() on ptolemy.moml.MoMLSimpleApplication@5eeb09b1
----------------- Done invoking toplevel() on ptolemy.moml.MoMLSimpleApplication@5eeb09b1
reloadAllAccessors: .ActorDepthCalculation_actorWithoutPorts

===========================================================================================
----------------- testing Tue Jun 19 14:47:08 UTC 2018 /home/travis/build/icyphy/ptII/ptolemy/domains/de/test/auto/AssemblyLine.xml
----------------- Instantiating /home/travis/build/icyphy/ptII/ptolemy/domains/de/test/auto/AssemblyLine.xml
1 ms. Memory: 382464K Free: 161997K (42%)
----------------- Invoking toplevel() on ptolemy.moml.MoMLSimpleApplication@76a74948
----------------- Done invoking toplevel() on ptolemy.moml.MoMLSimpleApplication@76a74948
reloadAllAccessors: .AssemblyLine

===========================================================================================
----------------- testing Tue Jun 19 14:47:08 UTC 2018 /home/travis/build/icyphy/ptII/ptolemy/domains/de/test/auto/CQBug1.xml
----------------- Instantiating /home/travis/build/icyphy/ptII/ptolemy/domains/de/test/auto/CQBug1.xml
0 ms. Memory: 382464K Free: 149955K (39%)
----------------- Invoking toplevel() on ptolemy.moml.MoMLSimpleApplication@4d61c063
----------------- Done invoking toplevel() on ptolemy.moml.MoMLSimpleApplication@4d61c063
reloadAllAccessors: .CQBug1

===========================================================================================
----------------- testing Tue Jun 19 14:47:08 UTC 2018 /home/travis/build/icyphy/ptII/ptolemy/domains/de/test/auto/CancelFireAt.xml
----------------- Instantiating /home/travis/build/icyphy/ptII/ptolemy/domains/de/test/auto/CancelFireAt.xml
0 ms. Memory: 382464K Free: 137913K (36%)
----------------- Invoking toplevel() on ptolemy.moml.MoMLSimpleApplication@3f3ea42b
----------------- Done invoking toplevel() on ptolemy.moml.MoMLSimpleApplication@3f3ea42b
reloadAllAccessors: .CancelFireAt

===========================================================================================
----------------- testing Tue Jun 19 14:47:08 UTC 2018 /home/travis/build/icyphy/ptII/ptolemy/domains/de/test/auto/CausalityAndComposabilityAnalysis.xml
----------------- Instantiating /home/travis/build/icyphy/ptII/ptolemy/domains/de/test/auto/CausalityAndComposabilityAnalysis.xml
2 ms. Memory: 382464K Free: 125870K (33%)
----------------- Invoking toplevel() on ptolemy.moml.MoMLSimpleApplication@69c7fb31
----------------- Done invoking toplevel() on ptolemy.moml.MoMLSimpleApplication@69c7fb31
reloadAllAccessors: .CausalityAndComposabilityAnalysis

===========================================================================================
----------------- testing Tue Jun 19 14:47:08 UTC 2018 /home/travis/build/icyphy/ptII/ptolemy/domains/de/test/auto/CausalityInterface1.xml
----------------- Instantiating /home/travis/build/icyphy/ptII/ptolemy/domains/de/test/auto/CausalityInterface1.xml
3 ms. Memory: 382464K Free: 113828K (30%)
----------------- Invoking toplevel() on ptolemy.moml.MoMLSimpleApplication@272113b4
----------------- Done invoking toplevel() on ptolemy.moml.MoMLSimpleApplication@272113b4
reloadAllAccessors: .CausalityInterface1

===========================================================================================
----------------- testing Tue Jun 19 14:47:08 UTC 2018 /home/travis/build/icyphy/ptII/ptolemy/domains/de/test/auto/CausalityInterface15.xml
----------------- Instantiating /home/travis/build/icyphy/ptII/ptolemy/domains/de/test/auto/CausalityInterface15.xml
1 ms. Memory: 382464K Free: 101786K (27%)
----------------- Invoking toplevel() on ptolemy.moml.MoMLSimpleApplication@13aba183
----------------- Done invoking toplevel() on ptolemy.moml.MoMLSimpleApplication@13aba183
reloadAllAccessors: .CausalityInterface15

[...]
java.lang.RuntimeException: Execution failed
	at ptolemy.moml.MoMLSimpleApplication$UnloadThread.run(MoMLSimpleApplication.java:402)
Caused by: ptolemy.kernel.util.IllegalActionException: Test fails in iteration 1.
Value was: 1.0. Should have been: 2.0
  in .DirectFeedback.Test
	at ptolemy.actor.lib.Test.fire(Test.java:268)
	at ptolemy.domains.de.kernel.DEDirector._fire(DEDirector.java:1949)
	at ptolemy.domains.de.kernel.DEDirector.fire(DEDirector.java:502)
	at ptolemy.actor.CompositeActor.fire(CompositeActor.java:455)
	at ptolemy.actor.Manager.iterate(Manager.java:851)
	at ptolemy.actor.Manager.execute(Manager.java:369)
	at ptolemy.actor.Manager.run(Manager.java:1263)
	at ptolemy.actor.Manager$PtolemyRunThread.run(Manager.java:1915)
java.lang.RuntimeException: Execution failed
	at ptolemy.moml.MoMLSimpleApplication$UnloadThread.run(MoMLSimpleApplication.java:402)
Caused by: ptolemy.kernel.util.IllegalActionException: Actor is not ready to fire.  Perhaps UpSample.prefire() returned false? Try debugging the actor by selecting "Listen to Actor".  Also, for SDF check moml for tokenConsumptionRate on input.
  in .DESDFClockTest.Play Bell.Copy1:SDF Director and .DESDFClockTest.Play Bell.UpSample
	at ptolemy.actor.sched.StaticSchedulingDirector.fire(StaticSchedulingDirector.java:227)
	at ptolemy.domains.sdf.kernel.SDFDirector.fire(SDFDirector.java:500)
	at ptolemy.actor.CompositeActor.fire(CompositeActor.java:455)
	at ptolemy.domains.de.kernel.DEDirector._fire(DEDirector.java:1949)
	at ptolemy.domains.de.kernel.DEDirector.fire(DEDirector.java:502)
	at ptolemy.actor.CompositeActor.fire(CompositeActor.java:455)
	at ptolemy.actor.Manager.iterate(Manager.java:851)
	at ptolemy.actor.Manager.execute(Manager.java:369)
	at ptolemy.actor.Manager.run(Manager.java:1263)
	at ptolemy.actor.Manager$PtolemyRunThread.run(Manager.java:1915)
java.lang.reflect.InvocationTargetException
	at sun.reflect.NativeConstructorAccessorImpl.newInstance0(Native Method)
	at sun.reflect.NativeConstructorAccessorImpl.newInstance(NativeConstructorAccessorImpl.java:62)
	at sun.reflect.DelegatingConstructorAccessorImpl.newInstance(DelegatingConstructorAccessorImpl.java:45)
	at java.lang.reflect.Constructor.newInstance(Constructor.java:423)
	at ptolemy.util.test.junit.AutoKnownFailedTests.RunModel(AutoKnownFailedTests.java:107)
	at sun.reflect.NativeMethodAccessorImpl.invoke0(Native Method)
	at sun.reflect.NativeMethodAccessorImpl.invoke(NativeMethodAccessorImpl.java:62)
	at sun.reflect.DelegatingMethodAccessorImpl.invoke(DelegatingMethodAccessorImpl.java:43)
	at java.lang.reflect.Method.invoke(Method.java:498)
	at org.junit.runners.model.FrameworkMethod$1.runReflectiveCall(FrameworkMethod.java:44)
	at org.junit.internal.runners.model.ReflectiveCallable.run(ReflectiveCallable.java:15)
	at org.junit.runners.model.FrameworkMethod.invokeExplosively(FrameworkMethod.java:41)
	at junitparams.internal.InvokeParameterisedMethod.evaluate(InvokeParameterisedMethod.java:102)
	at org.junit.internal.runners.statements.FailOnTimeout$1.run(FailOnTimeout.java:28)
Caused by: ptolemy.kernel.util.IllegalActionException: Actor is not ready to fire.  Perhaps UpSample.prefire() returned false? Try debugging the actor by selecting "Listen to Actor".  Also, for SDF check moml for tokenConsumptionRate on input.
  in .DESDFClockTest.Play Bell.Copy1:SDF Director and .DESDFClockTest.Play Bell.UpSample
	at ptolemy.actor.sched.StaticSchedulingDirector.fire(StaticSchedulingDirector.java:227)
	at ptolemy.domains.sdf.kernel.SDFDirector.fire(SDFDirector.java:500)
	at ptolemy.actor.CompositeActor.fire(CompositeActor.java:455)
	at ptolemy.domains.de.kernel.DEDirector._fire(DEDirector.java:1949)
	at ptolemy.domains.de.kernel.DEDirector.fire(DEDirector.java:502)
	at ptolemy.actor.CompositeActor.fire(CompositeActor.java:455)
	at ptolemy.actor.Manager.iterate(Manager.java:851)
	at ptolemy.actor.Manager.execute(Manager.java:369)
	at ptolemy.actor.Manager.run(Manager.java:1263)
	at ptolemy.actor.Manager$PtolemyRunThread.run(Manager.java:1915)
java.lang.RuntimeException: Execution failed
	at ptolemy.moml.MoMLSimpleApplication$UnloadThread.run(MoMLSimpleApplication.java:402)
Caused by: ptolemy.kernel.util.IllegalActionException: Test fails in iteration 1.
Value was: 1.0. Should have been: 2.0
  in .DirectFeedback.Test
	at ptolemy.actor.lib.Test.fire(Test.java:268)
	at ptolemy.domains.de.kernel.DEDirector._fire(DEDirector.java:1949)
	at ptolemy.domains.de.kernel.DEDirector.fire(DEDirector.java:502)
	at ptolemy.actor.CompositeActor.fire(CompositeActor.java:455)
	at ptolemy.actor.Manager.iterate(Manager.java:851)
	at ptolemy.actor.Manager.execute(Manager.java:369)
	at ptolemy.actor.Manager.run(Manager.java:1263)
	at ptolemy.actor.Manager$PtolemyRunThread.run(Manager.java:1915)
java.lang.reflect.InvocationTargetException
	at sun.reflect.NativeConstructorAccessorImpl.newInstance0(Native Method)
	at sun.reflect.NativeConstructorAccessorImpl.newInstance(NativeConstructorAccessorImpl.java:62)
	at sun.reflect.DelegatingConstructorAccessorImpl.newInstance(DelegatingConstructorAccessorImpl.java:45)
	at java.lang.reflect.Constructor.newInstance(Constructor.java:423)
	at ptolemy.util.test.junit.AutoKnownFailedTests.RunModel(AutoKnownFailedTests.java:107)
	at sun.reflect.NativeMethodAccessorImpl.invoke0(Native Method)
	at sun.reflect.NativeMethodAccessorImpl.invoke(NativeMethodAccessorImpl.java:62)
	at sun.reflect.DelegatingMethodAccessorImpl.invoke(DelegatingMethodAccessorImpl.java:43)
	at java.lang.reflect.Method.invoke(Method.java:498)
	at org.junit.runners.model.FrameworkMethod$1.runReflectiveCall(FrameworkMethod.java:44)
	at org.junit.internal.runners.model.ReflectiveCallable.run(ReflectiveCallable.java:15)
	at org.junit.runners.model.FrameworkMethod.invokeExplosively(FrameworkMethod.java:41)
	at junitparams.internal.InvokeParameterisedMethod.evaluate(InvokeParameterisedMethod.java:102)
	at org.junit.internal.runners.statements.FailOnTimeout$1.run(FailOnTimeout.java:28)
Caused by: ptolemy.kernel.util.IllegalActionException: Test fails in iteration 1.
Value was: 1.0. Should have been: 2.0
  in .DirectFeedback.Test
	at ptolemy.actor.lib.Test.fire(Test.java:268)
	at ptolemy.domains.de.kernel.DEDirector._fire(DEDirector.java:1949)
	at ptolemy.domains.de.kernel.DEDirector.fire(DEDirector.java:502)
	at ptolemy.actor.CompositeActor.fire(CompositeActor.java:455)
	at ptolemy.actor.Manager.iterate(Manager.java:851)
	at ptolemy.actor.Manager.execute(Manager.java:369)
	at ptolemy.actor.Manager.run(Manager.java:1263)
	at ptolemy.actor.Manager$PtolemyRunThread.run(Manager.java:1915)
java.lang.RuntimeException: Execution failed
	at ptolemy.moml.MoMLSimpleApplication$UnloadThread.run(MoMLSimpleApplication.java:402)
Caused by: ptolemy.kernel.util.IllegalActionException: Found a zero delay loop containing .HierarchicalModel.A
  in .HierarchicalModel and .HierarchicalModel.A
	at ptolemy.actor.util.CausalityInterfaceForComposites._computeOutputPortDepth(CausalityInterfaceForComposites.java:759)
	at ptolemy.actor.util.CausalityInterfaceForComposites._computeInputDepth(CausalityInterfaceForComposites.java:696)
	at ptolemy.actor.util.CausalityInterfaceForComposites._computeOutputPortDepth(CausalityInterfaceForComposites.java:765)
	at ptolemy.actor.util.CausalityInterfaceForComposites._computeInputDepth(CausalityInterfaceForComposites.java:696)
	at ptolemy.actor.util.CausalityInterfaceForComposites._computeOutputPortDepth(CausalityInterfaceForComposites.java:765)
	at ptolemy.actor.util.CausalityInterfaceForComposites._computeInputDepth(CausalityInterfaceForComposites.java:696)
	at ptolemy.actor.util.CausalityInterfaceForComposites._computeActorDepth(CausalityInterfaceForComposites.java:532)
	at ptolemy.actor.util.CausalityInterfaceForComposites.checkForCycles(CausalityInterfaceForComposites.java:96)
	at ptolemy.domains.de.kernel.DEDirector.preinitialize(DEDirector.java:1338)
	at ptolemy.actor.CompositeActor.preinitialize(CompositeActor.java:1828)
	at ptolemy.actor.Manager.preinitializeAndResolveTypes(Manager.java:1040)
	at ptolemy.actor.Manager.initialize(Manager.java:710)
	at ptolemy.actor.Manager.execute(Manager.java:356)
	at ptolemy.actor.Manager.run(Manager.java:1263)
	at ptolemy.actor.Manager$PtolemyRunThread.run(Manager.java:1915)
java.lang.reflect.InvocationTargetException
	at sun.reflect.NativeConstructorAccessorImpl.newInstance0(Native Method)
	at sun.reflect.NativeConstructorAccessorImpl.newInstance(NativeConstructorAccessorImpl.java:62)
	at sun.reflect.DelegatingConstructorAccessorImpl.newInstance(DelegatingConstructorAccessorImpl.java:45)
	at java.lang.reflect.Constructor.newInstance(Constructor.java:423)
	at ptolemy.util.test.junit.AutoKnownFailedTests.RunModel(AutoKnownFailedTests.java:107)
	at sun.reflect.NativeMethodAccessorImpl.invoke0(Native Method)
	at sun.reflect.NativeMethodAccessorImpl.invoke(NativeMethodAccessorImpl.java:62)
	at sun.reflect.DelegatingMethodAccessorImpl.invoke(DelegatingMethodAccessorImpl.java:43)
	at java.lang.reflect.Method.invoke(Method.java:498)
	at org.junit.runners.model.FrameworkMethod$1.runReflectiveCall(FrameworkMethod.java:44)
	at org.junit.internal.runners.model.ReflectiveCallable.run(ReflectiveCallable.java:15)
	at org.junit.runners.model.FrameworkMethod.invokeExplosively(FrameworkMethod.java:41)
	at junitparams.internal.InvokeParameterisedMethod.evaluate(InvokeParameterisedMethod.java:102)
	at org.junit.internal.runners.statements.FailOnTimeout$1.run(FailOnTimeout.java:28)
Caused by: ptolemy.kernel.util.IllegalActionException: Found a zero delay loop containing .HierarchicalModel.A
  in .HierarchicalModel and .HierarchicalModel.A
	at ptolemy.actor.util.CausalityInterfaceForComposites._computeOutputPortDepth(CausalityInterfaceForComposites.java:759)
	at ptolemy.actor.util.CausalityInterfaceForComposites._computeInputDepth(CausalityInterfaceForComposites.java:696)
	at ptolemy.actor.util.CausalityInterfaceForComposites._computeOutputPortDepth(CausalityInterfaceForComposites.java:765)
	at ptolemy.actor.util.CausalityInterfaceForComposites._computeInputDepth(CausalityInterfaceForComposites.java:696)
	at ptolemy.actor.util.CausalityInterfaceForComposites._computeOutputPortDepth(CausalityInterfaceForComposites.java:765)
	at ptolemy.actor.util.CausalityInterfaceForComposites._computeInputDepth(CausalityInterfaceForComposites.java:696)
	at ptolemy.actor.util.CausalityInterfaceForComposites._computeActorDepth(CausalityInterfaceForComposites.java:532)
	at ptolemy.actor.util.CausalityInterfaceForComposites.checkForCycles(CausalityInterfaceForComposites.java:96)
	at ptolemy.domains.de.kernel.DEDirector.preinitialize(DEDirector.java:1338)
	at ptolemy.actor.CompositeActor.preinitialize(CompositeActor.java:1828)
	at ptolemy.actor.Manager.preinitializeAndResolveTypes(Manager.java:1040)
	at ptolemy.actor.Manager.initialize(Manager.java:710)
	at ptolemy.actor.Manager.execute(Manager.java:356)
	at ptolemy.actor.Manager.run(Manager.java:1263)
	at ptolemy.actor.Manager$PtolemyRunThread.run(Manager.java:1915)
java.lang.RuntimeException: Execution failed
	at ptolemy.moml.MoMLSimpleApplication$UnloadThread.run(MoMLSimpleApplication.java:402)
Caused by: ptolemy.kernel.util.IllegalActionException: Found a zero delay loop containing .dependencyLoop.original
  in .dependencyLoop and .dependencyLoop.original
	at ptolemy.actor.util.CausalityInterfaceForComposites._computeOutputPortDepth(CausalityInterfaceForComposites.java:759)
	at ptolemy.actor.util.CausalityInterfaceForComposites._computeInputDepth(CausalityInterfaceForComposites.java:696)
	at ptolemy.actor.util.CausalityInterfaceForComposites._computeOutputPortDepth(CausalityInterfaceForComposites.java:765)
	at ptolemy.actor.util.CausalityInterfaceForComposites._computeInputDepth(CausalityInterfaceForComposites.java:696)
	at ptolemy.actor.util.CausalityInterfaceForComposites._computeOutputPortDepth(CausalityInterfaceForComposites.java:765)
	at ptolemy.actor.util.CausalityInterfaceForComposites._computeInputDepth(CausalityInterfaceForComposites.java:696)
	at ptolemy.actor.util.CausalityInterfaceForComposites._computeActorDepth(CausalityInterfaceForComposites.java:532)
	at ptolemy.actor.util.CausalityInterfaceForComposites.checkForCycles(CausalityInterfaceForComposites.java:96)
	at ptolemy.domains.de.kernel.DEDirector.preinitialize(DEDirector.java:1338)
	at ptolemy.actor.CompositeActor.preinitialize(CompositeActor.java:1828)
	at ptolemy.actor.Manager.preinitializeAndResolveTypes(Manager.java:1040)
	at ptolemy.actor.Manager.initialize(Manager.java:710)
	at ptolemy.actor.Manager.execute(Manager.java:356)
	at ptolemy.actor.Manager.run(Manager.java:1263)
	at ptolemy.actor.Manager$PtolemyRunThread.run(Manager.java:1915)
java.lang.reflect.InvocationTargetException
	at sun.reflect.NativeConstructorAccessorImpl.newInstance0(Native Method)
	at sun.reflect.NativeConstructorAccessorImpl.newInstance(NativeConstructorAccessorImpl.java:62)
	at sun.reflect.DelegatingConstructorAccessorImpl.newInstance(DelegatingConstructorAccessorImpl.java:45)
	at java.lang.reflect.Constructor.newInstance(Constructor.java:423)
	at ptolemy.util.test.junit.AutoKnownFailedTests.RunModel(AutoKnownFailedTests.java:107)
	at sun.reflect.NativeMethodAccessorImpl.invoke0(Native Method)
	at sun.reflect.NativeMethodAccessorImpl.invoke(NativeMethodAccessorImpl.java:62)
	at sun.reflect.DelegatingMethodAccessorImpl.invoke(DelegatingMethodAccessorImpl.java:43)
	at java.lang.reflect.Method.invoke(Method.java:498)
	at org.junit.runners.model.FrameworkMethod$1.runReflectiveCall(FrameworkMethod.java:44)
	at org.junit.internal.runners.model.ReflectiveCallable.run(ReflectiveCallable.java:15)
	at org.junit.runners.model.FrameworkMethod.invokeExplosively(FrameworkMethod.java:41)
	at junitparams.internal.InvokeParameterisedMethod.evaluate(InvokeParameterisedMethod.java:102)
	at org.junit.internal.runners.statements.FailOnTimeout$1.run(FailOnTimeout.java:28)
Caused by: ptolemy.kernel.util.IllegalActionException: Found a zero delay loop containing .dependencyLoop.original
  in .dependencyLoop and .dependencyLoop.original
	at ptolemy.actor.util.CausalityInterfaceForComposites._computeOutputPortDepth(CausalityInterfaceForComposites.java:759)
	at ptolemy.actor.util.CausalityInterfaceForComposites._computeInputDepth(CausalityInterfaceForComposites.java:696)
	at ptolemy.actor.util.CausalityInterfaceForComposites._computeOutputPortDepth(CausalityInterfaceForComposites.java:765)
	at ptolemy.actor.util.CausalityInterfaceForComposites._computeInputDepth(CausalityInterfaceForComposites.java:696)
	at ptolemy.actor.util.CausalityInterfaceForComposites._computeOutputPortDepth(CausalityInterfaceForComposites.java:765)
	at ptolemy.actor.util.CausalityInterfaceForComposites._computeInputDepth(CausalityInterfaceForComposites.java:696)
	at ptolemy.actor.util.CausalityInterfaceForComposites._computeActorDepth(CausalityInterfaceForComposites.java:532)
	at ptolemy.actor.util.CausalityInterfaceForComposites.checkForCycles(CausalityInterfaceForComposites.java:96)
	at ptolemy.domains.de.kernel.DEDirector.preinitialize(DEDirector.java:1338)
	at ptolemy.actor.CompositeActor.preinitialize(CompositeActor.java:1828)
	at ptolemy.actor.Manager.preinitializeAndResolveTypes(Manager.java:1040)
	at ptolemy.actor.Manager.initialize(Manager.java:710)
	at ptolemy.actor.Manager.execute(Manager.java:356)
	at ptolemy.actor.Manager.run(Manager.java:1263)
	at ptolemy.actor.Manager$PtolemyRunThread.run(Manager.java:1915)
java.lang.RuntimeException: Execution failed
	at ptolemy.moml.MoMLSimpleApplication$UnloadThread.run(MoMLSimpleApplication.java:402)
Caused by: ptolemy.kernel.util.IllegalActionException: Found a zero delay loop containing .dependencyLoop2.original
  in .dependencyLoop2 and .dependencyLoop2.original
	at ptolemy.actor.util.CausalityInterfaceForComposites._computeOutputPortDepth(CausalityInterfaceForComposites.java:759)
	at ptolemy.actor.util.CausalityInterfaceForComposites._computeInputDepth(CausalityInterfaceForComposites.java:696)
	at ptolemy.actor.util.CausalityInterfaceForComposites._computeOutputPortDepth(CausalityInterfaceForComposites.java:765)
	at ptolemy.actor.util.CausalityInterfaceForComposites._computeInputDepth(CausalityInterfaceForComposites.java:696)
	at ptolemy.actor.util.CausalityInterfaceForComposites._computeOutputPortDepth(CausalityInterfaceForComposites.java:765)
	at ptolemy.actor.util.CausalityInterfaceForComposites._computeInputDepth(CausalityInterfaceForComposites.java:696)
	at ptolemy.actor.util.CausalityInterfaceForComposites._computeActorDepth(CausalityInterfaceForComposites.java:532)
	at ptolemy.actor.util.CausalityInterfaceForComposites.checkForCycles(CausalityInterfaceForComposites.java:96)
	at ptolemy.domains.de.kernel.DEDirector.preinitialize(DEDirector.java:1338)
	at ptolemy.actor.CompositeActor.preinitialize(CompositeActor.java:1828)
	at ptolemy.actor.Manager.preinitializeAndResolveTypes(Manager.java:1040)
	at ptolemy.actor.Manager.initialize(Manager.java:710)
	at ptolemy.actor.Manager.execute(Manager.java:356)
	at ptolemy.actor.Manager.run(Manager.java:1263)
	at ptolemy.actor.Manager$PtolemyRunThread.run(Manager.java:1915)
java.lang.reflect.InvocationTargetException
	at sun.reflect.NativeConstructorAccessorImpl.newInstance0(Native Method)
	at sun.reflect.NativeConstructorAccessorImpl.newInstance(NativeConstructorAccessorImpl.java:62)
	at sun.reflect.DelegatingConstructorAccessorImpl.newInstance(DelegatingConstructorAccessorImpl.java:45)
	at java.lang.reflect.Constructor.newInstance(Constructor.java:423)
	at ptolemy.util.test.junit.AutoKnownFailedTests.RunModel(AutoKnownFailedTests.java:107)
	at sun.reflect.NativeMethodAccessorImpl.invoke0(Native Method)
	at sun.reflect.NativeMethodAccessorImpl.invoke(NativeMethodAccessorImpl.java:62)
	at sun.reflect.DelegatingMethodAccessorImpl.invoke(DelegatingMethodAccessorImpl.java:43)
	at java.lang.reflect.Method.invoke(Method.java:498)
	at org.junit.runners.model.FrameworkMethod$1.runReflectiveCall(FrameworkMethod.java:44)
	at org.junit.internal.runners.model.ReflectiveCallable.run(ReflectiveCallable.java:15)
	at org.junit.runners.model.FrameworkMethod.invokeExplosively(FrameworkMethod.java:41)
	at junitparams.internal.InvokeParameterisedMethod.evaluate(InvokeParameterisedMethod.java:102)
	at org.junit.internal.runners.statements.FailOnTimeout$1.run(FailOnTimeout.java:28)
Caused by: ptolemy.kernel.util.IllegalActionException: Found a zero delay loop containing .dependencyLoop2.original
  in .dependencyLoop2 and .dependencyLoop2.original
	at ptolemy.actor.util.CausalityInterfaceForComposites._computeOutputPortDepth(CausalityInterfaceForComposites.java:759)
	at ptolemy.actor.util.CausalityInterfaceForComposites._computeInputDepth(CausalityInterfaceForComposites.java:696)
	at ptolemy.actor.util.CausalityInterfaceForComposites._computeOutputPortDepth(CausalityInterfaceForComposites.java:765)
	at ptolemy.actor.util.CausalityInterfaceForComposites._computeInputDepth(CausalityInterfaceForComposites.java:696)
	at ptolemy.actor.util.CausalityInterfaceForComposites._computeOutputPortDepth(CausalityInterfaceForComposites.java:765)
	at ptolemy.actor.util.CausalityInterfaceForComposites._computeInputDepth(CausalityInterfaceForComposites.java:696)
	at ptolemy.actor.util.CausalityInterfaceForComposites._computeActorDepth(CausalityInterfaceForComposites.java:532)
	at ptolemy.actor.util.CausalityInterfaceForComposites.checkForCycles(CausalityInterfaceForComposites.java:96)
	at ptolemy.domains.de.kernel.DEDirector.preinitialize(DEDirector.java:1338)
	at ptolemy.actor.CompositeActor.preinitialize(CompositeActor.java:1828)
	at ptolemy.actor.Manager.preinitializeAndResolveTypes(Manager.java:1040)
	at ptolemy.actor.Manager.initialize(Manager.java:710)
	at ptolemy.actor.Manager.execute(Manager.java:356)
	at ptolemy.actor.Manager.run(Manager.java:1263)
	at ptolemy.actor.Manager$PtolemyRunThread.run(Manager.java:1915)
]]></system-err>
</testsuite>
