<?xml version="1.0" encoding="UTF-8" ?>
<testsuite errors="0" failures="0" hostname="travis-job-868d5e24-9f79-43f5-8aab-b00bce418351" name="ptolemy.domains.de.test.junit.JUnitTclTest" skipped="0" tests="101" time="123.973" timestamp="2019-12-31T06:33:50">
  <properties>
[...]
</properties>
  <testcase classname="ptolemy.util.test.junit.TclTests" name="[0] /home/travis/build/icyphy/ptII/ptolemy/domains/de/test/DependencyLoop.tcl (RunTclFile)" time="1.073" />
  <testcase classname="ptolemy.util.test.junit.TclTests" name="[1] /home/travis/build/icyphy/ptII/ptolemy/domains/de/test/RunDETestsAsQSS.tcl (RunTclFile)" time="83.609" />
  <testcase classname="ptolemy.util.test.junit.AutoKnownFailedTests" name="[0] /home/travis/build/icyphy/ptII/ptolemy/domains/de/test/auto/knownFailedTests/DESDFClockTest.xml (RunModel)" time="2.052" />
  <testcase classname="ptolemy.util.test.junit.AutoKnownFailedTests" name="[1] /home/travis/build/icyphy/ptII/ptolemy/domains/de/test/auto/knownFailedTests/DirectFeedback.xml (RunModel)" time="0.021" />
  <testcase classname="ptolemy.util.test.junit.AutoKnownFailedTests" name="[2] /home/travis/build/icyphy/ptII/ptolemy/domains/de/test/auto/knownFailedTests/FSMSource.xml (RunModel)" time="0.024" />
  <testcase classname="ptolemy.util.test.junit.AutoKnownFailedTests" name="[3] /home/travis/build/icyphy/ptII/ptolemy/domains/de/test/auto/knownFailedTests/HierarchicalModel.xml (RunModel)" time="0.048" />
  <testcase classname="ptolemy.util.test.junit.AutoKnownFailedTests" name="[4] /home/travis/build/icyphy/ptII/ptolemy/domains/de/test/auto/knownFailedTests/dependencyLoop.xml (RunModel)" time="0.048" />
  <testcase classname="ptolemy.util.test.junit.AutoKnownFailedTests" name="[5] /home/travis/build/icyphy/ptII/ptolemy/domains/de/test/auto/knownFailedTests/dependencyLoop2.xml (RunModel)" time="0.032" />
  <testcase classname="ptolemy.util.test.junit.AutoNameArchTests" name="[0] ThereAreNoAutoArchTests (RunModel)" time="0.001" />
  <testcase classname="ptolemy.util.test.junit.AutoTests" name="[0] /home/travis/build/icyphy/ptII/ptolemy/domains/de/test/auto/ActorDepthCalculation_actorWithoutPorts.xml (RunModel)" time="0.023" />
  <testcase classname="ptolemy.util.test.junit.AutoTests" name="[1] /home/travis/build/icyphy/ptII/ptolemy/domains/de/test/auto/AssemblyLine.xml (RunModel)" time="0.023" />
  <testcase classname="ptolemy.util.test.junit.AutoTests" name="[2] /home/travis/build/icyphy/ptII/ptolemy/domains/de/test/auto/CQBug1.xml (RunModel)" time="0.015" />
  <testcase classname="ptolemy.util.test.junit.AutoTests" name="[3] /home/travis/build/icyphy/ptII/ptolemy/domains/de/test/auto/CancelFireAt.xml (RunModel)" time="0.021" />
  <testcase classname="ptolemy.util.test.junit.AutoTests" name="[4] /home/travis/build/icyphy/ptII/ptolemy/domains/de/test/auto/CausalityAndComposabilityAnalysis.xml (RunModel)" time="0.016" />
  <testcase classname="ptolemy.util.test.junit.AutoTests" name="[5] /home/travis/build/icyphy/ptII/ptolemy/domains/de/test/auto/CausalityInterface1.xml (RunModel)" time="0.016" />
  <testcase classname="ptolemy.util.test.junit.AutoTests" name="[6] /home/travis/build/icyphy/ptII/ptolemy/domains/de/test/auto/CausalityInterface15.xml (RunModel)" time="0.017" />
  <testcase classname="ptolemy.util.test.junit.AutoTests" name="[7] /home/travis/build/icyphy/ptII/ptolemy/domains/de/test/auto/CausalityInterface2.xml (RunModel)" time="0.02" />
  <testcase classname="ptolemy.util.test.junit.AutoTests" name="[8] /home/travis/build/icyphy/ptII/ptolemy/domains/de/test/auto/CausalityInterface3.xml (RunModel)" time="0.013" />
  <testcase classname="ptolemy.util.test.junit.AutoTests" name="[9] /home/travis/build/icyphy/ptII/ptolemy/domains/de/test/auto/ClockDrift.xml (RunModel)" time="0.039" />
  <testcase classname="ptolemy.util.test.junit.AutoTests" name="[10] /home/travis/build/icyphy/ptII/ptolemy/domains/de/test/auto/ClockDriftAndValueChange.xml (RunModel)" time="0.033" />
  <testcase classname="ptolemy.util.test.junit.AutoTests" name="[11] /home/travis/build/icyphy/ptII/ptolemy/domains/de/test/auto/ClockDriftChange.xml (RunModel)" time="0.031" />
  <testcase classname="ptolemy.util.test.junit.AutoTests" name="[12] /home/travis/build/icyphy/ptII/ptolemy/domains/de/test/auto/ComposableCausalityAnalysis.xml (RunModel)" time="0.014" />
  <testcase classname="ptolemy.util.test.junit.AutoTests" name="[13] /home/travis/build/icyphy/ptII/ptolemy/domains/de/test/auto/DEFixedPointLimitation.xml (RunModel)" time="0.014" />
  <testcase classname="ptolemy.util.test.junit.AutoTests" name="[14] /home/travis/build/icyphy/ptII/ptolemy/domains/de/test/auto/DEScheduleTest.xml (RunModel)" time="0.015" />
  <testcase classname="ptolemy.util.test.junit.AutoTests" name="[15] /home/travis/build/icyphy/ptII/ptolemy/domains/de/test/auto/DEinDEwithStartTimes.xml (RunModel)" time="0.015" />
  <testcase classname="ptolemy.util.test.junit.AutoTests" name="[16] /home/travis/build/icyphy/ptII/ptolemy/domains/de/test/auto/DEinDEwithStartTimes2.xml (RunModel)" time="0.018" />
  <testcase classname="ptolemy.util.test.junit.AutoTests" name="[17] /home/travis/build/icyphy/ptII/ptolemy/domains/de/test/auto/DateDemo.xml (RunModel)" time="0.043" />
  <testcase classname="ptolemy.util.test.junit.AutoTests" name="[18] /home/travis/build/icyphy/ptII/ptolemy/domains/de/test/auto/DateToEvent.xml (RunModel)" time="2.04" />
  <testcase classname="ptolemy.util.test.junit.AutoTests" name="[19] /home/travis/build/icyphy/ptII/ptolemy/domains/de/test/auto/DepthTest1.xml (RunModel)" time="0.012" />
  <testcase classname="ptolemy.util.test.junit.AutoTests" name="[20] /home/travis/build/icyphy/ptII/ptolemy/domains/de/test/auto/DepthTest2.xml (RunModel)" time="0.025" />
  <testcase classname="ptolemy.util.test.junit.AutoTests" name="[21] /home/travis/build/icyphy/ptII/ptolemy/domains/de/test/auto/DepthTest3.xml (RunModel)" time="0.012" />
  <testcase classname="ptolemy.util.test.junit.AutoTests" name="[22] /home/travis/build/icyphy/ptII/ptolemy/domains/de/test/auto/DepthTest4.xml (RunModel)" time="0.021" />
  <testcase classname="ptolemy.util.test.junit.AutoTests" name="[23] /home/travis/build/icyphy/ptII/ptolemy/domains/de/test/auto/DepthTest5.xml (RunModel)" time="0.013" />
  <testcase classname="ptolemy.util.test.junit.AutoTests" name="[24] /home/travis/build/icyphy/ptII/ptolemy/domains/de/test/auto/DepthTest6.xml (RunModel)" time="0.014" />
  <testcase classname="ptolemy.util.test.junit.AutoTests" name="[25] /home/travis/build/icyphy/ptII/ptolemy/domains/de/test/auto/DepthTest7.xml (RunModel)" time="0.018" />
  <testcase classname="ptolemy.util.test.junit.AutoTests" name="[26] /home/travis/build/icyphy/ptII/ptolemy/domains/de/test/auto/EventToDate.xml (RunModel)" time="3.034" />
  <testcase classname="ptolemy.util.test.junit.AutoTests" name="[27] /home/travis/build/icyphy/ptII/ptolemy/domains/de/test/auto/FSM1.xml (RunModel)" time="0.044" />
  <testcase classname="ptolemy.util.test.junit.AutoTests" name="[28] /home/travis/build/icyphy/ptII/ptolemy/domains/de/test/auto/FSM7.xml (RunModel)" time="0.05" />
  <testcase classname="ptolemy.util.test.junit.AutoTests" name="[29] /home/travis/build/icyphy/ptII/ptolemy/domains/de/test/auto/Inspection.xml (RunModel)" time="0.043" />
  <testcase classname="ptolemy.util.test.junit.AutoTests" name="[30] /home/travis/build/icyphy/ptII/ptolemy/domains/de/test/auto/Iteration.xml (RunModel)" time="0.021" />
  <testcase classname="ptolemy.util.test.junit.AutoTests" name="[31] /home/travis/build/icyphy/ptII/ptolemy/domains/de/test/auto/LineFault.xml (RunModel)" time="0.549" />
  <testcase classname="ptolemy.util.test.junit.AutoTests" name="[32] /home/travis/build/icyphy/ptII/ptolemy/domains/de/test/auto/MergeModel1Add.xml (RunModel)" time="0.053" />
  <testcase classname="ptolemy.util.test.junit.AutoTests" name="[33] /home/travis/build/icyphy/ptII/ptolemy/domains/de/test/auto/MergeModel2Add.xml (RunModel)" time="0.034" />
  <testcase classname="ptolemy.util.test.junit.AutoTests" name="[34] /home/travis/build/icyphy/ptII/ptolemy/domains/de/test/auto/MergeModel3Add.xml (RunModel)" time="0.049" />
  <testcase classname="ptolemy.util.test.junit.AutoTests" name="[35] /home/travis/build/icyphy/ptII/ptolemy/domains/de/test/auto/MergeWithoutDiscard.xml (RunModel)" time="0.012" />
  <testcase classname="ptolemy.util.test.junit.AutoTests" name="[36] /home/travis/build/icyphy/ptII/ptolemy/domains/de/test/auto/Modal1.xml (RunModel)" time="0.035" />
  <testcase classname="ptolemy.util.test.junit.AutoTests" name="[37] /home/travis/build/icyphy/ptII/ptolemy/domains/de/test/auto/Modal2.xml (RunModel)" time="0.028" />
  <testcase classname="ptolemy.util.test.junit.AutoTests" name="[38] /home/travis/build/icyphy/ptII/ptolemy/domains/de/test/auto/Modal3.xml (RunModel)" time="0.027" />
  <testcase classname="ptolemy.util.test.junit.AutoTests" name="[39] /home/travis/build/icyphy/ptII/ptolemy/domains/de/test/auto/Modal4.xml (RunModel)" time="0.036" />
  <testcase classname="ptolemy.util.test.junit.AutoTests" name="[40] /home/travis/build/icyphy/ptII/ptolemy/domains/de/test/auto/Modal5.xml (RunModel)" time="0.028" />
  <testcase classname="ptolemy.util.test.junit.AutoTests" name="[41] /home/travis/build/icyphy/ptII/ptolemy/domains/de/test/auto/Modal6.xml (RunModel)" time="0.038" />
  <testcase classname="ptolemy.util.test.junit.AutoTests" name="[42] /home/travis/build/icyphy/ptII/ptolemy/domains/de/test/auto/Modal7.xml (RunModel)" time="0.033" />
  <testcase classname="ptolemy.util.test.junit.AutoTests" name="[43] /home/travis/build/icyphy/ptII/ptolemy/domains/de/test/auto/ModalModel.xml (RunModel)" time="0.173" />
  <testcase classname="ptolemy.util.test.junit.AutoTests" name="[44] /home/travis/build/icyphy/ptII/ptolemy/domains/de/test/auto/ModalSource.xml (RunModel)" time="0.023" />
  <testcase classname="ptolemy.util.test.junit.AutoTests" name="[45] /home/travis/build/icyphy/ptII/ptolemy/domains/de/test/auto/NonInterruptibleTimerZeroDelay.xml (RunModel)" time="0.017" />
  <testcase classname="ptolemy.util.test.junit.AutoTests" name="[46] /home/travis/build/icyphy/ptII/ptolemy/domains/de/test/auto/OpenQueueingNetwork.xml (RunModel)" time="2.397" />
  <testcase classname="ptolemy.util.test.junit.AutoTests" name="[47] /home/travis/build/icyphy/ptII/ptolemy/domains/de/test/auto/OpenQueuingNetwork.xml (RunModel)" time="0.254" />
  <testcase classname="ptolemy.util.test.junit.AutoTests" name="[48] /home/travis/build/icyphy/ptII/ptolemy/domains/de/test/auto/PeriodicSampler.xml (RunModel)" time="0.008" />
  <testcase classname="ptolemy.util.test.junit.AutoTests" name="[49] /home/travis/build/icyphy/ptII/ptolemy/domains/de/test/auto/PersistentIO.xml (RunModel)" time="0.019" />
  <testcase classname="ptolemy.util.test.junit.AutoTests" name="[50] /home/travis/build/icyphy/ptII/ptolemy/domains/de/test/auto/PortParameterResetOnInitialize.xml (RunModel)" time="0.011" />
  <testcase classname="ptolemy.util.test.junit.AutoTests" name="[51] /home/travis/build/icyphy/ptII/ptolemy/domains/de/test/auto/PortParameterUpdates.xml (RunModel)" time="0.013" />
  <testcase classname="ptolemy.util.test.junit.AutoTests" name="[52] /home/travis/build/icyphy/ptII/ptolemy/domains/de/test/auto/QueueAndServer.xml (RunModel)" time="0.02" />
  <testcase classname="ptolemy.util.test.junit.AutoTests" name="[53] /home/travis/build/icyphy/ptII/ptolemy/domains/de/test/auto/Records.xml (RunModel)" time="0.02" />
  <testcase classname="ptolemy.util.test.junit.AutoTests" name="[54] /home/travis/build/icyphy/ptII/ptolemy/domains/de/test/auto/ResetTransitionWithStartTime1.xml (RunModel)" time="0.02" />
  <testcase classname="ptolemy.util.test.junit.AutoTests" name="[55] /home/travis/build/icyphy/ptII/ptolemy/domains/de/test/auto/ResetTransitionWithStartTime2.xml (RunModel)" time="0.027" />
  <testcase classname="ptolemy.util.test.junit.AutoTests" name="[56] /home/travis/build/icyphy/ptII/ptolemy/domains/de/test/auto/ResetTransitionWithStartTime3.xml (RunModel)" time="0.019" />
  <testcase classname="ptolemy.util.test.junit.AutoTests" name="[57] /home/travis/build/icyphy/ptII/ptolemy/domains/de/test/auto/ResetTransitionWithStartTime4.xml (RunModel)" time="0.018" />
  <testcase classname="ptolemy.util.test.junit.AutoTests" name="[58] /home/travis/build/icyphy/ptII/ptolemy/domains/de/test/auto/ResettableTimer1.xml (RunModel)" time="0.01" />
  <testcase classname="ptolemy.util.test.junit.AutoTests" name="[59] /home/travis/build/icyphy/ptII/ptolemy/domains/de/test/auto/ResettableTimer2.xml (RunModel)" time="0.01" />
  <testcase classname="ptolemy.util.test.junit.AutoTests" name="[60] /home/travis/build/icyphy/ptII/ptolemy/domains/de/test/auto/ResettableTimer3.xml (RunModel)" time="0.009" />
  <testcase classname="ptolemy.util.test.junit.AutoTests" name="[61] /home/travis/build/icyphy/ptII/ptolemy/domains/de/test/auto/ResettableTimer4.xml (RunModel)" time="0.009" />
  <testcase classname="ptolemy.util.test.junit.AutoTests" name="[62] /home/travis/build/icyphy/ptII/ptolemy/domains/de/test/auto/ResettableTimer5.xml (RunModel)" time="0.009" />
  <testcase classname="ptolemy.util.test.junit.AutoTests" name="[63] /home/travis/build/icyphy/ptII/ptolemy/domains/de/test/auto/ResettableTimer6.xml (RunModel)" time="0.017" />
  <testcase classname="ptolemy.util.test.junit.AutoTests" name="[64] /home/travis/build/icyphy/ptII/ptolemy/domains/de/test/auto/ServerZeroDelay.xml (RunModel)" time="0.011" />
  <testcase classname="ptolemy.util.test.junit.AutoTests" name="[65] /home/travis/build/icyphy/ptII/ptolemy/domains/de/test/auto/SmartSender.xml (RunModel)" time="3.008" />
  <testcase classname="ptolemy.util.test.junit.AutoTests" name="[66] /home/travis/build/icyphy/ptII/ptolemy/domains/de/test/auto/ThreadedComposite.xml (RunModel)" time="0.137" />
  <testcase classname="ptolemy.util.test.junit.AutoTests" name="[67] /home/travis/build/icyphy/ptII/ptolemy/domains/de/test/auto/Time.xml (RunModel)" time="0.36" />
  <testcase classname="ptolemy.util.test.junit.AutoTests" name="[68] /home/travis/build/icyphy/ptII/ptolemy/domains/de/test/auto/TimeDelayZeroDelay.xml (RunModel)" time="0.018" />
  <testcase classname="ptolemy.util.test.junit.AutoTests" name="[69] /home/travis/build/icyphy/ptII/ptolemy/domains/de/test/auto/TimerZeroDelay.xml (RunModel)" time="0.009" />
  <testcase classname="ptolemy.util.test.junit.AutoTests" name="[70] /home/travis/build/icyphy/ptII/ptolemy/domains/de/test/auto/TimingParadox.xml (RunModel)" time="0.311" />
  <testcase classname="ptolemy.util.test.junit.AutoTests" name="[71] /home/travis/build/icyphy/ptII/ptolemy/domains/de/test/auto/TransferInputs.xml (RunModel)" time="0.011" />
  <testcase classname="ptolemy.util.test.junit.AutoTests" name="[72] /home/travis/build/icyphy/ptII/ptolemy/domains/de/test/auto/TransferOutputs2.xml (RunModel)" time="0.016" />
  <testcase classname="ptolemy.util.test.junit.AutoTests" name="[73] /home/travis/build/icyphy/ptII/ptolemy/domains/de/test/auto/Trilateration.xml (RunModel)" time="10.905" />
  <testcase classname="ptolemy.util.test.junit.AutoTests" name="[74] /home/travis/build/icyphy/ptII/ptolemy/domains/de/test/auto/TwoSigmaDelta.xml (RunModel)" time="1.889" />
  <testcase classname="ptolemy.util.test.junit.AutoTests" name="[75] /home/travis/build/icyphy/ptII/ptolemy/domains/de/test/auto/VariableDelay.xml (RunModel)" time="0.013" />
  <testcase classname="ptolemy.util.test.junit.AutoTests" name="[76] /home/travis/build/icyphy/ptII/ptolemy/domains/de/test/auto/VariableDelay2.xml (RunModel)" time="0.011" />
  <testcase classname="ptolemy.util.test.junit.AutoTests" name="[77] /home/travis/build/icyphy/ptII/ptolemy/domains/de/test/auto/VariableDelayZeroDelay.xml (RunModel)" time="0.017" />
  <testcase classname="ptolemy.util.test.junit.AutoTests" name="[78] /home/travis/build/icyphy/ptII/ptolemy/domains/de/test/auto/VariableDelayZeroDelay2.xml (RunModel)" time="0.01" />
  <testcase classname="ptolemy.util.test.junit.AutoTests" name="[79] /home/travis/build/icyphy/ptII/ptolemy/domains/de/test/auto/deInCt.xml (RunModel)" time="0.017" />
  <testcase classname="ptolemy.util.test.junit.AutoTests" name="[80] /home/travis/build/icyphy/ptII/ptolemy/domains/de/test/auto/deInCt2.xml (RunModel)" time="0.021" />
  <testcase classname="ptolemy.util.test.junit.AutoTests" name="[81] /home/travis/build/icyphy/ptII/ptolemy/domains/de/test/auto/dynamicCausalityInterface1.xml (RunModel)" time="0.025" />
  <testcase classname="ptolemy.util.test.junit.AutoTests" name="[82] /home/travis/build/icyphy/ptII/ptolemy/domains/de/test/auto/fsm_de_test.xml (RunModel)" time="0.048" />
  <testcase classname="ptolemy.util.test.junit.AutoTests" name="[83] /home/travis/build/icyphy/ptII/ptolemy/domains/de/test/auto/functionDependencyReconstruction.xml (RunModel)" time="0.048" />
  <testcase classname="ptolemy.util.test.junit.AutoTests" name="[84] /home/travis/build/icyphy/ptII/ptolemy/domains/de/test/auto/multirate.xml (RunModel)" time="0.015" />
  <testcase classname="ptolemy.util.test.junit.AutoTests" name="[85] /home/travis/build/icyphy/ptII/ptolemy/domains/de/test/auto/multirate2.xml (RunModel)" time="0.019" />
  <testcase classname="ptolemy.util.test.junit.AutoTests" name="[86] /home/travis/build/icyphy/ptII/ptolemy/domains/de/test/auto/realtime.xml (RunModel)" time="10.01" />
  <testcase classname="ptolemy.util.test.junit.AutoTests" name="[87] /home/travis/build/icyphy/ptII/ptolemy/domains/de/test/auto/relationGroup.xml (RunModel)" time="0.007" />
  <testcase classname="ptolemy.util.test.junit.AutoTests" name="[88] /home/travis/build/icyphy/ptII/ptolemy/domains/de/test/auto/relationGroup2.xml (RunModel)" time="0.01" />
  <testcase classname="ptolemy.util.test.junit.AutoTests" name="[89] /home/travis/build/icyphy/ptII/ptolemy/domains/de/test/auto/sortWithOpaquePorts.xml (RunModel)" time="0.008" />
  <testcase classname="ptolemy.util.test.junit.AutoTests" name="[90] /home/travis/build/icyphy/ptII/ptolemy/domains/de/test/auto/transferInputsandOutputs.xml (RunModel)" time="0.015" />
  <testcase classname="ptolemy.util.test.junit.AutoTests" name="[91] /home/travis/build/icyphy/ptII/ptolemy/domains/de/test/auto/triggerType.xml (RunModel)" time="0.011" />
  <system-out><![CDATA[/home/travis/build/icyphy/ptII/ptolemy/domains/de/test/DependencyLoop.tcl
testDefs.tcl: setting time out to 9000 seconds at Tue Dec 31 06:33:50 UTC 2019
76 ms. Memory: 129024K Free: 80325K (62%)
21 ms. Memory: 129024K Free: 62903K (49%)
/home/travis/build/icyphy/ptII/ptolemy/domains/de/test/RunDETestsAsQSS.tcl
Run the DE tests using ptolemy.domains.qss.test.QSSDirectorTest, which extends QSSDirector and prints a message in the constructors.
------------------ testing $PTII/ptolemy/domains/de/test/auto/knownFailedTests/DirectFeedback.xml (Known Failure) 
55 ms. Memory: 129024K Free: 56773K (44%)


==== $PTIIhome/travis/build/icyphy/ptII/ptolemy/domains/de/test/../../../../: Auto Automatic test in file $PTII/ptolemy/domains/de/test/auto/knownFailedTests/DirectFeedback.xml
==== Contents of test case:

	    # FIXME: we should use $relativeFilename here, but it
	    # might have backslashes under Windows, which causes no end
	    # of trouble.
	    createAndExecute $file
	    list {}
	
.... Test generated KNOWN error:
    while executing
ptolemy.kernel.util.IllegalActionException: Test fails in iteration 1.
Value was: 1.0. Should have been: 2.0
  in .DirectFeedback.Test
	at ptolemy.actor.lib.Test.fire(Test.java:268)
	at ptolemy.domains.de.kernel.DEDirector._fire(DEDirector.java:1949)
	at ptolemy.domains.de.kernel.DEDirector.fire(DEDirector.java:502)
	at ptolemy.actor.CompositeActor.fire(CompositeActor.java:455)
	at ptolemy.actor.Manager.iterate(Manager.java:851)
	at ptolemy.actor.Manager.execute(Manager.java:369)
	at ptolemy.actor.Manager.run(Manager.java:1263)
	at ptolemy.actor.Manager$PtolemyRunThread.run(Manager.java:1933)

    while executing
ptolemy.kernel.util.IllegalActionException: Test fails in iteration 1.
Value was: 1.0. Should have been: 2.0
  in .DirectFeedback.Test
    while executing
"java::new ptolemy.moml.MoMLSimpleApplication $file
"
    (procedure "createAndExecute" line 2)
    invoked from within
"createAndExecute $file"
    ("uplevel" body line 5)
    invoked from within
"uplevel $contents_of_test"
------------------ testing $PTII/ptolemy/domains/de/test/auto/knownFailedTests/dependencyLoop.xml (Known Failure) 
15 ms. Memory: 129024K Free: 53701K (42%)


==== $PTIIhome/travis/build/icyphy/ptII/ptolemy/domains/de/test/../../../../: Auto Automatic test in file $PTII/ptolemy/domains/de/test/auto/knownFailedTests/dependencyLoop.xml
==== Contents of test case:

	    # FIXME: we should use $relativeFilename here, but it
	    # might have backslashes under Windows, which causes no end
	    # of trouble.
	    createAndExecute $file
	    list {}
	
.... Test generated KNOWN error:
    while executing
ptolemy.kernel.util.IllegalActionException: Found a zero delay loop containing .dependencyLoop.original
  in .dependencyLoop and .dependencyLoop.original
	at ptolemy.actor.util.CausalityInterfaceForComposites._computeOutputPortDepth(CausalityInterfaceForComposites.java:759)
	at ptolemy.actor.util.CausalityInterfaceForComposites._computeInputDepth(CausalityInterfaceForComposites.java:696)
	at ptolemy.actor.util.CausalityInterfaceForComposites._computeOutputPortDepth(CausalityInterfaceForComposites.java:765)
	at ptolemy.actor.util.CausalityInterfaceForComposites._computeInputDepth(CausalityInterfaceForComposites.java:696)
	at ptolemy.actor.util.CausalityInterfaceForComposites._computeOutputPortDepth(CausalityInterfaceForComposites.java:765)
	at ptolemy.actor.util.CausalityInterfaceForComposites._computeInputDepth(CausalityInterfaceForComposites.java:696)
	at ptolemy.actor.util.CausalityInterfaceForComposites._computeActorDepth(CausalityInterfaceForComposites.java:532)
	at ptolemy.actor.util.CausalityInterfaceForComposites.checkForCycles(CausalityInterfaceForComposites.java:96)
	at ptolemy.domains.de.kernel.DEDirector.preinitialize(DEDirector.java:1338)
	at ptolemy.actor.CompositeActor.preinitialize(CompositeActor.java:1828)
	at ptolemy.actor.Manager.preinitializeAndResolveTypes(Manager.java:1040)
	at ptolemy.actor.Manager.initialize(Manager.java:710)
	at ptolemy.actor.Manager.execute(Manager.java:356)
	at ptolemy.actor.Manager.run(Manager.java:1263)
	at ptolemy.actor.Manager$PtolemyRunThread.run(Manager.java:1933)

    while executing
ptolemy.kernel.util.IllegalActionException: Found a zero delay loop containing .dependencyLoop.original
  in .dependencyLoop and .dependencyLoop.original
    while executing
"java::new ptolemy.moml.MoMLSimpleApplication $file
"
    (procedure "createAndExecute" line 2)
    invoked from within
"createAndExecute $file"
    ("uplevel" body line 5)
    invoked from within
"uplevel $contents_of_test"
------------------ testing $PTII/ptolemy/domains/de/test/auto/knownFailedTests/FSMSource.xml (Known Failure) 
59 ms. Memory: 129024K Free: 111448K (86%)
!!!! Auto was marked as failing, but now passes
------------------ testing $PTII/ptolemy/domains/de/test/auto/knownFailedTests/HierarchicalModel.xml (Known Failure) 
6 ms. Memory: 129024K Free: 94357K (73%)


==== $PTIIhome/travis/build/icyphy/ptII/ptolemy/domains/de/test/../../../../: Auto Automatic test in file $PTII/ptolemy/domains/de/test/auto/knownFailedTests/HierarchicalModel.xml
==== Contents of test case:

	    # FIXME: we should use $relativeFilename here, but it
	    # might have backslashes under Windows, which causes no end
	    # of trouble.
	    createAndExecute $file
	    list {}
	
.... Test generated KNOWN error:
    while executing
ptolemy.kernel.util.IllegalActionException: Found a zero delay loop containing .HierarchicalModel.A
  in .HierarchicalModel and .HierarchicalModel.A
	at ptolemy.actor.util.CausalityInterfaceForComposites._computeOutputPortDepth(CausalityInterfaceForComposites.java:759)
	at ptolemy.actor.util.CausalityInterfaceForComposites._computeInputDepth(CausalityInterfaceForComposites.java:696)
	at ptolemy.actor.util.CausalityInterfaceForComposites._computeOutputPortDepth(CausalityInterfaceForComposites.java:765)
	at ptolemy.actor.util.CausalityInterfaceForComposites._computeInputDepth(CausalityInterfaceForComposites.java:696)
	at ptolemy.actor.util.CausalityInterfaceForComposites._computeOutputPortDepth(CausalityInterfaceForComposites.java:765)
	at ptolemy.actor.util.CausalityInterfaceForComposites._computeInputDepth(CausalityInterfaceForComposites.java:696)
	at ptolemy.actor.util.CausalityInterfaceForComposites._computeActorDepth(CausalityInterfaceForComposites.java:532)
	at ptolemy.actor.util.CausalityInterfaceForComposites.checkForCycles(CausalityInterfaceForComposites.java:96)
	at ptolemy.domains.de.kernel.DEDirector.preinitialize(DEDirector.java:1338)
	at ptolemy.actor.CompositeActor.preinitialize(CompositeActor.java:1828)
	at ptolemy.actor.Manager.preinitializeAndResolveTypes(Manager.java:1040)
	at ptolemy.actor.Manager.initialize(Manager.java:710)
	at ptolemy.actor.Manager.execute(Manager.java:356)
	at ptolemy.actor.Manager.run(Manager.java:1263)
	at ptolemy.actor.Manager$PtolemyRunThread.run(Manager.java:1933)

    while executing
ptolemy.kernel.util.IllegalActionException: Found a zero delay loop containing .HierarchicalModel.A
  in .HierarchicalModel and .HierarchicalModel.A
    while executing
"java::new ptolemy.moml.MoMLSimpleApplication $file
"
    (procedure "createAndExecute" line 2)
    invoked from within
"createAndExecute $file"
    ("uplevel" body line 5)
    invoked from within
"uplevel $contents_of_test"
------------------ testing $PTII/ptolemy/domains/de/test/auto/knownFailedTests/dependencyLoop2.xml (Known Failure) 
8 ms. Memory: 129024K Free: 78319K (61%)


==== $PTIIhome/travis/build/icyphy/ptII/ptolemy/domains/de/test/../../../../: Auto Automatic test in file $PTII/ptolemy/domains/de/test/auto/knownFailedTests/dependencyLoop2.xml
==== Contents of test case:

	    # FIXME: we should use $relativeFilename here, but it
	    # might have backslashes under Windows, which causes no end
	    # of trouble.
	    createAndExecute $file
	    list {}
	
.... Test generated KNOWN error:
    while executing
ptolemy.kernel.util.IllegalActionException: Found a zero delay loop containing .dependencyLoop2.original
  in .dependencyLoop2 and .dependencyLoop2.original
	at ptolemy.actor.util.CausalityInterfaceForComposites._computeOutputPortDepth(CausalityInterfaceForComposites.java:759)
	at ptolemy.actor.util.CausalityInterfaceForComposites._computeInputDepth(CausalityInterfaceForComposites.java:696)
	at ptolemy.actor.util.CausalityInterfaceForComposites._computeOutputPortDepth(CausalityInterfaceForComposites.java:765)
	at ptolemy.actor.util.CausalityInterfaceForComposites._computeInputDepth(CausalityInterfaceForComposites.java:696)
	at ptolemy.actor.util.CausalityInterfaceForComposites._computeOutputPortDepth(CausalityInterfaceForComposites.java:765)
	at ptolemy.actor.util.CausalityInterfaceForComposites._computeInputDepth(CausalityInterfaceForComposites.java:696)
	at ptolemy.actor.util.CausalityInterfaceForComposites._computeActorDepth(CausalityInterfaceForComposites.java:532)
	at ptolemy.actor.util.CausalityInterfaceForComposites.checkForCycles(CausalityInterfaceForComposites.java:96)
	at ptolemy.domains.de.kernel.DEDirector.preinitialize(DEDirector.java:1338)
	at ptolemy.actor.CompositeActor.preinitialize(CompositeActor.java:1828)
	at ptolemy.actor.Manager.preinitializeAndResolveTypes(Manager.java:1040)
	at ptolemy.actor.Manager.initialize(Manager.java:710)
	at ptolemy.actor.Manager.execute(Manager.java:356)
	at ptolemy.actor.Manager.run(Manager.java:1263)
	at ptolemy.actor.Manager$PtolemyRunThread.run(Manager.java:1933)

    while executing
ptolemy.kernel.util.IllegalActionException: Found a zero delay loop containing .dependencyLoop2.original
  in .dependencyLoop2 and .dependencyLoop2.original
    while executing
"java::new ptolemy.moml.MoMLSimpleApplication $file
"
    (procedure "createAndExecute" line 2)
    invoked from within
"createAndExecute $file"
    ("uplevel" body line 5)
    invoked from within
"uplevel $contents_of_test"
------------------ testing $PTII/ptolemy/domains/de/test/auto/knownFailedTests/DESDFClockTest.xml (Known Failure) 
2058 ms. Memory: 129024K Free: 108874K (84%)


==== $PTIIhome/travis/build/icyphy/ptII/ptolemy/domains/de/test/../../../../: Auto Automatic test in file $PTII/ptolemy/domains/de/test/auto/knownFailedTests/DESDFClockTest.xml
==== Contents of test case:

	    # FIXME: we should use $relativeFilename here, but it
	    # might have backslashes under Windows, which causes no end
	    # of trouble.
	    createAndExecute $file
	    list {}
	
.... Test generated KNOWN error:
    while executing
ptolemy.kernel.util.IllegalActionException: Actor is not ready to fire.  Perhaps UpSample.prefire() returned false? Try debugging the actor by selecting "Listen to Actor".  Also, for SDF check moml for tokenConsumptionRate on input.
  in .DESDFClockTest.Play Bell.Copy1:SDF Director and .DESDFClockTest.Play Bell.UpSample
	at ptolemy.actor.sched.StaticSchedulingDirector.fire(StaticSchedulingDirector.java:227)
	at ptolemy.domains.sdf.kernel.SDFDirector.fire(SDFDirector.java:500)
	at ptolemy.actor.CompositeActor.fire(CompositeActor.java:455)
	at ptolemy.domains.de.kernel.DEDirector._fire(DEDirector.java:1949)
	at ptolemy.domains.de.kernel.DEDirector.fire(DEDirector.java:502)
	at ptolemy.actor.CompositeActor.fire(CompositeActor.java:455)
	at ptolemy.actor.Manager.iterate(Manager.java:851)
	at ptolemy.actor.Manager.execute(Manager.java:369)
	at ptolemy.actor.Manager.run(Manager.java:1263)
	at ptolemy.actor.Manager$PtolemyRunThread.run(Manager.java:1933)

    while executing
ptolemy.kernel.util.IllegalActionException: Actor is not ready to fire.  Perhaps UpSample.prefire() returned false? Try debugging the actor by selecting "Listen to Actor".  Also, for SDF check moml for tokenConsumptionRate on input.
  in .DESDFClockTest.Play Bell.Copy1:SDF Director and .DESDFClockTest.Play Bell.UpSample
    while executing
"java::new ptolemy.moml.MoMLSimpleApplication $file
"
    (procedure "createAndExecute" line 2)
    invoked from within
"createAndExecute $file"
    ("uplevel" body line 5)
    invoked from within
"uplevel $contents_of_test"
------------------ testing $PTII/ptolemy/domains/de/test/auto/ActorDepthCalculation_actorWithoutPorts.xml
auto.tcl: Setting watchdog for 200 seconds at Tue Dec 31 06:33:54 UTC 2019
4 ms. Memory: 129024K Free: 101700K (79%)
ptolemy.util.test.WatchDog.cancel(): canceling Tue Dec 31 06:33:54 UTC 2019
auto.tcl: Setting watchdog for 200 seconds at Tue Dec 31 06:33:54 UTC 2019
5 ms. Memory: 129024K Free: 100172K (78%)
ptolemy.util.test.WatchDog.cancel(): canceling Tue Dec 31 06:33:54 UTC 2019
------------------ testing $PTII/ptolemy/domains/de/test/auto/AssemblyLine.xml
auto.tcl: Setting watchdog for 200 seconds at Tue Dec 31 06:33:54 UTC 2019
7 ms. Memory: 45056K Free: 23249K (52%)
ptolemy.util.test.WatchDog.cancel(): canceling Tue Dec 31 06:33:54 UTC 2019
auto.tcl: Setting watchdog for 200 seconds at Tue Dec 31 06:33:54 UTC 2019
6 ms. Memory: 45056K Free: 22699K (50%)
ptolemy.util.test.WatchDog.cancel(): canceling Tue Dec 31 06:33:54 UTC 2019
------------------ testing $PTII/ptolemy/domains/de/test/auto/CQBug1.xml
auto.tcl: Setting watchdog for 200 seconds at Tue Dec 31 06:33:54 UTC 2019
11 ms. Memory: 45056K Free: 28492K (63%)
ptolemy.util.test.WatchDog.cancel(): canceling Tue Dec 31 06:33:55 UTC 2019
auto.tcl: Setting watchdog for 200 seconds at Tue Dec 31 06:33:55 UTC 2019
5 ms. Memory: 45056K Free: 28111K (62%)
ptolemy.util.test.WatchDog.cancel(): canceling Tue Dec 31 06:33:55 UTC 2019
------------------ testing $PTII/ptolemy/domains/de/test/auto/CancelFireAt.xml
auto.tcl: Setting watchdog for 200 seconds at Tue Dec 31 06:33:55 UTC 2019
3 ms. Memory: 45056K Free: 29688K (66%)
ptolemy.util.test.WatchDog.cancel(): canceling Tue Dec 31 06:33:55 UTC 2019
auto.tcl: Setting watchdog for 200 seconds at Tue Dec 31 06:33:55 UTC 2019
3 ms. Memory: 45056K Free: 29274K (65%)
ptolemy.util.test.WatchDog.cancel(): canceling Tue Dec 31 06:33:55 UTC 2019
------------------ testing $PTII/ptolemy/domains/de/test/auto/CausalityAndComposabilityAnalysis.xml
auto.tcl: Setting watchdog for 200 seconds at Tue Dec 31 06:33:55 UTC 2019
10 ms. Memory: 45056K Free: 27295K (61%)
ptolemy.util.test.WatchDog.cancel(): canceling Tue Dec 31 06:33:55 UTC 2019
auto.tcl: Setting watchdog for 200 seconds at Tue Dec 31 06:33:55 UTC 2019
6 ms. Memory: 45056K Free: 26905K (60%)
ptolemy.util.test.WatchDog.cancel(): canceling Tue Dec 31 06:33:55 UTC 2019
------------------ testing $PTII/ptolemy/domains/de/test/auto/CausalityInterface1.xml
auto.tcl: Setting watchdog for 200 seconds at Tue Dec 31 06:33:55 UTC 2019
29 ms. Memory: 45056K Free: 26288K (58%)
ptolemy.util.test.WatchDog.cancel(): canceling Tue Dec 31 06:33:55 UTC 2019
auto.tcl: Setting watchdog for 200 seconds at Tue Dec 31 06:33:55 UTC 2019
4 ms. Memory: 45056K Free: 25405K (56%)
ptolemy.util.test.WatchDog.cancel(): canceling Tue Dec 31 06:33:55 UTC 2019
------------------ testing $PTII/ptolemy/domains/de/test/auto/CausalityInterface15.xml
auto.tcl: Setting watchdog for 200 seconds at Tue Dec 31 06:33:55 UTC 2019
9 ms. Memory: 45056K Free: 26319K (58%)
ptolemy.util.test.WatchDog.cancel(): canceling Tue Dec 31 06:33:55 UTC 2019
auto.tcl: Setting watchdog for 200 seconds at Tue Dec 31 06:33:55 UTC 2019
5 ms. Memory: 45056K Free: 25340K (56%)
ptolemy.util.test.WatchDog.cancel(): canceling Tue Dec 31 06:33:55 UTC 2019
------------------ testing $PTII/ptolemy/domains/de/test/auto/CausalityInterface2.xml
auto.tcl: Setting watchdog for 200 seconds at Tue Dec 31 06:33:55 UTC 2019
4 ms. Memory: 45056K Free: 27317K (61%)
ptolemy.util.test.WatchDog.cancel(): canceling Tue Dec 31 06:33:55 UTC 2019
auto.tcl: Setting watchdog for 200 seconds at Tue Dec 31 06:33:55 UTC 2019
3 ms. Memory: 45056K Free: 26398K (59%)
ptolemy.util.test.WatchDog.cancel(): canceling Tue Dec 31 06:33:55 UTC 2019
------------------ testing $PTII/ptolemy/domains/de/test/auto/CausalityInterface3.xml
auto.tcl: Setting watchdog for 200 seconds at Tue Dec 31 06:33:55 UTC 2019
6 ms. Memory: 45056K Free: 26573K (59%)
ptolemy.util.test.WatchDog.cancel(): canceling Tue Dec 31 06:33:55 UTC 2019
auto.tcl: Setting watchdog for 200 seconds at Tue Dec 31 06:33:55 UTC 2019
3 ms. Memory: 45056K Free: 25806K (57%)
ptolemy.util.test.WatchDog.cancel(): canceling Tue Dec 31 06:33:55 UTC 2019
------------------ testing $PTII/ptolemy/domains/de/test/auto/ClockDrift.xml
auto.tcl: Setting watchdog for 200 seconds at Tue Dec 31 06:33:55 UTC 2019
52 ms. Memory: 45056K Free: 18738K (42%)
ptolemy.util.test.WatchDog.cancel(): canceling Tue Dec 31 06:33:55 UTC 2019
auto.tcl: Setting watchdog for 200 seconds at Tue Dec 31 06:33:55 UTC 2019
63 ms. Memory: 45056K Free: 15767K (35%)
ptolemy.util.test.WatchDog.cancel(): canceling Tue Dec 31 06:33:55 UTC 2019
------------------ testing $PTII/ptolemy/domains/de/test/auto/ClockDriftAndValueChange.xml
auto.tcl: Setting watchdog for 200 seconds at Tue Dec 31 06:33:55 UTC 2019
46 ms. Memory: 45056K Free: 19017K (42%)
ptolemy.util.test.WatchDog.cancel(): canceling Tue Dec 31 06:33:55 UTC 2019
auto.tcl: Setting watchdog for 200 seconds at Tue Dec 31 06:33:55 UTC 2019
24 ms. Memory: 45056K Free: 16010K (36%)
ptolemy.util.test.WatchDog.cancel(): canceling Tue Dec 31 06:33:55 UTC 2019
------------------ testing $PTII/ptolemy/domains/de/test/auto/ClockDriftChange.xml
auto.tcl: Setting watchdog for 200 seconds at Tue Dec 31 06:33:55 UTC 2019
18 ms. Memory: 45056K Free: 21289K (47%)
ptolemy.util.test.WatchDog.cancel(): canceling Tue Dec 31 06:33:56 UTC 2019
auto.tcl: Setting watchdog for 200 seconds at Tue Dec 31 06:33:56 UTC 2019
20 ms. Memory: 45056K Free: 18448K (41%)
ptolemy.util.test.WatchDog.cancel(): canceling Tue Dec 31 06:33:56 UTC 2019
------------------ testing $PTII/ptolemy/domains/de/test/auto/ComposableCausalityAnalysis.xml
auto.tcl: Setting watchdog for 200 seconds at Tue Dec 31 06:33:56 UTC 2019
6 ms. Memory: 45056K Free: 25969K (58%)
ptolemy.util.test.WatchDog.cancel(): canceling Tue Dec 31 06:33:56 UTC 2019
auto.tcl: Setting watchdog for 200 seconds at Tue Dec 31 06:33:56 UTC 2019
5 ms. Memory: 45056K Free: 24889K (55%)
ptolemy.util.test.WatchDog.cancel(): canceling Tue Dec 31 06:33:56 UTC 2019
------------------ testing $PTII/ptolemy/domains/de/test/auto/DEFixedPointLimitation.xml
auto.tcl: Setting watchdog for 200 seconds at Tue Dec 31 06:33:56 UTC 2019
4 ms. Memory: 45056K Free: 27231K (60%)
ptolemy.util.test.WatchDog.cancel(): canceling Tue Dec 31 06:33:56 UTC 2019
auto.tcl: Setting watchdog for 200 seconds at Tue Dec 31 06:33:56 UTC 2019
1 ms. Memory: 45056K Free: 26355K (58%)
ptolemy.util.test.WatchDog.cancel(): canceling Tue Dec 31 06:33:56 UTC 2019
------------------ testing $PTII/ptolemy/domains/de/test/auto/DEScheduleTest.xml
auto.tcl: Setting watchdog for 200 seconds at Tue Dec 31 06:33:56 UTC 2019
3 ms. Memory: 45056K Free: 27522K (61%)
ptolemy.util.test.WatchDog.cancel(): canceling Tue Dec 31 06:33:56 UTC 2019
auto.tcl: Setting watchdog for 200 seconds at Tue Dec 31 06:33:56 UTC 2019
4 ms. Memory: 45056K Free: 26797K (59%)
ptolemy.util.test.WatchDog.cancel(): canceling Tue Dec 31 06:33:56 UTC 2019
------------------ testing $PTII/ptolemy/domains/de/test/auto/DEinDEwithStartTimes.xml
auto.tcl: Setting watchdog for 200 seconds at Tue Dec 31 06:33:56 UTC 2019
4 ms. Memory: 45056K Free: 25723K (57%)
ptolemy.util.test.WatchDog.cancel(): canceling Tue Dec 31 06:33:56 UTC 2019
auto.tcl: Setting watchdog for 200 seconds at Tue Dec 31 06:33:56 UTC 2019
4 ms. Memory: 45056K Free: 24672K (55%)
ptolemy.util.test.WatchDog.cancel(): canceling Tue Dec 31 06:33:56 UTC 2019
------------------ testing $PTII/ptolemy/domains/de/test/auto/DEinDEwithStartTimes2.xml
auto.tcl: Setting watchdog for 200 seconds at Tue Dec 31 06:33:56 UTC 2019
4 ms. Memory: 45056K Free: 25012K (56%)
ptolemy.util.test.WatchDog.cancel(): canceling Tue Dec 31 06:33:56 UTC 2019
auto.tcl: Setting watchdog for 200 seconds at Tue Dec 31 06:33:56 UTC 2019
5 ms. Memory: 45056K Free: 23627K (52%)
ptolemy.util.test.WatchDog.cancel(): canceling Tue Dec 31 06:33:56 UTC 2019
------------------ testing $PTII/ptolemy/domains/de/test/auto/DateDemo.xml
auto.tcl: Setting watchdog for 200 seconds at Tue Dec 31 06:33:56 UTC 2019
20 ms. Memory: 45056K Free: 19288K (43%)
ptolemy.util.test.WatchDog.cancel(): canceling Tue Dec 31 06:33:56 UTC 2019
auto.tcl: Setting watchdog for 200 seconds at Tue Dec 31 06:33:56 UTC 2019
17 ms. Memory: 45056K Free: 17747K (39%)
ptolemy.util.test.WatchDog.cancel(): canceling Tue Dec 31 06:33:56 UTC 2019
------------------ testing $PTII/ptolemy/domains/de/test/auto/DateToEvent.xml
auto.tcl: Setting watchdog for 200 seconds at Tue Dec 31 06:33:56 UTC 2019
2019 ms. Memory: 45056K Free: 15188K (34%)
ptolemy.util.test.WatchDog.cancel(): canceling Tue Dec 31 06:33:58 UTC 2019
auto.tcl: Setting watchdog for 200 seconds at Tue Dec 31 06:33:58 UTC 2019
2008 ms. Memory: 45056K Free: 14478K (32%)
ptolemy.util.test.WatchDog.cancel(): canceling Tue Dec 31 06:34:00 UTC 2019
------------------ testing $PTII/ptolemy/domains/de/test/auto/DepthTest1.xml
auto.tcl: Setting watchdog for 200 seconds at Tue Dec 31 06:34:00 UTC 2019
5 ms. Memory: 45056K Free: 28015K (62%)
ptolemy.util.test.WatchDog.cancel(): canceling Tue Dec 31 06:34:00 UTC 2019
auto.tcl: Setting watchdog for 200 seconds at Tue Dec 31 06:34:00 UTC 2019
2 ms. Memory: 45056K Free: 27636K (61%)
ptolemy.util.test.WatchDog.cancel(): canceling Tue Dec 31 06:34:00 UTC 2019
------------------ testing $PTII/ptolemy/domains/de/test/auto/DepthTest2.xml
auto.tcl: Setting watchdog for 200 seconds at Tue Dec 31 06:34:00 UTC 2019
3 ms. Memory: 45056K Free: 24886K (55%)
ptolemy.util.test.WatchDog.cancel(): canceling Tue Dec 31 06:34:00 UTC 2019
auto.tcl: Setting watchdog for 200 seconds at Tue Dec 31 06:34:00 UTC 2019
2 ms. Memory: 45056K Free: 24340K (54%)
ptolemy.util.test.WatchDog.cancel(): canceling Tue Dec 31 06:34:00 UTC 2019
------------------ testing $PTII/ptolemy/domains/de/test/auto/DepthTest3.xml
auto.tcl: Setting watchdog for 200 seconds at Tue Dec 31 06:34:00 UTC 2019
5 ms. Memory: 45056K Free: 28342K (63%)
ptolemy.util.test.WatchDog.cancel(): canceling Tue Dec 31 06:34:00 UTC 2019
auto.tcl: Setting watchdog for 200 seconds at Tue Dec 31 06:34:00 UTC 2019
2 ms. Memory: 45056K Free: 27633K (61%)
ptolemy.util.test.WatchDog.cancel(): canceling Tue Dec 31 06:34:00 UTC 2019
------------------ testing $PTII/ptolemy/domains/de/test/auto/DepthTest4.xml
auto.tcl: Setting watchdog for 200 seconds at Tue Dec 31 06:34:00 UTC 2019
6 ms. Memory: 45056K Free: 26707K (59%)
ptolemy.util.test.WatchDog.cancel(): canceling Tue Dec 31 06:34:01 UTC 2019
auto.tcl: Setting watchdog for 200 seconds at Tue Dec 31 06:34:01 UTC 2019
3 ms. Memory: 45056K Free: 25982K (58%)
ptolemy.util.test.WatchDog.cancel(): canceling Tue Dec 31 06:34:01 UTC 2019
------------------ testing $PTII/ptolemy/domains/de/test/auto/DepthTest5.xml
auto.tcl: Setting watchdog for 200 seconds at Tue Dec 31 06:34:01 UTC 2019
4 ms. Memory: 45056K Free: 25818K (57%)
ptolemy.util.test.WatchDog.cancel(): canceling Tue Dec 31 06:34:01 UTC 2019
auto.tcl: Setting watchdog for 200 seconds at Tue Dec 31 06:34:01 UTC 2019
3 ms. Memory: 45056K Free: 25437K (56%)
ptolemy.util.test.WatchDog.cancel(): canceling Tue Dec 31 06:34:01 UTC 2019
------------------ testing $PTII/ptolemy/domains/de/test/auto/DepthTest6.xml
auto.tcl: Setting watchdog for 200 seconds at Tue Dec 31 06:34:01 UTC 2019
5 ms. Memory: 45056K Free: 25787K (57%)
ptolemy.util.test.WatchDog.cancel(): canceling Tue Dec 31 06:34:01 UTC 2019
auto.tcl: Setting watchdog for 200 seconds at Tue Dec 31 06:34:01 UTC 2019
5 ms. Memory: 45056K Free: 25281K (56%)
ptolemy.util.test.WatchDog.cancel(): canceling Tue Dec 31 06:34:01 UTC 2019
------------------ testing $PTII/ptolemy/domains/de/test/auto/DepthTest7.xml
auto.tcl: Setting watchdog for 200 seconds at Tue Dec 31 06:34:01 UTC 2019
3 ms. Memory: 45056K Free: 26631K (59%)
ptolemy.util.test.WatchDog.cancel(): canceling Tue Dec 31 06:34:01 UTC 2019
auto.tcl: Setting watchdog for 200 seconds at Tue Dec 31 06:34:01 UTC 2019
2 ms. Memory: 45056K Free: 25914K (58%)
ptolemy.util.test.WatchDog.cancel(): canceling Tue Dec 31 06:34:01 UTC 2019
------------------ testing $PTII/ptolemy/domains/de/test/auto/EventToDate.xml
auto.tcl: Setting watchdog for 200 seconds at Tue Dec 31 06:34:01 UTC 2019
3007 ms. Memory: 45056K Free: 17492K (39%)
ptolemy.util.test.WatchDog.cancel(): canceling Tue Dec 31 06:34:04 UTC 2019
auto.tcl: Setting watchdog for 200 seconds at Tue Dec 31 06:34:04 UTC 2019
3003 ms. Memory: 45056K Free: 16758K (37%)
ptolemy.util.test.WatchDog.cancel(): canceling Tue Dec 31 06:34:07 UTC 2019
------------------ testing $PTII/ptolemy/domains/de/test/auto/FSM1.xml
auto.tcl: Setting watchdog for 200 seconds at Tue Dec 31 06:34:07 UTC 2019
34 ms. Memory: 45056K Free: 18213K (40%)
ptolemy.util.test.WatchDog.cancel(): canceling Tue Dec 31 06:34:07 UTC 2019
auto.tcl: Setting watchdog for 200 seconds at Tue Dec 31 06:34:07 UTC 2019
22 ms. Memory: 45056K Free: 15048K (33%)
ptolemy.util.test.WatchDog.cancel(): canceling Tue Dec 31 06:34:07 UTC 2019
------------------ testing $PTII/ptolemy/domains/de/test/auto/FSM7.xml
auto.tcl: Setting watchdog for 200 seconds at Tue Dec 31 06:34:07 UTC 2019
14 ms. Memory: 45056K Free: 18567K (41%)
ptolemy.util.test.WatchDog.cancel(): canceling Tue Dec 31 06:34:07 UTC 2019
auto.tcl: Setting watchdog for 200 seconds at Tue Dec 31 06:34:07 UTC 2019
19 ms. Memory: 45056K Free: 15300K (34%)
ptolemy.util.test.WatchDog.cancel(): canceling Tue Dec 31 06:34:07 UTC 2019
------------------ testing $PTII/ptolemy/domains/de/test/auto/Inspection.xml
auto.tcl: Setting watchdog for 200 seconds at Tue Dec 31 06:34:07 UTC 2019
33 ms. Memory: 45056K Free: 18417K (41%)
ptolemy.util.test.WatchDog.cancel(): canceling Tue Dec 31 06:34:07 UTC 2019
auto.tcl: Setting watchdog for 200 seconds at Tue Dec 31 06:34:07 UTC 2019
30 ms. Memory: 45056K Free: 16650K (37%)
ptolemy.util.test.WatchDog.cancel(): canceling Tue Dec 31 06:34:07 UTC 2019
------------------ testing $PTII/ptolemy/domains/de/test/auto/Iteration.xml
auto.tcl: Setting watchdog for 200 seconds at Tue Dec 31 06:34:07 UTC 2019
7 ms. Memory: 45056K Free: 24069K (53%)
ptolemy.util.test.WatchDog.cancel(): canceling Tue Dec 31 06:34:07 UTC 2019
auto.tcl: Setting watchdog for 200 seconds at Tue Dec 31 06:34:07 UTC 2019
8 ms. Memory: 45056K Free: 22708K (50%)
ptolemy.util.test.WatchDog.cancel(): canceling Tue Dec 31 06:34:07 UTC 2019
------------------ testing $PTII/ptolemy/domains/de/test/auto/LineFault.xml
auto.tcl: Setting watchdog for 200 seconds at Tue Dec 31 06:34:07 UTC 2019
589 ms. Memory: 45056K Free: 10733K (24%)
ptolemy.util.test.WatchDog.cancel(): canceling Tue Dec 31 06:34:08 UTC 2019
auto.tcl: Setting watchdog for 200 seconds at Tue Dec 31 06:34:08 UTC 2019
592 ms. Memory: 54272K Free: 23955K (44%)
ptolemy.util.test.WatchDog.cancel(): canceling Tue Dec 31 06:34:09 UTC 2019
------------------ testing $PTII/ptolemy/domains/de/test/auto/MergeModel1Add.xml
auto.tcl: Setting watchdog for 200 seconds at Tue Dec 31 06:34:09 UTC 2019
17 ms. Memory: 54272K Free: 19292K (36%)
ptolemy.util.test.WatchDog.cancel(): canceling Tue Dec 31 06:34:09 UTC 2019
auto.tcl: Setting watchdog for 200 seconds at Tue Dec 31 06:34:09 UTC 2019
11 ms. Memory: 54272K Free: 17666K (33%)
ptolemy.util.test.WatchDog.cancel(): canceling Tue Dec 31 06:34:09 UTC 2019
------------------ testing $PTII/ptolemy/domains/de/test/auto/MergeModel2Add.xml
auto.tcl: Setting watchdog for 200 seconds at Tue Dec 31 06:34:09 UTC 2019
9 ms. Memory: 51200K Free: 18012K (35%)
ptolemy.util.test.WatchDog.cancel(): canceling Tue Dec 31 06:34:09 UTC 2019
auto.tcl: Setting watchdog for 200 seconds at Tue Dec 31 06:34:09 UTC 2019
7 ms. Memory: 51200K Free: 16306K (32%)
ptolemy.util.test.WatchDog.cancel(): canceling Tue Dec 31 06:34:09 UTC 2019
------------------ testing $PTII/ptolemy/domains/de/test/auto/MergeModel3Add.xml
auto.tcl: Setting watchdog for 200 seconds at Tue Dec 31 06:34:09 UTC 2019
11 ms. Memory: 51200K Free: 18282K (36%)
ptolemy.util.test.WatchDog.cancel(): canceling Tue Dec 31 06:34:09 UTC 2019
auto.tcl: Setting watchdog for 200 seconds at Tue Dec 31 06:34:09 UTC 2019
11 ms. Memory: 51200K Free: 16737K (33%)
ptolemy.util.test.WatchDog.cancel(): canceling Tue Dec 31 06:34:09 UTC 2019
------------------ testing $PTII/ptolemy/domains/de/test/auto/MergeWithoutDiscard.xml
auto.tcl: Setting watchdog for 200 seconds at Tue Dec 31 06:34:09 UTC 2019
2 ms. Memory: 51200K Free: 32646K (64%)
ptolemy.util.test.WatchDog.cancel(): canceling Tue Dec 31 06:34:09 UTC 2019
auto.tcl: Setting watchdog for 200 seconds at Tue Dec 31 06:34:09 UTC 2019
2 ms. Memory: 51200K Free: 32213K (63%)
ptolemy.util.test.WatchDog.cancel(): canceling Tue Dec 31 06:34:09 UTC 2019
------------------ testing $PTII/ptolemy/domains/de/test/auto/Modal1.xml
auto.tcl: Setting watchdog for 200 seconds at Tue Dec 31 06:34:09 UTC 2019
17 ms. Memory: 48128K Free: 21923K (46%)
ptolemy.util.test.WatchDog.cancel(): canceling Tue Dec 31 06:34:09 UTC 2019
auto.tcl: Setting watchdog for 200 seconds at Tue Dec 31 06:34:09 UTC 2019
21 ms. Memory: 48128K Free: 18691K (39%)
ptolemy.util.test.WatchDog.cancel(): canceling Tue Dec 31 06:34:09 UTC 2019
------------------ testing $PTII/ptolemy/domains/de/test/auto/Modal2.xml
auto.tcl: Setting watchdog for 200 seconds at Tue Dec 31 06:34:09 UTC 2019
19 ms. Memory: 48128K Free: 21800K (45%)
ptolemy.util.test.WatchDog.cancel(): canceling Tue Dec 31 06:34:09 UTC 2019
auto.tcl: Setting watchdog for 200 seconds at Tue Dec 31 06:34:09 UTC 2019
17 ms. Memory: 48128K Free: 18587K (39%)
ptolemy.util.test.WatchDog.cancel(): canceling Tue Dec 31 06:34:09 UTC 2019
------------------ testing $PTII/ptolemy/domains/de/test/auto/Modal3.xml
auto.tcl: Setting watchdog for 200 seconds at Tue Dec 31 06:34:10 UTC 2019
18 ms. Memory: 48128K Free: 21785K (45%)
ptolemy.util.test.WatchDog.cancel(): canceling Tue Dec 31 06:34:10 UTC 2019
auto.tcl: Setting watchdog for 200 seconds at Tue Dec 31 06:34:10 UTC 2019
11 ms. Memory: 48128K Free: 18209K (38%)
ptolemy.util.test.WatchDog.cancel(): canceling Tue Dec 31 06:34:10 UTC 2019
------------------ testing $PTII/ptolemy/domains/de/test/auto/Modal4.xml
auto.tcl: Setting watchdog for 200 seconds at Tue Dec 31 06:34:10 UTC 2019
26 ms. Memory: 48128K Free: 20796K (43%)
ptolemy.util.test.WatchDog.cancel(): canceling Tue Dec 31 06:34:10 UTC 2019
auto.tcl: Setting watchdog for 200 seconds at Tue Dec 31 06:34:10 UTC 2019
14 ms. Memory: 48128K Free: 16917K (35%)
ptolemy.util.test.WatchDog.cancel(): canceling Tue Dec 31 06:34:10 UTC 2019
------------------ testing $PTII/ptolemy/domains/de/test/auto/Modal5.xml
auto.tcl: Setting watchdog for 200 seconds at Tue Dec 31 06:34:10 UTC 2019
15 ms. Memory: 48128K Free: 20735K (43%)
ptolemy.util.test.WatchDog.cancel(): canceling Tue Dec 31 06:34:10 UTC 2019
auto.tcl: Setting watchdog for 200 seconds at Tue Dec 31 06:34:10 UTC 2019
25 ms. Memory: 48128K Free: 16904K (35%)
ptolemy.util.test.WatchDog.cancel(): canceling Tue Dec 31 06:34:10 UTC 2019
------------------ testing $PTII/ptolemy/domains/de/test/auto/Modal6.xml
auto.tcl: Setting watchdog for 200 seconds at Tue Dec 31 06:34:10 UTC 2019
12 ms. Memory: 48128K Free: 21539K (45%)
ptolemy.util.test.WatchDog.cancel(): canceling Tue Dec 31 06:34:10 UTC 2019
auto.tcl: Setting watchdog for 200 seconds at Tue Dec 31 06:34:10 UTC 2019
14 ms. Memory: 48128K Free: 17568K (37%)
ptolemy.util.test.WatchDog.cancel(): canceling Tue Dec 31 06:34:10 UTC 2019
------------------ testing $PTII/ptolemy/domains/de/test/auto/Modal7.xml
auto.tcl: Setting watchdog for 200 seconds at Tue Dec 31 06:34:10 UTC 2019
10 ms. Memory: 48128K Free: 20559K (43%)
ptolemy.util.test.WatchDog.cancel(): canceling Tue Dec 31 06:34:10 UTC 2019
auto.tcl: Setting watchdog for 200 seconds at Tue Dec 31 06:34:10 UTC 2019
12 ms. Memory: 48128K Free: 16911K (35%)
ptolemy.util.test.WatchDog.cancel(): canceling Tue Dec 31 06:34:10 UTC 2019
------------------ testing $PTII/ptolemy/domains/de/test/auto/ModalModel.xml
auto.tcl: Setting watchdog for 200 seconds at Tue Dec 31 06:34:10 UTC 2019
220 ms. Memory: 58368K Free: 38074K (65%)
ptolemy.util.test.WatchDog.cancel(): canceling Tue Dec 31 06:34:10 UTC 2019
auto.tcl: Setting watchdog for 200 seconds at Tue Dec 31 06:34:10 UTC 2019
209 ms. Memory: 58368K Free: 31503K (54%)
ptolemy.util.test.WatchDog.cancel(): canceling Tue Dec 31 06:34:11 UTC 2019
------------------ testing $PTII/ptolemy/domains/de/test/auto/ModalSource.xml
auto.tcl: Setting watchdog for 200 seconds at Tue Dec 31 06:34:11 UTC 2019
7 ms. Memory: 51200K Free: 28650K (56%)
ptolemy.util.test.WatchDog.cancel(): canceling Tue Dec 31 06:34:11 UTC 2019
auto.tcl: Setting watchdog for 200 seconds at Tue Dec 31 06:34:11 UTC 2019
6 ms. Memory: 51200K Free: 26602K (52%)
ptolemy.util.test.WatchDog.cancel(): canceling Tue Dec 31 06:34:11 UTC 2019
------------------ testing $PTII/ptolemy/domains/de/test/auto/NonInterruptibleTimerZeroDelay.xml
auto.tcl: Setting watchdog for 200 seconds at Tue Dec 31 06:34:11 UTC 2019
3 ms. Memory: 51200K Free: 33577K (66%)
ptolemy.util.test.WatchDog.cancel(): canceling Tue Dec 31 06:34:11 UTC 2019
auto.tcl: Setting watchdog for 200 seconds at Tue Dec 31 06:34:11 UTC 2019
2 ms. Memory: 51200K Free: 32942K (64%)
ptolemy.util.test.WatchDog.cancel(): canceling Tue Dec 31 06:34:11 UTC 2019
------------------ testing $PTII/ptolemy/domains/de/test/auto/OpenQueueingNetwork.xml
auto.tcl: Setting watchdog for 200 seconds at Tue Dec 31 06:34:11 UTC 2019
3140 ms. Memory: 130048K Free: 104861K (81%)
ptolemy.util.test.WatchDog.cancel(): canceling Tue Dec 31 06:34:14 UTC 2019
auto.tcl: Setting watchdog for 200 seconds at Tue Dec 31 06:34:14 UTC 2019
2478 ms. Memory: 156672K Free: 72171K (46%)
ptolemy.util.test.WatchDog.cancel(): canceling Tue Dec 31 06:34:17 UTC 2019
------------------ testing $PTII/ptolemy/domains/de/test/auto/OpenQueuingNetwork.xml
auto.tcl: Setting watchdog for 200 seconds at Tue Dec 31 06:34:17 UTC 2019
261 ms. Memory: 51200K Free: 16446K (32%)
ptolemy.util.test.WatchDog.cancel(): canceling Tue Dec 31 06:34:17 UTC 2019
auto.tcl: Setting watchdog for 200 seconds at Tue Dec 31 06:34:17 UTC 2019
269 ms. Memory: 61440K Free: 30642K (50%)
ptolemy.util.test.WatchDog.cancel(): canceling Tue Dec 31 06:34:17 UTC 2019
------------------ testing $PTII/ptolemy/domains/de/test/auto/PeriodicSampler.xml
auto.tcl: Setting watchdog for 200 seconds at Tue Dec 31 06:34:17 UTC 2019
2 ms. Memory: 51200K Free: 32787K (64%)
ptolemy.util.test.WatchDog.cancel(): canceling Tue Dec 31 06:34:17 UTC 2019
auto.tcl: Setting watchdog for 200 seconds at Tue Dec 31 06:34:17 UTC 2019
2 ms. Memory: 51200K Free: 31845K (62%)
ptolemy.util.test.WatchDog.cancel(): canceling Tue Dec 31 06:34:17 UTC 2019
------------------ testing $PTII/ptolemy/domains/de/test/auto/PersistentIO.xml
auto.tcl: Setting watchdog for 200 seconds at Tue Dec 31 06:34:17 UTC 2019
23 ms. Memory: 51200K Free: 27712K (54%)
ptolemy.util.test.WatchDog.cancel(): canceling Tue Dec 31 06:34:17 UTC 2019
auto.tcl: Setting watchdog for 200 seconds at Tue Dec 31 06:34:17 UTC 2019
4 ms. Memory: 51200K Free: 26281K (51%)
ptolemy.util.test.WatchDog.cancel(): canceling Tue Dec 31 06:34:18 UTC 2019
------------------ testing $PTII/ptolemy/domains/de/test/auto/PortParameterResetOnInitialize.xml
auto.tcl: Setting watchdog for 200 seconds at Tue Dec 31 06:34:18 UTC 2019
2 ms. Memory: 48128K Free: 29624K (62%)
ptolemy.util.test.WatchDog.cancel(): canceling Tue Dec 31 06:34:18 UTC 2019
auto.tcl: Setting watchdog for 200 seconds at Tue Dec 31 06:34:18 UTC 2019
2 ms. Memory: 48128K Free: 29189K (61%)
ptolemy.util.test.WatchDog.cancel(): canceling Tue Dec 31 06:34:18 UTC 2019
------------------ testing $PTII/ptolemy/domains/de/test/auto/PortParameterUpdates.xml
auto.tcl: Setting watchdog for 200 seconds at Tue Dec 31 06:34:18 UTC 2019
4 ms. Memory: 48128K Free: 27722K (58%)
ptolemy.util.test.WatchDog.cancel(): canceling Tue Dec 31 06:34:18 UTC 2019
auto.tcl: Setting watchdog for 200 seconds at Tue Dec 31 06:34:18 UTC 2019
4 ms. Memory: 48128K Free: 26319K (55%)
ptolemy.util.test.WatchDog.cancel(): canceling Tue Dec 31 06:34:18 UTC 2019
------------------ testing $PTII/ptolemy/domains/de/test/auto/QueueAndServer.xml
auto.tcl: Setting watchdog for 200 seconds at Tue Dec 31 06:34:18 UTC 2019
6 ms. Memory: 48128K Free: 26663K (55%)
ptolemy.util.test.WatchDog.cancel(): canceling Tue Dec 31 06:34:18 UTC 2019
auto.tcl: Setting watchdog for 200 seconds at Tue Dec 31 06:34:18 UTC 2019
6 ms. Memory: 48128K Free: 25228K (52%)
ptolemy.util.test.WatchDog.cancel(): canceling Tue Dec 31 06:34:18 UTC 2019
------------------ testing $PTII/ptolemy/domains/de/test/auto/Records.xml
auto.tcl: Setting watchdog for 200 seconds at Tue Dec 31 06:34:18 UTC 2019
4 ms. Memory: 48128K Free: 29168K (61%)
ptolemy.util.test.WatchDog.cancel(): canceling Tue Dec 31 06:34:18 UTC 2019
auto.tcl: Setting watchdog for 200 seconds at Tue Dec 31 06:34:18 UTC 2019
3 ms. Memory: 48128K Free: 28718K (60%)
ptolemy.util.test.WatchDog.cancel(): canceling Tue Dec 31 06:34:18 UTC 2019
------------------ testing $PTII/ptolemy/domains/de/test/auto/ResetTransitionWithStartTime1.xml
auto.tcl: Setting watchdog for 200 seconds at Tue Dec 31 06:34:18 UTC 2019
6 ms. Memory: 48128K Free: 26125K (54%)
ptolemy.util.test.WatchDog.cancel(): canceling Tue Dec 31 06:34:18 UTC 2019
auto.tcl: Setting watchdog for 200 seconds at Tue Dec 31 06:34:18 UTC 2019
5 ms. Memory: 48128K Free: 23626K (49%)
ptolemy.util.test.WatchDog.cancel(): canceling Tue Dec 31 06:34:18 UTC 2019
------------------ testing $PTII/ptolemy/domains/de/test/auto/ResetTransitionWithStartTime2.xml
auto.tcl: Setting watchdog for 200 seconds at Tue Dec 31 06:34:18 UTC 2019
6 ms. Memory: 48128K Free: 26079K (54%)
ptolemy.util.test.WatchDog.cancel(): canceling Tue Dec 31 06:34:18 UTC 2019
auto.tcl: Setting watchdog for 200 seconds at Tue Dec 31 06:34:18 UTC 2019
6 ms. Memory: 48128K Free: 23573K (49%)
ptolemy.util.test.WatchDog.cancel(): canceling Tue Dec 31 06:34:18 UTC 2019
------------------ testing $PTII/ptolemy/domains/de/test/auto/ResetTransitionWithStartTime3.xml
auto.tcl: Setting watchdog for 200 seconds at Tue Dec 31 06:34:18 UTC 2019
6 ms. Memory: 48128K Free: 26200K (54%)
ptolemy.util.test.WatchDog.cancel(): canceling Tue Dec 31 06:34:18 UTC 2019
auto.tcl: Setting watchdog for 200 seconds at Tue Dec 31 06:34:18 UTC 2019
5 ms. Memory: 48128K Free: 24031K (50%)
ptolemy.util.test.WatchDog.cancel(): canceling Tue Dec 31 06:34:18 UTC 2019
------------------ testing $PTII/ptolemy/domains/de/test/auto/ResetTransitionWithStartTime4.xml
auto.tcl: Setting watchdog for 200 seconds at Tue Dec 31 06:34:18 UTC 2019
9 ms. Memory: 48128K Free: 26567K (55%)
ptolemy.util.test.WatchDog.cancel(): canceling Tue Dec 31 06:34:18 UTC 2019
auto.tcl: Setting watchdog for 200 seconds at Tue Dec 31 06:34:18 UTC 2019
4 ms. Memory: 48128K Free: 25185K (52%)
ptolemy.util.test.WatchDog.cancel(): canceling Tue Dec 31 06:34:18 UTC 2019
------------------ testing $PTII/ptolemy/domains/de/test/auto/ResettableTimer1.xml
auto.tcl: Setting watchdog for 200 seconds at Tue Dec 31 06:34:18 UTC 2019
3 ms. Memory: 48128K Free: 30621K (64%)
ptolemy.util.test.WatchDog.cancel(): canceling Tue Dec 31 06:34:18 UTC 2019
auto.tcl: Setting watchdog for 200 seconds at Tue Dec 31 06:34:18 UTC 2019
2 ms. Memory: 48128K Free: 29697K (62%)
ptolemy.util.test.WatchDog.cancel(): canceling Tue Dec 31 06:34:18 UTC 2019
------------------ testing $PTII/ptolemy/domains/de/test/auto/ResettableTimer2.xml
auto.tcl: Setting watchdog for 200 seconds at Tue Dec 31 06:34:18 UTC 2019
4 ms. Memory: 48128K Free: 30211K (63%)
ptolemy.util.test.WatchDog.cancel(): canceling Tue Dec 31 06:34:18 UTC 2019
auto.tcl: Setting watchdog for 200 seconds at Tue Dec 31 06:34:18 UTC 2019
2 ms. Memory: 48128K Free: 29308K (61%)
ptolemy.util.test.WatchDog.cancel(): canceling Tue Dec 31 06:34:18 UTC 2019
------------------ testing $PTII/ptolemy/domains/de/test/auto/ResettableTimer3.xml
auto.tcl: Setting watchdog for 200 seconds at Tue Dec 31 06:34:18 UTC 2019
1 ms. Memory: 48128K Free: 30272K (63%)
ptolemy.util.test.WatchDog.cancel(): canceling Tue Dec 31 06:34:18 UTC 2019
auto.tcl: Setting watchdog for 200 seconds at Tue Dec 31 06:34:18 UTC 2019
1 ms. Memory: 48128K Free: 30210K (63%)
ptolemy.util.test.WatchDog.cancel(): canceling Tue Dec 31 06:34:18 UTC 2019
------------------ testing $PTII/ptolemy/domains/de/test/auto/ResettableTimer4.xml
auto.tcl: Setting watchdog for 200 seconds at Tue Dec 31 06:34:18 UTC 2019
1 ms. Memory: 48128K Free: 30285K (63%)
ptolemy.util.test.WatchDog.cancel(): canceling Tue Dec 31 06:34:18 UTC 2019
auto.tcl: Setting watchdog for 200 seconds at Tue Dec 31 06:34:18 UTC 2019
1 ms. Memory: 48128K Free: 29788K (62%)
ptolemy.util.test.WatchDog.cancel(): canceling Tue Dec 31 06:34:18 UTC 2019
------------------ testing $PTII/ptolemy/domains/de/test/auto/ResettableTimer5.xml
auto.tcl: Setting watchdog for 200 seconds at Tue Dec 31 06:34:18 UTC 2019
2 ms. Memory: 48128K Free: 29702K (62%)
ptolemy.util.test.WatchDog.cancel(): canceling Tue Dec 31 06:34:18 UTC 2019
auto.tcl: Setting watchdog for 200 seconds at Tue Dec 31 06:34:18 UTC 2019
1 ms. Memory: 48128K Free: 29268K (61%)
ptolemy.util.test.WatchDog.cancel(): canceling Tue Dec 31 06:34:18 UTC 2019
------------------ testing $PTII/ptolemy/domains/de/test/auto/ResettableTimer6.xml
auto.tcl: Setting watchdog for 200 seconds at Tue Dec 31 06:34:18 UTC 2019
2 ms. Memory: 48128K Free: 29669K (62%)
ptolemy.util.test.WatchDog.cancel(): canceling Tue Dec 31 06:34:18 UTC 2019
auto.tcl: Setting watchdog for 200 seconds at Tue Dec 31 06:34:18 UTC 2019
1 ms. Memory: 48128K Free: 28752K (60%)
ptolemy.util.test.WatchDog.cancel(): canceling Tue Dec 31 06:34:18 UTC 2019
------------------ testing $PTII/ptolemy/domains/de/test/auto/ServerZeroDelay.xml
auto.tcl: Setting watchdog for 200 seconds at Tue Dec 31 06:34:18 UTC 2019
4 ms. Memory: 48128K Free: 30204K (63%)
ptolemy.util.test.WatchDog.cancel(): canceling Tue Dec 31 06:34:18 UTC 2019
auto.tcl: Setting watchdog for 200 seconds at Tue Dec 31 06:34:18 UTC 2019
3 ms. Memory: 48128K Free: 29279K (61%)
ptolemy.util.test.WatchDog.cancel(): canceling Tue Dec 31 06:34:19 UTC 2019
------------------ testing $PTII/ptolemy/domains/de/test/auto/SmartSender.xml
auto.tcl: Setting watchdog for 200 seconds at Tue Dec 31 06:34:19 UTC 2019
3001 ms. Memory: 48128K Free: 30237K (63%)
ptolemy.util.test.WatchDog.cancel(): canceling Tue Dec 31 06:34:22 UTC 2019
auto.tcl: Setting watchdog for 200 seconds at Tue Dec 31 06:34:22 UTC 2019
3003 ms. Memory: 48128K Free: 29762K (62%)
ptolemy.util.test.WatchDog.cancel(): canceling Tue Dec 31 06:34:25 UTC 2019
------------------ testing $PTII/ptolemy/domains/de/test/auto/ThreadedComposite.xml
auto.tcl: Setting watchdog for 200 seconds at Tue Dec 31 06:34:25 UTC 2019
274 ms. Memory: 48128K Free: 31857K (66%)
ptolemy.util.test.WatchDog.cancel(): canceling Tue Dec 31 06:34:25 UTC 2019
auto.tcl: Setting watchdog for 200 seconds at Tue Dec 31 06:34:25 UTC 2019
118 ms. Memory: 48128K Free: 18545K (39%)
ptolemy.util.test.WatchDog.cancel(): canceling Tue Dec 31 06:34:25 UTC 2019
------------------ testing $PTII/ptolemy/domains/de/test/auto/Time.xml
auto.tcl: Setting watchdog for 200 seconds at Tue Dec 31 06:34:25 UTC 2019
465 ms. Memory: 48128K Free: 30406K (63%)
ptolemy.util.test.WatchDog.cancel(): canceling Tue Dec 31 06:34:26 UTC 2019
auto.tcl: Setting watchdog for 200 seconds at Tue Dec 31 06:34:26 UTC 2019
439 ms. Memory: 48128K Free: 30428K (63%)
ptolemy.util.test.WatchDog.cancel(): canceling Tue Dec 31 06:34:26 UTC 2019
------------------ testing $PTII/ptolemy/domains/de/test/auto/TimeDelayZeroDelay.xml
auto.tcl: Setting watchdog for 200 seconds at Tue Dec 31 06:34:26 UTC 2019
2 ms. Memory: 48128K Free: 30637K (64%)
ptolemy.util.test.WatchDog.cancel(): canceling Tue Dec 31 06:34:26 UTC 2019
auto.tcl: Setting watchdog for 200 seconds at Tue Dec 31 06:34:26 UTC 2019
1 ms. Memory: 48128K Free: 29741K (62%)
ptolemy.util.test.WatchDog.cancel(): canceling Tue Dec 31 06:34:26 UTC 2019
------------------ testing $PTII/ptolemy/domains/de/test/auto/TimerZeroDelay.xml
auto.tcl: Setting watchdog for 200 seconds at Tue Dec 31 06:34:26 UTC 2019
2 ms. Memory: 48128K Free: 30566K (64%)
ptolemy.util.test.WatchDog.cancel(): canceling Tue Dec 31 06:34:26 UTC 2019
auto.tcl: Setting watchdog for 200 seconds at Tue Dec 31 06:34:26 UTC 2019
2 ms. Memory: 48128K Free: 29738K (62%)
ptolemy.util.test.WatchDog.cancel(): canceling Tue Dec 31 06:34:26 UTC 2019
------------------ testing $PTII/ptolemy/domains/de/test/auto/TimingParadox.xml
auto.tcl: Setting watchdog for 200 seconds at Tue Dec 31 06:34:26 UTC 2019
292 ms. Memory: 48128K Free: 13241K (28%)
ptolemy.util.test.WatchDog.cancel(): canceling Tue Dec 31 06:34:27 UTC 2019
auto.tcl: Setting watchdog for 200 seconds at Tue Dec 31 06:34:27 UTC 2019
278 ms. Memory: 48128K Free: 24633K (51%)
ptolemy.util.test.WatchDog.cancel(): canceling Tue Dec 31 06:34:27 UTC 2019
------------------ testing $PTII/ptolemy/domains/de/test/auto/TransferInputs.xml
auto.tcl: Setting watchdog for 200 seconds at Tue Dec 31 06:34:27 UTC 2019
2 ms. Memory: 48128K Free: 28638K (60%)
ptolemy.util.test.WatchDog.cancel(): canceling Tue Dec 31 06:34:27 UTC 2019
auto.tcl: Setting watchdog for 200 seconds at Tue Dec 31 06:34:27 UTC 2019
2 ms. Memory: 48128K Free: 27775K (58%)
ptolemy.util.test.WatchDog.cancel(): canceling Tue Dec 31 06:34:27 UTC 2019
------------------ testing $PTII/ptolemy/domains/de/test/auto/TransferOutputs2.xml
auto.tcl: Setting watchdog for 200 seconds at Tue Dec 31 06:34:27 UTC 2019
3 ms. Memory: 48128K Free: 26081K (54%)
ptolemy.util.test.WatchDog.cancel(): canceling Tue Dec 31 06:34:27 UTC 2019
auto.tcl: Setting watchdog for 200 seconds at Tue Dec 31 06:34:27 UTC 2019
3 ms. Memory: 48128K Free: 24676K (51%)
ptolemy.util.test.WatchDog.cancel(): canceling Tue Dec 31 06:34:27 UTC 2019
------------------ testing $PTII/ptolemy/domains/de/test/auto/Trilateration.xml
auto.tcl: Setting watchdog for 200 seconds at Tue Dec 31 06:34:27 UTC 2019
11963 ms. Memory: 465920K Free: 375853K (81%)
ptolemy.util.test.WatchDog.cancel(): canceling Tue Dec 31 06:34:40 UTC 2019
auto.tcl: Setting watchdog for 200 seconds at Tue Dec 31 06:34:40 UTC 2019
8987 ms. Memory: 465920K Free: 219774K (47%)
ptolemy.util.test.WatchDog.cancel(): canceling Tue Dec 31 06:34:49 UTC 2019
------------------ testing $PTII/ptolemy/domains/de/test/auto/TwoSigmaDelta.xml
auto.tcl: Setting watchdog for 200 seconds at Tue Dec 31 06:34:49 UTC 2019
2324 ms. Memory: 89088K Free: 61608K (69%)
ptolemy.util.test.WatchDog.cancel(): canceling Tue Dec 31 06:34:52 UTC 2019
auto.tcl: Setting watchdog for 200 seconds at Tue Dec 31 06:34:52 UTC 2019
1766 ms. Memory: 89088K Free: 59036K (66%)
ptolemy.util.test.WatchDog.cancel(): canceling Tue Dec 31 06:34:53 UTC 2019
------------------ testing $PTII/ptolemy/domains/de/test/auto/VariableDelay.xml
auto.tcl: Setting watchdog for 200 seconds at Tue Dec 31 06:34:53 UTC 2019
5 ms. Memory: 51200K Free: 32185K (63%)
ptolemy.util.test.WatchDog.cancel(): canceling Tue Dec 31 06:34:53 UTC 2019
auto.tcl: Setting watchdog for 200 seconds at Tue Dec 31 06:34:53 UTC 2019
2 ms. Memory: 51200K Free: 31191K (61%)
ptolemy.util.test.WatchDog.cancel(): canceling Tue Dec 31 06:34:53 UTC 2019
------------------ testing $PTII/ptolemy/domains/de/test/auto/VariableDelay2.xml
auto.tcl: Setting watchdog for 200 seconds at Tue Dec 31 06:34:54 UTC 2019
3 ms. Memory: 48128K Free: 29527K (61%)
ptolemy.util.test.WatchDog.cancel(): canceling Tue Dec 31 06:34:54 UTC 2019
auto.tcl: Setting watchdog for 200 seconds at Tue Dec 31 06:34:54 UTC 2019
2 ms. Memory: 48128K Free: 29031K (60%)
ptolemy.util.test.WatchDog.cancel(): canceling Tue Dec 31 06:34:54 UTC 2019
------------------ testing $PTII/ptolemy/domains/de/test/auto/VariableDelayZeroDelay.xml
auto.tcl: Setting watchdog for 200 seconds at Tue Dec 31 06:34:54 UTC 2019
2 ms. Memory: 48128K Free: 30054K (62%)
ptolemy.util.test.WatchDog.cancel(): canceling Tue Dec 31 06:34:54 UTC 2019
auto.tcl: Setting watchdog for 200 seconds at Tue Dec 31 06:34:54 UTC 2019
2 ms. Memory: 48128K Free: 29526K (61%)
ptolemy.util.test.WatchDog.cancel(): canceling Tue Dec 31 06:34:54 UTC 2019
------------------ testing $PTII/ptolemy/domains/de/test/auto/VariableDelayZeroDelay2.xml
auto.tcl: Setting watchdog for 200 seconds at Tue Dec 31 06:34:54 UTC 2019
3 ms. Memory: 48128K Free: 30053K (62%)
ptolemy.util.test.WatchDog.cancel(): canceling Tue Dec 31 06:34:54 UTC 2019
auto.tcl: Setting watchdog for 200 seconds at Tue Dec 31 06:34:54 UTC 2019
2 ms. Memory: 48128K Free: 29029K (60%)
ptolemy.util.test.WatchDog.cancel(): canceling Tue Dec 31 06:34:54 UTC 2019
------------------ testing $PTII/ptolemy/domains/de/test/auto/deInCt.xml
auto.tcl: Setting watchdog for 200 seconds at Tue Dec 31 06:34:54 UTC 2019
0
1
1
1
1
1
0
0
0
0
1
1
1
1
0
0
0
1
1
1
0
0
0
0
1
1
1
0
0
0
1
1
1
0
0
0
1
1
1
0
0
0
1
1
1
1
14 ms. Memory: 48128K Free: 29027K (60%)
ptolemy.util.test.WatchDog.cancel(): canceling Tue Dec 31 06:34:54 UTC 2019
auto.tcl: Setting watchdog for 200 seconds at Tue Dec 31 06:34:54 UTC 2019
0
1
1
1
0
0
0
0
0
1
1
1
0
0
0
0
1
1
1
0
0
0
1
1
1
1
1
0
0
1
1
1
1
8 ms. Memory: 48128K Free: 27489K (57%)
ptolemy.util.test.WatchDog.cancel(): canceling Tue Dec 31 06:34:54 UTC 2019
------------------ testing $PTII/ptolemy/domains/de/test/auto/deInCt2.xml
auto.tcl: Setting watchdog for 200 seconds at Tue Dec 31 06:34:54 UTC 2019
0
1
1
1
0
0
1
1
1
0
0
1
1
1
0
0
1
1
1
0
0
1
1
1
0
0
1
1
1
0
0
1
1
1
0
0
1
1
1
0
0
0
11 ms. Memory: 48128K Free: 29028K (60%)
ptolemy.util.test.WatchDog.cancel(): canceling Tue Dec 31 06:34:54 UTC 2019
auto.tcl: Setting watchdog for 200 seconds at Tue Dec 31 06:34:54 UTC 2019
0
1
1
1
0
0
1
1
1
0
0
1
1
1
0
0
1
1
1
0
0
1
1
1
0
0
1
1
1
0
0
1
1
1
0
0
1
1
1
0
0
0
11 ms. Memory: 48128K Free: 27484K (57%)
ptolemy.util.test.WatchDog.cancel(): canceling Tue Dec 31 06:34:54 UTC 2019
------------------ testing $PTII/ptolemy/domains/de/test/auto/dynamicCausalityInterface1.xml
auto.tcl: Setting watchdog for 200 seconds at Tue Dec 31 06:34:54 UTC 2019
1 ms. Memory: 48128K Free: 24926K (52%)
ptolemy.util.test.WatchDog.cancel(): canceling Tue Dec 31 06:34:54 UTC 2019
auto.tcl: Setting watchdog for 200 seconds at Tue Dec 31 06:34:54 UTC 2019
1 ms. Memory: 48128K Free: 24412K (51%)
ptolemy.util.test.WatchDog.cancel(): canceling Tue Dec 31 06:34:54 UTC 2019
------------------ testing $PTII/ptolemy/domains/de/test/auto/fsm_de_test.xml
auto.tcl: Setting watchdog for 200 seconds at Tue Dec 31 06:34:54 UTC 2019
12 ms. Memory: 48128K Free: 24825K (52%)
ptolemy.util.test.WatchDog.cancel(): canceling Tue Dec 31 06:34:54 UTC 2019
auto.tcl: Setting watchdog for 200 seconds at Tue Dec 31 06:34:54 UTC 2019
7 ms. Memory: 48128K Free: 22777K (47%)
ptolemy.util.test.WatchDog.cancel(): canceling Tue Dec 31 06:34:54 UTC 2019
------------------ testing $PTII/ptolemy/domains/de/test/auto/functionDependencyReconstruction.xml
auto.tcl: Setting watchdog for 200 seconds at Tue Dec 31 06:34:54 UTC 2019
2 ms. Memory: 48128K Free: 18670K (39%)
ptolemy.util.test.WatchDog.cancel(): canceling Tue Dec 31 06:34:54 UTC 2019
auto.tcl: Setting watchdog for 200 seconds at Tue Dec 31 06:34:54 UTC 2019
3 ms. Memory: 48128K Free: 16622K (35%)
ptolemy.util.test.WatchDog.cancel(): canceling Tue Dec 31 06:34:54 UTC 2019
------------------ testing $PTII/ptolemy/domains/de/test/auto/multirate.xml
auto.tcl: Setting watchdog for 200 seconds at Tue Dec 31 06:34:54 UTC 2019
3 ms. Memory: 48128K Free: 27485K (57%)
ptolemy.util.test.WatchDog.cancel(): canceling Tue Dec 31 06:34:54 UTC 2019
auto.tcl: Setting watchdog for 200 seconds at Tue Dec 31 06:34:54 UTC 2019
3 ms. Memory: 48128K Free: 25758K (54%)
ptolemy.util.test.WatchDog.cancel(): canceling Tue Dec 31 06:34:54 UTC 2019
------------------ testing $PTII/ptolemy/domains/de/test/auto/multirate2.xml
auto.tcl: Setting watchdog for 200 seconds at Tue Dec 31 06:34:54 UTC 2019
3 ms. Memory: 48128K Free: 27655K (57%)
ptolemy.util.test.WatchDog.cancel(): canceling Tue Dec 31 06:34:54 UTC 2019
auto.tcl: Setting watchdog for 200 seconds at Tue Dec 31 06:34:54 UTC 2019
3 ms. Memory: 48128K Free: 25915K (54%)
ptolemy.util.test.WatchDog.cancel(): canceling Tue Dec 31 06:34:54 UTC 2019
------------------ testing $PTII/ptolemy/domains/de/test/auto/realtime.xml
auto.tcl: Setting watchdog for 200 seconds at Tue Dec 31 06:34:54 UTC 2019
10001 ms. Memory: 48128K Free: 29686K (62%)
ptolemy.util.test.WatchDog.cancel(): canceling Tue Dec 31 06:35:04 UTC 2019
auto.tcl: Setting watchdog for 200 seconds at Tue Dec 31 06:35:04 UTC 2019
10001 ms. Memory: 48128K Free: 28971K (60%)
ptolemy.util.test.WatchDog.cancel(): canceling Tue Dec 31 06:35:14 UTC 2019
------------------ testing $PTII/ptolemy/domains/de/test/auto/relationGroup.xml
auto.tcl: Setting watchdog for 200 seconds at Tue Dec 31 06:35:14 UTC 2019
2 ms. Memory: 48128K Free: 30746K (64%)
ptolemy.util.test.WatchDog.cancel(): canceling Tue Dec 31 06:35:14 UTC 2019
auto.tcl: Setting watchdog for 200 seconds at Tue Dec 31 06:35:14 UTC 2019
1 ms. Memory: 48128K Free: 30021K (62%)
ptolemy.util.test.WatchDog.cancel(): canceling Tue Dec 31 06:35:14 UTC 2019
------------------ testing $PTII/ptolemy/domains/de/test/auto/relationGroup2.xml
auto.tcl: Setting watchdog for 200 seconds at Tue Dec 31 06:35:14 UTC 2019
2 ms. Memory: 48128K Free: 30811K (64%)
ptolemy.util.test.WatchDog.cancel(): canceling Tue Dec 31 06:35:14 UTC 2019
auto.tcl: Setting watchdog for 200 seconds at Tue Dec 31 06:35:14 UTC 2019
2 ms. Memory: 48128K Free: 30314K (63%)
ptolemy.util.test.WatchDog.cancel(): canceling Tue Dec 31 06:35:14 UTC 2019
------------------ testing $PTII/ptolemy/domains/de/test/auto/sortWithOpaquePorts.xml
auto.tcl: Setting watchdog for 200 seconds at Tue Dec 31 06:35:15 UTC 2019
2 ms. Memory: 48128K Free: 29550K (61%)
ptolemy.util.test.WatchDog.cancel(): canceling Tue Dec 31 06:35:15 UTC 2019
auto.tcl: Setting watchdog for 200 seconds at Tue Dec 31 06:35:15 UTC 2019
2 ms. Memory: 48128K Free: 28533K (59%)
ptolemy.util.test.WatchDog.cancel(): canceling Tue Dec 31 06:35:15 UTC 2019
------------------ testing $PTII/ptolemy/domains/de/test/auto/transferInputsandOutputs.xml
auto.tcl: Setting watchdog for 200 seconds at Tue Dec 31 06:35:15 UTC 2019
3 ms. Memory: 48128K Free: 26994K (56%)
ptolemy.util.test.WatchDog.cancel(): canceling Tue Dec 31 06:35:15 UTC 2019
auto.tcl: Setting watchdog for 200 seconds at Tue Dec 31 06:35:15 UTC 2019
3 ms. Memory: 48128K Free: 26015K (54%)
ptolemy.util.test.WatchDog.cancel(): canceling Tue Dec 31 06:35:15 UTC 2019
------------------ testing $PTII/ptolemy/domains/de/test/auto/triggerType.xml
auto.tcl: Setting watchdog for 200 seconds at Tue Dec 31 06:35:15 UTC 2019
2 ms. Memory: 48128K Free: 30018K (62%)
ptolemy.util.test.WatchDog.cancel(): canceling Tue Dec 31 06:35:15 UTC 2019
auto.tcl: Setting watchdog for 200 seconds at Tue Dec 31 06:35:15 UTC 2019
2 ms. Memory: 48128K Free: 29016K (60%)
ptolemy.util.test.WatchDog.cancel(): canceling Tue Dec 31 06:35:15 UTC 2019
12/31/19 06:35:15
Failed: 0  Total Tests: 192  ((Passed: 187, Newly Passed: 1)  Known Failed: 5) /home/travis/build/icyphy/ptII/ptolemy/domains/de/test
12/31/19 06:35:15
Failed: 0  Total Tests: 192  ((Passed: 187, Newly Passed: 1)  Known Failed: 5) /home/travis/build/icyphy/ptII/ptolemy/domains/de/test
----------------- testing (KnownFailure) /home/travis/build/icyphy/ptII/ptolemy/domains/de/test/auto/knownFailedTests/DESDFClockTest.xml
2012 ms. Memory: 48128K Free: 22904K (48%)
Known Failure: java.lang.reflect.InvocationTargetException
----------------- testing (KnownFailure) /home/travis/build/icyphy/ptII/ptolemy/domains/de/test/auto/knownFailedTests/DirectFeedback.xml
2 ms. Memory: 48128K Free: 19318K (40%)
Known Failure: java.lang.reflect.InvocationTargetException
----------------- testing (KnownFailure) /home/travis/build/icyphy/ptII/ptolemy/domains/de/test/auto/knownFailedTests/FSMSource.xml
7 ms. Memory: 48128K Free: 11640K (24%)
----------------- testing (KnownFailure) /home/travis/build/icyphy/ptII/ptolemy/domains/de/test/auto/knownFailedTests/HierarchicalModel.xml
2 ms. Memory: 48128K Free: 21519K (45%)
Known Failure: java.lang.reflect.InvocationTargetException
----------------- testing (KnownFailure) /home/travis/build/icyphy/ptII/ptolemy/domains/de/test/auto/knownFailedTests/dependencyLoop.xml
6 ms. Memory: 48128K Free: 31897K (66%)
Known Failure: java.lang.reflect.InvocationTargetException
----------------- testing (KnownFailure) /home/travis/build/icyphy/ptII/ptolemy/domains/de/test/auto/knownFailedTests/dependencyLoop2.xml
2 ms. Memory: 48128K Free: 16523K (34%)
Known Failure: java.lang.reflect.InvocationTargetException
No auto/linux-amd64/*.xml tests in /home/travis/build/icyphy/ptII/ptolemy/domains/de/test
AutoTests.java: About to close Vertx.
AutoTests.java: Vertx closed.

===========================================================================================
----------------- testing Tue Dec 31 06:35:17 UTC 2019 /home/travis/build/icyphy/ptII/ptolemy/domains/de/test/auto/ActorDepthCalculation_actorWithoutPorts.xml
----------------- Instantiating /home/travis/build/icyphy/ptII/ptolemy/domains/de/test/auto/ActorDepthCalculation_actorWithoutPorts.xml
3 ms. Memory: 48128K Free: 9969K (21%)
----------------- Invoking toplevel() on ptolemy.moml.MoMLSimpleApplication@5e7c048
----------------- Done invoking toplevel() on ptolemy.moml.MoMLSimpleApplication@5e7c048
reloadAllAccessors: .ActorDepthCalculation_actorWithoutPorts

===========================================================================================
----------------- testing Tue Dec 31 06:35:17 UTC 2019 /home/travis/build/icyphy/ptII/ptolemy/domains/de/test/auto/AssemblyLine.xml
----------------- Instantiating /home/travis/build/icyphy/ptII/ptolemy/domains/de/test/auto/AssemblyLine.xml
1 ms. Memory: 48128K Free: 28401K (59%)
----------------- Invoking toplevel() on ptolemy.moml.MoMLSimpleApplication@7cfbe68d
----------------- Done invoking toplevel() on ptolemy.moml.MoMLSimpleApplication@7cfbe68d
reloadAllAccessors: .AssemblyLine

===========================================================================================
----------------- testing Tue Dec 31 06:35:17 UTC 2019 /home/travis/build/icyphy/ptII/ptolemy/domains/de/test/auto/CQBug1.xml
----------------- Instantiating /home/travis/build/icyphy/ptII/ptolemy/domains/de/test/auto/CQBug1.xml
0 ms. Memory: 48128K Free: 25617K (53%)
----------------- Invoking toplevel() on ptolemy.moml.MoMLSimpleApplication@477e584d
----------------- Done invoking toplevel() on ptolemy.moml.MoMLSimpleApplication@477e584d
reloadAllAccessors: .CQBug1

===========================================================================================
----------------- testing Tue Dec 31 06:35:17 UTC 2019 /home/travis/build/icyphy/ptII/ptolemy/domains/de/test/auto/CancelFireAt.xml
----------------- Instantiating /home/travis/build/icyphy/ptII/ptolemy/domains/de/test/auto/CancelFireAt.xml
12 ms. Memory: 48128K Free: 23241K (48%)
----------------- Invoking toplevel() on ptolemy.moml.MoMLSimpleApplication@15ebfc72
----------------- Done invoking toplevel() on ptolemy.moml.MoMLSimpleApplication@15ebfc72
reloadAllAccessors: .CancelFireAt

===========================================================================================
----------------- testing Tue Dec 31 06:35:17 UTC 2019 /home/travis/build/icyphy/ptII/ptolemy/domains/de/test/auto/CausalityAndComposabilityAnalysis.xml
----------------- Instantiating /home/travis/build/icyphy/ptII/ptolemy/domains/de/test/auto/CausalityAndComposabilityAnalysis.xml
2 ms. Memory: 48128K Free: 19153K (40%)
----------------- Invoking toplevel() on ptolemy.moml.MoMLSimpleApplication@70eb7eef
----------------- Done invoking toplevel() on ptolemy.moml.MoMLSimpleApplication@70eb7eef
reloadAllAccessors: .CausalityAndComposabilityAnalysis

===========================================================================================
----------------- testing Tue Dec 31 06:35:17 UTC 2019 /home/travis/build/icyphy/ptII/ptolemy/domains/de/test/auto/CausalityInterface1.xml
----------------- Instantiating /home/travis/build/icyphy/ptII/ptolemy/domains/de/test/auto/CausalityInterface1.xml
5 ms. Memory: 48128K Free: 14095K (29%)
----------------- Invoking toplevel() on ptolemy.moml.MoMLSimpleApplication@212c24a5
----------------- Done invoking toplevel() on ptolemy.moml.MoMLSimpleApplication@212c24a5
reloadAllAccessors: .CausalityInterface1

===========================================================================================
----------------- testing Tue Dec 31 06:35:17 UTC 2019 /home/travis/build/icyphy/ptII/ptolemy/domains/de/test/auto/CausalityInterface15.xml
----------------- Instantiating /home/travis/build/icyphy/ptII/ptolemy/domains/de/test/auto/CausalityInterface15.xml
2 ms. Memory: 48128K Free: 8641K (18%)
----------------- Invoking toplevel() on ptolemy.moml.MoMLSimpleApplication@23ed0ced
----------------- Done invoking toplevel() on ptolemy.moml.MoMLSimpleApplication@23ed0ced
reloadAllAccessors: .CausalityInterface15

===========================================================================================
----------------- testing Tue Dec 31 06:35:17 UTC 2019 /home/travis/build/icyphy/ptII/ptolemy/domains/de/test/auto/CausalityInterface2.xml
----------------- Instantiating /home/travis/build/icyphy/ptII/ptolemy/domains/de/test/auto/CausalityInterface2.xml
1 ms. Memory: 48128K Free: 29796K (62%)
[...]
	at ptolemy.actor.Manager.run(Manager.java:1263)
	at ptolemy.actor.Manager$PtolemyRunThread.run(Manager.java:1933)
java.lang.RuntimeException: Execution failed
	at ptolemy.moml.MoMLSimpleApplication$UnloadThread.run(MoMLSimpleApplication.java:402)
Caused by: ptolemy.kernel.util.IllegalActionException: Actor is not ready to fire.  Perhaps UpSample.prefire() returned false? Try debugging the actor by selecting "Listen to Actor".  Also, for SDF check moml for tokenConsumptionRate on input.
  in .DESDFClockTest.Play Bell.Copy1:SDF Director and .DESDFClockTest.Play Bell.UpSample
	at ptolemy.actor.sched.StaticSchedulingDirector.fire(StaticSchedulingDirector.java:227)
	at ptolemy.domains.sdf.kernel.SDFDirector.fire(SDFDirector.java:500)
	at ptolemy.actor.CompositeActor.fire(CompositeActor.java:455)
	at ptolemy.domains.de.kernel.DEDirector._fire(DEDirector.java:1949)
	at ptolemy.domains.de.kernel.DEDirector.fire(DEDirector.java:502)
	at ptolemy.actor.CompositeActor.fire(CompositeActor.java:455)
	at ptolemy.actor.Manager.iterate(Manager.java:851)
	at ptolemy.actor.Manager.execute(Manager.java:369)
	at ptolemy.actor.Manager.run(Manager.java:1263)
	at ptolemy.actor.Manager$PtolemyRunThread.run(Manager.java:1933)
java.lang.reflect.InvocationTargetException
	at java.base/jdk.internal.reflect.NativeConstructorAccessorImpl.newInstance0(Native Method)
	at java.base/jdk.internal.reflect.NativeConstructorAccessorImpl.newInstance(NativeConstructorAccessorImpl.java:62)
	at java.base/jdk.internal.reflect.DelegatingConstructorAccessorImpl.newInstance(DelegatingConstructorAccessorImpl.java:45)
	at java.base/java.lang.reflect.Constructor.newInstance(Constructor.java:490)
	at ptolemy.util.test.junit.AutoKnownFailedTests.RunModel(AutoKnownFailedTests.java:105)
	at java.base/jdk.internal.reflect.NativeMethodAccessorImpl.invoke0(Native Method)
	at java.base/jdk.internal.reflect.NativeMethodAccessorImpl.invoke(NativeMethodAccessorImpl.java:62)
	at java.base/jdk.internal.reflect.DelegatingMethodAccessorImpl.invoke(DelegatingMethodAccessorImpl.java:43)
	at java.base/java.lang.reflect.Method.invoke(Method.java:566)
	at org.junit.runners.model.FrameworkMethod$1.runReflectiveCall(FrameworkMethod.java:44)
	at org.junit.internal.runners.model.ReflectiveCallable.run(ReflectiveCallable.java:15)
	at org.junit.runners.model.FrameworkMethod.invokeExplosively(FrameworkMethod.java:41)
	at junitparams.internal.InvokeParameterisedMethod.evaluate(InvokeParameterisedMethod.java:102)
	at org.junit.internal.runners.statements.FailOnTimeout$1.run(FailOnTimeout.java:28)
Caused by: ptolemy.kernel.util.IllegalActionException: Actor is not ready to fire.  Perhaps UpSample.prefire() returned false? Try debugging the actor by selecting "Listen to Actor".  Also, for SDF check moml for tokenConsumptionRate on input.
  in .DESDFClockTest.Play Bell.Copy1:SDF Director and .DESDFClockTest.Play Bell.UpSample
	at ptolemy.actor.sched.StaticSchedulingDirector.fire(StaticSchedulingDirector.java:227)
	at ptolemy.domains.sdf.kernel.SDFDirector.fire(SDFDirector.java:500)
	at ptolemy.actor.CompositeActor.fire(CompositeActor.java:455)
	at ptolemy.domains.de.kernel.DEDirector._fire(DEDirector.java:1949)
	at ptolemy.domains.de.kernel.DEDirector.fire(DEDirector.java:502)
	at ptolemy.actor.CompositeActor.fire(CompositeActor.java:455)
	at ptolemy.actor.Manager.iterate(Manager.java:851)
	at ptolemy.actor.Manager.execute(Manager.java:369)
	at ptolemy.actor.Manager.run(Manager.java:1263)
	at ptolemy.actor.Manager$PtolemyRunThread.run(Manager.java:1933)
java.lang.RuntimeException: Execution failed
	at ptolemy.moml.MoMLSimpleApplication$UnloadThread.run(MoMLSimpleApplication.java:402)
Caused by: ptolemy.kernel.util.IllegalActionException: Test fails in iteration 1.
Value was: 1.0. Should have been: 2.0
  in .DirectFeedback.Test
	at ptolemy.actor.lib.Test.fire(Test.java:268)
	at ptolemy.domains.de.kernel.DEDirector._fire(DEDirector.java:1949)
	at ptolemy.domains.de.kernel.DEDirector.fire(DEDirector.java:502)
	at ptolemy.actor.CompositeActor.fire(CompositeActor.java:455)
	at ptolemy.actor.Manager.iterate(Manager.java:851)
	at ptolemy.actor.Manager.execute(Manager.java:369)
	at ptolemy.actor.Manager.run(Manager.java:1263)
	at ptolemy.actor.Manager$PtolemyRunThread.run(Manager.java:1933)
java.lang.reflect.InvocationTargetException
	at java.base/jdk.internal.reflect.NativeConstructorAccessorImpl.newInstance0(Native Method)
	at java.base/jdk.internal.reflect.NativeConstructorAccessorImpl.newInstance(NativeConstructorAccessorImpl.java:62)
	at java.base/jdk.internal.reflect.DelegatingConstructorAccessorImpl.newInstance(DelegatingConstructorAccessorImpl.java:45)
	at java.base/java.lang.reflect.Constructor.newInstance(Constructor.java:490)
	at ptolemy.util.test.junit.AutoKnownFailedTests.RunModel(AutoKnownFailedTests.java:105)
	at java.base/jdk.internal.reflect.NativeMethodAccessorImpl.invoke0(Native Method)
	at java.base/jdk.internal.reflect.NativeMethodAccessorImpl.invoke(NativeMethodAccessorImpl.java:62)
	at java.base/jdk.internal.reflect.DelegatingMethodAccessorImpl.invoke(DelegatingMethodAccessorImpl.java:43)
	at java.base/java.lang.reflect.Method.invoke(Method.java:566)
	at org.junit.runners.model.FrameworkMethod$1.runReflectiveCall(FrameworkMethod.java:44)
	at org.junit.internal.runners.model.ReflectiveCallable.run(ReflectiveCallable.java:15)
	at org.junit.runners.model.FrameworkMethod.invokeExplosively(FrameworkMethod.java:41)
	at junitparams.internal.InvokeParameterisedMethod.evaluate(InvokeParameterisedMethod.java:102)
	at org.junit.internal.runners.statements.FailOnTimeout$1.run(FailOnTimeout.java:28)
Caused by: ptolemy.kernel.util.IllegalActionException: Test fails in iteration 1.
Value was: 1.0. Should have been: 2.0
  in .DirectFeedback.Test
	at ptolemy.actor.lib.Test.fire(Test.java:268)
	at ptolemy.domains.de.kernel.DEDirector._fire(DEDirector.java:1949)
	at ptolemy.domains.de.kernel.DEDirector.fire(DEDirector.java:502)
	at ptolemy.actor.CompositeActor.fire(CompositeActor.java:455)
	at ptolemy.actor.Manager.iterate(Manager.java:851)
	at ptolemy.actor.Manager.execute(Manager.java:369)
	at ptolemy.actor.Manager.run(Manager.java:1263)
	at ptolemy.actor.Manager$PtolemyRunThread.run(Manager.java:1933)
java.lang.RuntimeException: Execution failed
	at ptolemy.moml.MoMLSimpleApplication$UnloadThread.run(MoMLSimpleApplication.java:402)
Caused by: ptolemy.kernel.util.IllegalActionException: Found a zero delay loop containing .HierarchicalModel.A
  in .HierarchicalModel and .HierarchicalModel.A
	at ptolemy.actor.util.CausalityInterfaceForComposites._computeOutputPortDepth(CausalityInterfaceForComposites.java:759)
	at ptolemy.actor.util.CausalityInterfaceForComposites._computeInputDepth(CausalityInterfaceForComposites.java:696)
	at ptolemy.actor.util.CausalityInterfaceForComposites._computeOutputPortDepth(CausalityInterfaceForComposites.java:765)
	at ptolemy.actor.util.CausalityInterfaceForComposites._computeInputDepth(CausalityInterfaceForComposites.java:696)
	at ptolemy.actor.util.CausalityInterfaceForComposites._computeOutputPortDepth(CausalityInterfaceForComposites.java:765)
	at ptolemy.actor.util.CausalityInterfaceForComposites._computeInputDepth(CausalityInterfaceForComposites.java:696)
	at ptolemy.actor.util.CausalityInterfaceForComposites._computeActorDepth(CausalityInterfaceForComposites.java:532)
	at ptolemy.actor.util.CausalityInterfaceForComposites.checkForCycles(CausalityInterfaceForComposites.java:96)
	at ptolemy.domains.de.kernel.DEDirector.preinitialize(DEDirector.java:1338)
	at ptolemy.actor.CompositeActor.preinitialize(CompositeActor.java:1828)
	at ptolemy.actor.Manager.preinitializeAndResolveTypes(Manager.java:1040)
	at ptolemy.actor.Manager.initialize(Manager.java:710)
	at ptolemy.actor.Manager.execute(Manager.java:356)
	at ptolemy.actor.Manager.run(Manager.java:1263)
	at ptolemy.actor.Manager$PtolemyRunThread.run(Manager.java:1933)
java.lang.reflect.InvocationTargetException
	at java.base/jdk.internal.reflect.NativeConstructorAccessorImpl.newInstance0(Native Method)
	at java.base/jdk.internal.reflect.NativeConstructorAccessorImpl.newInstance(NativeConstructorAccessorImpl.java:62)
	at java.base/jdk.internal.reflect.DelegatingConstructorAccessorImpl.newInstance(DelegatingConstructorAccessorImpl.java:45)
	at java.base/java.lang.reflect.Constructor.newInstance(Constructor.java:490)
	at ptolemy.util.test.junit.AutoKnownFailedTests.RunModel(AutoKnownFailedTests.java:105)
	at java.base/jdk.internal.reflect.NativeMethodAccessorImpl.invoke0(Native Method)
	at java.base/jdk.internal.reflect.NativeMethodAccessorImpl.invoke(NativeMethodAccessorImpl.java:62)
	at java.base/jdk.internal.reflect.DelegatingMethodAccessorImpl.invoke(DelegatingMethodAccessorImpl.java:43)
	at java.base/java.lang.reflect.Method.invoke(Method.java:566)
	at org.junit.runners.model.FrameworkMethod$1.runReflectiveCall(FrameworkMethod.java:44)
	at org.junit.internal.runners.model.ReflectiveCallable.run(ReflectiveCallable.java:15)
	at org.junit.runners.model.FrameworkMethod.invokeExplosively(FrameworkMethod.java:41)
	at junitparams.internal.InvokeParameterisedMethod.evaluate(InvokeParameterisedMethod.java:102)
	at org.junit.internal.runners.statements.FailOnTimeout$1.run(FailOnTimeout.java:28)
Caused by: ptolemy.kernel.util.IllegalActionException: Found a zero delay loop containing .HierarchicalModel.A
  in .HierarchicalModel and .HierarchicalModel.A
	at ptolemy.actor.util.CausalityInterfaceForComposites._computeOutputPortDepth(CausalityInterfaceForComposites.java:759)
	at ptolemy.actor.util.CausalityInterfaceForComposites._computeInputDepth(CausalityInterfaceForComposites.java:696)
	at ptolemy.actor.util.CausalityInterfaceForComposites._computeOutputPortDepth(CausalityInterfaceForComposites.java:765)
	at ptolemy.actor.util.CausalityInterfaceForComposites._computeInputDepth(CausalityInterfaceForComposites.java:696)
	at ptolemy.actor.util.CausalityInterfaceForComposites._computeOutputPortDepth(CausalityInterfaceForComposites.java:765)
	at ptolemy.actor.util.CausalityInterfaceForComposites._computeInputDepth(CausalityInterfaceForComposites.java:696)
	at ptolemy.actor.util.CausalityInterfaceForComposites._computeActorDepth(CausalityInterfaceForComposites.java:532)
	at ptolemy.actor.util.CausalityInterfaceForComposites.checkForCycles(CausalityInterfaceForComposites.java:96)
	at ptolemy.domains.de.kernel.DEDirector.preinitialize(DEDirector.java:1338)
	at ptolemy.actor.CompositeActor.preinitialize(CompositeActor.java:1828)
	at ptolemy.actor.Manager.preinitializeAndResolveTypes(Manager.java:1040)
	at ptolemy.actor.Manager.initialize(Manager.java:710)
	at ptolemy.actor.Manager.execute(Manager.java:356)
	at ptolemy.actor.Manager.run(Manager.java:1263)
	at ptolemy.actor.Manager$PtolemyRunThread.run(Manager.java:1933)
java.lang.RuntimeException: Execution failed
	at ptolemy.moml.MoMLSimpleApplication$UnloadThread.run(MoMLSimpleApplication.java:402)
Caused by: ptolemy.kernel.util.IllegalActionException: Found a zero delay loop containing .dependencyLoop.original
  in .dependencyLoop and .dependencyLoop.original
	at ptolemy.actor.util.CausalityInterfaceForComposites._computeOutputPortDepth(CausalityInterfaceForComposites.java:759)
	at ptolemy.actor.util.CausalityInterfaceForComposites._computeInputDepth(CausalityInterfaceForComposites.java:696)
	at ptolemy.actor.util.CausalityInterfaceForComposites._computeOutputPortDepth(CausalityInterfaceForComposites.java:765)
	at ptolemy.actor.util.CausalityInterfaceForComposites._computeInputDepth(CausalityInterfaceForComposites.java:696)
	at ptolemy.actor.util.CausalityInterfaceForComposites._computeOutputPortDepth(CausalityInterfaceForComposites.java:765)
	at ptolemy.actor.util.CausalityInterfaceForComposites._computeInputDepth(CausalityInterfaceForComposites.java:696)
	at ptolemy.actor.util.CausalityInterfaceForComposites._computeActorDepth(CausalityInterfaceForComposites.java:532)
	at ptolemy.actor.util.CausalityInterfaceForComposites.checkForCycles(CausalityInterfaceForComposites.java:96)
	at ptolemy.domains.de.kernel.DEDirector.preinitialize(DEDirector.java:1338)
	at ptolemy.actor.CompositeActor.preinitialize(CompositeActor.java:1828)
	at ptolemy.actor.Manager.preinitializeAndResolveTypes(Manager.java:1040)
	at ptolemy.actor.Manager.initialize(Manager.java:710)
	at ptolemy.actor.Manager.execute(Manager.java:356)
	at ptolemy.actor.Manager.run(Manager.java:1263)
	at ptolemy.actor.Manager$PtolemyRunThread.run(Manager.java:1933)
java.lang.reflect.InvocationTargetException
	at java.base/jdk.internal.reflect.NativeConstructorAccessorImpl.newInstance0(Native Method)
	at java.base/jdk.internal.reflect.NativeConstructorAccessorImpl.newInstance(NativeConstructorAccessorImpl.java:62)
	at java.base/jdk.internal.reflect.DelegatingConstructorAccessorImpl.newInstance(DelegatingConstructorAccessorImpl.java:45)
	at java.base/java.lang.reflect.Constructor.newInstance(Constructor.java:490)
	at ptolemy.util.test.junit.AutoKnownFailedTests.RunModel(AutoKnownFailedTests.java:105)
	at java.base/jdk.internal.reflect.NativeMethodAccessorImpl.invoke0(Native Method)
	at java.base/jdk.internal.reflect.NativeMethodAccessorImpl.invoke(NativeMethodAccessorImpl.java:62)
	at java.base/jdk.internal.reflect.DelegatingMethodAccessorImpl.invoke(DelegatingMethodAccessorImpl.java:43)
	at java.base/java.lang.reflect.Method.invoke(Method.java:566)
	at org.junit.runners.model.FrameworkMethod$1.runReflectiveCall(FrameworkMethod.java:44)
	at org.junit.internal.runners.model.ReflectiveCallable.run(ReflectiveCallable.java:15)
	at org.junit.runners.model.FrameworkMethod.invokeExplosively(FrameworkMethod.java:41)
	at junitparams.internal.InvokeParameterisedMethod.evaluate(InvokeParameterisedMethod.java:102)
	at org.junit.internal.runners.statements.FailOnTimeout$1.run(FailOnTimeout.java:28)
Caused by: ptolemy.kernel.util.IllegalActionException: Found a zero delay loop containing .dependencyLoop.original
  in .dependencyLoop and .dependencyLoop.original
	at ptolemy.actor.util.CausalityInterfaceForComposites._computeOutputPortDepth(CausalityInterfaceForComposites.java:759)
	at ptolemy.actor.util.CausalityInterfaceForComposites._computeInputDepth(CausalityInterfaceForComposites.java:696)
	at ptolemy.actor.util.CausalityInterfaceForComposites._computeOutputPortDepth(CausalityInterfaceForComposites.java:765)
	at ptolemy.actor.util.CausalityInterfaceForComposites._computeInputDepth(CausalityInterfaceForComposites.java:696)
	at ptolemy.actor.util.CausalityInterfaceForComposites._computeOutputPortDepth(CausalityInterfaceForComposites.java:765)
	at ptolemy.actor.util.CausalityInterfaceForComposites._computeInputDepth(CausalityInterfaceForComposites.java:696)
	at ptolemy.actor.util.CausalityInterfaceForComposites._computeActorDepth(CausalityInterfaceForComposites.java:532)
	at ptolemy.actor.util.CausalityInterfaceForComposites.checkForCycles(CausalityInterfaceForComposites.java:96)
	at ptolemy.domains.de.kernel.DEDirector.preinitialize(DEDirector.java:1338)
	at ptolemy.actor.CompositeActor.preinitialize(CompositeActor.java:1828)
	at ptolemy.actor.Manager.preinitializeAndResolveTypes(Manager.java:1040)
	at ptolemy.actor.Manager.initialize(Manager.java:710)
	at ptolemy.actor.Manager.execute(Manager.java:356)
	at ptolemy.actor.Manager.run(Manager.java:1263)
	at ptolemy.actor.Manager$PtolemyRunThread.run(Manager.java:1933)
java.lang.RuntimeException: Execution failed
	at ptolemy.moml.MoMLSimpleApplication$UnloadThread.run(MoMLSimpleApplication.java:402)
Caused by: ptolemy.kernel.util.IllegalActionException: Found a zero delay loop containing .dependencyLoop2.original
  in .dependencyLoop2 and .dependencyLoop2.original
	at ptolemy.actor.util.CausalityInterfaceForComposites._computeOutputPortDepth(CausalityInterfaceForComposites.java:759)
	at ptolemy.actor.util.CausalityInterfaceForComposites._computeInputDepth(CausalityInterfaceForComposites.java:696)
	at ptolemy.actor.util.CausalityInterfaceForComposites._computeOutputPortDepth(CausalityInterfaceForComposites.java:765)
	at ptolemy.actor.util.CausalityInterfaceForComposites._computeInputDepth(CausalityInterfaceForComposites.java:696)
	at ptolemy.actor.util.CausalityInterfaceForComposites._computeOutputPortDepth(CausalityInterfaceForComposites.java:765)
	at ptolemy.actor.util.CausalityInterfaceForComposites._computeInputDepth(CausalityInterfaceForComposites.java:696)
	at ptolemy.actor.util.CausalityInterfaceForComposites._computeActorDepth(CausalityInterfaceForComposites.java:532)
	at ptolemy.actor.util.CausalityInterfaceForComposites.checkForCycles(CausalityInterfaceForComposites.java:96)
	at ptolemy.domains.de.kernel.DEDirector.preinitialize(DEDirector.java:1338)
	at ptolemy.actor.CompositeActor.preinitialize(CompositeActor.java:1828)
	at ptolemy.actor.Manager.preinitializeAndResolveTypes(Manager.java:1040)
	at ptolemy.actor.Manager.initialize(Manager.java:710)
	at ptolemy.actor.Manager.execute(Manager.java:356)
	at ptolemy.actor.Manager.run(Manager.java:1263)
	at ptolemy.actor.Manager$PtolemyRunThread.run(Manager.java:1933)
java.lang.reflect.InvocationTargetException
	at java.base/jdk.internal.reflect.NativeConstructorAccessorImpl.newInstance0(Native Method)
	at java.base/jdk.internal.reflect.NativeConstructorAccessorImpl.newInstance(NativeConstructorAccessorImpl.java:62)
	at java.base/jdk.internal.reflect.DelegatingConstructorAccessorImpl.newInstance(DelegatingConstructorAccessorImpl.java:45)
	at java.base/java.lang.reflect.Constructor.newInstance(Constructor.java:490)
	at ptolemy.util.test.junit.AutoKnownFailedTests.RunModel(AutoKnownFailedTests.java:105)
	at java.base/jdk.internal.reflect.NativeMethodAccessorImpl.invoke0(Native Method)
	at java.base/jdk.internal.reflect.NativeMethodAccessorImpl.invoke(NativeMethodAccessorImpl.java:62)
	at java.base/jdk.internal.reflect.DelegatingMethodAccessorImpl.invoke(DelegatingMethodAccessorImpl.java:43)
	at java.base/java.lang.reflect.Method.invoke(Method.java:566)
	at org.junit.runners.model.FrameworkMethod$1.runReflectiveCall(FrameworkMethod.java:44)
	at org.junit.internal.runners.model.ReflectiveCallable.run(ReflectiveCallable.java:15)
	at org.junit.runners.model.FrameworkMethod.invokeExplosively(FrameworkMethod.java:41)
	at junitparams.internal.InvokeParameterisedMethod.evaluate(InvokeParameterisedMethod.java:102)
	at org.junit.internal.runners.statements.FailOnTimeout$1.run(FailOnTimeout.java:28)
Caused by: ptolemy.kernel.util.IllegalActionException: Found a zero delay loop containing .dependencyLoop2.original
  in .dependencyLoop2 and .dependencyLoop2.original
	at ptolemy.actor.util.CausalityInterfaceForComposites._computeOutputPortDepth(CausalityInterfaceForComposites.java:759)
	at ptolemy.actor.util.CausalityInterfaceForComposites._computeInputDepth(CausalityInterfaceForComposites.java:696)
	at ptolemy.actor.util.CausalityInterfaceForComposites._computeOutputPortDepth(CausalityInterfaceForComposites.java:765)
	at ptolemy.actor.util.CausalityInterfaceForComposites._computeInputDepth(CausalityInterfaceForComposites.java:696)
	at ptolemy.actor.util.CausalityInterfaceForComposites._computeOutputPortDepth(CausalityInterfaceForComposites.java:765)
	at ptolemy.actor.util.CausalityInterfaceForComposites._computeInputDepth(CausalityInterfaceForComposites.java:696)
	at ptolemy.actor.util.CausalityInterfaceForComposites._computeActorDepth(CausalityInterfaceForComposites.java:532)
	at ptolemy.actor.util.CausalityInterfaceForComposites.checkForCycles(CausalityInterfaceForComposites.java:96)
	at ptolemy.domains.de.kernel.DEDirector.preinitialize(DEDirector.java:1338)
	at ptolemy.actor.CompositeActor.preinitialize(CompositeActor.java:1828)
	at ptolemy.actor.Manager.preinitializeAndResolveTypes(Manager.java:1040)
	at ptolemy.actor.Manager.initialize(Manager.java:710)
	at ptolemy.actor.Manager.execute(Manager.java:356)
	at ptolemy.actor.Manager.run(Manager.java:1263)
	at ptolemy.actor.Manager$PtolemyRunThread.run(Manager.java:1933)
]]></system-err>
</testsuite>
