<?xml version="1.0" encoding="UTF-8" ?>
<testsuite errors="0" failures="0" hostname="travis-job-c3a7089a-79e8-4dd7-bc45-02403a944cec" name="ptolemy.domains.de.test.junit.JUnitTclTest" skipped="0" tests="101" time="131.324" timestamp="2019-03-28T06:39:43">
  <properties>
[...]
</properties>
  <testcase classname="ptolemy.util.test.junit.TclTests" name="[0] /home/travis/build/icyphy/ptII/ptolemy/domains/de/test/DependencyLoop.tcl (RunTclFile)" time="0.757" />
  <testcase classname="ptolemy.util.test.junit.TclTests" name="[1] /home/travis/build/icyphy/ptII/ptolemy/domains/de/test/RunDETestsAsQSS.tcl (RunTclFile)" time="90.539" />
  <testcase classname="ptolemy.util.test.junit.AutoKnownFailedTests" name="[0] /home/travis/build/icyphy/ptII/ptolemy/domains/de/test/auto/knownFailedTests/DESDFClockTest.xml (RunModel)" time="2.043" />
  <testcase classname="ptolemy.util.test.junit.AutoKnownFailedTests" name="[1] /home/travis/build/icyphy/ptII/ptolemy/domains/de/test/auto/knownFailedTests/DirectFeedback.xml (RunModel)" time="0.014" />
  <testcase classname="ptolemy.util.test.junit.AutoKnownFailedTests" name="[2] /home/travis/build/icyphy/ptII/ptolemy/domains/de/test/auto/knownFailedTests/FSMSource.xml (RunModel)" time="0.032" />
  <testcase classname="ptolemy.util.test.junit.AutoKnownFailedTests" name="[3] /home/travis/build/icyphy/ptII/ptolemy/domains/de/test/auto/knownFailedTests/HierarchicalModel.xml (RunModel)" time="0.054" />
  <testcase classname="ptolemy.util.test.junit.AutoKnownFailedTests" name="[4] /home/travis/build/icyphy/ptII/ptolemy/domains/de/test/auto/knownFailedTests/dependencyLoop.xml (RunModel)" time="0.039" />
  <testcase classname="ptolemy.util.test.junit.AutoKnownFailedTests" name="[5] /home/travis/build/icyphy/ptII/ptolemy/domains/de/test/auto/knownFailedTests/dependencyLoop2.xml (RunModel)" time="0.049" />
  <testcase classname="ptolemy.util.test.junit.AutoNameArchTests" name="[0] ThereAreNoAutoArchTests (RunModel)" time="0.0" />
  <testcase classname="ptolemy.util.test.junit.AutoTests" name="[0] /home/travis/build/icyphy/ptII/ptolemy/domains/de/test/auto/ActorDepthCalculation_actorWithoutPorts.xml (RunModel)" time="0.017" />
  <testcase classname="ptolemy.util.test.junit.AutoTests" name="[1] /home/travis/build/icyphy/ptII/ptolemy/domains/de/test/auto/AssemblyLine.xml (RunModel)" time="0.024" />
  <testcase classname="ptolemy.util.test.junit.AutoTests" name="[2] /home/travis/build/icyphy/ptII/ptolemy/domains/de/test/auto/CQBug1.xml (RunModel)" time="0.008" />
  <testcase classname="ptolemy.util.test.junit.AutoTests" name="[3] /home/travis/build/icyphy/ptII/ptolemy/domains/de/test/auto/CancelFireAt.xml (RunModel)" time="0.006" />
  <testcase classname="ptolemy.util.test.junit.AutoTests" name="[4] /home/travis/build/icyphy/ptII/ptolemy/domains/de/test/auto/CausalityAndComposabilityAnalysis.xml (RunModel)" time="0.012" />
  <testcase classname="ptolemy.util.test.junit.AutoTests" name="[5] /home/travis/build/icyphy/ptII/ptolemy/domains/de/test/auto/CausalityInterface1.xml (RunModel)" time="0.013" />
  <testcase classname="ptolemy.util.test.junit.AutoTests" name="[6] /home/travis/build/icyphy/ptII/ptolemy/domains/de/test/auto/CausalityInterface15.xml (RunModel)" time="0.013" />
  <testcase classname="ptolemy.util.test.junit.AutoTests" name="[7] /home/travis/build/icyphy/ptII/ptolemy/domains/de/test/auto/CausalityInterface2.xml (RunModel)" time="0.013" />
  <testcase classname="ptolemy.util.test.junit.AutoTests" name="[8] /home/travis/build/icyphy/ptII/ptolemy/domains/de/test/auto/CausalityInterface3.xml (RunModel)" time="0.015" />
  <testcase classname="ptolemy.util.test.junit.AutoTests" name="[9] /home/travis/build/icyphy/ptII/ptolemy/domains/de/test/auto/ClockDrift.xml (RunModel)" time="0.031" />
  <testcase classname="ptolemy.util.test.junit.AutoTests" name="[10] /home/travis/build/icyphy/ptII/ptolemy/domains/de/test/auto/ClockDriftAndValueChange.xml (RunModel)" time="0.032" />
  <testcase classname="ptolemy.util.test.junit.AutoTests" name="[11] /home/travis/build/icyphy/ptII/ptolemy/domains/de/test/auto/ClockDriftChange.xml (RunModel)" time="0.028" />
  <testcase classname="ptolemy.util.test.junit.AutoTests" name="[12] /home/travis/build/icyphy/ptII/ptolemy/domains/de/test/auto/ComposableCausalityAnalysis.xml (RunModel)" time="0.013" />
  <testcase classname="ptolemy.util.test.junit.AutoTests" name="[13] /home/travis/build/icyphy/ptII/ptolemy/domains/de/test/auto/DEFixedPointLimitation.xml (RunModel)" time="0.007" />
  <testcase classname="ptolemy.util.test.junit.AutoTests" name="[14] /home/travis/build/icyphy/ptII/ptolemy/domains/de/test/auto/DEScheduleTest.xml (RunModel)" time="0.008" />
  <testcase classname="ptolemy.util.test.junit.AutoTests" name="[15] /home/travis/build/icyphy/ptII/ptolemy/domains/de/test/auto/DEinDEwithStartTimes.xml (RunModel)" time="0.009" />
  <testcase classname="ptolemy.util.test.junit.AutoTests" name="[16] /home/travis/build/icyphy/ptII/ptolemy/domains/de/test/auto/DEinDEwithStartTimes2.xml (RunModel)" time="0.018" />
  <testcase classname="ptolemy.util.test.junit.AutoTests" name="[17] /home/travis/build/icyphy/ptII/ptolemy/domains/de/test/auto/DateDemo.xml (RunModel)" time="0.03" />
  <testcase classname="ptolemy.util.test.junit.AutoTests" name="[18] /home/travis/build/icyphy/ptII/ptolemy/domains/de/test/auto/DateToEvent.xml (RunModel)" time="2.03" />
  <testcase classname="ptolemy.util.test.junit.AutoTests" name="[19] /home/travis/build/icyphy/ptII/ptolemy/domains/de/test/auto/DepthTest1.xml (RunModel)" time="0.013" />
  <testcase classname="ptolemy.util.test.junit.AutoTests" name="[20] /home/travis/build/icyphy/ptII/ptolemy/domains/de/test/auto/DepthTest2.xml (RunModel)" time="0.018" />
  <testcase classname="ptolemy.util.test.junit.AutoTests" name="[21] /home/travis/build/icyphy/ptII/ptolemy/domains/de/test/auto/DepthTest3.xml (RunModel)" time="0.009" />
  <testcase classname="ptolemy.util.test.junit.AutoTests" name="[22] /home/travis/build/icyphy/ptII/ptolemy/domains/de/test/auto/DepthTest4.xml (RunModel)" time="0.012" />
  <testcase classname="ptolemy.util.test.junit.AutoTests" name="[23] /home/travis/build/icyphy/ptII/ptolemy/domains/de/test/auto/DepthTest5.xml (RunModel)" time="0.015" />
  <testcase classname="ptolemy.util.test.junit.AutoTests" name="[24] /home/travis/build/icyphy/ptII/ptolemy/domains/de/test/auto/DepthTest6.xml (RunModel)" time="0.012" />
  <testcase classname="ptolemy.util.test.junit.AutoTests" name="[25] /home/travis/build/icyphy/ptII/ptolemy/domains/de/test/auto/DepthTest7.xml (RunModel)" time="0.011" />
  <testcase classname="ptolemy.util.test.junit.AutoTests" name="[26] /home/travis/build/icyphy/ptII/ptolemy/domains/de/test/auto/EventToDate.xml (RunModel)" time="3.033" />
  <testcase classname="ptolemy.util.test.junit.AutoTests" name="[27] /home/travis/build/icyphy/ptII/ptolemy/domains/de/test/auto/FSM1.xml (RunModel)" time="0.035" />
  <testcase classname="ptolemy.util.test.junit.AutoTests" name="[28] /home/travis/build/icyphy/ptII/ptolemy/domains/de/test/auto/FSM7.xml (RunModel)" time="0.03" />
  <testcase classname="ptolemy.util.test.junit.AutoTests" name="[29] /home/travis/build/icyphy/ptII/ptolemy/domains/de/test/auto/Inspection.xml (RunModel)" time="0.036" />
  <testcase classname="ptolemy.util.test.junit.AutoTests" name="[30] /home/travis/build/icyphy/ptII/ptolemy/domains/de/test/auto/Iteration.xml (RunModel)" time="0.019" />
  <testcase classname="ptolemy.util.test.junit.AutoTests" name="[31] /home/travis/build/icyphy/ptII/ptolemy/domains/de/test/auto/LineFault.xml (RunModel)" time="0.586" />
  <testcase classname="ptolemy.util.test.junit.AutoTests" name="[32] /home/travis/build/icyphy/ptII/ptolemy/domains/de/test/auto/MergeModel1Add.xml (RunModel)" time="0.051" />
  <testcase classname="ptolemy.util.test.junit.AutoTests" name="[33] /home/travis/build/icyphy/ptII/ptolemy/domains/de/test/auto/MergeModel2Add.xml (RunModel)" time="0.038" />
  <testcase classname="ptolemy.util.test.junit.AutoTests" name="[34] /home/travis/build/icyphy/ptII/ptolemy/domains/de/test/auto/MergeModel3Add.xml (RunModel)" time="0.038" />
  <testcase classname="ptolemy.util.test.junit.AutoTests" name="[35] /home/travis/build/icyphy/ptII/ptolemy/domains/de/test/auto/MergeWithoutDiscard.xml (RunModel)" time="0.01" />
  <testcase classname="ptolemy.util.test.junit.AutoTests" name="[36] /home/travis/build/icyphy/ptII/ptolemy/domains/de/test/auto/Modal1.xml (RunModel)" time="0.029" />
  <testcase classname="ptolemy.util.test.junit.AutoTests" name="[37] /home/travis/build/icyphy/ptII/ptolemy/domains/de/test/auto/Modal2.xml (RunModel)" time="0.025" />
  <testcase classname="ptolemy.util.test.junit.AutoTests" name="[38] /home/travis/build/icyphy/ptII/ptolemy/domains/de/test/auto/Modal3.xml (RunModel)" time="0.032" />
  <testcase classname="ptolemy.util.test.junit.AutoTests" name="[39] /home/travis/build/icyphy/ptII/ptolemy/domains/de/test/auto/Modal4.xml (RunModel)" time="0.032" />
  <testcase classname="ptolemy.util.test.junit.AutoTests" name="[40] /home/travis/build/icyphy/ptII/ptolemy/domains/de/test/auto/Modal5.xml (RunModel)" time="0.026" />
  <testcase classname="ptolemy.util.test.junit.AutoTests" name="[41] /home/travis/build/icyphy/ptII/ptolemy/domains/de/test/auto/Modal6.xml (RunModel)" time="0.026" />
  <testcase classname="ptolemy.util.test.junit.AutoTests" name="[42] /home/travis/build/icyphy/ptII/ptolemy/domains/de/test/auto/Modal7.xml (RunModel)" time="0.03" />
  <testcase classname="ptolemy.util.test.junit.AutoTests" name="[43] /home/travis/build/icyphy/ptII/ptolemy/domains/de/test/auto/ModalModel.xml (RunModel)" time="0.152" />
  <testcase classname="ptolemy.util.test.junit.AutoTests" name="[44] /home/travis/build/icyphy/ptII/ptolemy/domains/de/test/auto/ModalSource.xml (RunModel)" time="0.018" />
  <testcase classname="ptolemy.util.test.junit.AutoTests" name="[45] /home/travis/build/icyphy/ptII/ptolemy/domains/de/test/auto/NonInterruptibleTimerZeroDelay.xml (RunModel)" time="0.011" />
  <testcase classname="ptolemy.util.test.junit.AutoTests" name="[46] /home/travis/build/icyphy/ptII/ptolemy/domains/de/test/auto/OpenQueueingNetwork.xml (RunModel)" time="2.151" />
  <testcase classname="ptolemy.util.test.junit.AutoTests" name="[47] /home/travis/build/icyphy/ptII/ptolemy/domains/de/test/auto/OpenQueuingNetwork.xml (RunModel)" time="0.264" />
  <testcase classname="ptolemy.util.test.junit.AutoTests" name="[48] /home/travis/build/icyphy/ptII/ptolemy/domains/de/test/auto/PeriodicSampler.xml (RunModel)" time="0.008" />
  <testcase classname="ptolemy.util.test.junit.AutoTests" name="[49] /home/travis/build/icyphy/ptII/ptolemy/domains/de/test/auto/PersistentIO.xml (RunModel)" time="0.017" />
  <testcase classname="ptolemy.util.test.junit.AutoTests" name="[50] /home/travis/build/icyphy/ptII/ptolemy/domains/de/test/auto/PortParameterResetOnInitialize.xml (RunModel)" time="0.009" />
  <testcase classname="ptolemy.util.test.junit.AutoTests" name="[51] /home/travis/build/icyphy/ptII/ptolemy/domains/de/test/auto/PortParameterUpdates.xml (RunModel)" time="0.018" />
  <testcase classname="ptolemy.util.test.junit.AutoTests" name="[52] /home/travis/build/icyphy/ptII/ptolemy/domains/de/test/auto/QueueAndServer.xml (RunModel)" time="0.019" />
  <testcase classname="ptolemy.util.test.junit.AutoTests" name="[53] /home/travis/build/icyphy/ptII/ptolemy/domains/de/test/auto/Records.xml (RunModel)" time="0.014" />
  <testcase classname="ptolemy.util.test.junit.AutoTests" name="[54] /home/travis/build/icyphy/ptII/ptolemy/domains/de/test/auto/ResetTransitionWithStartTime1.xml (RunModel)" time="0.017" />
  <testcase classname="ptolemy.util.test.junit.AutoTests" name="[55] /home/travis/build/icyphy/ptII/ptolemy/domains/de/test/auto/ResetTransitionWithStartTime2.xml (RunModel)" time="0.02" />
  <testcase classname="ptolemy.util.test.junit.AutoTests" name="[56] /home/travis/build/icyphy/ptII/ptolemy/domains/de/test/auto/ResetTransitionWithStartTime3.xml (RunModel)" time="0.019" />
  <testcase classname="ptolemy.util.test.junit.AutoTests" name="[57] /home/travis/build/icyphy/ptII/ptolemy/domains/de/test/auto/ResetTransitionWithStartTime4.xml (RunModel)" time="0.02" />
  <testcase classname="ptolemy.util.test.junit.AutoTests" name="[58] /home/travis/build/icyphy/ptII/ptolemy/domains/de/test/auto/ResettableTimer1.xml (RunModel)" time="0.011" />
  <testcase classname="ptolemy.util.test.junit.AutoTests" name="[59] /home/travis/build/icyphy/ptII/ptolemy/domains/de/test/auto/ResettableTimer2.xml (RunModel)" time="0.01" />
  <testcase classname="ptolemy.util.test.junit.AutoTests" name="[60] /home/travis/build/icyphy/ptII/ptolemy/domains/de/test/auto/ResettableTimer3.xml (RunModel)" time="0.008" />
  <testcase classname="ptolemy.util.test.junit.AutoTests" name="[61] /home/travis/build/icyphy/ptII/ptolemy/domains/de/test/auto/ResettableTimer4.xml (RunModel)" time="0.009" />
  <testcase classname="ptolemy.util.test.junit.AutoTests" name="[62] /home/travis/build/icyphy/ptII/ptolemy/domains/de/test/auto/ResettableTimer5.xml (RunModel)" time="0.009" />
  <testcase classname="ptolemy.util.test.junit.AutoTests" name="[63] /home/travis/build/icyphy/ptII/ptolemy/domains/de/test/auto/ResettableTimer6.xml (RunModel)" time="0.017" />
  <testcase classname="ptolemy.util.test.junit.AutoTests" name="[64] /home/travis/build/icyphy/ptII/ptolemy/domains/de/test/auto/ServerZeroDelay.xml (RunModel)" time="0.013" />
  <testcase classname="ptolemy.util.test.junit.AutoTests" name="[65] /home/travis/build/icyphy/ptII/ptolemy/domains/de/test/auto/SmartSender.xml (RunModel)" time="3.011" />
  <testcase classname="ptolemy.util.test.junit.AutoTests" name="[66] /home/travis/build/icyphy/ptII/ptolemy/domains/de/test/auto/ThreadedComposite.xml (RunModel)" time="0.333" />
  <testcase classname="ptolemy.util.test.junit.AutoTests" name="[67] /home/travis/build/icyphy/ptII/ptolemy/domains/de/test/auto/Time.xml (RunModel)" time="0.419" />
  <testcase classname="ptolemy.util.test.junit.AutoTests" name="[68] /home/travis/build/icyphy/ptII/ptolemy/domains/de/test/auto/TimeDelayZeroDelay.xml (RunModel)" time="0.012" />
  <testcase classname="ptolemy.util.test.junit.AutoTests" name="[69] /home/travis/build/icyphy/ptII/ptolemy/domains/de/test/auto/TimerZeroDelay.xml (RunModel)" time="0.01" />
  <testcase classname="ptolemy.util.test.junit.AutoTests" name="[70] /home/travis/build/icyphy/ptII/ptolemy/domains/de/test/auto/TimingParadox.xml (RunModel)" time="0.34" />
  <testcase classname="ptolemy.util.test.junit.AutoTests" name="[71] /home/travis/build/icyphy/ptII/ptolemy/domains/de/test/auto/TransferInputs.xml (RunModel)" time="0.013" />
  <testcase classname="ptolemy.util.test.junit.AutoTests" name="[72] /home/travis/build/icyphy/ptII/ptolemy/domains/de/test/auto/TransferOutputs2.xml (RunModel)" time="0.015" />
  <testcase classname="ptolemy.util.test.junit.AutoTests" name="[73] /home/travis/build/icyphy/ptII/ptolemy/domains/de/test/auto/Trilateration.xml (RunModel)" time="11.666" />
  <testcase classname="ptolemy.util.test.junit.AutoTests" name="[74] /home/travis/build/icyphy/ptII/ptolemy/domains/de/test/auto/TwoSigmaDelta.xml (RunModel)" time="2.093" />
  <testcase classname="ptolemy.util.test.junit.AutoTests" name="[75] /home/travis/build/icyphy/ptII/ptolemy/domains/de/test/auto/VariableDelay.xml (RunModel)" time="0.016" />
  <testcase classname="ptolemy.util.test.junit.AutoTests" name="[76] /home/travis/build/icyphy/ptII/ptolemy/domains/de/test/auto/VariableDelay2.xml (RunModel)" time="0.009" />
  <testcase classname="ptolemy.util.test.junit.AutoTests" name="[77] /home/travis/build/icyphy/ptII/ptolemy/domains/de/test/auto/VariableDelayZeroDelay.xml (RunModel)" time="0.01" />
  <testcase classname="ptolemy.util.test.junit.AutoTests" name="[78] /home/travis/build/icyphy/ptII/ptolemy/domains/de/test/auto/VariableDelayZeroDelay2.xml (RunModel)" time="0.013" />
  <testcase classname="ptolemy.util.test.junit.AutoTests" name="[79] /home/travis/build/icyphy/ptII/ptolemy/domains/de/test/auto/deInCt.xml (RunModel)" time="0.015" />
  <testcase classname="ptolemy.util.test.junit.AutoTests" name="[80] /home/travis/build/icyphy/ptII/ptolemy/domains/de/test/auto/deInCt2.xml (RunModel)" time="0.014" />
  <testcase classname="ptolemy.util.test.junit.AutoTests" name="[81] /home/travis/build/icyphy/ptII/ptolemy/domains/de/test/auto/dynamicCausalityInterface1.xml (RunModel)" time="0.018" />
  <testcase classname="ptolemy.util.test.junit.AutoTests" name="[82] /home/travis/build/icyphy/ptII/ptolemy/domains/de/test/auto/fsm_de_test.xml (RunModel)" time="0.029" />
  <testcase classname="ptolemy.util.test.junit.AutoTests" name="[83] /home/travis/build/icyphy/ptII/ptolemy/domains/de/test/auto/functionDependencyReconstruction.xml (RunModel)" time="0.031" />
  <testcase classname="ptolemy.util.test.junit.AutoTests" name="[84] /home/travis/build/icyphy/ptII/ptolemy/domains/de/test/auto/multirate.xml (RunModel)" time="0.015" />
  <testcase classname="ptolemy.util.test.junit.AutoTests" name="[85] /home/travis/build/icyphy/ptII/ptolemy/domains/de/test/auto/multirate2.xml (RunModel)" time="0.015" />
  <testcase classname="ptolemy.util.test.junit.AutoTests" name="[86] /home/travis/build/icyphy/ptII/ptolemy/domains/de/test/auto/realtime.xml (RunModel)" time="10.016" />
  <testcase classname="ptolemy.util.test.junit.AutoTests" name="[87] /home/travis/build/icyphy/ptII/ptolemy/domains/de/test/auto/relationGroup.xml (RunModel)" time="0.012" />
  <testcase classname="ptolemy.util.test.junit.AutoTests" name="[88] /home/travis/build/icyphy/ptII/ptolemy/domains/de/test/auto/relationGroup2.xml (RunModel)" time="0.014" />
  <testcase classname="ptolemy.util.test.junit.AutoTests" name="[89] /home/travis/build/icyphy/ptII/ptolemy/domains/de/test/auto/sortWithOpaquePorts.xml (RunModel)" time="0.01" />
  <testcase classname="ptolemy.util.test.junit.AutoTests" name="[90] /home/travis/build/icyphy/ptII/ptolemy/domains/de/test/auto/transferInputsandOutputs.xml (RunModel)" time="0.026" />
  <testcase classname="ptolemy.util.test.junit.AutoTests" name="[91] /home/travis/build/icyphy/ptII/ptolemy/domains/de/test/auto/triggerType.xml (RunModel)" time="0.01" />
  <system-out><![CDATA[/home/travis/build/icyphy/ptII/ptolemy/domains/de/test/DependencyLoop.tcl
testDefs.tcl: setting time out to 9000 seconds at Thu Mar 28 06:39:43 UTC 2019
17 ms. Memory: 116224K Free: 97635K (84%)
14 ms. Memory: 146944K Free: 141134K (96%)
/home/travis/build/icyphy/ptII/ptolemy/domains/de/test/RunDETestsAsQSS.tcl
Run the DE tests using ptolemy.domains.qss.test.QSSDirectorTest, which extends QSSDirector and prints a message in the constructors.
------------------ testing $PTII/ptolemy/domains/de/test/auto/knownFailedTests/dependencyLoop.xml (Known Failure) 
11 ms. Memory: 146944K Free: 136888K (93%)


==== $PTIIhome/travis/build/icyphy/ptII/ptolemy/domains/de/test/../../../../: Auto Automatic test in file $PTII/ptolemy/domains/de/test/auto/knownFailedTests/dependencyLoop.xml
==== Contents of test case:

	    # FIXME: we should use $relativeFilename here, but it
	    # might have backslashes under Windows, which causes no end
	    # of trouble.
	    createAndExecute $file
	    list {}
	
.... Test generated KNOWN error:
    while executing
ptolemy.kernel.util.IllegalActionException: Found a zero delay loop containing .dependencyLoop.original
  in .dependencyLoop and .dependencyLoop.original
	at ptolemy.actor.util.CausalityInterfaceForComposites._computeOutputPortDepth(CausalityInterfaceForComposites.java:759)
	at ptolemy.actor.util.CausalityInterfaceForComposites._computeInputDepth(CausalityInterfaceForComposites.java:696)
	at ptolemy.actor.util.CausalityInterfaceForComposites._computeOutputPortDepth(CausalityInterfaceForComposites.java:765)
	at ptolemy.actor.util.CausalityInterfaceForComposites._computeInputDepth(CausalityInterfaceForComposites.java:696)
	at ptolemy.actor.util.CausalityInterfaceForComposites._computeOutputPortDepth(CausalityInterfaceForComposites.java:765)
	at ptolemy.actor.util.CausalityInterfaceForComposites._computeInputDepth(CausalityInterfaceForComposites.java:696)
	at ptolemy.actor.util.CausalityInterfaceForComposites._computeActorDepth(CausalityInterfaceForComposites.java:532)
	at ptolemy.actor.util.CausalityInterfaceForComposites.checkForCycles(CausalityInterfaceForComposites.java:96)
	at ptolemy.domains.de.kernel.DEDirector.preinitialize(DEDirector.java:1338)
	at ptolemy.actor.CompositeActor.preinitialize(CompositeActor.java:1828)
	at ptolemy.actor.Manager.preinitializeAndResolveTypes(Manager.java:1040)
	at ptolemy.actor.Manager.initialize(Manager.java:710)
	at ptolemy.actor.Manager.execute(Manager.java:356)
	at ptolemy.actor.Manager.run(Manager.java:1263)
	at ptolemy.actor.Manager$PtolemyRunThread.run(Manager.java:1915)

    while executing
ptolemy.kernel.util.IllegalActionException: Found a zero delay loop containing .dependencyLoop.original
  in .dependencyLoop and .dependencyLoop.original
    while executing
"java::new ptolemy.moml.MoMLSimpleApplication $file
"
    (procedure "createAndExecute" line 2)
    invoked from within
"createAndExecute $file"
    ("uplevel" body line 5)
    invoked from within
"uplevel $contents_of_test"
------------------ testing $PTII/ptolemy/domains/de/test/auto/knownFailedTests/DESDFClockTest.xml (Known Failure) 
2095 ms. Memory: 146944K Free: 121325K (83%)


==== $PTIIhome/travis/build/icyphy/ptII/ptolemy/domains/de/test/../../../../: Auto Automatic test in file $PTII/ptolemy/domains/de/test/auto/knownFailedTests/DESDFClockTest.xml
==== Contents of test case:

	    # FIXME: we should use $relativeFilename here, but it
	    # might have backslashes under Windows, which causes no end
	    # of trouble.
	    createAndExecute $file
	    list {}
	
.... Test generated KNOWN error:
    while executing
ptolemy.kernel.util.IllegalActionException: Actor is not ready to fire.  Perhaps UpSample.prefire() returned false? Try debugging the actor by selecting "Listen to Actor".  Also, for SDF check moml for tokenConsumptionRate on input.
  in .DESDFClockTest.Play Bell.Copy1:SDF Director and .DESDFClockTest.Play Bell.UpSample
	at ptolemy.actor.sched.StaticSchedulingDirector.fire(StaticSchedulingDirector.java:227)
	at ptolemy.domains.sdf.kernel.SDFDirector.fire(SDFDirector.java:500)
	at ptolemy.actor.CompositeActor.fire(CompositeActor.java:455)
	at ptolemy.domains.de.kernel.DEDirector._fire(DEDirector.java:1949)
	at ptolemy.domains.de.kernel.DEDirector.fire(DEDirector.java:502)
	at ptolemy.actor.CompositeActor.fire(CompositeActor.java:455)
	at ptolemy.actor.Manager.iterate(Manager.java:851)
	at ptolemy.actor.Manager.execute(Manager.java:369)
	at ptolemy.actor.Manager.run(Manager.java:1263)
	at ptolemy.actor.Manager$PtolemyRunThread.run(Manager.java:1915)

    while executing
ptolemy.kernel.util.IllegalActionException: Actor is not ready to fire.  Perhaps UpSample.prefire() returned false? Try debugging the actor by selecting "Listen to Actor".  Also, for SDF check moml for tokenConsumptionRate on input.
  in .DESDFClockTest.Play Bell.Copy1:SDF Director and .DESDFClockTest.Play Bell.UpSample
    while executing
"java::new ptolemy.moml.MoMLSimpleApplication $file
"
    (procedure "createAndExecute" line 2)
    invoked from within
"createAndExecute $file"
    ("uplevel" body line 5)
    invoked from within
"uplevel $contents_of_test"
------------------ testing $PTII/ptolemy/domains/de/test/auto/knownFailedTests/FSMSource.xml (Known Failure) 
46 ms. Memory: 146944K Free: 112473K (77%)
!!!! Auto was marked as failing, but now passes
------------------ testing $PTII/ptolemy/domains/de/test/auto/knownFailedTests/dependencyLoop2.xml (Known Failure) 
5 ms. Memory: 146944K Free: 110589K (75%)


==== $PTIIhome/travis/build/icyphy/ptII/ptolemy/domains/de/test/../../../../: Auto Automatic test in file $PTII/ptolemy/domains/de/test/auto/knownFailedTests/dependencyLoop2.xml
==== Contents of test case:

	    # FIXME: we should use $relativeFilename here, but it
	    # might have backslashes under Windows, which causes no end
	    # of trouble.
	    createAndExecute $file
	    list {}
	
.... Test generated KNOWN error:
    while executing
ptolemy.kernel.util.IllegalActionException: Found a zero delay loop containing .dependencyLoop2.original
  in .dependencyLoop2 and .dependencyLoop2.original
	at ptolemy.actor.util.CausalityInterfaceForComposites._computeOutputPortDepth(CausalityInterfaceForComposites.java:759)
	at ptolemy.actor.util.CausalityInterfaceForComposites._computeInputDepth(CausalityInterfaceForComposites.java:696)
	at ptolemy.actor.util.CausalityInterfaceForComposites._computeOutputPortDepth(CausalityInterfaceForComposites.java:765)
	at ptolemy.actor.util.CausalityInterfaceForComposites._computeInputDepth(CausalityInterfaceForComposites.java:696)
	at ptolemy.actor.util.CausalityInterfaceForComposites._computeOutputPortDepth(CausalityInterfaceForComposites.java:765)
	at ptolemy.actor.util.CausalityInterfaceForComposites._computeInputDepth(CausalityInterfaceForComposites.java:696)
	at ptolemy.actor.util.CausalityInterfaceForComposites._computeActorDepth(CausalityInterfaceForComposites.java:532)
	at ptolemy.actor.util.CausalityInterfaceForComposites.checkForCycles(CausalityInterfaceForComposites.java:96)
	at ptolemy.domains.de.kernel.DEDirector.preinitialize(DEDirector.java:1338)
	at ptolemy.actor.CompositeActor.preinitialize(CompositeActor.java:1828)
	at ptolemy.actor.Manager.preinitializeAndResolveTypes(Manager.java:1040)
	at ptolemy.actor.Manager.initialize(Manager.java:710)
	at ptolemy.actor.Manager.execute(Manager.java:356)
	at ptolemy.actor.Manager.run(Manager.java:1263)
	at ptolemy.actor.Manager$PtolemyRunThread.run(Manager.java:1915)

    while executing
ptolemy.kernel.util.IllegalActionException: Found a zero delay loop containing .dependencyLoop2.original
  in .dependencyLoop2 and .dependencyLoop2.original
    while executing
"java::new ptolemy.moml.MoMLSimpleApplication $file
"
    (procedure "createAndExecute" line 2)
    invoked from within
"createAndExecute $file"
    ("uplevel" body line 5)
    invoked from within
"uplevel $contents_of_test"
------------------ testing $PTII/ptolemy/domains/de/test/auto/knownFailedTests/HierarchicalModel.xml (Known Failure) 
9 ms. Memory: 146944K Free: 90460K (62%)


==== $PTIIhome/travis/build/icyphy/ptII/ptolemy/domains/de/test/../../../../: Auto Automatic test in file $PTII/ptolemy/domains/de/test/auto/knownFailedTests/HierarchicalModel.xml
==== Contents of test case:

	    # FIXME: we should use $relativeFilename here, but it
	    # might have backslashes under Windows, which causes no end
	    # of trouble.
	    createAndExecute $file
	    list {}
	
.... Test generated KNOWN error:
    while executing
ptolemy.kernel.util.IllegalActionException: Found a zero delay loop containing .HierarchicalModel.A
  in .HierarchicalModel and .HierarchicalModel.A
	at ptolemy.actor.util.CausalityInterfaceForComposites._computeOutputPortDepth(CausalityInterfaceForComposites.java:759)
	at ptolemy.actor.util.CausalityInterfaceForComposites._computeInputDepth(CausalityInterfaceForComposites.java:696)
	at ptolemy.actor.util.CausalityInterfaceForComposites._computeOutputPortDepth(CausalityInterfaceForComposites.java:765)
	at ptolemy.actor.util.CausalityInterfaceForComposites._computeInputDepth(CausalityInterfaceForComposites.java:696)
	at ptolemy.actor.util.CausalityInterfaceForComposites._computeOutputPortDepth(CausalityInterfaceForComposites.java:765)
	at ptolemy.actor.util.CausalityInterfaceForComposites._computeInputDepth(CausalityInterfaceForComposites.java:696)
	at ptolemy.actor.util.CausalityInterfaceForComposites._computeActorDepth(CausalityInterfaceForComposites.java:532)
	at ptolemy.actor.util.CausalityInterfaceForComposites.checkForCycles(CausalityInterfaceForComposites.java:96)
	at ptolemy.domains.de.kernel.DEDirector.preinitialize(DEDirector.java:1338)
	at ptolemy.actor.CompositeActor.preinitialize(CompositeActor.java:1828)
	at ptolemy.actor.Manager.preinitializeAndResolveTypes(Manager.java:1040)
	at ptolemy.actor.Manager.initialize(Manager.java:710)
	at ptolemy.actor.Manager.execute(Manager.java:356)
	at ptolemy.actor.Manager.run(Manager.java:1263)
	at ptolemy.actor.Manager$PtolemyRunThread.run(Manager.java:1915)

    while executing
ptolemy.kernel.util.IllegalActionException: Found a zero delay loop containing .HierarchicalModel.A
  in .HierarchicalModel and .HierarchicalModel.A
    while executing
"java::new ptolemy.moml.MoMLSimpleApplication $file
"
    (procedure "createAndExecute" line 2)
    invoked from within
"createAndExecute $file"
    ("uplevel" body line 5)
    invoked from within
"uplevel $contents_of_test"
------------------ testing $PTII/ptolemy/domains/de/test/auto/knownFailedTests/DirectFeedback.xml (Known Failure) 
8 ms. Memory: 146944K Free: 86350K (59%)


==== $PTIIhome/travis/build/icyphy/ptII/ptolemy/domains/de/test/../../../../: Auto Automatic test in file $PTII/ptolemy/domains/de/test/auto/knownFailedTests/DirectFeedback.xml
==== Contents of test case:

	    # FIXME: we should use $relativeFilename here, but it
	    # might have backslashes under Windows, which causes no end
	    # of trouble.
	    createAndExecute $file
	    list {}
	
.... Test generated KNOWN error:
    while executing
ptolemy.kernel.util.IllegalActionException: Test fails in iteration 1.
Value was: 1.0. Should have been: 2.0
  in .DirectFeedback.Test
	at ptolemy.actor.lib.Test.fire(Test.java:268)
	at ptolemy.domains.de.kernel.DEDirector._fire(DEDirector.java:1949)
	at ptolemy.domains.de.kernel.DEDirector.fire(DEDirector.java:502)
	at ptolemy.actor.CompositeActor.fire(CompositeActor.java:455)
	at ptolemy.actor.Manager.iterate(Manager.java:851)
	at ptolemy.actor.Manager.execute(Manager.java:369)
	at ptolemy.actor.Manager.run(Manager.java:1263)
	at ptolemy.actor.Manager$PtolemyRunThread.run(Manager.java:1915)

    while executing
ptolemy.kernel.util.IllegalActionException: Test fails in iteration 1.
Value was: 1.0. Should have been: 2.0
  in .DirectFeedback.Test
    while executing
"java::new ptolemy.moml.MoMLSimpleApplication $file
"
    (procedure "createAndExecute" line 2)
    invoked from within
"createAndExecute $file"
    ("uplevel" body line 5)
    invoked from within
"uplevel $contents_of_test"
------------------ testing $PTII/ptolemy/domains/de/test/auto/ActorDepthCalculation_actorWithoutPorts.xml
auto.tcl: Setting watchdog for 200 seconds at Thu Mar 28 06:39:46 UTC 2019
7 ms. Memory: 146944K Free: 138706K (94%)
ptolemy.util.test.WatchDog.cancel(): canceling Thu Mar 28 06:39:47 UTC 2019
auto.tcl: Setting watchdog for 200 seconds at Thu Mar 28 06:39:47 UTC 2019
3 ms. Memory: 146944K Free: 137685K (94%)
ptolemy.util.test.WatchDog.cancel(): canceling Thu Mar 28 06:39:47 UTC 2019
------------------ testing $PTII/ptolemy/domains/de/test/auto/AssemblyLine.xml
auto.tcl: Setting watchdog for 200 seconds at Thu Mar 28 06:39:47 UTC 2019
39 ms. Memory: 208384K Free: 186264K (89%)
ptolemy.util.test.WatchDog.cancel(): canceling Thu Mar 28 06:39:47 UTC 2019
auto.tcl: Setting watchdog for 200 seconds at Thu Mar 28 06:39:47 UTC 2019
7 ms. Memory: 208384K Free: 186264K (89%)
ptolemy.util.test.WatchDog.cancel(): canceling Thu Mar 28 06:39:47 UTC 2019
------------------ testing $PTII/ptolemy/domains/de/test/auto/CQBug1.xml
auto.tcl: Setting watchdog for 200 seconds at Thu Mar 28 06:39:47 UTC 2019
19 ms. Memory: 208384K Free: 197905K (95%)
ptolemy.util.test.WatchDog.cancel(): canceling Thu Mar 28 06:39:47 UTC 2019
auto.tcl: Setting watchdog for 200 seconds at Thu Mar 28 06:39:47 UTC 2019
2 ms. Memory: 208384K Free: 197905K (95%)
ptolemy.util.test.WatchDog.cancel(): canceling Thu Mar 28 06:39:47 UTC 2019
------------------ testing $PTII/ptolemy/domains/de/test/auto/CancelFireAt.xml
auto.tcl: Setting watchdog for 200 seconds at Thu Mar 28 06:39:47 UTC 2019
9 ms. Memory: 208384K Free: 201567K (97%)
ptolemy.util.test.WatchDog.cancel(): canceling Thu Mar 28 06:39:47 UTC 2019
auto.tcl: Setting watchdog for 200 seconds at Thu Mar 28 06:39:47 UTC 2019
4 ms. Memory: 208384K Free: 199525K (96%)
ptolemy.util.test.WatchDog.cancel(): canceling Thu Mar 28 06:39:47 UTC 2019
------------------ testing $PTII/ptolemy/domains/de/test/auto/CausalityAndComposabilityAnalysis.xml
auto.tcl: Setting watchdog for 200 seconds at Thu Mar 28 06:39:47 UTC 2019
21 ms. Memory: 208384K Free: 198604K (95%)
ptolemy.util.test.WatchDog.cancel(): canceling Thu Mar 28 06:39:48 UTC 2019
auto.tcl: Setting watchdog for 200 seconds at Thu Mar 28 06:39:48 UTC 2019
10 ms. Memory: 208384K Free: 196563K (94%)
ptolemy.util.test.WatchDog.cancel(): canceling Thu Mar 28 06:39:48 UTC 2019
------------------ testing $PTII/ptolemy/domains/de/test/auto/CausalityInterface1.xml
auto.tcl: Setting watchdog for 200 seconds at Thu Mar 28 06:39:48 UTC 2019
17 ms. Memory: 208384K Free: 196500K (94%)
ptolemy.util.test.WatchDog.cancel(): canceling Thu Mar 28 06:39:48 UTC 2019
auto.tcl: Setting watchdog for 200 seconds at Thu Mar 28 06:39:48 UTC 2019
4 ms. Memory: 208384K Free: 196500K (94%)
ptolemy.util.test.WatchDog.cancel(): canceling Thu Mar 28 06:39:48 UTC 2019
------------------ testing $PTII/ptolemy/domains/de/test/auto/CausalityInterface15.xml
auto.tcl: Setting watchdog for 200 seconds at Thu Mar 28 06:39:48 UTC 2019
8 ms. Memory: 208384K Free: 196459K (94%)
ptolemy.util.test.WatchDog.cancel(): canceling Thu Mar 28 06:39:48 UTC 2019
auto.tcl: Setting watchdog for 200 seconds at Thu Mar 28 06:39:48 UTC 2019
5 ms. Memory: 208384K Free: 196459K (94%)
ptolemy.util.test.WatchDog.cancel(): canceling Thu Mar 28 06:39:48 UTC 2019
------------------ testing $PTII/ptolemy/domains/de/test/auto/CausalityInterface2.xml
auto.tcl: Setting watchdog for 200 seconds at Thu Mar 28 06:39:48 UTC 2019
4 ms. Memory: 208384K Free: 196994K (95%)
ptolemy.util.test.WatchDog.cancel(): canceling Thu Mar 28 06:39:48 UTC 2019
auto.tcl: Setting watchdog for 200 seconds at Thu Mar 28 06:39:48 UTC 2019
5 ms. Memory: 208384K Free: 196994K (95%)
ptolemy.util.test.WatchDog.cancel(): canceling Thu Mar 28 06:39:48 UTC 2019
------------------ testing $PTII/ptolemy/domains/de/test/auto/CausalityInterface3.xml
auto.tcl: Setting watchdog for 200 seconds at Thu Mar 28 06:39:48 UTC 2019
3 ms. Memory: 208384K Free: 196487K (94%)
ptolemy.util.test.WatchDog.cancel(): canceling Thu Mar 28 06:39:48 UTC 2019
auto.tcl: Setting watchdog for 200 seconds at Thu Mar 28 06:39:48 UTC 2019
2 ms. Memory: 208384K Free: 196487K (94%)
ptolemy.util.test.WatchDog.cancel(): canceling Thu Mar 28 06:39:48 UTC 2019
------------------ testing $PTII/ptolemy/domains/de/test/auto/ClockDrift.xml
auto.tcl: Setting watchdog for 200 seconds at Thu Mar 28 06:39:48 UTC 2019
98 ms. Memory: 208384K Free: 187895K (90%)
ptolemy.util.test.WatchDog.cancel(): canceling Thu Mar 28 06:39:48 UTC 2019
auto.tcl: Setting watchdog for 200 seconds at Thu Mar 28 06:39:48 UTC 2019
52 ms. Memory: 208384K Free: 185854K (89%)
ptolemy.util.test.WatchDog.cancel(): canceling Thu Mar 28 06:39:48 UTC 2019
------------------ testing $PTII/ptolemy/domains/de/test/auto/ClockDriftAndValueChange.xml
auto.tcl: Setting watchdog for 200 seconds at Thu Mar 28 06:39:48 UTC 2019
52 ms. Memory: 208384K Free: 187730K (90%)
ptolemy.util.test.WatchDog.cancel(): canceling Thu Mar 28 06:39:48 UTC 2019
auto.tcl: Setting watchdog for 200 seconds at Thu Mar 28 06:39:48 UTC 2019
33 ms. Memory: 208384K Free: 185689K (89%)
ptolemy.util.test.WatchDog.cancel(): canceling Thu Mar 28 06:39:48 UTC 2019
------------------ testing $PTII/ptolemy/domains/de/test/auto/ClockDriftChange.xml
auto.tcl: Setting watchdog for 200 seconds at Thu Mar 28 06:39:48 UTC 2019
36 ms. Memory: 208384K Free: 190991K (92%)
ptolemy.util.test.WatchDog.cancel(): canceling Thu Mar 28 06:39:49 UTC 2019
auto.tcl: Setting watchdog for 200 seconds at Thu Mar 28 06:39:49 UTC 2019
29 ms. Memory: 208384K Free: 188950K (91%)
ptolemy.util.test.WatchDog.cancel(): canceling Thu Mar 28 06:39:49 UTC 2019
------------------ testing $PTII/ptolemy/domains/de/test/auto/ComposableCausalityAnalysis.xml
auto.tcl: Setting watchdog for 200 seconds at Thu Mar 28 06:39:49 UTC 2019
4 ms. Memory: 208384K Free: 196341K (94%)
ptolemy.util.test.WatchDog.cancel(): canceling Thu Mar 28 06:39:49 UTC 2019
auto.tcl: Setting watchdog for 200 seconds at Thu Mar 28 06:39:49 UTC 2019
2 ms. Memory: 208384K Free: 194300K (93%)
ptolemy.util.test.WatchDog.cancel(): canceling Thu Mar 28 06:39:49 UTC 2019
------------------ testing $PTII/ptolemy/domains/de/test/auto/DEFixedPointLimitation.xml
auto.tcl: Setting watchdog for 200 seconds at Thu Mar 28 06:39:49 UTC 2019
3 ms. Memory: 208384K Free: 198462K (95%)
ptolemy.util.test.WatchDog.cancel(): canceling Thu Mar 28 06:39:49 UTC 2019
auto.tcl: Setting watchdog for 200 seconds at Thu Mar 28 06:39:49 UTC 2019
1 ms. Memory: 208384K Free: 196421K (94%)
ptolemy.util.test.WatchDog.cancel(): canceling Thu Mar 28 06:39:49 UTC 2019
------------------ testing $PTII/ptolemy/domains/de/test/auto/DEScheduleTest.xml
auto.tcl: Setting watchdog for 200 seconds at Thu Mar 28 06:39:49 UTC 2019
11 ms. Memory: 208384K Free: 198498K (95%)
ptolemy.util.test.WatchDog.cancel(): canceling Thu Mar 28 06:39:49 UTC 2019
auto.tcl: Setting watchdog for 200 seconds at Thu Mar 28 06:39:49 UTC 2019
3 ms. Memory: 208384K Free: 196457K (94%)
ptolemy.util.test.WatchDog.cancel(): canceling Thu Mar 28 06:39:49 UTC 2019
------------------ testing $PTII/ptolemy/domains/de/test/auto/DEinDEwithStartTimes.xml
auto.tcl: Setting watchdog for 200 seconds at Thu Mar 28 06:39:49 UTC 2019
3 ms. Memory: 208384K Free: 196426K (94%)
ptolemy.util.test.WatchDog.cancel(): canceling Thu Mar 28 06:39:49 UTC 2019
auto.tcl: Setting watchdog for 200 seconds at Thu Mar 28 06:39:49 UTC 2019
3 ms. Memory: 208384K Free: 196426K (94%)
ptolemy.util.test.WatchDog.cancel(): canceling Thu Mar 28 06:39:49 UTC 2019
------------------ testing $PTII/ptolemy/domains/de/test/auto/DEinDEwithStartTimes2.xml
auto.tcl: Setting watchdog for 200 seconds at Thu Mar 28 06:39:49 UTC 2019
6 ms. Memory: 208384K Free: 196406K (94%)
ptolemy.util.test.WatchDog.cancel(): canceling Thu Mar 28 06:39:49 UTC 2019
auto.tcl: Setting watchdog for 200 seconds at Thu Mar 28 06:39:49 UTC 2019
6 ms. Memory: 208384K Free: 194365K (93%)
ptolemy.util.test.WatchDog.cancel(): canceling Thu Mar 28 06:39:49 UTC 2019
------------------ testing $PTII/ptolemy/domains/de/test/auto/DateDemo.xml
auto.tcl: Setting watchdog for 200 seconds at Thu Mar 28 06:39:49 UTC 2019
13 ms. Memory: 208384K Free: 189021K (91%)
ptolemy.util.test.WatchDog.cancel(): canceling Thu Mar 28 06:39:49 UTC 2019
auto.tcl: Setting watchdog for 200 seconds at Thu Mar 28 06:39:49 UTC 2019
10 ms. Memory: 208384K Free: 186980K (90%)
ptolemy.util.test.WatchDog.cancel(): canceling Thu Mar 28 06:39:49 UTC 2019
------------------ testing $PTII/ptolemy/domains/de/test/auto/DateToEvent.xml
auto.tcl: Setting watchdog for 200 seconds at Thu Mar 28 06:39:49 UTC 2019
2014 ms. Memory: 208384K Free: 183897K (88%)
ptolemy.util.test.WatchDog.cancel(): canceling Thu Mar 28 06:39:51 UTC 2019
auto.tcl: Setting watchdog for 200 seconds at Thu Mar 28 06:39:51 UTC 2019
2006 ms. Memory: 208384K Free: 183897K (88%)
ptolemy.util.test.WatchDog.cancel(): canceling Thu Mar 28 06:39:53 UTC 2019
------------------ testing $PTII/ptolemy/domains/de/test/auto/DepthTest1.xml
auto.tcl: Setting watchdog for 200 seconds at Thu Mar 28 06:39:53 UTC 2019
4 ms. Memory: 208384K Free: 195569K (94%)
ptolemy.util.test.WatchDog.cancel(): canceling Thu Mar 28 06:39:53 UTC 2019
auto.tcl: Setting watchdog for 200 seconds at Thu Mar 28 06:39:53 UTC 2019
5 ms. Memory: 208384K Free: 195569K (94%)
ptolemy.util.test.WatchDog.cancel(): canceling Thu Mar 28 06:39:53 UTC 2019
------------------ testing $PTII/ptolemy/domains/de/test/auto/DepthTest2.xml
auto.tcl: Setting watchdog for 200 seconds at Thu Mar 28 06:39:53 UTC 2019
9 ms. Memory: 208384K Free: 194377K (93%)
ptolemy.util.test.WatchDog.cancel(): canceling Thu Mar 28 06:39:53 UTC 2019
auto.tcl: Setting watchdog for 200 seconds at Thu Mar 28 06:39:53 UTC 2019
3 ms. Memory: 208384K Free: 194377K (93%)
ptolemy.util.test.WatchDog.cancel(): canceling Thu Mar 28 06:39:53 UTC 2019
------------------ testing $PTII/ptolemy/domains/de/test/auto/DepthTest3.xml
auto.tcl: Setting watchdog for 200 seconds at Thu Mar 28 06:39:54 UTC 2019
2 ms. Memory: 208384K Free: 198880K (95%)
ptolemy.util.test.WatchDog.cancel(): canceling Thu Mar 28 06:39:54 UTC 2019
auto.tcl: Setting watchdog for 200 seconds at Thu Mar 28 06:39:54 UTC 2019
2 ms. Memory: 208384K Free: 198880K (95%)
ptolemy.util.test.WatchDog.cancel(): canceling Thu Mar 28 06:39:54 UTC 2019
------------------ testing $PTII/ptolemy/domains/de/test/auto/DepthTest4.xml
auto.tcl: Setting watchdog for 200 seconds at Thu Mar 28 06:39:54 UTC 2019
6 ms. Memory: 208384K Free: 196408K (94%)
ptolemy.util.test.WatchDog.cancel(): canceling Thu Mar 28 06:39:54 UTC 2019
auto.tcl: Setting watchdog for 200 seconds at Thu Mar 28 06:39:54 UTC 2019
3 ms. Memory: 208384K Free: 196408K (94%)
ptolemy.util.test.WatchDog.cancel(): canceling Thu Mar 28 06:39:54 UTC 2019
------------------ testing $PTII/ptolemy/domains/de/test/auto/DepthTest5.xml
auto.tcl: Setting watchdog for 200 seconds at Thu Mar 28 06:39:54 UTC 2019
3 ms. Memory: 208384K Free: 196872K (94%)
ptolemy.util.test.WatchDog.cancel(): canceling Thu Mar 28 06:39:54 UTC 2019
auto.tcl: Setting watchdog for 200 seconds at Thu Mar 28 06:39:54 UTC 2019
2 ms. Memory: 208384K Free: 196872K (94%)
ptolemy.util.test.WatchDog.cancel(): canceling Thu Mar 28 06:39:54 UTC 2019
------------------ testing $PTII/ptolemy/domains/de/test/auto/DepthTest6.xml
auto.tcl: Setting watchdog for 200 seconds at Thu Mar 28 06:39:54 UTC 2019
13 ms. Memory: 208384K Free: 196849K (94%)
ptolemy.util.test.WatchDog.cancel(): canceling Thu Mar 28 06:39:54 UTC 2019
auto.tcl: Setting watchdog for 200 seconds at Thu Mar 28 06:39:54 UTC 2019
3 ms. Memory: 208384K Free: 196849K (94%)
ptolemy.util.test.WatchDog.cancel(): canceling Thu Mar 28 06:39:54 UTC 2019
------------------ testing $PTII/ptolemy/domains/de/test/auto/DepthTest7.xml
auto.tcl: Setting watchdog for 200 seconds at Thu Mar 28 06:39:54 UTC 2019
3 ms. Memory: 208384K Free: 195082K (94%)
ptolemy.util.test.WatchDog.cancel(): canceling Thu Mar 28 06:39:54 UTC 2019
auto.tcl: Setting watchdog for 200 seconds at Thu Mar 28 06:39:54 UTC 2019
2 ms. Memory: 208384K Free: 195082K (94%)
ptolemy.util.test.WatchDog.cancel(): canceling Thu Mar 28 06:39:54 UTC 2019
------------------ testing $PTII/ptolemy/domains/de/test/auto/EventToDate.xml
auto.tcl: Setting watchdog for 200 seconds at Thu Mar 28 06:39:54 UTC 2019
3010 ms. Memory: 208384K Free: 186119K (89%)
ptolemy.util.test.WatchDog.cancel(): canceling Thu Mar 28 06:39:57 UTC 2019
auto.tcl: Setting watchdog for 200 seconds at Thu Mar 28 06:39:57 UTC 2019
3005 ms. Memory: 208384K Free: 186119K (89%)
ptolemy.util.test.WatchDog.cancel(): canceling Thu Mar 28 06:40:00 UTC 2019
------------------ testing $PTII/ptolemy/domains/de/test/auto/FSM1.xml
auto.tcl: Setting watchdog for 200 seconds at Thu Mar 28 06:40:00 UTC 2019
40 ms. Memory: 208384K Free: 190001K (91%)
ptolemy.util.test.WatchDog.cancel(): canceling Thu Mar 28 06:40:00 UTC 2019
auto.tcl: Setting watchdog for 200 seconds at Thu Mar 28 06:40:00 UTC 2019
29 ms. Memory: 208384K Free: 185919K (89%)
ptolemy.util.test.WatchDog.cancel(): canceling Thu Mar 28 06:40:00 UTC 2019
------------------ testing $PTII/ptolemy/domains/de/test/auto/FSM7.xml
auto.tcl: Setting watchdog for 200 seconds at Thu Mar 28 06:40:00 UTC 2019
24 ms. Memory: 208384K Free: 188457K (90%)
ptolemy.util.test.WatchDog.cancel(): canceling Thu Mar 28 06:40:00 UTC 2019
auto.tcl: Setting watchdog for 200 seconds at Thu Mar 28 06:40:00 UTC 2019
23 ms. Memory: 208384K Free: 184374K (88%)
ptolemy.util.test.WatchDog.cancel(): canceling Thu Mar 28 06:40:00 UTC 2019
------------------ testing $PTII/ptolemy/domains/de/test/auto/Inspection.xml
auto.tcl: Setting watchdog for 200 seconds at Thu Mar 28 06:40:00 UTC 2019
36 ms. Memory: 208384K Free: 189376K (91%)
ptolemy.util.test.WatchDog.cancel(): canceling Thu Mar 28 06:40:00 UTC 2019
auto.tcl: Setting watchdog for 200 seconds at Thu Mar 28 06:40:00 UTC 2019
28 ms. Memory: 208384K Free: 187334K (90%)
ptolemy.util.test.WatchDog.cancel(): canceling Thu Mar 28 06:40:00 UTC 2019
------------------ testing $PTII/ptolemy/domains/de/test/auto/Iteration.xml
auto.tcl: Setting watchdog for 200 seconds at Thu Mar 28 06:40:01 UTC 2019
20 ms. Memory: 208384K Free: 194888K (94%)
ptolemy.util.test.WatchDog.cancel(): canceling Thu Mar 28 06:40:01 UTC 2019
auto.tcl: Setting watchdog for 200 seconds at Thu Mar 28 06:40:01 UTC 2019
8 ms. Memory: 208384K Free: 192847K (93%)
ptolemy.util.test.WatchDog.cancel(): canceling Thu Mar 28 06:40:01 UTC 2019
------------------ testing $PTII/ptolemy/domains/de/test/auto/LineFault.xml
auto.tcl: Setting watchdog for 200 seconds at Thu Mar 28 06:40:01 UTC 2019
694 ms. Memory: 208384K Free: 199841K (96%)
ptolemy.util.test.WatchDog.cancel(): canceling Thu Mar 28 06:40:02 UTC 2019
auto.tcl: Setting watchdog for 200 seconds at Thu Mar 28 06:40:02 UTC 2019
585 ms. Memory: 208384K Free: 142425K (68%)
ptolemy.util.test.WatchDog.cancel(): canceling Thu Mar 28 06:40:02 UTC 2019
------------------ testing $PTII/ptolemy/domains/de/test/auto/MergeModel1Add.xml
auto.tcl: Setting watchdog for 200 seconds at Thu Mar 28 06:40:02 UTC 2019
16 ms. Memory: 331264K Free: 300812K (91%)
ptolemy.util.test.WatchDog.cancel(): canceling Thu Mar 28 06:40:02 UTC 2019
auto.tcl: Setting watchdog for 200 seconds at Thu Mar 28 06:40:02 UTC 2019
10 ms. Memory: 331264K Free: 300812K (91%)
ptolemy.util.test.WatchDog.cancel(): canceling Thu Mar 28 06:40:02 UTC 2019
------------------ testing $PTII/ptolemy/domains/de/test/auto/MergeModel2Add.xml
auto.tcl: Setting watchdog for 200 seconds at Thu Mar 28 06:40:02 UTC 2019
11 ms. Memory: 331264K Free: 305733K (92%)
ptolemy.util.test.WatchDog.cancel(): canceling Thu Mar 28 06:40:03 UTC 2019
auto.tcl: Setting watchdog for 200 seconds at Thu Mar 28 06:40:03 UTC 2019
12 ms. Memory: 331264K Free: 302166K (91%)
ptolemy.util.test.WatchDog.cancel(): canceling Thu Mar 28 06:40:03 UTC 2019
------------------ testing $PTII/ptolemy/domains/de/test/auto/MergeModel3Add.xml
auto.tcl: Setting watchdog for 200 seconds at Thu Mar 28 06:40:03 UTC 2019
18 ms. Memory: 331264K Free: 305712K (92%)
ptolemy.util.test.WatchDog.cancel(): canceling Thu Mar 28 06:40:03 UTC 2019
auto.tcl: Setting watchdog for 200 seconds at Thu Mar 28 06:40:03 UTC 2019
11 ms. Memory: 331264K Free: 302144K (91%)
ptolemy.util.test.WatchDog.cancel(): canceling Thu Mar 28 06:40:03 UTC 2019
------------------ testing $PTII/ptolemy/domains/de/test/auto/MergeWithoutDiscard.xml
auto.tcl: Setting watchdog for 200 seconds at Thu Mar 28 06:40:03 UTC 2019
2 ms. Memory: 331264K Free: 317117K (96%)
ptolemy.util.test.WatchDog.cancel(): canceling Thu Mar 28 06:40:03 UTC 2019
auto.tcl: Setting watchdog for 200 seconds at Thu Mar 28 06:40:03 UTC 2019
1 ms. Memory: 331264K Free: 317117K (96%)
ptolemy.util.test.WatchDog.cancel(): canceling Thu Mar 28 06:40:03 UTC 2019
------------------ testing $PTII/ptolemy/domains/de/test/auto/Modal1.xml
auto.tcl: Setting watchdog for 200 seconds at Thu Mar 28 06:40:03 UTC 2019
18 ms. Memory: 331264K Free: 310314K (94%)
ptolemy.util.test.WatchDog.cancel(): canceling Thu Mar 28 06:40:03 UTC 2019
auto.tcl: Setting watchdog for 200 seconds at Thu Mar 28 06:40:03 UTC 2019
29 ms. Memory: 331264K Free: 306747K (93%)
ptolemy.util.test.WatchDog.cancel(): canceling Thu Mar 28 06:40:03 UTC 2019
------------------ testing $PTII/ptolemy/domains/de/test/auto/Modal2.xml
auto.tcl: Setting watchdog for 200 seconds at Thu Mar 28 06:40:03 UTC 2019
13 ms. Memory: 331264K Free: 310199K (94%)
ptolemy.util.test.WatchDog.cancel(): canceling Thu Mar 28 06:40:03 UTC 2019
auto.tcl: Setting watchdog for 200 seconds at Thu Mar 28 06:40:03 UTC 2019
24 ms. Memory: 331264K Free: 306631K (93%)
ptolemy.util.test.WatchDog.cancel(): canceling Thu Mar 28 06:40:03 UTC 2019
------------------ testing $PTII/ptolemy/domains/de/test/auto/Modal3.xml
auto.tcl: Setting watchdog for 200 seconds at Thu Mar 28 06:40:03 UTC 2019
15 ms. Memory: 331264K Free: 310861K (94%)
ptolemy.util.test.WatchDog.cancel(): canceling Thu Mar 28 06:40:03 UTC 2019
auto.tcl: Setting watchdog for 200 seconds at Thu Mar 28 06:40:03 UTC 2019
16 ms. Memory: 331264K Free: 306618K (93%)
ptolemy.util.test.WatchDog.cancel(): canceling Thu Mar 28 06:40:03 UTC 2019
------------------ testing $PTII/ptolemy/domains/de/test/auto/Modal4.xml
auto.tcl: Setting watchdog for 200 seconds at Thu Mar 28 06:40:03 UTC 2019
14 ms. Memory: 331264K Free: 310199K (94%)
ptolemy.util.test.WatchDog.cancel(): canceling Thu Mar 28 06:40:03 UTC 2019
auto.tcl: Setting watchdog for 200 seconds at Thu Mar 28 06:40:03 UTC 2019
16 ms. Memory: 331264K Free: 306632K (93%)
ptolemy.util.test.WatchDog.cancel(): canceling Thu Mar 28 06:40:03 UTC 2019
------------------ testing $PTII/ptolemy/domains/de/test/auto/Modal5.xml
auto.tcl: Setting watchdog for 200 seconds at Thu Mar 28 06:40:03 UTC 2019
19 ms. Memory: 331264K Free: 310186K (94%)
ptolemy.util.test.WatchDog.cancel(): canceling Thu Mar 28 06:40:03 UTC 2019
auto.tcl: Setting watchdog for 200 seconds at Thu Mar 28 06:40:03 UTC 2019
14 ms. Memory: 331264K Free: 306619K (93%)
ptolemy.util.test.WatchDog.cancel(): canceling Thu Mar 28 06:40:03 UTC 2019
------------------ testing $PTII/ptolemy/domains/de/test/auto/Modal6.xml
auto.tcl: Setting watchdog for 200 seconds at Thu Mar 28 06:40:03 UTC 2019
13 ms. Memory: 331264K Free: 310183K (94%)
ptolemy.util.test.WatchDog.cancel(): canceling Thu Mar 28 06:40:04 UTC 2019
auto.tcl: Setting watchdog for 200 seconds at Thu Mar 28 06:40:04 UTC 2019
14 ms. Memory: 331264K Free: 306616K (93%)
ptolemy.util.test.WatchDog.cancel(): canceling Thu Mar 28 06:40:04 UTC 2019
------------------ testing $PTII/ptolemy/domains/de/test/auto/Modal7.xml
auto.tcl: Setting watchdog for 200 seconds at Thu Mar 28 06:40:04 UTC 2019
19 ms. Memory: 331264K Free: 306616K (93%)
ptolemy.util.test.WatchDog.cancel(): canceling Thu Mar 28 06:40:04 UTC 2019
auto.tcl: Setting watchdog for 200 seconds at Thu Mar 28 06:40:04 UTC 2019
11 ms. Memory: 331264K Free: 303049K (91%)
ptolemy.util.test.WatchDog.cancel(): canceling Thu Mar 28 06:40:04 UTC 2019
------------------ testing $PTII/ptolemy/domains/de/test/auto/ModalModel.xml
auto.tcl: Setting watchdog for 200 seconds at Thu Mar 28 06:40:04 UTC 2019
187 ms. Memory: 331264K Free: 247840K (75%)
ptolemy.util.test.WatchDog.cancel(): canceling Thu Mar 28 06:40:04 UTC 2019
auto.tcl: Setting watchdog for 200 seconds at Thu Mar 28 06:40:04 UTC 2019
183 ms. Memory: 331264K Free: 190762K (58%)
ptolemy.util.test.WatchDog.cancel(): canceling Thu Mar 28 06:40:04 UTC 2019
------------------ testing $PTII/ptolemy/domains/de/test/auto/ModalSource.xml
auto.tcl: Setting watchdog for 200 seconds at Thu Mar 28 06:40:04 UTC 2019
6 ms. Memory: 331264K Free: 316900K (96%)
ptolemy.util.test.WatchDog.cancel(): canceling Thu Mar 28 06:40:04 UTC 2019
auto.tcl: Setting watchdog for 200 seconds at Thu Mar 28 06:40:04 UTC 2019
5 ms. Memory: 331264K Free: 313633K (95%)
ptolemy.util.test.WatchDog.cancel(): canceling Thu Mar 28 06:40:04 UTC 2019
------------------ testing $PTII/ptolemy/domains/de/test/auto/NonInterruptibleTimerZeroDelay.xml
auto.tcl: Setting watchdog for 200 seconds at Thu Mar 28 06:40:04 UTC 2019
4 ms. Memory: 331264K Free: 320820K (97%)
ptolemy.util.test.WatchDog.cancel(): canceling Thu Mar 28 06:40:04 UTC 2019
auto.tcl: Setting watchdog for 200 seconds at Thu Mar 28 06:40:04 UTC 2019
3 ms. Memory: 331264K Free: 317553K (96%)
ptolemy.util.test.WatchDog.cancel(): canceling Thu Mar 28 06:40:04 UTC 2019
------------------ testing $PTII/ptolemy/domains/de/test/auto/OpenQueueingNetwork.xml
auto.tcl: Setting watchdog for 200 seconds at Thu Mar 28 06:40:04 UTC 2019
3021 ms. Memory: 317952K Free: 150691K (47%)
ptolemy.util.test.WatchDog.cancel(): canceling Thu Mar 28 06:40:08 UTC 2019
auto.tcl: Setting watchdog for 200 seconds at Thu Mar 28 06:40:08 UTC 2019
2480 ms. Memory: 287232K Free: 227588K (79%)
ptolemy.util.test.WatchDog.cancel(): canceling Thu Mar 28 06:40:10 UTC 2019
------------------ testing $PTII/ptolemy/domains/de/test/auto/OpenQueuingNetwork.xml
auto.tcl: Setting watchdog for 200 seconds at Thu Mar 28 06:40:10 UTC 2019
222 ms. Memory: 287232K Free: 187639K (65%)
ptolemy.util.test.WatchDog.cancel(): canceling Thu Mar 28 06:40:10 UTC 2019
auto.tcl: Setting watchdog for 200 seconds at Thu Mar 28 06:40:10 UTC 2019
215 ms. Memory: 287232K Free: 128335K (45%)
ptolemy.util.test.WatchDog.cancel(): canceling Thu Mar 28 06:40:11 UTC 2019
------------------ testing $PTII/ptolemy/domains/de/test/auto/PeriodicSampler.xml
auto.tcl: Setting watchdog for 200 seconds at Thu Mar 28 06:40:11 UTC 2019
3 ms. Memory: 289792K Free: 277491K (96%)
ptolemy.util.test.WatchDog.cancel(): canceling Thu Mar 28 06:40:11 UTC 2019
auto.tcl: Setting watchdog for 200 seconds at Thu Mar 28 06:40:11 UTC 2019
2 ms. Memory: 289792K Free: 274637K (95%)
ptolemy.util.test.WatchDog.cancel(): canceling Thu Mar 28 06:40:11 UTC 2019
------------------ testing $PTII/ptolemy/domains/de/test/auto/PersistentIO.xml
auto.tcl: Setting watchdog for 200 seconds at Thu Mar 28 06:40:11 UTC 2019
5 ms. Memory: 287232K Free: 269823K (94%)
ptolemy.util.test.WatchDog.cancel(): canceling Thu Mar 28 06:40:11 UTC 2019
auto.tcl: Setting watchdog for 200 seconds at Thu Mar 28 06:40:11 UTC 2019
4 ms. Memory: 287232K Free: 266969K (93%)
ptolemy.util.test.WatchDog.cancel(): canceling Thu Mar 28 06:40:11 UTC 2019
------------------ testing $PTII/ptolemy/domains/de/test/auto/PortParameterResetOnInitialize.xml
auto.tcl: Setting watchdog for 200 seconds at Thu Mar 28 06:40:11 UTC 2019
2 ms. Memory: 289280K Free: 274431K (95%)
ptolemy.util.test.WatchDog.cancel(): canceling Thu Mar 28 06:40:11 UTC 2019
auto.tcl: Setting watchdog for 200 seconds at Thu Mar 28 06:40:11 UTC 2019
1 ms. Memory: 289280K Free: 274431K (95%)
ptolemy.util.test.WatchDog.cancel(): canceling Thu Mar 28 06:40:11 UTC 2019
------------------ testing $PTII/ptolemy/domains/de/test/auto/PortParameterUpdates.xml
auto.tcl: Setting watchdog for 200 seconds at Thu Mar 28 06:40:11 UTC 2019
5 ms. Memory: 287232K Free: 272516K (95%)
ptolemy.util.test.WatchDog.cancel(): canceling Thu Mar 28 06:40:11 UTC 2019
auto.tcl: Setting watchdog for 200 seconds at Thu Mar 28 06:40:11 UTC 2019
4 ms. Memory: 287232K Free: 269662K (94%)
ptolemy.util.test.WatchDog.cancel(): canceling Thu Mar 28 06:40:11 UTC 2019
------------------ testing $PTII/ptolemy/domains/de/test/auto/QueueAndServer.xml
auto.tcl: Setting watchdog for 200 seconds at Thu Mar 28 06:40:11 UTC 2019
16 ms. Memory: 289280K Free: 273731K (95%)
ptolemy.util.test.WatchDog.cancel(): canceling Thu Mar 28 06:40:11 UTC 2019
auto.tcl: Setting watchdog for 200 seconds at Thu Mar 28 06:40:11 UTC 2019
6 ms. Memory: 289280K Free: 273731K (95%)
ptolemy.util.test.WatchDog.cancel(): canceling Thu Mar 28 06:40:11 UTC 2019
------------------ testing $PTII/ptolemy/domains/de/test/auto/Records.xml
auto.tcl: Setting watchdog for 200 seconds at Thu Mar 28 06:40:11 UTC 2019
3 ms. Memory: 287232K Free: 274480K (96%)
ptolemy.util.test.WatchDog.cancel(): canceling Thu Mar 28 06:40:11 UTC 2019
auto.tcl: Setting watchdog for 200 seconds at Thu Mar 28 06:40:11 UTC 2019
2 ms. Memory: 287232K Free: 274480K (96%)
ptolemy.util.test.WatchDog.cancel(): canceling Thu Mar 28 06:40:11 UTC 2019
------------------ testing $PTII/ptolemy/domains/de/test/auto/ResetTransitionWithStartTime1.xml
auto.tcl: Setting watchdog for 200 seconds at Thu Mar 28 06:40:11 UTC 2019
13 ms. Memory: 288768K Free: 273338K (95%)
ptolemy.util.test.WatchDog.cancel(): canceling Thu Mar 28 06:40:11 UTC 2019
auto.tcl: Setting watchdog for 200 seconds at Thu Mar 28 06:40:11 UTC 2019
6 ms. Memory: 288768K Free: 270329K (94%)
ptolemy.util.test.WatchDog.cancel(): canceling Thu Mar 28 06:40:11 UTC 2019
------------------ testing $PTII/ptolemy/domains/de/test/auto/ResetTransitionWithStartTime2.xml
auto.tcl: Setting watchdog for 200 seconds at Thu Mar 28 06:40:11 UTC 2019
6 ms. Memory: 287232K Free: 271793K (95%)
ptolemy.util.test.WatchDog.cancel(): canceling Thu Mar 28 06:40:11 UTC 2019
auto.tcl: Setting watchdog for 200 seconds at Thu Mar 28 06:40:11 UTC 2019
7 ms. Memory: 287232K Free: 267677K (93%)
ptolemy.util.test.WatchDog.cancel(): canceling Thu Mar 28 06:40:11 UTC 2019
------------------ testing $PTII/ptolemy/domains/de/test/auto/ResetTransitionWithStartTime3.xml
auto.tcl: Setting watchdog for 200 seconds at Thu Mar 28 06:40:11 UTC 2019
7 ms. Memory: 288768K Free: 273173K (95%)
ptolemy.util.test.WatchDog.cancel(): canceling Thu Mar 28 06:40:11 UTC 2019
auto.tcl: Setting watchdog for 200 seconds at Thu Mar 28 06:40:11 UTC 2019
6 ms. Memory: 288768K Free: 273173K (95%)
ptolemy.util.test.WatchDog.cancel(): canceling Thu Mar 28 06:40:11 UTC 2019
------------------ testing $PTII/ptolemy/domains/de/test/auto/ResetTransitionWithStartTime4.xml
auto.tcl: Setting watchdog for 200 seconds at Thu Mar 28 06:40:11 UTC 2019
5 ms. Memory: 287232K Free: 271636K (95%)
ptolemy.util.test.WatchDog.cancel(): canceling Thu Mar 28 06:40:11 UTC 2019
auto.tcl: Setting watchdog for 200 seconds at Thu Mar 28 06:40:11 UTC 2019
4 ms. Memory: 287232K Free: 271636K (95%)
ptolemy.util.test.WatchDog.cancel(): canceling Thu Mar 28 06:40:11 UTC 2019
------------------ testing $PTII/ptolemy/domains/de/test/auto/ResettableTimer1.xml
auto.tcl: Setting watchdog for 200 seconds at Thu Mar 28 06:40:11 UTC 2019
3 ms. Memory: 288768K Free: 276021K (96%)
ptolemy.util.test.WatchDog.cancel(): canceling Thu Mar 28 06:40:11 UTC 2019
auto.tcl: Setting watchdog for 200 seconds at Thu Mar 28 06:40:11 UTC 2019
2 ms. Memory: 288768K Free: 276021K (96%)
ptolemy.util.test.WatchDog.cancel(): canceling Thu Mar 28 06:40:11 UTC 2019
------------------ testing $PTII/ptolemy/domains/de/test/auto/ResettableTimer2.xml
auto.tcl: Setting watchdog for 200 seconds at Thu Mar 28 06:40:12 UTC 2019
3 ms. Memory: 287232K Free: 274698K (96%)
ptolemy.util.test.WatchDog.cancel(): canceling Thu Mar 28 06:40:12 UTC 2019
auto.tcl: Setting watchdog for 200 seconds at Thu Mar 28 06:40:12 UTC 2019
4 ms. Memory: 287232K Free: 274698K (96%)
ptolemy.util.test.WatchDog.cancel(): canceling Thu Mar 28 06:40:12 UTC 2019
------------------ testing $PTII/ptolemy/domains/de/test/auto/ResettableTimer3.xml
auto.tcl: Setting watchdog for 200 seconds at Thu Mar 28 06:40:12 UTC 2019
1 ms. Memory: 288256K Free: 275567K (96%)
ptolemy.util.test.WatchDog.cancel(): canceling Thu Mar 28 06:40:12 UTC 2019
auto.tcl: Setting watchdog for 200 seconds at Thu Mar 28 06:40:12 UTC 2019
2 ms. Memory: 288256K Free: 275567K (96%)
ptolemy.util.test.WatchDog.cancel(): canceling Thu Mar 28 06:40:12 UTC 2019
------------------ testing $PTII/ptolemy/domains/de/test/auto/ResettableTimer4.xml
auto.tcl: Setting watchdog for 200 seconds at Thu Mar 28 06:40:12 UTC 2019
1 ms. Memory: 287232K Free: 274711K (96%)
ptolemy.util.test.WatchDog.cancel(): canceling Thu Mar 28 06:40:12 UTC 2019
auto.tcl: Setting watchdog for 200 seconds at Thu Mar 28 06:40:12 UTC 2019
2 ms. Memory: 287232K Free: 274711K (96%)
ptolemy.util.test.WatchDog.cancel(): canceling Thu Mar 28 06:40:12 UTC 2019
------------------ testing $PTII/ptolemy/domains/de/test/auto/ResettableTimer5.xml
auto.tcl: Setting watchdog for 200 seconds at Thu Mar 28 06:40:12 UTC 2019
1 ms. Memory: 288256K Free: 273675K (95%)
ptolemy.util.test.WatchDog.cancel(): canceling Thu Mar 28 06:40:12 UTC 2019
auto.tcl: Setting watchdog for 200 seconds at Thu Mar 28 06:40:12 UTC 2019
1 ms. Memory: 288256K Free: 273675K (95%)
ptolemy.util.test.WatchDog.cancel(): canceling Thu Mar 28 06:40:12 UTC 2019
------------------ testing $PTII/ptolemy/domains/de/test/auto/ResettableTimer6.xml
auto.tcl: Setting watchdog for 200 seconds at Thu Mar 28 06:40:12 UTC 2019
2 ms. Memory: 287232K Free: 272445K (95%)
ptolemy.util.test.WatchDog.cancel(): canceling Thu Mar 28 06:40:12 UTC 2019
auto.tcl: Setting watchdog for 200 seconds at Thu Mar 28 06:40:12 UTC 2019
2 ms. Memory: 287232K Free: 272445K (95%)
ptolemy.util.test.WatchDog.cancel(): canceling Thu Mar 28 06:40:12 UTC 2019
------------------ testing $PTII/ptolemy/domains/de/test/auto/ServerZeroDelay.xml
auto.tcl: Setting watchdog for 200 seconds at Thu Mar 28 06:40:12 UTC 2019
2 ms. Memory: 288256K Free: 275673K (96%)
ptolemy.util.test.WatchDog.cancel(): canceling Thu Mar 28 06:40:12 UTC 2019
auto.tcl: Setting watchdog for 200 seconds at Thu Mar 28 06:40:12 UTC 2019
2 ms. Memory: 288256K Free: 275673K (96%)
ptolemy.util.test.WatchDog.cancel(): canceling Thu Mar 28 06:40:12 UTC 2019
------------------ testing $PTII/ptolemy/domains/de/test/auto/SmartSender.xml
auto.tcl: Setting watchdog for 200 seconds at Thu Mar 28 06:40:12 UTC 2019
3001 ms. Memory: 287232K Free: 272586K (95%)
ptolemy.util.test.WatchDog.cancel(): canceling Thu Mar 28 06:40:15 UTC 2019
auto.tcl: Setting watchdog for 200 seconds at Thu Mar 28 06:40:15 UTC 2019
3002 ms. Memory: 287232K Free: 272586K (95%)
ptolemy.util.test.WatchDog.cancel(): canceling Thu Mar 28 06:40:18 UTC 2019
------------------ testing $PTII/ptolemy/domains/de/test/auto/ThreadedComposite.xml
auto.tcl: Setting watchdog for 200 seconds at Thu Mar 28 06:40:18 UTC 2019
237 ms. Memory: 288256K Free: 252524K (88%)
ptolemy.util.test.WatchDog.cancel(): canceling Thu Mar 28 06:40:18 UTC 2019
auto.tcl: Setting watchdog for 200 seconds at Thu Mar 28 06:40:18 UTC 2019
166 ms. Memory: 288256K Free: 237320K (82%)
ptolemy.util.test.WatchDog.cancel(): canceling Thu Mar 28 06:40:18 UTC 2019
------------------ testing $PTII/ptolemy/domains/de/test/auto/Time.xml
auto.tcl: Setting watchdog for 200 seconds at Thu Mar 28 06:40:18 UTC 2019
504 ms. Memory: 287232K Free: 222757K (78%)
ptolemy.util.test.WatchDog.cancel(): canceling Thu Mar 28 06:40:19 UTC 2019
auto.tcl: Setting watchdog for 200 seconds at Thu Mar 28 06:40:19 UTC 2019
489 ms. Memory: 287232K Free: 168527K (59%)
ptolemy.util.test.WatchDog.cancel(): canceling Thu Mar 28 06:40:19 UTC 2019
------------------ testing $PTII/ptolemy/domains/de/test/auto/TimeDelayZeroDelay.xml
auto.tcl: Setting watchdog for 200 seconds at Thu Mar 28 06:40:19 UTC 2019
2 ms. Memory: 287744K Free: 275527K (96%)
ptolemy.util.test.WatchDog.cancel(): canceling Thu Mar 28 06:40:20 UTC 2019
auto.tcl: Setting watchdog for 200 seconds at Thu Mar 28 06:40:20 UTC 2019
2 ms. Memory: 287744K Free: 275527K (96%)
ptolemy.util.test.WatchDog.cancel(): canceling Thu Mar 28 06:40:20 UTC 2019
------------------ testing $PTII/ptolemy/domains/de/test/auto/TimerZeroDelay.xml
auto.tcl: Setting watchdog for 200 seconds at Thu Mar 28 06:40:20 UTC 2019
3 ms. Memory: 287232K Free: 275144K (96%)
ptolemy.util.test.WatchDog.cancel(): canceling Thu Mar 28 06:40:20 UTC 2019
auto.tcl: Setting watchdog for 200 seconds at Thu Mar 28 06:40:20 UTC 2019
2 ms. Memory: 287232K Free: 275144K (96%)
ptolemy.util.test.WatchDog.cancel(): canceling Thu Mar 28 06:40:20 UTC 2019
------------------ testing $PTII/ptolemy/domains/de/test/auto/TimingParadox.xml
auto.tcl: Setting watchdog for 200 seconds at Thu Mar 28 06:40:20 UTC 2019
334 ms. Memory: 287744K Free: 209506K (73%)
ptolemy.util.test.WatchDog.cancel(): canceling Thu Mar 28 06:40:20 UTC 2019
auto.tcl: Setting watchdog for 200 seconds at Thu Mar 28 06:40:20 UTC 2019
329 ms. Memory: 287744K Free: 175977K (61%)
ptolemy.util.test.WatchDog.cancel(): canceling Thu Mar 28 06:40:20 UTC 2019
------------------ testing $PTII/ptolemy/domains/de/test/auto/TransferInputs.xml
auto.tcl: Setting watchdog for 200 seconds at Thu Mar 28 06:40:20 UTC 2019
2 ms. Memory: 287744K Free: 274613K (95%)
ptolemy.util.test.WatchDog.cancel(): canceling Thu Mar 28 06:40:20 UTC 2019
auto.tcl: Setting watchdog for 200 seconds at Thu Mar 28 06:40:20 UTC 2019
2 ms. Memory: 287744K Free: 274613K (95%)
ptolemy.util.test.WatchDog.cancel(): canceling Thu Mar 28 06:40:20 UTC 2019
------------------ testing $PTII/ptolemy/domains/de/test/auto/TransferOutputs2.xml
auto.tcl: Setting watchdog for 200 seconds at Thu Mar 28 06:40:21 UTC 2019
3 ms. Memory: 287232K Free: 270571K (94%)
ptolemy.util.test.WatchDog.cancel(): canceling Thu Mar 28 06:40:21 UTC 2019
auto.tcl: Setting watchdog for 200 seconds at Thu Mar 28 06:40:21 UTC 2019
3 ms. Memory: 287232K Free: 267974K (93%)
ptolemy.util.test.WatchDog.cancel(): canceling Thu Mar 28 06:40:21 UTC 2019
------------------ testing $PTII/ptolemy/domains/de/test/auto/Trilateration.xml
auto.tcl: Setting watchdog for 200 seconds at Thu Mar 28 06:40:21 UTC 2019
15312 ms. Memory: 473088K Free: 294895K (62%)
ptolemy.util.test.WatchDog.cancel(): canceling Thu Mar 28 06:40:37 UTC 2019
auto.tcl: Setting watchdog for 200 seconds at Thu Mar 28 06:40:37 UTC 2019
11148 ms. Memory: 352256K Free: 234166K (66%)
ptolemy.util.test.WatchDog.cancel(): canceling Thu Mar 28 06:40:48 UTC 2019
------------------ testing $PTII/ptolemy/domains/de/test/auto/TwoSigmaDelta.xml
auto.tcl: Setting watchdog for 200 seconds at Thu Mar 28 06:40:48 UTC 2019
2686 ms. Memory: 349184K Free: 64929K (19%)
ptolemy.util.test.WatchDog.cancel(): canceling Thu Mar 28 06:40:51 UTC 2019
auto.tcl: Setting watchdog for 200 seconds at Thu Mar 28 06:40:51 UTC 2019
2051 ms. Memory: 339968K Free: 90577K (27%)
ptolemy.util.test.WatchDog.cancel(): canceling Thu Mar 28 06:40:53 UTC 2019
------------------ testing $PTII/ptolemy/domains/de/test/auto/VariableDelay.xml
auto.tcl: Setting watchdog for 200 seconds at Thu Mar 28 06:40:53 UTC 2019
3 ms. Memory: 337408K Free: 325531K (96%)
ptolemy.util.test.WatchDog.cancel(): canceling Thu Mar 28 06:40:53 UTC 2019
auto.tcl: Setting watchdog for 200 seconds at Thu Mar 28 06:40:53 UTC 2019
2 ms. Memory: 337408K Free: 321548K (95%)
ptolemy.util.test.WatchDog.cancel(): canceling Thu Mar 28 06:40:53 UTC 2019
------------------ testing $PTII/ptolemy/domains/de/test/auto/VariableDelay2.xml
auto.tcl: Setting watchdog for 200 seconds at Thu Mar 28 06:40:53 UTC 2019
6 ms. Memory: 339456K Free: 327989K (97%)
ptolemy.util.test.WatchDog.cancel(): canceling Thu Mar 28 06:40:53 UTC 2019
auto.tcl: Setting watchdog for 200 seconds at Thu Mar 28 06:40:53 UTC 2019
2 ms. Memory: 339456K Free: 324006K (95%)
ptolemy.util.test.WatchDog.cancel(): canceling Thu Mar 28 06:40:53 UTC 2019
------------------ testing $PTII/ptolemy/domains/de/test/auto/VariableDelayZeroDelay.xml
auto.tcl: Setting watchdog for 200 seconds at Thu Mar 28 06:40:53 UTC 2019
2 ms. Memory: 337408K Free: 323380K (96%)
ptolemy.util.test.WatchDog.cancel(): canceling Thu Mar 28 06:40:53 UTC 2019
auto.tcl: Setting watchdog for 200 seconds at Thu Mar 28 06:40:53 UTC 2019
2 ms. Memory: 337408K Free: 323380K (96%)
ptolemy.util.test.WatchDog.cancel(): canceling Thu Mar 28 06:40:53 UTC 2019
------------------ testing $PTII/ptolemy/domains/de/test/auto/VariableDelayZeroDelay2.xml
auto.tcl: Setting watchdog for 200 seconds at Thu Mar 28 06:40:53 UTC 2019
2 ms. Memory: 339456K Free: 325426K (96%)
ptolemy.util.test.WatchDog.cancel(): canceling Thu Mar 28 06:40:53 UTC 2019
auto.tcl: Setting watchdog for 200 seconds at Thu Mar 28 06:40:53 UTC 2019
2 ms. Memory: 339456K Free: 321444K (95%)
ptolemy.util.test.WatchDog.cancel(): canceling Thu Mar 28 06:40:53 UTC 2019
------------------ testing $PTII/ptolemy/domains/de/test/auto/deInCt.xml
auto.tcl: Setting watchdog for 200 seconds at Thu Mar 28 06:40:53 UTC 2019
0
1
1
1
0
0
0
1
1
1
1
0
0
0
0
1
1
1
0
0
0
1
1
1
0
0
0
0
1
1
1
1
1
13 ms. Memory: 337408K Free: 323369K (96%)
ptolemy.util.test.WatchDog.cancel(): canceling Thu Mar 28 06:40:53 UTC 2019
auto.tcl: Setting watchdog for 200 seconds at Thu Mar 28 06:40:53 UTC 2019
0
1
1
1
0
0
0
1
1
1
0
0
1
1
1
0
0
0
1
1
1
1
1
0
0
0
0
1
1
1
0
0
0
0
0
10 ms. Memory: 337408K Free: 319371K (95%)
ptolemy.util.test.WatchDog.cancel(): canceling Thu Mar 28 06:40:53 UTC 2019
------------------ testing $PTII/ptolemy/domains/de/test/auto/deInCt2.xml
auto.tcl: Setting watchdog for 200 seconds at Thu Mar 28 06:40:53 UTC 2019
0
1
1
1
0
0
1
1
1
0
0
1
1
1
0
0
1
1
1
0
0
1
1
1
0
0
1
1
1
0
0
1
1
1
0
0
1
1
1
0
0
0
20 ms. Memory: 338944K Free: 324911K (96%)
ptolemy.util.test.WatchDog.cancel(): canceling Thu Mar 28 06:40:54 UTC 2019
auto.tcl: Setting watchdog for 200 seconds at Thu Mar 28 06:40:54 UTC 2019
0
1
1
1
0
0
1
1
1
0
0
1
1
1
0
0
1
1
1
0
0
1
1
1
0
0
1
1
1
0
0
1
1
1
0
0
1
1
1
0
0
0
4 ms. Memory: 338944K Free: 320912K (95%)
ptolemy.util.test.WatchDog.cancel(): canceling Thu Mar 28 06:40:54 UTC 2019
------------------ testing $PTII/ptolemy/domains/de/test/auto/dynamicCausalityInterface1.xml
auto.tcl: Setting watchdog for 200 seconds at Thu Mar 28 06:40:54 UTC 2019
2 ms. Memory: 337408K Free: 315374K (93%)
ptolemy.util.test.WatchDog.cancel(): canceling Thu Mar 28 06:40:54 UTC 2019
auto.tcl: Setting watchdog for 200 seconds at Thu Mar 28 06:40:54 UTC 2019
0 ms. Memory: 337408K Free: 315374K (93%)
ptolemy.util.test.WatchDog.cancel(): canceling Thu Mar 28 06:40:54 UTC 2019
------------------ testing $PTII/ptolemy/domains/de/test/auto/fsm_de_test.xml
auto.tcl: Setting watchdog for 200 seconds at Thu Mar 28 06:40:54 UTC 2019
14 ms. Memory: 338944K Free: 320803K (95%)
ptolemy.util.test.WatchDog.cancel(): canceling Thu Mar 28 06:40:54 UTC 2019
auto.tcl: Setting watchdog for 200 seconds at Thu Mar 28 06:40:54 UTC 2019
5 ms. Memory: 338944K Free: 316804K (93%)
ptolemy.util.test.WatchDog.cancel(): canceling Thu Mar 28 06:40:54 UTC 2019
------------------ testing $PTII/ptolemy/domains/de/test/auto/functionDependencyReconstruction.xml
auto.tcl: Setting watchdog for 200 seconds at Thu Mar 28 06:40:54 UTC 2019
3 ms. Memory: 337408K Free: 311277K (92%)
ptolemy.util.test.WatchDog.cancel(): canceling Thu Mar 28 06:40:54 UTC 2019
auto.tcl: Setting watchdog for 200 seconds at Thu Mar 28 06:40:54 UTC 2019
3 ms. Memory: 337408K Free: 307279K (91%)
ptolemy.util.test.WatchDog.cancel(): canceling Thu Mar 28 06:40:54 UTC 2019
------------------ testing $PTII/ptolemy/domains/de/test/auto/multirate.xml
auto.tcl: Setting watchdog for 200 seconds at Thu Mar 28 06:40:54 UTC 2019
5 ms. Memory: 338432K Free: 320172K (95%)
ptolemy.util.test.WatchDog.cancel(): canceling Thu Mar 28 06:40:54 UTC 2019
auto.tcl: Setting watchdog for 200 seconds at Thu Mar 28 06:40:54 UTC 2019
2 ms. Memory: 338432K Free: 320172K (95%)
ptolemy.util.test.WatchDog.cancel(): canceling Thu Mar 28 06:40:54 UTC 2019
------------------ testing $PTII/ptolemy/domains/de/test/auto/multirate2.xml
auto.tcl: Setting watchdog for 200 seconds at Thu Mar 28 06:40:54 UTC 2019
3 ms. Memory: 337408K Free: 319320K (95%)
ptolemy.util.test.WatchDog.cancel(): canceling Thu Mar 28 06:40:54 UTC 2019
auto.tcl: Setting watchdog for 200 seconds at Thu Mar 28 06:40:54 UTC 2019
3 ms. Memory: 337408K Free: 319320K (95%)
ptolemy.util.test.WatchDog.cancel(): canceling Thu Mar 28 06:40:54 UTC 2019
------------------ testing $PTII/ptolemy/domains/de/test/auto/realtime.xml
auto.tcl: Setting watchdog for 200 seconds at Thu Mar 28 06:40:54 UTC 2019
10001 ms. Memory: 338432K Free: 324335K (96%)
ptolemy.util.test.WatchDog.cancel(): canceling Thu Mar 28 06:41:04 UTC 2019
auto.tcl: Setting watchdog for 200 seconds at Thu Mar 28 06:41:04 UTC 2019
10002 ms. Memory: 338432K Free: 320337K (95%)
ptolemy.util.test.WatchDog.cancel(): canceling Thu Mar 28 06:41:14 UTC 2019
------------------ testing $PTII/ptolemy/domains/de/test/auto/relationGroup.xml
auto.tcl: Setting watchdog for 200 seconds at Thu Mar 28 06:41:14 UTC 2019
1 ms. Memory: 337408K Free: 323343K (96%)
ptolemy.util.test.WatchDog.cancel(): canceling Thu Mar 28 06:41:14 UTC 2019
auto.tcl: Setting watchdog for 200 seconds at Thu Mar 28 06:41:14 UTC 2019
1 ms. Memory: 337408K Free: 323343K (96%)
ptolemy.util.test.WatchDog.cancel(): canceling Thu Mar 28 06:41:14 UTC 2019
------------------ testing $PTII/ptolemy/domains/de/test/auto/relationGroup2.xml
auto.tcl: Setting watchdog for 200 seconds at Thu Mar 28 06:41:14 UTC 2019
1 ms. Memory: 338432K Free: 324393K (96%)
ptolemy.util.test.WatchDog.cancel(): canceling Thu Mar 28 06:41:14 UTC 2019
auto.tcl: Setting watchdog for 200 seconds at Thu Mar 28 06:41:14 UTC 2019
1 ms. Memory: 338432K Free: 324393K (96%)
ptolemy.util.test.WatchDog.cancel(): canceling Thu Mar 28 06:41:14 UTC 2019
------------------ testing $PTII/ptolemy/domains/de/test/auto/sortWithOpaquePorts.xml
auto.tcl: Setting watchdog for 200 seconds at Thu Mar 28 06:41:14 UTC 2019
1 ms. Memory: 337408K Free: 323370K (96%)
ptolemy.util.test.WatchDog.cancel(): canceling Thu Mar 28 06:41:14 UTC 2019
auto.tcl: Setting watchdog for 200 seconds at Thu Mar 28 06:41:14 UTC 2019
2 ms. Memory: 337408K Free: 319372K (95%)
ptolemy.util.test.WatchDog.cancel(): canceling Thu Mar 28 06:41:14 UTC 2019
------------------ testing $PTII/ptolemy/domains/de/test/auto/transferInputsandOutputs.xml
auto.tcl: Setting watchdog for 200 seconds at Thu Mar 28 06:41:14 UTC 2019
2 ms. Memory: 337920K Free: 319887K (95%)
ptolemy.util.test.WatchDog.cancel(): canceling Thu Mar 28 06:41:14 UTC 2019
auto.tcl: Setting watchdog for 200 seconds at Thu Mar 28 06:41:14 UTC 2019
2 ms. Memory: 337920K Free: 319887K (95%)
ptolemy.util.test.WatchDog.cancel(): canceling Thu Mar 28 06:41:14 UTC 2019
------------------ testing $PTII/ptolemy/domains/de/test/auto/triggerType.xml
auto.tcl: Setting watchdog for 200 seconds at Thu Mar 28 06:41:14 UTC 2019
1 ms. Memory: 337408K Free: 323306K (96%)
ptolemy.util.test.WatchDog.cancel(): canceling Thu Mar 28 06:41:14 UTC 2019
auto.tcl: Setting watchdog for 200 seconds at Thu Mar 28 06:41:14 UTC 2019
1 ms. Memory: 337408K Free: 319324K (95%)
ptolemy.util.test.WatchDog.cancel(): canceling Thu Mar 28 06:41:14 UTC 2019
03/28/19 06:41:14
Failed: 0  Total Tests: 192  ((Passed: 187, Newly Passed: 1)  Known Failed: 5) /home/travis/build/icyphy/ptII/ptolemy/domains/de/test
03/28/19 06:41:14
Failed: 0  Total Tests: 192  ((Passed: 187, Newly Passed: 1)  Known Failed: 5) /home/travis/build/icyphy/ptII/ptolemy/domains/de/test
----------------- testing (KnownFailure) /home/travis/build/icyphy/ptII/ptolemy/domains/de/test/auto/knownFailedTests/DESDFClockTest.xml
2012 ms. Memory: 337920K Free: 308489K (91%)
Known Failure: java.lang.reflect.InvocationTargetException
----------------- testing (KnownFailure) /home/travis/build/icyphy/ptII/ptolemy/domains/de/test/auto/knownFailedTests/DirectFeedback.xml
1 ms. Memory: 337920K Free: 288008K (85%)
Known Failure: java.lang.reflect.InvocationTargetException
----------------- testing (KnownFailure) /home/travis/build/icyphy/ptII/ptolemy/domains/de/test/auto/knownFailedTests/FSMSource.xml
15 ms. Memory: 337920K Free: 267528K (79%)
----------------- testing (KnownFailure) /home/travis/build/icyphy/ptII/ptolemy/domains/de/test/auto/knownFailedTests/HierarchicalModel.xml
3 ms. Memory: 337920K Free: 241896K (72%)
Known Failure: java.lang.reflect.InvocationTargetException
----------------- testing (KnownFailure) /home/travis/build/icyphy/ptII/ptolemy/domains/de/test/auto/knownFailedTests/dependencyLoop.xml
2 ms. Memory: 337920K Free: 211159K (62%)
Known Failure: java.lang.reflect.InvocationTargetException
----------------- testing (KnownFailure) /home/travis/build/icyphy/ptII/ptolemy/domains/de/test/auto/knownFailedTests/dependencyLoop2.xml
3 ms. Memory: 337920K Free: 180423K (53%)
Known Failure: java.lang.reflect.InvocationTargetException
No auto/linux-amd64/*.xml tests in /home/travis/build/icyphy/ptII/ptolemy/domains/de/test
AutoTests.java: About to close Vertx.
AutoTests.java: Vertx closed.

===========================================================================================
----------------- testing Thu Mar 28 06:41:17 UTC 2019 /home/travis/build/icyphy/ptII/ptolemy/domains/de/test/auto/ActorDepthCalculation_actorWithoutPorts.xml
----------------- Instantiating /home/travis/build/icyphy/ptII/ptolemy/domains/de/test/auto/ActorDepthCalculation_actorWithoutPorts.xml
1 ms. Memory: 337920K Free: 154823K (46%)
----------------- Invoking toplevel() on ptolemy.moml.MoMLSimpleApplication@762e082
----------------- Done invoking toplevel() on ptolemy.moml.MoMLSimpleApplication@762e082
reloadAllAccessors: .ActorDepthCalculation_actorWithoutPorts

===========================================================================================
----------------- testing Thu Mar 28 06:41:17 UTC 2019 /home/travis/build/icyphy/ptII/ptolemy/domains/de/test/auto/AssemblyLine.xml
----------------- Instantiating /home/travis/build/icyphy/ptII/ptolemy/domains/de/test/auto/AssemblyLine.xml
2 ms. Memory: 337920K Free: 139447K (41%)
----------------- Invoking toplevel() on ptolemy.moml.MoMLSimpleApplication@627bd758
----------------- Done invoking toplevel() on ptolemy.moml.MoMLSimpleApplication@627bd758
reloadAllAccessors: .AssemblyLine

===========================================================================================
----------------- testing Thu Mar 28 06:41:17 UTC 2019 /home/travis/build/icyphy/ptII/ptolemy/domains/de/test/auto/CQBug1.xml
----------------- Instantiating /home/travis/build/icyphy/ptII/ptolemy/domains/de/test/auto/CQBug1.xml
1 ms. Memory: 337920K Free: 129207K (38%)
----------------- Invoking toplevel() on ptolemy.moml.MoMLSimpleApplication@5981c6f8
----------------- Done invoking toplevel() on ptolemy.moml.MoMLSimpleApplication@5981c6f8
reloadAllAccessors: .CQBug1

===========================================================================================
----------------- testing Thu Mar 28 06:41:17 UTC 2019 /home/travis/build/icyphy/ptII/ptolemy/domains/de/test/auto/CancelFireAt.xml
----------------- Instantiating /home/travis/build/icyphy/ptII/ptolemy/domains/de/test/auto/CancelFireAt.xml
1 ms. Memory: 337920K Free: 118967K (35%)
----------------- Invoking toplevel() on ptolemy.moml.MoMLSimpleApplication@43d1788c
----------------- Done invoking toplevel() on ptolemy.moml.MoMLSimpleApplication@43d1788c
reloadAllAccessors: .CancelFireAt

===========================================================================================
----------------- testing Thu Mar 28 06:41:17 UTC 2019 /home/travis/build/icyphy/ptII/ptolemy/domains/de/test/auto/CausalityAndComposabilityAnalysis.xml
----------------- Instantiating /home/travis/build/icyphy/ptII/ptolemy/domains/de/test/auto/CausalityAndComposabilityAnalysis.xml
2 ms. Memory: 337920K Free: 108727K (32%)
----------------- Invoking toplevel() on ptolemy.moml.MoMLSimpleApplication@3e151b40
----------------- Done invoking toplevel() on ptolemy.moml.MoMLSimpleApplication@3e151b40
reloadAllAccessors: .CausalityAndComposabilityAnalysis

===========================================================================================
----------------- testing Thu Mar 28 06:41:17 UTC 2019 /home/travis/build/icyphy/ptII/ptolemy/domains/de/test/auto/CausalityInterface1.xml
----------------- Instantiating /home/travis/build/icyphy/ptII/ptolemy/domains/de/test/auto/CausalityInterface1.xml
4 ms. Memory: 337920K Free: 98486K (29%)
----------------- Invoking toplevel() on ptolemy.moml.MoMLSimpleApplication@751e65a8
----------------- Done invoking toplevel() on ptolemy.moml.MoMLSimpleApplication@751e65a8
reloadAllAccessors: .CausalityInterface1

===========================================================================================
----------------- testing Thu Mar 28 06:41:17 UTC 2019 /home/travis/build/icyphy/ptII/ptolemy/domains/de/test/auto/CausalityInterface15.xml
----------------- Instantiating /home/travis/build/icyphy/ptII/ptolemy/domains/de/test/auto/CausalityInterface15.xml
2 ms. Memory: 337920K Free: 84264K (25%)
----------------- Invoking toplevel() on ptolemy.moml.MoMLSimpleApplication@21875aaa
----------------- Done invoking toplevel() on ptolemy.moml.MoMLSimpleApplication@21875aaa
reloadAllAccessors: .CausalityInterface15

[...]
java.lang.RuntimeException: Execution failed
	at ptolemy.moml.MoMLSimpleApplication$UnloadThread.run(MoMLSimpleApplication.java:402)
Caused by: ptolemy.kernel.util.IllegalActionException: Test fails in iteration 1.
Value was: 1.0. Should have been: 2.0
  in .DirectFeedback.Test
	at ptolemy.actor.lib.Test.fire(Test.java:268)
	at ptolemy.domains.de.kernel.DEDirector._fire(DEDirector.java:1949)
	at ptolemy.domains.de.kernel.DEDirector.fire(DEDirector.java:502)
	at ptolemy.actor.CompositeActor.fire(CompositeActor.java:455)
	at ptolemy.actor.Manager.iterate(Manager.java:851)
	at ptolemy.actor.Manager.execute(Manager.java:369)
	at ptolemy.actor.Manager.run(Manager.java:1263)
	at ptolemy.actor.Manager$PtolemyRunThread.run(Manager.java:1915)
java.lang.RuntimeException: Execution failed
	at ptolemy.moml.MoMLSimpleApplication$UnloadThread.run(MoMLSimpleApplication.java:402)
Caused by: ptolemy.kernel.util.IllegalActionException: Actor is not ready to fire.  Perhaps UpSample.prefire() returned false? Try debugging the actor by selecting "Listen to Actor".  Also, for SDF check moml for tokenConsumptionRate on input.
  in .DESDFClockTest.Play Bell.Copy1:SDF Director and .DESDFClockTest.Play Bell.UpSample
	at ptolemy.actor.sched.StaticSchedulingDirector.fire(StaticSchedulingDirector.java:227)
	at ptolemy.domains.sdf.kernel.SDFDirector.fire(SDFDirector.java:500)
	at ptolemy.actor.CompositeActor.fire(CompositeActor.java:455)
	at ptolemy.domains.de.kernel.DEDirector._fire(DEDirector.java:1949)
	at ptolemy.domains.de.kernel.DEDirector.fire(DEDirector.java:502)
	at ptolemy.actor.CompositeActor.fire(CompositeActor.java:455)
	at ptolemy.actor.Manager.iterate(Manager.java:851)
	at ptolemy.actor.Manager.execute(Manager.java:369)
	at ptolemy.actor.Manager.run(Manager.java:1263)
	at ptolemy.actor.Manager$PtolemyRunThread.run(Manager.java:1915)
java.lang.reflect.InvocationTargetException
	at sun.reflect.NativeConstructorAccessorImpl.newInstance0(Native Method)
	at sun.reflect.NativeConstructorAccessorImpl.newInstance(NativeConstructorAccessorImpl.java:62)
	at sun.reflect.DelegatingConstructorAccessorImpl.newInstance(DelegatingConstructorAccessorImpl.java:45)
	at java.lang.reflect.Constructor.newInstance(Constructor.java:423)
	at ptolemy.util.test.junit.AutoKnownFailedTests.RunModel(AutoKnownFailedTests.java:105)
	at sun.reflect.NativeMethodAccessorImpl.invoke0(Native Method)
	at sun.reflect.NativeMethodAccessorImpl.invoke(NativeMethodAccessorImpl.java:62)
	at sun.reflect.DelegatingMethodAccessorImpl.invoke(DelegatingMethodAccessorImpl.java:43)
	at java.lang.reflect.Method.invoke(Method.java:498)
	at org.junit.runners.model.FrameworkMethod$1.runReflectiveCall(FrameworkMethod.java:44)
	at org.junit.internal.runners.model.ReflectiveCallable.run(ReflectiveCallable.java:15)
	at org.junit.runners.model.FrameworkMethod.invokeExplosively(FrameworkMethod.java:41)
	at junitparams.internal.InvokeParameterisedMethod.evaluate(InvokeParameterisedMethod.java:102)
	at org.junit.internal.runners.statements.FailOnTimeout$1.run(FailOnTimeout.java:28)
Caused by: ptolemy.kernel.util.IllegalActionException: Actor is not ready to fire.  Perhaps UpSample.prefire() returned false? Try debugging the actor by selecting "Listen to Actor".  Also, for SDF check moml for tokenConsumptionRate on input.
  in .DESDFClockTest.Play Bell.Copy1:SDF Director and .DESDFClockTest.Play Bell.UpSample
	at ptolemy.actor.sched.StaticSchedulingDirector.fire(StaticSchedulingDirector.java:227)
	at ptolemy.domains.sdf.kernel.SDFDirector.fire(SDFDirector.java:500)
	at ptolemy.actor.CompositeActor.fire(CompositeActor.java:455)
	at ptolemy.domains.de.kernel.DEDirector._fire(DEDirector.java:1949)
	at ptolemy.domains.de.kernel.DEDirector.fire(DEDirector.java:502)
	at ptolemy.actor.CompositeActor.fire(CompositeActor.java:455)
	at ptolemy.actor.Manager.iterate(Manager.java:851)
	at ptolemy.actor.Manager.execute(Manager.java:369)
	at ptolemy.actor.Manager.run(Manager.java:1263)
	at ptolemy.actor.Manager$PtolemyRunThread.run(Manager.java:1915)
java.lang.RuntimeException: Execution failed
	at ptolemy.moml.MoMLSimpleApplication$UnloadThread.run(MoMLSimpleApplication.java:402)
Caused by: ptolemy.kernel.util.IllegalActionException: Test fails in iteration 1.
Value was: 1.0. Should have been: 2.0
  in .DirectFeedback.Test
	at ptolemy.actor.lib.Test.fire(Test.java:268)
	at ptolemy.domains.de.kernel.DEDirector._fire(DEDirector.java:1949)
	at ptolemy.domains.de.kernel.DEDirector.fire(DEDirector.java:502)
	at ptolemy.actor.CompositeActor.fire(CompositeActor.java:455)
	at ptolemy.actor.Manager.iterate(Manager.java:851)
	at ptolemy.actor.Manager.execute(Manager.java:369)
	at ptolemy.actor.Manager.run(Manager.java:1263)
	at ptolemy.actor.Manager$PtolemyRunThread.run(Manager.java:1915)
java.lang.reflect.InvocationTargetException
	at sun.reflect.NativeConstructorAccessorImpl.newInstance0(Native Method)
	at sun.reflect.NativeConstructorAccessorImpl.newInstance(NativeConstructorAccessorImpl.java:62)
	at sun.reflect.DelegatingConstructorAccessorImpl.newInstance(DelegatingConstructorAccessorImpl.java:45)
	at java.lang.reflect.Constructor.newInstance(Constructor.java:423)
	at ptolemy.util.test.junit.AutoKnownFailedTests.RunModel(AutoKnownFailedTests.java:105)
	at sun.reflect.NativeMethodAccessorImpl.invoke0(Native Method)
	at sun.reflect.NativeMethodAccessorImpl.invoke(NativeMethodAccessorImpl.java:62)
	at sun.reflect.DelegatingMethodAccessorImpl.invoke(DelegatingMethodAccessorImpl.java:43)
	at java.lang.reflect.Method.invoke(Method.java:498)
	at org.junit.runners.model.FrameworkMethod$1.runReflectiveCall(FrameworkMethod.java:44)
	at org.junit.internal.runners.model.ReflectiveCallable.run(ReflectiveCallable.java:15)
	at org.junit.runners.model.FrameworkMethod.invokeExplosively(FrameworkMethod.java:41)
	at junitparams.internal.InvokeParameterisedMethod.evaluate(InvokeParameterisedMethod.java:102)
	at org.junit.internal.runners.statements.FailOnTimeout$1.run(FailOnTimeout.java:28)
Caused by: ptolemy.kernel.util.IllegalActionException: Test fails in iteration 1.
Value was: 1.0. Should have been: 2.0
  in .DirectFeedback.Test
	at ptolemy.actor.lib.Test.fire(Test.java:268)
	at ptolemy.domains.de.kernel.DEDirector._fire(DEDirector.java:1949)
	at ptolemy.domains.de.kernel.DEDirector.fire(DEDirector.java:502)
	at ptolemy.actor.CompositeActor.fire(CompositeActor.java:455)
	at ptolemy.actor.Manager.iterate(Manager.java:851)
	at ptolemy.actor.Manager.execute(Manager.java:369)
	at ptolemy.actor.Manager.run(Manager.java:1263)
	at ptolemy.actor.Manager$PtolemyRunThread.run(Manager.java:1915)
java.lang.RuntimeException: Execution failed
	at ptolemy.moml.MoMLSimpleApplication$UnloadThread.run(MoMLSimpleApplication.java:402)
Caused by: ptolemy.kernel.util.IllegalActionException: Found a zero delay loop containing .HierarchicalModel.A
  in .HierarchicalModel and .HierarchicalModel.A
	at ptolemy.actor.util.CausalityInterfaceForComposites._computeOutputPortDepth(CausalityInterfaceForComposites.java:759)
	at ptolemy.actor.util.CausalityInterfaceForComposites._computeInputDepth(CausalityInterfaceForComposites.java:696)
	at ptolemy.actor.util.CausalityInterfaceForComposites._computeOutputPortDepth(CausalityInterfaceForComposites.java:765)
	at ptolemy.actor.util.CausalityInterfaceForComposites._computeInputDepth(CausalityInterfaceForComposites.java:696)
	at ptolemy.actor.util.CausalityInterfaceForComposites._computeOutputPortDepth(CausalityInterfaceForComposites.java:765)
	at ptolemy.actor.util.CausalityInterfaceForComposites._computeInputDepth(CausalityInterfaceForComposites.java:696)
	at ptolemy.actor.util.CausalityInterfaceForComposites._computeActorDepth(CausalityInterfaceForComposites.java:532)
	at ptolemy.actor.util.CausalityInterfaceForComposites.checkForCycles(CausalityInterfaceForComposites.java:96)
	at ptolemy.domains.de.kernel.DEDirector.preinitialize(DEDirector.java:1338)
	at ptolemy.actor.CompositeActor.preinitialize(CompositeActor.java:1828)
	at ptolemy.actor.Manager.preinitializeAndResolveTypes(Manager.java:1040)
	at ptolemy.actor.Manager.initialize(Manager.java:710)
	at ptolemy.actor.Manager.execute(Manager.java:356)
	at ptolemy.actor.Manager.run(Manager.java:1263)
	at ptolemy.actor.Manager$PtolemyRunThread.run(Manager.java:1915)
java.lang.reflect.InvocationTargetException
	at sun.reflect.NativeConstructorAccessorImpl.newInstance0(Native Method)
	at sun.reflect.NativeConstructorAccessorImpl.newInstance(NativeConstructorAccessorImpl.java:62)
	at sun.reflect.DelegatingConstructorAccessorImpl.newInstance(DelegatingConstructorAccessorImpl.java:45)
	at java.lang.reflect.Constructor.newInstance(Constructor.java:423)
	at ptolemy.util.test.junit.AutoKnownFailedTests.RunModel(AutoKnownFailedTests.java:105)
	at sun.reflect.NativeMethodAccessorImpl.invoke0(Native Method)
	at sun.reflect.NativeMethodAccessorImpl.invoke(NativeMethodAccessorImpl.java:62)
	at sun.reflect.DelegatingMethodAccessorImpl.invoke(DelegatingMethodAccessorImpl.java:43)
	at java.lang.reflect.Method.invoke(Method.java:498)
	at org.junit.runners.model.FrameworkMethod$1.runReflectiveCall(FrameworkMethod.java:44)
	at org.junit.internal.runners.model.ReflectiveCallable.run(ReflectiveCallable.java:15)
	at org.junit.runners.model.FrameworkMethod.invokeExplosively(FrameworkMethod.java:41)
	at junitparams.internal.InvokeParameterisedMethod.evaluate(InvokeParameterisedMethod.java:102)
	at org.junit.internal.runners.statements.FailOnTimeout$1.run(FailOnTimeout.java:28)
Caused by: ptolemy.kernel.util.IllegalActionException: Found a zero delay loop containing .HierarchicalModel.A
  in .HierarchicalModel and .HierarchicalModel.A
	at ptolemy.actor.util.CausalityInterfaceForComposites._computeOutputPortDepth(CausalityInterfaceForComposites.java:759)
	at ptolemy.actor.util.CausalityInterfaceForComposites._computeInputDepth(CausalityInterfaceForComposites.java:696)
	at ptolemy.actor.util.CausalityInterfaceForComposites._computeOutputPortDepth(CausalityInterfaceForComposites.java:765)
	at ptolemy.actor.util.CausalityInterfaceForComposites._computeInputDepth(CausalityInterfaceForComposites.java:696)
	at ptolemy.actor.util.CausalityInterfaceForComposites._computeOutputPortDepth(CausalityInterfaceForComposites.java:765)
	at ptolemy.actor.util.CausalityInterfaceForComposites._computeInputDepth(CausalityInterfaceForComposites.java:696)
	at ptolemy.actor.util.CausalityInterfaceForComposites._computeActorDepth(CausalityInterfaceForComposites.java:532)
	at ptolemy.actor.util.CausalityInterfaceForComposites.checkForCycles(CausalityInterfaceForComposites.java:96)
	at ptolemy.domains.de.kernel.DEDirector.preinitialize(DEDirector.java:1338)
	at ptolemy.actor.CompositeActor.preinitialize(CompositeActor.java:1828)
	at ptolemy.actor.Manager.preinitializeAndResolveTypes(Manager.java:1040)
	at ptolemy.actor.Manager.initialize(Manager.java:710)
	at ptolemy.actor.Manager.execute(Manager.java:356)
	at ptolemy.actor.Manager.run(Manager.java:1263)
	at ptolemy.actor.Manager$PtolemyRunThread.run(Manager.java:1915)
java.lang.RuntimeException: Execution failed
	at ptolemy.moml.MoMLSimpleApplication$UnloadThread.run(MoMLSimpleApplication.java:402)
Caused by: ptolemy.kernel.util.IllegalActionException: Found a zero delay loop containing .dependencyLoop.original
  in .dependencyLoop and .dependencyLoop.original
	at ptolemy.actor.util.CausalityInterfaceForComposites._computeOutputPortDepth(CausalityInterfaceForComposites.java:759)
	at ptolemy.actor.util.CausalityInterfaceForComposites._computeInputDepth(CausalityInterfaceForComposites.java:696)
	at ptolemy.actor.util.CausalityInterfaceForComposites._computeOutputPortDepth(CausalityInterfaceForComposites.java:765)
	at ptolemy.actor.util.CausalityInterfaceForComposites._computeInputDepth(CausalityInterfaceForComposites.java:696)
	at ptolemy.actor.util.CausalityInterfaceForComposites._computeOutputPortDepth(CausalityInterfaceForComposites.java:765)
	at ptolemy.actor.util.CausalityInterfaceForComposites._computeInputDepth(CausalityInterfaceForComposites.java:696)
	at ptolemy.actor.util.CausalityInterfaceForComposites._computeActorDepth(CausalityInterfaceForComposites.java:532)
	at ptolemy.actor.util.CausalityInterfaceForComposites.checkForCycles(CausalityInterfaceForComposites.java:96)
	at ptolemy.domains.de.kernel.DEDirector.preinitialize(DEDirector.java:1338)
	at ptolemy.actor.CompositeActor.preinitialize(CompositeActor.java:1828)
	at ptolemy.actor.Manager.preinitializeAndResolveTypes(Manager.java:1040)
	at ptolemy.actor.Manager.initialize(Manager.java:710)
	at ptolemy.actor.Manager.execute(Manager.java:356)
	at ptolemy.actor.Manager.run(Manager.java:1263)
	at ptolemy.actor.Manager$PtolemyRunThread.run(Manager.java:1915)
java.lang.reflect.InvocationTargetException
	at sun.reflect.NativeConstructorAccessorImpl.newInstance0(Native Method)
	at sun.reflect.NativeConstructorAccessorImpl.newInstance(NativeConstructorAccessorImpl.java:62)
	at sun.reflect.DelegatingConstructorAccessorImpl.newInstance(DelegatingConstructorAccessorImpl.java:45)
	at java.lang.reflect.Constructor.newInstance(Constructor.java:423)
	at ptolemy.util.test.junit.AutoKnownFailedTests.RunModel(AutoKnownFailedTests.java:105)
	at sun.reflect.NativeMethodAccessorImpl.invoke0(Native Method)
	at sun.reflect.NativeMethodAccessorImpl.invoke(NativeMethodAccessorImpl.java:62)
	at sun.reflect.DelegatingMethodAccessorImpl.invoke(DelegatingMethodAccessorImpl.java:43)
	at java.lang.reflect.Method.invoke(Method.java:498)
	at org.junit.runners.model.FrameworkMethod$1.runReflectiveCall(FrameworkMethod.java:44)
	at org.junit.internal.runners.model.ReflectiveCallable.run(ReflectiveCallable.java:15)
	at org.junit.runners.model.FrameworkMethod.invokeExplosively(FrameworkMethod.java:41)
	at junitparams.internal.InvokeParameterisedMethod.evaluate(InvokeParameterisedMethod.java:102)
	at org.junit.internal.runners.statements.FailOnTimeout$1.run(FailOnTimeout.java:28)
Caused by: ptolemy.kernel.util.IllegalActionException: Found a zero delay loop containing .dependencyLoop.original
  in .dependencyLoop and .dependencyLoop.original
	at ptolemy.actor.util.CausalityInterfaceForComposites._computeOutputPortDepth(CausalityInterfaceForComposites.java:759)
	at ptolemy.actor.util.CausalityInterfaceForComposites._computeInputDepth(CausalityInterfaceForComposites.java:696)
	at ptolemy.actor.util.CausalityInterfaceForComposites._computeOutputPortDepth(CausalityInterfaceForComposites.java:765)
	at ptolemy.actor.util.CausalityInterfaceForComposites._computeInputDepth(CausalityInterfaceForComposites.java:696)
	at ptolemy.actor.util.CausalityInterfaceForComposites._computeOutputPortDepth(CausalityInterfaceForComposites.java:765)
	at ptolemy.actor.util.CausalityInterfaceForComposites._computeInputDepth(CausalityInterfaceForComposites.java:696)
	at ptolemy.actor.util.CausalityInterfaceForComposites._computeActorDepth(CausalityInterfaceForComposites.java:532)
	at ptolemy.actor.util.CausalityInterfaceForComposites.checkForCycles(CausalityInterfaceForComposites.java:96)
	at ptolemy.domains.de.kernel.DEDirector.preinitialize(DEDirector.java:1338)
	at ptolemy.actor.CompositeActor.preinitialize(CompositeActor.java:1828)
	at ptolemy.actor.Manager.preinitializeAndResolveTypes(Manager.java:1040)
	at ptolemy.actor.Manager.initialize(Manager.java:710)
	at ptolemy.actor.Manager.execute(Manager.java:356)
	at ptolemy.actor.Manager.run(Manager.java:1263)
	at ptolemy.actor.Manager$PtolemyRunThread.run(Manager.java:1915)
java.lang.RuntimeException: Execution failed
	at ptolemy.moml.MoMLSimpleApplication$UnloadThread.run(MoMLSimpleApplication.java:402)
Caused by: ptolemy.kernel.util.IllegalActionException: Found a zero delay loop containing .dependencyLoop2.original
  in .dependencyLoop2 and .dependencyLoop2.original
	at ptolemy.actor.util.CausalityInterfaceForComposites._computeOutputPortDepth(CausalityInterfaceForComposites.java:759)
	at ptolemy.actor.util.CausalityInterfaceForComposites._computeInputDepth(CausalityInterfaceForComposites.java:696)
	at ptolemy.actor.util.CausalityInterfaceForComposites._computeOutputPortDepth(CausalityInterfaceForComposites.java:765)
	at ptolemy.actor.util.CausalityInterfaceForComposites._computeInputDepth(CausalityInterfaceForComposites.java:696)
	at ptolemy.actor.util.CausalityInterfaceForComposites._computeOutputPortDepth(CausalityInterfaceForComposites.java:765)
	at ptolemy.actor.util.CausalityInterfaceForComposites._computeInputDepth(CausalityInterfaceForComposites.java:696)
	at ptolemy.actor.util.CausalityInterfaceForComposites._computeActorDepth(CausalityInterfaceForComposites.java:532)
	at ptolemy.actor.util.CausalityInterfaceForComposites.checkForCycles(CausalityInterfaceForComposites.java:96)
	at ptolemy.domains.de.kernel.DEDirector.preinitialize(DEDirector.java:1338)
	at ptolemy.actor.CompositeActor.preinitialize(CompositeActor.java:1828)
	at ptolemy.actor.Manager.preinitializeAndResolveTypes(Manager.java:1040)
	at ptolemy.actor.Manager.initialize(Manager.java:710)
	at ptolemy.actor.Manager.execute(Manager.java:356)
	at ptolemy.actor.Manager.run(Manager.java:1263)
	at ptolemy.actor.Manager$PtolemyRunThread.run(Manager.java:1915)
java.lang.reflect.InvocationTargetException
	at sun.reflect.NativeConstructorAccessorImpl.newInstance0(Native Method)
	at sun.reflect.NativeConstructorAccessorImpl.newInstance(NativeConstructorAccessorImpl.java:62)
	at sun.reflect.DelegatingConstructorAccessorImpl.newInstance(DelegatingConstructorAccessorImpl.java:45)
	at java.lang.reflect.Constructor.newInstance(Constructor.java:423)
	at ptolemy.util.test.junit.AutoKnownFailedTests.RunModel(AutoKnownFailedTests.java:105)
	at sun.reflect.NativeMethodAccessorImpl.invoke0(Native Method)
	at sun.reflect.NativeMethodAccessorImpl.invoke(NativeMethodAccessorImpl.java:62)
	at sun.reflect.DelegatingMethodAccessorImpl.invoke(DelegatingMethodAccessorImpl.java:43)
	at java.lang.reflect.Method.invoke(Method.java:498)
	at org.junit.runners.model.FrameworkMethod$1.runReflectiveCall(FrameworkMethod.java:44)
	at org.junit.internal.runners.model.ReflectiveCallable.run(ReflectiveCallable.java:15)
	at org.junit.runners.model.FrameworkMethod.invokeExplosively(FrameworkMethod.java:41)
	at junitparams.internal.InvokeParameterisedMethod.evaluate(InvokeParameterisedMethod.java:102)
	at org.junit.internal.runners.statements.FailOnTimeout$1.run(FailOnTimeout.java:28)
Caused by: ptolemy.kernel.util.IllegalActionException: Found a zero delay loop containing .dependencyLoop2.original
  in .dependencyLoop2 and .dependencyLoop2.original
	at ptolemy.actor.util.CausalityInterfaceForComposites._computeOutputPortDepth(CausalityInterfaceForComposites.java:759)
	at ptolemy.actor.util.CausalityInterfaceForComposites._computeInputDepth(CausalityInterfaceForComposites.java:696)
	at ptolemy.actor.util.CausalityInterfaceForComposites._computeOutputPortDepth(CausalityInterfaceForComposites.java:765)
	at ptolemy.actor.util.CausalityInterfaceForComposites._computeInputDepth(CausalityInterfaceForComposites.java:696)
	at ptolemy.actor.util.CausalityInterfaceForComposites._computeOutputPortDepth(CausalityInterfaceForComposites.java:765)
	at ptolemy.actor.util.CausalityInterfaceForComposites._computeInputDepth(CausalityInterfaceForComposites.java:696)
	at ptolemy.actor.util.CausalityInterfaceForComposites._computeActorDepth(CausalityInterfaceForComposites.java:532)
	at ptolemy.actor.util.CausalityInterfaceForComposites.checkForCycles(CausalityInterfaceForComposites.java:96)
	at ptolemy.domains.de.kernel.DEDirector.preinitialize(DEDirector.java:1338)
	at ptolemy.actor.CompositeActor.preinitialize(CompositeActor.java:1828)
	at ptolemy.actor.Manager.preinitializeAndResolveTypes(Manager.java:1040)
	at ptolemy.actor.Manager.initialize(Manager.java:710)
	at ptolemy.actor.Manager.execute(Manager.java:356)
	at ptolemy.actor.Manager.run(Manager.java:1263)
	at ptolemy.actor.Manager$PtolemyRunThread.run(Manager.java:1915)
]]></system-err>
</testsuite>
