<?xml version="1.0" encoding="UTF-8" ?>
<testsuite errors="0" failures="0" hostname="travis-job-22996f26-67bf-4298-aaf0-bfee007aa5d6" name="ptolemy.domains.de.test.junit.JUnitTclTest" skipped="0" tests="101" time="131.367" timestamp="2019-04-13T04:01:31">
  <properties>
[...]
</properties>
  <testcase classname="ptolemy.util.test.junit.TclTests" name="[0] /home/travis/build/icyphy/ptII/ptolemy/domains/de/test/DependencyLoop.tcl (RunTclFile)" time="0.762" />
  <testcase classname="ptolemy.util.test.junit.TclTests" name="[1] /home/travis/build/icyphy/ptII/ptolemy/domains/de/test/RunDETestsAsQSS.tcl (RunTclFile)" time="89.891" />
  <testcase classname="ptolemy.util.test.junit.AutoKnownFailedTests" name="[0] /home/travis/build/icyphy/ptII/ptolemy/domains/de/test/auto/knownFailedTests/DESDFClockTest.xml (RunModel)" time="2.044" />
  <testcase classname="ptolemy.util.test.junit.AutoKnownFailedTests" name="[1] /home/travis/build/icyphy/ptII/ptolemy/domains/de/test/auto/knownFailedTests/DirectFeedback.xml (RunModel)" time="0.012" />
  <testcase classname="ptolemy.util.test.junit.AutoKnownFailedTests" name="[2] /home/travis/build/icyphy/ptII/ptolemy/domains/de/test/auto/knownFailedTests/FSMSource.xml (RunModel)" time="0.023" />
  <testcase classname="ptolemy.util.test.junit.AutoKnownFailedTests" name="[3] /home/travis/build/icyphy/ptII/ptolemy/domains/de/test/auto/knownFailedTests/HierarchicalModel.xml (RunModel)" time="0.04" />
  <testcase classname="ptolemy.util.test.junit.AutoKnownFailedTests" name="[4] /home/travis/build/icyphy/ptII/ptolemy/domains/de/test/auto/knownFailedTests/dependencyLoop.xml (RunModel)" time="0.035" />
  <testcase classname="ptolemy.util.test.junit.AutoKnownFailedTests" name="[5] /home/travis/build/icyphy/ptII/ptolemy/domains/de/test/auto/knownFailedTests/dependencyLoop2.xml (RunModel)" time="0.053" />
  <testcase classname="ptolemy.util.test.junit.AutoNameArchTests" name="[0] ThereAreNoAutoArchTests (RunModel)" time="0.001" />
  <testcase classname="ptolemy.util.test.junit.AutoTests" name="[0] /home/travis/build/icyphy/ptII/ptolemy/domains/de/test/auto/ActorDepthCalculation_actorWithoutPorts.xml (RunModel)" time="0.024" />
  <testcase classname="ptolemy.util.test.junit.AutoTests" name="[1] /home/travis/build/icyphy/ptII/ptolemy/domains/de/test/auto/AssemblyLine.xml (RunModel)" time="0.024" />
  <testcase classname="ptolemy.util.test.junit.AutoTests" name="[2] /home/travis/build/icyphy/ptII/ptolemy/domains/de/test/auto/CQBug1.xml (RunModel)" time="0.016" />
  <testcase classname="ptolemy.util.test.junit.AutoTests" name="[3] /home/travis/build/icyphy/ptII/ptolemy/domains/de/test/auto/CancelFireAt.xml (RunModel)" time="0.018" />
  <testcase classname="ptolemy.util.test.junit.AutoTests" name="[4] /home/travis/build/icyphy/ptII/ptolemy/domains/de/test/auto/CausalityAndComposabilityAnalysis.xml (RunModel)" time="0.014" />
  <testcase classname="ptolemy.util.test.junit.AutoTests" name="[5] /home/travis/build/icyphy/ptII/ptolemy/domains/de/test/auto/CausalityInterface1.xml (RunModel)" time="0.015" />
  <testcase classname="ptolemy.util.test.junit.AutoTests" name="[6] /home/travis/build/icyphy/ptII/ptolemy/domains/de/test/auto/CausalityInterface15.xml (RunModel)" time="0.015" />
  <testcase classname="ptolemy.util.test.junit.AutoTests" name="[7] /home/travis/build/icyphy/ptII/ptolemy/domains/de/test/auto/CausalityInterface2.xml (RunModel)" time="0.013" />
  <testcase classname="ptolemy.util.test.junit.AutoTests" name="[8] /home/travis/build/icyphy/ptII/ptolemy/domains/de/test/auto/CausalityInterface3.xml (RunModel)" time="0.016" />
  <testcase classname="ptolemy.util.test.junit.AutoTests" name="[9] /home/travis/build/icyphy/ptII/ptolemy/domains/de/test/auto/ClockDrift.xml (RunModel)" time="0.035" />
  <testcase classname="ptolemy.util.test.junit.AutoTests" name="[10] /home/travis/build/icyphy/ptII/ptolemy/domains/de/test/auto/ClockDriftAndValueChange.xml (RunModel)" time="0.05" />
  <testcase classname="ptolemy.util.test.junit.AutoTests" name="[11] /home/travis/build/icyphy/ptII/ptolemy/domains/de/test/auto/ClockDriftChange.xml (RunModel)" time="0.045" />
  <testcase classname="ptolemy.util.test.junit.AutoTests" name="[12] /home/travis/build/icyphy/ptII/ptolemy/domains/de/test/auto/ComposableCausalityAnalysis.xml (RunModel)" time="0.017" />
  <testcase classname="ptolemy.util.test.junit.AutoTests" name="[13] /home/travis/build/icyphy/ptII/ptolemy/domains/de/test/auto/DEFixedPointLimitation.xml (RunModel)" time="0.011" />
  <testcase classname="ptolemy.util.test.junit.AutoTests" name="[14] /home/travis/build/icyphy/ptII/ptolemy/domains/de/test/auto/DEScheduleTest.xml (RunModel)" time="0.032" />
  <testcase classname="ptolemy.util.test.junit.AutoTests" name="[15] /home/travis/build/icyphy/ptII/ptolemy/domains/de/test/auto/DEinDEwithStartTimes.xml (RunModel)" time="0.031" />
  <testcase classname="ptolemy.util.test.junit.AutoTests" name="[16] /home/travis/build/icyphy/ptII/ptolemy/domains/de/test/auto/DEinDEwithStartTimes2.xml (RunModel)" time="0.017" />
  <testcase classname="ptolemy.util.test.junit.AutoTests" name="[17] /home/travis/build/icyphy/ptII/ptolemy/domains/de/test/auto/DateDemo.xml (RunModel)" time="0.032" />
  <testcase classname="ptolemy.util.test.junit.AutoTests" name="[18] /home/travis/build/icyphy/ptII/ptolemy/domains/de/test/auto/DateToEvent.xml (RunModel)" time="2.037" />
  <testcase classname="ptolemy.util.test.junit.AutoTests" name="[19] /home/travis/build/icyphy/ptII/ptolemy/domains/de/test/auto/DepthTest1.xml (RunModel)" time="0.008" />
  <testcase classname="ptolemy.util.test.junit.AutoTests" name="[20] /home/travis/build/icyphy/ptII/ptolemy/domains/de/test/auto/DepthTest2.xml (RunModel)" time="0.017" />
  <testcase classname="ptolemy.util.test.junit.AutoTests" name="[21] /home/travis/build/icyphy/ptII/ptolemy/domains/de/test/auto/DepthTest3.xml (RunModel)" time="0.008" />
  <testcase classname="ptolemy.util.test.junit.AutoTests" name="[22] /home/travis/build/icyphy/ptII/ptolemy/domains/de/test/auto/DepthTest4.xml (RunModel)" time="0.012" />
  <testcase classname="ptolemy.util.test.junit.AutoTests" name="[23] /home/travis/build/icyphy/ptII/ptolemy/domains/de/test/auto/DepthTest5.xml (RunModel)" time="0.015" />
  <testcase classname="ptolemy.util.test.junit.AutoTests" name="[24] /home/travis/build/icyphy/ptII/ptolemy/domains/de/test/auto/DepthTest6.xml (RunModel)" time="0.013" />
  <testcase classname="ptolemy.util.test.junit.AutoTests" name="[25] /home/travis/build/icyphy/ptII/ptolemy/domains/de/test/auto/DepthTest7.xml (RunModel)" time="0.013" />
  <testcase classname="ptolemy.util.test.junit.AutoTests" name="[26] /home/travis/build/icyphy/ptII/ptolemy/domains/de/test/auto/EventToDate.xml (RunModel)" time="3.034" />
  <testcase classname="ptolemy.util.test.junit.AutoTests" name="[27] /home/travis/build/icyphy/ptII/ptolemy/domains/de/test/auto/FSM1.xml (RunModel)" time="0.03" />
  <testcase classname="ptolemy.util.test.junit.AutoTests" name="[28] /home/travis/build/icyphy/ptII/ptolemy/domains/de/test/auto/FSM7.xml (RunModel)" time="0.03" />
  <testcase classname="ptolemy.util.test.junit.AutoTests" name="[29] /home/travis/build/icyphy/ptII/ptolemy/domains/de/test/auto/Inspection.xml (RunModel)" time="0.038" />
  <testcase classname="ptolemy.util.test.junit.AutoTests" name="[30] /home/travis/build/icyphy/ptII/ptolemy/domains/de/test/auto/Iteration.xml (RunModel)" time="0.023" />
  <testcase classname="ptolemy.util.test.junit.AutoTests" name="[31] /home/travis/build/icyphy/ptII/ptolemy/domains/de/test/auto/LineFault.xml (RunModel)" time="0.537" />
  <testcase classname="ptolemy.util.test.junit.AutoTests" name="[32] /home/travis/build/icyphy/ptII/ptolemy/domains/de/test/auto/MergeModel1Add.xml (RunModel)" time="0.047" />
  <testcase classname="ptolemy.util.test.junit.AutoTests" name="[33] /home/travis/build/icyphy/ptII/ptolemy/domains/de/test/auto/MergeModel2Add.xml (RunModel)" time="0.037" />
  <testcase classname="ptolemy.util.test.junit.AutoTests" name="[34] /home/travis/build/icyphy/ptII/ptolemy/domains/de/test/auto/MergeModel3Add.xml (RunModel)" time="0.041" />
  <testcase classname="ptolemy.util.test.junit.AutoTests" name="[35] /home/travis/build/icyphy/ptII/ptolemy/domains/de/test/auto/MergeWithoutDiscard.xml (RunModel)" time="0.01" />
  <testcase classname="ptolemy.util.test.junit.AutoTests" name="[36] /home/travis/build/icyphy/ptII/ptolemy/domains/de/test/auto/Modal1.xml (RunModel)" time="0.031" />
  <testcase classname="ptolemy.util.test.junit.AutoTests" name="[37] /home/travis/build/icyphy/ptII/ptolemy/domains/de/test/auto/Modal2.xml (RunModel)" time="0.026" />
  <testcase classname="ptolemy.util.test.junit.AutoTests" name="[38] /home/travis/build/icyphy/ptII/ptolemy/domains/de/test/auto/Modal3.xml (RunModel)" time="0.031" />
  <testcase classname="ptolemy.util.test.junit.AutoTests" name="[39] /home/travis/build/icyphy/ptII/ptolemy/domains/de/test/auto/Modal4.xml (RunModel)" time="0.03" />
  <testcase classname="ptolemy.util.test.junit.AutoTests" name="[40] /home/travis/build/icyphy/ptII/ptolemy/domains/de/test/auto/Modal5.xml (RunModel)" time="0.027" />
  <testcase classname="ptolemy.util.test.junit.AutoTests" name="[41] /home/travis/build/icyphy/ptII/ptolemy/domains/de/test/auto/Modal6.xml (RunModel)" time="0.026" />
  <testcase classname="ptolemy.util.test.junit.AutoTests" name="[42] /home/travis/build/icyphy/ptII/ptolemy/domains/de/test/auto/Modal7.xml (RunModel)" time="0.029" />
  <testcase classname="ptolemy.util.test.junit.AutoTests" name="[43] /home/travis/build/icyphy/ptII/ptolemy/domains/de/test/auto/ModalModel.xml (RunModel)" time="0.142" />
  <testcase classname="ptolemy.util.test.junit.AutoTests" name="[44] /home/travis/build/icyphy/ptII/ptolemy/domains/de/test/auto/ModalSource.xml (RunModel)" time="0.022" />
  <testcase classname="ptolemy.util.test.junit.AutoTests" name="[45] /home/travis/build/icyphy/ptII/ptolemy/domains/de/test/auto/NonInterruptibleTimerZeroDelay.xml (RunModel)" time="0.01" />
  <testcase classname="ptolemy.util.test.junit.AutoTests" name="[46] /home/travis/build/icyphy/ptII/ptolemy/domains/de/test/auto/OpenQueueingNetwork.xml (RunModel)" time="2.323" />
  <testcase classname="ptolemy.util.test.junit.AutoTests" name="[47] /home/travis/build/icyphy/ptII/ptolemy/domains/de/test/auto/OpenQueuingNetwork.xml (RunModel)" time="0.278" />
  <testcase classname="ptolemy.util.test.junit.AutoTests" name="[48] /home/travis/build/icyphy/ptII/ptolemy/domains/de/test/auto/PeriodicSampler.xml (RunModel)" time="0.015" />
  <testcase classname="ptolemy.util.test.junit.AutoTests" name="[49] /home/travis/build/icyphy/ptII/ptolemy/domains/de/test/auto/PersistentIO.xml (RunModel)" time="0.019" />
  <testcase classname="ptolemy.util.test.junit.AutoTests" name="[50] /home/travis/build/icyphy/ptII/ptolemy/domains/de/test/auto/PortParameterResetOnInitialize.xml (RunModel)" time="0.011" />
  <testcase classname="ptolemy.util.test.junit.AutoTests" name="[51] /home/travis/build/icyphy/ptII/ptolemy/domains/de/test/auto/PortParameterUpdates.xml (RunModel)" time="0.014" />
  <testcase classname="ptolemy.util.test.junit.AutoTests" name="[52] /home/travis/build/icyphy/ptII/ptolemy/domains/de/test/auto/QueueAndServer.xml (RunModel)" time="0.025" />
  <testcase classname="ptolemy.util.test.junit.AutoTests" name="[53] /home/travis/build/icyphy/ptII/ptolemy/domains/de/test/auto/Records.xml (RunModel)" time="0.017" />
  <testcase classname="ptolemy.util.test.junit.AutoTests" name="[54] /home/travis/build/icyphy/ptII/ptolemy/domains/de/test/auto/ResetTransitionWithStartTime1.xml (RunModel)" time="0.026" />
  <testcase classname="ptolemy.util.test.junit.AutoTests" name="[55] /home/travis/build/icyphy/ptII/ptolemy/domains/de/test/auto/ResetTransitionWithStartTime2.xml (RunModel)" time="0.018" />
  <testcase classname="ptolemy.util.test.junit.AutoTests" name="[56] /home/travis/build/icyphy/ptII/ptolemy/domains/de/test/auto/ResetTransitionWithStartTime3.xml (RunModel)" time="0.019" />
  <testcase classname="ptolemy.util.test.junit.AutoTests" name="[57] /home/travis/build/icyphy/ptII/ptolemy/domains/de/test/auto/ResetTransitionWithStartTime4.xml (RunModel)" time="0.02" />
  <testcase classname="ptolemy.util.test.junit.AutoTests" name="[58] /home/travis/build/icyphy/ptII/ptolemy/domains/de/test/auto/ResettableTimer1.xml (RunModel)" time="0.011" />
  <testcase classname="ptolemy.util.test.junit.AutoTests" name="[59] /home/travis/build/icyphy/ptII/ptolemy/domains/de/test/auto/ResettableTimer2.xml (RunModel)" time="0.01" />
  <testcase classname="ptolemy.util.test.junit.AutoTests" name="[60] /home/travis/build/icyphy/ptII/ptolemy/domains/de/test/auto/ResettableTimer3.xml (RunModel)" time="0.009" />
  <testcase classname="ptolemy.util.test.junit.AutoTests" name="[61] /home/travis/build/icyphy/ptII/ptolemy/domains/de/test/auto/ResettableTimer4.xml (RunModel)" time="0.012" />
  <testcase classname="ptolemy.util.test.junit.AutoTests" name="[62] /home/travis/build/icyphy/ptII/ptolemy/domains/de/test/auto/ResettableTimer5.xml (RunModel)" time="0.011" />
  <testcase classname="ptolemy.util.test.junit.AutoTests" name="[63] /home/travis/build/icyphy/ptII/ptolemy/domains/de/test/auto/ResettableTimer6.xml (RunModel)" time="0.022" />
  <testcase classname="ptolemy.util.test.junit.AutoTests" name="[64] /home/travis/build/icyphy/ptII/ptolemy/domains/de/test/auto/ServerZeroDelay.xml (RunModel)" time="0.01" />
  <testcase classname="ptolemy.util.test.junit.AutoTests" name="[65] /home/travis/build/icyphy/ptII/ptolemy/domains/de/test/auto/SmartSender.xml (RunModel)" time="3.009" />
  <testcase classname="ptolemy.util.test.junit.AutoTests" name="[66] /home/travis/build/icyphy/ptII/ptolemy/domains/de/test/auto/ThreadedComposite.xml (RunModel)" time="0.126" />
  <testcase classname="ptolemy.util.test.junit.AutoTests" name="[67] /home/travis/build/icyphy/ptII/ptolemy/domains/de/test/auto/Time.xml (RunModel)" time="0.428" />
  <testcase classname="ptolemy.util.test.junit.AutoTests" name="[68] /home/travis/build/icyphy/ptII/ptolemy/domains/de/test/auto/TimeDelayZeroDelay.xml (RunModel)" time="0.01" />
  <testcase classname="ptolemy.util.test.junit.AutoTests" name="[69] /home/travis/build/icyphy/ptII/ptolemy/domains/de/test/auto/TimerZeroDelay.xml (RunModel)" time="0.01" />
  <testcase classname="ptolemy.util.test.junit.AutoTests" name="[70] /home/travis/build/icyphy/ptII/ptolemy/domains/de/test/auto/TimingParadox.xml (RunModel)" time="0.366" />
  <testcase classname="ptolemy.util.test.junit.AutoTests" name="[71] /home/travis/build/icyphy/ptII/ptolemy/domains/de/test/auto/TransferInputs.xml (RunModel)" time="0.021" />
  <testcase classname="ptolemy.util.test.junit.AutoTests" name="[72] /home/travis/build/icyphy/ptII/ptolemy/domains/de/test/auto/TransferOutputs2.xml (RunModel)" time="0.018" />
  <testcase classname="ptolemy.util.test.junit.AutoTests" name="[73] /home/travis/build/icyphy/ptII/ptolemy/domains/de/test/auto/Trilateration.xml (RunModel)" time="11.954" />
  <testcase classname="ptolemy.util.test.junit.AutoTests" name="[74] /home/travis/build/icyphy/ptII/ptolemy/domains/de/test/auto/TwoSigmaDelta.xml (RunModel)" time="2.418" />
  <testcase classname="ptolemy.util.test.junit.AutoTests" name="[75] /home/travis/build/icyphy/ptII/ptolemy/domains/de/test/auto/VariableDelay.xml (RunModel)" time="0.011" />
  <testcase classname="ptolemy.util.test.junit.AutoTests" name="[76] /home/travis/build/icyphy/ptII/ptolemy/domains/de/test/auto/VariableDelay2.xml (RunModel)" time="0.01" />
  <testcase classname="ptolemy.util.test.junit.AutoTests" name="[77] /home/travis/build/icyphy/ptII/ptolemy/domains/de/test/auto/VariableDelayZeroDelay.xml (RunModel)" time="0.01" />
  <testcase classname="ptolemy.util.test.junit.AutoTests" name="[78] /home/travis/build/icyphy/ptII/ptolemy/domains/de/test/auto/VariableDelayZeroDelay2.xml (RunModel)" time="0.009" />
  <testcase classname="ptolemy.util.test.junit.AutoTests" name="[79] /home/travis/build/icyphy/ptII/ptolemy/domains/de/test/auto/deInCt.xml (RunModel)" time="0.018" />
  <testcase classname="ptolemy.util.test.junit.AutoTests" name="[80] /home/travis/build/icyphy/ptII/ptolemy/domains/de/test/auto/deInCt2.xml (RunModel)" time="0.019" />
  <testcase classname="ptolemy.util.test.junit.AutoTests" name="[81] /home/travis/build/icyphy/ptII/ptolemy/domains/de/test/auto/dynamicCausalityInterface1.xml (RunModel)" time="0.019" />
  <testcase classname="ptolemy.util.test.junit.AutoTests" name="[82] /home/travis/build/icyphy/ptII/ptolemy/domains/de/test/auto/fsm_de_test.xml (RunModel)" time="0.025" />
  <testcase classname="ptolemy.util.test.junit.AutoTests" name="[83] /home/travis/build/icyphy/ptII/ptolemy/domains/de/test/auto/functionDependencyReconstruction.xml (RunModel)" time="0.031" />
  <testcase classname="ptolemy.util.test.junit.AutoTests" name="[84] /home/travis/build/icyphy/ptII/ptolemy/domains/de/test/auto/multirate.xml (RunModel)" time="0.017" />
  <testcase classname="ptolemy.util.test.junit.AutoTests" name="[85] /home/travis/build/icyphy/ptII/ptolemy/domains/de/test/auto/multirate2.xml (RunModel)" time="0.018" />
  <testcase classname="ptolemy.util.test.junit.AutoTests" name="[86] /home/travis/build/icyphy/ptII/ptolemy/domains/de/test/auto/realtime.xml (RunModel)" time="10.01" />
  <testcase classname="ptolemy.util.test.junit.AutoTests" name="[87] /home/travis/build/icyphy/ptII/ptolemy/domains/de/test/auto/relationGroup.xml (RunModel)" time="0.008" />
  <testcase classname="ptolemy.util.test.junit.AutoTests" name="[88] /home/travis/build/icyphy/ptII/ptolemy/domains/de/test/auto/relationGroup2.xml (RunModel)" time="0.005" />
  <testcase classname="ptolemy.util.test.junit.AutoTests" name="[89] /home/travis/build/icyphy/ptII/ptolemy/domains/de/test/auto/sortWithOpaquePorts.xml (RunModel)" time="0.013" />
  <testcase classname="ptolemy.util.test.junit.AutoTests" name="[90] /home/travis/build/icyphy/ptII/ptolemy/domains/de/test/auto/transferInputsandOutputs.xml (RunModel)" time="0.014" />
  <testcase classname="ptolemy.util.test.junit.AutoTests" name="[91] /home/travis/build/icyphy/ptII/ptolemy/domains/de/test/auto/triggerType.xml (RunModel)" time="0.006" />
  <system-out><![CDATA[/home/travis/build/icyphy/ptII/ptolemy/domains/de/test/DependencyLoop.tcl
testDefs.tcl: setting time out to 9000 seconds at Sat Apr 13 04:01:31 UTC 2019
17 ms. Memory: 116224K Free: 97636K (84%)
20 ms. Memory: 146944K Free: 141166K (96%)
/home/travis/build/icyphy/ptII/ptolemy/domains/de/test/RunDETestsAsQSS.tcl
Run the DE tests using ptolemy.domains.qss.test.QSSDirectorTest, which extends QSSDirector and prints a message in the constructors.
------------------ testing $PTII/ptolemy/domains/de/test/auto/knownFailedTests/dependencyLoop.xml (Known Failure) 
15 ms. Memory: 146944K Free: 136921K (93%)


==== $PTIIhome/travis/build/icyphy/ptII/ptolemy/domains/de/test/../../../../: Auto Automatic test in file $PTII/ptolemy/domains/de/test/auto/knownFailedTests/dependencyLoop.xml
==== Contents of test case:

	    # FIXME: we should use $relativeFilename here, but it
	    # might have backslashes under Windows, which causes no end
	    # of trouble.
	    createAndExecute $file
	    list {}
	
.... Test generated KNOWN error:
    while executing
ptolemy.kernel.util.IllegalActionException: Found a zero delay loop containing .dependencyLoop.original
  in .dependencyLoop and .dependencyLoop.original
	at ptolemy.actor.util.CausalityInterfaceForComposites._computeOutputPortDepth(CausalityInterfaceForComposites.java:759)
	at ptolemy.actor.util.CausalityInterfaceForComposites._computeInputDepth(CausalityInterfaceForComposites.java:696)
	at ptolemy.actor.util.CausalityInterfaceForComposites._computeOutputPortDepth(CausalityInterfaceForComposites.java:765)
	at ptolemy.actor.util.CausalityInterfaceForComposites._computeInputDepth(CausalityInterfaceForComposites.java:696)
	at ptolemy.actor.util.CausalityInterfaceForComposites._computeOutputPortDepth(CausalityInterfaceForComposites.java:765)
	at ptolemy.actor.util.CausalityInterfaceForComposites._computeInputDepth(CausalityInterfaceForComposites.java:696)
	at ptolemy.actor.util.CausalityInterfaceForComposites._computeActorDepth(CausalityInterfaceForComposites.java:532)
	at ptolemy.actor.util.CausalityInterfaceForComposites.checkForCycles(CausalityInterfaceForComposites.java:96)
	at ptolemy.domains.de.kernel.DEDirector.preinitialize(DEDirector.java:1338)
	at ptolemy.actor.CompositeActor.preinitialize(CompositeActor.java:1828)
	at ptolemy.actor.Manager.preinitializeAndResolveTypes(Manager.java:1040)
	at ptolemy.actor.Manager.initialize(Manager.java:710)
	at ptolemy.actor.Manager.execute(Manager.java:356)
	at ptolemy.actor.Manager.run(Manager.java:1263)
	at ptolemy.actor.Manager$PtolemyRunThread.run(Manager.java:1915)

    while executing
ptolemy.kernel.util.IllegalActionException: Found a zero delay loop containing .dependencyLoop.original
  in .dependencyLoop and .dependencyLoop.original
    while executing
"java::new ptolemy.moml.MoMLSimpleApplication $file
"
    (procedure "createAndExecute" line 2)
    invoked from within
"createAndExecute $file"
    ("uplevel" body line 5)
    invoked from within
"uplevel $contents_of_test"
------------------ testing $PTII/ptolemy/domains/de/test/auto/knownFailedTests/DESDFClockTest.xml (Known Failure) 
2087 ms. Memory: 146944K Free: 121364K (83%)


==== $PTIIhome/travis/build/icyphy/ptII/ptolemy/domains/de/test/../../../../: Auto Automatic test in file $PTII/ptolemy/domains/de/test/auto/knownFailedTests/DESDFClockTest.xml
==== Contents of test case:

	    # FIXME: we should use $relativeFilename here, but it
	    # might have backslashes under Windows, which causes no end
	    # of trouble.
	    createAndExecute $file
	    list {}
	
.... Test generated KNOWN error:
    while executing
ptolemy.kernel.util.IllegalActionException: Actor is not ready to fire.  Perhaps UpSample.prefire() returned false? Try debugging the actor by selecting "Listen to Actor".  Also, for SDF check moml for tokenConsumptionRate on input.
  in .DESDFClockTest.Play Bell.Copy1:SDF Director and .DESDFClockTest.Play Bell.UpSample
	at ptolemy.actor.sched.StaticSchedulingDirector.fire(StaticSchedulingDirector.java:227)
	at ptolemy.domains.sdf.kernel.SDFDirector.fire(SDFDirector.java:500)
	at ptolemy.actor.CompositeActor.fire(CompositeActor.java:455)
	at ptolemy.domains.de.kernel.DEDirector._fire(DEDirector.java:1949)
	at ptolemy.domains.de.kernel.DEDirector.fire(DEDirector.java:502)
	at ptolemy.actor.CompositeActor.fire(CompositeActor.java:455)
	at ptolemy.actor.Manager.iterate(Manager.java:851)
	at ptolemy.actor.Manager.execute(Manager.java:369)
	at ptolemy.actor.Manager.run(Manager.java:1263)
	at ptolemy.actor.Manager$PtolemyRunThread.run(Manager.java:1915)

    while executing
ptolemy.kernel.util.IllegalActionException: Actor is not ready to fire.  Perhaps UpSample.prefire() returned false? Try debugging the actor by selecting "Listen to Actor".  Also, for SDF check moml for tokenConsumptionRate on input.
  in .DESDFClockTest.Play Bell.Copy1:SDF Director and .DESDFClockTest.Play Bell.UpSample
    while executing
"java::new ptolemy.moml.MoMLSimpleApplication $file
"
    (procedure "createAndExecute" line 2)
    invoked from within
"createAndExecute $file"
    ("uplevel" body line 5)
    invoked from within
"uplevel $contents_of_test"
------------------ testing $PTII/ptolemy/domains/de/test/auto/knownFailedTests/FSMSource.xml (Known Failure) 
38 ms. Memory: 146944K Free: 112540K (77%)
!!!! Auto was marked as failing, but now passes
------------------ testing $PTII/ptolemy/domains/de/test/auto/knownFailedTests/dependencyLoop2.xml (Known Failure) 
9 ms. Memory: 146944K Free: 110657K (75%)


==== $PTIIhome/travis/build/icyphy/ptII/ptolemy/domains/de/test/../../../../: Auto Automatic test in file $PTII/ptolemy/domains/de/test/auto/knownFailedTests/dependencyLoop2.xml
==== Contents of test case:

	    # FIXME: we should use $relativeFilename here, but it
	    # might have backslashes under Windows, which causes no end
	    # of trouble.
	    createAndExecute $file
	    list {}
	
.... Test generated KNOWN error:
    while executing
ptolemy.kernel.util.IllegalActionException: Found a zero delay loop containing .dependencyLoop2.original
  in .dependencyLoop2 and .dependencyLoop2.original
	at ptolemy.actor.util.CausalityInterfaceForComposites._computeOutputPortDepth(CausalityInterfaceForComposites.java:759)
	at ptolemy.actor.util.CausalityInterfaceForComposites._computeInputDepth(CausalityInterfaceForComposites.java:696)
	at ptolemy.actor.util.CausalityInterfaceForComposites._computeOutputPortDepth(CausalityInterfaceForComposites.java:765)
	at ptolemy.actor.util.CausalityInterfaceForComposites._computeInputDepth(CausalityInterfaceForComposites.java:696)
	at ptolemy.actor.util.CausalityInterfaceForComposites._computeOutputPortDepth(CausalityInterfaceForComposites.java:765)
	at ptolemy.actor.util.CausalityInterfaceForComposites._computeInputDepth(CausalityInterfaceForComposites.java:696)
	at ptolemy.actor.util.CausalityInterfaceForComposites._computeActorDepth(CausalityInterfaceForComposites.java:532)
	at ptolemy.actor.util.CausalityInterfaceForComposites.checkForCycles(CausalityInterfaceForComposites.java:96)
	at ptolemy.domains.de.kernel.DEDirector.preinitialize(DEDirector.java:1338)
	at ptolemy.actor.CompositeActor.preinitialize(CompositeActor.java:1828)
	at ptolemy.actor.Manager.preinitializeAndResolveTypes(Manager.java:1040)
	at ptolemy.actor.Manager.initialize(Manager.java:710)
	at ptolemy.actor.Manager.execute(Manager.java:356)
	at ptolemy.actor.Manager.run(Manager.java:1263)
	at ptolemy.actor.Manager$PtolemyRunThread.run(Manager.java:1915)

    while executing
ptolemy.kernel.util.IllegalActionException: Found a zero delay loop containing .dependencyLoop2.original
  in .dependencyLoop2 and .dependencyLoop2.original
    while executing
"java::new ptolemy.moml.MoMLSimpleApplication $file
"
    (procedure "createAndExecute" line 2)
    invoked from within
"createAndExecute $file"
    ("uplevel" body line 5)
    invoked from within
"uplevel $contents_of_test"
------------------ testing $PTII/ptolemy/domains/de/test/auto/knownFailedTests/HierarchicalModel.xml (Known Failure) 
6 ms. Memory: 146944K Free: 90515K (62%)


==== $PTIIhome/travis/build/icyphy/ptII/ptolemy/domains/de/test/../../../../: Auto Automatic test in file $PTII/ptolemy/domains/de/test/auto/knownFailedTests/HierarchicalModel.xml
==== Contents of test case:

	    # FIXME: we should use $relativeFilename here, but it
	    # might have backslashes under Windows, which causes no end
	    # of trouble.
	    createAndExecute $file
	    list {}
	
.... Test generated KNOWN error:
    while executing
ptolemy.kernel.util.IllegalActionException: Found a zero delay loop containing .HierarchicalModel.A
  in .HierarchicalModel and .HierarchicalModel.A
	at ptolemy.actor.util.CausalityInterfaceForComposites._computeOutputPortDepth(CausalityInterfaceForComposites.java:759)
	at ptolemy.actor.util.CausalityInterfaceForComposites._computeInputDepth(CausalityInterfaceForComposites.java:696)
	at ptolemy.actor.util.CausalityInterfaceForComposites._computeOutputPortDepth(CausalityInterfaceForComposites.java:765)
	at ptolemy.actor.util.CausalityInterfaceForComposites._computeInputDepth(CausalityInterfaceForComposites.java:696)
	at ptolemy.actor.util.CausalityInterfaceForComposites._computeOutputPortDepth(CausalityInterfaceForComposites.java:765)
	at ptolemy.actor.util.CausalityInterfaceForComposites._computeInputDepth(CausalityInterfaceForComposites.java:696)
	at ptolemy.actor.util.CausalityInterfaceForComposites._computeActorDepth(CausalityInterfaceForComposites.java:532)
	at ptolemy.actor.util.CausalityInterfaceForComposites.checkForCycles(CausalityInterfaceForComposites.java:96)
	at ptolemy.domains.de.kernel.DEDirector.preinitialize(DEDirector.java:1338)
	at ptolemy.actor.CompositeActor.preinitialize(CompositeActor.java:1828)
	at ptolemy.actor.Manager.preinitializeAndResolveTypes(Manager.java:1040)
	at ptolemy.actor.Manager.initialize(Manager.java:710)
	at ptolemy.actor.Manager.execute(Manager.java:356)
	at ptolemy.actor.Manager.run(Manager.java:1263)
	at ptolemy.actor.Manager$PtolemyRunThread.run(Manager.java:1915)

    while executing
ptolemy.kernel.util.IllegalActionException: Found a zero delay loop containing .HierarchicalModel.A
  in .HierarchicalModel and .HierarchicalModel.A
    while executing
"java::new ptolemy.moml.MoMLSimpleApplication $file
"
    (procedure "createAndExecute" line 2)
    invoked from within
"createAndExecute $file"
    ("uplevel" body line 5)
    invoked from within
"uplevel $contents_of_test"
------------------ testing $PTII/ptolemy/domains/de/test/auto/knownFailedTests/DirectFeedback.xml (Known Failure) 
23 ms. Memory: 146944K Free: 86406K (59%)


==== $PTIIhome/travis/build/icyphy/ptII/ptolemy/domains/de/test/../../../../: Auto Automatic test in file $PTII/ptolemy/domains/de/test/auto/knownFailedTests/DirectFeedback.xml
==== Contents of test case:

	    # FIXME: we should use $relativeFilename here, but it
	    # might have backslashes under Windows, which causes no end
	    # of trouble.
	    createAndExecute $file
	    list {}
	
.... Test generated KNOWN error:
    while executing
ptolemy.kernel.util.IllegalActionException: Test fails in iteration 1.
Value was: 1.0. Should have been: 2.0
  in .DirectFeedback.Test
	at ptolemy.actor.lib.Test.fire(Test.java:268)
	at ptolemy.domains.de.kernel.DEDirector._fire(DEDirector.java:1949)
	at ptolemy.domains.de.kernel.DEDirector.fire(DEDirector.java:502)
	at ptolemy.actor.CompositeActor.fire(CompositeActor.java:455)
	at ptolemy.actor.Manager.iterate(Manager.java:851)
	at ptolemy.actor.Manager.execute(Manager.java:369)
	at ptolemy.actor.Manager.run(Manager.java:1263)
	at ptolemy.actor.Manager$PtolemyRunThread.run(Manager.java:1915)

    while executing
ptolemy.kernel.util.IllegalActionException: Test fails in iteration 1.
Value was: 1.0. Should have been: 2.0
  in .DirectFeedback.Test
    while executing
"java::new ptolemy.moml.MoMLSimpleApplication $file
"
    (procedure "createAndExecute" line 2)
    invoked from within
"createAndExecute $file"
    ("uplevel" body line 5)
    invoked from within
"uplevel $contents_of_test"
------------------ testing $PTII/ptolemy/domains/de/test/auto/ActorDepthCalculation_actorWithoutPorts.xml
auto.tcl: Setting watchdog for 200 seconds at Sat Apr 13 04:01:34 UTC 2019
8 ms. Memory: 146944K Free: 138727K (94%)
ptolemy.util.test.WatchDog.cancel(): canceling Sat Apr 13 04:01:35 UTC 2019
auto.tcl: Setting watchdog for 200 seconds at Sat Apr 13 04:01:35 UTC 2019
9 ms. Memory: 146944K Free: 137707K (94%)
ptolemy.util.test.WatchDog.cancel(): canceling Sat Apr 13 04:01:35 UTC 2019
------------------ testing $PTII/ptolemy/domains/de/test/auto/AssemblyLine.xml
auto.tcl: Setting watchdog for 200 seconds at Sat Apr 13 04:01:35 UTC 2019
22 ms. Memory: 208384K Free: 183397K (88%)
ptolemy.util.test.WatchDog.cancel(): canceling Sat Apr 13 04:01:35 UTC 2019
auto.tcl: Setting watchdog for 200 seconds at Sat Apr 13 04:01:35 UTC 2019
7 ms. Memory: 208384K Free: 183397K (88%)
ptolemy.util.test.WatchDog.cancel(): canceling Sat Apr 13 04:01:35 UTC 2019
------------------ testing $PTII/ptolemy/domains/de/test/auto/CQBug1.xml
auto.tcl: Setting watchdog for 200 seconds at Sat Apr 13 04:01:35 UTC 2019
3 ms. Memory: 208384K Free: 197903K (95%)
ptolemy.util.test.WatchDog.cancel(): canceling Sat Apr 13 04:01:35 UTC 2019
auto.tcl: Setting watchdog for 200 seconds at Sat Apr 13 04:01:35 UTC 2019
2 ms. Memory: 208384K Free: 197903K (95%)
ptolemy.util.test.WatchDog.cancel(): canceling Sat Apr 13 04:01:35 UTC 2019
------------------ testing $PTII/ptolemy/domains/de/test/auto/CancelFireAt.xml
auto.tcl: Setting watchdog for 200 seconds at Sat Apr 13 04:01:35 UTC 2019
4 ms. Memory: 208384K Free: 201564K (97%)
ptolemy.util.test.WatchDog.cancel(): canceling Sat Apr 13 04:01:35 UTC 2019
auto.tcl: Setting watchdog for 200 seconds at Sat Apr 13 04:01:35 UTC 2019
4 ms. Memory: 208384K Free: 199523K (96%)
ptolemy.util.test.WatchDog.cancel(): canceling Sat Apr 13 04:01:35 UTC 2019
------------------ testing $PTII/ptolemy/domains/de/test/auto/CausalityAndComposabilityAnalysis.xml
auto.tcl: Setting watchdog for 200 seconds at Sat Apr 13 04:01:35 UTC 2019
15 ms. Memory: 208384K Free: 199121K (96%)
ptolemy.util.test.WatchDog.cancel(): canceling Sat Apr 13 04:01:35 UTC 2019
auto.tcl: Setting watchdog for 200 seconds at Sat Apr 13 04:01:35 UTC 2019
5 ms. Memory: 208384K Free: 197081K (95%)
ptolemy.util.test.WatchDog.cancel(): canceling Sat Apr 13 04:01:35 UTC 2019
------------------ testing $PTII/ptolemy/domains/de/test/auto/CausalityInterface1.xml
auto.tcl: Setting watchdog for 200 seconds at Sat Apr 13 04:01:35 UTC 2019
20 ms. Memory: 208384K Free: 196500K (94%)
ptolemy.util.test.WatchDog.cancel(): canceling Sat Apr 13 04:01:36 UTC 2019
auto.tcl: Setting watchdog for 200 seconds at Sat Apr 13 04:01:36 UTC 2019
4 ms. Memory: 208384K Free: 196500K (94%)
ptolemy.util.test.WatchDog.cancel(): canceling Sat Apr 13 04:01:36 UTC 2019
------------------ testing $PTII/ptolemy/domains/de/test/auto/CausalityInterface15.xml
auto.tcl: Setting watchdog for 200 seconds at Sat Apr 13 04:01:36 UTC 2019
12 ms. Memory: 208384K Free: 196458K (94%)
ptolemy.util.test.WatchDog.cancel(): canceling Sat Apr 13 04:01:36 UTC 2019
auto.tcl: Setting watchdog for 200 seconds at Sat Apr 13 04:01:36 UTC 2019
7 ms. Memory: 208384K Free: 196458K (94%)
ptolemy.util.test.WatchDog.cancel(): canceling Sat Apr 13 04:01:36 UTC 2019
------------------ testing $PTII/ptolemy/domains/de/test/auto/CausalityInterface2.xml
auto.tcl: Setting watchdog for 200 seconds at Sat Apr 13 04:01:36 UTC 2019
3 ms. Memory: 208384K Free: 196372K (94%)
ptolemy.util.test.WatchDog.cancel(): canceling Sat Apr 13 04:01:36 UTC 2019
auto.tcl: Setting watchdog for 200 seconds at Sat Apr 13 04:01:36 UTC 2019
3 ms. Memory: 208384K Free: 196372K (94%)
ptolemy.util.test.WatchDog.cancel(): canceling Sat Apr 13 04:01:36 UTC 2019
------------------ testing $PTII/ptolemy/domains/de/test/auto/CausalityInterface3.xml
auto.tcl: Setting watchdog for 200 seconds at Sat Apr 13 04:01:36 UTC 2019
8 ms. Memory: 208384K Free: 196384K (94%)
ptolemy.util.test.WatchDog.cancel(): canceling Sat Apr 13 04:01:36 UTC 2019
auto.tcl: Setting watchdog for 200 seconds at Sat Apr 13 04:01:36 UTC 2019
3 ms. Memory: 208384K Free: 196384K (94%)
ptolemy.util.test.WatchDog.cancel(): canceling Sat Apr 13 04:01:36 UTC 2019
------------------ testing $PTII/ptolemy/domains/de/test/auto/ClockDrift.xml
auto.tcl: Setting watchdog for 200 seconds at Sat Apr 13 04:01:36 UTC 2019
90 ms. Memory: 208384K Free: 187793K (90%)
ptolemy.util.test.WatchDog.cancel(): canceling Sat Apr 13 04:01:36 UTC 2019
auto.tcl: Setting watchdog for 200 seconds at Sat Apr 13 04:01:36 UTC 2019
37 ms. Memory: 208384K Free: 185752K (89%)
ptolemy.util.test.WatchDog.cancel(): canceling Sat Apr 13 04:01:36 UTC 2019
------------------ testing $PTII/ptolemy/domains/de/test/auto/ClockDriftAndValueChange.xml
auto.tcl: Setting watchdog for 200 seconds at Sat Apr 13 04:01:36 UTC 2019
62 ms. Memory: 208384K Free: 187623K (90%)
ptolemy.util.test.WatchDog.cancel(): canceling Sat Apr 13 04:01:36 UTC 2019
auto.tcl: Setting watchdog for 200 seconds at Sat Apr 13 04:01:36 UTC 2019
47 ms. Memory: 208384K Free: 185582K (89%)
ptolemy.util.test.WatchDog.cancel(): canceling Sat Apr 13 04:01:36 UTC 2019
------------------ testing $PTII/ptolemy/domains/de/test/auto/ClockDriftChange.xml
auto.tcl: Setting watchdog for 200 seconds at Sat Apr 13 04:01:36 UTC 2019
39 ms. Memory: 208384K Free: 190637K (91%)
ptolemy.util.test.WatchDog.cancel(): canceling Sat Apr 13 04:01:37 UTC 2019
auto.tcl: Setting watchdog for 200 seconds at Sat Apr 13 04:01:37 UTC 2019
28 ms. Memory: 208384K Free: 188596K (91%)
ptolemy.util.test.WatchDog.cancel(): canceling Sat Apr 13 04:01:37 UTC 2019
------------------ testing $PTII/ptolemy/domains/de/test/auto/ComposableCausalityAnalysis.xml
auto.tcl: Setting watchdog for 200 seconds at Sat Apr 13 04:01:37 UTC 2019
3 ms. Memory: 208384K Free: 195740K (94%)
ptolemy.util.test.WatchDog.cancel(): canceling Sat Apr 13 04:01:37 UTC 2019
auto.tcl: Setting watchdog for 200 seconds at Sat Apr 13 04:01:37 UTC 2019
2 ms. Memory: 208384K Free: 193699K (93%)
ptolemy.util.test.WatchDog.cancel(): canceling Sat Apr 13 04:01:37 UTC 2019
------------------ testing $PTII/ptolemy/domains/de/test/auto/DEFixedPointLimitation.xml
auto.tcl: Setting watchdog for 200 seconds at Sat Apr 13 04:01:37 UTC 2019
2 ms. Memory: 208384K Free: 197861K (95%)
ptolemy.util.test.WatchDog.cancel(): canceling Sat Apr 13 04:01:37 UTC 2019
auto.tcl: Setting watchdog for 200 seconds at Sat Apr 13 04:01:37 UTC 2019
1 ms. Memory: 208384K Free: 195820K (94%)
ptolemy.util.test.WatchDog.cancel(): canceling Sat Apr 13 04:01:37 UTC 2019
------------------ testing $PTII/ptolemy/domains/de/test/auto/DEScheduleTest.xml
auto.tcl: Setting watchdog for 200 seconds at Sat Apr 13 04:01:37 UTC 2019
4 ms. Memory: 208384K Free: 198416K (95%)
ptolemy.util.test.WatchDog.cancel(): canceling Sat Apr 13 04:01:37 UTC 2019
auto.tcl: Setting watchdog for 200 seconds at Sat Apr 13 04:01:37 UTC 2019
8 ms. Memory: 208384K Free: 195856K (94%)
ptolemy.util.test.WatchDog.cancel(): canceling Sat Apr 13 04:01:37 UTC 2019
------------------ testing $PTII/ptolemy/domains/de/test/auto/DEinDEwithStartTimes.xml
auto.tcl: Setting watchdog for 200 seconds at Sat Apr 13 04:01:37 UTC 2019
4 ms. Memory: 208384K Free: 195825K (94%)
ptolemy.util.test.WatchDog.cancel(): canceling Sat Apr 13 04:01:37 UTC 2019
auto.tcl: Setting watchdog for 200 seconds at Sat Apr 13 04:01:37 UTC 2019
4 ms. Memory: 208384K Free: 195825K (94%)
ptolemy.util.test.WatchDog.cancel(): canceling Sat Apr 13 04:01:37 UTC 2019
------------------ testing $PTII/ptolemy/domains/de/test/auto/DEinDEwithStartTimes2.xml
auto.tcl: Setting watchdog for 200 seconds at Sat Apr 13 04:01:37 UTC 2019
5 ms. Memory: 208384K Free: 195805K (94%)
ptolemy.util.test.WatchDog.cancel(): canceling Sat Apr 13 04:01:37 UTC 2019
auto.tcl: Setting watchdog for 200 seconds at Sat Apr 13 04:01:37 UTC 2019
8 ms. Memory: 208384K Free: 193764K (93%)
ptolemy.util.test.WatchDog.cancel(): canceling Sat Apr 13 04:01:37 UTC 2019
------------------ testing $PTII/ptolemy/domains/de/test/auto/DateDemo.xml
auto.tcl: Setting watchdog for 200 seconds at Sat Apr 13 04:01:37 UTC 2019
9 ms. Memory: 208384K Free: 188412K (90%)
ptolemy.util.test.WatchDog.cancel(): canceling Sat Apr 13 04:01:37 UTC 2019
auto.tcl: Setting watchdog for 200 seconds at Sat Apr 13 04:01:37 UTC 2019
7 ms. Memory: 208384K Free: 186371K (89%)
ptolemy.util.test.WatchDog.cancel(): canceling Sat Apr 13 04:01:37 UTC 2019
------------------ testing $PTII/ptolemy/domains/de/test/auto/DateToEvent.xml
auto.tcl: Setting watchdog for 200 seconds at Sat Apr 13 04:01:37 UTC 2019
2022 ms. Memory: 208384K Free: 183296K (88%)
ptolemy.util.test.WatchDog.cancel(): canceling Sat Apr 13 04:01:39 UTC 2019
auto.tcl: Setting watchdog for 200 seconds at Sat Apr 13 04:01:39 UTC 2019
2006 ms. Memory: 208384K Free: 180839K (87%)
ptolemy.util.test.WatchDog.cancel(): canceling Sat Apr 13 04:01:41 UTC 2019
------------------ testing $PTII/ptolemy/domains/de/test/auto/DepthTest1.xml
auto.tcl: Setting watchdog for 200 seconds at Sat Apr 13 04:01:41 UTC 2019
3 ms. Memory: 208384K Free: 197423K (95%)
ptolemy.util.test.WatchDog.cancel(): canceling Sat Apr 13 04:01:41 UTC 2019
auto.tcl: Setting watchdog for 200 seconds at Sat Apr 13 04:01:41 UTC 2019
2 ms. Memory: 208384K Free: 197423K (95%)
ptolemy.util.test.WatchDog.cancel(): canceling Sat Apr 13 04:01:41 UTC 2019
------------------ testing $PTII/ptolemy/domains/de/test/auto/DepthTest2.xml
auto.tcl: Setting watchdog for 200 seconds at Sat Apr 13 04:01:41 UTC 2019
9 ms. Memory: 208384K Free: 193775K (93%)
ptolemy.util.test.WatchDog.cancel(): canceling Sat Apr 13 04:01:42 UTC 2019
auto.tcl: Setting watchdog for 200 seconds at Sat Apr 13 04:01:42 UTC 2019
4 ms. Memory: 208384K Free: 193775K (93%)
ptolemy.util.test.WatchDog.cancel(): canceling Sat Apr 13 04:01:42 UTC 2019
------------------ testing $PTII/ptolemy/domains/de/test/auto/DepthTest3.xml
auto.tcl: Setting watchdog for 200 seconds at Sat Apr 13 04:01:42 UTC 2019
7 ms. Memory: 208384K Free: 197758K (95%)
ptolemy.util.test.WatchDog.cancel(): canceling Sat Apr 13 04:01:42 UTC 2019
auto.tcl: Setting watchdog for 200 seconds at Sat Apr 13 04:01:42 UTC 2019
2 ms. Memory: 208384K Free: 197758K (95%)
ptolemy.util.test.WatchDog.cancel(): canceling Sat Apr 13 04:01:42 UTC 2019
------------------ testing $PTII/ptolemy/domains/de/test/auto/DepthTest4.xml
auto.tcl: Setting watchdog for 200 seconds at Sat Apr 13 04:01:42 UTC 2019
5 ms. Memory: 208384K Free: 195805K (94%)
ptolemy.util.test.WatchDog.cancel(): canceling Sat Apr 13 04:01:42 UTC 2019
auto.tcl: Setting watchdog for 200 seconds at Sat Apr 13 04:01:42 UTC 2019
2 ms. Memory: 208384K Free: 195805K (94%)
ptolemy.util.test.WatchDog.cancel(): canceling Sat Apr 13 04:01:42 UTC 2019
------------------ testing $PTII/ptolemy/domains/de/test/auto/DepthTest5.xml
auto.tcl: Setting watchdog for 200 seconds at Sat Apr 13 04:01:42 UTC 2019
6 ms. Memory: 208384K Free: 196271K (94%)
ptolemy.util.test.WatchDog.cancel(): canceling Sat Apr 13 04:01:42 UTC 2019
auto.tcl: Setting watchdog for 200 seconds at Sat Apr 13 04:01:42 UTC 2019
2 ms. Memory: 208384K Free: 196271K (94%)
ptolemy.util.test.WatchDog.cancel(): canceling Sat Apr 13 04:01:42 UTC 2019
------------------ testing $PTII/ptolemy/domains/de/test/auto/DepthTest6.xml
auto.tcl: Setting watchdog for 200 seconds at Sat Apr 13 04:01:42 UTC 2019
10 ms. Memory: 208384K Free: 195727K (94%)
ptolemy.util.test.WatchDog.cancel(): canceling Sat Apr 13 04:01:42 UTC 2019
auto.tcl: Setting watchdog for 200 seconds at Sat Apr 13 04:01:42 UTC 2019
2 ms. Memory: 208384K Free: 195727K (94%)
ptolemy.util.test.WatchDog.cancel(): canceling Sat Apr 13 04:01:42 UTC 2019
------------------ testing $PTII/ptolemy/domains/de/test/auto/DepthTest7.xml
auto.tcl: Setting watchdog for 200 seconds at Sat Apr 13 04:01:42 UTC 2019
6 ms. Memory: 208384K Free: 195708K (94%)
ptolemy.util.test.WatchDog.cancel(): canceling Sat Apr 13 04:01:42 UTC 2019
auto.tcl: Setting watchdog for 200 seconds at Sat Apr 13 04:01:42 UTC 2019
1 ms. Memory: 208384K Free: 195708K (94%)
ptolemy.util.test.WatchDog.cancel(): canceling Sat Apr 13 04:01:42 UTC 2019
------------------ testing $PTII/ptolemy/domains/de/test/auto/EventToDate.xml
auto.tcl: Setting watchdog for 200 seconds at Sat Apr 13 04:01:42 UTC 2019
3015 ms. Memory: 208384K Free: 185519K (89%)
ptolemy.util.test.WatchDog.cancel(): canceling Sat Apr 13 04:01:45 UTC 2019
auto.tcl: Setting watchdog for 200 seconds at Sat Apr 13 04:01:45 UTC 2019
3005 ms. Memory: 208384K Free: 185519K (89%)
ptolemy.util.test.WatchDog.cancel(): canceling Sat Apr 13 04:01:48 UTC 2019
------------------ testing $PTII/ptolemy/domains/de/test/auto/FSM1.xml
auto.tcl: Setting watchdog for 200 seconds at Sat Apr 13 04:01:48 UTC 2019
44 ms. Memory: 208384K Free: 188879K (91%)
ptolemy.util.test.WatchDog.cancel(): canceling Sat Apr 13 04:01:48 UTC 2019
auto.tcl: Setting watchdog for 200 seconds at Sat Apr 13 04:01:48 UTC 2019
25 ms. Memory: 208384K Free: 184797K (89%)
ptolemy.util.test.WatchDog.cancel(): canceling Sat Apr 13 04:01:48 UTC 2019
------------------ testing $PTII/ptolemy/domains/de/test/auto/FSM7.xml
auto.tcl: Setting watchdog for 200 seconds at Sat Apr 13 04:01:48 UTC 2019
29 ms. Memory: 208384K Free: 189601K (91%)
ptolemy.util.test.WatchDog.cancel(): canceling Sat Apr 13 04:01:48 UTC 2019
auto.tcl: Setting watchdog for 200 seconds at Sat Apr 13 04:01:48 UTC 2019
20 ms. Memory: 208384K Free: 185000K (89%)
ptolemy.util.test.WatchDog.cancel(): canceling Sat Apr 13 04:01:48 UTC 2019
------------------ testing $PTII/ptolemy/domains/de/test/auto/Inspection.xml
auto.tcl: Setting watchdog for 200 seconds at Sat Apr 13 04:01:48 UTC 2019
25 ms. Memory: 208384K Free: 188248K (90%)
ptolemy.util.test.WatchDog.cancel(): canceling Sat Apr 13 04:01:48 UTC 2019
auto.tcl: Setting watchdog for 200 seconds at Sat Apr 13 04:01:48 UTC 2019
34 ms. Memory: 208384K Free: 186207K (89%)
ptolemy.util.test.WatchDog.cancel(): canceling Sat Apr 13 04:01:49 UTC 2019
------------------ testing $PTII/ptolemy/domains/de/test/auto/Iteration.xml
auto.tcl: Setting watchdog for 200 seconds at Sat Apr 13 04:01:49 UTC 2019
9 ms. Memory: 208384K Free: 195515K (94%)
ptolemy.util.test.WatchDog.cancel(): canceling Sat Apr 13 04:01:49 UTC 2019
auto.tcl: Setting watchdog for 200 seconds at Sat Apr 13 04:01:49 UTC 2019
6 ms. Memory: 208384K Free: 193474K (93%)
ptolemy.util.test.WatchDog.cancel(): canceling Sat Apr 13 04:01:49 UTC 2019
------------------ testing $PTII/ptolemy/domains/de/test/auto/LineFault.xml
auto.tcl: Setting watchdog for 200 seconds at Sat Apr 13 04:01:49 UTC 2019
720 ms. Memory: 208384K Free: 199267K (96%)
ptolemy.util.test.WatchDog.cancel(): canceling Sat Apr 13 04:01:50 UTC 2019
auto.tcl: Setting watchdog for 200 seconds at Sat Apr 13 04:01:50 UTC 2019
656 ms. Memory: 208384K Free: 139411K (67%)
ptolemy.util.test.WatchDog.cancel(): canceling Sat Apr 13 04:01:50 UTC 2019
------------------ testing $PTII/ptolemy/domains/de/test/auto/MergeModel1Add.xml
auto.tcl: Setting watchdog for 200 seconds at Sat Apr 13 04:01:50 UTC 2019
19 ms. Memory: 331264K Free: 301694K (91%)
ptolemy.util.test.WatchDog.cancel(): canceling Sat Apr 13 04:01:50 UTC 2019
auto.tcl: Setting watchdog for 200 seconds at Sat Apr 13 04:01:50 UTC 2019
17 ms. Memory: 331264K Free: 297824K (90%)
ptolemy.util.test.WatchDog.cancel(): canceling Sat Apr 13 04:01:50 UTC 2019
------------------ testing $PTII/ptolemy/domains/de/test/auto/MergeModel2Add.xml
auto.tcl: Setting watchdog for 200 seconds at Sat Apr 13 04:01:51 UTC 2019
14 ms. Memory: 331264K Free: 303853K (92%)
ptolemy.util.test.WatchDog.cancel(): canceling Sat Apr 13 04:01:51 UTC 2019
auto.tcl: Setting watchdog for 200 seconds at Sat Apr 13 04:01:51 UTC 2019
16 ms. Memory: 331264K Free: 303853K (92%)
ptolemy.util.test.WatchDog.cancel(): canceling Sat Apr 13 04:01:51 UTC 2019
------------------ testing $PTII/ptolemy/domains/de/test/auto/MergeModel3Add.xml
auto.tcl: Setting watchdog for 200 seconds at Sat Apr 13 04:01:51 UTC 2019
12 ms. Memory: 331264K Free: 303862K (92%)
ptolemy.util.test.WatchDog.cancel(): canceling Sat Apr 13 04:01:51 UTC 2019
auto.tcl: Setting watchdog for 200 seconds at Sat Apr 13 04:01:51 UTC 2019
9 ms. Memory: 331264K Free: 303862K (92%)
ptolemy.util.test.WatchDog.cancel(): canceling Sat Apr 13 04:01:51 UTC 2019
------------------ testing $PTII/ptolemy/domains/de/test/auto/MergeWithoutDiscard.xml
auto.tcl: Setting watchdog for 200 seconds at Sat Apr 13 04:01:51 UTC 2019
6 ms. Memory: 331264K Free: 319341K (96%)
ptolemy.util.test.WatchDog.cancel(): canceling Sat Apr 13 04:01:51 UTC 2019
auto.tcl: Setting watchdog for 200 seconds at Sat Apr 13 04:01:51 UTC 2019
1 ms. Memory: 331264K Free: 315470K (95%)
ptolemy.util.test.WatchDog.cancel(): canceling Sat Apr 13 04:01:51 UTC 2019
------------------ testing $PTII/ptolemy/domains/de/test/auto/Modal1.xml
auto.tcl: Setting watchdog for 200 seconds at Sat Apr 13 04:01:51 UTC 2019
29 ms. Memory: 331264K Free: 309055K (93%)
ptolemy.util.test.WatchDog.cancel(): canceling Sat Apr 13 04:01:51 UTC 2019
auto.tcl: Setting watchdog for 200 seconds at Sat Apr 13 04:01:51 UTC 2019
21 ms. Memory: 331264K Free: 305185K (92%)
ptolemy.util.test.WatchDog.cancel(): canceling Sat Apr 13 04:01:51 UTC 2019
------------------ testing $PTII/ptolemy/domains/de/test/auto/Modal2.xml
auto.tcl: Setting watchdog for 200 seconds at Sat Apr 13 04:01:51 UTC 2019
12 ms. Memory: 331264K Free: 308928K (93%)
ptolemy.util.test.WatchDog.cancel(): canceling Sat Apr 13 04:01:51 UTC 2019
auto.tcl: Setting watchdog for 200 seconds at Sat Apr 13 04:01:51 UTC 2019
12 ms. Memory: 331264K Free: 305057K (92%)
ptolemy.util.test.WatchDog.cancel(): canceling Sat Apr 13 04:01:51 UTC 2019
------------------ testing $PTII/ptolemy/domains/de/test/auto/Modal3.xml
auto.tcl: Setting watchdog for 200 seconds at Sat Apr 13 04:01:51 UTC 2019
17 ms. Memory: 331264K Free: 308926K (93%)
ptolemy.util.test.WatchDog.cancel(): canceling Sat Apr 13 04:01:51 UTC 2019
auto.tcl: Setting watchdog for 200 seconds at Sat Apr 13 04:01:51 UTC 2019
13 ms. Memory: 331264K Free: 305056K (92%)
ptolemy.util.test.WatchDog.cancel(): canceling Sat Apr 13 04:01:51 UTC 2019
------------------ testing $PTII/ptolemy/domains/de/test/auto/Modal4.xml
auto.tcl: Setting watchdog for 200 seconds at Sat Apr 13 04:01:51 UTC 2019
27 ms. Memory: 331264K Free: 308924K (93%)
ptolemy.util.test.WatchDog.cancel(): canceling Sat Apr 13 04:01:51 UTC 2019
auto.tcl: Setting watchdog for 200 seconds at Sat Apr 13 04:01:51 UTC 2019
19 ms. Memory: 331264K Free: 305053K (92%)
ptolemy.util.test.WatchDog.cancel(): canceling Sat Apr 13 04:01:51 UTC 2019
------------------ testing $PTII/ptolemy/domains/de/test/auto/Modal5.xml
auto.tcl: Setting watchdog for 200 seconds at Sat Apr 13 04:01:51 UTC 2019
27 ms. Memory: 331264K Free: 308910K (93%)
ptolemy.util.test.WatchDog.cancel(): canceling Sat Apr 13 04:01:51 UTC 2019
auto.tcl: Setting watchdog for 200 seconds at Sat Apr 13 04:01:51 UTC 2019
17 ms. Memory: 331264K Free: 305040K (92%)
ptolemy.util.test.WatchDog.cancel(): canceling Sat Apr 13 04:01:51 UTC 2019
------------------ testing $PTII/ptolemy/domains/de/test/auto/Modal6.xml
auto.tcl: Setting watchdog for 200 seconds at Sat Apr 13 04:01:51 UTC 2019
15 ms. Memory: 331264K Free: 308908K (93%)
ptolemy.util.test.WatchDog.cancel(): canceling Sat Apr 13 04:01:52 UTC 2019
auto.tcl: Setting watchdog for 200 seconds at Sat Apr 13 04:01:52 UTC 2019
16 ms. Memory: 331264K Free: 305037K (92%)
ptolemy.util.test.WatchDog.cancel(): canceling Sat Apr 13 04:01:52 UTC 2019
------------------ testing $PTII/ptolemy/domains/de/test/auto/Modal7.xml
auto.tcl: Setting watchdog for 200 seconds at Sat Apr 13 04:01:52 UTC 2019
20 ms. Memory: 331264K Free: 308876K (93%)
ptolemy.util.test.WatchDog.cancel(): canceling Sat Apr 13 04:01:52 UTC 2019
auto.tcl: Setting watchdog for 200 seconds at Sat Apr 13 04:01:52 UTC 2019
13 ms. Memory: 331264K Free: 305006K (92%)
ptolemy.util.test.WatchDog.cancel(): canceling Sat Apr 13 04:01:52 UTC 2019
------------------ testing $PTII/ptolemy/domains/de/test/auto/ModalModel.xml
auto.tcl: Setting watchdog for 200 seconds at Sat Apr 13 04:01:52 UTC 2019
222 ms. Memory: 331264K Free: 249525K (75%)
ptolemy.util.test.WatchDog.cancel(): canceling Sat Apr 13 04:01:52 UTC 2019
auto.tcl: Setting watchdog for 200 seconds at Sat Apr 13 04:01:52 UTC 2019
205 ms. Memory: 331264K Free: 191468K (58%)
ptolemy.util.test.WatchDog.cancel(): canceling Sat Apr 13 04:01:52 UTC 2019
------------------ testing $PTII/ptolemy/domains/de/test/auto/ModalSource.xml
auto.tcl: Setting watchdog for 200 seconds at Sat Apr 13 04:01:52 UTC 2019
12 ms. Memory: 331264K Free: 315635K (95%)
ptolemy.util.test.WatchDog.cancel(): canceling Sat Apr 13 04:01:52 UTC 2019
auto.tcl: Setting watchdog for 200 seconds at Sat Apr 13 04:01:52 UTC 2019
6 ms. Memory: 331264K Free: 312179K (94%)
ptolemy.util.test.WatchDog.cancel(): canceling Sat Apr 13 04:01:52 UTC 2019
------------------ testing $PTII/ptolemy/domains/de/test/auto/NonInterruptibleTimerZeroDelay.xml
auto.tcl: Setting watchdog for 200 seconds at Sat Apr 13 04:01:52 UTC 2019
5 ms. Memory: 331264K Free: 320029K (97%)
ptolemy.util.test.WatchDog.cancel(): canceling Sat Apr 13 04:01:52 UTC 2019
auto.tcl: Setting watchdog for 200 seconds at Sat Apr 13 04:01:52 UTC 2019
3 ms. Memory: 331264K Free: 316573K (96%)
ptolemy.util.test.WatchDog.cancel(): canceling Sat Apr 13 04:01:52 UTC 2019
------------------ testing $PTII/ptolemy/domains/de/test/auto/OpenQueueingNetwork.xml
auto.tcl: Setting watchdog for 200 seconds at Sat Apr 13 04:01:52 UTC 2019
2777 ms. Memory: 317952K Free: 163158K (51%)
ptolemy.util.test.WatchDog.cancel(): canceling Sat Apr 13 04:01:55 UTC 2019
auto.tcl: Setting watchdog for 200 seconds at Sat Apr 13 04:01:55 UTC 2019
2474 ms. Memory: 287232K Free: 238700K (83%)
ptolemy.util.test.WatchDog.cancel(): canceling Sat Apr 13 04:01:58 UTC 2019
------------------ testing $PTII/ptolemy/domains/de/test/auto/OpenQueuingNetwork.xml
auto.tcl: Setting watchdog for 200 seconds at Sat Apr 13 04:01:58 UTC 2019
225 ms. Memory: 287232K Free: 189627K (66%)
ptolemy.util.test.WatchDog.cancel(): canceling Sat Apr 13 04:01:58 UTC 2019
auto.tcl: Setting watchdog for 200 seconds at Sat Apr 13 04:01:58 UTC 2019
235 ms. Memory: 287232K Free: 129153K (45%)
ptolemy.util.test.WatchDog.cancel(): canceling Sat Apr 13 04:01:59 UTC 2019
------------------ testing $PTII/ptolemy/domains/de/test/auto/PeriodicSampler.xml
auto.tcl: Setting watchdog for 200 seconds at Sat Apr 13 04:01:59 UTC 2019
4 ms. Memory: 289792K Free: 276851K (96%)
ptolemy.util.test.WatchDog.cancel(): canceling Sat Apr 13 04:01:59 UTC 2019
auto.tcl: Setting watchdog for 200 seconds at Sat Apr 13 04:01:59 UTC 2019
2 ms. Memory: 289792K Free: 273963K (95%)
ptolemy.util.test.WatchDog.cancel(): canceling Sat Apr 13 04:01:59 UTC 2019
------------------ testing $PTII/ptolemy/domains/de/test/auto/PersistentIO.xml
auto.tcl: Setting watchdog for 200 seconds at Sat Apr 13 04:01:59 UTC 2019
17 ms. Memory: 287232K Free: 269099K (94%)
ptolemy.util.test.WatchDog.cancel(): canceling Sat Apr 13 04:01:59 UTC 2019
auto.tcl: Setting watchdog for 200 seconds at Sat Apr 13 04:01:59 UTC 2019
5 ms. Memory: 287232K Free: 266195K (93%)
ptolemy.util.test.WatchDog.cancel(): canceling Sat Apr 13 04:01:59 UTC 2019
------------------ testing $PTII/ptolemy/domains/de/test/auto/PortParameterResetOnInitialize.xml
auto.tcl: Setting watchdog for 200 seconds at Sat Apr 13 04:01:59 UTC 2019
2 ms. Memory: 289280K Free: 273912K (95%)
ptolemy.util.test.WatchDog.cancel(): canceling Sat Apr 13 04:01:59 UTC 2019
auto.tcl: Setting watchdog for 200 seconds at Sat Apr 13 04:01:59 UTC 2019
2 ms. Memory: 289280K Free: 273912K (95%)
ptolemy.util.test.WatchDog.cancel(): canceling Sat Apr 13 04:01:59 UTC 2019
------------------ testing $PTII/ptolemy/domains/de/test/auto/PortParameterUpdates.xml
auto.tcl: Setting watchdog for 200 seconds at Sat Apr 13 04:01:59 UTC 2019
3 ms. Memory: 287232K Free: 271880K (95%)
ptolemy.util.test.WatchDog.cancel(): canceling Sat Apr 13 04:01:59 UTC 2019
auto.tcl: Setting watchdog for 200 seconds at Sat Apr 13 04:01:59 UTC 2019
4 ms. Memory: 287232K Free: 268984K (94%)
ptolemy.util.test.WatchDog.cancel(): canceling Sat Apr 13 04:01:59 UTC 2019
------------------ testing $PTII/ptolemy/domains/de/test/auto/QueueAndServer.xml
auto.tcl: Setting watchdog for 200 seconds at Sat Apr 13 04:01:59 UTC 2019
16 ms. Memory: 289280K Free: 273077K (94%)
ptolemy.util.test.WatchDog.cancel(): canceling Sat Apr 13 04:01:59 UTC 2019
auto.tcl: Setting watchdog for 200 seconds at Sat Apr 13 04:01:59 UTC 2019
6 ms. Memory: 289280K Free: 273077K (94%)
ptolemy.util.test.WatchDog.cancel(): canceling Sat Apr 13 04:01:59 UTC 2019
------------------ testing $PTII/ptolemy/domains/de/test/auto/Records.xml
auto.tcl: Setting watchdog for 200 seconds at Sat Apr 13 04:01:59 UTC 2019
5 ms. Memory: 287232K Free: 273844K (95%)
ptolemy.util.test.WatchDog.cancel(): canceling Sat Apr 13 04:01:59 UTC 2019
auto.tcl: Setting watchdog for 200 seconds at Sat Apr 13 04:01:59 UTC 2019
2 ms. Memory: 287232K Free: 273844K (95%)
ptolemy.util.test.WatchDog.cancel(): canceling Sat Apr 13 04:01:59 UTC 2019
------------------ testing $PTII/ptolemy/domains/de/test/auto/ResetTransitionWithStartTime1.xml
auto.tcl: Setting watchdog for 200 seconds at Sat Apr 13 04:01:59 UTC 2019
12 ms. Memory: 288768K Free: 272602K (94%)
ptolemy.util.test.WatchDog.cancel(): canceling Sat Apr 13 04:01:59 UTC 2019
auto.tcl: Setting watchdog for 200 seconds at Sat Apr 13 04:01:59 UTC 2019
10 ms. Memory: 288768K Free: 272501K (94%)
ptolemy.util.test.WatchDog.cancel(): canceling Sat Apr 13 04:01:59 UTC 2019
------------------ testing $PTII/ptolemy/domains/de/test/auto/ResetTransitionWithStartTime2.xml
auto.tcl: Setting watchdog for 200 seconds at Sat Apr 13 04:01:59 UTC 2019
8 ms. Memory: 287232K Free: 271065K (94%)
ptolemy.util.test.WatchDog.cancel(): canceling Sat Apr 13 04:01:59 UTC 2019
auto.tcl: Setting watchdog for 200 seconds at Sat Apr 13 04:01:59 UTC 2019
6 ms. Memory: 287232K Free: 271065K (94%)
ptolemy.util.test.WatchDog.cancel(): canceling Sat Apr 13 04:01:59 UTC 2019
------------------ testing $PTII/ptolemy/domains/de/test/auto/ResetTransitionWithStartTime3.xml
auto.tcl: Setting watchdog for 200 seconds at Sat Apr 13 04:01:59 UTC 2019
7 ms. Memory: 288768K Free: 272360K (94%)
ptolemy.util.test.WatchDog.cancel(): canceling Sat Apr 13 04:01:59 UTC 2019
auto.tcl: Setting watchdog for 200 seconds at Sat Apr 13 04:01:59 UTC 2019
6 ms. Memory: 288768K Free: 272360K (94%)
ptolemy.util.test.WatchDog.cancel(): canceling Sat Apr 13 04:01:59 UTC 2019
------------------ testing $PTII/ptolemy/domains/de/test/auto/ResetTransitionWithStartTime4.xml
auto.tcl: Setting watchdog for 200 seconds at Sat Apr 13 04:01:59 UTC 2019
3 ms. Memory: 287232K Free: 270830K (94%)
ptolemy.util.test.WatchDog.cancel(): canceling Sat Apr 13 04:01:59 UTC 2019
auto.tcl: Setting watchdog for 200 seconds at Sat Apr 13 04:01:59 UTC 2019
4 ms. Memory: 287232K Free: 270830K (94%)
ptolemy.util.test.WatchDog.cancel(): canceling Sat Apr 13 04:01:59 UTC 2019
------------------ testing $PTII/ptolemy/domains/de/test/auto/ResettableTimer1.xml
auto.tcl: Setting watchdog for 200 seconds at Sat Apr 13 04:01:59 UTC 2019
2 ms. Memory: 288768K Free: 275266K (95%)
ptolemy.util.test.WatchDog.cancel(): canceling Sat Apr 13 04:01:59 UTC 2019
auto.tcl: Setting watchdog for 200 seconds at Sat Apr 13 04:01:59 UTC 2019
2 ms. Memory: 288768K Free: 275266K (95%)
ptolemy.util.test.WatchDog.cancel(): canceling Sat Apr 13 04:01:59 UTC 2019
------------------ testing $PTII/ptolemy/domains/de/test/auto/ResettableTimer2.xml
auto.tcl: Setting watchdog for 200 seconds at Sat Apr 13 04:01:59 UTC 2019
3 ms. Memory: 287232K Free: 273873K (95%)
ptolemy.util.test.WatchDog.cancel(): canceling Sat Apr 13 04:01:59 UTC 2019
auto.tcl: Setting watchdog for 200 seconds at Sat Apr 13 04:01:59 UTC 2019
2 ms. Memory: 287232K Free: 273873K (95%)
ptolemy.util.test.WatchDog.cancel(): canceling Sat Apr 13 04:01:59 UTC 2019
------------------ testing $PTII/ptolemy/domains/de/test/auto/ResettableTimer3.xml
auto.tcl: Setting watchdog for 200 seconds at Sat Apr 13 04:02:00 UTC 2019
2 ms. Memory: 288256K Free: 274804K (95%)
ptolemy.util.test.WatchDog.cancel(): canceling Sat Apr 13 04:02:00 UTC 2019
auto.tcl: Setting watchdog for 200 seconds at Sat Apr 13 04:02:00 UTC 2019
1 ms. Memory: 288256K Free: 274804K (95%)
ptolemy.util.test.WatchDog.cancel(): canceling Sat Apr 13 04:02:00 UTC 2019
------------------ testing $PTII/ptolemy/domains/de/test/auto/ResettableTimer4.xml
auto.tcl: Setting watchdog for 200 seconds at Sat Apr 13 04:02:00 UTC 2019
2 ms. Memory: 287232K Free: 273901K (95%)
ptolemy.util.test.WatchDog.cancel(): canceling Sat Apr 13 04:02:00 UTC 2019
auto.tcl: Setting watchdog for 200 seconds at Sat Apr 13 04:02:00 UTC 2019
1 ms. Memory: 287232K Free: 273901K (95%)
ptolemy.util.test.WatchDog.cancel(): canceling Sat Apr 13 04:02:00 UTC 2019
------------------ testing $PTII/ptolemy/domains/de/test/auto/ResettableTimer5.xml
auto.tcl: Setting watchdog for 200 seconds at Sat Apr 13 04:02:00 UTC 2019
4 ms. Memory: 288256K Free: 272857K (95%)
ptolemy.util.test.WatchDog.cancel(): canceling Sat Apr 13 04:02:00 UTC 2019
auto.tcl: Setting watchdog for 200 seconds at Sat Apr 13 04:02:00 UTC 2019
2 ms. Memory: 288256K Free: 272857K (95%)
ptolemy.util.test.WatchDog.cancel(): canceling Sat Apr 13 04:02:00 UTC 2019
------------------ testing $PTII/ptolemy/domains/de/test/auto/ResettableTimer6.xml
auto.tcl: Setting watchdog for 200 seconds at Sat Apr 13 04:02:00 UTC 2019
1 ms. Memory: 287232K Free: 271673K (95%)
ptolemy.util.test.WatchDog.cancel(): canceling Sat Apr 13 04:02:00 UTC 2019
auto.tcl: Setting watchdog for 200 seconds at Sat Apr 13 04:02:00 UTC 2019
1 ms. Memory: 287232K Free: 271673K (95%)
ptolemy.util.test.WatchDog.cancel(): canceling Sat Apr 13 04:02:00 UTC 2019
------------------ testing $PTII/ptolemy/domains/de/test/auto/ServerZeroDelay.xml
auto.tcl: Setting watchdog for 200 seconds at Sat Apr 13 04:02:00 UTC 2019
4 ms. Memory: 288256K Free: 274848K (95%)
ptolemy.util.test.WatchDog.cancel(): canceling Sat Apr 13 04:02:00 UTC 2019
auto.tcl: Setting watchdog for 200 seconds at Sat Apr 13 04:02:00 UTC 2019
2 ms. Memory: 288256K Free: 274848K (95%)
ptolemy.util.test.WatchDog.cancel(): canceling Sat Apr 13 04:02:00 UTC 2019
------------------ testing $PTII/ptolemy/domains/de/test/auto/SmartSender.xml
auto.tcl: Setting watchdog for 200 seconds at Sat Apr 13 04:02:00 UTC 2019
3001 ms. Memory: 287232K Free: 271760K (95%)
ptolemy.util.test.WatchDog.cancel(): canceling Sat Apr 13 04:02:03 UTC 2019
auto.tcl: Setting watchdog for 200 seconds at Sat Apr 13 04:02:03 UTC 2019
3001 ms. Memory: 287232K Free: 271760K (95%)
ptolemy.util.test.WatchDog.cancel(): canceling Sat Apr 13 04:02:06 UTC 2019
------------------ testing $PTII/ptolemy/domains/de/test/auto/ThreadedComposite.xml
auto.tcl: Setting watchdog for 200 seconds at Sat Apr 13 04:02:06 UTC 2019
223 ms. Memory: 288256K Free: 254570K (88%)
ptolemy.util.test.WatchDog.cancel(): canceling Sat Apr 13 04:02:06 UTC 2019
auto.tcl: Setting watchdog for 200 seconds at Sat Apr 13 04:02:06 UTC 2019
182 ms. Memory: 288256K Free: 233556K (81%)
ptolemy.util.test.WatchDog.cancel(): canceling Sat Apr 13 04:02:06 UTC 2019
------------------ testing $PTII/ptolemy/domains/de/test/auto/Time.xml
auto.tcl: Setting watchdog for 200 seconds at Sat Apr 13 04:02:06 UTC 2019
487 ms. Memory: 287232K Free: 221985K (77%)
ptolemy.util.test.WatchDog.cancel(): canceling Sat Apr 13 04:02:07 UTC 2019
auto.tcl: Setting watchdog for 200 seconds at Sat Apr 13 04:02:07 UTC 2019
439 ms. Memory: 287232K Free: 170000K (59%)
ptolemy.util.test.WatchDog.cancel(): canceling Sat Apr 13 04:02:07 UTC 2019
------------------ testing $PTII/ptolemy/domains/de/test/auto/TimeDelayZeroDelay.xml
auto.tcl: Setting watchdog for 200 seconds at Sat Apr 13 04:02:07 UTC 2019
2 ms. Memory: 287744K Free: 274797K (96%)
ptolemy.util.test.WatchDog.cancel(): canceling Sat Apr 13 04:02:07 UTC 2019
auto.tcl: Setting watchdog for 200 seconds at Sat Apr 13 04:02:07 UTC 2019
2 ms. Memory: 287744K Free: 274797K (96%)
ptolemy.util.test.WatchDog.cancel(): canceling Sat Apr 13 04:02:07 UTC 2019
------------------ testing $PTII/ptolemy/domains/de/test/auto/TimerZeroDelay.xml
auto.tcl: Setting watchdog for 200 seconds at Sat Apr 13 04:02:07 UTC 2019
2 ms. Memory: 287232K Free: 274386K (96%)
ptolemy.util.test.WatchDog.cancel(): canceling Sat Apr 13 04:02:07 UTC 2019
auto.tcl: Setting watchdog for 200 seconds at Sat Apr 13 04:02:07 UTC 2019
2 ms. Memory: 287232K Free: 274386K (96%)
ptolemy.util.test.WatchDog.cancel(): canceling Sat Apr 13 04:02:07 UTC 2019
------------------ testing $PTII/ptolemy/domains/de/test/auto/TimingParadox.xml
auto.tcl: Setting watchdog for 200 seconds at Sat Apr 13 04:02:08 UTC 2019
289 ms. Memory: 287744K Free: 208702K (73%)
ptolemy.util.test.WatchDog.cancel(): canceling Sat Apr 13 04:02:08 UTC 2019
auto.tcl: Setting watchdog for 200 seconds at Sat Apr 13 04:02:08 UTC 2019
287 ms. Memory: 287744K Free: 175070K (61%)
ptolemy.util.test.WatchDog.cancel(): canceling Sat Apr 13 04:02:08 UTC 2019
------------------ testing $PTII/ptolemy/domains/de/test/auto/TransferInputs.xml
auto.tcl: Setting watchdog for 200 seconds at Sat Apr 13 04:02:08 UTC 2019
2 ms. Memory: 287744K Free: 273859K (95%)
ptolemy.util.test.WatchDog.cancel(): canceling Sat Apr 13 04:02:08 UTC 2019
auto.tcl: Setting watchdog for 200 seconds at Sat Apr 13 04:02:08 UTC 2019
2 ms. Memory: 287744K Free: 273859K (95%)
ptolemy.util.test.WatchDog.cancel(): canceling Sat Apr 13 04:02:08 UTC 2019
------------------ testing $PTII/ptolemy/domains/de/test/auto/TransferOutputs2.xml
auto.tcl: Setting watchdog for 200 seconds at Sat Apr 13 04:02:08 UTC 2019
3 ms. Memory: 287232K Free: 269803K (94%)
ptolemy.util.test.WatchDog.cancel(): canceling Sat Apr 13 04:02:08 UTC 2019
auto.tcl: Setting watchdog for 200 seconds at Sat Apr 13 04:02:08 UTC 2019
3 ms. Memory: 287232K Free: 267215K (93%)
ptolemy.util.test.WatchDog.cancel(): canceling Sat Apr 13 04:02:08 UTC 2019
------------------ testing $PTII/ptolemy/domains/de/test/auto/Trilateration.xml
auto.tcl: Setting watchdog for 200 seconds at Sat Apr 13 04:02:08 UTC 2019
14296 ms. Memory: 473088K Free: 286929K (61%)
ptolemy.util.test.WatchDog.cancel(): canceling Sat Apr 13 04:02:24 UTC 2019
auto.tcl: Setting watchdog for 200 seconds at Sat Apr 13 04:02:24 UTC 2019
11361 ms. Memory: 352256K Free: 233612K (66%)
ptolemy.util.test.WatchDog.cancel(): canceling Sat Apr 13 04:02:35 UTC 2019
------------------ testing $PTII/ptolemy/domains/de/test/auto/TwoSigmaDelta.xml
auto.tcl: Setting watchdog for 200 seconds at Sat Apr 13 04:02:35 UTC 2019
2743 ms. Memory: 339968K Free: 307051K (90%)
ptolemy.util.test.WatchDog.cancel(): canceling Sat Apr 13 04:02:38 UTC 2019
auto.tcl: Setting watchdog for 200 seconds at Sat Apr 13 04:02:38 UTC 2019
2033 ms. Memory: 339968K Free: 77774K (23%)
ptolemy.util.test.WatchDog.cancel(): canceling Sat Apr 13 04:02:40 UTC 2019
------------------ testing $PTII/ptolemy/domains/de/test/auto/VariableDelay.xml
auto.tcl: Setting watchdog for 200 seconds at Sat Apr 13 04:02:40 UTC 2019
2 ms. Memory: 337408K Free: 324894K (96%)
ptolemy.util.test.WatchDog.cancel(): canceling Sat Apr 13 04:02:40 UTC 2019
auto.tcl: Setting watchdog for 200 seconds at Sat Apr 13 04:02:40 UTC 2019
1 ms. Memory: 337408K Free: 321011K (95%)
ptolemy.util.test.WatchDog.cancel(): canceling Sat Apr 13 04:02:40 UTC 2019
------------------ testing $PTII/ptolemy/domains/de/test/auto/VariableDelay2.xml
auto.tcl: Setting watchdog for 200 seconds at Sat Apr 13 04:02:40 UTC 2019
1 ms. Memory: 339456K Free: 327353K (96%)
ptolemy.util.test.WatchDog.cancel(): canceling Sat Apr 13 04:02:40 UTC 2019
auto.tcl: Setting watchdog for 200 seconds at Sat Apr 13 04:02:40 UTC 2019
1 ms. Memory: 339456K Free: 323469K (95%)
ptolemy.util.test.WatchDog.cancel(): canceling Sat Apr 13 04:02:40 UTC 2019
------------------ testing $PTII/ptolemy/domains/de/test/auto/VariableDelayZeroDelay.xml
auto.tcl: Setting watchdog for 200 seconds at Sat Apr 13 04:02:41 UTC 2019
6 ms. Memory: 337408K Free: 322743K (96%)
ptolemy.util.test.WatchDog.cancel(): canceling Sat Apr 13 04:02:41 UTC 2019
auto.tcl: Setting watchdog for 200 seconds at Sat Apr 13 04:02:41 UTC 2019
2 ms. Memory: 337408K Free: 322743K (96%)
ptolemy.util.test.WatchDog.cancel(): canceling Sat Apr 13 04:02:41 UTC 2019
------------------ testing $PTII/ptolemy/domains/de/test/auto/VariableDelayZeroDelay2.xml
auto.tcl: Setting watchdog for 200 seconds at Sat Apr 13 04:02:41 UTC 2019
2 ms. Memory: 339456K Free: 324789K (96%)
ptolemy.util.test.WatchDog.cancel(): canceling Sat Apr 13 04:02:41 UTC 2019
auto.tcl: Setting watchdog for 200 seconds at Sat Apr 13 04:02:41 UTC 2019
2 ms. Memory: 339456K Free: 320898K (95%)
ptolemy.util.test.WatchDog.cancel(): canceling Sat Apr 13 04:02:41 UTC 2019
------------------ testing $PTII/ptolemy/domains/de/test/auto/deInCt.xml
auto.tcl: Setting watchdog for 200 seconds at Sat Apr 13 04:02:41 UTC 2019
0
1
1
1
0
0
1
1
1
0
0
0
1
1
1
0
0
0
0
1
1
1
1
0
0
0
1
1
1
0
0
0
1
1
1
1
0
0
0
1
1
0
0
1
1
1
1
1
9 ms. Memory: 337408K Free: 322734K (96%)
ptolemy.util.test.WatchDog.cancel(): canceling Sat Apr 13 04:02:41 UTC 2019
auto.tcl: Setting watchdog for 200 seconds at Sat Apr 13 04:02:41 UTC 2019
0
1
1
1
0
0
0
0
1
1
1
0
0
0
1
1
1
0
0
0
0
0
1
1
1
0
0
0
1
1
1
1
0
0
0
0
8 ms. Memory: 337408K Free: 318850K (94%)
ptolemy.util.test.WatchDog.cancel(): canceling Sat Apr 13 04:02:41 UTC 2019
------------------ testing $PTII/ptolemy/domains/de/test/auto/deInCt2.xml
auto.tcl: Setting watchdog for 200 seconds at Sat Apr 13 04:02:41 UTC 2019
0
1
1
1
0
0
1
1
1
0
0
1
1
1
0
0
1
1
1
0
0
1
1
1
0
0
1
1
1
0
0
1
1
1
0
0
1
1
1
0
0
0
10 ms. Memory: 338944K Free: 324274K (96%)
ptolemy.util.test.WatchDog.cancel(): canceling Sat Apr 13 04:02:41 UTC 2019
auto.tcl: Setting watchdog for 200 seconds at Sat Apr 13 04:02:41 UTC 2019
0
1
1
1
0
0
1
1
1
0
0
1
1
1
0
0
1
1
1
0
0
1
1
1
0
0
1
1
1
0
0
1
1
1
0
0
1
1
1
0
0
0
6 ms. Memory: 338944K Free: 320374K (95%)
ptolemy.util.test.WatchDog.cancel(): canceling Sat Apr 13 04:02:41 UTC 2019
------------------ testing $PTII/ptolemy/domains/de/test/auto/dynamicCausalityInterface1.xml
auto.tcl: Setting watchdog for 200 seconds at Sat Apr 13 04:02:41 UTC 2019
1 ms. Memory: 337408K Free: 314950K (93%)
ptolemy.util.test.WatchDog.cancel(): canceling Sat Apr 13 04:02:41 UTC 2019
auto.tcl: Setting watchdog for 200 seconds at Sat Apr 13 04:02:41 UTC 2019
1 ms. Memory: 337408K Free: 314950K (93%)
ptolemy.util.test.WatchDog.cancel(): canceling Sat Apr 13 04:02:41 UTC 2019
------------------ testing $PTII/ptolemy/domains/de/test/auto/fsm_de_test.xml
auto.tcl: Setting watchdog for 200 seconds at Sat Apr 13 04:02:41 UTC 2019
12 ms. Memory: 338944K Free: 320264K (94%)
ptolemy.util.test.WatchDog.cancel(): canceling Sat Apr 13 04:02:41 UTC 2019
auto.tcl: Setting watchdog for 200 seconds at Sat Apr 13 04:02:41 UTC 2019
5 ms. Memory: 338944K Free: 316380K (93%)
ptolemy.util.test.WatchDog.cancel(): canceling Sat Apr 13 04:02:41 UTC 2019
------------------ testing $PTII/ptolemy/domains/de/test/auto/functionDependencyReconstruction.xml
auto.tcl: Setting watchdog for 200 seconds at Sat Apr 13 04:02:41 UTC 2019
2 ms. Memory: 337408K Free: 310935K (92%)
ptolemy.util.test.WatchDog.cancel(): canceling Sat Apr 13 04:02:41 UTC 2019
auto.tcl: Setting watchdog for 200 seconds at Sat Apr 13 04:02:41 UTC 2019
3 ms. Memory: 337408K Free: 307051K (91%)
ptolemy.util.test.WatchDog.cancel(): canceling Sat Apr 13 04:02:41 UTC 2019
------------------ testing $PTII/ptolemy/domains/de/test/auto/multirate.xml
auto.tcl: Setting watchdog for 200 seconds at Sat Apr 13 04:02:41 UTC 2019
3 ms. Memory: 338432K Free: 319626K (94%)
ptolemy.util.test.WatchDog.cancel(): canceling Sat Apr 13 04:02:41 UTC 2019
auto.tcl: Setting watchdog for 200 seconds at Sat Apr 13 04:02:41 UTC 2019
4 ms. Memory: 338432K Free: 319626K (94%)
ptolemy.util.test.WatchDog.cancel(): canceling Sat Apr 13 04:02:41 UTC 2019
------------------ testing $PTII/ptolemy/domains/de/test/auto/multirate2.xml
auto.tcl: Setting watchdog for 200 seconds at Sat Apr 13 04:02:41 UTC 2019
2 ms. Memory: 337408K Free: 318782K (94%)
ptolemy.util.test.WatchDog.cancel(): canceling Sat Apr 13 04:02:41 UTC 2019
auto.tcl: Setting watchdog for 200 seconds at Sat Apr 13 04:02:41 UTC 2019
3 ms. Memory: 337408K Free: 318782K (94%)
ptolemy.util.test.WatchDog.cancel(): canceling Sat Apr 13 04:02:41 UTC 2019
------------------ testing $PTII/ptolemy/domains/de/test/auto/realtime.xml
auto.tcl: Setting watchdog for 200 seconds at Sat Apr 13 04:02:41 UTC 2019
10001 ms. Memory: 338432K Free: 323700K (96%)
ptolemy.util.test.WatchDog.cancel(): canceling Sat Apr 13 04:02:51 UTC 2019
auto.tcl: Setting watchdog for 200 seconds at Sat Apr 13 04:02:51 UTC 2019
10002 ms. Memory: 338432K Free: 319800K (94%)
ptolemy.util.test.WatchDog.cancel(): canceling Sat Apr 13 04:03:01 UTC 2019
------------------ testing $PTII/ptolemy/domains/de/test/auto/relationGroup.xml
auto.tcl: Setting watchdog for 200 seconds at Sat Apr 13 04:03:01 UTC 2019
9 ms. Memory: 337408K Free: 322706K (96%)
ptolemy.util.test.WatchDog.cancel(): canceling Sat Apr 13 04:03:01 UTC 2019
auto.tcl: Setting watchdog for 200 seconds at Sat Apr 13 04:03:01 UTC 2019
2 ms. Memory: 337408K Free: 322706K (96%)
ptolemy.util.test.WatchDog.cancel(): canceling Sat Apr 13 04:03:01 UTC 2019
------------------ testing $PTII/ptolemy/domains/de/test/auto/relationGroup2.xml
auto.tcl: Setting watchdog for 200 seconds at Sat Apr 13 04:03:01 UTC 2019
2 ms. Memory: 338432K Free: 323756K (96%)
ptolemy.util.test.WatchDog.cancel(): canceling Sat Apr 13 04:03:01 UTC 2019
auto.tcl: Setting watchdog for 200 seconds at Sat Apr 13 04:03:01 UTC 2019
2 ms. Memory: 338432K Free: 323756K (96%)
ptolemy.util.test.WatchDog.cancel(): canceling Sat Apr 13 04:03:01 UTC 2019
------------------ testing $PTII/ptolemy/domains/de/test/auto/sortWithOpaquePorts.xml
auto.tcl: Setting watchdog for 200 seconds at Sat Apr 13 04:03:01 UTC 2019
2 ms. Memory: 337408K Free: 322733K (96%)
ptolemy.util.test.WatchDog.cancel(): canceling Sat Apr 13 04:03:01 UTC 2019
auto.tcl: Setting watchdog for 200 seconds at Sat Apr 13 04:03:01 UTC 2019
2 ms. Memory: 337408K Free: 318833K (94%)
ptolemy.util.test.WatchDog.cancel(): canceling Sat Apr 13 04:03:01 UTC 2019
------------------ testing $PTII/ptolemy/domains/de/test/auto/transferInputsandOutputs.xml
auto.tcl: Setting watchdog for 200 seconds at Sat Apr 13 04:03:02 UTC 2019
3 ms. Memory: 337920K Free: 319340K (95%)
ptolemy.util.test.WatchDog.cancel(): canceling Sat Apr 13 04:03:02 UTC 2019
auto.tcl: Setting watchdog for 200 seconds at Sat Apr 13 04:03:02 UTC 2019
3 ms. Memory: 337920K Free: 319340K (95%)
ptolemy.util.test.WatchDog.cancel(): canceling Sat Apr 13 04:03:02 UTC 2019
------------------ testing $PTII/ptolemy/domains/de/test/auto/triggerType.xml
auto.tcl: Setting watchdog for 200 seconds at Sat Apr 13 04:03:02 UTC 2019
2 ms. Memory: 337408K Free: 322670K (96%)
ptolemy.util.test.WatchDog.cancel(): canceling Sat Apr 13 04:03:02 UTC 2019
auto.tcl: Setting watchdog for 200 seconds at Sat Apr 13 04:03:02 UTC 2019
2 ms. Memory: 337408K Free: 318778K (94%)
ptolemy.util.test.WatchDog.cancel(): canceling Sat Apr 13 04:03:02 UTC 2019
04/13/19 04:03:02
Failed: 0  Total Tests: 192  ((Passed: 187, Newly Passed: 1)  Known Failed: 5) /home/travis/build/icyphy/ptII/ptolemy/domains/de/test
04/13/19 04:03:02
Failed: 0  Total Tests: 192  ((Passed: 187, Newly Passed: 1)  Known Failed: 5) /home/travis/build/icyphy/ptII/ptolemy/domains/de/test
----------------- testing (KnownFailure) /home/travis/build/icyphy/ptII/ptolemy/domains/de/test/auto/knownFailedTests/DESDFClockTest.xml
2015 ms. Memory: 337920K Free: 312976K (93%)
Known Failure: java.lang.reflect.InvocationTargetException
----------------- testing (KnownFailure) /home/travis/build/icyphy/ptII/ptolemy/domains/de/test/auto/knownFailedTests/DirectFeedback.xml
1 ms. Memory: 337920K Free: 292496K (87%)
Known Failure: java.lang.reflect.InvocationTargetException
----------------- testing (KnownFailure) /home/travis/build/icyphy/ptII/ptolemy/domains/de/test/auto/knownFailedTests/FSMSource.xml
8 ms. Memory: 337920K Free: 272015K (80%)
----------------- testing (KnownFailure) /home/travis/build/icyphy/ptII/ptolemy/domains/de/test/auto/knownFailedTests/HierarchicalModel.xml
2 ms. Memory: 337920K Free: 246391K (73%)
Known Failure: java.lang.reflect.InvocationTargetException
----------------- testing (KnownFailure) /home/travis/build/icyphy/ptII/ptolemy/domains/de/test/auto/knownFailedTests/dependencyLoop.xml
2 ms. Memory: 337920K Free: 215663K (64%)
Known Failure: java.lang.reflect.InvocationTargetException
----------------- testing (KnownFailure) /home/travis/build/icyphy/ptII/ptolemy/domains/de/test/auto/knownFailedTests/dependencyLoop2.xml
7 ms. Memory: 337920K Free: 184934K (55%)
Known Failure: java.lang.reflect.InvocationTargetException
No auto/linux-amd64/*.xml tests in /home/travis/build/icyphy/ptII/ptolemy/domains/de/test
AutoTests.java: About to close Vertx.
AutoTests.java: Vertx closed.

===========================================================================================
----------------- testing Sat Apr 13 04:03:04 UTC 2019 /home/travis/build/icyphy/ptII/ptolemy/domains/de/test/auto/ActorDepthCalculation_actorWithoutPorts.xml
----------------- Instantiating /home/travis/build/icyphy/ptII/ptolemy/domains/de/test/auto/ActorDepthCalculation_actorWithoutPorts.xml
3 ms. Memory: 337920K Free: 159334K (47%)
----------------- Invoking toplevel() on ptolemy.moml.MoMLSimpleApplication@66157474
----------------- Done invoking toplevel() on ptolemy.moml.MoMLSimpleApplication@66157474
reloadAllAccessors: .ActorDepthCalculation_actorWithoutPorts

===========================================================================================
----------------- testing Sat Apr 13 04:03:04 UTC 2019 /home/travis/build/icyphy/ptII/ptolemy/domains/de/test/auto/AssemblyLine.xml
----------------- Instantiating /home/travis/build/icyphy/ptII/ptolemy/domains/de/test/auto/AssemblyLine.xml
3 ms. Memory: 337920K Free: 143966K (43%)
----------------- Invoking toplevel() on ptolemy.moml.MoMLSimpleApplication@6d500058
----------------- Done invoking toplevel() on ptolemy.moml.MoMLSimpleApplication@6d500058
reloadAllAccessors: .AssemblyLine

===========================================================================================
----------------- testing Sat Apr 13 04:03:04 UTC 2019 /home/travis/build/icyphy/ptII/ptolemy/domains/de/test/auto/CQBug1.xml
----------------- Instantiating /home/travis/build/icyphy/ptII/ptolemy/domains/de/test/auto/CQBug1.xml
1 ms. Memory: 337920K Free: 133726K (40%)
----------------- Invoking toplevel() on ptolemy.moml.MoMLSimpleApplication@67ec3517
----------------- Done invoking toplevel() on ptolemy.moml.MoMLSimpleApplication@67ec3517
reloadAllAccessors: .CQBug1

===========================================================================================
----------------- testing Sat Apr 13 04:03:04 UTC 2019 /home/travis/build/icyphy/ptII/ptolemy/domains/de/test/auto/CancelFireAt.xml
----------------- Instantiating /home/travis/build/icyphy/ptII/ptolemy/domains/de/test/auto/CancelFireAt.xml
2 ms. Memory: 337920K Free: 123486K (37%)
----------------- Invoking toplevel() on ptolemy.moml.MoMLSimpleApplication@1c56426f
----------------- Done invoking toplevel() on ptolemy.moml.MoMLSimpleApplication@1c56426f
reloadAllAccessors: .CancelFireAt

===========================================================================================
----------------- testing Sat Apr 13 04:03:04 UTC 2019 /home/travis/build/icyphy/ptII/ptolemy/domains/de/test/auto/CausalityAndComposabilityAnalysis.xml
----------------- Instantiating /home/travis/build/icyphy/ptII/ptolemy/domains/de/test/auto/CausalityAndComposabilityAnalysis.xml
2 ms. Memory: 337920K Free: 113246K (34%)
----------------- Invoking toplevel() on ptolemy.moml.MoMLSimpleApplication@5ad775d0
----------------- Done invoking toplevel() on ptolemy.moml.MoMLSimpleApplication@5ad775d0
reloadAllAccessors: .CausalityAndComposabilityAnalysis

===========================================================================================
----------------- testing Sat Apr 13 04:03:04 UTC 2019 /home/travis/build/icyphy/ptII/ptolemy/domains/de/test/auto/CausalityInterface1.xml
----------------- Instantiating /home/travis/build/icyphy/ptII/ptolemy/domains/de/test/auto/CausalityInterface1.xml
5 ms. Memory: 337920K Free: 103006K (30%)
----------------- Invoking toplevel() on ptolemy.moml.MoMLSimpleApplication@136a1232
----------------- Done invoking toplevel() on ptolemy.moml.MoMLSimpleApplication@136a1232
reloadAllAccessors: .CausalityInterface1

===========================================================================================
----------------- testing Sat Apr 13 04:03:04 UTC 2019 /home/travis/build/icyphy/ptII/ptolemy/domains/de/test/auto/CausalityInterface15.xml
----------------- Instantiating /home/travis/build/icyphy/ptII/ptolemy/domains/de/test/auto/CausalityInterface15.xml
2 ms. Memory: 337920K Free: 88882K (26%)
----------------- Invoking toplevel() on ptolemy.moml.MoMLSimpleApplication@24fbf65e
----------------- Done invoking toplevel() on ptolemy.moml.MoMLSimpleApplication@24fbf65e
reloadAllAccessors: .CausalityInterface15

[...]
java.lang.RuntimeException: Execution failed
	at ptolemy.moml.MoMLSimpleApplication$UnloadThread.run(MoMLSimpleApplication.java:402)
Caused by: ptolemy.kernel.util.IllegalActionException: Test fails in iteration 1.
Value was: 1.0. Should have been: 2.0
  in .DirectFeedback.Test
	at ptolemy.actor.lib.Test.fire(Test.java:268)
	at ptolemy.domains.de.kernel.DEDirector._fire(DEDirector.java:1949)
	at ptolemy.domains.de.kernel.DEDirector.fire(DEDirector.java:502)
	at ptolemy.actor.CompositeActor.fire(CompositeActor.java:455)
	at ptolemy.actor.Manager.iterate(Manager.java:851)
	at ptolemy.actor.Manager.execute(Manager.java:369)
	at ptolemy.actor.Manager.run(Manager.java:1263)
	at ptolemy.actor.Manager$PtolemyRunThread.run(Manager.java:1915)
java.lang.RuntimeException: Execution failed
	at ptolemy.moml.MoMLSimpleApplication$UnloadThread.run(MoMLSimpleApplication.java:402)
Caused by: ptolemy.kernel.util.IllegalActionException: Actor is not ready to fire.  Perhaps UpSample.prefire() returned false? Try debugging the actor by selecting "Listen to Actor".  Also, for SDF check moml for tokenConsumptionRate on input.
  in .DESDFClockTest.Play Bell.Copy1:SDF Director and .DESDFClockTest.Play Bell.UpSample
	at ptolemy.actor.sched.StaticSchedulingDirector.fire(StaticSchedulingDirector.java:227)
	at ptolemy.domains.sdf.kernel.SDFDirector.fire(SDFDirector.java:500)
	at ptolemy.actor.CompositeActor.fire(CompositeActor.java:455)
	at ptolemy.domains.de.kernel.DEDirector._fire(DEDirector.java:1949)
	at ptolemy.domains.de.kernel.DEDirector.fire(DEDirector.java:502)
	at ptolemy.actor.CompositeActor.fire(CompositeActor.java:455)
	at ptolemy.actor.Manager.iterate(Manager.java:851)
	at ptolemy.actor.Manager.execute(Manager.java:369)
	at ptolemy.actor.Manager.run(Manager.java:1263)
	at ptolemy.actor.Manager$PtolemyRunThread.run(Manager.java:1915)
java.lang.reflect.InvocationTargetException
	at sun.reflect.NativeConstructorAccessorImpl.newInstance0(Native Method)
	at sun.reflect.NativeConstructorAccessorImpl.newInstance(NativeConstructorAccessorImpl.java:62)
	at sun.reflect.DelegatingConstructorAccessorImpl.newInstance(DelegatingConstructorAccessorImpl.java:45)
	at java.lang.reflect.Constructor.newInstance(Constructor.java:423)
	at ptolemy.util.test.junit.AutoKnownFailedTests.RunModel(AutoKnownFailedTests.java:105)
	at sun.reflect.NativeMethodAccessorImpl.invoke0(Native Method)
	at sun.reflect.NativeMethodAccessorImpl.invoke(NativeMethodAccessorImpl.java:62)
	at sun.reflect.DelegatingMethodAccessorImpl.invoke(DelegatingMethodAccessorImpl.java:43)
	at java.lang.reflect.Method.invoke(Method.java:498)
	at org.junit.runners.model.FrameworkMethod$1.runReflectiveCall(FrameworkMethod.java:44)
	at org.junit.internal.runners.model.ReflectiveCallable.run(ReflectiveCallable.java:15)
	at org.junit.runners.model.FrameworkMethod.invokeExplosively(FrameworkMethod.java:41)
	at junitparams.internal.InvokeParameterisedMethod.evaluate(InvokeParameterisedMethod.java:102)
	at org.junit.internal.runners.statements.FailOnTimeout$1.run(FailOnTimeout.java:28)
Caused by: ptolemy.kernel.util.IllegalActionException: Actor is not ready to fire.  Perhaps UpSample.prefire() returned false? Try debugging the actor by selecting "Listen to Actor".  Also, for SDF check moml for tokenConsumptionRate on input.
  in .DESDFClockTest.Play Bell.Copy1:SDF Director and .DESDFClockTest.Play Bell.UpSample
	at ptolemy.actor.sched.StaticSchedulingDirector.fire(StaticSchedulingDirector.java:227)
	at ptolemy.domains.sdf.kernel.SDFDirector.fire(SDFDirector.java:500)
	at ptolemy.actor.CompositeActor.fire(CompositeActor.java:455)
	at ptolemy.domains.de.kernel.DEDirector._fire(DEDirector.java:1949)
	at ptolemy.domains.de.kernel.DEDirector.fire(DEDirector.java:502)
	at ptolemy.actor.CompositeActor.fire(CompositeActor.java:455)
	at ptolemy.actor.Manager.iterate(Manager.java:851)
	at ptolemy.actor.Manager.execute(Manager.java:369)
	at ptolemy.actor.Manager.run(Manager.java:1263)
	at ptolemy.actor.Manager$PtolemyRunThread.run(Manager.java:1915)
java.lang.RuntimeException: Execution failed
	at ptolemy.moml.MoMLSimpleApplication$UnloadThread.run(MoMLSimpleApplication.java:402)
Caused by: ptolemy.kernel.util.IllegalActionException: Test fails in iteration 1.
Value was: 1.0. Should have been: 2.0
  in .DirectFeedback.Test
	at ptolemy.actor.lib.Test.fire(Test.java:268)
	at ptolemy.domains.de.kernel.DEDirector._fire(DEDirector.java:1949)
	at ptolemy.domains.de.kernel.DEDirector.fire(DEDirector.java:502)
	at ptolemy.actor.CompositeActor.fire(CompositeActor.java:455)
	at ptolemy.actor.Manager.iterate(Manager.java:851)
	at ptolemy.actor.Manager.execute(Manager.java:369)
	at ptolemy.actor.Manager.run(Manager.java:1263)
	at ptolemy.actor.Manager$PtolemyRunThread.run(Manager.java:1915)
java.lang.reflect.InvocationTargetException
	at sun.reflect.NativeConstructorAccessorImpl.newInstance0(Native Method)
	at sun.reflect.NativeConstructorAccessorImpl.newInstance(NativeConstructorAccessorImpl.java:62)
	at sun.reflect.DelegatingConstructorAccessorImpl.newInstance(DelegatingConstructorAccessorImpl.java:45)
	at java.lang.reflect.Constructor.newInstance(Constructor.java:423)
	at ptolemy.util.test.junit.AutoKnownFailedTests.RunModel(AutoKnownFailedTests.java:105)
	at sun.reflect.NativeMethodAccessorImpl.invoke0(Native Method)
	at sun.reflect.NativeMethodAccessorImpl.invoke(NativeMethodAccessorImpl.java:62)
	at sun.reflect.DelegatingMethodAccessorImpl.invoke(DelegatingMethodAccessorImpl.java:43)
	at java.lang.reflect.Method.invoke(Method.java:498)
	at org.junit.runners.model.FrameworkMethod$1.runReflectiveCall(FrameworkMethod.java:44)
	at org.junit.internal.runners.model.ReflectiveCallable.run(ReflectiveCallable.java:15)
	at org.junit.runners.model.FrameworkMethod.invokeExplosively(FrameworkMethod.java:41)
	at junitparams.internal.InvokeParameterisedMethod.evaluate(InvokeParameterisedMethod.java:102)
	at org.junit.internal.runners.statements.FailOnTimeout$1.run(FailOnTimeout.java:28)
Caused by: ptolemy.kernel.util.IllegalActionException: Test fails in iteration 1.
Value was: 1.0. Should have been: 2.0
  in .DirectFeedback.Test
	at ptolemy.actor.lib.Test.fire(Test.java:268)
	at ptolemy.domains.de.kernel.DEDirector._fire(DEDirector.java:1949)
	at ptolemy.domains.de.kernel.DEDirector.fire(DEDirector.java:502)
	at ptolemy.actor.CompositeActor.fire(CompositeActor.java:455)
	at ptolemy.actor.Manager.iterate(Manager.java:851)
	at ptolemy.actor.Manager.execute(Manager.java:369)
	at ptolemy.actor.Manager.run(Manager.java:1263)
	at ptolemy.actor.Manager$PtolemyRunThread.run(Manager.java:1915)
java.lang.RuntimeException: Execution failed
	at ptolemy.moml.MoMLSimpleApplication$UnloadThread.run(MoMLSimpleApplication.java:402)
Caused by: ptolemy.kernel.util.IllegalActionException: Found a zero delay loop containing .HierarchicalModel.A
  in .HierarchicalModel and .HierarchicalModel.A
	at ptolemy.actor.util.CausalityInterfaceForComposites._computeOutputPortDepth(CausalityInterfaceForComposites.java:759)
	at ptolemy.actor.util.CausalityInterfaceForComposites._computeInputDepth(CausalityInterfaceForComposites.java:696)
	at ptolemy.actor.util.CausalityInterfaceForComposites._computeOutputPortDepth(CausalityInterfaceForComposites.java:765)
	at ptolemy.actor.util.CausalityInterfaceForComposites._computeInputDepth(CausalityInterfaceForComposites.java:696)
	at ptolemy.actor.util.CausalityInterfaceForComposites._computeOutputPortDepth(CausalityInterfaceForComposites.java:765)
	at ptolemy.actor.util.CausalityInterfaceForComposites._computeInputDepth(CausalityInterfaceForComposites.java:696)
	at ptolemy.actor.util.CausalityInterfaceForComposites._computeActorDepth(CausalityInterfaceForComposites.java:532)
	at ptolemy.actor.util.CausalityInterfaceForComposites.checkForCycles(CausalityInterfaceForComposites.java:96)
	at ptolemy.domains.de.kernel.DEDirector.preinitialize(DEDirector.java:1338)
	at ptolemy.actor.CompositeActor.preinitialize(CompositeActor.java:1828)
	at ptolemy.actor.Manager.preinitializeAndResolveTypes(Manager.java:1040)
	at ptolemy.actor.Manager.initialize(Manager.java:710)
	at ptolemy.actor.Manager.execute(Manager.java:356)
	at ptolemy.actor.Manager.run(Manager.java:1263)
	at ptolemy.actor.Manager$PtolemyRunThread.run(Manager.java:1915)
java.lang.reflect.InvocationTargetException
	at sun.reflect.NativeConstructorAccessorImpl.newInstance0(Native Method)
	at sun.reflect.NativeConstructorAccessorImpl.newInstance(NativeConstructorAccessorImpl.java:62)
	at sun.reflect.DelegatingConstructorAccessorImpl.newInstance(DelegatingConstructorAccessorImpl.java:45)
	at java.lang.reflect.Constructor.newInstance(Constructor.java:423)
	at ptolemy.util.test.junit.AutoKnownFailedTests.RunModel(AutoKnownFailedTests.java:105)
	at sun.reflect.NativeMethodAccessorImpl.invoke0(Native Method)
	at sun.reflect.NativeMethodAccessorImpl.invoke(NativeMethodAccessorImpl.java:62)
	at sun.reflect.DelegatingMethodAccessorImpl.invoke(DelegatingMethodAccessorImpl.java:43)
	at java.lang.reflect.Method.invoke(Method.java:498)
	at org.junit.runners.model.FrameworkMethod$1.runReflectiveCall(FrameworkMethod.java:44)
	at org.junit.internal.runners.model.ReflectiveCallable.run(ReflectiveCallable.java:15)
	at org.junit.runners.model.FrameworkMethod.invokeExplosively(FrameworkMethod.java:41)
	at junitparams.internal.InvokeParameterisedMethod.evaluate(InvokeParameterisedMethod.java:102)
	at org.junit.internal.runners.statements.FailOnTimeout$1.run(FailOnTimeout.java:28)
Caused by: ptolemy.kernel.util.IllegalActionException: Found a zero delay loop containing .HierarchicalModel.A
  in .HierarchicalModel and .HierarchicalModel.A
	at ptolemy.actor.util.CausalityInterfaceForComposites._computeOutputPortDepth(CausalityInterfaceForComposites.java:759)
	at ptolemy.actor.util.CausalityInterfaceForComposites._computeInputDepth(CausalityInterfaceForComposites.java:696)
	at ptolemy.actor.util.CausalityInterfaceForComposites._computeOutputPortDepth(CausalityInterfaceForComposites.java:765)
	at ptolemy.actor.util.CausalityInterfaceForComposites._computeInputDepth(CausalityInterfaceForComposites.java:696)
	at ptolemy.actor.util.CausalityInterfaceForComposites._computeOutputPortDepth(CausalityInterfaceForComposites.java:765)
	at ptolemy.actor.util.CausalityInterfaceForComposites._computeInputDepth(CausalityInterfaceForComposites.java:696)
	at ptolemy.actor.util.CausalityInterfaceForComposites._computeActorDepth(CausalityInterfaceForComposites.java:532)
	at ptolemy.actor.util.CausalityInterfaceForComposites.checkForCycles(CausalityInterfaceForComposites.java:96)
	at ptolemy.domains.de.kernel.DEDirector.preinitialize(DEDirector.java:1338)
	at ptolemy.actor.CompositeActor.preinitialize(CompositeActor.java:1828)
	at ptolemy.actor.Manager.preinitializeAndResolveTypes(Manager.java:1040)
	at ptolemy.actor.Manager.initialize(Manager.java:710)
	at ptolemy.actor.Manager.execute(Manager.java:356)
	at ptolemy.actor.Manager.run(Manager.java:1263)
	at ptolemy.actor.Manager$PtolemyRunThread.run(Manager.java:1915)
java.lang.RuntimeException: Execution failed
	at ptolemy.moml.MoMLSimpleApplication$UnloadThread.run(MoMLSimpleApplication.java:402)
Caused by: ptolemy.kernel.util.IllegalActionException: Found a zero delay loop containing .dependencyLoop.original
  in .dependencyLoop and .dependencyLoop.original
	at ptolemy.actor.util.CausalityInterfaceForComposites._computeOutputPortDepth(CausalityInterfaceForComposites.java:759)
	at ptolemy.actor.util.CausalityInterfaceForComposites._computeInputDepth(CausalityInterfaceForComposites.java:696)
	at ptolemy.actor.util.CausalityInterfaceForComposites._computeOutputPortDepth(CausalityInterfaceForComposites.java:765)
	at ptolemy.actor.util.CausalityInterfaceForComposites._computeInputDepth(CausalityInterfaceForComposites.java:696)
	at ptolemy.actor.util.CausalityInterfaceForComposites._computeOutputPortDepth(CausalityInterfaceForComposites.java:765)
	at ptolemy.actor.util.CausalityInterfaceForComposites._computeInputDepth(CausalityInterfaceForComposites.java:696)
	at ptolemy.actor.util.CausalityInterfaceForComposites._computeActorDepth(CausalityInterfaceForComposites.java:532)
	at ptolemy.actor.util.CausalityInterfaceForComposites.checkForCycles(CausalityInterfaceForComposites.java:96)
	at ptolemy.domains.de.kernel.DEDirector.preinitialize(DEDirector.java:1338)
	at ptolemy.actor.CompositeActor.preinitialize(CompositeActor.java:1828)
	at ptolemy.actor.Manager.preinitializeAndResolveTypes(Manager.java:1040)
	at ptolemy.actor.Manager.initialize(Manager.java:710)
	at ptolemy.actor.Manager.execute(Manager.java:356)
	at ptolemy.actor.Manager.run(Manager.java:1263)
	at ptolemy.actor.Manager$PtolemyRunThread.run(Manager.java:1915)
java.lang.reflect.InvocationTargetException
	at sun.reflect.NativeConstructorAccessorImpl.newInstance0(Native Method)
	at sun.reflect.NativeConstructorAccessorImpl.newInstance(NativeConstructorAccessorImpl.java:62)
	at sun.reflect.DelegatingConstructorAccessorImpl.newInstance(DelegatingConstructorAccessorImpl.java:45)
	at java.lang.reflect.Constructor.newInstance(Constructor.java:423)
	at ptolemy.util.test.junit.AutoKnownFailedTests.RunModel(AutoKnownFailedTests.java:105)
	at sun.reflect.NativeMethodAccessorImpl.invoke0(Native Method)
	at sun.reflect.NativeMethodAccessorImpl.invoke(NativeMethodAccessorImpl.java:62)
	at sun.reflect.DelegatingMethodAccessorImpl.invoke(DelegatingMethodAccessorImpl.java:43)
	at java.lang.reflect.Method.invoke(Method.java:498)
	at org.junit.runners.model.FrameworkMethod$1.runReflectiveCall(FrameworkMethod.java:44)
	at org.junit.internal.runners.model.ReflectiveCallable.run(ReflectiveCallable.java:15)
	at org.junit.runners.model.FrameworkMethod.invokeExplosively(FrameworkMethod.java:41)
	at junitparams.internal.InvokeParameterisedMethod.evaluate(InvokeParameterisedMethod.java:102)
	at org.junit.internal.runners.statements.FailOnTimeout$1.run(FailOnTimeout.java:28)
Caused by: ptolemy.kernel.util.IllegalActionException: Found a zero delay loop containing .dependencyLoop.original
  in .dependencyLoop and .dependencyLoop.original
	at ptolemy.actor.util.CausalityInterfaceForComposites._computeOutputPortDepth(CausalityInterfaceForComposites.java:759)
	at ptolemy.actor.util.CausalityInterfaceForComposites._computeInputDepth(CausalityInterfaceForComposites.java:696)
	at ptolemy.actor.util.CausalityInterfaceForComposites._computeOutputPortDepth(CausalityInterfaceForComposites.java:765)
	at ptolemy.actor.util.CausalityInterfaceForComposites._computeInputDepth(CausalityInterfaceForComposites.java:696)
	at ptolemy.actor.util.CausalityInterfaceForComposites._computeOutputPortDepth(CausalityInterfaceForComposites.java:765)
	at ptolemy.actor.util.CausalityInterfaceForComposites._computeInputDepth(CausalityInterfaceForComposites.java:696)
	at ptolemy.actor.util.CausalityInterfaceForComposites._computeActorDepth(CausalityInterfaceForComposites.java:532)
	at ptolemy.actor.util.CausalityInterfaceForComposites.checkForCycles(CausalityInterfaceForComposites.java:96)
	at ptolemy.domains.de.kernel.DEDirector.preinitialize(DEDirector.java:1338)
	at ptolemy.actor.CompositeActor.preinitialize(CompositeActor.java:1828)
	at ptolemy.actor.Manager.preinitializeAndResolveTypes(Manager.java:1040)
	at ptolemy.actor.Manager.initialize(Manager.java:710)
	at ptolemy.actor.Manager.execute(Manager.java:356)
	at ptolemy.actor.Manager.run(Manager.java:1263)
	at ptolemy.actor.Manager$PtolemyRunThread.run(Manager.java:1915)
java.lang.RuntimeException: Execution failed
	at ptolemy.moml.MoMLSimpleApplication$UnloadThread.run(MoMLSimpleApplication.java:402)
Caused by: ptolemy.kernel.util.IllegalActionException: Found a zero delay loop containing .dependencyLoop2.original
  in .dependencyLoop2 and .dependencyLoop2.original
	at ptolemy.actor.util.CausalityInterfaceForComposites._computeOutputPortDepth(CausalityInterfaceForComposites.java:759)
	at ptolemy.actor.util.CausalityInterfaceForComposites._computeInputDepth(CausalityInterfaceForComposites.java:696)
	at ptolemy.actor.util.CausalityInterfaceForComposites._computeOutputPortDepth(CausalityInterfaceForComposites.java:765)
	at ptolemy.actor.util.CausalityInterfaceForComposites._computeInputDepth(CausalityInterfaceForComposites.java:696)
	at ptolemy.actor.util.CausalityInterfaceForComposites._computeOutputPortDepth(CausalityInterfaceForComposites.java:765)
	at ptolemy.actor.util.CausalityInterfaceForComposites._computeInputDepth(CausalityInterfaceForComposites.java:696)
	at ptolemy.actor.util.CausalityInterfaceForComposites._computeActorDepth(CausalityInterfaceForComposites.java:532)
	at ptolemy.actor.util.CausalityInterfaceForComposites.checkForCycles(CausalityInterfaceForComposites.java:96)
	at ptolemy.domains.de.kernel.DEDirector.preinitialize(DEDirector.java:1338)
	at ptolemy.actor.CompositeActor.preinitialize(CompositeActor.java:1828)
	at ptolemy.actor.Manager.preinitializeAndResolveTypes(Manager.java:1040)
	at ptolemy.actor.Manager.initialize(Manager.java:710)
	at ptolemy.actor.Manager.execute(Manager.java:356)
	at ptolemy.actor.Manager.run(Manager.java:1263)
	at ptolemy.actor.Manager$PtolemyRunThread.run(Manager.java:1915)
java.lang.reflect.InvocationTargetException
	at sun.reflect.NativeConstructorAccessorImpl.newInstance0(Native Method)
	at sun.reflect.NativeConstructorAccessorImpl.newInstance(NativeConstructorAccessorImpl.java:62)
	at sun.reflect.DelegatingConstructorAccessorImpl.newInstance(DelegatingConstructorAccessorImpl.java:45)
	at java.lang.reflect.Constructor.newInstance(Constructor.java:423)
	at ptolemy.util.test.junit.AutoKnownFailedTests.RunModel(AutoKnownFailedTests.java:105)
	at sun.reflect.NativeMethodAccessorImpl.invoke0(Native Method)
	at sun.reflect.NativeMethodAccessorImpl.invoke(NativeMethodAccessorImpl.java:62)
	at sun.reflect.DelegatingMethodAccessorImpl.invoke(DelegatingMethodAccessorImpl.java:43)
	at java.lang.reflect.Method.invoke(Method.java:498)
	at org.junit.runners.model.FrameworkMethod$1.runReflectiveCall(FrameworkMethod.java:44)
	at org.junit.internal.runners.model.ReflectiveCallable.run(ReflectiveCallable.java:15)
	at org.junit.runners.model.FrameworkMethod.invokeExplosively(FrameworkMethod.java:41)
	at junitparams.internal.InvokeParameterisedMethod.evaluate(InvokeParameterisedMethod.java:102)
	at org.junit.internal.runners.statements.FailOnTimeout$1.run(FailOnTimeout.java:28)
Caused by: ptolemy.kernel.util.IllegalActionException: Found a zero delay loop containing .dependencyLoop2.original
  in .dependencyLoop2 and .dependencyLoop2.original
	at ptolemy.actor.util.CausalityInterfaceForComposites._computeOutputPortDepth(CausalityInterfaceForComposites.java:759)
	at ptolemy.actor.util.CausalityInterfaceForComposites._computeInputDepth(CausalityInterfaceForComposites.java:696)
	at ptolemy.actor.util.CausalityInterfaceForComposites._computeOutputPortDepth(CausalityInterfaceForComposites.java:765)
	at ptolemy.actor.util.CausalityInterfaceForComposites._computeInputDepth(CausalityInterfaceForComposites.java:696)
	at ptolemy.actor.util.CausalityInterfaceForComposites._computeOutputPortDepth(CausalityInterfaceForComposites.java:765)
	at ptolemy.actor.util.CausalityInterfaceForComposites._computeInputDepth(CausalityInterfaceForComposites.java:696)
	at ptolemy.actor.util.CausalityInterfaceForComposites._computeActorDepth(CausalityInterfaceForComposites.java:532)
	at ptolemy.actor.util.CausalityInterfaceForComposites.checkForCycles(CausalityInterfaceForComposites.java:96)
	at ptolemy.domains.de.kernel.DEDirector.preinitialize(DEDirector.java:1338)
	at ptolemy.actor.CompositeActor.preinitialize(CompositeActor.java:1828)
	at ptolemy.actor.Manager.preinitializeAndResolveTypes(Manager.java:1040)
	at ptolemy.actor.Manager.initialize(Manager.java:710)
	at ptolemy.actor.Manager.execute(Manager.java:356)
	at ptolemy.actor.Manager.run(Manager.java:1263)
	at ptolemy.actor.Manager$PtolemyRunThread.run(Manager.java:1915)
]]></system-err>
</testsuite>
