<?xml version="1.0" encoding="UTF-8" ?>
<testsuite errors="0" failures="0" hostname="travis-job-619c51d6-2451-4d0d-bc58-e6eeec7802ce" name="ptolemy.domains.pn.test.junit.JUnitTclTest" skipped="0" tests="43" time="7.708" timestamp="2019-12-10T06:54:07">
  <properties>
[...]
</properties>
  <testcase classname="ptolemy.util.test.junit.TclTests" name="[0] /home/travis/build/icyphy/ptII/ptolemy/domains/pn/test/PNDirector.tcl (RunTclFile)" time="0.686" />
  <testcase classname="ptolemy.util.test.junit.TclTests" name="[1] /home/travis/build/icyphy/ptII/ptolemy/domains/pn/test/TimedPNDirector.tcl (RunTclFile)" time="0.023" />
  <testcase classname="ptolemy.util.test.junit.AutoKnownFailedTests" name="[0] ThereAreNoKnowFailedTests (RunModel)" time="0.005" />
  <testcase classname="ptolemy.util.test.junit.AutoNameArchTests" name="[0] ThereAreNoAutoArchTests (RunModel)" time="0.002" />
  <testcase classname="ptolemy.util.test.junit.AutoTests" name="[0] /home/travis/build/icyphy/ptII/ptolemy/domains/pn/test/auto/Branching-switch-PN-ptolemy-2.xml (RunModel)" time="0.218" />
  <testcase classname="ptolemy.util.test.junit.AutoTests" name="[1] /home/travis/build/icyphy/ptII/ptolemy/domains/pn/test/auto/Branching-switch-PN-ptolemy.xml (RunModel)" time="0.161" />
  <testcase classname="ptolemy.util.test.junit.AutoTests" name="[2] /home/travis/build/icyphy/ptII/ptolemy/domains/pn/test/auto/BrockAckermanTest.xml (RunModel)" time="0.382" />
  <testcase classname="ptolemy.util.test.junit.AutoTests" name="[3] /home/travis/build/icyphy/ptII/ptolemy/domains/pn/test/auto/CounterMachine.xml (RunModel)" time="1.597" />
  <testcase classname="ptolemy.util.test.junit.AutoTests" name="[4] /home/travis/build/icyphy/ptII/ptolemy/domains/pn/test/auto/CounterMachine1.xml (RunModel)" time="1.435" />
  <testcase classname="ptolemy.util.test.junit.AutoTests" name="[5] /home/travis/build/icyphy/ptII/ptolemy/domains/pn/test/auto/CounterMachineWithException.xml (RunModel)" time="0.883" />
  <testcase classname="ptolemy.util.test.junit.AutoTests" name="[6] /home/travis/build/icyphy/ptII/ptolemy/domains/pn/test/auto/FinalState.xml (RunModel)" time="0.081" />
  <testcase classname="ptolemy.util.test.junit.AutoTests" name="[7] /home/travis/build/icyphy/ptII/ptolemy/domains/pn/test/auto/FourExpressions.xml (RunModel)" time="0.063" />
  <testcase classname="ptolemy.util.test.junit.AutoTests" name="[8] /home/travis/build/icyphy/ptII/ptolemy/domains/pn/test/auto/Identity.xml (RunModel)" time="0.064" />
  <testcase classname="ptolemy.util.test.junit.AutoTests" name="[9] /home/travis/build/icyphy/ptII/ptolemy/domains/pn/test/auto/IdentityWithFeedback.xml (RunModel)" time="0.042" />
  <testcase classname="ptolemy.util.test.junit.AutoTests" name="[10] /home/travis/build/icyphy/ptII/ptolemy/domains/pn/test/auto/NondeterministicMergeTest.xml (RunModel)" time="0.08" />
  <testcase classname="ptolemy.util.test.junit.AutoTests" name="[11] /home/travis/build/icyphy/ptII/ptolemy/domains/pn/test/auto/OrderedMerge.xml (RunModel)" time="0.214" />
  <testcase classname="ptolemy.util.test.junit.AutoTests" name="[12] /home/travis/build/icyphy/ptII/ptolemy/domains/pn/test/auto/PNAbstractReceiverTest.xml (RunModel)" time="0.032" />
  <testcase classname="ptolemy.util.test.junit.AutoTests" name="[13] /home/travis/build/icyphy/ptII/ptolemy/domains/pn/test/auto/QR.xml (RunModel)" time="0.072" />
  <testcase classname="ptolemy.util.test.junit.AutoTests" name="[14] /home/travis/build/icyphy/ptII/ptolemy/domains/pn/test/auto/RemoveNilTokens.xml (RunModel)" time="0.073" />
  <testcase classname="ptolemy.util.test.junit.AutoTests" name="[15] /home/travis/build/icyphy/ptII/ptolemy/domains/pn/test/auto/Stack.xml (RunModel)" time="0.191" />
  <testcase classname="ptolemy.util.test.junit.AutoTests" name="[16] /home/travis/build/icyphy/ptII/ptolemy/domains/pn/test/auto/TestRemoveNilTokens.xml (RunModel)" time="0.049" />
  <testcase classname="ptolemy.util.test.junit.AutoTests" name="[17] /home/travis/build/icyphy/ptII/ptolemy/domains/pn/test/auto/TestSeq2Array.xml (RunModel)" time="0.05" />
  <testcase classname="ptolemy.util.test.junit.AutoTests" name="[18] /home/travis/build/icyphy/ptII/ptolemy/domains/pn/test/auto/TrivialIdentity.xml (RunModel)" time="0.032" />
  <testcase classname="ptolemy.util.test.junit.AutoTests" name="[19] /home/travis/build/icyphy/ptII/ptolemy/domains/pn/test/auto/WidthInferenceTest1.xml (RunModel)" time="0.048" />
  <testcase classname="ptolemy.util.test.junit.AutoTests" name="[20] /home/travis/build/icyphy/ptII/ptolemy/domains/pn/test/auto/WidthInferenceTest2.xml (RunModel)" time="0.036" />
  <testcase classname="ptolemy.util.test.junit.AutoTests" name="[21] /home/travis/build/icyphy/ptII/ptolemy/domains/pn/test/auto/WidthInferenceTest3.xml (RunModel)" time="0.061" />
  <testcase classname="ptolemy.util.test.junit.AutoTests" name="[22] /home/travis/build/icyphy/ptII/ptolemy/domains/pn/test/auto/WidthInferenceTest4.xml (RunModel)" time="0.074" />
  <testcase classname="ptolemy.util.test.junit.AutoTests" name="[23] /home/travis/build/icyphy/ptII/ptolemy/domains/pn/test/auto/WidthInferenceTest5.xml (RunModel)" time="0.054" />
  <testcase classname="ptolemy.util.test.junit.AutoTests" name="[24] /home/travis/build/icyphy/ptII/ptolemy/domains/pn/test/auto/controlled_kahnnet.xml (RunModel)" time="0.03" />
  <testcase classname="ptolemy.util.test.junit.AutoTests" name="[25] /home/travis/build/icyphy/ptII/ptolemy/domains/pn/test/auto/demandDriven.xml (RunModel)" time="0.018" />
  <testcase classname="ptolemy.util.test.junit.AutoTests" name="[26] /home/travis/build/icyphy/ptII/ptolemy/domains/pn/test/auto/feedback.xml (RunModel)" time="0.019" />
  <testcase classname="ptolemy.util.test.junit.AutoTests" name="[27] /home/travis/build/icyphy/ptII/ptolemy/domains/pn/test/auto/helloWorld.xml (RunModel)" time="0.02" />
  <testcase classname="ptolemy.util.test.junit.AutoTests" name="[28] /home/travis/build/icyphy/ptII/ptolemy/domains/pn/test/auto/helloWorld2.xml (RunModel)" time="0.025" />
  <testcase classname="ptolemy.util.test.junit.AutoTests" name="[29] /home/travis/build/icyphy/ptII/ptolemy/domains/pn/test/auto/noOutput.xml (RunModel)" time="0.054" />
  <testcase classname="ptolemy.util.test.junit.AutoTests" name="[30] /home/travis/build/icyphy/ptII/ptolemy/domains/pn/test/auto/relationGroup.xml (RunModel)" time="0.025" />
  <testcase classname="ptolemy.util.test.junit.AutoTests" name="[31] /home/travis/build/icyphy/ptII/ptolemy/domains/pn/test/auto/relationGroup2.xml (RunModel)" time="0.024" />
  <testcase classname="ptolemy.util.test.junit.AutoTests" name="[32] /home/travis/build/icyphy/ptII/ptolemy/domains/pn/test/auto/relationGroup3.xml (RunModel)" time="0.015" />
  <testcase classname="ptolemy.util.test.junit.AutoTests" name="[33] /home/travis/build/icyphy/ptII/ptolemy/domains/pn/test/auto/relationGroup4.xml (RunModel)" time="0.018" />
  <testcase classname="ptolemy.util.test.junit.AutoTests" name="[34] /home/travis/build/icyphy/ptII/ptolemy/domains/pn/test/auto/relationGroup5.xml (RunModel)" time="0.017" />
  <testcase classname="ptolemy.util.test.junit.AutoTests" name="[35] /home/travis/build/icyphy/ptII/ptolemy/domains/pn/test/auto/relationGroup6.xml (RunModel)" time="0.017" />
  <testcase classname="ptolemy.util.test.junit.AutoTests" name="[36] /home/travis/build/icyphy/ptII/ptolemy/domains/pn/test/auto/relationGroup7.xml (RunModel)" time="0.017" />
  <testcase classname="ptolemy.util.test.junit.AutoTests" name="[37] /home/travis/build/icyphy/ptII/ptolemy/domains/pn/test/auto/relationGroup8.xml (RunModel)" time="0.031" />
  <testcase classname="ptolemy.util.test.junit.AutoTests" name="[38] /home/travis/build/icyphy/ptII/ptolemy/domains/pn/test/auto/widthTest.xml (RunModel)" time="0.038" />
  <system-out><![CDATA[/home/travis/build/icyphy/ptII/ptolemy/domains/pn/test/PNDirector.tcl
testDefs.tcl: setting time out to 9000 seconds at Tue Dec 10 06:54:07 UTC 2019
91 ms. Memory: 120832K Free: 89028K (74%)
88 ms. Memory: 120832K Free: 80836K (67%)
/home/travis/build/icyphy/ptII/ptolemy/domains/pn/test/TimedPNDirector.tcl


==== $PTII/ptolemy/domains/pn/test/TimedPNDirector.tcl: TimedPNDirector-6.1 Test an application
==== Contents of test case:


    set e0 [java::new ptolemy.actor.TypedCompositeActor]
    set manager [java::new ptolemy.actor.Manager]
    set director [java::new ptolemy.domains.pn.kernel.TimedPNDirector]
    $e0 setDirector $director
    $e0 setName top
    $e0 setManager $manager

    # FIXME: why doesn't the getParameter option work.
    set ramp [java::new ptolemy.actor.lib.Ramp $e0 ramp]
    set param [java::cast ptolemy.data.expr.Parameter  [$ramp getAttribute  firingCountLimit]]
    $param setExpression 20

    set rec [java::new ptolemy.actor.lib.Recorder $e0 rec]
    $e0 connect  [java::field [java::cast ptolemy.actor.lib.Source $ramp] output]  [java::field [java::cast ptolemy.actor.lib.Sink $rec] input]

    error "Running this test sometimes causes an endless loop" 

#    [$e0 getManager] execute
#    enumToTokenValues [$rec getRecord 0]


.... Test generated KNOWN error:
Running this test sometimes causes an endless loop
    while executing
"error "Running this test sometimes causes an endless loop" "
    ("uplevel" body line 18)
    invoked from within
"uplevel $contents_of_test"
12/10/19 06:54:07
Failed: 0  Total Tests: 3  ((Passed: 2, Newly Passed: 0)  Known Failed: 1) /home/travis/build/icyphy/ptII/ptolemy/domains/pn/test
No auto/knownFailedTests/*.xml tests in /home/travis/build/icyphy/ptII/ptolemy/domains/pn/test
No auto/linux-amd64/*.xml tests in /home/travis/build/icyphy/ptII/ptolemy/domains/pn/test
AutoTests.java: About to close Vertx.
AutoTests.java: Vertx closed.

===========================================================================================
----------------- testing Tue Dec 10 06:54:08 UTC 2019 /home/travis/build/icyphy/ptII/ptolemy/domains/pn/test/auto/Branching-switch-PN-ptolemy-2.xml
----------------- Instantiating /home/travis/build/icyphy/ptII/ptolemy/domains/pn/test/auto/Branching-switch-PN-ptolemy-2.xml
64 ms. Memory: 120832K Free: 96683K (80%)
----------------- Invoking toplevel() on ptolemy.moml.MoMLSimpleApplication@1014b23a
----------------- Done invoking toplevel() on ptolemy.moml.MoMLSimpleApplication@1014b23a
reloadAllAccessors: .Branching-switch-PN-ptolemy-2

===========================================================================================
----------------- testing Tue Dec 10 06:54:08 UTC 2019 /home/travis/build/icyphy/ptII/ptolemy/domains/pn/test/auto/Branching-switch-PN-ptolemy.xml
----------------- Instantiating /home/travis/build/icyphy/ptII/ptolemy/domains/pn/test/auto/Branching-switch-PN-ptolemy.xml
53 ms. Memory: 120832K Free: 99856K (83%)
----------------- Invoking toplevel() on ptolemy.moml.MoMLSimpleApplication@434df598
----------------- Done invoking toplevel() on ptolemy.moml.MoMLSimpleApplication@434df598
reloadAllAccessors: .Branching-switch-PN-ptolemy

===========================================================================================
----------------- testing Tue Dec 10 06:54:08 UTC 2019 /home/travis/build/icyphy/ptII/ptolemy/domains/pn/test/auto/BrockAckermanTest.xml
----------------- Instantiating /home/travis/build/icyphy/ptII/ptolemy/domains/pn/test/auto/BrockAckermanTest.xml
261 ms. Memory: 120832K Free: 85889K (71%)
----------------- Invoking toplevel() on ptolemy.moml.MoMLSimpleApplication@66a234f
----------------- Done invoking toplevel() on ptolemy.moml.MoMLSimpleApplication@66a234f
reloadAllAccessors: .BrockAckermanTest

===========================================================================================
----------------- testing Tue Dec 10 06:54:09 UTC 2019 /home/travis/build/icyphy/ptII/ptolemy/domains/pn/test/auto/CounterMachine.xml
----------------- Instantiating /home/travis/build/icyphy/ptII/ptolemy/domains/pn/test/auto/CounterMachine.xml
996 ms. Memory: 154624K Free: 104087K (67%)
----------------- Invoking toplevel() on ptolemy.moml.MoMLSimpleApplication@13b88da5
----------------- Done invoking toplevel() on ptolemy.moml.MoMLSimpleApplication@13b88da5
reloadAllAccessors: .CounterMachine

===========================================================================================
----------------- testing Tue Dec 10 06:54:10 UTC 2019 /home/travis/build/icyphy/ptII/ptolemy/domains/pn/test/auto/CounterMachine1.xml
----------------- Instantiating /home/travis/build/icyphy/ptII/ptolemy/domains/pn/test/auto/CounterMachine1.xml
1035 ms. Memory: 154624K Free: 57956K (37%)
----------------- Invoking toplevel() on ptolemy.moml.MoMLSimpleApplication@79f79269
----------------- Done invoking toplevel() on ptolemy.moml.MoMLSimpleApplication@79f79269
reloadAllAccessors: .CounterMachine1

===========================================================================================
----------------- testing Tue Dec 10 06:54:12 UTC 2019 /home/travis/build/icyphy/ptII/ptolemy/domains/pn/test/auto/CounterMachineWithException.xml
----------------- Instantiating /home/travis/build/icyphy/ptII/ptolemy/domains/pn/test/auto/CounterMachineWithException.xml
473 ms. Memory: 154624K Free: 113086K (73%)
----------------- Invoking toplevel() on ptolemy.moml.MoMLSimpleApplication@572d102f
----------------- Done invoking toplevel() on ptolemy.moml.MoMLSimpleApplication@572d102f
reloadAllAccessors: .CounterMachineWithException

===========================================================================================
----------------- testing Tue Dec 10 06:54:13 UTC 2019 /home/travis/build/icyphy/ptII/ptolemy/domains/pn/test/auto/FinalState.xml
----------------- Instantiating /home/travis/build/icyphy/ptII/ptolemy/domains/pn/test/auto/FinalState.xml
22 ms. Memory: 154624K Free: 106191K (69%)
----------------- Invoking toplevel() on ptolemy.moml.MoMLSimpleApplication@282ec8c4
----------------- Done invoking toplevel() on ptolemy.moml.MoMLSimpleApplication@282ec8c4
reloadAllAccessors: .FinalState

===========================================================================================
----------------- testing Tue Dec 10 06:54:13 UTC 2019 /home/travis/build/icyphy/ptII/ptolemy/domains/pn/test/auto/FourExpressions.xml
----------------- Instantiating /home/travis/build/icyphy/ptII/ptolemy/domains/pn/test/auto/FourExpressions.xml
24 ms. Memory: 154624K Free: 99773K (65%)
----------------- Invoking toplevel() on ptolemy.moml.MoMLSimpleApplication@27b272fb
----------------- Done invoking toplevel() on ptolemy.moml.MoMLSimpleApplication@27b272fb
reloadAllAccessors: .FourExpressions

===========================================================================================
----------------- testing Tue Dec 10 06:54:13 UTC 2019 /home/travis/build/icyphy/ptII/ptolemy/domains/pn/test/auto/Identity.xml
----------------- Instantiating /home/travis/build/icyphy/ptII/ptolemy/domains/pn/test/auto/Identity.xml
20 ms. Memory: 154624K Free: 94928K (61%)
----------------- Invoking toplevel() on ptolemy.moml.MoMLSimpleApplication@6bf22265
----------------- Done invoking toplevel() on ptolemy.moml.MoMLSimpleApplication@6bf22265
reloadAllAccessors: .Identity

===========================================================================================
----------------- testing Tue Dec 10 06:54:13 UTC 2019 /home/travis/build/icyphy/ptII/ptolemy/domains/pn/test/auto/IdentityWithFeedback.xml
----------------- Instantiating /home/travis/build/icyphy/ptII/ptolemy/domains/pn/test/auto/IdentityWithFeedback.xml
13 ms. Memory: 154624K Free: 90832K (59%)
----------------- Invoking toplevel() on ptolemy.moml.MoMLSimpleApplication@3f03e0be
----------------- Done invoking toplevel() on ptolemy.moml.MoMLSimpleApplication@3f03e0be
reloadAllAccessors: .IdentityWithFeedback

===========================================================================================
----------------- testing Tue Dec 10 06:54:13 UTC 2019 /home/travis/build/icyphy/ptII/ptolemy/domains/pn/test/auto/NondeterministicMergeTest.xml
----------------- Instantiating /home/travis/build/icyphy/ptII/ptolemy/domains/pn/test/auto/NondeterministicMergeTest.xml
30 ms. Memory: 154624K Free: 85575K (55%)
----------------- Invoking toplevel() on ptolemy.moml.MoMLSimpleApplication@71c2b68b
----------------- Done invoking toplevel() on ptolemy.moml.MoMLSimpleApplication@71c2b68b
reloadAllAccessors: .NondeterministicMergeTest

===========================================================================================
----------------- testing Tue Dec 10 06:54:13 UTC 2019 /home/travis/build/icyphy/ptII/ptolemy/domains/pn/test/auto/OrderedMerge.xml
----------------- Instantiating /home/travis/build/icyphy/ptII/ptolemy/domains/pn/test/auto/OrderedMerge.xml
152 ms. Memory: 154624K Free: 77044K (50%)
----------------- Invoking toplevel() on ptolemy.moml.MoMLSimpleApplication@3668e03e
----------------- Done invoking toplevel() on ptolemy.moml.MoMLSimpleApplication@3668e03e
reloadAllAccessors: .OrderedMerge

===========================================================================================
----------------- testing Tue Dec 10 06:54:13 UTC 2019 /home/travis/build/icyphy/ptII/ptolemy/domains/pn/test/auto/PNAbstractReceiverTest.xml
----------------- Instantiating /home/travis/build/icyphy/ptII/ptolemy/domains/pn/test/auto/PNAbstractReceiverTest.xml
7 ms. Memory: 154624K Free: 74109K (48%)
----------------- Invoking toplevel() on ptolemy.moml.MoMLSimpleApplication@2786b641
----------------- Done invoking toplevel() on ptolemy.moml.MoMLSimpleApplication@2786b641
reloadAllAccessors: .PNAbstractReceiverTest

===========================================================================================
----------------- testing Tue Dec 10 06:54:13 UTC 2019 /home/travis/build/icyphy/ptII/ptolemy/domains/pn/test/auto/QR.xml
----------------- Instantiating /home/travis/build/icyphy/ptII/ptolemy/domains/pn/test/auto/QR.xml
24 ms. Memory: 154624K Free: 65506K (42%)
----------------- Invoking toplevel() on ptolemy.moml.MoMLSimpleApplication@7218d63c
----------------- Done invoking toplevel() on ptolemy.moml.MoMLSimpleApplication@7218d63c
reloadAllAccessors: .QR

===========================================================================================
----------------- testing Tue Dec 10 06:54:13 UTC 2019 /home/travis/build/icyphy/ptII/ptolemy/domains/pn/test/auto/RemoveNilTokens.xml
----------------- Instantiating /home/travis/build/icyphy/ptII/ptolemy/domains/pn/test/auto/RemoveNilTokens.xml
34 ms. Memory: 154624K Free: 57790K (37%)
----------------- Invoking toplevel() on ptolemy.moml.MoMLSimpleApplication@654652a8
----------------- Done invoking toplevel() on ptolemy.moml.MoMLSimpleApplication@654652a8
reloadAllAccessors: .RemoveNilTokens

===========================================================================================
----------------- testing Tue Dec 10 06:54:13 UTC 2019 /home/travis/build/icyphy/ptII/ptolemy/domains/pn/test/auto/Stack.xml
----------------- Instantiating /home/travis/build/icyphy/ptII/ptolemy/domains/pn/test/auto/Stack.xml
83 ms. Memory: 186368K Free: 157454K (84%)
----------------- Invoking toplevel() on ptolemy.moml.MoMLSimpleApplication@3ca3dbfd
----------------- Done invoking toplevel() on ptolemy.moml.MoMLSimpleApplication@3ca3dbfd
reloadAllAccessors: .Stack

===========================================================================================
----------------- testing Tue Dec 10 06:54:13 UTC 2019 /home/travis/build/icyphy/ptII/ptolemy/domains/pn/test/auto/TestRemoveNilTokens.xml
----------------- Instantiating /home/travis/build/icyphy/ptII/ptolemy/domains/pn/test/auto/TestRemoveNilTokens.xml
22 ms. Memory: 186368K Free: 150724K (81%)
----------------- Invoking toplevel() on ptolemy.moml.MoMLSimpleApplication@508a4b42
----------------- Done invoking toplevel() on ptolemy.moml.MoMLSimpleApplication@508a4b42
reloadAllAccessors: .TestRemoveNilTokens

===========================================================================================
----------------- testing Tue Dec 10 06:54:13 UTC 2019 /home/travis/build/icyphy/ptII/ptolemy/domains/pn/test/auto/TestSeq2Array.xml
----------------- Instantiating /home/travis/build/icyphy/ptII/ptolemy/domains/pn/test/auto/TestSeq2Array.xml
22 ms. Memory: 186368K Free: 145166K (78%)
----------------- Invoking toplevel() on ptolemy.moml.MoMLSimpleApplication@208520ba
----------------- Done invoking toplevel() on ptolemy.moml.MoMLSimpleApplication@208520ba
reloadAllAccessors: .TestSeq2Array

===========================================================================================
----------------- testing Tue Dec 10 06:54:14 UTC 2019 /home/travis/build/icyphy/ptII/ptolemy/domains/pn/test/auto/TrivialIdentity.xml
----------------- Instantiating /home/travis/build/icyphy/ptII/ptolemy/domains/pn/test/auto/TrivialIdentity.xml
15 ms. Memory: 186368K Free: 140925K (76%)
----------------- Invoking toplevel() on ptolemy.moml.MoMLSimpleApplication@3e8524d6
----------------- Done invoking toplevel() on ptolemy.moml.MoMLSimpleApplication@3e8524d6
reloadAllAccessors: .TrivialIdentity

===========================================================================================
----------------- testing Tue Dec 10 06:54:14 UTC 2019 /home/travis/build/icyphy/ptII/ptolemy/domains/pn/test/auto/WidthInferenceTest1.xml
----------------- Instantiating /home/travis/build/icyphy/ptII/ptolemy/domains/pn/test/auto/WidthInferenceTest1.xml
20 ms. Memory: 186368K Free: 134926K (72%)
----------------- Invoking toplevel() on ptolemy.moml.MoMLSimpleApplication@75fc82e7
----------------- Done invoking toplevel() on ptolemy.moml.MoMLSimpleApplication@75fc82e7
reloadAllAccessors: .1

===========================================================================================
----------------- testing Tue Dec 10 06:54:14 UTC 2019 /home/travis/build/icyphy/ptII/ptolemy/domains/pn/test/auto/WidthInferenceTest2.xml
----------------- Instantiating /home/travis/build/icyphy/ptII/ptolemy/domains/pn/test/auto/WidthInferenceTest2.xml
15 ms. Memory: 186368K Free: 129661K (70%)
----------------- Invoking toplevel() on ptolemy.moml.MoMLSimpleApplication@c7bca81
----------------- Done invoking toplevel() on ptolemy.moml.MoMLSimpleApplication@c7bca81
reloadAllAccessors: .2

===========================================================================================
----------------- testing Tue Dec 10 06:54:14 UTC 2019 /home/travis/build/icyphy/ptII/ptolemy/domains/pn/test/auto/WidthInferenceTest3.xml
----------------- Instantiating /home/travis/build/icyphy/ptII/ptolemy/domains/pn/test/auto/WidthInferenceTest3.xml
21 ms. Memory: 186368K Free: 115325K (62%)
----------------- Invoking toplevel() on ptolemy.moml.MoMLSimpleApplication@60764f0f
----------------- Done invoking toplevel() on ptolemy.moml.MoMLSimpleApplication@60764f0f
reloadAllAccessors: .3

===========================================================================================
----------------- testing Tue Dec 10 06:54:14 UTC 2019 /home/travis/build/icyphy/ptII/ptolemy/domains/pn/test/auto/WidthInferenceTest4.xml
----------------- Instantiating /home/travis/build/icyphy/ptII/ptolemy/domains/pn/test/auto/WidthInferenceTest4.xml
36 ms. Memory: 186368K Free: 102158K (55%)
----------------- Invoking toplevel() on ptolemy.moml.MoMLSimpleApplication@70cae541
----------------- Done invoking toplevel() on ptolemy.moml.MoMLSimpleApplication@70cae541
reloadAllAccessors: .WidthInferenceTest4

===========================================================================================
----------------- testing Tue Dec 10 06:54:14 UTC 2019 /home/travis/build/icyphy/ptII/ptolemy/domains/pn/test/auto/WidthInferenceTest5.xml
----------------- Instantiating /home/travis/build/icyphy/ptII/ptolemy/domains/pn/test/auto/WidthInferenceTest5.xml
19 ms. Memory: 186368K Free: 89723K (48%)
----------------- Invoking toplevel() on ptolemy.moml.MoMLSimpleApplication@22799e65
----------------- Done invoking toplevel() on ptolemy.moml.MoMLSimpleApplication@22799e65
reloadAllAccessors: .WidthInferenceTest5

===========================================================================================
----------------- testing Tue Dec 10 06:54:14 UTC 2019 /home/travis/build/icyphy/ptII/ptolemy/domains/pn/test/auto/controlled_kahnnet.xml
----------------- Instantiating /home/travis/build/icyphy/ptII/ptolemy/domains/pn/test/auto/controlled_kahnnet.xml
13 ms. Memory: 186368K Free: 84969K (46%)
----------------- Invoking toplevel() on ptolemy.moml.MoMLSimpleApplication@3d03faf9
----------------- Done invoking toplevel() on ptolemy.moml.MoMLSimpleApplication@3d03faf9
reloadAllAccessors: .controlled_kahnnet

===========================================================================================
----------------- testing Tue Dec 10 06:54:14 UTC 2019 /home/travis/build/icyphy/ptII/ptolemy/domains/pn/test/auto/demandDriven.xml
----------------- Instantiating /home/travis/build/icyphy/ptII/ptolemy/domains/pn/test/auto/demandDriven.xml
9 ms. Memory: 186368K Free: 81678K (44%)
----------------- Invoking toplevel() on ptolemy.moml.MoMLSimpleApplication@49ced45a
----------------- Done invoking toplevel() on ptolemy.moml.MoMLSimpleApplication@49ced45a
reloadAllAccessors: .demandDriven

===========================================================================================
----------------- testing Tue Dec 10 06:54:14 UTC 2019 /home/travis/build/icyphy/ptII/ptolemy/domains/pn/test/auto/feedback.xml
----------------- Instantiating /home/travis/build/icyphy/ptII/ptolemy/domains/pn/test/auto/feedback.xml
10 ms. Memory: 186368K Free: 77582K (42%)
----------------- Invoking toplevel() on ptolemy.moml.MoMLSimpleApplication@780c02e3
----------------- Done invoking toplevel() on ptolemy.moml.MoMLSimpleApplication@780c02e3
reloadAllAccessors: .feedback

===========================================================================================
----------------- testing Tue Dec 10 06:54:14 UTC 2019 /home/travis/build/icyphy/ptII/ptolemy/domains/pn/test/auto/helloWorld.xml
----------------- Instantiating /home/travis/build/icyphy/ptII/ptolemy/domains/pn/test/auto/helloWorld.xml
5 ms. Memory: 186368K Free: 75753K (41%)
----------------- Invoking toplevel() on ptolemy.moml.MoMLSimpleApplication@58bd7e8
----------------- Done invoking toplevel() on ptolemy.moml.MoMLSimpleApplication@58bd7e8
reloadAllAccessors: .helloWorld

===========================================================================================
----------------- testing Tue Dec 10 06:54:14 UTC 2019 /home/travis/build/icyphy/ptII/ptolemy/domains/pn/test/auto/helloWorld2.xml
----------------- Instantiating /home/travis/build/icyphy/ptII/ptolemy/domains/pn/test/auto/helloWorld2.xml
10 ms. Memory: 186368K Free: 71438K (38%)
----------------- Invoking toplevel() on ptolemy.moml.MoMLSimpleApplication@2be83add
----------------- Done invoking toplevel() on ptolemy.moml.MoMLSimpleApplication@2be83add
reloadAllAccessors: .helloWorld2

===========================================================================================
----------------- testing Tue Dec 10 06:54:14 UTC 2019 /home/travis/build/icyphy/ptII/ptolemy/domains/pn/test/auto/noOutput.xml
----------------- Instantiating /home/travis/build/icyphy/ptII/ptolemy/domains/pn/test/auto/noOutput.xml
35 ms. Memory: 186368K Free: 67197K (36%)
----------------- Invoking toplevel() on ptolemy.moml.MoMLSimpleApplication@46e51a67
----------------- Done invoking toplevel() on ptolemy.moml.MoMLSimpleApplication@46e51a67
reloadAllAccessors: .noOutput

===========================================================================================
----------------- testing Tue Dec 10 06:54:14 UTC 2019 /home/travis/build/icyphy/ptII/ptolemy/domains/pn/test/auto/relationGroup.xml
----------------- Instantiating /home/travis/build/icyphy/ptII/ptolemy/domains/pn/test/auto/relationGroup.xml
13 ms. Memory: 186368K Free: 64708K (35%)
----------------- Invoking toplevel() on ptolemy.moml.MoMLSimpleApplication@36beca30
----------------- Done invoking toplevel() on ptolemy.moml.MoMLSimpleApplication@36beca30
reloadAllAccessors: .relationGroup

===========================================================================================
----------------- testing Tue Dec 10 06:54:14 UTC 2019 /home/travis/build/icyphy/ptII/ptolemy/domains/pn/test/auto/relationGroup2.xml
----------------- Instantiating /home/travis/build/icyphy/ptII/ptolemy/domains/pn/test/auto/relationGroup2.xml
13 ms. Memory: 186368K Free: 172344K (92%)
----------------- Invoking toplevel() on ptolemy.moml.MoMLSimpleApplication@6fd788d6
----------------- Done invoking toplevel() on ptolemy.moml.MoMLSimpleApplication@6fd788d6
reloadAllAccessors: .relationGroup2

===========================================================================================
----------------- testing Tue Dec 10 06:54:14 UTC 2019 /home/travis/build/icyphy/ptII/ptolemy/domains/pn/test/auto/relationGroup3.xml
----------------- Instantiating /home/travis/build/icyphy/ptII/ptolemy/domains/pn/test/auto/relationGroup3.xml
3 ms. Memory: 186368K Free: 169942K (91%)
----------------- Invoking toplevel() on ptolemy.moml.MoMLSimpleApplication@7eeb724
----------------- Done invoking toplevel() on ptolemy.moml.MoMLSimpleApplication@7eeb724
reloadAllAccessors: .relationGroup3

===========================================================================================
----------------- testing Tue Dec 10 06:54:14 UTC 2019 /home/travis/build/icyphy/ptII/ptolemy/domains/pn/test/auto/relationGroup4.xml
----------------- Instantiating /home/travis/build/icyphy/ptII/ptolemy/domains/pn/test/auto/relationGroup4.xml
5 ms. Memory: 186368K Free: 167694K (90%)
----------------- Invoking toplevel() on ptolemy.moml.MoMLSimpleApplication@4ea3fe76
----------------- Done invoking toplevel() on ptolemy.moml.MoMLSimpleApplication@4ea3fe76
reloadAllAccessors: .relationGroup4

===========================================================================================
----------------- testing Tue Dec 10 06:54:14 UTC 2019 /home/travis/build/icyphy/ptII/ptolemy/domains/pn/test/auto/relationGroup5.xml
----------------- Instantiating /home/travis/build/icyphy/ptII/ptolemy/domains/pn/test/auto/relationGroup5.xml
7 ms. Memory: 186368K Free: 165370K (89%)
----------------- Invoking toplevel() on ptolemy.moml.MoMLSimpleApplication@3a5ea865
----------------- Done invoking toplevel() on ptolemy.moml.MoMLSimpleApplication@3a5ea865
reloadAllAccessors: .relationGroup5

===========================================================================================
----------------- testing Tue Dec 10 06:54:14 UTC 2019 /home/travis/build/icyphy/ptII/ptolemy/domains/pn/test/auto/relationGroup6.xml
----------------- Instantiating /home/travis/build/icyphy/ptII/ptolemy/domains/pn/test/auto/relationGroup6.xml
7 ms. Memory: 186368K Free: 162298K (87%)
----------------- Invoking toplevel() on ptolemy.moml.MoMLSimpleApplication@2ab250a6
----------------- Done invoking toplevel() on ptolemy.moml.MoMLSimpleApplication@2ab250a6
reloadAllAccessors: .relationGroup6

===========================================================================================
----------------- testing Tue Dec 10 06:54:14 UTC 2019 /home/travis/build/icyphy/ptII/ptolemy/domains/pn/test/auto/relationGroup7.xml
----------------- Instantiating /home/travis/build/icyphy/ptII/ptolemy/domains/pn/test/auto/relationGroup7.xml
8 ms. Memory: 186368K Free: 159226K (85%)
----------------- Invoking toplevel() on ptolemy.moml.MoMLSimpleApplication@490ce9a6
----------------- Done invoking toplevel() on ptolemy.moml.MoMLSimpleApplication@490ce9a6
reloadAllAccessors: .relationGroup7

===========================================================================================
----------------- testing Tue Dec 10 06:54:14 UTC 2019 /home/travis/build/icyphy/ptII/ptolemy/domains/pn/test/auto/relationGroup8.xml
----------------- Instantiating /home/travis/build/icyphy/ptII/ptolemy/domains/pn/test/auto/relationGroup8.xml
12 ms. Memory: 186368K Free: 156430K (84%)
----------------- Invoking toplevel() on ptolemy.moml.MoMLSimpleApplication@2e68d119
----------------- Done invoking toplevel() on ptolemy.moml.MoMLSimpleApplication@2e68d119
reloadAllAccessors: .relationGroup8

===========================================================================================
----------------- testing Tue Dec 10 06:54:14 UTC 2019 /home/travis/build/icyphy/ptII/ptolemy/domains/pn/test/auto/widthTest.xml
----------------- Instantiating /home/travis/build/icyphy/ptII/ptolemy/domains/pn/test/auto/widthTest.xml
14 ms. Memory: 186368K Free: 152510K (82%)
----------------- Invoking toplevel() on ptolemy.moml.MoMLSimpleApplication@b6a828f
----------------- Done invoking toplevel() on ptolemy.moml.MoMLSimpleApplication@b6a828f
reloadAllAccessors: .widthTest
AutoTests.java: About to close Vertx.
AutoTests.java: Vertx closed.
]]></system-out>
  <system-err><![CDATA[java.lang.RuntimeException: Execution failed
	at ptolemy.moml.MoMLSimpleApplication$UnloadThread.run(MoMLSimpleApplication.java:402)
Caused by: ptolemy.kernel.util.IllegalActionException: At the current time, process-oriented domains (PN and CSP) cannot be nested inside firing-based domains (SDF, DE, CT, etc.).
  in .PNInsideDE.CompositeActor.port
Because:
class ptolemy.domains.de.kernel.DEReceiver cannot be cast to class ptolemy.actor.process.ProcessReceiver (ptolemy.domains.de.kernel.DEReceiver and ptolemy.actor.process.ProcessReceiver are in unnamed module of loader 'app')
	at ptolemy.actor.process.BranchController.addBranches(BranchController.java:182)
	at ptolemy.actor.process.CompositeProcessDirector.createBranchController(CompositeProcessDirector.java:221)
	at ptolemy.actor.process.CompositeProcessDirector.initialize(CompositeProcessDirector.java:289)
	at ptolemy.domains.pn.kernel.PNDirector.initialize(PNDirector.java:241)
	at ptolemy.actor.CompositeActor.initialize(CompositeActor.java:935)
	at ptolemy.actor.Director.initialize(Director.java:938)
	at ptolemy.actor.Director.initialize(Director.java:907)
	at ptolemy.domains.de.kernel.DEDirector.initialize(DEDirector.java:944)
	at ptolemy.actor.CompositeActor.initialize(CompositeActor.java:935)
	at ptolemy.actor.Manager.initialize(Manager.java:724)
	at ptolemy.actor.Manager.execute(Manager.java:356)
	at ptolemy.actor.Manager.run(Manager.java:1263)
	at ptolemy.actor.Manager$PtolemyRunThread.run(Manager.java:1933)
Caused by: java.lang.ClassCastException: class ptolemy.domains.de.kernel.DEReceiver cannot be cast to class ptolemy.actor.process.ProcessReceiver (ptolemy.domains.de.kernel.DEReceiver and ptolemy.actor.process.ProcessReceiver are in unnamed module of loader 'app')
	at ptolemy.actor.process.BranchController.addBranches(BranchController.java:178)
	... 12 more
Warning: '.RemoveNilTokens.Test2' The test produced only 7 tokens, yet the correctValues parameter was expecting 8 tokens.
Warning: '.RemoveNilTokens.Test' The test produced only 10 tokens, yet the correctValues parameter was expecting 13 tokens.
]]></system-err>
</testsuite>
