<?xml version="1.0" encoding="UTF-8" ?>
<testsuite errors="0" failures="0" hostname="travis-job-4c29b4eb-86ec-4643-95af-1a559fd3e3c8" name="ptolemy.domains.de.test.junit.JUnitTclTest" skipped="0" tests="101" time="140.488" timestamp="2019-10-19T05:57:17">
  <properties>
[...]
</properties>
  <testcase classname="ptolemy.util.test.junit.TclTests" name="[0] /home/travis/build/icyphy/ptII/ptolemy/domains/de/test/DependencyLoop.tcl (RunTclFile)" time="1.033" />
  <testcase classname="ptolemy.util.test.junit.TclTests" name="[1] /home/travis/build/icyphy/ptII/ptolemy/domains/de/test/RunDETestsAsQSS.tcl (RunTclFile)" time="95.612" />
  <testcase classname="ptolemy.util.test.junit.AutoKnownFailedTests" name="[0] /home/travis/build/icyphy/ptII/ptolemy/domains/de/test/auto/knownFailedTests/DESDFClockTest.xml (RunModel)" time="2.06" />
  <testcase classname="ptolemy.util.test.junit.AutoKnownFailedTests" name="[1] /home/travis/build/icyphy/ptII/ptolemy/domains/de/test/auto/knownFailedTests/DirectFeedback.xml (RunModel)" time="0.027" />
  <testcase classname="ptolemy.util.test.junit.AutoKnownFailedTests" name="[2] /home/travis/build/icyphy/ptII/ptolemy/domains/de/test/auto/knownFailedTests/FSMSource.xml (RunModel)" time="0.054" />
  <testcase classname="ptolemy.util.test.junit.AutoKnownFailedTests" name="[3] /home/travis/build/icyphy/ptII/ptolemy/domains/de/test/auto/knownFailedTests/HierarchicalModel.xml (RunModel)" time="0.065" />
  <testcase classname="ptolemy.util.test.junit.AutoKnownFailedTests" name="[4] /home/travis/build/icyphy/ptII/ptolemy/domains/de/test/auto/knownFailedTests/dependencyLoop.xml (RunModel)" time="0.061" />
  <testcase classname="ptolemy.util.test.junit.AutoKnownFailedTests" name="[5] /home/travis/build/icyphy/ptII/ptolemy/domains/de/test/auto/knownFailedTests/dependencyLoop2.xml (RunModel)" time="0.051" />
  <testcase classname="ptolemy.util.test.junit.AutoNameArchTests" name="[0] ThereAreNoAutoArchTests (RunModel)" time="0.002" />
  <testcase classname="ptolemy.util.test.junit.AutoTests" name="[0] /home/travis/build/icyphy/ptII/ptolemy/domains/de/test/auto/ActorDepthCalculation_actorWithoutPorts.xml (RunModel)" time="0.022" />
  <testcase classname="ptolemy.util.test.junit.AutoTests" name="[1] /home/travis/build/icyphy/ptII/ptolemy/domains/de/test/auto/AssemblyLine.xml (RunModel)" time="0.036" />
  <testcase classname="ptolemy.util.test.junit.AutoTests" name="[2] /home/travis/build/icyphy/ptII/ptolemy/domains/de/test/auto/CQBug1.xml (RunModel)" time="0.01" />
  <testcase classname="ptolemy.util.test.junit.AutoTests" name="[3] /home/travis/build/icyphy/ptII/ptolemy/domains/de/test/auto/CancelFireAt.xml (RunModel)" time="0.024" />
  <testcase classname="ptolemy.util.test.junit.AutoTests" name="[4] /home/travis/build/icyphy/ptII/ptolemy/domains/de/test/auto/CausalityAndComposabilityAnalysis.xml (RunModel)" time="0.023" />
  <testcase classname="ptolemy.util.test.junit.AutoTests" name="[5] /home/travis/build/icyphy/ptII/ptolemy/domains/de/test/auto/CausalityInterface1.xml (RunModel)" time="0.021" />
  <testcase classname="ptolemy.util.test.junit.AutoTests" name="[6] /home/travis/build/icyphy/ptII/ptolemy/domains/de/test/auto/CausalityInterface15.xml (RunModel)" time="0.016" />
  <testcase classname="ptolemy.util.test.junit.AutoTests" name="[7] /home/travis/build/icyphy/ptII/ptolemy/domains/de/test/auto/CausalityInterface2.xml (RunModel)" time="0.018" />
  <testcase classname="ptolemy.util.test.junit.AutoTests" name="[8] /home/travis/build/icyphy/ptII/ptolemy/domains/de/test/auto/CausalityInterface3.xml (RunModel)" time="0.012" />
  <testcase classname="ptolemy.util.test.junit.AutoTests" name="[9] /home/travis/build/icyphy/ptII/ptolemy/domains/de/test/auto/ClockDrift.xml (RunModel)" time="0.035" />
  <testcase classname="ptolemy.util.test.junit.AutoTests" name="[10] /home/travis/build/icyphy/ptII/ptolemy/domains/de/test/auto/ClockDriftAndValueChange.xml (RunModel)" time="0.036" />
  <testcase classname="ptolemy.util.test.junit.AutoTests" name="[11] /home/travis/build/icyphy/ptII/ptolemy/domains/de/test/auto/ClockDriftChange.xml (RunModel)" time="0.038" />
  <testcase classname="ptolemy.util.test.junit.AutoTests" name="[12] /home/travis/build/icyphy/ptII/ptolemy/domains/de/test/auto/ComposableCausalityAnalysis.xml (RunModel)" time="0.02" />
  <testcase classname="ptolemy.util.test.junit.AutoTests" name="[13] /home/travis/build/icyphy/ptII/ptolemy/domains/de/test/auto/DEFixedPointLimitation.xml (RunModel)" time="0.01" />
  <testcase classname="ptolemy.util.test.junit.AutoTests" name="[14] /home/travis/build/icyphy/ptII/ptolemy/domains/de/test/auto/DEScheduleTest.xml (RunModel)" time="0.017" />
  <testcase classname="ptolemy.util.test.junit.AutoTests" name="[15] /home/travis/build/icyphy/ptII/ptolemy/domains/de/test/auto/DEinDEwithStartTimes.xml (RunModel)" time="0.015" />
  <testcase classname="ptolemy.util.test.junit.AutoTests" name="[16] /home/travis/build/icyphy/ptII/ptolemy/domains/de/test/auto/DEinDEwithStartTimes2.xml (RunModel)" time="0.017" />
  <testcase classname="ptolemy.util.test.junit.AutoTests" name="[17] /home/travis/build/icyphy/ptII/ptolemy/domains/de/test/auto/DateDemo.xml (RunModel)" time="0.038" />
  <testcase classname="ptolemy.util.test.junit.AutoTests" name="[18] /home/travis/build/icyphy/ptII/ptolemy/domains/de/test/auto/DateToEvent.xml (RunModel)" time="2.039" />
  <testcase classname="ptolemy.util.test.junit.AutoTests" name="[19] /home/travis/build/icyphy/ptII/ptolemy/domains/de/test/auto/DepthTest1.xml (RunModel)" time="0.01" />
  <testcase classname="ptolemy.util.test.junit.AutoTests" name="[20] /home/travis/build/icyphy/ptII/ptolemy/domains/de/test/auto/DepthTest2.xml (RunModel)" time="0.03" />
  <testcase classname="ptolemy.util.test.junit.AutoTests" name="[21] /home/travis/build/icyphy/ptII/ptolemy/domains/de/test/auto/DepthTest3.xml (RunModel)" time="0.016" />
  <testcase classname="ptolemy.util.test.junit.AutoTests" name="[22] /home/travis/build/icyphy/ptII/ptolemy/domains/de/test/auto/DepthTest4.xml (RunModel)" time="0.028" />
  <testcase classname="ptolemy.util.test.junit.AutoTests" name="[23] /home/travis/build/icyphy/ptII/ptolemy/domains/de/test/auto/DepthTest5.xml (RunModel)" time="0.017" />
  <testcase classname="ptolemy.util.test.junit.AutoTests" name="[24] /home/travis/build/icyphy/ptII/ptolemy/domains/de/test/auto/DepthTest6.xml (RunModel)" time="0.016" />
  <testcase classname="ptolemy.util.test.junit.AutoTests" name="[25] /home/travis/build/icyphy/ptII/ptolemy/domains/de/test/auto/DepthTest7.xml (RunModel)" time="0.021" />
  <testcase classname="ptolemy.util.test.junit.AutoTests" name="[26] /home/travis/build/icyphy/ptII/ptolemy/domains/de/test/auto/EventToDate.xml (RunModel)" time="3.051" />
  <testcase classname="ptolemy.util.test.junit.AutoTests" name="[27] /home/travis/build/icyphy/ptII/ptolemy/domains/de/test/auto/FSM1.xml (RunModel)" time="0.042" />
  <testcase classname="ptolemy.util.test.junit.AutoTests" name="[28] /home/travis/build/icyphy/ptII/ptolemy/domains/de/test/auto/FSM7.xml (RunModel)" time="0.038" />
  <testcase classname="ptolemy.util.test.junit.AutoTests" name="[29] /home/travis/build/icyphy/ptII/ptolemy/domains/de/test/auto/Inspection.xml (RunModel)" time="0.054" />
  <testcase classname="ptolemy.util.test.junit.AutoTests" name="[30] /home/travis/build/icyphy/ptII/ptolemy/domains/de/test/auto/Iteration.xml (RunModel)" time="0.024" />
  <testcase classname="ptolemy.util.test.junit.AutoTests" name="[31] /home/travis/build/icyphy/ptII/ptolemy/domains/de/test/auto/LineFault.xml (RunModel)" time="0.604" />
  <testcase classname="ptolemy.util.test.junit.AutoTests" name="[32] /home/travis/build/icyphy/ptII/ptolemy/domains/de/test/auto/MergeModel1Add.xml (RunModel)" time="0.06" />
  <testcase classname="ptolemy.util.test.junit.AutoTests" name="[33] /home/travis/build/icyphy/ptII/ptolemy/domains/de/test/auto/MergeModel2Add.xml (RunModel)" time="0.036" />
  <testcase classname="ptolemy.util.test.junit.AutoTests" name="[34] /home/travis/build/icyphy/ptII/ptolemy/domains/de/test/auto/MergeModel3Add.xml (RunModel)" time="0.053" />
  <testcase classname="ptolemy.util.test.junit.AutoTests" name="[35] /home/travis/build/icyphy/ptII/ptolemy/domains/de/test/auto/MergeWithoutDiscard.xml (RunModel)" time="0.018" />
  <testcase classname="ptolemy.util.test.junit.AutoTests" name="[36] /home/travis/build/icyphy/ptII/ptolemy/domains/de/test/auto/Modal1.xml (RunModel)" time="0.042" />
  <testcase classname="ptolemy.util.test.junit.AutoTests" name="[37] /home/travis/build/icyphy/ptII/ptolemy/domains/de/test/auto/Modal2.xml (RunModel)" time="0.031" />
  <testcase classname="ptolemy.util.test.junit.AutoTests" name="[38] /home/travis/build/icyphy/ptII/ptolemy/domains/de/test/auto/Modal3.xml (RunModel)" time="0.035" />
  <testcase classname="ptolemy.util.test.junit.AutoTests" name="[39] /home/travis/build/icyphy/ptII/ptolemy/domains/de/test/auto/Modal4.xml (RunModel)" time="0.036" />
  <testcase classname="ptolemy.util.test.junit.AutoTests" name="[40] /home/travis/build/icyphy/ptII/ptolemy/domains/de/test/auto/Modal5.xml (RunModel)" time="0.042" />
  <testcase classname="ptolemy.util.test.junit.AutoTests" name="[41] /home/travis/build/icyphy/ptII/ptolemy/domains/de/test/auto/Modal6.xml (RunModel)" time="0.028" />
  <testcase classname="ptolemy.util.test.junit.AutoTests" name="[42] /home/travis/build/icyphy/ptII/ptolemy/domains/de/test/auto/Modal7.xml (RunModel)" time="0.038" />
  <testcase classname="ptolemy.util.test.junit.AutoTests" name="[43] /home/travis/build/icyphy/ptII/ptolemy/domains/de/test/auto/ModalModel.xml (RunModel)" time="0.224" />
  <testcase classname="ptolemy.util.test.junit.AutoTests" name="[44] /home/travis/build/icyphy/ptII/ptolemy/domains/de/test/auto/ModalSource.xml (RunModel)" time="0.025" />
  <testcase classname="ptolemy.util.test.junit.AutoTests" name="[45] /home/travis/build/icyphy/ptII/ptolemy/domains/de/test/auto/NonInterruptibleTimerZeroDelay.xml (RunModel)" time="0.017" />
  <testcase classname="ptolemy.util.test.junit.AutoTests" name="[46] /home/travis/build/icyphy/ptII/ptolemy/domains/de/test/auto/OpenQueueingNetwork.xml (RunModel)" time="2.743" />
  <testcase classname="ptolemy.util.test.junit.AutoTests" name="[47] /home/travis/build/icyphy/ptII/ptolemy/domains/de/test/auto/OpenQueuingNetwork.xml (RunModel)" time="0.319" />
  <testcase classname="ptolemy.util.test.junit.AutoTests" name="[48] /home/travis/build/icyphy/ptII/ptolemy/domains/de/test/auto/PeriodicSampler.xml (RunModel)" time="0.011" />
  <testcase classname="ptolemy.util.test.junit.AutoTests" name="[49] /home/travis/build/icyphy/ptII/ptolemy/domains/de/test/auto/PersistentIO.xml (RunModel)" time="0.025" />
  <testcase classname="ptolemy.util.test.junit.AutoTests" name="[50] /home/travis/build/icyphy/ptII/ptolemy/domains/de/test/auto/PortParameterResetOnInitialize.xml (RunModel)" time="0.012" />
  <testcase classname="ptolemy.util.test.junit.AutoTests" name="[51] /home/travis/build/icyphy/ptII/ptolemy/domains/de/test/auto/PortParameterUpdates.xml (RunModel)" time="0.019" />
  <testcase classname="ptolemy.util.test.junit.AutoTests" name="[52] /home/travis/build/icyphy/ptII/ptolemy/domains/de/test/auto/QueueAndServer.xml (RunModel)" time="0.043" />
  <testcase classname="ptolemy.util.test.junit.AutoTests" name="[53] /home/travis/build/icyphy/ptII/ptolemy/domains/de/test/auto/Records.xml (RunModel)" time="0.021" />
  <testcase classname="ptolemy.util.test.junit.AutoTests" name="[54] /home/travis/build/icyphy/ptII/ptolemy/domains/de/test/auto/ResetTransitionWithStartTime1.xml (RunModel)" time="0.03" />
  <testcase classname="ptolemy.util.test.junit.AutoTests" name="[55] /home/travis/build/icyphy/ptII/ptolemy/domains/de/test/auto/ResetTransitionWithStartTime2.xml (RunModel)" time="0.029" />
  <testcase classname="ptolemy.util.test.junit.AutoTests" name="[56] /home/travis/build/icyphy/ptII/ptolemy/domains/de/test/auto/ResetTransitionWithStartTime3.xml (RunModel)" time="0.027" />
  <testcase classname="ptolemy.util.test.junit.AutoTests" name="[57] /home/travis/build/icyphy/ptII/ptolemy/domains/de/test/auto/ResetTransitionWithStartTime4.xml (RunModel)" time="0.022" />
  <testcase classname="ptolemy.util.test.junit.AutoTests" name="[58] /home/travis/build/icyphy/ptII/ptolemy/domains/de/test/auto/ResettableTimer1.xml (RunModel)" time="0.012" />
  <testcase classname="ptolemy.util.test.junit.AutoTests" name="[59] /home/travis/build/icyphy/ptII/ptolemy/domains/de/test/auto/ResettableTimer2.xml (RunModel)" time="0.012" />
  <testcase classname="ptolemy.util.test.junit.AutoTests" name="[60] /home/travis/build/icyphy/ptII/ptolemy/domains/de/test/auto/ResettableTimer3.xml (RunModel)" time="0.012" />
  <testcase classname="ptolemy.util.test.junit.AutoTests" name="[61] /home/travis/build/icyphy/ptII/ptolemy/domains/de/test/auto/ResettableTimer4.xml (RunModel)" time="0.015" />
  <testcase classname="ptolemy.util.test.junit.AutoTests" name="[62] /home/travis/build/icyphy/ptII/ptolemy/domains/de/test/auto/ResettableTimer5.xml (RunModel)" time="0.014" />
  <testcase classname="ptolemy.util.test.junit.AutoTests" name="[63] /home/travis/build/icyphy/ptII/ptolemy/domains/de/test/auto/ResettableTimer6.xml (RunModel)" time="0.031" />
  <testcase classname="ptolemy.util.test.junit.AutoTests" name="[64] /home/travis/build/icyphy/ptII/ptolemy/domains/de/test/auto/ServerZeroDelay.xml (RunModel)" time="0.03" />
  <testcase classname="ptolemy.util.test.junit.AutoTests" name="[65] /home/travis/build/icyphy/ptII/ptolemy/domains/de/test/auto/SmartSender.xml (RunModel)" time="3.02" />
  <testcase classname="ptolemy.util.test.junit.AutoTests" name="[66] /home/travis/build/icyphy/ptII/ptolemy/domains/de/test/auto/ThreadedComposite.xml (RunModel)" time="0.345" />
  <testcase classname="ptolemy.util.test.junit.AutoTests" name="[67] /home/travis/build/icyphy/ptII/ptolemy/domains/de/test/auto/Time.xml (RunModel)" time="0.448" />
  <testcase classname="ptolemy.util.test.junit.AutoTests" name="[68] /home/travis/build/icyphy/ptII/ptolemy/domains/de/test/auto/TimeDelayZeroDelay.xml (RunModel)" time="0.021" />
  <testcase classname="ptolemy.util.test.junit.AutoTests" name="[69] /home/travis/build/icyphy/ptII/ptolemy/domains/de/test/auto/TimerZeroDelay.xml (RunModel)" time="0.013" />
  <testcase classname="ptolemy.util.test.junit.AutoTests" name="[70] /home/travis/build/icyphy/ptII/ptolemy/domains/de/test/auto/TimingParadox.xml (RunModel)" time="0.42" />
  <testcase classname="ptolemy.util.test.junit.AutoTests" name="[71] /home/travis/build/icyphy/ptII/ptolemy/domains/de/test/auto/TransferInputs.xml (RunModel)" time="0.028" />
  <testcase classname="ptolemy.util.test.junit.AutoTests" name="[72] /home/travis/build/icyphy/ptII/ptolemy/domains/de/test/auto/TransferOutputs2.xml (RunModel)" time="0.037" />
  <testcase classname="ptolemy.util.test.junit.AutoTests" name="[73] /home/travis/build/icyphy/ptII/ptolemy/domains/de/test/auto/Trilateration.xml (RunModel)" time="13.977" />
  <testcase classname="ptolemy.util.test.junit.AutoTests" name="[74] /home/travis/build/icyphy/ptII/ptolemy/domains/de/test/auto/TwoSigmaDelta.xml (RunModel)" time="1.991" />
  <testcase classname="ptolemy.util.test.junit.AutoTests" name="[75] /home/travis/build/icyphy/ptII/ptolemy/domains/de/test/auto/VariableDelay.xml (RunModel)" time="0.016" />
  <testcase classname="ptolemy.util.test.junit.AutoTests" name="[76] /home/travis/build/icyphy/ptII/ptolemy/domains/de/test/auto/VariableDelay2.xml (RunModel)" time="0.014" />
  <testcase classname="ptolemy.util.test.junit.AutoTests" name="[77] /home/travis/build/icyphy/ptII/ptolemy/domains/de/test/auto/VariableDelayZeroDelay.xml (RunModel)" time="0.022" />
  <testcase classname="ptolemy.util.test.junit.AutoTests" name="[78] /home/travis/build/icyphy/ptII/ptolemy/domains/de/test/auto/VariableDelayZeroDelay2.xml (RunModel)" time="0.012" />
  <testcase classname="ptolemy.util.test.junit.AutoTests" name="[79] /home/travis/build/icyphy/ptII/ptolemy/domains/de/test/auto/deInCt.xml (RunModel)" time="0.016" />
  <testcase classname="ptolemy.util.test.junit.AutoTests" name="[80] /home/travis/build/icyphy/ptII/ptolemy/domains/de/test/auto/deInCt2.xml (RunModel)" time="0.016" />
  <testcase classname="ptolemy.util.test.junit.AutoTests" name="[81] /home/travis/build/icyphy/ptII/ptolemy/domains/de/test/auto/dynamicCausalityInterface1.xml (RunModel)" time="0.018" />
  <testcase classname="ptolemy.util.test.junit.AutoTests" name="[82] /home/travis/build/icyphy/ptII/ptolemy/domains/de/test/auto/fsm_de_test.xml (RunModel)" time="0.027" />
  <testcase classname="ptolemy.util.test.junit.AutoTests" name="[83] /home/travis/build/icyphy/ptII/ptolemy/domains/de/test/auto/functionDependencyReconstruction.xml (RunModel)" time="0.053" />
  <testcase classname="ptolemy.util.test.junit.AutoTests" name="[84] /home/travis/build/icyphy/ptII/ptolemy/domains/de/test/auto/multirate.xml (RunModel)" time="0.03" />
  <testcase classname="ptolemy.util.test.junit.AutoTests" name="[85] /home/travis/build/icyphy/ptII/ptolemy/domains/de/test/auto/multirate2.xml (RunModel)" time="0.031" />
  <testcase classname="ptolemy.util.test.junit.AutoTests" name="[86] /home/travis/build/icyphy/ptII/ptolemy/domains/de/test/auto/realtime.xml (RunModel)" time="10.013" />
  <testcase classname="ptolemy.util.test.junit.AutoTests" name="[87] /home/travis/build/icyphy/ptII/ptolemy/domains/de/test/auto/relationGroup.xml (RunModel)" time="0.021" />
  <testcase classname="ptolemy.util.test.junit.AutoTests" name="[88] /home/travis/build/icyphy/ptII/ptolemy/domains/de/test/auto/relationGroup2.xml (RunModel)" time="0.021" />
  <testcase classname="ptolemy.util.test.junit.AutoTests" name="[89] /home/travis/build/icyphy/ptII/ptolemy/domains/de/test/auto/sortWithOpaquePorts.xml (RunModel)" time="0.013" />
  <testcase classname="ptolemy.util.test.junit.AutoTests" name="[90] /home/travis/build/icyphy/ptII/ptolemy/domains/de/test/auto/transferInputsandOutputs.xml (RunModel)" time="0.02" />
  <testcase classname="ptolemy.util.test.junit.AutoTests" name="[91] /home/travis/build/icyphy/ptII/ptolemy/domains/de/test/auto/triggerType.xml (RunModel)" time="0.012" />
  <system-out><![CDATA[/home/travis/build/icyphy/ptII/ptolemy/domains/de/test/DependencyLoop.tcl
testDefs.tcl: setting time out to 9000 seconds at Sat Oct 19 05:57:17 UTC 2019
72 ms. Memory: 120832K Free: 72134K (60%)
15 ms. Memory: 120832K Free: 54695K (45%)
/home/travis/build/icyphy/ptII/ptolemy/domains/de/test/RunDETestsAsQSS.tcl
Run the DE tests using ptolemy.domains.qss.test.QSSDirectorTest, which extends QSSDirector and prints a message in the constructors.
------------------ testing $PTII/ptolemy/domains/de/test/auto/knownFailedTests/DirectFeedback.xml (Known Failure) 
71 ms. Memory: 120832K Free: 49096K (41%)


==== $PTIIhome/travis/build/icyphy/ptII/ptolemy/domains/de/test/../../../../: Auto Automatic test in file $PTII/ptolemy/domains/de/test/auto/knownFailedTests/DirectFeedback.xml
==== Contents of test case:

	    # FIXME: we should use $relativeFilename here, but it
	    # might have backslashes under Windows, which causes no end
	    # of trouble.
	    createAndExecute $file
	    list {}
	
.... Test generated KNOWN error:
    while executing
ptolemy.kernel.util.IllegalActionException: Test fails in iteration 1.
Value was: 1.0. Should have been: 2.0
  in .DirectFeedback.Test
	at ptolemy.actor.lib.Test.fire(Test.java:268)
	at ptolemy.domains.de.kernel.DEDirector._fire(DEDirector.java:1949)
	at ptolemy.domains.de.kernel.DEDirector.fire(DEDirector.java:502)
	at ptolemy.actor.CompositeActor.fire(CompositeActor.java:455)
	at ptolemy.actor.Manager.iterate(Manager.java:851)
	at ptolemy.actor.Manager.execute(Manager.java:369)
	at ptolemy.actor.Manager.run(Manager.java:1263)
	at ptolemy.actor.Manager$PtolemyRunThread.run(Manager.java:1933)

    while executing
ptolemy.kernel.util.IllegalActionException: Test fails in iteration 1.
Value was: 1.0. Should have been: 2.0
  in .DirectFeedback.Test
    while executing
"java::new ptolemy.moml.MoMLSimpleApplication $file
"
    (procedure "createAndExecute" line 2)
    invoked from within
"createAndExecute $file"
    ("uplevel" body line 5)
    invoked from within
"uplevel $contents_of_test"
------------------ testing $PTII/ptolemy/domains/de/test/auto/knownFailedTests/dependencyLoop.xml (Known Failure) 
21 ms. Memory: 120832K Free: 46024K (38%)


==== $PTIIhome/travis/build/icyphy/ptII/ptolemy/domains/de/test/../../../../: Auto Automatic test in file $PTII/ptolemy/domains/de/test/auto/knownFailedTests/dependencyLoop.xml
==== Contents of test case:

	    # FIXME: we should use $relativeFilename here, but it
	    # might have backslashes under Windows, which causes no end
	    # of trouble.
	    createAndExecute $file
	    list {}
	
.... Test generated KNOWN error:
    while executing
ptolemy.kernel.util.IllegalActionException: Found a zero delay loop containing .dependencyLoop.original
  in .dependencyLoop and .dependencyLoop.original
	at ptolemy.actor.util.CausalityInterfaceForComposites._computeOutputPortDepth(CausalityInterfaceForComposites.java:759)
	at ptolemy.actor.util.CausalityInterfaceForComposites._computeInputDepth(CausalityInterfaceForComposites.java:696)
	at ptolemy.actor.util.CausalityInterfaceForComposites._computeOutputPortDepth(CausalityInterfaceForComposites.java:765)
	at ptolemy.actor.util.CausalityInterfaceForComposites._computeInputDepth(CausalityInterfaceForComposites.java:696)
	at ptolemy.actor.util.CausalityInterfaceForComposites._computeOutputPortDepth(CausalityInterfaceForComposites.java:765)
	at ptolemy.actor.util.CausalityInterfaceForComposites._computeInputDepth(CausalityInterfaceForComposites.java:696)
	at ptolemy.actor.util.CausalityInterfaceForComposites._computeActorDepth(CausalityInterfaceForComposites.java:532)
	at ptolemy.actor.util.CausalityInterfaceForComposites.checkForCycles(CausalityInterfaceForComposites.java:96)
	at ptolemy.domains.de.kernel.DEDirector.preinitialize(DEDirector.java:1338)
	at ptolemy.actor.CompositeActor.preinitialize(CompositeActor.java:1828)
	at ptolemy.actor.Manager.preinitializeAndResolveTypes(Manager.java:1040)
	at ptolemy.actor.Manager.initialize(Manager.java:710)
	at ptolemy.actor.Manager.execute(Manager.java:356)
	at ptolemy.actor.Manager.run(Manager.java:1263)
	at ptolemy.actor.Manager$PtolemyRunThread.run(Manager.java:1933)

    while executing
ptolemy.kernel.util.IllegalActionException: Found a zero delay loop containing .dependencyLoop.original
  in .dependencyLoop and .dependencyLoop.original
    while executing
"java::new ptolemy.moml.MoMLSimpleApplication $file
"
    (procedure "createAndExecute" line 2)
    invoked from within
"createAndExecute $file"
    ("uplevel" body line 5)
    invoked from within
"uplevel $contents_of_test"
------------------ testing $PTII/ptolemy/domains/de/test/auto/knownFailedTests/FSMSource.xml (Known Failure) 
103 ms. Memory: 120832K Free: 99630K (82%)
!!!! Auto was marked as failing, but now passes
------------------ testing $PTII/ptolemy/domains/de/test/auto/knownFailedTests/HierarchicalModel.xml (Known Failure) 
12 ms. Memory: 120832K Free: 82242K (68%)


==== $PTIIhome/travis/build/icyphy/ptII/ptolemy/domains/de/test/../../../../: Auto Automatic test in file $PTII/ptolemy/domains/de/test/auto/knownFailedTests/HierarchicalModel.xml
==== Contents of test case:

	    # FIXME: we should use $relativeFilename here, but it
	    # might have backslashes under Windows, which causes no end
	    # of trouble.
	    createAndExecute $file
	    list {}
	
.... Test generated KNOWN error:
    while executing
ptolemy.kernel.util.IllegalActionException: Found a zero delay loop containing .HierarchicalModel.A
  in .HierarchicalModel and .HierarchicalModel.A
	at ptolemy.actor.util.CausalityInterfaceForComposites._computeOutputPortDepth(CausalityInterfaceForComposites.java:759)
	at ptolemy.actor.util.CausalityInterfaceForComposites._computeInputDepth(CausalityInterfaceForComposites.java:696)
	at ptolemy.actor.util.CausalityInterfaceForComposites._computeOutputPortDepth(CausalityInterfaceForComposites.java:765)
	at ptolemy.actor.util.CausalityInterfaceForComposites._computeInputDepth(CausalityInterfaceForComposites.java:696)
	at ptolemy.actor.util.CausalityInterfaceForComposites._computeOutputPortDepth(CausalityInterfaceForComposites.java:765)
	at ptolemy.actor.util.CausalityInterfaceForComposites._computeInputDepth(CausalityInterfaceForComposites.java:696)
	at ptolemy.actor.util.CausalityInterfaceForComposites._computeActorDepth(CausalityInterfaceForComposites.java:532)
	at ptolemy.actor.util.CausalityInterfaceForComposites.checkForCycles(CausalityInterfaceForComposites.java:96)
	at ptolemy.domains.de.kernel.DEDirector.preinitialize(DEDirector.java:1338)
	at ptolemy.actor.CompositeActor.preinitialize(CompositeActor.java:1828)
	at ptolemy.actor.Manager.preinitializeAndResolveTypes(Manager.java:1040)
	at ptolemy.actor.Manager.initialize(Manager.java:710)
	at ptolemy.actor.Manager.execute(Manager.java:356)
	at ptolemy.actor.Manager.run(Manager.java:1263)
	at ptolemy.actor.Manager$PtolemyRunThread.run(Manager.java:1933)

    while executing
ptolemy.kernel.util.IllegalActionException: Found a zero delay loop containing .HierarchicalModel.A
  in .HierarchicalModel and .HierarchicalModel.A
    while executing
"java::new ptolemy.moml.MoMLSimpleApplication $file
"
    (procedure "createAndExecute" line 2)
    invoked from within
"createAndExecute $file"
    ("uplevel" body line 5)
    invoked from within
"uplevel $contents_of_test"
------------------ testing $PTII/ptolemy/domains/de/test/auto/knownFailedTests/dependencyLoop2.xml (Known Failure) 
15 ms. Memory: 120832K Free: 66905K (55%)


==== $PTIIhome/travis/build/icyphy/ptII/ptolemy/domains/de/test/../../../../: Auto Automatic test in file $PTII/ptolemy/domains/de/test/auto/knownFailedTests/dependencyLoop2.xml
==== Contents of test case:

	    # FIXME: we should use $relativeFilename here, but it
	    # might have backslashes under Windows, which causes no end
	    # of trouble.
	    createAndExecute $file
	    list {}
	
.... Test generated KNOWN error:
    while executing
ptolemy.kernel.util.IllegalActionException: Found a zero delay loop containing .dependencyLoop2.original
  in .dependencyLoop2 and .dependencyLoop2.original
	at ptolemy.actor.util.CausalityInterfaceForComposites._computeOutputPortDepth(CausalityInterfaceForComposites.java:759)
	at ptolemy.actor.util.CausalityInterfaceForComposites._computeInputDepth(CausalityInterfaceForComposites.java:696)
	at ptolemy.actor.util.CausalityInterfaceForComposites._computeOutputPortDepth(CausalityInterfaceForComposites.java:765)
	at ptolemy.actor.util.CausalityInterfaceForComposites._computeInputDepth(CausalityInterfaceForComposites.java:696)
	at ptolemy.actor.util.CausalityInterfaceForComposites._computeOutputPortDepth(CausalityInterfaceForComposites.java:765)
	at ptolemy.actor.util.CausalityInterfaceForComposites._computeInputDepth(CausalityInterfaceForComposites.java:696)
	at ptolemy.actor.util.CausalityInterfaceForComposites._computeActorDepth(CausalityInterfaceForComposites.java:532)
	at ptolemy.actor.util.CausalityInterfaceForComposites.checkForCycles(CausalityInterfaceForComposites.java:96)
	at ptolemy.domains.de.kernel.DEDirector.preinitialize(DEDirector.java:1338)
	at ptolemy.actor.CompositeActor.preinitialize(CompositeActor.java:1828)
	at ptolemy.actor.Manager.preinitializeAndResolveTypes(Manager.java:1040)
	at ptolemy.actor.Manager.initialize(Manager.java:710)
	at ptolemy.actor.Manager.execute(Manager.java:356)
	at ptolemy.actor.Manager.run(Manager.java:1263)
	at ptolemy.actor.Manager$PtolemyRunThread.run(Manager.java:1933)

    while executing
ptolemy.kernel.util.IllegalActionException: Found a zero delay loop containing .dependencyLoop2.original
  in .dependencyLoop2 and .dependencyLoop2.original
    while executing
"java::new ptolemy.moml.MoMLSimpleApplication $file
"
    (procedure "createAndExecute" line 2)
    invoked from within
"createAndExecute $file"
    ("uplevel" body line 5)
    invoked from within
"uplevel $contents_of_test"
------------------ testing $PTII/ptolemy/domains/de/test/auto/knownFailedTests/DESDFClockTest.xml (Known Failure) 
2062 ms. Memory: 120832K Free: 94405K (78%)


==== $PTIIhome/travis/build/icyphy/ptII/ptolemy/domains/de/test/../../../../: Auto Automatic test in file $PTII/ptolemy/domains/de/test/auto/knownFailedTests/DESDFClockTest.xml
==== Contents of test case:

	    # FIXME: we should use $relativeFilename here, but it
	    # might have backslashes under Windows, which causes no end
	    # of trouble.
	    createAndExecute $file
	    list {}
	
.... Test generated KNOWN error:
    while executing
ptolemy.kernel.util.IllegalActionException: Actor is not ready to fire.  Perhaps UpSample.prefire() returned false? Try debugging the actor by selecting "Listen to Actor".  Also, for SDF check moml for tokenConsumptionRate on input.
  in .DESDFClockTest.Play Bell.Copy1:SDF Director and .DESDFClockTest.Play Bell.UpSample
	at ptolemy.actor.sched.StaticSchedulingDirector.fire(StaticSchedulingDirector.java:227)
	at ptolemy.domains.sdf.kernel.SDFDirector.fire(SDFDirector.java:500)
	at ptolemy.actor.CompositeActor.fire(CompositeActor.java:455)
	at ptolemy.domains.de.kernel.DEDirector._fire(DEDirector.java:1949)
	at ptolemy.domains.de.kernel.DEDirector.fire(DEDirector.java:502)
	at ptolemy.actor.CompositeActor.fire(CompositeActor.java:455)
	at ptolemy.actor.Manager.iterate(Manager.java:851)
	at ptolemy.actor.Manager.execute(Manager.java:369)
	at ptolemy.actor.Manager.run(Manager.java:1263)
	at ptolemy.actor.Manager$PtolemyRunThread.run(Manager.java:1933)

    while executing
ptolemy.kernel.util.IllegalActionException: Actor is not ready to fire.  Perhaps UpSample.prefire() returned false? Try debugging the actor by selecting "Listen to Actor".  Also, for SDF check moml for tokenConsumptionRate on input.
  in .DESDFClockTest.Play Bell.Copy1:SDF Director and .DESDFClockTest.Play Bell.UpSample
    while executing
"java::new ptolemy.moml.MoMLSimpleApplication $file
"
    (procedure "createAndExecute" line 2)
    invoked from within
"createAndExecute $file"
    ("uplevel" body line 5)
    invoked from within
"uplevel $contents_of_test"
------------------ testing $PTII/ptolemy/domains/de/test/auto/ActorDepthCalculation_actorWithoutPorts.xml
auto.tcl: Setting watchdog for 200 seconds at Sat Oct 19 05:57:21 UTC 2019
6 ms. Memory: 120832K Free: 87176K (72%)
ptolemy.util.test.WatchDog.cancel(): canceling Sat Oct 19 05:57:21 UTC 2019
auto.tcl: Setting watchdog for 200 seconds at Sat Oct 19 05:57:21 UTC 2019
6 ms. Memory: 120832K Free: 85929K (71%)
ptolemy.util.test.WatchDog.cancel(): canceling Sat Oct 19 05:57:22 UTC 2019
------------------ testing $PTII/ptolemy/domains/de/test/auto/AssemblyLine.xml
auto.tcl: Setting watchdog for 200 seconds at Sat Oct 19 05:57:22 UTC 2019
9 ms. Memory: 48128K Free: 26016K (54%)
ptolemy.util.test.WatchDog.cancel(): canceling Sat Oct 19 05:57:22 UTC 2019
auto.tcl: Setting watchdog for 200 seconds at Sat Oct 19 05:57:22 UTC 2019
7 ms. Memory: 48128K Free: 25340K (53%)
ptolemy.util.test.WatchDog.cancel(): canceling Sat Oct 19 05:57:22 UTC 2019
------------------ testing $PTII/ptolemy/domains/de/test/auto/CQBug1.xml
auto.tcl: Setting watchdog for 200 seconds at Sat Oct 19 05:57:22 UTC 2019
9 ms. Memory: 45056K Free: 28454K (63%)
ptolemy.util.test.WatchDog.cancel(): canceling Sat Oct 19 05:57:22 UTC 2019
auto.tcl: Setting watchdog for 200 seconds at Sat Oct 19 05:57:22 UTC 2019
3 ms. Memory: 45056K Free: 28026K (62%)
ptolemy.util.test.WatchDog.cancel(): canceling Sat Oct 19 05:57:22 UTC 2019
------------------ testing $PTII/ptolemy/domains/de/test/auto/CancelFireAt.xml
auto.tcl: Setting watchdog for 200 seconds at Sat Oct 19 05:57:22 UTC 2019
4 ms. Memory: 45056K Free: 29633K (66%)
ptolemy.util.test.WatchDog.cancel(): canceling Sat Oct 19 05:57:22 UTC 2019
auto.tcl: Setting watchdog for 200 seconds at Sat Oct 19 05:57:22 UTC 2019
2 ms. Memory: 45056K Free: 29189K (65%)
ptolemy.util.test.WatchDog.cancel(): canceling Sat Oct 19 05:57:22 UTC 2019
------------------ testing $PTII/ptolemy/domains/de/test/auto/CausalityAndComposabilityAnalysis.xml
auto.tcl: Setting watchdog for 200 seconds at Sat Oct 19 05:57:22 UTC 2019
8 ms. Memory: 45056K Free: 27402K (61%)
ptolemy.util.test.WatchDog.cancel(): canceling Sat Oct 19 05:57:22 UTC 2019
auto.tcl: Setting watchdog for 200 seconds at Sat Oct 19 05:57:22 UTC 2019
6 ms. Memory: 45056K Free: 26974K (60%)
ptolemy.util.test.WatchDog.cancel(): canceling Sat Oct 19 05:57:22 UTC 2019
------------------ testing $PTII/ptolemy/domains/de/test/auto/CausalityInterface1.xml
auto.tcl: Setting watchdog for 200 seconds at Sat Oct 19 05:57:22 UTC 2019
19 ms. Memory: 45056K Free: 26370K (59%)
ptolemy.util.test.WatchDog.cancel(): canceling Sat Oct 19 05:57:22 UTC 2019
auto.tcl: Setting watchdog for 200 seconds at Sat Oct 19 05:57:22 UTC 2019
4 ms. Memory: 45056K Free: 25393K (56%)
ptolemy.util.test.WatchDog.cancel(): canceling Sat Oct 19 05:57:23 UTC 2019
------------------ testing $PTII/ptolemy/domains/de/test/auto/CausalityInterface15.xml
auto.tcl: Setting watchdog for 200 seconds at Sat Oct 19 05:57:23 UTC 2019
10 ms. Memory: 45056K Free: 26552K (59%)
ptolemy.util.test.WatchDog.cancel(): canceling Sat Oct 19 05:57:23 UTC 2019
auto.tcl: Setting watchdog for 200 seconds at Sat Oct 19 05:57:23 UTC 2019
5 ms. Memory: 45056K Free: 25336K (56%)
ptolemy.util.test.WatchDog.cancel(): canceling Sat Oct 19 05:57:23 UTC 2019
------------------ testing $PTII/ptolemy/domains/de/test/auto/CausalityInterface2.xml
auto.tcl: Setting watchdog for 200 seconds at Sat Oct 19 05:57:23 UTC 2019
5 ms. Memory: 45056K Free: 27110K (60%)
ptolemy.util.test.WatchDog.cancel(): canceling Sat Oct 19 05:57:23 UTC 2019
auto.tcl: Setting watchdog for 200 seconds at Sat Oct 19 05:57:23 UTC 2019
4 ms. Memory: 45056K Free: 26370K (59%)
ptolemy.util.test.WatchDog.cancel(): canceling Sat Oct 19 05:57:23 UTC 2019
------------------ testing $PTII/ptolemy/domains/de/test/auto/CausalityInterface3.xml
auto.tcl: Setting watchdog for 200 seconds at Sat Oct 19 05:57:23 UTC 2019
3 ms. Memory: 45056K Free: 26565K (59%)
ptolemy.util.test.WatchDog.cancel(): canceling Sat Oct 19 05:57:23 UTC 2019
auto.tcl: Setting watchdog for 200 seconds at Sat Oct 19 05:57:23 UTC 2019
4 ms. Memory: 45056K Free: 25778K (57%)
ptolemy.util.test.WatchDog.cancel(): canceling Sat Oct 19 05:57:23 UTC 2019
------------------ testing $PTII/ptolemy/domains/de/test/auto/ClockDrift.xml
auto.tcl: Setting watchdog for 200 seconds at Sat Oct 19 05:57:23 UTC 2019
113 ms. Memory: 45056K Free: 19159K (43%)
ptolemy.util.test.WatchDog.cancel(): canceling Sat Oct 19 05:57:23 UTC 2019
auto.tcl: Setting watchdog for 200 seconds at Sat Oct 19 05:57:23 UTC 2019
63 ms. Memory: 45056K Free: 16144K (36%)
ptolemy.util.test.WatchDog.cancel(): canceling Sat Oct 19 05:57:23 UTC 2019
------------------ testing $PTII/ptolemy/domains/de/test/auto/ClockDriftAndValueChange.xml
auto.tcl: Setting watchdog for 200 seconds at Sat Oct 19 05:57:23 UTC 2019
36 ms. Memory: 45056K Free: 19226K (43%)
ptolemy.util.test.WatchDog.cancel(): canceling Sat Oct 19 05:57:23 UTC 2019
auto.tcl: Setting watchdog for 200 seconds at Sat Oct 19 05:57:23 UTC 2019
32 ms. Memory: 45056K Free: 16382K (36%)
ptolemy.util.test.WatchDog.cancel(): canceling Sat Oct 19 05:57:23 UTC 2019
------------------ testing $PTII/ptolemy/domains/de/test/auto/ClockDriftChange.xml
auto.tcl: Setting watchdog for 200 seconds at Sat Oct 19 05:57:23 UTC 2019
25 ms. Memory: 45056K Free: 21268K (47%)
ptolemy.util.test.WatchDog.cancel(): canceling Sat Oct 19 05:57:23 UTC 2019
auto.tcl: Setting watchdog for 200 seconds at Sat Oct 19 05:57:23 UTC 2019
20 ms. Memory: 45056K Free: 18716K (42%)
ptolemy.util.test.WatchDog.cancel(): canceling Sat Oct 19 05:57:24 UTC 2019
------------------ testing $PTII/ptolemy/domains/de/test/auto/ComposableCausalityAnalysis.xml
auto.tcl: Setting watchdog for 200 seconds at Sat Oct 19 05:57:24 UTC 2019
3 ms. Memory: 45056K Free: 25914K (58%)
ptolemy.util.test.WatchDog.cancel(): canceling Sat Oct 19 05:57:24 UTC 2019
auto.tcl: Setting watchdog for 200 seconds at Sat Oct 19 05:57:24 UTC 2019
2 ms. Memory: 45056K Free: 24891K (55%)
ptolemy.util.test.WatchDog.cancel(): canceling Sat Oct 19 05:57:24 UTC 2019
------------------ testing $PTII/ptolemy/domains/de/test/auto/DEFixedPointLimitation.xml
auto.tcl: Setting watchdog for 200 seconds at Sat Oct 19 05:57:24 UTC 2019
5 ms. Memory: 45056K Free: 27233K (60%)
ptolemy.util.test.WatchDog.cancel(): canceling Sat Oct 19 05:57:24 UTC 2019
auto.tcl: Setting watchdog for 200 seconds at Sat Oct 19 05:57:24 UTC 2019
2 ms. Memory: 45056K Free: 26357K (58%)
ptolemy.util.test.WatchDog.cancel(): canceling Sat Oct 19 05:57:24 UTC 2019
------------------ testing $PTII/ptolemy/domains/de/test/auto/DEScheduleTest.xml
auto.tcl: Setting watchdog for 200 seconds at Sat Oct 19 05:57:24 UTC 2019
11 ms. Memory: 45056K Free: 27511K (61%)
ptolemy.util.test.WatchDog.cancel(): canceling Sat Oct 19 05:57:24 UTC 2019
auto.tcl: Setting watchdog for 200 seconds at Sat Oct 19 05:57:24 UTC 2019
4 ms. Memory: 45056K Free: 26768K (59%)
ptolemy.util.test.WatchDog.cancel(): canceling Sat Oct 19 05:57:24 UTC 2019
------------------ testing $PTII/ptolemy/domains/de/test/auto/DEinDEwithStartTimes.xml
auto.tcl: Setting watchdog for 200 seconds at Sat Oct 19 05:57:24 UTC 2019
7 ms. Memory: 45056K Free: 25737K (57%)
ptolemy.util.test.WatchDog.cancel(): canceling Sat Oct 19 05:57:24 UTC 2019
auto.tcl: Setting watchdog for 200 seconds at Sat Oct 19 05:57:24 UTC 2019
4 ms. Memory: 45056K Free: 24671K (55%)
ptolemy.util.test.WatchDog.cancel(): canceling Sat Oct 19 05:57:24 UTC 2019
------------------ testing $PTII/ptolemy/domains/de/test/auto/DEinDEwithStartTimes2.xml
auto.tcl: Setting watchdog for 200 seconds at Sat Oct 19 05:57:24 UTC 2019
11 ms. Memory: 45056K Free: 24974K (55%)
ptolemy.util.test.WatchDog.cancel(): canceling Sat Oct 19 05:57:24 UTC 2019
auto.tcl: Setting watchdog for 200 seconds at Sat Oct 19 05:57:24 UTC 2019
5 ms. Memory: 45056K Free: 23626K (52%)
ptolemy.util.test.WatchDog.cancel(): canceling Sat Oct 19 05:57:24 UTC 2019
------------------ testing $PTII/ptolemy/domains/de/test/auto/DateDemo.xml
auto.tcl: Setting watchdog for 200 seconds at Sat Oct 19 05:57:24 UTC 2019
19 ms. Memory: 45056K Free: 19586K (43%)
ptolemy.util.test.WatchDog.cancel(): canceling Sat Oct 19 05:57:24 UTC 2019
auto.tcl: Setting watchdog for 200 seconds at Sat Oct 19 05:57:24 UTC 2019
11 ms. Memory: 45056K Free: 17745K (39%)
ptolemy.util.test.WatchDog.cancel(): canceling Sat Oct 19 05:57:24 UTC 2019
------------------ testing $PTII/ptolemy/domains/de/test/auto/DateToEvent.xml
auto.tcl: Setting watchdog for 200 seconds at Sat Oct 19 05:57:24 UTC 2019
2013 ms. Memory: 45056K Free: 15188K (34%)
ptolemy.util.test.WatchDog.cancel(): canceling Sat Oct 19 05:57:26 UTC 2019
auto.tcl: Setting watchdog for 200 seconds at Sat Oct 19 05:57:26 UTC 2019
2007 ms. Memory: 45056K Free: 14450K (32%)
ptolemy.util.test.WatchDog.cancel(): canceling Sat Oct 19 05:57:28 UTC 2019
------------------ testing $PTII/ptolemy/domains/de/test/auto/DepthTest1.xml
auto.tcl: Setting watchdog for 200 seconds at Sat Oct 19 05:57:28 UTC 2019
3 ms. Memory: 45056K Free: 28087K (62%)
ptolemy.util.test.WatchDog.cancel(): canceling Sat Oct 19 05:57:28 UTC 2019
auto.tcl: Setting watchdog for 200 seconds at Sat Oct 19 05:57:28 UTC 2019
2 ms. Memory: 45056K Free: 27704K (61%)
ptolemy.util.test.WatchDog.cancel(): canceling Sat Oct 19 05:57:28 UTC 2019
------------------ testing $PTII/ptolemy/domains/de/test/auto/DepthTest2.xml
auto.tcl: Setting watchdog for 200 seconds at Sat Oct 19 05:57:28 UTC 2019
4 ms. Memory: 45056K Free: 25219K (56%)
ptolemy.util.test.WatchDog.cancel(): canceling Sat Oct 19 05:57:29 UTC 2019
auto.tcl: Setting watchdog for 200 seconds at Sat Oct 19 05:57:29 UTC 2019
3 ms. Memory: 45056K Free: 24794K (55%)
ptolemy.util.test.WatchDog.cancel(): canceling Sat Oct 19 05:57:29 UTC 2019
------------------ testing $PTII/ptolemy/domains/de/test/auto/DepthTest3.xml
auto.tcl: Setting watchdog for 200 seconds at Sat Oct 19 05:57:29 UTC 2019
4 ms. Memory: 45056K Free: 28664K (64%)
ptolemy.util.test.WatchDog.cancel(): canceling Sat Oct 19 05:57:29 UTC 2019
auto.tcl: Setting watchdog for 200 seconds at Sat Oct 19 05:57:29 UTC 2019
2 ms. Memory: 45056K Free: 28255K (63%)
ptolemy.util.test.WatchDog.cancel(): canceling Sat Oct 19 05:57:29 UTC 2019
------------------ testing $PTII/ptolemy/domains/de/test/auto/DepthTest4.xml
auto.tcl: Setting watchdog for 200 seconds at Sat Oct 19 05:57:29 UTC 2019
12 ms. Memory: 45056K Free: 27021K (60%)
ptolemy.util.test.WatchDog.cancel(): canceling Sat Oct 19 05:57:29 UTC 2019
auto.tcl: Setting watchdog for 200 seconds at Sat Oct 19 05:57:29 UTC 2019
3 ms. Memory: 45056K Free: 26290K (58%)
ptolemy.util.test.WatchDog.cancel(): canceling Sat Oct 19 05:57:29 UTC 2019
------------------ testing $PTII/ptolemy/domains/de/test/auto/DepthTest5.xml
auto.tcl: Setting watchdog for 200 seconds at Sat Oct 19 05:57:29 UTC 2019
4 ms. Memory: 45056K Free: 26422K (59%)
ptolemy.util.test.WatchDog.cancel(): canceling Sat Oct 19 05:57:29 UTC 2019
auto.tcl: Setting watchdog for 200 seconds at Sat Oct 19 05:57:29 UTC 2019
3 ms. Memory: 45056K Free: 25625K (57%)
ptolemy.util.test.WatchDog.cancel(): canceling Sat Oct 19 05:57:29 UTC 2019
------------------ testing $PTII/ptolemy/domains/de/test/auto/DepthTest6.xml
auto.tcl: Setting watchdog for 200 seconds at Sat Oct 19 05:57:29 UTC 2019
4 ms. Memory: 45056K Free: 26104K (58%)
ptolemy.util.test.WatchDog.cancel(): canceling Sat Oct 19 05:57:29 UTC 2019
auto.tcl: Setting watchdog for 200 seconds at Sat Oct 19 05:57:29 UTC 2019
3 ms. Memory: 45056K Free: 25703K (57%)
ptolemy.util.test.WatchDog.cancel(): canceling Sat Oct 19 05:57:29 UTC 2019
------------------ testing $PTII/ptolemy/domains/de/test/auto/DepthTest7.xml
auto.tcl: Setting watchdog for 200 seconds at Sat Oct 19 05:57:29 UTC 2019
3 ms. Memory: 45056K Free: 26745K (59%)
ptolemy.util.test.WatchDog.cancel(): canceling Sat Oct 19 05:57:29 UTC 2019
auto.tcl: Setting watchdog for 200 seconds at Sat Oct 19 05:57:29 UTC 2019
2 ms. Memory: 45056K Free: 25838K (57%)
ptolemy.util.test.WatchDog.cancel(): canceling Sat Oct 19 05:57:29 UTC 2019
------------------ testing $PTII/ptolemy/domains/de/test/auto/EventToDate.xml
auto.tcl: Setting watchdog for 200 seconds at Sat Oct 19 05:57:29 UTC 2019
3006 ms. Memory: 45056K Free: 17520K (39%)
ptolemy.util.test.WatchDog.cancel(): canceling Sat Oct 19 05:57:32 UTC 2019
auto.tcl: Setting watchdog for 200 seconds at Sat Oct 19 05:57:32 UTC 2019
3006 ms. Memory: 45056K Free: 17029K (38%)
ptolemy.util.test.WatchDog.cancel(): canceling Sat Oct 19 05:57:35 UTC 2019
------------------ testing $PTII/ptolemy/domains/de/test/auto/FSM1.xml
auto.tcl: Setting watchdog for 200 seconds at Sat Oct 19 05:57:35 UTC 2019
21 ms. Memory: 45056K Free: 18951K (42%)
ptolemy.util.test.WatchDog.cancel(): canceling Sat Oct 19 05:57:35 UTC 2019
auto.tcl: Setting watchdog for 200 seconds at Sat Oct 19 05:57:35 UTC 2019
17 ms. Memory: 45056K Free: 15683K (35%)
ptolemy.util.test.WatchDog.cancel(): canceling Sat Oct 19 05:57:35 UTC 2019
------------------ testing $PTII/ptolemy/domains/de/test/auto/FSM7.xml
auto.tcl: Setting watchdog for 200 seconds at Sat Oct 19 05:57:35 UTC 2019
17 ms. Memory: 45056K Free: 18644K (41%)
ptolemy.util.test.WatchDog.cancel(): canceling Sat Oct 19 05:57:35 UTC 2019
auto.tcl: Setting watchdog for 200 seconds at Sat Oct 19 05:57:35 UTC 2019
19 ms. Memory: 45056K Free: 15518K (34%)
ptolemy.util.test.WatchDog.cancel(): canceling Sat Oct 19 05:57:35 UTC 2019
------------------ testing $PTII/ptolemy/domains/de/test/auto/Inspection.xml
auto.tcl: Setting watchdog for 200 seconds at Sat Oct 19 05:57:35 UTC 2019
37 ms. Memory: 45056K Free: 18709K (42%)
ptolemy.util.test.WatchDog.cancel(): canceling Sat Oct 19 05:57:35 UTC 2019
auto.tcl: Setting watchdog for 200 seconds at Sat Oct 19 05:57:35 UTC 2019
38 ms. Memory: 45056K Free: 16956K (38%)
ptolemy.util.test.WatchDog.cancel(): canceling Sat Oct 19 05:57:35 UTC 2019
------------------ testing $PTII/ptolemy/domains/de/test/auto/Iteration.xml
auto.tcl: Setting watchdog for 200 seconds at Sat Oct 19 05:57:35 UTC 2019
8 ms. Memory: 45056K Free: 24394K (54%)
ptolemy.util.test.WatchDog.cancel(): canceling Sat Oct 19 05:57:36 UTC 2019
auto.tcl: Setting watchdog for 200 seconds at Sat Oct 19 05:57:36 UTC 2019
7 ms. Memory: 45056K Free: 23000K (51%)
ptolemy.util.test.WatchDog.cancel(): canceling Sat Oct 19 05:57:36 UTC 2019
------------------ testing $PTII/ptolemy/domains/de/test/auto/LineFault.xml
auto.tcl: Setting watchdog for 200 seconds at Sat Oct 19 05:57:36 UTC 2019
673 ms. Memory: 56320K Free: 19751K (35%)
ptolemy.util.test.WatchDog.cancel(): canceling Sat Oct 19 05:57:37 UTC 2019
auto.tcl: Setting watchdog for 200 seconds at Sat Oct 19 05:57:37 UTC 2019
651 ms. Memory: 67584K Free: 29173K (43%)
ptolemy.util.test.WatchDog.cancel(): canceling Sat Oct 19 05:57:37 UTC 2019
------------------ testing $PTII/ptolemy/domains/de/test/auto/MergeModel1Add.xml
auto.tcl: Setting watchdog for 200 seconds at Sat Oct 19 05:57:37 UTC 2019
42 ms. Memory: 51200K Free: 16512K (32%)
ptolemy.util.test.WatchDog.cancel(): canceling Sat Oct 19 05:57:37 UTC 2019
auto.tcl: Setting watchdog for 200 seconds at Sat Oct 19 05:57:37 UTC 2019
15 ms. Memory: 51200K Free: 14864K (29%)
ptolemy.util.test.WatchDog.cancel(): canceling Sat Oct 19 05:57:37 UTC 2019
------------------ testing $PTII/ptolemy/domains/de/test/auto/MergeModel2Add.xml
auto.tcl: Setting watchdog for 200 seconds at Sat Oct 19 05:57:38 UTC 2019
15 ms. Memory: 51200K Free: 18541K (36%)
ptolemy.util.test.WatchDog.cancel(): canceling Sat Oct 19 05:57:38 UTC 2019
auto.tcl: Setting watchdog for 200 seconds at Sat Oct 19 05:57:38 UTC 2019
13 ms. Memory: 51200K Free: 17050K (33%)
ptolemy.util.test.WatchDog.cancel(): canceling Sat Oct 19 05:57:38 UTC 2019
------------------ testing $PTII/ptolemy/domains/de/test/auto/MergeModel3Add.xml
auto.tcl: Setting watchdog for 200 seconds at Sat Oct 19 05:57:38 UTC 2019
12 ms. Memory: 51200K Free: 18534K (36%)
ptolemy.util.test.WatchDog.cancel(): canceling Sat Oct 19 05:57:38 UTC 2019
auto.tcl: Setting watchdog for 200 seconds at Sat Oct 19 05:57:38 UTC 2019
13 ms. Memory: 51200K Free: 17160K (34%)
ptolemy.util.test.WatchDog.cancel(): canceling Sat Oct 19 05:57:38 UTC 2019
------------------ testing $PTII/ptolemy/domains/de/test/auto/MergeWithoutDiscard.xml
auto.tcl: Setting watchdog for 200 seconds at Sat Oct 19 05:57:38 UTC 2019
3 ms. Memory: 48128K Free: 30393K (63%)
ptolemy.util.test.WatchDog.cancel(): canceling Sat Oct 19 05:57:38 UTC 2019
auto.tcl: Setting watchdog for 200 seconds at Sat Oct 19 05:57:38 UTC 2019
2 ms. Memory: 48128K Free: 29474K (61%)
ptolemy.util.test.WatchDog.cancel(): canceling Sat Oct 19 05:57:38 UTC 2019
------------------ testing $PTII/ptolemy/domains/de/test/auto/Modal1.xml
auto.tcl: Setting watchdog for 200 seconds at Sat Oct 19 05:57:38 UTC 2019
26 ms. Memory: 48128K Free: 22487K (47%)
ptolemy.util.test.WatchDog.cancel(): canceling Sat Oct 19 05:57:38 UTC 2019
auto.tcl: Setting watchdog for 200 seconds at Sat Oct 19 05:57:38 UTC 2019
32 ms. Memory: 48128K Free: 18945K (39%)
ptolemy.util.test.WatchDog.cancel(): canceling Sat Oct 19 05:57:38 UTC 2019
------------------ testing $PTII/ptolemy/domains/de/test/auto/Modal2.xml
auto.tcl: Setting watchdog for 200 seconds at Sat Oct 19 05:57:38 UTC 2019
17 ms. Memory: 48128K Free: 22362K (46%)
ptolemy.util.test.WatchDog.cancel(): canceling Sat Oct 19 05:57:38 UTC 2019
auto.tcl: Setting watchdog for 200 seconds at Sat Oct 19 05:57:38 UTC 2019
22 ms. Memory: 48128K Free: 18834K (39%)
ptolemy.util.test.WatchDog.cancel(): canceling Sat Oct 19 05:57:38 UTC 2019
------------------ testing $PTII/ptolemy/domains/de/test/auto/Modal3.xml
auto.tcl: Setting watchdog for 200 seconds at Sat Oct 19 05:57:38 UTC 2019
22 ms. Memory: 48128K Free: 22089K (46%)
ptolemy.util.test.WatchDog.cancel(): canceling Sat Oct 19 05:57:38 UTC 2019
auto.tcl: Setting watchdog for 200 seconds at Sat Oct 19 05:57:38 UTC 2019
16 ms. Memory: 48128K Free: 18874K (39%)
ptolemy.util.test.WatchDog.cancel(): canceling Sat Oct 19 05:57:38 UTC 2019
------------------ testing $PTII/ptolemy/domains/de/test/auto/Modal4.xml
auto.tcl: Setting watchdog for 200 seconds at Sat Oct 19 05:57:38 UTC 2019
14 ms. Memory: 48128K Free: 21086K (44%)
ptolemy.util.test.WatchDog.cancel(): canceling Sat Oct 19 05:57:38 UTC 2019
auto.tcl: Setting watchdog for 200 seconds at Sat Oct 19 05:57:38 UTC 2019
25 ms. Memory: 48128K Free: 17238K (36%)
ptolemy.util.test.WatchDog.cancel(): canceling Sat Oct 19 05:57:38 UTC 2019
------------------ testing $PTII/ptolemy/domains/de/test/auto/Modal5.xml
auto.tcl: Setting watchdog for 200 seconds at Sat Oct 19 05:57:39 UTC 2019
16 ms. Memory: 48128K Free: 21059K (44%)
ptolemy.util.test.WatchDog.cancel(): canceling Sat Oct 19 05:57:39 UTC 2019
auto.tcl: Setting watchdog for 200 seconds at Sat Oct 19 05:57:39 UTC 2019
13 ms. Memory: 48128K Free: 17448K (36%)
ptolemy.util.test.WatchDog.cancel(): canceling Sat Oct 19 05:57:39 UTC 2019
------------------ testing $PTII/ptolemy/domains/de/test/auto/Modal6.xml
auto.tcl: Setting watchdog for 200 seconds at Sat Oct 19 05:57:39 UTC 2019
13 ms. Memory: 48128K Free: 21604K (45%)
ptolemy.util.test.WatchDog.cancel(): canceling Sat Oct 19 05:57:39 UTC 2019
auto.tcl: Setting watchdog for 200 seconds at Sat Oct 19 05:57:39 UTC 2019
15 ms. Memory: 48128K Free: 17849K (37%)
ptolemy.util.test.WatchDog.cancel(): canceling Sat Oct 19 05:57:39 UTC 2019
------------------ testing $PTII/ptolemy/domains/de/test/auto/Modal7.xml
auto.tcl: Setting watchdog for 200 seconds at Sat Oct 19 05:57:39 UTC 2019
12 ms. Memory: 48128K Free: 20783K (43%)
ptolemy.util.test.WatchDog.cancel(): canceling Sat Oct 19 05:57:39 UTC 2019
auto.tcl: Setting watchdog for 200 seconds at Sat Oct 19 05:57:39 UTC 2019
12 ms. Memory: 48128K Free: 17458K (36%)
ptolemy.util.test.WatchDog.cancel(): canceling Sat Oct 19 05:57:39 UTC 2019
------------------ testing $PTII/ptolemy/domains/de/test/auto/ModalModel.xml
auto.tcl: Setting watchdog for 200 seconds at Sat Oct 19 05:57:39 UTC 2019
248 ms. Memory: 48128K Free: 13876K (29%)
ptolemy.util.test.WatchDog.cancel(): canceling Sat Oct 19 05:57:39 UTC 2019
auto.tcl: Setting watchdog for 200 seconds at Sat Oct 19 05:57:39 UTC 2019
234 ms. Memory: 59392K Free: 16487K (28%)
ptolemy.util.test.WatchDog.cancel(): canceling Sat Oct 19 05:57:39 UTC 2019
------------------ testing $PTII/ptolemy/domains/de/test/auto/ModalSource.xml
auto.tcl: Setting watchdog for 200 seconds at Sat Oct 19 05:57:40 UTC 2019
7 ms. Memory: 48128K Free: 25897K (54%)
ptolemy.util.test.WatchDog.cancel(): canceling Sat Oct 19 05:57:40 UTC 2019
auto.tcl: Setting watchdog for 200 seconds at Sat Oct 19 05:57:40 UTC 2019
8 ms. Memory: 48128K Free: 23849K (50%)
ptolemy.util.test.WatchDog.cancel(): canceling Sat Oct 19 05:57:40 UTC 2019
------------------ testing $PTII/ptolemy/domains/de/test/auto/NonInterruptibleTimerZeroDelay.xml
auto.tcl: Setting watchdog for 200 seconds at Sat Oct 19 05:57:40 UTC 2019
4 ms. Memory: 48128K Free: 31078K (65%)
ptolemy.util.test.WatchDog.cancel(): canceling Sat Oct 19 05:57:40 UTC 2019
auto.tcl: Setting watchdog for 200 seconds at Sat Oct 19 05:57:40 UTC 2019
3 ms. Memory: 48128K Free: 30186K (63%)
ptolemy.util.test.WatchDog.cancel(): canceling Sat Oct 19 05:57:40 UTC 2019
------------------ testing $PTII/ptolemy/domains/de/test/auto/OpenQueueingNetwork.xml
auto.tcl: Setting watchdog for 200 seconds at Sat Oct 19 05:57:40 UTC 2019
3126 ms. Memory: 86016K Free: 41129K (48%)
ptolemy.util.test.WatchDog.cancel(): canceling Sat Oct 19 05:57:43 UTC 2019
auto.tcl: Setting watchdog for 200 seconds at Sat Oct 19 05:57:43 UTC 2019
2859 ms. Memory: 103424K Free: 42129K (41%)
ptolemy.util.test.WatchDog.cancel(): canceling Sat Oct 19 05:57:46 UTC 2019
------------------ testing $PTII/ptolemy/domains/de/test/auto/OpenQueuingNetwork.xml
auto.tcl: Setting watchdog for 200 seconds at Sat Oct 19 05:57:46 UTC 2019
281 ms. Memory: 55296K Free: 25591K (46%)
ptolemy.util.test.WatchDog.cancel(): canceling Sat Oct 19 05:57:46 UTC 2019
auto.tcl: Setting watchdog for 200 seconds at Sat Oct 19 05:57:46 UTC 2019
280 ms. Memory: 68608K Free: 47335K (69%)
ptolemy.util.test.WatchDog.cancel(): canceling Sat Oct 19 05:57:47 UTC 2019
------------------ testing $PTII/ptolemy/domains/de/test/auto/PeriodicSampler.xml
auto.tcl: Setting watchdog for 200 seconds at Sat Oct 19 05:57:47 UTC 2019
3 ms. Memory: 48128K Free: 30033K (62%)
ptolemy.util.test.WatchDog.cancel(): canceling Sat Oct 19 05:57:47 UTC 2019
auto.tcl: Setting watchdog for 200 seconds at Sat Oct 19 05:57:47 UTC 2019
2 ms. Memory: 48128K Free: 29543K (61%)
ptolemy.util.test.WatchDog.cancel(): canceling Sat Oct 19 05:57:47 UTC 2019
------------------ testing $PTII/ptolemy/domains/de/test/auto/PersistentIO.xml
auto.tcl: Setting watchdog for 200 seconds at Sat Oct 19 05:57:47 UTC 2019
7 ms. Memory: 48128K Free: 24972K (52%)
ptolemy.util.test.WatchDog.cancel(): canceling Sat Oct 19 05:57:47 UTC 2019
auto.tcl: Setting watchdog for 200 seconds at Sat Oct 19 05:57:47 UTC 2019
6 ms. Memory: 48128K Free: 23533K (49%)
ptolemy.util.test.WatchDog.cancel(): canceling Sat Oct 19 05:57:47 UTC 2019
------------------ testing $PTII/ptolemy/domains/de/test/auto/PortParameterResetOnInitialize.xml
auto.tcl: Setting watchdog for 200 seconds at Sat Oct 19 05:57:47 UTC 2019
3 ms. Memory: 48128K Free: 29947K (62%)
ptolemy.util.test.WatchDog.cancel(): canceling Sat Oct 19 05:57:47 UTC 2019
auto.tcl: Setting watchdog for 200 seconds at Sat Oct 19 05:57:47 UTC 2019
2 ms. Memory: 48128K Free: 29465K (61%)
ptolemy.util.test.WatchDog.cancel(): canceling Sat Oct 19 05:57:47 UTC 2019
------------------ testing $PTII/ptolemy/domains/de/test/auto/PortParameterUpdates.xml
auto.tcl: Setting watchdog for 200 seconds at Sat Oct 19 05:57:47 UTC 2019
4 ms. Memory: 48128K Free: 28039K (58%)
ptolemy.util.test.WatchDog.cancel(): canceling Sat Oct 19 05:57:47 UTC 2019
auto.tcl: Setting watchdog for 200 seconds at Sat Oct 19 05:57:47 UTC 2019
4 ms. Memory: 48128K Free: 27032K (56%)
ptolemy.util.test.WatchDog.cancel(): canceling Sat Oct 19 05:57:47 UTC 2019
------------------ testing $PTII/ptolemy/domains/de/test/auto/QueueAndServer.xml
auto.tcl: Setting watchdog for 200 seconds at Sat Oct 19 05:57:47 UTC 2019
18 ms. Memory: 48128K Free: 26959K (56%)
ptolemy.util.test.WatchDog.cancel(): canceling Sat Oct 19 05:57:47 UTC 2019
auto.tcl: Setting watchdog for 200 seconds at Sat Oct 19 05:57:47 UTC 2019
9 ms. Memory: 48128K Free: 25516K (53%)
ptolemy.util.test.WatchDog.cancel(): canceling Sat Oct 19 05:57:47 UTC 2019
------------------ testing $PTII/ptolemy/domains/de/test/auto/Records.xml
auto.tcl: Setting watchdog for 200 seconds at Sat Oct 19 05:57:47 UTC 2019
6 ms. Memory: 48128K Free: 29204K (61%)
ptolemy.util.test.WatchDog.cancel(): canceling Sat Oct 19 05:57:47 UTC 2019
auto.tcl: Setting watchdog for 200 seconds at Sat Oct 19 05:57:47 UTC 2019
6 ms. Memory: 48128K Free: 28715K (60%)
ptolemy.util.test.WatchDog.cancel(): canceling Sat Oct 19 05:57:47 UTC 2019
------------------ testing $PTII/ptolemy/domains/de/test/auto/ResetTransitionWithStartTime1.xml
auto.tcl: Setting watchdog for 200 seconds at Sat Oct 19 05:57:47 UTC 2019
12 ms. Memory: 48128K Free: 26440K (55%)
ptolemy.util.test.WatchDog.cancel(): canceling Sat Oct 19 05:57:47 UTC 2019
auto.tcl: Setting watchdog for 200 seconds at Sat Oct 19 05:57:47 UTC 2019
8 ms. Memory: 48128K Free: 24392K (51%)
ptolemy.util.test.WatchDog.cancel(): canceling Sat Oct 19 05:57:47 UTC 2019
------------------ testing $PTII/ptolemy/domains/de/test/auto/ResetTransitionWithStartTime2.xml
auto.tcl: Setting watchdog for 200 seconds at Sat Oct 19 05:57:47 UTC 2019
8 ms. Memory: 48128K Free: 26395K (55%)
ptolemy.util.test.WatchDog.cancel(): canceling Sat Oct 19 05:57:47 UTC 2019
auto.tcl: Setting watchdog for 200 seconds at Sat Oct 19 05:57:47 UTC 2019
7 ms. Memory: 48128K Free: 23876K (50%)
ptolemy.util.test.WatchDog.cancel(): canceling Sat Oct 19 05:57:47 UTC 2019
------------------ testing $PTII/ptolemy/domains/de/test/auto/ResetTransitionWithStartTime3.xml
auto.tcl: Setting watchdog for 200 seconds at Sat Oct 19 05:57:47 UTC 2019
11 ms. Memory: 48128K Free: 26395K (55%)
ptolemy.util.test.WatchDog.cancel(): canceling Sat Oct 19 05:57:47 UTC 2019
auto.tcl: Setting watchdog for 200 seconds at Sat Oct 19 05:57:47 UTC 2019
7 ms. Memory: 48128K Free: 24347K (51%)
ptolemy.util.test.WatchDog.cancel(): canceling Sat Oct 19 05:57:47 UTC 2019
------------------ testing $PTII/ptolemy/domains/de/test/auto/ResetTransitionWithStartTime4.xml
auto.tcl: Setting watchdog for 200 seconds at Sat Oct 19 05:57:48 UTC 2019
11 ms. Memory: 48128K Free: 27119K (56%)
ptolemy.util.test.WatchDog.cancel(): canceling Sat Oct 19 05:57:48 UTC 2019
auto.tcl: Setting watchdog for 200 seconds at Sat Oct 19 05:57:48 UTC 2019
5 ms. Memory: 48128K Free: 25465K (53%)
ptolemy.util.test.WatchDog.cancel(): canceling Sat Oct 19 05:57:48 UTC 2019
------------------ testing $PTII/ptolemy/domains/de/test/auto/ResettableTimer1.xml
auto.tcl: Setting watchdog for 200 seconds at Sat Oct 19 05:57:48 UTC 2019
3 ms. Memory: 48128K Free: 30860K (64%)
ptolemy.util.test.WatchDog.cancel(): canceling Sat Oct 19 05:57:48 UTC 2019
auto.tcl: Setting watchdog for 200 seconds at Sat Oct 19 05:57:48 UTC 2019
2 ms. Memory: 48128K Free: 29993K (62%)
ptolemy.util.test.WatchDog.cancel(): canceling Sat Oct 19 05:57:48 UTC 2019
------------------ testing $PTII/ptolemy/domains/de/test/auto/ResettableTimer2.xml
auto.tcl: Setting watchdog for 200 seconds at Sat Oct 19 05:57:48 UTC 2019
3 ms. Memory: 48128K Free: 30734K (64%)
ptolemy.util.test.WatchDog.cancel(): canceling Sat Oct 19 05:57:48 UTC 2019
auto.tcl: Setting watchdog for 200 seconds at Sat Oct 19 05:57:48 UTC 2019
3 ms. Memory: 48128K Free: 30047K (62%)
ptolemy.util.test.WatchDog.cancel(): canceling Sat Oct 19 05:57:48 UTC 2019
------------------ testing $PTII/ptolemy/domains/de/test/auto/ResettableTimer3.xml
auto.tcl: Setting watchdog for 200 seconds at Sat Oct 19 05:57:48 UTC 2019
2 ms. Memory: 48128K Free: 30985K (64%)
ptolemy.util.test.WatchDog.cancel(): canceling Sat Oct 19 05:57:48 UTC 2019
auto.tcl: Setting watchdog for 200 seconds at Sat Oct 19 05:57:48 UTC 2019
1 ms. Memory: 48128K Free: 30068K (62%)
ptolemy.util.test.WatchDog.cancel(): canceling Sat Oct 19 05:57:48 UTC 2019
------------------ testing $PTII/ptolemy/domains/de/test/auto/ResettableTimer4.xml
auto.tcl: Setting watchdog for 200 seconds at Sat Oct 19 05:57:48 UTC 2019
2 ms. Memory: 48128K Free: 30594K (64%)
ptolemy.util.test.WatchDog.cancel(): canceling Sat Oct 19 05:57:48 UTC 2019
auto.tcl: Setting watchdog for 200 seconds at Sat Oct 19 05:57:48 UTC 2019
1 ms. Memory: 48128K Free: 30082K (63%)
ptolemy.util.test.WatchDog.cancel(): canceling Sat Oct 19 05:57:48 UTC 2019
------------------ testing $PTII/ptolemy/domains/de/test/auto/ResettableTimer5.xml
auto.tcl: Setting watchdog for 200 seconds at Sat Oct 19 05:57:48 UTC 2019
2 ms. Memory: 48128K Free: 30009K (62%)
ptolemy.util.test.WatchDog.cancel(): canceling Sat Oct 19 05:57:48 UTC 2019
auto.tcl: Setting watchdog for 200 seconds at Sat Oct 19 05:57:48 UTC 2019
1 ms. Memory: 48128K Free: 29536K (61%)
ptolemy.util.test.WatchDog.cancel(): canceling Sat Oct 19 05:57:48 UTC 2019
------------------ testing $PTII/ptolemy/domains/de/test/auto/ResettableTimer6.xml
auto.tcl: Setting watchdog for 200 seconds at Sat Oct 19 05:57:48 UTC 2019
2 ms. Memory: 48128K Free: 30000K (62%)
ptolemy.util.test.WatchDog.cancel(): canceling Sat Oct 19 05:57:48 UTC 2019
auto.tcl: Setting watchdog for 200 seconds at Sat Oct 19 05:57:48 UTC 2019
2 ms. Memory: 48128K Free: 29544K (61%)
ptolemy.util.test.WatchDog.cancel(): canceling Sat Oct 19 05:57:48 UTC 2019
------------------ testing $PTII/ptolemy/domains/de/test/auto/ServerZeroDelay.xml
auto.tcl: Setting watchdog for 200 seconds at Sat Oct 19 05:57:48 UTC 2019
4 ms. Memory: 48128K Free: 30519K (63%)
ptolemy.util.test.WatchDog.cancel(): canceling Sat Oct 19 05:57:48 UTC 2019
auto.tcl: Setting watchdog for 200 seconds at Sat Oct 19 05:57:48 UTC 2019
3 ms. Memory: 48128K Free: 29556K (61%)
ptolemy.util.test.WatchDog.cancel(): canceling Sat Oct 19 05:57:48 UTC 2019
------------------ testing $PTII/ptolemy/domains/de/test/auto/SmartSender.xml
auto.tcl: Setting watchdog for 200 seconds at Sat Oct 19 05:57:48 UTC 2019
3002 ms. Memory: 48128K Free: 30568K (64%)
ptolemy.util.test.WatchDog.cancel(): canceling Sat Oct 19 05:57:51 UTC 2019
auto.tcl: Setting watchdog for 200 seconds at Sat Oct 19 05:57:51 UTC 2019
3002 ms. Memory: 48128K Free: 30026K (62%)
ptolemy.util.test.WatchDog.cancel(): canceling Sat Oct 19 05:57:54 UTC 2019
------------------ testing $PTII/ptolemy/domains/de/test/auto/ThreadedComposite.xml
auto.tcl: Setting watchdog for 200 seconds at Sat Oct 19 05:57:54 UTC 2019
228 ms. Memory: 48128K Free: 11581K (24%)
ptolemy.util.test.WatchDog.cancel(): canceling Sat Oct 19 05:57:54 UTC 2019
auto.tcl: Setting watchdog for 200 seconds at Sat Oct 19 05:57:54 UTC 2019
167 ms. Memory: 48128K Free: 23460K (49%)
ptolemy.util.test.WatchDog.cancel(): canceling Sat Oct 19 05:57:55 UTC 2019
------------------ testing $PTII/ptolemy/domains/de/test/auto/Time.xml
auto.tcl: Setting watchdog for 200 seconds at Sat Oct 19 05:57:55 UTC 2019
617 ms. Memory: 48128K Free: 27225K (57%)
ptolemy.util.test.WatchDog.cancel(): canceling Sat Oct 19 05:57:55 UTC 2019
auto.tcl: Setting watchdog for 200 seconds at Sat Oct 19 05:57:55 UTC 2019
627 ms. Memory: 48128K Free: 23189K (48%)
ptolemy.util.test.WatchDog.cancel(): canceling Sat Oct 19 05:57:56 UTC 2019
------------------ testing $PTII/ptolemy/domains/de/test/auto/TimeDelayZeroDelay.xml
auto.tcl: Setting watchdog for 200 seconds at Sat Oct 19 05:57:56 UTC 2019
5 ms. Memory: 48128K Free: 30940K (64%)
ptolemy.util.test.WatchDog.cancel(): canceling Sat Oct 19 05:57:56 UTC 2019
auto.tcl: Setting watchdog for 200 seconds at Sat Oct 19 05:57:56 UTC 2019
2 ms. Memory: 48128K Free: 30051K (62%)
ptolemy.util.test.WatchDog.cancel(): canceling Sat Oct 19 05:57:56 UTC 2019
------------------ testing $PTII/ptolemy/domains/de/test/auto/TimerZeroDelay.xml
auto.tcl: Setting watchdog for 200 seconds at Sat Oct 19 05:57:56 UTC 2019
5 ms. Memory: 48128K Free: 30983K (64%)
ptolemy.util.test.WatchDog.cancel(): canceling Sat Oct 19 05:57:56 UTC 2019
auto.tcl: Setting watchdog for 200 seconds at Sat Oct 19 05:57:56 UTC 2019
2 ms. Memory: 48128K Free: 30487K (63%)
ptolemy.util.test.WatchDog.cancel(): canceling Sat Oct 19 05:57:56 UTC 2019
------------------ testing $PTII/ptolemy/domains/de/test/auto/TimingParadox.xml
auto.tcl: Setting watchdog for 200 seconds at Sat Oct 19 05:57:56 UTC 2019
443 ms. Memory: 48128K Free: 12097K (25%)
ptolemy.util.test.WatchDog.cancel(): canceling Sat Oct 19 05:57:57 UTC 2019
auto.tcl: Setting watchdog for 200 seconds at Sat Oct 19 05:57:57 UTC 2019
421 ms. Memory: 58368K Free: 43154K (74%)
ptolemy.util.test.WatchDog.cancel(): canceling Sat Oct 19 05:57:57 UTC 2019
------------------ testing $PTII/ptolemy/domains/de/test/auto/TransferInputs.xml
auto.tcl: Setting watchdog for 200 seconds at Sat Oct 19 05:57:57 UTC 2019
2 ms. Memory: 55296K Free: 36123K (65%)
ptolemy.util.test.WatchDog.cancel(): canceling Sat Oct 19 05:57:57 UTC 2019
auto.tcl: Setting watchdog for 200 seconds at Sat Oct 19 05:57:57 UTC 2019
2 ms. Memory: 55296K Free: 35211K (64%)
ptolemy.util.test.WatchDog.cancel(): canceling Sat Oct 19 05:57:57 UTC 2019
------------------ testing $PTII/ptolemy/domains/de/test/auto/TransferOutputs2.xml
auto.tcl: Setting watchdog for 200 seconds at Sat Oct 19 05:57:57 UTC 2019
12 ms. Memory: 48128K Free: 26397K (55%)
ptolemy.util.test.WatchDog.cancel(): canceling Sat Oct 19 05:57:57 UTC 2019
auto.tcl: Setting watchdog for 200 seconds at Sat Oct 19 05:57:57 UTC 2019
4 ms. Memory: 48128K Free: 25025K (52%)
ptolemy.util.test.WatchDog.cancel(): canceling Sat Oct 19 05:57:57 UTC 2019
------------------ testing $PTII/ptolemy/domains/de/test/auto/Trilateration.xml
auto.tcl: Setting watchdog for 200 seconds at Sat Oct 19 05:57:57 UTC 2019
16494 ms. Memory: 381952K Free: 225507K (59%)
ptolemy.util.test.WatchDog.cancel(): canceling Sat Oct 19 05:58:15 UTC 2019
auto.tcl: Setting watchdog for 200 seconds at Sat Oct 19 05:58:15 UTC 2019
11769 ms. Memory: 381952K Free: 299981K (79%)
ptolemy.util.test.WatchDog.cancel(): canceling Sat Oct 19 05:58:27 UTC 2019
------------------ testing $PTII/ptolemy/domains/de/test/auto/TwoSigmaDelta.xml
auto.tcl: Setting watchdog for 200 seconds at Sat Oct 19 05:58:27 UTC 2019
3094 ms. Memory: 89088K Free: 60905K (68%)
ptolemy.util.test.WatchDog.cancel(): canceling Sat Oct 19 05:58:30 UTC 2019
auto.tcl: Setting watchdog for 200 seconds at Sat Oct 19 05:58:30 UTC 2019
2262 ms. Memory: 89088K Free: 57821K (65%)
ptolemy.util.test.WatchDog.cancel(): canceling Sat Oct 19 05:58:33 UTC 2019
------------------ testing $PTII/ptolemy/domains/de/test/auto/VariableDelay.xml
auto.tcl: Setting watchdog for 200 seconds at Sat Oct 19 05:58:33 UTC 2019
3 ms. Memory: 51200K Free: 32505K (63%)
ptolemy.util.test.WatchDog.cancel(): canceling Sat Oct 19 05:58:33 UTC 2019
auto.tcl: Setting watchdog for 200 seconds at Sat Oct 19 05:58:33 UTC 2019
2 ms. Memory: 51200K Free: 31481K (61%)
ptolemy.util.test.WatchDog.cancel(): canceling Sat Oct 19 05:58:33 UTC 2019
------------------ testing $PTII/ptolemy/domains/de/test/auto/VariableDelay2.xml
auto.tcl: Setting watchdog for 200 seconds at Sat Oct 19 05:58:33 UTC 2019
7 ms. Memory: 51200K Free: 32927K (64%)
ptolemy.util.test.WatchDog.cancel(): canceling Sat Oct 19 05:58:33 UTC 2019
auto.tcl: Setting watchdog for 200 seconds at Sat Oct 19 05:58:33 UTC 2019
2 ms. Memory: 51200K Free: 32423K (63%)
ptolemy.util.test.WatchDog.cancel(): canceling Sat Oct 19 05:58:33 UTC 2019
------------------ testing $PTII/ptolemy/domains/de/test/auto/VariableDelayZeroDelay.xml
auto.tcl: Setting watchdog for 200 seconds at Sat Oct 19 05:58:33 UTC 2019
3 ms. Memory: 51200K Free: 33545K (66%)
ptolemy.util.test.WatchDog.cancel(): canceling Sat Oct 19 05:58:33 UTC 2019
auto.tcl: Setting watchdog for 200 seconds at Sat Oct 19 05:58:33 UTC 2019
2 ms. Memory: 51200K Free: 32932K (64%)
ptolemy.util.test.WatchDog.cancel(): canceling Sat Oct 19 05:58:33 UTC 2019
------------------ testing $PTII/ptolemy/domains/de/test/auto/VariableDelayZeroDelay2.xml
auto.tcl: Setting watchdog for 200 seconds at Sat Oct 19 05:58:33 UTC 2019
2 ms. Memory: 51200K Free: 33445K (65%)
ptolemy.util.test.WatchDog.cancel(): canceling Sat Oct 19 05:58:33 UTC 2019
auto.tcl: Setting watchdog for 200 seconds at Sat Oct 19 05:58:33 UTC 2019
2 ms. Memory: 51200K Free: 32421K (63%)
ptolemy.util.test.WatchDog.cancel(): canceling Sat Oct 19 05:58:33 UTC 2019
------------------ testing $PTII/ptolemy/domains/de/test/auto/deInCt.xml
auto.tcl: Setting watchdog for 200 seconds at Sat Oct 19 05:58:33 UTC 2019
0
1
1
1
0
0
0
0
1
1
1
0
0
0
0
0
0
0
1
1
1
0
0
0
1
1
1
0
0
0
1
1
1
0
0
1
1
1
0
0
0
1
1
1
1
9 ms. Memory: 51200K Free: 32419K (63%)
ptolemy.util.test.WatchDog.cancel(): canceling Sat Oct 19 05:58:33 UTC 2019
auto.tcl: Setting watchdog for 200 seconds at Sat Oct 19 05:58:33 UTC 2019
0
1
1
1
1
1
0
0
0
1
1
1
1
1
0
0
1
1
1
0
0
0
0
0
1
1
1
0
0
0
0
6 ms. Memory: 51200K Free: 30881K (60%)
ptolemy.util.test.WatchDog.cancel(): canceling Sat Oct 19 05:58:33 UTC 2019
------------------ testing $PTII/ptolemy/domains/de/test/auto/deInCt2.xml
auto.tcl: Setting watchdog for 200 seconds at Sat Oct 19 05:58:33 UTC 2019
0
1
1
1
0
0
1
1
1
0
0
1
1
1
0
0
1
1
1
0
0
1
1
1
0
0
1
1
1
0
0
1
1
1
0
0
1
1
1
0
0
0
12 ms. Memory: 51200K Free: 32466K (63%)
ptolemy.util.test.WatchDog.cancel(): canceling Sat Oct 19 05:58:33 UTC 2019
auto.tcl: Setting watchdog for 200 seconds at Sat Oct 19 05:58:33 UTC 2019
0
1
1
1
0
0
1
1
1
0
0
1
1
1
0
0
1
1
1
0
0
1
1
1
0
0
1
1
1
0
0
1
1
1
0
0
1
1
1
0
0
0
9 ms. Memory: 51200K Free: 30883K (60%)
ptolemy.util.test.WatchDog.cancel(): canceling Sat Oct 19 05:58:33 UTC 2019
------------------ testing $PTII/ptolemy/domains/de/test/auto/dynamicCausalityInterface1.xml
auto.tcl: Setting watchdog for 200 seconds at Sat Oct 19 05:58:33 UTC 2019
1 ms. Memory: 48128K Free: 25248K (52%)
ptolemy.util.test.WatchDog.cancel(): canceling Sat Oct 19 05:58:33 UTC 2019
auto.tcl: Setting watchdog for 200 seconds at Sat Oct 19 05:58:33 UTC 2019
1 ms. Memory: 48128K Free: 24734K (51%)
ptolemy.util.test.WatchDog.cancel(): canceling Sat Oct 19 05:58:33 UTC 2019
------------------ testing $PTII/ptolemy/domains/de/test/auto/fsm_de_test.xml
auto.tcl: Setting watchdog for 200 seconds at Sat Oct 19 05:58:33 UTC 2019
11 ms. Memory: 48128K Free: 25146K (52%)
ptolemy.util.test.WatchDog.cancel(): canceling Sat Oct 19 05:58:33 UTC 2019
auto.tcl: Setting watchdog for 200 seconds at Sat Oct 19 05:58:33 UTC 2019
9 ms. Memory: 48128K Free: 23098K (48%)
ptolemy.util.test.WatchDog.cancel(): canceling Sat Oct 19 05:58:33 UTC 2019
------------------ testing $PTII/ptolemy/domains/de/test/auto/functionDependencyReconstruction.xml
auto.tcl: Setting watchdog for 200 seconds at Sat Oct 19 05:58:33 UTC 2019
3 ms. Memory: 48128K Free: 19025K (40%)
ptolemy.util.test.WatchDog.cancel(): canceling Sat Oct 19 05:58:33 UTC 2019
auto.tcl: Setting watchdog for 200 seconds at Sat Oct 19 05:58:33 UTC 2019
4 ms. Memory: 48128K Free: 16977K (35%)
ptolemy.util.test.WatchDog.cancel(): canceling Sat Oct 19 05:58:33 UTC 2019
------------------ testing $PTII/ptolemy/domains/de/test/auto/multirate.xml
auto.tcl: Setting watchdog for 200 seconds at Sat Oct 19 05:58:33 UTC 2019
3 ms. Memory: 48128K Free: 27830K (58%)
ptolemy.util.test.WatchDog.cancel(): canceling Sat Oct 19 05:58:33 UTC 2019
auto.tcl: Setting watchdog for 200 seconds at Sat Oct 19 05:58:33 UTC 2019
3 ms. Memory: 48128K Free: 26080K (54%)
ptolemy.util.test.WatchDog.cancel(): canceling Sat Oct 19 05:58:33 UTC 2019
------------------ testing $PTII/ptolemy/domains/de/test/auto/multirate2.xml
auto.tcl: Setting watchdog for 200 seconds at Sat Oct 19 05:58:34 UTC 2019
3 ms. Memory: 48128K Free: 27790K (58%)
ptolemy.util.test.WatchDog.cancel(): canceling Sat Oct 19 05:58:34 UTC 2019
auto.tcl: Setting watchdog for 200 seconds at Sat Oct 19 05:58:34 UTC 2019
4 ms. Memory: 48128K Free: 26287K (55%)
ptolemy.util.test.WatchDog.cancel(): canceling Sat Oct 19 05:58:34 UTC 2019
------------------ testing $PTII/ptolemy/domains/de/test/auto/realtime.xml
auto.tcl: Setting watchdog for 200 seconds at Sat Oct 19 05:58:34 UTC 2019
10001 ms. Memory: 48128K Free: 30071K (62%)
ptolemy.util.test.WatchDog.cancel(): canceling Sat Oct 19 05:58:44 UTC 2019
auto.tcl: Setting watchdog for 200 seconds at Sat Oct 19 05:58:44 UTC 2019
10001 ms. Memory: 48128K Free: 29326K (61%)
ptolemy.util.test.WatchDog.cancel(): canceling Sat Oct 19 05:58:54 UTC 2019
------------------ testing $PTII/ptolemy/domains/de/test/auto/relationGroup.xml
auto.tcl: Setting watchdog for 200 seconds at Sat Oct 19 05:58:54 UTC 2019
2 ms. Memory: 48128K Free: 31132K (65%)
ptolemy.util.test.WatchDog.cancel(): canceling Sat Oct 19 05:58:54 UTC 2019
auto.tcl: Setting watchdog for 200 seconds at Sat Oct 19 05:58:54 UTC 2019
1 ms. Memory: 48128K Free: 30651K (64%)
ptolemy.util.test.WatchDog.cancel(): canceling Sat Oct 19 05:58:54 UTC 2019
------------------ testing $PTII/ptolemy/domains/de/test/auto/relationGroup2.xml
auto.tcl: Setting watchdog for 200 seconds at Sat Oct 19 05:58:54 UTC 2019
1 ms. Memory: 48128K Free: 30911K (64%)
ptolemy.util.test.WatchDog.cancel(): canceling Sat Oct 19 05:58:54 UTC 2019
auto.tcl: Setting watchdog for 200 seconds at Sat Oct 19 05:58:54 UTC 2019
2 ms. Memory: 48128K Free: 30405K (63%)
ptolemy.util.test.WatchDog.cancel(): canceling Sat Oct 19 05:58:54 UTC 2019
------------------ testing $PTII/ptolemy/domains/de/test/auto/sortWithOpaquePorts.xml
auto.tcl: Setting watchdog for 200 seconds at Sat Oct 19 05:58:54 UTC 2019
2 ms. Memory: 48128K Free: 30402K (63%)
ptolemy.util.test.WatchDog.cancel(): canceling Sat Oct 19 05:58:54 UTC 2019
auto.tcl: Setting watchdog for 200 seconds at Sat Oct 19 05:58:54 UTC 2019
1 ms. Memory: 48128K Free: 28896K (60%)
ptolemy.util.test.WatchDog.cancel(): canceling Sat Oct 19 05:58:54 UTC 2019
------------------ testing $PTII/ptolemy/domains/de/test/auto/transferInputsandOutputs.xml
auto.tcl: Setting watchdog for 200 seconds at Sat Oct 19 05:58:54 UTC 2019
4 ms. Memory: 48128K Free: 27318K (57%)
ptolemy.util.test.WatchDog.cancel(): canceling Sat Oct 19 05:58:54 UTC 2019
auto.tcl: Setting watchdog for 200 seconds at Sat Oct 19 05:58:54 UTC 2019
3 ms. Memory: 48128K Free: 26294K (55%)
ptolemy.util.test.WatchDog.cancel(): canceling Sat Oct 19 05:58:54 UTC 2019
------------------ testing $PTII/ptolemy/domains/de/test/auto/triggerType.xml
auto.tcl: Setting watchdog for 200 seconds at Sat Oct 19 05:58:54 UTC 2019
1 ms. Memory: 48128K Free: 30343K (63%)
ptolemy.util.test.WatchDog.cancel(): canceling Sat Oct 19 05:58:54 UTC 2019
auto.tcl: Setting watchdog for 200 seconds at Sat Oct 19 05:58:54 UTC 2019
2 ms. Memory: 48128K Free: 29319K (61%)
ptolemy.util.test.WatchDog.cancel(): canceling Sat Oct 19 05:58:54 UTC 2019
10/19/19 05:58:54
Failed: 0  Total Tests: 192  ((Passed: 187, Newly Passed: 1)  Known Failed: 5) /home/travis/build/icyphy/ptII/ptolemy/domains/de/test
10/19/19 05:58:54
Failed: 0  Total Tests: 192  ((Passed: 187, Newly Passed: 1)  Known Failed: 5) /home/travis/build/icyphy/ptII/ptolemy/domains/de/test
----------------- testing (KnownFailure) /home/travis/build/icyphy/ptII/ptolemy/domains/de/test/auto/knownFailedTests/DESDFClockTest.xml
2013 ms. Memory: 48128K Free: 23738K (49%)
Known Failure: java.lang.reflect.InvocationTargetException
----------------- testing (KnownFailure) /home/travis/build/icyphy/ptII/ptolemy/domains/de/test/auto/knownFailedTests/DirectFeedback.xml
2 ms. Memory: 48128K Free: 20156K (42%)
Known Failure: java.lang.reflect.InvocationTargetException
----------------- testing (KnownFailure) /home/travis/build/icyphy/ptII/ptolemy/domains/de/test/auto/knownFailedTests/FSMSource.xml
10 ms. Memory: 48128K Free: 12988K (27%)
----------------- testing (KnownFailure) /home/travis/build/icyphy/ptII/ptolemy/domains/de/test/auto/knownFailedTests/HierarchicalModel.xml
3 ms. Memory: 48128K Free: 23126K (48%)
Known Failure: java.lang.reflect.InvocationTargetException
----------------- testing (KnownFailure) /home/travis/build/icyphy/ptII/ptolemy/domains/de/test/auto/knownFailedTests/dependencyLoop.xml
11 ms. Memory: 48128K Free: 33636K (70%)
Known Failure: java.lang.reflect.InvocationTargetException
----------------- testing (KnownFailure) /home/travis/build/icyphy/ptII/ptolemy/domains/de/test/auto/knownFailedTests/dependencyLoop2.xml
8 ms. Memory: 48128K Free: 18722K (39%)
Known Failure: java.lang.reflect.InvocationTargetException
No auto/linux-amd64/*.xml tests in /home/travis/build/icyphy/ptII/ptolemy/domains/de/test
AutoTests.java: About to close Vertx.
AutoTests.java: Vertx closed.

===========================================================================================
----------------- testing Sat Oct 19 05:58:56 UTC 2019 /home/travis/build/icyphy/ptII/ptolemy/domains/de/test/auto/ActorDepthCalculation_actorWithoutPorts.xml
----------------- Instantiating /home/travis/build/icyphy/ptII/ptolemy/domains/de/test/auto/ActorDepthCalculation_actorWithoutPorts.xml
3 ms. Memory: 48128K Free: 12578K (26%)
----------------- Invoking toplevel() on ptolemy.moml.MoMLSimpleApplication@45e82f06
----------------- Done invoking toplevel() on ptolemy.moml.MoMLSimpleApplication@45e82f06
reloadAllAccessors: .ActorDepthCalculation_actorWithoutPorts

===========================================================================================
----------------- testing Sat Oct 19 05:58:56 UTC 2019 /home/travis/build/icyphy/ptII/ptolemy/domains/de/test/auto/AssemblyLine.xml
----------------- Instantiating /home/travis/build/icyphy/ptII/ptolemy/domains/de/test/auto/AssemblyLine.xml
3 ms. Memory: 48128K Free: 31162K (65%)
----------------- Invoking toplevel() on ptolemy.moml.MoMLSimpleApplication@2b8da6d9
----------------- Done invoking toplevel() on ptolemy.moml.MoMLSimpleApplication@2b8da6d9
reloadAllAccessors: .AssemblyLine

===========================================================================================
----------------- testing Sat Oct 19 05:58:56 UTC 2019 /home/travis/build/icyphy/ptII/ptolemy/domains/de/test/auto/CQBug1.xml
----------------- Instantiating /home/travis/build/icyphy/ptII/ptolemy/domains/de/test/auto/CQBug1.xml
1 ms. Memory: 48128K Free: 27997K (58%)
----------------- Invoking toplevel() on ptolemy.moml.MoMLSimpleApplication@34f5c875
----------------- Done invoking toplevel() on ptolemy.moml.MoMLSimpleApplication@34f5c875
reloadAllAccessors: .CQBug1

===========================================================================================
----------------- testing Sat Oct 19 05:58:56 UTC 2019 /home/travis/build/icyphy/ptII/ptolemy/domains/de/test/auto/CancelFireAt.xml
----------------- Instantiating /home/travis/build/icyphy/ptII/ptolemy/domains/de/test/auto/CancelFireAt.xml
10 ms. Memory: 48128K Free: 25725K (53%)
----------------- Invoking toplevel() on ptolemy.moml.MoMLSimpleApplication@5f6276e9
----------------- Done invoking toplevel() on ptolemy.moml.MoMLSimpleApplication@5f6276e9
reloadAllAccessors: .CancelFireAt

===========================================================================================
----------------- testing Sat Oct 19 05:58:56 UTC 2019 /home/travis/build/icyphy/ptII/ptolemy/domains/de/test/auto/CausalityAndComposabilityAnalysis.xml
----------------- Instantiating /home/travis/build/icyphy/ptII/ptolemy/domains/de/test/auto/CausalityAndComposabilityAnalysis.xml
2 ms. Memory: 48128K Free: 21654K (45%)
----------------- Invoking toplevel() on ptolemy.moml.MoMLSimpleApplication@12cc13b4
----------------- Done invoking toplevel() on ptolemy.moml.MoMLSimpleApplication@12cc13b4
reloadAllAccessors: .CausalityAndComposabilityAnalysis

===========================================================================================
----------------- testing Sat Oct 19 05:58:56 UTC 2019 /home/travis/build/icyphy/ptII/ptolemy/domains/de/test/auto/CausalityInterface1.xml
----------------- Instantiating /home/travis/build/icyphy/ptII/ptolemy/domains/de/test/auto/CausalityInterface1.xml
5 ms. Memory: 48128K Free: 16789K (35%)
----------------- Invoking toplevel() on ptolemy.moml.MoMLSimpleApplication@4299d67c
----------------- Done invoking toplevel() on ptolemy.moml.MoMLSimpleApplication@4299d67c
reloadAllAccessors: .CausalityInterface1

===========================================================================================
----------------- testing Sat Oct 19 05:58:57 UTC 2019 /home/travis/build/icyphy/ptII/ptolemy/domains/de/test/auto/CausalityInterface15.xml
----------------- Instantiating /home/travis/build/icyphy/ptII/ptolemy/domains/de/test/auto/CausalityInterface15.xml
2 ms. Memory: 48128K Free: 11414K (24%)
----------------- Invoking toplevel() on ptolemy.moml.MoMLSimpleApplication@17a62d7
----------------- Done invoking toplevel() on ptolemy.moml.MoMLSimpleApplication@17a62d7
reloadAllAccessors: .CausalityInterface15

===========================================================================================
----------------- testing Sat Oct 19 05:58:57 UTC 2019 /home/travis/build/icyphy/ptII/ptolemy/domains/de/test/auto/CausalityInterface2.xml
----------------- Instantiating /home/travis/build/icyphy/ptII/ptolemy/domains/de/test/auto/CausalityInterface2.xml
2 ms. Memory: 48128K Free: 32548K (68%)
[...]
	at ptolemy.actor.Manager.run(Manager.java:1263)
	at ptolemy.actor.Manager$PtolemyRunThread.run(Manager.java:1933)
java.lang.RuntimeException: Execution failed
	at ptolemy.moml.MoMLSimpleApplication$UnloadThread.run(MoMLSimpleApplication.java:402)
Caused by: ptolemy.kernel.util.IllegalActionException: Actor is not ready to fire.  Perhaps UpSample.prefire() returned false? Try debugging the actor by selecting "Listen to Actor".  Also, for SDF check moml for tokenConsumptionRate on input.
  in .DESDFClockTest.Play Bell.Copy1:SDF Director and .DESDFClockTest.Play Bell.UpSample
	at ptolemy.actor.sched.StaticSchedulingDirector.fire(StaticSchedulingDirector.java:227)
	at ptolemy.domains.sdf.kernel.SDFDirector.fire(SDFDirector.java:500)
	at ptolemy.actor.CompositeActor.fire(CompositeActor.java:455)
	at ptolemy.domains.de.kernel.DEDirector._fire(DEDirector.java:1949)
	at ptolemy.domains.de.kernel.DEDirector.fire(DEDirector.java:502)
	at ptolemy.actor.CompositeActor.fire(CompositeActor.java:455)
	at ptolemy.actor.Manager.iterate(Manager.java:851)
	at ptolemy.actor.Manager.execute(Manager.java:369)
	at ptolemy.actor.Manager.run(Manager.java:1263)
	at ptolemy.actor.Manager$PtolemyRunThread.run(Manager.java:1933)
java.lang.reflect.InvocationTargetException
	at java.base/jdk.internal.reflect.NativeConstructorAccessorImpl.newInstance0(Native Method)
	at java.base/jdk.internal.reflect.NativeConstructorAccessorImpl.newInstance(NativeConstructorAccessorImpl.java:62)
	at java.base/jdk.internal.reflect.DelegatingConstructorAccessorImpl.newInstance(DelegatingConstructorAccessorImpl.java:45)
	at java.base/java.lang.reflect.Constructor.newInstance(Constructor.java:490)
	at ptolemy.util.test.junit.AutoKnownFailedTests.RunModel(AutoKnownFailedTests.java:105)
	at java.base/jdk.internal.reflect.NativeMethodAccessorImpl.invoke0(Native Method)
	at java.base/jdk.internal.reflect.NativeMethodAccessorImpl.invoke(NativeMethodAccessorImpl.java:62)
	at java.base/jdk.internal.reflect.DelegatingMethodAccessorImpl.invoke(DelegatingMethodAccessorImpl.java:43)
	at java.base/java.lang.reflect.Method.invoke(Method.java:566)
	at org.junit.runners.model.FrameworkMethod$1.runReflectiveCall(FrameworkMethod.java:44)
	at org.junit.internal.runners.model.ReflectiveCallable.run(ReflectiveCallable.java:15)
	at org.junit.runners.model.FrameworkMethod.invokeExplosively(FrameworkMethod.java:41)
	at junitparams.internal.InvokeParameterisedMethod.evaluate(InvokeParameterisedMethod.java:102)
	at org.junit.internal.runners.statements.FailOnTimeout$1.run(FailOnTimeout.java:28)
Caused by: ptolemy.kernel.util.IllegalActionException: Actor is not ready to fire.  Perhaps UpSample.prefire() returned false? Try debugging the actor by selecting "Listen to Actor".  Also, for SDF check moml for tokenConsumptionRate on input.
  in .DESDFClockTest.Play Bell.Copy1:SDF Director and .DESDFClockTest.Play Bell.UpSample
	at ptolemy.actor.sched.StaticSchedulingDirector.fire(StaticSchedulingDirector.java:227)
	at ptolemy.domains.sdf.kernel.SDFDirector.fire(SDFDirector.java:500)
	at ptolemy.actor.CompositeActor.fire(CompositeActor.java:455)
	at ptolemy.domains.de.kernel.DEDirector._fire(DEDirector.java:1949)
	at ptolemy.domains.de.kernel.DEDirector.fire(DEDirector.java:502)
	at ptolemy.actor.CompositeActor.fire(CompositeActor.java:455)
	at ptolemy.actor.Manager.iterate(Manager.java:851)
	at ptolemy.actor.Manager.execute(Manager.java:369)
	at ptolemy.actor.Manager.run(Manager.java:1263)
	at ptolemy.actor.Manager$PtolemyRunThread.run(Manager.java:1933)
java.lang.RuntimeException: Execution failed
	at ptolemy.moml.MoMLSimpleApplication$UnloadThread.run(MoMLSimpleApplication.java:402)
Caused by: ptolemy.kernel.util.IllegalActionException: Test fails in iteration 1.
Value was: 1.0. Should have been: 2.0
  in .DirectFeedback.Test
	at ptolemy.actor.lib.Test.fire(Test.java:268)
	at ptolemy.domains.de.kernel.DEDirector._fire(DEDirector.java:1949)
	at ptolemy.domains.de.kernel.DEDirector.fire(DEDirector.java:502)
	at ptolemy.actor.CompositeActor.fire(CompositeActor.java:455)
	at ptolemy.actor.Manager.iterate(Manager.java:851)
	at ptolemy.actor.Manager.execute(Manager.java:369)
	at ptolemy.actor.Manager.run(Manager.java:1263)
	at ptolemy.actor.Manager$PtolemyRunThread.run(Manager.java:1933)
java.lang.reflect.InvocationTargetException
	at java.base/jdk.internal.reflect.NativeConstructorAccessorImpl.newInstance0(Native Method)
	at java.base/jdk.internal.reflect.NativeConstructorAccessorImpl.newInstance(NativeConstructorAccessorImpl.java:62)
	at java.base/jdk.internal.reflect.DelegatingConstructorAccessorImpl.newInstance(DelegatingConstructorAccessorImpl.java:45)
	at java.base/java.lang.reflect.Constructor.newInstance(Constructor.java:490)
	at ptolemy.util.test.junit.AutoKnownFailedTests.RunModel(AutoKnownFailedTests.java:105)
	at java.base/jdk.internal.reflect.NativeMethodAccessorImpl.invoke0(Native Method)
	at java.base/jdk.internal.reflect.NativeMethodAccessorImpl.invoke(NativeMethodAccessorImpl.java:62)
	at java.base/jdk.internal.reflect.DelegatingMethodAccessorImpl.invoke(DelegatingMethodAccessorImpl.java:43)
	at java.base/java.lang.reflect.Method.invoke(Method.java:566)
	at org.junit.runners.model.FrameworkMethod$1.runReflectiveCall(FrameworkMethod.java:44)
	at org.junit.internal.runners.model.ReflectiveCallable.run(ReflectiveCallable.java:15)
	at org.junit.runners.model.FrameworkMethod.invokeExplosively(FrameworkMethod.java:41)
	at junitparams.internal.InvokeParameterisedMethod.evaluate(InvokeParameterisedMethod.java:102)
	at org.junit.internal.runners.statements.FailOnTimeout$1.run(FailOnTimeout.java:28)
Caused by: ptolemy.kernel.util.IllegalActionException: Test fails in iteration 1.
Value was: 1.0. Should have been: 2.0
  in .DirectFeedback.Test
	at ptolemy.actor.lib.Test.fire(Test.java:268)
	at ptolemy.domains.de.kernel.DEDirector._fire(DEDirector.java:1949)
	at ptolemy.domains.de.kernel.DEDirector.fire(DEDirector.java:502)
	at ptolemy.actor.CompositeActor.fire(CompositeActor.java:455)
	at ptolemy.actor.Manager.iterate(Manager.java:851)
	at ptolemy.actor.Manager.execute(Manager.java:369)
	at ptolemy.actor.Manager.run(Manager.java:1263)
	at ptolemy.actor.Manager$PtolemyRunThread.run(Manager.java:1933)
java.lang.RuntimeException: Execution failed
	at ptolemy.moml.MoMLSimpleApplication$UnloadThread.run(MoMLSimpleApplication.java:402)
Caused by: ptolemy.kernel.util.IllegalActionException: Found a zero delay loop containing .HierarchicalModel.A
  in .HierarchicalModel and .HierarchicalModel.A
	at ptolemy.actor.util.CausalityInterfaceForComposites._computeOutputPortDepth(CausalityInterfaceForComposites.java:759)
	at ptolemy.actor.util.CausalityInterfaceForComposites._computeInputDepth(CausalityInterfaceForComposites.java:696)
	at ptolemy.actor.util.CausalityInterfaceForComposites._computeOutputPortDepth(CausalityInterfaceForComposites.java:765)
	at ptolemy.actor.util.CausalityInterfaceForComposites._computeInputDepth(CausalityInterfaceForComposites.java:696)
	at ptolemy.actor.util.CausalityInterfaceForComposites._computeOutputPortDepth(CausalityInterfaceForComposites.java:765)
	at ptolemy.actor.util.CausalityInterfaceForComposites._computeInputDepth(CausalityInterfaceForComposites.java:696)
	at ptolemy.actor.util.CausalityInterfaceForComposites._computeActorDepth(CausalityInterfaceForComposites.java:532)
	at ptolemy.actor.util.CausalityInterfaceForComposites.checkForCycles(CausalityInterfaceForComposites.java:96)
	at ptolemy.domains.de.kernel.DEDirector.preinitialize(DEDirector.java:1338)
	at ptolemy.actor.CompositeActor.preinitialize(CompositeActor.java:1828)
	at ptolemy.actor.Manager.preinitializeAndResolveTypes(Manager.java:1040)
	at ptolemy.actor.Manager.initialize(Manager.java:710)
	at ptolemy.actor.Manager.execute(Manager.java:356)
	at ptolemy.actor.Manager.run(Manager.java:1263)
	at ptolemy.actor.Manager$PtolemyRunThread.run(Manager.java:1933)
java.lang.reflect.InvocationTargetException
	at java.base/jdk.internal.reflect.NativeConstructorAccessorImpl.newInstance0(Native Method)
	at java.base/jdk.internal.reflect.NativeConstructorAccessorImpl.newInstance(NativeConstructorAccessorImpl.java:62)
	at java.base/jdk.internal.reflect.DelegatingConstructorAccessorImpl.newInstance(DelegatingConstructorAccessorImpl.java:45)
	at java.base/java.lang.reflect.Constructor.newInstance(Constructor.java:490)
	at ptolemy.util.test.junit.AutoKnownFailedTests.RunModel(AutoKnownFailedTests.java:105)
	at java.base/jdk.internal.reflect.NativeMethodAccessorImpl.invoke0(Native Method)
	at java.base/jdk.internal.reflect.NativeMethodAccessorImpl.invoke(NativeMethodAccessorImpl.java:62)
	at java.base/jdk.internal.reflect.DelegatingMethodAccessorImpl.invoke(DelegatingMethodAccessorImpl.java:43)
	at java.base/java.lang.reflect.Method.invoke(Method.java:566)
	at org.junit.runners.model.FrameworkMethod$1.runReflectiveCall(FrameworkMethod.java:44)
	at org.junit.internal.runners.model.ReflectiveCallable.run(ReflectiveCallable.java:15)
	at org.junit.runners.model.FrameworkMethod.invokeExplosively(FrameworkMethod.java:41)
	at junitparams.internal.InvokeParameterisedMethod.evaluate(InvokeParameterisedMethod.java:102)
	at org.junit.internal.runners.statements.FailOnTimeout$1.run(FailOnTimeout.java:28)
Caused by: ptolemy.kernel.util.IllegalActionException: Found a zero delay loop containing .HierarchicalModel.A
  in .HierarchicalModel and .HierarchicalModel.A
	at ptolemy.actor.util.CausalityInterfaceForComposites._computeOutputPortDepth(CausalityInterfaceForComposites.java:759)
	at ptolemy.actor.util.CausalityInterfaceForComposites._computeInputDepth(CausalityInterfaceForComposites.java:696)
	at ptolemy.actor.util.CausalityInterfaceForComposites._computeOutputPortDepth(CausalityInterfaceForComposites.java:765)
	at ptolemy.actor.util.CausalityInterfaceForComposites._computeInputDepth(CausalityInterfaceForComposites.java:696)
	at ptolemy.actor.util.CausalityInterfaceForComposites._computeOutputPortDepth(CausalityInterfaceForComposites.java:765)
	at ptolemy.actor.util.CausalityInterfaceForComposites._computeInputDepth(CausalityInterfaceForComposites.java:696)
	at ptolemy.actor.util.CausalityInterfaceForComposites._computeActorDepth(CausalityInterfaceForComposites.java:532)
	at ptolemy.actor.util.CausalityInterfaceForComposites.checkForCycles(CausalityInterfaceForComposites.java:96)
	at ptolemy.domains.de.kernel.DEDirector.preinitialize(DEDirector.java:1338)
	at ptolemy.actor.CompositeActor.preinitialize(CompositeActor.java:1828)
	at ptolemy.actor.Manager.preinitializeAndResolveTypes(Manager.java:1040)
	at ptolemy.actor.Manager.initialize(Manager.java:710)
	at ptolemy.actor.Manager.execute(Manager.java:356)
	at ptolemy.actor.Manager.run(Manager.java:1263)
	at ptolemy.actor.Manager$PtolemyRunThread.run(Manager.java:1933)
java.lang.RuntimeException: Execution failed
	at ptolemy.moml.MoMLSimpleApplication$UnloadThread.run(MoMLSimpleApplication.java:402)
Caused by: ptolemy.kernel.util.IllegalActionException: Found a zero delay loop containing .dependencyLoop.original
  in .dependencyLoop and .dependencyLoop.original
	at ptolemy.actor.util.CausalityInterfaceForComposites._computeOutputPortDepth(CausalityInterfaceForComposites.java:759)
	at ptolemy.actor.util.CausalityInterfaceForComposites._computeInputDepth(CausalityInterfaceForComposites.java:696)
	at ptolemy.actor.util.CausalityInterfaceForComposites._computeOutputPortDepth(CausalityInterfaceForComposites.java:765)
	at ptolemy.actor.util.CausalityInterfaceForComposites._computeInputDepth(CausalityInterfaceForComposites.java:696)
	at ptolemy.actor.util.CausalityInterfaceForComposites._computeOutputPortDepth(CausalityInterfaceForComposites.java:765)
	at ptolemy.actor.util.CausalityInterfaceForComposites._computeInputDepth(CausalityInterfaceForComposites.java:696)
	at ptolemy.actor.util.CausalityInterfaceForComposites._computeActorDepth(CausalityInterfaceForComposites.java:532)
	at ptolemy.actor.util.CausalityInterfaceForComposites.checkForCycles(CausalityInterfaceForComposites.java:96)
	at ptolemy.domains.de.kernel.DEDirector.preinitialize(DEDirector.java:1338)
	at ptolemy.actor.CompositeActor.preinitialize(CompositeActor.java:1828)
	at ptolemy.actor.Manager.preinitializeAndResolveTypes(Manager.java:1040)
	at ptolemy.actor.Manager.initialize(Manager.java:710)
	at ptolemy.actor.Manager.execute(Manager.java:356)
	at ptolemy.actor.Manager.run(Manager.java:1263)
	at ptolemy.actor.Manager$PtolemyRunThread.run(Manager.java:1933)
java.lang.reflect.InvocationTargetException
	at java.base/jdk.internal.reflect.NativeConstructorAccessorImpl.newInstance0(Native Method)
	at java.base/jdk.internal.reflect.NativeConstructorAccessorImpl.newInstance(NativeConstructorAccessorImpl.java:62)
	at java.base/jdk.internal.reflect.DelegatingConstructorAccessorImpl.newInstance(DelegatingConstructorAccessorImpl.java:45)
	at java.base/java.lang.reflect.Constructor.newInstance(Constructor.java:490)
	at ptolemy.util.test.junit.AutoKnownFailedTests.RunModel(AutoKnownFailedTests.java:105)
	at java.base/jdk.internal.reflect.NativeMethodAccessorImpl.invoke0(Native Method)
	at java.base/jdk.internal.reflect.NativeMethodAccessorImpl.invoke(NativeMethodAccessorImpl.java:62)
	at java.base/jdk.internal.reflect.DelegatingMethodAccessorImpl.invoke(DelegatingMethodAccessorImpl.java:43)
	at java.base/java.lang.reflect.Method.invoke(Method.java:566)
	at org.junit.runners.model.FrameworkMethod$1.runReflectiveCall(FrameworkMethod.java:44)
	at org.junit.internal.runners.model.ReflectiveCallable.run(ReflectiveCallable.java:15)
	at org.junit.runners.model.FrameworkMethod.invokeExplosively(FrameworkMethod.java:41)
	at junitparams.internal.InvokeParameterisedMethod.evaluate(InvokeParameterisedMethod.java:102)
	at org.junit.internal.runners.statements.FailOnTimeout$1.run(FailOnTimeout.java:28)
Caused by: ptolemy.kernel.util.IllegalActionException: Found a zero delay loop containing .dependencyLoop.original
  in .dependencyLoop and .dependencyLoop.original
	at ptolemy.actor.util.CausalityInterfaceForComposites._computeOutputPortDepth(CausalityInterfaceForComposites.java:759)
	at ptolemy.actor.util.CausalityInterfaceForComposites._computeInputDepth(CausalityInterfaceForComposites.java:696)
	at ptolemy.actor.util.CausalityInterfaceForComposites._computeOutputPortDepth(CausalityInterfaceForComposites.java:765)
	at ptolemy.actor.util.CausalityInterfaceForComposites._computeInputDepth(CausalityInterfaceForComposites.java:696)
	at ptolemy.actor.util.CausalityInterfaceForComposites._computeOutputPortDepth(CausalityInterfaceForComposites.java:765)
	at ptolemy.actor.util.CausalityInterfaceForComposites._computeInputDepth(CausalityInterfaceForComposites.java:696)
	at ptolemy.actor.util.CausalityInterfaceForComposites._computeActorDepth(CausalityInterfaceForComposites.java:532)
	at ptolemy.actor.util.CausalityInterfaceForComposites.checkForCycles(CausalityInterfaceForComposites.java:96)
	at ptolemy.domains.de.kernel.DEDirector.preinitialize(DEDirector.java:1338)
	at ptolemy.actor.CompositeActor.preinitialize(CompositeActor.java:1828)
	at ptolemy.actor.Manager.preinitializeAndResolveTypes(Manager.java:1040)
	at ptolemy.actor.Manager.initialize(Manager.java:710)
	at ptolemy.actor.Manager.execute(Manager.java:356)
	at ptolemy.actor.Manager.run(Manager.java:1263)
	at ptolemy.actor.Manager$PtolemyRunThread.run(Manager.java:1933)
java.lang.RuntimeException: Execution failed
	at ptolemy.moml.MoMLSimpleApplication$UnloadThread.run(MoMLSimpleApplication.java:402)
Caused by: ptolemy.kernel.util.IllegalActionException: Found a zero delay loop containing .dependencyLoop2.original
  in .dependencyLoop2 and .dependencyLoop2.original
	at ptolemy.actor.util.CausalityInterfaceForComposites._computeOutputPortDepth(CausalityInterfaceForComposites.java:759)
	at ptolemy.actor.util.CausalityInterfaceForComposites._computeInputDepth(CausalityInterfaceForComposites.java:696)
	at ptolemy.actor.util.CausalityInterfaceForComposites._computeOutputPortDepth(CausalityInterfaceForComposites.java:765)
	at ptolemy.actor.util.CausalityInterfaceForComposites._computeInputDepth(CausalityInterfaceForComposites.java:696)
	at ptolemy.actor.util.CausalityInterfaceForComposites._computeOutputPortDepth(CausalityInterfaceForComposites.java:765)
	at ptolemy.actor.util.CausalityInterfaceForComposites._computeInputDepth(CausalityInterfaceForComposites.java:696)
	at ptolemy.actor.util.CausalityInterfaceForComposites._computeActorDepth(CausalityInterfaceForComposites.java:532)
	at ptolemy.actor.util.CausalityInterfaceForComposites.checkForCycles(CausalityInterfaceForComposites.java:96)
	at ptolemy.domains.de.kernel.DEDirector.preinitialize(DEDirector.java:1338)
	at ptolemy.actor.CompositeActor.preinitialize(CompositeActor.java:1828)
	at ptolemy.actor.Manager.preinitializeAndResolveTypes(Manager.java:1040)
	at ptolemy.actor.Manager.initialize(Manager.java:710)
	at ptolemy.actor.Manager.execute(Manager.java:356)
	at ptolemy.actor.Manager.run(Manager.java:1263)
	at ptolemy.actor.Manager$PtolemyRunThread.run(Manager.java:1933)
java.lang.reflect.InvocationTargetException
	at java.base/jdk.internal.reflect.NativeConstructorAccessorImpl.newInstance0(Native Method)
	at java.base/jdk.internal.reflect.NativeConstructorAccessorImpl.newInstance(NativeConstructorAccessorImpl.java:62)
	at java.base/jdk.internal.reflect.DelegatingConstructorAccessorImpl.newInstance(DelegatingConstructorAccessorImpl.java:45)
	at java.base/java.lang.reflect.Constructor.newInstance(Constructor.java:490)
	at ptolemy.util.test.junit.AutoKnownFailedTests.RunModel(AutoKnownFailedTests.java:105)
	at java.base/jdk.internal.reflect.NativeMethodAccessorImpl.invoke0(Native Method)
	at java.base/jdk.internal.reflect.NativeMethodAccessorImpl.invoke(NativeMethodAccessorImpl.java:62)
	at java.base/jdk.internal.reflect.DelegatingMethodAccessorImpl.invoke(DelegatingMethodAccessorImpl.java:43)
	at java.base/java.lang.reflect.Method.invoke(Method.java:566)
	at org.junit.runners.model.FrameworkMethod$1.runReflectiveCall(FrameworkMethod.java:44)
	at org.junit.internal.runners.model.ReflectiveCallable.run(ReflectiveCallable.java:15)
	at org.junit.runners.model.FrameworkMethod.invokeExplosively(FrameworkMethod.java:41)
	at junitparams.internal.InvokeParameterisedMethod.evaluate(InvokeParameterisedMethod.java:102)
	at org.junit.internal.runners.statements.FailOnTimeout$1.run(FailOnTimeout.java:28)
Caused by: ptolemy.kernel.util.IllegalActionException: Found a zero delay loop containing .dependencyLoop2.original
  in .dependencyLoop2 and .dependencyLoop2.original
	at ptolemy.actor.util.CausalityInterfaceForComposites._computeOutputPortDepth(CausalityInterfaceForComposites.java:759)
	at ptolemy.actor.util.CausalityInterfaceForComposites._computeInputDepth(CausalityInterfaceForComposites.java:696)
	at ptolemy.actor.util.CausalityInterfaceForComposites._computeOutputPortDepth(CausalityInterfaceForComposites.java:765)
	at ptolemy.actor.util.CausalityInterfaceForComposites._computeInputDepth(CausalityInterfaceForComposites.java:696)
	at ptolemy.actor.util.CausalityInterfaceForComposites._computeOutputPortDepth(CausalityInterfaceForComposites.java:765)
	at ptolemy.actor.util.CausalityInterfaceForComposites._computeInputDepth(CausalityInterfaceForComposites.java:696)
	at ptolemy.actor.util.CausalityInterfaceForComposites._computeActorDepth(CausalityInterfaceForComposites.java:532)
	at ptolemy.actor.util.CausalityInterfaceForComposites.checkForCycles(CausalityInterfaceForComposites.java:96)
	at ptolemy.domains.de.kernel.DEDirector.preinitialize(DEDirector.java:1338)
	at ptolemy.actor.CompositeActor.preinitialize(CompositeActor.java:1828)
	at ptolemy.actor.Manager.preinitializeAndResolveTypes(Manager.java:1040)
	at ptolemy.actor.Manager.initialize(Manager.java:710)
	at ptolemy.actor.Manager.execute(Manager.java:356)
	at ptolemy.actor.Manager.run(Manager.java:1263)
	at ptolemy.actor.Manager$PtolemyRunThread.run(Manager.java:1933)
]]></system-err>
</testsuite>
