<?xml version="1.0" encoding="UTF-8" ?>
<testsuite errors="0" failures="0" hostname="travis-job-5c27ef9a-e069-4bfc-b9b3-d8024bd9d771" name="ptolemy.domains.continuous.test.junit.JUnitTclTest" skipped="0" tests="156" time="71.541" timestamp="2019-06-03T04:28:35">
  <properties>
[...]
</properties>
  <testcase classname="ptolemy.util.test.junit.TclTests" name="[0] ThereAreNoTclTests (RunTclFile)" time="0.002" />
  <testcase classname="ptolemy.util.test.junit.AutoKnownFailedTests" name="[0] ThereAreNoKnowFailedTests (RunModel)" time="0.001" />
  <testcase classname="ptolemy.util.test.junit.AutoNameArchTests" name="[0] ThereAreNoAutoArchTests (RunModel)" time="0.001" />
  <testcase classname="ptolemy.util.test.junit.AutoTests" name="[0] /home/travis/build/icyphy/ptII/ptolemy/domains/continuous/test/auto/BouncingBall.xml (RunModel)" time="2.731" />
  <testcase classname="ptolemy.util.test.junit.AutoTests" name="[1] /home/travis/build/icyphy/ptII/ptolemy/domains/continuous/test/auto/BouncingBallWithoutGR.xml (RunModel)" time="1.509" />
  <testcase classname="ptolemy.util.test.junit.AutoTests" name="[2] /home/travis/build/icyphy/ptII/ptolemy/domains/continuous/test/auto/Brownian.xml (RunModel)" time="0.21" />
  <testcase classname="ptolemy.util.test.junit.AutoTests" name="[3] /home/travis/build/icyphy/ptII/ptolemy/domains/continuous/test/auto/CarTracking.xml (RunModel)" time="4.597" />
  <testcase classname="ptolemy.util.test.junit.AutoTests" name="[4] /home/travis/build/icyphy/ptII/ptolemy/domains/continuous/test/auto/CartPendulum.xml (RunModel)" time="0.601" />
  <testcase classname="ptolemy.util.test.junit.AutoTests" name="[5] /home/travis/build/icyphy/ptII/ptolemy/domains/continuous/test/auto/CausalityInterface10.xml (RunModel)" time="0.043" />
  <testcase classname="ptolemy.util.test.junit.AutoTests" name="[6] /home/travis/build/icyphy/ptII/ptolemy/domains/continuous/test/auto/CausalityInterface11.xml (RunModel)" time="0.03" />
  <testcase classname="ptolemy.util.test.junit.AutoTests" name="[7] /home/travis/build/icyphy/ptII/ptolemy/domains/continuous/test/auto/CausalityInterface12.xml (RunModel)" time="0.047" />
  <testcase classname="ptolemy.util.test.junit.AutoTests" name="[8] /home/travis/build/icyphy/ptII/ptolemy/domains/continuous/test/auto/CausalityInterface13.xml (RunModel)" time="0.044" />
  <testcase classname="ptolemy.util.test.junit.AutoTests" name="[9] /home/travis/build/icyphy/ptII/ptolemy/domains/continuous/test/auto/CausalityInterface14.xml (RunModel)" time="0.03" />
  <testcase classname="ptolemy.util.test.junit.AutoTests" name="[10] /home/travis/build/icyphy/ptII/ptolemy/domains/continuous/test/auto/CausalityInterface4.xml (RunModel)" time="0.048" />
  <testcase classname="ptolemy.util.test.junit.AutoTests" name="[11] /home/travis/build/icyphy/ptII/ptolemy/domains/continuous/test/auto/CausalityInterface5.xml (RunModel)" time="0.031" />
  <testcase classname="ptolemy.util.test.junit.AutoTests" name="[12] /home/travis/build/icyphy/ptII/ptolemy/domains/continuous/test/auto/CausalityInterface6.xml (RunModel)" time="0.035" />
  <testcase classname="ptolemy.util.test.junit.AutoTests" name="[13] /home/travis/build/icyphy/ptII/ptolemy/domains/continuous/test/auto/CausalityInterface7.xml (RunModel)" time="0.038" />
  <testcase classname="ptolemy.util.test.junit.AutoTests" name="[14] /home/travis/build/icyphy/ptII/ptolemy/domains/continuous/test/auto/CausalityInterface8.xml (RunModel)" time="0.05" />
  <testcase classname="ptolemy.util.test.junit.AutoTests" name="[15] /home/travis/build/icyphy/ptII/ptolemy/domains/continuous/test/auto/CausalityInterface9.xml (RunModel)" time="0.038" />
  <testcase classname="ptolemy.util.test.junit.AutoTests" name="[16] /home/travis/build/icyphy/ptII/ptolemy/domains/continuous/test/auto/CausalityInterfaceFeedback1.xml (RunModel)" time="0.028" />
  <testcase classname="ptolemy.util.test.junit.AutoTests" name="[17] /home/travis/build/icyphy/ptII/ptolemy/domains/continuous/test/auto/CausalityInterfaceFeedback2.xml (RunModel)" time="0.051" />
  <testcase classname="ptolemy.util.test.junit.AutoTests" name="[18] /home/travis/build/icyphy/ptII/ptolemy/domains/continuous/test/auto/CompareWithCurrentTime.xml (RunModel)" time="0.027" />
  <testcase classname="ptolemy.util.test.junit.AutoTests" name="[19] /home/travis/build/icyphy/ptII/ptolemy/domains/continuous/test/auto/ComparedClocks.xml (RunModel)" time="0.081" />
  <testcase classname="ptolemy.util.test.junit.AutoTests" name="[20] /home/travis/build/icyphy/ptII/ptolemy/domains/continuous/test/auto/ContinuousAOCClone.xml (RunModel)" time="2.544" />
  <testcase classname="ptolemy.util.test.junit.AutoTests" name="[21] /home/travis/build/icyphy/ptII/ptolemy/domains/continuous/test/auto/ContinuousClock.xml (RunModel)" time="0.096" />
  <testcase classname="ptolemy.util.test.junit.AutoTests" name="[22] /home/travis/build/icyphy/ptII/ptolemy/domains/continuous/test/auto/ContinuousInContinuous.xml (RunModel)" time="0.087" />
  <testcase classname="ptolemy.util.test.junit.AutoTests" name="[23] /home/travis/build/icyphy/ptII/ptolemy/domains/continuous/test/auto/ContinuousInContinuousInContinuous.xml (RunModel)" time="0.033" />
  <testcase classname="ptolemy.util.test.junit.AutoTests" name="[24] /home/travis/build/icyphy/ptII/ptolemy/domains/continuous/test/auto/ContinuousInDE.xml (RunModel)" time="0.149" />
  <testcase classname="ptolemy.util.test.junit.AutoTests" name="[25] /home/travis/build/icyphy/ptII/ptolemy/domains/continuous/test/auto/ContinuousInDE2.xml (RunModel)" time="0.081" />
  <testcase classname="ptolemy.util.test.junit.AutoTests" name="[26] /home/travis/build/icyphy/ptII/ptolemy/domains/continuous/test/auto/ContinuousInDE3.xml (RunModel)" time="0.068" />
  <testcase classname="ptolemy.util.test.junit.AutoTests" name="[27] /home/travis/build/icyphy/ptII/ptolemy/domains/continuous/test/auto/ContinuousInDE4.xml (RunModel)" time="0.037" />
  <testcase classname="ptolemy.util.test.junit.AutoTests" name="[28] /home/travis/build/icyphy/ptII/ptolemy/domains/continuous/test/auto/ContinuousInDEDifferentRefinements.xml (RunModel)" time="0.123" />
  <testcase classname="ptolemy.util.test.junit.AutoTests" name="[29] /home/travis/build/icyphy/ptII/ptolemy/domains/continuous/test/auto/ContinuousInDEDifferentRefinementsPreemptive.xml (RunModel)" time="0.092" />
  <testcase classname="ptolemy.util.test.junit.AutoTests" name="[30] /home/travis/build/icyphy/ptII/ptolemy/domains/continuous/test/auto/ContinuousInDEInContinuous2.xml (RunModel)" time="0.061" />
  <testcase classname="ptolemy.util.test.junit.AutoTests" name="[31] /home/travis/build/icyphy/ptII/ptolemy/domains/continuous/test/auto/ContinuousInDEInContinuous3.xml (RunModel)" time="0.06" />
  <testcase classname="ptolemy.util.test.junit.AutoTests" name="[32] /home/travis/build/icyphy/ptII/ptolemy/domains/continuous/test/auto/ContinuousInDEInput.xml (RunModel)" time="0.039" />
  <testcase classname="ptolemy.util.test.junit.AutoTests" name="[33] /home/travis/build/icyphy/ptII/ptolemy/domains/continuous/test/auto/ContinuousInDEInput2.xml (RunModel)" time="0.043" />
  <testcase classname="ptolemy.util.test.junit.AutoTests" name="[34] /home/travis/build/icyphy/ptII/ptolemy/domains/continuous/test/auto/ContinuousInDEInput3.xml (RunModel)" time="0.036" />
  <testcase classname="ptolemy.util.test.junit.AutoTests" name="[35] /home/travis/build/icyphy/ptII/ptolemy/domains/continuous/test/auto/ContinuousInDESharingRefinement.xml (RunModel)" time="0.184" />
  <testcase classname="ptolemy.util.test.junit.AutoTests" name="[36] /home/travis/build/icyphy/ptII/ptolemy/domains/continuous/test/auto/ContinuousInDEwithNoPorts.xml (RunModel)" time="0.039" />
  <testcase classname="ptolemy.util.test.junit.AutoTests" name="[37] /home/travis/build/icyphy/ptII/ptolemy/domains/continuous/test/auto/ContinuousInsideDE.xml (RunModel)" time="0.102" />
  <testcase classname="ptolemy.util.test.junit.AutoTests" name="[38] /home/travis/build/icyphy/ptII/ptolemy/domains/continuous/test/auto/ContinuousMerge1.xml (RunModel)" time="0.025" />
  <testcase classname="ptolemy.util.test.junit.AutoTests" name="[39] /home/travis/build/icyphy/ptII/ptolemy/domains/continuous/test/auto/ContinuousMerge2.xml (RunModel)" time="0.06" />
  <testcase classname="ptolemy.util.test.junit.AutoTests" name="[40] /home/travis/build/icyphy/ptII/ptolemy/domains/continuous/test/auto/ContinuousMerge3.xml (RunModel)" time="0.087" />
  <testcase classname="ptolemy.util.test.junit.AutoTests" name="[41] /home/travis/build/icyphy/ptII/ptolemy/domains/continuous/test/auto/ContinuousWithinContinuous.xml (RunModel)" time="0.066" />
  <testcase classname="ptolemy.util.test.junit.AutoTests" name="[42] /home/travis/build/icyphy/ptII/ptolemy/domains/continuous/test/auto/ContinuousWithinContinuous2.xml (RunModel)" time="0.107" />
  <testcase classname="ptolemy.util.test.junit.AutoTests" name="[43] /home/travis/build/icyphy/ptII/ptolemy/domains/continuous/test/auto/ContinuousWithinContinuous3.xml (RunModel)" time="0.04" />
  <testcase classname="ptolemy.util.test.junit.AutoTests" name="[44] /home/travis/build/icyphy/ptII/ptolemy/domains/continuous/test/auto/ContinuousWithinContinuous4.xml (RunModel)" time="0.088" />
  <testcase classname="ptolemy.util.test.junit.AutoTests" name="[45] /home/travis/build/icyphy/ptII/ptolemy/domains/continuous/test/auto/ContinuousWithinContinuous5.xml (RunModel)" time="0.035" />
  <testcase classname="ptolemy.util.test.junit.AutoTests" name="[46] /home/travis/build/icyphy/ptII/ptolemy/domains/continuous/test/auto/ContinuousWithinContinuous6.xml (RunModel)" time="0.035" />
  <testcase classname="ptolemy.util.test.junit.AutoTests" name="[47] /home/travis/build/icyphy/ptII/ptolemy/domains/continuous/test/auto/ContinuousWithinContinuous7.xml (RunModel)" time="0.084" />
  <testcase classname="ptolemy.util.test.junit.AutoTests" name="[48] /home/travis/build/icyphy/ptII/ptolemy/domains/continuous/test/auto/DCMotor.xml (RunModel)" time="11.705" />
  <testcase classname="ptolemy.util.test.junit.AutoTests" name="[49] /home/travis/build/icyphy/ptII/ptolemy/domains/continuous/test/auto/DEInContinuous.xml (RunModel)" time="0.05" />
  <testcase classname="ptolemy.util.test.junit.AutoTests" name="[50] /home/travis/build/icyphy/ptII/ptolemy/domains/continuous/test/auto/DEinContinuous2.xml (RunModel)" time="0.029" />
  <testcase classname="ptolemy.util.test.junit.AutoTests" name="[51] /home/travis/build/icyphy/ptII/ptolemy/domains/continuous/test/auto/Derivative.xml (RunModel)" time="0.185" />
  <testcase classname="ptolemy.util.test.junit.AutoTests" name="[52] /home/travis/build/icyphy/ptII/ptolemy/domains/continuous/test/auto/Derivative1.xml (RunModel)" time="0.056" />
  <testcase classname="ptolemy.util.test.junit.AutoTests" name="[53] /home/travis/build/icyphy/ptII/ptolemy/domains/continuous/test/auto/DiscreteClock.xml (RunModel)" time="0.013" />
  <testcase classname="ptolemy.util.test.junit.AutoTests" name="[54] /home/travis/build/icyphy/ptII/ptolemy/domains/continuous/test/auto/EfficiencyCurve.xml (RunModel)" time="0.071" />
  <testcase classname="ptolemy.util.test.junit.AutoTests" name="[55] /home/travis/build/icyphy/ptII/ptolemy/domains/continuous/test/auto/ExponentialResponse.xml (RunModel)" time="0.126" />
  <testcase classname="ptolemy.util.test.junit.AutoTests" name="[56] /home/travis/build/icyphy/ptII/ptolemy/domains/continuous/test/auto/ExponentialResponseRK45.xml (RunModel)" time="0.033" />
  <testcase classname="ptolemy.util.test.junit.AutoTests" name="[57] /home/travis/build/icyphy/ptII/ptolemy/domains/continuous/test/auto/Friction.xml (RunModel)" time="1.306" />
  <testcase classname="ptolemy.util.test.junit.AutoTests" name="[58] /home/travis/build/icyphy/ptII/ptolemy/domains/continuous/test/auto/FurutaPendulum.xml (RunModel)" time="3.217" />
  <testcase classname="ptolemy.util.test.junit.AutoTests" name="[59] /home/travis/build/icyphy/ptII/ptolemy/domains/continuous/test/auto/HierarchicalExecution.xml (RunModel)" time="1.941" />
  <testcase classname="ptolemy.util.test.junit.AutoTests" name="[60] /home/travis/build/icyphy/ptII/ptolemy/domains/continuous/test/auto/HybridPlant.xml (RunModel)" time="0.57" />
  <testcase classname="ptolemy.util.test.junit.AutoTests" name="[61] /home/travis/build/icyphy/ptII/ptolemy/domains/continuous/test/auto/Hysteresis.xml (RunModel)" time="0.186" />
  <testcase classname="ptolemy.util.test.junit.AutoTests" name="[62] /home/travis/build/icyphy/ptII/ptolemy/domains/continuous/test/auto/HysteresisWithRandomDelay.xml (RunModel)" time="0.221" />
  <testcase classname="ptolemy.util.test.junit.AutoTests" name="[63] /home/travis/build/icyphy/ptII/ptolemy/domains/continuous/test/auto/HysteresisWithRandomLosses.xml (RunModel)" time="2.277" />
  <testcase classname="ptolemy.util.test.junit.AutoTests" name="[64] /home/travis/build/icyphy/ptII/ptolemy/domains/continuous/test/auto/ImmediateTransitions.xml (RunModel)" time="0.038" />
  <testcase classname="ptolemy.util.test.junit.AutoTests" name="[65] /home/travis/build/icyphy/ptII/ptolemy/domains/continuous/test/auto/ImpulseFeedback.xml (RunModel)" time="0.029" />
  <testcase classname="ptolemy.util.test.junit.AutoTests" name="[66] /home/travis/build/icyphy/ptII/ptolemy/domains/continuous/test/auto/ImpulseFeedback2.xml (RunModel)" time="0.023" />
  <testcase classname="ptolemy.util.test.junit.AutoTests" name="[67] /home/travis/build/icyphy/ptII/ptolemy/domains/continuous/test/auto/IncreasingRatePoisson.xml (RunModel)" time="0.71" />
  <testcase classname="ptolemy.util.test.junit.AutoTests" name="[68] /home/travis/build/icyphy/ptII/ptolemy/domains/continuous/test/auto/InitialStateFeedback.xml (RunModel)" time="0.018" />
  <testcase classname="ptolemy.util.test.junit.AutoTests" name="[69] /home/travis/build/icyphy/ptII/ptolemy/domains/continuous/test/auto/Integration.xml (RunModel)" time="0.017" />
  <testcase classname="ptolemy.util.test.junit.AutoTests" name="[70] /home/travis/build/icyphy/ptII/ptolemy/domains/continuous/test/auto/Integration2.xml (RunModel)" time="0.102" />
  <testcase classname="ptolemy.util.test.junit.AutoTests" name="[71] /home/travis/build/icyphy/ptII/ptolemy/domains/continuous/test/auto/Integration3.xml (RunModel)" time="0.018" />
  <testcase classname="ptolemy.util.test.junit.AutoTests" name="[72] /home/travis/build/icyphy/ptII/ptolemy/domains/continuous/test/auto/Integration5.xml (RunModel)" time="0.028" />
  <testcase classname="ptolemy.util.test.junit.AutoTests" name="[73] /home/travis/build/icyphy/ptII/ptolemy/domains/continuous/test/auto/IntegratorImpulse.xml (RunModel)" time="0.016" />
  <testcase classname="ptolemy.util.test.junit.AutoTests" name="[74] /home/travis/build/icyphy/ptII/ptolemy/domains/continuous/test/auto/IntegratorImpulse2.xml (RunModel)" time="0.016" />
  <testcase classname="ptolemy.util.test.junit.AutoTests" name="[75] /home/travis/build/icyphy/ptII/ptolemy/domains/continuous/test/auto/LevelCrossing1.xml (RunModel)" time="0.011" />
  <testcase classname="ptolemy.util.test.junit.AutoTests" name="[76] /home/travis/build/icyphy/ptII/ptolemy/domains/continuous/test/auto/LevelCrossing2.xml (RunModel)" time="0.019" />
  <testcase classname="ptolemy.util.test.junit.AutoTests" name="[77] /home/travis/build/icyphy/ptII/ptolemy/domains/continuous/test/auto/LevelCrossing3.xml (RunModel)" time="0.018" />
  <testcase classname="ptolemy.util.test.junit.AutoTests" name="[78] /home/travis/build/icyphy/ptII/ptolemy/domains/continuous/test/auto/LevelCrossing4.xml (RunModel)" time="0.014" />
  <testcase classname="ptolemy.util.test.junit.AutoTests" name="[79] /home/travis/build/icyphy/ptII/ptolemy/domains/continuous/test/auto/LevelCrossing5.xml (RunModel)" time="0.013" />
  <testcase classname="ptolemy.util.test.junit.AutoTests" name="[80] /home/travis/build/icyphy/ptII/ptolemy/domains/continuous/test/auto/LevelCrossing6.xml (RunModel)" time="0.014" />
  <testcase classname="ptolemy.util.test.junit.AutoTests" name="[81] /home/travis/build/icyphy/ptII/ptolemy/domains/continuous/test/auto/LevelCrossingDetector.xml (RunModel)" time="0.041" />
  <testcase classname="ptolemy.util.test.junit.AutoTests" name="[82] /home/travis/build/icyphy/ptII/ptolemy/domains/continuous/test/auto/LevelCrossingDetectorDetectingDirections.xml (RunModel)" time="0.091" />
  <testcase classname="ptolemy.util.test.junit.AutoTests" name="[83] /home/travis/build/icyphy/ptII/ptolemy/domains/continuous/test/auto/LevelCrossingDetectorDetectsGlitches.xml (RunModel)" time="0.059" />
  <testcase classname="ptolemy.util.test.junit.AutoTests" name="[84] /home/travis/build/icyphy/ptII/ptolemy/domains/continuous/test/auto/LevelCrossingNoInitialOuput.xml (RunModel)" time="0.012" />
  <testcase classname="ptolemy.util.test.junit.AutoTests" name="[85] /home/travis/build/icyphy/ptII/ptolemy/domains/continuous/test/auto/LinearStateSpaceExample.xml (RunModel)" time="0.06" />
  <testcase classname="ptolemy.util.test.junit.AutoTests" name="[86] /home/travis/build/icyphy/ptII/ptolemy/domains/continuous/test/auto/Lorenz.xml (RunModel)" time="3.848" />
  <testcase classname="ptolemy.util.test.junit.AutoTests" name="[87] /home/travis/build/icyphy/ptII/ptolemy/domains/continuous/test/auto/LorenzDifferentialSystem.xml (RunModel)" time="1.139" />
  <testcase classname="ptolemy.util.test.junit.AutoTests" name="[88] /home/travis/build/icyphy/ptII/ptolemy/domains/continuous/test/auto/LorenzDifferentialSystemWithInput.xml (RunModel)" time="1.309" />
  <testcase classname="ptolemy.util.test.junit.AutoTests" name="[89] /home/travis/build/icyphy/ptII/ptolemy/domains/continuous/test/auto/LorenzDifferentialSystemWithTime.xml (RunModel)" time="0.713" />
  <testcase classname="ptolemy.util.test.junit.AutoTests" name="[90] /home/travis/build/icyphy/ptII/ptolemy/domains/continuous/test/auto/Microsteps.xml (RunModel)" time="0.033" />
  <testcase classname="ptolemy.util.test.junit.AutoTests" name="[91] /home/travis/build/icyphy/ptII/ptolemy/domains/continuous/test/auto/Modal1.xml (RunModel)" time="0.044" />
  <testcase classname="ptolemy.util.test.junit.AutoTests" name="[92] /home/travis/build/icyphy/ptII/ptolemy/domains/continuous/test/auto/Modal2.xml (RunModel)" time="0.055" />
  <testcase classname="ptolemy.util.test.junit.AutoTests" name="[93] /home/travis/build/icyphy/ptII/ptolemy/domains/continuous/test/auto/ModalTransitionGuardWithReset.xml (RunModel)" time="0.032" />
  <testcase classname="ptolemy.util.test.junit.AutoTests" name="[94] /home/travis/build/icyphy/ptII/ptolemy/domains/continuous/test/auto/ModalTransitionGuardWithResetUsingPreemptiveTransition.xml (RunModel)" time="0.023" />
  <testcase classname="ptolemy.util.test.junit.AutoTests" name="[95] /home/travis/build/icyphy/ptII/ptolemy/domains/continuous/test/auto/ModalTransitionGuardWithResetUsingPreemptiveTransition2.xml (RunModel)" time="0.041" />
  <testcase classname="ptolemy.util.test.junit.AutoTests" name="[96] /home/travis/build/icyphy/ptII/ptolemy/domains/continuous/test/auto/ModalTransitionGuardWithResetUsingPreemptiveTransition3.xml (RunModel)" time="0.023" />
  <testcase classname="ptolemy.util.test.junit.AutoTests" name="[97] /home/travis/build/icyphy/ptII/ptolemy/domains/continuous/test/auto/NewtonsCradle.xml (RunModel)" time="0.777" />
  <testcase classname="ptolemy.util.test.junit.AutoTests" name="[98] /home/travis/build/icyphy/ptII/ptolemy/domains/continuous/test/auto/NewtonsCradleAnimated.xml (RunModel)" time="1.108" />
  <testcase classname="ptolemy.util.test.junit.AutoTests" name="[99] /home/travis/build/icyphy/ptII/ptolemy/domains/continuous/test/auto/NewtonsCradleComplicated.xml (RunModel)" time="0.851" />
  <testcase classname="ptolemy.util.test.junit.AutoTests" name="[100] /home/travis/build/icyphy/ptII/ptolemy/domains/continuous/test/auto/NewtonsCradleNondeterministic.xml (RunModel)" time="0.591" />
  <testcase classname="ptolemy.util.test.junit.AutoTests" name="[101] /home/travis/build/icyphy/ptII/ptolemy/domains/continuous/test/auto/NewtonsCradlePerfectlyInelastic1.xml (RunModel)" time="1.198" />
  <testcase classname="ptolemy.util.test.junit.AutoTests" name="[102] /home/travis/build/icyphy/ptII/ptolemy/domains/continuous/test/auto/Noise.xml (RunModel)" time="0.172" />
  <testcase classname="ptolemy.util.test.junit.AutoTests" name="[103] /home/travis/build/icyphy/ptII/ptolemy/domains/continuous/test/auto/NoiseSpectrum.xml (RunModel)" time="0.723" />
  <testcase classname="ptolemy.util.test.junit.AutoTests" name="[104] /home/travis/build/icyphy/ptII/ptolemy/domains/continuous/test/auto/ParameterizedNewtonsCradleAnimated.xml (RunModel)" time="0.343" />
  <testcase classname="ptolemy.util.test.junit.AutoTests" name="[105] /home/travis/build/icyphy/ptII/ptolemy/domains/continuous/test/auto/ParameterizedNewtonsCradleAnimatedNondeterministic.xml (RunModel)" time="1.107" />
  <testcase classname="ptolemy.util.test.junit.AutoTests" name="[106] /home/travis/build/icyphy/ptII/ptolemy/domains/continuous/test/auto/Pendulum3D.xml (RunModel)" time="0.177" />
  <testcase classname="ptolemy.util.test.junit.AutoTests" name="[107] /home/travis/build/icyphy/ptII/ptolemy/domains/continuous/test/auto/PeriodicSampler.xml (RunModel)" time="0.015" />
  <testcase classname="ptolemy.util.test.junit.AutoTests" name="[108] /home/travis/build/icyphy/ptII/ptolemy/domains/continuous/test/auto/PeriodicSampler1.xml (RunModel)" time="0.048" />
  <testcase classname="ptolemy.util.test.junit.AutoTests" name="[109] /home/travis/build/icyphy/ptII/ptolemy/domains/continuous/test/auto/PeriodicSampler2.xml (RunModel)" time="0.072" />
  <testcase classname="ptolemy.util.test.junit.AutoTests" name="[110] /home/travis/build/icyphy/ptII/ptolemy/domains/continuous/test/auto/Poisson.xml (RunModel)" time="0.421" />
  <testcase classname="ptolemy.util.test.junit.AutoTests" name="[111] /home/travis/build/icyphy/ptII/ptolemy/domains/continuous/test/auto/PoissonClock.xml (RunModel)" time="0.015" />
  <testcase classname="ptolemy.util.test.junit.AutoTests" name="[112] /home/travis/build/icyphy/ptII/ptolemy/domains/continuous/test/auto/PoissonClock2.xml (RunModel)" time="0.019" />
  <testcase classname="ptolemy.util.test.junit.AutoTests" name="[113] /home/travis/build/icyphy/ptII/ptolemy/domains/continuous/test/auto/PortParameterHierarchy.xml (RunModel)" time="0.026" />
  <testcase classname="ptolemy.util.test.junit.AutoTests" name="[114] /home/travis/build/icyphy/ptII/ptolemy/domains/continuous/test/auto/RandomHybridPlant.xml (RunModel)" time="0.526" />
  <testcase classname="ptolemy.util.test.junit.AutoTests" name="[115] /home/travis/build/icyphy/ptII/ptolemy/domains/continuous/test/auto/ResetTransitionWithStartTime1.xml (RunModel)" time="0.03" />
  <testcase classname="ptolemy.util.test.junit.AutoTests" name="[116] /home/travis/build/icyphy/ptII/ptolemy/domains/continuous/test/auto/ResetTransitionWithStartTime2.xml (RunModel)" time="0.034" />
  <testcase classname="ptolemy.util.test.junit.AutoTests" name="[117] /home/travis/build/icyphy/ptII/ptolemy/domains/continuous/test/auto/ResetTransitionWithStartTime3.xml (RunModel)" time="0.033" />
  <testcase classname="ptolemy.util.test.junit.AutoTests" name="[118] /home/travis/build/icyphy/ptII/ptolemy/domains/continuous/test/auto/ResetTransitionWithStartTime4.xml (RunModel)" time="0.023" />
  <testcase classname="ptolemy.util.test.junit.AutoTests" name="[119] /home/travis/build/icyphy/ptII/ptolemy/domains/continuous/test/auto/ResetTransitionWithStartTime5.xml (RunModel)" time="0.039" />
  <testcase classname="ptolemy.util.test.junit.AutoTests" name="[120] /home/travis/build/icyphy/ptII/ptolemy/domains/continuous/test/auto/ResetTransitionWithStartTime6.xml (RunModel)" time="0.038" />
  <testcase classname="ptolemy.util.test.junit.AutoTests" name="[121] /home/travis/build/icyphy/ptII/ptolemy/domains/continuous/test/auto/SRinContinuous.xml (RunModel)" time="0.03" />
  <testcase classname="ptolemy.util.test.junit.AutoTests" name="[122] /home/travis/build/icyphy/ptII/ptolemy/domains/continuous/test/auto/SampledClocks.xml (RunModel)" time="0.031" />
  <testcase classname="ptolemy.util.test.junit.AutoTests" name="[123] /home/travis/build/icyphy/ptII/ptolemy/domains/continuous/test/auto/Satellite.xml (RunModel)" time="0.748" />
  <testcase classname="ptolemy.util.test.junit.AutoTests" name="[124] /home/travis/build/icyphy/ptII/ptolemy/domains/continuous/test/auto/SigmaDelta.xml (RunModel)" time="2.167" />
  <testcase classname="ptolemy.util.test.junit.AutoTests" name="[125] /home/travis/build/icyphy/ptII/ptolemy/domains/continuous/test/auto/SingleRefinement.xml (RunModel)" time="0.437" />
  <testcase classname="ptolemy.util.test.junit.AutoTests" name="[126] /home/travis/build/icyphy/ptII/ptolemy/domains/continuous/test/auto/SinuBouncingBall.xml (RunModel)" time="0.814" />
  <testcase classname="ptolemy.util.test.junit.AutoTests" name="[127] /home/travis/build/icyphy/ptII/ptolemy/domains/continuous/test/auto/Sinusoid.xml (RunModel)" time="0.013" />
  <testcase classname="ptolemy.util.test.junit.AutoTests" name="[128] /home/travis/build/icyphy/ptII/ptolemy/domains/continuous/test/auto/SinusoidInNoise.xml (RunModel)" time="0.998" />
  <testcase classname="ptolemy.util.test.junit.AutoTests" name="[129] /home/travis/build/icyphy/ptII/ptolemy/domains/continuous/test/auto/SinusoidRK45.xml (RunModel)" time="0.011" />
  <testcase classname="ptolemy.util.test.junit.AutoTests" name="[130] /home/travis/build/icyphy/ptII/ptolemy/domains/continuous/test/auto/SinusoidWithMultipleImpulses.xml (RunModel)" time="0.014" />
  <testcase classname="ptolemy.util.test.junit.AutoTests" name="[131] /home/travis/build/icyphy/ptII/ptolemy/domains/continuous/test/auto/SquareWave.xml (RunModel)" time="0.185" />
  <testcase classname="ptolemy.util.test.junit.AutoTests" name="[132] /home/travis/build/icyphy/ptII/ptolemy/domains/continuous/test/auto/Starmac.xml (RunModel)" time="3.481" />
  <testcase classname="ptolemy.util.test.junit.AutoTests" name="[133] /home/travis/build/icyphy/ptII/ptolemy/domains/continuous/test/auto/StaticUnits.xml (RunModel)" time="2.53" />
  <testcase classname="ptolemy.util.test.junit.AutoTests" name="[134] /home/travis/build/icyphy/ptII/ptolemy/domains/continuous/test/auto/StickyMasses.xml (RunModel)" time="0.186" />
  <testcase classname="ptolemy.util.test.junit.AutoTests" name="[135] /home/travis/build/icyphy/ptII/ptolemy/domains/continuous/test/auto/StopTime.xml (RunModel)" time="0.072" />
  <testcase classname="ptolemy.util.test.junit.AutoTests" name="[136] /home/travis/build/icyphy/ptII/ptolemy/domains/continuous/test/auto/StopTime2.xml (RunModel)" time="0.056" />
  <testcase classname="ptolemy.util.test.junit.AutoTests" name="[137] /home/travis/build/icyphy/ptII/ptolemy/domains/continuous/test/auto/Switch.xml (RunModel)" time="0.071" />
  <testcase classname="ptolemy.util.test.junit.AutoTests" name="[138] /home/travis/build/icyphy/ptII/ptolemy/domains/continuous/test/auto/Thermostat.xml (RunModel)" time="0.187" />
  <testcase classname="ptolemy.util.test.junit.AutoTests" name="[139] /home/travis/build/icyphy/ptII/ptolemy/domains/continuous/test/auto/TimeDelay.xml (RunModel)" time="0.015" />
  <testcase classname="ptolemy.util.test.junit.AutoTests" name="[140] /home/travis/build/icyphy/ptII/ptolemy/domains/continuous/test/auto/TimeDelay2.xml (RunModel)" time="0.017" />
  <testcase classname="ptolemy.util.test.junit.AutoTests" name="[141] /home/travis/build/icyphy/ptII/ptolemy/domains/continuous/test/auto/TimeDelay3.xml (RunModel)" time="0.012" />
  <testcase classname="ptolemy.util.test.junit.AutoTests" name="[142] /home/travis/build/icyphy/ptII/ptolemy/domains/continuous/test/auto/TransferAbsentToInside.xml (RunModel)" time="0.107" />
  <testcase classname="ptolemy.util.test.junit.AutoTests" name="[143] /home/travis/build/icyphy/ptII/ptolemy/domains/continuous/test/auto/Transmission.xml (RunModel)" time="0.719" />
  <testcase classname="ptolemy.util.test.junit.AutoTests" name="[144] /home/travis/build/icyphy/ptII/ptolemy/domains/continuous/test/auto/TriggeredContinuousClock.xml (RunModel)" time="0.062" />
  <testcase classname="ptolemy.util.test.junit.AutoTests" name="[145] /home/travis/build/icyphy/ptII/ptolemy/domains/continuous/test/auto/TwoMachineInfiniteBusControl.xml (RunModel)" time="2.929" />
  <testcase classname="ptolemy.util.test.junit.AutoTests" name="[146] /home/travis/build/icyphy/ptII/ptolemy/domains/continuous/test/auto/V2V.xml (RunModel)" time="0.718" />
  <testcase classname="ptolemy.util.test.junit.AutoTests" name="[147] /home/travis/build/icyphy/ptII/ptolemy/domains/continuous/test/auto/hierarchicalModalModel.xml (RunModel)" time="0.031" />
  <testcase classname="ptolemy.util.test.junit.AutoTests" name="[148] /home/travis/build/icyphy/ptII/ptolemy/domains/continuous/test/auto/hierarchicalModalModel1.xml (RunModel)" time="0.029" />
  <testcase classname="ptolemy.util.test.junit.AutoTests" name="[149] /home/travis/build/icyphy/ptII/ptolemy/domains/continuous/test/auto/hierarchicalModalModel2.xml (RunModel)" time="0.031" />
  <testcase classname="ptolemy.util.test.junit.AutoTests" name="[150] /home/travis/build/icyphy/ptII/ptolemy/domains/continuous/test/auto/hierarchicalModalModel3.xml (RunModel)" time="0.024" />
  <testcase classname="ptolemy.util.test.junit.AutoTests" name="[151] /home/travis/build/icyphy/ptII/ptolemy/domains/continuous/test/auto/hierarchicalModalModel4.xml (RunModel)" time="0.03" />
  <testcase classname="ptolemy.util.test.junit.AutoTests" name="[152] /home/travis/build/icyphy/ptII/ptolemy/domains/continuous/test/auto/junk.xml (RunModel)" time="0.148" />
  <system-out><![CDATA[No tcl tests in /home/travis/build/icyphy/ptII/ptolemy/domains/continuous/test
No auto/knownFailedTests/*.xml tests in /home/travis/build/icyphy/ptII/ptolemy/domains/continuous/test
No auto/linux-amd64/*.xml tests in /home/travis/build/icyphy/ptII/ptolemy/domains/continuous/test
AutoTests.java: About to close Vertx.
AutoTests.java: Vertx closed.

===========================================================================================
----------------- testing Mon Jun 03 04:28:36 UTC 2019 /home/travis/build/icyphy/ptII/ptolemy/domains/continuous/test/auto/BouncingBall.xml
----------------- Instantiating /home/travis/build/icyphy/ptII/ptolemy/domains/continuous/test/auto/BouncingBall.xml
2231 ms. Memory: 331264K Free: 262395K (79%)
----------------- Invoking toplevel() on ptolemy.moml.MoMLSimpleApplication@6adf623d
----------------- Done invoking toplevel() on ptolemy.moml.MoMLSimpleApplication@6adf623d
reloadAllAccessors: .BouncingBall

===========================================================================================
----------------- testing Mon Jun 03 04:28:39 UTC 2019 /home/travis/build/icyphy/ptII/ptolemy/domains/continuous/test/auto/BouncingBallWithoutGR.xml
----------------- Instantiating /home/travis/build/icyphy/ptII/ptolemy/domains/continuous/test/auto/BouncingBallWithoutGR.xml
1386 ms. Memory: 331776K Free: 318012K (96%)
----------------- Invoking toplevel() on ptolemy.moml.MoMLSimpleApplication@22500d19
----------------- Done invoking toplevel() on ptolemy.moml.MoMLSimpleApplication@22500d19
reloadAllAccessors: .BouncingBallWithoutGR

===========================================================================================
----------------- testing Mon Jun 03 04:28:40 UTC 2019 /home/travis/build/icyphy/ptII/ptolemy/domains/continuous/test/auto/Brownian.xml
----------------- Instantiating /home/travis/build/icyphy/ptII/ptolemy/domains/continuous/test/auto/Brownian.xml
50 ms. Memory: 331776K Free: 304358K (92%)
----------------- Invoking toplevel() on ptolemy.moml.MoMLSimpleApplication@5b4525f6
----------------- Done invoking toplevel() on ptolemy.moml.MoMLSimpleApplication@5b4525f6
reloadAllAccessors: .Brownian

===========================================================================================
----------------- testing Mon Jun 03 04:28:40 UTC 2019 /home/travis/build/icyphy/ptII/ptolemy/domains/continuous/test/auto/CarTracking.xml
----------------- Instantiating /home/travis/build/icyphy/ptII/ptolemy/domains/continuous/test/auto/CarTracking.xml
3730 ms. Memory: 578560K Free: 471656K (82%)
----------------- Invoking toplevel() on ptolemy.moml.MoMLSimpleApplication@46562107
----------------- Done invoking toplevel() on ptolemy.moml.MoMLSimpleApplication@46562107
reloadAllAccessors: .CarTracking

===========================================================================================
----------------- testing Mon Jun 03 04:28:45 UTC 2019 /home/travis/build/icyphy/ptII/ptolemy/domains/continuous/test/auto/CartPendulum.xml
----------------- Instantiating /home/travis/build/icyphy/ptII/ptolemy/domains/continuous/test/auto/CartPendulum.xml
388 ms. Memory: 578560K Free: 367402K (64%)
----------------- Invoking toplevel() on ptolemy.moml.MoMLSimpleApplication@78ac19f2
----------------- Done invoking toplevel() on ptolemy.moml.MoMLSimpleApplication@78ac19f2
reloadAllAccessors: .CartPendulum

===========================================================================================
----------------- testing Mon Jun 03 04:28:46 UTC 2019 /home/travis/build/icyphy/ptII/ptolemy/domains/continuous/test/auto/CausalityInterface10.xml
----------------- Instantiating /home/travis/build/icyphy/ptII/ptolemy/domains/continuous/test/auto/CausalityInterface10.xml
8 ms. Memory: 578560K Free: 354279K (61%)
----------------- Invoking toplevel() on ptolemy.moml.MoMLSimpleApplication@e1d666f
----------------- Done invoking toplevel() on ptolemy.moml.MoMLSimpleApplication@e1d666f
reloadAllAccessors: .CausalityInterface10

===========================================================================================
----------------- testing Mon Jun 03 04:28:46 UTC 2019 /home/travis/build/icyphy/ptII/ptolemy/domains/continuous/test/auto/CausalityInterface11.xml
----------------- Instantiating /home/travis/build/icyphy/ptII/ptolemy/domains/continuous/test/auto/CausalityInterface11.xml
5 ms. Memory: 578560K Free: 344448K (60%)
----------------- Invoking toplevel() on ptolemy.moml.MoMLSimpleApplication@211bbd15
----------------- Done invoking toplevel() on ptolemy.moml.MoMLSimpleApplication@211bbd15
reloadAllAccessors: .CausalityInterface11

===========================================================================================
----------------- testing Mon Jun 03 04:28:46 UTC 2019 /home/travis/build/icyphy/ptII/ptolemy/domains/continuous/test/auto/CausalityInterface12.xml
----------------- Instantiating /home/travis/build/icyphy/ptII/ptolemy/domains/continuous/test/auto/CausalityInterface12.xml
4 ms. Memory: 578560K Free: 331748K (57%)
----------------- Invoking toplevel() on ptolemy.moml.MoMLSimpleApplication@6f5c03a2
----------------- Done invoking toplevel() on ptolemy.moml.MoMLSimpleApplication@6f5c03a2
reloadAllAccessors: .CausalityInterface12

===========================================================================================
----------------- testing Mon Jun 03 04:28:46 UTC 2019 /home/travis/build/icyphy/ptII/ptolemy/domains/continuous/test/auto/CausalityInterface13.xml
----------------- Instantiating /home/travis/build/icyphy/ptII/ptolemy/domains/continuous/test/auto/CausalityInterface13.xml
8 ms. Memory: 578560K Free: 321901K (56%)
----------------- Invoking toplevel() on ptolemy.moml.MoMLSimpleApplication@41c62476
----------------- Done invoking toplevel() on ptolemy.moml.MoMLSimpleApplication@41c62476
reloadAllAccessors: .CausalityInterface13

===========================================================================================
----------------- testing Mon Jun 03 04:28:46 UTC 2019 /home/travis/build/icyphy/ptII/ptolemy/domains/continuous/test/auto/CausalityInterface14.xml
----------------- Instantiating /home/travis/build/icyphy/ptII/ptolemy/domains/continuous/test/auto/CausalityInterface14.xml
4 ms. Memory: 578560K Free: 312055K (54%)
----------------- Invoking toplevel() on ptolemy.moml.MoMLSimpleApplication@4e113d7e
----------------- Done invoking toplevel() on ptolemy.moml.MoMLSimpleApplication@4e113d7e
reloadAllAccessors: .CausalityInterface14

===========================================================================================
----------------- testing Mon Jun 03 04:28:46 UTC 2019 /home/travis/build/icyphy/ptII/ptolemy/domains/continuous/test/auto/CausalityInterface4.xml
----------------- Instantiating /home/travis/build/icyphy/ptII/ptolemy/domains/continuous/test/auto/CausalityInterface4.xml
7 ms. Memory: 578560K Free: 302209K (52%)
----------------- Invoking toplevel() on ptolemy.moml.MoMLSimpleApplication@46b7a586
----------------- Done invoking toplevel() on ptolemy.moml.MoMLSimpleApplication@46b7a586
reloadAllAccessors: .CausalityInterface4

===========================================================================================
----------------- testing Mon Jun 03 04:28:46 UTC 2019 /home/travis/build/icyphy/ptII/ptolemy/domains/continuous/test/auto/CausalityInterface5.xml
----------------- Instantiating /home/travis/build/icyphy/ptII/ptolemy/domains/continuous/test/auto/CausalityInterface5.xml
3 ms. Memory: 578560K Free: 286232K (49%)
----------------- Invoking toplevel() on ptolemy.moml.MoMLSimpleApplication@7885911e
----------------- Done invoking toplevel() on ptolemy.moml.MoMLSimpleApplication@7885911e
reloadAllAccessors: .CausalityInterface5

===========================================================================================
----------------- testing Mon Jun 03 04:28:46 UTC 2019 /home/travis/build/icyphy/ptII/ptolemy/domains/continuous/test/auto/CausalityInterface6.xml
----------------- Instantiating /home/travis/build/icyphy/ptII/ptolemy/domains/continuous/test/auto/CausalityInterface6.xml
8 ms. Memory: 578560K Free: 276385K (48%)
----------------- Invoking toplevel() on ptolemy.moml.MoMLSimpleApplication@2d92adb2
----------------- Done invoking toplevel() on ptolemy.moml.MoMLSimpleApplication@2d92adb2
reloadAllAccessors: .CausalityInterface6

===========================================================================================
----------------- testing Mon Jun 03 04:28:46 UTC 2019 /home/travis/build/icyphy/ptII/ptolemy/domains/continuous/test/auto/CausalityInterface7.xml
----------------- Instantiating /home/travis/build/icyphy/ptII/ptolemy/domains/continuous/test/auto/CausalityInterface7.xml
14 ms. Memory: 578560K Free: 263262K (46%)
----------------- Invoking toplevel() on ptolemy.moml.MoMLSimpleApplication@7c82eba9
----------------- Done invoking toplevel() on ptolemy.moml.MoMLSimpleApplication@7c82eba9
reloadAllAccessors: .CausalityInterface7

===========================================================================================
----------------- testing Mon Jun 03 04:28:46 UTC 2019 /home/travis/build/icyphy/ptII/ptolemy/domains/continuous/test/auto/CausalityInterface8.xml
----------------- Instantiating /home/travis/build/icyphy/ptII/ptolemy/domains/continuous/test/auto/CausalityInterface8.xml
5 ms. Memory: 578560K Free: 250123K (43%)
----------------- Invoking toplevel() on ptolemy.moml.MoMLSimpleApplication@1828d2dd
----------------- Done invoking toplevel() on ptolemy.moml.MoMLSimpleApplication@1828d2dd
reloadAllAccessors: .CausalityInterface8

===========================================================================================
----------------- testing Mon Jun 03 04:28:46 UTC 2019 /home/travis/build/icyphy/ptII/ptolemy/domains/continuous/test/auto/CausalityInterface9.xml
----------------- Instantiating /home/travis/build/icyphy/ptII/ptolemy/domains/continuous/test/auto/CausalityInterface9.xml
8 ms. Memory: 578560K Free: 224315K (39%)
----------------- Invoking toplevel() on ptolemy.moml.MoMLSimpleApplication@57677e03
----------------- Done invoking toplevel() on ptolemy.moml.MoMLSimpleApplication@57677e03
reloadAllAccessors: .CausalityInterface9

===========================================================================================
----------------- testing Mon Jun 03 04:28:46 UTC 2019 /home/travis/build/icyphy/ptII/ptolemy/domains/continuous/test/auto/CausalityInterfaceFeedback1.xml
----------------- Instantiating /home/travis/build/icyphy/ptII/ptolemy/domains/continuous/test/auto/CausalityInterfaceFeedback1.xml
6 ms. Memory: 578560K Free: 214477K (37%)
----------------- Invoking toplevel() on ptolemy.moml.MoMLSimpleApplication@774596ca
----------------- Done invoking toplevel() on ptolemy.moml.MoMLSimpleApplication@774596ca
reloadAllAccessors: .CausalityInterfaceFeedback1

===========================================================================================
----------------- testing Mon Jun 03 04:28:46 UTC 2019 /home/travis/build/icyphy/ptII/ptolemy/domains/continuous/test/auto/CausalityInterfaceFeedback2.xml
----------------- Instantiating /home/travis/build/icyphy/ptII/ptolemy/domains/continuous/test/auto/CausalityInterfaceFeedback2.xml
8 ms. Memory: 578560K Free: 204630K (35%)
----------------- Invoking toplevel() on ptolemy.moml.MoMLSimpleApplication@7f64361b
----------------- Done invoking toplevel() on ptolemy.moml.MoMLSimpleApplication@7f64361b
reloadAllAccessors: .CausalityInterfaceFeedback2

===========================================================================================
----------------- testing Mon Jun 03 04:28:46 UTC 2019 /home/travis/build/icyphy/ptII/ptolemy/domains/continuous/test/auto/CompareWithCurrentTime.xml
----------------- Instantiating /home/travis/build/icyphy/ptII/ptolemy/domains/continuous/test/auto/CompareWithCurrentTime.xml
7 ms. Memory: 578560K Free: 195223K (34%)
----------------- Invoking toplevel() on ptolemy.moml.MoMLSimpleApplication@6cafa59
----------------- Done invoking toplevel() on ptolemy.moml.MoMLSimpleApplication@6cafa59
reloadAllAccessors: .CompareWithCurrentTime

===========================================================================================
----------------- testing Mon Jun 03 04:28:46 UTC 2019 /home/travis/build/icyphy/ptII/ptolemy/domains/continuous/test/auto/ComparedClocks.xml
----------------- Instantiating /home/travis/build/icyphy/ptII/ptolemy/domains/continuous/test/auto/ComparedClocks.xml
11 ms. Memory: 578560K Free: 175514K (30%)
----------------- Invoking toplevel() on ptolemy.moml.MoMLSimpleApplication@32b7181b
----------------- Done invoking toplevel() on ptolemy.moml.MoMLSimpleApplication@32b7181b
reloadAllAccessors: .ComparedClocks

===========================================================================================
----------------- testing Mon Jun 03 04:28:46 UTC 2019 /home/travis/build/icyphy/ptII/ptolemy/domains/continuous/test/auto/ContinuousAOCClone.xml
----------------- Instantiating /home/travis/build/icyphy/ptII/ptolemy/domains/continuous/test/auto/ContinuousAOCClone.xml
2349 ms. Memory: 872960K Free: 442451K (51%)
----------------- Invoking toplevel() on ptolemy.moml.MoMLSimpleApplication@1225f3fa
----------------- Done invoking toplevel() on ptolemy.moml.MoMLSimpleApplication@1225f3fa
reloadAllAccessors: .ContinuousAOCClone

===========================================================================================
----------------- testing Mon Jun 03 04:28:49 UTC 2019 /home/travis/build/icyphy/ptII/ptolemy/domains/continuous/test/auto/ContinuousClock.xml
----------------- Instantiating /home/travis/build/icyphy/ptII/ptolemy/domains/continuous/test/auto/ContinuousClock.xml
29 ms. Memory: 872960K Free: 408255K (47%)
----------------- Invoking toplevel() on ptolemy.moml.MoMLSimpleApplication@7c7aaab8
----------------- Done invoking toplevel() on ptolemy.moml.MoMLSimpleApplication@7c7aaab8
reloadAllAccessors: .ContinuousClock

===========================================================================================
----------------- testing Mon Jun 03 04:28:49 UTC 2019 /home/travis/build/icyphy/ptII/ptolemy/domains/continuous/test/auto/ContinuousInContinuous.xml
----------------- Instantiating /home/travis/build/icyphy/ptII/ptolemy/domains/continuous/test/auto/ContinuousInContinuous.xml
40 ms. Memory: 872960K Free: 380684K (44%)
----------------- Invoking toplevel() on ptolemy.moml.MoMLSimpleApplication@76ccd9cb
----------------- Done invoking toplevel() on ptolemy.moml.MoMLSimpleApplication@76ccd9cb
reloadAllAccessors: .ContinuousInContinuous

===========================================================================================
----------------- testing Mon Jun 03 04:28:49 UTC 2019 /home/travis/build/icyphy/ptII/ptolemy/domains/continuous/test/auto/ContinuousInContinuousInContinuous.xml
----------------- Instantiating /home/travis/build/icyphy/ptII/ptolemy/domains/continuous/test/auto/ContinuousInContinuousInContinuous.xml
8 ms. Memory: 872960K Free: 368879K (42%)
----------------- Invoking toplevel() on ptolemy.moml.MoMLSimpleApplication@1ef080b3
----------------- Done invoking toplevel() on ptolemy.moml.MoMLSimpleApplication@1ef080b3
reloadAllAccessors: .ContinuousInContinuousInContinuous

===========================================================================================
----------------- testing Mon Jun 03 04:28:49 UTC 2019 /home/travis/build/icyphy/ptII/ptolemy/domains/continuous/test/auto/ContinuousInDE.xml
----------------- Instantiating /home/travis/build/icyphy/ptII/ptolemy/domains/continuous/test/auto/ContinuousInDE.xml
120 ms. Memory: 872960K Free: 350051K (40%)
----------------- Invoking toplevel() on ptolemy.moml.MoMLSimpleApplication@3626f774
----------------- Done invoking toplevel() on ptolemy.moml.MoMLSimpleApplication@3626f774
reloadAllAccessors: .ContinuousInDE

===========================================================================================
----------------- testing Mon Jun 03 04:28:49 UTC 2019 /home/travis/build/icyphy/ptII/ptolemy/domains/continuous/test/auto/ContinuousInDE2.xml
----------------- Instantiating /home/travis/build/icyphy/ptII/ptolemy/domains/continuous/test/auto/ContinuousInDE2.xml
47 ms. Memory: 872960K Free: 338263K (39%)
----------------- Invoking toplevel() on ptolemy.moml.MoMLSimpleApplication@681a0b71
----------------- Done invoking toplevel() on ptolemy.moml.MoMLSimpleApplication@681a0b71
reloadAllAccessors: .ContinuousInDE2

===========================================================================================
----------------- testing Mon Jun 03 04:28:49 UTC 2019 /home/travis/build/icyphy/ptII/ptolemy/domains/continuous/test/auto/ContinuousInDE3.xml
----------------- Instantiating /home/travis/build/icyphy/ptII/ptolemy/domains/continuous/test/auto/ContinuousInDE3.xml
38 ms. Memory: 872960K Free: 326474K (37%)
----------------- Invoking toplevel() on ptolemy.moml.MoMLSimpleApplication@65d8024f
----------------- Done invoking toplevel() on ptolemy.moml.MoMLSimpleApplication@65d8024f
reloadAllAccessors: .ContinuousInDE3

===========================================================================================
----------------- testing Mon Jun 03 04:28:49 UTC 2019 /home/travis/build/icyphy/ptII/ptolemy/domains/continuous/test/auto/ContinuousInDE4.xml
----------------- Instantiating /home/travis/build/icyphy/ptII/ptolemy/domains/continuous/test/auto/ContinuousInDE4.xml
16 ms. Memory: 872960K Free: 318614K (36%)
----------------- Invoking toplevel() on ptolemy.moml.MoMLSimpleApplication@6b9311a8
----------------- Done invoking toplevel() on ptolemy.moml.MoMLSimpleApplication@6b9311a8
reloadAllAccessors: .ContinuousInDE4

===========================================================================================
----------------- testing Mon Jun 03 04:28:49 UTC 2019 /home/travis/build/icyphy/ptII/ptolemy/domains/continuous/test/auto/ContinuousInDEDifferentRefinements.xml
----------------- Instantiating /home/travis/build/icyphy/ptII/ptolemy/domains/continuous/test/auto/ContinuousInDEDifferentRefinements.xml
60 ms. Memory: 872960K Free: 280082K (32%)
----------------- Invoking toplevel() on ptolemy.moml.MoMLSimpleApplication@3f6f3656
----------------- Done invoking toplevel() on ptolemy.moml.MoMLSimpleApplication@3f6f3656
reloadAllAccessors: .ContinuousInDEDifferentRefinements

===========================================================================================
----------------- testing Mon Jun 03 04:28:49 UTC 2019 /home/travis/build/icyphy/ptII/ptolemy/domains/continuous/test/auto/ContinuousInDEDifferentRefinementsPreemptive.xml
----------------- Instantiating /home/travis/build/icyphy/ptII/ptolemy/domains/continuous/test/auto/ContinuousInDEDifferentRefinementsPreemptive.xml
48 ms. Memory: 872960K Free: 244643K (28%)
----------------- Invoking toplevel() on ptolemy.moml.MoMLSimpleApplication@77fc25ac
----------------- Done invoking toplevel() on ptolemy.moml.MoMLSimpleApplication@77fc25ac
reloadAllAccessors: .ContinuousInDEDifferentRefinementsPreemptive

===========================================================================================
----------------- testing Mon Jun 03 04:28:50 UTC 2019 /home/travis/build/icyphy/ptII/ptolemy/domains/continuous/test/auto/ContinuousInDEInContinuous2.xml
----------------- Instantiating /home/travis/build/icyphy/ptII/ptolemy/domains/continuous/test/auto/ContinuousInDEInContinuous2.xml
33 ms. Memory: 872960K Free: 228909K (26%)
----------------- Invoking toplevel() on ptolemy.moml.MoMLSimpleApplication@36b66460
----------------- Done invoking toplevel() on ptolemy.moml.MoMLSimpleApplication@36b66460
reloadAllAccessors: .ContinuousInDEInContinuous2

===========================================================================================
----------------- testing Mon Jun 03 04:28:50 UTC 2019 /home/travis/build/icyphy/ptII/ptolemy/domains/continuous/test/auto/ContinuousInDEInContinuous3.xml
----------------- Instantiating /home/travis/build/icyphy/ptII/ptolemy/domains/continuous/test/auto/ContinuousInDEInContinuous3.xml
36 ms. Memory: 872960K Free: 213174K (24%)
----------------- Invoking toplevel() on ptolemy.moml.MoMLSimpleApplication@49e1085f
----------------- Done invoking toplevel() on ptolemy.moml.MoMLSimpleApplication@49e1085f
reloadAllAccessors: .ContinuousInDEInContinuous3

===========================================================================================
----------------- testing Mon Jun 03 04:28:50 UTC 2019 /home/travis/build/icyphy/ptII/ptolemy/domains/continuous/test/auto/ContinuousInDEInput.xml
----------------- Instantiating /home/travis/build/icyphy/ptII/ptolemy/domains/continuous/test/auto/ContinuousInDEInput.xml
15 ms. Memory: 872960K Free: 198276K (23%)
----------------- Invoking toplevel() on ptolemy.moml.MoMLSimpleApplication@7ac366e9
----------------- Done invoking toplevel() on ptolemy.moml.MoMLSimpleApplication@7ac366e9
reloadAllAccessors: .ContinuousInDEInput

===========================================================================================
----------------- testing Mon Jun 03 04:28:50 UTC 2019 /home/travis/build/icyphy/ptII/ptolemy/domains/continuous/test/auto/ContinuousInDEInput2.xml
----------------- Instantiating /home/travis/build/icyphy/ptII/ptolemy/domains/continuous/test/auto/ContinuousInDEInput2.xml
18 ms. Memory: 872960K Free: 186471K (21%)
----------------- Invoking toplevel() on ptolemy.moml.MoMLSimpleApplication@687da63b
----------------- Done invoking toplevel() on ptolemy.moml.MoMLSimpleApplication@687da63b
reloadAllAccessors: .ContinuousInDEInput2

===========================================================================================
----------------- testing Mon Jun 03 04:28:50 UTC 2019 /home/travis/build/icyphy/ptII/ptolemy/domains/continuous/test/auto/ContinuousInDEInput3.xml
----------------- Instantiating /home/travis/build/icyphy/ptII/ptolemy/domains/continuous/test/auto/ContinuousInDEInput3.xml
14 ms. Memory: 872960K Free: 174667K (20%)
----------------- Invoking toplevel() on ptolemy.moml.MoMLSimpleApplication@5d86a826
----------------- Done invoking toplevel() on ptolemy.moml.MoMLSimpleApplication@5d86a826
reloadAllAccessors: .ContinuousInDEInput3

===========================================================================================
----------------- testing Mon Jun 03 04:28:50 UTC 2019 /home/travis/build/icyphy/ptII/ptolemy/domains/continuous/test/auto/ContinuousInDESharingRefinement.xml
----------------- Instantiating /home/travis/build/icyphy/ptII/ptolemy/domains/continuous/test/auto/ContinuousInDESharingRefinement.xml
153 ms. Memory: 872960K Free: 76226K (9%)
----------------- Invoking toplevel() on ptolemy.moml.MoMLSimpleApplication@5f314306
----------------- Done invoking toplevel() on ptolemy.moml.MoMLSimpleApplication@5f314306
reloadAllAccessors: .ContinuousInDESharingRefinement

===========================================================================================
----------------- testing Mon Jun 03 04:28:50 UTC 2019 /home/travis/build/icyphy/ptII/ptolemy/domains/continuous/test/auto/ContinuousInDEwithNoPorts.xml
----------------- Instantiating /home/travis/build/icyphy/ptII/ptolemy/domains/continuous/test/auto/ContinuousInDEwithNoPorts.xml
6 ms. Memory: 873472K Free: 851755K (98%)
----------------- Invoking toplevel() on ptolemy.moml.MoMLSimpleApplication@66ed02f4
----------------- Done invoking toplevel() on ptolemy.moml.MoMLSimpleApplication@66ed02f4
reloadAllAccessors: .ContinuousInDEwithNoPorts

===========================================================================================
----------------- testing Mon Jun 03 04:28:50 UTC 2019 /home/travis/build/icyphy/ptII/ptolemy/domains/continuous/test/auto/ContinuousInsideDE.xml
----------------- Instantiating /home/travis/build/icyphy/ptII/ptolemy/domains/continuous/test/auto/ContinuousInsideDE.xml
48 ms. Memory: 873472K Free: 833911K (95%)
----------------- Invoking toplevel() on ptolemy.moml.MoMLSimpleApplication@505a7f1d
----------------- Done invoking toplevel() on ptolemy.moml.MoMLSimpleApplication@505a7f1d
reloadAllAccessors: .ContinuousInsideDE

===========================================================================================
----------------- testing Mon Jun 03 04:28:50 UTC 2019 /home/travis/build/icyphy/ptII/ptolemy/domains/continuous/test/auto/ContinuousMerge1.xml
----------------- Instantiating /home/travis/build/icyphy/ptII/ptolemy/domains/continuous/test/auto/ContinuousMerge1.xml
3 ms. Memory: 873472K Free: 823432K (94%)
----------------- Invoking toplevel() on ptolemy.moml.MoMLSimpleApplication@3de996f3
----------------- Done invoking toplevel() on ptolemy.moml.MoMLSimpleApplication@3de996f3
reloadAllAccessors: .ContinuousMerge1

===========================================================================================
----------------- testing Mon Jun 03 04:28:50 UTC 2019 /home/travis/build/icyphy/ptII/ptolemy/domains/continuous/test/auto/ContinuousMerge2.xml
----------------- Instantiating /home/travis/build/icyphy/ptII/ptolemy/domains/continuous/test/auto/ContinuousMerge2.xml
13 ms. Memory: 873472K Free: 805440K (92%)
----------------- Invoking toplevel() on ptolemy.moml.MoMLSimpleApplication@329ad777
----------------- Done invoking toplevel() on ptolemy.moml.MoMLSimpleApplication@329ad777
reloadAllAccessors: .ContinuousMerge2

===========================================================================================
----------------- testing Mon Jun 03 04:28:50 UTC 2019 /home/travis/build/icyphy/ptII/ptolemy/domains/continuous/test/auto/ContinuousMerge3.xml
----------------- Instantiating /home/travis/build/icyphy/ptII/ptolemy/domains/continuous/test/auto/ContinuousMerge3.xml
47 ms. Memory: 873472K Free: 789721K (90%)
----------------- Invoking toplevel() on ptolemy.moml.MoMLSimpleApplication@2897d8d7
----------------- Done invoking toplevel() on ptolemy.moml.MoMLSimpleApplication@2897d8d7
reloadAllAccessors: .ContinuousMerge3

===========================================================================================
----------------- testing Mon Jun 03 04:28:50 UTC 2019 /home/travis/build/icyphy/ptII/ptolemy/domains/continuous/test/auto/ContinuousWithinContinuous.xml
----------------- Instantiating /home/travis/build/icyphy/ptII/ptolemy/domains/continuous/test/auto/ContinuousWithinContinuous.xml
43 ms. Memory: 873472K Free: 779242K (89%)
----------------- Invoking toplevel() on ptolemy.moml.MoMLSimpleApplication@33303fad
----------------- Done invoking toplevel() on ptolemy.moml.MoMLSimpleApplication@33303fad
reloadAllAccessors: .ContinuousWithinContinuous

===========================================================================================
----------------- testing Mon Jun 03 04:28:50 UTC 2019 /home/travis/build/icyphy/ptII/ptolemy/domains/continuous/test/auto/ContinuousWithinContinuous2.xml
----------------- Instantiating /home/travis/build/icyphy/ptII/ptolemy/domains/continuous/test/auto/ContinuousWithinContinuous2.xml
80 ms. Memory: 873472K Free: 761414K (87%)
----------------- Invoking toplevel() on ptolemy.moml.MoMLSimpleApplication@57b4719b
----------------- Done invoking toplevel() on ptolemy.moml.MoMLSimpleApplication@57b4719b
reloadAllAccessors: .ContinuousWithinContinuous2

===========================================================================================
----------------- testing Mon Jun 03 04:28:51 UTC 2019 /home/travis/build/icyphy/ptII/ptolemy/domains/continuous/test/auto/ContinuousWithinContinuous3.xml
----------------- Instantiating /home/travis/build/icyphy/ptII/ptolemy/domains/continuous/test/auto/ContinuousWithinContinuous3.xml
18 ms. Memory: 873472K Free: 750935K (86%)
----------------- Invoking toplevel() on ptolemy.moml.MoMLSimpleApplication@2db306a2
----------------- Done invoking toplevel() on ptolemy.moml.MoMLSimpleApplication@2db306a2
reloadAllAccessors: .ContinuousWithinContinuous3

===========================================================================================
----------------- testing Mon Jun 03 04:28:51 UTC 2019 /home/travis/build/icyphy/ptII/ptolemy/domains/continuous/test/auto/ContinuousWithinContinuous4.xml
----------------- Instantiating /home/travis/build/icyphy/ptII/ptolemy/domains/continuous/test/auto/ContinuousWithinContinuous4.xml
74 ms. Memory: 873472K Free: 733107K (84%)
----------------- Invoking toplevel() on ptolemy.moml.MoMLSimpleApplication@2edaf80b
----------------- Done invoking toplevel() on ptolemy.moml.MoMLSimpleApplication@2edaf80b
reloadAllAccessors: .ContinuousWithinContinuous4

===========================================================================================
----------------- testing Mon Jun 03 04:28:51 UTC 2019 /home/travis/build/icyphy/ptII/ptolemy/domains/continuous/test/auto/ContinuousWithinContinuous5.xml
----------------- Instantiating /home/travis/build/icyphy/ptII/ptolemy/domains/continuous/test/auto/ContinuousWithinContinuous5.xml
17 ms. Memory: 873472K Free: 722628K (83%)
----------------- Invoking toplevel() on ptolemy.moml.MoMLSimpleApplication@539d95fe
----------------- Done invoking toplevel() on ptolemy.moml.MoMLSimpleApplication@539d95fe
reloadAllAccessors: .ContinuousWithinContinuous5

===========================================================================================
----------------- testing Mon Jun 03 04:28:51 UTC 2019 /home/travis/build/icyphy/ptII/ptolemy/domains/continuous/test/auto/ContinuousWithinContinuous6.xml
----------------- Instantiating /home/travis/build/icyphy/ptII/ptolemy/domains/continuous/test/auto/ContinuousWithinContinuous6.xml
12 ms. Memory: 873472K Free: 712149K (82%)
----------------- Invoking toplevel() on ptolemy.moml.MoMLSimpleApplication@2be22136
----------------- Done invoking toplevel() on ptolemy.moml.MoMLSimpleApplication@2be22136
reloadAllAccessors: .ContinuousWithinContinuous6

===========================================================================================
----------------- testing Mon Jun 03 04:28:51 UTC 2019 /home/travis/build/icyphy/ptII/ptolemy/domains/continuous/test/auto/ContinuousWithinContinuous7.xml
----------------- Instantiating /home/travis/build/icyphy/ptII/ptolemy/domains/continuous/test/auto/ContinuousWithinContinuous7.xml
64 ms. Memory: 873472K Free: 694321K (79%)
----------------- Invoking toplevel() on ptolemy.moml.MoMLSimpleApplication@3bf3839a
----------------- Done invoking toplevel() on ptolemy.moml.MoMLSimpleApplication@3bf3839a
reloadAllAccessors: .ContinuousWithinContinuous7

===========================================================================================
----------------- testing Mon Jun 03 04:28:51 UTC 2019 /home/travis/build/icyphy/ptII/ptolemy/domains/continuous/test/auto/DCMotor.xml
----------------- Instantiating /home/travis/build/icyphy/ptII/ptolemy/domains/continuous/test/auto/DCMotor.xml
11617 ms. Memory: 734720K Free: 235415K (32%)
----------------- Invoking toplevel() on ptolemy.moml.MoMLSimpleApplication@2ff2da6b
----------------- Done invoking toplevel() on ptolemy.moml.MoMLSimpleApplication@2ff2da6b
reloadAllAccessors: .DCMotor

===========================================================================================
----------------- testing Mon Jun 03 04:29:03 UTC 2019 /home/travis/build/icyphy/ptII/ptolemy/domains/continuous/test/auto/DEInContinuous.xml
----------------- Instantiating /home/travis/build/icyphy/ptII/ptolemy/domains/continuous/test/auto/DEInContinuous.xml
11 ms. Memory: 734720K Free: 218932K (30%)
----------------- Invoking toplevel() on ptolemy.moml.MoMLSimpleApplication@7c5c8f97
----------------- Done invoking toplevel() on ptolemy.moml.MoMLSimpleApplication@7c5c8f97
reloadAllAccessors: .DEInContinuous

===========================================================================================
----------------- testing Mon Jun 03 04:29:03 UTC 2019 /home/travis/build/icyphy/ptII/ptolemy/domains/continuous/test/auto/DEinContinuous2.xml
----------------- Instantiating /home/travis/build/icyphy/ptII/ptolemy/domains/continuous/test/auto/DEinContinuous2.xml
6 ms. Memory: 734720K Free: 204819K (28%)
----------------- Invoking toplevel() on ptolemy.moml.MoMLSimpleApplication@1b955307
----------------- Done invoking toplevel() on ptolemy.moml.MoMLSimpleApplication@1b955307
reloadAllAccessors: .DEinContinuous2

===========================================================================================
----------------- testing Mon Jun 03 04:29:03 UTC 2019 /home/travis/build/icyphy/ptII/ptolemy/domains/continuous/test/auto/Derivative.xml
----------------- Instantiating /home/travis/build/icyphy/ptII/ptolemy/domains/continuous/test/auto/Derivative.xml
140 ms. Memory: 734720K Free: 164767K (22%)
----------------- Invoking toplevel() on ptolemy.moml.MoMLSimpleApplication@5c6a686e
----------------- Done invoking toplevel() on ptolemy.moml.MoMLSimpleApplication@5c6a686e
reloadAllAccessors: .Derivative2

===========================================================================================
----------------- testing Mon Jun 03 04:29:03 UTC 2019 /home/travis/build/icyphy/ptII/ptolemy/domains/continuous/test/auto/Derivative1.xml
----------------- Instantiating /home/travis/build/icyphy/ptII/ptolemy/domains/continuous/test/auto/Derivative1.xml
26 ms. Memory: 734720K Free: 145367K (20%)
----------------- Invoking toplevel() on ptolemy.moml.MoMLSimpleApplication@1d119d9d
----------------- Done invoking toplevel() on ptolemy.moml.MoMLSimpleApplication@1d119d9d
reloadAllAccessors: .Derivative1

===========================================================================================
----------------- testing Mon Jun 03 04:29:03 UTC 2019 /home/travis/build/icyphy/ptII/ptolemy/domains/continuous/test/auto/DiscreteClock.xml
----------------- Instantiating /home/travis/build/icyphy/ptII/ptolemy/domains/continuous/test/auto/DiscreteClock.xml
4 ms. Memory: 734720K Free: 131254K (18%)
----------------- Invoking toplevel() on ptolemy.moml.MoMLSimpleApplication@31398ed6
----------------- Done invoking toplevel() on ptolemy.moml.MoMLSimpleApplication@31398ed6
reloadAllAccessors: .DiscreteClock

===========================================================================================
----------------- testing Mon Jun 03 04:29:03 UTC 2019 /home/travis/build/icyphy/ptII/ptolemy/domains/continuous/test/auto/EfficiencyCurve.xml
----------------- Instantiating /home/travis/build/icyphy/ptII/ptolemy/domains/continuous/test/auto/EfficiencyCurve.xml
45 ms. Memory: 734720K Free: 117141K (16%)
----------------- Invoking toplevel() on ptolemy.moml.MoMLSimpleApplication@7cd7d1e2
----------------- Done invoking toplevel() on ptolemy.moml.MoMLSimpleApplication@7cd7d1e2
reloadAllAccessors: .EfficiencyCurve

===========================================================================================
----------------- testing Mon Jun 03 04:29:03 UTC 2019 /home/travis/build/icyphy/ptII/ptolemy/domains/continuous/test/auto/ExponentialResponse.xml
----------------- Instantiating /home/travis/build/icyphy/ptII/ptolemy/domains/continuous/test/auto/ExponentialResponse.xml
106 ms. Memory: 734720K Free: 97741K (13%)
----------------- Invoking toplevel() on ptolemy.moml.MoMLSimpleApplication@30fe025e
----------------- Done invoking toplevel() on ptolemy.moml.MoMLSimpleApplication@30fe025e
reloadAllAccessors: .ExponentialResponse

===========================================================================================
----------------- testing Mon Jun 03 04:29:03 UTC 2019 /home/travis/build/icyphy/ptII/ptolemy/domains/continuous/test/auto/ExponentialResponseRK45.xml
----------------- Instantiating /home/travis/build/icyphy/ptII/ptolemy/domains/continuous/test/auto/ExponentialResponseRK45.xml
22 ms. Memory: 734720K Free: 83628K (11%)
----------------- Invoking toplevel() on ptolemy.moml.MoMLSimpleApplication@1ad5a
----------------- Done invoking toplevel() on ptolemy.moml.MoMLSimpleApplication@1ad5a
reloadAllAccessors: .ExponentialResponseRK45

===========================================================================================
----------------- testing Mon Jun 03 04:29:03 UTC 2019 /home/travis/build/icyphy/ptII/ptolemy/domains/continuous/test/auto/Friction.xml
----------------- Instantiating /home/travis/build/icyphy/ptII/ptolemy/domains/continuous/test/auto/Friction.xml
1211 ms. Memory: 698368K Free: 260772K (37%)
----------------- Invoking toplevel() on ptolemy.moml.MoMLSimpleApplication@bf49a83
----------------- Done invoking toplevel() on ptolemy.moml.MoMLSimpleApplication@bf49a83
reloadAllAccessors: .Friction

===========================================================================================
----------------- testing Mon Jun 03 04:29:04 UTC 2019 /home/travis/build/icyphy/ptII/ptolemy/domains/continuous/test/auto/FurutaPendulum.xml
----------------- Instantiating /home/travis/build/icyphy/ptII/ptolemy/domains/continuous/test/auto/FurutaPendulum.xml
3053 ms. Memory: 671744K Free: 345958K (52%)
----------------- Invoking toplevel() on ptolemy.moml.MoMLSimpleApplication@5576fda9
----------------- Done invoking toplevel() on ptolemy.moml.MoMLSimpleApplication@5576fda9
reloadAllAccessors: .FurutaPendulum

===========================================================================================
----------------- testing Mon Jun 03 04:29:08 UTC 2019 /home/travis/build/icyphy/ptII/ptolemy/domains/continuous/test/auto/HierarchicalExecution.xml
----------------- Instantiating /home/travis/build/icyphy/ptII/ptolemy/domains/continuous/test/auto/HierarchicalExecution.xml
1663 ms. Memory: 647168K Free: 607056K (94%)
----------------- Invoking toplevel() on ptolemy.moml.MoMLSimpleApplication@7dc186c7
----------------- Done invoking toplevel() on ptolemy.moml.MoMLSimpleApplication@7dc186c7
reloadAllAccessors: .HierarchicalExecution

===========================================================================================
----------------- testing Mon Jun 03 04:29:10 UTC 2019 /home/travis/build/icyphy/ptII/ptolemy/domains/continuous/test/auto/HybridPlant.xml
----------------- Instantiating /home/travis/build/icyphy/ptII/ptolemy/domains/continuous/test/auto/HybridPlant.xml
505 ms. Memory: 647168K Free: 331373K (51%)
----------------- Invoking toplevel() on ptolemy.moml.MoMLSimpleApplication@484e219e
----------------- Done invoking toplevel() on ptolemy.moml.MoMLSimpleApplication@484e219e
reloadAllAccessors: .HybridPlant

===========================================================================================
----------------- testing Mon Jun 03 04:29:10 UTC 2019 /home/travis/build/icyphy/ptII/ptolemy/domains/continuous/test/auto/Hysteresis.xml
----------------- Instantiating /home/travis/build/icyphy/ptII/ptolemy/domains/continuous/test/auto/Hysteresis.xml
147 ms. Memory: 647168K Free: 268751K (42%)
----------------- Invoking toplevel() on ptolemy.moml.MoMLSimpleApplication@647b9c3a
----------------- Done invoking toplevel() on ptolemy.moml.MoMLSimpleApplication@647b9c3a
reloadAllAccessors: .Hysteresis

===========================================================================================
----------------- testing Mon Jun 03 04:29:10 UTC 2019 /home/travis/build/icyphy/ptII/ptolemy/domains/continuous/test/auto/HysteresisWithRandomDelay.xml
----------------- Instantiating /home/travis/build/icyphy/ptII/ptolemy/domains/continuous/test/auto/HysteresisWithRandomDelay.xml
165 ms. Memory: 647168K Free: 192120K (30%)
----------------- Invoking toplevel() on ptolemy.moml.MoMLSimpleApplication@381577da
----------------- Done invoking toplevel() on ptolemy.moml.MoMLSimpleApplication@381577da
reloadAllAccessors: .HysteresisWithRandomDelay

===========================================================================================
----------------- testing Mon Jun 03 04:29:11 UTC 2019 /home/travis/build/icyphy/ptII/ptolemy/domains/continuous/test/auto/HysteresisWithRandomLosses.xml
----------------- Instantiating /home/travis/build/icyphy/ptII/ptolemy/domains/continuous/test/auto/HysteresisWithRandomLosses.xml
2200 ms. Memory: 589312K Free: 461622K (78%)
----------------- Invoking toplevel() on ptolemy.moml.MoMLSimpleApplication@72265a3a
----------------- Done invoking toplevel() on ptolemy.moml.MoMLSimpleApplication@72265a3a
reloadAllAccessors: .HysteresisWithRandomLosses

===========================================================================================
----------------- testing Mon Jun 03 04:29:13 UTC 2019 /home/travis/build/icyphy/ptII/ptolemy/domains/continuous/test/auto/ImmediateTransitions.xml
----------------- Instantiating /home/travis/build/icyphy/ptII/ptolemy/domains/continuous/test/auto/ImmediateTransitions.xml
16 ms. Memory: 589312K Free: 448934K (76%)
----------------- Invoking toplevel() on ptolemy.moml.MoMLSimpleApplication@28f6c8ba
----------------- Done invoking toplevel() on ptolemy.moml.MoMLSimpleApplication@28f6c8ba
reloadAllAccessors: .ImmediateTransitions

===========================================================================================
----------------- testing Mon Jun 03 04:29:13 UTC 2019 /home/travis/build/icyphy/ptII/ptolemy/domains/continuous/test/auto/ImpulseFeedback.xml
----------------- Instantiating /home/travis/build/icyphy/ptII/ptolemy/domains/continuous/test/auto/ImpulseFeedback.xml
8 ms. Memory: 589312K Free: 437940K (74%)
----------------- Invoking toplevel() on ptolemy.moml.MoMLSimpleApplication@eaa36ce
----------------- Done invoking toplevel() on ptolemy.moml.MoMLSimpleApplication@eaa36ce
reloadAllAccessors: .ImpulseFeedback

===========================================================================================
----------------- testing Mon Jun 03 04:29:13 UTC 2019 /home/travis/build/icyphy/ptII/ptolemy/domains/continuous/test/auto/ImpulseFeedback2.xml
----------------- Instantiating /home/travis/build/icyphy/ptII/ptolemy/domains/continuous/test/auto/ImpulseFeedback2.xml
5 ms. Memory: 589312K Free: 426954K (72%)
----------------- Invoking toplevel() on ptolemy.moml.MoMLSimpleApplication@1cbf092
----------------- Done invoking toplevel() on ptolemy.moml.MoMLSimpleApplication@1cbf092
reloadAllAccessors: .ImpulseFeedback2

===========================================================================================
----------------- testing Mon Jun 03 04:29:13 UTC 2019 /home/travis/build/icyphy/ptII/ptolemy/domains/continuous/test/auto/IncreasingRatePoisson.xml
----------------- Instantiating /home/travis/build/icyphy/ptII/ptolemy/domains/continuous/test/auto/IncreasingRatePoisson.xml
679 ms. Memory: 589312K Free: 113784K (19%)
----------------- Invoking toplevel() on ptolemy.moml.MoMLSimpleApplication@19718b77
----------------- Done invoking toplevel() on ptolemy.moml.MoMLSimpleApplication@19718b77
reloadAllAccessors: .IncreasingRatePoisson

===========================================================================================
----------------- testing Mon Jun 03 04:29:14 UTC 2019 /home/travis/build/icyphy/ptII/ptolemy/domains/continuous/test/auto/InitialStateFeedback.xml
----------------- Instantiating /home/travis/build/icyphy/ptII/ptolemy/domains/continuous/test/auto/InitialStateFeedback.xml
8 ms. Memory: 589312K Free: 106200K (18%)
----------------- Invoking toplevel() on ptolemy.moml.MoMLSimpleApplication@684fb713
----------------- Done invoking toplevel() on ptolemy.moml.MoMLSimpleApplication@684fb713
reloadAllAccessors: .InitialStateFeedback

===========================================================================================
----------------- testing Mon Jun 03 04:29:14 UTC 2019 /home/travis/build/icyphy/ptII/ptolemy/domains/continuous/test/auto/Integration.xml
----------------- Instantiating /home/travis/build/icyphy/ptII/ptolemy/domains/continuous/test/auto/Integration.xml
3 ms. Memory: 589312K Free: 98413K (17%)
----------------- Invoking toplevel() on ptolemy.moml.MoMLSimpleApplication@6cec336d
----------------- Done invoking toplevel() on ptolemy.moml.MoMLSimpleApplication@6cec336d
reloadAllAccessors: .Integration

===========================================================================================
----------------- testing Mon Jun 03 04:29:14 UTC 2019 /home/travis/build/icyphy/ptII/ptolemy/domains/continuous/test/auto/Integration2.xml
----------------- Instantiating /home/travis/build/icyphy/ptII/ptolemy/domains/continuous/test/auto/Integration2.xml
87 ms. Memory: 589312K Free: 80671K (14%)
----------------- Invoking toplevel() on ptolemy.moml.MoMLSimpleApplication@1714f6b5
----------------- Done invoking toplevel() on ptolemy.moml.MoMLSimpleApplication@1714f6b5
reloadAllAccessors: .Integration2

===========================================================================================
----------------- testing Mon Jun 03 04:29:14 UTC 2019 /home/travis/build/icyphy/ptII/ptolemy/domains/continuous/test/auto/Integration3.xml
----------------- Instantiating /home/travis/build/icyphy/ptII/ptolemy/domains/continuous/test/auto/Integration3.xml
2 ms. Memory: 589312K Free: 73087K (12%)
----------------- Invoking toplevel() on ptolemy.moml.MoMLSimpleApplication@3bfff106
----------------- Done invoking toplevel() on ptolemy.moml.MoMLSimpleApplication@3bfff106
reloadAllAccessors: .Integration3

===========================================================================================
----------------- testing Mon Jun 03 04:29:14 UTC 2019 /home/travis/build/icyphy/ptII/ptolemy/domains/continuous/test/auto/Integration5.xml
----------------- Instantiating /home/travis/build/icyphy/ptII/ptolemy/domains/continuous/test/auto/Integration5.xml
6 ms. Memory: 589312K Free: 65502K (11%)
----------------- Invoking toplevel() on ptolemy.moml.MoMLSimpleApplication@557aef43
----------------- Done invoking toplevel() on ptolemy.moml.MoMLSimpleApplication@557aef43
reloadAllAccessors: .Integration5

===========================================================================================
----------------- testing Mon Jun 03 04:29:14 UTC 2019 /home/travis/build/icyphy/ptII/ptolemy/domains/continuous/test/auto/IntegratorImpulse.xml
----------------- Instantiating /home/travis/build/icyphy/ptII/ptolemy/domains/continuous/test/auto/IntegratorImpulse.xml
4 ms. Memory: 589312K Free: 57911K (10%)
----------------- Invoking toplevel() on ptolemy.moml.MoMLSimpleApplication@42833e09
----------------- Done invoking toplevel() on ptolemy.moml.MoMLSimpleApplication@42833e09
reloadAllAccessors: .IntegratorImpulse

===========================================================================================
----------------- testing Mon Jun 03 04:29:14 UTC 2019 /home/travis/build/icyphy/ptII/ptolemy/domains/continuous/test/auto/IntegratorImpulse2.xml
----------------- Instantiating /home/travis/build/icyphy/ptII/ptolemy/domains/continuous/test/auto/IntegratorImpulse2.xml
7 ms. Memory: 574464K Free: 544436K (95%)
----------------- Invoking toplevel() on ptolemy.moml.MoMLSimpleApplication@3912c1e9
----------------- Done invoking toplevel() on ptolemy.moml.MoMLSimpleApplication@3912c1e9
reloadAllAccessors: .IntegratorImpulse2

===========================================================================================
----------------- testing Mon Jun 03 04:29:14 UTC 2019 /home/travis/build/icyphy/ptII/ptolemy/domains/continuous/test/auto/LevelCrossing1.xml
----------------- Instantiating /home/travis/build/icyphy/ptII/ptolemy/domains/continuous/test/auto/LevelCrossing1.xml
3 ms. Memory: 574464K Free: 532185K (93%)
----------------- Invoking toplevel() on ptolemy.moml.MoMLSimpleApplication@1be5612c
----------------- Done invoking toplevel() on ptolemy.moml.MoMLSimpleApplication@1be5612c
reloadAllAccessors: .LevelCrossing1

===========================================================================================
----------------- testing Mon Jun 03 04:29:14 UTC 2019 /home/travis/build/icyphy/ptII/ptolemy/domains/continuous/test/auto/LevelCrossing2.xml
----------------- Instantiating /home/travis/build/icyphy/ptII/ptolemy/domains/continuous/test/auto/LevelCrossing2.xml
4 ms. Memory: 574464K Free: 521552K (91%)
----------------- Invoking toplevel() on ptolemy.moml.MoMLSimpleApplication@5ba22570
----------------- Done invoking toplevel() on ptolemy.moml.MoMLSimpleApplication@5ba22570
reloadAllAccessors: .LevelCrossing2

===========================================================================================
----------------- testing Mon Jun 03 04:29:14 UTC 2019 /home/travis/build/icyphy/ptII/ptolemy/domains/continuous/test/auto/LevelCrossing3.xml
----------------- Instantiating /home/travis/build/icyphy/ptII/ptolemy/domains/continuous/test/auto/LevelCrossing3.xml
2 ms. Memory: 574464K Free: 511112K (89%)
----------------- Invoking toplevel() on ptolemy.moml.MoMLSimpleApplication@72790244
----------------- Done invoking toplevel() on ptolemy.moml.MoMLSimpleApplication@72790244
reloadAllAccessors: .LevelCrossing3

===========================================================================================
----------------- testing Mon Jun 03 04:29:14 UTC 2019 /home/travis/build/icyphy/ptII/ptolemy/domains/continuous/test/auto/LevelCrossing4.xml
----------------- Instantiating /home/travis/build/icyphy/ptII/ptolemy/domains/continuous/test/auto/LevelCrossing4.xml
3 ms. Memory: 574464K Free: 500468K (87%)
----------------- Invoking toplevel() on ptolemy.moml.MoMLSimpleApplication@5ca61f5a
----------------- Done invoking toplevel() on ptolemy.moml.MoMLSimpleApplication@5ca61f5a
reloadAllAccessors: .LevelCrossing4

===========================================================================================
----------------- testing Mon Jun 03 04:29:14 UTC 2019 /home/travis/build/icyphy/ptII/ptolemy/domains/continuous/test/auto/LevelCrossing5.xml
----------------- Instantiating /home/travis/build/icyphy/ptII/ptolemy/domains/continuous/test/auto/LevelCrossing5.xml
3 ms. Memory: 574464K Free: 490028K (85%)
----------------- Invoking toplevel() on ptolemy.moml.MoMLSimpleApplication@3d2e83ee
----------------- Done invoking toplevel() on ptolemy.moml.MoMLSimpleApplication@3d2e83ee
reloadAllAccessors: .LevelCrossing5

===========================================================================================
[...]
4 ms. Memory: 513024K Free: 182347K (36%)
----------------- Invoking toplevel() on ptolemy.moml.MoMLSimpleApplication@52052f9d
----------------- Done invoking toplevel() on ptolemy.moml.MoMLSimpleApplication@52052f9d
reloadAllAccessors: .SRinContinuous

===========================================================================================
----------------- testing Mon Jun 03 04:29:30 UTC 2019 /home/travis/build/icyphy/ptII/ptolemy/domains/continuous/test/auto/SampledClocks.xml
----------------- Instantiating /home/travis/build/icyphy/ptII/ptolemy/domains/continuous/test/auto/SampledClocks.xml
4 ms. Memory: 513024K Free: 170661K (33%)
----------------- Invoking toplevel() on ptolemy.moml.MoMLSimpleApplication@f1591a6
----------------- Done invoking toplevel() on ptolemy.moml.MoMLSimpleApplication@f1591a6
reloadAllAccessors: .SampledClocks

===========================================================================================
----------------- testing Mon Jun 03 04:29:30 UTC 2019 /home/travis/build/icyphy/ptII/ptolemy/domains/continuous/test/auto/Satellite.xml
----------------- Instantiating /home/travis/build/icyphy/ptII/ptolemy/domains/continuous/test/auto/Satellite.xml
724 ms. Memory: 493056K Free: 404587K (82%)
----------------- Invoking toplevel() on ptolemy.moml.MoMLSimpleApplication@6246794f
----------------- Done invoking toplevel() on ptolemy.moml.MoMLSimpleApplication@6246794f
reloadAllAccessors: .Satellite

===========================================================================================
----------------- testing Mon Jun 03 04:29:31 UTC 2019 /home/travis/build/icyphy/ptII/ptolemy/domains/continuous/test/auto/SigmaDelta.xml
----------------- Instantiating /home/travis/build/icyphy/ptII/ptolemy/domains/continuous/test/auto/SigmaDelta.xml
2062 ms. Memory: 493056K Free: 29707K (6%)
----------------- Invoking toplevel() on ptolemy.moml.MoMLSimpleApplication@2f1bee49
----------------- Done invoking toplevel() on ptolemy.moml.MoMLSimpleApplication@2f1bee49
reloadAllAccessors: .SigmaDelta

===========================================================================================
----------------- testing Mon Jun 03 04:29:33 UTC 2019 /home/travis/build/icyphy/ptII/ptolemy/domains/continuous/test/auto/SingleRefinement.xml
----------------- Instantiating /home/travis/build/icyphy/ptII/ptolemy/domains/continuous/test/auto/SingleRefinement.xml
289 ms. Memory: 473600K Free: 236227K (50%)
----------------- Invoking toplevel() on ptolemy.moml.MoMLSimpleApplication@c02f3e2
----------------- Done invoking toplevel() on ptolemy.moml.MoMLSimpleApplication@c02f3e2
reloadAllAccessors: .SingleRefinement

===========================================================================================
----------------- testing Mon Jun 03 04:29:33 UTC 2019 /home/travis/build/icyphy/ptII/ptolemy/domains/continuous/test/auto/SinuBouncingBall.xml
----------------- Instantiating /home/travis/build/icyphy/ptII/ptolemy/domains/continuous/test/auto/SinuBouncingBall.xml
739 ms. Memory: 463360K Free: 396256K (86%)
----------------- Invoking toplevel() on ptolemy.moml.MoMLSimpleApplication@7a71169
----------------- Done invoking toplevel() on ptolemy.moml.MoMLSimpleApplication@7a71169
reloadAllAccessors: .SinuBouncingBall

===========================================================================================
----------------- testing Mon Jun 03 04:29:34 UTC 2019 /home/travis/build/icyphy/ptII/ptolemy/domains/continuous/test/auto/Sinusoid.xml
----------------- Instantiating /home/travis/build/icyphy/ptII/ptolemy/domains/continuous/test/auto/Sinusoid.xml
4 ms. Memory: 463360K Free: 388444K (84%)
----------------- Invoking toplevel() on ptolemy.moml.MoMLSimpleApplication@67af751d
----------------- Done invoking toplevel() on ptolemy.moml.MoMLSimpleApplication@67af751d
reloadAllAccessors: .Sinusoid

===========================================================================================
----------------- testing Mon Jun 03 04:29:34 UTC 2019 /home/travis/build/icyphy/ptII/ptolemy/domains/continuous/test/auto/SinusoidInNoise.xml
----------------- Instantiating /home/travis/build/icyphy/ptII/ptolemy/domains/continuous/test/auto/SinusoidInNoise.xml
967 ms. Memory: 463360K Free: 188986K (41%)
----------------- Invoking toplevel() on ptolemy.moml.MoMLSimpleApplication@18933f8
----------------- Done invoking toplevel() on ptolemy.moml.MoMLSimpleApplication@18933f8
reloadAllAccessors: .SinusoidInNoise

===========================================================================================
----------------- testing Mon Jun 03 04:29:35 UTC 2019 /home/travis/build/icyphy/ptII/ptolemy/domains/continuous/test/auto/SinusoidRK45.xml
----------------- Instantiating /home/travis/build/icyphy/ptII/ptolemy/domains/continuous/test/auto/SinusoidRK45.xml
2 ms. Memory: 463360K Free: 182390K (39%)
----------------- Invoking toplevel() on ptolemy.moml.MoMLSimpleApplication@2aa8e7a
----------------- Done invoking toplevel() on ptolemy.moml.MoMLSimpleApplication@2aa8e7a
reloadAllAccessors: .SinusoidRK45

===========================================================================================
----------------- testing Mon Jun 03 04:29:35 UTC 2019 /home/travis/build/icyphy/ptII/ptolemy/domains/continuous/test/auto/SinusoidWithMultipleImpulses.xml
----------------- Instantiating /home/travis/build/icyphy/ptII/ptolemy/domains/continuous/test/auto/SinusoidWithMultipleImpulses.xml
3 ms. Memory: 463360K Free: 175880K (38%)
----------------- Invoking toplevel() on ptolemy.moml.MoMLSimpleApplication@45c7f33a
----------------- Done invoking toplevel() on ptolemy.moml.MoMLSimpleApplication@45c7f33a
reloadAllAccessors: .SinusoidWithMultipleImpulses

===========================================================================================
----------------- testing Mon Jun 03 04:29:35 UTC 2019 /home/travis/build/icyphy/ptII/ptolemy/domains/continuous/test/auto/SquareWave.xml
----------------- Instantiating /home/travis/build/icyphy/ptII/ptolemy/domains/continuous/test/auto/SquareWave.xml
160 ms. Memory: 463360K Free: 148657K (32%)
----------------- Invoking toplevel() on ptolemy.moml.MoMLSimpleApplication@4ee9f698
----------------- Done invoking toplevel() on ptolemy.moml.MoMLSimpleApplication@4ee9f698
reloadAllAccessors: .SquareWave

===========================================================================================
----------------- testing Mon Jun 03 04:29:35 UTC 2019 /home/travis/build/icyphy/ptII/ptolemy/domains/continuous/test/auto/Starmac.xml
----------------- Instantiating /home/travis/build/icyphy/ptII/ptolemy/domains/continuous/test/auto/Starmac.xml
3043 ms. Memory: 442368K Free: 149807K (34%)
----------------- Invoking toplevel() on ptolemy.moml.MoMLSimpleApplication@70797e6e
----------------- Done invoking toplevel() on ptolemy.moml.MoMLSimpleApplication@70797e6e
reloadAllAccessors: .Starmac

===========================================================================================
----------------- testing Mon Jun 03 04:29:39 UTC 2019 /home/travis/build/icyphy/ptII/ptolemy/domains/continuous/test/auto/StaticUnits.xml
----------------- Instantiating /home/travis/build/icyphy/ptII/ptolemy/domains/continuous/test/auto/StaticUnits.xml
2146 ms. Memory: 428544K Free: 39088K (9%)
----------------- Invoking toplevel() on ptolemy.moml.MoMLSimpleApplication@2120c74c
----------------- Done invoking toplevel() on ptolemy.moml.MoMLSimpleApplication@2120c74c
reloadAllAccessors: .StaticUnits

===========================================================================================
----------------- testing Mon Jun 03 04:29:41 UTC 2019 /home/travis/build/icyphy/ptII/ptolemy/domains/continuous/test/auto/StickyMasses.xml
----------------- Instantiating /home/travis/build/icyphy/ptII/ptolemy/domains/continuous/test/auto/StickyMasses.xml
123 ms. Memory: 407552K Free: 303693K (75%)
----------------- Invoking toplevel() on ptolemy.moml.MoMLSimpleApplication@61c7fd45
----------------- Done invoking toplevel() on ptolemy.moml.MoMLSimpleApplication@61c7fd45
reloadAllAccessors: .StickyMasses

===========================================================================================
----------------- testing Mon Jun 03 04:29:42 UTC 2019 /home/travis/build/icyphy/ptII/ptolemy/domains/continuous/test/auto/StopTime.xml
----------------- Instantiating /home/travis/build/icyphy/ptII/ptolemy/domains/continuous/test/auto/StopTime.xml
50 ms. Memory: 407552K Free: 276606K (68%)
----------------- Invoking toplevel() on ptolemy.moml.MoMLSimpleApplication@26e8efcc
----------------- Done invoking toplevel() on ptolemy.moml.MoMLSimpleApplication@26e8efcc
reloadAllAccessors: .StopTime

===========================================================================================
----------------- testing Mon Jun 03 04:29:42 UTC 2019 /home/travis/build/icyphy/ptII/ptolemy/domains/continuous/test/auto/StopTime2.xml
----------------- Instantiating /home/travis/build/icyphy/ptII/ptolemy/domains/continuous/test/auto/StopTime2.xml
31 ms. Memory: 407552K Free: 251693K (62%)
----------------- Invoking toplevel() on ptolemy.moml.MoMLSimpleApplication@4b965a8e
----------------- Done invoking toplevel() on ptolemy.moml.MoMLSimpleApplication@4b965a8e
reloadAllAccessors: .StopTime2

===========================================================================================
----------------- testing Mon Jun 03 04:29:42 UTC 2019 /home/travis/build/icyphy/ptII/ptolemy/domains/continuous/test/auto/Switch.xml
----------------- Instantiating /home/travis/build/icyphy/ptII/ptolemy/domains/continuous/test/auto/Switch.xml
52 ms. Memory: 407552K Free: 224609K (55%)
----------------- Invoking toplevel() on ptolemy.moml.MoMLSimpleApplication@18db6f13
----------------- Done invoking toplevel() on ptolemy.moml.MoMLSimpleApplication@18db6f13
reloadAllAccessors: .Switch

===========================================================================================
----------------- testing Mon Jun 03 04:29:42 UTC 2019 /home/travis/build/icyphy/ptII/ptolemy/domains/continuous/test/auto/Thermostat.xml
----------------- Instantiating /home/travis/build/icyphy/ptII/ptolemy/domains/continuous/test/auto/Thermostat.xml
159 ms. Memory: 407552K Free: 147433K (36%)
----------------- Invoking toplevel() on ptolemy.moml.MoMLSimpleApplication@738864e5
----------------- Done invoking toplevel() on ptolemy.moml.MoMLSimpleApplication@738864e5
reloadAllAccessors: .Thermostat

===========================================================================================
----------------- testing Mon Jun 03 04:29:42 UTC 2019 /home/travis/build/icyphy/ptII/ptolemy/domains/continuous/test/auto/TimeDelay.xml
----------------- Instantiating /home/travis/build/icyphy/ptII/ptolemy/domains/continuous/test/auto/TimeDelay.xml
5 ms. Memory: 407552K Free: 139966K (34%)
----------------- Invoking toplevel() on ptolemy.moml.MoMLSimpleApplication@160ae25e
----------------- Done invoking toplevel() on ptolemy.moml.MoMLSimpleApplication@160ae25e
reloadAllAccessors: .TimeDelay

===========================================================================================
----------------- testing Mon Jun 03 04:29:42 UTC 2019 /home/travis/build/icyphy/ptII/ptolemy/domains/continuous/test/auto/TimeDelay2.xml
----------------- Instantiating /home/travis/build/icyphy/ptII/ptolemy/domains/continuous/test/auto/TimeDelay2.xml
7 ms. Memory: 407552K Free: 132507K (33%)
----------------- Invoking toplevel() on ptolemy.moml.MoMLSimpleApplication@6c20dcef
----------------- Done invoking toplevel() on ptolemy.moml.MoMLSimpleApplication@6c20dcef
reloadAllAccessors: .TimeDelay2

===========================================================================================
----------------- testing Mon Jun 03 04:29:42 UTC 2019 /home/travis/build/icyphy/ptII/ptolemy/domains/continuous/test/auto/TimeDelay3.xml
----------------- Instantiating /home/travis/build/icyphy/ptII/ptolemy/domains/continuous/test/auto/TimeDelay3.xml
5 ms. Memory: 407552K Free: 125033K (31%)
----------------- Invoking toplevel() on ptolemy.moml.MoMLSimpleApplication@4f98d017
----------------- Done invoking toplevel() on ptolemy.moml.MoMLSimpleApplication@4f98d017
reloadAllAccessors: .TimeDelay3

===========================================================================================
----------------- testing Mon Jun 03 04:29:42 UTC 2019 /home/travis/build/icyphy/ptII/ptolemy/domains/continuous/test/auto/TransferAbsentToInside.xml
----------------- Instantiating /home/travis/build/icyphy/ptII/ptolemy/domains/continuous/test/auto/TransferAbsentToInside.xml
27 ms. Memory: 407552K Free: 69631K (17%)
----------------- Invoking toplevel() on ptolemy.moml.MoMLSimpleApplication@1b4eb584
----------------- Done invoking toplevel() on ptolemy.moml.MoMLSimpleApplication@1b4eb584
reloadAllAccessors: .TransferAbsentToInside

===========================================================================================
----------------- testing Mon Jun 03 04:29:42 UTC 2019 /home/travis/build/icyphy/ptII/ptolemy/domains/continuous/test/auto/Transmission.xml
----------------- Instantiating /home/travis/build/icyphy/ptII/ptolemy/domains/continuous/test/auto/Transmission.xml
687 ms. Memory: 400384K Free: 151260K (38%)
----------------- Invoking toplevel() on ptolemy.moml.MoMLSimpleApplication@753f0e95
----------------- Done invoking toplevel() on ptolemy.moml.MoMLSimpleApplication@753f0e95
reloadAllAccessors: .Transmission

===========================================================================================
----------------- testing Mon Jun 03 04:29:43 UTC 2019 /home/travis/build/icyphy/ptII/ptolemy/domains/continuous/test/auto/TriggeredContinuousClock.xml
----------------- Instantiating /home/travis/build/icyphy/ptII/ptolemy/domains/continuous/test/auto/TriggeredContinuousClock.xml
34 ms. Memory: 400384K Free: 117969K (29%)
----------------- Invoking toplevel() on ptolemy.moml.MoMLSimpleApplication@259594f5
----------------- Done invoking toplevel() on ptolemy.moml.MoMLSimpleApplication@259594f5
reloadAllAccessors: .TriggeredContinuousClock

===========================================================================================
----------------- testing Mon Jun 03 04:29:43 UTC 2019 /home/travis/build/icyphy/ptII/ptolemy/domains/continuous/test/auto/TwoMachineInfiniteBusControl.xml
----------------- Instantiating /home/travis/build/icyphy/ptII/ptolemy/domains/continuous/test/auto/TwoMachineInfiniteBusControl.xml
2803 ms. Memory: 365056K Free: 133611K (37%)
----------------- Invoking toplevel() on ptolemy.moml.MoMLSimpleApplication@1d0b371e
----------------- Done invoking toplevel() on ptolemy.moml.MoMLSimpleApplication@1d0b371e
reloadAllAccessors: .TwoMachineInfiniteBusControl

===========================================================================================
----------------- testing Mon Jun 03 04:29:46 UTC 2019 /home/travis/build/icyphy/ptII/ptolemy/domains/continuous/test/auto/V2V.xml
----------------- Instantiating /home/travis/build/icyphy/ptII/ptolemy/domains/continuous/test/auto/V2V.xml
639 ms. Memory: 353280K Free: 211808K (60%)
----------------- Invoking toplevel() on ptolemy.moml.MoMLSimpleApplication@2b14ea5f
----------------- Done invoking toplevel() on ptolemy.moml.MoMLSimpleApplication@2b14ea5f
reloadAllAccessors: .V2V

===========================================================================================
----------------- testing Mon Jun 03 04:29:47 UTC 2019 /home/travis/build/icyphy/ptII/ptolemy/domains/continuous/test/auto/hierarchicalModalModel.xml
----------------- Instantiating /home/travis/build/icyphy/ptII/ptolemy/domains/continuous/test/auto/hierarchicalModalModel.xml
7 ms. Memory: 353280K Free: 193507K (55%)
----------------- Invoking toplevel() on ptolemy.moml.MoMLSimpleApplication@9e4ab20
----------------- Done invoking toplevel() on ptolemy.moml.MoMLSimpleApplication@9e4ab20
reloadAllAccessors: .hierarchicalModalModel

===========================================================================================
----------------- testing Mon Jun 03 04:29:47 UTC 2019 /home/travis/build/icyphy/ptII/ptolemy/domains/continuous/test/auto/hierarchicalModalModel1.xml
----------------- Instantiating /home/travis/build/icyphy/ptII/ptolemy/domains/continuous/test/auto/hierarchicalModalModel1.xml
7 ms. Memory: 353280K Free: 176214K (50%)
----------------- Invoking toplevel() on ptolemy.moml.MoMLSimpleApplication@5539c435
----------------- Done invoking toplevel() on ptolemy.moml.MoMLSimpleApplication@5539c435
reloadAllAccessors: .hierarchicalModalModel1

===========================================================================================
----------------- testing Mon Jun 03 04:29:47 UTC 2019 /home/travis/build/icyphy/ptII/ptolemy/domains/continuous/test/auto/hierarchicalModalModel2.xml
----------------- Instantiating /home/travis/build/icyphy/ptII/ptolemy/domains/continuous/test/auto/hierarchicalModalModel2.xml
10 ms. Memory: 353280K Free: 161601K (46%)
----------------- Invoking toplevel() on ptolemy.moml.MoMLSimpleApplication@2399e2d7
----------------- Done invoking toplevel() on ptolemy.moml.MoMLSimpleApplication@2399e2d7
reloadAllAccessors: .hierarchicalModalModel2

===========================================================================================
----------------- testing Mon Jun 03 04:29:47 UTC 2019 /home/travis/build/icyphy/ptII/ptolemy/domains/continuous/test/auto/hierarchicalModalModel3.xml
----------------- Instantiating /home/travis/build/icyphy/ptII/ptolemy/domains/continuous/test/auto/hierarchicalModalModel3.xml
5 ms. Memory: 353280K Free: 149803K (42%)
----------------- Invoking toplevel() on ptolemy.moml.MoMLSimpleApplication@4cfcb02
----------------- Done invoking toplevel() on ptolemy.moml.MoMLSimpleApplication@4cfcb02
reloadAllAccessors: .hierarchicalModalModel3

===========================================================================================
----------------- testing Mon Jun 03 04:29:47 UTC 2019 /home/travis/build/icyphy/ptII/ptolemy/domains/continuous/test/auto/hierarchicalModalModel4.xml
----------------- Instantiating /home/travis/build/icyphy/ptII/ptolemy/domains/continuous/test/auto/hierarchicalModalModel4.xml
7 ms. Memory: 353280K Free: 133817K (38%)
----------------- Invoking toplevel() on ptolemy.moml.MoMLSimpleApplication@6aeb5519
----------------- Done invoking toplevel() on ptolemy.moml.MoMLSimpleApplication@6aeb5519
reloadAllAccessors: .hierarchicalModalModel4

===========================================================================================
----------------- testing Mon Jun 03 04:29:47 UTC 2019 /home/travis/build/icyphy/ptII/ptolemy/domains/continuous/test/auto/junk.xml
----------------- Instantiating /home/travis/build/icyphy/ptII/ptolemy/domains/continuous/test/auto/junk.xml
133 ms. Memory: 353280K Free: 101599K (29%)
----------------- Invoking toplevel() on ptolemy.moml.MoMLSimpleApplication@42c6e943
----------------- Done invoking toplevel() on ptolemy.moml.MoMLSimpleApplication@42c6e943
reloadAllAccessors: .junk
AutoTests.java: About to close Vertx.
AutoTests.java: Vertx closed.
]]></system-out>
  <system-err><![CDATA[Warning: '.HysteresisWithRandomDelay.NonStrictTest' The test produced only 221 tokens, yet the correctValues parameter was expecting 222 tokens.
Warning: '.HysteresisWithRandomDelay.NonStrictTest2' The test produced only 220 tokens, yet the correctValues parameter was expecting 221 tokens.
Warning: '.HysteresisWithRandomDelay.NonStrictTest3' The test produced only 17 tokens, yet the correctValues parameter was expecting 30 tokens.
Warning: '.IncreasingRatePoisson.NonStrictTest' The test produced only 388 tokens, yet the correctValues parameter was expecting 402 tokens.
Warning: '.Poisson.NonStrictTest' The test produced only 413 tokens, yet the correctValues parameter was expecting 430 tokens.
]]></system-err>
</testsuite>
