<?xml version="1.0" encoding="UTF-8" ?>
<testsuite errors="0" failures="0" hostname="travis-job-e5441af2-a51c-4a61-a4c4-3969c378271c" name="ptolemy.domains.de.test.junit.JUnitTclTest" skipped="0" tests="101" time="123.015" timestamp="2020-08-15T16:56:52">
  <properties>
[...]
</properties>
  <testcase classname="ptolemy.util.test.junit.TclTests" name="[0] /home/travis/build/icyphy/ptII/ptolemy/domains/de/test/DependencyLoop.tcl (RunTclFile)" time="1.087" />
  <testcase classname="ptolemy.util.test.junit.TclTests" name="[1] /home/travis/build/icyphy/ptII/ptolemy/domains/de/test/RunDETestsAsQSS.tcl (RunTclFile)" time="83.376" />
  <testcase classname="ptolemy.util.test.junit.AutoKnownFailedTests" name="[0] /home/travis/build/icyphy/ptII/ptolemy/domains/de/test/auto/knownFailedTests/DESDFClockTest.xml (RunModel)" time="2.064" />
  <testcase classname="ptolemy.util.test.junit.AutoKnownFailedTests" name="[1] /home/travis/build/icyphy/ptII/ptolemy/domains/de/test/auto/knownFailedTests/DirectFeedback.xml (RunModel)" time="0.02" />
  <testcase classname="ptolemy.util.test.junit.AutoKnownFailedTests" name="[2] /home/travis/build/icyphy/ptII/ptolemy/domains/de/test/auto/knownFailedTests/FSMSource.xml (RunModel)" time="0.033" />
  <testcase classname="ptolemy.util.test.junit.AutoKnownFailedTests" name="[3] /home/travis/build/icyphy/ptII/ptolemy/domains/de/test/auto/knownFailedTests/HierarchicalModel.xml (RunModel)" time="0.041" />
  <testcase classname="ptolemy.util.test.junit.AutoKnownFailedTests" name="[4] /home/travis/build/icyphy/ptII/ptolemy/domains/de/test/auto/knownFailedTests/dependencyLoop.xml (RunModel)" time="0.042" />
  <testcase classname="ptolemy.util.test.junit.AutoKnownFailedTests" name="[5] /home/travis/build/icyphy/ptII/ptolemy/domains/de/test/auto/knownFailedTests/dependencyLoop2.xml (RunModel)" time="0.057" />
  <testcase classname="ptolemy.util.test.junit.AutoNameArchTests" name="[0] ThereAreNoAutoArchTests (RunModel)" time="0.002" />
  <testcase classname="ptolemy.util.test.junit.AutoTests" name="[0] /home/travis/build/icyphy/ptII/ptolemy/domains/de/test/auto/ActorDepthCalculation_actorWithoutPorts.xml (RunModel)" time="0.018" />
  <testcase classname="ptolemy.util.test.junit.AutoTests" name="[1] /home/travis/build/icyphy/ptII/ptolemy/domains/de/test/auto/AssemblyLine.xml (RunModel)" time="0.025" />
  <testcase classname="ptolemy.util.test.junit.AutoTests" name="[2] /home/travis/build/icyphy/ptII/ptolemy/domains/de/test/auto/CQBug1.xml (RunModel)" time="0.012" />
  <testcase classname="ptolemy.util.test.junit.AutoTests" name="[3] /home/travis/build/icyphy/ptII/ptolemy/domains/de/test/auto/CancelFireAt.xml (RunModel)" time="0.006" />
  <testcase classname="ptolemy.util.test.junit.AutoTests" name="[4] /home/travis/build/icyphy/ptII/ptolemy/domains/de/test/auto/CausalityAndComposabilityAnalysis.xml (RunModel)" time="0.011" />
  <testcase classname="ptolemy.util.test.junit.AutoTests" name="[5] /home/travis/build/icyphy/ptII/ptolemy/domains/de/test/auto/CausalityInterface1.xml (RunModel)" time="0.016" />
  <testcase classname="ptolemy.util.test.junit.AutoTests" name="[6] /home/travis/build/icyphy/ptII/ptolemy/domains/de/test/auto/CausalityInterface15.xml (RunModel)" time="0.018" />
  <testcase classname="ptolemy.util.test.junit.AutoTests" name="[7] /home/travis/build/icyphy/ptII/ptolemy/domains/de/test/auto/CausalityInterface2.xml (RunModel)" time="0.014" />
  <testcase classname="ptolemy.util.test.junit.AutoTests" name="[8] /home/travis/build/icyphy/ptII/ptolemy/domains/de/test/auto/CausalityInterface3.xml (RunModel)" time="0.014" />
  <testcase classname="ptolemy.util.test.junit.AutoTests" name="[9] /home/travis/build/icyphy/ptII/ptolemy/domains/de/test/auto/ClockDrift.xml (RunModel)" time="0.044" />
  <testcase classname="ptolemy.util.test.junit.AutoTests" name="[10] /home/travis/build/icyphy/ptII/ptolemy/domains/de/test/auto/ClockDriftAndValueChange.xml (RunModel)" time="0.033" />
  <testcase classname="ptolemy.util.test.junit.AutoTests" name="[11] /home/travis/build/icyphy/ptII/ptolemy/domains/de/test/auto/ClockDriftChange.xml (RunModel)" time="0.045" />
  <testcase classname="ptolemy.util.test.junit.AutoTests" name="[12] /home/travis/build/icyphy/ptII/ptolemy/domains/de/test/auto/ComposableCausalityAnalysis.xml (RunModel)" time="0.019" />
  <testcase classname="ptolemy.util.test.junit.AutoTests" name="[13] /home/travis/build/icyphy/ptII/ptolemy/domains/de/test/auto/DEFixedPointLimitation.xml (RunModel)" time="0.011" />
  <testcase classname="ptolemy.util.test.junit.AutoTests" name="[14] /home/travis/build/icyphy/ptII/ptolemy/domains/de/test/auto/DEScheduleTest.xml (RunModel)" time="0.014" />
  <testcase classname="ptolemy.util.test.junit.AutoTests" name="[15] /home/travis/build/icyphy/ptII/ptolemy/domains/de/test/auto/DEinDEwithStartTimes.xml (RunModel)" time="0.019" />
  <testcase classname="ptolemy.util.test.junit.AutoTests" name="[16] /home/travis/build/icyphy/ptII/ptolemy/domains/de/test/auto/DEinDEwithStartTimes2.xml (RunModel)" time="0.016" />
  <testcase classname="ptolemy.util.test.junit.AutoTests" name="[17] /home/travis/build/icyphy/ptII/ptolemy/domains/de/test/auto/DateDemo.xml (RunModel)" time="0.032" />
  <testcase classname="ptolemy.util.test.junit.AutoTests" name="[18] /home/travis/build/icyphy/ptII/ptolemy/domains/de/test/auto/DateToEvent.xml (RunModel)" time="2.048" />
  <testcase classname="ptolemy.util.test.junit.AutoTests" name="[19] /home/travis/build/icyphy/ptII/ptolemy/domains/de/test/auto/DepthTest1.xml (RunModel)" time="0.008" />
  <testcase classname="ptolemy.util.test.junit.AutoTests" name="[20] /home/travis/build/icyphy/ptII/ptolemy/domains/de/test/auto/DepthTest2.xml (RunModel)" time="0.02" />
  <testcase classname="ptolemy.util.test.junit.AutoTests" name="[21] /home/travis/build/icyphy/ptII/ptolemy/domains/de/test/auto/DepthTest3.xml (RunModel)" time="0.009" />
  <testcase classname="ptolemy.util.test.junit.AutoTests" name="[22] /home/travis/build/icyphy/ptII/ptolemy/domains/de/test/auto/DepthTest4.xml (RunModel)" time="0.02" />
  <testcase classname="ptolemy.util.test.junit.AutoTests" name="[23] /home/travis/build/icyphy/ptII/ptolemy/domains/de/test/auto/DepthTest5.xml (RunModel)" time="0.017" />
  <testcase classname="ptolemy.util.test.junit.AutoTests" name="[24] /home/travis/build/icyphy/ptII/ptolemy/domains/de/test/auto/DepthTest6.xml (RunModel)" time="0.013" />
  <testcase classname="ptolemy.util.test.junit.AutoTests" name="[25] /home/travis/build/icyphy/ptII/ptolemy/domains/de/test/auto/DepthTest7.xml (RunModel)" time="0.012" />
  <testcase classname="ptolemy.util.test.junit.AutoTests" name="[26] /home/travis/build/icyphy/ptII/ptolemy/domains/de/test/auto/EventToDate.xml (RunModel)" time="3.05" />
  <testcase classname="ptolemy.util.test.junit.AutoTests" name="[27] /home/travis/build/icyphy/ptII/ptolemy/domains/de/test/auto/FSM1.xml (RunModel)" time="0.043" />
  <testcase classname="ptolemy.util.test.junit.AutoTests" name="[28] /home/travis/build/icyphy/ptII/ptolemy/domains/de/test/auto/FSM7.xml (RunModel)" time="0.039" />
  <testcase classname="ptolemy.util.test.junit.AutoTests" name="[29] /home/travis/build/icyphy/ptII/ptolemy/domains/de/test/auto/Inspection.xml (RunModel)" time="0.046" />
  <testcase classname="ptolemy.util.test.junit.AutoTests" name="[30] /home/travis/build/icyphy/ptII/ptolemy/domains/de/test/auto/Iteration.xml (RunModel)" time="0.024" />
  <testcase classname="ptolemy.util.test.junit.AutoTests" name="[31] /home/travis/build/icyphy/ptII/ptolemy/domains/de/test/auto/LineFault.xml (RunModel)" time="0.569" />
  <testcase classname="ptolemy.util.test.junit.AutoTests" name="[32] /home/travis/build/icyphy/ptII/ptolemy/domains/de/test/auto/MergeModel1Add.xml (RunModel)" time="0.048" />
  <testcase classname="ptolemy.util.test.junit.AutoTests" name="[33] /home/travis/build/icyphy/ptII/ptolemy/domains/de/test/auto/MergeModel2Add.xml (RunModel)" time="0.037" />
  <testcase classname="ptolemy.util.test.junit.AutoTests" name="[34] /home/travis/build/icyphy/ptII/ptolemy/domains/de/test/auto/MergeModel3Add.xml (RunModel)" time="0.044" />
  <testcase classname="ptolemy.util.test.junit.AutoTests" name="[35] /home/travis/build/icyphy/ptII/ptolemy/domains/de/test/auto/MergeWithoutDiscard.xml (RunModel)" time="0.013" />
  <testcase classname="ptolemy.util.test.junit.AutoTests" name="[36] /home/travis/build/icyphy/ptII/ptolemy/domains/de/test/auto/Modal1.xml (RunModel)" time="0.031" />
  <testcase classname="ptolemy.util.test.junit.AutoTests" name="[37] /home/travis/build/icyphy/ptII/ptolemy/domains/de/test/auto/Modal2.xml (RunModel)" time="0.031" />
  <testcase classname="ptolemy.util.test.junit.AutoTests" name="[38] /home/travis/build/icyphy/ptII/ptolemy/domains/de/test/auto/Modal3.xml (RunModel)" time="0.025" />
  <testcase classname="ptolemy.util.test.junit.AutoTests" name="[39] /home/travis/build/icyphy/ptII/ptolemy/domains/de/test/auto/Modal4.xml (RunModel)" time="0.034" />
  <testcase classname="ptolemy.util.test.junit.AutoTests" name="[40] /home/travis/build/icyphy/ptII/ptolemy/domains/de/test/auto/Modal5.xml (RunModel)" time="0.03" />
  <testcase classname="ptolemy.util.test.junit.AutoTests" name="[41] /home/travis/build/icyphy/ptII/ptolemy/domains/de/test/auto/Modal6.xml (RunModel)" time="0.031" />
  <testcase classname="ptolemy.util.test.junit.AutoTests" name="[42] /home/travis/build/icyphy/ptII/ptolemy/domains/de/test/auto/Modal7.xml (RunModel)" time="0.032" />
  <testcase classname="ptolemy.util.test.junit.AutoTests" name="[43] /home/travis/build/icyphy/ptII/ptolemy/domains/de/test/auto/ModalModel.xml (RunModel)" time="0.157" />
  <testcase classname="ptolemy.util.test.junit.AutoTests" name="[44] /home/travis/build/icyphy/ptII/ptolemy/domains/de/test/auto/ModalSource.xml (RunModel)" time="0.024" />
  <testcase classname="ptolemy.util.test.junit.AutoTests" name="[45] /home/travis/build/icyphy/ptII/ptolemy/domains/de/test/auto/NonInterruptibleTimerZeroDelay.xml (RunModel)" time="0.016" />
  <testcase classname="ptolemy.util.test.junit.AutoTests" name="[46] /home/travis/build/icyphy/ptII/ptolemy/domains/de/test/auto/OpenQueueingNetwork.xml (RunModel)" time="2.337" />
  <testcase classname="ptolemy.util.test.junit.AutoTests" name="[47] /home/travis/build/icyphy/ptII/ptolemy/domains/de/test/auto/OpenQueuingNetwork.xml (RunModel)" time="0.203" />
  <testcase classname="ptolemy.util.test.junit.AutoTests" name="[48] /home/travis/build/icyphy/ptII/ptolemy/domains/de/test/auto/PeriodicSampler.xml (RunModel)" time="0.009" />
  <testcase classname="ptolemy.util.test.junit.AutoTests" name="[49] /home/travis/build/icyphy/ptII/ptolemy/domains/de/test/auto/PersistentIO.xml (RunModel)" time="0.02" />
  <testcase classname="ptolemy.util.test.junit.AutoTests" name="[50] /home/travis/build/icyphy/ptII/ptolemy/domains/de/test/auto/PortParameterResetOnInitialize.xml (RunModel)" time="0.011" />
  <testcase classname="ptolemy.util.test.junit.AutoTests" name="[51] /home/travis/build/icyphy/ptII/ptolemy/domains/de/test/auto/PortParameterUpdates.xml (RunModel)" time="0.014" />
  <testcase classname="ptolemy.util.test.junit.AutoTests" name="[52] /home/travis/build/icyphy/ptII/ptolemy/domains/de/test/auto/QueueAndServer.xml (RunModel)" time="0.02" />
  <testcase classname="ptolemy.util.test.junit.AutoTests" name="[53] /home/travis/build/icyphy/ptII/ptolemy/domains/de/test/auto/Records.xml (RunModel)" time="0.016" />
  <testcase classname="ptolemy.util.test.junit.AutoTests" name="[54] /home/travis/build/icyphy/ptII/ptolemy/domains/de/test/auto/ResetTransitionWithStartTime1.xml (RunModel)" time="0.02" />
  <testcase classname="ptolemy.util.test.junit.AutoTests" name="[55] /home/travis/build/icyphy/ptII/ptolemy/domains/de/test/auto/ResetTransitionWithStartTime2.xml (RunModel)" time="0.018" />
  <testcase classname="ptolemy.util.test.junit.AutoTests" name="[56] /home/travis/build/icyphy/ptII/ptolemy/domains/de/test/auto/ResetTransitionWithStartTime3.xml (RunModel)" time="0.02" />
  <testcase classname="ptolemy.util.test.junit.AutoTests" name="[57] /home/travis/build/icyphy/ptII/ptolemy/domains/de/test/auto/ResetTransitionWithStartTime4.xml (RunModel)" time="0.02" />
  <testcase classname="ptolemy.util.test.junit.AutoTests" name="[58] /home/travis/build/icyphy/ptII/ptolemy/domains/de/test/auto/ResettableTimer1.xml (RunModel)" time="0.016" />
  <testcase classname="ptolemy.util.test.junit.AutoTests" name="[59] /home/travis/build/icyphy/ptII/ptolemy/domains/de/test/auto/ResettableTimer2.xml (RunModel)" time="0.015" />
  <testcase classname="ptolemy.util.test.junit.AutoTests" name="[60] /home/travis/build/icyphy/ptII/ptolemy/domains/de/test/auto/ResettableTimer3.xml (RunModel)" time="0.01" />
  <testcase classname="ptolemy.util.test.junit.AutoTests" name="[61] /home/travis/build/icyphy/ptII/ptolemy/domains/de/test/auto/ResettableTimer4.xml (RunModel)" time="0.011" />
  <testcase classname="ptolemy.util.test.junit.AutoTests" name="[62] /home/travis/build/icyphy/ptII/ptolemy/domains/de/test/auto/ResettableTimer5.xml (RunModel)" time="0.01" />
  <testcase classname="ptolemy.util.test.junit.AutoTests" name="[63] /home/travis/build/icyphy/ptII/ptolemy/domains/de/test/auto/ResettableTimer6.xml (RunModel)" time="0.02" />
  <testcase classname="ptolemy.util.test.junit.AutoTests" name="[64] /home/travis/build/icyphy/ptII/ptolemy/domains/de/test/auto/ServerZeroDelay.xml (RunModel)" time="0.01" />
  <testcase classname="ptolemy.util.test.junit.AutoTests" name="[65] /home/travis/build/icyphy/ptII/ptolemy/domains/de/test/auto/SmartSender.xml (RunModel)" time="3.008" />
  <testcase classname="ptolemy.util.test.junit.AutoTests" name="[66] /home/travis/build/icyphy/ptII/ptolemy/domains/de/test/auto/ThreadedComposite.xml (RunModel)" time="0.109" />
  <testcase classname="ptolemy.util.test.junit.AutoTests" name="[67] /home/travis/build/icyphy/ptII/ptolemy/domains/de/test/auto/Time.xml (RunModel)" time="0.316" />
  <testcase classname="ptolemy.util.test.junit.AutoTests" name="[68] /home/travis/build/icyphy/ptII/ptolemy/domains/de/test/auto/TimeDelayZeroDelay.xml (RunModel)" time="0.019" />
  <testcase classname="ptolemy.util.test.junit.AutoTests" name="[69] /home/travis/build/icyphy/ptII/ptolemy/domains/de/test/auto/TimerZeroDelay.xml (RunModel)" time="0.011" />
  <testcase classname="ptolemy.util.test.junit.AutoTests" name="[70] /home/travis/build/icyphy/ptII/ptolemy/domains/de/test/auto/TimingParadox.xml (RunModel)" time="0.299" />
  <testcase classname="ptolemy.util.test.junit.AutoTests" name="[71] /home/travis/build/icyphy/ptII/ptolemy/domains/de/test/auto/TransferInputs.xml (RunModel)" time="0.017" />
  <testcase classname="ptolemy.util.test.junit.AutoTests" name="[72] /home/travis/build/icyphy/ptII/ptolemy/domains/de/test/auto/TransferOutputs2.xml (RunModel)" time="0.017" />
  <testcase classname="ptolemy.util.test.junit.AutoTests" name="[73] /home/travis/build/icyphy/ptII/ptolemy/domains/de/test/auto/Trilateration.xml (RunModel)" time="10.512" />
  <testcase classname="ptolemy.util.test.junit.AutoTests" name="[74] /home/travis/build/icyphy/ptII/ptolemy/domains/de/test/auto/TwoSigmaDelta.xml (RunModel)" time="1.706" />
  <testcase classname="ptolemy.util.test.junit.AutoTests" name="[75] /home/travis/build/icyphy/ptII/ptolemy/domains/de/test/auto/VariableDelay.xml (RunModel)" time="0.031" />
  <testcase classname="ptolemy.util.test.junit.AutoTests" name="[76] /home/travis/build/icyphy/ptII/ptolemy/domains/de/test/auto/VariableDelay2.xml (RunModel)" time="0.01" />
  <testcase classname="ptolemy.util.test.junit.AutoTests" name="[77] /home/travis/build/icyphy/ptII/ptolemy/domains/de/test/auto/VariableDelayZeroDelay.xml (RunModel)" time="0.011" />
  <testcase classname="ptolemy.util.test.junit.AutoTests" name="[78] /home/travis/build/icyphy/ptII/ptolemy/domains/de/test/auto/VariableDelayZeroDelay2.xml (RunModel)" time="0.01" />
  <testcase classname="ptolemy.util.test.junit.AutoTests" name="[79] /home/travis/build/icyphy/ptII/ptolemy/domains/de/test/auto/deInCt.xml (RunModel)" time="0.023" />
  <testcase classname="ptolemy.util.test.junit.AutoTests" name="[80] /home/travis/build/icyphy/ptII/ptolemy/domains/de/test/auto/deInCt2.xml (RunModel)" time="0.021" />
  <testcase classname="ptolemy.util.test.junit.AutoTests" name="[81] /home/travis/build/icyphy/ptII/ptolemy/domains/de/test/auto/dynamicCausalityInterface1.xml (RunModel)" time="0.021" />
  <testcase classname="ptolemy.util.test.junit.AutoTests" name="[82] /home/travis/build/icyphy/ptII/ptolemy/domains/de/test/auto/fsm_de_test.xml (RunModel)" time="0.021" />
  <testcase classname="ptolemy.util.test.junit.AutoTests" name="[83] /home/travis/build/icyphy/ptII/ptolemy/domains/de/test/auto/functionDependencyReconstruction.xml (RunModel)" time="0.029" />
  <testcase classname="ptolemy.util.test.junit.AutoTests" name="[84] /home/travis/build/icyphy/ptII/ptolemy/domains/de/test/auto/multirate.xml (RunModel)" time="0.02" />
  <testcase classname="ptolemy.util.test.junit.AutoTests" name="[85] /home/travis/build/icyphy/ptII/ptolemy/domains/de/test/auto/multirate2.xml (RunModel)" time="0.013" />
  <testcase classname="ptolemy.util.test.junit.AutoTests" name="[86] /home/travis/build/icyphy/ptII/ptolemy/domains/de/test/auto/realtime.xml (RunModel)" time="10.009" />
  <testcase classname="ptolemy.util.test.junit.AutoTests" name="[87] /home/travis/build/icyphy/ptII/ptolemy/domains/de/test/auto/relationGroup.xml (RunModel)" time="0.012" />
  <testcase classname="ptolemy.util.test.junit.AutoTests" name="[88] /home/travis/build/icyphy/ptII/ptolemy/domains/de/test/auto/relationGroup2.xml (RunModel)" time="0.006" />
  <testcase classname="ptolemy.util.test.junit.AutoTests" name="[89] /home/travis/build/icyphy/ptII/ptolemy/domains/de/test/auto/sortWithOpaquePorts.xml (RunModel)" time="0.008" />
  <testcase classname="ptolemy.util.test.junit.AutoTests" name="[90] /home/travis/build/icyphy/ptII/ptolemy/domains/de/test/auto/transferInputsandOutputs.xml (RunModel)" time="0.02" />
  <testcase classname="ptolemy.util.test.junit.AutoTests" name="[91] /home/travis/build/icyphy/ptII/ptolemy/domains/de/test/auto/triggerType.xml (RunModel)" time="0.011" />
  <system-out><![CDATA[/home/travis/build/icyphy/ptII/ptolemy/domains/de/test/DependencyLoop.tcl
testDefs.tcl: setting time out to 9000 seconds at Sat Aug 15 16:56:52 UTC 2020
88 ms. Memory: 129024K Free: 78792K (61%)
19 ms. Memory: 129024K Free: 61384K (48%)
/home/travis/build/icyphy/ptII/ptolemy/domains/de/test/RunDETestsAsQSS.tcl
Run the DE tests using ptolemy.domains.qss.test.QSSDirectorTest, which extends QSSDirector and prints a message in the constructors.
------------------ testing $PTII/ptolemy/domains/de/test/auto/knownFailedTests/DirectFeedback.xml (Known Failure) 
52 ms. Memory: 129024K Free: 56264K (44%)


==== $PTIIhome/travis/build/icyphy/ptII/ptolemy/domains/de/test/../../../../: Auto Automatic test in file $PTII/ptolemy/domains/de/test/auto/knownFailedTests/DirectFeedback.xml
==== Contents of test case:

	    # FIXME: we should use $relativeFilename here, but it
	    # might have backslashes under Windows, which causes no end
	    # of trouble.
	    createAndExecute $file
	    list {}
	
.... Test generated KNOWN error:
    while executing
ptolemy.kernel.util.IllegalActionException: Test fails in iteration 1.
Value was: 1.0. Should have been: 2.0
  in .DirectFeedback.Test
	at ptolemy.actor.lib.Test.fire(Test.java:268)
	at ptolemy.domains.de.kernel.DEDirector._fire(DEDirector.java:1949)
	at ptolemy.domains.de.kernel.DEDirector.fire(DEDirector.java:502)
	at ptolemy.actor.CompositeActor.fire(CompositeActor.java:455)
	at ptolemy.actor.Manager.iterate(Manager.java:851)
	at ptolemy.actor.Manager.execute(Manager.java:369)
	at ptolemy.actor.Manager.run(Manager.java:1263)
	at ptolemy.actor.Manager$PtolemyRunThread.run(Manager.java:1933)

    while executing
ptolemy.kernel.util.IllegalActionException: Test fails in iteration 1.
Value was: 1.0. Should have been: 2.0
  in .DirectFeedback.Test
    while executing
"java::new ptolemy.moml.MoMLSimpleApplication $file
"
    (procedure "createAndExecute" line 2)
    invoked from within
"createAndExecute $file"
    ("uplevel" body line 5)
    invoked from within
"uplevel $contents_of_test"
------------------ testing $PTII/ptolemy/domains/de/test/auto/knownFailedTests/dependencyLoop.xml (Known Failure) 
11 ms. Memory: 129024K Free: 53192K (41%)


==== $PTIIhome/travis/build/icyphy/ptII/ptolemy/domains/de/test/../../../../: Auto Automatic test in file $PTII/ptolemy/domains/de/test/auto/knownFailedTests/dependencyLoop.xml
==== Contents of test case:

	    # FIXME: we should use $relativeFilename here, but it
	    # might have backslashes under Windows, which causes no end
	    # of trouble.
	    createAndExecute $file
	    list {}
	
.... Test generated KNOWN error:
    while executing
ptolemy.kernel.util.IllegalActionException: Found a zero delay loop containing .dependencyLoop.original
  in .dependencyLoop and .dependencyLoop.original
	at ptolemy.actor.util.CausalityInterfaceForComposites._computeOutputPortDepth(CausalityInterfaceForComposites.java:759)
	at ptolemy.actor.util.CausalityInterfaceForComposites._computeInputDepth(CausalityInterfaceForComposites.java:696)
	at ptolemy.actor.util.CausalityInterfaceForComposites._computeOutputPortDepth(CausalityInterfaceForComposites.java:765)
	at ptolemy.actor.util.CausalityInterfaceForComposites._computeInputDepth(CausalityInterfaceForComposites.java:696)
	at ptolemy.actor.util.CausalityInterfaceForComposites._computeOutputPortDepth(CausalityInterfaceForComposites.java:765)
	at ptolemy.actor.util.CausalityInterfaceForComposites._computeInputDepth(CausalityInterfaceForComposites.java:696)
	at ptolemy.actor.util.CausalityInterfaceForComposites._computeActorDepth(CausalityInterfaceForComposites.java:532)
	at ptolemy.actor.util.CausalityInterfaceForComposites.checkForCycles(CausalityInterfaceForComposites.java:96)
	at ptolemy.domains.de.kernel.DEDirector.preinitialize(DEDirector.java:1338)
	at ptolemy.actor.CompositeActor.preinitialize(CompositeActor.java:1828)
	at ptolemy.actor.Manager.preinitializeAndResolveTypes(Manager.java:1040)
	at ptolemy.actor.Manager.initialize(Manager.java:710)
	at ptolemy.actor.Manager.execute(Manager.java:356)
	at ptolemy.actor.Manager.run(Manager.java:1263)
	at ptolemy.actor.Manager$PtolemyRunThread.run(Manager.java:1933)

    while executing
ptolemy.kernel.util.IllegalActionException: Found a zero delay loop containing .dependencyLoop.original
  in .dependencyLoop and .dependencyLoop.original
    while executing
"java::new ptolemy.moml.MoMLSimpleApplication $file
"
    (procedure "createAndExecute" line 2)
    invoked from within
"createAndExecute $file"
    ("uplevel" body line 5)
    invoked from within
"uplevel $contents_of_test"
------------------ testing $PTII/ptolemy/domains/de/test/auto/knownFailedTests/FSMSource.xml (Known Failure) 
74 ms. Memory: 129024K Free: 111465K (86%)
!!!! Auto was marked as failing, but now passes
------------------ testing $PTII/ptolemy/domains/de/test/auto/knownFailedTests/HierarchicalModel.xml (Known Failure) 
9 ms. Memory: 129024K Free: 94025K (73%)


==== $PTIIhome/travis/build/icyphy/ptII/ptolemy/domains/de/test/../../../../: Auto Automatic test in file $PTII/ptolemy/domains/de/test/auto/knownFailedTests/HierarchicalModel.xml
==== Contents of test case:

	    # FIXME: we should use $relativeFilename here, but it
	    # might have backslashes under Windows, which causes no end
	    # of trouble.
	    createAndExecute $file
	    list {}
	
.... Test generated KNOWN error:
    while executing
ptolemy.kernel.util.IllegalActionException: Found a zero delay loop containing .HierarchicalModel.A
  in .HierarchicalModel and .HierarchicalModel.A
	at ptolemy.actor.util.CausalityInterfaceForComposites._computeOutputPortDepth(CausalityInterfaceForComposites.java:759)
	at ptolemy.actor.util.CausalityInterfaceForComposites._computeInputDepth(CausalityInterfaceForComposites.java:696)
	at ptolemy.actor.util.CausalityInterfaceForComposites._computeOutputPortDepth(CausalityInterfaceForComposites.java:765)
	at ptolemy.actor.util.CausalityInterfaceForComposites._computeInputDepth(CausalityInterfaceForComposites.java:696)
	at ptolemy.actor.util.CausalityInterfaceForComposites._computeOutputPortDepth(CausalityInterfaceForComposites.java:765)
	at ptolemy.actor.util.CausalityInterfaceForComposites._computeInputDepth(CausalityInterfaceForComposites.java:696)
	at ptolemy.actor.util.CausalityInterfaceForComposites._computeActorDepth(CausalityInterfaceForComposites.java:532)
	at ptolemy.actor.util.CausalityInterfaceForComposites.checkForCycles(CausalityInterfaceForComposites.java:96)
	at ptolemy.domains.de.kernel.DEDirector.preinitialize(DEDirector.java:1338)
	at ptolemy.actor.CompositeActor.preinitialize(CompositeActor.java:1828)
	at ptolemy.actor.Manager.preinitializeAndResolveTypes(Manager.java:1040)
	at ptolemy.actor.Manager.initialize(Manager.java:710)
	at ptolemy.actor.Manager.execute(Manager.java:356)
	at ptolemy.actor.Manager.run(Manager.java:1263)
	at ptolemy.actor.Manager$PtolemyRunThread.run(Manager.java:1933)

    while executing
ptolemy.kernel.util.IllegalActionException: Found a zero delay loop containing .HierarchicalModel.A
  in .HierarchicalModel and .HierarchicalModel.A
    while executing
"java::new ptolemy.moml.MoMLSimpleApplication $file
"
    (procedure "createAndExecute" line 2)
    invoked from within
"createAndExecute $file"
    ("uplevel" body line 5)
    invoked from within
"uplevel $contents_of_test"
------------------ testing $PTII/ptolemy/domains/de/test/auto/knownFailedTests/dependencyLoop2.xml (Known Failure) 
15 ms. Memory: 129024K Free: 77715K (60%)


==== $PTIIhome/travis/build/icyphy/ptII/ptolemy/domains/de/test/../../../../: Auto Automatic test in file $PTII/ptolemy/domains/de/test/auto/knownFailedTests/dependencyLoop2.xml
==== Contents of test case:

	    # FIXME: we should use $relativeFilename here, but it
	    # might have backslashes under Windows, which causes no end
	    # of trouble.
	    createAndExecute $file
	    list {}
	
.... Test generated KNOWN error:
    while executing
ptolemy.kernel.util.IllegalActionException: Found a zero delay loop containing .dependencyLoop2.original
  in .dependencyLoop2 and .dependencyLoop2.original
	at ptolemy.actor.util.CausalityInterfaceForComposites._computeOutputPortDepth(CausalityInterfaceForComposites.java:759)
	at ptolemy.actor.util.CausalityInterfaceForComposites._computeInputDepth(CausalityInterfaceForComposites.java:696)
	at ptolemy.actor.util.CausalityInterfaceForComposites._computeOutputPortDepth(CausalityInterfaceForComposites.java:765)
	at ptolemy.actor.util.CausalityInterfaceForComposites._computeInputDepth(CausalityInterfaceForComposites.java:696)
	at ptolemy.actor.util.CausalityInterfaceForComposites._computeOutputPortDepth(CausalityInterfaceForComposites.java:765)
	at ptolemy.actor.util.CausalityInterfaceForComposites._computeInputDepth(CausalityInterfaceForComposites.java:696)
	at ptolemy.actor.util.CausalityInterfaceForComposites._computeActorDepth(CausalityInterfaceForComposites.java:532)
	at ptolemy.actor.util.CausalityInterfaceForComposites.checkForCycles(CausalityInterfaceForComposites.java:96)
	at ptolemy.domains.de.kernel.DEDirector.preinitialize(DEDirector.java:1338)
	at ptolemy.actor.CompositeActor.preinitialize(CompositeActor.java:1828)
	at ptolemy.actor.Manager.preinitializeAndResolveTypes(Manager.java:1040)
	at ptolemy.actor.Manager.initialize(Manager.java:710)
	at ptolemy.actor.Manager.execute(Manager.java:356)
	at ptolemy.actor.Manager.run(Manager.java:1263)
	at ptolemy.actor.Manager$PtolemyRunThread.run(Manager.java:1933)

    while executing
ptolemy.kernel.util.IllegalActionException: Found a zero delay loop containing .dependencyLoop2.original
  in .dependencyLoop2 and .dependencyLoop2.original
    while executing
"java::new ptolemy.moml.MoMLSimpleApplication $file
"
    (procedure "createAndExecute" line 2)
    invoked from within
"createAndExecute $file"
    ("uplevel" body line 5)
    invoked from within
"uplevel $contents_of_test"
------------------ testing $PTII/ptolemy/domains/de/test/auto/knownFailedTests/DESDFClockTest.xml (Known Failure) 
2067 ms. Memory: 129024K Free: 108358K (84%)


==== $PTIIhome/travis/build/icyphy/ptII/ptolemy/domains/de/test/../../../../: Auto Automatic test in file $PTII/ptolemy/domains/de/test/auto/knownFailedTests/DESDFClockTest.xml
==== Contents of test case:

	    # FIXME: we should use $relativeFilename here, but it
	    # might have backslashes under Windows, which causes no end
	    # of trouble.
	    createAndExecute $file
	    list {}
	
.... Test generated KNOWN error:
    while executing
ptolemy.kernel.util.IllegalActionException: Actor is not ready to fire.  Perhaps UpSample.prefire() returned false? Try debugging the actor by selecting "Listen to Actor".  Also, for SDF check moml for tokenConsumptionRate on input.
  in .DESDFClockTest.Play Bell.Copy1:SDF Director and .DESDFClockTest.Play Bell.UpSample
	at ptolemy.actor.sched.StaticSchedulingDirector.fire(StaticSchedulingDirector.java:227)
	at ptolemy.domains.sdf.kernel.SDFDirector.fire(SDFDirector.java:500)
	at ptolemy.actor.CompositeActor.fire(CompositeActor.java:455)
	at ptolemy.domains.de.kernel.DEDirector._fire(DEDirector.java:1949)
	at ptolemy.domains.de.kernel.DEDirector.fire(DEDirector.java:502)
	at ptolemy.actor.CompositeActor.fire(CompositeActor.java:455)
	at ptolemy.actor.Manager.iterate(Manager.java:851)
	at ptolemy.actor.Manager.execute(Manager.java:369)
	at ptolemy.actor.Manager.run(Manager.java:1263)
	at ptolemy.actor.Manager$PtolemyRunThread.run(Manager.java:1933)

    while executing
ptolemy.kernel.util.IllegalActionException: Actor is not ready to fire.  Perhaps UpSample.prefire() returned false? Try debugging the actor by selecting "Listen to Actor".  Also, for SDF check moml for tokenConsumptionRate on input.
  in .DESDFClockTest.Play Bell.Copy1:SDF Director and .DESDFClockTest.Play Bell.UpSample
    while executing
"java::new ptolemy.moml.MoMLSimpleApplication $file
"
    (procedure "createAndExecute" line 2)
    invoked from within
"createAndExecute $file"
    ("uplevel" body line 5)
    invoked from within
"uplevel $contents_of_test"
------------------ testing $PTII/ptolemy/domains/de/test/auto/ActorDepthCalculation_actorWithoutPorts.xml
auto.tcl: Setting watchdog for 200 seconds at Sat Aug 15 16:56:56 UTC 2020
8 ms. Memory: 129024K Free: 100662K (78%)
ptolemy.util.test.WatchDog.cancel(): canceling Sat Aug 15 16:56:56 UTC 2020
auto.tcl: Setting watchdog for 200 seconds at Sat Aug 15 16:56:56 UTC 2020
5 ms. Memory: 129024K Free: 99140K (77%)
ptolemy.util.test.WatchDog.cancel(): canceling Sat Aug 15 16:56:56 UTC 2020
------------------ testing $PTII/ptolemy/domains/de/test/auto/AssemblyLine.xml
auto.tcl: Setting watchdog for 200 seconds at Sat Aug 15 16:56:57 UTC 2020
11 ms. Memory: 51200K Free: 27910K (55%)
ptolemy.util.test.WatchDog.cancel(): canceling Sat Aug 15 16:56:57 UTC 2020
auto.tcl: Setting watchdog for 200 seconds at Sat Aug 15 16:56:57 UTC 2020
6 ms. Memory: 51200K Free: 26788K (52%)
ptolemy.util.test.WatchDog.cancel(): canceling Sat Aug 15 16:56:57 UTC 2020
------------------ testing $PTII/ptolemy/domains/de/test/auto/CQBug1.xml
auto.tcl: Setting watchdog for 200 seconds at Sat Aug 15 16:56:57 UTC 2020
3 ms. Memory: 51200K Free: 33246K (65%)
ptolemy.util.test.WatchDog.cancel(): canceling Sat Aug 15 16:56:57 UTC 2020
auto.tcl: Setting watchdog for 200 seconds at Sat Aug 15 16:56:57 UTC 2020
3 ms. Memory: 51200K Free: 33246K (65%)
ptolemy.util.test.WatchDog.cancel(): canceling Sat Aug 15 16:56:57 UTC 2020
------------------ testing $PTII/ptolemy/domains/de/test/auto/CancelFireAt.xml
auto.tcl: Setting watchdog for 200 seconds at Sat Aug 15 16:56:57 UTC 2020
7 ms. Memory: 48128K Free: 31661K (66%)
ptolemy.util.test.WatchDog.cancel(): canceling Sat Aug 15 16:56:57 UTC 2020
auto.tcl: Setting watchdog for 200 seconds at Sat Aug 15 16:56:57 UTC 2020
2 ms. Memory: 48128K Free: 31197K (65%)
ptolemy.util.test.WatchDog.cancel(): canceling Sat Aug 15 16:56:57 UTC 2020
------------------ testing $PTII/ptolemy/domains/de/test/auto/CausalityAndComposabilityAnalysis.xml
auto.tcl: Setting watchdog for 200 seconds at Sat Aug 15 16:56:57 UTC 2020
16 ms. Memory: 48128K Free: 29342K (61%)
ptolemy.util.test.WatchDog.cancel(): canceling Sat Aug 15 16:56:57 UTC 2020
auto.tcl: Setting watchdog for 200 seconds at Sat Aug 15 16:56:57 UTC 2020
10 ms. Memory: 48128K Free: 28894K (60%)
ptolemy.util.test.WatchDog.cancel(): canceling Sat Aug 15 16:56:57 UTC 2020
------------------ testing $PTII/ptolemy/domains/de/test/auto/CausalityInterface1.xml
auto.tcl: Setting watchdog for 200 seconds at Sat Aug 15 16:56:57 UTC 2020
27 ms. Memory: 48128K Free: 28112K (58%)
ptolemy.util.test.WatchDog.cancel(): canceling Sat Aug 15 16:56:57 UTC 2020
auto.tcl: Setting watchdog for 200 seconds at Sat Aug 15 16:56:57 UTC 2020
5 ms. Memory: 48128K Free: 26952K (56%)
ptolemy.util.test.WatchDog.cancel(): canceling Sat Aug 15 16:56:57 UTC 2020
------------------ testing $PTII/ptolemy/domains/de/test/auto/CausalityInterface15.xml
auto.tcl: Setting watchdog for 200 seconds at Sat Aug 15 16:56:57 UTC 2020
13 ms. Memory: 48128K Free: 28518K (59%)
ptolemy.util.test.WatchDog.cancel(): canceling Sat Aug 15 16:56:57 UTC 2020
auto.tcl: Setting watchdog for 200 seconds at Sat Aug 15 16:56:57 UTC 2020
5 ms. Memory: 48128K Free: 27329K (57%)
ptolemy.util.test.WatchDog.cancel(): canceling Sat Aug 15 16:56:57 UTC 2020
------------------ testing $PTII/ptolemy/domains/de/test/auto/CausalityInterface2.xml
auto.tcl: Setting watchdog for 200 seconds at Sat Aug 15 16:56:57 UTC 2020
4 ms. Memory: 48128K Free: 29130K (61%)
ptolemy.util.test.WatchDog.cancel(): canceling Sat Aug 15 16:56:58 UTC 2020
auto.tcl: Setting watchdog for 200 seconds at Sat Aug 15 16:56:58 UTC 2020
4 ms. Memory: 48128K Free: 28232K (59%)
ptolemy.util.test.WatchDog.cancel(): canceling Sat Aug 15 16:56:58 UTC 2020
------------------ testing $PTII/ptolemy/domains/de/test/auto/CausalityInterface3.xml
auto.tcl: Setting watchdog for 200 seconds at Sat Aug 15 16:56:58 UTC 2020
3 ms. Memory: 48128K Free: 28438K (59%)
ptolemy.util.test.WatchDog.cancel(): canceling Sat Aug 15 16:56:58 UTC 2020
auto.tcl: Setting watchdog for 200 seconds at Sat Aug 15 16:56:58 UTC 2020
3 ms. Memory: 48128K Free: 27641K (57%)
ptolemy.util.test.WatchDog.cancel(): canceling Sat Aug 15 16:56:58 UTC 2020
------------------ testing $PTII/ptolemy/domains/de/test/auto/ClockDrift.xml
auto.tcl: Setting watchdog for 200 seconds at Sat Aug 15 16:56:58 UTC 2020
50 ms. Memory: 48128K Free: 21007K (44%)
ptolemy.util.test.WatchDog.cancel(): canceling Sat Aug 15 16:56:58 UTC 2020
auto.tcl: Setting watchdog for 200 seconds at Sat Aug 15 16:56:58 UTC 2020
59 ms. Memory: 48128K Free: 17992K (37%)
ptolemy.util.test.WatchDog.cancel(): canceling Sat Aug 15 16:56:58 UTC 2020
------------------ testing $PTII/ptolemy/domains/de/test/auto/ClockDriftAndValueChange.xml
auto.tcl: Setting watchdog for 200 seconds at Sat Aug 15 16:56:58 UTC 2020
46 ms. Memory: 48128K Free: 21091K (44%)
ptolemy.util.test.WatchDog.cancel(): canceling Sat Aug 15 16:56:58 UTC 2020
auto.tcl: Setting watchdog for 200 seconds at Sat Aug 15 16:56:58 UTC 2020
29 ms. Memory: 48128K Free: 18257K (38%)
ptolemy.util.test.WatchDog.cancel(): canceling Sat Aug 15 16:56:58 UTC 2020
------------------ testing $PTII/ptolemy/domains/de/test/auto/ClockDriftChange.xml
auto.tcl: Setting watchdog for 200 seconds at Sat Aug 15 16:56:58 UTC 2020
21 ms. Memory: 48128K Free: 23150K (48%)
ptolemy.util.test.WatchDog.cancel(): canceling Sat Aug 15 16:56:58 UTC 2020
auto.tcl: Setting watchdog for 200 seconds at Sat Aug 15 16:56:58 UTC 2020
16 ms. Memory: 48128K Free: 20596K (43%)
ptolemy.util.test.WatchDog.cancel(): canceling Sat Aug 15 16:56:58 UTC 2020
------------------ testing $PTII/ptolemy/domains/de/test/auto/ComposableCausalityAnalysis.xml
auto.tcl: Setting watchdog for 200 seconds at Sat Aug 15 16:56:58 UTC 2020
2 ms. Memory: 48128K Free: 27718K (58%)
ptolemy.util.test.WatchDog.cancel(): canceling Sat Aug 15 16:56:58 UTC 2020
auto.tcl: Setting watchdog for 200 seconds at Sat Aug 15 16:56:58 UTC 2020
3 ms. Memory: 48128K Free: 26488K (55%)
ptolemy.util.test.WatchDog.cancel(): canceling Sat Aug 15 16:56:58 UTC 2020
------------------ testing $PTII/ptolemy/domains/de/test/auto/DEFixedPointLimitation.xml
auto.tcl: Setting watchdog for 200 seconds at Sat Aug 15 16:56:58 UTC 2020
2 ms. Memory: 48128K Free: 29145K (61%)
ptolemy.util.test.WatchDog.cancel(): canceling Sat Aug 15 16:56:58 UTC 2020
auto.tcl: Setting watchdog for 200 seconds at Sat Aug 15 16:56:58 UTC 2020
1 ms. Memory: 48128K Free: 28221K (59%)
ptolemy.util.test.WatchDog.cancel(): canceling Sat Aug 15 16:56:58 UTC 2020
------------------ testing $PTII/ptolemy/domains/de/test/auto/DEScheduleTest.xml
auto.tcl: Setting watchdog for 200 seconds at Sat Aug 15 16:56:58 UTC 2020
4 ms. Memory: 48128K Free: 29437K (61%)
ptolemy.util.test.WatchDog.cancel(): canceling Sat Aug 15 16:56:58 UTC 2020
auto.tcl: Setting watchdog for 200 seconds at Sat Aug 15 16:56:58 UTC 2020
3 ms. Memory: 48128K Free: 28651K (60%)
ptolemy.util.test.WatchDog.cancel(): canceling Sat Aug 15 16:56:58 UTC 2020
------------------ testing $PTII/ptolemy/domains/de/test/auto/DEinDEwithStartTimes.xml
auto.tcl: Setting watchdog for 200 seconds at Sat Aug 15 16:56:58 UTC 2020
4 ms. Memory: 48128K Free: 27593K (57%)
ptolemy.util.test.WatchDog.cancel(): canceling Sat Aug 15 16:56:58 UTC 2020
auto.tcl: Setting watchdog for 200 seconds at Sat Aug 15 16:56:58 UTC 2020
3 ms. Memory: 48128K Free: 26553K (55%)
ptolemy.util.test.WatchDog.cancel(): canceling Sat Aug 15 16:56:58 UTC 2020
------------------ testing $PTII/ptolemy/domains/de/test/auto/DEinDEwithStartTimes2.xml
auto.tcl: Setting watchdog for 200 seconds at Sat Aug 15 16:56:58 UTC 2020
7 ms. Memory: 48128K Free: 26778K (56%)
ptolemy.util.test.WatchDog.cancel(): canceling Sat Aug 15 16:56:58 UTC 2020
auto.tcl: Setting watchdog for 200 seconds at Sat Aug 15 16:56:58 UTC 2020
4 ms. Memory: 48128K Free: 25509K (53%)
ptolemy.util.test.WatchDog.cancel(): canceling Sat Aug 15 16:56:58 UTC 2020
------------------ testing $PTII/ptolemy/domains/de/test/auto/DateDemo.xml
auto.tcl: Setting watchdog for 200 seconds at Sat Aug 15 16:56:59 UTC 2020
18 ms. Memory: 48128K Free: 21151K (44%)
ptolemy.util.test.WatchDog.cancel(): canceling Sat Aug 15 16:56:59 UTC 2020
auto.tcl: Setting watchdog for 200 seconds at Sat Aug 15 16:56:59 UTC 2020
7 ms. Memory: 48128K Free: 19567K (41%)
ptolemy.util.test.WatchDog.cancel(): canceling Sat Aug 15 16:56:59 UTC 2020
------------------ testing $PTII/ptolemy/domains/de/test/auto/DateToEvent.xml
auto.tcl: Setting watchdog for 200 seconds at Sat Aug 15 16:56:59 UTC 2020
2017 ms. Memory: 48128K Free: 16621K (35%)
ptolemy.util.test.WatchDog.cancel(): canceling Sat Aug 15 16:57:01 UTC 2020
auto.tcl: Setting watchdog for 200 seconds at Sat Aug 15 16:57:01 UTC 2020
2006 ms. Memory: 48128K Free: 16251K (34%)
ptolemy.util.test.WatchDog.cancel(): canceling Sat Aug 15 16:57:03 UTC 2020
------------------ testing $PTII/ptolemy/domains/de/test/auto/DepthTest1.xml
auto.tcl: Setting watchdog for 200 seconds at Sat Aug 15 16:57:03 UTC 2020
4 ms. Memory: 48128K Free: 29737K (62%)
ptolemy.util.test.WatchDog.cancel(): canceling Sat Aug 15 16:57:03 UTC 2020
auto.tcl: Setting watchdog for 200 seconds at Sat Aug 15 16:57:03 UTC 2020
2 ms. Memory: 48128K Free: 29342K (61%)
ptolemy.util.test.WatchDog.cancel(): canceling Sat Aug 15 16:57:03 UTC 2020
------------------ testing $PTII/ptolemy/domains/de/test/auto/DepthTest2.xml
auto.tcl: Setting watchdog for 200 seconds at Sat Aug 15 16:57:03 UTC 2020
3 ms. Memory: 48128K Free: 27060K (56%)
ptolemy.util.test.WatchDog.cancel(): canceling Sat Aug 15 16:57:03 UTC 2020
auto.tcl: Setting watchdog for 200 seconds at Sat Aug 15 16:57:03 UTC 2020
3 ms. Memory: 48128K Free: 26648K (55%)
ptolemy.util.test.WatchDog.cancel(): canceling Sat Aug 15 16:57:03 UTC 2020
------------------ testing $PTII/ptolemy/domains/de/test/auto/DepthTest3.xml
auto.tcl: Setting watchdog for 200 seconds at Sat Aug 15 16:57:03 UTC 2020
2 ms. Memory: 48128K Free: 30550K (63%)
ptolemy.util.test.WatchDog.cancel(): canceling Sat Aug 15 16:57:03 UTC 2020
auto.tcl: Setting watchdog for 200 seconds at Sat Aug 15 16:57:03 UTC 2020
1 ms. Memory: 48128K Free: 30121K (63%)
ptolemy.util.test.WatchDog.cancel(): canceling Sat Aug 15 16:57:03 UTC 2020
------------------ testing $PTII/ptolemy/domains/de/test/auto/DepthTest4.xml
auto.tcl: Setting watchdog for 200 seconds at Sat Aug 15 16:57:03 UTC 2020
7 ms. Memory: 48128K Free: 28900K (60%)
ptolemy.util.test.WatchDog.cancel(): canceling Sat Aug 15 16:57:03 UTC 2020
auto.tcl: Setting watchdog for 200 seconds at Sat Aug 15 16:57:03 UTC 2020
2 ms. Memory: 48128K Free: 28156K (59%)
ptolemy.util.test.WatchDog.cancel(): canceling Sat Aug 15 16:57:03 UTC 2020
------------------ testing $PTII/ptolemy/domains/de/test/auto/DepthTest5.xml
auto.tcl: Setting watchdog for 200 seconds at Sat Aug 15 16:57:03 UTC 2020
3 ms. Memory: 48128K Free: 28052K (58%)
ptolemy.util.test.WatchDog.cancel(): canceling Sat Aug 15 16:57:03 UTC 2020
auto.tcl: Setting watchdog for 200 seconds at Sat Aug 15 16:57:03 UTC 2020
2 ms. Memory: 48128K Free: 27672K (57%)
ptolemy.util.test.WatchDog.cancel(): canceling Sat Aug 15 16:57:03 UTC 2020
------------------ testing $PTII/ptolemy/domains/de/test/auto/DepthTest6.xml
auto.tcl: Setting watchdog for 200 seconds at Sat Aug 15 16:57:03 UTC 2020
5 ms. Memory: 48128K Free: 28002K (58%)
ptolemy.util.test.WatchDog.cancel(): canceling Sat Aug 15 16:57:03 UTC 2020
auto.tcl: Setting watchdog for 200 seconds at Sat Aug 15 16:57:03 UTC 2020
2 ms. Memory: 48128K Free: 27597K (57%)
ptolemy.util.test.WatchDog.cancel(): canceling Sat Aug 15 16:57:03 UTC 2020
------------------ testing $PTII/ptolemy/domains/de/test/auto/DepthTest7.xml
auto.tcl: Setting watchdog for 200 seconds at Sat Aug 15 16:57:03 UTC 2020
3 ms. Memory: 48128K Free: 28823K (60%)
ptolemy.util.test.WatchDog.cancel(): canceling Sat Aug 15 16:57:03 UTC 2020
auto.tcl: Setting watchdog for 200 seconds at Sat Aug 15 16:57:03 UTC 2020
2 ms. Memory: 48128K Free: 28087K (58%)
ptolemy.util.test.WatchDog.cancel(): canceling Sat Aug 15 16:57:03 UTC 2020
------------------ testing $PTII/ptolemy/domains/de/test/auto/EventToDate.xml
auto.tcl: Setting watchdog for 200 seconds at Sat Aug 15 16:57:03 UTC 2020
3005 ms. Memory: 48128K Free: 19637K (41%)
ptolemy.util.test.WatchDog.cancel(): canceling Sat Aug 15 16:57:06 UTC 2020
auto.tcl: Setting watchdog for 200 seconds at Sat Aug 15 16:57:06 UTC 2020
3004 ms. Memory: 48128K Free: 18931K (39%)
ptolemy.util.test.WatchDog.cancel(): canceling Sat Aug 15 16:57:09 UTC 2020
------------------ testing $PTII/ptolemy/domains/de/test/auto/FSM1.xml
auto.tcl: Setting watchdog for 200 seconds at Sat Aug 15 16:57:09 UTC 2020
34 ms. Memory: 48128K Free: 20824K (43%)
ptolemy.util.test.WatchDog.cancel(): canceling Sat Aug 15 16:57:09 UTC 2020
auto.tcl: Setting watchdog for 200 seconds at Sat Aug 15 16:57:09 UTC 2020
19 ms. Memory: 48128K Free: 17590K (37%)
ptolemy.util.test.WatchDog.cancel(): canceling Sat Aug 15 16:57:10 UTC 2020
------------------ testing $PTII/ptolemy/domains/de/test/auto/FSM7.xml
auto.tcl: Setting watchdog for 200 seconds at Sat Aug 15 16:57:10 UTC 2020
16 ms. Memory: 48128K Free: 20500K (43%)
ptolemy.util.test.WatchDog.cancel(): canceling Sat Aug 15 16:57:10 UTC 2020
auto.tcl: Setting watchdog for 200 seconds at Sat Aug 15 16:57:10 UTC 2020
23 ms. Memory: 48128K Free: 17386K (36%)
ptolemy.util.test.WatchDog.cancel(): canceling Sat Aug 15 16:57:10 UTC 2020
------------------ testing $PTII/ptolemy/domains/de/test/auto/Inspection.xml
auto.tcl: Setting watchdog for 200 seconds at Sat Aug 15 16:57:10 UTC 2020
23 ms. Memory: 48128K Free: 20532K (43%)
ptolemy.util.test.WatchDog.cancel(): canceling Sat Aug 15 16:57:10 UTC 2020
auto.tcl: Setting watchdog for 200 seconds at Sat Aug 15 16:57:10 UTC 2020
19 ms. Memory: 48128K Free: 18809K (39%)
ptolemy.util.test.WatchDog.cancel(): canceling Sat Aug 15 16:57:10 UTC 2020
------------------ testing $PTII/ptolemy/domains/de/test/auto/Iteration.xml
auto.tcl: Setting watchdog for 200 seconds at Sat Aug 15 16:57:10 UTC 2020
8 ms. Memory: 48128K Free: 26276K (55%)
ptolemy.util.test.WatchDog.cancel(): canceling Sat Aug 15 16:57:10 UTC 2020
auto.tcl: Setting watchdog for 200 seconds at Sat Aug 15 16:57:10 UTC 2020
7 ms. Memory: 48128K Free: 24865K (52%)
ptolemy.util.test.WatchDog.cancel(): canceling Sat Aug 15 16:57:10 UTC 2020
------------------ testing $PTII/ptolemy/domains/de/test/auto/LineFault.xml
auto.tcl: Setting watchdog for 200 seconds at Sat Aug 15 16:57:10 UTC 2020
626 ms. Memory: 48128K Free: 23546K (49%)
ptolemy.util.test.WatchDog.cancel(): canceling Sat Aug 15 16:57:11 UTC 2020
auto.tcl: Setting watchdog for 200 seconds at Sat Aug 15 16:57:11 UTC 2020
479 ms. Memory: 58368K Free: 19601K (34%)
ptolemy.util.test.WatchDog.cancel(): canceling Sat Aug 15 16:57:11 UTC 2020
------------------ testing $PTII/ptolemy/domains/de/test/auto/MergeModel1Add.xml
auto.tcl: Setting watchdog for 200 seconds at Sat Aug 15 16:57:11 UTC 2020
33 ms. Memory: 55296K Free: 19439K (35%)
ptolemy.util.test.WatchDog.cancel(): canceling Sat Aug 15 16:57:11 UTC 2020
auto.tcl: Setting watchdog for 200 seconds at Sat Aug 15 16:57:11 UTC 2020
16 ms. Memory: 55296K Free: 17793K (32%)
ptolemy.util.test.WatchDog.cancel(): canceling Sat Aug 15 16:57:11 UTC 2020
------------------ testing $PTII/ptolemy/domains/de/test/auto/MergeModel2Add.xml
auto.tcl: Setting watchdog for 200 seconds at Sat Aug 15 16:57:11 UTC 2020
13 ms. Memory: 55296K Free: 21252K (38%)
ptolemy.util.test.WatchDog.cancel(): canceling Sat Aug 15 16:57:12 UTC 2020
auto.tcl: Setting watchdog for 200 seconds at Sat Aug 15 16:57:12 UTC 2020
10 ms. Memory: 55296K Free: 19516K (35%)
ptolemy.util.test.WatchDog.cancel(): canceling Sat Aug 15 16:57:12 UTC 2020
------------------ testing $PTII/ptolemy/domains/de/test/auto/MergeModel3Add.xml
auto.tcl: Setting watchdog for 200 seconds at Sat Aug 15 16:57:12 UTC 2020
9 ms. Memory: 55296K Free: 21483K (39%)
ptolemy.util.test.WatchDog.cancel(): canceling Sat Aug 15 16:57:12 UTC 2020
auto.tcl: Setting watchdog for 200 seconds at Sat Aug 15 16:57:12 UTC 2020
9 ms. Memory: 55296K Free: 19966K (36%)
ptolemy.util.test.WatchDog.cancel(): canceling Sat Aug 15 16:57:12 UTC 2020
------------------ testing $PTII/ptolemy/domains/de/test/auto/MergeWithoutDiscard.xml
auto.tcl: Setting watchdog for 200 seconds at Sat Aug 15 16:57:12 UTC 2020
1 ms. Memory: 55296K Free: 36023K (65%)
ptolemy.util.test.WatchDog.cancel(): canceling Sat Aug 15 16:57:12 UTC 2020
auto.tcl: Setting watchdog for 200 seconds at Sat Aug 15 16:57:12 UTC 2020
1 ms. Memory: 55296K Free: 35588K (64%)
ptolemy.util.test.WatchDog.cancel(): canceling Sat Aug 15 16:57:12 UTC 2020
------------------ testing $PTII/ptolemy/domains/de/test/auto/Modal1.xml
auto.tcl: Setting watchdog for 200 seconds at Sat Aug 15 16:57:12 UTC 2020
15 ms. Memory: 51200K Free: 24133K (47%)
ptolemy.util.test.WatchDog.cancel(): canceling Sat Aug 15 16:57:12 UTC 2020
auto.tcl: Setting watchdog for 200 seconds at Sat Aug 15 16:57:12 UTC 2020
16 ms. Memory: 51200K Free: 20849K (41%)
ptolemy.util.test.WatchDog.cancel(): canceling Sat Aug 15 16:57:12 UTC 2020
------------------ testing $PTII/ptolemy/domains/de/test/auto/Modal2.xml
auto.tcl: Setting watchdog for 200 seconds at Sat Aug 15 16:57:12 UTC 2020
19 ms. Memory: 51200K Free: 24010K (47%)
ptolemy.util.test.WatchDog.cancel(): canceling Sat Aug 15 16:57:12 UTC 2020
auto.tcl: Setting watchdog for 200 seconds at Sat Aug 15 16:57:12 UTC 2020
17 ms. Memory: 51200K Free: 20369K (40%)
ptolemy.util.test.WatchDog.cancel(): canceling Sat Aug 15 16:57:12 UTC 2020
------------------ testing $PTII/ptolemy/domains/de/test/auto/Modal3.xml
auto.tcl: Setting watchdog for 200 seconds at Sat Aug 15 16:57:12 UTC 2020
16 ms. Memory: 51200K Free: 23971K (47%)
ptolemy.util.test.WatchDog.cancel(): canceling Sat Aug 15 16:57:12 UTC 2020
auto.tcl: Setting watchdog for 200 seconds at Sat Aug 15 16:57:12 UTC 2020
14 ms. Memory: 51200K Free: 20376K (40%)
ptolemy.util.test.WatchDog.cancel(): canceling Sat Aug 15 16:57:12 UTC 2020
------------------ testing $PTII/ptolemy/domains/de/test/auto/Modal4.xml
auto.tcl: Setting watchdog for 200 seconds at Sat Aug 15 16:57:12 UTC 2020
12 ms. Memory: 51200K Free: 22943K (45%)
ptolemy.util.test.WatchDog.cancel(): canceling Sat Aug 15 16:57:12 UTC 2020
auto.tcl: Setting watchdog for 200 seconds at Sat Aug 15 16:57:12 UTC 2020
13 ms. Memory: 51200K Free: 19123K (37%)
ptolemy.util.test.WatchDog.cancel(): canceling Sat Aug 15 16:57:12 UTC 2020
------------------ testing $PTII/ptolemy/domains/de/test/auto/Modal5.xml
auto.tcl: Setting watchdog for 200 seconds at Sat Aug 15 16:57:12 UTC 2020
12 ms. Memory: 51200K Free: 22938K (45%)
ptolemy.util.test.WatchDog.cancel(): canceling Sat Aug 15 16:57:12 UTC 2020
auto.tcl: Setting watchdog for 200 seconds at Sat Aug 15 16:57:12 UTC 2020
14 ms. Memory: 51200K Free: 19110K (37%)
ptolemy.util.test.WatchDog.cancel(): canceling Sat Aug 15 16:57:12 UTC 2020
------------------ testing $PTII/ptolemy/domains/de/test/auto/Modal6.xml
auto.tcl: Setting watchdog for 200 seconds at Sat Aug 15 16:57:12 UTC 2020
12 ms. Memory: 51200K Free: 23755K (46%)
ptolemy.util.test.WatchDog.cancel(): canceling Sat Aug 15 16:57:12 UTC 2020
auto.tcl: Setting watchdog for 200 seconds at Sat Aug 15 16:57:12 UTC 2020
19 ms. Memory: 51200K Free: 19773K (39%)
ptolemy.util.test.WatchDog.cancel(): canceling Sat Aug 15 16:57:12 UTC 2020
------------------ testing $PTII/ptolemy/domains/de/test/auto/Modal7.xml
auto.tcl: Setting watchdog for 200 seconds at Sat Aug 15 16:57:12 UTC 2020
9 ms. Memory: 51200K Free: 22937K (45%)
ptolemy.util.test.WatchDog.cancel(): canceling Sat Aug 15 16:57:12 UTC 2020
auto.tcl: Setting watchdog for 200 seconds at Sat Aug 15 16:57:12 UTC 2020
9 ms. Memory: 51200K Free: 19108K (37%)
ptolemy.util.test.WatchDog.cancel(): canceling Sat Aug 15 16:57:12 UTC 2020
------------------ testing $PTII/ptolemy/domains/de/test/auto/ModalModel.xml
auto.tcl: Setting watchdog for 200 seconds at Sat Aug 15 16:57:13 UTC 2020
198 ms. Memory: 51200K Free: 12980K (25%)
ptolemy.util.test.WatchDog.cancel(): canceling Sat Aug 15 16:57:13 UTC 2020
auto.tcl: Setting watchdog for 200 seconds at Sat Aug 15 16:57:13 UTC 2020
204 ms. Memory: 61440K Free: 40621K (66%)
ptolemy.util.test.WatchDog.cancel(): canceling Sat Aug 15 16:57:13 UTC 2020
------------------ testing $PTII/ptolemy/domains/de/test/auto/ModalSource.xml
auto.tcl: Setting watchdog for 200 seconds at Sat Aug 15 16:57:13 UTC 2020
6 ms. Memory: 58368K Free: 34735K (60%)
ptolemy.util.test.WatchDog.cancel(): canceling Sat Aug 15 16:57:13 UTC 2020
auto.tcl: Setting watchdog for 200 seconds at Sat Aug 15 16:57:13 UTC 2020
6 ms. Memory: 58368K Free: 32687K (56%)
ptolemy.util.test.WatchDog.cancel(): canceling Sat Aug 15 16:57:13 UTC 2020
------------------ testing $PTII/ptolemy/domains/de/test/auto/NonInterruptibleTimerZeroDelay.xml
auto.tcl: Setting watchdog for 200 seconds at Sat Aug 15 16:57:13 UTC 2020
3 ms. Memory: 55296K Free: 36544K (66%)
ptolemy.util.test.WatchDog.cancel(): canceling Sat Aug 15 16:57:13 UTC 2020
auto.tcl: Setting watchdog for 200 seconds at Sat Aug 15 16:57:13 UTC 2020
2 ms. Memory: 55296K Free: 35933K (65%)
ptolemy.util.test.WatchDog.cancel(): canceling Sat Aug 15 16:57:13 UTC 2020
------------------ testing $PTII/ptolemy/domains/de/test/auto/OpenQueueingNetwork.xml
auto.tcl: Setting watchdog for 200 seconds at Sat Aug 15 16:57:13 UTC 2020
2860 ms. Memory: 118784K Free: 58695K (49%)
ptolemy.util.test.WatchDog.cancel(): canceling Sat Aug 15 16:57:16 UTC 2020
auto.tcl: Setting watchdog for 200 seconds at Sat Aug 15 16:57:16 UTC 2020
2419 ms. Memory: 143360K Free: 44845K (31%)
ptolemy.util.test.WatchDog.cancel(): canceling Sat Aug 15 16:57:19 UTC 2020
------------------ testing $PTII/ptolemy/domains/de/test/auto/OpenQueuingNetwork.xml
auto.tcl: Setting watchdog for 200 seconds at Sat Aug 15 16:57:19 UTC 2020
229 ms. Memory: 58368K Free: 31267K (54%)
ptolemy.util.test.WatchDog.cancel(): canceling Sat Aug 15 16:57:19 UTC 2020
auto.tcl: Setting watchdog for 200 seconds at Sat Aug 15 16:57:19 UTC 2020
216 ms. Memory: 58368K Free: 12102K (21%)
ptolemy.util.test.WatchDog.cancel(): canceling Sat Aug 15 16:57:19 UTC 2020
------------------ testing $PTII/ptolemy/domains/de/test/auto/PeriodicSampler.xml
auto.tcl: Setting watchdog for 200 seconds at Sat Aug 15 16:57:19 UTC 2020
3 ms. Memory: 55296K Free: 35794K (65%)
ptolemy.util.test.WatchDog.cancel(): canceling Sat Aug 15 16:57:19 UTC 2020
auto.tcl: Setting watchdog for 200 seconds at Sat Aug 15 16:57:19 UTC 2020
2 ms. Memory: 55296K Free: 35274K (64%)
ptolemy.util.test.WatchDog.cancel(): canceling Sat Aug 15 16:57:19 UTC 2020
------------------ testing $PTII/ptolemy/domains/de/test/auto/PersistentIO.xml
auto.tcl: Setting watchdog for 200 seconds at Sat Aug 15 16:57:19 UTC 2020
4 ms. Memory: 55296K Free: 30703K (56%)
ptolemy.util.test.WatchDog.cancel(): canceling Sat Aug 15 16:57:19 UTC 2020
auto.tcl: Setting watchdog for 200 seconds at Sat Aug 15 16:57:19 UTC 2020
4 ms. Memory: 55296K Free: 29199K (53%)
ptolemy.util.test.WatchDog.cancel(): canceling Sat Aug 15 16:57:19 UTC 2020
------------------ testing $PTII/ptolemy/domains/de/test/auto/PortParameterResetOnInitialize.xml
auto.tcl: Setting watchdog for 200 seconds at Sat Aug 15 16:57:19 UTC 2020
2 ms. Memory: 55296K Free: 35716K (65%)
ptolemy.util.test.WatchDog.cancel(): canceling Sat Aug 15 16:57:19 UTC 2020
auto.tcl: Setting watchdog for 200 seconds at Sat Aug 15 16:57:19 UTC 2020
2 ms. Memory: 55296K Free: 35206K (64%)
ptolemy.util.test.WatchDog.cancel(): canceling Sat Aug 15 16:57:19 UTC 2020
------------------ testing $PTII/ptolemy/domains/de/test/auto/PortParameterUpdates.xml
auto.tcl: Setting watchdog for 200 seconds at Sat Aug 15 16:57:19 UTC 2020
3 ms. Memory: 51200K Free: 29889K (58%)
ptolemy.util.test.WatchDog.cancel(): canceling Sat Aug 15 16:57:19 UTC 2020
auto.tcl: Setting watchdog for 200 seconds at Sat Aug 15 16:57:19 UTC 2020
5 ms. Memory: 51200K Free: 28680K (56%)
ptolemy.util.test.WatchDog.cancel(): canceling Sat Aug 15 16:57:19 UTC 2020
------------------ testing $PTII/ptolemy/domains/de/test/auto/QueueAndServer.xml
auto.tcl: Setting watchdog for 200 seconds at Sat Aug 15 16:57:19 UTC 2020
5 ms. Memory: 51200K Free: 28644K (56%)
ptolemy.util.test.WatchDog.cancel(): canceling Sat Aug 15 16:57:20 UTC 2020
auto.tcl: Setting watchdog for 200 seconds at Sat Aug 15 16:57:20 UTC 2020
5 ms. Memory: 51200K Free: 27110K (53%)
ptolemy.util.test.WatchDog.cancel(): canceling Sat Aug 15 16:57:20 UTC 2020
------------------ testing $PTII/ptolemy/domains/de/test/auto/Records.xml
auto.tcl: Setting watchdog for 200 seconds at Sat Aug 15 16:57:20 UTC 2020
3 ms. Memory: 51200K Free: 30861K (60%)
ptolemy.util.test.WatchDog.cancel(): canceling Sat Aug 15 16:57:20 UTC 2020
auto.tcl: Setting watchdog for 200 seconds at Sat Aug 15 16:57:20 UTC 2020
2 ms. Memory: 51200K Free: 30345K (59%)
ptolemy.util.test.WatchDog.cancel(): canceling Sat Aug 15 16:57:20 UTC 2020
------------------ testing $PTII/ptolemy/domains/de/test/auto/ResetTransitionWithStartTime1.xml
auto.tcl: Setting watchdog for 200 seconds at Sat Aug 15 16:57:20 UTC 2020
7 ms. Memory: 51200K Free: 28158K (55%)
ptolemy.util.test.WatchDog.cancel(): canceling Sat Aug 15 16:57:20 UTC 2020
auto.tcl: Setting watchdog for 200 seconds at Sat Aug 15 16:57:20 UTC 2020
6 ms. Memory: 51200K Free: 26068K (51%)
ptolemy.util.test.WatchDog.cancel(): canceling Sat Aug 15 16:57:20 UTC 2020
------------------ testing $PTII/ptolemy/domains/de/test/auto/ResetTransitionWithStartTime2.xml
auto.tcl: Setting watchdog for 200 seconds at Sat Aug 15 16:57:20 UTC 2020
5 ms. Memory: 51200K Free: 28061K (55%)
ptolemy.util.test.WatchDog.cancel(): canceling Sat Aug 15 16:57:20 UTC 2020
auto.tcl: Setting watchdog for 200 seconds at Sat Aug 15 16:57:20 UTC 2020
6 ms. Memory: 51200K Free: 26021K (51%)
ptolemy.util.test.WatchDog.cancel(): canceling Sat Aug 15 16:57:20 UTC 2020
------------------ testing $PTII/ptolemy/domains/de/test/auto/ResetTransitionWithStartTime3.xml
auto.tcl: Setting watchdog for 200 seconds at Sat Aug 15 16:57:20 UTC 2020
9 ms. Memory: 51200K Free: 28060K (55%)
ptolemy.util.test.WatchDog.cancel(): canceling Sat Aug 15 16:57:20 UTC 2020
auto.tcl: Setting watchdog for 200 seconds at Sat Aug 15 16:57:20 UTC 2020
8 ms. Memory: 51200K Free: 26012K (51%)
ptolemy.util.test.WatchDog.cancel(): canceling Sat Aug 15 16:57:20 UTC 2020
------------------ testing $PTII/ptolemy/domains/de/test/auto/ResetTransitionWithStartTime4.xml
auto.tcl: Setting watchdog for 200 seconds at Sat Aug 15 16:57:20 UTC 2020
11 ms. Memory: 51200K Free: 28498K (56%)
ptolemy.util.test.WatchDog.cancel(): canceling Sat Aug 15 16:57:20 UTC 2020
auto.tcl: Setting watchdog for 200 seconds at Sat Aug 15 16:57:20 UTC 2020
4 ms. Memory: 51200K Free: 27035K (53%)
ptolemy.util.test.WatchDog.cancel(): canceling Sat Aug 15 16:57:20 UTC 2020
------------------ testing $PTII/ptolemy/domains/de/test/auto/ResettableTimer1.xml
auto.tcl: Setting watchdog for 200 seconds at Sat Aug 15 16:57:20 UTC 2020
3 ms. Memory: 51200K Free: 32237K (63%)
ptolemy.util.test.WatchDog.cancel(): canceling Sat Aug 15 16:57:20 UTC 2020
auto.tcl: Setting watchdog for 200 seconds at Sat Aug 15 16:57:20 UTC 2020
2 ms. Memory: 51200K Free: 31605K (62%)
ptolemy.util.test.WatchDog.cancel(): canceling Sat Aug 15 16:57:20 UTC 2020
------------------ testing $PTII/ptolemy/domains/de/test/auto/ResettableTimer2.xml
auto.tcl: Setting watchdog for 200 seconds at Sat Aug 15 16:57:20 UTC 2020
3 ms. Memory: 51200K Free: 32194K (63%)
ptolemy.util.test.WatchDog.cancel(): canceling Sat Aug 15 16:57:20 UTC 2020
auto.tcl: Setting watchdog for 200 seconds at Sat Aug 15 16:57:20 UTC 2020
2 ms. Memory: 51200K Free: 31170K (61%)
ptolemy.util.test.WatchDog.cancel(): canceling Sat Aug 15 16:57:20 UTC 2020
------------------ testing $PTII/ptolemy/domains/de/test/auto/ResettableTimer3.xml
auto.tcl: Setting watchdog for 200 seconds at Sat Aug 15 16:57:20 UTC 2020
1 ms. Memory: 51200K Free: 32673K (64%)
ptolemy.util.test.WatchDog.cancel(): canceling Sat Aug 15 16:57:20 UTC 2020
auto.tcl: Setting watchdog for 200 seconds at Sat Aug 15 16:57:20 UTC 2020
2 ms. Memory: 51200K Free: 32193K (63%)
ptolemy.util.test.WatchDog.cancel(): canceling Sat Aug 15 16:57:20 UTC 2020
------------------ testing $PTII/ptolemy/domains/de/test/auto/ResettableTimer4.xml
auto.tcl: Setting watchdog for 200 seconds at Sat Aug 15 16:57:20 UTC 2020
2 ms. Memory: 51200K Free: 32206K (63%)
ptolemy.util.test.WatchDog.cancel(): canceling Sat Aug 15 16:57:20 UTC 2020
auto.tcl: Setting watchdog for 200 seconds at Sat Aug 15 16:57:20 UTC 2020
1 ms. Memory: 51200K Free: 31692K (62%)
ptolemy.util.test.WatchDog.cancel(): canceling Sat Aug 15 16:57:20 UTC 2020
------------------ testing $PTII/ptolemy/domains/de/test/auto/ResettableTimer5.xml
auto.tcl: Setting watchdog for 200 seconds at Sat Aug 15 16:57:20 UTC 2020
1 ms. Memory: 51200K Free: 31691K (62%)
ptolemy.util.test.WatchDog.cancel(): canceling Sat Aug 15 16:57:20 UTC 2020
auto.tcl: Setting watchdog for 200 seconds at Sat Aug 15 16:57:20 UTC 2020
1 ms. Memory: 51200K Free: 31190K (61%)
ptolemy.util.test.WatchDog.cancel(): canceling Sat Aug 15 16:57:20 UTC 2020
------------------ testing $PTII/ptolemy/domains/de/test/auto/ResettableTimer6.xml
auto.tcl: Setting watchdog for 200 seconds at Sat Aug 15 16:57:20 UTC 2020
2 ms. Memory: 51200K Free: 31681K (62%)
ptolemy.util.test.WatchDog.cancel(): canceling Sat Aug 15 16:57:20 UTC 2020
auto.tcl: Setting watchdog for 200 seconds at Sat Aug 15 16:57:20 UTC 2020
2 ms. Memory: 51200K Free: 31171K (61%)
ptolemy.util.test.WatchDog.cancel(): canceling Sat Aug 15 16:57:20 UTC 2020
------------------ testing $PTII/ptolemy/domains/de/test/auto/ServerZeroDelay.xml
auto.tcl: Setting watchdog for 200 seconds at Sat Aug 15 16:57:20 UTC 2020
3 ms. Memory: 51200K Free: 32186K (63%)
ptolemy.util.test.WatchDog.cancel(): canceling Sat Aug 15 16:57:20 UTC 2020
auto.tcl: Setting watchdog for 200 seconds at Sat Aug 15 16:57:20 UTC 2020
3 ms. Memory: 51200K Free: 31162K (61%)
ptolemy.util.test.WatchDog.cancel(): canceling Sat Aug 15 16:57:20 UTC 2020
------------------ testing $PTII/ptolemy/domains/de/test/auto/SmartSender.xml
auto.tcl: Setting watchdog for 200 seconds at Sat Aug 15 16:57:20 UTC 2020
3001 ms. Memory: 51200K Free: 32181K (63%)
ptolemy.util.test.WatchDog.cancel(): canceling Sat Aug 15 16:57:23 UTC 2020
auto.tcl: Setting watchdog for 200 seconds at Sat Aug 15 16:57:23 UTC 2020
3001 ms. Memory: 51200K Free: 31665K (62%)
ptolemy.util.test.WatchDog.cancel(): canceling Sat Aug 15 16:57:26 UTC 2020
------------------ testing $PTII/ptolemy/domains/de/test/auto/ThreadedComposite.xml
auto.tcl: Setting watchdog for 200 seconds at Sat Aug 15 16:57:26 UTC 2020
329 ms. Memory: 61440K Free: 44306K (72%)
ptolemy.util.test.WatchDog.cancel(): canceling Sat Aug 15 16:57:27 UTC 2020
auto.tcl: Setting watchdog for 200 seconds at Sat Aug 15 16:57:27 UTC 2020
281 ms. Memory: 61440K Free: 19283K (31%)
ptolemy.util.test.WatchDog.cancel(): canceling Sat Aug 15 16:57:27 UTC 2020
------------------ testing $PTII/ptolemy/domains/de/test/auto/Time.xml
auto.tcl: Setting watchdog for 200 seconds at Sat Aug 15 16:57:27 UTC 2020
439 ms. Memory: 55296K Free: 13318K (24%)
ptolemy.util.test.WatchDog.cancel(): canceling Sat Aug 15 16:57:28 UTC 2020
auto.tcl: Setting watchdog for 200 seconds at Sat Aug 15 16:57:28 UTC 2020
450 ms. Memory: 55296K Free: 21171K (38%)
ptolemy.util.test.WatchDog.cancel(): canceling Sat Aug 15 16:57:28 UTC 2020
------------------ testing $PTII/ptolemy/domains/de/test/auto/TimeDelayZeroDelay.xml
auto.tcl: Setting watchdog for 200 seconds at Sat Aug 15 16:57:28 UTC 2020
3 ms. Memory: 55296K Free: 36205K (65%)
ptolemy.util.test.WatchDog.cancel(): canceling Sat Aug 15 16:57:28 UTC 2020
auto.tcl: Setting watchdog for 200 seconds at Sat Aug 15 16:57:28 UTC 2020
2 ms. Memory: 55296K Free: 35338K (64%)
ptolemy.util.test.WatchDog.cancel(): canceling Sat Aug 15 16:57:28 UTC 2020
------------------ testing $PTII/ptolemy/domains/de/test/auto/TimerZeroDelay.xml
auto.tcl: Setting watchdog for 200 seconds at Sat Aug 15 16:57:28 UTC 2020
4 ms. Memory: 51200K Free: 32558K (64%)
ptolemy.util.test.WatchDog.cancel(): canceling Sat Aug 15 16:57:28 UTC 2020
auto.tcl: Setting watchdog for 200 seconds at Sat Aug 15 16:57:28 UTC 2020
2 ms. Memory: 51200K Free: 31736K (62%)
ptolemy.util.test.WatchDog.cancel(): canceling Sat Aug 15 16:57:28 UTC 2020
------------------ testing $PTII/ptolemy/domains/de/test/auto/TimingParadox.xml
auto.tcl: Setting watchdog for 200 seconds at Sat Aug 15 16:57:28 UTC 2020
291 ms. Memory: 51200K Free: 17693K (35%)
ptolemy.util.test.WatchDog.cancel(): canceling Sat Aug 15 16:57:29 UTC 2020
auto.tcl: Setting watchdog for 200 seconds at Sat Aug 15 16:57:29 UTC 2020
281 ms. Memory: 51200K Free: 32267K (63%)
ptolemy.util.test.WatchDog.cancel(): canceling Sat Aug 15 16:57:29 UTC 2020
------------------ testing $PTII/ptolemy/domains/de/test/auto/TransferInputs.xml
auto.tcl: Setting watchdog for 200 seconds at Sat Aug 15 16:57:29 UTC 2020
2 ms. Memory: 51200K Free: 30628K (60%)
ptolemy.util.test.WatchDog.cancel(): canceling Sat Aug 15 16:57:29 UTC 2020
auto.tcl: Setting watchdog for 200 seconds at Sat Aug 15 16:57:29 UTC 2020
2 ms. Memory: 51200K Free: 29732K (58%)
ptolemy.util.test.WatchDog.cancel(): canceling Sat Aug 15 16:57:29 UTC 2020
------------------ testing $PTII/ptolemy/domains/de/test/auto/TransferOutputs2.xml
auto.tcl: Setting watchdog for 200 seconds at Sat Aug 15 16:57:29 UTC 2020
3 ms. Memory: 51200K Free: 28062K (55%)
ptolemy.util.test.WatchDog.cancel(): canceling Sat Aug 15 16:57:29 UTC 2020
auto.tcl: Setting watchdog for 200 seconds at Sat Aug 15 16:57:29 UTC 2020
3 ms. Memory: 51200K Free: 26663K (52%)
ptolemy.util.test.WatchDog.cancel(): canceling Sat Aug 15 16:57:29 UTC 2020
------------------ testing $PTII/ptolemy/domains/de/test/auto/Trilateration.xml
auto.tcl: Setting watchdog for 200 seconds at Sat Aug 15 16:57:29 UTC 2020
12282 ms. Memory: 531456K Free: 277269K (52%)
ptolemy.util.test.WatchDog.cancel(): canceling Sat Aug 15 16:57:42 UTC 2020
auto.tcl: Setting watchdog for 200 seconds at Sat Aug 15 16:57:42 UTC 2020
8880 ms. Memory: 531456K Free: 483212K (91%)
ptolemy.util.test.WatchDog.cancel(): canceling Sat Aug 15 16:57:51 UTC 2020
------------------ testing $PTII/ptolemy/domains/de/test/auto/TwoSigmaDelta.xml
auto.tcl: Setting watchdog for 200 seconds at Sat Aug 15 16:57:51 UTC 2020
2281 ms. Memory: 92160K Free: 23629K (26%)
ptolemy.util.test.WatchDog.cancel(): canceling Sat Aug 15 16:57:54 UTC 2020
auto.tcl: Setting watchdog for 200 seconds at Sat Aug 15 16:57:54 UTC 2020
1942 ms. Memory: 92160K Free: 24169K (26%)
ptolemy.util.test.WatchDog.cancel(): canceling Sat Aug 15 16:57:56 UTC 2020
------------------ testing $PTII/ptolemy/domains/de/test/auto/VariableDelay.xml
auto.tcl: Setting watchdog for 200 seconds at Sat Aug 15 16:57:56 UTC 2020
3 ms. Memory: 55296K Free: 35202K (64%)
ptolemy.util.test.WatchDog.cancel(): canceling Sat Aug 15 16:57:56 UTC 2020
auto.tcl: Setting watchdog for 200 seconds at Sat Aug 15 16:57:56 UTC 2020
2 ms. Memory: 55296K Free: 34208K (62%)
ptolemy.util.test.WatchDog.cancel(): canceling Sat Aug 15 16:57:56 UTC 2020
------------------ testing $PTII/ptolemy/domains/de/test/auto/VariableDelay2.xml
auto.tcl: Setting watchdog for 200 seconds at Sat Aug 15 16:57:56 UTC 2020
2 ms. Memory: 55296K Free: 35796K (65%)
ptolemy.util.test.WatchDog.cancel(): canceling Sat Aug 15 16:57:56 UTC 2020
auto.tcl: Setting watchdog for 200 seconds at Sat Aug 15 16:57:56 UTC 2020
2 ms. Memory: 55296K Free: 35284K (64%)
ptolemy.util.test.WatchDog.cancel(): canceling Sat Aug 15 16:57:56 UTC 2020
------------------ testing $PTII/ptolemy/domains/de/test/auto/VariableDelayZeroDelay.xml
auto.tcl: Setting watchdog for 200 seconds at Sat Aug 15 16:57:56 UTC 2020
3 ms. Memory: 55296K Free: 36145K (65%)
ptolemy.util.test.WatchDog.cancel(): canceling Sat Aug 15 16:57:56 UTC 2020
auto.tcl: Setting watchdog for 200 seconds at Sat Aug 15 16:57:56 UTC 2020
2 ms. Memory: 55296K Free: 35601K (64%)
ptolemy.util.test.WatchDog.cancel(): canceling Sat Aug 15 16:57:56 UTC 2020
------------------ testing $PTII/ptolemy/domains/de/test/auto/VariableDelayZeroDelay2.xml
auto.tcl: Setting watchdog for 200 seconds at Sat Aug 15 16:57:56 UTC 2020
2 ms. Memory: 55296K Free: 36143K (65%)
ptolemy.util.test.WatchDog.cancel(): canceling Sat Aug 15 16:57:56 UTC 2020
auto.tcl: Setting watchdog for 200 seconds at Sat Aug 15 16:57:56 UTC 2020
2 ms. Memory: 55296K Free: 35119K (64%)
ptolemy.util.test.WatchDog.cancel(): canceling Sat Aug 15 16:57:56 UTC 2020
------------------ testing $PTII/ptolemy/domains/de/test/auto/deInCt.xml
auto.tcl: Setting watchdog for 200 seconds at Sat Aug 15 16:57:56 UTC 2020
0
1
1
1
0
0
0
1
1
1
1
0
0
0
1
1
1
0
0
0
0
1
1
1
0
0
0
0
1
1
1
0
0
0
0
0
0
13 ms. Memory: 55296K Free: 35117K (64%)
ptolemy.util.test.WatchDog.cancel(): canceling Sat Aug 15 16:57:56 UTC 2020
auto.tcl: Setting watchdog for 200 seconds at Sat Aug 15 16:57:56 UTC 2020
0
1
1
1
0
0
0
1
1
0
0
0
1
1
1
0
0
0
0
1
1
1
0
0
0
1
1
1
0
0
0
0
1
1
1
1
1
0
0
0
0
1
1
1
5 ms. Memory: 55296K Free: 33579K (61%)
ptolemy.util.test.WatchDog.cancel(): canceling Sat Aug 15 16:57:56 UTC 2020
------------------ testing $PTII/ptolemy/domains/de/test/auto/deInCt2.xml
auto.tcl: Setting watchdog for 200 seconds at Sat Aug 15 16:57:56 UTC 2020
0
1
1
1
0
0
1
1
1
0
0
1
1
1
0
0
1
1
1
0
0
1
1
1
0
0
1
1
1
0
0
1
1
1
0
0
1
1
1
0
0
0
7 ms. Memory: 55296K Free: 35117K (64%)
ptolemy.util.test.WatchDog.cancel(): canceling Sat Aug 15 16:57:56 UTC 2020
auto.tcl: Setting watchdog for 200 seconds at Sat Aug 15 16:57:56 UTC 2020
0
1
1
1
0
0
1
1
1
0
0
1
1
1
0
0
1
1
1
0
0
1
1
1
0
0
1
1
1
0
0
1
1
1
0
0
1
1
1
0
0
0
8 ms. Memory: 55296K Free: 33565K (61%)
ptolemy.util.test.WatchDog.cancel(): canceling Sat Aug 15 16:57:56 UTC 2020
------------------ testing $PTII/ptolemy/domains/de/test/auto/dynamicCausalityInterface1.xml
auto.tcl: Setting watchdog for 200 seconds at Sat Aug 15 16:57:56 UTC 2020
2 ms. Memory: 55296K Free: 31015K (56%)
ptolemy.util.test.WatchDog.cancel(): canceling Sat Aug 15 16:57:56 UTC 2020
auto.tcl: Setting watchdog for 200 seconds at Sat Aug 15 16:57:56 UTC 2020
1 ms. Memory: 55296K Free: 30501K (55%)
ptolemy.util.test.WatchDog.cancel(): canceling Sat Aug 15 16:57:56 UTC 2020
------------------ testing $PTII/ptolemy/domains/de/test/auto/fsm_de_test.xml
auto.tcl: Setting watchdog for 200 seconds at Sat Aug 15 16:57:56 UTC 2020
10 ms. Memory: 55296K Free: 30914K (56%)
ptolemy.util.test.WatchDog.cancel(): canceling Sat Aug 15 16:57:56 UTC 2020
auto.tcl: Setting watchdog for 200 seconds at Sat Aug 15 16:57:56 UTC 2020
9 ms. Memory: 55296K Free: 28866K (52%)
ptolemy.util.test.WatchDog.cancel(): canceling Sat Aug 15 16:57:56 UTC 2020
------------------ testing $PTII/ptolemy/domains/de/test/auto/functionDependencyReconstruction.xml
auto.tcl: Setting watchdog for 200 seconds at Sat Aug 15 16:57:56 UTC 2020
2 ms. Memory: 55296K Free: 24760K (45%)
ptolemy.util.test.WatchDog.cancel(): canceling Sat Aug 15 16:57:56 UTC 2020
auto.tcl: Setting watchdog for 200 seconds at Sat Aug 15 16:57:56 UTC 2020
3 ms. Memory: 55296K Free: 22712K (41%)
ptolemy.util.test.WatchDog.cancel(): canceling Sat Aug 15 16:57:56 UTC 2020
------------------ testing $PTII/ptolemy/domains/de/test/auto/multirate.xml
auto.tcl: Setting watchdog for 200 seconds at Sat Aug 15 16:57:56 UTC 2020
3 ms. Memory: 51200K Free: 29393K (57%)
ptolemy.util.test.WatchDog.cancel(): canceling Sat Aug 15 16:57:56 UTC 2020
auto.tcl: Setting watchdog for 200 seconds at Sat Aug 15 16:57:56 UTC 2020
4 ms. Memory: 51200K Free: 27714K (54%)
ptolemy.util.test.WatchDog.cancel(): canceling Sat Aug 15 16:57:56 UTC 2020
------------------ testing $PTII/ptolemy/domains/de/test/auto/multirate2.xml
auto.tcl: Setting watchdog for 200 seconds at Sat Aug 15 16:57:56 UTC 2020
3 ms. Memory: 51200K Free: 29429K (57%)
ptolemy.util.test.WatchDog.cancel(): canceling Sat Aug 15 16:57:56 UTC 2020
auto.tcl: Setting watchdog for 200 seconds at Sat Aug 15 16:57:56 UTC 2020
5 ms. Memory: 51200K Free: 27895K (54%)
ptolemy.util.test.WatchDog.cancel(): canceling Sat Aug 15 16:57:56 UTC 2020
------------------ testing $PTII/ptolemy/domains/de/test/auto/realtime.xml
auto.tcl: Setting watchdog for 200 seconds at Sat Aug 15 16:57:57 UTC 2020
10001 ms. Memory: 51200K Free: 31678K (62%)
ptolemy.util.test.WatchDog.cancel(): canceling Sat Aug 15 16:58:07 UTC 2020
auto.tcl: Setting watchdog for 200 seconds at Sat Aug 15 16:58:07 UTC 2020
10001 ms. Memory: 51200K Free: 30965K (60%)
ptolemy.util.test.WatchDog.cancel(): canceling Sat Aug 15 16:58:17 UTC 2020
------------------ testing $PTII/ptolemy/domains/de/test/auto/relationGroup.xml
auto.tcl: Setting watchdog for 200 seconds at Sat Aug 15 16:58:17 UTC 2020
2 ms. Memory: 51200K Free: 32779K (64%)
ptolemy.util.test.WatchDog.cancel(): canceling Sat Aug 15 16:58:17 UTC 2020
auto.tcl: Setting watchdog for 200 seconds at Sat Aug 15 16:58:17 UTC 2020
2 ms. Memory: 51200K Free: 32044K (63%)
ptolemy.util.test.WatchDog.cancel(): canceling Sat Aug 15 16:58:17 UTC 2020
------------------ testing $PTII/ptolemy/domains/de/test/auto/relationGroup2.xml
auto.tcl: Setting watchdog for 200 seconds at Sat Aug 15 16:58:17 UTC 2020
2 ms. Memory: 51200K Free: 32580K (64%)
ptolemy.util.test.WatchDog.cancel(): canceling Sat Aug 15 16:58:17 UTC 2020
auto.tcl: Setting watchdog for 200 seconds at Sat Aug 15 16:58:17 UTC 2020
2 ms. Memory: 51200K Free: 32077K (63%)
ptolemy.util.test.WatchDog.cancel(): canceling Sat Aug 15 16:58:17 UTC 2020
------------------ testing $PTII/ptolemy/domains/de/test/auto/sortWithOpaquePorts.xml
auto.tcl: Setting watchdog for 200 seconds at Sat Aug 15 16:58:17 UTC 2020
2 ms. Memory: 51200K Free: 31543K (62%)
ptolemy.util.test.WatchDog.cancel(): canceling Sat Aug 15 16:58:17 UTC 2020
auto.tcl: Setting watchdog for 200 seconds at Sat Aug 15 16:58:17 UTC 2020
2 ms. Memory: 51200K Free: 30519K (60%)
ptolemy.util.test.WatchDog.cancel(): canceling Sat Aug 15 16:58:17 UTC 2020
------------------ testing $PTII/ptolemy/domains/de/test/auto/transferInputsandOutputs.xml
auto.tcl: Setting watchdog for 200 seconds at Sat Aug 15 16:58:17 UTC 2020
3 ms. Memory: 51200K Free: 28988K (57%)
ptolemy.util.test.WatchDog.cancel(): canceling Sat Aug 15 16:58:17 UTC 2020
auto.tcl: Setting watchdog for 200 seconds at Sat Aug 15 16:58:17 UTC 2020
3 ms. Memory: 51200K Free: 27979K (55%)
ptolemy.util.test.WatchDog.cancel(): canceling Sat Aug 15 16:58:17 UTC 2020
------------------ testing $PTII/ptolemy/domains/de/test/auto/triggerType.xml
auto.tcl: Setting watchdog for 200 seconds at Sat Aug 15 16:58:17 UTC 2020
1 ms. Memory: 51200K Free: 32011K (63%)
ptolemy.util.test.WatchDog.cancel(): canceling Sat Aug 15 16:58:17 UTC 2020
auto.tcl: Setting watchdog for 200 seconds at Sat Aug 15 16:58:17 UTC 2020
1 ms. Memory: 51200K Free: 30996K (61%)
ptolemy.util.test.WatchDog.cancel(): canceling Sat Aug 15 16:58:17 UTC 2020
08/15/20 04:58:17
Failed: 0  Total Tests: 192  ((Passed: 187, Newly Passed: 1)  Known Failed: 5) /home/travis/build/icyphy/ptII/ptolemy/domains/de/test
08/15/20 04:58:17
Failed: 0  Total Tests: 192  ((Passed: 187, Newly Passed: 1)  Known Failed: 5) /home/travis/build/icyphy/ptII/ptolemy/domains/de/test
----------------- testing (KnownFailure) /home/travis/build/icyphy/ptII/ptolemy/domains/de/test/auto/knownFailedTests/DESDFClockTest.xml
2016 ms. Memory: 51200K Free: 24896K (49%)
Known Failure: java.lang.reflect.InvocationTargetException
----------------- testing (KnownFailure) /home/travis/build/icyphy/ptII/ptolemy/domains/de/test/auto/knownFailedTests/DirectFeedback.xml
2 ms. Memory: 51200K Free: 20800K (41%)
Known Failure: java.lang.reflect.InvocationTargetException
----------------- testing (KnownFailure) /home/travis/build/icyphy/ptII/ptolemy/domains/de/test/auto/knownFailedTests/FSMSource.xml
7 ms. Memory: 51200K Free: 13632K (27%)
----------------- testing (KnownFailure) /home/travis/build/icyphy/ptII/ptolemy/domains/de/test/auto/knownFailedTests/HierarchicalModel.xml
4 ms. Memory: 51200K Free: 25483K (50%)
Known Failure: java.lang.reflect.InvocationTargetException
----------------- testing (KnownFailure) /home/travis/build/icyphy/ptII/ptolemy/domains/de/test/auto/knownFailedTests/dependencyLoop.xml
4 ms. Memory: 51200K Free: 10187K (20%)
Known Failure: java.lang.reflect.InvocationTargetException
----------------- testing (KnownFailure) /home/travis/build/icyphy/ptII/ptolemy/domains/de/test/auto/knownFailedTests/dependencyLoop2.xml
7 ms. Memory: 51200K Free: 22831K (45%)
Known Failure: java.lang.reflect.InvocationTargetException
No auto/linux-amd64/*.xml tests in /home/travis/build/icyphy/ptII/ptolemy/domains/de/test
AutoTests.java: About to close Vertx.
AutoTests.java: Vertx closed.

===========================================================================================
----------------- testing Sat Aug 15 16:58:19 UTC 2020 /home/travis/build/icyphy/ptII/ptolemy/domains/de/test/auto/ActorDepthCalculation_actorWithoutPorts.xml
----------------- Instantiating /home/travis/build/icyphy/ptII/ptolemy/domains/de/test/auto/ActorDepthCalculation_actorWithoutPorts.xml
2 ms. Memory: 51200K Free: 15931K (31%)
----------------- Invoking toplevel() on ptolemy.moml.MoMLSimpleApplication@417caa54
----------------- Done invoking toplevel() on ptolemy.moml.MoMLSimpleApplication@417caa54
reloadAllAccessors: .ActorDepthCalculation_actorWithoutPorts

===========================================================================================
----------------- testing Sat Aug 15 16:58:19 UTC 2020 /home/travis/build/icyphy/ptII/ptolemy/domains/de/test/auto/AssemblyLine.xml
----------------- Instantiating /home/travis/build/icyphy/ptII/ptolemy/domains/de/test/auto/AssemblyLine.xml
2 ms. Memory: 51200K Free: 9050K (18%)
----------------- Invoking toplevel() on ptolemy.moml.MoMLSimpleApplication@17190ed7
----------------- Done invoking toplevel() on ptolemy.moml.MoMLSimpleApplication@17190ed7
reloadAllAccessors: .AssemblyLine

===========================================================================================
----------------- testing Sat Aug 15 16:58:19 UTC 2020 /home/travis/build/icyphy/ptII/ptolemy/domains/de/test/auto/CQBug1.xml
----------------- Instantiating /home/travis/build/icyphy/ptII/ptolemy/domains/de/test/auto/CQBug1.xml
1 ms. Memory: 51200K Free: 33952K (66%)
----------------- Invoking toplevel() on ptolemy.moml.MoMLSimpleApplication@4829b29d
----------------- Done invoking toplevel() on ptolemy.moml.MoMLSimpleApplication@4829b29d
reloadAllAccessors: .CQBug1

===========================================================================================
----------------- testing Sat Aug 15 16:58:19 UTC 2020 /home/travis/build/icyphy/ptII/ptolemy/domains/de/test/auto/CancelFireAt.xml
----------------- Instantiating /home/travis/build/icyphy/ptII/ptolemy/domains/de/test/auto/CancelFireAt.xml
0 ms. Memory: 51200K Free: 31497K (62%)
----------------- Invoking toplevel() on ptolemy.moml.MoMLSimpleApplication@e0c0fae
----------------- Done invoking toplevel() on ptolemy.moml.MoMLSimpleApplication@e0c0fae
reloadAllAccessors: .CancelFireAt

===========================================================================================
----------------- testing Sat Aug 15 16:58:19 UTC 2020 /home/travis/build/icyphy/ptII/ptolemy/domains/de/test/auto/CausalityAndComposabilityAnalysis.xml
----------------- Instantiating /home/travis/build/icyphy/ptII/ptolemy/domains/de/test/auto/CausalityAndComposabilityAnalysis.xml
1 ms. Memory: 51200K Free: 27078K (53%)
----------------- Invoking toplevel() on ptolemy.moml.MoMLSimpleApplication@55f93380
----------------- Done invoking toplevel() on ptolemy.moml.MoMLSimpleApplication@55f93380
reloadAllAccessors: .CausalityAndComposabilityAnalysis

===========================================================================================
----------------- testing Sat Aug 15 16:58:19 UTC 2020 /home/travis/build/icyphy/ptII/ptolemy/domains/de/test/auto/CausalityInterface1.xml
----------------- Instantiating /home/travis/build/icyphy/ptII/ptolemy/domains/de/test/auto/CausalityInterface1.xml
6 ms. Memory: 51200K Free: 21983K (43%)
----------------- Invoking toplevel() on ptolemy.moml.MoMLSimpleApplication@33eca0fa
----------------- Done invoking toplevel() on ptolemy.moml.MoMLSimpleApplication@33eca0fa
reloadAllAccessors: .CausalityInterface1

===========================================================================================
----------------- testing Sat Aug 15 16:58:19 UTC 2020 /home/travis/build/icyphy/ptII/ptolemy/domains/de/test/auto/CausalityInterface15.xml
----------------- Instantiating /home/travis/build/icyphy/ptII/ptolemy/domains/de/test/auto/CausalityInterface15.xml
1 ms. Memory: 51200K Free: 16538K (32%)
----------------- Invoking toplevel() on ptolemy.moml.MoMLSimpleApplication@536d659e
----------------- Done invoking toplevel() on ptolemy.moml.MoMLSimpleApplication@536d659e
reloadAllAccessors: .CausalityInterface15

===========================================================================================
----------------- testing Sat Aug 15 16:58:19 UTC 2020 /home/travis/build/icyphy/ptII/ptolemy/domains/de/test/auto/CausalityInterface2.xml
----------------- Instantiating /home/travis/build/icyphy/ptII/ptolemy/domains/de/test/auto/CausalityInterface2.xml
2 ms. Memory: 51200K Free: 11734K (23%)
[...]
	at ptolemy.actor.Manager.run(Manager.java:1263)
	at ptolemy.actor.Manager$PtolemyRunThread.run(Manager.java:1933)
java.lang.RuntimeException: Execution failed
	at ptolemy.moml.MoMLSimpleApplication$UnloadThread.run(MoMLSimpleApplication.java:402)
Caused by: ptolemy.kernel.util.IllegalActionException: Actor is not ready to fire.  Perhaps UpSample.prefire() returned false? Try debugging the actor by selecting "Listen to Actor".  Also, for SDF check moml for tokenConsumptionRate on input.
  in .DESDFClockTest.Play Bell.Copy1:SDF Director and .DESDFClockTest.Play Bell.UpSample
	at ptolemy.actor.sched.StaticSchedulingDirector.fire(StaticSchedulingDirector.java:227)
	at ptolemy.domains.sdf.kernel.SDFDirector.fire(SDFDirector.java:500)
	at ptolemy.actor.CompositeActor.fire(CompositeActor.java:455)
	at ptolemy.domains.de.kernel.DEDirector._fire(DEDirector.java:1949)
	at ptolemy.domains.de.kernel.DEDirector.fire(DEDirector.java:502)
	at ptolemy.actor.CompositeActor.fire(CompositeActor.java:455)
	at ptolemy.actor.Manager.iterate(Manager.java:851)
	at ptolemy.actor.Manager.execute(Manager.java:369)
	at ptolemy.actor.Manager.run(Manager.java:1263)
	at ptolemy.actor.Manager$PtolemyRunThread.run(Manager.java:1933)
java.lang.reflect.InvocationTargetException
	at java.base/jdk.internal.reflect.NativeConstructorAccessorImpl.newInstance0(Native Method)
	at java.base/jdk.internal.reflect.NativeConstructorAccessorImpl.newInstance(NativeConstructorAccessorImpl.java:62)
	at java.base/jdk.internal.reflect.DelegatingConstructorAccessorImpl.newInstance(DelegatingConstructorAccessorImpl.java:45)
	at java.base/java.lang.reflect.Constructor.newInstance(Constructor.java:490)
	at ptolemy.util.test.junit.AutoKnownFailedTests.RunModel(AutoKnownFailedTests.java:105)
	at java.base/jdk.internal.reflect.NativeMethodAccessorImpl.invoke0(Native Method)
	at java.base/jdk.internal.reflect.NativeMethodAccessorImpl.invoke(NativeMethodAccessorImpl.java:62)
	at java.base/jdk.internal.reflect.DelegatingMethodAccessorImpl.invoke(DelegatingMethodAccessorImpl.java:43)
	at java.base/java.lang.reflect.Method.invoke(Method.java:566)
	at org.junit.runners.model.FrameworkMethod$1.runReflectiveCall(FrameworkMethod.java:44)
	at org.junit.internal.runners.model.ReflectiveCallable.run(ReflectiveCallable.java:15)
	at org.junit.runners.model.FrameworkMethod.invokeExplosively(FrameworkMethod.java:41)
	at junitparams.internal.InvokeParameterisedMethod.evaluate(InvokeParameterisedMethod.java:102)
	at org.junit.internal.runners.statements.FailOnTimeout$1.run(FailOnTimeout.java:28)
Caused by: ptolemy.kernel.util.IllegalActionException: Actor is not ready to fire.  Perhaps UpSample.prefire() returned false? Try debugging the actor by selecting "Listen to Actor".  Also, for SDF check moml for tokenConsumptionRate on input.
  in .DESDFClockTest.Play Bell.Copy1:SDF Director and .DESDFClockTest.Play Bell.UpSample
	at ptolemy.actor.sched.StaticSchedulingDirector.fire(StaticSchedulingDirector.java:227)
	at ptolemy.domains.sdf.kernel.SDFDirector.fire(SDFDirector.java:500)
	at ptolemy.actor.CompositeActor.fire(CompositeActor.java:455)
	at ptolemy.domains.de.kernel.DEDirector._fire(DEDirector.java:1949)
	at ptolemy.domains.de.kernel.DEDirector.fire(DEDirector.java:502)
	at ptolemy.actor.CompositeActor.fire(CompositeActor.java:455)
	at ptolemy.actor.Manager.iterate(Manager.java:851)
	at ptolemy.actor.Manager.execute(Manager.java:369)
	at ptolemy.actor.Manager.run(Manager.java:1263)
	at ptolemy.actor.Manager$PtolemyRunThread.run(Manager.java:1933)
java.lang.RuntimeException: Execution failed
	at ptolemy.moml.MoMLSimpleApplication$UnloadThread.run(MoMLSimpleApplication.java:402)
Caused by: ptolemy.kernel.util.IllegalActionException: Test fails in iteration 1.
Value was: 1.0. Should have been: 2.0
  in .DirectFeedback.Test
	at ptolemy.actor.lib.Test.fire(Test.java:268)
	at ptolemy.domains.de.kernel.DEDirector._fire(DEDirector.java:1949)
	at ptolemy.domains.de.kernel.DEDirector.fire(DEDirector.java:502)
	at ptolemy.actor.CompositeActor.fire(CompositeActor.java:455)
	at ptolemy.actor.Manager.iterate(Manager.java:851)
	at ptolemy.actor.Manager.execute(Manager.java:369)
	at ptolemy.actor.Manager.run(Manager.java:1263)
	at ptolemy.actor.Manager$PtolemyRunThread.run(Manager.java:1933)
java.lang.reflect.InvocationTargetException
	at java.base/jdk.internal.reflect.NativeConstructorAccessorImpl.newInstance0(Native Method)
	at java.base/jdk.internal.reflect.NativeConstructorAccessorImpl.newInstance(NativeConstructorAccessorImpl.java:62)
	at java.base/jdk.internal.reflect.DelegatingConstructorAccessorImpl.newInstance(DelegatingConstructorAccessorImpl.java:45)
	at java.base/java.lang.reflect.Constructor.newInstance(Constructor.java:490)
	at ptolemy.util.test.junit.AutoKnownFailedTests.RunModel(AutoKnownFailedTests.java:105)
	at java.base/jdk.internal.reflect.NativeMethodAccessorImpl.invoke0(Native Method)
	at java.base/jdk.internal.reflect.NativeMethodAccessorImpl.invoke(NativeMethodAccessorImpl.java:62)
	at java.base/jdk.internal.reflect.DelegatingMethodAccessorImpl.invoke(DelegatingMethodAccessorImpl.java:43)
	at java.base/java.lang.reflect.Method.invoke(Method.java:566)
	at org.junit.runners.model.FrameworkMethod$1.runReflectiveCall(FrameworkMethod.java:44)
	at org.junit.internal.runners.model.ReflectiveCallable.run(ReflectiveCallable.java:15)
	at org.junit.runners.model.FrameworkMethod.invokeExplosively(FrameworkMethod.java:41)
	at junitparams.internal.InvokeParameterisedMethod.evaluate(InvokeParameterisedMethod.java:102)
	at org.junit.internal.runners.statements.FailOnTimeout$1.run(FailOnTimeout.java:28)
Caused by: ptolemy.kernel.util.IllegalActionException: Test fails in iteration 1.
Value was: 1.0. Should have been: 2.0
  in .DirectFeedback.Test
	at ptolemy.actor.lib.Test.fire(Test.java:268)
	at ptolemy.domains.de.kernel.DEDirector._fire(DEDirector.java:1949)
	at ptolemy.domains.de.kernel.DEDirector.fire(DEDirector.java:502)
	at ptolemy.actor.CompositeActor.fire(CompositeActor.java:455)
	at ptolemy.actor.Manager.iterate(Manager.java:851)
	at ptolemy.actor.Manager.execute(Manager.java:369)
	at ptolemy.actor.Manager.run(Manager.java:1263)
	at ptolemy.actor.Manager$PtolemyRunThread.run(Manager.java:1933)
java.lang.RuntimeException: Execution failed
	at ptolemy.moml.MoMLSimpleApplication$UnloadThread.run(MoMLSimpleApplication.java:402)
Caused by: ptolemy.kernel.util.IllegalActionException: Found a zero delay loop containing .HierarchicalModel.A
  in .HierarchicalModel and .HierarchicalModel.A
	at ptolemy.actor.util.CausalityInterfaceForComposites._computeOutputPortDepth(CausalityInterfaceForComposites.java:759)
	at ptolemy.actor.util.CausalityInterfaceForComposites._computeInputDepth(CausalityInterfaceForComposites.java:696)
	at ptolemy.actor.util.CausalityInterfaceForComposites._computeOutputPortDepth(CausalityInterfaceForComposites.java:765)
	at ptolemy.actor.util.CausalityInterfaceForComposites._computeInputDepth(CausalityInterfaceForComposites.java:696)
	at ptolemy.actor.util.CausalityInterfaceForComposites._computeOutputPortDepth(CausalityInterfaceForComposites.java:765)
	at ptolemy.actor.util.CausalityInterfaceForComposites._computeInputDepth(CausalityInterfaceForComposites.java:696)
	at ptolemy.actor.util.CausalityInterfaceForComposites._computeActorDepth(CausalityInterfaceForComposites.java:532)
	at ptolemy.actor.util.CausalityInterfaceForComposites.checkForCycles(CausalityInterfaceForComposites.java:96)
	at ptolemy.domains.de.kernel.DEDirector.preinitialize(DEDirector.java:1338)
	at ptolemy.actor.CompositeActor.preinitialize(CompositeActor.java:1828)
	at ptolemy.actor.Manager.preinitializeAndResolveTypes(Manager.java:1040)
	at ptolemy.actor.Manager.initialize(Manager.java:710)
	at ptolemy.actor.Manager.execute(Manager.java:356)
	at ptolemy.actor.Manager.run(Manager.java:1263)
	at ptolemy.actor.Manager$PtolemyRunThread.run(Manager.java:1933)
java.lang.reflect.InvocationTargetException
	at java.base/jdk.internal.reflect.NativeConstructorAccessorImpl.newInstance0(Native Method)
	at java.base/jdk.internal.reflect.NativeConstructorAccessorImpl.newInstance(NativeConstructorAccessorImpl.java:62)
	at java.base/jdk.internal.reflect.DelegatingConstructorAccessorImpl.newInstance(DelegatingConstructorAccessorImpl.java:45)
	at java.base/java.lang.reflect.Constructor.newInstance(Constructor.java:490)
	at ptolemy.util.test.junit.AutoKnownFailedTests.RunModel(AutoKnownFailedTests.java:105)
	at java.base/jdk.internal.reflect.NativeMethodAccessorImpl.invoke0(Native Method)
	at java.base/jdk.internal.reflect.NativeMethodAccessorImpl.invoke(NativeMethodAccessorImpl.java:62)
	at java.base/jdk.internal.reflect.DelegatingMethodAccessorImpl.invoke(DelegatingMethodAccessorImpl.java:43)
	at java.base/java.lang.reflect.Method.invoke(Method.java:566)
	at org.junit.runners.model.FrameworkMethod$1.runReflectiveCall(FrameworkMethod.java:44)
	at org.junit.internal.runners.model.ReflectiveCallable.run(ReflectiveCallable.java:15)
	at org.junit.runners.model.FrameworkMethod.invokeExplosively(FrameworkMethod.java:41)
	at junitparams.internal.InvokeParameterisedMethod.evaluate(InvokeParameterisedMethod.java:102)
	at org.junit.internal.runners.statements.FailOnTimeout$1.run(FailOnTimeout.java:28)
Caused by: ptolemy.kernel.util.IllegalActionException: Found a zero delay loop containing .HierarchicalModel.A
  in .HierarchicalModel and .HierarchicalModel.A
	at ptolemy.actor.util.CausalityInterfaceForComposites._computeOutputPortDepth(CausalityInterfaceForComposites.java:759)
	at ptolemy.actor.util.CausalityInterfaceForComposites._computeInputDepth(CausalityInterfaceForComposites.java:696)
	at ptolemy.actor.util.CausalityInterfaceForComposites._computeOutputPortDepth(CausalityInterfaceForComposites.java:765)
	at ptolemy.actor.util.CausalityInterfaceForComposites._computeInputDepth(CausalityInterfaceForComposites.java:696)
	at ptolemy.actor.util.CausalityInterfaceForComposites._computeOutputPortDepth(CausalityInterfaceForComposites.java:765)
	at ptolemy.actor.util.CausalityInterfaceForComposites._computeInputDepth(CausalityInterfaceForComposites.java:696)
	at ptolemy.actor.util.CausalityInterfaceForComposites._computeActorDepth(CausalityInterfaceForComposites.java:532)
	at ptolemy.actor.util.CausalityInterfaceForComposites.checkForCycles(CausalityInterfaceForComposites.java:96)
	at ptolemy.domains.de.kernel.DEDirector.preinitialize(DEDirector.java:1338)
	at ptolemy.actor.CompositeActor.preinitialize(CompositeActor.java:1828)
	at ptolemy.actor.Manager.preinitializeAndResolveTypes(Manager.java:1040)
	at ptolemy.actor.Manager.initialize(Manager.java:710)
	at ptolemy.actor.Manager.execute(Manager.java:356)
	at ptolemy.actor.Manager.run(Manager.java:1263)
	at ptolemy.actor.Manager$PtolemyRunThread.run(Manager.java:1933)
java.lang.RuntimeException: Execution failed
	at ptolemy.moml.MoMLSimpleApplication$UnloadThread.run(MoMLSimpleApplication.java:402)
Caused by: ptolemy.kernel.util.IllegalActionException: Found a zero delay loop containing .dependencyLoop.original
  in .dependencyLoop and .dependencyLoop.original
	at ptolemy.actor.util.CausalityInterfaceForComposites._computeOutputPortDepth(CausalityInterfaceForComposites.java:759)
	at ptolemy.actor.util.CausalityInterfaceForComposites._computeInputDepth(CausalityInterfaceForComposites.java:696)
	at ptolemy.actor.util.CausalityInterfaceForComposites._computeOutputPortDepth(CausalityInterfaceForComposites.java:765)
	at ptolemy.actor.util.CausalityInterfaceForComposites._computeInputDepth(CausalityInterfaceForComposites.java:696)
	at ptolemy.actor.util.CausalityInterfaceForComposites._computeOutputPortDepth(CausalityInterfaceForComposites.java:765)
	at ptolemy.actor.util.CausalityInterfaceForComposites._computeInputDepth(CausalityInterfaceForComposites.java:696)
	at ptolemy.actor.util.CausalityInterfaceForComposites._computeActorDepth(CausalityInterfaceForComposites.java:532)
	at ptolemy.actor.util.CausalityInterfaceForComposites.checkForCycles(CausalityInterfaceForComposites.java:96)
	at ptolemy.domains.de.kernel.DEDirector.preinitialize(DEDirector.java:1338)
	at ptolemy.actor.CompositeActor.preinitialize(CompositeActor.java:1828)
	at ptolemy.actor.Manager.preinitializeAndResolveTypes(Manager.java:1040)
	at ptolemy.actor.Manager.initialize(Manager.java:710)
	at ptolemy.actor.Manager.execute(Manager.java:356)
	at ptolemy.actor.Manager.run(Manager.java:1263)
	at ptolemy.actor.Manager$PtolemyRunThread.run(Manager.java:1933)
java.lang.reflect.InvocationTargetException
	at java.base/jdk.internal.reflect.NativeConstructorAccessorImpl.newInstance0(Native Method)
	at java.base/jdk.internal.reflect.NativeConstructorAccessorImpl.newInstance(NativeConstructorAccessorImpl.java:62)
	at java.base/jdk.internal.reflect.DelegatingConstructorAccessorImpl.newInstance(DelegatingConstructorAccessorImpl.java:45)
	at java.base/java.lang.reflect.Constructor.newInstance(Constructor.java:490)
	at ptolemy.util.test.junit.AutoKnownFailedTests.RunModel(AutoKnownFailedTests.java:105)
	at java.base/jdk.internal.reflect.NativeMethodAccessorImpl.invoke0(Native Method)
	at java.base/jdk.internal.reflect.NativeMethodAccessorImpl.invoke(NativeMethodAccessorImpl.java:62)
	at java.base/jdk.internal.reflect.DelegatingMethodAccessorImpl.invoke(DelegatingMethodAccessorImpl.java:43)
	at java.base/java.lang.reflect.Method.invoke(Method.java:566)
	at org.junit.runners.model.FrameworkMethod$1.runReflectiveCall(FrameworkMethod.java:44)
	at org.junit.internal.runners.model.ReflectiveCallable.run(ReflectiveCallable.java:15)
	at org.junit.runners.model.FrameworkMethod.invokeExplosively(FrameworkMethod.java:41)
	at junitparams.internal.InvokeParameterisedMethod.evaluate(InvokeParameterisedMethod.java:102)
	at org.junit.internal.runners.statements.FailOnTimeout$1.run(FailOnTimeout.java:28)
Caused by: ptolemy.kernel.util.IllegalActionException: Found a zero delay loop containing .dependencyLoop.original
  in .dependencyLoop and .dependencyLoop.original
	at ptolemy.actor.util.CausalityInterfaceForComposites._computeOutputPortDepth(CausalityInterfaceForComposites.java:759)
	at ptolemy.actor.util.CausalityInterfaceForComposites._computeInputDepth(CausalityInterfaceForComposites.java:696)
	at ptolemy.actor.util.CausalityInterfaceForComposites._computeOutputPortDepth(CausalityInterfaceForComposites.java:765)
	at ptolemy.actor.util.CausalityInterfaceForComposites._computeInputDepth(CausalityInterfaceForComposites.java:696)
	at ptolemy.actor.util.CausalityInterfaceForComposites._computeOutputPortDepth(CausalityInterfaceForComposites.java:765)
	at ptolemy.actor.util.CausalityInterfaceForComposites._computeInputDepth(CausalityInterfaceForComposites.java:696)
	at ptolemy.actor.util.CausalityInterfaceForComposites._computeActorDepth(CausalityInterfaceForComposites.java:532)
	at ptolemy.actor.util.CausalityInterfaceForComposites.checkForCycles(CausalityInterfaceForComposites.java:96)
	at ptolemy.domains.de.kernel.DEDirector.preinitialize(DEDirector.java:1338)
	at ptolemy.actor.CompositeActor.preinitialize(CompositeActor.java:1828)
	at ptolemy.actor.Manager.preinitializeAndResolveTypes(Manager.java:1040)
	at ptolemy.actor.Manager.initialize(Manager.java:710)
	at ptolemy.actor.Manager.execute(Manager.java:356)
	at ptolemy.actor.Manager.run(Manager.java:1263)
	at ptolemy.actor.Manager$PtolemyRunThread.run(Manager.java:1933)
java.lang.RuntimeException: Execution failed
	at ptolemy.moml.MoMLSimpleApplication$UnloadThread.run(MoMLSimpleApplication.java:402)
Caused by: ptolemy.kernel.util.IllegalActionException: Found a zero delay loop containing .dependencyLoop2.original
  in .dependencyLoop2 and .dependencyLoop2.original
	at ptolemy.actor.util.CausalityInterfaceForComposites._computeOutputPortDepth(CausalityInterfaceForComposites.java:759)
	at ptolemy.actor.util.CausalityInterfaceForComposites._computeInputDepth(CausalityInterfaceForComposites.java:696)
	at ptolemy.actor.util.CausalityInterfaceForComposites._computeOutputPortDepth(CausalityInterfaceForComposites.java:765)
	at ptolemy.actor.util.CausalityInterfaceForComposites._computeInputDepth(CausalityInterfaceForComposites.java:696)
	at ptolemy.actor.util.CausalityInterfaceForComposites._computeOutputPortDepth(CausalityInterfaceForComposites.java:765)
	at ptolemy.actor.util.CausalityInterfaceForComposites._computeInputDepth(CausalityInterfaceForComposites.java:696)
	at ptolemy.actor.util.CausalityInterfaceForComposites._computeActorDepth(CausalityInterfaceForComposites.java:532)
	at ptolemy.actor.util.CausalityInterfaceForComposites.checkForCycles(CausalityInterfaceForComposites.java:96)
	at ptolemy.domains.de.kernel.DEDirector.preinitialize(DEDirector.java:1338)
	at ptolemy.actor.CompositeActor.preinitialize(CompositeActor.java:1828)
	at ptolemy.actor.Manager.preinitializeAndResolveTypes(Manager.java:1040)
	at ptolemy.actor.Manager.initialize(Manager.java:710)
	at ptolemy.actor.Manager.execute(Manager.java:356)
	at ptolemy.actor.Manager.run(Manager.java:1263)
	at ptolemy.actor.Manager$PtolemyRunThread.run(Manager.java:1933)
java.lang.reflect.InvocationTargetException
	at java.base/jdk.internal.reflect.NativeConstructorAccessorImpl.newInstance0(Native Method)
	at java.base/jdk.internal.reflect.NativeConstructorAccessorImpl.newInstance(NativeConstructorAccessorImpl.java:62)
	at java.base/jdk.internal.reflect.DelegatingConstructorAccessorImpl.newInstance(DelegatingConstructorAccessorImpl.java:45)
	at java.base/java.lang.reflect.Constructor.newInstance(Constructor.java:490)
	at ptolemy.util.test.junit.AutoKnownFailedTests.RunModel(AutoKnownFailedTests.java:105)
	at java.base/jdk.internal.reflect.NativeMethodAccessorImpl.invoke0(Native Method)
	at java.base/jdk.internal.reflect.NativeMethodAccessorImpl.invoke(NativeMethodAccessorImpl.java:62)
	at java.base/jdk.internal.reflect.DelegatingMethodAccessorImpl.invoke(DelegatingMethodAccessorImpl.java:43)
	at java.base/java.lang.reflect.Method.invoke(Method.java:566)
	at org.junit.runners.model.FrameworkMethod$1.runReflectiveCall(FrameworkMethod.java:44)
	at org.junit.internal.runners.model.ReflectiveCallable.run(ReflectiveCallable.java:15)
	at org.junit.runners.model.FrameworkMethod.invokeExplosively(FrameworkMethod.java:41)
	at junitparams.internal.InvokeParameterisedMethod.evaluate(InvokeParameterisedMethod.java:102)
	at org.junit.internal.runners.statements.FailOnTimeout$1.run(FailOnTimeout.java:28)
Caused by: ptolemy.kernel.util.IllegalActionException: Found a zero delay loop containing .dependencyLoop2.original
  in .dependencyLoop2 and .dependencyLoop2.original
	at ptolemy.actor.util.CausalityInterfaceForComposites._computeOutputPortDepth(CausalityInterfaceForComposites.java:759)
	at ptolemy.actor.util.CausalityInterfaceForComposites._computeInputDepth(CausalityInterfaceForComposites.java:696)
	at ptolemy.actor.util.CausalityInterfaceForComposites._computeOutputPortDepth(CausalityInterfaceForComposites.java:765)
	at ptolemy.actor.util.CausalityInterfaceForComposites._computeInputDepth(CausalityInterfaceForComposites.java:696)
	at ptolemy.actor.util.CausalityInterfaceForComposites._computeOutputPortDepth(CausalityInterfaceForComposites.java:765)
	at ptolemy.actor.util.CausalityInterfaceForComposites._computeInputDepth(CausalityInterfaceForComposites.java:696)
	at ptolemy.actor.util.CausalityInterfaceForComposites._computeActorDepth(CausalityInterfaceForComposites.java:532)
	at ptolemy.actor.util.CausalityInterfaceForComposites.checkForCycles(CausalityInterfaceForComposites.java:96)
	at ptolemy.domains.de.kernel.DEDirector.preinitialize(DEDirector.java:1338)
	at ptolemy.actor.CompositeActor.preinitialize(CompositeActor.java:1828)
	at ptolemy.actor.Manager.preinitializeAndResolveTypes(Manager.java:1040)
	at ptolemy.actor.Manager.initialize(Manager.java:710)
	at ptolemy.actor.Manager.execute(Manager.java:356)
	at ptolemy.actor.Manager.run(Manager.java:1263)
	at ptolemy.actor.Manager$PtolemyRunThread.run(Manager.java:1933)
]]></system-err>
</testsuite>
