<?xml version="1.0" encoding="UTF-8" ?>
<testsuite errors="0" failures="0" hostname="travis-job-4b92c877-46f1-4132-a285-a7b66d46dc65" name="ptolemy.domains.continuous.test.junit.JUnitTclTest" skipped="0" tests="156" time="82.875" timestamp="2019-09-13T05:48:27">
  <properties>
[...]
</properties>
  <testcase classname="ptolemy.util.test.junit.TclTests" name="[0] ThereAreNoTclTests (RunTclFile)" time="0.008" />
  <testcase classname="ptolemy.util.test.junit.AutoKnownFailedTests" name="[0] ThereAreNoKnowFailedTests (RunModel)" time="0.001" />
  <testcase classname="ptolemy.util.test.junit.AutoNameArchTests" name="[0] ThereAreNoAutoArchTests (RunModel)" time="0.021" />
  <testcase classname="ptolemy.util.test.junit.AutoTests" name="[0] /home/travis/build/icyphy/ptII/ptolemy/domains/continuous/test/auto/BouncingBall.xml (RunModel)" time="3.65" />
  <testcase classname="ptolemy.util.test.junit.AutoTests" name="[1] /home/travis/build/icyphy/ptII/ptolemy/domains/continuous/test/auto/BouncingBallWithoutGR.xml (RunModel)" time="1.149" />
  <testcase classname="ptolemy.util.test.junit.AutoTests" name="[2] /home/travis/build/icyphy/ptII/ptolemy/domains/continuous/test/auto/Brownian.xml (RunModel)" time="0.129" />
  <testcase classname="ptolemy.util.test.junit.AutoTests" name="[3] /home/travis/build/icyphy/ptII/ptolemy/domains/continuous/test/auto/CarTracking.xml (RunModel)" time="4.708" />
  <testcase classname="ptolemy.util.test.junit.AutoTests" name="[4] /home/travis/build/icyphy/ptII/ptolemy/domains/continuous/test/auto/CartPendulum.xml (RunModel)" time="0.606" />
  <testcase classname="ptolemy.util.test.junit.AutoTests" name="[5] /home/travis/build/icyphy/ptII/ptolemy/domains/continuous/test/auto/CausalityInterface10.xml (RunModel)" time="0.041" />
  <testcase classname="ptolemy.util.test.junit.AutoTests" name="[6] /home/travis/build/icyphy/ptII/ptolemy/domains/continuous/test/auto/CausalityInterface11.xml (RunModel)" time="0.042" />
  <testcase classname="ptolemy.util.test.junit.AutoTests" name="[7] /home/travis/build/icyphy/ptII/ptolemy/domains/continuous/test/auto/CausalityInterface12.xml (RunModel)" time="0.052" />
  <testcase classname="ptolemy.util.test.junit.AutoTests" name="[8] /home/travis/build/icyphy/ptII/ptolemy/domains/continuous/test/auto/CausalityInterface13.xml (RunModel)" time="0.036" />
  <testcase classname="ptolemy.util.test.junit.AutoTests" name="[9] /home/travis/build/icyphy/ptII/ptolemy/domains/continuous/test/auto/CausalityInterface14.xml (RunModel)" time="0.025" />
  <testcase classname="ptolemy.util.test.junit.AutoTests" name="[10] /home/travis/build/icyphy/ptII/ptolemy/domains/continuous/test/auto/CausalityInterface4.xml (RunModel)" time="0.032" />
  <testcase classname="ptolemy.util.test.junit.AutoTests" name="[11] /home/travis/build/icyphy/ptII/ptolemy/domains/continuous/test/auto/CausalityInterface5.xml (RunModel)" time="0.043" />
  <testcase classname="ptolemy.util.test.junit.AutoTests" name="[12] /home/travis/build/icyphy/ptII/ptolemy/domains/continuous/test/auto/CausalityInterface6.xml (RunModel)" time="0.025" />
  <testcase classname="ptolemy.util.test.junit.AutoTests" name="[13] /home/travis/build/icyphy/ptII/ptolemy/domains/continuous/test/auto/CausalityInterface7.xml (RunModel)" time="0.047" />
  <testcase classname="ptolemy.util.test.junit.AutoTests" name="[14] /home/travis/build/icyphy/ptII/ptolemy/domains/continuous/test/auto/CausalityInterface8.xml (RunModel)" time="0.032" />
  <testcase classname="ptolemy.util.test.junit.AutoTests" name="[15] /home/travis/build/icyphy/ptII/ptolemy/domains/continuous/test/auto/CausalityInterface9.xml (RunModel)" time="0.047" />
  <testcase classname="ptolemy.util.test.junit.AutoTests" name="[16] /home/travis/build/icyphy/ptII/ptolemy/domains/continuous/test/auto/CausalityInterfaceFeedback1.xml (RunModel)" time="0.025" />
  <testcase classname="ptolemy.util.test.junit.AutoTests" name="[17] /home/travis/build/icyphy/ptII/ptolemy/domains/continuous/test/auto/CausalityInterfaceFeedback2.xml (RunModel)" time="0.035" />
  <testcase classname="ptolemy.util.test.junit.AutoTests" name="[18] /home/travis/build/icyphy/ptII/ptolemy/domains/continuous/test/auto/CompareWithCurrentTime.xml (RunModel)" time="0.023" />
  <testcase classname="ptolemy.util.test.junit.AutoTests" name="[19] /home/travis/build/icyphy/ptII/ptolemy/domains/continuous/test/auto/ComparedClocks.xml (RunModel)" time="0.086" />
  <testcase classname="ptolemy.util.test.junit.AutoTests" name="[20] /home/travis/build/icyphy/ptII/ptolemy/domains/continuous/test/auto/ContinuousAOCClone.xml (RunModel)" time="3.351" />
  <testcase classname="ptolemy.util.test.junit.AutoTests" name="[21] /home/travis/build/icyphy/ptII/ptolemy/domains/continuous/test/auto/ContinuousClock.xml (RunModel)" time="0.1" />
  <testcase classname="ptolemy.util.test.junit.AutoTests" name="[22] /home/travis/build/icyphy/ptII/ptolemy/domains/continuous/test/auto/ContinuousInContinuous.xml (RunModel)" time="0.105" />
  <testcase classname="ptolemy.util.test.junit.AutoTests" name="[23] /home/travis/build/icyphy/ptII/ptolemy/domains/continuous/test/auto/ContinuousInContinuousInContinuous.xml (RunModel)" time="0.028" />
  <testcase classname="ptolemy.util.test.junit.AutoTests" name="[24] /home/travis/build/icyphy/ptII/ptolemy/domains/continuous/test/auto/ContinuousInDE.xml (RunModel)" time="0.153" />
  <testcase classname="ptolemy.util.test.junit.AutoTests" name="[25] /home/travis/build/icyphy/ptII/ptolemy/domains/continuous/test/auto/ContinuousInDE2.xml (RunModel)" time="0.067" />
  <testcase classname="ptolemy.util.test.junit.AutoTests" name="[26] /home/travis/build/icyphy/ptII/ptolemy/domains/continuous/test/auto/ContinuousInDE3.xml (RunModel)" time="0.07" />
  <testcase classname="ptolemy.util.test.junit.AutoTests" name="[27] /home/travis/build/icyphy/ptII/ptolemy/domains/continuous/test/auto/ContinuousInDE4.xml (RunModel)" time="0.038" />
  <testcase classname="ptolemy.util.test.junit.AutoTests" name="[28] /home/travis/build/icyphy/ptII/ptolemy/domains/continuous/test/auto/ContinuousInDEDifferentRefinements.xml (RunModel)" time="0.138" />
  <testcase classname="ptolemy.util.test.junit.AutoTests" name="[29] /home/travis/build/icyphy/ptII/ptolemy/domains/continuous/test/auto/ContinuousInDEDifferentRefinementsPreemptive.xml (RunModel)" time="0.116" />
  <testcase classname="ptolemy.util.test.junit.AutoTests" name="[30] /home/travis/build/icyphy/ptII/ptolemy/domains/continuous/test/auto/ContinuousInDEInContinuous2.xml (RunModel)" time="0.076" />
  <testcase classname="ptolemy.util.test.junit.AutoTests" name="[31] /home/travis/build/icyphy/ptII/ptolemy/domains/continuous/test/auto/ContinuousInDEInContinuous3.xml (RunModel)" time="0.074" />
  <testcase classname="ptolemy.util.test.junit.AutoTests" name="[32] /home/travis/build/icyphy/ptII/ptolemy/domains/continuous/test/auto/ContinuousInDEInput.xml (RunModel)" time="0.045" />
  <testcase classname="ptolemy.util.test.junit.AutoTests" name="[33] /home/travis/build/icyphy/ptII/ptolemy/domains/continuous/test/auto/ContinuousInDEInput2.xml (RunModel)" time="0.043" />
  <testcase classname="ptolemy.util.test.junit.AutoTests" name="[34] /home/travis/build/icyphy/ptII/ptolemy/domains/continuous/test/auto/ContinuousInDEInput3.xml (RunModel)" time="0.036" />
  <testcase classname="ptolemy.util.test.junit.AutoTests" name="[35] /home/travis/build/icyphy/ptII/ptolemy/domains/continuous/test/auto/ContinuousInDESharingRefinement.xml (RunModel)" time="0.249" />
  <testcase classname="ptolemy.util.test.junit.AutoTests" name="[36] /home/travis/build/icyphy/ptII/ptolemy/domains/continuous/test/auto/ContinuousInDEwithNoPorts.xml (RunModel)" time="0.022" />
  <testcase classname="ptolemy.util.test.junit.AutoTests" name="[37] /home/travis/build/icyphy/ptII/ptolemy/domains/continuous/test/auto/ContinuousInsideDE.xml (RunModel)" time="0.075" />
  <testcase classname="ptolemy.util.test.junit.AutoTests" name="[38] /home/travis/build/icyphy/ptII/ptolemy/domains/continuous/test/auto/ContinuousMerge1.xml (RunModel)" time="0.024" />
  <testcase classname="ptolemy.util.test.junit.AutoTests" name="[39] /home/travis/build/icyphy/ptII/ptolemy/domains/continuous/test/auto/ContinuousMerge2.xml (RunModel)" time="0.05" />
  <testcase classname="ptolemy.util.test.junit.AutoTests" name="[40] /home/travis/build/icyphy/ptII/ptolemy/domains/continuous/test/auto/ContinuousMerge3.xml (RunModel)" time="0.072" />
  <testcase classname="ptolemy.util.test.junit.AutoTests" name="[41] /home/travis/build/icyphy/ptII/ptolemy/domains/continuous/test/auto/ContinuousWithinContinuous.xml (RunModel)" time="0.062" />
  <testcase classname="ptolemy.util.test.junit.AutoTests" name="[42] /home/travis/build/icyphy/ptII/ptolemy/domains/continuous/test/auto/ContinuousWithinContinuous2.xml (RunModel)" time="0.094" />
  <testcase classname="ptolemy.util.test.junit.AutoTests" name="[43] /home/travis/build/icyphy/ptII/ptolemy/domains/continuous/test/auto/ContinuousWithinContinuous3.xml (RunModel)" time="0.035" />
  <testcase classname="ptolemy.util.test.junit.AutoTests" name="[44] /home/travis/build/icyphy/ptII/ptolemy/domains/continuous/test/auto/ContinuousWithinContinuous4.xml (RunModel)" time="0.093" />
  <testcase classname="ptolemy.util.test.junit.AutoTests" name="[45] /home/travis/build/icyphy/ptII/ptolemy/domains/continuous/test/auto/ContinuousWithinContinuous5.xml (RunModel)" time="0.034" />
  <testcase classname="ptolemy.util.test.junit.AutoTests" name="[46] /home/travis/build/icyphy/ptII/ptolemy/domains/continuous/test/auto/ContinuousWithinContinuous6.xml (RunModel)" time="0.039" />
  <testcase classname="ptolemy.util.test.junit.AutoTests" name="[47] /home/travis/build/icyphy/ptII/ptolemy/domains/continuous/test/auto/ContinuousWithinContinuous7.xml (RunModel)" time="0.074" />
  <testcase classname="ptolemy.util.test.junit.AutoTests" name="[48] /home/travis/build/icyphy/ptII/ptolemy/domains/continuous/test/auto/DCMotor.xml (RunModel)" time="14.903" />
  <testcase classname="ptolemy.util.test.junit.AutoTests" name="[49] /home/travis/build/icyphy/ptII/ptolemy/domains/continuous/test/auto/DEInContinuous.xml (RunModel)" time="0.029" />
  <testcase classname="ptolemy.util.test.junit.AutoTests" name="[50] /home/travis/build/icyphy/ptII/ptolemy/domains/continuous/test/auto/DEinContinuous2.xml (RunModel)" time="0.04" />
  <testcase classname="ptolemy.util.test.junit.AutoTests" name="[51] /home/travis/build/icyphy/ptII/ptolemy/domains/continuous/test/auto/Derivative.xml (RunModel)" time="0.261" />
  <testcase classname="ptolemy.util.test.junit.AutoTests" name="[52] /home/travis/build/icyphy/ptII/ptolemy/domains/continuous/test/auto/Derivative1.xml (RunModel)" time="0.07" />
  <testcase classname="ptolemy.util.test.junit.AutoTests" name="[53] /home/travis/build/icyphy/ptII/ptolemy/domains/continuous/test/auto/DiscreteClock.xml (RunModel)" time="0.021" />
  <testcase classname="ptolemy.util.test.junit.AutoTests" name="[54] /home/travis/build/icyphy/ptII/ptolemy/domains/continuous/test/auto/EfficiencyCurve.xml (RunModel)" time="0.113" />
  <testcase classname="ptolemy.util.test.junit.AutoTests" name="[55] /home/travis/build/icyphy/ptII/ptolemy/domains/continuous/test/auto/ExponentialResponse.xml (RunModel)" time="0.161" />
  <testcase classname="ptolemy.util.test.junit.AutoTests" name="[56] /home/travis/build/icyphy/ptII/ptolemy/domains/continuous/test/auto/ExponentialResponseRK45.xml (RunModel)" time="0.048" />
  <testcase classname="ptolemy.util.test.junit.AutoTests" name="[57] /home/travis/build/icyphy/ptII/ptolemy/domains/continuous/test/auto/Friction.xml (RunModel)" time="1.981" />
  <testcase classname="ptolemy.util.test.junit.AutoTests" name="[58] /home/travis/build/icyphy/ptII/ptolemy/domains/continuous/test/auto/FurutaPendulum.xml (RunModel)" time="3.359" />
  <testcase classname="ptolemy.util.test.junit.AutoTests" name="[59] /home/travis/build/icyphy/ptII/ptolemy/domains/continuous/test/auto/HierarchicalExecution.xml (RunModel)" time="2.206" />
  <testcase classname="ptolemy.util.test.junit.AutoTests" name="[60] /home/travis/build/icyphy/ptII/ptolemy/domains/continuous/test/auto/HybridPlant.xml (RunModel)" time="0.688" />
  <testcase classname="ptolemy.util.test.junit.AutoTests" name="[61] /home/travis/build/icyphy/ptII/ptolemy/domains/continuous/test/auto/Hysteresis.xml (RunModel)" time="0.219" />
  <testcase classname="ptolemy.util.test.junit.AutoTests" name="[62] /home/travis/build/icyphy/ptII/ptolemy/domains/continuous/test/auto/HysteresisWithRandomDelay.xml (RunModel)" time="0.275" />
  <testcase classname="ptolemy.util.test.junit.AutoTests" name="[63] /home/travis/build/icyphy/ptII/ptolemy/domains/continuous/test/auto/HysteresisWithRandomLosses.xml (RunModel)" time="2.9" />
  <testcase classname="ptolemy.util.test.junit.AutoTests" name="[64] /home/travis/build/icyphy/ptII/ptolemy/domains/continuous/test/auto/ImmediateTransitions.xml (RunModel)" time="0.037" />
  <testcase classname="ptolemy.util.test.junit.AutoTests" name="[65] /home/travis/build/icyphy/ptII/ptolemy/domains/continuous/test/auto/ImpulseFeedback.xml (RunModel)" time="0.023" />
  <testcase classname="ptolemy.util.test.junit.AutoTests" name="[66] /home/travis/build/icyphy/ptII/ptolemy/domains/continuous/test/auto/ImpulseFeedback2.xml (RunModel)" time="0.022" />
  <testcase classname="ptolemy.util.test.junit.AutoTests" name="[67] /home/travis/build/icyphy/ptII/ptolemy/domains/continuous/test/auto/IncreasingRatePoisson.xml (RunModel)" time="0.868" />
  <testcase classname="ptolemy.util.test.junit.AutoTests" name="[68] /home/travis/build/icyphy/ptII/ptolemy/domains/continuous/test/auto/InitialStateFeedback.xml (RunModel)" time="0.021" />
  <testcase classname="ptolemy.util.test.junit.AutoTests" name="[69] /home/travis/build/icyphy/ptII/ptolemy/domains/continuous/test/auto/Integration.xml (RunModel)" time="0.021" />
  <testcase classname="ptolemy.util.test.junit.AutoTests" name="[70] /home/travis/build/icyphy/ptII/ptolemy/domains/continuous/test/auto/Integration2.xml (RunModel)" time="0.113" />
  <testcase classname="ptolemy.util.test.junit.AutoTests" name="[71] /home/travis/build/icyphy/ptII/ptolemy/domains/continuous/test/auto/Integration3.xml (RunModel)" time="0.018" />
  <testcase classname="ptolemy.util.test.junit.AutoTests" name="[72] /home/travis/build/icyphy/ptII/ptolemy/domains/continuous/test/auto/Integration5.xml (RunModel)" time="0.013" />
  <testcase classname="ptolemy.util.test.junit.AutoTests" name="[73] /home/travis/build/icyphy/ptII/ptolemy/domains/continuous/test/auto/IntegratorImpulse.xml (RunModel)" time="0.011" />
  <testcase classname="ptolemy.util.test.junit.AutoTests" name="[74] /home/travis/build/icyphy/ptII/ptolemy/domains/continuous/test/auto/IntegratorImpulse2.xml (RunModel)" time="0.036" />
  <testcase classname="ptolemy.util.test.junit.AutoTests" name="[75] /home/travis/build/icyphy/ptII/ptolemy/domains/continuous/test/auto/LevelCrossing1.xml (RunModel)" time="0.014" />
  <testcase classname="ptolemy.util.test.junit.AutoTests" name="[76] /home/travis/build/icyphy/ptII/ptolemy/domains/continuous/test/auto/LevelCrossing2.xml (RunModel)" time="0.018" />
  <testcase classname="ptolemy.util.test.junit.AutoTests" name="[77] /home/travis/build/icyphy/ptII/ptolemy/domains/continuous/test/auto/LevelCrossing3.xml (RunModel)" time="0.014" />
  <testcase classname="ptolemy.util.test.junit.AutoTests" name="[78] /home/travis/build/icyphy/ptII/ptolemy/domains/continuous/test/auto/LevelCrossing4.xml (RunModel)" time="0.014" />
  <testcase classname="ptolemy.util.test.junit.AutoTests" name="[79] /home/travis/build/icyphy/ptII/ptolemy/domains/continuous/test/auto/LevelCrossing5.xml (RunModel)" time="0.017" />
  <testcase classname="ptolemy.util.test.junit.AutoTests" name="[80] /home/travis/build/icyphy/ptII/ptolemy/domains/continuous/test/auto/LevelCrossing6.xml (RunModel)" time="0.013" />
  <testcase classname="ptolemy.util.test.junit.AutoTests" name="[81] /home/travis/build/icyphy/ptII/ptolemy/domains/continuous/test/auto/LevelCrossingDetector.xml (RunModel)" time="0.041" />
  <testcase classname="ptolemy.util.test.junit.AutoTests" name="[82] /home/travis/build/icyphy/ptII/ptolemy/domains/continuous/test/auto/LevelCrossingDetectorDetectingDirections.xml (RunModel)" time="0.105" />
  <testcase classname="ptolemy.util.test.junit.AutoTests" name="[83] /home/travis/build/icyphy/ptII/ptolemy/domains/continuous/test/auto/LevelCrossingDetectorDetectsGlitches.xml (RunModel)" time="0.073" />
  <testcase classname="ptolemy.util.test.junit.AutoTests" name="[84] /home/travis/build/icyphy/ptII/ptolemy/domains/continuous/test/auto/LevelCrossingNoInitialOuput.xml (RunModel)" time="0.014" />
  <testcase classname="ptolemy.util.test.junit.AutoTests" name="[85] /home/travis/build/icyphy/ptII/ptolemy/domains/continuous/test/auto/LinearStateSpaceExample.xml (RunModel)" time="0.066" />
  <testcase classname="ptolemy.util.test.junit.AutoTests" name="[86] /home/travis/build/icyphy/ptII/ptolemy/domains/continuous/test/auto/Lorenz.xml (RunModel)" time="4.039" />
  <testcase classname="ptolemy.util.test.junit.AutoTests" name="[87] /home/travis/build/icyphy/ptII/ptolemy/domains/continuous/test/auto/LorenzDifferentialSystem.xml (RunModel)" time="1.228" />
  <testcase classname="ptolemy.util.test.junit.AutoTests" name="[88] /home/travis/build/icyphy/ptII/ptolemy/domains/continuous/test/auto/LorenzDifferentialSystemWithInput.xml (RunModel)" time="1.377" />
  <testcase classname="ptolemy.util.test.junit.AutoTests" name="[89] /home/travis/build/icyphy/ptII/ptolemy/domains/continuous/test/auto/LorenzDifferentialSystemWithTime.xml (RunModel)" time="0.797" />
  <testcase classname="ptolemy.util.test.junit.AutoTests" name="[90] /home/travis/build/icyphy/ptII/ptolemy/domains/continuous/test/auto/Microsteps.xml (RunModel)" time="0.023" />
  <testcase classname="ptolemy.util.test.junit.AutoTests" name="[91] /home/travis/build/icyphy/ptII/ptolemy/domains/continuous/test/auto/Modal1.xml (RunModel)" time="0.048" />
  <testcase classname="ptolemy.util.test.junit.AutoTests" name="[92] /home/travis/build/icyphy/ptII/ptolemy/domains/continuous/test/auto/Modal2.xml (RunModel)" time="0.059" />
  <testcase classname="ptolemy.util.test.junit.AutoTests" name="[93] /home/travis/build/icyphy/ptII/ptolemy/domains/continuous/test/auto/ModalTransitionGuardWithReset.xml (RunModel)" time="0.043" />
  <testcase classname="ptolemy.util.test.junit.AutoTests" name="[94] /home/travis/build/icyphy/ptII/ptolemy/domains/continuous/test/auto/ModalTransitionGuardWithResetUsingPreemptiveTransition.xml (RunModel)" time="0.033" />
  <testcase classname="ptolemy.util.test.junit.AutoTests" name="[95] /home/travis/build/icyphy/ptII/ptolemy/domains/continuous/test/auto/ModalTransitionGuardWithResetUsingPreemptiveTransition2.xml (RunModel)" time="0.042" />
  <testcase classname="ptolemy.util.test.junit.AutoTests" name="[96] /home/travis/build/icyphy/ptII/ptolemy/domains/continuous/test/auto/ModalTransitionGuardWithResetUsingPreemptiveTransition3.xml (RunModel)" time="0.031" />
  <testcase classname="ptolemy.util.test.junit.AutoTests" name="[97] /home/travis/build/icyphy/ptII/ptolemy/domains/continuous/test/auto/NewtonsCradle.xml (RunModel)" time="1.007" />
  <testcase classname="ptolemy.util.test.junit.AutoTests" name="[98] /home/travis/build/icyphy/ptII/ptolemy/domains/continuous/test/auto/NewtonsCradleAnimated.xml (RunModel)" time="1.483" />
  <testcase classname="ptolemy.util.test.junit.AutoTests" name="[99] /home/travis/build/icyphy/ptII/ptolemy/domains/continuous/test/auto/NewtonsCradleComplicated.xml (RunModel)" time="0.952" />
  <testcase classname="ptolemy.util.test.junit.AutoTests" name="[100] /home/travis/build/icyphy/ptII/ptolemy/domains/continuous/test/auto/NewtonsCradleNondeterministic.xml (RunModel)" time="0.759" />
  <testcase classname="ptolemy.util.test.junit.AutoTests" name="[101] /home/travis/build/icyphy/ptII/ptolemy/domains/continuous/test/auto/NewtonsCradlePerfectlyInelastic1.xml (RunModel)" time="1.295" />
  <testcase classname="ptolemy.util.test.junit.AutoTests" name="[102] /home/travis/build/icyphy/ptII/ptolemy/domains/continuous/test/auto/Noise.xml (RunModel)" time="0.259" />
  <testcase classname="ptolemy.util.test.junit.AutoTests" name="[103] /home/travis/build/icyphy/ptII/ptolemy/domains/continuous/test/auto/NoiseSpectrum.xml (RunModel)" time="0.908" />
  <testcase classname="ptolemy.util.test.junit.AutoTests" name="[104] /home/travis/build/icyphy/ptII/ptolemy/domains/continuous/test/auto/ParameterizedNewtonsCradleAnimated.xml (RunModel)" time="0.382" />
  <testcase classname="ptolemy.util.test.junit.AutoTests" name="[105] /home/travis/build/icyphy/ptII/ptolemy/domains/continuous/test/auto/ParameterizedNewtonsCradleAnimatedNondeterministic.xml (RunModel)" time="1.324" />
  <testcase classname="ptolemy.util.test.junit.AutoTests" name="[106] /home/travis/build/icyphy/ptII/ptolemy/domains/continuous/test/auto/Pendulum3D.xml (RunModel)" time="0.206" />
  <testcase classname="ptolemy.util.test.junit.AutoTests" name="[107] /home/travis/build/icyphy/ptII/ptolemy/domains/continuous/test/auto/PeriodicSampler.xml (RunModel)" time="0.012" />
  <testcase classname="ptolemy.util.test.junit.AutoTests" name="[108] /home/travis/build/icyphy/ptII/ptolemy/domains/continuous/test/auto/PeriodicSampler1.xml (RunModel)" time="0.047" />
  <testcase classname="ptolemy.util.test.junit.AutoTests" name="[109] /home/travis/build/icyphy/ptII/ptolemy/domains/continuous/test/auto/PeriodicSampler2.xml (RunModel)" time="0.09" />
  <testcase classname="ptolemy.util.test.junit.AutoTests" name="[110] /home/travis/build/icyphy/ptII/ptolemy/domains/continuous/test/auto/Poisson.xml (RunModel)" time="0.598" />
  <testcase classname="ptolemy.util.test.junit.AutoTests" name="[111] /home/travis/build/icyphy/ptII/ptolemy/domains/continuous/test/auto/PoissonClock.xml (RunModel)" time="0.019" />
  <testcase classname="ptolemy.util.test.junit.AutoTests" name="[112] /home/travis/build/icyphy/ptII/ptolemy/domains/continuous/test/auto/PoissonClock2.xml (RunModel)" time="0.013" />
  <testcase classname="ptolemy.util.test.junit.AutoTests" name="[113] /home/travis/build/icyphy/ptII/ptolemy/domains/continuous/test/auto/PortParameterHierarchy.xml (RunModel)" time="0.026" />
  <testcase classname="ptolemy.util.test.junit.AutoTests" name="[114] /home/travis/build/icyphy/ptII/ptolemy/domains/continuous/test/auto/RandomHybridPlant.xml (RunModel)" time="0.712" />
  <testcase classname="ptolemy.util.test.junit.AutoTests" name="[115] /home/travis/build/icyphy/ptII/ptolemy/domains/continuous/test/auto/ResetTransitionWithStartTime1.xml (RunModel)" time="0.041" />
  <testcase classname="ptolemy.util.test.junit.AutoTests" name="[116] /home/travis/build/icyphy/ptII/ptolemy/domains/continuous/test/auto/ResetTransitionWithStartTime2.xml (RunModel)" time="0.042" />
  <testcase classname="ptolemy.util.test.junit.AutoTests" name="[117] /home/travis/build/icyphy/ptII/ptolemy/domains/continuous/test/auto/ResetTransitionWithStartTime3.xml (RunModel)" time="0.043" />
  <testcase classname="ptolemy.util.test.junit.AutoTests" name="[118] /home/travis/build/icyphy/ptII/ptolemy/domains/continuous/test/auto/ResetTransitionWithStartTime4.xml (RunModel)" time="0.027" />
  <testcase classname="ptolemy.util.test.junit.AutoTests" name="[119] /home/travis/build/icyphy/ptII/ptolemy/domains/continuous/test/auto/ResetTransitionWithStartTime5.xml (RunModel)" time="0.038" />
  <testcase classname="ptolemy.util.test.junit.AutoTests" name="[120] /home/travis/build/icyphy/ptII/ptolemy/domains/continuous/test/auto/ResetTransitionWithStartTime6.xml (RunModel)" time="0.028" />
  <testcase classname="ptolemy.util.test.junit.AutoTests" name="[121] /home/travis/build/icyphy/ptII/ptolemy/domains/continuous/test/auto/SRinContinuous.xml (RunModel)" time="0.029" />
  <testcase classname="ptolemy.util.test.junit.AutoTests" name="[122] /home/travis/build/icyphy/ptII/ptolemy/domains/continuous/test/auto/SampledClocks.xml (RunModel)" time="0.042" />
  <testcase classname="ptolemy.util.test.junit.AutoTests" name="[123] /home/travis/build/icyphy/ptII/ptolemy/domains/continuous/test/auto/Satellite.xml (RunModel)" time="0.765" />
  <testcase classname="ptolemy.util.test.junit.AutoTests" name="[124] /home/travis/build/icyphy/ptII/ptolemy/domains/continuous/test/auto/SigmaDelta.xml (RunModel)" time="2.457" />
  <testcase classname="ptolemy.util.test.junit.AutoTests" name="[125] /home/travis/build/icyphy/ptII/ptolemy/domains/continuous/test/auto/SingleRefinement.xml (RunModel)" time="0.498" />
  <testcase classname="ptolemy.util.test.junit.AutoTests" name="[126] /home/travis/build/icyphy/ptII/ptolemy/domains/continuous/test/auto/SinuBouncingBall.xml (RunModel)" time="0.973" />
  <testcase classname="ptolemy.util.test.junit.AutoTests" name="[127] /home/travis/build/icyphy/ptII/ptolemy/domains/continuous/test/auto/Sinusoid.xml (RunModel)" time="0.02" />
  <testcase classname="ptolemy.util.test.junit.AutoTests" name="[128] /home/travis/build/icyphy/ptII/ptolemy/domains/continuous/test/auto/SinusoidInNoise.xml (RunModel)" time="1.222" />
  <testcase classname="ptolemy.util.test.junit.AutoTests" name="[129] /home/travis/build/icyphy/ptII/ptolemy/domains/continuous/test/auto/SinusoidRK45.xml (RunModel)" time="0.009" />
  <testcase classname="ptolemy.util.test.junit.AutoTests" name="[130] /home/travis/build/icyphy/ptII/ptolemy/domains/continuous/test/auto/SinusoidWithMultipleImpulses.xml (RunModel)" time="0.013" />
  <testcase classname="ptolemy.util.test.junit.AutoTests" name="[131] /home/travis/build/icyphy/ptII/ptolemy/domains/continuous/test/auto/SquareWave.xml (RunModel)" time="0.219" />
  <testcase classname="ptolemy.util.test.junit.AutoTests" name="[132] /home/travis/build/icyphy/ptII/ptolemy/domains/continuous/test/auto/Starmac.xml (RunModel)" time="3.536" />
  <testcase classname="ptolemy.util.test.junit.AutoTests" name="[133] /home/travis/build/icyphy/ptII/ptolemy/domains/continuous/test/auto/StaticUnits.xml (RunModel)" time="2.986" />
  <testcase classname="ptolemy.util.test.junit.AutoTests" name="[134] /home/travis/build/icyphy/ptII/ptolemy/domains/continuous/test/auto/StickyMasses.xml (RunModel)" time="0.219" />
  <testcase classname="ptolemy.util.test.junit.AutoTests" name="[135] /home/travis/build/icyphy/ptII/ptolemy/domains/continuous/test/auto/StopTime.xml (RunModel)" time="0.089" />
  <testcase classname="ptolemy.util.test.junit.AutoTests" name="[136] /home/travis/build/icyphy/ptII/ptolemy/domains/continuous/test/auto/StopTime2.xml (RunModel)" time="0.072" />
  <testcase classname="ptolemy.util.test.junit.AutoTests" name="[137] /home/travis/build/icyphy/ptII/ptolemy/domains/continuous/test/auto/Switch.xml (RunModel)" time="0.083" />
  <testcase classname="ptolemy.util.test.junit.AutoTests" name="[138] /home/travis/build/icyphy/ptII/ptolemy/domains/continuous/test/auto/Thermostat.xml (RunModel)" time="0.269" />
  <testcase classname="ptolemy.util.test.junit.AutoTests" name="[139] /home/travis/build/icyphy/ptII/ptolemy/domains/continuous/test/auto/TimeDelay.xml (RunModel)" time="0.019" />
  <testcase classname="ptolemy.util.test.junit.AutoTests" name="[140] /home/travis/build/icyphy/ptII/ptolemy/domains/continuous/test/auto/TimeDelay2.xml (RunModel)" time="0.029" />
  <testcase classname="ptolemy.util.test.junit.AutoTests" name="[141] /home/travis/build/icyphy/ptII/ptolemy/domains/continuous/test/auto/TimeDelay3.xml (RunModel)" time="0.016" />
  <testcase classname="ptolemy.util.test.junit.AutoTests" name="[142] /home/travis/build/icyphy/ptII/ptolemy/domains/continuous/test/auto/TransferAbsentToInside.xml (RunModel)" time="0.123" />
  <testcase classname="ptolemy.util.test.junit.AutoTests" name="[143] /home/travis/build/icyphy/ptII/ptolemy/domains/continuous/test/auto/Transmission.xml (RunModel)" time="0.767" />
  <testcase classname="ptolemy.util.test.junit.AutoTests" name="[144] /home/travis/build/icyphy/ptII/ptolemy/domains/continuous/test/auto/TriggeredContinuousClock.xml (RunModel)" time="0.099" />
  <testcase classname="ptolemy.util.test.junit.AutoTests" name="[145] /home/travis/build/icyphy/ptII/ptolemy/domains/continuous/test/auto/TwoMachineInfiniteBusControl.xml (RunModel)" time="2.773" />
  <testcase classname="ptolemy.util.test.junit.AutoTests" name="[146] /home/travis/build/icyphy/ptII/ptolemy/domains/continuous/test/auto/V2V.xml (RunModel)" time="1.015" />
  <testcase classname="ptolemy.util.test.junit.AutoTests" name="[147] /home/travis/build/icyphy/ptII/ptolemy/domains/continuous/test/auto/hierarchicalModalModel.xml (RunModel)" time="0.042" />
  <testcase classname="ptolemy.util.test.junit.AutoTests" name="[148] /home/travis/build/icyphy/ptII/ptolemy/domains/continuous/test/auto/hierarchicalModalModel1.xml (RunModel)" time="0.037" />
  <testcase classname="ptolemy.util.test.junit.AutoTests" name="[149] /home/travis/build/icyphy/ptII/ptolemy/domains/continuous/test/auto/hierarchicalModalModel2.xml (RunModel)" time="0.031" />
  <testcase classname="ptolemy.util.test.junit.AutoTests" name="[150] /home/travis/build/icyphy/ptII/ptolemy/domains/continuous/test/auto/hierarchicalModalModel3.xml (RunModel)" time="0.027" />
  <testcase classname="ptolemy.util.test.junit.AutoTests" name="[151] /home/travis/build/icyphy/ptII/ptolemy/domains/continuous/test/auto/hierarchicalModalModel4.xml (RunModel)" time="0.038" />
  <testcase classname="ptolemy.util.test.junit.AutoTests" name="[152] /home/travis/build/icyphy/ptII/ptolemy/domains/continuous/test/auto/junk.xml (RunModel)" time="0.186" />
  <system-out><![CDATA[No tcl tests in /home/travis/build/icyphy/ptII/ptolemy/domains/continuous/test
No auto/knownFailedTests/*.xml tests in /home/travis/build/icyphy/ptII/ptolemy/domains/continuous/test
No auto/linux-amd64/*.xml tests in /home/travis/build/icyphy/ptII/ptolemy/domains/continuous/test
AutoTests.java: About to close Vertx.
AutoTests.java: Vertx closed.

===========================================================================================
----------------- testing Fri Sep 13 05:48:28 UTC 2019 /home/travis/build/icyphy/ptII/ptolemy/domains/continuous/test/auto/BouncingBall.xml
----------------- Instantiating /home/travis/build/icyphy/ptII/ptolemy/domains/continuous/test/auto/BouncingBall.xml
2995 ms. Memory: 145408K Free: 72709K (50%)
----------------- Invoking toplevel() on ptolemy.moml.MoMLSimpleApplication@34cb5e90
----------------- Done invoking toplevel() on ptolemy.moml.MoMLSimpleApplication@34cb5e90
reloadAllAccessors: .BouncingBall

===========================================================================================
----------------- testing Fri Sep 13 05:48:31 UTC 2019 /home/travis/build/icyphy/ptII/ptolemy/domains/continuous/test/auto/BouncingBallWithoutGR.xml
----------------- Instantiating /home/travis/build/icyphy/ptII/ptolemy/domains/continuous/test/auto/BouncingBallWithoutGR.xml
966 ms. Memory: 145408K Free: 64901K (45%)
----------------- Invoking toplevel() on ptolemy.moml.MoMLSimpleApplication@5b5d9cf8
----------------- Done invoking toplevel() on ptolemy.moml.MoMLSimpleApplication@5b5d9cf8
reloadAllAccessors: .BouncingBallWithoutGR

===========================================================================================
----------------- testing Fri Sep 13 05:48:32 UTC 2019 /home/travis/build/icyphy/ptII/ptolemy/domains/continuous/test/auto/Brownian.xml
----------------- Instantiating /home/travis/build/icyphy/ptII/ptolemy/domains/continuous/test/auto/Brownian.xml
39 ms. Memory: 145408K Free: 55685K (38%)
----------------- Invoking toplevel() on ptolemy.moml.MoMLSimpleApplication@7a3e9c02
----------------- Done invoking toplevel() on ptolemy.moml.MoMLSimpleApplication@7a3e9c02
reloadAllAccessors: .Brownian

===========================================================================================
----------------- testing Fri Sep 13 05:48:32 UTC 2019 /home/travis/build/icyphy/ptII/ptolemy/domains/continuous/test/auto/CarTracking.xml
----------------- Instantiating /home/travis/build/icyphy/ptII/ptolemy/domains/continuous/test/auto/CarTracking.xml
4106 ms. Memory: 210944K Free: 182746K (87%)
----------------- Invoking toplevel() on ptolemy.moml.MoMLSimpleApplication@426e9b90
----------------- Done invoking toplevel() on ptolemy.moml.MoMLSimpleApplication@426e9b90
reloadAllAccessors: .CarTracking

===========================================================================================
----------------- testing Fri Sep 13 05:48:37 UTC 2019 /home/travis/build/icyphy/ptII/ptolemy/domains/continuous/test/auto/CartPendulum.xml
----------------- Instantiating /home/travis/build/icyphy/ptII/ptolemy/domains/continuous/test/auto/CartPendulum.xml
451 ms. Memory: 210944K Free: 91100K (43%)
----------------- Invoking toplevel() on ptolemy.moml.MoMLSimpleApplication@768f0a17
----------------- Done invoking toplevel() on ptolemy.moml.MoMLSimpleApplication@768f0a17
reloadAllAccessors: .CartPendulum

===========================================================================================
----------------- testing Fri Sep 13 05:48:38 UTC 2019 /home/travis/build/icyphy/ptII/ptolemy/domains/continuous/test/auto/CausalityInterface10.xml
----------------- Instantiating /home/travis/build/icyphy/ptII/ptolemy/domains/continuous/test/auto/CausalityInterface10.xml
7 ms. Memory: 210944K Free: 80860K (38%)
----------------- Invoking toplevel() on ptolemy.moml.MoMLSimpleApplication@4ad9ed5e
----------------- Done invoking toplevel() on ptolemy.moml.MoMLSimpleApplication@4ad9ed5e
reloadAllAccessors: .CausalityInterface10

===========================================================================================
----------------- testing Fri Sep 13 05:48:38 UTC 2019 /home/travis/build/icyphy/ptII/ptolemy/domains/continuous/test/auto/CausalityInterface11.xml
----------------- Instantiating /home/travis/build/icyphy/ptII/ptolemy/domains/continuous/test/auto/CausalityInterface11.xml
10 ms. Memory: 210944K Free: 74716K (35%)
----------------- Invoking toplevel() on ptolemy.moml.MoMLSimpleApplication@535ee096
----------------- Done invoking toplevel() on ptolemy.moml.MoMLSimpleApplication@535ee096
reloadAllAccessors: .CausalityInterface11

===========================================================================================
----------------- testing Fri Sep 13 05:48:38 UTC 2019 /home/travis/build/icyphy/ptII/ptolemy/domains/continuous/test/auto/CausalityInterface12.xml
----------------- Instantiating /home/travis/build/icyphy/ptII/ptolemy/domains/continuous/test/auto/CausalityInterface12.xml
10 ms. Memory: 210944K Free: 193330K (92%)
----------------- Invoking toplevel() on ptolemy.moml.MoMLSimpleApplication@1ef8e4d0
----------------- Done invoking toplevel() on ptolemy.moml.MoMLSimpleApplication@1ef8e4d0
reloadAllAccessors: .CausalityInterface12

===========================================================================================
----------------- testing Fri Sep 13 05:48:38 UTC 2019 /home/travis/build/icyphy/ptII/ptolemy/domains/continuous/test/auto/CausalityInterface13.xml
----------------- Instantiating /home/travis/build/icyphy/ptII/ptolemy/domains/continuous/test/auto/CausalityInterface13.xml
9 ms. Memory: 210944K Free: 187186K (89%)
----------------- Invoking toplevel() on ptolemy.moml.MoMLSimpleApplication@1e37e04b
----------------- Done invoking toplevel() on ptolemy.moml.MoMLSimpleApplication@1e37e04b
reloadAllAccessors: .CausalityInterface13

===========================================================================================
----------------- testing Fri Sep 13 05:48:38 UTC 2019 /home/travis/build/icyphy/ptII/ptolemy/domains/continuous/test/auto/CausalityInterface14.xml
----------------- Instantiating /home/travis/build/icyphy/ptII/ptolemy/domains/continuous/test/auto/CausalityInterface14.xml
4 ms. Memory: 210944K Free: 181552K (86%)
----------------- Invoking toplevel() on ptolemy.moml.MoMLSimpleApplication@37286eaa
----------------- Done invoking toplevel() on ptolemy.moml.MoMLSimpleApplication@37286eaa
reloadAllAccessors: .CausalityInterface14

===========================================================================================
----------------- testing Fri Sep 13 05:48:38 UTC 2019 /home/travis/build/icyphy/ptII/ptolemy/domains/continuous/test/auto/CausalityInterface4.xml
----------------- Instantiating /home/travis/build/icyphy/ptII/ptolemy/domains/continuous/test/auto/CausalityInterface4.xml
5 ms. Memory: 210944K Free: 174370K (83%)
----------------- Invoking toplevel() on ptolemy.moml.MoMLSimpleApplication@3400cf10
----------------- Done invoking toplevel() on ptolemy.moml.MoMLSimpleApplication@3400cf10
reloadAllAccessors: .CausalityInterface4

===========================================================================================
----------------- testing Fri Sep 13 05:48:38 UTC 2019 /home/travis/build/icyphy/ptII/ptolemy/domains/continuous/test/auto/CausalityInterface5.xml
----------------- Instantiating /home/travis/build/icyphy/ptII/ptolemy/domains/continuous/test/auto/CausalityInterface5.xml
4 ms. Memory: 210944K Free: 166192K (79%)
----------------- Invoking toplevel() on ptolemy.moml.MoMLSimpleApplication@1bda0edb
----------------- Done invoking toplevel() on ptolemy.moml.MoMLSimpleApplication@1bda0edb
reloadAllAccessors: .CausalityInterface5

===========================================================================================
----------------- testing Fri Sep 13 05:48:38 UTC 2019 /home/travis/build/icyphy/ptII/ptolemy/domains/continuous/test/auto/CausalityInterface6.xml
----------------- Instantiating /home/travis/build/icyphy/ptII/ptolemy/domains/continuous/test/auto/CausalityInterface6.xml
5 ms. Memory: 210944K Free: 160562K (76%)
----------------- Invoking toplevel() on ptolemy.moml.MoMLSimpleApplication@5c1ceb77
----------------- Done invoking toplevel() on ptolemy.moml.MoMLSimpleApplication@5c1ceb77
reloadAllAccessors: .CausalityInterface6

===========================================================================================
----------------- testing Fri Sep 13 05:48:38 UTC 2019 /home/travis/build/icyphy/ptII/ptolemy/domains/continuous/test/auto/CausalityInterface7.xml
----------------- Instantiating /home/travis/build/icyphy/ptII/ptolemy/domains/continuous/test/auto/CausalityInterface7.xml
9 ms. Memory: 210944K Free: 151856K (72%)
----------------- Invoking toplevel() on ptolemy.moml.MoMLSimpleApplication@1f86cede
----------------- Done invoking toplevel() on ptolemy.moml.MoMLSimpleApplication@1f86cede
reloadAllAccessors: .CausalityInterface7

===========================================================================================
----------------- testing Fri Sep 13 05:48:38 UTC 2019 /home/travis/build/icyphy/ptII/ptolemy/domains/continuous/test/auto/CausalityInterface8.xml
----------------- Instantiating /home/travis/build/icyphy/ptII/ptolemy/domains/continuous/test/auto/CausalityInterface8.xml
5 ms. Memory: 210944K Free: 142640K (68%)
----------------- Invoking toplevel() on ptolemy.moml.MoMLSimpleApplication@5c0329f5
----------------- Done invoking toplevel() on ptolemy.moml.MoMLSimpleApplication@5c0329f5
reloadAllAccessors: .CausalityInterface8

===========================================================================================
----------------- testing Fri Sep 13 05:48:38 UTC 2019 /home/travis/build/icyphy/ptII/ptolemy/domains/continuous/test/auto/CausalityInterface9.xml
----------------- Instantiating /home/travis/build/icyphy/ptII/ptolemy/domains/continuous/test/auto/CausalityInterface9.xml
11 ms. Memory: 210944K Free: 131890K (63%)
----------------- Invoking toplevel() on ptolemy.moml.MoMLSimpleApplication@672445d8
----------------- Done invoking toplevel() on ptolemy.moml.MoMLSimpleApplication@672445d8
reloadAllAccessors: .CausalityInterface9

===========================================================================================
----------------- testing Fri Sep 13 05:48:38 UTC 2019 /home/travis/build/icyphy/ptII/ptolemy/domains/continuous/test/auto/CausalityInterfaceFeedback1.xml
----------------- Instantiating /home/travis/build/icyphy/ptII/ptolemy/domains/continuous/test/auto/CausalityInterfaceFeedback1.xml
3 ms. Memory: 210944K Free: 125746K (60%)
----------------- Invoking toplevel() on ptolemy.moml.MoMLSimpleApplication@540c5ffd
----------------- Done invoking toplevel() on ptolemy.moml.MoMLSimpleApplication@540c5ffd
reloadAllAccessors: .CausalityInterfaceFeedback1

===========================================================================================
----------------- testing Fri Sep 13 05:48:38 UTC 2019 /home/travis/build/icyphy/ptII/ptolemy/domains/continuous/test/auto/CausalityInterfaceFeedback2.xml
----------------- Instantiating /home/travis/build/icyphy/ptII/ptolemy/domains/continuous/test/auto/CausalityInterfaceFeedback2.xml
6 ms. Memory: 210944K Free: 119074K (56%)
----------------- Invoking toplevel() on ptolemy.moml.MoMLSimpleApplication@5303c335
----------------- Done invoking toplevel() on ptolemy.moml.MoMLSimpleApplication@5303c335
reloadAllAccessors: .CausalityInterfaceFeedback2

===========================================================================================
----------------- testing Fri Sep 13 05:48:38 UTC 2019 /home/travis/build/icyphy/ptII/ptolemy/domains/continuous/test/auto/CompareWithCurrentTime.xml
----------------- Instantiating /home/travis/build/icyphy/ptII/ptolemy/domains/continuous/test/auto/CompareWithCurrentTime.xml
5 ms. Memory: 210944K Free: 114992K (55%)
----------------- Invoking toplevel() on ptolemy.moml.MoMLSimpleApplication@1993e903
----------------- Done invoking toplevel() on ptolemy.moml.MoMLSimpleApplication@1993e903
reloadAllAccessors: .CompareWithCurrentTime

===========================================================================================
----------------- testing Fri Sep 13 05:48:38 UTC 2019 /home/travis/build/icyphy/ptII/ptolemy/domains/continuous/test/auto/ComparedClocks.xml
----------------- Instantiating /home/travis/build/icyphy/ptII/ptolemy/domains/continuous/test/auto/ComparedClocks.xml
7 ms. Memory: 210944K Free: 99618K (47%)
----------------- Invoking toplevel() on ptolemy.moml.MoMLSimpleApplication@4732029f
----------------- Done invoking toplevel() on ptolemy.moml.MoMLSimpleApplication@4732029f
reloadAllAccessors: .ComparedClocks

===========================================================================================
----------------- testing Fri Sep 13 05:48:38 UTC 2019 /home/travis/build/icyphy/ptII/ptolemy/domains/continuous/test/auto/ContinuousAOCClone.xml
----------------- Instantiating /home/travis/build/icyphy/ptII/ptolemy/domains/continuous/test/auto/ContinuousAOCClone.xml
3131 ms. Memory: 253952K Free: 112579K (44%)
----------------- Invoking toplevel() on ptolemy.moml.MoMLSimpleApplication@298324eb
----------------- Done invoking toplevel() on ptolemy.moml.MoMLSimpleApplication@298324eb
reloadAllAccessors: .ContinuousAOCClone

===========================================================================================
----------------- testing Fri Sep 13 05:48:42 UTC 2019 /home/travis/build/icyphy/ptII/ptolemy/domains/continuous/test/auto/ContinuousClock.xml
----------------- Instantiating /home/travis/build/icyphy/ptII/ptolemy/domains/continuous/test/auto/ContinuousClock.xml
36 ms. Memory: 253952K Free: 90561K (36%)
----------------- Invoking toplevel() on ptolemy.moml.MoMLSimpleApplication@5c15ad9
----------------- Done invoking toplevel() on ptolemy.moml.MoMLSimpleApplication@5c15ad9
reloadAllAccessors: .ContinuousClock

===========================================================================================
----------------- testing Fri Sep 13 05:48:42 UTC 2019 /home/travis/build/icyphy/ptII/ptolemy/domains/continuous/test/auto/ContinuousInContinuous.xml
----------------- Instantiating /home/travis/build/icyphy/ptII/ptolemy/domains/continuous/test/auto/ContinuousInContinuous.xml
49 ms. Memory: 253952K Free: 216912K (85%)
----------------- Invoking toplevel() on ptolemy.moml.MoMLSimpleApplication@1d4fd30e
----------------- Done invoking toplevel() on ptolemy.moml.MoMLSimpleApplication@1d4fd30e
reloadAllAccessors: .ContinuousInContinuous

===========================================================================================
----------------- testing Fri Sep 13 05:48:42 UTC 2019 /home/travis/build/icyphy/ptII/ptolemy/domains/continuous/test/auto/ContinuousInContinuousInContinuous.xml
----------------- Instantiating /home/travis/build/icyphy/ptII/ptolemy/domains/continuous/test/auto/ContinuousInContinuousInContinuous.xml
8 ms. Memory: 253952K Free: 209234K (82%)
----------------- Invoking toplevel() on ptolemy.moml.MoMLSimpleApplication@7a4668b3
----------------- Done invoking toplevel() on ptolemy.moml.MoMLSimpleApplication@7a4668b3
reloadAllAccessors: .ContinuousInContinuousInContinuous

===========================================================================================
----------------- testing Fri Sep 13 05:48:42 UTC 2019 /home/travis/build/icyphy/ptII/ptolemy/domains/continuous/test/auto/ContinuousInDE.xml
----------------- Instantiating /home/travis/build/icyphy/ptII/ptolemy/domains/continuous/test/auto/ContinuousInDE.xml
125 ms. Memory: 253952K Free: 198480K (78%)
----------------- Invoking toplevel() on ptolemy.moml.MoMLSimpleApplication@547c55ae
----------------- Done invoking toplevel() on ptolemy.moml.MoMLSimpleApplication@547c55ae
reloadAllAccessors: .ContinuousInDE

===========================================================================================
----------------- testing Fri Sep 13 05:48:42 UTC 2019 /home/travis/build/icyphy/ptII/ptolemy/domains/continuous/test/auto/ContinuousInDE2.xml
----------------- Instantiating /home/travis/build/icyphy/ptII/ptolemy/domains/continuous/test/auto/ContinuousInDE2.xml
54 ms. Memory: 253952K Free: 189264K (75%)
----------------- Invoking toplevel() on ptolemy.moml.MoMLSimpleApplication@5f80328
----------------- Done invoking toplevel() on ptolemy.moml.MoMLSimpleApplication@5f80328
reloadAllAccessors: .ContinuousInDE2

===========================================================================================
----------------- testing Fri Sep 13 05:48:42 UTC 2019 /home/travis/build/icyphy/ptII/ptolemy/domains/continuous/test/auto/ContinuousInDE3.xml
----------------- Instantiating /home/travis/build/icyphy/ptII/ptolemy/domains/continuous/test/auto/ContinuousInDE3.xml
46 ms. Memory: 253952K Free: 180048K (71%)
----------------- Invoking toplevel() on ptolemy.moml.MoMLSimpleApplication@4ab00dde
----------------- Done invoking toplevel() on ptolemy.moml.MoMLSimpleApplication@4ab00dde
reloadAllAccessors: .ContinuousInDE3

===========================================================================================
----------------- testing Fri Sep 13 05:48:42 UTC 2019 /home/travis/build/icyphy/ptII/ptolemy/domains/continuous/test/auto/ContinuousInDE4.xml
----------------- Instantiating /home/travis/build/icyphy/ptII/ptolemy/domains/continuous/test/auto/ContinuousInDE4.xml
18 ms. Memory: 253952K Free: 173904K (68%)
----------------- Invoking toplevel() on ptolemy.moml.MoMLSimpleApplication@41f353f
----------------- Done invoking toplevel() on ptolemy.moml.MoMLSimpleApplication@41f353f
reloadAllAccessors: .ContinuousInDE4

===========================================================================================
----------------- testing Fri Sep 13 05:48:42 UTC 2019 /home/travis/build/icyphy/ptII/ptolemy/domains/continuous/test/auto/ContinuousInDEDifferentRefinements.xml
----------------- Instantiating /home/travis/build/icyphy/ptII/ptolemy/domains/continuous/test/auto/ContinuousInDEDifferentRefinements.xml
87 ms. Memory: 253952K Free: 143170K (56%)
----------------- Invoking toplevel() on ptolemy.moml.MoMLSimpleApplication@777b3bf3
----------------- Done invoking toplevel() on ptolemy.moml.MoMLSimpleApplication@777b3bf3
reloadAllAccessors: .ContinuousInDEDifferentRefinements

===========================================================================================
----------------- testing Fri Sep 13 05:48:43 UTC 2019 /home/travis/build/icyphy/ptII/ptolemy/domains/continuous/test/auto/ContinuousInDEDifferentRefinementsPreemptive.xml
----------------- Instantiating /home/travis/build/icyphy/ptII/ptolemy/domains/continuous/test/auto/ContinuousInDEDifferentRefinementsPreemptive.xml
64 ms. Memory: 253952K Free: 112450K (44%)
----------------- Invoking toplevel() on ptolemy.moml.MoMLSimpleApplication@4b8c6727
----------------- Done invoking toplevel() on ptolemy.moml.MoMLSimpleApplication@4b8c6727
reloadAllAccessors: .ContinuousInDEDifferentRefinementsPreemptive

===========================================================================================
----------------- testing Fri Sep 13 05:48:43 UTC 2019 /home/travis/build/icyphy/ptII/ptolemy/domains/continuous/test/auto/ContinuousInDEInContinuous2.xml
----------------- Instantiating /home/travis/build/icyphy/ptII/ptolemy/domains/continuous/test/auto/ContinuousInDEInContinuous2.xml
49 ms. Memory: 253952K Free: 101200K (40%)
----------------- Invoking toplevel() on ptolemy.moml.MoMLSimpleApplication@55f6773d
----------------- Done invoking toplevel() on ptolemy.moml.MoMLSimpleApplication@55f6773d
reloadAllAccessors: .ContinuousInDEInContinuous2

===========================================================================================
----------------- testing Fri Sep 13 05:48:43 UTC 2019 /home/travis/build/icyphy/ptII/ptolemy/domains/continuous/test/auto/ContinuousInDEInContinuous3.xml
----------------- Instantiating /home/travis/build/icyphy/ptII/ptolemy/domains/continuous/test/auto/ContinuousInDEInContinuous3.xml
42 ms. Memory: 253952K Free: 89426K (35%)
----------------- Invoking toplevel() on ptolemy.moml.MoMLSimpleApplication@4d68c613
----------------- Done invoking toplevel() on ptolemy.moml.MoMLSimpleApplication@4d68c613
reloadAllAccessors: .ContinuousInDEInContinuous3

===========================================================================================
----------------- testing Fri Sep 13 05:48:43 UTC 2019 /home/travis/build/icyphy/ptII/ptolemy/domains/continuous/test/auto/ContinuousInDEInput.xml
----------------- Instantiating /home/travis/build/icyphy/ptII/ptolemy/domains/continuous/test/auto/ContinuousInDEInput.xml
20 ms. Memory: 253952K Free: 233177K (92%)
----------------- Invoking toplevel() on ptolemy.moml.MoMLSimpleApplication@2c6801ac
----------------- Done invoking toplevel() on ptolemy.moml.MoMLSimpleApplication@2c6801ac
reloadAllAccessors: .ContinuousInDEInput

===========================================================================================
----------------- testing Fri Sep 13 05:48:43 UTC 2019 /home/travis/build/icyphy/ptII/ptolemy/domains/continuous/test/auto/ContinuousInDEInput2.xml
----------------- Instantiating /home/travis/build/icyphy/ptII/ptolemy/domains/continuous/test/auto/ContinuousInDEInput2.xml
15 ms. Memory: 253952K Free: 226009K (89%)
----------------- Invoking toplevel() on ptolemy.moml.MoMLSimpleApplication@8bfe075
----------------- Done invoking toplevel() on ptolemy.moml.MoMLSimpleApplication@8bfe075
reloadAllAccessors: .ContinuousInDEInput2

===========================================================================================
----------------- testing Fri Sep 13 05:48:43 UTC 2019 /home/travis/build/icyphy/ptII/ptolemy/domains/continuous/test/auto/ContinuousInDEInput3.xml
----------------- Instantiating /home/travis/build/icyphy/ptII/ptolemy/domains/continuous/test/auto/ContinuousInDEInput3.xml
15 ms. Memory: 253952K Free: 218841K (86%)
----------------- Invoking toplevel() on ptolemy.moml.MoMLSimpleApplication@1f8db8ef
----------------- Done invoking toplevel() on ptolemy.moml.MoMLSimpleApplication@1f8db8ef
reloadAllAccessors: .ContinuousInDEInput3

===========================================================================================
----------------- testing Fri Sep 13 05:48:43 UTC 2019 /home/travis/build/icyphy/ptII/ptolemy/domains/continuous/test/auto/ContinuousInDESharingRefinement.xml
----------------- Instantiating /home/travis/build/icyphy/ptII/ptolemy/domains/continuous/test/auto/ContinuousInDESharingRefinement.xml
215 ms. Memory: 253952K Free: 125143K (49%)
----------------- Invoking toplevel() on ptolemy.moml.MoMLSimpleApplication@ee83e0e
----------------- Done invoking toplevel() on ptolemy.moml.MoMLSimpleApplication@ee83e0e
reloadAllAccessors: .ContinuousInDESharingRefinement

===========================================================================================
----------------- testing Fri Sep 13 05:48:43 UTC 2019 /home/travis/build/icyphy/ptII/ptolemy/domains/continuous/test/auto/ContinuousInDEwithNoPorts.xml
----------------- Instantiating /home/travis/build/icyphy/ptII/ptolemy/domains/continuous/test/auto/ContinuousInDEwithNoPorts.xml
5 ms. Memory: 253952K Free: 121017K (48%)
----------------- Invoking toplevel() on ptolemy.moml.MoMLSimpleApplication@342fdd15
----------------- Done invoking toplevel() on ptolemy.moml.MoMLSimpleApplication@342fdd15
reloadAllAccessors: .ContinuousInDEwithNoPorts

===========================================================================================
----------------- testing Fri Sep 13 05:48:43 UTC 2019 /home/travis/build/icyphy/ptII/ptolemy/domains/continuous/test/auto/ContinuousInsideDE.xml
----------------- Instantiating /home/travis/build/icyphy/ptII/ptolemy/domains/continuous/test/auto/ContinuousInsideDE.xml
38 ms. Memory: 253952K Free: 109273K (43%)
----------------- Invoking toplevel() on ptolemy.moml.MoMLSimpleApplication@4019e0ee
----------------- Done invoking toplevel() on ptolemy.moml.MoMLSimpleApplication@4019e0ee
reloadAllAccessors: .ContinuousInsideDE

===========================================================================================
----------------- testing Fri Sep 13 05:48:43 UTC 2019 /home/travis/build/icyphy/ptII/ptolemy/domains/continuous/test/auto/ContinuousMerge1.xml
----------------- Instantiating /home/travis/build/icyphy/ptII/ptolemy/domains/continuous/test/auto/ContinuousMerge1.xml
7 ms. Memory: 253952K Free: 104649K (41%)
----------------- Invoking toplevel() on ptolemy.moml.MoMLSimpleApplication@12d02ae
----------------- Done invoking toplevel() on ptolemy.moml.MoMLSimpleApplication@12d02ae
reloadAllAccessors: .ContinuousMerge1

===========================================================================================
----------------- testing Fri Sep 13 05:48:43 UTC 2019 /home/travis/build/icyphy/ptII/ptolemy/domains/continuous/test/auto/ContinuousMerge2.xml
----------------- Instantiating /home/travis/build/icyphy/ptII/ptolemy/domains/continuous/test/auto/ContinuousMerge2.xml
18 ms. Memory: 253952K Free: 94423K (37%)
----------------- Invoking toplevel() on ptolemy.moml.MoMLSimpleApplication@8f7c9e7
----------------- Done invoking toplevel() on ptolemy.moml.MoMLSimpleApplication@8f7c9e7
reloadAllAccessors: .ContinuousMerge2

===========================================================================================
----------------- testing Fri Sep 13 05:48:43 UTC 2019 /home/travis/build/icyphy/ptII/ptolemy/domains/continuous/test/auto/ContinuousMerge3.xml
----------------- Instantiating /home/travis/build/icyphy/ptII/ptolemy/domains/continuous/test/auto/ContinuousMerge3.xml
49 ms. Memory: 253952K Free: 233561K (92%)
----------------- Invoking toplevel() on ptolemy.moml.MoMLSimpleApplication@25a4cdd2
----------------- Done invoking toplevel() on ptolemy.moml.MoMLSimpleApplication@25a4cdd2
reloadAllAccessors: .ContinuousMerge3

===========================================================================================
----------------- testing Fri Sep 13 05:48:43 UTC 2019 /home/travis/build/icyphy/ptII/ptolemy/domains/continuous/test/auto/ContinuousWithinContinuous.xml
----------------- Instantiating /home/travis/build/icyphy/ptII/ptolemy/domains/continuous/test/auto/ContinuousWithinContinuous.xml
39 ms. Memory: 253952K Free: 224345K (88%)
----------------- Invoking toplevel() on ptolemy.moml.MoMLSimpleApplication@18c40bb1
----------------- Done invoking toplevel() on ptolemy.moml.MoMLSimpleApplication@18c40bb1
reloadAllAccessors: .ContinuousWithinContinuous

===========================================================================================
----------------- testing Fri Sep 13 05:48:43 UTC 2019 /home/travis/build/icyphy/ptII/ptolemy/domains/continuous/test/auto/ContinuousWithinContinuous2.xml
----------------- Instantiating /home/travis/build/icyphy/ptII/ptolemy/domains/continuous/test/auto/ContinuousWithinContinuous2.xml
80 ms. Memory: 253952K Free: 213591K (84%)
----------------- Invoking toplevel() on ptolemy.moml.MoMLSimpleApplication@11d14ec7
----------------- Done invoking toplevel() on ptolemy.moml.MoMLSimpleApplication@11d14ec7
reloadAllAccessors: .ContinuousWithinContinuous2

===========================================================================================
----------------- testing Fri Sep 13 05:48:44 UTC 2019 /home/travis/build/icyphy/ptII/ptolemy/domains/continuous/test/auto/ContinuousWithinContinuous3.xml
----------------- Instantiating /home/travis/build/icyphy/ptII/ptolemy/domains/continuous/test/auto/ContinuousWithinContinuous3.xml
13 ms. Memory: 253952K Free: 206937K (81%)
----------------- Invoking toplevel() on ptolemy.moml.MoMLSimpleApplication@2fcd34f8
----------------- Done invoking toplevel() on ptolemy.moml.MoMLSimpleApplication@2fcd34f8
reloadAllAccessors: .ContinuousWithinContinuous3

===========================================================================================
----------------- testing Fri Sep 13 05:48:44 UTC 2019 /home/travis/build/icyphy/ptII/ptolemy/domains/continuous/test/auto/ContinuousWithinContinuous4.xml
----------------- Instantiating /home/travis/build/icyphy/ptII/ptolemy/domains/continuous/test/auto/ContinuousWithinContinuous4.xml
76 ms. Memory: 253952K Free: 195159K (77%)
----------------- Invoking toplevel() on ptolemy.moml.MoMLSimpleApplication@2db3bc79
----------------- Done invoking toplevel() on ptolemy.moml.MoMLSimpleApplication@2db3bc79
reloadAllAccessors: .ContinuousWithinContinuous4

===========================================================================================
----------------- testing Fri Sep 13 05:48:44 UTC 2019 /home/travis/build/icyphy/ptII/ptolemy/domains/continuous/test/auto/ContinuousWithinContinuous5.xml
----------------- Instantiating /home/travis/build/icyphy/ptII/ptolemy/domains/continuous/test/auto/ContinuousWithinContinuous5.xml
15 ms. Memory: 253952K Free: 187481K (74%)
----------------- Invoking toplevel() on ptolemy.moml.MoMLSimpleApplication@6de806fe
----------------- Done invoking toplevel() on ptolemy.moml.MoMLSimpleApplication@6de806fe
reloadAllAccessors: .ContinuousWithinContinuous5

===========================================================================================
----------------- testing Fri Sep 13 05:48:44 UTC 2019 /home/travis/build/icyphy/ptII/ptolemy/domains/continuous/test/auto/ContinuousWithinContinuous6.xml
----------------- Instantiating /home/travis/build/icyphy/ptII/ptolemy/domains/continuous/test/auto/ContinuousWithinContinuous6.xml
12 ms. Memory: 253952K Free: 180313K (71%)
----------------- Invoking toplevel() on ptolemy.moml.MoMLSimpleApplication@7ceae3d9
----------------- Done invoking toplevel() on ptolemy.moml.MoMLSimpleApplication@7ceae3d9
reloadAllAccessors: .ContinuousWithinContinuous6

===========================================================================================
----------------- testing Fri Sep 13 05:48:44 UTC 2019 /home/travis/build/icyphy/ptII/ptolemy/domains/continuous/test/auto/ContinuousWithinContinuous7.xml
----------------- Instantiating /home/travis/build/icyphy/ptII/ptolemy/domains/continuous/test/auto/ContinuousWithinContinuous7.xml
62 ms. Memory: 253952K Free: 170073K (67%)
----------------- Invoking toplevel() on ptolemy.moml.MoMLSimpleApplication@5e2fafcf
----------------- Done invoking toplevel() on ptolemy.moml.MoMLSimpleApplication@5e2fafcf
reloadAllAccessors: .ContinuousWithinContinuous7

===========================================================================================
----------------- testing Fri Sep 13 05:48:44 UTC 2019 /home/travis/build/icyphy/ptII/ptolemy/domains/continuous/test/auto/DCMotor.xml
----------------- Instantiating /home/travis/build/icyphy/ptII/ptolemy/domains/continuous/test/auto/DCMotor.xml
14801 ms. Memory: 253952K Free: 131546K (52%)
----------------- Invoking toplevel() on ptolemy.moml.MoMLSimpleApplication@3ae20b78
----------------- Done invoking toplevel() on ptolemy.moml.MoMLSimpleApplication@3ae20b78
reloadAllAccessors: .DCMotor

===========================================================================================
----------------- testing Fri Sep 13 05:48:59 UTC 2019 /home/travis/build/icyphy/ptII/ptolemy/domains/continuous/test/auto/DEInContinuous.xml
----------------- Instantiating /home/travis/build/icyphy/ptII/ptolemy/domains/continuous/test/auto/DEInContinuous.xml
15 ms. Memory: 253952K Free: 125432K (49%)
----------------- Invoking toplevel() on ptolemy.moml.MoMLSimpleApplication@3903f27
----------------- Done invoking toplevel() on ptolemy.moml.MoMLSimpleApplication@3903f27
reloadAllAccessors: .DEInContinuous

===========================================================================================
----------------- testing Fri Sep 13 05:48:59 UTC 2019 /home/travis/build/icyphy/ptII/ptolemy/domains/continuous/test/auto/DEinContinuous2.xml
----------------- Instantiating /home/travis/build/icyphy/ptII/ptolemy/domains/continuous/test/auto/DEinContinuous2.xml
7 ms. Memory: 253952K Free: 117754K (46%)
----------------- Invoking toplevel() on ptolemy.moml.MoMLSimpleApplication@5f3f156a
----------------- Done invoking toplevel() on ptolemy.moml.MoMLSimpleApplication@5f3f156a
reloadAllAccessors: .DEinContinuous2

===========================================================================================
----------------- testing Fri Sep 13 05:48:59 UTC 2019 /home/travis/build/icyphy/ptII/ptolemy/domains/continuous/test/auto/Derivative.xml
----------------- Instantiating /home/travis/build/icyphy/ptII/ptolemy/domains/continuous/test/auto/Derivative.xml
199 ms. Memory: 253952K Free: 238742K (94%)
----------------- Invoking toplevel() on ptolemy.moml.MoMLSimpleApplication@4fd05a57
----------------- Done invoking toplevel() on ptolemy.moml.MoMLSimpleApplication@4fd05a57
reloadAllAccessors: .Derivative2

===========================================================================================
----------------- testing Fri Sep 13 05:48:59 UTC 2019 /home/travis/build/icyphy/ptII/ptolemy/domains/continuous/test/auto/Derivative1.xml
----------------- Instantiating /home/travis/build/icyphy/ptII/ptolemy/domains/continuous/test/auto/Derivative1.xml
33 ms. Memory: 253952K Free: 224283K (88%)
----------------- Invoking toplevel() on ptolemy.moml.MoMLSimpleApplication@78b885f7
----------------- Done invoking toplevel() on ptolemy.moml.MoMLSimpleApplication@78b885f7
reloadAllAccessors: .Derivative1

===========================================================================================
----------------- testing Fri Sep 13 05:48:59 UTC 2019 /home/travis/build/icyphy/ptII/ptolemy/domains/continuous/test/auto/DiscreteClock.xml
----------------- Instantiating /home/travis/build/icyphy/ptII/ptolemy/domains/continuous/test/auto/DiscreteClock.xml
6 ms. Memory: 253952K Free: 219163K (86%)
----------------- Invoking toplevel() on ptolemy.moml.MoMLSimpleApplication@35eecfc1
----------------- Done invoking toplevel() on ptolemy.moml.MoMLSimpleApplication@35eecfc1
reloadAllAccessors: .DiscreteClock

===========================================================================================
----------------- testing Fri Sep 13 05:48:59 UTC 2019 /home/travis/build/icyphy/ptII/ptolemy/domains/continuous/test/auto/EfficiencyCurve.xml
----------------- Instantiating /home/travis/build/icyphy/ptII/ptolemy/domains/continuous/test/auto/EfficiencyCurve.xml
88 ms. Memory: 253952K Free: 209947K (83%)
----------------- Invoking toplevel() on ptolemy.moml.MoMLSimpleApplication@18a3b41a
----------------- Done invoking toplevel() on ptolemy.moml.MoMLSimpleApplication@18a3b41a
reloadAllAccessors: .EfficiencyCurve

===========================================================================================
----------------- testing Fri Sep 13 05:48:59 UTC 2019 /home/travis/build/icyphy/ptII/ptolemy/domains/continuous/test/auto/ExponentialResponse.xml
----------------- Instantiating /home/travis/build/icyphy/ptII/ptolemy/domains/continuous/test/auto/ExponentialResponse.xml
133 ms. Memory: 253952K Free: 194587K (77%)
----------------- Invoking toplevel() on ptolemy.moml.MoMLSimpleApplication@155115a
----------------- Done invoking toplevel() on ptolemy.moml.MoMLSimpleApplication@155115a
reloadAllAccessors: .ExponentialResponse

===========================================================================================
----------------- testing Fri Sep 13 05:48:59 UTC 2019 /home/travis/build/icyphy/ptII/ptolemy/domains/continuous/test/auto/ExponentialResponseRK45.xml
----------------- Instantiating /home/travis/build/icyphy/ptII/ptolemy/domains/continuous/test/auto/ExponentialResponseRK45.xml
32 ms. Memory: 253952K Free: 187933K (74%)
----------------- Invoking toplevel() on ptolemy.moml.MoMLSimpleApplication@219838b2
----------------- Done invoking toplevel() on ptolemy.moml.MoMLSimpleApplication@219838b2
reloadAllAccessors: .ExponentialResponseRK45

===========================================================================================
----------------- testing Fri Sep 13 05:49:00 UTC 2019 /home/travis/build/icyphy/ptII/ptolemy/domains/continuous/test/auto/Friction.xml
----------------- Instantiating /home/travis/build/icyphy/ptII/ptolemy/domains/continuous/test/auto/Friction.xml
1840 ms. Memory: 253952K Free: 216821K (85%)
----------------- Invoking toplevel() on ptolemy.moml.MoMLSimpleApplication@5f3ed9a8
----------------- Done invoking toplevel() on ptolemy.moml.MoMLSimpleApplication@5f3ed9a8
reloadAllAccessors: .Friction

===========================================================================================
----------------- testing Fri Sep 13 05:49:02 UTC 2019 /home/travis/build/icyphy/ptII/ptolemy/domains/continuous/test/auto/FurutaPendulum.xml
----------------- Instantiating /home/travis/build/icyphy/ptII/ptolemy/domains/continuous/test/auto/FurutaPendulum.xml
3170 ms. Memory: 253952K Free: 175490K (69%)
----------------- Invoking toplevel() on ptolemy.moml.MoMLSimpleApplication@65dddf96
----------------- Done invoking toplevel() on ptolemy.moml.MoMLSimpleApplication@65dddf96
reloadAllAccessors: .FurutaPendulum

===========================================================================================
----------------- testing Fri Sep 13 05:49:05 UTC 2019 /home/travis/build/icyphy/ptII/ptolemy/domains/continuous/test/auto/HierarchicalExecution.xml
----------------- Instantiating /home/travis/build/icyphy/ptII/ptolemy/domains/continuous/test/auto/HierarchicalExecution.xml
1943 ms. Memory: 253952K Free: 191044K (75%)
----------------- Invoking toplevel() on ptolemy.moml.MoMLSimpleApplication@1d217e3b
----------------- Done invoking toplevel() on ptolemy.moml.MoMLSimpleApplication@1d217e3b
reloadAllAccessors: .HierarchicalExecution

===========================================================================================
----------------- testing Fri Sep 13 05:49:07 UTC 2019 /home/travis/build/icyphy/ptII/ptolemy/domains/continuous/test/auto/HybridPlant.xml
----------------- Instantiating /home/travis/build/icyphy/ptII/ptolemy/domains/continuous/test/auto/HybridPlant.xml
624 ms. Memory: 253952K Free: 227333K (90%)
----------------- Invoking toplevel() on ptolemy.moml.MoMLSimpleApplication@58b59855
----------------- Done invoking toplevel() on ptolemy.moml.MoMLSimpleApplication@58b59855
reloadAllAccessors: .HybridPlant

===========================================================================================
----------------- testing Fri Sep 13 05:49:08 UTC 2019 /home/travis/build/icyphy/ptII/ptolemy/domains/continuous/test/auto/Hysteresis.xml
----------------- Instantiating /home/travis/build/icyphy/ptII/ptolemy/domains/continuous/test/auto/Hysteresis.xml
167 ms. Memory: 253952K Free: 164869K (65%)
----------------- Invoking toplevel() on ptolemy.moml.MoMLSimpleApplication@2c7957dc
----------------- Done invoking toplevel() on ptolemy.moml.MoMLSimpleApplication@2c7957dc
reloadAllAccessors: .Hysteresis

===========================================================================================
----------------- testing Fri Sep 13 05:49:08 UTC 2019 /home/travis/build/icyphy/ptII/ptolemy/domains/continuous/test/auto/HysteresisWithRandomDelay.xml
----------------- Instantiating /home/travis/build/icyphy/ptII/ptolemy/domains/continuous/test/auto/HysteresisWithRandomDelay.xml
215 ms. Memory: 253952K Free: 94211K (37%)
----------------- Invoking toplevel() on ptolemy.moml.MoMLSimpleApplication@5b3a3ceb
----------------- Done invoking toplevel() on ptolemy.moml.MoMLSimpleApplication@5b3a3ceb
reloadAllAccessors: .HysteresisWithRandomDelay

===========================================================================================
----------------- testing Fri Sep 13 05:49:08 UTC 2019 /home/travis/build/icyphy/ptII/ptolemy/domains/continuous/test/auto/HysteresisWithRandomLosses.xml
----------------- Instantiating /home/travis/build/icyphy/ptII/ptolemy/domains/continuous/test/auto/HysteresisWithRandomLosses.xml
2806 ms. Memory: 253952K Free: 108191K (43%)
----------------- Invoking toplevel() on ptolemy.moml.MoMLSimpleApplication@5fb692ae
----------------- Done invoking toplevel() on ptolemy.moml.MoMLSimpleApplication@5fb692ae
reloadAllAccessors: .HysteresisWithRandomLosses

===========================================================================================
----------------- testing Fri Sep 13 05:49:11 UTC 2019 /home/travis/build/icyphy/ptII/ptolemy/domains/continuous/test/auto/ImmediateTransitions.xml
----------------- Instantiating /home/travis/build/icyphy/ptII/ptolemy/domains/continuous/test/auto/ImmediateTransitions.xml
11 ms. Memory: 253952K Free: 97423K (38%)
----------------- Invoking toplevel() on ptolemy.moml.MoMLSimpleApplication@18b0c9a1
----------------- Done invoking toplevel() on ptolemy.moml.MoMLSimpleApplication@18b0c9a1
reloadAllAccessors: .ImmediateTransitions

===========================================================================================
----------------- testing Fri Sep 13 05:49:11 UTC 2019 /home/travis/build/icyphy/ptII/ptolemy/domains/continuous/test/auto/ImpulseFeedback.xml
----------------- Instantiating /home/travis/build/icyphy/ptII/ptolemy/domains/continuous/test/auto/ImpulseFeedback.xml
8 ms. Memory: 253952K Free: 91807K (36%)
----------------- Invoking toplevel() on ptolemy.moml.MoMLSimpleApplication@27f9338a
----------------- Done invoking toplevel() on ptolemy.moml.MoMLSimpleApplication@27f9338a
reloadAllAccessors: .ImpulseFeedback

===========================================================================================
----------------- testing Fri Sep 13 05:49:11 UTC 2019 /home/travis/build/icyphy/ptII/ptolemy/domains/continuous/test/auto/ImpulseFeedback2.xml
----------------- Instantiating /home/travis/build/icyphy/ptII/ptolemy/domains/continuous/test/auto/ImpulseFeedback2.xml
7 ms. Memory: 253952K Free: 236333K (93%)
----------------- Invoking toplevel() on ptolemy.moml.MoMLSimpleApplication@179dcde0
----------------- Done invoking toplevel() on ptolemy.moml.MoMLSimpleApplication@179dcde0
reloadAllAccessors: .ImpulseFeedback2

===========================================================================================
----------------- testing Fri Sep 13 05:49:11 UTC 2019 /home/travis/build/icyphy/ptII/ptolemy/domains/continuous/test/auto/IncreasingRatePoisson.xml
----------------- Instantiating /home/travis/build/icyphy/ptII/ptolemy/domains/continuous/test/auto/IncreasingRatePoisson.xml
841 ms. Memory: 253952K Free: 91937K (36%)
----------------- Invoking toplevel() on ptolemy.moml.MoMLSimpleApplication@42823498
----------------- Done invoking toplevel() on ptolemy.moml.MoMLSimpleApplication@42823498
reloadAllAccessors: .IncreasingRatePoisson

===========================================================================================
----------------- testing Fri Sep 13 05:49:12 UTC 2019 /home/travis/build/icyphy/ptII/ptolemy/domains/continuous/test/auto/InitialStateFeedback.xml
----------------- Instantiating /home/travis/build/icyphy/ptII/ptolemy/domains/continuous/test/auto/InitialStateFeedback.xml
8 ms. Memory: 253952K Free: 238118K (94%)
----------------- Invoking toplevel() on ptolemy.moml.MoMLSimpleApplication@6c0dcfaf
----------------- Done invoking toplevel() on ptolemy.moml.MoMLSimpleApplication@6c0dcfaf
reloadAllAccessors: .InitialStateFeedback

===========================================================================================
----------------- testing Fri Sep 13 05:49:12 UTC 2019 /home/travis/build/icyphy/ptII/ptolemy/domains/continuous/test/auto/Integration.xml
----------------- Instantiating /home/travis/build/icyphy/ptII/ptolemy/domains/continuous/test/auto/Integration.xml
6 ms. Memory: 253952K Free: 234022K (92%)
----------------- Invoking toplevel() on ptolemy.moml.MoMLSimpleApplication@31f2d1ca
----------------- Done invoking toplevel() on ptolemy.moml.MoMLSimpleApplication@31f2d1ca
reloadAllAccessors: .Integration

===========================================================================================
----------------- testing Fri Sep 13 05:49:12 UTC 2019 /home/travis/build/icyphy/ptII/ptolemy/domains/continuous/test/auto/Integration2.xml
----------------- Instantiating /home/travis/build/icyphy/ptII/ptolemy/domains/continuous/test/auto/Integration2.xml
102 ms. Memory: 253952K Free: 219686K (87%)
----------------- Invoking toplevel() on ptolemy.moml.MoMLSimpleApplication@5007a723
----------------- Done invoking toplevel() on ptolemy.moml.MoMLSimpleApplication@5007a723
reloadAllAccessors: .Integration2

===========================================================================================
----------------- testing Fri Sep 13 05:49:12 UTC 2019 /home/travis/build/icyphy/ptII/ptolemy/domains/continuous/test/auto/Integration3.xml
----------------- Instantiating /home/travis/build/icyphy/ptII/ptolemy/domains/continuous/test/auto/Integration3.xml
3 ms. Memory: 253952K Free: 215076K (85%)
----------------- Invoking toplevel() on ptolemy.moml.MoMLSimpleApplication@6a628b5d
----------------- Done invoking toplevel() on ptolemy.moml.MoMLSimpleApplication@6a628b5d
reloadAllAccessors: .Integration3

===========================================================================================
----------------- testing Fri Sep 13 05:49:12 UTC 2019 /home/travis/build/icyphy/ptII/ptolemy/domains/continuous/test/auto/Integration5.xml
----------------- Instantiating /home/travis/build/icyphy/ptII/ptolemy/domains/continuous/test/auto/Integration5.xml
3 ms. Memory: 253952K Free: 210980K (83%)
----------------- Invoking toplevel() on ptolemy.moml.MoMLSimpleApplication@75f6d877
----------------- Done invoking toplevel() on ptolemy.moml.MoMLSimpleApplication@75f6d877
reloadAllAccessors: .Integration5

===========================================================================================
----------------- testing Fri Sep 13 05:49:12 UTC 2019 /home/travis/build/icyphy/ptII/ptolemy/domains/continuous/test/auto/IntegratorImpulse.xml
----------------- Instantiating /home/travis/build/icyphy/ptII/ptolemy/domains/continuous/test/auto/IntegratorImpulse.xml
3 ms. Memory: 253952K Free: 206870K (81%)
----------------- Invoking toplevel() on ptolemy.moml.MoMLSimpleApplication@63b8da50
----------------- Done invoking toplevel() on ptolemy.moml.MoMLSimpleApplication@63b8da50
reloadAllAccessors: .IntegratorImpulse

===========================================================================================
----------------- testing Fri Sep 13 05:49:12 UTC 2019 /home/travis/build/icyphy/ptII/ptolemy/domains/continuous/test/auto/IntegratorImpulse2.xml
----------------- Instantiating /home/travis/build/icyphy/ptII/ptolemy/domains/continuous/test/auto/IntegratorImpulse2.xml
17 ms. Memory: 253952K Free: 202278K (80%)
----------------- Invoking toplevel() on ptolemy.moml.MoMLSimpleApplication@671c2cca
----------------- Done invoking toplevel() on ptolemy.moml.MoMLSimpleApplication@671c2cca
reloadAllAccessors: .IntegratorImpulse2

===========================================================================================
----------------- testing Fri Sep 13 05:49:12 UTC 2019 /home/travis/build/icyphy/ptII/ptolemy/domains/continuous/test/auto/LevelCrossing1.xml
----------------- Instantiating /home/travis/build/icyphy/ptII/ptolemy/domains/continuous/test/auto/LevelCrossing1.xml
3 ms. Memory: 253952K Free: 197158K (78%)
----------------- Invoking toplevel() on ptolemy.moml.MoMLSimpleApplication@5f50abc0
----------------- Done invoking toplevel() on ptolemy.moml.MoMLSimpleApplication@5f50abc0
reloadAllAccessors: .LevelCrossing1

===========================================================================================
----------------- testing Fri Sep 13 05:49:12 UTC 2019 /home/travis/build/icyphy/ptII/ptolemy/domains/continuous/test/auto/LevelCrossing2.xml
----------------- Instantiating /home/travis/build/icyphy/ptII/ptolemy/domains/continuous/test/auto/LevelCrossing2.xml
8 ms. Memory: 253952K Free: 192038K (76%)
----------------- Invoking toplevel() on ptolemy.moml.MoMLSimpleApplication@4ca288c
----------------- Done invoking toplevel() on ptolemy.moml.MoMLSimpleApplication@4ca288c
reloadAllAccessors: .LevelCrossing2

===========================================================================================
----------------- testing Fri Sep 13 05:49:12 UTC 2019 /home/travis/build/icyphy/ptII/ptolemy/domains/continuous/test/auto/LevelCrossing3.xml
----------------- Instantiating /home/travis/build/icyphy/ptII/ptolemy/domains/continuous/test/auto/LevelCrossing3.xml
3 ms. Memory: 253952K Free: 186918K (74%)
----------------- Invoking toplevel() on ptolemy.moml.MoMLSimpleApplication@1c91a87a
----------------- Done invoking toplevel() on ptolemy.moml.MoMLSimpleApplication@1c91a87a
reloadAllAccessors: .LevelCrossing3

===========================================================================================
----------------- testing Fri Sep 13 05:49:12 UTC 2019 /home/travis/build/icyphy/ptII/ptolemy/domains/continuous/test/auto/LevelCrossing4.xml
----------------- Instantiating /home/travis/build/icyphy/ptII/ptolemy/domains/continuous/test/auto/LevelCrossing4.xml
6 ms. Memory: 253952K Free: 181798K (72%)
----------------- Invoking toplevel() on ptolemy.moml.MoMLSimpleApplication@5ffd3bff
----------------- Done invoking toplevel() on ptolemy.moml.MoMLSimpleApplication@5ffd3bff
reloadAllAccessors: .LevelCrossing4

===========================================================================================
----------------- testing Fri Sep 13 05:49:12 UTC 2019 /home/travis/build/icyphy/ptII/ptolemy/domains/continuous/test/auto/LevelCrossing5.xml
----------------- Instantiating /home/travis/build/icyphy/ptII/ptolemy/domains/continuous/test/auto/LevelCrossing5.xml
5 ms. Memory: 253952K Free: 176678K (70%)
----------------- Invoking toplevel() on ptolemy.moml.MoMLSimpleApplication@5c3ff272
----------------- Done invoking toplevel() on ptolemy.moml.MoMLSimpleApplication@5c3ff272
reloadAllAccessors: .LevelCrossing5

===========================================================================================
[...]
reloadAllAccessors: .ResetTransitionWithStartTime6

===========================================================================================
----------------- testing Fri Sep 13 05:49:31 UTC 2019 /home/travis/build/icyphy/ptII/ptolemy/domains/continuous/test/auto/SRinContinuous.xml
----------------- Instantiating /home/travis/build/icyphy/ptII/ptolemy/domains/continuous/test/auto/SRinContinuous.xml
7 ms. Memory: 305152K Free: 124468K (41%)
----------------- Invoking toplevel() on ptolemy.moml.MoMLSimpleApplication@56c99c18
----------------- Done invoking toplevel() on ptolemy.moml.MoMLSimpleApplication@56c99c18
reloadAllAccessors: .SRinContinuous

===========================================================================================
----------------- testing Fri Sep 13 05:49:31 UTC 2019 /home/travis/build/icyphy/ptII/ptolemy/domains/continuous/test/auto/SampledClocks.xml
----------------- Instantiating /home/travis/build/icyphy/ptII/ptolemy/domains/continuous/test/auto/SampledClocks.xml
8 ms. Memory: 305152K Free: 111666K (37%)
----------------- Invoking toplevel() on ptolemy.moml.MoMLSimpleApplication@405d9faf
----------------- Done invoking toplevel() on ptolemy.moml.MoMLSimpleApplication@405d9faf
reloadAllAccessors: .SampledClocks

===========================================================================================
----------------- testing Fri Sep 13 05:49:31 UTC 2019 /home/travis/build/icyphy/ptII/ptolemy/domains/continuous/test/auto/Satellite.xml
----------------- Instantiating /home/travis/build/icyphy/ptII/ptolemy/domains/continuous/test/auto/Satellite.xml
743 ms. Memory: 305152K Free: 279209K (91%)
----------------- Invoking toplevel() on ptolemy.moml.MoMLSimpleApplication@2dfca428
----------------- Done invoking toplevel() on ptolemy.moml.MoMLSimpleApplication@2dfca428
reloadAllAccessors: .Satellite

===========================================================================================
----------------- testing Fri Sep 13 05:49:32 UTC 2019 /home/travis/build/icyphy/ptII/ptolemy/domains/continuous/test/auto/SigmaDelta.xml
----------------- Instantiating /home/travis/build/icyphy/ptII/ptolemy/domains/continuous/test/auto/SigmaDelta.xml
2326 ms. Memory: 305152K Free: 199317K (65%)
----------------- Invoking toplevel() on ptolemy.moml.MoMLSimpleApplication@4d487505
----------------- Done invoking toplevel() on ptolemy.moml.MoMLSimpleApplication@4d487505
reloadAllAccessors: .SigmaDelta

===========================================================================================
----------------- testing Fri Sep 13 05:49:34 UTC 2019 /home/travis/build/icyphy/ptII/ptolemy/domains/continuous/test/auto/SingleRefinement.xml
----------------- Instantiating /home/travis/build/icyphy/ptII/ptolemy/domains/continuous/test/auto/SingleRefinement.xml
378 ms. Memory: 305152K Free: 195418K (64%)
----------------- Invoking toplevel() on ptolemy.moml.MoMLSimpleApplication@135bc46a
----------------- Done invoking toplevel() on ptolemy.moml.MoMLSimpleApplication@135bc46a
reloadAllAccessors: .SingleRefinement

===========================================================================================
----------------- testing Fri Sep 13 05:49:35 UTC 2019 /home/travis/build/icyphy/ptII/ptolemy/domains/continuous/test/auto/SinuBouncingBall.xml
----------------- Instantiating /home/travis/build/icyphy/ptII/ptolemy/domains/continuous/test/auto/SinuBouncingBall.xml
881 ms. Memory: 305152K Free: 158653K (52%)
----------------- Invoking toplevel() on ptolemy.moml.MoMLSimpleApplication@4853fe11
----------------- Done invoking toplevel() on ptolemy.moml.MoMLSimpleApplication@4853fe11
reloadAllAccessors: .SinuBouncingBall

===========================================================================================
----------------- testing Fri Sep 13 05:49:36 UTC 2019 /home/travis/build/icyphy/ptII/ptolemy/domains/continuous/test/auto/Sinusoid.xml
----------------- Instantiating /home/travis/build/icyphy/ptII/ptolemy/domains/continuous/test/auto/Sinusoid.xml
5 ms. Memory: 305152K Free: 154047K (50%)
----------------- Invoking toplevel() on ptolemy.moml.MoMLSimpleApplication@2b89f74e
----------------- Done invoking toplevel() on ptolemy.moml.MoMLSimpleApplication@2b89f74e
reloadAllAccessors: .Sinusoid

===========================================================================================
----------------- testing Fri Sep 13 05:49:36 UTC 2019 /home/travis/build/icyphy/ptII/ptolemy/domains/continuous/test/auto/SinusoidInNoise.xml
----------------- Instantiating /home/travis/build/icyphy/ptII/ptolemy/domains/continuous/test/auto/SinusoidInNoise.xml
1182 ms. Memory: 305152K Free: 199818K (65%)
----------------- Invoking toplevel() on ptolemy.moml.MoMLSimpleApplication@65996e3d
----------------- Done invoking toplevel() on ptolemy.moml.MoMLSimpleApplication@65996e3d
reloadAllAccessors: .SinusoidInNoise

===========================================================================================
----------------- testing Fri Sep 13 05:49:37 UTC 2019 /home/travis/build/icyphy/ptII/ptolemy/domains/continuous/test/auto/SinusoidRK45.xml
----------------- Instantiating /home/travis/build/icyphy/ptII/ptolemy/domains/continuous/test/auto/SinusoidRK45.xml
1 ms. Memory: 305152K Free: 195178K (64%)
----------------- Invoking toplevel() on ptolemy.moml.MoMLSimpleApplication@3ae20586
----------------- Done invoking toplevel() on ptolemy.moml.MoMLSimpleApplication@3ae20586
reloadAllAccessors: .SinusoidRK45

===========================================================================================
----------------- testing Fri Sep 13 05:49:37 UTC 2019 /home/travis/build/icyphy/ptII/ptolemy/domains/continuous/test/auto/SinusoidWithMultipleImpulses.xml
----------------- Instantiating /home/travis/build/icyphy/ptII/ptolemy/domains/continuous/test/auto/SinusoidWithMultipleImpulses.xml
3 ms. Memory: 305152K Free: 190602K (62%)
----------------- Invoking toplevel() on ptolemy.moml.MoMLSimpleApplication@4e782a05
----------------- Done invoking toplevel() on ptolemy.moml.MoMLSimpleApplication@4e782a05
reloadAllAccessors: .SinusoidWithMultipleImpulses

===========================================================================================
----------------- testing Fri Sep 13 05:49:37 UTC 2019 /home/travis/build/icyphy/ptII/ptolemy/domains/continuous/test/auto/SquareWave.xml
----------------- Instantiating /home/travis/build/icyphy/ptII/ptolemy/domains/continuous/test/auto/SquareWave.xml
185 ms. Memory: 305152K Free: 163978K (54%)
----------------- Invoking toplevel() on ptolemy.moml.MoMLSimpleApplication@277b49e2
----------------- Done invoking toplevel() on ptolemy.moml.MoMLSimpleApplication@277b49e2
reloadAllAccessors: .SquareWave

===========================================================================================
----------------- testing Fri Sep 13 05:49:37 UTC 2019 /home/travis/build/icyphy/ptII/ptolemy/domains/continuous/test/auto/Starmac.xml
----------------- Instantiating /home/travis/build/icyphy/ptII/ptolemy/domains/continuous/test/auto/Starmac.xml
3056 ms. Memory: 305152K Free: 204082K (67%)
----------------- Invoking toplevel() on ptolemy.moml.MoMLSimpleApplication@7767563d
----------------- Done invoking toplevel() on ptolemy.moml.MoMLSimpleApplication@7767563d
reloadAllAccessors: .Starmac

===========================================================================================
----------------- testing Fri Sep 13 05:49:41 UTC 2019 /home/travis/build/icyphy/ptII/ptolemy/domains/continuous/test/auto/StaticUnits.xml
----------------- Instantiating /home/travis/build/icyphy/ptII/ptolemy/domains/continuous/test/auto/StaticUnits.xml
2172 ms. Memory: 305152K Free: 269016K (88%)
----------------- Invoking toplevel() on ptolemy.moml.MoMLSimpleApplication@b9a2dfc
----------------- Done invoking toplevel() on ptolemy.moml.MoMLSimpleApplication@b9a2dfc
reloadAllAccessors: .StaticUnits

===========================================================================================
----------------- testing Fri Sep 13 05:49:44 UTC 2019 /home/travis/build/icyphy/ptII/ptolemy/domains/continuous/test/auto/StickyMasses.xml
----------------- Instantiating /home/travis/build/icyphy/ptII/ptolemy/domains/continuous/test/auto/StickyMasses.xml
160 ms. Memory: 305152K Free: 219319K (72%)
----------------- Invoking toplevel() on ptolemy.moml.MoMLSimpleApplication@48b4cf44
----------------- Done invoking toplevel() on ptolemy.moml.MoMLSimpleApplication@48b4cf44
reloadAllAccessors: .StickyMasses

===========================================================================================
----------------- testing Fri Sep 13 05:49:44 UTC 2019 /home/travis/build/icyphy/ptII/ptolemy/domains/continuous/test/auto/StopTime.xml
----------------- Instantiating /home/travis/build/icyphy/ptII/ptolemy/domains/continuous/test/auto/StopTime.xml
59 ms. Memory: 305152K Free: 194264K (64%)
----------------- Invoking toplevel() on ptolemy.moml.MoMLSimpleApplication@71846182
----------------- Done invoking toplevel() on ptolemy.moml.MoMLSimpleApplication@71846182
reloadAllAccessors: .StopTime

===========================================================================================
----------------- testing Fri Sep 13 05:49:44 UTC 2019 /home/travis/build/icyphy/ptII/ptolemy/domains/continuous/test/auto/StopTime2.xml
----------------- Instantiating /home/travis/build/icyphy/ptII/ptolemy/domains/continuous/test/auto/StopTime2.xml
44 ms. Memory: 305152K Free: 172246K (56%)
----------------- Invoking toplevel() on ptolemy.moml.MoMLSimpleApplication@3c174c08
----------------- Done invoking toplevel() on ptolemy.moml.MoMLSimpleApplication@3c174c08
reloadAllAccessors: .StopTime2

===========================================================================================
----------------- testing Fri Sep 13 05:49:44 UTC 2019 /home/travis/build/icyphy/ptII/ptolemy/domains/continuous/test/auto/Switch.xml
----------------- Instantiating /home/travis/build/icyphy/ptII/ptolemy/domains/continuous/test/auto/Switch.xml
57 ms. Memory: 305152K Free: 147670K (48%)
----------------- Invoking toplevel() on ptolemy.moml.MoMLSimpleApplication@3917b9df
----------------- Done invoking toplevel() on ptolemy.moml.MoMLSimpleApplication@3917b9df
reloadAllAccessors: .Switch

===========================================================================================
----------------- testing Fri Sep 13 05:49:44 UTC 2019 /home/travis/build/icyphy/ptII/ptolemy/domains/continuous/test/auto/Thermostat.xml
----------------- Instantiating /home/travis/build/icyphy/ptII/ptolemy/domains/continuous/test/auto/Thermostat.xml
241 ms. Memory: 305152K Free: 252471K (83%)
----------------- Invoking toplevel() on ptolemy.moml.MoMLSimpleApplication@2fcadef5
----------------- Done invoking toplevel() on ptolemy.moml.MoMLSimpleApplication@2fcadef5
reloadAllAccessors: .Thermostat

===========================================================================================
----------------- testing Fri Sep 13 05:49:44 UTC 2019 /home/travis/build/icyphy/ptII/ptolemy/domains/continuous/test/auto/TimeDelay.xml
----------------- Instantiating /home/travis/build/icyphy/ptII/ptolemy/domains/continuous/test/auto/TimeDelay.xml
7 ms. Memory: 305152K Free: 247351K (81%)
----------------- Invoking toplevel() on ptolemy.moml.MoMLSimpleApplication@52ef6228
----------------- Done invoking toplevel() on ptolemy.moml.MoMLSimpleApplication@52ef6228
reloadAllAccessors: .TimeDelay

===========================================================================================
----------------- testing Fri Sep 13 05:49:44 UTC 2019 /home/travis/build/icyphy/ptII/ptolemy/domains/continuous/test/auto/TimeDelay2.xml
----------------- Instantiating /home/travis/build/icyphy/ptII/ptolemy/domains/continuous/test/auto/TimeDelay2.xml
9 ms. Memory: 305152K Free: 237621K (78%)
----------------- Invoking toplevel() on ptolemy.moml.MoMLSimpleApplication@b2776b2
----------------- Done invoking toplevel() on ptolemy.moml.MoMLSimpleApplication@b2776b2
reloadAllAccessors: .TimeDelay2

===========================================================================================
----------------- testing Fri Sep 13 05:49:44 UTC 2019 /home/travis/build/icyphy/ptII/ptolemy/domains/continuous/test/auto/TimeDelay3.xml
----------------- Instantiating /home/travis/build/icyphy/ptII/ptolemy/domains/continuous/test/auto/TimeDelay3.xml
6 ms. Memory: 305152K Free: 233508K (77%)
----------------- Invoking toplevel() on ptolemy.moml.MoMLSimpleApplication@32c834ff
----------------- Done invoking toplevel() on ptolemy.moml.MoMLSimpleApplication@32c834ff
reloadAllAccessors: .TimeDelay3

===========================================================================================
----------------- testing Fri Sep 13 05:49:45 UTC 2019 /home/travis/build/icyphy/ptII/ptolemy/domains/continuous/test/auto/TransferAbsentToInside.xml
----------------- Instantiating /home/travis/build/icyphy/ptII/ptolemy/domains/continuous/test/auto/TransferAbsentToInside.xml
32 ms. Memory: 305152K Free: 181301K (59%)
----------------- Invoking toplevel() on ptolemy.moml.MoMLSimpleApplication@1cad3d8f
----------------- Done invoking toplevel() on ptolemy.moml.MoMLSimpleApplication@1cad3d8f
reloadAllAccessors: .TransferAbsentToInside

===========================================================================================
----------------- testing Fri Sep 13 05:49:45 UTC 2019 /home/travis/build/icyphy/ptII/ptolemy/domains/continuous/test/auto/Transmission.xml
----------------- Instantiating /home/travis/build/icyphy/ptII/ptolemy/domains/continuous/test/auto/Transmission.xml
731 ms. Memory: 305152K Free: 126151K (41%)
----------------- Invoking toplevel() on ptolemy.moml.MoMLSimpleApplication@5838321d
----------------- Done invoking toplevel() on ptolemy.moml.MoMLSimpleApplication@5838321d
reloadAllAccessors: .Transmission

===========================================================================================
----------------- testing Fri Sep 13 05:49:45 UTC 2019 /home/travis/build/icyphy/ptII/ptolemy/domains/continuous/test/auto/TriggeredContinuousClock.xml
----------------- Instantiating /home/travis/build/icyphy/ptII/ptolemy/domains/continuous/test/auto/TriggeredContinuousClock.xml
63 ms. Memory: 305152K Free: 272655K (89%)
----------------- Invoking toplevel() on ptolemy.moml.MoMLSimpleApplication@52e2c4e5
----------------- Done invoking toplevel() on ptolemy.moml.MoMLSimpleApplication@52e2c4e5
reloadAllAccessors: .TriggeredContinuousClock

===========================================================================================
----------------- testing Fri Sep 13 05:49:46 UTC 2019 /home/travis/build/icyphy/ptII/ptolemy/domains/continuous/test/auto/TwoMachineInfiniteBusControl.xml
----------------- Instantiating /home/travis/build/icyphy/ptII/ptolemy/domains/continuous/test/auto/TwoMachineInfiniteBusControl.xml
2613 ms. Memory: 305152K Free: 226956K (74%)
----------------- Invoking toplevel() on ptolemy.moml.MoMLSimpleApplication@5d09bae4
----------------- Done invoking toplevel() on ptolemy.moml.MoMLSimpleApplication@5d09bae4
reloadAllAccessors: .TwoMachineInfiniteBusControl

===========================================================================================
----------------- testing Fri Sep 13 05:49:48 UTC 2019 /home/travis/build/icyphy/ptII/ptolemy/domains/continuous/test/auto/V2V.xml
----------------- Instantiating /home/travis/build/icyphy/ptII/ptolemy/domains/continuous/test/auto/V2V.xml
926 ms. Memory: 305152K Free: 215690K (71%)
----------------- Invoking toplevel() on ptolemy.moml.MoMLSimpleApplication@5dce669c
----------------- Done invoking toplevel() on ptolemy.moml.MoMLSimpleApplication@5dce669c
reloadAllAccessors: .V2V

===========================================================================================
----------------- testing Fri Sep 13 05:49:49 UTC 2019 /home/travis/build/icyphy/ptII/ptolemy/domains/continuous/test/auto/hierarchicalModalModel.xml
----------------- Instantiating /home/travis/build/icyphy/ptII/ptolemy/domains/continuous/test/auto/hierarchicalModalModel.xml
16 ms. Memory: 305152K Free: 201340K (66%)
----------------- Invoking toplevel() on ptolemy.moml.MoMLSimpleApplication@25bf2e3
----------------- Done invoking toplevel() on ptolemy.moml.MoMLSimpleApplication@25bf2e3
reloadAllAccessors: .hierarchicalModalModel

===========================================================================================
----------------- testing Fri Sep 13 05:49:49 UTC 2019 /home/travis/build/icyphy/ptII/ptolemy/domains/continuous/test/auto/hierarchicalModalModel1.xml
----------------- Instantiating /home/travis/build/icyphy/ptII/ptolemy/domains/continuous/test/auto/hierarchicalModalModel1.xml
11 ms. Memory: 305152K Free: 187018K (61%)
----------------- Invoking toplevel() on ptolemy.moml.MoMLSimpleApplication@53ff4430
----------------- Done invoking toplevel() on ptolemy.moml.MoMLSimpleApplication@53ff4430
reloadAllAccessors: .hierarchicalModalModel1

===========================================================================================
----------------- testing Fri Sep 13 05:49:49 UTC 2019 /home/travis/build/icyphy/ptII/ptolemy/domains/continuous/test/auto/hierarchicalModalModel2.xml
----------------- Instantiating /home/travis/build/icyphy/ptII/ptolemy/domains/continuous/test/auto/hierarchicalModalModel2.xml
8 ms. Memory: 305152K Free: 174716K (57%)
----------------- Invoking toplevel() on ptolemy.moml.MoMLSimpleApplication@356981e9
----------------- Done invoking toplevel() on ptolemy.moml.MoMLSimpleApplication@356981e9
reloadAllAccessors: .hierarchicalModalModel2

===========================================================================================
----------------- testing Fri Sep 13 05:49:49 UTC 2019 /home/travis/build/icyphy/ptII/ptolemy/domains/continuous/test/auto/hierarchicalModalModel3.xml
----------------- Instantiating /home/travis/build/icyphy/ptII/ptolemy/domains/continuous/test/auto/hierarchicalModalModel3.xml
7 ms. Memory: 305152K Free: 163980K (54%)
----------------- Invoking toplevel() on ptolemy.moml.MoMLSimpleApplication@14eee5e9
----------------- Done invoking toplevel() on ptolemy.moml.MoMLSimpleApplication@14eee5e9
reloadAllAccessors: .hierarchicalModalModel3

===========================================================================================
----------------- testing Fri Sep 13 05:49:49 UTC 2019 /home/travis/build/icyphy/ptII/ptolemy/domains/continuous/test/auto/hierarchicalModalModel4.xml
----------------- Instantiating /home/travis/build/icyphy/ptII/ptolemy/domains/continuous/test/auto/hierarchicalModalModel4.xml
5 ms. Memory: 305152K Free: 152202K (50%)
----------------- Invoking toplevel() on ptolemy.moml.MoMLSimpleApplication@3c8961b0
----------------- Done invoking toplevel() on ptolemy.moml.MoMLSimpleApplication@3c8961b0
reloadAllAccessors: .hierarchicalModalModel4

===========================================================================================
----------------- testing Fri Sep 13 05:49:49 UTC 2019 /home/travis/build/icyphy/ptII/ptolemy/domains/continuous/test/auto/junk.xml
----------------- Instantiating /home/travis/build/icyphy/ptII/ptolemy/domains/continuous/test/auto/junk.xml
170 ms. Memory: 305152K Free: 127626K (42%)
----------------- Invoking toplevel() on ptolemy.moml.MoMLSimpleApplication@70c1ab31
----------------- Done invoking toplevel() on ptolemy.moml.MoMLSimpleApplication@70c1ab31
reloadAllAccessors: .junk
AutoTests.java: About to close Vertx.
AutoTests.java: Vertx closed.
]]></system-out>
  <system-err><![CDATA[Warning: '.IncreasingRatePoisson.NonStrictTest' The test produced only 374 tokens, yet the correctValues parameter was expecting 402 tokens.
Warning: '.Poisson.NonStrictTest' The test produced only 420 tokens, yet the correctValues parameter was expecting 430 tokens.
]]></system-err>
</testsuite>
