<?xml version="1.0" encoding="UTF-8" ?>
<testsuite errors="0" failures="0" hostname="travis-job-bf50cd93-bff0-4de7-8c30-158c136a49b9" name="ptolemy.domains.modal.test.junit.JUnitTclTest" skipped="0" tests="148" time="10.975" timestamp="2020-04-01T13:44:20">
  <properties>
[...]
</properties>
  <testcase classname="ptolemy.util.test.junit.TclTests" name="[0] /home/travis/build/icyphy/ptII/ptolemy/domains/modal/test/SystemLevelType.tcl (RunTclFile)" time="1.939" />
  <testcase classname="ptolemy.util.test.junit.AutoKnownFailedTests" name="[0] /home/travis/build/icyphy/ptII/ptolemy/domains/modal/test/auto/knownFailedTests/CannotAnalysisWithPreemption.xml (RunModel)" time="0.226" />
  <testcase classname="ptolemy.util.test.junit.AutoNameArchTests" name="[0] ThereAreNoAutoArchTests (RunModel)" time="0.007" />
  <testcase classname="ptolemy.util.test.junit.AutoTests" name="[0] /home/travis/build/icyphy/ptII/ptolemy/domains/modal/test/auto/ABPTest.xml (RunModel)" time="0.701" />
  <testcase classname="ptolemy.util.test.junit.AutoTests" name="[1] /home/travis/build/icyphy/ptII/ptolemy/domains/modal/test/auto/ABROFlat.xml (RunModel)" time="0.083" />
  <testcase classname="ptolemy.util.test.junit.AutoTests" name="[2] /home/travis/build/icyphy/ptII/ptolemy/domains/modal/test/auto/ABROFlat2.xml (RunModel)" time="0.095" />
  <testcase classname="ptolemy.util.test.junit.AutoTests" name="[3] /home/travis/build/icyphy/ptII/ptolemy/domains/modal/test/auto/ABRO_present_hmm.xml (RunModel)" time="0.154" />
  <testcase classname="ptolemy.util.test.junit.AutoTests" name="[4] /home/travis/build/icyphy/ptII/ptolemy/domains/modal/test/auto/AMICoderExample.xml (RunModel)" time="0.09" />
  <testcase classname="ptolemy.util.test.junit.AutoTests" name="[5] /home/travis/build/icyphy/ptII/ptolemy/domains/modal/test/auto/AbsentToPresent.xml (RunModel)" time="0.026" />
  <testcase classname="ptolemy.util.test.junit.AutoTests" name="[6] /home/travis/build/icyphy/ptII/ptolemy/domains/modal/test/auto/Blending.xml (RunModel)" time="0.293" />
  <testcase classname="ptolemy.util.test.junit.AutoTests" name="[7] /home/travis/build/icyphy/ptII/ptolemy/domains/modal/test/auto/Broadcast.xml (RunModel)" time="0.066" />
  <testcase classname="ptolemy.util.test.junit.AutoTests" name="[8] /home/travis/build/icyphy/ptII/ptolemy/domains/modal/test/auto/BroadcastHierarchy.xml (RunModel)" time="0.05" />
  <testcase classname="ptolemy.util.test.junit.AutoTests" name="[9] /home/travis/build/icyphy/ptII/ptolemy/domains/modal/test/auto/BroadcastHierarchy2.xml (RunModel)" time="0.129" />
  <testcase classname="ptolemy.util.test.junit.AutoTests" name="[10] /home/travis/build/icyphy/ptII/ptolemy/domains/modal/test/auto/BroadcastHierarchy3.xml (RunModel)" time="0.093" />
  <testcase classname="ptolemy.util.test.junit.AutoTests" name="[11] /home/travis/build/icyphy/ptII/ptolemy/domains/modal/test/auto/BroadcastHierarchy4.xml (RunModel)" time="0.086" />
  <testcase classname="ptolemy.util.test.junit.AutoTests" name="[12] /home/travis/build/icyphy/ptII/ptolemy/domains/modal/test/auto/CannotAnalysisWithPreemption2.xml (RunModel)" time="0.032" />
  <testcase classname="ptolemy.util.test.junit.AutoTests" name="[13] /home/travis/build/icyphy/ptII/ptolemy/domains/modal/test/auto/CannotAnalysisWithPreemption3.xml (RunModel)" time="0.037" />
  <testcase classname="ptolemy.util.test.junit.AutoTests" name="[14] /home/travis/build/icyphy/ptII/ptolemy/domains/modal/test/auto/CannotProduce.xml (RunModel)" time="0.055" />
  <testcase classname="ptolemy.util.test.junit.AutoTests" name="[15] /home/travis/build/icyphy/ptII/ptolemy/domains/modal/test/auto/CannotProduceModal.xml (RunModel)" time="0.042" />
  <testcase classname="ptolemy.util.test.junit.AutoTests" name="[16] /home/travis/build/icyphy/ptII/ptolemy/domains/modal/test/auto/Case.xml (RunModel)" time="0.063" />
  <testcase classname="ptolemy.util.test.junit.AutoTests" name="[17] /home/travis/build/icyphy/ptII/ptolemy/domains/modal/test/auto/Case1.xml (RunModel)" time="0.032" />
  <testcase classname="ptolemy.util.test.junit.AutoTests" name="[18] /home/travis/build/icyphy/ptII/ptolemy/domains/modal/test/auto/Case2.xml (RunModel)" time="0.055" />
  <testcase classname="ptolemy.util.test.junit.AutoTests" name="[19] /home/travis/build/icyphy/ptII/ptolemy/domains/modal/test/auto/CausalityInterface1.xml (RunModel)" time="0.021" />
  <testcase classname="ptolemy.util.test.junit.AutoTests" name="[20] /home/travis/build/icyphy/ptII/ptolemy/domains/modal/test/auto/CausalityInterface10.xml (RunModel)" time="0.049" />
  <testcase classname="ptolemy.util.test.junit.AutoTests" name="[21] /home/travis/build/icyphy/ptII/ptolemy/domains/modal/test/auto/CausalityInterface11.xml (RunModel)" time="0.06" />
  <testcase classname="ptolemy.util.test.junit.AutoTests" name="[22] /home/travis/build/icyphy/ptII/ptolemy/domains/modal/test/auto/CausalityInterface12.xml (RunModel)" time="0.041" />
  <testcase classname="ptolemy.util.test.junit.AutoTests" name="[23] /home/travis/build/icyphy/ptII/ptolemy/domains/modal/test/auto/CausalityInterface13.xml (RunModel)" time="0.053" />
  <testcase classname="ptolemy.util.test.junit.AutoTests" name="[24] /home/travis/build/icyphy/ptII/ptolemy/domains/modal/test/auto/CausalityInterface14.xml (RunModel)" time="0.064" />
  <testcase classname="ptolemy.util.test.junit.AutoTests" name="[25] /home/travis/build/icyphy/ptII/ptolemy/domains/modal/test/auto/CausalityInterface2.xml (RunModel)" time="0.038" />
  <testcase classname="ptolemy.util.test.junit.AutoTests" name="[26] /home/travis/build/icyphy/ptII/ptolemy/domains/modal/test/auto/CausalityInterface3.xml (RunModel)" time="0.024" />
  <testcase classname="ptolemy.util.test.junit.AutoTests" name="[27] /home/travis/build/icyphy/ptII/ptolemy/domains/modal/test/auto/CausalityInterface4.xml (RunModel)" time="0.025" />
  <testcase classname="ptolemy.util.test.junit.AutoTests" name="[28] /home/travis/build/icyphy/ptII/ptolemy/domains/modal/test/auto/CausalityInterface5.xml (RunModel)" time="0.032" />
  <testcase classname="ptolemy.util.test.junit.AutoTests" name="[29] /home/travis/build/icyphy/ptII/ptolemy/domains/modal/test/auto/CausalityInterface6.xml (RunModel)" time="0.041" />
  <testcase classname="ptolemy.util.test.junit.AutoTests" name="[30] /home/travis/build/icyphy/ptII/ptolemy/domains/modal/test/auto/CausalityInterface7.xml (RunModel)" time="0.071" />
  <testcase classname="ptolemy.util.test.junit.AutoTests" name="[31] /home/travis/build/icyphy/ptII/ptolemy/domains/modal/test/auto/CausalityInterface8.xml (RunModel)" time="0.034" />
  <testcase classname="ptolemy.util.test.junit.AutoTests" name="[32] /home/travis/build/icyphy/ptII/ptolemy/domains/modal/test/auto/CausalityInterface9.xml (RunModel)" time="0.036" />
  <testcase classname="ptolemy.util.test.junit.AutoTests" name="[33] /home/travis/build/icyphy/ptII/ptolemy/domains/modal/test/auto/ChainedTransitions.xml (RunModel)" time="0.186" />
  <testcase classname="ptolemy.util.test.junit.AutoTests" name="[34] /home/travis/build/icyphy/ptII/ptolemy/domains/modal/test/auto/CycleOfImmediateTransitionsFSM.xml (RunModel)" time="0.024" />
  <testcase classname="ptolemy.util.test.junit.AutoTests" name="[35] /home/travis/build/icyphy/ptII/ptolemy/domains/modal/test/auto/CycleOfImmediateTransitionsModal.xml (RunModel)" time="0.022" />
  <testcase classname="ptolemy.util.test.junit.AutoTests" name="[36] /home/travis/build/icyphy/ptII/ptolemy/domains/modal/test/auto/CycleOfImmediateTransitionsModal2.xml (RunModel)" time="0.035" />
  <testcase classname="ptolemy.util.test.junit.AutoTests" name="[37] /home/travis/build/icyphy/ptII/ptolemy/domains/modal/test/auto/CycleOfImmediateTransitionsModal3.xml (RunModel)" time="0.072" />
  <testcase classname="ptolemy.util.test.junit.AutoTests" name="[38] /home/travis/build/icyphy/ptII/ptolemy/domains/modal/test/auto/DeepModal1.xml (RunModel)" time="0.055" />
  <testcase classname="ptolemy.util.test.junit.AutoTests" name="[39] /home/travis/build/icyphy/ptII/ptolemy/domains/modal/test/auto/DeepModal2.xml (RunModel)" time="0.072" />
  <testcase classname="ptolemy.util.test.junit.AutoTests" name="[40] /home/travis/build/icyphy/ptII/ptolemy/domains/modal/test/auto/DeepModal3.xml (RunModel)" time="0.076" />
  <testcase classname="ptolemy.util.test.junit.AutoTests" name="[41] /home/travis/build/icyphy/ptII/ptolemy/domains/modal/test/auto/DeepModal4.xml (RunModel)" time="0.068" />
  <testcase classname="ptolemy.util.test.junit.AutoTests" name="[42] /home/travis/build/icyphy/ptII/ptolemy/domains/modal/test/auto/Default1.xml (RunModel)" time="0.023" />
  <testcase classname="ptolemy.util.test.junit.AutoTests" name="[43] /home/travis/build/icyphy/ptII/ptolemy/domains/modal/test/auto/Default2.xml (RunModel)" time="0.031" />
  <testcase classname="ptolemy.util.test.junit.AutoTests" name="[44] /home/travis/build/icyphy/ptII/ptolemy/domains/modal/test/auto/Default3.xml (RunModel)" time="0.032" />
  <testcase classname="ptolemy.util.test.junit.AutoTests" name="[45] /home/travis/build/icyphy/ptII/ptolemy/domains/modal/test/auto/Default4.xml (RunModel)" time="0.018" />
  <testcase classname="ptolemy.util.test.junit.AutoTests" name="[46] /home/travis/build/icyphy/ptII/ptolemy/domains/modal/test/auto/Default5.xml (RunModel)" time="0.028" />
  <testcase classname="ptolemy.util.test.junit.AutoTests" name="[47] /home/travis/build/icyphy/ptII/ptolemy/domains/modal/test/auto/EmptyGuard.xml (RunModel)" time="0.029" />
  <testcase classname="ptolemy.util.test.junit.AutoTests" name="[48] /home/travis/build/icyphy/ptII/ptolemy/domains/modal/test/auto/ErrorTransition1.xml (RunModel)" time="0.036" />
  <testcase classname="ptolemy.util.test.junit.AutoTests" name="[49] /home/travis/build/icyphy/ptII/ptolemy/domains/modal/test/auto/ErrorTransition10.xml (RunModel)" time="0.045" />
  <testcase classname="ptolemy.util.test.junit.AutoTests" name="[50] /home/travis/build/icyphy/ptII/ptolemy/domains/modal/test/auto/ErrorTransition11.xml (RunModel)" time="0.037" />
  <testcase classname="ptolemy.util.test.junit.AutoTests" name="[51] /home/travis/build/icyphy/ptII/ptolemy/domains/modal/test/auto/ErrorTransition2.xml (RunModel)" time="0.031" />
  <testcase classname="ptolemy.util.test.junit.AutoTests" name="[52] /home/travis/build/icyphy/ptII/ptolemy/domains/modal/test/auto/ErrorTransition3.xml (RunModel)" time="0.053" />
  <testcase classname="ptolemy.util.test.junit.AutoTests" name="[53] /home/travis/build/icyphy/ptII/ptolemy/domains/modal/test/auto/ErrorTransition4.xml (RunModel)" time="0.037" />
  <testcase classname="ptolemy.util.test.junit.AutoTests" name="[54] /home/travis/build/icyphy/ptII/ptolemy/domains/modal/test/auto/ErrorTransition5.xml (RunModel)" time="0.03" />
  <testcase classname="ptolemy.util.test.junit.AutoTests" name="[55] /home/travis/build/icyphy/ptII/ptolemy/domains/modal/test/auto/ErrorTransition6.xml (RunModel)" time="0.046" />
  <testcase classname="ptolemy.util.test.junit.AutoTests" name="[56] /home/travis/build/icyphy/ptII/ptolemy/domains/modal/test/auto/ErrorTransition7.xml (RunModel)" time="0.05" />
  <testcase classname="ptolemy.util.test.junit.AutoTests" name="[57] /home/travis/build/icyphy/ptII/ptolemy/domains/modal/test/auto/ErrorTransition8.xml (RunModel)" time="0.061" />
  <testcase classname="ptolemy.util.test.junit.AutoTests" name="[58] /home/travis/build/icyphy/ptII/ptolemy/domains/modal/test/auto/ErrorTransition9.xml (RunModel)" time="0.051" />
  <testcase classname="ptolemy.util.test.junit.AutoTests" name="[59] /home/travis/build/icyphy/ptII/ptolemy/domains/modal/test/auto/ExtendedFSM.xml (RunModel)" time="0.022" />
  <testcase classname="ptolemy.util.test.junit.AutoTests" name="[60] /home/travis/build/icyphy/ptII/ptolemy/domains/modal/test/auto/FinalStates.xml (RunModel)" time="0.025" />
  <testcase classname="ptolemy.util.test.junit.AutoTests" name="[61] /home/travis/build/icyphy/ptII/ptolemy/domains/modal/test/auto/FixedPointFSM.xml (RunModel)" time="0.042" />
  <testcase classname="ptolemy.util.test.junit.AutoTests" name="[62] /home/travis/build/icyphy/ptII/ptolemy/domains/modal/test/auto/FixedPointIterationFSMActor.xml (RunModel)" time="0.036" />
  <testcase classname="ptolemy.util.test.junit.AutoTests" name="[63] /home/travis/build/icyphy/ptII/ptolemy/domains/modal/test/auto/FixedPointIterationFSMActor2.xml (RunModel)" time="0.028" />
  <testcase classname="ptolemy.util.test.junit.AutoTests" name="[64] /home/travis/build/icyphy/ptII/ptolemy/domains/modal/test/auto/ForbiddenInstantanousLoop.xml (RunModel)" time="0.038" />
  <testcase classname="ptolemy.util.test.junit.AutoTests" name="[65] /home/travis/build/icyphy/ptII/ptolemy/domains/modal/test/auto/FunctionDependencyOfFSMActorTest.xml (RunModel)" time="0.031" />
  <testcase classname="ptolemy.util.test.junit.AutoTests" name="[66] /home/travis/build/icyphy/ptII/ptolemy/domains/modal/test/auto/GuardExpression.xml (RunModel)" time="0.017" />
  <testcase classname="ptolemy.util.test.junit.AutoTests" name="[67] /home/travis/build/icyphy/ptII/ptolemy/domains/modal/test/auto/GuardNotEvaluated.xml (RunModel)" time="0.03" />
  <testcase classname="ptolemy.util.test.junit.AutoTests" name="[68] /home/travis/build/icyphy/ptII/ptolemy/domains/modal/test/auto/GuardNotEvaluated2.xml (RunModel)" time="0.046" />
  <testcase classname="ptolemy.util.test.junit.AutoTests" name="[69] /home/travis/build/icyphy/ptII/ptolemy/domains/modal/test/auto/GuardOnAbsent.xml (RunModel)" time="0.023" />
  <testcase classname="ptolemy.util.test.junit.AutoTests" name="[70] /home/travis/build/icyphy/ptII/ptolemy/domains/modal/test/auto/HierarchicalFSMTypeInference.xml (RunModel)" time="0.028" />
  <testcase classname="ptolemy.util.test.junit.AutoTests" name="[71] /home/travis/build/icyphy/ptII/ptolemy/domains/modal/test/auto/Hysteresis.xml (RunModel)" time="0.042" />
  <testcase classname="ptolemy.util.test.junit.AutoTests" name="[72] /home/travis/build/icyphy/ptII/ptolemy/domains/modal/test/auto/HysteresisWithDefault.xml (RunModel)" time="0.071" />
  <testcase classname="ptolemy.util.test.junit.AutoTests" name="[73] /home/travis/build/icyphy/ptII/ptolemy/domains/modal/test/auto/HysteresisWithDefault2.xml (RunModel)" time="0.078" />
  <testcase classname="ptolemy.util.test.junit.AutoTests" name="[74] /home/travis/build/icyphy/ptII/ptolemy/domains/modal/test/auto/ImmediateNonConstructiveness.xml (RunModel)" time="0.017" />
  <testcase classname="ptolemy.util.test.junit.AutoTests" name="[75] /home/travis/build/icyphy/ptII/ptolemy/domains/modal/test/auto/ImmediateNonConstructiveness2.xml (RunModel)" time="0.018" />
  <testcase classname="ptolemy.util.test.junit.AutoTests" name="[76] /home/travis/build/icyphy/ptII/ptolemy/domains/modal/test/auto/ImmediateTransitionReset.xml (RunModel)" time="0.04" />
  <testcase classname="ptolemy.util.test.junit.AutoTests" name="[77] /home/travis/build/icyphy/ptII/ptolemy/domains/modal/test/auto/ImmediateTransitions1.xml (RunModel)" time="0.012" />
  <testcase classname="ptolemy.util.test.junit.AutoTests" name="[78] /home/travis/build/icyphy/ptII/ptolemy/domains/modal/test/auto/ImmediateTransitionsInstantaneousCommunication.xml (RunModel)" time="0.058" />
  <testcase classname="ptolemy.util.test.junit.AutoTests" name="[79] /home/travis/build/icyphy/ptII/ptolemy/domains/modal/test/auto/InitialImmediateTransition.xml (RunModel)" time="0.019" />
  <testcase classname="ptolemy.util.test.junit.AutoTests" name="[80] /home/travis/build/icyphy/ptII/ptolemy/domains/modal/test/auto/InitialOutputs.xml (RunModel)" time="0.015" />
  <testcase classname="ptolemy.util.test.junit.AutoTests" name="[81] /home/travis/build/icyphy/ptII/ptolemy/domains/modal/test/auto/InitialStateTransition1.xml (RunModel)" time="0.02" />
  <testcase classname="ptolemy.util.test.junit.AutoTests" name="[82] /home/travis/build/icyphy/ptII/ptolemy/domains/modal/test/auto/InitialStateTransition2.xml (RunModel)" time="0.021" />
  <testcase classname="ptolemy.util.test.junit.AutoTests" name="[83] /home/travis/build/icyphy/ptII/ptolemy/domains/modal/test/auto/InitialStateTransition3.xml (RunModel)" time="0.026" />
  <testcase classname="ptolemy.util.test.junit.AutoTests" name="[84] /home/travis/build/icyphy/ptII/ptolemy/domains/modal/test/auto/InitialStateTransition4.xml (RunModel)" time="0.025" />
  <testcase classname="ptolemy.util.test.junit.AutoTests" name="[85] /home/travis/build/icyphy/ptII/ptolemy/domains/modal/test/auto/MalformedGuardExpressionNotCaught.xml (RunModel)" time="0.026" />
  <testcase classname="ptolemy.util.test.junit.AutoTests" name="[86] /home/travis/build/icyphy/ptII/ptolemy/domains/modal/test/auto/ModalBSC.xml (RunModel)" time="0.104" />
  <testcase classname="ptolemy.util.test.junit.AutoTests" name="[87] /home/travis/build/icyphy/ptII/ptolemy/domains/modal/test/auto/ModalClocks.xml (RunModel)" time="0.08" />
  <testcase classname="ptolemy.util.test.junit.AutoTests" name="[88] /home/travis/build/icyphy/ptII/ptolemy/domains/modal/test/auto/ModalDelay.xml (RunModel)" time="0.049" />
  <testcase classname="ptolemy.util.test.junit.AutoTests" name="[89] /home/travis/build/icyphy/ptII/ptolemy/domains/modal/test/auto/ModalDelay2.xml (RunModel)" time="0.062" />
  <testcase classname="ptolemy.util.test.junit.AutoTests" name="[90] /home/travis/build/icyphy/ptII/ptolemy/domains/modal/test/auto/ModalModelFromMemo.xml (RunModel)" time="0.054" />
  <testcase classname="ptolemy.util.test.junit.AutoTests" name="[91] /home/travis/build/icyphy/ptII/ptolemy/domains/modal/test/auto/ModalModelWithMultirateTransient.xml (RunModel)" time="0.057" />
  <testcase classname="ptolemy.util.test.junit.AutoTests" name="[92] /home/travis/build/icyphy/ptII/ptolemy/domains/modal/test/auto/ModalModelWithReset.xml (RunModel)" time="0.055" />
  <testcase classname="ptolemy.util.test.junit.AutoTests" name="[93] /home/travis/build/icyphy/ptII/ptolemy/domains/modal/test/auto/MouseClickFSM.xml (RunModel)" time="0.045" />
  <testcase classname="ptolemy.util.test.junit.AutoTests" name="[94] /home/travis/build/icyphy/ptII/ptolemy/domains/modal/test/auto/MouseClickFSMModal.xml (RunModel)" time="0.056" />
  <testcase classname="ptolemy.util.test.junit.AutoTests" name="[95] /home/travis/build/icyphy/ptII/ptolemy/domains/modal/test/auto/NonStrictFSM_FeedbackLoop.xml (RunModel)" time="0.046" />
  <testcase classname="ptolemy.util.test.junit.AutoTests" name="[96] /home/travis/build/icyphy/ptII/ptolemy/domains/modal/test/auto/NonStrictFSM_FeedbackLoop_Refinement.xml (RunModel)" time="0.088" />
  <testcase classname="ptolemy.util.test.junit.AutoTests" name="[97] /home/travis/build/icyphy/ptII/ptolemy/domains/modal/test/auto/NonStrictFSM_FeedbackLoop_preemptive.xml (RunModel)" time="0.044" />
  <testcase classname="ptolemy.util.test.junit.AutoTests" name="[98] /home/travis/build/icyphy/ptII/ptolemy/domains/modal/test/auto/NormalTermination.xml (RunModel)" time="0.06" />
  <testcase classname="ptolemy.util.test.junit.AutoTests" name="[99] /home/travis/build/icyphy/ptII/ptolemy/domains/modal/test/auto/Pong.xml (RunModel)" time="0.096" />
  <testcase classname="ptolemy.util.test.junit.AutoTests" name="[100] /home/travis/build/icyphy/ptII/ptolemy/domains/modal/test/auto/Pong_test.xml (RunModel)" time="0.122" />
  <testcase classname="ptolemy.util.test.junit.AutoTests" name="[101] /home/travis/build/icyphy/ptII/ptolemy/domains/modal/test/auto/PreemptionHierarchy.xml (RunModel)" time="0.026" />
  <testcase classname="ptolemy.util.test.junit.AutoTests" name="[102] /home/travis/build/icyphy/ptII/ptolemy/domains/modal/test/auto/PreemptionHierarchy2.xml (RunModel)" time="0.03" />
  <testcase classname="ptolemy.util.test.junit.AutoTests" name="[103] /home/travis/build/icyphy/ptII/ptolemy/domains/modal/test/auto/PreemptiveTransition.xml (RunModel)" time="0.024" />
  <testcase classname="ptolemy.util.test.junit.AutoTests" name="[104] /home/travis/build/icyphy/ptII/ptolemy/domains/modal/test/auto/Priorities.xml (RunModel)" time="0.085" />
  <testcase classname="ptolemy.util.test.junit.AutoTests" name="[105] /home/travis/build/icyphy/ptII/ptolemy/domains/modal/test/auto/ResetFinal.xml (RunModel)" time="0.049" />
  <testcase classname="ptolemy.util.test.junit.AutoTests" name="[106] /home/travis/build/icyphy/ptII/ptolemy/domains/modal/test/auto/ResetFinal2.xml (RunModel)" time="0.029" />
  <testcase classname="ptolemy.util.test.junit.AutoTests" name="[107] /home/travis/build/icyphy/ptII/ptolemy/domains/modal/test/auto/ResetTransitionWithStartTime.xml (RunModel)" time="0.029" />
  <testcase classname="ptolemy.util.test.junit.AutoTests" name="[108] /home/travis/build/icyphy/ptII/ptolemy/domains/modal/test/auto/SDF-FSMComposite.xml (RunModel)" time="0.039" />
  <testcase classname="ptolemy.util.test.junit.AutoTests" name="[109] /home/travis/build/icyphy/ptII/ptolemy/domains/modal/test/auto/SeeminglyNondeterminate.xml (RunModel)" time="0.071" />
  <testcase classname="ptolemy.util.test.junit.AutoTests" name="[110] /home/travis/build/icyphy/ptII/ptolemy/domains/modal/test/auto/SeeminglyNondeterminate2.xml (RunModel)" time="0.07" />
  <testcase classname="ptolemy.util.test.junit.AutoTests" name="[111] /home/travis/build/icyphy/ptII/ptolemy/domains/modal/test/auto/SpontaneousFSM.xml (RunModel)" time="0.049" />
  <testcase classname="ptolemy.util.test.junit.AutoTests" name="[112] /home/travis/build/icyphy/ptII/ptolemy/domains/modal/test/auto/SpontaneousFSM2.xml (RunModel)" time="0.027" />
  <testcase classname="ptolemy.util.test.junit.AutoTests" name="[113] /home/travis/build/icyphy/ptII/ptolemy/domains/modal/test/auto/SpontaneousFSM3.xml (RunModel)" time="0.039" />
  <testcase classname="ptolemy.util.test.junit.AutoTests" name="[114] /home/travis/build/icyphy/ptII/ptolemy/domains/modal/test/auto/SpontaneousFSM4.xml (RunModel)" time="0.049" />
  <testcase classname="ptolemy.util.test.junit.AutoTests" name="[115] /home/travis/build/icyphy/ptII/ptolemy/domains/modal/test/auto/StateTrackerTest.xml (RunModel)" time="0.066" />
  <testcase classname="ptolemy.util.test.junit.AutoTests" name="[116] /home/travis/build/icyphy/ptII/ptolemy/domains/modal/test/auto/StrongImmediateTransition.xml (RunModel)" time="0.026" />
  <testcase classname="ptolemy.util.test.junit.AutoTests" name="[117] /home/travis/build/icyphy/ptII/ptolemy/domains/modal/test/auto/SustainHierarchy.xml (RunModel)" time="0.03" />
  <testcase classname="ptolemy.util.test.junit.AutoTests" name="[118] /home/travis/build/icyphy/ptII/ptolemy/domains/modal/test/auto/TerminationTransition1.xml (RunModel)" time="0.037" />
  <testcase classname="ptolemy.util.test.junit.AutoTests" name="[119] /home/travis/build/icyphy/ptII/ptolemy/domains/modal/test/auto/TerminationTransition2.xml (RunModel)" time="0.031" />
  <testcase classname="ptolemy.util.test.junit.AutoTests" name="[120] /home/travis/build/icyphy/ptII/ptolemy/domains/modal/test/auto/TerminationTransition3.xml (RunModel)" time="0.026" />
  <testcase classname="ptolemy.util.test.junit.AutoTests" name="[121] /home/travis/build/icyphy/ptII/ptolemy/domains/modal/test/auto/TerminationTransition4.xml (RunModel)" time="0.038" />
  <testcase classname="ptolemy.util.test.junit.AutoTests" name="[122] /home/travis/build/icyphy/ptII/ptolemy/domains/modal/test/auto/TerminationTransition5.xml (RunModel)" time="0.038" />
  <testcase classname="ptolemy.util.test.junit.AutoTests" name="[123] /home/travis/build/icyphy/ptII/ptolemy/domains/modal/test/auto/TerminationTransition6.xml (RunModel)" time="0.024" />
  <testcase classname="ptolemy.util.test.junit.AutoTests" name="[124] /home/travis/build/icyphy/ptII/ptolemy/domains/modal/test/auto/TerminationTransition7.xml (RunModel)" time="0.024" />
  <testcase classname="ptolemy.util.test.junit.AutoTests" name="[125] /home/travis/build/icyphy/ptII/ptolemy/domains/modal/test/auto/TerminationTransition8.xml (RunModel)" time="0.023" />
  <testcase classname="ptolemy.util.test.junit.AutoTests" name="[126] /home/travis/build/icyphy/ptII/ptolemy/domains/modal/test/auto/Thermostat_NoHysteresis.xml (RunModel)" time="0.084" />
  <testcase classname="ptolemy.util.test.junit.AutoTests" name="[127] /home/travis/build/icyphy/ptII/ptolemy/domains/modal/test/auto/TimedFSM.xml (RunModel)" time="0.031" />
  <testcase classname="ptolemy.util.test.junit.AutoTests" name="[128] /home/travis/build/icyphy/ptII/ptolemy/domains/modal/test/auto/Timeout1.xml (RunModel)" time="0.014" />
  <testcase classname="ptolemy.util.test.junit.AutoTests" name="[129] /home/travis/build/icyphy/ptII/ptolemy/domains/modal/test/auto/Timeout2.xml (RunModel)" time="0.021" />
  <testcase classname="ptolemy.util.test.junit.AutoTests" name="[130] /home/travis/build/icyphy/ptII/ptolemy/domains/modal/test/auto/Timeout3.xml (RunModel)" time="0.012" />
  <testcase classname="ptolemy.util.test.junit.AutoTests" name="[131] /home/travis/build/icyphy/ptII/ptolemy/domains/modal/test/auto/Timeout4.xml (RunModel)" time="0.012" />
  <testcase classname="ptolemy.util.test.junit.AutoTests" name="[132] /home/travis/build/icyphy/ptII/ptolemy/domains/modal/test/auto/TransientstateModelAdvanced.xml (RunModel)" time="0.026" />
  <testcase classname="ptolemy.util.test.junit.AutoTests" name="[133] /home/travis/build/icyphy/ptII/ptolemy/domains/modal/test/auto/TransientstateModelAdvanced2.xml (RunModel)" time="0.031" />
  <testcase classname="ptolemy.util.test.junit.AutoTests" name="[134] /home/travis/build/icyphy/ptII/ptolemy/domains/modal/test/auto/TransitionRefinements.xml (RunModel)" time="0.034" />
  <testcase classname="ptolemy.util.test.junit.AutoTests" name="[135] /home/travis/build/icyphy/ptII/ptolemy/domains/modal/test/auto/TwoRefinements1.xml (RunModel)" time="0.024" />
  <testcase classname="ptolemy.util.test.junit.AutoTests" name="[136] /home/travis/build/icyphy/ptII/ptolemy/domains/modal/test/auto/TwoRefinements2.xml (RunModel)" time="0.025" />
  <testcase classname="ptolemy.util.test.junit.AutoTests" name="[137] /home/travis/build/icyphy/ptII/ptolemy/domains/modal/test/auto/WeakImmediateTransition.xml (RunModel)" time="0.021" />
  <testcase classname="ptolemy.util.test.junit.AutoTests" name="[138] /home/travis/build/icyphy/ptII/ptolemy/domains/modal/test/auto/booleanSelect.xml (RunModel)" time="0.078" />
  <testcase classname="ptolemy.util.test.junit.AutoTests" name="[139] /home/travis/build/icyphy/ptII/ptolemy/domains/modal/test/auto/modalChangingParams.xml (RunModel)" time="0.312" />
  <testcase classname="ptolemy.util.test.junit.AutoTests" name="[140] /home/travis/build/icyphy/ptII/ptolemy/domains/modal/test/auto/modalModel.xml (RunModel)" time="0.026" />
  <testcase classname="ptolemy.util.test.junit.AutoTests" name="[141] /home/travis/build/icyphy/ptII/ptolemy/domains/modal/test/auto/modalModel2.xml (RunModel)" time="0.029" />
  <testcase classname="ptolemy.util.test.junit.AutoTests" name="[142] /home/travis/build/icyphy/ptII/ptolemy/domains/modal/test/auto/modalModel3.xml (RunModel)" time="0.043" />
  <testcase classname="ptolemy.util.test.junit.AutoTests" name="[143] /home/travis/build/icyphy/ptII/ptolemy/domains/modal/test/auto/model1.xml (RunModel)" time="0.02" />
  <testcase classname="ptolemy.util.test.junit.AutoTests" name="[144] /home/travis/build/icyphy/ptII/ptolemy/domains/modal/test/auto/test-direct-in-out.xml (RunModel)" time="0.025" />
  <system-out><![CDATA[/home/travis/build/icyphy/ptII/ptolemy/domains/modal/test/SystemLevelType.tcl
testDefs.tcl: setting time out to 9000 seconds at Wed Apr 01 13:44:20 UTC 2020
04/01/20 01:44:22
Failed: 0  Total Tests: 1  ((Passed: 1, Newly Passed: 0)  Known Failed: 0) /home/travis/build/icyphy/ptII/ptolemy/domains/modal/test
----------------- testing (KnownFailure) /home/travis/build/icyphy/ptII/ptolemy/domains/modal/test/auto/knownFailedTests/CannotAnalysisWithPreemption.xml
109 ms. Memory: 129024K Free: 90524K (70%)
Known Failure: java.lang.reflect.InvocationTargetException
No auto/linux-amd64/*.xml tests in /home/travis/build/icyphy/ptII/ptolemy/domains/modal/test
AutoTests.java: About to close Vertx.
AutoTests.java: Vertx closed.

===========================================================================================
----------------- testing Wed Apr 01 13:44:23 UTC 2020 /home/travis/build/icyphy/ptII/ptolemy/domains/modal/test/auto/ABPTest.xml
----------------- Instantiating /home/travis/build/icyphy/ptII/ptolemy/domains/modal/test/auto/ABPTest.xml
287 ms. Memory: 158720K Free: 113293K (71%)
----------------- Invoking toplevel() on ptolemy.moml.MoMLSimpleApplication@3ac35247
----------------- Done invoking toplevel() on ptolemy.moml.MoMLSimpleApplication@3ac35247
reloadAllAccessors: .ABPTest

===========================================================================================
----------------- testing Wed Apr 01 13:44:23 UTC 2020 /home/travis/build/icyphy/ptII/ptolemy/domains/modal/test/auto/ABROFlat.xml
----------------- Instantiating /home/travis/build/icyphy/ptII/ptolemy/domains/modal/test/auto/ABROFlat.xml
31 ms. Memory: 158720K Free: 97389K (61%)
----------------- Invoking toplevel() on ptolemy.moml.MoMLSimpleApplication@79a5a3ce
----------------- Done invoking toplevel() on ptolemy.moml.MoMLSimpleApplication@79a5a3ce
reloadAllAccessors: .ABROFlat

===========================================================================================
----------------- testing Wed Apr 01 13:44:23 UTC 2020 /home/travis/build/icyphy/ptII/ptolemy/domains/modal/test/auto/ABROFlat2.xml
----------------- Instantiating /home/travis/build/icyphy/ptII/ptolemy/domains/modal/test/auto/ABROFlat2.xml
27 ms. Memory: 158720K Free: 80525K (51%)
----------------- Invoking toplevel() on ptolemy.moml.MoMLSimpleApplication@31f37ccf
----------------- Done invoking toplevel() on ptolemy.moml.MoMLSimpleApplication@31f37ccf
reloadAllAccessors: .ABROFlat2

===========================================================================================
----------------- testing Wed Apr 01 13:44:24 UTC 2020 /home/travis/build/icyphy/ptII/ptolemy/domains/modal/test/auto/ABRO_present_hmm.xml
----------------- Instantiating /home/travis/build/icyphy/ptII/ptolemy/domains/modal/test/auto/ABRO_present_hmm.xml
40 ms. Memory: 158720K Free: 136453K (86%)
----------------- Invoking toplevel() on ptolemy.moml.MoMLSimpleApplication@20aaa433
----------------- Done invoking toplevel() on ptolemy.moml.MoMLSimpleApplication@20aaa433
reloadAllAccessors: .ABRO_present_hmm

===========================================================================================
----------------- testing Wed Apr 01 13:44:24 UTC 2020 /home/travis/build/icyphy/ptII/ptolemy/domains/modal/test/auto/AMICoderExample.xml
----------------- Instantiating /home/travis/build/icyphy/ptII/ptolemy/domains/modal/test/auto/AMICoderExample.xml
52 ms. Memory: 158720K Free: 125722K (79%)
----------------- Invoking toplevel() on ptolemy.moml.MoMLSimpleApplication@573e2ce
----------------- Done invoking toplevel() on ptolemy.moml.MoMLSimpleApplication@573e2ce
reloadAllAccessors: .AMICoderExample

===========================================================================================
----------------- testing Wed Apr 01 13:44:24 UTC 2020 /home/travis/build/icyphy/ptII/ptolemy/domains/modal/test/auto/AbsentToPresent.xml
----------------- Instantiating /home/travis/build/icyphy/ptII/ptolemy/domains/modal/test/auto/AbsentToPresent.xml
7 ms. Memory: 158720K Free: 121175K (76%)
----------------- Invoking toplevel() on ptolemy.moml.MoMLSimpleApplication@758d45b0
----------------- Done invoking toplevel() on ptolemy.moml.MoMLSimpleApplication@758d45b0
reloadAllAccessors: .AbsentToPresent

===========================================================================================
----------------- testing Wed Apr 01 13:44:24 UTC 2020 /home/travis/build/icyphy/ptII/ptolemy/domains/modal/test/auto/Blending.xml
----------------- Instantiating /home/travis/build/icyphy/ptII/ptolemy/domains/modal/test/auto/Blending.xml
169 ms. Memory: 158720K Free: 76111K (48%)
----------------- Invoking toplevel() on ptolemy.moml.MoMLSimpleApplication@7f119ac0
----------------- Done invoking toplevel() on ptolemy.moml.MoMLSimpleApplication@7f119ac0
reloadAllAccessors: .Blending

===========================================================================================
----------------- testing Wed Apr 01 13:44:24 UTC 2020 /home/travis/build/icyphy/ptII/ptolemy/domains/modal/test/auto/Broadcast.xml
----------------- Instantiating /home/travis/build/icyphy/ptII/ptolemy/domains/modal/test/auto/Broadcast.xml
12 ms. Memory: 158720K Free: 66354K (42%)
----------------- Invoking toplevel() on ptolemy.moml.MoMLSimpleApplication@3e655229
----------------- Done invoking toplevel() on ptolemy.moml.MoMLSimpleApplication@3e655229
reloadAllAccessors: .Broadcast

===========================================================================================
----------------- testing Wed Apr 01 13:44:24 UTC 2020 /home/travis/build/icyphy/ptII/ptolemy/domains/modal/test/auto/BroadcastHierarchy.xml
----------------- Instantiating /home/travis/build/icyphy/ptII/ptolemy/domains/modal/test/auto/BroadcastHierarchy.xml
8 ms. Memory: 158720K Free: 52605K (33%)
----------------- Invoking toplevel() on ptolemy.moml.MoMLSimpleApplication@14cc6ed9
----------------- Done invoking toplevel() on ptolemy.moml.MoMLSimpleApplication@14cc6ed9
reloadAllAccessors: .BroadcastHierarchy

===========================================================================================
----------------- testing Wed Apr 01 13:44:24 UTC 2020 /home/travis/build/icyphy/ptII/ptolemy/domains/modal/test/auto/BroadcastHierarchy2.xml
----------------- Instantiating /home/travis/build/icyphy/ptII/ptolemy/domains/modal/test/auto/BroadcastHierarchy2.xml
32 ms. Memory: 158720K Free: 115492K (73%)
----------------- Invoking toplevel() on ptolemy.moml.MoMLSimpleApplication@2bb374a5
----------------- Done invoking toplevel() on ptolemy.moml.MoMLSimpleApplication@2bb374a5
reloadAllAccessors: .BroadcastHierarchy2

===========================================================================================
----------------- testing Wed Apr 01 13:44:24 UTC 2020 /home/travis/build/icyphy/ptII/ptolemy/domains/modal/test/auto/BroadcastHierarchy3.xml
----------------- Instantiating /home/travis/build/icyphy/ptII/ptolemy/domains/modal/test/auto/BroadcastHierarchy3.xml
26 ms. Memory: 158720K Free: 95540K (60%)
----------------- Invoking toplevel() on ptolemy.moml.MoMLSimpleApplication@7d8a863b
----------------- Done invoking toplevel() on ptolemy.moml.MoMLSimpleApplication@7d8a863b
reloadAllAccessors: .BroadcastHierarchy3

===========================================================================================
----------------- testing Wed Apr 01 13:44:24 UTC 2020 /home/travis/build/icyphy/ptII/ptolemy/domains/modal/test/auto/BroadcastHierarchy4.xml
----------------- Instantiating /home/travis/build/icyphy/ptII/ptolemy/domains/modal/test/auto/BroadcastHierarchy4.xml
19 ms. Memory: 158720K Free: 70964K (45%)
----------------- Invoking toplevel() on ptolemy.moml.MoMLSimpleApplication@1fc0c521
----------------- Done invoking toplevel() on ptolemy.moml.MoMLSimpleApplication@1fc0c521
reloadAllAccessors: .BroadcastHierarchy4

===========================================================================================
----------------- testing Wed Apr 01 13:44:25 UTC 2020 /home/travis/build/icyphy/ptII/ptolemy/domains/modal/test/auto/CannotAnalysisWithPreemption2.xml
----------------- Instantiating /home/travis/build/icyphy/ptII/ptolemy/domains/modal/test/auto/CannotAnalysisWithPreemption2.xml
4 ms. Memory: 158720K Free: 63796K (40%)
----------------- Invoking toplevel() on ptolemy.moml.MoMLSimpleApplication@5614676c
----------------- Done invoking toplevel() on ptolemy.moml.MoMLSimpleApplication@5614676c
reloadAllAccessors: .CannotAnalysisWithPreemption2

===========================================================================================
----------------- testing Wed Apr 01 13:44:25 UTC 2020 /home/travis/build/icyphy/ptII/ptolemy/domains/modal/test/auto/CannotAnalysisWithPreemption3.xml
----------------- Instantiating /home/travis/build/icyphy/ptII/ptolemy/domains/modal/test/auto/CannotAnalysisWithPreemption3.xml
6 ms. Memory: 158720K Free: 53556K (34%)
----------------- Invoking toplevel() on ptolemy.moml.MoMLSimpleApplication@44fe86a0
----------------- Done invoking toplevel() on ptolemy.moml.MoMLSimpleApplication@44fe86a0
reloadAllAccessors: .CannotAnalysisWithPreemption3

===========================================================================================
----------------- testing Wed Apr 01 13:44:25 UTC 2020 /home/travis/build/icyphy/ptII/ptolemy/domains/modal/test/auto/CannotProduce.xml
----------------- Instantiating /home/travis/build/icyphy/ptII/ptolemy/domains/modal/test/auto/CannotProduce.xml
19 ms. Memory: 190464K Free: 169772K (89%)
----------------- Invoking toplevel() on ptolemy.moml.MoMLSimpleApplication@59845b4
----------------- Done invoking toplevel() on ptolemy.moml.MoMLSimpleApplication@59845b4
reloadAllAccessors: .CannotProduce

===========================================================================================
----------------- testing Wed Apr 01 13:44:25 UTC 2020 /home/travis/build/icyphy/ptII/ptolemy/domains/modal/test/auto/CannotProduceModal.xml
----------------- Instantiating /home/travis/build/icyphy/ptII/ptolemy/domains/modal/test/auto/CannotProduceModal.xml
12 ms. Memory: 190464K Free: 163114K (86%)
----------------- Invoking toplevel() on ptolemy.moml.MoMLSimpleApplication@154983ea
----------------- Done invoking toplevel() on ptolemy.moml.MoMLSimpleApplication@154983ea
reloadAllAccessors: .CannotProduceModal

===========================================================================================
----------------- testing Wed Apr 01 13:44:25 UTC 2020 /home/travis/build/icyphy/ptII/ptolemy/domains/modal/test/auto/Case.xml
----------------- Instantiating /home/travis/build/icyphy/ptII/ptolemy/domains/modal/test/auto/Case.xml
19 ms. Memory: 190464K Free: 151340K (79%)
----------------- Invoking toplevel() on ptolemy.moml.MoMLSimpleApplication@412f0544
----------------- Done invoking toplevel() on ptolemy.moml.MoMLSimpleApplication@412f0544
reloadAllAccessors: .Case

===========================================================================================
----------------- testing Wed Apr 01 13:44:25 UTC 2020 /home/travis/build/icyphy/ptII/ptolemy/domains/modal/test/auto/Case1.xml
----------------- Instantiating /home/travis/build/icyphy/ptII/ptolemy/domains/modal/test/auto/Case1.xml
9 ms. Memory: 190464K Free: 143658K (75%)
----------------- Invoking toplevel() on ptolemy.moml.MoMLSimpleApplication@1521fc8f
----------------- Done invoking toplevel() on ptolemy.moml.MoMLSimpleApplication@1521fc8f
reloadAllAccessors: .Case1

===========================================================================================
----------------- testing Wed Apr 01 13:44:25 UTC 2020 /home/travis/build/icyphy/ptII/ptolemy/domains/modal/test/auto/Case2.xml
----------------- Instantiating /home/travis/build/icyphy/ptII/ptolemy/domains/modal/test/auto/Case2.xml
26 ms. Memory: 190464K Free: 132908K (70%)
----------------- Invoking toplevel() on ptolemy.moml.MoMLSimpleApplication@68acf1b3
----------------- Done invoking toplevel() on ptolemy.moml.MoMLSimpleApplication@68acf1b3
reloadAllAccessors: .Case2

===========================================================================================
----------------- testing Wed Apr 01 13:44:25 UTC 2020 /home/travis/build/icyphy/ptII/ptolemy/domains/modal/test/auto/CausalityInterface1.xml
----------------- Instantiating /home/travis/build/icyphy/ptII/ptolemy/domains/modal/test/auto/CausalityInterface1.xml
4 ms. Memory: 190464K Free: 127788K (67%)
----------------- Invoking toplevel() on ptolemy.moml.MoMLSimpleApplication@35384722
----------------- Done invoking toplevel() on ptolemy.moml.MoMLSimpleApplication@35384722
reloadAllAccessors: .CausalityInterface1

===========================================================================================
----------------- testing Wed Apr 01 13:44:25 UTC 2020 /home/travis/build/icyphy/ptII/ptolemy/domains/modal/test/auto/CausalityInterface10.xml
----------------- Instantiating /home/travis/build/icyphy/ptII/ptolemy/domains/modal/test/auto/CausalityInterface10.xml
7 ms. Memory: 190464K Free: 114476K (60%)
----------------- Invoking toplevel() on ptolemy.moml.MoMLSimpleApplication@5451f6a5
----------------- Done invoking toplevel() on ptolemy.moml.MoMLSimpleApplication@5451f6a5
reloadAllAccessors: .CausalityInterface10

===========================================================================================
----------------- testing Wed Apr 01 13:44:25 UTC 2020 /home/travis/build/icyphy/ptII/ptolemy/domains/modal/test/auto/CausalityInterface11.xml
----------------- Instantiating /home/travis/build/icyphy/ptII/ptolemy/domains/modal/test/auto/CausalityInterface11.xml
9 ms. Memory: 190464K Free: 101164K (53%)
----------------- Invoking toplevel() on ptolemy.moml.MoMLSimpleApplication@7aaadb44
----------------- Done invoking toplevel() on ptolemy.moml.MoMLSimpleApplication@7aaadb44
reloadAllAccessors: .CausalityInterface11

===========================================================================================
----------------- testing Wed Apr 01 13:44:25 UTC 2020 /home/travis/build/icyphy/ptII/ptolemy/domains/modal/test/auto/CausalityInterface12.xml
----------------- Instantiating /home/travis/build/icyphy/ptII/ptolemy/domains/modal/test/auto/CausalityInterface12.xml
8 ms. Memory: 190464K Free: 87852K (46%)
----------------- Invoking toplevel() on ptolemy.moml.MoMLSimpleApplication@4c5fd812
----------------- Done invoking toplevel() on ptolemy.moml.MoMLSimpleApplication@4c5fd812
reloadAllAccessors: .CausalityInterface12

===========================================================================================
----------------- testing Wed Apr 01 13:44:25 UTC 2020 /home/travis/build/icyphy/ptII/ptolemy/domains/modal/test/auto/CausalityInterface13.xml
----------------- Instantiating /home/travis/build/icyphy/ptII/ptolemy/domains/modal/test/auto/CausalityInterface13.xml
12 ms. Memory: 190464K Free: 74012K (39%)
----------------- Invoking toplevel() on ptolemy.moml.MoMLSimpleApplication@4e82a566
----------------- Done invoking toplevel() on ptolemy.moml.MoMLSimpleApplication@4e82a566
reloadAllAccessors: .CausalityInterface13

===========================================================================================
----------------- testing Wed Apr 01 13:44:25 UTC 2020 /home/travis/build/icyphy/ptII/ptolemy/domains/modal/test/auto/CausalityInterface14.xml
----------------- Instantiating /home/travis/build/icyphy/ptII/ptolemy/domains/modal/test/auto/CausalityInterface14.xml
9 ms. Memory: 190464K Free: 168197K (88%)
----------------- Invoking toplevel() on ptolemy.moml.MoMLSimpleApplication@17c03ec1
----------------- Done invoking toplevel() on ptolemy.moml.MoMLSimpleApplication@17c03ec1
reloadAllAccessors: .CausalityInterface14

===========================================================================================
----------------- testing Wed Apr 01 13:44:25 UTC 2020 /home/travis/build/icyphy/ptII/ptolemy/domains/modal/test/auto/CausalityInterface2.xml
----------------- Instantiating /home/travis/build/icyphy/ptII/ptolemy/domains/modal/test/auto/CausalityInterface2.xml
14 ms. Memory: 190464K Free: 161524K (85%)
----------------- Invoking toplevel() on ptolemy.moml.MoMLSimpleApplication@1a5266b1
----------------- Done invoking toplevel() on ptolemy.moml.MoMLSimpleApplication@1a5266b1
reloadAllAccessors: .CausalityInterface2

===========================================================================================
----------------- testing Wed Apr 01 13:44:25 UTC 2020 /home/travis/build/icyphy/ptII/ptolemy/domains/modal/test/auto/CausalityInterface3.xml
----------------- Instantiating /home/travis/build/icyphy/ptII/ptolemy/domains/modal/test/auto/CausalityInterface3.xml
5 ms. Memory: 190464K Free: 155388K (82%)
----------------- Invoking toplevel() on ptolemy.moml.MoMLSimpleApplication@4f42c9d3
----------------- Done invoking toplevel() on ptolemy.moml.MoMLSimpleApplication@4f42c9d3
reloadAllAccessors: .CausalityInterface3

===========================================================================================
----------------- testing Wed Apr 01 13:44:25 UTC 2020 /home/travis/build/icyphy/ptII/ptolemy/domains/modal/test/auto/CausalityInterface4.xml
----------------- Instantiating /home/travis/build/icyphy/ptII/ptolemy/domains/modal/test/auto/CausalityInterface4.xml
3 ms. Memory: 190464K Free: 148741K (78%)
----------------- Invoking toplevel() on ptolemy.moml.MoMLSimpleApplication@68fbbae6
----------------- Done invoking toplevel() on ptolemy.moml.MoMLSimpleApplication@68fbbae6
reloadAllAccessors: .CausalityInterface4

===========================================================================================
----------------- testing Wed Apr 01 13:44:25 UTC 2020 /home/travis/build/icyphy/ptII/ptolemy/domains/modal/test/auto/CausalityInterface5.xml
----------------- Instantiating /home/travis/build/icyphy/ptII/ptolemy/domains/modal/test/auto/CausalityInterface5.xml
5 ms. Memory: 190464K Free: 140549K (74%)
----------------- Invoking toplevel() on ptolemy.moml.MoMLSimpleApplication@2a6d6378
----------------- Done invoking toplevel() on ptolemy.moml.MoMLSimpleApplication@2a6d6378
reloadAllAccessors: .CausalityInterface5

===========================================================================================
----------------- testing Wed Apr 01 13:44:25 UTC 2020 /home/travis/build/icyphy/ptII/ptolemy/domains/modal/test/auto/CausalityInterface6.xml
----------------- Instantiating /home/travis/build/icyphy/ptII/ptolemy/domains/modal/test/auto/CausalityInterface6.xml
6 ms. Memory: 190464K Free: 131828K (69%)
----------------- Invoking toplevel() on ptolemy.moml.MoMLSimpleApplication@366293c6
----------------- Done invoking toplevel() on ptolemy.moml.MoMLSimpleApplication@366293c6
reloadAllAccessors: .CausalityInterface6

===========================================================================================
----------------- testing Wed Apr 01 13:44:25 UTC 2020 /home/travis/build/icyphy/ptII/ptolemy/domains/modal/test/auto/CausalityInterface7.xml
----------------- Instantiating /home/travis/build/icyphy/ptII/ptolemy/domains/modal/test/auto/CausalityInterface7.xml
15 ms. Memory: 190464K Free: 123620K (65%)
----------------- Invoking toplevel() on ptolemy.moml.MoMLSimpleApplication@32581f94
----------------- Done invoking toplevel() on ptolemy.moml.MoMLSimpleApplication@32581f94
reloadAllAccessors: .CausalityInterface7

===========================================================================================
----------------- testing Wed Apr 01 13:44:25 UTC 2020 /home/travis/build/icyphy/ptII/ptolemy/domains/modal/test/auto/CausalityInterface8.xml
----------------- Instantiating /home/travis/build/icyphy/ptII/ptolemy/domains/modal/test/auto/CausalityInterface8.xml
5 ms. Memory: 190464K Free: 114949K (60%)
----------------- Invoking toplevel() on ptolemy.moml.MoMLSimpleApplication@264c41d1
----------------- Done invoking toplevel() on ptolemy.moml.MoMLSimpleApplication@264c41d1
reloadAllAccessors: .CausalityInterface8

===========================================================================================
----------------- testing Wed Apr 01 13:44:25 UTC 2020 /home/travis/build/icyphy/ptII/ptolemy/domains/modal/test/auto/CausalityInterface9.xml
----------------- Instantiating /home/travis/build/icyphy/ptII/ptolemy/domains/modal/test/auto/CausalityInterface9.xml
6 ms. Memory: 190464K Free: 105733K (56%)
----------------- Invoking toplevel() on ptolemy.moml.MoMLSimpleApplication@c9e105
----------------- Done invoking toplevel() on ptolemy.moml.MoMLSimpleApplication@c9e105
reloadAllAccessors: .CausalityInterface9

===========================================================================================
----------------- testing Wed Apr 01 13:44:25 UTC 2020 /home/travis/build/icyphy/ptII/ptolemy/domains/modal/test/auto/ChainedTransitions.xml
----------------- Instantiating /home/travis/build/icyphy/ptII/ptolemy/domains/modal/test/auto/ChainedTransitions.xml
119 ms. Memory: 190464K Free: 81157K (43%)
----------------- Invoking toplevel() on ptolemy.moml.MoMLSimpleApplication@3089969e
----------------- Done invoking toplevel() on ptolemy.moml.MoMLSimpleApplication@3089969e
reloadAllAccessors: .ChainedTransitions

===========================================================================================
----------------- testing Wed Apr 01 13:44:26 UTC 2020 /home/travis/build/icyphy/ptII/ptolemy/domains/modal/test/auto/CycleOfImmediateTransitionsFSM.xml
----------------- Instantiating /home/travis/build/icyphy/ptII/ptolemy/domains/modal/test/auto/CycleOfImmediateTransitionsFSM.xml
4 ms. Memory: 190464K Free: 75523K (40%)
----------------- Invoking toplevel() on ptolemy.moml.MoMLSimpleApplication@4f1c1869
----------------- Done invoking toplevel() on ptolemy.moml.MoMLSimpleApplication@4f1c1869
reloadAllAccessors: .CycleOfImmediateTransitionsFSM

===========================================================================================
----------------- testing Wed Apr 01 13:44:26 UTC 2020 /home/travis/build/icyphy/ptII/ptolemy/domains/modal/test/auto/CycleOfImmediateTransitionsModal.xml
----------------- Instantiating /home/travis/build/icyphy/ptII/ptolemy/domains/modal/test/auto/CycleOfImmediateTransitionsModal.xml
4 ms. Memory: 190464K Free: 69379K (36%)
----------------- Invoking toplevel() on ptolemy.moml.MoMLSimpleApplication@bf6df03
----------------- Done invoking toplevel() on ptolemy.moml.MoMLSimpleApplication@bf6df03
reloadAllAccessors: .CycleOfImmediateTransitionsModal

===========================================================================================
----------------- testing Wed Apr 01 13:44:26 UTC 2020 /home/travis/build/icyphy/ptII/ptolemy/domains/modal/test/auto/CycleOfImmediateTransitionsModal2.xml
----------------- Instantiating /home/travis/build/icyphy/ptII/ptolemy/domains/modal/test/auto/CycleOfImmediateTransitionsModal2.xml
10 ms. Memory: 190464K Free: 62725K (33%)
----------------- Invoking toplevel() on ptolemy.moml.MoMLSimpleApplication@7c202c4f
----------------- Done invoking toplevel() on ptolemy.moml.MoMLSimpleApplication@7c202c4f
reloadAllAccessors: .CycleOfImmediateTransitionsModal2

===========================================================================================
----------------- testing Wed Apr 01 13:44:26 UTC 2020 /home/travis/build/icyphy/ptII/ptolemy/domains/modal/test/auto/CycleOfImmediateTransitionsModal3.xml
----------------- Instantiating /home/travis/build/icyphy/ptII/ptolemy/domains/modal/test/auto/CycleOfImmediateTransitionsModal3.xml
11 ms. Memory: 190464K Free: 148828K (78%)
----------------- Invoking toplevel() on ptolemy.moml.MoMLSimpleApplication@47032c14
----------------- Done invoking toplevel() on ptolemy.moml.MoMLSimpleApplication@47032c14
reloadAllAccessors: .CycleOfImmediateTransitionsModal3

===========================================================================================
----------------- testing Wed Apr 01 13:44:26 UTC 2020 /home/travis/build/icyphy/ptII/ptolemy/domains/modal/test/auto/DeepModal1.xml
----------------- Instantiating /home/travis/build/icyphy/ptII/ptolemy/domains/modal/test/auto/DeepModal1.xml
27 ms. Memory: 190464K Free: 134972K (71%)
----------------- Invoking toplevel() on ptolemy.moml.MoMLSimpleApplication@6262c3a2
----------------- Done invoking toplevel() on ptolemy.moml.MoMLSimpleApplication@6262c3a2
reloadAllAccessors: .DeepModal1

===========================================================================================
----------------- testing Wed Apr 01 13:44:26 UTC 2020 /home/travis/build/icyphy/ptII/ptolemy/domains/modal/test/auto/DeepModal2.xml
----------------- Instantiating /home/travis/build/icyphy/ptII/ptolemy/domains/modal/test/auto/DeepModal2.xml
26 ms. Memory: 190464K Free: 116570K (61%)
----------------- Invoking toplevel() on ptolemy.moml.MoMLSimpleApplication@3c7c41a1
----------------- Done invoking toplevel() on ptolemy.moml.MoMLSimpleApplication@3c7c41a1
reloadAllAccessors: .DeepModal2

===========================================================================================
----------------- testing Wed Apr 01 13:44:26 UTC 2020 /home/travis/build/icyphy/ptII/ptolemy/domains/modal/test/auto/DeepModal3.xml
----------------- Instantiating /home/travis/build/icyphy/ptII/ptolemy/domains/modal/test/auto/DeepModal3.xml
35 ms. Memory: 190464K Free: 97100K (51%)
----------------- Invoking toplevel() on ptolemy.moml.MoMLSimpleApplication@4da0f566
----------------- Done invoking toplevel() on ptolemy.moml.MoMLSimpleApplication@4da0f566
reloadAllAccessors: .DeepModal3

===========================================================================================
----------------- testing Wed Apr 01 13:44:26 UTC 2020 /home/travis/build/icyphy/ptII/ptolemy/domains/modal/test/auto/DeepModal4.xml
----------------- Instantiating /home/travis/build/icyphy/ptII/ptolemy/domains/modal/test/auto/DeepModal4.xml
32 ms. Memory: 190464K Free: 77658K (41%)
----------------- Invoking toplevel() on ptolemy.moml.MoMLSimpleApplication@1fa8132c
----------------- Done invoking toplevel() on ptolemy.moml.MoMLSimpleApplication@1fa8132c
reloadAllAccessors: .DeepModal4

===========================================================================================
----------------- testing Wed Apr 01 13:44:26 UTC 2020 /home/travis/build/icyphy/ptII/ptolemy/domains/modal/test/auto/Default1.xml
----------------- Instantiating /home/travis/build/icyphy/ptII/ptolemy/domains/modal/test/auto/Default1.xml
2 ms. Memory: 190464K Free: 71514K (38%)
----------------- Invoking toplevel() on ptolemy.moml.MoMLSimpleApplication@334ed011
----------------- Done invoking toplevel() on ptolemy.moml.MoMLSimpleApplication@334ed011
reloadAllAccessors: .Default1

===========================================================================================
----------------- testing Wed Apr 01 13:44:26 UTC 2020 /home/travis/build/icyphy/ptII/ptolemy/domains/modal/test/auto/Default2.xml
----------------- Instantiating /home/travis/build/icyphy/ptII/ptolemy/domains/modal/test/auto/Default2.xml
9 ms. Memory: 190464K Free: 65884K (35%)
----------------- Invoking toplevel() on ptolemy.moml.MoMLSimpleApplication@6240f499
----------------- Done invoking toplevel() on ptolemy.moml.MoMLSimpleApplication@6240f499
reloadAllAccessors: .Default2

===========================================================================================
----------------- testing Wed Apr 01 13:44:26 UTC 2020 /home/travis/build/icyphy/ptII/ptolemy/domains/modal/test/auto/Default3.xml
----------------- Instantiating /home/travis/build/icyphy/ptII/ptolemy/domains/modal/test/auto/Default3.xml
6 ms. Memory: 190464K Free: 168486K (88%)
----------------- Invoking toplevel() on ptolemy.moml.MoMLSimpleApplication@54be73db
----------------- Done invoking toplevel() on ptolemy.moml.MoMLSimpleApplication@54be73db
reloadAllAccessors: .Default3

===========================================================================================
----------------- testing Wed Apr 01 13:44:26 UTC 2020 /home/travis/build/icyphy/ptII/ptolemy/domains/modal/test/auto/Default4.xml
----------------- Instantiating /home/travis/build/icyphy/ptII/ptolemy/domains/modal/test/auto/Default4.xml
3 ms. Memory: 190464K Free: 162156K (85%)
----------------- Invoking toplevel() on ptolemy.moml.MoMLSimpleApplication@2c313cbc
----------------- Done invoking toplevel() on ptolemy.moml.MoMLSimpleApplication@2c313cbc
reloadAllAccessors: .Default4

===========================================================================================
----------------- testing Wed Apr 01 13:44:26 UTC 2020 /home/travis/build/icyphy/ptII/ptolemy/domains/modal/test/auto/Default5.xml
----------------- Instantiating /home/travis/build/icyphy/ptII/ptolemy/domains/modal/test/auto/Default5.xml
9 ms. Memory: 190464K Free: 153964K (81%)
----------------- Invoking toplevel() on ptolemy.moml.MoMLSimpleApplication@66810c1c
----------------- Done invoking toplevel() on ptolemy.moml.MoMLSimpleApplication@66810c1c
reloadAllAccessors: .Default5

===========================================================================================
----------------- testing Wed Apr 01 13:44:26 UTC 2020 /home/travis/build/icyphy/ptII/ptolemy/domains/modal/test/auto/EmptyGuard.xml
----------------- Instantiating /home/travis/build/icyphy/ptII/ptolemy/domains/modal/test/auto/EmptyGuard.xml
10 ms. Memory: 190464K Free: 146276K (77%)
----------------- Invoking toplevel() on ptolemy.moml.MoMLSimpleApplication@5dbb9ea4
----------------- Done invoking toplevel() on ptolemy.moml.MoMLSimpleApplication@5dbb9ea4
reloadAllAccessors: .EmptyGuard

===========================================================================================
----------------- testing Wed Apr 01 13:44:26 UTC 2020 /home/travis/build/icyphy/ptII/ptolemy/domains/modal/test/auto/ErrorTransition1.xml
----------------- Instantiating /home/travis/build/icyphy/ptII/ptolemy/domains/modal/test/auto/ErrorTransition1.xml
10 ms. Memory: 190464K Free: 137066K (72%)
----------------- Invoking toplevel() on ptolemy.moml.MoMLSimpleApplication@43b3f7b0
----------------- Done invoking toplevel() on ptolemy.moml.MoMLSimpleApplication@43b3f7b0
reloadAllAccessors: .ErrorTransition1

===========================================================================================
----------------- testing Wed Apr 01 13:44:26 UTC 2020 /home/travis/build/icyphy/ptII/ptolemy/domains/modal/test/auto/ErrorTransition10.xml
----------------- Instantiating /home/travis/build/icyphy/ptII/ptolemy/domains/modal/test/auto/ErrorTransition10.xml
12 ms. Memory: 190464K Free: 123724K (65%)
----------------- Invoking toplevel() on ptolemy.moml.MoMLSimpleApplication@5d26dbd
----------------- Done invoking toplevel() on ptolemy.moml.MoMLSimpleApplication@5d26dbd
reloadAllAccessors: .ErrorTransition10

===========================================================================================
----------------- testing Wed Apr 01 13:44:26 UTC 2020 /home/travis/build/icyphy/ptII/ptolemy/domains/modal/test/auto/ErrorTransition11.xml
----------------- Instantiating /home/travis/build/icyphy/ptII/ptolemy/domains/modal/test/auto/ErrorTransition11.xml
4 ms. Memory: 190464K Free: 112490K (59%)
----------------- Invoking toplevel() on ptolemy.moml.MoMLSimpleApplication@13cd6304
----------------- Done invoking toplevel() on ptolemy.moml.MoMLSimpleApplication@13cd6304
reloadAllAccessors: .ErrorTransition11

===========================================================================================
----------------- testing Wed Apr 01 13:44:26 UTC 2020 /home/travis/build/icyphy/ptII/ptolemy/domains/modal/test/auto/ErrorTransition2.xml
----------------- Instantiating /home/travis/build/icyphy/ptII/ptolemy/domains/modal/test/auto/ErrorTransition2.xml
9 ms. Memory: 190464K Free: 103274K (54%)
----------------- Invoking toplevel() on ptolemy.moml.MoMLSimpleApplication@7b3a919e
----------------- Done invoking toplevel() on ptolemy.moml.MoMLSimpleApplication@7b3a919e
reloadAllAccessors: .ErrorTransition2

===========================================================================================
----------------- testing Wed Apr 01 13:44:26 UTC 2020 /home/travis/build/icyphy/ptII/ptolemy/domains/modal/test/auto/ErrorTransition3.xml
----------------- Instantiating /home/travis/build/icyphy/ptII/ptolemy/domains/modal/test/auto/ErrorTransition3.xml
28 ms. Memory: 190464K Free: 93548K (49%)
----------------- Invoking toplevel() on ptolemy.moml.MoMLSimpleApplication@72a08e97
----------------- Done invoking toplevel() on ptolemy.moml.MoMLSimpleApplication@72a08e97
reloadAllAccessors: .ErrorTransition3

===========================================================================================
----------------- testing Wed Apr 01 13:44:27 UTC 2020 /home/travis/build/icyphy/ptII/ptolemy/domains/modal/test/auto/ErrorTransition4.xml
----------------- Instantiating /home/travis/build/icyphy/ptII/ptolemy/domains/modal/test/auto/ErrorTransition4.xml
13 ms. Memory: 190464K Free: 82284K (43%)
----------------- Invoking toplevel() on ptolemy.moml.MoMLSimpleApplication@4eb33d6c
----------------- Done invoking toplevel() on ptolemy.moml.MoMLSimpleApplication@4eb33d6c
reloadAllAccessors: .ErrorTransition4

===========================================================================================
----------------- testing Wed Apr 01 13:44:27 UTC 2020 /home/travis/build/icyphy/ptII/ptolemy/domains/modal/test/auto/ErrorTransition5.xml
----------------- Instantiating /home/travis/build/icyphy/ptII/ptolemy/domains/modal/test/auto/ErrorTransition5.xml
7 ms. Memory: 190464K Free: 72044K (38%)
----------------- Invoking toplevel() on ptolemy.moml.MoMLSimpleApplication@4a763729
----------------- Done invoking toplevel() on ptolemy.moml.MoMLSimpleApplication@4a763729
reloadAllAccessors: .ErrorTransition5

===========================================================================================
----------------- testing Wed Apr 01 13:44:27 UTC 2020 /home/travis/build/icyphy/ptII/ptolemy/domains/modal/test/auto/ErrorTransition6.xml
----------------- Instantiating /home/travis/build/icyphy/ptII/ptolemy/domains/modal/test/auto/ErrorTransition6.xml
24 ms. Memory: 229376K Free: 208916K (91%)
----------------- Invoking toplevel() on ptolemy.moml.MoMLSimpleApplication@41e8b501
----------------- Done invoking toplevel() on ptolemy.moml.MoMLSimpleApplication@41e8b501
reloadAllAccessors: .ErrorTransition6

===========================================================================================
----------------- testing Wed Apr 01 13:44:27 UTC 2020 /home/travis/build/icyphy/ptII/ptolemy/domains/modal/test/auto/ErrorTransition7.xml
----------------- Instantiating /home/travis/build/icyphy/ptII/ptolemy/domains/modal/test/auto/ErrorTransition7.xml
15 ms. Memory: 229376K Free: 195930K (85%)
----------------- Invoking toplevel() on ptolemy.moml.MoMLSimpleApplication@69e1dcd4
----------------- Done invoking toplevel() on ptolemy.moml.MoMLSimpleApplication@69e1dcd4
reloadAllAccessors: .ErrorTransition7

===========================================================================================
----------------- testing Wed Apr 01 13:44:27 UTC 2020 /home/travis/build/icyphy/ptII/ptolemy/domains/modal/test/auto/ErrorTransition8.xml
----------------- Instantiating /home/travis/build/icyphy/ptII/ptolemy/domains/modal/test/auto/ErrorTransition8.xml
30 ms. Memory: 229376K Free: 182618K (80%)
----------------- Invoking toplevel() on ptolemy.moml.MoMLSimpleApplication@7326e22
----------------- Done invoking toplevel() on ptolemy.moml.MoMLSimpleApplication@7326e22
reloadAllAccessors: .ErrorTransition8

===========================================================================================
----------------- testing Wed Apr 01 13:44:27 UTC 2020 /home/travis/build/icyphy/ptII/ptolemy/domains/modal/test/auto/ErrorTransition9.xml
----------------- Instantiating /home/travis/build/icyphy/ptII/ptolemy/domains/modal/test/auto/ErrorTransition9.xml
15 ms. Memory: 229376K Free: 169306K (74%)
----------------- Invoking toplevel() on ptolemy.moml.MoMLSimpleApplication@1162504f
----------------- Done invoking toplevel() on ptolemy.moml.MoMLSimpleApplication@1162504f
reloadAllAccessors: .ErrorTransition9

===========================================================================================
----------------- testing Wed Apr 01 13:44:27 UTC 2020 /home/travis/build/icyphy/ptII/ptolemy/domains/modal/test/auto/ExtendedFSM.xml
----------------- Instantiating /home/travis/build/icyphy/ptII/ptolemy/domains/modal/test/auto/ExtendedFSM.xml
7 ms. Memory: 229376K Free: 160586K (70%)
----------------- Invoking toplevel() on ptolemy.moml.MoMLSimpleApplication@3c952fe
----------------- Done invoking toplevel() on ptolemy.moml.MoMLSimpleApplication@3c952fe
reloadAllAccessors: .ExtendedFSM

===========================================================================================
----------------- testing Wed Apr 01 13:44:27 UTC 2020 /home/travis/build/icyphy/ptII/ptolemy/domains/modal/test/auto/FinalStates.xml
----------------- Instantiating /home/travis/build/icyphy/ptII/ptolemy/domains/modal/test/auto/FinalStates.xml
9 ms. Memory: 229376K Free: 152378K (66%)
----------------- Invoking toplevel() on ptolemy.moml.MoMLSimpleApplication@43e7d04c
----------------- Done invoking toplevel() on ptolemy.moml.MoMLSimpleApplication@43e7d04c
reloadAllAccessors: .FinalStates

===========================================================================================
----------------- testing Wed Apr 01 13:44:27 UTC 2020 /home/travis/build/icyphy/ptII/ptolemy/domains/modal/test/auto/FixedPointFSM.xml
----------------- Instantiating /home/travis/build/icyphy/ptII/ptolemy/domains/modal/test/auto/FixedPointFSM.xml
19 ms. Memory: 229376K Free: 137562K (60%)
----------------- Invoking toplevel() on ptolemy.moml.MoMLSimpleApplication@6a3484b7
----------------- Done invoking toplevel() on ptolemy.moml.MoMLSimpleApplication@6a3484b7
reloadAllAccessors: .FixedPointFSM

===========================================================================================
----------------- testing Wed Apr 01 13:44:27 UTC 2020 /home/travis/build/icyphy/ptII/ptolemy/domains/modal/test/auto/FixedPointIterationFSMActor.xml
----------------- Instantiating /home/travis/build/icyphy/ptII/ptolemy/domains/modal/test/auto/FixedPointIterationFSMActor.xml
8 ms. Memory: 229376K Free: 126802K (55%)
----------------- Invoking toplevel() on ptolemy.moml.MoMLSimpleApplication@651ab1e5
----------------- Done invoking toplevel() on ptolemy.moml.MoMLSimpleApplication@651ab1e5
reloadAllAccessors: .FixedPointIterationFSMActor

===========================================================================================
----------------- testing Wed Apr 01 13:44:27 UTC 2020 /home/travis/build/icyphy/ptII/ptolemy/domains/modal/test/auto/FixedPointIterationFSMActor2.xml
----------------- Instantiating /home/travis/build/icyphy/ptII/ptolemy/domains/modal/test/auto/FixedPointIterationFSMActor2.xml
9 ms. Memory: 229376K Free: 115034K (50%)
----------------- Invoking toplevel() on ptolemy.moml.MoMLSimpleApplication@2c98e029
----------------- Done invoking toplevel() on ptolemy.moml.MoMLSimpleApplication@2c98e029
reloadAllAccessors: .FixedPointIterationFSMActor2

===========================================================================================
----------------- testing Wed Apr 01 13:44:27 UTC 2020 /home/travis/build/icyphy/ptII/ptolemy/domains/modal/test/auto/ForbiddenInstantanousLoop.xml
----------------- Instantiating /home/travis/build/icyphy/ptII/ptolemy/domains/modal/test/auto/ForbiddenInstantanousLoop.xml
7 ms. Memory: 229376K Free: 102746K (45%)
----------------- Invoking toplevel() on ptolemy.moml.MoMLSimpleApplication@1d33dbb
----------------- Done invoking toplevel() on ptolemy.moml.MoMLSimpleApplication@1d33dbb
reloadAllAccessors: .ForbiddenInstantanousLoop

===========================================================================================
----------------- testing Wed Apr 01 13:44:27 UTC 2020 /home/travis/build/icyphy/ptII/ptolemy/domains/modal/test/auto/FunctionDependencyOfFSMActorTest.xml
----------------- Instantiating /home/travis/build/icyphy/ptII/ptolemy/domains/modal/test/auto/FunctionDependencyOfFSMActorTest.xml
14 ms. Memory: 229376K Free: 96088K (42%)
----------------- Invoking toplevel() on ptolemy.moml.MoMLSimpleApplication@2711a9ef
----------------- Done invoking toplevel() on ptolemy.moml.MoMLSimpleApplication@2711a9ef
reloadAllAccessors: .FunctionDependencyOfFSMActorTest

===========================================================================================
----------------- testing Wed Apr 01 13:44:27 UTC 2020 /home/travis/build/icyphy/ptII/ptolemy/domains/modal/test/auto/GuardExpression.xml
----------------- Instantiating /home/travis/build/icyphy/ptII/ptolemy/domains/modal/test/auto/GuardExpression.xml
2 ms. Memory: 229376K Free: 90968K (40%)
----------------- Invoking toplevel() on ptolemy.moml.MoMLSimpleApplication@3f55b517
----------------- Done invoking toplevel() on ptolemy.moml.MoMLSimpleApplication@3f55b517
reloadAllAccessors: .GuardExpression

===========================================================================================
----------------- testing Wed Apr 01 13:44:27 UTC 2020 /home/travis/build/icyphy/ptII/ptolemy/domains/modal/test/auto/GuardNotEvaluated.xml
----------------- Instantiating /home/travis/build/icyphy/ptII/ptolemy/domains/modal/test/auto/GuardNotEvaluated.xml
7 ms. Memory: 229376K Free: 82266K (36%)
----------------- Invoking toplevel() on ptolemy.moml.MoMLSimpleApplication@59768191
----------------- Done invoking toplevel() on ptolemy.moml.MoMLSimpleApplication@59768191
reloadAllAccessors: .GuardNotEvaluated

===========================================================================================
----------------- testing Wed Apr 01 13:44:27 UTC 2020 /home/travis/build/icyphy/ptII/ptolemy/domains/modal/test/auto/GuardNotEvaluated2.xml
----------------- Instantiating /home/travis/build/icyphy/ptII/ptolemy/domains/modal/test/auto/GuardNotEvaluated2.xml
8 ms. Memory: 229376K Free: 204586K (89%)
----------------- Invoking toplevel() on ptolemy.moml.MoMLSimpleApplication@74404927
----------------- Done invoking toplevel() on ptolemy.moml.MoMLSimpleApplication@74404927
reloadAllAccessors: .GuardNotEvaluated2

===========================================================================================
----------------- testing Wed Apr 01 13:44:27 UTC 2020 /home/travis/build/icyphy/ptII/ptolemy/domains/modal/test/auto/GuardOnAbsent.xml
----------------- Instantiating /home/travis/build/icyphy/ptII/ptolemy/domains/modal/test/auto/GuardOnAbsent.xml
8 ms. Memory: 229376K Free: 196893K (86%)
----------------- Invoking toplevel() on ptolemy.moml.MoMLSimpleApplication@17a49a91
----------------- Done invoking toplevel() on ptolemy.moml.MoMLSimpleApplication@17a49a91
reloadAllAccessors: .GuardOnAbsent

===========================================================================================
----------------- testing Wed Apr 01 13:44:27 UTC 2020 /home/travis/build/icyphy/ptII/ptolemy/domains/modal/test/auto/HierarchicalFSMTypeInference.xml
----------------- Instantiating /home/travis/build/icyphy/ptII/ptolemy/domains/modal/test/auto/HierarchicalFSMTypeInference.xml
5 ms. Memory: 229376K Free: 186664K (81%)
----------------- Invoking toplevel() on ptolemy.moml.MoMLSimpleApplication@40688f77
----------------- Done invoking toplevel() on ptolemy.moml.MoMLSimpleApplication@40688f77
reloadAllAccessors: .HierarchicalFSMTypeInference

===========================================================================================
----------------- testing Wed Apr 01 13:44:27 UTC 2020 /home/travis/build/icyphy/ptII/ptolemy/domains/modal/test/auto/Hysteresis.xml
----------------- Instantiating /home/travis/build/icyphy/ptII/ptolemy/domains/modal/test/auto/Hysteresis.xml
12 ms. Memory: 229376K Free: 173338K (76%)
----------------- Invoking toplevel() on ptolemy.moml.MoMLSimpleApplication@5b09c13b
----------------- Done invoking toplevel() on ptolemy.moml.MoMLSimpleApplication@5b09c13b
reloadAllAccessors: .Hysteresis

===========================================================================================
----------------- testing Wed Apr 01 13:44:27 UTC 2020 /home/travis/build/icyphy/ptII/ptolemy/domains/modal/test/auto/HysteresisWithDefault.xml
----------------- Instantiating /home/travis/build/icyphy/ptII/ptolemy/domains/modal/test/auto/HysteresisWithDefault.xml
42 ms. Memory: 229376K Free: 150314K (66%)
----------------- Invoking toplevel() on ptolemy.moml.MoMLSimpleApplication@185d1d3a
----------------- Done invoking toplevel() on ptolemy.moml.MoMLSimpleApplication@185d1d3a
reloadAllAccessors: .HysteresisWithDefault

===========================================================================================
----------------- testing Wed Apr 01 13:44:27 UTC 2020 /home/travis/build/icyphy/ptII/ptolemy/domains/modal/test/auto/HysteresisWithDefault2.xml
----------------- Instantiating /home/travis/build/icyphy/ptII/ptolemy/domains/modal/test/auto/HysteresisWithDefault2.xml
48 ms. Memory: 229376K Free: 121128K (53%)
----------------- Invoking toplevel() on ptolemy.moml.MoMLSimpleApplication@103bd10c
----------------- Done invoking toplevel() on ptolemy.moml.MoMLSimpleApplication@103bd10c
reloadAllAccessors: .HysteresisWithDefault2

===========================================================================================
----------------- testing Wed Apr 01 13:44:27 UTC 2020 /home/travis/build/icyphy/ptII/ptolemy/domains/modal/test/auto/ImmediateNonConstructiveness.xml
----------------- Instantiating /home/travis/build/icyphy/ptII/ptolemy/domains/modal/test/auto/ImmediateNonConstructiveness.xml
3 ms. Memory: 229376K Free: 113946K (50%)
----------------- Invoking toplevel() on ptolemy.moml.MoMLSimpleApplication@5cc776be
----------------- Done invoking toplevel() on ptolemy.moml.MoMLSimpleApplication@5cc776be
reloadAllAccessors: .ImmediateNonConstructiveness

===========================================================================================
----------------- testing Wed Apr 01 13:44:27 UTC 2020 /home/travis/build/icyphy/ptII/ptolemy/domains/modal/test/auto/ImmediateNonConstructiveness2.xml
----------------- Instantiating /home/travis/build/icyphy/ptII/ptolemy/domains/modal/test/auto/ImmediateNonConstructiveness2.xml
3 ms. Memory: 229376K Free: 107306K (47%)
----------------- Invoking toplevel() on ptolemy.moml.MoMLSimpleApplication@ce411fd
----------------- Done invoking toplevel() on ptolemy.moml.MoMLSimpleApplication@ce411fd
reloadAllAccessors: .ImmediateNonConstructiveness2

===========================================================================================
----------------- testing Wed Apr 01 13:44:27 UTC 2020 /home/travis/build/icyphy/ptII/ptolemy/domains/modal/test/auto/ImmediateTransitionReset.xml
----------------- Instantiating /home/travis/build/icyphy/ptII/ptolemy/domains/modal/test/auto/ImmediateTransitionReset.xml
7 ms. Memory: 229376K Free: 95018K (41%)
----------------- Invoking toplevel() on ptolemy.moml.MoMLSimpleApplication@5653a1d
----------------- Done invoking toplevel() on ptolemy.moml.MoMLSimpleApplication@5653a1d
reloadAllAccessors: .ImmediateTransitionReset

===========================================================================================
----------------- testing Wed Apr 01 13:44:27 UTC 2020 /home/travis/build/icyphy/ptII/ptolemy/domains/modal/test/auto/ImmediateTransitions1.xml
----------------- Instantiating /home/travis/build/icyphy/ptII/ptolemy/domains/modal/test/auto/ImmediateTransitions1.xml
2 ms. Memory: 229376K Free: 89898K (39%)
----------------- Invoking toplevel() on ptolemy.moml.MoMLSimpleApplication@68a5bed7
----------------- Done invoking toplevel() on ptolemy.moml.MoMLSimpleApplication@68a5bed7
reloadAllAccessors: .ImmediateTransitions1

===========================================================================================
----------------- testing Wed Apr 01 13:44:28 UTC 2020 /home/travis/build/icyphy/ptII/ptolemy/domains/modal/test/auto/ImmediateTransitionsInstantaneousCommunication.xml
----------------- Instantiating /home/travis/build/icyphy/ptII/ptolemy/domains/modal/test/auto/ImmediateTransitionsInstantaneousCommunication.xml
25 ms. Memory: 229376K Free: 208646K (91%)
----------------- Invoking toplevel() on ptolemy.moml.MoMLSimpleApplication@2970585c
----------------- Done invoking toplevel() on ptolemy.moml.MoMLSimpleApplication@2970585c
reloadAllAccessors: .ImmediateTransitionsInstantaneousCommunication

===========================================================================================
----------------- testing Wed Apr 01 13:44:28 UTC 2020 /home/travis/build/icyphy/ptII/ptolemy/domains/modal/test/auto/InitialImmediateTransition.xml
----------------- Instantiating /home/travis/build/icyphy/ptII/ptolemy/domains/modal/test/auto/InitialImmediateTransition.xml
4 ms. Memory: 229376K Free: 200958K (88%)
----------------- Invoking toplevel() on ptolemy.moml.MoMLSimpleApplication@1d174239
----------------- Done invoking toplevel() on ptolemy.moml.MoMLSimpleApplication@1d174239
reloadAllAccessors: .InitialImmediateTransition

===========================================================================================
----------------- testing Wed Apr 01 13:44:28 UTC 2020 /home/travis/build/icyphy/ptII/ptolemy/domains/modal/test/auto/InitialOutputs.xml
----------------- Instantiating /home/travis/build/icyphy/ptII/ptolemy/domains/modal/test/auto/InitialOutputs.xml
3 ms. Memory: 229376K Free: 194814K (85%)
----------------- Invoking toplevel() on ptolemy.moml.MoMLSimpleApplication@2a83b69c
----------------- Done invoking toplevel() on ptolemy.moml.MoMLSimpleApplication@2a83b69c
reloadAllAccessors: .InitialOutputs

===========================================================================================
----------------- testing Wed Apr 01 13:44:28 UTC 2020 /home/travis/build/icyphy/ptII/ptolemy/domains/modal/test/auto/InitialStateTransition1.xml
----------------- Instantiating /home/travis/build/icyphy/ptII/ptolemy/domains/modal/test/auto/InitialStateTransition1.xml
2 ms. Memory: 229376K Free: 187652K (82%)
----------------- Invoking toplevel() on ptolemy.moml.MoMLSimpleApplication@66acfde7
----------------- Done invoking toplevel() on ptolemy.moml.MoMLSimpleApplication@66acfde7
reloadAllAccessors: .InitialStateTransition1

===========================================================================================
----------------- testing Wed Apr 01 13:44:28 UTC 2020 /home/travis/build/icyphy/ptII/ptolemy/domains/modal/test/auto/InitialStateTransition2.xml
----------------- Instantiating /home/travis/build/icyphy/ptII/ptolemy/domains/modal/test/auto/InitialStateTransition2.xml
.InitialStateTransition2.TestExceptionAttributeNonConstructive: initialize() was not invoked, but wrapup() was.  This is unusual, but not always a problem.  For example, exporting JNLP will do this.
2 ms. Memory: 229376K Free: 179974K (78%)
----------------- Invoking toplevel() on ptolemy.moml.MoMLSimpleApplication@eeb5526
----------------- Done invoking toplevel() on ptolemy.moml.MoMLSimpleApplication@eeb5526
reloadAllAccessors: .InitialStateTransition2

===========================================================================================
----------------- testing Wed Apr 01 13:44:28 UTC 2020 /home/travis/build/icyphy/ptII/ptolemy/domains/modal/test/auto/InitialStateTransition3.xml
----------------- Instantiating /home/travis/build/icyphy/ptII/ptolemy/domains/modal/test/auto/InitialStateTransition3.xml
4 ms. Memory: 229376K Free: 171780K (75%)
----------------- Invoking toplevel() on ptolemy.moml.MoMLSimpleApplication@6676eee0
----------------- Done invoking toplevel() on ptolemy.moml.MoMLSimpleApplication@6676eee0
reloadAllAccessors: .InitialStateTransition3

===========================================================================================
----------------- testing Wed Apr 01 13:44:28 UTC 2020 /home/travis/build/icyphy/ptII/ptolemy/domains/modal/test/auto/InitialStateTransition4.xml
----------------- Instantiating /home/travis/build/icyphy/ptII/ptolemy/domains/modal/test/auto/InitialStateTransition4.xml
3 ms. Memory: 229376K Free: 162052K (71%)
----------------- Invoking toplevel() on ptolemy.moml.MoMLSimpleApplication@31a5cc48
----------------- Done invoking toplevel() on ptolemy.moml.MoMLSimpleApplication@31a5cc48
[...]
reloadAllAccessors: .TerminationTransition3

===========================================================================================
----------------- testing Wed Apr 01 13:44:30 UTC 2020 /home/travis/build/icyphy/ptII/ptolemy/domains/modal/test/auto/TerminationTransition4.xml
----------------- Instantiating /home/travis/build/icyphy/ptII/ptolemy/domains/modal/test/auto/TerminationTransition4.xml
6 ms. Memory: 286720K Free: 227846K (79%)
----------------- Invoking toplevel() on ptolemy.moml.MoMLSimpleApplication@3ca8299
----------------- Done invoking toplevel() on ptolemy.moml.MoMLSimpleApplication@3ca8299
reloadAllAccessors: .TerminationTransition4

===========================================================================================
----------------- testing Wed Apr 01 13:44:30 UTC 2020 /home/travis/build/icyphy/ptII/ptolemy/domains/modal/test/auto/TerminationTransition5.xml
----------------- Instantiating /home/travis/build/icyphy/ptII/ptolemy/domains/modal/test/auto/TerminationTransition5.xml
2 ms. Memory: 286720K Free: 214020K (75%)
----------------- Invoking toplevel() on ptolemy.moml.MoMLSimpleApplication@57717b84
----------------- Done invoking toplevel() on ptolemy.moml.MoMLSimpleApplication@57717b84
reloadAllAccessors: .TerminationTransition5

===========================================================================================
----------------- testing Wed Apr 01 13:44:30 UTC 2020 /home/travis/build/icyphy/ptII/ptolemy/domains/modal/test/auto/TerminationTransition6.xml
----------------- Instantiating /home/travis/build/icyphy/ptII/ptolemy/domains/modal/test/auto/TerminationTransition6.xml
2 ms. Memory: 286720K Free: 205318K (72%)
----------------- Invoking toplevel() on ptolemy.moml.MoMLSimpleApplication@43e5ab97
----------------- Done invoking toplevel() on ptolemy.moml.MoMLSimpleApplication@43e5ab97
reloadAllAccessors: .TerminationTransition6

===========================================================================================
----------------- testing Wed Apr 01 13:44:30 UTC 2020 /home/travis/build/icyphy/ptII/ptolemy/domains/modal/test/auto/TerminationTransition7.xml
----------------- Instantiating /home/travis/build/icyphy/ptII/ptolemy/domains/modal/test/auto/TerminationTransition7.xml
3 ms. Memory: 286720K Free: 195588K (68%)
----------------- Invoking toplevel() on ptolemy.moml.MoMLSimpleApplication@5875478a
----------------- Done invoking toplevel() on ptolemy.moml.MoMLSimpleApplication@5875478a
reloadAllAccessors: .TerminationTransition7

===========================================================================================
----------------- testing Wed Apr 01 13:44:30 UTC 2020 /home/travis/build/icyphy/ptII/ptolemy/domains/modal/test/auto/TerminationTransition8.xml
----------------- Instantiating /home/travis/build/icyphy/ptII/ptolemy/domains/modal/test/auto/TerminationTransition8.xml
2 ms. Memory: 286720K Free: 186372K (65%)
----------------- Invoking toplevel() on ptolemy.moml.MoMLSimpleApplication@5a34c905
----------------- Done invoking toplevel() on ptolemy.moml.MoMLSimpleApplication@5a34c905
reloadAllAccessors: .TerminationTransition8

===========================================================================================
----------------- testing Wed Apr 01 13:44:30 UTC 2020 /home/travis/build/icyphy/ptII/ptolemy/domains/modal/test/auto/Thermostat_NoHysteresis.xml
----------------- Instantiating /home/travis/build/icyphy/ptII/ptolemy/domains/modal/test/auto/Thermostat_NoHysteresis.xml
44 ms. Memory: 286720K Free: 161796K (56%)
----------------- Invoking toplevel() on ptolemy.moml.MoMLSimpleApplication@4c422d46
----------------- Done invoking toplevel() on ptolemy.moml.MoMLSimpleApplication@4c422d46
reloadAllAccessors: .Thermostat_NoHysteresis

===========================================================================================
----------------- testing Wed Apr 01 13:44:30 UTC 2020 /home/travis/build/icyphy/ptII/ptolemy/domains/modal/test/auto/TimedFSM.xml
----------------- Instantiating /home/travis/build/icyphy/ptII/ptolemy/domains/modal/test/auto/TimedFSM.xml
9 ms. Memory: 286720K Free: 150022K (52%)
----------------- Invoking toplevel() on ptolemy.moml.MoMLSimpleApplication@3d81ba61
----------------- Done invoking toplevel() on ptolemy.moml.MoMLSimpleApplication@3d81ba61
reloadAllAccessors: .TimedFSM

===========================================================================================
----------------- testing Wed Apr 01 13:44:30 UTC 2020 /home/travis/build/icyphy/ptII/ptolemy/domains/modal/test/auto/Timeout1.xml
----------------- Instantiating /home/travis/build/icyphy/ptII/ptolemy/domains/modal/test/auto/Timeout1.xml
3 ms. Memory: 286720K Free: 144374K (50%)
----------------- Invoking toplevel() on ptolemy.moml.MoMLSimpleApplication@2fc54084
----------------- Done invoking toplevel() on ptolemy.moml.MoMLSimpleApplication@2fc54084
reloadAllAccessors: .Timeout1

===========================================================================================
----------------- testing Wed Apr 01 13:44:30 UTC 2020 /home/travis/build/icyphy/ptII/ptolemy/domains/modal/test/auto/Timeout2.xml
----------------- Instantiating /home/travis/build/icyphy/ptII/ptolemy/domains/modal/test/auto/Timeout2.xml
7 ms. Memory: 286720K Free: 135686K (47%)
----------------- Invoking toplevel() on ptolemy.moml.MoMLSimpleApplication@1d35178f
----------------- Done invoking toplevel() on ptolemy.moml.MoMLSimpleApplication@1d35178f
reloadAllAccessors: .Timeout2

===========================================================================================
----------------- testing Wed Apr 01 13:44:30 UTC 2020 /home/travis/build/icyphy/ptII/ptolemy/domains/modal/test/auto/Timeout3.xml
----------------- Instantiating /home/travis/build/icyphy/ptII/ptolemy/domains/modal/test/auto/Timeout3.xml
2 ms. Memory: 286720K Free: 130566K (46%)
----------------- Invoking toplevel() on ptolemy.moml.MoMLSimpleApplication@51919c8e
----------------- Done invoking toplevel() on ptolemy.moml.MoMLSimpleApplication@51919c8e
reloadAllAccessors: .Timeout3

===========================================================================================
----------------- testing Wed Apr 01 13:44:30 UTC 2020 /home/travis/build/icyphy/ptII/ptolemy/domains/modal/test/auto/Timeout4.xml
----------------- Instantiating /home/travis/build/icyphy/ptII/ptolemy/domains/modal/test/auto/Timeout4.xml
3 ms. Memory: 286720K Free: 125446K (44%)
----------------- Invoking toplevel() on ptolemy.moml.MoMLSimpleApplication@31d8d480
----------------- Done invoking toplevel() on ptolemy.moml.MoMLSimpleApplication@31d8d480
reloadAllAccessors: .Timeout4

===========================================================================================
----------------- testing Wed Apr 01 13:44:30 UTC 2020 /home/travis/build/icyphy/ptII/ptolemy/domains/modal/test/auto/TransientstateModelAdvanced.xml
----------------- Instantiating /home/travis/build/icyphy/ptII/ptolemy/domains/modal/test/auto/TransientstateModelAdvanced.xml
3 ms. Memory: 286720K Free: 113158K (39%)
----------------- Invoking toplevel() on ptolemy.moml.MoMLSimpleApplication@ffa91c7
----------------- Done invoking toplevel() on ptolemy.moml.MoMLSimpleApplication@ffa91c7
reloadAllAccessors: .TransientstateModelAdvanced

===========================================================================================
----------------- testing Wed Apr 01 13:44:30 UTC 2020 /home/travis/build/icyphy/ptII/ptolemy/domains/modal/test/auto/TransientstateModelAdvanced2.xml
----------------- Instantiating /home/travis/build/icyphy/ptII/ptolemy/domains/modal/test/auto/TransientstateModelAdvanced2.xml
4 ms. Memory: 286720K Free: 98822K (34%)
----------------- Invoking toplevel() on ptolemy.moml.MoMLSimpleApplication@7f5f5c8e
----------------- Done invoking toplevel() on ptolemy.moml.MoMLSimpleApplication@7f5f5c8e
reloadAllAccessors: .transientstatemodelAdvanced

===========================================================================================
----------------- testing Wed Apr 01 13:44:30 UTC 2020 /home/travis/build/icyphy/ptII/ptolemy/domains/modal/test/auto/TransitionRefinements.xml
----------------- Instantiating /home/travis/build/icyphy/ptII/ptolemy/domains/modal/test/auto/TransitionRefinements.xml
7 ms. Memory: 286720K Free: 257536K (90%)
----------------- Invoking toplevel() on ptolemy.moml.MoMLSimpleApplication@4ffe5ab
----------------- Done invoking toplevel() on ptolemy.moml.MoMLSimpleApplication@4ffe5ab
reloadAllAccessors: .TransitionRefinements

===========================================================================================
----------------- testing Wed Apr 01 13:44:30 UTC 2020 /home/travis/build/icyphy/ptII/ptolemy/domains/modal/test/auto/TwoRefinements1.xml
----------------- Instantiating /home/travis/build/icyphy/ptII/ptolemy/domains/modal/test/auto/TwoRefinements1.xml
3 ms. Memory: 286720K Free: 247302K (86%)
----------------- Invoking toplevel() on ptolemy.moml.MoMLSimpleApplication@4b157328
----------------- Done invoking toplevel() on ptolemy.moml.MoMLSimpleApplication@4b157328
reloadAllAccessors: .TwoRefinements1

===========================================================================================
----------------- testing Wed Apr 01 13:44:30 UTC 2020 /home/travis/build/icyphy/ptII/ptolemy/domains/modal/test/auto/TwoRefinements2.xml
----------------- Instantiating /home/travis/build/icyphy/ptII/ptolemy/domains/modal/test/auto/TwoRefinements2.xml
2 ms. Memory: 286720K Free: 237062K (83%)
----------------- Invoking toplevel() on ptolemy.moml.MoMLSimpleApplication@60407157
----------------- Done invoking toplevel() on ptolemy.moml.MoMLSimpleApplication@60407157
reloadAllAccessors: .TwoRefinements2

===========================================================================================
----------------- testing Wed Apr 01 13:44:30 UTC 2020 /home/travis/build/icyphy/ptII/ptolemy/domains/modal/test/auto/WeakImmediateTransition.xml
----------------- Instantiating /home/travis/build/icyphy/ptII/ptolemy/domains/modal/test/auto/WeakImmediateTransition.xml
3 ms. Memory: 286720K Free: 228360K (80%)
----------------- Invoking toplevel() on ptolemy.moml.MoMLSimpleApplication@68425078
----------------- Done invoking toplevel() on ptolemy.moml.MoMLSimpleApplication@68425078
reloadAllAccessors: .WeakImmediateTransition

===========================================================================================
----------------- testing Wed Apr 01 13:44:30 UTC 2020 /home/travis/build/icyphy/ptII/ptolemy/domains/modal/test/auto/booleanSelect.xml
----------------- Instantiating /home/travis/build/icyphy/ptII/ptolemy/domains/modal/test/auto/booleanSelect.xml
36 ms. Memory: 286720K Free: 209928K (73%)
----------------- Invoking toplevel() on ptolemy.moml.MoMLSimpleApplication@4c6c810b
----------------- Done invoking toplevel() on ptolemy.moml.MoMLSimpleApplication@4c6c810b
reloadAllAccessors: .booleanSelect

===========================================================================================
----------------- testing Wed Apr 01 13:44:30 UTC 2020 /home/travis/build/icyphy/ptII/ptolemy/domains/modal/test/auto/modalChangingParams.xml
----------------- Instantiating /home/travis/build/icyphy/ptII/ptolemy/domains/modal/test/auto/modalChangingParams.xml
0
1
0
2
4
6
8
7
0
2
4
6
8
13
0
2
4
6
8
19
0
2
4
6
8
25
0
2
4
6
8
31
0
2
4
6
8
37
0
2
4
6
8
43
0
2
4
6
8
49
0
2
4
6
8
55
0
2
4
6
8
61
0
2
4
6
8
67
0
2
4
6
8
73
0
2
4
6
8
79
0
2
4
6
8
85
0
2
4
6
8
91
0
2
4
6
8
97
0
2
4
6
8
103
0
2
4
6
8
109
0
2
4
6
8
115
0
2
4
6
8
121
0
2
4
6
8
127
0
2
4
6
8
133
0
2
4
6
8
139
0
2
4
6
8
145
0
2
4
6
8
151
0
2
4
6
8
157
0
2
4
6
8
163
0
2
4
6
8
169
0
2
4
6
8
175
0
2
4
6
8
181
0
2
4
6
8
187
0
2
4
6
8
193
0
2
4
6
8
199
0
2
4
6
8
205
0
2
4
6
8
211
0
2
4
6
8
217
0
2
4
6
8
223
0
2
4
6
8
229
0
2
4
6
8
235
0
2
4
6
8
241
0
2
4
6
8
247
0
2
4
6
8
253
0
2
4
6
8
259
0
2
4
6
8
265
0
2
4
6
8
271
0
2
4
6
8
277
0
2
4
6
8
283
0
2
4
6
8
289
0
2
4
6
8
295
0
2
4
6
8
301
0
2
4
6
8
307
0
2
4
6
8
313
0
2
4
6
8
319
0
2
4
6
8
325
0
2
4
6
8
331
0
2
4
6
8
337
0
2
4
6
8
343
0
2
4
6
8
349
0
2
4
6
8
355
0
2
4
6
8
361
0
2
4
6
8
367
0
2
4
6
8
373
0
2
4
6
8
379
0
2
4
6
8
385
0
2
4
6
8
391
0
2
4
6
8
397
0
2
4
6
8
403
0
2
4
6
8
409
0
2
4
6
8
415
0
2
4
6
8
421
0
2
4
6
8
427
0
2
4
6
8
433
0
2
4
6
8
439
0
2
4
6
8
445
0
2
4
6
8
451
0
2
4
6
8
457
0
2
4
6
8
463
0
2
4
6
8
469
0
2
4
6
8
475
0
2
4
6
8
481
0
2
4
6
8
487
0
2
4
6
8
493
0
2
4
6
8
499
0
2
4
6
8
505
0
2
4
6
8
511
0
2
4
6
8
517
0
2
4
6
8
523
0
2
4
6
8
529
0
2
4
6
8
535
0
2
4
6
8
541
0
2
4
6
8
547
0
2
4
6
8
553
0
2
4
6
8
559
0
2
4
6
8
565
0
2
4
6
8
571
0
2
4
6
8
577
0
2
4
6
8
583
0
2
4
6
8
589
0
2
4
6
8
595
0
2
4
6
8
601
0
2
4
6
8
607
0
2
4
6
8
613
0
2
4
6
8
619
0
2
4
6
8
625
0
2
4
6
8
631
0
2
4
6
8
637
0
2
4
6
8
643
0
2
4
6
8
649
0
2
4
6
8
655
0
2
4
6
8
661
0
2
4
6
8
667
0
2
4
6
8
673
0
2
4
6
8
679
0
2
4
6
8
685
0
2
4
6
8
691
0
2
4
6
8
697
0
2
4
6
8
703
0
2
4
6
8
709
0
2
4
6
8
715
0
2
4
6
8
721
0
2
4
6
8
727
0
2
4
6
8
733
0
2
4
6
8
739
0
2
4
6
8
745
0
2
4
6
8
751
0
2
4
6
8
757
0
2
4
6
8
763
0
2
4
6
8
769
0
2
4
6
8
775
0
2
4
6
8
781
0
2
4
6
8
787
0
2
4
6
8
793
0
2
4
6
8
799
0
2
4
6
8
805
0
2
4
6
8
811
0
2
4
6
8
817
0
2
4
6
8
823
0
2
4
6
8
829
0
2
4
6
8
835
0
2
4
6
8
841
0
2
4
6
8
847
0
2
4
6
8
853
0
2
4
6
8
859
0
2
4
6
8
865
0
2
4
6
8
871
0
2
4
6
8
877
0
2
4
6
8
883
0
2
4
6
8
889
0
2
4
6
8
895
0
2
4
6
8
901
0
2
4
6
8
907
0
2
4
6
8
913
0
2
4
6
8
919
0
2
4
6
8
925
0
2
4
6
8
931
0
2
4
6
8
937
0
2
4
6
8
943
0
2
4
6
8
949
0
2
4
6
8
955
0
2
4
6
8
961
0
2
4
6
8
967
0
2
4
6
8
973
0
2
4
6
8
979
0
2
4
6
8
985
0
2
4
6
8
991
0
2
4
6
8
997
0
2
285 ms. Memory: 286720K Free: 264277K (92%)
----------------- Invoking toplevel() on ptolemy.moml.MoMLSimpleApplication@710d1a25
----------------- Done invoking toplevel() on ptolemy.moml.MoMLSimpleApplication@710d1a25
reloadAllAccessors: .modalChangingParams

===========================================================================================
----------------- testing Wed Apr 01 13:44:31 UTC 2020 /home/travis/build/icyphy/ptII/ptolemy/domains/modal/test/auto/modalModel.xml
----------------- Instantiating /home/travis/build/icyphy/ptII/ptolemy/domains/modal/test/auto/modalModel.xml
6 ms. Memory: 286720K Free: 255061K (89%)
----------------- Invoking toplevel() on ptolemy.moml.MoMLSimpleApplication@3acd3130
----------------- Done invoking toplevel() on ptolemy.moml.MoMLSimpleApplication@3acd3130
reloadAllAccessors: .modalModel

===========================================================================================
----------------- testing Wed Apr 01 13:44:31 UTC 2020 /home/travis/build/icyphy/ptII/ptolemy/domains/modal/test/auto/modalModel2.xml
----------------- Instantiating /home/travis/build/icyphy/ptII/ptolemy/domains/modal/test/auto/modalModel2.xml
7 ms. Memory: 286720K Free: 244293K (85%)
----------------- Invoking toplevel() on ptolemy.moml.MoMLSimpleApplication@551c6230
----------------- Done invoking toplevel() on ptolemy.moml.MoMLSimpleApplication@551c6230
reloadAllAccessors: .modalModel2

===========================================================================================
----------------- testing Wed Apr 01 13:44:31 UTC 2020 /home/travis/build/icyphy/ptII/ptolemy/domains/modal/test/auto/modalModel3.xml
----------------- Instantiating /home/travis/build/icyphy/ptII/ptolemy/domains/modal/test/auto/modalModel3.xml
0	0	0
3	2	1
6	4	2
9	6	3
4	0	4
7	2	5
10	4	6
13	6	7
8	0	8
11	2	9
14	4	10
17	6	11
12	0	12
15	2	13
18	4	14
17 ms. Memory: 286720K Free: 229461K (80%)
----------------- Invoking toplevel() on ptolemy.moml.MoMLSimpleApplication@100e0df5
----------------- Done invoking toplevel() on ptolemy.moml.MoMLSimpleApplication@100e0df5
reloadAllAccessors: .modalModel3

===========================================================================================
----------------- testing Wed Apr 01 13:44:31 UTC 2020 /home/travis/build/icyphy/ptII/ptolemy/domains/modal/test/auto/model1.xml
----------------- Instantiating /home/travis/build/icyphy/ptII/ptolemy/domains/modal/test/auto/model1.xml
12 ms. Memory: 286720K Free: 223827K (78%)
----------------- Invoking toplevel() on ptolemy.moml.MoMLSimpleApplication@2947d6ca
----------------- Done invoking toplevel() on ptolemy.moml.MoMLSimpleApplication@2947d6ca
reloadAllAccessors: .model1

===========================================================================================
----------------- testing Wed Apr 01 13:44:31 UTC 2020 /home/travis/build/icyphy/ptII/ptolemy/domains/modal/test/auto/test-direct-in-out.xml
----------------- Instantiating /home/travis/build/icyphy/ptII/ptolemy/domains/modal/test/auto/test-direct-in-out.xml
5 ms. Memory: 286720K Free: 216149K (75%)
----------------- Invoking toplevel() on ptolemy.moml.MoMLSimpleApplication@7c811568
----------------- Done invoking toplevel() on ptolemy.moml.MoMLSimpleApplication@7c811568
reloadAllAccessors: .test-direct-in-out
AutoTests.java: About to close Vertx.
AutoTests.java: Vertx closed.
]]></system-out>
  <system-err><![CDATA[java.lang.RuntimeException: Execution failed
	at ptolemy.moml.MoMLSimpleApplication$UnloadThread.run(MoMLSimpleApplication.java:402)
Caused by: ptolemy.kernel.util.IllegalActionException: Unknown inputs remain. Possible causality loop:
L_model_1893289564i

  in .CannotAnalysisWithPreemption.model_1893289564_region_1 and .CannotAnalysisWithPreemption.model_1893289564_region_1.L_model_1893289564i
	at ptolemy.actor.sched.FixedPointDirector.postfire(FixedPointDirector.java:515)
	at ptolemy.domains.sr.kernel.SRDirector.postfire(SRDirector.java:417)
	at ptolemy.actor.CompositeActor.postfire(CompositeActor.java:1668)
	at ptolemy.actor.Manager.iterate(Manager.java:852)
	at ptolemy.actor.Manager.execute(Manager.java:369)
	at ptolemy.actor.Manager.run(Manager.java:1263)
	at ptolemy.actor.Manager$PtolemyRunThread.run(Manager.java:1933)
java.lang.reflect.InvocationTargetException
	at java.base/jdk.internal.reflect.NativeConstructorAccessorImpl.newInstance0(Native Method)
	at java.base/jdk.internal.reflect.NativeConstructorAccessorImpl.newInstance(NativeConstructorAccessorImpl.java:62)
	at java.base/jdk.internal.reflect.DelegatingConstructorAccessorImpl.newInstance(DelegatingConstructorAccessorImpl.java:45)
	at java.base/java.lang.reflect.Constructor.newInstance(Constructor.java:490)
	at ptolemy.util.test.junit.AutoKnownFailedTests.RunModel(AutoKnownFailedTests.java:105)
	at java.base/jdk.internal.reflect.NativeMethodAccessorImpl.invoke0(Native Method)
	at java.base/jdk.internal.reflect.NativeMethodAccessorImpl.invoke(NativeMethodAccessorImpl.java:62)
	at java.base/jdk.internal.reflect.DelegatingMethodAccessorImpl.invoke(DelegatingMethodAccessorImpl.java:43)
	at java.base/java.lang.reflect.Method.invoke(Method.java:566)
	at org.junit.runners.model.FrameworkMethod$1.runReflectiveCall(FrameworkMethod.java:44)
	at org.junit.internal.runners.model.ReflectiveCallable.run(ReflectiveCallable.java:15)
	at org.junit.runners.model.FrameworkMethod.invokeExplosively(FrameworkMethod.java:41)
	at junitparams.internal.InvokeParameterisedMethod.evaluate(InvokeParameterisedMethod.java:102)
	at org.junit.internal.runners.statements.FailOnTimeout$1.run(FailOnTimeout.java:28)
Caused by: ptolemy.kernel.util.IllegalActionException: Unknown inputs remain. Possible causality loop:
L_model_1893289564i

  in .CannotAnalysisWithPreemption.model_1893289564_region_1 and .CannotAnalysisWithPreemption.model_1893289564_region_1.L_model_1893289564i
	at ptolemy.actor.sched.FixedPointDirector.postfire(FixedPointDirector.java:515)
	at ptolemy.domains.sr.kernel.SRDirector.postfire(SRDirector.java:417)
	at ptolemy.actor.CompositeActor.postfire(CompositeActor.java:1668)
	at ptolemy.actor.Manager.iterate(Manager.java:852)
	at ptolemy.actor.Manager.execute(Manager.java:369)
	at ptolemy.actor.Manager.run(Manager.java:1263)
	at ptolemy.actor.Manager$PtolemyRunThread.run(Manager.java:1933)
]]></system-err>
</testsuite>
