<?xml version="1.0" encoding="UTF-8" ?>
<testsuite errors="0" failures="0" hostname="travis-job-a92d689e-2f0c-4d67-bdc9-cbcdad24e61b" name="ptolemy.domains.de.test.junit.JUnitTclTest" skipped="0" tests="101" time="131.991" timestamp="2018-11-15T02:46:52">
  <properties>
[...]
</properties>
  <testcase classname="ptolemy.util.test.junit.TclTests" name="[0] /home/travis/build/icyphy/ptII/ptolemy/domains/de/test/DependencyLoop.tcl (RunTclFile)" time="0.676" />
  <testcase classname="ptolemy.util.test.junit.TclTests" name="[1] /home/travis/build/icyphy/ptII/ptolemy/domains/de/test/RunDETestsAsQSS.tcl (RunTclFile)" time="89.357" />
  <testcase classname="ptolemy.util.test.junit.AutoKnownFailedTests" name="[0] /home/travis/build/icyphy/ptII/ptolemy/domains/de/test/auto/knownFailedTests/DESDFClockTest.xml (RunModel)" time="2.033" />
  <testcase classname="ptolemy.util.test.junit.AutoKnownFailedTests" name="[1] /home/travis/build/icyphy/ptII/ptolemy/domains/de/test/auto/knownFailedTests/DirectFeedback.xml (RunModel)" time="0.02" />
  <testcase classname="ptolemy.util.test.junit.AutoKnownFailedTests" name="[2] /home/travis/build/icyphy/ptII/ptolemy/domains/de/test/auto/knownFailedTests/FSMSource.xml (RunModel)" time="0.021" />
  <testcase classname="ptolemy.util.test.junit.AutoKnownFailedTests" name="[3] /home/travis/build/icyphy/ptII/ptolemy/domains/de/test/auto/knownFailedTests/HierarchicalModel.xml (RunModel)" time="0.038" />
  <testcase classname="ptolemy.util.test.junit.AutoKnownFailedTests" name="[4] /home/travis/build/icyphy/ptII/ptolemy/domains/de/test/auto/knownFailedTests/dependencyLoop.xml (RunModel)" time="0.034" />
  <testcase classname="ptolemy.util.test.junit.AutoKnownFailedTests" name="[5] /home/travis/build/icyphy/ptII/ptolemy/domains/de/test/auto/knownFailedTests/dependencyLoop2.xml (RunModel)" time="0.041" />
  <testcase classname="ptolemy.util.test.junit.AutoNameArchTests" name="[0] ThereAreNoAutoArchTests (RunModel)" time="0.002" />
  <testcase classname="ptolemy.util.test.junit.AutoTests" name="[0] /home/travis/build/icyphy/ptII/ptolemy/domains/de/test/auto/ActorDepthCalculation_actorWithoutPorts.xml (RunModel)" time="0.018" />
  <testcase classname="ptolemy.util.test.junit.AutoTests" name="[1] /home/travis/build/icyphy/ptII/ptolemy/domains/de/test/auto/AssemblyLine.xml (RunModel)" time="0.031" />
  <testcase classname="ptolemy.util.test.junit.AutoTests" name="[2] /home/travis/build/icyphy/ptII/ptolemy/domains/de/test/auto/CQBug1.xml (RunModel)" time="0.017" />
  <testcase classname="ptolemy.util.test.junit.AutoTests" name="[3] /home/travis/build/icyphy/ptII/ptolemy/domains/de/test/auto/CancelFireAt.xml (RunModel)" time="0.011" />
  <testcase classname="ptolemy.util.test.junit.AutoTests" name="[4] /home/travis/build/icyphy/ptII/ptolemy/domains/de/test/auto/CausalityAndComposabilityAnalysis.xml (RunModel)" time="0.012" />
  <testcase classname="ptolemy.util.test.junit.AutoTests" name="[5] /home/travis/build/icyphy/ptII/ptolemy/domains/de/test/auto/CausalityInterface1.xml (RunModel)" time="0.016" />
  <testcase classname="ptolemy.util.test.junit.AutoTests" name="[6] /home/travis/build/icyphy/ptII/ptolemy/domains/de/test/auto/CausalityInterface15.xml (RunModel)" time="0.02" />
  <testcase classname="ptolemy.util.test.junit.AutoTests" name="[7] /home/travis/build/icyphy/ptII/ptolemy/domains/de/test/auto/CausalityInterface2.xml (RunModel)" time="0.015" />
  <testcase classname="ptolemy.util.test.junit.AutoTests" name="[8] /home/travis/build/icyphy/ptII/ptolemy/domains/de/test/auto/CausalityInterface3.xml (RunModel)" time="0.012" />
  <testcase classname="ptolemy.util.test.junit.AutoTests" name="[9] /home/travis/build/icyphy/ptII/ptolemy/domains/de/test/auto/ClockDrift.xml (RunModel)" time="0.05" />
  <testcase classname="ptolemy.util.test.junit.AutoTests" name="[10] /home/travis/build/icyphy/ptII/ptolemy/domains/de/test/auto/ClockDriftAndValueChange.xml (RunModel)" time="0.031" />
  <testcase classname="ptolemy.util.test.junit.AutoTests" name="[11] /home/travis/build/icyphy/ptII/ptolemy/domains/de/test/auto/ClockDriftChange.xml (RunModel)" time="0.035" />
  <testcase classname="ptolemy.util.test.junit.AutoTests" name="[12] /home/travis/build/icyphy/ptII/ptolemy/domains/de/test/auto/ComposableCausalityAnalysis.xml (RunModel)" time="0.02" />
  <testcase classname="ptolemy.util.test.junit.AutoTests" name="[13] /home/travis/build/icyphy/ptII/ptolemy/domains/de/test/auto/DEFixedPointLimitation.xml (RunModel)" time="0.009" />
  <testcase classname="ptolemy.util.test.junit.AutoTests" name="[14] /home/travis/build/icyphy/ptII/ptolemy/domains/de/test/auto/DEScheduleTest.xml (RunModel)" time="0.033" />
  <testcase classname="ptolemy.util.test.junit.AutoTests" name="[15] /home/travis/build/icyphy/ptII/ptolemy/domains/de/test/auto/DEinDEwithStartTimes.xml (RunModel)" time="0.016" />
  <testcase classname="ptolemy.util.test.junit.AutoTests" name="[16] /home/travis/build/icyphy/ptII/ptolemy/domains/de/test/auto/DEinDEwithStartTimes2.xml (RunModel)" time="0.015" />
  <testcase classname="ptolemy.util.test.junit.AutoTests" name="[17] /home/travis/build/icyphy/ptII/ptolemy/domains/de/test/auto/DateDemo.xml (RunModel)" time="0.028" />
  <testcase classname="ptolemy.util.test.junit.AutoTests" name="[18] /home/travis/build/icyphy/ptII/ptolemy/domains/de/test/auto/DateToEvent.xml (RunModel)" time="2.041" />
  <testcase classname="ptolemy.util.test.junit.AutoTests" name="[19] /home/travis/build/icyphy/ptII/ptolemy/domains/de/test/auto/DepthTest1.xml (RunModel)" time="0.022" />
  <testcase classname="ptolemy.util.test.junit.AutoTests" name="[20] /home/travis/build/icyphy/ptII/ptolemy/domains/de/test/auto/DepthTest2.xml (RunModel)" time="0.019" />
  <testcase classname="ptolemy.util.test.junit.AutoTests" name="[21] /home/travis/build/icyphy/ptII/ptolemy/domains/de/test/auto/DepthTest3.xml (RunModel)" time="0.008" />
  <testcase classname="ptolemy.util.test.junit.AutoTests" name="[22] /home/travis/build/icyphy/ptII/ptolemy/domains/de/test/auto/DepthTest4.xml (RunModel)" time="0.013" />
  <testcase classname="ptolemy.util.test.junit.AutoTests" name="[23] /home/travis/build/icyphy/ptII/ptolemy/domains/de/test/auto/DepthTest5.xml (RunModel)" time="0.015" />
  <testcase classname="ptolemy.util.test.junit.AutoTests" name="[24] /home/travis/build/icyphy/ptII/ptolemy/domains/de/test/auto/DepthTest6.xml (RunModel)" time="0.02" />
  <testcase classname="ptolemy.util.test.junit.AutoTests" name="[25] /home/travis/build/icyphy/ptII/ptolemy/domains/de/test/auto/DepthTest7.xml (RunModel)" time="0.013" />
  <testcase classname="ptolemy.util.test.junit.AutoTests" name="[26] /home/travis/build/icyphy/ptII/ptolemy/domains/de/test/auto/EventToDate.xml (RunModel)" time="3.037" />
  <testcase classname="ptolemy.util.test.junit.AutoTests" name="[27] /home/travis/build/icyphy/ptII/ptolemy/domains/de/test/auto/FSM1.xml (RunModel)" time="0.036" />
  <testcase classname="ptolemy.util.test.junit.AutoTests" name="[28] /home/travis/build/icyphy/ptII/ptolemy/domains/de/test/auto/FSM7.xml (RunModel)" time="0.059" />
  <testcase classname="ptolemy.util.test.junit.AutoTests" name="[29] /home/travis/build/icyphy/ptII/ptolemy/domains/de/test/auto/Inspection.xml (RunModel)" time="0.055" />
  <testcase classname="ptolemy.util.test.junit.AutoTests" name="[30] /home/travis/build/icyphy/ptII/ptolemy/domains/de/test/auto/Iteration.xml (RunModel)" time="0.027" />
  <testcase classname="ptolemy.util.test.junit.AutoTests" name="[31] /home/travis/build/icyphy/ptII/ptolemy/domains/de/test/auto/LineFault.xml (RunModel)" time="0.555" />
  <testcase classname="ptolemy.util.test.junit.AutoTests" name="[32] /home/travis/build/icyphy/ptII/ptolemy/domains/de/test/auto/MergeModel1Add.xml (RunModel)" time="0.045" />
  <testcase classname="ptolemy.util.test.junit.AutoTests" name="[33] /home/travis/build/icyphy/ptII/ptolemy/domains/de/test/auto/MergeModel2Add.xml (RunModel)" time="0.042" />
  <testcase classname="ptolemy.util.test.junit.AutoTests" name="[34] /home/travis/build/icyphy/ptII/ptolemy/domains/de/test/auto/MergeModel3Add.xml (RunModel)" time="0.04" />
  <testcase classname="ptolemy.util.test.junit.AutoTests" name="[35] /home/travis/build/icyphy/ptII/ptolemy/domains/de/test/auto/MergeWithoutDiscard.xml (RunModel)" time="0.011" />
  <testcase classname="ptolemy.util.test.junit.AutoTests" name="[36] /home/travis/build/icyphy/ptII/ptolemy/domains/de/test/auto/Modal1.xml (RunModel)" time="0.027" />
  <testcase classname="ptolemy.util.test.junit.AutoTests" name="[37] /home/travis/build/icyphy/ptII/ptolemy/domains/de/test/auto/Modal2.xml (RunModel)" time="0.029" />
  <testcase classname="ptolemy.util.test.junit.AutoTests" name="[38] /home/travis/build/icyphy/ptII/ptolemy/domains/de/test/auto/Modal3.xml (RunModel)" time="0.027" />
  <testcase classname="ptolemy.util.test.junit.AutoTests" name="[39] /home/travis/build/icyphy/ptII/ptolemy/domains/de/test/auto/Modal4.xml (RunModel)" time="0.033" />
  <testcase classname="ptolemy.util.test.junit.AutoTests" name="[40] /home/travis/build/icyphy/ptII/ptolemy/domains/de/test/auto/Modal5.xml (RunModel)" time="0.03" />
  <testcase classname="ptolemy.util.test.junit.AutoTests" name="[41] /home/travis/build/icyphy/ptII/ptolemy/domains/de/test/auto/Modal6.xml (RunModel)" time="0.029" />
  <testcase classname="ptolemy.util.test.junit.AutoTests" name="[42] /home/travis/build/icyphy/ptII/ptolemy/domains/de/test/auto/Modal7.xml (RunModel)" time="0.026" />
  <testcase classname="ptolemy.util.test.junit.AutoTests" name="[43] /home/travis/build/icyphy/ptII/ptolemy/domains/de/test/auto/ModalModel.xml (RunModel)" time="0.139" />
  <testcase classname="ptolemy.util.test.junit.AutoTests" name="[44] /home/travis/build/icyphy/ptII/ptolemy/domains/de/test/auto/ModalSource.xml (RunModel)" time="0.017" />
  <testcase classname="ptolemy.util.test.junit.AutoTests" name="[45] /home/travis/build/icyphy/ptII/ptolemy/domains/de/test/auto/NonInterruptibleTimerZeroDelay.xml (RunModel)" time="0.01" />
  <testcase classname="ptolemy.util.test.junit.AutoTests" name="[46] /home/travis/build/icyphy/ptII/ptolemy/domains/de/test/auto/OpenQueueingNetwork.xml (RunModel)" time="2.21" />
  <testcase classname="ptolemy.util.test.junit.AutoTests" name="[47] /home/travis/build/icyphy/ptII/ptolemy/domains/de/test/auto/OpenQueuingNetwork.xml (RunModel)" time="0.267" />
  <testcase classname="ptolemy.util.test.junit.AutoTests" name="[48] /home/travis/build/icyphy/ptII/ptolemy/domains/de/test/auto/PeriodicSampler.xml (RunModel)" time="0.008" />
  <testcase classname="ptolemy.util.test.junit.AutoTests" name="[49] /home/travis/build/icyphy/ptII/ptolemy/domains/de/test/auto/PersistentIO.xml (RunModel)" time="0.02" />
  <testcase classname="ptolemy.util.test.junit.AutoTests" name="[50] /home/travis/build/icyphy/ptII/ptolemy/domains/de/test/auto/PortParameterResetOnInitialize.xml (RunModel)" time="0.009" />
  <testcase classname="ptolemy.util.test.junit.AutoTests" name="[51] /home/travis/build/icyphy/ptII/ptolemy/domains/de/test/auto/PortParameterUpdates.xml (RunModel)" time="0.017" />
  <testcase classname="ptolemy.util.test.junit.AutoTests" name="[52] /home/travis/build/icyphy/ptII/ptolemy/domains/de/test/auto/QueueAndServer.xml (RunModel)" time="0.021" />
  <testcase classname="ptolemy.util.test.junit.AutoTests" name="[53] /home/travis/build/icyphy/ptII/ptolemy/domains/de/test/auto/Records.xml (RunModel)" time="0.022" />
  <testcase classname="ptolemy.util.test.junit.AutoTests" name="[54] /home/travis/build/icyphy/ptII/ptolemy/domains/de/test/auto/ResetTransitionWithStartTime1.xml (RunModel)" time="0.022" />
  <testcase classname="ptolemy.util.test.junit.AutoTests" name="[55] /home/travis/build/icyphy/ptII/ptolemy/domains/de/test/auto/ResetTransitionWithStartTime2.xml (RunModel)" time="0.018" />
  <testcase classname="ptolemy.util.test.junit.AutoTests" name="[56] /home/travis/build/icyphy/ptII/ptolemy/domains/de/test/auto/ResetTransitionWithStartTime3.xml (RunModel)" time="0.018" />
  <testcase classname="ptolemy.util.test.junit.AutoTests" name="[57] /home/travis/build/icyphy/ptII/ptolemy/domains/de/test/auto/ResetTransitionWithStartTime4.xml (RunModel)" time="0.017" />
  <testcase classname="ptolemy.util.test.junit.AutoTests" name="[58] /home/travis/build/icyphy/ptII/ptolemy/domains/de/test/auto/ResettableTimer1.xml (RunModel)" time="0.011" />
  <testcase classname="ptolemy.util.test.junit.AutoTests" name="[59] /home/travis/build/icyphy/ptII/ptolemy/domains/de/test/auto/ResettableTimer2.xml (RunModel)" time="0.009" />
  <testcase classname="ptolemy.util.test.junit.AutoTests" name="[60] /home/travis/build/icyphy/ptII/ptolemy/domains/de/test/auto/ResettableTimer3.xml (RunModel)" time="0.009" />
  <testcase classname="ptolemy.util.test.junit.AutoTests" name="[61] /home/travis/build/icyphy/ptII/ptolemy/domains/de/test/auto/ResettableTimer4.xml (RunModel)" time="0.018" />
  <testcase classname="ptolemy.util.test.junit.AutoTests" name="[62] /home/travis/build/icyphy/ptII/ptolemy/domains/de/test/auto/ResettableTimer5.xml (RunModel)" time="0.01" />
  <testcase classname="ptolemy.util.test.junit.AutoTests" name="[63] /home/travis/build/icyphy/ptII/ptolemy/domains/de/test/auto/ResettableTimer6.xml (RunModel)" time="0.017" />
  <testcase classname="ptolemy.util.test.junit.AutoTests" name="[64] /home/travis/build/icyphy/ptII/ptolemy/domains/de/test/auto/ServerZeroDelay.xml (RunModel)" time="0.011" />
  <testcase classname="ptolemy.util.test.junit.AutoTests" name="[65] /home/travis/build/icyphy/ptII/ptolemy/domains/de/test/auto/SmartSender.xml (RunModel)" time="3.008" />
  <testcase classname="ptolemy.util.test.junit.AutoTests" name="[66] /home/travis/build/icyphy/ptII/ptolemy/domains/de/test/auto/ThreadedComposite.xml (RunModel)" time="2.026" />
  <testcase classname="ptolemy.util.test.junit.AutoTests" name="[67] /home/travis/build/icyphy/ptII/ptolemy/domains/de/test/auto/Time.xml (RunModel)" time="0.428" />
  <testcase classname="ptolemy.util.test.junit.AutoTests" name="[68] /home/travis/build/icyphy/ptII/ptolemy/domains/de/test/auto/TimeDelayZeroDelay.xml (RunModel)" time="0.012" />
  <testcase classname="ptolemy.util.test.junit.AutoTests" name="[69] /home/travis/build/icyphy/ptII/ptolemy/domains/de/test/auto/TimerZeroDelay.xml (RunModel)" time="0.01" />
  <testcase classname="ptolemy.util.test.junit.AutoTests" name="[70] /home/travis/build/icyphy/ptII/ptolemy/domains/de/test/auto/TimingParadox.xml (RunModel)" time="0.334" />
  <testcase classname="ptolemy.util.test.junit.AutoTests" name="[71] /home/travis/build/icyphy/ptII/ptolemy/domains/de/test/auto/TransferInputs.xml (RunModel)" time="0.017" />
  <testcase classname="ptolemy.util.test.junit.AutoTests" name="[72] /home/travis/build/icyphy/ptII/ptolemy/domains/de/test/auto/TransferOutputs2.xml (RunModel)" time="0.016" />
  <testcase classname="ptolemy.util.test.junit.AutoTests" name="[73] /home/travis/build/icyphy/ptII/ptolemy/domains/de/test/auto/Trilateration.xml (RunModel)" time="11.957" />
  <testcase classname="ptolemy.util.test.junit.AutoTests" name="[74] /home/travis/build/icyphy/ptII/ptolemy/domains/de/test/auto/TwoSigmaDelta.xml (RunModel)" time="1.912" />
  <testcase classname="ptolemy.util.test.junit.AutoTests" name="[75] /home/travis/build/icyphy/ptII/ptolemy/domains/de/test/auto/VariableDelay.xml (RunModel)" time="0.009" />
  <testcase classname="ptolemy.util.test.junit.AutoTests" name="[76] /home/travis/build/icyphy/ptII/ptolemy/domains/de/test/auto/VariableDelay2.xml (RunModel)" time="0.01" />
  <testcase classname="ptolemy.util.test.junit.AutoTests" name="[77] /home/travis/build/icyphy/ptII/ptolemy/domains/de/test/auto/VariableDelayZeroDelay.xml (RunModel)" time="0.011" />
  <testcase classname="ptolemy.util.test.junit.AutoTests" name="[78] /home/travis/build/icyphy/ptII/ptolemy/domains/de/test/auto/VariableDelayZeroDelay2.xml (RunModel)" time="0.01" />
  <testcase classname="ptolemy.util.test.junit.AutoTests" name="[79] /home/travis/build/icyphy/ptII/ptolemy/domains/de/test/auto/deInCt.xml (RunModel)" time="0.016" />
  <testcase classname="ptolemy.util.test.junit.AutoTests" name="[80] /home/travis/build/icyphy/ptII/ptolemy/domains/de/test/auto/deInCt2.xml (RunModel)" time="0.014" />
  <testcase classname="ptolemy.util.test.junit.AutoTests" name="[81] /home/travis/build/icyphy/ptII/ptolemy/domains/de/test/auto/dynamicCausalityInterface1.xml (RunModel)" time="0.018" />
  <testcase classname="ptolemy.util.test.junit.AutoTests" name="[82] /home/travis/build/icyphy/ptII/ptolemy/domains/de/test/auto/fsm_de_test.xml (RunModel)" time="0.028" />
  <testcase classname="ptolemy.util.test.junit.AutoTests" name="[83] /home/travis/build/icyphy/ptII/ptolemy/domains/de/test/auto/functionDependencyReconstruction.xml (RunModel)" time="0.031" />
  <testcase classname="ptolemy.util.test.junit.AutoTests" name="[84] /home/travis/build/icyphy/ptII/ptolemy/domains/de/test/auto/multirate.xml (RunModel)" time="0.016" />
  <testcase classname="ptolemy.util.test.junit.AutoTests" name="[85] /home/travis/build/icyphy/ptII/ptolemy/domains/de/test/auto/multirate2.xml (RunModel)" time="0.015" />
  <testcase classname="ptolemy.util.test.junit.AutoTests" name="[86] /home/travis/build/icyphy/ptII/ptolemy/domains/de/test/auto/realtime.xml (RunModel)" time="10.011" />
  <testcase classname="ptolemy.util.test.junit.AutoTests" name="[87] /home/travis/build/icyphy/ptII/ptolemy/domains/de/test/auto/relationGroup.xml (RunModel)" time="0.009" />
  <testcase classname="ptolemy.util.test.junit.AutoTests" name="[88] /home/travis/build/icyphy/ptII/ptolemy/domains/de/test/auto/relationGroup2.xml (RunModel)" time="0.008" />
  <testcase classname="ptolemy.util.test.junit.AutoTests" name="[89] /home/travis/build/icyphy/ptII/ptolemy/domains/de/test/auto/sortWithOpaquePorts.xml (RunModel)" time="0.008" />
  <testcase classname="ptolemy.util.test.junit.AutoTests" name="[90] /home/travis/build/icyphy/ptII/ptolemy/domains/de/test/auto/transferInputsandOutputs.xml (RunModel)" time="0.016" />
  <testcase classname="ptolemy.util.test.junit.AutoTests" name="[91] /home/travis/build/icyphy/ptII/ptolemy/domains/de/test/auto/triggerType.xml (RunModel)" time="0.008" />
  <system-out><![CDATA[/home/travis/build/icyphy/ptII/ptolemy/domains/de/test/DependencyLoop.tcl
testDefs.tcl: setting time out to 9000 seconds at Thu Nov 15 02:46:52 UTC 2018
15 ms. Memory: 116224K Free: 93480K (80%)
6 ms. Memory: 146944K Free: 135509K (92%)
/home/travis/build/icyphy/ptII/ptolemy/domains/de/test/RunDETestsAsQSS.tcl
Run the DE tests using ptolemy.domains.qss.test.QSSDirectorTest, which extends QSSDirector and prints a message in the constructors.
------------------ testing $PTII/ptolemy/domains/de/test/auto/knownFailedTests/dependencyLoop.xml (Known Failure) 
6 ms. Memory: 146944K Free: 132397K (90%)


==== $PTIIhome/travis/build/icyphy/ptII/ptolemy/domains/de/test/../../../../: Auto Automatic test in file $PTII/ptolemy/domains/de/test/auto/knownFailedTests/dependencyLoop.xml
==== Contents of test case:

	    # FIXME: we should use $relativeFilename here, but it
	    # might have backslashes under Windows, which causes no end
	    # of trouble.
	    createAndExecute $file
	    list {}
	
.... Test generated KNOWN error:
    while executing
ptolemy.kernel.util.IllegalActionException: Found a zero delay loop containing .dependencyLoop.original
  in .dependencyLoop and .dependencyLoop.original
	at ptolemy.actor.util.CausalityInterfaceForComposites._computeOutputPortDepth(CausalityInterfaceForComposites.java:759)
	at ptolemy.actor.util.CausalityInterfaceForComposites._computeInputDepth(CausalityInterfaceForComposites.java:696)
	at ptolemy.actor.util.CausalityInterfaceForComposites._computeOutputPortDepth(CausalityInterfaceForComposites.java:765)
	at ptolemy.actor.util.CausalityInterfaceForComposites._computeInputDepth(CausalityInterfaceForComposites.java:696)
	at ptolemy.actor.util.CausalityInterfaceForComposites._computeOutputPortDepth(CausalityInterfaceForComposites.java:765)
	at ptolemy.actor.util.CausalityInterfaceForComposites._computeInputDepth(CausalityInterfaceForComposites.java:696)
	at ptolemy.actor.util.CausalityInterfaceForComposites._computeActorDepth(CausalityInterfaceForComposites.java:532)
	at ptolemy.actor.util.CausalityInterfaceForComposites.checkForCycles(CausalityInterfaceForComposites.java:96)
	at ptolemy.domains.de.kernel.DEDirector.preinitialize(DEDirector.java:1338)
	at ptolemy.actor.CompositeActor.preinitialize(CompositeActor.java:1828)
	at ptolemy.actor.Manager.preinitializeAndResolveTypes(Manager.java:1040)
	at ptolemy.actor.Manager.initialize(Manager.java:710)
	at ptolemy.actor.Manager.execute(Manager.java:356)
	at ptolemy.actor.Manager.run(Manager.java:1263)
	at ptolemy.actor.Manager$PtolemyRunThread.run(Manager.java:1915)

    while executing
ptolemy.kernel.util.IllegalActionException: Found a zero delay loop containing .dependencyLoop.original
  in .dependencyLoop and .dependencyLoop.original
    while executing
"java::new ptolemy.moml.MoMLSimpleApplication $file
"
    (procedure "createAndExecute" line 2)
    invoked from within
"createAndExecute $file"
    ("uplevel" body line 5)
    invoked from within
"uplevel $contents_of_test"
------------------ testing $PTII/ptolemy/domains/de/test/auto/knownFailedTests/DESDFClockTest.xml (Known Failure) 
2092 ms. Memory: 146944K Free: 116641K (79%)


==== $PTIIhome/travis/build/icyphy/ptII/ptolemy/domains/de/test/../../../../: Auto Automatic test in file $PTII/ptolemy/domains/de/test/auto/knownFailedTests/DESDFClockTest.xml
==== Contents of test case:

	    # FIXME: we should use $relativeFilename here, but it
	    # might have backslashes under Windows, which causes no end
	    # of trouble.
	    createAndExecute $file
	    list {}
	
.... Test generated KNOWN error:
    while executing
ptolemy.kernel.util.IllegalActionException: Actor is not ready to fire.  Perhaps UpSample.prefire() returned false? Try debugging the actor by selecting "Listen to Actor".  Also, for SDF check moml for tokenConsumptionRate on input.
  in .DESDFClockTest.Play Bell.Copy1:SDF Director and .DESDFClockTest.Play Bell.UpSample
	at ptolemy.actor.sched.StaticSchedulingDirector.fire(StaticSchedulingDirector.java:227)
	at ptolemy.domains.sdf.kernel.SDFDirector.fire(SDFDirector.java:500)
	at ptolemy.actor.CompositeActor.fire(CompositeActor.java:455)
	at ptolemy.domains.de.kernel.DEDirector._fire(DEDirector.java:1949)
	at ptolemy.domains.de.kernel.DEDirector.fire(DEDirector.java:502)
	at ptolemy.actor.CompositeActor.fire(CompositeActor.java:455)
	at ptolemy.actor.Manager.iterate(Manager.java:851)
	at ptolemy.actor.Manager.execute(Manager.java:369)
	at ptolemy.actor.Manager.run(Manager.java:1263)
	at ptolemy.actor.Manager$PtolemyRunThread.run(Manager.java:1915)

    while executing
ptolemy.kernel.util.IllegalActionException: Actor is not ready to fire.  Perhaps UpSample.prefire() returned false? Try debugging the actor by selecting "Listen to Actor".  Also, for SDF check moml for tokenConsumptionRate on input.
  in .DESDFClockTest.Play Bell.Copy1:SDF Director and .DESDFClockTest.Play Bell.UpSample
    while executing
"java::new ptolemy.moml.MoMLSimpleApplication $file
"
    (procedure "createAndExecute" line 2)
    invoked from within
"createAndExecute $file"
    ("uplevel" body line 5)
    invoked from within
"uplevel $contents_of_test"
------------------ testing $PTII/ptolemy/domains/de/test/auto/knownFailedTests/FSMSource.xml (Known Failure) 
37 ms. Memory: 146944K Free: 107723K (73%)
!!!! Auto was marked as failing, but now passes
------------------ testing $PTII/ptolemy/domains/de/test/auto/knownFailedTests/dependencyLoop2.xml (Known Failure) 
12 ms. Memory: 146944K Free: 105863K (72%)


==== $PTIIhome/travis/build/icyphy/ptII/ptolemy/domains/de/test/../../../../: Auto Automatic test in file $PTII/ptolemy/domains/de/test/auto/knownFailedTests/dependencyLoop2.xml
==== Contents of test case:

	    # FIXME: we should use $relativeFilename here, but it
	    # might have backslashes under Windows, which causes no end
	    # of trouble.
	    createAndExecute $file
	    list {}
	
.... Test generated KNOWN error:
    while executing
ptolemy.kernel.util.IllegalActionException: Found a zero delay loop containing .dependencyLoop2.original
  in .dependencyLoop2 and .dependencyLoop2.original
	at ptolemy.actor.util.CausalityInterfaceForComposites._computeOutputPortDepth(CausalityInterfaceForComposites.java:759)
	at ptolemy.actor.util.CausalityInterfaceForComposites._computeInputDepth(CausalityInterfaceForComposites.java:696)
	at ptolemy.actor.util.CausalityInterfaceForComposites._computeOutputPortDepth(CausalityInterfaceForComposites.java:765)
	at ptolemy.actor.util.CausalityInterfaceForComposites._computeInputDepth(CausalityInterfaceForComposites.java:696)
	at ptolemy.actor.util.CausalityInterfaceForComposites._computeOutputPortDepth(CausalityInterfaceForComposites.java:765)
	at ptolemy.actor.util.CausalityInterfaceForComposites._computeInputDepth(CausalityInterfaceForComposites.java:696)
	at ptolemy.actor.util.CausalityInterfaceForComposites._computeActorDepth(CausalityInterfaceForComposites.java:532)
	at ptolemy.actor.util.CausalityInterfaceForComposites.checkForCycles(CausalityInterfaceForComposites.java:96)
	at ptolemy.domains.de.kernel.DEDirector.preinitialize(DEDirector.java:1338)
	at ptolemy.actor.CompositeActor.preinitialize(CompositeActor.java:1828)
	at ptolemy.actor.Manager.preinitializeAndResolveTypes(Manager.java:1040)
	at ptolemy.actor.Manager.initialize(Manager.java:710)
	at ptolemy.actor.Manager.execute(Manager.java:356)
	at ptolemy.actor.Manager.run(Manager.java:1263)
	at ptolemy.actor.Manager$PtolemyRunThread.run(Manager.java:1915)

    while executing
ptolemy.kernel.util.IllegalActionException: Found a zero delay loop containing .dependencyLoop2.original
  in .dependencyLoop2 and .dependencyLoop2.original
    while executing
"java::new ptolemy.moml.MoMLSimpleApplication $file
"
    (procedure "createAndExecute" line 2)
    invoked from within
"createAndExecute $file"
    ("uplevel" body line 5)
    invoked from within
"uplevel $contents_of_test"
------------------ testing $PTII/ptolemy/domains/de/test/auto/knownFailedTests/HierarchicalModel.xml (Known Failure) 
5 ms. Memory: 146944K Free: 84398K (57%)


==== $PTIIhome/travis/build/icyphy/ptII/ptolemy/domains/de/test/../../../../: Auto Automatic test in file $PTII/ptolemy/domains/de/test/auto/knownFailedTests/HierarchicalModel.xml
==== Contents of test case:

	    # FIXME: we should use $relativeFilename here, but it
	    # might have backslashes under Windows, which causes no end
	    # of trouble.
	    createAndExecute $file
	    list {}
	
.... Test generated KNOWN error:
    while executing
ptolemy.kernel.util.IllegalActionException: Found a zero delay loop containing .HierarchicalModel.A
  in .HierarchicalModel and .HierarchicalModel.A
	at ptolemy.actor.util.CausalityInterfaceForComposites._computeOutputPortDepth(CausalityInterfaceForComposites.java:759)
	at ptolemy.actor.util.CausalityInterfaceForComposites._computeInputDepth(CausalityInterfaceForComposites.java:696)
	at ptolemy.actor.util.CausalityInterfaceForComposites._computeOutputPortDepth(CausalityInterfaceForComposites.java:765)
	at ptolemy.actor.util.CausalityInterfaceForComposites._computeInputDepth(CausalityInterfaceForComposites.java:696)
	at ptolemy.actor.util.CausalityInterfaceForComposites._computeOutputPortDepth(CausalityInterfaceForComposites.java:765)
	at ptolemy.actor.util.CausalityInterfaceForComposites._computeInputDepth(CausalityInterfaceForComposites.java:696)
	at ptolemy.actor.util.CausalityInterfaceForComposites._computeActorDepth(CausalityInterfaceForComposites.java:532)
	at ptolemy.actor.util.CausalityInterfaceForComposites.checkForCycles(CausalityInterfaceForComposites.java:96)
	at ptolemy.domains.de.kernel.DEDirector.preinitialize(DEDirector.java:1338)
	at ptolemy.actor.CompositeActor.preinitialize(CompositeActor.java:1828)
	at ptolemy.actor.Manager.preinitializeAndResolveTypes(Manager.java:1040)
	at ptolemy.actor.Manager.initialize(Manager.java:710)
	at ptolemy.actor.Manager.execute(Manager.java:356)
	at ptolemy.actor.Manager.run(Manager.java:1263)
	at ptolemy.actor.Manager$PtolemyRunThread.run(Manager.java:1915)

    while executing
ptolemy.kernel.util.IllegalActionException: Found a zero delay loop containing .HierarchicalModel.A
  in .HierarchicalModel and .HierarchicalModel.A
    while executing
"java::new ptolemy.moml.MoMLSimpleApplication $file
"
    (procedure "createAndExecute" line 2)
    invoked from within
"createAndExecute $file"
    ("uplevel" body line 5)
    invoked from within
"uplevel $contents_of_test"
------------------ testing $PTII/ptolemy/domains/de/test/auto/knownFailedTests/DirectFeedback.xml (Known Failure) 
3 ms. Memory: 146944K Free: 141381K (96%)


==== $PTIIhome/travis/build/icyphy/ptII/ptolemy/domains/de/test/../../../../: Auto Automatic test in file $PTII/ptolemy/domains/de/test/auto/knownFailedTests/DirectFeedback.xml
==== Contents of test case:

	    # FIXME: we should use $relativeFilename here, but it
	    # might have backslashes under Windows, which causes no end
	    # of trouble.
	    createAndExecute $file
	    list {}
	
.... Test generated KNOWN error:
    while executing
ptolemy.kernel.util.IllegalActionException: Test fails in iteration 1.
Value was: 1.0. Should have been: 2.0
  in .DirectFeedback.Test
	at ptolemy.actor.lib.Test.fire(Test.java:268)
	at ptolemy.domains.de.kernel.DEDirector._fire(DEDirector.java:1949)
	at ptolemy.domains.de.kernel.DEDirector.fire(DEDirector.java:502)
	at ptolemy.actor.CompositeActor.fire(CompositeActor.java:455)
	at ptolemy.actor.Manager.iterate(Manager.java:851)
	at ptolemy.actor.Manager.execute(Manager.java:369)
	at ptolemy.actor.Manager.run(Manager.java:1263)
	at ptolemy.actor.Manager$PtolemyRunThread.run(Manager.java:1915)

    while executing
ptolemy.kernel.util.IllegalActionException: Test fails in iteration 1.
Value was: 1.0. Should have been: 2.0
  in .DirectFeedback.Test
    while executing
"java::new ptolemy.moml.MoMLSimpleApplication $file
"
    (procedure "createAndExecute" line 2)
    invoked from within
"createAndExecute $file"
    ("uplevel" body line 5)
    invoked from within
"uplevel $contents_of_test"
------------------ testing $PTII/ptolemy/domains/de/test/auto/ActorDepthCalculation_actorWithoutPorts.xml
auto.tcl: Setting watchdog for 200 seconds at Thu Nov 15 02:46:55 UTC 2018
5 ms. Memory: 146944K Free: 132409K (90%)
ptolemy.util.test.WatchDog.cancel(): canceling Thu Nov 15 02:46:55 UTC 2018
auto.tcl: Setting watchdog for 200 seconds at Thu Nov 15 02:46:55 UTC 2018
3 ms. Memory: 146944K Free: 131368K (89%)
ptolemy.util.test.WatchDog.cancel(): canceling Thu Nov 15 02:46:55 UTC 2018
------------------ testing $PTII/ptolemy/domains/de/test/auto/AssemblyLine.xml
auto.tcl: Setting watchdog for 200 seconds at Thu Nov 15 02:46:55 UTC 2018
12 ms. Memory: 208384K Free: 182817K (88%)
ptolemy.util.test.WatchDog.cancel(): canceling Thu Nov 15 02:46:56 UTC 2018
auto.tcl: Setting watchdog for 200 seconds at Thu Nov 15 02:46:56 UTC 2018
12 ms. Memory: 208384K Free: 182817K (88%)
ptolemy.util.test.WatchDog.cancel(): canceling Thu Nov 15 02:46:56 UTC 2018
------------------ testing $PTII/ptolemy/domains/de/test/auto/CQBug1.xml
auto.tcl: Setting watchdog for 200 seconds at Thu Nov 15 02:46:56 UTC 2018
4 ms. Memory: 208384K Free: 197699K (95%)
ptolemy.util.test.WatchDog.cancel(): canceling Thu Nov 15 02:46:56 UTC 2018
auto.tcl: Setting watchdog for 200 seconds at Thu Nov 15 02:46:56 UTC 2018
2 ms. Memory: 208384K Free: 197699K (95%)
ptolemy.util.test.WatchDog.cancel(): canceling Thu Nov 15 02:46:56 UTC 2018
------------------ testing $PTII/ptolemy/domains/de/test/auto/CancelFireAt.xml
auto.tcl: Setting watchdog for 200 seconds at Thu Nov 15 02:46:56 UTC 2018
10 ms. Memory: 208384K Free: 201423K (97%)
ptolemy.util.test.WatchDog.cancel(): canceling Thu Nov 15 02:46:56 UTC 2018
auto.tcl: Setting watchdog for 200 seconds at Thu Nov 15 02:46:56 UTC 2018
3 ms. Memory: 208384K Free: 199319K (96%)
ptolemy.util.test.WatchDog.cancel(): canceling Thu Nov 15 02:46:56 UTC 2018
------------------ testing $PTII/ptolemy/domains/de/test/auto/CausalityAndComposabilityAnalysis.xml
auto.tcl: Setting watchdog for 200 seconds at Thu Nov 15 02:46:56 UTC 2018
15 ms. Memory: 208384K Free: 196475K (94%)
ptolemy.util.test.WatchDog.cancel(): canceling Thu Nov 15 02:46:56 UTC 2018
auto.tcl: Setting watchdog for 200 seconds at Thu Nov 15 02:46:56 UTC 2018
4 ms. Memory: 208384K Free: 196475K (94%)
ptolemy.util.test.WatchDog.cancel(): canceling Thu Nov 15 02:46:56 UTC 2018
------------------ testing $PTII/ptolemy/domains/de/test/auto/CausalityInterface1.xml
auto.tcl: Setting watchdog for 200 seconds at Thu Nov 15 02:46:56 UTC 2018
27 ms. Memory: 208384K Free: 196411K (94%)
ptolemy.util.test.WatchDog.cancel(): canceling Thu Nov 15 02:46:56 UTC 2018
auto.tcl: Setting watchdog for 200 seconds at Thu Nov 15 02:46:56 UTC 2018
6 ms. Memory: 208384K Free: 196411K (94%)
ptolemy.util.test.WatchDog.cancel(): canceling Thu Nov 15 02:46:56 UTC 2018
------------------ testing $PTII/ptolemy/domains/de/test/auto/CausalityInterface15.xml
auto.tcl: Setting watchdog for 200 seconds at Thu Nov 15 02:46:56 UTC 2018
8 ms. Memory: 208384K Free: 196401K (94%)
ptolemy.util.test.WatchDog.cancel(): canceling Thu Nov 15 02:46:56 UTC 2018
auto.tcl: Setting watchdog for 200 seconds at Thu Nov 15 02:46:56 UTC 2018
8 ms. Memory: 208384K Free: 196401K (94%)
ptolemy.util.test.WatchDog.cancel(): canceling Thu Nov 15 02:46:56 UTC 2018
------------------ testing $PTII/ptolemy/domains/de/test/auto/CausalityInterface2.xml
auto.tcl: Setting watchdog for 200 seconds at Thu Nov 15 02:46:56 UTC 2018
5 ms. Memory: 208384K Free: 196385K (94%)
ptolemy.util.test.WatchDog.cancel(): canceling Thu Nov 15 02:46:56 UTC 2018
auto.tcl: Setting watchdog for 200 seconds at Thu Nov 15 02:46:56 UTC 2018
2 ms. Memory: 208384K Free: 196385K (94%)
ptolemy.util.test.WatchDog.cancel(): canceling Thu Nov 15 02:46:56 UTC 2018
------------------ testing $PTII/ptolemy/domains/de/test/auto/CausalityInterface3.xml
auto.tcl: Setting watchdog for 200 seconds at Thu Nov 15 02:46:56 UTC 2018
11 ms. Memory: 208384K Free: 196398K (94%)
ptolemy.util.test.WatchDog.cancel(): canceling Thu Nov 15 02:46:56 UTC 2018
auto.tcl: Setting watchdog for 200 seconds at Thu Nov 15 02:46:56 UTC 2018
8 ms. Memory: 208384K Free: 196398K (94%)
ptolemy.util.test.WatchDog.cancel(): canceling Thu Nov 15 02:46:56 UTC 2018
------------------ testing $PTII/ptolemy/domains/de/test/auto/ClockDrift.xml
auto.tcl: Setting watchdog for 200 seconds at Thu Nov 15 02:46:56 UTC 2018
90 ms. Memory: 208384K Free: 187617K (90%)
ptolemy.util.test.WatchDog.cancel(): canceling Thu Nov 15 02:46:56 UTC 2018
auto.tcl: Setting watchdog for 200 seconds at Thu Nov 15 02:46:56 UTC 2018
49 ms. Memory: 208384K Free: 185513K (89%)
ptolemy.util.test.WatchDog.cancel(): canceling Thu Nov 15 02:46:57 UTC 2018
------------------ testing $PTII/ptolemy/domains/de/test/auto/ClockDriftAndValueChange.xml
auto.tcl: Setting watchdog for 200 seconds at Thu Nov 15 02:46:57 UTC 2018
41 ms. Memory: 208384K Free: 187452K (90%)
ptolemy.util.test.WatchDog.cancel(): canceling Thu Nov 15 02:46:57 UTC 2018
auto.tcl: Setting watchdog for 200 seconds at Thu Nov 15 02:46:57 UTC 2018
35 ms. Memory: 208384K Free: 185348K (89%)
ptolemy.util.test.WatchDog.cancel(): canceling Thu Nov 15 02:46:57 UTC 2018
------------------ testing $PTII/ptolemy/domains/de/test/auto/ClockDriftChange.xml
auto.tcl: Setting watchdog for 200 seconds at Thu Nov 15 02:46:57 UTC 2018
33 ms. Memory: 208384K Free: 190779K (92%)
ptolemy.util.test.WatchDog.cancel(): canceling Thu Nov 15 02:46:57 UTC 2018
auto.tcl: Setting watchdog for 200 seconds at Thu Nov 15 02:46:57 UTC 2018
29 ms. Memory: 208384K Free: 188675K (91%)
ptolemy.util.test.WatchDog.cancel(): canceling Thu Nov 15 02:46:57 UTC 2018
------------------ testing $PTII/ptolemy/domains/de/test/auto/ComposableCausalityAnalysis.xml
auto.tcl: Setting watchdog for 200 seconds at Thu Nov 15 02:46:57 UTC 2018
2 ms. Memory: 208384K Free: 196252K (94%)
ptolemy.util.test.WatchDog.cancel(): canceling Thu Nov 15 02:46:57 UTC 2018
auto.tcl: Setting watchdog for 200 seconds at Thu Nov 15 02:46:57 UTC 2018
2 ms. Memory: 208384K Free: 194148K (93%)
ptolemy.util.test.WatchDog.cancel(): canceling Thu Nov 15 02:46:57 UTC 2018
------------------ testing $PTII/ptolemy/domains/de/test/auto/DEFixedPointLimitation.xml
auto.tcl: Setting watchdog for 200 seconds at Thu Nov 15 02:46:57 UTC 2018
1 ms. Memory: 208384K Free: 196333K (94%)
ptolemy.util.test.WatchDog.cancel(): canceling Thu Nov 15 02:46:57 UTC 2018
auto.tcl: Setting watchdog for 200 seconds at Thu Nov 15 02:46:57 UTC 2018
2 ms. Memory: 208384K Free: 196333K (94%)
ptolemy.util.test.WatchDog.cancel(): canceling Thu Nov 15 02:46:57 UTC 2018
------------------ testing $PTII/ptolemy/domains/de/test/auto/DEScheduleTest.xml
auto.tcl: Setting watchdog for 200 seconds at Thu Nov 15 02:46:57 UTC 2018
3 ms. Memory: 208384K Free: 198473K (95%)
ptolemy.util.test.WatchDog.cancel(): canceling Thu Nov 15 02:46:57 UTC 2018
auto.tcl: Setting watchdog for 200 seconds at Thu Nov 15 02:46:57 UTC 2018
4 ms. Memory: 208384K Free: 196369K (94%)
ptolemy.util.test.WatchDog.cancel(): canceling Thu Nov 15 02:46:57 UTC 2018
------------------ testing $PTII/ptolemy/domains/de/test/auto/DEinDEwithStartTimes.xml
auto.tcl: Setting watchdog for 200 seconds at Thu Nov 15 02:46:57 UTC 2018
10 ms. Memory: 208384K Free: 196338K (94%)
ptolemy.util.test.WatchDog.cancel(): canceling Thu Nov 15 02:46:57 UTC 2018
auto.tcl: Setting watchdog for 200 seconds at Thu Nov 15 02:46:57 UTC 2018
6 ms. Memory: 208384K Free: 194234K (93%)
ptolemy.util.test.WatchDog.cancel(): canceling Thu Nov 15 02:46:57 UTC 2018
------------------ testing $PTII/ptolemy/domains/de/test/auto/DEinDEwithStartTimes2.xml
auto.tcl: Setting watchdog for 200 seconds at Thu Nov 15 02:46:57 UTC 2018
4 ms. Memory: 208384K Free: 196318K (94%)
ptolemy.util.test.WatchDog.cancel(): canceling Thu Nov 15 02:46:57 UTC 2018
auto.tcl: Setting watchdog for 200 seconds at Thu Nov 15 02:46:57 UTC 2018
4 ms. Memory: 208384K Free: 194214K (93%)
ptolemy.util.test.WatchDog.cancel(): canceling Thu Nov 15 02:46:57 UTC 2018
------------------ testing $PTII/ptolemy/domains/de/test/auto/DateDemo.xml
auto.tcl: Setting watchdog for 200 seconds at Thu Nov 15 02:46:57 UTC 2018
17 ms. Memory: 208384K Free: 188735K (91%)
ptolemy.util.test.WatchDog.cancel(): canceling Thu Nov 15 02:46:57 UTC 2018
auto.tcl: Setting watchdog for 200 seconds at Thu Nov 15 02:46:57 UTC 2018
10 ms. Memory: 208384K Free: 186631K (90%)
ptolemy.util.test.WatchDog.cancel(): canceling Thu Nov 15 02:46:57 UTC 2018
------------------ testing $PTII/ptolemy/domains/de/test/auto/DateToEvent.xml
auto.tcl: Setting watchdog for 200 seconds at Thu Nov 15 02:46:57 UTC 2018
2014 ms. Memory: 208384K Free: 183446K (88%)
ptolemy.util.test.WatchDog.cancel(): canceling Thu Nov 15 02:47:00 UTC 2018
auto.tcl: Setting watchdog for 200 seconds at Thu Nov 15 02:47:00 UTC 2018
2004 ms. Memory: 208384K Free: 180988K (87%)
ptolemy.util.test.WatchDog.cancel(): canceling Thu Nov 15 02:47:02 UTC 2018
------------------ testing $PTII/ptolemy/domains/de/test/auto/DepthTest1.xml
auto.tcl: Setting watchdog for 200 seconds at Thu Nov 15 02:47:02 UTC 2018
4 ms. Memory: 208384K Free: 198338K (95%)
ptolemy.util.test.WatchDog.cancel(): canceling Thu Nov 15 02:47:02 UTC 2018
auto.tcl: Setting watchdog for 200 seconds at Thu Nov 15 02:47:02 UTC 2018
5 ms. Memory: 208384K Free: 198338K (95%)
ptolemy.util.test.WatchDog.cancel(): canceling Thu Nov 15 02:47:02 UTC 2018
------------------ testing $PTII/ptolemy/domains/de/test/auto/DepthTest2.xml
auto.tcl: Setting watchdog for 200 seconds at Thu Nov 15 02:47:02 UTC 2018
7 ms. Memory: 208384K Free: 194194K (93%)
ptolemy.util.test.WatchDog.cancel(): canceling Thu Nov 15 02:47:02 UTC 2018
auto.tcl: Setting watchdog for 200 seconds at Thu Nov 15 02:47:02 UTC 2018
2 ms. Memory: 208384K Free: 194194K (93%)
ptolemy.util.test.WatchDog.cancel(): canceling Thu Nov 15 02:47:02 UTC 2018
------------------ testing $PTII/ptolemy/domains/de/test/auto/DepthTest3.xml
auto.tcl: Setting watchdog for 200 seconds at Thu Nov 15 02:47:02 UTC 2018
2 ms. Memory: 208384K Free: 198335K (95%)
ptolemy.util.test.WatchDog.cancel(): canceling Thu Nov 15 02:47:02 UTC 2018
auto.tcl: Setting watchdog for 200 seconds at Thu Nov 15 02:47:02 UTC 2018
1 ms. Memory: 208384K Free: 198335K (95%)
ptolemy.util.test.WatchDog.cancel(): canceling Thu Nov 15 02:47:02 UTC 2018
------------------ testing $PTII/ptolemy/domains/de/test/auto/DepthTest4.xml
auto.tcl: Setting watchdog for 200 seconds at Thu Nov 15 02:47:02 UTC 2018
3 ms. Memory: 208384K Free: 196318K (94%)
ptolemy.util.test.WatchDog.cancel(): canceling Thu Nov 15 02:47:02 UTC 2018
auto.tcl: Setting watchdog for 200 seconds at Thu Nov 15 02:47:02 UTC 2018
2 ms. Memory: 208384K Free: 196318K (94%)
ptolemy.util.test.WatchDog.cancel(): canceling Thu Nov 15 02:47:02 UTC 2018
------------------ testing $PTII/ptolemy/domains/de/test/auto/DepthTest5.xml
auto.tcl: Setting watchdog for 200 seconds at Thu Nov 15 02:47:02 UTC 2018
3 ms. Memory: 208384K Free: 196602K (94%)
ptolemy.util.test.WatchDog.cancel(): canceling Thu Nov 15 02:47:02 UTC 2018
auto.tcl: Setting watchdog for 200 seconds at Thu Nov 15 02:47:02 UTC 2018
3 ms. Memory: 208384K Free: 196602K (94%)
ptolemy.util.test.WatchDog.cancel(): canceling Thu Nov 15 02:47:02 UTC 2018
------------------ testing $PTII/ptolemy/domains/de/test/auto/DepthTest6.xml
auto.tcl: Setting watchdog for 200 seconds at Thu Nov 15 02:47:02 UTC 2018
6 ms. Memory: 208384K Free: 196569K (94%)
ptolemy.util.test.WatchDog.cancel(): canceling Thu Nov 15 02:47:02 UTC 2018
auto.tcl: Setting watchdog for 200 seconds at Thu Nov 15 02:47:02 UTC 2018
3 ms. Memory: 208384K Free: 196232K (94%)
ptolemy.util.test.WatchDog.cancel(): canceling Thu Nov 15 02:47:02 UTC 2018
------------------ testing $PTII/ptolemy/domains/de/test/auto/DepthTest7.xml
auto.tcl: Setting watchdog for 200 seconds at Thu Nov 15 02:47:02 UTC 2018
2 ms. Memory: 208384K Free: 196222K (94%)
ptolemy.util.test.WatchDog.cancel(): canceling Thu Nov 15 02:47:02 UTC 2018
auto.tcl: Setting watchdog for 200 seconds at Thu Nov 15 02:47:02 UTC 2018
2 ms. Memory: 208384K Free: 196222K (94%)
ptolemy.util.test.WatchDog.cancel(): canceling Thu Nov 15 02:47:02 UTC 2018
------------------ testing $PTII/ptolemy/domains/de/test/auto/EventToDate.xml
auto.tcl: Setting watchdog for 200 seconds at Thu Nov 15 02:47:02 UTC 2018
3010 ms. Memory: 208384K Free: 185721K (89%)
ptolemy.util.test.WatchDog.cancel(): canceling Thu Nov 15 02:47:05 UTC 2018
auto.tcl: Setting watchdog for 200 seconds at Thu Nov 15 02:47:05 UTC 2018
3003 ms. Memory: 208384K Free: 185721K (89%)
ptolemy.util.test.WatchDog.cancel(): canceling Thu Nov 15 02:47:08 UTC 2018
------------------ testing $PTII/ptolemy/domains/de/test/auto/FSM1.xml
auto.tcl: Setting watchdog for 200 seconds at Thu Nov 15 02:47:08 UTC 2018
41 ms. Memory: 208384K Free: 189266K (91%)
ptolemy.util.test.WatchDog.cancel(): canceling Thu Nov 15 02:47:08 UTC 2018
auto.tcl: Setting watchdog for 200 seconds at Thu Nov 15 02:47:08 UTC 2018
13 ms. Memory: 208384K Free: 185057K (89%)
ptolemy.util.test.WatchDog.cancel(): canceling Thu Nov 15 02:47:08 UTC 2018
------------------ testing $PTII/ptolemy/domains/de/test/auto/FSM7.xml
auto.tcl: Setting watchdog for 200 seconds at Thu Nov 15 02:47:08 UTC 2018
15 ms. Memory: 208384K Free: 187365K (90%)
ptolemy.util.test.WatchDog.cancel(): canceling Thu Nov 15 02:47:08 UTC 2018
auto.tcl: Setting watchdog for 200 seconds at Thu Nov 15 02:47:08 UTC 2018
13 ms. Memory: 208384K Free: 185261K (89%)
ptolemy.util.test.WatchDog.cancel(): canceling Thu Nov 15 02:47:08 UTC 2018
------------------ testing $PTII/ptolemy/domains/de/test/auto/Inspection.xml
auto.tcl: Setting watchdog for 200 seconds at Thu Nov 15 02:47:09 UTC 2018
37 ms. Memory: 208384K Free: 188918K (91%)
ptolemy.util.test.WatchDog.cancel(): canceling Thu Nov 15 02:47:09 UTC 2018
auto.tcl: Setting watchdog for 200 seconds at Thu Nov 15 02:47:09 UTC 2018
31 ms. Memory: 208384K Free: 186814K (90%)
ptolemy.util.test.WatchDog.cancel(): canceling Thu Nov 15 02:47:09 UTC 2018
------------------ testing $PTII/ptolemy/domains/de/test/auto/Iteration.xml
auto.tcl: Setting watchdog for 200 seconds at Thu Nov 15 02:47:09 UTC 2018
17 ms. Memory: 208384K Free: 196030K (94%)
ptolemy.util.test.WatchDog.cancel(): canceling Thu Nov 15 02:47:09 UTC 2018
auto.tcl: Setting watchdog for 200 seconds at Thu Nov 15 02:47:09 UTC 2018
7 ms. Memory: 208384K Free: 193926K (93%)
ptolemy.util.test.WatchDog.cancel(): canceling Thu Nov 15 02:47:09 UTC 2018
------------------ testing $PTII/ptolemy/domains/de/test/auto/LineFault.xml
auto.tcl: Setting watchdog for 200 seconds at Thu Nov 15 02:47:09 UTC 2018
765 ms. Memory: 208384K Free: 196204K (94%)
ptolemy.util.test.WatchDog.cancel(): canceling Thu Nov 15 02:47:10 UTC 2018
auto.tcl: Setting watchdog for 200 seconds at Thu Nov 15 02:47:10 UTC 2018
609 ms. Memory: 208384K Free: 138756K (67%)
ptolemy.util.test.WatchDog.cancel(): canceling Thu Nov 15 02:47:10 UTC 2018
------------------ testing $PTII/ptolemy/domains/de/test/auto/MergeModel1Add.xml
auto.tcl: Setting watchdog for 200 seconds at Thu Nov 15 02:47:10 UTC 2018
30 ms. Memory: 331264K Free: 298852K (90%)
ptolemy.util.test.WatchDog.cancel(): canceling Thu Nov 15 02:47:11 UTC 2018
auto.tcl: Setting watchdog for 200 seconds at Thu Nov 15 02:47:11 UTC 2018
10 ms. Memory: 331264K Free: 298852K (90%)
ptolemy.util.test.WatchDog.cancel(): canceling Thu Nov 15 02:47:11 UTC 2018
------------------ testing $PTII/ptolemy/domains/de/test/auto/MergeModel2Add.xml
auto.tcl: Setting watchdog for 200 seconds at Thu Nov 15 02:47:11 UTC 2018
14 ms. Memory: 331264K Free: 304138K (92%)
ptolemy.util.test.WatchDog.cancel(): canceling Thu Nov 15 02:47:11 UTC 2018
auto.tcl: Setting watchdog for 200 seconds at Thu Nov 15 02:47:11 UTC 2018
7 ms. Memory: 331264K Free: 300190K (91%)
ptolemy.util.test.WatchDog.cancel(): canceling Thu Nov 15 02:47:11 UTC 2018
------------------ testing $PTII/ptolemy/domains/de/test/auto/MergeModel3Add.xml
auto.tcl: Setting watchdog for 200 seconds at Thu Nov 15 02:47:11 UTC 2018
10 ms. Memory: 331264K Free: 304149K (92%)
ptolemy.util.test.WatchDog.cancel(): canceling Thu Nov 15 02:47:11 UTC 2018
auto.tcl: Setting watchdog for 200 seconds at Thu Nov 15 02:47:11 UTC 2018
10 ms. Memory: 331264K Free: 300201K (91%)
ptolemy.util.test.WatchDog.cancel(): canceling Thu Nov 15 02:47:11 UTC 2018
------------------ testing $PTII/ptolemy/domains/de/test/auto/MergeWithoutDiscard.xml
auto.tcl: Setting watchdog for 200 seconds at Thu Nov 15 02:47:11 UTC 2018
8 ms. Memory: 331264K Free: 319936K (97%)
ptolemy.util.test.WatchDog.cancel(): canceling Thu Nov 15 02:47:11 UTC 2018
auto.tcl: Setting watchdog for 200 seconds at Thu Nov 15 02:47:11 UTC 2018
1 ms. Memory: 331264K Free: 315988K (95%)
ptolemy.util.test.WatchDog.cancel(): canceling Thu Nov 15 02:47:11 UTC 2018
------------------ testing $PTII/ptolemy/domains/de/test/auto/Modal1.xml
auto.tcl: Setting watchdog for 200 seconds at Thu Nov 15 02:47:11 UTC 2018
12 ms. Memory: 331264K Free: 309889K (94%)
ptolemy.util.test.WatchDog.cancel(): canceling Thu Nov 15 02:47:11 UTC 2018
auto.tcl: Setting watchdog for 200 seconds at Thu Nov 15 02:47:11 UTC 2018
12 ms. Memory: 331264K Free: 305941K (92%)
ptolemy.util.test.WatchDog.cancel(): canceling Thu Nov 15 02:47:11 UTC 2018
------------------ testing $PTII/ptolemy/domains/de/test/auto/Modal2.xml
auto.tcl: Setting watchdog for 200 seconds at Thu Nov 15 02:47:11 UTC 2018
15 ms. Memory: 331264K Free: 309755K (94%)
ptolemy.util.test.WatchDog.cancel(): canceling Thu Nov 15 02:47:11 UTC 2018
auto.tcl: Setting watchdog for 200 seconds at Thu Nov 15 02:47:11 UTC 2018
14 ms. Memory: 331264K Free: 305808K (92%)
ptolemy.util.test.WatchDog.cancel(): canceling Thu Nov 15 02:47:11 UTC 2018
------------------ testing $PTII/ptolemy/domains/de/test/auto/Modal3.xml
auto.tcl: Setting watchdog for 200 seconds at Thu Nov 15 02:47:11 UTC 2018
20 ms. Memory: 331264K Free: 305140K (92%)
ptolemy.util.test.WatchDog.cancel(): canceling Thu Nov 15 02:47:11 UTC 2018
auto.tcl: Setting watchdog for 200 seconds at Thu Nov 15 02:47:11 UTC 2018
17 ms. Memory: 331264K Free: 300907K (91%)
ptolemy.util.test.WatchDog.cancel(): canceling Thu Nov 15 02:47:11 UTC 2018
------------------ testing $PTII/ptolemy/domains/de/test/auto/Modal4.xml
auto.tcl: Setting watchdog for 200 seconds at Thu Nov 15 02:47:11 UTC 2018
23 ms. Memory: 331264K Free: 309767K (94%)
ptolemy.util.test.WatchDog.cancel(): canceling Thu Nov 15 02:47:11 UTC 2018
auto.tcl: Setting watchdog for 200 seconds at Thu Nov 15 02:47:11 UTC 2018
13 ms. Memory: 331264K Free: 305820K (92%)
ptolemy.util.test.WatchDog.cancel(): canceling Thu Nov 15 02:47:11 UTC 2018
------------------ testing $PTII/ptolemy/domains/de/test/auto/Modal5.xml
auto.tcl: Setting watchdog for 200 seconds at Thu Nov 15 02:47:11 UTC 2018
15 ms. Memory: 331264K Free: 309754K (94%)
ptolemy.util.test.WatchDog.cancel(): canceling Thu Nov 15 02:47:11 UTC 2018
auto.tcl: Setting watchdog for 200 seconds at Thu Nov 15 02:47:11 UTC 2018
14 ms. Memory: 331264K Free: 305806K (92%)
ptolemy.util.test.WatchDog.cancel(): canceling Thu Nov 15 02:47:11 UTC 2018
------------------ testing $PTII/ptolemy/domains/de/test/auto/Modal6.xml
auto.tcl: Setting watchdog for 200 seconds at Thu Nov 15 02:47:11 UTC 2018
11 ms. Memory: 331264K Free: 309751K (94%)
ptolemy.util.test.WatchDog.cancel(): canceling Thu Nov 15 02:47:12 UTC 2018
auto.tcl: Setting watchdog for 200 seconds at Thu Nov 15 02:47:12 UTC 2018
13 ms. Memory: 331264K Free: 305804K (92%)
ptolemy.util.test.WatchDog.cancel(): canceling Thu Nov 15 02:47:12 UTC 2018
------------------ testing $PTII/ptolemy/domains/de/test/auto/Modal7.xml
auto.tcl: Setting watchdog for 200 seconds at Thu Nov 15 02:47:12 UTC 2018
9 ms. Memory: 331264K Free: 309751K (94%)
ptolemy.util.test.WatchDog.cancel(): canceling Thu Nov 15 02:47:12 UTC 2018
auto.tcl: Setting watchdog for 200 seconds at Thu Nov 15 02:47:12 UTC 2018
10 ms. Memory: 331264K Free: 305804K (92%)
ptolemy.util.test.WatchDog.cancel(): canceling Thu Nov 15 02:47:12 UTC 2018
------------------ testing $PTII/ptolemy/domains/de/test/auto/ModalModel.xml
auto.tcl: Setting watchdog for 200 seconds at Thu Nov 15 02:47:12 UTC 2018
218 ms. Memory: 331264K Free: 246154K (74%)
ptolemy.util.test.WatchDog.cancel(): canceling Thu Nov 15 02:47:12 UTC 2018
auto.tcl: Setting watchdog for 200 seconds at Thu Nov 15 02:47:12 UTC 2018
179 ms. Memory: 331264K Free: 190725K (58%)
ptolemy.util.test.WatchDog.cancel(): canceling Thu Nov 15 02:47:12 UTC 2018
------------------ testing $PTII/ptolemy/domains/de/test/auto/ModalSource.xml
auto.tcl: Setting watchdog for 200 seconds at Thu Nov 15 02:47:12 UTC 2018
9 ms. Memory: 331264K Free: 316520K (96%)
ptolemy.util.test.WatchDog.cancel(): canceling Thu Nov 15 02:47:12 UTC 2018
auto.tcl: Setting watchdog for 200 seconds at Thu Nov 15 02:47:12 UTC 2018
5 ms. Memory: 331264K Free: 312989K (94%)
ptolemy.util.test.WatchDog.cancel(): canceling Thu Nov 15 02:47:12 UTC 2018
------------------ testing $PTII/ptolemy/domains/de/test/auto/NonInterruptibleTimerZeroDelay.xml
auto.tcl: Setting watchdog for 200 seconds at Thu Nov 15 02:47:12 UTC 2018
3 ms. Memory: 331264K Free: 320110K (97%)
ptolemy.util.test.WatchDog.cancel(): canceling Thu Nov 15 02:47:12 UTC 2018
auto.tcl: Setting watchdog for 200 seconds at Thu Nov 15 02:47:12 UTC 2018
2 ms. Memory: 331264K Free: 316579K (96%)
ptolemy.util.test.WatchDog.cancel(): canceling Thu Nov 15 02:47:12 UTC 2018
------------------ testing $PTII/ptolemy/domains/de/test/auto/OpenQueueingNetwork.xml
auto.tcl: Setting watchdog for 200 seconds at Thu Nov 15 02:47:12 UTC 2018
2785 ms. Memory: 573952K Free: 397421K (69%)
ptolemy.util.test.WatchDog.cancel(): canceling Thu Nov 15 02:47:15 UTC 2018
auto.tcl: Setting watchdog for 200 seconds at Thu Nov 15 02:47:15 UTC 2018
2314 ms. Memory: 550912K Free: 310248K (56%)
ptolemy.util.test.WatchDog.cancel(): canceling Thu Nov 15 02:47:18 UTC 2018
------------------ testing $PTII/ptolemy/domains/de/test/auto/OpenQueuingNetwork.xml
auto.tcl: Setting watchdog for 200 seconds at Thu Nov 15 02:47:18 UTC 2018
224 ms. Memory: 549888K Free: 445620K (81%)
ptolemy.util.test.WatchDog.cancel(): canceling Thu Nov 15 02:47:18 UTC 2018
auto.tcl: Setting watchdog for 200 seconds at Thu Nov 15 02:47:18 UTC 2018
213 ms. Memory: 549888K Free: 387209K (70%)
ptolemy.util.test.WatchDog.cancel(): canceling Thu Nov 15 02:47:18 UTC 2018
------------------ testing $PTII/ptolemy/domains/de/test/auto/PeriodicSampler.xml
auto.tcl: Setting watchdog for 200 seconds at Thu Nov 15 02:47:18 UTC 2018
3 ms. Memory: 551936K Free: 531471K (96%)
ptolemy.util.test.WatchDog.cancel(): canceling Thu Nov 15 02:47:18 UTC 2018
auto.tcl: Setting watchdog for 200 seconds at Thu Nov 15 02:47:18 UTC 2018
2 ms. Memory: 551936K Free: 531471K (96%)
ptolemy.util.test.WatchDog.cancel(): canceling Thu Nov 15 02:47:18 UTC 2018
------------------ testing $PTII/ptolemy/domains/de/test/auto/PersistentIO.xml
auto.tcl: Setting watchdog for 200 seconds at Thu Nov 15 02:47:18 UTC 2018
5 ms. Memory: 549376K Free: 524200K (95%)
ptolemy.util.test.WatchDog.cancel(): canceling Thu Nov 15 02:47:18 UTC 2018
auto.tcl: Setting watchdog for 200 seconds at Thu Nov 15 02:47:18 UTC 2018
4 ms. Memory: 549376K Free: 524200K (95%)
ptolemy.util.test.WatchDog.cancel(): canceling Thu Nov 15 02:47:18 UTC 2018
------------------ testing $PTII/ptolemy/domains/de/test/auto/PortParameterResetOnInitialize.xml
auto.tcl: Setting watchdog for 200 seconds at Thu Nov 15 02:47:18 UTC 2018
2 ms. Memory: 551424K Free: 531190K (96%)
ptolemy.util.test.WatchDog.cancel(): canceling Thu Nov 15 02:47:18 UTC 2018
auto.tcl: Setting watchdog for 200 seconds at Thu Nov 15 02:47:18 UTC 2018
1 ms. Memory: 551424K Free: 531190K (96%)
ptolemy.util.test.WatchDog.cancel(): canceling Thu Nov 15 02:47:18 UTC 2018
------------------ testing $PTII/ptolemy/domains/de/test/auto/PortParameterUpdates.xml
auto.tcl: Setting watchdog for 200 seconds at Thu Nov 15 02:47:19 UTC 2018
5 ms. Memory: 549376K Free: 523949K (95%)
ptolemy.util.test.WatchDog.cancel(): canceling Thu Nov 15 02:47:19 UTC 2018
auto.tcl: Setting watchdog for 200 seconds at Thu Nov 15 02:47:19 UTC 2018
3 ms. Memory: 549376K Free: 523949K (95%)
ptolemy.util.test.WatchDog.cancel(): canceling Thu Nov 15 02:47:19 UTC 2018
------------------ testing $PTII/ptolemy/domains/de/test/auto/QueueAndServer.xml
auto.tcl: Setting watchdog for 200 seconds at Thu Nov 15 02:47:19 UTC 2018
14 ms. Memory: 551424K Free: 530641K (96%)
ptolemy.util.test.WatchDog.cancel(): canceling Thu Nov 15 02:47:19 UTC 2018
auto.tcl: Setting watchdog for 200 seconds at Thu Nov 15 02:47:19 UTC 2018
5 ms. Memory: 551424K Free: 530641K (96%)
ptolemy.util.test.WatchDog.cancel(): canceling Thu Nov 15 02:47:19 UTC 2018
------------------ testing $PTII/ptolemy/domains/de/test/auto/Records.xml
auto.tcl: Setting watchdog for 200 seconds at Thu Nov 15 02:47:19 UTC 2018
8 ms. Memory: 549376K Free: 533862K (97%)
ptolemy.util.test.WatchDog.cancel(): canceling Thu Nov 15 02:47:19 UTC 2018
auto.tcl: Setting watchdog for 200 seconds at Thu Nov 15 02:47:19 UTC 2018
2 ms. Memory: 549376K Free: 528551K (96%)
ptolemy.util.test.WatchDog.cancel(): canceling Thu Nov 15 02:47:19 UTC 2018
------------------ testing $PTII/ptolemy/domains/de/test/auto/ResetTransitionWithStartTime1.xml
auto.tcl: Setting watchdog for 200 seconds at Thu Nov 15 02:47:19 UTC 2018
18 ms. Memory: 551424K Free: 530847K (96%)
ptolemy.util.test.WatchDog.cancel(): canceling Thu Nov 15 02:47:19 UTC 2018
auto.tcl: Setting watchdog for 200 seconds at Thu Nov 15 02:47:19 UTC 2018
5 ms. Memory: 551424K Free: 530617K (96%)
ptolemy.util.test.WatchDog.cancel(): canceling Thu Nov 15 02:47:19 UTC 2018
------------------ testing $PTII/ptolemy/domains/de/test/auto/ResetTransitionWithStartTime2.xml
auto.tcl: Setting watchdog for 200 seconds at Thu Nov 15 02:47:19 UTC 2018
4 ms. Memory: 549376K Free: 528790K (96%)
ptolemy.util.test.WatchDog.cancel(): canceling Thu Nov 15 02:47:19 UTC 2018
auto.tcl: Setting watchdog for 200 seconds at Thu Nov 15 02:47:19 UTC 2018
6 ms. Memory: 549376K Free: 528790K (96%)
ptolemy.util.test.WatchDog.cancel(): canceling Thu Nov 15 02:47:19 UTC 2018
------------------ testing $PTII/ptolemy/domains/de/test/auto/ResetTransitionWithStartTime3.xml
auto.tcl: Setting watchdog for 200 seconds at Thu Nov 15 02:47:19 UTC 2018
5 ms. Memory: 550912K Free: 530095K (96%)
ptolemy.util.test.WatchDog.cancel(): canceling Thu Nov 15 02:47:19 UTC 2018
auto.tcl: Setting watchdog for 200 seconds at Thu Nov 15 02:47:19 UTC 2018
6 ms. Memory: 550912K Free: 530095K (96%)
ptolemy.util.test.WatchDog.cancel(): canceling Thu Nov 15 02:47:19 UTC 2018
------------------ testing $PTII/ptolemy/domains/de/test/auto/ResetTransitionWithStartTime4.xml
auto.tcl: Setting watchdog for 200 seconds at Thu Nov 15 02:47:19 UTC 2018
4 ms. Memory: 549376K Free: 528549K (96%)
ptolemy.util.test.WatchDog.cancel(): canceling Thu Nov 15 02:47:19 UTC 2018
auto.tcl: Setting watchdog for 200 seconds at Thu Nov 15 02:47:19 UTC 2018
4 ms. Memory: 549376K Free: 528549K (96%)
ptolemy.util.test.WatchDog.cancel(): canceling Thu Nov 15 02:47:19 UTC 2018
------------------ testing $PTII/ptolemy/domains/de/test/auto/ResettableTimer1.xml
auto.tcl: Setting watchdog for 200 seconds at Thu Nov 15 02:47:19 UTC 2018
7 ms. Memory: 550912K Free: 535406K (97%)
ptolemy.util.test.WatchDog.cancel(): canceling Thu Nov 15 02:47:19 UTC 2018
auto.tcl: Setting watchdog for 200 seconds at Thu Nov 15 02:47:19 UTC 2018
2 ms. Memory: 550912K Free: 535406K (97%)
ptolemy.util.test.WatchDog.cancel(): canceling Thu Nov 15 02:47:19 UTC 2018
------------------ testing $PTII/ptolemy/domains/de/test/auto/ResettableTimer2.xml
auto.tcl: Setting watchdog for 200 seconds at Thu Nov 15 02:47:19 UTC 2018
6 ms. Memory: 549376K Free: 534158K (97%)
ptolemy.util.test.WatchDog.cancel(): canceling Thu Nov 15 02:47:19 UTC 2018
auto.tcl: Setting watchdog for 200 seconds at Thu Nov 15 02:47:19 UTC 2018
2 ms. Memory: 549376K Free: 534158K (97%)
ptolemy.util.test.WatchDog.cancel(): canceling Thu Nov 15 02:47:19 UTC 2018
------------------ testing $PTII/ptolemy/domains/de/test/auto/ResettableTimer3.xml
auto.tcl: Setting watchdog for 200 seconds at Thu Nov 15 02:47:19 UTC 2018
1 ms. Memory: 550912K Free: 535464K (97%)
ptolemy.util.test.WatchDog.cancel(): canceling Thu Nov 15 02:47:19 UTC 2018
auto.tcl: Setting watchdog for 200 seconds at Thu Nov 15 02:47:19 UTC 2018
1 ms. Memory: 550912K Free: 535464K (97%)
ptolemy.util.test.WatchDog.cancel(): canceling Thu Nov 15 02:47:19 UTC 2018
------------------ testing $PTII/ptolemy/domains/de/test/auto/ResettableTimer4.xml
auto.tcl: Setting watchdog for 200 seconds at Thu Nov 15 02:47:19 UTC 2018
1 ms. Memory: 549376K Free: 534170K (97%)
ptolemy.util.test.WatchDog.cancel(): canceling Thu Nov 15 02:47:19 UTC 2018
auto.tcl: Setting watchdog for 200 seconds at Thu Nov 15 02:47:19 UTC 2018
1 ms. Memory: 549376K Free: 534170K (97%)
ptolemy.util.test.WatchDog.cancel(): canceling Thu Nov 15 02:47:19 UTC 2018
------------------ testing $PTII/ptolemy/domains/de/test/auto/ResettableTimer5.xml
auto.tcl: Setting watchdog for 200 seconds at Thu Nov 15 02:47:19 UTC 2018
1 ms. Memory: 550400K Free: 530283K (96%)
ptolemy.util.test.WatchDog.cancel(): canceling Thu Nov 15 02:47:19 UTC 2018
auto.tcl: Setting watchdog for 200 seconds at Thu Nov 15 02:47:19 UTC 2018
2 ms. Memory: 550400K Free: 530283K (96%)
ptolemy.util.test.WatchDog.cancel(): canceling Thu Nov 15 02:47:19 UTC 2018
------------------ testing $PTII/ptolemy/domains/de/test/auto/ResettableTimer6.xml
auto.tcl: Setting watchdog for 200 seconds at Thu Nov 15 02:47:19 UTC 2018
2 ms. Memory: 549376K Free: 533889K (97%)
ptolemy.util.test.WatchDog.cancel(): canceling Thu Nov 15 02:47:19 UTC 2018
auto.tcl: Setting watchdog for 200 seconds at Thu Nov 15 02:47:19 UTC 2018
1 ms. Memory: 549376K Free: 533889K (97%)
ptolemy.util.test.WatchDog.cancel(): canceling Thu Nov 15 02:47:19 UTC 2018
------------------ testing $PTII/ptolemy/domains/de/test/auto/ServerZeroDelay.xml
auto.tcl: Setting watchdog for 200 seconds at Thu Nov 15 02:47:19 UTC 2018
3 ms. Memory: 550400K Free: 535133K (97%)
ptolemy.util.test.WatchDog.cancel(): canceling Thu Nov 15 02:47:19 UTC 2018
auto.tcl: Setting watchdog for 200 seconds at Thu Nov 15 02:47:19 UTC 2018
3 ms. Memory: 550400K Free: 535133K (97%)
ptolemy.util.test.WatchDog.cancel(): canceling Thu Nov 15 02:47:19 UTC 2018
------------------ testing $PTII/ptolemy/domains/de/test/auto/SmartSender.xml
auto.tcl: Setting watchdog for 200 seconds at Thu Nov 15 02:47:20 UTC 2018
3002 ms. Memory: 549376K Free: 534104K (97%)
ptolemy.util.test.WatchDog.cancel(): canceling Thu Nov 15 02:47:23 UTC 2018
auto.tcl: Setting watchdog for 200 seconds at Thu Nov 15 02:47:23 UTC 2018
3001 ms. Memory: 549376K Free: 534104K (97%)
ptolemy.util.test.WatchDog.cancel(): canceling Thu Nov 15 02:47:26 UTC 2018
------------------ testing $PTII/ptolemy/domains/de/test/auto/ThreadedComposite.xml
auto.tcl: Setting watchdog for 200 seconds at Thu Nov 15 02:47:26 UTC 2018
172 ms. Memory: 550400K Free: 510252K (93%)
ptolemy.util.test.WatchDog.cancel(): canceling Thu Nov 15 02:47:26 UTC 2018
auto.tcl: Setting watchdog for 200 seconds at Thu Nov 15 02:47:26 UTC 2018
123 ms. Memory: 550400K Free: 495583K (90%)
ptolemy.util.test.WatchDog.cancel(): canceling Thu Nov 15 02:47:26 UTC 2018
------------------ testing $PTII/ptolemy/domains/de/test/auto/Time.xml
auto.tcl: Setting watchdog for 200 seconds at Thu Nov 15 02:47:26 UTC 2018
485 ms. Memory: 549376K Free: 486802K (89%)
ptolemy.util.test.WatchDog.cancel(): canceling Thu Nov 15 02:47:26 UTC 2018
auto.tcl: Setting watchdog for 200 seconds at Thu Nov 15 02:47:26 UTC 2018
476 ms. Memory: 549376K Free: 433701K (79%)
ptolemy.util.test.WatchDog.cancel(): canceling Thu Nov 15 02:47:27 UTC 2018
------------------ testing $PTII/ptolemy/domains/de/test/auto/TimeDelayZeroDelay.xml
auto.tcl: Setting watchdog for 200 seconds at Thu Nov 15 02:47:27 UTC 2018
2 ms. Memory: 550400K Free: 534820K (97%)
ptolemy.util.test.WatchDog.cancel(): canceling Thu Nov 15 02:47:27 UTC 2018
auto.tcl: Setting watchdog for 200 seconds at Thu Nov 15 02:47:27 UTC 2018
2 ms. Memory: 550400K Free: 534820K (97%)
ptolemy.util.test.WatchDog.cancel(): canceling Thu Nov 15 02:47:27 UTC 2018
------------------ testing $PTII/ptolemy/domains/de/test/auto/TimerZeroDelay.xml
auto.tcl: Setting watchdog for 200 seconds at Thu Nov 15 02:47:27 UTC 2018
1 ms. Memory: 549376K Free: 534070K (97%)
ptolemy.util.test.WatchDog.cancel(): canceling Thu Nov 15 02:47:27 UTC 2018
auto.tcl: Setting watchdog for 200 seconds at Thu Nov 15 02:47:27 UTC 2018
2 ms. Memory: 549376K Free: 534070K (97%)
ptolemy.util.test.WatchDog.cancel(): canceling Thu Nov 15 02:47:27 UTC 2018
------------------ testing $PTII/ptolemy/domains/de/test/auto/TimingParadox.xml
auto.tcl: Setting watchdog for 200 seconds at Thu Nov 15 02:47:27 UTC 2018
336 ms. Memory: 549888K Free: 469678K (85%)
ptolemy.util.test.WatchDog.cancel(): canceling Thu Nov 15 02:47:28 UTC 2018
auto.tcl: Setting watchdog for 200 seconds at Thu Nov 15 02:47:28 UTC 2018
323 ms. Memory: 549888K Free: 437817K (80%)
ptolemy.util.test.WatchDog.cancel(): canceling Thu Nov 15 02:47:28 UTC 2018
------------------ testing $PTII/ptolemy/domains/de/test/auto/TransferInputs.xml
auto.tcl: Setting watchdog for 200 seconds at Thu Nov 15 02:47:28 UTC 2018
2 ms. Memory: 549888K Free: 533486K (97%)
ptolemy.util.test.WatchDog.cancel(): canceling Thu Nov 15 02:47:28 UTC 2018
auto.tcl: Setting watchdog for 200 seconds at Thu Nov 15 02:47:28 UTC 2018
1 ms. Memory: 549888K Free: 533486K (97%)
ptolemy.util.test.WatchDog.cancel(): canceling Thu Nov 15 02:47:28 UTC 2018
------------------ testing $PTII/ptolemy/domains/de/test/auto/TransferOutputs2.xml
auto.tcl: Setting watchdog for 200 seconds at Thu Nov 15 02:47:28 UTC 2018
3 ms. Memory: 549376K Free: 528750K (96%)
ptolemy.util.test.WatchDog.cancel(): canceling Thu Nov 15 02:47:28 UTC 2018
auto.tcl: Setting watchdog for 200 seconds at Thu Nov 15 02:47:28 UTC 2018
3 ms. Memory: 549376K Free: 528750K (96%)
ptolemy.util.test.WatchDog.cancel(): canceling Thu Nov 15 02:47:28 UTC 2018
------------------ testing $PTII/ptolemy/domains/de/test/auto/Trilateration.xml
auto.tcl: Setting watchdog for 200 seconds at Thu Nov 15 02:47:28 UTC 2018
14965 ms. Memory: 766976K Free: 203236K (26%)
ptolemy.util.test.WatchDog.cancel(): canceling Thu Nov 15 02:47:44 UTC 2018
auto.tcl: Setting watchdog for 200 seconds at Thu Nov 15 02:47:44 UTC 2018
11425 ms. Memory: 623104K Free: 575645K (92%)
ptolemy.util.test.WatchDog.cancel(): canceling Thu Nov 15 02:47:55 UTC 2018
------------------ testing $PTII/ptolemy/domains/de/test/auto/TwoSigmaDelta.xml
auto.tcl: Setting watchdog for 200 seconds at Thu Nov 15 02:47:56 UTC 2018
2679 ms. Memory: 619520K Free: 303609K (49%)
ptolemy.util.test.WatchDog.cancel(): canceling Thu Nov 15 02:47:58 UTC 2018
auto.tcl: Setting watchdog for 200 seconds at Thu Nov 15 02:47:58 UTC 2018
2048 ms. Memory: 619520K Free: 68457K (11%)
ptolemy.util.test.WatchDog.cancel(): canceling Thu Nov 15 02:48:00 UTC 2018
------------------ testing $PTII/ptolemy/domains/de/test/auto/VariableDelay.xml
auto.tcl: Setting watchdog for 200 seconds at Thu Nov 15 02:48:00 UTC 2018
4 ms. Memory: 623104K Free: 598289K (96%)
ptolemy.util.test.WatchDog.cancel(): canceling Thu Nov 15 02:48:01 UTC 2018
auto.tcl: Setting watchdog for 200 seconds at Thu Nov 15 02:48:01 UTC 2018
2 ms. Memory: 623104K Free: 598289K (96%)
ptolemy.util.test.WatchDog.cancel(): canceling Thu Nov 15 02:48:01 UTC 2018
------------------ testing $PTII/ptolemy/domains/de/test/auto/VariableDelay2.xml
auto.tcl: Setting watchdog for 200 seconds at Thu Nov 15 02:48:01 UTC 2018
2 ms. Memory: 619520K Free: 600530K (97%)
ptolemy.util.test.WatchDog.cancel(): canceling Thu Nov 15 02:48:01 UTC 2018
auto.tcl: Setting watchdog for 200 seconds at Thu Nov 15 02:48:01 UTC 2018
2 ms. Memory: 619520K Free: 600530K (97%)
ptolemy.util.test.WatchDog.cancel(): canceling Thu Nov 15 02:48:01 UTC 2018
------------------ testing $PTII/ptolemy/domains/de/test/auto/VariableDelayZeroDelay.xml
auto.tcl: Setting watchdog for 200 seconds at Thu Nov 15 02:48:01 UTC 2018
2 ms. Memory: 622592K Free: 598220K (96%)
ptolemy.util.test.WatchDog.cancel(): canceling Thu Nov 15 02:48:01 UTC 2018
auto.tcl: Setting watchdog for 200 seconds at Thu Nov 15 02:48:01 UTC 2018
2 ms. Memory: 622592K Free: 598220K (96%)
ptolemy.util.test.WatchDog.cancel(): canceling Thu Nov 15 02:48:01 UTC 2018
------------------ testing $PTII/ptolemy/domains/de/test/auto/VariableDelayZeroDelay2.xml
auto.tcl: Setting watchdog for 200 seconds at Thu Nov 15 02:48:01 UTC 2018
3 ms. Memory: 619520K Free: 595147K (96%)
ptolemy.util.test.WatchDog.cancel(): canceling Thu Nov 15 02:48:01 UTC 2018
auto.tcl: Setting watchdog for 200 seconds at Thu Nov 15 02:48:01 UTC 2018
2 ms. Memory: 619520K Free: 595147K (96%)
ptolemy.util.test.WatchDog.cancel(): canceling Thu Nov 15 02:48:01 UTC 2018
------------------ testing $PTII/ptolemy/domains/de/test/auto/deInCt.xml
auto.tcl: Setting watchdog for 200 seconds at Thu Nov 15 02:48:01 UTC 2018
0
1
1
0
0
0
1
1
1
0
0
0
0
1
1
1
0
0
0
1
1
1
0
0
1
1
1
1
1
1
0
0
1
1
1
0
0
0
1
1
1
0
0
0
1
1
1
1
6 ms. Memory: 622080K Free: 597673K (96%)
ptolemy.util.test.WatchDog.cancel(): canceling Thu Nov 15 02:48:01 UTC 2018
auto.tcl: Setting watchdog for 200 seconds at Thu Nov 15 02:48:01 UTC 2018
0
1
1
1
0
0
0
1
1
1
1
1
0
0
0
1
1
1
1
1
1
1
0
0
0
0
6 ms. Memory: 622080K Free: 597673K (96%)
ptolemy.util.test.WatchDog.cancel(): canceling Thu Nov 15 02:48:01 UTC 2018
------------------ testing $PTII/ptolemy/domains/de/test/auto/deInCt2.xml
auto.tcl: Setting watchdog for 200 seconds at Thu Nov 15 02:48:01 UTC 2018
0
1
1
1
0
0
1
1
1
0
0
1
1
1
0
0
1
1
1
0
0
1
1
1
0
0
1
1
1
0
0
1
1
1
0
0
1
1
1
0
0
0
12 ms. Memory: 619520K Free: 595113K (96%)
ptolemy.util.test.WatchDog.cancel(): canceling Thu Nov 15 02:48:01 UTC 2018
auto.tcl: Setting watchdog for 200 seconds at Thu Nov 15 02:48:01 UTC 2018
0
1
1
1
0
0
1
1
1
0
0
1
1
1
0
0
1
1
1
0
0
1
1
1
0
0
1
1
1
0
0
1
1
1
0
0
1
1
1
0
0
0
6 ms. Memory: 619520K Free: 595113K (96%)
ptolemy.util.test.WatchDog.cancel(): canceling Thu Nov 15 02:48:01 UTC 2018
------------------ testing $PTII/ptolemy/domains/de/test/auto/dynamicCausalityInterface1.xml
auto.tcl: Setting watchdog for 200 seconds at Thu Nov 15 02:48:01 UTC 2018
2 ms. Memory: 621568K Free: 594385K (96%)
ptolemy.util.test.WatchDog.cancel(): canceling Thu Nov 15 02:48:01 UTC 2018
auto.tcl: Setting watchdog for 200 seconds at Thu Nov 15 02:48:01 UTC 2018
0 ms. Memory: 621568K Free: 594385K (96%)
ptolemy.util.test.WatchDog.cancel(): canceling Thu Nov 15 02:48:01 UTC 2018
------------------ testing $PTII/ptolemy/domains/de/test/auto/fsm_de_test.xml
auto.tcl: Setting watchdog for 200 seconds at Thu Nov 15 02:48:01 UTC 2018
10 ms. Memory: 619520K Free: 595034K (96%)
ptolemy.util.test.WatchDog.cancel(): canceling Thu Nov 15 02:48:01 UTC 2018
auto.tcl: Setting watchdog for 200 seconds at Thu Nov 15 02:48:01 UTC 2018
7 ms. Memory: 619520K Free: 586866K (95%)
ptolemy.util.test.WatchDog.cancel(): canceling Thu Nov 15 02:48:01 UTC 2018
------------------ testing $PTII/ptolemy/domains/de/test/auto/functionDependencyReconstruction.xml
auto.tcl: Setting watchdog for 200 seconds at Thu Nov 15 02:48:01 UTC 2018
3 ms. Memory: 621568K Free: 588906K (95%)
ptolemy.util.test.WatchDog.cancel(): canceling Thu Nov 15 02:48:01 UTC 2018
auto.tcl: Setting watchdog for 200 seconds at Thu Nov 15 02:48:01 UTC 2018
2 ms. Memory: 621568K Free: 580723K (93%)
ptolemy.util.test.WatchDog.cancel(): canceling Thu Nov 15 02:48:01 UTC 2018
------------------ testing $PTII/ptolemy/domains/de/test/auto/multirate.xml
auto.tcl: Setting watchdog for 200 seconds at Thu Nov 15 02:48:01 UTC 2018
4 ms. Memory: 619520K Free: 600251K (97%)
ptolemy.util.test.WatchDog.cancel(): canceling Thu Nov 15 02:48:01 UTC 2018
auto.tcl: Setting watchdog for 200 seconds at Thu Nov 15 02:48:01 UTC 2018
3 ms. Memory: 619520K Free: 600251K (97%)
ptolemy.util.test.WatchDog.cancel(): canceling Thu Nov 15 02:48:01 UTC 2018
------------------ testing $PTII/ptolemy/domains/de/test/auto/multirate2.xml
auto.tcl: Setting watchdog for 200 seconds at Thu Nov 15 02:48:01 UTC 2018
3 ms. Memory: 621056K Free: 602005K (97%)
ptolemy.util.test.WatchDog.cancel(): canceling Thu Nov 15 02:48:01 UTC 2018
auto.tcl: Setting watchdog for 200 seconds at Thu Nov 15 02:48:01 UTC 2018
3 ms. Memory: 621056K Free: 602005K (97%)
ptolemy.util.test.WatchDog.cancel(): canceling Thu Nov 15 02:48:01 UTC 2018
------------------ testing $PTII/ptolemy/domains/de/test/auto/realtime.xml
auto.tcl: Setting watchdog for 200 seconds at Thu Nov 15 02:48:01 UTC 2018
10001 ms. Memory: 619520K Free: 595056K (96%)
ptolemy.util.test.WatchDog.cancel(): canceling Thu Nov 15 02:48:11 UTC 2018
auto.tcl: Setting watchdog for 200 seconds at Thu Nov 15 02:48:11 UTC 2018
10001 ms. Memory: 619520K Free: 595056K (96%)
ptolemy.util.test.WatchDog.cancel(): canceling Thu Nov 15 02:48:21 UTC 2018
------------------ testing $PTII/ptolemy/domains/de/test/auto/relationGroup.xml
auto.tcl: Setting watchdog for 200 seconds at Thu Nov 15 02:48:21 UTC 2018
2 ms. Memory: 621056K Free: 602030K (97%)
ptolemy.util.test.WatchDog.cancel(): canceling Thu Nov 15 02:48:21 UTC 2018
auto.tcl: Setting watchdog for 200 seconds at Thu Nov 15 02:48:21 UTC 2018
2 ms. Memory: 621056K Free: 602030K (97%)
ptolemy.util.test.WatchDog.cancel(): canceling Thu Nov 15 02:48:21 UTC 2018
------------------ testing $PTII/ptolemy/domains/de/test/auto/relationGroup2.xml
auto.tcl: Setting watchdog for 200 seconds at Thu Nov 15 02:48:21 UTC 2018
1 ms. Memory: 619520K Free: 595139K (96%)
ptolemy.util.test.WatchDog.cancel(): canceling Thu Nov 15 02:48:22 UTC 2018
auto.tcl: Setting watchdog for 200 seconds at Thu Nov 15 02:48:22 UTC 2018
1 ms. Memory: 619520K Free: 595139K (96%)
ptolemy.util.test.WatchDog.cancel(): canceling Thu Nov 15 02:48:22 UTC 2018
------------------ testing $PTII/ptolemy/domains/de/test/auto/sortWithOpaquePorts.xml
auto.tcl: Setting watchdog for 200 seconds at Thu Nov 15 02:48:22 UTC 2018
2 ms. Memory: 620544K Free: 596134K (96%)
ptolemy.util.test.WatchDog.cancel(): canceling Thu Nov 15 02:48:22 UTC 2018
auto.tcl: Setting watchdog for 200 seconds at Thu Nov 15 02:48:22 UTC 2018
2 ms. Memory: 620544K Free: 596134K (96%)
ptolemy.util.test.WatchDog.cancel(): canceling Thu Nov 15 02:48:22 UTC 2018
------------------ testing $PTII/ptolemy/domains/de/test/auto/transferInputsandOutputs.xml
auto.tcl: Setting watchdog for 200 seconds at Thu Nov 15 02:48:22 UTC 2018
2 ms. Memory: 619520K Free: 600509K (97%)
ptolemy.util.test.WatchDog.cancel(): canceling Thu Nov 15 02:48:22 UTC 2018
auto.tcl: Setting watchdog for 200 seconds at Thu Nov 15 02:48:22 UTC 2018
2 ms. Memory: 619520K Free: 600509K (97%)
ptolemy.util.test.WatchDog.cancel(): canceling Thu Nov 15 02:48:22 UTC 2018
------------------ testing $PTII/ptolemy/domains/de/test/auto/triggerType.xml
auto.tcl: Setting watchdog for 200 seconds at Thu Nov 15 02:48:22 UTC 2018
1 ms. Memory: 620544K Free: 596101K (96%)
ptolemy.util.test.WatchDog.cancel(): canceling Thu Nov 15 02:48:22 UTC 2018
auto.tcl: Setting watchdog for 200 seconds at Thu Nov 15 02:48:22 UTC 2018
1 ms. Memory: 620544K Free: 596101K (96%)
ptolemy.util.test.WatchDog.cancel(): canceling Thu Nov 15 02:48:22 UTC 2018
11/15/18 02:48:22
Failed: 0  Total Tests: 192  ((Passed: 187, Newly Passed: 1)  Known Failed: 5) /home/travis/build/icyphy/ptII/ptolemy/domains/de/test
11/15/18 02:48:22
Failed: 0  Total Tests: 192  ((Passed: 187, Newly Passed: 1)  Known Failed: 5) /home/travis/build/icyphy/ptII/ptolemy/domains/de/test
----------------- testing (KnownFailure) /home/travis/build/icyphy/ptII/ptolemy/domains/de/test/auto/knownFailedTests/DESDFClockTest.xml
2011 ms. Memory: 619520K Free: 584368K (94%)
Known Failure: java.lang.reflect.InvocationTargetException
----------------- testing (KnownFailure) /home/travis/build/icyphy/ptII/ptolemy/domains/de/test/auto/knownFailedTests/DirectFeedback.xml
2 ms. Memory: 619520K Free: 541288K (87%)
Known Failure: java.lang.reflect.InvocationTargetException
----------------- testing (KnownFailure) /home/travis/build/icyphy/ptII/ptolemy/domains/de/test/auto/knownFailedTests/FSMSource.xml
6 ms. Memory: 619520K Free: 498239K (80%)
----------------- testing (KnownFailure) /home/travis/build/icyphy/ptII/ptolemy/domains/de/test/auto/knownFailedTests/HierarchicalModel.xml
3 ms. Memory: 619520K Free: 465936K (75%)
Known Failure: java.lang.reflect.InvocationTargetException
----------------- testing (KnownFailure) /home/travis/build/icyphy/ptII/ptolemy/domains/de/test/auto/knownFailedTests/dependencyLoop.xml
2 ms. Memory: 619520K Free: 412117K (67%)
Known Failure: java.lang.reflect.InvocationTargetException
----------------- testing (KnownFailure) /home/travis/build/icyphy/ptII/ptolemy/domains/de/test/auto/knownFailedTests/dependencyLoop2.xml
3 ms. Memory: 619520K Free: 358297K (58%)
Known Failure: java.lang.reflect.InvocationTargetException
No auto/linux-amd64/*.xml tests in /home/travis/build/icyphy/ptII/ptolemy/domains/de/test
AutoTests.java: About to close Vertx.
AutoTests.java: Vertx closed.

===========================================================================================
----------------- testing Thu Nov 15 02:48:24 UTC 2018 /home/travis/build/icyphy/ptII/ptolemy/domains/de/test/auto/ActorDepthCalculation_actorWithoutPorts.xml
----------------- Instantiating /home/travis/build/icyphy/ptII/ptolemy/domains/de/test/auto/ActorDepthCalculation_actorWithoutPorts.xml
1 ms. Memory: 619520K Free: 304486K (49%)
----------------- Invoking toplevel() on ptolemy.moml.MoMLSimpleApplication@5eeb09b1
----------------- Done invoking toplevel() on ptolemy.moml.MoMLSimpleApplication@5eeb09b1
reloadAllAccessors: .ActorDepthCalculation_actorWithoutPorts

===========================================================================================
----------------- testing Thu Nov 15 02:48:24 UTC 2018 /home/travis/build/icyphy/ptII/ptolemy/domains/de/test/auto/AssemblyLine.xml
----------------- Instantiating /home/travis/build/icyphy/ptII/ptolemy/domains/de/test/auto/AssemblyLine.xml
6 ms. Memory: 619520K Free: 282961K (46%)
----------------- Invoking toplevel() on ptolemy.moml.MoMLSimpleApplication@7d5674e5
----------------- Done invoking toplevel() on ptolemy.moml.MoMLSimpleApplication@7d5674e5
reloadAllAccessors: .AssemblyLine

===========================================================================================
----------------- testing Thu Nov 15 02:48:24 UTC 2018 /home/travis/build/icyphy/ptII/ptolemy/domains/de/test/auto/CQBug1.xml
----------------- Instantiating /home/travis/build/icyphy/ptII/ptolemy/domains/de/test/auto/CQBug1.xml
3 ms. Memory: 619520K Free: 261437K (42%)
----------------- Invoking toplevel() on ptolemy.moml.MoMLSimpleApplication@3f395c57
----------------- Done invoking toplevel() on ptolemy.moml.MoMLSimpleApplication@3f395c57
reloadAllAccessors: .CQBug1

===========================================================================================
----------------- testing Thu Nov 15 02:48:24 UTC 2018 /home/travis/build/icyphy/ptII/ptolemy/domains/de/test/auto/CancelFireAt.xml
----------------- Instantiating /home/travis/build/icyphy/ptII/ptolemy/domains/de/test/auto/CancelFireAt.xml
2 ms. Memory: 619520K Free: 239912K (39%)
----------------- Invoking toplevel() on ptolemy.moml.MoMLSimpleApplication@1fd8d774
----------------- Done invoking toplevel() on ptolemy.moml.MoMLSimpleApplication@1fd8d774
reloadAllAccessors: .CancelFireAt

===========================================================================================
----------------- testing Thu Nov 15 02:48:24 UTC 2018 /home/travis/build/icyphy/ptII/ptolemy/domains/de/test/auto/CausalityAndComposabilityAnalysis.xml
----------------- Instantiating /home/travis/build/icyphy/ptII/ptolemy/domains/de/test/auto/CausalityAndComposabilityAnalysis.xml
3 ms. Memory: 619520K Free: 218388K (35%)
----------------- Invoking toplevel() on ptolemy.moml.MoMLSimpleApplication@188beded
----------------- Done invoking toplevel() on ptolemy.moml.MoMLSimpleApplication@188beded
reloadAllAccessors: .CausalityAndComposabilityAnalysis

===========================================================================================
----------------- testing Thu Nov 15 02:48:24 UTC 2018 /home/travis/build/icyphy/ptII/ptolemy/domains/de/test/auto/CausalityInterface1.xml
----------------- Instantiating /home/travis/build/icyphy/ptII/ptolemy/domains/de/test/auto/CausalityInterface1.xml
6 ms. Memory: 619520K Free: 196863K (32%)
----------------- Invoking toplevel() on ptolemy.moml.MoMLSimpleApplication@668c885
----------------- Done invoking toplevel() on ptolemy.moml.MoMLSimpleApplication@668c885
reloadAllAccessors: .CausalityInterface1

===========================================================================================
----------------- testing Thu Nov 15 02:48:24 UTC 2018 /home/travis/build/icyphy/ptII/ptolemy/domains/de/test/auto/CausalityInterface15.xml
----------------- Instantiating /home/travis/build/icyphy/ptII/ptolemy/domains/de/test/auto/CausalityInterface15.xml
2 ms. Memory: 619520K Free: 175339K (28%)
----------------- Invoking toplevel() on ptolemy.moml.MoMLSimpleApplication@4a04409b
----------------- Done invoking toplevel() on ptolemy.moml.MoMLSimpleApplication@4a04409b
reloadAllAccessors: .CausalityInterface15

[...]
java.lang.RuntimeException: Execution failed
	at ptolemy.moml.MoMLSimpleApplication$UnloadThread.run(MoMLSimpleApplication.java:402)
Caused by: ptolemy.kernel.util.IllegalActionException: Test fails in iteration 1.
Value was: 1.0. Should have been: 2.0
  in .DirectFeedback.Test
	at ptolemy.actor.lib.Test.fire(Test.java:268)
	at ptolemy.domains.de.kernel.DEDirector._fire(DEDirector.java:1949)
	at ptolemy.domains.de.kernel.DEDirector.fire(DEDirector.java:502)
	at ptolemy.actor.CompositeActor.fire(CompositeActor.java:455)
	at ptolemy.actor.Manager.iterate(Manager.java:851)
	at ptolemy.actor.Manager.execute(Manager.java:369)
	at ptolemy.actor.Manager.run(Manager.java:1263)
	at ptolemy.actor.Manager$PtolemyRunThread.run(Manager.java:1915)
java.lang.RuntimeException: Execution failed
	at ptolemy.moml.MoMLSimpleApplication$UnloadThread.run(MoMLSimpleApplication.java:402)
Caused by: ptolemy.kernel.util.IllegalActionException: Actor is not ready to fire.  Perhaps UpSample.prefire() returned false? Try debugging the actor by selecting "Listen to Actor".  Also, for SDF check moml for tokenConsumptionRate on input.
  in .DESDFClockTest.Play Bell.Copy1:SDF Director and .DESDFClockTest.Play Bell.UpSample
	at ptolemy.actor.sched.StaticSchedulingDirector.fire(StaticSchedulingDirector.java:227)
	at ptolemy.domains.sdf.kernel.SDFDirector.fire(SDFDirector.java:500)
	at ptolemy.actor.CompositeActor.fire(CompositeActor.java:455)
	at ptolemy.domains.de.kernel.DEDirector._fire(DEDirector.java:1949)
	at ptolemy.domains.de.kernel.DEDirector.fire(DEDirector.java:502)
	at ptolemy.actor.CompositeActor.fire(CompositeActor.java:455)
	at ptolemy.actor.Manager.iterate(Manager.java:851)
	at ptolemy.actor.Manager.execute(Manager.java:369)
	at ptolemy.actor.Manager.run(Manager.java:1263)
	at ptolemy.actor.Manager$PtolemyRunThread.run(Manager.java:1915)
java.lang.reflect.InvocationTargetException
	at sun.reflect.NativeConstructorAccessorImpl.newInstance0(Native Method)
	at sun.reflect.NativeConstructorAccessorImpl.newInstance(NativeConstructorAccessorImpl.java:62)
	at sun.reflect.DelegatingConstructorAccessorImpl.newInstance(DelegatingConstructorAccessorImpl.java:45)
	at java.lang.reflect.Constructor.newInstance(Constructor.java:423)
	at ptolemy.util.test.junit.AutoKnownFailedTests.RunModel(AutoKnownFailedTests.java:105)
	at sun.reflect.NativeMethodAccessorImpl.invoke0(Native Method)
	at sun.reflect.NativeMethodAccessorImpl.invoke(NativeMethodAccessorImpl.java:62)
	at sun.reflect.DelegatingMethodAccessorImpl.invoke(DelegatingMethodAccessorImpl.java:43)
	at java.lang.reflect.Method.invoke(Method.java:498)
	at org.junit.runners.model.FrameworkMethod$1.runReflectiveCall(FrameworkMethod.java:44)
	at org.junit.internal.runners.model.ReflectiveCallable.run(ReflectiveCallable.java:15)
	at org.junit.runners.model.FrameworkMethod.invokeExplosively(FrameworkMethod.java:41)
	at junitparams.internal.InvokeParameterisedMethod.evaluate(InvokeParameterisedMethod.java:102)
	at org.junit.internal.runners.statements.FailOnTimeout$1.run(FailOnTimeout.java:28)
Caused by: ptolemy.kernel.util.IllegalActionException: Actor is not ready to fire.  Perhaps UpSample.prefire() returned false? Try debugging the actor by selecting "Listen to Actor".  Also, for SDF check moml for tokenConsumptionRate on input.
  in .DESDFClockTest.Play Bell.Copy1:SDF Director and .DESDFClockTest.Play Bell.UpSample
	at ptolemy.actor.sched.StaticSchedulingDirector.fire(StaticSchedulingDirector.java:227)
	at ptolemy.domains.sdf.kernel.SDFDirector.fire(SDFDirector.java:500)
	at ptolemy.actor.CompositeActor.fire(CompositeActor.java:455)
	at ptolemy.domains.de.kernel.DEDirector._fire(DEDirector.java:1949)
	at ptolemy.domains.de.kernel.DEDirector.fire(DEDirector.java:502)
	at ptolemy.actor.CompositeActor.fire(CompositeActor.java:455)
	at ptolemy.actor.Manager.iterate(Manager.java:851)
	at ptolemy.actor.Manager.execute(Manager.java:369)
	at ptolemy.actor.Manager.run(Manager.java:1263)
	at ptolemy.actor.Manager$PtolemyRunThread.run(Manager.java:1915)
java.lang.RuntimeException: Execution failed
	at ptolemy.moml.MoMLSimpleApplication$UnloadThread.run(MoMLSimpleApplication.java:402)
Caused by: ptolemy.kernel.util.IllegalActionException: Test fails in iteration 1.
Value was: 1.0. Should have been: 2.0
  in .DirectFeedback.Test
	at ptolemy.actor.lib.Test.fire(Test.java:268)
	at ptolemy.domains.de.kernel.DEDirector._fire(DEDirector.java:1949)
	at ptolemy.domains.de.kernel.DEDirector.fire(DEDirector.java:502)
	at ptolemy.actor.CompositeActor.fire(CompositeActor.java:455)
	at ptolemy.actor.Manager.iterate(Manager.java:851)
	at ptolemy.actor.Manager.execute(Manager.java:369)
	at ptolemy.actor.Manager.run(Manager.java:1263)
	at ptolemy.actor.Manager$PtolemyRunThread.run(Manager.java:1915)
java.lang.reflect.InvocationTargetException
	at sun.reflect.NativeConstructorAccessorImpl.newInstance0(Native Method)
	at sun.reflect.NativeConstructorAccessorImpl.newInstance(NativeConstructorAccessorImpl.java:62)
	at sun.reflect.DelegatingConstructorAccessorImpl.newInstance(DelegatingConstructorAccessorImpl.java:45)
	at java.lang.reflect.Constructor.newInstance(Constructor.java:423)
	at ptolemy.util.test.junit.AutoKnownFailedTests.RunModel(AutoKnownFailedTests.java:105)
	at sun.reflect.NativeMethodAccessorImpl.invoke0(Native Method)
	at sun.reflect.NativeMethodAccessorImpl.invoke(NativeMethodAccessorImpl.java:62)
	at sun.reflect.DelegatingMethodAccessorImpl.invoke(DelegatingMethodAccessorImpl.java:43)
	at java.lang.reflect.Method.invoke(Method.java:498)
	at org.junit.runners.model.FrameworkMethod$1.runReflectiveCall(FrameworkMethod.java:44)
	at org.junit.internal.runners.model.ReflectiveCallable.run(ReflectiveCallable.java:15)
	at org.junit.runners.model.FrameworkMethod.invokeExplosively(FrameworkMethod.java:41)
	at junitparams.internal.InvokeParameterisedMethod.evaluate(InvokeParameterisedMethod.java:102)
	at org.junit.internal.runners.statements.FailOnTimeout$1.run(FailOnTimeout.java:28)
Caused by: ptolemy.kernel.util.IllegalActionException: Test fails in iteration 1.
Value was: 1.0. Should have been: 2.0
  in .DirectFeedback.Test
	at ptolemy.actor.lib.Test.fire(Test.java:268)
	at ptolemy.domains.de.kernel.DEDirector._fire(DEDirector.java:1949)
	at ptolemy.domains.de.kernel.DEDirector.fire(DEDirector.java:502)
	at ptolemy.actor.CompositeActor.fire(CompositeActor.java:455)
	at ptolemy.actor.Manager.iterate(Manager.java:851)
	at ptolemy.actor.Manager.execute(Manager.java:369)
	at ptolemy.actor.Manager.run(Manager.java:1263)
	at ptolemy.actor.Manager$PtolemyRunThread.run(Manager.java:1915)
java.lang.RuntimeException: Execution failed
	at ptolemy.moml.MoMLSimpleApplication$UnloadThread.run(MoMLSimpleApplication.java:402)
Caused by: ptolemy.kernel.util.IllegalActionException: Found a zero delay loop containing .HierarchicalModel.A
  in .HierarchicalModel and .HierarchicalModel.A
	at ptolemy.actor.util.CausalityInterfaceForComposites._computeOutputPortDepth(CausalityInterfaceForComposites.java:759)
	at ptolemy.actor.util.CausalityInterfaceForComposites._computeInputDepth(CausalityInterfaceForComposites.java:696)
	at ptolemy.actor.util.CausalityInterfaceForComposites._computeOutputPortDepth(CausalityInterfaceForComposites.java:765)
	at ptolemy.actor.util.CausalityInterfaceForComposites._computeInputDepth(CausalityInterfaceForComposites.java:696)
	at ptolemy.actor.util.CausalityInterfaceForComposites._computeOutputPortDepth(CausalityInterfaceForComposites.java:765)
	at ptolemy.actor.util.CausalityInterfaceForComposites._computeInputDepth(CausalityInterfaceForComposites.java:696)
	at ptolemy.actor.util.CausalityInterfaceForComposites._computeActorDepth(CausalityInterfaceForComposites.java:532)
	at ptolemy.actor.util.CausalityInterfaceForComposites.checkForCycles(CausalityInterfaceForComposites.java:96)
	at ptolemy.domains.de.kernel.DEDirector.preinitialize(DEDirector.java:1338)
	at ptolemy.actor.CompositeActor.preinitialize(CompositeActor.java:1828)
	at ptolemy.actor.Manager.preinitializeAndResolveTypes(Manager.java:1040)
	at ptolemy.actor.Manager.initialize(Manager.java:710)
	at ptolemy.actor.Manager.execute(Manager.java:356)
	at ptolemy.actor.Manager.run(Manager.java:1263)
	at ptolemy.actor.Manager$PtolemyRunThread.run(Manager.java:1915)
java.lang.reflect.InvocationTargetException
	at sun.reflect.NativeConstructorAccessorImpl.newInstance0(Native Method)
	at sun.reflect.NativeConstructorAccessorImpl.newInstance(NativeConstructorAccessorImpl.java:62)
	at sun.reflect.DelegatingConstructorAccessorImpl.newInstance(DelegatingConstructorAccessorImpl.java:45)
	at java.lang.reflect.Constructor.newInstance(Constructor.java:423)
	at ptolemy.util.test.junit.AutoKnownFailedTests.RunModel(AutoKnownFailedTests.java:105)
	at sun.reflect.NativeMethodAccessorImpl.invoke0(Native Method)
	at sun.reflect.NativeMethodAccessorImpl.invoke(NativeMethodAccessorImpl.java:62)
	at sun.reflect.DelegatingMethodAccessorImpl.invoke(DelegatingMethodAccessorImpl.java:43)
	at java.lang.reflect.Method.invoke(Method.java:498)
	at org.junit.runners.model.FrameworkMethod$1.runReflectiveCall(FrameworkMethod.java:44)
	at org.junit.internal.runners.model.ReflectiveCallable.run(ReflectiveCallable.java:15)
	at org.junit.runners.model.FrameworkMethod.invokeExplosively(FrameworkMethod.java:41)
	at junitparams.internal.InvokeParameterisedMethod.evaluate(InvokeParameterisedMethod.java:102)
	at org.junit.internal.runners.statements.FailOnTimeout$1.run(FailOnTimeout.java:28)
Caused by: ptolemy.kernel.util.IllegalActionException: Found a zero delay loop containing .HierarchicalModel.A
  in .HierarchicalModel and .HierarchicalModel.A
	at ptolemy.actor.util.CausalityInterfaceForComposites._computeOutputPortDepth(CausalityInterfaceForComposites.java:759)
	at ptolemy.actor.util.CausalityInterfaceForComposites._computeInputDepth(CausalityInterfaceForComposites.java:696)
	at ptolemy.actor.util.CausalityInterfaceForComposites._computeOutputPortDepth(CausalityInterfaceForComposites.java:765)
	at ptolemy.actor.util.CausalityInterfaceForComposites._computeInputDepth(CausalityInterfaceForComposites.java:696)
	at ptolemy.actor.util.CausalityInterfaceForComposites._computeOutputPortDepth(CausalityInterfaceForComposites.java:765)
	at ptolemy.actor.util.CausalityInterfaceForComposites._computeInputDepth(CausalityInterfaceForComposites.java:696)
	at ptolemy.actor.util.CausalityInterfaceForComposites._computeActorDepth(CausalityInterfaceForComposites.java:532)
	at ptolemy.actor.util.CausalityInterfaceForComposites.checkForCycles(CausalityInterfaceForComposites.java:96)
	at ptolemy.domains.de.kernel.DEDirector.preinitialize(DEDirector.java:1338)
	at ptolemy.actor.CompositeActor.preinitialize(CompositeActor.java:1828)
	at ptolemy.actor.Manager.preinitializeAndResolveTypes(Manager.java:1040)
	at ptolemy.actor.Manager.initialize(Manager.java:710)
	at ptolemy.actor.Manager.execute(Manager.java:356)
	at ptolemy.actor.Manager.run(Manager.java:1263)
	at ptolemy.actor.Manager$PtolemyRunThread.run(Manager.java:1915)
java.lang.RuntimeException: Execution failed
	at ptolemy.moml.MoMLSimpleApplication$UnloadThread.run(MoMLSimpleApplication.java:402)
Caused by: ptolemy.kernel.util.IllegalActionException: Found a zero delay loop containing .dependencyLoop.original
  in .dependencyLoop and .dependencyLoop.original
	at ptolemy.actor.util.CausalityInterfaceForComposites._computeOutputPortDepth(CausalityInterfaceForComposites.java:759)
	at ptolemy.actor.util.CausalityInterfaceForComposites._computeInputDepth(CausalityInterfaceForComposites.java:696)
	at ptolemy.actor.util.CausalityInterfaceForComposites._computeOutputPortDepth(CausalityInterfaceForComposites.java:765)
	at ptolemy.actor.util.CausalityInterfaceForComposites._computeInputDepth(CausalityInterfaceForComposites.java:696)
	at ptolemy.actor.util.CausalityInterfaceForComposites._computeOutputPortDepth(CausalityInterfaceForComposites.java:765)
	at ptolemy.actor.util.CausalityInterfaceForComposites._computeInputDepth(CausalityInterfaceForComposites.java:696)
	at ptolemy.actor.util.CausalityInterfaceForComposites._computeActorDepth(CausalityInterfaceForComposites.java:532)
	at ptolemy.actor.util.CausalityInterfaceForComposites.checkForCycles(CausalityInterfaceForComposites.java:96)
	at ptolemy.domains.de.kernel.DEDirector.preinitialize(DEDirector.java:1338)
	at ptolemy.actor.CompositeActor.preinitialize(CompositeActor.java:1828)
	at ptolemy.actor.Manager.preinitializeAndResolveTypes(Manager.java:1040)
	at ptolemy.actor.Manager.initialize(Manager.java:710)
	at ptolemy.actor.Manager.execute(Manager.java:356)
	at ptolemy.actor.Manager.run(Manager.java:1263)
	at ptolemy.actor.Manager$PtolemyRunThread.run(Manager.java:1915)
java.lang.reflect.InvocationTargetException
	at sun.reflect.NativeConstructorAccessorImpl.newInstance0(Native Method)
	at sun.reflect.NativeConstructorAccessorImpl.newInstance(NativeConstructorAccessorImpl.java:62)
	at sun.reflect.DelegatingConstructorAccessorImpl.newInstance(DelegatingConstructorAccessorImpl.java:45)
	at java.lang.reflect.Constructor.newInstance(Constructor.java:423)
	at ptolemy.util.test.junit.AutoKnownFailedTests.RunModel(AutoKnownFailedTests.java:105)
	at sun.reflect.NativeMethodAccessorImpl.invoke0(Native Method)
	at sun.reflect.NativeMethodAccessorImpl.invoke(NativeMethodAccessorImpl.java:62)
	at sun.reflect.DelegatingMethodAccessorImpl.invoke(DelegatingMethodAccessorImpl.java:43)
	at java.lang.reflect.Method.invoke(Method.java:498)
	at org.junit.runners.model.FrameworkMethod$1.runReflectiveCall(FrameworkMethod.java:44)
	at org.junit.internal.runners.model.ReflectiveCallable.run(ReflectiveCallable.java:15)
	at org.junit.runners.model.FrameworkMethod.invokeExplosively(FrameworkMethod.java:41)
	at junitparams.internal.InvokeParameterisedMethod.evaluate(InvokeParameterisedMethod.java:102)
	at org.junit.internal.runners.statements.FailOnTimeout$1.run(FailOnTimeout.java:28)
Caused by: ptolemy.kernel.util.IllegalActionException: Found a zero delay loop containing .dependencyLoop.original
  in .dependencyLoop and .dependencyLoop.original
	at ptolemy.actor.util.CausalityInterfaceForComposites._computeOutputPortDepth(CausalityInterfaceForComposites.java:759)
	at ptolemy.actor.util.CausalityInterfaceForComposites._computeInputDepth(CausalityInterfaceForComposites.java:696)
	at ptolemy.actor.util.CausalityInterfaceForComposites._computeOutputPortDepth(CausalityInterfaceForComposites.java:765)
	at ptolemy.actor.util.CausalityInterfaceForComposites._computeInputDepth(CausalityInterfaceForComposites.java:696)
	at ptolemy.actor.util.CausalityInterfaceForComposites._computeOutputPortDepth(CausalityInterfaceForComposites.java:765)
	at ptolemy.actor.util.CausalityInterfaceForComposites._computeInputDepth(CausalityInterfaceForComposites.java:696)
	at ptolemy.actor.util.CausalityInterfaceForComposites._computeActorDepth(CausalityInterfaceForComposites.java:532)
	at ptolemy.actor.util.CausalityInterfaceForComposites.checkForCycles(CausalityInterfaceForComposites.java:96)
	at ptolemy.domains.de.kernel.DEDirector.preinitialize(DEDirector.java:1338)
	at ptolemy.actor.CompositeActor.preinitialize(CompositeActor.java:1828)
	at ptolemy.actor.Manager.preinitializeAndResolveTypes(Manager.java:1040)
	at ptolemy.actor.Manager.initialize(Manager.java:710)
	at ptolemy.actor.Manager.execute(Manager.java:356)
	at ptolemy.actor.Manager.run(Manager.java:1263)
	at ptolemy.actor.Manager$PtolemyRunThread.run(Manager.java:1915)
java.lang.RuntimeException: Execution failed
	at ptolemy.moml.MoMLSimpleApplication$UnloadThread.run(MoMLSimpleApplication.java:402)
Caused by: ptolemy.kernel.util.IllegalActionException: Found a zero delay loop containing .dependencyLoop2.original
  in .dependencyLoop2 and .dependencyLoop2.original
	at ptolemy.actor.util.CausalityInterfaceForComposites._computeOutputPortDepth(CausalityInterfaceForComposites.java:759)
	at ptolemy.actor.util.CausalityInterfaceForComposites._computeInputDepth(CausalityInterfaceForComposites.java:696)
	at ptolemy.actor.util.CausalityInterfaceForComposites._computeOutputPortDepth(CausalityInterfaceForComposites.java:765)
	at ptolemy.actor.util.CausalityInterfaceForComposites._computeInputDepth(CausalityInterfaceForComposites.java:696)
	at ptolemy.actor.util.CausalityInterfaceForComposites._computeOutputPortDepth(CausalityInterfaceForComposites.java:765)
	at ptolemy.actor.util.CausalityInterfaceForComposites._computeInputDepth(CausalityInterfaceForComposites.java:696)
	at ptolemy.actor.util.CausalityInterfaceForComposites._computeActorDepth(CausalityInterfaceForComposites.java:532)
	at ptolemy.actor.util.CausalityInterfaceForComposites.checkForCycles(CausalityInterfaceForComposites.java:96)
	at ptolemy.domains.de.kernel.DEDirector.preinitialize(DEDirector.java:1338)
	at ptolemy.actor.CompositeActor.preinitialize(CompositeActor.java:1828)
	at ptolemy.actor.Manager.preinitializeAndResolveTypes(Manager.java:1040)
	at ptolemy.actor.Manager.initialize(Manager.java:710)
	at ptolemy.actor.Manager.execute(Manager.java:356)
	at ptolemy.actor.Manager.run(Manager.java:1263)
	at ptolemy.actor.Manager$PtolemyRunThread.run(Manager.java:1915)
java.lang.reflect.InvocationTargetException
	at sun.reflect.NativeConstructorAccessorImpl.newInstance0(Native Method)
	at sun.reflect.NativeConstructorAccessorImpl.newInstance(NativeConstructorAccessorImpl.java:62)
	at sun.reflect.DelegatingConstructorAccessorImpl.newInstance(DelegatingConstructorAccessorImpl.java:45)
	at java.lang.reflect.Constructor.newInstance(Constructor.java:423)
	at ptolemy.util.test.junit.AutoKnownFailedTests.RunModel(AutoKnownFailedTests.java:105)
	at sun.reflect.NativeMethodAccessorImpl.invoke0(Native Method)
	at sun.reflect.NativeMethodAccessorImpl.invoke(NativeMethodAccessorImpl.java:62)
	at sun.reflect.DelegatingMethodAccessorImpl.invoke(DelegatingMethodAccessorImpl.java:43)
	at java.lang.reflect.Method.invoke(Method.java:498)
	at org.junit.runners.model.FrameworkMethod$1.runReflectiveCall(FrameworkMethod.java:44)
	at org.junit.internal.runners.model.ReflectiveCallable.run(ReflectiveCallable.java:15)
	at org.junit.runners.model.FrameworkMethod.invokeExplosively(FrameworkMethod.java:41)
	at junitparams.internal.InvokeParameterisedMethod.evaluate(InvokeParameterisedMethod.java:102)
	at org.junit.internal.runners.statements.FailOnTimeout$1.run(FailOnTimeout.java:28)
Caused by: ptolemy.kernel.util.IllegalActionException: Found a zero delay loop containing .dependencyLoop2.original
  in .dependencyLoop2 and .dependencyLoop2.original
	at ptolemy.actor.util.CausalityInterfaceForComposites._computeOutputPortDepth(CausalityInterfaceForComposites.java:759)
	at ptolemy.actor.util.CausalityInterfaceForComposites._computeInputDepth(CausalityInterfaceForComposites.java:696)
	at ptolemy.actor.util.CausalityInterfaceForComposites._computeOutputPortDepth(CausalityInterfaceForComposites.java:765)
	at ptolemy.actor.util.CausalityInterfaceForComposites._computeInputDepth(CausalityInterfaceForComposites.java:696)
	at ptolemy.actor.util.CausalityInterfaceForComposites._computeOutputPortDepth(CausalityInterfaceForComposites.java:765)
	at ptolemy.actor.util.CausalityInterfaceForComposites._computeInputDepth(CausalityInterfaceForComposites.java:696)
	at ptolemy.actor.util.CausalityInterfaceForComposites._computeActorDepth(CausalityInterfaceForComposites.java:532)
	at ptolemy.actor.util.CausalityInterfaceForComposites.checkForCycles(CausalityInterfaceForComposites.java:96)
	at ptolemy.domains.de.kernel.DEDirector.preinitialize(DEDirector.java:1338)
	at ptolemy.actor.CompositeActor.preinitialize(CompositeActor.java:1828)
	at ptolemy.actor.Manager.preinitializeAndResolveTypes(Manager.java:1040)
	at ptolemy.actor.Manager.initialize(Manager.java:710)
	at ptolemy.actor.Manager.execute(Manager.java:356)
	at ptolemy.actor.Manager.run(Manager.java:1263)
	at ptolemy.actor.Manager$PtolemyRunThread.run(Manager.java:1915)
]]></system-err>
</testsuite>
