<?xml version="1.0" encoding="UTF-8" ?>
<testsuite errors="0" failures="0" hostname="travis-job-a4fc451c-999d-4c7b-b885-b0793329f44e" name="ptolemy.domains.sdf.lib.test.junit.JUnitTclTest" skipped="0" tests="82" time="9.477" timestamp="2019-07-18T21:55:20">
  <properties>
[...]
</properties>
  <testcase classname="ptolemy.util.test.junit.TclTests" name="[0] /home/travis/build/icyphy/ptII/ptolemy/domains/sdf/lib/test/ArrayToSequence.tcl (RunTclFile)" time="0.617" />
  <testcase classname="ptolemy.util.test.junit.TclTests" name="[1] /home/travis/build/icyphy/ptII/ptolemy/domains/sdf/lib/test/BitsToInt.tcl (RunTclFile)" time="0.05" />
  <testcase classname="ptolemy.util.test.junit.TclTests" name="[2] /home/travis/build/icyphy/ptII/ptolemy/domains/sdf/lib/test/DelayLine.tcl (RunTclFile)" time="0.024" />
  <testcase classname="ptolemy.util.test.junit.TclTests" name="[3] /home/travis/build/icyphy/ptII/ptolemy/domains/sdf/lib/test/FFT.tcl (RunTclFile)" time="0.036" />
  <testcase classname="ptolemy.util.test.junit.TclTests" name="[4] /home/travis/build/icyphy/ptII/ptolemy/domains/sdf/lib/test/FIR.tcl (RunTclFile)" time="0.202" />
  <testcase classname="ptolemy.util.test.junit.TclTests" name="[5] /home/travis/build/icyphy/ptII/ptolemy/domains/sdf/lib/test/IntToBits.tcl (RunTclFile)" time="0.05" />
  <testcase classname="ptolemy.util.test.junit.TclTests" name="[6] /home/travis/build/icyphy/ptII/ptolemy/domains/sdf/lib/test/MaximumEntropySpectrum.tcl (RunTclFile)" time="0.407" />
  <testcase classname="ptolemy.util.test.junit.TclTests" name="[7] /home/travis/build/icyphy/ptII/ptolemy/domains/sdf/lib/test/Repeat.tcl (RunTclFile)" time="0.045" />
  <testcase classname="ptolemy.util.test.junit.TclTests" name="[8] /home/travis/build/icyphy/ptII/ptolemy/domains/sdf/lib/test/SampleDelay.tcl (RunTclFile)" time="0.086" />
  <testcase classname="ptolemy.util.test.junit.TclTests" name="[9] /home/travis/build/icyphy/ptII/ptolemy/domains/sdf/lib/test/SequenceToArray.tcl (RunTclFile)" time="0.07" />
  <testcase classname="ptolemy.util.test.junit.AutoKnownFailedTests" name="[0] ThereAreNoKnowFailedTests (RunModel)" time="0.003" />
  <testcase classname="ptolemy.util.test.junit.AutoNameArchTests" name="[0] ThereAreNoAutoArchTests (RunModel)" time="0.005" />
  <testcase classname="ptolemy.util.test.junit.AutoTests" name="[0] /home/travis/build/icyphy/ptII/ptolemy/domains/sdf/lib/test/auto/ArrayToSequence.xml (RunModel)" time="0.197" />
  <testcase classname="ptolemy.util.test.junit.AutoTests" name="[1] /home/travis/build/icyphy/ptII/ptolemy/domains/sdf/lib/test/auto/ArrayToSequenceTest.xml (RunModel)" time="0.072" />
  <testcase classname="ptolemy.util.test.junit.AutoTests" name="[2] /home/travis/build/icyphy/ptII/ptolemy/domains/sdf/lib/test/auto/Autocorrelation.xml (RunModel)" time="0.028" />
  <testcase classname="ptolemy.util.test.junit.AutoTests" name="[3] /home/travis/build/icyphy/ptII/ptolemy/domains/sdf/lib/test/auto/Autocorrelation2.xml (RunModel)" time="0.073" />
  <testcase classname="ptolemy.util.test.junit.AutoTests" name="[4] /home/travis/build/icyphy/ptII/ptolemy/domains/sdf/lib/test/auto/Autocorrelation3.xml (RunModel)" time="0.032" />
  <testcase classname="ptolemy.util.test.junit.AutoTests" name="[5] /home/travis/build/icyphy/ptII/ptolemy/domains/sdf/lib/test/auto/Autocorrelation4.xml (RunModel)" time="0.061" />
  <testcase classname="ptolemy.util.test.junit.AutoTests" name="[6] /home/travis/build/icyphy/ptII/ptolemy/domains/sdf/lib/test/auto/Autocorrelation5.xml (RunModel)" time="0.106" />
  <testcase classname="ptolemy.util.test.junit.AutoTests" name="[7] /home/travis/build/icyphy/ptII/ptolemy/domains/sdf/lib/test/auto/BitsToInt.xml (RunModel)" time="0.045" />
  <testcase classname="ptolemy.util.test.junit.AutoTests" name="[8] /home/travis/build/icyphy/ptII/ptolemy/domains/sdf/lib/test/auto/BooleanJoin.xml (RunModel)" time="0.071" />
  <testcase classname="ptolemy.util.test.junit.AutoTests" name="[9] /home/travis/build/icyphy/ptII/ptolemy/domains/sdf/lib/test/auto/BootstrapSampleDelay.xml (RunModel)" time="0.053" />
  <testcase classname="ptolemy.util.test.junit.AutoTests" name="[10] /home/travis/build/icyphy/ptII/ptolemy/domains/sdf/lib/test/auto/Chop.xml (RunModel)" time="0.042" />
  <testcase classname="ptolemy.util.test.junit.AutoTests" name="[11] /home/travis/build/icyphy/ptII/ptolemy/domains/sdf/lib/test/auto/Chop2.xml (RunModel)" time="0.064" />
  <testcase classname="ptolemy.util.test.junit.AutoTests" name="[12] /home/travis/build/icyphy/ptII/ptolemy/domains/sdf/lib/test/auto/ComplexJoin.xml (RunModel)" time="0.029" />
  <testcase classname="ptolemy.util.test.junit.AutoTests" name="[13] /home/travis/build/icyphy/ptII/ptolemy/domains/sdf/lib/test/auto/CountTrues.xml (RunModel)" time="0.044" />
  <testcase classname="ptolemy.util.test.junit.AutoTests" name="[14] /home/travis/build/icyphy/ptII/ptolemy/domains/sdf/lib/test/auto/DelayLine.xml (RunModel)" time="0.055" />
  <testcase classname="ptolemy.util.test.junit.AutoTests" name="[15] /home/travis/build/icyphy/ptII/ptolemy/domains/sdf/lib/test/auto/DotProduct.xml (RunModel)" time="0.037" />
  <testcase classname="ptolemy.util.test.junit.AutoTests" name="[16] /home/travis/build/icyphy/ptII/ptolemy/domains/sdf/lib/test/auto/DotProductMatrix.xml (RunModel)" time="0.023" />
  <testcase classname="ptolemy.util.test.junit.AutoTests" name="[17] /home/travis/build/icyphy/ptII/ptolemy/domains/sdf/lib/test/auto/DownSample1.xml (RunModel)" time="0.029" />
  <testcase classname="ptolemy.util.test.junit.AutoTests" name="[18] /home/travis/build/icyphy/ptII/ptolemy/domains/sdf/lib/test/auto/DynamicRateChange.xml (RunModel)" time="0.04" />
  <testcase classname="ptolemy.util.test.junit.AutoTests" name="[19] /home/travis/build/icyphy/ptII/ptolemy/domains/sdf/lib/test/auto/DynamicRates.xml (RunModel)" time="0.042" />
  <testcase classname="ptolemy.util.test.junit.AutoTests" name="[20] /home/travis/build/icyphy/ptII/ptolemy/domains/sdf/lib/test/auto/FFT1.xml (RunModel)" time="0.053" />
  <testcase classname="ptolemy.util.test.junit.AutoTests" name="[21] /home/travis/build/icyphy/ptII/ptolemy/domains/sdf/lib/test/auto/FIR1.xml (RunModel)" time="0.063" />
  <testcase classname="ptolemy.util.test.junit.AutoTests" name="[22] /home/travis/build/icyphy/ptII/ptolemy/domains/sdf/lib/test/auto/FIR2.xml (RunModel)" time="0.037" />
  <testcase classname="ptolemy.util.test.junit.AutoTests" name="[23] /home/travis/build/icyphy/ptII/ptolemy/domains/sdf/lib/test/auto/FIR4.xml (RunModel)" time="0.055" />
  <testcase classname="ptolemy.util.test.junit.AutoTests" name="[24] /home/travis/build/icyphy/ptII/ptolemy/domains/sdf/lib/test/auto/FixJoin.xml (RunModel)" time="0.059" />
  <testcase classname="ptolemy.util.test.junit.AutoTests" name="[25] /home/travis/build/icyphy/ptII/ptolemy/domains/sdf/lib/test/auto/IntJoin1.xml (RunModel)" time="0.034" />
  <testcase classname="ptolemy.util.test.junit.AutoTests" name="[26] /home/travis/build/icyphy/ptII/ptolemy/domains/sdf/lib/test/auto/IntJoin2.xml (RunModel)" time="0.032" />
  <testcase classname="ptolemy.util.test.junit.AutoTests" name="[27] /home/travis/build/icyphy/ptII/ptolemy/domains/sdf/lib/test/auto/IntJoin3.xml (RunModel)" time="0.024" />
  <testcase classname="ptolemy.util.test.junit.AutoTests" name="[28] /home/travis/build/icyphy/ptII/ptolemy/domains/sdf/lib/test/auto/IntJoin4.xml (RunModel)" time="0.03" />
  <testcase classname="ptolemy.util.test.junit.AutoTests" name="[29] /home/travis/build/icyphy/ptII/ptolemy/domains/sdf/lib/test/auto/IntJoin5.xml (RunModel)" time="0.029" />
  <testcase classname="ptolemy.util.test.junit.AutoTests" name="[30] /home/travis/build/icyphy/ptII/ptolemy/domains/sdf/lib/test/auto/IntToBits.xml (RunModel)" time="0.031" />
  <testcase classname="ptolemy.util.test.junit.AutoTests" name="[31] /home/travis/build/icyphy/ptII/ptolemy/domains/sdf/lib/test/auto/LMSAdaptive.xml (RunModel)" time="0.066" />
  <testcase classname="ptolemy.util.test.junit.AutoTests" name="[32] /home/travis/build/icyphy/ptII/ptolemy/domains/sdf/lib/test/auto/LMSAdaptiveFIR.xml (RunModel)" time="0.397" />
  <testcase classname="ptolemy.util.test.junit.AutoTests" name="[33] /home/travis/build/icyphy/ptII/ptolemy/domains/sdf/lib/test/auto/LMSAdaptiveFIR2.xml (RunModel)" time="0.419" />
  <testcase classname="ptolemy.util.test.junit.AutoTests" name="[34] /home/travis/build/icyphy/ptII/ptolemy/domains/sdf/lib/test/auto/LongJoin.xml (RunModel)" time="0.026" />
  <testcase classname="ptolemy.util.test.junit.AutoTests" name="[35] /home/travis/build/icyphy/ptII/ptolemy/domains/sdf/lib/test/auto/Matrix1.xml (RunModel)" time="0.026" />
  <testcase classname="ptolemy.util.test.junit.AutoTests" name="[36] /home/travis/build/icyphy/ptII/ptolemy/domains/sdf/lib/test/auto/Matrix2.xml (RunModel)" time="0.021" />
  <testcase classname="ptolemy.util.test.junit.AutoTests" name="[37] /home/travis/build/icyphy/ptII/ptolemy/domains/sdf/lib/test/auto/MatrixJoin1.xml (RunModel)" time="0.045" />
  <testcase classname="ptolemy.util.test.junit.AutoTests" name="[38] /home/travis/build/icyphy/ptII/ptolemy/domains/sdf/lib/test/auto/MatrixJoin2.xml (RunModel)" time="0.026" />
  <testcase classname="ptolemy.util.test.junit.AutoTests" name="[39] /home/travis/build/icyphy/ptII/ptolemy/domains/sdf/lib/test/auto/MatrixJoin3.xml (RunModel)" time="0.026" />
  <testcase classname="ptolemy.util.test.junit.AutoTests" name="[40] /home/travis/build/icyphy/ptII/ptolemy/domains/sdf/lib/test/auto/MatrixJoin4.xml (RunModel)" time="0.019" />
  <testcase classname="ptolemy.util.test.junit.AutoTests" name="[41] /home/travis/build/icyphy/ptII/ptolemy/domains/sdf/lib/test/auto/MatrixJoin5.xml (RunModel)" time="0.017" />
  <testcase classname="ptolemy.util.test.junit.AutoTests" name="[42] /home/travis/build/icyphy/ptII/ptolemy/domains/sdf/lib/test/auto/MatrixSplit1.xml (RunModel)" time="0.028" />
  <testcase classname="ptolemy.util.test.junit.AutoTests" name="[43] /home/travis/build/icyphy/ptII/ptolemy/domains/sdf/lib/test/auto/MatrixSplit10.xml (RunModel)" time="0.017" />
  <testcase classname="ptolemy.util.test.junit.AutoTests" name="[44] /home/travis/build/icyphy/ptII/ptolemy/domains/sdf/lib/test/auto/MatrixSplit11.xml (RunModel)" time="0.033" />
  <testcase classname="ptolemy.util.test.junit.AutoTests" name="[45] /home/travis/build/icyphy/ptII/ptolemy/domains/sdf/lib/test/auto/MatrixSplit12.xml (RunModel)" time="0.018" />
  <testcase classname="ptolemy.util.test.junit.AutoTests" name="[46] /home/travis/build/icyphy/ptII/ptolemy/domains/sdf/lib/test/auto/MatrixSplit13.xml (RunModel)" time="0.027" />
  <testcase classname="ptolemy.util.test.junit.AutoTests" name="[47] /home/travis/build/icyphy/ptII/ptolemy/domains/sdf/lib/test/auto/MatrixSplit14.xml (RunModel)" time="0.016" />
  <testcase classname="ptolemy.util.test.junit.AutoTests" name="[48] /home/travis/build/icyphy/ptII/ptolemy/domains/sdf/lib/test/auto/MatrixSplit2.xml (RunModel)" time="0.015" />
  <testcase classname="ptolemy.util.test.junit.AutoTests" name="[49] /home/travis/build/icyphy/ptII/ptolemy/domains/sdf/lib/test/auto/MatrixSplit3.xml (RunModel)" time="0.016" />
  <testcase classname="ptolemy.util.test.junit.AutoTests" name="[50] /home/travis/build/icyphy/ptII/ptolemy/domains/sdf/lib/test/auto/MatrixSplit4.xml (RunModel)" time="0.016" />
  <testcase classname="ptolemy.util.test.junit.AutoTests" name="[51] /home/travis/build/icyphy/ptII/ptolemy/domains/sdf/lib/test/auto/MatrixSplit5.xml (RunModel)" time="0.025" />
  <testcase classname="ptolemy.util.test.junit.AutoTests" name="[52] /home/travis/build/icyphy/ptII/ptolemy/domains/sdf/lib/test/auto/MatrixSplit6.xml (RunModel)" time="0.034" />
  <testcase classname="ptolemy.util.test.junit.AutoTests" name="[53] /home/travis/build/icyphy/ptII/ptolemy/domains/sdf/lib/test/auto/MatrixSplit7.xml (RunModel)" time="0.016" />
  <testcase classname="ptolemy.util.test.junit.AutoTests" name="[54] /home/travis/build/icyphy/ptII/ptolemy/domains/sdf/lib/test/auto/MatrixSplit8.xml (RunModel)" time="0.014" />
  <testcase classname="ptolemy.util.test.junit.AutoTests" name="[55] /home/travis/build/icyphy/ptII/ptolemy/domains/sdf/lib/test/auto/MatrixSplit9.xml (RunModel)" time="0.032" />
  <testcase classname="ptolemy.util.test.junit.AutoTests" name="[56] /home/travis/build/icyphy/ptII/ptolemy/domains/sdf/lib/test/auto/MatrixToSequence.xml (RunModel)" time="0.043" />
  <testcase classname="ptolemy.util.test.junit.AutoTests" name="[57] /home/travis/build/icyphy/ptII/ptolemy/domains/sdf/lib/test/auto/MaximumEntropySpectrum.xml (RunModel)" time="0.075" />
  <testcase classname="ptolemy.util.test.junit.AutoTests" name="[58] /home/travis/build/icyphy/ptII/ptolemy/domains/sdf/lib/test/auto/SampleDelayConversion.xml (RunModel)" time="0.018" />
  <testcase classname="ptolemy.util.test.junit.AutoTests" name="[59] /home/travis/build/icyphy/ptII/ptolemy/domains/sdf/lib/test/auto/SequenceToArray.xml (RunModel)" time="0.037" />
  <testcase classname="ptolemy.util.test.junit.AutoTests" name="[60] /home/travis/build/icyphy/ptII/ptolemy/domains/sdf/lib/test/auto/SequenceToMatrix.xml (RunModel)" time="3.777" />
  <testcase classname="ptolemy.util.test.junit.AutoTests" name="[61] /home/travis/build/icyphy/ptII/ptolemy/domains/sdf/lib/test/auto/SmoothedPeriodogram.xml (RunModel)" time="0.058" />
  <testcase classname="ptolemy.util.test.junit.AutoTests" name="[62] /home/travis/build/icyphy/ptII/ptolemy/domains/sdf/lib/test/auto/UpDownSample1.xml (RunModel)" time="0.02" />
  <testcase classname="ptolemy.util.test.junit.AutoTests" name="[63] /home/travis/build/icyphy/ptII/ptolemy/domains/sdf/lib/test/auto/UpSample1.xml (RunModel)" time="0.031" />
  <testcase classname="ptolemy.util.test.junit.AutoTests" name="[64] /home/travis/build/icyphy/ptII/ptolemy/domains/sdf/lib/test/auto/VariableFIR.xml (RunModel)" time="0.023" />
  <testcase classname="ptolemy.util.test.junit.AutoTests" name="[65] /home/travis/build/icyphy/ptII/ptolemy/domains/sdf/lib/test/auto/VariableFIR2.xml (RunModel)" time="0.024" />
  <testcase classname="ptolemy.util.test.junit.AutoTests" name="[66] /home/travis/build/icyphy/ptII/ptolemy/domains/sdf/lib/test/auto/VariableLattice.xml (RunModel)" time="0.028" />
  <testcase classname="ptolemy.util.test.junit.AutoTests" name="[67] /home/travis/build/icyphy/ptII/ptolemy/domains/sdf/lib/test/auto/VariableLattice2.xml (RunModel)" time="0.022" />
  <testcase classname="ptolemy.util.test.junit.AutoTests" name="[68] /home/travis/build/icyphy/ptII/ptolemy/domains/sdf/lib/test/auto/VariableRecursiveLattice.xml (RunModel)" time="0.024" />
  <testcase classname="ptolemy.util.test.junit.AutoTests" name="[69] /home/travis/build/icyphy/ptII/ptolemy/domains/sdf/lib/test/auto/VariableRecursiveLattice2.xml (RunModel)" time="0.021" />
  <system-out><![CDATA[/home/travis/build/icyphy/ptII/ptolemy/domains/sdf/lib/test/ArrayToSequence.tcl
testDefs.tcl: setting time out to 9000 seconds at Thu Jul 18 21:55:21 UTC 2019
109 ms. Memory: 120832K Free: 86980K (72%)
12 ms. Memory: 120832K Free: 84932K (70%)
28 ms. Memory: 120832K Free: 82884K (69%)
13 ms. Memory: 120832K Free: 81860K (68%)
/home/travis/build/icyphy/ptII/ptolemy/domains/sdf/lib/test/BitsToInt.tcl
17 ms. Memory: 120832K Free: 79812K (66%)
9 ms. Memory: 120832K Free: 78243K (65%)
/home/travis/build/icyphy/ptII/ptolemy/domains/sdf/lib/test/DelayLine.tcl
7 ms. Memory: 120832K Free: 76211K (63%)
/home/travis/build/icyphy/ptII/ptolemy/domains/sdf/lib/test/FFT.tcl
7 ms. Memory: 120832K Free: 74692K (62%)
/home/travis/build/icyphy/ptII/ptolemy/domains/sdf/lib/test/FIR.tcl
9 ms. Memory: 120832K Free: 72644K (60%)
95 ms. Memory: 120832K Free: 68548K (57%)
ptolemy.kernel.util.IllegalActionException: multiplyReverse method not supported between ptolemy.data.FixToken 'fix(-0.0625,6,2)' and ptolemy.data.IntToken '1' because the types are incomparable.
  in .top.FIRclone
Because:
multiplyReverse method not supported between ptolemy.data.FixToken 'fix(-0.0625,6,2)' and ptolemy.data.IntToken '1' because the types are incomparable.
36 ms. Memory: 120832K Free: 65986K (55%)
/home/travis/build/icyphy/ptII/ptolemy/domains/sdf/lib/test/IntToBits.tcl
13 ms. Memory: 120832K Free: 64452K (53%)
10 ms. Memory: 120832K Free: 62899K (52%)
/home/travis/build/icyphy/ptII/ptolemy/domains/sdf/lib/test/MaximumEntropySpectrum.tcl
/home/travis/build/icyphy/ptII/ptolemy/domains/sdf/lib/test/Repeat.tcl
18 ms. Memory: 120832K Free: 102920K (85%)
/home/travis/build/icyphy/ptII/ptolemy/domains/sdf/lib/test/SampleDelay.tcl
5 ms. Memory: 120832K Free: 100848K (83%)
6 ms. Memory: 120832K Free: 99854K (83%)
10 ms. Memory: 120832K Free: 99344K (82%)
4 ms. Memory: 120832K Free: 105771K (88%)
7 ms. Memory: 120832K Free: 105288K (87%)
8 ms. Memory: 120832K Free: 104848K (87%)
/home/travis/build/icyphy/ptII/ptolemy/domains/sdf/lib/test/SequenceToArray.tcl
5 ms. Memory: 120832K Free: 102800K (85%)
13 ms. Memory: 120832K Free: 101792K (84%)
14 ms. Memory: 120832K Free: 100744K (83%)
5 ms. Memory: 120832K Free: 99584K (82%)
07/18/19 09:55:22
Failed: 0  Total Tests: 41  ((Passed: 41, Newly Passed: 0)  Known Failed: 0) /home/travis/build/icyphy/ptII/ptolemy/domains/sdf/lib/test
No auto/knownFailedTests/*.xml tests in /home/travis/build/icyphy/ptII/ptolemy/domains/sdf/lib/test
No auto/linux-amd64/*.xml tests in /home/travis/build/icyphy/ptII/ptolemy/domains/sdf/lib/test
AutoTests.java: About to close Vertx.
AutoTests.java: Vertx closed.

===========================================================================================
----------------- testing Thu Jul 18 21:55:23 UTC 2019 /home/travis/build/icyphy/ptII/ptolemy/domains/sdf/lib/test/auto/ArrayToSequence.xml
----------------- Instantiating /home/travis/build/icyphy/ptII/ptolemy/domains/sdf/lib/test/auto/ArrayToSequence.xml
28 ms. Memory: 120832K Free: 86149K (71%)
----------------- Invoking toplevel() on ptolemy.moml.MoMLSimpleApplication@1aacf6cd
----------------- Done invoking toplevel() on ptolemy.moml.MoMLSimpleApplication@1aacf6cd
reloadAllAccessors: .ArrayToSequence

===========================================================================================
----------------- testing Thu Jul 18 21:55:23 UTC 2019 /home/travis/build/icyphy/ptII/ptolemy/domains/sdf/lib/test/auto/ArrayToSequenceTest.xml
----------------- Instantiating /home/travis/build/icyphy/ptII/ptolemy/domains/sdf/lib/test/auto/ArrayToSequenceTest.xml
13 ms. Memory: 120832K Free: 80220K (66%)
----------------- Invoking toplevel() on ptolemy.moml.MoMLSimpleApplication@1afc1c91
----------------- Done invoking toplevel() on ptolemy.moml.MoMLSimpleApplication@1afc1c91
reloadAllAccessors: .ArrayToSequenceTest

===========================================================================================
----------------- testing Thu Jul 18 21:55:23 UTC 2019 /home/travis/build/icyphy/ptII/ptolemy/domains/sdf/lib/test/auto/Autocorrelation.xml
----------------- Instantiating /home/travis/build/icyphy/ptII/ptolemy/domains/sdf/lib/test/auto/Autocorrelation.xml
5 ms. Memory: 120832K Free: 75668K (63%)
----------------- Invoking toplevel() on ptolemy.moml.MoMLSimpleApplication@541735d9
----------------- Done invoking toplevel() on ptolemy.moml.MoMLSimpleApplication@541735d9
reloadAllAccessors: .Autocorrelation

===========================================================================================
----------------- testing Thu Jul 18 21:55:23 UTC 2019 /home/travis/build/icyphy/ptII/ptolemy/domains/sdf/lib/test/auto/Autocorrelation2.xml
----------------- Instantiating /home/travis/build/icyphy/ptII/ptolemy/domains/sdf/lib/test/auto/Autocorrelation2.xml
10 ms. Memory: 120832K Free: 102764K (85%)
----------------- Invoking toplevel() on ptolemy.moml.MoMLSimpleApplication@42a93024
----------------- Done invoking toplevel() on ptolemy.moml.MoMLSimpleApplication@42a93024
reloadAllAccessors: .Autocorrelation2

===========================================================================================
----------------- testing Thu Jul 18 21:55:23 UTC 2019 /home/travis/build/icyphy/ptII/ptolemy/domains/sdf/lib/test/auto/Autocorrelation3.xml
----------------- Instantiating /home/travis/build/icyphy/ptII/ptolemy/domains/sdf/lib/test/auto/Autocorrelation3.xml
3 ms. Memory: 120832K Free: 98690K (82%)
----------------- Invoking toplevel() on ptolemy.moml.MoMLSimpleApplication@19f6371d
----------------- Done invoking toplevel() on ptolemy.moml.MoMLSimpleApplication@19f6371d
reloadAllAccessors: .Autocorrelation3

===========================================================================================
----------------- testing Thu Jul 18 21:55:23 UTC 2019 /home/travis/build/icyphy/ptII/ptolemy/domains/sdf/lib/test/auto/Autocorrelation4.xml
----------------- Instantiating /home/travis/build/icyphy/ptII/ptolemy/domains/sdf/lib/test/auto/Autocorrelation4.xml
5 ms. Memory: 120832K Free: 94594K (78%)
----------------- Invoking toplevel() on ptolemy.moml.MoMLSimpleApplication@5aab16cd
----------------- Done invoking toplevel() on ptolemy.moml.MoMLSimpleApplication@5aab16cd
reloadAllAccessors: .Autocorrelation4

===========================================================================================
----------------- testing Thu Jul 18 21:55:23 UTC 2019 /home/travis/build/icyphy/ptII/ptolemy/domains/sdf/lib/test/auto/Autocorrelation5.xml
----------------- Instantiating /home/travis/build/icyphy/ptII/ptolemy/domains/sdf/lib/test/auto/Autocorrelation5.xml
59 ms. Memory: 120832K Free: 87139K (72%)
----------------- Invoking toplevel() on ptolemy.moml.MoMLSimpleApplication@16aff163
----------------- Done invoking toplevel() on ptolemy.moml.MoMLSimpleApplication@16aff163
reloadAllAccessors: .Autocorrelation5

===========================================================================================
----------------- testing Thu Jul 18 21:55:23 UTC 2019 /home/travis/build/icyphy/ptII/ptolemy/domains/sdf/lib/test/auto/BitsToInt.xml
----------------- Instantiating /home/travis/build/icyphy/ptII/ptolemy/domains/sdf/lib/test/auto/BitsToInt.xml
3 ms. Memory: 120832K Free: 84037K (70%)
----------------- Invoking toplevel() on ptolemy.moml.MoMLSimpleApplication@18a1790
----------------- Done invoking toplevel() on ptolemy.moml.MoMLSimpleApplication@18a1790
reloadAllAccessors: .BitsToInt

===========================================================================================
----------------- testing Thu Jul 18 21:55:23 UTC 2019 /home/travis/build/icyphy/ptII/ptolemy/domains/sdf/lib/test/auto/BooleanJoin.xml
----------------- Instantiating /home/travis/build/icyphy/ptII/ptolemy/domains/sdf/lib/test/auto/BooleanJoin.xml
6 ms. Memory: 120832K Free: 79234K (66%)
----------------- Invoking toplevel() on ptolemy.moml.MoMLSimpleApplication@7388008e
----------------- Done invoking toplevel() on ptolemy.moml.MoMLSimpleApplication@7388008e
reloadAllAccessors: .BooleanJoin

===========================================================================================
----------------- testing Thu Jul 18 21:55:23 UTC 2019 /home/travis/build/icyphy/ptII/ptolemy/domains/sdf/lib/test/auto/BootstrapSampleDelay.xml
----------------- Instantiating /home/travis/build/icyphy/ptII/ptolemy/domains/sdf/lib/test/auto/BootstrapSampleDelay.xml
7 ms. Memory: 120832K Free: 75567K (63%)
----------------- Invoking toplevel() on ptolemy.moml.MoMLSimpleApplication@3aa95cdb
----------------- Done invoking toplevel() on ptolemy.moml.MoMLSimpleApplication@3aa95cdb
reloadAllAccessors: .BootstrapSampleDelay

===========================================================================================
----------------- testing Thu Jul 18 21:55:23 UTC 2019 /home/travis/build/icyphy/ptII/ptolemy/domains/sdf/lib/test/auto/Chop.xml
----------------- Instantiating /home/travis/build/icyphy/ptII/ptolemy/domains/sdf/lib/test/auto/Chop.xml
6 ms. Memory: 120832K Free: 68382K (57%)
----------------- Invoking toplevel() on ptolemy.moml.MoMLSimpleApplication@141a6efc
----------------- Done invoking toplevel() on ptolemy.moml.MoMLSimpleApplication@141a6efc
reloadAllAccessors: .Chop

===========================================================================================
----------------- testing Thu Jul 18 21:55:23 UTC 2019 /home/travis/build/icyphy/ptII/ptolemy/domains/sdf/lib/test/auto/Chop2.xml
----------------- Instantiating /home/travis/build/icyphy/ptII/ptolemy/domains/sdf/lib/test/auto/Chop2.xml
17 ms. Memory: 145408K Free: 128921K (89%)
----------------- Invoking toplevel() on ptolemy.moml.MoMLSimpleApplication@4a4b11f6
----------------- Done invoking toplevel() on ptolemy.moml.MoMLSimpleApplication@4a4b11f6
reloadAllAccessors: .Chop2

===========================================================================================
----------------- testing Thu Jul 18 21:55:23 UTC 2019 /home/travis/build/icyphy/ptII/ptolemy/domains/sdf/lib/test/auto/ComplexJoin.xml
----------------- Instantiating /home/travis/build/icyphy/ptII/ptolemy/domains/sdf/lib/test/auto/ComplexJoin.xml
4 ms. Memory: 145408K Free: 124284K (85%)
----------------- Invoking toplevel() on ptolemy.moml.MoMLSimpleApplication@6593ae84
----------------- Done invoking toplevel() on ptolemy.moml.MoMLSimpleApplication@6593ae84
reloadAllAccessors: .ComplexJoin

===========================================================================================
----------------- testing Thu Jul 18 21:55:23 UTC 2019 /home/travis/build/icyphy/ptII/ptolemy/domains/sdf/lib/test/auto/CountTrues.xml
----------------- Instantiating /home/travis/build/icyphy/ptII/ptolemy/domains/sdf/lib/test/auto/CountTrues.xml
7 ms. Memory: 145408K Free: 120771K (83%)
----------------- Invoking toplevel() on ptolemy.moml.MoMLSimpleApplication@d517d28
----------------- Done invoking toplevel() on ptolemy.moml.MoMLSimpleApplication@d517d28
reloadAllAccessors: .CountTrues

===========================================================================================
----------------- testing Thu Jul 18 21:55:23 UTC 2019 /home/travis/build/icyphy/ptII/ptolemy/domains/sdf/lib/test/auto/DelayLine.xml
----------------- Instantiating /home/travis/build/icyphy/ptII/ptolemy/domains/sdf/lib/test/auto/DelayLine.xml
14 ms. Memory: 145408K Free: 115681K (80%)
----------------- Invoking toplevel() on ptolemy.moml.MoMLSimpleApplication@76873314
----------------- Done invoking toplevel() on ptolemy.moml.MoMLSimpleApplication@76873314
reloadAllAccessors: .DelayLine

===========================================================================================
----------------- testing Thu Jul 18 21:55:24 UTC 2019 /home/travis/build/icyphy/ptII/ptolemy/domains/sdf/lib/test/auto/DotProduct.xml
----------------- Instantiating /home/travis/build/icyphy/ptII/ptolemy/domains/sdf/lib/test/auto/DotProduct.xml
7 ms. Memory: 145408K Free: 112199K (77%)
----------------- Invoking toplevel() on ptolemy.moml.MoMLSimpleApplication@4dde8590
----------------- Done invoking toplevel() on ptolemy.moml.MoMLSimpleApplication@4dde8590
reloadAllAccessors: .DotProduct

===========================================================================================
----------------- testing Thu Jul 18 21:55:24 UTC 2019 /home/travis/build/icyphy/ptII/ptolemy/domains/sdf/lib/test/auto/DotProductMatrix.xml
----------------- Instantiating /home/travis/build/icyphy/ptII/ptolemy/domains/sdf/lib/test/auto/DotProductMatrix.xml
2 ms. Memory: 145408K Free: 109537K (75%)
----------------- Invoking toplevel() on ptolemy.moml.MoMLSimpleApplication@a20e2d6
----------------- Done invoking toplevel() on ptolemy.moml.MoMLSimpleApplication@a20e2d6
reloadAllAccessors: .DotProductMatrix

===========================================================================================
----------------- testing Thu Jul 18 21:55:24 UTC 2019 /home/travis/build/icyphy/ptII/ptolemy/domains/sdf/lib/test/auto/DownSample1.xml
----------------- Instantiating /home/travis/build/icyphy/ptII/ptolemy/domains/sdf/lib/test/auto/DownSample1.xml
7 ms. Memory: 145408K Free: 106025K (73%)
----------------- Invoking toplevel() on ptolemy.moml.MoMLSimpleApplication@2115fad6
----------------- Done invoking toplevel() on ptolemy.moml.MoMLSimpleApplication@2115fad6
reloadAllAccessors: .DownSample1

===========================================================================================
----------------- testing Thu Jul 18 21:55:24 UTC 2019 /home/travis/build/icyphy/ptII/ptolemy/domains/sdf/lib/test/auto/DynamicRateChange.xml
----------------- Instantiating /home/travis/build/icyphy/ptII/ptolemy/domains/sdf/lib/test/auto/DynamicRateChange.xml
16 ms. Memory: 145408K Free: 100321K (69%)
----------------- Invoking toplevel() on ptolemy.moml.MoMLSimpleApplication@e12f104
----------------- Done invoking toplevel() on ptolemy.moml.MoMLSimpleApplication@e12f104
reloadAllAccessors: .DynamicRateChange

===========================================================================================
----------------- testing Thu Jul 18 21:55:24 UTC 2019 /home/travis/build/icyphy/ptII/ptolemy/domains/sdf/lib/test/auto/DynamicRates.xml
----------------- Instantiating /home/travis/build/icyphy/ptII/ptolemy/domains/sdf/lib/test/auto/DynamicRates.xml
13 ms. Memory: 145408K Free: 95612K (66%)
----------------- Invoking toplevel() on ptolemy.moml.MoMLSimpleApplication@19c8589e
----------------- Done invoking toplevel() on ptolemy.moml.MoMLSimpleApplication@19c8589e
reloadAllAccessors: .DynamicRates

===========================================================================================
----------------- testing Thu Jul 18 21:55:24 UTC 2019 /home/travis/build/icyphy/ptII/ptolemy/domains/sdf/lib/test/auto/FFT1.xml
----------------- Instantiating /home/travis/build/icyphy/ptII/ptolemy/domains/sdf/lib/test/auto/FFT1.xml
10 ms. Memory: 145408K Free: 90695K (62%)
----------------- Invoking toplevel() on ptolemy.moml.MoMLSimpleApplication@7486ff4b
----------------- Done invoking toplevel() on ptolemy.moml.MoMLSimpleApplication@7486ff4b
reloadAllAccessors: .FFT1

===========================================================================================
----------------- testing Thu Jul 18 21:55:24 UTC 2019 /home/travis/build/icyphy/ptII/ptolemy/domains/sdf/lib/test/auto/FIR1.xml
----------------- Instantiating /home/travis/build/icyphy/ptII/ptolemy/domains/sdf/lib/test/auto/FIR1.xml
24 ms. Memory: 145408K Free: 84551K (58%)
----------------- Invoking toplevel() on ptolemy.moml.MoMLSimpleApplication@10ac1d60
----------------- Done invoking toplevel() on ptolemy.moml.MoMLSimpleApplication@10ac1d60
reloadAllAccessors: .FIR1

===========================================================================================
----------------- testing Thu Jul 18 21:55:24 UTC 2019 /home/travis/build/icyphy/ptII/ptolemy/domains/sdf/lib/test/auto/FIR2.xml
----------------- Instantiating /home/travis/build/icyphy/ptII/ptolemy/domains/sdf/lib/test/auto/FIR2.xml
8 ms. Memory: 145408K Free: 81276K (56%)
----------------- Invoking toplevel() on ptolemy.moml.MoMLSimpleApplication@52e003d5
----------------- Done invoking toplevel() on ptolemy.moml.MoMLSimpleApplication@52e003d5
reloadAllAccessors: .FIR2

===========================================================================================
----------------- testing Thu Jul 18 21:55:24 UTC 2019 /home/travis/build/icyphy/ptII/ptolemy/domains/sdf/lib/test/auto/FIR4.xml
----------------- Instantiating /home/travis/build/icyphy/ptII/ptolemy/domains/sdf/lib/test/auto/FIR4.xml
5 ms. Memory: 145408K Free: 73697K (51%)
----------------- Invoking toplevel() on ptolemy.moml.MoMLSimpleApplication@3dd31f36
----------------- Done invoking toplevel() on ptolemy.moml.MoMLSimpleApplication@3dd31f36
reloadAllAccessors: .FIR4

===========================================================================================
----------------- testing Thu Jul 18 21:55:24 UTC 2019 /home/travis/build/icyphy/ptII/ptolemy/domains/sdf/lib/test/auto/FixJoin.xml
----------------- Instantiating /home/travis/build/icyphy/ptII/ptolemy/domains/sdf/lib/test/auto/FixJoin.xml
4 ms. Memory: 145408K Free: 69191K (48%)
----------------- Invoking toplevel() on ptolemy.moml.MoMLSimpleApplication@524f65f8
----------------- Done invoking toplevel() on ptolemy.moml.MoMLSimpleApplication@524f65f8
reloadAllAccessors: .FixJoin

===========================================================================================
----------------- testing Thu Jul 18 21:55:24 UTC 2019 /home/travis/build/icyphy/ptII/ptolemy/domains/sdf/lib/test/auto/IntJoin1.xml
----------------- Instantiating /home/travis/build/icyphy/ptII/ptolemy/domains/sdf/lib/test/auto/IntJoin1.xml
3 ms. Memory: 145408K Free: 126521K (87%)
----------------- Invoking toplevel() on ptolemy.moml.MoMLSimpleApplication@6aa9bb16
----------------- Done invoking toplevel() on ptolemy.moml.MoMLSimpleApplication@6aa9bb16
reloadAllAccessors: .IntJoin1

===========================================================================================
----------------- testing Thu Jul 18 21:55:24 UTC 2019 /home/travis/build/icyphy/ptII/ptolemy/domains/sdf/lib/test/auto/IntJoin2.xml
----------------- Instantiating /home/travis/build/icyphy/ptII/ptolemy/domains/sdf/lib/test/auto/IntJoin2.xml
8 ms. Memory: 145408K Free: 121823K (84%)
----------------- Invoking toplevel() on ptolemy.moml.MoMLSimpleApplication@34ac456a
----------------- Done invoking toplevel() on ptolemy.moml.MoMLSimpleApplication@34ac456a
reloadAllAccessors: .IntJoin2

===========================================================================================
----------------- testing Thu Jul 18 21:55:24 UTC 2019 /home/travis/build/icyphy/ptII/ptolemy/domains/sdf/lib/test/auto/IntJoin3.xml
----------------- Instantiating /home/travis/build/icyphy/ptII/ptolemy/domains/sdf/lib/test/auto/IntJoin3.xml
4 ms. Memory: 145408K Free: 117779K (81%)
----------------- Invoking toplevel() on ptolemy.moml.MoMLSimpleApplication@70f82b9b
----------------- Done invoking toplevel() on ptolemy.moml.MoMLSimpleApplication@70f82b9b
reloadAllAccessors: .IntJoin3

===========================================================================================
----------------- testing Thu Jul 18 21:55:24 UTC 2019 /home/travis/build/icyphy/ptII/ptolemy/domains/sdf/lib/test/auto/IntJoin4.xml
----------------- Instantiating /home/travis/build/icyphy/ptII/ptolemy/domains/sdf/lib/test/auto/IntJoin4.xml
4 ms. Memory: 145408K Free: 113140K (78%)
----------------- Invoking toplevel() on ptolemy.moml.MoMLSimpleApplication@2f47491
----------------- Done invoking toplevel() on ptolemy.moml.MoMLSimpleApplication@2f47491
reloadAllAccessors: .IntJoin4

===========================================================================================
----------------- testing Thu Jul 18 21:55:24 UTC 2019 /home/travis/build/icyphy/ptII/ptolemy/domains/sdf/lib/test/auto/IntJoin5.xml
----------------- Instantiating /home/travis/build/icyphy/ptII/ptolemy/domains/sdf/lib/test/auto/IntJoin5.xml
1 ms. Memory: 145408K Free: 109044K (75%)
----------------- Invoking toplevel() on ptolemy.moml.MoMLSimpleApplication@4f52ed6e
----------------- Done invoking toplevel() on ptolemy.moml.MoMLSimpleApplication@4f52ed6e
reloadAllAccessors: .IntJoin5

===========================================================================================
----------------- testing Thu Jul 18 21:55:24 UTC 2019 /home/travis/build/icyphy/ptII/ptolemy/domains/sdf/lib/test/auto/IntToBits.xml
----------------- Instantiating /home/travis/build/icyphy/ptII/ptolemy/domains/sdf/lib/test/auto/IntToBits.xml
9 ms. Memory: 145408K Free: 106049K (73%)
----------------- Invoking toplevel() on ptolemy.moml.MoMLSimpleApplication@71cbd1b4
----------------- Done invoking toplevel() on ptolemy.moml.MoMLSimpleApplication@71cbd1b4
reloadAllAccessors: .IntToBits

===========================================================================================
----------------- testing Thu Jul 18 21:55:24 UTC 2019 /home/travis/build/icyphy/ptII/ptolemy/domains/sdf/lib/test/auto/LMSAdaptive.xml
----------------- Instantiating /home/travis/build/icyphy/ptII/ptolemy/domains/sdf/lib/test/auto/LMSAdaptive.xml
13 ms. Memory: 145408K Free: 97839K (67%)
----------------- Invoking toplevel() on ptolemy.moml.MoMLSimpleApplication@6028ed90
----------------- Done invoking toplevel() on ptolemy.moml.MoMLSimpleApplication@6028ed90
reloadAllAccessors: .LMSAdaptive

===========================================================================================
----------------- testing Thu Jul 18 21:55:24 UTC 2019 /home/travis/build/icyphy/ptII/ptolemy/domains/sdf/lib/test/auto/LMSAdaptiveFIR.xml
----------------- Instantiating /home/travis/build/icyphy/ptII/ptolemy/domains/sdf/lib/test/auto/LMSAdaptiveFIR.xml
264 ms. Memory: 145408K Free: 63529K (44%)
----------------- Invoking toplevel() on ptolemy.moml.MoMLSimpleApplication@30143cf8
----------------- Done invoking toplevel() on ptolemy.moml.MoMLSimpleApplication@30143cf8
reloadAllAccessors: .LMSAdaptiveFIR

===========================================================================================
----------------- testing Thu Jul 18 21:55:25 UTC 2019 /home/travis/build/icyphy/ptII/ptolemy/domains/sdf/lib/test/auto/LMSAdaptiveFIR2.xml
----------------- Instantiating /home/travis/build/icyphy/ptII/ptolemy/domains/sdf/lib/test/auto/LMSAdaptiveFIR2.xml
333 ms. Memory: 145408K Free: 74346K (51%)
----------------- Invoking toplevel() on ptolemy.moml.MoMLSimpleApplication@52a597c9
----------------- Done invoking toplevel() on ptolemy.moml.MoMLSimpleApplication@52a597c9
reloadAllAccessors: .LMSAdaptiveFIR2

===========================================================================================
----------------- testing Thu Jul 18 21:55:25 UTC 2019 /home/travis/build/icyphy/ptII/ptolemy/domains/sdf/lib/test/auto/LongJoin.xml
----------------- Instantiating /home/travis/build/icyphy/ptII/ptolemy/domains/sdf/lib/test/auto/LongJoin.xml
2 ms. Memory: 145408K Free: 70236K (48%)
----------------- Invoking toplevel() on ptolemy.moml.MoMLSimpleApplication@24de6ea0
----------------- Done invoking toplevel() on ptolemy.moml.MoMLSimpleApplication@24de6ea0
reloadAllAccessors: .LongJoin

===========================================================================================
----------------- testing Thu Jul 18 21:55:25 UTC 2019 /home/travis/build/icyphy/ptII/ptolemy/domains/sdf/lib/test/auto/Matrix1.xml
----------------- Instantiating /home/travis/build/icyphy/ptII/ptolemy/domains/sdf/lib/test/auto/Matrix1.xml
3 ms. Memory: 145408K Free: 66154K (45%)
----------------- Invoking toplevel() on ptolemy.moml.MoMLSimpleApplication@3f7741e0
----------------- Done invoking toplevel() on ptolemy.moml.MoMLSimpleApplication@3f7741e0
reloadAllAccessors: .Matrix1

===========================================================================================
----------------- testing Thu Jul 18 21:55:25 UTC 2019 /home/travis/build/icyphy/ptII/ptolemy/domains/sdf/lib/test/auto/Matrix2.xml
----------------- Instantiating /home/travis/build/icyphy/ptII/ptolemy/domains/sdf/lib/test/auto/Matrix2.xml
4 ms. Memory: 145408K Free: 62058K (43%)
----------------- Invoking toplevel() on ptolemy.moml.MoMLSimpleApplication@79fca3ba
----------------- Done invoking toplevel() on ptolemy.moml.MoMLSimpleApplication@79fca3ba
reloadAllAccessors: .Matrix2

===========================================================================================
----------------- testing Thu Jul 18 21:55:25 UTC 2019 /home/travis/build/icyphy/ptII/ptolemy/domains/sdf/lib/test/auto/MatrixJoin1.xml
----------------- Instantiating /home/travis/build/icyphy/ptII/ptolemy/domains/sdf/lib/test/auto/MatrixJoin1.xml
2 ms. Memory: 145408K Free: 57464K (40%)
----------------- Invoking toplevel() on ptolemy.moml.MoMLSimpleApplication@4032bff
----------------- Done invoking toplevel() on ptolemy.moml.MoMLSimpleApplication@4032bff
reloadAllAccessors: .MatrixJoin1

===========================================================================================
----------------- testing Thu Jul 18 21:55:25 UTC 2019 /home/travis/build/icyphy/ptII/ptolemy/domains/sdf/lib/test/auto/MatrixJoin2.xml
----------------- Instantiating /home/travis/build/icyphy/ptII/ptolemy/domains/sdf/lib/test/auto/MatrixJoin2.xml
3 ms. Memory: 145408K Free: 126377K (87%)
----------------- Invoking toplevel() on ptolemy.moml.MoMLSimpleApplication@7601f21f
----------------- Done invoking toplevel() on ptolemy.moml.MoMLSimpleApplication@7601f21f
reloadAllAccessors: .MatrixJoin2

===========================================================================================
----------------- testing Thu Jul 18 21:55:25 UTC 2019 /home/travis/build/icyphy/ptII/ptolemy/domains/sdf/lib/test/auto/MatrixJoin3.xml
----------------- Instantiating /home/travis/build/icyphy/ptII/ptolemy/domains/sdf/lib/test/auto/MatrixJoin3.xml
6 ms. Memory: 145408K Free: 122055K (84%)
----------------- Invoking toplevel() on ptolemy.moml.MoMLSimpleApplication@7e3a33ad
----------------- Done invoking toplevel() on ptolemy.moml.MoMLSimpleApplication@7e3a33ad
reloadAllAccessors: .MatrixJoin3

===========================================================================================
----------------- testing Thu Jul 18 21:55:25 UTC 2019 /home/travis/build/icyphy/ptII/ptolemy/domains/sdf/lib/test/auto/MatrixJoin4.xml
----------------- Instantiating /home/travis/build/icyphy/ptII/ptolemy/domains/sdf/lib/test/auto/MatrixJoin4.xml
2 ms. Memory: 145408K Free: 117959K (81%)
----------------- Invoking toplevel() on ptolemy.moml.MoMLSimpleApplication@6b0e37fd
----------------- Done invoking toplevel() on ptolemy.moml.MoMLSimpleApplication@6b0e37fd
reloadAllAccessors: .MatrixJoin4

===========================================================================================
----------------- testing Thu Jul 18 21:55:25 UTC 2019 /home/travis/build/icyphy/ptII/ptolemy/domains/sdf/lib/test/auto/MatrixJoin5.xml
----------------- Instantiating /home/travis/build/icyphy/ptII/ptolemy/domains/sdf/lib/test/auto/MatrixJoin5.xml
2 ms. Memory: 145408K Free: 113356K (78%)
----------------- Invoking toplevel() on ptolemy.moml.MoMLSimpleApplication@7417afce
----------------- Done invoking toplevel() on ptolemy.moml.MoMLSimpleApplication@7417afce
reloadAllAccessors: .MatrixJoin5

===========================================================================================
----------------- testing Thu Jul 18 21:55:25 UTC 2019 /home/travis/build/icyphy/ptII/ptolemy/domains/sdf/lib/test/auto/MatrixSplit1.xml
----------------- Instantiating /home/travis/build/icyphy/ptII/ptolemy/domains/sdf/lib/test/auto/MatrixSplit1.xml
2 ms. Memory: 145408K Free: 108223K (74%)
----------------- Invoking toplevel() on ptolemy.moml.MoMLSimpleApplication@24c8b22b
----------------- Done invoking toplevel() on ptolemy.moml.MoMLSimpleApplication@24c8b22b
reloadAllAccessors: .MatrixSplit1

===========================================================================================
----------------- testing Thu Jul 18 21:55:25 UTC 2019 /home/travis/build/icyphy/ptII/ptolemy/domains/sdf/lib/test/auto/MatrixSplit10.xml
----------------- Instantiating /home/travis/build/icyphy/ptII/ptolemy/domains/sdf/lib/test/auto/MatrixSplit10.xml
3 ms. Memory: 145408K Free: 104659K (72%)
----------------- Invoking toplevel() on ptolemy.moml.MoMLSimpleApplication@35272d33
----------------- Done invoking toplevel() on ptolemy.moml.MoMLSimpleApplication@35272d33
reloadAllAccessors: .MatrixSplit10

===========================================================================================
----------------- testing Thu Jul 18 21:55:25 UTC 2019 /home/travis/build/icyphy/ptII/ptolemy/domains/sdf/lib/test/auto/MatrixSplit11.xml
----------------- Instantiating /home/travis/build/icyphy/ptII/ptolemy/domains/sdf/lib/test/auto/MatrixSplit11.xml
2 ms. Memory: 145408K Free: 101068K (70%)
----------------- Invoking toplevel() on ptolemy.moml.MoMLSimpleApplication@3a4dd8f3
----------------- Done invoking toplevel() on ptolemy.moml.MoMLSimpleApplication@3a4dd8f3
reloadAllAccessors: .MatrixSplit11

===========================================================================================
----------------- testing Thu Jul 18 21:55:25 UTC 2019 /home/travis/build/icyphy/ptII/ptolemy/domains/sdf/lib/test/auto/MatrixSplit12.xml
----------------- Instantiating /home/travis/build/icyphy/ptII/ptolemy/domains/sdf/lib/test/auto/MatrixSplit12.xml
1 ms. Memory: 145408K Free: 97479K (67%)
----------------- Invoking toplevel() on ptolemy.moml.MoMLSimpleApplication@39adb47e
----------------- Done invoking toplevel() on ptolemy.moml.MoMLSimpleApplication@39adb47e
reloadAllAccessors: .MatrixSplit12

===========================================================================================
----------------- testing Thu Jul 18 21:55:25 UTC 2019 /home/travis/build/icyphy/ptII/ptolemy/domains/sdf/lib/test/auto/MatrixSplit13.xml
----------------- Instantiating /home/travis/build/icyphy/ptII/ptolemy/domains/sdf/lib/test/auto/MatrixSplit13.xml
6 ms. Memory: 145408K Free: 93900K (65%)
----------------- Invoking toplevel() on ptolemy.moml.MoMLSimpleApplication@2f941690
----------------- Done invoking toplevel() on ptolemy.moml.MoMLSimpleApplication@2f941690
reloadAllAccessors: .MatrixSplit13

===========================================================================================
----------------- testing Thu Jul 18 21:55:25 UTC 2019 /home/travis/build/icyphy/ptII/ptolemy/domains/sdf/lib/test/auto/MatrixSplit14.xml
----------------- Instantiating /home/travis/build/icyphy/ptII/ptolemy/domains/sdf/lib/test/auto/MatrixSplit14.xml
2 ms. Memory: 145408K Free: 90311K (62%)
----------------- Invoking toplevel() on ptolemy.moml.MoMLSimpleApplication@6cb61add
----------------- Done invoking toplevel() on ptolemy.moml.MoMLSimpleApplication@6cb61add
reloadAllAccessors: .MatrixSplit14

===========================================================================================
----------------- testing Thu Jul 18 21:55:25 UTC 2019 /home/travis/build/icyphy/ptII/ptolemy/domains/sdf/lib/test/auto/MatrixSplit2.xml
----------------- Instantiating /home/travis/build/icyphy/ptII/ptolemy/domains/sdf/lib/test/auto/MatrixSplit2.xml
2 ms. Memory: 145408K Free: 87239K (60%)
----------------- Invoking toplevel() on ptolemy.moml.MoMLSimpleApplication@24b0bf36
----------------- Done invoking toplevel() on ptolemy.moml.MoMLSimpleApplication@24b0bf36
reloadAllAccessors: .MatrixSplit2

===========================================================================================
----------------- testing Thu Jul 18 21:55:25 UTC 2019 /home/travis/build/icyphy/ptII/ptolemy/domains/sdf/lib/test/auto/MatrixSplit3.xml
----------------- Instantiating /home/travis/build/icyphy/ptII/ptolemy/domains/sdf/lib/test/auto/MatrixSplit3.xml
2 ms. Memory: 145408K Free: 83660K (58%)
----------------- Invoking toplevel() on ptolemy.moml.MoMLSimpleApplication@64132451
----------------- Done invoking toplevel() on ptolemy.moml.MoMLSimpleApplication@64132451
reloadAllAccessors: .MatrixSplit3

===========================================================================================
----------------- testing Thu Jul 18 21:55:25 UTC 2019 /home/travis/build/icyphy/ptII/ptolemy/domains/sdf/lib/test/auto/MatrixSplit4.xml
----------------- Instantiating /home/travis/build/icyphy/ptII/ptolemy/domains/sdf/lib/test/auto/MatrixSplit4.xml
2 ms. Memory: 145408K Free: 80588K (55%)
----------------- Invoking toplevel() on ptolemy.moml.MoMLSimpleApplication@3bc8948c
----------------- Done invoking toplevel() on ptolemy.moml.MoMLSimpleApplication@3bc8948c
reloadAllAccessors: .MatrixSplit4

===========================================================================================
----------------- testing Thu Jul 18 21:55:25 UTC 2019 /home/travis/build/icyphy/ptII/ptolemy/domains/sdf/lib/test/auto/MatrixSplit5.xml
----------------- Instantiating /home/travis/build/icyphy/ptII/ptolemy/domains/sdf/lib/test/auto/MatrixSplit5.xml
10 ms. Memory: 145408K Free: 76999K (53%)
----------------- Invoking toplevel() on ptolemy.moml.MoMLSimpleApplication@3fc3cfaa
----------------- Done invoking toplevel() on ptolemy.moml.MoMLSimpleApplication@3fc3cfaa
reloadAllAccessors: .MatrixSplit5

===========================================================================================
----------------- testing Thu Jul 18 21:55:25 UTC 2019 /home/travis/build/icyphy/ptII/ptolemy/domains/sdf/lib/test/auto/MatrixSplit6.xml
----------------- Instantiating /home/travis/build/icyphy/ptII/ptolemy/domains/sdf/lib/test/auto/MatrixSplit6.xml
3 ms. Memory: 145408K Free: 73420K (50%)
----------------- Invoking toplevel() on ptolemy.moml.MoMLSimpleApplication@609f1e90
----------------- Done invoking toplevel() on ptolemy.moml.MoMLSimpleApplication@609f1e90
reloadAllAccessors: .MatrixSplit6

===========================================================================================
----------------- testing Thu Jul 18 21:55:26 UTC 2019 /home/travis/build/icyphy/ptII/ptolemy/domains/sdf/lib/test/auto/MatrixSplit7.xml
----------------- Instantiating /home/travis/build/icyphy/ptII/ptolemy/domains/sdf/lib/test/auto/MatrixSplit7.xml
2 ms. Memory: 145408K Free: 69831K (48%)
----------------- Invoking toplevel() on ptolemy.moml.MoMLSimpleApplication@7ef381dc
----------------- Done invoking toplevel() on ptolemy.moml.MoMLSimpleApplication@7ef381dc
reloadAllAccessors: .MatrixSplit7

===========================================================================================
----------------- testing Thu Jul 18 21:55:26 UTC 2019 /home/travis/build/icyphy/ptII/ptolemy/domains/sdf/lib/test/auto/MatrixSplit8.xml
----------------- Instantiating /home/travis/build/icyphy/ptII/ptolemy/domains/sdf/lib/test/auto/MatrixSplit8.xml
2 ms. Memory: 145408K Free: 66239K (46%)
----------------- Invoking toplevel() on ptolemy.moml.MoMLSimpleApplication@37f1d6cf
----------------- Done invoking toplevel() on ptolemy.moml.MoMLSimpleApplication@37f1d6cf
reloadAllAccessors: .MatrixSplit8

===========================================================================================
----------------- testing Thu Jul 18 21:55:26 UTC 2019 /home/travis/build/icyphy/ptII/ptolemy/domains/sdf/lib/test/auto/MatrixSplit9.xml
----------------- Instantiating /home/travis/build/icyphy/ptII/ptolemy/domains/sdf/lib/test/auto/MatrixSplit9.xml
5 ms. Memory: 145408K Free: 62675K (43%)
----------------- Invoking toplevel() on ptolemy.moml.MoMLSimpleApplication@14b3dc19
----------------- Done invoking toplevel() on ptolemy.moml.MoMLSimpleApplication@14b3dc19
reloadAllAccessors: .MatrixSplit9

===========================================================================================
----------------- testing Thu Jul 18 21:55:26 UTC 2019 /home/travis/build/icyphy/ptII/ptolemy/domains/sdf/lib/test/auto/MatrixToSequence.xml
----------------- Instantiating /home/travis/build/icyphy/ptII/ptolemy/domains/sdf/lib/test/auto/MatrixToSequence.xml
9 ms. Memory: 145408K Free: 129132K (89%)
----------------- Invoking toplevel() on ptolemy.moml.MoMLSimpleApplication@dac206e
----------------- Done invoking toplevel() on ptolemy.moml.MoMLSimpleApplication@dac206e
reloadAllAccessors: .MatrixToSequence

===========================================================================================
----------------- testing Thu Jul 18 21:55:26 UTC 2019 /home/travis/build/icyphy/ptII/ptolemy/domains/sdf/lib/test/auto/MaximumEntropySpectrum.xml
----------------- Instantiating /home/travis/build/icyphy/ptII/ptolemy/domains/sdf/lib/test/auto/MaximumEntropySpectrum.xml
11 ms. Memory: 145408K Free: 107628K (74%)
----------------- Invoking toplevel() on ptolemy.moml.MoMLSimpleApplication@6fef355b
----------------- Done invoking toplevel() on ptolemy.moml.MoMLSimpleApplication@6fef355b
reloadAllAccessors: .MaximumEntropySpectrum

===========================================================================================
----------------- testing Thu Jul 18 21:55:26 UTC 2019 /home/travis/build/icyphy/ptII/ptolemy/domains/sdf/lib/test/auto/SampleDelayConversion.xml
----------------- Instantiating /home/travis/build/icyphy/ptII/ptolemy/domains/sdf/lib/test/auto/SampleDelayConversion.xml
2 ms. Memory: 145408K Free: 104042K (72%)
----------------- Invoking toplevel() on ptolemy.moml.MoMLSimpleApplication@1b5248f5
----------------- Done invoking toplevel() on ptolemy.moml.MoMLSimpleApplication@1b5248f5
reloadAllAccessors: .SampleDelayConversion

===========================================================================================
----------------- testing Thu Jul 18 21:55:26 UTC 2019 /home/travis/build/icyphy/ptII/ptolemy/domains/sdf/lib/test/auto/SequenceToArray.xml
----------------- Instantiating /home/travis/build/icyphy/ptII/ptolemy/domains/sdf/lib/test/auto/SequenceToArray.xml
7 ms. Memory: 145408K Free: 92764K (64%)
----------------- Invoking toplevel() on ptolemy.moml.MoMLSimpleApplication@23324ce7
----------------- Done invoking toplevel() on ptolemy.moml.MoMLSimpleApplication@23324ce7
reloadAllAccessors: .SequenceToArray

===========================================================================================
----------------- testing Thu Jul 18 21:55:26 UTC 2019 /home/travis/build/icyphy/ptII/ptolemy/domains/sdf/lib/test/auto/SequenceToMatrix.xml
----------------- Instantiating /home/travis/build/icyphy/ptII/ptolemy/domains/sdf/lib/test/auto/SequenceToMatrix.xml
3758 ms. Memory: 145408K Free: 96376K (66%)
----------------- Invoking toplevel() on ptolemy.moml.MoMLSimpleApplication@4896cbf1
----------------- Done invoking toplevel() on ptolemy.moml.MoMLSimpleApplication@4896cbf1
reloadAllAccessors: .SequenceToMatrix

===========================================================================================
----------------- testing Thu Jul 18 21:55:30 UTC 2019 /home/travis/build/icyphy/ptII/ptolemy/domains/sdf/lib/test/auto/SmoothedPeriodogram.xml
----------------- Instantiating /home/travis/build/icyphy/ptII/ptolemy/domains/sdf/lib/test/auto/SmoothedPeriodogram.xml
11 ms. Memory: 145408K Free: 81016K (56%)
----------------- Invoking toplevel() on ptolemy.moml.MoMLSimpleApplication@467bd7a8
----------------- Done invoking toplevel() on ptolemy.moml.MoMLSimpleApplication@467bd7a8
reloadAllAccessors: .SmoothedPeriodogram

===========================================================================================
----------------- testing Thu Jul 18 21:55:30 UTC 2019 /home/travis/build/icyphy/ptII/ptolemy/domains/sdf/lib/test/auto/UpDownSample1.xml
----------------- Instantiating /home/travis/build/icyphy/ptII/ptolemy/domains/sdf/lib/test/auto/UpDownSample1.xml
3 ms. Memory: 145408K Free: 76920K (53%)
----------------- Invoking toplevel() on ptolemy.moml.MoMLSimpleApplication@2f03f515
----------------- Done invoking toplevel() on ptolemy.moml.MoMLSimpleApplication@2f03f515
reloadAllAccessors: .UpDownSample1

===========================================================================================
----------------- testing Thu Jul 18 21:55:30 UTC 2019 /home/travis/build/icyphy/ptII/ptolemy/domains/sdf/lib/test/auto/UpSample1.xml
----------------- Instantiating /home/travis/build/icyphy/ptII/ptolemy/domains/sdf/lib/test/auto/UpSample1.xml
4 ms. Memory: 145408K Free: 73334K (50%)
----------------- Invoking toplevel() on ptolemy.moml.MoMLSimpleApplication@6ad185e4
----------------- Done invoking toplevel() on ptolemy.moml.MoMLSimpleApplication@6ad185e4
reloadAllAccessors: .UpSample1

===========================================================================================
----------------- testing Thu Jul 18 21:55:30 UTC 2019 /home/travis/build/icyphy/ptII/ptolemy/domains/sdf/lib/test/auto/VariableFIR.xml
----------------- Instantiating /home/travis/build/icyphy/ptII/ptolemy/domains/sdf/lib/test/auto/VariableFIR.xml
4 ms. Memory: 145408K Free: 68214K (47%)
----------------- Invoking toplevel() on ptolemy.moml.MoMLSimpleApplication@556b586f
----------------- Done invoking toplevel() on ptolemy.moml.MoMLSimpleApplication@556b586f
reloadAllAccessors: .VariableFIR

===========================================================================================
----------------- testing Thu Jul 18 21:55:30 UTC 2019 /home/travis/build/icyphy/ptII/ptolemy/domains/sdf/lib/test/auto/VariableFIR2.xml
----------------- Instantiating /home/travis/build/icyphy/ptII/ptolemy/domains/sdf/lib/test/auto/VariableFIR2.xml
5 ms. Memory: 145408K Free: 63080K (43%)
----------------- Invoking toplevel() on ptolemy.moml.MoMLSimpleApplication@723795c4
----------------- Done invoking toplevel() on ptolemy.moml.MoMLSimpleApplication@723795c4
reloadAllAccessors: .VariableFIR2

===========================================================================================
----------------- testing Thu Jul 18 21:55:30 UTC 2019 /home/travis/build/icyphy/ptII/ptolemy/domains/sdf/lib/test/auto/VariableLattice.xml
----------------- Instantiating /home/travis/build/icyphy/ptII/ptolemy/domains/sdf/lib/test/auto/VariableLattice.xml
5 ms. Memory: 145408K Free: 56440K (39%)
----------------- Invoking toplevel() on ptolemy.moml.MoMLSimpleApplication@789170f0
----------------- Done invoking toplevel() on ptolemy.moml.MoMLSimpleApplication@789170f0
reloadAllAccessors: .VariableLattice

===========================================================================================
----------------- testing Thu Jul 18 21:55:30 UTC 2019 /home/travis/build/icyphy/ptII/ptolemy/domains/sdf/lib/test/auto/VariableLattice2.xml
----------------- Instantiating /home/travis/build/icyphy/ptII/ptolemy/domains/sdf/lib/test/auto/VariableLattice2.xml
1.0
-1.999999602036
1.9099998677481
-0.9099996420674
0.205
0.0
0.0
1.0
-0.25
-0.5
0.0
0.0
0.0
0.0
6 ms. Memory: 145408K Free: 51830K (36%)
----------------- Invoking toplevel() on ptolemy.moml.MoMLSimpleApplication@1c11365f
----------------- Done invoking toplevel() on ptolemy.moml.MoMLSimpleApplication@1c11365f
reloadAllAccessors: .VariableLattice2

===========================================================================================
----------------- testing Thu Jul 18 21:55:30 UTC 2019 /home/travis/build/icyphy/ptII/ptolemy/domains/sdf/lib/test/auto/VariableRecursiveLattice.xml
----------------- Instantiating /home/travis/build/icyphy/ptII/ptolemy/domains/sdf/lib/test/auto/VariableRecursiveLattice.xml
4 ms. Memory: 145408K Free: 47224K (32%)
----------------- Invoking toplevel() on ptolemy.moml.MoMLSimpleApplication@2abf16e2
----------------- Done invoking toplevel() on ptolemy.moml.MoMLSimpleApplication@2abf16e2
reloadAllAccessors: .VariableRecursiveLattice

===========================================================================================
----------------- testing Thu Jul 18 21:55:30 UTC 2019 /home/travis/build/icyphy/ptII/ptolemy/domains/sdf/lib/test/auto/VariableRecursiveLattice2.xml
----------------- Instantiating /home/travis/build/icyphy/ptII/ptolemy/domains/sdf/lib/test/auto/VariableRecursiveLattice2.xml
2 ms. Memory: 145408K Free: 128404K (88%)
----------------- Invoking toplevel() on ptolemy.moml.MoMLSimpleApplication@49de0fd7
----------------- Done invoking toplevel() on ptolemy.moml.MoMLSimpleApplication@49de0fd7
reloadAllAccessors: .VariableRecursiveLattice2
AutoTests.java: About to close Vertx.
AutoTests.java: Vertx closed.
]]></system-out>
  <system-err><![CDATA[]]></system-err>
</testsuite>
