/home/travis/build/icyphy/ptII/bin/ant: Running /home/travis/build/icyphy/ptII/ant/bin/ant build test.export3.xml
Buildfile: /home/travis/build/icyphy/ptII/build.xml

build-message:
     [echo] Use ant -p to see other targets. JAVA_HOME=/usr/lib/jvm/java-8-oracle
     [echo] tools.jar is necessary for compilation of doc/doclets/.
     [echo] If compilation fails, try setting JAVA_HOME to the location of the JDK.
     [echo] For example:
     [echo]   [bldmastr@sisyphus ptII]$ which java
     [echo]   /usr/bin/java
     [echo]   [bldmastr@sisyphus ptII]$ ls -l /usr/bin/java
     [echo]   lrwxrwxrwx 1 root root 26 Jul 31 10:12 /usr/bin/java -> /usr/java/default/bin/java
     [echo]   [bldmastr@sisyphus ptII]$ export JAVA_HOME=/usr/java/default
     [echo]     

-build-subprojects-empty:

-check-maven-ant-task:

build-websensor:

build-subprojects:

-check-node:

-check-node-works:
     [exec] v7.10.1

-check-npm:

-check-npm-works:
     [exec] 4.2.0

-check-if-npmjs-org-is-up:
     [echo] Check to see if https://www.npmjs.org is up.

-jsdoc-no-network-message:

-check-jsdoc:

jsdoc-install:
    [mkdir] Created dir: /home/travis/build/icyphy/ptII/node_modules
     [exec] /home/travis/build/icyphy/ptII
     [exec] └─┬ @terraswarm/jsdoc@3.5.1-dev 
     [exec]   ├── bluebird@3.4.7 
     [exec]   ├─┬ catharsis@0.8.9 
     [exec]   │ └─┬ underscore-contrib@0.3.0 
     [exec]   │   └── underscore@1.6.0 
     [exec]   ├── escape-string-regexp@1.0.5 
     [exec]   ├─┬ espree@3.1.7 
     [exec]   │ ├── acorn@3.3.0 
     [exec]   │ └── acorn-jsx@3.0.1 
     [exec]   ├── js2xmlparser@1.0.0 
     [exec]   ├─┬ klaw@1.3.1 
     [exec]   │ └── graceful-fs@4.1.11 
     [exec]   ├── marked@0.3.19 
     [exec]   ├─┬ mkdirp@0.5.1 
     [exec]   │ └── minimist@0.0.8 
     [exec]   ├─┬ requizzle@0.2.1 
     [exec]   │ └── underscore@1.6.0 
     [exec]   ├── strip-json-comments@2.0.1 
     [exec]   ├── taffydb@2.6.2 
     [exec]   └── underscore@1.8.3 
     [exec] 
     [exec] npm WARN enoent ENOENT: no such file or directory, open '/home/travis/build/icyphy/ptII/package.json'
     [exec] npm WARN ptII No description
     [exec] npm WARN ptII No repository field.
     [exec] npm WARN ptII No README data
     [exec] npm WARN ptII No license field.

jsdoc-update:

-ptdoc-no-node:

-ptdoc-no-npm:

ptdoc:
     [echo] 
     [echo]       If the ptdoc target fails, then try running:
     [echo]           ant build-project build-bin
     [echo]     

-check-node:

-check-node-works:
     [exec] v7.10.1

-check-npm:

-check-npm-works:
     [exec] 4.2.0

-check-if-npmjs-org-is-up:
     [echo] Check to see if https://www.npmjs.org is up or $TRAVIS is set.

-jsdoc-no-network-message:

-check-jsdoc:
     [echo] To stop CapeCode from invoking jsdoc and svn, set the PT_NO_NET environment variable.  
     [echo]     Under BASH:
     [echo]         export PT_NO_NET=true
     [echo]     If ptdoc fails, and you are building from $PTII, try:
     [echo]         ant build-project build-bin
     [echo]     

jsdoc-install:
     [echo] npm.executable: npm
    [mkdir] Created dir: /home/travis/build/icyphy/ptII/org/terraswarm/accessor/accessors/node_modules
     [exec] /home/travis/build/icyphy/ptII/org/terraswarm/accessor/accessors
     [exec] └─┬ @terraswarm/jsdoc@3.5.1-dev 
     [exec]   ├── bluebird@3.4.7 
     [exec]   ├─┬ catharsis@0.8.9 
     [exec]   │ └─┬ underscore-contrib@0.3.0 
     [exec]   │   └── underscore@1.6.0 
     [exec]   ├── escape-string-regexp@1.0.5 
     [exec]   ├─┬ espree@3.1.7 
     [exec]   │ ├── acorn@3.3.0 
     [exec]   │ └── acorn-jsx@3.0.1 
     [exec]   ├── js2xmlparser@1.0.0 
     [exec]   ├─┬ klaw@1.3.1 
     [exec]   │ └── graceful-fs@4.1.11 
     [exec]   ├── marked@0.3.19 
     [exec]   ├─┬ mkdirp@0.5.1 
     [exec]   │ └── minimist@0.0.8 
     [exec]   ├─┬ requizzle@0.2.1 
     [exec]   │ └── underscore@1.6.0 
     [exec]   ├── strip-json-comments@2.0.1 
     [exec]   ├── taffydb@2.6.2 
     [exec]   └── underscore@1.8.3 
     [exec] 
     [exec] npm WARN enoent ENOENT: no such file or directory, open '/home/travis/build/icyphy/ptII/org/terraswarm/accessor/accessors/package.json'
     [exec] npm WARN accessors No description
     [exec] npm WARN accessors No repository field.
     [exec] npm WARN accessors No README data
     [exec] npm WARN accessors No license field.

jsdoc-update:

-ptdoc-no-node-message:

-ptdoc-no-npm-message:

-check-jsdoc-again:

-jsdoc-command-message:

ptdoc:
     [echo] Invoke /home/travis/build/icyphy/ptII/org/terraswarm/accessor/accessors/web/../node_modules/@terraswarm/jsdoc/jsdoc.js to read *.js files and generate *PtDoc.xml files suitable for Ptolemy.
     [echo]     See https://chess.eecs.berkeley.edu/ptexternal/wiki/Main/JSDocSystems
     [echo]     See jsdoc/jsdoc.json
     [echo]     See jsdoc/plugins/accessorJSDocTags.js
     [echo]     See jsdoc/templates/ptdoc/publish.js
     [echo] 
     [echo]     If the ptdoc target fails, the there is likely a problem with node or npm.  It is possible
     [echo]     to use CapeCode even if the ptdoc target fails.
     [echo]     
     [echo]     If you are building from $PTII, try:
     [echo]         ant build-project build-bin
     [echo] 
     [echo]     
     [exec] Generating output files...
     [exec] Finished running in 4.41 seconds.

build-project:
     [echo] ptII: /home/travis/build/icyphy/ptII/build.xml
    [javac] Compiling 4725 source files to /home/travis/build/icyphy/ptII
    [javac] /home/travis/build/icyphy/ptII/ptolemy/copernicus/applet/JarSigner.java:61: warning: ManifestDigester is internal proprietary API and may be removed in a future release
    [javac] import sun.security.util.ManifestDigester;
    [javac]                         ^
    [javac] /home/travis/build/icyphy/ptII/ptolemy/media/viewer/AudioViewer.java:51: warning: AudioPlayer is internal proprietary API and may be removed in a future release
    [javac] import sun.audio.AudioPlayer;
    [javac]                 ^
    [javac] /home/travis/build/icyphy/ptII/ptolemy/util/StringUtilities.java:48: warning: Unsafe is internal proprietary API and may be removed in a future release
    [javac] import sun.misc.Unsafe;
    [javac]                ^
    [javac] warning: Supported source version 'RELEASE_6' from annotation processor 'org.netbeans.modules.openide.util.NbBundleProcessor' less than -source '1.8'
    [javac] warning: Supported source version 'RELEASE_6' from annotation processor 'org.netbeans.modules.openide.util.URLStreamHandlerRegistrationProcessor' less than -source '1.8'
    [javac] warning: Supported source version 'RELEASE_6' from annotation processor 'org.netbeans.modules.openide.util.ServiceProviderProcessor' less than -source '1.8'
    [javac] /home/travis/build/icyphy/ptII/ptolemy/copernicus/applet/JarSigner.java:61: warning: ManifestDigester is internal proprietary API and may be removed in a future release
    [javac] import sun.security.util.ManifestDigester;
    [javac]                         ^
    [javac] /home/travis/build/icyphy/ptII/ptolemy/media/viewer/AudioViewer.java:51: warning: AudioPlayer is internal proprietary API and may be removed in a future release
    [javac] import sun.audio.AudioPlayer;
    [javac]                 ^
    [javac] /home/travis/build/icyphy/ptII/ptolemy/util/StringUtilities.java:48: warning: Unsafe is internal proprietary API and may be removed in a future release
    [javac] import sun.misc.Unsafe;
    [javac]                ^
    [javac] /home/travis/build/icyphy/ptII/ptolemy/copernicus/applet/JarSigner.java:61: warning: ManifestDigester is internal proprietary API and may be removed in a future release
    [javac] import sun.security.util.ManifestDigester;
    [javac]                         ^
    [javac] /home/travis/build/icyphy/ptII/ptolemy/media/viewer/AudioViewer.java:51: warning: AudioPlayer is internal proprietary API and may be removed in a future release
    [javac] import sun.audio.AudioPlayer;
    [javac]                 ^
    [javac] /home/travis/build/icyphy/ptII/ptolemy/util/StringUtilities.java:48: warning: Unsafe is internal proprietary API and may be removed in a future release
    [javac] import sun.misc.Unsafe;
    [javac]                ^
    [javac] /home/travis/build/icyphy/ptII/ptolemy/copernicus/applet/JarSigner.java:320: warning: ManifestDigester is internal proprietary API and may be removed in a future release
    [javac]         ManifestDigester manifestDigester = new ManifestDigester(
    [javac]         ^
    [javac] /home/travis/build/icyphy/ptII/ptolemy/copernicus/applet/JarSigner.java:320: warning: ManifestDigester is internal proprietary API and may be removed in a future release
    [javac]         ManifestDigester manifestDigester = new ManifestDigester(
    [javac]                                                 ^
    [javac] /home/travis/build/icyphy/ptII/ptolemy/copernicus/applet/JarSigner.java:634: warning: ManifestDigester is internal proprietary API and may be removed in a future release
    [javac]                 ManifestDigester md, String baseName, boolean signManifest)
    [javac]                 ^
    [javac] /home/travis/build/icyphy/ptII/ptolemy/copernicus/applet/JarSigner.java:648: warning: ManifestDigester is internal proprietary API and may be removed in a future release
    [javac]                     ManifestDigester.class, String.class, Boolean.TYPE);
    [javac]                     ^
    [javac] /home/travis/build/icyphy/ptII/ptolemy/media/viewer/AudioViewer.java:242: warning: AudioPlayer is internal proprietary API and may be removed in a future release
    [javac]         AudioPlayer.player.start(_instream);
    [javac]         ^
    [javac] /home/travis/build/icyphy/ptII/ptolemy/util/StringUtilities.java:118: warning: Unsafe is internal proprietary API and may be removed in a future release
    [javac]             Field theUnsafe = Unsafe.class.getDeclaredField("theUnsafe");
    [javac]                               ^
    [javac] /home/travis/build/icyphy/ptII/ptolemy/util/StringUtilities.java:120: warning: Unsafe is internal proprietary API and may be removed in a future release
    [javac]             Unsafe unsafe = (Unsafe) theUnsafe.get(null);
    [javac]             ^
    [javac] /home/travis/build/icyphy/ptII/ptolemy/util/StringUtilities.java:120: warning: Unsafe is internal proprietary API and may be removed in a future release
    [javac]             Unsafe unsafe = (Unsafe) theUnsafe.get(null);
    [javac]                              ^
    [javac] Note: Some input files use or override a deprecated API.
    [javac] Note: Recompile with -Xlint:deprecation for details.
    [javac] Note: Some input files use unchecked or unsafe operations.
    [javac] Note: Recompile with -Xlint:unchecked for details.
    [javac] 20 warnings

-check-ptII-mk-file:

-check-bin-vergil:

-check-make-bin-vergil:

build-bin-not:

build-not-bin-vergil:
     [echo] 
     [echo] 	$PTII/bin/vergil does not exist, perhaps (cd $PTII/bin; make) has not been run?
     [echo] 	This can happen if the make binary cannot be found in the path or if $PTII/mk/ptII.mk
     [echo] 	is not present.
     [echo] 	Skipping running make in $PTII/bin, which creates scripts like $PTII/bin/vergil.
     [echo] 	This is only an issue if you want to invoke "$PTII/bin/vergil" instead of "ant vergil".
     [echo] 	However, $PTII/bin does include other scripts that may be of use.
     [echo]       

build-bin:
     [exec] for file in .momllib-util .nc2moml-util .ncapp2moml-util capecode convertToLazy copernicus decompile emachine giottoc histogram homer jode mescal moml obfuscate ptcg ptcodegen ptexecute ptjacl ptjaclapp ptplot ptstartjini ptolemy ptweb pxgraph soot tinicomm tinic tiniconverter startjini.gui vergil; do \
     [exec] 		echo "$file"; \
     [exec] 		rm -f "$file"; \
     [exec] 		ln -s ptinvoke "$file"; \
     [exec] 		chmod a+x "$file"; \
     [exec] 	done
     [exec] .momllib-util
     [exec] .nc2moml-util
     [exec] .ncapp2moml-util
     [exec] capecode
     [exec] convertToLazy
     [exec] copernicus
     [exec] decompile
     [exec] emachine
     [exec] giottoc
     [exec] histogram
     [exec] homer
     [exec] jode
     [exec] mescal
     [exec] moml
     [exec] obfuscate
     [exec] ptcg
     [exec] ptcodegen
     [exec] ptexecute
     [exec] ptjacl
     [exec] ptjaclapp
     [exec] ptplot
     [exec] ptstartjini
     [exec] ptolemy
     [exec] ptweb
     [exec] pxgraph
     [exec] soot
     [exec] tinicomm
     [exec] tinic
     [exec] tiniconverter
     [exec] startjini.gui
     [exec] vergil
     [exec] rm -f makebat
     [exec] ln -s ptinvoke makebat
     [exec] rm -f ".momllib-util.bat"
     [exec] ./makebat -q "`basename .momllib-util.bat .bat`"
     [exec] rm -f ".nc2moml-util.bat"
     [exec] ./makebat -q "`basename .nc2moml-util.bat .bat`"
     [exec] rm -f ".ncapp2moml-util.bat"
     [exec] ./makebat -q "`basename .ncapp2moml-util.bat .bat`"
     [exec] rm -f "capecode.bat"
     [exec] ./makebat -q "`basename capecode.bat .bat`"
     [exec] rm -f "convertToLazy.bat"
     [exec] ./makebat -q "`basename convertToLazy.bat .bat`"
     [exec] rm -f "copernicus.bat"
     [exec] ./makebat -q "`basename copernicus.bat .bat`"
     [exec] rm -f "decompile.bat"
     [exec] ./makebat -q "`basename decompile.bat .bat`"
     [exec] rm -f "emachine.bat"
     [exec] ./makebat -q "`basename emachine.bat .bat`"
     [exec] rm -f "giottoc.bat"
     [exec] ./makebat -q "`basename giottoc.bat .bat`"
     [exec] rm -f "histogram.bat"
     [exec] ./makebat -q "`basename histogram.bat .bat`"
     [exec] rm -f "homer.bat"
     [exec] ./makebat -q "`basename homer.bat .bat`"
     [exec] rm -f "jode.bat"
     [exec] ./makebat -q "`basename jode.bat .bat`"
     [exec] rm -f "mescal.bat"
     [exec] ./makebat -q "`basename mescal.bat .bat`"
     [exec] LD_LIBRARY_PATH = /home/travis/build/icyphy/ptII/mescal/lib:/home/travis/build/icyphy/ptII/mescal/bin:/usr/local/lib:/home/travis/build/icyphy/ptII/lib:/home/travis/pthla/certi-tools/lib:/home/travis/pthla/certi-tools/lib:/usr/lib/jni:/usr/local/share/OpenCV/java/:/usr/share/OpenCV/java:
     [exec] rm -f "moml.bat"
     [exec] ./makebat -q "`basename moml.bat .bat`"
     [exec] rm -f "obfuscate.bat"
     [exec] ./makebat -q "`basename obfuscate.bat .bat`"
     [exec] rm -f "ptcg.bat"
     [exec] ./makebat -q "`basename ptcg.bat .bat`"
     [exec] rm -f "ptcodegen.bat"
     [exec] ./makebat -q "`basename ptcodegen.bat .bat`"
     [exec] rm -f "ptexecute.bat"
     [exec] ./makebat -q "`basename ptexecute.bat .bat`"
     [exec] rm -f "ptjacl.bat"
     [exec] ./makebat -q "`basename ptjacl.bat .bat`"
     [exec] rm -f "ptjaclapp.bat"
     [exec] ./makebat -q "`basename ptjaclapp.bat .bat`"
     [exec] rm -f "ptplot.bat"
     [exec] ./makebat -q "`basename ptplot.bat .bat`"
     [exec] rm -f "ptstartjini.bat"
     [exec] ./makebat -q "`basename ptstartjini.bat .bat`"
     [exec] rm -f "ptolemy.bat"
     [exec] ./makebat -q "`basename ptolemy.bat .bat`"
     [exec] rm -f "ptweb.bat"
     [exec] ./makebat -q "`basename ptweb.bat .bat`"
     [exec] rm -f "pxgraph.bat"
     [exec] ./makebat -q "`basename pxgraph.bat .bat`"
     [exec] rm -f "soot.bat"
     [exec] ./makebat -q "`basename soot.bat .bat`"
     [exec] rm -f "tinicomm.bat"
     [exec] ./makebat -q "`basename tinicomm.bat .bat`"
     [exec] rm -f "tinic.bat"
     [exec] ./makebat -q "`basename tinic.bat .bat`"
     [exec] rm -f "tiniconverter.bat"
     [exec] ./makebat -q "`basename tiniconverter.bat .bat`"
     [exec] rm -f "startjini.gui.bat"
     [exec] ./makebat -q "`basename startjini.gui.bat .bat`"
     [exec] Cloning into 'universalJavaApplicationStub'...
     [exec] rm -f "vergil.bat"
     [exec] ./makebat -q "`basename vergil.bat .bat`"
     [exec] rm -f makeapp
     [exec] ln -s ptinvoke makeapp
     [exec] chmod a+x ptinvoke makeapp
     [exec] ./makeapp CapeCode.app CAPECODE -capecode
     [exec] ./makeapp: /home/travis/build/icyphy/ptII/vendors/universalJavaApplicationStub/src/universalJavaApplicationStub does not exist, creating it from GitHub.
     [exec] Updating universalJavaApplicationStub from /home/travis/build/icyphy/ptII/vendors/universalJavaApplicationStub/src/universalJavaApplicationStub
     [exec] Untaring /home/travis/build/icyphy/ptII/vendors/installer/MacJVM.tar.gz in /home/travis/build/icyphy/ptII/ now: Sat Jun  2 13:44:57 UTC 2018
     [exec] tar: This does not look like a tar archive
     [exec] 
     [exec] gzip: stdin: unexpected end of file
     [exec] tar: Child returned status 1
     [exec] tar: Error is not recoverable: exiting now
     [exec] make: *** [CapeCode.app] Error 2
     [exec] Result: 2

build:

initReports:
    [mkdir] Created dir: /home/travis/build/icyphy/ptII/reports/doccheck
    [mkdir] Created dir: /home/travis/build/icyphy/ptII/reports/ojdcheck

test.export3.xml:
     [echo] 
     [echo]       ==test.export3.xml ==
     [echo]       This target runs the third batch of export demo tests
     [echo]       and generates JUnit xml output.
     [echo]       timeout = 4000000 milliseconds
     [echo]     
    [junit] javachdir: directory = ptolemy/vergil/basic/export/test
    [junit] javachdir: pwd: /home/travis/build/icyphy/ptII/ptolemy/vergil/basic/export/test  Invoking with -Djava.net.preferIPv4Stack=true
    [junit] ExportModeJUnitTestBatch: There are 746 demos. Exporting demos: 221 to 290.
    [junit] Running ptolemy.vergil.basic.export.test.junit.ExportModelJUnitTestBatch3
    [junit] ####### 1 Sat Jun 02 13:44:59 UTC 2018 $PTII/bin/ptinvoke ptolemy.vergil.basic.export.ExportModel -force htm -run -openComposites -timeOut 30000 -whiteBackground ptolemy/actor/lib/jjs/modules/iotAuth/demo/SecurePubSub/SecurePubSub.xml $PTII/ptolemy/actor/lib/jjs/modules/iotAuth/demo/SecurePubSub/SecurePubSub
    [junit] ----------------- Sat Jun 02 13:44:59 UTC 2018 About to sleep for 5.0 seconds before running or rerunning.  Test is: /home/travis/build/icyphy/ptII/ptolemy/actor/lib/jjs/modules/iotAuth/demo/SecurePubSub/SecurePubSub.xml
    [junit] Done sleeping
    [junit] JSAccessor: PT_NO_NET environment variable is set, so git pull and ptdoc are not being run.
    [junit] Running .SecurePubSub
    [junit] 13917 ms. Memory: 371712K Free: 127650K (34%)
    [junit] Exported /home/travis/build/icyphy/ptII/ptolemy/actor/lib/jjs/modules/iotAuth/demo/SecurePubSub/SecurePubSub/index.html
    [junit] 27438 ms. Memory: 371712K Free: 60192K (16%)
    [junit] ####### 2 Sat Jun 02 13:45:31 UTC 2018 $PTII/bin/ptinvoke ptolemy.vergil.basic.export.ExportModel -force htm -run -openComposites -timeOut 30000 -whiteBackground ptolemy/actor/lib/jjs/modules/localStorage/demo/LocalStorage/LocalStorage.xml $PTII/ptolemy/actor/lib/jjs/modules/localStorage/demo/LocalStorage/LocalStorage
    [junit] ----------------- Sat Jun 02 13:45:31 UTC 2018 About to sleep for 5.0 seconds before running or rerunning.  Test is: /home/travis/build/icyphy/ptII/ptolemy/actor/lib/jjs/modules/localStorage/demo/LocalStorage/LocalStorage.xml
    [junit] Done sleeping
    [junit] Running .LocalStorage
    [junit] 1596 ms. Memory: 473600K Free: 323323K (68%)
    [junit] Exported /home/travis/build/icyphy/ptII/ptolemy/actor/lib/jjs/modules/localStorage/demo/LocalStorage/LocalStorage/index.html
    [junit] 6344 ms. Memory: 473600K Free: 290483K (61%)
    [junit] ####### 3 Sat Jun 02 13:45:42 UTC 2018 $PTII/bin/ptinvoke ptolemy.vergil.basic.export.ExportModel -force htm -run -openComposites -timeOut 30000 -whiteBackground ptolemy/actor/lib/jjs/modules/mqtt/demo/MQTTPubSub/MQTTPubSub.xml $PTII/ptolemy/actor/lib/jjs/modules/mqtt/demo/MQTTPubSub/MQTTPubSub
    [junit] ----------------- Sat Jun 02 13:45:42 UTC 2018 About to sleep for 5.0 seconds before running or rerunning.  Test is: /home/travis/build/icyphy/ptII/ptolemy/actor/lib/jjs/modules/mqtt/demo/MQTTPubSub/MQTTPubSub.xml
    [junit] Done sleeping
    [junit] Running .MQTTPubSub
    [junit] 12433 ms. Memory: 571904K Free: 263738K (46%)
    [junit] Exported /home/travis/build/icyphy/ptII/ptolemy/actor/lib/jjs/modules/mqtt/demo/MQTTPubSub/MQTTPubSub/index.html
    [junit] 18321 ms. Memory: 571904K Free: 227437K (40%)
    [junit] ####### 4 Sat Jun 02 13:46:06 UTC 2018 $PTII/bin/ptinvoke ptolemy.vergil.basic.export.ExportModel -force htm -run -openComposites -timeOut 30000 -whiteBackground ptolemy/actor/lib/jjs/modules/socket/demo/SecureSocket/SecureSocket.xml $PTII/ptolemy/actor/lib/jjs/modules/socket/demo/SecureSocket/SecureSocket
    [junit] ----------------- Sat Jun 02 13:46:06 UTC 2018 About to sleep for 5.0 seconds before running or rerunning.  Test is: /home/travis/build/icyphy/ptII/ptolemy/actor/lib/jjs/modules/socket/demo/SecureSocket/SecureSocket.xml
    [junit] Done sleeping
    [junit] Running .SecureSocket
    [junit] 12899 ms. Memory: 743424K Free: 543318K (73%)
    [junit] Exported /home/travis/build/icyphy/ptII/ptolemy/actor/lib/jjs/modules/socket/demo/SecureSocket/SecureSocket/index.html
    [junit] 18066 ms. Memory: 743424K Free: 498801K (67%)
    [junit] ####### 5 Sat Jun 02 13:46:29 UTC 2018 $PTII/bin/ptinvoke ptolemy.vergil.basic.export.ExportModel -force htm -run -openComposites -timeOut 30000 -whiteBackground ptolemy/actor/lib/jjs/modules/socket/demo/SocketDoubleArrayBatched/SocketDoubleArrayBatched.xml $PTII/ptolemy/actor/lib/jjs/modules/socket/demo/SocketDoubleArrayBatched/SocketDoubleArrayBatched
    [junit] ----------------- Sat Jun 02 13:46:29 UTC 2018 About to sleep for 5.0 seconds before running or rerunning.  Test is: /home/travis/build/icyphy/ptII/ptolemy/actor/lib/jjs/modules/socket/demo/SocketDoubleArrayBatched/SocketDoubleArrayBatched.xml
    [junit] Done sleeping
    [junit] Running .SocketDoubleArrayBatched
    [junit] 3917 ms. Memory: 869376K Free: 345968K (40%)
    [junit] Exported /home/travis/build/icyphy/ptII/ptolemy/actor/lib/jjs/modules/socket/demo/SocketDoubleArrayBatched/SocketDoubleArrayBatched/index.html
    [junit] 8875 ms. Memory: 869376K Free: 308180K (35%)
    [junit] ####### 6 Sat Jun 02 13:46:43 UTC 2018 $PTII/bin/ptinvoke ptolemy.vergil.basic.export.ExportModel -force htm -run -openComposites -timeOut 30000 -whiteBackground ptolemy/actor/lib/jjs/modules/socket/demo/SocketImage/SocketImage.xml $PTII/ptolemy/actor/lib/jjs/modules/socket/demo/SocketImage/SocketImage
    [junit] ----------------- Sat Jun 02 13:46:43 UTC 2018 About to sleep for 5.0 seconds before running or rerunning.  Test is: /home/travis/build/icyphy/ptII/ptolemy/actor/lib/jjs/modules/socket/demo/SocketImage/SocketImage.xml
    [junit] Done sleeping
    [junit] [AWT-EventQueue-0] INFO com.github.sarxos.webcam.Webcam - WebcamDefaultDriver capture driver will be used
    [junit] No physical cameras found, using WebcamDummyDriver.
    [junit] Running .SocketImage
    [junit] [atomic-processor-1] INFO com.github.sarxos.webcam.ds.cgt.WebcamOpenTask - Opening webcam Dummy Webcam 0
    [junit] Client: Failed to connect: 
    [junit] Connection refused: localhost/127.0.0.1:4000
    [junit] Connection refused
    [junit] ptolemy.kernel.util.IllegalActionException: Failed to connect: 
    [junit] Connection refused: localhost/127.0.0.1:4000
    [junit] Connection refused
    [junit]   in .SocketImage.Client
    [junit] Because:
    [junit] Connection refused: localhost/127.0.0.1:4000
    [junit] 	at ptolemy.actor.lib.jjs.HelperBase$2.run(HelperBase.java:213)
    [junit] 	at ptolemy.actor.lib.jjs.JavaScript.fire(JavaScript.java:1060)
    [junit] 	at ptolemy.domains.de.kernel.DEDirector._fire(DEDirector.java:1948)
    [junit] 	at ptolemy.domains.de.kernel.DEDirector.fire(DEDirector.java:502)
    [junit] 	at ptolemy.actor.CompositeActor.fire(CompositeActor.java:455)
    [junit] 	at ptolemy.actor.Manager.iterate(Manager.java:851)
    [junit] 	at ptolemy.actor.Manager.execute(Manager.java:369)
    [junit] 	at ptolemy.vergil.basic.export.ExportModel$2.run(ExportModel.java:390)
    [junit] 	at java.awt.event.InvocationEvent.dispatch(InvocationEvent.java:301)
    [junit] 	at java.awt.EventQueue.dispatchEventImpl(EventQueue.java:756)
    [junit] 	at java.awt.EventQueue.access$500(EventQueue.java:97)
    [junit] 	at java.awt.EventQueue$3.run(EventQueue.java:709)
    [junit] 	at java.awt.EventQueue$3.run(EventQueue.java:703)
    [junit] 	at java.security.AccessController.doPrivileged(Native Method)
    [junit] 	at java.security.ProtectionDomain$JavaSecurityAccessImpl.doIntersectionPrivilege(ProtectionDomain.java:80)
    [junit] 	at java.awt.EventQueue.dispatchEvent(EventQueue.java:726)
    [junit] 	at java.awt.EventDispatchThread.pumpOneEventForFilters(EventDispatchThread.java:201)
    [junit] 	at java.awt.EventDispatchThread.pumpEventsForFilter(EventDispatchThread.java:116)
    [junit] 	at java.awt.EventDispatchThread.pumpEventsForHierarchy(EventDispatchThread.java:105)
    [junit] 	at java.awt.EventDispatchThread.pumpEvents(EventDispatchThread.java:101)
    [junit] 	at java.awt.EventDispatchThread.pumpEvents(EventDispatchThread.java:93)
    [junit] 	at java.awt.EventDispatchThread.run(EventDispatchThread.java:82)
    [junit] Caused by: io.netty.channel.AbstractChannel$AnnotatedConnectException: Connection refused: localhost/127.0.0.1:4000
    [junit] 	at sun.nio.ch.SocketChannelImpl.checkConnect(Native Method)
    [junit] 	at sun.nio.ch.SocketChannelImpl.finishConnect(SocketChannelImpl.java:717)
    [junit] 	at io.netty.channel.socket.nio.NioSocketChannel.doFinishConnect(NioSocketChannel.java:325)
    [junit] 	at io.netty.channel.nio.AbstractNioChannel$AbstractNioUnsafe.finishConnect(AbstractNioChannel.java:340)
    [junit] 	at io.netty.channel.nio.NioEventLoop.processSelectedKey(NioEventLoop.java:633)
    [junit] 	at io.netty.channel.nio.NioEventLoop.processSelectedKeysOptimized(NioEventLoop.java:580)
    [junit] 	at io.netty.channel.nio.NioEventLoop.processSelectedKeys(NioEventLoop.java:497)
    [junit] 	at io.netty.channel.nio.NioEventLoop.run(NioEventLoop.java:459)
    [junit] 	at io.netty.util.concurrent.SingleThreadEventExecutor$5.run(SingleThreadEventExecutor.java:886)
    [junit] 	at io.netty.util.concurrent.FastThreadLocalRunnable.run(FastThreadLocalRunnable.java:30)
    [junit] 	at java.lang.Thread.run(Thread.java:748)
    [junit] Caused by: java.net.ConnectException: Connection refused
    [junit] 	... 11 more
    [junit] Caused by: io.netty.channel.AbstractChannel$AnnotatedConnectException: Connection refused: localhost/127.0.0.1:4000
    [junit] 	at sun.nio.ch.SocketChannelImpl.checkConnect(Native Method)
    [junit] 	at sun.nio.ch.SocketChannelImpl.finishConnect(SocketChannelImpl.java:717)
    [junit] 	at io.netty.channel.socket.nio.NioSocketChannel.doFinishConnect(NioSocketChannel.java:325)
    [junit] 	at io.netty.channel.nio.AbstractNioChannel$AbstractNioUnsafe.finishConnect(AbstractNioChannel.java:340)
    [junit] 	at io.netty.channel.nio.NioEventLoop.processSelectedKey(NioEventLoop.java:633)
    [junit] 	at io.netty.channel.nio.NioEventLoop.processSelectedKeysOptimized(NioEventLoop.java:580)
    [junit] 	at io.netty.channel.nio.NioEventLoop.processSelectedKeys(NioEventLoop.java:497)
    [junit] 	at io.netty.channel.nio.NioEventLoop.run(NioEventLoop.java:459)
    [junit] 	at io.netty.util.concurrent.SingleThreadEventExecutor$5.run(SingleThreadEventExecutor.java:886)
    [junit] 	at io.netty.util.concurrent.FastThreadLocalRunnable.run(FastThreadLocalRunnable.java:30)
    [junit] 	at java.lang.Thread.run(Thread.java:748)
    [junit] Caused by: java.net.ConnectException: Connection refused
    [junit] 	... 11 more
    [junit] 22938 ms. Memory: 1092096K Free: 692188K (63%)
    [junit] [atomic-processor-1] INFO com.github.sarxos.webcam.ds.cgt.WebcamCloseTask - Closing Dummy Webcam 0
    [junit] Exported /home/travis/build/icyphy/ptII/ptolemy/actor/lib/jjs/modules/socket/demo/SocketImage/SocketImage/index.html
    [junit] 31754 ms. Memory: 1092096K Free: 652637K (60%)
    [junit] ####### 7 Sat Jun 02 13:47:19 UTC 2018 $PTII/bin/ptinvoke ptolemy.vergil.basic.export.ExportModel -force htm -run -openComposites -timeOut 30000 -whiteBackground ptolemy/actor/lib/jjs/modules/socket/demo/SocketString/SocketString.xml $PTII/ptolemy/actor/lib/jjs/modules/socket/demo/SocketString/SocketString
    [junit] ----------------- Sat Jun 02 13:47:19 UTC 2018 About to sleep for 5.0 seconds before running or rerunning.  Test is: /home/travis/build/icyphy/ptII/ptolemy/actor/lib/jjs/modules/socket/demo/SocketString/SocketString.xml
    [junit] Done sleeping
    [junit] Running .SocketString
    [junit] 6877 ms. Memory: 1219584K Free: 732871K (60%)
    [junit] Exported /home/travis/build/icyphy/ptII/ptolemy/actor/lib/jjs/modules/socket/demo/SocketString/SocketString/index.html
    [junit] 11829 ms. Memory: 1219584K Free: 701395K (58%)
    [junit] ####### 8 Sat Jun 02 13:47:36 UTC 2018 $PTII/bin/ptinvoke ptolemy.vergil.basic.export.ExportModel -force htm -run -openComposites -timeOut 30000 -whiteBackground ptolemy/actor/lib/jjs/modules/socket/demo/SocketUnsignedShort/SocketUnsignedShort.xml $PTII/ptolemy/actor/lib/jjs/modules/socket/demo/SocketUnsignedShort/SocketUnsignedShort
    [junit] ----------------- Sat Jun 02 13:47:36 UTC 2018 About to sleep for 5.0 seconds before running or rerunning.  Test is: /home/travis/build/icyphy/ptII/ptolemy/actor/lib/jjs/modules/socket/demo/SocketUnsignedShort/SocketUnsignedShort.xml
    [junit] Done sleeping
    [junit] Running .SocketUnsignedShort
    [junit] 3912 ms. Memory: 1227264K Free: 760627K (62%)
    [junit] Exported /home/travis/build/icyphy/ptII/ptolemy/actor/lib/jjs/modules/socket/demo/SocketUnsignedShort/SocketUnsignedShort/index.html
    [junit] 8796 ms. Memory: 1227264K Free: 727815K (59%)
    [junit] ####### 9 Sat Jun 02 13:47:50 UTC 2018 $PTII/bin/ptinvoke ptolemy.vergil.basic.export.ExportModel -force htm  -openComposites -timeOut 30000 -whiteBackground ptolemy/actor/lib/jjs/modules/socket/demo/TCPSocket/TCPSocket.xml $PTII/ptolemy/actor/lib/jjs/modules/socket/demo/TCPSocket/TCPSocket
    [junit] Warning: not running ptolemy/actor/lib/jjs/modules/socket/demo/TCPSocket/TCPSocket.xml. See ptolemy/vergil/basic/export/test/junit/ExportModelJUnitTest.java
    [junit] ----------------- Sat Jun 02 13:47:50 UTC 2018 About to sleep for 5.0 seconds before running or rerunning.  Test is: /home/travis/build/icyphy/ptII/ptolemy/actor/lib/jjs/modules/socket/demo/TCPSocket/TCPSocket.xml
    [junit] Done sleeping
    [junit] Exported /home/travis/build/icyphy/ptII/ptolemy/actor/lib/jjs/modules/socket/demo/TCPSocket/TCPSocket/index.html
    [junit] 3228 ms. Memory: 1227264K Free: 603460K (49%)
    [junit] ####### 10 Sat Jun 02 13:47:58 UTC 2018 $PTII/bin/ptinvoke ptolemy.vergil.basic.export.ExportModel -force htm -run -openComposites -timeOut 30000 -whiteBackground ptolemy/actor/lib/jjs/modules/socket/demo/TCPSocket/TCPSocketDoubleArrayBatched.xml $PTII/ptolemy/actor/lib/jjs/modules/socket/demo/TCPSocket/TCPSocketDoubleArrayBatched
    [junit] ----------------- Sat Jun 02 13:47:58 UTC 2018 About to sleep for 5.0 seconds before running or rerunning.  Test is: /home/travis/build/icyphy/ptII/ptolemy/actor/lib/jjs/modules/socket/demo/TCPSocket/TCPSocketDoubleArrayBatched.xml
    [junit] Jun 02, 2018 1:48:03 PM org.eclipse.paho.client.mqttv3.internal.ClientState checkForActivity
    [junit] SEVERE: mqttpt_-2669086408410129138: Timed out as no activity, keepAlive=60,000 lastOutboundActivity=1,527,947,223,090 lastInboundActivity=1,527,947,159,296 time=1,527,947,283,090 lastPing=1,527,947,223,090
    [junit] Jun 02, 2018 1:48:03 PM org.eclipse.paho.client.mqttv3.internal.ClientState checkForActivity
    [junit] SEVERE: mqttpt_-2669086408410129138: Timed out as no activity, keepAlive=60,000 lastOutboundActivity=1,527,947,223,101 lastInboundActivity=1,527,947,162,252 time=1,527,947,283,101 lastPing=1,527,947,223,101
    [junit] Done sleeping
    [junit] Running .TCPSocketDoubleArrayBatched
    [junit] 3927 ms. Memory: 1406976K Free: 800386K (57%)
    [junit] Exported /home/travis/build/icyphy/ptII/ptolemy/actor/lib/jjs/modules/socket/demo/TCPSocket/TCPSocketDoubleArrayBatched/index.html
    [junit] 8842 ms. Memory: 1406976K Free: 758196K (54%)
    [junit] ####### 11 Sat Jun 02 13:48:12 UTC 2018 $PTII/bin/ptinvoke ptolemy.vergil.basic.export.ExportModel -force htm -run -openComposites -timeOut 30000 -whiteBackground ptolemy/actor/lib/jjs/modules/socket/demo/TCPSocket/TCPSocketImage.xml $PTII/ptolemy/actor/lib/jjs/modules/socket/demo/TCPSocket/TCPSocketImage
    [junit] ----------------- Sat Jun 02 13:48:12 UTC 2018 About to sleep for 5.0 seconds before running or rerunning.  Test is: /home/travis/build/icyphy/ptII/ptolemy/actor/lib/jjs/modules/socket/demo/TCPSocket/TCPSocketImage.xml
    [junit] Done sleeping
    [junit] Running .TCPSocketImage
    [junit] [atomic-processor-1] INFO com.github.sarxos.webcam.ds.cgt.WebcamOpenTask - Opening webcam Dummy Webcam 0
    [junit] [atomic-processor-1] INFO com.github.sarxos.webcam.ds.cgt.WebcamCloseTask - Closing Dummy Webcam 0
    [junit] 23251 ms. Memory: 1921536K Free: 876281K (46%)
    [junit] Exported /home/travis/build/icyphy/ptII/ptolemy/actor/lib/jjs/modules/socket/demo/TCPSocket/TCPSocketImage/index.html
    [junit] 28878 ms. Memory: 1921536K Free: 839806K (44%)
    [junit] ####### 12 Sat Jun 02 13:48:46 UTC 2018 $PTII/bin/ptinvoke ptolemy.vergil.basic.export.ExportModel -force htm -run -openComposites -timeOut 30000 -whiteBackground ptolemy/actor/lib/jjs/modules/socket/demo/TCPSocket/TCPSocketSecureServerClient.xml $PTII/ptolemy/actor/lib/jjs/modules/socket/demo/TCPSocket/TCPSocketSecureServerClient
    [junit] ----------------- Sat Jun 02 13:48:46 UTC 2018 About to sleep for 5.0 seconds before running or rerunning.  Test is: /home/travis/build/icyphy/ptII/ptolemy/actor/lib/jjs/modules/socket/demo/TCPSocket/TCPSocketSecureServerClient.xml
    [junit] Done sleeping
    [junit] Running .TCPSocketSecureServerClient
    [junit] 10211 ms. Memory: 2074624K Free: 437309K (21%)
    [junit] Exported /home/travis/build/icyphy/ptII/ptolemy/actor/lib/jjs/modules/socket/demo/TCPSocket/TCPSocketSecureServerClient/index.html
    [junit] 16682 ms. Memory: 2074624K Free: 401422K (19%)
    [junit] ####### 13 Sat Jun 02 13:49:08 UTC 2018 $PTII/bin/ptinvoke ptolemy.vergil.basic.export.ExportModel -force htm -run -openComposites -timeOut 30000 -whiteBackground ptolemy/actor/lib/jjs/modules/socket/demo/TCPSocket/TCPSocketTwoClients.xml $PTII/ptolemy/actor/lib/jjs/modules/socket/demo/TCPSocket/TCPSocketTwoClients
    [junit] ----------------- Sat Jun 02 13:49:08 UTC 2018 About to sleep for 5.0 seconds before running or rerunning.  Test is: /home/travis/build/icyphy/ptII/ptolemy/actor/lib/jjs/modules/socket/demo/TCPSocket/TCPSocketTwoClients.xml
    [junit] Done sleeping
    [junit] Running .TCPSocketTwoClients
    [junit] 23677 ms. Memory: 2082816K Free: 376430K (18%)
    [junit] Exported /home/travis/build/icyphy/ptII/ptolemy/actor/lib/jjs/modules/socket/demo/TCPSocket/TCPSocketTwoClients/index.html
    [junit] 29481 ms. Memory: 2082816K Free: 332832K (16%)
    [junit] ####### 14 Sat Jun 02 13:49:42 UTC 2018 $PTII/bin/ptinvoke ptolemy.vergil.basic.export.ExportModel -force htm -run -openComposites -timeOut 30000 -whiteBackground ptolemy/actor/lib/jjs/modules/socket/demo/TCPSocket/TCPSocketUnsignedShort.xml $PTII/ptolemy/actor/lib/jjs/modules/socket/demo/TCPSocket/TCPSocketUnsignedShort
    [junit] ----------------- Sat Jun 02 13:49:42 UTC 2018 About to sleep for 5.0 seconds before running or rerunning.  Test is: /home/travis/build/icyphy/ptII/ptolemy/actor/lib/jjs/modules/socket/demo/TCPSocket/TCPSocketUnsignedShort.xml
    [junit] Done sleeping
    [junit] Running .TCPSocketUnsignedShort
    [junit] 4445 ms. Memory: 1974272K Free: 1051372K (53%)
    [junit] Exported /home/travis/build/icyphy/ptII/ptolemy/actor/lib/jjs/modules/socket/demo/TCPSocket/TCPSocketUnsignedShort/index.html
    [junit] 10261 ms. Memory: 1974272K Free: 1011454K (51%)
    [junit] ####### 15 Sat Jun 02 13:49:57 UTC 2018 $PTII/bin/ptinvoke ptolemy.vergil.basic.export.ExportModel -force htm  -openComposites -timeOut 30000 -whiteBackground ptolemy/actor/lib/jjs/modules/speechRecognition/demo/SpeechRecognition/SpeechRecognition.xml $PTII/ptolemy/actor/lib/jjs/modules/speechRecognition/demo/SpeechRecognition/SpeechRecognition
    [junit] Warning: not running ptolemy/actor/lib/jjs/modules/speechRecognition/demo/SpeechRecognition/SpeechRecognition.xml. See ptolemy/vergil/basic/export/test/junit/ExportModelJUnitTest.java
    [junit] ----------------- Sat Jun 02 13:49:57 UTC 2018 About to sleep for 5.0 seconds before running or rerunning.  Test is: /home/travis/build/icyphy/ptII/ptolemy/actor/lib/jjs/modules/speechRecognition/demo/SpeechRecognition/SpeechRecognition.xml
    [junit] Done sleeping
    [junit] Exported /home/travis/build/icyphy/ptII/ptolemy/actor/lib/jjs/modules/speechRecognition/demo/SpeechRecognition/SpeechRecognition/index.html
    [junit] 5401 ms. Memory: 1995776K Free: 1529057K (77%)
    [junit] ####### 16 Sat Jun 02 13:50:08 UTC 2018 $PTII/bin/ptinvoke ptolemy.vergil.basic.export.ExportModel -force htm  -openComposites -timeOut 30000 -whiteBackground ptolemy/actor/lib/jjs/modules/speechRecognition/demo/WatchCommandUpdater/WatchCommandUpdater.xml $PTII/ptolemy/actor/lib/jjs/modules/speechRecognition/demo/WatchCommandUpdater/WatchCommandUpdater
    [junit] Warning: not running ptolemy/actor/lib/jjs/modules/speechRecognition/demo/WatchCommandUpdater/WatchCommandUpdater.xml. See ptolemy/vergil/basic/export/test/junit/ExportModelJUnitTest.java
    [junit] ----------------- Sat Jun 02 13:50:08 UTC 2018 About to sleep for 5.0 seconds before running or rerunning.  Test is: /home/travis/build/icyphy/ptII/ptolemy/actor/lib/jjs/modules/speechRecognition/demo/WatchCommandUpdater/WatchCommandUpdater.xml
    [junit] Done sleeping
    [junit] Exported /home/travis/build/icyphy/ptII/ptolemy/actor/lib/jjs/modules/speechRecognition/demo/WatchCommandUpdater/WatchCommandUpdater/index.html
    [junit] 8873 ms. Memory: 1982976K Free: 1427588K (72%)
    [junit] ####### 17 Sat Jun 02 13:50:22 UTC 2018 $PTII/bin/ptinvoke ptolemy.vergil.basic.export.ExportModel -force htm -run -openComposites -timeOut 30000 -whiteBackground ptolemy/actor/lib/jjs/modules/testing/demo/Testing/Testing.xml $PTII/ptolemy/actor/lib/jjs/modules/testing/demo/Testing/Testing
    [junit] ----------------- Sat Jun 02 13:50:22 UTC 2018 About to sleep for 5.0 seconds before running or rerunning.  Test is: /home/travis/build/icyphy/ptII/ptolemy/actor/lib/jjs/modules/testing/demo/Testing/Testing.xml
    [junit] Done sleeping
    [junit] Running .Testing
    [junit] MochaTest: Start of Common host: Basic (Thread[AWT-EventQueue-0,6,main])
    [junit] MochaTest: End of Common host: Basic (Thread[AWT-EventQueue-0,6,main])
    [junit] MochaTest: Start of Common host: Composite accessors (Thread[AWT-EventQueue-0,6,main])
    [junit] MochaTest: Start of Common host: Spontaneous accessors (Thread[AWT-EventQueue-0,6,main])
    [junit] MochaTest: Start of Common host: Spontaneous accessors (Thread[AWT-EventQueue-0,6,main])
    [junit] MochaTest: Before Spontaneous accessor produces correct outputs after 1 and 2 seconds. (Thread[AWT-EventQueue-0,6,main])
    [junit] MochaTest: After Spontaneous accessor produces correct outputs after 1 and 2 seconds. (Thread[AWT-EventQueue-0,6,main])
    [junit] MochaTest: End of Common host: Spontaneous accessors (Thread[AWT-EventQueue-0,6,main])
    [junit] MochaTest: Start of Common host: Inheritance (Thread[AWT-EventQueue-0,6,main])
    [junit] MochaTest: End of Common host: Inheritance (Thread[AWT-EventQueue-0,6,main])
    [junit] MochaTest: Instance of TestAccessor: [Circular]
    [junit] Tests: (Thread[AWT-EventQueue-0,6,main])
    [junit] MochaTest: TestAccessor.fire() invoked. (Thread[AWT-EventQueue-0,6,main])
    [junit] MochaTest: TestAdder: fire(): inputLeft: 10 inputRight: 40 (Thread[AWT-EventQueue-0,6,main])
    [junit] MochaTest: TestAdder: fire(): inputLeft: 5 inputRight: 20 (Thread[AWT-EventQueue-0,6,main])
    [junit] MochaTest: TestAdder: fire(): inputLeft: 5 inputRight: 20 (Thread[AWT-EventQueue-0,6,main])
    [junit] MochaTest: TestAccessor.fire() invoked. (Thread[AWT-EventQueue-0,6,main])
    [junit] MochaTest: <?xml version="1.0" encoding="UTF-8"?>
    [junit]  <testsuites>
    [junit]  <testsuite name="Root Suite" tests="0">
    [junit]  <testsuite name="Common host: Basic" tests="7">
    [junit]  <testcase name="this.getParameter() returns default value." > </testcase>
    [junit]  <testcase name="this.getParameter() returns value set by this.setParameter()." > </testcase>
    [junit]  <testcase name="this.get() returns default value." > </testcase>
    [junit]  <testcase name="this.get() returns null if no input yet provided." > </testcase>
    [junit]  <testcase name="this.get() returns null if no input yet provided but type being boolean." > </testcase>
    [junit]  <testcase name="this.get() returns value provided by provideInput()." > </testcase>
    [junit]  <testcase name="latestOutput contains value provided by inputHandlers and send()." > </testcase>
    [junit]  </testsuite>
    [junit]  <testsuite name="Common host: Composite accessors" tests="2">
    [junit]  <testcase name="Composite accessor produces correct output when manually scheduled." > </testcase>
    [junit]  <testcase name="Composite accessor produces correct output when automatically scheduled." > </testcase>
    [junit]  </testsuite>
    [junit]  <testsuite name="Common host: Spontaneous accessors" tests="2">
    [junit]  <testcase name="Spontaneous accessor produces correct outputs after 1 and 2 seconds." > </testcase>
    [junit]  <testcase name="Composite spontaneous accessor produces correct outputs after 1 and 2 seconds." > </testcase>
    [junit]  </testsuite>
    [junit]  <testsuite name="Common host: Inheritance" tests="4">
    [junit]  <testcase name="Inheritance, function overriding, and variable visiility should work properly." > </testcase>
    [junit]  <testcase name="Implementing an interface should work properly." > </testcase>
    [junit]  <testcase name="Exported fields of base classes can be accessed and initialize() is properly scoped." > </testcase>
    [junit]  <testcase name="Two-level inheritance should work properly." > </testcase>
    [junit]  </testsuite>
    [junit]  </testsuite>
    [junit]  </testsuites>
    [junit]  (Thread[AWT-EventQueue-0,6,main])
    [junit] 17766 ms. Memory: 1994240K Free: 1336472K (67%)
    [junit] Exported /home/travis/build/icyphy/ptII/ptolemy/actor/lib/jjs/modules/testing/demo/Testing/Testing/index.html
    [junit] 24510 ms. Memory: 1994240K Free: 1298768K (65%)
    [junit] ####### 18 Sat Jun 02 13:50:51 UTC 2018 $PTII/bin/ptinvoke ptolemy.vergil.basic.export.ExportModel -force htm -run -openComposites -timeOut 30000 -whiteBackground ptolemy/actor/lib/jjs/modules/udpSocket/demo/UDPSocket/UDPSocket.xml $PTII/ptolemy/actor/lib/jjs/modules/udpSocket/demo/UDPSocket/UDPSocket
    [junit] ----------------- Sat Jun 02 13:50:51 UTC 2018 About to sleep for 5.0 seconds before running or rerunning.  Test is: /home/travis/build/icyphy/ptII/ptolemy/actor/lib/jjs/modules/udpSocket/demo/UDPSocket/UDPSocket.xml
    [junit] Done sleeping
    [junit] Running .UDPSocket
    [junit] ExportHTMLTimer went off after 30000 ms., calling getDirector().finish and getDirector().stopFire()
    [junit] 30010 ms. Memory: 1994240K Free: 840566K (42%)
    [junit] Exported /home/travis/build/icyphy/ptII/ptolemy/actor/lib/jjs/modules/udpSocket/demo/UDPSocket/UDPSocket/index.html
    [junit] 34642 ms. Memory: 1994240K Free: 808641K (41%)
    [junit] ####### 19 Sat Jun 02 13:51:31 UTC 2018 $PTII/bin/ptinvoke ptolemy.vergil.basic.export.ExportModel -force htm -run -openComposites -timeOut 30000 -whiteBackground ptolemy/actor/lib/jjs/modules/udpSocket/demo/WatchEmulator/WatchEmulator.xml $PTII/ptolemy/actor/lib/jjs/modules/udpSocket/demo/WatchEmulator/WatchEmulator
    [junit] ----------------- Sat Jun 02 13:51:31 UTC 2018 About to sleep for 5.0 seconds before running or rerunning.  Test is: /home/travis/build/icyphy/ptII/ptolemy/actor/lib/jjs/modules/udpSocket/demo/WatchEmulator/WatchEmulator.xml
    [junit] Done sleeping
    [junit] Running .WatchEmulator
    [junit] ptolemy.kernel.util.IllegalActionException: Exceptions occurred during wrapup:
    [junit] 9145 ms. Memory: 1806336K Free: 303017K (17%)
    [junit] ptolemy.kernel.util.IllegalActionException: Failure executing the wrapup function: Error: TrainableTest2: The input handler of this accessor was never invoked. Usually, this is an error indicating that starvation is occurring. in <function> at line number 393 at column number 16
    [junit] ####### 20 Sat Jun 02 13:51:50 UTC 2018 $PTII/bin/ptinvoke ptolemy.vergil.basic.export.ExportModel -force htm -run -openComposites -timeOut 30000 -whiteBackground ptolemy/actor/lib/jjs/modules/userInterface/demo/Dots/Dots.xml $PTII/ptolemy/actor/lib/jjs/modules/userInterface/demo/Dots/Dots
    [junit]   in .WatchEmulator.TrainableTest2
    [junit] Because:
    [junit] ----------------- Sat Jun 02 13:51:50 UTC 2018 About to sleep for 5.0 seconds before running or rerunning.  Test is: /home/travis/build/icyphy/ptII/ptolemy/actor/lib/jjs/modules/userInterface/demo/Dots/Dots.xml
    [junit] Error: TrainableTest2: The input handler of this accessor was never invoked. Usually, this is an error indicating that starvation is occurring. in <function> at line number 393 at column number 16
    [junit] 
    [junit]   in .WatchEmulator.DE Director
    [junit] Because:
    [junit] Failure executing the wrapup function: Error: TrainableTest2: The input handler of this accessor was never invoked. Usually, this is an error indicating that starvation is occurring. in <function> at line number 393 at column number 16
    [junit]   in .WatchEmulator.TrainableTest2
    [junit] Because:
    [junit] Error: TrainableTest2: The input handler of this accessor was never invoked. Usually, this is an error indicating that starvation is occurring. in <function> at line number 393 at column number 16
    [junit] 	at ptolemy.actor.Director.wrapup(Director.java:1736)
    [junit] 	at ptolemy.domains.de.kernel.DEDirector.wrapup(DEDirector.java:1526)
    [junit] 	at ptolemy.actor.CompositeActor.wrapup(CompositeActor.java:2735)
    [junit] 	at ptolemy.actor.Manager.wrapup(Manager.java:1512)
    [junit] 	at ptolemy.actor.Manager.execute(Manager.java:407)
    [junit] 	at ptolemy.vergil.basic.export.ExportModel$2.run(ExportModel.java:390)
    [junit] 	at java.awt.event.InvocationEvent.dispatch(InvocationEvent.java:301)
    [junit] 	at java.awt.EventQueue.dispatchEventImpl(EventQueue.java:756)
    [junit] 	at java.awt.EventQueue.access$500(EventQueue.java:97)
    [junit] 	at java.awt.EventQueue$3.run(EventQueue.java:709)
    [junit] 	at java.awt.EventQueue$3.run(EventQueue.java:703)
    [junit] 	at java.security.AccessController.doPrivileged(Native Method)
    [junit] 	at java.security.ProtectionDomain$JavaSecurityAccessImpl.doIntersectionPrivilege(ProtectionDomain.java:80)
    [junit] 	at java.awt.EventQueue.dispatchEvent(EventQueue.java:726)
    [junit] 	at java.awt.EventDispatchThread.pumpOneEventForFilters(EventDispatchThread.java:201)
    [junit] 	at java.awt.EventDispatchThread.pumpEventsForFilter(EventDispatchThread.java:116)
    [junit] 	at java.awt.EventDispatchThread.pumpEventsForHierarchy(EventDispatchThread.java:105)
    [junit] 	at java.awt.EventDispatchThread.pumpEvents(EventDispatchThread.java:101)
    [junit] 	at java.awt.EventDispatchThread.pumpEvents(EventDispatchThread.java:93)
    [junit] 	at java.awt.EventDispatchThread.run(EventDispatchThread.java:82)
    [junit] Caused by: ptolemy.kernel.util.IllegalActionException: Failure executing the wrapup function: Error: TrainableTest2: The input handler of this accessor was never invoked. Usually, this is an error indicating that starvation is occurring. in <function> at line number 393 at column number 16
    [junit]   in .WatchEmulator.TrainableTest2
    [junit] Because:
    [junit] Error: TrainableTest2: The input handler of this accessor was never invoked. Usually, this is an error indicating that starvation is occurring. in <function> at line number 393 at column number 16
    [junit] 	at ptolemy.actor.lib.jjs.JavaScript._invokeMethodInContext(JavaScript.java:2231)
    [junit] 	at ptolemy.actor.lib.jjs.JavaScript.wrapup(JavaScript.java:2126)
    [junit] 	at ptolemy.actor.Director.wrapup(Director.java:1722)
    [junit] 	... 19 more
    [junit] Caused by: javax.script.ScriptException: Error: TrainableTest2: The input handler of this accessor was never invoked. Usually, this is an error indicating that starvation is occurring. in <function> at line number 393 at column number 16
    [junit] 	at jdk.nashorn.api.scripting.NashornScriptEngine.throwAsScriptException(NashornScriptEngine.java:470)
    [junit] 	at jdk.nashorn.api.scripting.NashornScriptEngine.invokeImpl(NashornScriptEngine.java:392)
    [junit] 	at jdk.nashorn.api.scripting.NashornScriptEngine.invokeMethod(NashornScriptEngine.java:199)
    [junit] 	at ptolemy.actor.lib.jjs.JavaScript._invokeMethodInContext(JavaScript.java:2208)
    [junit] 	... 21 more
    [junit] Caused by: <function>:393:16 Error: TrainableTest2: The input handler of this accessor was never invoked. Usually, this is an error indicating that starvation is occurring.
    [junit] 	at jdk.nashorn.internal.objects.NativeError.initException(NativeError.java:137)
    [junit] 	at jdk.nashorn.internal.objects.NativeError.<init>(NativeError.java:102)
    [junit] 	at jdk.nashorn.internal.objects.NativeError.<init>(NativeError.java:106)
    [junit] 	at jdk.nashorn.internal.objects.NativeError.<init>(NativeError.java:110)
    [junit] 	at jdk.nashorn.internal.objects.NativeError.constructor(NativeError.java:129)
    [junit] 	at jdk.nashorn.internal.scripts.Script$Recompilation$17578$18537$\^function\_.L:1#wrapup(<function>:393)
    [junit] 	at jdk.nashorn.internal.scripts.Script$Recompilation$17576$30640$require.L:1#Accessor#wrapup(/home/travis/build/icyphy/ptII/ptolemy/actor/lib/jjs/external/require.js#401:30<eval>:683)
    [junit] 	at jdk.nashorn.internal.runtime.ScriptFunctionData.invoke(ScriptFunctionData.java:637)
    [junit] 	at jdk.nashorn.internal.runtime.ScriptFunction.invoke(ScriptFunction.java:494)
    [junit] 	at jdk.nashorn.internal.runtime.ScriptRuntime.apply(ScriptRuntime.java:393)
    [junit] 	at jdk.nashorn.api.scripting.ScriptObjectMirror.callMember(ScriptObjectMirror.java:199)
    [junit] 	at jdk.nashorn.api.scripting.NashornScriptEngine.invokeImpl(NashornScriptEngine.java:386)
    [junit] 	... 23 more
    [junit] Caused by: ptolemy.kernel.util.IllegalActionException: Failure executing the wrapup function: Error: TrainableTest2: The input handler of this accessor was never invoked. Usually, this is an error indicating that starvation is occurring. in <function> at line number 393 at column number 16
    [junit]   in .WatchEmulator.TrainableTest2
    [junit] Because:
    [junit] Error: TrainableTest2: The input handler of this accessor was never invoked. Usually, this is an error indicating that starvation is occurring. in <function> at line number 393 at column number 16
    [junit] 	at ptolemy.actor.lib.jjs.JavaScript._invokeMethodInContext(JavaScript.java:2231)
    [junit] 	at ptolemy.actor.lib.jjs.JavaScript.wrapup(JavaScript.java:2126)
    [junit] 	at ptolemy.actor.Director.wrapup(Director.java:1722)
    [junit] 	at ptolemy.domains.de.kernel.DEDirector.wrapup(DEDirector.java:1526)
    [junit] 	at ptolemy.actor.CompositeActor.wrapup(CompositeActor.java:2735)
    [junit] 	at ptolemy.actor.Manager.wrapup(Manager.java:1512)
    [junit] 	at ptolemy.actor.Manager.execute(Manager.java:407)
    [junit] 	at ptolemy.vergil.basic.export.ExportModel$2.run(ExportModel.java:390)
    [junit] 	at java.awt.event.InvocationEvent.dispatch(InvocationEvent.java:301)
    [junit] 	at java.awt.EventQueue.dispatchEventImpl(EventQueue.java:756)
    [junit] 	at java.awt.EventQueue.access$500(EventQueue.java:97)
    [junit] 	at java.awt.EventQueue$3.run(EventQueue.java:709)
    [junit] 	at java.awt.EventQueue$3.run(EventQueue.java:703)
    [junit] 	at java.security.AccessController.doPrivileged(Native Method)
    [junit] 	at java.security.ProtectionDomain$JavaSecurityAccessImpl.doIntersectionPrivilege(ProtectionDomain.java:80)
    [junit] 	at java.awt.EventQueue.dispatchEvent(EventQueue.java:726)
    [junit] 	at java.awt.EventDispatchThread.pumpOneEventForFilters(EventDispatchThread.java:201)
    [junit] 	at java.awt.EventDispatchThread.pumpEventsForFilter(EventDispatchThread.java:116)
    [junit] 	at java.awt.EventDispatchThread.pumpEventsForHierarchy(EventDispatchThread.java:105)
    [junit] 	at java.awt.EventDispatchThread.pumpEvents(EventDispatchThread.java:101)
    [junit] 	at java.awt.EventDispatchThread.pumpEvents(EventDispatchThread.java:93)
    [junit] 	at java.awt.EventDispatchThread.run(EventDispatchThread.java:82)
    [junit] Caused by: javax.script.ScriptException: Error: TrainableTest2: The input handler of this accessor was never invoked. Usually, this is an error indicating that starvation is occurring. in <function> at line number 393 at column number 16
    [junit] 	at jdk.nashorn.api.scripting.NashornScriptEngine.throwAsScriptException(NashornScriptEngine.java:470)
    [junit] 	at jdk.nashorn.api.scripting.NashornScriptEngine.invokeImpl(NashornScriptEngine.java:392)
    [junit] 	at jdk.nashorn.api.scripting.NashornScriptEngine.invokeMethod(NashornScriptEngine.java:199)
    [junit] 	at ptolemy.actor.lib.jjs.JavaScript._invokeMethodInContext(JavaScript.java:2208)
    [junit] 	... 21 more
    [junit] Caused by: <function>:393:16 Error: TrainableTest2: The input handler of this accessor was never invoked. Usually, this is an error indicating that starvation is occurring.
    [junit] 	at jdk.nashorn.internal.objects.NativeError.initException(NativeError.java:137)
    [junit] 	at jdk.nashorn.internal.objects.NativeError.<init>(NativeError.java:102)
    [junit] 	at jdk.nashorn.internal.objects.NativeError.<init>(NativeError.java:106)
    [junit] 	at jdk.nashorn.internal.objects.NativeError.<init>(NativeError.java:110)
    [junit] 	at jdk.nashorn.internal.objects.NativeError.constructor(NativeError.java:129)
    [junit] 	at jdk.nashorn.internal.scripts.Script$Recompilation$17578$18537$\^function\_.L:1#wrapup(<function>:393)
    [junit] 	at jdk.nashorn.internal.scripts.Script$Recompilation$17576$30640$require.L:1#Accessor#wrapup(/home/travis/build/icyphy/ptII/ptolemy/actor/lib/jjs/external/require.js#401:30<eval>:683)
    [junit] 	at jdk.nashorn.internal.runtime.ScriptFunctionData.invoke(ScriptFunctionData.java:637)
    [junit] 	at jdk.nashorn.internal.runtime.ScriptFunction.invoke(ScriptFunction.java:494)
    [junit] 	at jdk.nashorn.internal.runtime.ScriptRuntime.apply(ScriptRuntime.java:393)
    [junit] 	at jdk.nashorn.api.scripting.ScriptObjectMirror.callMember(ScriptObjectMirror.java:199)
    [junit] 	at jdk.nashorn.api.scripting.NashornScriptEngine.invokeImpl(NashornScriptEngine.java:386)
    [junit] 	... 23 more
    [junit] Caused by: javax.script.ScriptException: Error: TrainableTest2: The input handler of this accessor was never invoked. Usually, this is an error indicating that starvation is occurring. in <function> at line number 393 at column number 16
    [junit] 	at jdk.nashorn.api.scripting.NashornScriptEngine.throwAsScriptException(NashornScriptEngine.java:470)
    [junit] 	at jdk.nashorn.api.scripting.NashornScriptEngine.invokeImpl(NashornScriptEngine.java:392)
    [junit] 	at jdk.nashorn.api.scripting.NashornScriptEngine.invokeMethod(NashornScriptEngine.java:199)
    [junit] 	at ptolemy.actor.lib.jjs.JavaScript._invokeMethodInContext(JavaScript.java:2208)
    [junit] 	at ptolemy.actor.lib.jjs.JavaScript.wrapup(JavaScript.java:2126)
    [junit] 	at ptolemy.actor.Director.wrapup(Director.java:1722)
    [junit] 	at ptolemy.domains.de.kernel.DEDirector.wrapup(DEDirector.java:1526)
    [junit] 	at ptolemy.actor.CompositeActor.wrapup(CompositeActor.java:2735)
    [junit] 	at ptolemy.actor.Manager.wrapup(Manager.java:1512)
    [junit] 	at ptolemy.actor.Manager.execute(Manager.java:407)
    [junit] 	at ptolemy.vergil.basic.export.ExportModel$2.run(ExportModel.java:390)
    [junit] 	at java.awt.event.InvocationEvent.dispatch(InvocationEvent.java:301)
    [junit] 	at java.awt.EventQueue.dispatchEventImpl(EventQueue.java:756)
    [junit] 	at java.awt.EventQueue.access$500(EventQueue.java:97)
    [junit] 	at java.awt.EventQueue$3.run(EventQueue.java:709)
    [junit] 	at java.awt.EventQueue$3.run(EventQueue.java:703)
    [junit] 	at java.security.AccessController.doPrivileged(Native Method)
    [junit] 	at java.security.ProtectionDomain$JavaSecurityAccessImpl.doIntersectionPrivilege(ProtectionDomain.java:80)
    [junit] 	at java.awt.EventQueue.dispatchEvent(EventQueue.java:726)
    [junit] 	at java.awt.EventDispatchThread.pumpOneEventForFilters(EventDispatchThread.java:201)
    [junit] 	at java.awt.EventDispatchThread.pumpEventsForFilter(EventDispatchThread.java:116)
    [junit] 	at java.awt.EventDispatchThread.pumpEventsForHierarchy(EventDispatchThread.java:105)
    [junit] 	at java.awt.EventDispatchThread.pumpEvents(EventDispatchThread.java:101)
    [junit] 	at java.awt.EventDispatchThread.pumpEvents(EventDispatchThread.java:93)
    [junit] 	at java.awt.EventDispatchThread.run(EventDispatchThread.java:82)
    [junit] Caused by: <function>:393:16 Error: TrainableTest2: The input handler of this accessor was never invoked. Usually, this is an error indicating that starvation is occurring.
    [junit] 	at jdk.nashorn.internal.objects.NativeError.initException(NativeError.java:137)
    [junit] 	at jdk.nashorn.internal.objects.NativeError.<init>(NativeError.java:102)
    [junit] 	at jdk.nashorn.internal.objects.NativeError.<init>(NativeError.java:106)
    [junit] 	at jdk.nashorn.internal.objects.NativeError.<init>(NativeError.java:110)
    [junit] 	at jdk.nashorn.internal.objects.NativeError.constructor(NativeError.java:129)
    [junit] 	at jdk.nashorn.internal.scripts.Script$Recompilation$17578$18537$\^function\_.L:1#wrapup(<function>:393)
    [junit] 	at jdk.nashorn.internal.scripts.Script$Recompilation$17576$30640$require.L:1#Accessor#wrapup(/home/travis/build/icyphy/ptII/ptolemy/actor/lib/jjs/external/require.js#401:30<eval>:683)
    [junit] 	at jdk.nashorn.internal.runtime.ScriptFunctionData.invoke(ScriptFunctionData.java:637)
    [junit] 	at jdk.nashorn.internal.runtime.ScriptFunction.invoke(ScriptFunction.java:494)
    [junit] 	at jdk.nashorn.internal.runtime.ScriptRuntime.apply(ScriptRuntime.java:393)
    [junit] 	at jdk.nashorn.api.scripting.ScriptObjectMirror.callMember(ScriptObjectMirror.java:199)
    [junit] 	at jdk.nashorn.api.scripting.NashornScriptEngine.invokeImpl(NashornScriptEngine.java:386)
    [junit] 	... 23 more
    [junit] java.lang.reflect.InvocationTargetException
    [junit] 	at java.awt.EventQueue.invokeAndWait(EventQueue.java:1321)
    [junit] 	at java.awt.EventQueue.invokeAndWait(EventQueue.java:1296)
    [junit] 	at javax.swing.SwingUtilities.invokeAndWait(SwingUtilities.java:1348)
    [junit] 	at ptolemy.vergil.basic.export.ExportModel.exportModel(ExportModel.java:401)
    [junit] 	at ptolemy.vergil.basic.export.test.junit.ExportModelJUnitTest.RunExportModel(ExportModelJUnitTest.java:153)
    [junit] 	at ptolemy.vergil.basic.export.test.junit.ExportModelJUnitTestBatch.RunExportModel(ExportModelJUnitTestBatch.java:97)
    [junit] 	at sun.reflect.GeneratedMethodAccessor18.invoke(Unknown Source)
    [junit] 	at sun.reflect.DelegatingMethodAccessorImpl.invoke(DelegatingMethodAccessorImpl.java:43)
    [junit] 	at java.lang.reflect.Method.invoke(Method.java:498)
    [junit] 	at org.junit.runners.model.FrameworkMethod$1.runReflectiveCall(FrameworkMethod.java:44)
    [junit] 	at org.junit.internal.runners.model.ReflectiveCallable.run(ReflectiveCallable.java:15)
    [junit] 	at org.junit.runners.model.FrameworkMethod.invokeExplosively(FrameworkMethod.java:41)
    [junit] 	at junitparams.internal.InvokeParameterisedMethod.evaluate(InvokeParameterisedMethod.java:102)
    [junit] 	at junitparams.internal.ParameterisedTestMethodRunner.runMethodInvoker(ParameterisedTestMethodRunner.java:47)
    [junit] 	at junitparams.internal.ParameterisedTestMethodRunner.runTestMethod(ParameterisedTestMethodRunner.java:41)
    [junit] 	at junitparams.internal.ParameterisedTestClassRunner.runParameterisedTest(ParameterisedTestClassRunner.java:143)
    [junit] 	at junitparams.JUnitParamsRunner.runChild(JUnitParamsRunner.java:237)
    [junit] 	at junitparams.JUnitParamsRunner.runChild(JUnitParamsRunner.java:215)
    [junit] 	at org.junit.runners.ParentRunner$3.run(ParentRunner.java:193)
    [junit] 	at org.junit.runners.ParentRunner$1.schedule(ParentRunner.java:52)
    [junit] 	at org.junit.runners.ParentRunner.runChildren(ParentRunner.java:191)
    [junit] 	at org.junit.runners.ParentRunner.access$000(ParentRunner.java:42)
    [junit] 	at org.junit.runners.ParentRunner$2.evaluate(ParentRunner.java:184)
    [junit] 	at org.junit.runners.ParentRunner.run(ParentRunner.java:236)
    [junit] 	at junit.framework.JUnit4TestAdapter.run(JUnit4TestAdapter.java:39)
    [junit] 	at org.apache.tools.ant.taskdefs.optional.junit.JUnitTestRunner.run(JUnitTestRunner.java:535)
    [junit] 	at org.apache.tools.ant.taskdefs.optional.junit.JUnitTestRunner.launch(JUnitTestRunner.java:1182)
    [junit] 	at org.apache.tools.ant.taskdefs.optional.junit.JUnitTestRunner.main(JUnitTestRunner.java:1033)
    [junit] Caused by: java.lang.RuntimeException: ptolemy.kernel.util.IllegalActionException: Exceptions occurred during wrapup:
    [junit] ptolemy.kernel.util.IllegalActionException: Failure executing the wrapup function: Error: TrainableTest2: The input handler of this accessor was never invoked. Usually, this is an error indicating that starvation is occurring. in <function> at line number 393 at column number 16
    [junit]   in .WatchEmulator.TrainableTest2
    [junit] Because:
    [junit] Error: TrainableTest2: The input handler of this accessor was never invoked. Usually, this is an error indicating that starvation is occurring. in <function> at line number 393 at column number 16
    [junit] 
    [junit]   in .WatchEmulator.DE Director
    [junit] Because:
    [junit] Failure executing the wrapup function: Error: TrainableTest2: The input handler of this accessor was never invoked. Usually, this is an error indicating that starvation is occurring. in <function> at line number 393 at column number 16
    [junit]   in .WatchEmulator.TrainableTest2
    [junit] Because:
    [junit] Error: TrainableTest2: The input handler of this accessor was never invoked. Usually, this is an error indicating that starvation is occurring. in <function> at line number 393 at column number 16
    [junit] 	at ptolemy.vergil.basic.export.ExportModel$2.run(ExportModel.java:397)
    [junit] 	at java.awt.event.InvocationEvent.dispatch(InvocationEvent.java:301)
    [junit] 	at java.awt.EventQueue.dispatchEventImpl(EventQueue.java:756)
    [junit] 	at java.awt.EventQueue.access$500(EventQueue.java:97)
    [junit] 	at java.awt.EventQueue$3.run(EventQueue.java:709)
    [junit] 	at java.awt.EventQueue$3.run(EventQueue.java:703)
    [junit] 	at java.security.AccessController.doPrivileged(Native Method)
    [junit] 	at java.security.ProtectionDomain$JavaSecurityAccessImpl.doIntersectionPrivilege(ProtectionDomain.java:80)
    [junit] 	at java.awt.EventQueue.dispatchEvent(EventQueue.java:726)
    [junit] 	at java.awt.EventDispatchThread.pumpOneEventForFilters(EventDispatchThread.java:201)
    [junit] 	at java.awt.EventDispatchThread.pumpEventsForFilter(EventDispatchThread.java:116)
    [junit] 	at java.awt.EventDispatchThread.pumpEventsForHierarchy(EventDispatchThread.java:105)
    [junit] 	at java.awt.EventDispatchThread.pumpEvents(EventDispatchThread.java:101)
    [junit] 	at java.awt.EventDispatchThread.pumpEvents(EventDispatchThread.java:93)
    [junit] 	at java.awt.EventDispatchThread.run(EventDispatchThread.java:82)
    [junit] Caused by: ptolemy.kernel.util.IllegalActionException: Exceptions occurred during wrapup:
    [junit] ptolemy.kernel.util.IllegalActionException: Failure executing the wrapup function: Error: TrainableTest2: The input handler of this accessor was never invoked. Usually, this is an error indicating that starvation is occurring. in <function> at line number 393 at column number 16
    [junit]   in .WatchEmulator.TrainableTest2
    [junit] Because:
    [junit] Error: TrainableTest2: The input handler of this accessor was never invoked. Usually, this is an error indicating that starvation is occurring. in <function> at line number 393 at column number 16
    [junit] 
    [junit]   in .WatchEmulator.DE Director
    [junit] Because:
    [junit] Failure executing the wrapup function: Error: TrainableTest2: The input handler of this accessor was never invoked. Usually, this is an error indicating that starvation is occurring. in <function> at line number 393 at column number 16
    [junit]   in .WatchEmulator.TrainableTest2
    [junit] Because:
    [junit] Error: TrainableTest2: The input handler of this accessor was never invoked. Usually, this is an error indicating that starvation is occurring. in <function> at line number 393 at column number 16
    [junit] 	at ptolemy.actor.Director.wrapup(Director.java:1736)
    [junit] 	at ptolemy.domains.de.kernel.DEDirector.wrapup(DEDirector.java:1526)
    [junit] 	at ptolemy.actor.CompositeActor.wrapup(CompositeActor.java:2735)
    [junit] 	at ptolemy.actor.Manager.wrapup(Manager.java:1512)
    [junit] 	at ptolemy.actor.Manager.execute(Manager.java:407)
    [junit] 	at ptolemy.vergil.basic.export.ExportModel$2.run(ExportModel.java:390)
    [junit] 	... 14 more
    [junit] Caused by: ptolemy.kernel.util.IllegalActionException: Failure executing the wrapup function: Error: TrainableTest2: The input handler of this accessor was never invoked. Usually, this is an error indicating that starvation is occurring. in <function> at line number 393 at column number 16
    [junit]   in .WatchEmulator.TrainableTest2
    [junit] Because:
    [junit] Error: TrainableTest2: The input handler of this accessor was never invoked. Usually, this is an error indicating that starvation is occurring. in <function> at line number 393 at column number 16
    [junit] 	at ptolemy.actor.lib.jjs.JavaScript._invokeMethodInContext(JavaScript.java:2231)
    [junit] 	at ptolemy.actor.lib.jjs.JavaScript.wrapup(JavaScript.java:2126)
    [junit] 	at ptolemy.actor.Director.wrapup(Director.java:1722)
    [junit] 	... 19 more
    [junit] Caused by: javax.script.ScriptException: Error: TrainableTest2: The input handler of this accessor was never invoked. Usually, this is an error indicating that starvation is occurring. in <function> at line number 393 at column number 16
    [junit] 	at jdk.nashorn.api.scripting.NashornScriptEngine.throwAsScriptException(NashornScriptEngine.java:470)
    [junit] 	at jdk.nashorn.api.scripting.NashornScriptEngine.invokeImpl(NashornScriptEngine.java:392)
    [junit] 	at jdk.nashorn.api.scripting.NashornScriptEngine.invokeMethod(NashornScriptEngine.java:199)
    [junit] 	at ptolemy.actor.lib.jjs.JavaScript._invokeMethodInContext(JavaScript.java:2208)
    [junit] 	... 21 more
    [junit] Caused by: <function>:393:16 Error: TrainableTest2: The input handler of this accessor was never invoked. Usually, this is an error indicating that starvation is occurring.
    [junit] 	at jdk.nashorn.internal.objects.NativeError.initException(NativeError.java:137)
    [junit] 	at jdk.nashorn.internal.objects.NativeError.<init>(NativeError.java:102)
    [junit] 	at jdk.nashorn.internal.objects.NativeError.<init>(NativeError.java:106)
    [junit] 	at jdk.nashorn.internal.objects.NativeError.<init>(NativeError.java:110)
    [junit] 	at jdk.nashorn.internal.objects.NativeError.constructor(NativeError.java:129)
    [junit] 	at jdk.nashorn.internal.scripts.Script$Recompilation$17578$18537$\^function\_.L:1#wrapup(<function>:393)
    [junit] 	at jdk.nashorn.internal.scripts.Script$Recompilation$17576$30640$require.L:1#Accessor#wrapup(/home/travis/build/icyphy/ptII/ptolemy/actor/lib/jjs/external/require.js#401:30<eval>:683)
    [junit] 	at jdk.nashorn.internal.runtime.ScriptFunctionData.invoke(ScriptFunctionData.java:637)
    [junit] 	at jdk.nashorn.internal.runtime.ScriptFunction.invoke(ScriptFunction.java:494)
    [junit] 	at jdk.nashorn.internal.runtime.ScriptRuntime.apply(ScriptRuntime.java:393)
    [junit] 	at jdk.nashorn.api.scripting.ScriptObjectMirror.callMember(ScriptObjectMirror.java:199)
    [junit] 	at jdk.nashorn.api.scripting.NashornScriptEngine.invokeImpl(NashornScriptEngine.java:386)
    [junit] 	... 23 more
    [junit] Done sleeping
    [junit] Running .Dots
    [junit] BrowserLauncher: UnsupportedOperation: http://localhost:8089: java.lang.UnsupportedOperationException: The BROWSE action is not supported on the current platform!
    [junit] Xlib:  extension "RANDR" missing on display ":99.0".
    [junit] ExportHTMLTimer went off after 30000 ms., calling getDirector().finish and getDirector().stopFire()
    [junit] ExportHTMLTimer went off after 60000 ms., calling manager.stop().
    [junit] 65246 ms. Memory: 1928192K Free: 790682K (41%)
    [junit] Exported /home/travis/build/icyphy/ptII/ptolemy/actor/lib/jjs/modules/userInterface/demo/Dots/Dots/index.html
    [junit] 72145 ms. Memory: 1928192K Free: 760982K (39%)
    [junit] ####### 21 Sat Jun 02 13:53:07 UTC 2018 $PTII/bin/ptinvoke ptolemy.vergil.basic.export.ExportModel -force htm -run -openComposites -timeOut 30000 -whiteBackground ptolemy/actor/lib/jjs/modules/userInterface/demo/HelloUserInterface/HelloUserInterface.xml $PTII/ptolemy/actor/lib/jjs/modules/userInterface/demo/HelloUserInterface/HelloUserInterface
    [junit] ----------------- Sat Jun 02 13:53:07 UTC 2018 About to sleep for 5.0 seconds before running or rerunning.  Test is: /home/travis/build/icyphy/ptII/ptolemy/actor/lib/jjs/modules/userInterface/demo/HelloUserInterface/HelloUserInterface.xml
    [junit] Done sleeping
    [junit] Running .HelloUserInterface
    [junit] BrowserLauncher: UnsupportedOperation: http://localhost:8089: java.lang.UnsupportedOperationException: The BROWSE action is not supported on the current platform!
    [junit] UserInterface: Connection closed because model is no longer running. (Thread[AWT-EventQueue-0,6,main])
    [junit] 11847 ms. Memory: 1937920K Free: 927057K (48%)
    [junit] Exported /home/travis/build/icyphy/ptII/ptolemy/actor/lib/jjs/modules/userInterface/demo/HelloUserInterface/HelloUserInterface/index.html
    [junit] 17295 ms. Memory: 1937920K Free: 908868K (47%)
    [junit] ####### 22 Sat Jun 02 13:53:30 UTC 2018 $PTII/bin/ptinvoke ptolemy.vergil.basic.export.ExportModel -force htm -run -openComposites -timeOut 30000 -whiteBackground ptolemy/actor/lib/jjs/modules/userInterface/demo/UserInterface/UserInterface.xml $PTII/ptolemy/actor/lib/jjs/modules/userInterface/demo/UserInterface/UserInterface
    [junit] ----------------- Sat Jun 02 13:53:30 UTC 2018 About to sleep for 5.0 seconds before running or rerunning.  Test is: /home/travis/build/icyphy/ptII/ptolemy/actor/lib/jjs/modules/userInterface/demo/UserInterface/UserInterface.xml
    [junit] Done sleeping
    [junit] Running .UserInterface
    [junit] 5001 ms. Memory: 1937920K Free: 811022K (42%)
    [junit] Exported /home/travis/build/icyphy/ptII/ptolemy/actor/lib/jjs/modules/userInterface/demo/UserInterface/UserInterface/index.html
    [junit] 9165 ms. Memory: 1937920K Free: 777037K (40%)
    [junit] ####### 23 Sat Jun 02 13:53:44 UTC 2018 $PTII/bin/ptinvoke ptolemy.vergil.basic.export.ExportModel -force htm -run -openComposites -timeOut 30000 -whiteBackground ptolemy/actor/lib/jjs/modules/userInterface/demo/UserInterface/UserInterfaceBrowser.xml $PTII/ptolemy/actor/lib/jjs/modules/userInterface/demo/UserInterface/UserInterfaceBrowser
    [junit] ----------------- Sat Jun 02 13:53:44 UTC 2018 About to sleep for 5.0 seconds before running or rerunning.  Test is: /home/travis/build/icyphy/ptII/ptolemy/actor/lib/jjs/modules/userInterface/demo/UserInterface/UserInterfaceBrowser.xml
    [junit] Done sleeping
    [junit] Running .UserInterfaceBrowser
    [junit] WARNING: Clock: Model stopped before executing actions (e.g. producing outputs) scheduled for execution at times [27.0]
    [junit] ExportHTMLTimer went off after 30000 ms., calling getDirector().finish and getDirector().stopFire()
    [junit] 30031 ms. Memory: 1931264K Free: 1229122K (64%)
    [junit] Exported /home/travis/build/icyphy/ptII/ptolemy/actor/lib/jjs/modules/userInterface/demo/UserInterface/UserInterfaceBrowser/index.html
    [junit] 36871 ms. Memory: 1931264K Free: 1187038K (61%)
    [junit] ####### 24 Sat Jun 02 13:54:26 UTC 2018 $PTII/bin/ptinvoke ptolemy.vergil.basic.export.ExportModel -force htm -run -openComposites -timeOut 30000 -whiteBackground ptolemy/actor/lib/jjs/modules/userInterface/demo/UserInterface/UserInterfaceFixedPage.xml $PTII/ptolemy/actor/lib/jjs/modules/userInterface/demo/UserInterface/UserInterfaceFixedPage
    [junit] ----------------- Sat Jun 02 13:54:26 UTC 2018 About to sleep for 5.0 seconds before running or rerunning.  Test is: /home/travis/build/icyphy/ptII/ptolemy/actor/lib/jjs/modules/userInterface/demo/UserInterface/UserInterfaceFixedPage.xml
    [junit] Done sleeping
    [junit] Running .UserInterfaceFixedPage
    [junit] BrowserLauncher: UnsupportedOperation: http://localhost:8089: java.lang.UnsupportedOperationException: The BROWSE action is not supported on the current platform!
    [junit] UserInterface: Connection closed because model is no longer running. (Thread[AWT-EventQueue-0,6,main])
    [junit] 5872 ms. Memory: 1931264K Free: 742128K (38%)
    [junit] Exported /home/travis/build/icyphy/ptII/ptolemy/actor/lib/jjs/modules/userInterface/demo/UserInterface/UserInterfaceFixedPage/index.html
    [junit] 10462 ms. Memory: 1931264K Free: 703239K (36%)
    [junit] ####### 25 Sat Jun 02 13:54:41 UTC 2018 $PTII/bin/ptinvoke ptolemy.vergil.basic.export.ExportModel -force htm -run -openComposites -timeOut 30000 -whiteBackground ptolemy/actor/lib/jjs/modules/userInterface/demo/UserInterface/UserInterfaceInteractive.xml $PTII/ptolemy/actor/lib/jjs/modules/userInterface/demo/UserInterface/UserInterfaceInteractive
    [junit] ----------------- Sat Jun 02 13:54:41 UTC 2018 About to sleep for 5.0 seconds before running or rerunning.  Test is: /home/travis/build/icyphy/ptII/ptolemy/actor/lib/jjs/modules/userInterface/demo/UserInterface/UserInterfaceInteractive.xml
    [junit] Done sleeping
    [junit] Running .UserInterfaceInteractive
    [junit] BrowserLauncher: UnsupportedOperation: http://localhost:8090: java.lang.UnsupportedOperationException: The BROWSE action is not supported on the current platform!
    [junit] ExportHTMLTimer went off after 30000 ms., calling getDirector().finish and getDirector().stopFire()
    [junit] UserInterface: Connection closed because model is no longer running. (Thread[AWT-EventQueue-0,6,main])
    [junit] 30019 ms. Memory: 1933312K Free: 916187K (47%)
    [junit] Exported /home/travis/build/icyphy/ptII/ptolemy/actor/lib/jjs/modules/userInterface/demo/UserInterface/UserInterfaceInteractive/index.html
    [junit] 35153 ms. Memory: 1933312K Free: 894612K (46%)
    [junit] ####### 26 Sat Jun 02 13:55:21 UTC 2018 $PTII/bin/ptinvoke ptolemy.vergil.basic.export.ExportModel -force htm -run -openComposites -timeOut 30000 -whiteBackground ptolemy/actor/lib/jjs/modules/userInterface/demo/UserInterface/UserInterfaceRamp.xml $PTII/ptolemy/actor/lib/jjs/modules/userInterface/demo/UserInterface/UserInterfaceRamp
    [junit] ----------------- Sat Jun 02 13:55:21 UTC 2018 About to sleep for 5.0 seconds before running or rerunning.  Test is: /home/travis/build/icyphy/ptII/ptolemy/actor/lib/jjs/modules/userInterface/demo/UserInterface/UserInterfaceRamp.xml
    [junit] Done sleeping
    [junit] Running .UserInterfaceRamp
    [junit] BrowserLauncher: UnsupportedOperation: http://localhost:8089: java.lang.UnsupportedOperationException: The BROWSE action is not supported on the current platform!
    [junit] UserInterface: Connection closed because model is no longer running. (Thread[AWT-EventQueue-0,6,main])
    [junit] 13847 ms. Memory: 2002944K Free: 1120461K (56%)
    [junit] WARNING: Clock: Model stopped before executing actions (e.g. producing outputs) scheduled for execution at times [11.0]
    [junit] Exported /home/travis/build/icyphy/ptII/ptolemy/actor/lib/jjs/modules/userInterface/demo/UserInterface/UserInterfaceRamp/index.html
    [junit] 19540 ms. Memory: 2002944K Free: 1098673K (55%)
    [junit] ####### 27 Sat Jun 02 13:55:46 UTC 2018 $PTII/bin/ptinvoke ptolemy.vergil.basic.export.ExportModel -force htm -run -openComposites -timeOut 30000 -whiteBackground ptolemy/actor/lib/jjs/modules/userInterface/demo/UserInterface/UserInterfaceUpdate.xml $PTII/ptolemy/actor/lib/jjs/modules/userInterface/demo/UserInterface/UserInterfaceUpdate
    [junit] ----------------- Sat Jun 02 13:55:46 UTC 2018 About to sleep for 5.0 seconds before running or rerunning.  Test is: /home/travis/build/icyphy/ptII/ptolemy/actor/lib/jjs/modules/userInterface/demo/UserInterface/UserInterfaceUpdate.xml
    [junit] Done sleeping
    [junit] Running .UserInterfaceUpdate
    [junit] WARNING: Clock: Model stopped before executing actions (e.g. producing outputs) scheduled for execution at times [11.0]
    [junit] 13728 ms. Memory: 2009600K Free: 622116K (31%)
    [junit] Exported /home/travis/build/icyphy/ptII/ptolemy/actor/lib/jjs/modules/userInterface/demo/UserInterface/UserInterfaceUpdate/index.html
    [junit] 19833 ms. Memory: 2009600K Free: 599196K (30%)
    [junit] ####### 28 Sat Jun 02 13:56:11 UTC 2018 $PTII/bin/ptinvoke ptolemy.vergil.basic.export.ExportModel -force htm -run -openComposites -timeOut 30000 -whiteBackground ptolemy/actor/lib/jjs/modules/userInterface/demo/UserInterface/UserInterfaceVideo.xml $PTII/ptolemy/actor/lib/jjs/modules/userInterface/demo/UserInterface/UserInterfaceVideo
    [junit] ----------------- Sat Jun 02 13:56:11 UTC 2018 About to sleep for 5.0 seconds before running or rerunning.  Test is: /home/travis/build/icyphy/ptII/ptolemy/actor/lib/jjs/modules/userInterface/demo/UserInterface/UserInterfaceVideo.xml
    [junit] Done sleeping
    [junit] Running .UserInterfaceVideo
    [junit] [atomic-processor-1] INFO com.github.sarxos.webcam.ds.cgt.WebcamOpenTask - Opening webcam Dummy Webcam 0
    [junit] BrowserLauncher: UnsupportedOperation: http://localhost:8090: java.lang.UnsupportedOperationException: The BROWSE action is not supported on the current platform!
    [junit] [atomic-processor-1] INFO com.github.sarxos.webcam.ds.cgt.WebcamCloseTask - Closing Dummy Webcam 0
    [junit] ExportHTMLTimer went off after 30000 ms., calling getDirector().finish and getDirector().stopFire()
    [junit] UserInterface: Connection closed because model is no longer running. (Thread[AWT-EventQueue-0,6,main])
    [junit] 30055 ms. Memory: 2037248K Free: 612761K (30%)
    [junit] Exported /home/travis/build/icyphy/ptII/ptolemy/actor/lib/jjs/modules/userInterface/demo/UserInterface/UserInterfaceVideo/index.html
    [junit] 35833 ms. Memory: 2037248K Free: 575656K (28%)
    [junit] ####### 29 Sat Jun 02 13:56:52 UTC 2018 $PTII/bin/ptinvoke ptolemy.vergil.basic.export.ExportModel -force htm -run -openComposites -timeOut 30000 -whiteBackground ptolemy/actor/lib/jjs/modules/webSocket/demo/SpeakingServerListeningClient/SpeakingServerListeningClient.xml $PTII/ptolemy/actor/lib/jjs/modules/webSocket/demo/SpeakingServerListeningClient/SpeakingServerListeningClient
    [junit] ----------------- Sat Jun 02 13:56:52 UTC 2018 About to sleep for 5.0 seconds before running or rerunning.  Test is: /home/travis/build/icyphy/ptII/ptolemy/actor/lib/jjs/modules/webSocket/demo/SpeakingServerListeningClient/SpeakingServerListeningClient.xml
    [junit] Done sleeping
    [junit] Running .SpeakingServerListeningClient
    [junit] WSServer: *** server initialized. (Thread[AWT-EventQueue-0,6,main])
    [junit] WSServer: *** server is listenting. (Thread[vert.x-eventloop-thread-0,6,main])
    [junit] WSClient1: --- client 1 initialized. (Thread[AWT-EventQueue-0,6,main])
    [junit] WSServer: *** server received connection 0 (Thread[vert.x-eventloop-thread-0,6,main])
    [junit] WSClient1: --- client 1 connection open. Sending message to server. (Thread[vert.x-eventloop-thread-2,6,main])
    [junit] WSServer: *** server received connection 1 (Thread[vert.x-eventloop-thread-0,6,main])
    [junit] WSClient2: +++ client 2 initialized. (Thread[AWT-EventQueue-0,6,main])
    [junit] WSClient2: +++ connection established. Sending message to server. (Thread[vert.x-eventloop-thread-0,6,main])
    [junit] WSServer: *** server received message: Hello from the client (Thread[AWT-EventQueue-0,6,main])
    [junit] WSClient1: --- client 1 received message: Hello to client number 1 (Thread[AWT-EventQueue-0,6,main])
    [junit] WSClient2: +++ client 2 received message: Hello to client number 2 (Thread[AWT-EventQueue-0,6,main])
    [junit] WSServer: *** server received message: Hello from the client (Thread[AWT-EventQueue-0,6,main])
    [junit] WSServer: *** server wrapping up. (Thread[AWT-EventQueue-0,6,main])
    [junit] WSClient1: --- client 1 wrapping up. (Thread[AWT-EventQueue-0,6,main])
    [junit] WSClient1: Connection closed because model is no longer running. (Thread[AWT-EventQueue-0,6,main])
    [junit] WSClient2: +++ client 2 wrapping up. (Thread[AWT-EventQueue-0,6,main])
    [junit] WSClient2: Connection closed because model is no longer running. (Thread[AWT-EventQueue-0,6,main])
    [junit] 6337 ms. Memory: 2132480K Free: 841511K (39%)
    [junit] Exported /home/travis/build/icyphy/ptII/ptolemy/actor/lib/jjs/modules/webSocket/demo/SpeakingServerListeningClient/SpeakingServerListeningClient/index.html
    [junit] 13063 ms. Memory: 2132480K Free: 807138K (38%)
    [junit] ####### 30 Sat Jun 02 13:57:10 UTC 2018 $PTII/bin/ptinvoke ptolemy.vergil.basic.export.ExportModel -force htm -run -openComposites -timeOut 30000 -whiteBackground ptolemy/actor/lib/jjs/modules/webSocket/demo/TwoWebSockets/TwoWebSockets.xml $PTII/ptolemy/actor/lib/jjs/modules/webSocket/demo/TwoWebSockets/TwoWebSockets
    [junit] ----------------- Sat Jun 02 13:57:10 UTC 2018 About to sleep for 5.0 seconds before running or rerunning.  Test is: /home/travis/build/icyphy/ptII/ptolemy/actor/lib/jjs/modules/webSocket/demo/TwoWebSockets/TwoWebSockets.xml
    [junit] Done sleeping
    [junit] Running .TwoWebSockets
    [junit] JavaScript: Connection failed. Will try again: Connection refused: localhost/127.0.0.1:8080
    [junit] Connection refused (Thread[vert.x-eventloop-thread-1,6,main])
    [junit] JavaScript: Connection failed. Will try again: Connection refused: localhost/127.0.0.1:1984
    [junit] Connection refused (Thread[vert.x-eventloop-thread-1,6,main])
    [junit] JavaScript: Connection failed. Will try again: Connection refused: localhost/127.0.0.1:8080
    [junit] Connection refused (Thread[vert.x-eventloop-thread-1,6,main])
    [junit] JavaScript: Connection failed. Will try again: Connection refused: localhost/127.0.0.1:1984
    [junit] Connection refused (Thread[vert.x-eventloop-thread-1,6,main])
    [junit] JavaScript: Connection failed. Will try again: Connection refused: localhost/127.0.0.1:8080
    [junit] Connection refused (Thread[vert.x-eventloop-thread-1,6,main])
    [junit] JavaScript: Connection failed. Will try again: Connection refused: localhost/127.0.0.1:1984
    [junit] Connection refused (Thread[vert.x-eventloop-thread-1,6,main])
    [junit] JavaScript: Connection failed. Will try again: Connection refused: localhost/127.0.0.1:8080
    [junit] Connection refused (Thread[vert.x-eventloop-thread-1,6,main])
    [junit] JavaScript: Connection failed. Will try again: Connection refused: localhost/127.0.0.1:1984
    [junit] Connection refused (Thread[vert.x-eventloop-thread-1,6,main])
    [junit] JavaScript: Connection failed. Will try again: Connection refused: localhost/127.0.0.1:8080
    [junit] Connection refused (Thread[vert.x-eventloop-thread-1,6,main])
    [junit] JavaScript: Connection failed. Will try again: Connection refused: localhost/127.0.0.1:1984
    [junit] Connection refused (Thread[vert.x-eventloop-thread-1,6,main])
    [junit] JavaScript: Connection failed. Will try again: Connection refused: localhost/127.0.0.1:8080
    [junit] Connection refused (Thread[vert.x-eventloop-thread-1,6,main])
    [junit] JavaScript: Connection failed. Will try again: Connection refused: localhost/127.0.0.1:1984
    [junit] Connection refused (Thread[vert.x-eventloop-thread-1,6,main])
    [junit] JavaScript: Connection failed. Will try again: Connection refused: localhost/127.0.0.1:8080
    [junit] Connection refused (Thread[vert.x-eventloop-thread-1,6,main])
    [junit] JavaScript: Connection failed. Will try again: Connection refused: localhost/127.0.0.1:1984
    [junit] Connection refused (Thread[vert.x-eventloop-thread-1,6,main])
    [junit] JavaScript: Connection failed. Will try again: Connection refused: localhost/127.0.0.1:8080
    [junit] Connection refused (Thread[vert.x-eventloop-thread-1,6,main])
    [junit] JavaScript: Connection failed. Will try again: Connection refused: localhost/127.0.0.1:1984
    [junit] Connection refused (Thread[vert.x-eventloop-thread-1,6,main])
    [junit] JavaScript: Connection failed. Will try again: Connection refused: localhost/127.0.0.1:8080
    [junit] Connection refused (Thread[vert.x-eventloop-thread-1,6,main])
    [junit] JavaScript: Connection failed. Will try again: Connection refused: localhost/127.0.0.1:1984
    [junit] Connection refused (Thread[vert.x-eventloop-thread-1,6,main])
    [junit] JavaScript: Connection failed. Will try again: Connection refused: localhost/127.0.0.1:8080
    [junit] Connection refused (Thread[vert.x-eventloop-thread-1,6,main])
    [junit] JavaScript: Connection failed. Will try again: Connection refused: localhost/127.0.0.1:1984
    [junit] Connection refused (Thread[vert.x-eventloop-thread-1,6,main])
    [junit] JavaScript: Connection failed after 11 tries: Connection refused: localhost/127.0.0.1:8080
    [junit] Connection refused
    [junit] JavaScript: Connection failed after 11 tries: Connection refused: localhost/127.0.0.1:1984
    [junit] Connection refused
    [junit] 6233 ms. Memory: 1908224K Free: 1166887K (61%)
    [junit] Exported /home/travis/build/icyphy/ptII/ptolemy/actor/lib/jjs/modules/webSocket/demo/TwoWebSockets/TwoWebSockets/index.html
    [junit] 11245 ms. Memory: 1908224K Free: 1128723K (59%)
    [junit] ####### 31 Sat Jun 02 13:57:26 UTC 2018 $PTII/bin/ptinvoke ptolemy.vergil.basic.export.ExportModel -force htm -run -openComposites -timeOut 30000 -whiteBackground ptolemy/actor/lib/jjs/modules/webSocket/demo/WebSocketChat/Client.xml $PTII/ptolemy/actor/lib/jjs/modules/webSocket/demo/WebSocketChat/Client
    [junit] ----------------- Sat Jun 02 13:57:26 UTC 2018 About to sleep for 5.0 seconds before running or rerunning.  Test is: /home/travis/build/icyphy/ptII/ptolemy/actor/lib/jjs/modules/webSocket/demo/WebSocketChat/Client.xml
    [junit] Done sleeping
    [junit] .Client.InteractiveDialog invoked SwingUtilities.invokeAndWait()
    [junit] Model ".Client" contains actors such cannot be run  as part of the export process from ExportModel or it has a WebExportParameters value that runBeforeExport set to false. To export run this model and export it, use vergil.
    [junit] Exported /home/travis/build/icyphy/ptII/ptolemy/actor/lib/jjs/modules/webSocket/demo/WebSocketChat/Client/index.html
    [junit] 3746 ms. Memory: 1908224K Free: 871181K (46%)
    [junit] ####### 32 Sat Jun 02 13:57:35 UTC 2018 $PTII/bin/ptinvoke ptolemy.vergil.basic.export.ExportModel -force htm -run -openComposites -timeOut 30000 -whiteBackground ptolemy/actor/lib/jjs/modules/webSocket/demo/WebSocketChat/SecureClient.xml $PTII/ptolemy/actor/lib/jjs/modules/webSocket/demo/WebSocketChat/SecureClient
    [junit] ----------------- Sat Jun 02 13:57:35 UTC 2018 About to sleep for 5.0 seconds before running or rerunning.  Test is: /home/travis/build/icyphy/ptII/ptolemy/actor/lib/jjs/modules/webSocket/demo/WebSocketChat/SecureClient.xml
    [junit] Done sleeping
    [junit] .SecureClient.InteractiveDialog invoked SwingUtilities.invokeAndWait()
    [junit] Model ".SecureClient" contains actors such cannot be run  as part of the export process from ExportModel or it has a WebExportParameters value that runBeforeExport set to false. To export run this model and export it, use vergil.
    [junit] Exported /home/travis/build/icyphy/ptII/ptolemy/actor/lib/jjs/modules/webSocket/demo/WebSocketChat/SecureClient/index.html
    [junit] 3790 ms. Memory: 1908224K Free: 631689K (33%)
    [junit] ####### 33 Sat Jun 02 13:57:43 UTC 2018 $PTII/bin/ptinvoke ptolemy.vergil.basic.export.ExportModel -force htm -run -openComposites -timeOut 30000 -whiteBackground ptolemy/actor/lib/jjs/modules/webSocket/demo/WebSocketChat/SecureServer.xml $PTII/ptolemy/actor/lib/jjs/modules/webSocket/demo/WebSocketChat/SecureServer
    [junit] ----------------- Sat Jun 02 13:57:43 UTC 2018 About to sleep for 5.0 seconds before running or rerunning.  Test is: /home/travis/build/icyphy/ptII/ptolemy/actor/lib/jjs/modules/webSocket/demo/WebSocketChat/SecureServer.xml
    [junit] Done sleeping
    [junit] Running .SecureServer
    [junit] ExportHTMLTimer went off after 30000 ms., calling getDirector().finish and getDirector().stopFire()
    [junit] 30010 ms. Memory: 2145792K Free: 1455157K (68%)
    [junit] Exported /home/travis/build/icyphy/ptII/ptolemy/actor/lib/jjs/modules/webSocket/demo/WebSocketChat/SecureServer/index.html
    [junit] 34731 ms. Memory: 2145792K Free: 1433460K (67%)
    [junit] ####### 34 Sat Jun 02 13:58:23 UTC 2018 $PTII/bin/ptinvoke ptolemy.vergil.basic.export.ExportModel -force htm -run -openComposites -timeOut 30000 -whiteBackground ptolemy/actor/lib/jjs/modules/webSocket/demo/WebSocketChat/Server.xml $PTII/ptolemy/actor/lib/jjs/modules/webSocket/demo/WebSocketChat/Server
    [junit] ----------------- Sat Jun 02 13:58:23 UTC 2018 About to sleep for 5.0 seconds before running or rerunning.  Test is: /home/travis/build/icyphy/ptII/ptolemy/actor/lib/jjs/modules/webSocket/demo/WebSocketChat/Server.xml
    [junit] Done sleeping
    [junit] Running .Server
    [junit] ExportHTMLTimer went off after 30000 ms., calling getDirector().finish and getDirector().stopFire()
    [junit] 30011 ms. Memory: 2145792K Free: 1014078K (47%)
    [junit] Exported /home/travis/build/icyphy/ptII/ptolemy/actor/lib/jjs/modules/webSocket/demo/WebSocketChat/Server/index.html
    [junit] 34695 ms. Memory: 2145792K Free: 992332K (46%)
    [junit] ####### 35 Sat Jun 02 13:59:03 UTC 2018 $PTII/bin/ptinvoke ptolemy.vergil.basic.export.ExportModel -force htm  -openComposites -timeOut 30000 -whiteBackground ptolemy/actor/lib/jjs/modules/webSocket/demo/WebSocketChat/WebSocketChat.xml $PTII/ptolemy/actor/lib/jjs/modules/webSocket/demo/WebSocketChat/WebSocketChat
    [junit] Warning: not running ptolemy/actor/lib/jjs/modules/webSocket/demo/WebSocketChat/WebSocketChat.xml. See ptolemy/vergil/basic/export/test/junit/ExportModelJUnitTest.java
    [junit] ----------------- Sat Jun 02 13:59:03 UTC 2018 About to sleep for 5.0 seconds before running or rerunning.  Test is: /home/travis/build/icyphy/ptII/ptolemy/actor/lib/jjs/modules/webSocket/demo/WebSocketChat/WebSocketChat.xml
    [junit] Done sleeping
    [junit] Exported /home/travis/build/icyphy/ptII/ptolemy/actor/lib/jjs/modules/webSocket/demo/WebSocketChat/WebSocketChat/index.html
    [junit] 3128 ms. Memory: 2145792K Free: 869967K (41%)
    [junit] ####### 36 Sat Jun 02 13:59:11 UTC 2018 $PTII/bin/ptinvoke ptolemy.vergil.basic.export.ExportModel -force htm  -openComposites -timeOut 30000 -whiteBackground ptolemy/actor/lib/jjs/modules/webSocket/demo/WebSocketClient/WebSocketClient.xml $PTII/ptolemy/actor/lib/jjs/modules/webSocket/demo/WebSocketClient/WebSocketClient
    [junit] Warning: not running ptolemy/actor/lib/jjs/modules/webSocket/demo/WebSocketClient/WebSocketClient.xml. See ptolemy/vergil/basic/export/test/junit/ExportModelJUnitTest.java
    [junit] ----------------- Sat Jun 02 13:59:11 UTC 2018 About to sleep for 5.0 seconds before running or rerunning.  Test is: /home/travis/build/icyphy/ptII/ptolemy/actor/lib/jjs/modules/webSocket/demo/WebSocketClient/WebSocketClient.xml
    [junit] Done sleeping
    [junit] Exported /home/travis/build/icyphy/ptII/ptolemy/actor/lib/jjs/modules/webSocket/demo/WebSocketClient/WebSocketClient/index.html
    [junit] 3793 ms. Memory: 2145792K Free: 590193K (28%)
    [junit] ####### 37 Sat Jun 02 13:59:20 UTC 2018 $PTII/bin/ptinvoke ptolemy.vergil.basic.export.ExportModel -force htm -run -openComposites -timeOut 30000 -whiteBackground ptolemy/actor/lib/jjs/modules/webSocket/demo/WebSocketClient/WebSocketServer.xml $PTII/ptolemy/actor/lib/jjs/modules/webSocket/demo/WebSocketClient/WebSocketServer
    [junit] ----------------- Sat Jun 02 13:59:20 UTC 2018 About to sleep for 5.0 seconds before running or rerunning.  Test is: /home/travis/build/icyphy/ptII/ptolemy/actor/lib/jjs/modules/webSocket/demo/WebSocketClient/WebSocketServer.xml
    [junit] Done sleeping
    [junit] Running .WebSocketServer
    [junit] ExportHTMLTimer went off after 30000 ms., calling getDirector().finish and getDirector().stopFire()
    [junit] 30019 ms. Memory: 2137088K Free: 866066K (41%)
    [junit] WARNING: WebSocketServer: Model stopped before executing actions (e.g. producing outputs) scheduled for execution at times [9.223372036854776E8]
    [junit] Exported /home/travis/build/icyphy/ptII/ptolemy/actor/lib/jjs/modules/webSocket/demo/WebSocketClient/WebSocketServer/index.html
    [junit] 35350 ms. Memory: 2137088K Free: 843631K (39%)
    [junit] ####### 38 Sat Jun 02 14:00:00 UTC 2018 $PTII/bin/ptinvoke ptolemy.vergil.basic.export.ExportModel -force htm -run -openComposites -timeOut 30000 -whiteBackground ptolemy/actor/lib/jjs/modules/webSocket/demo/WebSocketFullDuplex/WebSocketFullDuplex.xml $PTII/ptolemy/actor/lib/jjs/modules/webSocket/demo/WebSocketFullDuplex/WebSocketFullDuplex
    [junit] ----------------- Sat Jun 02 14:00:00 UTC 2018 About to sleep for 5.0 seconds before running or rerunning.  Test is: /home/travis/build/icyphy/ptII/ptolemy/actor/lib/jjs/modules/webSocket/demo/WebSocketFullDuplex/WebSocketFullDuplex.xml
    [junit] Done sleeping
    [junit] Running .WebSocketFullDuplex
    [junit] ExportHTMLTimer went off after 30000 ms., calling getDirector().finish and getDirector().stopFire()
    [junit] WebSocketClient: Connection closed because model is no longer running. (Thread[AWT-EventQueue-0,6,main])
    [junit] 30108 ms. Memory: 2153984K Free: 1089371K (51%)
    [junit] Exported /home/travis/build/icyphy/ptII/ptolemy/actor/lib/jjs/modules/webSocket/demo/WebSocketFullDuplex/WebSocketFullDuplex/index.html
    [junit] 35538 ms. Memory: 2153984K Free: 1044465K (48%)
    [junit] ####### 39 Sat Jun 02 14:00:41 UTC 2018 $PTII/bin/ptinvoke ptolemy.vergil.basic.export.ExportModel -force htm -run -openComposites -timeOut 30000 -whiteBackground ptolemy/actor/lib/jjs/modules/webSocket/demo/WebSocketGraph/WebSocketGraph.xml $PTII/ptolemy/actor/lib/jjs/modules/webSocket/demo/WebSocketGraph/WebSocketGraph
    [junit] ----------------- Sat Jun 02 14:00:41 UTC 2018 About to sleep for 5.0 seconds before running or rerunning.  Test is: /home/travis/build/icyphy/ptII/ptolemy/actor/lib/jjs/modules/webSocket/demo/WebSocketGraph/WebSocketGraph.xml
    [junit] Done sleeping
    [junit] Running .WebSocketGraph
    [junit] BrowserLauncher: UnsupportedOperation: http://localhost:8089: java.lang.UnsupportedOperationException: The BROWSE action is not supported on the current platform!
    [junit] WARNING: TestSpontaneous: Model stopped before executing actions (e.g. producing outputs) scheduled for execution at times [24.0]
    [junit] WARNING: Invoking send() too late (probably in a callback), so WebSocketServer is not able to send the token {socketID = 0, status = "closed"} to the output connection. Token is discarded.
    [junit] WARNING: Invoking send() too late (probably in a callback), so WebSocketServer is not able to send the token {socketID = 0, status = "closed"} to the output connection. Token is discarded.
    [junit] ExportHTMLTimer went off after 30000 ms., calling getDirector().finish and getDirector().stopFire()
    [junit] UserInterface: Connection closed because model is no longer running. (Thread[AWT-EventQueue-0,6,main])
    [junit] 30062 ms. Memory: 2073600K Free: 979246K (47%)
    [junit] Exported /home/travis/build/icyphy/ptII/ptolemy/actor/lib/jjs/modules/webSocket/demo/WebSocketGraph/WebSocketGraph/index.html
    [junit] 38274 ms. Memory: 2073600K Free: 956898K (46%)
    [junit] ####### 40 Sat Jun 02 14:01:24 UTC 2018 $PTII/bin/ptinvoke ptolemy.vergil.basic.export.ExportModel -force htm -run -openComposites -timeOut 30000 -whiteBackground ptolemy/actor/lib/jjs/modules/webSocket/demo/WebSocketImage/WebSocketImage.xml $PTII/ptolemy/actor/lib/jjs/modules/webSocket/demo/WebSocketImage/WebSocketImage
    [junit] ----------------- Sat Jun 02 14:01:24 UTC 2018 About to sleep for 5.0 seconds before running or rerunning.  Test is: /home/travis/build/icyphy/ptII/ptolemy/actor/lib/jjs/modules/webSocket/demo/WebSocketImage/WebSocketImage.xml
    [junit] Done sleeping
    [junit] Running .WebSocketImage
    [junit] [atomic-processor-1] INFO com.github.sarxos.webcam.ds.cgt.WebcamOpenTask - Opening webcam Dummy Webcam 0
    [junit] WebSocketClient: WebSocketClient: WebSocketClient.js: connect(): portValue: -1, which is less than 0. This could be a signal to close a previously open socket.  Returning. (Thread[AWT-EventQueue-0,6,main])
    [junit] WARNING: Invoking send() too late (probably in a callback), so Camera is not able to send the token {type="class ptolemy.data.AWTImageToken", width="640", height="480"} to the output image. Token is discarded.
    [junit] [atomic-processor-1] INFO com.github.sarxos.webcam.ds.cgt.WebcamCloseTask - Closing Dummy Webcam 0
    [junit] ExportHTMLTimer went off after 30000 ms., calling getDirector().finish and getDirector().stopFire()
    [junit] 30078 ms. Memory: 2308096K Free: 1143871K (50%)
    [junit] Exported /home/travis/build/icyphy/ptII/ptolemy/actor/lib/jjs/modules/webSocket/demo/WebSocketImage/WebSocketImage/index.html
    [junit] 36755 ms. Memory: 2308096K Free: 1124223K (49%)
    [junit] ####### 41 Sat Jun 02 14:02:06 UTC 2018 $PTII/bin/ptinvoke ptolemy.vergil.basic.export.ExportModel -force htm -run -openComposites -timeOut 30000 -whiteBackground ptolemy/actor/lib/jjs/modules/webSocket/demo/WebSocketLog/WebSocketLog.xml $PTII/ptolemy/actor/lib/jjs/modules/webSocket/demo/WebSocketLog/WebSocketLog
    [junit] ----------------- Sat Jun 02 14:02:06 UTC 2018 About to sleep for 5.0 seconds before running or rerunning.  Test is: /home/travis/build/icyphy/ptII/ptolemy/actor/lib/jjs/modules/webSocket/demo/WebSocketLog/WebSocketLog.xml
    [junit] Done sleeping
    [junit] Running .WebSocketLog
    [junit] WARNING: TestSpontaneous: Model stopped before executing actions (e.g. producing outputs) scheduled for execution at times [12.5]
    [junit] 13364 ms. Memory: 2194432K Free: 617650K (28%)
    [junit] Exported /home/travis/build/icyphy/ptII/ptolemy/actor/lib/jjs/modules/webSocket/demo/WebSocketLog/WebSocketLog/index.html
    [junit] 19412 ms. Memory: 2194432K Free: 572895K (26%)
    [junit] ####### 42 Sat Jun 02 14:02:30 UTC 2018 $PTII/bin/ptinvoke ptolemy.vergil.basic.export.ExportModel -force htm -run -openComposites -timeOut 30000 -whiteBackground ptolemy/actor/lib/jjs/modules/webSocket/demo/WebSocketsServerClient/WebSocketsServerClient.xml $PTII/ptolemy/actor/lib/jjs/modules/webSocket/demo/WebSocketsServerClient/WebSocketsServerClient
    [junit] ----------------- Sat Jun 02 14:02:30 UTC 2018 About to sleep for 5.0 seconds before running or rerunning.  Test is: /home/travis/build/icyphy/ptII/ptolemy/actor/lib/jjs/modules/webSocket/demo/WebSocketsServerClient/WebSocketsServerClient.xml
    [junit] Done sleeping
    [junit] Running .WebSocketsServerClient
    [junit] WSClient: Connection to socket is open. (Thread[vert.x-eventloop-thread-1,6,main])
    [junit] WSClient: Connection closed because model is no longer running. (Thread[AWT-EventQueue-0,6,main])
    [junit] 12132 ms. Memory: 2589696K Free: 1248592K (48%)
    [junit] Exported /home/travis/build/icyphy/ptII/ptolemy/actor/lib/jjs/modules/webSocket/demo/WebSocketsServerClient/WebSocketsServerClient/index.html
    [junit] 18573 ms. Memory: 2589696K Free: 1214714K (47%)
    [junit] ####### 43 Sat Jun 02 14:02:54 UTC 2018 $PTII/bin/ptinvoke ptolemy.vergil.basic.export.ExportModel -force htm  -openComposites -timeOut 30000 -whiteBackground ptolemy/actor/lib/jjs/modules/xbee/demo/XBeeHelloWorld/XBeeDataTypes.xml $PTII/ptolemy/actor/lib/jjs/modules/xbee/demo/XBeeHelloWorld/XBeeDataTypes
    [junit] Warning: not running ptolemy/actor/lib/jjs/modules/xbee/demo/XBeeHelloWorld/XBeeDataTypes.xml. See ptolemy/vergil/basic/export/test/junit/ExportModelJUnitTest.java
    [junit] ----------------- Sat Jun 02 14:02:54 UTC 2018 About to sleep for 5.0 seconds before running or rerunning.  Test is: /home/travis/build/icyphy/ptII/ptolemy/actor/lib/jjs/modules/xbee/demo/XBeeHelloWorld/XBeeDataTypes.xml
    [junit] Done sleeping
    [junit] Exported /home/travis/build/icyphy/ptII/ptolemy/actor/lib/jjs/modules/xbee/demo/XBeeHelloWorld/XBeeDataTypes/index.html
    [junit] 4401 ms. Memory: 2295296K Free: 1470562K (64%)
    [junit] ####### 44 Sat Jun 02 14:03:03 UTC 2018 $PTII/bin/ptinvoke ptolemy.vergil.basic.export.ExportModel -force htm  -openComposites -timeOut 30000 -whiteBackground ptolemy/actor/lib/jjs/modules/xbee/demo/XBeeHelloWorld/XBeeHelloWorld.xml $PTII/ptolemy/actor/lib/jjs/modules/xbee/demo/XBeeHelloWorld/XBeeHelloWorld
    [junit] Warning: not running ptolemy/actor/lib/jjs/modules/xbee/demo/XBeeHelloWorld/XBeeHelloWorld.xml. See ptolemy/vergil/basic/export/test/junit/ExportModelJUnitTest.java
    [junit] ----------------- Sat Jun 02 14:03:03 UTC 2018 About to sleep for 5.0 seconds before running or rerunning.  Test is: /home/travis/build/icyphy/ptII/ptolemy/actor/lib/jjs/modules/xbee/demo/XBeeHelloWorld/XBeeHelloWorld.xml
    [junit] Done sleeping
    [junit] Exported /home/travis/build/icyphy/ptII/ptolemy/actor/lib/jjs/modules/xbee/demo/XBeeHelloWorld/XBeeHelloWorld/index.html
    [junit] 4601 ms. Memory: 2295296K Free: 1050981K (46%)
    [junit] ####### 45 Sat Jun 02 14:03:13 UTC 2018 $PTII/bin/ptinvoke ptolemy.vergil.basic.export.ExportModel -force htm  -openComposites -timeOut 30000 -whiteBackground ptolemy/actor/lib/jmf/demo/JMFJAI/JMFJAI.xml $PTII/ptolemy/actor/lib/jmf/demo/JMFJAI/JMFJAI
    [junit] Warning: not running ptolemy/actor/lib/jmf/demo/JMFJAI/JMFJAI.xml. See ptolemy/vergil/basic/export/test/junit/ExportModelJUnitTest.java
    [junit] Exported /home/travis/build/icyphy/ptII/ptolemy/actor/lib/jmf/demo/JMFJAI/JMFJAI/index.html
    [junit] 3196 ms. Memory: 2295296K Free: 926130K (40%)
    [junit] ####### 46 Sat Jun 02 14:03:16 UTC 2018 $PTII/bin/ptinvoke ptolemy.vergil.basic.export.ExportModel -force htm  -openComposites -timeOut 30000 -whiteBackground ptolemy/actor/lib/jmf/demo/VideoCapture/VideoCapture.xml $PTII/ptolemy/actor/lib/jmf/demo/VideoCapture/VideoCapture
    [junit] Warning: not running ptolemy/actor/lib/jmf/demo/VideoCapture/VideoCapture.xml. See ptolemy/vergil/basic/export/test/junit/ExportModelJUnitTest.java
    [junit] Exported /home/travis/build/icyphy/ptII/ptolemy/actor/lib/jmf/demo/VideoCapture/VideoCapture/index.html
    [junit] 3150 ms. Memory: 2295296K Free: 820187K (36%)
    [junit] ####### 47 Sat Jun 02 14:03:19 UTC 2018 $PTII/bin/ptinvoke ptolemy.vergil.basic.export.ExportModel -force htm -run -openComposites -timeOut 30000 -whiteBackground ptolemy/actor/lib/mail/demo/ExceptionEmailer/ExceptionEmailer.xml $PTII/ptolemy/actor/lib/mail/demo/ExceptionEmailer/ExceptionEmailer
    [junit] Running .ExceptionEmailer
    [junit] 20 ms. Memory: 2295296K Free: 712914K (31%)
    [junit] Exported /home/travis/build/icyphy/ptII/ptolemy/actor/lib/mail/demo/ExceptionEmailer/ExceptionEmailer/index.html
    [junit] 4222 ms. Memory: 2295296K Free: 657202K (29%)
    [junit] ####### 48 Sat Jun 02 14:03:23 UTC 2018 $PTII/bin/ptinvoke ptolemy.vergil.basic.export.ExportModel -force htm -run -openComposites -timeOut 30000 -whiteBackground ptolemy/actor/lib/mail/demo/SendMail/SendMail.xml $PTII/ptolemy/actor/lib/mail/demo/SendMail/SendMail
    [junit] Running .SendMail
    [junit] 33 ms. Memory: 2295296K Free: 552613K (24%)
    [junit] Exported /home/travis/build/icyphy/ptII/ptolemy/actor/lib/mail/demo/SendMail/SendMail/index.html
    [junit] 4198 ms. Memory: 2295296K Free: 516404K (22%)
    [junit] ####### 49 Sat Jun 02 14:03:27 UTC 2018 $PTII/bin/ptinvoke ptolemy.vergil.basic.export.ExportModel -force htm -run -openComposites -timeOut 30000 -whiteBackground ptolemy/actor/lib/python/demo/Ptolemnizer/Ptolemnizer.xml $PTII/ptolemy/actor/lib/python/demo/Ptolemnizer/Ptolemnizer
    [junit] .Ptolemnizer.InteractiveShell invoked SwingUtilities.invokeAndWait()
    [junit] Model ".Ptolemnizer" contains actors such cannot be run  as part of the export process from ExportModel or it has a WebExportParameters value that runBeforeExport set to false. To export run this model and export it, use vergil.
    [junit] Exported /home/travis/build/icyphy/ptII/ptolemy/actor/lib/python/demo/Ptolemnizer/Ptolemnizer/index.html
    [junit] 6789 ms. Memory: 2579456K Free: 1324616K (51%)
    [junit] ####### 50 Sat Jun 02 14:03:34 UTC 2018 $PTII/bin/ptinvoke ptolemy.vergil.basic.export.ExportModel -force htm -run -openComposites -timeOut 30000 -whiteBackground ptolemy/actor/lib/python/demo/PythonScale/PythonScale.xml $PTII/ptolemy/actor/lib/python/demo/PythonScale/PythonScale
    [junit] Running .PythonScale
    [junit] 124 ms. Memory: 2579456K Free: 1213781K (47%)
    [junit] Exported /home/travis/build/icyphy/ptII/ptolemy/actor/lib/python/demo/PythonScale/PythonScale/index.html
    [junit] 4410 ms. Memory: 2579456K Free: 1194077K (46%)
    [junit] ####### 51 Sat Jun 02 14:03:39 UTC 2018 $PTII/bin/ptinvoke ptolemy.vergil.basic.export.ExportModel -force htm  -openComposites -timeOut 30000 -whiteBackground ptolemy/actor/lib/python/demo/RecordManipulation/RecordManipulation.xml $PTII/ptolemy/actor/lib/python/demo/RecordManipulation/RecordManipulation
    [junit] Warning: not running ptolemy/actor/lib/python/demo/RecordManipulation/RecordManipulation.xml. See ptolemy/vergil/basic/export/test/junit/ExportModelJUnitTest.java
    [junit] Exported /home/travis/build/icyphy/ptII/ptolemy/actor/lib/python/demo/RecordManipulation/RecordManipulation/index.html
    [junit] 3291 ms. Memory: 2579456K Free: 1046923K (41%)
    [junit] ####### 52 Sat Jun 02 14:03:42 UTC 2018 $PTII/bin/ptinvoke ptolemy.vergil.basic.export.ExportModel -force htm  -openComposites -timeOut 30000 -whiteBackground ptolemy/actor/lib/r/demo/R3DPlot/R3DPlot.xml $PTII/ptolemy/actor/lib/r/demo/R3DPlot/R3DPlot
    [junit] Warning: not running ptolemy/actor/lib/r/demo/R3DPlot/R3DPlot.xml. See ptolemy/vergil/basic/export/test/junit/ExportModelJUnitTest.java
    [junit] Exported /home/travis/build/icyphy/ptII/ptolemy/actor/lib/r/demo/R3DPlot/R3DPlot/index.html
    [junit] 3230 ms. Memory: 2579456K Free: 936093K (36%)
    [junit] ####### 53 Sat Jun 02 14:03:45 UTC 2018 $PTII/bin/ptinvoke ptolemy.vergil.basic.export.ExportModel -force htm  -openComposites -timeOut 30000 -whiteBackground ptolemy/actor/lib/r/demo/RRecordToDataframe/RRecordToDataframe.xml $PTII/ptolemy/actor/lib/r/demo/RRecordToDataframe/RRecordToDataframe
    [junit] Warning: not running ptolemy/actor/lib/r/demo/RRecordToDataframe/RRecordToDataframe.xml. See ptolemy/vergil/basic/export/test/junit/ExportModelJUnitTest.java
    [junit] Exported /home/travis/build/icyphy/ptII/ptolemy/actor/lib/r/demo/RRecordToDataframe/RRecordToDataframe/index.html
    [junit] 3174 ms. Memory: 2579456K Free: 807103K (31%)
    [junit] ####### 54 Sat Jun 02 14:03:48 UTC 2018 $PTII/bin/ptinvoke ptolemy.vergil.basic.export.ExportModel -force htm  -openComposites -timeOut 30000 -whiteBackground ptolemy/actor/lib/security/demo/Signature/Signature.xml $PTII/ptolemy/actor/lib/security/demo/Signature/Signature
    [junit] Warning: not running ptolemy/actor/lib/security/demo/Signature/Signature.xml. See ptolemy/vergil/basic/export/test/junit/ExportModelJUnitTest.java
    [junit] Exported /home/travis/build/icyphy/ptII/ptolemy/actor/lib/security/demo/Signature/Signature/index.html
    [junit] 3423 ms. Memory: 2577408K Free: 1584137K (61%)
    [junit] ####### 55 Sat Jun 02 14:03:52 UTC 2018 $PTII/bin/ptinvoke ptolemy.vergil.basic.export.ExportModel -force htm -run -openComposites -timeOut 30000 -whiteBackground ptolemy/actor/lib/video/demo/DCT2x2dc/DCT2x2dc.xml $PTII/ptolemy/actor/lib/video/demo/DCT2x2dc/DCT2x2dc
    [junit] Running .DCT2x2dc
    [junit] 55 ms. Memory: 2577408K Free: 1490468K (58%)
    [junit] Exported /home/travis/build/icyphy/ptII/ptolemy/actor/lib/video/demo/DCT2x2dc/DCT2x2dc/index.html
    [junit] 4264 ms. Memory: 2577408K Free: 1470259K (57%)
    [junit] ####### 56 Sat Jun 02 14:03:56 UTC 2018 $PTII/bin/ptinvoke ptolemy.vergil.basic.export.ExportModel -force htm -run -openComposites -timeOut 30000 -whiteBackground ptolemy/actor/lib/video/demo/DCT4x4dc/DCT4x4dc.xml $PTII/ptolemy/actor/lib/video/demo/DCT4x4dc/DCT4x4dc
    [junit] Running .DCT4x4dc
    [junit] 46 ms. Memory: 2577408K Free: 1376604K (53%)
    [junit] Exported /home/travis/build/icyphy/ptII/ptolemy/actor/lib/video/demo/DCT4x4dc/DCT4x4dc/index.html
    [junit] 4248 ms. Memory: 2577408K Free: 1356392K (53%)
    [junit] ####### 57 Sat Jun 02 14:04:00 UTC 2018 $PTII/bin/ptinvoke ptolemy.vergil.basic.export.ExportModel -force htm -run -openComposites -timeOut 30000 -whiteBackground ptolemy/actor/lib/video/demo/DCT8x8/DCT8x8.xml $PTII/ptolemy/actor/lib/video/demo/DCT8x8/DCT8x8
    [junit] Running .DCT8x8
    [junit] 38 ms. Memory: 2577408K Free: 1262692K (49%)
    [junit] Exported /home/travis/build/icyphy/ptII/ptolemy/actor/lib/video/demo/DCT8x8/DCT8x8/index.html
    [junit] 4189 ms. Memory: 2577408K Free: 1242472K (48%)
    [junit] ####### 58 Sat Jun 02 14:04:04 UTC 2018 $PTII/bin/ptinvoke ptolemy.vergil.basic.export.ExportModel -force htm -run -openComposites -timeOut 30000 -whiteBackground ptolemy/actor/lib/xslt/demo/MoMLFileTransformation/MoMLFileTransformation.xml $PTII/ptolemy/actor/lib/xslt/demo/MoMLFileTransformation/MoMLFileTransformation
    [junit] Running .MOMLFileTransformation
    [junit] Warning: Running an XSLT 1.0 stylesheet with an XSLT 2.0 processor
    [junit] Warning: Running an XSLT 1.0 stylesheet with an XSLT 2.0 processor
    [junit] Warning: Running an XSLT 1.0 stylesheet with an XSLT 2.0 processor
    [junit] 634 ms. Memory: 2577408K Free: 1054636K (41%)
    [junit] Exported /home/travis/build/icyphy/ptII/ptolemy/actor/lib/xslt/demo/MoMLFileTransformation/MoMLFileTransformation/index.html
    [junit] 4859 ms. Memory: 2577408K Free: 953394K (37%)
    [junit] ####### 59 Sat Jun 02 14:04:09 UTC 2018 $PTII/bin/ptinvoke ptolemy.vergil.basic.export.ExportModel -force htm -run -openComposites -timeOut 30000 -whiteBackground ptolemy/actor/lib/xslt/demo/XMLInclusion/XMLInclusion.xml $PTII/ptolemy/actor/lib/xslt/demo/XMLInclusion/XMLInclusion
    [junit] Running .XMLInclusion
    [junit] 28 ms. Memory: 2577408K Free: 859739K (33%)
    [junit] Exported /home/travis/build/icyphy/ptII/ptolemy/actor/lib/xslt/demo/XMLInclusion/XMLInclusion/index.html
    [junit] 4169 ms. Memory: 2577408K Free: 759808K (29%)
    [junit] ####### 60 Sat Jun 02 14:04:13 UTC 2018 $PTII/bin/ptinvoke ptolemy.vergil.basic.export.ExportModel -force htm -run -openComposites -timeOut 30000 -whiteBackground ptolemy/actor/parameters/demo/Bouncer/Bouncer.xml $PTII/ptolemy/actor/parameters/demo/Bouncer/Bouncer
    [junit] Running .Bouncer
    [junit] 10020 ms. Memory: 2589184K Free: 1636062K (63%)
    [junit] Exported /home/travis/build/icyphy/ptII/ptolemy/actor/parameters/demo/Bouncer/Bouncer/index.html
    [junit] 14342 ms. Memory: 2589184K Free: 1554625K (60%)
    [junit] ####### 61 Sat Jun 02 14:04:28 UTC 2018 $PTII/bin/ptinvoke ptolemy.vergil.basic.export.ExportModel -force htm -run -openComposites -timeOut 30000 -whiteBackground ptolemy/actor/parameters/demo/SliderParameter/SliderParameter.xml $PTII/ptolemy/actor/parameters/demo/SliderParameter/SliderParameter
    [junit] Running .SliderParameter
    [junit] ExportHTMLTimer went off after 30000 ms., calling getDirector().finish and getDirector().stopFire()
    [junit] 30001 ms. Memory: 2655232K Free: 1433234K (54%)
    [junit] Exported /home/travis/build/icyphy/ptII/ptolemy/actor/parameters/demo/SliderParameter/SliderParameter/index.html
    [junit] 34228 ms. Memory: 2655232K Free: 1356466K (51%)
    [junit] ####### 62 Sat Jun 02 14:05:02 UTC 2018 $PTII/bin/ptinvoke ptolemy.vergil.basic.export.ExportModel -force htm -run -openComposites -timeOut 30000 -whiteBackground ptolemy/actor/ptalon/demo/CruiseControl/CruiseControl.xml $PTII/ptolemy/actor/ptalon/demo/CruiseControl/CruiseControl
    [junit] Running .CruiseControl
    [junit] 56 ms. Memory: 2655232K Free: 1233342K (46%)
    [junit] Exported /home/travis/build/icyphy/ptII/ptolemy/actor/ptalon/demo/CruiseControl/CruiseControl/index.html
    [junit] 4494 ms. Memory: 2655232K Free: 1160464K (44%)
    [junit] ####### 63 Sat Jun 02 14:05:07 UTC 2018 $PTII/bin/ptinvoke ptolemy.vergil.basic.export.ExportModel -force htm -run -openComposites -timeOut 30000 -whiteBackground ptolemy/actor/ptalon/demo/EightChannelFFT/EightChannelFFT.xml $PTII/ptolemy/actor/ptalon/demo/EightChannelFFT/EightChannelFFT
    [junit] Running .EightChannelFFT
    [junit] 38 ms. Memory: 2655232K Free: 998992K (38%)
    [junit] Exported /home/travis/build/icyphy/ptII/ptolemy/actor/ptalon/demo/EightChannelFFT/EightChannelFFT/index.html
    [junit] 5399 ms. Memory: 2649600K Free: 1744843K (66%)
    [junit] ####### 64 Sat Jun 02 14:05:12 UTC 2018 $PTII/bin/ptinvoke ptolemy.vergil.basic.export.ExportModel -force htm -run -openComposites -timeOut 30000 -whiteBackground ptolemy/actor/ptalon/demo/GameOfLife/GameOfLife.xml $PTII/ptolemy/actor/ptalon/demo/GameOfLife/GameOfLife
    [junit] Running .GameOfLife
    [junit] ExportHTMLTimer went off after 30000 ms., calling getDirector().finish and getDirector().stopFire()
    [junit] 30180 ms. Memory: 2649600K Free: 1533466K (58%)
    [junit] Exported /home/travis/build/icyphy/ptII/ptolemy/actor/ptalon/demo/GameOfLife/GameOfLife/index.html
    [junit] 34811 ms. Memory: 2649600K Free: 1416632K (53%)
    [junit] ####### 65 Sat Jun 02 14:05:47 UTC 2018 $PTII/bin/ptinvoke ptolemy.vergil.basic.export.ExportModel -force htm -run -openComposites -timeOut 30000 -whiteBackground ptolemy/actor/ptalon/demo/MapReduce/MapReduce.xml $PTII/ptolemy/actor/ptalon/demo/MapReduce/MapReduce
    [junit] Running .MapReduce
    [junit] 123 ms. Memory: 2649600K Free: 1086841K (41%)
    [junit] Exported /home/travis/build/icyphy/ptII/ptolemy/actor/ptalon/demo/MapReduce/MapReduce/index.html
    [junit] 4801 ms. Memory: 2674688K Free: 1784960K (67%)
    [junit] ####### 66 Sat Jun 02 14:05:52 UTC 2018 $PTII/bin/ptinvoke ptolemy.vergil.basic.export.ExportModel -force htm -run -openComposites -timeOut 30000 -whiteBackground ptolemy/actor/ptalon/demo/ModelChange/ModelChange.xml $PTII/ptolemy/actor/ptalon/demo/ModelChange/ModelChange
    [junit] Running .ModelChange
    [junit] 6 ms. Memory: 2674688K Free: 1692424K (63%)
    [junit] Exported /home/travis/build/icyphy/ptII/ptolemy/actor/ptalon/demo/ModelChange/ModelChange/index.html
    [junit] 4238 ms. Memory: 2674688K Free: 1622915K (61%)
    [junit] ####### 67 Sat Jun 02 14:05:56 UTC 2018 $PTII/bin/ptinvoke ptolemy.vergil.basic.export.ExportModel -force htm -run -openComposites -timeOut 30000 -whiteBackground ptolemy/actor/ptalon/demo/SmallWorld/ParameterSweepSmallWorldFSM.xml $PTII/ptolemy/actor/ptalon/demo/SmallWorld/ParameterSweepSmallWorldFSM
    [junit] Running .ParameterSweepSmallWorldFSM
    [junit] 275 ms. Memory: 2671104K Free: 1747654K (65%)
    [junit] ExportHTMLTimer went off after 30000 ms., calling getDirector().finish and getDirector().stopFire()
    [junit] 30001 ms. Memory: 2750464K Free: 784150K (29%)
    [junit] Exported /home/travis/build/icyphy/ptII/ptolemy/actor/ptalon/demo/SmallWorld/ParameterSweepSmallWorldFSM/index.html
    [junit] 35651 ms. Memory: 2750464K Free: 725498K (26%)
    [junit] ####### 68 Sat Jun 02 14:06:31 UTC 2018 $PTII/bin/ptinvoke ptolemy.vergil.basic.export.ExportModel -force htm -run -openComposites -timeOut 30000 -whiteBackground ptolemy/actor/ptalon/demo/SmallWorld/ParameterSweepSmallWorldSDF.xml $PTII/ptolemy/actor/ptalon/demo/SmallWorld/ParameterSweepSmallWorldSDF
    [junit] Running .ParameterSweepSmallWorldSDF
    [junit] 237 ms. Memory: 2774016K Free: 1047434K (38%)
    [junit] 198 ms. Memory: 2774016K Free: 936913K (34%)
    [junit] 115 ms. Memory: 2774016K Free: 798784K (29%)
    [junit] 112 ms. Memory: 2774016K Free: 688275K (25%)
    [junit] 1165 ms. Memory: 2774016K Free: 688275K (25%)
    [junit] Exported /home/travis/build/icyphy/ptII/ptolemy/actor/ptalon/demo/SmallWorld/ParameterSweepSmallWorldSDF/index.html
    [junit] 6576 ms. Memory: 2774016K Free: 656664K (24%)
    [junit] ####### 69 Sat Jun 02 14:06:38 UTC 2018 $PTII/bin/ptinvoke ptolemy.vergil.basic.export.ExportModel -force htm -run -openComposites -timeOut 30000 -whiteBackground ptolemy/actor/ptalon/demo/SmallWorld/SmallWorld.xml $PTII/ptolemy/actor/ptalon/demo/SmallWorld/SmallWorld
    [junit] Running .SmallWorld
    [junit] 1
    [junit] 1
    [junit] 1
    [junit] 1
    [junit] 1
    [junit] 1
    [junit] 1
    [junit] 1
    [junit] 1
    [junit] 2
    [junit] 2
    [junit] 2
    [junit] 2
    [junit] 2
    [junit] 2
    [junit] 2
    [junit] 2
    [junit] 3
    [junit] 3
    [junit] 3
    [junit] 3
    [junit] 3
    [junit] 3
    [junit] 3
    [junit] 3
    [junit] 3
    [junit] 3
    [junit] 3
    [junit] 3
    [junit] 3
    [junit] 3
    [junit] 4
    [junit] 4
    [junit] 4
    [junit] 4
    [junit] 4
    [junit] 4
    [junit] 4
    [junit] 4
    [junit] 4
    [junit] 5
    [junit] 5
    [junit] 5
    [junit] 5
    [junit] 5
    [junit] 5
    [junit] 6
    [junit] 6
    [junit] 180 ms. Memory: 2770944K Free: 1065180K (38%)
    [junit] Exported /home/travis/build/icyphy/ptII/ptolemy/actor/ptalon/demo/SmallWorld/SmallWorld/index.html
    [junit] 5393 ms. Memory: 2770944K Free: 951933K (34%)
    [junit] ####### 70 Sat Jun 02 14:06:43 UTC 2018 $PTII/bin/ptinvoke ptolemy.vergil.basic.export.ExportModel -force htm -run -openComposites -timeOut 30000 -whiteBackground ptolemy/actor/ptalon/demo/SmallWorld/SmallWorldMultiInstanceComposite.xml $PTII/ptolemy/actor/ptalon/demo/SmallWorld/SmallWorldMultiInstanceComposite
    [junit] Running .SmallWorldMultiInstanceComposite
    [junit] 1
    [junit] 1
    [junit] 1
    [junit] 1
    [junit] 1
    [junit] 1
    [junit] 1
    [junit] 1
    [junit] 1
    [junit] 2
    [junit] 2
    [junit] 2
    [junit] 2
    [junit] 2
    [junit] 2
    [junit] 2
    [junit] 2
    [junit] 3
    [junit] 3
    [junit] 3
    [junit] 3
    [junit] 3
    [junit] 3
    [junit] 3
    [junit] 3
    [junit] 3
    [junit] 3
    [junit] 3
    [junit] 3
    [junit] 3
    [junit] 3
    [junit] 4
    [junit] 4
    [junit] 4
    [junit] 4
    [junit] 4
    [junit] 4
    [junit] 4
    [junit] 4
    [junit] 4
    [junit] 5
    [junit] 5
    [junit] 5
    [junit] 5
    [junit] 5
    [junit] 5
    [junit] 6
    [junit] 6
    [junit] 536 ms. Memory: 2770944K Free: 539972K (19%)
    [junit] Exported /home/travis/build/icyphy/ptII/ptolemy/actor/ptalon/demo/SmallWorld/SmallWorldMultiInstanceComposite/index.html
    [junit] 38282 ms. Memory: 2851840K Free: 874842K (31%)
    [junit] Tests run: 70, Failures: 1, Errors: 0, Skipped: 0, Time elapsed: 1,343.313 sec
    [junit] Output:
    [junit] ExportModeJUnitTestBatch: There are 746 demos. Exporting demos: 221 to 290.
    [junit] ####### 1 Sat Jun 02 13:44:59 UTC 2018 $PTII/bin/ptinvoke ptolemy.vergil.basic.export.ExportModel -force htm -run -openComposites -timeOut 30000 -whiteBackground ptolemy/actor/lib/jjs/modules/iotAuth/demo/SecurePubSub/SecurePubSub.xml $PTII/ptolemy/actor/lib/jjs/modules/iotAuth/demo/SecurePubSub/SecurePubSub
    [junit] ----------------- Sat Jun 02 13:44:59 UTC 2018 About to sleep for 5.0 seconds before running or rerunning.  Test is: /home/travis/build/icyphy/ptII/ptolemy/actor/lib/jjs/modules/iotAuth/demo/SecurePubSub/SecurePubSub.xml
    [junit] Done sleeping
    [junit] JSAccessor: PT_NO_NET environment variable is set, so git pull and ptdoc are not being run.
    [junit] Running .SecurePubSub
    [junit] 13917 ms. Memory: 371712K Free: 127650K (34%)
    [junit] Exported /home/travis/build/icyphy/ptII/ptolemy/actor/lib/jjs/modules/iotAuth/demo/SecurePubSub/SecurePubSub/index.html
    [junit] 27438 ms. Memory: 371712K Free: 60192K (16%)
    [junit] ####### 2 Sat Jun 02 13:45:31 UTC 2018 $PTII/bin/ptinvoke ptolemy.vergil.basic.export.ExportModel -force htm -run -openComposites -timeOut 30000 -whiteBackground ptolemy/actor/lib/jjs/modules/localStorage/demo/LocalStorage/LocalStorage.xml $PTII/ptolemy/actor/lib/jjs/modules/localStorage/demo/LocalStorage/LocalStorage
    [junit] ----------------- Sat Jun 02 13:45:31 UTC 2018 About to sleep for 5.0 seconds before running or rerunning.  Test is: /home/travis/build/icyphy/ptII/ptolemy/actor/lib/jjs/modules/localStorage/demo/LocalStorage/LocalStorage.xml
    [junit] Done sleeping
    [junit] Running .LocalStorage
    [junit] 1596 ms. Memory: 473600K Free: 323323K (68%)
    [junit] Exported /home/travis/build/icyphy/ptII/ptolemy/actor/lib/jjs/modules/localStorage/demo/LocalStorage/LocalStorage/index.html
    [junit] 6344 ms. Memory: 473600K Free: 290483K (61%)
    [junit] ####### 3 Sat Jun 02 13:45:42 UTC 2018 $PTII/bin/ptinvoke ptolemy.vergil.basic.export.ExportModel -force htm -run -openComposites -timeOut 30000 -whiteBackground ptolemy/actor/lib/jjs/modules/mqtt/demo/MQTTPubSub/MQTTPubSub.xml $PTII/ptolemy/actor/lib/jjs/modules/mqtt/demo/MQTTPubSub/MQTTPubSub
    [junit] ----------------- Sat Jun 02 13:45:42 UTC 2018 About to sleep for 5.0 seconds before running or rerunning.  Test is: /home/travis/build/icyphy/ptII/ptolemy/actor/lib/jjs/modules/mqtt/demo/MQTTPubSub/MQTTPubSub.xml
    [junit] Done sleeping
    [junit] Running .MQTTPubSub
    [junit] 12433 ms. Memory: 571904K Free: 263738K (46%)
    [junit] Exported /home/travis/build/icyphy/ptII/ptolemy/actor/lib/jjs/modules/mqtt/demo/MQTTPubSub/MQTTPubSub/index.html
    [junit] 18321 ms. Memory: 571904K Free: 227437K (40%)
    [junit] ####### 4 Sat Jun 02 13:46:06 UTC 2018 $PTII/bin/ptinvoke ptolemy.vergil.basic.export.ExportModel -force htm -run -openComposites -timeOut 30000 -whiteBackground ptolemy/actor/lib/jjs/modules/socket/demo/SecureSocket/SecureSocket.xml $PTII/ptolemy/actor/lib/jjs/modules/socket/demo/SecureSocket/SecureSocket
    [junit] ----------------- Sat Jun 02 13:46:06 UTC 2018 About to sleep for 5.0 seconds before running or rerunning.  Test is: /home/travis/build/icyphy/ptII/ptolemy/actor/lib/jjs/modules/socket/demo/SecureSocket/SecureSocket.xml
    [junit] Done sleeping
    [junit] Running .SecureSocket
    [junit] 12899 ms. Memory: 743424K Free: 543318K (73%)
    [junit] Exported /home/travis/build/icyphy/ptII/ptolemy/actor/lib/jjs/modules/socket/demo/SecureSocket/SecureSocket/index.html
    [junit] 18066 ms. Memory: 743424K Free: 498801K (67%)
    [junit] ####### 5 Sat Jun 02 13:46:29 UTC 2018 $PTII/bin/ptinvoke ptolemy.vergil.basic.export.ExportModel -force htm -run -openComposites -timeOut 30000 -whiteBackground ptolemy/actor/lib/jjs/modules/socket/demo/SocketDoubleArrayBatched/SocketDoubleArrayBatched.xml $PTII/ptolemy/actor/lib/jjs/modules/socket/demo/SocketDoubleArrayBatched/SocketDoubleArrayBatched
    [junit] ----------------- Sat Jun 02 13:46:29 UTC 2018 About to sleep for 5.0 seconds before running or rerunning.  Test is: /home/travis/build/icyphy/ptII/ptolemy/actor/lib/jjs/modules/socket/demo/SocketDoubleArrayBatched/SocketDoubleArrayBatched.xml
    [junit] Done sleeping
    [junit] Running .SocketDoubleArrayBatched
    [junit] 3917 ms. Memory: 869376K Free: 345968K (40%)
    [junit] Exported /home/travis/build/icyphy/ptII/ptolemy/actor/lib/jjs/modules/socket/demo/SocketDoubleArrayBatched/SocketDoubleArrayBatched/index.html
    [junit] 8875 ms. Memory: 869376K Free: 308180K (35%)
    [junit] ####### 6 Sat Jun 02 13:46:43 UTC 2018 $PTII/bin/ptinvoke ptolemy.vergil.basic.export.ExportModel -force htm -run -openComposites -timeOut 30000 -whiteBackground ptolemy/actor/lib/jjs/modules/socket/demo/SocketImage/SocketImage.xml $PTII/ptolemy/actor/lib/jjs/modules/socket/demo/SocketImage/SocketImage
    [junit] ----------------- Sat Jun 02 13:46:43 UTC 2018 About to sleep for 5.0 seconds before running or rerunning.  Test is: /home/travis/build/icyphy/ptII/ptolemy/actor/lib/jjs/modules/socket/demo/SocketImage/SocketImage.xml
    [junit] Done sleeping
    [junit] No physical cameras found, using WebcamDummyDriver.
    [junit] Running .SocketImage
    [junit] 22938 ms. Memory: 1092096K Free: 692188K (63%)
    [junit] Exported /home/travis/build/icyphy/ptII/ptolemy/actor/lib/jjs/modules/socket/demo/SocketImage/SocketImage/index.html
    [junit] 31754 ms. Memory: 1092096K Free: 652637K (60%)
    [junit] ####### 7 Sat Jun 02 13:47:19 UTC 2018 $PTII/bin/ptinvoke ptolemy.vergil.basic.export.ExportModel -force htm -run -openComposites -timeOut 30000 -whiteBackground ptolemy/actor/lib/jjs/modules/socket/demo/SocketString/SocketString.xml $PTII/ptolemy/actor/lib/jjs/modules/socket/demo/SocketString/SocketString
    [junit] ----------------- Sat Jun 02 13:47:19 UTC 2018 About to sleep for 5.0 seconds before running or rerunning.  Test is: /home/travis/build/icyphy/ptII/ptolemy/actor/lib/jjs/modules/socket/demo/SocketString/SocketString.xml
    [junit] Done sleeping
    [junit] Running .SocketString
    [junit] 6877 ms. Memory: 1219584K Free: 732871K (60%)
    [junit] Exported /home/travis/build/icyphy/ptII/ptolemy/actor/lib/jjs/modules/socket/demo/SocketString/SocketString/index.html
    [junit] 11829 ms. Memory: 1219584K Free: 701395K (58%)
    [junit] ####### 8 Sat Jun 02 13:47:36 UTC 2018 $PTII/bin/ptinvoke ptolemy.vergil.basic.export.ExportModel -force htm -run -openComposites -timeOut 30000 -whiteBackground ptolemy/actor/lib/jjs/modules/socket/demo/SocketUnsignedShort/SocketUnsignedShort.xml $PTII/ptolemy/actor/lib/jjs/modules/socket/demo/SocketUnsignedShort/SocketUnsignedShort
    [junit] ----------------- Sat Jun 02 13:47:36 UTC 2018 About to sleep for 5.0 seconds before running or rerunning.  Test is: /home/travis/build/icyphy/ptII/ptolemy/actor/lib/jjs/modules/socket/demo/SocketUnsignedShort/SocketUnsignedShort.xml
    [junit] Done sleeping
    [junit] Running .SocketUnsignedShort
    [junit] 3912 ms. Memory: 1227264K Free: 760627K (62%)
    [junit] Exported /home/travis/build/icyphy/ptII/ptolemy/actor/lib/jjs/modules/socket/demo/SocketUnsignedShort/SocketUnsignedShort/index.html
    [junit] 8796 ms. Memory: 1227264K Free: 727815K (59%)
    [junit] ####### 9 Sat Jun 02 13:47:50 UTC 2018 $PTII/bin/ptinvoke ptolemy.vergil.basic.export.ExportModel -force htm  -openComposites -timeOut 30000 -whiteBackground ptolemy/actor/lib/jjs/modules/socket/demo/TCPSocket/TCPSocket.xml $PTII/ptolemy/actor/lib/jjs/modules/socket/demo/TCPSocket/TCPSocket
    [junit] Warning: not running ptolemy/actor/lib/jjs/modules/socket/demo/TCPSocket/TCPSocket.xml. See ptolemy/vergil/basic/export/test/junit/ExportModelJUnitTest.java
    [junit] ----------------- Sat Jun 02 13:47:50 UTC 2018 About to sleep for 5.0 seconds before running or rerunning.  Test is: /home/travis/build/icyphy/ptII/ptolemy/actor/lib/jjs/modules/socket/demo/TCPSocket/TCPSocket.xml
    [junit] Done sleeping
    [junit] Exported /home/travis/build/icyphy/ptII/ptolemy/actor/lib/jjs/modules/socket/demo/TCPSocket/TCPSocket/index.html
    [junit] 3228 ms. Memory: 1227264K Free: 603460K (49%)
    [junit] ####### 10 Sat Jun 02 13:47:58 UTC 2018 $PTII/bin/ptinvoke ptolemy.vergil.basic.export.ExportModel -force htm -run -openComposites -timeOut 30000 -whiteBackground ptolemy/actor/lib/jjs/modules/socket/demo/TCPSocket/TCPSocketDoubleArrayBatched.xml $PTII/ptolemy/actor/lib/jjs/modules/socket/demo/TCPSocket/TCPSocketDoubleArrayBatched
    [junit] ----------------- Sat Jun 02 13:47:58 UTC 2018 About to sleep for 5.0 seconds before running or rerunning.  Test is: /home/travis/build/icyphy/ptII/ptolemy/actor/lib/jjs/modules/socket/demo/TCPSocket/TCPSocketDoubleArrayBatched.xml
    [junit] Done sleeping
    [junit] Running .TCPSocketDoubleArrayBatched
    [junit] 3927 ms. Memory: 1406976K Free: 800386K (57%)
    [junit] Exported /home/travis/build/icyphy/ptII/ptolemy/actor/lib/jjs/modules/socket/demo/TCPSocket/TCPSocketDoubleArrayBatched/index.html
    [junit] 8842 ms. Memory: 1406976K Free: 758196K (54%)
    [junit] ####### 11 Sat Jun 02 13:48:12 UTC 2018 $PTII/bin/ptinvoke ptolemy.vergil.basic.export.ExportModel -force htm -run -openComposites -timeOut 30000 -whiteBackground ptolemy/actor/lib/jjs/modules/socket/demo/TCPSocket/TCPSocketImage.xml $PTII/ptolemy/actor/lib/jjs/modules/socket/demo/TCPSocket/TCPSocketImage
    [junit] ----------------- Sat Jun 02 13:48:12 UTC 2018 About to sleep for 5.0 seconds before running or rerunning.  Test is: /home/travis/build/icyphy/ptII/ptolemy/actor/lib/jjs/modules/socket/demo/TCPSocket/TCPSocketImage.xml
    [junit] Done sleeping
    [junit] Running .TCPSocketImage
    [junit] 23251 ms. Memory: 1921536K Free: 876281K (46%)
    [junit] Exported /home/travis/build/icyphy/ptII/ptolemy/actor/lib/jjs/modules/socket/demo/TCPSocket/TCPSocketImage/index.html
    [junit] 28878 ms. Memory: 1921536K Free: 839806K (44%)
    [junit] ####### 12 Sat Jun 02 13:48:46 UTC 2018 $PTII/bin/ptinvoke ptolemy.vergil.basic.export.ExportModel -force htm -run -openComposites -timeOut 30000 -whiteBackground ptolemy/actor/lib/jjs/modules/socket/demo/TCPSocket/TCPSocketSecureServerClient.xml $PTII/ptolemy/actor/lib/jjs/modules/socket/demo/TCPSocket/TCPSocketSecureServerClient
    [junit] ----------------- Sat Jun 02 13:48:46 UTC 2018 About to sleep for 5.0 seconds before running or rerunning.  Test is: /home/travis/build/icyphy/ptII/ptolemy/actor/lib/jjs/modules/socket/demo/TCPSocket/TCPSocketSecureServerClient.xml
    [junit] Done sleeping
    [junit] Running .TCPSocketSecureServerClient
    [junit] 10211 ms. Memory: 2074624K Free: 437309K (21%)
    [junit] Exported /home/travis/build/icyphy/ptII/ptolemy/actor/lib/jjs/modules/socket/demo/TCPSocket/TCPSocketSecureServerClient/index.html
    [junit] 16682 ms. Memory: 2074624K Free: 401422K (19%)
    [junit] ####### 13 Sat Jun 02 13:49:08 UTC 2018 $PTII/bin/ptinvoke ptolemy.vergil.basic.export.ExportModel -force htm -run -openComposites -timeOut 30000 -whiteBackground ptolemy/actor/lib/jjs/modules/socket/demo/TCPSocket/TCPSocketTwoClients.xml $PTII/ptolemy/actor/lib/jjs/modules/socket/demo/TCPSocket/TCPSocketTwoClients
    [junit] ----------------- Sat Jun 02 13:49:08 UTC 2018 About to sleep for 5.0 seconds before running or rerunning.  Test is: /home/travis/build/icyphy/ptII/ptolemy/actor/lib/jjs/modules/socket/demo/TCPSocket/TCPSocketTwoClients.xml
    [junit] Done sleeping
    [junit] Running .TCPSocketTwoClients
    [junit] 23677 ms. Memory: 2082816K Free: 376430K (18%)
    [junit] Exported /home/travis/build/icyphy/ptII/ptolemy/actor/lib/jjs/modules/socket/demo/TCPSocket/TCPSocketTwoClients/index.html
    [junit] 29481 ms. Memory: 2082816K Free: 332832K (16%)
    [junit] ####### 14 Sat Jun 02 13:49:42 UTC 2018 $PTII/bin/ptinvoke ptolemy.vergil.basic.export.ExportModel -force htm -run -openComposites -timeOut 30000 -whiteBackground ptolemy/actor/lib/jjs/modules/socket/demo/TCPSocket/TCPSocketUnsignedShort.xml $PTII/ptolemy/actor/lib/jjs/modules/socket/demo/TCPSocket/TCPSocketUnsignedShort
    [junit] ----------------- Sat Jun 02 13:49:42 UTC 2018 About to sleep for 5.0 seconds before running or rerunning.  Test is: /home/travis/build/icyphy/ptII/ptolemy/actor/lib/jjs/modules/socket/demo/TCPSocket/TCPSocketUnsignedShort.xml
    [junit] Done sleeping
    [junit] Running .TCPSocketUnsignedShort
    [junit] 4445 ms. Memory: 1974272K Free: 1051372K (53%)
    [junit] Exported /home/travis/build/icyphy/ptII/ptolemy/actor/lib/jjs/modules/socket/demo/TCPSocket/TCPSocketUnsignedShort/index.html
    [junit] 10261 ms. Memory: 1974272K Free: 1011454K (51%)
    [junit] ####### 15 Sat Jun 02 13:49:57 UTC 2018 $PTII/bin/ptinvoke ptolemy.vergil.basic.export.ExportModel -force htm  -openComposites -timeOut 30000 -whiteBackground ptolemy/actor/lib/jjs/modules/speechRecognition/demo/SpeechRecognition/SpeechRecognition.xml $PTII/ptolemy/actor/lib/jjs/modules/speechRecognition/demo/SpeechRecognition/SpeechRecognition
    [junit] Warning: not running ptolemy/actor/lib/jjs/modules/speechRecognition/demo/SpeechRecognition/SpeechRecognition.xml. See ptolemy/vergil/basic/export/test/junit/ExportModelJUnitTest.java
    [junit] ----------------- Sat Jun 02 13:49:57 UTC 2018 About to sleep for 5.0 seconds before running or rerunning.  Test is: /home/travis/build/icyphy/ptII/ptolemy/actor/lib/jjs/modules/speechRecognition/demo/SpeechRecognition/SpeechRecognition.xml
    [junit] Done sleeping
    [junit] Exported /home/travis/build/icyphy/ptII/ptolemy/actor/lib/jjs/modules/speechRecognition/demo/SpeechRecognition/SpeechRecognition/index.html
    [junit] 5401 ms. Memory: 1995776K Free: 1529057K (77%)
    [junit] ####### 16 Sat Jun 02 13:50:08 UTC 2018 $PTII/bin/ptinvoke ptolemy.vergil.basic.export.ExportModel -force htm  -openComposites -timeOut 30000 -whiteBackground ptolemy/actor/lib/jjs/modules/speechRecognition/demo/WatchCommandUpdater/WatchCommandUpdater.xml $PTII/ptolemy/actor/lib/jjs/modules/speechRecognition/demo/WatchCommandUpdater/WatchCommandUpdater
    [junit] Warning: not running ptolemy/actor/lib/jjs/modules/speechRecognition/demo/WatchCommandUpdater/WatchCommandUpdater.xml. See ptolemy/vergil/basic/export/test/junit/ExportModelJUnitTest.java
    [junit] ----------------- Sat Jun 02 13:50:08 UTC 2018 About to sleep for 5.0 seconds before running or rerunning.  Test is: /home/travis/build/icyphy/ptII/ptolemy/actor/lib/jjs/modules/speechRecognition/demo/WatchCommandUpdater/WatchCommandUpdater.xml
    [junit] Done sleeping
    [junit] Exported /home/travis/build/icyphy/ptII/ptolemy/actor/lib/jjs/modules/speechRecognition/demo/WatchCommandUpdater/WatchCommandUpdater/index.html
    [junit] 8873 ms. Memory: 1982976K Free: 1427588K (72%)
    [junit] ####### 17 Sat Jun 02 13:50:22 UTC 2018 $PTII/bin/ptinvoke ptolemy.vergil.basic.export.ExportModel -force htm -run -openComposites -timeOut 30000 -whiteBackground ptolemy/actor/lib/jjs/modules/testing/demo/Testing/Testing.xml $PTII/ptolemy/actor/lib/jjs/modules/testing/demo/Testing/Testing
    [junit] ----------------- Sat Jun 02 13:50:22 UTC 2018 About to sleep for 5.0 seconds before running or rerunning.  Test is: /home/travis/build/icyphy/ptII/ptolemy/actor/lib/jjs/modules/testing/demo/Testing/Testing.xml
    [junit] Done sleeping
    [junit] Running .Testing
    [junit] MochaTest: Start of Common host: Basic (Thread[AWT-EventQueue-0,6,main])
    [junit] MochaTest: End of Common host: Basic (Thread[AWT-EventQueue-0,6,main])
    [junit] MochaTest: Start of Common host: Composite accessors (Thread[AWT-EventQueue-0,6,main])
    [junit] MochaTest: Start of Common host: Spontaneous accessors (Thread[AWT-EventQueue-0,6,main])
    [junit] MochaTest: Start of Common host: Spontaneous accessors (Thread[AWT-EventQueue-0,6,main])
    [junit] MochaTest: Before Spontaneous accessor produces correct outputs after 1 and 2 seconds. (Thread[AWT-EventQueue-0,6,main])
    [junit] MochaTest: After Spontaneous accessor produces correct outputs after 1 and 2 seconds. (Thread[AWT-EventQueue-0,6,main])
    [junit] MochaTest: End of Common host: Spontaneous accessors (Thread[AWT-EventQueue-0,6,main])
    [junit] MochaTest: Start of Common host: Inheritance (Thread[AWT-EventQueue-0,6,main])
    [junit] MochaTest: End of Common host: Inheritance (Thread[AWT-EventQueue-0,6,main])
    [junit] MochaTest: Instance of TestAccessor: [Circular]
    [junit] Tests: (Thread[AWT-EventQueue-0,6,main])
    [junit] MochaTest: TestAccessor.fire() invoked. (Thread[AWT-EventQueue-0,6,main])
    [junit] MochaTest: TestAdder: fire(): inputLeft: 10 inputRight: 40 (Thread[AWT-EventQueue-0,6,main])
    [junit] MochaTest: TestAdder: fire(): inputLeft: 5 inputRight: 20 (Thread[AWT-EventQueue-0,6,main])
    [junit] MochaTest: TestAdder: fire(): inputLeft: 5 inputRight: 20 (Thread[AWT-EventQueue-0,6,main])
    [junit] MochaTest: TestAccessor.fire() invoked. (Thread[AWT-EventQueue-0,6,main])
    [junit] MochaTest: <?xml version="1.0" encoding="UTF-8"?>
    [junit]  <testsuites>
    [junit]  <testsuite name="Root Suite" tests="0">
    [junit]  <testsuite name="Common host: Basic" tests="7">
    [junit]  <testcase name="this.getParameter() returns default value." > </testcase>
    [junit]  <testcase name="this.getParameter() returns value set by this.setParameter()." > </testcase>
    [junit]  <testcase name="this.get() returns default value." > </testcase>
    [junit]  <testcase name="this.get() returns null if no input yet provided." > </testcase>
    [junit]  <testcase name="this.get() returns null if no input yet provided but type being boolean." > </testcase>
    [junit]  <testcase name="this.get() returns value provided by provideInput()." > </testcase>
    [junit]  <testcase name="latestOutput contains value provided by inputHandlers and send()." > </testcase>
    [junit]  </testsuite>
    [junit]  <testsuite name="Common host: Composite accessors" tests="2">
    [junit]  <testcase name="Composite accessor produces correct output when manually scheduled." > </testcase>
    [junit]  <testcase name="Composite accessor produces correct output when automatically scheduled." > </testcase>
    [junit]  </testsuite>
    [junit]  <testsuite name="Common host: Spontaneous accessors" tests="2">
    [junit]  <testcase name="Spontaneous accessor produces correct outputs after 1 and 2 seconds." > </testcase>
    [junit]  <testcase name="Composite spontaneous accessor produces correct outputs after 1 and 2 seconds." > </testcase>
    [junit]  </testsuite>
    [junit]  <testsuite name="Common host: Inheritance" tests="4">
    [junit]  <testcase name="Inheritance, function overriding, and variable visiility should work properly." > </testcase>
    [junit]  <testcase name="Implementing an interface should work properly." > </testcase>
    [junit]  <testcase name="Exported fields of base classes can be accessed and initialize() is properly scoped." > </testcase>
    [junit]  <testcase name="Two-level inheritance should work properly." > </testcase>
    [junit]  </testsuite>
    [junit]  </testsuite>
    [junit]  </testsuites>
    [junit]  (Thread[AWT-EventQueue-0,6,main])
    [junit] 17766 ms. Memory: 1994240K Free: 1336472K (67%)
    [junit] Exported /home/travis/build/icyphy/ptII/ptolemy/actor/lib/jjs/modules/testing/demo/Testing/Testing/index.html
    [junit] 24510 ms. Memory: 1994240K Free: 1298768K (65%)
    [junit] ####### 18 Sat Jun 02 13:50:51 UTC 2018 $PTII/bin/ptinvoke ptolemy.vergil.basic.export.ExportModel -force htm -run -openComposites -timeOut 30000 -whiteBackground ptolemy/actor/lib/jjs/modules/udpSocket/demo/UDPSocket/UDPSocket.xml $PTII/ptolemy/actor/lib/jjs/modules/udpSocket/demo/UDPSocket/UDPSocket
    [junit] ----------------- Sat Jun 02 13:50:51 UTC 2018 About to sleep for 5.0 seconds before running or rerunning.  Test is: /home/travis/build/icyphy/ptII/ptolemy/actor/lib/jjs/modules/udpSocket/demo/UDPSocket/UDPSocket.xml
    [junit] Done sleeping
    [junit] Running .UDPSocket
    [junit] ExportHTMLTimer went off after 30000 ms., calling getDirector().finish and getDirector().stopFire()
    [junit] 30010 ms. Memory: 1994240K Free: 840566K (42%)
    [junit] Exported /home/travis/build/icyphy/ptII/ptolemy/actor/lib/jjs/modules/udpSocket/demo/UDPSocket/UDPSocket/index.html
    [junit] 34642 ms. Memory: 1994240K Free: 808641K (41%)
    [junit] ####### 19 Sat Jun 02 13:51:31 UTC 2018 $PTII/bin/ptinvoke ptolemy.vergil.basic.export.ExportModel -force htm -run -openComposites -timeOut 30000 -whiteBackground ptolemy/actor/lib/jjs/modules/udpSocket/demo/WatchEmulator/WatchEmulator.xml $PTII/ptolemy/actor/lib/jjs/modules/udpSocket/demo/WatchEmulator/WatchEmulator
    [junit] ----------------- Sat Jun 02 13:51:31 UTC 2018 About to sleep for 5.0 seconds before running or rerunning.  Test is: /home/travis/build/icyphy/ptII/ptolemy/actor/lib/jjs/modules/udpSocket/demo/WatchEmulator/WatchEmulator.xml
    [junit] Done sleeping
    [junit] Running .WatchEmulator
    [junit] 9145 ms. Memory: 1806336K Free: 303017K (17%)
    [junit] ####### 20 Sat Jun 02 13:51:50 UTC 2018 $PTII/bin/ptinvoke ptolemy.vergil.basic.export.ExportModel -force htm -run -openComposites -timeOut 30000 -whiteBackground ptolemy/actor/lib/jjs/modules/userInterface/demo/Dots/Dots.xml $PTII/ptolemy/actor/lib/jjs/modules/userInterface/demo/Dots/Dots
    [junit] ----------------- Sat Jun 02 13:51:50 UTC 2018 About to sleep for 5.0 seconds before running or rerunning.  Test is: /home/travis/build/icyphy/ptII/ptolemy/actor/lib/jjs/modules/userInterface/demo/Dots/Dots.xml
    [junit] Done sleeping
    [junit] Running .Dots
    [junit] BrowserLauncher: UnsupportedOperation: http://localhost:8089: java.lang.UnsupportedOperationException: The BROWSE action is not supported on the current platform!
    [junit] ExportHTMLTimer went off after 30000 ms., calling getDirector().finish and getDirector().stopFire()
    [junit] ExportHTMLTimer went off after 60000 ms., calling manager.stop().
    [junit] 65246 ms. Memory: 1928192K Free: 790682K (41%)
    [junit] Exported /home/travis/build/icyphy/ptII/ptolemy/actor/lib/jjs/modules/userInterface/demo/Dots/Dots/index.html
    [junit] 72145 ms. Memory: 1928192K Free: 760982K (39%)
    [junit] ####### 21 Sat Jun 02 13:53:07 UTC 2018 $PTII/bin/ptinvoke ptolemy.vergil.basic.export.ExportModel -force htm -run -openComposites -timeOut 30000 -whiteBackground ptolemy/actor/lib/jjs/modules/userInterface/demo/HelloUserInterface/HelloUserInterface.xml $PTII/ptolemy/actor/lib/jjs/modules/userInterface/demo/HelloUserInterface/HelloUserInterface
    [junit] ----------------- Sat Jun 02 13:53:07 UTC 2018 About to sleep for 5.0 seconds before running or rerunning.  Test is: /home/travis/build/icyphy/ptII/ptolemy/actor/lib/jjs/modules/userInterface/demo/HelloUserInterface/HelloUserInterface.xml
    [junit] Done sleeping
    [junit] Running .HelloUserInterface
    [junit] BrowserLauncher: UnsupportedOperation: http://localhost:8089: java.lang.UnsupportedOperationException: The BROWSE action is not supported on the current platform!
    [junit] UserInterface: Connection closed because model is no longer running. (Thread[AWT-EventQueue-0,6,main])
    [junit] 11847 ms. Memory: 1937920K Free: 927057K (48%)
    [junit] Exported /home/travis/build/icyphy/ptII/ptolemy/actor/lib/jjs/modules/userInterface/demo/HelloUserInterface/HelloUserInterface/index.html
    [junit] 17295 ms. Memory: 1937920K Free: 908868K (47%)
    [junit] ####### 22 Sat Jun 02 13:53:30 UTC 2018 $PTII/bin/ptinvoke ptolemy.vergil.basic.export.ExportModel -force htm -run -openComposites -timeOut 30000 -whiteBackground ptolemy/actor/lib/jjs/modules/userInterface/demo/UserInterface/UserInterface.xml $PTII/ptolemy/actor/lib/jjs/modules/userInterface/demo/UserInterface/UserInterface
    [junit] ----------------- Sat Jun 02 13:53:30 UTC 2018 About to sleep for 5.0 seconds before running or rerunning.  Test is: /home/travis/build/icyphy/ptII/ptolemy/actor/lib/jjs/modules/userInterface/demo/UserInterface/UserInterface.xml
    [junit] Done sleeping
    [junit] Running .UserInterface
    [junit] 5001 ms. Memory: 1937920K Free: 811022K (42%)
    [junit] Exported /home/travis/build/icyphy/ptII/ptolemy/actor/lib/jjs/modules/userInterface/demo/UserInterface/UserInterface/index.html
    [junit] 9165 ms. Memory: 1937920K Free: 777037K (40%)
    [junit] ####### 23 Sat Jun 02 13:53:44 UTC 2018 $PTII/bin/ptinvoke ptolemy.vergil.basic.export.ExportModel -force htm -run -openComposites -timeOut 30000 -whiteBackground ptolemy/actor/lib/jjs/modules/userInterface/demo/UserInterface/UserInterfaceBrowser.xml $PTII/ptolemy/actor/lib/jjs/modules/userInterface/demo/UserInterface/UserInterfaceBrowser
    [junit] ----------------- Sat Jun 02 13:53:44 UTC 2018 About to sleep for 5.0 seconds before running or rerunning.  Test is: /home/travis/build/icyphy/ptII/ptolemy/actor/lib/jjs/modules/userInterface/demo/UserInterface/UserInterfaceBrowser.xml
    [junit] Done sleeping
    [junit] Running .UserInterfaceBrowser
    [junit] ExportHTMLTimer went off after 30000 ms., calling getDirector().finish and getDirector().stopFire()
    [junit] 30031 ms. Memory: 1931264K Free: 1229122K (64%)
    [junit] Exported /home/travis/build/icyphy/ptII/ptolemy/actor/lib/jjs/modules/userInterface/demo/UserInterface/UserInterfaceBrowser/index.html
    [junit] 36871 ms. Memory: 1931264K Free: 1187038K (61%)
    [junit] ####### 24 Sat Jun 02 13:54:26 UTC 2018 $PTII/bin/ptinvoke ptolemy.vergil.basic.export.ExportModel -force htm -run -openComposites -timeOut 30000 -whiteBackground ptolemy/actor/lib/jjs/modules/userInterface/demo/UserInterface/UserInterfaceFixedPage.xml $PTII/ptolemy/actor/lib/jjs/modules/userInterface/demo/UserInterface/UserInterfaceFixedPage
    [junit] ----------------- Sat Jun 02 13:54:26 UTC 2018 About to sleep for 5.0 seconds before running or rerunning.  Test is: /home/travis/build/icyphy/ptII/ptolemy/actor/lib/jjs/modules/userInterface/demo/UserInterface/UserInterfaceFixedPage.xml
    [junit] Done sleeping
    [junit] Running .UserInterfaceFixedPage
    [junit] BrowserLauncher: UnsupportedOperation: http://localhost:8089: java.lang.UnsupportedOperationException: The BROWSE action is not supported on the current platform!
    [junit] UserInterface: Connection closed because model is no longer running. (Thread[AWT-EventQueue-0,6,main])
    [junit] 5872 ms. Memory: 1931264K Free: 742128K (38%)
    [junit] Exported /home/travis/build/icyphy/ptII/ptolemy/actor/lib/jjs/modules/userInterface/demo/UserInterface/UserInterfaceFixedPage/index.html
    [junit] 10462 ms. Memory: 1931264K Free: 703239K (36%)
    [junit] ####### 25 Sat Jun 02 13:54:41 UTC 2018 $PTII/bin/ptinvoke ptolemy.vergil.basic.export.ExportModel -force htm -run -openComposites -timeOut 30000 -whiteBackground ptolemy/actor/lib/jjs/modules/userInterface/demo/UserInterface/UserInterfaceInteractive.xml $PTII/ptolemy/actor/lib/jjs/modules/userInterface/demo/UserInterface/UserInterfaceInteractive
    [junit] ----------------- Sat Jun 02 13:54:41 UTC 2018 About to sleep for 5.0 seconds before running or rerunning.  Test is: /home/travis/build/icyphy/ptII/ptolemy/actor/lib/jjs/modules/userInterface/demo/UserInterface/UserInterfaceInteractive.xml
    [junit] Done sleeping
    [junit] Running .UserInterfaceInteractive
    [junit] BrowserLauncher: UnsupportedOperation: http://localhost:8090: java.lang.UnsupportedOperationException: The BROWSE action is not supported on the current platform!
    [junit] ExportHTMLTimer went off after 30000 ms., calling getDirector().finish and getDirector().stopFire()
    [junit] UserInterface: Connection closed because model is no longer running. (Thread[AWT-EventQueue-0,6,main])
    [junit] 30019 ms. Memory: 1933312K Free: 916187K (47%)
    [junit] Exported /home/travis/build/icyphy/ptII/ptolemy/actor/lib/jjs/modules/userInterface/demo/UserInterface/UserInterfaceInteractive/index.html
    [junit] 35153 ms. Memory: 1933312K Free: 894612K (46%)
    [junit] ####### 26 Sat Jun 02 13:55:21 UTC 2018 $PTII/bin/ptinvoke ptolemy.vergil.basic.export.ExportModel -force htm -run -openComposites -timeOut 30000 -whiteBackground ptolemy/actor/lib/jjs/modules/userInterface/demo/UserInterface/UserInterfaceRamp.xml $PTII/ptolemy/actor/lib/jjs/modules/userInterface/demo/UserInterface/UserInterfaceRamp
    [junit] ----------------- Sat Jun 02 13:55:21 UTC 2018 About to sleep for 5.0 seconds before running or rerunning.  Test is: /home/travis/build/icyphy/ptII/ptolemy/actor/lib/jjs/modules/userInterface/demo/UserInterface/UserInterfaceRamp.xml
    [junit] Done sleeping
    [junit] Running .UserInterfaceRamp
    [junit] BrowserLauncher: UnsupportedOperation: http://localhost:8089: java.lang.UnsupportedOperationException: The BROWSE action is not supported on the current platform!
    [junit] UserInterface: Connection closed because model is no longer running. (Thread[AWT-EventQueue-0,6,main])
    [junit] 13847 ms. Memory: 2002944K Free: 1120461K (56%)
    [junit] Exported /home/travis/build/icyphy/ptII/ptolemy/actor/lib/jjs/modules/userInterface/demo/UserInterface/UserInterfaceRamp/index.html
    [junit] 19540 ms. Memory: 2002944K Free: 1098673K (55%)
    [junit] ####### 27 Sat Jun 02 13:55:46 UTC 2018 $PTII/bin/ptinvoke ptolemy.vergil.basic.export.ExportModel -force htm -run -openComposites -timeOut 30000 -whiteBackground ptolemy/actor/lib/jjs/modules/userInterface/demo/UserInterface/UserInterfaceUpdate.xml $PTII/ptolemy/actor/lib/jjs/modules/userInterface/demo/UserInterface/UserInterfaceUpdate
    [junit] ----------------- Sat Jun 02 13:55:46 UTC 2018 About to sleep for 5.0 seconds before running or rerunning.  Test is: /home/travis/build/icyphy/ptII/ptolemy/actor/lib/jjs/modules/userInterface/demo/UserInterface/UserInterfaceUpdate.xml
    [junit] Done sleeping
    [junit] Running .UserInterfaceUpdate
    [junit] 13728 ms. Memory: 2009600K Free: 622116K (31%)
    [junit] Exported /home/travis/build/icyphy/ptII/ptolemy/actor/lib/jjs/modules/userInterface/demo/UserInterface/UserInterfaceUpdate/index.html
    [junit] 19833 ms. Memory: 2009600K Free: 599196K (30%)
    [junit] ####### 28 Sat Jun 02 13:56:11 UTC 2018 $PTII/bin/ptinvoke ptolemy.vergil.basic.export.ExportModel -force htm -run -openComposites -timeOut 30000 -whiteBackground ptolemy/actor/lib/jjs/modules/userInterface/demo/UserInterface/UserInterfaceVideo.xml $PTII/ptolemy/actor/lib/jjs/modules/userInterface/demo/UserInterface/UserInterfaceVideo
    [junit] ----------------- Sat Jun 02 13:56:11 UTC 2018 About to sleep for 5.0 seconds before running or rerunning.  Test is: /home/travis/build/icyphy/ptII/ptolemy/actor/lib/jjs/modules/userInterface/demo/UserInterface/UserInterfaceVideo.xml
    [junit] Done sleeping
    [junit] Running .UserInterfaceVideo
    [junit] BrowserLauncher: UnsupportedOperation: http://localhost:8090: java.lang.UnsupportedOperationException: The BROWSE action is not supported on the current platform!
    [junit] ExportHTMLTimer went off after 30000 ms., calling getDirector().finish and getDirector().stopFire()
    [junit] UserInterface: Connection closed because model is no longer running. (Thread[AWT-EventQueue-0,6,main])
    [junit] 30055 ms. Memory: 2037248K Free: 612761K (30%)
    [junit] Exported /home/travis/build/icyphy/ptII/ptolemy/actor/lib/jjs/modules/userInterface/demo/UserInterface/UserInterfaceVideo/index.html
    [junit] 35833 ms. Memory: 2037248K Free: 575656K (28%)
    [junit] ####### 29 Sat Jun 02 13:56:52 UTC 2018 $PTII/bin/ptinvoke ptolemy.vergil.basic.export.ExportModel -force htm -run -openComposites -timeOut 30000 -whiteBackground ptolemy/actor/lib/jjs/modules/webSocket/demo/SpeakingServerListeningClient/SpeakingServerListeningClient.xml $PTII/ptolemy/actor/lib/jjs/modules/webSocket/demo/SpeakingServerListeningClient/SpeakingServerListeningClient
    [junit] ----------------- Sat Jun 02 13:56:52 UTC 2018 About to sleep for 5.0 seconds before running or rerunning.  Test is: /home/travis/build/icyphy/ptII/ptolemy/actor/lib/jjs/modules/webSocket/demo/SpeakingServerListeningClient/SpeakingServerListeningClient.xml
    [junit] Done sleeping
    [junit] Running .SpeakingServerListeningClient
    [junit] WSServer: *** server initialized. (Thread[AWT-EventQueue-0,6,main])
    [junit] WSServer: *** server is listenting. (Thread[vert.x-eventloop-thread-0,6,main])
    [junit] WSClient1: --- client 1 initialized. (Thread[AWT-EventQueue-0,6,main])
    [junit] WSServer: *** server received connection 0 (Thread[vert.x-eventloop-thread-0,6,main])
    [junit] WSClient1: --- client 1 connection open. Sending message to server. (Thread[vert.x-eventloop-thread-2,6,main])
    [junit] WSServer: *** server received connection 1 (Thread[vert.x-eventloop-thread-0,6,main])
    [junit] WSClient2: +++ client 2 initialized. (Thread[AWT-EventQueue-0,6,main])
    [junit] WSClient2: +++ connection established. Sending message to server. (Thread[vert.x-eventloop-thread-0,6,main])
    [junit] WSServer: *** server received message: Hello from the client (Thread[AWT-EventQueue-0,6,main])
    [junit] WSClient1: --- client 1 received message: Hello to client number 1 (Thread[AWT-EventQueue-0,6,main])
    [junit] WSClient2: +++ client 2 received message: Hello to client number 2 (Thread[AWT-EventQueue-0,6,main])
    [junit] WSServer: *** server received message: Hello from the client (Thread[AWT-EventQueue-0,6,main])
    [junit] WSServer: *** server wrapping up. (Thread[AWT-EventQueue-0,6,main])
    [junit] WSClient1: --- client 1 wrapping up. (Thread[AWT-EventQueue-0,6,main])
    [junit] WSClient1: Connection closed because model is no longer running. (Thread[AWT-EventQueue-0,6,main])
    [junit] WSClient2: +++ client 2 wrapping up. (Thread[AWT-EventQueue-0,6,main])
    [junit] WSClient2: Connection closed because model is no longer running. (Thread[AWT-EventQueue-0,6,main])
    [junit] 6337 ms. Memory: 2132480K Free: 841511K (39%)
    [junit] Exported /home/travis/build/icyphy/ptII/ptolemy/actor/lib/jjs/modules/webSocket/demo/SpeakingServerListeningClient/SpeakingServerListeningClient/index.html
    [junit] 13063 ms. Memory: 2132480K Free: 807138K (38%)
    [junit] ####### 30 Sat Jun 02 13:57:10 UTC 2018 $PTII/bin/ptinvoke ptolemy.vergil.basic.export.ExportModel -force htm -run -openComposites -timeOut 30000 -whiteBackground ptolemy/actor/lib/jjs/modules/webSocket/demo/TwoWebSockets/TwoWebSockets.xml $PTII/ptolemy/actor/lib/jjs/modules/webSocket/demo/TwoWebSockets/TwoWebSockets
    [junit] ----------------- Sat Jun 02 13:57:10 UTC 2018 About to sleep for 5.0 seconds before running or rerunning.  Test is: /home/travis/build/icyphy/ptII/ptolemy/actor/lib/jjs/modules/webSocket/demo/TwoWebSockets/TwoWebSockets.xml
    [junit] Done sleeping
    [junit] Running .TwoWebSockets
    [junit] JavaScript: Connection failed. Will try again: Connection refused: localhost/127.0.0.1:8080
    [junit] Connection refused (Thread[vert.x-eventloop-thread-1,6,main])
    [junit] JavaScript: Connection failed. Will try again: Connection refused: localhost/127.0.0.1:1984
    [junit] Connection refused (Thread[vert.x-eventloop-thread-1,6,main])
    [junit] JavaScript: Connection failed. Will try again: Connection refused: localhost/127.0.0.1:8080
    [junit] Connection refused (Thread[vert.x-eventloop-thread-1,6,main])
    [junit] JavaScript: Connection failed. Will try again: Connection refused: localhost/127.0.0.1:1984
    [junit] Connection refused (Thread[vert.x-eventloop-thread-1,6,main])
    [junit] JavaScript: Connection failed. Will try again: Connection refused: localhost/127.0.0.1:8080
    [junit] Connection refused (Thread[vert.x-eventloop-thread-1,6,main])
    [junit] JavaScript: Connection failed. Will try again: Connection refused: localhost/127.0.0.1:1984
    [junit] Connection refused (Thread[vert.x-eventloop-thread-1,6,main])
    [junit] JavaScript: Connection failed. Will try again: Connection refused: localhost/127.0.0.1:8080
    [junit] Connection refused (Thread[vert.x-eventloop-thread-1,6,main])
    [junit] JavaScript: Connection failed. Will try again: Connection refused: localhost/127.0.0.1:1984
    [junit] Connection refused (Thread[vert.x-eventloop-thread-1,6,main])
    [junit] JavaScript: Connection failed. Will try again: Connection refused: localhost/127.0.0.1:8080
    [junit] Connection refused (Thread[vert.x-eventloop-thread-1,6,main])
    [junit] JavaScript: Connection failed. Will try again: Connection refused: localhost/127.0.0.1:1984
    [junit] Connection refused (Thread[vert.x-eventloop-thread-1,6,main])
    [junit] JavaScript: Connection failed. Will try again: Connection refused: localhost/127.0.0.1:8080
    [junit] Connection refused (Thread[vert.x-eventloop-thread-1,6,main])
    [junit] JavaScript: Connection failed. Will try again: Connection refused: localhost/127.0.0.1:1984
    [junit] Connection refused (Thread[vert.x-eventloop-thread-1,6,main])
    [junit] JavaScript: Connection failed. Will try again: Connection refused: localhost/127.0.0.1:8080
    [junit] Connection refused (Thread[vert.x-eventloop-thread-1,6,main])
    [junit] JavaScript: Connection failed. Will try again: Connection refused: localhost/127.0.0.1:1984
    [junit] Connection refused (Thread[vert.x-eventloop-thread-1,6,main])
    [junit] JavaScript: Connection failed. Will try again: Connection refused: localhost/127.0.0.1:8080
    [junit] Connection refused (Thread[vert.x-eventloop-thread-1,6,main])
    [junit] JavaScript: Connection failed. Will try again: Connection refused: localhost/127.0.0.1:1984
    [junit] Connection refused (Thread[vert.x-eventloop-thread-1,6,main])
    [junit] JavaScript: Connection failed. Will try again: Connection refused: localhost/127.0.0.1:8080
    [junit] Connection refused (Thread[vert.x-eventloop-thread-1,6,main])
    [junit] JavaScript: Connection failed. Will try again: Connection refused: localhost/127.0.0.1:1984
    [junit] Connection refused (Thread[vert.x-eventloop-thread-1,6,main])
    [junit] JavaScript: Connection failed. Will try again: Connection refused: localhost/127.0.0.1:8080
    [junit] Connection refused (Thread[vert.x-eventloop-thread-1,6,main])
    [junit] JavaScript: Connection failed. Will try again: Connection refused: localhost/127.0.0.1:1984
    [junit] Connection refused (Thread[vert.x-eventloop-thread-1,6,main])
    [junit] 6233 ms. Memory: 1908224K Free: 1166887K (61%)
    [junit] Exported /home/travis/build/icyphy/ptII/ptolemy/actor/lib/jjs/modules/webSocket/demo/TwoWebSockets/TwoWebSockets/index.html
    [junit] 11245 ms. Memory: 1908224K Free: 1128723K (59%)
    [junit] ####### 31 Sat Jun 02 13:57:26 UTC 2018 $PTII/bin/ptinvoke ptolemy.vergil.basic.export.ExportModel -force htm -run -openComposites -timeOut 30000 -whiteBackground ptolemy/actor/lib/jjs/modules/webSocket/demo/WebSocketChat/Client.xml $PTII/ptolemy/actor/lib/jjs/modules/webSocket/demo/WebSocketChat/Client
    [junit] ----------------- Sat Jun 02 13:57:26 UTC 2018 About to sleep for 5.0 seconds before running or rerunning.  Test is: /home/travis/build/icyphy/ptII/ptolemy/actor/lib/jjs/modules/webSocket/demo/WebSocketChat/Client.xml
    [junit] Done sleeping
    [junit] .Client.InteractiveDialog invoked SwingUtilities.invokeAndWait()
    [junit] Model ".Client" contains actors such cannot be run  as part of the export process from ExportModel or it has a WebExportParameters value that runBeforeExport set to false. To export run this model and export it, use vergil.
    [junit] Exported /home/travis/build/icyphy/ptII/ptolemy/actor/lib/jjs/modules/webSocket/demo/WebSocketChat/Client/index.html
    [junit] 3746 ms. Memory: 1908224K Free: 871181K (46%)
    [junit] ####### 32 Sat Jun 02 13:57:35 UTC 2018 $PTII/bin/ptinvoke ptolemy.vergil.basic.export.ExportModel -force htm -run -openComposites -timeOut 30000 -whiteBackground ptolemy/actor/lib/jjs/modules/webSocket/demo/WebSocketChat/SecureClient.xml $PTII/ptolemy/actor/lib/jjs/modules/webSocket/demo/WebSocketChat/SecureClient
    [junit] ----------------- Sat Jun 02 13:57:35 UTC 2018 About to sleep for 5.0 seconds before running or rerunning.  Test is: /home/travis/build/icyphy/ptII/ptolemy/actor/lib/jjs/modules/webSocket/demo/WebSocketChat/SecureClient.xml
    [junit] Done sleeping
    [junit] .SecureClient.InteractiveDialog invoked SwingUtilities.invokeAndWait()
    [junit] Model ".SecureClient" contains actors such cannot be run  as part of the export process from ExportModel or it has a WebExportParameters value that runBeforeExport set to false. To export run this model and export it, use vergil.
    [junit] Exported /home/travis/build/icyphy/ptII/ptolemy/actor/lib/jjs/modules/webSocket/demo/WebSocketChat/SecureClient/index.html
    [junit] 3790 ms. Memory: 1908224K Free: 631689K (33%)
    [junit] ####### 33 Sat Jun 02 13:57:43 UTC 2018 $PTII/bin/ptinvoke ptolemy.vergil.basic.export.ExportModel -force htm -run -openComposites -timeOut 30000 -whiteBackground ptolemy/actor/lib/jjs/modules/webSocket/demo/WebSocketChat/SecureServer.xml $PTII/ptolemy/actor/lib/jjs/modules/webSocket/demo/WebSocketChat/SecureServer
    [junit] ----------------- Sat Jun 02 13:57:43 UTC 2018 About to sleep for 5.0 seconds before running or rerunning.  Test is: /home/travis/build/icyphy/ptII/ptolemy/actor/lib/jjs/modules/webSocket/demo/WebSocketChat/SecureServer.xml
    [junit] Done sleeping
    [junit] Running .SecureServer
    [junit] ExportHTMLTimer went off after 30000 ms., calling getDirector().finish and getDirector().stopFire()
    [junit] 30010 ms. Memory: 2145792K Free: 1455157K (68%)
    [junit] Exported /home/travis/build/icyphy/ptII/ptolemy/actor/lib/jjs/modules/webSocket/demo/WebSocketChat/SecureServer/index.html
    [junit] 34731 ms. Memory: 2145792K Free: 1433460K (67%)
    [junit] ####### 34 Sat Jun 02 13:58:23 UTC 2018 $PTII/bin/ptinvoke ptolemy.vergil.basic.export.ExportModel -force htm -run -openComposites -timeOut 30000 -whiteBackground ptolemy/actor/lib/jjs/modules/webSocket/demo/WebSocketChat/Server.xml $PTII/ptolemy/actor/lib/jjs/modules/webSocket/demo/WebSocketChat/Server
    [junit] ----------------- Sat Jun 02 13:58:23 UTC 2018 About to sleep for 5.0 seconds before running or rerunning.  Test is: /home/travis/build/icyphy/ptII/ptolemy/actor/lib/jjs/modules/webSocket/demo/WebSocketChat/Server.xml
    [junit] Done sleeping
    [junit] Running .Server
    [junit] ExportHTMLTimer went off after 30000 ms., calling getDirector().finish and getDirector().stopFire()
    [junit] 30011 ms. Memory: 2145792K Free: 1014078K (47%)
    [junit] Exported /home/travis/build/icyphy/ptII/ptolemy/actor/lib/jjs/modules/webSocket/demo/WebSocketChat/Server/index.html
    [junit] 34695 ms. Memory: 2145792K Free: 992332K (46%)
    [junit] ####### 35 Sat Jun 02 13:59:03 UTC 2018 $PTII/bin/ptinvoke ptolemy.vergil.basic.export.ExportModel -force htm  -openComposites -timeOut 30000 -whiteBackground ptolemy/actor/lib/jjs/modules/webSocket/demo/WebSocketChat/WebSocketChat.xml $PTII/ptolemy/actor/lib/jjs/modules/webSocket/demo/WebSocketChat/WebSocketChat
    [junit] Warning: not running ptolemy/actor/lib/jjs/modules/webSocket/demo/WebSocketChat/WebSocketChat.xml. See ptolemy/vergil/basic/export/test/junit/ExportModelJUnitTest.java
    [junit] ----------------- Sat Jun 02 13:59:03 UTC 2018 About to sleep for 5.0 seconds before running or rerunning.  Test is: /home/travis/build/icyphy/ptII/ptolemy/actor/lib/jjs/modules/webSocket/demo/WebSocketChat/WebSocketChat.xml
    [junit] Done sleeping
    [junit] Exported /home/travis/build/icyphy/ptII/ptolemy/actor/lib/jjs/modules/webSocket/demo/WebSocketChat/WebSocketChat/index.html
    [junit] 3128 ms. Memory: 2145792K Free: 869967K (41%)
    [junit] ####### 36 Sat Jun 02 13:59:11 UTC 2018 $PTII/bin/ptinvoke ptolemy.vergil.basic.export.ExportModel -force htm  -openComposites -timeOut 30000 -whiteBackground ptolemy/actor/lib/jjs/modules/webSocket/demo/WebSocketClient/WebSocketClient.xml $PTII/ptolemy/actor/lib/jjs/modules/webSocket/demo/WebSocketClient/WebSocketClient
    [junit] Warning: not running ptolemy/actor/lib/jjs/modules/webSocket/demo/WebSocketClient/WebSocketClient.xml. See ptolemy/vergil/basic/export/test/junit/ExportModelJUnitTest.java
    [junit] ----------------- Sat Jun 02 13:59:11 UTC 2018 About to sleep for 5.0 seconds before running or rerunning.  Test is: /home/travis/build/icyphy/ptII/ptolemy/actor/lib/jjs/modules/webSocket/demo/WebSocketClient/WebSocketClient.xml
    [junit] Done sleeping
    [junit] Exported /home/travis/build/icyphy/ptII/ptolemy/actor/lib/jjs/modules/webSocket/demo/WebSocketClient/WebSocketClient/index.html
    [junit] 3793 ms. Memory: 2145792K Free: 590193K (28%)
    [junit] ####### 37 Sat Jun 02 13:59:20 UTC 2018 $PTII/bin/ptinvoke ptolemy.vergil.basic.export.ExportModel -force htm -run -openComposites -timeOut 30000 -whiteBackground ptolemy/actor/lib/jjs/modules/webSocket/demo/WebSocketClient/WebSocketServer.xml $PTII/ptolemy/actor/lib/jjs/modules/webSocket/demo/WebSocketClient/WebSocketServer
    [junit] ----------------- Sat Jun 02 13:59:20 UTC 2018 About to sleep for 5.0 seconds before running or rerunning.  Test is: /home/travis/build/icyphy/ptII/ptolemy/actor/lib/jjs/modules/webSocket/demo/WebSocketClient/WebSocketServer.xml
    [junit] Done sleeping
    [junit] Running .WebSocketServer
    [junit] ExportHTMLTimer went off after 30000 ms., calling getDirector().finish and getDirector().stopFire()
    [junit] 30019 ms. Memory: 2137088K Free: 866066K (41%)
    [junit] Exported /home/travis/build/icyphy/ptII/ptolemy/actor/lib/jjs/modules/webSocket/demo/WebSocketClient/WebSocketServer/index.html
    [junit] 35350 ms. Memory: 2137088K Free: 843631K (39%)
    [junit] ####### 38 Sat Jun 02 14:00:00 UTC 2018 $PTII/bin/ptinvoke ptolemy.vergil.basic.export.ExportModel -force htm -run -openComposites -timeOut 30000 -whiteBackground ptolemy/actor/lib/jjs/modules/webSocket/demo/WebSocketFullDuplex/WebSocketFullDuplex.xml $PTII/ptolemy/actor/lib/jjs/modules/webSocket/demo/WebSocketFullDuplex/WebSocketFullDuplex
    [junit] ----------------- Sat Jun 02 14:00:00 UTC 2018 About to sleep for 5.0 seconds before running or rerunning.  Test is: /home/travis/build/icyphy/ptII/ptolemy/actor/lib/jjs/modules/webSocket/demo/WebSocketFullDuplex/WebSocketFullDuplex.xml
    [junit] Done sleeping
    [junit] Running .WebSocketFullDuplex
    [junit] ExportHTMLTimer went off after 30000 ms., calling getDirector().finish and getDirector().stopFire()
    [junit] WebSocketClient: Connection closed because model is no longer running. (Thread[AWT-EventQueue-0,6,main])
    [junit] 30108 ms. Memory: 2153984K Free: 1089371K (51%)
    [junit] Exported /home/travis/build/icyphy/ptII/ptolemy/actor/lib/jjs/modules/webSocket/demo/WebSocketFullDuplex/WebSocketFullDuplex/index.html
    [junit] 35538 ms. Memory: 2153984K Free: 1044465K (48%)
    [junit] ####### 39 Sat Jun 02 14:00:41 UTC 2018 $PTII/bin/ptinvoke ptolemy.vergil.basic.export.ExportModel -force htm -run -openComposites -timeOut 30000 -whiteBackground ptolemy/actor/lib/jjs/modules/webSocket/demo/WebSocketGraph/WebSocketGraph.xml $PTII/ptolemy/actor/lib/jjs/modules/webSocket/demo/WebSocketGraph/WebSocketGraph
    [junit] ----------------- Sat Jun 02 14:00:41 UTC 2018 About to sleep for 5.0 seconds before running or rerunning.  Test is: /home/travis/build/icyphy/ptII/ptolemy/actor/lib/jjs/modules/webSocket/demo/WebSocketGraph/WebSocketGraph.xml
    [junit] Done sleeping
    [junit] Running .WebSocketGraph
    [junit] BrowserLauncher: UnsupportedOperation: http://localhost:8089: java.lang.UnsupportedOperationException: The BROWSE action is not supported on the current platform!
    [junit] ExportHTMLTimer went off after 30000 ms., calling getDirector().finish and getDirector().stopFire()
    [junit] UserInterface: Connection closed because model is no longer running. (Thread[AWT-EventQueue-0,6,main])
    [junit] 30062 ms. Memory: 2073600K Free: 979246K (47%)
    [junit] Exported /home/travis/build/icyphy/ptII/ptolemy/actor/lib/jjs/modules/webSocket/demo/WebSocketGraph/WebSocketGraph/index.html
    [junit] 38274 ms. Memory: 2073600K Free: 956898K (46%)
    [junit] ####### 40 Sat Jun 02 14:01:24 UTC 2018 $PTII/bin/ptinvoke ptolemy.vergil.basic.export.ExportModel -force htm -run -openComposites -timeOut 30000 -whiteBackground ptolemy/actor/lib/jjs/modules/webSocket/demo/WebSocketImage/WebSocketImage.xml $PTII/ptolemy/actor/lib/jjs/modules/webSocket/demo/WebSocketImage/WebSocketImage
    [junit] ----------------- Sat Jun 02 14:01:24 UTC 2018 About to sleep for 5.0 seconds before running or rerunning.  Test is: /home/travis/build/icyphy/ptII/ptolemy/actor/lib/jjs/modules/webSocket/demo/WebSocketImage/WebSocketImage.xml
    [junit] Done sleeping
    [junit] Running .WebSocketImage
    [junit] WebSocketClient: WebSocketClient: WebSocketClient.js: connect(): portValue: -1, which is less than 0. This could be a signal to close a previously open socket.  Returning. (Thread[AWT-EventQueue-0,6,main])
    [junit] ExportHTMLTimer went off after 30000 ms., calling getDirector().finish and getDirector().stopFire()
    [junit] 30078 ms. Memory: 2308096K Free: 1143871K (50%)
    [junit] Exported /home/travis/build/icyphy/ptII/ptolemy/actor/lib/jjs/modules/webSocket/demo/WebSocketImage/WebSocketImage/index.html
    [junit] 36755 ms. Memory: 2308096K Free: 1124223K (49%)
    [junit] ####### 41 Sat Jun 02 14:02:06 UTC 2018 $PTII/bin/ptinvoke ptolemy.vergil.basic.export.ExportModel -force htm -run -openComposites -timeOut 30000 -whiteBackground ptolemy/actor/lib/jjs/modules/webSocket/demo/WebSocketLog/WebSocketLog.xml $PTII/ptolemy/actor/lib/jjs/modules/webSocket/demo/WebSocketLog/WebSocketLog
    [junit] ----------------- Sat Jun 02 14:02:06 UTC 2018 About to sleep for 5.0 seconds before running or rerunning.  Test is: /home/travis/build/icyphy/ptII/ptolemy/actor/lib/jjs/modules/webSocket/demo/WebSocketLog/WebSocketLog.xml
    [junit] Done sleeping
    [junit] Running .WebSocketLog
    [junit] 13364 ms. Memory: 2194432K Free: 617650K (28%)
    [junit] Exported /home/travis/build/icyphy/ptII/ptolemy/actor/lib/jjs/modules/webSocket/demo/WebSocketLog/WebSocketLog/index.html
    [junit] 19412 ms. Memory: 2194432K Free: 572895K (26%)
    [junit] ####### 42 Sat Jun 02 14:02:30 UTC 2018 $PTII/bin/ptinvoke ptolemy.vergil.basic.export.ExportModel -force htm -run -openComposites -timeOut 30000 -whiteBackground ptolemy/actor/lib/jjs/modules/webSocket/demo/WebSocketsServerClient/WebSocketsServerClient.xml $PTII/ptolemy/actor/lib/jjs/modules/webSocket/demo/WebSocketsServerClient/WebSocketsServerClient
    [junit] ----------------- Sat Jun 02 14:02:30 UTC 2018 About to sleep for 5.0 seconds before running or rerunning.  Test is: /home/travis/build/icyphy/ptII/ptolemy/actor/lib/jjs/modules/webSocket/demo/WebSocketsServerClient/WebSocketsServerClient.xml
    [junit] Done sleeping
    [junit] Running .WebSocketsServerClient
    [junit] WSClient: Connection to socket is open. (Thread[vert.x-eventloop-thread-1,6,main])
    [junit] WSClient: Connection closed because model is no longer running. (Thread[AWT-EventQueue-0,6,main])
    [junit] 12132 ms. Memory: 2589696K Free: 1248592K (48%)
    [junit] Exported /home/travis/build/icyphy/ptII/ptolemy/actor/lib/jjs/modules/webSocket/demo/WebSocketsServerClient/WebSocketsServerClient/index.html
    [junit] 18573 ms. Memory: 2589696K Free: 1214714K (47%)
    [junit] ####### 43 Sat Jun 02 14:02:54 UTC 2018 $PTII/bin/ptinvoke ptolemy.vergil.basic.export.ExportModel -force htm  -openComposites -timeOut 30000 -whiteBackground ptolemy/actor/lib/jjs/modules/xbee/demo/XBeeHelloWorld/XBeeDataTypes.xml $PTII/ptolemy/actor/lib/jjs/modules/xbee/demo/XBeeHelloWorld/XBeeDataTypes
    [junit] Warning: not running ptolemy/actor/lib/jjs/modules/xbee/demo/XBeeHelloWorld/XBeeDataTypes.xml. See ptolemy/vergil/basic/export/test/junit/ExportModelJUnitTest.java
    [junit] ----------------- Sat Jun 02 14:02:54 UTC 2018 About to sleep for 5.0 seconds before running or rerunning.  Test is: /home/travis/build/icyphy/ptII/ptolemy/actor/lib/jjs/modules/xbee/demo/XBeeHelloWorld/XBeeDataTypes.xml
    [junit] Done sleeping
    [junit] Exported /home/travis/build/icyphy/ptII/ptolemy/actor/lib/jjs/modules/xbee/demo/XBeeHelloWorld/XBeeDataTypes/index.html
    [junit] 4401 ms. Memory: 2295296K Free: 1470562K (64%)
    [junit] ####### 44 Sat Jun 02 14:03:03 UTC 2018 $PTII/bin/ptinvoke ptolemy.vergil.basic.export.ExportModel -force htm  -openComposites -timeOut 30000 -whiteBackground ptolemy/actor/lib/jjs/modules/xbee/demo/XBeeHelloWorld/XBeeHelloWorld.xml $PTII/ptolemy/actor/lib/jjs/modules/xbee/demo/XBeeHelloWorld/XBeeHelloWorld
    [junit] Warning: not running ptolemy/actor/lib/jjs/modules/xbee/demo/XBeeHelloWorld/XBeeHelloWorld.xml. See ptolemy/vergil/basic/export/test/junit/ExportModelJUnitTest.java
    [junit] ----------------- Sat Jun 02 14:03:03 UTC 2018 About to sleep for 5.0 seconds before running or rerunning.  Test is: /home/travis/build/icyphy/ptII/ptolemy/actor/lib/jjs/modules/xbee/demo/XBeeHelloWorld/XBeeHelloWorld.xml
    [junit] Done sleeping
    [junit] Exported /home/travis/build/icyphy/ptII/ptolemy/actor/lib/jjs/modules/xbee/demo/XBeeHelloWorld/XBeeHelloWorld/index.html
    [junit] 4601 ms. Memory: 2295296K Free: 1050981K (46%)
    [junit] ####### 45 Sat Jun 02 14:03:13 UTC 2018 $PTII/bin/ptinvoke ptolemy.vergil.basic.export.ExportModel -force htm  -openComposites -timeOut 30000 -whiteBackground ptolemy/actor/lib/jmf/demo/JMFJAI/JMFJAI.xml $PTII/ptolemy/actor/lib/jmf/demo/JMFJAI/JMFJAI
    [junit] Warning: not running ptolemy/actor/lib/jmf/demo/JMFJAI/JMFJAI.xml. See ptolemy/vergil/basic/export/test/junit/ExportModelJUnitTest.java
    [junit] Exported /home/travis/build/icyphy/ptII/ptolemy/actor/lib/jmf/demo/JMFJAI/JMFJAI/index.html
    [junit] 3196 ms. Memory: 2295296K Free: 926130K (40%)
    [junit] ####### 46 Sat Jun 02 14:03:16 UTC 2018 $PTII/bin/ptinvoke ptolemy.vergil.basic.export.ExportModel -force htm  -openComposites -timeOut 30000 -whiteBackground ptolemy/actor/lib/jmf/demo/VideoCapture/VideoCapture.xml $PTII/ptolemy/actor/lib/jmf/demo/VideoCapture/VideoCapture
    [junit] Warning: not running ptolemy/actor/lib/jmf/demo/VideoCapture/VideoCapture.xml. See ptolemy/vergil/basic/export/test/junit/ExportModelJUnitTest.java
    [junit] Exported /home/travis/build/icyphy/ptII/ptolemy/actor/lib/jmf/demo/VideoCapture/VideoCapture/index.html
    [junit] 3150 ms. Memory: 2295296K Free: 820187K (36%)
    [junit] ####### 47 Sat Jun 02 14:03:19 UTC 2018 $PTII/bin/ptinvoke ptolemy.vergil.basic.export.ExportModel -force htm -run -openComposites -timeOut 30000 -whiteBackground ptolemy/actor/lib/mail/demo/ExceptionEmailer/ExceptionEmailer.xml $PTII/ptolemy/actor/lib/mail/demo/ExceptionEmailer/ExceptionEmailer
    [junit] Running .ExceptionEmailer
    [junit] 20 ms. Memory: 2295296K Free: 712914K (31%)
    [junit] Exported /home/travis/build/icyphy/ptII/ptolemy/actor/lib/mail/demo/ExceptionEmailer/ExceptionEmailer/index.html
    [junit] 4222 ms. Memory: 2295296K Free: 657202K (29%)
    [junit] ####### 48 Sat Jun 02 14:03:23 UTC 2018 $PTII/bin/ptinvoke ptolemy.vergil.basic.export.ExportModel -force htm -run -openComposites -timeOut 30000 -whiteBackground ptolemy/actor/lib/mail/demo/SendMail/SendMail.xml $PTII/ptolemy/actor/lib/mail/demo/SendMail/SendMail
    [junit] Running .SendMail
    [junit] 33 ms. Memory: 2295296K Free: 552613K (24%)
    [junit] Exported /home/travis/build/icyphy/ptII/ptolemy/actor/lib/mail/demo/SendMail/SendMail/index.html
    [junit] 4198 ms. Memory: 2295296K Free: 516404K (22%)
    [junit] ####### 49 Sat Jun 02 14:03:27 UTC 2018 $PTII/bin/ptinvoke ptolemy.vergil.basic.export.ExportModel -force htm -run -openComposites -timeOut 30000 -whiteBackground ptolemy/actor/lib/python/demo/Ptolemnizer/Ptolemnizer.xml $PTII/ptolemy/actor/lib/python/demo/Ptolemnizer/Ptolemnizer
    [junit] .Ptolemnizer.InteractiveShell invoked SwingUtilities.invokeAndWait()
    [junit] Model ".Ptolemnizer" contains actors such cannot be run  as part of the export process from ExportModel or it has a WebExportParameters value that runBeforeExport set to false. To export run this model and export it, use vergil.
    [junit] Exported /home/travis/build/icyphy/ptII/ptolemy/actor/lib/python/demo/Ptolemnizer/Ptolemnizer/index.html
    [junit] 6789 ms. Memory: 2579456K Free: 1324616K (51%)
    [junit] ####### 50 Sat Jun 02 14:03:34 UTC 2018 $PTII/bin/ptinvoke ptolemy.vergil.basic.export.ExportModel -force htm -run -openComposites -timeOut 30000 -whiteBackground ptolemy/actor/lib/python/demo/PythonScale/PythonScale.xml $PTII/ptolemy/actor/lib/python/demo/PythonScale/PythonScale
    [junit] Running .PythonScale
    [junit] 124 ms. Memory: 2579456K Free: 1213781K (47%)
    [junit] Exported /home/travis/build/icyphy/ptII/ptolemy/actor/lib/python/demo/PythonScale/PythonScale/index.html
    [junit] 4410 ms. Memory: 2579456K Free: 1194077K (46%)
    [junit] ####### 51 Sat Jun 02 14:03:39 UTC 2018 $PTII/bin/ptinvoke ptolemy.vergil.basic.export.ExportModel -force htm  -openComposites -timeOut 30000 -whiteBackground ptolemy/actor/lib/python/demo/RecordManipulation/RecordManipulation.xml $PTII/ptolemy/actor/lib/python/demo/RecordManipulation/RecordManipulation
    [junit] Warning: not running ptolemy/actor/lib/python/demo/RecordManipulation/RecordManipulation.xml. See ptolemy/vergil/basic/export/test/junit/ExportModelJUnitTest.java
    [junit] Exported /home/travis/build/icyphy/ptII/ptolemy/actor/lib/python/demo/RecordManipulation/RecordManipulation/index.html
    [junit] 3291 ms. Memory: 2579456K Free: 1046923K (41%)
    [junit] ####### 52 Sat Jun 02 14:03:42 UTC 2018 $PTII/bin/ptinvoke ptolemy.vergil.basic.export.ExportModel -force htm  -openComposites -timeOut 30000 -whiteBackground ptolemy/actor/lib/r/demo/R3DPlot/R3DPlot.xml $PTII/ptolemy/actor/lib/r/demo/R3DPlot/R3DPlot
    [junit] Warning: not running ptolemy/actor/lib/r/demo/R3DPlot/R3DPlot.xml. See ptolemy/vergil/basic/export/test/junit/ExportModelJUnitTest.java
    [junit] Exported /home/travis/build/icyphy/ptII/ptolemy/actor/lib/r/demo/R3DPlot/R3DPlot/index.html
    [junit] 3230 ms. Memory: 2579456K Free: 936093K (36%)
    [junit] ####### 53 Sat Jun 02 14:03:45 UTC 2018 $PTII/bin/ptinvoke ptolemy.vergil.basic.export.ExportModel -force htm  -openComposites -timeOut 30000 -whiteBackground ptolemy/actor/lib/r/demo/RRecordToDataframe/RRecordToDataframe.xml $PTII/ptolemy/actor/lib/r/demo/RRecordToDataframe/RRecordToDataframe
    [junit] Warning: not running ptolemy/actor/lib/r/demo/RRecordToDataframe/RRecordToDataframe.xml. See ptolemy/vergil/basic/export/test/junit/ExportModelJUnitTest.java
    [junit] Exported /home/travis/build/icyphy/ptII/ptolemy/actor/lib/r/demo/RRecordToDataframe/RRecordToDataframe/index.html
    [junit] 3174 ms. Memory: 2579456K Free: 807103K (31%)
    [junit] ####### 54 Sat Jun 02 14:03:48 UTC 2018 $PTII/bin/ptinvoke ptolemy.vergil.basic.export.ExportModel -force htm  -openComposites -timeOut 30000 -whiteBackground ptolemy/actor/lib/security/demo/Signature/Signature.xml $PTII/ptolemy/actor/lib/security/demo/Signature/Signature
    [junit] Warning: not running ptolemy/actor/lib/security/demo/Signature/Signature.xml. See ptolemy/vergil/basic/export/test/junit/ExportModelJUnitTest.java
    [junit] Exported /home/travis/build/icyphy/ptII/ptolemy/actor/lib/security/demo/Signature/Signature/index.html
    [junit] 3423 ms. Memory: 2577408K Free: 1584137K (61%)
    [junit] ####### 55 Sat Jun 02 14:03:52 UTC 2018 $PTII/bin/ptinvoke ptolemy.vergil.basic.export.ExportModel -force htm -run -openComposites -timeOut 30000 -whiteBackground ptolemy/actor/lib/video/demo/DCT2x2dc/DCT2x2dc.xml $PTII/ptolemy/actor/lib/video/demo/DCT2x2dc/DCT2x2dc
    [junit] Running .DCT2x2dc
    [junit] 55 ms. Memory: 2577408K Free: 1490468K (58%)
    [junit] Exported /home/travis/build/icyphy/ptII/ptolemy/actor/lib/video/demo/DCT2x2dc/DCT2x2dc/index.html
    [junit] 4264 ms. Memory: 2577408K Free: 1470259K (57%)
    [junit] ####### 56 Sat Jun 02 14:03:56 UTC 2018 $PTII/bin/ptinvoke ptolemy.vergil.basic.export.ExportModel -force htm -run -openComposites -timeOut 30000 -whiteBackground ptolemy/actor/lib/video/demo/DCT4x4dc/DCT4x4dc.xml $PTII/ptolemy/actor/lib/video/demo/DCT4x4dc/DCT4x4dc
    [junit] Running .DCT4x4dc
    [junit] 46 ms. Memory: 2577408K Free: 1376604K (53%)
    [junit] Exported /home/travis/build/icyphy/ptII/ptolemy/actor/lib/video/demo/DCT4x4dc/DCT4x4dc/index.html
    [junit] 4248 ms. Memory: 2577408K Free: 1356392K (53%)
    [junit] ####### 57 Sat Jun 02 14:04:00 UTC 2018 $PTII/bin/ptinvoke ptolemy.vergil.basic.export.ExportModel -force htm -run -openComposites -timeOut 30000 -whiteBackground ptolemy/actor/lib/video/demo/DCT8x8/DCT8x8.xml $PTII/ptolemy/actor/lib/video/demo/DCT8x8/DCT8x8
    [junit] Running .DCT8x8
    [junit] 38 ms. Memory: 2577408K Free: 1262692K (49%)
    [junit] Exported /home/travis/build/icyphy/ptII/ptolemy/actor/lib/video/demo/DCT8x8/DCT8x8/index.html
    [junit] 4189 ms. Memory: 2577408K Free: 1242472K (48%)
    [junit] ####### 58 Sat Jun 02 14:04:04 UTC 2018 $PTII/bin/ptinvoke ptolemy.vergil.basic.export.ExportModel -force htm -run -openComposites -timeOut 30000 -whiteBackground ptolemy/actor/lib/xslt/demo/MoMLFileTransformation/MoMLFileTransformation.xml $PTII/ptolemy/actor/lib/xslt/demo/MoMLFileTransformation/MoMLFileTransformation
    [junit] Running .MOMLFileTransformation
    [junit] 634 ms. Memory: 2577408K Free: 1054636K (41%)
    [junit] Exported /home/travis/build/icyphy/ptII/ptolemy/actor/lib/xslt/demo/MoMLFileTransformation/MoMLFileTransformation/index.html
    [junit] 4859 ms. Memory: 2577408K Free: 953394K (37%)
    [junit] ####### 59 Sat Jun 02 14:04:09 UTC 2018 $PTII/bin/ptinvoke ptolemy.vergil.basic.export.ExportModel -force htm -run -openComposites -timeOut 30000 -whiteBackground ptolemy/actor/lib/xslt/demo/XMLInclusion/XMLInclusion.xml $PTII/ptolemy/actor/lib/xslt/demo/XMLInclusion/XMLInclusion
    [junit] Running .XMLInclusion
    [junit] 28 ms. Memory: 2577408K Free: 859739K (33%)
    [junit] Exported /home/travis/build/icyphy/ptII/ptolemy/actor/lib/xslt/demo/XMLInclusion/XMLInclusion/index.html
    [junit] 4169 ms. Memory: 2577408K Free: 759808K (29%)
    [junit] ####### 60 Sat Jun 02 14:04:13 UTC 2018 $PTII/bin/ptinvoke ptolemy.vergil.basic.export.ExportModel -force htm -run -openComposites -timeOut 30000 -whiteBackground ptolemy/actor/parameters/demo/Bouncer/Bouncer.xml $PTII/ptolemy/actor/parameters/demo/Bouncer/Bouncer
    [junit] Running .Bouncer
    [junit] 10020 ms. Memory: 2589184K Free: 1636062K (63%)
    [junit] Exported /home/travis/build/icyphy/ptII/ptolemy/actor/parameters/demo/Bouncer/Bouncer/index.html
    [junit] 14342 ms. Memory: 2589184K Free: 1554625K (60%)
    [junit] ####### 61 Sat Jun 02 14:04:28 UTC 2018 $PTII/bin/ptinvoke ptolemy.vergil.basic.export.ExportModel -force htm -run -openComposites -timeOut 30000 -whiteBackground ptolemy/actor/parameters/demo/SliderParameter/SliderParameter.xml $PTII/ptolemy/actor/parameters/demo/SliderParameter/SliderParameter
    [junit] Running .SliderParameter
    [junit] ExportHTMLTimer went off after 30000 ms., calling getDirector().finish and getDirector().stopFire()
    [junit] 30001 ms. Memory: 2655232K Free: 1433234K (54%)
    [junit] Exported /home/travis/build/icyphy/ptII/ptolemy/actor/parameters/demo/SliderParameter/SliderParameter/index.html
    [junit] 34228 ms. Memory: 2655232K Free: 1356466K (51%)
    [junit] ####### 62 Sat Jun 02 14:05:02 UTC 2018 $PTII/bin/ptinvoke ptolemy.vergil.basic.export.ExportModel -force htm -run -openComposites -timeOut 30000 -whiteBackground ptolemy/actor/ptalon/demo/CruiseControl/CruiseControl.xml $PTII/ptolemy/actor/ptalon/demo/CruiseControl/CruiseControl
    [junit] Running .CruiseControl
    [junit] 56 ms. Memory: 2655232K Free: 1233342K (46%)
    [junit] Exported /home/travis/build/icyphy/ptII/ptolemy/actor/ptalon/demo/CruiseControl/CruiseControl/index.html
    [junit] 4494 ms. Memory: 2655232K Free: 1160464K (44%)
    [junit] ####### 63 Sat Jun 02 14:05:07 UTC 2018 $PTII/bin/ptinvoke ptolemy.vergil.basic.export.ExportModel -force htm -run -openComposites -timeOut 30000 -whiteBackground ptolemy/actor/ptalon/demo/EightChannelFFT/EightChannelFFT.xml $PTII/ptolemy/actor/ptalon/demo/EightChannelFFT/EightChannelFFT
    [junit] Running .EightChannelFFT
    [junit] 38 ms. Memory: 2655232K Free: 998992K (38%)
    [junit] Exported /home/travis/build/icyphy/ptII/ptolemy/actor/ptalon/demo/EightChannelFFT/EightChannelFFT/index.html
    [junit] 5399 ms. Memory: 2649600K Free: 1744843K (66%)
    [junit] ####### 64 Sat Jun 02 14:05:12 UTC 2018 $PTII/bin/ptinvoke ptolemy.vergil.basic.export.ExportModel -force htm -run -openComposites -timeOut 30000 -whiteBackground ptolemy/actor/ptalon/demo/GameOfLife/GameOfLife.xml $PTII/ptolemy/actor/ptalon/demo/GameOfLife/GameOfLife
    [junit] Running .GameOfLife
    [junit] ExportHTMLTimer went off after 30000 ms., calling getDirector().finish and getDirector().stopFire()
    [junit] 30180 ms. Memory: 2649600K Free: 1533466K (58%)
    [junit] Exported /home/travis/build/icyphy/ptII/ptolemy/actor/ptalon/demo/GameOfLife/GameOfLife/index.html
    [junit] 34811 ms. Memory: 2649600K Free: 1416632K (53%)
    [junit] ####### 65 Sat Jun 02 14:05:47 UTC 2018 $PTII/bin/ptinvoke ptolemy.vergil.basic.export.ExportModel -force htm -run -openComposites -timeOut 30000 -whiteBackground ptolemy/actor/ptalon/demo/MapReduce/MapReduce.xml $PTII/ptolemy/actor/ptalon/demo/MapReduce/MapReduce
    [junit] Running .MapReduce
    [junit] 123 ms. Memory: 2649600K Free: 1086841K (41%)
    [junit] Exported /home/travis/build/icyphy/ptII/ptolemy/actor/ptalon/demo/MapReduce/MapReduce/index.html
    [junit] 4801 ms. Memory: 2674688K Free: 1784960K (67%)
    [junit] ####### 66 Sat Jun 02 14:05:52 UTC 2018 $PTII/bin/ptinvoke ptolemy.vergil.basic.export.ExportModel -force htm -run -openComposites -timeOut 30000 -whiteBackground ptolemy/actor/ptalon/demo/ModelChange/ModelChange.xml $PTII/ptolemy/actor/ptalon/demo/ModelChange/ModelChange
    [junit] Running .ModelChange
    [junit] 6 ms. Memory: 2674688K Free: 1692424K (63%)
    [junit] Exported /home/travis/build/icyphy/ptII/ptolemy/actor/ptalon/demo/ModelChange/ModelChange/index.html
    [junit] 4238 ms. Memory: 2674688K Free: 1622915K (61%)
    [junit] ####### 67 Sat Jun 02 14:05:56 UTC 2018 $PTII/bin/ptinvoke ptolemy.vergil.basic.export.ExportModel -force htm -run -openComposites -timeOut 30000 -whiteBackground ptolemy/actor/ptalon/demo/SmallWorld/ParameterSweepSmallWorldFSM.xml $PTII/ptolemy/actor/ptalon/demo/SmallWorld/ParameterSweepSmallWorldFSM
    [junit] Running .ParameterSweepSmallWorldFSM
    [junit] 275 ms. Memory: 2671104K Free: 1747654K (65%)
    [junit] ExportHTMLTimer went off after 30000 ms., calling getDirector().finish and getDirector().stopFire()
    [junit] 30001 ms. Memory: 2750464K Free: 784150K (29%)
    [junit] Exported /home/travis/build/icyphy/ptII/ptolemy/actor/ptalon/demo/SmallWorld/ParameterSweepSmallWorldFSM/index.html
    [junit] 35651 ms. Memory: 2750464K Free: 725498K (26%)
    [junit] ####### 68 Sat Jun 02 14:06:31 UTC 2018 $PTII/bin/ptinvoke ptolemy.vergil.basic.export.ExportModel -force htm -run -openComposites -timeOut 30000 -whiteBackground ptolemy/actor/ptalon/demo/SmallWorld/ParameterSweepSmallWorldSDF.xml $PTII/ptolemy/actor/ptalon/demo/SmallWorld/ParameterSweepSmallWorldSDF
    [junit] Running .ParameterSweepSmallWorldSDF
    [junit] 237 ms. Memory: 2774016K Free: 1047434K (38%)
    [junit] 198 ms. Memory: 2774016K Free: 936913K (34%)
    [junit] 115 ms. Memory: 2774016K Free: 798784K (29%)
    [junit] 112 ms. Memory: 2774016K Free: 688275K (25%)
    [junit] 1165 ms. Memory: 2774016K Free: 688275K (25%)
    [junit] Exported /home/travis/build/icyphy/ptII/ptolemy/actor/ptalon/demo/SmallWorld/ParameterSweepSmallWorldSDF/index.html
    [junit] 6576 ms. Memory: 2774016K Free: 656664K (24%)
    [junit] ####### 69 Sat Jun 02 14:06:38 UTC 2018 $PTII/bin/ptinvoke ptolemy.vergil.basic.export.ExportModel -force htm -run -openComposites -timeOut 30000 -whiteBackground ptolemy/actor/ptalon/demo/SmallWorld/SmallWorld.xml $PTII/ptolemy/actor/ptalon/demo/SmallWorld/SmallWorld
    [junit] Running .SmallWorld
    [junit] 1
    [junit] 1
    [junit] 1
    [junit] 1
    [junit] 1
    [junit] 1
    [junit] 1
    [junit] 1
    [junit] 1
    [junit] 2
    [junit] 2
    [junit] 2
    [junit] 2
    [junit] 2
    [junit] 2
    [junit] 2
    [junit] 2
    [junit] 3
    [junit] 3
    [junit] 3
    [junit] 3
    [junit] 3
    [junit] 3
    [junit] 3
    [junit] 3
    [junit] 3
    [junit] 3
    [junit] 3
    [junit] 3
    [junit] 3
    [junit] 3
    [junit] 4
    [junit] 4
    [junit] 4
    [junit] 4
    [junit] 4
    [junit] 4
    [junit] 4
    [junit] 4
    [junit] 4
    [junit] 5
    [junit] 5
    [junit] 5
    [junit] 5
    [junit] 5
    [junit] 5
    [junit] 6
    [junit] 6
    [junit] 180 ms. Memory: 2770944K Free: 1065180K (38%)
    [junit] Exported /home/travis/build/icyphy/ptII/ptolemy/actor/ptalon/demo/SmallWorld/SmallWorld/index.html
    [junit] 5393 ms. Memory: 2770944K Free: 951933K (34%)
    [junit] ####### 70 Sat Jun 02 14:06:43 UTC 2018 $PTII/bin/ptinvoke ptolemy.vergil.basic.export.ExportModel -force htm -run -openComposites -timeOut 30000 -whiteBackground ptolemy/actor/ptalon/demo/SmallWorld/SmallWorldMultiInstanceComposite.xml $PTII/ptolemy/actor/ptalon/demo/SmallWorld/SmallWorldMultiInstanceComposite
    [junit] Running .SmallWorldMultiInstanceComposite
    [junit] 1
    [junit] 1
    [junit] 1
    [junit] 1
    [junit] 1
    [junit] 1
    [junit] 1
    [junit] 1
    [junit] 1
    [junit] 2
    [junit] 2
    [junit] 2
    [junit] 2
    [junit] 2
    [junit] 2
    [junit] 2
    [junit] 2
    [junit] 3
    [junit] 3
    [junit] 3
    [junit] 3
    [junit] 3
    [junit] 3
    [junit] 3
    [junit] 3
    [junit] 3
    [junit] 3
    [junit] 3
    [junit] 3
    [junit] 3
    [junit] 3
    [junit] 4
    [junit] 4
    [junit] 4
    [junit] 4
    [junit] 4
    [junit] 4
    [junit] 4
    [junit] 4
    [junit] 4
    [junit] 5
    [junit] 5
    [junit] 5
    [junit] 5
    [junit] 5
    [junit] 5
    [junit] 6
    [junit] 6
    [junit] 536 ms. Memory: 2770944K Free: 539972K (19%)
    [junit] Exported /home/travis/build/icyphy/ptII/ptolemy/actor/ptalon/demo/SmallWorld/SmallWorldMultiInstanceComposite/index.html
    [junit] 38282 ms. Memory: 2851840K Free: 874842K (31%)
    [junit] 
    [junit] Error: 
    [junit] [AWT-EventQueue-0] INFO com.github.sarxos.webcam.Webcam - WebcamDefaultDriver capture driver will be used
    [junit] [atomic-processor-1] INFO com.github.sarxos.webcam.ds.cgt.WebcamOpenTask - Opening webcam Dummy Webcam 0
    [junit] Client: Failed to connect: 
    [junit] Connection refused: localhost/127.0.0.1:4000
    [junit] Connection refused
    [junit] ptolemy.kernel.util.IllegalActionException: Failed to connect: 
    [junit] Connection refused: localhost/127.0.0.1:4000
    [junit] Connection refused
    [junit]   in .SocketImage.Client
    [junit] Because:
    [junit] Connection refused: localhost/127.0.0.1:4000
    [junit] 	at ptolemy.actor.lib.jjs.HelperBase$2.run(HelperBase.java:213)
    [junit] 	at ptolemy.actor.lib.jjs.JavaScript.fire(JavaScript.java:1060)
    [junit] 	at ptolemy.domains.de.kernel.DEDirector._fire(DEDirector.java:1948)
    [junit] 	at ptolemy.domains.de.kernel.DEDirector.fire(DEDirector.java:502)
    [junit] 	at ptolemy.actor.CompositeActor.fire(CompositeActor.java:455)
    [junit] 	at ptolemy.actor.Manager.iterate(Manager.java:851)
    [junit] 	at ptolemy.actor.Manager.execute(Manager.java:369)
    [junit] 	at ptolemy.vergil.basic.export.ExportModel$2.run(ExportModel.java:390)
    [junit] 	at java.awt.event.InvocationEvent.dispatch(InvocationEvent.java:301)
    [junit] 	at java.awt.EventQueue.dispatchEventImpl(EventQueue.java:756)
    [junit] 	at java.awt.EventQueue.access$500(EventQueue.java:97)
    [junit] 	at java.awt.EventQueue$3.run(EventQueue.java:709)
    [junit] 	at java.awt.EventQueue$3.run(EventQueue.java:703)
    [junit] 	at java.security.AccessController.doPrivileged(Native Method)
    [junit] 	at java.security.ProtectionDomain$JavaSecurityAccessImpl.doIntersectionPrivilege(ProtectionDomain.java:80)
    [junit] 	at java.awt.EventQueue.dispatchEvent(EventQueue.java:726)
    [junit] 	at java.awt.EventDispatchThread.pumpOneEventForFilters(EventDispatchThread.java:201)
    [junit] 	at java.awt.EventDispatchThread.pumpEventsForFilter(EventDispatchThread.java:116)
    [junit] 	at java.awt.EventDispatchThread.pumpEventsForHierarchy(EventDispatchThread.java:105)
    [junit] 	at java.awt.EventDispatchThread.pumpEvents(EventDispatchThread.java:101)
    [junit] 	at java.awt.EventDispatchThread.pumpEvents(EventDispatchThread.java:93)
    [junit] 	at java.awt.EventDispatchThread.run(EventDispatchThread.java:82)
    [junit] Caused by: io.netty.channel.AbstractChannel$AnnotatedConnectException: Connection refused: localhost/127.0.0.1:4000
    [junit] 	at sun.nio.ch.SocketChannelImpl.checkConnect(Native Method)
    [junit] 	at sun.nio.ch.SocketChannelImpl.finishConnect(SocketChannelImpl.java:717)
    [junit] 	at io.netty.channel.socket.nio.NioSocketChannel.doFinishConnect(NioSocketChannel.java:325)
    [junit] 	at io.netty.channel.nio.AbstractNioChannel$AbstractNioUnsafe.finishConnect(AbstractNioChannel.java:340)
    [junit] 	at io.netty.channel.nio.NioEventLoop.processSelectedKey(NioEventLoop.java:633)
    [junit] 	at io.netty.channel.nio.NioEventLoop.processSelectedKeysOptimized(NioEventLoop.java:580)
    [junit] 	at io.netty.channel.nio.NioEventLoop.processSelectedKeys(NioEventLoop.java:497)
    [junit] 	at io.netty.channel.nio.NioEventLoop.run(NioEventLoop.java:459)
    [junit] 	at io.netty.util.concurrent.SingleThreadEventExecutor$5.run(SingleThreadEventExecutor.java:886)
    [junit] 	at io.netty.util.concurrent.FastThreadLocalRunnable.run(FastThreadLocalRunnable.java:30)
    [junit] 	at java.lang.Thread.run(Thread.java:748)
    [junit] Caused by: java.net.ConnectException: Connection refused
    [junit] 	... 11 more
    [junit] Caused by: io.netty.channel.AbstractChannel$AnnotatedConnectException: Connection refused: localhost/127.0.0.1:4000
    [junit] 	at sun.nio.ch.SocketChannelImpl.checkConnect(Native Method)
    [junit] 	at sun.nio.ch.SocketChannelImpl.finishConnect(SocketChannelImpl.java:717)
    [junit] 	at io.netty.channel.socket.nio.NioSocketChannel.doFinishConnect(NioSocketChannel.java:325)
    [junit] 	at io.netty.channel.nio.AbstractNioChannel$AbstractNioUnsafe.finishConnect(AbstractNioChannel.java:340)
    [junit] 	at io.netty.channel.nio.NioEventLoop.processSelectedKey(NioEventLoop.java:633)
    [junit] 	at io.netty.channel.nio.NioEventLoop.processSelectedKeysOptimized(NioEventLoop.java:580)
    [junit] 	at io.netty.channel.nio.NioEventLoop.processSelectedKeys(NioEventLoop.java:497)
    [junit] 	at io.netty.channel.nio.NioEventLoop.run(NioEventLoop.java:459)
    [junit] 	at io.netty.util.concurrent.SingleThreadEventExecutor$5.run(SingleThreadEventExecutor.java:886)
    [junit] 	at io.netty.util.concurrent.FastThreadLocalRunnable.run(FastThreadLocalRunnable.java:30)
    [junit] 	at java.lang.Thread.run(Thread.java:748)
    [junit] Caused by: java.net.ConnectException: Connection refused
    [junit] 	... 11 more
    [junit] [atomic-processor-1] INFO com.github.sarxos.webcam.ds.cgt.WebcamCloseTask - Closing Dummy Webcam 0
    [junit] Jun 02, 2018 1:48:03 PM org.eclipse.paho.client.mqttv3.internal.ClientState checkForActivity
    [junit] SEVERE: mqttpt_-2669086408410129138: Timed out as no activity, keepAlive=60,000 lastOutboundActivity=1,527,947,223,090 lastInboundActivity=1,527,947,159,296 time=1,527,947,283,090 lastPing=1,527,947,223,090
    [junit] Jun 02, 2018 1:48:03 PM org.eclipse.paho.client.mqttv3.internal.ClientState checkForActivity
    [junit] SEVERE: mqttpt_-2669086408410129138: Timed out as no activity, keepAlive=60,000 lastOutboundActivity=1,527,947,223,101 lastInboundActivity=1,527,947,162,252 time=1,527,947,283,101 lastPing=1,527,947,223,101
    [junit] [atomic-processor-1] INFO com.github.sarxos.webcam.ds.cgt.WebcamOpenTask - Opening webcam Dummy Webcam 0
    [junit] [atomic-processor-1] INFO com.github.sarxos.webcam.ds.cgt.WebcamCloseTask - Closing Dummy Webcam 0
    [junit] ptolemy.kernel.util.IllegalActionException: Exceptions occurred during wrapup:
    [junit] ptolemy.kernel.util.IllegalActionException: Failure executing the wrapup function: Error: TrainableTest2: The input handler of this accessor was never invoked. Usually, this is an error indicating that starvation is occurring. in <function> at line number 393 at column number 16
    [junit]   in .WatchEmulator.TrainableTest2
    [junit] Because:
    [junit] Error: TrainableTest2: The input handler of this accessor was never invoked. Usually, this is an error indicating that starvation is occurring. in <function> at line number 393 at column number 16
    [junit] 
    [junit]   in .WatchEmulator.DE Director
    [junit] Because:
    [junit] Failure executing the wrapup function: Error: TrainableTest2: The input handler of this accessor was never invoked. Usually, this is an error indicating that starvation is occurring. in <function> at line number 393 at column number 16
    [junit]   in .WatchEmulator.TrainableTest2
    [junit] Because:
    [junit] Error: TrainableTest2: The input handler of this accessor was never invoked. Usually, this is an error indicating that starvation is occurring. in <function> at line number 393 at column number 16
    [junit] 	at ptolemy.actor.Director.wrapup(Director.java:1736)
    [junit] 	at ptolemy.domains.de.kernel.DEDirector.wrapup(DEDirector.java:1526)
    [junit] 	at ptolemy.actor.CompositeActor.wrapup(CompositeActor.java:2735)
    [junit] 	at ptolemy.actor.Manager.wrapup(Manager.java:1512)
    [junit] 	at ptolemy.actor.Manager.execute(Manager.java:407)
    [junit] 	at ptolemy.vergil.basic.export.ExportModel$2.run(ExportModel.java:390)
    [junit] 	at java.awt.event.InvocationEvent.dispatch(InvocationEvent.java:301)
    [junit] 	at java.awt.EventQueue.dispatchEventImpl(EventQueue.java:756)
    [junit] 	at java.awt.EventQueue.access$500(EventQueue.java:97)
    [junit] 	at java.awt.EventQueue$3.run(EventQueue.java:709)
    [junit] 	at java.awt.EventQueue$3.run(EventQueue.java:703)
    [junit] 	at java.security.AccessController.doPrivileged(Native Method)
    [junit] 	at java.security.ProtectionDomain$JavaSecurityAccessImpl.doIntersectionPrivilege(ProtectionDomain.java:80)
    [junit] 	at java.awt.EventQueue.dispatchEvent(EventQueue.java:726)
    [junit] 	at java.awt.EventDispatchThread.pumpOneEventForFilters(EventDispatchThread.java:201)
    [junit] 	at java.awt.EventDispatchThread.pumpEventsForFilter(EventDispatchThread.java:116)
    [junit] 	at java.awt.EventDispatchThread.pumpEventsForHierarchy(EventDispatchThread.java:105)
    [junit] 	at java.awt.EventDispatchThread.pumpEvents(EventDispatchThread.java:101)
    [junit] 	at java.awt.EventDispatchThread.pumpEvents(EventDispatchThread.java:93)
    [junit] 	at java.awt.EventDispatchThread.run(EventDispatchThread.java:82)
    [junit] Caused by: ptolemy.kernel.util.IllegalActionException: Failure executing the wrapup function: Error: TrainableTest2: The input handler of this accessor was never invoked. Usually, this is an error indicating that starvation is occurring. in <function> at line number 393 at column number 16
    [junit]   in .WatchEmulator.TrainableTest2
    [junit] Because:
    [junit] Error: TrainableTest2: The input handler of this accessor was never invoked. Usually, this is an error indicating that starvation is occurring. in <function> at line number 393 at column number 16
    [junit] 	at ptolemy.actor.lib.jjs.JavaScript._invokeMethodInContext(JavaScript.java:2231)
    [junit] 	at ptolemy.actor.lib.jjs.JavaScript.wrapup(JavaScript.java:2126)
    [junit] 	at ptolemy.actor.Director.wrapup(Director.java:1722)
    [junit] 	... 19 more
    [junit] Caused by: javax.script.ScriptException: Error: TrainableTest2: The input handler of this accessor was never invoked. Usually, this is an error indicating that starvation is occurring. in <function> at line number 393 at column number 16
    [junit] 	at jdk.nashorn.api.scripting.NashornScriptEngine.throwAsScriptException(NashornScriptEngine.java:470)
    [junit] 	at jdk.nashorn.api.scripting.NashornScriptEngine.invokeImpl(NashornScriptEngine.java:392)
    [junit] 	at jdk.nashorn.api.scripting.NashornScriptEngine.invokeMethod(NashornScriptEngine.java:199)
    [junit] 	at ptolemy.actor.lib.jjs.JavaScript._invokeMethodInContext(JavaScript.java:2208)
    [junit] 	... 21 more
    [junit] Caused by: <function>:393:16 Error: TrainableTest2: The input handler of this accessor was never invoked. Usually, this is an error indicating that starvation is occurring.
    [junit] 	at jdk.nashorn.internal.objects.NativeError.initException(NativeError.java:137)
    [junit] 	at jdk.nashorn.internal.objects.NativeError.<init>(NativeError.java:102)
    [junit] 	at jdk.nashorn.internal.objects.NativeError.<init>(NativeError.java:106)
    [junit] 	at jdk.nashorn.internal.objects.NativeError.<init>(NativeError.java:110)
    [junit] 	at jdk.nashorn.internal.objects.NativeError.constructor(NativeError.java:129)
    [junit] 	at jdk.nashorn.internal.scripts.Script$Recompilation$17578$18537$\^function\_.L:1#wrapup(<function>:393)
    [junit] 	at jdk.nashorn.internal.scripts.Script$Recompilation$17576$30640$require.L:1#Accessor#wrapup(/home/travis/build/icyphy/ptII/ptolemy/actor/lib/jjs/external/require.js#401:30<eval>:683)
    [junit] 	at jdk.nashorn.internal.runtime.ScriptFunctionData.invoke(ScriptFunctionData.java:637)
    [junit] 	at jdk.nashorn.internal.runtime.ScriptFunction.invoke(ScriptFunction.java:494)
    [junit] 	at jdk.nashorn.internal.runtime.ScriptRuntime.apply(ScriptRuntime.java:393)
    [junit] 	at jdk.nashorn.api.scripting.ScriptObjectMirror.callMember(ScriptObjectMirror.java:199)
    [junit] 	at jdk.nashorn.api.scripting.NashornScriptEngine.invokeImpl(NashornScriptEngine.java:386)
    [junit] 	... 23 more
    [junit] Caused by: ptolemy.kernel.util.IllegalActionException: Failure executing the wrapup function: Error: TrainableTest2: The input handler of this accessor was never invoked. Usually, this is an error indicating that starvation is occurring. in <function> at line number 393 at column number 16
    [junit]   in .WatchEmulator.TrainableTest2
    [junit] Because:
    [junit] Error: TrainableTest2: The input handler of this accessor was never invoked. Usually, this is an error indicating that starvation is occurring. in <function> at line number 393 at column number 16
    [junit] 	at ptolemy.actor.lib.jjs.JavaScript._invokeMethodInContext(JavaScript.java:2231)
    [junit] 	at ptolemy.actor.lib.jjs.JavaScript.wrapup(JavaScript.java:2126)
    [junit] 	at ptolemy.actor.Director.wrapup(Director.java:1722)
    [junit] 	at ptolemy.domains.de.kernel.DEDirector.wrapup(DEDirector.java:1526)
    [junit] 	at ptolemy.actor.CompositeActor.wrapup(CompositeActor.java:2735)
    [junit] 	at ptolemy.actor.Manager.wrapup(Manager.java:1512)
    [junit] 	at ptolemy.actor.Manager.execute(Manager.java:407)
    [junit] 	at ptolemy.vergil.basic.export.ExportModel$2.run(ExportModel.java:390)
    [junit] 	at java.awt.event.InvocationEvent.dispatch(InvocationEvent.java:301)
    [junit] 	at java.awt.EventQueue.dispatchEventImpl(EventQueue.java:756)
    [junit] 	at java.awt.EventQueue.access$500(EventQueue.java:97)
    [junit] 	at java.awt.EventQueue$3.run(EventQueue.java:709)
    [junit] 	at java.awt.EventQueue$3.run(EventQueue.java:703)
    [junit] 	at java.security.AccessController.doPrivileged(Native Method)
    [junit] 	at java.security.ProtectionDomain$JavaSecurityAccessImpl.doIntersectionPrivilege(ProtectionDomain.java:80)
    [junit] 	at java.awt.EventQueue.dispatchEvent(EventQueue.java:726)
    [junit] 	at java.awt.EventDispatchThread.pumpOneEventForFilters(EventDispatchThread.java:201)
    [junit] 	at java.awt.EventDispatchThread.pumpEventsForFilter(EventDispatchThread.java:116)
    [junit] 	at java.awt.EventDispatchThread.pumpEventsForHierarchy(EventDispatchThread.java:105)
    [junit] 	at java.awt.EventDispatchThread.pumpEvents(EventDispatchThread.java:101)
    [junit] 	at java.awt.EventDispatchThread.pumpEvents(EventDispatchThread.java:93)
    [junit] 	at java.awt.EventDispatchThread.run(EventDispatchThread.java:82)
    [junit] Caused by: javax.script.ScriptException: Error: TrainableTest2: The input handler of this accessor was never invoked. Usually, this is an error indicating that starvation is occurring. in <function> at line number 393 at column number 16
    [junit] 	at jdk.nashorn.api.scripting.NashornScriptEngine.throwAsScriptException(NashornScriptEngine.java:470)
    [junit] 	at jdk.nashorn.api.scripting.NashornScriptEngine.invokeImpl(NashornScriptEngine.java:392)
    [junit] 	at jdk.nashorn.api.scripting.NashornScriptEngine.invokeMethod(NashornScriptEngine.java:199)
    [junit] 	at ptolemy.actor.lib.jjs.JavaScript._invokeMethodInContext(JavaScript.java:2208)
    [junit] 	... 21 more
    [junit] Caused by: <function>:393:16 Error: TrainableTest2: The input handler of this accessor was never invoked. Usually, this is an error indicating that starvation is occurring.
    [junit] 	at jdk.nashorn.internal.objects.NativeError.initException(NativeError.java:137)
    [junit] 	at jdk.nashorn.internal.objects.NativeError.<init>(NativeError.java:102)
    [junit] 	at jdk.nashorn.internal.objects.NativeError.<init>(NativeError.java:106)
    [junit] 	at jdk.nashorn.internal.objects.NativeError.<init>(NativeError.java:110)
    [junit] 	at jdk.nashorn.internal.objects.NativeError.constructor(NativeError.java:129)
    [junit] 	at jdk.nashorn.internal.scripts.Script$Recompilation$17578$18537$\^function\_.L:1#wrapup(<function>:393)
    [junit] 	at jdk.nashorn.internal.scripts.Script$Recompilation$17576$30640$require.L:1#Accessor#wrapup(/home/travis/build/icyphy/ptII/ptolemy/actor/lib/jjs/external/require.js#401:30<eval>:683)
    [junit] 	at jdk.nashorn.internal.runtime.ScriptFunctionData.invoke(ScriptFunctionData.java:637)
    [junit] 	at jdk.nashorn.internal.runtime.ScriptFunction.invoke(ScriptFunction.java:494)
    [junit] 	at jdk.nashorn.internal.runtime.ScriptRuntime.apply(ScriptRuntime.java:393)
    [junit] 	at jdk.nashorn.api.scripting.ScriptObjectMirror.callMember(ScriptObjectMirror.java:199)
    [junit] 	at jdk.nashorn.api.scripting.NashornScriptEngine.invokeImpl(NashornScriptEngine.java:386)
    [junit] 	... 23 more
    [junit] Caused by: javax.script.ScriptException: Error: TrainableTest2: The input handler of this accessor was never invoked. Usually, this is an error indicating that starvation is occurring. in <function> at line number 393 at column number 16
    [junit] 	at jdk.nashorn.api.scripting.NashornScriptEngine.throwAsScriptException(NashornScriptEngine.java:470)
    [junit] 	at jdk.nashorn.api.scripting.NashornScriptEngine.invokeImpl(NashornScriptEngine.java:392)
    [junit] 	at jdk.nashorn.api.scripting.NashornScriptEngine.invokeMethod(NashornScriptEngine.java:199)
    [junit] 	at ptolemy.actor.lib.jjs.JavaScript._invokeMethodInContext(JavaScript.java:2208)
    [junit] 	at ptolemy.actor.lib.jjs.JavaScript.wrapup(JavaScript.java:2126)
    [junit] 	at ptolemy.actor.Director.wrapup(Director.java:1722)
    [junit] 	at ptolemy.domains.de.kernel.DEDirector.wrapup(DEDirector.java:1526)
    [junit] 	at ptolemy.actor.CompositeActor.wrapup(CompositeActor.java:2735)
    [junit] 	at ptolemy.actor.Manager.wrapup(Manager.java:1512)
    [junit] 	at ptolemy.actor.Manager.execute(Manager.java:407)
    [junit] 	at ptolemy.vergil.basic.export.ExportModel$2.run(ExportModel.java:390)
    [junit] 	at java.awt.event.InvocationEvent.dispatch(InvocationEvent.java:301)
    [junit] 	at java.awt.EventQueue.dispatchEventImpl(EventQueue.java:756)
    [junit] 	at java.awt.EventQueue.access$500(EventQueue.java:97)
    [junit] 	at java.awt.EventQueue$3.run(EventQueue.java:709)
    [junit] 	at java.awt.EventQueue$3.run(EventQueue.java:703)
    [junit] 	at java.security.AccessController.doPrivileged(Native Method)
    [junit] 	at java.security.ProtectionDomain$JavaSecurityAccessImpl.doIntersectionPrivilege(ProtectionDomain.java:80)
    [junit] 	at java.awt.EventQueue.dispatchEvent(EventQueue.java:726)
    [junit] 	at java.awt.EventDispatchThread.pumpOneEventForFilters(EventDispatchThread.java:201)
    [junit] 	at java.awt.EventDispatchThread.pumpEventsForFilter(EventDispatchThread.java:116)
    [junit] 	at java.awt.EventDispatchThread.pumpEventsForHierarchy(EventDispatchThread.java:105)
    [junit] 	at java.awt.EventDispatchThread.pumpEvents(EventDispatchThread.java:101)
    [junit] 	at java.awt.EventDispatchThread.pumpEvents(EventDispatchThread.java:93)
    [junit] 	at java.awt.EventDispatchThread.run(EventDispatchThread.java:82)
    [junit] Caused by: <function>:393:16 Error: TrainableTest2: The input handler of this accessor was never invoked. Usually, this is an error indicating that starvation is occurring.
    [junit] 	at jdk.nashorn.internal.objects.NativeError.initException(NativeError.java:137)
    [junit] 	at jdk.nashorn.internal.objects.NativeError.<init>(NativeError.java:102)
    [junit] 	at jdk.nashorn.internal.objects.NativeError.<init>(NativeError.java:106)
    [junit] 	at jdk.nashorn.internal.objects.NativeError.<init>(NativeError.java:110)
    [junit] 	at jdk.nashorn.internal.objects.NativeError.constructor(NativeError.java:129)
    [junit] 	at jdk.nashorn.internal.scripts.Script$Recompilation$17578$18537$\^function\_.L:1#wrapup(<function>:393)
    [junit] 	at jdk.nashorn.internal.scripts.Script$Recompilation$17576$30640$require.L:1#Accessor#wrapup(/home/travis/build/icyphy/ptII/ptolemy/actor/lib/jjs/external/require.js#401:30<eval>:683)
    [junit] 	at jdk.nashorn.internal.runtime.ScriptFunctionData.invoke(ScriptFunctionData.java:637)
    [junit] 	at jdk.nashorn.internal.runtime.ScriptFunction.invoke(ScriptFunction.java:494)
    [junit] 	at jdk.nashorn.internal.runtime.ScriptRuntime.apply(ScriptRuntime.java:393)
    [junit] 	at jdk.nashorn.api.scripting.ScriptObjectMirror.callMember(ScriptObjectMirror.java:199)
    [junit] 	at jdk.nashorn.api.scripting.NashornScriptEngine.invokeImpl(NashornScriptEngine.java:386)
    [junit] 	... 23 more
    [junit] java.lang.reflect.InvocationTargetException
    [junit] 	at java.awt.EventQueue.invokeAndWait(EventQueue.java:1321)
    [junit] 	at java.awt.EventQueue.invokeAndWait(EventQueue.java:1296)
    [junit] 	at javax.swing.SwingUtilities.invokeAndWait(SwingUtilities.java:1348)
    [junit] 	at ptolemy.vergil.basic.export.ExportModel.exportModel(ExportModel.java:401)
    [junit] 	at ptolemy.vergil.basic.export.test.junit.ExportModelJUnitTest.RunExportModel(ExportModelJUnitTest.java:153)
    [junit] 	at ptolemy.vergil.basic.export.test.junit.ExportModelJUnitTestBatch.RunExportModel(ExportModelJUnitTestBatch.java:97)
    [junit] 	at sun.reflect.GeneratedMethodAccessor18.invoke(Unknown Source)
    [junit] 	at sun.reflect.DelegatingMethodAccessorImpl.invoke(DelegatingMethodAccessorImpl.java:43)
    [junit] 	at java.lang.reflect.Method.invoke(Method.java:498)
    [junit] 	at org.junit.runners.model.FrameworkMethod$1.runReflectiveCall(FrameworkMethod.java:44)
    [junit] 	at org.junit.internal.runners.model.ReflectiveCallable.run(ReflectiveCallable.java:15)
    [junit] 	at org.junit.runners.model.FrameworkMethod.invokeExplosively(FrameworkMethod.java:41)
    [junit] 	at junitparams.internal.InvokeParameterisedMethod.evaluate(InvokeParameterisedMethod.java:102)
    [junit] 	at junitparams.internal.ParameterisedTestMethodRunner.runMethodInvoker(ParameterisedTestMethodRunner.java:47)
    [junit] 	at junitparams.internal.ParameterisedTestMethodRunner.runTestMethod(ParameterisedTestMethodRunner.java:41)
    [junit] 	at junitparams.internal.ParameterisedTestClassRunner.runParameterisedTest(ParameterisedTestClassRunner.java:143)
    [junit] 	at junitparams.JUnitParamsRunner.runChild(JUnitParamsRunner.java:237)
    [junit] 	at junitparams.JUnitParamsRunner.runChild(JUnitParamsRunner.java:215)
    [junit] 	at org.junit.runners.ParentRunner$3.run(ParentRunner.java:193)
    [junit] 	at org.junit.runners.ParentRunner$1.schedule(ParentRunner.java:52)
    [junit] 	at org.junit.runners.ParentRunner.runChildren(ParentRunner.java:191)
    [junit] 	at org.junit.runners.ParentRunner.access$000(ParentRunner.java:42)
    [junit] 	at org.junit.runners.ParentRunner$2.evaluate(ParentRunner.java:184)
    [junit] 	at org.junit.runners.ParentRunner.run(ParentRunner.java:236)
    [junit] 	at junit.framework.JUnit4TestAdapter.run(JUnit4TestAdapter.java:39)
    [junit] 	at org.apache.tools.ant.taskdefs.optional.junit.JUnitTestRunner.run(JUnitTestRunner.java:535)
    [junit] 	at org.apache.tools.ant.taskdefs.optional.junit.JUnitTestRunner.launch(JUnitTestRunner.java:1182)
    [junit] 	at org.apache.tools.ant.taskdefs.optional.junit.JUnitTestRunner.main(JUnitTestRunner.java:1033)
    [junit] Caused by: java.lang.RuntimeException: ptolemy.kernel.util.IllegalActionException: Exceptions occurred during wrapup:
    [junit] ptolemy.kernel.util.IllegalActionException: Failure executing the wrapup function: Error: TrainableTest2: The input handler of this accessor was never invoked. Usually, this is an error indicating that starvation is occurring. in <function> at line number 393 at column number 16
    [junit]   in .WatchEmulator.TrainableTest2
    [junit] Because:
    [junit] Error: TrainableTest2: The input handler of this accessor was never invoked. Usually, this is an error indicating that starvation is occurring. in <function> at line number 393 at column number 16
    [junit] 
    [junit]   in .WatchEmulator.DE Director
    [junit] Because:
    [junit] Failure executing the wrapup function: Error: TrainableTest2: The input handler of this accessor was never invoked. Usually, this is an error indicating that starvation is occurring. in <function> at line number 393 at column number 16
    [junit]   in .WatchEmulator.TrainableTest2
    [junit] Because:
    [junit] Error: TrainableTest2: The input handler of this accessor was never invoked. Usually, this is an error indicating that starvation is occurring. in <function> at line number 393 at column number 16
    [junit] 	at ptolemy.vergil.basic.export.ExportModel$2.run(ExportModel.java:397)
    [junit] 	at java.awt.event.InvocationEvent.dispatch(InvocationEvent.java:301)
    [junit] 	at java.awt.EventQueue.dispatchEventImpl(EventQueue.java:756)
    [junit] 	at java.awt.EventQueue.access$500(EventQueue.java:97)
    [junit] 	at java.awt.EventQueue$3.run(EventQueue.java:709)
    [junit] 	at java.awt.EventQueue$3.run(EventQueue.java:703)
    [junit] 	at java.security.AccessController.doPrivileged(Native Method)
    [junit] 	at java.security.ProtectionDomain$JavaSecurityAccessImpl.doIntersectionPrivilege(ProtectionDomain.java:80)
    [junit] 	at java.awt.EventQueue.dispatchEvent(EventQueue.java:726)
    [junit] 	at java.awt.EventDispatchThread.pumpOneEventForFilters(EventDispatchThread.java:201)
    [junit] 	at java.awt.EventDispatchThread.pumpEventsForFilter(EventDispatchThread.java:116)
    [junit] 	at java.awt.EventDispatchThread.pumpEventsForHierarchy(EventDispatchThread.java:105)
    [junit] 	at java.awt.EventDispatchThread.pumpEvents(EventDispatchThread.java:101)
    [junit] 	at java.awt.EventDispatchThread.pumpEvents(EventDispatchThread.java:93)
    [junit] 	at java.awt.EventDispatchThread.run(EventDispatchThread.java:82)
    [junit] Caused by: ptolemy.kernel.util.IllegalActionException: Exceptions occurred during wrapup:
    [junit] ptolemy.kernel.util.IllegalActionException: Failure executing the wrapup function: Error: TrainableTest2: The input handler of this accessor was never invoked. Usually, this is an error indicating that starvation is occurring. in <function> at line number 393 at column number 16
    [junit]   in .WatchEmulator.TrainableTest2
    [junit] Because:
    [junit] Error: TrainableTest2: The input handler of this accessor was never invoked. Usually, this is an error indicating that starvation is occurring. in <function> at line number 393 at column number 16
    [junit] 
    [junit]   in .WatchEmulator.DE Director
    [junit] Because:
    [junit] Failure executing the wrapup function: Error: TrainableTest2: The input handler of this accessor was never invoked. Usually, this is an error indicating that starvation is occurring. in <function> at line number 393 at column number 16
    [junit]   in .WatchEmulator.TrainableTest2
    [junit] Because:
    [junit] Error: TrainableTest2: The input handler of this accessor was never invoked. Usually, this is an error indicating that starvation is occurring. in <function> at line number 393 at column number 16
    [junit] 	at ptolemy.actor.Director.wrapup(Director.java:1736)
    [junit] 	at ptolemy.domains.de.kernel.DEDirector.wrapup(DEDirector.java:1526)
    [junit] 	at ptolemy.actor.CompositeActor.wrapup(CompositeActor.java:2735)
    [junit] 	at ptolemy.actor.Manager.wrapup(Manager.java:1512)
    [junit] 	at ptolemy.actor.Manager.execute(Manager.java:407)
    [junit] 	at ptolemy.vergil.basic.export.ExportModel$2.run(ExportModel.java:390)
    [junit] 	... 14 more
    [junit] Caused by: ptolemy.kernel.util.IllegalActionException: Failure executing the wrapup function: Error: TrainableTest2: The input handler of this accessor was never invoked. Usually, this is an error indicating that starvation is occurring. in <function> at line number 393 at column number 16
    [junit]   in .WatchEmulator.TrainableTest2
    [junit] Because:
    [junit] Error: TrainableTest2: The input handler of this accessor was never invoked. Usually, this is an error indicating that starvation is occurring. in <function> at line number 393 at column number 16
    [junit] 	at ptolemy.actor.lib.jjs.JavaScript._invokeMethodInContext(JavaScript.java:2231)
    [junit] 	at ptolemy.actor.lib.jjs.JavaScript.wrapup(JavaScript.java:2126)
    [junit] 	at ptolemy.actor.Director.wrapup(Director.java:1722)
    [junit] 	... 19 more
    [junit] Caused by: javax.script.ScriptException: Error: TrainableTest2: The input handler of this accessor was never invoked. Usually, this is an error indicating that starvation is occurring. in <function> at line number 393 at column number 16
    [junit] 	at jdk.nashorn.api.scripting.NashornScriptEngine.throwAsScriptException(NashornScriptEngine.java:470)
    [junit] 	at jdk.nashorn.api.scripting.NashornScriptEngine.invokeImpl(NashornScriptEngine.java:392)
    [junit] 	at jdk.nashorn.api.scripting.NashornScriptEngine.invokeMethod(NashornScriptEngine.java:199)
    [junit] 	at ptolemy.actor.lib.jjs.JavaScript._invokeMethodInContext(JavaScript.java:2208)
    [junit] 	... 21 more
    [junit] Caused by: <function>:393:16 Error: TrainableTest2: The input handler of this accessor was never invoked. Usually, this is an error indicating that starvation is occurring.
    [junit] 	at jdk.nashorn.internal.objects.NativeError.initException(NativeError.java:137)
    [junit] 	at jdk.nashorn.internal.objects.NativeError.<init>(NativeError.java:102)
    [junit] 	at jdk.nashorn.internal.objects.NativeError.<init>(NativeError.java:106)
    [junit] 	at jdk.nashorn.internal.objects.NativeError.<init>(NativeError.java:110)
    [junit] 	at jdk.nashorn.internal.objects.NativeError.constructor(NativeError.java:129)
    [junit] 	at jdk.nashorn.internal.scripts.Script$Recompilation$17578$18537$\^function\_.L:1#wrapup(<function>:393)
    [junit] 	at jdk.nashorn.internal.scripts.Script$Recompilation$17576$30640$require.L:1#Accessor#wrapup(/home/travis/build/icyphy/ptII/ptolemy/actor/lib/jjs/external/require.js#401:30<eval>:683)
    [junit] 	at jdk.nashorn.internal.runtime.ScriptFunctionData.invoke(ScriptFunctionData.java:637)
    [junit] 	at jdk.nashorn.internal.runtime.ScriptFunction.invoke(ScriptFunction.java:494)
    [junit] 	at jdk.nashorn.internal.runtime.ScriptRuntime.apply(ScriptRuntime.java:393)
    [junit] 	at jdk.nashorn.api.scripting.ScriptObjectMirror.callMember(ScriptObjectMirror.java:199)
    [junit] 	at jdk.nashorn.api.scripting.NashornScriptEngine.invokeImpl(NashornScriptEngine.java:386)
    [junit] 	... 23 more
    [junit] WARNING: Clock: Model stopped before executing actions (e.g. producing outputs) scheduled for execution at times [27.0]
    [junit] WARNING: Clock: Model stopped before executing actions (e.g. producing outputs) scheduled for execution at times [11.0]
    [junit] WARNING: Clock: Model stopped before executing actions (e.g. producing outputs) scheduled for execution at times [11.0]
    [junit] [atomic-processor-1] INFO com.github.sarxos.webcam.ds.cgt.WebcamOpenTask - Opening webcam Dummy Webcam 0
    [junit] [atomic-processor-1] INFO com.github.sarxos.webcam.ds.cgt.WebcamCloseTask - Closing Dummy Webcam 0
    [junit] JavaScript: Connection failed after 11 tries: Connection refused: localhost/127.0.0.1:8080
    [junit] Connection refused
    [junit] JavaScript: Connection failed after 11 tries: Connection refused: localhost/127.0.0.1:1984
    [junit] Connection refused
    [junit] WARNING: WebSocketServer: Model stopped before executing actions (e.g. producing outputs) scheduled for execution at times [9.223372036854776E8]
    [junit] WARNING: TestSpontaneous: Model stopped before executing actions (e.g. producing outputs) scheduled for execution at times [24.0]
    [junit] WARNING: Invoking send() too late (probably in a callback), so WebSocketServer is not able to send the token {socketID = 0, status = "closed"} to the output connection. Token is discarded.
    [junit] WARNING: Invoking send() too late (probably in a callback), so WebSocketServer is not able to send the token {socketID = 0, status = "closed"} to the output connection. Token is discarded.
    [junit] [atomic-processor-1] INFO com.github.sarxos.webcam.ds.cgt.WebcamOpenTask - Opening webcam Dummy Webcam 0
    [junit] WARNING: Invoking send() too late (probably in a callback), so Camera is not able to send the token {type="class ptolemy.data.AWTImageToken", width="640", height="480"} to the output image. Token is discarded.
    [junit] [atomic-processor-1] INFO com.github.sarxos.webcam.ds.cgt.WebcamCloseTask - Closing Dummy Webcam 0
    [junit] WARNING: TestSpontaneous: Model stopped before executing actions (e.g. producing outputs) scheduled for execution at times [12.5]
    [junit] Warning: Running an XSLT 1.0 stylesheet with an XSLT 2.0 processor
    [junit] Warning: Running an XSLT 1.0 stylesheet with an XSLT 2.0 processor
    [junit] Warning: Running an XSLT 1.0 stylesheet with an XSLT 2.0 processor
    [junit] 
    [junit] Test ptolemy.vergil.basic.export.test.junit.ExportModelJUnitTestBatch3 FAILED

BUILD SUCCESSFUL
Total time: 23 minutes 38 seconds
