<?xml version="1.0" encoding="UTF-8" ?>
<testsuite errors="0" failures="0" hostname="travis-job-cdda5081-0b2f-4a14-a711-5e2441e5f8c8" name="ptolemy.domains.modal.test.junit.JUnitTclTest" skipped="0" tests="148" time="12.531" timestamp="2019-10-10T20:37:44">
  <properties>
[...]
</properties>
  <testcase classname="ptolemy.util.test.junit.TclTests" name="[0] /home/travis/build/icyphy/ptII/ptolemy/domains/modal/test/SystemLevelType.tcl (RunTclFile)" time="2.413" />
  <testcase classname="ptolemy.util.test.junit.AutoKnownFailedTests" name="[0] /home/travis/build/icyphy/ptII/ptolemy/domains/modal/test/auto/knownFailedTests/CannotAnalysisWithPreemption.xml (RunModel)" time="0.356" />
  <testcase classname="ptolemy.util.test.junit.AutoNameArchTests" name="[0] ThereAreNoAutoArchTests (RunModel)" time="0.002" />
  <testcase classname="ptolemy.util.test.junit.AutoTests" name="[0] /home/travis/build/icyphy/ptII/ptolemy/domains/modal/test/auto/ABPTest.xml (RunModel)" time="1.006" />
  <testcase classname="ptolemy.util.test.junit.AutoTests" name="[1] /home/travis/build/icyphy/ptII/ptolemy/domains/modal/test/auto/ABROFlat.xml (RunModel)" time="0.106" />
  <testcase classname="ptolemy.util.test.junit.AutoTests" name="[2] /home/travis/build/icyphy/ptII/ptolemy/domains/modal/test/auto/ABROFlat2.xml (RunModel)" time="0.095" />
  <testcase classname="ptolemy.util.test.junit.AutoTests" name="[3] /home/travis/build/icyphy/ptII/ptolemy/domains/modal/test/auto/ABRO_present_hmm.xml (RunModel)" time="0.142" />
  <testcase classname="ptolemy.util.test.junit.AutoTests" name="[4] /home/travis/build/icyphy/ptII/ptolemy/domains/modal/test/auto/AMICoderExample.xml (RunModel)" time="0.116" />
  <testcase classname="ptolemy.util.test.junit.AutoTests" name="[5] /home/travis/build/icyphy/ptII/ptolemy/domains/modal/test/auto/AbsentToPresent.xml (RunModel)" time="0.028" />
  <testcase classname="ptolemy.util.test.junit.AutoTests" name="[6] /home/travis/build/icyphy/ptII/ptolemy/domains/modal/test/auto/Blending.xml (RunModel)" time="0.319" />
  <testcase classname="ptolemy.util.test.junit.AutoTests" name="[7] /home/travis/build/icyphy/ptII/ptolemy/domains/modal/test/auto/Broadcast.xml (RunModel)" time="0.055" />
  <testcase classname="ptolemy.util.test.junit.AutoTests" name="[8] /home/travis/build/icyphy/ptII/ptolemy/domains/modal/test/auto/BroadcastHierarchy.xml (RunModel)" time="0.072" />
  <testcase classname="ptolemy.util.test.junit.AutoTests" name="[9] /home/travis/build/icyphy/ptII/ptolemy/domains/modal/test/auto/BroadcastHierarchy2.xml (RunModel)" time="0.149" />
  <testcase classname="ptolemy.util.test.junit.AutoTests" name="[10] /home/travis/build/icyphy/ptII/ptolemy/domains/modal/test/auto/BroadcastHierarchy3.xml (RunModel)" time="0.088" />
  <testcase classname="ptolemy.util.test.junit.AutoTests" name="[11] /home/travis/build/icyphy/ptII/ptolemy/domains/modal/test/auto/BroadcastHierarchy4.xml (RunModel)" time="0.108" />
  <testcase classname="ptolemy.util.test.junit.AutoTests" name="[12] /home/travis/build/icyphy/ptII/ptolemy/domains/modal/test/auto/CannotAnalysisWithPreemption2.xml (RunModel)" time="0.04" />
  <testcase classname="ptolemy.util.test.junit.AutoTests" name="[13] /home/travis/build/icyphy/ptII/ptolemy/domains/modal/test/auto/CannotAnalysisWithPreemption3.xml (RunModel)" time="0.066" />
  <testcase classname="ptolemy.util.test.junit.AutoTests" name="[14] /home/travis/build/icyphy/ptII/ptolemy/domains/modal/test/auto/CannotProduce.xml (RunModel)" time="0.03" />
  <testcase classname="ptolemy.util.test.junit.AutoTests" name="[15] /home/travis/build/icyphy/ptII/ptolemy/domains/modal/test/auto/CannotProduceModal.xml (RunModel)" time="0.03" />
  <testcase classname="ptolemy.util.test.junit.AutoTests" name="[16] /home/travis/build/icyphy/ptII/ptolemy/domains/modal/test/auto/Case.xml (RunModel)" time="0.078" />
  <testcase classname="ptolemy.util.test.junit.AutoTests" name="[17] /home/travis/build/icyphy/ptII/ptolemy/domains/modal/test/auto/Case1.xml (RunModel)" time="0.042" />
  <testcase classname="ptolemy.util.test.junit.AutoTests" name="[18] /home/travis/build/icyphy/ptII/ptolemy/domains/modal/test/auto/Case2.xml (RunModel)" time="0.087" />
  <testcase classname="ptolemy.util.test.junit.AutoTests" name="[19] /home/travis/build/icyphy/ptII/ptolemy/domains/modal/test/auto/CausalityInterface1.xml (RunModel)" time="0.043" />
  <testcase classname="ptolemy.util.test.junit.AutoTests" name="[20] /home/travis/build/icyphy/ptII/ptolemy/domains/modal/test/auto/CausalityInterface10.xml (RunModel)" time="0.059" />
  <testcase classname="ptolemy.util.test.junit.AutoTests" name="[21] /home/travis/build/icyphy/ptII/ptolemy/domains/modal/test/auto/CausalityInterface11.xml (RunModel)" time="0.057" />
  <testcase classname="ptolemy.util.test.junit.AutoTests" name="[22] /home/travis/build/icyphy/ptII/ptolemy/domains/modal/test/auto/CausalityInterface12.xml (RunModel)" time="0.059" />
  <testcase classname="ptolemy.util.test.junit.AutoTests" name="[23] /home/travis/build/icyphy/ptII/ptolemy/domains/modal/test/auto/CausalityInterface13.xml (RunModel)" time="0.051" />
  <testcase classname="ptolemy.util.test.junit.AutoTests" name="[24] /home/travis/build/icyphy/ptII/ptolemy/domains/modal/test/auto/CausalityInterface14.xml (RunModel)" time="0.046" />
  <testcase classname="ptolemy.util.test.junit.AutoTests" name="[25] /home/travis/build/icyphy/ptII/ptolemy/domains/modal/test/auto/CausalityInterface2.xml (RunModel)" time="0.031" />
  <testcase classname="ptolemy.util.test.junit.AutoTests" name="[26] /home/travis/build/icyphy/ptII/ptolemy/domains/modal/test/auto/CausalityInterface3.xml (RunModel)" time="0.025" />
  <testcase classname="ptolemy.util.test.junit.AutoTests" name="[27] /home/travis/build/icyphy/ptII/ptolemy/domains/modal/test/auto/CausalityInterface4.xml (RunModel)" time="0.026" />
  <testcase classname="ptolemy.util.test.junit.AutoTests" name="[28] /home/travis/build/icyphy/ptII/ptolemy/domains/modal/test/auto/CausalityInterface5.xml (RunModel)" time="0.044" />
  <testcase classname="ptolemy.util.test.junit.AutoTests" name="[29] /home/travis/build/icyphy/ptII/ptolemy/domains/modal/test/auto/CausalityInterface6.xml (RunModel)" time="0.056" />
  <testcase classname="ptolemy.util.test.junit.AutoTests" name="[30] /home/travis/build/icyphy/ptII/ptolemy/domains/modal/test/auto/CausalityInterface7.xml (RunModel)" time="0.031" />
  <testcase classname="ptolemy.util.test.junit.AutoTests" name="[31] /home/travis/build/icyphy/ptII/ptolemy/domains/modal/test/auto/CausalityInterface8.xml (RunModel)" time="0.038" />
  <testcase classname="ptolemy.util.test.junit.AutoTests" name="[32] /home/travis/build/icyphy/ptII/ptolemy/domains/modal/test/auto/CausalityInterface9.xml (RunModel)" time="0.03" />
  <testcase classname="ptolemy.util.test.junit.AutoTests" name="[33] /home/travis/build/icyphy/ptII/ptolemy/domains/modal/test/auto/ChainedTransitions.xml (RunModel)" time="0.15" />
  <testcase classname="ptolemy.util.test.junit.AutoTests" name="[34] /home/travis/build/icyphy/ptII/ptolemy/domains/modal/test/auto/CycleOfImmediateTransitionsFSM.xml (RunModel)" time="0.023" />
  <testcase classname="ptolemy.util.test.junit.AutoTests" name="[35] /home/travis/build/icyphy/ptII/ptolemy/domains/modal/test/auto/CycleOfImmediateTransitionsModal.xml (RunModel)" time="0.035" />
  <testcase classname="ptolemy.util.test.junit.AutoTests" name="[36] /home/travis/build/icyphy/ptII/ptolemy/domains/modal/test/auto/CycleOfImmediateTransitionsModal2.xml (RunModel)" time="0.023" />
  <testcase classname="ptolemy.util.test.junit.AutoTests" name="[37] /home/travis/build/icyphy/ptII/ptolemy/domains/modal/test/auto/CycleOfImmediateTransitionsModal3.xml (RunModel)" time="0.073" />
  <testcase classname="ptolemy.util.test.junit.AutoTests" name="[38] /home/travis/build/icyphy/ptII/ptolemy/domains/modal/test/auto/DeepModal1.xml (RunModel)" time="0.063" />
  <testcase classname="ptolemy.util.test.junit.AutoTests" name="[39] /home/travis/build/icyphy/ptII/ptolemy/domains/modal/test/auto/DeepModal2.xml (RunModel)" time="0.098" />
  <testcase classname="ptolemy.util.test.junit.AutoTests" name="[40] /home/travis/build/icyphy/ptII/ptolemy/domains/modal/test/auto/DeepModal3.xml (RunModel)" time="0.074" />
  <testcase classname="ptolemy.util.test.junit.AutoTests" name="[41] /home/travis/build/icyphy/ptII/ptolemy/domains/modal/test/auto/DeepModal4.xml (RunModel)" time="0.087" />
  <testcase classname="ptolemy.util.test.junit.AutoTests" name="[42] /home/travis/build/icyphy/ptII/ptolemy/domains/modal/test/auto/Default1.xml (RunModel)" time="0.018" />
  <testcase classname="ptolemy.util.test.junit.AutoTests" name="[43] /home/travis/build/icyphy/ptII/ptolemy/domains/modal/test/auto/Default2.xml (RunModel)" time="0.024" />
  <testcase classname="ptolemy.util.test.junit.AutoTests" name="[44] /home/travis/build/icyphy/ptII/ptolemy/domains/modal/test/auto/Default3.xml (RunModel)" time="0.025" />
  <testcase classname="ptolemy.util.test.junit.AutoTests" name="[45] /home/travis/build/icyphy/ptII/ptolemy/domains/modal/test/auto/Default4.xml (RunModel)" time="0.019" />
  <testcase classname="ptolemy.util.test.junit.AutoTests" name="[46] /home/travis/build/icyphy/ptII/ptolemy/domains/modal/test/auto/Default5.xml (RunModel)" time="0.028" />
  <testcase classname="ptolemy.util.test.junit.AutoTests" name="[47] /home/travis/build/icyphy/ptII/ptolemy/domains/modal/test/auto/EmptyGuard.xml (RunModel)" time="0.037" />
  <testcase classname="ptolemy.util.test.junit.AutoTests" name="[48] /home/travis/build/icyphy/ptII/ptolemy/domains/modal/test/auto/ErrorTransition1.xml (RunModel)" time="0.037" />
  <testcase classname="ptolemy.util.test.junit.AutoTests" name="[49] /home/travis/build/icyphy/ptII/ptolemy/domains/modal/test/auto/ErrorTransition10.xml (RunModel)" time="0.064" />
  <testcase classname="ptolemy.util.test.junit.AutoTests" name="[50] /home/travis/build/icyphy/ptII/ptolemy/domains/modal/test/auto/ErrorTransition11.xml (RunModel)" time="0.042" />
  <testcase classname="ptolemy.util.test.junit.AutoTests" name="[51] /home/travis/build/icyphy/ptII/ptolemy/domains/modal/test/auto/ErrorTransition2.xml (RunModel)" time="0.038" />
  <testcase classname="ptolemy.util.test.junit.AutoTests" name="[52] /home/travis/build/icyphy/ptII/ptolemy/domains/modal/test/auto/ErrorTransition3.xml (RunModel)" time="0.061" />
  <testcase classname="ptolemy.util.test.junit.AutoTests" name="[53] /home/travis/build/icyphy/ptII/ptolemy/domains/modal/test/auto/ErrorTransition4.xml (RunModel)" time="0.048" />
  <testcase classname="ptolemy.util.test.junit.AutoTests" name="[54] /home/travis/build/icyphy/ptII/ptolemy/domains/modal/test/auto/ErrorTransition5.xml (RunModel)" time="0.031" />
  <testcase classname="ptolemy.util.test.junit.AutoTests" name="[55] /home/travis/build/icyphy/ptII/ptolemy/domains/modal/test/auto/ErrorTransition6.xml (RunModel)" time="0.04" />
  <testcase classname="ptolemy.util.test.junit.AutoTests" name="[56] /home/travis/build/icyphy/ptII/ptolemy/domains/modal/test/auto/ErrorTransition7.xml (RunModel)" time="0.054" />
  <testcase classname="ptolemy.util.test.junit.AutoTests" name="[57] /home/travis/build/icyphy/ptII/ptolemy/domains/modal/test/auto/ErrorTransition8.xml (RunModel)" time="0.057" />
  <testcase classname="ptolemy.util.test.junit.AutoTests" name="[58] /home/travis/build/icyphy/ptII/ptolemy/domains/modal/test/auto/ErrorTransition9.xml (RunModel)" time="0.051" />
  <testcase classname="ptolemy.util.test.junit.AutoTests" name="[59] /home/travis/build/icyphy/ptII/ptolemy/domains/modal/test/auto/ExtendedFSM.xml (RunModel)" time="0.032" />
  <testcase classname="ptolemy.util.test.junit.AutoTests" name="[60] /home/travis/build/icyphy/ptII/ptolemy/domains/modal/test/auto/FinalStates.xml (RunModel)" time="0.026" />
  <testcase classname="ptolemy.util.test.junit.AutoTests" name="[61] /home/travis/build/icyphy/ptII/ptolemy/domains/modal/test/auto/FixedPointFSM.xml (RunModel)" time="0.075" />
  <testcase classname="ptolemy.util.test.junit.AutoTests" name="[62] /home/travis/build/icyphy/ptII/ptolemy/domains/modal/test/auto/FixedPointIterationFSMActor.xml (RunModel)" time="0.052" />
  <testcase classname="ptolemy.util.test.junit.AutoTests" name="[63] /home/travis/build/icyphy/ptII/ptolemy/domains/modal/test/auto/FixedPointIterationFSMActor2.xml (RunModel)" time="0.041" />
  <testcase classname="ptolemy.util.test.junit.AutoTests" name="[64] /home/travis/build/icyphy/ptII/ptolemy/domains/modal/test/auto/ForbiddenInstantanousLoop.xml (RunModel)" time="0.041" />
  <testcase classname="ptolemy.util.test.junit.AutoTests" name="[65] /home/travis/build/icyphy/ptII/ptolemy/domains/modal/test/auto/FunctionDependencyOfFSMActorTest.xml (RunModel)" time="0.033" />
  <testcase classname="ptolemy.util.test.junit.AutoTests" name="[66] /home/travis/build/icyphy/ptII/ptolemy/domains/modal/test/auto/GuardExpression.xml (RunModel)" time="0.017" />
  <testcase classname="ptolemy.util.test.junit.AutoTests" name="[67] /home/travis/build/icyphy/ptII/ptolemy/domains/modal/test/auto/GuardNotEvaluated.xml (RunModel)" time="0.031" />
  <testcase classname="ptolemy.util.test.junit.AutoTests" name="[68] /home/travis/build/icyphy/ptII/ptolemy/domains/modal/test/auto/GuardNotEvaluated2.xml (RunModel)" time="0.025" />
  <testcase classname="ptolemy.util.test.junit.AutoTests" name="[69] /home/travis/build/icyphy/ptII/ptolemy/domains/modal/test/auto/GuardOnAbsent.xml (RunModel)" time="0.025" />
  <testcase classname="ptolemy.util.test.junit.AutoTests" name="[70] /home/travis/build/icyphy/ptII/ptolemy/domains/modal/test/auto/HierarchicalFSMTypeInference.xml (RunModel)" time="0.035" />
  <testcase classname="ptolemy.util.test.junit.AutoTests" name="[71] /home/travis/build/icyphy/ptII/ptolemy/domains/modal/test/auto/Hysteresis.xml (RunModel)" time="0.053" />
  <testcase classname="ptolemy.util.test.junit.AutoTests" name="[72] /home/travis/build/icyphy/ptII/ptolemy/domains/modal/test/auto/HysteresisWithDefault.xml (RunModel)" time="0.086" />
  <testcase classname="ptolemy.util.test.junit.AutoTests" name="[73] /home/travis/build/icyphy/ptII/ptolemy/domains/modal/test/auto/HysteresisWithDefault2.xml (RunModel)" time="0.095" />
  <testcase classname="ptolemy.util.test.junit.AutoTests" name="[74] /home/travis/build/icyphy/ptII/ptolemy/domains/modal/test/auto/ImmediateNonConstructiveness.xml (RunModel)" time="0.019" />
  <testcase classname="ptolemy.util.test.junit.AutoTests" name="[75] /home/travis/build/icyphy/ptII/ptolemy/domains/modal/test/auto/ImmediateNonConstructiveness2.xml (RunModel)" time="0.019" />
  <testcase classname="ptolemy.util.test.junit.AutoTests" name="[76] /home/travis/build/icyphy/ptII/ptolemy/domains/modal/test/auto/ImmediateTransitionReset.xml (RunModel)" time="0.036" />
  <testcase classname="ptolemy.util.test.junit.AutoTests" name="[77] /home/travis/build/icyphy/ptII/ptolemy/domains/modal/test/auto/ImmediateTransitions1.xml (RunModel)" time="0.015" />
  <testcase classname="ptolemy.util.test.junit.AutoTests" name="[78] /home/travis/build/icyphy/ptII/ptolemy/domains/modal/test/auto/ImmediateTransitionsInstantaneousCommunication.xml (RunModel)" time="0.043" />
  <testcase classname="ptolemy.util.test.junit.AutoTests" name="[79] /home/travis/build/icyphy/ptII/ptolemy/domains/modal/test/auto/InitialImmediateTransition.xml (RunModel)" time="0.019" />
  <testcase classname="ptolemy.util.test.junit.AutoTests" name="[80] /home/travis/build/icyphy/ptII/ptolemy/domains/modal/test/auto/InitialOutputs.xml (RunModel)" time="0.017" />
  <testcase classname="ptolemy.util.test.junit.AutoTests" name="[81] /home/travis/build/icyphy/ptII/ptolemy/domains/modal/test/auto/InitialStateTransition1.xml (RunModel)" time="0.025" />
  <testcase classname="ptolemy.util.test.junit.AutoTests" name="[82] /home/travis/build/icyphy/ptII/ptolemy/domains/modal/test/auto/InitialStateTransition2.xml (RunModel)" time="0.027" />
  <testcase classname="ptolemy.util.test.junit.AutoTests" name="[83] /home/travis/build/icyphy/ptII/ptolemy/domains/modal/test/auto/InitialStateTransition3.xml (RunModel)" time="0.027" />
  <testcase classname="ptolemy.util.test.junit.AutoTests" name="[84] /home/travis/build/icyphy/ptII/ptolemy/domains/modal/test/auto/InitialStateTransition4.xml (RunModel)" time="0.031" />
  <testcase classname="ptolemy.util.test.junit.AutoTests" name="[85] /home/travis/build/icyphy/ptII/ptolemy/domains/modal/test/auto/MalformedGuardExpressionNotCaught.xml (RunModel)" time="0.03" />
  <testcase classname="ptolemy.util.test.junit.AutoTests" name="[86] /home/travis/build/icyphy/ptII/ptolemy/domains/modal/test/auto/ModalBSC.xml (RunModel)" time="0.115" />
  <testcase classname="ptolemy.util.test.junit.AutoTests" name="[87] /home/travis/build/icyphy/ptII/ptolemy/domains/modal/test/auto/ModalClocks.xml (RunModel)" time="0.118" />
  <testcase classname="ptolemy.util.test.junit.AutoTests" name="[88] /home/travis/build/icyphy/ptII/ptolemy/domains/modal/test/auto/ModalDelay.xml (RunModel)" time="0.053" />
  <testcase classname="ptolemy.util.test.junit.AutoTests" name="[89] /home/travis/build/icyphy/ptII/ptolemy/domains/modal/test/auto/ModalDelay2.xml (RunModel)" time="0.05" />
  <testcase classname="ptolemy.util.test.junit.AutoTests" name="[90] /home/travis/build/icyphy/ptII/ptolemy/domains/modal/test/auto/ModalModelFromMemo.xml (RunModel)" time="0.064" />
  <testcase classname="ptolemy.util.test.junit.AutoTests" name="[91] /home/travis/build/icyphy/ptII/ptolemy/domains/modal/test/auto/ModalModelWithMultirateTransient.xml (RunModel)" time="0.061" />
  <testcase classname="ptolemy.util.test.junit.AutoTests" name="[92] /home/travis/build/icyphy/ptII/ptolemy/domains/modal/test/auto/ModalModelWithReset.xml (RunModel)" time="0.065" />
  <testcase classname="ptolemy.util.test.junit.AutoTests" name="[93] /home/travis/build/icyphy/ptII/ptolemy/domains/modal/test/auto/MouseClickFSM.xml (RunModel)" time="0.048" />
  <testcase classname="ptolemy.util.test.junit.AutoTests" name="[94] /home/travis/build/icyphy/ptII/ptolemy/domains/modal/test/auto/MouseClickFSMModal.xml (RunModel)" time="0.035" />
  <testcase classname="ptolemy.util.test.junit.AutoTests" name="[95] /home/travis/build/icyphy/ptII/ptolemy/domains/modal/test/auto/NonStrictFSM_FeedbackLoop.xml (RunModel)" time="0.051" />
  <testcase classname="ptolemy.util.test.junit.AutoTests" name="[96] /home/travis/build/icyphy/ptII/ptolemy/domains/modal/test/auto/NonStrictFSM_FeedbackLoop_Refinement.xml (RunModel)" time="0.128" />
  <testcase classname="ptolemy.util.test.junit.AutoTests" name="[97] /home/travis/build/icyphy/ptII/ptolemy/domains/modal/test/auto/NonStrictFSM_FeedbackLoop_preemptive.xml (RunModel)" time="0.064" />
  <testcase classname="ptolemy.util.test.junit.AutoTests" name="[98] /home/travis/build/icyphy/ptII/ptolemy/domains/modal/test/auto/NormalTermination.xml (RunModel)" time="0.062" />
  <testcase classname="ptolemy.util.test.junit.AutoTests" name="[99] /home/travis/build/icyphy/ptII/ptolemy/domains/modal/test/auto/Pong.xml (RunModel)" time="0.063" />
  <testcase classname="ptolemy.util.test.junit.AutoTests" name="[100] /home/travis/build/icyphy/ptII/ptolemy/domains/modal/test/auto/Pong_test.xml (RunModel)" time="0.103" />
  <testcase classname="ptolemy.util.test.junit.AutoTests" name="[101] /home/travis/build/icyphy/ptII/ptolemy/domains/modal/test/auto/PreemptionHierarchy.xml (RunModel)" time="0.027" />
  <testcase classname="ptolemy.util.test.junit.AutoTests" name="[102] /home/travis/build/icyphy/ptII/ptolemy/domains/modal/test/auto/PreemptionHierarchy2.xml (RunModel)" time="0.037" />
  <testcase classname="ptolemy.util.test.junit.AutoTests" name="[103] /home/travis/build/icyphy/ptII/ptolemy/domains/modal/test/auto/PreemptiveTransition.xml (RunModel)" time="0.048" />
  <testcase classname="ptolemy.util.test.junit.AutoTests" name="[104] /home/travis/build/icyphy/ptII/ptolemy/domains/modal/test/auto/Priorities.xml (RunModel)" time="0.111" />
  <testcase classname="ptolemy.util.test.junit.AutoTests" name="[105] /home/travis/build/icyphy/ptII/ptolemy/domains/modal/test/auto/ResetFinal.xml (RunModel)" time="0.072" />
  <testcase classname="ptolemy.util.test.junit.AutoTests" name="[106] /home/travis/build/icyphy/ptII/ptolemy/domains/modal/test/auto/ResetFinal2.xml (RunModel)" time="0.037" />
  <testcase classname="ptolemy.util.test.junit.AutoTests" name="[107] /home/travis/build/icyphy/ptII/ptolemy/domains/modal/test/auto/ResetTransitionWithStartTime.xml (RunModel)" time="0.041" />
  <testcase classname="ptolemy.util.test.junit.AutoTests" name="[108] /home/travis/build/icyphy/ptII/ptolemy/domains/modal/test/auto/SDF-FSMComposite.xml (RunModel)" time="0.027" />
  <testcase classname="ptolemy.util.test.junit.AutoTests" name="[109] /home/travis/build/icyphy/ptII/ptolemy/domains/modal/test/auto/SeeminglyNondeterminate.xml (RunModel)" time="0.081" />
  <testcase classname="ptolemy.util.test.junit.AutoTests" name="[110] /home/travis/build/icyphy/ptII/ptolemy/domains/modal/test/auto/SeeminglyNondeterminate2.xml (RunModel)" time="0.083" />
  <testcase classname="ptolemy.util.test.junit.AutoTests" name="[111] /home/travis/build/icyphy/ptII/ptolemy/domains/modal/test/auto/SpontaneousFSM.xml (RunModel)" time="0.054" />
  <testcase classname="ptolemy.util.test.junit.AutoTests" name="[112] /home/travis/build/icyphy/ptII/ptolemy/domains/modal/test/auto/SpontaneousFSM2.xml (RunModel)" time="0.031" />
  <testcase classname="ptolemy.util.test.junit.AutoTests" name="[113] /home/travis/build/icyphy/ptII/ptolemy/domains/modal/test/auto/SpontaneousFSM3.xml (RunModel)" time="0.045" />
  <testcase classname="ptolemy.util.test.junit.AutoTests" name="[114] /home/travis/build/icyphy/ptII/ptolemy/domains/modal/test/auto/SpontaneousFSM4.xml (RunModel)" time="0.066" />
  <testcase classname="ptolemy.util.test.junit.AutoTests" name="[115] /home/travis/build/icyphy/ptII/ptolemy/domains/modal/test/auto/StateTrackerTest.xml (RunModel)" time="0.1" />
  <testcase classname="ptolemy.util.test.junit.AutoTests" name="[116] /home/travis/build/icyphy/ptII/ptolemy/domains/modal/test/auto/StrongImmediateTransition.xml (RunModel)" time="0.023" />
  <testcase classname="ptolemy.util.test.junit.AutoTests" name="[117] /home/travis/build/icyphy/ptII/ptolemy/domains/modal/test/auto/SustainHierarchy.xml (RunModel)" time="0.03" />
  <testcase classname="ptolemy.util.test.junit.AutoTests" name="[118] /home/travis/build/icyphy/ptII/ptolemy/domains/modal/test/auto/TerminationTransition1.xml (RunModel)" time="0.025" />
  <testcase classname="ptolemy.util.test.junit.AutoTests" name="[119] /home/travis/build/icyphy/ptII/ptolemy/domains/modal/test/auto/TerminationTransition2.xml (RunModel)" time="0.025" />
  <testcase classname="ptolemy.util.test.junit.AutoTests" name="[120] /home/travis/build/icyphy/ptII/ptolemy/domains/modal/test/auto/TerminationTransition3.xml (RunModel)" time="0.028" />
  <testcase classname="ptolemy.util.test.junit.AutoTests" name="[121] /home/travis/build/icyphy/ptII/ptolemy/domains/modal/test/auto/TerminationTransition4.xml (RunModel)" time="0.04" />
  <testcase classname="ptolemy.util.test.junit.AutoTests" name="[122] /home/travis/build/icyphy/ptII/ptolemy/domains/modal/test/auto/TerminationTransition5.xml (RunModel)" time="0.034" />
  <testcase classname="ptolemy.util.test.junit.AutoTests" name="[123] /home/travis/build/icyphy/ptII/ptolemy/domains/modal/test/auto/TerminationTransition6.xml (RunModel)" time="0.023" />
  <testcase classname="ptolemy.util.test.junit.AutoTests" name="[124] /home/travis/build/icyphy/ptII/ptolemy/domains/modal/test/auto/TerminationTransition7.xml (RunModel)" time="0.023" />
  <testcase classname="ptolemy.util.test.junit.AutoTests" name="[125] /home/travis/build/icyphy/ptII/ptolemy/domains/modal/test/auto/TerminationTransition8.xml (RunModel)" time="0.027" />
  <testcase classname="ptolemy.util.test.junit.AutoTests" name="[126] /home/travis/build/icyphy/ptII/ptolemy/domains/modal/test/auto/Thermostat_NoHysteresis.xml (RunModel)" time="0.063" />
  <testcase classname="ptolemy.util.test.junit.AutoTests" name="[127] /home/travis/build/icyphy/ptII/ptolemy/domains/modal/test/auto/TimedFSM.xml (RunModel)" time="0.038" />
  <testcase classname="ptolemy.util.test.junit.AutoTests" name="[128] /home/travis/build/icyphy/ptII/ptolemy/domains/modal/test/auto/Timeout1.xml (RunModel)" time="0.015" />
  <testcase classname="ptolemy.util.test.junit.AutoTests" name="[129] /home/travis/build/icyphy/ptII/ptolemy/domains/modal/test/auto/Timeout2.xml (RunModel)" time="0.022" />
  <testcase classname="ptolemy.util.test.junit.AutoTests" name="[130] /home/travis/build/icyphy/ptII/ptolemy/domains/modal/test/auto/Timeout3.xml (RunModel)" time="0.013" />
  <testcase classname="ptolemy.util.test.junit.AutoTests" name="[131] /home/travis/build/icyphy/ptII/ptolemy/domains/modal/test/auto/Timeout4.xml (RunModel)" time="0.028" />
  <testcase classname="ptolemy.util.test.junit.AutoTests" name="[132] /home/travis/build/icyphy/ptII/ptolemy/domains/modal/test/auto/TransientstateModelAdvanced.xml (RunModel)" time="0.032" />
  <testcase classname="ptolemy.util.test.junit.AutoTests" name="[133] /home/travis/build/icyphy/ptII/ptolemy/domains/modal/test/auto/TransientstateModelAdvanced2.xml (RunModel)" time="0.034" />
  <testcase classname="ptolemy.util.test.junit.AutoTests" name="[134] /home/travis/build/icyphy/ptII/ptolemy/domains/modal/test/auto/TransitionRefinements.xml (RunModel)" time="0.031" />
  <testcase classname="ptolemy.util.test.junit.AutoTests" name="[135] /home/travis/build/icyphy/ptII/ptolemy/domains/modal/test/auto/TwoRefinements1.xml (RunModel)" time="0.031" />
  <testcase classname="ptolemy.util.test.junit.AutoTests" name="[136] /home/travis/build/icyphy/ptII/ptolemy/domains/modal/test/auto/TwoRefinements2.xml (RunModel)" time="0.032" />
  <testcase classname="ptolemy.util.test.junit.AutoTests" name="[137] /home/travis/build/icyphy/ptII/ptolemy/domains/modal/test/auto/WeakImmediateTransition.xml (RunModel)" time="0.032" />
  <testcase classname="ptolemy.util.test.junit.AutoTests" name="[138] /home/travis/build/icyphy/ptII/ptolemy/domains/modal/test/auto/booleanSelect.xml (RunModel)" time="0.089" />
  <testcase classname="ptolemy.util.test.junit.AutoTests" name="[139] /home/travis/build/icyphy/ptII/ptolemy/domains/modal/test/auto/modalChangingParams.xml (RunModel)" time="0.34" />
  <testcase classname="ptolemy.util.test.junit.AutoTests" name="[140] /home/travis/build/icyphy/ptII/ptolemy/domains/modal/test/auto/modalModel.xml (RunModel)" time="0.027" />
  <testcase classname="ptolemy.util.test.junit.AutoTests" name="[141] /home/travis/build/icyphy/ptII/ptolemy/domains/modal/test/auto/modalModel2.xml (RunModel)" time="0.036" />
  <testcase classname="ptolemy.util.test.junit.AutoTests" name="[142] /home/travis/build/icyphy/ptII/ptolemy/domains/modal/test/auto/modalModel3.xml (RunModel)" time="0.051" />
  <testcase classname="ptolemy.util.test.junit.AutoTests" name="[143] /home/travis/build/icyphy/ptII/ptolemy/domains/modal/test/auto/model1.xml (RunModel)" time="0.032" />
  <testcase classname="ptolemy.util.test.junit.AutoTests" name="[144] /home/travis/build/icyphy/ptII/ptolemy/domains/modal/test/auto/test-direct-in-out.xml (RunModel)" time="0.032" />
  <system-out><![CDATA[/home/travis/build/icyphy/ptII/ptolemy/domains/modal/test/SystemLevelType.tcl
testDefs.tcl: setting time out to 9000 seconds at Thu Oct 10 20:37:44 UTC 2019
10/10/19 08:37:46
Failed: 0  Total Tests: 1  ((Passed: 1, Newly Passed: 0)  Known Failed: 0) /home/travis/build/icyphy/ptII/ptolemy/domains/modal/test
----------------- testing (KnownFailure) /home/travis/build/icyphy/ptII/ptolemy/domains/modal/test/auto/knownFailedTests/CannotAnalysisWithPreemption.xml
170 ms. Memory: 153600K Free: 79521K (52%)
Known Failure: java.lang.reflect.InvocationTargetException
No auto/linux-amd64/*.xml tests in /home/travis/build/icyphy/ptII/ptolemy/domains/modal/test
AutoTests.java: About to close Vertx.
AutoTests.java: Vertx closed.

===========================================================================================
----------------- testing Thu Oct 10 20:37:47 UTC 2019 /home/travis/build/icyphy/ptII/ptolemy/domains/modal/test/auto/ABPTest.xml
----------------- Instantiating /home/travis/build/icyphy/ptII/ptolemy/domains/modal/test/auto/ABPTest.xml
572 ms. Memory: 153600K Free: 114782K (75%)
----------------- Invoking toplevel() on ptolemy.moml.MoMLSimpleApplication@152f1be5
----------------- Done invoking toplevel() on ptolemy.moml.MoMLSimpleApplication@152f1be5
reloadAllAccessors: .ABPTest

===========================================================================================
----------------- testing Thu Oct 10 20:37:48 UTC 2019 /home/travis/build/icyphy/ptII/ptolemy/domains/modal/test/auto/ABROFlat.xml
----------------- Instantiating /home/travis/build/icyphy/ptII/ptolemy/domains/modal/test/auto/ABROFlat.xml
32 ms. Memory: 153600K Free: 99323K (65%)
----------------- Invoking toplevel() on ptolemy.moml.MoMLSimpleApplication@320d2b02
----------------- Done invoking toplevel() on ptolemy.moml.MoMLSimpleApplication@320d2b02
reloadAllAccessors: .ABROFlat

===========================================================================================
----------------- testing Thu Oct 10 20:37:48 UTC 2019 /home/travis/build/icyphy/ptII/ptolemy/domains/modal/test/auto/ABROFlat2.xml
----------------- Instantiating /home/travis/build/icyphy/ptII/ptolemy/domains/modal/test/auto/ABROFlat2.xml
18 ms. Memory: 153600K Free: 82475K (54%)
----------------- Invoking toplevel() on ptolemy.moml.MoMLSimpleApplication@5098542e
----------------- Done invoking toplevel() on ptolemy.moml.MoMLSimpleApplication@5098542e
reloadAllAccessors: .ABROFlat2

===========================================================================================
----------------- testing Thu Oct 10 20:37:48 UTC 2019 /home/travis/build/icyphy/ptII/ptolemy/domains/modal/test/auto/ABRO_present_hmm.xml
----------------- Instantiating /home/travis/build/icyphy/ptII/ptolemy/domains/modal/test/auto/ABRO_present_hmm.xml
20 ms. Memory: 153600K Free: 55851K (36%)
----------------- Invoking toplevel() on ptolemy.moml.MoMLSimpleApplication@31a2e748
----------------- Done invoking toplevel() on ptolemy.moml.MoMLSimpleApplication@31a2e748
reloadAllAccessors: .ABRO_present_hmm

===========================================================================================
----------------- testing Thu Oct 10 20:37:48 UTC 2019 /home/travis/build/icyphy/ptII/ptolemy/domains/modal/test/auto/AMICoderExample.xml
----------------- Instantiating /home/travis/build/icyphy/ptII/ptolemy/domains/modal/test/auto/AMICoderExample.xml
50 ms. Memory: 153600K Free: 132214K (86%)
----------------- Invoking toplevel() on ptolemy.moml.MoMLSimpleApplication@3980b927
----------------- Done invoking toplevel() on ptolemy.moml.MoMLSimpleApplication@3980b927
reloadAllAccessors: .AMICoderExample

===========================================================================================
----------------- testing Thu Oct 10 20:37:49 UTC 2019 /home/travis/build/icyphy/ptII/ptolemy/domains/modal/test/auto/AbsentToPresent.xml
----------------- Instantiating /home/travis/build/icyphy/ptII/ptolemy/domains/modal/test/auto/AbsentToPresent.xml
7 ms. Memory: 153600K Free: 127683K (83%)
----------------- Invoking toplevel() on ptolemy.moml.MoMLSimpleApplication@4777abe4
----------------- Done invoking toplevel() on ptolemy.moml.MoMLSimpleApplication@4777abe4
reloadAllAccessors: .AbsentToPresent

===========================================================================================
----------------- testing Thu Oct 10 20:37:49 UTC 2019 /home/travis/build/icyphy/ptII/ptolemy/domains/modal/test/auto/Blending.xml
----------------- Instantiating /home/travis/build/icyphy/ptII/ptolemy/domains/modal/test/auto/Blending.xml
191 ms. Memory: 153600K Free: 82619K (54%)
----------------- Invoking toplevel() on ptolemy.moml.MoMLSimpleApplication@40646d69
----------------- Done invoking toplevel() on ptolemy.moml.MoMLSimpleApplication@40646d69
reloadAllAccessors: .Blending

===========================================================================================
----------------- testing Thu Oct 10 20:37:49 UTC 2019 /home/travis/build/icyphy/ptII/ptolemy/domains/modal/test/auto/Broadcast.xml
----------------- Instantiating /home/travis/build/icyphy/ptII/ptolemy/domains/modal/test/auto/Broadcast.xml
11 ms. Memory: 153600K Free: 72844K (47%)
----------------- Invoking toplevel() on ptolemy.moml.MoMLSimpleApplication@5051de5f
----------------- Done invoking toplevel() on ptolemy.moml.MoMLSimpleApplication@5051de5f
reloadAllAccessors: .Broadcast

===========================================================================================
----------------- testing Thu Oct 10 20:37:49 UTC 2019 /home/travis/build/icyphy/ptII/ptolemy/domains/modal/test/auto/BroadcastHierarchy.xml
----------------- Instantiating /home/travis/build/icyphy/ptII/ptolemy/domains/modal/test/auto/BroadcastHierarchy.xml
14 ms. Memory: 153600K Free: 58508K (38%)
----------------- Invoking toplevel() on ptolemy.moml.MoMLSimpleApplication@4073ca72
----------------- Done invoking toplevel() on ptolemy.moml.MoMLSimpleApplication@4073ca72
reloadAllAccessors: .BroadcastHierarchy

===========================================================================================
----------------- testing Thu Oct 10 20:37:49 UTC 2019 /home/travis/build/icyphy/ptII/ptolemy/domains/modal/test/auto/BroadcastHierarchy2.xml
----------------- Instantiating /home/travis/build/icyphy/ptII/ptolemy/domains/modal/test/auto/BroadcastHierarchy2.xml
33 ms. Memory: 198656K Free: 163952K (83%)
----------------- Invoking toplevel() on ptolemy.moml.MoMLSimpleApplication@77f6d062
----------------- Done invoking toplevel() on ptolemy.moml.MoMLSimpleApplication@77f6d062
reloadAllAccessors: .BroadcastHierarchy2

===========================================================================================
----------------- testing Thu Oct 10 20:37:49 UTC 2019 /home/travis/build/icyphy/ptII/ptolemy/domains/modal/test/auto/BroadcastHierarchy3.xml
----------------- Instantiating /home/travis/build/icyphy/ptII/ptolemy/domains/modal/test/auto/BroadcastHierarchy3.xml
16 ms. Memory: 198656K Free: 143992K (72%)
----------------- Invoking toplevel() on ptolemy.moml.MoMLSimpleApplication@8affccd
----------------- Done invoking toplevel() on ptolemy.moml.MoMLSimpleApplication@8affccd
reloadAllAccessors: .BroadcastHierarchy3

===========================================================================================
----------------- testing Thu Oct 10 20:37:49 UTC 2019 /home/travis/build/icyphy/ptII/ptolemy/domains/modal/test/auto/BroadcastHierarchy4.xml
----------------- Instantiating /home/travis/build/icyphy/ptII/ptolemy/domains/modal/test/auto/BroadcastHierarchy4.xml
23 ms. Memory: 198656K Free: 119926K (60%)
----------------- Invoking toplevel() on ptolemy.moml.MoMLSimpleApplication@6f6f6a50
----------------- Done invoking toplevel() on ptolemy.moml.MoMLSimpleApplication@6f6f6a50
reloadAllAccessors: .BroadcastHierarchy4

===========================================================================================
----------------- testing Thu Oct 10 20:37:49 UTC 2019 /home/travis/build/icyphy/ptII/ptolemy/domains/modal/test/auto/CannotAnalysisWithPreemption2.xml
----------------- Instantiating /home/travis/build/icyphy/ptII/ptolemy/domains/modal/test/auto/CannotAnalysisWithPreemption2.xml
6 ms. Memory: 198656K Free: 112744K (57%)
----------------- Invoking toplevel() on ptolemy.moml.MoMLSimpleApplication@5614676c
----------------- Done invoking toplevel() on ptolemy.moml.MoMLSimpleApplication@5614676c
reloadAllAccessors: .CannotAnalysisWithPreemption2

===========================================================================================
----------------- testing Thu Oct 10 20:37:49 UTC 2019 /home/travis/build/icyphy/ptII/ptolemy/domains/modal/test/auto/CannotAnalysisWithPreemption3.xml
----------------- Instantiating /home/travis/build/icyphy/ptII/ptolemy/domains/modal/test/auto/CannotAnalysisWithPreemption3.xml
6 ms. Memory: 198656K Free: 102488K (52%)
----------------- Invoking toplevel() on ptolemy.moml.MoMLSimpleApplication@7074897d
----------------- Done invoking toplevel() on ptolemy.moml.MoMLSimpleApplication@7074897d
reloadAllAccessors: .CannotAnalysisWithPreemption3

===========================================================================================
----------------- testing Thu Oct 10 20:37:49 UTC 2019 /home/travis/build/icyphy/ptII/ptolemy/domains/modal/test/auto/CannotProduce.xml
----------------- Instantiating /home/travis/build/icyphy/ptII/ptolemy/domains/modal/test/auto/CannotProduce.xml
9 ms. Memory: 198656K Free: 95864K (48%)
----------------- Invoking toplevel() on ptolemy.moml.MoMLSimpleApplication@3897bd96
----------------- Done invoking toplevel() on ptolemy.moml.MoMLSimpleApplication@3897bd96
reloadAllAccessors: .CannotProduce

===========================================================================================
----------------- testing Thu Oct 10 20:37:49 UTC 2019 /home/travis/build/icyphy/ptII/ptolemy/domains/modal/test/auto/CannotProduceModal.xml
----------------- Instantiating /home/travis/build/icyphy/ptII/ptolemy/domains/modal/test/auto/CannotProduceModal.xml
13 ms. Memory: 198656K Free: 89200K (45%)
----------------- Invoking toplevel() on ptolemy.moml.MoMLSimpleApplication@1663d449
----------------- Done invoking toplevel() on ptolemy.moml.MoMLSimpleApplication@1663d449
reloadAllAccessors: .CannotProduceModal

===========================================================================================
----------------- testing Thu Oct 10 20:37:50 UTC 2019 /home/travis/build/icyphy/ptII/ptolemy/domains/modal/test/auto/Case.xml
----------------- Instantiating /home/travis/build/icyphy/ptII/ptolemy/domains/modal/test/auto/Case.xml
25 ms. Memory: 198656K Free: 77942K (39%)
----------------- Invoking toplevel() on ptolemy.moml.MoMLSimpleApplication@5dc14e13
----------------- Done invoking toplevel() on ptolemy.moml.MoMLSimpleApplication@5dc14e13
reloadAllAccessors: .Case

===========================================================================================
----------------- testing Thu Oct 10 20:37:50 UTC 2019 /home/travis/build/icyphy/ptII/ptolemy/domains/modal/test/auto/Case1.xml
----------------- Instantiating /home/travis/build/icyphy/ptII/ptolemy/domains/modal/test/auto/Case1.xml
11 ms. Memory: 198656K Free: 70774K (36%)
----------------- Invoking toplevel() on ptolemy.moml.MoMLSimpleApplication@2e14cb0d
----------------- Done invoking toplevel() on ptolemy.moml.MoMLSimpleApplication@2e14cb0d
reloadAllAccessors: .Case1

===========================================================================================
----------------- testing Thu Oct 10 20:37:50 UTC 2019 /home/travis/build/icyphy/ptII/ptolemy/domains/modal/test/auto/Case2.xml
----------------- Instantiating /home/travis/build/icyphy/ptII/ptolemy/domains/modal/test/auto/Case2.xml
29 ms. Memory: 198656K Free: 171089K (86%)
----------------- Invoking toplevel() on ptolemy.moml.MoMLSimpleApplication@4caa6488
----------------- Done invoking toplevel() on ptolemy.moml.MoMLSimpleApplication@4caa6488
reloadAllAccessors: .Case2

===========================================================================================
----------------- testing Thu Oct 10 20:37:50 UTC 2019 /home/travis/build/icyphy/ptII/ptolemy/domains/modal/test/auto/CausalityInterface1.xml
----------------- Instantiating /home/travis/build/icyphy/ptII/ptolemy/domains/modal/test/auto/CausalityInterface1.xml
7 ms. Memory: 198656K Free: 165969K (84%)
----------------- Invoking toplevel() on ptolemy.moml.MoMLSimpleApplication@5cb23bdf
----------------- Done invoking toplevel() on ptolemy.moml.MoMLSimpleApplication@5cb23bdf
reloadAllAccessors: .CausalityInterface1

===========================================================================================
----------------- testing Thu Oct 10 20:37:50 UTC 2019 /home/travis/build/icyphy/ptII/ptolemy/domains/modal/test/auto/CausalityInterface10.xml
----------------- Instantiating /home/travis/build/icyphy/ptII/ptolemy/domains/modal/test/auto/CausalityInterface10.xml
6 ms. Memory: 198656K Free: 152657K (77%)
----------------- Invoking toplevel() on ptolemy.moml.MoMLSimpleApplication@5416cac7
----------------- Done invoking toplevel() on ptolemy.moml.MoMLSimpleApplication@5416cac7
reloadAllAccessors: .CausalityInterface10

===========================================================================================
----------------- testing Thu Oct 10 20:37:50 UTC 2019 /home/travis/build/icyphy/ptII/ptolemy/domains/modal/test/auto/CausalityInterface11.xml
----------------- Instantiating /home/travis/build/icyphy/ptII/ptolemy/domains/modal/test/auto/CausalityInterface11.xml
8 ms. Memory: 198656K Free: 139345K (70%)
----------------- Invoking toplevel() on ptolemy.moml.MoMLSimpleApplication@7816e77b
----------------- Done invoking toplevel() on ptolemy.moml.MoMLSimpleApplication@7816e77b
reloadAllAccessors: .CausalityInterface11

===========================================================================================
----------------- testing Thu Oct 10 20:37:50 UTC 2019 /home/travis/build/icyphy/ptII/ptolemy/domains/modal/test/auto/CausalityInterface12.xml
----------------- Instantiating /home/travis/build/icyphy/ptII/ptolemy/domains/modal/test/auto/CausalityInterface12.xml
9 ms. Memory: 198656K Free: 126033K (63%)
----------------- Invoking toplevel() on ptolemy.moml.MoMLSimpleApplication@726fe69e
----------------- Done invoking toplevel() on ptolemy.moml.MoMLSimpleApplication@726fe69e
reloadAllAccessors: .CausalityInterface12

===========================================================================================
----------------- testing Thu Oct 10 20:37:50 UTC 2019 /home/travis/build/icyphy/ptII/ptolemy/domains/modal/test/auto/CausalityInterface13.xml
----------------- Instantiating /home/travis/build/icyphy/ptII/ptolemy/domains/modal/test/auto/CausalityInterface13.xml
7 ms. Memory: 198656K Free: 112193K (56%)
----------------- Invoking toplevel() on ptolemy.moml.MoMLSimpleApplication@344f6d2c
----------------- Done invoking toplevel() on ptolemy.moml.MoMLSimpleApplication@344f6d2c
reloadAllAccessors: .CausalityInterface13

===========================================================================================
----------------- testing Thu Oct 10 20:37:50 UTC 2019 /home/travis/build/icyphy/ptII/ptolemy/domains/modal/test/auto/CausalityInterface14.xml
----------------- Instantiating /home/travis/build/icyphy/ptII/ptolemy/domains/modal/test/auto/CausalityInterface14.xml
7 ms. Memory: 198656K Free: 98385K (50%)
----------------- Invoking toplevel() on ptolemy.moml.MoMLSimpleApplication@a2db6d5
----------------- Done invoking toplevel() on ptolemy.moml.MoMLSimpleApplication@a2db6d5
reloadAllAccessors: .CausalityInterface14

===========================================================================================
----------------- testing Thu Oct 10 20:37:50 UTC 2019 /home/travis/build/icyphy/ptII/ptolemy/domains/modal/test/auto/CausalityInterface2.xml
----------------- Instantiating /home/travis/build/icyphy/ptII/ptolemy/domains/modal/test/auto/CausalityInterface2.xml
3 ms. Memory: 198656K Free: 92241K (46%)
----------------- Invoking toplevel() on ptolemy.moml.MoMLSimpleApplication@145813fa
----------------- Done invoking toplevel() on ptolemy.moml.MoMLSimpleApplication@145813fa
reloadAllAccessors: .CausalityInterface2

===========================================================================================
----------------- testing Thu Oct 10 20:37:50 UTC 2019 /home/travis/build/icyphy/ptII/ptolemy/domains/modal/test/auto/CausalityInterface3.xml
----------------- Instantiating /home/travis/build/icyphy/ptII/ptolemy/domains/modal/test/auto/CausalityInterface3.xml
4 ms. Memory: 198656K Free: 86097K (43%)
----------------- Invoking toplevel() on ptolemy.moml.MoMLSimpleApplication@78881328
----------------- Done invoking toplevel() on ptolemy.moml.MoMLSimpleApplication@78881328
reloadAllAccessors: .CausalityInterface3

===========================================================================================
----------------- testing Thu Oct 10 20:37:50 UTC 2019 /home/travis/build/icyphy/ptII/ptolemy/domains/modal/test/auto/CausalityInterface4.xml
----------------- Instantiating /home/travis/build/icyphy/ptII/ptolemy/domains/modal/test/auto/CausalityInterface4.xml
4 ms. Memory: 198656K Free: 79409K (40%)
----------------- Invoking toplevel() on ptolemy.moml.MoMLSimpleApplication@1905ff06
----------------- Done invoking toplevel() on ptolemy.moml.MoMLSimpleApplication@1905ff06
reloadAllAccessors: .CausalityInterface4

===========================================================================================
----------------- testing Thu Oct 10 20:37:50 UTC 2019 /home/travis/build/icyphy/ptII/ptolemy/domains/modal/test/auto/CausalityInterface5.xml
----------------- Instantiating /home/travis/build/icyphy/ptII/ptolemy/domains/modal/test/auto/CausalityInterface5.xml
7 ms. Memory: 198656K Free: 71233K (36%)
----------------- Invoking toplevel() on ptolemy.moml.MoMLSimpleApplication@22f345c7
----------------- Done invoking toplevel() on ptolemy.moml.MoMLSimpleApplication@22f345c7
reloadAllAccessors: .CausalityInterface5

===========================================================================================
----------------- testing Thu Oct 10 20:37:50 UTC 2019 /home/travis/build/icyphy/ptII/ptolemy/domains/modal/test/auto/CausalityInterface6.xml
----------------- Instantiating /home/travis/build/icyphy/ptII/ptolemy/domains/modal/test/auto/CausalityInterface6.xml
4 ms. Memory: 198656K Free: 176281K (89%)
----------------- Invoking toplevel() on ptolemy.moml.MoMLSimpleApplication@6c151447
----------------- Done invoking toplevel() on ptolemy.moml.MoMLSimpleApplication@6c151447
reloadAllAccessors: .CausalityInterface6

===========================================================================================
----------------- testing Thu Oct 10 20:37:50 UTC 2019 /home/travis/build/icyphy/ptII/ptolemy/domains/modal/test/auto/CausalityInterface7.xml
----------------- Instantiating /home/travis/build/icyphy/ptII/ptolemy/domains/modal/test/auto/CausalityInterface7.xml
4 ms. Memory: 198656K Free: 168103K (85%)
----------------- Invoking toplevel() on ptolemy.moml.MoMLSimpleApplication@c24f507
----------------- Done invoking toplevel() on ptolemy.moml.MoMLSimpleApplication@c24f507
reloadAllAccessors: .CausalityInterface7

===========================================================================================
----------------- testing Thu Oct 10 20:37:50 UTC 2019 /home/travis/build/icyphy/ptII/ptolemy/domains/modal/test/auto/CausalityInterface8.xml
----------------- Instantiating /home/travis/build/icyphy/ptII/ptolemy/domains/modal/test/auto/CausalityInterface8.xml
9 ms. Memory: 198656K Free: 159401K (80%)
----------------- Invoking toplevel() on ptolemy.moml.MoMLSimpleApplication@5553c67c
----------------- Done invoking toplevel() on ptolemy.moml.MoMLSimpleApplication@5553c67c
reloadAllAccessors: .CausalityInterface8

===========================================================================================
----------------- testing Thu Oct 10 20:37:50 UTC 2019 /home/travis/build/icyphy/ptII/ptolemy/domains/modal/test/auto/CausalityInterface9.xml
----------------- Instantiating /home/travis/build/icyphy/ptII/ptolemy/domains/modal/test/auto/CausalityInterface9.xml
6 ms. Memory: 198656K Free: 150185K (76%)
----------------- Invoking toplevel() on ptolemy.moml.MoMLSimpleApplication@452ee906
----------------- Done invoking toplevel() on ptolemy.moml.MoMLSimpleApplication@452ee906
reloadAllAccessors: .CausalityInterface9

===========================================================================================
----------------- testing Thu Oct 10 20:37:50 UTC 2019 /home/travis/build/icyphy/ptII/ptolemy/domains/modal/test/auto/ChainedTransitions.xml
----------------- Instantiating /home/travis/build/icyphy/ptII/ptolemy/domains/modal/test/auto/ChainedTransitions.xml
89 ms. Memory: 198656K Free: 125081K (63%)
----------------- Invoking toplevel() on ptolemy.moml.MoMLSimpleApplication@6c16954c
----------------- Done invoking toplevel() on ptolemy.moml.MoMLSimpleApplication@6c16954c
reloadAllAccessors: .ChainedTransitions

===========================================================================================
----------------- testing Thu Oct 10 20:37:51 UTC 2019 /home/travis/build/icyphy/ptII/ptolemy/domains/modal/test/auto/CycleOfImmediateTransitionsFSM.xml
----------------- Instantiating /home/travis/build/icyphy/ptII/ptolemy/domains/modal/test/auto/CycleOfImmediateTransitionsFSM.xml
2 ms. Memory: 198656K Free: 119465K (60%)
----------------- Invoking toplevel() on ptolemy.moml.MoMLSimpleApplication@10d6c3c4
----------------- Done invoking toplevel() on ptolemy.moml.MoMLSimpleApplication@10d6c3c4
reloadAllAccessors: .CycleOfImmediateTransitionsFSM

===========================================================================================
----------------- testing Thu Oct 10 20:37:51 UTC 2019 /home/travis/build/icyphy/ptII/ptolemy/domains/modal/test/auto/CycleOfImmediateTransitionsModal.xml
----------------- Instantiating /home/travis/build/icyphy/ptII/ptolemy/domains/modal/test/auto/CycleOfImmediateTransitionsModal.xml
6 ms. Memory: 198656K Free: 113321K (57%)
----------------- Invoking toplevel() on ptolemy.moml.MoMLSimpleApplication@76f18ca1
----------------- Done invoking toplevel() on ptolemy.moml.MoMLSimpleApplication@76f18ca1
reloadAllAccessors: .CycleOfImmediateTransitionsModal

===========================================================================================
----------------- testing Thu Oct 10 20:37:51 UTC 2019 /home/travis/build/icyphy/ptII/ptolemy/domains/modal/test/auto/CycleOfImmediateTransitionsModal2.xml
----------------- Instantiating /home/travis/build/icyphy/ptII/ptolemy/domains/modal/test/auto/CycleOfImmediateTransitionsModal2.xml
3 ms. Memory: 198656K Free: 107177K (54%)
----------------- Invoking toplevel() on ptolemy.moml.MoMLSimpleApplication@1ba9462d
----------------- Done invoking toplevel() on ptolemy.moml.MoMLSimpleApplication@1ba9462d
reloadAllAccessors: .CycleOfImmediateTransitionsModal2

===========================================================================================
----------------- testing Thu Oct 10 20:37:51 UTC 2019 /home/travis/build/icyphy/ptII/ptolemy/domains/modal/test/auto/CycleOfImmediateTransitionsModal3.xml
----------------- Instantiating /home/travis/build/icyphy/ptII/ptolemy/domains/modal/test/auto/CycleOfImmediateTransitionsModal3.xml
9 ms. Memory: 198656K Free: 84649K (43%)
----------------- Invoking toplevel() on ptolemy.moml.MoMLSimpleApplication@5c72da62
----------------- Done invoking toplevel() on ptolemy.moml.MoMLSimpleApplication@5c72da62
reloadAllAccessors: .CycleOfImmediateTransitionsModal3

===========================================================================================
----------------- testing Thu Oct 10 20:37:51 UTC 2019 /home/travis/build/icyphy/ptII/ptolemy/domains/modal/test/auto/DeepModal1.xml
----------------- Instantiating /home/travis/build/icyphy/ptII/ptolemy/domains/modal/test/auto/DeepModal1.xml
34 ms. Memory: 198656K Free: 70793K (36%)
----------------- Invoking toplevel() on ptolemy.moml.MoMLSimpleApplication@7a6f27d
----------------- Done invoking toplevel() on ptolemy.moml.MoMLSimpleApplication@7a6f27d
reloadAllAccessors: .DeepModal1

===========================================================================================
----------------- testing Thu Oct 10 20:37:51 UTC 2019 /home/travis/build/icyphy/ptII/ptolemy/domains/modal/test/auto/DeepModal2.xml
----------------- Instantiating /home/travis/build/icyphy/ptII/ptolemy/domains/modal/test/auto/DeepModal2.xml
27 ms. Memory: 198656K Free: 165477K (83%)
----------------- Invoking toplevel() on ptolemy.moml.MoMLSimpleApplication@44fb5153
----------------- Done invoking toplevel() on ptolemy.moml.MoMLSimpleApplication@44fb5153
reloadAllAccessors: .DeepModal2

===========================================================================================
----------------- testing Thu Oct 10 20:37:51 UTC 2019 /home/travis/build/icyphy/ptII/ptolemy/domains/modal/test/auto/DeepModal3.xml
----------------- Instantiating /home/travis/build/icyphy/ptII/ptolemy/domains/modal/test/auto/DeepModal3.xml
35 ms. Memory: 198656K Free: 146021K (74%)
----------------- Invoking toplevel() on ptolemy.moml.MoMLSimpleApplication@38661bad
----------------- Done invoking toplevel() on ptolemy.moml.MoMLSimpleApplication@38661bad
reloadAllAccessors: .DeepModal3

===========================================================================================
----------------- testing Thu Oct 10 20:37:51 UTC 2019 /home/travis/build/icyphy/ptII/ptolemy/domains/modal/test/auto/DeepModal4.xml
----------------- Instantiating /home/travis/build/icyphy/ptII/ptolemy/domains/modal/test/auto/DeepModal4.xml
35 ms. Memory: 198656K Free: 126551K (64%)
----------------- Invoking toplevel() on ptolemy.moml.MoMLSimpleApplication@4ba2d14a
----------------- Done invoking toplevel() on ptolemy.moml.MoMLSimpleApplication@4ba2d14a
reloadAllAccessors: .DeepModal4

===========================================================================================
----------------- testing Thu Oct 10 20:37:51 UTC 2019 /home/travis/build/icyphy/ptII/ptolemy/domains/modal/test/auto/Default1.xml
----------------- Instantiating /home/travis/build/icyphy/ptII/ptolemy/domains/modal/test/auto/Default1.xml
3 ms. Memory: 198656K Free: 120421K (61%)
----------------- Invoking toplevel() on ptolemy.moml.MoMLSimpleApplication@367003e9
----------------- Done invoking toplevel() on ptolemy.moml.MoMLSimpleApplication@367003e9
reloadAllAccessors: .Default1

===========================================================================================
----------------- testing Thu Oct 10 20:37:51 UTC 2019 /home/travis/build/icyphy/ptII/ptolemy/domains/modal/test/auto/Default2.xml
----------------- Instantiating /home/travis/build/icyphy/ptII/ptolemy/domains/modal/test/auto/Default2.xml
10 ms. Memory: 198656K Free: 114789K (58%)
----------------- Invoking toplevel() on ptolemy.moml.MoMLSimpleApplication@444f0ba
----------------- Done invoking toplevel() on ptolemy.moml.MoMLSimpleApplication@444f0ba
reloadAllAccessors: .Default2

===========================================================================================
----------------- testing Thu Oct 10 20:37:51 UTC 2019 /home/travis/build/icyphy/ptII/ptolemy/domains/modal/test/auto/Default3.xml
----------------- Instantiating /home/travis/build/icyphy/ptII/ptolemy/domains/modal/test/auto/Default3.xml
6 ms. Memory: 198656K Free: 108133K (54%)
----------------- Invoking toplevel() on ptolemy.moml.MoMLSimpleApplication@7604bf69
----------------- Done invoking toplevel() on ptolemy.moml.MoMLSimpleApplication@7604bf69
reloadAllAccessors: .Default3

===========================================================================================
----------------- testing Thu Oct 10 20:37:51 UTC 2019 /home/travis/build/icyphy/ptII/ptolemy/domains/modal/test/auto/Default4.xml
----------------- Instantiating /home/travis/build/icyphy/ptII/ptolemy/domains/modal/test/auto/Default4.xml
3 ms. Memory: 198656K Free: 101989K (51%)
----------------- Invoking toplevel() on ptolemy.moml.MoMLSimpleApplication@7e4a00ff
----------------- Done invoking toplevel() on ptolemy.moml.MoMLSimpleApplication@7e4a00ff
reloadAllAccessors: .Default4

===========================================================================================
----------------- testing Thu Oct 10 20:37:51 UTC 2019 /home/travis/build/icyphy/ptII/ptolemy/domains/modal/test/auto/Default5.xml
----------------- Instantiating /home/travis/build/icyphy/ptII/ptolemy/domains/modal/test/auto/Default5.xml
8 ms. Memory: 198656K Free: 93783K (47%)
----------------- Invoking toplevel() on ptolemy.moml.MoMLSimpleApplication@7a1f5cf1
----------------- Done invoking toplevel() on ptolemy.moml.MoMLSimpleApplication@7a1f5cf1
reloadAllAccessors: .Default5

===========================================================================================
----------------- testing Thu Oct 10 20:37:51 UTC 2019 /home/travis/build/icyphy/ptII/ptolemy/domains/modal/test/auto/EmptyGuard.xml
----------------- Instantiating /home/travis/build/icyphy/ptII/ptolemy/domains/modal/test/auto/EmptyGuard.xml
17 ms. Memory: 198656K Free: 86119K (43%)
----------------- Invoking toplevel() on ptolemy.moml.MoMLSimpleApplication@4076652a
----------------- Done invoking toplevel() on ptolemy.moml.MoMLSimpleApplication@4076652a
reloadAllAccessors: .EmptyGuard

===========================================================================================
----------------- testing Thu Oct 10 20:37:51 UTC 2019 /home/travis/build/icyphy/ptII/ptolemy/domains/modal/test/auto/ErrorTransition1.xml
----------------- Instantiating /home/travis/build/icyphy/ptII/ptolemy/domains/modal/test/auto/ErrorTransition1.xml
11 ms. Memory: 198656K Free: 77413K (39%)
----------------- Invoking toplevel() on ptolemy.moml.MoMLSimpleApplication@232b85ba
----------------- Done invoking toplevel() on ptolemy.moml.MoMLSimpleApplication@232b85ba
reloadAllAccessors: .ErrorTransition1

===========================================================================================
----------------- testing Thu Oct 10 20:37:51 UTC 2019 /home/travis/build/icyphy/ptII/ptolemy/domains/modal/test/auto/ErrorTransition10.xml
----------------- Instantiating /home/travis/build/icyphy/ptII/ptolemy/domains/modal/test/auto/ErrorTransition10.xml
11 ms. Memory: 243712K Free: 221261K (91%)
----------------- Invoking toplevel() on ptolemy.moml.MoMLSimpleApplication@41a49f95
----------------- Done invoking toplevel() on ptolemy.moml.MoMLSimpleApplication@41a49f95
reloadAllAccessors: .ErrorTransition10

===========================================================================================
----------------- testing Thu Oct 10 20:37:51 UTC 2019 /home/travis/build/icyphy/ptII/ptolemy/domains/modal/test/auto/ErrorTransition11.xml
----------------- Instantiating /home/travis/build/icyphy/ptII/ptolemy/domains/modal/test/auto/ErrorTransition11.xml
6 ms. Memory: 243712K Free: 209483K (86%)
----------------- Invoking toplevel() on ptolemy.moml.MoMLSimpleApplication@7e78466e
----------------- Done invoking toplevel() on ptolemy.moml.MoMLSimpleApplication@7e78466e
reloadAllAccessors: .ErrorTransition11

===========================================================================================
----------------- testing Thu Oct 10 20:37:51 UTC 2019 /home/travis/build/icyphy/ptII/ptolemy/domains/modal/test/auto/ErrorTransition2.xml
----------------- Instantiating /home/travis/build/icyphy/ptII/ptolemy/domains/modal/test/auto/ErrorTransition2.xml
12 ms. Memory: 243712K Free: 200779K (82%)
----------------- Invoking toplevel() on ptolemy.moml.MoMLSimpleApplication@f7d3c7
----------------- Done invoking toplevel() on ptolemy.moml.MoMLSimpleApplication@f7d3c7
reloadAllAccessors: .ErrorTransition2

===========================================================================================
----------------- testing Thu Oct 10 20:37:51 UTC 2019 /home/travis/build/icyphy/ptII/ptolemy/domains/modal/test/auto/ErrorTransition3.xml
----------------- Instantiating /home/travis/build/icyphy/ptII/ptolemy/domains/modal/test/auto/ErrorTransition3.xml
23 ms. Memory: 243712K Free: 190541K (78%)
----------------- Invoking toplevel() on ptolemy.moml.MoMLSimpleApplication@2d8e8de1
----------------- Done invoking toplevel() on ptolemy.moml.MoMLSimpleApplication@2d8e8de1
reloadAllAccessors: .ErrorTransition3

===========================================================================================
----------------- testing Thu Oct 10 20:37:51 UTC 2019 /home/travis/build/icyphy/ptII/ptolemy/domains/modal/test/auto/ErrorTransition4.xml
----------------- Instantiating /home/travis/build/icyphy/ptII/ptolemy/domains/modal/test/auto/ErrorTransition4.xml
14 ms. Memory: 243712K Free: 179277K (74%)
----------------- Invoking toplevel() on ptolemy.moml.MoMLSimpleApplication@502be34
----------------- Done invoking toplevel() on ptolemy.moml.MoMLSimpleApplication@502be34
reloadAllAccessors: .ErrorTransition4

===========================================================================================
----------------- testing Thu Oct 10 20:37:51 UTC 2019 /home/travis/build/icyphy/ptII/ptolemy/domains/modal/test/auto/ErrorTransition5.xml
----------------- Instantiating /home/travis/build/icyphy/ptII/ptolemy/domains/modal/test/auto/ErrorTransition5.xml
10 ms. Memory: 243712K Free: 169037K (69%)
----------------- Invoking toplevel() on ptolemy.moml.MoMLSimpleApplication@473480b5
----------------- Done invoking toplevel() on ptolemy.moml.MoMLSimpleApplication@473480b5
reloadAllAccessors: .ErrorTransition5

===========================================================================================
----------------- testing Thu Oct 10 20:37:52 UTC 2019 /home/travis/build/icyphy/ptII/ptolemy/domains/modal/test/auto/ErrorTransition6.xml
----------------- Instantiating /home/travis/build/icyphy/ptII/ptolemy/domains/modal/test/auto/ErrorTransition6.xml
9 ms. Memory: 243712K Free: 158283K (65%)
----------------- Invoking toplevel() on ptolemy.moml.MoMLSimpleApplication@196549c8
----------------- Done invoking toplevel() on ptolemy.moml.MoMLSimpleApplication@196549c8
reloadAllAccessors: .ErrorTransition6

===========================================================================================
----------------- testing Thu Oct 10 20:37:52 UTC 2019 /home/travis/build/icyphy/ptII/ptolemy/domains/modal/test/auto/ErrorTransition7.xml
----------------- Instantiating /home/travis/build/icyphy/ptII/ptolemy/domains/modal/test/auto/ErrorTransition7.xml
20 ms. Memory: 243712K Free: 145485K (60%)
----------------- Invoking toplevel() on ptolemy.moml.MoMLSimpleApplication@1c8e1ffa
----------------- Done invoking toplevel() on ptolemy.moml.MoMLSimpleApplication@1c8e1ffa
reloadAllAccessors: .ErrorTransition7

===========================================================================================
----------------- testing Thu Oct 10 20:37:52 UTC 2019 /home/travis/build/icyphy/ptII/ptolemy/domains/modal/test/auto/ErrorTransition8.xml
----------------- Instantiating /home/travis/build/icyphy/ptII/ptolemy/domains/modal/test/auto/ErrorTransition8.xml
27 ms. Memory: 243712K Free: 132173K (54%)
----------------- Invoking toplevel() on ptolemy.moml.MoMLSimpleApplication@1e273a30
----------------- Done invoking toplevel() on ptolemy.moml.MoMLSimpleApplication@1e273a30
reloadAllAccessors: .ErrorTransition8

===========================================================================================
----------------- testing Thu Oct 10 20:37:52 UTC 2019 /home/travis/build/icyphy/ptII/ptolemy/domains/modal/test/auto/ErrorTransition9.xml
----------------- Instantiating /home/travis/build/icyphy/ptII/ptolemy/domains/modal/test/auto/ErrorTransition9.xml
21 ms. Memory: 243712K Free: 118861K (49%)
----------------- Invoking toplevel() on ptolemy.moml.MoMLSimpleApplication@584cfbb9
----------------- Done invoking toplevel() on ptolemy.moml.MoMLSimpleApplication@584cfbb9
reloadAllAccessors: .ErrorTransition9

===========================================================================================
----------------- testing Thu Oct 10 20:37:52 UTC 2019 /home/travis/build/icyphy/ptII/ptolemy/domains/modal/test/auto/ExtendedFSM.xml
----------------- Instantiating /home/travis/build/icyphy/ptII/ptolemy/domains/modal/test/auto/ExtendedFSM.xml
9 ms. Memory: 243712K Free: 110141K (45%)
----------------- Invoking toplevel() on ptolemy.moml.MoMLSimpleApplication@1ed9168a
----------------- Done invoking toplevel() on ptolemy.moml.MoMLSimpleApplication@1ed9168a
reloadAllAccessors: .ExtendedFSM

===========================================================================================
----------------- testing Thu Oct 10 20:37:52 UTC 2019 /home/travis/build/icyphy/ptII/ptolemy/domains/modal/test/auto/FinalStates.xml
----------------- Instantiating /home/travis/build/icyphy/ptII/ptolemy/domains/modal/test/auto/FinalStates.xml
8 ms. Memory: 243712K Free: 101949K (42%)
----------------- Invoking toplevel() on ptolemy.moml.MoMLSimpleApplication@1c3f6e42
----------------- Done invoking toplevel() on ptolemy.moml.MoMLSimpleApplication@1c3f6e42
reloadAllAccessors: .FinalStates

===========================================================================================
----------------- testing Thu Oct 10 20:37:52 UTC 2019 /home/travis/build/icyphy/ptII/ptolemy/domains/modal/test/auto/FixedPointFSM.xml
----------------- Instantiating /home/travis/build/icyphy/ptII/ptolemy/domains/modal/test/auto/FixedPointFSM.xml
35 ms. Memory: 243712K Free: 87117K (36%)
----------------- Invoking toplevel() on ptolemy.moml.MoMLSimpleApplication@6915add3
----------------- Done invoking toplevel() on ptolemy.moml.MoMLSimpleApplication@6915add3
reloadAllAccessors: .FixedPointFSM

===========================================================================================
----------------- testing Thu Oct 10 20:37:52 UTC 2019 /home/travis/build/icyphy/ptII/ptolemy/domains/modal/test/auto/FixedPointIterationFSMActor.xml
----------------- Instantiating /home/travis/build/icyphy/ptII/ptolemy/domains/modal/test/auto/FixedPointIterationFSMActor.xml
10 ms. Memory: 243712K Free: 215642K (88%)
----------------- Invoking toplevel() on ptolemy.moml.MoMLSimpleApplication@2dd20231
----------------- Done invoking toplevel() on ptolemy.moml.MoMLSimpleApplication@2dd20231
reloadAllAccessors: .FixedPointIterationFSMActor

===========================================================================================
----------------- testing Thu Oct 10 20:37:52 UTC 2019 /home/travis/build/icyphy/ptII/ptolemy/domains/modal/test/auto/FixedPointIterationFSMActor2.xml
----------------- Instantiating /home/travis/build/icyphy/ptII/ptolemy/domains/modal/test/auto/FixedPointIterationFSMActor2.xml
11 ms. Memory: 243712K Free: 203354K (83%)
----------------- Invoking toplevel() on ptolemy.moml.MoMLSimpleApplication@b89bda0
----------------- Done invoking toplevel() on ptolemy.moml.MoMLSimpleApplication@b89bda0
reloadAllAccessors: .FixedPointIterationFSMActor2

===========================================================================================
----------------- testing Thu Oct 10 20:37:52 UTC 2019 /home/travis/build/icyphy/ptII/ptolemy/domains/modal/test/auto/ForbiddenInstantanousLoop.xml
----------------- Instantiating /home/travis/build/icyphy/ptII/ptolemy/domains/modal/test/auto/ForbiddenInstantanousLoop.xml
10 ms. Memory: 243712K Free: 191066K (78%)
----------------- Invoking toplevel() on ptolemy.moml.MoMLSimpleApplication@1d7195a3
----------------- Done invoking toplevel() on ptolemy.moml.MoMLSimpleApplication@1d7195a3
reloadAllAccessors: .ForbiddenInstantanousLoop

===========================================================================================
----------------- testing Thu Oct 10 20:37:52 UTC 2019 /home/travis/build/icyphy/ptII/ptolemy/domains/modal/test/auto/FunctionDependencyOfFSMActorTest.xml
----------------- Instantiating /home/travis/build/icyphy/ptII/ptolemy/domains/modal/test/auto/FunctionDependencyOfFSMActorTest.xml
15 ms. Memory: 243712K Free: 184378K (76%)
----------------- Invoking toplevel() on ptolemy.moml.MoMLSimpleApplication@38e2f8c
----------------- Done invoking toplevel() on ptolemy.moml.MoMLSimpleApplication@38e2f8c
reloadAllAccessors: .FunctionDependencyOfFSMActorTest

===========================================================================================
----------------- testing Thu Oct 10 20:37:52 UTC 2019 /home/travis/build/icyphy/ptII/ptolemy/domains/modal/test/auto/GuardExpression.xml
----------------- Instantiating /home/travis/build/icyphy/ptII/ptolemy/domains/modal/test/auto/GuardExpression.xml
1 ms. Memory: 243712K Free: 179288K (74%)
----------------- Invoking toplevel() on ptolemy.moml.MoMLSimpleApplication@5425006d
----------------- Done invoking toplevel() on ptolemy.moml.MoMLSimpleApplication@5425006d
reloadAllAccessors: .GuardExpression

===========================================================================================
----------------- testing Thu Oct 10 20:37:52 UTC 2019 /home/travis/build/icyphy/ptII/ptolemy/domains/modal/test/auto/GuardNotEvaluated.xml
----------------- Instantiating /home/travis/build/icyphy/ptII/ptolemy/domains/modal/test/auto/GuardNotEvaluated.xml
7 ms. Memory: 243712K Free: 170072K (70%)
----------------- Invoking toplevel() on ptolemy.moml.MoMLSimpleApplication@582223d4
----------------- Done invoking toplevel() on ptolemy.moml.MoMLSimpleApplication@582223d4
reloadAllAccessors: .GuardNotEvaluated

===========================================================================================
----------------- testing Thu Oct 10 20:37:52 UTC 2019 /home/travis/build/icyphy/ptII/ptolemy/domains/modal/test/auto/GuardNotEvaluated2.xml
----------------- Instantiating /home/travis/build/icyphy/ptII/ptolemy/domains/modal/test/auto/GuardNotEvaluated2.xml
6 ms. Memory: 243712K Free: 160346K (66%)
----------------- Invoking toplevel() on ptolemy.moml.MoMLSimpleApplication@449c8217
----------------- Done invoking toplevel() on ptolemy.moml.MoMLSimpleApplication@449c8217
reloadAllAccessors: .GuardNotEvaluated2

===========================================================================================
----------------- testing Thu Oct 10 20:37:52 UTC 2019 /home/travis/build/icyphy/ptII/ptolemy/domains/modal/test/auto/GuardOnAbsent.xml
----------------- Instantiating /home/travis/build/icyphy/ptII/ptolemy/domains/modal/test/auto/GuardOnAbsent.xml
10 ms. Memory: 243712K Free: 152634K (63%)
----------------- Invoking toplevel() on ptolemy.moml.MoMLSimpleApplication@2f5142d2
----------------- Done invoking toplevel() on ptolemy.moml.MoMLSimpleApplication@2f5142d2
reloadAllAccessors: .GuardOnAbsent

===========================================================================================
----------------- testing Thu Oct 10 20:37:52 UTC 2019 /home/travis/build/icyphy/ptII/ptolemy/domains/modal/test/auto/HierarchicalFSMTypeInference.xml
----------------- Instantiating /home/travis/build/icyphy/ptII/ptolemy/domains/modal/test/auto/HierarchicalFSMTypeInference.xml
5 ms. Memory: 243712K Free: 142424K (58%)
----------------- Invoking toplevel() on ptolemy.moml.MoMLSimpleApplication@107eb0c1
----------------- Done invoking toplevel() on ptolemy.moml.MoMLSimpleApplication@107eb0c1
reloadAllAccessors: .HierarchicalFSMTypeInference

===========================================================================================
----------------- testing Thu Oct 10 20:37:52 UTC 2019 /home/travis/build/icyphy/ptII/ptolemy/domains/modal/test/auto/Hysteresis.xml
----------------- Instantiating /home/travis/build/icyphy/ptII/ptolemy/domains/modal/test/auto/Hysteresis.xml
16 ms. Memory: 243712K Free: 129098K (53%)
----------------- Invoking toplevel() on ptolemy.moml.MoMLSimpleApplication@ee41bae
----------------- Done invoking toplevel() on ptolemy.moml.MoMLSimpleApplication@ee41bae
reloadAllAccessors: .Hysteresis

===========================================================================================
----------------- testing Thu Oct 10 20:37:52 UTC 2019 /home/travis/build/icyphy/ptII/ptolemy/domains/modal/test/auto/HysteresisWithDefault.xml
----------------- Instantiating /home/travis/build/icyphy/ptII/ptolemy/domains/modal/test/auto/HysteresisWithDefault.xml
51 ms. Memory: 243712K Free: 106074K (44%)
----------------- Invoking toplevel() on ptolemy.moml.MoMLSimpleApplication@1352185
----------------- Done invoking toplevel() on ptolemy.moml.MoMLSimpleApplication@1352185
reloadAllAccessors: .HysteresisWithDefault

===========================================================================================
----------------- testing Thu Oct 10 20:37:52 UTC 2019 /home/travis/build/icyphy/ptII/ptolemy/domains/modal/test/auto/HysteresisWithDefault2.xml
----------------- Instantiating /home/travis/build/icyphy/ptII/ptolemy/domains/modal/test/auto/HysteresisWithDefault2.xml
61 ms. Memory: 243712K Free: 215883K (89%)
----------------- Invoking toplevel() on ptolemy.moml.MoMLSimpleApplication@6f935ffe
----------------- Done invoking toplevel() on ptolemy.moml.MoMLSimpleApplication@6f935ffe
reloadAllAccessors: .HysteresisWithDefault2

===========================================================================================
----------------- testing Thu Oct 10 20:37:52 UTC 2019 /home/travis/build/icyphy/ptII/ptolemy/domains/modal/test/auto/ImmediateNonConstructiveness.xml
----------------- Instantiating /home/travis/build/icyphy/ptII/ptolemy/domains/modal/test/auto/ImmediateNonConstructiveness.xml
3 ms. Memory: 243712K Free: 208450K (86%)
----------------- Invoking toplevel() on ptolemy.moml.MoMLSimpleApplication@6f03ed54
----------------- Done invoking toplevel() on ptolemy.moml.MoMLSimpleApplication@6f03ed54
reloadAllAccessors: .ImmediateNonConstructiveness

===========================================================================================
----------------- testing Thu Oct 10 20:37:52 UTC 2019 /home/travis/build/icyphy/ptII/ptolemy/domains/modal/test/auto/ImmediateNonConstructiveness2.xml
----------------- Instantiating /home/travis/build/icyphy/ptII/ptolemy/domains/modal/test/auto/ImmediateNonConstructiveness2.xml
2 ms. Memory: 243712K Free: 201792K (83%)
----------------- Invoking toplevel() on ptolemy.moml.MoMLSimpleApplication@1dd0b077
----------------- Done invoking toplevel() on ptolemy.moml.MoMLSimpleApplication@1dd0b077
reloadAllAccessors: .ImmediateNonConstructiveness2

===========================================================================================
----------------- testing Thu Oct 10 20:37:52 UTC 2019 /home/travis/build/icyphy/ptII/ptolemy/domains/modal/test/auto/ImmediateTransitionReset.xml
----------------- Instantiating /home/travis/build/icyphy/ptII/ptolemy/domains/modal/test/auto/ImmediateTransitionReset.xml
6 ms. Memory: 243712K Free: 190018K (78%)
----------------- Invoking toplevel() on ptolemy.moml.MoMLSimpleApplication@8f6c86b
----------------- Done invoking toplevel() on ptolemy.moml.MoMLSimpleApplication@8f6c86b
reloadAllAccessors: .ImmediateTransitionReset

===========================================================================================
----------------- testing Thu Oct 10 20:37:53 UTC 2019 /home/travis/build/icyphy/ptII/ptolemy/domains/modal/test/auto/ImmediateTransitions1.xml
----------------- Instantiating /home/travis/build/icyphy/ptII/ptolemy/domains/modal/test/auto/ImmediateTransitions1.xml
2 ms. Memory: 243712K Free: 184898K (76%)
----------------- Invoking toplevel() on ptolemy.moml.MoMLSimpleApplication@58713b25
----------------- Done invoking toplevel() on ptolemy.moml.MoMLSimpleApplication@58713b25
reloadAllAccessors: .ImmediateTransitions1

===========================================================================================
----------------- testing Thu Oct 10 20:37:53 UTC 2019 /home/travis/build/icyphy/ptII/ptolemy/domains/modal/test/auto/ImmediateTransitionsInstantaneousCommunication.xml
----------------- Instantiating /home/travis/build/icyphy/ptII/ptolemy/domains/modal/test/auto/ImmediateTransitionsInstantaneousCommunication.xml
5 ms. Memory: 243712K Free: 172610K (71%)
----------------- Invoking toplevel() on ptolemy.moml.MoMLSimpleApplication@23bcd8e6
----------------- Done invoking toplevel() on ptolemy.moml.MoMLSimpleApplication@23bcd8e6
reloadAllAccessors: .ImmediateTransitionsInstantaneousCommunication

===========================================================================================
----------------- testing Thu Oct 10 20:37:53 UTC 2019 /home/travis/build/icyphy/ptII/ptolemy/domains/modal/test/auto/InitialImmediateTransition.xml
----------------- Instantiating /home/travis/build/icyphy/ptII/ptolemy/domains/modal/test/auto/InitialImmediateTransition.xml
6 ms. Memory: 243712K Free: 165442K (68%)
----------------- Invoking toplevel() on ptolemy.moml.MoMLSimpleApplication@431f888b
----------------- Done invoking toplevel() on ptolemy.moml.MoMLSimpleApplication@431f888b
reloadAllAccessors: .InitialImmediateTransition

===========================================================================================
----------------- testing Thu Oct 10 20:37:53 UTC 2019 /home/travis/build/icyphy/ptII/ptolemy/domains/modal/test/auto/InitialOutputs.xml
----------------- Instantiating /home/travis/build/icyphy/ptII/ptolemy/domains/modal/test/auto/InitialOutputs.xml
5 ms. Memory: 243712K Free: 159298K (65%)
----------------- Invoking toplevel() on ptolemy.moml.MoMLSimpleApplication@5a685c62
----------------- Done invoking toplevel() on ptolemy.moml.MoMLSimpleApplication@5a685c62
reloadAllAccessors: .InitialOutputs

===========================================================================================
----------------- testing Thu Oct 10 20:37:53 UTC 2019 /home/travis/build/icyphy/ptII/ptolemy/domains/modal/test/auto/InitialStateTransition1.xml
----------------- Instantiating /home/travis/build/icyphy/ptII/ptolemy/domains/modal/test/auto/InitialStateTransition1.xml
3 ms. Memory: 243712K Free: 152130K (62%)
----------------- Invoking toplevel() on ptolemy.moml.MoMLSimpleApplication@45454d28
----------------- Done invoking toplevel() on ptolemy.moml.MoMLSimpleApplication@45454d28
reloadAllAccessors: .InitialStateTransition1

===========================================================================================
----------------- testing Thu Oct 10 20:37:53 UTC 2019 /home/travis/build/icyphy/ptII/ptolemy/domains/modal/test/auto/InitialStateTransition2.xml
----------------- Instantiating /home/travis/build/icyphy/ptII/ptolemy/domains/modal/test/auto/InitialStateTransition2.xml
.InitialStateTransition2.TestExceptionAttributeNonConstructive: initialize() was not invoked, but wrapup() was.  This is unusual, but not always a problem.  For example, exporting JNLP will do this.
4 ms. Memory: 243712K Free: 144962K (59%)
----------------- Invoking toplevel() on ptolemy.moml.MoMLSimpleApplication@4eefd761
----------------- Done invoking toplevel() on ptolemy.moml.MoMLSimpleApplication@4eefd761
reloadAllAccessors: .InitialStateTransition2

===========================================================================================
----------------- testing Thu Oct 10 20:37:53 UTC 2019 /home/travis/build/icyphy/ptII/ptolemy/domains/modal/test/auto/InitialStateTransition3.xml
----------------- Instantiating /home/travis/build/icyphy/ptII/ptolemy/domains/modal/test/auto/InitialStateTransition3.xml
4 ms. Memory: 243712K Free: 136256K (56%)
----------------- Invoking toplevel() on ptolemy.moml.MoMLSimpleApplication@3ce6a56b
----------------- Done invoking toplevel() on ptolemy.moml.MoMLSimpleApplication@3ce6a56b
reloadAllAccessors: .InitialStateTransition3

===========================================================================================
----------------- testing Thu Oct 10 20:37:53 UTC 2019 /home/travis/build/icyphy/ptII/ptolemy/domains/modal/test/auto/InitialStateTransition4.xml
----------------- Instantiating /home/travis/build/icyphy/ptII/ptolemy/domains/modal/test/auto/InitialStateTransition4.xml
5 ms. Memory: 243712K Free: 126530K (52%)
----------------- Invoking toplevel() on ptolemy.moml.MoMLSimpleApplication@3e78d2ef
----------------- Done invoking toplevel() on ptolemy.moml.MoMLSimpleApplication@3e78d2ef
[...]
reloadAllAccessors: .TerminationTransition3

===========================================================================================
----------------- testing Thu Oct 10 20:37:55 UTC 2019 /home/travis/build/icyphy/ptII/ptolemy/domains/modal/test/auto/TerminationTransition4.xml
----------------- Instantiating /home/travis/build/icyphy/ptII/ptolemy/domains/modal/test/auto/TerminationTransition4.xml
7 ms. Memory: 292864K Free: 205933K (70%)
----------------- Invoking toplevel() on ptolemy.moml.MoMLSimpleApplication@623c64ab
----------------- Done invoking toplevel() on ptolemy.moml.MoMLSimpleApplication@623c64ab
reloadAllAccessors: .TerminationTransition4

===========================================================================================
----------------- testing Thu Oct 10 20:37:55 UTC 2019 /home/travis/build/icyphy/ptII/ptolemy/domains/modal/test/auto/TerminationTransition5.xml
----------------- Instantiating /home/travis/build/icyphy/ptII/ptolemy/domains/modal/test/auto/TerminationTransition5.xml
3 ms. Memory: 292864K Free: 192111K (66%)
----------------- Invoking toplevel() on ptolemy.moml.MoMLSimpleApplication@43cbe218
----------------- Done invoking toplevel() on ptolemy.moml.MoMLSimpleApplication@43cbe218
reloadAllAccessors: .TerminationTransition5

===========================================================================================
----------------- testing Thu Oct 10 20:37:55 UTC 2019 /home/travis/build/icyphy/ptII/ptolemy/domains/modal/test/auto/TerminationTransition6.xml
----------------- Instantiating /home/travis/build/icyphy/ptII/ptolemy/domains/modal/test/auto/TerminationTransition6.xml
2 ms. Memory: 292864K Free: 183405K (63%)
----------------- Invoking toplevel() on ptolemy.moml.MoMLSimpleApplication@4a5ef1e5
----------------- Done invoking toplevel() on ptolemy.moml.MoMLSimpleApplication@4a5ef1e5
reloadAllAccessors: .TerminationTransition6

===========================================================================================
----------------- testing Thu Oct 10 20:37:55 UTC 2019 /home/travis/build/icyphy/ptII/ptolemy/domains/modal/test/auto/TerminationTransition7.xml
----------------- Instantiating /home/travis/build/icyphy/ptII/ptolemy/domains/modal/test/auto/TerminationTransition7.xml
4 ms. Memory: 292864K Free: 173679K (59%)
----------------- Invoking toplevel() on ptolemy.moml.MoMLSimpleApplication@57c398aa
----------------- Done invoking toplevel() on ptolemy.moml.MoMLSimpleApplication@57c398aa
reloadAllAccessors: .TerminationTransition7

===========================================================================================
----------------- testing Thu Oct 10 20:37:55 UTC 2019 /home/travis/build/icyphy/ptII/ptolemy/domains/modal/test/auto/TerminationTransition8.xml
----------------- Instantiating /home/travis/build/icyphy/ptII/ptolemy/domains/modal/test/auto/TerminationTransition8.xml
2 ms. Memory: 292864K Free: 163949K (56%)
----------------- Invoking toplevel() on ptolemy.moml.MoMLSimpleApplication@1adf9e5c
----------------- Done invoking toplevel() on ptolemy.moml.MoMLSimpleApplication@1adf9e5c
reloadAllAccessors: .TerminationTransition8

===========================================================================================
----------------- testing Thu Oct 10 20:37:55 UTC 2019 /home/travis/build/icyphy/ptII/ptolemy/domains/modal/test/auto/Thermostat_NoHysteresis.xml
----------------- Instantiating /home/travis/build/icyphy/ptII/ptolemy/domains/modal/test/auto/Thermostat_NoHysteresis.xml
28 ms. Memory: 292864K Free: 139373K (48%)
----------------- Invoking toplevel() on ptolemy.moml.MoMLSimpleApplication@45eee5a5
----------------- Done invoking toplevel() on ptolemy.moml.MoMLSimpleApplication@45eee5a5
reloadAllAccessors: .Thermostat_NoHysteresis

===========================================================================================
----------------- testing Thu Oct 10 20:37:55 UTC 2019 /home/travis/build/icyphy/ptII/ptolemy/domains/modal/test/auto/TimedFSM.xml
----------------- Instantiating /home/travis/build/icyphy/ptII/ptolemy/domains/modal/test/auto/TimedFSM.xml
8 ms. Memory: 292864K Free: 127599K (44%)
----------------- Invoking toplevel() on ptolemy.moml.MoMLSimpleApplication@4e4b9ff4
----------------- Done invoking toplevel() on ptolemy.moml.MoMLSimpleApplication@4e4b9ff4
reloadAllAccessors: .TimedFSM

===========================================================================================
----------------- testing Thu Oct 10 20:37:55 UTC 2019 /home/travis/build/icyphy/ptII/ptolemy/domains/modal/test/auto/Timeout1.xml
----------------- Instantiating /home/travis/build/icyphy/ptII/ptolemy/domains/modal/test/auto/Timeout1.xml
3 ms. Memory: 292864K Free: 121951K (42%)
----------------- Invoking toplevel() on ptolemy.moml.MoMLSimpleApplication@64294f57
----------------- Done invoking toplevel() on ptolemy.moml.MoMLSimpleApplication@64294f57
reloadAllAccessors: .Timeout1

===========================================================================================
----------------- testing Thu Oct 10 20:37:55 UTC 2019 /home/travis/build/icyphy/ptII/ptolemy/domains/modal/test/auto/Timeout2.xml
----------------- Instantiating /home/travis/build/icyphy/ptII/ptolemy/domains/modal/test/auto/Timeout2.xml
9 ms. Memory: 292864K Free: 113263K (39%)
----------------- Invoking toplevel() on ptolemy.moml.MoMLSimpleApplication@582a4e91
----------------- Done invoking toplevel() on ptolemy.moml.MoMLSimpleApplication@582a4e91
reloadAllAccessors: .Timeout2

===========================================================================================
----------------- testing Thu Oct 10 20:37:55 UTC 2019 /home/travis/build/icyphy/ptII/ptolemy/domains/modal/test/auto/Timeout3.xml
----------------- Instantiating /home/travis/build/icyphy/ptII/ptolemy/domains/modal/test/auto/Timeout3.xml
2 ms. Memory: 292864K Free: 108143K (37%)
----------------- Invoking toplevel() on ptolemy.moml.MoMLSimpleApplication@5ae39934
----------------- Done invoking toplevel() on ptolemy.moml.MoMLSimpleApplication@5ae39934
reloadAllAccessors: .Timeout3

===========================================================================================
----------------- testing Thu Oct 10 20:37:55 UTC 2019 /home/travis/build/icyphy/ptII/ptolemy/domains/modal/test/auto/Timeout4.xml
----------------- Instantiating /home/travis/build/icyphy/ptII/ptolemy/domains/modal/test/auto/Timeout4.xml
17 ms. Memory: 292864K Free: 273300K (93%)
----------------- Invoking toplevel() on ptolemy.moml.MoMLSimpleApplication@2a5587a6
----------------- Done invoking toplevel() on ptolemy.moml.MoMLSimpleApplication@2a5587a6
reloadAllAccessors: .Timeout4

===========================================================================================
----------------- testing Thu Oct 10 20:37:55 UTC 2019 /home/travis/build/icyphy/ptII/ptolemy/domains/modal/test/auto/TransientstateModelAdvanced.xml
----------------- Instantiating /home/travis/build/icyphy/ptII/ptolemy/domains/modal/test/auto/TransientstateModelAdvanced.xml
3 ms. Memory: 292864K Free: 260468K (89%)
----------------- Invoking toplevel() on ptolemy.moml.MoMLSimpleApplication@3fc31ae0
----------------- Done invoking toplevel() on ptolemy.moml.MoMLSimpleApplication@3fc31ae0
reloadAllAccessors: .TransientstateModelAdvanced

===========================================================================================
----------------- testing Thu Oct 10 20:37:55 UTC 2019 /home/travis/build/icyphy/ptII/ptolemy/domains/modal/test/auto/TransientstateModelAdvanced2.xml
----------------- Instantiating /home/travis/build/icyphy/ptII/ptolemy/domains/modal/test/auto/TransientstateModelAdvanced2.xml
4 ms. Memory: 292864K Free: 246148K (84%)
----------------- Invoking toplevel() on ptolemy.moml.MoMLSimpleApplication@2db91968
----------------- Done invoking toplevel() on ptolemy.moml.MoMLSimpleApplication@2db91968
reloadAllAccessors: .transientstatemodelAdvanced

===========================================================================================
----------------- testing Thu Oct 10 20:37:55 UTC 2019 /home/travis/build/icyphy/ptII/ptolemy/domains/modal/test/auto/TransitionRefinements.xml
----------------- Instantiating /home/travis/build/icyphy/ptII/ptolemy/domains/modal/test/auto/TransitionRefinements.xml
8 ms. Memory: 292864K Free: 236436K (81%)
----------------- Invoking toplevel() on ptolemy.moml.MoMLSimpleApplication@22c0f70a
----------------- Done invoking toplevel() on ptolemy.moml.MoMLSimpleApplication@22c0f70a
reloadAllAccessors: .TransitionRefinements

===========================================================================================
----------------- testing Thu Oct 10 20:37:55 UTC 2019 /home/travis/build/icyphy/ptII/ptolemy/domains/modal/test/auto/TwoRefinements1.xml
----------------- Instantiating /home/travis/build/icyphy/ptII/ptolemy/domains/modal/test/auto/TwoRefinements1.xml
4 ms. Memory: 292864K Free: 226196K (77%)
----------------- Invoking toplevel() on ptolemy.moml.MoMLSimpleApplication@5aec9b3d
----------------- Done invoking toplevel() on ptolemy.moml.MoMLSimpleApplication@5aec9b3d
reloadAllAccessors: .TwoRefinements1

===========================================================================================
----------------- testing Thu Oct 10 20:37:56 UTC 2019 /home/travis/build/icyphy/ptII/ptolemy/domains/modal/test/auto/TwoRefinements2.xml
----------------- Instantiating /home/travis/build/icyphy/ptII/ptolemy/domains/modal/test/auto/TwoRefinements2.xml
4 ms. Memory: 292864K Free: 215956K (74%)
----------------- Invoking toplevel() on ptolemy.moml.MoMLSimpleApplication@23350e40
----------------- Done invoking toplevel() on ptolemy.moml.MoMLSimpleApplication@23350e40
reloadAllAccessors: .TwoRefinements2

===========================================================================================
----------------- testing Thu Oct 10 20:37:56 UTC 2019 /home/travis/build/icyphy/ptII/ptolemy/domains/modal/test/auto/WeakImmediateTransition.xml
----------------- Instantiating /home/travis/build/icyphy/ptII/ptolemy/domains/modal/test/auto/WeakImmediateTransition.xml
5 ms. Memory: 292864K Free: 207250K (71%)
----------------- Invoking toplevel() on ptolemy.moml.MoMLSimpleApplication@4c0d71d0
----------------- Done invoking toplevel() on ptolemy.moml.MoMLSimpleApplication@4c0d71d0
reloadAllAccessors: .WeakImmediateTransition

===========================================================================================
----------------- testing Thu Oct 10 20:37:56 UTC 2019 /home/travis/build/icyphy/ptII/ptolemy/domains/modal/test/auto/booleanSelect.xml
----------------- Instantiating /home/travis/build/icyphy/ptII/ptolemy/domains/modal/test/auto/booleanSelect.xml
41 ms. Memory: 292864K Free: 188804K (64%)
----------------- Invoking toplevel() on ptolemy.moml.MoMLSimpleApplication@68a8f737
----------------- Done invoking toplevel() on ptolemy.moml.MoMLSimpleApplication@68a8f737
reloadAllAccessors: .booleanSelect

===========================================================================================
----------------- testing Thu Oct 10 20:37:56 UTC 2019 /home/travis/build/icyphy/ptII/ptolemy/domains/modal/test/auto/modalChangingParams.xml
----------------- Instantiating /home/travis/build/icyphy/ptII/ptolemy/domains/modal/test/auto/modalChangingParams.xml
0
1
0
2
4
6
8
7
0
2
4
6
8
13
0
2
4
6
8
19
0
2
4
6
8
25
0
2
4
6
8
31
0
2
4
6
8
37
0
2
4
6
8
43
0
2
4
6
8
49
0
2
4
6
8
55
0
2
4
6
8
61
0
2
4
6
8
67
0
2
4
6
8
73
0
2
4
6
8
79
0
2
4
6
8
85
0
2
4
6
8
91
0
2
4
6
8
97
0
2
4
6
8
103
0
2
4
6
8
109
0
2
4
6
8
115
0
2
4
6
8
121
0
2
4
6
8
127
0
2
4
6
8
133
0
2
4
6
8
139
0
2
4
6
8
145
0
2
4
6
8
151
0
2
4
6
8
157
0
2
4
6
8
163
0
2
4
6
8
169
0
2
4
6
8
175
0
2
4
6
8
181
0
2
4
6
8
187
0
2
4
6
8
193
0
2
4
6
8
199
0
2
4
6
8
205
0
2
4
6
8
211
0
2
4
6
8
217
0
2
4
6
8
223
0
2
4
6
8
229
0
2
4
6
8
235
0
2
4
6
8
241
0
2
4
6
8
247
0
2
4
6
8
253
0
2
4
6
8
259
0
2
4
6
8
265
0
2
4
6
8
271
0
2
4
6
8
277
0
2
4
6
8
283
0
2
4
6
8
289
0
2
4
6
8
295
0
2
4
6
8
301
0
2
4
6
8
307
0
2
4
6
8
313
0
2
4
6
8
319
0
2
4
6
8
325
0
2
4
6
8
331
0
2
4
6
8
337
0
2
4
6
8
343
0
2
4
6
8
349
0
2
4
6
8
355
0
2
4
6
8
361
0
2
4
6
8
367
0
2
4
6
8
373
0
2
4
6
8
379
0
2
4
6
8
385
0
2
4
6
8
391
0
2
4
6
8
397
0
2
4
6
8
403
0
2
4
6
8
409
0
2
4
6
8
415
0
2
4
6
8
421
0
2
4
6
8
427
0
2
4
6
8
433
0
2
4
6
8
439
0
2
4
6
8
445
0
2
4
6
8
451
0
2
4
6
8
457
0
2
4
6
8
463
0
2
4
6
8
469
0
2
4
6
8
475
0
2
4
6
8
481
0
2
4
6
8
487
0
2
4
6
8
493
0
2
4
6
8
499
0
2
4
6
8
505
0
2
4
6
8
511
0
2
4
6
8
517
0
2
4
6
8
523
0
2
4
6
8
529
0
2
4
6
8
535
0
2
4
6
8
541
0
2
4
6
8
547
0
2
4
6
8
553
0
2
4
6
8
559
0
2
4
6
8
565
0
2
4
6
8
571
0
2
4
6
8
577
0
2
4
6
8
583
0
2
4
6
8
589
0
2
4
6
8
595
0
2
4
6
8
601
0
2
4
6
8
607
0
2
4
6
8
613
0
2
4
6
8
619
0
2
4
6
8
625
0
2
4
6
8
631
0
2
4
6
8
637
0
2
4
6
8
643
0
2
4
6
8
649
0
2
4
6
8
655
0
2
4
6
8
661
0
2
4
6
8
667
0
2
4
6
8
673
0
2
4
6
8
679
0
2
4
6
8
685
0
2
4
6
8
691
0
2
4
6
8
697
0
2
4
6
8
703
0
2
4
6
8
709
0
2
4
6
8
715
0
2
4
6
8
721
0
2
4
6
8
727
0
2
4
6
8
733
0
2
4
6
8
739
0
2
4
6
8
745
0
2
4
6
8
751
0
2
4
6
8
757
0
2
4
6
8
763
0
2
4
6
8
769
0
2
4
6
8
775
0
2
4
6
8
781
0
2
4
6
8
787
0
2
4
6
8
793
0
2
4
6
8
799
0
2
4
6
8
805
0
2
4
6
8
811
0
2
4
6
8
817
0
2
4
6
8
823
0
2
4
6
8
829
0
2
4
6
8
835
0
2
4
6
8
841
0
2
4
6
8
847
0
2
4
6
8
853
0
2
4
6
8
859
0
2
4
6
8
865
0
2
4
6
8
871
0
2
4
6
8
877
0
2
4
6
8
883
0
2
4
6
8
889
0
2
4
6
8
895
0
2
4
6
8
901
0
2
4
6
8
907
0
2
4
6
8
913
0
2
4
6
8
919
0
2
4
6
8
925
0
2
4
6
8
931
0
2
4
6
8
937
0
2
4
6
8
943
0
2
4
6
8
949
0
2
4
6
8
955
0
2
4
6
8
961
0
2
4
6
8
967
0
2
4
6
8
973
0
2
4
6
8
979
0
2
4
6
8
985
0
2
4
6
8
991
0
2
4
6
8
997
0
2
310 ms. Memory: 373760K Free: 325245K (87%)
----------------- Invoking toplevel() on ptolemy.moml.MoMLSimpleApplication@4e68ead0
----------------- Done invoking toplevel() on ptolemy.moml.MoMLSimpleApplication@4e68ead0
reloadAllAccessors: .modalChangingParams

===========================================================================================
----------------- testing Thu Oct 10 20:37:56 UTC 2019 /home/travis/build/icyphy/ptII/ptolemy/domains/modal/test/auto/modalModel.xml
----------------- Instantiating /home/travis/build/icyphy/ptII/ptolemy/domains/modal/test/auto/modalModel.xml
8 ms. Memory: 373760K Free: 316043K (85%)
----------------- Invoking toplevel() on ptolemy.moml.MoMLSimpleApplication@74b6b68a
----------------- Done invoking toplevel() on ptolemy.moml.MoMLSimpleApplication@74b6b68a
reloadAllAccessors: .modalModel

===========================================================================================
----------------- testing Thu Oct 10 20:37:56 UTC 2019 /home/travis/build/icyphy/ptII/ptolemy/domains/modal/test/auto/modalModel2.xml
----------------- Instantiating /home/travis/build/icyphy/ptII/ptolemy/domains/modal/test/auto/modalModel2.xml
11 ms. Memory: 373760K Free: 305293K (82%)
----------------- Invoking toplevel() on ptolemy.moml.MoMLSimpleApplication@25026db6
----------------- Done invoking toplevel() on ptolemy.moml.MoMLSimpleApplication@25026db6
reloadAllAccessors: .modalModel2

===========================================================================================
----------------- testing Thu Oct 10 20:37:56 UTC 2019 /home/travis/build/icyphy/ptII/ptolemy/domains/modal/test/auto/modalModel3.xml
----------------- Instantiating /home/travis/build/icyphy/ptII/ptolemy/domains/modal/test/auto/modalModel3.xml
0	0	0
3	2	1
6	4	2
9	6	3
4	0	4
7	2	5
10	4	6
13	6	7
8	0	8
11	2	9
14	4	10
17	6	11
12	0	12
15	2	13
18	4	14
20 ms. Memory: 373760K Free: 290413K (78%)
----------------- Invoking toplevel() on ptolemy.moml.MoMLSimpleApplication@e9b91aa
----------------- Done invoking toplevel() on ptolemy.moml.MoMLSimpleApplication@e9b91aa
reloadAllAccessors: .modalModel3

===========================================================================================
----------------- testing Thu Oct 10 20:37:56 UTC 2019 /home/travis/build/icyphy/ptII/ptolemy/domains/modal/test/auto/model1.xml
----------------- Instantiating /home/travis/build/icyphy/ptII/ptolemy/domains/modal/test/auto/model1.xml
15 ms. Memory: 373760K Free: 284813K (76%)
----------------- Invoking toplevel() on ptolemy.moml.MoMLSimpleApplication@4d31c668
----------------- Done invoking toplevel() on ptolemy.moml.MoMLSimpleApplication@4d31c668
reloadAllAccessors: .model1

===========================================================================================
----------------- testing Thu Oct 10 20:37:56 UTC 2019 /home/travis/build/icyphy/ptII/ptolemy/domains/modal/test/auto/test-direct-in-out.xml
----------------- Instantiating /home/travis/build/icyphy/ptII/ptolemy/domains/modal/test/auto/test-direct-in-out.xml
7 ms. Memory: 373760K Free: 277125K (74%)
----------------- Invoking toplevel() on ptolemy.moml.MoMLSimpleApplication@4525b164
----------------- Done invoking toplevel() on ptolemy.moml.MoMLSimpleApplication@4525b164
reloadAllAccessors: .test-direct-in-out
AutoTests.java: About to close Vertx.
AutoTests.java: Vertx closed.
]]></system-out>
  <system-err><![CDATA[java.lang.RuntimeException: Execution failed
	at ptolemy.moml.MoMLSimpleApplication$UnloadThread.run(MoMLSimpleApplication.java:402)
Caused by: ptolemy.kernel.util.IllegalActionException: Unknown inputs remain. Possible causality loop:
L_model_1893289564i

  in .CannotAnalysisWithPreemption.model_1893289564_region_1 and .CannotAnalysisWithPreemption.model_1893289564_region_1.L_model_1893289564i
	at ptolemy.actor.sched.FixedPointDirector.postfire(FixedPointDirector.java:515)
	at ptolemy.domains.sr.kernel.SRDirector.postfire(SRDirector.java:417)
	at ptolemy.actor.CompositeActor.postfire(CompositeActor.java:1668)
	at ptolemy.actor.Manager.iterate(Manager.java:852)
	at ptolemy.actor.Manager.execute(Manager.java:369)
	at ptolemy.actor.Manager.run(Manager.java:1263)
	at ptolemy.actor.Manager$PtolemyRunThread.run(Manager.java:1933)
java.lang.reflect.InvocationTargetException
	at java.base/jdk.internal.reflect.NativeConstructorAccessorImpl.newInstance0(Native Method)
	at java.base/jdk.internal.reflect.NativeConstructorAccessorImpl.newInstance(NativeConstructorAccessorImpl.java:62)
	at java.base/jdk.internal.reflect.DelegatingConstructorAccessorImpl.newInstance(DelegatingConstructorAccessorImpl.java:45)
	at java.base/java.lang.reflect.Constructor.newInstance(Constructor.java:490)
	at ptolemy.util.test.junit.AutoKnownFailedTests.RunModel(AutoKnownFailedTests.java:105)
	at java.base/jdk.internal.reflect.NativeMethodAccessorImpl.invoke0(Native Method)
	at java.base/jdk.internal.reflect.NativeMethodAccessorImpl.invoke(NativeMethodAccessorImpl.java:62)
	at java.base/jdk.internal.reflect.DelegatingMethodAccessorImpl.invoke(DelegatingMethodAccessorImpl.java:43)
	at java.base/java.lang.reflect.Method.invoke(Method.java:566)
	at org.junit.runners.model.FrameworkMethod$1.runReflectiveCall(FrameworkMethod.java:44)
	at org.junit.internal.runners.model.ReflectiveCallable.run(ReflectiveCallable.java:15)
	at org.junit.runners.model.FrameworkMethod.invokeExplosively(FrameworkMethod.java:41)
	at junitparams.internal.InvokeParameterisedMethod.evaluate(InvokeParameterisedMethod.java:102)
	at org.junit.internal.runners.statements.FailOnTimeout$1.run(FailOnTimeout.java:28)
Caused by: ptolemy.kernel.util.IllegalActionException: Unknown inputs remain. Possible causality loop:
L_model_1893289564i

  in .CannotAnalysisWithPreemption.model_1893289564_region_1 and .CannotAnalysisWithPreemption.model_1893289564_region_1.L_model_1893289564i
	at ptolemy.actor.sched.FixedPointDirector.postfire(FixedPointDirector.java:515)
	at ptolemy.domains.sr.kernel.SRDirector.postfire(SRDirector.java:417)
	at ptolemy.actor.CompositeActor.postfire(CompositeActor.java:1668)
	at ptolemy.actor.Manager.iterate(Manager.java:852)
	at ptolemy.actor.Manager.execute(Manager.java:369)
	at ptolemy.actor.Manager.run(Manager.java:1263)
	at ptolemy.actor.Manager$PtolemyRunThread.run(Manager.java:1933)
]]></system-err>
</testsuite>
