<?xml version="1.0" encoding="UTF-8" ?>
<testsuite errors="0" failures="0" hostname="travis-job-a68510a1-f62d-4338-81c3-220bd0649aef" name="ptolemy.domains.de.test.junit.JUnitTclTest" skipped="0" tests="101" time="133.757" timestamp="2019-07-17T15:47:31">
  <properties>
[...]
</properties>
  <testcase classname="ptolemy.util.test.junit.TclTests" name="[0] /home/travis/build/icyphy/ptII/ptolemy/domains/de/test/DependencyLoop.tcl (RunTclFile)" time="1.127" />
  <testcase classname="ptolemy.util.test.junit.TclTests" name="[1] /home/travis/build/icyphy/ptII/ptolemy/domains/de/test/RunDETestsAsQSS.tcl (RunTclFile)" time="90.269" />
  <testcase classname="ptolemy.util.test.junit.AutoKnownFailedTests" name="[0] /home/travis/build/icyphy/ptII/ptolemy/domains/de/test/auto/knownFailedTests/DESDFClockTest.xml (RunModel)" time="2.052" />
  <testcase classname="ptolemy.util.test.junit.AutoKnownFailedTests" name="[1] /home/travis/build/icyphy/ptII/ptolemy/domains/de/test/auto/knownFailedTests/DirectFeedback.xml (RunModel)" time="0.015" />
  <testcase classname="ptolemy.util.test.junit.AutoKnownFailedTests" name="[2] /home/travis/build/icyphy/ptII/ptolemy/domains/de/test/auto/knownFailedTests/FSMSource.xml (RunModel)" time="0.043" />
  <testcase classname="ptolemy.util.test.junit.AutoKnownFailedTests" name="[3] /home/travis/build/icyphy/ptII/ptolemy/domains/de/test/auto/knownFailedTests/HierarchicalModel.xml (RunModel)" time="0.053" />
  <testcase classname="ptolemy.util.test.junit.AutoKnownFailedTests" name="[4] /home/travis/build/icyphy/ptII/ptolemy/domains/de/test/auto/knownFailedTests/dependencyLoop.xml (RunModel)" time="0.041" />
  <testcase classname="ptolemy.util.test.junit.AutoKnownFailedTests" name="[5] /home/travis/build/icyphy/ptII/ptolemy/domains/de/test/auto/knownFailedTests/dependencyLoop2.xml (RunModel)" time="0.042" />
  <testcase classname="ptolemy.util.test.junit.AutoNameArchTests" name="[0] ThereAreNoAutoArchTests (RunModel)" time="0.005" />
  <testcase classname="ptolemy.util.test.junit.AutoTests" name="[0] /home/travis/build/icyphy/ptII/ptolemy/domains/de/test/auto/ActorDepthCalculation_actorWithoutPorts.xml (RunModel)" time="0.02" />
  <testcase classname="ptolemy.util.test.junit.AutoTests" name="[1] /home/travis/build/icyphy/ptII/ptolemy/domains/de/test/auto/AssemblyLine.xml (RunModel)" time="0.027" />
  <testcase classname="ptolemy.util.test.junit.AutoTests" name="[2] /home/travis/build/icyphy/ptII/ptolemy/domains/de/test/auto/CQBug1.xml (RunModel)" time="0.009" />
  <testcase classname="ptolemy.util.test.junit.AutoTests" name="[3] /home/travis/build/icyphy/ptII/ptolemy/domains/de/test/auto/CancelFireAt.xml (RunModel)" time="0.015" />
  <testcase classname="ptolemy.util.test.junit.AutoTests" name="[4] /home/travis/build/icyphy/ptII/ptolemy/domains/de/test/auto/CausalityAndComposabilityAnalysis.xml (RunModel)" time="0.016" />
  <testcase classname="ptolemy.util.test.junit.AutoTests" name="[5] /home/travis/build/icyphy/ptII/ptolemy/domains/de/test/auto/CausalityInterface1.xml (RunModel)" time="0.027" />
  <testcase classname="ptolemy.util.test.junit.AutoTests" name="[6] /home/travis/build/icyphy/ptII/ptolemy/domains/de/test/auto/CausalityInterface15.xml (RunModel)" time="0.028" />
  <testcase classname="ptolemy.util.test.junit.AutoTests" name="[7] /home/travis/build/icyphy/ptII/ptolemy/domains/de/test/auto/CausalityInterface2.xml (RunModel)" time="0.014" />
  <testcase classname="ptolemy.util.test.junit.AutoTests" name="[8] /home/travis/build/icyphy/ptII/ptolemy/domains/de/test/auto/CausalityInterface3.xml (RunModel)" time="0.013" />
  <testcase classname="ptolemy.util.test.junit.AutoTests" name="[9] /home/travis/build/icyphy/ptII/ptolemy/domains/de/test/auto/ClockDrift.xml (RunModel)" time="0.039" />
  <testcase classname="ptolemy.util.test.junit.AutoTests" name="[10] /home/travis/build/icyphy/ptII/ptolemy/domains/de/test/auto/ClockDriftAndValueChange.xml (RunModel)" time="0.038" />
  <testcase classname="ptolemy.util.test.junit.AutoTests" name="[11] /home/travis/build/icyphy/ptII/ptolemy/domains/de/test/auto/ClockDriftChange.xml (RunModel)" time="0.038" />
  <testcase classname="ptolemy.util.test.junit.AutoTests" name="[12] /home/travis/build/icyphy/ptII/ptolemy/domains/de/test/auto/ComposableCausalityAnalysis.xml (RunModel)" time="0.016" />
  <testcase classname="ptolemy.util.test.junit.AutoTests" name="[13] /home/travis/build/icyphy/ptII/ptolemy/domains/de/test/auto/DEFixedPointLimitation.xml (RunModel)" time="0.015" />
  <testcase classname="ptolemy.util.test.junit.AutoTests" name="[14] /home/travis/build/icyphy/ptII/ptolemy/domains/de/test/auto/DEScheduleTest.xml (RunModel)" time="0.014" />
  <testcase classname="ptolemy.util.test.junit.AutoTests" name="[15] /home/travis/build/icyphy/ptII/ptolemy/domains/de/test/auto/DEinDEwithStartTimes.xml (RunModel)" time="0.018" />
  <testcase classname="ptolemy.util.test.junit.AutoTests" name="[16] /home/travis/build/icyphy/ptII/ptolemy/domains/de/test/auto/DEinDEwithStartTimes2.xml (RunModel)" time="0.018" />
  <testcase classname="ptolemy.util.test.junit.AutoTests" name="[17] /home/travis/build/icyphy/ptII/ptolemy/domains/de/test/auto/DateDemo.xml (RunModel)" time="0.032" />
  <testcase classname="ptolemy.util.test.junit.AutoTests" name="[18] /home/travis/build/icyphy/ptII/ptolemy/domains/de/test/auto/DateToEvent.xml (RunModel)" time="2.041" />
  <testcase classname="ptolemy.util.test.junit.AutoTests" name="[19] /home/travis/build/icyphy/ptII/ptolemy/domains/de/test/auto/DepthTest1.xml (RunModel)" time="0.012" />
  <testcase classname="ptolemy.util.test.junit.AutoTests" name="[20] /home/travis/build/icyphy/ptII/ptolemy/domains/de/test/auto/DepthTest2.xml (RunModel)" time="0.024" />
  <testcase classname="ptolemy.util.test.junit.AutoTests" name="[21] /home/travis/build/icyphy/ptII/ptolemy/domains/de/test/auto/DepthTest3.xml (RunModel)" time="0.009" />
  <testcase classname="ptolemy.util.test.junit.AutoTests" name="[22] /home/travis/build/icyphy/ptII/ptolemy/domains/de/test/auto/DepthTest4.xml (RunModel)" time="0.024" />
  <testcase classname="ptolemy.util.test.junit.AutoTests" name="[23] /home/travis/build/icyphy/ptII/ptolemy/domains/de/test/auto/DepthTest5.xml (RunModel)" time="0.013" />
  <testcase classname="ptolemy.util.test.junit.AutoTests" name="[24] /home/travis/build/icyphy/ptII/ptolemy/domains/de/test/auto/DepthTest6.xml (RunModel)" time="0.02" />
  <testcase classname="ptolemy.util.test.junit.AutoTests" name="[25] /home/travis/build/icyphy/ptII/ptolemy/domains/de/test/auto/DepthTest7.xml (RunModel)" time="0.016" />
  <testcase classname="ptolemy.util.test.junit.AutoTests" name="[26] /home/travis/build/icyphy/ptII/ptolemy/domains/de/test/auto/EventToDate.xml (RunModel)" time="3.032" />
  <testcase classname="ptolemy.util.test.junit.AutoTests" name="[27] /home/travis/build/icyphy/ptII/ptolemy/domains/de/test/auto/FSM1.xml (RunModel)" time="0.051" />
  <testcase classname="ptolemy.util.test.junit.AutoTests" name="[28] /home/travis/build/icyphy/ptII/ptolemy/domains/de/test/auto/FSM7.xml (RunModel)" time="0.06" />
  <testcase classname="ptolemy.util.test.junit.AutoTests" name="[29] /home/travis/build/icyphy/ptII/ptolemy/domains/de/test/auto/Inspection.xml (RunModel)" time="0.045" />
  <testcase classname="ptolemy.util.test.junit.AutoTests" name="[30] /home/travis/build/icyphy/ptII/ptolemy/domains/de/test/auto/Iteration.xml (RunModel)" time="0.025" />
  <testcase classname="ptolemy.util.test.junit.AutoTests" name="[31] /home/travis/build/icyphy/ptII/ptolemy/domains/de/test/auto/LineFault.xml (RunModel)" time="0.621" />
  <testcase classname="ptolemy.util.test.junit.AutoTests" name="[32] /home/travis/build/icyphy/ptII/ptolemy/domains/de/test/auto/MergeModel1Add.xml (RunModel)" time="0.042" />
  <testcase classname="ptolemy.util.test.junit.AutoTests" name="[33] /home/travis/build/icyphy/ptII/ptolemy/domains/de/test/auto/MergeModel2Add.xml (RunModel)" time="0.044" />
  <testcase classname="ptolemy.util.test.junit.AutoTests" name="[34] /home/travis/build/icyphy/ptII/ptolemy/domains/de/test/auto/MergeModel3Add.xml (RunModel)" time="0.05" />
  <testcase classname="ptolemy.util.test.junit.AutoTests" name="[35] /home/travis/build/icyphy/ptII/ptolemy/domains/de/test/auto/MergeWithoutDiscard.xml (RunModel)" time="0.018" />
  <testcase classname="ptolemy.util.test.junit.AutoTests" name="[36] /home/travis/build/icyphy/ptII/ptolemy/domains/de/test/auto/Modal1.xml (RunModel)" time="0.026" />
  <testcase classname="ptolemy.util.test.junit.AutoTests" name="[37] /home/travis/build/icyphy/ptII/ptolemy/domains/de/test/auto/Modal2.xml (RunModel)" time="0.029" />
  <testcase classname="ptolemy.util.test.junit.AutoTests" name="[38] /home/travis/build/icyphy/ptII/ptolemy/domains/de/test/auto/Modal3.xml (RunModel)" time="0.04" />
  <testcase classname="ptolemy.util.test.junit.AutoTests" name="[39] /home/travis/build/icyphy/ptII/ptolemy/domains/de/test/auto/Modal4.xml (RunModel)" time="0.032" />
  <testcase classname="ptolemy.util.test.junit.AutoTests" name="[40] /home/travis/build/icyphy/ptII/ptolemy/domains/de/test/auto/Modal5.xml (RunModel)" time="0.041" />
  <testcase classname="ptolemy.util.test.junit.AutoTests" name="[41] /home/travis/build/icyphy/ptII/ptolemy/domains/de/test/auto/Modal6.xml (RunModel)" time="0.029" />
  <testcase classname="ptolemy.util.test.junit.AutoTests" name="[42] /home/travis/build/icyphy/ptII/ptolemy/domains/de/test/auto/Modal7.xml (RunModel)" time="0.034" />
  <testcase classname="ptolemy.util.test.junit.AutoTests" name="[43] /home/travis/build/icyphy/ptII/ptolemy/domains/de/test/auto/ModalModel.xml (RunModel)" time="0.212" />
  <testcase classname="ptolemy.util.test.junit.AutoTests" name="[44] /home/travis/build/icyphy/ptII/ptolemy/domains/de/test/auto/ModalSource.xml (RunModel)" time="0.021" />
  <testcase classname="ptolemy.util.test.junit.AutoTests" name="[45] /home/travis/build/icyphy/ptII/ptolemy/domains/de/test/auto/NonInterruptibleTimerZeroDelay.xml (RunModel)" time="0.009" />
  <testcase classname="ptolemy.util.test.junit.AutoTests" name="[46] /home/travis/build/icyphy/ptII/ptolemy/domains/de/test/auto/OpenQueueingNetwork.xml (RunModel)" time="2.505" />
  <testcase classname="ptolemy.util.test.junit.AutoTests" name="[47] /home/travis/build/icyphy/ptII/ptolemy/domains/de/test/auto/OpenQueuingNetwork.xml (RunModel)" time="0.28" />
  <testcase classname="ptolemy.util.test.junit.AutoTests" name="[48] /home/travis/build/icyphy/ptII/ptolemy/domains/de/test/auto/PeriodicSampler.xml (RunModel)" time="0.013" />
  <testcase classname="ptolemy.util.test.junit.AutoTests" name="[49] /home/travis/build/icyphy/ptII/ptolemy/domains/de/test/auto/PersistentIO.xml (RunModel)" time="0.025" />
  <testcase classname="ptolemy.util.test.junit.AutoTests" name="[50] /home/travis/build/icyphy/ptII/ptolemy/domains/de/test/auto/PortParameterResetOnInitialize.xml (RunModel)" time="0.012" />
  <testcase classname="ptolemy.util.test.junit.AutoTests" name="[51] /home/travis/build/icyphy/ptII/ptolemy/domains/de/test/auto/PortParameterUpdates.xml (RunModel)" time="0.014" />
  <testcase classname="ptolemy.util.test.junit.AutoTests" name="[52] /home/travis/build/icyphy/ptII/ptolemy/domains/de/test/auto/QueueAndServer.xml (RunModel)" time="0.022" />
  <testcase classname="ptolemy.util.test.junit.AutoTests" name="[53] /home/travis/build/icyphy/ptII/ptolemy/domains/de/test/auto/Records.xml (RunModel)" time="0.016" />
  <testcase classname="ptolemy.util.test.junit.AutoTests" name="[54] /home/travis/build/icyphy/ptII/ptolemy/domains/de/test/auto/ResetTransitionWithStartTime1.xml (RunModel)" time="0.023" />
  <testcase classname="ptolemy.util.test.junit.AutoTests" name="[55] /home/travis/build/icyphy/ptII/ptolemy/domains/de/test/auto/ResetTransitionWithStartTime2.xml (RunModel)" time="0.019" />
  <testcase classname="ptolemy.util.test.junit.AutoTests" name="[56] /home/travis/build/icyphy/ptII/ptolemy/domains/de/test/auto/ResetTransitionWithStartTime3.xml (RunModel)" time="0.018" />
  <testcase classname="ptolemy.util.test.junit.AutoTests" name="[57] /home/travis/build/icyphy/ptII/ptolemy/domains/de/test/auto/ResetTransitionWithStartTime4.xml (RunModel)" time="0.018" />
  <testcase classname="ptolemy.util.test.junit.AutoTests" name="[58] /home/travis/build/icyphy/ptII/ptolemy/domains/de/test/auto/ResettableTimer1.xml (RunModel)" time="0.01" />
  <testcase classname="ptolemy.util.test.junit.AutoTests" name="[59] /home/travis/build/icyphy/ptII/ptolemy/domains/de/test/auto/ResettableTimer2.xml (RunModel)" time="0.009" />
  <testcase classname="ptolemy.util.test.junit.AutoTests" name="[60] /home/travis/build/icyphy/ptII/ptolemy/domains/de/test/auto/ResettableTimer3.xml (RunModel)" time="0.008" />
  <testcase classname="ptolemy.util.test.junit.AutoTests" name="[61] /home/travis/build/icyphy/ptII/ptolemy/domains/de/test/auto/ResettableTimer4.xml (RunModel)" time="0.011" />
  <testcase classname="ptolemy.util.test.junit.AutoTests" name="[62] /home/travis/build/icyphy/ptII/ptolemy/domains/de/test/auto/ResettableTimer5.xml (RunModel)" time="0.01" />
  <testcase classname="ptolemy.util.test.junit.AutoTests" name="[63] /home/travis/build/icyphy/ptII/ptolemy/domains/de/test/auto/ResettableTimer6.xml (RunModel)" time="0.016" />
  <testcase classname="ptolemy.util.test.junit.AutoTests" name="[64] /home/travis/build/icyphy/ptII/ptolemy/domains/de/test/auto/ServerZeroDelay.xml (RunModel)" time="0.009" />
  <testcase classname="ptolemy.util.test.junit.AutoTests" name="[65] /home/travis/build/icyphy/ptII/ptolemy/domains/de/test/auto/SmartSender.xml (RunModel)" time="3.01" />
  <testcase classname="ptolemy.util.test.junit.AutoTests" name="[66] /home/travis/build/icyphy/ptII/ptolemy/domains/de/test/auto/ThreadedComposite.xml (RunModel)" time="0.121" />
  <testcase classname="ptolemy.util.test.junit.AutoTests" name="[67] /home/travis/build/icyphy/ptII/ptolemy/domains/de/test/auto/Time.xml (RunModel)" time="0.461" />
  <testcase classname="ptolemy.util.test.junit.AutoTests" name="[68] /home/travis/build/icyphy/ptII/ptolemy/domains/de/test/auto/TimeDelayZeroDelay.xml (RunModel)" time="0.011" />
  <testcase classname="ptolemy.util.test.junit.AutoTests" name="[69] /home/travis/build/icyphy/ptII/ptolemy/domains/de/test/auto/TimerZeroDelay.xml (RunModel)" time="0.009" />
  <testcase classname="ptolemy.util.test.junit.AutoTests" name="[70] /home/travis/build/icyphy/ptII/ptolemy/domains/de/test/auto/TimingParadox.xml (RunModel)" time="0.378" />
  <testcase classname="ptolemy.util.test.junit.AutoTests" name="[71] /home/travis/build/icyphy/ptII/ptolemy/domains/de/test/auto/TransferInputs.xml (RunModel)" time="0.019" />
  <testcase classname="ptolemy.util.test.junit.AutoTests" name="[72] /home/travis/build/icyphy/ptII/ptolemy/domains/de/test/auto/TransferOutputs2.xml (RunModel)" time="0.015" />
  <testcase classname="ptolemy.util.test.junit.AutoTests" name="[73] /home/travis/build/icyphy/ptII/ptolemy/domains/de/test/auto/Trilateration.xml (RunModel)" time="13.173" />
  <testcase classname="ptolemy.util.test.junit.AutoTests" name="[74] /home/travis/build/icyphy/ptII/ptolemy/domains/de/test/auto/TwoSigmaDelta.xml (RunModel)" time="2.176" />
  <testcase classname="ptolemy.util.test.junit.AutoTests" name="[75] /home/travis/build/icyphy/ptII/ptolemy/domains/de/test/auto/VariableDelay.xml (RunModel)" time="0.01" />
  <testcase classname="ptolemy.util.test.junit.AutoTests" name="[76] /home/travis/build/icyphy/ptII/ptolemy/domains/de/test/auto/VariableDelay2.xml (RunModel)" time="0.008" />
  <testcase classname="ptolemy.util.test.junit.AutoTests" name="[77] /home/travis/build/icyphy/ptII/ptolemy/domains/de/test/auto/VariableDelayZeroDelay.xml (RunModel)" time="0.017" />
  <testcase classname="ptolemy.util.test.junit.AutoTests" name="[78] /home/travis/build/icyphy/ptII/ptolemy/domains/de/test/auto/VariableDelayZeroDelay2.xml (RunModel)" time="0.01" />
  <testcase classname="ptolemy.util.test.junit.AutoTests" name="[79] /home/travis/build/icyphy/ptII/ptolemy/domains/de/test/auto/deInCt.xml (RunModel)" time="0.016" />
  <testcase classname="ptolemy.util.test.junit.AutoTests" name="[80] /home/travis/build/icyphy/ptII/ptolemy/domains/de/test/auto/deInCt2.xml (RunModel)" time="0.016" />
  <testcase classname="ptolemy.util.test.junit.AutoTests" name="[81] /home/travis/build/icyphy/ptII/ptolemy/domains/de/test/auto/dynamicCausalityInterface1.xml (RunModel)" time="0.017" />
  <testcase classname="ptolemy.util.test.junit.AutoTests" name="[82] /home/travis/build/icyphy/ptII/ptolemy/domains/de/test/auto/fsm_de_test.xml (RunModel)" time="0.022" />
  <testcase classname="ptolemy.util.test.junit.AutoTests" name="[83] /home/travis/build/icyphy/ptII/ptolemy/domains/de/test/auto/functionDependencyReconstruction.xml (RunModel)" time="0.051" />
  <testcase classname="ptolemy.util.test.junit.AutoTests" name="[84] /home/travis/build/icyphy/ptII/ptolemy/domains/de/test/auto/multirate.xml (RunModel)" time="0.021" />
  <testcase classname="ptolemy.util.test.junit.AutoTests" name="[85] /home/travis/build/icyphy/ptII/ptolemy/domains/de/test/auto/multirate2.xml (RunModel)" time="0.021" />
  <testcase classname="ptolemy.util.test.junit.AutoTests" name="[86] /home/travis/build/icyphy/ptII/ptolemy/domains/de/test/auto/realtime.xml (RunModel)" time="10.013" />
  <testcase classname="ptolemy.util.test.junit.AutoTests" name="[87] /home/travis/build/icyphy/ptII/ptolemy/domains/de/test/auto/relationGroup.xml (RunModel)" time="0.011" />
  <testcase classname="ptolemy.util.test.junit.AutoTests" name="[88] /home/travis/build/icyphy/ptII/ptolemy/domains/de/test/auto/relationGroup2.xml (RunModel)" time="0.017" />
  <testcase classname="ptolemy.util.test.junit.AutoTests" name="[89] /home/travis/build/icyphy/ptII/ptolemy/domains/de/test/auto/sortWithOpaquePorts.xml (RunModel)" time="0.014" />
  <testcase classname="ptolemy.util.test.junit.AutoTests" name="[90] /home/travis/build/icyphy/ptII/ptolemy/domains/de/test/auto/transferInputsandOutputs.xml (RunModel)" time="0.017" />
  <testcase classname="ptolemy.util.test.junit.AutoTests" name="[91] /home/travis/build/icyphy/ptII/ptolemy/domains/de/test/auto/triggerType.xml (RunModel)" time="0.017" />
  <system-out><![CDATA[/home/travis/build/icyphy/ptII/ptolemy/domains/de/test/DependencyLoop.tcl
testDefs.tcl: setting time out to 9000 seconds at Wed Jul 17 15:47:31 UTC 2019
79 ms. Memory: 120832K Free: 71498K (59%)
32 ms. Memory: 120832K Free: 54090K (45%)
/home/travis/build/icyphy/ptII/ptolemy/domains/de/test/RunDETestsAsQSS.tcl
Run the DE tests using ptolemy.domains.qss.test.QSSDirectorTest, which extends QSSDirector and prints a message in the constructors.
------------------ testing $PTII/ptolemy/domains/de/test/auto/knownFailedTests/DirectFeedback.xml (Known Failure) 
59 ms. Memory: 120832K Free: 48970K (41%)


==== $PTIIhome/travis/build/icyphy/ptII/ptolemy/domains/de/test/../../../../: Auto Automatic test in file $PTII/ptolemy/domains/de/test/auto/knownFailedTests/DirectFeedback.xml
==== Contents of test case:

	    # FIXME: we should use $relativeFilename here, but it
	    # might have backslashes under Windows, which causes no end
	    # of trouble.
	    createAndExecute $file
	    list {}
	
.... Test generated KNOWN error:
    while executing
ptolemy.kernel.util.IllegalActionException: Test fails in iteration 1.
Value was: 1.0. Should have been: 2.0
  in .DirectFeedback.Test
	at ptolemy.actor.lib.Test.fire(Test.java:268)
	at ptolemy.domains.de.kernel.DEDirector._fire(DEDirector.java:1949)
	at ptolemy.domains.de.kernel.DEDirector.fire(DEDirector.java:502)
	at ptolemy.actor.CompositeActor.fire(CompositeActor.java:455)
	at ptolemy.actor.Manager.iterate(Manager.java:851)
	at ptolemy.actor.Manager.execute(Manager.java:369)
	at ptolemy.actor.Manager.run(Manager.java:1263)
	at ptolemy.actor.Manager$PtolemyRunThread.run(Manager.java:1933)

    while executing
ptolemy.kernel.util.IllegalActionException: Test fails in iteration 1.
Value was: 1.0. Should have been: 2.0
  in .DirectFeedback.Test
    while executing
"java::new ptolemy.moml.MoMLSimpleApplication $file
"
    (procedure "createAndExecute" line 2)
    invoked from within
"createAndExecute $file"
    ("uplevel" body line 5)
    invoked from within
"uplevel $contents_of_test"
------------------ testing $PTII/ptolemy/domains/de/test/auto/knownFailedTests/dependencyLoop.xml (Known Failure) 
18 ms. Memory: 120832K Free: 45898K (38%)


==== $PTIIhome/travis/build/icyphy/ptII/ptolemy/domains/de/test/../../../../: Auto Automatic test in file $PTII/ptolemy/domains/de/test/auto/knownFailedTests/dependencyLoop.xml
==== Contents of test case:

	    # FIXME: we should use $relativeFilename here, but it
	    # might have backslashes under Windows, which causes no end
	    # of trouble.
	    createAndExecute $file
	    list {}
	
.... Test generated KNOWN error:
    while executing
ptolemy.kernel.util.IllegalActionException: Found a zero delay loop containing .dependencyLoop.original
  in .dependencyLoop and .dependencyLoop.original
	at ptolemy.actor.util.CausalityInterfaceForComposites._computeOutputPortDepth(CausalityInterfaceForComposites.java:759)
	at ptolemy.actor.util.CausalityInterfaceForComposites._computeInputDepth(CausalityInterfaceForComposites.java:696)
	at ptolemy.actor.util.CausalityInterfaceForComposites._computeOutputPortDepth(CausalityInterfaceForComposites.java:765)
	at ptolemy.actor.util.CausalityInterfaceForComposites._computeInputDepth(CausalityInterfaceForComposites.java:696)
	at ptolemy.actor.util.CausalityInterfaceForComposites._computeOutputPortDepth(CausalityInterfaceForComposites.java:765)
	at ptolemy.actor.util.CausalityInterfaceForComposites._computeInputDepth(CausalityInterfaceForComposites.java:696)
	at ptolemy.actor.util.CausalityInterfaceForComposites._computeActorDepth(CausalityInterfaceForComposites.java:532)
	at ptolemy.actor.util.CausalityInterfaceForComposites.checkForCycles(CausalityInterfaceForComposites.java:96)
	at ptolemy.domains.de.kernel.DEDirector.preinitialize(DEDirector.java:1338)
	at ptolemy.actor.CompositeActor.preinitialize(CompositeActor.java:1828)
	at ptolemy.actor.Manager.preinitializeAndResolveTypes(Manager.java:1040)
	at ptolemy.actor.Manager.initialize(Manager.java:710)
	at ptolemy.actor.Manager.execute(Manager.java:356)
	at ptolemy.actor.Manager.run(Manager.java:1263)
	at ptolemy.actor.Manager$PtolemyRunThread.run(Manager.java:1933)

    while executing
ptolemy.kernel.util.IllegalActionException: Found a zero delay loop containing .dependencyLoop.original
  in .dependencyLoop and .dependencyLoop.original
    while executing
"java::new ptolemy.moml.MoMLSimpleApplication $file
"
    (procedure "createAndExecute" line 2)
    invoked from within
"createAndExecute $file"
    ("uplevel" body line 5)
    invoked from within
"uplevel $contents_of_test"
------------------ testing $PTII/ptolemy/domains/de/test/auto/knownFailedTests/FSMSource.xml (Known Failure) 
65 ms. Memory: 120832K Free: 99672K (82%)
!!!! Auto was marked as failing, but now passes
------------------ testing $PTII/ptolemy/domains/de/test/auto/knownFailedTests/HierarchicalModel.xml (Known Failure) 
9 ms. Memory: 120832K Free: 82281K (68%)


==== $PTIIhome/travis/build/icyphy/ptII/ptolemy/domains/de/test/../../../../: Auto Automatic test in file $PTII/ptolemy/domains/de/test/auto/knownFailedTests/HierarchicalModel.xml
==== Contents of test case:

	    # FIXME: we should use $relativeFilename here, but it
	    # might have backslashes under Windows, which causes no end
	    # of trouble.
	    createAndExecute $file
	    list {}
	
.... Test generated KNOWN error:
    while executing
ptolemy.kernel.util.IllegalActionException: Found a zero delay loop containing .HierarchicalModel.A
  in .HierarchicalModel and .HierarchicalModel.A
	at ptolemy.actor.util.CausalityInterfaceForComposites._computeOutputPortDepth(CausalityInterfaceForComposites.java:759)
	at ptolemy.actor.util.CausalityInterfaceForComposites._computeInputDepth(CausalityInterfaceForComposites.java:696)
	at ptolemy.actor.util.CausalityInterfaceForComposites._computeOutputPortDepth(CausalityInterfaceForComposites.java:765)
	at ptolemy.actor.util.CausalityInterfaceForComposites._computeInputDepth(CausalityInterfaceForComposites.java:696)
	at ptolemy.actor.util.CausalityInterfaceForComposites._computeOutputPortDepth(CausalityInterfaceForComposites.java:765)
	at ptolemy.actor.util.CausalityInterfaceForComposites._computeInputDepth(CausalityInterfaceForComposites.java:696)
	at ptolemy.actor.util.CausalityInterfaceForComposites._computeActorDepth(CausalityInterfaceForComposites.java:532)
	at ptolemy.actor.util.CausalityInterfaceForComposites.checkForCycles(CausalityInterfaceForComposites.java:96)
	at ptolemy.domains.de.kernel.DEDirector.preinitialize(DEDirector.java:1338)
	at ptolemy.actor.CompositeActor.preinitialize(CompositeActor.java:1828)
	at ptolemy.actor.Manager.preinitializeAndResolveTypes(Manager.java:1040)
	at ptolemy.actor.Manager.initialize(Manager.java:710)
	at ptolemy.actor.Manager.execute(Manager.java:356)
	at ptolemy.actor.Manager.run(Manager.java:1263)
	at ptolemy.actor.Manager$PtolemyRunThread.run(Manager.java:1933)

    while executing
ptolemy.kernel.util.IllegalActionException: Found a zero delay loop containing .HierarchicalModel.A
  in .HierarchicalModel and .HierarchicalModel.A
    while executing
"java::new ptolemy.moml.MoMLSimpleApplication $file
"
    (procedure "createAndExecute" line 2)
    invoked from within
"createAndExecute $file"
    ("uplevel" body line 5)
    invoked from within
"uplevel $contents_of_test"
------------------ testing $PTII/ptolemy/domains/de/test/auto/knownFailedTests/dependencyLoop2.xml (Known Failure) 
33 ms. Memory: 120832K Free: 106953K (89%)


==== $PTIIhome/travis/build/icyphy/ptII/ptolemy/domains/de/test/../../../../: Auto Automatic test in file $PTII/ptolemy/domains/de/test/auto/knownFailedTests/dependencyLoop2.xml
==== Contents of test case:

	    # FIXME: we should use $relativeFilename here, but it
	    # might have backslashes under Windows, which causes no end
	    # of trouble.
	    createAndExecute $file
	    list {}
	
.... Test generated KNOWN error:
    while executing
ptolemy.kernel.util.IllegalActionException: Found a zero delay loop containing .dependencyLoop2.original
  in .dependencyLoop2 and .dependencyLoop2.original
	at ptolemy.actor.util.CausalityInterfaceForComposites._computeOutputPortDepth(CausalityInterfaceForComposites.java:759)
	at ptolemy.actor.util.CausalityInterfaceForComposites._computeInputDepth(CausalityInterfaceForComposites.java:696)
	at ptolemy.actor.util.CausalityInterfaceForComposites._computeOutputPortDepth(CausalityInterfaceForComposites.java:765)
	at ptolemy.actor.util.CausalityInterfaceForComposites._computeInputDepth(CausalityInterfaceForComposites.java:696)
	at ptolemy.actor.util.CausalityInterfaceForComposites._computeOutputPortDepth(CausalityInterfaceForComposites.java:765)
	at ptolemy.actor.util.CausalityInterfaceForComposites._computeInputDepth(CausalityInterfaceForComposites.java:696)
	at ptolemy.actor.util.CausalityInterfaceForComposites._computeActorDepth(CausalityInterfaceForComposites.java:532)
	at ptolemy.actor.util.CausalityInterfaceForComposites.checkForCycles(CausalityInterfaceForComposites.java:96)
	at ptolemy.domains.de.kernel.DEDirector.preinitialize(DEDirector.java:1338)
	at ptolemy.actor.CompositeActor.preinitialize(CompositeActor.java:1828)
	at ptolemy.actor.Manager.preinitializeAndResolveTypes(Manager.java:1040)
	at ptolemy.actor.Manager.initialize(Manager.java:710)
	at ptolemy.actor.Manager.execute(Manager.java:356)
	at ptolemy.actor.Manager.run(Manager.java:1263)
	at ptolemy.actor.Manager$PtolemyRunThread.run(Manager.java:1933)

    while executing
ptolemy.kernel.util.IllegalActionException: Found a zero delay loop containing .dependencyLoop2.original
  in .dependencyLoop2 and .dependencyLoop2.original
    while executing
"java::new ptolemy.moml.MoMLSimpleApplication $file
"
    (procedure "createAndExecute" line 2)
    invoked from within
"createAndExecute $file"
    ("uplevel" body line 5)
    invoked from within
"uplevel $contents_of_test"
------------------ testing $PTII/ptolemy/domains/de/test/auto/knownFailedTests/DESDFClockTest.xml (Known Failure) 
2048 ms. Memory: 120832K Free: 93470K (77%)


==== $PTIIhome/travis/build/icyphy/ptII/ptolemy/domains/de/test/../../../../: Auto Automatic test in file $PTII/ptolemy/domains/de/test/auto/knownFailedTests/DESDFClockTest.xml
==== Contents of test case:

	    # FIXME: we should use $relativeFilename here, but it
	    # might have backslashes under Windows, which causes no end
	    # of trouble.
	    createAndExecute $file
	    list {}
	
.... Test generated KNOWN error:
    while executing
ptolemy.kernel.util.IllegalActionException: Actor is not ready to fire.  Perhaps UpSample.prefire() returned false? Try debugging the actor by selecting "Listen to Actor".  Also, for SDF check moml for tokenConsumptionRate on input.
  in .DESDFClockTest.Play Bell.Copy1:SDF Director and .DESDFClockTest.Play Bell.UpSample
	at ptolemy.actor.sched.StaticSchedulingDirector.fire(StaticSchedulingDirector.java:227)
	at ptolemy.domains.sdf.kernel.SDFDirector.fire(SDFDirector.java:500)
	at ptolemy.actor.CompositeActor.fire(CompositeActor.java:455)
	at ptolemy.domains.de.kernel.DEDirector._fire(DEDirector.java:1949)
	at ptolemy.domains.de.kernel.DEDirector.fire(DEDirector.java:502)
	at ptolemy.actor.CompositeActor.fire(CompositeActor.java:455)
	at ptolemy.actor.Manager.iterate(Manager.java:851)
	at ptolemy.actor.Manager.execute(Manager.java:369)
	at ptolemy.actor.Manager.run(Manager.java:1263)
	at ptolemy.actor.Manager$PtolemyRunThread.run(Manager.java:1933)

    while executing
ptolemy.kernel.util.IllegalActionException: Actor is not ready to fire.  Perhaps UpSample.prefire() returned false? Try debugging the actor by selecting "Listen to Actor".  Also, for SDF check moml for tokenConsumptionRate on input.
  in .DESDFClockTest.Play Bell.Copy1:SDF Director and .DESDFClockTest.Play Bell.UpSample
    while executing
"java::new ptolemy.moml.MoMLSimpleApplication $file
"
    (procedure "createAndExecute" line 2)
    invoked from within
"createAndExecute $file"
    ("uplevel" body line 5)
    invoked from within
"uplevel $contents_of_test"
------------------ testing $PTII/ptolemy/domains/de/test/auto/ActorDepthCalculation_actorWithoutPorts.xml
auto.tcl: Setting watchdog for 200 seconds at Wed Jul 17 15:47:35 UTC 2019
9 ms. Memory: 120832K Free: 85792K (71%)
ptolemy.util.test.WatchDog.cancel(): canceling Wed Jul 17 15:47:35 UTC 2019
auto.tcl: Setting watchdog for 200 seconds at Wed Jul 17 15:47:35 UTC 2019
5 ms. Memory: 120832K Free: 84768K (70%)
ptolemy.util.test.WatchDog.cancel(): canceling Wed Jul 17 15:47:35 UTC 2019
------------------ testing $PTII/ptolemy/domains/de/test/auto/AssemblyLine.xml
auto.tcl: Setting watchdog for 200 seconds at Wed Jul 17 15:47:36 UTC 2019
16 ms. Memory: 48128K Free: 25536K (53%)
ptolemy.util.test.WatchDog.cancel(): canceling Wed Jul 17 15:47:36 UTC 2019
auto.tcl: Setting watchdog for 200 seconds at Wed Jul 17 15:47:36 UTC 2019
10 ms. Memory: 48128K Free: 25084K (52%)
ptolemy.util.test.WatchDog.cancel(): canceling Wed Jul 17 15:47:36 UTC 2019
------------------ testing $PTII/ptolemy/domains/de/test/auto/CQBug1.xml
auto.tcl: Setting watchdog for 200 seconds at Wed Jul 17 15:47:36 UTC 2019
3 ms. Memory: 48128K Free: 31624K (66%)
ptolemy.util.test.WatchDog.cancel(): canceling Wed Jul 17 15:47:36 UTC 2019
auto.tcl: Setting watchdog for 200 seconds at Wed Jul 17 15:47:36 UTC 2019
2 ms. Memory: 48128K Free: 30970K (64%)
ptolemy.util.test.WatchDog.cancel(): canceling Wed Jul 17 15:47:36 UTC 2019
------------------ testing $PTII/ptolemy/domains/de/test/auto/CancelFireAt.xml
auto.tcl: Setting watchdog for 200 seconds at Wed Jul 17 15:47:36 UTC 2019
10 ms. Memory: 45056K Free: 29765K (66%)
ptolemy.util.test.WatchDog.cancel(): canceling Wed Jul 17 15:47:36 UTC 2019
auto.tcl: Setting watchdog for 200 seconds at Wed Jul 17 15:47:36 UTC 2019
3 ms. Memory: 45056K Free: 29365K (65%)
ptolemy.util.test.WatchDog.cancel(): canceling Wed Jul 17 15:47:36 UTC 2019
------------------ testing $PTII/ptolemy/domains/de/test/auto/CausalityAndComposabilityAnalysis.xml
auto.tcl: Setting watchdog for 200 seconds at Wed Jul 17 15:47:36 UTC 2019
11 ms. Memory: 45056K Free: 27481K (61%)
ptolemy.util.test.WatchDog.cancel(): canceling Wed Jul 17 15:47:36 UTC 2019
auto.tcl: Setting watchdog for 200 seconds at Wed Jul 17 15:47:36 UTC 2019
13 ms. Memory: 45056K Free: 27049K (60%)
ptolemy.util.test.WatchDog.cancel(): canceling Wed Jul 17 15:47:36 UTC 2019
------------------ testing $PTII/ptolemy/domains/de/test/auto/CausalityInterface1.xml
auto.tcl: Setting watchdog for 200 seconds at Wed Jul 17 15:47:36 UTC 2019
36 ms. Memory: 45056K Free: 26426K (59%)
ptolemy.util.test.WatchDog.cancel(): canceling Wed Jul 17 15:47:36 UTC 2019
auto.tcl: Setting watchdog for 200 seconds at Wed Jul 17 15:47:36 UTC 2019
5 ms. Memory: 45056K Free: 25422K (56%)
ptolemy.util.test.WatchDog.cancel(): canceling Wed Jul 17 15:47:36 UTC 2019
------------------ testing $PTII/ptolemy/domains/de/test/auto/CausalityInterface15.xml
auto.tcl: Setting watchdog for 200 seconds at Wed Jul 17 15:47:36 UTC 2019
11 ms. Memory: 45056K Free: 26040K (58%)
ptolemy.util.test.WatchDog.cancel(): canceling Wed Jul 17 15:47:36 UTC 2019
auto.tcl: Setting watchdog for 200 seconds at Wed Jul 17 15:47:36 UTC 2019
7 ms. Memory: 45056K Free: 25388K (56%)
ptolemy.util.test.WatchDog.cancel(): canceling Wed Jul 17 15:47:36 UTC 2019
------------------ testing $PTII/ptolemy/domains/de/test/auto/CausalityInterface2.xml
auto.tcl: Setting watchdog for 200 seconds at Wed Jul 17 15:47:36 UTC 2019
5 ms. Memory: 45056K Free: 27037K (60%)
ptolemy.util.test.WatchDog.cancel(): canceling Wed Jul 17 15:47:36 UTC 2019
auto.tcl: Setting watchdog for 200 seconds at Wed Jul 17 15:47:36 UTC 2019
12 ms. Memory: 45056K Free: 26313K (58%)
ptolemy.util.test.WatchDog.cancel(): canceling Wed Jul 17 15:47:36 UTC 2019
------------------ testing $PTII/ptolemy/domains/de/test/auto/CausalityInterface3.xml
auto.tcl: Setting watchdog for 200 seconds at Wed Jul 17 15:47:37 UTC 2019
8 ms. Memory: 45056K Free: 26498K (59%)
ptolemy.util.test.WatchDog.cancel(): canceling Wed Jul 17 15:47:37 UTC 2019
auto.tcl: Setting watchdog for 200 seconds at Wed Jul 17 15:47:37 UTC 2019
3 ms. Memory: 45056K Free: 26066K (58%)
ptolemy.util.test.WatchDog.cancel(): canceling Wed Jul 17 15:47:37 UTC 2019
------------------ testing $PTII/ptolemy/domains/de/test/auto/ClockDrift.xml
auto.tcl: Setting watchdog for 200 seconds at Wed Jul 17 15:47:37 UTC 2019
99 ms. Memory: 45056K Free: 19089K (42%)
ptolemy.util.test.WatchDog.cancel(): canceling Wed Jul 17 15:47:37 UTC 2019
auto.tcl: Setting watchdog for 200 seconds at Wed Jul 17 15:47:37 UTC 2019
39 ms. Memory: 45056K Free: 16067K (36%)
ptolemy.util.test.WatchDog.cancel(): canceling Wed Jul 17 15:47:37 UTC 2019
------------------ testing $PTII/ptolemy/domains/de/test/auto/ClockDriftAndValueChange.xml
auto.tcl: Setting watchdog for 200 seconds at Wed Jul 17 15:47:37 UTC 2019
52 ms. Memory: 45056K Free: 19160K (43%)
ptolemy.util.test.WatchDog.cancel(): canceling Wed Jul 17 15:47:37 UTC 2019
auto.tcl: Setting watchdog for 200 seconds at Wed Jul 17 15:47:37 UTC 2019
30 ms. Memory: 45056K Free: 16316K (36%)
ptolemy.util.test.WatchDog.cancel(): canceling Wed Jul 17 15:47:37 UTC 2019
------------------ testing $PTII/ptolemy/domains/de/test/auto/ClockDriftChange.xml
auto.tcl: Setting watchdog for 200 seconds at Wed Jul 17 15:47:37 UTC 2019
19 ms. Memory: 45056K Free: 21219K (47%)
ptolemy.util.test.WatchDog.cancel(): canceling Wed Jul 17 15:47:37 UTC 2019
auto.tcl: Setting watchdog for 200 seconds at Wed Jul 17 15:47:37 UTC 2019
17 ms. Memory: 45056K Free: 18684K (41%)
ptolemy.util.test.WatchDog.cancel(): canceling Wed Jul 17 15:47:37 UTC 2019
------------------ testing $PTII/ptolemy/domains/de/test/auto/ComposableCausalityAnalysis.xml
auto.tcl: Setting watchdog for 200 seconds at Wed Jul 17 15:47:37 UTC 2019
2 ms. Memory: 45056K Free: 25773K (57%)
ptolemy.util.test.WatchDog.cancel(): canceling Wed Jul 17 15:47:37 UTC 2019
auto.tcl: Setting watchdog for 200 seconds at Wed Jul 17 15:47:37 UTC 2019
2 ms. Memory: 45056K Free: 24547K (54%)
ptolemy.util.test.WatchDog.cancel(): canceling Wed Jul 17 15:47:37 UTC 2019
------------------ testing $PTII/ptolemy/domains/de/test/auto/DEFixedPointLimitation.xml
auto.tcl: Setting watchdog for 200 seconds at Wed Jul 17 15:47:37 UTC 2019
2 ms. Memory: 45056K Free: 26972K (60%)
ptolemy.util.test.WatchDog.cancel(): canceling Wed Jul 17 15:47:37 UTC 2019
auto.tcl: Setting watchdog for 200 seconds at Wed Jul 17 15:47:37 UTC 2019
1 ms. Memory: 45056K Free: 26280K (58%)
ptolemy.util.test.WatchDog.cancel(): canceling Wed Jul 17 15:47:37 UTC 2019
------------------ testing $PTII/ptolemy/domains/de/test/auto/DEScheduleTest.xml
auto.tcl: Setting watchdog for 200 seconds at Wed Jul 17 15:47:37 UTC 2019
4 ms. Memory: 45056K Free: 27484K (61%)
ptolemy.util.test.WatchDog.cancel(): canceling Wed Jul 17 15:47:37 UTC 2019
auto.tcl: Setting watchdog for 200 seconds at Wed Jul 17 15:47:37 UTC 2019
3 ms. Memory: 45056K Free: 26345K (58%)
ptolemy.util.test.WatchDog.cancel(): canceling Wed Jul 17 15:47:37 UTC 2019
------------------ testing $PTII/ptolemy/domains/de/test/auto/DEinDEwithStartTimes.xml
auto.tcl: Setting watchdog for 200 seconds at Wed Jul 17 15:47:37 UTC 2019
7 ms. Memory: 45056K Free: 25663K (57%)
ptolemy.util.test.WatchDog.cancel(): canceling Wed Jul 17 15:47:37 UTC 2019
auto.tcl: Setting watchdog for 200 seconds at Wed Jul 17 15:47:37 UTC 2019
6 ms. Memory: 45056K Free: 24612K (55%)
ptolemy.util.test.WatchDog.cancel(): canceling Wed Jul 17 15:47:37 UTC 2019
------------------ testing $PTII/ptolemy/domains/de/test/auto/DEinDEwithStartTimes2.xml
auto.tcl: Setting watchdog for 200 seconds at Wed Jul 17 15:47:37 UTC 2019
4 ms. Memory: 45056K Free: 24875K (55%)
ptolemy.util.test.WatchDog.cancel(): canceling Wed Jul 17 15:47:38 UTC 2019
auto.tcl: Setting watchdog for 200 seconds at Wed Jul 17 15:47:38 UTC 2019
6 ms. Memory: 45056K Free: 23567K (52%)
ptolemy.util.test.WatchDog.cancel(): canceling Wed Jul 17 15:47:38 UTC 2019
------------------ testing $PTII/ptolemy/domains/de/test/auto/DateDemo.xml
auto.tcl: Setting watchdog for 200 seconds at Wed Jul 17 15:47:38 UTC 2019
26 ms. Memory: 45056K Free: 19230K (43%)
ptolemy.util.test.WatchDog.cancel(): canceling Wed Jul 17 15:47:38 UTC 2019
auto.tcl: Setting watchdog for 200 seconds at Wed Jul 17 15:47:38 UTC 2019
7 ms. Memory: 45056K Free: 17690K (39%)
ptolemy.util.test.WatchDog.cancel(): canceling Wed Jul 17 15:47:38 UTC 2019
------------------ testing $PTII/ptolemy/domains/de/test/auto/DateToEvent.xml
auto.tcl: Setting watchdog for 200 seconds at Wed Jul 17 15:47:38 UTC 2019
2011 ms. Memory: 45056K Free: 15131K (34%)
ptolemy.util.test.WatchDog.cancel(): canceling Wed Jul 17 15:47:40 UTC 2019
auto.tcl: Setting watchdog for 200 seconds at Wed Jul 17 15:47:40 UTC 2019
2006 ms. Memory: 45056K Free: 14427K (32%)
ptolemy.util.test.WatchDog.cancel(): canceling Wed Jul 17 15:47:42 UTC 2019
------------------ testing $PTII/ptolemy/domains/de/test/auto/DepthTest1.xml
auto.tcl: Setting watchdog for 200 seconds at Wed Jul 17 15:47:42 UTC 2019
4 ms. Memory: 45056K Free: 28406K (63%)
ptolemy.util.test.WatchDog.cancel(): canceling Wed Jul 17 15:47:42 UTC 2019
auto.tcl: Setting watchdog for 200 seconds at Wed Jul 17 15:47:42 UTC 2019
2 ms. Memory: 45056K Free: 27887K (62%)
ptolemy.util.test.WatchDog.cancel(): canceling Wed Jul 17 15:47:42 UTC 2019
------------------ testing $PTII/ptolemy/domains/de/test/auto/DepthTest2.xml
auto.tcl: Setting watchdog for 200 seconds at Wed Jul 17 15:47:42 UTC 2019
4 ms. Memory: 45056K Free: 25142K (56%)
ptolemy.util.test.WatchDog.cancel(): canceling Wed Jul 17 15:47:42 UTC 2019
auto.tcl: Setting watchdog for 200 seconds at Wed Jul 17 15:47:42 UTC 2019
3 ms. Memory: 45056K Free: 24607K (55%)
ptolemy.util.test.WatchDog.cancel(): canceling Wed Jul 17 15:47:42 UTC 2019
------------------ testing $PTII/ptolemy/domains/de/test/auto/DepthTest3.xml
auto.tcl: Setting watchdog for 200 seconds at Wed Jul 17 15:47:42 UTC 2019
2 ms. Memory: 45056K Free: 28738K (64%)
ptolemy.util.test.WatchDog.cancel(): canceling Wed Jul 17 15:47:42 UTC 2019
auto.tcl: Setting watchdog for 200 seconds at Wed Jul 17 15:47:42 UTC 2019
2 ms. Memory: 45056K Free: 28208K (63%)
ptolemy.util.test.WatchDog.cancel(): canceling Wed Jul 17 15:47:42 UTC 2019
------------------ testing $PTII/ptolemy/domains/de/test/auto/DepthTest4.xml
auto.tcl: Setting watchdog for 200 seconds at Wed Jul 17 15:47:42 UTC 2019
3 ms. Memory: 45056K Free: 26965K (60%)
ptolemy.util.test.WatchDog.cancel(): canceling Wed Jul 17 15:47:42 UTC 2019
auto.tcl: Setting watchdog for 200 seconds at Wed Jul 17 15:47:42 UTC 2019
2 ms. Memory: 45056K Free: 26234K (58%)
ptolemy.util.test.WatchDog.cancel(): canceling Wed Jul 17 15:47:42 UTC 2019
------------------ testing $PTII/ptolemy/domains/de/test/auto/DepthTest5.xml
auto.tcl: Setting watchdog for 200 seconds at Wed Jul 17 15:47:42 UTC 2019
6 ms. Memory: 45056K Free: 26376K (59%)
ptolemy.util.test.WatchDog.cancel(): canceling Wed Jul 17 15:47:42 UTC 2019
auto.tcl: Setting watchdog for 200 seconds at Wed Jul 17 15:47:42 UTC 2019
4 ms. Memory: 45056K Free: 25641K (57%)
ptolemy.util.test.WatchDog.cancel(): canceling Wed Jul 17 15:47:42 UTC 2019
------------------ testing $PTII/ptolemy/domains/de/test/auto/DepthTest6.xml
auto.tcl: Setting watchdog for 200 seconds at Wed Jul 17 15:47:42 UTC 2019
4 ms. Memory: 45056K Free: 26109K (58%)
ptolemy.util.test.WatchDog.cancel(): canceling Wed Jul 17 15:47:42 UTC 2019
auto.tcl: Setting watchdog for 200 seconds at Wed Jul 17 15:47:42 UTC 2019
3 ms. Memory: 45056K Free: 25547K (57%)
ptolemy.util.test.WatchDog.cancel(): canceling Wed Jul 17 15:47:42 UTC 2019
------------------ testing $PTII/ptolemy/domains/de/test/auto/DepthTest7.xml
auto.tcl: Setting watchdog for 200 seconds at Wed Jul 17 15:47:42 UTC 2019
3 ms. Memory: 45056K Free: 26568K (59%)
ptolemy.util.test.WatchDog.cancel(): canceling Wed Jul 17 15:47:42 UTC 2019
auto.tcl: Setting watchdog for 200 seconds at Wed Jul 17 15:47:42 UTC 2019
2 ms. Memory: 45056K Free: 26159K (58%)
ptolemy.util.test.WatchDog.cancel(): canceling Wed Jul 17 15:47:42 UTC 2019
------------------ testing $PTII/ptolemy/domains/de/test/auto/EventToDate.xml
auto.tcl: Setting watchdog for 200 seconds at Wed Jul 17 15:47:42 UTC 2019
3010 ms. Memory: 45056K Free: 17678K (39%)
ptolemy.util.test.WatchDog.cancel(): canceling Wed Jul 17 15:47:45 UTC 2019
auto.tcl: Setting watchdog for 200 seconds at Wed Jul 17 15:47:45 UTC 2019
3006 ms. Memory: 45056K Free: 17002K (38%)
ptolemy.util.test.WatchDog.cancel(): canceling Wed Jul 17 15:47:48 UTC 2019
------------------ testing $PTII/ptolemy/domains/de/test/auto/FSM1.xml
auto.tcl: Setting watchdog for 200 seconds at Wed Jul 17 15:47:48 UTC 2019
44 ms. Memory: 45056K Free: 18895K (42%)
ptolemy.util.test.WatchDog.cancel(): canceling Wed Jul 17 15:47:49 UTC 2019
auto.tcl: Setting watchdog for 200 seconds at Wed Jul 17 15:47:49 UTC 2019
27 ms. Memory: 45056K Free: 15634K (35%)
ptolemy.util.test.WatchDog.cancel(): canceling Wed Jul 17 15:47:49 UTC 2019
------------------ testing $PTII/ptolemy/domains/de/test/auto/FSM7.xml
auto.tcl: Setting watchdog for 200 seconds at Wed Jul 17 15:47:49 UTC 2019
15 ms. Memory: 45056K Free: 18618K (41%)
ptolemy.util.test.WatchDog.cancel(): canceling Wed Jul 17 15:47:49 UTC 2019
auto.tcl: Setting watchdog for 200 seconds at Wed Jul 17 15:47:49 UTC 2019
22 ms. Memory: 45056K Free: 15217K (34%)
ptolemy.util.test.WatchDog.cancel(): canceling Wed Jul 17 15:47:49 UTC 2019
------------------ testing $PTII/ptolemy/domains/de/test/auto/Inspection.xml
auto.tcl: Setting watchdog for 200 seconds at Wed Jul 17 15:47:49 UTC 2019
25 ms. Memory: 45056K Free: 18623K (41%)
ptolemy.util.test.WatchDog.cancel(): canceling Wed Jul 17 15:47:49 UTC 2019
auto.tcl: Setting watchdog for 200 seconds at Wed Jul 17 15:47:49 UTC 2019
29 ms. Memory: 45056K Free: 16522K (37%)
ptolemy.util.test.WatchDog.cancel(): canceling Wed Jul 17 15:47:49 UTC 2019
------------------ testing $PTII/ptolemy/domains/de/test/auto/Iteration.xml
auto.tcl: Setting watchdog for 200 seconds at Wed Jul 17 15:47:49 UTC 2019
11 ms. Memory: 45056K Free: 24347K (54%)
ptolemy.util.test.WatchDog.cancel(): canceling Wed Jul 17 15:47:49 UTC 2019
auto.tcl: Setting watchdog for 200 seconds at Wed Jul 17 15:47:49 UTC 2019
7 ms. Memory: 45056K Free: 22958K (51%)
ptolemy.util.test.WatchDog.cancel(): canceling Wed Jul 17 15:47:49 UTC 2019
------------------ testing $PTII/ptolemy/domains/de/test/auto/LineFault.xml
auto.tcl: Setting watchdog for 200 seconds at Wed Jul 17 15:47:49 UTC 2019
680 ms. Memory: 54272K Free: 34843K (64%)
ptolemy.util.test.WatchDog.cancel(): canceling Wed Jul 17 15:47:50 UTC 2019
auto.tcl: Setting watchdog for 200 seconds at Wed Jul 17 15:47:50 UTC 2019
623 ms. Memory: 54272K Free: 26733K (49%)
ptolemy.util.test.WatchDog.cancel(): canceling Wed Jul 17 15:47:51 UTC 2019
------------------ testing $PTII/ptolemy/domains/de/test/auto/MergeModel1Add.xml
auto.tcl: Setting watchdog for 200 seconds at Wed Jul 17 15:47:51 UTC 2019
19 ms. Memory: 54272K Free: 19536K (36%)
ptolemy.util.test.WatchDog.cancel(): canceling Wed Jul 17 15:47:51 UTC 2019
auto.tcl: Setting watchdog for 200 seconds at Wed Jul 17 15:47:51 UTC 2019
12 ms. Memory: 54272K Free: 17818K (33%)
ptolemy.util.test.WatchDog.cancel(): canceling Wed Jul 17 15:47:51 UTC 2019
------------------ testing $PTII/ptolemy/domains/de/test/auto/MergeModel2Add.xml
auto.tcl: Setting watchdog for 200 seconds at Wed Jul 17 15:47:51 UTC 2019
16 ms. Memory: 48128K Free: 15221K (32%)
ptolemy.util.test.WatchDog.cancel(): canceling Wed Jul 17 15:47:51 UTC 2019
auto.tcl: Setting watchdog for 200 seconds at Wed Jul 17 15:47:51 UTC 2019
13 ms. Memory: 48128K Free: 13472K (28%)
ptolemy.util.test.WatchDog.cancel(): canceling Wed Jul 17 15:47:51 UTC 2019
------------------ testing $PTII/ptolemy/domains/de/test/auto/MergeModel3Add.xml
auto.tcl: Setting watchdog for 200 seconds at Wed Jul 17 15:47:51 UTC 2019
9 ms. Memory: 48128K Free: 15453K (32%)
ptolemy.util.test.WatchDog.cancel(): canceling Wed Jul 17 15:47:51 UTC 2019
auto.tcl: Setting watchdog for 200 seconds at Wed Jul 17 15:47:51 UTC 2019
7 ms. Memory: 48128K Free: 13929K (29%)
ptolemy.util.test.WatchDog.cancel(): canceling Wed Jul 17 15:47:51 UTC 2019
------------------ testing $PTII/ptolemy/domains/de/test/auto/MergeWithoutDiscard.xml
auto.tcl: Setting watchdog for 200 seconds at Wed Jul 17 15:47:51 UTC 2019
3 ms. Memory: 48128K Free: 29784K (62%)
ptolemy.util.test.WatchDog.cancel(): canceling Wed Jul 17 15:47:51 UTC 2019
auto.tcl: Setting watchdog for 200 seconds at Wed Jul 17 15:47:51 UTC 2019
1 ms. Memory: 48128K Free: 29348K (61%)
ptolemy.util.test.WatchDog.cancel(): canceling Wed Jul 17 15:47:51 UTC 2019
------------------ testing $PTII/ptolemy/domains/de/test/auto/Modal1.xml
auto.tcl: Setting watchdog for 200 seconds at Wed Jul 17 15:47:51 UTC 2019
17 ms. Memory: 48128K Free: 22137K (46%)
ptolemy.util.test.WatchDog.cancel(): canceling Wed Jul 17 15:47:51 UTC 2019
auto.tcl: Setting watchdog for 200 seconds at Wed Jul 17 15:47:51 UTC 2019
19 ms. Memory: 48128K Free: 18904K (39%)
ptolemy.util.test.WatchDog.cancel(): canceling Wed Jul 17 15:47:51 UTC 2019
------------------ testing $PTII/ptolemy/domains/de/test/auto/Modal2.xml
auto.tcl: Setting watchdog for 200 seconds at Wed Jul 17 15:47:51 UTC 2019
11 ms. Memory: 48128K Free: 22044K (46%)
ptolemy.util.test.WatchDog.cancel(): canceling Wed Jul 17 15:47:51 UTC 2019
auto.tcl: Setting watchdog for 200 seconds at Wed Jul 17 15:47:51 UTC 2019
12 ms. Memory: 48128K Free: 18784K (39%)
ptolemy.util.test.WatchDog.cancel(): canceling Wed Jul 17 15:47:51 UTC 2019
------------------ testing $PTII/ptolemy/domains/de/test/auto/Modal3.xml
auto.tcl: Setting watchdog for 200 seconds at Wed Jul 17 15:47:51 UTC 2019
16 ms. Memory: 48128K Free: 21580K (45%)
ptolemy.util.test.WatchDog.cancel(): canceling Wed Jul 17 15:47:51 UTC 2019
auto.tcl: Setting watchdog for 200 seconds at Wed Jul 17 15:47:51 UTC 2019
12 ms. Memory: 48128K Free: 18431K (38%)
ptolemy.util.test.WatchDog.cancel(): canceling Wed Jul 17 15:47:51 UTC 2019
------------------ testing $PTII/ptolemy/domains/de/test/auto/Modal4.xml
auto.tcl: Setting watchdog for 200 seconds at Wed Jul 17 15:47:51 UTC 2019
23 ms. Memory: 48128K Free: 21040K (44%)
ptolemy.util.test.WatchDog.cancel(): canceling Wed Jul 17 15:47:51 UTC 2019
auto.tcl: Setting watchdog for 200 seconds at Wed Jul 17 15:47:51 UTC 2019
15 ms. Memory: 48128K Free: 17181K (36%)
ptolemy.util.test.WatchDog.cancel(): canceling Wed Jul 17 15:47:52 UTC 2019
------------------ testing $PTII/ptolemy/domains/de/test/auto/Modal5.xml
auto.tcl: Setting watchdog for 200 seconds at Wed Jul 17 15:47:52 UTC 2019
13 ms. Memory: 48128K Free: 21005K (44%)
ptolemy.util.test.WatchDog.cancel(): canceling Wed Jul 17 15:47:52 UTC 2019
auto.tcl: Setting watchdog for 200 seconds at Wed Jul 17 15:47:52 UTC 2019
13 ms. Memory: 48128K Free: 17168K (36%)
ptolemy.util.test.WatchDog.cancel(): canceling Wed Jul 17 15:47:52 UTC 2019
------------------ testing $PTII/ptolemy/domains/de/test/auto/Modal6.xml
auto.tcl: Setting watchdog for 200 seconds at Wed Jul 17 15:47:52 UTC 2019
18 ms. Memory: 48128K Free: 21763K (45%)
ptolemy.util.test.WatchDog.cancel(): canceling Wed Jul 17 15:47:52 UTC 2019
auto.tcl: Setting watchdog for 200 seconds at Wed Jul 17 15:47:52 UTC 2019
17 ms. Memory: 48128K Free: 17810K (37%)
ptolemy.util.test.WatchDog.cancel(): canceling Wed Jul 17 15:47:52 UTC 2019
------------------ testing $PTII/ptolemy/domains/de/test/auto/Modal7.xml
auto.tcl: Setting watchdog for 200 seconds at Wed Jul 17 15:47:52 UTC 2019
25 ms. Memory: 48128K Free: 20783K (43%)
ptolemy.util.test.WatchDog.cancel(): canceling Wed Jul 17 15:47:52 UTC 2019
auto.tcl: Setting watchdog for 200 seconds at Wed Jul 17 15:47:52 UTC 2019
12 ms. Memory: 48128K Free: 17168K (36%)
ptolemy.util.test.WatchDog.cancel(): canceling Wed Jul 17 15:47:52 UTC 2019
------------------ testing $PTII/ptolemy/domains/de/test/auto/ModalModel.xml
auto.tcl: Setting watchdog for 200 seconds at Wed Jul 17 15:47:52 UTC 2019
231 ms. Memory: 58368K Free: 25176K (43%)
ptolemy.util.test.WatchDog.cancel(): canceling Wed Jul 17 15:47:52 UTC 2019
auto.tcl: Setting watchdog for 200 seconds at Wed Jul 17 15:47:52 UTC 2019
218 ms. Memory: 58368K Free: 23583K (40%)
ptolemy.util.test.WatchDog.cancel(): canceling Wed Jul 17 15:47:52 UTC 2019
------------------ testing $PTII/ptolemy/domains/de/test/auto/ModalSource.xml
auto.tcl: Setting watchdog for 200 seconds at Wed Jul 17 15:47:52 UTC 2019
11 ms. Memory: 48128K Free: 25841K (54%)
ptolemy.util.test.WatchDog.cancel(): canceling Wed Jul 17 15:47:52 UTC 2019
auto.tcl: Setting watchdog for 200 seconds at Wed Jul 17 15:47:52 UTC 2019
6 ms. Memory: 48128K Free: 23793K (49%)
ptolemy.util.test.WatchDog.cancel(): canceling Wed Jul 17 15:47:52 UTC 2019
------------------ testing $PTII/ptolemy/domains/de/test/auto/NonInterruptibleTimerZeroDelay.xml
auto.tcl: Setting watchdog for 200 seconds at Wed Jul 17 15:47:53 UTC 2019
4 ms. Memory: 48128K Free: 30817K (64%)
ptolemy.util.test.WatchDog.cancel(): canceling Wed Jul 17 15:47:53 UTC 2019
auto.tcl: Setting watchdog for 200 seconds at Wed Jul 17 15:47:53 UTC 2019
2 ms. Memory: 48128K Free: 30111K (63%)
ptolemy.util.test.WatchDog.cancel(): canceling Wed Jul 17 15:47:53 UTC 2019
------------------ testing $PTII/ptolemy/domains/de/test/auto/OpenQueueingNetwork.xml
auto.tcl: Setting watchdog for 200 seconds at Wed Jul 17 15:47:53 UTC 2019
3130 ms. Memory: 116736K Free: 84728K (73%)
ptolemy.util.test.WatchDog.cancel(): canceling Wed Jul 17 15:47:56 UTC 2019
auto.tcl: Setting watchdog for 200 seconds at Wed Jul 17 15:47:56 UTC 2019
2571 ms. Memory: 116736K Free: 83638K (72%)
ptolemy.util.test.WatchDog.cancel(): canceling Wed Jul 17 15:47:58 UTC 2019
------------------ testing $PTII/ptolemy/domains/de/test/auto/OpenQueuingNetwork.xml
auto.tcl: Setting watchdog for 200 seconds at Wed Jul 17 15:47:59 UTC 2019
259 ms. Memory: 55296K Free: 25491K (46%)
ptolemy.util.test.WatchDog.cancel(): canceling Wed Jul 17 15:47:59 UTC 2019
auto.tcl: Setting watchdog for 200 seconds at Wed Jul 17 15:47:59 UTC 2019
248 ms. Memory: 66560K Free: 46201K (69%)
ptolemy.util.test.WatchDog.cancel(): canceling Wed Jul 17 15:47:59 UTC 2019
------------------ testing $PTII/ptolemy/domains/de/test/auto/PeriodicSampler.xml
auto.tcl: Setting watchdog for 200 seconds at Wed Jul 17 15:47:59 UTC 2019
2 ms. Memory: 51200K Free: 33050K (65%)
ptolemy.util.test.WatchDog.cancel(): canceling Wed Jul 17 15:47:59 UTC 2019
auto.tcl: Setting watchdog for 200 seconds at Wed Jul 17 15:47:59 UTC 2019
2 ms. Memory: 51200K Free: 32555K (64%)
ptolemy.util.test.WatchDog.cancel(): canceling Wed Jul 17 15:47:59 UTC 2019
------------------ testing $PTII/ptolemy/domains/de/test/auto/PersistentIO.xml
auto.tcl: Setting watchdog for 200 seconds at Wed Jul 17 15:47:59 UTC 2019
16 ms. Memory: 48128K Free: 24405K (51%)
ptolemy.util.test.WatchDog.cancel(): canceling Wed Jul 17 15:47:59 UTC 2019
auto.tcl: Setting watchdog for 200 seconds at Wed Jul 17 15:47:59 UTC 2019
4 ms. Memory: 48128K Free: 23453K (49%)
ptolemy.util.test.WatchDog.cancel(): canceling Wed Jul 17 15:47:59 UTC 2019
------------------ testing $PTII/ptolemy/domains/de/test/auto/PortParameterResetOnInitialize.xml
auto.tcl: Setting watchdog for 200 seconds at Wed Jul 17 15:47:59 UTC 2019
8 ms. Memory: 48128K Free: 29897K (62%)
ptolemy.util.test.WatchDog.cancel(): canceling Wed Jul 17 15:47:59 UTC 2019
auto.tcl: Setting watchdog for 200 seconds at Wed Jul 17 15:47:59 UTC 2019
2 ms. Memory: 48128K Free: 29423K (61%)
ptolemy.util.test.WatchDog.cancel(): canceling Wed Jul 17 15:47:59 UTC 2019
------------------ testing $PTII/ptolemy/domains/de/test/auto/PortParameterUpdates.xml
auto.tcl: Setting watchdog for 200 seconds at Wed Jul 17 15:47:59 UTC 2019
5 ms. Memory: 48128K Free: 27953K (58%)
ptolemy.util.test.WatchDog.cancel(): canceling Wed Jul 17 15:47:59 UTC 2019
auto.tcl: Setting watchdog for 200 seconds at Wed Jul 17 15:47:59 UTC 2019
5 ms. Memory: 48128K Free: 26963K (56%)
ptolemy.util.test.WatchDog.cancel(): canceling Wed Jul 17 15:47:59 UTC 2019
------------------ testing $PTII/ptolemy/domains/de/test/auto/QueueAndServer.xml
auto.tcl: Setting watchdog for 200 seconds at Wed Jul 17 15:48:00 UTC 2019
8 ms. Memory: 48128K Free: 26881K (56%)
ptolemy.util.test.WatchDog.cancel(): canceling Wed Jul 17 15:48:00 UTC 2019
auto.tcl: Setting watchdog for 200 seconds at Wed Jul 17 15:48:00 UTC 2019
7 ms. Memory: 48128K Free: 25398K (53%)
ptolemy.util.test.WatchDog.cancel(): canceling Wed Jul 17 15:48:00 UTC 2019
------------------ testing $PTII/ptolemy/domains/de/test/auto/Records.xml
auto.tcl: Setting watchdog for 200 seconds at Wed Jul 17 15:48:00 UTC 2019
5 ms. Memory: 48128K Free: 29427K (61%)
ptolemy.util.test.WatchDog.cancel(): canceling Wed Jul 17 15:48:00 UTC 2019
auto.tcl: Setting watchdog for 200 seconds at Wed Jul 17 15:48:00 UTC 2019
3 ms. Memory: 48128K Free: 28953K (60%)
ptolemy.util.test.WatchDog.cancel(): canceling Wed Jul 17 15:48:00 UTC 2019
------------------ testing $PTII/ptolemy/domains/de/test/auto/ResetTransitionWithStartTime1.xml
auto.tcl: Setting watchdog for 200 seconds at Wed Jul 17 15:48:00 UTC 2019
11 ms. Memory: 48128K Free: 26384K (55%)
ptolemy.util.test.WatchDog.cancel(): canceling Wed Jul 17 15:48:00 UTC 2019
auto.tcl: Setting watchdog for 200 seconds at Wed Jul 17 15:48:00 UTC 2019
5 ms. Memory: 48128K Free: 23876K (50%)
ptolemy.util.test.WatchDog.cancel(): canceling Wed Jul 17 15:48:00 UTC 2019
------------------ testing $PTII/ptolemy/domains/de/test/auto/ResetTransitionWithStartTime2.xml
auto.tcl: Setting watchdog for 200 seconds at Wed Jul 17 15:48:00 UTC 2019
8 ms. Memory: 48128K Free: 26339K (55%)
ptolemy.util.test.WatchDog.cancel(): canceling Wed Jul 17 15:48:00 UTC 2019
auto.tcl: Setting watchdog for 200 seconds at Wed Jul 17 15:48:00 UTC 2019
5 ms. Memory: 48128K Free: 23784K (49%)
ptolemy.util.test.WatchDog.cancel(): canceling Wed Jul 17 15:48:00 UTC 2019
------------------ testing $PTII/ptolemy/domains/de/test/auto/ResetTransitionWithStartTime3.xml
auto.tcl: Setting watchdog for 200 seconds at Wed Jul 17 15:48:00 UTC 2019
6 ms. Memory: 48128K Free: 26338K (55%)
ptolemy.util.test.WatchDog.cancel(): canceling Wed Jul 17 15:48:00 UTC 2019
auto.tcl: Setting watchdog for 200 seconds at Wed Jul 17 15:48:00 UTC 2019
6 ms. Memory: 48128K Free: 23817K (49%)
ptolemy.util.test.WatchDog.cancel(): canceling Wed Jul 17 15:48:00 UTC 2019
------------------ testing $PTII/ptolemy/domains/de/test/auto/ResetTransitionWithStartTime4.xml
auto.tcl: Setting watchdog for 200 seconds at Wed Jul 17 15:48:00 UTC 2019
13 ms. Memory: 48128K Free: 26443K (55%)
ptolemy.util.test.WatchDog.cancel(): canceling Wed Jul 17 15:48:00 UTC 2019
auto.tcl: Setting watchdog for 200 seconds at Wed Jul 17 15:48:00 UTC 2019
4 ms. Memory: 48128K Free: 25355K (53%)
ptolemy.util.test.WatchDog.cancel(): canceling Wed Jul 17 15:48:00 UTC 2019
------------------ testing $PTII/ptolemy/domains/de/test/auto/ResettableTimer1.xml
auto.tcl: Setting watchdog for 200 seconds at Wed Jul 17 15:48:00 UTC 2019
2 ms. Memory: 48128K Free: 30565K (64%)
ptolemy.util.test.WatchDog.cancel(): canceling Wed Jul 17 15:48:00 UTC 2019
auto.tcl: Setting watchdog for 200 seconds at Wed Jul 17 15:48:00 UTC 2019
3 ms. Memory: 48128K Free: 29906K (62%)
ptolemy.util.test.WatchDog.cancel(): canceling Wed Jul 17 15:48:00 UTC 2019
------------------ testing $PTII/ptolemy/domains/de/test/auto/ResettableTimer2.xml
auto.tcl: Setting watchdog for 200 seconds at Wed Jul 17 15:48:00 UTC 2019
5 ms. Memory: 48128K Free: 30815K (64%)
ptolemy.util.test.WatchDog.cancel(): canceling Wed Jul 17 15:48:00 UTC 2019
auto.tcl: Setting watchdog for 200 seconds at Wed Jul 17 15:48:00 UTC 2019
3 ms. Memory: 48128K Free: 29965K (62%)
ptolemy.util.test.WatchDog.cancel(): canceling Wed Jul 17 15:48:00 UTC 2019
------------------ testing $PTII/ptolemy/domains/de/test/auto/ResettableTimer3.xml
auto.tcl: Setting watchdog for 200 seconds at Wed Jul 17 15:48:00 UTC 2019
1 ms. Memory: 48128K Free: 30944K (64%)
ptolemy.util.test.WatchDog.cancel(): canceling Wed Jul 17 15:48:00 UTC 2019
auto.tcl: Setting watchdog for 200 seconds at Wed Jul 17 15:48:00 UTC 2019
1 ms. Memory: 48128K Free: 30487K (63%)
ptolemy.util.test.WatchDog.cancel(): canceling Wed Jul 17 15:48:00 UTC 2019
------------------ testing $PTII/ptolemy/domains/de/test/auto/ResettableTimer4.xml
auto.tcl: Setting watchdog for 200 seconds at Wed Jul 17 15:48:00 UTC 2019
1 ms. Memory: 48128K Free: 30523K (63%)
ptolemy.util.test.WatchDog.cancel(): canceling Wed Jul 17 15:48:00 UTC 2019
auto.tcl: Setting watchdog for 200 seconds at Wed Jul 17 15:48:00 UTC 2019
1 ms. Memory: 48128K Free: 30484K (63%)
ptolemy.util.test.WatchDog.cancel(): canceling Wed Jul 17 15:48:00 UTC 2019
------------------ testing $PTII/ptolemy/domains/de/test/auto/ResettableTimer5.xml
auto.tcl: Setting watchdog for 200 seconds at Wed Jul 17 15:48:00 UTC 2019
2 ms. Memory: 48128K Free: 29955K (62%)
ptolemy.util.test.WatchDog.cancel(): canceling Wed Jul 17 15:48:00 UTC 2019
auto.tcl: Setting watchdog for 200 seconds at Wed Jul 17 15:48:00 UTC 2019
1 ms. Memory: 48128K Free: 29498K (61%)
ptolemy.util.test.WatchDog.cancel(): canceling Wed Jul 17 15:48:00 UTC 2019
------------------ testing $PTII/ptolemy/domains/de/test/auto/ResettableTimer6.xml
auto.tcl: Setting watchdog for 200 seconds at Wed Jul 17 15:48:00 UTC 2019
2 ms. Memory: 48128K Free: 29945K (62%)
ptolemy.util.test.WatchDog.cancel(): canceling Wed Jul 17 15:48:00 UTC 2019
auto.tcl: Setting watchdog for 200 seconds at Wed Jul 17 15:48:00 UTC 2019
1 ms. Memory: 48128K Free: 29456K (61%)
ptolemy.util.test.WatchDog.cancel(): canceling Wed Jul 17 15:48:00 UTC 2019
------------------ testing $PTII/ptolemy/domains/de/test/auto/ServerZeroDelay.xml
auto.tcl: Setting watchdog for 200 seconds at Wed Jul 17 15:48:00 UTC 2019
5 ms. Memory: 48128K Free: 30464K (63%)
ptolemy.util.test.WatchDog.cancel(): canceling Wed Jul 17 15:48:00 UTC 2019
auto.tcl: Setting watchdog for 200 seconds at Wed Jul 17 15:48:00 UTC 2019
3 ms. Memory: 48128K Free: 29491K (61%)
ptolemy.util.test.WatchDog.cancel(): canceling Wed Jul 17 15:48:00 UTC 2019
------------------ testing $PTII/ptolemy/domains/de/test/auto/SmartSender.xml
auto.tcl: Setting watchdog for 200 seconds at Wed Jul 17 15:48:01 UTC 2019
3001 ms. Memory: 48128K Free: 30482K (63%)
ptolemy.util.test.WatchDog.cancel(): canceling Wed Jul 17 15:48:04 UTC 2019
auto.tcl: Setting watchdog for 200 seconds at Wed Jul 17 15:48:04 UTC 2019
3003 ms. Memory: 48128K Free: 29978K (62%)
ptolemy.util.test.WatchDog.cancel(): canceling Wed Jul 17 15:48:07 UTC 2019
------------------ testing $PTII/ptolemy/domains/de/test/auto/ThreadedComposite.xml
auto.tcl: Setting watchdog for 200 seconds at Wed Jul 17 15:48:07 UTC 2019
154 ms. Memory: 48128K Free: 11017K (23%)
ptolemy.util.test.WatchDog.cancel(): canceling Wed Jul 17 15:48:07 UTC 2019
auto.tcl: Setting watchdog for 200 seconds at Wed Jul 17 15:48:07 UTC 2019
154 ms. Memory: 48128K Free: 23038K (48%)
ptolemy.util.test.WatchDog.cancel(): canceling Wed Jul 17 15:48:07 UTC 2019
------------------ testing $PTII/ptolemy/domains/de/test/auto/Time.xml
auto.tcl: Setting watchdog for 200 seconds at Wed Jul 17 15:48:07 UTC 2019
599 ms. Memory: 48128K Free: 31233K (65%)
ptolemy.util.test.WatchDog.cancel(): canceling Wed Jul 17 15:48:08 UTC 2019
auto.tcl: Setting watchdog for 200 seconds at Wed Jul 17 15:48:08 UTC 2019
596 ms. Memory: 48128K Free: 31255K (65%)
ptolemy.util.test.WatchDog.cancel(): canceling Wed Jul 17 15:48:08 UTC 2019
------------------ testing $PTII/ptolemy/domains/de/test/auto/TimeDelayZeroDelay.xml
auto.tcl: Setting watchdog for 200 seconds at Wed Jul 17 15:48:08 UTC 2019
2 ms. Memory: 48128K Free: 30390K (63%)
ptolemy.util.test.WatchDog.cancel(): canceling Wed Jul 17 15:48:08 UTC 2019
auto.tcl: Setting watchdog for 200 seconds at Wed Jul 17 15:48:08 UTC 2019
3 ms. Memory: 48128K Free: 29534K (61%)
ptolemy.util.test.WatchDog.cancel(): canceling Wed Jul 17 15:48:08 UTC 2019
------------------ testing $PTII/ptolemy/domains/de/test/auto/TimerZeroDelay.xml
auto.tcl: Setting watchdog for 200 seconds at Wed Jul 17 15:48:08 UTC 2019
3 ms. Memory: 48128K Free: 30433K (63%)
ptolemy.util.test.WatchDog.cancel(): canceling Wed Jul 17 15:48:08 UTC 2019
auto.tcl: Setting watchdog for 200 seconds at Wed Jul 17 15:48:08 UTC 2019
2 ms. Memory: 48128K Free: 29593K (61%)
ptolemy.util.test.WatchDog.cancel(): canceling Wed Jul 17 15:48:08 UTC 2019
------------------ testing $PTII/ptolemy/domains/de/test/auto/TimingParadox.xml
auto.tcl: Setting watchdog for 200 seconds at Wed Jul 17 15:48:08 UTC 2019
431 ms. Memory: 48128K Free: 11460K (24%)
ptolemy.util.test.WatchDog.cancel(): canceling Wed Jul 17 15:48:09 UTC 2019
auto.tcl: Setting watchdog for 200 seconds at Wed Jul 17 15:48:09 UTC 2019
408 ms. Memory: 48128K Free: 21218K (44%)
ptolemy.util.test.WatchDog.cancel(): canceling Wed Jul 17 15:48:09 UTC 2019
------------------ testing $PTII/ptolemy/domains/de/test/auto/TransferInputs.xml
auto.tcl: Setting watchdog for 200 seconds at Wed Jul 17 15:48:09 UTC 2019
2 ms. Memory: 48128K Free: 28911K (60%)
ptolemy.util.test.WatchDog.cancel(): canceling Wed Jul 17 15:48:09 UTC 2019
auto.tcl: Setting watchdog for 200 seconds at Wed Jul 17 15:48:09 UTC 2019
1 ms. Memory: 48128K Free: 28014K (58%)
ptolemy.util.test.WatchDog.cancel(): canceling Wed Jul 17 15:48:09 UTC 2019
------------------ testing $PTII/ptolemy/domains/de/test/auto/TransferOutputs2.xml
auto.tcl: Setting watchdog for 200 seconds at Wed Jul 17 15:48:09 UTC 2019
3 ms. Memory: 48128K Free: 26341K (55%)
ptolemy.util.test.WatchDog.cancel(): canceling Wed Jul 17 15:48:09 UTC 2019
auto.tcl: Setting watchdog for 200 seconds at Wed Jul 17 15:48:09 UTC 2019
3 ms. Memory: 48128K Free: 24890K (52%)
ptolemy.util.test.WatchDog.cancel(): canceling Wed Jul 17 15:48:09 UTC 2019
------------------ testing $PTII/ptolemy/domains/de/test/auto/Trilateration.xml
auto.tcl: Setting watchdog for 200 seconds at Wed Jul 17 15:48:10 UTC 2019
14012 ms. Memory: 513024K Free: 368057K (72%)
ptolemy.util.test.WatchDog.cancel(): canceling Wed Jul 17 15:48:25 UTC 2019
auto.tcl: Setting watchdog for 200 seconds at Wed Jul 17 15:48:25 UTC 2019
11267 ms. Memory: 616448K Free: 292886K (48%)
ptolemy.util.test.WatchDog.cancel(): canceling Wed Jul 17 15:48:36 UTC 2019
------------------ testing $PTII/ptolemy/domains/de/test/auto/TwoSigmaDelta.xml
auto.tcl: Setting watchdog for 200 seconds at Wed Jul 17 15:48:36 UTC 2019
2705 ms. Memory: 89088K Free: 21942K (25%)
ptolemy.util.test.WatchDog.cancel(): canceling Wed Jul 17 15:48:39 UTC 2019
auto.tcl: Setting watchdog for 200 seconds at Wed Jul 17 15:48:39 UTC 2019
2094 ms. Memory: 89088K Free: 17823K (20%)
ptolemy.util.test.WatchDog.cancel(): canceling Wed Jul 17 15:48:41 UTC 2019
------------------ testing $PTII/ptolemy/domains/de/test/auto/VariableDelay.xml
auto.tcl: Setting watchdog for 200 seconds at Wed Jul 17 15:48:41 UTC 2019
7 ms. Memory: 51200K Free: 32460K (63%)
ptolemy.util.test.WatchDog.cancel(): canceling Wed Jul 17 15:48:41 UTC 2019
auto.tcl: Setting watchdog for 200 seconds at Wed Jul 17 15:48:41 UTC 2019
1 ms. Memory: 51200K Free: 31964K (62%)
ptolemy.util.test.WatchDog.cancel(): canceling Wed Jul 17 15:48:41 UTC 2019
------------------ testing $PTII/ptolemy/domains/de/test/auto/VariableDelay2.xml
auto.tcl: Setting watchdog for 200 seconds at Wed Jul 17 15:48:41 UTC 2019
10 ms. Memory: 48128K Free: 30023K (62%)
ptolemy.util.test.WatchDog.cancel(): canceling Wed Jul 17 15:48:41 UTC 2019
auto.tcl: Setting watchdog for 200 seconds at Wed Jul 17 15:48:41 UTC 2019
2 ms. Memory: 48128K Free: 29524K (61%)
ptolemy.util.test.WatchDog.cancel(): canceling Wed Jul 17 15:48:41 UTC 2019
------------------ testing $PTII/ptolemy/domains/de/test/auto/VariableDelayZeroDelay.xml
auto.tcl: Setting watchdog for 200 seconds at Wed Jul 17 15:48:41 UTC 2019
2 ms. Memory: 48128K Free: 30314K (63%)
ptolemy.util.test.WatchDog.cancel(): canceling Wed Jul 17 15:48:41 UTC 2019
auto.tcl: Setting watchdog for 200 seconds at Wed Jul 17 15:48:41 UTC 2019
2 ms. Memory: 48128K Free: 29352K (61%)
ptolemy.util.test.WatchDog.cancel(): canceling Wed Jul 17 15:48:41 UTC 2019
------------------ testing $PTII/ptolemy/domains/de/test/auto/VariableDelayZeroDelay2.xml
auto.tcl: Setting watchdog for 200 seconds at Wed Jul 17 15:48:41 UTC 2019
2 ms. Memory: 48128K Free: 30313K (63%)
ptolemy.util.test.WatchDog.cancel(): canceling Wed Jul 17 15:48:41 UTC 2019
auto.tcl: Setting watchdog for 200 seconds at Wed Jul 17 15:48:41 UTC 2019
2 ms. Memory: 48128K Free: 29337K (61%)
ptolemy.util.test.WatchDog.cancel(): canceling Wed Jul 17 15:48:41 UTC 2019
------------------ testing $PTII/ptolemy/domains/de/test/auto/deInCt.xml
auto.tcl: Setting watchdog for 200 seconds at Wed Jul 17 15:48:41 UTC 2019
0
1
1
1
0
0
0
1
1
0
0
0
0
1
1
1
0
0
0
1
1
1
1
0
0
0
1
1
1
0
0
0
1
1
1
0
0
1
1
1
0
0
0
0
0
18 ms. Memory: 48128K Free: 29287K (61%)
ptolemy.util.test.WatchDog.cancel(): canceling Wed Jul 17 15:48:41 UTC 2019
auto.tcl: Setting watchdog for 200 seconds at Wed Jul 17 15:48:41 UTC 2019
0
1
1
1
0
0
0
1
1
1
0
0
0
1
1
1
0
0
0
1
1
1
0
0
0
1
1
1
0
0
0
1
1
1
0
0
0
0
0
1
1
1
0
0
0
0
12 ms. Memory: 48128K Free: 27796K (58%)
ptolemy.util.test.WatchDog.cancel(): canceling Wed Jul 17 15:48:41 UTC 2019
------------------ testing $PTII/ptolemy/domains/de/test/auto/deInCt2.xml
auto.tcl: Setting watchdog for 200 seconds at Wed Jul 17 15:48:41 UTC 2019
0
1
1
1
0
0
1
1
1
0
0
1
1
1
0
0
1
1
1
0
0
1
1
1
0
0
1
1
1
0
0
1
1
1
0
0
1
1
1
0
0
0
10 ms. Memory: 48128K Free: 29289K (61%)
ptolemy.util.test.WatchDog.cancel(): canceling Wed Jul 17 15:48:42 UTC 2019
auto.tcl: Setting watchdog for 200 seconds at Wed Jul 17 15:48:42 UTC 2019
0
1
1
1
0
0
1
1
1
0
0
1
1
1
0
0
1
1
1
0
0
1
1
1
0
0
1
1
1
0
0
1
1
1
0
0
1
1
1
0
0
0
9 ms. Memory: 48128K Free: 27798K (58%)
ptolemy.util.test.WatchDog.cancel(): canceling Wed Jul 17 15:48:42 UTC 2019
------------------ testing $PTII/ptolemy/domains/de/test/auto/dynamicCausalityInterface1.xml
auto.tcl: Setting watchdog for 200 seconds at Wed Jul 17 15:48:42 UTC 2019
2 ms. Memory: 48128K Free: 24643K (51%)
ptolemy.util.test.WatchDog.cancel(): canceling Wed Jul 17 15:48:42 UTC 2019
auto.tcl: Setting watchdog for 200 seconds at Wed Jul 17 15:48:42 UTC 2019
1 ms. Memory: 48128K Free: 24163K (50%)
ptolemy.util.test.WatchDog.cancel(): canceling Wed Jul 17 15:48:42 UTC 2019
------------------ testing $PTII/ptolemy/domains/de/test/auto/fsm_de_test.xml
auto.tcl: Setting watchdog for 200 seconds at Wed Jul 17 15:48:42 UTC 2019
12 ms. Memory: 48128K Free: 25086K (52%)
ptolemy.util.test.WatchDog.cancel(): canceling Wed Jul 17 15:48:42 UTC 2019
auto.tcl: Setting watchdog for 200 seconds at Wed Jul 17 15:48:42 UTC 2019
7 ms. Memory: 48128K Free: 23083K (48%)
ptolemy.util.test.WatchDog.cancel(): canceling Wed Jul 17 15:48:42 UTC 2019
------------------ testing $PTII/ptolemy/domains/de/test/auto/functionDependencyReconstruction.xml
auto.tcl: Setting watchdog for 200 seconds at Wed Jul 17 15:48:42 UTC 2019
3 ms. Memory: 48128K Free: 18931K (39%)
ptolemy.util.test.WatchDog.cancel(): canceling Wed Jul 17 15:48:42 UTC 2019
auto.tcl: Setting watchdog for 200 seconds at Wed Jul 17 15:48:42 UTC 2019
3 ms. Memory: 48128K Free: 16945K (35%)
ptolemy.util.test.WatchDog.cancel(): canceling Wed Jul 17 15:48:42 UTC 2019
------------------ testing $PTII/ptolemy/domains/de/test/auto/multirate.xml
auto.tcl: Setting watchdog for 200 seconds at Wed Jul 17 15:48:42 UTC 2019
3 ms. Memory: 48128K Free: 27005K (56%)
ptolemy.util.test.WatchDog.cancel(): canceling Wed Jul 17 15:48:42 UTC 2019
auto.tcl: Setting watchdog for 200 seconds at Wed Jul 17 15:48:42 UTC 2019
3 ms. Memory: 48128K Free: 26029K (54%)
ptolemy.util.test.WatchDog.cancel(): canceling Wed Jul 17 15:48:42 UTC 2019
------------------ testing $PTII/ptolemy/domains/de/test/auto/multirate2.xml
auto.tcl: Setting watchdog for 200 seconds at Wed Jul 17 15:48:42 UTC 2019
2 ms. Memory: 48128K Free: 27697K (58%)
ptolemy.util.test.WatchDog.cancel(): canceling Wed Jul 17 15:48:42 UTC 2019
auto.tcl: Setting watchdog for 200 seconds at Wed Jul 17 15:48:42 UTC 2019
6 ms. Memory: 48128K Free: 26235K (55%)
ptolemy.util.test.WatchDog.cancel(): canceling Wed Jul 17 15:48:42 UTC 2019
------------------ testing $PTII/ptolemy/domains/de/test/auto/realtime.xml
auto.tcl: Setting watchdog for 200 seconds at Wed Jul 17 15:48:42 UTC 2019
10002 ms. Memory: 48128K Free: 29975K (62%)
ptolemy.util.test.WatchDog.cancel(): canceling Wed Jul 17 15:48:52 UTC 2019
auto.tcl: Setting watchdog for 200 seconds at Wed Jul 17 15:48:52 UTC 2019
10002 ms. Memory: 48128K Free: 29233K (61%)
ptolemy.util.test.WatchDog.cancel(): canceling Wed Jul 17 15:49:02 UTC 2019
------------------ testing $PTII/ptolemy/domains/de/test/auto/relationGroup.xml
auto.tcl: Setting watchdog for 200 seconds at Wed Jul 17 15:49:02 UTC 2019
2 ms. Memory: 48128K Free: 31007K (64%)
ptolemy.util.test.WatchDog.cancel(): canceling Wed Jul 17 15:49:02 UTC 2019
auto.tcl: Setting watchdog for 200 seconds at Wed Jul 17 15:49:02 UTC 2019
2 ms. Memory: 48128K Free: 30313K (63%)
ptolemy.util.test.WatchDog.cancel(): canceling Wed Jul 17 15:49:02 UTC 2019
------------------ testing $PTII/ptolemy/domains/de/test/auto/relationGroup2.xml
auto.tcl: Setting watchdog for 200 seconds at Wed Jul 17 15:49:02 UTC 2019
2 ms. Memory: 48128K Free: 30835K (64%)
ptolemy.util.test.WatchDog.cancel(): canceling Wed Jul 17 15:49:02 UTC 2019
auto.tcl: Setting watchdog for 200 seconds at Wed Jul 17 15:49:02 UTC 2019
3 ms. Memory: 48128K Free: 29877K (62%)
ptolemy.util.test.WatchDog.cancel(): canceling Wed Jul 17 15:49:02 UTC 2019
------------------ testing $PTII/ptolemy/domains/de/test/auto/sortWithOpaquePorts.xml
auto.tcl: Setting watchdog for 200 seconds at Wed Jul 17 15:49:02 UTC 2019
2 ms. Memory: 48128K Free: 29812K (62%)
ptolemy.util.test.WatchDog.cancel(): canceling Wed Jul 17 15:49:02 UTC 2019
auto.tcl: Setting watchdog for 200 seconds at Wed Jul 17 15:49:02 UTC 2019
3 ms. Memory: 48128K Free: 28854K (60%)
ptolemy.util.test.WatchDog.cancel(): canceling Wed Jul 17 15:49:02 UTC 2019
------------------ testing $PTII/ptolemy/domains/de/test/auto/transferInputsandOutputs.xml
auto.tcl: Setting watchdog for 200 seconds at Wed Jul 17 15:49:02 UTC 2019
3 ms. Memory: 48128K Free: 27256K (57%)
ptolemy.util.test.WatchDog.cancel(): canceling Wed Jul 17 15:49:02 UTC 2019
auto.tcl: Setting watchdog for 200 seconds at Wed Jul 17 15:49:02 UTC 2019
2 ms. Memory: 48128K Free: 26268K (55%)
ptolemy.util.test.WatchDog.cancel(): canceling Wed Jul 17 15:49:02 UTC 2019
------------------ testing $PTII/ptolemy/domains/de/test/auto/triggerType.xml
auto.tcl: Setting watchdog for 200 seconds at Wed Jul 17 15:49:02 UTC 2019
3 ms. Memory: 48128K Free: 30280K (63%)
ptolemy.util.test.WatchDog.cancel(): canceling Wed Jul 17 15:49:02 UTC 2019
auto.tcl: Setting watchdog for 200 seconds at Wed Jul 17 15:49:02 UTC 2019
3 ms. Memory: 48128K Free: 29333K (61%)
ptolemy.util.test.WatchDog.cancel(): canceling Wed Jul 17 15:49:02 UTC 2019
07/17/19 03:49:03
Failed: 0  Total Tests: 192  ((Passed: 187, Newly Passed: 1)  Known Failed: 5) /home/travis/build/icyphy/ptII/ptolemy/domains/de/test
07/17/19 03:49:03
Failed: 0  Total Tests: 192  ((Passed: 187, Newly Passed: 1)  Known Failed: 5) /home/travis/build/icyphy/ptII/ptolemy/domains/de/test
----------------- testing (KnownFailure) /home/travis/build/icyphy/ptII/ptolemy/domains/de/test/auto/knownFailedTests/DESDFClockTest.xml
2012 ms. Memory: 48128K Free: 23165K (48%)
Known Failure: java.lang.reflect.InvocationTargetException
----------------- testing (KnownFailure) /home/travis/build/icyphy/ptII/ptolemy/domains/de/test/auto/knownFailedTests/DirectFeedback.xml
2 ms. Memory: 48128K Free: 19579K (41%)
Known Failure: java.lang.reflect.InvocationTargetException
----------------- testing (KnownFailure) /home/travis/build/icyphy/ptII/ptolemy/domains/de/test/auto/knownFailedTests/FSMSource.xml
15 ms. Memory: 48128K Free: 11357K (24%)
----------------- testing (KnownFailure) /home/travis/build/icyphy/ptII/ptolemy/domains/de/test/auto/knownFailedTests/HierarchicalModel.xml
4 ms. Memory: 48128K Free: 21247K (44%)
Known Failure: java.lang.reflect.InvocationTargetException
----------------- testing (KnownFailure) /home/travis/build/icyphy/ptII/ptolemy/domains/de/test/auto/knownFailedTests/dependencyLoop.xml
2 ms. Memory: 48128K Free: 31621K (66%)
Known Failure: java.lang.reflect.InvocationTargetException
----------------- testing (KnownFailure) /home/travis/build/icyphy/ptII/ptolemy/domains/de/test/auto/knownFailedTests/dependencyLoop2.xml
4 ms. Memory: 48128K Free: 16261K (34%)
Known Failure: java.lang.reflect.InvocationTargetException
No auto/linux-amd64/*.xml tests in /home/travis/build/icyphy/ptII/ptolemy/domains/de/test
AutoTests.java: About to close Vertx.
AutoTests.java: Vertx closed.

===========================================================================================
----------------- testing Wed Jul 17 15:49:05 UTC 2019 /home/travis/build/icyphy/ptII/ptolemy/domains/de/test/auto/ActorDepthCalculation_actorWithoutPorts.xml
----------------- Instantiating /home/travis/build/icyphy/ptII/ptolemy/domains/de/test/auto/ActorDepthCalculation_actorWithoutPorts.xml
1 ms. Memory: 48128K Free: 9766K (20%)
----------------- Invoking toplevel() on ptolemy.moml.MoMLSimpleApplication@27646adf
----------------- Done invoking toplevel() on ptolemy.moml.MoMLSimpleApplication@27646adf
reloadAllAccessors: .ActorDepthCalculation_actorWithoutPorts

===========================================================================================
----------------- testing Wed Jul 17 15:49:05 UTC 2019 /home/travis/build/icyphy/ptII/ptolemy/domains/de/test/auto/AssemblyLine.xml
----------------- Instantiating /home/travis/build/icyphy/ptII/ptolemy/domains/de/test/auto/AssemblyLine.xml
5 ms. Memory: 48128K Free: 27919K (58%)
----------------- Invoking toplevel() on ptolemy.moml.MoMLSimpleApplication@a6d8337
----------------- Done invoking toplevel() on ptolemy.moml.MoMLSimpleApplication@a6d8337
reloadAllAccessors: .AssemblyLine

===========================================================================================
----------------- testing Wed Jul 17 15:49:05 UTC 2019 /home/travis/build/icyphy/ptII/ptolemy/domains/de/test/auto/CQBug1.xml
----------------- Instantiating /home/travis/build/icyphy/ptII/ptolemy/domains/de/test/auto/CQBug1.xml
1 ms. Memory: 48128K Free: 24829K (52%)
----------------- Invoking toplevel() on ptolemy.moml.MoMLSimpleApplication@53f8dd43
----------------- Done invoking toplevel() on ptolemy.moml.MoMLSimpleApplication@53f8dd43
reloadAllAccessors: .CQBug1

===========================================================================================
----------------- testing Wed Jul 17 15:49:05 UTC 2019 /home/travis/build/icyphy/ptII/ptolemy/domains/de/test/auto/CancelFireAt.xml
----------------- Instantiating /home/travis/build/icyphy/ptII/ptolemy/domains/de/test/auto/CancelFireAt.xml
2 ms. Memory: 48128K Free: 22452K (47%)
----------------- Invoking toplevel() on ptolemy.moml.MoMLSimpleApplication@3a5e730
----------------- Done invoking toplevel() on ptolemy.moml.MoMLSimpleApplication@3a5e730
reloadAllAccessors: .CancelFireAt

===========================================================================================
----------------- testing Wed Jul 17 15:49:05 UTC 2019 /home/travis/build/icyphy/ptII/ptolemy/domains/de/test/auto/CausalityAndComposabilityAnalysis.xml
----------------- Instantiating /home/travis/build/icyphy/ptII/ptolemy/domains/de/test/auto/CausalityAndComposabilityAnalysis.xml
2 ms. Memory: 48128K Free: 17861K (37%)
----------------- Invoking toplevel() on ptolemy.moml.MoMLSimpleApplication@67ff90cd
----------------- Done invoking toplevel() on ptolemy.moml.MoMLSimpleApplication@67ff90cd
reloadAllAccessors: .CausalityAndComposabilityAnalysis

===========================================================================================
----------------- testing Wed Jul 17 15:49:05 UTC 2019 /home/travis/build/icyphy/ptII/ptolemy/domains/de/test/auto/CausalityInterface1.xml
----------------- Instantiating /home/travis/build/icyphy/ptII/ptolemy/domains/de/test/auto/CausalityInterface1.xml
15 ms. Memory: 48128K Free: 12725K (26%)
----------------- Invoking toplevel() on ptolemy.moml.MoMLSimpleApplication@5386551e
----------------- Done invoking toplevel() on ptolemy.moml.MoMLSimpleApplication@5386551e
reloadAllAccessors: .CausalityInterface1

===========================================================================================
----------------- testing Wed Jul 17 15:49:05 UTC 2019 /home/travis/build/icyphy/ptII/ptolemy/domains/de/test/auto/CausalityInterface15.xml
----------------- Instantiating /home/travis/build/icyphy/ptII/ptolemy/domains/de/test/auto/CausalityInterface15.xml
8 ms. Memory: 48128K Free: 33178K (69%)
----------------- Invoking toplevel() on ptolemy.moml.MoMLSimpleApplication@5aaf1dbc
----------------- Done invoking toplevel() on ptolemy.moml.MoMLSimpleApplication@5aaf1dbc
reloadAllAccessors: .CausalityInterface15

===========================================================================================
----------------- testing Wed Jul 17 15:49:05 UTC 2019 /home/travis/build/icyphy/ptII/ptolemy/domains/de/test/auto/CausalityInterface2.xml
----------------- Instantiating /home/travis/build/icyphy/ptII/ptolemy/domains/de/test/auto/CausalityInterface2.xml
2 ms. Memory: 48128K Free: 28303K (59%)
[...]
	at ptolemy.actor.Manager.run(Manager.java:1263)
	at ptolemy.actor.Manager$PtolemyRunThread.run(Manager.java:1933)
java.lang.RuntimeException: Execution failed
	at ptolemy.moml.MoMLSimpleApplication$UnloadThread.run(MoMLSimpleApplication.java:402)
Caused by: ptolemy.kernel.util.IllegalActionException: Actor is not ready to fire.  Perhaps UpSample.prefire() returned false? Try debugging the actor by selecting "Listen to Actor".  Also, for SDF check moml for tokenConsumptionRate on input.
  in .DESDFClockTest.Play Bell.Copy1:SDF Director and .DESDFClockTest.Play Bell.UpSample
	at ptolemy.actor.sched.StaticSchedulingDirector.fire(StaticSchedulingDirector.java:227)
	at ptolemy.domains.sdf.kernel.SDFDirector.fire(SDFDirector.java:500)
	at ptolemy.actor.CompositeActor.fire(CompositeActor.java:455)
	at ptolemy.domains.de.kernel.DEDirector._fire(DEDirector.java:1949)
	at ptolemy.domains.de.kernel.DEDirector.fire(DEDirector.java:502)
	at ptolemy.actor.CompositeActor.fire(CompositeActor.java:455)
	at ptolemy.actor.Manager.iterate(Manager.java:851)
	at ptolemy.actor.Manager.execute(Manager.java:369)
	at ptolemy.actor.Manager.run(Manager.java:1263)
	at ptolemy.actor.Manager$PtolemyRunThread.run(Manager.java:1933)
java.lang.reflect.InvocationTargetException
	at java.base/jdk.internal.reflect.NativeConstructorAccessorImpl.newInstance0(Native Method)
	at java.base/jdk.internal.reflect.NativeConstructorAccessorImpl.newInstance(NativeConstructorAccessorImpl.java:62)
	at java.base/jdk.internal.reflect.DelegatingConstructorAccessorImpl.newInstance(DelegatingConstructorAccessorImpl.java:45)
	at java.base/java.lang.reflect.Constructor.newInstance(Constructor.java:490)
	at ptolemy.util.test.junit.AutoKnownFailedTests.RunModel(AutoKnownFailedTests.java:105)
	at java.base/jdk.internal.reflect.NativeMethodAccessorImpl.invoke0(Native Method)
	at java.base/jdk.internal.reflect.NativeMethodAccessorImpl.invoke(NativeMethodAccessorImpl.java:62)
	at java.base/jdk.internal.reflect.DelegatingMethodAccessorImpl.invoke(DelegatingMethodAccessorImpl.java:43)
	at java.base/java.lang.reflect.Method.invoke(Method.java:566)
	at org.junit.runners.model.FrameworkMethod$1.runReflectiveCall(FrameworkMethod.java:44)
	at org.junit.internal.runners.model.ReflectiveCallable.run(ReflectiveCallable.java:15)
	at org.junit.runners.model.FrameworkMethod.invokeExplosively(FrameworkMethod.java:41)
	at junitparams.internal.InvokeParameterisedMethod.evaluate(InvokeParameterisedMethod.java:102)
	at org.junit.internal.runners.statements.FailOnTimeout$1.run(FailOnTimeout.java:28)
Caused by: ptolemy.kernel.util.IllegalActionException: Actor is not ready to fire.  Perhaps UpSample.prefire() returned false? Try debugging the actor by selecting "Listen to Actor".  Also, for SDF check moml for tokenConsumptionRate on input.
  in .DESDFClockTest.Play Bell.Copy1:SDF Director and .DESDFClockTest.Play Bell.UpSample
	at ptolemy.actor.sched.StaticSchedulingDirector.fire(StaticSchedulingDirector.java:227)
	at ptolemy.domains.sdf.kernel.SDFDirector.fire(SDFDirector.java:500)
	at ptolemy.actor.CompositeActor.fire(CompositeActor.java:455)
	at ptolemy.domains.de.kernel.DEDirector._fire(DEDirector.java:1949)
	at ptolemy.domains.de.kernel.DEDirector.fire(DEDirector.java:502)
	at ptolemy.actor.CompositeActor.fire(CompositeActor.java:455)
	at ptolemy.actor.Manager.iterate(Manager.java:851)
	at ptolemy.actor.Manager.execute(Manager.java:369)
	at ptolemy.actor.Manager.run(Manager.java:1263)
	at ptolemy.actor.Manager$PtolemyRunThread.run(Manager.java:1933)
java.lang.RuntimeException: Execution failed
	at ptolemy.moml.MoMLSimpleApplication$UnloadThread.run(MoMLSimpleApplication.java:402)
Caused by: ptolemy.kernel.util.IllegalActionException: Test fails in iteration 1.
Value was: 1.0. Should have been: 2.0
  in .DirectFeedback.Test
	at ptolemy.actor.lib.Test.fire(Test.java:268)
	at ptolemy.domains.de.kernel.DEDirector._fire(DEDirector.java:1949)
	at ptolemy.domains.de.kernel.DEDirector.fire(DEDirector.java:502)
	at ptolemy.actor.CompositeActor.fire(CompositeActor.java:455)
	at ptolemy.actor.Manager.iterate(Manager.java:851)
	at ptolemy.actor.Manager.execute(Manager.java:369)
	at ptolemy.actor.Manager.run(Manager.java:1263)
	at ptolemy.actor.Manager$PtolemyRunThread.run(Manager.java:1933)
java.lang.reflect.InvocationTargetException
	at java.base/jdk.internal.reflect.NativeConstructorAccessorImpl.newInstance0(Native Method)
	at java.base/jdk.internal.reflect.NativeConstructorAccessorImpl.newInstance(NativeConstructorAccessorImpl.java:62)
	at java.base/jdk.internal.reflect.DelegatingConstructorAccessorImpl.newInstance(DelegatingConstructorAccessorImpl.java:45)
	at java.base/java.lang.reflect.Constructor.newInstance(Constructor.java:490)
	at ptolemy.util.test.junit.AutoKnownFailedTests.RunModel(AutoKnownFailedTests.java:105)
	at java.base/jdk.internal.reflect.NativeMethodAccessorImpl.invoke0(Native Method)
	at java.base/jdk.internal.reflect.NativeMethodAccessorImpl.invoke(NativeMethodAccessorImpl.java:62)
	at java.base/jdk.internal.reflect.DelegatingMethodAccessorImpl.invoke(DelegatingMethodAccessorImpl.java:43)
	at java.base/java.lang.reflect.Method.invoke(Method.java:566)
	at org.junit.runners.model.FrameworkMethod$1.runReflectiveCall(FrameworkMethod.java:44)
	at org.junit.internal.runners.model.ReflectiveCallable.run(ReflectiveCallable.java:15)
	at org.junit.runners.model.FrameworkMethod.invokeExplosively(FrameworkMethod.java:41)
	at junitparams.internal.InvokeParameterisedMethod.evaluate(InvokeParameterisedMethod.java:102)
	at org.junit.internal.runners.statements.FailOnTimeout$1.run(FailOnTimeout.java:28)
Caused by: ptolemy.kernel.util.IllegalActionException: Test fails in iteration 1.
Value was: 1.0. Should have been: 2.0
  in .DirectFeedback.Test
	at ptolemy.actor.lib.Test.fire(Test.java:268)
	at ptolemy.domains.de.kernel.DEDirector._fire(DEDirector.java:1949)
	at ptolemy.domains.de.kernel.DEDirector.fire(DEDirector.java:502)
	at ptolemy.actor.CompositeActor.fire(CompositeActor.java:455)
	at ptolemy.actor.Manager.iterate(Manager.java:851)
	at ptolemy.actor.Manager.execute(Manager.java:369)
	at ptolemy.actor.Manager.run(Manager.java:1263)
	at ptolemy.actor.Manager$PtolemyRunThread.run(Manager.java:1933)
java.lang.RuntimeException: Execution failed
	at ptolemy.moml.MoMLSimpleApplication$UnloadThread.run(MoMLSimpleApplication.java:402)
Caused by: ptolemy.kernel.util.IllegalActionException: Found a zero delay loop containing .HierarchicalModel.A
  in .HierarchicalModel and .HierarchicalModel.A
	at ptolemy.actor.util.CausalityInterfaceForComposites._computeOutputPortDepth(CausalityInterfaceForComposites.java:759)
	at ptolemy.actor.util.CausalityInterfaceForComposites._computeInputDepth(CausalityInterfaceForComposites.java:696)
	at ptolemy.actor.util.CausalityInterfaceForComposites._computeOutputPortDepth(CausalityInterfaceForComposites.java:765)
	at ptolemy.actor.util.CausalityInterfaceForComposites._computeInputDepth(CausalityInterfaceForComposites.java:696)
	at ptolemy.actor.util.CausalityInterfaceForComposites._computeOutputPortDepth(CausalityInterfaceForComposites.java:765)
	at ptolemy.actor.util.CausalityInterfaceForComposites._computeInputDepth(CausalityInterfaceForComposites.java:696)
	at ptolemy.actor.util.CausalityInterfaceForComposites._computeActorDepth(CausalityInterfaceForComposites.java:532)
	at ptolemy.actor.util.CausalityInterfaceForComposites.checkForCycles(CausalityInterfaceForComposites.java:96)
	at ptolemy.domains.de.kernel.DEDirector.preinitialize(DEDirector.java:1338)
	at ptolemy.actor.CompositeActor.preinitialize(CompositeActor.java:1828)
	at ptolemy.actor.Manager.preinitializeAndResolveTypes(Manager.java:1040)
	at ptolemy.actor.Manager.initialize(Manager.java:710)
	at ptolemy.actor.Manager.execute(Manager.java:356)
	at ptolemy.actor.Manager.run(Manager.java:1263)
	at ptolemy.actor.Manager$PtolemyRunThread.run(Manager.java:1933)
java.lang.reflect.InvocationTargetException
	at java.base/jdk.internal.reflect.NativeConstructorAccessorImpl.newInstance0(Native Method)
	at java.base/jdk.internal.reflect.NativeConstructorAccessorImpl.newInstance(NativeConstructorAccessorImpl.java:62)
	at java.base/jdk.internal.reflect.DelegatingConstructorAccessorImpl.newInstance(DelegatingConstructorAccessorImpl.java:45)
	at java.base/java.lang.reflect.Constructor.newInstance(Constructor.java:490)
	at ptolemy.util.test.junit.AutoKnownFailedTests.RunModel(AutoKnownFailedTests.java:105)
	at java.base/jdk.internal.reflect.NativeMethodAccessorImpl.invoke0(Native Method)
	at java.base/jdk.internal.reflect.NativeMethodAccessorImpl.invoke(NativeMethodAccessorImpl.java:62)
	at java.base/jdk.internal.reflect.DelegatingMethodAccessorImpl.invoke(DelegatingMethodAccessorImpl.java:43)
	at java.base/java.lang.reflect.Method.invoke(Method.java:566)
	at org.junit.runners.model.FrameworkMethod$1.runReflectiveCall(FrameworkMethod.java:44)
	at org.junit.internal.runners.model.ReflectiveCallable.run(ReflectiveCallable.java:15)
	at org.junit.runners.model.FrameworkMethod.invokeExplosively(FrameworkMethod.java:41)
	at junitparams.internal.InvokeParameterisedMethod.evaluate(InvokeParameterisedMethod.java:102)
	at org.junit.internal.runners.statements.FailOnTimeout$1.run(FailOnTimeout.java:28)
Caused by: ptolemy.kernel.util.IllegalActionException: Found a zero delay loop containing .HierarchicalModel.A
  in .HierarchicalModel and .HierarchicalModel.A
	at ptolemy.actor.util.CausalityInterfaceForComposites._computeOutputPortDepth(CausalityInterfaceForComposites.java:759)
	at ptolemy.actor.util.CausalityInterfaceForComposites._computeInputDepth(CausalityInterfaceForComposites.java:696)
	at ptolemy.actor.util.CausalityInterfaceForComposites._computeOutputPortDepth(CausalityInterfaceForComposites.java:765)
	at ptolemy.actor.util.CausalityInterfaceForComposites._computeInputDepth(CausalityInterfaceForComposites.java:696)
	at ptolemy.actor.util.CausalityInterfaceForComposites._computeOutputPortDepth(CausalityInterfaceForComposites.java:765)
	at ptolemy.actor.util.CausalityInterfaceForComposites._computeInputDepth(CausalityInterfaceForComposites.java:696)
	at ptolemy.actor.util.CausalityInterfaceForComposites._computeActorDepth(CausalityInterfaceForComposites.java:532)
	at ptolemy.actor.util.CausalityInterfaceForComposites.checkForCycles(CausalityInterfaceForComposites.java:96)
	at ptolemy.domains.de.kernel.DEDirector.preinitialize(DEDirector.java:1338)
	at ptolemy.actor.CompositeActor.preinitialize(CompositeActor.java:1828)
	at ptolemy.actor.Manager.preinitializeAndResolveTypes(Manager.java:1040)
	at ptolemy.actor.Manager.initialize(Manager.java:710)
	at ptolemy.actor.Manager.execute(Manager.java:356)
	at ptolemy.actor.Manager.run(Manager.java:1263)
	at ptolemy.actor.Manager$PtolemyRunThread.run(Manager.java:1933)
java.lang.RuntimeException: Execution failed
	at ptolemy.moml.MoMLSimpleApplication$UnloadThread.run(MoMLSimpleApplication.java:402)
Caused by: ptolemy.kernel.util.IllegalActionException: Found a zero delay loop containing .dependencyLoop.original
  in .dependencyLoop and .dependencyLoop.original
	at ptolemy.actor.util.CausalityInterfaceForComposites._computeOutputPortDepth(CausalityInterfaceForComposites.java:759)
	at ptolemy.actor.util.CausalityInterfaceForComposites._computeInputDepth(CausalityInterfaceForComposites.java:696)
	at ptolemy.actor.util.CausalityInterfaceForComposites._computeOutputPortDepth(CausalityInterfaceForComposites.java:765)
	at ptolemy.actor.util.CausalityInterfaceForComposites._computeInputDepth(CausalityInterfaceForComposites.java:696)
	at ptolemy.actor.util.CausalityInterfaceForComposites._computeOutputPortDepth(CausalityInterfaceForComposites.java:765)
	at ptolemy.actor.util.CausalityInterfaceForComposites._computeInputDepth(CausalityInterfaceForComposites.java:696)
	at ptolemy.actor.util.CausalityInterfaceForComposites._computeActorDepth(CausalityInterfaceForComposites.java:532)
	at ptolemy.actor.util.CausalityInterfaceForComposites.checkForCycles(CausalityInterfaceForComposites.java:96)
	at ptolemy.domains.de.kernel.DEDirector.preinitialize(DEDirector.java:1338)
	at ptolemy.actor.CompositeActor.preinitialize(CompositeActor.java:1828)
	at ptolemy.actor.Manager.preinitializeAndResolveTypes(Manager.java:1040)
	at ptolemy.actor.Manager.initialize(Manager.java:710)
	at ptolemy.actor.Manager.execute(Manager.java:356)
	at ptolemy.actor.Manager.run(Manager.java:1263)
	at ptolemy.actor.Manager$PtolemyRunThread.run(Manager.java:1933)
java.lang.reflect.InvocationTargetException
	at java.base/jdk.internal.reflect.NativeConstructorAccessorImpl.newInstance0(Native Method)
	at java.base/jdk.internal.reflect.NativeConstructorAccessorImpl.newInstance(NativeConstructorAccessorImpl.java:62)
	at java.base/jdk.internal.reflect.DelegatingConstructorAccessorImpl.newInstance(DelegatingConstructorAccessorImpl.java:45)
	at java.base/java.lang.reflect.Constructor.newInstance(Constructor.java:490)
	at ptolemy.util.test.junit.AutoKnownFailedTests.RunModel(AutoKnownFailedTests.java:105)
	at java.base/jdk.internal.reflect.NativeMethodAccessorImpl.invoke0(Native Method)
	at java.base/jdk.internal.reflect.NativeMethodAccessorImpl.invoke(NativeMethodAccessorImpl.java:62)
	at java.base/jdk.internal.reflect.DelegatingMethodAccessorImpl.invoke(DelegatingMethodAccessorImpl.java:43)
	at java.base/java.lang.reflect.Method.invoke(Method.java:566)
	at org.junit.runners.model.FrameworkMethod$1.runReflectiveCall(FrameworkMethod.java:44)
	at org.junit.internal.runners.model.ReflectiveCallable.run(ReflectiveCallable.java:15)
	at org.junit.runners.model.FrameworkMethod.invokeExplosively(FrameworkMethod.java:41)
	at junitparams.internal.InvokeParameterisedMethod.evaluate(InvokeParameterisedMethod.java:102)
	at org.junit.internal.runners.statements.FailOnTimeout$1.run(FailOnTimeout.java:28)
Caused by: ptolemy.kernel.util.IllegalActionException: Found a zero delay loop containing .dependencyLoop.original
  in .dependencyLoop and .dependencyLoop.original
	at ptolemy.actor.util.CausalityInterfaceForComposites._computeOutputPortDepth(CausalityInterfaceForComposites.java:759)
	at ptolemy.actor.util.CausalityInterfaceForComposites._computeInputDepth(CausalityInterfaceForComposites.java:696)
	at ptolemy.actor.util.CausalityInterfaceForComposites._computeOutputPortDepth(CausalityInterfaceForComposites.java:765)
	at ptolemy.actor.util.CausalityInterfaceForComposites._computeInputDepth(CausalityInterfaceForComposites.java:696)
	at ptolemy.actor.util.CausalityInterfaceForComposites._computeOutputPortDepth(CausalityInterfaceForComposites.java:765)
	at ptolemy.actor.util.CausalityInterfaceForComposites._computeInputDepth(CausalityInterfaceForComposites.java:696)
	at ptolemy.actor.util.CausalityInterfaceForComposites._computeActorDepth(CausalityInterfaceForComposites.java:532)
	at ptolemy.actor.util.CausalityInterfaceForComposites.checkForCycles(CausalityInterfaceForComposites.java:96)
	at ptolemy.domains.de.kernel.DEDirector.preinitialize(DEDirector.java:1338)
	at ptolemy.actor.CompositeActor.preinitialize(CompositeActor.java:1828)
	at ptolemy.actor.Manager.preinitializeAndResolveTypes(Manager.java:1040)
	at ptolemy.actor.Manager.initialize(Manager.java:710)
	at ptolemy.actor.Manager.execute(Manager.java:356)
	at ptolemy.actor.Manager.run(Manager.java:1263)
	at ptolemy.actor.Manager$PtolemyRunThread.run(Manager.java:1933)
java.lang.RuntimeException: Execution failed
	at ptolemy.moml.MoMLSimpleApplication$UnloadThread.run(MoMLSimpleApplication.java:402)
Caused by: ptolemy.kernel.util.IllegalActionException: Found a zero delay loop containing .dependencyLoop2.original
  in .dependencyLoop2 and .dependencyLoop2.original
	at ptolemy.actor.util.CausalityInterfaceForComposites._computeOutputPortDepth(CausalityInterfaceForComposites.java:759)
	at ptolemy.actor.util.CausalityInterfaceForComposites._computeInputDepth(CausalityInterfaceForComposites.java:696)
	at ptolemy.actor.util.CausalityInterfaceForComposites._computeOutputPortDepth(CausalityInterfaceForComposites.java:765)
	at ptolemy.actor.util.CausalityInterfaceForComposites._computeInputDepth(CausalityInterfaceForComposites.java:696)
	at ptolemy.actor.util.CausalityInterfaceForComposites._computeOutputPortDepth(CausalityInterfaceForComposites.java:765)
	at ptolemy.actor.util.CausalityInterfaceForComposites._computeInputDepth(CausalityInterfaceForComposites.java:696)
	at ptolemy.actor.util.CausalityInterfaceForComposites._computeActorDepth(CausalityInterfaceForComposites.java:532)
	at ptolemy.actor.util.CausalityInterfaceForComposites.checkForCycles(CausalityInterfaceForComposites.java:96)
	at ptolemy.domains.de.kernel.DEDirector.preinitialize(DEDirector.java:1338)
	at ptolemy.actor.CompositeActor.preinitialize(CompositeActor.java:1828)
	at ptolemy.actor.Manager.preinitializeAndResolveTypes(Manager.java:1040)
	at ptolemy.actor.Manager.initialize(Manager.java:710)
	at ptolemy.actor.Manager.execute(Manager.java:356)
	at ptolemy.actor.Manager.run(Manager.java:1263)
	at ptolemy.actor.Manager$PtolemyRunThread.run(Manager.java:1933)
java.lang.reflect.InvocationTargetException
	at java.base/jdk.internal.reflect.NativeConstructorAccessorImpl.newInstance0(Native Method)
	at java.base/jdk.internal.reflect.NativeConstructorAccessorImpl.newInstance(NativeConstructorAccessorImpl.java:62)
	at java.base/jdk.internal.reflect.DelegatingConstructorAccessorImpl.newInstance(DelegatingConstructorAccessorImpl.java:45)
	at java.base/java.lang.reflect.Constructor.newInstance(Constructor.java:490)
	at ptolemy.util.test.junit.AutoKnownFailedTests.RunModel(AutoKnownFailedTests.java:105)
	at java.base/jdk.internal.reflect.NativeMethodAccessorImpl.invoke0(Native Method)
	at java.base/jdk.internal.reflect.NativeMethodAccessorImpl.invoke(NativeMethodAccessorImpl.java:62)
	at java.base/jdk.internal.reflect.DelegatingMethodAccessorImpl.invoke(DelegatingMethodAccessorImpl.java:43)
	at java.base/java.lang.reflect.Method.invoke(Method.java:566)
	at org.junit.runners.model.FrameworkMethod$1.runReflectiveCall(FrameworkMethod.java:44)
	at org.junit.internal.runners.model.ReflectiveCallable.run(ReflectiveCallable.java:15)
	at org.junit.runners.model.FrameworkMethod.invokeExplosively(FrameworkMethod.java:41)
	at junitparams.internal.InvokeParameterisedMethod.evaluate(InvokeParameterisedMethod.java:102)
	at org.junit.internal.runners.statements.FailOnTimeout$1.run(FailOnTimeout.java:28)
Caused by: ptolemy.kernel.util.IllegalActionException: Found a zero delay loop containing .dependencyLoop2.original
  in .dependencyLoop2 and .dependencyLoop2.original
	at ptolemy.actor.util.CausalityInterfaceForComposites._computeOutputPortDepth(CausalityInterfaceForComposites.java:759)
	at ptolemy.actor.util.CausalityInterfaceForComposites._computeInputDepth(CausalityInterfaceForComposites.java:696)
	at ptolemy.actor.util.CausalityInterfaceForComposites._computeOutputPortDepth(CausalityInterfaceForComposites.java:765)
	at ptolemy.actor.util.CausalityInterfaceForComposites._computeInputDepth(CausalityInterfaceForComposites.java:696)
	at ptolemy.actor.util.CausalityInterfaceForComposites._computeOutputPortDepth(CausalityInterfaceForComposites.java:765)
	at ptolemy.actor.util.CausalityInterfaceForComposites._computeInputDepth(CausalityInterfaceForComposites.java:696)
	at ptolemy.actor.util.CausalityInterfaceForComposites._computeActorDepth(CausalityInterfaceForComposites.java:532)
	at ptolemy.actor.util.CausalityInterfaceForComposites.checkForCycles(CausalityInterfaceForComposites.java:96)
	at ptolemy.domains.de.kernel.DEDirector.preinitialize(DEDirector.java:1338)
	at ptolemy.actor.CompositeActor.preinitialize(CompositeActor.java:1828)
	at ptolemy.actor.Manager.preinitializeAndResolveTypes(Manager.java:1040)
	at ptolemy.actor.Manager.initialize(Manager.java:710)
	at ptolemy.actor.Manager.execute(Manager.java:356)
	at ptolemy.actor.Manager.run(Manager.java:1263)
	at ptolemy.actor.Manager$PtolemyRunThread.run(Manager.java:1933)
]]></system-err>
</testsuite>
