<?xml version="1.0" encoding="UTF-8" ?>
<testsuite errors="0" failures="0" hostname="travis-job-d85c0fc7-642f-4ddc-a8d1-f683670b1fc4" name="ptolemy.domains.continuous.test.junit.JUnitTclTest" skipped="0" tests="156" time="69.656" timestamp="2020-06-17T14:40:35">
  <properties>
[...]
</properties>
  <testcase classname="ptolemy.util.test.junit.TclTests" name="[0] ThereAreNoTclTests (RunTclFile)" time="0.007" />
  <testcase classname="ptolemy.util.test.junit.AutoKnownFailedTests" name="[0] ThereAreNoKnowFailedTests (RunModel)" time="0.002" />
  <testcase classname="ptolemy.util.test.junit.AutoNameArchTests" name="[0] ThereAreNoAutoArchTests (RunModel)" time="0.013" />
  <testcase classname="ptolemy.util.test.junit.AutoTests" name="[0] /home/travis/build/icyphy/ptII/ptolemy/domains/continuous/test/auto/BouncingBall.xml (RunModel)" time="3.0" />
  <testcase classname="ptolemy.util.test.junit.AutoTests" name="[1] /home/travis/build/icyphy/ptII/ptolemy/domains/continuous/test/auto/BouncingBallWithoutGR.xml (RunModel)" time="0.864" />
  <testcase classname="ptolemy.util.test.junit.AutoTests" name="[2] /home/travis/build/icyphy/ptII/ptolemy/domains/continuous/test/auto/Brownian.xml (RunModel)" time="0.066" />
  <testcase classname="ptolemy.util.test.junit.AutoTests" name="[3] /home/travis/build/icyphy/ptII/ptolemy/domains/continuous/test/auto/CarTracking.xml (RunModel)" time="3.961" />
  <testcase classname="ptolemy.util.test.junit.AutoTests" name="[4] /home/travis/build/icyphy/ptII/ptolemy/domains/continuous/test/auto/CartPendulum.xml (RunModel)" time="0.494" />
  <testcase classname="ptolemy.util.test.junit.AutoTests" name="[5] /home/travis/build/icyphy/ptII/ptolemy/domains/continuous/test/auto/CausalityInterface10.xml (RunModel)" time="0.074" />
  <testcase classname="ptolemy.util.test.junit.AutoTests" name="[6] /home/travis/build/icyphy/ptII/ptolemy/domains/continuous/test/auto/CausalityInterface11.xml (RunModel)" time="0.022" />
  <testcase classname="ptolemy.util.test.junit.AutoTests" name="[7] /home/travis/build/icyphy/ptII/ptolemy/domains/continuous/test/auto/CausalityInterface12.xml (RunModel)" time="0.025" />
  <testcase classname="ptolemy.util.test.junit.AutoTests" name="[8] /home/travis/build/icyphy/ptII/ptolemy/domains/continuous/test/auto/CausalityInterface13.xml (RunModel)" time="0.045" />
  <testcase classname="ptolemy.util.test.junit.AutoTests" name="[9] /home/travis/build/icyphy/ptII/ptolemy/domains/continuous/test/auto/CausalityInterface14.xml (RunModel)" time="0.028" />
  <testcase classname="ptolemy.util.test.junit.AutoTests" name="[10] /home/travis/build/icyphy/ptII/ptolemy/domains/continuous/test/auto/CausalityInterface4.xml (RunModel)" time="0.03" />
  <testcase classname="ptolemy.util.test.junit.AutoTests" name="[11] /home/travis/build/icyphy/ptII/ptolemy/domains/continuous/test/auto/CausalityInterface5.xml (RunModel)" time="0.048" />
  <testcase classname="ptolemy.util.test.junit.AutoTests" name="[12] /home/travis/build/icyphy/ptII/ptolemy/domains/continuous/test/auto/CausalityInterface6.xml (RunModel)" time="0.026" />
  <testcase classname="ptolemy.util.test.junit.AutoTests" name="[13] /home/travis/build/icyphy/ptII/ptolemy/domains/continuous/test/auto/CausalityInterface7.xml (RunModel)" time="0.041" />
  <testcase classname="ptolemy.util.test.junit.AutoTests" name="[14] /home/travis/build/icyphy/ptII/ptolemy/domains/continuous/test/auto/CausalityInterface8.xml (RunModel)" time="0.028" />
  <testcase classname="ptolemy.util.test.junit.AutoTests" name="[15] /home/travis/build/icyphy/ptII/ptolemy/domains/continuous/test/auto/CausalityInterface9.xml (RunModel)" time="0.034" />
  <testcase classname="ptolemy.util.test.junit.AutoTests" name="[16] /home/travis/build/icyphy/ptII/ptolemy/domains/continuous/test/auto/CausalityInterfaceFeedback1.xml (RunModel)" time="0.033" />
  <testcase classname="ptolemy.util.test.junit.AutoTests" name="[17] /home/travis/build/icyphy/ptII/ptolemy/domains/continuous/test/auto/CausalityInterfaceFeedback2.xml (RunModel)" time="0.03" />
  <testcase classname="ptolemy.util.test.junit.AutoTests" name="[18] /home/travis/build/icyphy/ptII/ptolemy/domains/continuous/test/auto/CompareWithCurrentTime.xml (RunModel)" time="0.02" />
  <testcase classname="ptolemy.util.test.junit.AutoTests" name="[19] /home/travis/build/icyphy/ptII/ptolemy/domains/continuous/test/auto/ComparedClocks.xml (RunModel)" time="0.055" />
  <testcase classname="ptolemy.util.test.junit.AutoTests" name="[20] /home/travis/build/icyphy/ptII/ptolemy/domains/continuous/test/auto/ContinuousAOCClone.xml (RunModel)" time="2.679" />
  <testcase classname="ptolemy.util.test.junit.AutoTests" name="[21] /home/travis/build/icyphy/ptII/ptolemy/domains/continuous/test/auto/ContinuousClock.xml (RunModel)" time="0.063" />
  <testcase classname="ptolemy.util.test.junit.AutoTests" name="[22] /home/travis/build/icyphy/ptII/ptolemy/domains/continuous/test/auto/ContinuousInContinuous.xml (RunModel)" time="0.076" />
  <testcase classname="ptolemy.util.test.junit.AutoTests" name="[23] /home/travis/build/icyphy/ptII/ptolemy/domains/continuous/test/auto/ContinuousInContinuousInContinuous.xml (RunModel)" time="0.022" />
  <testcase classname="ptolemy.util.test.junit.AutoTests" name="[24] /home/travis/build/icyphy/ptII/ptolemy/domains/continuous/test/auto/ContinuousInDE.xml (RunModel)" time="0.107" />
  <testcase classname="ptolemy.util.test.junit.AutoTests" name="[25] /home/travis/build/icyphy/ptII/ptolemy/domains/continuous/test/auto/ContinuousInDE2.xml (RunModel)" time="0.048" />
  <testcase classname="ptolemy.util.test.junit.AutoTests" name="[26] /home/travis/build/icyphy/ptII/ptolemy/domains/continuous/test/auto/ContinuousInDE3.xml (RunModel)" time="0.055" />
  <testcase classname="ptolemy.util.test.junit.AutoTests" name="[27] /home/travis/build/icyphy/ptII/ptolemy/domains/continuous/test/auto/ContinuousInDE4.xml (RunModel)" time="0.023" />
  <testcase classname="ptolemy.util.test.junit.AutoTests" name="[28] /home/travis/build/icyphy/ptII/ptolemy/domains/continuous/test/auto/ContinuousInDEDifferentRefinements.xml (RunModel)" time="0.106" />
  <testcase classname="ptolemy.util.test.junit.AutoTests" name="[29] /home/travis/build/icyphy/ptII/ptolemy/domains/continuous/test/auto/ContinuousInDEDifferentRefinementsPreemptive.xml (RunModel)" time="0.092" />
  <testcase classname="ptolemy.util.test.junit.AutoTests" name="[30] /home/travis/build/icyphy/ptII/ptolemy/domains/continuous/test/auto/ContinuousInDEInContinuous2.xml (RunModel)" time="0.054" />
  <testcase classname="ptolemy.util.test.junit.AutoTests" name="[31] /home/travis/build/icyphy/ptII/ptolemy/domains/continuous/test/auto/ContinuousInDEInContinuous3.xml (RunModel)" time="0.05" />
  <testcase classname="ptolemy.util.test.junit.AutoTests" name="[32] /home/travis/build/icyphy/ptII/ptolemy/domains/continuous/test/auto/ContinuousInDEInput.xml (RunModel)" time="0.03" />
  <testcase classname="ptolemy.util.test.junit.AutoTests" name="[33] /home/travis/build/icyphy/ptII/ptolemy/domains/continuous/test/auto/ContinuousInDEInput2.xml (RunModel)" time="0.027" />
  <testcase classname="ptolemy.util.test.junit.AutoTests" name="[34] /home/travis/build/icyphy/ptII/ptolemy/domains/continuous/test/auto/ContinuousInDEInput3.xml (RunModel)" time="0.027" />
  <testcase classname="ptolemy.util.test.junit.AutoTests" name="[35] /home/travis/build/icyphy/ptII/ptolemy/domains/continuous/test/auto/ContinuousInDESharingRefinement.xml (RunModel)" time="0.154" />
  <testcase classname="ptolemy.util.test.junit.AutoTests" name="[36] /home/travis/build/icyphy/ptII/ptolemy/domains/continuous/test/auto/ContinuousInDEwithNoPorts.xml (RunModel)" time="0.014" />
  <testcase classname="ptolemy.util.test.junit.AutoTests" name="[37] /home/travis/build/icyphy/ptII/ptolemy/domains/continuous/test/auto/ContinuousInsideDE.xml (RunModel)" time="0.071" />
  <testcase classname="ptolemy.util.test.junit.AutoTests" name="[38] /home/travis/build/icyphy/ptII/ptolemy/domains/continuous/test/auto/ContinuousMerge1.xml (RunModel)" time="0.013" />
  <testcase classname="ptolemy.util.test.junit.AutoTests" name="[39] /home/travis/build/icyphy/ptII/ptolemy/domains/continuous/test/auto/ContinuousMerge2.xml (RunModel)" time="0.046" />
  <testcase classname="ptolemy.util.test.junit.AutoTests" name="[40] /home/travis/build/icyphy/ptII/ptolemy/domains/continuous/test/auto/ContinuousMerge3.xml (RunModel)" time="0.061" />
  <testcase classname="ptolemy.util.test.junit.AutoTests" name="[41] /home/travis/build/icyphy/ptII/ptolemy/domains/continuous/test/auto/ContinuousWithinContinuous.xml (RunModel)" time="0.048" />
  <testcase classname="ptolemy.util.test.junit.AutoTests" name="[42] /home/travis/build/icyphy/ptII/ptolemy/domains/continuous/test/auto/ContinuousWithinContinuous2.xml (RunModel)" time="0.075" />
  <testcase classname="ptolemy.util.test.junit.AutoTests" name="[43] /home/travis/build/icyphy/ptII/ptolemy/domains/continuous/test/auto/ContinuousWithinContinuous3.xml (RunModel)" time="0.033" />
  <testcase classname="ptolemy.util.test.junit.AutoTests" name="[44] /home/travis/build/icyphy/ptII/ptolemy/domains/continuous/test/auto/ContinuousWithinContinuous4.xml (RunModel)" time="0.093" />
  <testcase classname="ptolemy.util.test.junit.AutoTests" name="[45] /home/travis/build/icyphy/ptII/ptolemy/domains/continuous/test/auto/ContinuousWithinContinuous5.xml (RunModel)" time="0.033" />
  <testcase classname="ptolemy.util.test.junit.AutoTests" name="[46] /home/travis/build/icyphy/ptII/ptolemy/domains/continuous/test/auto/ContinuousWithinContinuous6.xml (RunModel)" time="0.03" />
  <testcase classname="ptolemy.util.test.junit.AutoTests" name="[47] /home/travis/build/icyphy/ptII/ptolemy/domains/continuous/test/auto/ContinuousWithinContinuous7.xml (RunModel)" time="0.075" />
  <testcase classname="ptolemy.util.test.junit.AutoTests" name="[48] /home/travis/build/icyphy/ptII/ptolemy/domains/continuous/test/auto/DCMotor.xml (RunModel)" time="13.317" />
  <testcase classname="ptolemy.util.test.junit.AutoTests" name="[49] /home/travis/build/icyphy/ptII/ptolemy/domains/continuous/test/auto/DEInContinuous.xml (RunModel)" time="0.042" />
  <testcase classname="ptolemy.util.test.junit.AutoTests" name="[50] /home/travis/build/icyphy/ptII/ptolemy/domains/continuous/test/auto/DEinContinuous2.xml (RunModel)" time="0.028" />
  <testcase classname="ptolemy.util.test.junit.AutoTests" name="[51] /home/travis/build/icyphy/ptII/ptolemy/domains/continuous/test/auto/Derivative.xml (RunModel)" time="0.207" />
  <testcase classname="ptolemy.util.test.junit.AutoTests" name="[52] /home/travis/build/icyphy/ptII/ptolemy/domains/continuous/test/auto/Derivative1.xml (RunModel)" time="0.058" />
  <testcase classname="ptolemy.util.test.junit.AutoTests" name="[53] /home/travis/build/icyphy/ptII/ptolemy/domains/continuous/test/auto/DiscreteClock.xml (RunModel)" time="0.012" />
  <testcase classname="ptolemy.util.test.junit.AutoTests" name="[54] /home/travis/build/icyphy/ptII/ptolemy/domains/continuous/test/auto/EfficiencyCurve.xml (RunModel)" time="0.096" />
  <testcase classname="ptolemy.util.test.junit.AutoTests" name="[55] /home/travis/build/icyphy/ptII/ptolemy/domains/continuous/test/auto/ExponentialResponse.xml (RunModel)" time="0.134" />
  <testcase classname="ptolemy.util.test.junit.AutoTests" name="[56] /home/travis/build/icyphy/ptII/ptolemy/domains/continuous/test/auto/ExponentialResponseRK45.xml (RunModel)" time="0.041" />
  <testcase classname="ptolemy.util.test.junit.AutoTests" name="[57] /home/travis/build/icyphy/ptII/ptolemy/domains/continuous/test/auto/Friction.xml (RunModel)" time="1.611" />
  <testcase classname="ptolemy.util.test.junit.AutoTests" name="[58] /home/travis/build/icyphy/ptII/ptolemy/domains/continuous/test/auto/FurutaPendulum.xml (RunModel)" time="3.017" />
  <testcase classname="ptolemy.util.test.junit.AutoTests" name="[59] /home/travis/build/icyphy/ptII/ptolemy/domains/continuous/test/auto/HierarchicalExecution.xml (RunModel)" time="1.947" />
  <testcase classname="ptolemy.util.test.junit.AutoTests" name="[60] /home/travis/build/icyphy/ptII/ptolemy/domains/continuous/test/auto/HybridPlant.xml (RunModel)" time="0.528" />
  <testcase classname="ptolemy.util.test.junit.AutoTests" name="[61] /home/travis/build/icyphy/ptII/ptolemy/domains/continuous/test/auto/Hysteresis.xml (RunModel)" time="0.188" />
  <testcase classname="ptolemy.util.test.junit.AutoTests" name="[62] /home/travis/build/icyphy/ptII/ptolemy/domains/continuous/test/auto/HysteresisWithRandomDelay.xml (RunModel)" time="0.22" />
  <testcase classname="ptolemy.util.test.junit.AutoTests" name="[63] /home/travis/build/icyphy/ptII/ptolemy/domains/continuous/test/auto/HysteresisWithRandomLosses.xml (RunModel)" time="2.37" />
  <testcase classname="ptolemy.util.test.junit.AutoTests" name="[64] /home/travis/build/icyphy/ptII/ptolemy/domains/continuous/test/auto/ImmediateTransitions.xml (RunModel)" time="0.026" />
  <testcase classname="ptolemy.util.test.junit.AutoTests" name="[65] /home/travis/build/icyphy/ptII/ptolemy/domains/continuous/test/auto/ImpulseFeedback.xml (RunModel)" time="0.018" />
  <testcase classname="ptolemy.util.test.junit.AutoTests" name="[66] /home/travis/build/icyphy/ptII/ptolemy/domains/continuous/test/auto/ImpulseFeedback2.xml (RunModel)" time="0.015" />
  <testcase classname="ptolemy.util.test.junit.AutoTests" name="[67] /home/travis/build/icyphy/ptII/ptolemy/domains/continuous/test/auto/IncreasingRatePoisson.xml (RunModel)" time="0.638" />
  <testcase classname="ptolemy.util.test.junit.AutoTests" name="[68] /home/travis/build/icyphy/ptII/ptolemy/domains/continuous/test/auto/InitialStateFeedback.xml (RunModel)" time="0.015" />
  <testcase classname="ptolemy.util.test.junit.AutoTests" name="[69] /home/travis/build/icyphy/ptII/ptolemy/domains/continuous/test/auto/Integration.xml (RunModel)" time="0.007" />
  <testcase classname="ptolemy.util.test.junit.AutoTests" name="[70] /home/travis/build/icyphy/ptII/ptolemy/domains/continuous/test/auto/Integration2.xml (RunModel)" time="0.079" />
  <testcase classname="ptolemy.util.test.junit.AutoTests" name="[71] /home/travis/build/icyphy/ptII/ptolemy/domains/continuous/test/auto/Integration3.xml (RunModel)" time="0.013" />
  <testcase classname="ptolemy.util.test.junit.AutoTests" name="[72] /home/travis/build/icyphy/ptII/ptolemy/domains/continuous/test/auto/Integration5.xml (RunModel)" time="0.009" />
  <testcase classname="ptolemy.util.test.junit.AutoTests" name="[73] /home/travis/build/icyphy/ptII/ptolemy/domains/continuous/test/auto/IntegratorImpulse.xml (RunModel)" time="0.015" />
  <testcase classname="ptolemy.util.test.junit.AutoTests" name="[74] /home/travis/build/icyphy/ptII/ptolemy/domains/continuous/test/auto/IntegratorImpulse2.xml (RunModel)" time="0.01" />
  <testcase classname="ptolemy.util.test.junit.AutoTests" name="[75] /home/travis/build/icyphy/ptII/ptolemy/domains/continuous/test/auto/LevelCrossing1.xml (RunModel)" time="0.01" />
  <testcase classname="ptolemy.util.test.junit.AutoTests" name="[76] /home/travis/build/icyphy/ptII/ptolemy/domains/continuous/test/auto/LevelCrossing2.xml (RunModel)" time="0.015" />
  <testcase classname="ptolemy.util.test.junit.AutoTests" name="[77] /home/travis/build/icyphy/ptII/ptolemy/domains/continuous/test/auto/LevelCrossing3.xml (RunModel)" time="0.011" />
  <testcase classname="ptolemy.util.test.junit.AutoTests" name="[78] /home/travis/build/icyphy/ptII/ptolemy/domains/continuous/test/auto/LevelCrossing4.xml (RunModel)" time="0.012" />
  <testcase classname="ptolemy.util.test.junit.AutoTests" name="[79] /home/travis/build/icyphy/ptII/ptolemy/domains/continuous/test/auto/LevelCrossing5.xml (RunModel)" time="0.018" />
  <testcase classname="ptolemy.util.test.junit.AutoTests" name="[80] /home/travis/build/icyphy/ptII/ptolemy/domains/continuous/test/auto/LevelCrossing6.xml (RunModel)" time="0.014" />
  <testcase classname="ptolemy.util.test.junit.AutoTests" name="[81] /home/travis/build/icyphy/ptII/ptolemy/domains/continuous/test/auto/LevelCrossingDetector.xml (RunModel)" time="0.038" />
  <testcase classname="ptolemy.util.test.junit.AutoTests" name="[82] /home/travis/build/icyphy/ptII/ptolemy/domains/continuous/test/auto/LevelCrossingDetectorDetectingDirections.xml (RunModel)" time="0.087" />
  <testcase classname="ptolemy.util.test.junit.AutoTests" name="[83] /home/travis/build/icyphy/ptII/ptolemy/domains/continuous/test/auto/LevelCrossingDetectorDetectsGlitches.xml (RunModel)" time="0.056" />
  <testcase classname="ptolemy.util.test.junit.AutoTests" name="[84] /home/travis/build/icyphy/ptII/ptolemy/domains/continuous/test/auto/LevelCrossingNoInitialOuput.xml (RunModel)" time="0.012" />
  <testcase classname="ptolemy.util.test.junit.AutoTests" name="[85] /home/travis/build/icyphy/ptII/ptolemy/domains/continuous/test/auto/LinearStateSpaceExample.xml (RunModel)" time="0.062" />
  <testcase classname="ptolemy.util.test.junit.AutoTests" name="[86] /home/travis/build/icyphy/ptII/ptolemy/domains/continuous/test/auto/Lorenz.xml (RunModel)" time="3.284" />
  <testcase classname="ptolemy.util.test.junit.AutoTests" name="[87] /home/travis/build/icyphy/ptII/ptolemy/domains/continuous/test/auto/LorenzDifferentialSystem.xml (RunModel)" time="0.838" />
  <testcase classname="ptolemy.util.test.junit.AutoTests" name="[88] /home/travis/build/icyphy/ptII/ptolemy/domains/continuous/test/auto/LorenzDifferentialSystemWithInput.xml (RunModel)" time="1.21" />
  <testcase classname="ptolemy.util.test.junit.AutoTests" name="[89] /home/travis/build/icyphy/ptII/ptolemy/domains/continuous/test/auto/LorenzDifferentialSystemWithTime.xml (RunModel)" time="0.692" />
  <testcase classname="ptolemy.util.test.junit.AutoTests" name="[90] /home/travis/build/icyphy/ptII/ptolemy/domains/continuous/test/auto/Microsteps.xml (RunModel)" time="0.033" />
  <testcase classname="ptolemy.util.test.junit.AutoTests" name="[91] /home/travis/build/icyphy/ptII/ptolemy/domains/continuous/test/auto/Modal1.xml (RunModel)" time="0.038" />
  <testcase classname="ptolemy.util.test.junit.AutoTests" name="[92] /home/travis/build/icyphy/ptII/ptolemy/domains/continuous/test/auto/Modal2.xml (RunModel)" time="0.033" />
  <testcase classname="ptolemy.util.test.junit.AutoTests" name="[93] /home/travis/build/icyphy/ptII/ptolemy/domains/continuous/test/auto/ModalTransitionGuardWithReset.xml (RunModel)" time="0.023" />
  <testcase classname="ptolemy.util.test.junit.AutoTests" name="[94] /home/travis/build/icyphy/ptII/ptolemy/domains/continuous/test/auto/ModalTransitionGuardWithResetUsingPreemptiveTransition.xml (RunModel)" time="0.027" />
  <testcase classname="ptolemy.util.test.junit.AutoTests" name="[95] /home/travis/build/icyphy/ptII/ptolemy/domains/continuous/test/auto/ModalTransitionGuardWithResetUsingPreemptiveTransition2.xml (RunModel)" time="0.029" />
  <testcase classname="ptolemy.util.test.junit.AutoTests" name="[96] /home/travis/build/icyphy/ptII/ptolemy/domains/continuous/test/auto/ModalTransitionGuardWithResetUsingPreemptiveTransition3.xml (RunModel)" time="0.025" />
  <testcase classname="ptolemy.util.test.junit.AutoTests" name="[97] /home/travis/build/icyphy/ptII/ptolemy/domains/continuous/test/auto/NewtonsCradle.xml (RunModel)" time="0.695" />
  <testcase classname="ptolemy.util.test.junit.AutoTests" name="[98] /home/travis/build/icyphy/ptII/ptolemy/domains/continuous/test/auto/NewtonsCradleAnimated.xml (RunModel)" time="1.079" />
  <testcase classname="ptolemy.util.test.junit.AutoTests" name="[99] /home/travis/build/icyphy/ptII/ptolemy/domains/continuous/test/auto/NewtonsCradleComplicated.xml (RunModel)" time="0.89" />
  <testcase classname="ptolemy.util.test.junit.AutoTests" name="[100] /home/travis/build/icyphy/ptII/ptolemy/domains/continuous/test/auto/NewtonsCradleNondeterministic.xml (RunModel)" time="0.767" />
  <testcase classname="ptolemy.util.test.junit.AutoTests" name="[101] /home/travis/build/icyphy/ptII/ptolemy/domains/continuous/test/auto/NewtonsCradlePerfectlyInelastic1.xml (RunModel)" time="1.147" />
  <testcase classname="ptolemy.util.test.junit.AutoTests" name="[102] /home/travis/build/icyphy/ptII/ptolemy/domains/continuous/test/auto/Noise.xml (RunModel)" time="0.177" />
  <testcase classname="ptolemy.util.test.junit.AutoTests" name="[103] /home/travis/build/icyphy/ptII/ptolemy/domains/continuous/test/auto/NoiseSpectrum.xml (RunModel)" time="0.656" />
  <testcase classname="ptolemy.util.test.junit.AutoTests" name="[104] /home/travis/build/icyphy/ptII/ptolemy/domains/continuous/test/auto/ParameterizedNewtonsCradleAnimated.xml (RunModel)" time="0.339" />
  <testcase classname="ptolemy.util.test.junit.AutoTests" name="[105] /home/travis/build/icyphy/ptII/ptolemy/domains/continuous/test/auto/ParameterizedNewtonsCradleAnimatedNondeterministic.xml (RunModel)" time="1.077" />
  <testcase classname="ptolemy.util.test.junit.AutoTests" name="[106] /home/travis/build/icyphy/ptII/ptolemy/domains/continuous/test/auto/Pendulum3D.xml (RunModel)" time="0.252" />
  <testcase classname="ptolemy.util.test.junit.AutoTests" name="[107] /home/travis/build/icyphy/ptII/ptolemy/domains/continuous/test/auto/PeriodicSampler.xml (RunModel)" time="0.037" />
  <testcase classname="ptolemy.util.test.junit.AutoTests" name="[108] /home/travis/build/icyphy/ptII/ptolemy/domains/continuous/test/auto/PeriodicSampler1.xml (RunModel)" time="0.046" />
  <testcase classname="ptolemy.util.test.junit.AutoTests" name="[109] /home/travis/build/icyphy/ptII/ptolemy/domains/continuous/test/auto/PeriodicSampler2.xml (RunModel)" time="0.084" />
  <testcase classname="ptolemy.util.test.junit.AutoTests" name="[110] /home/travis/build/icyphy/ptII/ptolemy/domains/continuous/test/auto/Poisson.xml (RunModel)" time="0.526" />
  <testcase classname="ptolemy.util.test.junit.AutoTests" name="[111] /home/travis/build/icyphy/ptII/ptolemy/domains/continuous/test/auto/PoissonClock.xml (RunModel)" time="0.019" />
  <testcase classname="ptolemy.util.test.junit.AutoTests" name="[112] /home/travis/build/icyphy/ptII/ptolemy/domains/continuous/test/auto/PoissonClock2.xml (RunModel)" time="0.013" />
  <testcase classname="ptolemy.util.test.junit.AutoTests" name="[113] /home/travis/build/icyphy/ptII/ptolemy/domains/continuous/test/auto/PortParameterHierarchy.xml (RunModel)" time="0.029" />
  <testcase classname="ptolemy.util.test.junit.AutoTests" name="[114] /home/travis/build/icyphy/ptII/ptolemy/domains/continuous/test/auto/RandomHybridPlant.xml (RunModel)" time="0.55" />
  <testcase classname="ptolemy.util.test.junit.AutoTests" name="[115] /home/travis/build/icyphy/ptII/ptolemy/domains/continuous/test/auto/ResetTransitionWithStartTime1.xml (RunModel)" time="0.04" />
  <testcase classname="ptolemy.util.test.junit.AutoTests" name="[116] /home/travis/build/icyphy/ptII/ptolemy/domains/continuous/test/auto/ResetTransitionWithStartTime2.xml (RunModel)" time="0.032" />
  <testcase classname="ptolemy.util.test.junit.AutoTests" name="[117] /home/travis/build/icyphy/ptII/ptolemy/domains/continuous/test/auto/ResetTransitionWithStartTime3.xml (RunModel)" time="0.035" />
  <testcase classname="ptolemy.util.test.junit.AutoTests" name="[118] /home/travis/build/icyphy/ptII/ptolemy/domains/continuous/test/auto/ResetTransitionWithStartTime4.xml (RunModel)" time="0.024" />
  <testcase classname="ptolemy.util.test.junit.AutoTests" name="[119] /home/travis/build/icyphy/ptII/ptolemy/domains/continuous/test/auto/ResetTransitionWithStartTime5.xml (RunModel)" time="0.036" />
  <testcase classname="ptolemy.util.test.junit.AutoTests" name="[120] /home/travis/build/icyphy/ptII/ptolemy/domains/continuous/test/auto/ResetTransitionWithStartTime6.xml (RunModel)" time="0.039" />
  <testcase classname="ptolemy.util.test.junit.AutoTests" name="[121] /home/travis/build/icyphy/ptII/ptolemy/domains/continuous/test/auto/SRinContinuous.xml (RunModel)" time="0.02" />
  <testcase classname="ptolemy.util.test.junit.AutoTests" name="[122] /home/travis/build/icyphy/ptII/ptolemy/domains/continuous/test/auto/SampledClocks.xml (RunModel)" time="0.028" />
  <testcase classname="ptolemy.util.test.junit.AutoTests" name="[123] /home/travis/build/icyphy/ptII/ptolemy/domains/continuous/test/auto/Satellite.xml (RunModel)" time="0.678" />
  <testcase classname="ptolemy.util.test.junit.AutoTests" name="[124] /home/travis/build/icyphy/ptII/ptolemy/domains/continuous/test/auto/SigmaDelta.xml (RunModel)" time="2.006" />
  <testcase classname="ptolemy.util.test.junit.AutoTests" name="[125] /home/travis/build/icyphy/ptII/ptolemy/domains/continuous/test/auto/SingleRefinement.xml (RunModel)" time="0.414" />
  <testcase classname="ptolemy.util.test.junit.AutoTests" name="[126] /home/travis/build/icyphy/ptII/ptolemy/domains/continuous/test/auto/SinuBouncingBall.xml (RunModel)" time="0.831" />
  <testcase classname="ptolemy.util.test.junit.AutoTests" name="[127] /home/travis/build/icyphy/ptII/ptolemy/domains/continuous/test/auto/Sinusoid.xml (RunModel)" time="0.017" />
  <testcase classname="ptolemy.util.test.junit.AutoTests" name="[128] /home/travis/build/icyphy/ptII/ptolemy/domains/continuous/test/auto/SinusoidInNoise.xml (RunModel)" time="0.863" />
  <testcase classname="ptolemy.util.test.junit.AutoTests" name="[129] /home/travis/build/icyphy/ptII/ptolemy/domains/continuous/test/auto/SinusoidRK45.xml (RunModel)" time="0.009" />
  <testcase classname="ptolemy.util.test.junit.AutoTests" name="[130] /home/travis/build/icyphy/ptII/ptolemy/domains/continuous/test/auto/SinusoidWithMultipleImpulses.xml (RunModel)" time="0.008" />
  <testcase classname="ptolemy.util.test.junit.AutoTests" name="[131] /home/travis/build/icyphy/ptII/ptolemy/domains/continuous/test/auto/SquareWave.xml (RunModel)" time="0.153" />
  <testcase classname="ptolemy.util.test.junit.AutoTests" name="[132] /home/travis/build/icyphy/ptII/ptolemy/domains/continuous/test/auto/Starmac.xml (RunModel)" time="3.369" />
  <testcase classname="ptolemy.util.test.junit.AutoTests" name="[133] /home/travis/build/icyphy/ptII/ptolemy/domains/continuous/test/auto/StaticUnits.xml (RunModel)" time="2.136" />
  <testcase classname="ptolemy.util.test.junit.AutoTests" name="[134] /home/travis/build/icyphy/ptII/ptolemy/domains/continuous/test/auto/StickyMasses.xml (RunModel)" time="0.179" />
  <testcase classname="ptolemy.util.test.junit.AutoTests" name="[135] /home/travis/build/icyphy/ptII/ptolemy/domains/continuous/test/auto/StopTime.xml (RunModel)" time="0.054" />
  <testcase classname="ptolemy.util.test.junit.AutoTests" name="[136] /home/travis/build/icyphy/ptII/ptolemy/domains/continuous/test/auto/StopTime2.xml (RunModel)" time="0.047" />
  <testcase classname="ptolemy.util.test.junit.AutoTests" name="[137] /home/travis/build/icyphy/ptII/ptolemy/domains/continuous/test/auto/Switch.xml (RunModel)" time="0.058" />
  <testcase classname="ptolemy.util.test.junit.AutoTests" name="[138] /home/travis/build/icyphy/ptII/ptolemy/domains/continuous/test/auto/Thermostat.xml (RunModel)" time="0.215" />
  <testcase classname="ptolemy.util.test.junit.AutoTests" name="[139] /home/travis/build/icyphy/ptII/ptolemy/domains/continuous/test/auto/TimeDelay.xml (RunModel)" time="0.013" />
  <testcase classname="ptolemy.util.test.junit.AutoTests" name="[140] /home/travis/build/icyphy/ptII/ptolemy/domains/continuous/test/auto/TimeDelay2.xml (RunModel)" time="0.022" />
  <testcase classname="ptolemy.util.test.junit.AutoTests" name="[141] /home/travis/build/icyphy/ptII/ptolemy/domains/continuous/test/auto/TimeDelay3.xml (RunModel)" time="0.012" />
  <testcase classname="ptolemy.util.test.junit.AutoTests" name="[142] /home/travis/build/icyphy/ptII/ptolemy/domains/continuous/test/auto/TransferAbsentToInside.xml (RunModel)" time="0.091" />
  <testcase classname="ptolemy.util.test.junit.AutoTests" name="[143] /home/travis/build/icyphy/ptII/ptolemy/domains/continuous/test/auto/Transmission.xml (RunModel)" time="0.747" />
  <testcase classname="ptolemy.util.test.junit.AutoTests" name="[144] /home/travis/build/icyphy/ptII/ptolemy/domains/continuous/test/auto/TriggeredContinuousClock.xml (RunModel)" time="0.061" />
  <testcase classname="ptolemy.util.test.junit.AutoTests" name="[145] /home/travis/build/icyphy/ptII/ptolemy/domains/continuous/test/auto/TwoMachineInfiniteBusControl.xml (RunModel)" time="2.682" />
  <testcase classname="ptolemy.util.test.junit.AutoTests" name="[146] /home/travis/build/icyphy/ptII/ptolemy/domains/continuous/test/auto/V2V.xml (RunModel)" time="0.841" />
  <testcase classname="ptolemy.util.test.junit.AutoTests" name="[147] /home/travis/build/icyphy/ptII/ptolemy/domains/continuous/test/auto/hierarchicalModalModel.xml (RunModel)" time="0.05" />
  <testcase classname="ptolemy.util.test.junit.AutoTests" name="[148] /home/travis/build/icyphy/ptII/ptolemy/domains/continuous/test/auto/hierarchicalModalModel1.xml (RunModel)" time="0.026" />
  <testcase classname="ptolemy.util.test.junit.AutoTests" name="[149] /home/travis/build/icyphy/ptII/ptolemy/domains/continuous/test/auto/hierarchicalModalModel2.xml (RunModel)" time="0.025" />
  <testcase classname="ptolemy.util.test.junit.AutoTests" name="[150] /home/travis/build/icyphy/ptII/ptolemy/domains/continuous/test/auto/hierarchicalModalModel3.xml (RunModel)" time="0.022" />
  <testcase classname="ptolemy.util.test.junit.AutoTests" name="[151] /home/travis/build/icyphy/ptII/ptolemy/domains/continuous/test/auto/hierarchicalModalModel4.xml (RunModel)" time="0.025" />
  <testcase classname="ptolemy.util.test.junit.AutoTests" name="[152] /home/travis/build/icyphy/ptII/ptolemy/domains/continuous/test/auto/junk.xml (RunModel)" time="0.134" />
  <system-out><![CDATA[No tcl tests in /home/travis/build/icyphy/ptII/ptolemy/domains/continuous/test
No auto/knownFailedTests/*.xml tests in /home/travis/build/icyphy/ptII/ptolemy/domains/continuous/test
No auto/linux-amd64/*.xml tests in /home/travis/build/icyphy/ptII/ptolemy/domains/continuous/test
AutoTests.java: About to close Vertx.
AutoTests.java: Vertx closed.

===========================================================================================
----------------- testing Wed Jun 17 14:40:35 UTC 2020 /home/travis/build/icyphy/ptII/ptolemy/domains/continuous/test/auto/BouncingBall.xml
----------------- Instantiating /home/travis/build/icyphy/ptII/ptolemy/domains/continuous/test/auto/BouncingBall.xml
2379 ms. Memory: 129024K Free: 56502K (44%)
----------------- Invoking toplevel() on ptolemy.moml.MoMLSimpleApplication@4244b7f
----------------- Done invoking toplevel() on ptolemy.moml.MoMLSimpleApplication@4244b7f
reloadAllAccessors: .BouncingBall

===========================================================================================
----------------- testing Wed Jun 17 14:40:38 UTC 2020 /home/travis/build/icyphy/ptII/ptolemy/domains/continuous/test/auto/BouncingBallWithoutGR.xml
----------------- Instantiating /home/travis/build/icyphy/ptII/ptolemy/domains/continuous/test/auto/BouncingBallWithoutGR.xml
771 ms. Memory: 155648K Free: 128624K (83%)
----------------- Invoking toplevel() on ptolemy.moml.MoMLSimpleApplication@27c27777
----------------- Done invoking toplevel() on ptolemy.moml.MoMLSimpleApplication@27c27777
reloadAllAccessors: .BouncingBallWithoutGR

===========================================================================================
----------------- testing Wed Jun 17 14:40:39 UTC 2020 /home/travis/build/icyphy/ptII/ptolemy/domains/continuous/test/auto/Brownian.xml
----------------- Instantiating /home/travis/build/icyphy/ptII/ptolemy/domains/continuous/test/auto/Brownian.xml
21 ms. Memory: 155648K Free: 119918K (77%)
----------------- Invoking toplevel() on ptolemy.moml.MoMLSimpleApplication@26bab526
----------------- Done invoking toplevel() on ptolemy.moml.MoMLSimpleApplication@26bab526
reloadAllAccessors: .Brownian

===========================================================================================
----------------- testing Wed Jun 17 14:40:39 UTC 2020 /home/travis/build/icyphy/ptII/ptolemy/domains/continuous/test/auto/CarTracking.xml
----------------- Instantiating /home/travis/build/icyphy/ptII/ptolemy/domains/continuous/test/auto/CarTracking.xml
3441 ms. Memory: 187392K Free: 111334K (59%)
----------------- Invoking toplevel() on ptolemy.moml.MoMLSimpleApplication@16820e92
----------------- Done invoking toplevel() on ptolemy.moml.MoMLSimpleApplication@16820e92
reloadAllAccessors: .CarTracking

===========================================================================================
----------------- testing Wed Jun 17 14:40:43 UTC 2020 /home/travis/build/icyphy/ptII/ptolemy/domains/continuous/test/auto/CartPendulum.xml
----------------- Instantiating /home/travis/build/icyphy/ptII/ptolemy/domains/continuous/test/auto/CartPendulum.xml
376 ms. Memory: 225280K Free: 167716K (74%)
----------------- Invoking toplevel() on ptolemy.moml.MoMLSimpleApplication@367e2300
----------------- Done invoking toplevel() on ptolemy.moml.MoMLSimpleApplication@367e2300
reloadAllAccessors: .CartPendulum

===========================================================================================
----------------- testing Wed Jun 17 14:40:44 UTC 2020 /home/travis/build/icyphy/ptII/ptolemy/domains/continuous/test/auto/CausalityInterface10.xml
----------------- Instantiating /home/travis/build/icyphy/ptII/ptolemy/domains/continuous/test/auto/CausalityInterface10.xml
14 ms. Memory: 225280K Free: 156966K (70%)
----------------- Invoking toplevel() on ptolemy.moml.MoMLSimpleApplication@4ea74871
----------------- Done invoking toplevel() on ptolemy.moml.MoMLSimpleApplication@4ea74871
reloadAllAccessors: .CausalityInterface10

===========================================================================================
----------------- testing Wed Jun 17 14:40:44 UTC 2020 /home/travis/build/icyphy/ptII/ptolemy/domains/continuous/test/auto/CausalityInterface11.xml
----------------- Instantiating /home/travis/build/icyphy/ptII/ptolemy/domains/continuous/test/auto/CausalityInterface11.xml
4 ms. Memory: 225280K Free: 150822K (67%)
----------------- Invoking toplevel() on ptolemy.moml.MoMLSimpleApplication@4b2e60dd
----------------- Done invoking toplevel() on ptolemy.moml.MoMLSimpleApplication@4b2e60dd
reloadAllAccessors: .CausalityInterface11

===========================================================================================
----------------- testing Wed Jun 17 14:40:44 UTC 2020 /home/travis/build/icyphy/ptII/ptolemy/domains/continuous/test/auto/CausalityInterface12.xml
----------------- Instantiating /home/travis/build/icyphy/ptII/ptolemy/domains/continuous/test/auto/CausalityInterface12.xml
4 ms. Memory: 225280K Free: 144678K (64%)
----------------- Invoking toplevel() on ptolemy.moml.MoMLSimpleApplication@73d93738
----------------- Done invoking toplevel() on ptolemy.moml.MoMLSimpleApplication@73d93738
reloadAllAccessors: .CausalityInterface12

===========================================================================================
----------------- testing Wed Jun 17 14:40:44 UTC 2020 /home/travis/build/icyphy/ptII/ptolemy/domains/continuous/test/auto/CausalityInterface13.xml
----------------- Instantiating /home/travis/build/icyphy/ptII/ptolemy/domains/continuous/test/auto/CausalityInterface13.xml
13 ms. Memory: 225280K Free: 138534K (61%)
----------------- Invoking toplevel() on ptolemy.moml.MoMLSimpleApplication@182706cc
----------------- Done invoking toplevel() on ptolemy.moml.MoMLSimpleApplication@182706cc
reloadAllAccessors: .CausalityInterface13

===========================================================================================
----------------- testing Wed Jun 17 14:40:44 UTC 2020 /home/travis/build/icyphy/ptII/ptolemy/domains/continuous/test/auto/CausalityInterface14.xml
----------------- Instantiating /home/travis/build/icyphy/ptII/ptolemy/domains/continuous/test/auto/CausalityInterface14.xml
4 ms. Memory: 225280K Free: 132870K (59%)
----------------- Invoking toplevel() on ptolemy.moml.MoMLSimpleApplication@69288c2a
----------------- Done invoking toplevel() on ptolemy.moml.MoMLSimpleApplication@69288c2a
reloadAllAccessors: .CausalityInterface14

===========================================================================================
----------------- testing Wed Jun 17 14:40:44 UTC 2020 /home/travis/build/icyphy/ptII/ptolemy/domains/continuous/test/auto/CausalityInterface4.xml
----------------- Instantiating /home/travis/build/icyphy/ptII/ptolemy/domains/continuous/test/auto/CausalityInterface4.xml
4 ms. Memory: 225280K Free: 126246K (56%)
----------------- Invoking toplevel() on ptolemy.moml.MoMLSimpleApplication@40fa2887
----------------- Done invoking toplevel() on ptolemy.moml.MoMLSimpleApplication@40fa2887
reloadAllAccessors: .CausalityInterface4

===========================================================================================
----------------- testing Wed Jun 17 14:40:44 UTC 2020 /home/travis/build/icyphy/ptII/ptolemy/domains/continuous/test/auto/CausalityInterface5.xml
----------------- Instantiating /home/travis/build/icyphy/ptII/ptolemy/domains/continuous/test/auto/CausalityInterface5.xml
9 ms. Memory: 225280K Free: 117540K (52%)
----------------- Invoking toplevel() on ptolemy.moml.MoMLSimpleApplication@5e34a016
----------------- Done invoking toplevel() on ptolemy.moml.MoMLSimpleApplication@5e34a016
reloadAllAccessors: .CausalityInterface5

===========================================================================================
----------------- testing Wed Jun 17 14:40:44 UTC 2020 /home/travis/build/icyphy/ptII/ptolemy/domains/continuous/test/auto/CausalityInterface6.xml
----------------- Instantiating /home/travis/build/icyphy/ptII/ptolemy/domains/continuous/test/auto/CausalityInterface6.xml
5 ms. Memory: 225280K Free: 112420K (50%)
----------------- Invoking toplevel() on ptolemy.moml.MoMLSimpleApplication@4c1613ab
----------------- Done invoking toplevel() on ptolemy.moml.MoMLSimpleApplication@4c1613ab
reloadAllAccessors: .CausalityInterface6

===========================================================================================
----------------- testing Wed Jun 17 14:40:44 UTC 2020 /home/travis/build/icyphy/ptII/ptolemy/domains/continuous/test/auto/CausalityInterface7.xml
----------------- Instantiating /home/travis/build/icyphy/ptII/ptolemy/domains/continuous/test/auto/CausalityInterface7.xml
7 ms. Memory: 225280K Free: 103718K (46%)
----------------- Invoking toplevel() on ptolemy.moml.MoMLSimpleApplication@54af0095
----------------- Done invoking toplevel() on ptolemy.moml.MoMLSimpleApplication@54af0095
reloadAllAccessors: .CausalityInterface7

===========================================================================================
----------------- testing Wed Jun 17 14:40:44 UTC 2020 /home/travis/build/icyphy/ptII/ptolemy/domains/continuous/test/auto/CausalityInterface8.xml
----------------- Instantiating /home/travis/build/icyphy/ptII/ptolemy/domains/continuous/test/auto/CausalityInterface8.xml
5 ms. Memory: 225280K Free: 94502K (42%)
----------------- Invoking toplevel() on ptolemy.moml.MoMLSimpleApplication@4da44c3c
----------------- Done invoking toplevel() on ptolemy.moml.MoMLSimpleApplication@4da44c3c
reloadAllAccessors: .CausalityInterface8

===========================================================================================
----------------- testing Wed Jun 17 14:40:44 UTC 2020 /home/travis/build/icyphy/ptII/ptolemy/domains/continuous/test/auto/CausalityInterface9.xml
----------------- Instantiating /home/travis/build/icyphy/ptII/ptolemy/domains/continuous/test/auto/CausalityInterface9.xml
6 ms. Memory: 225280K Free: 83748K (37%)
----------------- Invoking toplevel() on ptolemy.moml.MoMLSimpleApplication@3e6cee5
----------------- Done invoking toplevel() on ptolemy.moml.MoMLSimpleApplication@3e6cee5
reloadAllAccessors: .CausalityInterface9

===========================================================================================
----------------- testing Wed Jun 17 14:40:44 UTC 2020 /home/travis/build/icyphy/ptII/ptolemy/domains/continuous/test/auto/CausalityInterfaceFeedback1.xml
----------------- Instantiating /home/travis/build/icyphy/ptII/ptolemy/domains/continuous/test/auto/CausalityInterfaceFeedback1.xml
4 ms. Memory: 225280K Free: 208448K (93%)
----------------- Invoking toplevel() on ptolemy.moml.MoMLSimpleApplication@67bc8fcd
----------------- Done invoking toplevel() on ptolemy.moml.MoMLSimpleApplication@67bc8fcd
reloadAllAccessors: .CausalityInterfaceFeedback1

===========================================================================================
----------------- testing Wed Jun 17 14:40:44 UTC 2020 /home/travis/build/icyphy/ptII/ptolemy/domains/continuous/test/auto/CausalityInterfaceFeedback2.xml
----------------- Instantiating /home/travis/build/icyphy/ptII/ptolemy/domains/continuous/test/auto/CausalityInterfaceFeedback2.xml
9 ms. Memory: 225280K Free: 201790K (90%)
----------------- Invoking toplevel() on ptolemy.moml.MoMLSimpleApplication@7d2f2596
----------------- Done invoking toplevel() on ptolemy.moml.MoMLSimpleApplication@7d2f2596
reloadAllAccessors: .CausalityInterfaceFeedback2

===========================================================================================
----------------- testing Wed Jun 17 14:40:44 UTC 2020 /home/travis/build/icyphy/ptII/ptolemy/domains/continuous/test/auto/CompareWithCurrentTime.xml
----------------- Instantiating /home/travis/build/icyphy/ptII/ptolemy/domains/continuous/test/auto/CompareWithCurrentTime.xml
3 ms. Memory: 225280K Free: 197694K (88%)
----------------- Invoking toplevel() on ptolemy.moml.MoMLSimpleApplication@353c7b23
----------------- Done invoking toplevel() on ptolemy.moml.MoMLSimpleApplication@353c7b23
reloadAllAccessors: .CompareWithCurrentTime

===========================================================================================
----------------- testing Wed Jun 17 14:40:44 UTC 2020 /home/travis/build/icyphy/ptII/ptolemy/domains/continuous/test/auto/ComparedClocks.xml
----------------- Instantiating /home/travis/build/icyphy/ptII/ptolemy/domains/continuous/test/auto/ComparedClocks.xml
7 ms. Memory: 225280K Free: 182320K (81%)
----------------- Invoking toplevel() on ptolemy.moml.MoMLSimpleApplication@28cf1a64
----------------- Done invoking toplevel() on ptolemy.moml.MoMLSimpleApplication@28cf1a64
reloadAllAccessors: .ComparedClocks

===========================================================================================
----------------- testing Wed Jun 17 14:40:44 UTC 2020 /home/travis/build/icyphy/ptII/ptolemy/domains/continuous/test/auto/ContinuousAOCClone.xml
----------------- Instantiating /home/travis/build/icyphy/ptII/ptolemy/domains/continuous/test/auto/ContinuousAOCClone.xml
2444 ms. Memory: 225280K Free: 178267K (79%)
----------------- Invoking toplevel() on ptolemy.moml.MoMLSimpleApplication@3f8d1eff
----------------- Done invoking toplevel() on ptolemy.moml.MoMLSimpleApplication@3f8d1eff
reloadAllAccessors: .ContinuousAOCClone

===========================================================================================
----------------- testing Wed Jun 17 14:40:47 UTC 2020 /home/travis/build/icyphy/ptII/ptolemy/domains/continuous/test/auto/ContinuousClock.xml
----------------- Instantiating /home/travis/build/icyphy/ptII/ptolemy/domains/continuous/test/auto/ContinuousClock.xml
29 ms. Memory: 225280K Free: 156267K (69%)
----------------- Invoking toplevel() on ptolemy.moml.MoMLSimpleApplication@2631aa52
----------------- Done invoking toplevel() on ptolemy.moml.MoMLSimpleApplication@2631aa52
reloadAllAccessors: .ContinuousClock

===========================================================================================
----------------- testing Wed Jun 17 14:40:47 UTC 2020 /home/travis/build/icyphy/ptII/ptolemy/domains/continuous/test/auto/ContinuousInContinuous.xml
----------------- Instantiating /home/travis/build/icyphy/ptII/ptolemy/domains/continuous/test/auto/ContinuousInContinuous.xml
37 ms. Memory: 225280K Free: 132715K (59%)
----------------- Invoking toplevel() on ptolemy.moml.MoMLSimpleApplication@c6fc46a
----------------- Done invoking toplevel() on ptolemy.moml.MoMLSimpleApplication@c6fc46a
reloadAllAccessors: .ContinuousInContinuous

===========================================================================================
----------------- testing Wed Jun 17 14:40:47 UTC 2020 /home/travis/build/icyphy/ptII/ptolemy/domains/continuous/test/auto/ContinuousInContinuousInContinuous.xml
----------------- Instantiating /home/travis/build/icyphy/ptII/ptolemy/domains/continuous/test/auto/ContinuousInContinuousInContinuous.xml
8 ms. Memory: 225280K Free: 125033K (56%)
----------------- Invoking toplevel() on ptolemy.moml.MoMLSimpleApplication@580434ce
----------------- Done invoking toplevel() on ptolemy.moml.MoMLSimpleApplication@580434ce
reloadAllAccessors: .ContinuousInContinuousInContinuous

===========================================================================================
----------------- testing Wed Jun 17 14:40:47 UTC 2020 /home/travis/build/icyphy/ptII/ptolemy/domains/continuous/test/auto/ContinuousInDE.xml
----------------- Instantiating /home/travis/build/icyphy/ptII/ptolemy/domains/continuous/test/auto/ContinuousInDE.xml
85 ms. Memory: 225280K Free: 114283K (51%)
----------------- Invoking toplevel() on ptolemy.moml.MoMLSimpleApplication@29c946c0
----------------- Done invoking toplevel() on ptolemy.moml.MoMLSimpleApplication@29c946c0
reloadAllAccessors: .ContinuousInDE

===========================================================================================
----------------- testing Wed Jun 17 14:40:47 UTC 2020 /home/travis/build/icyphy/ptII/ptolemy/domains/continuous/test/auto/ContinuousInDE2.xml
----------------- Instantiating /home/travis/build/icyphy/ptII/ptolemy/domains/continuous/test/auto/ContinuousInDE2.xml
35 ms. Memory: 225280K Free: 105067K (47%)
----------------- Invoking toplevel() on ptolemy.moml.MoMLSimpleApplication@546641b0
----------------- Done invoking toplevel() on ptolemy.moml.MoMLSimpleApplication@546641b0
reloadAllAccessors: .ContinuousInDE2

===========================================================================================
----------------- testing Wed Jun 17 14:40:47 UTC 2020 /home/travis/build/icyphy/ptII/ptolemy/domains/continuous/test/auto/ContinuousInDE3.xml
----------------- Instantiating /home/travis/build/icyphy/ptII/ptolemy/domains/continuous/test/auto/ContinuousInDE3.xml
30 ms. Memory: 225280K Free: 95337K (42%)
----------------- Invoking toplevel() on ptolemy.moml.MoMLSimpleApplication@764fe59b
----------------- Done invoking toplevel() on ptolemy.moml.MoMLSimpleApplication@764fe59b
reloadAllAccessors: .ContinuousInDE3

===========================================================================================
----------------- testing Wed Jun 17 14:40:47 UTC 2020 /home/travis/build/icyphy/ptII/ptolemy/domains/continuous/test/auto/ContinuousInDE4.xml
----------------- Instantiating /home/travis/build/icyphy/ptII/ptolemy/domains/continuous/test/auto/ContinuousInDE4.xml
11 ms. Memory: 225280K Free: 89193K (40%)
----------------- Invoking toplevel() on ptolemy.moml.MoMLSimpleApplication@171b9083
----------------- Done invoking toplevel() on ptolemy.moml.MoMLSimpleApplication@171b9083
reloadAllAccessors: .ContinuousInDE4

===========================================================================================
----------------- testing Wed Jun 17 14:40:47 UTC 2020 /home/travis/build/icyphy/ptII/ptolemy/domains/continuous/test/auto/ContinuousInDEDifferentRefinements.xml
----------------- Instantiating /home/travis/build/icyphy/ptII/ptolemy/domains/continuous/test/auto/ContinuousInDEDifferentRefinements.xml
65 ms. Memory: 270336K Free: 236644K (88%)
----------------- Invoking toplevel() on ptolemy.moml.MoMLSimpleApplication@7b7447e2
----------------- Done invoking toplevel() on ptolemy.moml.MoMLSimpleApplication@7b7447e2
reloadAllAccessors: .ContinuousInDEDifferentRefinements

===========================================================================================
----------------- testing Wed Jun 17 14:40:47 UTC 2020 /home/travis/build/icyphy/ptII/ptolemy/domains/continuous/test/auto/ContinuousInDEDifferentRefinementsPreemptive.xml
----------------- Instantiating /home/travis/build/icyphy/ptII/ptolemy/domains/continuous/test/auto/ContinuousInDEDifferentRefinementsPreemptive.xml
54 ms. Memory: 270336K Free: 205924K (76%)
----------------- Invoking toplevel() on ptolemy.moml.MoMLSimpleApplication@2530bcf7
----------------- Done invoking toplevel() on ptolemy.moml.MoMLSimpleApplication@2530bcf7
reloadAllAccessors: .ContinuousInDEDifferentRefinementsPreemptive

===========================================================================================
----------------- testing Wed Jun 17 14:40:47 UTC 2020 /home/travis/build/icyphy/ptII/ptolemy/domains/continuous/test/auto/ContinuousInDEInContinuous2.xml
----------------- Instantiating /home/travis/build/icyphy/ptII/ptolemy/domains/continuous/test/auto/ContinuousInDEInContinuous2.xml
32 ms. Memory: 270336K Free: 194146K (72%)
----------------- Invoking toplevel() on ptolemy.moml.MoMLSimpleApplication@f630d3b
----------------- Done invoking toplevel() on ptolemy.moml.MoMLSimpleApplication@f630d3b
reloadAllAccessors: .ContinuousInDEInContinuous2

===========================================================================================
----------------- testing Wed Jun 17 14:40:48 UTC 2020 /home/travis/build/icyphy/ptII/ptolemy/domains/continuous/test/auto/ContinuousInDEInContinuous3.xml
----------------- Instantiating /home/travis/build/icyphy/ptII/ptolemy/domains/continuous/test/auto/ContinuousInDEInContinuous3.xml
32 ms. Memory: 270336K Free: 181858K (67%)
----------------- Invoking toplevel() on ptolemy.moml.MoMLSimpleApplication@1a9cd1d2
----------------- Done invoking toplevel() on ptolemy.moml.MoMLSimpleApplication@1a9cd1d2
reloadAllAccessors: .ContinuousInDEInContinuous3

===========================================================================================
----------------- testing Wed Jun 17 14:40:48 UTC 2020 /home/travis/build/icyphy/ptII/ptolemy/domains/continuous/test/auto/ContinuousInDEInput.xml
----------------- Instantiating /home/travis/build/icyphy/ptII/ptolemy/domains/continuous/test/auto/ContinuousInDEInput.xml
15 ms. Memory: 270336K Free: 175204K (65%)
----------------- Invoking toplevel() on ptolemy.moml.MoMLSimpleApplication@3b090371
----------------- Done invoking toplevel() on ptolemy.moml.MoMLSimpleApplication@3b090371
reloadAllAccessors: .ContinuousInDEInput

===========================================================================================
----------------- testing Wed Jun 17 14:40:48 UTC 2020 /home/travis/build/icyphy/ptII/ptolemy/domains/continuous/test/auto/ContinuousInDEInput2.xml
----------------- Instantiating /home/travis/build/icyphy/ptII/ptolemy/domains/continuous/test/auto/ContinuousInDEInput2.xml
10 ms. Memory: 270336K Free: 167522K (62%)
----------------- Invoking toplevel() on ptolemy.moml.MoMLSimpleApplication@276d5494
----------------- Done invoking toplevel() on ptolemy.moml.MoMLSimpleApplication@276d5494
reloadAllAccessors: .ContinuousInDEInput2

===========================================================================================
----------------- testing Wed Jun 17 14:40:48 UTC 2020 /home/travis/build/icyphy/ptII/ptolemy/domains/continuous/test/auto/ContinuousInDEInput3.xml
----------------- Instantiating /home/travis/build/icyphy/ptII/ptolemy/domains/continuous/test/auto/ContinuousInDEInput3.xml
12 ms. Memory: 270336K Free: 160354K (59%)
----------------- Invoking toplevel() on ptolemy.moml.MoMLSimpleApplication@4f117d98
----------------- Done invoking toplevel() on ptolemy.moml.MoMLSimpleApplication@4f117d98
reloadAllAccessors: .ContinuousInDEInput3

===========================================================================================
----------------- testing Wed Jun 17 14:40:48 UTC 2020 /home/travis/build/icyphy/ptII/ptolemy/domains/continuous/test/auto/ContinuousInDESharingRefinement.xml
----------------- Instantiating /home/travis/build/icyphy/ptII/ptolemy/domains/continuous/test/auto/ContinuousInDESharingRefinement.xml
135 ms. Memory: 270336K Free: 226968K (84%)
----------------- Invoking toplevel() on ptolemy.moml.MoMLSimpleApplication@582323e4
----------------- Done invoking toplevel() on ptolemy.moml.MoMLSimpleApplication@582323e4
reloadAllAccessors: .ContinuousInDESharingRefinement

===========================================================================================
----------------- testing Wed Jun 17 14:40:48 UTC 2020 /home/travis/build/icyphy/ptII/ptolemy/domains/continuous/test/auto/ContinuousInDEwithNoPorts.xml
----------------- Instantiating /home/travis/build/icyphy/ptII/ptolemy/domains/continuous/test/auto/ContinuousInDEwithNoPorts.xml
2 ms. Memory: 270336K Free: 222378K (82%)
----------------- Invoking toplevel() on ptolemy.moml.MoMLSimpleApplication@74841834
----------------- Done invoking toplevel() on ptolemy.moml.MoMLSimpleApplication@74841834
reloadAllAccessors: .ContinuousInDEwithNoPorts

===========================================================================================
----------------- testing Wed Jun 17 14:40:48 UTC 2020 /home/travis/build/icyphy/ptII/ptolemy/domains/continuous/test/auto/ContinuousInsideDE.xml
----------------- Instantiating /home/travis/build/icyphy/ptII/ptolemy/domains/continuous/test/auto/ContinuousInsideDE.xml
31 ms. Memory: 270336K Free: 211114K (78%)
----------------- Invoking toplevel() on ptolemy.moml.MoMLSimpleApplication@6ee8462d
----------------- Done invoking toplevel() on ptolemy.moml.MoMLSimpleApplication@6ee8462d
reloadAllAccessors: .ContinuousInsideDE

===========================================================================================
----------------- testing Wed Jun 17 14:40:48 UTC 2020 /home/travis/build/icyphy/ptII/ptolemy/domains/continuous/test/auto/ContinuousMerge1.xml
----------------- Instantiating /home/travis/build/icyphy/ptII/ptolemy/domains/continuous/test/auto/ContinuousMerge1.xml
2 ms. Memory: 270336K Free: 206474K (76%)
----------------- Invoking toplevel() on ptolemy.moml.MoMLSimpleApplication@8e3bd17
----------------- Done invoking toplevel() on ptolemy.moml.MoMLSimpleApplication@8e3bd17
reloadAllAccessors: .ContinuousMerge1

===========================================================================================
----------------- testing Wed Jun 17 14:40:48 UTC 2020 /home/travis/build/icyphy/ptII/ptolemy/domains/continuous/test/auto/ContinuousMerge2.xml
----------------- Instantiating /home/travis/build/icyphy/ptII/ptolemy/domains/continuous/test/auto/ContinuousMerge2.xml
15 ms. Memory: 270336K Free: 196264K (73%)
----------------- Invoking toplevel() on ptolemy.moml.MoMLSimpleApplication@42dcbb0e
----------------- Done invoking toplevel() on ptolemy.moml.MoMLSimpleApplication@42dcbb0e
reloadAllAccessors: .ContinuousMerge2

===========================================================================================
----------------- testing Wed Jun 17 14:40:48 UTC 2020 /home/travis/build/icyphy/ptII/ptolemy/domains/continuous/test/auto/ContinuousMerge3.xml
----------------- Instantiating /home/travis/build/icyphy/ptII/ptolemy/domains/continuous/test/auto/ContinuousMerge3.xml
38 ms. Memory: 270336K Free: 185514K (69%)
----------------- Invoking toplevel() on ptolemy.moml.MoMLSimpleApplication@202a8fbd
----------------- Done invoking toplevel() on ptolemy.moml.MoMLSimpleApplication@202a8fbd
reloadAllAccessors: .ContinuousMerge3

===========================================================================================
----------------- testing Wed Jun 17 14:40:48 UTC 2020 /home/travis/build/icyphy/ptII/ptolemy/domains/continuous/test/auto/ContinuousWithinContinuous.xml
----------------- Instantiating /home/travis/build/icyphy/ptII/ptolemy/domains/continuous/test/auto/ContinuousWithinContinuous.xml
31 ms. Memory: 270336K Free: 176298K (65%)
----------------- Invoking toplevel() on ptolemy.moml.MoMLSimpleApplication@2fcf9af
----------------- Done invoking toplevel() on ptolemy.moml.MoMLSimpleApplication@2fcf9af
reloadAllAccessors: .ContinuousWithinContinuous

===========================================================================================
----------------- testing Wed Jun 17 14:40:48 UTC 2020 /home/travis/build/icyphy/ptII/ptolemy/domains/continuous/test/auto/ContinuousWithinContinuous2.xml
----------------- Instantiating /home/travis/build/icyphy/ptII/ptolemy/domains/continuous/test/auto/ContinuousWithinContinuous2.xml
59 ms. Memory: 270336K Free: 165034K (61%)
----------------- Invoking toplevel() on ptolemy.moml.MoMLSimpleApplication@20684bca
----------------- Done invoking toplevel() on ptolemy.moml.MoMLSimpleApplication@20684bca
reloadAllAccessors: .ContinuousWithinContinuous2

===========================================================================================
----------------- testing Wed Jun 17 14:40:48 UTC 2020 /home/travis/build/icyphy/ptII/ptolemy/domains/continuous/test/auto/ContinuousWithinContinuous3.xml
----------------- Instantiating /home/travis/build/icyphy/ptII/ptolemy/domains/continuous/test/auto/ContinuousWithinContinuous3.xml
13 ms. Memory: 270336K Free: 158376K (59%)
----------------- Invoking toplevel() on ptolemy.moml.MoMLSimpleApplication@39874ed6
----------------- Done invoking toplevel() on ptolemy.moml.MoMLSimpleApplication@39874ed6
reloadAllAccessors: .ContinuousWithinContinuous3

===========================================================================================
----------------- testing Wed Jun 17 14:40:48 UTC 2020 /home/travis/build/icyphy/ptII/ptolemy/domains/continuous/test/auto/ContinuousWithinContinuous4.xml
----------------- Instantiating /home/travis/build/icyphy/ptII/ptolemy/domains/continuous/test/auto/ContinuousWithinContinuous4.xml
76 ms. Memory: 270336K Free: 146088K (54%)
----------------- Invoking toplevel() on ptolemy.moml.MoMLSimpleApplication@1b01c0fa
----------------- Done invoking toplevel() on ptolemy.moml.MoMLSimpleApplication@1b01c0fa
reloadAllAccessors: .ContinuousWithinContinuous4

===========================================================================================
----------------- testing Wed Jun 17 14:40:48 UTC 2020 /home/travis/build/icyphy/ptII/ptolemy/domains/continuous/test/auto/ContinuousWithinContinuous5.xml
----------------- Instantiating /home/travis/build/icyphy/ptII/ptolemy/domains/continuous/test/auto/ContinuousWithinContinuous5.xml
14 ms. Memory: 270336K Free: 138920K (51%)
----------------- Invoking toplevel() on ptolemy.moml.MoMLSimpleApplication@6d0f0890
----------------- Done invoking toplevel() on ptolemy.moml.MoMLSimpleApplication@6d0f0890
reloadAllAccessors: .ContinuousWithinContinuous5

===========================================================================================
----------------- testing Wed Jun 17 14:40:48 UTC 2020 /home/travis/build/icyphy/ptII/ptolemy/domains/continuous/test/auto/ContinuousWithinContinuous6.xml
----------------- Instantiating /home/travis/build/icyphy/ptII/ptolemy/domains/continuous/test/auto/ContinuousWithinContinuous6.xml
12 ms. Memory: 270336K Free: 131752K (49%)
----------------- Invoking toplevel() on ptolemy.moml.MoMLSimpleApplication@33530567
----------------- Done invoking toplevel() on ptolemy.moml.MoMLSimpleApplication@33530567
reloadAllAccessors: .ContinuousWithinContinuous6

===========================================================================================
----------------- testing Wed Jun 17 14:40:48 UTC 2020 /home/travis/build/icyphy/ptII/ptolemy/domains/continuous/test/auto/ContinuousWithinContinuous7.xml
----------------- Instantiating /home/travis/build/icyphy/ptII/ptolemy/domains/continuous/test/auto/ContinuousWithinContinuous7.xml
63 ms. Memory: 270336K Free: 120488K (45%)
----------------- Invoking toplevel() on ptolemy.moml.MoMLSimpleApplication@2710f913
----------------- Done invoking toplevel() on ptolemy.moml.MoMLSimpleApplication@2710f913
reloadAllAccessors: .ContinuousWithinContinuous7

===========================================================================================
----------------- testing Wed Jun 17 14:40:48 UTC 2020 /home/travis/build/icyphy/ptII/ptolemy/domains/continuous/test/auto/DCMotor.xml
----------------- Instantiating /home/travis/build/icyphy/ptII/ptolemy/domains/continuous/test/auto/DCMotor.xml
13216 ms. Memory: 270336K Free: 214349K (79%)
----------------- Invoking toplevel() on ptolemy.moml.MoMLSimpleApplication@38a68b09
----------------- Done invoking toplevel() on ptolemy.moml.MoMLSimpleApplication@38a68b09
reloadAllAccessors: .DCMotor

===========================================================================================
----------------- testing Wed Jun 17 14:41:02 UTC 2020 /home/travis/build/icyphy/ptII/ptolemy/domains/continuous/test/auto/DEInContinuous.xml
----------------- Instantiating /home/travis/build/icyphy/ptII/ptolemy/domains/continuous/test/auto/DEInContinuous.xml
22 ms. Memory: 270336K Free: 208205K (77%)
----------------- Invoking toplevel() on ptolemy.moml.MoMLSimpleApplication@3d6a8747
----------------- Done invoking toplevel() on ptolemy.moml.MoMLSimpleApplication@3d6a8747
reloadAllAccessors: .DEInContinuous

===========================================================================================
----------------- testing Wed Jun 17 14:41:02 UTC 2020 /home/travis/build/icyphy/ptII/ptolemy/domains/continuous/test/auto/DEinContinuous2.xml
----------------- Instantiating /home/travis/build/icyphy/ptII/ptolemy/domains/continuous/test/auto/DEinContinuous2.xml
7 ms. Memory: 270336K Free: 200527K (74%)
----------------- Invoking toplevel() on ptolemy.moml.MoMLSimpleApplication@226a7261
----------------- Done invoking toplevel() on ptolemy.moml.MoMLSimpleApplication@226a7261
reloadAllAccessors: .DEinContinuous2

===========================================================================================
----------------- testing Wed Jun 17 14:41:02 UTC 2020 /home/travis/build/icyphy/ptII/ptolemy/domains/continuous/test/auto/Derivative.xml
----------------- Instantiating /home/travis/build/icyphy/ptII/ptolemy/domains/continuous/test/auto/Derivative.xml
163 ms. Memory: 270336K Free: 170831K (63%)
----------------- Invoking toplevel() on ptolemy.moml.MoMLSimpleApplication@1b067998
----------------- Done invoking toplevel() on ptolemy.moml.MoMLSimpleApplication@1b067998
reloadAllAccessors: .Derivative2

===========================================================================================
----------------- testing Wed Jun 17 14:41:02 UTC 2020 /home/travis/build/icyphy/ptII/ptolemy/domains/continuous/test/auto/Derivative1.xml
----------------- Instantiating /home/travis/build/icyphy/ptII/ptolemy/domains/continuous/test/auto/Derivative1.xml
25 ms. Memory: 270336K Free: 156495K (58%)
----------------- Invoking toplevel() on ptolemy.moml.MoMLSimpleApplication@46c273da
----------------- Done invoking toplevel() on ptolemy.moml.MoMLSimpleApplication@46c273da
reloadAllAccessors: .Derivative1

===========================================================================================
----------------- testing Wed Jun 17 14:41:02 UTC 2020 /home/travis/build/icyphy/ptII/ptolemy/domains/continuous/test/auto/DiscreteClock.xml
----------------- Instantiating /home/travis/build/icyphy/ptII/ptolemy/domains/continuous/test/auto/DiscreteClock.xml
3 ms. Memory: 270336K Free: 151375K (56%)
----------------- Invoking toplevel() on ptolemy.moml.MoMLSimpleApplication@fa4e2ed
----------------- Done invoking toplevel() on ptolemy.moml.MoMLSimpleApplication@fa4e2ed
reloadAllAccessors: .DiscreteClock

===========================================================================================
----------------- testing Wed Jun 17 14:41:02 UTC 2020 /home/travis/build/icyphy/ptII/ptolemy/domains/continuous/test/auto/EfficiencyCurve.xml
----------------- Instantiating /home/travis/build/icyphy/ptII/ptolemy/domains/continuous/test/auto/EfficiencyCurve.xml
55 ms. Memory: 270336K Free: 142159K (53%)
----------------- Invoking toplevel() on ptolemy.moml.MoMLSimpleApplication@596e1488
----------------- Done invoking toplevel() on ptolemy.moml.MoMLSimpleApplication@596e1488
reloadAllAccessors: .EfficiencyCurve

===========================================================================================
----------------- testing Wed Jun 17 14:41:02 UTC 2020 /home/travis/build/icyphy/ptII/ptolemy/domains/continuous/test/auto/ExponentialResponse.xml
----------------- Instantiating /home/travis/build/icyphy/ptII/ptolemy/domains/continuous/test/auto/ExponentialResponse.xml
125 ms. Memory: 270336K Free: 125775K (47%)
----------------- Invoking toplevel() on ptolemy.moml.MoMLSimpleApplication@591d87f9
----------------- Done invoking toplevel() on ptolemy.moml.MoMLSimpleApplication@591d87f9
reloadAllAccessors: .ExponentialResponse

===========================================================================================
----------------- testing Wed Jun 17 14:41:02 UTC 2020 /home/travis/build/icyphy/ptII/ptolemy/domains/continuous/test/auto/ExponentialResponseRK45.xml
----------------- Instantiating /home/travis/build/icyphy/ptII/ptolemy/domains/continuous/test/auto/ExponentialResponseRK45.xml
28 ms. Memory: 270336K Free: 119117K (44%)
----------------- Invoking toplevel() on ptolemy.moml.MoMLSimpleApplication@10305f74
----------------- Done invoking toplevel() on ptolemy.moml.MoMLSimpleApplication@10305f74
reloadAllAccessors: .ExponentialResponseRK45

===========================================================================================
----------------- testing Wed Jun 17 14:41:02 UTC 2020 /home/travis/build/icyphy/ptII/ptolemy/domains/continuous/test/auto/Friction.xml
----------------- Instantiating /home/travis/build/icyphy/ptII/ptolemy/domains/continuous/test/auto/Friction.xml
1473 ms. Memory: 270336K Free: 173364K (64%)
----------------- Invoking toplevel() on ptolemy.moml.MoMLSimpleApplication@35c10c09
----------------- Done invoking toplevel() on ptolemy.moml.MoMLSimpleApplication@35c10c09
reloadAllAccessors: .Friction

===========================================================================================
----------------- testing Wed Jun 17 14:41:04 UTC 2020 /home/travis/build/icyphy/ptII/ptolemy/domains/continuous/test/auto/FurutaPendulum.xml
----------------- Instantiating /home/travis/build/icyphy/ptII/ptolemy/domains/continuous/test/auto/FurutaPendulum.xml
2861 ms. Memory: 270336K Free: 134890K (50%)
----------------- Invoking toplevel() on ptolemy.moml.MoMLSimpleApplication@52291328
----------------- Done invoking toplevel() on ptolemy.moml.MoMLSimpleApplication@52291328
reloadAllAccessors: .FurutaPendulum

===========================================================================================
----------------- testing Wed Jun 17 14:41:07 UTC 2020 /home/travis/build/icyphy/ptII/ptolemy/domains/continuous/test/auto/HierarchicalExecution.xml
----------------- Instantiating /home/travis/build/icyphy/ptII/ptolemy/domains/continuous/test/auto/HierarchicalExecution.xml
1658 ms. Memory: 270336K Free: 164858K (61%)
----------------- Invoking toplevel() on ptolemy.moml.MoMLSimpleApplication@7ab114a8
----------------- Done invoking toplevel() on ptolemy.moml.MoMLSimpleApplication@7ab114a8
reloadAllAccessors: .HierarchicalExecution

===========================================================================================
----------------- testing Wed Jun 17 14:41:09 UTC 2020 /home/travis/build/icyphy/ptII/ptolemy/domains/continuous/test/auto/HybridPlant.xml
----------------- Instantiating /home/travis/build/icyphy/ptII/ptolemy/domains/continuous/test/auto/HybridPlant.xml
479 ms. Memory: 270336K Free: 220509K (82%)
----------------- Invoking toplevel() on ptolemy.moml.MoMLSimpleApplication@1d26fcd8
----------------- Done invoking toplevel() on ptolemy.moml.MoMLSimpleApplication@1d26fcd8
reloadAllAccessors: .HybridPlant

===========================================================================================
----------------- testing Wed Jun 17 14:41:10 UTC 2020 /home/travis/build/icyphy/ptII/ptolemy/domains/continuous/test/auto/Hysteresis.xml
----------------- Instantiating /home/travis/build/icyphy/ptII/ptolemy/domains/continuous/test/auto/Hysteresis.xml
141 ms. Memory: 270336K Free: 158045K (58%)
----------------- Invoking toplevel() on ptolemy.moml.MoMLSimpleApplication@1c16f45
----------------- Done invoking toplevel() on ptolemy.moml.MoMLSimpleApplication@1c16f45
reloadAllAccessors: .Hysteresis

===========================================================================================
----------------- testing Wed Jun 17 14:41:10 UTC 2020 /home/travis/build/icyphy/ptII/ptolemy/domains/continuous/test/auto/HysteresisWithRandomDelay.xml
----------------- Instantiating /home/travis/build/icyphy/ptII/ptolemy/domains/continuous/test/auto/HysteresisWithRandomDelay.xml
173 ms. Memory: 270336K Free: 247294K (91%)
----------------- Invoking toplevel() on ptolemy.moml.MoMLSimpleApplication@3589e9bf
----------------- Done invoking toplevel() on ptolemy.moml.MoMLSimpleApplication@3589e9bf
reloadAllAccessors: .HysteresisWithRandomDelay

===========================================================================================
----------------- testing Wed Jun 17 14:41:10 UTC 2020 /home/travis/build/icyphy/ptII/ptolemy/domains/continuous/test/auto/HysteresisWithRandomLosses.xml
----------------- Instantiating /home/travis/build/icyphy/ptII/ptolemy/domains/continuous/test/auto/HysteresisWithRandomLosses.xml
2301 ms. Memory: 270336K Free: 148178K (55%)
----------------- Invoking toplevel() on ptolemy.moml.MoMLSimpleApplication@281e52f9
----------------- Done invoking toplevel() on ptolemy.moml.MoMLSimpleApplication@281e52f9
reloadAllAccessors: .HysteresisWithRandomLosses

===========================================================================================
----------------- testing Wed Jun 17 14:41:12 UTC 2020 /home/travis/build/icyphy/ptII/ptolemy/domains/continuous/test/auto/ImmediateTransitions.xml
----------------- Instantiating /home/travis/build/icyphy/ptII/ptolemy/domains/continuous/test/auto/ImmediateTransitions.xml
8 ms. Memory: 270336K Free: 137442K (51%)
----------------- Invoking toplevel() on ptolemy.moml.MoMLSimpleApplication@1ea2c688
----------------- Done invoking toplevel() on ptolemy.moml.MoMLSimpleApplication@1ea2c688
reloadAllAccessors: .ImmediateTransitions

===========================================================================================
----------------- testing Wed Jun 17 14:41:12 UTC 2020 /home/travis/build/icyphy/ptII/ptolemy/domains/continuous/test/auto/ImpulseFeedback.xml
----------------- Instantiating /home/travis/build/icyphy/ptII/ptolemy/domains/continuous/test/auto/ImpulseFeedback.xml
6 ms. Memory: 270336K Free: 131808K (49%)
----------------- Invoking toplevel() on ptolemy.moml.MoMLSimpleApplication@15380ca2
----------------- Done invoking toplevel() on ptolemy.moml.MoMLSimpleApplication@15380ca2
reloadAllAccessors: .ImpulseFeedback

===========================================================================================
----------------- testing Wed Jun 17 14:41:12 UTC 2020 /home/travis/build/icyphy/ptII/ptolemy/domains/continuous/test/auto/ImpulseFeedback2.xml
----------------- Instantiating /home/travis/build/icyphy/ptII/ptolemy/domains/continuous/test/auto/ImpulseFeedback2.xml
4 ms. Memory: 270336K Free: 126178K (47%)
----------------- Invoking toplevel() on ptolemy.moml.MoMLSimpleApplication@188911d9
----------------- Done invoking toplevel() on ptolemy.moml.MoMLSimpleApplication@188911d9
reloadAllAccessors: .ImpulseFeedback2

===========================================================================================
----------------- testing Wed Jun 17 14:41:12 UTC 2020 /home/travis/build/icyphy/ptII/ptolemy/domains/continuous/test/auto/IncreasingRatePoisson.xml
----------------- Instantiating /home/travis/build/icyphy/ptII/ptolemy/domains/continuous/test/auto/IncreasingRatePoisson.xml
618 ms. Memory: 270336K Free: 157263K (58%)
----------------- Invoking toplevel() on ptolemy.moml.MoMLSimpleApplication@3552b44c
----------------- Done invoking toplevel() on ptolemy.moml.MoMLSimpleApplication@3552b44c
reloadAllAccessors: .IncreasingRatePoisson

===========================================================================================
----------------- testing Wed Jun 17 14:41:13 UTC 2020 /home/travis/build/icyphy/ptII/ptolemy/domains/continuous/test/auto/InitialStateFeedback.xml
----------------- Instantiating /home/travis/build/icyphy/ptII/ptolemy/domains/continuous/test/auto/InitialStateFeedback.xml
4 ms. Memory: 270336K Free: 152671K (56%)
----------------- Invoking toplevel() on ptolemy.moml.MoMLSimpleApplication@114d8df6
----------------- Done invoking toplevel() on ptolemy.moml.MoMLSimpleApplication@114d8df6
reloadAllAccessors: .InitialStateFeedback

===========================================================================================
----------------- testing Wed Jun 17 14:41:13 UTC 2020 /home/travis/build/icyphy/ptII/ptolemy/domains/continuous/test/auto/Integration.xml
----------------- Instantiating /home/travis/build/icyphy/ptII/ptolemy/domains/continuous/test/auto/Integration.xml
2 ms. Memory: 270336K Free: 148575K (55%)
----------------- Invoking toplevel() on ptolemy.moml.MoMLSimpleApplication@102d40af
----------------- Done invoking toplevel() on ptolemy.moml.MoMLSimpleApplication@102d40af
reloadAllAccessors: .Integration

===========================================================================================
----------------- testing Wed Jun 17 14:41:13 UTC 2020 /home/travis/build/icyphy/ptII/ptolemy/domains/continuous/test/auto/Integration2.xml
----------------- Instantiating /home/travis/build/icyphy/ptII/ptolemy/domains/continuous/test/auto/Integration2.xml
71 ms. Memory: 270336K Free: 134239K (50%)
----------------- Invoking toplevel() on ptolemy.moml.MoMLSimpleApplication@3942b522
----------------- Done invoking toplevel() on ptolemy.moml.MoMLSimpleApplication@3942b522
reloadAllAccessors: .Integration2

===========================================================================================
----------------- testing Wed Jun 17 14:41:13 UTC 2020 /home/travis/build/icyphy/ptII/ptolemy/domains/continuous/test/auto/Integration3.xml
----------------- Instantiating /home/travis/build/icyphy/ptII/ptolemy/domains/continuous/test/auto/Integration3.xml
2 ms. Memory: 270336K Free: 129615K (48%)
----------------- Invoking toplevel() on ptolemy.moml.MoMLSimpleApplication@4ef798ed
----------------- Done invoking toplevel() on ptolemy.moml.MoMLSimpleApplication@4ef798ed
reloadAllAccessors: .Integration3

===========================================================================================
----------------- testing Wed Jun 17 14:41:13 UTC 2020 /home/travis/build/icyphy/ptII/ptolemy/domains/continuous/test/auto/Integration5.xml
----------------- Instantiating /home/travis/build/icyphy/ptII/ptolemy/domains/continuous/test/auto/Integration5.xml
2 ms. Memory: 270336K Free: 125533K (46%)
----------------- Invoking toplevel() on ptolemy.moml.MoMLSimpleApplication@580fad91
----------------- Done invoking toplevel() on ptolemy.moml.MoMLSimpleApplication@580fad91
reloadAllAccessors: .Integration5

===========================================================================================
----------------- testing Wed Jun 17 14:41:13 UTC 2020 /home/travis/build/icyphy/ptII/ptolemy/domains/continuous/test/auto/IntegratorImpulse.xml
----------------- Instantiating /home/travis/build/icyphy/ptII/ptolemy/domains/continuous/test/auto/IntegratorImpulse.xml
2 ms. Memory: 270336K Free: 121423K (45%)
----------------- Invoking toplevel() on ptolemy.moml.MoMLSimpleApplication@1c85f1d3
----------------- Done invoking toplevel() on ptolemy.moml.MoMLSimpleApplication@1c85f1d3
reloadAllAccessors: .IntegratorImpulse

===========================================================================================
----------------- testing Wed Jun 17 14:41:13 UTC 2020 /home/travis/build/icyphy/ptII/ptolemy/domains/continuous/test/auto/IntegratorImpulse2.xml
----------------- Instantiating /home/travis/build/icyphy/ptII/ptolemy/domains/continuous/test/auto/IntegratorImpulse2.xml
4 ms. Memory: 270336K Free: 116831K (43%)
----------------- Invoking toplevel() on ptolemy.moml.MoMLSimpleApplication@30d6ad10
----------------- Done invoking toplevel() on ptolemy.moml.MoMLSimpleApplication@30d6ad10
reloadAllAccessors: .IntegratorImpulse2

===========================================================================================
----------------- testing Wed Jun 17 14:41:13 UTC 2020 /home/travis/build/icyphy/ptII/ptolemy/domains/continuous/test/auto/LevelCrossing1.xml
----------------- Instantiating /home/travis/build/icyphy/ptII/ptolemy/domains/continuous/test/auto/LevelCrossing1.xml
2 ms. Memory: 270336K Free: 111711K (41%)
----------------- Invoking toplevel() on ptolemy.moml.MoMLSimpleApplication@5eefd5d0
----------------- Done invoking toplevel() on ptolemy.moml.MoMLSimpleApplication@5eefd5d0
reloadAllAccessors: .LevelCrossing1

===========================================================================================
----------------- testing Wed Jun 17 14:41:13 UTC 2020 /home/travis/build/icyphy/ptII/ptolemy/domains/continuous/test/auto/LevelCrossing2.xml
----------------- Instantiating /home/travis/build/icyphy/ptII/ptolemy/domains/continuous/test/auto/LevelCrossing2.xml
3 ms. Memory: 270336K Free: 106591K (39%)
----------------- Invoking toplevel() on ptolemy.moml.MoMLSimpleApplication@57e4f577
----------------- Done invoking toplevel() on ptolemy.moml.MoMLSimpleApplication@57e4f577
reloadAllAccessors: .LevelCrossing2

===========================================================================================
----------------- testing Wed Jun 17 14:41:13 UTC 2020 /home/travis/build/icyphy/ptII/ptolemy/domains/continuous/test/auto/LevelCrossing3.xml
----------------- Instantiating /home/travis/build/icyphy/ptII/ptolemy/domains/continuous/test/auto/LevelCrossing3.xml
2 ms. Memory: 270336K Free: 101471K (38%)
----------------- Invoking toplevel() on ptolemy.moml.MoMLSimpleApplication@3fb35b80
----------------- Done invoking toplevel() on ptolemy.moml.MoMLSimpleApplication@3fb35b80
reloadAllAccessors: .LevelCrossing3

===========================================================================================
----------------- testing Wed Jun 17 14:41:13 UTC 2020 /home/travis/build/icyphy/ptII/ptolemy/domains/continuous/test/auto/LevelCrossing4.xml
----------------- Instantiating /home/travis/build/icyphy/ptII/ptolemy/domains/continuous/test/auto/LevelCrossing4.xml
3 ms. Memory: 270336K Free: 96351K (36%)
----------------- Invoking toplevel() on ptolemy.moml.MoMLSimpleApplication@61a718
----------------- Done invoking toplevel() on ptolemy.moml.MoMLSimpleApplication@61a718
reloadAllAccessors: .LevelCrossing4

===========================================================================================
----------------- testing Wed Jun 17 14:41:13 UTC 2020 /home/travis/build/icyphy/ptII/ptolemy/domains/continuous/test/auto/LevelCrossing5.xml
----------------- Instantiating /home/travis/build/icyphy/ptII/ptolemy/domains/continuous/test/auto/LevelCrossing5.xml
3 ms. Memory: 270336K Free: 252143K (93%)
----------------- Invoking toplevel() on ptolemy.moml.MoMLSimpleApplication@7d48f355
----------------- Done invoking toplevel() on ptolemy.moml.MoMLSimpleApplication@7d48f355
reloadAllAccessors: .LevelCrossing5

===========================================================================================
[...]
4 ms. Memory: 324608K Free: 213391K (66%)
----------------- Invoking toplevel() on ptolemy.moml.MoMLSimpleApplication@4407f6a9
----------------- Done invoking toplevel() on ptolemy.moml.MoMLSimpleApplication@4407f6a9
reloadAllAccessors: .SRinContinuous

===========================================================================================
----------------- testing Wed Jun 17 14:41:28 UTC 2020 /home/travis/build/icyphy/ptII/ptolemy/domains/continuous/test/auto/SampledClocks.xml
----------------- Instantiating /home/travis/build/icyphy/ptII/ptolemy/domains/continuous/test/auto/SampledClocks.xml
6 ms. Memory: 324608K Free: 200589K (62%)
----------------- Invoking toplevel() on ptolemy.moml.MoMLSimpleApplication@358152c8
----------------- Done invoking toplevel() on ptolemy.moml.MoMLSimpleApplication@358152c8
reloadAllAccessors: .SampledClocks

===========================================================================================
----------------- testing Wed Jun 17 14:41:28 UTC 2020 /home/travis/build/icyphy/ptII/ptolemy/domains/continuous/test/auto/Satellite.xml
----------------- Instantiating /home/travis/build/icyphy/ptII/ptolemy/domains/continuous/test/auto/Satellite.xml
660 ms. Memory: 324608K Free: 192563K (59%)
----------------- Invoking toplevel() on ptolemy.moml.MoMLSimpleApplication@3a132b02
----------------- Done invoking toplevel() on ptolemy.moml.MoMLSimpleApplication@3a132b02
reloadAllAccessors: .Satellite

===========================================================================================
----------------- testing Wed Jun 17 14:41:29 UTC 2020 /home/travis/build/icyphy/ptII/ptolemy/domains/continuous/test/auto/SigmaDelta.xml
----------------- Instantiating /home/travis/build/icyphy/ptII/ptolemy/domains/continuous/test/auto/SigmaDelta.xml
1870 ms. Memory: 324608K Free: 123596K (38%)
----------------- Invoking toplevel() on ptolemy.moml.MoMLSimpleApplication@7f1f34bf
----------------- Done invoking toplevel() on ptolemy.moml.MoMLSimpleApplication@7f1f34bf
reloadAllAccessors: .SigmaDelta

===========================================================================================
----------------- testing Wed Jun 17 14:41:31 UTC 2020 /home/travis/build/icyphy/ptII/ptolemy/domains/continuous/test/auto/SingleRefinement.xml
----------------- Instantiating /home/travis/build/icyphy/ptII/ptolemy/domains/continuous/test/auto/SingleRefinement.xml
300 ms. Memory: 324608K Free: 134841K (42%)
----------------- Invoking toplevel() on ptolemy.moml.MoMLSimpleApplication@46075b21
----------------- Done invoking toplevel() on ptolemy.moml.MoMLSimpleApplication@46075b21
reloadAllAccessors: .SingleRefinement

===========================================================================================
----------------- testing Wed Jun 17 14:41:32 UTC 2020 /home/travis/build/icyphy/ptII/ptolemy/domains/continuous/test/auto/SinuBouncingBall.xml
----------------- Instantiating /home/travis/build/icyphy/ptII/ptolemy/domains/continuous/test/auto/SinuBouncingBall.xml
763 ms. Memory: 324608K Free: 302630K (93%)
----------------- Invoking toplevel() on ptolemy.moml.MoMLSimpleApplication@79efadbe
----------------- Done invoking toplevel() on ptolemy.moml.MoMLSimpleApplication@79efadbe
reloadAllAccessors: .SinuBouncingBall

===========================================================================================
----------------- testing Wed Jun 17 14:41:32 UTC 2020 /home/travis/build/icyphy/ptII/ptolemy/domains/continuous/test/auto/Sinusoid.xml
----------------- Instantiating /home/travis/build/icyphy/ptII/ptolemy/domains/continuous/test/auto/Sinusoid.xml
4 ms. Memory: 324608K Free: 298006K (92%)
----------------- Invoking toplevel() on ptolemy.moml.MoMLSimpleApplication@40f59a1e
----------------- Done invoking toplevel() on ptolemy.moml.MoMLSimpleApplication@40f59a1e
reloadAllAccessors: .Sinusoid

===========================================================================================
----------------- testing Wed Jun 17 14:41:32 UTC 2020 /home/travis/build/icyphy/ptII/ptolemy/domains/continuous/test/auto/SinusoidInNoise.xml
----------------- Instantiating /home/travis/build/icyphy/ptII/ptolemy/domains/continuous/test/auto/SinusoidInNoise.xml
827 ms. Memory: 324608K Free: 163366K (50%)
----------------- Invoking toplevel() on ptolemy.moml.MoMLSimpleApplication@df851c3
----------------- Done invoking toplevel() on ptolemy.moml.MoMLSimpleApplication@df851c3
reloadAllAccessors: .SinusoidInNoise

===========================================================================================
----------------- testing Wed Jun 17 14:41:33 UTC 2020 /home/travis/build/icyphy/ptII/ptolemy/domains/continuous/test/auto/SinusoidRK45.xml
----------------- Instantiating /home/travis/build/icyphy/ptII/ptolemy/domains/continuous/test/auto/SinusoidRK45.xml
2 ms. Memory: 324608K Free: 159270K (49%)
----------------- Invoking toplevel() on ptolemy.moml.MoMLSimpleApplication@4359d160
----------------- Done invoking toplevel() on ptolemy.moml.MoMLSimpleApplication@4359d160
reloadAllAccessors: .SinusoidRK45

===========================================================================================
----------------- testing Wed Jun 17 14:41:33 UTC 2020 /home/travis/build/icyphy/ptII/ptolemy/domains/continuous/test/auto/SinusoidWithMultipleImpulses.xml
----------------- Instantiating /home/travis/build/icyphy/ptII/ptolemy/domains/continuous/test/auto/SinusoidWithMultipleImpulses.xml
2 ms. Memory: 324608K Free: 154660K (48%)
----------------- Invoking toplevel() on ptolemy.moml.MoMLSimpleApplication@570f3a5c
----------------- Done invoking toplevel() on ptolemy.moml.MoMLSimpleApplication@570f3a5c
reloadAllAccessors: .SinusoidWithMultipleImpulses

===========================================================================================
----------------- testing Wed Jun 17 14:41:33 UTC 2020 /home/travis/build/icyphy/ptII/ptolemy/domains/continuous/test/auto/SquareWave.xml
----------------- Instantiating /home/travis/build/icyphy/ptII/ptolemy/domains/continuous/test/auto/SquareWave.xml
128 ms. Memory: 324608K Free: 127526K (39%)
----------------- Invoking toplevel() on ptolemy.moml.MoMLSimpleApplication@21a23d24
----------------- Done invoking toplevel() on ptolemy.moml.MoMLSimpleApplication@21a23d24
reloadAllAccessors: .SquareWave

===========================================================================================
----------------- testing Wed Jun 17 14:41:33 UTC 2020 /home/travis/build/icyphy/ptII/ptolemy/domains/continuous/test/auto/Starmac.xml
----------------- Instantiating /home/travis/build/icyphy/ptII/ptolemy/domains/continuous/test/auto/Starmac.xml
3064 ms. Memory: 324608K Free: 195370K (60%)
----------------- Invoking toplevel() on ptolemy.moml.MoMLSimpleApplication@f8917a8
----------------- Done invoking toplevel() on ptolemy.moml.MoMLSimpleApplication@f8917a8
reloadAllAccessors: .Starmac

===========================================================================================
----------------- testing Wed Jun 17 14:41:37 UTC 2020 /home/travis/build/icyphy/ptII/ptolemy/domains/continuous/test/auto/StaticUnits.xml
----------------- Instantiating /home/travis/build/icyphy/ptII/ptolemy/domains/continuous/test/auto/StaticUnits.xml
1695 ms. Memory: 324608K Free: 297050K (92%)
----------------- Invoking toplevel() on ptolemy.moml.MoMLSimpleApplication@60282441
----------------- Done invoking toplevel() on ptolemy.moml.MoMLSimpleApplication@60282441
reloadAllAccessors: .StaticUnits

===========================================================================================
----------------- testing Wed Jun 17 14:41:39 UTC 2020 /home/travis/build/icyphy/ptII/ptolemy/domains/continuous/test/auto/StickyMasses.xml
----------------- Instantiating /home/travis/build/icyphy/ptII/ptolemy/domains/continuous/test/auto/StickyMasses.xml
135 ms. Memory: 324608K Free: 247898K (76%)
----------------- Invoking toplevel() on ptolemy.moml.MoMLSimpleApplication@34e3a1dd
----------------- Done invoking toplevel() on ptolemy.moml.MoMLSimpleApplication@34e3a1dd
reloadAllAccessors: .StickyMasses

===========================================================================================
----------------- testing Wed Jun 17 14:41:39 UTC 2020 /home/travis/build/icyphy/ptII/ptolemy/domains/continuous/test/auto/StopTime.xml
----------------- Instantiating /home/travis/build/icyphy/ptII/ptolemy/domains/continuous/test/auto/StopTime.xml
35 ms. Memory: 324608K Free: 222812K (69%)
----------------- Invoking toplevel() on ptolemy.moml.MoMLSimpleApplication@14e87eeb
----------------- Done invoking toplevel() on ptolemy.moml.MoMLSimpleApplication@14e87eeb
reloadAllAccessors: .StopTime

===========================================================================================
----------------- testing Wed Jun 17 14:41:39 UTC 2020 /home/travis/build/icyphy/ptII/ptolemy/domains/continuous/test/auto/StopTime2.xml
----------------- Instantiating /home/travis/build/icyphy/ptII/ptolemy/domains/continuous/test/auto/StopTime2.xml
29 ms. Memory: 324608K Free: 200779K (62%)
----------------- Invoking toplevel() on ptolemy.moml.MoMLSimpleApplication@1d2fa7
----------------- Done invoking toplevel() on ptolemy.moml.MoMLSimpleApplication@1d2fa7
reloadAllAccessors: .StopTime2

===========================================================================================
----------------- testing Wed Jun 17 14:41:39 UTC 2020 /home/travis/build/icyphy/ptII/ptolemy/domains/continuous/test/auto/Switch.xml
----------------- Instantiating /home/travis/build/icyphy/ptII/ptolemy/domains/continuous/test/auto/Switch.xml
38 ms. Memory: 324608K Free: 176211K (54%)
----------------- Invoking toplevel() on ptolemy.moml.MoMLSimpleApplication@128a6b15
----------------- Done invoking toplevel() on ptolemy.moml.MoMLSimpleApplication@128a6b15
reloadAllAccessors: .Switch

===========================================================================================
----------------- testing Wed Jun 17 14:41:39 UTC 2020 /home/travis/build/icyphy/ptII/ptolemy/domains/continuous/test/auto/Thermostat.xml
----------------- Instantiating /home/travis/build/icyphy/ptII/ptolemy/domains/continuous/test/auto/Thermostat.xml
188 ms. Memory: 324608K Free: 293463K (90%)
----------------- Invoking toplevel() on ptolemy.moml.MoMLSimpleApplication@1a76c67a
----------------- Done invoking toplevel() on ptolemy.moml.MoMLSimpleApplication@1a76c67a
reloadAllAccessors: .Thermostat

===========================================================================================
----------------- testing Wed Jun 17 14:41:40 UTC 2020 /home/travis/build/icyphy/ptII/ptolemy/domains/continuous/test/auto/TimeDelay.xml
----------------- Instantiating /home/travis/build/icyphy/ptII/ptolemy/domains/continuous/test/auto/TimeDelay.xml
4 ms. Memory: 324608K Free: 288343K (89%)
----------------- Invoking toplevel() on ptolemy.moml.MoMLSimpleApplication@1d60f60
----------------- Done invoking toplevel() on ptolemy.moml.MoMLSimpleApplication@1d60f60
reloadAllAccessors: .TimeDelay

===========================================================================================
----------------- testing Wed Jun 17 14:41:40 UTC 2020 /home/travis/build/icyphy/ptII/ptolemy/domains/continuous/test/auto/TimeDelay2.xml
----------------- Instantiating /home/travis/build/icyphy/ptII/ptolemy/domains/continuous/test/auto/TimeDelay2.xml
6 ms. Memory: 324608K Free: 278613K (86%)
----------------- Invoking toplevel() on ptolemy.moml.MoMLSimpleApplication@3a478558
----------------- Done invoking toplevel() on ptolemy.moml.MoMLSimpleApplication@3a478558
reloadAllAccessors: .TimeDelay2

===========================================================================================
----------------- testing Wed Jun 17 14:41:40 UTC 2020 /home/travis/build/icyphy/ptII/ptolemy/domains/continuous/test/auto/TimeDelay3.xml
----------------- Instantiating /home/travis/build/icyphy/ptII/ptolemy/domains/continuous/test/auto/TimeDelay3.xml
4 ms. Memory: 324608K Free: 274005K (84%)
----------------- Invoking toplevel() on ptolemy.moml.MoMLSimpleApplication@4cf1ea0c
----------------- Done invoking toplevel() on ptolemy.moml.MoMLSimpleApplication@4cf1ea0c
reloadAllAccessors: .TimeDelay3

===========================================================================================
----------------- testing Wed Jun 17 14:41:40 UTC 2020 /home/travis/build/icyphy/ptII/ptolemy/domains/continuous/test/auto/TransferAbsentToInside.xml
----------------- Instantiating /home/travis/build/icyphy/ptII/ptolemy/domains/continuous/test/auto/TransferAbsentToInside.xml
25 ms. Memory: 324608K Free: 221783K (68%)
----------------- Invoking toplevel() on ptolemy.moml.MoMLSimpleApplication@5f7864ee
----------------- Done invoking toplevel() on ptolemy.moml.MoMLSimpleApplication@5f7864ee
reloadAllAccessors: .TransferAbsentToInside

===========================================================================================
----------------- testing Wed Jun 17 14:41:40 UTC 2020 /home/travis/build/icyphy/ptII/ptolemy/domains/continuous/test/auto/Transmission.xml
----------------- Instantiating /home/travis/build/icyphy/ptII/ptolemy/domains/continuous/test/auto/Transmission.xml
718 ms. Memory: 324608K Free: 178754K (55%)
----------------- Invoking toplevel() on ptolemy.moml.MoMLSimpleApplication@34a815ad
----------------- Done invoking toplevel() on ptolemy.moml.MoMLSimpleApplication@34a815ad
reloadAllAccessors: .Transmission

===========================================================================================
----------------- testing Wed Jun 17 14:41:40 UTC 2020 /home/travis/build/icyphy/ptII/ptolemy/domains/continuous/test/auto/TriggeredContinuousClock.xml
----------------- Instantiating /home/travis/build/icyphy/ptII/ptolemy/domains/continuous/test/auto/TriggeredContinuousClock.xml
34 ms. Memory: 324608K Free: 149058K (46%)
----------------- Invoking toplevel() on ptolemy.moml.MoMLSimpleApplication@3fc7e82e
----------------- Done invoking toplevel() on ptolemy.moml.MoMLSimpleApplication@3fc7e82e
reloadAllAccessors: .TriggeredContinuousClock

===========================================================================================
----------------- testing Wed Jun 17 14:41:40 UTC 2020 /home/travis/build/icyphy/ptII/ptolemy/domains/continuous/test/auto/TwoMachineInfiniteBusControl.xml
----------------- Instantiating /home/travis/build/icyphy/ptII/ptolemy/domains/continuous/test/auto/TwoMachineInfiniteBusControl.xml
2547 ms. Memory: 324608K Free: 123411K (38%)
----------------- Invoking toplevel() on ptolemy.moml.MoMLSimpleApplication@7dd6ac48
----------------- Done invoking toplevel() on ptolemy.moml.MoMLSimpleApplication@7dd6ac48
reloadAllAccessors: .TwoMachineInfiniteBusControl

===========================================================================================
----------------- testing Wed Jun 17 14:41:43 UTC 2020 /home/travis/build/icyphy/ptII/ptolemy/domains/continuous/test/auto/V2V.xml
----------------- Instantiating /home/travis/build/icyphy/ptII/ptolemy/domains/continuous/test/auto/V2V.xml
751 ms. Memory: 324608K Free: 123409K (38%)
----------------- Invoking toplevel() on ptolemy.moml.MoMLSimpleApplication@2a948a21
----------------- Done invoking toplevel() on ptolemy.moml.MoMLSimpleApplication@2a948a21
reloadAllAccessors: .V2V

===========================================================================================
----------------- testing Wed Jun 17 14:41:44 UTC 2020 /home/travis/build/icyphy/ptII/ptolemy/domains/continuous/test/auto/hierarchicalModalModel.xml
----------------- Instantiating /home/travis/build/icyphy/ptII/ptolemy/domains/continuous/test/auto/hierarchicalModalModel.xml
7 ms. Memory: 324608K Free: 297993K (92%)
----------------- Invoking toplevel() on ptolemy.moml.MoMLSimpleApplication@5a50d386
----------------- Done invoking toplevel() on ptolemy.moml.MoMLSimpleApplication@5a50d386
reloadAllAccessors: .hierarchicalModalModel

===========================================================================================
----------------- testing Wed Jun 17 14:41:44 UTC 2020 /home/travis/build/icyphy/ptII/ptolemy/domains/continuous/test/auto/hierarchicalModalModel1.xml
----------------- Instantiating /home/travis/build/icyphy/ptII/ptolemy/domains/continuous/test/auto/hierarchicalModalModel1.xml
7 ms. Memory: 324608K Free: 283657K (87%)
----------------- Invoking toplevel() on ptolemy.moml.MoMLSimpleApplication@438c6a36
----------------- Done invoking toplevel() on ptolemy.moml.MoMLSimpleApplication@438c6a36
reloadAllAccessors: .hierarchicalModalModel1

===========================================================================================
----------------- testing Wed Jun 17 14:41:44 UTC 2020 /home/travis/build/icyphy/ptII/ptolemy/domains/continuous/test/auto/hierarchicalModalModel2.xml
----------------- Instantiating /home/travis/build/icyphy/ptII/ptolemy/domains/continuous/test/auto/hierarchicalModalModel2.xml
8 ms. Memory: 324608K Free: 271355K (84%)
----------------- Invoking toplevel() on ptolemy.moml.MoMLSimpleApplication@45d9478e
----------------- Done invoking toplevel() on ptolemy.moml.MoMLSimpleApplication@45d9478e
reloadAllAccessors: .hierarchicalModalModel2

===========================================================================================
----------------- testing Wed Jun 17 14:41:44 UTC 2020 /home/travis/build/icyphy/ptII/ptolemy/domains/continuous/test/auto/hierarchicalModalModel3.xml
----------------- Instantiating /home/travis/build/icyphy/ptII/ptolemy/domains/continuous/test/auto/hierarchicalModalModel3.xml
6 ms. Memory: 324608K Free: 260619K (80%)
----------------- Invoking toplevel() on ptolemy.moml.MoMLSimpleApplication@70cc4deb
----------------- Done invoking toplevel() on ptolemy.moml.MoMLSimpleApplication@70cc4deb
reloadAllAccessors: .hierarchicalModalModel3

===========================================================================================
----------------- testing Wed Jun 17 14:41:44 UTC 2020 /home/travis/build/icyphy/ptII/ptolemy/domains/continuous/test/auto/hierarchicalModalModel4.xml
----------------- Instantiating /home/travis/build/icyphy/ptII/ptolemy/domains/continuous/test/auto/hierarchicalModalModel4.xml
5 ms. Memory: 324608K Free: 248841K (77%)
----------------- Invoking toplevel() on ptolemy.moml.MoMLSimpleApplication@10287e5
----------------- Done invoking toplevel() on ptolemy.moml.MoMLSimpleApplication@10287e5
reloadAllAccessors: .hierarchicalModalModel4

===========================================================================================
----------------- testing Wed Jun 17 14:41:44 UTC 2020 /home/travis/build/icyphy/ptII/ptolemy/domains/continuous/test/auto/junk.xml
----------------- Instantiating /home/travis/build/icyphy/ptII/ptolemy/domains/continuous/test/auto/junk.xml
112 ms. Memory: 324608K Free: 220683K (68%)
----------------- Invoking toplevel() on ptolemy.moml.MoMLSimpleApplication@5ef14ee
----------------- Done invoking toplevel() on ptolemy.moml.MoMLSimpleApplication@5ef14ee
reloadAllAccessors: .junk
AutoTests.java: About to close Vertx.
AutoTests.java: Vertx closed.
]]></system-out>
  <system-err><![CDATA[Warning: '.HysteresisWithRandomDelay.NonStrictTest' The test produced only 221 tokens, yet the correctValues parameter was expecting 222 tokens.
Warning: '.HysteresisWithRandomDelay.NonStrictTest2' The test produced only 220 tokens, yet the correctValues parameter was expecting 221 tokens.
Warning: '.HysteresisWithRandomDelay.NonStrictTest3' The test produced only 23 tokens, yet the correctValues parameter was expecting 30 tokens.
Warning: '.IncreasingRatePoisson.NonStrictTest' The test produced only 369 tokens, yet the correctValues parameter was expecting 402 tokens.
Warning: '.Poisson.NonStrictTest' The test produced only 428 tokens, yet the correctValues parameter was expecting 430 tokens.
]]></system-err>
</testsuite>
