<?xml version="1.0" encoding="UTF-8" ?>
<testsuite errors="0" failures="0" hostname="travis-job-1e683fe5-201c-425d-b832-5c1889d37e23" name="ptolemy.domains.continuous.test.junit.JUnitTclTest" skipped="0" tests="156" time="78.476" timestamp="2019-11-18T06:15:45">
  <properties>
[...]
</properties>
  <testcase classname="ptolemy.util.test.junit.TclTests" name="[0] ThereAreNoTclTests (RunTclFile)" time="0.007" />
  <testcase classname="ptolemy.util.test.junit.AutoKnownFailedTests" name="[0] ThereAreNoKnowFailedTests (RunModel)" time="0.004" />
  <testcase classname="ptolemy.util.test.junit.AutoNameArchTests" name="[0] ThereAreNoAutoArchTests (RunModel)" time="0.024" />
  <testcase classname="ptolemy.util.test.junit.AutoTests" name="[0] /home/travis/build/icyphy/ptII/ptolemy/domains/continuous/test/auto/BouncingBall.xml (RunModel)" time="3.134" />
  <testcase classname="ptolemy.util.test.junit.AutoTests" name="[1] /home/travis/build/icyphy/ptII/ptolemy/domains/continuous/test/auto/BouncingBallWithoutGR.xml (RunModel)" time="0.99" />
  <testcase classname="ptolemy.util.test.junit.AutoTests" name="[2] /home/travis/build/icyphy/ptII/ptolemy/domains/continuous/test/auto/Brownian.xml (RunModel)" time="0.076" />
  <testcase classname="ptolemy.util.test.junit.AutoTests" name="[3] /home/travis/build/icyphy/ptII/ptolemy/domains/continuous/test/auto/CarTracking.xml (RunModel)" time="3.962" />
  <testcase classname="ptolemy.util.test.junit.AutoTests" name="[4] /home/travis/build/icyphy/ptII/ptolemy/domains/continuous/test/auto/CartPendulum.xml (RunModel)" time="0.623" />
  <testcase classname="ptolemy.util.test.junit.AutoTests" name="[5] /home/travis/build/icyphy/ptII/ptolemy/domains/continuous/test/auto/CausalityInterface10.xml (RunModel)" time="0.061" />
  <testcase classname="ptolemy.util.test.junit.AutoTests" name="[6] /home/travis/build/icyphy/ptII/ptolemy/domains/continuous/test/auto/CausalityInterface11.xml (RunModel)" time="0.032" />
  <testcase classname="ptolemy.util.test.junit.AutoTests" name="[7] /home/travis/build/icyphy/ptII/ptolemy/domains/continuous/test/auto/CausalityInterface12.xml (RunModel)" time="0.044" />
  <testcase classname="ptolemy.util.test.junit.AutoTests" name="[8] /home/travis/build/icyphy/ptII/ptolemy/domains/continuous/test/auto/CausalityInterface13.xml (RunModel)" time="0.04" />
  <testcase classname="ptolemy.util.test.junit.AutoTests" name="[9] /home/travis/build/icyphy/ptII/ptolemy/domains/continuous/test/auto/CausalityInterface14.xml (RunModel)" time="0.028" />
  <testcase classname="ptolemy.util.test.junit.AutoTests" name="[10] /home/travis/build/icyphy/ptII/ptolemy/domains/continuous/test/auto/CausalityInterface4.xml (RunModel)" time="0.049" />
  <testcase classname="ptolemy.util.test.junit.AutoTests" name="[11] /home/travis/build/icyphy/ptII/ptolemy/domains/continuous/test/auto/CausalityInterface5.xml (RunModel)" time="0.046" />
  <testcase classname="ptolemy.util.test.junit.AutoTests" name="[12] /home/travis/build/icyphy/ptII/ptolemy/domains/continuous/test/auto/CausalityInterface6.xml (RunModel)" time="0.036" />
  <testcase classname="ptolemy.util.test.junit.AutoTests" name="[13] /home/travis/build/icyphy/ptII/ptolemy/domains/continuous/test/auto/CausalityInterface7.xml (RunModel)" time="0.042" />
  <testcase classname="ptolemy.util.test.junit.AutoTests" name="[14] /home/travis/build/icyphy/ptII/ptolemy/domains/continuous/test/auto/CausalityInterface8.xml (RunModel)" time="0.035" />
  <testcase classname="ptolemy.util.test.junit.AutoTests" name="[15] /home/travis/build/icyphy/ptII/ptolemy/domains/continuous/test/auto/CausalityInterface9.xml (RunModel)" time="0.053" />
  <testcase classname="ptolemy.util.test.junit.AutoTests" name="[16] /home/travis/build/icyphy/ptII/ptolemy/domains/continuous/test/auto/CausalityInterfaceFeedback1.xml (RunModel)" time="0.028" />
  <testcase classname="ptolemy.util.test.junit.AutoTests" name="[17] /home/travis/build/icyphy/ptII/ptolemy/domains/continuous/test/auto/CausalityInterfaceFeedback2.xml (RunModel)" time="0.03" />
  <testcase classname="ptolemy.util.test.junit.AutoTests" name="[18] /home/travis/build/icyphy/ptII/ptolemy/domains/continuous/test/auto/CompareWithCurrentTime.xml (RunModel)" time="0.024" />
  <testcase classname="ptolemy.util.test.junit.AutoTests" name="[19] /home/travis/build/icyphy/ptII/ptolemy/domains/continuous/test/auto/ComparedClocks.xml (RunModel)" time="0.072" />
  <testcase classname="ptolemy.util.test.junit.AutoTests" name="[20] /home/travis/build/icyphy/ptII/ptolemy/domains/continuous/test/auto/ContinuousAOCClone.xml (RunModel)" time="2.709" />
  <testcase classname="ptolemy.util.test.junit.AutoTests" name="[21] /home/travis/build/icyphy/ptII/ptolemy/domains/continuous/test/auto/ContinuousClock.xml (RunModel)" time="0.088" />
  <testcase classname="ptolemy.util.test.junit.AutoTests" name="[22] /home/travis/build/icyphy/ptII/ptolemy/domains/continuous/test/auto/ContinuousInContinuous.xml (RunModel)" time="0.099" />
  <testcase classname="ptolemy.util.test.junit.AutoTests" name="[23] /home/travis/build/icyphy/ptII/ptolemy/domains/continuous/test/auto/ContinuousInContinuousInContinuous.xml (RunModel)" time="0.027" />
  <testcase classname="ptolemy.util.test.junit.AutoTests" name="[24] /home/travis/build/icyphy/ptII/ptolemy/domains/continuous/test/auto/ContinuousInDE.xml (RunModel)" time="0.098" />
  <testcase classname="ptolemy.util.test.junit.AutoTests" name="[25] /home/travis/build/icyphy/ptII/ptolemy/domains/continuous/test/auto/ContinuousInDE2.xml (RunModel)" time="0.059" />
  <testcase classname="ptolemy.util.test.junit.AutoTests" name="[26] /home/travis/build/icyphy/ptII/ptolemy/domains/continuous/test/auto/ContinuousInDE3.xml (RunModel)" time="0.058" />
  <testcase classname="ptolemy.util.test.junit.AutoTests" name="[27] /home/travis/build/icyphy/ptII/ptolemy/domains/continuous/test/auto/ContinuousInDE4.xml (RunModel)" time="0.039" />
  <testcase classname="ptolemy.util.test.junit.AutoTests" name="[28] /home/travis/build/icyphy/ptII/ptolemy/domains/continuous/test/auto/ContinuousInDEDifferentRefinements.xml (RunModel)" time="0.096" />
  <testcase classname="ptolemy.util.test.junit.AutoTests" name="[29] /home/travis/build/icyphy/ptII/ptolemy/domains/continuous/test/auto/ContinuousInDEDifferentRefinementsPreemptive.xml (RunModel)" time="0.102" />
  <testcase classname="ptolemy.util.test.junit.AutoTests" name="[30] /home/travis/build/icyphy/ptII/ptolemy/domains/continuous/test/auto/ContinuousInDEInContinuous2.xml (RunModel)" time="0.056" />
  <testcase classname="ptolemy.util.test.junit.AutoTests" name="[31] /home/travis/build/icyphy/ptII/ptolemy/domains/continuous/test/auto/ContinuousInDEInContinuous3.xml (RunModel)" time="0.067" />
  <testcase classname="ptolemy.util.test.junit.AutoTests" name="[32] /home/travis/build/icyphy/ptII/ptolemy/domains/continuous/test/auto/ContinuousInDEInput.xml (RunModel)" time="0.039" />
  <testcase classname="ptolemy.util.test.junit.AutoTests" name="[33] /home/travis/build/icyphy/ptII/ptolemy/domains/continuous/test/auto/ContinuousInDEInput2.xml (RunModel)" time="0.042" />
  <testcase classname="ptolemy.util.test.junit.AutoTests" name="[34] /home/travis/build/icyphy/ptII/ptolemy/domains/continuous/test/auto/ContinuousInDEInput3.xml (RunModel)" time="0.04" />
  <testcase classname="ptolemy.util.test.junit.AutoTests" name="[35] /home/travis/build/icyphy/ptII/ptolemy/domains/continuous/test/auto/ContinuousInDESharingRefinement.xml (RunModel)" time="0.214" />
  <testcase classname="ptolemy.util.test.junit.AutoTests" name="[36] /home/travis/build/icyphy/ptII/ptolemy/domains/continuous/test/auto/ContinuousInDEwithNoPorts.xml (RunModel)" time="0.019" />
  <testcase classname="ptolemy.util.test.junit.AutoTests" name="[37] /home/travis/build/icyphy/ptII/ptolemy/domains/continuous/test/auto/ContinuousInsideDE.xml (RunModel)" time="0.084" />
  <testcase classname="ptolemy.util.test.junit.AutoTests" name="[38] /home/travis/build/icyphy/ptII/ptolemy/domains/continuous/test/auto/ContinuousMerge1.xml (RunModel)" time="0.018" />
  <testcase classname="ptolemy.util.test.junit.AutoTests" name="[39] /home/travis/build/icyphy/ptII/ptolemy/domains/continuous/test/auto/ContinuousMerge2.xml (RunModel)" time="0.051" />
  <testcase classname="ptolemy.util.test.junit.AutoTests" name="[40] /home/travis/build/icyphy/ptII/ptolemy/domains/continuous/test/auto/ContinuousMerge3.xml (RunModel)" time="0.065" />
  <testcase classname="ptolemy.util.test.junit.AutoTests" name="[41] /home/travis/build/icyphy/ptII/ptolemy/domains/continuous/test/auto/ContinuousWithinContinuous.xml (RunModel)" time="0.051" />
  <testcase classname="ptolemy.util.test.junit.AutoTests" name="[42] /home/travis/build/icyphy/ptII/ptolemy/domains/continuous/test/auto/ContinuousWithinContinuous2.xml (RunModel)" time="0.081" />
  <testcase classname="ptolemy.util.test.junit.AutoTests" name="[43] /home/travis/build/icyphy/ptII/ptolemy/domains/continuous/test/auto/ContinuousWithinContinuous3.xml (RunModel)" time="0.03" />
  <testcase classname="ptolemy.util.test.junit.AutoTests" name="[44] /home/travis/build/icyphy/ptII/ptolemy/domains/continuous/test/auto/ContinuousWithinContinuous4.xml (RunModel)" time="0.091" />
  <testcase classname="ptolemy.util.test.junit.AutoTests" name="[45] /home/travis/build/icyphy/ptII/ptolemy/domains/continuous/test/auto/ContinuousWithinContinuous5.xml (RunModel)" time="0.028" />
  <testcase classname="ptolemy.util.test.junit.AutoTests" name="[46] /home/travis/build/icyphy/ptII/ptolemy/domains/continuous/test/auto/ContinuousWithinContinuous6.xml (RunModel)" time="0.03" />
  <testcase classname="ptolemy.util.test.junit.AutoTests" name="[47] /home/travis/build/icyphy/ptII/ptolemy/domains/continuous/test/auto/ContinuousWithinContinuous7.xml (RunModel)" time="0.07" />
  <testcase classname="ptolemy.util.test.junit.AutoTests" name="[48] /home/travis/build/icyphy/ptII/ptolemy/domains/continuous/test/auto/DCMotor.xml (RunModel)" time="13.612" />
  <testcase classname="ptolemy.util.test.junit.AutoTests" name="[49] /home/travis/build/icyphy/ptII/ptolemy/domains/continuous/test/auto/DEInContinuous.xml (RunModel)" time="0.036" />
  <testcase classname="ptolemy.util.test.junit.AutoTests" name="[50] /home/travis/build/icyphy/ptII/ptolemy/domains/continuous/test/auto/DEinContinuous2.xml (RunModel)" time="0.023" />
  <testcase classname="ptolemy.util.test.junit.AutoTests" name="[51] /home/travis/build/icyphy/ptII/ptolemy/domains/continuous/test/auto/Derivative.xml (RunModel)" time="0.183" />
  <testcase classname="ptolemy.util.test.junit.AutoTests" name="[52] /home/travis/build/icyphy/ptII/ptolemy/domains/continuous/test/auto/Derivative1.xml (RunModel)" time="0.059" />
  <testcase classname="ptolemy.util.test.junit.AutoTests" name="[53] /home/travis/build/icyphy/ptII/ptolemy/domains/continuous/test/auto/DiscreteClock.xml (RunModel)" time="0.012" />
  <testcase classname="ptolemy.util.test.junit.AutoTests" name="[54] /home/travis/build/icyphy/ptII/ptolemy/domains/continuous/test/auto/EfficiencyCurve.xml (RunModel)" time="0.085" />
  <testcase classname="ptolemy.util.test.junit.AutoTests" name="[55] /home/travis/build/icyphy/ptII/ptolemy/domains/continuous/test/auto/ExponentialResponse.xml (RunModel)" time="0.118" />
  <testcase classname="ptolemy.util.test.junit.AutoTests" name="[56] /home/travis/build/icyphy/ptII/ptolemy/domains/continuous/test/auto/ExponentialResponseRK45.xml (RunModel)" time="0.034" />
  <testcase classname="ptolemy.util.test.junit.AutoTests" name="[57] /home/travis/build/icyphy/ptII/ptolemy/domains/continuous/test/auto/Friction.xml (RunModel)" time="1.614" />
  <testcase classname="ptolemy.util.test.junit.AutoTests" name="[58] /home/travis/build/icyphy/ptII/ptolemy/domains/continuous/test/auto/FurutaPendulum.xml (RunModel)" time="3.825" />
  <testcase classname="ptolemy.util.test.junit.AutoTests" name="[59] /home/travis/build/icyphy/ptII/ptolemy/domains/continuous/test/auto/HierarchicalExecution.xml (RunModel)" time="2.712" />
  <testcase classname="ptolemy.util.test.junit.AutoTests" name="[60] /home/travis/build/icyphy/ptII/ptolemy/domains/continuous/test/auto/HybridPlant.xml (RunModel)" time="0.631" />
  <testcase classname="ptolemy.util.test.junit.AutoTests" name="[61] /home/travis/build/icyphy/ptII/ptolemy/domains/continuous/test/auto/Hysteresis.xml (RunModel)" time="0.21" />
  <testcase classname="ptolemy.util.test.junit.AutoTests" name="[62] /home/travis/build/icyphy/ptII/ptolemy/domains/continuous/test/auto/HysteresisWithRandomDelay.xml (RunModel)" time="0.264" />
  <testcase classname="ptolemy.util.test.junit.AutoTests" name="[63] /home/travis/build/icyphy/ptII/ptolemy/domains/continuous/test/auto/HysteresisWithRandomLosses.xml (RunModel)" time="2.733" />
  <testcase classname="ptolemy.util.test.junit.AutoTests" name="[64] /home/travis/build/icyphy/ptII/ptolemy/domains/continuous/test/auto/ImmediateTransitions.xml (RunModel)" time="0.041" />
  <testcase classname="ptolemy.util.test.junit.AutoTests" name="[65] /home/travis/build/icyphy/ptII/ptolemy/domains/continuous/test/auto/ImpulseFeedback.xml (RunModel)" time="0.021" />
  <testcase classname="ptolemy.util.test.junit.AutoTests" name="[66] /home/travis/build/icyphy/ptII/ptolemy/domains/continuous/test/auto/ImpulseFeedback2.xml (RunModel)" time="0.018" />
  <testcase classname="ptolemy.util.test.junit.AutoTests" name="[67] /home/travis/build/icyphy/ptII/ptolemy/domains/continuous/test/auto/IncreasingRatePoisson.xml (RunModel)" time="0.792" />
  <testcase classname="ptolemy.util.test.junit.AutoTests" name="[68] /home/travis/build/icyphy/ptII/ptolemy/domains/continuous/test/auto/InitialStateFeedback.xml (RunModel)" time="0.015" />
  <testcase classname="ptolemy.util.test.junit.AutoTests" name="[69] /home/travis/build/icyphy/ptII/ptolemy/domains/continuous/test/auto/Integration.xml (RunModel)" time="0.013" />
  <testcase classname="ptolemy.util.test.junit.AutoTests" name="[70] /home/travis/build/icyphy/ptII/ptolemy/domains/continuous/test/auto/Integration2.xml (RunModel)" time="0.095" />
  <testcase classname="ptolemy.util.test.junit.AutoTests" name="[71] /home/travis/build/icyphy/ptII/ptolemy/domains/continuous/test/auto/Integration3.xml (RunModel)" time="0.016" />
  <testcase classname="ptolemy.util.test.junit.AutoTests" name="[72] /home/travis/build/icyphy/ptII/ptolemy/domains/continuous/test/auto/Integration5.xml (RunModel)" time="0.009" />
  <testcase classname="ptolemy.util.test.junit.AutoTests" name="[73] /home/travis/build/icyphy/ptII/ptolemy/domains/continuous/test/auto/IntegratorImpulse.xml (RunModel)" time="0.012" />
  <testcase classname="ptolemy.util.test.junit.AutoTests" name="[74] /home/travis/build/icyphy/ptII/ptolemy/domains/continuous/test/auto/IntegratorImpulse2.xml (RunModel)" time="0.02" />
  <testcase classname="ptolemy.util.test.junit.AutoTests" name="[75] /home/travis/build/icyphy/ptII/ptolemy/domains/continuous/test/auto/LevelCrossing1.xml (RunModel)" time="0.011" />
  <testcase classname="ptolemy.util.test.junit.AutoTests" name="[76] /home/travis/build/icyphy/ptII/ptolemy/domains/continuous/test/auto/LevelCrossing2.xml (RunModel)" time="0.013" />
  <testcase classname="ptolemy.util.test.junit.AutoTests" name="[77] /home/travis/build/icyphy/ptII/ptolemy/domains/continuous/test/auto/LevelCrossing3.xml (RunModel)" time="0.014" />
  <testcase classname="ptolemy.util.test.junit.AutoTests" name="[78] /home/travis/build/icyphy/ptII/ptolemy/domains/continuous/test/auto/LevelCrossing4.xml (RunModel)" time="0.017" />
  <testcase classname="ptolemy.util.test.junit.AutoTests" name="[79] /home/travis/build/icyphy/ptII/ptolemy/domains/continuous/test/auto/LevelCrossing5.xml (RunModel)" time="0.017" />
  <testcase classname="ptolemy.util.test.junit.AutoTests" name="[80] /home/travis/build/icyphy/ptII/ptolemy/domains/continuous/test/auto/LevelCrossing6.xml (RunModel)" time="0.014" />
  <testcase classname="ptolemy.util.test.junit.AutoTests" name="[81] /home/travis/build/icyphy/ptII/ptolemy/domains/continuous/test/auto/LevelCrossingDetector.xml (RunModel)" time="0.04" />
  <testcase classname="ptolemy.util.test.junit.AutoTests" name="[82] /home/travis/build/icyphy/ptII/ptolemy/domains/continuous/test/auto/LevelCrossingDetectorDetectingDirections.xml (RunModel)" time="0.09" />
  <testcase classname="ptolemy.util.test.junit.AutoTests" name="[83] /home/travis/build/icyphy/ptII/ptolemy/domains/continuous/test/auto/LevelCrossingDetectorDetectsGlitches.xml (RunModel)" time="0.065" />
  <testcase classname="ptolemy.util.test.junit.AutoTests" name="[84] /home/travis/build/icyphy/ptII/ptolemy/domains/continuous/test/auto/LevelCrossingNoInitialOuput.xml (RunModel)" time="0.012" />
  <testcase classname="ptolemy.util.test.junit.AutoTests" name="[85] /home/travis/build/icyphy/ptII/ptolemy/domains/continuous/test/auto/LinearStateSpaceExample.xml (RunModel)" time="0.068" />
  <testcase classname="ptolemy.util.test.junit.AutoTests" name="[86] /home/travis/build/icyphy/ptII/ptolemy/domains/continuous/test/auto/Lorenz.xml (RunModel)" time="4.525" />
  <testcase classname="ptolemy.util.test.junit.AutoTests" name="[87] /home/travis/build/icyphy/ptII/ptolemy/domains/continuous/test/auto/LorenzDifferentialSystem.xml (RunModel)" time="1.163" />
  <testcase classname="ptolemy.util.test.junit.AutoTests" name="[88] /home/travis/build/icyphy/ptII/ptolemy/domains/continuous/test/auto/LorenzDifferentialSystemWithInput.xml (RunModel)" time="1.548" />
  <testcase classname="ptolemy.util.test.junit.AutoTests" name="[89] /home/travis/build/icyphy/ptII/ptolemy/domains/continuous/test/auto/LorenzDifferentialSystemWithTime.xml (RunModel)" time="0.777" />
  <testcase classname="ptolemy.util.test.junit.AutoTests" name="[90] /home/travis/build/icyphy/ptII/ptolemy/domains/continuous/test/auto/Microsteps.xml (RunModel)" time="0.024" />
  <testcase classname="ptolemy.util.test.junit.AutoTests" name="[91] /home/travis/build/icyphy/ptII/ptolemy/domains/continuous/test/auto/Modal1.xml (RunModel)" time="0.043" />
  <testcase classname="ptolemy.util.test.junit.AutoTests" name="[92] /home/travis/build/icyphy/ptII/ptolemy/domains/continuous/test/auto/Modal2.xml (RunModel)" time="0.059" />
  <testcase classname="ptolemy.util.test.junit.AutoTests" name="[93] /home/travis/build/icyphy/ptII/ptolemy/domains/continuous/test/auto/ModalTransitionGuardWithReset.xml (RunModel)" time="0.022" />
  <testcase classname="ptolemy.util.test.junit.AutoTests" name="[94] /home/travis/build/icyphy/ptII/ptolemy/domains/continuous/test/auto/ModalTransitionGuardWithResetUsingPreemptiveTransition.xml (RunModel)" time="0.035" />
  <testcase classname="ptolemy.util.test.junit.AutoTests" name="[95] /home/travis/build/icyphy/ptII/ptolemy/domains/continuous/test/auto/ModalTransitionGuardWithResetUsingPreemptiveTransition2.xml (RunModel)" time="0.029" />
  <testcase classname="ptolemy.util.test.junit.AutoTests" name="[96] /home/travis/build/icyphy/ptII/ptolemy/domains/continuous/test/auto/ModalTransitionGuardWithResetUsingPreemptiveTransition3.xml (RunModel)" time="0.033" />
  <testcase classname="ptolemy.util.test.junit.AutoTests" name="[97] /home/travis/build/icyphy/ptII/ptolemy/domains/continuous/test/auto/NewtonsCradle.xml (RunModel)" time="0.838" />
  <testcase classname="ptolemy.util.test.junit.AutoTests" name="[98] /home/travis/build/icyphy/ptII/ptolemy/domains/continuous/test/auto/NewtonsCradleAnimated.xml (RunModel)" time="1.462" />
  <testcase classname="ptolemy.util.test.junit.AutoTests" name="[99] /home/travis/build/icyphy/ptII/ptolemy/domains/continuous/test/auto/NewtonsCradleComplicated.xml (RunModel)" time="1.092" />
  <testcase classname="ptolemy.util.test.junit.AutoTests" name="[100] /home/travis/build/icyphy/ptII/ptolemy/domains/continuous/test/auto/NewtonsCradleNondeterministic.xml (RunModel)" time="0.766" />
  <testcase classname="ptolemy.util.test.junit.AutoTests" name="[101] /home/travis/build/icyphy/ptII/ptolemy/domains/continuous/test/auto/NewtonsCradlePerfectlyInelastic1.xml (RunModel)" time="1.395" />
  <testcase classname="ptolemy.util.test.junit.AutoTests" name="[102] /home/travis/build/icyphy/ptII/ptolemy/domains/continuous/test/auto/Noise.xml (RunModel)" time="0.198" />
  <testcase classname="ptolemy.util.test.junit.AutoTests" name="[103] /home/travis/build/icyphy/ptII/ptolemy/domains/continuous/test/auto/NoiseSpectrum.xml (RunModel)" time="0.894" />
  <testcase classname="ptolemy.util.test.junit.AutoTests" name="[104] /home/travis/build/icyphy/ptII/ptolemy/domains/continuous/test/auto/ParameterizedNewtonsCradleAnimated.xml (RunModel)" time="0.408" />
  <testcase classname="ptolemy.util.test.junit.AutoTests" name="[105] /home/travis/build/icyphy/ptII/ptolemy/domains/continuous/test/auto/ParameterizedNewtonsCradleAnimatedNondeterministic.xml (RunModel)" time="1.217" />
  <testcase classname="ptolemy.util.test.junit.AutoTests" name="[106] /home/travis/build/icyphy/ptII/ptolemy/domains/continuous/test/auto/Pendulum3D.xml (RunModel)" time="0.175" />
  <testcase classname="ptolemy.util.test.junit.AutoTests" name="[107] /home/travis/build/icyphy/ptII/ptolemy/domains/continuous/test/auto/PeriodicSampler.xml (RunModel)" time="0.011" />
  <testcase classname="ptolemy.util.test.junit.AutoTests" name="[108] /home/travis/build/icyphy/ptII/ptolemy/domains/continuous/test/auto/PeriodicSampler1.xml (RunModel)" time="0.045" />
  <testcase classname="ptolemy.util.test.junit.AutoTests" name="[109] /home/travis/build/icyphy/ptII/ptolemy/domains/continuous/test/auto/PeriodicSampler2.xml (RunModel)" time="0.086" />
  <testcase classname="ptolemy.util.test.junit.AutoTests" name="[110] /home/travis/build/icyphy/ptII/ptolemy/domains/continuous/test/auto/Poisson.xml (RunModel)" time="0.496" />
  <testcase classname="ptolemy.util.test.junit.AutoTests" name="[111] /home/travis/build/icyphy/ptII/ptolemy/domains/continuous/test/auto/PoissonClock.xml (RunModel)" time="0.012" />
  <testcase classname="ptolemy.util.test.junit.AutoTests" name="[112] /home/travis/build/icyphy/ptII/ptolemy/domains/continuous/test/auto/PoissonClock2.xml (RunModel)" time="0.012" />
  <testcase classname="ptolemy.util.test.junit.AutoTests" name="[113] /home/travis/build/icyphy/ptII/ptolemy/domains/continuous/test/auto/PortParameterHierarchy.xml (RunModel)" time="0.026" />
  <testcase classname="ptolemy.util.test.junit.AutoTests" name="[114] /home/travis/build/icyphy/ptII/ptolemy/domains/continuous/test/auto/RandomHybridPlant.xml (RunModel)" time="0.571" />
  <testcase classname="ptolemy.util.test.junit.AutoTests" name="[115] /home/travis/build/icyphy/ptII/ptolemy/domains/continuous/test/auto/ResetTransitionWithStartTime1.xml (RunModel)" time="0.032" />
  <testcase classname="ptolemy.util.test.junit.AutoTests" name="[116] /home/travis/build/icyphy/ptII/ptolemy/domains/continuous/test/auto/ResetTransitionWithStartTime2.xml (RunModel)" time="0.035" />
  <testcase classname="ptolemy.util.test.junit.AutoTests" name="[117] /home/travis/build/icyphy/ptII/ptolemy/domains/continuous/test/auto/ResetTransitionWithStartTime3.xml (RunModel)" time="0.036" />
  <testcase classname="ptolemy.util.test.junit.AutoTests" name="[118] /home/travis/build/icyphy/ptII/ptolemy/domains/continuous/test/auto/ResetTransitionWithStartTime4.xml (RunModel)" time="0.027" />
  <testcase classname="ptolemy.util.test.junit.AutoTests" name="[119] /home/travis/build/icyphy/ptII/ptolemy/domains/continuous/test/auto/ResetTransitionWithStartTime5.xml (RunModel)" time="0.033" />
  <testcase classname="ptolemy.util.test.junit.AutoTests" name="[120] /home/travis/build/icyphy/ptII/ptolemy/domains/continuous/test/auto/ResetTransitionWithStartTime6.xml (RunModel)" time="0.027" />
  <testcase classname="ptolemy.util.test.junit.AutoTests" name="[121] /home/travis/build/icyphy/ptII/ptolemy/domains/continuous/test/auto/SRinContinuous.xml (RunModel)" time="0.023" />
  <testcase classname="ptolemy.util.test.junit.AutoTests" name="[122] /home/travis/build/icyphy/ptII/ptolemy/domains/continuous/test/auto/SampledClocks.xml (RunModel)" time="0.032" />
  <testcase classname="ptolemy.util.test.junit.AutoTests" name="[123] /home/travis/build/icyphy/ptII/ptolemy/domains/continuous/test/auto/Satellite.xml (RunModel)" time="0.91" />
  <testcase classname="ptolemy.util.test.junit.AutoTests" name="[124] /home/travis/build/icyphy/ptII/ptolemy/domains/continuous/test/auto/SigmaDelta.xml (RunModel)" time="2.473" />
  <testcase classname="ptolemy.util.test.junit.AutoTests" name="[125] /home/travis/build/icyphy/ptII/ptolemy/domains/continuous/test/auto/SingleRefinement.xml (RunModel)" time="0.423" />
  <testcase classname="ptolemy.util.test.junit.AutoTests" name="[126] /home/travis/build/icyphy/ptII/ptolemy/domains/continuous/test/auto/SinuBouncingBall.xml (RunModel)" time="0.874" />
  <testcase classname="ptolemy.util.test.junit.AutoTests" name="[127] /home/travis/build/icyphy/ptII/ptolemy/domains/continuous/test/auto/Sinusoid.xml (RunModel)" time="0.019" />
  <testcase classname="ptolemy.util.test.junit.AutoTests" name="[128] /home/travis/build/icyphy/ptII/ptolemy/domains/continuous/test/auto/SinusoidInNoise.xml (RunModel)" time="1.027" />
  <testcase classname="ptolemy.util.test.junit.AutoTests" name="[129] /home/travis/build/icyphy/ptII/ptolemy/domains/continuous/test/auto/SinusoidRK45.xml (RunModel)" time="0.012" />
  <testcase classname="ptolemy.util.test.junit.AutoTests" name="[130] /home/travis/build/icyphy/ptII/ptolemy/domains/continuous/test/auto/SinusoidWithMultipleImpulses.xml (RunModel)" time="0.016" />
  <testcase classname="ptolemy.util.test.junit.AutoTests" name="[131] /home/travis/build/icyphy/ptII/ptolemy/domains/continuous/test/auto/SquareWave.xml (RunModel)" time="0.214" />
  <testcase classname="ptolemy.util.test.junit.AutoTests" name="[132] /home/travis/build/icyphy/ptII/ptolemy/domains/continuous/test/auto/Starmac.xml (RunModel)" time="3.35" />
  <testcase classname="ptolemy.util.test.junit.AutoTests" name="[133] /home/travis/build/icyphy/ptII/ptolemy/domains/continuous/test/auto/StaticUnits.xml (RunModel)" time="2.692" />
  <testcase classname="ptolemy.util.test.junit.AutoTests" name="[134] /home/travis/build/icyphy/ptII/ptolemy/domains/continuous/test/auto/StickyMasses.xml (RunModel)" time="0.218" />
  <testcase classname="ptolemy.util.test.junit.AutoTests" name="[135] /home/travis/build/icyphy/ptII/ptolemy/domains/continuous/test/auto/StopTime.xml (RunModel)" time="0.062" />
  <testcase classname="ptolemy.util.test.junit.AutoTests" name="[136] /home/travis/build/icyphy/ptII/ptolemy/domains/continuous/test/auto/StopTime2.xml (RunModel)" time="0.059" />
  <testcase classname="ptolemy.util.test.junit.AutoTests" name="[137] /home/travis/build/icyphy/ptII/ptolemy/domains/continuous/test/auto/Switch.xml (RunModel)" time="0.061" />
  <testcase classname="ptolemy.util.test.junit.AutoTests" name="[138] /home/travis/build/icyphy/ptII/ptolemy/domains/continuous/test/auto/Thermostat.xml (RunModel)" time="0.219" />
  <testcase classname="ptolemy.util.test.junit.AutoTests" name="[139] /home/travis/build/icyphy/ptII/ptolemy/domains/continuous/test/auto/TimeDelay.xml (RunModel)" time="0.014" />
  <testcase classname="ptolemy.util.test.junit.AutoTests" name="[140] /home/travis/build/icyphy/ptII/ptolemy/domains/continuous/test/auto/TimeDelay2.xml (RunModel)" time="0.024" />
  <testcase classname="ptolemy.util.test.junit.AutoTests" name="[141] /home/travis/build/icyphy/ptII/ptolemy/domains/continuous/test/auto/TimeDelay3.xml (RunModel)" time="0.011" />
  <testcase classname="ptolemy.util.test.junit.AutoTests" name="[142] /home/travis/build/icyphy/ptII/ptolemy/domains/continuous/test/auto/TransferAbsentToInside.xml (RunModel)" time="0.132" />
  <testcase classname="ptolemy.util.test.junit.AutoTests" name="[143] /home/travis/build/icyphy/ptII/ptolemy/domains/continuous/test/auto/Transmission.xml (RunModel)" time="0.877" />
  <testcase classname="ptolemy.util.test.junit.AutoTests" name="[144] /home/travis/build/icyphy/ptII/ptolemy/domains/continuous/test/auto/TriggeredContinuousClock.xml (RunModel)" time="0.069" />
  <testcase classname="ptolemy.util.test.junit.AutoTests" name="[145] /home/travis/build/icyphy/ptII/ptolemy/domains/continuous/test/auto/TwoMachineInfiniteBusControl.xml (RunModel)" time="2.783" />
  <testcase classname="ptolemy.util.test.junit.AutoTests" name="[146] /home/travis/build/icyphy/ptII/ptolemy/domains/continuous/test/auto/V2V.xml (RunModel)" time="0.949" />
  <testcase classname="ptolemy.util.test.junit.AutoTests" name="[147] /home/travis/build/icyphy/ptII/ptolemy/domains/continuous/test/auto/hierarchicalModalModel.xml (RunModel)" time="0.033" />
  <testcase classname="ptolemy.util.test.junit.AutoTests" name="[148] /home/travis/build/icyphy/ptII/ptolemy/domains/continuous/test/auto/hierarchicalModalModel1.xml (RunModel)" time="0.031" />
  <testcase classname="ptolemy.util.test.junit.AutoTests" name="[149] /home/travis/build/icyphy/ptII/ptolemy/domains/continuous/test/auto/hierarchicalModalModel2.xml (RunModel)" time="0.026" />
  <testcase classname="ptolemy.util.test.junit.AutoTests" name="[150] /home/travis/build/icyphy/ptII/ptolemy/domains/continuous/test/auto/hierarchicalModalModel3.xml (RunModel)" time="0.036" />
  <testcase classname="ptolemy.util.test.junit.AutoTests" name="[151] /home/travis/build/icyphy/ptII/ptolemy/domains/continuous/test/auto/hierarchicalModalModel4.xml (RunModel)" time="0.038" />
  <testcase classname="ptolemy.util.test.junit.AutoTests" name="[152] /home/travis/build/icyphy/ptII/ptolemy/domains/continuous/test/auto/junk.xml (RunModel)" time="0.171" />
  <system-out><![CDATA[No tcl tests in /home/travis/build/icyphy/ptII/ptolemy/domains/continuous/test
No auto/knownFailedTests/*.xml tests in /home/travis/build/icyphy/ptII/ptolemy/domains/continuous/test
No auto/linux-amd64/*.xml tests in /home/travis/build/icyphy/ptII/ptolemy/domains/continuous/test
AutoTests.java: About to close Vertx.
AutoTests.java: Vertx closed.

===========================================================================================
----------------- testing Mon Nov 18 06:15:46 UTC 2019 /home/travis/build/icyphy/ptII/ptolemy/domains/continuous/test/auto/BouncingBall.xml
----------------- Instantiating /home/travis/build/icyphy/ptII/ptolemy/domains/continuous/test/auto/BouncingBall.xml
2482 ms. Memory: 145408K Free: 113059K (78%)
----------------- Invoking toplevel() on ptolemy.moml.MoMLSimpleApplication@3f01d6c7
----------------- Done invoking toplevel() on ptolemy.moml.MoMLSimpleApplication@3f01d6c7
reloadAllAccessors: .BouncingBall

===========================================================================================
----------------- testing Mon Nov 18 06:15:49 UTC 2019 /home/travis/build/icyphy/ptII/ptolemy/domains/continuous/test/auto/BouncingBallWithoutGR.xml
----------------- Instantiating /home/travis/build/icyphy/ptII/ptolemy/domains/continuous/test/auto/BouncingBallWithoutGR.xml
845 ms. Memory: 145408K Free: 103146K (71%)
----------------- Invoking toplevel() on ptolemy.moml.MoMLSimpleApplication@2d01e589
----------------- Done invoking toplevel() on ptolemy.moml.MoMLSimpleApplication@2d01e589
reloadAllAccessors: .BouncingBallWithoutGR

===========================================================================================
----------------- testing Mon Nov 18 06:15:50 UTC 2019 /home/travis/build/icyphy/ptII/ptolemy/domains/continuous/test/auto/Brownian.xml
----------------- Instantiating /home/travis/build/icyphy/ptII/ptolemy/domains/continuous/test/auto/Brownian.xml
22 ms. Memory: 145408K Free: 93944K (65%)
----------------- Invoking toplevel() on ptolemy.moml.MoMLSimpleApplication@279916ed
----------------- Done invoking toplevel() on ptolemy.moml.MoMLSimpleApplication@279916ed
reloadAllAccessors: .Brownian

===========================================================================================
----------------- testing Mon Nov 18 06:15:50 UTC 2019 /home/travis/build/icyphy/ptII/ptolemy/domains/continuous/test/auto/CarTracking.xml
----------------- Instantiating /home/travis/build/icyphy/ptII/ptolemy/domains/continuous/test/auto/CarTracking.xml
3469 ms. Memory: 210944K Free: 93631K (44%)
----------------- Invoking toplevel() on ptolemy.moml.MoMLSimpleApplication@5ae1d194
----------------- Done invoking toplevel() on ptolemy.moml.MoMLSimpleApplication@5ae1d194
reloadAllAccessors: .CarTracking

===========================================================================================
----------------- testing Mon Nov 18 06:15:54 UTC 2019 /home/travis/build/icyphy/ptII/ptolemy/domains/continuous/test/auto/CartPendulum.xml
----------------- Instantiating /home/travis/build/icyphy/ptII/ptolemy/domains/continuous/test/auto/CartPendulum.xml
423 ms. Memory: 210944K Free: 124088K (59%)
----------------- Invoking toplevel() on ptolemy.moml.MoMLSimpleApplication@75d0c124
----------------- Done invoking toplevel() on ptolemy.moml.MoMLSimpleApplication@75d0c124
reloadAllAccessors: .CartPendulum

===========================================================================================
----------------- testing Mon Nov 18 06:15:55 UTC 2019 /home/travis/build/icyphy/ptII/ptolemy/domains/continuous/test/auto/CausalityInterface10.xml
----------------- Instantiating /home/travis/build/icyphy/ptII/ptolemy/domains/continuous/test/auto/CausalityInterface10.xml
13 ms. Memory: 210944K Free: 113878K (54%)
----------------- Invoking toplevel() on ptolemy.moml.MoMLSimpleApplication@3098cb49
----------------- Done invoking toplevel() on ptolemy.moml.MoMLSimpleApplication@3098cb49
reloadAllAccessors: .CausalityInterface10

===========================================================================================
----------------- testing Mon Nov 18 06:15:55 UTC 2019 /home/travis/build/icyphy/ptII/ptolemy/domains/continuous/test/auto/CausalityInterface11.xml
----------------- Instantiating /home/travis/build/icyphy/ptII/ptolemy/domains/continuous/test/auto/CausalityInterface11.xml
9 ms. Memory: 210944K Free: 107720K (51%)
----------------- Invoking toplevel() on ptolemy.moml.MoMLSimpleApplication@1bfa57c6
----------------- Done invoking toplevel() on ptolemy.moml.MoMLSimpleApplication@1bfa57c6
reloadAllAccessors: .CausalityInterface11

===========================================================================================
----------------- testing Mon Nov 18 06:15:55 UTC 2019 /home/travis/build/icyphy/ptII/ptolemy/domains/continuous/test/auto/CausalityInterface12.xml
----------------- Instantiating /home/travis/build/icyphy/ptII/ptolemy/domains/continuous/test/auto/CausalityInterface12.xml
12 ms. Memory: 210944K Free: 101576K (48%)
----------------- Invoking toplevel() on ptolemy.moml.MoMLSimpleApplication@3c5defe7
----------------- Done invoking toplevel() on ptolemy.moml.MoMLSimpleApplication@3c5defe7
reloadAllAccessors: .CausalityInterface12

===========================================================================================
----------------- testing Mon Nov 18 06:15:55 UTC 2019 /home/travis/build/icyphy/ptII/ptolemy/domains/continuous/test/auto/CausalityInterface13.xml
----------------- Instantiating /home/travis/build/icyphy/ptII/ptolemy/domains/continuous/test/auto/CausalityInterface13.xml
10 ms. Memory: 210944K Free: 95446K (45%)
----------------- Invoking toplevel() on ptolemy.moml.MoMLSimpleApplication@7a811244
----------------- Done invoking toplevel() on ptolemy.moml.MoMLSimpleApplication@7a811244
reloadAllAccessors: .CausalityInterface13

===========================================================================================
----------------- testing Mon Nov 18 06:15:55 UTC 2019 /home/travis/build/icyphy/ptII/ptolemy/domains/continuous/test/auto/CausalityInterface14.xml
----------------- Instantiating /home/travis/build/icyphy/ptII/ptolemy/domains/continuous/test/auto/CausalityInterface14.xml
5 ms. Memory: 210944K Free: 89816K (43%)
----------------- Invoking toplevel() on ptolemy.moml.MoMLSimpleApplication@1e658653
----------------- Done invoking toplevel() on ptolemy.moml.MoMLSimpleApplication@1e658653
reloadAllAccessors: .CausalityInterface14

===========================================================================================
----------------- testing Mon Nov 18 06:15:55 UTC 2019 /home/travis/build/icyphy/ptII/ptolemy/domains/continuous/test/auto/CausalityInterface4.xml
----------------- Instantiating /home/travis/build/icyphy/ptII/ptolemy/domains/continuous/test/auto/CausalityInterface4.xml
5 ms. Memory: 210944K Free: 82648K (39%)
----------------- Invoking toplevel() on ptolemy.moml.MoMLSimpleApplication@56a59e16
----------------- Done invoking toplevel() on ptolemy.moml.MoMLSimpleApplication@56a59e16
reloadAllAccessors: .CausalityInterface4

===========================================================================================
----------------- testing Mon Nov 18 06:15:55 UTC 2019 /home/travis/build/icyphy/ptII/ptolemy/domains/continuous/test/auto/CausalityInterface5.xml
----------------- Instantiating /home/travis/build/icyphy/ptII/ptolemy/domains/continuous/test/auto/CausalityInterface5.xml
9 ms. Memory: 210944K Free: 74456K (35%)
----------------- Invoking toplevel() on ptolemy.moml.MoMLSimpleApplication@1bda0edb
----------------- Done invoking toplevel() on ptolemy.moml.MoMLSimpleApplication@1bda0edb
reloadAllAccessors: .CausalityInterface5

===========================================================================================
----------------- testing Mon Nov 18 06:15:55 UTC 2019 /home/travis/build/icyphy/ptII/ptolemy/domains/continuous/test/auto/CausalityInterface6.xml
----------------- Instantiating /home/travis/build/icyphy/ptII/ptolemy/domains/continuous/test/auto/CausalityInterface6.xml
6 ms. Memory: 210944K Free: 193241K (92%)
----------------- Invoking toplevel() on ptolemy.moml.MoMLSimpleApplication@7ba1c0de
----------------- Done invoking toplevel() on ptolemy.moml.MoMLSimpleApplication@7ba1c0de
reloadAllAccessors: .CausalityInterface6

===========================================================================================
----------------- testing Mon Nov 18 06:15:55 UTC 2019 /home/travis/build/icyphy/ptII/ptolemy/domains/continuous/test/auto/CausalityInterface7.xml
----------------- Instantiating /home/travis/build/icyphy/ptII/ptolemy/domains/continuous/test/auto/CausalityInterface7.xml
12 ms. Memory: 210944K Free: 184556K (87%)
----------------- Invoking toplevel() on ptolemy.moml.MoMLSimpleApplication@658e53e1
----------------- Done invoking toplevel() on ptolemy.moml.MoMLSimpleApplication@658e53e1
reloadAllAccessors: .CausalityInterface7

===========================================================================================
----------------- testing Mon Nov 18 06:15:55 UTC 2019 /home/travis/build/icyphy/ptII/ptolemy/domains/continuous/test/auto/CausalityInterface8.xml
----------------- Instantiating /home/travis/build/icyphy/ptII/ptolemy/domains/continuous/test/auto/CausalityInterface8.xml
6 ms. Memory: 210944K Free: 175850K (83%)
----------------- Invoking toplevel() on ptolemy.moml.MoMLSimpleApplication@728d9e2a
----------------- Done invoking toplevel() on ptolemy.moml.MoMLSimpleApplication@728d9e2a
reloadAllAccessors: .CausalityInterface8

===========================================================================================
----------------- testing Mon Nov 18 06:15:55 UTC 2019 /home/travis/build/icyphy/ptII/ptolemy/domains/continuous/test/auto/CausalityInterface9.xml
----------------- Instantiating /home/travis/build/icyphy/ptII/ptolemy/domains/continuous/test/auto/CausalityInterface9.xml
18 ms. Memory: 210944K Free: 165100K (78%)
----------------- Invoking toplevel() on ptolemy.moml.MoMLSimpleApplication@1b62b7bc
----------------- Done invoking toplevel() on ptolemy.moml.MoMLSimpleApplication@1b62b7bc
reloadAllAccessors: .CausalityInterface9

===========================================================================================
----------------- testing Mon Nov 18 06:15:55 UTC 2019 /home/travis/build/icyphy/ptII/ptolemy/domains/continuous/test/auto/CausalityInterfaceFeedback1.xml
----------------- Instantiating /home/travis/build/icyphy/ptII/ptolemy/domains/continuous/test/auto/CausalityInterfaceFeedback1.xml
5 ms. Memory: 210944K Free: 157932K (75%)
----------------- Invoking toplevel() on ptolemy.moml.MoMLSimpleApplication@480bdf71
----------------- Done invoking toplevel() on ptolemy.moml.MoMLSimpleApplication@480bdf71
reloadAllAccessors: .CausalityInterfaceFeedback1

===========================================================================================
----------------- testing Mon Nov 18 06:15:55 UTC 2019 /home/travis/build/icyphy/ptII/ptolemy/domains/continuous/test/auto/CausalityInterfaceFeedback2.xml
----------------- Instantiating /home/travis/build/icyphy/ptII/ptolemy/domains/continuous/test/auto/CausalityInterfaceFeedback2.xml
5 ms. Memory: 210944K Free: 151244K (72%)
----------------- Invoking toplevel() on ptolemy.moml.MoMLSimpleApplication@9d173c5
----------------- Done invoking toplevel() on ptolemy.moml.MoMLSimpleApplication@9d173c5
reloadAllAccessors: .CausalityInterfaceFeedback2

===========================================================================================
----------------- testing Mon Nov 18 06:15:55 UTC 2019 /home/travis/build/icyphy/ptII/ptolemy/domains/continuous/test/auto/CompareWithCurrentTime.xml
----------------- Instantiating /home/travis/build/icyphy/ptII/ptolemy/domains/continuous/test/auto/CompareWithCurrentTime.xml
3 ms. Memory: 210944K Free: 147178K (70%)
----------------- Invoking toplevel() on ptolemy.moml.MoMLSimpleApplication@79dd83c4
----------------- Done invoking toplevel() on ptolemy.moml.MoMLSimpleApplication@79dd83c4
reloadAllAccessors: .CompareWithCurrentTime

===========================================================================================
----------------- testing Mon Nov 18 06:15:55 UTC 2019 /home/travis/build/icyphy/ptII/ptolemy/domains/continuous/test/auto/ComparedClocks.xml
----------------- Instantiating /home/travis/build/icyphy/ptII/ptolemy/domains/continuous/test/auto/ComparedClocks.xml
7 ms. Memory: 210944K Free: 131804K (62%)
----------------- Invoking toplevel() on ptolemy.moml.MoMLSimpleApplication@31e147f6
----------------- Done invoking toplevel() on ptolemy.moml.MoMLSimpleApplication@31e147f6
reloadAllAccessors: .ComparedClocks

===========================================================================================
----------------- testing Mon Nov 18 06:15:55 UTC 2019 /home/travis/build/icyphy/ptII/ptolemy/domains/continuous/test/auto/ContinuousAOCClone.xml
----------------- Instantiating /home/travis/build/icyphy/ptII/ptolemy/domains/continuous/test/auto/ContinuousAOCClone.xml
2509 ms. Memory: 268288K Free: 164236K (61%)
----------------- Invoking toplevel() on ptolemy.moml.MoMLSimpleApplication@58c39b9d
----------------- Done invoking toplevel() on ptolemy.moml.MoMLSimpleApplication@58c39b9d
reloadAllAccessors: .ContinuousAOCClone

===========================================================================================
----------------- testing Mon Nov 18 06:15:58 UTC 2019 /home/travis/build/icyphy/ptII/ptolemy/domains/continuous/test/auto/ContinuousClock.xml
----------------- Instantiating /home/travis/build/icyphy/ptII/ptolemy/domains/continuous/test/auto/ContinuousClock.xml
32 ms. Memory: 268288K Free: 142212K (53%)
----------------- Invoking toplevel() on ptolemy.moml.MoMLSimpleApplication@4d2cbe6d
----------------- Done invoking toplevel() on ptolemy.moml.MoMLSimpleApplication@4d2cbe6d
reloadAllAccessors: .ContinuousClock

===========================================================================================
----------------- testing Mon Nov 18 06:15:58 UTC 2019 /home/travis/build/icyphy/ptII/ptolemy/domains/continuous/test/auto/ContinuousInContinuous.xml
----------------- Instantiating /home/travis/build/icyphy/ptII/ptolemy/domains/continuous/test/auto/ContinuousInContinuous.xml
45 ms. Memory: 268288K Free: 118666K (44%)
----------------- Invoking toplevel() on ptolemy.moml.MoMLSimpleApplication@49eb9964
----------------- Done invoking toplevel() on ptolemy.moml.MoMLSimpleApplication@49eb9964
reloadAllAccessors: .ContinuousInContinuous

===========================================================================================
----------------- testing Mon Nov 18 06:15:58 UTC 2019 /home/travis/build/icyphy/ptII/ptolemy/domains/continuous/test/auto/ContinuousInContinuousInContinuous.xml
----------------- Instantiating /home/travis/build/icyphy/ptII/ptolemy/domains/continuous/test/auto/ContinuousInContinuousInContinuous.xml
10 ms. Memory: 268288K Free: 110988K (41%)
----------------- Invoking toplevel() on ptolemy.moml.MoMLSimpleApplication@46614062
----------------- Done invoking toplevel() on ptolemy.moml.MoMLSimpleApplication@46614062
reloadAllAccessors: .ContinuousInContinuousInContinuous

===========================================================================================
----------------- testing Mon Nov 18 06:15:58 UTC 2019 /home/travis/build/icyphy/ptII/ptolemy/domains/continuous/test/auto/ContinuousInDE.xml
----------------- Instantiating /home/travis/build/icyphy/ptII/ptolemy/domains/continuous/test/auto/ContinuousInDE.xml
75 ms. Memory: 268288K Free: 100234K (37%)
----------------- Invoking toplevel() on ptolemy.moml.MoMLSimpleApplication@68540c5f
----------------- Done invoking toplevel() on ptolemy.moml.MoMLSimpleApplication@68540c5f
reloadAllAccessors: .ContinuousInDE

===========================================================================================
----------------- testing Mon Nov 18 06:15:58 UTC 2019 /home/travis/build/icyphy/ptII/ptolemy/domains/continuous/test/auto/ContinuousInDE2.xml
----------------- Instantiating /home/travis/build/icyphy/ptII/ptolemy/domains/continuous/test/auto/ContinuousInDE2.xml
49 ms. Memory: 268288K Free: 250103K (93%)
----------------- Invoking toplevel() on ptolemy.moml.MoMLSimpleApplication@13fcd217
----------------- Done invoking toplevel() on ptolemy.moml.MoMLSimpleApplication@13fcd217
reloadAllAccessors: .ContinuousInDE2

===========================================================================================
----------------- testing Mon Nov 18 06:15:58 UTC 2019 /home/travis/build/icyphy/ptII/ptolemy/domains/continuous/test/auto/ContinuousInDE3.xml
----------------- Instantiating /home/travis/build/icyphy/ptII/ptolemy/domains/continuous/test/auto/ContinuousInDE3.xml
39 ms. Memory: 268288K Free: 239911K (89%)
----------------- Invoking toplevel() on ptolemy.moml.MoMLSimpleApplication@738910de
----------------- Done invoking toplevel() on ptolemy.moml.MoMLSimpleApplication@738910de
reloadAllAccessors: .ContinuousInDE3

===========================================================================================
----------------- testing Mon Nov 18 06:15:58 UTC 2019 /home/travis/build/icyphy/ptII/ptolemy/domains/continuous/test/auto/ContinuousInDE4.xml
----------------- Instantiating /home/travis/build/icyphy/ptII/ptolemy/domains/continuous/test/auto/ContinuousInDE4.xml
14 ms. Memory: 268288K Free: 233767K (87%)
----------------- Invoking toplevel() on ptolemy.moml.MoMLSimpleApplication@43772c5b
----------------- Done invoking toplevel() on ptolemy.moml.MoMLSimpleApplication@43772c5b
reloadAllAccessors: .ContinuousInDE4

===========================================================================================
----------------- testing Mon Nov 18 06:15:59 UTC 2019 /home/travis/build/icyphy/ptII/ptolemy/domains/continuous/test/auto/ContinuousInDEDifferentRefinements.xml
----------------- Instantiating /home/travis/build/icyphy/ptII/ptolemy/domains/continuous/test/auto/ContinuousInDEDifferentRefinements.xml
55 ms. Memory: 268288K Free: 202537K (75%)
----------------- Invoking toplevel() on ptolemy.moml.MoMLSimpleApplication@7e9264ad
----------------- Done invoking toplevel() on ptolemy.moml.MoMLSimpleApplication@7e9264ad
reloadAllAccessors: .ContinuousInDEDifferentRefinements

===========================================================================================
----------------- testing Mon Nov 18 06:15:59 UTC 2019 /home/travis/build/icyphy/ptII/ptolemy/domains/continuous/test/auto/ContinuousInDEDifferentRefinementsPreemptive.xml
----------------- Instantiating /home/travis/build/icyphy/ptII/ptolemy/domains/continuous/test/auto/ContinuousInDEDifferentRefinementsPreemptive.xml
50 ms. Memory: 268288K Free: 171817K (64%)
----------------- Invoking toplevel() on ptolemy.moml.MoMLSimpleApplication@6b986c79
----------------- Done invoking toplevel() on ptolemy.moml.MoMLSimpleApplication@6b986c79
reloadAllAccessors: .ContinuousInDEDifferentRefinementsPreemptive

===========================================================================================
----------------- testing Mon Nov 18 06:15:59 UTC 2019 /home/travis/build/icyphy/ptII/ptolemy/domains/continuous/test/auto/ContinuousInDEInContinuous2.xml
----------------- Instantiating /home/travis/build/icyphy/ptII/ptolemy/domains/continuous/test/auto/ContinuousInDEInContinuous2.xml
35 ms. Memory: 268288K Free: 160553K (60%)
----------------- Invoking toplevel() on ptolemy.moml.MoMLSimpleApplication@31eea5d4
----------------- Done invoking toplevel() on ptolemy.moml.MoMLSimpleApplication@31eea5d4
reloadAllAccessors: .ContinuousInDEInContinuous2

===========================================================================================
----------------- testing Mon Nov 18 06:15:59 UTC 2019 /home/travis/build/icyphy/ptII/ptolemy/domains/continuous/test/auto/ContinuousInDEInContinuous3.xml
----------------- Instantiating /home/travis/build/icyphy/ptII/ptolemy/domains/continuous/test/auto/ContinuousInDEInContinuous3.xml
40 ms. Memory: 268288K Free: 148775K (55%)
----------------- Invoking toplevel() on ptolemy.moml.MoMLSimpleApplication@621bdc0c
----------------- Done invoking toplevel() on ptolemy.moml.MoMLSimpleApplication@621bdc0c
reloadAllAccessors: .ContinuousInDEInContinuous3

===========================================================================================
----------------- testing Mon Nov 18 06:15:59 UTC 2019 /home/travis/build/icyphy/ptII/ptolemy/domains/continuous/test/auto/ContinuousInDEInput.xml
----------------- Instantiating /home/travis/build/icyphy/ptII/ptolemy/domains/continuous/test/auto/ContinuousInDEInput.xml
21 ms. Memory: 268288K Free: 141607K (53%)
----------------- Invoking toplevel() on ptolemy.moml.MoMLSimpleApplication@12faf7a2
----------------- Done invoking toplevel() on ptolemy.moml.MoMLSimpleApplication@12faf7a2
reloadAllAccessors: .ContinuousInDEInput

===========================================================================================
----------------- testing Mon Nov 18 06:15:59 UTC 2019 /home/travis/build/icyphy/ptII/ptolemy/domains/continuous/test/auto/ContinuousInDEInput2.xml
----------------- Instantiating /home/travis/build/icyphy/ptII/ptolemy/domains/continuous/test/auto/ContinuousInDEInput2.xml
19 ms. Memory: 268288K Free: 134439K (50%)
----------------- Invoking toplevel() on ptolemy.moml.MoMLSimpleApplication@15dd4adc
----------------- Done invoking toplevel() on ptolemy.moml.MoMLSimpleApplication@15dd4adc
reloadAllAccessors: .ContinuousInDEInput2

===========================================================================================
----------------- testing Mon Nov 18 06:15:59 UTC 2019 /home/travis/build/icyphy/ptII/ptolemy/domains/continuous/test/auto/ContinuousInDEInput3.xml
----------------- Instantiating /home/travis/build/icyphy/ptII/ptolemy/domains/continuous/test/auto/ContinuousInDEInput3.xml
12 ms. Memory: 268288K Free: 126761K (47%)
----------------- Invoking toplevel() on ptolemy.moml.MoMLSimpleApplication@583aac65
----------------- Done invoking toplevel() on ptolemy.moml.MoMLSimpleApplication@583aac65
reloadAllAccessors: .ContinuousInDEInput3

===========================================================================================
----------------- testing Mon Nov 18 06:15:59 UTC 2019 /home/travis/build/icyphy/ptII/ptolemy/domains/continuous/test/auto/ContinuousInDESharingRefinement.xml
----------------- Instantiating /home/travis/build/icyphy/ptII/ptolemy/domains/continuous/test/auto/ContinuousInDESharingRefinement.xml
179 ms. Memory: 268288K Free: 192483K (72%)
----------------- Invoking toplevel() on ptolemy.moml.MoMLSimpleApplication@48fc85bc
----------------- Done invoking toplevel() on ptolemy.moml.MoMLSimpleApplication@48fc85bc
reloadAllAccessors: .ContinuousInDESharingRefinement

===========================================================================================
----------------- testing Mon Nov 18 06:15:59 UTC 2019 /home/travis/build/icyphy/ptII/ptolemy/domains/continuous/test/auto/ContinuousInDEwithNoPorts.xml
----------------- Instantiating /home/travis/build/icyphy/ptII/ptolemy/domains/continuous/test/auto/ContinuousInDEwithNoPorts.xml
5 ms. Memory: 268288K Free: 188372K (70%)
----------------- Invoking toplevel() on ptolemy.moml.MoMLSimpleApplication@40f1601f
----------------- Done invoking toplevel() on ptolemy.moml.MoMLSimpleApplication@40f1601f
reloadAllAccessors: .ContinuousInDEwithNoPorts

===========================================================================================
----------------- testing Mon Nov 18 06:15:59 UTC 2019 /home/travis/build/icyphy/ptII/ptolemy/domains/continuous/test/auto/ContinuousInsideDE.xml
----------------- Instantiating /home/travis/build/icyphy/ptII/ptolemy/domains/continuous/test/auto/ContinuousInsideDE.xml
35 ms. Memory: 268288K Free: 177108K (66%)
----------------- Invoking toplevel() on ptolemy.moml.MoMLSimpleApplication@2b769028
----------------- Done invoking toplevel() on ptolemy.moml.MoMLSimpleApplication@2b769028
reloadAllAccessors: .ContinuousInsideDE

===========================================================================================
----------------- testing Mon Nov 18 06:15:59 UTC 2019 /home/travis/build/icyphy/ptII/ptolemy/domains/continuous/test/auto/ContinuousMerge1.xml
----------------- Instantiating /home/travis/build/icyphy/ptII/ptolemy/domains/continuous/test/auto/ContinuousMerge1.xml
3 ms. Memory: 268288K Free: 172484K (64%)
----------------- Invoking toplevel() on ptolemy.moml.MoMLSimpleApplication@612d1986
----------------- Done invoking toplevel() on ptolemy.moml.MoMLSimpleApplication@612d1986
reloadAllAccessors: .ContinuousMerge1

===========================================================================================
----------------- testing Mon Nov 18 06:15:59 UTC 2019 /home/travis/build/icyphy/ptII/ptolemy/domains/continuous/test/auto/ContinuousMerge2.xml
----------------- Instantiating /home/travis/build/icyphy/ptII/ptolemy/domains/continuous/test/auto/ContinuousMerge2.xml
16 ms. Memory: 268288K Free: 162258K (60%)
----------------- Invoking toplevel() on ptolemy.moml.MoMLSimpleApplication@356c9e6e
----------------- Done invoking toplevel() on ptolemy.moml.MoMLSimpleApplication@356c9e6e
reloadAllAccessors: .ContinuousMerge2

===========================================================================================
----------------- testing Mon Nov 18 06:15:59 UTC 2019 /home/travis/build/icyphy/ptII/ptolemy/domains/continuous/test/auto/ContinuousMerge3.xml
----------------- Instantiating /home/travis/build/icyphy/ptII/ptolemy/domains/continuous/test/auto/ContinuousMerge3.xml
40 ms. Memory: 268288K Free: 151508K (56%)
----------------- Invoking toplevel() on ptolemy.moml.MoMLSimpleApplication@6b630092
----------------- Done invoking toplevel() on ptolemy.moml.MoMLSimpleApplication@6b630092
reloadAllAccessors: .ContinuousMerge3

===========================================================================================
----------------- testing Mon Nov 18 06:15:59 UTC 2019 /home/travis/build/icyphy/ptII/ptolemy/domains/continuous/test/auto/ContinuousWithinContinuous.xml
----------------- Instantiating /home/travis/build/icyphy/ptII/ptolemy/domains/continuous/test/auto/ContinuousWithinContinuous.xml
33 ms. Memory: 268288K Free: 141778K (53%)
----------------- Invoking toplevel() on ptolemy.moml.MoMLSimpleApplication@2541c349
----------------- Done invoking toplevel() on ptolemy.moml.MoMLSimpleApplication@2541c349
reloadAllAccessors: .ContinuousWithinContinuous

===========================================================================================
----------------- testing Mon Nov 18 06:16:00 UTC 2019 /home/travis/build/icyphy/ptII/ptolemy/domains/continuous/test/auto/ContinuousWithinContinuous2.xml
----------------- Instantiating /home/travis/build/icyphy/ptII/ptolemy/domains/continuous/test/auto/ContinuousWithinContinuous2.xml
64 ms. Memory: 268288K Free: 130514K (49%)
----------------- Invoking toplevel() on ptolemy.moml.MoMLSimpleApplication@542183a6
----------------- Done invoking toplevel() on ptolemy.moml.MoMLSimpleApplication@542183a6
reloadAllAccessors: .ContinuousWithinContinuous2

===========================================================================================
----------------- testing Mon Nov 18 06:16:00 UTC 2019 /home/travis/build/icyphy/ptII/ptolemy/domains/continuous/test/auto/ContinuousWithinContinuous3.xml
----------------- Instantiating /home/travis/build/icyphy/ptII/ptolemy/domains/continuous/test/auto/ContinuousWithinContinuous3.xml
12 ms. Memory: 268288K Free: 123860K (46%)
----------------- Invoking toplevel() on ptolemy.moml.MoMLSimpleApplication@1afd02b4
----------------- Done invoking toplevel() on ptolemy.moml.MoMLSimpleApplication@1afd02b4
reloadAllAccessors: .ContinuousWithinContinuous3

===========================================================================================
----------------- testing Mon Nov 18 06:16:00 UTC 2019 /home/travis/build/icyphy/ptII/ptolemy/domains/continuous/test/auto/ContinuousWithinContinuous4.xml
----------------- Instantiating /home/travis/build/icyphy/ptII/ptolemy/domains/continuous/test/auto/ContinuousWithinContinuous4.xml
73 ms. Memory: 268288K Free: 111572K (42%)
----------------- Invoking toplevel() on ptolemy.moml.MoMLSimpleApplication@6c307677
----------------- Done invoking toplevel() on ptolemy.moml.MoMLSimpleApplication@6c307677
reloadAllAccessors: .ContinuousWithinContinuous4

===========================================================================================
----------------- testing Mon Nov 18 06:16:00 UTC 2019 /home/travis/build/icyphy/ptII/ptolemy/domains/continuous/test/auto/ContinuousWithinContinuous5.xml
----------------- Instantiating /home/travis/build/icyphy/ptII/ptolemy/domains/continuous/test/auto/ContinuousWithinContinuous5.xml
11 ms. Memory: 268288K Free: 103890K (39%)
----------------- Invoking toplevel() on ptolemy.moml.MoMLSimpleApplication@2ef0f4ea
----------------- Done invoking toplevel() on ptolemy.moml.MoMLSimpleApplication@2ef0f4ea
reloadAllAccessors: .ContinuousWithinContinuous5

===========================================================================================
----------------- testing Mon Nov 18 06:16:00 UTC 2019 /home/travis/build/icyphy/ptII/ptolemy/domains/continuous/test/auto/ContinuousWithinContinuous6.xml
----------------- Instantiating /home/travis/build/icyphy/ptII/ptolemy/domains/continuous/test/auto/ContinuousWithinContinuous6.xml
12 ms. Memory: 268288K Free: 96722K (36%)
----------------- Invoking toplevel() on ptolemy.moml.MoMLSimpleApplication@1055d9da
----------------- Done invoking toplevel() on ptolemy.moml.MoMLSimpleApplication@1055d9da
reloadAllAccessors: .ContinuousWithinContinuous6

===========================================================================================
----------------- testing Mon Nov 18 06:16:00 UTC 2019 /home/travis/build/icyphy/ptII/ptolemy/domains/continuous/test/auto/ContinuousWithinContinuous7.xml
----------------- Instantiating /home/travis/build/icyphy/ptII/ptolemy/domains/continuous/test/auto/ContinuousWithinContinuous7.xml
56 ms. Memory: 268288K Free: 245785K (92%)
----------------- Invoking toplevel() on ptolemy.moml.MoMLSimpleApplication@10422cab
----------------- Done invoking toplevel() on ptolemy.moml.MoMLSimpleApplication@10422cab
reloadAllAccessors: .ContinuousWithinContinuous7

===========================================================================================
----------------- testing Mon Nov 18 06:16:00 UTC 2019 /home/travis/build/icyphy/ptII/ptolemy/domains/continuous/test/auto/DCMotor.xml
----------------- Instantiating /home/travis/build/icyphy/ptII/ptolemy/domains/continuous/test/auto/DCMotor.xml
13523 ms. Memory: 268288K Free: 195023K (73%)
----------------- Invoking toplevel() on ptolemy.moml.MoMLSimpleApplication@7079e06c
----------------- Done invoking toplevel() on ptolemy.moml.MoMLSimpleApplication@7079e06c
reloadAllAccessors: .DCMotor

===========================================================================================
----------------- testing Mon Nov 18 06:16:13 UTC 2019 /home/travis/build/icyphy/ptII/ptolemy/domains/continuous/test/auto/DEInContinuous.xml
----------------- Instantiating /home/travis/build/icyphy/ptII/ptolemy/domains/continuous/test/auto/DEInContinuous.xml
22 ms. Memory: 268288K Free: 188879K (70%)
----------------- Invoking toplevel() on ptolemy.moml.MoMLSimpleApplication@3903f27
----------------- Done invoking toplevel() on ptolemy.moml.MoMLSimpleApplication@3903f27
reloadAllAccessors: .DEInContinuous

===========================================================================================
----------------- testing Mon Nov 18 06:16:14 UTC 2019 /home/travis/build/icyphy/ptII/ptolemy/domains/continuous/test/auto/DEinContinuous2.xml
----------------- Instantiating /home/travis/build/icyphy/ptII/ptolemy/domains/continuous/test/auto/DEinContinuous2.xml
6 ms. Memory: 268288K Free: 180687K (67%)
----------------- Invoking toplevel() on ptolemy.moml.MoMLSimpleApplication@29742a7b
----------------- Done invoking toplevel() on ptolemy.moml.MoMLSimpleApplication@29742a7b
reloadAllAccessors: .DEinContinuous2

===========================================================================================
----------------- testing Mon Nov 18 06:16:14 UTC 2019 /home/travis/build/icyphy/ptII/ptolemy/domains/continuous/test/auto/Derivative.xml
----------------- Instantiating /home/travis/build/icyphy/ptII/ptolemy/domains/continuous/test/auto/Derivative.xml
141 ms. Memory: 268288K Free: 150991K (56%)
----------------- Invoking toplevel() on ptolemy.moml.MoMLSimpleApplication@49c19ec9
----------------- Done invoking toplevel() on ptolemy.moml.MoMLSimpleApplication@49c19ec9
reloadAllAccessors: .Derivative2

===========================================================================================
----------------- testing Mon Nov 18 06:16:14 UTC 2019 /home/travis/build/icyphy/ptII/ptolemy/domains/continuous/test/auto/Derivative1.xml
----------------- Instantiating /home/travis/build/icyphy/ptII/ptolemy/domains/continuous/test/auto/Derivative1.xml
32 ms. Memory: 268288K Free: 136655K (51%)
----------------- Invoking toplevel() on ptolemy.moml.MoMLSimpleApplication@78b885f7
----------------- Done invoking toplevel() on ptolemy.moml.MoMLSimpleApplication@78b885f7
reloadAllAccessors: .Derivative1

===========================================================================================
----------------- testing Mon Nov 18 06:16:14 UTC 2019 /home/travis/build/icyphy/ptII/ptolemy/domains/continuous/test/auto/DiscreteClock.xml
----------------- Instantiating /home/travis/build/icyphy/ptII/ptolemy/domains/continuous/test/auto/DiscreteClock.xml
3 ms. Memory: 268288K Free: 131535K (49%)
----------------- Invoking toplevel() on ptolemy.moml.MoMLSimpleApplication@5f869da7
----------------- Done invoking toplevel() on ptolemy.moml.MoMLSimpleApplication@5f869da7
reloadAllAccessors: .DiscreteClock

===========================================================================================
----------------- testing Mon Nov 18 06:16:14 UTC 2019 /home/travis/build/icyphy/ptII/ptolemy/domains/continuous/test/auto/EfficiencyCurve.xml
----------------- Instantiating /home/travis/build/icyphy/ptII/ptolemy/domains/continuous/test/auto/EfficiencyCurve.xml
54 ms. Memory: 268288K Free: 122319K (46%)
----------------- Invoking toplevel() on ptolemy.moml.MoMLSimpleApplication@4787868f
----------------- Done invoking toplevel() on ptolemy.moml.MoMLSimpleApplication@4787868f
reloadAllAccessors: .EfficiencyCurve

===========================================================================================
----------------- testing Mon Nov 18 06:16:14 UTC 2019 /home/travis/build/icyphy/ptII/ptolemy/domains/continuous/test/auto/ExponentialResponse.xml
----------------- Instantiating /home/travis/build/icyphy/ptII/ptolemy/domains/continuous/test/auto/ExponentialResponse.xml
108 ms. Memory: 268288K Free: 106445K (40%)
----------------- Invoking toplevel() on ptolemy.moml.MoMLSimpleApplication@727c20ef
----------------- Done invoking toplevel() on ptolemy.moml.MoMLSimpleApplication@727c20ef
reloadAllAccessors: .ExponentialResponse

===========================================================================================
----------------- testing Mon Nov 18 06:16:14 UTC 2019 /home/travis/build/icyphy/ptII/ptolemy/domains/continuous/test/auto/ExponentialResponseRK45.xml
----------------- Instantiating /home/travis/build/icyphy/ptII/ptolemy/domains/continuous/test/auto/ExponentialResponseRK45.xml
25 ms. Memory: 268288K Free: 99791K (37%)
----------------- Invoking toplevel() on ptolemy.moml.MoMLSimpleApplication@4e9f5a74
----------------- Done invoking toplevel() on ptolemy.moml.MoMLSimpleApplication@4e9f5a74
reloadAllAccessors: .ExponentialResponseRK45

===========================================================================================
----------------- testing Mon Nov 18 06:16:14 UTC 2019 /home/travis/build/icyphy/ptII/ptolemy/domains/continuous/test/auto/Friction.xml
----------------- Instantiating /home/travis/build/icyphy/ptII/ptolemy/domains/continuous/test/auto/Friction.xml
1487 ms. Memory: 268288K Free: 151869K (57%)
----------------- Invoking toplevel() on ptolemy.moml.MoMLSimpleApplication@5725cb44
----------------- Done invoking toplevel() on ptolemy.moml.MoMLSimpleApplication@5725cb44
reloadAllAccessors: .Friction

===========================================================================================
----------------- testing Mon Nov 18 06:16:16 UTC 2019 /home/travis/build/icyphy/ptII/ptolemy/domains/continuous/test/auto/FurutaPendulum.xml
----------------- Instantiating /home/travis/build/icyphy/ptII/ptolemy/domains/continuous/test/auto/FurutaPendulum.xml
3668 ms. Memory: 268288K Free: 110942K (41%)
----------------- Invoking toplevel() on ptolemy.moml.MoMLSimpleApplication@36c9ca1b
----------------- Done invoking toplevel() on ptolemy.moml.MoMLSimpleApplication@36c9ca1b
reloadAllAccessors: .FurutaPendulum

===========================================================================================
----------------- testing Mon Nov 18 06:16:19 UTC 2019 /home/travis/build/icyphy/ptII/ptolemy/domains/continuous/test/auto/HierarchicalExecution.xml
----------------- Instantiating /home/travis/build/icyphy/ptII/ptolemy/domains/continuous/test/auto/HierarchicalExecution.xml
2217 ms. Memory: 268288K Free: 128176K (48%)
----------------- Invoking toplevel() on ptolemy.moml.MoMLSimpleApplication@142760a4
----------------- Done invoking toplevel() on ptolemy.moml.MoMLSimpleApplication@142760a4
reloadAllAccessors: .HierarchicalExecution

===========================================================================================
----------------- testing Mon Nov 18 06:16:22 UTC 2019 /home/travis/build/icyphy/ptII/ptolemy/domains/continuous/test/auto/HybridPlant.xml
----------------- Instantiating /home/travis/build/icyphy/ptII/ptolemy/domains/continuous/test/auto/HybridPlant.xml
566 ms. Memory: 268288K Free: 181714K (68%)
----------------- Invoking toplevel() on ptolemy.moml.MoMLSimpleApplication@14abfcaf
----------------- Done invoking toplevel() on ptolemy.moml.MoMLSimpleApplication@14abfcaf
reloadAllAccessors: .HybridPlant

===========================================================================================
----------------- testing Mon Nov 18 06:16:23 UTC 2019 /home/travis/build/icyphy/ptII/ptolemy/domains/continuous/test/auto/Hysteresis.xml
----------------- Instantiating /home/travis/build/icyphy/ptII/ptolemy/domains/continuous/test/auto/Hysteresis.xml
160 ms. Memory: 268288K Free: 118705K (44%)
----------------- Invoking toplevel() on ptolemy.moml.MoMLSimpleApplication@16c0edef
----------------- Done invoking toplevel() on ptolemy.moml.MoMLSimpleApplication@16c0edef
reloadAllAccessors: .Hysteresis

===========================================================================================
----------------- testing Mon Nov 18 06:16:23 UTC 2019 /home/travis/build/icyphy/ptII/ptolemy/domains/continuous/test/auto/HysteresisWithRandomDelay.xml
----------------- Instantiating /home/travis/build/icyphy/ptII/ptolemy/domains/continuous/test/auto/HysteresisWithRandomDelay.xml
213 ms. Memory: 268288K Free: 206300K (77%)
----------------- Invoking toplevel() on ptolemy.moml.MoMLSimpleApplication@7eea57ea
----------------- Done invoking toplevel() on ptolemy.moml.MoMLSimpleApplication@7eea57ea
reloadAllAccessors: .HysteresisWithRandomDelay

===========================================================================================
----------------- testing Mon Nov 18 06:16:23 UTC 2019 /home/travis/build/icyphy/ptII/ptolemy/domains/continuous/test/auto/HysteresisWithRandomLosses.xml
----------------- Instantiating /home/travis/build/icyphy/ptII/ptolemy/domains/continuous/test/auto/HysteresisWithRandomLosses.xml
2651 ms. Memory: 268288K Free: 93832K (35%)
----------------- Invoking toplevel() on ptolemy.moml.MoMLSimpleApplication@e421446
----------------- Done invoking toplevel() on ptolemy.moml.MoMLSimpleApplication@e421446
reloadAllAccessors: .HysteresisWithRandomLosses

===========================================================================================
----------------- testing Mon Nov 18 06:16:26 UTC 2019 /home/travis/build/icyphy/ptII/ptolemy/domains/continuous/test/auto/ImmediateTransitions.xml
----------------- Instantiating /home/travis/build/icyphy/ptII/ptolemy/domains/continuous/test/auto/ImmediateTransitions.xml
11 ms. Memory: 268288K Free: 239172K (89%)
----------------- Invoking toplevel() on ptolemy.moml.MoMLSimpleApplication@1e7bd469
----------------- Done invoking toplevel() on ptolemy.moml.MoMLSimpleApplication@1e7bd469
reloadAllAccessors: .ImmediateTransitions

===========================================================================================
----------------- testing Mon Nov 18 06:16:26 UTC 2019 /home/travis/build/icyphy/ptII/ptolemy/domains/continuous/test/auto/ImpulseFeedback.xml
----------------- Instantiating /home/travis/build/icyphy/ptII/ptolemy/domains/continuous/test/auto/ImpulseFeedback.xml
6 ms. Memory: 268288K Free: 233556K (87%)
----------------- Invoking toplevel() on ptolemy.moml.MoMLSimpleApplication@43eddd40
----------------- Done invoking toplevel() on ptolemy.moml.MoMLSimpleApplication@43eddd40
reloadAllAccessors: .ImpulseFeedback

===========================================================================================
----------------- testing Mon Nov 18 06:16:26 UTC 2019 /home/travis/build/icyphy/ptII/ptolemy/domains/continuous/test/auto/ImpulseFeedback2.xml
----------------- Instantiating /home/travis/build/icyphy/ptII/ptolemy/domains/continuous/test/auto/ImpulseFeedback2.xml
5 ms. Memory: 268288K Free: 227922K (85%)
----------------- Invoking toplevel() on ptolemy.moml.MoMLSimpleApplication@6938d18e
----------------- Done invoking toplevel() on ptolemy.moml.MoMLSimpleApplication@6938d18e
reloadAllAccessors: .ImpulseFeedback2

===========================================================================================
----------------- testing Mon Nov 18 06:16:26 UTC 2019 /home/travis/build/icyphy/ptII/ptolemy/domains/continuous/test/auto/IncreasingRatePoisson.xml
----------------- Instantiating /home/travis/build/icyphy/ptII/ptolemy/domains/continuous/test/auto/IncreasingRatePoisson.xml
770 ms. Memory: 268288K Free: 230209K (86%)
----------------- Invoking toplevel() on ptolemy.moml.MoMLSimpleApplication@2ac72cc1
----------------- Done invoking toplevel() on ptolemy.moml.MoMLSimpleApplication@2ac72cc1
reloadAllAccessors: .IncreasingRatePoisson

===========================================================================================
----------------- testing Mon Nov 18 06:16:27 UTC 2019 /home/travis/build/icyphy/ptII/ptolemy/domains/continuous/test/auto/InitialStateFeedback.xml
----------------- Instantiating /home/travis/build/icyphy/ptII/ptolemy/domains/continuous/test/auto/InitialStateFeedback.xml
4 ms. Memory: 268288K Free: 225599K (84%)
----------------- Invoking toplevel() on ptolemy.moml.MoMLSimpleApplication@7b34e2f2
----------------- Done invoking toplevel() on ptolemy.moml.MoMLSimpleApplication@7b34e2f2
reloadAllAccessors: .InitialStateFeedback

===========================================================================================
----------------- testing Mon Nov 18 06:16:27 UTC 2019 /home/travis/build/icyphy/ptII/ptolemy/domains/continuous/test/auto/Integration.xml
----------------- Instantiating /home/travis/build/icyphy/ptII/ptolemy/domains/continuous/test/auto/Integration.xml
1 ms. Memory: 268288K Free: 221503K (83%)
----------------- Invoking toplevel() on ptolemy.moml.MoMLSimpleApplication@1449ebd7
----------------- Done invoking toplevel() on ptolemy.moml.MoMLSimpleApplication@1449ebd7
reloadAllAccessors: .Integration

===========================================================================================
----------------- testing Mon Nov 18 06:16:27 UTC 2019 /home/travis/build/icyphy/ptII/ptolemy/domains/continuous/test/auto/Integration2.xml
----------------- Instantiating /home/travis/build/icyphy/ptII/ptolemy/domains/continuous/test/auto/Integration2.xml
86 ms. Memory: 268288K Free: 207167K (77%)
----------------- Invoking toplevel() on ptolemy.moml.MoMLSimpleApplication@5ffa4df9
----------------- Done invoking toplevel() on ptolemy.moml.MoMLSimpleApplication@5ffa4df9
reloadAllAccessors: .Integration2

===========================================================================================
----------------- testing Mon Nov 18 06:16:27 UTC 2019 /home/travis/build/icyphy/ptII/ptolemy/domains/continuous/test/auto/Integration3.xml
----------------- Instantiating /home/travis/build/icyphy/ptII/ptolemy/domains/continuous/test/auto/Integration3.xml
2 ms. Memory: 268288K Free: 202561K (76%)
----------------- Invoking toplevel() on ptolemy.moml.MoMLSimpleApplication@159b6181
----------------- Done invoking toplevel() on ptolemy.moml.MoMLSimpleApplication@159b6181
reloadAllAccessors: .Integration3

===========================================================================================
----------------- testing Mon Nov 18 06:16:27 UTC 2019 /home/travis/build/icyphy/ptII/ptolemy/domains/continuous/test/auto/Integration5.xml
----------------- Instantiating /home/travis/build/icyphy/ptII/ptolemy/domains/continuous/test/auto/Integration5.xml
2 ms. Memory: 268288K Free: 198465K (74%)
----------------- Invoking toplevel() on ptolemy.moml.MoMLSimpleApplication@5853643e
----------------- Done invoking toplevel() on ptolemy.moml.MoMLSimpleApplication@5853643e
reloadAllAccessors: .Integration5

===========================================================================================
----------------- testing Mon Nov 18 06:16:27 UTC 2019 /home/travis/build/icyphy/ptII/ptolemy/domains/continuous/test/auto/IntegratorImpulse.xml
----------------- Instantiating /home/travis/build/icyphy/ptII/ptolemy/domains/continuous/test/auto/IntegratorImpulse.xml
2 ms. Memory: 268288K Free: 194369K (72%)
----------------- Invoking toplevel() on ptolemy.moml.MoMLSimpleApplication@4e90b68a
----------------- Done invoking toplevel() on ptolemy.moml.MoMLSimpleApplication@4e90b68a
reloadAllAccessors: .IntegratorImpulse

===========================================================================================
----------------- testing Mon Nov 18 06:16:27 UTC 2019 /home/travis/build/icyphy/ptII/ptolemy/domains/continuous/test/auto/IntegratorImpulse2.xml
----------------- Instantiating /home/travis/build/icyphy/ptII/ptolemy/domains/continuous/test/auto/IntegratorImpulse2.xml
3 ms. Memory: 268288K Free: 189729K (71%)
----------------- Invoking toplevel() on ptolemy.moml.MoMLSimpleApplication@5bbbc9b1
----------------- Done invoking toplevel() on ptolemy.moml.MoMLSimpleApplication@5bbbc9b1
reloadAllAccessors: .IntegratorImpulse2

===========================================================================================
----------------- testing Mon Nov 18 06:16:27 UTC 2019 /home/travis/build/icyphy/ptII/ptolemy/domains/continuous/test/auto/LevelCrossing1.xml
----------------- Instantiating /home/travis/build/icyphy/ptII/ptolemy/domains/continuous/test/auto/LevelCrossing1.xml
3 ms. Memory: 268288K Free: 184639K (69%)
----------------- Invoking toplevel() on ptolemy.moml.MoMLSimpleApplication@35d6929a
----------------- Done invoking toplevel() on ptolemy.moml.MoMLSimpleApplication@35d6929a
reloadAllAccessors: .LevelCrossing1

===========================================================================================
----------------- testing Mon Nov 18 06:16:27 UTC 2019 /home/travis/build/icyphy/ptII/ptolemy/domains/continuous/test/auto/LevelCrossing2.xml
----------------- Instantiating /home/travis/build/icyphy/ptII/ptolemy/domains/continuous/test/auto/LevelCrossing2.xml
3 ms. Memory: 268288K Free: 179505K (67%)
----------------- Invoking toplevel() on ptolemy.moml.MoMLSimpleApplication@40185469
----------------- Done invoking toplevel() on ptolemy.moml.MoMLSimpleApplication@40185469
reloadAllAccessors: .LevelCrossing2

===========================================================================================
----------------- testing Mon Nov 18 06:16:27 UTC 2019 /home/travis/build/icyphy/ptII/ptolemy/domains/continuous/test/auto/LevelCrossing3.xml
----------------- Instantiating /home/travis/build/icyphy/ptII/ptolemy/domains/continuous/test/auto/LevelCrossing3.xml
3 ms. Memory: 268288K Free: 174399K (65%)
----------------- Invoking toplevel() on ptolemy.moml.MoMLSimpleApplication@393d8585
----------------- Done invoking toplevel() on ptolemy.moml.MoMLSimpleApplication@393d8585
reloadAllAccessors: .LevelCrossing3

===========================================================================================
----------------- testing Mon Nov 18 06:16:27 UTC 2019 /home/travis/build/icyphy/ptII/ptolemy/domains/continuous/test/auto/LevelCrossing4.xml
----------------- Instantiating /home/travis/build/icyphy/ptII/ptolemy/domains/continuous/test/auto/LevelCrossing4.xml
3 ms. Memory: 268288K Free: 169279K (63%)
----------------- Invoking toplevel() on ptolemy.moml.MoMLSimpleApplication@7b7c12e4
----------------- Done invoking toplevel() on ptolemy.moml.MoMLSimpleApplication@7b7c12e4
reloadAllAccessors: .LevelCrossing4

===========================================================================================
----------------- testing Mon Nov 18 06:16:27 UTC 2019 /home/travis/build/icyphy/ptII/ptolemy/domains/continuous/test/auto/LevelCrossing5.xml
----------------- Instantiating /home/travis/build/icyphy/ptII/ptolemy/domains/continuous/test/auto/LevelCrossing5.xml
3 ms. Memory: 268288K Free: 164159K (61%)
----------------- Invoking toplevel() on ptolemy.moml.MoMLSimpleApplication@51755b52
----------------- Done invoking toplevel() on ptolemy.moml.MoMLSimpleApplication@51755b52
reloadAllAccessors: .LevelCrossing5

===========================================================================================
[...]
----------------- testing Mon Nov 18 06:16:46 UTC 2019 /home/travis/build/icyphy/ptII/ptolemy/domains/continuous/test/auto/SRinContinuous.xml
----------------- Instantiating /home/travis/build/icyphy/ptII/ptolemy/domains/continuous/test/auto/SRinContinuous.xml
5 ms. Memory: 268288K Free: 179610K (67%)
----------------- Invoking toplevel() on ptolemy.moml.MoMLSimpleApplication@3f9e0204
----------------- Done invoking toplevel() on ptolemy.moml.MoMLSimpleApplication@3f9e0204
reloadAllAccessors: .SRinContinuous

===========================================================================================
----------------- testing Mon Nov 18 06:16:46 UTC 2019 /home/travis/build/icyphy/ptII/ptolemy/domains/continuous/test/auto/SampledClocks.xml
----------------- Instantiating /home/travis/build/icyphy/ptII/ptolemy/domains/continuous/test/auto/SampledClocks.xml
7 ms. Memory: 268288K Free: 166808K (62%)
----------------- Invoking toplevel() on ptolemy.moml.MoMLSimpleApplication@2ae43b11
----------------- Done invoking toplevel() on ptolemy.moml.MoMLSimpleApplication@2ae43b11
reloadAllAccessors: .SampledClocks

===========================================================================================
----------------- testing Mon Nov 18 06:16:46 UTC 2019 /home/travis/build/icyphy/ptII/ptolemy/domains/continuous/test/auto/Satellite.xml
----------------- Instantiating /home/travis/build/icyphy/ptII/ptolemy/domains/continuous/test/auto/Satellite.xml
889 ms. Memory: 268288K Free: 129178K (48%)
----------------- Invoking toplevel() on ptolemy.moml.MoMLSimpleApplication@21a31209
----------------- Done invoking toplevel() on ptolemy.moml.MoMLSimpleApplication@21a31209
reloadAllAccessors: .Satellite

===========================================================================================
----------------- testing Mon Nov 18 06:16:47 UTC 2019 /home/travis/build/icyphy/ptII/ptolemy/domains/continuous/test/auto/SigmaDelta.xml
----------------- Instantiating /home/travis/build/icyphy/ptII/ptolemy/domains/continuous/test/auto/SigmaDelta.xml
2303 ms. Memory: 268288K Free: 182735K (68%)
----------------- Invoking toplevel() on ptolemy.moml.MoMLSimpleApplication@396a5435
----------------- Done invoking toplevel() on ptolemy.moml.MoMLSimpleApplication@396a5435
reloadAllAccessors: .SigmaDelta

===========================================================================================
----------------- testing Mon Nov 18 06:16:49 UTC 2019 /home/travis/build/icyphy/ptII/ptolemy/domains/continuous/test/auto/SingleRefinement.xml
----------------- Instantiating /home/travis/build/icyphy/ptII/ptolemy/domains/continuous/test/auto/SingleRefinement.xml
300 ms. Memory: 268288K Free: 155908K (58%)
----------------- Invoking toplevel() on ptolemy.moml.MoMLSimpleApplication@2fee942b
----------------- Done invoking toplevel() on ptolemy.moml.MoMLSimpleApplication@2fee942b
reloadAllAccessors: .SingleRefinement

===========================================================================================
----------------- testing Mon Nov 18 06:16:50 UTC 2019 /home/travis/build/icyphy/ptII/ptolemy/domains/continuous/test/auto/SinuBouncingBall.xml
----------------- Instantiating /home/travis/build/icyphy/ptII/ptolemy/domains/continuous/test/auto/SinuBouncingBall.xml
803 ms. Memory: 268288K Free: 95795K (36%)
----------------- Invoking toplevel() on ptolemy.moml.MoMLSimpleApplication@27c4a3ab
----------------- Done invoking toplevel() on ptolemy.moml.MoMLSimpleApplication@27c4a3ab
reloadAllAccessors: .SinuBouncingBall

===========================================================================================
----------------- testing Mon Nov 18 06:16:50 UTC 2019 /home/travis/build/icyphy/ptII/ptolemy/domains/continuous/test/auto/Sinusoid.xml
----------------- Instantiating /home/travis/build/icyphy/ptII/ptolemy/domains/continuous/test/auto/Sinusoid.xml
9 ms. Memory: 268288K Free: 251127K (94%)
----------------- Invoking toplevel() on ptolemy.moml.MoMLSimpleApplication@274b1e6c
----------------- Done invoking toplevel() on ptolemy.moml.MoMLSimpleApplication@274b1e6c
reloadAllAccessors: .Sinusoid

===========================================================================================
----------------- testing Mon Nov 18 06:16:51 UTC 2019 /home/travis/build/icyphy/ptII/ptolemy/domains/continuous/test/auto/SinusoidInNoise.xml
----------------- Instantiating /home/travis/build/icyphy/ptII/ptolemy/domains/continuous/test/auto/SinusoidInNoise.xml
987 ms. Memory: 268288K Free: 115445K (43%)
----------------- Invoking toplevel() on ptolemy.moml.MoMLSimpleApplication@dd9dfce
----------------- Done invoking toplevel() on ptolemy.moml.MoMLSimpleApplication@dd9dfce
reloadAllAccessors: .SinusoidInNoise

===========================================================================================
----------------- testing Mon Nov 18 06:16:52 UTC 2019 /home/travis/build/icyphy/ptII/ptolemy/domains/continuous/test/auto/SinusoidRK45.xml
----------------- Instantiating /home/travis/build/icyphy/ptII/ptolemy/domains/continuous/test/auto/SinusoidRK45.xml
2 ms. Memory: 268288K Free: 111335K (41%)
----------------- Invoking toplevel() on ptolemy.moml.MoMLSimpleApplication@51ed5e3b
----------------- Done invoking toplevel() on ptolemy.moml.MoMLSimpleApplication@51ed5e3b
reloadAllAccessors: .SinusoidRK45

===========================================================================================
----------------- testing Mon Nov 18 06:16:52 UTC 2019 /home/travis/build/icyphy/ptII/ptolemy/domains/continuous/test/auto/SinusoidWithMultipleImpulses.xml
----------------- Instantiating /home/travis/build/icyphy/ptII/ptolemy/domains/continuous/test/auto/SinusoidWithMultipleImpulses.xml
3 ms. Memory: 268288K Free: 106743K (40%)
----------------- Invoking toplevel() on ptolemy.moml.MoMLSimpleApplication@39f450e3
----------------- Done invoking toplevel() on ptolemy.moml.MoMLSimpleApplication@39f450e3
reloadAllAccessors: .SinusoidWithMultipleImpulses

===========================================================================================
----------------- testing Mon Nov 18 06:16:52 UTC 2019 /home/travis/build/icyphy/ptII/ptolemy/domains/continuous/test/auto/SquareWave.xml
----------------- Instantiating /home/travis/build/icyphy/ptII/ptolemy/domains/continuous/test/auto/SquareWave.xml
186 ms. Memory: 268288K Free: 238941K (89%)
----------------- Invoking toplevel() on ptolemy.moml.MoMLSimpleApplication@5f2e89ac
----------------- Done invoking toplevel() on ptolemy.moml.MoMLSimpleApplication@5f2e89ac
reloadAllAccessors: .SquareWave

===========================================================================================
----------------- testing Mon Nov 18 06:16:52 UTC 2019 /home/travis/build/icyphy/ptII/ptolemy/domains/continuous/test/auto/Starmac.xml
----------------- Instantiating /home/travis/build/icyphy/ptII/ptolemy/domains/continuous/test/auto/Starmac.xml
3046 ms. Memory: 268288K Free: 238280K (89%)
----------------- Invoking toplevel() on ptolemy.moml.MoMLSimpleApplication@4691f42c
----------------- Done invoking toplevel() on ptolemy.moml.MoMLSimpleApplication@4691f42c
reloadAllAccessors: .Starmac

===========================================================================================
----------------- testing Mon Nov 18 06:16:55 UTC 2019 /home/travis/build/icyphy/ptII/ptolemy/domains/continuous/test/auto/StaticUnits.xml
----------------- Instantiating /home/travis/build/icyphy/ptII/ptolemy/domains/continuous/test/auto/StaticUnits.xml
2195 ms. Memory: 322560K Free: 145089K (45%)
----------------- Invoking toplevel() on ptolemy.moml.MoMLSimpleApplication@503d3734
----------------- Done invoking toplevel() on ptolemy.moml.MoMLSimpleApplication@503d3734
reloadAllAccessors: .StaticUnits

===========================================================================================
----------------- testing Mon Nov 18 06:16:58 UTC 2019 /home/travis/build/icyphy/ptII/ptolemy/domains/continuous/test/auto/StickyMasses.xml
----------------- Instantiating /home/travis/build/icyphy/ptII/ptolemy/domains/continuous/test/auto/StickyMasses.xml
158 ms. Memory: 322560K Free: 283315K (88%)
----------------- Invoking toplevel() on ptolemy.moml.MoMLSimpleApplication@2ceded29
----------------- Done invoking toplevel() on ptolemy.moml.MoMLSimpleApplication@2ceded29
reloadAllAccessors: .StickyMasses

===========================================================================================
----------------- testing Mon Nov 18 06:16:58 UTC 2019 /home/travis/build/icyphy/ptII/ptolemy/domains/continuous/test/auto/StopTime.xml
----------------- Instantiating /home/travis/build/icyphy/ptII/ptolemy/domains/continuous/test/auto/StopTime.xml
43 ms. Memory: 322560K Free: 258218K (80%)
----------------- Invoking toplevel() on ptolemy.moml.MoMLSimpleApplication@2868bb
----------------- Done invoking toplevel() on ptolemy.moml.MoMLSimpleApplication@2868bb
reloadAllAccessors: .StopTime

===========================================================================================
----------------- testing Mon Nov 18 06:16:58 UTC 2019 /home/travis/build/icyphy/ptII/ptolemy/domains/continuous/test/auto/StopTime2.xml
----------------- Instantiating /home/travis/build/icyphy/ptII/ptolemy/domains/continuous/test/auto/StopTime2.xml
36 ms. Memory: 322560K Free: 236211K (73%)
----------------- Invoking toplevel() on ptolemy.moml.MoMLSimpleApplication@3d7b4116
----------------- Done invoking toplevel() on ptolemy.moml.MoMLSimpleApplication@3d7b4116
reloadAllAccessors: .StopTime2

===========================================================================================
----------------- testing Mon Nov 18 06:16:58 UTC 2019 /home/travis/build/icyphy/ptII/ptolemy/domains/continuous/test/auto/Switch.xml
----------------- Instantiating /home/travis/build/icyphy/ptII/ptolemy/domains/continuous/test/auto/Switch.xml
40 ms. Memory: 322560K Free: 211121K (65%)
----------------- Invoking toplevel() on ptolemy.moml.MoMLSimpleApplication@2f074c37
----------------- Done invoking toplevel() on ptolemy.moml.MoMLSimpleApplication@2f074c37
reloadAllAccessors: .Switch

===========================================================================================
----------------- testing Mon Nov 18 06:16:58 UTC 2019 /home/travis/build/icyphy/ptII/ptolemy/domains/continuous/test/auto/Thermostat.xml
----------------- Instantiating /home/travis/build/icyphy/ptII/ptolemy/domains/continuous/test/auto/Thermostat.xml
193 ms. Memory: 322560K Free: 138931K (43%)
----------------- Invoking toplevel() on ptolemy.moml.MoMLSimpleApplication@720c9bcf
----------------- Done invoking toplevel() on ptolemy.moml.MoMLSimpleApplication@720c9bcf
reloadAllAccessors: .Thermostat

===========================================================================================
----------------- testing Mon Nov 18 06:16:58 UTC 2019 /home/travis/build/icyphy/ptII/ptolemy/domains/continuous/test/auto/TimeDelay.xml
----------------- Instantiating /home/travis/build/icyphy/ptII/ptolemy/domains/continuous/test/auto/TimeDelay.xml
5 ms. Memory: 322560K Free: 133811K (41%)
----------------- Invoking toplevel() on ptolemy.moml.MoMLSimpleApplication@1e7f4cc8
----------------- Done invoking toplevel() on ptolemy.moml.MoMLSimpleApplication@1e7f4cc8
reloadAllAccessors: .TimeDelay

===========================================================================================
----------------- testing Mon Nov 18 06:16:58 UTC 2019 /home/travis/build/icyphy/ptII/ptolemy/domains/continuous/test/auto/TimeDelay2.xml
----------------- Instantiating /home/travis/build/icyphy/ptII/ptolemy/domains/continuous/test/auto/TimeDelay2.xml
8 ms. Memory: 322560K Free: 123571K (38%)
----------------- Invoking toplevel() on ptolemy.moml.MoMLSimpleApplication@20f06dd
----------------- Done invoking toplevel() on ptolemy.moml.MoMLSimpleApplication@20f06dd
reloadAllAccessors: .TimeDelay2

===========================================================================================
----------------- testing Mon Nov 18 06:16:58 UTC 2019 /home/travis/build/icyphy/ptII/ptolemy/domains/continuous/test/auto/TimeDelay3.xml
----------------- Instantiating /home/travis/build/icyphy/ptII/ptolemy/domains/continuous/test/auto/TimeDelay3.xml
5 ms. Memory: 322560K Free: 118946K (37%)
----------------- Invoking toplevel() on ptolemy.moml.MoMLSimpleApplication@74d123b2
----------------- Done invoking toplevel() on ptolemy.moml.MoMLSimpleApplication@74d123b2
reloadAllAccessors: .TimeDelay3

===========================================================================================
----------------- testing Mon Nov 18 06:16:59 UTC 2019 /home/travis/build/icyphy/ptII/ptolemy/domains/continuous/test/auto/TransferAbsentToInside.xml
----------------- Instantiating /home/travis/build/icyphy/ptII/ptolemy/domains/continuous/test/auto/TransferAbsentToInside.xml
32 ms. Memory: 322560K Free: 253105K (78%)
----------------- Invoking toplevel() on ptolemy.moml.MoMLSimpleApplication@10e21dcf
----------------- Done invoking toplevel() on ptolemy.moml.MoMLSimpleApplication@10e21dcf
reloadAllAccessors: .TransferAbsentToInside

===========================================================================================
----------------- testing Mon Nov 18 06:16:59 UTC 2019 /home/travis/build/icyphy/ptII/ptolemy/domains/continuous/test/auto/Transmission.xml
----------------- Instantiating /home/travis/build/icyphy/ptII/ptolemy/domains/continuous/test/auto/Transmission.xml
842 ms. Memory: 322560K Free: 209564K (65%)
----------------- Invoking toplevel() on ptolemy.moml.MoMLSimpleApplication@2a100f83
----------------- Done invoking toplevel() on ptolemy.moml.MoMLSimpleApplication@2a100f83
reloadAllAccessors: .Transmission

===========================================================================================
----------------- testing Mon Nov 18 06:17:00 UTC 2019 /home/travis/build/icyphy/ptII/ptolemy/domains/continuous/test/auto/TriggeredContinuousClock.xml
----------------- Instantiating /home/travis/build/icyphy/ptII/ptolemy/domains/continuous/test/auto/TriggeredContinuousClock.xml
38 ms. Memory: 322560K Free: 179860K (56%)
----------------- Invoking toplevel() on ptolemy.moml.MoMLSimpleApplication@682eb079
----------------- Done invoking toplevel() on ptolemy.moml.MoMLSimpleApplication@682eb079
reloadAllAccessors: .TriggeredContinuousClock

===========================================================================================
----------------- testing Mon Nov 18 06:17:00 UTC 2019 /home/travis/build/icyphy/ptII/ptolemy/domains/continuous/test/auto/TwoMachineInfiniteBusControl.xml
----------------- Instantiating /home/travis/build/icyphy/ptII/ptolemy/domains/continuous/test/auto/TwoMachineInfiniteBusControl.xml
2667 ms. Memory: 322560K Free: 162902K (51%)
----------------- Invoking toplevel() on ptolemy.moml.MoMLSimpleApplication@228bd5c4
----------------- Done invoking toplevel() on ptolemy.moml.MoMLSimpleApplication@228bd5c4
reloadAllAccessors: .TwoMachineInfiniteBusControl

===========================================================================================
----------------- testing Mon Nov 18 06:17:02 UTC 2019 /home/travis/build/icyphy/ptII/ptolemy/domains/continuous/test/auto/V2V.xml
----------------- Instantiating /home/travis/build/icyphy/ptII/ptolemy/domains/continuous/test/auto/V2V.xml
795 ms. Memory: 322560K Free: 162570K (50%)
----------------- Invoking toplevel() on ptolemy.moml.MoMLSimpleApplication@43d85a0a
----------------- Done invoking toplevel() on ptolemy.moml.MoMLSimpleApplication@43d85a0a
reloadAllAccessors: .V2V

===========================================================================================
----------------- testing Mon Nov 18 06:17:03 UTC 2019 /home/travis/build/icyphy/ptII/ptolemy/domains/continuous/test/auto/hierarchicalModalModel.xml
----------------- Instantiating /home/travis/build/icyphy/ptII/ptolemy/domains/continuous/test/auto/hierarchicalModalModel.xml
8 ms. Memory: 322560K Free: 148082K (46%)
----------------- Invoking toplevel() on ptolemy.moml.MoMLSimpleApplication@53c73a5c
----------------- Done invoking toplevel() on ptolemy.moml.MoMLSimpleApplication@53c73a5c
reloadAllAccessors: .hierarchicalModalModel

===========================================================================================
----------------- testing Mon Nov 18 06:17:03 UTC 2019 /home/travis/build/icyphy/ptII/ptolemy/domains/continuous/test/auto/hierarchicalModalModel1.xml
----------------- Instantiating /home/travis/build/icyphy/ptII/ptolemy/domains/continuous/test/auto/hierarchicalModalModel1.xml
8 ms. Memory: 322560K Free: 133746K (41%)
----------------- Invoking toplevel() on ptolemy.moml.MoMLSimpleApplication@2db8d33b
----------------- Done invoking toplevel() on ptolemy.moml.MoMLSimpleApplication@2db8d33b
reloadAllAccessors: .hierarchicalModalModel1

===========================================================================================
----------------- testing Mon Nov 18 06:17:03 UTC 2019 /home/travis/build/icyphy/ptII/ptolemy/domains/continuous/test/auto/hierarchicalModalModel2.xml
----------------- Instantiating /home/travis/build/icyphy/ptII/ptolemy/domains/continuous/test/auto/hierarchicalModalModel2.xml
6 ms. Memory: 322560K Free: 121458K (38%)
----------------- Invoking toplevel() on ptolemy.moml.MoMLSimpleApplication@f2a21e6
----------------- Done invoking toplevel() on ptolemy.moml.MoMLSimpleApplication@f2a21e6
reloadAllAccessors: .hierarchicalModalModel2

===========================================================================================
----------------- testing Mon Nov 18 06:17:03 UTC 2019 /home/travis/build/icyphy/ptII/ptolemy/domains/continuous/test/auto/hierarchicalModalModel3.xml
----------------- Instantiating /home/travis/build/icyphy/ptII/ptolemy/domains/continuous/test/auto/hierarchicalModalModel3.xml
20 ms. Memory: 322560K Free: 298600K (93%)
----------------- Invoking toplevel() on ptolemy.moml.MoMLSimpleApplication@5d343313
----------------- Done invoking toplevel() on ptolemy.moml.MoMLSimpleApplication@5d343313
reloadAllAccessors: .hierarchicalModalModel3

===========================================================================================
----------------- testing Mon Nov 18 06:17:03 UTC 2019 /home/travis/build/icyphy/ptII/ptolemy/domains/continuous/test/auto/hierarchicalModalModel4.xml
----------------- Instantiating /home/travis/build/icyphy/ptII/ptolemy/domains/continuous/test/auto/hierarchicalModalModel4.xml
9 ms. Memory: 322560K Free: 286297K (89%)
----------------- Invoking toplevel() on ptolemy.moml.MoMLSimpleApplication@2c15e80c
----------------- Done invoking toplevel() on ptolemy.moml.MoMLSimpleApplication@2c15e80c
reloadAllAccessors: .hierarchicalModalModel4

===========================================================================================
----------------- testing Mon Nov 18 06:17:04 UTC 2019 /home/travis/build/icyphy/ptII/ptolemy/domains/continuous/test/auto/junk.xml
----------------- Instantiating /home/travis/build/icyphy/ptII/ptolemy/domains/continuous/test/auto/junk.xml
145 ms. Memory: 322560K Free: 257640K (80%)
----------------- Invoking toplevel() on ptolemy.moml.MoMLSimpleApplication@b0e25fd
----------------- Done invoking toplevel() on ptolemy.moml.MoMLSimpleApplication@b0e25fd
reloadAllAccessors: .junk
AutoTests.java: About to close Vertx.
AutoTests.java: Vertx closed.
]]></system-out>
  <system-err><![CDATA[Warning: '.HysteresisWithRandomDelay.NonStrictTest' The test produced only 221 tokens, yet the correctValues parameter was expecting 222 tokens.
Warning: '.HysteresisWithRandomDelay.NonStrictTest2' The test produced only 220 tokens, yet the correctValues parameter was expecting 221 tokens.
Warning: '.Poisson.NonStrictTest' The test produced only 403 tokens, yet the correctValues parameter was expecting 430 tokens.
]]></system-err>
</testsuite>
