<?xml version="1.0" encoding="UTF-8" ?>
<testsuite errors="0" failures="0" hostname="travis-job-c3c6c389-f9fc-458c-8e7e-ffcc21abcbf4" name="ptolemy.actor.lib.hoc.test.junit.JUnitTclTest" skipped="0" tests="58" time="24.08" timestamp="2018-07-04T01:29:58">
  <properties>
[...]
</properties>
  <testcase classname="ptolemy.util.test.junit.TclTests" name="[0] /home/travis/build/icyphy/ptII/ptolemy/actor/lib/hoc/test/IterateOverArray.tcl (RunTclFile)" time="0.28" />
  <testcase classname="ptolemy.util.test.junit.AutoKnownFailedTests" name="[0] /home/travis/build/icyphy/ptII/ptolemy/actor/lib/hoc/test/auto/knownFailedTests/PreinitializeMustBeInvokedRunComposite.xml (RunModel)" time="0.245" />
  <testcase classname="ptolemy.util.test.junit.AutoNameArchTests" name="[0] ThereAreNoAutoArchTests (RunModel)" time="0.0" />
  <testcase classname="ptolemy.util.test.junit.AutoTests" name="[0] /home/travis/build/icyphy/ptII/ptolemy/actor/lib/hoc/test/auto/AllToAllMultiInstanceComposite.xml (RunModel)" time="0.232" />
  <testcase classname="ptolemy.util.test.junit.AutoTests" name="[1] /home/travis/build/icyphy/ptII/ptolemy/actor/lib/hoc/test/auto/ApplyFFTTest.xml (RunModel)" time="0.284" />
  <testcase classname="ptolemy.util.test.junit.AutoTests" name="[2] /home/travis/build/icyphy/ptII/ptolemy/actor/lib/hoc/test/auto/ApplyFunction.xml (RunModel)" time="0.022" />
  <testcase classname="ptolemy.util.test.junit.AutoTests" name="[3] /home/travis/build/icyphy/ptII/ptolemy/actor/lib/hoc/test/auto/BackgroundExecution.xml (RunModel)" time="0.711" />
  <testcase classname="ptolemy.util.test.junit.AutoTests" name="[4] /home/travis/build/icyphy/ptII/ptolemy/actor/lib/hoc/test/auto/Case.xml (RunModel)" time="0.056" />
  <testcase classname="ptolemy.util.test.junit.AutoTests" name="[5] /home/travis/build/icyphy/ptII/ptolemy/actor/lib/hoc/test/auto/Case1.xml (RunModel)" time="0.035" />
  <testcase classname="ptolemy.util.test.junit.AutoTests" name="[6] /home/travis/build/icyphy/ptII/ptolemy/actor/lib/hoc/test/auto/Case2.xml (RunModel)" time="0.061" />
  <testcase classname="ptolemy.util.test.junit.AutoTests" name="[7] /home/travis/build/icyphy/ptII/ptolemy/actor/lib/hoc/test/auto/Case3.xml (RunModel)" time="0.028" />
  <testcase classname="ptolemy.util.test.junit.AutoTests" name="[8] /home/travis/build/icyphy/ptII/ptolemy/actor/lib/hoc/test/auto/Case4.xml (RunModel)" time="0.077" />
  <testcase classname="ptolemy.util.test.junit.AutoTests" name="[9] /home/travis/build/icyphy/ptII/ptolemy/actor/lib/hoc/test/auto/Case5.xml (RunModel)" time="0.087" />
  <testcase classname="ptolemy.util.test.junit.AutoTests" name="[10] /home/travis/build/icyphy/ptII/ptolemy/actor/lib/hoc/test/auto/Case6.xml (RunModel)" time="0.125" />
  <testcase classname="ptolemy.util.test.junit.AutoTests" name="[11] /home/travis/build/icyphy/ptII/ptolemy/actor/lib/hoc/test/auto/CaseString2.xml (RunModel)" time="0.057" />
  <testcase classname="ptolemy.util.test.junit.AutoTests" name="[12] /home/travis/build/icyphy/ptII/ptolemy/actor/lib/hoc/test/auto/CatchUpComposite1.xml (RunModel)" time="0.075" />
  <testcase classname="ptolemy.util.test.junit.AutoTests" name="[13] /home/travis/build/icyphy/ptII/ptolemy/actor/lib/hoc/test/auto/CatchUpComposite2.xml (RunModel)" time="0.067" />
  <testcase classname="ptolemy.util.test.junit.AutoTests" name="[14] /home/travis/build/icyphy/ptII/ptolemy/actor/lib/hoc/test/auto/CatchUpComposite3.xml (RunModel)" time="0.056" />
  <testcase classname="ptolemy.util.test.junit.AutoTests" name="[15] /home/travis/build/icyphy/ptII/ptolemy/actor/lib/hoc/test/auto/CatchUpComposite4.xml (RunModel)" time="0.055" />
  <testcase classname="ptolemy.util.test.junit.AutoTests" name="[16] /home/travis/build/icyphy/ptII/ptolemy/actor/lib/hoc/test/auto/CatchUpComposite5.xml (RunModel)" time="0.04" />
  <testcase classname="ptolemy.util.test.junit.AutoTests" name="[17] /home/travis/build/icyphy/ptII/ptolemy/actor/lib/hoc/test/auto/CatchUpComposite6.xml (RunModel)" time="0.162" />
  <testcase classname="ptolemy.util.test.junit.AutoTests" name="[18] /home/travis/build/icyphy/ptII/ptolemy/actor/lib/hoc/test/auto/CatchUpComposite7.xml (RunModel)" time="0.094" />
  <testcase classname="ptolemy.util.test.junit.AutoTests" name="[19] /home/travis/build/icyphy/ptII/ptolemy/actor/lib/hoc/test/auto/ConcurrentExecutionTimeSDF.xml (RunModel)" time="1.36" />
  <testcase classname="ptolemy.util.test.junit.AutoTests" name="[20] /home/travis/build/icyphy/ptII/ptolemy/actor/lib/hoc/test/auto/ConcurrentSleep.xml (RunModel)" time="0.788" />
  <testcase classname="ptolemy.util.test.junit.AutoTests" name="[21] /home/travis/build/icyphy/ptII/ptolemy/actor/lib/hoc/test/auto/DEInPNInRunCompositeActor.xml (RunModel)" time="0.043" />
  <testcase classname="ptolemy.util.test.junit.AutoTests" name="[22] /home/travis/build/icyphy/ptII/ptolemy/actor/lib/hoc/test/auto/DFTSubSetTest.xml (RunModel)" time="0.268" />
  <testcase classname="ptolemy.util.test.junit.AutoTests" name="[23] /home/travis/build/icyphy/ptII/ptolemy/actor/lib/hoc/test/auto/HocDE.xml (RunModel)" time="0.185" />
  <testcase classname="ptolemy.util.test.junit.AutoTests" name="[24] /home/travis/build/icyphy/ptII/ptolemy/actor/lib/hoc/test/auto/IterateOverArray.xml (RunModel)" time="0.023" />
  <testcase classname="ptolemy.util.test.junit.AutoTests" name="[25] /home/travis/build/icyphy/ptII/ptolemy/actor/lib/hoc/test/auto/IterateOverArray10.xml (RunModel)" time="0.028" />
  <testcase classname="ptolemy.util.test.junit.AutoTests" name="[26] /home/travis/build/icyphy/ptII/ptolemy/actor/lib/hoc/test/auto/IterateOverArray11.xml (RunModel)" time="0.024" />
  <testcase classname="ptolemy.util.test.junit.AutoTests" name="[27] /home/travis/build/icyphy/ptII/ptolemy/actor/lib/hoc/test/auto/IterateOverArray12.xml (RunModel)" time="0.046" />
  <testcase classname="ptolemy.util.test.junit.AutoTests" name="[28] /home/travis/build/icyphy/ptII/ptolemy/actor/lib/hoc/test/auto/IterateOverArray13.xml (RunModel)" time="0.165" />
  <testcase classname="ptolemy.util.test.junit.AutoTests" name="[29] /home/travis/build/icyphy/ptII/ptolemy/actor/lib/hoc/test/auto/IterateOverArray14.xml (RunModel)" time="0.123" />
  <testcase classname="ptolemy.util.test.junit.AutoTests" name="[30] /home/travis/build/icyphy/ptII/ptolemy/actor/lib/hoc/test/auto/IterateOverArray2.xml (RunModel)" time="0.033" />
  <testcase classname="ptolemy.util.test.junit.AutoTests" name="[31] /home/travis/build/icyphy/ptII/ptolemy/actor/lib/hoc/test/auto/IterateOverArray3.xml (RunModel)" time="0.043" />
  <testcase classname="ptolemy.util.test.junit.AutoTests" name="[32] /home/travis/build/icyphy/ptII/ptolemy/actor/lib/hoc/test/auto/IterateOverArray4.xml (RunModel)" time="0.026" />
  <testcase classname="ptolemy.util.test.junit.AutoTests" name="[33] /home/travis/build/icyphy/ptII/ptolemy/actor/lib/hoc/test/auto/IterateOverArray5.xml (RunModel)" time="0.019" />
  <testcase classname="ptolemy.util.test.junit.AutoTests" name="[34] /home/travis/build/icyphy/ptII/ptolemy/actor/lib/hoc/test/auto/IterateOverArray6.xml (RunModel)" time="0.015" />
  <testcase classname="ptolemy.util.test.junit.AutoTests" name="[35] /home/travis/build/icyphy/ptII/ptolemy/actor/lib/hoc/test/auto/IterateOverArray7.xml (RunModel)" time="0.019" />
  <testcase classname="ptolemy.util.test.junit.AutoTests" name="[36] /home/travis/build/icyphy/ptII/ptolemy/actor/lib/hoc/test/auto/IterateOverArray8.xml (RunModel)" time="0.033" />
  <testcase classname="ptolemy.util.test.junit.AutoTests" name="[37] /home/travis/build/icyphy/ptII/ptolemy/actor/lib/hoc/test/auto/IterateOverArray9.xml (RunModel)" time="0.027" />
  <testcase classname="ptolemy.util.test.junit.AutoTests" name="[38] /home/travis/build/icyphy/ptII/ptolemy/actor/lib/hoc/test/auto/IterateOverArrayCoercedOutputType.xml (RunModel)" time="0.032" />
  <testcase classname="ptolemy.util.test.junit.AutoTests" name="[39] /home/travis/build/icyphy/ptII/ptolemy/actor/lib/hoc/test/auto/IterateOverArrayInferredOutputType.xml (RunModel)" time="0.035" />
  <testcase classname="ptolemy.util.test.junit.AutoTests" name="[40] /home/travis/build/icyphy/ptII/ptolemy/actor/lib/hoc/test/auto/MobileFunctionTest.xml (RunModel)" time="0.025" />
  <testcase classname="ptolemy.util.test.junit.AutoTests" name="[41] /home/travis/build/icyphy/ptII/ptolemy/actor/lib/hoc/test/auto/MobileModelTest.xml (RunModel)" time="0.112" />
  <testcase classname="ptolemy.util.test.junit.AutoTests" name="[42] /home/travis/build/icyphy/ptII/ptolemy/actor/lib/hoc/test/auto/ModelReference.xml (RunModel)" time="0.044" />
  <testcase classname="ptolemy.util.test.junit.AutoTests" name="[43] /home/travis/build/icyphy/ptII/ptolemy/actor/lib/hoc/test/auto/ModelReference3.xml (RunModel)" time="0.048" />
  <testcase classname="ptolemy.util.test.junit.AutoTests" name="[44] /home/travis/build/icyphy/ptII/ptolemy/actor/lib/hoc/test/auto/ModelReference4.xml (RunModel)" time="10.034" />
  <testcase classname="ptolemy.util.test.junit.AutoTests" name="[45] /home/travis/build/icyphy/ptII/ptolemy/actor/lib/hoc/test/auto/MultiInstanceComposite.xml (RunModel)" time="0.044" />
  <testcase classname="ptolemy.util.test.junit.AutoTests" name="[46] /home/travis/build/icyphy/ptII/ptolemy/actor/lib/hoc/test/auto/MultiInstanceComposite2.xml (RunModel)" time="0.034" />
  <testcase classname="ptolemy.util.test.junit.AutoTests" name="[47] /home/travis/build/icyphy/ptII/ptolemy/actor/lib/hoc/test/auto/MulticoreExecution.xml (RunModel)" time="1.099" />
  <testcase classname="ptolemy.util.test.junit.AutoTests" name="[48] /home/travis/build/icyphy/ptII/ptolemy/actor/lib/hoc/test/auto/ParallelExecution.xml (RunModel)" time="0.941" />
  <testcase classname="ptolemy.util.test.junit.AutoTests" name="[49] /home/travis/build/icyphy/ptII/ptolemy/actor/lib/hoc/test/auto/RunCompositeActor.xml (RunModel)" time="0.03" />
  <testcase classname="ptolemy.util.test.junit.AutoTests" name="[50] /home/travis/build/icyphy/ptII/ptolemy/actor/lib/hoc/test/auto/RunCompositeActor2.xml (RunModel)" time="0.04" />
  <testcase classname="ptolemy.util.test.junit.AutoTests" name="[51] /home/travis/build/icyphy/ptII/ptolemy/actor/lib/hoc/test/auto/RunCompositeActor3.xml (RunModel)" time="0.034" />
  <testcase classname="ptolemy.util.test.junit.AutoTests" name="[52] /home/travis/build/icyphy/ptII/ptolemy/actor/lib/hoc/test/auto/RunCompositeActor4.xml (RunModel)" time="0.024" />
  <testcase classname="ptolemy.util.test.junit.AutoTests" name="[53] /home/travis/build/icyphy/ptII/ptolemy/actor/lib/hoc/test/auto/RunCompositeIterateOverArray.xml (RunModel)" time="0.053" />
  <testcase classname="ptolemy.util.test.junit.AutoTests" name="[54] /home/travis/build/icyphy/ptII/ptolemy/actor/lib/hoc/test/auto/ThreadedJS.xml (RunModel)" time="4.831" />
  <system-out><![CDATA[/home/travis/build/icyphy/ptII/ptolemy/actor/lib/hoc/test/IterateOverArray.tcl
testDefs.tcl: setting time out to 9000 seconds at Wed Jul 04 01:29:58 UTC 2018
07/04/18 01:29:58
Failed: 0  Total Tests: 2  ((Passed: 2, Newly Passed: 0)  Known Failed: 0) /home/travis/build/icyphy/ptII/ptolemy/actor/lib/hoc/test
----------------- testing (KnownFailure) /home/travis/build/icyphy/ptII/ptolemy/actor/lib/hoc/test/auto/knownFailedTests/PreinitializeMustBeInvokedRunComposite.xml
33 ms. Memory: 116224K Free: 103495K (89%)
Known Failure: java.lang.reflect.InvocationTargetException
No auto/linux-amd64/*.xml tests in /home/travis/build/icyphy/ptII/ptolemy/actor/lib/hoc/test
AutoTests.java: About to close Vertx.
AutoTests.java: Vertx closed.

===========================================================================================
----------------- testing Wed Jul 04 01:29:59 UTC 2018 /home/travis/build/icyphy/ptII/ptolemy/actor/lib/hoc/test/auto/AllToAllMultiInstanceComposite.xml
----------------- Instantiating /home/travis/build/icyphy/ptII/ptolemy/actor/lib/hoc/test/auto/AllToAllMultiInstanceComposite.xml
104 ms. Memory: 146944K Free: 108166K (74%)
----------------- Invoking toplevel() on ptolemy.moml.MoMLSimpleApplication@2f7a7cef
----------------- Done invoking toplevel() on ptolemy.moml.MoMLSimpleApplication@2f7a7cef
reloadAllAccessors: .AllToAllMultiInstanceComposite

===========================================================================================
----------------- testing Wed Jul 04 01:29:59 UTC 2018 /home/travis/build/icyphy/ptII/ptolemy/actor/lib/hoc/test/auto/ApplyFFTTest.xml
----------------- Instantiating /home/travis/build/icyphy/ptII/ptolemy/actor/lib/hoc/test/auto/ApplyFFTTest.xml
94 ms. Memory: 146944K Free: 88247K (60%)
----------------- Invoking toplevel() on ptolemy.moml.MoMLSimpleApplication@73bb8642
----------------- Done invoking toplevel() on ptolemy.moml.MoMLSimpleApplication@73bb8642
reloadAllAccessors: .ApplyFFTTest

===========================================================================================
----------------- testing Wed Jul 04 01:29:59 UTC 2018 /home/travis/build/icyphy/ptII/ptolemy/actor/lib/hoc/test/auto/ApplyFunction.xml
----------------- Instantiating /home/travis/build/icyphy/ptII/ptolemy/actor/lib/hoc/test/auto/ApplyFunction.xml
4 ms. Memory: 146944K Free: 84480K (57%)
----------------- Invoking toplevel() on ptolemy.moml.MoMLSimpleApplication@60ea323b
----------------- Done invoking toplevel() on ptolemy.moml.MoMLSimpleApplication@60ea323b
reloadAllAccessors: .ApplyFunction

===========================================================================================
----------------- testing Wed Jul 04 01:29:59 UTC 2018 /home/travis/build/icyphy/ptII/ptolemy/actor/lib/hoc/test/auto/BackgroundExecution.xml
----------------- Instantiating /home/travis/build/icyphy/ptII/ptolemy/actor/lib/hoc/test/auto/BackgroundExecution.xml
631 ms. Memory: 146944K Free: 136170K (93%)
----------------- Invoking toplevel() on ptolemy.moml.MoMLSimpleApplication@4413a888
----------------- Done invoking toplevel() on ptolemy.moml.MoMLSimpleApplication@4413a888
reloadAllAccessors: .BackgroundExecution

===========================================================================================
----------------- testing Wed Jul 04 01:30:00 UTC 2018 /home/travis/build/icyphy/ptII/ptolemy/actor/lib/hoc/test/auto/Case.xml
----------------- Instantiating /home/travis/build/icyphy/ptII/ptolemy/actor/lib/hoc/test/auto/Case.xml
16 ms. Memory: 146944K Free: 127843K (87%)
----------------- Invoking toplevel() on ptolemy.moml.MoMLSimpleApplication@2e72cd4d
----------------- Done invoking toplevel() on ptolemy.moml.MoMLSimpleApplication@2e72cd4d
reloadAllAccessors: .Case

===========================================================================================
----------------- testing Wed Jul 04 01:30:00 UTC 2018 /home/travis/build/icyphy/ptII/ptolemy/actor/lib/hoc/test/auto/Case1.xml
----------------- Instantiating /home/travis/build/icyphy/ptII/ptolemy/actor/lib/hoc/test/auto/Case1.xml
9 ms. Memory: 146944K Free: 120623K (82%)
----------------- Invoking toplevel() on ptolemy.moml.MoMLSimpleApplication@1d1b95d9
----------------- Done invoking toplevel() on ptolemy.moml.MoMLSimpleApplication@1d1b95d9
reloadAllAccessors: .Case1

===========================================================================================
----------------- testing Wed Jul 04 01:30:00 UTC 2018 /home/travis/build/icyphy/ptII/ptolemy/actor/lib/hoc/test/auto/Case2.xml
----------------- Instantiating /home/travis/build/icyphy/ptII/ptolemy/actor/lib/hoc/test/auto/Case2.xml
28 ms. Memory: 146944K Free: 108915K (74%)
----------------- Invoking toplevel() on ptolemy.moml.MoMLSimpleApplication@446f1bea
----------------- Done invoking toplevel() on ptolemy.moml.MoMLSimpleApplication@446f1bea
reloadAllAccessors: .Case2

===========================================================================================
----------------- testing Wed Jul 04 01:30:00 UTC 2018 /home/travis/build/icyphy/ptII/ptolemy/actor/lib/hoc/test/auto/Case3.xml
----------------- Instantiating /home/travis/build/icyphy/ptII/ptolemy/actor/lib/hoc/test/auto/Case3.xml
8 ms. Memory: 146944K Free: 102216K (70%)
----------------- Invoking toplevel() on ptolemy.moml.MoMLSimpleApplication@1efa84dd
----------------- Done invoking toplevel() on ptolemy.moml.MoMLSimpleApplication@1efa84dd
reloadAllAccessors: .Case3

===========================================================================================
----------------- testing Wed Jul 04 01:30:00 UTC 2018 /home/travis/build/icyphy/ptII/ptolemy/actor/lib/hoc/test/auto/Case4.xml
----------------- Instantiating /home/travis/build/icyphy/ptII/ptolemy/actor/lib/hoc/test/auto/Case4.xml
28 ms. Memory: 146944K Free: 92998K (63%)
----------------- Invoking toplevel() on ptolemy.moml.MoMLSimpleApplication@5a480cac
----------------- Done invoking toplevel() on ptolemy.moml.MoMLSimpleApplication@5a480cac
reloadAllAccessors: .Case4

===========================================================================================
----------------- testing Wed Jul 04 01:30:00 UTC 2018 /home/travis/build/icyphy/ptII/ptolemy/actor/lib/hoc/test/auto/Case5.xml
----------------- Instantiating /home/travis/build/icyphy/ptII/ptolemy/actor/lib/hoc/test/auto/Case5.xml
42 ms. Memory: 146944K Free: 85762K (58%)
----------------- Invoking toplevel() on ptolemy.moml.MoMLSimpleApplication@35991a74
----------------- Done invoking toplevel() on ptolemy.moml.MoMLSimpleApplication@35991a74
reloadAllAccessors: .junk

===========================================================================================
----------------- testing Wed Jul 04 01:30:00 UTC 2018 /home/travis/build/icyphy/ptII/ptolemy/actor/lib/hoc/test/auto/Case6.xml
----------------- Instantiating /home/travis/build/icyphy/ptII/ptolemy/actor/lib/hoc/test/auto/Case6.xml
32 ms. Memory: 208384K Free: 195050K (94%)
----------------- Invoking toplevel() on ptolemy.moml.MoMLSimpleApplication@45ed16e0
----------------- Done invoking toplevel() on ptolemy.moml.MoMLSimpleApplication@45ed16e0
reloadAllAccessors: .Case6

===========================================================================================
----------------- testing Wed Jul 04 01:30:01 UTC 2018 /home/travis/build/icyphy/ptII/ptolemy/actor/lib/hoc/test/auto/CaseString2.xml
----------------- Instantiating /home/travis/build/icyphy/ptII/ptolemy/actor/lib/hoc/test/auto/CaseString2.xml
16 ms. Memory: 208384K Free: 185489K (89%)
----------------- Invoking toplevel() on ptolemy.moml.MoMLSimpleApplication@5bbc871a
----------------- Done invoking toplevel() on ptolemy.moml.MoMLSimpleApplication@5bbc871a
reloadAllAccessors: .CaseString2

===========================================================================================
----------------- testing Wed Jul 04 01:30:01 UTC 2018 /home/travis/build/icyphy/ptII/ptolemy/actor/lib/hoc/test/auto/CatchUpComposite1.xml
----------------- Instantiating /home/travis/build/icyphy/ptII/ptolemy/actor/lib/hoc/test/auto/CatchUpComposite1.xml
26 ms. Memory: 208384K Free: 175594K (84%)
----------------- Invoking toplevel() on ptolemy.moml.MoMLSimpleApplication@8926a74
----------------- Done invoking toplevel() on ptolemy.moml.MoMLSimpleApplication@8926a74
reloadAllAccessors: .CatchUpComposite1

===========================================================================================
----------------- testing Wed Jul 04 01:30:01 UTC 2018 /home/travis/build/icyphy/ptII/ptolemy/actor/lib/hoc/test/auto/CatchUpComposite2.xml
----------------- Instantiating /home/travis/build/icyphy/ptII/ptolemy/actor/lib/hoc/test/auto/CatchUpComposite2.xml
19 ms. Memory: 208384K Free: 165714K (80%)
----------------- Invoking toplevel() on ptolemy.moml.MoMLSimpleApplication@3687f4c7
----------------- Done invoking toplevel() on ptolemy.moml.MoMLSimpleApplication@3687f4c7
reloadAllAccessors: .CatchUpComposite2

===========================================================================================
----------------- testing Wed Jul 04 01:30:01 UTC 2018 /home/travis/build/icyphy/ptII/ptolemy/actor/lib/hoc/test/auto/CatchUpComposite3.xml
----------------- Instantiating /home/travis/build/icyphy/ptII/ptolemy/actor/lib/hoc/test/auto/CatchUpComposite3.xml
12 ms. Memory: 208384K Free: 154925K (74%)
----------------- Invoking toplevel() on ptolemy.moml.MoMLSimpleApplication@e56e66a
----------------- Done invoking toplevel() on ptolemy.moml.MoMLSimpleApplication@e56e66a
reloadAllAccessors: .CatchUpComposite3

===========================================================================================
----------------- testing Wed Jul 04 01:30:01 UTC 2018 /home/travis/build/icyphy/ptII/ptolemy/actor/lib/hoc/test/auto/CatchUpComposite4.xml
----------------- Instantiating /home/travis/build/icyphy/ptII/ptolemy/actor/lib/hoc/test/auto/CatchUpComposite4.xml
16 ms. Memory: 208384K Free: 145660K (70%)
----------------- Invoking toplevel() on ptolemy.moml.MoMLSimpleApplication@3563eaee
----------------- Done invoking toplevel() on ptolemy.moml.MoMLSimpleApplication@3563eaee
reloadAllAccessors: .CatchUpComposite4

===========================================================================================
----------------- testing Wed Jul 04 01:30:01 UTC 2018 /home/travis/build/icyphy/ptII/ptolemy/actor/lib/hoc/test/auto/CatchUpComposite5.xml
----------------- Instantiating /home/travis/build/icyphy/ptII/ptolemy/actor/lib/hoc/test/auto/CatchUpComposite5.xml
9 ms. Memory: 208384K Free: 137026K (66%)
----------------- Invoking toplevel() on ptolemy.moml.MoMLSimpleApplication@75b80043
----------------- Done invoking toplevel() on ptolemy.moml.MoMLSimpleApplication@75b80043
reloadAllAccessors: .CatchUpComposite5

===========================================================================================
----------------- testing Wed Jul 04 01:30:01 UTC 2018 /home/travis/build/icyphy/ptII/ptolemy/actor/lib/hoc/test/auto/CatchUpComposite6.xml
----------------- Instantiating /home/travis/build/icyphy/ptII/ptolemy/actor/lib/hoc/test/auto/CatchUpComposite6.xml
WARNING: The execution aspects in this model can influence the timing of actors by delaying the 
execution, potentially changing the behavior. There is no guarantee that actors fire at the 
time they request to be fired. 
Use Ptides for deterministic DE behavior that is not influenced by execution aspects. 

90 ms. Memory: 208384K Free: 118168K (57%)
----------------- Invoking toplevel() on ptolemy.moml.MoMLSimpleApplication@46c8ad4e
----------------- Done invoking toplevel() on ptolemy.moml.MoMLSimpleApplication@46c8ad4e
reloadAllAccessors: .CatchUpComposite6

===========================================================================================
----------------- testing Wed Jul 04 01:30:01 UTC 2018 /home/travis/build/icyphy/ptII/ptolemy/actor/lib/hoc/test/auto/CatchUpComposite7.xml
----------------- Instantiating /home/travis/build/icyphy/ptII/ptolemy/actor/lib/hoc/test/auto/CatchUpComposite7.xml
WARNING: The execution aspects in this model can influence the timing of actors by delaying the 
execution, potentially changing the behavior. There is no guarantee that actors fire at the 
time they request to be fired. 
Use Ptides for deterministic DE behavior that is not influenced by execution aspects. 

40 ms. Memory: 208384K Free: 101466K (49%)
----------------- Invoking toplevel() on ptolemy.moml.MoMLSimpleApplication@5f538c35
----------------- Done invoking toplevel() on ptolemy.moml.MoMLSimpleApplication@5f538c35
reloadAllAccessors: .CatchUpComposite7

===========================================================================================
----------------- testing Wed Jul 04 01:30:01 UTC 2018 /home/travis/build/icyphy/ptII/ptolemy/actor/lib/hoc/test/auto/ConcurrentExecutionTimeSDF.xml
----------------- Instantiating /home/travis/build/icyphy/ptII/ptolemy/actor/lib/hoc/test/auto/ConcurrentExecutionTimeSDF.xml
Fired ExecutionTime: 40400000
Fired ExecutionTime: 40400000
Fired ExecutionTime: 40400000
Fired ExecutionTime: 40400000
Fired ExecutionTime: 40400000
Fired ExecutionTime: 40400000
Fired ExecutionTime: 40400000
Fired ExecutionTime: 40400000
Fired ExecutionTime: 40400000
Fired ExecutionTime: 40400000
Fired ExecutionTime: 40400000
Fired ExecutionTime: 40400000
Fired ExecutionTime: 40400000
Fired ExecutionTime: 40400000
Fired ExecutionTime: 40400000
Fired ExecutionTime: 40400000
Fired ExecutionTime: 40400000
Fired ExecutionTime: 40400000
Fired ExecutionTime: 40400000
Fired ExecutionTime: 40400000
1334 ms. Memory: 208384K Free: 92832K (45%)
----------------- Invoking toplevel() on ptolemy.moml.MoMLSimpleApplication@10e49941
----------------- Done invoking toplevel() on ptolemy.moml.MoMLSimpleApplication@10e49941
reloadAllAccessors: .ConcurrentExecutionTimeSDF

===========================================================================================
----------------- testing Wed Jul 04 01:30:03 UTC 2018 /home/travis/build/icyphy/ptII/ptolemy/actor/lib/hoc/test/auto/ConcurrentSleep.xml
----------------- Instantiating /home/travis/build/icyphy/ptII/ptolemy/actor/lib/hoc/test/auto/ConcurrentSleep.xml
749 ms. Memory: 208384K Free: 200294K (96%)
----------------- Invoking toplevel() on ptolemy.moml.MoMLSimpleApplication@15c9358c
----------------- Done invoking toplevel() on ptolemy.moml.MoMLSimpleApplication@15c9358c
reloadAllAccessors: .ConcurrentSleep

===========================================================================================
----------------- testing Wed Jul 04 01:30:03 UTC 2018 /home/travis/build/icyphy/ptII/ptolemy/actor/lib/hoc/test/auto/DEInPNInRunCompositeActor.xml
----------------- Instantiating /home/travis/build/icyphy/ptII/ptolemy/actor/lib/hoc/test/auto/DEInPNInRunCompositeActor.xml
13 ms. Memory: 208384K Free: 192521K (92%)
----------------- Invoking toplevel() on ptolemy.moml.MoMLSimpleApplication@540d2676
----------------- Done invoking toplevel() on ptolemy.moml.MoMLSimpleApplication@540d2676
reloadAllAccessors: .DEInPNInRunCompositeActor

===========================================================================================
----------------- testing Wed Jul 04 01:30:03 UTC 2018 /home/travis/build/icyphy/ptII/ptolemy/actor/lib/hoc/test/auto/DFTSubSetTest.xml
----------------- Instantiating /home/travis/build/icyphy/ptII/ptolemy/actor/lib/hoc/test/auto/DFTSubSetTest.xml
171 ms. Memory: 208384K Free: 145457K (70%)
----------------- Invoking toplevel() on ptolemy.moml.MoMLSimpleApplication@230d161a
----------------- Done invoking toplevel() on ptolemy.moml.MoMLSimpleApplication@230d161a
reloadAllAccessors: .DFTSubSetTest

===========================================================================================
----------------- testing Wed Jul 04 01:30:04 UTC 2018 /home/travis/build/icyphy/ptII/ptolemy/actor/lib/hoc/test/auto/HocDE.xml
----------------- Instantiating /home/travis/build/icyphy/ptII/ptolemy/actor/lib/hoc/test/auto/HocDE.xml
141 ms. Memory: 208384K Free: 118283K (57%)
----------------- Invoking toplevel() on ptolemy.moml.MoMLSimpleApplication@4cff1338
----------------- Done invoking toplevel() on ptolemy.moml.MoMLSimpleApplication@4cff1338
reloadAllAccessors: .HocDE

===========================================================================================
----------------- testing Wed Jul 04 01:30:04 UTC 2018 /home/travis/build/icyphy/ptII/ptolemy/actor/lib/hoc/test/auto/IterateOverArray.xml
----------------- Instantiating /home/travis/build/icyphy/ptII/ptolemy/actor/lib/hoc/test/auto/IterateOverArray.xml
5 ms. Memory: 208384K Free: 113336K (54%)
----------------- Invoking toplevel() on ptolemy.moml.MoMLSimpleApplication@7ec1bc5b
----------------- Done invoking toplevel() on ptolemy.moml.MoMLSimpleApplication@7ec1bc5b
reloadAllAccessors: .IterateOverArray

===========================================================================================
----------------- testing Wed Jul 04 01:30:04 UTC 2018 /home/travis/build/icyphy/ptII/ptolemy/actor/lib/hoc/test/auto/IterateOverArray10.xml
----------------- Instantiating /home/travis/build/icyphy/ptII/ptolemy/actor/lib/hoc/test/auto/IterateOverArray10.xml
2 ms. Memory: 208384K Free: 109007K (52%)
----------------- Invoking toplevel() on ptolemy.moml.MoMLSimpleApplication@61a43b7b
----------------- Done invoking toplevel() on ptolemy.moml.MoMLSimpleApplication@61a43b7b
reloadAllAccessors: .IterateOverArray10

===========================================================================================
----------------- testing Wed Jul 04 01:30:04 UTC 2018 /home/travis/build/icyphy/ptII/ptolemy/actor/lib/hoc/test/auto/IterateOverArray11.xml
----------------- Instantiating /home/travis/build/icyphy/ptII/ptolemy/actor/lib/hoc/test/auto/IterateOverArray11.xml
7 ms. Memory: 208384K Free: 104092K (50%)
----------------- Invoking toplevel() on ptolemy.moml.MoMLSimpleApplication@3d0ffd82
----------------- Done invoking toplevel() on ptolemy.moml.MoMLSimpleApplication@3d0ffd82
reloadAllAccessors: .IterateOverArray11

===========================================================================================
----------------- testing Wed Jul 04 01:30:04 UTC 2018 /home/travis/build/icyphy/ptII/ptolemy/actor/lib/hoc/test/auto/IterateOverArray12.xml
----------------- Instantiating /home/travis/build/icyphy/ptII/ptolemy/actor/lib/hoc/test/auto/IterateOverArray12.xml
18 ms. Memory: 208384K Free: 96659K (46%)
----------------- Invoking toplevel() on ptolemy.moml.MoMLSimpleApplication@109ff158
----------------- Done invoking toplevel() on ptolemy.moml.MoMLSimpleApplication@109ff158
reloadAllAccessors: .IterateOverArray12

===========================================================================================
----------------- testing Wed Jul 04 01:30:04 UTC 2018 /home/travis/build/icyphy/ptII/ptolemy/actor/lib/hoc/test/auto/IterateOverArray13.xml
----------------- Instantiating /home/travis/build/icyphy/ptII/ptolemy/actor/lib/hoc/test/auto/IterateOverArray13.xml
71 ms. Memory: 331776K Free: 312673K (94%)
----------------- Invoking toplevel() on ptolemy.moml.MoMLSimpleApplication@5dd19f24
----------------- Done invoking toplevel() on ptolemy.moml.MoMLSimpleApplication@5dd19f24
reloadAllAccessors: .IterateOverArray13

===========================================================================================
----------------- testing Wed Jul 04 01:30:04 UTC 2018 /home/travis/build/icyphy/ptII/ptolemy/actor/lib/hoc/test/auto/IterateOverArray14.xml
----------------- Instantiating /home/travis/build/icyphy/ptII/ptolemy/actor/lib/hoc/test/auto/IterateOverArray14.xml
56 ms. Memory: 331776K Free: 274101K (83%)
----------------- Invoking toplevel() on ptolemy.moml.MoMLSimpleApplication@17aae544
----------------- Done invoking toplevel() on ptolemy.moml.MoMLSimpleApplication@17aae544
reloadAllAccessors: .IterateOverArray14

===========================================================================================
----------------- testing Wed Jul 04 01:30:04 UTC 2018 /home/travis/build/icyphy/ptII/ptolemy/actor/lib/hoc/test/auto/IterateOverArray2.xml
----------------- Instantiating /home/travis/build/icyphy/ptII/ptolemy/actor/lib/hoc/test/auto/IterateOverArray2.xml
7 ms. Memory: 331776K Free: 263064K (79%)
----------------- Invoking toplevel() on ptolemy.moml.MoMLSimpleApplication@122bba4b
----------------- Done invoking toplevel() on ptolemy.moml.MoMLSimpleApplication@122bba4b
reloadAllAccessors: .IterateOverArray2

===========================================================================================
----------------- testing Wed Jul 04 01:30:04 UTC 2018 /home/travis/build/icyphy/ptII/ptolemy/actor/lib/hoc/test/auto/IterateOverArray3.xml
----------------- Instantiating /home/travis/build/icyphy/ptII/ptolemy/actor/lib/hoc/test/auto/IterateOverArray3.xml
18 ms. Memory: 331776K Free: 253639K (76%)
----------------- Invoking toplevel() on ptolemy.moml.MoMLSimpleApplication@5dce6701
----------------- Done invoking toplevel() on ptolemy.moml.MoMLSimpleApplication@5dce6701
reloadAllAccessors: .IterateOverArray3

===========================================================================================
----------------- testing Wed Jul 04 01:30:04 UTC 2018 /home/travis/build/icyphy/ptII/ptolemy/actor/lib/hoc/test/auto/IterateOverArray4.xml
----------------- Instantiating /home/travis/build/icyphy/ptII/ptolemy/actor/lib/hoc/test/auto/IterateOverArray4.xml
4 ms. Memory: 331776K Free: 248734K (75%)
----------------- Invoking toplevel() on ptolemy.moml.MoMLSimpleApplication@4a171067
----------------- Done invoking toplevel() on ptolemy.moml.MoMLSimpleApplication@4a171067
reloadAllAccessors: .IterateOverArray4

===========================================================================================
----------------- testing Wed Jul 04 01:30:04 UTC 2018 /home/travis/build/icyphy/ptII/ptolemy/actor/lib/hoc/test/auto/IterateOverArray5.xml
----------------- Instantiating /home/travis/build/icyphy/ptII/ptolemy/actor/lib/hoc/test/auto/IterateOverArray5.xml
2 ms. Memory: 331776K Free: 243829K (73%)
----------------- Invoking toplevel() on ptolemy.moml.MoMLSimpleApplication@26d38f3a
----------------- Done invoking toplevel() on ptolemy.moml.MoMLSimpleApplication@26d38f3a
reloadAllAccessors: .IterateOverArray5

===========================================================================================
----------------- testing Wed Jul 04 01:30:04 UTC 2018 /home/travis/build/icyphy/ptII/ptolemy/actor/lib/hoc/test/auto/IterateOverArray6.xml
----------------- Instantiating /home/travis/build/icyphy/ptII/ptolemy/actor/lib/hoc/test/auto/IterateOverArray6.xml
2 ms. Memory: 331776K Free: 239309K (72%)
----------------- Invoking toplevel() on ptolemy.moml.MoMLSimpleApplication@3f429405
----------------- Done invoking toplevel() on ptolemy.moml.MoMLSimpleApplication@3f429405
reloadAllAccessors: .IterateOverArray6

===========================================================================================
----------------- testing Wed Jul 04 01:30:04 UTC 2018 /home/travis/build/icyphy/ptII/ptolemy/actor/lib/hoc/test/auto/IterateOverArray7.xml
----------------- Instantiating /home/travis/build/icyphy/ptII/ptolemy/actor/lib/hoc/test/auto/IterateOverArray7.xml
4 ms. Memory: 331776K Free: 234404K (71%)
----------------- Invoking toplevel() on ptolemy.moml.MoMLSimpleApplication@6cda1c3b
----------------- Done invoking toplevel() on ptolemy.moml.MoMLSimpleApplication@6cda1c3b
reloadAllAccessors: .IterateOverArray7

===========================================================================================
----------------- testing Wed Jul 04 01:30:04 UTC 2018 /home/travis/build/icyphy/ptII/ptolemy/actor/lib/hoc/test/auto/IterateOverArray8.xml
----------------- Instantiating /home/travis/build/icyphy/ptII/ptolemy/actor/lib/hoc/test/auto/IterateOverArray8.xml
9 ms. Memory: 331776K Free: 228658K (69%)
----------------- Invoking toplevel() on ptolemy.moml.MoMLSimpleApplication@6100007d
----------------- Done invoking toplevel() on ptolemy.moml.MoMLSimpleApplication@6100007d
reloadAllAccessors: .IterateOverArray8

===========================================================================================
----------------- testing Wed Jul 04 01:30:04 UTC 2018 /home/travis/build/icyphy/ptII/ptolemy/actor/lib/hoc/test/auto/IterateOverArray9.xml
----------------- Instantiating /home/travis/build/icyphy/ptII/ptolemy/actor/lib/hoc/test/auto/IterateOverArray9.xml
10 ms. Memory: 331776K Free: 223753K (67%)
----------------- Invoking toplevel() on ptolemy.moml.MoMLSimpleApplication@2e9b2b7c
----------------- Done invoking toplevel() on ptolemy.moml.MoMLSimpleApplication@2e9b2b7c
reloadAllAccessors: .IterateOverArray9

===========================================================================================
----------------- testing Wed Jul 04 01:30:05 UTC 2018 /home/travis/build/icyphy/ptII/ptolemy/actor/lib/hoc/test/auto/IterateOverArrayCoercedOutputType.xml
----------------- Instantiating /home/travis/build/icyphy/ptII/ptolemy/actor/lib/hoc/test/auto/IterateOverArrayCoercedOutputType.xml
4 ms. Memory: 331776K Free: 217621K (66%)
----------------- Invoking toplevel() on ptolemy.moml.MoMLSimpleApplication@7bc8b81a
----------------- Done invoking toplevel() on ptolemy.moml.MoMLSimpleApplication@7bc8b81a
reloadAllAccessors: .IterateOverArrayCoercedOutputType

===========================================================================================
----------------- testing Wed Jul 04 01:30:05 UTC 2018 /home/travis/build/icyphy/ptII/ptolemy/actor/lib/hoc/test/auto/IterateOverArrayInferredOutputType.xml
----------------- Instantiating /home/travis/build/icyphy/ptII/ptolemy/actor/lib/hoc/test/auto/IterateOverArrayInferredOutputType.xml
8 ms. Memory: 331776K Free: 210649K (63%)
----------------- Invoking toplevel() on ptolemy.moml.MoMLSimpleApplication@6d6e0326
----------------- Done invoking toplevel() on ptolemy.moml.MoMLSimpleApplication@6d6e0326
reloadAllAccessors: .IterateOverArrayInferredOutputType

===========================================================================================
----------------- testing Wed Jul 04 01:30:05 UTC 2018 /home/travis/build/icyphy/ptII/ptolemy/actor/lib/hoc/test/auto/MobileFunctionTest.xml
----------------- Instantiating /home/travis/build/icyphy/ptII/ptolemy/actor/lib/hoc/test/auto/MobileFunctionTest.xml
5 ms. Memory: 331776K Free: 205744K (62%)
----------------- Invoking toplevel() on ptolemy.moml.MoMLSimpleApplication@300d0e14
----------------- Done invoking toplevel() on ptolemy.moml.MoMLSimpleApplication@300d0e14
reloadAllAccessors: .MobileFunctionTest

===========================================================================================
----------------- testing Wed Jul 04 01:30:05 UTC 2018 /home/travis/build/icyphy/ptII/ptolemy/actor/lib/hoc/test/auto/MobileModelTest.xml
----------------- Instantiating /home/travis/build/icyphy/ptII/ptolemy/actor/lib/hoc/test/auto/MobileModelTest.xml
84 ms. Memory: 331776K Free: 184040K (55%)
----------------- Invoking toplevel() on ptolemy.moml.MoMLSimpleApplication@67f383c8
----------------- Done invoking toplevel() on ptolemy.moml.MoMLSimpleApplication@67f383c8
reloadAllAccessors: .MobileModelTest

===========================================================================================
----------------- testing Wed Jul 04 01:30:05 UTC 2018 /home/travis/build/icyphy/ptII/ptolemy/actor/lib/hoc/test/auto/ModelReference.xml
----------------- Instantiating /home/travis/build/icyphy/ptII/ptolemy/actor/lib/hoc/test/auto/ModelReference.xml
3 ms. Memory: 331776K Free: 175456K (53%)
1 ms. Memory: 331776K Free: 174230K (53%)
2 ms. Memory: 331776K Free: 174230K (53%)
1 ms. Memory: 331776K Free: 173004K (52%)
1 ms. Memory: 331776K Free: 171778K (52%)
2 ms. Memory: 331776K Free: 171778K (52%)
1 ms. Memory: 331776K Free: 170551K (51%)
2 ms. Memory: 331776K Free: 169325K (51%)
1 ms. Memory: 331776K Free: 169325K (51%)
1 ms. Memory: 331776K Free: 168099K (51%)
22 ms. Memory: 331776K Free: 168099K (51%)
----------------- Invoking toplevel() on ptolemy.moml.MoMLSimpleApplication@399f4938
----------------- Done invoking toplevel() on ptolemy.moml.MoMLSimpleApplication@399f4938
reloadAllAccessors: .ModelReference

===========================================================================================
----------------- testing Wed Jul 04 01:30:05 UTC 2018 /home/travis/build/icyphy/ptII/ptolemy/actor/lib/hoc/test/auto/ModelReference3.xml
----------------- Instantiating /home/travis/build/icyphy/ptII/ptolemy/actor/lib/hoc/test/auto/ModelReference3.xml
3 ms. Memory: 331776K Free: 161968K (49%)
5 ms. Memory: 331776K Free: 161968K (49%)
1 ms. Memory: 331776K Free: 160741K (48%)
3 ms. Memory: 331776K Free: 159515K (48%)
1 ms. Memory: 331776K Free: 159515K (48%)
1 ms. Memory: 331776K Free: 158289K (48%)
1 ms. Memory: 331776K Free: 157063K (47%)
2 ms. Memory: 331776K Free: 157063K (47%)
1 ms. Memory: 331776K Free: 155836K (47%)
3 ms. Memory: 331776K Free: 154610K (47%)
32 ms. Memory: 331776K Free: 154610K (47%)
----------------- Invoking toplevel() on ptolemy.moml.MoMLSimpleApplication@356c9da4
----------------- Done invoking toplevel() on ptolemy.moml.MoMLSimpleApplication@356c9da4
reloadAllAccessors: .ModelReference3

===========================================================================================
----------------- testing Wed Jul 04 01:30:05 UTC 2018 /home/travis/build/icyphy/ptII/ptolemy/actor/lib/hoc/test/auto/ModelReference4.xml
----------------- Instantiating /home/travis/build/icyphy/ptII/ptolemy/actor/lib/hoc/test/auto/ModelReference4.xml
4 ms. Memory: 331776K Free: 147637K (44%)
3 ms. Memory: 331776K Free: 146411K (44%)
4 ms. Memory: 331776K Free: 143959K (43%)
7 ms. Memory: 331776K Free: 142732K (43%)
3 ms. Memory: 331776K Free: 141506K (43%)
5 ms. Memory: 331776K Free: 140280K (42%)
3 ms. Memory: 331776K Free: 139054K (42%)
7 ms. Memory: 331776K Free: 137828K (42%)
6 ms. Memory: 331776K Free: 135359K (41%)
4 ms. Memory: 331776K Free: 134133K (40%)
10018 ms. Memory: 331776K Free: 134133K (40%)
----------------- Invoking toplevel() on ptolemy.moml.MoMLSimpleApplication@192d36a5
----------------- Done invoking toplevel() on ptolemy.moml.MoMLSimpleApplication@192d36a5
reloadAllAccessors: .ModelReference4

===========================================================================================
----------------- testing Wed Jul 04 01:30:15 UTC 2018 /home/travis/build/icyphy/ptII/ptolemy/actor/lib/hoc/test/auto/MultiInstanceComposite.xml
----------------- Instantiating /home/travis/build/icyphy/ptII/ptolemy/actor/lib/hoc/test/auto/MultiInstanceComposite.xml
26 ms. Memory: 331776K Free: 116837K (35%)
----------------- Invoking toplevel() on ptolemy.moml.MoMLSimpleApplication@4f901f8b
----------------- Done invoking toplevel() on ptolemy.moml.MoMLSimpleApplication@4f901f8b
reloadAllAccessors: .MultiInstanceComposite

===========================================================================================
----------------- testing Wed Jul 04 01:30:15 UTC 2018 /home/travis/build/icyphy/ptII/ptolemy/actor/lib/hoc/test/auto/MultiInstanceComposite2.xml
----------------- Instantiating /home/travis/build/icyphy/ptII/ptolemy/actor/lib/hoc/test/auto/MultiInstanceComposite2.xml
10 ms. Memory: 331776K Free: 102395K (31%)
----------------- Invoking toplevel() on ptolemy.moml.MoMLSimpleApplication@107e5036
----------------- Done invoking toplevel() on ptolemy.moml.MoMLSimpleApplication@107e5036
reloadAllAccessors: .MultiInstanceComposite2

===========================================================================================
----------------- testing Wed Jul 04 01:30:15 UTC 2018 /home/travis/build/icyphy/ptII/ptolemy/actor/lib/hoc/test/auto/MulticoreExecution.xml
----------------- Instantiating /home/travis/build/icyphy/ptII/ptolemy/actor/lib/hoc/test/auto/MulticoreExecution.xml
Fired ExecutionTime: 17200000
Fired ExecutionTime: 26800000
Fired ExecutionTime: 40400000
Fired ExecutionTime: 26400000
Fired ExecutionTime: 25600000
Fired ExecutionTime: 30800000
Fired ExecutionTime: 27200000
Fired ExecutionTime: 47200000
Fired ExecutionTime: 38800000
Fired ExecutionTime: 37600000
Fired ExecutionTime: 67200000
Fired ExecutionTime: 65600000
Fired ExecutionTime: 66000000
Fired ExecutionTime: 66800000
Fired ExecutionTime: 66400000
Fired ExecutionTime: 68000000
Fired ExecutionTime: 66800000
Fired ExecutionTime: 67200000
Fired ExecutionTime: 64000000
Fired ExecutionTime: 64800000
1080 ms. Memory: 331776K Free: 90093K (27%)
----------------- Invoking toplevel() on ptolemy.moml.MoMLSimpleApplication@1924ebec
----------------- Done invoking toplevel() on ptolemy.moml.MoMLSimpleApplication@1924ebec
reloadAllAccessors: .MulticoreExecution

===========================================================================================
----------------- testing Wed Jul 04 01:30:16 UTC 2018 /home/travis/build/icyphy/ptII/ptolemy/actor/lib/hoc/test/auto/ParallelExecution.xml
----------------- Instantiating /home/travis/build/icyphy/ptII/ptolemy/actor/lib/hoc/test/auto/ParallelExecution.xml
918 ms. Memory: 331776K Free: 79457K (24%)
----------------- Invoking toplevel() on ptolemy.moml.MoMLSimpleApplication@384695d9
----------------- Done invoking toplevel() on ptolemy.moml.MoMLSimpleApplication@384695d9
reloadAllAccessors: .ParallelExecution

===========================================================================================
----------------- testing Wed Jul 04 01:30:17 UTC 2018 /home/travis/build/icyphy/ptII/ptolemy/actor/lib/hoc/test/auto/RunCompositeActor.xml
----------------- Instantiating /home/travis/build/icyphy/ptII/ptolemy/actor/lib/hoc/test/auto/RunCompositeActor.xml
6 ms. Memory: 332288K Free: 313994K (94%)
----------------- Invoking toplevel() on ptolemy.moml.MoMLSimpleApplication@78fafdac
----------------- Done invoking toplevel() on ptolemy.moml.MoMLSimpleApplication@78fafdac
reloadAllAccessors: .RunCompositeActor

===========================================================================================
----------------- testing Wed Jul 04 01:30:17 UTC 2018 /home/travis/build/icyphy/ptII/ptolemy/actor/lib/hoc/test/auto/RunCompositeActor2.xml
----------------- Instantiating /home/travis/build/icyphy/ptII/ptolemy/actor/lib/hoc/test/auto/RunCompositeActor2.xml
8 ms. Memory: 332288K Free: 306403K (92%)
----------------- Invoking toplevel() on ptolemy.moml.MoMLSimpleApplication@418b50d4
----------------- Done invoking toplevel() on ptolemy.moml.MoMLSimpleApplication@418b50d4
reloadAllAccessors: .RunCompositeActor2

===========================================================================================
----------------- testing Wed Jul 04 01:30:17 UTC 2018 /home/travis/build/icyphy/ptII/ptolemy/actor/lib/hoc/test/auto/RunCompositeActor3.xml
----------------- Instantiating /home/travis/build/icyphy/ptII/ptolemy/actor/lib/hoc/test/auto/RunCompositeActor3.xml
14 ms. Memory: 332288K Free: 299635K (90%)
----------------- Invoking toplevel() on ptolemy.moml.MoMLSimpleApplication@502ef853
----------------- Done invoking toplevel() on ptolemy.moml.MoMLSimpleApplication@502ef853
reloadAllAccessors: .RunCompositeActor3

===========================================================================================
----------------- testing Wed Jul 04 01:30:17 UTC 2018 /home/travis/build/icyphy/ptII/ptolemy/actor/lib/hoc/test/auto/RunCompositeActor4.xml
----------------- Instantiating /home/travis/build/icyphy/ptII/ptolemy/actor/lib/hoc/test/auto/RunCompositeActor4.xml
10 ms. Memory: 332288K Free: 290383K (87%)
----------------- Invoking toplevel() on ptolemy.moml.MoMLSimpleApplication@2291606
----------------- Done invoking toplevel() on ptolemy.moml.MoMLSimpleApplication@2291606
reloadAllAccessors: .RunCompositeActor4

===========================================================================================
----------------- testing Wed Jul 04 01:30:17 UTC 2018 /home/travis/build/icyphy/ptII/ptolemy/actor/lib/hoc/test/auto/RunCompositeIterateOverArray.xml
----------------- Instantiating /home/travis/build/icyphy/ptII/ptolemy/actor/lib/hoc/test/auto/RunCompositeIterateOverArray.xml
4 ms. Memory: 332288K Free: 284252K (86%)
----------------- Invoking toplevel() on ptolemy.moml.MoMLSimpleApplication@43fd9f0a
----------------- Done invoking toplevel() on ptolemy.moml.MoMLSimpleApplication@43fd9f0a
reloadAllAccessors: .RunCompositeIterateOverArray

===========================================================================================
----------------- testing Wed Jul 04 01:30:17 UTC 2018 /home/travis/build/icyphy/ptII/ptolemy/actor/lib/hoc/test/auto/ThreadedJS.xml
----------------- Instantiating /home/travis/build/icyphy/ptII/ptolemy/actor/lib/hoc/test/auto/ThreadedJS.xml
1750 ms. Memory: 540672K Free: 170895K (32%)
----------------- Invoking toplevel() on ptolemy.moml.MoMLSimpleApplication@13ed0cef
----------------- Done invoking toplevel() on ptolemy.moml.MoMLSimpleApplication@13ed0cef
reloadAllAccessors: .ThreadedJS
AutoTests.java: About to close Vertx.
AutoTests.java: Vertx closed.
]]></system-out>
  <system-err><![CDATA[java.lang.RuntimeException: Execution failed
	at ptolemy.moml.MoMLSimpleApplication$UnloadThread.run(MoMLSimpleApplication.java:402)
Caused by: ptolemy.kernel.util.IllegalActionException: initialize() was called after wrapup() was called but preinitialize() was not called after wrapup().
	at ptolemy.actor.lib.hoc.test.PreinitializeMustBeInvoked.initialize(PreinitializeMustBeInvoked.java:78)
	at ptolemy.actor.Director.initialize(Director.java:938)
	at ptolemy.actor.Director.initialize(Director.java:907)
	at ptolemy.actor.sched.StaticSchedulingDirector.initialize(StaticSchedulingDirector.java:159)
	at ptolemy.domains.sdf.kernel.SDFDirector.initialize(SDFDirector.java:544)
	at ptolemy.actor.CompositeActor.initialize(CompositeActor.java:935)
	at ptolemy.actor.lib.hoc.LifeCycleManager._executeInsideModel(LifeCycleManager.java:339)
	at ptolemy.actor.lib.hoc.RunCompositeActor.fire(RunCompositeActor.java:205)
	at ptolemy.actor.CompositeActor.iterate(CompositeActor.java:1146)
	at ptolemy.actor.sched.StaticSchedulingDirector.fire(StaticSchedulingDirector.java:216)
	at ptolemy.domains.sdf.kernel.SDFDirector.fire(SDFDirector.java:500)
	at ptolemy.actor.CompositeActor.fire(CompositeActor.java:455)
	at ptolemy.actor.Manager.iterate(Manager.java:851)
	at ptolemy.actor.Manager.execute(Manager.java:369)
	at ptolemy.actor.Manager.run(Manager.java:1263)
	at ptolemy.actor.Manager$PtolemyRunThread.run(Manager.java:1915)
java.lang.reflect.InvocationTargetException
	at sun.reflect.NativeConstructorAccessorImpl.newInstance0(Native Method)
	at sun.reflect.NativeConstructorAccessorImpl.newInstance(NativeConstructorAccessorImpl.java:62)
	at sun.reflect.DelegatingConstructorAccessorImpl.newInstance(DelegatingConstructorAccessorImpl.java:45)
	at java.lang.reflect.Constructor.newInstance(Constructor.java:423)
	at ptolemy.util.test.junit.AutoKnownFailedTests.RunModel(AutoKnownFailedTests.java:107)
	at sun.reflect.NativeMethodAccessorImpl.invoke0(Native Method)
	at sun.reflect.NativeMethodAccessorImpl.invoke(NativeMethodAccessorImpl.java:62)
	at sun.reflect.DelegatingMethodAccessorImpl.invoke(DelegatingMethodAccessorImpl.java:43)
	at java.lang.reflect.Method.invoke(Method.java:498)
	at org.junit.runners.model.FrameworkMethod$1.runReflectiveCall(FrameworkMethod.java:44)
	at org.junit.internal.runners.model.ReflectiveCallable.run(ReflectiveCallable.java:15)
	at org.junit.runners.model.FrameworkMethod.invokeExplosively(FrameworkMethod.java:41)
	at junitparams.internal.InvokeParameterisedMethod.evaluate(InvokeParameterisedMethod.java:102)
	at org.junit.internal.runners.statements.FailOnTimeout$1.run(FailOnTimeout.java:28)
Caused by: ptolemy.kernel.util.IllegalActionException: initialize() was called after wrapup() was called but preinitialize() was not called after wrapup().
	at ptolemy.actor.lib.hoc.test.PreinitializeMustBeInvoked.initialize(PreinitializeMustBeInvoked.java:78)
	at ptolemy.actor.Director.initialize(Director.java:938)
	at ptolemy.actor.Director.initialize(Director.java:907)
	at ptolemy.actor.sched.StaticSchedulingDirector.initialize(StaticSchedulingDirector.java:159)
	at ptolemy.domains.sdf.kernel.SDFDirector.initialize(SDFDirector.java:544)
	at ptolemy.actor.CompositeActor.initialize(CompositeActor.java:935)
	at ptolemy.actor.lib.hoc.LifeCycleManager._executeInsideModel(LifeCycleManager.java:339)
	at ptolemy.actor.lib.hoc.RunCompositeActor.fire(RunCompositeActor.java:205)
	at ptolemy.actor.CompositeActor.iterate(CompositeActor.java:1146)
	at ptolemy.actor.sched.StaticSchedulingDirector.fire(StaticSchedulingDirector.java:216)
	at ptolemy.domains.sdf.kernel.SDFDirector.fire(SDFDirector.java:500)
	at ptolemy.actor.CompositeActor.fire(CompositeActor.java:455)
	at ptolemy.actor.Manager.iterate(Manager.java:851)
	at ptolemy.actor.Manager.execute(Manager.java:369)
	at ptolemy.actor.Manager.run(Manager.java:1263)
	at ptolemy.actor.Manager$PtolemyRunThread.run(Manager.java:1915)
]]></system-err>
</testsuite>
