<?xml version="1.0" encoding="UTF-8" ?>
<testsuite errors="0" failures="0" hostname="travis-job-fd114a91-93a0-4b9d-9b26-5e4e411aa827" name="ptolemy.domains.modal.test.junit.JUnitTclTest" skipped="0" tests="148" time="11.068" timestamp="2019-08-25T05:30:46">
  <properties>
[...]
</properties>
  <testcase classname="ptolemy.util.test.junit.TclTests" name="[0] /home/travis/build/icyphy/ptII/ptolemy/domains/modal/test/SystemLevelType.tcl (RunTclFile)" time="2.021" />
  <testcase classname="ptolemy.util.test.junit.AutoKnownFailedTests" name="[0] /home/travis/build/icyphy/ptII/ptolemy/domains/modal/test/auto/knownFailedTests/CannotAnalysisWithPreemption.xml (RunModel)" time="0.316" />
  <testcase classname="ptolemy.util.test.junit.AutoNameArchTests" name="[0] ThereAreNoAutoArchTests (RunModel)" time="0.008" />
  <testcase classname="ptolemy.util.test.junit.AutoTests" name="[0] /home/travis/build/icyphy/ptII/ptolemy/domains/modal/test/auto/ABPTest.xml (RunModel)" time="0.82" />
  <testcase classname="ptolemy.util.test.junit.AutoTests" name="[1] /home/travis/build/icyphy/ptII/ptolemy/domains/modal/test/auto/ABROFlat.xml (RunModel)" time="0.12" />
  <testcase classname="ptolemy.util.test.junit.AutoTests" name="[2] /home/travis/build/icyphy/ptII/ptolemy/domains/modal/test/auto/ABROFlat2.xml (RunModel)" time="0.093" />
  <testcase classname="ptolemy.util.test.junit.AutoTests" name="[3] /home/travis/build/icyphy/ptII/ptolemy/domains/modal/test/auto/ABRO_present_hmm.xml (RunModel)" time="0.117" />
  <testcase classname="ptolemy.util.test.junit.AutoTests" name="[4] /home/travis/build/icyphy/ptII/ptolemy/domains/modal/test/auto/AMICoderExample.xml (RunModel)" time="0.06" />
  <testcase classname="ptolemy.util.test.junit.AutoTests" name="[5] /home/travis/build/icyphy/ptII/ptolemy/domains/modal/test/auto/AbsentToPresent.xml (RunModel)" time="0.019" />
  <testcase classname="ptolemy.util.test.junit.AutoTests" name="[6] /home/travis/build/icyphy/ptII/ptolemy/domains/modal/test/auto/Blending.xml (RunModel)" time="0.246" />
  <testcase classname="ptolemy.util.test.junit.AutoTests" name="[7] /home/travis/build/icyphy/ptII/ptolemy/domains/modal/test/auto/Broadcast.xml (RunModel)" time="0.045" />
  <testcase classname="ptolemy.util.test.junit.AutoTests" name="[8] /home/travis/build/icyphy/ptII/ptolemy/domains/modal/test/auto/BroadcastHierarchy.xml (RunModel)" time="0.059" />
  <testcase classname="ptolemy.util.test.junit.AutoTests" name="[9] /home/travis/build/icyphy/ptII/ptolemy/domains/modal/test/auto/BroadcastHierarchy2.xml (RunModel)" time="0.096" />
  <testcase classname="ptolemy.util.test.junit.AutoTests" name="[10] /home/travis/build/icyphy/ptII/ptolemy/domains/modal/test/auto/BroadcastHierarchy3.xml (RunModel)" time="0.067" />
  <testcase classname="ptolemy.util.test.junit.AutoTests" name="[11] /home/travis/build/icyphy/ptII/ptolemy/domains/modal/test/auto/BroadcastHierarchy4.xml (RunModel)" time="0.095" />
  <testcase classname="ptolemy.util.test.junit.AutoTests" name="[12] /home/travis/build/icyphy/ptII/ptolemy/domains/modal/test/auto/CannotAnalysisWithPreemption2.xml (RunModel)" time="0.038" />
  <testcase classname="ptolemy.util.test.junit.AutoTests" name="[13] /home/travis/build/icyphy/ptII/ptolemy/domains/modal/test/auto/CannotAnalysisWithPreemption3.xml (RunModel)" time="0.038" />
  <testcase classname="ptolemy.util.test.junit.AutoTests" name="[14] /home/travis/build/icyphy/ptII/ptolemy/domains/modal/test/auto/CannotProduce.xml (RunModel)" time="0.042" />
  <testcase classname="ptolemy.util.test.junit.AutoTests" name="[15] /home/travis/build/icyphy/ptII/ptolemy/domains/modal/test/auto/CannotProduceModal.xml (RunModel)" time="0.032" />
  <testcase classname="ptolemy.util.test.junit.AutoTests" name="[16] /home/travis/build/icyphy/ptII/ptolemy/domains/modal/test/auto/Case.xml (RunModel)" time="0.09" />
  <testcase classname="ptolemy.util.test.junit.AutoTests" name="[17] /home/travis/build/icyphy/ptII/ptolemy/domains/modal/test/auto/Case1.xml (RunModel)" time="0.036" />
  <testcase classname="ptolemy.util.test.junit.AutoTests" name="[18] /home/travis/build/icyphy/ptII/ptolemy/domains/modal/test/auto/Case2.xml (RunModel)" time="0.065" />
  <testcase classname="ptolemy.util.test.junit.AutoTests" name="[19] /home/travis/build/icyphy/ptII/ptolemy/domains/modal/test/auto/CausalityInterface1.xml (RunModel)" time="0.038" />
  <testcase classname="ptolemy.util.test.junit.AutoTests" name="[20] /home/travis/build/icyphy/ptII/ptolemy/domains/modal/test/auto/CausalityInterface10.xml (RunModel)" time="0.069" />
  <testcase classname="ptolemy.util.test.junit.AutoTests" name="[21] /home/travis/build/icyphy/ptII/ptolemy/domains/modal/test/auto/CausalityInterface11.xml (RunModel)" time="0.056" />
  <testcase classname="ptolemy.util.test.junit.AutoTests" name="[22] /home/travis/build/icyphy/ptII/ptolemy/domains/modal/test/auto/CausalityInterface12.xml (RunModel)" time="0.06" />
  <testcase classname="ptolemy.util.test.junit.AutoTests" name="[23] /home/travis/build/icyphy/ptII/ptolemy/domains/modal/test/auto/CausalityInterface13.xml (RunModel)" time="0.061" />
  <testcase classname="ptolemy.util.test.junit.AutoTests" name="[24] /home/travis/build/icyphy/ptII/ptolemy/domains/modal/test/auto/CausalityInterface14.xml (RunModel)" time="0.064" />
  <testcase classname="ptolemy.util.test.junit.AutoTests" name="[25] /home/travis/build/icyphy/ptII/ptolemy/domains/modal/test/auto/CausalityInterface2.xml (RunModel)" time="0.028" />
  <testcase classname="ptolemy.util.test.junit.AutoTests" name="[26] /home/travis/build/icyphy/ptII/ptolemy/domains/modal/test/auto/CausalityInterface3.xml (RunModel)" time="0.029" />
  <testcase classname="ptolemy.util.test.junit.AutoTests" name="[27] /home/travis/build/icyphy/ptII/ptolemy/domains/modal/test/auto/CausalityInterface4.xml (RunModel)" time="0.03" />
  <testcase classname="ptolemy.util.test.junit.AutoTests" name="[28] /home/travis/build/icyphy/ptII/ptolemy/domains/modal/test/auto/CausalityInterface5.xml (RunModel)" time="0.045" />
  <testcase classname="ptolemy.util.test.junit.AutoTests" name="[29] /home/travis/build/icyphy/ptII/ptolemy/domains/modal/test/auto/CausalityInterface6.xml (RunModel)" time="0.037" />
  <testcase classname="ptolemy.util.test.junit.AutoTests" name="[30] /home/travis/build/icyphy/ptII/ptolemy/domains/modal/test/auto/CausalityInterface7.xml (RunModel)" time="0.043" />
  <testcase classname="ptolemy.util.test.junit.AutoTests" name="[31] /home/travis/build/icyphy/ptII/ptolemy/domains/modal/test/auto/CausalityInterface8.xml (RunModel)" time="0.038" />
  <testcase classname="ptolemy.util.test.junit.AutoTests" name="[32] /home/travis/build/icyphy/ptII/ptolemy/domains/modal/test/auto/CausalityInterface9.xml (RunModel)" time="0.044" />
  <testcase classname="ptolemy.util.test.junit.AutoTests" name="[33] /home/travis/build/icyphy/ptII/ptolemy/domains/modal/test/auto/ChainedTransitions.xml (RunModel)" time="0.186" />
  <testcase classname="ptolemy.util.test.junit.AutoTests" name="[34] /home/travis/build/icyphy/ptII/ptolemy/domains/modal/test/auto/CycleOfImmediateTransitionsFSM.xml (RunModel)" time="0.027" />
  <testcase classname="ptolemy.util.test.junit.AutoTests" name="[35] /home/travis/build/icyphy/ptII/ptolemy/domains/modal/test/auto/CycleOfImmediateTransitionsModal.xml (RunModel)" time="0.027" />
  <testcase classname="ptolemy.util.test.junit.AutoTests" name="[36] /home/travis/build/icyphy/ptII/ptolemy/domains/modal/test/auto/CycleOfImmediateTransitionsModal2.xml (RunModel)" time="0.033" />
  <testcase classname="ptolemy.util.test.junit.AutoTests" name="[37] /home/travis/build/icyphy/ptII/ptolemy/domains/modal/test/auto/CycleOfImmediateTransitionsModal3.xml (RunModel)" time="0.076" />
  <testcase classname="ptolemy.util.test.junit.AutoTests" name="[38] /home/travis/build/icyphy/ptII/ptolemy/domains/modal/test/auto/DeepModal1.xml (RunModel)" time="0.05" />
  <testcase classname="ptolemy.util.test.junit.AutoTests" name="[39] /home/travis/build/icyphy/ptII/ptolemy/domains/modal/test/auto/DeepModal2.xml (RunModel)" time="0.068" />
  <testcase classname="ptolemy.util.test.junit.AutoTests" name="[40] /home/travis/build/icyphy/ptII/ptolemy/domains/modal/test/auto/DeepModal3.xml (RunModel)" time="0.104" />
  <testcase classname="ptolemy.util.test.junit.AutoTests" name="[41] /home/travis/build/icyphy/ptII/ptolemy/domains/modal/test/auto/DeepModal4.xml (RunModel)" time="0.091" />
  <testcase classname="ptolemy.util.test.junit.AutoTests" name="[42] /home/travis/build/icyphy/ptII/ptolemy/domains/modal/test/auto/Default1.xml (RunModel)" time="0.019" />
  <testcase classname="ptolemy.util.test.junit.AutoTests" name="[43] /home/travis/build/icyphy/ptII/ptolemy/domains/modal/test/auto/Default2.xml (RunModel)" time="0.023" />
  <testcase classname="ptolemy.util.test.junit.AutoTests" name="[44] /home/travis/build/icyphy/ptII/ptolemy/domains/modal/test/auto/Default3.xml (RunModel)" time="0.039" />
  <testcase classname="ptolemy.util.test.junit.AutoTests" name="[45] /home/travis/build/icyphy/ptII/ptolemy/domains/modal/test/auto/Default4.xml (RunModel)" time="0.021" />
  <testcase classname="ptolemy.util.test.junit.AutoTests" name="[46] /home/travis/build/icyphy/ptII/ptolemy/domains/modal/test/auto/Default5.xml (RunModel)" time="0.025" />
  <testcase classname="ptolemy.util.test.junit.AutoTests" name="[47] /home/travis/build/icyphy/ptII/ptolemy/domains/modal/test/auto/EmptyGuard.xml (RunModel)" time="0.036" />
  <testcase classname="ptolemy.util.test.junit.AutoTests" name="[48] /home/travis/build/icyphy/ptII/ptolemy/domains/modal/test/auto/ErrorTransition1.xml (RunModel)" time="0.037" />
  <testcase classname="ptolemy.util.test.junit.AutoTests" name="[49] /home/travis/build/icyphy/ptII/ptolemy/domains/modal/test/auto/ErrorTransition10.xml (RunModel)" time="0.043" />
  <testcase classname="ptolemy.util.test.junit.AutoTests" name="[50] /home/travis/build/icyphy/ptII/ptolemy/domains/modal/test/auto/ErrorTransition11.xml (RunModel)" time="0.032" />
  <testcase classname="ptolemy.util.test.junit.AutoTests" name="[51] /home/travis/build/icyphy/ptII/ptolemy/domains/modal/test/auto/ErrorTransition2.xml (RunModel)" time="0.027" />
  <testcase classname="ptolemy.util.test.junit.AutoTests" name="[52] /home/travis/build/icyphy/ptII/ptolemy/domains/modal/test/auto/ErrorTransition3.xml (RunModel)" time="0.048" />
  <testcase classname="ptolemy.util.test.junit.AutoTests" name="[53] /home/travis/build/icyphy/ptII/ptolemy/domains/modal/test/auto/ErrorTransition4.xml (RunModel)" time="0.065" />
  <testcase classname="ptolemy.util.test.junit.AutoTests" name="[54] /home/travis/build/icyphy/ptII/ptolemy/domains/modal/test/auto/ErrorTransition5.xml (RunModel)" time="0.03" />
  <testcase classname="ptolemy.util.test.junit.AutoTests" name="[55] /home/travis/build/icyphy/ptII/ptolemy/domains/modal/test/auto/ErrorTransition6.xml (RunModel)" time="0.036" />
  <testcase classname="ptolemy.util.test.junit.AutoTests" name="[56] /home/travis/build/icyphy/ptII/ptolemy/domains/modal/test/auto/ErrorTransition7.xml (RunModel)" time="0.047" />
  <testcase classname="ptolemy.util.test.junit.AutoTests" name="[57] /home/travis/build/icyphy/ptII/ptolemy/domains/modal/test/auto/ErrorTransition8.xml (RunModel)" time="0.037" />
  <testcase classname="ptolemy.util.test.junit.AutoTests" name="[58] /home/travis/build/icyphy/ptII/ptolemy/domains/modal/test/auto/ErrorTransition9.xml (RunModel)" time="0.043" />
  <testcase classname="ptolemy.util.test.junit.AutoTests" name="[59] /home/travis/build/icyphy/ptII/ptolemy/domains/modal/test/auto/ExtendedFSM.xml (RunModel)" time="0.023" />
  <testcase classname="ptolemy.util.test.junit.AutoTests" name="[60] /home/travis/build/icyphy/ptII/ptolemy/domains/modal/test/auto/FinalStates.xml (RunModel)" time="0.054" />
  <testcase classname="ptolemy.util.test.junit.AutoTests" name="[61] /home/travis/build/icyphy/ptII/ptolemy/domains/modal/test/auto/FixedPointFSM.xml (RunModel)" time="0.048" />
  <testcase classname="ptolemy.util.test.junit.AutoTests" name="[62] /home/travis/build/icyphy/ptII/ptolemy/domains/modal/test/auto/FixedPointIterationFSMActor.xml (RunModel)" time="0.034" />
  <testcase classname="ptolemy.util.test.junit.AutoTests" name="[63] /home/travis/build/icyphy/ptII/ptolemy/domains/modal/test/auto/FixedPointIterationFSMActor2.xml (RunModel)" time="0.035" />
  <testcase classname="ptolemy.util.test.junit.AutoTests" name="[64] /home/travis/build/icyphy/ptII/ptolemy/domains/modal/test/auto/ForbiddenInstantanousLoop.xml (RunModel)" time="0.053" />
  <testcase classname="ptolemy.util.test.junit.AutoTests" name="[65] /home/travis/build/icyphy/ptII/ptolemy/domains/modal/test/auto/FunctionDependencyOfFSMActorTest.xml (RunModel)" time="0.029" />
  <testcase classname="ptolemy.util.test.junit.AutoTests" name="[66] /home/travis/build/icyphy/ptII/ptolemy/domains/modal/test/auto/GuardExpression.xml (RunModel)" time="0.018" />
  <testcase classname="ptolemy.util.test.junit.AutoTests" name="[67] /home/travis/build/icyphy/ptII/ptolemy/domains/modal/test/auto/GuardNotEvaluated.xml (RunModel)" time="0.029" />
  <testcase classname="ptolemy.util.test.junit.AutoTests" name="[68] /home/travis/build/icyphy/ptII/ptolemy/domains/modal/test/auto/GuardNotEvaluated2.xml (RunModel)" time="0.027" />
  <testcase classname="ptolemy.util.test.junit.AutoTests" name="[69] /home/travis/build/icyphy/ptII/ptolemy/domains/modal/test/auto/GuardOnAbsent.xml (RunModel)" time="0.025" />
  <testcase classname="ptolemy.util.test.junit.AutoTests" name="[70] /home/travis/build/icyphy/ptII/ptolemy/domains/modal/test/auto/HierarchicalFSMTypeInference.xml (RunModel)" time="0.031" />
  <testcase classname="ptolemy.util.test.junit.AutoTests" name="[71] /home/travis/build/icyphy/ptII/ptolemy/domains/modal/test/auto/Hysteresis.xml (RunModel)" time="0.047" />
  <testcase classname="ptolemy.util.test.junit.AutoTests" name="[72] /home/travis/build/icyphy/ptII/ptolemy/domains/modal/test/auto/HysteresisWithDefault.xml (RunModel)" time="0.071" />
  <testcase classname="ptolemy.util.test.junit.AutoTests" name="[73] /home/travis/build/icyphy/ptII/ptolemy/domains/modal/test/auto/HysteresisWithDefault2.xml (RunModel)" time="0.072" />
  <testcase classname="ptolemy.util.test.junit.AutoTests" name="[74] /home/travis/build/icyphy/ptII/ptolemy/domains/modal/test/auto/ImmediateNonConstructiveness.xml (RunModel)" time="0.043" />
  <testcase classname="ptolemy.util.test.junit.AutoTests" name="[75] /home/travis/build/icyphy/ptII/ptolemy/domains/modal/test/auto/ImmediateNonConstructiveness2.xml (RunModel)" time="0.023" />
  <testcase classname="ptolemy.util.test.junit.AutoTests" name="[76] /home/travis/build/icyphy/ptII/ptolemy/domains/modal/test/auto/ImmediateTransitionReset.xml (RunModel)" time="0.039" />
  <testcase classname="ptolemy.util.test.junit.AutoTests" name="[77] /home/travis/build/icyphy/ptII/ptolemy/domains/modal/test/auto/ImmediateTransitions1.xml (RunModel)" time="0.013" />
  <testcase classname="ptolemy.util.test.junit.AutoTests" name="[78] /home/travis/build/icyphy/ptII/ptolemy/domains/modal/test/auto/ImmediateTransitionsInstantaneousCommunication.xml (RunModel)" time="0.029" />
  <testcase classname="ptolemy.util.test.junit.AutoTests" name="[79] /home/travis/build/icyphy/ptII/ptolemy/domains/modal/test/auto/InitialImmediateTransition.xml (RunModel)" time="0.015" />
  <testcase classname="ptolemy.util.test.junit.AutoTests" name="[80] /home/travis/build/icyphy/ptII/ptolemy/domains/modal/test/auto/InitialOutputs.xml (RunModel)" time="0.016" />
  <testcase classname="ptolemy.util.test.junit.AutoTests" name="[81] /home/travis/build/icyphy/ptII/ptolemy/domains/modal/test/auto/InitialStateTransition1.xml (RunModel)" time="0.023" />
  <testcase classname="ptolemy.util.test.junit.AutoTests" name="[82] /home/travis/build/icyphy/ptII/ptolemy/domains/modal/test/auto/InitialStateTransition2.xml (RunModel)" time="0.025" />
  <testcase classname="ptolemy.util.test.junit.AutoTests" name="[83] /home/travis/build/icyphy/ptII/ptolemy/domains/modal/test/auto/InitialStateTransition3.xml (RunModel)" time="0.023" />
  <testcase classname="ptolemy.util.test.junit.AutoTests" name="[84] /home/travis/build/icyphy/ptII/ptolemy/domains/modal/test/auto/InitialStateTransition4.xml (RunModel)" time="0.025" />
  <testcase classname="ptolemy.util.test.junit.AutoTests" name="[85] /home/travis/build/icyphy/ptII/ptolemy/domains/modal/test/auto/MalformedGuardExpressionNotCaught.xml (RunModel)" time="0.029" />
  <testcase classname="ptolemy.util.test.junit.AutoTests" name="[86] /home/travis/build/icyphy/ptII/ptolemy/domains/modal/test/auto/ModalBSC.xml (RunModel)" time="0.106" />
  <testcase classname="ptolemy.util.test.junit.AutoTests" name="[87] /home/travis/build/icyphy/ptII/ptolemy/domains/modal/test/auto/ModalClocks.xml (RunModel)" time="0.121" />
  <testcase classname="ptolemy.util.test.junit.AutoTests" name="[88] /home/travis/build/icyphy/ptII/ptolemy/domains/modal/test/auto/ModalDelay.xml (RunModel)" time="0.055" />
  <testcase classname="ptolemy.util.test.junit.AutoTests" name="[89] /home/travis/build/icyphy/ptII/ptolemy/domains/modal/test/auto/ModalDelay2.xml (RunModel)" time="0.056" />
  <testcase classname="ptolemy.util.test.junit.AutoTests" name="[90] /home/travis/build/icyphy/ptII/ptolemy/domains/modal/test/auto/ModalModelFromMemo.xml (RunModel)" time="0.064" />
  <testcase classname="ptolemy.util.test.junit.AutoTests" name="[91] /home/travis/build/icyphy/ptII/ptolemy/domains/modal/test/auto/ModalModelWithMultirateTransient.xml (RunModel)" time="0.053" />
  <testcase classname="ptolemy.util.test.junit.AutoTests" name="[92] /home/travis/build/icyphy/ptII/ptolemy/domains/modal/test/auto/ModalModelWithReset.xml (RunModel)" time="0.045" />
  <testcase classname="ptolemy.util.test.junit.AutoTests" name="[93] /home/travis/build/icyphy/ptII/ptolemy/domains/modal/test/auto/MouseClickFSM.xml (RunModel)" time="0.041" />
  <testcase classname="ptolemy.util.test.junit.AutoTests" name="[94] /home/travis/build/icyphy/ptII/ptolemy/domains/modal/test/auto/MouseClickFSMModal.xml (RunModel)" time="0.034" />
  <testcase classname="ptolemy.util.test.junit.AutoTests" name="[95] /home/travis/build/icyphy/ptII/ptolemy/domains/modal/test/auto/NonStrictFSM_FeedbackLoop.xml (RunModel)" time="0.046" />
  <testcase classname="ptolemy.util.test.junit.AutoTests" name="[96] /home/travis/build/icyphy/ptII/ptolemy/domains/modal/test/auto/NonStrictFSM_FeedbackLoop_Refinement.xml (RunModel)" time="0.101" />
  <testcase classname="ptolemy.util.test.junit.AutoTests" name="[97] /home/travis/build/icyphy/ptII/ptolemy/domains/modal/test/auto/NonStrictFSM_FeedbackLoop_preemptive.xml (RunModel)" time="0.063" />
  <testcase classname="ptolemy.util.test.junit.AutoTests" name="[98] /home/travis/build/icyphy/ptII/ptolemy/domains/modal/test/auto/NormalTermination.xml (RunModel)" time="0.041" />
  <testcase classname="ptolemy.util.test.junit.AutoTests" name="[99] /home/travis/build/icyphy/ptII/ptolemy/domains/modal/test/auto/Pong.xml (RunModel)" time="0.081" />
  <testcase classname="ptolemy.util.test.junit.AutoTests" name="[100] /home/travis/build/icyphy/ptII/ptolemy/domains/modal/test/auto/Pong_test.xml (RunModel)" time="0.099" />
  <testcase classname="ptolemy.util.test.junit.AutoTests" name="[101] /home/travis/build/icyphy/ptII/ptolemy/domains/modal/test/auto/PreemptionHierarchy.xml (RunModel)" time="0.025" />
  <testcase classname="ptolemy.util.test.junit.AutoTests" name="[102] /home/travis/build/icyphy/ptII/ptolemy/domains/modal/test/auto/PreemptionHierarchy2.xml (RunModel)" time="0.028" />
  <testcase classname="ptolemy.util.test.junit.AutoTests" name="[103] /home/travis/build/icyphy/ptII/ptolemy/domains/modal/test/auto/PreemptiveTransition.xml (RunModel)" time="0.023" />
  <testcase classname="ptolemy.util.test.junit.AutoTests" name="[104] /home/travis/build/icyphy/ptII/ptolemy/domains/modal/test/auto/Priorities.xml (RunModel)" time="0.088" />
  <testcase classname="ptolemy.util.test.junit.AutoTests" name="[105] /home/travis/build/icyphy/ptII/ptolemy/domains/modal/test/auto/ResetFinal.xml (RunModel)" time="0.04" />
  <testcase classname="ptolemy.util.test.junit.AutoTests" name="[106] /home/travis/build/icyphy/ptII/ptolemy/domains/modal/test/auto/ResetFinal2.xml (RunModel)" time="0.044" />
  <testcase classname="ptolemy.util.test.junit.AutoTests" name="[107] /home/travis/build/icyphy/ptII/ptolemy/domains/modal/test/auto/ResetTransitionWithStartTime.xml (RunModel)" time="0.03" />
  <testcase classname="ptolemy.util.test.junit.AutoTests" name="[108] /home/travis/build/icyphy/ptII/ptolemy/domains/modal/test/auto/SDF-FSMComposite.xml (RunModel)" time="0.023" />
  <testcase classname="ptolemy.util.test.junit.AutoTests" name="[109] /home/travis/build/icyphy/ptII/ptolemy/domains/modal/test/auto/SeeminglyNondeterminate.xml (RunModel)" time="0.078" />
  <testcase classname="ptolemy.util.test.junit.AutoTests" name="[110] /home/travis/build/icyphy/ptII/ptolemy/domains/modal/test/auto/SeeminglyNondeterminate2.xml (RunModel)" time="0.074" />
  <testcase classname="ptolemy.util.test.junit.AutoTests" name="[111] /home/travis/build/icyphy/ptII/ptolemy/domains/modal/test/auto/SpontaneousFSM.xml (RunModel)" time="0.047" />
  <testcase classname="ptolemy.util.test.junit.AutoTests" name="[112] /home/travis/build/icyphy/ptII/ptolemy/domains/modal/test/auto/SpontaneousFSM2.xml (RunModel)" time="0.028" />
  <testcase classname="ptolemy.util.test.junit.AutoTests" name="[113] /home/travis/build/icyphy/ptII/ptolemy/domains/modal/test/auto/SpontaneousFSM3.xml (RunModel)" time="0.04" />
  <testcase classname="ptolemy.util.test.junit.AutoTests" name="[114] /home/travis/build/icyphy/ptII/ptolemy/domains/modal/test/auto/SpontaneousFSM4.xml (RunModel)" time="0.042" />
  <testcase classname="ptolemy.util.test.junit.AutoTests" name="[115] /home/travis/build/icyphy/ptII/ptolemy/domains/modal/test/auto/StateTrackerTest.xml (RunModel)" time="0.063" />
  <testcase classname="ptolemy.util.test.junit.AutoTests" name="[116] /home/travis/build/icyphy/ptII/ptolemy/domains/modal/test/auto/StrongImmediateTransition.xml (RunModel)" time="0.036" />
  <testcase classname="ptolemy.util.test.junit.AutoTests" name="[117] /home/travis/build/icyphy/ptII/ptolemy/domains/modal/test/auto/SustainHierarchy.xml (RunModel)" time="0.029" />
  <testcase classname="ptolemy.util.test.junit.AutoTests" name="[118] /home/travis/build/icyphy/ptII/ptolemy/domains/modal/test/auto/TerminationTransition1.xml (RunModel)" time="0.017" />
  <testcase classname="ptolemy.util.test.junit.AutoTests" name="[119] /home/travis/build/icyphy/ptII/ptolemy/domains/modal/test/auto/TerminationTransition2.xml (RunModel)" time="0.023" />
  <testcase classname="ptolemy.util.test.junit.AutoTests" name="[120] /home/travis/build/icyphy/ptII/ptolemy/domains/modal/test/auto/TerminationTransition3.xml (RunModel)" time="0.022" />
  <testcase classname="ptolemy.util.test.junit.AutoTests" name="[121] /home/travis/build/icyphy/ptII/ptolemy/domains/modal/test/auto/TerminationTransition4.xml (RunModel)" time="0.031" />
  <testcase classname="ptolemy.util.test.junit.AutoTests" name="[122] /home/travis/build/icyphy/ptII/ptolemy/domains/modal/test/auto/TerminationTransition5.xml (RunModel)" time="0.027" />
  <testcase classname="ptolemy.util.test.junit.AutoTests" name="[123] /home/travis/build/icyphy/ptII/ptolemy/domains/modal/test/auto/TerminationTransition6.xml (RunModel)" time="0.018" />
  <testcase classname="ptolemy.util.test.junit.AutoTests" name="[124] /home/travis/build/icyphy/ptII/ptolemy/domains/modal/test/auto/TerminationTransition7.xml (RunModel)" time="0.02" />
  <testcase classname="ptolemy.util.test.junit.AutoTests" name="[125] /home/travis/build/icyphy/ptII/ptolemy/domains/modal/test/auto/TerminationTransition8.xml (RunModel)" time="0.02" />
  <testcase classname="ptolemy.util.test.junit.AutoTests" name="[126] /home/travis/build/icyphy/ptII/ptolemy/domains/modal/test/auto/Thermostat_NoHysteresis.xml (RunModel)" time="0.049" />
  <testcase classname="ptolemy.util.test.junit.AutoTests" name="[127] /home/travis/build/icyphy/ptII/ptolemy/domains/modal/test/auto/TimedFSM.xml (RunModel)" time="0.032" />
  <testcase classname="ptolemy.util.test.junit.AutoTests" name="[128] /home/travis/build/icyphy/ptII/ptolemy/domains/modal/test/auto/Timeout1.xml (RunModel)" time="0.013" />
  <testcase classname="ptolemy.util.test.junit.AutoTests" name="[129] /home/travis/build/icyphy/ptII/ptolemy/domains/modal/test/auto/Timeout2.xml (RunModel)" time="0.021" />
  <testcase classname="ptolemy.util.test.junit.AutoTests" name="[130] /home/travis/build/icyphy/ptII/ptolemy/domains/modal/test/auto/Timeout3.xml (RunModel)" time="0.01" />
  <testcase classname="ptolemy.util.test.junit.AutoTests" name="[131] /home/travis/build/icyphy/ptII/ptolemy/domains/modal/test/auto/Timeout4.xml (RunModel)" time="0.012" />
  <testcase classname="ptolemy.util.test.junit.AutoTests" name="[132] /home/travis/build/icyphy/ptII/ptolemy/domains/modal/test/auto/TransientstateModelAdvanced.xml (RunModel)" time="0.042" />
  <testcase classname="ptolemy.util.test.junit.AutoTests" name="[133] /home/travis/build/icyphy/ptII/ptolemy/domains/modal/test/auto/TransientstateModelAdvanced2.xml (RunModel)" time="0.036" />
  <testcase classname="ptolemy.util.test.junit.AutoTests" name="[134] /home/travis/build/icyphy/ptII/ptolemy/domains/modal/test/auto/TransitionRefinements.xml (RunModel)" time="0.03" />
  <testcase classname="ptolemy.util.test.junit.AutoTests" name="[135] /home/travis/build/icyphy/ptII/ptolemy/domains/modal/test/auto/TwoRefinements1.xml (RunModel)" time="0.03" />
  <testcase classname="ptolemy.util.test.junit.AutoTests" name="[136] /home/travis/build/icyphy/ptII/ptolemy/domains/modal/test/auto/TwoRefinements2.xml (RunModel)" time="0.029" />
  <testcase classname="ptolemy.util.test.junit.AutoTests" name="[137] /home/travis/build/icyphy/ptII/ptolemy/domains/modal/test/auto/WeakImmediateTransition.xml (RunModel)" time="0.03" />
  <testcase classname="ptolemy.util.test.junit.AutoTests" name="[138] /home/travis/build/icyphy/ptII/ptolemy/domains/modal/test/auto/booleanSelect.xml (RunModel)" time="0.08" />
  <testcase classname="ptolemy.util.test.junit.AutoTests" name="[139] /home/travis/build/icyphy/ptII/ptolemy/domains/modal/test/auto/modalChangingParams.xml (RunModel)" time="0.273" />
  <testcase classname="ptolemy.util.test.junit.AutoTests" name="[140] /home/travis/build/icyphy/ptII/ptolemy/domains/modal/test/auto/modalModel.xml (RunModel)" time="0.049" />
  <testcase classname="ptolemy.util.test.junit.AutoTests" name="[141] /home/travis/build/icyphy/ptII/ptolemy/domains/modal/test/auto/modalModel2.xml (RunModel)" time="0.031" />
  <testcase classname="ptolemy.util.test.junit.AutoTests" name="[142] /home/travis/build/icyphy/ptII/ptolemy/domains/modal/test/auto/modalModel3.xml (RunModel)" time="0.046" />
  <testcase classname="ptolemy.util.test.junit.AutoTests" name="[143] /home/travis/build/icyphy/ptII/ptolemy/domains/modal/test/auto/model1.xml (RunModel)" time="0.022" />
  <testcase classname="ptolemy.util.test.junit.AutoTests" name="[144] /home/travis/build/icyphy/ptII/ptolemy/domains/modal/test/auto/test-direct-in-out.xml (RunModel)" time="0.032" />
  <system-out><![CDATA[/home/travis/build/icyphy/ptII/ptolemy/domains/modal/test/SystemLevelType.tcl
testDefs.tcl: setting time out to 9000 seconds at Sun Aug 25 05:30:46 UTC 2019
08/25/19 05:30:48
Failed: 0  Total Tests: 1  ((Passed: 1, Newly Passed: 0)  Known Failed: 0) /home/travis/build/icyphy/ptII/ptolemy/domains/modal/test
----------------- testing (KnownFailure) /home/travis/build/icyphy/ptII/ptolemy/domains/modal/test/auto/knownFailedTests/CannotAnalysisWithPreemption.xml
151 ms. Memory: 120832K Free: 46782K (39%)
Known Failure: java.lang.reflect.InvocationTargetException
No auto/linux-amd64/*.xml tests in /home/travis/build/icyphy/ptII/ptolemy/domains/modal/test
AutoTests.java: About to close Vertx.
AutoTests.java: Vertx closed.

===========================================================================================
----------------- testing Sun Aug 25 05:30:49 UTC 2019 /home/travis/build/icyphy/ptII/ptolemy/domains/modal/test/auto/ABPTest.xml
----------------- Instantiating /home/travis/build/icyphy/ptII/ptolemy/domains/modal/test/auto/ABPTest.xml
427 ms. Memory: 145408K Free: 93161K (64%)
----------------- Invoking toplevel() on ptolemy.moml.MoMLSimpleApplication@24b74ae4
----------------- Done invoking toplevel() on ptolemy.moml.MoMLSimpleApplication@24b74ae4
reloadAllAccessors: .ABPTest

===========================================================================================
----------------- testing Sun Aug 25 05:30:50 UTC 2019 /home/travis/build/icyphy/ptII/ptolemy/domains/modal/test/auto/ABROFlat.xml
----------------- Instantiating /home/travis/build/icyphy/ptII/ptolemy/domains/modal/test/auto/ABROFlat.xml
23 ms. Memory: 145408K Free: 76970K (53%)
----------------- Invoking toplevel() on ptolemy.moml.MoMLSimpleApplication@1640ed0d
----------------- Done invoking toplevel() on ptolemy.moml.MoMLSimpleApplication@1640ed0d
reloadAllAccessors: .ABROFlat

===========================================================================================
----------------- testing Sun Aug 25 05:30:50 UTC 2019 /home/travis/build/icyphy/ptII/ptolemy/domains/modal/test/auto/ABROFlat2.xml
----------------- Instantiating /home/travis/build/icyphy/ptII/ptolemy/domains/modal/test/auto/ABROFlat2.xml
23 ms. Memory: 145408K Free: 60556K (42%)
----------------- Invoking toplevel() on ptolemy.moml.MoMLSimpleApplication@6cf7bbb7
----------------- Done invoking toplevel() on ptolemy.moml.MoMLSimpleApplication@6cf7bbb7
reloadAllAccessors: .ABROFlat2

===========================================================================================
----------------- testing Sun Aug 25 05:30:50 UTC 2019 /home/travis/build/icyphy/ptII/ptolemy/domains/modal/test/auto/ABRO_present_hmm.xml
----------------- Instantiating /home/travis/build/icyphy/ptII/ptolemy/domains/modal/test/auto/ABRO_present_hmm.xml
20 ms. Memory: 145408K Free: 106492K (73%)
----------------- Invoking toplevel() on ptolemy.moml.MoMLSimpleApplication@2b9be921
----------------- Done invoking toplevel() on ptolemy.moml.MoMLSimpleApplication@2b9be921
reloadAllAccessors: .ABRO_present_hmm

===========================================================================================
----------------- testing Sun Aug 25 05:30:50 UTC 2019 /home/travis/build/icyphy/ptII/ptolemy/domains/modal/test/auto/AMICoderExample.xml
----------------- Instantiating /home/travis/build/icyphy/ptII/ptolemy/domains/modal/test/auto/AMICoderExample.xml
26 ms. Memory: 145408K Free: 96773K (67%)
----------------- Invoking toplevel() on ptolemy.moml.MoMLSimpleApplication@53eabaf3
----------------- Done invoking toplevel() on ptolemy.moml.MoMLSimpleApplication@53eabaf3
reloadAllAccessors: .AMICoderExample

===========================================================================================
----------------- testing Sun Aug 25 05:30:50 UTC 2019 /home/travis/build/icyphy/ptII/ptolemy/domains/modal/test/auto/AbsentToPresent.xml
----------------- Instantiating /home/travis/build/icyphy/ptII/ptolemy/domains/modal/test/auto/AbsentToPresent.xml
4 ms. Memory: 145408K Free: 92148K (63%)
----------------- Invoking toplevel() on ptolemy.moml.MoMLSimpleApplication@693d9556
----------------- Done invoking toplevel() on ptolemy.moml.MoMLSimpleApplication@693d9556
reloadAllAccessors: .AbsentToPresent

===========================================================================================
----------------- testing Sun Aug 25 05:30:50 UTC 2019 /home/travis/build/icyphy/ptII/ptolemy/domains/modal/test/auto/Blending.xml
----------------- Instantiating /home/travis/build/icyphy/ptII/ptolemy/domains/modal/test/auto/Blending.xml
163 ms. Memory: 181248K Free: 160866K (89%)
----------------- Invoking toplevel() on ptolemy.moml.MoMLSimpleApplication@3843fcca
----------------- Done invoking toplevel() on ptolemy.moml.MoMLSimpleApplication@3843fcca
reloadAllAccessors: .Blending

===========================================================================================
----------------- testing Sun Aug 25 05:30:50 UTC 2019 /home/travis/build/icyphy/ptII/ptolemy/domains/modal/test/auto/Broadcast.xml
----------------- Instantiating /home/travis/build/icyphy/ptII/ptolemy/domains/modal/test/auto/Broadcast.xml
8 ms. Memory: 181248K Free: 150143K (83%)
----------------- Invoking toplevel() on ptolemy.moml.MoMLSimpleApplication@7e9e0ef3
----------------- Done invoking toplevel() on ptolemy.moml.MoMLSimpleApplication@7e9e0ef3
reloadAllAccessors: .Broadcast

===========================================================================================
----------------- testing Sun Aug 25 05:30:50 UTC 2019 /home/travis/build/icyphy/ptII/ptolemy/domains/modal/test/auto/BroadcastHierarchy.xml
----------------- Instantiating /home/travis/build/icyphy/ptII/ptolemy/domains/modal/test/auto/BroadcastHierarchy.xml
13 ms. Memory: 181248K Free: 136380K (75%)
----------------- Invoking toplevel() on ptolemy.moml.MoMLSimpleApplication@5aa17e3c
----------------- Done invoking toplevel() on ptolemy.moml.MoMLSimpleApplication@5aa17e3c
reloadAllAccessors: .BroadcastHierarchy

===========================================================================================
----------------- testing Sun Aug 25 05:30:50 UTC 2019 /home/travis/build/icyphy/ptII/ptolemy/domains/modal/test/auto/BroadcastHierarchy2.xml
----------------- Instantiating /home/travis/build/icyphy/ptII/ptolemy/domains/modal/test/auto/BroadcastHierarchy2.xml
19 ms. Memory: 181248K Free: 109755K (61%)
----------------- Invoking toplevel() on ptolemy.moml.MoMLSimpleApplication@5223ef
----------------- Done invoking toplevel() on ptolemy.moml.MoMLSimpleApplication@5223ef
reloadAllAccessors: .BroadcastHierarchy2

===========================================================================================
----------------- testing Sun Aug 25 05:30:50 UTC 2019 /home/travis/build/icyphy/ptII/ptolemy/domains/modal/test/auto/BroadcastHierarchy3.xml
----------------- Instantiating /home/travis/build/icyphy/ptII/ptolemy/domains/modal/test/auto/BroadcastHierarchy3.xml
16 ms. Memory: 181248K Free: 90330K (50%)
----------------- Invoking toplevel() on ptolemy.moml.MoMLSimpleApplication@180a560
----------------- Done invoking toplevel() on ptolemy.moml.MoMLSimpleApplication@180a560
reloadAllAccessors: .BroadcastHierarchy3

===========================================================================================
----------------- testing Sun Aug 25 05:30:50 UTC 2019 /home/travis/build/icyphy/ptII/ptolemy/domains/modal/test/auto/BroadcastHierarchy4.xml
----------------- Instantiating /home/travis/build/icyphy/ptII/ptolemy/domains/modal/test/auto/BroadcastHierarchy4.xml
20 ms. Memory: 181248K Free: 156235K (86%)
----------------- Invoking toplevel() on ptolemy.moml.MoMLSimpleApplication@2a320e0c
----------------- Done invoking toplevel() on ptolemy.moml.MoMLSimpleApplication@2a320e0c
reloadAllAccessors: .BroadcastHierarchy4

===========================================================================================
----------------- testing Sun Aug 25 05:30:51 UTC 2019 /home/travis/build/icyphy/ptII/ptolemy/domains/modal/test/auto/CannotAnalysisWithPreemption2.xml
----------------- Instantiating /home/travis/build/icyphy/ptII/ptolemy/domains/modal/test/auto/CannotAnalysisWithPreemption2.xml
5 ms. Memory: 181248K Free: 149067K (82%)
----------------- Invoking toplevel() on ptolemy.moml.MoMLSimpleApplication@3104f3f6
----------------- Done invoking toplevel() on ptolemy.moml.MoMLSimpleApplication@3104f3f6
reloadAllAccessors: .CannotAnalysisWithPreemption2

===========================================================================================
----------------- testing Sun Aug 25 05:30:51 UTC 2019 /home/travis/build/icyphy/ptII/ptolemy/domains/modal/test/auto/CannotAnalysisWithPreemption3.xml
----------------- Instantiating /home/travis/build/icyphy/ptII/ptolemy/domains/modal/test/auto/CannotAnalysisWithPreemption3.xml
7 ms. Memory: 181248K Free: 139355K (77%)
----------------- Invoking toplevel() on ptolemy.moml.MoMLSimpleApplication@17b3e8fd
----------------- Done invoking toplevel() on ptolemy.moml.MoMLSimpleApplication@17b3e8fd
reloadAllAccessors: .CannotAnalysisWithPreemption3

===========================================================================================
----------------- testing Sun Aug 25 05:30:51 UTC 2019 /home/travis/build/icyphy/ptII/ptolemy/domains/modal/test/auto/CannotProduce.xml
----------------- Instantiating /home/travis/build/icyphy/ptII/ptolemy/domains/modal/test/auto/CannotProduce.xml
12 ms. Memory: 181248K Free: 132683K (73%)
----------------- Invoking toplevel() on ptolemy.moml.MoMLSimpleApplication@290f64ef
----------------- Done invoking toplevel() on ptolemy.moml.MoMLSimpleApplication@290f64ef
reloadAllAccessors: .CannotProduce

===========================================================================================
----------------- testing Sun Aug 25 05:30:51 UTC 2019 /home/travis/build/icyphy/ptII/ptolemy/domains/modal/test/auto/CannotProduceModal.xml
----------------- Instantiating /home/travis/build/icyphy/ptII/ptolemy/domains/modal/test/auto/CannotProduceModal.xml
6 ms. Memory: 181248K Free: 125523K (69%)
----------------- Invoking toplevel() on ptolemy.moml.MoMLSimpleApplication@64a7d51e
----------------- Done invoking toplevel() on ptolemy.moml.MoMLSimpleApplication@64a7d51e
reloadAllAccessors: .CannotProduceModal

===========================================================================================
----------------- testing Sun Aug 25 05:30:51 UTC 2019 /home/travis/build/icyphy/ptII/ptolemy/domains/modal/test/auto/Case.xml
----------------- Instantiating /home/travis/build/icyphy/ptII/ptolemy/domains/modal/test/auto/Case.xml
37 ms. Memory: 181248K Free: 114265K (63%)
----------------- Invoking toplevel() on ptolemy.moml.MoMLSimpleApplication@1afb6aa
----------------- Done invoking toplevel() on ptolemy.moml.MoMLSimpleApplication@1afb6aa
reloadAllAccessors: .Case

===========================================================================================
----------------- testing Sun Aug 25 05:30:51 UTC 2019 /home/travis/build/icyphy/ptII/ptolemy/domains/modal/test/auto/Case1.xml
----------------- Instantiating /home/travis/build/icyphy/ptII/ptolemy/domains/modal/test/auto/Case1.xml
5 ms. Memory: 181248K Free: 107097K (59%)
----------------- Invoking toplevel() on ptolemy.moml.MoMLSimpleApplication@51c381d
----------------- Done invoking toplevel() on ptolemy.moml.MoMLSimpleApplication@51c381d
reloadAllAccessors: .Case1

===========================================================================================
----------------- testing Sun Aug 25 05:30:51 UTC 2019 /home/travis/build/icyphy/ptII/ptolemy/domains/modal/test/auto/Case2.xml
----------------- Instantiating /home/travis/build/icyphy/ptII/ptolemy/domains/modal/test/auto/Case2.xml
30 ms. Memory: 181248K Free: 96347K (53%)
----------------- Invoking toplevel() on ptolemy.moml.MoMLSimpleApplication@69a23136
----------------- Done invoking toplevel() on ptolemy.moml.MoMLSimpleApplication@69a23136
reloadAllAccessors: .Case2

===========================================================================================
----------------- testing Sun Aug 25 05:30:51 UTC 2019 /home/travis/build/icyphy/ptII/ptolemy/domains/modal/test/auto/CausalityInterface1.xml
----------------- Instantiating /home/travis/build/icyphy/ptII/ptolemy/domains/modal/test/auto/CausalityInterface1.xml
6 ms. Memory: 181248K Free: 91227K (50%)
----------------- Invoking toplevel() on ptolemy.moml.MoMLSimpleApplication@6ddd27d3
----------------- Done invoking toplevel() on ptolemy.moml.MoMLSimpleApplication@6ddd27d3
reloadAllAccessors: .CausalityInterface1

===========================================================================================
----------------- testing Sun Aug 25 05:30:51 UTC 2019 /home/travis/build/icyphy/ptII/ptolemy/domains/modal/test/auto/CausalityInterface10.xml
----------------- Instantiating /home/travis/build/icyphy/ptII/ptolemy/domains/modal/test/auto/CausalityInterface10.xml
12 ms. Memory: 181248K Free: 77915K (43%)
----------------- Invoking toplevel() on ptolemy.moml.MoMLSimpleApplication@5451f6a5
----------------- Done invoking toplevel() on ptolemy.moml.MoMLSimpleApplication@5451f6a5
reloadAllAccessors: .CausalityInterface10

===========================================================================================
----------------- testing Sun Aug 25 05:30:51 UTC 2019 /home/travis/build/icyphy/ptII/ptolemy/domains/modal/test/auto/CausalityInterface11.xml
----------------- Instantiating /home/travis/build/icyphy/ptII/ptolemy/domains/modal/test/auto/CausalityInterface11.xml
14 ms. Memory: 181248K Free: 64059K (35%)
----------------- Invoking toplevel() on ptolemy.moml.MoMLSimpleApplication@624d2555
----------------- Done invoking toplevel() on ptolemy.moml.MoMLSimpleApplication@624d2555
reloadAllAccessors: .CausalityInterface11

===========================================================================================
----------------- testing Sun Aug 25 05:30:51 UTC 2019 /home/travis/build/icyphy/ptII/ptolemy/domains/modal/test/auto/CausalityInterface12.xml
----------------- Instantiating /home/travis/build/icyphy/ptII/ptolemy/domains/modal/test/auto/CausalityInterface12.xml
8 ms. Memory: 181248K Free: 154627K (85%)
----------------- Invoking toplevel() on ptolemy.moml.MoMLSimpleApplication@43f8ca40
----------------- Done invoking toplevel() on ptolemy.moml.MoMLSimpleApplication@43f8ca40
reloadAllAccessors: .CausalityInterface12

===========================================================================================
----------------- testing Sun Aug 25 05:30:51 UTC 2019 /home/travis/build/icyphy/ptII/ptolemy/domains/modal/test/auto/CausalityInterface13.xml
----------------- Instantiating /home/travis/build/icyphy/ptII/ptolemy/domains/modal/test/auto/CausalityInterface13.xml
14 ms. Memory: 181248K Free: 140805K (78%)
----------------- Invoking toplevel() on ptolemy.moml.MoMLSimpleApplication@e085920
----------------- Done invoking toplevel() on ptolemy.moml.MoMLSimpleApplication@e085920
reloadAllAccessors: .CausalityInterface13

===========================================================================================
----------------- testing Sun Aug 25 05:30:51 UTC 2019 /home/travis/build/icyphy/ptII/ptolemy/domains/modal/test/auto/CausalityInterface14.xml
----------------- Instantiating /home/travis/build/icyphy/ptII/ptolemy/domains/modal/test/auto/CausalityInterface14.xml
10 ms. Memory: 181248K Free: 126948K (70%)
----------------- Invoking toplevel() on ptolemy.moml.MoMLSimpleApplication@73135188
----------------- Done invoking toplevel() on ptolemy.moml.MoMLSimpleApplication@73135188
reloadAllAccessors: .CausalityInterface14

===========================================================================================
----------------- testing Sun Aug 25 05:30:51 UTC 2019 /home/travis/build/icyphy/ptII/ptolemy/domains/modal/test/auto/CausalityInterface2.xml
----------------- Instantiating /home/travis/build/icyphy/ptII/ptolemy/domains/modal/test/auto/CausalityInterface2.xml
4 ms. Memory: 181248K Free: 120820K (67%)
----------------- Invoking toplevel() on ptolemy.moml.MoMLSimpleApplication@538b1705
----------------- Done invoking toplevel() on ptolemy.moml.MoMLSimpleApplication@538b1705
reloadAllAccessors: .CausalityInterface2

===========================================================================================
----------------- testing Sun Aug 25 05:30:51 UTC 2019 /home/travis/build/icyphy/ptII/ptolemy/domains/modal/test/auto/CausalityInterface3.xml
----------------- Instantiating /home/travis/build/icyphy/ptII/ptolemy/domains/modal/test/auto/CausalityInterface3.xml
3 ms. Memory: 181248K Free: 114691K (63%)
----------------- Invoking toplevel() on ptolemy.moml.MoMLSimpleApplication@6dce1d02
----------------- Done invoking toplevel() on ptolemy.moml.MoMLSimpleApplication@6dce1d02
reloadAllAccessors: .CausalityInterface3

===========================================================================================
----------------- testing Sun Aug 25 05:30:51 UTC 2019 /home/travis/build/icyphy/ptII/ptolemy/domains/modal/test/auto/CausalityInterface4.xml
----------------- Instantiating /home/travis/build/icyphy/ptII/ptolemy/domains/modal/test/auto/CausalityInterface4.xml
6 ms. Memory: 181248K Free: 108037K (60%)
----------------- Invoking toplevel() on ptolemy.moml.MoMLSimpleApplication@5e58ecf4
----------------- Done invoking toplevel() on ptolemy.moml.MoMLSimpleApplication@5e58ecf4
reloadAllAccessors: .CausalityInterface4

===========================================================================================
----------------- testing Sun Aug 25 05:30:51 UTC 2019 /home/travis/build/icyphy/ptII/ptolemy/domains/modal/test/auto/CausalityInterface5.xml
----------------- Instantiating /home/travis/build/icyphy/ptII/ptolemy/domains/modal/test/auto/CausalityInterface5.xml
7 ms. Memory: 181248K Free: 99845K (55%)
----------------- Invoking toplevel() on ptolemy.moml.MoMLSimpleApplication@52614f5a
----------------- Done invoking toplevel() on ptolemy.moml.MoMLSimpleApplication@52614f5a
reloadAllAccessors: .CausalityInterface5

===========================================================================================
----------------- testing Sun Aug 25 05:30:51 UTC 2019 /home/travis/build/icyphy/ptII/ptolemy/domains/modal/test/auto/CausalityInterface6.xml
----------------- Instantiating /home/travis/build/icyphy/ptII/ptolemy/domains/modal/test/auto/CausalityInterface6.xml
5 ms. Memory: 181248K Free: 91653K (51%)
----------------- Invoking toplevel() on ptolemy.moml.MoMLSimpleApplication@6c151447
----------------- Done invoking toplevel() on ptolemy.moml.MoMLSimpleApplication@6c151447
reloadAllAccessors: .CausalityInterface6

===========================================================================================
----------------- testing Sun Aug 25 05:30:51 UTC 2019 /home/travis/build/icyphy/ptII/ptolemy/domains/modal/test/auto/CausalityInterface7.xml
----------------- Instantiating /home/travis/build/icyphy/ptII/ptolemy/domains/modal/test/auto/CausalityInterface7.xml
7 ms. Memory: 181248K Free: 83461K (46%)
----------------- Invoking toplevel() on ptolemy.moml.MoMLSimpleApplication@63918ac8
----------------- Done invoking toplevel() on ptolemy.moml.MoMLSimpleApplication@63918ac8
reloadAllAccessors: .CausalityInterface7

===========================================================================================
----------------- testing Sun Aug 25 05:30:52 UTC 2019 /home/travis/build/icyphy/ptII/ptolemy/domains/modal/test/auto/CausalityInterface8.xml
----------------- Instantiating /home/travis/build/icyphy/ptII/ptolemy/domains/modal/test/auto/CausalityInterface8.xml
7 ms. Memory: 181248K Free: 74748K (41%)
----------------- Invoking toplevel() on ptolemy.moml.MoMLSimpleApplication@364c0a98
----------------- Done invoking toplevel() on ptolemy.moml.MoMLSimpleApplication@364c0a98
reloadAllAccessors: .CausalityInterface8

===========================================================================================
----------------- testing Sun Aug 25 05:30:52 UTC 2019 /home/travis/build/icyphy/ptII/ptolemy/domains/modal/test/auto/CausalityInterface9.xml
----------------- Instantiating /home/travis/build/icyphy/ptII/ptolemy/domains/modal/test/auto/CausalityInterface9.xml
8 ms. Memory: 181248K Free: 65539K (36%)
----------------- Invoking toplevel() on ptolemy.moml.MoMLSimpleApplication@6e7b1c45
----------------- Done invoking toplevel() on ptolemy.moml.MoMLSimpleApplication@6e7b1c45
reloadAllAccessors: .CausalityInterface9

===========================================================================================
----------------- testing Sun Aug 25 05:30:52 UTC 2019 /home/travis/build/icyphy/ptII/ptolemy/domains/modal/test/auto/ChainedTransitions.xml
----------------- Instantiating /home/travis/build/icyphy/ptII/ptolemy/domains/modal/test/auto/ChainedTransitions.xml
113 ms. Memory: 181248K Free: 145396K (80%)
----------------- Invoking toplevel() on ptolemy.moml.MoMLSimpleApplication@2d08f477
----------------- Done invoking toplevel() on ptolemy.moml.MoMLSimpleApplication@2d08f477
reloadAllAccessors: .ChainedTransitions

===========================================================================================
----------------- testing Sun Aug 25 05:30:52 UTC 2019 /home/travis/build/icyphy/ptII/ptolemy/domains/modal/test/auto/CycleOfImmediateTransitionsFSM.xml
----------------- Instantiating /home/travis/build/icyphy/ptII/ptolemy/domains/modal/test/auto/CycleOfImmediateTransitionsFSM.xml
4 ms. Memory: 181248K Free: 139781K (77%)
----------------- Invoking toplevel() on ptolemy.moml.MoMLSimpleApplication@331bac27
----------------- Done invoking toplevel() on ptolemy.moml.MoMLSimpleApplication@331bac27
reloadAllAccessors: .CycleOfImmediateTransitionsFSM

===========================================================================================
----------------- testing Sun Aug 25 05:30:52 UTC 2019 /home/travis/build/icyphy/ptII/ptolemy/domains/modal/test/auto/CycleOfImmediateTransitionsModal.xml
----------------- Instantiating /home/travis/build/icyphy/ptII/ptolemy/domains/modal/test/auto/CycleOfImmediateTransitionsModal.xml
4 ms. Memory: 181248K Free: 133637K (74%)
----------------- Invoking toplevel() on ptolemy.moml.MoMLSimpleApplication@3ca5e702
----------------- Done invoking toplevel() on ptolemy.moml.MoMLSimpleApplication@3ca5e702
reloadAllAccessors: .CycleOfImmediateTransitionsModal

===========================================================================================
----------------- testing Sun Aug 25 05:30:52 UTC 2019 /home/travis/build/icyphy/ptII/ptolemy/domains/modal/test/auto/CycleOfImmediateTransitionsModal2.xml
----------------- Instantiating /home/travis/build/icyphy/ptII/ptolemy/domains/modal/test/auto/CycleOfImmediateTransitionsModal2.xml
8 ms. Memory: 181248K Free: 126979K (70%)
----------------- Invoking toplevel() on ptolemy.moml.MoMLSimpleApplication@49bb9a7e
----------------- Done invoking toplevel() on ptolemy.moml.MoMLSimpleApplication@49bb9a7e
reloadAllAccessors: .CycleOfImmediateTransitionsModal2

===========================================================================================
----------------- testing Sun Aug 25 05:30:52 UTC 2019 /home/travis/build/icyphy/ptII/ptolemy/domains/modal/test/auto/CycleOfImmediateTransitionsModal3.xml
----------------- Instantiating /home/travis/build/icyphy/ptII/ptolemy/domains/modal/test/auto/CycleOfImmediateTransitionsModal3.xml
13 ms. Memory: 181248K Free: 104436K (58%)
----------------- Invoking toplevel() on ptolemy.moml.MoMLSimpleApplication@67e83d16
----------------- Done invoking toplevel() on ptolemy.moml.MoMLSimpleApplication@67e83d16
reloadAllAccessors: .CycleOfImmediateTransitionsModal3

===========================================================================================
----------------- testing Sun Aug 25 05:30:52 UTC 2019 /home/travis/build/icyphy/ptII/ptolemy/domains/modal/test/auto/DeepModal1.xml
----------------- Instantiating /home/travis/build/icyphy/ptII/ptolemy/domains/modal/test/auto/DeepModal1.xml
27 ms. Memory: 181248K Free: 90629K (50%)
----------------- Invoking toplevel() on ptolemy.moml.MoMLSimpleApplication@90d9979
----------------- Done invoking toplevel() on ptolemy.moml.MoMLSimpleApplication@90d9979
reloadAllAccessors: .DeepModal1

===========================================================================================
----------------- testing Sun Aug 25 05:30:52 UTC 2019 /home/travis/build/icyphy/ptII/ptolemy/domains/modal/test/auto/DeepModal2.xml
----------------- Instantiating /home/travis/build/icyphy/ptII/ptolemy/domains/modal/test/auto/DeepModal2.xml
30 ms. Memory: 181248K Free: 72197K (40%)
----------------- Invoking toplevel() on ptolemy.moml.MoMLSimpleApplication@3e6f8069
----------------- Done invoking toplevel() on ptolemy.moml.MoMLSimpleApplication@3e6f8069
reloadAllAccessors: .DeepModal2

===========================================================================================
----------------- testing Sun Aug 25 05:30:52 UTC 2019 /home/travis/build/icyphy/ptII/ptolemy/domains/modal/test/auto/DeepModal3.xml
----------------- Instantiating /home/travis/build/icyphy/ptII/ptolemy/domains/modal/test/auto/DeepModal3.xml
56 ms. Memory: 218112K Free: 194349K (89%)
----------------- Invoking toplevel() on ptolemy.moml.MoMLSimpleApplication@649eaa3
----------------- Done invoking toplevel() on ptolemy.moml.MoMLSimpleApplication@649eaa3
reloadAllAccessors: .DeepModal3

===========================================================================================
----------------- testing Sun Aug 25 05:30:52 UTC 2019 /home/travis/build/icyphy/ptII/ptolemy/domains/modal/test/auto/DeepModal4.xml
----------------- Instantiating /home/travis/build/icyphy/ptII/ptolemy/domains/modal/test/auto/DeepModal4.xml
44 ms. Memory: 218112K Free: 174698K (80%)
----------------- Invoking toplevel() on ptolemy.moml.MoMLSimpleApplication@5eb48ba5
----------------- Done invoking toplevel() on ptolemy.moml.MoMLSimpleApplication@5eb48ba5
reloadAllAccessors: .DeepModal4

===========================================================================================
----------------- testing Sun Aug 25 05:30:52 UTC 2019 /home/travis/build/icyphy/ptII/ptolemy/domains/modal/test/auto/Default1.xml
----------------- Instantiating /home/travis/build/icyphy/ptII/ptolemy/domains/modal/test/auto/Default1.xml
3 ms. Memory: 218112K Free: 168568K (77%)
----------------- Invoking toplevel() on ptolemy.moml.MoMLSimpleApplication@571161c0
----------------- Done invoking toplevel() on ptolemy.moml.MoMLSimpleApplication@571161c0
reloadAllAccessors: .Default1

===========================================================================================
----------------- testing Sun Aug 25 05:30:52 UTC 2019 /home/travis/build/icyphy/ptII/ptolemy/domains/modal/test/auto/Default2.xml
----------------- Instantiating /home/travis/build/icyphy/ptII/ptolemy/domains/modal/test/auto/Default2.xml
8 ms. Memory: 218112K Free: 162938K (75%)
----------------- Invoking toplevel() on ptolemy.moml.MoMLSimpleApplication@1e38caab
----------------- Done invoking toplevel() on ptolemy.moml.MoMLSimpleApplication@1e38caab
reloadAllAccessors: .Default2

===========================================================================================
----------------- testing Sun Aug 25 05:30:52 UTC 2019 /home/travis/build/icyphy/ptII/ptolemy/domains/modal/test/auto/Default3.xml
----------------- Instantiating /home/travis/build/icyphy/ptII/ptolemy/domains/modal/test/auto/Default3.xml
3 ms. Memory: 218112K Free: 156280K (72%)
----------------- Invoking toplevel() on ptolemy.moml.MoMLSimpleApplication@4573468f
----------------- Done invoking toplevel() on ptolemy.moml.MoMLSimpleApplication@4573468f
reloadAllAccessors: .Default3

===========================================================================================
----------------- testing Sun Aug 25 05:30:52 UTC 2019 /home/travis/build/icyphy/ptII/ptolemy/domains/modal/test/auto/Default4.xml
----------------- Instantiating /home/travis/build/icyphy/ptII/ptolemy/domains/modal/test/auto/Default4.xml
5 ms. Memory: 218112K Free: 150136K (69%)
----------------- Invoking toplevel() on ptolemy.moml.MoMLSimpleApplication@44f40c8a
----------------- Done invoking toplevel() on ptolemy.moml.MoMLSimpleApplication@44f40c8a
reloadAllAccessors: .Default4

===========================================================================================
----------------- testing Sun Aug 25 05:30:52 UTC 2019 /home/travis/build/icyphy/ptII/ptolemy/domains/modal/test/auto/Default5.xml
----------------- Instantiating /home/travis/build/icyphy/ptII/ptolemy/domains/modal/test/auto/Default5.xml
8 ms. Memory: 218112K Free: 142458K (65%)
----------------- Invoking toplevel() on ptolemy.moml.MoMLSimpleApplication@5449f2f4
----------------- Done invoking toplevel() on ptolemy.moml.MoMLSimpleApplication@5449f2f4
reloadAllAccessors: .Default5

===========================================================================================
----------------- testing Sun Aug 25 05:30:52 UTC 2019 /home/travis/build/icyphy/ptII/ptolemy/domains/modal/test/auto/EmptyGuard.xml
----------------- Instantiating /home/travis/build/icyphy/ptII/ptolemy/domains/modal/test/auto/EmptyGuard.xml
12 ms. Memory: 218112K Free: 134266K (62%)
----------------- Invoking toplevel() on ptolemy.moml.MoMLSimpleApplication@71fb4fc8
----------------- Done invoking toplevel() on ptolemy.moml.MoMLSimpleApplication@71fb4fc8
reloadAllAccessors: .EmptyGuard

===========================================================================================
----------------- testing Sun Aug 25 05:30:52 UTC 2019 /home/travis/build/icyphy/ptII/ptolemy/domains/modal/test/auto/ErrorTransition1.xml
----------------- Instantiating /home/travis/build/icyphy/ptII/ptolemy/domains/modal/test/auto/ErrorTransition1.xml
11 ms. Memory: 218112K Free: 125560K (58%)
----------------- Invoking toplevel() on ptolemy.moml.MoMLSimpleApplication@528cf2b8
----------------- Done invoking toplevel() on ptolemy.moml.MoMLSimpleApplication@528cf2b8
reloadAllAccessors: .ErrorTransition1

===========================================================================================
----------------- testing Sun Aug 25 05:30:52 UTC 2019 /home/travis/build/icyphy/ptII/ptolemy/domains/modal/test/auto/ErrorTransition10.xml
----------------- Instantiating /home/travis/build/icyphy/ptII/ptolemy/domains/modal/test/auto/ErrorTransition10.xml
14 ms. Memory: 218112K Free: 111738K (51%)
----------------- Invoking toplevel() on ptolemy.moml.MoMLSimpleApplication@1b031985
----------------- Done invoking toplevel() on ptolemy.moml.MoMLSimpleApplication@1b031985
reloadAllAccessors: .ErrorTransition10

===========================================================================================
----------------- testing Sun Aug 25 05:30:53 UTC 2019 /home/travis/build/icyphy/ptII/ptolemy/domains/modal/test/auto/ErrorTransition11.xml
----------------- Instantiating /home/travis/build/icyphy/ptII/ptolemy/domains/modal/test/auto/ErrorTransition11.xml
4 ms. Memory: 218112K Free: 100474K (46%)
----------------- Invoking toplevel() on ptolemy.moml.MoMLSimpleApplication@59212199
----------------- Done invoking toplevel() on ptolemy.moml.MoMLSimpleApplication@59212199
reloadAllAccessors: .ErrorTransition11

===========================================================================================
----------------- testing Sun Aug 25 05:30:53 UTC 2019 /home/travis/build/icyphy/ptII/ptolemy/domains/modal/test/auto/ErrorTransition2.xml
----------------- Instantiating /home/travis/build/icyphy/ptII/ptolemy/domains/modal/test/auto/ErrorTransition2.xml
7 ms. Memory: 218112K Free: 91768K (42%)
----------------- Invoking toplevel() on ptolemy.moml.MoMLSimpleApplication@7b3a919e
----------------- Done invoking toplevel() on ptolemy.moml.MoMLSimpleApplication@7b3a919e
reloadAllAccessors: .ErrorTransition2

===========================================================================================
----------------- testing Sun Aug 25 05:30:53 UTC 2019 /home/travis/build/icyphy/ptII/ptolemy/domains/modal/test/auto/ErrorTransition3.xml
----------------- Instantiating /home/travis/build/icyphy/ptII/ptolemy/domains/modal/test/auto/ErrorTransition3.xml
26 ms. Memory: 218112K Free: 82042K (38%)
----------------- Invoking toplevel() on ptolemy.moml.MoMLSimpleApplication@6daee796
----------------- Done invoking toplevel() on ptolemy.moml.MoMLSimpleApplication@6daee796
reloadAllAccessors: .ErrorTransition3

===========================================================================================
----------------- testing Sun Aug 25 05:30:53 UTC 2019 /home/travis/build/icyphy/ptII/ptolemy/domains/modal/test/auto/ErrorTransition4.xml
----------------- Instantiating /home/travis/build/icyphy/ptII/ptolemy/domains/modal/test/auto/ErrorTransition4.xml
13 ms. Memory: 218112K Free: 194169K (89%)
----------------- Invoking toplevel() on ptolemy.moml.MoMLSimpleApplication@62529e44
----------------- Done invoking toplevel() on ptolemy.moml.MoMLSimpleApplication@62529e44
reloadAllAccessors: .ErrorTransition4

===========================================================================================
----------------- testing Sun Aug 25 05:30:53 UTC 2019 /home/travis/build/icyphy/ptII/ptolemy/domains/modal/test/auto/ErrorTransition5.xml
----------------- Instantiating /home/travis/build/icyphy/ptII/ptolemy/domains/modal/test/auto/ErrorTransition5.xml
5 ms. Memory: 218112K Free: 183899K (84%)
----------------- Invoking toplevel() on ptolemy.moml.MoMLSimpleApplication@64c8a44c
----------------- Done invoking toplevel() on ptolemy.moml.MoMLSimpleApplication@64c8a44c
reloadAllAccessors: .ErrorTransition5

===========================================================================================
----------------- testing Sun Aug 25 05:30:53 UTC 2019 /home/travis/build/icyphy/ptII/ptolemy/domains/modal/test/auto/ErrorTransition6.xml
----------------- Instantiating /home/travis/build/icyphy/ptII/ptolemy/domains/modal/test/auto/ErrorTransition6.xml
8 ms. Memory: 218112K Free: 173179K (79%)
----------------- Invoking toplevel() on ptolemy.moml.MoMLSimpleApplication@4d7224
----------------- Done invoking toplevel() on ptolemy.moml.MoMLSimpleApplication@4d7224
reloadAllAccessors: .ErrorTransition6

===========================================================================================
----------------- testing Sun Aug 25 05:30:53 UTC 2019 /home/travis/build/icyphy/ptII/ptolemy/domains/modal/test/auto/ErrorTransition7.xml
----------------- Instantiating /home/travis/build/icyphy/ptII/ptolemy/domains/modal/test/auto/ErrorTransition7.xml
17 ms. Memory: 218112K Free: 160371K (74%)
----------------- Invoking toplevel() on ptolemy.moml.MoMLSimpleApplication@70edff2e
----------------- Done invoking toplevel() on ptolemy.moml.MoMLSimpleApplication@70edff2e
reloadAllAccessors: .ErrorTransition7

===========================================================================================
----------------- testing Sun Aug 25 05:30:53 UTC 2019 /home/travis/build/icyphy/ptII/ptolemy/domains/modal/test/auto/ErrorTransition8.xml
----------------- Instantiating /home/travis/build/icyphy/ptII/ptolemy/domains/modal/test/auto/ErrorTransition8.xml
13 ms. Memory: 218112K Free: 147059K (67%)
----------------- Invoking toplevel() on ptolemy.moml.MoMLSimpleApplication@44ac671c
----------------- Done invoking toplevel() on ptolemy.moml.MoMLSimpleApplication@44ac671c
reloadAllAccessors: .ErrorTransition8

===========================================================================================
----------------- testing Sun Aug 25 05:30:53 UTC 2019 /home/travis/build/icyphy/ptII/ptolemy/domains/modal/test/auto/ErrorTransition9.xml
----------------- Instantiating /home/travis/build/icyphy/ptII/ptolemy/domains/modal/test/auto/ErrorTransition9.xml
8 ms. Memory: 218112K Free: 133753K (61%)
----------------- Invoking toplevel() on ptolemy.moml.MoMLSimpleApplication@7efd2174
----------------- Done invoking toplevel() on ptolemy.moml.MoMLSimpleApplication@7efd2174
reloadAllAccessors: .ErrorTransition9

===========================================================================================
----------------- testing Sun Aug 25 05:30:53 UTC 2019 /home/travis/build/icyphy/ptII/ptolemy/domains/modal/test/auto/ExtendedFSM.xml
----------------- Instantiating /home/travis/build/icyphy/ptII/ptolemy/domains/modal/test/auto/ExtendedFSM.xml
8 ms. Memory: 218112K Free: 125051K (57%)
----------------- Invoking toplevel() on ptolemy.moml.MoMLSimpleApplication@6f8f1686
----------------- Done invoking toplevel() on ptolemy.moml.MoMLSimpleApplication@6f8f1686
reloadAllAccessors: .ExtendedFSM

===========================================================================================
----------------- testing Sun Aug 25 05:30:53 UTC 2019 /home/travis/build/icyphy/ptII/ptolemy/domains/modal/test/auto/FinalStates.xml
----------------- Instantiating /home/travis/build/icyphy/ptII/ptolemy/domains/modal/test/auto/FinalStates.xml
5 ms. Memory: 218112K Free: 116859K (54%)
----------------- Invoking toplevel() on ptolemy.moml.MoMLSimpleApplication@2c5ee289
----------------- Done invoking toplevel() on ptolemy.moml.MoMLSimpleApplication@2c5ee289
reloadAllAccessors: .FinalStates

===========================================================================================
----------------- testing Sun Aug 25 05:30:53 UTC 2019 /home/travis/build/icyphy/ptII/ptolemy/domains/modal/test/auto/FixedPointFSM.xml
----------------- Instantiating /home/travis/build/icyphy/ptII/ptolemy/domains/modal/test/auto/FixedPointFSM.xml
21 ms. Memory: 218112K Free: 102003K (47%)
----------------- Invoking toplevel() on ptolemy.moml.MoMLSimpleApplication@499c813c
----------------- Done invoking toplevel() on ptolemy.moml.MoMLSimpleApplication@499c813c
reloadAllAccessors: .FixedPointFSM

===========================================================================================
----------------- testing Sun Aug 25 05:30:53 UTC 2019 /home/travis/build/icyphy/ptII/ptolemy/domains/modal/test/auto/FixedPointIterationFSMActor.xml
----------------- Instantiating /home/travis/build/icyphy/ptII/ptolemy/domains/modal/test/auto/FixedPointIterationFSMActor.xml
8 ms. Memory: 218112K Free: 91763K (42%)
----------------- Invoking toplevel() on ptolemy.moml.MoMLSimpleApplication@5c845ee5
----------------- Done invoking toplevel() on ptolemy.moml.MoMLSimpleApplication@5c845ee5
reloadAllAccessors: .FixedPointIterationFSMActor

===========================================================================================
----------------- testing Sun Aug 25 05:30:53 UTC 2019 /home/travis/build/icyphy/ptII/ptolemy/domains/modal/test/auto/FixedPointIterationFSMActor2.xml
----------------- Instantiating /home/travis/build/icyphy/ptII/ptolemy/domains/modal/test/auto/FixedPointIterationFSMActor2.xml
13 ms. Memory: 218112K Free: 79995K (37%)
----------------- Invoking toplevel() on ptolemy.moml.MoMLSimpleApplication@452ca509
----------------- Done invoking toplevel() on ptolemy.moml.MoMLSimpleApplication@452ca509
reloadAllAccessors: .FixedPointIterationFSMActor2

===========================================================================================
----------------- testing Sun Aug 25 05:30:53 UTC 2019 /home/travis/build/icyphy/ptII/ptolemy/domains/modal/test/auto/ForbiddenInstantanousLoop.xml
----------------- Instantiating /home/travis/build/icyphy/ptII/ptolemy/domains/modal/test/auto/ForbiddenInstantanousLoop.xml
12 ms. Memory: 218112K Free: 192663K (88%)
----------------- Invoking toplevel() on ptolemy.moml.MoMLSimpleApplication@516cbcf6
----------------- Done invoking toplevel() on ptolemy.moml.MoMLSimpleApplication@516cbcf6
reloadAllAccessors: .ForbiddenInstantanousLoop

===========================================================================================
----------------- testing Sun Aug 25 05:30:53 UTC 2019 /home/travis/build/icyphy/ptII/ptolemy/domains/modal/test/auto/FunctionDependencyOfFSMActorTest.xml
----------------- Instantiating /home/travis/build/icyphy/ptII/ptolemy/domains/modal/test/auto/FunctionDependencyOfFSMActorTest.xml
14 ms. Memory: 218112K Free: 185478K (85%)
----------------- Invoking toplevel() on ptolemy.moml.MoMLSimpleApplication@7f8471b6
----------------- Done invoking toplevel() on ptolemy.moml.MoMLSimpleApplication@7f8471b6
reloadAllAccessors: .FunctionDependencyOfFSMActorTest

===========================================================================================
----------------- testing Sun Aug 25 05:30:53 UTC 2019 /home/travis/build/icyphy/ptII/ptolemy/domains/modal/test/auto/GuardExpression.xml
----------------- Instantiating /home/travis/build/icyphy/ptII/ptolemy/domains/modal/test/auto/GuardExpression.xml
2 ms. Memory: 218112K Free: 180375K (83%)
----------------- Invoking toplevel() on ptolemy.moml.MoMLSimpleApplication@384df51b
----------------- Done invoking toplevel() on ptolemy.moml.MoMLSimpleApplication@384df51b
reloadAllAccessors: .GuardExpression

===========================================================================================
----------------- testing Sun Aug 25 05:30:53 UTC 2019 /home/travis/build/icyphy/ptII/ptolemy/domains/modal/test/auto/GuardNotEvaluated.xml
----------------- Instantiating /home/travis/build/icyphy/ptII/ptolemy/domains/modal/test/auto/GuardNotEvaluated.xml
7 ms. Memory: 218112K Free: 171673K (79%)
----------------- Invoking toplevel() on ptolemy.moml.MoMLSimpleApplication@560b54ae
----------------- Done invoking toplevel() on ptolemy.moml.MoMLSimpleApplication@560b54ae
reloadAllAccessors: .GuardNotEvaluated

===========================================================================================
----------------- testing Sun Aug 25 05:30:53 UTC 2019 /home/travis/build/icyphy/ptII/ptolemy/domains/modal/test/auto/GuardNotEvaluated2.xml
----------------- Instantiating /home/travis/build/icyphy/ptII/ptolemy/domains/modal/test/auto/GuardNotEvaluated2.xml
10 ms. Memory: 218112K Free: 161943K (74%)
----------------- Invoking toplevel() on ptolemy.moml.MoMLSimpleApplication@31d26dd6
----------------- Done invoking toplevel() on ptolemy.moml.MoMLSimpleApplication@31d26dd6
reloadAllAccessors: .GuardNotEvaluated2

===========================================================================================
----------------- testing Sun Aug 25 05:30:53 UTC 2019 /home/travis/build/icyphy/ptII/ptolemy/domains/modal/test/auto/GuardOnAbsent.xml
----------------- Instantiating /home/travis/build/icyphy/ptII/ptolemy/domains/modal/test/auto/GuardOnAbsent.xml
10 ms. Memory: 218112K Free: 154265K (71%)
----------------- Invoking toplevel() on ptolemy.moml.MoMLSimpleApplication@143cb250
----------------- Done invoking toplevel() on ptolemy.moml.MoMLSimpleApplication@143cb250
reloadAllAccessors: .GuardOnAbsent

===========================================================================================
----------------- testing Sun Aug 25 05:30:53 UTC 2019 /home/travis/build/icyphy/ptII/ptolemy/domains/modal/test/auto/HierarchicalFSMTypeInference.xml
----------------- Instantiating /home/travis/build/icyphy/ptII/ptolemy/domains/modal/test/auto/HierarchicalFSMTypeInference.xml
6 ms. Memory: 218112K Free: 144025K (66%)
----------------- Invoking toplevel() on ptolemy.moml.MoMLSimpleApplication@2a8735ef
----------------- Done invoking toplevel() on ptolemy.moml.MoMLSimpleApplication@2a8735ef
reloadAllAccessors: .HierarchicalFSMTypeInference

===========================================================================================
----------------- testing Sun Aug 25 05:30:53 UTC 2019 /home/travis/build/icyphy/ptII/ptolemy/domains/modal/test/auto/Hysteresis.xml
----------------- Instantiating /home/travis/build/icyphy/ptII/ptolemy/domains/modal/test/auto/Hysteresis.xml
14 ms. Memory: 218112K Free: 130713K (60%)
----------------- Invoking toplevel() on ptolemy.moml.MoMLSimpleApplication@571f3a26
----------------- Done invoking toplevel() on ptolemy.moml.MoMLSimpleApplication@571f3a26
reloadAllAccessors: .Hysteresis

===========================================================================================
----------------- testing Sun Aug 25 05:30:53 UTC 2019 /home/travis/build/icyphy/ptII/ptolemy/domains/modal/test/auto/HysteresisWithDefault.xml
----------------- Instantiating /home/travis/build/icyphy/ptII/ptolemy/domains/modal/test/auto/HysteresisWithDefault.xml
43 ms. Memory: 218112K Free: 107657K (49%)
----------------- Invoking toplevel() on ptolemy.moml.MoMLSimpleApplication@5ec8c4bf
----------------- Done invoking toplevel() on ptolemy.moml.MoMLSimpleApplication@5ec8c4bf
reloadAllAccessors: .HysteresisWithDefault

===========================================================================================
----------------- testing Sun Aug 25 05:30:53 UTC 2019 /home/travis/build/icyphy/ptII/ptolemy/domains/modal/test/auto/HysteresisWithDefault2.xml
----------------- Instantiating /home/travis/build/icyphy/ptII/ptolemy/domains/modal/test/auto/HysteresisWithDefault2.xml
45 ms. Memory: 218112K Free: 78489K (36%)
----------------- Invoking toplevel() on ptolemy.moml.MoMLSimpleApplication@78a70dff
----------------- Done invoking toplevel() on ptolemy.moml.MoMLSimpleApplication@78a70dff
reloadAllAccessors: .HysteresisWithDefault2

===========================================================================================
----------------- testing Sun Aug 25 05:30:54 UTC 2019 /home/travis/build/icyphy/ptII/ptolemy/domains/modal/test/auto/ImmediateNonConstructiveness.xml
----------------- Instantiating /home/travis/build/icyphy/ptII/ptolemy/domains/modal/test/auto/ImmediateNonConstructiveness.xml
3 ms. Memory: 218112K Free: 196270K (90%)
----------------- Invoking toplevel() on ptolemy.moml.MoMLSimpleApplication@1b87e7fd
----------------- Done invoking toplevel() on ptolemy.moml.MoMLSimpleApplication@1b87e7fd
reloadAllAccessors: .ImmediateNonConstructiveness

===========================================================================================
----------------- testing Sun Aug 25 05:30:54 UTC 2019 /home/travis/build/icyphy/ptII/ptolemy/domains/modal/test/auto/ImmediateNonConstructiveness2.xml
----------------- Instantiating /home/travis/build/icyphy/ptII/ptolemy/domains/modal/test/auto/ImmediateNonConstructiveness2.xml
3 ms. Memory: 218112K Free: 189612K (87%)
----------------- Invoking toplevel() on ptolemy.moml.MoMLSimpleApplication@489f6316
----------------- Done invoking toplevel() on ptolemy.moml.MoMLSimpleApplication@489f6316
reloadAllAccessors: .ImmediateNonConstructiveness2

===========================================================================================
----------------- testing Sun Aug 25 05:30:54 UTC 2019 /home/travis/build/icyphy/ptII/ptolemy/domains/modal/test/auto/ImmediateTransitionReset.xml
----------------- Instantiating /home/travis/build/icyphy/ptII/ptolemy/domains/modal/test/auto/ImmediateTransitionReset.xml
9 ms. Memory: 218112K Free: 177838K (82%)
----------------- Invoking toplevel() on ptolemy.moml.MoMLSimpleApplication@3f79835f
----------------- Done invoking toplevel() on ptolemy.moml.MoMLSimpleApplication@3f79835f
reloadAllAccessors: .ImmediateTransitionReset

===========================================================================================
----------------- testing Sun Aug 25 05:30:54 UTC 2019 /home/travis/build/icyphy/ptII/ptolemy/domains/modal/test/auto/ImmediateTransitions1.xml
----------------- Instantiating /home/travis/build/icyphy/ptII/ptolemy/domains/modal/test/auto/ImmediateTransitions1.xml
1 ms. Memory: 218112K Free: 172718K (79%)
----------------- Invoking toplevel() on ptolemy.moml.MoMLSimpleApplication@1d007a29
----------------- Done invoking toplevel() on ptolemy.moml.MoMLSimpleApplication@1d007a29
reloadAllAccessors: .ImmediateTransitions1

===========================================================================================
----------------- testing Sun Aug 25 05:30:54 UTC 2019 /home/travis/build/icyphy/ptII/ptolemy/domains/modal/test/auto/ImmediateTransitionsInstantaneousCommunication.xml
----------------- Instantiating /home/travis/build/icyphy/ptII/ptolemy/domains/modal/test/auto/ImmediateTransitionsInstantaneousCommunication.xml
4 ms. Memory: 218112K Free: 160430K (74%)
----------------- Invoking toplevel() on ptolemy.moml.MoMLSimpleApplication@87ac2a5
----------------- Done invoking toplevel() on ptolemy.moml.MoMLSimpleApplication@87ac2a5
reloadAllAccessors: .ImmediateTransitionsInstantaneousCommunication

===========================================================================================
----------------- testing Sun Aug 25 05:30:54 UTC 2019 /home/travis/build/icyphy/ptII/ptolemy/domains/modal/test/auto/InitialImmediateTransition.xml
----------------- Instantiating /home/travis/build/icyphy/ptII/ptolemy/domains/modal/test/auto/InitialImmediateTransition.xml
4 ms. Memory: 218112K Free: 153262K (70%)
----------------- Invoking toplevel() on ptolemy.moml.MoMLSimpleApplication@43d9fbf7
----------------- Done invoking toplevel() on ptolemy.moml.MoMLSimpleApplication@43d9fbf7
reloadAllAccessors: .InitialImmediateTransition

===========================================================================================
----------------- testing Sun Aug 25 05:30:54 UTC 2019 /home/travis/build/icyphy/ptII/ptolemy/domains/modal/test/auto/InitialOutputs.xml
----------------- Instantiating /home/travis/build/icyphy/ptII/ptolemy/domains/modal/test/auto/InitialOutputs.xml
4 ms. Memory: 218112K Free: 147118K (67%)
----------------- Invoking toplevel() on ptolemy.moml.MoMLSimpleApplication@6ee834fc
----------------- Done invoking toplevel() on ptolemy.moml.MoMLSimpleApplication@6ee834fc
reloadAllAccessors: .InitialOutputs

===========================================================================================
----------------- testing Sun Aug 25 05:30:54 UTC 2019 /home/travis/build/icyphy/ptII/ptolemy/domains/modal/test/auto/InitialStateTransition1.xml
----------------- Instantiating /home/travis/build/icyphy/ptII/ptolemy/domains/modal/test/auto/InitialStateTransition1.xml
2 ms. Memory: 218112K Free: 139950K (64%)
----------------- Invoking toplevel() on ptolemy.moml.MoMLSimpleApplication@287b589e
----------------- Done invoking toplevel() on ptolemy.moml.MoMLSimpleApplication@287b589e
reloadAllAccessors: .InitialStateTransition1

===========================================================================================
----------------- testing Sun Aug 25 05:30:54 UTC 2019 /home/travis/build/icyphy/ptII/ptolemy/domains/modal/test/auto/InitialStateTransition2.xml
----------------- Instantiating /home/travis/build/icyphy/ptII/ptolemy/domains/modal/test/auto/InitialStateTransition2.xml
.InitialStateTransition2.TestExceptionAttributeNonConstructive: initialize() was not invoked, but wrapup() was.  This is unusual, but not always a problem.  For example, exporting JNLP will do this.
3 ms. Memory: 218112K Free: 132782K (61%)
----------------- Invoking toplevel() on ptolemy.moml.MoMLSimpleApplication@29c6f8c8
----------------- Done invoking toplevel() on ptolemy.moml.MoMLSimpleApplication@29c6f8c8
reloadAllAccessors: .InitialStateTransition2

===========================================================================================
----------------- testing Sun Aug 25 05:30:54 UTC 2019 /home/travis/build/icyphy/ptII/ptolemy/domains/modal/test/auto/InitialStateTransition3.xml
----------------- Instantiating /home/travis/build/icyphy/ptII/ptolemy/domains/modal/test/auto/InitialStateTransition3.xml
3 ms. Memory: 218112K Free: 124076K (57%)
----------------- Invoking toplevel() on ptolemy.moml.MoMLSimpleApplication@66b9699c
----------------- Done invoking toplevel() on ptolemy.moml.MoMLSimpleApplication@66b9699c
reloadAllAccessors: .InitialStateTransition3

===========================================================================================
----------------- testing Sun Aug 25 05:30:54 UTC 2019 /home/travis/build/icyphy/ptII/ptolemy/domains/modal/test/auto/InitialStateTransition4.xml
----------------- Instantiating /home/travis/build/icyphy/ptII/ptolemy/domains/modal/test/auto/InitialStateTransition4.xml
2 ms. Memory: 218112K Free: 114860K (53%)
----------------- Invoking toplevel() on ptolemy.moml.MoMLSimpleApplication@4ea344d3
----------------- Done invoking toplevel() on ptolemy.moml.MoMLSimpleApplication@4ea344d3
[...]
reloadAllAccessors: .TerminationTransition3

===========================================================================================
----------------- testing Sun Aug 25 05:30:56 UTC 2019 /home/travis/build/icyphy/ptII/ptolemy/domains/modal/test/auto/TerminationTransition4.xml
----------------- Instantiating /home/travis/build/icyphy/ptII/ptolemy/domains/modal/test/auto/TerminationTransition4.xml
6 ms. Memory: 277504K Free: 201674K (73%)
----------------- Invoking toplevel() on ptolemy.moml.MoMLSimpleApplication@810fada
----------------- Done invoking toplevel() on ptolemy.moml.MoMLSimpleApplication@810fada
reloadAllAccessors: .TerminationTransition4

===========================================================================================
----------------- testing Sun Aug 25 05:30:56 UTC 2019 /home/travis/build/icyphy/ptII/ptolemy/domains/modal/test/auto/TerminationTransition5.xml
----------------- Instantiating /home/travis/build/icyphy/ptII/ptolemy/domains/modal/test/auto/TerminationTransition5.xml
3 ms. Memory: 277504K Free: 187368K (68%)
----------------- Invoking toplevel() on ptolemy.moml.MoMLSimpleApplication@467ab164
----------------- Done invoking toplevel() on ptolemy.moml.MoMLSimpleApplication@467ab164
reloadAllAccessors: .TerminationTransition5

===========================================================================================
----------------- testing Sun Aug 25 05:30:56 UTC 2019 /home/travis/build/icyphy/ptII/ptolemy/domains/modal/test/auto/TerminationTransition6.xml
----------------- Instantiating /home/travis/build/icyphy/ptII/ptolemy/domains/modal/test/auto/TerminationTransition6.xml
1 ms. Memory: 277504K Free: 179176K (65%)
----------------- Invoking toplevel() on ptolemy.moml.MoMLSimpleApplication@7c4a9d6a
----------------- Done invoking toplevel() on ptolemy.moml.MoMLSimpleApplication@7c4a9d6a
reloadAllAccessors: .TerminationTransition6

===========================================================================================
----------------- testing Sun Aug 25 05:30:56 UTC 2019 /home/travis/build/icyphy/ptII/ptolemy/domains/modal/test/auto/TerminationTransition7.xml
----------------- Instantiating /home/travis/build/icyphy/ptII/ptolemy/domains/modal/test/auto/TerminationTransition7.xml
2 ms. Memory: 277504K Free: 169450K (61%)
----------------- Invoking toplevel() on ptolemy.moml.MoMLSimpleApplication@60fd65cf
----------------- Done invoking toplevel() on ptolemy.moml.MoMLSimpleApplication@60fd65cf
reloadAllAccessors: .TerminationTransition7

===========================================================================================
----------------- testing Sun Aug 25 05:30:56 UTC 2019 /home/travis/build/icyphy/ptII/ptolemy/domains/modal/test/auto/TerminationTransition8.xml
----------------- Instantiating /home/travis/build/icyphy/ptII/ptolemy/domains/modal/test/auto/TerminationTransition8.xml
2 ms. Memory: 277504K Free: 160234K (58%)
----------------- Invoking toplevel() on ptolemy.moml.MoMLSimpleApplication@43b5388f
----------------- Done invoking toplevel() on ptolemy.moml.MoMLSimpleApplication@43b5388f
reloadAllAccessors: .TerminationTransition8

===========================================================================================
----------------- testing Sun Aug 25 05:30:56 UTC 2019 /home/travis/build/icyphy/ptII/ptolemy/domains/modal/test/auto/Thermostat_NoHysteresis.xml
----------------- Instantiating /home/travis/build/icyphy/ptII/ptolemy/domains/modal/test/auto/Thermostat_NoHysteresis.xml
23 ms. Memory: 277504K Free: 135658K (49%)
----------------- Invoking toplevel() on ptolemy.moml.MoMLSimpleApplication@2a941931
----------------- Done invoking toplevel() on ptolemy.moml.MoMLSimpleApplication@2a941931
reloadAllAccessors: .Thermostat_NoHysteresis

===========================================================================================
----------------- testing Sun Aug 25 05:30:56 UTC 2019 /home/travis/build/icyphy/ptII/ptolemy/domains/modal/test/auto/TimedFSM.xml
----------------- Instantiating /home/travis/build/icyphy/ptII/ptolemy/domains/modal/test/auto/TimedFSM.xml
8 ms. Memory: 277504K Free: 123880K (45%)
----------------- Invoking toplevel() on ptolemy.moml.MoMLSimpleApplication@aec5154
----------------- Done invoking toplevel() on ptolemy.moml.MoMLSimpleApplication@aec5154
reloadAllAccessors: .TimedFSM

===========================================================================================
----------------- testing Sun Aug 25 05:30:56 UTC 2019 /home/travis/build/icyphy/ptII/ptolemy/domains/modal/test/auto/Timeout1.xml
----------------- Instantiating /home/travis/build/icyphy/ptII/ptolemy/domains/modal/test/auto/Timeout1.xml
3 ms. Memory: 277504K Free: 118250K (43%)
----------------- Invoking toplevel() on ptolemy.moml.MoMLSimpleApplication@2750bac3
----------------- Done invoking toplevel() on ptolemy.moml.MoMLSimpleApplication@2750bac3
reloadAllAccessors: .Timeout1

===========================================================================================
----------------- testing Sun Aug 25 05:30:56 UTC 2019 /home/travis/build/icyphy/ptII/ptolemy/domains/modal/test/auto/Timeout2.xml
----------------- Instantiating /home/travis/build/icyphy/ptII/ptolemy/domains/modal/test/auto/Timeout2.xml
7 ms. Memory: 277504K Free: 110058K (40%)
----------------- Invoking toplevel() on ptolemy.moml.MoMLSimpleApplication@1aa1ce85
----------------- Done invoking toplevel() on ptolemy.moml.MoMLSimpleApplication@1aa1ce85
reloadAllAccessors: .Timeout2

===========================================================================================
----------------- testing Sun Aug 25 05:30:56 UTC 2019 /home/travis/build/icyphy/ptII/ptolemy/domains/modal/test/auto/Timeout3.xml
----------------- Instantiating /home/travis/build/icyphy/ptII/ptolemy/domains/modal/test/auto/Timeout3.xml
1 ms. Memory: 277504K Free: 104938K (38%)
----------------- Invoking toplevel() on ptolemy.moml.MoMLSimpleApplication@4e17a1d2
----------------- Done invoking toplevel() on ptolemy.moml.MoMLSimpleApplication@4e17a1d2
reloadAllAccessors: .Timeout3

===========================================================================================
----------------- testing Sun Aug 25 05:30:56 UTC 2019 /home/travis/build/icyphy/ptII/ptolemy/domains/modal/test/auto/Timeout4.xml
----------------- Instantiating /home/travis/build/icyphy/ptII/ptolemy/domains/modal/test/auto/Timeout4.xml
2 ms. Memory: 277504K Free: 99818K (36%)
----------------- Invoking toplevel() on ptolemy.moml.MoMLSimpleApplication@31f5cf54
----------------- Done invoking toplevel() on ptolemy.moml.MoMLSimpleApplication@31f5cf54
reloadAllAccessors: .Timeout4

===========================================================================================
----------------- testing Sun Aug 25 05:30:56 UTC 2019 /home/travis/build/icyphy/ptII/ptolemy/domains/modal/test/auto/TransientstateModelAdvanced.xml
----------------- Instantiating /home/travis/build/icyphy/ptII/ptolemy/domains/modal/test/auto/TransientstateModelAdvanced.xml
4 ms. Memory: 337920K Free: 310368K (92%)
----------------- Invoking toplevel() on ptolemy.moml.MoMLSimpleApplication@8bc4f39
----------------- Done invoking toplevel() on ptolemy.moml.MoMLSimpleApplication@8bc4f39
reloadAllAccessors: .TransientstateModelAdvanced

===========================================================================================
----------------- testing Sun Aug 25 05:30:56 UTC 2019 /home/travis/build/icyphy/ptII/ptolemy/domains/modal/test/auto/TransientstateModelAdvanced2.xml
----------------- Instantiating /home/travis/build/icyphy/ptII/ptolemy/domains/modal/test/auto/TransientstateModelAdvanced2.xml
4 ms. Memory: 337920K Free: 296032K (88%)
----------------- Invoking toplevel() on ptolemy.moml.MoMLSimpleApplication@4b9c88c2
----------------- Done invoking toplevel() on ptolemy.moml.MoMLSimpleApplication@4b9c88c2
reloadAllAccessors: .transientstatemodelAdvanced

===========================================================================================
----------------- testing Sun Aug 25 05:30:56 UTC 2019 /home/travis/build/icyphy/ptII/ptolemy/domains/modal/test/auto/TransitionRefinements.xml
----------------- Instantiating /home/travis/build/icyphy/ptII/ptolemy/domains/modal/test/auto/TransitionRefinements.xml
8 ms. Memory: 337920K Free: 286288K (85%)
----------------- Invoking toplevel() on ptolemy.moml.MoMLSimpleApplication@366b3595
----------------- Done invoking toplevel() on ptolemy.moml.MoMLSimpleApplication@366b3595
reloadAllAccessors: .TransitionRefinements

===========================================================================================
----------------- testing Sun Aug 25 05:30:56 UTC 2019 /home/travis/build/icyphy/ptII/ptolemy/domains/modal/test/auto/TwoRefinements1.xml
----------------- Instantiating /home/travis/build/icyphy/ptII/ptolemy/domains/modal/test/auto/TwoRefinements1.xml
4 ms. Memory: 337920K Free: 276576K (82%)
----------------- Invoking toplevel() on ptolemy.moml.MoMLSimpleApplication@3bc998a2
----------------- Done invoking toplevel() on ptolemy.moml.MoMLSimpleApplication@3bc998a2
reloadAllAccessors: .TwoRefinements1

===========================================================================================
----------------- testing Sun Aug 25 05:30:56 UTC 2019 /home/travis/build/icyphy/ptII/ptolemy/domains/modal/test/auto/TwoRefinements2.xml
----------------- Instantiating /home/travis/build/icyphy/ptII/ptolemy/domains/modal/test/auto/TwoRefinements2.xml
3 ms. Memory: 337920K Free: 266336K (79%)
----------------- Invoking toplevel() on ptolemy.moml.MoMLSimpleApplication@5aec9b3d
----------------- Done invoking toplevel() on ptolemy.moml.MoMLSimpleApplication@5aec9b3d
reloadAllAccessors: .TwoRefinements2

===========================================================================================
----------------- testing Sun Aug 25 05:30:56 UTC 2019 /home/travis/build/icyphy/ptII/ptolemy/domains/modal/test/auto/WeakImmediateTransition.xml
----------------- Instantiating /home/travis/build/icyphy/ptII/ptolemy/domains/modal/test/auto/WeakImmediateTransition.xml
4 ms. Memory: 337920K Free: 257630K (76%)
----------------- Invoking toplevel() on ptolemy.moml.MoMLSimpleApplication@22df7e28
----------------- Done invoking toplevel() on ptolemy.moml.MoMLSimpleApplication@22df7e28
reloadAllAccessors: .WeakImmediateTransition

===========================================================================================
----------------- testing Sun Aug 25 05:30:56 UTC 2019 /home/travis/build/icyphy/ptII/ptolemy/domains/modal/test/auto/booleanSelect.xml
----------------- Instantiating /home/travis/build/icyphy/ptII/ptolemy/domains/modal/test/auto/booleanSelect.xml
38 ms. Memory: 337920K Free: 239712K (71%)
----------------- Invoking toplevel() on ptolemy.moml.MoMLSimpleApplication@3eacfff6
----------------- Done invoking toplevel() on ptolemy.moml.MoMLSimpleApplication@3eacfff6
reloadAllAccessors: .booleanSelect

===========================================================================================
----------------- testing Sun Aug 25 05:30:56 UTC 2019 /home/travis/build/icyphy/ptII/ptolemy/domains/modal/test/auto/modalChangingParams.xml
----------------- Instantiating /home/travis/build/icyphy/ptII/ptolemy/domains/modal/test/auto/modalChangingParams.xml
0
1
0
2
4
6
8
7
0
2
4
6
8
13
0
2
4
6
8
19
0
2
4
6
8
25
0
2
4
6
8
31
0
2
4
6
8
37
0
2
4
6
8
43
0
2
4
6
8
49
0
2
4
6
8
55
0
2
4
6
8
61
0
2
4
6
8
67
0
2
4
6
8
73
0
2
4
6
8
79
0
2
4
6
8
85
0
2
4
6
8
91
0
2
4
6
8
97
0
2
4
6
8
103
0
2
4
6
8
109
0
2
4
6
8
115
0
2
4
6
8
121
0
2
4
6
8
127
0
2
4
6
8
133
0
2
4
6
8
139
0
2
4
6
8
145
0
2
4
6
8
151
0
2
4
6
8
157
0
2
4
6
8
163
0
2
4
6
8
169
0
2
4
6
8
175
0
2
4
6
8
181
0
2
4
6
8
187
0
2
4
6
8
193
0
2
4
6
8
199
0
2
4
6
8
205
0
2
4
6
8
211
0
2
4
6
8
217
0
2
4
6
8
223
0
2
4
6
8
229
0
2
4
6
8
235
0
2
4
6
8
241
0
2
4
6
8
247
0
2
4
6
8
253
0
2
4
6
8
259
0
2
4
6
8
265
0
2
4
6
8
271
0
2
4
6
8
277
0
2
4
6
8
283
0
2
4
6
8
289
0
2
4
6
8
295
0
2
4
6
8
301
0
2
4
6
8
307
0
2
4
6
8
313
0
2
4
6
8
319
0
2
4
6
8
325
0
2
4
6
8
331
0
2
4
6
8
337
0
2
4
6
8
343
0
2
4
6
8
349
0
2
4
6
8
355
0
2
4
6
8
361
0
2
4
6
8
367
0
2
4
6
8
373
0
2
4
6
8
379
0
2
4
6
8
385
0
2
4
6
8
391
0
2
4
6
8
397
0
2
4
6
8
403
0
2
4
6
8
409
0
2
4
6
8
415
0
2
4
6
8
421
0
2
4
6
8
427
0
2
4
6
8
433
0
2
4
6
8
439
0
2
4
6
8
445
0
2
4
6
8
451
0
2
4
6
8
457
0
2
4
6
8
463
0
2
4
6
8
469
0
2
4
6
8
475
0
2
4
6
8
481
0
2
4
6
8
487
0
2
4
6
8
493
0
2
4
6
8
499
0
2
4
6
8
505
0
2
4
6
8
511
0
2
4
6
8
517
0
2
4
6
8
523
0
2
4
6
8
529
0
2
4
6
8
535
0
2
4
6
8
541
0
2
4
6
8
547
0
2
4
6
8
553
0
2
4
6
8
559
0
2
4
6
8
565
0
2
4
6
8
571
0
2
4
6
8
577
0
2
4
6
8
583
0
2
4
6
8
589
0
2
4
6
8
595
0
2
4
6
8
601
0
2
4
6
8
607
0
2
4
6
8
613
0
2
4
6
8
619
0
2
4
6
8
625
0
2
4
6
8
631
0
2
4
6
8
637
0
2
4
6
8
643
0
2
4
6
8
649
0
2
4
6
8
655
0
2
4
6
8
661
0
2
4
6
8
667
0
2
4
6
8
673
0
2
4
6
8
679
0
2
4
6
8
685
0
2
4
6
8
691
0
2
4
6
8
697
0
2
4
6
8
703
0
2
4
6
8
709
0
2
4
6
8
715
0
2
4
6
8
721
0
2
4
6
8
727
0
2
4
6
8
733
0
2
4
6
8
739
0
2
4
6
8
745
0
2
4
6
8
751
0
2
4
6
8
757
0
2
4
6
8
763
0
2
4
6
8
769
0
2
4
6
8
775
0
2
4
6
8
781
0
2
4
6
8
787
0
2
4
6
8
793
0
2
4
6
8
799
0
2
4
6
8
805
0
2
4
6
8
811
0
2
4
6
8
817
0
2
4
6
8
823
0
2
4
6
8
829
0
2
4
6
8
835
0
2
4
6
8
841
0
2
4
6
8
847
0
2
4
6
8
853
0
2
4
6
8
859
0
2
4
6
8
865
0
2
4
6
8
871
0
2
4
6
8
877
0
2
4
6
8
883
0
2
4
6
8
889
0
2
4
6
8
895
0
2
4
6
8
901
0
2
4
6
8
907
0
2
4
6
8
913
0
2
4
6
8
919
0
2
4
6
8
925
0
2
4
6
8
931
0
2
4
6
8
937
0
2
4
6
8
943
0
2
4
6
8
949
0
2
4
6
8
955
0
2
4
6
8
961
0
2
4
6
8
967
0
2
4
6
8
973
0
2
4
6
8
979
0
2
4
6
8
985
0
2
4
6
8
991
0
2
4
6
8
997
0
2
246 ms. Memory: 337920K Free: 125534K (37%)
----------------- Invoking toplevel() on ptolemy.moml.MoMLSimpleApplication@7b7afc17
----------------- Done invoking toplevel() on ptolemy.moml.MoMLSimpleApplication@7b7afc17
reloadAllAccessors: .modalChangingParams

===========================================================================================
----------------- testing Sun Aug 25 05:30:57 UTC 2019 /home/travis/build/icyphy/ptII/ptolemy/domains/modal/test/auto/modalModel.xml
----------------- Instantiating /home/travis/build/icyphy/ptII/ptolemy/domains/modal/test/auto/modalModel.xml
31 ms. Memory: 337920K Free: 316739K (94%)
----------------- Invoking toplevel() on ptolemy.moml.MoMLSimpleApplication@92fd6e3
----------------- Done invoking toplevel() on ptolemy.moml.MoMLSimpleApplication@92fd6e3
reloadAllAccessors: .modalModel

===========================================================================================
----------------- testing Sun Aug 25 05:30:57 UTC 2019 /home/travis/build/icyphy/ptII/ptolemy/domains/modal/test/auto/modalModel2.xml
----------------- Instantiating /home/travis/build/icyphy/ptII/ptolemy/domains/modal/test/auto/modalModel2.xml
7 ms. Memory: 337920K Free: 305985K (91%)
----------------- Invoking toplevel() on ptolemy.moml.MoMLSimpleApplication@61e633e8
----------------- Done invoking toplevel() on ptolemy.moml.MoMLSimpleApplication@61e633e8
reloadAllAccessors: .modalModel2

===========================================================================================
----------------- testing Sun Aug 25 05:30:57 UTC 2019 /home/travis/build/icyphy/ptII/ptolemy/domains/modal/test/auto/modalModel3.xml
----------------- Instantiating /home/travis/build/icyphy/ptII/ptolemy/domains/modal/test/auto/modalModel3.xml
0	0	0
1	0	1
4	2	2
7	4	3
10	6	4
5	0	5
8	2	6
11	4	7
14	6	8
9	0	9
12	2	10
15	4	11
18	6	12
13	0	13
16	2	14
19 ms. Memory: 337920K Free: 291139K (86%)
----------------- Invoking toplevel() on ptolemy.moml.MoMLSimpleApplication@fc7705e
----------------- Done invoking toplevel() on ptolemy.moml.MoMLSimpleApplication@fc7705e
reloadAllAccessors: .modalModel3

===========================================================================================
----------------- testing Sun Aug 25 05:30:57 UTC 2019 /home/travis/build/icyphy/ptII/ptolemy/domains/modal/test/auto/model1.xml
----------------- Instantiating /home/travis/build/icyphy/ptII/ptolemy/domains/modal/test/auto/model1.xml
11 ms. Memory: 337920K Free: 285491K (84%)
----------------- Invoking toplevel() on ptolemy.moml.MoMLSimpleApplication@1238d69
----------------- Done invoking toplevel() on ptolemy.moml.MoMLSimpleApplication@1238d69
reloadAllAccessors: .model1

===========================================================================================
----------------- testing Sun Aug 25 05:30:57 UTC 2019 /home/travis/build/icyphy/ptII/ptolemy/domains/modal/test/auto/test-direct-in-out.xml
----------------- Instantiating /home/travis/build/icyphy/ptII/ptolemy/domains/modal/test/auto/test-direct-in-out.xml
4 ms. Memory: 337920K Free: 277827K (82%)
----------------- Invoking toplevel() on ptolemy.moml.MoMLSimpleApplication@3efe0e50
----------------- Done invoking toplevel() on ptolemy.moml.MoMLSimpleApplication@3efe0e50
reloadAllAccessors: .test-direct-in-out
AutoTests.java: About to close Vertx.
AutoTests.java: Vertx closed.
]]></system-out>
  <system-err><![CDATA[java.lang.RuntimeException: Execution failed
	at ptolemy.moml.MoMLSimpleApplication$UnloadThread.run(MoMLSimpleApplication.java:402)
Caused by: ptolemy.kernel.util.IllegalActionException: Unknown inputs remain. Possible causality loop:
L_model_1893289564i

  in .CannotAnalysisWithPreemption.model_1893289564_region_1 and .CannotAnalysisWithPreemption.model_1893289564_region_1.L_model_1893289564i
	at ptolemy.actor.sched.FixedPointDirector.postfire(FixedPointDirector.java:515)
	at ptolemy.domains.sr.kernel.SRDirector.postfire(SRDirector.java:417)
	at ptolemy.actor.CompositeActor.postfire(CompositeActor.java:1668)
	at ptolemy.actor.Manager.iterate(Manager.java:852)
	at ptolemy.actor.Manager.execute(Manager.java:369)
	at ptolemy.actor.Manager.run(Manager.java:1263)
	at ptolemy.actor.Manager$PtolemyRunThread.run(Manager.java:1933)
java.lang.reflect.InvocationTargetException
	at java.base/jdk.internal.reflect.NativeConstructorAccessorImpl.newInstance0(Native Method)
	at java.base/jdk.internal.reflect.NativeConstructorAccessorImpl.newInstance(NativeConstructorAccessorImpl.java:62)
	at java.base/jdk.internal.reflect.DelegatingConstructorAccessorImpl.newInstance(DelegatingConstructorAccessorImpl.java:45)
	at java.base/java.lang.reflect.Constructor.newInstance(Constructor.java:490)
	at ptolemy.util.test.junit.AutoKnownFailedTests.RunModel(AutoKnownFailedTests.java:105)
	at java.base/jdk.internal.reflect.NativeMethodAccessorImpl.invoke0(Native Method)
	at java.base/jdk.internal.reflect.NativeMethodAccessorImpl.invoke(NativeMethodAccessorImpl.java:62)
	at java.base/jdk.internal.reflect.DelegatingMethodAccessorImpl.invoke(DelegatingMethodAccessorImpl.java:43)
	at java.base/java.lang.reflect.Method.invoke(Method.java:566)
	at org.junit.runners.model.FrameworkMethod$1.runReflectiveCall(FrameworkMethod.java:44)
	at org.junit.internal.runners.model.ReflectiveCallable.run(ReflectiveCallable.java:15)
	at org.junit.runners.model.FrameworkMethod.invokeExplosively(FrameworkMethod.java:41)
	at junitparams.internal.InvokeParameterisedMethod.evaluate(InvokeParameterisedMethod.java:102)
	at org.junit.internal.runners.statements.FailOnTimeout$1.run(FailOnTimeout.java:28)
Caused by: ptolemy.kernel.util.IllegalActionException: Unknown inputs remain. Possible causality loop:
L_model_1893289564i

  in .CannotAnalysisWithPreemption.model_1893289564_region_1 and .CannotAnalysisWithPreemption.model_1893289564_region_1.L_model_1893289564i
	at ptolemy.actor.sched.FixedPointDirector.postfire(FixedPointDirector.java:515)
	at ptolemy.domains.sr.kernel.SRDirector.postfire(SRDirector.java:417)
	at ptolemy.actor.CompositeActor.postfire(CompositeActor.java:1668)
	at ptolemy.actor.Manager.iterate(Manager.java:852)
	at ptolemy.actor.Manager.execute(Manager.java:369)
	at ptolemy.actor.Manager.run(Manager.java:1263)
	at ptolemy.actor.Manager$PtolemyRunThread.run(Manager.java:1933)
]]></system-err>
</testsuite>
