<?xml version="1.0" encoding="UTF-8" ?>
<testsuite errors="0" failures="0" hostname="travis-job-4c29b4eb-86ec-4643-95af-1a559fd3e3c8" name="ptolemy.domains.sdf.lib.test.junit.JUnitTclTest" skipped="0" tests="82" time="11.22" timestamp="2019-10-19T06:33:03">
  <properties>
[...]
</properties>
  <testcase classname="ptolemy.util.test.junit.TclTests" name="[0] /home/travis/build/icyphy/ptII/ptolemy/domains/sdf/lib/test/ArrayToSequence.tcl (RunTclFile)" time="0.747" />
  <testcase classname="ptolemy.util.test.junit.TclTests" name="[1] /home/travis/build/icyphy/ptII/ptolemy/domains/sdf/lib/test/BitsToInt.tcl (RunTclFile)" time="0.077" />
  <testcase classname="ptolemy.util.test.junit.TclTests" name="[2] /home/travis/build/icyphy/ptII/ptolemy/domains/sdf/lib/test/DelayLine.tcl (RunTclFile)" time="0.041" />
  <testcase classname="ptolemy.util.test.junit.TclTests" name="[3] /home/travis/build/icyphy/ptII/ptolemy/domains/sdf/lib/test/FFT.tcl (RunTclFile)" time="0.047" />
  <testcase classname="ptolemy.util.test.junit.TclTests" name="[4] /home/travis/build/icyphy/ptII/ptolemy/domains/sdf/lib/test/FIR.tcl (RunTclFile)" time="0.242" />
  <testcase classname="ptolemy.util.test.junit.TclTests" name="[5] /home/travis/build/icyphy/ptII/ptolemy/domains/sdf/lib/test/IntToBits.tcl (RunTclFile)" time="0.07" />
  <testcase classname="ptolemy.util.test.junit.TclTests" name="[6] /home/travis/build/icyphy/ptII/ptolemy/domains/sdf/lib/test/MaximumEntropySpectrum.tcl (RunTclFile)" time="0.56" />
  <testcase classname="ptolemy.util.test.junit.TclTests" name="[7] /home/travis/build/icyphy/ptII/ptolemy/domains/sdf/lib/test/Repeat.tcl (RunTclFile)" time="0.034" />
  <testcase classname="ptolemy.util.test.junit.TclTests" name="[8] /home/travis/build/icyphy/ptII/ptolemy/domains/sdf/lib/test/SampleDelay.tcl (RunTclFile)" time="0.07" />
  <testcase classname="ptolemy.util.test.junit.TclTests" name="[9] /home/travis/build/icyphy/ptII/ptolemy/domains/sdf/lib/test/SequenceToArray.tcl (RunTclFile)" time="0.154" />
  <testcase classname="ptolemy.util.test.junit.AutoKnownFailedTests" name="[0] ThereAreNoKnowFailedTests (RunModel)" time="0.011" />
  <testcase classname="ptolemy.util.test.junit.AutoNameArchTests" name="[0] ThereAreNoAutoArchTests (RunModel)" time="0.018" />
  <testcase classname="ptolemy.util.test.junit.AutoTests" name="[0] /home/travis/build/icyphy/ptII/ptolemy/domains/sdf/lib/test/auto/ArrayToSequence.xml (RunModel)" time="0.256" />
  <testcase classname="ptolemy.util.test.junit.AutoTests" name="[1] /home/travis/build/icyphy/ptII/ptolemy/domains/sdf/lib/test/auto/ArrayToSequenceTest.xml (RunModel)" time="0.089" />
  <testcase classname="ptolemy.util.test.junit.AutoTests" name="[2] /home/travis/build/icyphy/ptII/ptolemy/domains/sdf/lib/test/auto/Autocorrelation.xml (RunModel)" time="0.082" />
  <testcase classname="ptolemy.util.test.junit.AutoTests" name="[3] /home/travis/build/icyphy/ptII/ptolemy/domains/sdf/lib/test/auto/Autocorrelation2.xml (RunModel)" time="0.095" />
  <testcase classname="ptolemy.util.test.junit.AutoTests" name="[4] /home/travis/build/icyphy/ptII/ptolemy/domains/sdf/lib/test/auto/Autocorrelation3.xml (RunModel)" time="0.036" />
  <testcase classname="ptolemy.util.test.junit.AutoTests" name="[5] /home/travis/build/icyphy/ptII/ptolemy/domains/sdf/lib/test/auto/Autocorrelation4.xml (RunModel)" time="0.058" />
  <testcase classname="ptolemy.util.test.junit.AutoTests" name="[6] /home/travis/build/icyphy/ptII/ptolemy/domains/sdf/lib/test/auto/Autocorrelation5.xml (RunModel)" time="0.166" />
  <testcase classname="ptolemy.util.test.junit.AutoTests" name="[7] /home/travis/build/icyphy/ptII/ptolemy/domains/sdf/lib/test/auto/BitsToInt.xml (RunModel)" time="0.049" />
  <testcase classname="ptolemy.util.test.junit.AutoTests" name="[8] /home/travis/build/icyphy/ptII/ptolemy/domains/sdf/lib/test/auto/BooleanJoin.xml (RunModel)" time="0.083" />
  <testcase classname="ptolemy.util.test.junit.AutoTests" name="[9] /home/travis/build/icyphy/ptII/ptolemy/domains/sdf/lib/test/auto/BootstrapSampleDelay.xml (RunModel)" time="0.038" />
  <testcase classname="ptolemy.util.test.junit.AutoTests" name="[10] /home/travis/build/icyphy/ptII/ptolemy/domains/sdf/lib/test/auto/Chop.xml (RunModel)" time="0.088" />
  <testcase classname="ptolemy.util.test.junit.AutoTests" name="[11] /home/travis/build/icyphy/ptII/ptolemy/domains/sdf/lib/test/auto/Chop2.xml (RunModel)" time="0.088" />
  <testcase classname="ptolemy.util.test.junit.AutoTests" name="[12] /home/travis/build/icyphy/ptII/ptolemy/domains/sdf/lib/test/auto/ComplexJoin.xml (RunModel)" time="0.04" />
  <testcase classname="ptolemy.util.test.junit.AutoTests" name="[13] /home/travis/build/icyphy/ptII/ptolemy/domains/sdf/lib/test/auto/CountTrues.xml (RunModel)" time="0.061" />
  <testcase classname="ptolemy.util.test.junit.AutoTests" name="[14] /home/travis/build/icyphy/ptII/ptolemy/domains/sdf/lib/test/auto/DelayLine.xml (RunModel)" time="0.051" />
  <testcase classname="ptolemy.util.test.junit.AutoTests" name="[15] /home/travis/build/icyphy/ptII/ptolemy/domains/sdf/lib/test/auto/DotProduct.xml (RunModel)" time="0.044" />
  <testcase classname="ptolemy.util.test.junit.AutoTests" name="[16] /home/travis/build/icyphy/ptII/ptolemy/domains/sdf/lib/test/auto/DotProductMatrix.xml (RunModel)" time="0.021" />
  <testcase classname="ptolemy.util.test.junit.AutoTests" name="[17] /home/travis/build/icyphy/ptII/ptolemy/domains/sdf/lib/test/auto/DownSample1.xml (RunModel)" time="0.041" />
  <testcase classname="ptolemy.util.test.junit.AutoTests" name="[18] /home/travis/build/icyphy/ptII/ptolemy/domains/sdf/lib/test/auto/DynamicRateChange.xml (RunModel)" time="0.057" />
  <testcase classname="ptolemy.util.test.junit.AutoTests" name="[19] /home/travis/build/icyphy/ptII/ptolemy/domains/sdf/lib/test/auto/DynamicRates.xml (RunModel)" time="0.052" />
  <testcase classname="ptolemy.util.test.junit.AutoTests" name="[20] /home/travis/build/icyphy/ptII/ptolemy/domains/sdf/lib/test/auto/FFT1.xml (RunModel)" time="0.06" />
  <testcase classname="ptolemy.util.test.junit.AutoTests" name="[21] /home/travis/build/icyphy/ptII/ptolemy/domains/sdf/lib/test/auto/FIR1.xml (RunModel)" time="0.071" />
  <testcase classname="ptolemy.util.test.junit.AutoTests" name="[22] /home/travis/build/icyphy/ptII/ptolemy/domains/sdf/lib/test/auto/FIR2.xml (RunModel)" time="0.034" />
  <testcase classname="ptolemy.util.test.junit.AutoTests" name="[23] /home/travis/build/icyphy/ptII/ptolemy/domains/sdf/lib/test/auto/FIR4.xml (RunModel)" time="0.053" />
  <testcase classname="ptolemy.util.test.junit.AutoTests" name="[24] /home/travis/build/icyphy/ptII/ptolemy/domains/sdf/lib/test/auto/FixJoin.xml (RunModel)" time="0.071" />
  <testcase classname="ptolemy.util.test.junit.AutoTests" name="[25] /home/travis/build/icyphy/ptII/ptolemy/domains/sdf/lib/test/auto/IntJoin1.xml (RunModel)" time="0.038" />
  <testcase classname="ptolemy.util.test.junit.AutoTests" name="[26] /home/travis/build/icyphy/ptII/ptolemy/domains/sdf/lib/test/auto/IntJoin2.xml (RunModel)" time="0.039" />
  <testcase classname="ptolemy.util.test.junit.AutoTests" name="[27] /home/travis/build/icyphy/ptII/ptolemy/domains/sdf/lib/test/auto/IntJoin3.xml (RunModel)" time="0.036" />
  <testcase classname="ptolemy.util.test.junit.AutoTests" name="[28] /home/travis/build/icyphy/ptII/ptolemy/domains/sdf/lib/test/auto/IntJoin4.xml (RunModel)" time="0.036" />
  <testcase classname="ptolemy.util.test.junit.AutoTests" name="[29] /home/travis/build/icyphy/ptII/ptolemy/domains/sdf/lib/test/auto/IntJoin5.xml (RunModel)" time="0.056" />
  <testcase classname="ptolemy.util.test.junit.AutoTests" name="[30] /home/travis/build/icyphy/ptII/ptolemy/domains/sdf/lib/test/auto/IntToBits.xml (RunModel)" time="0.041" />
  <testcase classname="ptolemy.util.test.junit.AutoTests" name="[31] /home/travis/build/icyphy/ptII/ptolemy/domains/sdf/lib/test/auto/LMSAdaptive.xml (RunModel)" time="0.084" />
  <testcase classname="ptolemy.util.test.junit.AutoTests" name="[32] /home/travis/build/icyphy/ptII/ptolemy/domains/sdf/lib/test/auto/LMSAdaptiveFIR.xml (RunModel)" time="0.448" />
  <testcase classname="ptolemy.util.test.junit.AutoTests" name="[33] /home/travis/build/icyphy/ptII/ptolemy/domains/sdf/lib/test/auto/LMSAdaptiveFIR2.xml (RunModel)" time="0.521" />
  <testcase classname="ptolemy.util.test.junit.AutoTests" name="[34] /home/travis/build/icyphy/ptII/ptolemy/domains/sdf/lib/test/auto/LongJoin.xml (RunModel)" time="0.054" />
  <testcase classname="ptolemy.util.test.junit.AutoTests" name="[35] /home/travis/build/icyphy/ptII/ptolemy/domains/sdf/lib/test/auto/Matrix1.xml (RunModel)" time="0.033" />
  <testcase classname="ptolemy.util.test.junit.AutoTests" name="[36] /home/travis/build/icyphy/ptII/ptolemy/domains/sdf/lib/test/auto/Matrix2.xml (RunModel)" time="0.025" />
  <testcase classname="ptolemy.util.test.junit.AutoTests" name="[37] /home/travis/build/icyphy/ptII/ptolemy/domains/sdf/lib/test/auto/MatrixJoin1.xml (RunModel)" time="0.036" />
  <testcase classname="ptolemy.util.test.junit.AutoTests" name="[38] /home/travis/build/icyphy/ptII/ptolemy/domains/sdf/lib/test/auto/MatrixJoin2.xml (RunModel)" time="0.02" />
  <testcase classname="ptolemy.util.test.junit.AutoTests" name="[39] /home/travis/build/icyphy/ptII/ptolemy/domains/sdf/lib/test/auto/MatrixJoin3.xml (RunModel)" time="0.032" />
  <testcase classname="ptolemy.util.test.junit.AutoTests" name="[40] /home/travis/build/icyphy/ptII/ptolemy/domains/sdf/lib/test/auto/MatrixJoin4.xml (RunModel)" time="0.029" />
  <testcase classname="ptolemy.util.test.junit.AutoTests" name="[41] /home/travis/build/icyphy/ptII/ptolemy/domains/sdf/lib/test/auto/MatrixJoin5.xml (RunModel)" time="0.03" />
  <testcase classname="ptolemy.util.test.junit.AutoTests" name="[42] /home/travis/build/icyphy/ptII/ptolemy/domains/sdf/lib/test/auto/MatrixSplit1.xml (RunModel)" time="0.034" />
  <testcase classname="ptolemy.util.test.junit.AutoTests" name="[43] /home/travis/build/icyphy/ptII/ptolemy/domains/sdf/lib/test/auto/MatrixSplit10.xml (RunModel)" time="0.026" />
  <testcase classname="ptolemy.util.test.junit.AutoTests" name="[44] /home/travis/build/icyphy/ptII/ptolemy/domains/sdf/lib/test/auto/MatrixSplit11.xml (RunModel)" time="0.015" />
  <testcase classname="ptolemy.util.test.junit.AutoTests" name="[45] /home/travis/build/icyphy/ptII/ptolemy/domains/sdf/lib/test/auto/MatrixSplit12.xml (RunModel)" time="0.023" />
  <testcase classname="ptolemy.util.test.junit.AutoTests" name="[46] /home/travis/build/icyphy/ptII/ptolemy/domains/sdf/lib/test/auto/MatrixSplit13.xml (RunModel)" time="0.021" />
  <testcase classname="ptolemy.util.test.junit.AutoTests" name="[47] /home/travis/build/icyphy/ptII/ptolemy/domains/sdf/lib/test/auto/MatrixSplit14.xml (RunModel)" time="0.019" />
  <testcase classname="ptolemy.util.test.junit.AutoTests" name="[48] /home/travis/build/icyphy/ptII/ptolemy/domains/sdf/lib/test/auto/MatrixSplit2.xml (RunModel)" time="0.015" />
  <testcase classname="ptolemy.util.test.junit.AutoTests" name="[49] /home/travis/build/icyphy/ptII/ptolemy/domains/sdf/lib/test/auto/MatrixSplit3.xml (RunModel)" time="0.014" />
  <testcase classname="ptolemy.util.test.junit.AutoTests" name="[50] /home/travis/build/icyphy/ptII/ptolemy/domains/sdf/lib/test/auto/MatrixSplit4.xml (RunModel)" time="0.014" />
  <testcase classname="ptolemy.util.test.junit.AutoTests" name="[51] /home/travis/build/icyphy/ptII/ptolemy/domains/sdf/lib/test/auto/MatrixSplit5.xml (RunModel)" time="0.019" />
  <testcase classname="ptolemy.util.test.junit.AutoTests" name="[52] /home/travis/build/icyphy/ptII/ptolemy/domains/sdf/lib/test/auto/MatrixSplit6.xml (RunModel)" time="0.019" />
  <testcase classname="ptolemy.util.test.junit.AutoTests" name="[53] /home/travis/build/icyphy/ptII/ptolemy/domains/sdf/lib/test/auto/MatrixSplit7.xml (RunModel)" time="0.014" />
  <testcase classname="ptolemy.util.test.junit.AutoTests" name="[54] /home/travis/build/icyphy/ptII/ptolemy/domains/sdf/lib/test/auto/MatrixSplit8.xml (RunModel)" time="0.017" />
  <testcase classname="ptolemy.util.test.junit.AutoTests" name="[55] /home/travis/build/icyphy/ptII/ptolemy/domains/sdf/lib/test/auto/MatrixSplit9.xml (RunModel)" time="0.031" />
  <testcase classname="ptolemy.util.test.junit.AutoTests" name="[56] /home/travis/build/icyphy/ptII/ptolemy/domains/sdf/lib/test/auto/MatrixToSequence.xml (RunModel)" time="0.042" />
  <testcase classname="ptolemy.util.test.junit.AutoTests" name="[57] /home/travis/build/icyphy/ptII/ptolemy/domains/sdf/lib/test/auto/MaximumEntropySpectrum.xml (RunModel)" time="0.122" />
  <testcase classname="ptolemy.util.test.junit.AutoTests" name="[58] /home/travis/build/icyphy/ptII/ptolemy/domains/sdf/lib/test/auto/SampleDelayConversion.xml (RunModel)" time="0.026" />
  <testcase classname="ptolemy.util.test.junit.AutoTests" name="[59] /home/travis/build/icyphy/ptII/ptolemy/domains/sdf/lib/test/auto/SequenceToArray.xml (RunModel)" time="0.047" />
  <testcase classname="ptolemy.util.test.junit.AutoTests" name="[60] /home/travis/build/icyphy/ptII/ptolemy/domains/sdf/lib/test/auto/SequenceToMatrix.xml (RunModel)" time="4.177" />
  <testcase classname="ptolemy.util.test.junit.AutoTests" name="[61] /home/travis/build/icyphy/ptII/ptolemy/domains/sdf/lib/test/auto/SmoothedPeriodogram.xml (RunModel)" time="0.073" />
  <testcase classname="ptolemy.util.test.junit.AutoTests" name="[62] /home/travis/build/icyphy/ptII/ptolemy/domains/sdf/lib/test/auto/UpDownSample1.xml (RunModel)" time="0.019" />
  <testcase classname="ptolemy.util.test.junit.AutoTests" name="[63] /home/travis/build/icyphy/ptII/ptolemy/domains/sdf/lib/test/auto/UpSample1.xml (RunModel)" time="0.012" />
  <testcase classname="ptolemy.util.test.junit.AutoTests" name="[64] /home/travis/build/icyphy/ptII/ptolemy/domains/sdf/lib/test/auto/VariableFIR.xml (RunModel)" time="0.021" />
  <testcase classname="ptolemy.util.test.junit.AutoTests" name="[65] /home/travis/build/icyphy/ptII/ptolemy/domains/sdf/lib/test/auto/VariableFIR2.xml (RunModel)" time="0.023" />
  <testcase classname="ptolemy.util.test.junit.AutoTests" name="[66] /home/travis/build/icyphy/ptII/ptolemy/domains/sdf/lib/test/auto/VariableLattice.xml (RunModel)" time="0.026" />
  <testcase classname="ptolemy.util.test.junit.AutoTests" name="[67] /home/travis/build/icyphy/ptII/ptolemy/domains/sdf/lib/test/auto/VariableLattice2.xml (RunModel)" time="0.021" />
  <testcase classname="ptolemy.util.test.junit.AutoTests" name="[68] /home/travis/build/icyphy/ptII/ptolemy/domains/sdf/lib/test/auto/VariableRecursiveLattice.xml (RunModel)" time="0.025" />
  <testcase classname="ptolemy.util.test.junit.AutoTests" name="[69] /home/travis/build/icyphy/ptII/ptolemy/domains/sdf/lib/test/auto/VariableRecursiveLattice2.xml (RunModel)" time="0.03" />
  <system-out><![CDATA[/home/travis/build/icyphy/ptII/ptolemy/domains/sdf/lib/test/ArrayToSequence.tcl
testDefs.tcl: setting time out to 9000 seconds at Sat Oct 19 06:33:03 UTC 2019
141 ms. Memory: 120832K Free: 87494K (72%)
13 ms. Memory: 120832K Free: 85446K (71%)
15 ms. Memory: 120832K Free: 83383K (69%)
16 ms. Memory: 120832K Free: 81864K (68%)
/home/travis/build/icyphy/ptII/ptolemy/domains/sdf/lib/test/BitsToInt.tcl
13 ms. Memory: 120832K Free: 80295K (66%)
27 ms. Memory: 120832K Free: 78247K (65%)
/home/travis/build/icyphy/ptII/ptolemy/domains/sdf/lib/test/DelayLine.tcl
10 ms. Memory: 120832K Free: 76744K (64%)
/home/travis/build/icyphy/ptII/ptolemy/domains/sdf/lib/test/FFT.tcl
17 ms. Memory: 120832K Free: 74696K (62%)
/home/travis/build/icyphy/ptII/ptolemy/domains/sdf/lib/test/FIR.tcl
14 ms. Memory: 120832K Free: 73158K (61%)
110 ms. Memory: 120832K Free: 68552K (57%)
ptolemy.kernel.util.IllegalActionException: multiplyReverse method not supported between ptolemy.data.FixToken 'fix(-0.0625,6,2)' and ptolemy.data.IntToken '1' because the types are incomparable.
  in .top.FIRclone
Because:
multiplyReverse method not supported between ptolemy.data.FixToken 'fix(-0.0625,6,2)' and ptolemy.data.IntToken '1' because the types are incomparable.
34 ms. Memory: 120832K Free: 66504K (55%)
/home/travis/build/icyphy/ptII/ptolemy/domains/sdf/lib/test/IntToBits.tcl
12 ms. Memory: 120832K Free: 64966K (54%)
15 ms. Memory: 120832K Free: 63432K (52%)
/home/travis/build/icyphy/ptII/ptolemy/domains/sdf/lib/test/MaximumEntropySpectrum.tcl
/home/travis/build/icyphy/ptII/ptolemy/domains/sdf/lib/test/Repeat.tcl
15 ms. Memory: 120832K Free: 103557K (86%)
/home/travis/build/icyphy/ptII/ptolemy/domains/sdf/lib/test/SampleDelay.tcl
5 ms. Memory: 120832K Free: 101518K (84%)
5 ms. Memory: 120832K Free: 100494K (83%)
9 ms. Memory: 120832K Free: 99945K (83%)
5 ms. Memory: 120832K Free: 98935K (82%)
3 ms. Memory: 120832K Free: 98453K (81%)
2 ms. Memory: 120832K Free: 97911K (81%)
/home/travis/build/icyphy/ptII/ptolemy/domains/sdf/lib/test/SequenceToArray.tcl
12 ms. Memory: 120832K Free: 96406K (80%)
17 ms. Memory: 120832K Free: 95365K (79%)
11 ms. Memory: 120832K Free: 105469K (87%)
24 ms. Memory: 120832K Free: 104431K (86%)
10/19/19 06:33:05
Failed: 0  Total Tests: 41  ((Passed: 41, Newly Passed: 0)  Known Failed: 0) /home/travis/build/icyphy/ptII/ptolemy/domains/sdf/lib/test
No auto/knownFailedTests/*.xml tests in /home/travis/build/icyphy/ptII/ptolemy/domains/sdf/lib/test
No auto/linux-amd64/*.xml tests in /home/travis/build/icyphy/ptII/ptolemy/domains/sdf/lib/test
AutoTests.java: About to close Vertx.
AutoTests.java: Vertx closed.

===========================================================================================
----------------- testing Sat Oct 19 06:33:06 UTC 2019 /home/travis/build/icyphy/ptII/ptolemy/domains/sdf/lib/test/auto/ArrayToSequence.xml
----------------- Instantiating /home/travis/build/icyphy/ptII/ptolemy/domains/sdf/lib/test/auto/ArrayToSequence.xml
24 ms. Memory: 120832K Free: 85698K (71%)
----------------- Invoking toplevel() on ptolemy.moml.MoMLSimpleApplication@1aacf6cd
----------------- Done invoking toplevel() on ptolemy.moml.MoMLSimpleApplication@1aacf6cd
reloadAllAccessors: .ArrayToSequence

===========================================================================================
----------------- testing Sat Oct 19 06:33:06 UTC 2019 /home/travis/build/icyphy/ptII/ptolemy/domains/sdf/lib/test/auto/ArrayToSequenceTest.xml
----------------- Instantiating /home/travis/build/icyphy/ptII/ptolemy/domains/sdf/lib/test/auto/ArrayToSequenceTest.xml
43 ms. Memory: 120832K Free: 79214K (66%)
----------------- Invoking toplevel() on ptolemy.moml.MoMLSimpleApplication@60978fd2
----------------- Done invoking toplevel() on ptolemy.moml.MoMLSimpleApplication@60978fd2
reloadAllAccessors: .ArrayToSequenceTest

===========================================================================================
----------------- testing Sat Oct 19 06:33:06 UTC 2019 /home/travis/build/icyphy/ptII/ptolemy/domains/sdf/lib/test/auto/Autocorrelation.xml
----------------- Instantiating /home/travis/build/icyphy/ptII/ptolemy/domains/sdf/lib/test/auto/Autocorrelation.xml
6 ms. Memory: 120832K Free: 75108K (62%)
----------------- Invoking toplevel() on ptolemy.moml.MoMLSimpleApplication@1f032b9c
----------------- Done invoking toplevel() on ptolemy.moml.MoMLSimpleApplication@1f032b9c
reloadAllAccessors: .Autocorrelation

===========================================================================================
----------------- testing Sat Oct 19 06:33:06 UTC 2019 /home/travis/build/icyphy/ptII/ptolemy/domains/sdf/lib/test/auto/Autocorrelation2.xml
----------------- Instantiating /home/travis/build/icyphy/ptII/ptolemy/domains/sdf/lib/test/auto/Autocorrelation2.xml
8 ms. Memory: 120832K Free: 105061K (87%)
----------------- Invoking toplevel() on ptolemy.moml.MoMLSimpleApplication@4c0b339a
----------------- Done invoking toplevel() on ptolemy.moml.MoMLSimpleApplication@4c0b339a
reloadAllAccessors: .Autocorrelation2

===========================================================================================
----------------- testing Sat Oct 19 06:33:06 UTC 2019 /home/travis/build/icyphy/ptII/ptolemy/domains/sdf/lib/test/auto/Autocorrelation3.xml
----------------- Instantiating /home/travis/build/icyphy/ptII/ptolemy/domains/sdf/lib/test/auto/Autocorrelation3.xml
10 ms. Memory: 120832K Free: 100965K (84%)
----------------- Invoking toplevel() on ptolemy.moml.MoMLSimpleApplication@564f4d9c
----------------- Done invoking toplevel() on ptolemy.moml.MoMLSimpleApplication@564f4d9c
reloadAllAccessors: .Autocorrelation3

===========================================================================================
----------------- testing Sat Oct 19 06:33:06 UTC 2019 /home/travis/build/icyphy/ptII/ptolemy/domains/sdf/lib/test/auto/Autocorrelation4.xml
----------------- Instantiating /home/travis/build/icyphy/ptII/ptolemy/domains/sdf/lib/test/auto/Autocorrelation4.xml
7 ms. Memory: 120832K Free: 96839K (80%)
----------------- Invoking toplevel() on ptolemy.moml.MoMLSimpleApplication@e0013ce
----------------- Done invoking toplevel() on ptolemy.moml.MoMLSimpleApplication@e0013ce
reloadAllAccessors: .Autocorrelation4

===========================================================================================
----------------- testing Sat Oct 19 06:33:06 UTC 2019 /home/travis/build/icyphy/ptII/ptolemy/domains/sdf/lib/test/auto/Autocorrelation5.xml
----------------- Instantiating /home/travis/build/icyphy/ptII/ptolemy/domains/sdf/lib/test/auto/Autocorrelation5.xml
75 ms. Memory: 120832K Free: 89387K (74%)
----------------- Invoking toplevel() on ptolemy.moml.MoMLSimpleApplication@67c4e70b
----------------- Done invoking toplevel() on ptolemy.moml.MoMLSimpleApplication@67c4e70b
reloadAllAccessors: .Autocorrelation5

===========================================================================================
----------------- testing Sat Oct 19 06:33:06 UTC 2019 /home/travis/build/icyphy/ptII/ptolemy/domains/sdf/lib/test/auto/BitsToInt.xml
----------------- Instantiating /home/travis/build/icyphy/ptII/ptolemy/domains/sdf/lib/test/auto/BitsToInt.xml
4 ms. Memory: 120832K Free: 86293K (71%)
----------------- Invoking toplevel() on ptolemy.moml.MoMLSimpleApplication@1a1a20f8
----------------- Done invoking toplevel() on ptolemy.moml.MoMLSimpleApplication@1a1a20f8
reloadAllAccessors: .BitsToInt

===========================================================================================
----------------- testing Sat Oct 19 06:33:07 UTC 2019 /home/travis/build/icyphy/ptII/ptolemy/domains/sdf/lib/test/auto/BooleanJoin.xml
----------------- Instantiating /home/travis/build/icyphy/ptII/ptolemy/domains/sdf/lib/test/auto/BooleanJoin.xml
9 ms. Memory: 120832K Free: 81851K (68%)
----------------- Invoking toplevel() on ptolemy.moml.MoMLSimpleApplication@459f4c90
----------------- Done invoking toplevel() on ptolemy.moml.MoMLSimpleApplication@459f4c90
reloadAllAccessors: .BooleanJoin

===========================================================================================
----------------- testing Sat Oct 19 06:33:07 UTC 2019 /home/travis/build/icyphy/ptII/ptolemy/domains/sdf/lib/test/auto/BootstrapSampleDelay.xml
----------------- Instantiating /home/travis/build/icyphy/ptII/ptolemy/domains/sdf/lib/test/auto/BootstrapSampleDelay.xml
15 ms. Memory: 120832K Free: 77793K (64%)
----------------- Invoking toplevel() on ptolemy.moml.MoMLSimpleApplication@4d2b52eb
----------------- Done invoking toplevel() on ptolemy.moml.MoMLSimpleApplication@4d2b52eb
reloadAllAccessors: .BootstrapSampleDelay

===========================================================================================
----------------- testing Sat Oct 19 06:33:07 UTC 2019 /home/travis/build/icyphy/ptII/ptolemy/domains/sdf/lib/test/auto/Chop.xml
----------------- Instantiating /home/travis/build/icyphy/ptII/ptolemy/domains/sdf/lib/test/auto/Chop.xml
7 ms. Memory: 120832K Free: 70625K (58%)
----------------- Invoking toplevel() on ptolemy.moml.MoMLSimpleApplication@5b412584
----------------- Done invoking toplevel() on ptolemy.moml.MoMLSimpleApplication@5b412584
reloadAllAccessors: .Chop

===========================================================================================
----------------- testing Sat Oct 19 06:33:07 UTC 2019 /home/travis/build/icyphy/ptII/ptolemy/domains/sdf/lib/test/auto/Chop2.xml
----------------- Instantiating /home/travis/build/icyphy/ptII/ptolemy/domains/sdf/lib/test/auto/Chop2.xml
8 ms. Memory: 120832K Free: 64417K (53%)
----------------- Invoking toplevel() on ptolemy.moml.MoMLSimpleApplication@6a1bc35e
----------------- Done invoking toplevel() on ptolemy.moml.MoMLSimpleApplication@6a1bc35e
reloadAllAccessors: .Chop2

===========================================================================================
----------------- testing Sat Oct 19 06:33:07 UTC 2019 /home/travis/build/icyphy/ptII/ptolemy/domains/sdf/lib/test/auto/ComplexJoin.xml
----------------- Instantiating /home/travis/build/icyphy/ptII/ptolemy/domains/sdf/lib/test/auto/ComplexJoin.xml
4 ms. Memory: 120832K Free: 59677K (49%)
----------------- Invoking toplevel() on ptolemy.moml.MoMLSimpleApplication@76a47009
----------------- Done invoking toplevel() on ptolemy.moml.MoMLSimpleApplication@76a47009
reloadAllAccessors: .ComplexJoin

===========================================================================================
----------------- testing Sat Oct 19 06:33:07 UTC 2019 /home/travis/build/icyphy/ptII/ptolemy/domains/sdf/lib/test/auto/CountTrues.xml
----------------- Instantiating /home/travis/build/icyphy/ptII/ptolemy/domains/sdf/lib/test/auto/CountTrues.xml
3 ms. Memory: 158720K Free: 141471K (89%)
----------------- Invoking toplevel() on ptolemy.moml.MoMLSimpleApplication@4e40416c
----------------- Done invoking toplevel() on ptolemy.moml.MoMLSimpleApplication@4e40416c
reloadAllAccessors: .CountTrues

===========================================================================================
----------------- testing Sat Oct 19 06:33:07 UTC 2019 /home/travis/build/icyphy/ptII/ptolemy/domains/sdf/lib/test/auto/DelayLine.xml
----------------- Instantiating /home/travis/build/icyphy/ptII/ptolemy/domains/sdf/lib/test/auto/DelayLine.xml
7 ms. Memory: 158720K Free: 135975K (86%)
----------------- Invoking toplevel() on ptolemy.moml.MoMLSimpleApplication@39911f4e
----------------- Done invoking toplevel() on ptolemy.moml.MoMLSimpleApplication@39911f4e
reloadAllAccessors: .DelayLine

===========================================================================================
----------------- testing Sat Oct 19 06:33:07 UTC 2019 /home/travis/build/icyphy/ptII/ptolemy/domains/sdf/lib/test/auto/DotProduct.xml
----------------- Instantiating /home/travis/build/icyphy/ptII/ptolemy/domains/sdf/lib/test/auto/DotProduct.xml
7 ms. Memory: 158720K Free: 132941K (84%)
----------------- Invoking toplevel() on ptolemy.moml.MoMLSimpleApplication@7679e35a
----------------- Done invoking toplevel() on ptolemy.moml.MoMLSimpleApplication@7679e35a
reloadAllAccessors: .DotProduct

===========================================================================================
----------------- testing Sat Oct 19 06:33:07 UTC 2019 /home/travis/build/icyphy/ptII/ptolemy/domains/sdf/lib/test/auto/DotProductMatrix.xml
----------------- Instantiating /home/travis/build/icyphy/ptII/ptolemy/domains/sdf/lib/test/auto/DotProductMatrix.xml
5 ms. Memory: 158720K Free: 130247K (82%)
----------------- Invoking toplevel() on ptolemy.moml.MoMLSimpleApplication@76315c6b
----------------- Done invoking toplevel() on ptolemy.moml.MoMLSimpleApplication@76315c6b
reloadAllAccessors: .DotProductMatrix

===========================================================================================
----------------- testing Sat Oct 19 06:33:07 UTC 2019 /home/travis/build/icyphy/ptII/ptolemy/domains/sdf/lib/test/auto/DownSample1.xml
----------------- Instantiating /home/travis/build/icyphy/ptII/ptolemy/domains/sdf/lib/test/auto/DownSample1.xml
8 ms. Memory: 158720K Free: 126781K (80%)
----------------- Invoking toplevel() on ptolemy.moml.MoMLSimpleApplication@31bac2f
----------------- Done invoking toplevel() on ptolemy.moml.MoMLSimpleApplication@31bac2f
reloadAllAccessors: .DownSample1

===========================================================================================
----------------- testing Sat Oct 19 06:33:07 UTC 2019 /home/travis/build/icyphy/ptII/ptolemy/domains/sdf/lib/test/auto/DynamicRateChange.xml
----------------- Instantiating /home/travis/build/icyphy/ptII/ptolemy/domains/sdf/lib/test/auto/DynamicRateChange.xml
20 ms. Memory: 158720K Free: 121069K (76%)
----------------- Invoking toplevel() on ptolemy.moml.MoMLSimpleApplication@3315d960
----------------- Done invoking toplevel() on ptolemy.moml.MoMLSimpleApplication@3315d960
reloadAllAccessors: .DynamicRateChange

===========================================================================================
----------------- testing Sat Oct 19 06:33:07 UTC 2019 /home/travis/build/icyphy/ptII/ptolemy/domains/sdf/lib/test/auto/DynamicRates.xml
----------------- Instantiating /home/travis/build/icyphy/ptII/ptolemy/domains/sdf/lib/test/auto/DynamicRates.xml
18 ms. Memory: 158720K Free: 115533K (73%)
----------------- Invoking toplevel() on ptolemy.moml.MoMLSimpleApplication@3e138327
----------------- Done invoking toplevel() on ptolemy.moml.MoMLSimpleApplication@3e138327
reloadAllAccessors: .DynamicRates

===========================================================================================
----------------- testing Sat Oct 19 06:33:07 UTC 2019 /home/travis/build/icyphy/ptII/ptolemy/domains/sdf/lib/test/auto/FFT1.xml
----------------- Instantiating /home/travis/build/icyphy/ptII/ptolemy/domains/sdf/lib/test/auto/FFT1.xml
18 ms. Memory: 158720K Free: 111248K (70%)
----------------- Invoking toplevel() on ptolemy.moml.MoMLSimpleApplication@744eab17
----------------- Done invoking toplevel() on ptolemy.moml.MoMLSimpleApplication@744eab17
reloadAllAccessors: .FFT1

===========================================================================================
----------------- testing Sat Oct 19 06:33:07 UTC 2019 /home/travis/build/icyphy/ptII/ptolemy/domains/sdf/lib/test/auto/FIR1.xml
----------------- Instantiating /home/travis/build/icyphy/ptII/ptolemy/domains/sdf/lib/test/auto/FIR1.xml
24 ms. Memory: 158720K Free: 104269K (66%)
----------------- Invoking toplevel() on ptolemy.moml.MoMLSimpleApplication@63b6ad98
----------------- Done invoking toplevel() on ptolemy.moml.MoMLSimpleApplication@63b6ad98
reloadAllAccessors: .FIR1

===========================================================================================
----------------- testing Sat Oct 19 06:33:07 UTC 2019 /home/travis/build/icyphy/ptII/ptolemy/domains/sdf/lib/test/auto/FIR2.xml
----------------- Instantiating /home/travis/build/icyphy/ptII/ptolemy/domains/sdf/lib/test/auto/FIR2.xml
11 ms. Memory: 158720K Free: 101008K (64%)
----------------- Invoking toplevel() on ptolemy.moml.MoMLSimpleApplication@1792648f
----------------- Done invoking toplevel() on ptolemy.moml.MoMLSimpleApplication@1792648f
reloadAllAccessors: .FIR2

===========================================================================================
----------------- testing Sat Oct 19 06:33:07 UTC 2019 /home/travis/build/icyphy/ptII/ptolemy/domains/sdf/lib/test/auto/FIR4.xml
----------------- Instantiating /home/travis/build/icyphy/ptII/ptolemy/domains/sdf/lib/test/auto/FIR4.xml
8 ms. Memory: 158720K Free: 93421K (59%)
----------------- Invoking toplevel() on ptolemy.moml.MoMLSimpleApplication@5d4ed99
----------------- Done invoking toplevel() on ptolemy.moml.MoMLSimpleApplication@5d4ed99
reloadAllAccessors: .FIR4

===========================================================================================
----------------- testing Sat Oct 19 06:33:07 UTC 2019 /home/travis/build/icyphy/ptII/ptolemy/domains/sdf/lib/test/auto/FixJoin.xml
----------------- Instantiating /home/travis/build/icyphy/ptII/ptolemy/domains/sdf/lib/test/auto/FixJoin.xml
9 ms. Memory: 158720K Free: 88720K (56%)
----------------- Invoking toplevel() on ptolemy.moml.MoMLSimpleApplication@5f0f5957
----------------- Done invoking toplevel() on ptolemy.moml.MoMLSimpleApplication@5f0f5957
reloadAllAccessors: .FixJoin

===========================================================================================
----------------- testing Sat Oct 19 06:33:07 UTC 2019 /home/travis/build/icyphy/ptII/ptolemy/domains/sdf/lib/test/auto/IntJoin1.xml
----------------- Instantiating /home/travis/build/icyphy/ptII/ptolemy/domains/sdf/lib/test/auto/IntJoin1.xml
7 ms. Memory: 158720K Free: 84624K (53%)
----------------- Invoking toplevel() on ptolemy.moml.MoMLSimpleApplication@2ae03d0e
----------------- Done invoking toplevel() on ptolemy.moml.MoMLSimpleApplication@2ae03d0e
reloadAllAccessors: .IntJoin1

===========================================================================================
----------------- testing Sat Oct 19 06:33:08 UTC 2019 /home/travis/build/icyphy/ptII/ptolemy/domains/sdf/lib/test/auto/IntJoin2.xml
----------------- Instantiating /home/travis/build/icyphy/ptII/ptolemy/domains/sdf/lib/test/auto/IntJoin2.xml
5 ms. Memory: 158720K Free: 142112K (90%)
----------------- Invoking toplevel() on ptolemy.moml.MoMLSimpleApplication@17f07835
----------------- Done invoking toplevel() on ptolemy.moml.MoMLSimpleApplication@17f07835
reloadAllAccessors: .IntJoin2

===========================================================================================
----------------- testing Sat Oct 19 06:33:08 UTC 2019 /home/travis/build/icyphy/ptII/ptolemy/domains/sdf/lib/test/auto/IntJoin3.xml
----------------- Instantiating /home/travis/build/icyphy/ptII/ptolemy/domains/sdf/lib/test/auto/IntJoin3.xml
7 ms. Memory: 158720K Free: 137670K (87%)
----------------- Invoking toplevel() on ptolemy.moml.MoMLSimpleApplication@1203a54d
----------------- Done invoking toplevel() on ptolemy.moml.MoMLSimpleApplication@1203a54d
reloadAllAccessors: .IntJoin3

===========================================================================================
----------------- testing Sat Oct 19 06:33:08 UTC 2019 /home/travis/build/icyphy/ptII/ptolemy/domains/sdf/lib/test/auto/IntJoin4.xml
----------------- Instantiating /home/travis/build/icyphy/ptII/ptolemy/domains/sdf/lib/test/auto/IntJoin4.xml
6 ms. Memory: 158720K Free: 133050K (84%)
----------------- Invoking toplevel() on ptolemy.moml.MoMLSimpleApplication@3cb08d2e
----------------- Done invoking toplevel() on ptolemy.moml.MoMLSimpleApplication@3cb08d2e
reloadAllAccessors: .IntJoin4

===========================================================================================
----------------- testing Sat Oct 19 06:33:08 UTC 2019 /home/travis/build/icyphy/ptII/ptolemy/domains/sdf/lib/test/auto/IntJoin5.xml
----------------- Instantiating /home/travis/build/icyphy/ptII/ptolemy/domains/sdf/lib/test/auto/IntJoin5.xml
4 ms. Memory: 158720K Free: 128953K (81%)
----------------- Invoking toplevel() on ptolemy.moml.MoMLSimpleApplication@60b6bc14
----------------- Done invoking toplevel() on ptolemy.moml.MoMLSimpleApplication@60b6bc14
reloadAllAccessors: .IntJoin5

===========================================================================================
----------------- testing Sat Oct 19 06:33:08 UTC 2019 /home/travis/build/icyphy/ptII/ptolemy/domains/sdf/lib/test/auto/IntToBits.xml
----------------- Instantiating /home/travis/build/icyphy/ptII/ptolemy/domains/sdf/lib/test/auto/IntToBits.xml
11 ms. Memory: 158720K Free: 125357K (79%)
----------------- Invoking toplevel() on ptolemy.moml.MoMLSimpleApplication@14fb25c0
----------------- Done invoking toplevel() on ptolemy.moml.MoMLSimpleApplication@14fb25c0
reloadAllAccessors: .IntToBits

===========================================================================================
----------------- testing Sat Oct 19 06:33:08 UTC 2019 /home/travis/build/icyphy/ptII/ptolemy/domains/sdf/lib/test/auto/LMSAdaptive.xml
----------------- Instantiating /home/travis/build/icyphy/ptII/ptolemy/domains/sdf/lib/test/auto/LMSAdaptive.xml
14 ms. Memory: 158720K Free: 117165K (74%)
----------------- Invoking toplevel() on ptolemy.moml.MoMLSimpleApplication@60f4b620
----------------- Done invoking toplevel() on ptolemy.moml.MoMLSimpleApplication@60f4b620
reloadAllAccessors: .LMSAdaptive

===========================================================================================
----------------- testing Sat Oct 19 06:33:08 UTC 2019 /home/travis/build/icyphy/ptII/ptolemy/domains/sdf/lib/test/auto/LMSAdaptiveFIR.xml
----------------- Instantiating /home/travis/build/icyphy/ptII/ptolemy/domains/sdf/lib/test/auto/LMSAdaptiveFIR.xml
360 ms. Memory: 158720K Free: 82374K (52%)
----------------- Invoking toplevel() on ptolemy.moml.MoMLSimpleApplication@611c8269
----------------- Done invoking toplevel() on ptolemy.moml.MoMLSimpleApplication@611c8269
reloadAllAccessors: .LMSAdaptiveFIR

===========================================================================================
----------------- testing Sat Oct 19 06:33:08 UTC 2019 /home/travis/build/icyphy/ptII/ptolemy/domains/sdf/lib/test/auto/LMSAdaptiveFIR2.xml
----------------- Instantiating /home/travis/build/icyphy/ptII/ptolemy/domains/sdf/lib/test/auto/LMSAdaptiveFIR2.xml
394 ms. Memory: 158720K Free: 98493K (62%)
----------------- Invoking toplevel() on ptolemy.moml.MoMLSimpleApplication@6b5f4b39
----------------- Done invoking toplevel() on ptolemy.moml.MoMLSimpleApplication@6b5f4b39
reloadAllAccessors: .LMSAdaptiveFIR2

===========================================================================================
----------------- testing Sat Oct 19 06:33:09 UTC 2019 /home/travis/build/icyphy/ptII/ptolemy/domains/sdf/lib/test/auto/LongJoin.xml
----------------- Instantiating /home/travis/build/icyphy/ptII/ptolemy/domains/sdf/lib/test/auto/LongJoin.xml
3 ms. Memory: 158720K Free: 93887K (59%)
----------------- Invoking toplevel() on ptolemy.moml.MoMLSimpleApplication@2a652b1d
----------------- Done invoking toplevel() on ptolemy.moml.MoMLSimpleApplication@2a652b1d
reloadAllAccessors: .LongJoin

===========================================================================================
----------------- testing Sat Oct 19 06:33:09 UTC 2019 /home/travis/build/icyphy/ptII/ptolemy/domains/sdf/lib/test/auto/Matrix1.xml
----------------- Instantiating /home/travis/build/icyphy/ptII/ptolemy/domains/sdf/lib/test/auto/Matrix1.xml
4 ms. Memory: 158720K Free: 89791K (57%)
----------------- Invoking toplevel() on ptolemy.moml.MoMLSimpleApplication@21929952
----------------- Done invoking toplevel() on ptolemy.moml.MoMLSimpleApplication@21929952
reloadAllAccessors: .Matrix1

===========================================================================================
----------------- testing Sat Oct 19 06:33:09 UTC 2019 /home/travis/build/icyphy/ptII/ptolemy/domains/sdf/lib/test/auto/Matrix2.xml
----------------- Instantiating /home/travis/build/icyphy/ptII/ptolemy/domains/sdf/lib/test/auto/Matrix2.xml
5 ms. Memory: 158720K Free: 86205K (54%)
----------------- Invoking toplevel() on ptolemy.moml.MoMLSimpleApplication@6b802c65
----------------- Done invoking toplevel() on ptolemy.moml.MoMLSimpleApplication@6b802c65
reloadAllAccessors: .Matrix2

===========================================================================================
----------------- testing Sat Oct 19 06:33:09 UTC 2019 /home/travis/build/icyphy/ptII/ptolemy/domains/sdf/lib/test/auto/MatrixJoin1.xml
----------------- Instantiating /home/travis/build/icyphy/ptII/ptolemy/domains/sdf/lib/test/auto/MatrixJoin1.xml
3 ms. Memory: 158720K Free: 81599K (51%)
----------------- Invoking toplevel() on ptolemy.moml.MoMLSimpleApplication@667ab23c
----------------- Done invoking toplevel() on ptolemy.moml.MoMLSimpleApplication@667ab23c
reloadAllAccessors: .MatrixJoin1

===========================================================================================
----------------- testing Sat Oct 19 06:33:09 UTC 2019 /home/travis/build/icyphy/ptII/ptolemy/domains/sdf/lib/test/auto/MatrixJoin2.xml
----------------- Instantiating /home/travis/build/icyphy/ptII/ptolemy/domains/sdf/lib/test/auto/MatrixJoin2.xml
3 ms. Memory: 158720K Free: 76989K (49%)
----------------- Invoking toplevel() on ptolemy.moml.MoMLSimpleApplication@4728552
----------------- Done invoking toplevel() on ptolemy.moml.MoMLSimpleApplication@4728552
reloadAllAccessors: .MatrixJoin2

===========================================================================================
----------------- testing Sat Oct 19 06:33:09 UTC 2019 /home/travis/build/icyphy/ptII/ptolemy/domains/sdf/lib/test/auto/MatrixJoin3.xml
----------------- Instantiating /home/travis/build/icyphy/ptII/ptolemy/domains/sdf/lib/test/auto/MatrixJoin3.xml
9 ms. Memory: 158720K Free: 72893K (46%)
----------------- Invoking toplevel() on ptolemy.moml.MoMLSimpleApplication@54a366e6
----------------- Done invoking toplevel() on ptolemy.moml.MoMLSimpleApplication@54a366e6
reloadAllAccessors: .MatrixJoin3

===========================================================================================
----------------- testing Sat Oct 19 06:33:09 UTC 2019 /home/travis/build/icyphy/ptII/ptolemy/domains/sdf/lib/test/auto/MatrixJoin4.xml
----------------- Instantiating /home/travis/build/icyphy/ptII/ptolemy/domains/sdf/lib/test/auto/MatrixJoin4.xml
3 ms. Memory: 158720K Free: 68287K (43%)
----------------- Invoking toplevel() on ptolemy.moml.MoMLSimpleApplication@2b427e0d
----------------- Done invoking toplevel() on ptolemy.moml.MoMLSimpleApplication@2b427e0d
reloadAllAccessors: .MatrixJoin4

===========================================================================================
----------------- testing Sat Oct 19 06:33:09 UTC 2019 /home/travis/build/icyphy/ptII/ptolemy/domains/sdf/lib/test/auto/MatrixJoin5.xml
----------------- Instantiating /home/travis/build/icyphy/ptII/ptolemy/domains/sdf/lib/test/auto/MatrixJoin5.xml
13 ms. Memory: 158720K Free: 143310K (90%)
----------------- Invoking toplevel() on ptolemy.moml.MoMLSimpleApplication@f0e2095
----------------- Done invoking toplevel() on ptolemy.moml.MoMLSimpleApplication@f0e2095
reloadAllAccessors: .MatrixJoin5

===========================================================================================
----------------- testing Sat Oct 19 06:33:09 UTC 2019 /home/travis/build/icyphy/ptII/ptolemy/domains/sdf/lib/test/auto/MatrixSplit1.xml
----------------- Instantiating /home/travis/build/icyphy/ptII/ptolemy/domains/sdf/lib/test/auto/MatrixSplit1.xml
3 ms. Memory: 158720K Free: 137166K (86%)
----------------- Invoking toplevel() on ptolemy.moml.MoMLSimpleApplication@4a1322c7
----------------- Done invoking toplevel() on ptolemy.moml.MoMLSimpleApplication@4a1322c7
reloadAllAccessors: .MatrixSplit1

===========================================================================================
----------------- testing Sat Oct 19 06:33:09 UTC 2019 /home/travis/build/icyphy/ptII/ptolemy/domains/sdf/lib/test/auto/MatrixSplit10.xml
----------------- Instantiating /home/travis/build/icyphy/ptII/ptolemy/domains/sdf/lib/test/auto/MatrixSplit10.xml
4 ms. Memory: 158720K Free: 133584K (84%)
----------------- Invoking toplevel() on ptolemy.moml.MoMLSimpleApplication@64790980
----------------- Done invoking toplevel() on ptolemy.moml.MoMLSimpleApplication@64790980
reloadAllAccessors: .MatrixSplit10

===========================================================================================
----------------- testing Sat Oct 19 06:33:09 UTC 2019 /home/travis/build/icyphy/ptII/ptolemy/domains/sdf/lib/test/auto/MatrixSplit11.xml
----------------- Instantiating /home/travis/build/icyphy/ptII/ptolemy/domains/sdf/lib/test/auto/MatrixSplit11.xml
3 ms. Memory: 158720K Free: 129998K (82%)
----------------- Invoking toplevel() on ptolemy.moml.MoMLSimpleApplication@64bad79b
----------------- Done invoking toplevel() on ptolemy.moml.MoMLSimpleApplication@64bad79b
reloadAllAccessors: .MatrixSplit11

===========================================================================================
----------------- testing Sat Oct 19 06:33:09 UTC 2019 /home/travis/build/icyphy/ptII/ptolemy/domains/sdf/lib/test/auto/MatrixSplit12.xml
----------------- Instantiating /home/travis/build/icyphy/ptII/ptolemy/domains/sdf/lib/test/auto/MatrixSplit12.xml
3 ms. Memory: 158720K Free: 126416K (80%)
----------------- Invoking toplevel() on ptolemy.moml.MoMLSimpleApplication@6d65a2c3
----------------- Done invoking toplevel() on ptolemy.moml.MoMLSimpleApplication@6d65a2c3
reloadAllAccessors: .MatrixSplit12

===========================================================================================
----------------- testing Sat Oct 19 06:33:09 UTC 2019 /home/travis/build/icyphy/ptII/ptolemy/domains/sdf/lib/test/auto/MatrixSplit13.xml
----------------- Instantiating /home/travis/build/icyphy/ptII/ptolemy/domains/sdf/lib/test/auto/MatrixSplit13.xml
2 ms. Memory: 158720K Free: 122830K (77%)
----------------- Invoking toplevel() on ptolemy.moml.MoMLSimpleApplication@75bd5b66
----------------- Done invoking toplevel() on ptolemy.moml.MoMLSimpleApplication@75bd5b66
reloadAllAccessors: .MatrixSplit13

===========================================================================================
----------------- testing Sat Oct 19 06:33:09 UTC 2019 /home/travis/build/icyphy/ptII/ptolemy/domains/sdf/lib/test/auto/MatrixSplit14.xml
----------------- Instantiating /home/travis/build/icyphy/ptII/ptolemy/domains/sdf/lib/test/auto/MatrixSplit14.xml
3 ms. Memory: 158720K Free: 119248K (75%)
----------------- Invoking toplevel() on ptolemy.moml.MoMLSimpleApplication@69bd9175
----------------- Done invoking toplevel() on ptolemy.moml.MoMLSimpleApplication@69bd9175
reloadAllAccessors: .MatrixSplit14

===========================================================================================
----------------- testing Sat Oct 19 06:33:09 UTC 2019 /home/travis/build/icyphy/ptII/ptolemy/domains/sdf/lib/test/auto/MatrixSplit2.xml
----------------- Instantiating /home/travis/build/icyphy/ptII/ptolemy/domains/sdf/lib/test/auto/MatrixSplit2.xml
2 ms. Memory: 158720K Free: 115662K (73%)
----------------- Invoking toplevel() on ptolemy.moml.MoMLSimpleApplication@52efb0d1
----------------- Done invoking toplevel() on ptolemy.moml.MoMLSimpleApplication@52efb0d1
reloadAllAccessors: .MatrixSplit2

===========================================================================================
----------------- testing Sat Oct 19 06:33:09 UTC 2019 /home/travis/build/icyphy/ptII/ptolemy/domains/sdf/lib/test/auto/MatrixSplit3.xml
----------------- Instantiating /home/travis/build/icyphy/ptII/ptolemy/domains/sdf/lib/test/auto/MatrixSplit3.xml
1 ms. Memory: 158720K Free: 112080K (71%)
----------------- Invoking toplevel() on ptolemy.moml.MoMLSimpleApplication@7b685c31
----------------- Done invoking toplevel() on ptolemy.moml.MoMLSimpleApplication@7b685c31
reloadAllAccessors: .MatrixSplit3

===========================================================================================
----------------- testing Sat Oct 19 06:33:09 UTC 2019 /home/travis/build/icyphy/ptII/ptolemy/domains/sdf/lib/test/auto/MatrixSplit4.xml
----------------- Instantiating /home/travis/build/icyphy/ptII/ptolemy/domains/sdf/lib/test/auto/MatrixSplit4.xml
2 ms. Memory: 158720K Free: 109008K (69%)
----------------- Invoking toplevel() on ptolemy.moml.MoMLSimpleApplication@26dc83bf
----------------- Done invoking toplevel() on ptolemy.moml.MoMLSimpleApplication@26dc83bf
reloadAllAccessors: .MatrixSplit4

===========================================================================================
----------------- testing Sat Oct 19 06:33:09 UTC 2019 /home/travis/build/icyphy/ptII/ptolemy/domains/sdf/lib/test/auto/MatrixSplit5.xml
----------------- Instantiating /home/travis/build/icyphy/ptII/ptolemy/domains/sdf/lib/test/auto/MatrixSplit5.xml
7 ms. Memory: 158720K Free: 105422K (66%)
----------------- Invoking toplevel() on ptolemy.moml.MoMLSimpleApplication@4f7b18b2
----------------- Done invoking toplevel() on ptolemy.moml.MoMLSimpleApplication@4f7b18b2
reloadAllAccessors: .MatrixSplit5

===========================================================================================
----------------- testing Sat Oct 19 06:33:09 UTC 2019 /home/travis/build/icyphy/ptII/ptolemy/domains/sdf/lib/test/auto/MatrixSplit6.xml
----------------- Instantiating /home/travis/build/icyphy/ptII/ptolemy/domains/sdf/lib/test/auto/MatrixSplit6.xml
2 ms. Memory: 158720K Free: 101840K (64%)
----------------- Invoking toplevel() on ptolemy.moml.MoMLSimpleApplication@70c8ca80
----------------- Done invoking toplevel() on ptolemy.moml.MoMLSimpleApplication@70c8ca80
reloadAllAccessors: .MatrixSplit6

===========================================================================================
----------------- testing Sat Oct 19 06:33:09 UTC 2019 /home/travis/build/icyphy/ptII/ptolemy/domains/sdf/lib/test/auto/MatrixSplit7.xml
----------------- Instantiating /home/travis/build/icyphy/ptII/ptolemy/domains/sdf/lib/test/auto/MatrixSplit7.xml
1 ms. Memory: 158720K Free: 98254K (62%)
----------------- Invoking toplevel() on ptolemy.moml.MoMLSimpleApplication@389622a2
----------------- Done invoking toplevel() on ptolemy.moml.MoMLSimpleApplication@389622a2
reloadAllAccessors: .MatrixSplit7

===========================================================================================
----------------- testing Sat Oct 19 06:33:09 UTC 2019 /home/travis/build/icyphy/ptII/ptolemy/domains/sdf/lib/test/auto/MatrixSplit8.xml
----------------- Instantiating /home/travis/build/icyphy/ptII/ptolemy/domains/sdf/lib/test/auto/MatrixSplit8.xml
2 ms. Memory: 158720K Free: 94672K (60%)
----------------- Invoking toplevel() on ptolemy.moml.MoMLSimpleApplication@16183ffb
----------------- Done invoking toplevel() on ptolemy.moml.MoMLSimpleApplication@16183ffb
reloadAllAccessors: .MatrixSplit8

===========================================================================================
----------------- testing Sat Oct 19 06:33:09 UTC 2019 /home/travis/build/icyphy/ptII/ptolemy/domains/sdf/lib/test/auto/MatrixSplit9.xml
----------------- Instantiating /home/travis/build/icyphy/ptII/ptolemy/domains/sdf/lib/test/auto/MatrixSplit9.xml
4 ms. Memory: 158720K Free: 91086K (57%)
----------------- Invoking toplevel() on ptolemy.moml.MoMLSimpleApplication@53d2205c
----------------- Done invoking toplevel() on ptolemy.moml.MoMLSimpleApplication@53d2205c
reloadAllAccessors: .MatrixSplit9

===========================================================================================
----------------- testing Sat Oct 19 06:33:09 UTC 2019 /home/travis/build/icyphy/ptII/ptolemy/domains/sdf/lib/test/auto/MatrixToSequence.xml
----------------- Instantiating /home/travis/build/icyphy/ptII/ptolemy/domains/sdf/lib/test/auto/MatrixToSequence.xml
10 ms. Memory: 158720K Free: 82382K (52%)
----------------- Invoking toplevel() on ptolemy.moml.MoMLSimpleApplication@5769f250
----------------- Done invoking toplevel() on ptolemy.moml.MoMLSimpleApplication@5769f250
reloadAllAccessors: .MatrixToSequence

===========================================================================================
----------------- testing Sat Oct 19 06:33:09 UTC 2019 /home/travis/build/icyphy/ptII/ptolemy/domains/sdf/lib/test/auto/MaximumEntropySpectrum.xml
----------------- Instantiating /home/travis/build/icyphy/ptII/ptolemy/domains/sdf/lib/test/auto/MaximumEntropySpectrum.xml
19 ms. Memory: 158720K Free: 61390K (39%)
----------------- Invoking toplevel() on ptolemy.moml.MoMLSimpleApplication@680ef434
----------------- Done invoking toplevel() on ptolemy.moml.MoMLSimpleApplication@680ef434
reloadAllAccessors: .MaximumEntropySpectrum

===========================================================================================
----------------- testing Sat Oct 19 06:33:10 UTC 2019 /home/travis/build/icyphy/ptII/ptolemy/domains/sdf/lib/test/auto/SampleDelayConversion.xml
----------------- Instantiating /home/travis/build/icyphy/ptII/ptolemy/domains/sdf/lib/test/auto/SampleDelayConversion.xml
2 ms. Memory: 158720K Free: 141755K (89%)
----------------- Invoking toplevel() on ptolemy.moml.MoMLSimpleApplication@144c191
----------------- Done invoking toplevel() on ptolemy.moml.MoMLSimpleApplication@144c191
reloadAllAccessors: .SampleDelayConversion

===========================================================================================
----------------- testing Sat Oct 19 06:33:10 UTC 2019 /home/travis/build/icyphy/ptII/ptolemy/domains/sdf/lib/test/auto/SequenceToArray.xml
----------------- Instantiating /home/travis/build/icyphy/ptII/ptolemy/domains/sdf/lib/test/auto/SequenceToArray.xml
9 ms. Memory: 158720K Free: 130491K (82%)
----------------- Invoking toplevel() on ptolemy.moml.MoMLSimpleApplication@6da7001d
----------------- Done invoking toplevel() on ptolemy.moml.MoMLSimpleApplication@6da7001d
reloadAllAccessors: .SequenceToArray

===========================================================================================
----------------- testing Sat Oct 19 06:33:10 UTC 2019 /home/travis/build/icyphy/ptII/ptolemy/domains/sdf/lib/test/auto/SequenceToMatrix.xml
----------------- Instantiating /home/travis/build/icyphy/ptII/ptolemy/domains/sdf/lib/test/auto/SequenceToMatrix.xml
4156 ms. Memory: 158720K Free: 143208K (90%)
----------------- Invoking toplevel() on ptolemy.moml.MoMLSimpleApplication@50ab8882
----------------- Done invoking toplevel() on ptolemy.moml.MoMLSimpleApplication@50ab8882
reloadAllAccessors: .SequenceToMatrix

===========================================================================================
----------------- testing Sat Oct 19 06:33:14 UTC 2019 /home/travis/build/icyphy/ptII/ptolemy/domains/sdf/lib/test/auto/SmoothedPeriodogram.xml
----------------- Instantiating /home/travis/build/icyphy/ptII/ptolemy/domains/sdf/lib/test/auto/SmoothedPeriodogram.xml
9 ms. Memory: 158720K Free: 127848K (81%)
----------------- Invoking toplevel() on ptolemy.moml.MoMLSimpleApplication@1c36c8fe
----------------- Done invoking toplevel() on ptolemy.moml.MoMLSimpleApplication@1c36c8fe
reloadAllAccessors: .SmoothedPeriodogram

===========================================================================================
----------------- testing Sat Oct 19 06:33:14 UTC 2019 /home/travis/build/icyphy/ptII/ptolemy/domains/sdf/lib/test/auto/UpDownSample1.xml
----------------- Instantiating /home/travis/build/icyphy/ptII/ptolemy/domains/sdf/lib/test/auto/UpDownSample1.xml
4 ms. Memory: 158720K Free: 123752K (78%)
----------------- Invoking toplevel() on ptolemy.moml.MoMLSimpleApplication@36f9afbb
----------------- Done invoking toplevel() on ptolemy.moml.MoMLSimpleApplication@36f9afbb
reloadAllAccessors: .UpDownSample1

===========================================================================================
----------------- testing Sat Oct 19 06:33:14 UTC 2019 /home/travis/build/icyphy/ptII/ptolemy/domains/sdf/lib/test/auto/UpSample1.xml
----------------- Instantiating /home/travis/build/icyphy/ptII/ptolemy/domains/sdf/lib/test/auto/UpSample1.xml
3 ms. Memory: 158720K Free: 120170K (76%)
----------------- Invoking toplevel() on ptolemy.moml.MoMLSimpleApplication@32937b97
----------------- Done invoking toplevel() on ptolemy.moml.MoMLSimpleApplication@32937b97
reloadAllAccessors: .UpSample1

===========================================================================================
----------------- testing Sat Oct 19 06:33:14 UTC 2019 /home/travis/build/icyphy/ptII/ptolemy/domains/sdf/lib/test/auto/VariableFIR.xml
----------------- Instantiating /home/travis/build/icyphy/ptII/ptolemy/domains/sdf/lib/test/auto/VariableFIR.xml
5 ms. Memory: 158720K Free: 115050K (72%)
----------------- Invoking toplevel() on ptolemy.moml.MoMLSimpleApplication@285af591
----------------- Done invoking toplevel() on ptolemy.moml.MoMLSimpleApplication@285af591
reloadAllAccessors: .VariableFIR

===========================================================================================
----------------- testing Sat Oct 19 06:33:14 UTC 2019 /home/travis/build/icyphy/ptII/ptolemy/domains/sdf/lib/test/auto/VariableFIR2.xml
----------------- Instantiating /home/travis/build/icyphy/ptII/ptolemy/domains/sdf/lib/test/auto/VariableFIR2.xml
3 ms. Memory: 158720K Free: 109930K (69%)
----------------- Invoking toplevel() on ptolemy.moml.MoMLSimpleApplication@662642b8
----------------- Done invoking toplevel() on ptolemy.moml.MoMLSimpleApplication@662642b8
reloadAllAccessors: .VariableFIR2

===========================================================================================
----------------- testing Sat Oct 19 06:33:14 UTC 2019 /home/travis/build/icyphy/ptII/ptolemy/domains/sdf/lib/test/auto/VariableLattice.xml
----------------- Instantiating /home/travis/build/icyphy/ptII/ptolemy/domains/sdf/lib/test/auto/VariableLattice.xml
4 ms. Memory: 158720K Free: 103786K (65%)
----------------- Invoking toplevel() on ptolemy.moml.MoMLSimpleApplication@2d4159c9
----------------- Done invoking toplevel() on ptolemy.moml.MoMLSimpleApplication@2d4159c9
reloadAllAccessors: .VariableLattice

===========================================================================================
----------------- testing Sat Oct 19 06:33:14 UTC 2019 /home/travis/build/icyphy/ptII/ptolemy/domains/sdf/lib/test/auto/VariableLattice2.xml
----------------- Instantiating /home/travis/build/icyphy/ptII/ptolemy/domains/sdf/lib/test/auto/VariableLattice2.xml
1.0
-1.999999602036
1.9099998677481
-0.9099996420674
0.205
0.0
0.0
1.0
-0.25
-0.5
0.0
0.0
0.0
0.0
4 ms. Memory: 158720K Free: 99176K (62%)
----------------- Invoking toplevel() on ptolemy.moml.MoMLSimpleApplication@fd71ed0
----------------- Done invoking toplevel() on ptolemy.moml.MoMLSimpleApplication@fd71ed0
reloadAllAccessors: .VariableLattice2

===========================================================================================
----------------- testing Sat Oct 19 06:33:14 UTC 2019 /home/travis/build/icyphy/ptII/ptolemy/domains/sdf/lib/test/auto/VariableRecursiveLattice.xml
----------------- Instantiating /home/travis/build/icyphy/ptII/ptolemy/domains/sdf/lib/test/auto/VariableRecursiveLattice.xml
7 ms. Memory: 158720K Free: 94570K (60%)
----------------- Invoking toplevel() on ptolemy.moml.MoMLSimpleApplication@4f16ad34
----------------- Done invoking toplevel() on ptolemy.moml.MoMLSimpleApplication@4f16ad34
reloadAllAccessors: .VariableRecursiveLattice

===========================================================================================
----------------- testing Sat Oct 19 06:33:14 UTC 2019 /home/travis/build/icyphy/ptII/ptolemy/domains/sdf/lib/test/auto/VariableRecursiveLattice2.xml
----------------- Instantiating /home/travis/build/icyphy/ptII/ptolemy/domains/sdf/lib/test/auto/VariableRecursiveLattice2.xml
5 ms. Memory: 158720K Free: 89960K (57%)
----------------- Invoking toplevel() on ptolemy.moml.MoMLSimpleApplication@2c60cfa9
----------------- Done invoking toplevel() on ptolemy.moml.MoMLSimpleApplication@2c60cfa9
reloadAllAccessors: .VariableRecursiveLattice2
AutoTests.java: About to close Vertx.
AutoTests.java: Vertx closed.
]]></system-out>
  <system-err><![CDATA[]]></system-err>
</testsuite>
