<?xml version="1.0" encoding="UTF-8" ?>
<testsuite errors="0" failures="0" hostname="travis-job-991f7f2c-c392-4794-8ac5-c6fc9a5a5506" name="ptolemy.domains.de.test.junit.JUnitTclTest" skipped="0" tests="101" time="129.36" timestamp="2019-11-21T06:15:42">
  <properties>
[...]
</properties>
  <testcase classname="ptolemy.util.test.junit.TclTests" name="[0] /home/travis/build/icyphy/ptII/ptolemy/domains/de/test/DependencyLoop.tcl (RunTclFile)" time="0.981" />
  <testcase classname="ptolemy.util.test.junit.TclTests" name="[1] /home/travis/build/icyphy/ptII/ptolemy/domains/de/test/RunDETestsAsQSS.tcl (RunTclFile)" time="87.257" />
  <testcase classname="ptolemy.util.test.junit.AutoKnownFailedTests" name="[0] /home/travis/build/icyphy/ptII/ptolemy/domains/de/test/auto/knownFailedTests/DESDFClockTest.xml (RunModel)" time="2.04" />
  <testcase classname="ptolemy.util.test.junit.AutoKnownFailedTests" name="[1] /home/travis/build/icyphy/ptII/ptolemy/domains/de/test/auto/knownFailedTests/DirectFeedback.xml (RunModel)" time="0.026" />
  <testcase classname="ptolemy.util.test.junit.AutoKnownFailedTests" name="[2] /home/travis/build/icyphy/ptII/ptolemy/domains/de/test/auto/knownFailedTests/FSMSource.xml (RunModel)" time="0.024" />
  <testcase classname="ptolemy.util.test.junit.AutoKnownFailedTests" name="[3] /home/travis/build/icyphy/ptII/ptolemy/domains/de/test/auto/knownFailedTests/HierarchicalModel.xml (RunModel)" time="0.045" />
  <testcase classname="ptolemy.util.test.junit.AutoKnownFailedTests" name="[4] /home/travis/build/icyphy/ptII/ptolemy/domains/de/test/auto/knownFailedTests/dependencyLoop.xml (RunModel)" time="0.041" />
  <testcase classname="ptolemy.util.test.junit.AutoKnownFailedTests" name="[5] /home/travis/build/icyphy/ptII/ptolemy/domains/de/test/auto/knownFailedTests/dependencyLoop2.xml (RunModel)" time="0.035" />
  <testcase classname="ptolemy.util.test.junit.AutoNameArchTests" name="[0] ThereAreNoAutoArchTests (RunModel)" time="0.002" />
  <testcase classname="ptolemy.util.test.junit.AutoTests" name="[0] /home/travis/build/icyphy/ptII/ptolemy/domains/de/test/auto/ActorDepthCalculation_actorWithoutPorts.xml (RunModel)" time="0.015" />
  <testcase classname="ptolemy.util.test.junit.AutoTests" name="[1] /home/travis/build/icyphy/ptII/ptolemy/domains/de/test/auto/AssemblyLine.xml (RunModel)" time="0.024" />
  <testcase classname="ptolemy.util.test.junit.AutoTests" name="[2] /home/travis/build/icyphy/ptII/ptolemy/domains/de/test/auto/CQBug1.xml (RunModel)" time="0.014" />
  <testcase classname="ptolemy.util.test.junit.AutoTests" name="[3] /home/travis/build/icyphy/ptII/ptolemy/domains/de/test/auto/CancelFireAt.xml (RunModel)" time="0.015" />
  <testcase classname="ptolemy.util.test.junit.AutoTests" name="[4] /home/travis/build/icyphy/ptII/ptolemy/domains/de/test/auto/CausalityAndComposabilityAnalysis.xml (RunModel)" time="0.009" />
  <testcase classname="ptolemy.util.test.junit.AutoTests" name="[5] /home/travis/build/icyphy/ptII/ptolemy/domains/de/test/auto/CausalityInterface1.xml (RunModel)" time="0.012" />
  <testcase classname="ptolemy.util.test.junit.AutoTests" name="[6] /home/travis/build/icyphy/ptII/ptolemy/domains/de/test/auto/CausalityInterface15.xml (RunModel)" time="0.02" />
  <testcase classname="ptolemy.util.test.junit.AutoTests" name="[7] /home/travis/build/icyphy/ptII/ptolemy/domains/de/test/auto/CausalityInterface2.xml (RunModel)" time="0.014" />
  <testcase classname="ptolemy.util.test.junit.AutoTests" name="[8] /home/travis/build/icyphy/ptII/ptolemy/domains/de/test/auto/CausalityInterface3.xml (RunModel)" time="0.012" />
  <testcase classname="ptolemy.util.test.junit.AutoTests" name="[9] /home/travis/build/icyphy/ptII/ptolemy/domains/de/test/auto/ClockDrift.xml (RunModel)" time="0.037" />
  <testcase classname="ptolemy.util.test.junit.AutoTests" name="[10] /home/travis/build/icyphy/ptII/ptolemy/domains/de/test/auto/ClockDriftAndValueChange.xml (RunModel)" time="0.03" />
  <testcase classname="ptolemy.util.test.junit.AutoTests" name="[11] /home/travis/build/icyphy/ptII/ptolemy/domains/de/test/auto/ClockDriftChange.xml (RunModel)" time="0.031" />
  <testcase classname="ptolemy.util.test.junit.AutoTests" name="[12] /home/travis/build/icyphy/ptII/ptolemy/domains/de/test/auto/ComposableCausalityAnalysis.xml (RunModel)" time="0.013" />
  <testcase classname="ptolemy.util.test.junit.AutoTests" name="[13] /home/travis/build/icyphy/ptII/ptolemy/domains/de/test/auto/DEFixedPointLimitation.xml (RunModel)" time="0.013" />
  <testcase classname="ptolemy.util.test.junit.AutoTests" name="[14] /home/travis/build/icyphy/ptII/ptolemy/domains/de/test/auto/DEScheduleTest.xml (RunModel)" time="0.013" />
  <testcase classname="ptolemy.util.test.junit.AutoTests" name="[15] /home/travis/build/icyphy/ptII/ptolemy/domains/de/test/auto/DEinDEwithStartTimes.xml (RunModel)" time="0.013" />
  <testcase classname="ptolemy.util.test.junit.AutoTests" name="[16] /home/travis/build/icyphy/ptII/ptolemy/domains/de/test/auto/DEinDEwithStartTimes2.xml (RunModel)" time="0.015" />
  <testcase classname="ptolemy.util.test.junit.AutoTests" name="[17] /home/travis/build/icyphy/ptII/ptolemy/domains/de/test/auto/DateDemo.xml (RunModel)" time="0.032" />
  <testcase classname="ptolemy.util.test.junit.AutoTests" name="[18] /home/travis/build/icyphy/ptII/ptolemy/domains/de/test/auto/DateToEvent.xml (RunModel)" time="2.04" />
  <testcase classname="ptolemy.util.test.junit.AutoTests" name="[19] /home/travis/build/icyphy/ptII/ptolemy/domains/de/test/auto/DepthTest1.xml (RunModel)" time="0.01" />
  <testcase classname="ptolemy.util.test.junit.AutoTests" name="[20] /home/travis/build/icyphy/ptII/ptolemy/domains/de/test/auto/DepthTest2.xml (RunModel)" time="0.02" />
  <testcase classname="ptolemy.util.test.junit.AutoTests" name="[21] /home/travis/build/icyphy/ptII/ptolemy/domains/de/test/auto/DepthTest3.xml (RunModel)" time="0.016" />
  <testcase classname="ptolemy.util.test.junit.AutoTests" name="[22] /home/travis/build/icyphy/ptII/ptolemy/domains/de/test/auto/DepthTest4.xml (RunModel)" time="0.019" />
  <testcase classname="ptolemy.util.test.junit.AutoTests" name="[23] /home/travis/build/icyphy/ptII/ptolemy/domains/de/test/auto/DepthTest5.xml (RunModel)" time="0.017" />
  <testcase classname="ptolemy.util.test.junit.AutoTests" name="[24] /home/travis/build/icyphy/ptII/ptolemy/domains/de/test/auto/DepthTest6.xml (RunModel)" time="0.013" />
  <testcase classname="ptolemy.util.test.junit.AutoTests" name="[25] /home/travis/build/icyphy/ptII/ptolemy/domains/de/test/auto/DepthTest7.xml (RunModel)" time="0.015" />
  <testcase classname="ptolemy.util.test.junit.AutoTests" name="[26] /home/travis/build/icyphy/ptII/ptolemy/domains/de/test/auto/EventToDate.xml (RunModel)" time="3.037" />
  <testcase classname="ptolemy.util.test.junit.AutoTests" name="[27] /home/travis/build/icyphy/ptII/ptolemy/domains/de/test/auto/FSM1.xml (RunModel)" time="0.051" />
  <testcase classname="ptolemy.util.test.junit.AutoTests" name="[28] /home/travis/build/icyphy/ptII/ptolemy/domains/de/test/auto/FSM7.xml (RunModel)" time="0.038" />
  <testcase classname="ptolemy.util.test.junit.AutoTests" name="[29] /home/travis/build/icyphy/ptII/ptolemy/domains/de/test/auto/Inspection.xml (RunModel)" time="0.044" />
  <testcase classname="ptolemy.util.test.junit.AutoTests" name="[30] /home/travis/build/icyphy/ptII/ptolemy/domains/de/test/auto/Iteration.xml (RunModel)" time="0.022" />
  <testcase classname="ptolemy.util.test.junit.AutoTests" name="[31] /home/travis/build/icyphy/ptII/ptolemy/domains/de/test/auto/LineFault.xml (RunModel)" time="0.624" />
  <testcase classname="ptolemy.util.test.junit.AutoTests" name="[32] /home/travis/build/icyphy/ptII/ptolemy/domains/de/test/auto/MergeModel1Add.xml (RunModel)" time="0.056" />
  <testcase classname="ptolemy.util.test.junit.AutoTests" name="[33] /home/travis/build/icyphy/ptII/ptolemy/domains/de/test/auto/MergeModel2Add.xml (RunModel)" time="0.039" />
  <testcase classname="ptolemy.util.test.junit.AutoTests" name="[34] /home/travis/build/icyphy/ptII/ptolemy/domains/de/test/auto/MergeModel3Add.xml (RunModel)" time="0.039" />
  <testcase classname="ptolemy.util.test.junit.AutoTests" name="[35] /home/travis/build/icyphy/ptII/ptolemy/domains/de/test/auto/MergeWithoutDiscard.xml (RunModel)" time="0.015" />
  <testcase classname="ptolemy.util.test.junit.AutoTests" name="[36] /home/travis/build/icyphy/ptII/ptolemy/domains/de/test/auto/Modal1.xml (RunModel)" time="0.029" />
  <testcase classname="ptolemy.util.test.junit.AutoTests" name="[37] /home/travis/build/icyphy/ptII/ptolemy/domains/de/test/auto/Modal2.xml (RunModel)" time="0.032" />
  <testcase classname="ptolemy.util.test.junit.AutoTests" name="[38] /home/travis/build/icyphy/ptII/ptolemy/domains/de/test/auto/Modal3.xml (RunModel)" time="0.027" />
  <testcase classname="ptolemy.util.test.junit.AutoTests" name="[39] /home/travis/build/icyphy/ptII/ptolemy/domains/de/test/auto/Modal4.xml (RunModel)" time="0.032" />
  <testcase classname="ptolemy.util.test.junit.AutoTests" name="[40] /home/travis/build/icyphy/ptII/ptolemy/domains/de/test/auto/Modal5.xml (RunModel)" time="0.034" />
  <testcase classname="ptolemy.util.test.junit.AutoTests" name="[41] /home/travis/build/icyphy/ptII/ptolemy/domains/de/test/auto/Modal6.xml (RunModel)" time="0.026" />
  <testcase classname="ptolemy.util.test.junit.AutoTests" name="[42] /home/travis/build/icyphy/ptII/ptolemy/domains/de/test/auto/Modal7.xml (RunModel)" time="0.031" />
  <testcase classname="ptolemy.util.test.junit.AutoTests" name="[43] /home/travis/build/icyphy/ptII/ptolemy/domains/de/test/auto/ModalModel.xml (RunModel)" time="0.163" />
  <testcase classname="ptolemy.util.test.junit.AutoTests" name="[44] /home/travis/build/icyphy/ptII/ptolemy/domains/de/test/auto/ModalSource.xml (RunModel)" time="0.026" />
  <testcase classname="ptolemy.util.test.junit.AutoTests" name="[45] /home/travis/build/icyphy/ptII/ptolemy/domains/de/test/auto/NonInterruptibleTimerZeroDelay.xml (RunModel)" time="0.011" />
  <testcase classname="ptolemy.util.test.junit.AutoTests" name="[46] /home/travis/build/icyphy/ptII/ptolemy/domains/de/test/auto/OpenQueueingNetwork.xml (RunModel)" time="2.571" />
  <testcase classname="ptolemy.util.test.junit.AutoTests" name="[47] /home/travis/build/icyphy/ptII/ptolemy/domains/de/test/auto/OpenQueuingNetwork.xml (RunModel)" time="0.275" />
  <testcase classname="ptolemy.util.test.junit.AutoTests" name="[48] /home/travis/build/icyphy/ptII/ptolemy/domains/de/test/auto/PeriodicSampler.xml (RunModel)" time="0.011" />
  <testcase classname="ptolemy.util.test.junit.AutoTests" name="[49] /home/travis/build/icyphy/ptII/ptolemy/domains/de/test/auto/PersistentIO.xml (RunModel)" time="0.023" />
  <testcase classname="ptolemy.util.test.junit.AutoTests" name="[50] /home/travis/build/icyphy/ptII/ptolemy/domains/de/test/auto/PortParameterResetOnInitialize.xml (RunModel)" time="0.01" />
  <testcase classname="ptolemy.util.test.junit.AutoTests" name="[51] /home/travis/build/icyphy/ptII/ptolemy/domains/de/test/auto/PortParameterUpdates.xml (RunModel)" time="0.012" />
  <testcase classname="ptolemy.util.test.junit.AutoTests" name="[52] /home/travis/build/icyphy/ptII/ptolemy/domains/de/test/auto/QueueAndServer.xml (RunModel)" time="0.02" />
  <testcase classname="ptolemy.util.test.junit.AutoTests" name="[53] /home/travis/build/icyphy/ptII/ptolemy/domains/de/test/auto/Records.xml (RunModel)" time="0.017" />
  <testcase classname="ptolemy.util.test.junit.AutoTests" name="[54] /home/travis/build/icyphy/ptII/ptolemy/domains/de/test/auto/ResetTransitionWithStartTime1.xml (RunModel)" time="0.017" />
  <testcase classname="ptolemy.util.test.junit.AutoTests" name="[55] /home/travis/build/icyphy/ptII/ptolemy/domains/de/test/auto/ResetTransitionWithStartTime2.xml (RunModel)" time="0.017" />
  <testcase classname="ptolemy.util.test.junit.AutoTests" name="[56] /home/travis/build/icyphy/ptII/ptolemy/domains/de/test/auto/ResetTransitionWithStartTime3.xml (RunModel)" time="0.018" />
  <testcase classname="ptolemy.util.test.junit.AutoTests" name="[57] /home/travis/build/icyphy/ptII/ptolemy/domains/de/test/auto/ResetTransitionWithStartTime4.xml (RunModel)" time="0.015" />
  <testcase classname="ptolemy.util.test.junit.AutoTests" name="[58] /home/travis/build/icyphy/ptII/ptolemy/domains/de/test/auto/ResettableTimer1.xml (RunModel)" time="0.009" />
  <testcase classname="ptolemy.util.test.junit.AutoTests" name="[59] /home/travis/build/icyphy/ptII/ptolemy/domains/de/test/auto/ResettableTimer2.xml (RunModel)" time="0.009" />
  <testcase classname="ptolemy.util.test.junit.AutoTests" name="[60] /home/travis/build/icyphy/ptII/ptolemy/domains/de/test/auto/ResettableTimer3.xml (RunModel)" time="0.007" />
  <testcase classname="ptolemy.util.test.junit.AutoTests" name="[61] /home/travis/build/icyphy/ptII/ptolemy/domains/de/test/auto/ResettableTimer4.xml (RunModel)" time="0.013" />
  <testcase classname="ptolemy.util.test.junit.AutoTests" name="[62] /home/travis/build/icyphy/ptII/ptolemy/domains/de/test/auto/ResettableTimer5.xml (RunModel)" time="0.01" />
  <testcase classname="ptolemy.util.test.junit.AutoTests" name="[63] /home/travis/build/icyphy/ptII/ptolemy/domains/de/test/auto/ResettableTimer6.xml (RunModel)" time="0.016" />
  <testcase classname="ptolemy.util.test.junit.AutoTests" name="[64] /home/travis/build/icyphy/ptII/ptolemy/domains/de/test/auto/ServerZeroDelay.xml (RunModel)" time="0.01" />
  <testcase classname="ptolemy.util.test.junit.AutoTests" name="[65] /home/travis/build/icyphy/ptII/ptolemy/domains/de/test/auto/SmartSender.xml (RunModel)" time="3.01" />
  <testcase classname="ptolemy.util.test.junit.AutoTests" name="[66] /home/travis/build/icyphy/ptII/ptolemy/domains/de/test/auto/ThreadedComposite.xml (RunModel)" time="0.136" />
  <testcase classname="ptolemy.util.test.junit.AutoTests" name="[67] /home/travis/build/icyphy/ptII/ptolemy/domains/de/test/auto/Time.xml (RunModel)" time="0.462" />
  <testcase classname="ptolemy.util.test.junit.AutoTests" name="[68] /home/travis/build/icyphy/ptII/ptolemy/domains/de/test/auto/TimeDelayZeroDelay.xml (RunModel)" time="0.009" />
  <testcase classname="ptolemy.util.test.junit.AutoTests" name="[69] /home/travis/build/icyphy/ptII/ptolemy/domains/de/test/auto/TimerZeroDelay.xml (RunModel)" time="0.009" />
  <testcase classname="ptolemy.util.test.junit.AutoTests" name="[70] /home/travis/build/icyphy/ptII/ptolemy/domains/de/test/auto/TimingParadox.xml (RunModel)" time="0.398" />
  <testcase classname="ptolemy.util.test.junit.AutoTests" name="[71] /home/travis/build/icyphy/ptII/ptolemy/domains/de/test/auto/TransferInputs.xml (RunModel)" time="0.016" />
  <testcase classname="ptolemy.util.test.junit.AutoTests" name="[72] /home/travis/build/icyphy/ptII/ptolemy/domains/de/test/auto/TransferOutputs2.xml (RunModel)" time="0.016" />
  <testcase classname="ptolemy.util.test.junit.AutoTests" name="[73] /home/travis/build/icyphy/ptII/ptolemy/domains/de/test/auto/Trilateration.xml (RunModel)" time="12.08" />
  <testcase classname="ptolemy.util.test.junit.AutoTests" name="[74] /home/travis/build/icyphy/ptII/ptolemy/domains/de/test/auto/TwoSigmaDelta.xml (RunModel)" time="2.262" />
  <testcase classname="ptolemy.util.test.junit.AutoTests" name="[75] /home/travis/build/icyphy/ptII/ptolemy/domains/de/test/auto/VariableDelay.xml (RunModel)" time="0.009" />
  <testcase classname="ptolemy.util.test.junit.AutoTests" name="[76] /home/travis/build/icyphy/ptII/ptolemy/domains/de/test/auto/VariableDelay2.xml (RunModel)" time="0.009" />
  <testcase classname="ptolemy.util.test.junit.AutoTests" name="[77] /home/travis/build/icyphy/ptII/ptolemy/domains/de/test/auto/VariableDelayZeroDelay.xml (RunModel)" time="0.013" />
  <testcase classname="ptolemy.util.test.junit.AutoTests" name="[78] /home/travis/build/icyphy/ptII/ptolemy/domains/de/test/auto/VariableDelayZeroDelay2.xml (RunModel)" time="0.017" />
  <testcase classname="ptolemy.util.test.junit.AutoTests" name="[79] /home/travis/build/icyphy/ptII/ptolemy/domains/de/test/auto/deInCt.xml (RunModel)" time="0.016" />
  <testcase classname="ptolemy.util.test.junit.AutoTests" name="[80] /home/travis/build/icyphy/ptII/ptolemy/domains/de/test/auto/deInCt2.xml (RunModel)" time="0.015" />
  <testcase classname="ptolemy.util.test.junit.AutoTests" name="[81] /home/travis/build/icyphy/ptII/ptolemy/domains/de/test/auto/dynamicCausalityInterface1.xml (RunModel)" time="0.016" />
  <testcase classname="ptolemy.util.test.junit.AutoTests" name="[82] /home/travis/build/icyphy/ptII/ptolemy/domains/de/test/auto/fsm_de_test.xml (RunModel)" time="0.019" />
  <testcase classname="ptolemy.util.test.junit.AutoTests" name="[83] /home/travis/build/icyphy/ptII/ptolemy/domains/de/test/auto/functionDependencyReconstruction.xml (RunModel)" time="0.027" />
  <testcase classname="ptolemy.util.test.junit.AutoTests" name="[84] /home/travis/build/icyphy/ptII/ptolemy/domains/de/test/auto/multirate.xml (RunModel)" time="0.015" />
  <testcase classname="ptolemy.util.test.junit.AutoTests" name="[85] /home/travis/build/icyphy/ptII/ptolemy/domains/de/test/auto/multirate2.xml (RunModel)" time="0.027" />
  <testcase classname="ptolemy.util.test.junit.AutoTests" name="[86] /home/travis/build/icyphy/ptII/ptolemy/domains/de/test/auto/realtime.xml (RunModel)" time="10.009" />
  <testcase classname="ptolemy.util.test.junit.AutoTests" name="[87] /home/travis/build/icyphy/ptII/ptolemy/domains/de/test/auto/relationGroup.xml (RunModel)" time="0.008" />
  <testcase classname="ptolemy.util.test.junit.AutoTests" name="[88] /home/travis/build/icyphy/ptII/ptolemy/domains/de/test/auto/relationGroup2.xml (RunModel)" time="0.009" />
  <testcase classname="ptolemy.util.test.junit.AutoTests" name="[89] /home/travis/build/icyphy/ptII/ptolemy/domains/de/test/auto/sortWithOpaquePorts.xml (RunModel)" time="0.008" />
  <testcase classname="ptolemy.util.test.junit.AutoTests" name="[90] /home/travis/build/icyphy/ptII/ptolemy/domains/de/test/auto/transferInputsandOutputs.xml (RunModel)" time="0.012" />
  <testcase classname="ptolemy.util.test.junit.AutoTests" name="[91] /home/travis/build/icyphy/ptII/ptolemy/domains/de/test/auto/triggerType.xml (RunModel)" time="0.007" />
  <system-out><![CDATA[/home/travis/build/icyphy/ptII/ptolemy/domains/de/test/DependencyLoop.tcl
testDefs.tcl: setting time out to 9000 seconds at Thu Nov 21 06:15:42 UTC 2019
70 ms. Memory: 120832K Free: 72133K (60%)
34 ms. Memory: 120832K Free: 54718K (45%)
/home/travis/build/icyphy/ptII/ptolemy/domains/de/test/RunDETestsAsQSS.tcl
Run the DE tests using ptolemy.domains.qss.test.QSSDirectorTest, which extends QSSDirector and prints a message in the constructors.
------------------ testing $PTII/ptolemy/domains/de/test/auto/knownFailedTests/DirectFeedback.xml (Known Failure) 
55 ms. Memory: 120832K Free: 48581K (40%)


==== $PTIIhome/travis/build/icyphy/ptII/ptolemy/domains/de/test/../../../../: Auto Automatic test in file $PTII/ptolemy/domains/de/test/auto/knownFailedTests/DirectFeedback.xml
==== Contents of test case:

	    # FIXME: we should use $relativeFilename here, but it
	    # might have backslashes under Windows, which causes no end
	    # of trouble.
	    createAndExecute $file
	    list {}
	
.... Test generated KNOWN error:
    while executing
ptolemy.kernel.util.IllegalActionException: Test fails in iteration 1.
Value was: 1.0. Should have been: 2.0
  in .DirectFeedback.Test
	at ptolemy.actor.lib.Test.fire(Test.java:268)
	at ptolemy.domains.de.kernel.DEDirector._fire(DEDirector.java:1949)
	at ptolemy.domains.de.kernel.DEDirector.fire(DEDirector.java:502)
	at ptolemy.actor.CompositeActor.fire(CompositeActor.java:455)
	at ptolemy.actor.Manager.iterate(Manager.java:851)
	at ptolemy.actor.Manager.execute(Manager.java:369)
	at ptolemy.actor.Manager.run(Manager.java:1263)
	at ptolemy.actor.Manager$PtolemyRunThread.run(Manager.java:1933)

    while executing
ptolemy.kernel.util.IllegalActionException: Test fails in iteration 1.
Value was: 1.0. Should have been: 2.0
  in .DirectFeedback.Test
    while executing
"java::new ptolemy.moml.MoMLSimpleApplication $file
"
    (procedure "createAndExecute" line 2)
    invoked from within
"createAndExecute $file"
    ("uplevel" body line 5)
    invoked from within
"uplevel $contents_of_test"
------------------ testing $PTII/ptolemy/domains/de/test/auto/knownFailedTests/dependencyLoop.xml (Known Failure) 
42 ms. Memory: 120832K Free: 108204K (90%)


==== $PTIIhome/travis/build/icyphy/ptII/ptolemy/domains/de/test/../../../../: Auto Automatic test in file $PTII/ptolemy/domains/de/test/auto/knownFailedTests/dependencyLoop.xml
==== Contents of test case:

	    # FIXME: we should use $relativeFilename here, but it
	    # might have backslashes under Windows, which causes no end
	    # of trouble.
	    createAndExecute $file
	    list {}
	
.... Test generated KNOWN error:
    while executing
ptolemy.kernel.util.IllegalActionException: Found a zero delay loop containing .dependencyLoop.original
  in .dependencyLoop and .dependencyLoop.original
	at ptolemy.actor.util.CausalityInterfaceForComposites._computeOutputPortDepth(CausalityInterfaceForComposites.java:759)
	at ptolemy.actor.util.CausalityInterfaceForComposites._computeInputDepth(CausalityInterfaceForComposites.java:696)
	at ptolemy.actor.util.CausalityInterfaceForComposites._computeOutputPortDepth(CausalityInterfaceForComposites.java:765)
	at ptolemy.actor.util.CausalityInterfaceForComposites._computeInputDepth(CausalityInterfaceForComposites.java:696)
	at ptolemy.actor.util.CausalityInterfaceForComposites._computeOutputPortDepth(CausalityInterfaceForComposites.java:765)
	at ptolemy.actor.util.CausalityInterfaceForComposites._computeInputDepth(CausalityInterfaceForComposites.java:696)
	at ptolemy.actor.util.CausalityInterfaceForComposites._computeActorDepth(CausalityInterfaceForComposites.java:532)
	at ptolemy.actor.util.CausalityInterfaceForComposites.checkForCycles(CausalityInterfaceForComposites.java:96)
	at ptolemy.domains.de.kernel.DEDirector.preinitialize(DEDirector.java:1338)
	at ptolemy.actor.CompositeActor.preinitialize(CompositeActor.java:1828)
	at ptolemy.actor.Manager.preinitializeAndResolveTypes(Manager.java:1040)
	at ptolemy.actor.Manager.initialize(Manager.java:710)
	at ptolemy.actor.Manager.execute(Manager.java:356)
	at ptolemy.actor.Manager.run(Manager.java:1263)
	at ptolemy.actor.Manager$PtolemyRunThread.run(Manager.java:1933)

    while executing
ptolemy.kernel.util.IllegalActionException: Found a zero delay loop containing .dependencyLoop.original
  in .dependencyLoop and .dependencyLoop.original
    while executing
"java::new ptolemy.moml.MoMLSimpleApplication $file
"
    (procedure "createAndExecute" line 2)
    invoked from within
"createAndExecute $file"
    ("uplevel" body line 5)
    invoked from within
"uplevel $contents_of_test"
------------------ testing $PTII/ptolemy/domains/de/test/auto/knownFailedTests/FSMSource.xml (Known Failure) 
69 ms. Memory: 120832K Free: 99050K (82%)
!!!! Auto was marked as failing, but now passes
------------------ testing $PTII/ptolemy/domains/de/test/auto/knownFailedTests/HierarchicalModel.xml (Known Failure) 
9 ms. Memory: 120832K Free: 81642K (68%)


==== $PTIIhome/travis/build/icyphy/ptII/ptolemy/domains/de/test/../../../../: Auto Automatic test in file $PTII/ptolemy/domains/de/test/auto/knownFailedTests/HierarchicalModel.xml
==== Contents of test case:

	    # FIXME: we should use $relativeFilename here, but it
	    # might have backslashes under Windows, which causes no end
	    # of trouble.
	    createAndExecute $file
	    list {}
	
.... Test generated KNOWN error:
    while executing
ptolemy.kernel.util.IllegalActionException: Found a zero delay loop containing .HierarchicalModel.A
  in .HierarchicalModel and .HierarchicalModel.A
	at ptolemy.actor.util.CausalityInterfaceForComposites._computeOutputPortDepth(CausalityInterfaceForComposites.java:759)
	at ptolemy.actor.util.CausalityInterfaceForComposites._computeInputDepth(CausalityInterfaceForComposites.java:696)
	at ptolemy.actor.util.CausalityInterfaceForComposites._computeOutputPortDepth(CausalityInterfaceForComposites.java:765)
	at ptolemy.actor.util.CausalityInterfaceForComposites._computeInputDepth(CausalityInterfaceForComposites.java:696)
	at ptolemy.actor.util.CausalityInterfaceForComposites._computeOutputPortDepth(CausalityInterfaceForComposites.java:765)
	at ptolemy.actor.util.CausalityInterfaceForComposites._computeInputDepth(CausalityInterfaceForComposites.java:696)
	at ptolemy.actor.util.CausalityInterfaceForComposites._computeActorDepth(CausalityInterfaceForComposites.java:532)
	at ptolemy.actor.util.CausalityInterfaceForComposites.checkForCycles(CausalityInterfaceForComposites.java:96)
	at ptolemy.domains.de.kernel.DEDirector.preinitialize(DEDirector.java:1338)
	at ptolemy.actor.CompositeActor.preinitialize(CompositeActor.java:1828)
	at ptolemy.actor.Manager.preinitializeAndResolveTypes(Manager.java:1040)
	at ptolemy.actor.Manager.initialize(Manager.java:710)
	at ptolemy.actor.Manager.execute(Manager.java:356)
	at ptolemy.actor.Manager.run(Manager.java:1263)
	at ptolemy.actor.Manager$PtolemyRunThread.run(Manager.java:1933)

    while executing
ptolemy.kernel.util.IllegalActionException: Found a zero delay loop containing .HierarchicalModel.A
  in .HierarchicalModel and .HierarchicalModel.A
    while executing
"java::new ptolemy.moml.MoMLSimpleApplication $file
"
    (procedure "createAndExecute" line 2)
    invoked from within
"createAndExecute $file"
    ("uplevel" body line 5)
    invoked from within
"uplevel $contents_of_test"
------------------ testing $PTII/ptolemy/domains/de/test/auto/knownFailedTests/dependencyLoop2.xml (Known Failure) 
33 ms. Memory: 120832K Free: 106700K (88%)


==== $PTIIhome/travis/build/icyphy/ptII/ptolemy/domains/de/test/../../../../: Auto Automatic test in file $PTII/ptolemy/domains/de/test/auto/knownFailedTests/dependencyLoop2.xml
==== Contents of test case:

	    # FIXME: we should use $relativeFilename here, but it
	    # might have backslashes under Windows, which causes no end
	    # of trouble.
	    createAndExecute $file
	    list {}
	
.... Test generated KNOWN error:
    while executing
ptolemy.kernel.util.IllegalActionException: Found a zero delay loop containing .dependencyLoop2.original
  in .dependencyLoop2 and .dependencyLoop2.original
	at ptolemy.actor.util.CausalityInterfaceForComposites._computeOutputPortDepth(CausalityInterfaceForComposites.java:759)
	at ptolemy.actor.util.CausalityInterfaceForComposites._computeInputDepth(CausalityInterfaceForComposites.java:696)
	at ptolemy.actor.util.CausalityInterfaceForComposites._computeOutputPortDepth(CausalityInterfaceForComposites.java:765)
	at ptolemy.actor.util.CausalityInterfaceForComposites._computeInputDepth(CausalityInterfaceForComposites.java:696)
	at ptolemy.actor.util.CausalityInterfaceForComposites._computeOutputPortDepth(CausalityInterfaceForComposites.java:765)
	at ptolemy.actor.util.CausalityInterfaceForComposites._computeInputDepth(CausalityInterfaceForComposites.java:696)
	at ptolemy.actor.util.CausalityInterfaceForComposites._computeActorDepth(CausalityInterfaceForComposites.java:532)
	at ptolemy.actor.util.CausalityInterfaceForComposites.checkForCycles(CausalityInterfaceForComposites.java:96)
	at ptolemy.domains.de.kernel.DEDirector.preinitialize(DEDirector.java:1338)
	at ptolemy.actor.CompositeActor.preinitialize(CompositeActor.java:1828)
	at ptolemy.actor.Manager.preinitializeAndResolveTypes(Manager.java:1040)
	at ptolemy.actor.Manager.initialize(Manager.java:710)
	at ptolemy.actor.Manager.execute(Manager.java:356)
	at ptolemy.actor.Manager.run(Manager.java:1263)
	at ptolemy.actor.Manager$PtolemyRunThread.run(Manager.java:1933)

    while executing
ptolemy.kernel.util.IllegalActionException: Found a zero delay loop containing .dependencyLoop2.original
  in .dependencyLoop2 and .dependencyLoop2.original
    while executing
"java::new ptolemy.moml.MoMLSimpleApplication $file
"
    (procedure "createAndExecute" line 2)
    invoked from within
"createAndExecute $file"
    ("uplevel" body line 5)
    invoked from within
"uplevel $contents_of_test"
------------------ testing $PTII/ptolemy/domains/de/test/auto/knownFailedTests/DESDFClockTest.xml (Known Failure) 
2051 ms. Memory: 120832K Free: 93302K (77%)


==== $PTIIhome/travis/build/icyphy/ptII/ptolemy/domains/de/test/../../../../: Auto Automatic test in file $PTII/ptolemy/domains/de/test/auto/knownFailedTests/DESDFClockTest.xml
==== Contents of test case:

	    # FIXME: we should use $relativeFilename here, but it
	    # might have backslashes under Windows, which causes no end
	    # of trouble.
	    createAndExecute $file
	    list {}
	
.... Test generated KNOWN error:
    while executing
ptolemy.kernel.util.IllegalActionException: Actor is not ready to fire.  Perhaps UpSample.prefire() returned false? Try debugging the actor by selecting "Listen to Actor".  Also, for SDF check moml for tokenConsumptionRate on input.
  in .DESDFClockTest.Play Bell.Copy1:SDF Director and .DESDFClockTest.Play Bell.UpSample
	at ptolemy.actor.sched.StaticSchedulingDirector.fire(StaticSchedulingDirector.java:227)
	at ptolemy.domains.sdf.kernel.SDFDirector.fire(SDFDirector.java:500)
	at ptolemy.actor.CompositeActor.fire(CompositeActor.java:455)
	at ptolemy.domains.de.kernel.DEDirector._fire(DEDirector.java:1949)
	at ptolemy.domains.de.kernel.DEDirector.fire(DEDirector.java:502)
	at ptolemy.actor.CompositeActor.fire(CompositeActor.java:455)
	at ptolemy.actor.Manager.iterate(Manager.java:851)
	at ptolemy.actor.Manager.execute(Manager.java:369)
	at ptolemy.actor.Manager.run(Manager.java:1263)
	at ptolemy.actor.Manager$PtolemyRunThread.run(Manager.java:1933)

    while executing
ptolemy.kernel.util.IllegalActionException: Actor is not ready to fire.  Perhaps UpSample.prefire() returned false? Try debugging the actor by selecting "Listen to Actor".  Also, for SDF check moml for tokenConsumptionRate on input.
  in .DESDFClockTest.Play Bell.Copy1:SDF Director and .DESDFClockTest.Play Bell.UpSample
    while executing
"java::new ptolemy.moml.MoMLSimpleApplication $file
"
    (procedure "createAndExecute" line 2)
    invoked from within
"createAndExecute $file"
    ("uplevel" body line 5)
    invoked from within
"uplevel $contents_of_test"
------------------ testing $PTII/ptolemy/domains/de/test/auto/ActorDepthCalculation_actorWithoutPorts.xml
auto.tcl: Setting watchdog for 200 seconds at Thu Nov 21 06:15:46 UTC 2019
8 ms. Memory: 120832K Free: 86450K (72%)
ptolemy.util.test.WatchDog.cancel(): canceling Thu Nov 21 06:15:46 UTC 2019
auto.tcl: Setting watchdog for 200 seconds at Thu Nov 21 06:15:46 UTC 2019
4 ms. Memory: 120832K Free: 84812K (70%)
ptolemy.util.test.WatchDog.cancel(): canceling Thu Nov 21 06:15:46 UTC 2019
------------------ testing $PTII/ptolemy/domains/de/test/auto/AssemblyLine.xml
auto.tcl: Setting watchdog for 200 seconds at Thu Nov 21 06:15:47 UTC 2019
40 ms. Memory: 48128K Free: 26014K (54%)
ptolemy.util.test.WatchDog.cancel(): canceling Thu Nov 21 06:15:47 UTC 2019
auto.tcl: Setting watchdog for 200 seconds at Thu Nov 21 06:15:47 UTC 2019
6 ms. Memory: 48128K Free: 25338K (53%)
ptolemy.util.test.WatchDog.cancel(): canceling Thu Nov 21 06:15:47 UTC 2019
------------------ testing $PTII/ptolemy/domains/de/test/auto/CQBug1.xml
auto.tcl: Setting watchdog for 200 seconds at Thu Nov 21 06:15:47 UTC 2019
3 ms. Memory: 48128K Free: 31570K (66%)
ptolemy.util.test.WatchDog.cancel(): canceling Thu Nov 21 06:15:47 UTC 2019
auto.tcl: Setting watchdog for 200 seconds at Thu Nov 21 06:15:47 UTC 2019
2 ms. Memory: 48128K Free: 31140K (65%)
ptolemy.util.test.WatchDog.cancel(): canceling Thu Nov 21 06:15:47 UTC 2019
------------------ testing $PTII/ptolemy/domains/de/test/auto/CancelFireAt.xml
auto.tcl: Setting watchdog for 200 seconds at Thu Nov 21 06:15:47 UTC 2019
3 ms. Memory: 45056K Free: 29691K (66%)
ptolemy.util.test.WatchDog.cancel(): canceling Thu Nov 21 06:15:47 UTC 2019
auto.tcl: Setting watchdog for 200 seconds at Thu Nov 21 06:15:47 UTC 2019
2 ms. Memory: 45056K Free: 29239K (65%)
ptolemy.util.test.WatchDog.cancel(): canceling Thu Nov 21 06:15:47 UTC 2019
------------------ testing $PTII/ptolemy/domains/de/test/auto/CausalityAndComposabilityAnalysis.xml
auto.tcl: Setting watchdog for 200 seconds at Thu Nov 21 06:15:47 UTC 2019
11 ms. Memory: 45056K Free: 27660K (61%)
ptolemy.util.test.WatchDog.cancel(): canceling Thu Nov 21 06:15:47 UTC 2019
auto.tcl: Setting watchdog for 200 seconds at Thu Nov 21 06:15:47 UTC 2019
5 ms. Memory: 45056K Free: 26904K (60%)
ptolemy.util.test.WatchDog.cancel(): canceling Thu Nov 21 06:15:47 UTC 2019
------------------ testing $PTII/ptolemy/domains/de/test/auto/CausalityInterface1.xml
auto.tcl: Setting watchdog for 200 seconds at Thu Nov 21 06:15:47 UTC 2019
22 ms. Memory: 45056K Free: 26369K (59%)
ptolemy.util.test.WatchDog.cancel(): canceling Thu Nov 21 06:15:47 UTC 2019
auto.tcl: Setting watchdog for 200 seconds at Thu Nov 21 06:15:47 UTC 2019
4 ms. Memory: 45056K Free: 25366K (56%)
ptolemy.util.test.WatchDog.cancel(): canceling Thu Nov 21 06:15:47 UTC 2019
------------------ testing $PTII/ptolemy/domains/de/test/auto/CausalityInterface15.xml
auto.tcl: Setting watchdog for 200 seconds at Thu Nov 21 06:15:47 UTC 2019
5 ms. Memory: 45056K Free: 26541K (59%)
ptolemy.util.test.WatchDog.cancel(): canceling Thu Nov 21 06:15:47 UTC 2019
auto.tcl: Setting watchdog for 200 seconds at Thu Nov 21 06:15:47 UTC 2019
3 ms. Memory: 45056K Free: 25340K (56%)
ptolemy.util.test.WatchDog.cancel(): canceling Thu Nov 21 06:15:47 UTC 2019
------------------ testing $PTII/ptolemy/domains/de/test/auto/CausalityInterface2.xml
auto.tcl: Setting watchdog for 200 seconds at Thu Nov 21 06:15:47 UTC 2019
4 ms. Memory: 45056K Free: 27100K (60%)
ptolemy.util.test.WatchDog.cancel(): canceling Thu Nov 21 06:15:47 UTC 2019
auto.tcl: Setting watchdog for 200 seconds at Thu Nov 21 06:15:47 UTC 2019
3 ms. Memory: 45056K Free: 26344K (58%)
ptolemy.util.test.WatchDog.cancel(): canceling Thu Nov 21 06:15:47 UTC 2019
------------------ testing $PTII/ptolemy/domains/de/test/auto/CausalityInterface3.xml
auto.tcl: Setting watchdog for 200 seconds at Thu Nov 21 06:15:47 UTC 2019
11 ms. Memory: 45056K Free: 26562K (59%)
ptolemy.util.test.WatchDog.cancel(): canceling Thu Nov 21 06:15:47 UTC 2019
auto.tcl: Setting watchdog for 200 seconds at Thu Nov 21 06:15:47 UTC 2019
3 ms. Memory: 45056K Free: 25765K (57%)
ptolemy.util.test.WatchDog.cancel(): canceling Thu Nov 21 06:15:47 UTC 2019
------------------ testing $PTII/ptolemy/domains/de/test/auto/ClockDrift.xml
auto.tcl: Setting watchdog for 200 seconds at Thu Nov 21 06:15:47 UTC 2019
92 ms. Memory: 45056K Free: 19157K (43%)
ptolemy.util.test.WatchDog.cancel(): canceling Thu Nov 21 06:15:48 UTC 2019
auto.tcl: Setting watchdog for 200 seconds at Thu Nov 21 06:15:48 UTC 2019
68 ms. Memory: 45056K Free: 16141K (36%)
ptolemy.util.test.WatchDog.cancel(): canceling Thu Nov 21 06:15:48 UTC 2019
------------------ testing $PTII/ptolemy/domains/de/test/auto/ClockDriftAndValueChange.xml
auto.tcl: Setting watchdog for 200 seconds at Thu Nov 21 06:15:48 UTC 2019
25 ms. Memory: 45056K Free: 19001K (42%)
ptolemy.util.test.WatchDog.cancel(): canceling Thu Nov 21 06:15:48 UTC 2019
auto.tcl: Setting watchdog for 200 seconds at Thu Nov 21 06:15:48 UTC 2019
25 ms. Memory: 45056K Free: 16003K (36%)
ptolemy.util.test.WatchDog.cancel(): canceling Thu Nov 21 06:15:48 UTC 2019
------------------ testing $PTII/ptolemy/domains/de/test/auto/ClockDriftChange.xml
auto.tcl: Setting watchdog for 200 seconds at Thu Nov 21 06:15:48 UTC 2019
22 ms. Memory: 45056K Free: 21267K (47%)
ptolemy.util.test.WatchDog.cancel(): canceling Thu Nov 21 06:15:48 UTC 2019
auto.tcl: Setting watchdog for 200 seconds at Thu Nov 21 06:15:48 UTC 2019
28 ms. Memory: 45056K Free: 18718K (42%)
ptolemy.util.test.WatchDog.cancel(): canceling Thu Nov 21 06:15:48 UTC 2019
------------------ testing $PTII/ptolemy/domains/de/test/auto/ComposableCausalityAnalysis.xml
auto.tcl: Setting watchdog for 200 seconds at Thu Nov 21 06:15:48 UTC 2019
4 ms. Memory: 45056K Free: 25881K (57%)
ptolemy.util.test.WatchDog.cancel(): canceling Thu Nov 21 06:15:48 UTC 2019
auto.tcl: Setting watchdog for 200 seconds at Thu Nov 21 06:15:48 UTC 2019
5 ms. Memory: 45056K Free: 24840K (55%)
ptolemy.util.test.WatchDog.cancel(): canceling Thu Nov 21 06:15:48 UTC 2019
------------------ testing $PTII/ptolemy/domains/de/test/auto/DEFixedPointLimitation.xml
auto.tcl: Setting watchdog for 200 seconds at Thu Nov 21 06:15:48 UTC 2019
2 ms. Memory: 45056K Free: 27241K (60%)
ptolemy.util.test.WatchDog.cancel(): canceling Thu Nov 21 06:15:48 UTC 2019
auto.tcl: Setting watchdog for 200 seconds at Thu Nov 21 06:15:48 UTC 2019
1 ms. Memory: 45056K Free: 26359K (59%)
ptolemy.util.test.WatchDog.cancel(): canceling Thu Nov 21 06:15:48 UTC 2019
------------------ testing $PTII/ptolemy/domains/de/test/auto/DEScheduleTest.xml
auto.tcl: Setting watchdog for 200 seconds at Thu Nov 21 06:15:48 UTC 2019
11 ms. Memory: 45056K Free: 27539K (61%)
ptolemy.util.test.WatchDog.cancel(): canceling Thu Nov 21 06:15:48 UTC 2019
auto.tcl: Setting watchdog for 200 seconds at Thu Nov 21 06:15:48 UTC 2019
2 ms. Memory: 45056K Free: 26766K (59%)
ptolemy.util.test.WatchDog.cancel(): canceling Thu Nov 21 06:15:48 UTC 2019
------------------ testing $PTII/ptolemy/domains/de/test/auto/DEinDEwithStartTimes.xml
auto.tcl: Setting watchdog for 200 seconds at Thu Nov 21 06:15:48 UTC 2019
3 ms. Memory: 45056K Free: 25711K (57%)
ptolemy.util.test.WatchDog.cancel(): canceling Thu Nov 21 06:15:48 UTC 2019
auto.tcl: Setting watchdog for 200 seconds at Thu Nov 21 06:15:48 UTC 2019
3 ms. Memory: 45056K Free: 24304K (54%)
ptolemy.util.test.WatchDog.cancel(): canceling Thu Nov 21 06:15:48 UTC 2019
------------------ testing $PTII/ptolemy/domains/de/test/auto/DEinDEwithStartTimes2.xml
auto.tcl: Setting watchdog for 200 seconds at Thu Nov 21 06:15:48 UTC 2019
6 ms. Memory: 45056K Free: 24977K (55%)
ptolemy.util.test.WatchDog.cancel(): canceling Thu Nov 21 06:15:48 UTC 2019
auto.tcl: Setting watchdog for 200 seconds at Thu Nov 21 06:15:48 UTC 2019
3 ms. Memory: 45056K Free: 23622K (52%)
ptolemy.util.test.WatchDog.cancel(): canceling Thu Nov 21 06:15:48 UTC 2019
------------------ testing $PTII/ptolemy/domains/de/test/auto/DateDemo.xml
auto.tcl: Setting watchdog for 200 seconds at Thu Nov 21 06:15:48 UTC 2019
13 ms. Memory: 45056K Free: 19275K (43%)
ptolemy.util.test.WatchDog.cancel(): canceling Thu Nov 21 06:15:48 UTC 2019
auto.tcl: Setting watchdog for 200 seconds at Thu Nov 21 06:15:48 UTC 2019
6 ms. Memory: 45056K Free: 17750K (39%)
ptolemy.util.test.WatchDog.cancel(): canceling Thu Nov 21 06:15:48 UTC 2019
------------------ testing $PTII/ptolemy/domains/de/test/auto/DateToEvent.xml
auto.tcl: Setting watchdog for 200 seconds at Thu Nov 21 06:15:48 UTC 2019
2017 ms. Memory: 45056K Free: 14959K (33%)
ptolemy.util.test.WatchDog.cancel(): canceling Thu Nov 21 06:15:51 UTC 2019
auto.tcl: Setting watchdog for 200 seconds at Thu Nov 21 06:15:51 UTC 2019
2004 ms. Memory: 45056K Free: 14217K (32%)
ptolemy.util.test.WatchDog.cancel(): canceling Thu Nov 21 06:15:53 UTC 2019
------------------ testing $PTII/ptolemy/domains/de/test/auto/DepthTest1.xml
auto.tcl: Setting watchdog for 200 seconds at Thu Nov 21 06:15:53 UTC 2019
2 ms. Memory: 45056K Free: 28489K (63%)
ptolemy.util.test.WatchDog.cancel(): canceling Thu Nov 21 06:15:53 UTC 2019
auto.tcl: Setting watchdog for 200 seconds at Thu Nov 21 06:15:53 UTC 2019
1 ms. Memory: 45056K Free: 27927K (62%)
ptolemy.util.test.WatchDog.cancel(): canceling Thu Nov 21 06:15:53 UTC 2019
------------------ testing $PTII/ptolemy/domains/de/test/auto/DepthTest2.xml
auto.tcl: Setting watchdog for 200 seconds at Thu Nov 21 06:15:53 UTC 2019
3 ms. Memory: 45056K Free: 25311K (56%)
ptolemy.util.test.WatchDog.cancel(): canceling Thu Nov 21 06:15:53 UTC 2019
auto.tcl: Setting watchdog for 200 seconds at Thu Nov 21 06:15:53 UTC 2019
2 ms. Memory: 45056K Free: 24660K (55%)
ptolemy.util.test.WatchDog.cancel(): canceling Thu Nov 21 06:15:53 UTC 2019
------------------ testing $PTII/ptolemy/domains/de/test/auto/DepthTest3.xml
auto.tcl: Setting watchdog for 200 seconds at Thu Nov 21 06:15:53 UTC 2019
3 ms. Memory: 45056K Free: 28661K (64%)
ptolemy.util.test.WatchDog.cancel(): canceling Thu Nov 21 06:15:53 UTC 2019
auto.tcl: Setting watchdog for 200 seconds at Thu Nov 21 06:15:53 UTC 2019
2 ms. Memory: 45056K Free: 28271K (63%)
ptolemy.util.test.WatchDog.cancel(): canceling Thu Nov 21 06:15:53 UTC 2019
------------------ testing $PTII/ptolemy/domains/de/test/auto/DepthTest4.xml
auto.tcl: Setting watchdog for 200 seconds at Thu Nov 21 06:15:53 UTC 2019
5 ms. Memory: 45056K Free: 27025K (60%)
ptolemy.util.test.WatchDog.cancel(): canceling Thu Nov 21 06:15:53 UTC 2019
auto.tcl: Setting watchdog for 200 seconds at Thu Nov 21 06:15:53 UTC 2019
2 ms. Memory: 45056K Free: 26301K (58%)
ptolemy.util.test.WatchDog.cancel(): canceling Thu Nov 21 06:15:53 UTC 2019
------------------ testing $PTII/ptolemy/domains/de/test/auto/DepthTest5.xml
auto.tcl: Setting watchdog for 200 seconds at Thu Nov 21 06:15:53 UTC 2019
3 ms. Memory: 45056K Free: 26152K (58%)
ptolemy.util.test.WatchDog.cancel(): canceling Thu Nov 21 06:15:53 UTC 2019
auto.tcl: Setting watchdog for 200 seconds at Thu Nov 21 06:15:53 UTC 2019
2 ms. Memory: 45056K Free: 25773K (57%)
ptolemy.util.test.WatchDog.cancel(): canceling Thu Nov 21 06:15:53 UTC 2019
------------------ testing $PTII/ptolemy/domains/de/test/auto/DepthTest6.xml
auto.tcl: Setting watchdog for 200 seconds at Thu Nov 21 06:15:53 UTC 2019
3 ms. Memory: 45056K Free: 26149K (58%)
ptolemy.util.test.WatchDog.cancel(): canceling Thu Nov 21 06:15:53 UTC 2019
auto.tcl: Setting watchdog for 200 seconds at Thu Nov 21 06:15:53 UTC 2019
3 ms. Memory: 45056K Free: 25730K (57%)
ptolemy.util.test.WatchDog.cancel(): canceling Thu Nov 21 06:15:53 UTC 2019
------------------ testing $PTII/ptolemy/domains/de/test/auto/DepthTest7.xml
auto.tcl: Setting watchdog for 200 seconds at Thu Nov 21 06:15:53 UTC 2019
2 ms. Memory: 45056K Free: 26742K (59%)
ptolemy.util.test.WatchDog.cancel(): canceling Thu Nov 21 06:15:53 UTC 2019
auto.tcl: Setting watchdog for 200 seconds at Thu Nov 21 06:15:53 UTC 2019
1 ms. Memory: 45056K Free: 25822K (57%)
ptolemy.util.test.WatchDog.cancel(): canceling Thu Nov 21 06:15:53 UTC 2019
------------------ testing $PTII/ptolemy/domains/de/test/auto/EventToDate.xml
auto.tcl: Setting watchdog for 200 seconds at Thu Nov 21 06:15:53 UTC 2019
3005 ms. Memory: 45056K Free: 17756K (39%)
ptolemy.util.test.WatchDog.cancel(): canceling Thu Nov 21 06:15:56 UTC 2019
auto.tcl: Setting watchdog for 200 seconds at Thu Nov 21 06:15:56 UTC 2019
3004 ms. Memory: 45056K Free: 17061K (38%)
ptolemy.util.test.WatchDog.cancel(): canceling Thu Nov 21 06:15:59 UTC 2019
------------------ testing $PTII/ptolemy/domains/de/test/auto/FSM1.xml
auto.tcl: Setting watchdog for 200 seconds at Thu Nov 21 06:15:59 UTC 2019
20 ms. Memory: 45056K Free: 18949K (42%)
ptolemy.util.test.WatchDog.cancel(): canceling Thu Nov 21 06:15:59 UTC 2019
auto.tcl: Setting watchdog for 200 seconds at Thu Nov 21 06:15:59 UTC 2019
19 ms. Memory: 45056K Free: 15698K (35%)
ptolemy.util.test.WatchDog.cancel(): canceling Thu Nov 21 06:15:59 UTC 2019
------------------ testing $PTII/ptolemy/domains/de/test/auto/FSM7.xml
auto.tcl: Setting watchdog for 200 seconds at Thu Nov 21 06:15:59 UTC 2019
26 ms. Memory: 45056K Free: 18628K (41%)
ptolemy.util.test.WatchDog.cancel(): canceling Thu Nov 21 06:15:59 UTC 2019
auto.tcl: Setting watchdog for 200 seconds at Thu Nov 21 06:15:59 UTC 2019
26 ms. Memory: 45056K Free: 15529K (34%)
ptolemy.util.test.WatchDog.cancel(): canceling Thu Nov 21 06:15:59 UTC 2019
------------------ testing $PTII/ptolemy/domains/de/test/auto/Inspection.xml
auto.tcl: Setting watchdog for 200 seconds at Thu Nov 21 06:15:59 UTC 2019
34 ms. Memory: 45056K Free: 18708K (42%)
ptolemy.util.test.WatchDog.cancel(): canceling Thu Nov 21 06:16:00 UTC 2019
auto.tcl: Setting watchdog for 200 seconds at Thu Nov 21 06:16:00 UTC 2019
23 ms. Memory: 45056K Free: 16956K (38%)
ptolemy.util.test.WatchDog.cancel(): canceling Thu Nov 21 06:16:00 UTC 2019
------------------ testing $PTII/ptolemy/domains/de/test/auto/Iteration.xml
auto.tcl: Setting watchdog for 200 seconds at Thu Nov 21 06:16:00 UTC 2019
11 ms. Memory: 45056K Free: 24401K (54%)
ptolemy.util.test.WatchDog.cancel(): canceling Thu Nov 21 06:16:00 UTC 2019
auto.tcl: Setting watchdog for 200 seconds at Thu Nov 21 06:16:00 UTC 2019
7 ms. Memory: 45056K Free: 23012K (51%)
ptolemy.util.test.WatchDog.cancel(): canceling Thu Nov 21 06:16:00 UTC 2019
------------------ testing $PTII/ptolemy/domains/de/test/auto/LineFault.xml
auto.tcl: Setting watchdog for 200 seconds at Thu Nov 21 06:16:00 UTC 2019
615 ms. Memory: 54272K Free: 23690K (44%)
ptolemy.util.test.WatchDog.cancel(): canceling Thu Nov 21 06:16:01 UTC 2019
auto.tcl: Setting watchdog for 200 seconds at Thu Nov 21 06:16:01 UTC 2019
545 ms. Memory: 54272K Free: 38515K (71%)
ptolemy.util.test.WatchDog.cancel(): canceling Thu Nov 21 06:16:01 UTC 2019
------------------ testing $PTII/ptolemy/domains/de/test/auto/MergeModel1Add.xml
auto.tcl: Setting watchdog for 200 seconds at Thu Nov 21 06:16:01 UTC 2019
17 ms. Memory: 51200K Free: 16527K (32%)
ptolemy.util.test.WatchDog.cancel(): canceling Thu Nov 21 06:16:01 UTC 2019
auto.tcl: Setting watchdog for 200 seconds at Thu Nov 21 06:16:01 UTC 2019
10 ms. Memory: 51200K Free: 14888K (29%)
ptolemy.util.test.WatchDog.cancel(): canceling Thu Nov 21 06:16:01 UTC 2019
------------------ testing $PTII/ptolemy/domains/de/test/auto/MergeModel2Add.xml
auto.tcl: Setting watchdog for 200 seconds at Thu Nov 21 06:16:01 UTC 2019
10 ms. Memory: 51200K Free: 18322K (36%)
ptolemy.util.test.WatchDog.cancel(): canceling Thu Nov 21 06:16:01 UTC 2019
auto.tcl: Setting watchdog for 200 seconds at Thu Nov 21 06:16:01 UTC 2019
9 ms. Memory: 51200K Free: 16608K (32%)
ptolemy.util.test.WatchDog.cancel(): canceling Thu Nov 21 06:16:01 UTC 2019
------------------ testing $PTII/ptolemy/domains/de/test/auto/MergeModel3Add.xml
auto.tcl: Setting watchdog for 200 seconds at Thu Nov 21 06:16:01 UTC 2019
10 ms. Memory: 51200K Free: 18586K (36%)
ptolemy.util.test.WatchDog.cancel(): canceling Thu Nov 21 06:16:01 UTC 2019
auto.tcl: Setting watchdog for 200 seconds at Thu Nov 21 06:16:01 UTC 2019
10 ms. Memory: 51200K Free: 17054K (33%)
ptolemy.util.test.WatchDog.cancel(): canceling Thu Nov 21 06:16:01 UTC 2019
------------------ testing $PTII/ptolemy/domains/de/test/auto/MergeWithoutDiscard.xml
auto.tcl: Setting watchdog for 200 seconds at Thu Nov 21 06:16:02 UTC 2019
3 ms. Memory: 48128K Free: 29883K (62%)
ptolemy.util.test.WatchDog.cancel(): canceling Thu Nov 21 06:16:02 UTC 2019
auto.tcl: Setting watchdog for 200 seconds at Thu Nov 21 06:16:02 UTC 2019
1 ms. Memory: 48128K Free: 29452K (61%)
ptolemy.util.test.WatchDog.cancel(): canceling Thu Nov 21 06:16:02 UTC 2019
------------------ testing $PTII/ptolemy/domains/de/test/auto/Modal1.xml
auto.tcl: Setting watchdog for 200 seconds at Thu Nov 21 06:16:02 UTC 2019
22 ms. Memory: 48128K Free: 22244K (46%)
ptolemy.util.test.WatchDog.cancel(): canceling Thu Nov 21 06:16:02 UTC 2019
auto.tcl: Setting watchdog for 200 seconds at Thu Nov 21 06:16:02 UTC 2019
15 ms. Memory: 48128K Free: 18971K (39%)
ptolemy.util.test.WatchDog.cancel(): canceling Thu Nov 21 06:16:02 UTC 2019
------------------ testing $PTII/ptolemy/domains/de/test/auto/Modal2.xml
auto.tcl: Setting watchdog for 200 seconds at Thu Nov 21 06:16:02 UTC 2019
10 ms. Memory: 48128K Free: 22122K (46%)
ptolemy.util.test.WatchDog.cancel(): canceling Thu Nov 21 06:16:02 UTC 2019
auto.tcl: Setting watchdog for 200 seconds at Thu Nov 21 06:16:02 UTC 2019
10 ms. Memory: 48128K Free: 18851K (39%)
ptolemy.util.test.WatchDog.cancel(): canceling Thu Nov 21 06:16:02 UTC 2019
------------------ testing $PTII/ptolemy/domains/de/test/auto/Modal3.xml
auto.tcl: Setting watchdog for 200 seconds at Thu Nov 21 06:16:02 UTC 2019
11 ms. Memory: 48128K Free: 21839K (45%)
ptolemy.util.test.WatchDog.cancel(): canceling Thu Nov 21 06:16:02 UTC 2019
auto.tcl: Setting watchdog for 200 seconds at Thu Nov 21 06:16:02 UTC 2019
11 ms. Memory: 48128K Free: 18891K (39%)
ptolemy.util.test.WatchDog.cancel(): canceling Thu Nov 21 06:16:02 UTC 2019
------------------ testing $PTII/ptolemy/domains/de/test/auto/Modal4.xml
auto.tcl: Setting watchdog for 200 seconds at Thu Nov 21 06:16:02 UTC 2019
26 ms. Memory: 48128K Free: 21056K (44%)
ptolemy.util.test.WatchDog.cancel(): canceling Thu Nov 21 06:16:02 UTC 2019
auto.tcl: Setting watchdog for 200 seconds at Thu Nov 21 06:16:02 UTC 2019
14 ms. Memory: 48128K Free: 17235K (36%)
ptolemy.util.test.WatchDog.cancel(): canceling Thu Nov 21 06:16:02 UTC 2019
------------------ testing $PTII/ptolemy/domains/de/test/auto/Modal5.xml
auto.tcl: Setting watchdog for 200 seconds at Thu Nov 21 06:16:02 UTC 2019
13 ms. Memory: 48128K Free: 21050K (44%)
ptolemy.util.test.WatchDog.cancel(): canceling Thu Nov 21 06:16:02 UTC 2019
auto.tcl: Setting watchdog for 200 seconds at Thu Nov 21 06:16:02 UTC 2019
14 ms. Memory: 48128K Free: 17221K (36%)
ptolemy.util.test.WatchDog.cancel(): canceling Thu Nov 21 06:16:02 UTC 2019
------------------ testing $PTII/ptolemy/domains/de/test/auto/Modal6.xml
auto.tcl: Setting watchdog for 200 seconds at Thu Nov 21 06:16:02 UTC 2019
16 ms. Memory: 48128K Free: 21820K (45%)
ptolemy.util.test.WatchDog.cancel(): canceling Thu Nov 21 06:16:02 UTC 2019
auto.tcl: Setting watchdog for 200 seconds at Thu Nov 21 06:16:02 UTC 2019
14 ms. Memory: 48128K Free: 17884K (37%)
ptolemy.util.test.WatchDog.cancel(): canceling Thu Nov 21 06:16:02 UTC 2019
------------------ testing $PTII/ptolemy/domains/de/test/auto/Modal7.xml
auto.tcl: Setting watchdog for 200 seconds at Thu Nov 21 06:16:02 UTC 2019
9 ms. Memory: 48128K Free: 20813K (43%)
ptolemy.util.test.WatchDog.cancel(): canceling Thu Nov 21 06:16:02 UTC 2019
auto.tcl: Setting watchdog for 200 seconds at Thu Nov 21 06:16:02 UTC 2019
10 ms. Memory: 48128K Free: 17220K (36%)
ptolemy.util.test.WatchDog.cancel(): canceling Thu Nov 21 06:16:02 UTC 2019
------------------ testing $PTII/ptolemy/domains/de/test/auto/ModalModel.xml
auto.tcl: Setting watchdog for 200 seconds at Thu Nov 21 06:16:02 UTC 2019
220 ms. Memory: 60416K Free: 22498K (37%)
ptolemy.util.test.WatchDog.cancel(): canceling Thu Nov 21 06:16:03 UTC 2019
auto.tcl: Setting watchdog for 200 seconds at Thu Nov 21 06:16:03 UTC 2019
192 ms. Memory: 60416K Free: 20054K (33%)
ptolemy.util.test.WatchDog.cancel(): canceling Thu Nov 21 06:16:03 UTC 2019
------------------ testing $PTII/ptolemy/domains/de/test/auto/ModalSource.xml
auto.tcl: Setting watchdog for 200 seconds at Thu Nov 21 06:16:03 UTC 2019
10 ms. Memory: 51200K Free: 28966K (57%)
ptolemy.util.test.WatchDog.cancel(): canceling Thu Nov 21 06:16:03 UTC 2019
auto.tcl: Setting watchdog for 200 seconds at Thu Nov 21 06:16:03 UTC 2019
6 ms. Memory: 51200K Free: 26918K (53%)
ptolemy.util.test.WatchDog.cancel(): canceling Thu Nov 21 06:16:03 UTC 2019
------------------ testing $PTII/ptolemy/domains/de/test/auto/NonInterruptibleTimerZeroDelay.xml
auto.tcl: Setting watchdog for 200 seconds at Thu Nov 21 06:16:03 UTC 2019
4 ms. Memory: 51200K Free: 33908K (66%)
ptolemy.util.test.WatchDog.cancel(): canceling Thu Nov 21 06:16:03 UTC 2019
auto.tcl: Setting watchdog for 200 seconds at Thu Nov 21 06:16:03 UTC 2019
2 ms. Memory: 51200K Free: 33250K (65%)
ptolemy.util.test.WatchDog.cancel(): canceling Thu Nov 21 06:16:03 UTC 2019
------------------ testing $PTII/ptolemy/domains/de/test/auto/OpenQueueingNetwork.xml
auto.tcl: Setting watchdog for 200 seconds at Thu Nov 21 06:16:03 UTC 2019
2994 ms. Memory: 100352K Free: 52934K (53%)
ptolemy.util.test.WatchDog.cancel(): canceling Thu Nov 21 06:16:06 UTC 2019
auto.tcl: Setting watchdog for 200 seconds at Thu Nov 21 06:16:06 UTC 2019
2481 ms. Memory: 120832K Free: 80012K (66%)
ptolemy.util.test.WatchDog.cancel(): canceling Thu Nov 21 06:16:09 UTC 2019
------------------ testing $PTII/ptolemy/domains/de/test/auto/OpenQueuingNetwork.xml
auto.tcl: Setting watchdog for 200 seconds at Thu Nov 21 06:16:09 UTC 2019
263 ms. Memory: 66560K Free: 38181K (57%)
ptolemy.util.test.WatchDog.cancel(): canceling Thu Nov 21 06:16:09 UTC 2019
auto.tcl: Setting watchdog for 200 seconds at Thu Nov 21 06:16:09 UTC 2019
240 ms. Memory: 66560K Free: 24259K (36%)
ptolemy.util.test.WatchDog.cancel(): canceling Thu Nov 21 06:16:09 UTC 2019
------------------ testing $PTII/ptolemy/domains/de/test/auto/PeriodicSampler.xml
auto.tcl: Setting watchdog for 200 seconds at Thu Nov 21 06:16:09 UTC 2019
3 ms. Memory: 48128K Free: 30026K (62%)
ptolemy.util.test.WatchDog.cancel(): canceling Thu Nov 21 06:16:09 UTC 2019
auto.tcl: Setting watchdog for 200 seconds at Thu Nov 21 06:16:09 UTC 2019
2 ms. Memory: 48128K Free: 29057K (60%)
ptolemy.util.test.WatchDog.cancel(): canceling Thu Nov 21 06:16:09 UTC 2019
------------------ testing $PTII/ptolemy/domains/de/test/auto/PersistentIO.xml
auto.tcl: Setting watchdog for 200 seconds at Thu Nov 21 06:16:09 UTC 2019
19 ms. Memory: 48128K Free: 24950K (52%)
ptolemy.util.test.WatchDog.cancel(): canceling Thu Nov 21 06:16:09 UTC 2019
auto.tcl: Setting watchdog for 200 seconds at Thu Nov 21 06:16:09 UTC 2019
3 ms. Memory: 48128K Free: 23522K (49%)
ptolemy.util.test.WatchDog.cancel(): canceling Thu Nov 21 06:16:09 UTC 2019
------------------ testing $PTII/ptolemy/domains/de/test/auto/PortParameterResetOnInitialize.xml
auto.tcl: Setting watchdog for 200 seconds at Thu Nov 21 06:16:09 UTC 2019
8 ms. Memory: 48128K Free: 29918K (62%)
ptolemy.util.test.WatchDog.cancel(): canceling Thu Nov 21 06:16:09 UTC 2019
auto.tcl: Setting watchdog for 200 seconds at Thu Nov 21 06:16:09 UTC 2019
1 ms. Memory: 48128K Free: 29438K (61%)
ptolemy.util.test.WatchDog.cancel(): canceling Thu Nov 21 06:16:09 UTC 2019
------------------ testing $PTII/ptolemy/domains/de/test/auto/PortParameterUpdates.xml
auto.tcl: Setting watchdog for 200 seconds at Thu Nov 21 06:16:09 UTC 2019
3 ms. Memory: 48128K Free: 28254K (59%)
ptolemy.util.test.WatchDog.cancel(): canceling Thu Nov 21 06:16:10 UTC 2019
auto.tcl: Setting watchdog for 200 seconds at Thu Nov 21 06:16:10 UTC 2019
4 ms. Memory: 48128K Free: 27023K (56%)
ptolemy.util.test.WatchDog.cancel(): canceling Thu Nov 21 06:16:10 UTC 2019
------------------ testing $PTII/ptolemy/domains/de/test/auto/QueueAndServer.xml
auto.tcl: Setting watchdog for 200 seconds at Thu Nov 21 06:16:10 UTC 2019
7 ms. Memory: 48128K Free: 27208K (57%)
ptolemy.util.test.WatchDog.cancel(): canceling Thu Nov 21 06:16:10 UTC 2019
auto.tcl: Setting watchdog for 200 seconds at Thu Nov 21 06:16:10 UTC 2019
8 ms. Memory: 48128K Free: 25486K (53%)
ptolemy.util.test.WatchDog.cancel(): canceling Thu Nov 21 06:16:10 UTC 2019
------------------ testing $PTII/ptolemy/domains/de/test/auto/Records.xml
auto.tcl: Setting watchdog for 200 seconds at Thu Nov 21 06:16:10 UTC 2019
4 ms. Memory: 48128K Free: 29197K (61%)
ptolemy.util.test.WatchDog.cancel(): canceling Thu Nov 21 06:16:10 UTC 2019
auto.tcl: Setting watchdog for 200 seconds at Thu Nov 21 06:16:10 UTC 2019
3 ms. Memory: 48128K Free: 28674K (60%)
ptolemy.util.test.WatchDog.cancel(): canceling Thu Nov 21 06:16:10 UTC 2019
------------------ testing $PTII/ptolemy/domains/de/test/auto/ResetTransitionWithStartTime1.xml
auto.tcl: Setting watchdog for 200 seconds at Thu Nov 21 06:16:10 UTC 2019
14 ms. Memory: 48128K Free: 26434K (55%)
ptolemy.util.test.WatchDog.cancel(): canceling Thu Nov 21 06:16:10 UTC 2019
auto.tcl: Setting watchdog for 200 seconds at Thu Nov 21 06:16:10 UTC 2019
8 ms. Memory: 48128K Free: 23919K (50%)
ptolemy.util.test.WatchDog.cancel(): canceling Thu Nov 21 06:16:10 UTC 2019
------------------ testing $PTII/ptolemy/domains/de/test/auto/ResetTransitionWithStartTime2.xml
auto.tcl: Setting watchdog for 200 seconds at Thu Nov 21 06:16:10 UTC 2019
7 ms. Memory: 48128K Free: 26390K (55%)
ptolemy.util.test.WatchDog.cancel(): canceling Thu Nov 21 06:16:10 UTC 2019
auto.tcl: Setting watchdog for 200 seconds at Thu Nov 21 06:16:10 UTC 2019
6 ms. Memory: 48128K Free: 24342K (51%)
ptolemy.util.test.WatchDog.cancel(): canceling Thu Nov 21 06:16:10 UTC 2019
------------------ testing $PTII/ptolemy/domains/de/test/auto/ResetTransitionWithStartTime3.xml
auto.tcl: Setting watchdog for 200 seconds at Thu Nov 21 06:16:10 UTC 2019
9 ms. Memory: 48128K Free: 26388K (55%)
ptolemy.util.test.WatchDog.cancel(): canceling Thu Nov 21 06:16:10 UTC 2019
auto.tcl: Setting watchdog for 200 seconds at Thu Nov 21 06:16:10 UTC 2019
6 ms. Memory: 48128K Free: 24354K (51%)
ptolemy.util.test.WatchDog.cancel(): canceling Thu Nov 21 06:16:10 UTC 2019
------------------ testing $PTII/ptolemy/domains/de/test/auto/ResetTransitionWithStartTime4.xml
auto.tcl: Setting watchdog for 200 seconds at Thu Nov 21 06:16:10 UTC 2019
6 ms. Memory: 48128K Free: 26859K (56%)
ptolemy.util.test.WatchDog.cancel(): canceling Thu Nov 21 06:16:10 UTC 2019
auto.tcl: Setting watchdog for 200 seconds at Thu Nov 21 06:16:10 UTC 2019
3 ms. Memory: 48128K Free: 25455K (53%)
ptolemy.util.test.WatchDog.cancel(): canceling Thu Nov 21 06:16:10 UTC 2019
------------------ testing $PTII/ptolemy/domains/de/test/auto/ResettableTimer1.xml
auto.tcl: Setting watchdog for 200 seconds at Thu Nov 21 06:16:10 UTC 2019
5 ms. Memory: 48128K Free: 30596K (64%)
ptolemy.util.test.WatchDog.cancel(): canceling Thu Nov 21 06:16:10 UTC 2019
auto.tcl: Setting watchdog for 200 seconds at Thu Nov 21 06:16:10 UTC 2019
2 ms. Memory: 48128K Free: 29958K (62%)
ptolemy.util.test.WatchDog.cancel(): canceling Thu Nov 21 06:16:10 UTC 2019
------------------ testing $PTII/ptolemy/domains/de/test/auto/ResettableTimer2.xml
auto.tcl: Setting watchdog for 200 seconds at Thu Nov 21 06:16:10 UTC 2019
3 ms. Memory: 48128K Free: 30626K (64%)
ptolemy.util.test.WatchDog.cancel(): canceling Thu Nov 21 06:16:10 UTC 2019
auto.tcl: Setting watchdog for 200 seconds at Thu Nov 21 06:16:10 UTC 2019
2 ms. Memory: 48128K Free: 30015K (62%)
ptolemy.util.test.WatchDog.cancel(): canceling Thu Nov 21 06:16:10 UTC 2019
------------------ testing $PTII/ptolemy/domains/de/test/auto/ResettableTimer3.xml
auto.tcl: Setting watchdog for 200 seconds at Thu Nov 21 06:16:10 UTC 2019
1 ms. Memory: 48128K Free: 30533K (63%)
ptolemy.util.test.WatchDog.cancel(): canceling Thu Nov 21 06:16:10 UTC 2019
auto.tcl: Setting watchdog for 200 seconds at Thu Nov 21 06:16:10 UTC 2019
1 ms. Memory: 48128K Free: 30533K (63%)
ptolemy.util.test.WatchDog.cancel(): canceling Thu Nov 21 06:16:10 UTC 2019
------------------ testing $PTII/ptolemy/domains/de/test/auto/ResettableTimer4.xml
auto.tcl: Setting watchdog for 200 seconds at Thu Nov 21 06:16:10 UTC 2019
1 ms. Memory: 48128K Free: 30565K (64%)
ptolemy.util.test.WatchDog.cancel(): canceling Thu Nov 21 06:16:10 UTC 2019
auto.tcl: Setting watchdog for 200 seconds at Thu Nov 21 06:16:10 UTC 2019
1 ms. Memory: 48128K Free: 30053K (62%)
ptolemy.util.test.WatchDog.cancel(): canceling Thu Nov 21 06:16:10 UTC 2019
------------------ testing $PTII/ptolemy/domains/de/test/auto/ResettableTimer5.xml
auto.tcl: Setting watchdog for 200 seconds at Thu Nov 21 06:16:10 UTC 2019
2 ms. Memory: 48128K Free: 30013K (62%)
ptolemy.util.test.WatchDog.cancel(): canceling Thu Nov 21 06:16:10 UTC 2019
auto.tcl: Setting watchdog for 200 seconds at Thu Nov 21 06:16:10 UTC 2019
1 ms. Memory: 48128K Free: 29530K (61%)
ptolemy.util.test.WatchDog.cancel(): canceling Thu Nov 21 06:16:10 UTC 2019
------------------ testing $PTII/ptolemy/domains/de/test/auto/ResettableTimer6.xml
auto.tcl: Setting watchdog for 200 seconds at Thu Nov 21 06:16:10 UTC 2019
2 ms. Memory: 48128K Free: 30009K (62%)
ptolemy.util.test.WatchDog.cancel(): canceling Thu Nov 21 06:16:10 UTC 2019
auto.tcl: Setting watchdog for 200 seconds at Thu Nov 21 06:16:10 UTC 2019
1 ms. Memory: 48128K Free: 29526K (61%)
ptolemy.util.test.WatchDog.cancel(): canceling Thu Nov 21 06:16:10 UTC 2019
------------------ testing $PTII/ptolemy/domains/de/test/auto/ServerZeroDelay.xml
auto.tcl: Setting watchdog for 200 seconds at Thu Nov 21 06:16:10 UTC 2019
8 ms. Memory: 48128K Free: 30514K (63%)
ptolemy.util.test.WatchDog.cancel(): canceling Thu Nov 21 06:16:10 UTC 2019
auto.tcl: Setting watchdog for 200 seconds at Thu Nov 21 06:16:10 UTC 2019
1 ms. Memory: 48128K Free: 29508K (61%)
ptolemy.util.test.WatchDog.cancel(): canceling Thu Nov 21 06:16:10 UTC 2019
------------------ testing $PTII/ptolemy/domains/de/test/auto/SmartSender.xml
auto.tcl: Setting watchdog for 200 seconds at Thu Nov 21 06:16:10 UTC 2019
3002 ms. Memory: 48128K Free: 30532K (63%)
ptolemy.util.test.WatchDog.cancel(): canceling Thu Nov 21 06:16:13 UTC 2019
auto.tcl: Setting watchdog for 200 seconds at Thu Nov 21 06:16:13 UTC 2019
3001 ms. Memory: 48128K Free: 30004K (62%)
ptolemy.util.test.WatchDog.cancel(): canceling Thu Nov 21 06:16:16 UTC 2019
------------------ testing $PTII/ptolemy/domains/de/test/auto/ThreadedComposite.xml
auto.tcl: Setting watchdog for 200 seconds at Thu Nov 21 06:16:17 UTC 2019
205 ms. Memory: 48128K Free: 11067K (23%)
ptolemy.util.test.WatchDog.cancel(): canceling Thu Nov 21 06:16:17 UTC 2019
auto.tcl: Setting watchdog for 200 seconds at Thu Nov 21 06:16:17 UTC 2019
130 ms. Memory: 48128K Free: 24493K (51%)
ptolemy.util.test.WatchDog.cancel(): canceling Thu Nov 21 06:16:17 UTC 2019
------------------ testing $PTII/ptolemy/domains/de/test/auto/Time.xml
auto.tcl: Setting watchdog for 200 seconds at Thu Nov 21 06:16:17 UTC 2019
583 ms. Memory: 48128K Free: 29267K (61%)
ptolemy.util.test.WatchDog.cancel(): canceling Thu Nov 21 06:16:18 UTC 2019
auto.tcl: Setting watchdog for 200 seconds at Thu Nov 21 06:16:18 UTC 2019
481 ms. Memory: 48128K Free: 29708K (62%)
ptolemy.util.test.WatchDog.cancel(): canceling Thu Nov 21 06:16:18 UTC 2019
------------------ testing $PTII/ptolemy/domains/de/test/auto/TimeDelayZeroDelay.xml
auto.tcl: Setting watchdog for 200 seconds at Thu Nov 21 06:16:18 UTC 2019
3 ms. Memory: 48128K Free: 30943K (64%)
ptolemy.util.test.WatchDog.cancel(): canceling Thu Nov 21 06:16:18 UTC 2019
auto.tcl: Setting watchdog for 200 seconds at Thu Nov 21 06:16:18 UTC 2019
1 ms. Memory: 48128K Free: 30034K (62%)
ptolemy.util.test.WatchDog.cancel(): canceling Thu Nov 21 06:16:18 UTC 2019
------------------ testing $PTII/ptolemy/domains/de/test/auto/TimerZeroDelay.xml
auto.tcl: Setting watchdog for 200 seconds at Thu Nov 21 06:16:18 UTC 2019
3 ms. Memory: 48128K Free: 30978K (64%)
ptolemy.util.test.WatchDog.cancel(): canceling Thu Nov 21 06:16:18 UTC 2019
auto.tcl: Setting watchdog for 200 seconds at Thu Nov 21 06:16:18 UTC 2019
2 ms. Memory: 48128K Free: 30482K (63%)
ptolemy.util.test.WatchDog.cancel(): canceling Thu Nov 21 06:16:18 UTC 2019
------------------ testing $PTII/ptolemy/domains/de/test/auto/TimingParadox.xml
auto.tcl: Setting watchdog for 200 seconds at Thu Nov 21 06:16:18 UTC 2019
356 ms. Memory: 48128K Free: 14559K (30%)
ptolemy.util.test.WatchDog.cancel(): canceling Thu Nov 21 06:16:19 UTC 2019
auto.tcl: Setting watchdog for 200 seconds at Thu Nov 21 06:16:19 UTC 2019
355 ms. Memory: 58368K Free: 13563K (23%)
ptolemy.util.test.WatchDog.cancel(): canceling Thu Nov 21 06:16:19 UTC 2019
------------------ testing $PTII/ptolemy/domains/de/test/auto/TransferInputs.xml
auto.tcl: Setting watchdog for 200 seconds at Thu Nov 21 06:16:19 UTC 2019
2 ms. Memory: 51200K Free: 32036K (63%)
ptolemy.util.test.WatchDog.cancel(): canceling Thu Nov 21 06:16:19 UTC 2019
auto.tcl: Setting watchdog for 200 seconds at Thu Nov 21 06:16:19 UTC 2019
2 ms. Memory: 51200K Free: 31126K (61%)
ptolemy.util.test.WatchDog.cancel(): canceling Thu Nov 21 06:16:19 UTC 2019
------------------ testing $PTII/ptolemy/domains/de/test/auto/TransferOutputs2.xml
auto.tcl: Setting watchdog for 200 seconds at Thu Nov 21 06:16:19 UTC 2019
2 ms. Memory: 51200K Free: 29464K (58%)
ptolemy.util.test.WatchDog.cancel(): canceling Thu Nov 21 06:16:19 UTC 2019
auto.tcl: Setting watchdog for 200 seconds at Thu Nov 21 06:16:19 UTC 2019
2 ms. Memory: 51200K Free: 28055K (55%)
ptolemy.util.test.WatchDog.cancel(): canceling Thu Nov 21 06:16:19 UTC 2019
------------------ testing $PTII/ptolemy/domains/de/test/auto/Trilateration.xml
auto.tcl: Setting watchdog for 200 seconds at Thu Nov 21 06:16:19 UTC 2019
13142 ms. Memory: 413696K Free: 351347K (85%)
ptolemy.util.test.WatchDog.cancel(): canceling Thu Nov 21 06:16:34 UTC 2019
auto.tcl: Setting watchdog for 200 seconds at Thu Nov 21 06:16:34 UTC 2019
10723 ms. Memory: 496640K Free: 397480K (80%)
ptolemy.util.test.WatchDog.cancel(): canceling Thu Nov 21 06:16:44 UTC 2019
------------------ testing $PTII/ptolemy/domains/de/test/auto/TwoSigmaDelta.xml
auto.tcl: Setting watchdog for 200 seconds at Thu Nov 21 06:16:44 UTC 2019
2713 ms. Memory: 86016K Free: 58341K (68%)
ptolemy.util.test.WatchDog.cancel(): canceling Thu Nov 21 06:16:47 UTC 2019
auto.tcl: Setting watchdog for 200 seconds at Thu Nov 21 06:16:47 UTC 2019
2088 ms. Memory: 86016K Free: 45534K (53%)
ptolemy.util.test.WatchDog.cancel(): canceling Thu Nov 21 06:16:49 UTC 2019
------------------ testing $PTII/ptolemy/domains/de/test/auto/VariableDelay.xml
auto.tcl: Setting watchdog for 200 seconds at Thu Nov 21 06:16:49 UTC 2019
7 ms. Memory: 51200K Free: 32518K (64%)
ptolemy.util.test.WatchDog.cancel(): canceling Thu Nov 21 06:16:49 UTC 2019
auto.tcl: Setting watchdog for 200 seconds at Thu Nov 21 06:16:49 UTC 2019
2 ms. Memory: 51200K Free: 31502K (62%)
ptolemy.util.test.WatchDog.cancel(): canceling Thu Nov 21 06:16:49 UTC 2019
------------------ testing $PTII/ptolemy/domains/de/test/auto/VariableDelay2.xml
auto.tcl: Setting watchdog for 200 seconds at Thu Nov 21 06:16:49 UTC 2019
7 ms. Memory: 48128K Free: 29853K (62%)
ptolemy.util.test.WatchDog.cancel(): canceling Thu Nov 21 06:16:49 UTC 2019
auto.tcl: Setting watchdog for 200 seconds at Thu Nov 21 06:16:49 UTC 2019
1 ms. Memory: 48128K Free: 29349K (61%)
ptolemy.util.test.WatchDog.cancel(): canceling Thu Nov 21 06:16:49 UTC 2019
------------------ testing $PTII/ptolemy/domains/de/test/auto/VariableDelayZeroDelay.xml
auto.tcl: Setting watchdog for 200 seconds at Thu Nov 21 06:16:50 UTC 2019
2 ms. Memory: 48128K Free: 30372K (63%)
ptolemy.util.test.WatchDog.cancel(): canceling Thu Nov 21 06:16:50 UTC 2019
auto.tcl: Setting watchdog for 200 seconds at Thu Nov 21 06:16:50 UTC 2019
2 ms. Memory: 48128K Free: 29837K (62%)
ptolemy.util.test.WatchDog.cancel(): canceling Thu Nov 21 06:16:50 UTC 2019
------------------ testing $PTII/ptolemy/domains/de/test/auto/VariableDelayZeroDelay2.xml
auto.tcl: Setting watchdog for 200 seconds at Thu Nov 21 06:16:50 UTC 2019
2 ms. Memory: 48128K Free: 30371K (63%)
ptolemy.util.test.WatchDog.cancel(): canceling Thu Nov 21 06:16:50 UTC 2019
auto.tcl: Setting watchdog for 200 seconds at Thu Nov 21 06:16:50 UTC 2019
2 ms. Memory: 48128K Free: 29347K (61%)
ptolemy.util.test.WatchDog.cancel(): canceling Thu Nov 21 06:16:50 UTC 2019
------------------ testing $PTII/ptolemy/domains/de/test/auto/deInCt.xml
auto.tcl: Setting watchdog for 200 seconds at Thu Nov 21 06:16:50 UTC 2019
0
1
1
1
0
0
0
0
1
1
1
0
0
0
1
1
1
1
0
0
1
1
1
0
0
0
0
0
0
1
1
1
0
0
0
15 ms. Memory: 48128K Free: 29344K (61%)
ptolemy.util.test.WatchDog.cancel(): canceling Thu Nov 21 06:16:50 UTC 2019
auto.tcl: Setting watchdog for 200 seconds at Thu Nov 21 06:16:50 UTC 2019
0
1
1
1
0
0
0
1
1
1
0
0
0
0
1
1
1
1
1
0
0
0
1
1
1
0
0
0
1
1
1
0
0
0
1
1
1
0
0
0
0
0
8 ms. Memory: 48128K Free: 27806K (58%)
ptolemy.util.test.WatchDog.cancel(): canceling Thu Nov 21 06:16:50 UTC 2019
------------------ testing $PTII/ptolemy/domains/de/test/auto/deInCt2.xml
auto.tcl: Setting watchdog for 200 seconds at Thu Nov 21 06:16:50 UTC 2019
0
1
1
1
0
0
1
1
1
0
0
1
1
1
0
0
1
1
1
0
0
1
1
1
0
0
1
1
1
0
0
1
1
1
0
0
1
1
1
0
0
0
10 ms. Memory: 48128K Free: 29347K (61%)
ptolemy.util.test.WatchDog.cancel(): canceling Thu Nov 21 06:16:50 UTC 2019
auto.tcl: Setting watchdog for 200 seconds at Thu Nov 21 06:16:50 UTC 2019
0
1
1
1
0
0
1
1
1
0
0
1
1
1
0
0
1
1
1
0
0
1
1
1
0
0
1
1
1
0
0
1
1
1
0
0
1
1
1
0
0
0
6 ms. Memory: 48128K Free: 27809K (58%)
ptolemy.util.test.WatchDog.cancel(): canceling Thu Nov 21 06:16:50 UTC 2019
------------------ testing $PTII/ptolemy/domains/de/test/auto/dynamicCausalityInterface1.xml
auto.tcl: Setting watchdog for 200 seconds at Thu Nov 21 06:16:50 UTC 2019
1 ms. Memory: 48128K Free: 25245K (52%)
ptolemy.util.test.WatchDog.cancel(): canceling Thu Nov 21 06:16:50 UTC 2019
auto.tcl: Setting watchdog for 200 seconds at Thu Nov 21 06:16:50 UTC 2019
1 ms. Memory: 48128K Free: 24747K (51%)
ptolemy.util.test.WatchDog.cancel(): canceling Thu Nov 21 06:16:50 UTC 2019
------------------ testing $PTII/ptolemy/domains/de/test/auto/fsm_de_test.xml
auto.tcl: Setting watchdog for 200 seconds at Thu Nov 21 06:16:50 UTC 2019
6 ms. Memory: 48128K Free: 25144K (52%)
ptolemy.util.test.WatchDog.cancel(): canceling Thu Nov 21 06:16:50 UTC 2019
auto.tcl: Setting watchdog for 200 seconds at Thu Nov 21 06:16:50 UTC 2019
5 ms. Memory: 48128K Free: 23096K (48%)
ptolemy.util.test.WatchDog.cancel(): canceling Thu Nov 21 06:16:50 UTC 2019
------------------ testing $PTII/ptolemy/domains/de/test/auto/functionDependencyReconstruction.xml
auto.tcl: Setting watchdog for 200 seconds at Thu Nov 21 06:16:50 UTC 2019
2 ms. Memory: 48128K Free: 18989K (39%)
ptolemy.util.test.WatchDog.cancel(): canceling Thu Nov 21 06:16:50 UTC 2019
auto.tcl: Setting watchdog for 200 seconds at Thu Nov 21 06:16:50 UTC 2019
3 ms. Memory: 48128K Free: 16941K (35%)
ptolemy.util.test.WatchDog.cancel(): canceling Thu Nov 21 06:16:50 UTC 2019
------------------ testing $PTII/ptolemy/domains/de/test/auto/multirate.xml
auto.tcl: Setting watchdog for 200 seconds at Thu Nov 21 06:16:50 UTC 2019
3 ms. Memory: 48128K Free: 27805K (58%)
ptolemy.util.test.WatchDog.cancel(): canceling Thu Nov 21 06:16:50 UTC 2019
auto.tcl: Setting watchdog for 200 seconds at Thu Nov 21 06:16:50 UTC 2019
3 ms. Memory: 48128K Free: 26078K (54%)
ptolemy.util.test.WatchDog.cancel(): canceling Thu Nov 21 06:16:50 UTC 2019
------------------ testing $PTII/ptolemy/domains/de/test/auto/multirate2.xml
auto.tcl: Setting watchdog for 200 seconds at Thu Nov 21 06:16:50 UTC 2019
3 ms. Memory: 48128K Free: 27741K (58%)
ptolemy.util.test.WatchDog.cancel(): canceling Thu Nov 21 06:16:50 UTC 2019
auto.tcl: Setting watchdog for 200 seconds at Thu Nov 21 06:16:50 UTC 2019
3 ms. Memory: 48128K Free: 26236K (55%)
ptolemy.util.test.WatchDog.cancel(): canceling Thu Nov 21 06:16:50 UTC 2019
------------------ testing $PTII/ptolemy/domains/de/test/auto/realtime.xml
auto.tcl: Setting watchdog for 200 seconds at Thu Nov 21 06:16:50 UTC 2019
10001 ms. Memory: 48128K Free: 30016K (62%)
ptolemy.util.test.WatchDog.cancel(): canceling Thu Nov 21 06:17:00 UTC 2019
auto.tcl: Setting watchdog for 200 seconds at Thu Nov 21 06:17:00 UTC 2019
10001 ms. Memory: 48128K Free: 29291K (61%)
ptolemy.util.test.WatchDog.cancel(): canceling Thu Nov 21 06:17:10 UTC 2019
------------------ testing $PTII/ptolemy/domains/de/test/auto/relationGroup.xml
auto.tcl: Setting watchdog for 200 seconds at Thu Nov 21 06:17:10 UTC 2019
1 ms. Memory: 48128K Free: 31117K (65%)
ptolemy.util.test.WatchDog.cancel(): canceling Thu Nov 21 06:17:10 UTC 2019
auto.tcl: Setting watchdog for 200 seconds at Thu Nov 21 06:17:10 UTC 2019
2 ms. Memory: 48128K Free: 30372K (63%)
ptolemy.util.test.WatchDog.cancel(): canceling Thu Nov 21 06:17:10 UTC 2019
------------------ testing $PTII/ptolemy/domains/de/test/auto/relationGroup2.xml
auto.tcl: Setting watchdog for 200 seconds at Thu Nov 21 06:17:10 UTC 2019
1 ms. Memory: 48128K Free: 30901K (64%)
ptolemy.util.test.WatchDog.cancel(): canceling Thu Nov 21 06:17:10 UTC 2019
auto.tcl: Setting watchdog for 200 seconds at Thu Nov 21 06:17:10 UTC 2019
1 ms. Memory: 48128K Free: 30405K (63%)
ptolemy.util.test.WatchDog.cancel(): canceling Thu Nov 21 06:17:10 UTC 2019
------------------ testing $PTII/ptolemy/domains/de/test/auto/sortWithOpaquePorts.xml
auto.tcl: Setting watchdog for 200 seconds at Thu Nov 21 06:17:10 UTC 2019
1 ms. Memory: 48128K Free: 29870K (62%)
ptolemy.util.test.WatchDog.cancel(): canceling Thu Nov 21 06:17:10 UTC 2019
auto.tcl: Setting watchdog for 200 seconds at Thu Nov 21 06:17:10 UTC 2019
2 ms. Memory: 48128K Free: 28843K (60%)
ptolemy.util.test.WatchDog.cancel(): canceling Thu Nov 21 06:17:10 UTC 2019
------------------ testing $PTII/ptolemy/domains/de/test/auto/transferInputsandOutputs.xml
auto.tcl: Setting watchdog for 200 seconds at Thu Nov 21 06:17:10 UTC 2019
4 ms. Memory: 48128K Free: 27314K (57%)
ptolemy.util.test.WatchDog.cancel(): canceling Thu Nov 21 06:17:10 UTC 2019
auto.tcl: Setting watchdog for 200 seconds at Thu Nov 21 06:17:10 UTC 2019
2 ms. Memory: 48128K Free: 26337K (55%)
ptolemy.util.test.WatchDog.cancel(): canceling Thu Nov 21 06:17:10 UTC 2019
------------------ testing $PTII/ptolemy/domains/de/test/auto/triggerType.xml
auto.tcl: Setting watchdog for 200 seconds at Thu Nov 21 06:17:10 UTC 2019
2 ms. Memory: 48128K Free: 30339K (63%)
ptolemy.util.test.WatchDog.cancel(): canceling Thu Nov 21 06:17:10 UTC 2019
auto.tcl: Setting watchdog for 200 seconds at Thu Nov 21 06:17:10 UTC 2019
2 ms. Memory: 48128K Free: 29338K (61%)
ptolemy.util.test.WatchDog.cancel(): canceling Thu Nov 21 06:17:10 UTC 2019
11/21/19 06:17:11
Failed: 0  Total Tests: 192  ((Passed: 187, Newly Passed: 1)  Known Failed: 5) /home/travis/build/icyphy/ptII/ptolemy/domains/de/test
11/21/19 06:17:11
Failed: 0  Total Tests: 192  ((Passed: 187, Newly Passed: 1)  Known Failed: 5) /home/travis/build/icyphy/ptII/ptolemy/domains/de/test
----------------- testing (KnownFailure) /home/travis/build/icyphy/ptII/ptolemy/domains/de/test/auto/knownFailedTests/DESDFClockTest.xml
2010 ms. Memory: 48128K Free: 23224K (48%)
Known Failure: java.lang.reflect.InvocationTargetException
----------------- testing (KnownFailure) /home/travis/build/icyphy/ptII/ptolemy/domains/de/test/auto/knownFailedTests/DirectFeedback.xml
2 ms. Memory: 48128K Free: 19638K (41%)
Known Failure: java.lang.reflect.InvocationTargetException
----------------- testing (KnownFailure) /home/travis/build/icyphy/ptII/ptolemy/domains/de/test/auto/knownFailedTests/FSMSource.xml
14 ms. Memory: 48128K Free: 11446K (24%)
----------------- testing (KnownFailure) /home/travis/build/icyphy/ptII/ptolemy/domains/de/test/auto/knownFailedTests/HierarchicalModel.xml
2 ms. Memory: 48128K Free: 21439K (45%)
Known Failure: java.lang.reflect.InvocationTargetException
----------------- testing (KnownFailure) /home/travis/build/icyphy/ptII/ptolemy/domains/de/test/auto/knownFailedTests/dependencyLoop.xml
3 ms. Memory: 48128K Free: 31689K (66%)
Known Failure: java.lang.reflect.InvocationTargetException
----------------- testing (KnownFailure) /home/travis/build/icyphy/ptII/ptolemy/domains/de/test/auto/knownFailedTests/dependencyLoop2.xml
6 ms. Memory: 48128K Free: 16299K (34%)
Known Failure: java.lang.reflect.InvocationTargetException
No auto/linux-amd64/*.xml tests in /home/travis/build/icyphy/ptII/ptolemy/domains/de/test
AutoTests.java: About to close Vertx.
AutoTests.java: Vertx closed.

===========================================================================================
----------------- testing Thu Nov 21 06:17:13 UTC 2019 /home/travis/build/icyphy/ptII/ptolemy/domains/de/test/auto/ActorDepthCalculation_actorWithoutPorts.xml
----------------- Instantiating /home/travis/build/icyphy/ptII/ptolemy/domains/de/test/auto/ActorDepthCalculation_actorWithoutPorts.xml
1 ms. Memory: 48128K Free: 9827K (20%)
----------------- Invoking toplevel() on ptolemy.moml.MoMLSimpleApplication@3e5caf5b
----------------- Done invoking toplevel() on ptolemy.moml.MoMLSimpleApplication@3e5caf5b
reloadAllAccessors: .ActorDepthCalculation_actorWithoutPorts

===========================================================================================
----------------- testing Thu Nov 21 06:17:13 UTC 2019 /home/travis/build/icyphy/ptII/ptolemy/domains/de/test/auto/AssemblyLine.xml
----------------- Instantiating /home/travis/build/icyphy/ptII/ptolemy/domains/de/test/auto/AssemblyLine.xml
2 ms. Memory: 48128K Free: 28009K (58%)
----------------- Invoking toplevel() on ptolemy.moml.MoMLSimpleApplication@69e9ee7a
----------------- Done invoking toplevel() on ptolemy.moml.MoMLSimpleApplication@69e9ee7a
reloadAllAccessors: .AssemblyLine

===========================================================================================
----------------- testing Thu Nov 21 06:17:13 UTC 2019 /home/travis/build/icyphy/ptII/ptolemy/domains/de/test/auto/CQBug1.xml
----------------- Instantiating /home/travis/build/icyphy/ptII/ptolemy/domains/de/test/auto/CQBug1.xml
1 ms. Memory: 48128K Free: 25047K (52%)
----------------- Invoking toplevel() on ptolemy.moml.MoMLSimpleApplication@789429c5
----------------- Done invoking toplevel() on ptolemy.moml.MoMLSimpleApplication@789429c5
reloadAllAccessors: .CQBug1

===========================================================================================
----------------- testing Thu Nov 21 06:17:13 UTC 2019 /home/travis/build/icyphy/ptII/ptolemy/domains/de/test/auto/CancelFireAt.xml
----------------- Instantiating /home/travis/build/icyphy/ptII/ptolemy/domains/de/test/auto/CancelFireAt.xml
2 ms. Memory: 48128K Free: 22511K (47%)
----------------- Invoking toplevel() on ptolemy.moml.MoMLSimpleApplication@19bb0f7e
----------------- Done invoking toplevel() on ptolemy.moml.MoMLSimpleApplication@19bb0f7e
reloadAllAccessors: .CancelFireAt

===========================================================================================
----------------- testing Thu Nov 21 06:17:13 UTC 2019 /home/travis/build/icyphy/ptII/ptolemy/domains/de/test/auto/CausalityAndComposabilityAnalysis.xml
----------------- Instantiating /home/travis/build/icyphy/ptII/ptolemy/domains/de/test/auto/CausalityAndComposabilityAnalysis.xml
2 ms. Memory: 48128K Free: 18407K (38%)
----------------- Invoking toplevel() on ptolemy.moml.MoMLSimpleApplication@5a057b4a
----------------- Done invoking toplevel() on ptolemy.moml.MoMLSimpleApplication@5a057b4a
reloadAllAccessors: .CausalityAndComposabilityAnalysis

===========================================================================================
----------------- testing Thu Nov 21 06:17:13 UTC 2019 /home/travis/build/icyphy/ptII/ptolemy/domains/de/test/auto/CausalityInterface1.xml
----------------- Instantiating /home/travis/build/icyphy/ptII/ptolemy/domains/de/test/auto/CausalityInterface1.xml
4 ms. Memory: 48128K Free: 13365K (28%)
----------------- Invoking toplevel() on ptolemy.moml.MoMLSimpleApplication@4518494
----------------- Done invoking toplevel() on ptolemy.moml.MoMLSimpleApplication@4518494
reloadAllAccessors: .CausalityInterface1

===========================================================================================
----------------- testing Thu Nov 21 06:17:13 UTC 2019 /home/travis/build/icyphy/ptII/ptolemy/domains/de/test/auto/CausalityInterface15.xml
----------------- Instantiating /home/travis/build/icyphy/ptII/ptolemy/domains/de/test/auto/CausalityInterface15.xml
7 ms. Memory: 48128K Free: 33728K (70%)
----------------- Invoking toplevel() on ptolemy.moml.MoMLSimpleApplication@4f50ed34
----------------- Done invoking toplevel() on ptolemy.moml.MoMLSimpleApplication@4f50ed34
reloadAllAccessors: .CausalityInterface15

===========================================================================================
----------------- testing Thu Nov 21 06:17:13 UTC 2019 /home/travis/build/icyphy/ptII/ptolemy/domains/de/test/auto/CausalityInterface2.xml
----------------- Instantiating /home/travis/build/icyphy/ptII/ptolemy/domains/de/test/auto/CausalityInterface2.xml
2 ms. Memory: 48128K Free: 28916K (60%)
[...]
	at ptolemy.actor.Manager.run(Manager.java:1263)
	at ptolemy.actor.Manager$PtolemyRunThread.run(Manager.java:1933)
java.lang.RuntimeException: Execution failed
	at ptolemy.moml.MoMLSimpleApplication$UnloadThread.run(MoMLSimpleApplication.java:402)
Caused by: ptolemy.kernel.util.IllegalActionException: Actor is not ready to fire.  Perhaps UpSample.prefire() returned false? Try debugging the actor by selecting "Listen to Actor".  Also, for SDF check moml for tokenConsumptionRate on input.
  in .DESDFClockTest.Play Bell.Copy1:SDF Director and .DESDFClockTest.Play Bell.UpSample
	at ptolemy.actor.sched.StaticSchedulingDirector.fire(StaticSchedulingDirector.java:227)
	at ptolemy.domains.sdf.kernel.SDFDirector.fire(SDFDirector.java:500)
	at ptolemy.actor.CompositeActor.fire(CompositeActor.java:455)
	at ptolemy.domains.de.kernel.DEDirector._fire(DEDirector.java:1949)
	at ptolemy.domains.de.kernel.DEDirector.fire(DEDirector.java:502)
	at ptolemy.actor.CompositeActor.fire(CompositeActor.java:455)
	at ptolemy.actor.Manager.iterate(Manager.java:851)
	at ptolemy.actor.Manager.execute(Manager.java:369)
	at ptolemy.actor.Manager.run(Manager.java:1263)
	at ptolemy.actor.Manager$PtolemyRunThread.run(Manager.java:1933)
java.lang.reflect.InvocationTargetException
	at java.base/jdk.internal.reflect.NativeConstructorAccessorImpl.newInstance0(Native Method)
	at java.base/jdk.internal.reflect.NativeConstructorAccessorImpl.newInstance(NativeConstructorAccessorImpl.java:62)
	at java.base/jdk.internal.reflect.DelegatingConstructorAccessorImpl.newInstance(DelegatingConstructorAccessorImpl.java:45)
	at java.base/java.lang.reflect.Constructor.newInstance(Constructor.java:490)
	at ptolemy.util.test.junit.AutoKnownFailedTests.RunModel(AutoKnownFailedTests.java:105)
	at java.base/jdk.internal.reflect.NativeMethodAccessorImpl.invoke0(Native Method)
	at java.base/jdk.internal.reflect.NativeMethodAccessorImpl.invoke(NativeMethodAccessorImpl.java:62)
	at java.base/jdk.internal.reflect.DelegatingMethodAccessorImpl.invoke(DelegatingMethodAccessorImpl.java:43)
	at java.base/java.lang.reflect.Method.invoke(Method.java:566)
	at org.junit.runners.model.FrameworkMethod$1.runReflectiveCall(FrameworkMethod.java:44)
	at org.junit.internal.runners.model.ReflectiveCallable.run(ReflectiveCallable.java:15)
	at org.junit.runners.model.FrameworkMethod.invokeExplosively(FrameworkMethod.java:41)
	at junitparams.internal.InvokeParameterisedMethod.evaluate(InvokeParameterisedMethod.java:102)
	at org.junit.internal.runners.statements.FailOnTimeout$1.run(FailOnTimeout.java:28)
Caused by: ptolemy.kernel.util.IllegalActionException: Actor is not ready to fire.  Perhaps UpSample.prefire() returned false? Try debugging the actor by selecting "Listen to Actor".  Also, for SDF check moml for tokenConsumptionRate on input.
  in .DESDFClockTest.Play Bell.Copy1:SDF Director and .DESDFClockTest.Play Bell.UpSample
	at ptolemy.actor.sched.StaticSchedulingDirector.fire(StaticSchedulingDirector.java:227)
	at ptolemy.domains.sdf.kernel.SDFDirector.fire(SDFDirector.java:500)
	at ptolemy.actor.CompositeActor.fire(CompositeActor.java:455)
	at ptolemy.domains.de.kernel.DEDirector._fire(DEDirector.java:1949)
	at ptolemy.domains.de.kernel.DEDirector.fire(DEDirector.java:502)
	at ptolemy.actor.CompositeActor.fire(CompositeActor.java:455)
	at ptolemy.actor.Manager.iterate(Manager.java:851)
	at ptolemy.actor.Manager.execute(Manager.java:369)
	at ptolemy.actor.Manager.run(Manager.java:1263)
	at ptolemy.actor.Manager$PtolemyRunThread.run(Manager.java:1933)
java.lang.RuntimeException: Execution failed
	at ptolemy.moml.MoMLSimpleApplication$UnloadThread.run(MoMLSimpleApplication.java:402)
Caused by: ptolemy.kernel.util.IllegalActionException: Test fails in iteration 1.
Value was: 1.0. Should have been: 2.0
  in .DirectFeedback.Test
	at ptolemy.actor.lib.Test.fire(Test.java:268)
	at ptolemy.domains.de.kernel.DEDirector._fire(DEDirector.java:1949)
	at ptolemy.domains.de.kernel.DEDirector.fire(DEDirector.java:502)
	at ptolemy.actor.CompositeActor.fire(CompositeActor.java:455)
	at ptolemy.actor.Manager.iterate(Manager.java:851)
	at ptolemy.actor.Manager.execute(Manager.java:369)
	at ptolemy.actor.Manager.run(Manager.java:1263)
	at ptolemy.actor.Manager$PtolemyRunThread.run(Manager.java:1933)
java.lang.reflect.InvocationTargetException
	at java.base/jdk.internal.reflect.NativeConstructorAccessorImpl.newInstance0(Native Method)
	at java.base/jdk.internal.reflect.NativeConstructorAccessorImpl.newInstance(NativeConstructorAccessorImpl.java:62)
	at java.base/jdk.internal.reflect.DelegatingConstructorAccessorImpl.newInstance(DelegatingConstructorAccessorImpl.java:45)
	at java.base/java.lang.reflect.Constructor.newInstance(Constructor.java:490)
	at ptolemy.util.test.junit.AutoKnownFailedTests.RunModel(AutoKnownFailedTests.java:105)
	at java.base/jdk.internal.reflect.NativeMethodAccessorImpl.invoke0(Native Method)
	at java.base/jdk.internal.reflect.NativeMethodAccessorImpl.invoke(NativeMethodAccessorImpl.java:62)
	at java.base/jdk.internal.reflect.DelegatingMethodAccessorImpl.invoke(DelegatingMethodAccessorImpl.java:43)
	at java.base/java.lang.reflect.Method.invoke(Method.java:566)
	at org.junit.runners.model.FrameworkMethod$1.runReflectiveCall(FrameworkMethod.java:44)
	at org.junit.internal.runners.model.ReflectiveCallable.run(ReflectiveCallable.java:15)
	at org.junit.runners.model.FrameworkMethod.invokeExplosively(FrameworkMethod.java:41)
	at junitparams.internal.InvokeParameterisedMethod.evaluate(InvokeParameterisedMethod.java:102)
	at org.junit.internal.runners.statements.FailOnTimeout$1.run(FailOnTimeout.java:28)
Caused by: ptolemy.kernel.util.IllegalActionException: Test fails in iteration 1.
Value was: 1.0. Should have been: 2.0
  in .DirectFeedback.Test
	at ptolemy.actor.lib.Test.fire(Test.java:268)
	at ptolemy.domains.de.kernel.DEDirector._fire(DEDirector.java:1949)
	at ptolemy.domains.de.kernel.DEDirector.fire(DEDirector.java:502)
	at ptolemy.actor.CompositeActor.fire(CompositeActor.java:455)
	at ptolemy.actor.Manager.iterate(Manager.java:851)
	at ptolemy.actor.Manager.execute(Manager.java:369)
	at ptolemy.actor.Manager.run(Manager.java:1263)
	at ptolemy.actor.Manager$PtolemyRunThread.run(Manager.java:1933)
java.lang.RuntimeException: Execution failed
	at ptolemy.moml.MoMLSimpleApplication$UnloadThread.run(MoMLSimpleApplication.java:402)
Caused by: ptolemy.kernel.util.IllegalActionException: Found a zero delay loop containing .HierarchicalModel.A
  in .HierarchicalModel and .HierarchicalModel.A
	at ptolemy.actor.util.CausalityInterfaceForComposites._computeOutputPortDepth(CausalityInterfaceForComposites.java:759)
	at ptolemy.actor.util.CausalityInterfaceForComposites._computeInputDepth(CausalityInterfaceForComposites.java:696)
	at ptolemy.actor.util.CausalityInterfaceForComposites._computeOutputPortDepth(CausalityInterfaceForComposites.java:765)
	at ptolemy.actor.util.CausalityInterfaceForComposites._computeInputDepth(CausalityInterfaceForComposites.java:696)
	at ptolemy.actor.util.CausalityInterfaceForComposites._computeOutputPortDepth(CausalityInterfaceForComposites.java:765)
	at ptolemy.actor.util.CausalityInterfaceForComposites._computeInputDepth(CausalityInterfaceForComposites.java:696)
	at ptolemy.actor.util.CausalityInterfaceForComposites._computeActorDepth(CausalityInterfaceForComposites.java:532)
	at ptolemy.actor.util.CausalityInterfaceForComposites.checkForCycles(CausalityInterfaceForComposites.java:96)
	at ptolemy.domains.de.kernel.DEDirector.preinitialize(DEDirector.java:1338)
	at ptolemy.actor.CompositeActor.preinitialize(CompositeActor.java:1828)
	at ptolemy.actor.Manager.preinitializeAndResolveTypes(Manager.java:1040)
	at ptolemy.actor.Manager.initialize(Manager.java:710)
	at ptolemy.actor.Manager.execute(Manager.java:356)
	at ptolemy.actor.Manager.run(Manager.java:1263)
	at ptolemy.actor.Manager$PtolemyRunThread.run(Manager.java:1933)
java.lang.reflect.InvocationTargetException
	at java.base/jdk.internal.reflect.NativeConstructorAccessorImpl.newInstance0(Native Method)
	at java.base/jdk.internal.reflect.NativeConstructorAccessorImpl.newInstance(NativeConstructorAccessorImpl.java:62)
	at java.base/jdk.internal.reflect.DelegatingConstructorAccessorImpl.newInstance(DelegatingConstructorAccessorImpl.java:45)
	at java.base/java.lang.reflect.Constructor.newInstance(Constructor.java:490)
	at ptolemy.util.test.junit.AutoKnownFailedTests.RunModel(AutoKnownFailedTests.java:105)
	at java.base/jdk.internal.reflect.NativeMethodAccessorImpl.invoke0(Native Method)
	at java.base/jdk.internal.reflect.NativeMethodAccessorImpl.invoke(NativeMethodAccessorImpl.java:62)
	at java.base/jdk.internal.reflect.DelegatingMethodAccessorImpl.invoke(DelegatingMethodAccessorImpl.java:43)
	at java.base/java.lang.reflect.Method.invoke(Method.java:566)
	at org.junit.runners.model.FrameworkMethod$1.runReflectiveCall(FrameworkMethod.java:44)
	at org.junit.internal.runners.model.ReflectiveCallable.run(ReflectiveCallable.java:15)
	at org.junit.runners.model.FrameworkMethod.invokeExplosively(FrameworkMethod.java:41)
	at junitparams.internal.InvokeParameterisedMethod.evaluate(InvokeParameterisedMethod.java:102)
	at org.junit.internal.runners.statements.FailOnTimeout$1.run(FailOnTimeout.java:28)
Caused by: ptolemy.kernel.util.IllegalActionException: Found a zero delay loop containing .HierarchicalModel.A
  in .HierarchicalModel and .HierarchicalModel.A
	at ptolemy.actor.util.CausalityInterfaceForComposites._computeOutputPortDepth(CausalityInterfaceForComposites.java:759)
	at ptolemy.actor.util.CausalityInterfaceForComposites._computeInputDepth(CausalityInterfaceForComposites.java:696)
	at ptolemy.actor.util.CausalityInterfaceForComposites._computeOutputPortDepth(CausalityInterfaceForComposites.java:765)
	at ptolemy.actor.util.CausalityInterfaceForComposites._computeInputDepth(CausalityInterfaceForComposites.java:696)
	at ptolemy.actor.util.CausalityInterfaceForComposites._computeOutputPortDepth(CausalityInterfaceForComposites.java:765)
	at ptolemy.actor.util.CausalityInterfaceForComposites._computeInputDepth(CausalityInterfaceForComposites.java:696)
	at ptolemy.actor.util.CausalityInterfaceForComposites._computeActorDepth(CausalityInterfaceForComposites.java:532)
	at ptolemy.actor.util.CausalityInterfaceForComposites.checkForCycles(CausalityInterfaceForComposites.java:96)
	at ptolemy.domains.de.kernel.DEDirector.preinitialize(DEDirector.java:1338)
	at ptolemy.actor.CompositeActor.preinitialize(CompositeActor.java:1828)
	at ptolemy.actor.Manager.preinitializeAndResolveTypes(Manager.java:1040)
	at ptolemy.actor.Manager.initialize(Manager.java:710)
	at ptolemy.actor.Manager.execute(Manager.java:356)
	at ptolemy.actor.Manager.run(Manager.java:1263)
	at ptolemy.actor.Manager$PtolemyRunThread.run(Manager.java:1933)
java.lang.RuntimeException: Execution failed
	at ptolemy.moml.MoMLSimpleApplication$UnloadThread.run(MoMLSimpleApplication.java:402)
Caused by: ptolemy.kernel.util.IllegalActionException: Found a zero delay loop containing .dependencyLoop.original
  in .dependencyLoop and .dependencyLoop.original
	at ptolemy.actor.util.CausalityInterfaceForComposites._computeOutputPortDepth(CausalityInterfaceForComposites.java:759)
	at ptolemy.actor.util.CausalityInterfaceForComposites._computeInputDepth(CausalityInterfaceForComposites.java:696)
	at ptolemy.actor.util.CausalityInterfaceForComposites._computeOutputPortDepth(CausalityInterfaceForComposites.java:765)
	at ptolemy.actor.util.CausalityInterfaceForComposites._computeInputDepth(CausalityInterfaceForComposites.java:696)
	at ptolemy.actor.util.CausalityInterfaceForComposites._computeOutputPortDepth(CausalityInterfaceForComposites.java:765)
	at ptolemy.actor.util.CausalityInterfaceForComposites._computeInputDepth(CausalityInterfaceForComposites.java:696)
	at ptolemy.actor.util.CausalityInterfaceForComposites._computeActorDepth(CausalityInterfaceForComposites.java:532)
	at ptolemy.actor.util.CausalityInterfaceForComposites.checkForCycles(CausalityInterfaceForComposites.java:96)
	at ptolemy.domains.de.kernel.DEDirector.preinitialize(DEDirector.java:1338)
	at ptolemy.actor.CompositeActor.preinitialize(CompositeActor.java:1828)
	at ptolemy.actor.Manager.preinitializeAndResolveTypes(Manager.java:1040)
	at ptolemy.actor.Manager.initialize(Manager.java:710)
	at ptolemy.actor.Manager.execute(Manager.java:356)
	at ptolemy.actor.Manager.run(Manager.java:1263)
	at ptolemy.actor.Manager$PtolemyRunThread.run(Manager.java:1933)
java.lang.reflect.InvocationTargetException
	at java.base/jdk.internal.reflect.NativeConstructorAccessorImpl.newInstance0(Native Method)
	at java.base/jdk.internal.reflect.NativeConstructorAccessorImpl.newInstance(NativeConstructorAccessorImpl.java:62)
	at java.base/jdk.internal.reflect.DelegatingConstructorAccessorImpl.newInstance(DelegatingConstructorAccessorImpl.java:45)
	at java.base/java.lang.reflect.Constructor.newInstance(Constructor.java:490)
	at ptolemy.util.test.junit.AutoKnownFailedTests.RunModel(AutoKnownFailedTests.java:105)
	at java.base/jdk.internal.reflect.NativeMethodAccessorImpl.invoke0(Native Method)
	at java.base/jdk.internal.reflect.NativeMethodAccessorImpl.invoke(NativeMethodAccessorImpl.java:62)
	at java.base/jdk.internal.reflect.DelegatingMethodAccessorImpl.invoke(DelegatingMethodAccessorImpl.java:43)
	at java.base/java.lang.reflect.Method.invoke(Method.java:566)
	at org.junit.runners.model.FrameworkMethod$1.runReflectiveCall(FrameworkMethod.java:44)
	at org.junit.internal.runners.model.ReflectiveCallable.run(ReflectiveCallable.java:15)
	at org.junit.runners.model.FrameworkMethod.invokeExplosively(FrameworkMethod.java:41)
	at junitparams.internal.InvokeParameterisedMethod.evaluate(InvokeParameterisedMethod.java:102)
	at org.junit.internal.runners.statements.FailOnTimeout$1.run(FailOnTimeout.java:28)
Caused by: ptolemy.kernel.util.IllegalActionException: Found a zero delay loop containing .dependencyLoop.original
  in .dependencyLoop and .dependencyLoop.original
	at ptolemy.actor.util.CausalityInterfaceForComposites._computeOutputPortDepth(CausalityInterfaceForComposites.java:759)
	at ptolemy.actor.util.CausalityInterfaceForComposites._computeInputDepth(CausalityInterfaceForComposites.java:696)
	at ptolemy.actor.util.CausalityInterfaceForComposites._computeOutputPortDepth(CausalityInterfaceForComposites.java:765)
	at ptolemy.actor.util.CausalityInterfaceForComposites._computeInputDepth(CausalityInterfaceForComposites.java:696)
	at ptolemy.actor.util.CausalityInterfaceForComposites._computeOutputPortDepth(CausalityInterfaceForComposites.java:765)
	at ptolemy.actor.util.CausalityInterfaceForComposites._computeInputDepth(CausalityInterfaceForComposites.java:696)
	at ptolemy.actor.util.CausalityInterfaceForComposites._computeActorDepth(CausalityInterfaceForComposites.java:532)
	at ptolemy.actor.util.CausalityInterfaceForComposites.checkForCycles(CausalityInterfaceForComposites.java:96)
	at ptolemy.domains.de.kernel.DEDirector.preinitialize(DEDirector.java:1338)
	at ptolemy.actor.CompositeActor.preinitialize(CompositeActor.java:1828)
	at ptolemy.actor.Manager.preinitializeAndResolveTypes(Manager.java:1040)
	at ptolemy.actor.Manager.initialize(Manager.java:710)
	at ptolemy.actor.Manager.execute(Manager.java:356)
	at ptolemy.actor.Manager.run(Manager.java:1263)
	at ptolemy.actor.Manager$PtolemyRunThread.run(Manager.java:1933)
java.lang.RuntimeException: Execution failed
	at ptolemy.moml.MoMLSimpleApplication$UnloadThread.run(MoMLSimpleApplication.java:402)
Caused by: ptolemy.kernel.util.IllegalActionException: Found a zero delay loop containing .dependencyLoop2.original
  in .dependencyLoop2 and .dependencyLoop2.original
	at ptolemy.actor.util.CausalityInterfaceForComposites._computeOutputPortDepth(CausalityInterfaceForComposites.java:759)
	at ptolemy.actor.util.CausalityInterfaceForComposites._computeInputDepth(CausalityInterfaceForComposites.java:696)
	at ptolemy.actor.util.CausalityInterfaceForComposites._computeOutputPortDepth(CausalityInterfaceForComposites.java:765)
	at ptolemy.actor.util.CausalityInterfaceForComposites._computeInputDepth(CausalityInterfaceForComposites.java:696)
	at ptolemy.actor.util.CausalityInterfaceForComposites._computeOutputPortDepth(CausalityInterfaceForComposites.java:765)
	at ptolemy.actor.util.CausalityInterfaceForComposites._computeInputDepth(CausalityInterfaceForComposites.java:696)
	at ptolemy.actor.util.CausalityInterfaceForComposites._computeActorDepth(CausalityInterfaceForComposites.java:532)
	at ptolemy.actor.util.CausalityInterfaceForComposites.checkForCycles(CausalityInterfaceForComposites.java:96)
	at ptolemy.domains.de.kernel.DEDirector.preinitialize(DEDirector.java:1338)
	at ptolemy.actor.CompositeActor.preinitialize(CompositeActor.java:1828)
	at ptolemy.actor.Manager.preinitializeAndResolveTypes(Manager.java:1040)
	at ptolemy.actor.Manager.initialize(Manager.java:710)
	at ptolemy.actor.Manager.execute(Manager.java:356)
	at ptolemy.actor.Manager.run(Manager.java:1263)
	at ptolemy.actor.Manager$PtolemyRunThread.run(Manager.java:1933)
java.lang.reflect.InvocationTargetException
	at java.base/jdk.internal.reflect.NativeConstructorAccessorImpl.newInstance0(Native Method)
	at java.base/jdk.internal.reflect.NativeConstructorAccessorImpl.newInstance(NativeConstructorAccessorImpl.java:62)
	at java.base/jdk.internal.reflect.DelegatingConstructorAccessorImpl.newInstance(DelegatingConstructorAccessorImpl.java:45)
	at java.base/java.lang.reflect.Constructor.newInstance(Constructor.java:490)
	at ptolemy.util.test.junit.AutoKnownFailedTests.RunModel(AutoKnownFailedTests.java:105)
	at java.base/jdk.internal.reflect.NativeMethodAccessorImpl.invoke0(Native Method)
	at java.base/jdk.internal.reflect.NativeMethodAccessorImpl.invoke(NativeMethodAccessorImpl.java:62)
	at java.base/jdk.internal.reflect.DelegatingMethodAccessorImpl.invoke(DelegatingMethodAccessorImpl.java:43)
	at java.base/java.lang.reflect.Method.invoke(Method.java:566)
	at org.junit.runners.model.FrameworkMethod$1.runReflectiveCall(FrameworkMethod.java:44)
	at org.junit.internal.runners.model.ReflectiveCallable.run(ReflectiveCallable.java:15)
	at org.junit.runners.model.FrameworkMethod.invokeExplosively(FrameworkMethod.java:41)
	at junitparams.internal.InvokeParameterisedMethod.evaluate(InvokeParameterisedMethod.java:102)
	at org.junit.internal.runners.statements.FailOnTimeout$1.run(FailOnTimeout.java:28)
Caused by: ptolemy.kernel.util.IllegalActionException: Found a zero delay loop containing .dependencyLoop2.original
  in .dependencyLoop2 and .dependencyLoop2.original
	at ptolemy.actor.util.CausalityInterfaceForComposites._computeOutputPortDepth(CausalityInterfaceForComposites.java:759)
	at ptolemy.actor.util.CausalityInterfaceForComposites._computeInputDepth(CausalityInterfaceForComposites.java:696)
	at ptolemy.actor.util.CausalityInterfaceForComposites._computeOutputPortDepth(CausalityInterfaceForComposites.java:765)
	at ptolemy.actor.util.CausalityInterfaceForComposites._computeInputDepth(CausalityInterfaceForComposites.java:696)
	at ptolemy.actor.util.CausalityInterfaceForComposites._computeOutputPortDepth(CausalityInterfaceForComposites.java:765)
	at ptolemy.actor.util.CausalityInterfaceForComposites._computeInputDepth(CausalityInterfaceForComposites.java:696)
	at ptolemy.actor.util.CausalityInterfaceForComposites._computeActorDepth(CausalityInterfaceForComposites.java:532)
	at ptolemy.actor.util.CausalityInterfaceForComposites.checkForCycles(CausalityInterfaceForComposites.java:96)
	at ptolemy.domains.de.kernel.DEDirector.preinitialize(DEDirector.java:1338)
	at ptolemy.actor.CompositeActor.preinitialize(CompositeActor.java:1828)
	at ptolemy.actor.Manager.preinitializeAndResolveTypes(Manager.java:1040)
	at ptolemy.actor.Manager.initialize(Manager.java:710)
	at ptolemy.actor.Manager.execute(Manager.java:356)
	at ptolemy.actor.Manager.run(Manager.java:1263)
	at ptolemy.actor.Manager$PtolemyRunThread.run(Manager.java:1933)
]]></system-err>
</testsuite>
