<?xml version="1.0" encoding="UTF-8" ?>
<testsuite errors="0" failures="0" hostname="travis-job-bcca4ea2-21e4-4d4f-83bc-9feddb933ba6" name="ptolemy.actor.lib.hoc.test.junit.JUnitTclTest" skipped="0" tests="58" time="34.714" timestamp="2019-12-05T06:16:24">
  <properties>
[...]
</properties>
  <testcase classname="ptolemy.util.test.junit.TclTests" name="[0] /home/travis/build/icyphy/ptII/ptolemy/actor/lib/hoc/test/IterateOverArray.tcl (RunTclFile)" time="0.326" />
  <testcase classname="ptolemy.util.test.junit.AutoKnownFailedTests" name="[0] /home/travis/build/icyphy/ptII/ptolemy/actor/lib/hoc/test/auto/knownFailedTests/PreinitializeMustBeInvokedRunComposite.xml (RunModel)" time="0.358" />
  <testcase classname="ptolemy.util.test.junit.AutoNameArchTests" name="[0] ThereAreNoAutoArchTests (RunModel)" time="0.002" />
  <testcase classname="ptolemy.util.test.junit.AutoTests" name="[0] /home/travis/build/icyphy/ptII/ptolemy/actor/lib/hoc/test/auto/AllToAllMultiInstanceComposite.xml (RunModel)" time="0.449" />
  <testcase classname="ptolemy.util.test.junit.AutoTests" name="[1] /home/travis/build/icyphy/ptII/ptolemy/actor/lib/hoc/test/auto/ApplyFFTTest.xml (RunModel)" time="0.364" />
  <testcase classname="ptolemy.util.test.junit.AutoTests" name="[2] /home/travis/build/icyphy/ptII/ptolemy/actor/lib/hoc/test/auto/ApplyFunction.xml (RunModel)" time="0.036" />
  <testcase classname="ptolemy.util.test.junit.AutoTests" name="[3] /home/travis/build/icyphy/ptII/ptolemy/actor/lib/hoc/test/auto/BackgroundExecution.xml (RunModel)" time="0.725" />
  <testcase classname="ptolemy.util.test.junit.AutoTests" name="[4] /home/travis/build/icyphy/ptII/ptolemy/actor/lib/hoc/test/auto/Case.xml (RunModel)" time="0.096" />
  <testcase classname="ptolemy.util.test.junit.AutoTests" name="[5] /home/travis/build/icyphy/ptII/ptolemy/actor/lib/hoc/test/auto/Case1.xml (RunModel)" time="0.098" />
  <testcase classname="ptolemy.util.test.junit.AutoTests" name="[6] /home/travis/build/icyphy/ptII/ptolemy/actor/lib/hoc/test/auto/Case2.xml (RunModel)" time="0.126" />
  <testcase classname="ptolemy.util.test.junit.AutoTests" name="[7] /home/travis/build/icyphy/ptII/ptolemy/actor/lib/hoc/test/auto/Case3.xml (RunModel)" time="0.048" />
  <testcase classname="ptolemy.util.test.junit.AutoTests" name="[8] /home/travis/build/icyphy/ptII/ptolemy/actor/lib/hoc/test/auto/Case4.xml (RunModel)" time="0.078" />
  <testcase classname="ptolemy.util.test.junit.AutoTests" name="[9] /home/travis/build/icyphy/ptII/ptolemy/actor/lib/hoc/test/auto/Case5.xml (RunModel)" time="0.1" />
  <testcase classname="ptolemy.util.test.junit.AutoTests" name="[10] /home/travis/build/icyphy/ptII/ptolemy/actor/lib/hoc/test/auto/Case6.xml (RunModel)" time="0.11" />
  <testcase classname="ptolemy.util.test.junit.AutoTests" name="[11] /home/travis/build/icyphy/ptII/ptolemy/actor/lib/hoc/test/auto/CaseString2.xml (RunModel)" time="0.066" />
  <testcase classname="ptolemy.util.test.junit.AutoTests" name="[12] /home/travis/build/icyphy/ptII/ptolemy/actor/lib/hoc/test/auto/CatchUpComposite1.xml (RunModel)" time="0.096" />
  <testcase classname="ptolemy.util.test.junit.AutoTests" name="[13] /home/travis/build/icyphy/ptII/ptolemy/actor/lib/hoc/test/auto/CatchUpComposite2.xml (RunModel)" time="0.074" />
  <testcase classname="ptolemy.util.test.junit.AutoTests" name="[14] /home/travis/build/icyphy/ptII/ptolemy/actor/lib/hoc/test/auto/CatchUpComposite3.xml (RunModel)" time="0.078" />
  <testcase classname="ptolemy.util.test.junit.AutoTests" name="[15] /home/travis/build/icyphy/ptII/ptolemy/actor/lib/hoc/test/auto/CatchUpComposite4.xml (RunModel)" time="0.047" />
  <testcase classname="ptolemy.util.test.junit.AutoTests" name="[16] /home/travis/build/icyphy/ptII/ptolemy/actor/lib/hoc/test/auto/CatchUpComposite5.xml (RunModel)" time="0.048" />
  <testcase classname="ptolemy.util.test.junit.AutoTests" name="[17] /home/travis/build/icyphy/ptII/ptolemy/actor/lib/hoc/test/auto/CatchUpComposite6.xml (RunModel)" time="0.189" />
  <testcase classname="ptolemy.util.test.junit.AutoTests" name="[18] /home/travis/build/icyphy/ptII/ptolemy/actor/lib/hoc/test/auto/CatchUpComposite7.xml (RunModel)" time="0.114" />
  <testcase classname="ptolemy.util.test.junit.AutoTests" name="[19] /home/travis/build/icyphy/ptII/ptolemy/actor/lib/hoc/test/auto/ConcurrentExecutionTimeSDF.xml (RunModel)" time="1.781" />
  <testcase classname="ptolemy.util.test.junit.AutoTests" name="[20] /home/travis/build/icyphy/ptII/ptolemy/actor/lib/hoc/test/auto/ConcurrentSleep.xml (RunModel)" time="0.77" />
  <testcase classname="ptolemy.util.test.junit.AutoTests" name="[21] /home/travis/build/icyphy/ptII/ptolemy/actor/lib/hoc/test/auto/DEInPNInRunCompositeActor.xml (RunModel)" time="0.03" />
  <testcase classname="ptolemy.util.test.junit.AutoTests" name="[22] /home/travis/build/icyphy/ptII/ptolemy/actor/lib/hoc/test/auto/DFTSubSetTest.xml (RunModel)" time="0.369" />
  <testcase classname="ptolemy.util.test.junit.AutoTests" name="[23] /home/travis/build/icyphy/ptII/ptolemy/actor/lib/hoc/test/auto/HocDE.xml (RunModel)" time="0.189" />
  <testcase classname="ptolemy.util.test.junit.AutoTests" name="[24] /home/travis/build/icyphy/ptII/ptolemy/actor/lib/hoc/test/auto/IterateOverArray.xml (RunModel)" time="0.026" />
  <testcase classname="ptolemy.util.test.junit.AutoTests" name="[25] /home/travis/build/icyphy/ptII/ptolemy/actor/lib/hoc/test/auto/IterateOverArray10.xml (RunModel)" time="0.023" />
  <testcase classname="ptolemy.util.test.junit.AutoTests" name="[26] /home/travis/build/icyphy/ptII/ptolemy/actor/lib/hoc/test/auto/IterateOverArray11.xml (RunModel)" time="0.047" />
  <testcase classname="ptolemy.util.test.junit.AutoTests" name="[27] /home/travis/build/icyphy/ptII/ptolemy/actor/lib/hoc/test/auto/IterateOverArray12.xml (RunModel)" time="0.062" />
  <testcase classname="ptolemy.util.test.junit.AutoTests" name="[28] /home/travis/build/icyphy/ptII/ptolemy/actor/lib/hoc/test/auto/IterateOverArray13.xml (RunModel)" time="0.154" />
  <testcase classname="ptolemy.util.test.junit.AutoTests" name="[29] /home/travis/build/icyphy/ptII/ptolemy/actor/lib/hoc/test/auto/IterateOverArray14.xml (RunModel)" time="0.177" />
  <testcase classname="ptolemy.util.test.junit.AutoTests" name="[30] /home/travis/build/icyphy/ptII/ptolemy/actor/lib/hoc/test/auto/IterateOverArray2.xml (RunModel)" time="0.03" />
  <testcase classname="ptolemy.util.test.junit.AutoTests" name="[31] /home/travis/build/icyphy/ptII/ptolemy/actor/lib/hoc/test/auto/IterateOverArray3.xml (RunModel)" time="0.048" />
  <testcase classname="ptolemy.util.test.junit.AutoTests" name="[32] /home/travis/build/icyphy/ptII/ptolemy/actor/lib/hoc/test/auto/IterateOverArray4.xml (RunModel)" time="0.028" />
  <testcase classname="ptolemy.util.test.junit.AutoTests" name="[33] /home/travis/build/icyphy/ptII/ptolemy/actor/lib/hoc/test/auto/IterateOverArray5.xml (RunModel)" time="0.019" />
  <testcase classname="ptolemy.util.test.junit.AutoTests" name="[34] /home/travis/build/icyphy/ptII/ptolemy/actor/lib/hoc/test/auto/IterateOverArray6.xml (RunModel)" time="0.017" />
  <testcase classname="ptolemy.util.test.junit.AutoTests" name="[35] /home/travis/build/icyphy/ptII/ptolemy/actor/lib/hoc/test/auto/IterateOverArray7.xml (RunModel)" time="0.028" />
  <testcase classname="ptolemy.util.test.junit.AutoTests" name="[36] /home/travis/build/icyphy/ptII/ptolemy/actor/lib/hoc/test/auto/IterateOverArray8.xml (RunModel)" time="0.031" />
  <testcase classname="ptolemy.util.test.junit.AutoTests" name="[37] /home/travis/build/icyphy/ptII/ptolemy/actor/lib/hoc/test/auto/IterateOverArray9.xml (RunModel)" time="0.026" />
  <testcase classname="ptolemy.util.test.junit.AutoTests" name="[38] /home/travis/build/icyphy/ptII/ptolemy/actor/lib/hoc/test/auto/IterateOverArrayCoercedOutputType.xml (RunModel)" time="0.029" />
  <testcase classname="ptolemy.util.test.junit.AutoTests" name="[39] /home/travis/build/icyphy/ptII/ptolemy/actor/lib/hoc/test/auto/IterateOverArrayInferredOutputType.xml (RunModel)" time="0.019" />
  <testcase classname="ptolemy.util.test.junit.AutoTests" name="[40] /home/travis/build/icyphy/ptII/ptolemy/actor/lib/hoc/test/auto/MobileFunctionTest.xml (RunModel)" time="0.018" />
  <testcase classname="ptolemy.util.test.junit.AutoTests" name="[41] /home/travis/build/icyphy/ptII/ptolemy/actor/lib/hoc/test/auto/MobileModelTest.xml (RunModel)" time="0.211" />
  <testcase classname="ptolemy.util.test.junit.AutoTests" name="[42] /home/travis/build/icyphy/ptII/ptolemy/actor/lib/hoc/test/auto/ModelReference.xml (RunModel)" time="0.084" />
  <testcase classname="ptolemy.util.test.junit.AutoTests" name="[43] /home/travis/build/icyphy/ptII/ptolemy/actor/lib/hoc/test/auto/ModelReference3.xml (RunModel)" time="0.045" />
  <testcase classname="ptolemy.util.test.junit.AutoTests" name="[44] /home/travis/build/icyphy/ptII/ptolemy/actor/lib/hoc/test/auto/ModelReference4.xml (RunModel)" time="10.03" />
  <testcase classname="ptolemy.util.test.junit.AutoTests" name="[45] /home/travis/build/icyphy/ptII/ptolemy/actor/lib/hoc/test/auto/MultiInstanceComposite.xml (RunModel)" time="0.056" />
  <testcase classname="ptolemy.util.test.junit.AutoTests" name="[46] /home/travis/build/icyphy/ptII/ptolemy/actor/lib/hoc/test/auto/MultiInstanceComposite2.xml (RunModel)" time="0.032" />
  <testcase classname="ptolemy.util.test.junit.AutoTests" name="[47] /home/travis/build/icyphy/ptII/ptolemy/actor/lib/hoc/test/auto/MulticoreExecution.xml (RunModel)" time="1.107" />
  <testcase classname="ptolemy.util.test.junit.AutoTests" name="[48] /home/travis/build/icyphy/ptII/ptolemy/actor/lib/hoc/test/auto/ParallelExecution.xml (RunModel)" time="0.945" />
  <testcase classname="ptolemy.util.test.junit.AutoTests" name="[49] /home/travis/build/icyphy/ptII/ptolemy/actor/lib/hoc/test/auto/RunCompositeActor.xml (RunModel)" time="0.021" />
  <testcase classname="ptolemy.util.test.junit.AutoTests" name="[50] /home/travis/build/icyphy/ptII/ptolemy/actor/lib/hoc/test/auto/RunCompositeActor2.xml (RunModel)" time="0.019" />
  <testcase classname="ptolemy.util.test.junit.AutoTests" name="[51] /home/travis/build/icyphy/ptII/ptolemy/actor/lib/hoc/test/auto/RunCompositeActor3.xml (RunModel)" time="0.019" />
  <testcase classname="ptolemy.util.test.junit.AutoTests" name="[52] /home/travis/build/icyphy/ptII/ptolemy/actor/lib/hoc/test/auto/RunCompositeActor4.xml (RunModel)" time="0.024" />
  <testcase classname="ptolemy.util.test.junit.AutoTests" name="[53] /home/travis/build/icyphy/ptII/ptolemy/actor/lib/hoc/test/auto/RunCompositeIterateOverArray.xml (RunModel)" time="0.023" />
  <testcase classname="ptolemy.util.test.junit.AutoTests" name="[54] /home/travis/build/icyphy/ptII/ptolemy/actor/lib/hoc/test/auto/ThreadedJS.xml (RunModel)" time="13.839" />
  <system-out><![CDATA[/home/travis/build/icyphy/ptII/ptolemy/actor/lib/hoc/test/IterateOverArray.tcl
testDefs.tcl: setting time out to 9000 seconds at Thu Dec 05 06:16:24 UTC 2019
12/05/19 06:16:25
Failed: 0  Total Tests: 2  ((Passed: 2, Newly Passed: 0)  Known Failed: 0) /home/travis/build/icyphy/ptII/ptolemy/actor/lib/hoc/test
----------------- testing (KnownFailure) /home/travis/build/icyphy/ptII/ptolemy/actor/lib/hoc/test/auto/knownFailedTests/PreinitializeMustBeInvokedRunComposite.xml
82 ms. Memory: 120832K Free: 80323K (66%)
Known Failure: java.lang.reflect.InvocationTargetException
No auto/linux-amd64/*.xml tests in /home/travis/build/icyphy/ptII/ptolemy/actor/lib/hoc/test
AutoTests.java: About to close Vertx.
AutoTests.java: Vertx closed.

===========================================================================================
----------------- testing Thu Dec 05 06:16:25 UTC 2019 /home/travis/build/icyphy/ptII/ptolemy/actor/lib/hoc/test/auto/AllToAllMultiInstanceComposite.xml
----------------- Instantiating /home/travis/build/icyphy/ptII/ptolemy/actor/lib/hoc/test/auto/AllToAllMultiInstanceComposite.xml
202 ms. Memory: 120832K Free: 89765K (74%)
----------------- Invoking toplevel() on ptolemy.moml.MoMLSimpleApplication@5dcf1f30
----------------- Done invoking toplevel() on ptolemy.moml.MoMLSimpleApplication@5dcf1f30
reloadAllAccessors: .AllToAllMultiInstanceComposite

===========================================================================================
----------------- testing Thu Dec 05 06:16:26 UTC 2019 /home/travis/build/icyphy/ptII/ptolemy/actor/lib/hoc/test/auto/ApplyFFTTest.xml
----------------- Instantiating /home/travis/build/icyphy/ptII/ptolemy/actor/lib/hoc/test/auto/ApplyFFTTest.xml
142 ms. Memory: 120832K Free: 92497K (77%)
----------------- Invoking toplevel() on ptolemy.moml.MoMLSimpleApplication@7fe77ff1
----------------- Done invoking toplevel() on ptolemy.moml.MoMLSimpleApplication@7fe77ff1
reloadAllAccessors: .ApplyFFTTest

===========================================================================================
----------------- testing Thu Dec 05 06:16:26 UTC 2019 /home/travis/build/icyphy/ptII/ptolemy/actor/lib/hoc/test/auto/ApplyFunction.xml
----------------- Instantiating /home/travis/build/icyphy/ptII/ptolemy/actor/lib/hoc/test/auto/ApplyFunction.xml
5 ms. Memory: 120832K Free: 89181K (74%)
----------------- Invoking toplevel() on ptolemy.moml.MoMLSimpleApplication@f8493c6
----------------- Done invoking toplevel() on ptolemy.moml.MoMLSimpleApplication@f8493c6
reloadAllAccessors: .ApplyFunction

===========================================================================================
----------------- testing Thu Dec 05 06:16:26 UTC 2019 /home/travis/build/icyphy/ptII/ptolemy/actor/lib/hoc/test/auto/BackgroundExecution.xml
----------------- Instantiating /home/travis/build/icyphy/ptII/ptolemy/actor/lib/hoc/test/auto/BackgroundExecution.xml
624 ms. Memory: 120832K Free: 82027K (68%)
----------------- Invoking toplevel() on ptolemy.moml.MoMLSimpleApplication@7ee1a485
----------------- Done invoking toplevel() on ptolemy.moml.MoMLSimpleApplication@7ee1a485
reloadAllAccessors: .BackgroundExecution

===========================================================================================
----------------- testing Thu Dec 05 06:16:27 UTC 2019 /home/travis/build/icyphy/ptII/ptolemy/actor/lib/hoc/test/auto/Case.xml
----------------- Instantiating /home/travis/build/icyphy/ptII/ptolemy/actor/lib/hoc/test/auto/Case.xml
38 ms. Memory: 148480K Free: 134021K (90%)
----------------- Invoking toplevel() on ptolemy.moml.MoMLSimpleApplication@229010d7
----------------- Done invoking toplevel() on ptolemy.moml.MoMLSimpleApplication@229010d7
reloadAllAccessors: .Case

===========================================================================================
----------------- testing Thu Dec 05 06:16:27 UTC 2019 /home/travis/build/icyphy/ptII/ptolemy/actor/lib/hoc/test/auto/Case1.xml
----------------- Instantiating /home/travis/build/icyphy/ptII/ptolemy/actor/lib/hoc/test/auto/Case1.xml
27 ms. Memory: 148480K Free: 127016K (86%)
----------------- Invoking toplevel() on ptolemy.moml.MoMLSimpleApplication@2530894
----------------- Done invoking toplevel() on ptolemy.moml.MoMLSimpleApplication@2530894
reloadAllAccessors: .Case1

===========================================================================================
----------------- testing Thu Dec 05 06:16:27 UTC 2019 /home/travis/build/icyphy/ptII/ptolemy/actor/lib/hoc/test/auto/Case2.xml
----------------- Instantiating /home/travis/build/icyphy/ptII/ptolemy/actor/lib/hoc/test/auto/Case2.xml
27 ms. Memory: 148480K Free: 117004K (79%)
----------------- Invoking toplevel() on ptolemy.moml.MoMLSimpleApplication@516ad5f4
----------------- Done invoking toplevel() on ptolemy.moml.MoMLSimpleApplication@516ad5f4
reloadAllAccessors: .Case2

===========================================================================================
----------------- testing Thu Dec 05 06:16:27 UTC 2019 /home/travis/build/icyphy/ptII/ptolemy/actor/lib/hoc/test/auto/Case3.xml
----------------- Instantiating /home/travis/build/icyphy/ptII/ptolemy/actor/lib/hoc/test/auto/Case3.xml
14 ms. Memory: 148480K Free: 111136K (75%)
----------------- Invoking toplevel() on ptolemy.moml.MoMLSimpleApplication@1352b643
----------------- Done invoking toplevel() on ptolemy.moml.MoMLSimpleApplication@1352b643
reloadAllAccessors: .Case3

===========================================================================================
----------------- testing Thu Dec 05 06:16:27 UTC 2019 /home/travis/build/icyphy/ptII/ptolemy/actor/lib/hoc/test/auto/Case4.xml
----------------- Instantiating /home/travis/build/icyphy/ptII/ptolemy/actor/lib/hoc/test/auto/Case4.xml
23 ms. Memory: 148480K Free: 103464K (70%)
----------------- Invoking toplevel() on ptolemy.moml.MoMLSimpleApplication@3cdd0efe
----------------- Done invoking toplevel() on ptolemy.moml.MoMLSimpleApplication@3cdd0efe
reloadAllAccessors: .Case4

===========================================================================================
----------------- testing Thu Dec 05 06:16:27 UTC 2019 /home/travis/build/icyphy/ptII/ptolemy/actor/lib/hoc/test/auto/Case5.xml
----------------- Instantiating /home/travis/build/icyphy/ptII/ptolemy/actor/lib/hoc/test/auto/Case5.xml
56 ms. Memory: 148480K Free: 97095K (65%)
----------------- Invoking toplevel() on ptolemy.moml.MoMLSimpleApplication@463bb862
----------------- Done invoking toplevel() on ptolemy.moml.MoMLSimpleApplication@463bb862
reloadAllAccessors: .junk

===========================================================================================
----------------- testing Thu Dec 05 06:16:27 UTC 2019 /home/travis/build/icyphy/ptII/ptolemy/actor/lib/hoc/test/auto/Case6.xml
----------------- Instantiating /home/travis/build/icyphy/ptII/ptolemy/actor/lib/hoc/test/auto/Case6.xml
57 ms. Memory: 148480K Free: 129048K (87%)
----------------- Invoking toplevel() on ptolemy.moml.MoMLSimpleApplication@2a3852da
----------------- Done invoking toplevel() on ptolemy.moml.MoMLSimpleApplication@2a3852da
reloadAllAccessors: .Case6

===========================================================================================
----------------- testing Thu Dec 05 06:16:28 UTC 2019 /home/travis/build/icyphy/ptII/ptolemy/actor/lib/hoc/test/auto/CaseString2.xml
----------------- Instantiating /home/travis/build/icyphy/ptII/ptolemy/actor/lib/hoc/test/auto/CaseString2.xml
20 ms. Memory: 148480K Free: 121516K (82%)
----------------- Invoking toplevel() on ptolemy.moml.MoMLSimpleApplication@35efc015
----------------- Done invoking toplevel() on ptolemy.moml.MoMLSimpleApplication@35efc015
reloadAllAccessors: .CaseString2

===========================================================================================
----------------- testing Thu Dec 05 06:16:28 UTC 2019 /home/travis/build/icyphy/ptII/ptolemy/actor/lib/hoc/test/auto/CatchUpComposite1.xml
----------------- Instantiating /home/travis/build/icyphy/ptII/ptolemy/actor/lib/hoc/test/auto/CatchUpComposite1.xml
36 ms. Memory: 148480K Free: 111938K (75%)
----------------- Invoking toplevel() on ptolemy.moml.MoMLSimpleApplication@28d63d10
----------------- Done invoking toplevel() on ptolemy.moml.MoMLSimpleApplication@28d63d10
reloadAllAccessors: .CatchUpComposite1

===========================================================================================
----------------- testing Thu Dec 05 06:16:28 UTC 2019 /home/travis/build/icyphy/ptII/ptolemy/actor/lib/hoc/test/auto/CatchUpComposite2.xml
----------------- Instantiating /home/travis/build/icyphy/ptII/ptolemy/actor/lib/hoc/test/auto/CatchUpComposite2.xml
15 ms. Memory: 148480K Free: 103707K (70%)
----------------- Invoking toplevel() on ptolemy.moml.MoMLSimpleApplication@ae05ee5
----------------- Done invoking toplevel() on ptolemy.moml.MoMLSimpleApplication@ae05ee5
reloadAllAccessors: .CatchUpComposite2

===========================================================================================
----------------- testing Thu Dec 05 06:16:28 UTC 2019 /home/travis/build/icyphy/ptII/ptolemy/actor/lib/hoc/test/auto/CatchUpComposite3.xml
----------------- Instantiating /home/travis/build/icyphy/ptII/ptolemy/actor/lib/hoc/test/auto/CatchUpComposite3.xml
25 ms. Memory: 148480K Free: 95256K (64%)
----------------- Invoking toplevel() on ptolemy.moml.MoMLSimpleApplication@7e8c81ad
----------------- Done invoking toplevel() on ptolemy.moml.MoMLSimpleApplication@7e8c81ad
reloadAllAccessors: .CatchUpComposite3

===========================================================================================
----------------- testing Thu Dec 05 06:16:28 UTC 2019 /home/travis/build/icyphy/ptII/ptolemy/actor/lib/hoc/test/auto/CatchUpComposite4.xml
----------------- Instantiating /home/travis/build/icyphy/ptII/ptolemy/actor/lib/hoc/test/auto/CatchUpComposite4.xml
10 ms. Memory: 148480K Free: 87284K (59%)
----------------- Invoking toplevel() on ptolemy.moml.MoMLSimpleApplication@3b5e2bcb
----------------- Done invoking toplevel() on ptolemy.moml.MoMLSimpleApplication@3b5e2bcb
reloadAllAccessors: .CatchUpComposite4

===========================================================================================
----------------- testing Thu Dec 05 06:16:28 UTC 2019 /home/travis/build/icyphy/ptII/ptolemy/actor/lib/hoc/test/auto/CatchUpComposite5.xml
----------------- Instantiating /home/travis/build/icyphy/ptII/ptolemy/actor/lib/hoc/test/auto/CatchUpComposite5.xml
17 ms. Memory: 148480K Free: 133850K (90%)
----------------- Invoking toplevel() on ptolemy.moml.MoMLSimpleApplication@16f3395d
----------------- Done invoking toplevel() on ptolemy.moml.MoMLSimpleApplication@16f3395d
reloadAllAccessors: .CatchUpComposite5

===========================================================================================
----------------- testing Thu Dec 05 06:16:28 UTC 2019 /home/travis/build/icyphy/ptII/ptolemy/actor/lib/hoc/test/auto/CatchUpComposite6.xml
----------------- Instantiating /home/travis/build/icyphy/ptII/ptolemy/actor/lib/hoc/test/auto/CatchUpComposite6.xml
WARNING: The execution aspects in this model can influence the timing of actors by delaying the 
execution, potentially changing the behavior. There is no guarantee that actors fire at the 
time they request to be fired. 
Use Ptides for deterministic DE behavior that is not influenced by execution aspects. 

103 ms. Memory: 148480K Free: 118345K (80%)
----------------- Invoking toplevel() on ptolemy.moml.MoMLSimpleApplication@102a12af
----------------- Done invoking toplevel() on ptolemy.moml.MoMLSimpleApplication@102a12af
reloadAllAccessors: .CatchUpComposite6

===========================================================================================
----------------- testing Thu Dec 05 06:16:28 UTC 2019 /home/travis/build/icyphy/ptII/ptolemy/actor/lib/hoc/test/auto/CatchUpComposite7.xml
----------------- Instantiating /home/travis/build/icyphy/ptII/ptolemy/actor/lib/hoc/test/auto/CatchUpComposite7.xml
WARNING: The execution aspects in this model can influence the timing of actors by delaying the 
execution, potentially changing the behavior. There is no guarantee that actors fire at the 
time they request to be fired. 
Use Ptides for deterministic DE behavior that is not influenced by execution aspects. 

46 ms. Memory: 148480K Free: 104597K (70%)
----------------- Invoking toplevel() on ptolemy.moml.MoMLSimpleApplication@584e3344
----------------- Done invoking toplevel() on ptolemy.moml.MoMLSimpleApplication@584e3344
reloadAllAccessors: .CatchUpComposite7

===========================================================================================
----------------- testing Thu Dec 05 06:16:28 UTC 2019 /home/travis/build/icyphy/ptII/ptolemy/actor/lib/hoc/test/auto/ConcurrentExecutionTimeSDF.xml
----------------- Instantiating /home/travis/build/icyphy/ptII/ptolemy/actor/lib/hoc/test/auto/ConcurrentExecutionTimeSDF.xml
Fired ExecutionTime: 40400000
Fired ExecutionTime: 40400000
Fired ExecutionTime: 40400000
Fired ExecutionTime: 40400000
Fired ExecutionTime: 40400000
Fired ExecutionTime: 40400000
Fired ExecutionTime: 40400000
Fired ExecutionTime: 40400000
Fired ExecutionTime: 40400000
Fired ExecutionTime: 40400000
Fired ExecutionTime: 40400000
Fired ExecutionTime: 40400000
Fired ExecutionTime: 40400000
Fired ExecutionTime: 40400000
Fired ExecutionTime: 40400000
Fired ExecutionTime: 40400000
Fired ExecutionTime: 40400000
Fired ExecutionTime: 40400000
Fired ExecutionTime: 40400000
Fired ExecutionTime: 40400000
1751 ms. Memory: 148480K Free: 97865K (66%)
----------------- Invoking toplevel() on ptolemy.moml.MoMLSimpleApplication@2c20f6f4
----------------- Done invoking toplevel() on ptolemy.moml.MoMLSimpleApplication@2c20f6f4
reloadAllAccessors: .ConcurrentExecutionTimeSDF

===========================================================================================
----------------- testing Thu Dec 05 06:16:30 UTC 2019 /home/travis/build/icyphy/ptII/ptolemy/actor/lib/hoc/test/auto/ConcurrentSleep.xml
----------------- Instantiating /home/travis/build/icyphy/ptII/ptolemy/actor/lib/hoc/test/auto/ConcurrentSleep.xml
730 ms. Memory: 148480K Free: 87189K (59%)
----------------- Invoking toplevel() on ptolemy.moml.MoMLSimpleApplication@1c2baf98
----------------- Done invoking toplevel() on ptolemy.moml.MoMLSimpleApplication@1c2baf98
reloadAllAccessors: .ConcurrentSleep

===========================================================================================
----------------- testing Thu Dec 05 06:16:31 UTC 2019 /home/travis/build/icyphy/ptII/ptolemy/actor/lib/hoc/test/auto/DEInPNInRunCompositeActor.xml
----------------- Instantiating /home/travis/build/icyphy/ptII/ptolemy/actor/lib/hoc/test/auto/DEInPNInRunCompositeActor.xml
13 ms. Memory: 148480K Free: 81918K (55%)
----------------- Invoking toplevel() on ptolemy.moml.MoMLSimpleApplication@148da872
----------------- Done invoking toplevel() on ptolemy.moml.MoMLSimpleApplication@148da872
reloadAllAccessors: .DEInPNInRunCompositeActor

===========================================================================================
----------------- testing Thu Dec 05 06:16:31 UTC 2019 /home/travis/build/icyphy/ptII/ptolemy/actor/lib/hoc/test/auto/DFTSubSetTest.xml
----------------- Instantiating /home/travis/build/icyphy/ptII/ptolemy/actor/lib/hoc/test/auto/DFTSubSetTest.xml
239 ms. Memory: 148480K Free: 125108K (84%)
----------------- Invoking toplevel() on ptolemy.moml.MoMLSimpleApplication@62079358
----------------- Done invoking toplevel() on ptolemy.moml.MoMLSimpleApplication@62079358
reloadAllAccessors: .DFTSubSetTest

===========================================================================================
----------------- testing Thu Dec 05 06:16:31 UTC 2019 /home/travis/build/icyphy/ptII/ptolemy/actor/lib/hoc/test/auto/HocDE.xml
----------------- Instantiating /home/travis/build/icyphy/ptII/ptolemy/actor/lib/hoc/test/auto/HocDE.xml
131 ms. Memory: 148480K Free: 99901K (67%)
----------------- Invoking toplevel() on ptolemy.moml.MoMLSimpleApplication@4ea08fda
----------------- Done invoking toplevel() on ptolemy.moml.MoMLSimpleApplication@4ea08fda
reloadAllAccessors: .HocDE

===========================================================================================
----------------- testing Thu Dec 05 06:16:31 UTC 2019 /home/travis/build/icyphy/ptII/ptolemy/actor/lib/hoc/test/auto/IterateOverArray.xml
----------------- Instantiating /home/travis/build/icyphy/ptII/ptolemy/actor/lib/hoc/test/auto/IterateOverArray.xml
9 ms. Memory: 148480K Free: 95337K (64%)
----------------- Invoking toplevel() on ptolemy.moml.MoMLSimpleApplication@32d5c92e
----------------- Done invoking toplevel() on ptolemy.moml.MoMLSimpleApplication@32d5c92e
reloadAllAccessors: .IterateOverArray

===========================================================================================
----------------- testing Thu Dec 05 06:16:32 UTC 2019 /home/travis/build/icyphy/ptII/ptolemy/actor/lib/hoc/test/auto/IterateOverArray10.xml
----------------- Instantiating /home/travis/build/icyphy/ptII/ptolemy/actor/lib/hoc/test/auto/IterateOverArray10.xml
4 ms. Memory: 148480K Free: 92141K (62%)
----------------- Invoking toplevel() on ptolemy.moml.MoMLSimpleApplication@411a4259
----------------- Done invoking toplevel() on ptolemy.moml.MoMLSimpleApplication@411a4259
reloadAllAccessors: .IterateOverArray10

===========================================================================================
----------------- testing Thu Dec 05 06:16:32 UTC 2019 /home/travis/build/icyphy/ptII/ptolemy/actor/lib/hoc/test/auto/IterateOverArray11.xml
----------------- Instantiating /home/travis/build/icyphy/ptII/ptolemy/actor/lib/hoc/test/auto/IterateOverArray11.xml
5 ms. Memory: 148480K Free: 88177K (59%)
----------------- Invoking toplevel() on ptolemy.moml.MoMLSimpleApplication@35f82903
----------------- Done invoking toplevel() on ptolemy.moml.MoMLSimpleApplication@35f82903
reloadAllAccessors: .IterateOverArray11

===========================================================================================
----------------- testing Thu Dec 05 06:16:32 UTC 2019 /home/travis/build/icyphy/ptII/ptolemy/actor/lib/hoc/test/auto/IterateOverArray12.xml
----------------- Instantiating /home/travis/build/icyphy/ptII/ptolemy/actor/lib/hoc/test/auto/IterateOverArray12.xml
24 ms. Memory: 148480K Free: 82493K (56%)
----------------- Invoking toplevel() on ptolemy.moml.MoMLSimpleApplication@39a87451
----------------- Done invoking toplevel() on ptolemy.moml.MoMLSimpleApplication@39a87451
reloadAllAccessors: .IterateOverArray12

===========================================================================================
----------------- testing Thu Dec 05 06:16:32 UTC 2019 /home/travis/build/icyphy/ptII/ptolemy/actor/lib/hoc/test/auto/IterateOverArray13.xml
----------------- Instantiating /home/travis/build/icyphy/ptII/ptolemy/actor/lib/hoc/test/auto/IterateOverArray13.xml
72 ms. Memory: 148480K Free: 56893K (38%)
----------------- Invoking toplevel() on ptolemy.moml.MoMLSimpleApplication@13d6436c
----------------- Done invoking toplevel() on ptolemy.moml.MoMLSimpleApplication@13d6436c
reloadAllAccessors: .IterateOverArray13

===========================================================================================
----------------- testing Thu Dec 05 06:16:32 UTC 2019 /home/travis/build/icyphy/ptII/ptolemy/actor/lib/hoc/test/auto/IterateOverArray14.xml
----------------- Instantiating /home/travis/build/icyphy/ptII/ptolemy/actor/lib/hoc/test/auto/IterateOverArray14.xml
71 ms. Memory: 148480K Free: 109388K (74%)
----------------- Invoking toplevel() on ptolemy.moml.MoMLSimpleApplication@4f57cc9a
----------------- Done invoking toplevel() on ptolemy.moml.MoMLSimpleApplication@4f57cc9a
reloadAllAccessors: .IterateOverArray14

===========================================================================================
----------------- testing Thu Dec 05 06:16:32 UTC 2019 /home/travis/build/icyphy/ptII/ptolemy/actor/lib/hoc/test/auto/IterateOverArray2.xml
----------------- Instantiating /home/travis/build/icyphy/ptII/ptolemy/actor/lib/hoc/test/auto/IterateOverArray2.xml
9 ms. Memory: 148480K Free: 104778K (71%)
----------------- Invoking toplevel() on ptolemy.moml.MoMLSimpleApplication@1dc61920
----------------- Done invoking toplevel() on ptolemy.moml.MoMLSimpleApplication@1dc61920
reloadAllAccessors: .IterateOverArray2

===========================================================================================
----------------- testing Thu Dec 05 06:16:32 UTC 2019 /home/travis/build/icyphy/ptII/ptolemy/actor/lib/hoc/test/auto/IterateOverArray3.xml
----------------- Instantiating /home/travis/build/icyphy/ptII/ptolemy/actor/lib/hoc/test/auto/IterateOverArray3.xml
21 ms. Memory: 148480K Free: 98634K (66%)
----------------- Invoking toplevel() on ptolemy.moml.MoMLSimpleApplication@22f4e5f2
----------------- Done invoking toplevel() on ptolemy.moml.MoMLSimpleApplication@22f4e5f2
reloadAllAccessors: .IterateOverArray3

===========================================================================================
----------------- testing Thu Dec 05 06:16:32 UTC 2019 /home/travis/build/icyphy/ptII/ptolemy/actor/lib/hoc/test/auto/IterateOverArray4.xml
----------------- Instantiating /home/travis/build/icyphy/ptII/ptolemy/actor/lib/hoc/test/auto/IterateOverArray4.xml
5 ms. Memory: 148480K Free: 94538K (64%)
----------------- Invoking toplevel() on ptolemy.moml.MoMLSimpleApplication@4f5f9d22
----------------- Done invoking toplevel() on ptolemy.moml.MoMLSimpleApplication@4f5f9d22
reloadAllAccessors: .IterateOverArray4

===========================================================================================
----------------- testing Thu Dec 05 06:16:32 UTC 2019 /home/travis/build/icyphy/ptII/ptolemy/actor/lib/hoc/test/auto/IterateOverArray5.xml
----------------- Instantiating /home/travis/build/icyphy/ptII/ptolemy/actor/lib/hoc/test/auto/IterateOverArray5.xml
4 ms. Memory: 148480K Free: 90442K (61%)
----------------- Invoking toplevel() on ptolemy.moml.MoMLSimpleApplication@ece068a
----------------- Done invoking toplevel() on ptolemy.moml.MoMLSimpleApplication@ece068a
reloadAllAccessors: .IterateOverArray5

===========================================================================================
----------------- testing Thu Dec 05 06:16:32 UTC 2019 /home/travis/build/icyphy/ptII/ptolemy/actor/lib/hoc/test/auto/IterateOverArray6.xml
----------------- Instantiating /home/travis/build/icyphy/ptII/ptolemy/actor/lib/hoc/test/auto/IterateOverArray6.xml
3 ms. Memory: 148480K Free: 86860K (58%)
----------------- Invoking toplevel() on ptolemy.moml.MoMLSimpleApplication@7c298cff
----------------- Done invoking toplevel() on ptolemy.moml.MoMLSimpleApplication@7c298cff
reloadAllAccessors: .IterateOverArray6

===========================================================================================
----------------- testing Thu Dec 05 06:16:32 UTC 2019 /home/travis/build/icyphy/ptII/ptolemy/actor/lib/hoc/test/auto/IterateOverArray7.xml
----------------- Instantiating /home/travis/build/icyphy/ptII/ptolemy/actor/lib/hoc/test/auto/IterateOverArray7.xml
8 ms. Memory: 148480K Free: 82250K (55%)
----------------- Invoking toplevel() on ptolemy.moml.MoMLSimpleApplication@acc3d78
----------------- Done invoking toplevel() on ptolemy.moml.MoMLSimpleApplication@acc3d78
reloadAllAccessors: .IterateOverArray7

===========================================================================================
----------------- testing Thu Dec 05 06:16:32 UTC 2019 /home/travis/build/icyphy/ptII/ptolemy/actor/lib/hoc/test/auto/IterateOverArray8.xml
----------------- Instantiating /home/travis/build/icyphy/ptII/ptolemy/actor/lib/hoc/test/auto/IterateOverArray8.xml
4 ms. Memory: 148480K Free: 78154K (53%)
----------------- Invoking toplevel() on ptolemy.moml.MoMLSimpleApplication@1523029d
----------------- Done invoking toplevel() on ptolemy.moml.MoMLSimpleApplication@1523029d
reloadAllAccessors: .IterateOverArray8

===========================================================================================
----------------- testing Thu Dec 05 06:16:32 UTC 2019 /home/travis/build/icyphy/ptII/ptolemy/actor/lib/hoc/test/auto/IterateOverArray9.xml
----------------- Instantiating /home/travis/build/icyphy/ptII/ptolemy/actor/lib/hoc/test/auto/IterateOverArray9.xml
7 ms. Memory: 148480K Free: 74058K (50%)
----------------- Invoking toplevel() on ptolemy.moml.MoMLSimpleApplication@19c29045
----------------- Done invoking toplevel() on ptolemy.moml.MoMLSimpleApplication@19c29045
reloadAllAccessors: .IterateOverArray9

===========================================================================================
----------------- testing Thu Dec 05 06:16:32 UTC 2019 /home/travis/build/icyphy/ptII/ptolemy/actor/lib/hoc/test/auto/IterateOverArrayCoercedOutputType.xml
----------------- Instantiating /home/travis/build/icyphy/ptII/ptolemy/actor/lib/hoc/test/auto/IterateOverArrayCoercedOutputType.xml
7 ms. Memory: 148480K Free: 68938K (46%)
----------------- Invoking toplevel() on ptolemy.moml.MoMLSimpleApplication@4fa93e37
----------------- Done invoking toplevel() on ptolemy.moml.MoMLSimpleApplication@4fa93e37
reloadAllAccessors: .IterateOverArrayCoercedOutputType

===========================================================================================
----------------- testing Thu Dec 05 06:16:32 UTC 2019 /home/travis/build/icyphy/ptII/ptolemy/actor/lib/hoc/test/auto/IterateOverArrayInferredOutputType.xml
----------------- Instantiating /home/travis/build/icyphy/ptII/ptolemy/actor/lib/hoc/test/auto/IterateOverArrayInferredOutputType.xml
5 ms. Memory: 148480K Free: 64332K (43%)
----------------- Invoking toplevel() on ptolemy.moml.MoMLSimpleApplication@7cdccde1
----------------- Done invoking toplevel() on ptolemy.moml.MoMLSimpleApplication@7cdccde1
reloadAllAccessors: .IterateOverArrayInferredOutputType

===========================================================================================
----------------- testing Thu Dec 05 06:16:32 UTC 2019 /home/travis/build/icyphy/ptII/ptolemy/actor/lib/hoc/test/auto/MobileFunctionTest.xml
----------------- Instantiating /home/travis/build/icyphy/ptII/ptolemy/actor/lib/hoc/test/auto/MobileFunctionTest.xml
3 ms. Memory: 148480K Free: 59708K (40%)
----------------- Invoking toplevel() on ptolemy.moml.MoMLSimpleApplication@6d5fac13
----------------- Done invoking toplevel() on ptolemy.moml.MoMLSimpleApplication@6d5fac13
reloadAllAccessors: .MobileFunctionTest

===========================================================================================
----------------- testing Thu Dec 05 06:16:32 UTC 2019 /home/travis/build/icyphy/ptII/ptolemy/actor/lib/hoc/test/auto/MobileModelTest.xml
----------------- Instantiating /home/travis/build/icyphy/ptII/ptolemy/actor/lib/hoc/test/auto/MobileModelTest.xml
171 ms. Memory: 148480K Free: 125298K (84%)
----------------- Invoking toplevel() on ptolemy.moml.MoMLSimpleApplication@1f4a47b5
----------------- Done invoking toplevel() on ptolemy.moml.MoMLSimpleApplication@1f4a47b5
reloadAllAccessors: .MobileModelTest

===========================================================================================
----------------- testing Thu Dec 05 06:16:33 UTC 2019 /home/travis/build/icyphy/ptII/ptolemy/actor/lib/hoc/test/auto/ModelReference.xml
----------------- Instantiating /home/travis/build/icyphy/ptII/ptolemy/actor/lib/hoc/test/auto/ModelReference.xml
2 ms. Memory: 148480K Free: 118676K (80%)
2 ms. Memory: 148480K Free: 118201K (80%)
2 ms. Memory: 148480K Free: 117199K (79%)
1 ms. Memory: 148480K Free: 116177K (78%)
1 ms. Memory: 148480K Free: 115604K (78%)
1 ms. Memory: 148480K Free: 114588K (77%)
1 ms. Memory: 148480K Free: 114031K (77%)
3 ms. Memory: 148480K Free: 113159K (76%)
2 ms. Memory: 148480K Free: 112081K (75%)
2 ms. Memory: 148480K Free: 111508K (75%)
28 ms. Memory: 148480K Free: 111508K (75%)
----------------- Invoking toplevel() on ptolemy.moml.MoMLSimpleApplication@64ac0907
----------------- Done invoking toplevel() on ptolemy.moml.MoMLSimpleApplication@64ac0907
reloadAllAccessors: .ModelReference

===========================================================================================
----------------- testing Thu Dec 05 06:16:33 UTC 2019 /home/travis/build/icyphy/ptII/ptolemy/actor/lib/hoc/test/auto/ModelReference3.xml
----------------- Instantiating /home/travis/build/icyphy/ptII/ptolemy/actor/lib/hoc/test/auto/ModelReference3.xml
2 ms. Memory: 148480K Free: 106945K (72%)
4 ms. Memory: 148480K Free: 106396K (72%)
1 ms. Memory: 148480K Free: 105402K (71%)
3 ms. Memory: 148480K Free: 104815K (71%)
3 ms. Memory: 148480K Free: 103943K (70%)
1 ms. Memory: 148480K Free: 102864K (69%)
3 ms. Memory: 148480K Free: 102292K (69%)
4 ms. Memory: 148480K Free: 101306K (68%)
2 ms. Memory: 148480K Free: 100719K (68%)
1 ms. Memory: 148480K Free: 99847K (67%)
31 ms. Memory: 148480K Free: 99847K (67%)
----------------- Invoking toplevel() on ptolemy.moml.MoMLSimpleApplication@75b96a7b
----------------- Done invoking toplevel() on ptolemy.moml.MoMLSimpleApplication@75b96a7b
reloadAllAccessors: .ModelReference3

===========================================================================================
----------------- testing Thu Dec 05 06:16:33 UTC 2019 /home/travis/build/icyphy/ptII/ptolemy/actor/lib/hoc/test/auto/ModelReference4.xml
----------------- Instantiating /home/travis/build/icyphy/ptII/ptolemy/actor/lib/hoc/test/auto/ModelReference4.xml
9 ms. Memory: 148480K Free: 95148K (64%)
3 ms. Memory: 148480K Free: 93657K (63%)
3 ms. Memory: 148480K Free: 92633K (62%)
2 ms. Memory: 148480K Free: 91052K (61%)
2 ms. Memory: 148480K Free: 90028K (61%)
2 ms. Memory: 148480K Free: 89004K (60%)
3 ms. Memory: 148480K Free: 87537K (59%)
2 ms. Memory: 148480K Free: 86513K (58%)
1 ms. Memory: 148480K Free: 84908K (57%)
2 ms. Memory: 148480K Free: 83884K (56%)
10019 ms. Memory: 148480K Free: 83884K (56%)
----------------- Invoking toplevel() on ptolemy.moml.MoMLSimpleApplication@563d122c
----------------- Done invoking toplevel() on ptolemy.moml.MoMLSimpleApplication@563d122c
reloadAllAccessors: .ModelReference4

===========================================================================================
----------------- testing Thu Dec 05 06:16:43 UTC 2019 /home/travis/build/icyphy/ptII/ptolemy/actor/lib/hoc/test/auto/MultiInstanceComposite.xml
----------------- Instantiating /home/travis/build/icyphy/ptII/ptolemy/actor/lib/hoc/test/auto/MultiInstanceComposite.xml
29 ms. Memory: 148480K Free: 64442K (43%)
----------------- Invoking toplevel() on ptolemy.moml.MoMLSimpleApplication@30660c96
----------------- Done invoking toplevel() on ptolemy.moml.MoMLSimpleApplication@30660c96
reloadAllAccessors: .MultiInstanceComposite

===========================================================================================
----------------- testing Thu Dec 05 06:16:43 UTC 2019 /home/travis/build/icyphy/ptII/ptolemy/actor/lib/hoc/test/auto/MultiInstanceComposite2.xml
----------------- Instantiating /home/travis/build/icyphy/ptII/ptolemy/actor/lib/hoc/test/auto/MultiInstanceComposite2.xml
16 ms. Memory: 148480K Free: 53148K (36%)
----------------- Invoking toplevel() on ptolemy.moml.MoMLSimpleApplication@465cff9b
----------------- Done invoking toplevel() on ptolemy.moml.MoMLSimpleApplication@465cff9b
reloadAllAccessors: .MultiInstanceComposite2

===========================================================================================
----------------- testing Thu Dec 05 06:16:43 UTC 2019 /home/travis/build/icyphy/ptII/ptolemy/actor/lib/hoc/test/auto/MulticoreExecution.xml
----------------- Instantiating /home/travis/build/icyphy/ptII/ptolemy/actor/lib/hoc/test/auto/MulticoreExecution.xml
Fired ExecutionTime: 2400000
Fired ExecutionTime: 2800000
Fired ExecutionTime: 2400000
Fired ExecutionTime: 3200000
Fired ExecutionTime: 4000000
Fired ExecutionTime: 2400000
Fired ExecutionTime: 2800000
Fired ExecutionTime: 2800000
Fired ExecutionTime: 33200000
Fired ExecutionTime: 18800000
Fired ExecutionTime: 67200000
Fired ExecutionTime: 36800000
Fired ExecutionTime: 69200000
Fired ExecutionTime: 33600000
Fired ExecutionTime: 68000000
Fired ExecutionTime: 48000000
Fired ExecutionTime: 66800000
Fired ExecutionTime: 67600000
Fired ExecutionTime: 64000000
Fired ExecutionTime: 63600000
1081 ms. Memory: 148480K Free: 131358K (88%)
----------------- Invoking toplevel() on ptolemy.moml.MoMLSimpleApplication@1f0940ed
----------------- Done invoking toplevel() on ptolemy.moml.MoMLSimpleApplication@1f0940ed
reloadAllAccessors: .MulticoreExecution

===========================================================================================
----------------- testing Thu Dec 05 06:16:44 UTC 2019 /home/travis/build/icyphy/ptII/ptolemy/actor/lib/hoc/test/auto/ParallelExecution.xml
----------------- Instantiating /home/travis/build/icyphy/ptII/ptolemy/actor/lib/hoc/test/auto/ParallelExecution.xml
915 ms. Memory: 148480K Free: 123665K (83%)
----------------- Invoking toplevel() on ptolemy.moml.MoMLSimpleApplication@2b6ecfce
----------------- Done invoking toplevel() on ptolemy.moml.MoMLSimpleApplication@2b6ecfce
reloadAllAccessors: .ParallelExecution

===========================================================================================
----------------- testing Thu Dec 05 06:16:45 UTC 2019 /home/travis/build/icyphy/ptII/ptolemy/actor/lib/hoc/test/auto/RunCompositeActor.xml
----------------- Instantiating /home/travis/build/icyphy/ptII/ptolemy/actor/lib/hoc/test/auto/RunCompositeActor.xml
8 ms. Memory: 148480K Free: 116494K (78%)
----------------- Invoking toplevel() on ptolemy.moml.MoMLSimpleApplication@7e5df38f
----------------- Done invoking toplevel() on ptolemy.moml.MoMLSimpleApplication@7e5df38f
reloadAllAccessors: .RunCompositeActor

===========================================================================================
----------------- testing Thu Dec 05 06:16:45 UTC 2019 /home/travis/build/icyphy/ptII/ptolemy/actor/lib/hoc/test/auto/RunCompositeActor2.xml
----------------- Instantiating /home/travis/build/icyphy/ptII/ptolemy/actor/lib/hoc/test/auto/RunCompositeActor2.xml
4 ms. Memory: 148480K Free: 110358K (74%)
----------------- Invoking toplevel() on ptolemy.moml.MoMLSimpleApplication@760ee911
----------------- Done invoking toplevel() on ptolemy.moml.MoMLSimpleApplication@760ee911
reloadAllAccessors: .RunCompositeActor2

===========================================================================================
----------------- testing Thu Dec 05 06:16:45 UTC 2019 /home/travis/build/icyphy/ptII/ptolemy/actor/lib/hoc/test/auto/RunCompositeActor3.xml
----------------- Instantiating /home/travis/build/icyphy/ptII/ptolemy/actor/lib/hoc/test/auto/RunCompositeActor3.xml
4 ms. Memory: 148480K Free: 104734K (71%)
----------------- Invoking toplevel() on ptolemy.moml.MoMLSimpleApplication@5f5baa78
----------------- Done invoking toplevel() on ptolemy.moml.MoMLSimpleApplication@5f5baa78
reloadAllAccessors: .RunCompositeActor3

===========================================================================================
----------------- testing Thu Dec 05 06:16:45 UTC 2019 /home/travis/build/icyphy/ptII/ptolemy/actor/lib/hoc/test/auto/RunCompositeActor4.xml
----------------- Instantiating /home/travis/build/icyphy/ptII/ptolemy/actor/lib/hoc/test/auto/RunCompositeActor4.xml
11 ms. Memory: 148480K Free: 96542K (65%)
----------------- Invoking toplevel() on ptolemy.moml.MoMLSimpleApplication@7eef6718
----------------- Done invoking toplevel() on ptolemy.moml.MoMLSimpleApplication@7eef6718
reloadAllAccessors: .RunCompositeActor4

===========================================================================================
----------------- testing Thu Dec 05 06:16:45 UTC 2019 /home/travis/build/icyphy/ptII/ptolemy/actor/lib/hoc/test/auto/RunCompositeIterateOverArray.xml
----------------- Instantiating /home/travis/build/icyphy/ptII/ptolemy/actor/lib/hoc/test/auto/RunCompositeIterateOverArray.xml
4 ms. Memory: 148480K Free: 90398K (61%)
----------------- Invoking toplevel() on ptolemy.moml.MoMLSimpleApplication@6c7e29cc
----------------- Done invoking toplevel() on ptolemy.moml.MoMLSimpleApplication@6c7e29cc
reloadAllAccessors: .RunCompositeIterateOverArray

===========================================================================================
----------------- testing Thu Dec 05 06:16:45 UTC 2019 /home/travis/build/icyphy/ptII/ptolemy/actor/lib/hoc/test/auto/ThreadedJS.xml
----------------- Instantiating /home/travis/build/icyphy/ptII/ptolemy/actor/lib/hoc/test/auto/ThreadedJS.xml
6614 ms. Memory: 257024K Free: 191036K (74%)
----------------- Invoking toplevel() on ptolemy.moml.MoMLSimpleApplication@28d4a790
----------------- Done invoking toplevel() on ptolemy.moml.MoMLSimpleApplication@28d4a790
reloadAllAccessors: .ThreadedJS
AutoTests.java: About to close Vertx.
AutoTests.java: Vertx closed.
]]></system-out>
  <system-err><![CDATA[java.lang.RuntimeException: Execution failed
	at ptolemy.moml.MoMLSimpleApplication$UnloadThread.run(MoMLSimpleApplication.java:402)
Caused by: ptolemy.kernel.util.IllegalActionException: initialize() was called after wrapup() was called but preinitialize() was not called after wrapup().
	at ptolemy.actor.lib.hoc.test.PreinitializeMustBeInvoked.initialize(PreinitializeMustBeInvoked.java:78)
	at ptolemy.actor.Director.initialize(Director.java:938)
	at ptolemy.actor.Director.initialize(Director.java:907)
	at ptolemy.actor.sched.StaticSchedulingDirector.initialize(StaticSchedulingDirector.java:159)
	at ptolemy.domains.sdf.kernel.SDFDirector.initialize(SDFDirector.java:544)
	at ptolemy.actor.CompositeActor.initialize(CompositeActor.java:935)
	at ptolemy.actor.lib.hoc.LifeCycleManager._executeInsideModel(LifeCycleManager.java:339)
	at ptolemy.actor.lib.hoc.RunCompositeActor.fire(RunCompositeActor.java:205)
	at ptolemy.actor.CompositeActor.iterate(CompositeActor.java:1146)
	at ptolemy.actor.sched.StaticSchedulingDirector.fire(StaticSchedulingDirector.java:216)
	at ptolemy.domains.sdf.kernel.SDFDirector.fire(SDFDirector.java:500)
	at ptolemy.actor.CompositeActor.fire(CompositeActor.java:455)
	at ptolemy.actor.Manager.iterate(Manager.java:851)
	at ptolemy.actor.Manager.execute(Manager.java:369)
	at ptolemy.actor.Manager.run(Manager.java:1263)
	at ptolemy.actor.Manager$PtolemyRunThread.run(Manager.java:1933)
java.lang.reflect.InvocationTargetException
	at java.base/jdk.internal.reflect.NativeConstructorAccessorImpl.newInstance0(Native Method)
	at java.base/jdk.internal.reflect.NativeConstructorAccessorImpl.newInstance(NativeConstructorAccessorImpl.java:62)
	at java.base/jdk.internal.reflect.DelegatingConstructorAccessorImpl.newInstance(DelegatingConstructorAccessorImpl.java:45)
	at java.base/java.lang.reflect.Constructor.newInstance(Constructor.java:490)
	at ptolemy.util.test.junit.AutoKnownFailedTests.RunModel(AutoKnownFailedTests.java:105)
	at java.base/jdk.internal.reflect.NativeMethodAccessorImpl.invoke0(Native Method)
	at java.base/jdk.internal.reflect.NativeMethodAccessorImpl.invoke(NativeMethodAccessorImpl.java:62)
	at java.base/jdk.internal.reflect.DelegatingMethodAccessorImpl.invoke(DelegatingMethodAccessorImpl.java:43)
	at java.base/java.lang.reflect.Method.invoke(Method.java:566)
	at org.junit.runners.model.FrameworkMethod$1.runReflectiveCall(FrameworkMethod.java:44)
	at org.junit.internal.runners.model.ReflectiveCallable.run(ReflectiveCallable.java:15)
	at org.junit.runners.model.FrameworkMethod.invokeExplosively(FrameworkMethod.java:41)
	at junitparams.internal.InvokeParameterisedMethod.evaluate(InvokeParameterisedMethod.java:102)
	at org.junit.internal.runners.statements.FailOnTimeout$1.run(FailOnTimeout.java:28)
Caused by: ptolemy.kernel.util.IllegalActionException: initialize() was called after wrapup() was called but preinitialize() was not called after wrapup().
	at ptolemy.actor.lib.hoc.test.PreinitializeMustBeInvoked.initialize(PreinitializeMustBeInvoked.java:78)
	at ptolemy.actor.Director.initialize(Director.java:938)
	at ptolemy.actor.Director.initialize(Director.java:907)
	at ptolemy.actor.sched.StaticSchedulingDirector.initialize(StaticSchedulingDirector.java:159)
	at ptolemy.domains.sdf.kernel.SDFDirector.initialize(SDFDirector.java:544)
	at ptolemy.actor.CompositeActor.initialize(CompositeActor.java:935)
	at ptolemy.actor.lib.hoc.LifeCycleManager._executeInsideModel(LifeCycleManager.java:339)
	at ptolemy.actor.lib.hoc.RunCompositeActor.fire(RunCompositeActor.java:205)
	at ptolemy.actor.CompositeActor.iterate(CompositeActor.java:1146)
	at ptolemy.actor.sched.StaticSchedulingDirector.fire(StaticSchedulingDirector.java:216)
	at ptolemy.domains.sdf.kernel.SDFDirector.fire(SDFDirector.java:500)
	at ptolemy.actor.CompositeActor.fire(CompositeActor.java:455)
	at ptolemy.actor.Manager.iterate(Manager.java:851)
	at ptolemy.actor.Manager.execute(Manager.java:369)
	at ptolemy.actor.Manager.run(Manager.java:1263)
	at ptolemy.actor.Manager$PtolemyRunThread.run(Manager.java:1933)
Warning: Nashorn engine is planned to be removed from a future JDK release
Warning: Nashorn engine is planned to be removed from a future JDK release
Warning: Nashorn engine is planned to be removed from a future JDK release
Warning: Nashorn engine is planned to be removed from a future JDK release
Warning: Nashorn engine is planned to be removed from a future JDK release
Warning: Nashorn engine is planned to be removed from a future JDK release
Warning: Nashorn engine is planned to be removed from a future JDK release
Warning: Nashorn engine is planned to be removed from a future JDK release
]]></system-err>
</testsuite>
