<?xml version="1.0" encoding="UTF-8" ?>
<testsuite errors="0" failures="0" hostname="travis-job-e4fc6e54-56db-4c87-b5fe-9fcda004f12d" name="ptolemy.domains.de.test.junit.JUnitTclTest" skipped="0" tests="101" time="126.22" timestamp="2019-03-08T03:41:00">
  <properties>
[...]
</properties>
  <testcase classname="ptolemy.util.test.junit.TclTests" name="[0] /home/travis/build/icyphy/ptII/ptolemy/domains/de/test/DependencyLoop.tcl (RunTclFile)" time="0.668" />
  <testcase classname="ptolemy.util.test.junit.TclTests" name="[1] /home/travis/build/icyphy/ptII/ptolemy/domains/de/test/RunDETestsAsQSS.tcl (RunTclFile)" time="87.052" />
  <testcase classname="ptolemy.util.test.junit.AutoKnownFailedTests" name="[0] /home/travis/build/icyphy/ptII/ptolemy/domains/de/test/auto/knownFailedTests/DESDFClockTest.xml (RunModel)" time="2.026" />
  <testcase classname="ptolemy.util.test.junit.AutoKnownFailedTests" name="[1] /home/travis/build/icyphy/ptII/ptolemy/domains/de/test/auto/knownFailedTests/DirectFeedback.xml (RunModel)" time="0.012" />
  <testcase classname="ptolemy.util.test.junit.AutoKnownFailedTests" name="[2] /home/travis/build/icyphy/ptII/ptolemy/domains/de/test/auto/knownFailedTests/FSMSource.xml (RunModel)" time="0.029" />
  <testcase classname="ptolemy.util.test.junit.AutoKnownFailedTests" name="[3] /home/travis/build/icyphy/ptII/ptolemy/domains/de/test/auto/knownFailedTests/HierarchicalModel.xml (RunModel)" time="0.033" />
  <testcase classname="ptolemy.util.test.junit.AutoKnownFailedTests" name="[4] /home/travis/build/icyphy/ptII/ptolemy/domains/de/test/auto/knownFailedTests/dependencyLoop.xml (RunModel)" time="0.031" />
  <testcase classname="ptolemy.util.test.junit.AutoKnownFailedTests" name="[5] /home/travis/build/icyphy/ptII/ptolemy/domains/de/test/auto/knownFailedTests/dependencyLoop2.xml (RunModel)" time="0.038" />
  <testcase classname="ptolemy.util.test.junit.AutoNameArchTests" name="[0] ThereAreNoAutoArchTests (RunModel)" time="0.001" />
  <testcase classname="ptolemy.util.test.junit.AutoTests" name="[0] /home/travis/build/icyphy/ptII/ptolemy/domains/de/test/auto/ActorDepthCalculation_actorWithoutPorts.xml (RunModel)" time="0.014" />
  <testcase classname="ptolemy.util.test.junit.AutoTests" name="[1] /home/travis/build/icyphy/ptII/ptolemy/domains/de/test/auto/AssemblyLine.xml (RunModel)" time="0.016" />
  <testcase classname="ptolemy.util.test.junit.AutoTests" name="[2] /home/travis/build/icyphy/ptII/ptolemy/domains/de/test/auto/CQBug1.xml (RunModel)" time="0.004" />
  <testcase classname="ptolemy.util.test.junit.AutoTests" name="[3] /home/travis/build/icyphy/ptII/ptolemy/domains/de/test/auto/CancelFireAt.xml (RunModel)" time="0.004" />
  <testcase classname="ptolemy.util.test.junit.AutoTests" name="[4] /home/travis/build/icyphy/ptII/ptolemy/domains/de/test/auto/CausalityAndComposabilityAnalysis.xml (RunModel)" time="0.007" />
  <testcase classname="ptolemy.util.test.junit.AutoTests" name="[5] /home/travis/build/icyphy/ptII/ptolemy/domains/de/test/auto/CausalityInterface1.xml (RunModel)" time="0.008" />
  <testcase classname="ptolemy.util.test.junit.AutoTests" name="[6] /home/travis/build/icyphy/ptII/ptolemy/domains/de/test/auto/CausalityInterface15.xml (RunModel)" time="0.009" />
  <testcase classname="ptolemy.util.test.junit.AutoTests" name="[7] /home/travis/build/icyphy/ptII/ptolemy/domains/de/test/auto/CausalityInterface2.xml (RunModel)" time="0.007" />
  <testcase classname="ptolemy.util.test.junit.AutoTests" name="[8] /home/travis/build/icyphy/ptII/ptolemy/domains/de/test/auto/CausalityInterface3.xml (RunModel)" time="0.007" />
  <testcase classname="ptolemy.util.test.junit.AutoTests" name="[9] /home/travis/build/icyphy/ptII/ptolemy/domains/de/test/auto/ClockDrift.xml (RunModel)" time="0.023" />
  <testcase classname="ptolemy.util.test.junit.AutoTests" name="[10] /home/travis/build/icyphy/ptII/ptolemy/domains/de/test/auto/ClockDriftAndValueChange.xml (RunModel)" time="0.02" />
  <testcase classname="ptolemy.util.test.junit.AutoTests" name="[11] /home/travis/build/icyphy/ptII/ptolemy/domains/de/test/auto/ClockDriftChange.xml (RunModel)" time="0.025" />
  <testcase classname="ptolemy.util.test.junit.AutoTests" name="[12] /home/travis/build/icyphy/ptII/ptolemy/domains/de/test/auto/ComposableCausalityAnalysis.xml (RunModel)" time="0.017" />
  <testcase classname="ptolemy.util.test.junit.AutoTests" name="[13] /home/travis/build/icyphy/ptII/ptolemy/domains/de/test/auto/DEFixedPointLimitation.xml (RunModel)" time="0.009" />
  <testcase classname="ptolemy.util.test.junit.AutoTests" name="[14] /home/travis/build/icyphy/ptII/ptolemy/domains/de/test/auto/DEScheduleTest.xml (RunModel)" time="0.008" />
  <testcase classname="ptolemy.util.test.junit.AutoTests" name="[15] /home/travis/build/icyphy/ptII/ptolemy/domains/de/test/auto/DEinDEwithStartTimes.xml (RunModel)" time="0.013" />
  <testcase classname="ptolemy.util.test.junit.AutoTests" name="[16] /home/travis/build/icyphy/ptII/ptolemy/domains/de/test/auto/DEinDEwithStartTimes2.xml (RunModel)" time="0.015" />
  <testcase classname="ptolemy.util.test.junit.AutoTests" name="[17] /home/travis/build/icyphy/ptII/ptolemy/domains/de/test/auto/DateDemo.xml (RunModel)" time="0.031" />
  <testcase classname="ptolemy.util.test.junit.AutoTests" name="[18] /home/travis/build/icyphy/ptII/ptolemy/domains/de/test/auto/DateToEvent.xml (RunModel)" time="2.036" />
  <testcase classname="ptolemy.util.test.junit.AutoTests" name="[19] /home/travis/build/icyphy/ptII/ptolemy/domains/de/test/auto/DepthTest1.xml (RunModel)" time="0.009" />
  <testcase classname="ptolemy.util.test.junit.AutoTests" name="[20] /home/travis/build/icyphy/ptII/ptolemy/domains/de/test/auto/DepthTest2.xml (RunModel)" time="0.012" />
  <testcase classname="ptolemy.util.test.junit.AutoTests" name="[21] /home/travis/build/icyphy/ptII/ptolemy/domains/de/test/auto/DepthTest3.xml (RunModel)" time="0.005" />
  <testcase classname="ptolemy.util.test.junit.AutoTests" name="[22] /home/travis/build/icyphy/ptII/ptolemy/domains/de/test/auto/DepthTest4.xml (RunModel)" time="0.009" />
  <testcase classname="ptolemy.util.test.junit.AutoTests" name="[23] /home/travis/build/icyphy/ptII/ptolemy/domains/de/test/auto/DepthTest5.xml (RunModel)" time="0.009" />
  <testcase classname="ptolemy.util.test.junit.AutoTests" name="[24] /home/travis/build/icyphy/ptII/ptolemy/domains/de/test/auto/DepthTest6.xml (RunModel)" time="0.01" />
  <testcase classname="ptolemy.util.test.junit.AutoTests" name="[25] /home/travis/build/icyphy/ptII/ptolemy/domains/de/test/auto/DepthTest7.xml (RunModel)" time="0.009" />
  <testcase classname="ptolemy.util.test.junit.AutoTests" name="[26] /home/travis/build/icyphy/ptII/ptolemy/domains/de/test/auto/EventToDate.xml (RunModel)" time="3.025" />
  <testcase classname="ptolemy.util.test.junit.AutoTests" name="[27] /home/travis/build/icyphy/ptII/ptolemy/domains/de/test/auto/FSM1.xml (RunModel)" time="0.022" />
  <testcase classname="ptolemy.util.test.junit.AutoTests" name="[28] /home/travis/build/icyphy/ptII/ptolemy/domains/de/test/auto/FSM7.xml (RunModel)" time="0.024" />
  <testcase classname="ptolemy.util.test.junit.AutoTests" name="[29] /home/travis/build/icyphy/ptII/ptolemy/domains/de/test/auto/Inspection.xml (RunModel)" time="0.041" />
  <testcase classname="ptolemy.util.test.junit.AutoTests" name="[30] /home/travis/build/icyphy/ptII/ptolemy/domains/de/test/auto/Iteration.xml (RunModel)" time="0.017" />
  <testcase classname="ptolemy.util.test.junit.AutoTests" name="[31] /home/travis/build/icyphy/ptII/ptolemy/domains/de/test/auto/LineFault.xml (RunModel)" time="0.385" />
  <testcase classname="ptolemy.util.test.junit.AutoTests" name="[32] /home/travis/build/icyphy/ptII/ptolemy/domains/de/test/auto/MergeModel1Add.xml (RunModel)" time="0.035" />
  <testcase classname="ptolemy.util.test.junit.AutoTests" name="[33] /home/travis/build/icyphy/ptII/ptolemy/domains/de/test/auto/MergeModel2Add.xml (RunModel)" time="0.03" />
  <testcase classname="ptolemy.util.test.junit.AutoTests" name="[34] /home/travis/build/icyphy/ptII/ptolemy/domains/de/test/auto/MergeModel3Add.xml (RunModel)" time="0.034" />
  <testcase classname="ptolemy.util.test.junit.AutoTests" name="[35] /home/travis/build/icyphy/ptII/ptolemy/domains/de/test/auto/MergeWithoutDiscard.xml (RunModel)" time="0.009" />
  <testcase classname="ptolemy.util.test.junit.AutoTests" name="[36] /home/travis/build/icyphy/ptII/ptolemy/domains/de/test/auto/Modal1.xml (RunModel)" time="0.023" />
  <testcase classname="ptolemy.util.test.junit.AutoTests" name="[37] /home/travis/build/icyphy/ptII/ptolemy/domains/de/test/auto/Modal2.xml (RunModel)" time="0.019" />
  <testcase classname="ptolemy.util.test.junit.AutoTests" name="[38] /home/travis/build/icyphy/ptII/ptolemy/domains/de/test/auto/Modal3.xml (RunModel)" time="0.021" />
  <testcase classname="ptolemy.util.test.junit.AutoTests" name="[39] /home/travis/build/icyphy/ptII/ptolemy/domains/de/test/auto/Modal4.xml (RunModel)" time="0.021" />
  <testcase classname="ptolemy.util.test.junit.AutoTests" name="[40] /home/travis/build/icyphy/ptII/ptolemy/domains/de/test/auto/Modal5.xml (RunModel)" time="0.022" />
  <testcase classname="ptolemy.util.test.junit.AutoTests" name="[41] /home/travis/build/icyphy/ptII/ptolemy/domains/de/test/auto/Modal6.xml (RunModel)" time="0.02" />
  <testcase classname="ptolemy.util.test.junit.AutoTests" name="[42] /home/travis/build/icyphy/ptII/ptolemy/domains/de/test/auto/Modal7.xml (RunModel)" time="0.021" />
  <testcase classname="ptolemy.util.test.junit.AutoTests" name="[43] /home/travis/build/icyphy/ptII/ptolemy/domains/de/test/auto/ModalModel.xml (RunModel)" time="0.105" />
  <testcase classname="ptolemy.util.test.junit.AutoTests" name="[44] /home/travis/build/icyphy/ptII/ptolemy/domains/de/test/auto/ModalSource.xml (RunModel)" time="0.014" />
  <testcase classname="ptolemy.util.test.junit.AutoTests" name="[45] /home/travis/build/icyphy/ptII/ptolemy/domains/de/test/auto/NonInterruptibleTimerZeroDelay.xml (RunModel)" time="0.007" />
  <testcase classname="ptolemy.util.test.junit.AutoTests" name="[46] /home/travis/build/icyphy/ptII/ptolemy/domains/de/test/auto/OpenQueueingNetwork.xml (RunModel)" time="1.883" />
  <testcase classname="ptolemy.util.test.junit.AutoTests" name="[47] /home/travis/build/icyphy/ptII/ptolemy/domains/de/test/auto/OpenQueuingNetwork.xml (RunModel)" time="0.258" />
  <testcase classname="ptolemy.util.test.junit.AutoTests" name="[48] /home/travis/build/icyphy/ptII/ptolemy/domains/de/test/auto/PeriodicSampler.xml (RunModel)" time="0.007" />
  <testcase classname="ptolemy.util.test.junit.AutoTests" name="[49] /home/travis/build/icyphy/ptII/ptolemy/domains/de/test/auto/PersistentIO.xml (RunModel)" time="0.015" />
  <testcase classname="ptolemy.util.test.junit.AutoTests" name="[50] /home/travis/build/icyphy/ptII/ptolemy/domains/de/test/auto/PortParameterResetOnInitialize.xml (RunModel)" time="0.007" />
  <testcase classname="ptolemy.util.test.junit.AutoTests" name="[51] /home/travis/build/icyphy/ptII/ptolemy/domains/de/test/auto/PortParameterUpdates.xml (RunModel)" time="0.012" />
  <testcase classname="ptolemy.util.test.junit.AutoTests" name="[52] /home/travis/build/icyphy/ptII/ptolemy/domains/de/test/auto/QueueAndServer.xml (RunModel)" time="0.022" />
  <testcase classname="ptolemy.util.test.junit.AutoTests" name="[53] /home/travis/build/icyphy/ptII/ptolemy/domains/de/test/auto/Records.xml (RunModel)" time="0.012" />
  <testcase classname="ptolemy.util.test.junit.AutoTests" name="[54] /home/travis/build/icyphy/ptII/ptolemy/domains/de/test/auto/ResetTransitionWithStartTime1.xml (RunModel)" time="0.019" />
  <testcase classname="ptolemy.util.test.junit.AutoTests" name="[55] /home/travis/build/icyphy/ptII/ptolemy/domains/de/test/auto/ResetTransitionWithStartTime2.xml (RunModel)" time="0.019" />
  <testcase classname="ptolemy.util.test.junit.AutoTests" name="[56] /home/travis/build/icyphy/ptII/ptolemy/domains/de/test/auto/ResetTransitionWithStartTime3.xml (RunModel)" time="0.021" />
  <testcase classname="ptolemy.util.test.junit.AutoTests" name="[57] /home/travis/build/icyphy/ptII/ptolemy/domains/de/test/auto/ResetTransitionWithStartTime4.xml (RunModel)" time="0.02" />
  <testcase classname="ptolemy.util.test.junit.AutoTests" name="[58] /home/travis/build/icyphy/ptII/ptolemy/domains/de/test/auto/ResettableTimer1.xml (RunModel)" time="0.008" />
  <testcase classname="ptolemy.util.test.junit.AutoTests" name="[59] /home/travis/build/icyphy/ptII/ptolemy/domains/de/test/auto/ResettableTimer2.xml (RunModel)" time="0.009" />
  <testcase classname="ptolemy.util.test.junit.AutoTests" name="[60] /home/travis/build/icyphy/ptII/ptolemy/domains/de/test/auto/ResettableTimer3.xml (RunModel)" time="0.007" />
  <testcase classname="ptolemy.util.test.junit.AutoTests" name="[61] /home/travis/build/icyphy/ptII/ptolemy/domains/de/test/auto/ResettableTimer4.xml (RunModel)" time="0.007" />
  <testcase classname="ptolemy.util.test.junit.AutoTests" name="[62] /home/travis/build/icyphy/ptII/ptolemy/domains/de/test/auto/ResettableTimer5.xml (RunModel)" time="0.008" />
  <testcase classname="ptolemy.util.test.junit.AutoTests" name="[63] /home/travis/build/icyphy/ptII/ptolemy/domains/de/test/auto/ResettableTimer6.xml (RunModel)" time="0.009" />
  <testcase classname="ptolemy.util.test.junit.AutoTests" name="[64] /home/travis/build/icyphy/ptII/ptolemy/domains/de/test/auto/ServerZeroDelay.xml (RunModel)" time="0.009" />
  <testcase classname="ptolemy.util.test.junit.AutoTests" name="[65] /home/travis/build/icyphy/ptII/ptolemy/domains/de/test/auto/SmartSender.xml (RunModel)" time="3.007" />
  <testcase classname="ptolemy.util.test.junit.AutoTests" name="[66] /home/travis/build/icyphy/ptII/ptolemy/domains/de/test/auto/ThreadedComposite.xml (RunModel)" time="0.117" />
  <testcase classname="ptolemy.util.test.junit.AutoTests" name="[67] /home/travis/build/icyphy/ptII/ptolemy/domains/de/test/auto/Time.xml (RunModel)" time="0.451" />
  <testcase classname="ptolemy.util.test.junit.AutoTests" name="[68] /home/travis/build/icyphy/ptII/ptolemy/domains/de/test/auto/TimeDelayZeroDelay.xml (RunModel)" time="0.009" />
  <testcase classname="ptolemy.util.test.junit.AutoTests" name="[69] /home/travis/build/icyphy/ptII/ptolemy/domains/de/test/auto/TimerZeroDelay.xml (RunModel)" time="0.007" />
  <testcase classname="ptolemy.util.test.junit.AutoTests" name="[70] /home/travis/build/icyphy/ptII/ptolemy/domains/de/test/auto/TimingParadox.xml (RunModel)" time="0.37" />
  <testcase classname="ptolemy.util.test.junit.AutoTests" name="[71] /home/travis/build/icyphy/ptII/ptolemy/domains/de/test/auto/TransferInputs.xml (RunModel)" time="0.008" />
  <testcase classname="ptolemy.util.test.junit.AutoTests" name="[72] /home/travis/build/icyphy/ptII/ptolemy/domains/de/test/auto/TransferOutputs2.xml (RunModel)" time="0.012" />
  <testcase classname="ptolemy.util.test.junit.AutoTests" name="[73] /home/travis/build/icyphy/ptII/ptolemy/domains/de/test/auto/Trilateration.xml (RunModel)" time="11.205" />
  <testcase classname="ptolemy.util.test.junit.AutoTests" name="[74] /home/travis/build/icyphy/ptII/ptolemy/domains/de/test/auto/TwoSigmaDelta.xml (RunModel)" time="2.076" />
  <testcase classname="ptolemy.util.test.junit.AutoTests" name="[75] /home/travis/build/icyphy/ptII/ptolemy/domains/de/test/auto/VariableDelay.xml (RunModel)" time="0.012" />
  <testcase classname="ptolemy.util.test.junit.AutoTests" name="[76] /home/travis/build/icyphy/ptII/ptolemy/domains/de/test/auto/VariableDelay2.xml (RunModel)" time="0.008" />
  <testcase classname="ptolemy.util.test.junit.AutoTests" name="[77] /home/travis/build/icyphy/ptII/ptolemy/domains/de/test/auto/VariableDelayZeroDelay.xml (RunModel)" time="0.018" />
  <testcase classname="ptolemy.util.test.junit.AutoTests" name="[78] /home/travis/build/icyphy/ptII/ptolemy/domains/de/test/auto/VariableDelayZeroDelay2.xml (RunModel)" time="0.015" />
  <testcase classname="ptolemy.util.test.junit.AutoTests" name="[79] /home/travis/build/icyphy/ptII/ptolemy/domains/de/test/auto/deInCt.xml (RunModel)" time="0.016" />
  <testcase classname="ptolemy.util.test.junit.AutoTests" name="[80] /home/travis/build/icyphy/ptII/ptolemy/domains/de/test/auto/deInCt2.xml (RunModel)" time="0.016" />
  <testcase classname="ptolemy.util.test.junit.AutoTests" name="[81] /home/travis/build/icyphy/ptII/ptolemy/domains/de/test/auto/dynamicCausalityInterface1.xml (RunModel)" time="0.016" />
  <testcase classname="ptolemy.util.test.junit.AutoTests" name="[82] /home/travis/build/icyphy/ptII/ptolemy/domains/de/test/auto/fsm_de_test.xml (RunModel)" time="0.02" />
  <testcase classname="ptolemy.util.test.junit.AutoTests" name="[83] /home/travis/build/icyphy/ptII/ptolemy/domains/de/test/auto/functionDependencyReconstruction.xml (RunModel)" time="0.028" />
  <testcase classname="ptolemy.util.test.junit.AutoTests" name="[84] /home/travis/build/icyphy/ptII/ptolemy/domains/de/test/auto/multirate.xml (RunModel)" time="0.014" />
  <testcase classname="ptolemy.util.test.junit.AutoTests" name="[85] /home/travis/build/icyphy/ptII/ptolemy/domains/de/test/auto/multirate2.xml (RunModel)" time="0.013" />
  <testcase classname="ptolemy.util.test.junit.AutoTests" name="[86] /home/travis/build/icyphy/ptII/ptolemy/domains/de/test/auto/realtime.xml (RunModel)" time="10.009" />
  <testcase classname="ptolemy.util.test.junit.AutoTests" name="[87] /home/travis/build/icyphy/ptII/ptolemy/domains/de/test/auto/relationGroup.xml (RunModel)" time="0.009" />
  <testcase classname="ptolemy.util.test.junit.AutoTests" name="[88] /home/travis/build/icyphy/ptII/ptolemy/domains/de/test/auto/relationGroup2.xml (RunModel)" time="0.008" />
  <testcase classname="ptolemy.util.test.junit.AutoTests" name="[89] /home/travis/build/icyphy/ptII/ptolemy/domains/de/test/auto/sortWithOpaquePorts.xml (RunModel)" time="0.011" />
  <testcase classname="ptolemy.util.test.junit.AutoTests" name="[90] /home/travis/build/icyphy/ptII/ptolemy/domains/de/test/auto/transferInputsandOutputs.xml (RunModel)" time="0.013" />
  <testcase classname="ptolemy.util.test.junit.AutoTests" name="[91] /home/travis/build/icyphy/ptII/ptolemy/domains/de/test/auto/triggerType.xml (RunModel)" time="0.007" />
  <system-out><![CDATA[/home/travis/build/icyphy/ptII/ptolemy/domains/de/test/DependencyLoop.tcl
testDefs.tcl: setting time out to 9000 seconds at Fri Mar 08 03:41:00 UTC 2019
15 ms. Memory: 116224K Free: 97296K (84%)
14 ms. Memory: 146944K Free: 141517K (96%)
/home/travis/build/icyphy/ptII/ptolemy/domains/de/test/RunDETestsAsQSS.tcl
Run the DE tests using ptolemy.domains.qss.test.QSSDirectorTest, which extends QSSDirector and prints a message in the constructors.
------------------ testing $PTII/ptolemy/domains/de/test/auto/knownFailedTests/dependencyLoop.xml (Known Failure) 
4 ms. Memory: 146944K Free: 137267K (93%)


==== $PTIIhome/travis/build/icyphy/ptII/ptolemy/domains/de/test/../../../../: Auto Automatic test in file $PTII/ptolemy/domains/de/test/auto/knownFailedTests/dependencyLoop.xml
==== Contents of test case:

	    # FIXME: we should use $relativeFilename here, but it
	    # might have backslashes under Windows, which causes no end
	    # of trouble.
	    createAndExecute $file
	    list {}
	
.... Test generated KNOWN error:
    while executing
ptolemy.kernel.util.IllegalActionException: Found a zero delay loop containing .dependencyLoop.original
  in .dependencyLoop and .dependencyLoop.original
	at ptolemy.actor.util.CausalityInterfaceForComposites._computeOutputPortDepth(CausalityInterfaceForComposites.java:759)
	at ptolemy.actor.util.CausalityInterfaceForComposites._computeInputDepth(CausalityInterfaceForComposites.java:696)
	at ptolemy.actor.util.CausalityInterfaceForComposites._computeOutputPortDepth(CausalityInterfaceForComposites.java:765)
	at ptolemy.actor.util.CausalityInterfaceForComposites._computeInputDepth(CausalityInterfaceForComposites.java:696)
	at ptolemy.actor.util.CausalityInterfaceForComposites._computeOutputPortDepth(CausalityInterfaceForComposites.java:765)
	at ptolemy.actor.util.CausalityInterfaceForComposites._computeInputDepth(CausalityInterfaceForComposites.java:696)
	at ptolemy.actor.util.CausalityInterfaceForComposites._computeActorDepth(CausalityInterfaceForComposites.java:532)
	at ptolemy.actor.util.CausalityInterfaceForComposites.checkForCycles(CausalityInterfaceForComposites.java:96)
	at ptolemy.domains.de.kernel.DEDirector.preinitialize(DEDirector.java:1338)
	at ptolemy.actor.CompositeActor.preinitialize(CompositeActor.java:1828)
	at ptolemy.actor.Manager.preinitializeAndResolveTypes(Manager.java:1040)
	at ptolemy.actor.Manager.initialize(Manager.java:710)
	at ptolemy.actor.Manager.execute(Manager.java:356)
	at ptolemy.actor.Manager.run(Manager.java:1263)
	at ptolemy.actor.Manager$PtolemyRunThread.run(Manager.java:1915)

    while executing
ptolemy.kernel.util.IllegalActionException: Found a zero delay loop containing .dependencyLoop.original
  in .dependencyLoop and .dependencyLoop.original
    while executing
"java::new ptolemy.moml.MoMLSimpleApplication $file
"
    (procedure "createAndExecute" line 2)
    invoked from within
"createAndExecute $file"
    ("uplevel" body line 5)
    invoked from within
"uplevel $contents_of_test"
------------------ testing $PTII/ptolemy/domains/de/test/auto/knownFailedTests/DESDFClockTest.xml (Known Failure) 
2096 ms. Memory: 146944K Free: 121649K (83%)


==== $PTIIhome/travis/build/icyphy/ptII/ptolemy/domains/de/test/../../../../: Auto Automatic test in file $PTII/ptolemy/domains/de/test/auto/knownFailedTests/DESDFClockTest.xml
==== Contents of test case:

	    # FIXME: we should use $relativeFilename here, but it
	    # might have backslashes under Windows, which causes no end
	    # of trouble.
	    createAndExecute $file
	    list {}
	
.... Test generated KNOWN error:
    while executing
ptolemy.kernel.util.IllegalActionException: Actor is not ready to fire.  Perhaps UpSample.prefire() returned false? Try debugging the actor by selecting "Listen to Actor".  Also, for SDF check moml for tokenConsumptionRate on input.
  in .DESDFClockTest.Play Bell.Copy1:SDF Director and .DESDFClockTest.Play Bell.UpSample
	at ptolemy.actor.sched.StaticSchedulingDirector.fire(StaticSchedulingDirector.java:227)
	at ptolemy.domains.sdf.kernel.SDFDirector.fire(SDFDirector.java:500)
	at ptolemy.actor.CompositeActor.fire(CompositeActor.java:455)
	at ptolemy.domains.de.kernel.DEDirector._fire(DEDirector.java:1949)
	at ptolemy.domains.de.kernel.DEDirector.fire(DEDirector.java:502)
	at ptolemy.actor.CompositeActor.fire(CompositeActor.java:455)
	at ptolemy.actor.Manager.iterate(Manager.java:851)
	at ptolemy.actor.Manager.execute(Manager.java:369)
	at ptolemy.actor.Manager.run(Manager.java:1263)
	at ptolemy.actor.Manager$PtolemyRunThread.run(Manager.java:1915)

    while executing
ptolemy.kernel.util.IllegalActionException: Actor is not ready to fire.  Perhaps UpSample.prefire() returned false? Try debugging the actor by selecting "Listen to Actor".  Also, for SDF check moml for tokenConsumptionRate on input.
  in .DESDFClockTest.Play Bell.Copy1:SDF Director and .DESDFClockTest.Play Bell.UpSample
    while executing
"java::new ptolemy.moml.MoMLSimpleApplication $file
"
    (procedure "createAndExecute" line 2)
    invoked from within
"createAndExecute $file"
    ("uplevel" body line 5)
    invoked from within
"uplevel $contents_of_test"
------------------ testing $PTII/ptolemy/domains/de/test/auto/knownFailedTests/FSMSource.xml (Known Failure) 
35 ms. Memory: 146944K Free: 112162K (76%)
!!!! Auto was marked as failing, but now passes
------------------ testing $PTII/ptolemy/domains/de/test/auto/knownFailedTests/dependencyLoop2.xml (Known Failure) 
10 ms. Memory: 146944K Free: 110302K (75%)


==== $PTIIhome/travis/build/icyphy/ptII/ptolemy/domains/de/test/../../../../: Auto Automatic test in file $PTII/ptolemy/domains/de/test/auto/knownFailedTests/dependencyLoop2.xml
==== Contents of test case:

	    # FIXME: we should use $relativeFilename here, but it
	    # might have backslashes under Windows, which causes no end
	    # of trouble.
	    createAndExecute $file
	    list {}
	
.... Test generated KNOWN error:
    while executing
ptolemy.kernel.util.IllegalActionException: Found a zero delay loop containing .dependencyLoop2.original
  in .dependencyLoop2 and .dependencyLoop2.original
	at ptolemy.actor.util.CausalityInterfaceForComposites._computeOutputPortDepth(CausalityInterfaceForComposites.java:759)
	at ptolemy.actor.util.CausalityInterfaceForComposites._computeInputDepth(CausalityInterfaceForComposites.java:696)
	at ptolemy.actor.util.CausalityInterfaceForComposites._computeOutputPortDepth(CausalityInterfaceForComposites.java:765)
	at ptolemy.actor.util.CausalityInterfaceForComposites._computeInputDepth(CausalityInterfaceForComposites.java:696)
	at ptolemy.actor.util.CausalityInterfaceForComposites._computeOutputPortDepth(CausalityInterfaceForComposites.java:765)
	at ptolemy.actor.util.CausalityInterfaceForComposites._computeInputDepth(CausalityInterfaceForComposites.java:696)
	at ptolemy.actor.util.CausalityInterfaceForComposites._computeActorDepth(CausalityInterfaceForComposites.java:532)
	at ptolemy.actor.util.CausalityInterfaceForComposites.checkForCycles(CausalityInterfaceForComposites.java:96)
	at ptolemy.domains.de.kernel.DEDirector.preinitialize(DEDirector.java:1338)
	at ptolemy.actor.CompositeActor.preinitialize(CompositeActor.java:1828)
	at ptolemy.actor.Manager.preinitializeAndResolveTypes(Manager.java:1040)
	at ptolemy.actor.Manager.initialize(Manager.java:710)
	at ptolemy.actor.Manager.execute(Manager.java:356)
	at ptolemy.actor.Manager.run(Manager.java:1263)
	at ptolemy.actor.Manager$PtolemyRunThread.run(Manager.java:1915)

    while executing
ptolemy.kernel.util.IllegalActionException: Found a zero delay loop containing .dependencyLoop2.original
  in .dependencyLoop2 and .dependencyLoop2.original
    while executing
"java::new ptolemy.moml.MoMLSimpleApplication $file
"
    (procedure "createAndExecute" line 2)
    invoked from within
"createAndExecute $file"
    ("uplevel" body line 5)
    invoked from within
"uplevel $contents_of_test"
------------------ testing $PTII/ptolemy/domains/de/test/auto/knownFailedTests/HierarchicalModel.xml (Known Failure) 
9 ms. Memory: 146944K Free: 90133K (61%)


==== $PTIIhome/travis/build/icyphy/ptII/ptolemy/domains/de/test/../../../../: Auto Automatic test in file $PTII/ptolemy/domains/de/test/auto/knownFailedTests/HierarchicalModel.xml
==== Contents of test case:

	    # FIXME: we should use $relativeFilename here, but it
	    # might have backslashes under Windows, which causes no end
	    # of trouble.
	    createAndExecute $file
	    list {}
	
.... Test generated KNOWN error:
    while executing
ptolemy.kernel.util.IllegalActionException: Found a zero delay loop containing .HierarchicalModel.A
  in .HierarchicalModel and .HierarchicalModel.A
	at ptolemy.actor.util.CausalityInterfaceForComposites._computeOutputPortDepth(CausalityInterfaceForComposites.java:759)
	at ptolemy.actor.util.CausalityInterfaceForComposites._computeInputDepth(CausalityInterfaceForComposites.java:696)
	at ptolemy.actor.util.CausalityInterfaceForComposites._computeOutputPortDepth(CausalityInterfaceForComposites.java:765)
	at ptolemy.actor.util.CausalityInterfaceForComposites._computeInputDepth(CausalityInterfaceForComposites.java:696)
	at ptolemy.actor.util.CausalityInterfaceForComposites._computeOutputPortDepth(CausalityInterfaceForComposites.java:765)
	at ptolemy.actor.util.CausalityInterfaceForComposites._computeInputDepth(CausalityInterfaceForComposites.java:696)
	at ptolemy.actor.util.CausalityInterfaceForComposites._computeActorDepth(CausalityInterfaceForComposites.java:532)
	at ptolemy.actor.util.CausalityInterfaceForComposites.checkForCycles(CausalityInterfaceForComposites.java:96)
	at ptolemy.domains.de.kernel.DEDirector.preinitialize(DEDirector.java:1338)
	at ptolemy.actor.CompositeActor.preinitialize(CompositeActor.java:1828)
	at ptolemy.actor.Manager.preinitializeAndResolveTypes(Manager.java:1040)
	at ptolemy.actor.Manager.initialize(Manager.java:710)
	at ptolemy.actor.Manager.execute(Manager.java:356)
	at ptolemy.actor.Manager.run(Manager.java:1263)
	at ptolemy.actor.Manager$PtolemyRunThread.run(Manager.java:1915)

    while executing
ptolemy.kernel.util.IllegalActionException: Found a zero delay loop containing .HierarchicalModel.A
  in .HierarchicalModel and .HierarchicalModel.A
    while executing
"java::new ptolemy.moml.MoMLSimpleApplication $file
"
    (procedure "createAndExecute" line 2)
    invoked from within
"createAndExecute $file"
    ("uplevel" body line 5)
    invoked from within
"uplevel $contents_of_test"
------------------ testing $PTII/ptolemy/domains/de/test/auto/knownFailedTests/DirectFeedback.xml (Known Failure) 
7 ms. Memory: 146944K Free: 86012K (59%)


==== $PTIIhome/travis/build/icyphy/ptII/ptolemy/domains/de/test/../../../../: Auto Automatic test in file $PTII/ptolemy/domains/de/test/auto/knownFailedTests/DirectFeedback.xml
==== Contents of test case:

	    # FIXME: we should use $relativeFilename here, but it
	    # might have backslashes under Windows, which causes no end
	    # of trouble.
	    createAndExecute $file
	    list {}
	
.... Test generated KNOWN error:
    while executing
ptolemy.kernel.util.IllegalActionException: Test fails in iteration 1.
Value was: 1.0. Should have been: 2.0
  in .DirectFeedback.Test
	at ptolemy.actor.lib.Test.fire(Test.java:268)
	at ptolemy.domains.de.kernel.DEDirector._fire(DEDirector.java:1949)
	at ptolemy.domains.de.kernel.DEDirector.fire(DEDirector.java:502)
	at ptolemy.actor.CompositeActor.fire(CompositeActor.java:455)
	at ptolemy.actor.Manager.iterate(Manager.java:851)
	at ptolemy.actor.Manager.execute(Manager.java:369)
	at ptolemy.actor.Manager.run(Manager.java:1263)
	at ptolemy.actor.Manager$PtolemyRunThread.run(Manager.java:1915)

    while executing
ptolemy.kernel.util.IllegalActionException: Test fails in iteration 1.
Value was: 1.0. Should have been: 2.0
  in .DirectFeedback.Test
    while executing
"java::new ptolemy.moml.MoMLSimpleApplication $file
"
    (procedure "createAndExecute" line 2)
    invoked from within
"createAndExecute $file"
    ("uplevel" body line 5)
    invoked from within
"uplevel $contents_of_test"
------------------ testing $PTII/ptolemy/domains/de/test/auto/ActorDepthCalculation_actorWithoutPorts.xml
auto.tcl: Setting watchdog for 200 seconds at Fri Mar 08 03:41:04 UTC 2019
11 ms. Memory: 146944K Free: 138647K (94%)
ptolemy.util.test.WatchDog.cancel(): canceling Fri Mar 08 03:41:04 UTC 2019
auto.tcl: Setting watchdog for 200 seconds at Fri Mar 08 03:41:04 UTC 2019
8 ms. Memory: 146944K Free: 137626K (94%)
ptolemy.util.test.WatchDog.cancel(): canceling Fri Mar 08 03:41:04 UTC 2019
------------------ testing $PTII/ptolemy/domains/de/test/auto/AssemblyLine.xml
auto.tcl: Setting watchdog for 200 seconds at Fri Mar 08 03:41:04 UTC 2019
11 ms. Memory: 208384K Free: 186241K (89%)
ptolemy.util.test.WatchDog.cancel(): canceling Fri Mar 08 03:41:04 UTC 2019
auto.tcl: Setting watchdog for 200 seconds at Fri Mar 08 03:41:04 UTC 2019
6 ms. Memory: 208384K Free: 186241K (89%)
ptolemy.util.test.WatchDog.cancel(): canceling Fri Mar 08 03:41:04 UTC 2019
------------------ testing $PTII/ptolemy/domains/de/test/auto/CQBug1.xml
auto.tcl: Setting watchdog for 200 seconds at Fri Mar 08 03:41:04 UTC 2019
4 ms. Memory: 208384K Free: 197897K (95%)
ptolemy.util.test.WatchDog.cancel(): canceling Fri Mar 08 03:41:04 UTC 2019
auto.tcl: Setting watchdog for 200 seconds at Fri Mar 08 03:41:04 UTC 2019
1 ms. Memory: 208384K Free: 197897K (95%)
ptolemy.util.test.WatchDog.cancel(): canceling Fri Mar 08 03:41:04 UTC 2019
------------------ testing $PTII/ptolemy/domains/de/test/auto/CancelFireAt.xml
auto.tcl: Setting watchdog for 200 seconds at Fri Mar 08 03:41:05 UTC 2019
11 ms. Memory: 208384K Free: 201039K (96%)
ptolemy.util.test.WatchDog.cancel(): canceling Fri Mar 08 03:41:05 UTC 2019
auto.tcl: Setting watchdog for 200 seconds at Fri Mar 08 03:41:05 UTC 2019
9 ms. Memory: 208384K Free: 198997K (95%)
ptolemy.util.test.WatchDog.cancel(): canceling Fri Mar 08 03:41:05 UTC 2019
------------------ testing $PTII/ptolemy/domains/de/test/auto/CausalityAndComposabilityAnalysis.xml
auto.tcl: Setting watchdog for 200 seconds at Fri Mar 08 03:41:05 UTC 2019
10 ms. Memory: 208384K Free: 198594K (95%)
ptolemy.util.test.WatchDog.cancel(): canceling Fri Mar 08 03:41:05 UTC 2019
auto.tcl: Setting watchdog for 200 seconds at Fri Mar 08 03:41:05 UTC 2019
8 ms. Memory: 208384K Free: 196552K (94%)
ptolemy.util.test.WatchDog.cancel(): canceling Fri Mar 08 03:41:05 UTC 2019
------------------ testing $PTII/ptolemy/domains/de/test/auto/CausalityInterface1.xml
auto.tcl: Setting watchdog for 200 seconds at Fri Mar 08 03:41:05 UTC 2019
9 ms. Memory: 208384K Free: 196489K (94%)
ptolemy.util.test.WatchDog.cancel(): canceling Fri Mar 08 03:41:05 UTC 2019
auto.tcl: Setting watchdog for 200 seconds at Fri Mar 08 03:41:05 UTC 2019
4 ms. Memory: 208384K Free: 196489K (94%)
ptolemy.util.test.WatchDog.cancel(): canceling Fri Mar 08 03:41:05 UTC 2019
------------------ testing $PTII/ptolemy/domains/de/test/auto/CausalityInterface15.xml
auto.tcl: Setting watchdog for 200 seconds at Fri Mar 08 03:41:05 UTC 2019
4 ms. Memory: 208384K Free: 196449K (94%)
ptolemy.util.test.WatchDog.cancel(): canceling Fri Mar 08 03:41:05 UTC 2019
auto.tcl: Setting watchdog for 200 seconds at Fri Mar 08 03:41:05 UTC 2019
4 ms. Memory: 208384K Free: 196449K (94%)
ptolemy.util.test.WatchDog.cancel(): canceling Fri Mar 08 03:41:05 UTC 2019
------------------ testing $PTII/ptolemy/domains/de/test/auto/CausalityInterface2.xml
auto.tcl: Setting watchdog for 200 seconds at Fri Mar 08 03:41:05 UTC 2019
13 ms. Memory: 208384K Free: 196465K (94%)
ptolemy.util.test.WatchDog.cancel(): canceling Fri Mar 08 03:41:05 UTC 2019
auto.tcl: Setting watchdog for 200 seconds at Fri Mar 08 03:41:05 UTC 2019
2 ms. Memory: 208384K Free: 196465K (94%)
ptolemy.util.test.WatchDog.cancel(): canceling Fri Mar 08 03:41:05 UTC 2019
------------------ testing $PTII/ptolemy/domains/de/test/auto/CausalityInterface3.xml
auto.tcl: Setting watchdog for 200 seconds at Fri Mar 08 03:41:05 UTC 2019
5 ms. Memory: 208384K Free: 196479K (94%)
ptolemy.util.test.WatchDog.cancel(): canceling Fri Mar 08 03:41:05 UTC 2019
auto.tcl: Setting watchdog for 200 seconds at Fri Mar 08 03:41:05 UTC 2019
10 ms. Memory: 208384K Free: 196479K (94%)
ptolemy.util.test.WatchDog.cancel(): canceling Fri Mar 08 03:41:05 UTC 2019
------------------ testing $PTII/ptolemy/domains/de/test/auto/ClockDrift.xml
auto.tcl: Setting watchdog for 200 seconds at Fri Mar 08 03:41:05 UTC 2019
95 ms. Memory: 208384K Free: 187882K (90%)
ptolemy.util.test.WatchDog.cancel(): canceling Fri Mar 08 03:41:05 UTC 2019
auto.tcl: Setting watchdog for 200 seconds at Fri Mar 08 03:41:05 UTC 2019
65 ms. Memory: 208384K Free: 185839K (89%)
ptolemy.util.test.WatchDog.cancel(): canceling Fri Mar 08 03:41:05 UTC 2019
------------------ testing $PTII/ptolemy/domains/de/test/auto/ClockDriftAndValueChange.xml
auto.tcl: Setting watchdog for 200 seconds at Fri Mar 08 03:41:05 UTC 2019
25 ms. Memory: 208384K Free: 189758K (91%)
ptolemy.util.test.WatchDog.cancel(): canceling Fri Mar 08 03:41:05 UTC 2019
auto.tcl: Setting watchdog for 200 seconds at Fri Mar 08 03:41:05 UTC 2019
23 ms. Memory: 208384K Free: 185672K (89%)
ptolemy.util.test.WatchDog.cancel(): canceling Fri Mar 08 03:41:05 UTC 2019
------------------ testing $PTII/ptolemy/domains/de/test/auto/ClockDriftChange.xml
auto.tcl: Setting watchdog for 200 seconds at Fri Mar 08 03:41:06 UTC 2019
29 ms. Memory: 208384K Free: 190982K (92%)
ptolemy.util.test.WatchDog.cancel(): canceling Fri Mar 08 03:41:06 UTC 2019
auto.tcl: Setting watchdog for 200 seconds at Fri Mar 08 03:41:06 UTC 2019
24 ms. Memory: 208384K Free: 188940K (91%)
ptolemy.util.test.WatchDog.cancel(): canceling Fri Mar 08 03:41:06 UTC 2019
------------------ testing $PTII/ptolemy/domains/de/test/auto/ComposableCausalityAnalysis.xml
auto.tcl: Setting watchdog for 200 seconds at Fri Mar 08 03:41:06 UTC 2019
3 ms. Memory: 208384K Free: 196333K (94%)
ptolemy.util.test.WatchDog.cancel(): canceling Fri Mar 08 03:41:06 UTC 2019
auto.tcl: Setting watchdog for 200 seconds at Fri Mar 08 03:41:06 UTC 2019
1 ms. Memory: 208384K Free: 194290K (93%)
ptolemy.util.test.WatchDog.cancel(): canceling Fri Mar 08 03:41:06 UTC 2019
------------------ testing $PTII/ptolemy/domains/de/test/auto/DEFixedPointLimitation.xml
auto.tcl: Setting watchdog for 200 seconds at Fri Mar 08 03:41:06 UTC 2019
2 ms. Memory: 208384K Free: 198456K (95%)
ptolemy.util.test.WatchDog.cancel(): canceling Fri Mar 08 03:41:06 UTC 2019
auto.tcl: Setting watchdog for 200 seconds at Fri Mar 08 03:41:06 UTC 2019
1 ms. Memory: 208384K Free: 196413K (94%)
ptolemy.util.test.WatchDog.cancel(): canceling Fri Mar 08 03:41:06 UTC 2019
------------------ testing $PTII/ptolemy/domains/de/test/auto/DEScheduleTest.xml
auto.tcl: Setting watchdog for 200 seconds at Fri Mar 08 03:41:06 UTC 2019
4 ms. Memory: 208384K Free: 199011K (96%)
ptolemy.util.test.WatchDog.cancel(): canceling Fri Mar 08 03:41:06 UTC 2019
auto.tcl: Setting watchdog for 200 seconds at Fri Mar 08 03:41:06 UTC 2019
6 ms. Memory: 208384K Free: 196968K (95%)
ptolemy.util.test.WatchDog.cancel(): canceling Fri Mar 08 03:41:06 UTC 2019
------------------ testing $PTII/ptolemy/domains/de/test/auto/DEinDEwithStartTimes.xml
auto.tcl: Setting watchdog for 200 seconds at Fri Mar 08 03:41:06 UTC 2019
8 ms. Memory: 208384K Free: 196419K (94%)
ptolemy.util.test.WatchDog.cancel(): canceling Fri Mar 08 03:41:06 UTC 2019
auto.tcl: Setting watchdog for 200 seconds at Fri Mar 08 03:41:06 UTC 2019
3 ms. Memory: 208384K Free: 196419K (94%)
ptolemy.util.test.WatchDog.cancel(): canceling Fri Mar 08 03:41:06 UTC 2019
------------------ testing $PTII/ptolemy/domains/de/test/auto/DEinDEwithStartTimes2.xml
auto.tcl: Setting watchdog for 200 seconds at Fri Mar 08 03:41:06 UTC 2019
4 ms. Memory: 208384K Free: 196399K (94%)
ptolemy.util.test.WatchDog.cancel(): canceling Fri Mar 08 03:41:06 UTC 2019
auto.tcl: Setting watchdog for 200 seconds at Fri Mar 08 03:41:06 UTC 2019
7 ms. Memory: 208384K Free: 194356K (93%)
ptolemy.util.test.WatchDog.cancel(): canceling Fri Mar 08 03:41:06 UTC 2019
------------------ testing $PTII/ptolemy/domains/de/test/auto/DateDemo.xml
auto.tcl: Setting watchdog for 200 seconds at Fri Mar 08 03:41:06 UTC 2019
8 ms. Memory: 208384K Free: 189016K (91%)
ptolemy.util.test.WatchDog.cancel(): canceling Fri Mar 08 03:41:06 UTC 2019
auto.tcl: Setting watchdog for 200 seconds at Fri Mar 08 03:41:06 UTC 2019
6 ms. Memory: 208384K Free: 186974K (90%)
ptolemy.util.test.WatchDog.cancel(): canceling Fri Mar 08 03:41:06 UTC 2019
------------------ testing $PTII/ptolemy/domains/de/test/auto/DateToEvent.xml
auto.tcl: Setting watchdog for 200 seconds at Fri Mar 08 03:41:06 UTC 2019
2021 ms. Memory: 208384K Free: 183911K (88%)
ptolemy.util.test.WatchDog.cancel(): canceling Fri Mar 08 03:41:08 UTC 2019
auto.tcl: Setting watchdog for 200 seconds at Fri Mar 08 03:41:08 UTC 2019
2005 ms. Memory: 208384K Free: 183911K (88%)
ptolemy.util.test.WatchDog.cancel(): canceling Fri Mar 08 03:41:10 UTC 2019
------------------ testing $PTII/ptolemy/domains/de/test/auto/DepthTest1.xml
auto.tcl: Setting watchdog for 200 seconds at Fri Mar 08 03:41:10 UTC 2019
8 ms. Memory: 208384K Free: 198017K (95%)
ptolemy.util.test.WatchDog.cancel(): canceling Fri Mar 08 03:41:10 UTC 2019
auto.tcl: Setting watchdog for 200 seconds at Fri Mar 08 03:41:10 UTC 2019
2 ms. Memory: 208384K Free: 198017K (95%)
ptolemy.util.test.WatchDog.cancel(): canceling Fri Mar 08 03:41:10 UTC 2019
------------------ testing $PTII/ptolemy/domains/de/test/auto/DepthTest2.xml
auto.tcl: Setting watchdog for 200 seconds at Fri Mar 08 03:41:10 UTC 2019
4 ms. Memory: 208384K Free: 194365K (93%)
ptolemy.util.test.WatchDog.cancel(): canceling Fri Mar 08 03:41:10 UTC 2019
auto.tcl: Setting watchdog for 200 seconds at Fri Mar 08 03:41:10 UTC 2019
3 ms. Memory: 208384K Free: 194365K (93%)
ptolemy.util.test.WatchDog.cancel(): canceling Fri Mar 08 03:41:10 UTC 2019
------------------ testing $PTII/ptolemy/domains/de/test/auto/DepthTest3.xml
auto.tcl: Setting watchdog for 200 seconds at Fri Mar 08 03:41:10 UTC 2019
3 ms. Memory: 208384K Free: 198352K (95%)
ptolemy.util.test.WatchDog.cancel(): canceling Fri Mar 08 03:41:11 UTC 2019
auto.tcl: Setting watchdog for 200 seconds at Fri Mar 08 03:41:11 UTC 2019
2 ms. Memory: 208384K Free: 198352K (95%)
ptolemy.util.test.WatchDog.cancel(): canceling Fri Mar 08 03:41:11 UTC 2019
------------------ testing $PTII/ptolemy/domains/de/test/auto/DepthTest4.xml
auto.tcl: Setting watchdog for 200 seconds at Fri Mar 08 03:41:11 UTC 2019
6 ms. Memory: 208384K Free: 196397K (94%)
ptolemy.util.test.WatchDog.cancel(): canceling Fri Mar 08 03:41:11 UTC 2019
auto.tcl: Setting watchdog for 200 seconds at Fri Mar 08 03:41:11 UTC 2019
2 ms. Memory: 208384K Free: 196397K (94%)
ptolemy.util.test.WatchDog.cancel(): canceling Fri Mar 08 03:41:11 UTC 2019
------------------ testing $PTII/ptolemy/domains/de/test/auto/DepthTest5.xml
auto.tcl: Setting watchdog for 200 seconds at Fri Mar 08 03:41:11 UTC 2019
3 ms. Memory: 208384K Free: 196345K (94%)
ptolemy.util.test.WatchDog.cancel(): canceling Fri Mar 08 03:41:11 UTC 2019
auto.tcl: Setting watchdog for 200 seconds at Fri Mar 08 03:41:11 UTC 2019
3 ms. Memory: 208384K Free: 196345K (94%)
ptolemy.util.test.WatchDog.cancel(): canceling Fri Mar 08 03:41:11 UTC 2019
------------------ testing $PTII/ptolemy/domains/de/test/auto/DepthTest6.xml
auto.tcl: Setting watchdog for 200 seconds at Fri Mar 08 03:41:11 UTC 2019
6 ms. Memory: 208384K Free: 196840K (94%)
ptolemy.util.test.WatchDog.cancel(): canceling Fri Mar 08 03:41:11 UTC 2019
auto.tcl: Setting watchdog for 200 seconds at Fri Mar 08 03:41:11 UTC 2019
2 ms. Memory: 208384K Free: 196840K (94%)
ptolemy.util.test.WatchDog.cancel(): canceling Fri Mar 08 03:41:11 UTC 2019
------------------ testing $PTII/ptolemy/domains/de/test/auto/DepthTest7.xml
auto.tcl: Setting watchdog for 200 seconds at Fri Mar 08 03:41:11 UTC 2019
4 ms. Memory: 208384K Free: 196302K (94%)
ptolemy.util.test.WatchDog.cancel(): canceling Fri Mar 08 03:41:11 UTC 2019
auto.tcl: Setting watchdog for 200 seconds at Fri Mar 08 03:41:11 UTC 2019
2 ms. Memory: 208384K Free: 196302K (94%)
ptolemy.util.test.WatchDog.cancel(): canceling Fri Mar 08 03:41:11 UTC 2019
------------------ testing $PTII/ptolemy/domains/de/test/auto/EventToDate.xml
auto.tcl: Setting watchdog for 200 seconds at Fri Mar 08 03:41:11 UTC 2019
3005 ms. Memory: 208384K Free: 188145K (90%)
ptolemy.util.test.WatchDog.cancel(): canceling Fri Mar 08 03:41:14 UTC 2019
auto.tcl: Setting watchdog for 200 seconds at Fri Mar 08 03:41:14 UTC 2019
3005 ms. Memory: 208384K Free: 186102K (89%)
ptolemy.util.test.WatchDog.cancel(): canceling Fri Mar 08 03:41:17 UTC 2019
------------------ testing $PTII/ptolemy/domains/de/test/auto/FSM1.xml
auto.tcl: Setting watchdog for 200 seconds at Fri Mar 08 03:41:17 UTC 2019
35 ms. Memory: 208384K Free: 187012K (90%)
ptolemy.util.test.WatchDog.cancel(): canceling Fri Mar 08 03:41:17 UTC 2019
auto.tcl: Setting watchdog for 200 seconds at Fri Mar 08 03:41:17 UTC 2019
32 ms. Memory: 208384K Free: 182927K (88%)
ptolemy.util.test.WatchDog.cancel(): canceling Fri Mar 08 03:41:17 UTC 2019
------------------ testing $PTII/ptolemy/domains/de/test/auto/FSM7.xml
auto.tcl: Setting watchdog for 200 seconds at Fri Mar 08 03:41:17 UTC 2019
23 ms. Memory: 208384K Free: 189673K (91%)
ptolemy.util.test.WatchDog.cancel(): canceling Fri Mar 08 03:41:17 UTC 2019
auto.tcl: Setting watchdog for 200 seconds at Fri Mar 08 03:41:17 UTC 2019
13 ms. Memory: 208384K Free: 185588K (89%)
ptolemy.util.test.WatchDog.cancel(): canceling Fri Mar 08 03:41:17 UTC 2019
------------------ testing $PTII/ptolemy/domains/de/test/auto/Inspection.xml
auto.tcl: Setting watchdog for 200 seconds at Fri Mar 08 03:41:17 UTC 2019
34 ms. Memory: 208384K Free: 189356K (91%)
ptolemy.util.test.WatchDog.cancel(): canceling Fri Mar 08 03:41:17 UTC 2019
auto.tcl: Setting watchdog for 200 seconds at Fri Mar 08 03:41:17 UTC 2019
17 ms. Memory: 208384K Free: 187313K (90%)
ptolemy.util.test.WatchDog.cancel(): canceling Fri Mar 08 03:41:17 UTC 2019
------------------ testing $PTII/ptolemy/domains/de/test/auto/Iteration.xml
auto.tcl: Setting watchdog for 200 seconds at Fri Mar 08 03:41:17 UTC 2019
9 ms. Memory: 208384K Free: 196629K (94%)
ptolemy.util.test.WatchDog.cancel(): canceling Fri Mar 08 03:41:17 UTC 2019
auto.tcl: Setting watchdog for 200 seconds at Fri Mar 08 03:41:17 UTC 2019
7 ms. Memory: 208384K Free: 194067K (93%)
ptolemy.util.test.WatchDog.cancel(): canceling Fri Mar 08 03:41:17 UTC 2019
------------------ testing $PTII/ptolemy/domains/de/test/auto/LineFault.xml
auto.tcl: Setting watchdog for 200 seconds at Fri Mar 08 03:41:18 UTC 2019
747 ms. Memory: 208384K Free: 199869K (96%)
ptolemy.util.test.WatchDog.cancel(): canceling Fri Mar 08 03:41:18 UTC 2019
auto.tcl: Setting watchdog for 200 seconds at Fri Mar 08 03:41:18 UTC 2019
566 ms. Memory: 208384K Free: 142421K (68%)
ptolemy.util.test.WatchDog.cancel(): canceling Fri Mar 08 03:41:19 UTC 2019
------------------ testing $PTII/ptolemy/domains/de/test/auto/MergeModel1Add.xml
auto.tcl: Setting watchdog for 200 seconds at Fri Mar 08 03:41:19 UTC 2019
23 ms. Memory: 331264K Free: 300780K (91%)
ptolemy.util.test.WatchDog.cancel(): canceling Fri Mar 08 03:41:19 UTC 2019
auto.tcl: Setting watchdog for 200 seconds at Fri Mar 08 03:41:19 UTC 2019
12 ms. Memory: 331264K Free: 300780K (91%)
ptolemy.util.test.WatchDog.cancel(): canceling Fri Mar 08 03:41:19 UTC 2019
------------------ testing $PTII/ptolemy/domains/de/test/auto/MergeModel2Add.xml
auto.tcl: Setting watchdog for 200 seconds at Fri Mar 08 03:41:19 UTC 2019
8 ms. Memory: 331264K Free: 305672K (92%)
ptolemy.util.test.WatchDog.cancel(): canceling Fri Mar 08 03:41:19 UTC 2019
auto.tcl: Setting watchdog for 200 seconds at Fri Mar 08 03:41:19 UTC 2019
8 ms. Memory: 331264K Free: 302102K (91%)
ptolemy.util.test.WatchDog.cancel(): canceling Fri Mar 08 03:41:19 UTC 2019
------------------ testing $PTII/ptolemy/domains/de/test/auto/MergeModel3Add.xml
auto.tcl: Setting watchdog for 200 seconds at Fri Mar 08 03:41:19 UTC 2019
6 ms. Memory: 331264K Free: 305682K (92%)
ptolemy.util.test.WatchDog.cancel(): canceling Fri Mar 08 03:41:20 UTC 2019
auto.tcl: Setting watchdog for 200 seconds at Fri Mar 08 03:41:20 UTC 2019
6 ms. Memory: 331264K Free: 302105K (91%)
ptolemy.util.test.WatchDog.cancel(): canceling Fri Mar 08 03:41:20 UTC 2019
------------------ testing $PTII/ptolemy/domains/de/test/auto/MergeWithoutDiscard.xml
auto.tcl: Setting watchdog for 200 seconds at Fri Mar 08 03:41:20 UTC 2019
2 ms. Memory: 331264K Free: 317102K (96%)
ptolemy.util.test.WatchDog.cancel(): canceling Fri Mar 08 03:41:20 UTC 2019
auto.tcl: Setting watchdog for 200 seconds at Fri Mar 08 03:41:20 UTC 2019
1 ms. Memory: 331264K Free: 317102K (96%)
ptolemy.util.test.WatchDog.cancel(): canceling Fri Mar 08 03:41:20 UTC 2019
------------------ testing $PTII/ptolemy/domains/de/test/auto/Modal1.xml
auto.tcl: Setting watchdog for 200 seconds at Fri Mar 08 03:41:20 UTC 2019
19 ms. Memory: 331264K Free: 310674K (94%)
ptolemy.util.test.WatchDog.cancel(): canceling Fri Mar 08 03:41:20 UTC 2019
auto.tcl: Setting watchdog for 200 seconds at Fri Mar 08 03:41:20 UTC 2019
25 ms. Memory: 331264K Free: 307097K (93%)
ptolemy.util.test.WatchDog.cancel(): canceling Fri Mar 08 03:41:20 UTC 2019
------------------ testing $PTII/ptolemy/domains/de/test/auto/Modal2.xml
auto.tcl: Setting watchdog for 200 seconds at Fri Mar 08 03:41:20 UTC 2019
24 ms. Memory: 331264K Free: 305632K (92%)
ptolemy.util.test.WatchDog.cancel(): canceling Fri Mar 08 03:41:20 UTC 2019
auto.tcl: Setting watchdog for 200 seconds at Fri Mar 08 03:41:20 UTC 2019
10 ms. Memory: 331264K Free: 302062K (91%)
ptolemy.util.test.WatchDog.cancel(): canceling Fri Mar 08 03:41:20 UTC 2019
------------------ testing $PTII/ptolemy/domains/de/test/auto/Modal3.xml
auto.tcl: Setting watchdog for 200 seconds at Fri Mar 08 03:41:20 UTC 2019
10 ms. Memory: 331264K Free: 311220K (94%)
ptolemy.util.test.WatchDog.cancel(): canceling Fri Mar 08 03:41:20 UTC 2019
auto.tcl: Setting watchdog for 200 seconds at Fri Mar 08 03:41:20 UTC 2019
9 ms. Memory: 331264K Free: 306976K (93%)
ptolemy.util.test.WatchDog.cancel(): canceling Fri Mar 08 03:41:20 UTC 2019
------------------ testing $PTII/ptolemy/domains/de/test/auto/Modal4.xml
auto.tcl: Setting watchdog for 200 seconds at Fri Mar 08 03:41:20 UTC 2019
12 ms. Memory: 331264K Free: 310558K (94%)
ptolemy.util.test.WatchDog.cancel(): canceling Fri Mar 08 03:41:20 UTC 2019
auto.tcl: Setting watchdog for 200 seconds at Fri Mar 08 03:41:20 UTC 2019
28 ms. Memory: 331264K Free: 306973K (93%)
ptolemy.util.test.WatchDog.cancel(): canceling Fri Mar 08 03:41:20 UTC 2019
------------------ testing $PTII/ptolemy/domains/de/test/auto/Modal5.xml
auto.tcl: Setting watchdog for 200 seconds at Fri Mar 08 03:41:20 UTC 2019
15 ms. Memory: 331264K Free: 310578K (94%)
ptolemy.util.test.WatchDog.cancel(): canceling Fri Mar 08 03:41:20 UTC 2019
auto.tcl: Setting watchdog for 200 seconds at Fri Mar 08 03:41:20 UTC 2019
12 ms. Memory: 331264K Free: 307008K (93%)
ptolemy.util.test.WatchDog.cancel(): canceling Fri Mar 08 03:41:20 UTC 2019
------------------ testing $PTII/ptolemy/domains/de/test/auto/Modal6.xml
auto.tcl: Setting watchdog for 200 seconds at Fri Mar 08 03:41:20 UTC 2019
13 ms. Memory: 331264K Free: 310559K (94%)
ptolemy.util.test.WatchDog.cancel(): canceling Fri Mar 08 03:41:20 UTC 2019
auto.tcl: Setting watchdog for 200 seconds at Fri Mar 08 03:41:20 UTC 2019
13 ms. Memory: 331264K Free: 306982K (93%)
ptolemy.util.test.WatchDog.cancel(): canceling Fri Mar 08 03:41:20 UTC 2019
------------------ testing $PTII/ptolemy/domains/de/test/auto/Modal7.xml
auto.tcl: Setting watchdog for 200 seconds at Fri Mar 08 03:41:20 UTC 2019
14 ms. Memory: 331264K Free: 306973K (93%)
ptolemy.util.test.WatchDog.cancel(): canceling Fri Mar 08 03:41:20 UTC 2019
auto.tcl: Setting watchdog for 200 seconds at Fri Mar 08 03:41:20 UTC 2019
9 ms. Memory: 331264K Free: 303404K (92%)
ptolemy.util.test.WatchDog.cancel(): canceling Fri Mar 08 03:41:20 UTC 2019
------------------ testing $PTII/ptolemy/domains/de/test/auto/ModalModel.xml
auto.tcl: Setting watchdog for 200 seconds at Fri Mar 08 03:41:20 UTC 2019
182 ms. Memory: 331264K Free: 250231K (76%)
ptolemy.util.test.WatchDog.cancel(): canceling Fri Mar 08 03:41:21 UTC 2019
auto.tcl: Setting watchdog for 200 seconds at Fri Mar 08 03:41:21 UTC 2019
164 ms. Memory: 331264K Free: 192920K (58%)
ptolemy.util.test.WatchDog.cancel(): canceling Fri Mar 08 03:41:21 UTC 2019
------------------ testing $PTII/ptolemy/domains/de/test/auto/ModalSource.xml
auto.tcl: Setting watchdog for 200 seconds at Fri Mar 08 03:41:21 UTC 2019
6 ms. Memory: 331264K Free: 316601K (96%)
ptolemy.util.test.WatchDog.cancel(): canceling Fri Mar 08 03:41:21 UTC 2019
auto.tcl: Setting watchdog for 200 seconds at Fri Mar 08 03:41:21 UTC 2019
5 ms. Memory: 331264K Free: 313306K (95%)
ptolemy.util.test.WatchDog.cancel(): canceling Fri Mar 08 03:41:21 UTC 2019
------------------ testing $PTII/ptolemy/domains/de/test/auto/NonInterruptibleTimerZeroDelay.xml
auto.tcl: Setting watchdog for 200 seconds at Fri Mar 08 03:41:21 UTC 2019
3 ms. Memory: 331264K Free: 320978K (97%)
ptolemy.util.test.WatchDog.cancel(): canceling Fri Mar 08 03:41:21 UTC 2019
auto.tcl: Setting watchdog for 200 seconds at Fri Mar 08 03:41:21 UTC 2019
2 ms. Memory: 331264K Free: 317684K (96%)
ptolemy.util.test.WatchDog.cancel(): canceling Fri Mar 08 03:41:21 UTC 2019
------------------ testing $PTII/ptolemy/domains/de/test/auto/OpenQueueingNetwork.xml
auto.tcl: Setting watchdog for 200 seconds at Fri Mar 08 03:41:21 UTC 2019
2436 ms. Memory: 317952K Free: 171423K (54%)
ptolemy.util.test.WatchDog.cancel(): canceling Fri Mar 08 03:41:24 UTC 2019
auto.tcl: Setting watchdog for 200 seconds at Fri Mar 08 03:41:24 UTC 2019
1978 ms. Memory: 287232K Free: 261785K (91%)
ptolemy.util.test.WatchDog.cancel(): canceling Fri Mar 08 03:41:26 UTC 2019
------------------ testing $PTII/ptolemy/domains/de/test/auto/OpenQueuingNetwork.xml
auto.tcl: Setting watchdog for 200 seconds at Fri Mar 08 03:41:26 UTC 2019
246 ms. Memory: 287232K Free: 190412K (66%)
ptolemy.util.test.WatchDog.cancel(): canceling Fri Mar 08 03:41:26 UTC 2019
auto.tcl: Setting watchdog for 200 seconds at Fri Mar 08 03:41:26 UTC 2019
210 ms. Memory: 287232K Free: 130114K (45%)
ptolemy.util.test.WatchDog.cancel(): canceling Fri Mar 08 03:41:26 UTC 2019
------------------ testing $PTII/ptolemy/domains/de/test/auto/PeriodicSampler.xml
auto.tcl: Setting watchdog for 200 seconds at Fri Mar 08 03:41:26 UTC 2019
3 ms. Memory: 289792K Free: 277483K (96%)
ptolemy.util.test.WatchDog.cancel(): canceling Fri Mar 08 03:41:26 UTC 2019
auto.tcl: Setting watchdog for 200 seconds at Fri Mar 08 03:41:26 UTC 2019
2 ms. Memory: 289792K Free: 274602K (95%)
ptolemy.util.test.WatchDog.cancel(): canceling Fri Mar 08 03:41:26 UTC 2019
------------------ testing $PTII/ptolemy/domains/de/test/auto/PersistentIO.xml
auto.tcl: Setting watchdog for 200 seconds at Fri Mar 08 03:41:26 UTC 2019
5 ms. Memory: 287232K Free: 271958K (95%)
ptolemy.util.test.WatchDog.cancel(): canceling Fri Mar 08 03:41:26 UTC 2019
auto.tcl: Setting watchdog for 200 seconds at Fri Mar 08 03:41:26 UTC 2019
4 ms. Memory: 287232K Free: 269070K (94%)
ptolemy.util.test.WatchDog.cancel(): canceling Fri Mar 08 03:41:26 UTC 2019
------------------ testing $PTII/ptolemy/domains/de/test/auto/PortParameterResetOnInitialize.xml
auto.tcl: Setting watchdog for 200 seconds at Fri Mar 08 03:41:26 UTC 2019
2 ms. Memory: 289280K Free: 274706K (95%)
ptolemy.util.test.WatchDog.cancel(): canceling Fri Mar 08 03:41:26 UTC 2019
auto.tcl: Setting watchdog for 200 seconds at Fri Mar 08 03:41:26 UTC 2019
2 ms. Memory: 289280K Free: 274706K (95%)
ptolemy.util.test.WatchDog.cancel(): canceling Fri Mar 08 03:41:26 UTC 2019
------------------ testing $PTII/ptolemy/domains/de/test/auto/PortParameterUpdates.xml
auto.tcl: Setting watchdog for 200 seconds at Fri Mar 08 03:41:26 UTC 2019
7 ms. Memory: 287232K Free: 274834K (96%)
ptolemy.util.test.WatchDog.cancel(): canceling Fri Mar 08 03:41:26 UTC 2019
auto.tcl: Setting watchdog for 200 seconds at Fri Mar 08 03:41:26 UTC 2019
3 ms. Memory: 287232K Free: 271946K (95%)
ptolemy.util.test.WatchDog.cancel(): canceling Fri Mar 08 03:41:26 UTC 2019
------------------ testing $PTII/ptolemy/domains/de/test/auto/QueueAndServer.xml
auto.tcl: Setting watchdog for 200 seconds at Fri Mar 08 03:41:26 UTC 2019
15 ms. Memory: 289280K Free: 271760K (94%)
ptolemy.util.test.WatchDog.cancel(): canceling Fri Mar 08 03:41:26 UTC 2019
auto.tcl: Setting watchdog for 200 seconds at Fri Mar 08 03:41:26 UTC 2019
6 ms. Memory: 289280K Free: 271760K (94%)
ptolemy.util.test.WatchDog.cancel(): canceling Fri Mar 08 03:41:26 UTC 2019
------------------ testing $PTII/ptolemy/domains/de/test/auto/Records.xml
auto.tcl: Setting watchdog for 200 seconds at Fri Mar 08 03:41:27 UTC 2019
11 ms. Memory: 287232K Free: 274586K (96%)
ptolemy.util.test.WatchDog.cancel(): canceling Fri Mar 08 03:41:27 UTC 2019
auto.tcl: Setting watchdog for 200 seconds at Fri Mar 08 03:41:27 UTC 2019
2 ms. Memory: 287232K Free: 274586K (96%)
ptolemy.util.test.WatchDog.cancel(): canceling Fri Mar 08 03:41:27 UTC 2019
------------------ testing $PTII/ptolemy/domains/de/test/auto/ResetTransitionWithStartTime1.xml
auto.tcl: Setting watchdog for 200 seconds at Fri Mar 08 03:41:27 UTC 2019
12 ms. Memory: 288768K Free: 273404K (95%)
ptolemy.util.test.WatchDog.cancel(): canceling Fri Mar 08 03:41:27 UTC 2019
auto.tcl: Setting watchdog for 200 seconds at Fri Mar 08 03:41:27 UTC 2019
8 ms. Memory: 288768K Free: 273249K (95%)
ptolemy.util.test.WatchDog.cancel(): canceling Fri Mar 08 03:41:27 UTC 2019
------------------ testing $PTII/ptolemy/domains/de/test/auto/ResetTransitionWithStartTime2.xml
auto.tcl: Setting watchdog for 200 seconds at Fri Mar 08 03:41:27 UTC 2019
7 ms. Memory: 287232K Free: 271860K (95%)
ptolemy.util.test.WatchDog.cancel(): canceling Fri Mar 08 03:41:27 UTC 2019
auto.tcl: Setting watchdog for 200 seconds at Fri Mar 08 03:41:27 UTC 2019
7 ms. Memory: 287232K Free: 271860K (95%)
ptolemy.util.test.WatchDog.cancel(): canceling Fri Mar 08 03:41:27 UTC 2019
------------------ testing $PTII/ptolemy/domains/de/test/auto/ResetTransitionWithStartTime3.xml
auto.tcl: Setting watchdog for 200 seconds at Fri Mar 08 03:41:27 UTC 2019
7 ms. Memory: 288768K Free: 273240K (95%)
ptolemy.util.test.WatchDog.cancel(): canceling Fri Mar 08 03:41:27 UTC 2019
auto.tcl: Setting watchdog for 200 seconds at Fri Mar 08 03:41:27 UTC 2019
4 ms. Memory: 288768K Free: 273240K (95%)
ptolemy.util.test.WatchDog.cancel(): canceling Fri Mar 08 03:41:27 UTC 2019
------------------ testing $PTII/ptolemy/domains/de/test/auto/ResetTransitionWithStartTime4.xml
auto.tcl: Setting watchdog for 200 seconds at Fri Mar 08 03:41:27 UTC 2019
3 ms. Memory: 287232K Free: 271734K (95%)
ptolemy.util.test.WatchDog.cancel(): canceling Fri Mar 08 03:41:27 UTC 2019
auto.tcl: Setting watchdog for 200 seconds at Fri Mar 08 03:41:27 UTC 2019
3 ms. Memory: 287232K Free: 271734K (95%)
ptolemy.util.test.WatchDog.cancel(): canceling Fri Mar 08 03:41:27 UTC 2019
------------------ testing $PTII/ptolemy/domains/de/test/auto/ResettableTimer1.xml
auto.tcl: Setting watchdog for 200 seconds at Fri Mar 08 03:41:27 UTC 2019
3 ms. Memory: 288768K Free: 276146K (96%)
ptolemy.util.test.WatchDog.cancel(): canceling Fri Mar 08 03:41:27 UTC 2019
auto.tcl: Setting watchdog for 200 seconds at Fri Mar 08 03:41:27 UTC 2019
2 ms. Memory: 288768K Free: 276146K (96%)
ptolemy.util.test.WatchDog.cancel(): canceling Fri Mar 08 03:41:27 UTC 2019
------------------ testing $PTII/ptolemy/domains/de/test/auto/ResettableTimer2.xml
auto.tcl: Setting watchdog for 200 seconds at Fri Mar 08 03:41:27 UTC 2019
3 ms. Memory: 287232K Free: 274808K (96%)
ptolemy.util.test.WatchDog.cancel(): canceling Fri Mar 08 03:41:27 UTC 2019
auto.tcl: Setting watchdog for 200 seconds at Fri Mar 08 03:41:27 UTC 2019
2 ms. Memory: 287232K Free: 274808K (96%)
ptolemy.util.test.WatchDog.cancel(): canceling Fri Mar 08 03:41:27 UTC 2019
------------------ testing $PTII/ptolemy/domains/de/test/auto/ResettableTimer3.xml
auto.tcl: Setting watchdog for 200 seconds at Fri Mar 08 03:41:27 UTC 2019
1 ms. Memory: 288256K Free: 275692K (96%)
ptolemy.util.test.WatchDog.cancel(): canceling Fri Mar 08 03:41:27 UTC 2019
auto.tcl: Setting watchdog for 200 seconds at Fri Mar 08 03:41:27 UTC 2019
1 ms. Memory: 288256K Free: 275692K (96%)
ptolemy.util.test.WatchDog.cancel(): canceling Fri Mar 08 03:41:27 UTC 2019
------------------ testing $PTII/ptolemy/domains/de/test/auto/ResettableTimer4.xml
auto.tcl: Setting watchdog for 200 seconds at Fri Mar 08 03:41:27 UTC 2019
1 ms. Memory: 287232K Free: 274836K (96%)
ptolemy.util.test.WatchDog.cancel(): canceling Fri Mar 08 03:41:27 UTC 2019
auto.tcl: Setting watchdog for 200 seconds at Fri Mar 08 03:41:27 UTC 2019
1 ms. Memory: 287232K Free: 274836K (96%)
ptolemy.util.test.WatchDog.cancel(): canceling Fri Mar 08 03:41:27 UTC 2019
------------------ testing $PTII/ptolemy/domains/de/test/auto/ResettableTimer5.xml
auto.tcl: Setting watchdog for 200 seconds at Fri Mar 08 03:41:27 UTC 2019
2 ms. Memory: 288256K Free: 273792K (95%)
ptolemy.util.test.WatchDog.cancel(): canceling Fri Mar 08 03:41:27 UTC 2019
auto.tcl: Setting watchdog for 200 seconds at Fri Mar 08 03:41:27 UTC 2019
1 ms. Memory: 288256K Free: 273792K (95%)
ptolemy.util.test.WatchDog.cancel(): canceling Fri Mar 08 03:41:27 UTC 2019
------------------ testing $PTII/ptolemy/domains/de/test/auto/ResettableTimer6.xml
auto.tcl: Setting watchdog for 200 seconds at Fri Mar 08 03:41:27 UTC 2019
1 ms. Memory: 287232K Free: 272554K (95%)
ptolemy.util.test.WatchDog.cancel(): canceling Fri Mar 08 03:41:27 UTC 2019
auto.tcl: Setting watchdog for 200 seconds at Fri Mar 08 03:41:27 UTC 2019
2 ms. Memory: 287232K Free: 272554K (95%)
ptolemy.util.test.WatchDog.cancel(): canceling Fri Mar 08 03:41:27 UTC 2019
------------------ testing $PTII/ptolemy/domains/de/test/auto/ServerZeroDelay.xml
auto.tcl: Setting watchdog for 200 seconds at Fri Mar 08 03:41:27 UTC 2019
3 ms. Memory: 288256K Free: 275783K (96%)
ptolemy.util.test.WatchDog.cancel(): canceling Fri Mar 08 03:41:27 UTC 2019
auto.tcl: Setting watchdog for 200 seconds at Fri Mar 08 03:41:27 UTC 2019
2 ms. Memory: 288256K Free: 275783K (96%)
ptolemy.util.test.WatchDog.cancel(): canceling Fri Mar 08 03:41:27 UTC 2019
------------------ testing $PTII/ptolemy/domains/de/test/auto/SmartSender.xml
auto.tcl: Setting watchdog for 200 seconds at Fri Mar 08 03:41:27 UTC 2019
3001 ms. Memory: 287232K Free: 272695K (95%)
ptolemy.util.test.WatchDog.cancel(): canceling Fri Mar 08 03:41:30 UTC 2019
auto.tcl: Setting watchdog for 200 seconds at Fri Mar 08 03:41:30 UTC 2019
3002 ms. Memory: 287232K Free: 272695K (95%)
ptolemy.util.test.WatchDog.cancel(): canceling Fri Mar 08 03:41:33 UTC 2019
------------------ testing $PTII/ptolemy/domains/de/test/auto/ThreadedComposite.xml
auto.tcl: Setting watchdog for 200 seconds at Fri Mar 08 03:41:33 UTC 2019
234 ms. Memory: 288256K Free: 255467K (89%)
ptolemy.util.test.WatchDog.cancel(): canceling Fri Mar 08 03:41:34 UTC 2019
auto.tcl: Setting watchdog for 200 seconds at Fri Mar 08 03:41:34 UTC 2019
142 ms. Memory: 288256K Free: 241472K (84%)
ptolemy.util.test.WatchDog.cancel(): canceling Fri Mar 08 03:41:34 UTC 2019
------------------ testing $PTII/ptolemy/domains/de/test/auto/Time.xml
auto.tcl: Setting watchdog for 200 seconds at Fri Mar 08 03:41:34 UTC 2019
508 ms. Memory: 287232K Free: 222867K (78%)
ptolemy.util.test.WatchDog.cancel(): canceling Fri Mar 08 03:41:34 UTC 2019
auto.tcl: Setting watchdog for 200 seconds at Fri Mar 08 03:41:34 UTC 2019
503 ms. Memory: 287232K Free: 171017K (60%)
ptolemy.util.test.WatchDog.cancel(): canceling Fri Mar 08 03:41:35 UTC 2019
------------------ testing $PTII/ptolemy/domains/de/test/auto/TimeDelayZeroDelay.xml
auto.tcl: Setting watchdog for 200 seconds at Fri Mar 08 03:41:35 UTC 2019
2 ms. Memory: 287744K Free: 275687K (96%)
ptolemy.util.test.WatchDog.cancel(): canceling Fri Mar 08 03:41:35 UTC 2019
auto.tcl: Setting watchdog for 200 seconds at Fri Mar 08 03:41:35 UTC 2019
2 ms. Memory: 287744K Free: 275687K (96%)
ptolemy.util.test.WatchDog.cancel(): canceling Fri Mar 08 03:41:35 UTC 2019
------------------ testing $PTII/ptolemy/domains/de/test/auto/TimerZeroDelay.xml
auto.tcl: Setting watchdog for 200 seconds at Fri Mar 08 03:41:35 UTC 2019
3 ms. Memory: 287232K Free: 275320K (96%)
ptolemy.util.test.WatchDog.cancel(): canceling Fri Mar 08 03:41:35 UTC 2019
auto.tcl: Setting watchdog for 200 seconds at Fri Mar 08 03:41:35 UTC 2019
1 ms. Memory: 287232K Free: 275320K (96%)
ptolemy.util.test.WatchDog.cancel(): canceling Fri Mar 08 03:41:35 UTC 2019
------------------ testing $PTII/ptolemy/domains/de/test/auto/TimingParadox.xml
auto.tcl: Setting watchdog for 200 seconds at Fri Mar 08 03:41:35 UTC 2019
351 ms. Memory: 287744K Free: 209688K (73%)
ptolemy.util.test.WatchDog.cancel(): canceling Fri Mar 08 03:41:36 UTC 2019
auto.tcl: Setting watchdog for 200 seconds at Fri Mar 08 03:41:36 UTC 2019
301 ms. Memory: 287744K Free: 176137K (61%)
ptolemy.util.test.WatchDog.cancel(): canceling Fri Mar 08 03:41:36 UTC 2019
------------------ testing $PTII/ptolemy/domains/de/test/auto/TransferInputs.xml
auto.tcl: Setting watchdog for 200 seconds at Fri Mar 08 03:41:36 UTC 2019
2 ms. Memory: 287744K Free: 274790K (95%)
ptolemy.util.test.WatchDog.cancel(): canceling Fri Mar 08 03:41:36 UTC 2019
auto.tcl: Setting watchdog for 200 seconds at Fri Mar 08 03:41:36 UTC 2019
1 ms. Memory: 287744K Free: 274790K (95%)
ptolemy.util.test.WatchDog.cancel(): canceling Fri Mar 08 03:41:36 UTC 2019
------------------ testing $PTII/ptolemy/domains/de/test/auto/TransferOutputs2.xml
auto.tcl: Setting watchdog for 200 seconds at Fri Mar 08 03:41:36 UTC 2019
3 ms. Memory: 287232K Free: 270739K (94%)
ptolemy.util.test.WatchDog.cancel(): canceling Fri Mar 08 03:41:36 UTC 2019
auto.tcl: Setting watchdog for 200 seconds at Fri Mar 08 03:41:36 UTC 2019
3 ms. Memory: 287232K Free: 268140K (93%)
ptolemy.util.test.WatchDog.cancel(): canceling Fri Mar 08 03:41:36 UTC 2019
------------------ testing $PTII/ptolemy/domains/de/test/auto/Trilateration.xml
auto.tcl: Setting watchdog for 200 seconds at Fri Mar 08 03:41:36 UTC 2019
14201 ms. Memory: 793088K Free: 75634K (10%)
ptolemy.util.test.WatchDog.cancel(): canceling Fri Mar 08 03:41:51 UTC 2019
auto.tcl: Setting watchdog for 200 seconds at Fri Mar 08 03:41:51 UTC 2019
10733 ms. Memory: 639488K Free: 581562K (91%)
ptolemy.util.test.WatchDog.cancel(): canceling Fri Mar 08 03:42:02 UTC 2019
------------------ testing $PTII/ptolemy/domains/de/test/auto/TwoSigmaDelta.xml
auto.tcl: Setting watchdog for 200 seconds at Fri Mar 08 03:42:02 UTC 2019
2710 ms. Memory: 643072K Free: 339530K (53%)
ptolemy.util.test.WatchDog.cancel(): canceling Fri Mar 08 03:42:05 UTC 2019
auto.tcl: Setting watchdog for 200 seconds at Fri Mar 08 03:42:05 UTC 2019
2078 ms. Memory: 643072K Free: 118751K (18%)
ptolemy.util.test.WatchDog.cancel(): canceling Fri Mar 08 03:42:07 UTC 2019
------------------ testing $PTII/ptolemy/domains/de/test/auto/VariableDelay.xml
auto.tcl: Setting watchdog for 200 seconds at Fri Mar 08 03:42:07 UTC 2019
3 ms. Memory: 640000K Free: 615293K (96%)
ptolemy.util.test.WatchDog.cancel(): canceling Fri Mar 08 03:42:07 UTC 2019
auto.tcl: Setting watchdog for 200 seconds at Fri Mar 08 03:42:07 UTC 2019
2 ms. Memory: 640000K Free: 615293K (96%)
ptolemy.util.test.WatchDog.cancel(): canceling Fri Mar 08 03:42:07 UTC 2019
------------------ testing $PTII/ptolemy/domains/de/test/auto/VariableDelay2.xml
auto.tcl: Setting watchdog for 200 seconds at Fri Mar 08 03:42:07 UTC 2019
6 ms. Memory: 639488K Free: 620796K (97%)
ptolemy.util.test.WatchDog.cancel(): canceling Fri Mar 08 03:42:07 UTC 2019
auto.tcl: Setting watchdog for 200 seconds at Fri Mar 08 03:42:07 UTC 2019
2 ms. Memory: 639488K Free: 620796K (97%)
ptolemy.util.test.WatchDog.cancel(): canceling Fri Mar 08 03:42:07 UTC 2019
------------------ testing $PTII/ptolemy/domains/de/test/auto/VariableDelayZeroDelay.xml
auto.tcl: Setting watchdog for 200 seconds at Fri Mar 08 03:42:07 UTC 2019
2 ms. Memory: 639488K Free: 615214K (96%)
ptolemy.util.test.WatchDog.cancel(): canceling Fri Mar 08 03:42:07 UTC 2019
auto.tcl: Setting watchdog for 200 seconds at Fri Mar 08 03:42:07 UTC 2019
1 ms. Memory: 639488K Free: 615214K (96%)
ptolemy.util.test.WatchDog.cancel(): canceling Fri Mar 08 03:42:07 UTC 2019
------------------ testing $PTII/ptolemy/domains/de/test/auto/VariableDelayZeroDelay2.xml
auto.tcl: Setting watchdog for 200 seconds at Fri Mar 08 03:42:07 UTC 2019
2 ms. Memory: 642048K Free: 617770K (96%)
ptolemy.util.test.WatchDog.cancel(): canceling Fri Mar 08 03:42:07 UTC 2019
auto.tcl: Setting watchdog for 200 seconds at Fri Mar 08 03:42:07 UTC 2019
2 ms. Memory: 642048K Free: 617770K (96%)
ptolemy.util.test.WatchDog.cancel(): canceling Fri Mar 08 03:42:07 UTC 2019
------------------ testing $PTII/ptolemy/domains/de/test/auto/deInCt.xml
auto.tcl: Setting watchdog for 200 seconds at Fri Mar 08 03:42:07 UTC 2019
0
1
1
1
1
0
0
1
1
1
0
0
0
0
1
1
1
1
0
0
0
1
1
0
0
0
0
1
1
1
1
0
0
0
1
1
1
0
0
0
0
0
12 ms. Memory: 639488K Free: 615186K (96%)
ptolemy.util.test.WatchDog.cancel(): canceling Fri Mar 08 03:42:07 UTC 2019
auto.tcl: Setting watchdog for 200 seconds at Fri Mar 08 03:42:07 UTC 2019
0
1
1
1
0
0
0
1
1
1
0
0
0
0
1
1
1
0
0
0
1
1
1
0
0
0
1
1
1
0
0
0
0
0
0
0
1
1
1
0
0
0
1
1
1
0
0
0
10 ms. Memory: 639488K Free: 615186K (96%)
ptolemy.util.test.WatchDog.cancel(): canceling Fri Mar 08 03:42:07 UTC 2019
------------------ testing $PTII/ptolemy/domains/de/test/auto/deInCt2.xml
auto.tcl: Setting watchdog for 200 seconds at Fri Mar 08 03:42:07 UTC 2019
0
1
1
1
0
0
1
1
1
0
0
1
1
1
0
0
1
1
1
0
0
1
1
1
0
0
1
1
1
0
0
1
1
1
0
0
1
1
1
0
0
0
13 ms. Memory: 642048K Free: 617766K (96%)
ptolemy.util.test.WatchDog.cancel(): canceling Fri Mar 08 03:42:07 UTC 2019
auto.tcl: Setting watchdog for 200 seconds at Fri Mar 08 03:42:07 UTC 2019
0
1
1
1
0
0
1
1
1
0
0
1
1
1
0
0
1
1
1
0
0
1
1
1
0
0
1
1
1
0
0
1
1
1
0
0
1
1
1
0
0
0
9 ms. Memory: 642048K Free: 617766K (96%)
ptolemy.util.test.WatchDog.cancel(): canceling Fri Mar 08 03:42:07 UTC 2019
------------------ testing $PTII/ptolemy/domains/de/test/auto/dynamicCausalityInterface1.xml
auto.tcl: Setting watchdog for 200 seconds at Fri Mar 08 03:42:07 UTC 2019
1 ms. Memory: 639488K Free: 606810K (95%)
ptolemy.util.test.WatchDog.cancel(): canceling Fri Mar 08 03:42:07 UTC 2019
auto.tcl: Setting watchdog for 200 seconds at Fri Mar 08 03:42:07 UTC 2019
1 ms. Memory: 639488K Free: 606810K (95%)
ptolemy.util.test.WatchDog.cancel(): canceling Fri Mar 08 03:42:07 UTC 2019
------------------ testing $PTII/ptolemy/domains/de/test/auto/fsm_de_test.xml
auto.tcl: Setting watchdog for 200 seconds at Fri Mar 08 03:42:07 UTC 2019
7 ms. Memory: 641536K Free: 617144K (96%)
ptolemy.util.test.WatchDog.cancel(): canceling Fri Mar 08 03:42:08 UTC 2019
auto.tcl: Setting watchdog for 200 seconds at Fri Mar 08 03:42:08 UTC 2019
12 ms. Memory: 641536K Free: 608752K (95%)
ptolemy.util.test.WatchDog.cancel(): canceling Fri Mar 08 03:42:08 UTC 2019
------------------ testing $PTII/ptolemy/domains/de/test/auto/functionDependencyReconstruction.xml
auto.tcl: Setting watchdog for 200 seconds at Fri Mar 08 03:42:08 UTC 2019
2 ms. Memory: 639488K Free: 606703K (95%)
ptolemy.util.test.WatchDog.cancel(): canceling Fri Mar 08 03:42:08 UTC 2019
auto.tcl: Setting watchdog for 200 seconds at Fri Mar 08 03:42:08 UTC 2019
3 ms. Memory: 639488K Free: 606703K (95%)
ptolemy.util.test.WatchDog.cancel(): canceling Fri Mar 08 03:42:08 UTC 2019
------------------ testing $PTII/ptolemy/domains/de/test/auto/multirate.xml
auto.tcl: Setting watchdog for 200 seconds at Fri Mar 08 03:42:08 UTC 2019
6 ms. Memory: 641536K Free: 617010K (96%)
ptolemy.util.test.WatchDog.cancel(): canceling Fri Mar 08 03:42:08 UTC 2019
auto.tcl: Setting watchdog for 200 seconds at Fri Mar 08 03:42:08 UTC 2019
2 ms. Memory: 641536K Free: 616990K (96%)
ptolemy.util.test.WatchDog.cancel(): canceling Fri Mar 08 03:42:08 UTC 2019
------------------ testing $PTII/ptolemy/domains/de/test/auto/multirate2.xml
auto.tcl: Setting watchdog for 200 seconds at Fri Mar 08 03:42:08 UTC 2019
3 ms. Memory: 639488K Free: 620730K (97%)
ptolemy.util.test.WatchDog.cancel(): canceling Fri Mar 08 03:42:08 UTC 2019
auto.tcl: Setting watchdog for 200 seconds at Fri Mar 08 03:42:08 UTC 2019
3 ms. Memory: 639488K Free: 620730K (97%)
ptolemy.util.test.WatchDog.cancel(): canceling Fri Mar 08 03:42:08 UTC 2019
------------------ testing $PTII/ptolemy/domains/de/test/auto/realtime.xml
auto.tcl: Setting watchdog for 200 seconds at Fri Mar 08 03:42:08 UTC 2019
10001 ms. Memory: 641024K Free: 616664K (96%)
ptolemy.util.test.WatchDog.cancel(): canceling Fri Mar 08 03:42:18 UTC 2019
auto.tcl: Setting watchdog for 200 seconds at Fri Mar 08 03:42:18 UTC 2019
10001 ms. Memory: 641024K Free: 616664K (96%)
ptolemy.util.test.WatchDog.cancel(): canceling Fri Mar 08 03:42:28 UTC 2019
------------------ testing $PTII/ptolemy/domains/de/test/auto/relationGroup.xml
auto.tcl: Setting watchdog for 200 seconds at Fri Mar 08 03:42:28 UTC 2019
2 ms. Memory: 639488K Free: 620755K (97%)
ptolemy.util.test.WatchDog.cancel(): canceling Fri Mar 08 03:42:28 UTC 2019
auto.tcl: Setting watchdog for 200 seconds at Fri Mar 08 03:42:28 UTC 2019
1 ms. Memory: 639488K Free: 620755K (97%)
ptolemy.util.test.WatchDog.cancel(): canceling Fri Mar 08 03:42:28 UTC 2019
------------------ testing $PTII/ptolemy/domains/de/test/auto/relationGroup2.xml
auto.tcl: Setting watchdog for 200 seconds at Fri Mar 08 03:42:28 UTC 2019
1 ms. Memory: 641024K Free: 616737K (96%)
ptolemy.util.test.WatchDog.cancel(): canceling Fri Mar 08 03:42:28 UTC 2019
auto.tcl: Setting watchdog for 200 seconds at Fri Mar 08 03:42:28 UTC 2019
1 ms. Memory: 641024K Free: 616737K (96%)
ptolemy.util.test.WatchDog.cancel(): canceling Fri Mar 08 03:42:28 UTC 2019
------------------ testing $PTII/ptolemy/domains/de/test/auto/sortWithOpaquePorts.xml
auto.tcl: Setting watchdog for 200 seconds at Fri Mar 08 03:42:28 UTC 2019
1 ms. Memory: 639488K Free: 615201K (96%)
ptolemy.util.test.WatchDog.cancel(): canceling Fri Mar 08 03:42:28 UTC 2019
auto.tcl: Setting watchdog for 200 seconds at Fri Mar 08 03:42:28 UTC 2019
1 ms. Memory: 639488K Free: 615201K (96%)
ptolemy.util.test.WatchDog.cancel(): canceling Fri Mar 08 03:42:28 UTC 2019
------------------ testing $PTII/ptolemy/domains/de/test/auto/transferInputsandOutputs.xml
auto.tcl: Setting watchdog for 200 seconds at Fri Mar 08 03:42:28 UTC 2019
2 ms. Memory: 640512K Free: 616212K (96%)
ptolemy.util.test.WatchDog.cancel(): canceling Fri Mar 08 03:42:28 UTC 2019
auto.tcl: Setting watchdog for 200 seconds at Fri Mar 08 03:42:28 UTC 2019
1 ms. Memory: 640512K Free: 616212K (96%)
ptolemy.util.test.WatchDog.cancel(): canceling Fri Mar 08 03:42:28 UTC 2019
------------------ testing $PTII/ptolemy/domains/de/test/auto/triggerType.xml
auto.tcl: Setting watchdog for 200 seconds at Fri Mar 08 03:42:28 UTC 2019
1 ms. Memory: 639488K Free: 615138K (96%)
ptolemy.util.test.WatchDog.cancel(): canceling Fri Mar 08 03:42:28 UTC 2019
auto.tcl: Setting watchdog for 200 seconds at Fri Mar 08 03:42:28 UTC 2019
1 ms. Memory: 639488K Free: 615138K (96%)
ptolemy.util.test.WatchDog.cancel(): canceling Fri Mar 08 03:42:28 UTC 2019
03/08/19 03:42:28
Failed: 0  Total Tests: 192  ((Passed: 187, Newly Passed: 1)  Known Failed: 5) /home/travis/build/icyphy/ptII/ptolemy/domains/de/test
03/08/19 03:42:28
Failed: 0  Total Tests: 192  ((Passed: 187, Newly Passed: 1)  Known Failed: 5) /home/travis/build/icyphy/ptII/ptolemy/domains/de/test
----------------- testing (KnownFailure) /home/travis/build/icyphy/ptII/ptolemy/domains/de/test/auto/knownFailedTests/DESDFClockTest.xml
2008 ms. Memory: 640512K Free: 605033K (94%)
Known Failure: java.lang.reflect.InvocationTargetException
----------------- testing (KnownFailure) /home/travis/build/icyphy/ptII/ptolemy/domains/de/test/auto/knownFailedTests/DirectFeedback.xml
1 ms. Memory: 640512K Free: 560386K (87%)
Known Failure: java.lang.reflect.InvocationTargetException
----------------- testing (KnownFailure) /home/travis/build/icyphy/ptII/ptolemy/domains/de/test/auto/knownFailedTests/FSMSource.xml
9 ms. Memory: 640512K Free: 515740K (81%)
----------------- testing (KnownFailure) /home/travis/build/icyphy/ptII/ptolemy/domains/de/test/auto/knownFailedTests/HierarchicalModel.xml
3 ms. Memory: 640512K Free: 482239K (75%)
Known Failure: java.lang.reflect.InvocationTargetException
----------------- testing (KnownFailure) /home/travis/build/icyphy/ptII/ptolemy/domains/de/test/auto/knownFailedTests/dependencyLoop.xml
2 ms. Memory: 640512K Free: 426430K (67%)
Known Failure: java.lang.reflect.InvocationTargetException
----------------- testing (KnownFailure) /home/travis/build/icyphy/ptII/ptolemy/domains/de/test/auto/knownFailedTests/dependencyLoop2.xml
2 ms. Memory: 640512K Free: 370606K (58%)
Known Failure: java.lang.reflect.InvocationTargetException
No auto/linux-amd64/*.xml tests in /home/travis/build/icyphy/ptII/ptolemy/domains/de/test
AutoTests.java: About to close Vertx.
AutoTests.java: Vertx closed.

===========================================================================================
----------------- testing Fri Mar 08 03:42:30 UTC 2019 /home/travis/build/icyphy/ptII/ptolemy/domains/de/test/auto/ActorDepthCalculation_actorWithoutPorts.xml
----------------- Instantiating /home/travis/build/icyphy/ptII/ptolemy/domains/de/test/auto/ActorDepthCalculation_actorWithoutPorts.xml
2 ms. Memory: 640512K Free: 314798K (49%)
----------------- Invoking toplevel() on ptolemy.moml.MoMLSimpleApplication@fbb3ea4
----------------- Done invoking toplevel() on ptolemy.moml.MoMLSimpleApplication@fbb3ea4
reloadAllAccessors: .ActorDepthCalculation_actorWithoutPorts

===========================================================================================
----------------- testing Fri Mar 08 03:42:30 UTC 2019 /home/travis/build/icyphy/ptII/ptolemy/domains/de/test/auto/AssemblyLine.xml
----------------- Instantiating /home/travis/build/icyphy/ptII/ptolemy/domains/de/test/auto/AssemblyLine.xml
1 ms. Memory: 640512K Free: 292475K (46%)
----------------- Invoking toplevel() on ptolemy.moml.MoMLSimpleApplication@3e5483d7
----------------- Done invoking toplevel() on ptolemy.moml.MoMLSimpleApplication@3e5483d7
reloadAllAccessors: .AssemblyLine

===========================================================================================
----------------- testing Fri Mar 08 03:42:30 UTC 2019 /home/travis/build/icyphy/ptII/ptolemy/domains/de/test/auto/CQBug1.xml
----------------- Instantiating /home/travis/build/icyphy/ptII/ptolemy/domains/de/test/auto/CQBug1.xml
0 ms. Memory: 640512K Free: 270151K (42%)
----------------- Invoking toplevel() on ptolemy.moml.MoMLSimpleApplication@3f395c57
----------------- Done invoking toplevel() on ptolemy.moml.MoMLSimpleApplication@3f395c57
reloadAllAccessors: .CQBug1

===========================================================================================
----------------- testing Fri Mar 08 03:42:30 UTC 2019 /home/travis/build/icyphy/ptII/ptolemy/domains/de/test/auto/CancelFireAt.xml
----------------- Instantiating /home/travis/build/icyphy/ptII/ptolemy/domains/de/test/auto/CancelFireAt.xml
1 ms. Memory: 640512K Free: 247828K (39%)
----------------- Invoking toplevel() on ptolemy.moml.MoMLSimpleApplication@1fd8d774
----------------- Done invoking toplevel() on ptolemy.moml.MoMLSimpleApplication@1fd8d774
reloadAllAccessors: .CancelFireAt

===========================================================================================
----------------- testing Fri Mar 08 03:42:30 UTC 2019 /home/travis/build/icyphy/ptII/ptolemy/domains/de/test/auto/CausalityAndComposabilityAnalysis.xml
----------------- Instantiating /home/travis/build/icyphy/ptII/ptolemy/domains/de/test/auto/CausalityAndComposabilityAnalysis.xml
1 ms. Memory: 640512K Free: 225505K (35%)
----------------- Invoking toplevel() on ptolemy.moml.MoMLSimpleApplication@188beded
----------------- Done invoking toplevel() on ptolemy.moml.MoMLSimpleApplication@188beded
reloadAllAccessors: .CausalityAndComposabilityAnalysis

===========================================================================================
----------------- testing Fri Mar 08 03:42:30 UTC 2019 /home/travis/build/icyphy/ptII/ptolemy/domains/de/test/auto/CausalityInterface1.xml
----------------- Instantiating /home/travis/build/icyphy/ptII/ptolemy/domains/de/test/auto/CausalityInterface1.xml
3 ms. Memory: 640512K Free: 203182K (32%)
----------------- Invoking toplevel() on ptolemy.moml.MoMLSimpleApplication@668c885
----------------- Done invoking toplevel() on ptolemy.moml.MoMLSimpleApplication@668c885
reloadAllAccessors: .CausalityInterface1

===========================================================================================
----------------- testing Fri Mar 08 03:42:30 UTC 2019 /home/travis/build/icyphy/ptII/ptolemy/domains/de/test/auto/CausalityInterface15.xml
----------------- Instantiating /home/travis/build/icyphy/ptII/ptolemy/domains/de/test/auto/CausalityInterface15.xml
1 ms. Memory: 640512K Free: 180858K (28%)
----------------- Invoking toplevel() on ptolemy.moml.MoMLSimpleApplication@4a04409b
----------------- Done invoking toplevel() on ptolemy.moml.MoMLSimpleApplication@4a04409b
reloadAllAccessors: .CausalityInterface15

[...]
java.lang.RuntimeException: Execution failed
	at ptolemy.moml.MoMLSimpleApplication$UnloadThread.run(MoMLSimpleApplication.java:402)
Caused by: ptolemy.kernel.util.IllegalActionException: Test fails in iteration 1.
Value was: 1.0. Should have been: 2.0
  in .DirectFeedback.Test
	at ptolemy.actor.lib.Test.fire(Test.java:268)
	at ptolemy.domains.de.kernel.DEDirector._fire(DEDirector.java:1949)
	at ptolemy.domains.de.kernel.DEDirector.fire(DEDirector.java:502)
	at ptolemy.actor.CompositeActor.fire(CompositeActor.java:455)
	at ptolemy.actor.Manager.iterate(Manager.java:851)
	at ptolemy.actor.Manager.execute(Manager.java:369)
	at ptolemy.actor.Manager.run(Manager.java:1263)
	at ptolemy.actor.Manager$PtolemyRunThread.run(Manager.java:1915)
java.lang.RuntimeException: Execution failed
	at ptolemy.moml.MoMLSimpleApplication$UnloadThread.run(MoMLSimpleApplication.java:402)
Caused by: ptolemy.kernel.util.IllegalActionException: Actor is not ready to fire.  Perhaps UpSample.prefire() returned false? Try debugging the actor by selecting "Listen to Actor".  Also, for SDF check moml for tokenConsumptionRate on input.
  in .DESDFClockTest.Play Bell.Copy1:SDF Director and .DESDFClockTest.Play Bell.UpSample
	at ptolemy.actor.sched.StaticSchedulingDirector.fire(StaticSchedulingDirector.java:227)
	at ptolemy.domains.sdf.kernel.SDFDirector.fire(SDFDirector.java:500)
	at ptolemy.actor.CompositeActor.fire(CompositeActor.java:455)
	at ptolemy.domains.de.kernel.DEDirector._fire(DEDirector.java:1949)
	at ptolemy.domains.de.kernel.DEDirector.fire(DEDirector.java:502)
	at ptolemy.actor.CompositeActor.fire(CompositeActor.java:455)
	at ptolemy.actor.Manager.iterate(Manager.java:851)
	at ptolemy.actor.Manager.execute(Manager.java:369)
	at ptolemy.actor.Manager.run(Manager.java:1263)
	at ptolemy.actor.Manager$PtolemyRunThread.run(Manager.java:1915)
java.lang.reflect.InvocationTargetException
	at sun.reflect.NativeConstructorAccessorImpl.newInstance0(Native Method)
	at sun.reflect.NativeConstructorAccessorImpl.newInstance(NativeConstructorAccessorImpl.java:62)
	at sun.reflect.DelegatingConstructorAccessorImpl.newInstance(DelegatingConstructorAccessorImpl.java:45)
	at java.lang.reflect.Constructor.newInstance(Constructor.java:423)
	at ptolemy.util.test.junit.AutoKnownFailedTests.RunModel(AutoKnownFailedTests.java:105)
	at sun.reflect.NativeMethodAccessorImpl.invoke0(Native Method)
	at sun.reflect.NativeMethodAccessorImpl.invoke(NativeMethodAccessorImpl.java:62)
	at sun.reflect.DelegatingMethodAccessorImpl.invoke(DelegatingMethodAccessorImpl.java:43)
	at java.lang.reflect.Method.invoke(Method.java:498)
	at org.junit.runners.model.FrameworkMethod$1.runReflectiveCall(FrameworkMethod.java:44)
	at org.junit.internal.runners.model.ReflectiveCallable.run(ReflectiveCallable.java:15)
	at org.junit.runners.model.FrameworkMethod.invokeExplosively(FrameworkMethod.java:41)
	at junitparams.internal.InvokeParameterisedMethod.evaluate(InvokeParameterisedMethod.java:102)
	at org.junit.internal.runners.statements.FailOnTimeout$1.run(FailOnTimeout.java:28)
Caused by: ptolemy.kernel.util.IllegalActionException: Actor is not ready to fire.  Perhaps UpSample.prefire() returned false? Try debugging the actor by selecting "Listen to Actor".  Also, for SDF check moml for tokenConsumptionRate on input.
  in .DESDFClockTest.Play Bell.Copy1:SDF Director and .DESDFClockTest.Play Bell.UpSample
	at ptolemy.actor.sched.StaticSchedulingDirector.fire(StaticSchedulingDirector.java:227)
	at ptolemy.domains.sdf.kernel.SDFDirector.fire(SDFDirector.java:500)
	at ptolemy.actor.CompositeActor.fire(CompositeActor.java:455)
	at ptolemy.domains.de.kernel.DEDirector._fire(DEDirector.java:1949)
	at ptolemy.domains.de.kernel.DEDirector.fire(DEDirector.java:502)
	at ptolemy.actor.CompositeActor.fire(CompositeActor.java:455)
	at ptolemy.actor.Manager.iterate(Manager.java:851)
	at ptolemy.actor.Manager.execute(Manager.java:369)
	at ptolemy.actor.Manager.run(Manager.java:1263)
	at ptolemy.actor.Manager$PtolemyRunThread.run(Manager.java:1915)
java.lang.RuntimeException: Execution failed
	at ptolemy.moml.MoMLSimpleApplication$UnloadThread.run(MoMLSimpleApplication.java:402)
Caused by: ptolemy.kernel.util.IllegalActionException: Test fails in iteration 1.
Value was: 1.0. Should have been: 2.0
  in .DirectFeedback.Test
	at ptolemy.actor.lib.Test.fire(Test.java:268)
	at ptolemy.domains.de.kernel.DEDirector._fire(DEDirector.java:1949)
	at ptolemy.domains.de.kernel.DEDirector.fire(DEDirector.java:502)
	at ptolemy.actor.CompositeActor.fire(CompositeActor.java:455)
	at ptolemy.actor.Manager.iterate(Manager.java:851)
	at ptolemy.actor.Manager.execute(Manager.java:369)
	at ptolemy.actor.Manager.run(Manager.java:1263)
	at ptolemy.actor.Manager$PtolemyRunThread.run(Manager.java:1915)
java.lang.reflect.InvocationTargetException
	at sun.reflect.NativeConstructorAccessorImpl.newInstance0(Native Method)
	at sun.reflect.NativeConstructorAccessorImpl.newInstance(NativeConstructorAccessorImpl.java:62)
	at sun.reflect.DelegatingConstructorAccessorImpl.newInstance(DelegatingConstructorAccessorImpl.java:45)
	at java.lang.reflect.Constructor.newInstance(Constructor.java:423)
	at ptolemy.util.test.junit.AutoKnownFailedTests.RunModel(AutoKnownFailedTests.java:105)
	at sun.reflect.NativeMethodAccessorImpl.invoke0(Native Method)
	at sun.reflect.NativeMethodAccessorImpl.invoke(NativeMethodAccessorImpl.java:62)
	at sun.reflect.DelegatingMethodAccessorImpl.invoke(DelegatingMethodAccessorImpl.java:43)
	at java.lang.reflect.Method.invoke(Method.java:498)
	at org.junit.runners.model.FrameworkMethod$1.runReflectiveCall(FrameworkMethod.java:44)
	at org.junit.internal.runners.model.ReflectiveCallable.run(ReflectiveCallable.java:15)
	at org.junit.runners.model.FrameworkMethod.invokeExplosively(FrameworkMethod.java:41)
	at junitparams.internal.InvokeParameterisedMethod.evaluate(InvokeParameterisedMethod.java:102)
	at org.junit.internal.runners.statements.FailOnTimeout$1.run(FailOnTimeout.java:28)
Caused by: ptolemy.kernel.util.IllegalActionException: Test fails in iteration 1.
Value was: 1.0. Should have been: 2.0
  in .DirectFeedback.Test
	at ptolemy.actor.lib.Test.fire(Test.java:268)
	at ptolemy.domains.de.kernel.DEDirector._fire(DEDirector.java:1949)
	at ptolemy.domains.de.kernel.DEDirector.fire(DEDirector.java:502)
	at ptolemy.actor.CompositeActor.fire(CompositeActor.java:455)
	at ptolemy.actor.Manager.iterate(Manager.java:851)
	at ptolemy.actor.Manager.execute(Manager.java:369)
	at ptolemy.actor.Manager.run(Manager.java:1263)
	at ptolemy.actor.Manager$PtolemyRunThread.run(Manager.java:1915)
java.lang.RuntimeException: Execution failed
	at ptolemy.moml.MoMLSimpleApplication$UnloadThread.run(MoMLSimpleApplication.java:402)
Caused by: ptolemy.kernel.util.IllegalActionException: Found a zero delay loop containing .HierarchicalModel.A
  in .HierarchicalModel and .HierarchicalModel.A
	at ptolemy.actor.util.CausalityInterfaceForComposites._computeOutputPortDepth(CausalityInterfaceForComposites.java:759)
	at ptolemy.actor.util.CausalityInterfaceForComposites._computeInputDepth(CausalityInterfaceForComposites.java:696)
	at ptolemy.actor.util.CausalityInterfaceForComposites._computeOutputPortDepth(CausalityInterfaceForComposites.java:765)
	at ptolemy.actor.util.CausalityInterfaceForComposites._computeInputDepth(CausalityInterfaceForComposites.java:696)
	at ptolemy.actor.util.CausalityInterfaceForComposites._computeOutputPortDepth(CausalityInterfaceForComposites.java:765)
	at ptolemy.actor.util.CausalityInterfaceForComposites._computeInputDepth(CausalityInterfaceForComposites.java:696)
	at ptolemy.actor.util.CausalityInterfaceForComposites._computeActorDepth(CausalityInterfaceForComposites.java:532)
	at ptolemy.actor.util.CausalityInterfaceForComposites.checkForCycles(CausalityInterfaceForComposites.java:96)
	at ptolemy.domains.de.kernel.DEDirector.preinitialize(DEDirector.java:1338)
	at ptolemy.actor.CompositeActor.preinitialize(CompositeActor.java:1828)
	at ptolemy.actor.Manager.preinitializeAndResolveTypes(Manager.java:1040)
	at ptolemy.actor.Manager.initialize(Manager.java:710)
	at ptolemy.actor.Manager.execute(Manager.java:356)
	at ptolemy.actor.Manager.run(Manager.java:1263)
	at ptolemy.actor.Manager$PtolemyRunThread.run(Manager.java:1915)
java.lang.reflect.InvocationTargetException
	at sun.reflect.NativeConstructorAccessorImpl.newInstance0(Native Method)
	at sun.reflect.NativeConstructorAccessorImpl.newInstance(NativeConstructorAccessorImpl.java:62)
	at sun.reflect.DelegatingConstructorAccessorImpl.newInstance(DelegatingConstructorAccessorImpl.java:45)
	at java.lang.reflect.Constructor.newInstance(Constructor.java:423)
	at ptolemy.util.test.junit.AutoKnownFailedTests.RunModel(AutoKnownFailedTests.java:105)
	at sun.reflect.NativeMethodAccessorImpl.invoke0(Native Method)
	at sun.reflect.NativeMethodAccessorImpl.invoke(NativeMethodAccessorImpl.java:62)
	at sun.reflect.DelegatingMethodAccessorImpl.invoke(DelegatingMethodAccessorImpl.java:43)
	at java.lang.reflect.Method.invoke(Method.java:498)
	at org.junit.runners.model.FrameworkMethod$1.runReflectiveCall(FrameworkMethod.java:44)
	at org.junit.internal.runners.model.ReflectiveCallable.run(ReflectiveCallable.java:15)
	at org.junit.runners.model.FrameworkMethod.invokeExplosively(FrameworkMethod.java:41)
	at junitparams.internal.InvokeParameterisedMethod.evaluate(InvokeParameterisedMethod.java:102)
	at org.junit.internal.runners.statements.FailOnTimeout$1.run(FailOnTimeout.java:28)
Caused by: ptolemy.kernel.util.IllegalActionException: Found a zero delay loop containing .HierarchicalModel.A
  in .HierarchicalModel and .HierarchicalModel.A
	at ptolemy.actor.util.CausalityInterfaceForComposites._computeOutputPortDepth(CausalityInterfaceForComposites.java:759)
	at ptolemy.actor.util.CausalityInterfaceForComposites._computeInputDepth(CausalityInterfaceForComposites.java:696)
	at ptolemy.actor.util.CausalityInterfaceForComposites._computeOutputPortDepth(CausalityInterfaceForComposites.java:765)
	at ptolemy.actor.util.CausalityInterfaceForComposites._computeInputDepth(CausalityInterfaceForComposites.java:696)
	at ptolemy.actor.util.CausalityInterfaceForComposites._computeOutputPortDepth(CausalityInterfaceForComposites.java:765)
	at ptolemy.actor.util.CausalityInterfaceForComposites._computeInputDepth(CausalityInterfaceForComposites.java:696)
	at ptolemy.actor.util.CausalityInterfaceForComposites._computeActorDepth(CausalityInterfaceForComposites.java:532)
	at ptolemy.actor.util.CausalityInterfaceForComposites.checkForCycles(CausalityInterfaceForComposites.java:96)
	at ptolemy.domains.de.kernel.DEDirector.preinitialize(DEDirector.java:1338)
	at ptolemy.actor.CompositeActor.preinitialize(CompositeActor.java:1828)
	at ptolemy.actor.Manager.preinitializeAndResolveTypes(Manager.java:1040)
	at ptolemy.actor.Manager.initialize(Manager.java:710)
	at ptolemy.actor.Manager.execute(Manager.java:356)
	at ptolemy.actor.Manager.run(Manager.java:1263)
	at ptolemy.actor.Manager$PtolemyRunThread.run(Manager.java:1915)
java.lang.RuntimeException: Execution failed
	at ptolemy.moml.MoMLSimpleApplication$UnloadThread.run(MoMLSimpleApplication.java:402)
Caused by: ptolemy.kernel.util.IllegalActionException: Found a zero delay loop containing .dependencyLoop.original
  in .dependencyLoop and .dependencyLoop.original
	at ptolemy.actor.util.CausalityInterfaceForComposites._computeOutputPortDepth(CausalityInterfaceForComposites.java:759)
	at ptolemy.actor.util.CausalityInterfaceForComposites._computeInputDepth(CausalityInterfaceForComposites.java:696)
	at ptolemy.actor.util.CausalityInterfaceForComposites._computeOutputPortDepth(CausalityInterfaceForComposites.java:765)
	at ptolemy.actor.util.CausalityInterfaceForComposites._computeInputDepth(CausalityInterfaceForComposites.java:696)
	at ptolemy.actor.util.CausalityInterfaceForComposites._computeOutputPortDepth(CausalityInterfaceForComposites.java:765)
	at ptolemy.actor.util.CausalityInterfaceForComposites._computeInputDepth(CausalityInterfaceForComposites.java:696)
	at ptolemy.actor.util.CausalityInterfaceForComposites._computeActorDepth(CausalityInterfaceForComposites.java:532)
	at ptolemy.actor.util.CausalityInterfaceForComposites.checkForCycles(CausalityInterfaceForComposites.java:96)
	at ptolemy.domains.de.kernel.DEDirector.preinitialize(DEDirector.java:1338)
	at ptolemy.actor.CompositeActor.preinitialize(CompositeActor.java:1828)
	at ptolemy.actor.Manager.preinitializeAndResolveTypes(Manager.java:1040)
	at ptolemy.actor.Manager.initialize(Manager.java:710)
	at ptolemy.actor.Manager.execute(Manager.java:356)
	at ptolemy.actor.Manager.run(Manager.java:1263)
	at ptolemy.actor.Manager$PtolemyRunThread.run(Manager.java:1915)
java.lang.reflect.InvocationTargetException
	at sun.reflect.NativeConstructorAccessorImpl.newInstance0(Native Method)
	at sun.reflect.NativeConstructorAccessorImpl.newInstance(NativeConstructorAccessorImpl.java:62)
	at sun.reflect.DelegatingConstructorAccessorImpl.newInstance(DelegatingConstructorAccessorImpl.java:45)
	at java.lang.reflect.Constructor.newInstance(Constructor.java:423)
	at ptolemy.util.test.junit.AutoKnownFailedTests.RunModel(AutoKnownFailedTests.java:105)
	at sun.reflect.NativeMethodAccessorImpl.invoke0(Native Method)
	at sun.reflect.NativeMethodAccessorImpl.invoke(NativeMethodAccessorImpl.java:62)
	at sun.reflect.DelegatingMethodAccessorImpl.invoke(DelegatingMethodAccessorImpl.java:43)
	at java.lang.reflect.Method.invoke(Method.java:498)
	at org.junit.runners.model.FrameworkMethod$1.runReflectiveCall(FrameworkMethod.java:44)
	at org.junit.internal.runners.model.ReflectiveCallable.run(ReflectiveCallable.java:15)
	at org.junit.runners.model.FrameworkMethod.invokeExplosively(FrameworkMethod.java:41)
	at junitparams.internal.InvokeParameterisedMethod.evaluate(InvokeParameterisedMethod.java:102)
	at org.junit.internal.runners.statements.FailOnTimeout$1.run(FailOnTimeout.java:28)
Caused by: ptolemy.kernel.util.IllegalActionException: Found a zero delay loop containing .dependencyLoop.original
  in .dependencyLoop and .dependencyLoop.original
	at ptolemy.actor.util.CausalityInterfaceForComposites._computeOutputPortDepth(CausalityInterfaceForComposites.java:759)
	at ptolemy.actor.util.CausalityInterfaceForComposites._computeInputDepth(CausalityInterfaceForComposites.java:696)
	at ptolemy.actor.util.CausalityInterfaceForComposites._computeOutputPortDepth(CausalityInterfaceForComposites.java:765)
	at ptolemy.actor.util.CausalityInterfaceForComposites._computeInputDepth(CausalityInterfaceForComposites.java:696)
	at ptolemy.actor.util.CausalityInterfaceForComposites._computeOutputPortDepth(CausalityInterfaceForComposites.java:765)
	at ptolemy.actor.util.CausalityInterfaceForComposites._computeInputDepth(CausalityInterfaceForComposites.java:696)
	at ptolemy.actor.util.CausalityInterfaceForComposites._computeActorDepth(CausalityInterfaceForComposites.java:532)
	at ptolemy.actor.util.CausalityInterfaceForComposites.checkForCycles(CausalityInterfaceForComposites.java:96)
	at ptolemy.domains.de.kernel.DEDirector.preinitialize(DEDirector.java:1338)
	at ptolemy.actor.CompositeActor.preinitialize(CompositeActor.java:1828)
	at ptolemy.actor.Manager.preinitializeAndResolveTypes(Manager.java:1040)
	at ptolemy.actor.Manager.initialize(Manager.java:710)
	at ptolemy.actor.Manager.execute(Manager.java:356)
	at ptolemy.actor.Manager.run(Manager.java:1263)
	at ptolemy.actor.Manager$PtolemyRunThread.run(Manager.java:1915)
java.lang.RuntimeException: Execution failed
	at ptolemy.moml.MoMLSimpleApplication$UnloadThread.run(MoMLSimpleApplication.java:402)
Caused by: ptolemy.kernel.util.IllegalActionException: Found a zero delay loop containing .dependencyLoop2.original
  in .dependencyLoop2 and .dependencyLoop2.original
	at ptolemy.actor.util.CausalityInterfaceForComposites._computeOutputPortDepth(CausalityInterfaceForComposites.java:759)
	at ptolemy.actor.util.CausalityInterfaceForComposites._computeInputDepth(CausalityInterfaceForComposites.java:696)
	at ptolemy.actor.util.CausalityInterfaceForComposites._computeOutputPortDepth(CausalityInterfaceForComposites.java:765)
	at ptolemy.actor.util.CausalityInterfaceForComposites._computeInputDepth(CausalityInterfaceForComposites.java:696)
	at ptolemy.actor.util.CausalityInterfaceForComposites._computeOutputPortDepth(CausalityInterfaceForComposites.java:765)
	at ptolemy.actor.util.CausalityInterfaceForComposites._computeInputDepth(CausalityInterfaceForComposites.java:696)
	at ptolemy.actor.util.CausalityInterfaceForComposites._computeActorDepth(CausalityInterfaceForComposites.java:532)
	at ptolemy.actor.util.CausalityInterfaceForComposites.checkForCycles(CausalityInterfaceForComposites.java:96)
	at ptolemy.domains.de.kernel.DEDirector.preinitialize(DEDirector.java:1338)
	at ptolemy.actor.CompositeActor.preinitialize(CompositeActor.java:1828)
	at ptolemy.actor.Manager.preinitializeAndResolveTypes(Manager.java:1040)
	at ptolemy.actor.Manager.initialize(Manager.java:710)
	at ptolemy.actor.Manager.execute(Manager.java:356)
	at ptolemy.actor.Manager.run(Manager.java:1263)
	at ptolemy.actor.Manager$PtolemyRunThread.run(Manager.java:1915)
java.lang.reflect.InvocationTargetException
	at sun.reflect.NativeConstructorAccessorImpl.newInstance0(Native Method)
	at sun.reflect.NativeConstructorAccessorImpl.newInstance(NativeConstructorAccessorImpl.java:62)
	at sun.reflect.DelegatingConstructorAccessorImpl.newInstance(DelegatingConstructorAccessorImpl.java:45)
	at java.lang.reflect.Constructor.newInstance(Constructor.java:423)
	at ptolemy.util.test.junit.AutoKnownFailedTests.RunModel(AutoKnownFailedTests.java:105)
	at sun.reflect.NativeMethodAccessorImpl.invoke0(Native Method)
	at sun.reflect.NativeMethodAccessorImpl.invoke(NativeMethodAccessorImpl.java:62)
	at sun.reflect.DelegatingMethodAccessorImpl.invoke(DelegatingMethodAccessorImpl.java:43)
	at java.lang.reflect.Method.invoke(Method.java:498)
	at org.junit.runners.model.FrameworkMethod$1.runReflectiveCall(FrameworkMethod.java:44)
	at org.junit.internal.runners.model.ReflectiveCallable.run(ReflectiveCallable.java:15)
	at org.junit.runners.model.FrameworkMethod.invokeExplosively(FrameworkMethod.java:41)
	at junitparams.internal.InvokeParameterisedMethod.evaluate(InvokeParameterisedMethod.java:102)
	at org.junit.internal.runners.statements.FailOnTimeout$1.run(FailOnTimeout.java:28)
Caused by: ptolemy.kernel.util.IllegalActionException: Found a zero delay loop containing .dependencyLoop2.original
  in .dependencyLoop2 and .dependencyLoop2.original
	at ptolemy.actor.util.CausalityInterfaceForComposites._computeOutputPortDepth(CausalityInterfaceForComposites.java:759)
	at ptolemy.actor.util.CausalityInterfaceForComposites._computeInputDepth(CausalityInterfaceForComposites.java:696)
	at ptolemy.actor.util.CausalityInterfaceForComposites._computeOutputPortDepth(CausalityInterfaceForComposites.java:765)
	at ptolemy.actor.util.CausalityInterfaceForComposites._computeInputDepth(CausalityInterfaceForComposites.java:696)
	at ptolemy.actor.util.CausalityInterfaceForComposites._computeOutputPortDepth(CausalityInterfaceForComposites.java:765)
	at ptolemy.actor.util.CausalityInterfaceForComposites._computeInputDepth(CausalityInterfaceForComposites.java:696)
	at ptolemy.actor.util.CausalityInterfaceForComposites._computeActorDepth(CausalityInterfaceForComposites.java:532)
	at ptolemy.actor.util.CausalityInterfaceForComposites.checkForCycles(CausalityInterfaceForComposites.java:96)
	at ptolemy.domains.de.kernel.DEDirector.preinitialize(DEDirector.java:1338)
	at ptolemy.actor.CompositeActor.preinitialize(CompositeActor.java:1828)
	at ptolemy.actor.Manager.preinitializeAndResolveTypes(Manager.java:1040)
	at ptolemy.actor.Manager.initialize(Manager.java:710)
	at ptolemy.actor.Manager.execute(Manager.java:356)
	at ptolemy.actor.Manager.run(Manager.java:1263)
	at ptolemy.actor.Manager$PtolemyRunThread.run(Manager.java:1915)
]]></system-err>
</testsuite>
