<?xml version="1.0" encoding="UTF-8" ?>
<testsuite errors="0" failures="0" hostname="travis-job-2478d34a-7a5e-4e2e-8b4d-edd095ebdcc5" name="ptolemy.domains.sdf.test.junit.JUnitTclTest" skipped="0" tests="66" time="19.259" timestamp="2018-11-25T02:56:10">
  <properties>
[...]
</properties>
  <testcase classname="ptolemy.util.test.junit.TclTests" name="[0] /home/travis/build/icyphy/ptII/ptolemy/domains/sdf/test/SDFSchedulerErrors.tcl (RunTclFile)" time="0.658" />
  <testcase classname="ptolemy.util.test.junit.TclTests" name="[1] /home/travis/build/icyphy/ptII/ptolemy/domains/sdf/test/composition.tcl (RunTclFile)" time="0.163" />
  <testcase classname="ptolemy.util.test.junit.TclTests" name="[2] /home/travis/build/icyphy/ptII/ptolemy/domains/sdf/test/cycle.tcl (RunTclFile)" time="0.061" />
  <testcase classname="ptolemy.util.test.junit.AutoKnownFailedTests" name="[0] ThereAreNoKnowFailedTests (RunModel)" time="0.004" />
  <testcase classname="ptolemy.util.test.junit.AutoNameArchTests" name="[0] ThereAreNoAutoArchTests (RunModel)" time="0.0" />
  <testcase classname="ptolemy.util.test.junit.AutoTests" name="[0] /home/travis/build/icyphy/ptII/ptolemy/domains/sdf/test/auto/Array.xml (RunModel)" time="0.217" />
  <testcase classname="ptolemy.util.test.junit.AutoTests" name="[1] /home/travis/build/icyphy/ptII/ptolemy/domains/sdf/test/auto/Butterfly.xml (RunModel)" time="0.137" />
  <testcase classname="ptolemy.util.test.junit.AutoTests" name="[2] /home/travis/build/icyphy/ptII/ptolemy/domains/sdf/test/auto/Expression.xml (RunModel)" time="0.074" />
  <testcase classname="ptolemy.util.test.junit.AutoTests" name="[3] /home/travis/build/icyphy/ptII/ptolemy/domains/sdf/test/auto/Eye.xml (RunModel)" time="0.289" />
  <testcase classname="ptolemy.util.test.junit.AutoTests" name="[4] /home/travis/build/icyphy/ptII/ptolemy/domains/sdf/test/auto/FixFIR.xml (RunModel)" time="0.3" />
  <testcase classname="ptolemy.util.test.junit.AutoTests" name="[5] /home/travis/build/icyphy/ptII/ptolemy/domains/sdf/test/auto/FixPoint.xml (RunModel)" time="0.046" />
  <testcase classname="ptolemy.util.test.junit.AutoTests" name="[6] /home/travis/build/icyphy/ptII/ptolemy/domains/sdf/test/auto/Gravitation.xml (RunModel)" time="3.177" />
  <testcase classname="ptolemy.util.test.junit.AutoTests" name="[7] /home/travis/build/icyphy/ptII/ptolemy/domains/sdf/test/auto/GravitationWithCollisionDetection.xml (RunModel)" time="5.832" />
  <testcase classname="ptolemy.util.test.junit.AutoTests" name="[8] /home/travis/build/icyphy/ptII/ptolemy/domains/sdf/test/auto/HDF.xml (RunModel)" time="0.135" />
  <testcase classname="ptolemy.util.test.junit.AutoTests" name="[9] /home/travis/build/icyphy/ptII/ptolemy/domains/sdf/test/auto/HDFwithTransientStates.xml (RunModel)" time="0.106" />
  <testcase classname="ptolemy.util.test.junit.AutoTests" name="[10] /home/travis/build/icyphy/ptII/ptolemy/domains/sdf/test/auto/HTVQ.xml (RunModel)" time="0.89" />
  <testcase classname="ptolemy.util.test.junit.AutoTests" name="[11] /home/travis/build/icyphy/ptII/ptolemy/domains/sdf/test/auto/InferInitProduction.xml (RunModel)" time="0.024" />
  <testcase classname="ptolemy.util.test.junit.AutoTests" name="[12] /home/travis/build/icyphy/ptII/ptolemy/domains/sdf/test/auto/InferInitProductionDeeper.xml (RunModel)" time="0.023" />
  <testcase classname="ptolemy.util.test.junit.AutoTests" name="[13] /home/travis/build/icyphy/ptII/ptolemy/domains/sdf/test/auto/LMSAdaptive.xml (RunModel)" time="0.075" />
  <testcase classname="ptolemy.util.test.junit.AutoTests" name="[14] /home/travis/build/icyphy/ptII/ptolemy/domains/sdf/test/auto/LogisticMap.xml (RunModel)" time="0.458" />
  <testcase classname="ptolemy.util.test.junit.AutoTests" name="[15] /home/travis/build/icyphy/ptII/ptolemy/domains/sdf/test/auto/MaximumEntropySpectrum.xml (RunModel)" time="0.296" />
  <testcase classname="ptolemy.util.test.junit.AutoTests" name="[16] /home/travis/build/icyphy/ptII/ptolemy/domains/sdf/test/auto/MultirateSDF.xml (RunModel)" time="0.068" />
  <testcase classname="ptolemy.util.test.junit.AutoTests" name="[17] /home/travis/build/icyphy/ptII/ptolemy/domains/sdf/test/auto/MultirateSDFwithTransientStates.xml (RunModel)" time="0.079" />
  <testcase classname="ptolemy.util.test.junit.AutoTests" name="[18] /home/travis/build/icyphy/ptII/ptolemy/domains/sdf/test/auto/NoisySinewave.xml (RunModel)" time="0.062" />
  <testcase classname="ptolemy.util.test.junit.AutoTests" name="[19] /home/travis/build/icyphy/ptII/ptolemy/domains/sdf/test/auto/Objects.xml (RunModel)" time="0.066" />
  <testcase classname="ptolemy.util.test.junit.AutoTests" name="[20] /home/travis/build/icyphy/ptII/ptolemy/domains/sdf/test/auto/OrthogonalCom.xml (RunModel)" time="0.046" />
  <testcase classname="ptolemy.util.test.junit.AutoTests" name="[21] /home/travis/build/icyphy/ptII/ptolemy/domains/sdf/test/auto/RijndaelEncryption.xml (RunModel)" time="0.541" />
  <testcase classname="ptolemy.util.test.junit.AutoTests" name="[22] /home/travis/build/icyphy/ptII/ptolemy/domains/sdf/test/auto/SDFEmptyIterations.xml (RunModel)" time="0.017" />
  <testcase classname="ptolemy.util.test.junit.AutoTests" name="[23] /home/travis/build/icyphy/ptII/ptolemy/domains/sdf/test/auto/Spectrum.xml (RunModel)" time="0.077" />
  <testcase classname="ptolemy.util.test.junit.AutoTests" name="[24] /home/travis/build/icyphy/ptII/ptolemy/domains/sdf/test/auto/de_inside_sdf.xml (RunModel)" time="0.027" />
  <testcase classname="ptolemy.util.test.junit.AutoTests" name="[25] /home/travis/build/icyphy/ptII/ptolemy/domains/sdf/test/auto/disconnectedHierarchicalSDF.xml (RunModel)" time="0.025" />
  <testcase classname="ptolemy.util.test.junit.AutoTests" name="[26] /home/travis/build/icyphy/ptII/ptolemy/domains/sdf/test/auto/disconnectedSDF.xml (RunModel)" time="0.026" />
  <testcase classname="ptolemy.util.test.junit.AutoTests" name="[27] /home/travis/build/icyphy/ptII/ptolemy/domains/sdf/test/auto/emptyRefinement.xml (RunModel)" time="0.023" />
  <testcase classname="ptolemy.util.test.junit.AutoTests" name="[28] /home/travis/build/icyphy/ptII/ptolemy/domains/sdf/test/auto/filePortParameter.xml (RunModel)" time="0.053" />
  <testcase classname="ptolemy.util.test.junit.AutoTests" name="[29] /home/travis/build/icyphy/ptII/ptolemy/domains/sdf/test/auto/inferRelationWidth1.xml (RunModel)" time="0.016" />
  <testcase classname="ptolemy.util.test.junit.AutoTests" name="[30] /home/travis/build/icyphy/ptII/ptolemy/domains/sdf/test/auto/initProductionInference.xml (RunModel)" time="0.022" />
  <testcase classname="ptolemy.util.test.junit.AutoTests" name="[31] /home/travis/build/icyphy/ptII/ptolemy/domains/sdf/test/auto/relationGroup.xml (RunModel)" time="0.014" />
  <testcase classname="ptolemy.util.test.junit.AutoTests" name="[32] /home/travis/build/icyphy/ptII/ptolemy/domains/sdf/test/auto/relationGroup10.xml (RunModel)" time="0.019" />
  <testcase classname="ptolemy.util.test.junit.AutoTests" name="[33] /home/travis/build/icyphy/ptII/ptolemy/domains/sdf/test/auto/relationGroup11.xml (RunModel)" time="0.019" />
  <testcase classname="ptolemy.util.test.junit.AutoTests" name="[34] /home/travis/build/icyphy/ptII/ptolemy/domains/sdf/test/auto/relationGroup12.xml (RunModel)" time="0.016" />
  <testcase classname="ptolemy.util.test.junit.AutoTests" name="[35] /home/travis/build/icyphy/ptII/ptolemy/domains/sdf/test/auto/relationGroup13.xml (RunModel)" time="0.016" />
  <testcase classname="ptolemy.util.test.junit.AutoTests" name="[36] /home/travis/build/icyphy/ptII/ptolemy/domains/sdf/test/auto/relationGroup14.xml (RunModel)" time="0.016" />
  <testcase classname="ptolemy.util.test.junit.AutoTests" name="[37] /home/travis/build/icyphy/ptII/ptolemy/domains/sdf/test/auto/relationGroup15.xml (RunModel)" time="0.017" />
  <testcase classname="ptolemy.util.test.junit.AutoTests" name="[38] /home/travis/build/icyphy/ptII/ptolemy/domains/sdf/test/auto/relationGroup2.xml (RunModel)" time="0.014" />
  <testcase classname="ptolemy.util.test.junit.AutoTests" name="[39] /home/travis/build/icyphy/ptII/ptolemy/domains/sdf/test/auto/relationGroup3.xml (RunModel)" time="0.013" />
  <testcase classname="ptolemy.util.test.junit.AutoTests" name="[40] /home/travis/build/icyphy/ptII/ptolemy/domains/sdf/test/auto/relationGroup4.xml (RunModel)" time="0.014" />
  <testcase classname="ptolemy.util.test.junit.AutoTests" name="[41] /home/travis/build/icyphy/ptII/ptolemy/domains/sdf/test/auto/relationGroup5.xml (RunModel)" time="0.015" />
  <testcase classname="ptolemy.util.test.junit.AutoTests" name="[42] /home/travis/build/icyphy/ptII/ptolemy/domains/sdf/test/auto/relationGroup6.xml (RunModel)" time="0.015" />
  <testcase classname="ptolemy.util.test.junit.AutoTests" name="[43] /home/travis/build/icyphy/ptII/ptolemy/domains/sdf/test/auto/relationGroup7.xml (RunModel)" time="0.016" />
  <testcase classname="ptolemy.util.test.junit.AutoTests" name="[44] /home/travis/build/icyphy/ptII/ptolemy/domains/sdf/test/auto/relationGroup8.xml (RunModel)" time="0.014" />
  <testcase classname="ptolemy.util.test.junit.AutoTests" name="[45] /home/travis/build/icyphy/ptII/ptolemy/domains/sdf/test/auto/relationGroup9.xml (RunModel)" time="0.015" />
  <testcase classname="ptolemy.util.test.junit.AutoTests" name="[46] /home/travis/build/icyphy/ptII/ptolemy/domains/sdf/test/auto/sdf_inside_de.xml (RunModel)" time="0.047" />
  <testcase classname="ptolemy.util.test.junit.AutoTests" name="[47] /home/travis/build/icyphy/ptII/ptolemy/domains/sdf/test/auto/sdf_inside_pn.xml (RunModel)" time="0.069" />
  <testcase classname="ptolemy.util.test.junit.AutoTests" name="[48] /home/travis/build/icyphy/ptII/ptolemy/domains/sdf/test/auto/sdf_sdf1.xml (RunModel)" time="0.023" />
  <testcase classname="ptolemy.util.test.junit.AutoTests" name="[49] /home/travis/build/icyphy/ptII/ptolemy/domains/sdf/test/auto/test1.xml (RunModel)" time="0.016" />
  <testcase classname="ptolemy.util.test.junit.AutoTests" name="[50] /home/travis/build/icyphy/ptII/ptolemy/domains/sdf/test/auto/time1.xml (RunModel)" time="0.01" />
  <testcase classname="ptolemy.util.test.junit.AutoTests" name="[51] /home/travis/build/icyphy/ptII/ptolemy/domains/sdf/test/auto/time2.xml (RunModel)" time="0.01" />
  <testcase classname="ptolemy.util.test.junit.AutoTests" name="[52] /home/travis/build/icyphy/ptII/ptolemy/domains/sdf/test/auto/time3.xml (RunModel)" time="0.018" />
  <testcase classname="ptolemy.util.test.junit.AutoTests" name="[53] /home/travis/build/icyphy/ptII/ptolemy/domains/sdf/test/auto/time4.xml (RunModel)" time="0.021" />
  <testcase classname="ptolemy.util.test.junit.AutoTests" name="[54] /home/travis/build/icyphy/ptII/ptolemy/domains/sdf/test/auto/time5.xml (RunModel)" time="4.017" />
  <testcase classname="ptolemy.util.test.junit.AutoTests" name="[55] /home/travis/build/icyphy/ptII/ptolemy/domains/sdf/test/auto/typeSystem_Const_Integer_smallest_Type.xml (RunModel)" time="0.033" />
  <testcase classname="ptolemy.util.test.junit.AutoTests" name="[56] /home/travis/build/icyphy/ptII/ptolemy/domains/sdf/test/auto/typeSystem_declared_Inports_OutportTypeException.xml (RunModel)" time="0.021" />
  <testcase classname="ptolemy.util.test.junit.AutoTests" name="[57] /home/travis/build/icyphy/ptII/ptolemy/domains/sdf/test/auto/typeSystem_oneDeclaredInportType_wrongTypeOutport.xml (RunModel)" time="0.016" />
  <testcase classname="ptolemy.util.test.junit.AutoTests" name="[58] /home/travis/build/icyphy/ptII/ptolemy/domains/sdf/test/auto/width.xml (RunModel)" time="0.01" />
  <testcase classname="ptolemy.util.test.junit.AutoTests" name="[59] /home/travis/build/icyphy/ptII/ptolemy/domains/sdf/test/auto/width2.xml (RunModel)" time="0.041" />
  <testcase classname="ptolemy.util.test.junit.AutoTests" name="[60] /home/travis/build/icyphy/ptII/ptolemy/domains/sdf/test/auto/width3.xml (RunModel)" time="0.045" />
  <system-out><![CDATA[/home/travis/build/icyphy/ptII/ptolemy/domains/sdf/test/SDFSchedulerErrors.tcl
testDefs.tcl: setting time out to 9000 seconds at Sun Nov 25 02:56:10 UTC 2018
24 ms. Memory: 116224K Free: 105586K (91%)
4 ms. Memory: 116224K Free: 98524K (85%)
8 ms. Memory: 116224K Free: 91445K (79%)
12 ms. Memory: 116224K Free: 88385K (76%)
/home/travis/build/icyphy/ptII/ptolemy/domains/sdf/test/composition.tcl
26 ms. Memory: 116224K Free: 84797K (73%)
18 ms. Memory: 116224K Free: 82401K (71%)
/home/travis/build/icyphy/ptII/ptolemy/domains/sdf/test/cycle.tcl
.Toplevel.Director Preinitializing ...
Invoking preinitialize():  .Toplevel.Actor1
Invoking preinitialize():  .Toplevel.Actor2
Invoking preinitialize():  .Toplevel.Delay
.Toplevel.Director Finished preinitialize().
### Schedule:
Execute Schedule{
Fire Actor ptolemy.domains.sdf.kernel.test.SDFTestDelay {.Toplevel.Actor1}
Fire Actor ptolemy.domains.sdf.kernel.test.SDFTestDelay {.Toplevel.Actor2}
Fire Actor ptolemy.domains.sdf.lib.SampleDelay {.Toplevel.Delay}
}
### End schedule
Called initialize().
Invoking initialize():  .Toplevel.Actor1
Initializing actor: .Toplevel.Actor1.
Invoking initialize():  .Toplevel.Actor2
Initializing actor: .Toplevel.Actor2.
Invoking initialize():  .Toplevel.Delay
Initializing actor: .Toplevel.Delay.
Director: Called prefire().
-- Setting current time to 0.0
Director prefire returns true.
The actor .Toplevel.Actor1 will be iterated.
The actor .Toplevel.Actor1 was iterated.
The actor .Toplevel.Actor2 will be iterated.
The actor .Toplevel.Actor2 was iterated.
The actor .Toplevel.Delay will be iterated.
The actor .Toplevel.Delay was iterated.
Director: Called postfire().
Postfire returns: true
Director: Called prefire().
-- Setting current time to 0.0
Director prefire returns true.
The actor .Toplevel.Actor1 will be iterated.
The actor .Toplevel.Actor1 was iterated.
The actor .Toplevel.Actor2 will be iterated.
The actor .Toplevel.Actor2 was iterated.
The actor .Toplevel.Delay will be iterated.
The actor .Toplevel.Delay was iterated.
Director: Called postfire().
Postfire returns: true
Director: Called prefire().
-- Setting current time to 0.0
Director prefire returns true.
The actor .Toplevel.Actor1 will be iterated.
The actor .Toplevel.Actor1 was iterated.
The actor .Toplevel.Actor2 will be iterated.
The actor .Toplevel.Actor2 was iterated.
The actor .Toplevel.Delay will be iterated.
The actor .Toplevel.Delay was iterated.
Director: Called postfire().
Postfire returns: true
Director: Called prefire().
-- Setting current time to 0.0
Director prefire returns true.
The actor .Toplevel.Actor1 will be iterated.
The actor .Toplevel.Actor1 was iterated.
The actor .Toplevel.Actor2 will be iterated.
The actor .Toplevel.Actor2 was iterated.
The actor .Toplevel.Delay will be iterated.
The actor .Toplevel.Delay was iterated.
Director: Called postfire().
Postfire returns: true
Director: Called prefire().
-- Setting current time to 0.0
Director prefire returns true.
The actor .Toplevel.Actor1 will be iterated.
The actor .Toplevel.Actor1 was iterated.
The actor .Toplevel.Actor2 will be iterated.
The actor .Toplevel.Actor2 was iterated.
The actor .Toplevel.Delay will be iterated.
The actor .Toplevel.Delay was iterated.
Director: Called postfire().
Postfire returns: true
Director: Called prefire().
-- Setting current time to 0.0
Director prefire returns true.
The actor .Toplevel.Actor1 will be iterated.
The actor .Toplevel.Actor1 was iterated.
The actor .Toplevel.Actor2 will be iterated.
The actor .Toplevel.Actor2 was iterated.
The actor .Toplevel.Delay will be iterated.
The actor .Toplevel.Delay was iterated.
Reached specified number of iterations: 6
Director: Called wrapup().
25 ms. Memory: 146944K Free: 140719K (96%)
11/25/18 02:56:10
Failed: 0  Total Tests: 8  ((Passed: 8, Newly Passed: 0)  Known Failed: 0) /home/travis/build/icyphy/ptII/ptolemy/domains/sdf/test
No auto/knownFailedTests/*.xml tests in /home/travis/build/icyphy/ptII/ptolemy/domains/sdf/test
No auto/linux-amd64/*.xml tests in /home/travis/build/icyphy/ptII/ptolemy/domains/sdf/test
AutoTests.java: About to close Vertx.
AutoTests.java: Vertx closed.

===========================================================================================
----------------- testing Sun Nov 25 02:56:11 UTC 2018 /home/travis/build/icyphy/ptII/ptolemy/domains/sdf/test/auto/Array.xml
----------------- Instantiating /home/travis/build/icyphy/ptII/ptolemy/domains/sdf/test/auto/Array.xml
53 ms. Memory: 146944K Free: 101123K (69%)
----------------- Invoking toplevel() on ptolemy.moml.MoMLSimpleApplication@4faf7f03
----------------- Done invoking toplevel() on ptolemy.moml.MoMLSimpleApplication@4faf7f03
reloadAllAccessors: .Array

===========================================================================================
----------------- testing Sun Nov 25 02:56:11 UTC 2018 /home/travis/build/icyphy/ptII/ptolemy/domains/sdf/test/auto/Butterfly.xml
----------------- Instantiating /home/travis/build/icyphy/ptII/ptolemy/domains/sdf/test/auto/Butterfly.xml
73 ms. Memory: 146944K Free: 94962K (65%)
----------------- Invoking toplevel() on ptolemy.moml.MoMLSimpleApplication@2dd80571
----------------- Done invoking toplevel() on ptolemy.moml.MoMLSimpleApplication@2dd80571
reloadAllAccessors: .Butterfly

===========================================================================================
----------------- testing Sun Nov 25 02:56:11 UTC 2018 /home/travis/build/icyphy/ptII/ptolemy/domains/sdf/test/auto/Expression.xml
----------------- Instantiating /home/travis/build/icyphy/ptII/ptolemy/domains/sdf/test/auto/Expression.xml
37 ms. Memory: 146944K Free: 88284K (60%)
----------------- Invoking toplevel() on ptolemy.moml.MoMLSimpleApplication@2be3f58b
----------------- Done invoking toplevel() on ptolemy.moml.MoMLSimpleApplication@2be3f58b
reloadAllAccessors: .Expression

===========================================================================================
----------------- testing Sun Nov 25 02:56:11 UTC 2018 /home/travis/build/icyphy/ptII/ptolemy/domains/sdf/test/auto/Eye.xml
----------------- Instantiating /home/travis/build/icyphy/ptII/ptolemy/domains/sdf/test/auto/Eye.xml
155 ms. Memory: 146944K Free: 119232K (81%)
----------------- Invoking toplevel() on ptolemy.moml.MoMLSimpleApplication@21af3bfc
----------------- Done invoking toplevel() on ptolemy.moml.MoMLSimpleApplication@21af3bfc
reloadAllAccessors: .Eye

===========================================================================================
----------------- testing Sun Nov 25 02:56:12 UTC 2018 /home/travis/build/icyphy/ptII/ptolemy/domains/sdf/test/auto/FixFIR.xml
----------------- Instantiating /home/travis/build/icyphy/ptII/ptolemy/domains/sdf/test/auto/FixFIR.xml
134 ms. Memory: 146944K Free: 82955K (56%)
----------------- Invoking toplevel() on ptolemy.moml.MoMLSimpleApplication@4c3f73b4
----------------- Done invoking toplevel() on ptolemy.moml.MoMLSimpleApplication@4c3f73b4
reloadAllAccessors: .FixFIR

===========================================================================================
----------------- testing Sun Nov 25 02:56:12 UTC 2018 /home/travis/build/icyphy/ptII/ptolemy/domains/sdf/test/auto/FixPoint.xml
----------------- Instantiating /home/travis/build/icyphy/ptII/ptolemy/domains/sdf/test/auto/FixPoint.xml
17 ms. Memory: 146944K Free: 78662K (54%)
----------------- Invoking toplevel() on ptolemy.moml.MoMLSimpleApplication@27bef14f
----------------- Done invoking toplevel() on ptolemy.moml.MoMLSimpleApplication@27bef14f
reloadAllAccessors: .FixPoint

===========================================================================================
----------------- testing Sun Nov 25 02:56:12 UTC 2018 /home/travis/build/icyphy/ptII/ptolemy/domains/sdf/test/auto/Gravitation.xml
----------------- Instantiating /home/travis/build/icyphy/ptII/ptolemy/domains/sdf/test/auto/Gravitation.xml
3112 ms. Memory: 208384K Free: 105545K (51%)
----------------- Invoking toplevel() on ptolemy.moml.MoMLSimpleApplication@3bbdfd7c
----------------- Done invoking toplevel() on ptolemy.moml.MoMLSimpleApplication@3bbdfd7c
reloadAllAccessors: .Gravitation

===========================================================================================
----------------- testing Sun Nov 25 02:56:15 UTC 2018 /home/travis/build/icyphy/ptII/ptolemy/domains/sdf/test/auto/GravitationWithCollisionDetection.xml
----------------- Instantiating /home/travis/build/icyphy/ptII/ptolemy/domains/sdf/test/auto/GravitationWithCollisionDetection.xml
5656 ms. Memory: 873984K Free: 372195K (43%)
----------------- Invoking toplevel() on ptolemy.moml.MoMLSimpleApplication@56ba6f6c
----------------- Done invoking toplevel() on ptolemy.moml.MoMLSimpleApplication@56ba6f6c
reloadAllAccessors: .GravitationWithCollisionDetection

===========================================================================================
----------------- testing Sun Nov 25 02:56:21 UTC 2018 /home/travis/build/icyphy/ptII/ptolemy/domains/sdf/test/auto/HDF.xml
----------------- Instantiating /home/travis/build/icyphy/ptII/ptolemy/domains/sdf/test/auto/HDF.xml
47 ms. Memory: 873984K Free: 341453K (39%)
----------------- Invoking toplevel() on ptolemy.moml.MoMLSimpleApplication@2cc56f24
----------------- Done invoking toplevel() on ptolemy.moml.MoMLSimpleApplication@2cc56f24
reloadAllAccessors: .HDF

===========================================================================================
----------------- testing Sun Nov 25 02:56:21 UTC 2018 /home/travis/build/icyphy/ptII/ptolemy/domains/sdf/test/auto/HDFwithTransientStates.xml
----------------- Instantiating /home/travis/build/icyphy/ptII/ptolemy/domains/sdf/test/auto/HDFwithTransientStates.xml
27 ms. Memory: 873984K Free: 317875K (36%)
----------------- Invoking toplevel() on ptolemy.moml.MoMLSimpleApplication@6fa14540
----------------- Done invoking toplevel() on ptolemy.moml.MoMLSimpleApplication@6fa14540
reloadAllAccessors: .HDFwithTransientStates

===========================================================================================
----------------- testing Sun Nov 25 02:56:21 UTC 2018 /home/travis/build/icyphy/ptII/ptolemy/domains/sdf/test/auto/HTVQ.xml
----------------- Instantiating /home/travis/build/icyphy/ptII/ptolemy/domains/sdf/test/auto/HTVQ.xml
845 ms. Memory: 873984K Free: 144963K (17%)
----------------- Invoking toplevel() on ptolemy.moml.MoMLSimpleApplication@732cc2f7
----------------- Done invoking toplevel() on ptolemy.moml.MoMLSimpleApplication@732cc2f7
reloadAllAccessors: .HTVQ

===========================================================================================
----------------- testing Sun Nov 25 02:56:22 UTC 2018 /home/travis/build/icyphy/ptII/ptolemy/domains/sdf/test/auto/InferInitProduction.xml
----------------- Instantiating /home/travis/build/icyphy/ptII/ptolemy/domains/sdf/test/auto/InferInitProduction.xml
3 ms. Memory: 873984K Free: 129245K (15%)
----------------- Invoking toplevel() on ptolemy.moml.MoMLSimpleApplication@5244ca76
----------------- Done invoking toplevel() on ptolemy.moml.MoMLSimpleApplication@5244ca76
reloadAllAccessors: .InferInitProduction

===========================================================================================
----------------- testing Sun Nov 25 02:56:22 UTC 2018 /home/travis/build/icyphy/ptII/ptolemy/domains/sdf/test/auto/InferInitProductionDeeper.xml
----------------- Instantiating /home/travis/build/icyphy/ptII/ptolemy/domains/sdf/test/auto/InferInitProductionDeeper.xml
6 ms. Memory: 873984K Free: 113526K (13%)
----------------- Invoking toplevel() on ptolemy.moml.MoMLSimpleApplication@22d2617d
----------------- Done invoking toplevel() on ptolemy.moml.MoMLSimpleApplication@22d2617d
reloadAllAccessors: .InferInitProductionDeeper

===========================================================================================
----------------- testing Sun Nov 25 02:56:22 UTC 2018 /home/travis/build/icyphy/ptII/ptolemy/domains/sdf/test/auto/LMSAdaptive.xml
----------------- Instantiating /home/travis/build/icyphy/ptII/ptolemy/domains/sdf/test/auto/LMSAdaptive.xml
16 ms. Memory: 873984K Free: 89941K (10%)
----------------- Invoking toplevel() on ptolemy.moml.MoMLSimpleApplication@3b44219d
----------------- Done invoking toplevel() on ptolemy.moml.MoMLSimpleApplication@3b44219d
reloadAllAccessors: .LMSAdaptive

===========================================================================================
----------------- testing Sun Nov 25 02:56:22 UTC 2018 /home/travis/build/icyphy/ptII/ptolemy/domains/sdf/test/auto/LogisticMap.xml
----------------- Instantiating /home/travis/build/icyphy/ptII/ptolemy/domains/sdf/test/auto/LogisticMap.xml
428 ms. Memory: 873984K Free: 77015K (9%)
----------------- Invoking toplevel() on ptolemy.moml.MoMLSimpleApplication@654cf1a3
----------------- Done invoking toplevel() on ptolemy.moml.MoMLSimpleApplication@654cf1a3
reloadAllAccessors: .LogisticMap

===========================================================================================
----------------- testing Sun Nov 25 02:56:23 UTC 2018 /home/travis/build/icyphy/ptII/ptolemy/domains/sdf/test/auto/MaximumEntropySpectrum.xml
----------------- Instantiating /home/travis/build/icyphy/ptII/ptolemy/domains/sdf/test/auto/MaximumEntropySpectrum.xml
79 ms. Memory: 874496K Free: 784353K (90%)
----------------- Invoking toplevel() on ptolemy.moml.MoMLSimpleApplication@75c6df90
----------------- Done invoking toplevel() on ptolemy.moml.MoMLSimpleApplication@75c6df90
reloadAllAccessors: .MaximumEntropySpectrum

===========================================================================================
----------------- testing Sun Nov 25 02:56:23 UTC 2018 /home/travis/build/icyphy/ptII/ptolemy/domains/sdf/test/auto/MultirateSDF.xml
----------------- Instantiating /home/travis/build/icyphy/ptII/ptolemy/domains/sdf/test/auto/MultirateSDF.xml
20 ms. Memory: 874496K Free: 758686K (87%)
----------------- Invoking toplevel() on ptolemy.moml.MoMLSimpleApplication@1b093f9b
----------------- Done invoking toplevel() on ptolemy.moml.MoMLSimpleApplication@1b093f9b
reloadAllAccessors: .MultirateSDF

===========================================================================================
----------------- testing Sun Nov 25 02:56:23 UTC 2018 /home/travis/build/icyphy/ptII/ptolemy/domains/sdf/test/auto/MultirateSDFwithTransientStates.xml
----------------- Instantiating /home/travis/build/icyphy/ptII/ptolemy/domains/sdf/test/auto/MultirateSDFwithTransientStates.xml
16 ms. Memory: 874496K Free: 735092K (84%)
----------------- Invoking toplevel() on ptolemy.moml.MoMLSimpleApplication@6790eafb
----------------- Done invoking toplevel() on ptolemy.moml.MoMLSimpleApplication@6790eafb
reloadAllAccessors: .MultirateSDFwithTransientStates

===========================================================================================
----------------- testing Sun Nov 25 02:56:23 UTC 2018 /home/travis/build/icyphy/ptII/ptolemy/domains/sdf/test/auto/NoisySinewave.xml
----------------- Instantiating /home/travis/build/icyphy/ptII/ptolemy/domains/sdf/test/auto/NoisySinewave.xml
11 ms. Memory: 874496K Free: 711515K (81%)
----------------- Invoking toplevel() on ptolemy.moml.MoMLSimpleApplication@42c80145
----------------- Done invoking toplevel() on ptolemy.moml.MoMLSimpleApplication@42c80145
reloadAllAccessors: .NoisySinewave

===========================================================================================
----------------- testing Sun Nov 25 02:56:23 UTC 2018 /home/travis/build/icyphy/ptII/ptolemy/domains/sdf/test/auto/Objects.xml
----------------- Instantiating /home/travis/build/icyphy/ptII/ptolemy/domains/sdf/test/auto/Objects.xml
3 ms. Memory: 874496K Free: 687937K (79%)
----------------- Invoking toplevel() on ptolemy.moml.MoMLSimpleApplication@24f57c34
----------------- Done invoking toplevel() on ptolemy.moml.MoMLSimpleApplication@24f57c34
reloadAllAccessors: .Objects

===========================================================================================
----------------- testing Sun Nov 25 02:56:23 UTC 2018 /home/travis/build/icyphy/ptII/ptolemy/domains/sdf/test/auto/OrthogonalCom.xml
----------------- Instantiating /home/travis/build/icyphy/ptII/ptolemy/domains/sdf/test/auto/OrthogonalCom.xml
8 ms. Memory: 874496K Free: 672219K (77%)
----------------- Invoking toplevel() on ptolemy.moml.MoMLSimpleApplication@51f07df1
----------------- Done invoking toplevel() on ptolemy.moml.MoMLSimpleApplication@51f07df1
reloadAllAccessors: .OrthogonalCom

===========================================================================================
----------------- testing Sun Nov 25 02:56:23 UTC 2018 /home/travis/build/icyphy/ptII/ptolemy/domains/sdf/test/auto/RijndaelEncryption.xml
----------------- Instantiating /home/travis/build/icyphy/ptII/ptolemy/domains/sdf/test/auto/RijndaelEncryption.xml
287 ms. Memory: 874496K Free: 507015K (58%)
----------------- Invoking toplevel() on ptolemy.moml.MoMLSimpleApplication@bc504d5
----------------- Done invoking toplevel() on ptolemy.moml.MoMLSimpleApplication@bc504d5
reloadAllAccessors: .RijndaelEncryption

===========================================================================================
----------------- testing Sun Nov 25 02:56:24 UTC 2018 /home/travis/build/icyphy/ptII/ptolemy/domains/sdf/test/auto/SDFEmptyIterations.xml
----------------- Instantiating /home/travis/build/icyphy/ptII/ptolemy/domains/sdf/test/auto/SDFEmptyIterations.xml
5 ms. Memory: 874496K Free: 489223K (56%)
----------------- Invoking toplevel() on ptolemy.moml.MoMLSimpleApplication@5286bbea
----------------- Done invoking toplevel() on ptolemy.moml.MoMLSimpleApplication@5286bbea
reloadAllAccessors: .SDFEmptyIterations

===========================================================================================
----------------- testing Sun Nov 25 02:56:24 UTC 2018 /home/travis/build/icyphy/ptII/ptolemy/domains/sdf/test/auto/Spectrum.xml
----------------- Instantiating /home/travis/build/icyphy/ptII/ptolemy/domains/sdf/test/auto/Spectrum.xml
40 ms. Memory: 874496K Free: 465630K (53%)
----------------- Invoking toplevel() on ptolemy.moml.MoMLSimpleApplication@6f8ff7a6
----------------- Done invoking toplevel() on ptolemy.moml.MoMLSimpleApplication@6f8ff7a6
reloadAllAccessors: .Spectrum

===========================================================================================
----------------- testing Sun Nov 25 02:56:24 UTC 2018 /home/travis/build/icyphy/ptII/ptolemy/domains/sdf/test/auto/de_inside_sdf.xml
----------------- Instantiating /home/travis/build/icyphy/ptII/ptolemy/domains/sdf/test/auto/de_inside_sdf.xml
7 ms. Memory: 874496K Free: 449911K (51%)
----------------- Invoking toplevel() on ptolemy.moml.MoMLSimpleApplication@1c45cc98
----------------- Done invoking toplevel() on ptolemy.moml.MoMLSimpleApplication@1c45cc98
reloadAllAccessors: .de_inside_sdf

===========================================================================================
----------------- testing Sun Nov 25 02:56:24 UTC 2018 /home/travis/build/icyphy/ptII/ptolemy/domains/sdf/test/auto/disconnectedHierarchicalSDF.xml
----------------- Instantiating /home/travis/build/icyphy/ptII/ptolemy/domains/sdf/test/auto/disconnectedHierarchicalSDF.xml
4 ms. Memory: 874496K Free: 434193K (50%)
----------------- Invoking toplevel() on ptolemy.moml.MoMLSimpleApplication@23bbaff0
----------------- Done invoking toplevel() on ptolemy.moml.MoMLSimpleApplication@23bbaff0
reloadAllAccessors: .disconnectedHierarchicalSDF

===========================================================================================
----------------- testing Sun Nov 25 02:56:24 UTC 2018 /home/travis/build/icyphy/ptII/ptolemy/domains/sdf/test/auto/disconnectedSDF.xml
----------------- Instantiating /home/travis/build/icyphy/ptII/ptolemy/domains/sdf/test/auto/disconnectedSDF.xml
2 ms. Memory: 874496K Free: 418475K (48%)
----------------- Invoking toplevel() on ptolemy.moml.MoMLSimpleApplication@2c45275f
----------------- Done invoking toplevel() on ptolemy.moml.MoMLSimpleApplication@2c45275f
reloadAllAccessors: .disconnectedSDF

===========================================================================================
----------------- testing Sun Nov 25 02:56:24 UTC 2018 /home/travis/build/icyphy/ptII/ptolemy/domains/sdf/test/auto/emptyRefinement.xml
----------------- Instantiating /home/travis/build/icyphy/ptII/ptolemy/domains/sdf/test/auto/emptyRefinement.xml
3 ms. Memory: 874496K Free: 402756K (46%)
----------------- Invoking toplevel() on ptolemy.moml.MoMLSimpleApplication@6e9a9ea2
----------------- Done invoking toplevel() on ptolemy.moml.MoMLSimpleApplication@6e9a9ea2
reloadAllAccessors: .emptyRefinement

===========================================================================================
----------------- testing Sun Nov 25 02:56:24 UTC 2018 /home/travis/build/icyphy/ptII/ptolemy/domains/sdf/test/auto/filePortParameter.xml
----------------- Instantiating /home/travis/build/icyphy/ptII/ptolemy/domains/sdf/test/auto/filePortParameter.xml
15 ms. Memory: 874496K Free: 384965K (44%)
----------------- Invoking toplevel() on ptolemy.moml.MoMLSimpleApplication@70c0347e
----------------- Done invoking toplevel() on ptolemy.moml.MoMLSimpleApplication@70c0347e
reloadAllAccessors: .filePortParameter

===========================================================================================
----------------- testing Sun Nov 25 02:56:24 UTC 2018 /home/travis/build/icyphy/ptII/ptolemy/domains/sdf/test/auto/inferRelationWidth1.xml
----------------- Instantiating /home/travis/build/icyphy/ptII/ptolemy/domains/sdf/test/auto/inferRelationWidth1.xml
3 ms. Memory: 874496K Free: 369246K (42%)
----------------- Invoking toplevel() on ptolemy.moml.MoMLSimpleApplication@7a92d2c1
----------------- Done invoking toplevel() on ptolemy.moml.MoMLSimpleApplication@7a92d2c1
reloadAllAccessors: .inferRelationWidth1

===========================================================================================
----------------- testing Sun Nov 25 02:56:24 UTC 2018 /home/travis/build/icyphy/ptII/ptolemy/domains/sdf/test/auto/initProductionInference.xml
----------------- Instantiating /home/travis/build/icyphy/ptII/ptolemy/domains/sdf/test/auto/initProductionInference.xml
8 ms. Memory: 874496K Free: 353528K (40%)
----------------- Invoking toplevel() on ptolemy.moml.MoMLSimpleApplication@52c20c7e
----------------- Done invoking toplevel() on ptolemy.moml.MoMLSimpleApplication@52c20c7e
reloadAllAccessors: .initProductionInference

===========================================================================================
----------------- testing Sun Nov 25 02:56:24 UTC 2018 /home/travis/build/icyphy/ptII/ptolemy/domains/sdf/test/auto/relationGroup.xml
----------------- Instantiating /home/travis/build/icyphy/ptII/ptolemy/domains/sdf/test/auto/relationGroup.xml
2 ms. Memory: 874496K Free: 337809K (39%)
----------------- Invoking toplevel() on ptolemy.moml.MoMLSimpleApplication@69bb1663
----------------- Done invoking toplevel() on ptolemy.moml.MoMLSimpleApplication@69bb1663
reloadAllAccessors: .relationGroup

===========================================================================================
----------------- testing Sun Nov 25 02:56:24 UTC 2018 /home/travis/build/icyphy/ptII/ptolemy/domains/sdf/test/auto/relationGroup10.xml
----------------- Instantiating /home/travis/build/icyphy/ptII/ptolemy/domains/sdf/test/auto/relationGroup10.xml
2 ms. Memory: 874496K Free: 322091K (37%)
----------------- Invoking toplevel() on ptolemy.moml.MoMLSimpleApplication@7d666d16
----------------- Done invoking toplevel() on ptolemy.moml.MoMLSimpleApplication@7d666d16
reloadAllAccessors: .relationGroup10

===========================================================================================
----------------- testing Sun Nov 25 02:56:24 UTC 2018 /home/travis/build/icyphy/ptII/ptolemy/domains/sdf/test/auto/relationGroup11.xml
----------------- Instantiating /home/travis/build/icyphy/ptII/ptolemy/domains/sdf/test/auto/relationGroup11.xml
5 ms. Memory: 874496K Free: 306373K (35%)
----------------- Invoking toplevel() on ptolemy.moml.MoMLSimpleApplication@6c4cd927
----------------- Done invoking toplevel() on ptolemy.moml.MoMLSimpleApplication@6c4cd927
reloadAllAccessors: .relationGroup11

===========================================================================================
----------------- testing Sun Nov 25 02:56:24 UTC 2018 /home/travis/build/icyphy/ptII/ptolemy/domains/sdf/test/auto/relationGroup12.xml
----------------- Instantiating /home/travis/build/icyphy/ptII/ptolemy/domains/sdf/test/auto/relationGroup12.xml
2 ms. Memory: 874496K Free: 288581K (33%)
----------------- Invoking toplevel() on ptolemy.moml.MoMLSimpleApplication@3160990b
----------------- Done invoking toplevel() on ptolemy.moml.MoMLSimpleApplication@3160990b
reloadAllAccessors: .relationGroup12

===========================================================================================
----------------- testing Sun Nov 25 02:56:24 UTC 2018 /home/travis/build/icyphy/ptII/ptolemy/domains/sdf/test/auto/relationGroup13.xml
----------------- Instantiating /home/travis/build/icyphy/ptII/ptolemy/domains/sdf/test/auto/relationGroup13.xml
3 ms. Memory: 874496K Free: 272863K (31%)
----------------- Invoking toplevel() on ptolemy.moml.MoMLSimpleApplication@42c26264
----------------- Done invoking toplevel() on ptolemy.moml.MoMLSimpleApplication@42c26264
reloadAllAccessors: .relationGroup13

===========================================================================================
----------------- testing Sun Nov 25 02:56:24 UTC 2018 /home/travis/build/icyphy/ptII/ptolemy/domains/sdf/test/auto/relationGroup14.xml
----------------- Instantiating /home/travis/build/icyphy/ptII/ptolemy/domains/sdf/test/auto/relationGroup14.xml
3 ms. Memory: 874496K Free: 257144K (29%)
----------------- Invoking toplevel() on ptolemy.moml.MoMLSimpleApplication@ded6897
----------------- Done invoking toplevel() on ptolemy.moml.MoMLSimpleApplication@ded6897
reloadAllAccessors: .relationGroup14

===========================================================================================
----------------- testing Sun Nov 25 02:56:24 UTC 2018 /home/travis/build/icyphy/ptII/ptolemy/domains/sdf/test/auto/relationGroup15.xml
----------------- Instantiating /home/travis/build/icyphy/ptII/ptolemy/domains/sdf/test/auto/relationGroup15.xml
2 ms. Memory: 874496K Free: 241426K (28%)
----------------- Invoking toplevel() on ptolemy.moml.MoMLSimpleApplication@3db226c
----------------- Done invoking toplevel() on ptolemy.moml.MoMLSimpleApplication@3db226c
reloadAllAccessors: .relationGroup15

===========================================================================================
----------------- testing Sun Nov 25 02:56:24 UTC 2018 /home/travis/build/icyphy/ptII/ptolemy/domains/sdf/test/auto/relationGroup2.xml
----------------- Instantiating /home/travis/build/icyphy/ptII/ptolemy/domains/sdf/test/auto/relationGroup2.xml
1 ms. Memory: 874496K Free: 225708K (26%)
----------------- Invoking toplevel() on ptolemy.moml.MoMLSimpleApplication@7212d88f
----------------- Done invoking toplevel() on ptolemy.moml.MoMLSimpleApplication@7212d88f
reloadAllAccessors: .relationGroup2

===========================================================================================
----------------- testing Sun Nov 25 02:56:24 UTC 2018 /home/travis/build/icyphy/ptII/ptolemy/domains/sdf/test/auto/relationGroup3.xml
----------------- Instantiating /home/travis/build/icyphy/ptII/ptolemy/domains/sdf/test/auto/relationGroup3.xml
1 ms. Memory: 874496K Free: 209989K (24%)
----------------- Invoking toplevel() on ptolemy.moml.MoMLSimpleApplication@5e26fc5
----------------- Done invoking toplevel() on ptolemy.moml.MoMLSimpleApplication@5e26fc5
reloadAllAccessors: .relationGroup3

===========================================================================================
----------------- testing Sun Nov 25 02:56:24 UTC 2018 /home/travis/build/icyphy/ptII/ptolemy/domains/sdf/test/auto/relationGroup4.xml
----------------- Instantiating /home/travis/build/icyphy/ptII/ptolemy/domains/sdf/test/auto/relationGroup4.xml
3 ms. Memory: 874496K Free: 192197K (22%)
----------------- Invoking toplevel() on ptolemy.moml.MoMLSimpleApplication@5c1c5384
----------------- Done invoking toplevel() on ptolemy.moml.MoMLSimpleApplication@5c1c5384
reloadAllAccessors: .relationGroup4

===========================================================================================
----------------- testing Sun Nov 25 02:56:24 UTC 2018 /home/travis/build/icyphy/ptII/ptolemy/domains/sdf/test/auto/relationGroup5.xml
----------------- Instantiating /home/travis/build/icyphy/ptII/ptolemy/domains/sdf/test/auto/relationGroup5.xml
3 ms. Memory: 874496K Free: 176479K (20%)
----------------- Invoking toplevel() on ptolemy.moml.MoMLSimpleApplication@105eae73
----------------- Done invoking toplevel() on ptolemy.moml.MoMLSimpleApplication@105eae73
reloadAllAccessors: .relationGroup5

===========================================================================================
----------------- testing Sun Nov 25 02:56:24 UTC 2018 /home/travis/build/icyphy/ptII/ptolemy/domains/sdf/test/auto/relationGroup6.xml
----------------- Instantiating /home/travis/build/icyphy/ptII/ptolemy/domains/sdf/test/auto/relationGroup6.xml
3 ms. Memory: 874496K Free: 160761K (18%)
----------------- Invoking toplevel() on ptolemy.moml.MoMLSimpleApplication@6cef0eb8
----------------- Done invoking toplevel() on ptolemy.moml.MoMLSimpleApplication@6cef0eb8
reloadAllAccessors: .relationGroup6

===========================================================================================
----------------- testing Sun Nov 25 02:56:24 UTC 2018 /home/travis/build/icyphy/ptII/ptolemy/domains/sdf/test/auto/relationGroup7.xml
----------------- Instantiating /home/travis/build/icyphy/ptII/ptolemy/domains/sdf/test/auto/relationGroup7.xml
2 ms. Memory: 874496K Free: 145042K (17%)
----------------- Invoking toplevel() on ptolemy.moml.MoMLSimpleApplication@49766e2a
----------------- Done invoking toplevel() on ptolemy.moml.MoMLSimpleApplication@49766e2a
reloadAllAccessors: .relationGroup7

===========================================================================================
----------------- testing Sun Nov 25 02:56:24 UTC 2018 /home/travis/build/icyphy/ptII/ptolemy/domains/sdf/test/auto/relationGroup8.xml
----------------- Instantiating /home/travis/build/icyphy/ptII/ptolemy/domains/sdf/test/auto/relationGroup8.xml
2 ms. Memory: 874496K Free: 129324K (15%)
----------------- Invoking toplevel() on ptolemy.moml.MoMLSimpleApplication@23a7725
----------------- Done invoking toplevel() on ptolemy.moml.MoMLSimpleApplication@23a7725
reloadAllAccessors: .relationGroup8

===========================================================================================
----------------- testing Sun Nov 25 02:56:24 UTC 2018 /home/travis/build/icyphy/ptII/ptolemy/domains/sdf/test/auto/relationGroup9.xml
----------------- Instantiating /home/travis/build/icyphy/ptII/ptolemy/domains/sdf/test/auto/relationGroup9.xml
2 ms. Memory: 874496K Free: 113605K (13%)
----------------- Invoking toplevel() on ptolemy.moml.MoMLSimpleApplication@4af523ab
----------------- Done invoking toplevel() on ptolemy.moml.MoMLSimpleApplication@4af523ab
reloadAllAccessors: .relationGroup9

===========================================================================================
----------------- testing Sun Nov 25 02:56:24 UTC 2018 /home/travis/build/icyphy/ptII/ptolemy/domains/sdf/test/auto/sdf_inside_de.xml
----------------- Instantiating /home/travis/build/icyphy/ptII/ptolemy/domains/sdf/test/auto/sdf_inside_de.xml
13 ms. Memory: 874496K Free: 95814K (11%)
----------------- Invoking toplevel() on ptolemy.moml.MoMLSimpleApplication@4dc032d3
----------------- Done invoking toplevel() on ptolemy.moml.MoMLSimpleApplication@4dc032d3
reloadAllAccessors: .sdf_inside_de

===========================================================================================
----------------- testing Sun Nov 25 02:56:24 UTC 2018 /home/travis/build/icyphy/ptII/ptolemy/domains/sdf/test/auto/sdf_inside_pn.xml
----------------- Instantiating /home/travis/build/icyphy/ptII/ptolemy/domains/sdf/test/auto/sdf_inside_pn.xml
46 ms. Memory: 830464K Free: 785975K (95%)
----------------- Invoking toplevel() on ptolemy.moml.MoMLSimpleApplication@2153abd2
----------------- Done invoking toplevel() on ptolemy.moml.MoMLSimpleApplication@2153abd2
reloadAllAccessors: .sdf_inside_pn

===========================================================================================
----------------- testing Sun Nov 25 02:56:24 UTC 2018 /home/travis/build/icyphy/ptII/ptolemy/domains/sdf/test/auto/sdf_sdf1.xml
----------------- Instantiating /home/travis/build/icyphy/ptII/ptolemy/domains/sdf/test/auto/sdf_sdf1.xml
4 ms. Memory: 830464K Free: 770882K (93%)
----------------- Invoking toplevel() on ptolemy.moml.MoMLSimpleApplication@6b9d7583
----------------- Done invoking toplevel() on ptolemy.moml.MoMLSimpleApplication@6b9d7583
reloadAllAccessors: .sdf_sdf1

===========================================================================================
----------------- testing Sun Nov 25 02:56:24 UTC 2018 /home/travis/build/icyphy/ptII/ptolemy/domains/sdf/test/auto/test1.xml
----------------- Instantiating /home/travis/build/icyphy/ptII/ptolemy/domains/sdf/test/auto/test1.xml
2 ms. Memory: 830464K Free: 760902K (92%)
----------------- Invoking toplevel() on ptolemy.moml.MoMLSimpleApplication@2ce65bb2
----------------- Done invoking toplevel() on ptolemy.moml.MoMLSimpleApplication@2ce65bb2
reloadAllAccessors: .test1

===========================================================================================
----------------- testing Sun Nov 25 02:56:24 UTC 2018 /home/travis/build/icyphy/ptII/ptolemy/domains/sdf/test/auto/time1.xml
----------------- Instantiating /home/travis/build/icyphy/ptII/ptolemy/domains/sdf/test/auto/time1.xml
2 ms. Memory: 830464K Free: 750921K (90%)
----------------- Invoking toplevel() on ptolemy.moml.MoMLSimpleApplication@6483a727
----------------- Done invoking toplevel() on ptolemy.moml.MoMLSimpleApplication@6483a727
reloadAllAccessors: .time1

===========================================================================================
----------------- testing Sun Nov 25 02:56:24 UTC 2018 /home/travis/build/icyphy/ptII/ptolemy/domains/sdf/test/auto/time2.xml
----------------- Instantiating /home/travis/build/icyphy/ptII/ptolemy/domains/sdf/test/auto/time2.xml
3 ms. Memory: 830464K Free: 739571K (89%)
----------------- Invoking toplevel() on ptolemy.moml.MoMLSimpleApplication@2c455f5e
----------------- Done invoking toplevel() on ptolemy.moml.MoMLSimpleApplication@2c455f5e
reloadAllAccessors: .time2

===========================================================================================
----------------- testing Sun Nov 25 02:56:25 UTC 2018 /home/travis/build/icyphy/ptII/ptolemy/domains/sdf/test/auto/time3.xml
----------------- Instantiating /home/travis/build/icyphy/ptII/ptolemy/domains/sdf/test/auto/time3.xml
7 ms. Memory: 830464K Free: 729590K (88%)
----------------- Invoking toplevel() on ptolemy.moml.MoMLSimpleApplication@9e010c0
----------------- Done invoking toplevel() on ptolemy.moml.MoMLSimpleApplication@9e010c0
reloadAllAccessors: .time3

===========================================================================================
----------------- testing Sun Nov 25 02:56:25 UTC 2018 /home/travis/build/icyphy/ptII/ptolemy/domains/sdf/test/auto/time4.xml
----------------- Instantiating /home/travis/build/icyphy/ptII/ptolemy/domains/sdf/test/auto/time4.xml
8 ms. Memory: 830464K Free: 719610K (87%)
----------------- Invoking toplevel() on ptolemy.moml.MoMLSimpleApplication@223b81b8
----------------- Done invoking toplevel() on ptolemy.moml.MoMLSimpleApplication@223b81b8
reloadAllAccessors: .time4

===========================================================================================
----------------- testing Sun Nov 25 02:56:25 UTC 2018 /home/travis/build/icyphy/ptII/ptolemy/domains/sdf/test/auto/time5.xml
----------------- Instantiating /home/travis/build/icyphy/ptII/ptolemy/domains/sdf/test/auto/time5.xml
4008 ms. Memory: 830464K Free: 709629K (85%)
----------------- Invoking toplevel() on ptolemy.moml.MoMLSimpleApplication@7378ab20
----------------- Done invoking toplevel() on ptolemy.moml.MoMLSimpleApplication@7378ab20
reloadAllAccessors: .time5

===========================================================================================
----------------- testing Sun Nov 25 02:56:29 UTC 2018 /home/travis/build/icyphy/ptII/ptolemy/domains/sdf/test/auto/typeSystem_Const_Integer_smallest_Type.xml
----------------- Instantiating /home/travis/build/icyphy/ptII/ptolemy/domains/sdf/test/auto/typeSystem_Const_Integer_smallest_Type.xml
5 ms. Memory: 830464K Free: 698279K (84%)
----------------- Invoking toplevel() on ptolemy.moml.MoMLSimpleApplication@21746e93
----------------- Done invoking toplevel() on ptolemy.moml.MoMLSimpleApplication@21746e93
reloadAllAccessors: .typeSystem_Const_Integer_smallest_Type

===========================================================================================
----------------- testing Sun Nov 25 02:56:29 UTC 2018 /home/travis/build/icyphy/ptII/ptolemy/domains/sdf/test/auto/typeSystem_declared_Inports_OutportTypeException.xml
----------------- Instantiating /home/travis/build/icyphy/ptII/ptolemy/domains/sdf/test/auto/typeSystem_declared_Inports_OutportTypeException.xml
.typeSystem_declared_Inports_OutportTypeException.TestExceptionAttribute: initialize() was not invoked, but wrapup() was.  This is unusual, but not always a problem.  For example, exporting JNLP will do this.
3 ms. Memory: 830464K Free: 688298K (83%)
----------------- Invoking toplevel() on ptolemy.moml.MoMLSimpleApplication@45cf18bb
----------------- Done invoking toplevel() on ptolemy.moml.MoMLSimpleApplication@45cf18bb
reloadAllAccessors: .typeSystem_declared_Inports_OutportTypeException

===========================================================================================
----------------- testing Sun Nov 25 02:56:29 UTC 2018 /home/travis/build/icyphy/ptII/ptolemy/domains/sdf/test/auto/typeSystem_oneDeclaredInportType_wrongTypeOutport.xml
----------------- Instantiating /home/travis/build/icyphy/ptII/ptolemy/domains/sdf/test/auto/typeSystem_oneDeclaredInportType_wrongTypeOutport.xml
3 ms. Memory: 830464K Free: 678318K (82%)
----------------- Invoking toplevel() on ptolemy.moml.MoMLSimpleApplication@2b4a0f10
----------------- Done invoking toplevel() on ptolemy.moml.MoMLSimpleApplication@2b4a0f10
reloadAllAccessors: .typeSystem_oneDeclaredInportType_wrongTypeOutport

===========================================================================================
----------------- testing Sun Nov 25 02:56:29 UTC 2018 /home/travis/build/icyphy/ptII/ptolemy/domains/sdf/test/auto/width.xml
----------------- Instantiating /home/travis/build/icyphy/ptII/ptolemy/domains/sdf/test/auto/width.xml
2 ms. Memory: 830464K Free: 668337K (80%)
----------------- Invoking toplevel() on ptolemy.moml.MoMLSimpleApplication@32e05471
----------------- Done invoking toplevel() on ptolemy.moml.MoMLSimpleApplication@32e05471
reloadAllAccessors: .width

===========================================================================================
----------------- testing Sun Nov 25 02:56:29 UTC 2018 /home/travis/build/icyphy/ptII/ptolemy/domains/sdf/test/auto/width2.xml
----------------- Instantiating /home/travis/build/icyphy/ptII/ptolemy/domains/sdf/test/auto/width2.xml
33 ms. Memory: 830464K Free: 656987K (79%)
----------------- Invoking toplevel() on ptolemy.moml.MoMLSimpleApplication@526e9ae5
----------------- Done invoking toplevel() on ptolemy.moml.MoMLSimpleApplication@526e9ae5
reloadAllAccessors: .width2

===========================================================================================
----------------- testing Sun Nov 25 02:56:29 UTC 2018 /home/travis/build/icyphy/ptII/ptolemy/domains/sdf/test/auto/width3.xml
----------------- Instantiating /home/travis/build/icyphy/ptII/ptolemy/domains/sdf/test/auto/width3.xml
34 ms. Memory: 830464K Free: 647006K (78%)
----------------- Invoking toplevel() on ptolemy.moml.MoMLSimpleApplication@52d9d9db
----------------- Done invoking toplevel() on ptolemy.moml.MoMLSimpleApplication@52d9d9db
reloadAllAccessors: .width3
AutoTests.java: About to close Vertx.
AutoTests.java: Vertx closed.
]]></system-out>
  <system-err><![CDATA[java.lang.RuntimeException: Execution failed
	at ptolemy.moml.MoMLSimpleApplication$UnloadThread.run(MoMLSimpleApplication.java:402)
Caused by: ptolemy.actor.sched.NotSchedulableException: No solution exists for the balance equations.
Graph is not consistent under the SDF domain detected on external port .rateConsistency.actor.port2
  in .rateConsistency.SDF Director.Scheduler
	at ptolemy.domains.sdf.kernel.SDFScheduler._propagatePort(SDFScheduler.java:1425)
	at ptolemy.domains.sdf.kernel.SDFScheduler._solveBalanceEquations(SDFScheduler.java:710)
	at ptolemy.domains.sdf.kernel.SDFScheduler._getSchedule(SDFScheduler.java:566)
	at ptolemy.actor.sched.Scheduler.getSchedule(Scheduler.java:189)
	at ptolemy.domains.sdf.kernel.SDFDirector.createSchedule(SDFDirector.java:408)
	at ptolemy.domains.sdf.kernel.SDFDirector.preinitialize(SDFDirector.java:764)
	at ptolemy.actor.CompositeActor.preinitialize(CompositeActor.java:1828)
	at ptolemy.actor.Manager.preinitializeAndResolveTypes(Manager.java:1040)
	at ptolemy.actor.Manager.initialize(Manager.java:710)
	at ptolemy.actor.Manager.execute(Manager.java:356)
	at ptolemy.actor.Manager.run(Manager.java:1263)
	at ptolemy.actor.Manager$PtolemyRunThread.run(Manager.java:1915)
java.lang.RuntimeException: Execution failed
	at ptolemy.moml.MoMLSimpleApplication$UnloadThread.run(MoMLSimpleApplication.java:402)
Caused by: ptolemy.kernel.util.IllegalActionException: Failed to compute schedule:
  in .badRateChanges.typed composite actor.SDF Director
Because:
The SDF rate parameter may change. This is not allowed in SDF models that will be run through the code generator.  If you don't care about code generation, then you might consider setting the allowRateChanges parameter of the SDF director to false.
  in .badRateChanges.typed composite actor.Repeat.output.tokenProductionRate
	at ptolemy.domains.sdf.kernel.SDFDirector.createSchedule(SDFDirector.java:418)
	at ptolemy.domains.sdf.kernel.SDFDirector.preinitialize(SDFDirector.java:764)
	at ptolemy.actor.CompositeActor.preinitialize(CompositeActor.java:1828)
	at ptolemy.actor.Director.preinitialize(Director.java:1302)
	at ptolemy.actor.Director.preinitialize(Director.java:1257)
	at ptolemy.domains.sdf.kernel.SDFDirector.preinitialize(SDFDirector.java:763)
	at ptolemy.actor.CompositeActor.preinitialize(CompositeActor.java:1828)
	at ptolemy.actor.Manager.preinitializeAndResolveTypes(Manager.java:1040)
	at ptolemy.actor.Manager.initialize(Manager.java:710)
	at ptolemy.actor.Manager.execute(Manager.java:356)
	at ptolemy.actor.Manager.run(Manager.java:1263)
	at ptolemy.actor.Manager$PtolemyRunThread.run(Manager.java:1915)
Caused by: ptolemy.kernel.util.IllegalActionException: The SDF rate parameter may change. This is not allowed in SDF models that will be run through the code generator.  If you don't care about code generation, then you might consider setting the allowRateChanges parameter of the SDF director to false.
  in .badRateChanges.typed composite actor.Repeat.output.tokenProductionRate
	at ptolemy.domains.sdf.kernel.SDFScheduler._assertDynamicRateVariable(SDFScheduler.java:931)
	at ptolemy.domains.sdf.kernel.SDFScheduler._checkDynamicRateVariables(SDFScheduler.java:339)
	at ptolemy.domains.sdf.kernel.SDFScheduler._getSchedule(SDFScheduler.java:527)
	at ptolemy.actor.sched.Scheduler.getSchedule(Scheduler.java:189)
	at ptolemy.domains.sdf.kernel.SDFDirector.createSchedule(SDFDirector.java:408)
	... 11 more
java.lang.RuntimeException: Execution failed
	at ptolemy.moml.MoMLSimpleApplication$UnloadThread.run(MoMLSimpleApplication.java:402)
Caused by: ptolemy.kernel.util.IllegalActionException: Failed to compute schedule:
  in .badRateChanges2.typed composite actor.SDF Director
Because:
The SDF rate parameter may change. This is not allowed in SDF models that will be run through the code generator.  If you don't care about code generation, then you might consider setting the allowRateChanges parameter of the SDF director to false.
  in .badRateChanges2.typed composite actor.Repeat.output.tokenProductionRate
	at ptolemy.domains.sdf.kernel.SDFDirector.createSchedule(SDFDirector.java:418)
	at ptolemy.domains.sdf.kernel.SDFDirector.preinitialize(SDFDirector.java:764)
	at ptolemy.actor.CompositeActor.preinitialize(CompositeActor.java:1828)
	at ptolemy.actor.Director.preinitialize(Director.java:1302)
	at ptolemy.actor.Director.preinitialize(Director.java:1257)
	at ptolemy.domains.sdf.kernel.SDFDirector.preinitialize(SDFDirector.java:763)
	at ptolemy.actor.CompositeActor.preinitialize(CompositeActor.java:1828)
	at ptolemy.actor.Manager.preinitializeAndResolveTypes(Manager.java:1040)
	at ptolemy.actor.Manager.initialize(Manager.java:710)
	at ptolemy.actor.Manager.execute(Manager.java:356)
	at ptolemy.actor.Manager.run(Manager.java:1263)
	at ptolemy.actor.Manager$PtolemyRunThread.run(Manager.java:1915)
Caused by: ptolemy.kernel.util.IllegalActionException: The SDF rate parameter may change. This is not allowed in SDF models that will be run through the code generator.  If you don't care about code generation, then you might consider setting the allowRateChanges parameter of the SDF director to false.
  in .badRateChanges2.typed composite actor.Repeat.output.tokenProductionRate
	at ptolemy.domains.sdf.kernel.SDFScheduler._assertDynamicRateVariable(SDFScheduler.java:931)
	at ptolemy.domains.sdf.kernel.SDFScheduler._checkDynamicRateVariables(SDFScheduler.java:339)
	at ptolemy.domains.sdf.kernel.SDFScheduler._getSchedule(SDFScheduler.java:527)
	at ptolemy.actor.sched.Scheduler.getSchedule(Scheduler.java:189)
	at ptolemy.domains.sdf.kernel.SDFDirector.createSchedule(SDFDirector.java:408)
	... 11 more
java.lang.RuntimeException: Execution failed
	at ptolemy.moml.MoMLSimpleApplication$UnloadThread.run(MoMLSimpleApplication.java:402)
Caused by: ptolemy.actor.sched.NotSchedulableException: Actors remain that cannot be scheduled!

There are several possible reasons:
* SDF Graphs with feedback loops should have an actor with a delay in the loop, such as a SampleDelay.
* The SDF director has an "allowDisconnectedGraphs"parameter, which, when true, permits disconnected SDF graphs.
* The token consumption rate and production rates might be mismatched.
Usually, actors produce one token or consume one token on a port.  To produce or consume multiple tokens per firing, add a "tokenConsumptionRate" or "tokenProductionRate" parameter to the appropriate port.
Unscheduled actors:
.partiallyConnected.Const2 
Scheduled actors:
.partiallyConnected.Const 
  in .partiallyConnected.SDF Director.Scheduler
	at ptolemy.domains.sdf.kernel.SDFScheduler._scheduleConnectedActors(SDFScheduler.java:1828)
	at ptolemy.domains.sdf.kernel.SDFScheduler._getSchedule(SDFScheduler.java:587)
	at ptolemy.actor.sched.Scheduler.getSchedule(Scheduler.java:189)
	at ptolemy.domains.sdf.kernel.SDFDirector.createSchedule(SDFDirector.java:408)
	at ptolemy.domains.sdf.kernel.SDFDirector.preinitialize(SDFDirector.java:764)
	at ptolemy.actor.CompositeActor.preinitialize(CompositeActor.java:1828)
	at ptolemy.actor.Manager.preinitializeAndResolveTypes(Manager.java:1040)
	at ptolemy.actor.Manager.initialize(Manager.java:710)
	at ptolemy.actor.Manager.execute(Manager.java:356)
	at ptolemy.actor.Manager.run(Manager.java:1263)
	at ptolemy.actor.Manager$PtolemyRunThread.run(Manager.java:1915)
]]></system-err>
</testsuite>
