<?xml version="1.0" encoding="UTF-8" ?>
<testsuite errors="0" failures="0" hostname="travis-job-96502709-6dfc-4b15-8647-e4663f5623a1" name="ptolemy.domains.continuous.test.junit.JUnitTclTest" skipped="0" tests="156" time="72.406" timestamp="2019-04-26T04:07:10">
  <properties>
[...]
</properties>
  <testcase classname="ptolemy.util.test.junit.TclTests" name="[0] ThereAreNoTclTests (RunTclFile)" time="0.001" />
  <testcase classname="ptolemy.util.test.junit.AutoKnownFailedTests" name="[0] ThereAreNoKnowFailedTests (RunModel)" time="0.001" />
  <testcase classname="ptolemy.util.test.junit.AutoNameArchTests" name="[0] ThereAreNoAutoArchTests (RunModel)" time="0.001" />
  <testcase classname="ptolemy.util.test.junit.AutoTests" name="[0] /home/travis/build/icyphy/ptII/ptolemy/domains/continuous/test/auto/BouncingBall.xml (RunModel)" time="2.902" />
  <testcase classname="ptolemy.util.test.junit.AutoTests" name="[1] /home/travis/build/icyphy/ptII/ptolemy/domains/continuous/test/auto/BouncingBallWithoutGR.xml (RunModel)" time="1.028" />
  <testcase classname="ptolemy.util.test.junit.AutoTests" name="[2] /home/travis/build/icyphy/ptII/ptolemy/domains/continuous/test/auto/Brownian.xml (RunModel)" time="0.118" />
  <testcase classname="ptolemy.util.test.junit.AutoTests" name="[3] /home/travis/build/icyphy/ptII/ptolemy/domains/continuous/test/auto/CarTracking.xml (RunModel)" time="3.651" />
  <testcase classname="ptolemy.util.test.junit.AutoTests" name="[4] /home/travis/build/icyphy/ptII/ptolemy/domains/continuous/test/auto/CartPendulum.xml (RunModel)" time="0.634" />
  <testcase classname="ptolemy.util.test.junit.AutoTests" name="[5] /home/travis/build/icyphy/ptII/ptolemy/domains/continuous/test/auto/CausalityInterface10.xml (RunModel)" time="0.051" />
  <testcase classname="ptolemy.util.test.junit.AutoTests" name="[6] /home/travis/build/icyphy/ptII/ptolemy/domains/continuous/test/auto/CausalityInterface11.xml (RunModel)" time="0.03" />
  <testcase classname="ptolemy.util.test.junit.AutoTests" name="[7] /home/travis/build/icyphy/ptII/ptolemy/domains/continuous/test/auto/CausalityInterface12.xml (RunModel)" time="0.04" />
  <testcase classname="ptolemy.util.test.junit.AutoTests" name="[8] /home/travis/build/icyphy/ptII/ptolemy/domains/continuous/test/auto/CausalityInterface13.xml (RunModel)" time="0.041" />
  <testcase classname="ptolemy.util.test.junit.AutoTests" name="[9] /home/travis/build/icyphy/ptII/ptolemy/domains/continuous/test/auto/CausalityInterface14.xml (RunModel)" time="0.033" />
  <testcase classname="ptolemy.util.test.junit.AutoTests" name="[10] /home/travis/build/icyphy/ptII/ptolemy/domains/continuous/test/auto/CausalityInterface4.xml (RunModel)" time="0.044" />
  <testcase classname="ptolemy.util.test.junit.AutoTests" name="[11] /home/travis/build/icyphy/ptII/ptolemy/domains/continuous/test/auto/CausalityInterface5.xml (RunModel)" time="0.042" />
  <testcase classname="ptolemy.util.test.junit.AutoTests" name="[12] /home/travis/build/icyphy/ptII/ptolemy/domains/continuous/test/auto/CausalityInterface6.xml (RunModel)" time="0.036" />
  <testcase classname="ptolemy.util.test.junit.AutoTests" name="[13] /home/travis/build/icyphy/ptII/ptolemy/domains/continuous/test/auto/CausalityInterface7.xml (RunModel)" time="0.051" />
  <testcase classname="ptolemy.util.test.junit.AutoTests" name="[14] /home/travis/build/icyphy/ptII/ptolemy/domains/continuous/test/auto/CausalityInterface8.xml (RunModel)" time="0.038" />
  <testcase classname="ptolemy.util.test.junit.AutoTests" name="[15] /home/travis/build/icyphy/ptII/ptolemy/domains/continuous/test/auto/CausalityInterface9.xml (RunModel)" time="0.053" />
  <testcase classname="ptolemy.util.test.junit.AutoTests" name="[16] /home/travis/build/icyphy/ptII/ptolemy/domains/continuous/test/auto/CausalityInterfaceFeedback1.xml (RunModel)" time="0.03" />
  <testcase classname="ptolemy.util.test.junit.AutoTests" name="[17] /home/travis/build/icyphy/ptII/ptolemy/domains/continuous/test/auto/CausalityInterfaceFeedback2.xml (RunModel)" time="0.045" />
  <testcase classname="ptolemy.util.test.junit.AutoTests" name="[18] /home/travis/build/icyphy/ptII/ptolemy/domains/continuous/test/auto/CompareWithCurrentTime.xml (RunModel)" time="0.022" />
  <testcase classname="ptolemy.util.test.junit.AutoTests" name="[19] /home/travis/build/icyphy/ptII/ptolemy/domains/continuous/test/auto/ComparedClocks.xml (RunModel)" time="0.059" />
  <testcase classname="ptolemy.util.test.junit.AutoTests" name="[20] /home/travis/build/icyphy/ptII/ptolemy/domains/continuous/test/auto/ContinuousAOCClone.xml (RunModel)" time="2.753" />
  <testcase classname="ptolemy.util.test.junit.AutoTests" name="[21] /home/travis/build/icyphy/ptII/ptolemy/domains/continuous/test/auto/ContinuousClock.xml (RunModel)" time="0.103" />
  <testcase classname="ptolemy.util.test.junit.AutoTests" name="[22] /home/travis/build/icyphy/ptII/ptolemy/domains/continuous/test/auto/ContinuousInContinuous.xml (RunModel)" time="0.1" />
  <testcase classname="ptolemy.util.test.junit.AutoTests" name="[23] /home/travis/build/icyphy/ptII/ptolemy/domains/continuous/test/auto/ContinuousInContinuousInContinuous.xml (RunModel)" time="0.029" />
  <testcase classname="ptolemy.util.test.junit.AutoTests" name="[24] /home/travis/build/icyphy/ptII/ptolemy/domains/continuous/test/auto/ContinuousInDE.xml (RunModel)" time="0.151" />
  <testcase classname="ptolemy.util.test.junit.AutoTests" name="[25] /home/travis/build/icyphy/ptII/ptolemy/domains/continuous/test/auto/ContinuousInDE2.xml (RunModel)" time="0.063" />
  <testcase classname="ptolemy.util.test.junit.AutoTests" name="[26] /home/travis/build/icyphy/ptII/ptolemy/domains/continuous/test/auto/ContinuousInDE3.xml (RunModel)" time="0.06" />
  <testcase classname="ptolemy.util.test.junit.AutoTests" name="[27] /home/travis/build/icyphy/ptII/ptolemy/domains/continuous/test/auto/ContinuousInDE4.xml (RunModel)" time="0.039" />
  <testcase classname="ptolemy.util.test.junit.AutoTests" name="[28] /home/travis/build/icyphy/ptII/ptolemy/domains/continuous/test/auto/ContinuousInDEDifferentRefinements.xml (RunModel)" time="0.132" />
  <testcase classname="ptolemy.util.test.junit.AutoTests" name="[29] /home/travis/build/icyphy/ptII/ptolemy/domains/continuous/test/auto/ContinuousInDEDifferentRefinementsPreemptive.xml (RunModel)" time="0.085" />
  <testcase classname="ptolemy.util.test.junit.AutoTests" name="[30] /home/travis/build/icyphy/ptII/ptolemy/domains/continuous/test/auto/ContinuousInDEInContinuous2.xml (RunModel)" time="0.06" />
  <testcase classname="ptolemy.util.test.junit.AutoTests" name="[31] /home/travis/build/icyphy/ptII/ptolemy/domains/continuous/test/auto/ContinuousInDEInContinuous3.xml (RunModel)" time="0.062" />
  <testcase classname="ptolemy.util.test.junit.AutoTests" name="[32] /home/travis/build/icyphy/ptII/ptolemy/domains/continuous/test/auto/ContinuousInDEInput.xml (RunModel)" time="0.036" />
  <testcase classname="ptolemy.util.test.junit.AutoTests" name="[33] /home/travis/build/icyphy/ptII/ptolemy/domains/continuous/test/auto/ContinuousInDEInput2.xml (RunModel)" time="0.035" />
  <testcase classname="ptolemy.util.test.junit.AutoTests" name="[34] /home/travis/build/icyphy/ptII/ptolemy/domains/continuous/test/auto/ContinuousInDEInput3.xml (RunModel)" time="0.028" />
  <testcase classname="ptolemy.util.test.junit.AutoTests" name="[35] /home/travis/build/icyphy/ptII/ptolemy/domains/continuous/test/auto/ContinuousInDESharingRefinement.xml (RunModel)" time="0.182" />
  <testcase classname="ptolemy.util.test.junit.AutoTests" name="[36] /home/travis/build/icyphy/ptII/ptolemy/domains/continuous/test/auto/ContinuousInDEwithNoPorts.xml (RunModel)" time="0.038" />
  <testcase classname="ptolemy.util.test.junit.AutoTests" name="[37] /home/travis/build/icyphy/ptII/ptolemy/domains/continuous/test/auto/ContinuousInsideDE.xml (RunModel)" time="0.09" />
  <testcase classname="ptolemy.util.test.junit.AutoTests" name="[38] /home/travis/build/icyphy/ptII/ptolemy/domains/continuous/test/auto/ContinuousMerge1.xml (RunModel)" time="0.023" />
  <testcase classname="ptolemy.util.test.junit.AutoTests" name="[39] /home/travis/build/icyphy/ptII/ptolemy/domains/continuous/test/auto/ContinuousMerge2.xml (RunModel)" time="0.063" />
  <testcase classname="ptolemy.util.test.junit.AutoTests" name="[40] /home/travis/build/icyphy/ptII/ptolemy/domains/continuous/test/auto/ContinuousMerge3.xml (RunModel)" time="0.064" />
  <testcase classname="ptolemy.util.test.junit.AutoTests" name="[41] /home/travis/build/icyphy/ptII/ptolemy/domains/continuous/test/auto/ContinuousWithinContinuous.xml (RunModel)" time="0.061" />
  <testcase classname="ptolemy.util.test.junit.AutoTests" name="[42] /home/travis/build/icyphy/ptII/ptolemy/domains/continuous/test/auto/ContinuousWithinContinuous2.xml (RunModel)" time="0.076" />
  <testcase classname="ptolemy.util.test.junit.AutoTests" name="[43] /home/travis/build/icyphy/ptII/ptolemy/domains/continuous/test/auto/ContinuousWithinContinuous3.xml (RunModel)" time="0.035" />
  <testcase classname="ptolemy.util.test.junit.AutoTests" name="[44] /home/travis/build/icyphy/ptII/ptolemy/domains/continuous/test/auto/ContinuousWithinContinuous4.xml (RunModel)" time="0.071" />
  <testcase classname="ptolemy.util.test.junit.AutoTests" name="[45] /home/travis/build/icyphy/ptII/ptolemy/domains/continuous/test/auto/ContinuousWithinContinuous5.xml (RunModel)" time="0.029" />
  <testcase classname="ptolemy.util.test.junit.AutoTests" name="[46] /home/travis/build/icyphy/ptII/ptolemy/domains/continuous/test/auto/ContinuousWithinContinuous6.xml (RunModel)" time="0.027" />
  <testcase classname="ptolemy.util.test.junit.AutoTests" name="[47] /home/travis/build/icyphy/ptII/ptolemy/domains/continuous/test/auto/ContinuousWithinContinuous7.xml (RunModel)" time="0.062" />
  <testcase classname="ptolemy.util.test.junit.AutoTests" name="[48] /home/travis/build/icyphy/ptII/ptolemy/domains/continuous/test/auto/DCMotor.xml (RunModel)" time="13.414" />
  <testcase classname="ptolemy.util.test.junit.AutoTests" name="[49] /home/travis/build/icyphy/ptII/ptolemy/domains/continuous/test/auto/DEInContinuous.xml (RunModel)" time="0.02" />
  <testcase classname="ptolemy.util.test.junit.AutoTests" name="[50] /home/travis/build/icyphy/ptII/ptolemy/domains/continuous/test/auto/DEinContinuous2.xml (RunModel)" time="0.026" />
  <testcase classname="ptolemy.util.test.junit.AutoTests" name="[51] /home/travis/build/icyphy/ptII/ptolemy/domains/continuous/test/auto/Derivative.xml (RunModel)" time="0.205" />
  <testcase classname="ptolemy.util.test.junit.AutoTests" name="[52] /home/travis/build/icyphy/ptII/ptolemy/domains/continuous/test/auto/Derivative1.xml (RunModel)" time="0.045" />
  <testcase classname="ptolemy.util.test.junit.AutoTests" name="[53] /home/travis/build/icyphy/ptII/ptolemy/domains/continuous/test/auto/DiscreteClock.xml (RunModel)" time="0.019" />
  <testcase classname="ptolemy.util.test.junit.AutoTests" name="[54] /home/travis/build/icyphy/ptII/ptolemy/domains/continuous/test/auto/EfficiencyCurve.xml (RunModel)" time="0.104" />
  <testcase classname="ptolemy.util.test.junit.AutoTests" name="[55] /home/travis/build/icyphy/ptII/ptolemy/domains/continuous/test/auto/ExponentialResponse.xml (RunModel)" time="0.109" />
  <testcase classname="ptolemy.util.test.junit.AutoTests" name="[56] /home/travis/build/icyphy/ptII/ptolemy/domains/continuous/test/auto/ExponentialResponseRK45.xml (RunModel)" time="0.036" />
  <testcase classname="ptolemy.util.test.junit.AutoTests" name="[57] /home/travis/build/icyphy/ptII/ptolemy/domains/continuous/test/auto/Friction.xml (RunModel)" time="1.552" />
  <testcase classname="ptolemy.util.test.junit.AutoTests" name="[58] /home/travis/build/icyphy/ptII/ptolemy/domains/continuous/test/auto/FurutaPendulum.xml (RunModel)" time="3.128" />
  <testcase classname="ptolemy.util.test.junit.AutoTests" name="[59] /home/travis/build/icyphy/ptII/ptolemy/domains/continuous/test/auto/HierarchicalExecution.xml (RunModel)" time="1.86" />
  <testcase classname="ptolemy.util.test.junit.AutoTests" name="[60] /home/travis/build/icyphy/ptII/ptolemy/domains/continuous/test/auto/HybridPlant.xml (RunModel)" time="0.553" />
  <testcase classname="ptolemy.util.test.junit.AutoTests" name="[61] /home/travis/build/icyphy/ptII/ptolemy/domains/continuous/test/auto/Hysteresis.xml (RunModel)" time="0.183" />
  <testcase classname="ptolemy.util.test.junit.AutoTests" name="[62] /home/travis/build/icyphy/ptII/ptolemy/domains/continuous/test/auto/HysteresisWithRandomDelay.xml (RunModel)" time="0.227" />
  <testcase classname="ptolemy.util.test.junit.AutoTests" name="[63] /home/travis/build/icyphy/ptII/ptolemy/domains/continuous/test/auto/HysteresisWithRandomLosses.xml (RunModel)" time="1.915" />
  <testcase classname="ptolemy.util.test.junit.AutoTests" name="[64] /home/travis/build/icyphy/ptII/ptolemy/domains/continuous/test/auto/ImmediateTransitions.xml (RunModel)" time="0.028" />
  <testcase classname="ptolemy.util.test.junit.AutoTests" name="[65] /home/travis/build/icyphy/ptII/ptolemy/domains/continuous/test/auto/ImpulseFeedback.xml (RunModel)" time="0.016" />
  <testcase classname="ptolemy.util.test.junit.AutoTests" name="[66] /home/travis/build/icyphy/ptII/ptolemy/domains/continuous/test/auto/ImpulseFeedback2.xml (RunModel)" time="0.027" />
  <testcase classname="ptolemy.util.test.junit.AutoTests" name="[67] /home/travis/build/icyphy/ptII/ptolemy/domains/continuous/test/auto/IncreasingRatePoisson.xml (RunModel)" time="0.688" />
  <testcase classname="ptolemy.util.test.junit.AutoTests" name="[68] /home/travis/build/icyphy/ptII/ptolemy/domains/continuous/test/auto/InitialStateFeedback.xml (RunModel)" time="0.019" />
  <testcase classname="ptolemy.util.test.junit.AutoTests" name="[69] /home/travis/build/icyphy/ptII/ptolemy/domains/continuous/test/auto/Integration.xml (RunModel)" time="0.014" />
  <testcase classname="ptolemy.util.test.junit.AutoTests" name="[70] /home/travis/build/icyphy/ptII/ptolemy/domains/continuous/test/auto/Integration2.xml (RunModel)" time="0.089" />
  <testcase classname="ptolemy.util.test.junit.AutoTests" name="[71] /home/travis/build/icyphy/ptII/ptolemy/domains/continuous/test/auto/Integration3.xml (RunModel)" time="0.018" />
  <testcase classname="ptolemy.util.test.junit.AutoTests" name="[72] /home/travis/build/icyphy/ptII/ptolemy/domains/continuous/test/auto/Integration5.xml (RunModel)" time="0.024" />
  <testcase classname="ptolemy.util.test.junit.AutoTests" name="[73] /home/travis/build/icyphy/ptII/ptolemy/domains/continuous/test/auto/IntegratorImpulse.xml (RunModel)" time="0.022" />
  <testcase classname="ptolemy.util.test.junit.AutoTests" name="[74] /home/travis/build/icyphy/ptII/ptolemy/domains/continuous/test/auto/IntegratorImpulse2.xml (RunModel)" time="0.014" />
  <testcase classname="ptolemy.util.test.junit.AutoTests" name="[75] /home/travis/build/icyphy/ptII/ptolemy/domains/continuous/test/auto/LevelCrossing1.xml (RunModel)" time="0.012" />
  <testcase classname="ptolemy.util.test.junit.AutoTests" name="[76] /home/travis/build/icyphy/ptII/ptolemy/domains/continuous/test/auto/LevelCrossing2.xml (RunModel)" time="0.016" />
  <testcase classname="ptolemy.util.test.junit.AutoTests" name="[77] /home/travis/build/icyphy/ptII/ptolemy/domains/continuous/test/auto/LevelCrossing3.xml (RunModel)" time="0.012" />
  <testcase classname="ptolemy.util.test.junit.AutoTests" name="[78] /home/travis/build/icyphy/ptII/ptolemy/domains/continuous/test/auto/LevelCrossing4.xml (RunModel)" time="0.013" />
  <testcase classname="ptolemy.util.test.junit.AutoTests" name="[79] /home/travis/build/icyphy/ptII/ptolemy/domains/continuous/test/auto/LevelCrossing5.xml (RunModel)" time="0.018" />
  <testcase classname="ptolemy.util.test.junit.AutoTests" name="[80] /home/travis/build/icyphy/ptII/ptolemy/domains/continuous/test/auto/LevelCrossing6.xml (RunModel)" time="0.036" />
  <testcase classname="ptolemy.util.test.junit.AutoTests" name="[81] /home/travis/build/icyphy/ptII/ptolemy/domains/continuous/test/auto/LevelCrossingDetector.xml (RunModel)" time="0.077" />
  <testcase classname="ptolemy.util.test.junit.AutoTests" name="[82] /home/travis/build/icyphy/ptII/ptolemy/domains/continuous/test/auto/LevelCrossingDetectorDetectingDirections.xml (RunModel)" time="0.139" />
  <testcase classname="ptolemy.util.test.junit.AutoTests" name="[83] /home/travis/build/icyphy/ptII/ptolemy/domains/continuous/test/auto/LevelCrossingDetectorDetectsGlitches.xml (RunModel)" time="0.081" />
  <testcase classname="ptolemy.util.test.junit.AutoTests" name="[84] /home/travis/build/icyphy/ptII/ptolemy/domains/continuous/test/auto/LevelCrossingNoInitialOuput.xml (RunModel)" time="0.018" />
  <testcase classname="ptolemy.util.test.junit.AutoTests" name="[85] /home/travis/build/icyphy/ptII/ptolemy/domains/continuous/test/auto/LinearStateSpaceExample.xml (RunModel)" time="0.05" />
  <testcase classname="ptolemy.util.test.junit.AutoTests" name="[86] /home/travis/build/icyphy/ptII/ptolemy/domains/continuous/test/auto/Lorenz.xml (RunModel)" time="3.872" />
  <testcase classname="ptolemy.util.test.junit.AutoTests" name="[87] /home/travis/build/icyphy/ptII/ptolemy/domains/continuous/test/auto/LorenzDifferentialSystem.xml (RunModel)" time="0.988" />
  <testcase classname="ptolemy.util.test.junit.AutoTests" name="[88] /home/travis/build/icyphy/ptII/ptolemy/domains/continuous/test/auto/LorenzDifferentialSystemWithInput.xml (RunModel)" time="1.333" />
  <testcase classname="ptolemy.util.test.junit.AutoTests" name="[89] /home/travis/build/icyphy/ptII/ptolemy/domains/continuous/test/auto/LorenzDifferentialSystemWithTime.xml (RunModel)" time="0.687" />
  <testcase classname="ptolemy.util.test.junit.AutoTests" name="[90] /home/travis/build/icyphy/ptII/ptolemy/domains/continuous/test/auto/Microsteps.xml (RunModel)" time="0.018" />
  <testcase classname="ptolemy.util.test.junit.AutoTests" name="[91] /home/travis/build/icyphy/ptII/ptolemy/domains/continuous/test/auto/Modal1.xml (RunModel)" time="0.039" />
  <testcase classname="ptolemy.util.test.junit.AutoTests" name="[92] /home/travis/build/icyphy/ptII/ptolemy/domains/continuous/test/auto/Modal2.xml (RunModel)" time="0.034" />
  <testcase classname="ptolemy.util.test.junit.AutoTests" name="[93] /home/travis/build/icyphy/ptII/ptolemy/domains/continuous/test/auto/ModalTransitionGuardWithReset.xml (RunModel)" time="0.034" />
  <testcase classname="ptolemy.util.test.junit.AutoTests" name="[94] /home/travis/build/icyphy/ptII/ptolemy/domains/continuous/test/auto/ModalTransitionGuardWithResetUsingPreemptiveTransition.xml (RunModel)" time="0.025" />
  <testcase classname="ptolemy.util.test.junit.AutoTests" name="[95] /home/travis/build/icyphy/ptII/ptolemy/domains/continuous/test/auto/ModalTransitionGuardWithResetUsingPreemptiveTransition2.xml (RunModel)" time="0.023" />
  <testcase classname="ptolemy.util.test.junit.AutoTests" name="[96] /home/travis/build/icyphy/ptII/ptolemy/domains/continuous/test/auto/ModalTransitionGuardWithResetUsingPreemptiveTransition3.xml (RunModel)" time="0.023" />
  <testcase classname="ptolemy.util.test.junit.AutoTests" name="[97] /home/travis/build/icyphy/ptII/ptolemy/domains/continuous/test/auto/NewtonsCradle.xml (RunModel)" time="0.754" />
  <testcase classname="ptolemy.util.test.junit.AutoTests" name="[98] /home/travis/build/icyphy/ptII/ptolemy/domains/continuous/test/auto/NewtonsCradleAnimated.xml (RunModel)" time="1.241" />
  <testcase classname="ptolemy.util.test.junit.AutoTests" name="[99] /home/travis/build/icyphy/ptII/ptolemy/domains/continuous/test/auto/NewtonsCradleComplicated.xml (RunModel)" time="0.968" />
  <testcase classname="ptolemy.util.test.junit.AutoTests" name="[100] /home/travis/build/icyphy/ptII/ptolemy/domains/continuous/test/auto/NewtonsCradleNondeterministic.xml (RunModel)" time="0.631" />
  <testcase classname="ptolemy.util.test.junit.AutoTests" name="[101] /home/travis/build/icyphy/ptII/ptolemy/domains/continuous/test/auto/NewtonsCradlePerfectlyInelastic1.xml (RunModel)" time="1.158" />
  <testcase classname="ptolemy.util.test.junit.AutoTests" name="[102] /home/travis/build/icyphy/ptII/ptolemy/domains/continuous/test/auto/Noise.xml (RunModel)" time="0.16" />
  <testcase classname="ptolemy.util.test.junit.AutoTests" name="[103] /home/travis/build/icyphy/ptII/ptolemy/domains/continuous/test/auto/NoiseSpectrum.xml (RunModel)" time="0.797" />
  <testcase classname="ptolemy.util.test.junit.AutoTests" name="[104] /home/travis/build/icyphy/ptII/ptolemy/domains/continuous/test/auto/ParameterizedNewtonsCradleAnimated.xml (RunModel)" time="0.32" />
  <testcase classname="ptolemy.util.test.junit.AutoTests" name="[105] /home/travis/build/icyphy/ptII/ptolemy/domains/continuous/test/auto/ParameterizedNewtonsCradleAnimatedNondeterministic.xml (RunModel)" time="1.126" />
  <testcase classname="ptolemy.util.test.junit.AutoTests" name="[106] /home/travis/build/icyphy/ptII/ptolemy/domains/continuous/test/auto/Pendulum3D.xml (RunModel)" time="0.176" />
  <testcase classname="ptolemy.util.test.junit.AutoTests" name="[107] /home/travis/build/icyphy/ptII/ptolemy/domains/continuous/test/auto/PeriodicSampler.xml (RunModel)" time="0.012" />
  <testcase classname="ptolemy.util.test.junit.AutoTests" name="[108] /home/travis/build/icyphy/ptII/ptolemy/domains/continuous/test/auto/PeriodicSampler1.xml (RunModel)" time="0.057" />
  <testcase classname="ptolemy.util.test.junit.AutoTests" name="[109] /home/travis/build/icyphy/ptII/ptolemy/domains/continuous/test/auto/PeriodicSampler2.xml (RunModel)" time="0.072" />
  <testcase classname="ptolemy.util.test.junit.AutoTests" name="[110] /home/travis/build/icyphy/ptII/ptolemy/domains/continuous/test/auto/Poisson.xml (RunModel)" time="0.447" />
  <testcase classname="ptolemy.util.test.junit.AutoTests" name="[111] /home/travis/build/icyphy/ptII/ptolemy/domains/continuous/test/auto/PoissonClock.xml (RunModel)" time="0.013" />
  <testcase classname="ptolemy.util.test.junit.AutoTests" name="[112] /home/travis/build/icyphy/ptII/ptolemy/domains/continuous/test/auto/PoissonClock2.xml (RunModel)" time="0.017" />
  <testcase classname="ptolemy.util.test.junit.AutoTests" name="[113] /home/travis/build/icyphy/ptII/ptolemy/domains/continuous/test/auto/PortParameterHierarchy.xml (RunModel)" time="0.021" />
  <testcase classname="ptolemy.util.test.junit.AutoTests" name="[114] /home/travis/build/icyphy/ptII/ptolemy/domains/continuous/test/auto/RandomHybridPlant.xml (RunModel)" time="0.539" />
  <testcase classname="ptolemy.util.test.junit.AutoTests" name="[115] /home/travis/build/icyphy/ptII/ptolemy/domains/continuous/test/auto/ResetTransitionWithStartTime1.xml (RunModel)" time="0.027" />
  <testcase classname="ptolemy.util.test.junit.AutoTests" name="[116] /home/travis/build/icyphy/ptII/ptolemy/domains/continuous/test/auto/ResetTransitionWithStartTime2.xml (RunModel)" time="0.036" />
  <testcase classname="ptolemy.util.test.junit.AutoTests" name="[117] /home/travis/build/icyphy/ptII/ptolemy/domains/continuous/test/auto/ResetTransitionWithStartTime3.xml (RunModel)" time="0.035" />
  <testcase classname="ptolemy.util.test.junit.AutoTests" name="[118] /home/travis/build/icyphy/ptII/ptolemy/domains/continuous/test/auto/ResetTransitionWithStartTime4.xml (RunModel)" time="0.025" />
  <testcase classname="ptolemy.util.test.junit.AutoTests" name="[119] /home/travis/build/icyphy/ptII/ptolemy/domains/continuous/test/auto/ResetTransitionWithStartTime5.xml (RunModel)" time="0.034" />
  <testcase classname="ptolemy.util.test.junit.AutoTests" name="[120] /home/travis/build/icyphy/ptII/ptolemy/domains/continuous/test/auto/ResetTransitionWithStartTime6.xml (RunModel)" time="0.026" />
  <testcase classname="ptolemy.util.test.junit.AutoTests" name="[121] /home/travis/build/icyphy/ptII/ptolemy/domains/continuous/test/auto/SRinContinuous.xml (RunModel)" time="0.021" />
  <testcase classname="ptolemy.util.test.junit.AutoTests" name="[122] /home/travis/build/icyphy/ptII/ptolemy/domains/continuous/test/auto/SampledClocks.xml (RunModel)" time="0.025" />
  <testcase classname="ptolemy.util.test.junit.AutoTests" name="[123] /home/travis/build/icyphy/ptII/ptolemy/domains/continuous/test/auto/Satellite.xml (RunModel)" time="0.853" />
  <testcase classname="ptolemy.util.test.junit.AutoTests" name="[124] /home/travis/build/icyphy/ptII/ptolemy/domains/continuous/test/auto/SigmaDelta.xml (RunModel)" time="2.487" />
  <testcase classname="ptolemy.util.test.junit.AutoTests" name="[125] /home/travis/build/icyphy/ptII/ptolemy/domains/continuous/test/auto/SingleRefinement.xml (RunModel)" time="0.515" />
  <testcase classname="ptolemy.util.test.junit.AutoTests" name="[126] /home/travis/build/icyphy/ptII/ptolemy/domains/continuous/test/auto/SinuBouncingBall.xml (RunModel)" time="0.876" />
  <testcase classname="ptolemy.util.test.junit.AutoTests" name="[127] /home/travis/build/icyphy/ptII/ptolemy/domains/continuous/test/auto/Sinusoid.xml (RunModel)" time="0.018" />
  <testcase classname="ptolemy.util.test.junit.AutoTests" name="[128] /home/travis/build/icyphy/ptII/ptolemy/domains/continuous/test/auto/SinusoidInNoise.xml (RunModel)" time="1.029" />
  <testcase classname="ptolemy.util.test.junit.AutoTests" name="[129] /home/travis/build/icyphy/ptII/ptolemy/domains/continuous/test/auto/SinusoidRK45.xml (RunModel)" time="0.02" />
  <testcase classname="ptolemy.util.test.junit.AutoTests" name="[130] /home/travis/build/icyphy/ptII/ptolemy/domains/continuous/test/auto/SinusoidWithMultipleImpulses.xml (RunModel)" time="0.012" />
  <testcase classname="ptolemy.util.test.junit.AutoTests" name="[131] /home/travis/build/icyphy/ptII/ptolemy/domains/continuous/test/auto/SquareWave.xml (RunModel)" time="0.166" />
  <testcase classname="ptolemy.util.test.junit.AutoTests" name="[132] /home/travis/build/icyphy/ptII/ptolemy/domains/continuous/test/auto/Starmac.xml (RunModel)" time="3.408" />
  <testcase classname="ptolemy.util.test.junit.AutoTests" name="[133] /home/travis/build/icyphy/ptII/ptolemy/domains/continuous/test/auto/StaticUnits.xml (RunModel)" time="2.438" />
  <testcase classname="ptolemy.util.test.junit.AutoTests" name="[134] /home/travis/build/icyphy/ptII/ptolemy/domains/continuous/test/auto/StickyMasses.xml (RunModel)" time="0.182" />
  <testcase classname="ptolemy.util.test.junit.AutoTests" name="[135] /home/travis/build/icyphy/ptII/ptolemy/domains/continuous/test/auto/StopTime.xml (RunModel)" time="0.058" />
  <testcase classname="ptolemy.util.test.junit.AutoTests" name="[136] /home/travis/build/icyphy/ptII/ptolemy/domains/continuous/test/auto/StopTime2.xml (RunModel)" time="0.051" />
  <testcase classname="ptolemy.util.test.junit.AutoTests" name="[137] /home/travis/build/icyphy/ptII/ptolemy/domains/continuous/test/auto/Switch.xml (RunModel)" time="0.062" />
  <testcase classname="ptolemy.util.test.junit.AutoTests" name="[138] /home/travis/build/icyphy/ptII/ptolemy/domains/continuous/test/auto/Thermostat.xml (RunModel)" time="0.204" />
  <testcase classname="ptolemy.util.test.junit.AutoTests" name="[139] /home/travis/build/icyphy/ptII/ptolemy/domains/continuous/test/auto/TimeDelay.xml (RunModel)" time="0.014" />
  <testcase classname="ptolemy.util.test.junit.AutoTests" name="[140] /home/travis/build/icyphy/ptII/ptolemy/domains/continuous/test/auto/TimeDelay2.xml (RunModel)" time="0.018" />
  <testcase classname="ptolemy.util.test.junit.AutoTests" name="[141] /home/travis/build/icyphy/ptII/ptolemy/domains/continuous/test/auto/TimeDelay3.xml (RunModel)" time="0.013" />
  <testcase classname="ptolemy.util.test.junit.AutoTests" name="[142] /home/travis/build/icyphy/ptII/ptolemy/domains/continuous/test/auto/TransferAbsentToInside.xml (RunModel)" time="0.108" />
  <testcase classname="ptolemy.util.test.junit.AutoTests" name="[143] /home/travis/build/icyphy/ptII/ptolemy/domains/continuous/test/auto/Transmission.xml (RunModel)" time="0.85" />
  <testcase classname="ptolemy.util.test.junit.AutoTests" name="[144] /home/travis/build/icyphy/ptII/ptolemy/domains/continuous/test/auto/TriggeredContinuousClock.xml (RunModel)" time="0.066" />
  <testcase classname="ptolemy.util.test.junit.AutoTests" name="[145] /home/travis/build/icyphy/ptII/ptolemy/domains/continuous/test/auto/TwoMachineInfiniteBusControl.xml (RunModel)" time="2.849" />
  <testcase classname="ptolemy.util.test.junit.AutoTests" name="[146] /home/travis/build/icyphy/ptII/ptolemy/domains/continuous/test/auto/V2V.xml (RunModel)" time="0.823" />
  <testcase classname="ptolemy.util.test.junit.AutoTests" name="[147] /home/travis/build/icyphy/ptII/ptolemy/domains/continuous/test/auto/hierarchicalModalModel.xml (RunModel)" time="0.032" />
  <testcase classname="ptolemy.util.test.junit.AutoTests" name="[148] /home/travis/build/icyphy/ptII/ptolemy/domains/continuous/test/auto/hierarchicalModalModel1.xml (RunModel)" time="0.029" />
  <testcase classname="ptolemy.util.test.junit.AutoTests" name="[149] /home/travis/build/icyphy/ptII/ptolemy/domains/continuous/test/auto/hierarchicalModalModel2.xml (RunModel)" time="0.025" />
  <testcase classname="ptolemy.util.test.junit.AutoTests" name="[150] /home/travis/build/icyphy/ptII/ptolemy/domains/continuous/test/auto/hierarchicalModalModel3.xml (RunModel)" time="0.022" />
  <testcase classname="ptolemy.util.test.junit.AutoTests" name="[151] /home/travis/build/icyphy/ptII/ptolemy/domains/continuous/test/auto/hierarchicalModalModel4.xml (RunModel)" time="0.025" />
  <testcase classname="ptolemy.util.test.junit.AutoTests" name="[152] /home/travis/build/icyphy/ptII/ptolemy/domains/continuous/test/auto/junk.xml (RunModel)" time="0.153" />
  <system-out><![CDATA[No tcl tests in /home/travis/build/icyphy/ptII/ptolemy/domains/continuous/test
No auto/knownFailedTests/*.xml tests in /home/travis/build/icyphy/ptII/ptolemy/domains/continuous/test
No auto/linux-amd64/*.xml tests in /home/travis/build/icyphy/ptII/ptolemy/domains/continuous/test
AutoTests.java: About to close Vertx.
AutoTests.java: Vertx closed.

===========================================================================================
----------------- testing Fri Apr 26 04:07:10 UTC 2019 /home/travis/build/icyphy/ptII/ptolemy/domains/continuous/test/auto/BouncingBall.xml
----------------- Instantiating /home/travis/build/icyphy/ptII/ptolemy/domains/continuous/test/auto/BouncingBall.xml
2390 ms. Memory: 331264K Free: 262379K (79%)
----------------- Invoking toplevel() on ptolemy.moml.MoMLSimpleApplication@78ad9e16
----------------- Done invoking toplevel() on ptolemy.moml.MoMLSimpleApplication@78ad9e16
reloadAllAccessors: .BouncingBall

===========================================================================================
----------------- testing Fri Apr 26 04:07:13 UTC 2019 /home/travis/build/icyphy/ptII/ptolemy/domains/continuous/test/auto/BouncingBallWithoutGR.xml
----------------- Instantiating /home/travis/build/icyphy/ptII/ptolemy/domains/continuous/test/auto/BouncingBallWithoutGR.xml
889 ms. Memory: 331776K Free: 317975K (96%)
----------------- Invoking toplevel() on ptolemy.moml.MoMLSimpleApplication@22500d19
----------------- Done invoking toplevel() on ptolemy.moml.MoMLSimpleApplication@22500d19
reloadAllAccessors: .BouncingBallWithoutGR

===========================================================================================
----------------- testing Fri Apr 26 04:07:14 UTC 2019 /home/travis/build/icyphy/ptII/ptolemy/domains/continuous/test/auto/Brownian.xml
----------------- Instantiating /home/travis/build/icyphy/ptII/ptolemy/domains/continuous/test/auto/Brownian.xml
38 ms. Memory: 331776K Free: 304281K (92%)
----------------- Invoking toplevel() on ptolemy.moml.MoMLSimpleApplication@68a164ce
----------------- Done invoking toplevel() on ptolemy.moml.MoMLSimpleApplication@68a164ce
reloadAllAccessors: .Brownian

===========================================================================================
----------------- testing Fri Apr 26 04:07:14 UTC 2019 /home/travis/build/icyphy/ptII/ptolemy/domains/continuous/test/auto/CarTracking.xml
----------------- Instantiating /home/travis/build/icyphy/ptII/ptolemy/domains/continuous/test/auto/CarTracking.xml
3233 ms. Memory: 578560K Free: 464966K (80%)
----------------- Invoking toplevel() on ptolemy.moml.MoMLSimpleApplication@7edde94c
----------------- Done invoking toplevel() on ptolemy.moml.MoMLSimpleApplication@7edde94c
reloadAllAccessors: .CarTracking

===========================================================================================
----------------- testing Fri Apr 26 04:07:18 UTC 2019 /home/travis/build/icyphy/ptII/ptolemy/domains/continuous/test/auto/CartPendulum.xml
----------------- Instantiating /home/travis/build/icyphy/ptII/ptolemy/domains/continuous/test/auto/CartPendulum.xml
502 ms. Memory: 578560K Free: 354330K (61%)
----------------- Invoking toplevel() on ptolemy.moml.MoMLSimpleApplication@510e405
----------------- Done invoking toplevel() on ptolemy.moml.MoMLSimpleApplication@510e405
reloadAllAccessors: .CartPendulum

===========================================================================================
----------------- testing Fri Apr 26 04:07:19 UTC 2019 /home/travis/build/icyphy/ptII/ptolemy/domains/continuous/test/auto/CausalityInterface10.xml
----------------- Instantiating /home/travis/build/icyphy/ptII/ptolemy/domains/continuous/test/auto/CausalityInterface10.xml
11 ms. Memory: 578560K Free: 341206K (59%)
----------------- Invoking toplevel() on ptolemy.moml.MoMLSimpleApplication@4a8e9ba5
----------------- Done invoking toplevel() on ptolemy.moml.MoMLSimpleApplication@4a8e9ba5
reloadAllAccessors: .CausalityInterface10

===========================================================================================
----------------- testing Fri Apr 26 04:07:19 UTC 2019 /home/travis/build/icyphy/ptII/ptolemy/domains/continuous/test/auto/CausalityInterface11.xml
----------------- Instantiating /home/travis/build/icyphy/ptII/ptolemy/domains/continuous/test/auto/CausalityInterface11.xml
4 ms. Memory: 578560K Free: 331360K (57%)
----------------- Invoking toplevel() on ptolemy.moml.MoMLSimpleApplication@4b932f36
----------------- Done invoking toplevel() on ptolemy.moml.MoMLSimpleApplication@4b932f36
reloadAllAccessors: .CausalityInterface11

===========================================================================================
----------------- testing Fri Apr 26 04:07:19 UTC 2019 /home/travis/build/icyphy/ptII/ptolemy/domains/continuous/test/auto/CausalityInterface12.xml
----------------- Instantiating /home/travis/build/icyphy/ptII/ptolemy/domains/continuous/test/auto/CausalityInterface12.xml
10 ms. Memory: 578560K Free: 318646K (55%)
----------------- Invoking toplevel() on ptolemy.moml.MoMLSimpleApplication@3c2e8437
----------------- Done invoking toplevel() on ptolemy.moml.MoMLSimpleApplication@3c2e8437
reloadAllAccessors: .CausalityInterface12

===========================================================================================
----------------- testing Fri Apr 26 04:07:19 UTC 2019 /home/travis/build/icyphy/ptII/ptolemy/domains/continuous/test/auto/CausalityInterface13.xml
----------------- Instantiating /home/travis/build/icyphy/ptII/ptolemy/domains/continuous/test/auto/CausalityInterface13.xml
8 ms. Memory: 578560K Free: 308807K (53%)
----------------- Invoking toplevel() on ptolemy.moml.MoMLSimpleApplication@5b90f44e
----------------- Done invoking toplevel() on ptolemy.moml.MoMLSimpleApplication@5b90f44e
reloadAllAccessors: .CausalityInterface13

===========================================================================================
----------------- testing Fri Apr 26 04:07:19 UTC 2019 /home/travis/build/icyphy/ptII/ptolemy/domains/continuous/test/auto/CausalityInterface14.xml
----------------- Instantiating /home/travis/build/icyphy/ptII/ptolemy/domains/continuous/test/auto/CausalityInterface14.xml
5 ms. Memory: 578560K Free: 298727K (52%)
----------------- Invoking toplevel() on ptolemy.moml.MoMLSimpleApplication@7e94fe74
----------------- Done invoking toplevel() on ptolemy.moml.MoMLSimpleApplication@7e94fe74
reloadAllAccessors: .CausalityInterface14

===========================================================================================
----------------- testing Fri Apr 26 04:07:19 UTC 2019 /home/travis/build/icyphy/ptII/ptolemy/domains/continuous/test/auto/CausalityInterface4.xml
----------------- Instantiating /home/travis/build/icyphy/ptII/ptolemy/domains/continuous/test/auto/CausalityInterface4.xml
8 ms. Memory: 578560K Free: 288897K (50%)
----------------- Invoking toplevel() on ptolemy.moml.MoMLSimpleApplication@778dddc1
----------------- Done invoking toplevel() on ptolemy.moml.MoMLSimpleApplication@778dddc1
reloadAllAccessors: .CausalityInterface4

===========================================================================================
----------------- testing Fri Apr 26 04:07:19 UTC 2019 /home/travis/build/icyphy/ptII/ptolemy/domains/continuous/test/auto/CausalityInterface5.xml
----------------- Instantiating /home/travis/build/icyphy/ptII/ptolemy/domains/continuous/test/auto/CausalityInterface5.xml
3 ms. Memory: 578560K Free: 272890K (47%)
----------------- Invoking toplevel() on ptolemy.moml.MoMLSimpleApplication@604ef701
----------------- Done invoking toplevel() on ptolemy.moml.MoMLSimpleApplication@604ef701
reloadAllAccessors: .CausalityInterface5

===========================================================================================
----------------- testing Fri Apr 26 04:07:19 UTC 2019 /home/travis/build/icyphy/ptII/ptolemy/domains/continuous/test/auto/CausalityInterface6.xml
----------------- Instantiating /home/travis/build/icyphy/ptII/ptolemy/domains/continuous/test/auto/CausalityInterface6.xml
9 ms. Memory: 578560K Free: 263044K (45%)
----------------- Invoking toplevel() on ptolemy.moml.MoMLSimpleApplication@3bbf927a
----------------- Done invoking toplevel() on ptolemy.moml.MoMLSimpleApplication@3bbf927a
reloadAllAccessors: .CausalityInterface6

===========================================================================================
----------------- testing Fri Apr 26 04:07:19 UTC 2019 /home/travis/build/icyphy/ptII/ptolemy/domains/continuous/test/auto/CausalityInterface7.xml
----------------- Instantiating /home/travis/build/icyphy/ptII/ptolemy/domains/continuous/test/auto/CausalityInterface7.xml
15 ms. Memory: 578560K Free: 249921K (43%)
----------------- Invoking toplevel() on ptolemy.moml.MoMLSimpleApplication@bf9ca97
----------------- Done invoking toplevel() on ptolemy.moml.MoMLSimpleApplication@bf9ca97
reloadAllAccessors: .CausalityInterface7

===========================================================================================
----------------- testing Fri Apr 26 04:07:19 UTC 2019 /home/travis/build/icyphy/ptII/ptolemy/domains/continuous/test/auto/CausalityInterface8.xml
----------------- Instantiating /home/travis/build/icyphy/ptII/ptolemy/domains/continuous/test/auto/CausalityInterface8.xml
8 ms. Memory: 578560K Free: 236773K (41%)
----------------- Invoking toplevel() on ptolemy.moml.MoMLSimpleApplication@5e39f155
----------------- Done invoking toplevel() on ptolemy.moml.MoMLSimpleApplication@5e39f155
reloadAllAccessors: .CausalityInterface8

===========================================================================================
----------------- testing Fri Apr 26 04:07:19 UTC 2019 /home/travis/build/icyphy/ptII/ptolemy/domains/continuous/test/auto/CausalityInterface9.xml
----------------- Instantiating /home/travis/build/icyphy/ptII/ptolemy/domains/continuous/test/auto/CausalityInterface9.xml
8 ms. Memory: 578560K Free: 220767K (38%)
----------------- Invoking toplevel() on ptolemy.moml.MoMLSimpleApplication@6dfd4ed2
----------------- Done invoking toplevel() on ptolemy.moml.MoMLSimpleApplication@6dfd4ed2
reloadAllAccessors: .CausalityInterface9

===========================================================================================
----------------- testing Fri Apr 26 04:07:19 UTC 2019 /home/travis/build/icyphy/ptII/ptolemy/domains/continuous/test/auto/CausalityInterfaceFeedback1.xml
----------------- Instantiating /home/travis/build/icyphy/ptII/ptolemy/domains/continuous/test/auto/CausalityInterfaceFeedback1.xml
6 ms. Memory: 578560K Free: 210936K (36%)
----------------- Invoking toplevel() on ptolemy.moml.MoMLSimpleApplication@5fe14068
----------------- Done invoking toplevel() on ptolemy.moml.MoMLSimpleApplication@5fe14068
reloadAllAccessors: .CausalityInterfaceFeedback1

===========================================================================================
----------------- testing Fri Apr 26 04:07:19 UTC 2019 /home/travis/build/icyphy/ptII/ptolemy/domains/continuous/test/auto/CausalityInterfaceFeedback2.xml
----------------- Instantiating /home/travis/build/icyphy/ptII/ptolemy/domains/continuous/test/auto/CausalityInterfaceFeedback2.xml
8 ms. Memory: 578560K Free: 201090K (35%)
----------------- Invoking toplevel() on ptolemy.moml.MoMLSimpleApplication@7af200bc
----------------- Done invoking toplevel() on ptolemy.moml.MoMLSimpleApplication@7af200bc
reloadAllAccessors: .CausalityInterfaceFeedback2

===========================================================================================
----------------- testing Fri Apr 26 04:07:19 UTC 2019 /home/travis/build/icyphy/ptII/ptolemy/domains/continuous/test/auto/CompareWithCurrentTime.xml
----------------- Instantiating /home/travis/build/icyphy/ptII/ptolemy/domains/continuous/test/auto/CompareWithCurrentTime.xml
3 ms. Memory: 578560K Free: 191653K (33%)
----------------- Invoking toplevel() on ptolemy.moml.MoMLSimpleApplication@589c0561
----------------- Done invoking toplevel() on ptolemy.moml.MoMLSimpleApplication@589c0561
reloadAllAccessors: .CompareWithCurrentTime

===========================================================================================
----------------- testing Fri Apr 26 04:07:19 UTC 2019 /home/travis/build/icyphy/ptII/ptolemy/domains/continuous/test/auto/ComparedClocks.xml
----------------- Instantiating /home/travis/build/icyphy/ptII/ptolemy/domains/continuous/test/auto/ComparedClocks.xml
13 ms. Memory: 578560K Free: 171968K (30%)
----------------- Invoking toplevel() on ptolemy.moml.MoMLSimpleApplication@77e7e40a
----------------- Done invoking toplevel() on ptolemy.moml.MoMLSimpleApplication@77e7e40a
reloadAllAccessors: .ComparedClocks

===========================================================================================
----------------- testing Fri Apr 26 04:07:19 UTC 2019 /home/travis/build/icyphy/ptII/ptolemy/domains/continuous/test/auto/ContinuousAOCClone.xml
----------------- Instantiating /home/travis/build/icyphy/ptII/ptolemy/domains/continuous/test/auto/ContinuousAOCClone.xml
2500 ms. Memory: 872960K Free: 443512K (51%)
----------------- Invoking toplevel() on ptolemy.moml.MoMLSimpleApplication@3d90cb4
----------------- Done invoking toplevel() on ptolemy.moml.MoMLSimpleApplication@3d90cb4
reloadAllAccessors: .ContinuousAOCClone

===========================================================================================
----------------- testing Fri Apr 26 04:07:22 UTC 2019 /home/travis/build/icyphy/ptII/ptolemy/domains/continuous/test/auto/ContinuousClock.xml
----------------- Instantiating /home/travis/build/icyphy/ptII/ptolemy/domains/continuous/test/auto/ContinuousClock.xml
41 ms. Memory: 872960K Free: 409267K (47%)
----------------- Invoking toplevel() on ptolemy.moml.MoMLSimpleApplication@8b014a4
----------------- Done invoking toplevel() on ptolemy.moml.MoMLSimpleApplication@8b014a4
reloadAllAccessors: .ContinuousClock

===========================================================================================
----------------- testing Fri Apr 26 04:07:22 UTC 2019 /home/travis/build/icyphy/ptII/ptolemy/domains/continuous/test/auto/ContinuousInContinuous.xml
----------------- Instantiating /home/travis/build/icyphy/ptII/ptolemy/domains/continuous/test/auto/ContinuousInContinuous.xml
54 ms. Memory: 872960K Free: 381712K (44%)
----------------- Invoking toplevel() on ptolemy.moml.MoMLSimpleApplication@3d30c6e8
----------------- Done invoking toplevel() on ptolemy.moml.MoMLSimpleApplication@3d30c6e8
reloadAllAccessors: .ContinuousInContinuous

===========================================================================================
----------------- testing Fri Apr 26 04:07:22 UTC 2019 /home/travis/build/icyphy/ptII/ptolemy/domains/continuous/test/auto/ContinuousInContinuousInContinuous.xml
----------------- Instantiating /home/travis/build/icyphy/ptII/ptolemy/domains/continuous/test/auto/ContinuousInContinuousInContinuous.xml
9 ms. Memory: 872960K Free: 369907K (42%)
----------------- Invoking toplevel() on ptolemy.moml.MoMLSimpleApplication@78e7a59e
----------------- Done invoking toplevel() on ptolemy.moml.MoMLSimpleApplication@78e7a59e
reloadAllAccessors: .ContinuousInContinuousInContinuous

===========================================================================================
----------------- testing Fri Apr 26 04:07:22 UTC 2019 /home/travis/build/icyphy/ptII/ptolemy/domains/continuous/test/auto/ContinuousInDE.xml
----------------- Instantiating /home/travis/build/icyphy/ptII/ptolemy/domains/continuous/test/auto/ContinuousInDE.xml
121 ms. Memory: 872960K Free: 351047K (40%)
----------------- Invoking toplevel() on ptolemy.moml.MoMLSimpleApplication@ba3fc59
----------------- Done invoking toplevel() on ptolemy.moml.MoMLSimpleApplication@ba3fc59
reloadAllAccessors: .ContinuousInDE

===========================================================================================
----------------- testing Fri Apr 26 04:07:22 UTC 2019 /home/travis/build/icyphy/ptII/ptolemy/domains/continuous/test/auto/ContinuousInDE2.xml
----------------- Instantiating /home/travis/build/icyphy/ptII/ptolemy/domains/continuous/test/auto/ContinuousInDE2.xml
43 ms. Memory: 872960K Free: 339258K (39%)
----------------- Invoking toplevel() on ptolemy.moml.MoMLSimpleApplication@6a7b395e
----------------- Done invoking toplevel() on ptolemy.moml.MoMLSimpleApplication@6a7b395e
reloadAllAccessors: .ContinuousInDE2

===========================================================================================
----------------- testing Fri Apr 26 04:07:22 UTC 2019 /home/travis/build/icyphy/ptII/ptolemy/domains/continuous/test/auto/ContinuousInDE3.xml
----------------- Instantiating /home/travis/build/icyphy/ptII/ptolemy/domains/continuous/test/auto/ContinuousInDE3.xml
35 ms. Memory: 872960K Free: 327469K (38%)
----------------- Invoking toplevel() on ptolemy.moml.MoMLSimpleApplication@adaa9a2
----------------- Done invoking toplevel() on ptolemy.moml.MoMLSimpleApplication@adaa9a2
reloadAllAccessors: .ContinuousInDE3

===========================================================================================
----------------- testing Fri Apr 26 04:07:22 UTC 2019 /home/travis/build/icyphy/ptII/ptolemy/domains/continuous/test/auto/ContinuousInDE4.xml
----------------- Instantiating /home/travis/build/icyphy/ptII/ptolemy/domains/continuous/test/auto/ContinuousInDE4.xml
15 ms. Memory: 872960K Free: 319610K (37%)
----------------- Invoking toplevel() on ptolemy.moml.MoMLSimpleApplication@3028166b
----------------- Done invoking toplevel() on ptolemy.moml.MoMLSimpleApplication@3028166b
reloadAllAccessors: .ContinuousInDE4

===========================================================================================
----------------- testing Fri Apr 26 04:07:23 UTC 2019 /home/travis/build/icyphy/ptII/ptolemy/domains/continuous/test/auto/ContinuousInDEDifferentRefinements.xml
----------------- Instantiating /home/travis/build/icyphy/ptII/ptolemy/domains/continuous/test/auto/ContinuousInDEDifferentRefinements.xml
77 ms. Memory: 872960K Free: 281045K (32%)
----------------- Invoking toplevel() on ptolemy.moml.MoMLSimpleApplication@5aa82e74
----------------- Done invoking toplevel() on ptolemy.moml.MoMLSimpleApplication@5aa82e74
reloadAllAccessors: .ContinuousInDEDifferentRefinements

===========================================================================================
----------------- testing Fri Apr 26 04:07:23 UTC 2019 /home/travis/build/icyphy/ptII/ptolemy/domains/continuous/test/auto/ContinuousInDEDifferentRefinementsPreemptive.xml
----------------- Instantiating /home/travis/build/icyphy/ptII/ptolemy/domains/continuous/test/auto/ContinuousInDEDifferentRefinementsPreemptive.xml
47 ms. Memory: 872960K Free: 245599K (28%)
----------------- Invoking toplevel() on ptolemy.moml.MoMLSimpleApplication@c4c298f
----------------- Done invoking toplevel() on ptolemy.moml.MoMLSimpleApplication@c4c298f
reloadAllAccessors: .ContinuousInDEDifferentRefinementsPreemptive

===========================================================================================
----------------- testing Fri Apr 26 04:07:23 UTC 2019 /home/travis/build/icyphy/ptII/ptolemy/domains/continuous/test/auto/ContinuousInDEInContinuous2.xml
----------------- Instantiating /home/travis/build/icyphy/ptII/ptolemy/domains/continuous/test/auto/ContinuousInDEInContinuous2.xml
34 ms. Memory: 872960K Free: 229864K (26%)
----------------- Invoking toplevel() on ptolemy.moml.MoMLSimpleApplication@484671d0
----------------- Done invoking toplevel() on ptolemy.moml.MoMLSimpleApplication@484671d0
reloadAllAccessors: .ContinuousInDEInContinuous2

===========================================================================================
----------------- testing Fri Apr 26 04:07:23 UTC 2019 /home/travis/build/icyphy/ptII/ptolemy/domains/continuous/test/auto/ContinuousInDEInContinuous3.xml
----------------- Instantiating /home/travis/build/icyphy/ptII/ptolemy/domains/continuous/test/auto/ContinuousInDEInContinuous3.xml
31 ms. Memory: 872960K Free: 214145K (25%)
----------------- Invoking toplevel() on ptolemy.moml.MoMLSimpleApplication@6f60f556
----------------- Done invoking toplevel() on ptolemy.moml.MoMLSimpleApplication@6f60f556
reloadAllAccessors: .ContinuousInDEInContinuous3

===========================================================================================
----------------- testing Fri Apr 26 04:07:23 UTC 2019 /home/travis/build/icyphy/ptII/ptolemy/domains/continuous/test/auto/ContinuousInDEInput.xml
----------------- Instantiating /home/travis/build/icyphy/ptII/ptolemy/domains/continuous/test/auto/ContinuousInDEInput.xml
14 ms. Memory: 872960K Free: 199214K (23%)
----------------- Invoking toplevel() on ptolemy.moml.MoMLSimpleApplication@66c7872d
----------------- Done invoking toplevel() on ptolemy.moml.MoMLSimpleApplication@66c7872d
reloadAllAccessors: .ContinuousInDEInput

===========================================================================================
----------------- testing Fri Apr 26 04:07:23 UTC 2019 /home/travis/build/icyphy/ptII/ptolemy/domains/continuous/test/auto/ContinuousInDEInput2.xml
----------------- Instantiating /home/travis/build/icyphy/ptII/ptolemy/domains/continuous/test/auto/ContinuousInDEInput2.xml
17 ms. Memory: 872960K Free: 187425K (21%)
----------------- Invoking toplevel() on ptolemy.moml.MoMLSimpleApplication@201bf758
----------------- Done invoking toplevel() on ptolemy.moml.MoMLSimpleApplication@201bf758
reloadAllAccessors: .ContinuousInDEInput2

===========================================================================================
----------------- testing Fri Apr 26 04:07:23 UTC 2019 /home/travis/build/icyphy/ptII/ptolemy/domains/continuous/test/auto/ContinuousInDEInput3.xml
----------------- Instantiating /home/travis/build/icyphy/ptII/ptolemy/domains/continuous/test/auto/ContinuousInDEInput3.xml
12 ms. Memory: 872960K Free: 175621K (20%)
----------------- Invoking toplevel() on ptolemy.moml.MoMLSimpleApplication@6a0b2861
----------------- Done invoking toplevel() on ptolemy.moml.MoMLSimpleApplication@6a0b2861
reloadAllAccessors: .ContinuousInDEInput3

===========================================================================================
----------------- testing Fri Apr 26 04:07:23 UTC 2019 /home/travis/build/icyphy/ptII/ptolemy/domains/continuous/test/auto/ContinuousInDESharingRefinement.xml
----------------- Instantiating /home/travis/build/icyphy/ptII/ptolemy/domains/continuous/test/auto/ContinuousInDESharingRefinement.xml
145 ms. Memory: 872960K Free: 77132K (9%)
----------------- Invoking toplevel() on ptolemy.moml.MoMLSimpleApplication@7ec12c53
----------------- Done invoking toplevel() on ptolemy.moml.MoMLSimpleApplication@7ec12c53
reloadAllAccessors: .ContinuousInDESharingRefinement

===========================================================================================
----------------- testing Fri Apr 26 04:07:23 UTC 2019 /home/travis/build/icyphy/ptII/ptolemy/domains/continuous/test/auto/ContinuousInDEwithNoPorts.xml
----------------- Instantiating /home/travis/build/icyphy/ptII/ptolemy/domains/continuous/test/auto/ContinuousInDEwithNoPorts.xml
6 ms. Memory: 829952K Free: 808568K (97%)
----------------- Invoking toplevel() on ptolemy.moml.MoMLSimpleApplication@32e7f0fb
----------------- Done invoking toplevel() on ptolemy.moml.MoMLSimpleApplication@32e7f0fb
reloadAllAccessors: .ContinuousInDEwithNoPorts

===========================================================================================
----------------- testing Fri Apr 26 04:07:23 UTC 2019 /home/travis/build/icyphy/ptII/ptolemy/domains/continuous/test/auto/ContinuousInsideDE.xml
----------------- Instantiating /home/travis/build/icyphy/ptII/ptolemy/domains/continuous/test/auto/ContinuousInsideDE.xml
53 ms. Memory: 829952K Free: 791531K (95%)
----------------- Invoking toplevel() on ptolemy.moml.MoMLSimpleApplication@2337c46f
----------------- Done invoking toplevel() on ptolemy.moml.MoMLSimpleApplication@2337c46f
reloadAllAccessors: .ContinuousInsideDE

===========================================================================================
----------------- testing Fri Apr 26 04:07:23 UTC 2019 /home/travis/build/icyphy/ptII/ptolemy/domains/continuous/test/auto/ContinuousMerge1.xml
----------------- Instantiating /home/travis/build/icyphy/ptII/ptolemy/domains/continuous/test/auto/ContinuousMerge1.xml
2 ms. Memory: 829952K Free: 781550K (94%)
----------------- Invoking toplevel() on ptolemy.moml.MoMLSimpleApplication@10a933be
----------------- Done invoking toplevel() on ptolemy.moml.MoMLSimpleApplication@10a933be
reloadAllAccessors: .ContinuousMerge1

===========================================================================================
----------------- testing Fri Apr 26 04:07:23 UTC 2019 /home/travis/build/icyphy/ptII/ptolemy/domains/continuous/test/auto/ContinuousMerge2.xml
----------------- Instantiating /home/travis/build/icyphy/ptII/ptolemy/domains/continuous/test/auto/ContinuousMerge2.xml
20 ms. Memory: 829952K Free: 764374K (92%)
----------------- Invoking toplevel() on ptolemy.moml.MoMLSimpleApplication@e6f4264
----------------- Done invoking toplevel() on ptolemy.moml.MoMLSimpleApplication@e6f4264
reloadAllAccessors: .ContinuousMerge2

===========================================================================================
----------------- testing Fri Apr 26 04:07:23 UTC 2019 /home/travis/build/icyphy/ptII/ptolemy/domains/continuous/test/auto/ContinuousMerge3.xml
----------------- Instantiating /home/travis/build/icyphy/ptII/ptolemy/domains/continuous/test/auto/ContinuousMerge3.xml
37 ms. Memory: 829952K Free: 749403K (90%)
----------------- Invoking toplevel() on ptolemy.moml.MoMLSimpleApplication@77046c42
----------------- Done invoking toplevel() on ptolemy.moml.MoMLSimpleApplication@77046c42
reloadAllAccessors: .ContinuousMerge3

===========================================================================================
----------------- testing Fri Apr 26 04:07:23 UTC 2019 /home/travis/build/icyphy/ptII/ptolemy/domains/continuous/test/auto/ContinuousWithinContinuous.xml
----------------- Instantiating /home/travis/build/icyphy/ptII/ptolemy/domains/continuous/test/auto/ContinuousWithinContinuous.xml
34 ms. Memory: 829952K Free: 739422K (89%)
----------------- Invoking toplevel() on ptolemy.moml.MoMLSimpleApplication@3d73f231
----------------- Done invoking toplevel() on ptolemy.moml.MoMLSimpleApplication@3d73f231
reloadAllAccessors: .ContinuousWithinContinuous

===========================================================================================
----------------- testing Fri Apr 26 04:07:24 UTC 2019 /home/travis/build/icyphy/ptII/ptolemy/domains/continuous/test/auto/ContinuousWithinContinuous2.xml
----------------- Instantiating /home/travis/build/icyphy/ptII/ptolemy/domains/continuous/test/auto/ContinuousWithinContinuous2.xml
59 ms. Memory: 829952K Free: 722401K (87%)
----------------- Invoking toplevel() on ptolemy.moml.MoMLSimpleApplication@3c6ad9de
----------------- Done invoking toplevel() on ptolemy.moml.MoMLSimpleApplication@3c6ad9de
reloadAllAccessors: .ContinuousWithinContinuous2

===========================================================================================
----------------- testing Fri Apr 26 04:07:24 UTC 2019 /home/travis/build/icyphy/ptII/ptolemy/domains/continuous/test/auto/ContinuousWithinContinuous3.xml
----------------- Instantiating /home/travis/build/icyphy/ptII/ptolemy/domains/continuous/test/auto/ContinuousWithinContinuous3.xml
14 ms. Memory: 829952K Free: 712420K (86%)
----------------- Invoking toplevel() on ptolemy.moml.MoMLSimpleApplication@2db306a2
----------------- Done invoking toplevel() on ptolemy.moml.MoMLSimpleApplication@2db306a2
reloadAllAccessors: .ContinuousWithinContinuous3

===========================================================================================
----------------- testing Fri Apr 26 04:07:24 UTC 2019 /home/travis/build/icyphy/ptII/ptolemy/domains/continuous/test/auto/ContinuousWithinContinuous4.xml
----------------- Instantiating /home/travis/build/icyphy/ptII/ptolemy/domains/continuous/test/auto/ContinuousWithinContinuous4.xml
58 ms. Memory: 829952K Free: 695399K (84%)
----------------- Invoking toplevel() on ptolemy.moml.MoMLSimpleApplication@2edaf80b
----------------- Done invoking toplevel() on ptolemy.moml.MoMLSimpleApplication@2edaf80b
reloadAllAccessors: .ContinuousWithinContinuous4

===========================================================================================
----------------- testing Fri Apr 26 04:07:24 UTC 2019 /home/travis/build/icyphy/ptII/ptolemy/domains/continuous/test/auto/ContinuousWithinContinuous5.xml
----------------- Instantiating /home/travis/build/icyphy/ptII/ptolemy/domains/continuous/test/auto/ContinuousWithinContinuous5.xml
12 ms. Memory: 829952K Free: 680412K (82%)
----------------- Invoking toplevel() on ptolemy.moml.MoMLSimpleApplication@539d95fe
----------------- Done invoking toplevel() on ptolemy.moml.MoMLSimpleApplication@539d95fe
reloadAllAccessors: .ContinuousWithinContinuous5

===========================================================================================
----------------- testing Fri Apr 26 04:07:24 UTC 2019 /home/travis/build/icyphy/ptII/ptolemy/domains/continuous/test/auto/ContinuousWithinContinuous6.xml
----------------- Instantiating /home/travis/build/icyphy/ptII/ptolemy/domains/continuous/test/auto/ContinuousWithinContinuous6.xml
10 ms. Memory: 829952K Free: 670431K (81%)
----------------- Invoking toplevel() on ptolemy.moml.MoMLSimpleApplication@2be22136
----------------- Done invoking toplevel() on ptolemy.moml.MoMLSimpleApplication@2be22136
reloadAllAccessors: .ContinuousWithinContinuous6

===========================================================================================
----------------- testing Fri Apr 26 04:07:24 UTC 2019 /home/travis/build/icyphy/ptII/ptolemy/domains/continuous/test/auto/ContinuousWithinContinuous7.xml
----------------- Instantiating /home/travis/build/icyphy/ptII/ptolemy/domains/continuous/test/auto/ContinuousWithinContinuous7.xml
48 ms. Memory: 829952K Free: 653409K (79%)
----------------- Invoking toplevel() on ptolemy.moml.MoMLSimpleApplication@3bf3839a
----------------- Done invoking toplevel() on ptolemy.moml.MoMLSimpleApplication@3bf3839a
reloadAllAccessors: .ContinuousWithinContinuous7

===========================================================================================
----------------- testing Fri Apr 26 04:07:24 UTC 2019 /home/travis/build/icyphy/ptII/ptolemy/domains/continuous/test/auto/DCMotor.xml
----------------- Instantiating /home/travis/build/icyphy/ptII/ptolemy/domains/continuous/test/auto/DCMotor.xml
13324 ms. Memory: 668160K Free: 622394K (93%)
----------------- Invoking toplevel() on ptolemy.moml.MoMLSimpleApplication@c613791
----------------- Done invoking toplevel() on ptolemy.moml.MoMLSimpleApplication@c613791
reloadAllAccessors: .DCMotor

===========================================================================================
----------------- testing Fri Apr 26 04:07:37 UTC 2019 /home/travis/build/icyphy/ptII/ptolemy/domains/continuous/test/auto/DEInContinuous.xml
----------------- Instantiating /home/travis/build/icyphy/ptII/ptolemy/domains/continuous/test/auto/DEInContinuous.xml
7 ms. Memory: 668160K Free: 607416K (91%)
----------------- Invoking toplevel() on ptolemy.moml.MoMLSimpleApplication@13ce78df
----------------- Done invoking toplevel() on ptolemy.moml.MoMLSimpleApplication@13ce78df
reloadAllAccessors: .DEInContinuous

===========================================================================================
----------------- testing Fri Apr 26 04:07:37 UTC 2019 /home/travis/build/icyphy/ptII/ptolemy/domains/continuous/test/auto/DEinContinuous2.xml
----------------- Instantiating /home/travis/build/icyphy/ptII/ptolemy/domains/continuous/test/auto/DEinContinuous2.xml
6 ms. Memory: 668160K Free: 588706K (88%)
----------------- Invoking toplevel() on ptolemy.moml.MoMLSimpleApplication@1a5b683c
----------------- Done invoking toplevel() on ptolemy.moml.MoMLSimpleApplication@1a5b683c
reloadAllAccessors: .DEinContinuous2

===========================================================================================
----------------- testing Fri Apr 26 04:07:37 UTC 2019 /home/travis/build/icyphy/ptII/ptolemy/domains/continuous/test/auto/Derivative.xml
----------------- Instantiating /home/travis/build/icyphy/ptII/ptolemy/domains/continuous/test/auto/Derivative.xml
156 ms. Memory: 668160K Free: 552334K (83%)
----------------- Invoking toplevel() on ptolemy.moml.MoMLSimpleApplication@7b6d5d06
----------------- Done invoking toplevel() on ptolemy.moml.MoMLSimpleApplication@7b6d5d06
reloadAllAccessors: .Derivative2

===========================================================================================
----------------- testing Fri Apr 26 04:07:38 UTC 2019 /home/travis/build/icyphy/ptII/ptolemy/domains/continuous/test/auto/Derivative1.xml
----------------- Instantiating /home/travis/build/icyphy/ptII/ptolemy/domains/continuous/test/auto/Derivative1.xml
18 ms. Memory: 668160K Free: 533632K (80%)
----------------- Invoking toplevel() on ptolemy.moml.MoMLSimpleApplication@5d1544af
----------------- Done invoking toplevel() on ptolemy.moml.MoMLSimpleApplication@5d1544af
reloadAllAccessors: .Derivative1

===========================================================================================
----------------- testing Fri Apr 26 04:07:38 UTC 2019 /home/travis/build/icyphy/ptII/ptolemy/domains/continuous/test/auto/DiscreteClock.xml
----------------- Instantiating /home/travis/build/icyphy/ptII/ptolemy/domains/continuous/test/auto/DiscreteClock.xml
5 ms. Memory: 668160K Free: 521897K (78%)
----------------- Invoking toplevel() on ptolemy.moml.MoMLSimpleApplication@7a214eea
----------------- Done invoking toplevel() on ptolemy.moml.MoMLSimpleApplication@7a214eea
reloadAllAccessors: .DiscreteClock

===========================================================================================
----------------- testing Fri Apr 26 04:07:38 UTC 2019 /home/travis/build/icyphy/ptII/ptolemy/domains/continuous/test/auto/EfficiencyCurve.xml
----------------- Instantiating /home/travis/build/icyphy/ptII/ptolemy/domains/continuous/test/auto/EfficiencyCurve.xml
70 ms. Memory: 668160K Free: 509071K (76%)
----------------- Invoking toplevel() on ptolemy.moml.MoMLSimpleApplication@3aaa6c3f
----------------- Done invoking toplevel() on ptolemy.moml.MoMLSimpleApplication@3aaa6c3f
reloadAllAccessors: .EfficiencyCurve

===========================================================================================
----------------- testing Fri Apr 26 04:07:38 UTC 2019 /home/travis/build/icyphy/ptII/ptolemy/domains/continuous/test/auto/ExponentialResponse.xml
----------------- Instantiating /home/travis/build/icyphy/ptII/ptolemy/domains/continuous/test/auto/ExponentialResponse.xml
98 ms. Memory: 668160K Free: 484509K (73%)
----------------- Invoking toplevel() on ptolemy.moml.MoMLSimpleApplication@2e69889e
----------------- Done invoking toplevel() on ptolemy.moml.MoMLSimpleApplication@2e69889e
reloadAllAccessors: .ExponentialResponse

===========================================================================================
----------------- testing Fri Apr 26 04:07:38 UTC 2019 /home/travis/build/icyphy/ptII/ptolemy/domains/continuous/test/auto/ExponentialResponseRK45.xml
----------------- Instantiating /home/travis/build/icyphy/ptII/ptolemy/domains/continuous/test/auto/ExponentialResponseRK45.xml
27 ms. Memory: 668160K Free: 471682K (71%)
----------------- Invoking toplevel() on ptolemy.moml.MoMLSimpleApplication@1ad5a
----------------- Done invoking toplevel() on ptolemy.moml.MoMLSimpleApplication@1ad5a
reloadAllAccessors: .ExponentialResponseRK45

===========================================================================================
----------------- testing Fri Apr 26 04:07:38 UTC 2019 /home/travis/build/icyphy/ptII/ptolemy/domains/continuous/test/auto/Friction.xml
----------------- Instantiating /home/travis/build/icyphy/ptII/ptolemy/domains/continuous/test/auto/Friction.xml
1460 ms. Memory: 647168K Free: 594811K (92%)
----------------- Invoking toplevel() on ptolemy.moml.MoMLSimpleApplication@6b43ed4a
----------------- Done invoking toplevel() on ptolemy.moml.MoMLSimpleApplication@6b43ed4a
reloadAllAccessors: .Friction

===========================================================================================
----------------- testing Fri Apr 26 04:07:39 UTC 2019 /home/travis/build/icyphy/ptII/ptolemy/domains/continuous/test/auto/FurutaPendulum.xml
----------------- Instantiating /home/travis/build/icyphy/ptII/ptolemy/domains/continuous/test/auto/FurutaPendulum.xml
2988 ms. Memory: 647168K Free: 101829K (16%)
----------------- Invoking toplevel() on ptolemy.moml.MoMLSimpleApplication@742e4755
----------------- Done invoking toplevel() on ptolemy.moml.MoMLSimpleApplication@742e4755
reloadAllAccessors: .FurutaPendulum

===========================================================================================
----------------- testing Fri Apr 26 04:07:43 UTC 2019 /home/travis/build/icyphy/ptII/ptolemy/domains/continuous/test/auto/HierarchicalExecution.xml
----------------- Instantiating /home/travis/build/icyphy/ptII/ptolemy/domains/continuous/test/auto/HierarchicalExecution.xml
1595 ms. Memory: 620544K Free: 332345K (54%)
----------------- Invoking toplevel() on ptolemy.moml.MoMLSimpleApplication@123bb5b
----------------- Done invoking toplevel() on ptolemy.moml.MoMLSimpleApplication@123bb5b
reloadAllAccessors: .HierarchicalExecution

===========================================================================================
----------------- testing Fri Apr 26 04:07:44 UTC 2019 /home/travis/build/icyphy/ptII/ptolemy/domains/continuous/test/auto/HybridPlant.xml
----------------- Instantiating /home/travis/build/icyphy/ptII/ptolemy/domains/continuous/test/auto/HybridPlant.xml
493 ms. Memory: 594432K Free: 561714K (94%)
----------------- Invoking toplevel() on ptolemy.moml.MoMLSimpleApplication@20cd46f0
----------------- Done invoking toplevel() on ptolemy.moml.MoMLSimpleApplication@20cd46f0
reloadAllAccessors: .HybridPlant

===========================================================================================
----------------- testing Fri Apr 26 04:07:45 UTC 2019 /home/travis/build/icyphy/ptII/ptolemy/domains/continuous/test/auto/Hysteresis.xml
----------------- Instantiating /home/travis/build/icyphy/ptII/ptolemy/domains/continuous/test/auto/Hysteresis.xml
143 ms. Memory: 594432K Free: 494490K (83%)
----------------- Invoking toplevel() on ptolemy.moml.MoMLSimpleApplication@3e5ab0b6
----------------- Done invoking toplevel() on ptolemy.moml.MoMLSimpleApplication@3e5ab0b6
reloadAllAccessors: .Hysteresis

===========================================================================================
----------------- testing Fri Apr 26 04:07:45 UTC 2019 /home/travis/build/icyphy/ptII/ptolemy/domains/continuous/test/auto/HysteresisWithRandomDelay.xml
----------------- Instantiating /home/travis/build/icyphy/ptII/ptolemy/domains/continuous/test/auto/HysteresisWithRandomDelay.xml
170 ms. Memory: 594432K Free: 418906K (70%)
----------------- Invoking toplevel() on ptolemy.moml.MoMLSimpleApplication@59bcb54f
----------------- Done invoking toplevel() on ptolemy.moml.MoMLSimpleApplication@59bcb54f
reloadAllAccessors: .HysteresisWithRandomDelay

===========================================================================================
----------------- testing Fri Apr 26 04:07:45 UTC 2019 /home/travis/build/icyphy/ptII/ptolemy/domains/continuous/test/auto/HysteresisWithRandomLosses.xml
----------------- Instantiating /home/travis/build/icyphy/ptII/ptolemy/domains/continuous/test/auto/HysteresisWithRandomLosses.xml
1843 ms. Memory: 568320K Free: 136655K (24%)
----------------- Invoking toplevel() on ptolemy.moml.MoMLSimpleApplication@3fd0e4df
----------------- Done invoking toplevel() on ptolemy.moml.MoMLSimpleApplication@3fd0e4df
reloadAllAccessors: .HysteresisWithRandomLosses

===========================================================================================
----------------- testing Fri Apr 26 04:07:47 UTC 2019 /home/travis/build/icyphy/ptII/ptolemy/domains/continuous/test/auto/ImmediateTransitions.xml
----------------- Instantiating /home/travis/build/icyphy/ptII/ptolemy/domains/continuous/test/auto/ImmediateTransitions.xml
8 ms. Memory: 568320K Free: 117638K (21%)
----------------- Invoking toplevel() on ptolemy.moml.MoMLSimpleApplication@1bce4f4e
----------------- Done invoking toplevel() on ptolemy.moml.MoMLSimpleApplication@1bce4f4e
reloadAllAccessors: .ImmediateTransitions

===========================================================================================
----------------- testing Fri Apr 26 04:07:47 UTC 2019 /home/travis/build/icyphy/ptII/ptolemy/domains/continuous/test/auto/ImpulseFeedback.xml
----------------- Instantiating /home/travis/build/icyphy/ptII/ptolemy/domains/continuous/test/auto/ImpulseFeedback.xml
6 ms. Memory: 568320K Free: 107145K (19%)
----------------- Invoking toplevel() on ptolemy.moml.MoMLSimpleApplication@4c1d4990
----------------- Done invoking toplevel() on ptolemy.moml.MoMLSimpleApplication@4c1d4990
reloadAllAccessors: .ImpulseFeedback

===========================================================================================
----------------- testing Fri Apr 26 04:07:47 UTC 2019 /home/travis/build/icyphy/ptII/ptolemy/domains/continuous/test/auto/ImpulseFeedback2.xml
----------------- Instantiating /home/travis/build/icyphy/ptII/ptolemy/domains/continuous/test/auto/ImpulseFeedback2.xml
14 ms. Memory: 568320K Free: 96665K (17%)
----------------- Invoking toplevel() on ptolemy.moml.MoMLSimpleApplication@c02aa88
----------------- Done invoking toplevel() on ptolemy.moml.MoMLSimpleApplication@c02aa88
reloadAllAccessors: .ImpulseFeedback2

===========================================================================================
----------------- testing Fri Apr 26 04:07:47 UTC 2019 /home/travis/build/icyphy/ptII/ptolemy/domains/continuous/test/auto/IncreasingRatePoisson.xml
----------------- Instantiating /home/travis/build/icyphy/ptII/ptolemy/domains/continuous/test/auto/IncreasingRatePoisson.xml
663 ms. Memory: 543232K Free: 221471K (41%)
----------------- Invoking toplevel() on ptolemy.moml.MoMLSimpleApplication@7a88634e
----------------- Done invoking toplevel() on ptolemy.moml.MoMLSimpleApplication@7a88634e
reloadAllAccessors: .IncreasingRatePoisson

===========================================================================================
----------------- testing Fri Apr 26 04:07:48 UTC 2019 /home/travis/build/icyphy/ptII/ptolemy/domains/continuous/test/auto/InitialStateFeedback.xml
----------------- Instantiating /home/travis/build/icyphy/ptII/ptolemy/domains/continuous/test/auto/InitialStateFeedback.xml
7 ms. Memory: 543232K Free: 212045K (39%)
----------------- Invoking toplevel() on ptolemy.moml.MoMLSimpleApplication@5962f6d7
----------------- Done invoking toplevel() on ptolemy.moml.MoMLSimpleApplication@5962f6d7
reloadAllAccessors: .InitialStateFeedback

===========================================================================================
----------------- testing Fri Apr 26 04:07:48 UTC 2019 /home/travis/build/icyphy/ptII/ptolemy/domains/continuous/test/auto/Integration.xml
----------------- Instantiating /home/travis/build/icyphy/ptII/ptolemy/domains/continuous/test/auto/Integration.xml
1 ms. Memory: 543232K Free: 204213K (38%)
----------------- Invoking toplevel() on ptolemy.moml.MoMLSimpleApplication@2633d9e8
----------------- Done invoking toplevel() on ptolemy.moml.MoMLSimpleApplication@2633d9e8
reloadAllAccessors: .Integration

===========================================================================================
----------------- testing Fri Apr 26 04:07:48 UTC 2019 /home/travis/build/icyphy/ptII/ptolemy/domains/continuous/test/auto/Integration2.xml
----------------- Instantiating /home/travis/build/icyphy/ptII/ptolemy/domains/continuous/test/auto/Integration2.xml
79 ms. Memory: 543232K Free: 187151K (34%)
----------------- Invoking toplevel() on ptolemy.moml.MoMLSimpleApplication@44adf0cc
----------------- Done invoking toplevel() on ptolemy.moml.MoMLSimpleApplication@44adf0cc
reloadAllAccessors: .Integration2

===========================================================================================
----------------- testing Fri Apr 26 04:07:48 UTC 2019 /home/travis/build/icyphy/ptII/ptolemy/domains/continuous/test/auto/Integration3.xml
----------------- Instantiating /home/travis/build/icyphy/ptII/ptolemy/domains/continuous/test/auto/Integration3.xml
2 ms. Memory: 543232K Free: 179326K (33%)
----------------- Invoking toplevel() on ptolemy.moml.MoMLSimpleApplication@7908873d
----------------- Done invoking toplevel() on ptolemy.moml.MoMLSimpleApplication@7908873d
reloadAllAccessors: .Integration3

===========================================================================================
----------------- testing Fri Apr 26 04:07:48 UTC 2019 /home/travis/build/icyphy/ptII/ptolemy/domains/continuous/test/auto/Integration5.xml
----------------- Instantiating /home/travis/build/icyphy/ptII/ptolemy/domains/continuous/test/auto/Integration5.xml
5 ms. Memory: 543232K Free: 171501K (32%)
----------------- Invoking toplevel() on ptolemy.moml.MoMLSimpleApplication@48c16a9f
----------------- Done invoking toplevel() on ptolemy.moml.MoMLSimpleApplication@48c16a9f
reloadAllAccessors: .Integration5

===========================================================================================
----------------- testing Fri Apr 26 04:07:48 UTC 2019 /home/travis/build/icyphy/ptII/ptolemy/domains/continuous/test/auto/IntegratorImpulse.xml
----------------- Instantiating /home/travis/build/icyphy/ptII/ptolemy/domains/continuous/test/auto/IntegratorImpulse.xml
2 ms. Memory: 543232K Free: 163824K (30%)
----------------- Invoking toplevel() on ptolemy.moml.MoMLSimpleApplication@6a289edf
----------------- Done invoking toplevel() on ptolemy.moml.MoMLSimpleApplication@6a289edf
reloadAllAccessors: .IntegratorImpulse

===========================================================================================
----------------- testing Fri Apr 26 04:07:48 UTC 2019 /home/travis/build/icyphy/ptII/ptolemy/domains/continuous/test/auto/IntegratorImpulse2.xml
----------------- Instantiating /home/travis/build/icyphy/ptII/ptolemy/domains/continuous/test/auto/IntegratorImpulse2.xml
3 ms. Memory: 543232K Free: 156014K (29%)
----------------- Invoking toplevel() on ptolemy.moml.MoMLSimpleApplication@52ce2e81
----------------- Done invoking toplevel() on ptolemy.moml.MoMLSimpleApplication@52ce2e81
reloadAllAccessors: .IntegratorImpulse2

===========================================================================================
----------------- testing Fri Apr 26 04:07:48 UTC 2019 /home/travis/build/icyphy/ptII/ptolemy/domains/continuous/test/auto/LevelCrossing1.xml
----------------- Instantiating /home/travis/build/icyphy/ptII/ptolemy/domains/continuous/test/auto/LevelCrossing1.xml
3 ms. Memory: 543232K Free: 148190K (27%)
----------------- Invoking toplevel() on ptolemy.moml.MoMLSimpleApplication@32b866d5
----------------- Done invoking toplevel() on ptolemy.moml.MoMLSimpleApplication@32b866d5
reloadAllAccessors: .LevelCrossing1

===========================================================================================
----------------- testing Fri Apr 26 04:07:48 UTC 2019 /home/travis/build/icyphy/ptII/ptolemy/domains/continuous/test/auto/LevelCrossing2.xml
----------------- Instantiating /home/travis/build/icyphy/ptII/ptolemy/domains/continuous/test/auto/LevelCrossing2.xml
7 ms. Memory: 543232K Free: 140365K (26%)
----------------- Invoking toplevel() on ptolemy.moml.MoMLSimpleApplication@41ccec5
----------------- Done invoking toplevel() on ptolemy.moml.MoMLSimpleApplication@41ccec5
reloadAllAccessors: .LevelCrossing2

===========================================================================================
----------------- testing Fri Apr 26 04:07:48 UTC 2019 /home/travis/build/icyphy/ptII/ptolemy/domains/continuous/test/auto/LevelCrossing3.xml
----------------- Instantiating /home/travis/build/icyphy/ptII/ptolemy/domains/continuous/test/auto/LevelCrossing3.xml
2 ms. Memory: 543232K Free: 132541K (24%)
----------------- Invoking toplevel() on ptolemy.moml.MoMLSimpleApplication@3da93031
----------------- Done invoking toplevel() on ptolemy.moml.MoMLSimpleApplication@3da93031
reloadAllAccessors: .LevelCrossing3

===========================================================================================
----------------- testing Fri Apr 26 04:07:48 UTC 2019 /home/travis/build/icyphy/ptII/ptolemy/domains/continuous/test/auto/LevelCrossing4.xml
----------------- Instantiating /home/travis/build/icyphy/ptII/ptolemy/domains/continuous/test/auto/LevelCrossing4.xml
3 ms. Memory: 543232K Free: 124724K (23%)
----------------- Invoking toplevel() on ptolemy.moml.MoMLSimpleApplication@702a48a3
----------------- Done invoking toplevel() on ptolemy.moml.MoMLSimpleApplication@702a48a3
reloadAllAccessors: .LevelCrossing4

===========================================================================================
----------------- testing Fri Apr 26 04:07:48 UTC 2019 /home/travis/build/icyphy/ptII/ptolemy/domains/continuous/test/auto/LevelCrossing5.xml
----------------- Instantiating /home/travis/build/icyphy/ptII/ptolemy/domains/continuous/test/auto/LevelCrossing5.xml
3 ms. Memory: 543232K Free: 116907K (22%)
----------------- Invoking toplevel() on ptolemy.moml.MoMLSimpleApplication@255a3d9
----------------- Done invoking toplevel() on ptolemy.moml.MoMLSimpleApplication@255a3d9
reloadAllAccessors: .LevelCrossing5

===========================================================================================
[...]
----------------- Done invoking toplevel() on ptolemy.moml.MoMLSimpleApplication@132ffb52
reloadAllAccessors: .ResetTransitionWithStartTime6

===========================================================================================
----------------- testing Fri Apr 26 04:08:05 UTC 2019 /home/travis/build/icyphy/ptII/ptolemy/domains/continuous/test/auto/SRinContinuous.xml
----------------- Instantiating /home/travis/build/icyphy/ptII/ptolemy/domains/continuous/test/auto/SRinContinuous.xml
4 ms. Memory: 594432K Free: 237940K (40%)
----------------- Invoking toplevel() on ptolemy.moml.MoMLSimpleApplication@50e96767
----------------- Done invoking toplevel() on ptolemy.moml.MoMLSimpleApplication@50e96767
reloadAllAccessors: .SRinContinuous

===========================================================================================
----------------- testing Fri Apr 26 04:08:05 UTC 2019 /home/travis/build/icyphy/ptII/ptolemy/domains/continuous/test/auto/SampledClocks.xml
----------------- Instantiating /home/travis/build/icyphy/ptII/ptolemy/domains/continuous/test/auto/SampledClocks.xml
5 ms. Memory: 594432K Free: 226800K (38%)
----------------- Invoking toplevel() on ptolemy.moml.MoMLSimpleApplication@76c9b8c9
----------------- Done invoking toplevel() on ptolemy.moml.MoMLSimpleApplication@76c9b8c9
reloadAllAccessors: .SampledClocks

===========================================================================================
----------------- testing Fri Apr 26 04:08:05 UTC 2019 /home/travis/build/icyphy/ptII/ptolemy/domains/continuous/test/auto/Satellite.xml
----------------- Instantiating /home/travis/build/icyphy/ptII/ptolemy/domains/continuous/test/auto/Satellite.xml
823 ms. Memory: 594432K Free: 43869K (7%)
----------------- Invoking toplevel() on ptolemy.moml.MoMLSimpleApplication@366a9929
----------------- Done invoking toplevel() on ptolemy.moml.MoMLSimpleApplication@366a9929
reloadAllAccessors: .Satellite

===========================================================================================
----------------- testing Fri Apr 26 04:08:06 UTC 2019 /home/travis/build/icyphy/ptII/ptolemy/domains/continuous/test/auto/SigmaDelta.xml
----------------- Instantiating /home/travis/build/icyphy/ptII/ptolemy/domains/continuous/test/auto/SigmaDelta.xml
2349 ms. Memory: 573440K Free: 162234K (28%)
----------------- Invoking toplevel() on ptolemy.moml.MoMLSimpleApplication@e427542
----------------- Done invoking toplevel() on ptolemy.moml.MoMLSimpleApplication@e427542
reloadAllAccessors: .SigmaDelta

===========================================================================================
----------------- testing Fri Apr 26 04:08:08 UTC 2019 /home/travis/build/icyphy/ptII/ptolemy/domains/continuous/test/auto/SingleRefinement.xml
----------------- Instantiating /home/travis/build/icyphy/ptII/ptolemy/domains/continuous/test/auto/SingleRefinement.xml
326 ms. Memory: 554496K Free: 438612K (79%)
----------------- Invoking toplevel() on ptolemy.moml.MoMLSimpleApplication@bb58b31
----------------- Done invoking toplevel() on ptolemy.moml.MoMLSimpleApplication@bb58b31
reloadAllAccessors: .SingleRefinement

===========================================================================================
----------------- testing Fri Apr 26 04:08:09 UTC 2019 /home/travis/build/icyphy/ptII/ptolemy/domains/continuous/test/auto/SinuBouncingBall.xml
----------------- Instantiating /home/travis/build/icyphy/ptII/ptolemy/domains/continuous/test/auto/SinuBouncingBall.xml
801 ms. Memory: 554496K Free: 208418K (38%)
----------------- Invoking toplevel() on ptolemy.moml.MoMLSimpleApplication@30b4f9b7
----------------- Done invoking toplevel() on ptolemy.moml.MoMLSimpleApplication@30b4f9b7
reloadAllAccessors: .SinuBouncingBall

===========================================================================================
----------------- testing Fri Apr 26 04:08:09 UTC 2019 /home/travis/build/icyphy/ptII/ptolemy/domains/continuous/test/auto/Sinusoid.xml
----------------- Instantiating /home/travis/build/icyphy/ptII/ptolemy/domains/continuous/test/auto/Sinusoid.xml
6 ms. Memory: 554496K Free: 201311K (36%)
----------------- Invoking toplevel() on ptolemy.moml.MoMLSimpleApplication@4409225b
----------------- Done invoking toplevel() on ptolemy.moml.MoMLSimpleApplication@4409225b
reloadAllAccessors: .Sinusoid

===========================================================================================
----------------- testing Fri Apr 26 04:08:09 UTC 2019 /home/travis/build/icyphy/ptII/ptolemy/domains/continuous/test/auto/SinusoidInNoise.xml
----------------- Instantiating /home/travis/build/icyphy/ptII/ptolemy/domains/continuous/test/auto/SinusoidInNoise.xml
997 ms. Memory: 527360K Free: 437604K (83%)
----------------- Invoking toplevel() on ptolemy.moml.MoMLSimpleApplication@467599ae
----------------- Done invoking toplevel() on ptolemy.moml.MoMLSimpleApplication@467599ae
reloadAllAccessors: .SinusoidInNoise

===========================================================================================
----------------- testing Fri Apr 26 04:08:10 UTC 2019 /home/travis/build/icyphy/ptII/ptolemy/domains/continuous/test/auto/SinusoidRK45.xml
----------------- Instantiating /home/travis/build/icyphy/ptII/ptolemy/domains/continuous/test/auto/SinusoidRK45.xml
3 ms. Memory: 527360K Free: 429106K (81%)
----------------- Invoking toplevel() on ptolemy.moml.MoMLSimpleApplication@2f626a12
----------------- Done invoking toplevel() on ptolemy.moml.MoMLSimpleApplication@2f626a12
reloadAllAccessors: .SinusoidRK45

===========================================================================================
----------------- testing Fri Apr 26 04:08:10 UTC 2019 /home/travis/build/icyphy/ptII/ptolemy/domains/continuous/test/auto/SinusoidWithMultipleImpulses.xml
----------------- Instantiating /home/travis/build/icyphy/ptII/ptolemy/domains/continuous/test/auto/SinusoidWithMultipleImpulses.xml
2 ms. Memory: 527360K Free: 419297K (80%)
----------------- Invoking toplevel() on ptolemy.moml.MoMLSimpleApplication@6ed7e064
----------------- Done invoking toplevel() on ptolemy.moml.MoMLSimpleApplication@6ed7e064
reloadAllAccessors: .SinusoidWithMultipleImpulses

===========================================================================================
----------------- testing Fri Apr 26 04:08:11 UTC 2019 /home/travis/build/icyphy/ptII/ptolemy/domains/continuous/test/auto/SquareWave.xml
----------------- Instantiating /home/travis/build/icyphy/ptII/ptolemy/domains/continuous/test/auto/SquareWave.xml
142 ms. Memory: 527360K Free: 391657K (74%)
----------------- Invoking toplevel() on ptolemy.moml.MoMLSimpleApplication@66fac7e8
----------------- Done invoking toplevel() on ptolemy.moml.MoMLSimpleApplication@66fac7e8
reloadAllAccessors: .SquareWave

===========================================================================================
----------------- testing Fri Apr 26 04:08:11 UTC 2019 /home/travis/build/icyphy/ptII/ptolemy/domains/continuous/test/auto/Starmac.xml
----------------- Instantiating /home/travis/build/icyphy/ptII/ptolemy/domains/continuous/test/auto/Starmac.xml
3084 ms. Memory: 527360K Free: 28880K (5%)
----------------- Invoking toplevel() on ptolemy.moml.MoMLSimpleApplication@410c763
----------------- Done invoking toplevel() on ptolemy.moml.MoMLSimpleApplication@410c763
reloadAllAccessors: .Starmac

===========================================================================================
----------------- testing Fri Apr 26 04:08:14 UTC 2019 /home/travis/build/icyphy/ptII/ptolemy/domains/continuous/test/auto/StaticUnits.xml
----------------- Instantiating /home/travis/build/icyphy/ptII/ptolemy/domains/continuous/test/auto/StaticUnits.xml
2043 ms. Memory: 489984K Free: 396090K (81%)
----------------- Invoking toplevel() on ptolemy.moml.MoMLSimpleApplication@64d5117
----------------- Done invoking toplevel() on ptolemy.moml.MoMLSimpleApplication@64d5117
reloadAllAccessors: .StaticUnits

===========================================================================================
----------------- testing Fri Apr 26 04:08:17 UTC 2019 /home/travis/build/icyphy/ptII/ptolemy/domains/continuous/test/auto/StickyMasses.xml
----------------- Instantiating /home/travis/build/icyphy/ptII/ptolemy/domains/continuous/test/auto/StickyMasses.xml
126 ms. Memory: 489984K Free: 339724K (69%)
----------------- Invoking toplevel() on ptolemy.moml.MoMLSimpleApplication@6268b8c8
----------------- Done invoking toplevel() on ptolemy.moml.MoMLSimpleApplication@6268b8c8
reloadAllAccessors: .StickyMasses

===========================================================================================
----------------- testing Fri Apr 26 04:08:17 UTC 2019 /home/travis/build/icyphy/ptII/ptolemy/domains/continuous/test/auto/StopTime.xml
----------------- Instantiating /home/travis/build/icyphy/ptII/ptolemy/domains/continuous/test/auto/StopTime.xml
37 ms. Memory: 489984K Free: 311854K (64%)
----------------- Invoking toplevel() on ptolemy.moml.MoMLSimpleApplication@2befd4d6
----------------- Done invoking toplevel() on ptolemy.moml.MoMLSimpleApplication@2befd4d6
reloadAllAccessors: .StopTime

===========================================================================================
----------------- testing Fri Apr 26 04:08:17 UTC 2019 /home/travis/build/icyphy/ptII/ptolemy/domains/continuous/test/auto/StopTime2.xml
----------------- Instantiating /home/travis/build/icyphy/ptII/ptolemy/domains/continuous/test/auto/StopTime2.xml
30 ms. Memory: 489984K Free: 286613K (58%)
----------------- Invoking toplevel() on ptolemy.moml.MoMLSimpleApplication@2e5a3263
----------------- Done invoking toplevel() on ptolemy.moml.MoMLSimpleApplication@2e5a3263
reloadAllAccessors: .StopTime2

===========================================================================================
----------------- testing Fri Apr 26 04:08:17 UTC 2019 /home/travis/build/icyphy/ptII/ptolemy/domains/continuous/test/auto/Switch.xml
----------------- Instantiating /home/travis/build/icyphy/ptII/ptolemy/domains/continuous/test/auto/Switch.xml
41 ms. Memory: 489984K Free: 258737K (53%)
----------------- Invoking toplevel() on ptolemy.moml.MoMLSimpleApplication@6b249336
----------------- Done invoking toplevel() on ptolemy.moml.MoMLSimpleApplication@6b249336
reloadAllAccessors: .Switch

===========================================================================================
----------------- testing Fri Apr 26 04:08:17 UTC 2019 /home/travis/build/icyphy/ptII/ptolemy/domains/continuous/test/auto/Thermostat.xml
----------------- Instantiating /home/travis/build/icyphy/ptII/ptolemy/domains/continuous/test/auto/Thermostat.xml
180 ms. Memory: 489984K Free: 182189K (37%)
----------------- Invoking toplevel() on ptolemy.moml.MoMLSimpleApplication@3df85783
----------------- Done invoking toplevel() on ptolemy.moml.MoMLSimpleApplication@3df85783
reloadAllAccessors: .Thermostat

===========================================================================================
----------------- testing Fri Apr 26 04:08:17 UTC 2019 /home/travis/build/icyphy/ptII/ptolemy/domains/continuous/test/auto/TimeDelay.xml
----------------- Instantiating /home/travis/build/icyphy/ptII/ptolemy/domains/continuous/test/auto/TimeDelay.xml
6 ms. Memory: 489984K Free: 173244K (35%)
----------------- Invoking toplevel() on ptolemy.moml.MoMLSimpleApplication@76a36ebf
----------------- Done invoking toplevel() on ptolemy.moml.MoMLSimpleApplication@76a36ebf
reloadAllAccessors: .TimeDelay

===========================================================================================
----------------- testing Fri Apr 26 04:08:17 UTC 2019 /home/travis/build/icyphy/ptII/ptolemy/domains/continuous/test/auto/TimeDelay2.xml
----------------- Instantiating /home/travis/build/icyphy/ptII/ptolemy/domains/continuous/test/auto/TimeDelay2.xml
8 ms. Memory: 489984K Free: 164239K (34%)
----------------- Invoking toplevel() on ptolemy.moml.MoMLSimpleApplication@86df0f9
----------------- Done invoking toplevel() on ptolemy.moml.MoMLSimpleApplication@86df0f9
reloadAllAccessors: .TimeDelay2

===========================================================================================
----------------- testing Fri Apr 26 04:08:17 UTC 2019 /home/travis/build/icyphy/ptII/ptolemy/domains/continuous/test/auto/TimeDelay3.xml
----------------- Instantiating /home/travis/build/icyphy/ptII/ptolemy/domains/continuous/test/auto/TimeDelay3.xml
6 ms. Memory: 489984K Free: 155234K (32%)
----------------- Invoking toplevel() on ptolemy.moml.MoMLSimpleApplication@5cb5e99
----------------- Done invoking toplevel() on ptolemy.moml.MoMLSimpleApplication@5cb5e99
reloadAllAccessors: .TimeDelay3

===========================================================================================
----------------- testing Fri Apr 26 04:08:17 UTC 2019 /home/travis/build/icyphy/ptII/ptolemy/domains/continuous/test/auto/TransferAbsentToInside.xml
----------------- Instantiating /home/travis/build/icyphy/ptII/ptolemy/domains/continuous/test/auto/TransferAbsentToInside.xml
24 ms. Memory: 489984K Free: 97569K (20%)
----------------- Invoking toplevel() on ptolemy.moml.MoMLSimpleApplication@35cb90ca
----------------- Done invoking toplevel() on ptolemy.moml.MoMLSimpleApplication@35cb90ca
reloadAllAccessors: .TransferAbsentToInside

===========================================================================================
----------------- testing Fri Apr 26 04:08:17 UTC 2019 /home/travis/build/icyphy/ptII/ptolemy/domains/continuous/test/auto/Transmission.xml
----------------- Instantiating /home/travis/build/icyphy/ptII/ptolemy/domains/continuous/test/auto/Transmission.xml
819 ms. Memory: 441344K Free: 277175K (63%)
----------------- Invoking toplevel() on ptolemy.moml.MoMLSimpleApplication@7e8ecb1e
----------------- Done invoking toplevel() on ptolemy.moml.MoMLSimpleApplication@7e8ecb1e
reloadAllAccessors: .Transmission

===========================================================================================
----------------- testing Fri Apr 26 04:08:18 UTC 2019 /home/travis/build/icyphy/ptII/ptolemy/domains/continuous/test/auto/TriggeredContinuousClock.xml
----------------- Instantiating /home/travis/build/icyphy/ptII/ptolemy/domains/continuous/test/auto/TriggeredContinuousClock.xml
38 ms. Memory: 441344K Free: 243858K (55%)
----------------- Invoking toplevel() on ptolemy.moml.MoMLSimpleApplication@30c442be
----------------- Done invoking toplevel() on ptolemy.moml.MoMLSimpleApplication@30c442be
reloadAllAccessors: .TriggeredContinuousClock

===========================================================================================
----------------- testing Fri Apr 26 04:08:18 UTC 2019 /home/travis/build/icyphy/ptII/ptolemy/domains/continuous/test/auto/TwoMachineInfiniteBusControl.xml
----------------- Instantiating /home/travis/build/icyphy/ptII/ptolemy/domains/continuous/test/auto/TwoMachineInfiniteBusControl.xml
2652 ms. Memory: 407040K Free: 365800K (90%)
----------------- Invoking toplevel() on ptolemy.moml.MoMLSimpleApplication@a7a730f
----------------- Done invoking toplevel() on ptolemy.moml.MoMLSimpleApplication@a7a730f
reloadAllAccessors: .TwoMachineInfiniteBusControl

===========================================================================================
----------------- testing Fri Apr 26 04:08:21 UTC 2019 /home/travis/build/icyphy/ptII/ptolemy/domains/continuous/test/auto/V2V.xml
----------------- Instantiating /home/travis/build/icyphy/ptII/ptolemy/domains/continuous/test/auto/V2V.xml
714 ms. Memory: 407040K Free: 167645K (41%)
----------------- Invoking toplevel() on ptolemy.moml.MoMLSimpleApplication@5af6c9c8
----------------- Done invoking toplevel() on ptolemy.moml.MoMLSimpleApplication@5af6c9c8
reloadAllAccessors: .V2V

===========================================================================================
----------------- testing Fri Apr 26 04:08:22 UTC 2019 /home/travis/build/icyphy/ptII/ptolemy/domains/continuous/test/auto/hierarchicalModalModel.xml
----------------- Instantiating /home/travis/build/icyphy/ptII/ptolemy/domains/continuous/test/auto/hierarchicalModalModel.xml
7 ms. Memory: 407040K Free: 150310K (37%)
----------------- Invoking toplevel() on ptolemy.moml.MoMLSimpleApplication@6f2821ba
----------------- Done invoking toplevel() on ptolemy.moml.MoMLSimpleApplication@6f2821ba
reloadAllAccessors: .hierarchicalModalModel

===========================================================================================
----------------- testing Fri Apr 26 04:08:22 UTC 2019 /home/travis/build/icyphy/ptII/ptolemy/domains/continuous/test/auto/hierarchicalModalModel1.xml
----------------- Instantiating /home/travis/build/icyphy/ptII/ptolemy/domains/continuous/test/auto/hierarchicalModalModel1.xml
8 ms. Memory: 407040K Free: 132903K (33%)
----------------- Invoking toplevel() on ptolemy.moml.MoMLSimpleApplication@38da291
----------------- Done invoking toplevel() on ptolemy.moml.MoMLSimpleApplication@38da291
reloadAllAccessors: .hierarchicalModalModel1

===========================================================================================
----------------- testing Fri Apr 26 04:08:22 UTC 2019 /home/travis/build/icyphy/ptII/ptolemy/domains/continuous/test/auto/hierarchicalModalModel2.xml
----------------- Instantiating /home/travis/build/icyphy/ptII/ptolemy/domains/continuous/test/auto/hierarchicalModalModel2.xml
5 ms. Memory: 407040K Free: 115559K (28%)
----------------- Invoking toplevel() on ptolemy.moml.MoMLSimpleApplication@33a65dc9
----------------- Done invoking toplevel() on ptolemy.moml.MoMLSimpleApplication@33a65dc9
reloadAllAccessors: .hierarchicalModalModel2

===========================================================================================
----------------- testing Fri Apr 26 04:08:22 UTC 2019 /home/travis/build/icyphy/ptII/ptolemy/domains/continuous/test/auto/hierarchicalModalModel3.xml
----------------- Instantiating /home/travis/build/icyphy/ptII/ptolemy/domains/continuous/test/auto/hierarchicalModalModel3.xml
5 ms. Memory: 407040K Free: 102848K (25%)
----------------- Invoking toplevel() on ptolemy.moml.MoMLSimpleApplication@7c3bdcda
----------------- Done invoking toplevel() on ptolemy.moml.MoMLSimpleApplication@7c3bdcda
reloadAllAccessors: .hierarchicalModalModel3

===========================================================================================
----------------- testing Fri Apr 26 04:08:22 UTC 2019 /home/travis/build/icyphy/ptII/ptolemy/domains/continuous/test/auto/hierarchicalModalModel4.xml
----------------- Instantiating /home/travis/build/icyphy/ptII/ptolemy/domains/continuous/test/auto/hierarchicalModalModel4.xml
5 ms. Memory: 407040K Free: 87860K (22%)
----------------- Invoking toplevel() on ptolemy.moml.MoMLSimpleApplication@45102e19
----------------- Done invoking toplevel() on ptolemy.moml.MoMLSimpleApplication@45102e19
reloadAllAccessors: .hierarchicalModalModel4

===========================================================================================
----------------- testing Fri Apr 26 04:08:22 UTC 2019 /home/travis/build/icyphy/ptII/ptolemy/domains/continuous/test/auto/junk.xml
----------------- Instantiating /home/travis/build/icyphy/ptII/ptolemy/domains/continuous/test/auto/junk.xml
136 ms. Memory: 407040K Free: 56393K (14%)
----------------- Invoking toplevel() on ptolemy.moml.MoMLSimpleApplication@1014cbe9
----------------- Done invoking toplevel() on ptolemy.moml.MoMLSimpleApplication@1014cbe9
reloadAllAccessors: .junk
AutoTests.java: About to close Vertx.
AutoTests.java: Vertx closed.
]]></system-out>
  <system-err><![CDATA[Warning: '.HysteresisWithRandomDelay.NonStrictTest3' The test produced only 28 tokens, yet the correctValues parameter was expecting 30 tokens.
Warning: '.Poisson.NonStrictTest' The test produced only 403 tokens, yet the correctValues parameter was expecting 430 tokens.
]]></system-err>
</testsuite>
