<?xml version="1.0" encoding="UTF-8" ?>
<testsuite errors="0" failures="0" hostname="travis-job-c544c1d8-40b7-4f3d-baa5-d90ddedc380a" name="ptolemy.actor.lib.hoc.test.junit.JUnitTclTest" skipped="0" tests="58" time="33.811" timestamp="2019-07-15T04:53:18">
  <properties>
[...]
</properties>
  <testcase classname="ptolemy.util.test.junit.TclTests" name="[0] /home/travis/build/icyphy/ptII/ptolemy/actor/lib/hoc/test/IterateOverArray.tcl (RunTclFile)" time="0.347" />
  <testcase classname="ptolemy.util.test.junit.AutoKnownFailedTests" name="[0] /home/travis/build/icyphy/ptII/ptolemy/actor/lib/hoc/test/auto/knownFailedTests/PreinitializeMustBeInvokedRunComposite.xml (RunModel)" time="0.417" />
  <testcase classname="ptolemy.util.test.junit.AutoNameArchTests" name="[0] ThereAreNoAutoArchTests (RunModel)" time="0.002" />
  <testcase classname="ptolemy.util.test.junit.AutoTests" name="[0] /home/travis/build/icyphy/ptII/ptolemy/actor/lib/hoc/test/auto/AllToAllMultiInstanceComposite.xml (RunModel)" time="0.445" />
  <testcase classname="ptolemy.util.test.junit.AutoTests" name="[1] /home/travis/build/icyphy/ptII/ptolemy/actor/lib/hoc/test/auto/ApplyFFTTest.xml (RunModel)" time="0.432" />
  <testcase classname="ptolemy.util.test.junit.AutoTests" name="[2] /home/travis/build/icyphy/ptII/ptolemy/actor/lib/hoc/test/auto/ApplyFunction.xml (RunModel)" time="0.067" />
  <testcase classname="ptolemy.util.test.junit.AutoTests" name="[3] /home/travis/build/icyphy/ptII/ptolemy/actor/lib/hoc/test/auto/BackgroundExecution.xml (RunModel)" time="0.725" />
  <testcase classname="ptolemy.util.test.junit.AutoTests" name="[4] /home/travis/build/icyphy/ptII/ptolemy/actor/lib/hoc/test/auto/Case.xml (RunModel)" time="0.079" />
  <testcase classname="ptolemy.util.test.junit.AutoTests" name="[5] /home/travis/build/icyphy/ptII/ptolemy/actor/lib/hoc/test/auto/Case1.xml (RunModel)" time="0.064" />
  <testcase classname="ptolemy.util.test.junit.AutoTests" name="[6] /home/travis/build/icyphy/ptII/ptolemy/actor/lib/hoc/test/auto/Case2.xml (RunModel)" time="0.091" />
  <testcase classname="ptolemy.util.test.junit.AutoTests" name="[7] /home/travis/build/icyphy/ptII/ptolemy/actor/lib/hoc/test/auto/Case3.xml (RunModel)" time="0.042" />
  <testcase classname="ptolemy.util.test.junit.AutoTests" name="[8] /home/travis/build/icyphy/ptII/ptolemy/actor/lib/hoc/test/auto/Case4.xml (RunModel)" time="0.063" />
  <testcase classname="ptolemy.util.test.junit.AutoTests" name="[9] /home/travis/build/icyphy/ptII/ptolemy/actor/lib/hoc/test/auto/Case5.xml (RunModel)" time="0.072" />
  <testcase classname="ptolemy.util.test.junit.AutoTests" name="[10] /home/travis/build/icyphy/ptII/ptolemy/actor/lib/hoc/test/auto/Case6.xml (RunModel)" time="0.128" />
  <testcase classname="ptolemy.util.test.junit.AutoTests" name="[11] /home/travis/build/icyphy/ptII/ptolemy/actor/lib/hoc/test/auto/CaseString2.xml (RunModel)" time="0.045" />
  <testcase classname="ptolemy.util.test.junit.AutoTests" name="[12] /home/travis/build/icyphy/ptII/ptolemy/actor/lib/hoc/test/auto/CatchUpComposite1.xml (RunModel)" time="0.104" />
  <testcase classname="ptolemy.util.test.junit.AutoTests" name="[13] /home/travis/build/icyphy/ptII/ptolemy/actor/lib/hoc/test/auto/CatchUpComposite2.xml (RunModel)" time="0.068" />
  <testcase classname="ptolemy.util.test.junit.AutoTests" name="[14] /home/travis/build/icyphy/ptII/ptolemy/actor/lib/hoc/test/auto/CatchUpComposite3.xml (RunModel)" time="0.077" />
  <testcase classname="ptolemy.util.test.junit.AutoTests" name="[15] /home/travis/build/icyphy/ptII/ptolemy/actor/lib/hoc/test/auto/CatchUpComposite4.xml (RunModel)" time="0.059" />
  <testcase classname="ptolemy.util.test.junit.AutoTests" name="[16] /home/travis/build/icyphy/ptII/ptolemy/actor/lib/hoc/test/auto/CatchUpComposite5.xml (RunModel)" time="0.053" />
  <testcase classname="ptolemy.util.test.junit.AutoTests" name="[17] /home/travis/build/icyphy/ptII/ptolemy/actor/lib/hoc/test/auto/CatchUpComposite6.xml (RunModel)" time="0.164" />
  <testcase classname="ptolemy.util.test.junit.AutoTests" name="[18] /home/travis/build/icyphy/ptII/ptolemy/actor/lib/hoc/test/auto/CatchUpComposite7.xml (RunModel)" time="0.13" />
  <testcase classname="ptolemy.util.test.junit.AutoTests" name="[19] /home/travis/build/icyphy/ptII/ptolemy/actor/lib/hoc/test/auto/ConcurrentExecutionTimeSDF.xml (RunModel)" time="1.259" />
  <testcase classname="ptolemy.util.test.junit.AutoTests" name="[20] /home/travis/build/icyphy/ptII/ptolemy/actor/lib/hoc/test/auto/ConcurrentSleep.xml (RunModel)" time="0.756" />
  <testcase classname="ptolemy.util.test.junit.AutoTests" name="[21] /home/travis/build/icyphy/ptII/ptolemy/actor/lib/hoc/test/auto/DEInPNInRunCompositeActor.xml (RunModel)" time="0.037" />
  <testcase classname="ptolemy.util.test.junit.AutoTests" name="[22] /home/travis/build/icyphy/ptII/ptolemy/actor/lib/hoc/test/auto/DFTSubSetTest.xml (RunModel)" time="0.265" />
  <testcase classname="ptolemy.util.test.junit.AutoTests" name="[23] /home/travis/build/icyphy/ptII/ptolemy/actor/lib/hoc/test/auto/HocDE.xml (RunModel)" time="0.198" />
  <testcase classname="ptolemy.util.test.junit.AutoTests" name="[24] /home/travis/build/icyphy/ptII/ptolemy/actor/lib/hoc/test/auto/IterateOverArray.xml (RunModel)" time="0.029" />
  <testcase classname="ptolemy.util.test.junit.AutoTests" name="[25] /home/travis/build/icyphy/ptII/ptolemy/actor/lib/hoc/test/auto/IterateOverArray10.xml (RunModel)" time="0.027" />
  <testcase classname="ptolemy.util.test.junit.AutoTests" name="[26] /home/travis/build/icyphy/ptII/ptolemy/actor/lib/hoc/test/auto/IterateOverArray11.xml (RunModel)" time="0.026" />
  <testcase classname="ptolemy.util.test.junit.AutoTests" name="[27] /home/travis/build/icyphy/ptII/ptolemy/actor/lib/hoc/test/auto/IterateOverArray12.xml (RunModel)" time="0.036" />
  <testcase classname="ptolemy.util.test.junit.AutoTests" name="[28] /home/travis/build/icyphy/ptII/ptolemy/actor/lib/hoc/test/auto/IterateOverArray13.xml (RunModel)" time="0.155" />
  <testcase classname="ptolemy.util.test.junit.AutoTests" name="[29] /home/travis/build/icyphy/ptII/ptolemy/actor/lib/hoc/test/auto/IterateOverArray14.xml (RunModel)" time="0.195" />
  <testcase classname="ptolemy.util.test.junit.AutoTests" name="[30] /home/travis/build/icyphy/ptII/ptolemy/actor/lib/hoc/test/auto/IterateOverArray2.xml (RunModel)" time="0.035" />
  <testcase classname="ptolemy.util.test.junit.AutoTests" name="[31] /home/travis/build/icyphy/ptII/ptolemy/actor/lib/hoc/test/auto/IterateOverArray3.xml (RunModel)" time="0.049" />
  <testcase classname="ptolemy.util.test.junit.AutoTests" name="[32] /home/travis/build/icyphy/ptII/ptolemy/actor/lib/hoc/test/auto/IterateOverArray4.xml (RunModel)" time="0.022" />
  <testcase classname="ptolemy.util.test.junit.AutoTests" name="[33] /home/travis/build/icyphy/ptII/ptolemy/actor/lib/hoc/test/auto/IterateOverArray5.xml (RunModel)" time="0.018" />
  <testcase classname="ptolemy.util.test.junit.AutoTests" name="[34] /home/travis/build/icyphy/ptII/ptolemy/actor/lib/hoc/test/auto/IterateOverArray6.xml (RunModel)" time="0.02" />
  <testcase classname="ptolemy.util.test.junit.AutoTests" name="[35] /home/travis/build/icyphy/ptII/ptolemy/actor/lib/hoc/test/auto/IterateOverArray7.xml (RunModel)" time="0.03" />
  <testcase classname="ptolemy.util.test.junit.AutoTests" name="[36] /home/travis/build/icyphy/ptII/ptolemy/actor/lib/hoc/test/auto/IterateOverArray8.xml (RunModel)" time="0.015" />
  <testcase classname="ptolemy.util.test.junit.AutoTests" name="[37] /home/travis/build/icyphy/ptII/ptolemy/actor/lib/hoc/test/auto/IterateOverArray9.xml (RunModel)" time="0.022" />
  <testcase classname="ptolemy.util.test.junit.AutoTests" name="[38] /home/travis/build/icyphy/ptII/ptolemy/actor/lib/hoc/test/auto/IterateOverArrayCoercedOutputType.xml (RunModel)" time="0.044" />
  <testcase classname="ptolemy.util.test.junit.AutoTests" name="[39] /home/travis/build/icyphy/ptII/ptolemy/actor/lib/hoc/test/auto/IterateOverArrayInferredOutputType.xml (RunModel)" time="0.029" />
  <testcase classname="ptolemy.util.test.junit.AutoTests" name="[40] /home/travis/build/icyphy/ptII/ptolemy/actor/lib/hoc/test/auto/MobileFunctionTest.xml (RunModel)" time="0.023" />
  <testcase classname="ptolemy.util.test.junit.AutoTests" name="[41] /home/travis/build/icyphy/ptII/ptolemy/actor/lib/hoc/test/auto/MobileModelTest.xml (RunModel)" time="0.162" />
  <testcase classname="ptolemy.util.test.junit.AutoTests" name="[42] /home/travis/build/icyphy/ptII/ptolemy/actor/lib/hoc/test/auto/ModelReference.xml (RunModel)" time="0.057" />
  <testcase classname="ptolemy.util.test.junit.AutoTests" name="[43] /home/travis/build/icyphy/ptII/ptolemy/actor/lib/hoc/test/auto/ModelReference3.xml (RunModel)" time="0.034" />
  <testcase classname="ptolemy.util.test.junit.AutoTests" name="[44] /home/travis/build/icyphy/ptII/ptolemy/actor/lib/hoc/test/auto/ModelReference4.xml (RunModel)" time="10.029" />
  <testcase classname="ptolemy.util.test.junit.AutoTests" name="[45] /home/travis/build/icyphy/ptII/ptolemy/actor/lib/hoc/test/auto/MultiInstanceComposite.xml (RunModel)" time="0.055" />
  <testcase classname="ptolemy.util.test.junit.AutoTests" name="[46] /home/travis/build/icyphy/ptII/ptolemy/actor/lib/hoc/test/auto/MultiInstanceComposite2.xml (RunModel)" time="0.036" />
  <testcase classname="ptolemy.util.test.junit.AutoTests" name="[47] /home/travis/build/icyphy/ptII/ptolemy/actor/lib/hoc/test/auto/MulticoreExecution.xml (RunModel)" time="1.074" />
  <testcase classname="ptolemy.util.test.junit.AutoTests" name="[48] /home/travis/build/icyphy/ptII/ptolemy/actor/lib/hoc/test/auto/ParallelExecution.xml (RunModel)" time="0.937" />
  <testcase classname="ptolemy.util.test.junit.AutoTests" name="[49] /home/travis/build/icyphy/ptII/ptolemy/actor/lib/hoc/test/auto/RunCompositeActor.xml (RunModel)" time="0.031" />
  <testcase classname="ptolemy.util.test.junit.AutoTests" name="[50] /home/travis/build/icyphy/ptII/ptolemy/actor/lib/hoc/test/auto/RunCompositeActor2.xml (RunModel)" time="0.018" />
  <testcase classname="ptolemy.util.test.junit.AutoTests" name="[51] /home/travis/build/icyphy/ptII/ptolemy/actor/lib/hoc/test/auto/RunCompositeActor3.xml (RunModel)" time="0.017" />
  <testcase classname="ptolemy.util.test.junit.AutoTests" name="[52] /home/travis/build/icyphy/ptII/ptolemy/actor/lib/hoc/test/auto/RunCompositeActor4.xml (RunModel)" time="0.025" />
  <testcase classname="ptolemy.util.test.junit.AutoTests" name="[53] /home/travis/build/icyphy/ptII/ptolemy/actor/lib/hoc/test/auto/RunCompositeIterateOverArray.xml (RunModel)" time="0.022" />
  <testcase classname="ptolemy.util.test.junit.AutoTests" name="[54] /home/travis/build/icyphy/ptII/ptolemy/actor/lib/hoc/test/auto/ThreadedJS.xml (RunModel)" time="13.601" />
  <system-out><![CDATA[/home/travis/build/icyphy/ptII/ptolemy/actor/lib/hoc/test/IterateOverArray.tcl
testDefs.tcl: setting time out to 9000 seconds at Mon Jul 15 04:53:18 UTC 2019
07/15/19 04:53:19
Failed: 0  Total Tests: 2  ((Passed: 2, Newly Passed: 0)  Known Failed: 0) /home/travis/build/icyphy/ptII/ptolemy/actor/lib/hoc/test
----------------- testing (KnownFailure) /home/travis/build/icyphy/ptII/ptolemy/actor/lib/hoc/test/auto/knownFailedTests/PreinitializeMustBeInvokedRunComposite.xml
116 ms. Memory: 120832K Free: 79298K (66%)
Known Failure: java.lang.reflect.InvocationTargetException
No auto/linux-amd64/*.xml tests in /home/travis/build/icyphy/ptII/ptolemy/actor/lib/hoc/test
AutoTests.java: About to close Vertx.
AutoTests.java: Vertx closed.

===========================================================================================
----------------- testing Mon Jul 15 04:53:20 UTC 2019 /home/travis/build/icyphy/ptII/ptolemy/actor/lib/hoc/test/auto/AllToAllMultiInstanceComposite.xml
----------------- Instantiating /home/travis/build/icyphy/ptII/ptolemy/actor/lib/hoc/test/auto/AllToAllMultiInstanceComposite.xml
181 ms. Memory: 120832K Free: 95174K (79%)
----------------- Invoking toplevel() on ptolemy.moml.MoMLSimpleApplication@16db521b
----------------- Done invoking toplevel() on ptolemy.moml.MoMLSimpleApplication@16db521b
reloadAllAccessors: .AllToAllMultiInstanceComposite

===========================================================================================
----------------- testing Mon Jul 15 04:53:20 UTC 2019 /home/travis/build/icyphy/ptII/ptolemy/actor/lib/hoc/test/auto/ApplyFFTTest.xml
----------------- Instantiating /home/travis/build/icyphy/ptII/ptolemy/actor/lib/hoc/test/auto/ApplyFFTTest.xml
138 ms. Memory: 120832K Free: 100155K (83%)
----------------- Invoking toplevel() on ptolemy.moml.MoMLSimpleApplication@28ca7941
----------------- Done invoking toplevel() on ptolemy.moml.MoMLSimpleApplication@28ca7941
reloadAllAccessors: .ApplyFFTTest

===========================================================================================
----------------- testing Mon Jul 15 04:53:20 UTC 2019 /home/travis/build/icyphy/ptII/ptolemy/actor/lib/hoc/test/auto/ApplyFunction.xml
----------------- Instantiating /home/travis/build/icyphy/ptII/ptolemy/actor/lib/hoc/test/auto/ApplyFunction.xml
9 ms. Memory: 120832K Free: 96822K (80%)
----------------- Invoking toplevel() on ptolemy.moml.MoMLSimpleApplication@243c9f5f
----------------- Done invoking toplevel() on ptolemy.moml.MoMLSimpleApplication@243c9f5f
reloadAllAccessors: .ApplyFunction

===========================================================================================
----------------- testing Mon Jul 15 04:53:20 UTC 2019 /home/travis/build/icyphy/ptII/ptolemy/actor/lib/hoc/test/auto/BackgroundExecution.xml
----------------- Instantiating /home/travis/build/icyphy/ptII/ptolemy/actor/lib/hoc/test/auto/BackgroundExecution.xml
627 ms. Memory: 120832K Free: 89660K (74%)
----------------- Invoking toplevel() on ptolemy.moml.MoMLSimpleApplication@3ecd718
----------------- Done invoking toplevel() on ptolemy.moml.MoMLSimpleApplication@3ecd718
reloadAllAccessors: .BackgroundExecution

===========================================================================================
----------------- testing Mon Jul 15 04:53:21 UTC 2019 /home/travis/build/icyphy/ptII/ptolemy/actor/lib/hoc/test/auto/Case.xml
----------------- Instantiating /home/travis/build/icyphy/ptII/ptolemy/actor/lib/hoc/test/auto/Case.xml
22 ms. Memory: 120832K Free: 82194K (68%)
----------------- Invoking toplevel() on ptolemy.moml.MoMLSimpleApplication@3916d32a
----------------- Done invoking toplevel() on ptolemy.moml.MoMLSimpleApplication@3916d32a
reloadAllAccessors: .Case

===========================================================================================
----------------- testing Mon Jul 15 04:53:21 UTC 2019 /home/travis/build/icyphy/ptII/ptolemy/actor/lib/hoc/test/auto/Case1.xml
----------------- Instantiating /home/travis/build/icyphy/ptII/ptolemy/actor/lib/hoc/test/auto/Case1.xml
24 ms. Memory: 120832K Free: 75832K (63%)
----------------- Invoking toplevel() on ptolemy.moml.MoMLSimpleApplication@59d1238
----------------- Done invoking toplevel() on ptolemy.moml.MoMLSimpleApplication@59d1238
reloadAllAccessors: .Case1

===========================================================================================
----------------- testing Mon Jul 15 04:53:21 UTC 2019 /home/travis/build/icyphy/ptII/ptolemy/actor/lib/hoc/test/auto/Case2.xml
----------------- Instantiating /home/travis/build/icyphy/ptII/ptolemy/actor/lib/hoc/test/auto/Case2.xml
24 ms. Memory: 120832K Free: 100400K (83%)
----------------- Invoking toplevel() on ptolemy.moml.MoMLSimpleApplication@db5dbe4
----------------- Done invoking toplevel() on ptolemy.moml.MoMLSimpleApplication@db5dbe4
reloadAllAccessors: .Case2

===========================================================================================
----------------- testing Mon Jul 15 04:53:21 UTC 2019 /home/travis/build/icyphy/ptII/ptolemy/actor/lib/hoc/test/auto/Case3.xml
----------------- Instantiating /home/travis/build/icyphy/ptII/ptolemy/actor/lib/hoc/test/auto/Case3.xml
15 ms. Memory: 120832K Free: 94240K (78%)
----------------- Invoking toplevel() on ptolemy.moml.MoMLSimpleApplication@1936703
----------------- Done invoking toplevel() on ptolemy.moml.MoMLSimpleApplication@1936703
reloadAllAccessors: .Case3

===========================================================================================
----------------- testing Mon Jul 15 04:53:22 UTC 2019 /home/travis/build/icyphy/ptII/ptolemy/actor/lib/hoc/test/auto/Case4.xml
----------------- Instantiating /home/travis/build/icyphy/ptII/ptolemy/actor/lib/hoc/test/auto/Case4.xml
14 ms. Memory: 120832K Free: 86362K (71%)
----------------- Invoking toplevel() on ptolemy.moml.MoMLSimpleApplication@41e5a43
----------------- Done invoking toplevel() on ptolemy.moml.MoMLSimpleApplication@41e5a43
reloadAllAccessors: .Case4

===========================================================================================
----------------- testing Mon Jul 15 04:53:22 UTC 2019 /home/travis/build/icyphy/ptII/ptolemy/actor/lib/hoc/test/auto/Case5.xml
----------------- Instantiating /home/travis/build/icyphy/ptII/ptolemy/actor/lib/hoc/test/auto/Case5.xml
47 ms. Memory: 120832K Free: 79920K (66%)
----------------- Invoking toplevel() on ptolemy.moml.MoMLSimpleApplication@39e362b5
----------------- Done invoking toplevel() on ptolemy.moml.MoMLSimpleApplication@39e362b5
reloadAllAccessors: .junk

===========================================================================================
----------------- testing Mon Jul 15 04:53:22 UTC 2019 /home/travis/build/icyphy/ptII/ptolemy/actor/lib/hoc/test/auto/Case6.xml
----------------- Instantiating /home/travis/build/icyphy/ptII/ptolemy/actor/lib/hoc/test/auto/Case6.xml
55 ms. Memory: 120832K Free: 67960K (56%)
----------------- Invoking toplevel() on ptolemy.moml.MoMLSimpleApplication@a9c95fb
----------------- Done invoking toplevel() on ptolemy.moml.MoMLSimpleApplication@a9c95fb
reloadAllAccessors: .Case6

===========================================================================================
----------------- testing Mon Jul 15 04:53:22 UTC 2019 /home/travis/build/icyphy/ptII/ptolemy/actor/lib/hoc/test/auto/CaseString2.xml
----------------- Instantiating /home/travis/build/icyphy/ptII/ptolemy/actor/lib/hoc/test/auto/CaseString2.xml
10 ms. Memory: 120832K Free: 60426K (50%)
----------------- Invoking toplevel() on ptolemy.moml.MoMLSimpleApplication@6f5ea478
----------------- Done invoking toplevel() on ptolemy.moml.MoMLSimpleApplication@6f5ea478
reloadAllAccessors: .CaseString2

===========================================================================================
----------------- testing Mon Jul 15 04:53:22 UTC 2019 /home/travis/build/icyphy/ptII/ptolemy/actor/lib/hoc/test/auto/CatchUpComposite1.xml
----------------- Instantiating /home/travis/build/icyphy/ptII/ptolemy/actor/lib/hoc/test/auto/CatchUpComposite1.xml
47 ms. Memory: 120832K Free: 100593K (83%)
----------------- Invoking toplevel() on ptolemy.moml.MoMLSimpleApplication@a23ab87
----------------- Done invoking toplevel() on ptolemy.moml.MoMLSimpleApplication@a23ab87
reloadAllAccessors: .CatchUpComposite1

===========================================================================================
----------------- testing Mon Jul 15 04:53:22 UTC 2019 /home/travis/build/icyphy/ptII/ptolemy/actor/lib/hoc/test/auto/CatchUpComposite2.xml
----------------- Instantiating /home/travis/build/icyphy/ptII/ptolemy/actor/lib/hoc/test/auto/CatchUpComposite2.xml
9 ms. Memory: 120832K Free: 92379K (76%)
----------------- Invoking toplevel() on ptolemy.moml.MoMLSimpleApplication@6102ff1d
----------------- Done invoking toplevel() on ptolemy.moml.MoMLSimpleApplication@6102ff1d
reloadAllAccessors: .CatchUpComposite2

===========================================================================================
----------------- testing Mon Jul 15 04:53:22 UTC 2019 /home/travis/build/icyphy/ptII/ptolemy/actor/lib/hoc/test/auto/CatchUpComposite3.xml
----------------- Instantiating /home/travis/build/icyphy/ptII/ptolemy/actor/lib/hoc/test/auto/CatchUpComposite3.xml
35 ms. Memory: 120832K Free: 83562K (69%)
----------------- Invoking toplevel() on ptolemy.moml.MoMLSimpleApplication@7cc9c598
----------------- Done invoking toplevel() on ptolemy.moml.MoMLSimpleApplication@7cc9c598
reloadAllAccessors: .CatchUpComposite3

===========================================================================================
----------------- testing Mon Jul 15 04:53:22 UTC 2019 /home/travis/build/icyphy/ptII/ptolemy/actor/lib/hoc/test/auto/CatchUpComposite4.xml
----------------- Instantiating /home/travis/build/icyphy/ptII/ptolemy/actor/lib/hoc/test/auto/CatchUpComposite4.xml
20 ms. Memory: 120832K Free: 75571K (63%)
----------------- Invoking toplevel() on ptolemy.moml.MoMLSimpleApplication@105caec4
----------------- Done invoking toplevel() on ptolemy.moml.MoMLSimpleApplication@105caec4
reloadAllAccessors: .CatchUpComposite4

===========================================================================================
----------------- testing Mon Jul 15 04:53:22 UTC 2019 /home/travis/build/icyphy/ptII/ptolemy/actor/lib/hoc/test/auto/CatchUpComposite5.xml
----------------- Instantiating /home/travis/build/icyphy/ptII/ptolemy/actor/lib/hoc/test/auto/CatchUpComposite5.xml
15 ms. Memory: 120832K Free: 68202K (56%)
----------------- Invoking toplevel() on ptolemy.moml.MoMLSimpleApplication@64c6945b
----------------- Done invoking toplevel() on ptolemy.moml.MoMLSimpleApplication@64c6945b
reloadAllAccessors: .CatchUpComposite5

===========================================================================================
----------------- testing Mon Jul 15 04:53:22 UTC 2019 /home/travis/build/icyphy/ptII/ptolemy/actor/lib/hoc/test/auto/CatchUpComposite6.xml
----------------- Instantiating /home/travis/build/icyphy/ptII/ptolemy/actor/lib/hoc/test/auto/CatchUpComposite6.xml
WARNING: The execution aspects in this model can influence the timing of actors by delaying the 
execution, potentially changing the behavior. There is no guarantee that actors fire at the 
time they request to be fired. 
Use Ptides for deterministic DE behavior that is not influenced by execution aspects. 

63 ms. Memory: 120832K Free: 53489K (44%)
----------------- Invoking toplevel() on ptolemy.moml.MoMLSimpleApplication@12b67b82
----------------- Done invoking toplevel() on ptolemy.moml.MoMLSimpleApplication@12b67b82
reloadAllAccessors: .CatchUpComposite6

===========================================================================================
----------------- testing Mon Jul 15 04:53:22 UTC 2019 /home/travis/build/icyphy/ptII/ptolemy/actor/lib/hoc/test/auto/CatchUpComposite7.xml
----------------- Instantiating /home/travis/build/icyphy/ptII/ptolemy/actor/lib/hoc/test/auto/CatchUpComposite7.xml
WARNING: The execution aspects in this model can influence the timing of actors by delaying the 
execution, potentially changing the behavior. There is no guarantee that actors fire at the 
time they request to be fired. 
Use Ptides for deterministic DE behavior that is not influenced by execution aspects. 

48 ms. Memory: 120832K Free: 96193K (80%)
----------------- Invoking toplevel() on ptolemy.moml.MoMLSimpleApplication@1a974609
----------------- Done invoking toplevel() on ptolemy.moml.MoMLSimpleApplication@1a974609
reloadAllAccessors: .CatchUpComposite7

===========================================================================================
----------------- testing Mon Jul 15 04:53:22 UTC 2019 /home/travis/build/icyphy/ptII/ptolemy/actor/lib/hoc/test/auto/ConcurrentExecutionTimeSDF.xml
----------------- Instantiating /home/travis/build/icyphy/ptII/ptolemy/actor/lib/hoc/test/auto/ConcurrentExecutionTimeSDF.xml
Fired ExecutionTime: 40400000
Fired ExecutionTime: 40400000
Fired ExecutionTime: 40400000
Fired ExecutionTime: 40400000
Fired ExecutionTime: 40400000
Fired ExecutionTime: 40400000
Fired ExecutionTime: 40400000
Fired ExecutionTime: 40400000
Fired ExecutionTime: 40400000
Fired ExecutionTime: 40400000
Fired ExecutionTime: 40400000
Fired ExecutionTime: 40400000
Fired ExecutionTime: 40400000
Fired ExecutionTime: 40400000
Fired ExecutionTime: 40400000
Fired ExecutionTime: 40400000
Fired ExecutionTime: 40400000
Fired ExecutionTime: 40400000
Fired ExecutionTime: 40400000
Fired ExecutionTime: 40400000
1229 ms. Memory: 120832K Free: 89491K (74%)
----------------- Invoking toplevel() on ptolemy.moml.MoMLSimpleApplication@605cd20
----------------- Done invoking toplevel() on ptolemy.moml.MoMLSimpleApplication@605cd20
reloadAllAccessors: .ConcurrentExecutionTimeSDF

===========================================================================================
----------------- testing Mon Jul 15 04:53:24 UTC 2019 /home/travis/build/icyphy/ptII/ptolemy/actor/lib/hoc/test/auto/ConcurrentSleep.xml
----------------- Instantiating /home/travis/build/icyphy/ptII/ptolemy/actor/lib/hoc/test/auto/ConcurrentSleep.xml
722 ms. Memory: 120832K Free: 79251K (66%)
----------------- Invoking toplevel() on ptolemy.moml.MoMLSimpleApplication@6c80e1cd
----------------- Done invoking toplevel() on ptolemy.moml.MoMLSimpleApplication@6c80e1cd
reloadAllAccessors: .ConcurrentSleep

===========================================================================================
----------------- testing Mon Jul 15 04:53:25 UTC 2019 /home/travis/build/icyphy/ptII/ptolemy/actor/lib/hoc/test/auto/DEInPNInRunCompositeActor.xml
----------------- Instantiating /home/travis/build/icyphy/ptII/ptolemy/actor/lib/hoc/test/auto/DEInPNInRunCompositeActor.xml
17 ms. Memory: 120832K Free: 74131K (61%)
----------------- Invoking toplevel() on ptolemy.moml.MoMLSimpleApplication@4cc4693
----------------- Done invoking toplevel() on ptolemy.moml.MoMLSimpleApplication@4cc4693
reloadAllAccessors: .DEInPNInRunCompositeActor

===========================================================================================
----------------- testing Mon Jul 15 04:53:25 UTC 2019 /home/travis/build/icyphy/ptII/ptolemy/actor/lib/hoc/test/auto/DFTSubSetTest.xml
----------------- Instantiating /home/travis/build/icyphy/ptII/ptolemy/actor/lib/hoc/test/auto/DFTSubSetTest.xml
199 ms. Memory: 158720K Free: 137672K (87%)
----------------- Invoking toplevel() on ptolemy.moml.MoMLSimpleApplication@3805801e
----------------- Done invoking toplevel() on ptolemy.moml.MoMLSimpleApplication@3805801e
reloadAllAccessors: .DFTSubSetTest

===========================================================================================
----------------- testing Mon Jul 15 04:53:25 UTC 2019 /home/travis/build/icyphy/ptII/ptolemy/actor/lib/hoc/test/auto/HocDE.xml
----------------- Instantiating /home/travis/build/icyphy/ptII/ptolemy/actor/lib/hoc/test/auto/HocDE.xml
151 ms. Memory: 158720K Free: 111515K (70%)
----------------- Invoking toplevel() on ptolemy.moml.MoMLSimpleApplication@77c45a40
----------------- Done invoking toplevel() on ptolemy.moml.MoMLSimpleApplication@77c45a40
reloadAllAccessors: .HocDE

===========================================================================================
----------------- testing Mon Jul 15 04:53:25 UTC 2019 /home/travis/build/icyphy/ptII/ptolemy/actor/lib/hoc/test/auto/IterateOverArray.xml
----------------- Instantiating /home/travis/build/icyphy/ptII/ptolemy/actor/lib/hoc/test/auto/IterateOverArray.xml
6 ms. Memory: 158720K Free: 106952K (67%)
----------------- Invoking toplevel() on ptolemy.moml.MoMLSimpleApplication@f4c8e99
----------------- Done invoking toplevel() on ptolemy.moml.MoMLSimpleApplication@f4c8e99
reloadAllAccessors: .IterateOverArray

===========================================================================================
----------------- testing Mon Jul 15 04:53:25 UTC 2019 /home/travis/build/icyphy/ptII/ptolemy/actor/lib/hoc/test/auto/IterateOverArray10.xml
----------------- Instantiating /home/travis/build/icyphy/ptII/ptolemy/actor/lib/hoc/test/auto/IterateOverArray10.xml
7 ms. Memory: 158720K Free: 103880K (65%)
----------------- Invoking toplevel() on ptolemy.moml.MoMLSimpleApplication@3cf56a95
----------------- Done invoking toplevel() on ptolemy.moml.MoMLSimpleApplication@3cf56a95
reloadAllAccessors: .IterateOverArray10

===========================================================================================
----------------- testing Mon Jul 15 04:53:25 UTC 2019 /home/travis/build/icyphy/ptII/ptolemy/actor/lib/hoc/test/auto/IterateOverArray11.xml
----------------- Instantiating /home/travis/build/icyphy/ptII/ptolemy/actor/lib/hoc/test/auto/IterateOverArray11.xml
7 ms. Memory: 158720K Free: 99784K (63%)
----------------- Invoking toplevel() on ptolemy.moml.MoMLSimpleApplication@7cab25dd
----------------- Done invoking toplevel() on ptolemy.moml.MoMLSimpleApplication@7cab25dd
reloadAllAccessors: .IterateOverArray11

===========================================================================================
----------------- testing Mon Jul 15 04:53:25 UTC 2019 /home/travis/build/icyphy/ptII/ptolemy/actor/lib/hoc/test/auto/IterateOverArray12.xml
----------------- Instantiating /home/travis/build/icyphy/ptII/ptolemy/actor/lib/hoc/test/auto/IterateOverArray12.xml
16 ms. Memory: 158720K Free: 93640K (59%)
----------------- Invoking toplevel() on ptolemy.moml.MoMLSimpleApplication@50474a24
----------------- Done invoking toplevel() on ptolemy.moml.MoMLSimpleApplication@50474a24
reloadAllAccessors: .IterateOverArray12

===========================================================================================
----------------- testing Mon Jul 15 04:53:25 UTC 2019 /home/travis/build/icyphy/ptII/ptolemy/actor/lib/hoc/test/auto/IterateOverArray13.xml
----------------- Instantiating /home/travis/build/icyphy/ptII/ptolemy/actor/lib/hoc/test/auto/IterateOverArray13.xml
80 ms. Memory: 158720K Free: 68040K (43%)
----------------- Invoking toplevel() on ptolemy.moml.MoMLSimpleApplication@117065c2
----------------- Done invoking toplevel() on ptolemy.moml.MoMLSimpleApplication@117065c2
reloadAllAccessors: .IterateOverArray13

===========================================================================================
----------------- testing Mon Jul 15 04:53:25 UTC 2019 /home/travis/build/icyphy/ptII/ptolemy/actor/lib/hoc/test/auto/IterateOverArray14.xml
----------------- Instantiating /home/travis/build/icyphy/ptII/ptolemy/actor/lib/hoc/test/auto/IterateOverArray14.xml
73 ms. Memory: 158720K Free: 119725K (75%)
----------------- Invoking toplevel() on ptolemy.moml.MoMLSimpleApplication@317ebdb7
----------------- Done invoking toplevel() on ptolemy.moml.MoMLSimpleApplication@317ebdb7
reloadAllAccessors: .IterateOverArray14

===========================================================================================
----------------- testing Mon Jul 15 04:53:25 UTC 2019 /home/travis/build/icyphy/ptII/ptolemy/actor/lib/hoc/test/auto/IterateOverArray2.xml
----------------- Instantiating /home/travis/build/icyphy/ptII/ptolemy/actor/lib/hoc/test/auto/IterateOverArray2.xml
9 ms. Memory: 158720K Free: 115119K (73%)
----------------- Invoking toplevel() on ptolemy.moml.MoMLSimpleApplication@8b20fe
----------------- Done invoking toplevel() on ptolemy.moml.MoMLSimpleApplication@8b20fe
reloadAllAccessors: .IterateOverArray2

===========================================================================================
----------------- testing Mon Jul 15 04:53:26 UTC 2019 /home/travis/build/icyphy/ptII/ptolemy/actor/lib/hoc/test/auto/IterateOverArray3.xml
----------------- Instantiating /home/travis/build/icyphy/ptII/ptolemy/actor/lib/hoc/test/auto/IterateOverArray3.xml
14 ms. Memory: 158720K Free: 108975K (69%)
----------------- Invoking toplevel() on ptolemy.moml.MoMLSimpleApplication@14631c3c
----------------- Done invoking toplevel() on ptolemy.moml.MoMLSimpleApplication@14631c3c
reloadAllAccessors: .IterateOverArray3

===========================================================================================
----------------- testing Mon Jul 15 04:53:26 UTC 2019 /home/travis/build/icyphy/ptII/ptolemy/actor/lib/hoc/test/auto/IterateOverArray4.xml
----------------- Instantiating /home/travis/build/icyphy/ptII/ptolemy/actor/lib/hoc/test/auto/IterateOverArray4.xml
5 ms. Memory: 158720K Free: 104879K (66%)
----------------- Invoking toplevel() on ptolemy.moml.MoMLSimpleApplication@53560dce
----------------- Done invoking toplevel() on ptolemy.moml.MoMLSimpleApplication@53560dce
reloadAllAccessors: .IterateOverArray4

===========================================================================================
----------------- testing Mon Jul 15 04:53:26 UTC 2019 /home/travis/build/icyphy/ptII/ptolemy/actor/lib/hoc/test/auto/IterateOverArray5.xml
----------------- Instantiating /home/travis/build/icyphy/ptII/ptolemy/actor/lib/hoc/test/auto/IterateOverArray5.xml
2 ms. Memory: 158720K Free: 100783K (63%)
----------------- Invoking toplevel() on ptolemy.moml.MoMLSimpleApplication@6d82ece5
----------------- Done invoking toplevel() on ptolemy.moml.MoMLSimpleApplication@6d82ece5
reloadAllAccessors: .IterateOverArray5

===========================================================================================
----------------- testing Mon Jul 15 04:53:26 UTC 2019 /home/travis/build/icyphy/ptII/ptolemy/actor/lib/hoc/test/auto/IterateOverArray6.xml
----------------- Instantiating /home/travis/build/icyphy/ptII/ptolemy/actor/lib/hoc/test/auto/IterateOverArray6.xml
3 ms. Memory: 158720K Free: 97197K (61%)
----------------- Invoking toplevel() on ptolemy.moml.MoMLSimpleApplication@27acf888
----------------- Done invoking toplevel() on ptolemy.moml.MoMLSimpleApplication@27acf888
reloadAllAccessors: .IterateOverArray6

===========================================================================================
----------------- testing Mon Jul 15 04:53:26 UTC 2019 /home/travis/build/icyphy/ptII/ptolemy/actor/lib/hoc/test/auto/IterateOverArray7.xml
----------------- Instantiating /home/travis/build/icyphy/ptII/ptolemy/actor/lib/hoc/test/auto/IterateOverArray7.xml
8 ms. Memory: 158720K Free: 92591K (58%)
----------------- Invoking toplevel() on ptolemy.moml.MoMLSimpleApplication@5b9c5195
----------------- Done invoking toplevel() on ptolemy.moml.MoMLSimpleApplication@5b9c5195
reloadAllAccessors: .IterateOverArray7

===========================================================================================
----------------- testing Mon Jul 15 04:53:26 UTC 2019 /home/travis/build/icyphy/ptII/ptolemy/actor/lib/hoc/test/auto/IterateOverArray8.xml
----------------- Instantiating /home/travis/build/icyphy/ptII/ptolemy/actor/lib/hoc/test/auto/IterateOverArray8.xml
3 ms. Memory: 158720K Free: 89005K (56%)
----------------- Invoking toplevel() on ptolemy.moml.MoMLSimpleApplication@6833bc2d
----------------- Done invoking toplevel() on ptolemy.moml.MoMLSimpleApplication@6833bc2d
reloadAllAccessors: .IterateOverArray8

===========================================================================================
----------------- testing Mon Jul 15 04:53:26 UTC 2019 /home/travis/build/icyphy/ptII/ptolemy/actor/lib/hoc/test/auto/IterateOverArray9.xml
----------------- Instantiating /home/travis/build/icyphy/ptII/ptolemy/actor/lib/hoc/test/auto/IterateOverArray9.xml
7 ms. Memory: 158720K Free: 84399K (53%)
----------------- Invoking toplevel() on ptolemy.moml.MoMLSimpleApplication@2a0fc3e
----------------- Done invoking toplevel() on ptolemy.moml.MoMLSimpleApplication@2a0fc3e
reloadAllAccessors: .IterateOverArray9

===========================================================================================
----------------- testing Mon Jul 15 04:53:26 UTC 2019 /home/travis/build/icyphy/ptII/ptolemy/actor/lib/hoc/test/auto/IterateOverArrayCoercedOutputType.xml
----------------- Instantiating /home/travis/build/icyphy/ptII/ptolemy/actor/lib/hoc/test/auto/IterateOverArrayCoercedOutputType.xml
9 ms. Memory: 158720K Free: 79279K (50%)
----------------- Invoking toplevel() on ptolemy.moml.MoMLSimpleApplication@1effb022
----------------- Done invoking toplevel() on ptolemy.moml.MoMLSimpleApplication@1effb022
reloadAllAccessors: .IterateOverArrayCoercedOutputType

===========================================================================================
----------------- testing Mon Jul 15 04:53:26 UTC 2019 /home/travis/build/icyphy/ptII/ptolemy/actor/lib/hoc/test/auto/IterateOverArrayInferredOutputType.xml
----------------- Instantiating /home/travis/build/icyphy/ptII/ptolemy/actor/lib/hoc/test/auto/IterateOverArrayInferredOutputType.xml
9 ms. Memory: 158720K Free: 74669K (47%)
----------------- Invoking toplevel() on ptolemy.moml.MoMLSimpleApplication@fd56af9
----------------- Done invoking toplevel() on ptolemy.moml.MoMLSimpleApplication@fd56af9
reloadAllAccessors: .IterateOverArrayInferredOutputType

===========================================================================================
----------------- testing Mon Jul 15 04:53:26 UTC 2019 /home/travis/build/icyphy/ptII/ptolemy/actor/lib/hoc/test/auto/MobileFunctionTest.xml
----------------- Instantiating /home/travis/build/icyphy/ptII/ptolemy/actor/lib/hoc/test/auto/MobileFunctionTest.xml
3 ms. Memory: 158720K Free: 70543K (44%)
----------------- Invoking toplevel() on ptolemy.moml.MoMLSimpleApplication@55ac34a1
----------------- Done invoking toplevel() on ptolemy.moml.MoMLSimpleApplication@55ac34a1
reloadAllAccessors: .MobileFunctionTest

===========================================================================================
----------------- testing Mon Jul 15 04:53:26 UTC 2019 /home/travis/build/icyphy/ptII/ptolemy/actor/lib/hoc/test/auto/MobileModelTest.xml
----------------- Instantiating /home/travis/build/icyphy/ptII/ptolemy/actor/lib/hoc/test/auto/MobileModelTest.xml
136 ms. Memory: 158720K Free: 141854K (89%)
----------------- Invoking toplevel() on ptolemy.moml.MoMLSimpleApplication@5fe89797
----------------- Done invoking toplevel() on ptolemy.moml.MoMLSimpleApplication@5fe89797
reloadAllAccessors: .MobileModelTest

===========================================================================================
----------------- testing Mon Jul 15 04:53:26 UTC 2019 /home/travis/build/icyphy/ptII/ptolemy/actor/lib/hoc/test/auto/ModelReference.xml
----------------- Instantiating /home/travis/build/icyphy/ptII/ptolemy/actor/lib/hoc/test/auto/ModelReference.xml
2 ms. Memory: 158720K Free: 134686K (85%)
2 ms. Memory: 158720K Free: 134142K (85%)
2 ms. Memory: 158720K Free: 133134K (84%)
2 ms. Memory: 158720K Free: 132110K (83%)
1 ms. Memory: 158720K Free: 131614K (83%)
2 ms. Memory: 158720K Free: 130590K (82%)
2 ms. Memory: 158720K Free: 130062K (82%)
2 ms. Memory: 158720K Free: 129038K (81%)
2 ms. Memory: 158720K Free: 128014K (81%)
2 ms. Memory: 158720K Free: 127518K (80%)
26 ms. Memory: 158720K Free: 127518K (80%)
----------------- Invoking toplevel() on ptolemy.moml.MoMLSimpleApplication@747ad3b
----------------- Done invoking toplevel() on ptolemy.moml.MoMLSimpleApplication@747ad3b
reloadAllAccessors: .ModelReference

===========================================================================================
----------------- testing Mon Jul 15 04:53:26 UTC 2019 /home/travis/build/icyphy/ptII/ptolemy/actor/lib/hoc/test/auto/ModelReference3.xml
----------------- Instantiating /home/travis/build/icyphy/ptII/ptolemy/actor/lib/hoc/test/auto/ModelReference3.xml
2 ms. Memory: 158720K Free: 122398K (77%)
1 ms. Memory: 158720K Free: 121834K (77%)
1 ms. Memory: 158720K Free: 120860K (76%)
1 ms. Memory: 158720K Free: 120350K (76%)
1 ms. Memory: 158720K Free: 119326K (75%)
2 ms. Memory: 158720K Free: 118302K (75%)
2 ms. Memory: 158720K Free: 117782K (74%)
2 ms. Memory: 158720K Free: 116764K (74%)
2 ms. Memory: 158720K Free: 116254K (73%)
1 ms. Memory: 158720K Free: 115230K (73%)
22 ms. Memory: 158720K Free: 115230K (73%)
----------------- Invoking toplevel() on ptolemy.moml.MoMLSimpleApplication@7c1fdf65
----------------- Done invoking toplevel() on ptolemy.moml.MoMLSimpleApplication@7c1fdf65
reloadAllAccessors: .ModelReference3

===========================================================================================
----------------- testing Mon Jul 15 04:53:26 UTC 2019 /home/travis/build/icyphy/ptII/ptolemy/actor/lib/hoc/test/auto/ModelReference4.xml
----------------- Instantiating /home/travis/build/icyphy/ptII/ptolemy/actor/lib/hoc/test/auto/ModelReference4.xml
2 ms. Memory: 158720K Free: 110606K (70%)
2 ms. Memory: 158720K Free: 109086K (69%)
2 ms. Memory: 158720K Free: 108062K (68%)
5 ms. Memory: 158720K Free: 106518K (67%)
3 ms. Memory: 158720K Free: 105486K (66%)
5 ms. Memory: 158720K Free: 104470K (66%)
2 ms. Memory: 158720K Free: 102942K (65%)
6 ms. Memory: 158720K Free: 101918K (64%)
2 ms. Memory: 158720K Free: 100374K (63%)
2 ms. Memory: 158720K Free: 99342K (63%)
10017 ms. Memory: 158720K Free: 99342K (63%)
----------------- Invoking toplevel() on ptolemy.moml.MoMLSimpleApplication@7f2cc926
----------------- Done invoking toplevel() on ptolemy.moml.MoMLSimpleApplication@7f2cc926
reloadAllAccessors: .ModelReference4

===========================================================================================
----------------- testing Mon Jul 15 04:53:36 UTC 2019 /home/travis/build/icyphy/ptII/ptolemy/actor/lib/hoc/test/auto/MultiInstanceComposite.xml
----------------- Instantiating /home/travis/build/icyphy/ptII/ptolemy/actor/lib/hoc/test/auto/MultiInstanceComposite.xml
27 ms. Memory: 158720K Free: 79900K (50%)
----------------- Invoking toplevel() on ptolemy.moml.MoMLSimpleApplication@5d9a0e5c
----------------- Done invoking toplevel() on ptolemy.moml.MoMLSimpleApplication@5d9a0e5c
reloadAllAccessors: .MultiInstanceComposite

===========================================================================================
----------------- testing Mon Jul 15 04:53:36 UTC 2019 /home/travis/build/icyphy/ptII/ptolemy/actor/lib/hoc/test/auto/MultiInstanceComposite2.xml
----------------- Instantiating /home/travis/build/icyphy/ptII/ptolemy/actor/lib/hoc/test/auto/MultiInstanceComposite2.xml
16 ms. Memory: 158720K Free: 68636K (43%)
----------------- Invoking toplevel() on ptolemy.moml.MoMLSimpleApplication@5df5f882
----------------- Done invoking toplevel() on ptolemy.moml.MoMLSimpleApplication@5df5f882
reloadAllAccessors: .MultiInstanceComposite2

===========================================================================================
----------------- testing Mon Jul 15 04:53:36 UTC 2019 /home/travis/build/icyphy/ptII/ptolemy/actor/lib/hoc/test/auto/MulticoreExecution.xml
----------------- Instantiating /home/travis/build/icyphy/ptII/ptolemy/actor/lib/hoc/test/auto/MulticoreExecution.xml
Fired ExecutionTime: 29600000
Fired ExecutionTime: 17200000
Fired ExecutionTime: 27600000
Fired ExecutionTime: 30400000
Fired ExecutionTime: 47600000
Fired ExecutionTime: 31200000
Fired ExecutionTime: 28800000
Fired ExecutionTime: 46400000
Fired ExecutionTime: 47200000
Fired ExecutionTime: 88400000
Fired ExecutionTime: 73600000
Fired ExecutionTime: 89200000
Fired ExecutionTime: 88400000
Fired ExecutionTime: 88800000
Fired ExecutionTime: 88400000
Fired ExecutionTime: 88800000
Fired ExecutionTime: 99200000
Fired ExecutionTime: 99200000
Fired ExecutionTime: 40800000
Fired ExecutionTime: 91600000
1051 ms. Memory: 158720K Free: 59934K (38%)
----------------- Invoking toplevel() on ptolemy.moml.MoMLSimpleApplication@3996b81f
----------------- Done invoking toplevel() on ptolemy.moml.MoMLSimpleApplication@3996b81f
reloadAllAccessors: .MulticoreExecution

===========================================================================================
----------------- testing Mon Jul 15 04:53:37 UTC 2019 /home/travis/build/icyphy/ptII/ptolemy/actor/lib/hoc/test/auto/ParallelExecution.xml
----------------- Instantiating /home/travis/build/icyphy/ptII/ptolemy/actor/lib/hoc/test/auto/ParallelExecution.xml
917 ms. Memory: 158720K Free: 52252K (33%)
----------------- Invoking toplevel() on ptolemy.moml.MoMLSimpleApplication@19e13bb5
----------------- Done invoking toplevel() on ptolemy.moml.MoMLSimpleApplication@19e13bb5
reloadAllAccessors: .ParallelExecution

===========================================================================================
----------------- testing Mon Jul 15 04:53:38 UTC 2019 /home/travis/build/icyphy/ptII/ptolemy/actor/lib/hoc/test/auto/RunCompositeActor.xml
----------------- Instantiating /home/travis/build/icyphy/ptII/ptolemy/actor/lib/hoc/test/auto/RunCompositeActor.xml
8 ms. Memory: 158720K Free: 137845K (87%)
----------------- Invoking toplevel() on ptolemy.moml.MoMLSimpleApplication@fd85e08
----------------- Done invoking toplevel() on ptolemy.moml.MoMLSimpleApplication@fd85e08
reloadAllAccessors: .RunCompositeActor

===========================================================================================
----------------- testing Mon Jul 15 04:53:38 UTC 2019 /home/travis/build/icyphy/ptII/ptolemy/actor/lib/hoc/test/auto/RunCompositeActor2.xml
----------------- Instantiating /home/travis/build/icyphy/ptII/ptolemy/actor/lib/hoc/test/auto/RunCompositeActor2.xml
4 ms. Memory: 158720K Free: 131717K (83%)
----------------- Invoking toplevel() on ptolemy.moml.MoMLSimpleApplication@6900f835
----------------- Done invoking toplevel() on ptolemy.moml.MoMLSimpleApplication@6900f835
reloadAllAccessors: .RunCompositeActor2

===========================================================================================
----------------- testing Mon Jul 15 04:53:38 UTC 2019 /home/travis/build/icyphy/ptII/ptolemy/actor/lib/hoc/test/auto/RunCompositeActor3.xml
----------------- Instantiating /home/travis/build/icyphy/ptII/ptolemy/actor/lib/hoc/test/auto/RunCompositeActor3.xml
4 ms. Memory: 158720K Free: 126101K (79%)
----------------- Invoking toplevel() on ptolemy.moml.MoMLSimpleApplication@6d0a0e53
----------------- Done invoking toplevel() on ptolemy.moml.MoMLSimpleApplication@6d0a0e53
reloadAllAccessors: .RunCompositeActor3

===========================================================================================
----------------- testing Mon Jul 15 04:53:38 UTC 2019 /home/travis/build/icyphy/ptII/ptolemy/actor/lib/hoc/test/auto/RunCompositeActor4.xml
----------------- Instantiating /home/travis/build/icyphy/ptII/ptolemy/actor/lib/hoc/test/auto/RunCompositeActor4.xml
9 ms. Memory: 158720K Free: 117909K (74%)
----------------- Invoking toplevel() on ptolemy.moml.MoMLSimpleApplication@5e7614e4
----------------- Done invoking toplevel() on ptolemy.moml.MoMLSimpleApplication@5e7614e4
reloadAllAccessors: .RunCompositeActor4

===========================================================================================
----------------- testing Mon Jul 15 04:53:38 UTC 2019 /home/travis/build/icyphy/ptII/ptolemy/actor/lib/hoc/test/auto/RunCompositeIterateOverArray.xml
----------------- Instantiating /home/travis/build/icyphy/ptII/ptolemy/actor/lib/hoc/test/auto/RunCompositeIterateOverArray.xml
5 ms. Memory: 158720K Free: 111765K (70%)
----------------- Invoking toplevel() on ptolemy.moml.MoMLSimpleApplication@15bd4ea1
----------------- Done invoking toplevel() on ptolemy.moml.MoMLSimpleApplication@15bd4ea1
reloadAllAccessors: .RunCompositeIterateOverArray

===========================================================================================
----------------- testing Mon Jul 15 04:53:38 UTC 2019 /home/travis/build/icyphy/ptII/ptolemy/actor/lib/hoc/test/auto/ThreadedJS.xml
----------------- Instantiating /home/travis/build/icyphy/ptII/ptolemy/actor/lib/hoc/test/auto/ThreadedJS.xml
6423 ms. Memory: 275456K Free: 143437K (52%)
----------------- Invoking toplevel() on ptolemy.moml.MoMLSimpleApplication@28b0ebf8
----------------- Done invoking toplevel() on ptolemy.moml.MoMLSimpleApplication@28b0ebf8
reloadAllAccessors: .ThreadedJS
AutoTests.java: About to close Vertx.
AutoTests.java: Vertx closed.
]]></system-out>
  <system-err><![CDATA[java.lang.RuntimeException: Execution failed
	at ptolemy.moml.MoMLSimpleApplication$UnloadThread.run(MoMLSimpleApplication.java:402)
Caused by: ptolemy.kernel.util.IllegalActionException: initialize() was called after wrapup() was called but preinitialize() was not called after wrapup().
	at ptolemy.actor.lib.hoc.test.PreinitializeMustBeInvoked.initialize(PreinitializeMustBeInvoked.java:78)
	at ptolemy.actor.Director.initialize(Director.java:938)
	at ptolemy.actor.Director.initialize(Director.java:907)
	at ptolemy.actor.sched.StaticSchedulingDirector.initialize(StaticSchedulingDirector.java:159)
	at ptolemy.domains.sdf.kernel.SDFDirector.initialize(SDFDirector.java:544)
	at ptolemy.actor.CompositeActor.initialize(CompositeActor.java:935)
	at ptolemy.actor.lib.hoc.LifeCycleManager._executeInsideModel(LifeCycleManager.java:339)
	at ptolemy.actor.lib.hoc.RunCompositeActor.fire(RunCompositeActor.java:205)
	at ptolemy.actor.CompositeActor.iterate(CompositeActor.java:1146)
	at ptolemy.actor.sched.StaticSchedulingDirector.fire(StaticSchedulingDirector.java:216)
	at ptolemy.domains.sdf.kernel.SDFDirector.fire(SDFDirector.java:500)
	at ptolemy.actor.CompositeActor.fire(CompositeActor.java:455)
	at ptolemy.actor.Manager.iterate(Manager.java:851)
	at ptolemy.actor.Manager.execute(Manager.java:369)
	at ptolemy.actor.Manager.run(Manager.java:1263)
	at ptolemy.actor.Manager$PtolemyRunThread.run(Manager.java:1915)
java.lang.reflect.InvocationTargetException
	at java.base/jdk.internal.reflect.NativeConstructorAccessorImpl.newInstance0(Native Method)
	at java.base/jdk.internal.reflect.NativeConstructorAccessorImpl.newInstance(NativeConstructorAccessorImpl.java:62)
	at java.base/jdk.internal.reflect.DelegatingConstructorAccessorImpl.newInstance(DelegatingConstructorAccessorImpl.java:45)
	at java.base/java.lang.reflect.Constructor.newInstance(Constructor.java:490)
	at ptolemy.util.test.junit.AutoKnownFailedTests.RunModel(AutoKnownFailedTests.java:105)
	at java.base/jdk.internal.reflect.NativeMethodAccessorImpl.invoke0(Native Method)
	at java.base/jdk.internal.reflect.NativeMethodAccessorImpl.invoke(NativeMethodAccessorImpl.java:62)
	at java.base/jdk.internal.reflect.DelegatingMethodAccessorImpl.invoke(DelegatingMethodAccessorImpl.java:43)
	at java.base/java.lang.reflect.Method.invoke(Method.java:566)
	at org.junit.runners.model.FrameworkMethod$1.runReflectiveCall(FrameworkMethod.java:44)
	at org.junit.internal.runners.model.ReflectiveCallable.run(ReflectiveCallable.java:15)
	at org.junit.runners.model.FrameworkMethod.invokeExplosively(FrameworkMethod.java:41)
	at junitparams.internal.InvokeParameterisedMethod.evaluate(InvokeParameterisedMethod.java:102)
	at org.junit.internal.runners.statements.FailOnTimeout$1.run(FailOnTimeout.java:28)
Caused by: ptolemy.kernel.util.IllegalActionException: initialize() was called after wrapup() was called but preinitialize() was not called after wrapup().
	at ptolemy.actor.lib.hoc.test.PreinitializeMustBeInvoked.initialize(PreinitializeMustBeInvoked.java:78)
	at ptolemy.actor.Director.initialize(Director.java:938)
	at ptolemy.actor.Director.initialize(Director.java:907)
	at ptolemy.actor.sched.StaticSchedulingDirector.initialize(StaticSchedulingDirector.java:159)
	at ptolemy.domains.sdf.kernel.SDFDirector.initialize(SDFDirector.java:544)
	at ptolemy.actor.CompositeActor.initialize(CompositeActor.java:935)
	at ptolemy.actor.lib.hoc.LifeCycleManager._executeInsideModel(LifeCycleManager.java:339)
	at ptolemy.actor.lib.hoc.RunCompositeActor.fire(RunCompositeActor.java:205)
	at ptolemy.actor.CompositeActor.iterate(CompositeActor.java:1146)
	at ptolemy.actor.sched.StaticSchedulingDirector.fire(StaticSchedulingDirector.java:216)
	at ptolemy.domains.sdf.kernel.SDFDirector.fire(SDFDirector.java:500)
	at ptolemy.actor.CompositeActor.fire(CompositeActor.java:455)
	at ptolemy.actor.Manager.iterate(Manager.java:851)
	at ptolemy.actor.Manager.execute(Manager.java:369)
	at ptolemy.actor.Manager.run(Manager.java:1263)
	at ptolemy.actor.Manager$PtolemyRunThread.run(Manager.java:1915)
Warning: Nashorn engine is planned to be removed from a future JDK release
Warning: Nashorn engine is planned to be removed from a future JDK release
Warning: Nashorn engine is planned to be removed from a future JDK release
Warning: Nashorn engine is planned to be removed from a future JDK release
Warning: Nashorn engine is planned to be removed from a future JDK release
Warning: Nashorn engine is planned to be removed from a future JDK release
Warning: Nashorn engine is planned to be removed from a future JDK release
Warning: Nashorn engine is planned to be removed from a future JDK release
]]></system-err>
</testsuite>
