<?xml version="1.0" encoding="UTF-8" ?>
<testsuite errors="0" failures="0" hostname="travis-job-57a11049-43f0-4680-835c-e4884571c69d" name="ptolemy.domains.de.test.junit.JUnitTclTest" skipped="0" tests="101" time="125.082" timestamp="2020-10-01T16:30:20">
  <properties>
[...]
</properties>
  <testcase classname="ptolemy.util.test.junit.TclTests" name="[0] /home/travis/build/icyphy/ptII/ptolemy/domains/de/test/DependencyLoop.tcl (RunTclFile)" time="1.119" />
  <testcase classname="ptolemy.util.test.junit.TclTests" name="[1] /home/travis/build/icyphy/ptII/ptolemy/domains/de/test/RunDETestsAsQSS.tcl (RunTclFile)" time="84.551" />
  <testcase classname="ptolemy.util.test.junit.AutoKnownFailedTests" name="[0] /home/travis/build/icyphy/ptII/ptolemy/domains/de/test/auto/knownFailedTests/DESDFClockTest.xml (RunModel)" time="2.035" />
  <testcase classname="ptolemy.util.test.junit.AutoKnownFailedTests" name="[1] /home/travis/build/icyphy/ptII/ptolemy/domains/de/test/auto/knownFailedTests/DirectFeedback.xml (RunModel)" time="0.024" />
  <testcase classname="ptolemy.util.test.junit.AutoKnownFailedTests" name="[2] /home/travis/build/icyphy/ptII/ptolemy/domains/de/test/auto/knownFailedTests/FSMSource.xml (RunModel)" time="0.029" />
  <testcase classname="ptolemy.util.test.junit.AutoKnownFailedTests" name="[3] /home/travis/build/icyphy/ptII/ptolemy/domains/de/test/auto/knownFailedTests/HierarchicalModel.xml (RunModel)" time="0.046" />
  <testcase classname="ptolemy.util.test.junit.AutoKnownFailedTests" name="[4] /home/travis/build/icyphy/ptII/ptolemy/domains/de/test/auto/knownFailedTests/dependencyLoop.xml (RunModel)" time="0.043" />
  <testcase classname="ptolemy.util.test.junit.AutoKnownFailedTests" name="[5] /home/travis/build/icyphy/ptII/ptolemy/domains/de/test/auto/knownFailedTests/dependencyLoop2.xml (RunModel)" time="0.044" />
  <testcase classname="ptolemy.util.test.junit.AutoNameArchTests" name="[0] ThereAreNoAutoArchTests (RunModel)" time="0.001" />
  <testcase classname="ptolemy.util.test.junit.AutoTests" name="[0] /home/travis/build/icyphy/ptII/ptolemy/domains/de/test/auto/ActorDepthCalculation_actorWithoutPorts.xml (RunModel)" time="0.022" />
  <testcase classname="ptolemy.util.test.junit.AutoTests" name="[1] /home/travis/build/icyphy/ptII/ptolemy/domains/de/test/auto/AssemblyLine.xml (RunModel)" time="0.026" />
  <testcase classname="ptolemy.util.test.junit.AutoTests" name="[2] /home/travis/build/icyphy/ptII/ptolemy/domains/de/test/auto/CQBug1.xml (RunModel)" time="0.018" />
  <testcase classname="ptolemy.util.test.junit.AutoTests" name="[3] /home/travis/build/icyphy/ptII/ptolemy/domains/de/test/auto/CancelFireAt.xml (RunModel)" time="0.024" />
  <testcase classname="ptolemy.util.test.junit.AutoTests" name="[4] /home/travis/build/icyphy/ptII/ptolemy/domains/de/test/auto/CausalityAndComposabilityAnalysis.xml (RunModel)" time="0.018" />
  <testcase classname="ptolemy.util.test.junit.AutoTests" name="[5] /home/travis/build/icyphy/ptII/ptolemy/domains/de/test/auto/CausalityInterface1.xml (RunModel)" time="0.016" />
  <testcase classname="ptolemy.util.test.junit.AutoTests" name="[6] /home/travis/build/icyphy/ptII/ptolemy/domains/de/test/auto/CausalityInterface15.xml (RunModel)" time="0.016" />
  <testcase classname="ptolemy.util.test.junit.AutoTests" name="[7] /home/travis/build/icyphy/ptII/ptolemy/domains/de/test/auto/CausalityInterface2.xml (RunModel)" time="0.016" />
  <testcase classname="ptolemy.util.test.junit.AutoTests" name="[8] /home/travis/build/icyphy/ptII/ptolemy/domains/de/test/auto/CausalityInterface3.xml (RunModel)" time="0.017" />
  <testcase classname="ptolemy.util.test.junit.AutoTests" name="[9] /home/travis/build/icyphy/ptII/ptolemy/domains/de/test/auto/ClockDrift.xml (RunModel)" time="0.041" />
  <testcase classname="ptolemy.util.test.junit.AutoTests" name="[10] /home/travis/build/icyphy/ptII/ptolemy/domains/de/test/auto/ClockDriftAndValueChange.xml (RunModel)" time="0.027" />
  <testcase classname="ptolemy.util.test.junit.AutoTests" name="[11] /home/travis/build/icyphy/ptII/ptolemy/domains/de/test/auto/ClockDriftChange.xml (RunModel)" time="0.033" />
  <testcase classname="ptolemy.util.test.junit.AutoTests" name="[12] /home/travis/build/icyphy/ptII/ptolemy/domains/de/test/auto/ComposableCausalityAnalysis.xml (RunModel)" time="0.015" />
  <testcase classname="ptolemy.util.test.junit.AutoTests" name="[13] /home/travis/build/icyphy/ptII/ptolemy/domains/de/test/auto/DEFixedPointLimitation.xml (RunModel)" time="0.01" />
  <testcase classname="ptolemy.util.test.junit.AutoTests" name="[14] /home/travis/build/icyphy/ptII/ptolemy/domains/de/test/auto/DEScheduleTest.xml (RunModel)" time="0.016" />
  <testcase classname="ptolemy.util.test.junit.AutoTests" name="[15] /home/travis/build/icyphy/ptII/ptolemy/domains/de/test/auto/DEinDEwithStartTimes.xml (RunModel)" time="0.017" />
  <testcase classname="ptolemy.util.test.junit.AutoTests" name="[16] /home/travis/build/icyphy/ptII/ptolemy/domains/de/test/auto/DEinDEwithStartTimes2.xml (RunModel)" time="0.02" />
  <testcase classname="ptolemy.util.test.junit.AutoTests" name="[17] /home/travis/build/icyphy/ptII/ptolemy/domains/de/test/auto/DateDemo.xml (RunModel)" time="0.038" />
  <testcase classname="ptolemy.util.test.junit.AutoTests" name="[18] /home/travis/build/icyphy/ptII/ptolemy/domains/de/test/auto/DateToEvent.xml (RunModel)" time="2.046" />
  <testcase classname="ptolemy.util.test.junit.AutoTests" name="[19] /home/travis/build/icyphy/ptII/ptolemy/domains/de/test/auto/DepthTest1.xml (RunModel)" time="0.01" />
  <testcase classname="ptolemy.util.test.junit.AutoTests" name="[20] /home/travis/build/icyphy/ptII/ptolemy/domains/de/test/auto/DepthTest2.xml (RunModel)" time="0.018" />
  <testcase classname="ptolemy.util.test.junit.AutoTests" name="[21] /home/travis/build/icyphy/ptII/ptolemy/domains/de/test/auto/DepthTest3.xml (RunModel)" time="0.01" />
  <testcase classname="ptolemy.util.test.junit.AutoTests" name="[22] /home/travis/build/icyphy/ptII/ptolemy/domains/de/test/auto/DepthTest4.xml (RunModel)" time="0.019" />
  <testcase classname="ptolemy.util.test.junit.AutoTests" name="[23] /home/travis/build/icyphy/ptII/ptolemy/domains/de/test/auto/DepthTest5.xml (RunModel)" time="0.014" />
  <testcase classname="ptolemy.util.test.junit.AutoTests" name="[24] /home/travis/build/icyphy/ptII/ptolemy/domains/de/test/auto/DepthTest6.xml (RunModel)" time="0.017" />
  <testcase classname="ptolemy.util.test.junit.AutoTests" name="[25] /home/travis/build/icyphy/ptII/ptolemy/domains/de/test/auto/DepthTest7.xml (RunModel)" time="0.011" />
  <testcase classname="ptolemy.util.test.junit.AutoTests" name="[26] /home/travis/build/icyphy/ptII/ptolemy/domains/de/test/auto/EventToDate.xml (RunModel)" time="3.032" />
  <testcase classname="ptolemy.util.test.junit.AutoTests" name="[27] /home/travis/build/icyphy/ptII/ptolemy/domains/de/test/auto/FSM1.xml (RunModel)" time="0.053" />
  <testcase classname="ptolemy.util.test.junit.AutoTests" name="[28] /home/travis/build/icyphy/ptII/ptolemy/domains/de/test/auto/FSM7.xml (RunModel)" time="0.035" />
  <testcase classname="ptolemy.util.test.junit.AutoTests" name="[29] /home/travis/build/icyphy/ptII/ptolemy/domains/de/test/auto/Inspection.xml (RunModel)" time="0.041" />
  <testcase classname="ptolemy.util.test.junit.AutoTests" name="[30] /home/travis/build/icyphy/ptII/ptolemy/domains/de/test/auto/Iteration.xml (RunModel)" time="0.027" />
  <testcase classname="ptolemy.util.test.junit.AutoTests" name="[31] /home/travis/build/icyphy/ptII/ptolemy/domains/de/test/auto/LineFault.xml (RunModel)" time="0.528" />
  <testcase classname="ptolemy.util.test.junit.AutoTests" name="[32] /home/travis/build/icyphy/ptII/ptolemy/domains/de/test/auto/MergeModel1Add.xml (RunModel)" time="0.048" />
  <testcase classname="ptolemy.util.test.junit.AutoTests" name="[33] /home/travis/build/icyphy/ptII/ptolemy/domains/de/test/auto/MergeModel2Add.xml (RunModel)" time="0.039" />
  <testcase classname="ptolemy.util.test.junit.AutoTests" name="[34] /home/travis/build/icyphy/ptII/ptolemy/domains/de/test/auto/MergeModel3Add.xml (RunModel)" time="0.043" />
  <testcase classname="ptolemy.util.test.junit.AutoTests" name="[35] /home/travis/build/icyphy/ptII/ptolemy/domains/de/test/auto/MergeWithoutDiscard.xml (RunModel)" time="0.011" />
  <testcase classname="ptolemy.util.test.junit.AutoTests" name="[36] /home/travis/build/icyphy/ptII/ptolemy/domains/de/test/auto/Modal1.xml (RunModel)" time="0.03" />
  <testcase classname="ptolemy.util.test.junit.AutoTests" name="[37] /home/travis/build/icyphy/ptII/ptolemy/domains/de/test/auto/Modal2.xml (RunModel)" time="0.03" />
  <testcase classname="ptolemy.util.test.junit.AutoTests" name="[38] /home/travis/build/icyphy/ptII/ptolemy/domains/de/test/auto/Modal3.xml (RunModel)" time="0.024" />
  <testcase classname="ptolemy.util.test.junit.AutoTests" name="[39] /home/travis/build/icyphy/ptII/ptolemy/domains/de/test/auto/Modal4.xml (RunModel)" time="0.031" />
  <testcase classname="ptolemy.util.test.junit.AutoTests" name="[40] /home/travis/build/icyphy/ptII/ptolemy/domains/de/test/auto/Modal5.xml (RunModel)" time="0.027" />
  <testcase classname="ptolemy.util.test.junit.AutoTests" name="[41] /home/travis/build/icyphy/ptII/ptolemy/domains/de/test/auto/Modal6.xml (RunModel)" time="0.029" />
  <testcase classname="ptolemy.util.test.junit.AutoTests" name="[42] /home/travis/build/icyphy/ptII/ptolemy/domains/de/test/auto/Modal7.xml (RunModel)" time="0.03" />
  <testcase classname="ptolemy.util.test.junit.AutoTests" name="[43] /home/travis/build/icyphy/ptII/ptolemy/domains/de/test/auto/ModalModel.xml (RunModel)" time="0.187" />
  <testcase classname="ptolemy.util.test.junit.AutoTests" name="[44] /home/travis/build/icyphy/ptII/ptolemy/domains/de/test/auto/ModalSource.xml (RunModel)" time="0.021" />
  <testcase classname="ptolemy.util.test.junit.AutoTests" name="[45] /home/travis/build/icyphy/ptII/ptolemy/domains/de/test/auto/NonInterruptibleTimerZeroDelay.xml (RunModel)" time="0.009" />
  <testcase classname="ptolemy.util.test.junit.AutoTests" name="[46] /home/travis/build/icyphy/ptII/ptolemy/domains/de/test/auto/OpenQueueingNetwork.xml (RunModel)" time="2.474" />
  <testcase classname="ptolemy.util.test.junit.AutoTests" name="[47] /home/travis/build/icyphy/ptII/ptolemy/domains/de/test/auto/OpenQueuingNetwork.xml (RunModel)" time="0.271" />
  <testcase classname="ptolemy.util.test.junit.AutoTests" name="[48] /home/travis/build/icyphy/ptII/ptolemy/domains/de/test/auto/PeriodicSampler.xml (RunModel)" time="0.01" />
  <testcase classname="ptolemy.util.test.junit.AutoTests" name="[49] /home/travis/build/icyphy/ptII/ptolemy/domains/de/test/auto/PersistentIO.xml (RunModel)" time="0.019" />
  <testcase classname="ptolemy.util.test.junit.AutoTests" name="[50] /home/travis/build/icyphy/ptII/ptolemy/domains/de/test/auto/PortParameterResetOnInitialize.xml (RunModel)" time="0.012" />
  <testcase classname="ptolemy.util.test.junit.AutoTests" name="[51] /home/travis/build/icyphy/ptII/ptolemy/domains/de/test/auto/PortParameterUpdates.xml (RunModel)" time="0.015" />
  <testcase classname="ptolemy.util.test.junit.AutoTests" name="[52] /home/travis/build/icyphy/ptII/ptolemy/domains/de/test/auto/QueueAndServer.xml (RunModel)" time="0.024" />
  <testcase classname="ptolemy.util.test.junit.AutoTests" name="[53] /home/travis/build/icyphy/ptII/ptolemy/domains/de/test/auto/Records.xml (RunModel)" time="0.022" />
  <testcase classname="ptolemy.util.test.junit.AutoTests" name="[54] /home/travis/build/icyphy/ptII/ptolemy/domains/de/test/auto/ResetTransitionWithStartTime1.xml (RunModel)" time="0.022" />
  <testcase classname="ptolemy.util.test.junit.AutoTests" name="[55] /home/travis/build/icyphy/ptII/ptolemy/domains/de/test/auto/ResetTransitionWithStartTime2.xml (RunModel)" time="0.024" />
  <testcase classname="ptolemy.util.test.junit.AutoTests" name="[56] /home/travis/build/icyphy/ptII/ptolemy/domains/de/test/auto/ResetTransitionWithStartTime3.xml (RunModel)" time="0.022" />
  <testcase classname="ptolemy.util.test.junit.AutoTests" name="[57] /home/travis/build/icyphy/ptII/ptolemy/domains/de/test/auto/ResetTransitionWithStartTime4.xml (RunModel)" time="0.017" />
  <testcase classname="ptolemy.util.test.junit.AutoTests" name="[58] /home/travis/build/icyphy/ptII/ptolemy/domains/de/test/auto/ResettableTimer1.xml (RunModel)" time="0.013" />
  <testcase classname="ptolemy.util.test.junit.AutoTests" name="[59] /home/travis/build/icyphy/ptII/ptolemy/domains/de/test/auto/ResettableTimer2.xml (RunModel)" time="0.009" />
  <testcase classname="ptolemy.util.test.junit.AutoTests" name="[60] /home/travis/build/icyphy/ptII/ptolemy/domains/de/test/auto/ResettableTimer3.xml (RunModel)" time="0.01" />
  <testcase classname="ptolemy.util.test.junit.AutoTests" name="[61] /home/travis/build/icyphy/ptII/ptolemy/domains/de/test/auto/ResettableTimer4.xml (RunModel)" time="0.008" />
  <testcase classname="ptolemy.util.test.junit.AutoTests" name="[62] /home/travis/build/icyphy/ptII/ptolemy/domains/de/test/auto/ResettableTimer5.xml (RunModel)" time="0.009" />
  <testcase classname="ptolemy.util.test.junit.AutoTests" name="[63] /home/travis/build/icyphy/ptII/ptolemy/domains/de/test/auto/ResettableTimer6.xml (RunModel)" time="0.017" />
  <testcase classname="ptolemy.util.test.junit.AutoTests" name="[64] /home/travis/build/icyphy/ptII/ptolemy/domains/de/test/auto/ServerZeroDelay.xml (RunModel)" time="0.01" />
  <testcase classname="ptolemy.util.test.junit.AutoTests" name="[65] /home/travis/build/icyphy/ptII/ptolemy/domains/de/test/auto/SmartSender.xml (RunModel)" time="3.007" />
  <testcase classname="ptolemy.util.test.junit.AutoTests" name="[66] /home/travis/build/icyphy/ptII/ptolemy/domains/de/test/auto/ThreadedComposite.xml (RunModel)" time="0.592" />
  <testcase classname="ptolemy.util.test.junit.AutoTests" name="[67] /home/travis/build/icyphy/ptII/ptolemy/domains/de/test/auto/Time.xml (RunModel)" time="0.374" />
  <testcase classname="ptolemy.util.test.junit.AutoTests" name="[68] /home/travis/build/icyphy/ptII/ptolemy/domains/de/test/auto/TimeDelayZeroDelay.xml (RunModel)" time="0.013" />
  <testcase classname="ptolemy.util.test.junit.AutoTests" name="[69] /home/travis/build/icyphy/ptII/ptolemy/domains/de/test/auto/TimerZeroDelay.xml (RunModel)" time="0.01" />
  <testcase classname="ptolemy.util.test.junit.AutoTests" name="[70] /home/travis/build/icyphy/ptII/ptolemy/domains/de/test/auto/TimingParadox.xml (RunModel)" time="0.308" />
  <testcase classname="ptolemy.util.test.junit.AutoTests" name="[71] /home/travis/build/icyphy/ptII/ptolemy/domains/de/test/auto/TransferInputs.xml (RunModel)" time="0.013" />
  <testcase classname="ptolemy.util.test.junit.AutoTests" name="[72] /home/travis/build/icyphy/ptII/ptolemy/domains/de/test/auto/TransferOutputs2.xml (RunModel)" time="0.02" />
  <testcase classname="ptolemy.util.test.junit.AutoTests" name="[73] /home/travis/build/icyphy/ptII/ptolemy/domains/de/test/auto/Trilateration.xml (RunModel)" time="10.699" />
  <testcase classname="ptolemy.util.test.junit.AutoTests" name="[74] /home/travis/build/icyphy/ptII/ptolemy/domains/de/test/auto/TwoSigmaDelta.xml (RunModel)" time="1.745" />
  <testcase classname="ptolemy.util.test.junit.AutoTests" name="[75] /home/travis/build/icyphy/ptII/ptolemy/domains/de/test/auto/VariableDelay.xml (RunModel)" time="0.012" />
  <testcase classname="ptolemy.util.test.junit.AutoTests" name="[76] /home/travis/build/icyphy/ptII/ptolemy/domains/de/test/auto/VariableDelay2.xml (RunModel)" time="0.014" />
  <testcase classname="ptolemy.util.test.junit.AutoTests" name="[77] /home/travis/build/icyphy/ptII/ptolemy/domains/de/test/auto/VariableDelayZeroDelay.xml (RunModel)" time="0.012" />
  <testcase classname="ptolemy.util.test.junit.AutoTests" name="[78] /home/travis/build/icyphy/ptII/ptolemy/domains/de/test/auto/VariableDelayZeroDelay2.xml (RunModel)" time="0.011" />
  <testcase classname="ptolemy.util.test.junit.AutoTests" name="[79] /home/travis/build/icyphy/ptII/ptolemy/domains/de/test/auto/deInCt.xml (RunModel)" time="0.016" />
  <testcase classname="ptolemy.util.test.junit.AutoTests" name="[80] /home/travis/build/icyphy/ptII/ptolemy/domains/de/test/auto/deInCt2.xml (RunModel)" time="0.015" />
  <testcase classname="ptolemy.util.test.junit.AutoTests" name="[81] /home/travis/build/icyphy/ptII/ptolemy/domains/de/test/auto/dynamicCausalityInterface1.xml (RunModel)" time="0.017" />
  <testcase classname="ptolemy.util.test.junit.AutoTests" name="[82] /home/travis/build/icyphy/ptII/ptolemy/domains/de/test/auto/fsm_de_test.xml (RunModel)" time="0.023" />
  <testcase classname="ptolemy.util.test.junit.AutoTests" name="[83] /home/travis/build/icyphy/ptII/ptolemy/domains/de/test/auto/functionDependencyReconstruction.xml (RunModel)" time="0.027" />
  <testcase classname="ptolemy.util.test.junit.AutoTests" name="[84] /home/travis/build/icyphy/ptII/ptolemy/domains/de/test/auto/multirate.xml (RunModel)" time="0.016" />
  <testcase classname="ptolemy.util.test.junit.AutoTests" name="[85] /home/travis/build/icyphy/ptII/ptolemy/domains/de/test/auto/multirate2.xml (RunModel)" time="0.014" />
  <testcase classname="ptolemy.util.test.junit.AutoTests" name="[86] /home/travis/build/icyphy/ptII/ptolemy/domains/de/test/auto/realtime.xml (RunModel)" time="10.013" />
  <testcase classname="ptolemy.util.test.junit.AutoTests" name="[87] /home/travis/build/icyphy/ptII/ptolemy/domains/de/test/auto/relationGroup.xml (RunModel)" time="0.008" />
  <testcase classname="ptolemy.util.test.junit.AutoTests" name="[88] /home/travis/build/icyphy/ptII/ptolemy/domains/de/test/auto/relationGroup2.xml (RunModel)" time="0.015" />
  <testcase classname="ptolemy.util.test.junit.AutoTests" name="[89] /home/travis/build/icyphy/ptII/ptolemy/domains/de/test/auto/sortWithOpaquePorts.xml (RunModel)" time="0.008" />
  <testcase classname="ptolemy.util.test.junit.AutoTests" name="[90] /home/travis/build/icyphy/ptII/ptolemy/domains/de/test/auto/transferInputsandOutputs.xml (RunModel)" time="0.016" />
  <testcase classname="ptolemy.util.test.junit.AutoTests" name="[91] /home/travis/build/icyphy/ptII/ptolemy/domains/de/test/auto/triggerType.xml (RunModel)" time="0.009" />
  <system-out><![CDATA[/home/travis/build/icyphy/ptII/ptolemy/domains/de/test/DependencyLoop.tcl
testDefs.tcl: setting time out to 9000 seconds at Thu Oct 01 16:30:20 UTC 2020
77 ms. Memory: 129024K Free: 78791K (61%)
12 ms. Memory: 129024K Free: 61863K (48%)
/home/travis/build/icyphy/ptII/ptolemy/domains/de/test/RunDETestsAsQSS.tcl
Run the DE tests using ptolemy.domains.qss.test.QSSDirectorTest, which extends QSSDirector and prints a message in the constructors.
------------------ testing $PTII/ptolemy/domains/de/test/auto/knownFailedTests/DirectFeedback.xml (Known Failure) 
32 ms. Memory: 129024K Free: 55749K (43%)


==== $PTIIhome/travis/build/icyphy/ptII/ptolemy/domains/de/test/../../../../: Auto Automatic test in file $PTII/ptolemy/domains/de/test/auto/knownFailedTests/DirectFeedback.xml
==== Contents of test case:

	    # FIXME: we should use $relativeFilename here, but it
	    # might have backslashes under Windows, which causes no end
	    # of trouble.
	    createAndExecute $file
	    list {}
	
.... Test generated KNOWN error:
    while executing
ptolemy.kernel.util.IllegalActionException: Test fails in iteration 1.
Value was: 1.0. Should have been: 2.0
  in .DirectFeedback.Test
	at ptolemy.actor.lib.Test.fire(Test.java:268)
	at ptolemy.domains.de.kernel.DEDirector._fire(DEDirector.java:1949)
	at ptolemy.domains.de.kernel.DEDirector.fire(DEDirector.java:502)
	at ptolemy.actor.CompositeActor.fire(CompositeActor.java:455)
	at ptolemy.actor.Manager.iterate(Manager.java:851)
	at ptolemy.actor.Manager.execute(Manager.java:369)
	at ptolemy.actor.Manager.run(Manager.java:1263)
	at ptolemy.actor.Manager$PtolemyRunThread.run(Manager.java:1933)

    while executing
ptolemy.kernel.util.IllegalActionException: Test fails in iteration 1.
Value was: 1.0. Should have been: 2.0
  in .DirectFeedback.Test
    while executing
"java::new ptolemy.moml.MoMLSimpleApplication $file
"
    (procedure "createAndExecute" line 2)
    invoked from within
"createAndExecute $file"
    ("uplevel" body line 5)
    invoked from within
"uplevel $contents_of_test"
------------------ testing $PTII/ptolemy/domains/de/test/auto/knownFailedTests/dependencyLoop.xml (Known Failure) 
10 ms. Memory: 129024K Free: 52167K (40%)


==== $PTIIhome/travis/build/icyphy/ptII/ptolemy/domains/de/test/../../../../: Auto Automatic test in file $PTII/ptolemy/domains/de/test/auto/knownFailedTests/dependencyLoop.xml
==== Contents of test case:

	    # FIXME: we should use $relativeFilename here, but it
	    # might have backslashes under Windows, which causes no end
	    # of trouble.
	    createAndExecute $file
	    list {}
	
.... Test generated KNOWN error:
    while executing
ptolemy.kernel.util.IllegalActionException: Found a zero delay loop containing .dependencyLoop.original
  in .dependencyLoop and .dependencyLoop.original
	at ptolemy.actor.util.CausalityInterfaceForComposites._computeOutputPortDepth(CausalityInterfaceForComposites.java:759)
	at ptolemy.actor.util.CausalityInterfaceForComposites._computeInputDepth(CausalityInterfaceForComposites.java:696)
	at ptolemy.actor.util.CausalityInterfaceForComposites._computeOutputPortDepth(CausalityInterfaceForComposites.java:765)
	at ptolemy.actor.util.CausalityInterfaceForComposites._computeInputDepth(CausalityInterfaceForComposites.java:696)
	at ptolemy.actor.util.CausalityInterfaceForComposites._computeOutputPortDepth(CausalityInterfaceForComposites.java:765)
	at ptolemy.actor.util.CausalityInterfaceForComposites._computeInputDepth(CausalityInterfaceForComposites.java:696)
	at ptolemy.actor.util.CausalityInterfaceForComposites._computeActorDepth(CausalityInterfaceForComposites.java:532)
	at ptolemy.actor.util.CausalityInterfaceForComposites.checkForCycles(CausalityInterfaceForComposites.java:96)
	at ptolemy.domains.de.kernel.DEDirector.preinitialize(DEDirector.java:1338)
	at ptolemy.actor.CompositeActor.preinitialize(CompositeActor.java:1828)
	at ptolemy.actor.Manager.preinitializeAndResolveTypes(Manager.java:1040)
	at ptolemy.actor.Manager.initialize(Manager.java:710)
	at ptolemy.actor.Manager.execute(Manager.java:356)
	at ptolemy.actor.Manager.run(Manager.java:1263)
	at ptolemy.actor.Manager$PtolemyRunThread.run(Manager.java:1933)

    while executing
ptolemy.kernel.util.IllegalActionException: Found a zero delay loop containing .dependencyLoop.original
  in .dependencyLoop and .dependencyLoop.original
    while executing
"java::new ptolemy.moml.MoMLSimpleApplication $file
"
    (procedure "createAndExecute" line 2)
    invoked from within
"createAndExecute $file"
    ("uplevel" body line 5)
    invoked from within
"uplevel $contents_of_test"
------------------ testing $PTII/ptolemy/domains/de/test/auto/knownFailedTests/FSMSource.xml (Known Failure) 
53 ms. Memory: 129024K Free: 110938K (86%)
!!!! Auto was marked as failing, but now passes
------------------ testing $PTII/ptolemy/domains/de/test/auto/knownFailedTests/HierarchicalModel.xml (Known Failure) 
8 ms. Memory: 129024K Free: 93025K (72%)


==== $PTIIhome/travis/build/icyphy/ptII/ptolemy/domains/de/test/../../../../: Auto Automatic test in file $PTII/ptolemy/domains/de/test/auto/knownFailedTests/HierarchicalModel.xml
==== Contents of test case:

	    # FIXME: we should use $relativeFilename here, but it
	    # might have backslashes under Windows, which causes no end
	    # of trouble.
	    createAndExecute $file
	    list {}
	
.... Test generated KNOWN error:
    while executing
ptolemy.kernel.util.IllegalActionException: Found a zero delay loop containing .HierarchicalModel.A
  in .HierarchicalModel and .HierarchicalModel.A
	at ptolemy.actor.util.CausalityInterfaceForComposites._computeOutputPortDepth(CausalityInterfaceForComposites.java:759)
	at ptolemy.actor.util.CausalityInterfaceForComposites._computeInputDepth(CausalityInterfaceForComposites.java:696)
	at ptolemy.actor.util.CausalityInterfaceForComposites._computeOutputPortDepth(CausalityInterfaceForComposites.java:765)
	at ptolemy.actor.util.CausalityInterfaceForComposites._computeInputDepth(CausalityInterfaceForComposites.java:696)
	at ptolemy.actor.util.CausalityInterfaceForComposites._computeOutputPortDepth(CausalityInterfaceForComposites.java:765)
	at ptolemy.actor.util.CausalityInterfaceForComposites._computeInputDepth(CausalityInterfaceForComposites.java:696)
	at ptolemy.actor.util.CausalityInterfaceForComposites._computeActorDepth(CausalityInterfaceForComposites.java:532)
	at ptolemy.actor.util.CausalityInterfaceForComposites.checkForCycles(CausalityInterfaceForComposites.java:96)
	at ptolemy.domains.de.kernel.DEDirector.preinitialize(DEDirector.java:1338)
	at ptolemy.actor.CompositeActor.preinitialize(CompositeActor.java:1828)
	at ptolemy.actor.Manager.preinitializeAndResolveTypes(Manager.java:1040)
	at ptolemy.actor.Manager.initialize(Manager.java:710)
	at ptolemy.actor.Manager.execute(Manager.java:356)
	at ptolemy.actor.Manager.run(Manager.java:1263)
	at ptolemy.actor.Manager$PtolemyRunThread.run(Manager.java:1933)

    while executing
ptolemy.kernel.util.IllegalActionException: Found a zero delay loop containing .HierarchicalModel.A
  in .HierarchicalModel and .HierarchicalModel.A
    while executing
"java::new ptolemy.moml.MoMLSimpleApplication $file
"
    (procedure "createAndExecute" line 2)
    invoked from within
"createAndExecute $file"
    ("uplevel" body line 5)
    invoked from within
"uplevel $contents_of_test"
------------------ testing $PTII/ptolemy/domains/de/test/auto/knownFailedTests/dependencyLoop2.xml (Known Failure) 
5 ms. Memory: 129024K Free: 77148K (60%)


==== $PTIIhome/travis/build/icyphy/ptII/ptolemy/domains/de/test/../../../../: Auto Automatic test in file $PTII/ptolemy/domains/de/test/auto/knownFailedTests/dependencyLoop2.xml
==== Contents of test case:

	    # FIXME: we should use $relativeFilename here, but it
	    # might have backslashes under Windows, which causes no end
	    # of trouble.
	    createAndExecute $file
	    list {}
	
.... Test generated KNOWN error:
    while executing
ptolemy.kernel.util.IllegalActionException: Found a zero delay loop containing .dependencyLoop2.original
  in .dependencyLoop2 and .dependencyLoop2.original
	at ptolemy.actor.util.CausalityInterfaceForComposites._computeOutputPortDepth(CausalityInterfaceForComposites.java:759)
	at ptolemy.actor.util.CausalityInterfaceForComposites._computeInputDepth(CausalityInterfaceForComposites.java:696)
	at ptolemy.actor.util.CausalityInterfaceForComposites._computeOutputPortDepth(CausalityInterfaceForComposites.java:765)
	at ptolemy.actor.util.CausalityInterfaceForComposites._computeInputDepth(CausalityInterfaceForComposites.java:696)
	at ptolemy.actor.util.CausalityInterfaceForComposites._computeOutputPortDepth(CausalityInterfaceForComposites.java:765)
	at ptolemy.actor.util.CausalityInterfaceForComposites._computeInputDepth(CausalityInterfaceForComposites.java:696)
	at ptolemy.actor.util.CausalityInterfaceForComposites._computeActorDepth(CausalityInterfaceForComposites.java:532)
	at ptolemy.actor.util.CausalityInterfaceForComposites.checkForCycles(CausalityInterfaceForComposites.java:96)
	at ptolemy.domains.de.kernel.DEDirector.preinitialize(DEDirector.java:1338)
	at ptolemy.actor.CompositeActor.preinitialize(CompositeActor.java:1828)
	at ptolemy.actor.Manager.preinitializeAndResolveTypes(Manager.java:1040)
	at ptolemy.actor.Manager.initialize(Manager.java:710)
	at ptolemy.actor.Manager.execute(Manager.java:356)
	at ptolemy.actor.Manager.run(Manager.java:1263)
	at ptolemy.actor.Manager$PtolemyRunThread.run(Manager.java:1933)

    while executing
ptolemy.kernel.util.IllegalActionException: Found a zero delay loop containing .dependencyLoop2.original
  in .dependencyLoop2 and .dependencyLoop2.original
    while executing
"java::new ptolemy.moml.MoMLSimpleApplication $file
"
    (procedure "createAndExecute" line 2)
    invoked from within
"createAndExecute $file"
    ("uplevel" body line 5)
    invoked from within
"uplevel $contents_of_test"
------------------ testing $PTII/ptolemy/domains/de/test/auto/knownFailedTests/DESDFClockTest.xml (Known Failure) 
2062 ms. Memory: 129024K Free: 106692K (83%)


==== $PTIIhome/travis/build/icyphy/ptII/ptolemy/domains/de/test/../../../../: Auto Automatic test in file $PTII/ptolemy/domains/de/test/auto/knownFailedTests/DESDFClockTest.xml
==== Contents of test case:

	    # FIXME: we should use $relativeFilename here, but it
	    # might have backslashes under Windows, which causes no end
	    # of trouble.
	    createAndExecute $file
	    list {}
	
.... Test generated KNOWN error:
    while executing
ptolemy.kernel.util.IllegalActionException: Actor is not ready to fire.  Perhaps UpSample.prefire() returned false? Try debugging the actor by selecting "Listen to Actor".  Also, for SDF check moml for tokenConsumptionRate on input.
  in .DESDFClockTest.Play Bell.Copy1:SDF Director and .DESDFClockTest.Play Bell.UpSample
	at ptolemy.actor.sched.StaticSchedulingDirector.fire(StaticSchedulingDirector.java:227)
	at ptolemy.domains.sdf.kernel.SDFDirector.fire(SDFDirector.java:500)
	at ptolemy.actor.CompositeActor.fire(CompositeActor.java:455)
	at ptolemy.domains.de.kernel.DEDirector._fire(DEDirector.java:1949)
	at ptolemy.domains.de.kernel.DEDirector.fire(DEDirector.java:502)
	at ptolemy.actor.CompositeActor.fire(CompositeActor.java:455)
	at ptolemy.actor.Manager.iterate(Manager.java:851)
	at ptolemy.actor.Manager.execute(Manager.java:369)
	at ptolemy.actor.Manager.run(Manager.java:1263)
	at ptolemy.actor.Manager$PtolemyRunThread.run(Manager.java:1933)

    while executing
ptolemy.kernel.util.IllegalActionException: Actor is not ready to fire.  Perhaps UpSample.prefire() returned false? Try debugging the actor by selecting "Listen to Actor".  Also, for SDF check moml for tokenConsumptionRate on input.
  in .DESDFClockTest.Play Bell.Copy1:SDF Director and .DESDFClockTest.Play Bell.UpSample
    while executing
"java::new ptolemy.moml.MoMLSimpleApplication $file
"
    (procedure "createAndExecute" line 2)
    invoked from within
"createAndExecute $file"
    ("uplevel" body line 5)
    invoked from within
"uplevel $contents_of_test"
------------------ testing $PTII/ptolemy/domains/de/test/auto/ActorDepthCalculation_actorWithoutPorts.xml
auto.tcl: Setting watchdog for 200 seconds at Thu Oct 01 16:30:24 UTC 2020
7 ms. Memory: 129024K Free: 99510K (77%)
ptolemy.util.test.WatchDog.cancel(): canceling Thu Oct 01 16:30:24 UTC 2020
auto.tcl: Setting watchdog for 200 seconds at Thu Oct 01 16:30:24 UTC 2020
8 ms. Memory: 129024K Free: 97990K (76%)
ptolemy.util.test.WatchDog.cancel(): canceling Thu Oct 01 16:30:24 UTC 2020
------------------ testing $PTII/ptolemy/domains/de/test/auto/AssemblyLine.xml
auto.tcl: Setting watchdog for 200 seconds at Thu Oct 01 16:30:24 UTC 2020
16 ms. Memory: 51200K Free: 27482K (54%)
ptolemy.util.test.WatchDog.cancel(): canceling Thu Oct 01 16:30:24 UTC 2020
auto.tcl: Setting watchdog for 200 seconds at Thu Oct 01 16:30:24 UTC 2020
7 ms. Memory: 51200K Free: 26734K (52%)
ptolemy.util.test.WatchDog.cancel(): canceling Thu Oct 01 16:30:24 UTC 2020
------------------ testing $PTII/ptolemy/domains/de/test/auto/CQBug1.xml
auto.tcl: Setting watchdog for 200 seconds at Thu Oct 01 16:30:25 UTC 2020
2 ms. Memory: 51200K Free: 33828K (66%)
ptolemy.util.test.WatchDog.cancel(): canceling Thu Oct 01 16:30:25 UTC 2020
auto.tcl: Setting watchdog for 200 seconds at Thu Oct 01 16:30:25 UTC 2020
2 ms. Memory: 51200K Free: 33357K (65%)
ptolemy.util.test.WatchDog.cancel(): canceling Thu Oct 01 16:30:25 UTC 2020
------------------ testing $PTII/ptolemy/domains/de/test/auto/CancelFireAt.xml
auto.tcl: Setting watchdog for 200 seconds at Thu Oct 01 16:30:25 UTC 2020
3 ms. Memory: 48128K Free: 31687K (66%)
ptolemy.util.test.WatchDog.cancel(): canceling Thu Oct 01 16:30:25 UTC 2020
auto.tcl: Setting watchdog for 200 seconds at Thu Oct 01 16:30:25 UTC 2020
3 ms. Memory: 48128K Free: 31256K (65%)
ptolemy.util.test.WatchDog.cancel(): canceling Thu Oct 01 16:30:25 UTC 2020
------------------ testing $PTII/ptolemy/domains/de/test/auto/CausalityAndComposabilityAnalysis.xml
auto.tcl: Setting watchdog for 200 seconds at Thu Oct 01 16:30:25 UTC 2020
15 ms. Memory: 48128K Free: 29392K (61%)
ptolemy.util.test.WatchDog.cancel(): canceling Thu Oct 01 16:30:25 UTC 2020
auto.tcl: Setting watchdog for 200 seconds at Thu Oct 01 16:30:25 UTC 2020
5 ms. Memory: 48128K Free: 28961K (60%)
ptolemy.util.test.WatchDog.cancel(): canceling Thu Oct 01 16:30:25 UTC 2020
------------------ testing $PTII/ptolemy/domains/de/test/auto/CausalityInterface1.xml
auto.tcl: Setting watchdog for 200 seconds at Thu Oct 01 16:30:25 UTC 2020
40 ms. Memory: 48128K Free: 28337K (59%)
ptolemy.util.test.WatchDog.cancel(): canceling Thu Oct 01 16:30:25 UTC 2020
auto.tcl: Setting watchdog for 200 seconds at Thu Oct 01 16:30:25 UTC 2020
4 ms. Memory: 48128K Free: 27360K (57%)
ptolemy.util.test.WatchDog.cancel(): canceling Thu Oct 01 16:30:25 UTC 2020
------------------ testing $PTII/ptolemy/domains/de/test/auto/CausalityInterface15.xml
auto.tcl: Setting watchdog for 200 seconds at Thu Oct 01 16:30:25 UTC 2020
13 ms. Memory: 48128K Free: 28502K (59%)
ptolemy.util.test.WatchDog.cancel(): canceling Thu Oct 01 16:30:25 UTC 2020
auto.tcl: Setting watchdog for 200 seconds at Thu Oct 01 16:30:25 UTC 2020
4 ms. Memory: 48128K Free: 27322K (57%)
ptolemy.util.test.WatchDog.cancel(): canceling Thu Oct 01 16:30:25 UTC 2020
------------------ testing $PTII/ptolemy/domains/de/test/auto/CausalityInterface2.xml
auto.tcl: Setting watchdog for 200 seconds at Thu Oct 01 16:30:25 UTC 2020
4 ms. Memory: 48128K Free: 28928K (60%)
ptolemy.util.test.WatchDog.cancel(): canceling Thu Oct 01 16:30:25 UTC 2020
auto.tcl: Setting watchdog for 200 seconds at Thu Oct 01 16:30:25 UTC 2020
3 ms. Memory: 48128K Free: 28222K (59%)
ptolemy.util.test.WatchDog.cancel(): canceling Thu Oct 01 16:30:25 UTC 2020
------------------ testing $PTII/ptolemy/domains/de/test/auto/CausalityInterface3.xml
auto.tcl: Setting watchdog for 200 seconds at Thu Oct 01 16:30:25 UTC 2020
9 ms. Memory: 48128K Free: 28440K (59%)
ptolemy.util.test.WatchDog.cancel(): canceling Thu Oct 01 16:30:25 UTC 2020
auto.tcl: Setting watchdog for 200 seconds at Thu Oct 01 16:30:25 UTC 2020
2 ms. Memory: 48128K Free: 27653K (57%)
ptolemy.util.test.WatchDog.cancel(): canceling Thu Oct 01 16:30:25 UTC 2020
------------------ testing $PTII/ptolemy/domains/de/test/auto/ClockDrift.xml
auto.tcl: Setting watchdog for 200 seconds at Thu Oct 01 16:30:25 UTC 2020
81 ms. Memory: 48128K Free: 21018K (44%)
ptolemy.util.test.WatchDog.cancel(): canceling Thu Oct 01 16:30:25 UTC 2020
auto.tcl: Setting watchdog for 200 seconds at Thu Oct 01 16:30:25 UTC 2020
56 ms. Memory: 48128K Free: 18004K (37%)
ptolemy.util.test.WatchDog.cancel(): canceling Thu Oct 01 16:30:25 UTC 2020
------------------ testing $PTII/ptolemy/domains/de/test/auto/ClockDriftAndValueChange.xml
auto.tcl: Setting watchdog for 200 seconds at Thu Oct 01 16:30:25 UTC 2020
34 ms. Memory: 48128K Free: 21098K (44%)
ptolemy.util.test.WatchDog.cancel(): canceling Thu Oct 01 16:30:26 UTC 2020
auto.tcl: Setting watchdog for 200 seconds at Thu Oct 01 16:30:26 UTC 2020
18 ms. Memory: 48128K Free: 18264K (38%)
ptolemy.util.test.WatchDog.cancel(): canceling Thu Oct 01 16:30:26 UTC 2020
------------------ testing $PTII/ptolemy/domains/de/test/auto/ClockDriftChange.xml
auto.tcl: Setting watchdog for 200 seconds at Thu Oct 01 16:30:26 UTC 2020
18 ms. Memory: 48128K Free: 23143K (48%)
ptolemy.util.test.WatchDog.cancel(): canceling Thu Oct 01 16:30:26 UTC 2020
auto.tcl: Setting watchdog for 200 seconds at Thu Oct 01 16:30:26 UTC 2020
18 ms. Memory: 48128K Free: 20565K (43%)
ptolemy.util.test.WatchDog.cancel(): canceling Thu Oct 01 16:30:26 UTC 2020
------------------ testing $PTII/ptolemy/domains/de/test/auto/ComposableCausalityAnalysis.xml
auto.tcl: Setting watchdog for 200 seconds at Thu Oct 01 16:30:26 UTC 2020
2 ms. Memory: 48128K Free: 27761K (58%)
ptolemy.util.test.WatchDog.cancel(): canceling Thu Oct 01 16:30:26 UTC 2020
auto.tcl: Setting watchdog for 200 seconds at Thu Oct 01 16:30:26 UTC 2020
5 ms. Memory: 48128K Free: 26743K (56%)
ptolemy.util.test.WatchDog.cancel(): canceling Thu Oct 01 16:30:26 UTC 2020
------------------ testing $PTII/ptolemy/domains/de/test/auto/DEFixedPointLimitation.xml
auto.tcl: Setting watchdog for 200 seconds at Thu Oct 01 16:30:26 UTC 2020
4 ms. Memory: 48128K Free: 29124K (61%)
ptolemy.util.test.WatchDog.cancel(): canceling Thu Oct 01 16:30:26 UTC 2020
auto.tcl: Setting watchdog for 200 seconds at Thu Oct 01 16:30:26 UTC 2020
1 ms. Memory: 48128K Free: 28209K (59%)
ptolemy.util.test.WatchDog.cancel(): canceling Thu Oct 01 16:30:26 UTC 2020
------------------ testing $PTII/ptolemy/domains/de/test/auto/DEScheduleTest.xml
auto.tcl: Setting watchdog for 200 seconds at Thu Oct 01 16:30:26 UTC 2020
7 ms. Memory: 48128K Free: 29419K (61%)
ptolemy.util.test.WatchDog.cancel(): canceling Thu Oct 01 16:30:26 UTC 2020
auto.tcl: Setting watchdog for 200 seconds at Thu Oct 01 16:30:26 UTC 2020
3 ms. Memory: 48128K Free: 28661K (60%)
ptolemy.util.test.WatchDog.cancel(): canceling Thu Oct 01 16:30:26 UTC 2020
------------------ testing $PTII/ptolemy/domains/de/test/auto/DEinDEwithStartTimes.xml
auto.tcl: Setting watchdog for 200 seconds at Thu Oct 01 16:30:26 UTC 2020
5 ms. Memory: 48128K Free: 27631K (57%)
ptolemy.util.test.WatchDog.cancel(): canceling Thu Oct 01 16:30:26 UTC 2020
auto.tcl: Setting watchdog for 200 seconds at Thu Oct 01 16:30:26 UTC 2020
5 ms. Memory: 48128K Free: 26557K (55%)
ptolemy.util.test.WatchDog.cancel(): canceling Thu Oct 01 16:30:26 UTC 2020
------------------ testing $PTII/ptolemy/domains/de/test/auto/DEinDEwithStartTimes2.xml
auto.tcl: Setting watchdog for 200 seconds at Thu Oct 01 16:30:26 UTC 2020
4 ms. Memory: 48128K Free: 26790K (56%)
ptolemy.util.test.WatchDog.cancel(): canceling Thu Oct 01 16:30:26 UTC 2020
auto.tcl: Setting watchdog for 200 seconds at Thu Oct 01 16:30:26 UTC 2020
4 ms. Memory: 48128K Free: 25513K (53%)
ptolemy.util.test.WatchDog.cancel(): canceling Thu Oct 01 16:30:26 UTC 2020
------------------ testing $PTII/ptolemy/domains/de/test/auto/DateDemo.xml
auto.tcl: Setting watchdog for 200 seconds at Thu Oct 01 16:30:26 UTC 2020
12 ms. Memory: 48128K Free: 21155K (44%)
ptolemy.util.test.WatchDog.cancel(): canceling Thu Oct 01 16:30:26 UTC 2020
auto.tcl: Setting watchdog for 200 seconds at Thu Oct 01 16:30:26 UTC 2020
7 ms. Memory: 48128K Free: 19572K (41%)
ptolemy.util.test.WatchDog.cancel(): canceling Thu Oct 01 16:30:26 UTC 2020
------------------ testing $PTII/ptolemy/domains/de/test/auto/DateToEvent.xml
auto.tcl: Setting watchdog for 200 seconds at Thu Oct 01 16:30:26 UTC 2020
2028 ms. Memory: 48128K Free: 17077K (35%)
ptolemy.util.test.WatchDog.cancel(): canceling Thu Oct 01 16:30:28 UTC 2020
auto.tcl: Setting watchdog for 200 seconds at Thu Oct 01 16:30:28 UTC 2020
2006 ms. Memory: 48128K Free: 16277K (34%)
ptolemy.util.test.WatchDog.cancel(): canceling Thu Oct 01 16:30:30 UTC 2020
------------------ testing $PTII/ptolemy/domains/de/test/auto/DepthTest1.xml
auto.tcl: Setting watchdog for 200 seconds at Thu Oct 01 16:30:30 UTC 2020
3 ms. Memory: 48128K Free: 30224K (63%)
ptolemy.util.test.WatchDog.cancel(): canceling Thu Oct 01 16:30:30 UTC 2020
auto.tcl: Setting watchdog for 200 seconds at Thu Oct 01 16:30:30 UTC 2020
1 ms. Memory: 48128K Free: 29804K (62%)
ptolemy.util.test.WatchDog.cancel(): canceling Thu Oct 01 16:30:30 UTC 2020
------------------ testing $PTII/ptolemy/domains/de/test/auto/DepthTest2.xml
auto.tcl: Setting watchdog for 200 seconds at Thu Oct 01 16:30:31 UTC 2020
4 ms. Memory: 48128K Free: 27069K (56%)
ptolemy.util.test.WatchDog.cancel(): canceling Thu Oct 01 16:30:31 UTC 2020
auto.tcl: Setting watchdog for 200 seconds at Thu Oct 01 16:30:31 UTC 2020
3 ms. Memory: 48128K Free: 26664K (55%)
ptolemy.util.test.WatchDog.cancel(): canceling Thu Oct 01 16:30:31 UTC 2020
------------------ testing $PTII/ptolemy/domains/de/test/auto/DepthTest3.xml
auto.tcl: Setting watchdog for 200 seconds at Thu Oct 01 16:30:31 UTC 2020
3 ms. Memory: 48128K Free: 30554K (63%)
ptolemy.util.test.WatchDog.cancel(): canceling Thu Oct 01 16:30:31 UTC 2020
auto.tcl: Setting watchdog for 200 seconds at Thu Oct 01 16:30:31 UTC 2020
1 ms. Memory: 48128K Free: 30116K (63%)
ptolemy.util.test.WatchDog.cancel(): canceling Thu Oct 01 16:30:31 UTC 2020
------------------ testing $PTII/ptolemy/domains/de/test/auto/DepthTest4.xml
auto.tcl: Setting watchdog for 200 seconds at Thu Oct 01 16:30:31 UTC 2020
4 ms. Memory: 48128K Free: 28903K (60%)
ptolemy.util.test.WatchDog.cancel(): canceling Thu Oct 01 16:30:31 UTC 2020
auto.tcl: Setting watchdog for 200 seconds at Thu Oct 01 16:30:31 UTC 2020
3 ms. Memory: 48128K Free: 28159K (59%)
ptolemy.util.test.WatchDog.cancel(): canceling Thu Oct 01 16:30:31 UTC 2020
------------------ testing $PTII/ptolemy/domains/de/test/auto/DepthTest5.xml
auto.tcl: Setting watchdog for 200 seconds at Thu Oct 01 16:30:31 UTC 2020
3 ms. Memory: 48128K Free: 28300K (59%)
ptolemy.util.test.WatchDog.cancel(): canceling Thu Oct 01 16:30:31 UTC 2020
auto.tcl: Setting watchdog for 200 seconds at Thu Oct 01 16:30:31 UTC 2020
2 ms. Memory: 48128K Free: 27513K (57%)
ptolemy.util.test.WatchDog.cancel(): canceling Thu Oct 01 16:30:31 UTC 2020
------------------ testing $PTII/ptolemy/domains/de/test/auto/DepthTest6.xml
auto.tcl: Setting watchdog for 200 seconds at Thu Oct 01 16:30:31 UTC 2020
4 ms. Memory: 48128K Free: 27988K (58%)
ptolemy.util.test.WatchDog.cancel(): canceling Thu Oct 01 16:30:31 UTC 2020
auto.tcl: Setting watchdog for 200 seconds at Thu Oct 01 16:30:31 UTC 2020
3 ms. Memory: 48128K Free: 27575K (57%)
ptolemy.util.test.WatchDog.cancel(): canceling Thu Oct 01 16:30:31 UTC 2020
------------------ testing $PTII/ptolemy/domains/de/test/auto/DepthTest7.xml
auto.tcl: Setting watchdog for 200 seconds at Thu Oct 01 16:30:31 UTC 2020
3 ms. Memory: 48128K Free: 28828K (60%)
ptolemy.util.test.WatchDog.cancel(): canceling Thu Oct 01 16:30:31 UTC 2020
auto.tcl: Setting watchdog for 200 seconds at Thu Oct 01 16:30:31 UTC 2020
2 ms. Memory: 48128K Free: 28075K (58%)
ptolemy.util.test.WatchDog.cancel(): canceling Thu Oct 01 16:30:31 UTC 2020
------------------ testing $PTII/ptolemy/domains/de/test/auto/EventToDate.xml
auto.tcl: Setting watchdog for 200 seconds at Thu Oct 01 16:30:31 UTC 2020
3005 ms. Memory: 48128K Free: 19852K (41%)
ptolemy.util.test.WatchDog.cancel(): canceling Thu Oct 01 16:30:34 UTC 2020
auto.tcl: Setting watchdog for 200 seconds at Thu Oct 01 16:30:34 UTC 2020
3005 ms. Memory: 48128K Free: 18910K (39%)
ptolemy.util.test.WatchDog.cancel(): canceling Thu Oct 01 16:30:37 UTC 2020
------------------ testing $PTII/ptolemy/domains/de/test/auto/FSM1.xml
auto.tcl: Setting watchdog for 200 seconds at Thu Oct 01 16:30:37 UTC 2020
26 ms. Memory: 48128K Free: 20829K (43%)
ptolemy.util.test.WatchDog.cancel(): canceling Thu Oct 01 16:30:37 UTC 2020
auto.tcl: Setting watchdog for 200 seconds at Thu Oct 01 16:30:37 UTC 2020
17 ms. Memory: 48128K Free: 17590K (37%)
ptolemy.util.test.WatchDog.cancel(): canceling Thu Oct 01 16:30:37 UTC 2020
------------------ testing $PTII/ptolemy/domains/de/test/auto/FSM7.xml
auto.tcl: Setting watchdog for 200 seconds at Thu Oct 01 16:30:37 UTC 2020
23 ms. Memory: 48128K Free: 20519K (43%)
ptolemy.util.test.WatchDog.cancel(): canceling Thu Oct 01 16:30:37 UTC 2020
auto.tcl: Setting watchdog for 200 seconds at Thu Oct 01 16:30:37 UTC 2020
20 ms. Memory: 48128K Free: 17400K (36%)
ptolemy.util.test.WatchDog.cancel(): canceling Thu Oct 01 16:30:37 UTC 2020
------------------ testing $PTII/ptolemy/domains/de/test/auto/Inspection.xml
auto.tcl: Setting watchdog for 200 seconds at Thu Oct 01 16:30:37 UTC 2020
22 ms. Memory: 48128K Free: 20534K (43%)
ptolemy.util.test.WatchDog.cancel(): canceling Thu Oct 01 16:30:37 UTC 2020
auto.tcl: Setting watchdog for 200 seconds at Thu Oct 01 16:30:37 UTC 2020
26 ms. Memory: 48128K Free: 18810K (39%)
ptolemy.util.test.WatchDog.cancel(): canceling Thu Oct 01 16:30:37 UTC 2020
------------------ testing $PTII/ptolemy/domains/de/test/auto/Iteration.xml
auto.tcl: Setting watchdog for 200 seconds at Thu Oct 01 16:30:37 UTC 2020
7 ms. Memory: 48128K Free: 26063K (54%)
ptolemy.util.test.WatchDog.cancel(): canceling Thu Oct 01 16:30:38 UTC 2020
auto.tcl: Setting watchdog for 200 seconds at Thu Oct 01 16:30:38 UTC 2020
8 ms. Memory: 48128K Free: 24669K (51%)
ptolemy.util.test.WatchDog.cancel(): canceling Thu Oct 01 16:30:38 UTC 2020
------------------ testing $PTII/ptolemy/domains/de/test/auto/LineFault.xml
auto.tcl: Setting watchdog for 200 seconds at Thu Oct 01 16:30:38 UTC 2020
580 ms. Memory: 58368K Free: 37821K (65%)
ptolemy.util.test.WatchDog.cancel(): canceling Thu Oct 01 16:30:38 UTC 2020
auto.tcl: Setting watchdog for 200 seconds at Thu Oct 01 16:30:38 UTC 2020
478 ms. Memory: 58368K Free: 33073K (57%)
ptolemy.util.test.WatchDog.cancel(): canceling Thu Oct 01 16:30:39 UTC 2020
------------------ testing $PTII/ptolemy/domains/de/test/auto/MergeModel1Add.xml
auto.tcl: Setting watchdog for 200 seconds at Thu Oct 01 16:30:39 UTC 2020
29 ms. Memory: 58368K Free: 22261K (38%)
ptolemy.util.test.WatchDog.cancel(): canceling Thu Oct 01 16:30:39 UTC 2020
auto.tcl: Setting watchdog for 200 seconds at Thu Oct 01 16:30:39 UTC 2020
19 ms. Memory: 58368K Free: 20528K (35%)
ptolemy.util.test.WatchDog.cancel(): canceling Thu Oct 01 16:30:39 UTC 2020
------------------ testing $PTII/ptolemy/domains/de/test/auto/MergeModel2Add.xml
auto.tcl: Setting watchdog for 200 seconds at Thu Oct 01 16:30:39 UTC 2020
11 ms. Memory: 55296K Free: 21230K (38%)
ptolemy.util.test.WatchDog.cancel(): canceling Thu Oct 01 16:30:39 UTC 2020
auto.tcl: Setting watchdog for 200 seconds at Thu Oct 01 16:30:39 UTC 2020
8 ms. Memory: 55296K Free: 19762K (36%)
ptolemy.util.test.WatchDog.cancel(): canceling Thu Oct 01 16:30:39 UTC 2020
------------------ testing $PTII/ptolemy/domains/de/test/auto/MergeModel3Add.xml
auto.tcl: Setting watchdog for 200 seconds at Thu Oct 01 16:30:39 UTC 2020
8 ms. Memory: 55296K Free: 21261K (38%)
ptolemy.util.test.WatchDog.cancel(): canceling Thu Oct 01 16:30:39 UTC 2020
auto.tcl: Setting watchdog for 200 seconds at Thu Oct 01 16:30:39 UTC 2020
6 ms. Memory: 55296K Free: 19818K (36%)
ptolemy.util.test.WatchDog.cancel(): canceling Thu Oct 01 16:30:39 UTC 2020
------------------ testing $PTII/ptolemy/domains/de/test/auto/MergeWithoutDiscard.xml
auto.tcl: Setting watchdog for 200 seconds at Thu Oct 01 16:30:39 UTC 2020
1 ms. Memory: 51200K Free: 32049K (63%)
ptolemy.util.test.WatchDog.cancel(): canceling Thu Oct 01 16:30:39 UTC 2020
auto.tcl: Setting watchdog for 200 seconds at Thu Oct 01 16:30:39 UTC 2020
1 ms. Memory: 51200K Free: 31576K (62%)
ptolemy.util.test.WatchDog.cancel(): canceling Thu Oct 01 16:30:39 UTC 2020
------------------ testing $PTII/ptolemy/domains/de/test/auto/Modal1.xml
auto.tcl: Setting watchdog for 200 seconds at Thu Oct 01 16:30:39 UTC 2020
12 ms. Memory: 51200K Free: 24151K (47%)
ptolemy.util.test.WatchDog.cancel(): canceling Thu Oct 01 16:30:39 UTC 2020
auto.tcl: Setting watchdog for 200 seconds at Thu Oct 01 16:30:39 UTC 2020
15 ms. Memory: 51200K Free: 20608K (40%)
ptolemy.util.test.WatchDog.cancel(): canceling Thu Oct 01 16:30:39 UTC 2020
------------------ testing $PTII/ptolemy/domains/de/test/auto/Modal2.xml
auto.tcl: Setting watchdog for 200 seconds at Thu Oct 01 16:30:39 UTC 2020
19 ms. Memory: 51200K Free: 23770K (46%)
ptolemy.util.test.WatchDog.cancel(): canceling Thu Oct 01 16:30:39 UTC 2020
auto.tcl: Setting watchdog for 200 seconds at Thu Oct 01 16:30:39 UTC 2020
18 ms. Memory: 51200K Free: 20494K (40%)
ptolemy.util.test.WatchDog.cancel(): canceling Thu Oct 01 16:30:40 UTC 2020
------------------ testing $PTII/ptolemy/domains/de/test/auto/Modal3.xml
auto.tcl: Setting watchdog for 200 seconds at Thu Oct 01 16:30:40 UTC 2020
15 ms. Memory: 51200K Free: 23770K (46%)
ptolemy.util.test.WatchDog.cancel(): canceling Thu Oct 01 16:30:40 UTC 2020
auto.tcl: Setting watchdog for 200 seconds at Thu Oct 01 16:30:40 UTC 2020
15 ms. Memory: 51200K Free: 20523K (40%)
ptolemy.util.test.WatchDog.cancel(): canceling Thu Oct 01 16:30:40 UTC 2020
------------------ testing $PTII/ptolemy/domains/de/test/auto/Modal4.xml
auto.tcl: Setting watchdog for 200 seconds at Thu Oct 01 16:30:40 UTC 2020
13 ms. Memory: 51200K Free: 22728K (44%)
ptolemy.util.test.WatchDog.cancel(): canceling Thu Oct 01 16:30:40 UTC 2020
auto.tcl: Setting watchdog for 200 seconds at Thu Oct 01 16:30:40 UTC 2020
14 ms. Memory: 51200K Free: 18904K (37%)
ptolemy.util.test.WatchDog.cancel(): canceling Thu Oct 01 16:30:40 UTC 2020
------------------ testing $PTII/ptolemy/domains/de/test/auto/Modal5.xml
auto.tcl: Setting watchdog for 200 seconds at Thu Oct 01 16:30:40 UTC 2020
14 ms. Memory: 51200K Free: 22728K (44%)
ptolemy.util.test.WatchDog.cancel(): canceling Thu Oct 01 16:30:40 UTC 2020
auto.tcl: Setting watchdog for 200 seconds at Thu Oct 01 16:30:40 UTC 2020
12 ms. Memory: 51200K Free: 19080K (37%)
ptolemy.util.test.WatchDog.cancel(): canceling Thu Oct 01 16:30:40 UTC 2020
------------------ testing $PTII/ptolemy/domains/de/test/auto/Modal6.xml
auto.tcl: Setting watchdog for 200 seconds at Thu Oct 01 16:30:40 UTC 2020
18 ms. Memory: 51200K Free: 23721K (46%)
ptolemy.util.test.WatchDog.cancel(): canceling Thu Oct 01 16:30:40 UTC 2020
auto.tcl: Setting watchdog for 200 seconds at Thu Oct 01 16:30:40 UTC 2020
14 ms. Memory: 51200K Free: 19512K (38%)
ptolemy.util.test.WatchDog.cancel(): canceling Thu Oct 01 16:30:40 UTC 2020
------------------ testing $PTII/ptolemy/domains/de/test/auto/Modal7.xml
auto.tcl: Setting watchdog for 200 seconds at Thu Oct 01 16:30:40 UTC 2020
9 ms. Memory: 51200K Free: 22698K (44%)
ptolemy.util.test.WatchDog.cancel(): canceling Thu Oct 01 16:30:40 UTC 2020
auto.tcl: Setting watchdog for 200 seconds at Thu Oct 01 16:30:40 UTC 2020
10 ms. Memory: 51200K Free: 19107K (37%)
ptolemy.util.test.WatchDog.cancel(): canceling Thu Oct 01 16:30:40 UTC 2020
------------------ testing $PTII/ptolemy/domains/de/test/auto/ModalModel.xml
auto.tcl: Setting watchdog for 200 seconds at Thu Oct 01 16:30:40 UTC 2020
177 ms. Memory: 51200K Free: 16974K (33%)
ptolemy.util.test.WatchDog.cancel(): canceling Thu Oct 01 16:30:40 UTC 2020
auto.tcl: Setting watchdog for 200 seconds at Thu Oct 01 16:30:40 UTC 2020
184 ms. Memory: 62464K Free: 26302K (42%)
ptolemy.util.test.WatchDog.cancel(): canceling Thu Oct 01 16:30:41 UTC 2020
------------------ testing $PTII/ptolemy/domains/de/test/auto/ModalSource.xml
auto.tcl: Setting watchdog for 200 seconds at Thu Oct 01 16:30:41 UTC 2020
6 ms. Memory: 55296K Free: 31660K (57%)
ptolemy.util.test.WatchDog.cancel(): canceling Thu Oct 01 16:30:41 UTC 2020
auto.tcl: Setting watchdog for 200 seconds at Thu Oct 01 16:30:41 UTC 2020
5 ms. Memory: 55296K Free: 29717K (54%)
ptolemy.util.test.WatchDog.cancel(): canceling Thu Oct 01 16:30:41 UTC 2020
------------------ testing $PTII/ptolemy/domains/de/test/auto/NonInterruptibleTimerZeroDelay.xml
auto.tcl: Setting watchdog for 200 seconds at Thu Oct 01 16:30:41 UTC 2020
3 ms. Memory: 51200K Free: 32484K (63%)
ptolemy.util.test.WatchDog.cancel(): canceling Thu Oct 01 16:30:41 UTC 2020
auto.tcl: Setting watchdog for 200 seconds at Thu Oct 01 16:30:41 UTC 2020
2 ms. Memory: 51200K Free: 31840K (62%)
ptolemy.util.test.WatchDog.cancel(): canceling Thu Oct 01 16:30:41 UTC 2020
------------------ testing $PTII/ptolemy/domains/de/test/auto/OpenQueueingNetwork.xml
auto.tcl: Setting watchdog for 200 seconds at Thu Oct 01 16:30:41 UTC 2020
2889 ms. Memory: 115712K Free: 75601K (65%)
ptolemy.util.test.WatchDog.cancel(): canceling Thu Oct 01 16:30:44 UTC 2020
auto.tcl: Setting watchdog for 200 seconds at Thu Oct 01 16:30:44 UTC 2020
2350 ms. Memory: 139264K Free: 64839K (47%)
ptolemy.util.test.WatchDog.cancel(): canceling Thu Oct 01 16:30:46 UTC 2020
------------------ testing $PTII/ptolemy/domains/de/test/auto/OpenQueuingNetwork.xml
auto.tcl: Setting watchdog for 200 seconds at Thu Oct 01 16:30:46 UTC 2020
220 ms. Memory: 58368K Free: 31672K (54%)
ptolemy.util.test.WatchDog.cancel(): canceling Thu Oct 01 16:30:46 UTC 2020
auto.tcl: Setting watchdog for 200 seconds at Thu Oct 01 16:30:46 UTC 2020
215 ms. Memory: 58368K Free: 12623K (22%)
ptolemy.util.test.WatchDog.cancel(): canceling Thu Oct 01 16:30:47 UTC 2020
------------------ testing $PTII/ptolemy/domains/de/test/auto/PeriodicSampler.xml
auto.tcl: Setting watchdog for 200 seconds at Thu Oct 01 16:30:47 UTC 2020
2 ms. Memory: 55296K Free: 35794K (65%)
ptolemy.util.test.WatchDog.cancel(): canceling Thu Oct 01 16:30:47 UTC 2020
auto.tcl: Setting watchdog for 200 seconds at Thu Oct 01 16:30:47 UTC 2020
2 ms. Memory: 55296K Free: 35266K (64%)
ptolemy.util.test.WatchDog.cancel(): canceling Thu Oct 01 16:30:47 UTC 2020
------------------ testing $PTII/ptolemy/domains/de/test/auto/PersistentIO.xml
auto.tcl: Setting watchdog for 200 seconds at Thu Oct 01 16:30:47 UTC 2020
16 ms. Memory: 51200K Free: 26623K (52%)
ptolemy.util.test.WatchDog.cancel(): canceling Thu Oct 01 16:30:47 UTC 2020
auto.tcl: Setting watchdog for 200 seconds at Thu Oct 01 16:30:47 UTC 2020
4 ms. Memory: 51200K Free: 25103K (49%)
ptolemy.util.test.WatchDog.cancel(): canceling Thu Oct 01 16:30:47 UTC 2020
------------------ testing $PTII/ptolemy/domains/de/test/auto/PortParameterResetOnInitialize.xml
auto.tcl: Setting watchdog for 200 seconds at Thu Oct 01 16:30:47 UTC 2020
3 ms. Memory: 51200K Free: 31607K (62%)
ptolemy.util.test.WatchDog.cancel(): canceling Thu Oct 01 16:30:47 UTC 2020
auto.tcl: Setting watchdog for 200 seconds at Thu Oct 01 16:30:47 UTC 2020
1 ms. Memory: 51200K Free: 31111K (61%)
ptolemy.util.test.WatchDog.cancel(): canceling Thu Oct 01 16:30:47 UTC 2020
------------------ testing $PTII/ptolemy/domains/de/test/auto/PortParameterUpdates.xml
auto.tcl: Setting watchdog for 200 seconds at Thu Oct 01 16:30:47 UTC 2020
5 ms. Memory: 51200K Free: 29691K (58%)
ptolemy.util.test.WatchDog.cancel(): canceling Thu Oct 01 16:30:47 UTC 2020
auto.tcl: Setting watchdog for 200 seconds at Thu Oct 01 16:30:47 UTC 2020
3 ms. Memory: 51200K Free: 28651K (56%)
ptolemy.util.test.WatchDog.cancel(): canceling Thu Oct 01 16:30:47 UTC 2020
------------------ testing $PTII/ptolemy/domains/de/test/auto/QueueAndServer.xml
auto.tcl: Setting watchdog for 200 seconds at Thu Oct 01 16:30:47 UTC 2020
12 ms. Memory: 51200K Free: 28645K (56%)
ptolemy.util.test.WatchDog.cancel(): canceling Thu Oct 01 16:30:47 UTC 2020
auto.tcl: Setting watchdog for 200 seconds at Thu Oct 01 16:30:47 UTC 2020
8 ms. Memory: 51200K Free: 27111K (53%)
ptolemy.util.test.WatchDog.cancel(): canceling Thu Oct 01 16:30:47 UTC 2020
------------------ testing $PTII/ptolemy/domains/de/test/auto/Records.xml
auto.tcl: Setting watchdog for 200 seconds at Thu Oct 01 16:30:47 UTC 2020
5 ms. Memory: 51200K Free: 30860K (60%)
ptolemy.util.test.WatchDog.cancel(): canceling Thu Oct 01 16:30:47 UTC 2020
auto.tcl: Setting watchdog for 200 seconds at Thu Oct 01 16:30:47 UTC 2020
2 ms. Memory: 51200K Free: 30325K (59%)
ptolemy.util.test.WatchDog.cancel(): canceling Thu Oct 01 16:30:47 UTC 2020
------------------ testing $PTII/ptolemy/domains/de/test/auto/ResetTransitionWithStartTime1.xml
auto.tcl: Setting watchdog for 200 seconds at Thu Oct 01 16:30:47 UTC 2020
6 ms. Memory: 51200K Free: 28108K (55%)
ptolemy.util.test.WatchDog.cancel(): canceling Thu Oct 01 16:30:47 UTC 2020
auto.tcl: Setting watchdog for 200 seconds at Thu Oct 01 16:30:47 UTC 2020
5 ms. Memory: 51200K Free: 26060K (51%)
ptolemy.util.test.WatchDog.cancel(): canceling Thu Oct 01 16:30:47 UTC 2020
------------------ testing $PTII/ptolemy/domains/de/test/auto/ResetTransitionWithStartTime2.xml
auto.tcl: Setting watchdog for 200 seconds at Thu Oct 01 16:30:47 UTC 2020
7 ms. Memory: 51200K Free: 28062K (55%)
ptolemy.util.test.WatchDog.cancel(): canceling Thu Oct 01 16:30:47 UTC 2020
auto.tcl: Setting watchdog for 200 seconds at Thu Oct 01 16:30:47 UTC 2020
8 ms. Memory: 51200K Free: 26014K (51%)
ptolemy.util.test.WatchDog.cancel(): canceling Thu Oct 01 16:30:47 UTC 2020
------------------ testing $PTII/ptolemy/domains/de/test/auto/ResetTransitionWithStartTime3.xml
auto.tcl: Setting watchdog for 200 seconds at Thu Oct 01 16:30:47 UTC 2020
10 ms. Memory: 51200K Free: 28062K (55%)
ptolemy.util.test.WatchDog.cancel(): canceling Thu Oct 01 16:30:47 UTC 2020
auto.tcl: Setting watchdog for 200 seconds at Thu Oct 01 16:30:47 UTC 2020
7 ms. Memory: 51200K Free: 26021K (51%)
ptolemy.util.test.WatchDog.cancel(): canceling Thu Oct 01 16:30:47 UTC 2020
------------------ testing $PTII/ptolemy/domains/de/test/auto/ResetTransitionWithStartTime4.xml
auto.tcl: Setting watchdog for 200 seconds at Thu Oct 01 16:30:47 UTC 2020
11 ms. Memory: 51200K Free: 28509K (56%)
ptolemy.util.test.WatchDog.cancel(): canceling Thu Oct 01 16:30:47 UTC 2020
auto.tcl: Setting watchdog for 200 seconds at Thu Oct 01 16:30:47 UTC 2020
4 ms. Memory: 51200K Free: 27037K (53%)
ptolemy.util.test.WatchDog.cancel(): canceling Thu Oct 01 16:30:47 UTC 2020
------------------ testing $PTII/ptolemy/domains/de/test/auto/ResettableTimer1.xml
auto.tcl: Setting watchdog for 200 seconds at Thu Oct 01 16:30:48 UTC 2020
4 ms. Memory: 51200K Free: 32277K (63%)
ptolemy.util.test.WatchDog.cancel(): canceling Thu Oct 01 16:30:48 UTC 2020
auto.tcl: Setting watchdog for 200 seconds at Thu Oct 01 16:30:48 UTC 2020
2 ms. Memory: 51200K Free: 31620K (62%)
ptolemy.util.test.WatchDog.cancel(): canceling Thu Oct 01 16:30:48 UTC 2020
------------------ testing $PTII/ptolemy/domains/de/test/auto/ResettableTimer2.xml
auto.tcl: Setting watchdog for 200 seconds at Thu Oct 01 16:30:48 UTC 2020
2 ms. Memory: 51200K Free: 32294K (63%)
ptolemy.util.test.WatchDog.cancel(): canceling Thu Oct 01 16:30:48 UTC 2020
auto.tcl: Setting watchdog for 200 seconds at Thu Oct 01 16:30:48 UTC 2020
2 ms. Memory: 51200K Free: 31667K (62%)
ptolemy.util.test.WatchDog.cancel(): canceling Thu Oct 01 16:30:48 UTC 2020
------------------ testing $PTII/ptolemy/domains/de/test/auto/ResettableTimer3.xml
auto.tcl: Setting watchdog for 200 seconds at Thu Oct 01 16:30:48 UTC 2020
1 ms. Memory: 51200K Free: 32195K (63%)
ptolemy.util.test.WatchDog.cancel(): canceling Thu Oct 01 16:30:48 UTC 2020
auto.tcl: Setting watchdog for 200 seconds at Thu Oct 01 16:30:48 UTC 2020
1 ms. Memory: 51200K Free: 32195K (63%)
ptolemy.util.test.WatchDog.cancel(): canceling Thu Oct 01 16:30:48 UTC 2020
------------------ testing $PTII/ptolemy/domains/de/test/auto/ResettableTimer4.xml
auto.tcl: Setting watchdog for 200 seconds at Thu Oct 01 16:30:48 UTC 2020
1 ms. Memory: 51200K Free: 32208K (63%)
ptolemy.util.test.WatchDog.cancel(): canceling Thu Oct 01 16:30:48 UTC 2020
auto.tcl: Setting watchdog for 200 seconds at Thu Oct 01 16:30:48 UTC 2020
1 ms. Memory: 51200K Free: 31694K (62%)
ptolemy.util.test.WatchDog.cancel(): canceling Thu Oct 01 16:30:48 UTC 2020
------------------ testing $PTII/ptolemy/domains/de/test/auto/ResettableTimer5.xml
auto.tcl: Setting watchdog for 200 seconds at Thu Oct 01 16:30:48 UTC 2020
1 ms. Memory: 51200K Free: 31692K (62%)
ptolemy.util.test.WatchDog.cancel(): canceling Thu Oct 01 16:30:48 UTC 2020
auto.tcl: Setting watchdog for 200 seconds at Thu Oct 01 16:30:48 UTC 2020
1 ms. Memory: 51200K Free: 31692K (62%)
ptolemy.util.test.WatchDog.cancel(): canceling Thu Oct 01 16:30:48 UTC 2020
------------------ testing $PTII/ptolemy/domains/de/test/auto/ResettableTimer6.xml
auto.tcl: Setting watchdog for 200 seconds at Thu Oct 01 16:30:48 UTC 2020
2 ms. Memory: 51200K Free: 31683K (62%)
ptolemy.util.test.WatchDog.cancel(): canceling Thu Oct 01 16:30:48 UTC 2020
auto.tcl: Setting watchdog for 200 seconds at Thu Oct 01 16:30:48 UTC 2020
1 ms. Memory: 51200K Free: 31173K (61%)
ptolemy.util.test.WatchDog.cancel(): canceling Thu Oct 01 16:30:48 UTC 2020
------------------ testing $PTII/ptolemy/domains/de/test/auto/ServerZeroDelay.xml
auto.tcl: Setting watchdog for 200 seconds at Thu Oct 01 16:30:48 UTC 2020
4 ms. Memory: 51200K Free: 32188K (63%)
ptolemy.util.test.WatchDog.cancel(): canceling Thu Oct 01 16:30:48 UTC 2020
auto.tcl: Setting watchdog for 200 seconds at Thu Oct 01 16:30:48 UTC 2020
2 ms. Memory: 51200K Free: 31164K (61%)
ptolemy.util.test.WatchDog.cancel(): canceling Thu Oct 01 16:30:48 UTC 2020
------------------ testing $PTII/ptolemy/domains/de/test/auto/SmartSender.xml
auto.tcl: Setting watchdog for 200 seconds at Thu Oct 01 16:30:48 UTC 2020
3001 ms. Memory: 51200K Free: 32182K (63%)
ptolemy.util.test.WatchDog.cancel(): canceling Thu Oct 01 16:30:51 UTC 2020
auto.tcl: Setting watchdog for 200 seconds at Thu Oct 01 16:30:51 UTC 2020
3003 ms. Memory: 51200K Free: 31654K (62%)
ptolemy.util.test.WatchDog.cancel(): canceling Thu Oct 01 16:30:54 UTC 2020
------------------ testing $PTII/ptolemy/domains/de/test/auto/ThreadedComposite.xml
auto.tcl: Setting watchdog for 200 seconds at Thu Oct 01 16:30:54 UTC 2020
192 ms. Memory: 51200K Free: 13250K (26%)
ptolemy.util.test.WatchDog.cancel(): canceling Thu Oct 01 16:30:54 UTC 2020
auto.tcl: Setting watchdog for 200 seconds at Thu Oct 01 16:30:54 UTC 2020
132 ms. Memory: 51200K Free: 29406K (57%)
ptolemy.util.test.WatchDog.cancel(): canceling Thu Oct 01 16:30:54 UTC 2020
------------------ testing $PTII/ptolemy/domains/de/test/auto/Time.xml
auto.tcl: Setting watchdog for 200 seconds at Thu Oct 01 16:30:54 UTC 2020
484 ms. Memory: 51200K Free: 34844K (68%)
ptolemy.util.test.WatchDog.cancel(): canceling Thu Oct 01 16:30:55 UTC 2020
auto.tcl: Setting watchdog for 200 seconds at Thu Oct 01 16:30:55 UTC 2020
475 ms. Memory: 67584K Free: 24599K (36%)
ptolemy.util.test.WatchDog.cancel(): canceling Thu Oct 01 16:30:55 UTC 2020
------------------ testing $PTII/ptolemy/domains/de/test/auto/TimeDelayZeroDelay.xml
auto.tcl: Setting watchdog for 200 seconds at Thu Oct 01 16:30:55 UTC 2020
2 ms. Memory: 51200K Free: 32112K (63%)
ptolemy.util.test.WatchDog.cancel(): canceling Thu Oct 01 16:30:55 UTC 2020
auto.tcl: Setting watchdog for 200 seconds at Thu Oct 01 16:30:55 UTC 2020
1 ms. Memory: 51200K Free: 31648K (62%)
ptolemy.util.test.WatchDog.cancel(): canceling Thu Oct 01 16:30:55 UTC 2020
------------------ testing $PTII/ptolemy/domains/de/test/auto/TimerZeroDelay.xml
auto.tcl: Setting watchdog for 200 seconds at Thu Oct 01 16:30:56 UTC 2020
4 ms. Memory: 51200K Free: 32513K (64%)
ptolemy.util.test.WatchDog.cancel(): canceling Thu Oct 01 16:30:56 UTC 2020
auto.tcl: Setting watchdog for 200 seconds at Thu Oct 01 16:30:56 UTC 2020
2 ms. Memory: 51200K Free: 32155K (63%)
ptolemy.util.test.WatchDog.cancel(): canceling Thu Oct 01 16:30:56 UTC 2020
------------------ testing $PTII/ptolemy/domains/de/test/auto/TimingParadox.xml
auto.tcl: Setting watchdog for 200 seconds at Thu Oct 01 16:30:56 UTC 2020
343 ms. Memory: 51200K Free: 19240K (38%)
ptolemy.util.test.WatchDog.cancel(): canceling Thu Oct 01 16:30:56 UTC 2020
auto.tcl: Setting watchdog for 200 seconds at Thu Oct 01 16:30:56 UTC 2020
361 ms. Memory: 51200K Free: 34636K (68%)
ptolemy.util.test.WatchDog.cancel(): canceling Thu Oct 01 16:30:56 UTC 2020
------------------ testing $PTII/ptolemy/domains/de/test/auto/TransferInputs.xml
auto.tcl: Setting watchdog for 200 seconds at Thu Oct 01 16:30:56 UTC 2020
2 ms. Memory: 51200K Free: 30623K (60%)
ptolemy.util.test.WatchDog.cancel(): canceling Thu Oct 01 16:30:56 UTC 2020
auto.tcl: Setting watchdog for 200 seconds at Thu Oct 01 16:30:56 UTC 2020
2 ms. Memory: 51200K Free: 29738K (58%)
ptolemy.util.test.WatchDog.cancel(): canceling Thu Oct 01 16:30:56 UTC 2020
------------------ testing $PTII/ptolemy/domains/de/test/auto/TransferOutputs2.xml
auto.tcl: Setting watchdog for 200 seconds at Thu Oct 01 16:30:57 UTC 2020
11 ms. Memory: 51200K Free: 28066K (55%)
ptolemy.util.test.WatchDog.cancel(): canceling Thu Oct 01 16:30:57 UTC 2020
auto.tcl: Setting watchdog for 200 seconds at Thu Oct 01 16:30:57 UTC 2020
3 ms. Memory: 51200K Free: 26639K (52%)
ptolemy.util.test.WatchDog.cancel(): canceling Thu Oct 01 16:30:57 UTC 2020
------------------ testing $PTII/ptolemy/domains/de/test/auto/Trilateration.xml
auto.tcl: Setting watchdog for 200 seconds at Thu Oct 01 16:30:57 UTC 2020
12915 ms. Memory: 390144K Free: 226213K (58%)
ptolemy.util.test.WatchDog.cancel(): canceling Thu Oct 01 16:31:11 UTC 2020
auto.tcl: Setting watchdog for 200 seconds at Thu Oct 01 16:31:11 UTC 2020
9416 ms. Memory: 390144K Free: 355725K (91%)
ptolemy.util.test.WatchDog.cancel(): canceling Thu Oct 01 16:31:20 UTC 2020
------------------ testing $PTII/ptolemy/domains/de/test/auto/TwoSigmaDelta.xml
auto.tcl: Setting watchdog for 200 seconds at Thu Oct 01 16:31:20 UTC 2020
2341 ms. Memory: 89088K Free: 18506K (21%)
ptolemy.util.test.WatchDog.cancel(): canceling Thu Oct 01 16:31:23 UTC 2020
auto.tcl: Setting watchdog for 200 seconds at Thu Oct 01 16:31:23 UTC 2020
1859 ms. Memory: 89088K Free: 15459K (17%)
ptolemy.util.test.WatchDog.cancel(): canceling Thu Oct 01 16:31:24 UTC 2020
------------------ testing $PTII/ptolemy/domains/de/test/auto/VariableDelay.xml
auto.tcl: Setting watchdog for 200 seconds at Thu Oct 01 16:31:24 UTC 2020
3 ms. Memory: 58368K Free: 38286K (66%)
ptolemy.util.test.WatchDog.cancel(): canceling Thu Oct 01 16:31:24 UTC 2020
auto.tcl: Setting watchdog for 200 seconds at Thu Oct 01 16:31:24 UTC 2020
2 ms. Memory: 58368K Free: 37246K (64%)
ptolemy.util.test.WatchDog.cancel(): canceling Thu Oct 01 16:31:24 UTC 2020
------------------ testing $PTII/ptolemy/domains/de/test/auto/VariableDelay2.xml
auto.tcl: Setting watchdog for 200 seconds at Thu Oct 01 16:31:24 UTC 2020
3 ms. Memory: 51200K Free: 31426K (61%)
ptolemy.util.test.WatchDog.cancel(): canceling Thu Oct 01 16:31:25 UTC 2020
auto.tcl: Setting watchdog for 200 seconds at Thu Oct 01 16:31:25 UTC 2020
1 ms. Memory: 51200K Free: 30476K (60%)
ptolemy.util.test.WatchDog.cancel(): canceling Thu Oct 01 16:31:25 UTC 2020
------------------ testing $PTII/ptolemy/domains/de/test/auto/VariableDelayZeroDelay.xml
auto.tcl: Setting watchdog for 200 seconds at Thu Oct 01 16:31:25 UTC 2020
2 ms. Memory: 51200K Free: 32044K (63%)
ptolemy.util.test.WatchDog.cancel(): canceling Thu Oct 01 16:31:25 UTC 2020
auto.tcl: Setting watchdog for 200 seconds at Thu Oct 01 16:31:25 UTC 2020
2 ms. Memory: 51200K Free: 31530K (62%)
ptolemy.util.test.WatchDog.cancel(): canceling Thu Oct 01 16:31:25 UTC 2020
------------------ testing $PTII/ptolemy/domains/de/test/auto/VariableDelayZeroDelay2.xml
auto.tcl: Setting watchdog for 200 seconds at Thu Oct 01 16:31:25 UTC 2020
3 ms. Memory: 51200K Free: 32042K (63%)
ptolemy.util.test.WatchDog.cancel(): canceling Thu Oct 01 16:31:25 UTC 2020
auto.tcl: Setting watchdog for 200 seconds at Thu Oct 01 16:31:25 UTC 2020
2 ms. Memory: 51200K Free: 31018K (61%)
ptolemy.util.test.WatchDog.cancel(): canceling Thu Oct 01 16:31:25 UTC 2020
------------------ testing $PTII/ptolemy/domains/de/test/auto/deInCt.xml
auto.tcl: Setting watchdog for 200 seconds at Thu Oct 01 16:31:25 UTC 2020
0
1
1
1
0
0
0
1
1
1
1
1
0
0
0
1
1
1
1
1
1
0
0
0
1
1
1
1
0
0
0
0
12 ms. Memory: 51200K Free: 31016K (61%)
ptolemy.util.test.WatchDog.cancel(): canceling Thu Oct 01 16:31:25 UTC 2020
auto.tcl: Setting watchdog for 200 seconds at Thu Oct 01 16:31:25 UTC 2020
0
1
1
1
1
0
0
0
1
1
1
1
0
0
0
1
1
0
0
0
0
0
1
1
1
1
0
0
0
1
1
1
0
0
0
0
0
6 ms. Memory: 51200K Free: 29478K (58%)
ptolemy.util.test.WatchDog.cancel(): canceling Thu Oct 01 16:31:25 UTC 2020
------------------ testing $PTII/ptolemy/domains/de/test/auto/deInCt2.xml
auto.tcl: Setting watchdog for 200 seconds at Thu Oct 01 16:31:25 UTC 2020
0
1
1
1
0
0
1
1
1
0
0
1
1
1
0
0
1
1
1
0
0
1
1
1
0
0
1
1
1
0
0
1
1
1
0
0
1
1
1
0
0
0
8 ms. Memory: 51200K Free: 31018K (61%)
ptolemy.util.test.WatchDog.cancel(): canceling Thu Oct 01 16:31:25 UTC 2020
auto.tcl: Setting watchdog for 200 seconds at Thu Oct 01 16:31:25 UTC 2020
0
1
1
1
0
0
1
1
1
0
0
1
1
1
0
0
1
1
1
0
0
1
1
1
0
0
1
1
1
0
0
1
1
1
0
0
1
1
1
0
0
0
9 ms. Memory: 51200K Free: 29480K (58%)
ptolemy.util.test.WatchDog.cancel(): canceling Thu Oct 01 16:31:25 UTC 2020
------------------ testing $PTII/ptolemy/domains/de/test/auto/dynamicCausalityInterface1.xml
auto.tcl: Setting watchdog for 200 seconds at Thu Oct 01 16:31:25 UTC 2020
1 ms. Memory: 51200K Free: 26917K (53%)
ptolemy.util.test.WatchDog.cancel(): canceling Thu Oct 01 16:31:25 UTC 2020
auto.tcl: Setting watchdog for 200 seconds at Thu Oct 01 16:31:25 UTC 2020
1 ms. Memory: 51200K Free: 26403K (52%)
ptolemy.util.test.WatchDog.cancel(): canceling Thu Oct 01 16:31:25 UTC 2020
------------------ testing $PTII/ptolemy/domains/de/test/auto/fsm_de_test.xml
auto.tcl: Setting watchdog for 200 seconds at Thu Oct 01 16:31:25 UTC 2020
11 ms. Memory: 51200K Free: 26815K (52%)
ptolemy.util.test.WatchDog.cancel(): canceling Thu Oct 01 16:31:25 UTC 2020
auto.tcl: Setting watchdog for 200 seconds at Thu Oct 01 16:31:25 UTC 2020
9 ms. Memory: 51200K Free: 24771K (48%)
ptolemy.util.test.WatchDog.cancel(): canceling Thu Oct 01 16:31:25 UTC 2020
------------------ testing $PTII/ptolemy/domains/de/test/auto/functionDependencyReconstruction.xml
auto.tcl: Setting watchdog for 200 seconds at Thu Oct 01 16:31:25 UTC 2020
3 ms. Memory: 51200K Free: 20661K (40%)
ptolemy.util.test.WatchDog.cancel(): canceling Thu Oct 01 16:31:25 UTC 2020
auto.tcl: Setting watchdog for 200 seconds at Thu Oct 01 16:31:25 UTC 2020
3 ms. Memory: 51200K Free: 18613K (36%)
ptolemy.util.test.WatchDog.cancel(): canceling Thu Oct 01 16:31:25 UTC 2020
------------------ testing $PTII/ptolemy/domains/de/test/auto/multirate.xml
auto.tcl: Setting watchdog for 200 seconds at Thu Oct 01 16:31:25 UTC 2020
5 ms. Memory: 51200K Free: 29230K (57%)
ptolemy.util.test.WatchDog.cancel(): canceling Thu Oct 01 16:31:25 UTC 2020
auto.tcl: Setting watchdog for 200 seconds at Thu Oct 01 16:31:25 UTC 2020
3 ms. Memory: 51200K Free: 27712K (54%)
ptolemy.util.test.WatchDog.cancel(): canceling Thu Oct 01 16:31:25 UTC 2020
------------------ testing $PTII/ptolemy/domains/de/test/auto/multirate2.xml
auto.tcl: Setting watchdog for 200 seconds at Thu Oct 01 16:31:25 UTC 2020
3 ms. Memory: 51200K Free: 29411K (57%)
ptolemy.util.test.WatchDog.cancel(): canceling Thu Oct 01 16:31:25 UTC 2020
auto.tcl: Setting watchdog for 200 seconds at Thu Oct 01 16:31:25 UTC 2020
3 ms. Memory: 51200K Free: 27891K (54%)
ptolemy.util.test.WatchDog.cancel(): canceling Thu Oct 01 16:31:25 UTC 2020
------------------ testing $PTII/ptolemy/domains/de/test/auto/realtime.xml
auto.tcl: Setting watchdog for 200 seconds at Thu Oct 01 16:31:25 UTC 2020
10002 ms. Memory: 51200K Free: 31687K (62%)
ptolemy.util.test.WatchDog.cancel(): canceling Thu Oct 01 16:31:35 UTC 2020
auto.tcl: Setting watchdog for 200 seconds at Thu Oct 01 16:31:35 UTC 2020
10001 ms. Memory: 51200K Free: 30962K (60%)
ptolemy.util.test.WatchDog.cancel(): canceling Thu Oct 01 16:31:45 UTC 2020
------------------ testing $PTII/ptolemy/domains/de/test/auto/relationGroup.xml
auto.tcl: Setting watchdog for 200 seconds at Thu Oct 01 16:31:45 UTC 2020
2 ms. Memory: 51200K Free: 32766K (64%)
ptolemy.util.test.WatchDog.cancel(): canceling Thu Oct 01 16:31:45 UTC 2020
auto.tcl: Setting watchdog for 200 seconds at Thu Oct 01 16:31:45 UTC 2020
1 ms. Memory: 51200K Free: 32254K (63%)
ptolemy.util.test.WatchDog.cancel(): canceling Thu Oct 01 16:31:45 UTC 2020
------------------ testing $PTII/ptolemy/domains/de/test/auto/relationGroup2.xml
auto.tcl: Setting watchdog for 200 seconds at Thu Oct 01 16:31:45 UTC 2020
1 ms. Memory: 51200K Free: 32576K (64%)
ptolemy.util.test.WatchDog.cancel(): canceling Thu Oct 01 16:31:45 UTC 2020
auto.tcl: Setting watchdog for 200 seconds at Thu Oct 01 16:31:45 UTC 2020
1 ms. Memory: 51200K Free: 32066K (63%)
ptolemy.util.test.WatchDog.cancel(): canceling Thu Oct 01 16:31:45 UTC 2020
------------------ testing $PTII/ptolemy/domains/de/test/auto/sortWithOpaquePorts.xml
auto.tcl: Setting watchdog for 200 seconds at Thu Oct 01 16:31:45 UTC 2020
2 ms. Memory: 51200K Free: 32067K (63%)
ptolemy.util.test.WatchDog.cancel(): canceling Thu Oct 01 16:31:45 UTC 2020
auto.tcl: Setting watchdog for 200 seconds at Thu Oct 01 16:31:45 UTC 2020
2 ms. Memory: 51200K Free: 30529K (60%)
ptolemy.util.test.WatchDog.cancel(): canceling Thu Oct 01 16:31:45 UTC 2020
------------------ testing $PTII/ptolemy/domains/de/test/auto/transferInputsandOutputs.xml
auto.tcl: Setting watchdog for 200 seconds at Thu Oct 01 16:31:45 UTC 2020
4 ms. Memory: 51200K Free: 28983K (57%)
ptolemy.util.test.WatchDog.cancel(): canceling Thu Oct 01 16:31:46 UTC 2020
auto.tcl: Setting watchdog for 200 seconds at Thu Oct 01 16:31:46 UTC 2020
2 ms. Memory: 51200K Free: 27959K (55%)
ptolemy.util.test.WatchDog.cancel(): canceling Thu Oct 01 16:31:46 UTC 2020
------------------ testing $PTII/ptolemy/domains/de/test/auto/triggerType.xml
auto.tcl: Setting watchdog for 200 seconds at Thu Oct 01 16:31:46 UTC 2020
2 ms. Memory: 51200K Free: 32008K (63%)
ptolemy.util.test.WatchDog.cancel(): canceling Thu Oct 01 16:31:46 UTC 2020
auto.tcl: Setting watchdog for 200 seconds at Thu Oct 01 16:31:46 UTC 2020
2 ms. Memory: 51200K Free: 30984K (61%)
ptolemy.util.test.WatchDog.cancel(): canceling Thu Oct 01 16:31:46 UTC 2020
10/01/20 04:31:46
Failed: 0  Total Tests: 192  ((Passed: 187, Newly Passed: 1)  Known Failed: 5) /home/travis/build/icyphy/ptII/ptolemy/domains/de/test
10/01/20 04:31:46
Failed: 0  Total Tests: 192  ((Passed: 187, Newly Passed: 1)  Known Failed: 5) /home/travis/build/icyphy/ptII/ptolemy/domains/de/test
----------------- testing (KnownFailure) /home/travis/build/icyphy/ptII/ptolemy/domains/de/test/auto/knownFailedTests/DESDFClockTest.xml
2011 ms. Memory: 51200K Free: 24893K (49%)
Known Failure: java.lang.reflect.InvocationTargetException
----------------- testing (KnownFailure) /home/travis/build/icyphy/ptII/ptolemy/domains/de/test/auto/knownFailedTests/DirectFeedback.xml
2 ms. Memory: 51200K Free: 21307K (42%)
Known Failure: java.lang.reflect.InvocationTargetException
----------------- testing (KnownFailure) /home/travis/build/icyphy/ptII/ptolemy/domains/de/test/auto/knownFailedTests/FSMSource.xml
7 ms. Memory: 51200K Free: 13629K (27%)
----------------- testing (KnownFailure) /home/travis/build/icyphy/ptII/ptolemy/domains/de/test/auto/knownFailedTests/HierarchicalModel.xml
2 ms. Memory: 51200K Free: 25815K (50%)
Known Failure: java.lang.reflect.InvocationTargetException
----------------- testing (KnownFailure) /home/travis/build/icyphy/ptII/ptolemy/domains/de/test/auto/knownFailedTests/dependencyLoop.xml
3 ms. Memory: 51200K Free: 10764K (21%)
Known Failure: java.lang.reflect.InvocationTargetException
----------------- testing (KnownFailure) /home/travis/build/icyphy/ptII/ptolemy/domains/de/test/auto/knownFailedTests/dependencyLoop2.xml
6 ms. Memory: 51200K Free: 23444K (46%)
Known Failure: java.lang.reflect.InvocationTargetException
No auto/linux-amd64/*.xml tests in /home/travis/build/icyphy/ptII/ptolemy/domains/de/test
AutoTests.java: About to close Vertx.
AutoTests.java: Vertx closed.

===========================================================================================
----------------- testing Thu Oct 01 16:31:48 UTC 2020 /home/travis/build/icyphy/ptII/ptolemy/domains/de/test/auto/ActorDepthCalculation_actorWithoutPorts.xml
----------------- Instantiating /home/travis/build/icyphy/ptII/ptolemy/domains/de/test/auto/ActorDepthCalculation_actorWithoutPorts.xml
2 ms. Memory: 51200K Free: 16903K (33%)
----------------- Invoking toplevel() on ptolemy.moml.MoMLSimpleApplication@6f8eb189
----------------- Done invoking toplevel() on ptolemy.moml.MoMLSimpleApplication@6f8eb189
reloadAllAccessors: .ActorDepthCalculation_actorWithoutPorts

===========================================================================================
----------------- testing Thu Oct 01 16:31:48 UTC 2020 /home/travis/build/icyphy/ptII/ptolemy/domains/de/test/auto/AssemblyLine.xml
----------------- Instantiating /home/travis/build/icyphy/ptII/ptolemy/domains/de/test/auto/AssemblyLine.xml
3 ms. Memory: 51200K Free: 9743K (19%)
----------------- Invoking toplevel() on ptolemy.moml.MoMLSimpleApplication@39e64b1b
----------------- Done invoking toplevel() on ptolemy.moml.MoMLSimpleApplication@39e64b1b
reloadAllAccessors: .AssemblyLine

===========================================================================================
----------------- testing Thu Oct 01 16:31:48 UTC 2020 /home/travis/build/icyphy/ptII/ptolemy/domains/de/test/auto/CQBug1.xml
----------------- Instantiating /home/travis/build/icyphy/ptII/ptolemy/domains/de/test/auto/CQBug1.xml
1 ms. Memory: 51200K Free: 34556K (67%)
----------------- Invoking toplevel() on ptolemy.moml.MoMLSimpleApplication@58326ba2
----------------- Done invoking toplevel() on ptolemy.moml.MoMLSimpleApplication@58326ba2
reloadAllAccessors: .CQBug1

===========================================================================================
----------------- testing Thu Oct 01 16:31:48 UTC 2020 /home/travis/build/icyphy/ptII/ptolemy/domains/de/test/auto/CancelFireAt.xml
----------------- Instantiating /home/travis/build/icyphy/ptII/ptolemy/domains/de/test/auto/CancelFireAt.xml
14 ms. Memory: 51200K Free: 31937K (62%)
----------------- Invoking toplevel() on ptolemy.moml.MoMLSimpleApplication@75ee2e12
----------------- Done invoking toplevel() on ptolemy.moml.MoMLSimpleApplication@75ee2e12
reloadAllAccessors: .CancelFireAt

===========================================================================================
----------------- testing Thu Oct 01 16:31:48 UTC 2020 /home/travis/build/icyphy/ptII/ptolemy/domains/de/test/auto/CausalityAndComposabilityAnalysis.xml
----------------- Instantiating /home/travis/build/icyphy/ptII/ptolemy/domains/de/test/auto/CausalityAndComposabilityAnalysis.xml
2 ms. Memory: 51200K Free: 27773K (54%)
----------------- Invoking toplevel() on ptolemy.moml.MoMLSimpleApplication@74f0be85
----------------- Done invoking toplevel() on ptolemy.moml.MoMLSimpleApplication@74f0be85
reloadAllAccessors: .CausalityAndComposabilityAnalysis

===========================================================================================
----------------- testing Thu Oct 01 16:31:48 UTC 2020 /home/travis/build/icyphy/ptII/ptolemy/domains/de/test/auto/CausalityInterface1.xml
----------------- Instantiating /home/travis/build/icyphy/ptII/ptolemy/domains/de/test/auto/CausalityInterface1.xml
5 ms. Memory: 51200K Free: 22701K (44%)
----------------- Invoking toplevel() on ptolemy.moml.MoMLSimpleApplication@6dd6182f
----------------- Done invoking toplevel() on ptolemy.moml.MoMLSimpleApplication@6dd6182f
reloadAllAccessors: .CausalityInterface1

===========================================================================================
----------------- testing Thu Oct 01 16:31:48 UTC 2020 /home/travis/build/icyphy/ptII/ptolemy/domains/de/test/auto/CausalityInterface15.xml
----------------- Instantiating /home/travis/build/icyphy/ptII/ptolemy/domains/de/test/auto/CausalityInterface15.xml
1 ms. Memory: 51200K Free: 17118K (33%)
----------------- Invoking toplevel() on ptolemy.moml.MoMLSimpleApplication@7692a2ec
----------------- Done invoking toplevel() on ptolemy.moml.MoMLSimpleApplication@7692a2ec
reloadAllAccessors: .CausalityInterface15

===========================================================================================
----------------- testing Thu Oct 01 16:31:48 UTC 2020 /home/travis/build/icyphy/ptII/ptolemy/domains/de/test/auto/CausalityInterface2.xml
----------------- Instantiating /home/travis/build/icyphy/ptII/ptolemy/domains/de/test/auto/CausalityInterface2.xml
2 ms. Memory: 51200K Free: 12705K (25%)
[...]
	at ptolemy.actor.Manager.run(Manager.java:1263)
	at ptolemy.actor.Manager$PtolemyRunThread.run(Manager.java:1933)
java.lang.RuntimeException: Execution failed
	at ptolemy.moml.MoMLSimpleApplication$UnloadThread.run(MoMLSimpleApplication.java:402)
Caused by: ptolemy.kernel.util.IllegalActionException: Actor is not ready to fire.  Perhaps UpSample.prefire() returned false? Try debugging the actor by selecting "Listen to Actor".  Also, for SDF check moml for tokenConsumptionRate on input.
  in .DESDFClockTest.Play Bell.Copy1:SDF Director and .DESDFClockTest.Play Bell.UpSample
	at ptolemy.actor.sched.StaticSchedulingDirector.fire(StaticSchedulingDirector.java:227)
	at ptolemy.domains.sdf.kernel.SDFDirector.fire(SDFDirector.java:500)
	at ptolemy.actor.CompositeActor.fire(CompositeActor.java:455)
	at ptolemy.domains.de.kernel.DEDirector._fire(DEDirector.java:1949)
	at ptolemy.domains.de.kernel.DEDirector.fire(DEDirector.java:502)
	at ptolemy.actor.CompositeActor.fire(CompositeActor.java:455)
	at ptolemy.actor.Manager.iterate(Manager.java:851)
	at ptolemy.actor.Manager.execute(Manager.java:369)
	at ptolemy.actor.Manager.run(Manager.java:1263)
	at ptolemy.actor.Manager$PtolemyRunThread.run(Manager.java:1933)
java.lang.reflect.InvocationTargetException
	at java.base/jdk.internal.reflect.NativeConstructorAccessorImpl.newInstance0(Native Method)
	at java.base/jdk.internal.reflect.NativeConstructorAccessorImpl.newInstance(NativeConstructorAccessorImpl.java:62)
	at java.base/jdk.internal.reflect.DelegatingConstructorAccessorImpl.newInstance(DelegatingConstructorAccessorImpl.java:45)
	at java.base/java.lang.reflect.Constructor.newInstance(Constructor.java:490)
	at ptolemy.util.test.junit.AutoKnownFailedTests.RunModel(AutoKnownFailedTests.java:105)
	at java.base/jdk.internal.reflect.NativeMethodAccessorImpl.invoke0(Native Method)
	at java.base/jdk.internal.reflect.NativeMethodAccessorImpl.invoke(NativeMethodAccessorImpl.java:62)
	at java.base/jdk.internal.reflect.DelegatingMethodAccessorImpl.invoke(DelegatingMethodAccessorImpl.java:43)
	at java.base/java.lang.reflect.Method.invoke(Method.java:566)
	at org.junit.runners.model.FrameworkMethod$1.runReflectiveCall(FrameworkMethod.java:44)
	at org.junit.internal.runners.model.ReflectiveCallable.run(ReflectiveCallable.java:15)
	at org.junit.runners.model.FrameworkMethod.invokeExplosively(FrameworkMethod.java:41)
	at junitparams.internal.InvokeParameterisedMethod.evaluate(InvokeParameterisedMethod.java:102)
	at org.junit.internal.runners.statements.FailOnTimeout$1.run(FailOnTimeout.java:28)
Caused by: ptolemy.kernel.util.IllegalActionException: Actor is not ready to fire.  Perhaps UpSample.prefire() returned false? Try debugging the actor by selecting "Listen to Actor".  Also, for SDF check moml for tokenConsumptionRate on input.
  in .DESDFClockTest.Play Bell.Copy1:SDF Director and .DESDFClockTest.Play Bell.UpSample
	at ptolemy.actor.sched.StaticSchedulingDirector.fire(StaticSchedulingDirector.java:227)
	at ptolemy.domains.sdf.kernel.SDFDirector.fire(SDFDirector.java:500)
	at ptolemy.actor.CompositeActor.fire(CompositeActor.java:455)
	at ptolemy.domains.de.kernel.DEDirector._fire(DEDirector.java:1949)
	at ptolemy.domains.de.kernel.DEDirector.fire(DEDirector.java:502)
	at ptolemy.actor.CompositeActor.fire(CompositeActor.java:455)
	at ptolemy.actor.Manager.iterate(Manager.java:851)
	at ptolemy.actor.Manager.execute(Manager.java:369)
	at ptolemy.actor.Manager.run(Manager.java:1263)
	at ptolemy.actor.Manager$PtolemyRunThread.run(Manager.java:1933)
java.lang.RuntimeException: Execution failed
	at ptolemy.moml.MoMLSimpleApplication$UnloadThread.run(MoMLSimpleApplication.java:402)
Caused by: ptolemy.kernel.util.IllegalActionException: Test fails in iteration 1.
Value was: 1.0. Should have been: 2.0
  in .DirectFeedback.Test
	at ptolemy.actor.lib.Test.fire(Test.java:268)
	at ptolemy.domains.de.kernel.DEDirector._fire(DEDirector.java:1949)
	at ptolemy.domains.de.kernel.DEDirector.fire(DEDirector.java:502)
	at ptolemy.actor.CompositeActor.fire(CompositeActor.java:455)
	at ptolemy.actor.Manager.iterate(Manager.java:851)
	at ptolemy.actor.Manager.execute(Manager.java:369)
	at ptolemy.actor.Manager.run(Manager.java:1263)
	at ptolemy.actor.Manager$PtolemyRunThread.run(Manager.java:1933)
java.lang.reflect.InvocationTargetException
	at java.base/jdk.internal.reflect.NativeConstructorAccessorImpl.newInstance0(Native Method)
	at java.base/jdk.internal.reflect.NativeConstructorAccessorImpl.newInstance(NativeConstructorAccessorImpl.java:62)
	at java.base/jdk.internal.reflect.DelegatingConstructorAccessorImpl.newInstance(DelegatingConstructorAccessorImpl.java:45)
	at java.base/java.lang.reflect.Constructor.newInstance(Constructor.java:490)
	at ptolemy.util.test.junit.AutoKnownFailedTests.RunModel(AutoKnownFailedTests.java:105)
	at java.base/jdk.internal.reflect.NativeMethodAccessorImpl.invoke0(Native Method)
	at java.base/jdk.internal.reflect.NativeMethodAccessorImpl.invoke(NativeMethodAccessorImpl.java:62)
	at java.base/jdk.internal.reflect.DelegatingMethodAccessorImpl.invoke(DelegatingMethodAccessorImpl.java:43)
	at java.base/java.lang.reflect.Method.invoke(Method.java:566)
	at org.junit.runners.model.FrameworkMethod$1.runReflectiveCall(FrameworkMethod.java:44)
	at org.junit.internal.runners.model.ReflectiveCallable.run(ReflectiveCallable.java:15)
	at org.junit.runners.model.FrameworkMethod.invokeExplosively(FrameworkMethod.java:41)
	at junitparams.internal.InvokeParameterisedMethod.evaluate(InvokeParameterisedMethod.java:102)
	at org.junit.internal.runners.statements.FailOnTimeout$1.run(FailOnTimeout.java:28)
Caused by: ptolemy.kernel.util.IllegalActionException: Test fails in iteration 1.
Value was: 1.0. Should have been: 2.0
  in .DirectFeedback.Test
	at ptolemy.actor.lib.Test.fire(Test.java:268)
	at ptolemy.domains.de.kernel.DEDirector._fire(DEDirector.java:1949)
	at ptolemy.domains.de.kernel.DEDirector.fire(DEDirector.java:502)
	at ptolemy.actor.CompositeActor.fire(CompositeActor.java:455)
	at ptolemy.actor.Manager.iterate(Manager.java:851)
	at ptolemy.actor.Manager.execute(Manager.java:369)
	at ptolemy.actor.Manager.run(Manager.java:1263)
	at ptolemy.actor.Manager$PtolemyRunThread.run(Manager.java:1933)
java.lang.RuntimeException: Execution failed
	at ptolemy.moml.MoMLSimpleApplication$UnloadThread.run(MoMLSimpleApplication.java:402)
Caused by: ptolemy.kernel.util.IllegalActionException: Found a zero delay loop containing .HierarchicalModel.A
  in .HierarchicalModel and .HierarchicalModel.A
	at ptolemy.actor.util.CausalityInterfaceForComposites._computeOutputPortDepth(CausalityInterfaceForComposites.java:759)
	at ptolemy.actor.util.CausalityInterfaceForComposites._computeInputDepth(CausalityInterfaceForComposites.java:696)
	at ptolemy.actor.util.CausalityInterfaceForComposites._computeOutputPortDepth(CausalityInterfaceForComposites.java:765)
	at ptolemy.actor.util.CausalityInterfaceForComposites._computeInputDepth(CausalityInterfaceForComposites.java:696)
	at ptolemy.actor.util.CausalityInterfaceForComposites._computeOutputPortDepth(CausalityInterfaceForComposites.java:765)
	at ptolemy.actor.util.CausalityInterfaceForComposites._computeInputDepth(CausalityInterfaceForComposites.java:696)
	at ptolemy.actor.util.CausalityInterfaceForComposites._computeActorDepth(CausalityInterfaceForComposites.java:532)
	at ptolemy.actor.util.CausalityInterfaceForComposites.checkForCycles(CausalityInterfaceForComposites.java:96)
	at ptolemy.domains.de.kernel.DEDirector.preinitialize(DEDirector.java:1338)
	at ptolemy.actor.CompositeActor.preinitialize(CompositeActor.java:1828)
	at ptolemy.actor.Manager.preinitializeAndResolveTypes(Manager.java:1040)
	at ptolemy.actor.Manager.initialize(Manager.java:710)
	at ptolemy.actor.Manager.execute(Manager.java:356)
	at ptolemy.actor.Manager.run(Manager.java:1263)
	at ptolemy.actor.Manager$PtolemyRunThread.run(Manager.java:1933)
java.lang.reflect.InvocationTargetException
	at java.base/jdk.internal.reflect.NativeConstructorAccessorImpl.newInstance0(Native Method)
	at java.base/jdk.internal.reflect.NativeConstructorAccessorImpl.newInstance(NativeConstructorAccessorImpl.java:62)
	at java.base/jdk.internal.reflect.DelegatingConstructorAccessorImpl.newInstance(DelegatingConstructorAccessorImpl.java:45)
	at java.base/java.lang.reflect.Constructor.newInstance(Constructor.java:490)
	at ptolemy.util.test.junit.AutoKnownFailedTests.RunModel(AutoKnownFailedTests.java:105)
	at java.base/jdk.internal.reflect.NativeMethodAccessorImpl.invoke0(Native Method)
	at java.base/jdk.internal.reflect.NativeMethodAccessorImpl.invoke(NativeMethodAccessorImpl.java:62)
	at java.base/jdk.internal.reflect.DelegatingMethodAccessorImpl.invoke(DelegatingMethodAccessorImpl.java:43)
	at java.base/java.lang.reflect.Method.invoke(Method.java:566)
	at org.junit.runners.model.FrameworkMethod$1.runReflectiveCall(FrameworkMethod.java:44)
	at org.junit.internal.runners.model.ReflectiveCallable.run(ReflectiveCallable.java:15)
	at org.junit.runners.model.FrameworkMethod.invokeExplosively(FrameworkMethod.java:41)
	at junitparams.internal.InvokeParameterisedMethod.evaluate(InvokeParameterisedMethod.java:102)
	at org.junit.internal.runners.statements.FailOnTimeout$1.run(FailOnTimeout.java:28)
Caused by: ptolemy.kernel.util.IllegalActionException: Found a zero delay loop containing .HierarchicalModel.A
  in .HierarchicalModel and .HierarchicalModel.A
	at ptolemy.actor.util.CausalityInterfaceForComposites._computeOutputPortDepth(CausalityInterfaceForComposites.java:759)
	at ptolemy.actor.util.CausalityInterfaceForComposites._computeInputDepth(CausalityInterfaceForComposites.java:696)
	at ptolemy.actor.util.CausalityInterfaceForComposites._computeOutputPortDepth(CausalityInterfaceForComposites.java:765)
	at ptolemy.actor.util.CausalityInterfaceForComposites._computeInputDepth(CausalityInterfaceForComposites.java:696)
	at ptolemy.actor.util.CausalityInterfaceForComposites._computeOutputPortDepth(CausalityInterfaceForComposites.java:765)
	at ptolemy.actor.util.CausalityInterfaceForComposites._computeInputDepth(CausalityInterfaceForComposites.java:696)
	at ptolemy.actor.util.CausalityInterfaceForComposites._computeActorDepth(CausalityInterfaceForComposites.java:532)
	at ptolemy.actor.util.CausalityInterfaceForComposites.checkForCycles(CausalityInterfaceForComposites.java:96)
	at ptolemy.domains.de.kernel.DEDirector.preinitialize(DEDirector.java:1338)
	at ptolemy.actor.CompositeActor.preinitialize(CompositeActor.java:1828)
	at ptolemy.actor.Manager.preinitializeAndResolveTypes(Manager.java:1040)
	at ptolemy.actor.Manager.initialize(Manager.java:710)
	at ptolemy.actor.Manager.execute(Manager.java:356)
	at ptolemy.actor.Manager.run(Manager.java:1263)
	at ptolemy.actor.Manager$PtolemyRunThread.run(Manager.java:1933)
java.lang.RuntimeException: Execution failed
	at ptolemy.moml.MoMLSimpleApplication$UnloadThread.run(MoMLSimpleApplication.java:402)
Caused by: ptolemy.kernel.util.IllegalActionException: Found a zero delay loop containing .dependencyLoop.original
  in .dependencyLoop and .dependencyLoop.original
	at ptolemy.actor.util.CausalityInterfaceForComposites._computeOutputPortDepth(CausalityInterfaceForComposites.java:759)
	at ptolemy.actor.util.CausalityInterfaceForComposites._computeInputDepth(CausalityInterfaceForComposites.java:696)
	at ptolemy.actor.util.CausalityInterfaceForComposites._computeOutputPortDepth(CausalityInterfaceForComposites.java:765)
	at ptolemy.actor.util.CausalityInterfaceForComposites._computeInputDepth(CausalityInterfaceForComposites.java:696)
	at ptolemy.actor.util.CausalityInterfaceForComposites._computeOutputPortDepth(CausalityInterfaceForComposites.java:765)
	at ptolemy.actor.util.CausalityInterfaceForComposites._computeInputDepth(CausalityInterfaceForComposites.java:696)
	at ptolemy.actor.util.CausalityInterfaceForComposites._computeActorDepth(CausalityInterfaceForComposites.java:532)
	at ptolemy.actor.util.CausalityInterfaceForComposites.checkForCycles(CausalityInterfaceForComposites.java:96)
	at ptolemy.domains.de.kernel.DEDirector.preinitialize(DEDirector.java:1338)
	at ptolemy.actor.CompositeActor.preinitialize(CompositeActor.java:1828)
	at ptolemy.actor.Manager.preinitializeAndResolveTypes(Manager.java:1040)
	at ptolemy.actor.Manager.initialize(Manager.java:710)
	at ptolemy.actor.Manager.execute(Manager.java:356)
	at ptolemy.actor.Manager.run(Manager.java:1263)
	at ptolemy.actor.Manager$PtolemyRunThread.run(Manager.java:1933)
java.lang.reflect.InvocationTargetException
	at java.base/jdk.internal.reflect.NativeConstructorAccessorImpl.newInstance0(Native Method)
	at java.base/jdk.internal.reflect.NativeConstructorAccessorImpl.newInstance(NativeConstructorAccessorImpl.java:62)
	at java.base/jdk.internal.reflect.DelegatingConstructorAccessorImpl.newInstance(DelegatingConstructorAccessorImpl.java:45)
	at java.base/java.lang.reflect.Constructor.newInstance(Constructor.java:490)
	at ptolemy.util.test.junit.AutoKnownFailedTests.RunModel(AutoKnownFailedTests.java:105)
	at java.base/jdk.internal.reflect.NativeMethodAccessorImpl.invoke0(Native Method)
	at java.base/jdk.internal.reflect.NativeMethodAccessorImpl.invoke(NativeMethodAccessorImpl.java:62)
	at java.base/jdk.internal.reflect.DelegatingMethodAccessorImpl.invoke(DelegatingMethodAccessorImpl.java:43)
	at java.base/java.lang.reflect.Method.invoke(Method.java:566)
	at org.junit.runners.model.FrameworkMethod$1.runReflectiveCall(FrameworkMethod.java:44)
	at org.junit.internal.runners.model.ReflectiveCallable.run(ReflectiveCallable.java:15)
	at org.junit.runners.model.FrameworkMethod.invokeExplosively(FrameworkMethod.java:41)
	at junitparams.internal.InvokeParameterisedMethod.evaluate(InvokeParameterisedMethod.java:102)
	at org.junit.internal.runners.statements.FailOnTimeout$1.run(FailOnTimeout.java:28)
Caused by: ptolemy.kernel.util.IllegalActionException: Found a zero delay loop containing .dependencyLoop.original
  in .dependencyLoop and .dependencyLoop.original
	at ptolemy.actor.util.CausalityInterfaceForComposites._computeOutputPortDepth(CausalityInterfaceForComposites.java:759)
	at ptolemy.actor.util.CausalityInterfaceForComposites._computeInputDepth(CausalityInterfaceForComposites.java:696)
	at ptolemy.actor.util.CausalityInterfaceForComposites._computeOutputPortDepth(CausalityInterfaceForComposites.java:765)
	at ptolemy.actor.util.CausalityInterfaceForComposites._computeInputDepth(CausalityInterfaceForComposites.java:696)
	at ptolemy.actor.util.CausalityInterfaceForComposites._computeOutputPortDepth(CausalityInterfaceForComposites.java:765)
	at ptolemy.actor.util.CausalityInterfaceForComposites._computeInputDepth(CausalityInterfaceForComposites.java:696)
	at ptolemy.actor.util.CausalityInterfaceForComposites._computeActorDepth(CausalityInterfaceForComposites.java:532)
	at ptolemy.actor.util.CausalityInterfaceForComposites.checkForCycles(CausalityInterfaceForComposites.java:96)
	at ptolemy.domains.de.kernel.DEDirector.preinitialize(DEDirector.java:1338)
	at ptolemy.actor.CompositeActor.preinitialize(CompositeActor.java:1828)
	at ptolemy.actor.Manager.preinitializeAndResolveTypes(Manager.java:1040)
	at ptolemy.actor.Manager.initialize(Manager.java:710)
	at ptolemy.actor.Manager.execute(Manager.java:356)
	at ptolemy.actor.Manager.run(Manager.java:1263)
	at ptolemy.actor.Manager$PtolemyRunThread.run(Manager.java:1933)
java.lang.RuntimeException: Execution failed
	at ptolemy.moml.MoMLSimpleApplication$UnloadThread.run(MoMLSimpleApplication.java:402)
Caused by: ptolemy.kernel.util.IllegalActionException: Found a zero delay loop containing .dependencyLoop2.original
  in .dependencyLoop2 and .dependencyLoop2.original
	at ptolemy.actor.util.CausalityInterfaceForComposites._computeOutputPortDepth(CausalityInterfaceForComposites.java:759)
	at ptolemy.actor.util.CausalityInterfaceForComposites._computeInputDepth(CausalityInterfaceForComposites.java:696)
	at ptolemy.actor.util.CausalityInterfaceForComposites._computeOutputPortDepth(CausalityInterfaceForComposites.java:765)
	at ptolemy.actor.util.CausalityInterfaceForComposites._computeInputDepth(CausalityInterfaceForComposites.java:696)
	at ptolemy.actor.util.CausalityInterfaceForComposites._computeOutputPortDepth(CausalityInterfaceForComposites.java:765)
	at ptolemy.actor.util.CausalityInterfaceForComposites._computeInputDepth(CausalityInterfaceForComposites.java:696)
	at ptolemy.actor.util.CausalityInterfaceForComposites._computeActorDepth(CausalityInterfaceForComposites.java:532)
	at ptolemy.actor.util.CausalityInterfaceForComposites.checkForCycles(CausalityInterfaceForComposites.java:96)
	at ptolemy.domains.de.kernel.DEDirector.preinitialize(DEDirector.java:1338)
	at ptolemy.actor.CompositeActor.preinitialize(CompositeActor.java:1828)
	at ptolemy.actor.Manager.preinitializeAndResolveTypes(Manager.java:1040)
	at ptolemy.actor.Manager.initialize(Manager.java:710)
	at ptolemy.actor.Manager.execute(Manager.java:356)
	at ptolemy.actor.Manager.run(Manager.java:1263)
	at ptolemy.actor.Manager$PtolemyRunThread.run(Manager.java:1933)
java.lang.reflect.InvocationTargetException
	at java.base/jdk.internal.reflect.NativeConstructorAccessorImpl.newInstance0(Native Method)
	at java.base/jdk.internal.reflect.NativeConstructorAccessorImpl.newInstance(NativeConstructorAccessorImpl.java:62)
	at java.base/jdk.internal.reflect.DelegatingConstructorAccessorImpl.newInstance(DelegatingConstructorAccessorImpl.java:45)
	at java.base/java.lang.reflect.Constructor.newInstance(Constructor.java:490)
	at ptolemy.util.test.junit.AutoKnownFailedTests.RunModel(AutoKnownFailedTests.java:105)
	at java.base/jdk.internal.reflect.NativeMethodAccessorImpl.invoke0(Native Method)
	at java.base/jdk.internal.reflect.NativeMethodAccessorImpl.invoke(NativeMethodAccessorImpl.java:62)
	at java.base/jdk.internal.reflect.DelegatingMethodAccessorImpl.invoke(DelegatingMethodAccessorImpl.java:43)
	at java.base/java.lang.reflect.Method.invoke(Method.java:566)
	at org.junit.runners.model.FrameworkMethod$1.runReflectiveCall(FrameworkMethod.java:44)
	at org.junit.internal.runners.model.ReflectiveCallable.run(ReflectiveCallable.java:15)
	at org.junit.runners.model.FrameworkMethod.invokeExplosively(FrameworkMethod.java:41)
	at junitparams.internal.InvokeParameterisedMethod.evaluate(InvokeParameterisedMethod.java:102)
	at org.junit.internal.runners.statements.FailOnTimeout$1.run(FailOnTimeout.java:28)
Caused by: ptolemy.kernel.util.IllegalActionException: Found a zero delay loop containing .dependencyLoop2.original
  in .dependencyLoop2 and .dependencyLoop2.original
	at ptolemy.actor.util.CausalityInterfaceForComposites._computeOutputPortDepth(CausalityInterfaceForComposites.java:759)
	at ptolemy.actor.util.CausalityInterfaceForComposites._computeInputDepth(CausalityInterfaceForComposites.java:696)
	at ptolemy.actor.util.CausalityInterfaceForComposites._computeOutputPortDepth(CausalityInterfaceForComposites.java:765)
	at ptolemy.actor.util.CausalityInterfaceForComposites._computeInputDepth(CausalityInterfaceForComposites.java:696)
	at ptolemy.actor.util.CausalityInterfaceForComposites._computeOutputPortDepth(CausalityInterfaceForComposites.java:765)
	at ptolemy.actor.util.CausalityInterfaceForComposites._computeInputDepth(CausalityInterfaceForComposites.java:696)
	at ptolemy.actor.util.CausalityInterfaceForComposites._computeActorDepth(CausalityInterfaceForComposites.java:532)
	at ptolemy.actor.util.CausalityInterfaceForComposites.checkForCycles(CausalityInterfaceForComposites.java:96)
	at ptolemy.domains.de.kernel.DEDirector.preinitialize(DEDirector.java:1338)
	at ptolemy.actor.CompositeActor.preinitialize(CompositeActor.java:1828)
	at ptolemy.actor.Manager.preinitializeAndResolveTypes(Manager.java:1040)
	at ptolemy.actor.Manager.initialize(Manager.java:710)
	at ptolemy.actor.Manager.execute(Manager.java:356)
	at ptolemy.actor.Manager.run(Manager.java:1263)
	at ptolemy.actor.Manager$PtolemyRunThread.run(Manager.java:1933)
]]></system-err>
</testsuite>
