<?xml version="1.0" encoding="UTF-8" ?>
<testsuite errors="0" failures="0" hostname="travis-job-1b545026-5425-4155-bd96-498560be8cf2" name="ptolemy.domains.sdf.lib.test.junit.JUnitTclTest" skipped="0" tests="82" time="8.816" timestamp="2020-10-03T16:02:10">
  <properties>
[...]
</properties>
  <testcase classname="ptolemy.util.test.junit.TclTests" name="[0] /home/travis/build/icyphy/ptII/ptolemy/domains/sdf/lib/test/ArrayToSequence.tcl (RunTclFile)" time="0.625" />
  <testcase classname="ptolemy.util.test.junit.TclTests" name="[1] /home/travis/build/icyphy/ptII/ptolemy/domains/sdf/lib/test/BitsToInt.tcl (RunTclFile)" time="0.074" />
  <testcase classname="ptolemy.util.test.junit.TclTests" name="[2] /home/travis/build/icyphy/ptII/ptolemy/domains/sdf/lib/test/DelayLine.tcl (RunTclFile)" time="0.053" />
  <testcase classname="ptolemy.util.test.junit.TclTests" name="[3] /home/travis/build/icyphy/ptII/ptolemy/domains/sdf/lib/test/FFT.tcl (RunTclFile)" time="0.038" />
  <testcase classname="ptolemy.util.test.junit.TclTests" name="[4] /home/travis/build/icyphy/ptII/ptolemy/domains/sdf/lib/test/FIR.tcl (RunTclFile)" time="0.222" />
  <testcase classname="ptolemy.util.test.junit.TclTests" name="[5] /home/travis/build/icyphy/ptII/ptolemy/domains/sdf/lib/test/IntToBits.tcl (RunTclFile)" time="0.058" />
  <testcase classname="ptolemy.util.test.junit.TclTests" name="[6] /home/travis/build/icyphy/ptII/ptolemy/domains/sdf/lib/test/MaximumEntropySpectrum.tcl (RunTclFile)" time="0.396" />
  <testcase classname="ptolemy.util.test.junit.TclTests" name="[7] /home/travis/build/icyphy/ptII/ptolemy/domains/sdf/lib/test/Repeat.tcl (RunTclFile)" time="0.042" />
  <testcase classname="ptolemy.util.test.junit.TclTests" name="[8] /home/travis/build/icyphy/ptII/ptolemy/domains/sdf/lib/test/SampleDelay.tcl (RunTclFile)" time="0.077" />
  <testcase classname="ptolemy.util.test.junit.TclTests" name="[9] /home/travis/build/icyphy/ptII/ptolemy/domains/sdf/lib/test/SequenceToArray.tcl (RunTclFile)" time="0.034" />
  <testcase classname="ptolemy.util.test.junit.AutoKnownFailedTests" name="[0] ThereAreNoKnowFailedTests (RunModel)" time="0.002" />
  <testcase classname="ptolemy.util.test.junit.AutoNameArchTests" name="[0] ThereAreNoAutoArchTests (RunModel)" time="0.008" />
  <testcase classname="ptolemy.util.test.junit.AutoTests" name="[0] /home/travis/build/icyphy/ptII/ptolemy/domains/sdf/lib/test/auto/ArrayToSequence.xml (RunModel)" time="0.258" />
  <testcase classname="ptolemy.util.test.junit.AutoTests" name="[1] /home/travis/build/icyphy/ptII/ptolemy/domains/sdf/lib/test/auto/ArrayToSequenceTest.xml (RunModel)" time="0.088" />
  <testcase classname="ptolemy.util.test.junit.AutoTests" name="[2] /home/travis/build/icyphy/ptII/ptolemy/domains/sdf/lib/test/auto/Autocorrelation.xml (RunModel)" time="0.069" />
  <testcase classname="ptolemy.util.test.junit.AutoTests" name="[3] /home/travis/build/icyphy/ptII/ptolemy/domains/sdf/lib/test/auto/Autocorrelation2.xml (RunModel)" time="0.037" />
  <testcase classname="ptolemy.util.test.junit.AutoTests" name="[4] /home/travis/build/icyphy/ptII/ptolemy/domains/sdf/lib/test/auto/Autocorrelation3.xml (RunModel)" time="0.023" />
  <testcase classname="ptolemy.util.test.junit.AutoTests" name="[5] /home/travis/build/icyphy/ptII/ptolemy/domains/sdf/lib/test/auto/Autocorrelation4.xml (RunModel)" time="0.02" />
  <testcase classname="ptolemy.util.test.junit.AutoTests" name="[6] /home/travis/build/icyphy/ptII/ptolemy/domains/sdf/lib/test/auto/Autocorrelation5.xml (RunModel)" time="0.125" />
  <testcase classname="ptolemy.util.test.junit.AutoTests" name="[7] /home/travis/build/icyphy/ptII/ptolemy/domains/sdf/lib/test/auto/BitsToInt.xml (RunModel)" time="0.042" />
  <testcase classname="ptolemy.util.test.junit.AutoTests" name="[8] /home/travis/build/icyphy/ptII/ptolemy/domains/sdf/lib/test/auto/BooleanJoin.xml (RunModel)" time="0.036" />
  <testcase classname="ptolemy.util.test.junit.AutoTests" name="[9] /home/travis/build/icyphy/ptII/ptolemy/domains/sdf/lib/test/auto/BootstrapSampleDelay.xml (RunModel)" time="0.047" />
  <testcase classname="ptolemy.util.test.junit.AutoTests" name="[10] /home/travis/build/icyphy/ptII/ptolemy/domains/sdf/lib/test/auto/Chop.xml (RunModel)" time="0.081" />
  <testcase classname="ptolemy.util.test.junit.AutoTests" name="[11] /home/travis/build/icyphy/ptII/ptolemy/domains/sdf/lib/test/auto/Chop2.xml (RunModel)" time="0.076" />
  <testcase classname="ptolemy.util.test.junit.AutoTests" name="[12] /home/travis/build/icyphy/ptII/ptolemy/domains/sdf/lib/test/auto/ComplexJoin.xml (RunModel)" time="0.051" />
  <testcase classname="ptolemy.util.test.junit.AutoTests" name="[13] /home/travis/build/icyphy/ptII/ptolemy/domains/sdf/lib/test/auto/CountTrues.xml (RunModel)" time="0.045" />
  <testcase classname="ptolemy.util.test.junit.AutoTests" name="[14] /home/travis/build/icyphy/ptII/ptolemy/domains/sdf/lib/test/auto/DelayLine.xml (RunModel)" time="0.047" />
  <testcase classname="ptolemy.util.test.junit.AutoTests" name="[15] /home/travis/build/icyphy/ptII/ptolemy/domains/sdf/lib/test/auto/DotProduct.xml (RunModel)" time="0.032" />
  <testcase classname="ptolemy.util.test.junit.AutoTests" name="[16] /home/travis/build/icyphy/ptII/ptolemy/domains/sdf/lib/test/auto/DotProductMatrix.xml (RunModel)" time="0.022" />
  <testcase classname="ptolemy.util.test.junit.AutoTests" name="[17] /home/travis/build/icyphy/ptII/ptolemy/domains/sdf/lib/test/auto/DownSample1.xml (RunModel)" time="0.029" />
  <testcase classname="ptolemy.util.test.junit.AutoTests" name="[18] /home/travis/build/icyphy/ptII/ptolemy/domains/sdf/lib/test/auto/DynamicRateChange.xml (RunModel)" time="0.038" />
  <testcase classname="ptolemy.util.test.junit.AutoTests" name="[19] /home/travis/build/icyphy/ptII/ptolemy/domains/sdf/lib/test/auto/DynamicRates.xml (RunModel)" time="0.037" />
  <testcase classname="ptolemy.util.test.junit.AutoTests" name="[20] /home/travis/build/icyphy/ptII/ptolemy/domains/sdf/lib/test/auto/FFT1.xml (RunModel)" time="0.043" />
  <testcase classname="ptolemy.util.test.junit.AutoTests" name="[21] /home/travis/build/icyphy/ptII/ptolemy/domains/sdf/lib/test/auto/FIR1.xml (RunModel)" time="0.069" />
  <testcase classname="ptolemy.util.test.junit.AutoTests" name="[22] /home/travis/build/icyphy/ptII/ptolemy/domains/sdf/lib/test/auto/FIR2.xml (RunModel)" time="0.034" />
  <testcase classname="ptolemy.util.test.junit.AutoTests" name="[23] /home/travis/build/icyphy/ptII/ptolemy/domains/sdf/lib/test/auto/FIR4.xml (RunModel)" time="0.044" />
  <testcase classname="ptolemy.util.test.junit.AutoTests" name="[24] /home/travis/build/icyphy/ptII/ptolemy/domains/sdf/lib/test/auto/FixJoin.xml (RunModel)" time="0.057" />
  <testcase classname="ptolemy.util.test.junit.AutoTests" name="[25] /home/travis/build/icyphy/ptII/ptolemy/domains/sdf/lib/test/auto/IntJoin1.xml (RunModel)" time="0.033" />
  <testcase classname="ptolemy.util.test.junit.AutoTests" name="[26] /home/travis/build/icyphy/ptII/ptolemy/domains/sdf/lib/test/auto/IntJoin2.xml (RunModel)" time="0.023" />
  <testcase classname="ptolemy.util.test.junit.AutoTests" name="[27] /home/travis/build/icyphy/ptII/ptolemy/domains/sdf/lib/test/auto/IntJoin3.xml (RunModel)" time="0.025" />
  <testcase classname="ptolemy.util.test.junit.AutoTests" name="[28] /home/travis/build/icyphy/ptII/ptolemy/domains/sdf/lib/test/auto/IntJoin4.xml (RunModel)" time="0.027" />
  <testcase classname="ptolemy.util.test.junit.AutoTests" name="[29] /home/travis/build/icyphy/ptII/ptolemy/domains/sdf/lib/test/auto/IntJoin5.xml (RunModel)" time="0.033" />
  <testcase classname="ptolemy.util.test.junit.AutoTests" name="[30] /home/travis/build/icyphy/ptII/ptolemy/domains/sdf/lib/test/auto/IntToBits.xml (RunModel)" time="0.033" />
  <testcase classname="ptolemy.util.test.junit.AutoTests" name="[31] /home/travis/build/icyphy/ptII/ptolemy/domains/sdf/lib/test/auto/LMSAdaptive.xml (RunModel)" time="0.041" />
  <testcase classname="ptolemy.util.test.junit.AutoTests" name="[32] /home/travis/build/icyphy/ptII/ptolemy/domains/sdf/lib/test/auto/LMSAdaptiveFIR.xml (RunModel)" time="0.365" />
  <testcase classname="ptolemy.util.test.junit.AutoTests" name="[33] /home/travis/build/icyphy/ptII/ptolemy/domains/sdf/lib/test/auto/LMSAdaptiveFIR2.xml (RunModel)" time="0.484" />
  <testcase classname="ptolemy.util.test.junit.AutoTests" name="[34] /home/travis/build/icyphy/ptII/ptolemy/domains/sdf/lib/test/auto/LongJoin.xml (RunModel)" time="0.031" />
  <testcase classname="ptolemy.util.test.junit.AutoTests" name="[35] /home/travis/build/icyphy/ptII/ptolemy/domains/sdf/lib/test/auto/Matrix1.xml (RunModel)" time="0.026" />
  <testcase classname="ptolemy.util.test.junit.AutoTests" name="[36] /home/travis/build/icyphy/ptII/ptolemy/domains/sdf/lib/test/auto/Matrix2.xml (RunModel)" time="0.026" />
  <testcase classname="ptolemy.util.test.junit.AutoTests" name="[37] /home/travis/build/icyphy/ptII/ptolemy/domains/sdf/lib/test/auto/MatrixJoin1.xml (RunModel)" time="0.037" />
  <testcase classname="ptolemy.util.test.junit.AutoTests" name="[38] /home/travis/build/icyphy/ptII/ptolemy/domains/sdf/lib/test/auto/MatrixJoin2.xml (RunModel)" time="0.035" />
  <testcase classname="ptolemy.util.test.junit.AutoTests" name="[39] /home/travis/build/icyphy/ptII/ptolemy/domains/sdf/lib/test/auto/MatrixJoin3.xml (RunModel)" time="0.023" />
  <testcase classname="ptolemy.util.test.junit.AutoTests" name="[40] /home/travis/build/icyphy/ptII/ptolemy/domains/sdf/lib/test/auto/MatrixJoin4.xml (RunModel)" time="0.036" />
  <testcase classname="ptolemy.util.test.junit.AutoTests" name="[41] /home/travis/build/icyphy/ptII/ptolemy/domains/sdf/lib/test/auto/MatrixJoin5.xml (RunModel)" time="0.016" />
  <testcase classname="ptolemy.util.test.junit.AutoTests" name="[42] /home/travis/build/icyphy/ptII/ptolemy/domains/sdf/lib/test/auto/MatrixSplit1.xml (RunModel)" time="0.028" />
  <testcase classname="ptolemy.util.test.junit.AutoTests" name="[43] /home/travis/build/icyphy/ptII/ptolemy/domains/sdf/lib/test/auto/MatrixSplit10.xml (RunModel)" time="0.016" />
  <testcase classname="ptolemy.util.test.junit.AutoTests" name="[44] /home/travis/build/icyphy/ptII/ptolemy/domains/sdf/lib/test/auto/MatrixSplit11.xml (RunModel)" time="0.014" />
  <testcase classname="ptolemy.util.test.junit.AutoTests" name="[45] /home/travis/build/icyphy/ptII/ptolemy/domains/sdf/lib/test/auto/MatrixSplit12.xml (RunModel)" time="0.017" />
  <testcase classname="ptolemy.util.test.junit.AutoTests" name="[46] /home/travis/build/icyphy/ptII/ptolemy/domains/sdf/lib/test/auto/MatrixSplit13.xml (RunModel)" time="0.027" />
  <testcase classname="ptolemy.util.test.junit.AutoTests" name="[47] /home/travis/build/icyphy/ptII/ptolemy/domains/sdf/lib/test/auto/MatrixSplit14.xml (RunModel)" time="0.015" />
  <testcase classname="ptolemy.util.test.junit.AutoTests" name="[48] /home/travis/build/icyphy/ptII/ptolemy/domains/sdf/lib/test/auto/MatrixSplit2.xml (RunModel)" time="0.013" />
  <testcase classname="ptolemy.util.test.junit.AutoTests" name="[49] /home/travis/build/icyphy/ptII/ptolemy/domains/sdf/lib/test/auto/MatrixSplit3.xml (RunModel)" time="0.015" />
  <testcase classname="ptolemy.util.test.junit.AutoTests" name="[50] /home/travis/build/icyphy/ptII/ptolemy/domains/sdf/lib/test/auto/MatrixSplit4.xml (RunModel)" time="0.014" />
  <testcase classname="ptolemy.util.test.junit.AutoTests" name="[51] /home/travis/build/icyphy/ptII/ptolemy/domains/sdf/lib/test/auto/MatrixSplit5.xml (RunModel)" time="0.022" />
  <testcase classname="ptolemy.util.test.junit.AutoTests" name="[52] /home/travis/build/icyphy/ptII/ptolemy/domains/sdf/lib/test/auto/MatrixSplit6.xml (RunModel)" time="0.016" />
  <testcase classname="ptolemy.util.test.junit.AutoTests" name="[53] /home/travis/build/icyphy/ptII/ptolemy/domains/sdf/lib/test/auto/MatrixSplit7.xml (RunModel)" time="0.015" />
  <testcase classname="ptolemy.util.test.junit.AutoTests" name="[54] /home/travis/build/icyphy/ptII/ptolemy/domains/sdf/lib/test/auto/MatrixSplit8.xml (RunModel)" time="0.019" />
  <testcase classname="ptolemy.util.test.junit.AutoTests" name="[55] /home/travis/build/icyphy/ptII/ptolemy/domains/sdf/lib/test/auto/MatrixSplit9.xml (RunModel)" time="0.027" />
  <testcase classname="ptolemy.util.test.junit.AutoTests" name="[56] /home/travis/build/icyphy/ptII/ptolemy/domains/sdf/lib/test/auto/MatrixToSequence.xml (RunModel)" time="0.049" />
  <testcase classname="ptolemy.util.test.junit.AutoTests" name="[57] /home/travis/build/icyphy/ptII/ptolemy/domains/sdf/lib/test/auto/MaximumEntropySpectrum.xml (RunModel)" time="0.093" />
  <testcase classname="ptolemy.util.test.junit.AutoTests" name="[58] /home/travis/build/icyphy/ptII/ptolemy/domains/sdf/lib/test/auto/SampleDelayConversion.xml (RunModel)" time="0.012" />
  <testcase classname="ptolemy.util.test.junit.AutoTests" name="[59] /home/travis/build/icyphy/ptII/ptolemy/domains/sdf/lib/test/auto/SequenceToArray.xml (RunModel)" time="0.042" />
  <testcase classname="ptolemy.util.test.junit.AutoTests" name="[60] /home/travis/build/icyphy/ptII/ptolemy/domains/sdf/lib/test/auto/SequenceToMatrix.xml (RunModel)" time="3.16" />
  <testcase classname="ptolemy.util.test.junit.AutoTests" name="[61] /home/travis/build/icyphy/ptII/ptolemy/domains/sdf/lib/test/auto/SmoothedPeriodogram.xml (RunModel)" time="0.064" />
  <testcase classname="ptolemy.util.test.junit.AutoTests" name="[62] /home/travis/build/icyphy/ptII/ptolemy/domains/sdf/lib/test/auto/UpDownSample1.xml (RunModel)" time="0.014" />
  <testcase classname="ptolemy.util.test.junit.AutoTests" name="[63] /home/travis/build/icyphy/ptII/ptolemy/domains/sdf/lib/test/auto/UpSample1.xml (RunModel)" time="0.017" />
  <testcase classname="ptolemy.util.test.junit.AutoTests" name="[64] /home/travis/build/icyphy/ptII/ptolemy/domains/sdf/lib/test/auto/VariableFIR.xml (RunModel)" time="0.022" />
  <testcase classname="ptolemy.util.test.junit.AutoTests" name="[65] /home/travis/build/icyphy/ptII/ptolemy/domains/sdf/lib/test/auto/VariableFIR2.xml (RunModel)" time="0.022" />
  <testcase classname="ptolemy.util.test.junit.AutoTests" name="[66] /home/travis/build/icyphy/ptII/ptolemy/domains/sdf/lib/test/auto/VariableLattice.xml (RunModel)" time="0.026" />
  <testcase classname="ptolemy.util.test.junit.AutoTests" name="[67] /home/travis/build/icyphy/ptII/ptolemy/domains/sdf/lib/test/auto/VariableLattice2.xml (RunModel)" time="0.021" />
  <testcase classname="ptolemy.util.test.junit.AutoTests" name="[68] /home/travis/build/icyphy/ptII/ptolemy/domains/sdf/lib/test/auto/VariableRecursiveLattice.xml (RunModel)" time="0.016" />
  <testcase classname="ptolemy.util.test.junit.AutoTests" name="[69] /home/travis/build/icyphy/ptII/ptolemy/domains/sdf/lib/test/auto/VariableRecursiveLattice2.xml (RunModel)" time="0.016" />
  <system-out><![CDATA[/home/travis/build/icyphy/ptII/ptolemy/domains/sdf/lib/test/ArrayToSequence.tcl
testDefs.tcl: setting time out to 9000 seconds at Sat Oct 03 16:02:10 UTC 2020
97 ms. Memory: 129024K Free: 94151K (73%)
16 ms. Memory: 129024K Free: 92103K (71%)
32 ms. Memory: 129024K Free: 90055K (70%)
28 ms. Memory: 129024K Free: 89031K (69%)
/home/travis/build/icyphy/ptII/ptolemy/domains/sdf/lib/test/BitsToInt.tcl
24 ms. Memory: 129024K Free: 86983K (67%)
13 ms. Memory: 129024K Free: 84935K (66%)
/home/travis/build/icyphy/ptII/ptolemy/domains/sdf/lib/test/DelayLine.tcl
13 ms. Memory: 129024K Free: 83390K (65%)
/home/travis/build/icyphy/ptII/ptolemy/domains/sdf/lib/test/FFT.tcl
13 ms. Memory: 129024K Free: 81861K (63%)
/home/travis/build/icyphy/ptII/ptolemy/domains/sdf/lib/test/FIR.tcl
20 ms. Memory: 129024K Free: 79815K (62%)
95 ms. Memory: 129024K Free: 75719K (59%)
ptolemy.kernel.util.IllegalActionException: multiplyReverse method not supported between ptolemy.data.FixToken 'fix(-0.0625,6,2)' and ptolemy.data.IntToken '1' because the types are incomparable.
  in .top.FIRclone
Because:
multiplyReverse method not supported between ptolemy.data.FixToken 'fix(-0.0625,6,2)' and ptolemy.data.IntToken '1' because the types are incomparable.
41 ms. Memory: 129024K Free: 73157K (57%)
/home/travis/build/icyphy/ptII/ptolemy/domains/sdf/lib/test/IntToBits.tcl
6 ms. Memory: 129024K Free: 71623K (56%)
13 ms. Memory: 129024K Free: 70085K (54%)
/home/travis/build/icyphy/ptII/ptolemy/domains/sdf/lib/test/MaximumEntropySpectrum.tcl
/home/travis/build/icyphy/ptII/ptolemy/domains/sdf/lib/test/Repeat.tcl
16 ms. Memory: 129024K Free: 48566K (38%)
/home/travis/build/icyphy/ptII/ptolemy/domains/sdf/lib/test/SampleDelay.tcl
3 ms. Memory: 129024K Free: 112974K (88%)
3 ms. Memory: 129024K Free: 111934K (87%)
3 ms. Memory: 129024K Free: 111403K (86%)
3 ms. Memory: 129024K Free: 110446K (86%)
2 ms. Memory: 129024K Free: 109894K (85%)
2 ms. Memory: 129024K Free: 109416K (85%)
/home/travis/build/icyphy/ptII/ptolemy/domains/sdf/lib/test/SequenceToArray.tcl
4 ms. Memory: 129024K Free: 107854K (84%)
4 ms. Memory: 129024K Free: 106830K (83%)
5 ms. Memory: 129024K Free: 105342K (82%)
5 ms. Memory: 129024K Free: 104296K (81%)
10/03/20 04:02:12
Failed: 0  Total Tests: 41  ((Passed: 41, Newly Passed: 0)  Known Failed: 0) /home/travis/build/icyphy/ptII/ptolemy/domains/sdf/lib/test
No auto/knownFailedTests/*.xml tests in /home/travis/build/icyphy/ptII/ptolemy/domains/sdf/lib/test
No auto/linux-amd64/*.xml tests in /home/travis/build/icyphy/ptII/ptolemy/domains/sdf/lib/test
AutoTests.java: About to close Vertx.
AutoTests.java: Vertx closed.

===========================================================================================
----------------- testing Sat Oct 03 16:02:12 UTC 2020 /home/travis/build/icyphy/ptII/ptolemy/domains/sdf/lib/test/auto/ArrayToSequence.xml
----------------- Instantiating /home/travis/build/icyphy/ptII/ptolemy/domains/sdf/lib/test/auto/ArrayToSequence.xml
26 ms. Memory: 129024K Free: 92170K (71%)
----------------- Invoking toplevel() on ptolemy.moml.MoMLSimpleApplication@5492a35
----------------- Done invoking toplevel() on ptolemy.moml.MoMLSimpleApplication@5492a35
reloadAllAccessors: .ArrayToSequence

===========================================================================================
----------------- testing Sat Oct 03 16:02:12 UTC 2020 /home/travis/build/icyphy/ptII/ptolemy/domains/sdf/lib/test/auto/ArrayToSequenceTest.xml
----------------- Instantiating /home/travis/build/icyphy/ptII/ptolemy/domains/sdf/lib/test/auto/ArrayToSequenceTest.xml
25 ms. Memory: 129024K Free: 86312K (67%)
----------------- Invoking toplevel() on ptolemy.moml.MoMLSimpleApplication@bf68a95
----------------- Done invoking toplevel() on ptolemy.moml.MoMLSimpleApplication@bf68a95
reloadAllAccessors: .ArrayToSequenceTest

===========================================================================================
----------------- testing Sat Oct 03 16:02:12 UTC 2020 /home/travis/build/icyphy/ptII/ptolemy/domains/sdf/lib/test/auto/Autocorrelation.xml
----------------- Instantiating /home/travis/build/icyphy/ptII/ptolemy/domains/sdf/lib/test/auto/Autocorrelation.xml
5 ms. Memory: 129024K Free: 109290K (85%)
----------------- Invoking toplevel() on ptolemy.moml.MoMLSimpleApplication@693f2d99
----------------- Done invoking toplevel() on ptolemy.moml.MoMLSimpleApplication@693f2d99
reloadAllAccessors: .Autocorrelation

===========================================================================================
----------------- testing Sat Oct 03 16:02:12 UTC 2020 /home/travis/build/icyphy/ptII/ptolemy/domains/sdf/lib/test/auto/Autocorrelation2.xml
----------------- Instantiating /home/travis/build/icyphy/ptII/ptolemy/domains/sdf/lib/test/auto/Autocorrelation2.xml
4 ms. Memory: 129024K Free: 104604K (81%)
----------------- Invoking toplevel() on ptolemy.moml.MoMLSimpleApplication@48bc507b
----------------- Done invoking toplevel() on ptolemy.moml.MoMLSimpleApplication@48bc507b
reloadAllAccessors: .Autocorrelation2

===========================================================================================
----------------- testing Sat Oct 03 16:02:12 UTC 2020 /home/travis/build/icyphy/ptII/ptolemy/domains/sdf/lib/test/auto/Autocorrelation3.xml
----------------- Instantiating /home/travis/build/icyphy/ptII/ptolemy/domains/sdf/lib/test/auto/Autocorrelation3.xml
3 ms. Memory: 129024K Free: 101164K (78%)
----------------- Invoking toplevel() on ptolemy.moml.MoMLSimpleApplication@24106230
----------------- Done invoking toplevel() on ptolemy.moml.MoMLSimpleApplication@24106230
reloadAllAccessors: .Autocorrelation3

===========================================================================================
----------------- testing Sat Oct 03 16:02:12 UTC 2020 /home/travis/build/icyphy/ptII/ptolemy/domains/sdf/lib/test/auto/Autocorrelation4.xml
----------------- Instantiating /home/travis/build/icyphy/ptII/ptolemy/domains/sdf/lib/test/auto/Autocorrelation4.xml
3 ms. Memory: 129024K Free: 97108K (75%)
----------------- Invoking toplevel() on ptolemy.moml.MoMLSimpleApplication@6a93a34a
----------------- Done invoking toplevel() on ptolemy.moml.MoMLSimpleApplication@6a93a34a
reloadAllAccessors: .Autocorrelation4

===========================================================================================
----------------- testing Sat Oct 03 16:02:12 UTC 2020 /home/travis/build/icyphy/ptII/ptolemy/domains/sdf/lib/test/auto/Autocorrelation5.xml
----------------- Instantiating /home/travis/build/icyphy/ptII/ptolemy/domains/sdf/lib/test/auto/Autocorrelation5.xml
60 ms. Memory: 129024K Free: 89792K (70%)
----------------- Invoking toplevel() on ptolemy.moml.MoMLSimpleApplication@49568527
----------------- Done invoking toplevel() on ptolemy.moml.MoMLSimpleApplication@49568527
reloadAllAccessors: .Autocorrelation5

===========================================================================================
----------------- testing Sat Oct 03 16:02:13 UTC 2020 /home/travis/build/icyphy/ptII/ptolemy/domains/sdf/lib/test/auto/BitsToInt.xml
----------------- Instantiating /home/travis/build/icyphy/ptII/ptolemy/domains/sdf/lib/test/auto/BitsToInt.xml
4 ms. Memory: 129024K Free: 86902K (67%)
----------------- Invoking toplevel() on ptolemy.moml.MoMLSimpleApplication@64f8ce5d
----------------- Done invoking toplevel() on ptolemy.moml.MoMLSimpleApplication@64f8ce5d
reloadAllAccessors: .BitsToInt

===========================================================================================
----------------- testing Sat Oct 03 16:02:13 UTC 2020 /home/travis/build/icyphy/ptII/ptolemy/domains/sdf/lib/test/auto/BooleanJoin.xml
----------------- Instantiating /home/travis/build/icyphy/ptII/ptolemy/domains/sdf/lib/test/auto/BooleanJoin.xml
8 ms. Memory: 129024K Free: 82798K (64%)
----------------- Invoking toplevel() on ptolemy.moml.MoMLSimpleApplication@6d8c8a3f
----------------- Done invoking toplevel() on ptolemy.moml.MoMLSimpleApplication@6d8c8a3f
reloadAllAccessors: .BooleanJoin

===========================================================================================
----------------- testing Sat Oct 03 16:02:13 UTC 2020 /home/travis/build/icyphy/ptII/ptolemy/domains/sdf/lib/test/auto/BootstrapSampleDelay.xml
----------------- Instantiating /home/travis/build/icyphy/ptII/ptolemy/domains/sdf/lib/test/auto/BootstrapSampleDelay.xml
17 ms. Memory: 129024K Free: 79031K (61%)
----------------- Invoking toplevel() on ptolemy.moml.MoMLSimpleApplication@6cb5ecea
----------------- Done invoking toplevel() on ptolemy.moml.MoMLSimpleApplication@6cb5ecea
reloadAllAccessors: .BootstrapSampleDelay

===========================================================================================
----------------- testing Sat Oct 03 16:02:13 UTC 2020 /home/travis/build/icyphy/ptII/ptolemy/domains/sdf/lib/test/auto/Chop.xml
----------------- Instantiating /home/travis/build/icyphy/ptII/ptolemy/domains/sdf/lib/test/auto/Chop.xml
5 ms. Memory: 157696K Free: 138749K (88%)
----------------- Invoking toplevel() on ptolemy.moml.MoMLSimpleApplication@424663c4
----------------- Done invoking toplevel() on ptolemy.moml.MoMLSimpleApplication@424663c4
reloadAllAccessors: .Chop

===========================================================================================
----------------- testing Sat Oct 03 16:02:13 UTC 2020 /home/travis/build/icyphy/ptII/ptolemy/domains/sdf/lib/test/auto/Chop2.xml
----------------- Instantiating /home/travis/build/icyphy/ptII/ptolemy/domains/sdf/lib/test/auto/Chop2.xml
13 ms. Memory: 157696K Free: 131994K (84%)
----------------- Invoking toplevel() on ptolemy.moml.MoMLSimpleApplication@315b291c
----------------- Done invoking toplevel() on ptolemy.moml.MoMLSimpleApplication@315b291c
reloadAllAccessors: .Chop2

===========================================================================================
----------------- testing Sat Oct 03 16:02:13 UTC 2020 /home/travis/build/icyphy/ptII/ptolemy/domains/sdf/lib/test/auto/ComplexJoin.xml
----------------- Instantiating /home/travis/build/icyphy/ptII/ptolemy/domains/sdf/lib/test/auto/ComplexJoin.xml
11 ms. Memory: 157696K Free: 127252K (81%)
----------------- Invoking toplevel() on ptolemy.moml.MoMLSimpleApplication@7a59a442
----------------- Done invoking toplevel() on ptolemy.moml.MoMLSimpleApplication@7a59a442
reloadAllAccessors: .ComplexJoin

===========================================================================================
----------------- testing Sat Oct 03 16:02:13 UTC 2020 /home/travis/build/icyphy/ptII/ptolemy/domains/sdf/lib/test/auto/CountTrues.xml
----------------- Instantiating /home/travis/build/icyphy/ptII/ptolemy/domains/sdf/lib/test/auto/CountTrues.xml
3 ms. Memory: 157696K Free: 124180K (79%)
----------------- Invoking toplevel() on ptolemy.moml.MoMLSimpleApplication@7a9a4390
----------------- Done invoking toplevel() on ptolemy.moml.MoMLSimpleApplication@7a9a4390
reloadAllAccessors: .CountTrues

===========================================================================================
----------------- testing Sat Oct 03 16:02:13 UTC 2020 /home/travis/build/icyphy/ptII/ptolemy/domains/sdf/lib/test/auto/DelayLine.xml
----------------- Instantiating /home/travis/build/icyphy/ptII/ptolemy/domains/sdf/lib/test/auto/DelayLine.xml
9 ms. Memory: 157696K Free: 118682K (75%)
----------------- Invoking toplevel() on ptolemy.moml.MoMLSimpleApplication@3f119dea
----------------- Done invoking toplevel() on ptolemy.moml.MoMLSimpleApplication@3f119dea
reloadAllAccessors: .DelayLine

===========================================================================================
----------------- testing Sat Oct 03 16:02:13 UTC 2020 /home/travis/build/icyphy/ptII/ptolemy/domains/sdf/lib/test/auto/DotProduct.xml
----------------- Instantiating /home/travis/build/icyphy/ptII/ptolemy/domains/sdf/lib/test/auto/DotProduct.xml
6 ms. Memory: 157696K Free: 115988K (74%)
----------------- Invoking toplevel() on ptolemy.moml.MoMLSimpleApplication@2d888a1c
----------------- Done invoking toplevel() on ptolemy.moml.MoMLSimpleApplication@2d888a1c
reloadAllAccessors: .DotProduct

===========================================================================================
----------------- testing Sat Oct 03 16:02:13 UTC 2020 /home/travis/build/icyphy/ptII/ptolemy/domains/sdf/lib/test/auto/DotProductMatrix.xml
----------------- Instantiating /home/travis/build/icyphy/ptII/ptolemy/domains/sdf/lib/test/auto/DotProductMatrix.xml
5 ms. Memory: 157696K Free: 112524K (71%)
----------------- Invoking toplevel() on ptolemy.moml.MoMLSimpleApplication@53931865
----------------- Done invoking toplevel() on ptolemy.moml.MoMLSimpleApplication@53931865
reloadAllAccessors: .DotProductMatrix

===========================================================================================
----------------- testing Sat Oct 03 16:02:13 UTC 2020 /home/travis/build/icyphy/ptII/ptolemy/domains/sdf/lib/test/auto/DownSample1.xml
----------------- Instantiating /home/travis/build/icyphy/ptII/ptolemy/domains/sdf/lib/test/auto/DownSample1.xml
4 ms. Memory: 157696K Free: 109466K (69%)
----------------- Invoking toplevel() on ptolemy.moml.MoMLSimpleApplication@5a480ae
----------------- Done invoking toplevel() on ptolemy.moml.MoMLSimpleApplication@5a480ae
reloadAllAccessors: .DownSample1

===========================================================================================
----------------- testing Sat Oct 03 16:02:13 UTC 2020 /home/travis/build/icyphy/ptII/ptolemy/domains/sdf/lib/test/auto/DynamicRateChange.xml
----------------- Instantiating /home/travis/build/icyphy/ptII/ptolemy/domains/sdf/lib/test/auto/DynamicRateChange.xml
13 ms. Memory: 157696K Free: 103941K (66%)
----------------- Invoking toplevel() on ptolemy.moml.MoMLSimpleApplication@561c0084
----------------- Done invoking toplevel() on ptolemy.moml.MoMLSimpleApplication@561c0084
reloadAllAccessors: .DynamicRateChange

===========================================================================================
----------------- testing Sat Oct 03 16:02:13 UTC 2020 /home/travis/build/icyphy/ptII/ptolemy/domains/sdf/lib/test/auto/DynamicRates.xml
----------------- Instantiating /home/travis/build/icyphy/ptII/ptolemy/domains/sdf/lib/test/auto/DynamicRates.xml
11 ms. Memory: 157696K Free: 99196K (63%)
----------------- Invoking toplevel() on ptolemy.moml.MoMLSimpleApplication@4760808c
----------------- Done invoking toplevel() on ptolemy.moml.MoMLSimpleApplication@4760808c
reloadAllAccessors: .DynamicRates

===========================================================================================
----------------- testing Sat Oct 03 16:02:13 UTC 2020 /home/travis/build/icyphy/ptII/ptolemy/domains/sdf/lib/test/auto/FFT1.xml
----------------- Instantiating /home/travis/build/icyphy/ptII/ptolemy/domains/sdf/lib/test/auto/FFT1.xml
12 ms. Memory: 157696K Free: 94484K (60%)
----------------- Invoking toplevel() on ptolemy.moml.MoMLSimpleApplication@77aea853
----------------- Done invoking toplevel() on ptolemy.moml.MoMLSimpleApplication@77aea853
reloadAllAccessors: .FFT1

===========================================================================================
----------------- testing Sat Oct 03 16:02:13 UTC 2020 /home/travis/build/icyphy/ptII/ptolemy/domains/sdf/lib/test/auto/FIR1.xml
----------------- Instantiating /home/travis/build/icyphy/ptII/ptolemy/domains/sdf/lib/test/auto/FIR1.xml
24 ms. Memory: 157696K Free: 87586K (56%)
----------------- Invoking toplevel() on ptolemy.moml.MoMLSimpleApplication@42fe8699
----------------- Done invoking toplevel() on ptolemy.moml.MoMLSimpleApplication@42fe8699
reloadAllAccessors: .FIR1

===========================================================================================
----------------- testing Sat Oct 03 16:02:13 UTC 2020 /home/travis/build/icyphy/ptII/ptolemy/domains/sdf/lib/test/auto/FIR2.xml
----------------- Instantiating /home/travis/build/icyphy/ptII/ptolemy/domains/sdf/lib/test/auto/FIR2.xml
5 ms. Memory: 157696K Free: 140089K (89%)
----------------- Invoking toplevel() on ptolemy.moml.MoMLSimpleApplication@591be2b1
----------------- Done invoking toplevel() on ptolemy.moml.MoMLSimpleApplication@591be2b1
reloadAllAccessors: .FIR2

===========================================================================================
----------------- testing Sat Oct 03 16:02:13 UTC 2020 /home/travis/build/icyphy/ptII/ptolemy/domains/sdf/lib/test/auto/FIR4.xml
----------------- Instantiating /home/travis/build/icyphy/ptII/ptolemy/domains/sdf/lib/test/auto/FIR4.xml
7 ms. Memory: 157696K Free: 132377K (84%)
----------------- Invoking toplevel() on ptolemy.moml.MoMLSimpleApplication@16f0f4b6
----------------- Done invoking toplevel() on ptolemy.moml.MoMLSimpleApplication@16f0f4b6
reloadAllAccessors: .FIR4

===========================================================================================
----------------- testing Sat Oct 03 16:02:13 UTC 2020 /home/travis/build/icyphy/ptII/ptolemy/domains/sdf/lib/test/auto/FixJoin.xml
----------------- Instantiating /home/travis/build/icyphy/ptII/ptolemy/domains/sdf/lib/test/auto/FixJoin.xml
4 ms. Memory: 157696K Free: 127779K (81%)
----------------- Invoking toplevel() on ptolemy.moml.MoMLSimpleApplication@1f9f2f2c
----------------- Done invoking toplevel() on ptolemy.moml.MoMLSimpleApplication@1f9f2f2c
reloadAllAccessors: .FixJoin

===========================================================================================
----------------- testing Sat Oct 03 16:02:13 UTC 2020 /home/travis/build/icyphy/ptII/ptolemy/domains/sdf/lib/test/auto/IntJoin1.xml
----------------- Instantiating /home/travis/build/icyphy/ptII/ptolemy/domains/sdf/lib/test/auto/IntJoin1.xml
6 ms. Memory: 157696K Free: 123213K (78%)
----------------- Invoking toplevel() on ptolemy.moml.MoMLSimpleApplication@5fe9e322
----------------- Done invoking toplevel() on ptolemy.moml.MoMLSimpleApplication@5fe9e322
reloadAllAccessors: .IntJoin1

===========================================================================================
----------------- testing Sat Oct 03 16:02:13 UTC 2020 /home/travis/build/icyphy/ptII/ptolemy/domains/sdf/lib/test/auto/IntJoin2.xml
----------------- Instantiating /home/travis/build/icyphy/ptII/ptolemy/domains/sdf/lib/test/auto/IntJoin2.xml
2 ms. Memory: 157696K Free: 119109K (76%)
----------------- Invoking toplevel() on ptolemy.moml.MoMLSimpleApplication@2fe93d83
----------------- Done invoking toplevel() on ptolemy.moml.MoMLSimpleApplication@2fe93d83
reloadAllAccessors: .IntJoin2

===========================================================================================
----------------- testing Sat Oct 03 16:02:13 UTC 2020 /home/travis/build/icyphy/ptII/ptolemy/domains/sdf/lib/test/auto/IntJoin3.xml
----------------- Instantiating /home/travis/build/icyphy/ptII/ptolemy/domains/sdf/lib/test/auto/IntJoin3.xml
5 ms. Memory: 157696K Free: 114467K (73%)
----------------- Invoking toplevel() on ptolemy.moml.MoMLSimpleApplication@6f1f132e
----------------- Done invoking toplevel() on ptolemy.moml.MoMLSimpleApplication@6f1f132e
reloadAllAccessors: .IntJoin3

===========================================================================================
----------------- testing Sat Oct 03 16:02:13 UTC 2020 /home/travis/build/icyphy/ptII/ptolemy/domains/sdf/lib/test/auto/IntJoin4.xml
----------------- Instantiating /home/travis/build/icyphy/ptII/ptolemy/domains/sdf/lib/test/auto/IntJoin4.xml
5 ms. Memory: 157696K Free: 110363K (70%)
----------------- Invoking toplevel() on ptolemy.moml.MoMLSimpleApplication@94c5fa1
----------------- Done invoking toplevel() on ptolemy.moml.MoMLSimpleApplication@94c5fa1
reloadAllAccessors: .IntJoin4

===========================================================================================
----------------- testing Sat Oct 03 16:02:14 UTC 2020 /home/travis/build/icyphy/ptII/ptolemy/domains/sdf/lib/test/auto/IntJoin5.xml
----------------- Instantiating /home/travis/build/icyphy/ptII/ptolemy/domains/sdf/lib/test/auto/IntJoin5.xml
3 ms. Memory: 157696K Free: 105789K (67%)
----------------- Invoking toplevel() on ptolemy.moml.MoMLSimpleApplication@5f0797b9
----------------- Done invoking toplevel() on ptolemy.moml.MoMLSimpleApplication@5f0797b9
reloadAllAccessors: .IntJoin5

===========================================================================================
----------------- testing Sat Oct 03 16:02:14 UTC 2020 /home/travis/build/icyphy/ptII/ptolemy/domains/sdf/lib/test/auto/IntToBits.xml
----------------- Instantiating /home/travis/build/icyphy/ptII/ptolemy/domains/sdf/lib/test/auto/IntToBits.xml
5 ms. Memory: 157696K Free: 102733K (65%)
----------------- Invoking toplevel() on ptolemy.moml.MoMLSimpleApplication@1cecaa2
----------------- Done invoking toplevel() on ptolemy.moml.MoMLSimpleApplication@1cecaa2
reloadAllAccessors: .IntToBits

===========================================================================================
----------------- testing Sat Oct 03 16:02:14 UTC 2020 /home/travis/build/icyphy/ptII/ptolemy/domains/sdf/lib/test/auto/LMSAdaptive.xml
----------------- Instantiating /home/travis/build/icyphy/ptII/ptolemy/domains/sdf/lib/test/auto/LMSAdaptive.xml
6 ms. Memory: 157696K Free: 94009K (60%)
----------------- Invoking toplevel() on ptolemy.moml.MoMLSimpleApplication@3aa7153
----------------- Done invoking toplevel() on ptolemy.moml.MoMLSimpleApplication@3aa7153
reloadAllAccessors: .LMSAdaptive

===========================================================================================
----------------- testing Sat Oct 03 16:02:14 UTC 2020 /home/travis/build/icyphy/ptII/ptolemy/domains/sdf/lib/test/auto/LMSAdaptiveFIR.xml
----------------- Instantiating /home/travis/build/icyphy/ptII/ptolemy/domains/sdf/lib/test/auto/LMSAdaptiveFIR.xml
270 ms. Memory: 157696K Free: 130688K (83%)
----------------- Invoking toplevel() on ptolemy.moml.MoMLSimpleApplication@4b799646
----------------- Done invoking toplevel() on ptolemy.moml.MoMLSimpleApplication@4b799646
reloadAllAccessors: .LMSAdaptiveFIR

===========================================================================================
----------------- testing Sat Oct 03 16:02:14 UTC 2020 /home/travis/build/icyphy/ptII/ptolemy/domains/sdf/lib/test/auto/LMSAdaptiveFIR2.xml
----------------- Instantiating /home/travis/build/icyphy/ptII/ptolemy/domains/sdf/lib/test/auto/LMSAdaptiveFIR2.xml
392 ms. Memory: 157696K Free: 73107K (46%)
----------------- Invoking toplevel() on ptolemy.moml.MoMLSimpleApplication@71fb92a4
----------------- Done invoking toplevel() on ptolemy.moml.MoMLSimpleApplication@71fb92a4
reloadAllAccessors: .LMSAdaptiveFIR2

===========================================================================================
----------------- testing Sat Oct 03 16:02:14 UTC 2020 /home/travis/build/icyphy/ptII/ptolemy/domains/sdf/lib/test/auto/LongJoin.xml
----------------- Instantiating /home/travis/build/icyphy/ptII/ptolemy/domains/sdf/lib/test/auto/LongJoin.xml
2 ms. Memory: 157696K Free: 68497K (43%)
----------------- Invoking toplevel() on ptolemy.moml.MoMLSimpleApplication@2aa59bbf
----------------- Done invoking toplevel() on ptolemy.moml.MoMLSimpleApplication@2aa59bbf
reloadAllAccessors: .LongJoin

===========================================================================================
----------------- testing Sat Oct 03 16:02:14 UTC 2020 /home/travis/build/icyphy/ptII/ptolemy/domains/sdf/lib/test/auto/Matrix1.xml
----------------- Instantiating /home/travis/build/icyphy/ptII/ptolemy/domains/sdf/lib/test/auto/Matrix1.xml
5 ms. Memory: 157696K Free: 64401K (41%)
----------------- Invoking toplevel() on ptolemy.moml.MoMLSimpleApplication@441e9f77
----------------- Done invoking toplevel() on ptolemy.moml.MoMLSimpleApplication@441e9f77
reloadAllAccessors: .Matrix1

===========================================================================================
----------------- testing Sat Oct 03 16:02:15 UTC 2020 /home/travis/build/icyphy/ptII/ptolemy/domains/sdf/lib/test/auto/Matrix2.xml
----------------- Instantiating /home/travis/build/icyphy/ptII/ptolemy/domains/sdf/lib/test/auto/Matrix2.xml
5 ms. Memory: 157696K Free: 139198K (88%)
----------------- Invoking toplevel() on ptolemy.moml.MoMLSimpleApplication@4bca6ecc
----------------- Done invoking toplevel() on ptolemy.moml.MoMLSimpleApplication@4bca6ecc
reloadAllAccessors: .Matrix2

===========================================================================================
----------------- testing Sat Oct 03 16:02:15 UTC 2020 /home/travis/build/icyphy/ptII/ptolemy/domains/sdf/lib/test/auto/MatrixJoin1.xml
----------------- Instantiating /home/travis/build/icyphy/ptII/ptolemy/domains/sdf/lib/test/auto/MatrixJoin1.xml
2 ms. Memory: 157696K Free: 135102K (86%)
----------------- Invoking toplevel() on ptolemy.moml.MoMLSimpleApplication@3c22de90
----------------- Done invoking toplevel() on ptolemy.moml.MoMLSimpleApplication@3c22de90
reloadAllAccessors: .MatrixJoin1

===========================================================================================
----------------- testing Sat Oct 03 16:02:15 UTC 2020 /home/travis/build/icyphy/ptII/ptolemy/domains/sdf/lib/test/auto/MatrixJoin2.xml
----------------- Instantiating /home/travis/build/icyphy/ptII/ptolemy/domains/sdf/lib/test/auto/MatrixJoin2.xml
10 ms. Memory: 157696K Free: 130492K (83%)
----------------- Invoking toplevel() on ptolemy.moml.MoMLSimpleApplication@39e2dfd1
----------------- Done invoking toplevel() on ptolemy.moml.MoMLSimpleApplication@39e2dfd1
reloadAllAccessors: .MatrixJoin2

===========================================================================================
----------------- testing Sat Oct 03 16:02:15 UTC 2020 /home/travis/build/icyphy/ptII/ptolemy/domains/sdf/lib/test/auto/MatrixJoin3.xml
----------------- Instantiating /home/travis/build/icyphy/ptII/ptolemy/domains/sdf/lib/test/auto/MatrixJoin3.xml
6 ms. Memory: 157696K Free: 126396K (80%)
----------------- Invoking toplevel() on ptolemy.moml.MoMLSimpleApplication@2f309aeb
----------------- Done invoking toplevel() on ptolemy.moml.MoMLSimpleApplication@2f309aeb
reloadAllAccessors: .MatrixJoin3

===========================================================================================
----------------- testing Sat Oct 03 16:02:15 UTC 2020 /home/travis/build/icyphy/ptII/ptolemy/domains/sdf/lib/test/auto/MatrixJoin4.xml
----------------- Instantiating /home/travis/build/icyphy/ptII/ptolemy/domains/sdf/lib/test/auto/MatrixJoin4.xml
2 ms. Memory: 157696K Free: 122300K (78%)
----------------- Invoking toplevel() on ptolemy.moml.MoMLSimpleApplication@142ebc76
----------------- Done invoking toplevel() on ptolemy.moml.MoMLSimpleApplication@142ebc76
reloadAllAccessors: .MatrixJoin4

===========================================================================================
----------------- testing Sat Oct 03 16:02:15 UTC 2020 /home/travis/build/icyphy/ptII/ptolemy/domains/sdf/lib/test/auto/MatrixJoin5.xml
----------------- Instantiating /home/travis/build/icyphy/ptII/ptolemy/domains/sdf/lib/test/auto/MatrixJoin5.xml
2 ms. Memory: 157696K Free: 118204K (75%)
----------------- Invoking toplevel() on ptolemy.moml.MoMLSimpleApplication@15d2ee7f
----------------- Done invoking toplevel() on ptolemy.moml.MoMLSimpleApplication@15d2ee7f
reloadAllAccessors: .MatrixJoin5

===========================================================================================
----------------- testing Sat Oct 03 16:02:15 UTC 2020 /home/travis/build/icyphy/ptII/ptolemy/domains/sdf/lib/test/auto/MatrixSplit1.xml
----------------- Instantiating /home/travis/build/icyphy/ptII/ptolemy/domains/sdf/lib/test/auto/MatrixSplit1.xml
2 ms. Memory: 157696K Free: 113084K (72%)
----------------- Invoking toplevel() on ptolemy.moml.MoMLSimpleApplication@140ac643
----------------- Done invoking toplevel() on ptolemy.moml.MoMLSimpleApplication@140ac643
reloadAllAccessors: .MatrixSplit1

===========================================================================================
----------------- testing Sat Oct 03 16:02:15 UTC 2020 /home/travis/build/icyphy/ptII/ptolemy/domains/sdf/lib/test/auto/MatrixSplit10.xml
----------------- Instantiating /home/travis/build/icyphy/ptII/ptolemy/domains/sdf/lib/test/auto/MatrixSplit10.xml
3 ms. Memory: 157696K Free: 109502K (69%)
----------------- Invoking toplevel() on ptolemy.moml.MoMLSimpleApplication@323d59dc
----------------- Done invoking toplevel() on ptolemy.moml.MoMLSimpleApplication@323d59dc
reloadAllAccessors: .MatrixSplit10

===========================================================================================
----------------- testing Sat Oct 03 16:02:15 UTC 2020 /home/travis/build/icyphy/ptII/ptolemy/domains/sdf/lib/test/auto/MatrixSplit11.xml
----------------- Instantiating /home/travis/build/icyphy/ptII/ptolemy/domains/sdf/lib/test/auto/MatrixSplit11.xml
2 ms. Memory: 157696K Free: 105916K (67%)
----------------- Invoking toplevel() on ptolemy.moml.MoMLSimpleApplication@9730f87
----------------- Done invoking toplevel() on ptolemy.moml.MoMLSimpleApplication@9730f87
reloadAllAccessors: .MatrixSplit11

===========================================================================================
----------------- testing Sat Oct 03 16:02:15 UTC 2020 /home/travis/build/icyphy/ptII/ptolemy/domains/sdf/lib/test/auto/MatrixSplit12.xml
----------------- Instantiating /home/travis/build/icyphy/ptII/ptolemy/domains/sdf/lib/test/auto/MatrixSplit12.xml
2 ms. Memory: 157696K Free: 102334K (65%)
----------------- Invoking toplevel() on ptolemy.moml.MoMLSimpleApplication@67ec1315
----------------- Done invoking toplevel() on ptolemy.moml.MoMLSimpleApplication@67ec1315
reloadAllAccessors: .MatrixSplit12

===========================================================================================
----------------- testing Sat Oct 03 16:02:15 UTC 2020 /home/travis/build/icyphy/ptII/ptolemy/domains/sdf/lib/test/auto/MatrixSplit13.xml
----------------- Instantiating /home/travis/build/icyphy/ptII/ptolemy/domains/sdf/lib/test/auto/MatrixSplit13.xml
2 ms. Memory: 157696K Free: 98748K (63%)
----------------- Invoking toplevel() on ptolemy.moml.MoMLSimpleApplication@6a53b364
----------------- Done invoking toplevel() on ptolemy.moml.MoMLSimpleApplication@6a53b364
reloadAllAccessors: .MatrixSplit13

===========================================================================================
----------------- testing Sat Oct 03 16:02:15 UTC 2020 /home/travis/build/icyphy/ptII/ptolemy/domains/sdf/lib/test/auto/MatrixSplit14.xml
----------------- Instantiating /home/travis/build/icyphy/ptII/ptolemy/domains/sdf/lib/test/auto/MatrixSplit14.xml
2 ms. Memory: 157696K Free: 95166K (60%)
----------------- Invoking toplevel() on ptolemy.moml.MoMLSimpleApplication@769c3230
----------------- Done invoking toplevel() on ptolemy.moml.MoMLSimpleApplication@769c3230
reloadAllAccessors: .MatrixSplit14

===========================================================================================
----------------- testing Sat Oct 03 16:02:15 UTC 2020 /home/travis/build/icyphy/ptII/ptolemy/domains/sdf/lib/test/auto/MatrixSplit2.xml
----------------- Instantiating /home/travis/build/icyphy/ptII/ptolemy/domains/sdf/lib/test/auto/MatrixSplit2.xml
1 ms. Memory: 157696K Free: 91580K (58%)
----------------- Invoking toplevel() on ptolemy.moml.MoMLSimpleApplication@6d52168f
----------------- Done invoking toplevel() on ptolemy.moml.MoMLSimpleApplication@6d52168f
reloadAllAccessors: .MatrixSplit2

===========================================================================================
----------------- testing Sat Oct 03 16:02:15 UTC 2020 /home/travis/build/icyphy/ptII/ptolemy/domains/sdf/lib/test/auto/MatrixSplit3.xml
----------------- Instantiating /home/travis/build/icyphy/ptII/ptolemy/domains/sdf/lib/test/auto/MatrixSplit3.xml
3 ms. Memory: 157696K Free: 87998K (56%)
----------------- Invoking toplevel() on ptolemy.moml.MoMLSimpleApplication@7d3a449f
----------------- Done invoking toplevel() on ptolemy.moml.MoMLSimpleApplication@7d3a449f
reloadAllAccessors: .MatrixSplit3

===========================================================================================
----------------- testing Sat Oct 03 16:02:15 UTC 2020 /home/travis/build/icyphy/ptII/ptolemy/domains/sdf/lib/test/auto/MatrixSplit4.xml
----------------- Instantiating /home/travis/build/icyphy/ptII/ptolemy/domains/sdf/lib/test/auto/MatrixSplit4.xml
2 ms. Memory: 157696K Free: 84412K (54%)
----------------- Invoking toplevel() on ptolemy.moml.MoMLSimpleApplication@720c6f2a
----------------- Done invoking toplevel() on ptolemy.moml.MoMLSimpleApplication@720c6f2a
reloadAllAccessors: .MatrixSplit4

===========================================================================================
----------------- testing Sat Oct 03 16:02:15 UTC 2020 /home/travis/build/icyphy/ptII/ptolemy/domains/sdf/lib/test/auto/MatrixSplit5.xml
----------------- Instantiating /home/travis/build/icyphy/ptII/ptolemy/domains/sdf/lib/test/auto/MatrixSplit5.xml
9 ms. Memory: 157696K Free: 80830K (51%)
----------------- Invoking toplevel() on ptolemy.moml.MoMLSimpleApplication@24b0bf36
----------------- Done invoking toplevel() on ptolemy.moml.MoMLSimpleApplication@24b0bf36
reloadAllAccessors: .MatrixSplit5

===========================================================================================
----------------- testing Sat Oct 03 16:02:15 UTC 2020 /home/travis/build/icyphy/ptII/ptolemy/domains/sdf/lib/test/auto/MatrixSplit6.xml
----------------- Instantiating /home/travis/build/icyphy/ptII/ptolemy/domains/sdf/lib/test/auto/MatrixSplit6.xml
3 ms. Memory: 157696K Free: 77244K (49%)
----------------- Invoking toplevel() on ptolemy.moml.MoMLSimpleApplication@64132451
----------------- Done invoking toplevel() on ptolemy.moml.MoMLSimpleApplication@64132451
reloadAllAccessors: .MatrixSplit6

===========================================================================================
----------------- testing Sat Oct 03 16:02:15 UTC 2020 /home/travis/build/icyphy/ptII/ptolemy/domains/sdf/lib/test/auto/MatrixSplit7.xml
----------------- Instantiating /home/travis/build/icyphy/ptII/ptolemy/domains/sdf/lib/test/auto/MatrixSplit7.xml
2 ms. Memory: 157696K Free: 73662K (47%)
----------------- Invoking toplevel() on ptolemy.moml.MoMLSimpleApplication@2342ad4d
----------------- Done invoking toplevel() on ptolemy.moml.MoMLSimpleApplication@2342ad4d
reloadAllAccessors: .MatrixSplit7

===========================================================================================
----------------- testing Sat Oct 03 16:02:15 UTC 2020 /home/travis/build/icyphy/ptII/ptolemy/domains/sdf/lib/test/auto/MatrixSplit8.xml
----------------- Instantiating /home/travis/build/icyphy/ptII/ptolemy/domains/sdf/lib/test/auto/MatrixSplit8.xml
2 ms. Memory: 157696K Free: 70076K (44%)
----------------- Invoking toplevel() on ptolemy.moml.MoMLSimpleApplication@1e292550
----------------- Done invoking toplevel() on ptolemy.moml.MoMLSimpleApplication@1e292550
reloadAllAccessors: .MatrixSplit8

===========================================================================================
----------------- testing Sat Oct 03 16:02:15 UTC 2020 /home/travis/build/icyphy/ptII/ptolemy/domains/sdf/lib/test/auto/MatrixSplit9.xml
----------------- Instantiating /home/travis/build/icyphy/ptII/ptolemy/domains/sdf/lib/test/auto/MatrixSplit9.xml
2 ms. Memory: 157696K Free: 66494K (42%)
----------------- Invoking toplevel() on ptolemy.moml.MoMLSimpleApplication@609f1e90
----------------- Done invoking toplevel() on ptolemy.moml.MoMLSimpleApplication@609f1e90
reloadAllAccessors: .MatrixSplit9

===========================================================================================
----------------- testing Sat Oct 03 16:02:15 UTC 2020 /home/travis/build/icyphy/ptII/ptolemy/domains/sdf/lib/test/auto/MatrixToSequence.xml
----------------- Instantiating /home/travis/build/icyphy/ptII/ptolemy/domains/sdf/lib/test/auto/MatrixToSequence.xml
11 ms. Memory: 157696K Free: 139639K (89%)
----------------- Invoking toplevel() on ptolemy.moml.MoMLSimpleApplication@552d7b3a
----------------- Done invoking toplevel() on ptolemy.moml.MoMLSimpleApplication@552d7b3a
reloadAllAccessors: .MatrixToSequence

===========================================================================================
----------------- testing Sat Oct 03 16:02:15 UTC 2020 /home/travis/build/icyphy/ptII/ptolemy/domains/sdf/lib/test/auto/MaximumEntropySpectrum.xml
----------------- Instantiating /home/travis/build/icyphy/ptII/ptolemy/domains/sdf/lib/test/auto/MaximumEntropySpectrum.xml
11 ms. Memory: 157696K Free: 118706K (75%)
----------------- Invoking toplevel() on ptolemy.moml.MoMLSimpleApplication@43ef6df
----------------- Done invoking toplevel() on ptolemy.moml.MoMLSimpleApplication@43ef6df
reloadAllAccessors: .MaximumEntropySpectrum

===========================================================================================
----------------- testing Sat Oct 03 16:02:15 UTC 2020 /home/travis/build/icyphy/ptII/ptolemy/domains/sdf/lib/test/auto/SampleDelayConversion.xml
----------------- Instantiating /home/travis/build/icyphy/ptII/ptolemy/domains/sdf/lib/test/auto/SampleDelayConversion.xml
2 ms. Memory: 157696K Free: 114610K (73%)
----------------- Invoking toplevel() on ptolemy.moml.MoMLSimpleApplication@6e95366a
----------------- Done invoking toplevel() on ptolemy.moml.MoMLSimpleApplication@6e95366a
reloadAllAccessors: .SampleDelayConversion

===========================================================================================
----------------- testing Sat Oct 03 16:02:15 UTC 2020 /home/travis/build/icyphy/ptII/ptolemy/domains/sdf/lib/test/auto/SequenceToArray.xml
----------------- Instantiating /home/travis/build/icyphy/ptII/ptolemy/domains/sdf/lib/test/auto/SequenceToArray.xml
9 ms. Memory: 157696K Free: 103826K (66%)
----------------- Invoking toplevel() on ptolemy.moml.MoMLSimpleApplication@2b5f519c
----------------- Done invoking toplevel() on ptolemy.moml.MoMLSimpleApplication@2b5f519c
reloadAllAccessors: .SequenceToArray

===========================================================================================
----------------- testing Sat Oct 03 16:02:15 UTC 2020 /home/travis/build/icyphy/ptII/ptolemy/domains/sdf/lib/test/auto/SequenceToMatrix.xml
----------------- Instantiating /home/travis/build/icyphy/ptII/ptolemy/domains/sdf/lib/test/auto/SequenceToMatrix.xml
3141 ms. Memory: 189440K Free: 157673K (83%)
----------------- Invoking toplevel() on ptolemy.moml.MoMLSimpleApplication@69782960
----------------- Done invoking toplevel() on ptolemy.moml.MoMLSimpleApplication@69782960
reloadAllAccessors: .SequenceToMatrix

===========================================================================================
----------------- testing Sat Oct 03 16:02:18 UTC 2020 /home/travis/build/icyphy/ptII/ptolemy/domains/sdf/lib/test/auto/SmoothedPeriodogram.xml
----------------- Instantiating /home/travis/build/icyphy/ptII/ptolemy/domains/sdf/lib/test/auto/SmoothedPeriodogram.xml
12 ms. Memory: 189440K Free: 142313K (75%)
----------------- Invoking toplevel() on ptolemy.moml.MoMLSimpleApplication@2531c935
----------------- Done invoking toplevel() on ptolemy.moml.MoMLSimpleApplication@2531c935
reloadAllAccessors: .SmoothedPeriodogram

===========================================================================================
----------------- testing Sat Oct 03 16:02:18 UTC 2020 /home/travis/build/icyphy/ptII/ptolemy/domains/sdf/lib/test/auto/UpDownSample1.xml
----------------- Instantiating /home/travis/build/icyphy/ptII/ptolemy/domains/sdf/lib/test/auto/UpDownSample1.xml
2 ms. Memory: 189440K Free: 138217K (73%)
----------------- Invoking toplevel() on ptolemy.moml.MoMLSimpleApplication@5d16da49
----------------- Done invoking toplevel() on ptolemy.moml.MoMLSimpleApplication@5d16da49
reloadAllAccessors: .UpDownSample1

===========================================================================================
----------------- testing Sat Oct 03 16:02:18 UTC 2020 /home/travis/build/icyphy/ptII/ptolemy/domains/sdf/lib/test/auto/UpSample1.xml
----------------- Instantiating /home/travis/build/icyphy/ptII/ptolemy/domains/sdf/lib/test/auto/UpSample1.xml
2 ms. Memory: 189440K Free: 134631K (71%)
----------------- Invoking toplevel() on ptolemy.moml.MoMLSimpleApplication@1eb92a30
----------------- Done invoking toplevel() on ptolemy.moml.MoMLSimpleApplication@1eb92a30
reloadAllAccessors: .UpSample1

===========================================================================================
----------------- testing Sat Oct 03 16:02:18 UTC 2020 /home/travis/build/icyphy/ptII/ptolemy/domains/sdf/lib/test/auto/VariableFIR.xml
----------------- Instantiating /home/travis/build/icyphy/ptII/ptolemy/domains/sdf/lib/test/auto/VariableFIR.xml
3 ms. Memory: 189440K Free: 129511K (68%)
----------------- Invoking toplevel() on ptolemy.moml.MoMLSimpleApplication@3033ea7d
----------------- Done invoking toplevel() on ptolemy.moml.MoMLSimpleApplication@3033ea7d
reloadAllAccessors: .VariableFIR

===========================================================================================
----------------- testing Sat Oct 03 16:02:18 UTC 2020 /home/travis/build/icyphy/ptII/ptolemy/domains/sdf/lib/test/auto/VariableFIR2.xml
----------------- Instantiating /home/travis/build/icyphy/ptII/ptolemy/domains/sdf/lib/test/auto/VariableFIR2.xml
5 ms. Memory: 189440K Free: 123881K (65%)
----------------- Invoking toplevel() on ptolemy.moml.MoMLSimpleApplication@471be808
----------------- Done invoking toplevel() on ptolemy.moml.MoMLSimpleApplication@471be808
reloadAllAccessors: .VariableFIR2

===========================================================================================
----------------- testing Sat Oct 03 16:02:19 UTC 2020 /home/travis/build/icyphy/ptII/ptolemy/domains/sdf/lib/test/auto/VariableLattice.xml
----------------- Instantiating /home/travis/build/icyphy/ptII/ptolemy/domains/sdf/lib/test/auto/VariableLattice.xml
5 ms. Memory: 189440K Free: 117223K (62%)
----------------- Invoking toplevel() on ptolemy.moml.MoMLSimpleApplication@7cec2da
----------------- Done invoking toplevel() on ptolemy.moml.MoMLSimpleApplication@7cec2da
reloadAllAccessors: .VariableLattice

===========================================================================================
----------------- testing Sat Oct 03 16:02:19 UTC 2020 /home/travis/build/icyphy/ptII/ptolemy/domains/sdf/lib/test/auto/VariableLattice2.xml
----------------- Instantiating /home/travis/build/icyphy/ptII/ptolemy/domains/sdf/lib/test/auto/VariableLattice2.xml
1.0
-1.999999602036
1.9099998677481
-0.9099996420674
0.205
0.0
0.0
1.0
-0.25
-0.5
0.0
0.0
0.0
0.0
7 ms. Memory: 189440K Free: 112617K (59%)
----------------- Invoking toplevel() on ptolemy.moml.MoMLSimpleApplication@1ef92419
----------------- Done invoking toplevel() on ptolemy.moml.MoMLSimpleApplication@1ef92419
reloadAllAccessors: .VariableLattice2

===========================================================================================
----------------- testing Sat Oct 03 16:02:19 UTC 2020 /home/travis/build/icyphy/ptII/ptolemy/domains/sdf/lib/test/auto/VariableRecursiveLattice.xml
----------------- Instantiating /home/travis/build/icyphy/ptII/ptolemy/domains/sdf/lib/test/auto/VariableRecursiveLattice.xml
3 ms. Memory: 189440K Free: 108007K (57%)
----------------- Invoking toplevel() on ptolemy.moml.MoMLSimpleApplication@1528ace3
----------------- Done invoking toplevel() on ptolemy.moml.MoMLSimpleApplication@1528ace3
reloadAllAccessors: .VariableRecursiveLattice

===========================================================================================
----------------- testing Sat Oct 03 16:02:19 UTC 2020 /home/travis/build/icyphy/ptII/ptolemy/domains/sdf/lib/test/auto/VariableRecursiveLattice2.xml
----------------- Instantiating /home/travis/build/icyphy/ptII/ptolemy/domains/sdf/lib/test/auto/VariableRecursiveLattice2.xml
3 ms. Memory: 189440K Free: 104425K (55%)
----------------- Invoking toplevel() on ptolemy.moml.MoMLSimpleApplication@546fc5b2
----------------- Done invoking toplevel() on ptolemy.moml.MoMLSimpleApplication@546fc5b2
reloadAllAccessors: .VariableRecursiveLattice2
AutoTests.java: About to close Vertx.
AutoTests.java: Vertx closed.
]]></system-out>
  <system-err><![CDATA[]]></system-err>
</testsuite>
