<?xml version="1.0" encoding="UTF-8" ?>
<testsuite errors="0" failures="0" hostname="travis-job-37f9d36a-a300-4b18-b562-4ba6815cf28b" name="ptolemy.domains.sdf.lib.test.junit.JUnitTclTest" skipped="0" tests="82" time="10.226" timestamp="2019-03-13T03:51:45">
  <properties>
[...]
</properties>
  <testcase classname="ptolemy.util.test.junit.TclTests" name="[0] /home/travis/build/icyphy/ptII/ptolemy/domains/sdf/lib/test/ArrayToSequence.tcl (RunTclFile)" time="0.584" />
  <testcase classname="ptolemy.util.test.junit.TclTests" name="[1] /home/travis/build/icyphy/ptII/ptolemy/domains/sdf/lib/test/BitsToInt.tcl (RunTclFile)" time="0.072" />
  <testcase classname="ptolemy.util.test.junit.TclTests" name="[2] /home/travis/build/icyphy/ptII/ptolemy/domains/sdf/lib/test/DelayLine.tcl (RunTclFile)" time="0.049" />
  <testcase classname="ptolemy.util.test.junit.TclTests" name="[3] /home/travis/build/icyphy/ptII/ptolemy/domains/sdf/lib/test/FFT.tcl (RunTclFile)" time="0.05" />
  <testcase classname="ptolemy.util.test.junit.TclTests" name="[4] /home/travis/build/icyphy/ptII/ptolemy/domains/sdf/lib/test/FIR.tcl (RunTclFile)" time="0.098" />
  <testcase classname="ptolemy.util.test.junit.TclTests" name="[5] /home/travis/build/icyphy/ptII/ptolemy/domains/sdf/lib/test/IntToBits.tcl (RunTclFile)" time="0.05" />
  <testcase classname="ptolemy.util.test.junit.TclTests" name="[6] /home/travis/build/icyphy/ptII/ptolemy/domains/sdf/lib/test/MaximumEntropySpectrum.tcl (RunTclFile)" time="0.219" />
  <testcase classname="ptolemy.util.test.junit.TclTests" name="[7] /home/travis/build/icyphy/ptII/ptolemy/domains/sdf/lib/test/Repeat.tcl (RunTclFile)" time="0.05" />
  <testcase classname="ptolemy.util.test.junit.TclTests" name="[8] /home/travis/build/icyphy/ptII/ptolemy/domains/sdf/lib/test/SampleDelay.tcl (RunTclFile)" time="0.086" />
  <testcase classname="ptolemy.util.test.junit.TclTests" name="[9] /home/travis/build/icyphy/ptII/ptolemy/domains/sdf/lib/test/SequenceToArray.tcl (RunTclFile)" time="0.062" />
  <testcase classname="ptolemy.util.test.junit.AutoKnownFailedTests" name="[0] ThereAreNoKnowFailedTests (RunModel)" time="0.001" />
  <testcase classname="ptolemy.util.test.junit.AutoNameArchTests" name="[0] ThereAreNoAutoArchTests (RunModel)" time="0.001" />
  <testcase classname="ptolemy.util.test.junit.AutoTests" name="[0] /home/travis/build/icyphy/ptII/ptolemy/domains/sdf/lib/test/auto/ArrayToSequence.xml (RunModel)" time="0.159" />
  <testcase classname="ptolemy.util.test.junit.AutoTests" name="[1] /home/travis/build/icyphy/ptII/ptolemy/domains/sdf/lib/test/auto/ArrayToSequenceTest.xml (RunModel)" time="0.073" />
  <testcase classname="ptolemy.util.test.junit.AutoTests" name="[2] /home/travis/build/icyphy/ptII/ptolemy/domains/sdf/lib/test/auto/Autocorrelation.xml (RunModel)" time="0.02" />
  <testcase classname="ptolemy.util.test.junit.AutoTests" name="[3] /home/travis/build/icyphy/ptII/ptolemy/domains/sdf/lib/test/auto/Autocorrelation2.xml (RunModel)" time="0.025" />
  <testcase classname="ptolemy.util.test.junit.AutoTests" name="[4] /home/travis/build/icyphy/ptII/ptolemy/domains/sdf/lib/test/auto/Autocorrelation3.xml (RunModel)" time="0.023" />
  <testcase classname="ptolemy.util.test.junit.AutoTests" name="[5] /home/travis/build/icyphy/ptII/ptolemy/domains/sdf/lib/test/auto/Autocorrelation4.xml (RunModel)" time="0.023" />
  <testcase classname="ptolemy.util.test.junit.AutoTests" name="[6] /home/travis/build/icyphy/ptII/ptolemy/domains/sdf/lib/test/auto/Autocorrelation5.xml (RunModel)" time="0.104" />
  <testcase classname="ptolemy.util.test.junit.AutoTests" name="[7] /home/travis/build/icyphy/ptII/ptolemy/domains/sdf/lib/test/auto/BitsToInt.xml (RunModel)" time="0.042" />
  <testcase classname="ptolemy.util.test.junit.AutoTests" name="[8] /home/travis/build/icyphy/ptII/ptolemy/domains/sdf/lib/test/auto/BooleanJoin.xml (RunModel)" time="0.052" />
  <testcase classname="ptolemy.util.test.junit.AutoTests" name="[9] /home/travis/build/icyphy/ptII/ptolemy/domains/sdf/lib/test/auto/BootstrapSampleDelay.xml (RunModel)" time="0.051" />
  <testcase classname="ptolemy.util.test.junit.AutoTests" name="[10] /home/travis/build/icyphy/ptII/ptolemy/domains/sdf/lib/test/auto/Chop.xml (RunModel)" time="0.091" />
  <testcase classname="ptolemy.util.test.junit.AutoTests" name="[11] /home/travis/build/icyphy/ptII/ptolemy/domains/sdf/lib/test/auto/Chop2.xml (RunModel)" time="0.048" />
  <testcase classname="ptolemy.util.test.junit.AutoTests" name="[12] /home/travis/build/icyphy/ptII/ptolemy/domains/sdf/lib/test/auto/ComplexJoin.xml (RunModel)" time="0.053" />
  <testcase classname="ptolemy.util.test.junit.AutoTests" name="[13] /home/travis/build/icyphy/ptII/ptolemy/domains/sdf/lib/test/auto/CountTrues.xml (RunModel)" time="0.028" />
  <testcase classname="ptolemy.util.test.junit.AutoTests" name="[14] /home/travis/build/icyphy/ptII/ptolemy/domains/sdf/lib/test/auto/DelayLine.xml (RunModel)" time="0.041" />
  <testcase classname="ptolemy.util.test.junit.AutoTests" name="[15] /home/travis/build/icyphy/ptII/ptolemy/domains/sdf/lib/test/auto/DotProduct.xml (RunModel)" time="0.026" />
  <testcase classname="ptolemy.util.test.junit.AutoTests" name="[16] /home/travis/build/icyphy/ptII/ptolemy/domains/sdf/lib/test/auto/DotProductMatrix.xml (RunModel)" time="0.023" />
  <testcase classname="ptolemy.util.test.junit.AutoTests" name="[17] /home/travis/build/icyphy/ptII/ptolemy/domains/sdf/lib/test/auto/DownSample1.xml (RunModel)" time="0.024" />
  <testcase classname="ptolemy.util.test.junit.AutoTests" name="[18] /home/travis/build/icyphy/ptII/ptolemy/domains/sdf/lib/test/auto/DynamicRateChange.xml (RunModel)" time="0.038" />
  <testcase classname="ptolemy.util.test.junit.AutoTests" name="[19] /home/travis/build/icyphy/ptII/ptolemy/domains/sdf/lib/test/auto/DynamicRates.xml (RunModel)" time="0.032" />
  <testcase classname="ptolemy.util.test.junit.AutoTests" name="[20] /home/travis/build/icyphy/ptII/ptolemy/domains/sdf/lib/test/auto/FFT1.xml (RunModel)" time="0.037" />
  <testcase classname="ptolemy.util.test.junit.AutoTests" name="[21] /home/travis/build/icyphy/ptII/ptolemy/domains/sdf/lib/test/auto/FIR1.xml (RunModel)" time="0.057" />
  <testcase classname="ptolemy.util.test.junit.AutoTests" name="[22] /home/travis/build/icyphy/ptII/ptolemy/domains/sdf/lib/test/auto/FIR2.xml (RunModel)" time="0.025" />
  <testcase classname="ptolemy.util.test.junit.AutoTests" name="[23] /home/travis/build/icyphy/ptII/ptolemy/domains/sdf/lib/test/auto/FIR4.xml (RunModel)" time="0.055" />
  <testcase classname="ptolemy.util.test.junit.AutoTests" name="[24] /home/travis/build/icyphy/ptII/ptolemy/domains/sdf/lib/test/auto/FixJoin.xml (RunModel)" time="0.057" />
  <testcase classname="ptolemy.util.test.junit.AutoTests" name="[25] /home/travis/build/icyphy/ptII/ptolemy/domains/sdf/lib/test/auto/IntJoin1.xml (RunModel)" time="0.023" />
  <testcase classname="ptolemy.util.test.junit.AutoTests" name="[26] /home/travis/build/icyphy/ptII/ptolemy/domains/sdf/lib/test/auto/IntJoin2.xml (RunModel)" time="0.021" />
  <testcase classname="ptolemy.util.test.junit.AutoTests" name="[27] /home/travis/build/icyphy/ptII/ptolemy/domains/sdf/lib/test/auto/IntJoin3.xml (RunModel)" time="0.026" />
  <testcase classname="ptolemy.util.test.junit.AutoTests" name="[28] /home/travis/build/icyphy/ptII/ptolemy/domains/sdf/lib/test/auto/IntJoin4.xml (RunModel)" time="0.027" />
  <testcase classname="ptolemy.util.test.junit.AutoTests" name="[29] /home/travis/build/icyphy/ptII/ptolemy/domains/sdf/lib/test/auto/IntJoin5.xml (RunModel)" time="0.025" />
  <testcase classname="ptolemy.util.test.junit.AutoTests" name="[30] /home/travis/build/icyphy/ptII/ptolemy/domains/sdf/lib/test/auto/IntToBits.xml (RunModel)" time="0.02" />
  <testcase classname="ptolemy.util.test.junit.AutoTests" name="[31] /home/travis/build/icyphy/ptII/ptolemy/domains/sdf/lib/test/auto/LMSAdaptive.xml (RunModel)" time="0.066" />
  <testcase classname="ptolemy.util.test.junit.AutoTests" name="[32] /home/travis/build/icyphy/ptII/ptolemy/domains/sdf/lib/test/auto/LMSAdaptiveFIR.xml (RunModel)" time="0.408" />
  <testcase classname="ptolemy.util.test.junit.AutoTests" name="[33] /home/travis/build/icyphy/ptII/ptolemy/domains/sdf/lib/test/auto/LMSAdaptiveFIR2.xml (RunModel)" time="0.489" />
  <testcase classname="ptolemy.util.test.junit.AutoTests" name="[34] /home/travis/build/icyphy/ptII/ptolemy/domains/sdf/lib/test/auto/LongJoin.xml (RunModel)" time="0.033" />
  <testcase classname="ptolemy.util.test.junit.AutoTests" name="[35] /home/travis/build/icyphy/ptII/ptolemy/domains/sdf/lib/test/auto/Matrix1.xml (RunModel)" time="0.022" />
  <testcase classname="ptolemy.util.test.junit.AutoTests" name="[36] /home/travis/build/icyphy/ptII/ptolemy/domains/sdf/lib/test/auto/Matrix2.xml (RunModel)" time="0.028" />
  <testcase classname="ptolemy.util.test.junit.AutoTests" name="[37] /home/travis/build/icyphy/ptII/ptolemy/domains/sdf/lib/test/auto/MatrixJoin1.xml (RunModel)" time="0.044" />
  <testcase classname="ptolemy.util.test.junit.AutoTests" name="[38] /home/travis/build/icyphy/ptII/ptolemy/domains/sdf/lib/test/auto/MatrixJoin2.xml (RunModel)" time="0.035" />
  <testcase classname="ptolemy.util.test.junit.AutoTests" name="[39] /home/travis/build/icyphy/ptII/ptolemy/domains/sdf/lib/test/auto/MatrixJoin3.xml (RunModel)" time="0.029" />
  <testcase classname="ptolemy.util.test.junit.AutoTests" name="[40] /home/travis/build/icyphy/ptII/ptolemy/domains/sdf/lib/test/auto/MatrixJoin4.xml (RunModel)" time="0.059" />
  <testcase classname="ptolemy.util.test.junit.AutoTests" name="[41] /home/travis/build/icyphy/ptII/ptolemy/domains/sdf/lib/test/auto/MatrixJoin5.xml (RunModel)" time="0.025" />
  <testcase classname="ptolemy.util.test.junit.AutoTests" name="[42] /home/travis/build/icyphy/ptII/ptolemy/domains/sdf/lib/test/auto/MatrixSplit1.xml (RunModel)" time="0.028" />
  <testcase classname="ptolemy.util.test.junit.AutoTests" name="[43] /home/travis/build/icyphy/ptII/ptolemy/domains/sdf/lib/test/auto/MatrixSplit10.xml (RunModel)" time="0.024" />
  <testcase classname="ptolemy.util.test.junit.AutoTests" name="[44] /home/travis/build/icyphy/ptII/ptolemy/domains/sdf/lib/test/auto/MatrixSplit11.xml (RunModel)" time="0.025" />
  <testcase classname="ptolemy.util.test.junit.AutoTests" name="[45] /home/travis/build/icyphy/ptII/ptolemy/domains/sdf/lib/test/auto/MatrixSplit12.xml (RunModel)" time="0.029" />
  <testcase classname="ptolemy.util.test.junit.AutoTests" name="[46] /home/travis/build/icyphy/ptII/ptolemy/domains/sdf/lib/test/auto/MatrixSplit13.xml (RunModel)" time="0.034" />
  <testcase classname="ptolemy.util.test.junit.AutoTests" name="[47] /home/travis/build/icyphy/ptII/ptolemy/domains/sdf/lib/test/auto/MatrixSplit14.xml (RunModel)" time="0.018" />
  <testcase classname="ptolemy.util.test.junit.AutoTests" name="[48] /home/travis/build/icyphy/ptII/ptolemy/domains/sdf/lib/test/auto/MatrixSplit2.xml (RunModel)" time="0.022" />
  <testcase classname="ptolemy.util.test.junit.AutoTests" name="[49] /home/travis/build/icyphy/ptII/ptolemy/domains/sdf/lib/test/auto/MatrixSplit3.xml (RunModel)" time="0.023" />
  <testcase classname="ptolemy.util.test.junit.AutoTests" name="[50] /home/travis/build/icyphy/ptII/ptolemy/domains/sdf/lib/test/auto/MatrixSplit4.xml (RunModel)" time="0.023" />
  <testcase classname="ptolemy.util.test.junit.AutoTests" name="[51] /home/travis/build/icyphy/ptII/ptolemy/domains/sdf/lib/test/auto/MatrixSplit5.xml (RunModel)" time="0.022" />
  <testcase classname="ptolemy.util.test.junit.AutoTests" name="[52] /home/travis/build/icyphy/ptII/ptolemy/domains/sdf/lib/test/auto/MatrixSplit6.xml (RunModel)" time="0.019" />
  <testcase classname="ptolemy.util.test.junit.AutoTests" name="[53] /home/travis/build/icyphy/ptII/ptolemy/domains/sdf/lib/test/auto/MatrixSplit7.xml (RunModel)" time="0.023" />
  <testcase classname="ptolemy.util.test.junit.AutoTests" name="[54] /home/travis/build/icyphy/ptII/ptolemy/domains/sdf/lib/test/auto/MatrixSplit8.xml (RunModel)" time="0.019" />
  <testcase classname="ptolemy.util.test.junit.AutoTests" name="[55] /home/travis/build/icyphy/ptII/ptolemy/domains/sdf/lib/test/auto/MatrixSplit9.xml (RunModel)" time="0.038" />
  <testcase classname="ptolemy.util.test.junit.AutoTests" name="[56] /home/travis/build/icyphy/ptII/ptolemy/domains/sdf/lib/test/auto/MatrixToSequence.xml (RunModel)" time="0.048" />
  <testcase classname="ptolemy.util.test.junit.AutoTests" name="[57] /home/travis/build/icyphy/ptII/ptolemy/domains/sdf/lib/test/auto/MaximumEntropySpectrum.xml (RunModel)" time="0.111" />
  <testcase classname="ptolemy.util.test.junit.AutoTests" name="[58] /home/travis/build/icyphy/ptII/ptolemy/domains/sdf/lib/test/auto/SampleDelayConversion.xml (RunModel)" time="0.028" />
  <testcase classname="ptolemy.util.test.junit.AutoTests" name="[59] /home/travis/build/icyphy/ptII/ptolemy/domains/sdf/lib/test/auto/SequenceToArray.xml (RunModel)" time="0.051" />
  <testcase classname="ptolemy.util.test.junit.AutoTests" name="[60] /home/travis/build/icyphy/ptII/ptolemy/domains/sdf/lib/test/auto/SequenceToMatrix.xml (RunModel)" time="4.85" />
  <testcase classname="ptolemy.util.test.junit.AutoTests" name="[61] /home/travis/build/icyphy/ptII/ptolemy/domains/sdf/lib/test/auto/SmoothedPeriodogram.xml (RunModel)" time="0.094" />
  <testcase classname="ptolemy.util.test.junit.AutoTests" name="[62] /home/travis/build/icyphy/ptII/ptolemy/domains/sdf/lib/test/auto/UpDownSample1.xml (RunModel)" time="0.019" />
  <testcase classname="ptolemy.util.test.junit.AutoTests" name="[63] /home/travis/build/icyphy/ptII/ptolemy/domains/sdf/lib/test/auto/UpSample1.xml (RunModel)" time="0.027" />
  <testcase classname="ptolemy.util.test.junit.AutoTests" name="[64] /home/travis/build/icyphy/ptII/ptolemy/domains/sdf/lib/test/auto/VariableFIR.xml (RunModel)" time="0.029" />
  <testcase classname="ptolemy.util.test.junit.AutoTests" name="[65] /home/travis/build/icyphy/ptII/ptolemy/domains/sdf/lib/test/auto/VariableFIR2.xml (RunModel)" time="0.05" />
  <testcase classname="ptolemy.util.test.junit.AutoTests" name="[66] /home/travis/build/icyphy/ptII/ptolemy/domains/sdf/lib/test/auto/VariableLattice.xml (RunModel)" time="0.026" />
  <testcase classname="ptolemy.util.test.junit.AutoTests" name="[67] /home/travis/build/icyphy/ptII/ptolemy/domains/sdf/lib/test/auto/VariableLattice2.xml (RunModel)" time="0.031" />
  <testcase classname="ptolemy.util.test.junit.AutoTests" name="[68] /home/travis/build/icyphy/ptII/ptolemy/domains/sdf/lib/test/auto/VariableRecursiveLattice.xml (RunModel)" time="0.046" />
  <testcase classname="ptolemy.util.test.junit.AutoTests" name="[69] /home/travis/build/icyphy/ptII/ptolemy/domains/sdf/lib/test/auto/VariableRecursiveLattice2.xml (RunModel)" time="0.023" />
  <system-out><![CDATA[/home/travis/build/icyphy/ptII/ptolemy/domains/sdf/lib/test/ArrayToSequence.tcl
testDefs.tcl: setting time out to 9000 seconds at Wed Mar 13 03:51:45 UTC 2019
57 ms. Memory: 116224K Free: 87138K (75%)
18 ms. Memory: 116224K Free: 85909K (74%)
15 ms. Memory: 116224K Free: 109556K (94%)
16 ms. Memory: 116224K Free: 108345K (93%)
/home/travis/build/icyphy/ptII/ptolemy/domains/sdf/lib/test/BitsToInt.tcl
17 ms. Memory: 116224K Free: 106522K (92%)
13 ms. Memory: 116224K Free: 104738K (90%)
/home/travis/build/icyphy/ptII/ptolemy/domains/sdf/lib/test/DelayLine.tcl
16 ms. Memory: 116224K Free: 102946K (89%)
/home/travis/build/icyphy/ptII/ptolemy/domains/sdf/lib/test/FFT.tcl
12 ms. Memory: 116224K Free: 101178K (87%)
/home/travis/build/icyphy/ptII/ptolemy/domains/sdf/lib/test/FIR.tcl
11 ms. Memory: 116224K Free: 99365K (85%)
4 ms. Memory: 116224K Free: 98146K (84%)
ptolemy.kernel.util.IllegalActionException: multiplyReverse method not supported between ptolemy.data.FixToken 'fix(-0.0625,6,2)' and ptolemy.data.IntToken '1' because the types are incomparable.
  in .top.FIRclone
Because:
multiplyReverse method not supported between ptolemy.data.FixToken 'fix(-0.0625,6,2)' and ptolemy.data.IntToken '1' because the types are incomparable.
28 ms. Memory: 116224K Free: 95758K (82%)
/home/travis/build/icyphy/ptII/ptolemy/domains/sdf/lib/test/IntToBits.tcl
5 ms. Memory: 116224K Free: 93966K (81%)
9 ms. Memory: 116224K Free: 92764K (80%)
/home/travis/build/icyphy/ptII/ptolemy/domains/sdf/lib/test/MaximumEntropySpectrum.tcl
/home/travis/build/icyphy/ptII/ptolemy/domains/sdf/lib/test/Repeat.tcl
19 ms. Memory: 146944K Free: 123289K (84%)
/home/travis/build/icyphy/ptII/ptolemy/domains/sdf/lib/test/SampleDelay.tcl
13 ms. Memory: 146944K Free: 120892K (82%)
7 ms. Memory: 146944K Free: 120892K (82%)
3 ms. Memory: 146944K Free: 119702K (81%)
16 ms. Memory: 146944K Free: 118511K (81%)
3 ms. Memory: 146944K Free: 118511K (81%)
2 ms. Memory: 146944K Free: 117321K (80%)
/home/travis/build/icyphy/ptII/ptolemy/domains/sdf/lib/test/SequenceToArray.tcl
9 ms. Memory: 146944K Free: 116130K (79%)
9 ms. Memory: 146944K Free: 114932K (78%)
9 ms. Memory: 146944K Free: 112504K (77%)
9 ms. Memory: 146944K Free: 111314K (76%)
03/13/19 03:51:46
Failed: 0  Total Tests: 41  ((Passed: 41, Newly Passed: 0)  Known Failed: 0) /home/travis/build/icyphy/ptII/ptolemy/domains/sdf/lib/test
No auto/knownFailedTests/*.xml tests in /home/travis/build/icyphy/ptII/ptolemy/domains/sdf/lib/test
No auto/linux-amd64/*.xml tests in /home/travis/build/icyphy/ptII/ptolemy/domains/sdf/lib/test
AutoTests.java: About to close Vertx.
AutoTests.java: Vertx closed.

===========================================================================================
----------------- testing Wed Mar 13 03:51:47 UTC 2019 /home/travis/build/icyphy/ptII/ptolemy/domains/sdf/lib/test/auto/ArrayToSequence.xml
----------------- Instantiating /home/travis/build/icyphy/ptII/ptolemy/domains/sdf/lib/test/auto/ArrayToSequence.xml
32 ms. Memory: 146944K Free: 132412K (90%)
----------------- Invoking toplevel() on ptolemy.moml.MoMLSimpleApplication@6436019c
----------------- Done invoking toplevel() on ptolemy.moml.MoMLSimpleApplication@6436019c
reloadAllAccessors: .ArrayToSequence

===========================================================================================
----------------- testing Wed Mar 13 03:51:47 UTC 2019 /home/travis/build/icyphy/ptII/ptolemy/domains/sdf/lib/test/auto/ArrayToSequenceTest.xml
----------------- Instantiating /home/travis/build/icyphy/ptII/ptolemy/domains/sdf/lib/test/auto/ArrayToSequenceTest.xml
9 ms. Memory: 146944K Free: 125024K (85%)
----------------- Invoking toplevel() on ptolemy.moml.MoMLSimpleApplication@5ec0d02a
----------------- Done invoking toplevel() on ptolemy.moml.MoMLSimpleApplication@5ec0d02a
reloadAllAccessors: .ArrayToSequenceTest

===========================================================================================
----------------- testing Wed Mar 13 03:51:47 UTC 2019 /home/travis/build/icyphy/ptII/ptolemy/domains/sdf/lib/test/auto/Autocorrelation.xml
----------------- Instantiating /home/travis/build/icyphy/ptII/ptolemy/domains/sdf/lib/test/auto/Autocorrelation.xml
3 ms. Memory: 146944K Free: 120454K (82%)
----------------- Invoking toplevel() on ptolemy.moml.MoMLSimpleApplication@29dd3f2c
----------------- Done invoking toplevel() on ptolemy.moml.MoMLSimpleApplication@29dd3f2c
reloadAllAccessors: .Autocorrelation

===========================================================================================
----------------- testing Wed Mar 13 03:51:47 UTC 2019 /home/travis/build/icyphy/ptII/ptolemy/domains/sdf/lib/test/auto/Autocorrelation2.xml
----------------- Instantiating /home/travis/build/icyphy/ptII/ptolemy/domains/sdf/lib/test/auto/Autocorrelation2.xml
4 ms. Memory: 146944K Free: 115852K (79%)
----------------- Invoking toplevel() on ptolemy.moml.MoMLSimpleApplication@3e3d0ea1
----------------- Done invoking toplevel() on ptolemy.moml.MoMLSimpleApplication@3e3d0ea1
reloadAllAccessors: .Autocorrelation2

===========================================================================================
----------------- testing Wed Mar 13 03:51:47 UTC 2019 /home/travis/build/icyphy/ptII/ptolemy/domains/sdf/lib/test/auto/Autocorrelation3.xml
----------------- Instantiating /home/travis/build/icyphy/ptII/ptolemy/domains/sdf/lib/test/auto/Autocorrelation3.xml
3 ms. Memory: 146944K Free: 111002K (76%)
----------------- Invoking toplevel() on ptolemy.moml.MoMLSimpleApplication@bb3d5a8
----------------- Done invoking toplevel() on ptolemy.moml.MoMLSimpleApplication@bb3d5a8
reloadAllAccessors: .Autocorrelation3

===========================================================================================
----------------- testing Wed Mar 13 03:51:47 UTC 2019 /home/travis/build/icyphy/ptII/ptolemy/domains/sdf/lib/test/auto/Autocorrelation4.xml
----------------- Instantiating /home/travis/build/icyphy/ptII/ptolemy/domains/sdf/lib/test/auto/Autocorrelation4.xml
4 ms. Memory: 146944K Free: 106407K (72%)
----------------- Invoking toplevel() on ptolemy.moml.MoMLSimpleApplication@36cbd71
----------------- Done invoking toplevel() on ptolemy.moml.MoMLSimpleApplication@36cbd71
reloadAllAccessors: .Autocorrelation4

===========================================================================================
----------------- testing Wed Mar 13 03:51:47 UTC 2019 /home/travis/build/icyphy/ptII/ptolemy/domains/sdf/lib/test/auto/Autocorrelation5.xml
----------------- Instantiating /home/travis/build/icyphy/ptII/ptolemy/domains/sdf/lib/test/auto/Autocorrelation5.xml
46 ms. Memory: 146944K Free: 99292K (68%)
----------------- Invoking toplevel() on ptolemy.moml.MoMLSimpleApplication@560a3f22
----------------- Done invoking toplevel() on ptolemy.moml.MoMLSimpleApplication@560a3f22
reloadAllAccessors: .Autocorrelation5

===========================================================================================
----------------- testing Wed Mar 13 03:51:47 UTC 2019 /home/travis/build/icyphy/ptII/ptolemy/domains/sdf/lib/test/auto/BitsToInt.xml
----------------- Instantiating /home/travis/build/icyphy/ptII/ptolemy/domains/sdf/lib/test/auto/BitsToInt.xml
6 ms. Memory: 146944K Free: 94875K (65%)
----------------- Invoking toplevel() on ptolemy.moml.MoMLSimpleApplication@1e845ded
----------------- Done invoking toplevel() on ptolemy.moml.MoMLSimpleApplication@1e845ded
reloadAllAccessors: .BitsToInt

===========================================================================================
----------------- testing Wed Mar 13 03:51:47 UTC 2019 /home/travis/build/icyphy/ptII/ptolemy/domains/sdf/lib/test/auto/BooleanJoin.xml
----------------- Instantiating /home/travis/build/icyphy/ptII/ptolemy/domains/sdf/lib/test/auto/BooleanJoin.xml
5 ms. Memory: 146944K Free: 90257K (61%)
----------------- Invoking toplevel() on ptolemy.moml.MoMLSimpleApplication@3ddd5c20
----------------- Done invoking toplevel() on ptolemy.moml.MoMLSimpleApplication@3ddd5c20
reloadAllAccessors: .BooleanJoin

===========================================================================================
----------------- testing Wed Mar 13 03:51:47 UTC 2019 /home/travis/build/icyphy/ptII/ptolemy/domains/sdf/lib/test/auto/BootstrapSampleDelay.xml
----------------- Instantiating /home/travis/build/icyphy/ptII/ptolemy/domains/sdf/lib/test/auto/BootstrapSampleDelay.xml
13 ms. Memory: 146944K Free: 86426K (59%)
----------------- Invoking toplevel() on ptolemy.moml.MoMLSimpleApplication@23588f99
----------------- Done invoking toplevel() on ptolemy.moml.MoMLSimpleApplication@23588f99
reloadAllAccessors: .BootstrapSampleDelay

===========================================================================================
----------------- testing Wed Mar 13 03:51:47 UTC 2019 /home/travis/build/icyphy/ptII/ptolemy/domains/sdf/lib/test/auto/Chop.xml
----------------- Instantiating /home/travis/build/icyphy/ptII/ptolemy/domains/sdf/lib/test/auto/Chop.xml
33 ms. Memory: 208384K Free: 199867K (96%)
----------------- Invoking toplevel() on ptolemy.moml.MoMLSimpleApplication@13fc33b6
----------------- Done invoking toplevel() on ptolemy.moml.MoMLSimpleApplication@13fc33b6
reloadAllAccessors: .Chop

===========================================================================================
----------------- testing Wed Mar 13 03:51:47 UTC 2019 /home/travis/build/icyphy/ptII/ptolemy/domains/sdf/lib/test/auto/Chop2.xml
----------------- Instantiating /home/travis/build/icyphy/ptII/ptolemy/domains/sdf/lib/test/auto/Chop2.xml
7 ms. Memory: 208384K Free: 191089K (92%)
----------------- Invoking toplevel() on ptolemy.moml.MoMLSimpleApplication@42580e55
----------------- Done invoking toplevel() on ptolemy.moml.MoMLSimpleApplication@42580e55
reloadAllAccessors: .Chop2

===========================================================================================
----------------- testing Wed Mar 13 03:51:47 UTC 2019 /home/travis/build/icyphy/ptII/ptolemy/domains/sdf/lib/test/auto/ComplexJoin.xml
----------------- Instantiating /home/travis/build/icyphy/ptII/ptolemy/domains/sdf/lib/test/auto/ComplexJoin.xml
8 ms. Memory: 208384K Free: 186756K (90%)
----------------- Invoking toplevel() on ptolemy.moml.MoMLSimpleApplication@75b7f376
----------------- Done invoking toplevel() on ptolemy.moml.MoMLSimpleApplication@75b7f376
reloadAllAccessors: .ComplexJoin

===========================================================================================
----------------- testing Wed Mar 13 03:51:47 UTC 2019 /home/travis/build/icyphy/ptII/ptolemy/domains/sdf/lib/test/auto/CountTrues.xml
----------------- Instantiating /home/travis/build/icyphy/ptII/ptolemy/domains/sdf/lib/test/auto/CountTrues.xml
3 ms. Memory: 208384K Free: 183684K (88%)
----------------- Invoking toplevel() on ptolemy.moml.MoMLSimpleApplication@66bb5952
----------------- Done invoking toplevel() on ptolemy.moml.MoMLSimpleApplication@66bb5952
reloadAllAccessors: .CountTrues

===========================================================================================
----------------- testing Wed Mar 13 03:51:48 UTC 2019 /home/travis/build/icyphy/ptII/ptolemy/domains/sdf/lib/test/auto/DelayLine.xml
----------------- Instantiating /home/travis/build/icyphy/ptII/ptolemy/domains/sdf/lib/test/auto/DelayLine.xml
7 ms. Memory: 208384K Free: 178138K (85%)
----------------- Invoking toplevel() on ptolemy.moml.MoMLSimpleApplication@4f48c9ac
----------------- Done invoking toplevel() on ptolemy.moml.MoMLSimpleApplication@4f48c9ac
reloadAllAccessors: .DelayLine

===========================================================================================
----------------- testing Wed Mar 13 03:51:48 UTC 2019 /home/travis/build/icyphy/ptII/ptolemy/domains/sdf/lib/test/auto/DotProduct.xml
----------------- Instantiating /home/travis/build/icyphy/ptII/ptolemy/domains/sdf/lib/test/auto/DotProduct.xml
4 ms. Memory: 208384K Free: 173589K (83%)
----------------- Invoking toplevel() on ptolemy.moml.MoMLSimpleApplication@699e682f
----------------- Done invoking toplevel() on ptolemy.moml.MoMLSimpleApplication@699e682f
reloadAllAccessors: .DotProduct

===========================================================================================
----------------- testing Wed Mar 13 03:51:48 UTC 2019 /home/travis/build/icyphy/ptII/ptolemy/domains/sdf/lib/test/auto/DotProductMatrix.xml
----------------- Instantiating /home/travis/build/icyphy/ptII/ptolemy/domains/sdf/lib/test/auto/DotProductMatrix.xml
4 ms. Memory: 208384K Free: 170453K (82%)
----------------- Invoking toplevel() on ptolemy.moml.MoMLSimpleApplication@5d54656b
----------------- Done invoking toplevel() on ptolemy.moml.MoMLSimpleApplication@5d54656b
reloadAllAccessors: .DotProductMatrix

===========================================================================================
----------------- testing Wed Mar 13 03:51:48 UTC 2019 /home/travis/build/icyphy/ptII/ptolemy/domains/sdf/lib/test/auto/DownSample1.xml
----------------- Instantiating /home/travis/build/icyphy/ptII/ptolemy/domains/sdf/lib/test/auto/DownSample1.xml
6 ms. Memory: 208384K Free: 166718K (80%)
----------------- Invoking toplevel() on ptolemy.moml.MoMLSimpleApplication@5e756957
----------------- Done invoking toplevel() on ptolemy.moml.MoMLSimpleApplication@5e756957
reloadAllAccessors: .DownSample1

===========================================================================================
----------------- testing Wed Mar 13 03:51:48 UTC 2019 /home/travis/build/icyphy/ptII/ptolemy/domains/sdf/lib/test/auto/DynamicRateChange.xml
----------------- Instantiating /home/travis/build/icyphy/ptII/ptolemy/domains/sdf/lib/test/auto/DynamicRateChange.xml
15 ms. Memory: 208384K Free: 160534K (77%)
----------------- Invoking toplevel() on ptolemy.moml.MoMLSimpleApplication@1fc5e31e
----------------- Done invoking toplevel() on ptolemy.moml.MoMLSimpleApplication@1fc5e31e
reloadAllAccessors: .DynamicRateChange

===========================================================================================
----------------- testing Wed Mar 13 03:51:48 UTC 2019 /home/travis/build/icyphy/ptII/ptolemy/domains/sdf/lib/test/auto/DynamicRates.xml
----------------- Instantiating /home/travis/build/icyphy/ptII/ptolemy/domains/sdf/lib/test/auto/DynamicRates.xml
13 ms. Memory: 208384K Free: 154101K (74%)
----------------- Invoking toplevel() on ptolemy.moml.MoMLSimpleApplication@66e7d4f6
----------------- Done invoking toplevel() on ptolemy.moml.MoMLSimpleApplication@66e7d4f6
reloadAllAccessors: .DynamicRates

===========================================================================================
----------------- testing Wed Mar 13 03:51:48 UTC 2019 /home/travis/build/icyphy/ptII/ptolemy/domains/sdf/lib/test/auto/FFT1.xml
----------------- Instantiating /home/travis/build/icyphy/ptII/ptolemy/domains/sdf/lib/test/auto/FFT1.xml
10 ms. Memory: 208384K Free: 149122K (72%)
----------------- Invoking toplevel() on ptolemy.moml.MoMLSimpleApplication@5dc514af
----------------- Done invoking toplevel() on ptolemy.moml.MoMLSimpleApplication@5dc514af
reloadAllAccessors: .FFT1

===========================================================================================
----------------- testing Wed Mar 13 03:51:48 UTC 2019 /home/travis/build/icyphy/ptII/ptolemy/domains/sdf/lib/test/auto/FIR1.xml
----------------- Instantiating /home/travis/build/icyphy/ptII/ptolemy/domains/sdf/lib/test/auto/FIR1.xml
23 ms. Memory: 208384K Free: 141589K (68%)
----------------- Invoking toplevel() on ptolemy.moml.MoMLSimpleApplication@76703f2f
----------------- Done invoking toplevel() on ptolemy.moml.MoMLSimpleApplication@76703f2f
reloadAllAccessors: .FIR1

===========================================================================================
----------------- testing Wed Mar 13 03:51:48 UTC 2019 /home/travis/build/icyphy/ptII/ptolemy/domains/sdf/lib/test/auto/FIR2.xml
----------------- Instantiating /home/travis/build/icyphy/ptII/ptolemy/domains/sdf/lib/test/auto/FIR2.xml
3 ms. Memory: 208384K Free: 137902K (66%)
----------------- Invoking toplevel() on ptolemy.moml.MoMLSimpleApplication@4a637571
----------------- Done invoking toplevel() on ptolemy.moml.MoMLSimpleApplication@4a637571
reloadAllAccessors: .FIR2

===========================================================================================
----------------- testing Wed Mar 13 03:51:48 UTC 2019 /home/travis/build/icyphy/ptII/ptolemy/domains/sdf/lib/test/auto/FIR4.xml
----------------- Instantiating /home/travis/build/icyphy/ptII/ptolemy/domains/sdf/lib/test/auto/FIR4.xml
13 ms. Memory: 208384K Free: 127807K (61%)
----------------- Invoking toplevel() on ptolemy.moml.MoMLSimpleApplication@718ab826
----------------- Done invoking toplevel() on ptolemy.moml.MoMLSimpleApplication@718ab826
reloadAllAccessors: .FIR4

===========================================================================================
----------------- testing Wed Mar 13 03:51:48 UTC 2019 /home/travis/build/icyphy/ptII/ptolemy/domains/sdf/lib/test/auto/FixJoin.xml
----------------- Instantiating /home/travis/build/icyphy/ptII/ptolemy/domains/sdf/lib/test/auto/FixJoin.xml
4 ms. Memory: 208384K Free: 122780K (59%)
----------------- Invoking toplevel() on ptolemy.moml.MoMLSimpleApplication@3bc8ec7b
----------------- Done invoking toplevel() on ptolemy.moml.MoMLSimpleApplication@3bc8ec7b
reloadAllAccessors: .FixJoin

===========================================================================================
----------------- testing Wed Mar 13 03:51:48 UTC 2019 /home/travis/build/icyphy/ptII/ptolemy/domains/sdf/lib/test/auto/IntJoin1.xml
----------------- Instantiating /home/travis/build/icyphy/ptII/ptolemy/domains/sdf/lib/test/auto/IntJoin1.xml
2 ms. Memory: 208384K Free: 118399K (57%)
----------------- Invoking toplevel() on ptolemy.moml.MoMLSimpleApplication@2f9677d7
----------------- Done invoking toplevel() on ptolemy.moml.MoMLSimpleApplication@2f9677d7
reloadAllAccessors: .IntJoin1

===========================================================================================
----------------- testing Wed Mar 13 03:51:48 UTC 2019 /home/travis/build/icyphy/ptII/ptolemy/domains/sdf/lib/test/auto/IntJoin2.xml
----------------- Instantiating /home/travis/build/icyphy/ptII/ptolemy/domains/sdf/lib/test/auto/IntJoin2.xml
2 ms. Memory: 208384K Free: 114018K (55%)
----------------- Invoking toplevel() on ptolemy.moml.MoMLSimpleApplication@1bb3a87
----------------- Done invoking toplevel() on ptolemy.moml.MoMLSimpleApplication@1bb3a87
reloadAllAccessors: .IntJoin2

===========================================================================================
----------------- testing Wed Mar 13 03:51:48 UTC 2019 /home/travis/build/icyphy/ptII/ptolemy/domains/sdf/lib/test/auto/IntJoin3.xml
----------------- Instantiating /home/travis/build/icyphy/ptII/ptolemy/domains/sdf/lib/test/auto/IntJoin3.xml
5 ms. Memory: 208384K Free: 108175K (52%)
----------------- Invoking toplevel() on ptolemy.moml.MoMLSimpleApplication@628a0d64
----------------- Done invoking toplevel() on ptolemy.moml.MoMLSimpleApplication@628a0d64
reloadAllAccessors: .IntJoin3

===========================================================================================
----------------- testing Wed Mar 13 03:51:48 UTC 2019 /home/travis/build/icyphy/ptII/ptolemy/domains/sdf/lib/test/auto/IntJoin4.xml
----------------- Instantiating /home/travis/build/icyphy/ptII/ptolemy/domains/sdf/lib/test/auto/IntJoin4.xml
5 ms. Memory: 208384K Free: 103778K (50%)
----------------- Invoking toplevel() on ptolemy.moml.MoMLSimpleApplication@1150f648
----------------- Done invoking toplevel() on ptolemy.moml.MoMLSimpleApplication@1150f648
reloadAllAccessors: .IntJoin4

===========================================================================================
----------------- testing Wed Mar 13 03:51:48 UTC 2019 /home/travis/build/icyphy/ptII/ptolemy/domains/sdf/lib/test/auto/IntJoin5.xml
----------------- Instantiating /home/travis/build/icyphy/ptII/ptolemy/domains/sdf/lib/test/auto/IntJoin5.xml
3 ms. Memory: 208384K Free: 99413K (48%)
----------------- Invoking toplevel() on ptolemy.moml.MoMLSimpleApplication@7ef78645
----------------- Done invoking toplevel() on ptolemy.moml.MoMLSimpleApplication@7ef78645
reloadAllAccessors: .IntJoin5

===========================================================================================
----------------- testing Wed Mar 13 03:51:48 UTC 2019 /home/travis/build/icyphy/ptII/ptolemy/domains/sdf/lib/test/auto/IntToBits.xml
----------------- Instantiating /home/travis/build/icyphy/ptII/ptolemy/domains/sdf/lib/test/auto/IntToBits.xml
10 ms. Memory: 208384K Free: 94832K (46%)
----------------- Invoking toplevel() on ptolemy.moml.MoMLSimpleApplication@72c8cdee
----------------- Done invoking toplevel() on ptolemy.moml.MoMLSimpleApplication@72c8cdee
reloadAllAccessors: .IntToBits

===========================================================================================
----------------- testing Wed Mar 13 03:51:48 UTC 2019 /home/travis/build/icyphy/ptII/ptolemy/domains/sdf/lib/test/auto/LMSAdaptive.xml
----------------- Instantiating /home/travis/build/icyphy/ptII/ptolemy/domains/sdf/lib/test/auto/LMSAdaptive.xml
8 ms. Memory: 208384K Free: 86182K (41%)
----------------- Invoking toplevel() on ptolemy.moml.MoMLSimpleApplication@46350415
----------------- Done invoking toplevel() on ptolemy.moml.MoMLSimpleApplication@46350415
reloadAllAccessors: .LMSAdaptive

===========================================================================================
----------------- testing Wed Mar 13 03:51:48 UTC 2019 /home/travis/build/icyphy/ptII/ptolemy/domains/sdf/lib/test/auto/LMSAdaptiveFIR.xml
----------------- Instantiating /home/travis/build/icyphy/ptII/ptolemy/domains/sdf/lib/test/auto/LMSAdaptiveFIR.xml
295 ms. Memory: 208384K Free: 169048K (81%)
----------------- Invoking toplevel() on ptolemy.moml.MoMLSimpleApplication@acda07a
----------------- Done invoking toplevel() on ptolemy.moml.MoMLSimpleApplication@acda07a
reloadAllAccessors: .LMSAdaptiveFIR

===========================================================================================
----------------- testing Wed Mar 13 03:51:49 UTC 2019 /home/travis/build/icyphy/ptII/ptolemy/domains/sdf/lib/test/auto/LMSAdaptiveFIR2.xml
----------------- Instantiating /home/travis/build/icyphy/ptII/ptolemy/domains/sdf/lib/test/auto/LMSAdaptiveFIR2.xml
401 ms. Memory: 208384K Free: 107623K (52%)
----------------- Invoking toplevel() on ptolemy.moml.MoMLSimpleApplication@509f9249
----------------- Done invoking toplevel() on ptolemy.moml.MoMLSimpleApplication@509f9249
reloadAllAccessors: .LMSAdaptiveFIR2

===========================================================================================
----------------- testing Wed Mar 13 03:51:49 UTC 2019 /home/travis/build/icyphy/ptII/ptolemy/domains/sdf/lib/test/auto/LongJoin.xml
----------------- Instantiating /home/travis/build/icyphy/ptII/ptolemy/domains/sdf/lib/test/auto/LongJoin.xml
6 ms. Memory: 208384K Free: 103242K (50%)
----------------- Invoking toplevel() on ptolemy.moml.MoMLSimpleApplication@600e3856
----------------- Done invoking toplevel() on ptolemy.moml.MoMLSimpleApplication@600e3856
reloadAllAccessors: .LongJoin

===========================================================================================
----------------- testing Wed Mar 13 03:51:49 UTC 2019 /home/travis/build/icyphy/ptII/ptolemy/domains/sdf/lib/test/auto/Matrix1.xml
----------------- Instantiating /home/travis/build/icyphy/ptII/ptolemy/domains/sdf/lib/test/auto/Matrix1.xml
2 ms. Memory: 208384K Free: 97928K (47%)
----------------- Invoking toplevel() on ptolemy.moml.MoMLSimpleApplication@23b2cde
----------------- Done invoking toplevel() on ptolemy.moml.MoMLSimpleApplication@23b2cde
reloadAllAccessors: .Matrix1

===========================================================================================
----------------- testing Wed Mar 13 03:51:49 UTC 2019 /home/travis/build/icyphy/ptII/ptolemy/domains/sdf/lib/test/auto/Matrix2.xml
----------------- Instantiating /home/travis/build/icyphy/ptII/ptolemy/domains/sdf/lib/test/auto/Matrix2.xml
7 ms. Memory: 208384K Free: 93611K (45%)
----------------- Invoking toplevel() on ptolemy.moml.MoMLSimpleApplication@3f0196f5
----------------- Done invoking toplevel() on ptolemy.moml.MoMLSimpleApplication@3f0196f5
reloadAllAccessors: .Matrix2

===========================================================================================
----------------- testing Wed Mar 13 03:51:49 UTC 2019 /home/travis/build/icyphy/ptII/ptolemy/domains/sdf/lib/test/auto/MatrixJoin1.xml
----------------- Instantiating /home/travis/build/icyphy/ptII/ptolemy/domains/sdf/lib/test/auto/MatrixJoin1.xml
3 ms. Memory: 208384K Free: 89182K (43%)
----------------- Invoking toplevel() on ptolemy.moml.MoMLSimpleApplication@70728d72
----------------- Done invoking toplevel() on ptolemy.moml.MoMLSimpleApplication@70728d72
reloadAllAccessors: .MatrixJoin1

===========================================================================================
----------------- testing Wed Mar 13 03:51:49 UTC 2019 /home/travis/build/icyphy/ptII/ptolemy/domains/sdf/lib/test/auto/MatrixJoin2.xml
----------------- Instantiating /home/travis/build/icyphy/ptII/ptolemy/domains/sdf/lib/test/auto/MatrixJoin2.xml
5 ms. Memory: 208384K Free: 83788K (40%)
----------------- Invoking toplevel() on ptolemy.moml.MoMLSimpleApplication@4a0b34e3
----------------- Done invoking toplevel() on ptolemy.moml.MoMLSimpleApplication@4a0b34e3
reloadAllAccessors: .MatrixJoin2

===========================================================================================
----------------- testing Wed Mar 13 03:51:49 UTC 2019 /home/travis/build/icyphy/ptII/ptolemy/domains/sdf/lib/test/auto/MatrixJoin3.xml
----------------- Instantiating /home/travis/build/icyphy/ptII/ptolemy/domains/sdf/lib/test/auto/MatrixJoin3.xml
5 ms. Memory: 208384K Free: 79391K (38%)
----------------- Invoking toplevel() on ptolemy.moml.MoMLSimpleApplication@7fe2c364
----------------- Done invoking toplevel() on ptolemy.moml.MoMLSimpleApplication@7fe2c364
reloadAllAccessors: .MatrixJoin3

===========================================================================================
----------------- testing Wed Mar 13 03:51:49 UTC 2019 /home/travis/build/icyphy/ptII/ptolemy/domains/sdf/lib/test/auto/MatrixJoin4.xml
----------------- Instantiating /home/travis/build/icyphy/ptII/ptolemy/domains/sdf/lib/test/auto/MatrixJoin4.xml
4 ms. Memory: 333824K Free: 321997K (96%)
----------------- Invoking toplevel() on ptolemy.moml.MoMLSimpleApplication@78498936
----------------- Done invoking toplevel() on ptolemy.moml.MoMLSimpleApplication@78498936
reloadAllAccessors: .MatrixJoin4

===========================================================================================
----------------- testing Wed Mar 13 03:51:49 UTC 2019 /home/travis/build/icyphy/ptII/ptolemy/domains/sdf/lib/test/auto/MatrixJoin5.xml
----------------- Instantiating /home/travis/build/icyphy/ptII/ptolemy/domains/sdf/lib/test/auto/MatrixJoin5.xml
3 ms. Memory: 333824K Free: 314073K (94%)
----------------- Invoking toplevel() on ptolemy.moml.MoMLSimpleApplication@6707f08a
----------------- Done invoking toplevel() on ptolemy.moml.MoMLSimpleApplication@6707f08a
reloadAllAccessors: .MatrixJoin5

===========================================================================================
----------------- testing Wed Mar 13 03:51:49 UTC 2019 /home/travis/build/icyphy/ptII/ptolemy/domains/sdf/lib/test/auto/MatrixSplit1.xml
----------------- Instantiating /home/travis/build/icyphy/ptII/ptolemy/domains/sdf/lib/test/auto/MatrixSplit1.xml
3 ms. Memory: 333824K Free: 307234K (92%)
----------------- Invoking toplevel() on ptolemy.moml.MoMLSimpleApplication@2ee76137
----------------- Done invoking toplevel() on ptolemy.moml.MoMLSimpleApplication@2ee76137
reloadAllAccessors: .MatrixSplit1

===========================================================================================
----------------- testing Wed Mar 13 03:51:49 UTC 2019 /home/travis/build/icyphy/ptII/ptolemy/domains/sdf/lib/test/auto/MatrixSplit10.xml
----------------- Instantiating /home/travis/build/icyphy/ptII/ptolemy/domains/sdf/lib/test/auto/MatrixSplit10.xml
2 ms. Memory: 333824K Free: 302318K (91%)
----------------- Invoking toplevel() on ptolemy.moml.MoMLSimpleApplication@65c8a29b
----------------- Done invoking toplevel() on ptolemy.moml.MoMLSimpleApplication@65c8a29b
reloadAllAccessors: .MatrixSplit10

===========================================================================================
----------------- testing Wed Mar 13 03:51:49 UTC 2019 /home/travis/build/icyphy/ptII/ptolemy/domains/sdf/lib/test/auto/MatrixSplit11.xml
----------------- Instantiating /home/travis/build/icyphy/ptII/ptolemy/domains/sdf/lib/test/auto/MatrixSplit11.xml
7 ms. Memory: 333824K Free: 296032K (89%)
----------------- Invoking toplevel() on ptolemy.moml.MoMLSimpleApplication@2a57ecc9
----------------- Done invoking toplevel() on ptolemy.moml.MoMLSimpleApplication@2a57ecc9
reloadAllAccessors: .MatrixSplit11

===========================================================================================
----------------- testing Wed Mar 13 03:51:49 UTC 2019 /home/travis/build/icyphy/ptII/ptolemy/domains/sdf/lib/test/auto/MatrixSplit12.xml
----------------- Instantiating /home/travis/build/icyphy/ptII/ptolemy/domains/sdf/lib/test/auto/MatrixSplit12.xml
2 ms. Memory: 333824K Free: 291117K (87%)
----------------- Invoking toplevel() on ptolemy.moml.MoMLSimpleApplication@6ff08f
----------------- Done invoking toplevel() on ptolemy.moml.MoMLSimpleApplication@6ff08f
reloadAllAccessors: .MatrixSplit12

===========================================================================================
----------------- testing Wed Mar 13 03:51:49 UTC 2019 /home/travis/build/icyphy/ptII/ptolemy/domains/sdf/lib/test/auto/MatrixSplit13.xml
----------------- Instantiating /home/travis/build/icyphy/ptII/ptolemy/domains/sdf/lib/test/auto/MatrixSplit13.xml
2 ms. Memory: 333824K Free: 286202K (86%)
----------------- Invoking toplevel() on ptolemy.moml.MoMLSimpleApplication@2ffdbd86
----------------- Done invoking toplevel() on ptolemy.moml.MoMLSimpleApplication@2ffdbd86
reloadAllAccessors: .MatrixSplit13

===========================================================================================
----------------- testing Wed Mar 13 03:51:49 UTC 2019 /home/travis/build/icyphy/ptII/ptolemy/domains/sdf/lib/test/auto/MatrixSplit14.xml
----------------- Instantiating /home/travis/build/icyphy/ptII/ptolemy/domains/sdf/lib/test/auto/MatrixSplit14.xml
2 ms. Memory: 333824K Free: 279916K (84%)
----------------- Invoking toplevel() on ptolemy.moml.MoMLSimpleApplication@77f31933
----------------- Done invoking toplevel() on ptolemy.moml.MoMLSimpleApplication@77f31933
reloadAllAccessors: .MatrixSplit14

===========================================================================================
----------------- testing Wed Mar 13 03:51:50 UTC 2019 /home/travis/build/icyphy/ptII/ptolemy/domains/sdf/lib/test/auto/MatrixSplit2.xml
----------------- Instantiating /home/travis/build/icyphy/ptII/ptolemy/domains/sdf/lib/test/auto/MatrixSplit2.xml
4 ms. Memory: 333824K Free: 275001K (82%)
----------------- Invoking toplevel() on ptolemy.moml.MoMLSimpleApplication@175fab03
----------------- Done invoking toplevel() on ptolemy.moml.MoMLSimpleApplication@175fab03
reloadAllAccessors: .MatrixSplit2

===========================================================================================
----------------- testing Wed Mar 13 03:51:50 UTC 2019 /home/travis/build/icyphy/ptII/ptolemy/domains/sdf/lib/test/auto/MatrixSplit3.xml
----------------- Instantiating /home/travis/build/icyphy/ptII/ptolemy/domains/sdf/lib/test/auto/MatrixSplit3.xml
2 ms. Memory: 333824K Free: 270085K (81%)
----------------- Invoking toplevel() on ptolemy.moml.MoMLSimpleApplication@76d6e292
----------------- Done invoking toplevel() on ptolemy.moml.MoMLSimpleApplication@76d6e292
reloadAllAccessors: .MatrixSplit3

===========================================================================================
----------------- testing Wed Mar 13 03:51:50 UTC 2019 /home/travis/build/icyphy/ptII/ptolemy/domains/sdf/lib/test/auto/MatrixSplit4.xml
----------------- Instantiating /home/travis/build/icyphy/ptII/ptolemy/domains/sdf/lib/test/auto/MatrixSplit4.xml
3 ms. Memory: 333824K Free: 265170K (79%)
----------------- Invoking toplevel() on ptolemy.moml.MoMLSimpleApplication@2615cafa
----------------- Done invoking toplevel() on ptolemy.moml.MoMLSimpleApplication@2615cafa
reloadAllAccessors: .MatrixSplit4

===========================================================================================
----------------- testing Wed Mar 13 03:51:50 UTC 2019 /home/travis/build/icyphy/ptII/ptolemy/domains/sdf/lib/test/auto/MatrixSplit5.xml
----------------- Instantiating /home/travis/build/icyphy/ptII/ptolemy/domains/sdf/lib/test/auto/MatrixSplit5.xml
3 ms. Memory: 333824K Free: 258884K (78%)
----------------- Invoking toplevel() on ptolemy.moml.MoMLSimpleApplication@5229ce20
----------------- Done invoking toplevel() on ptolemy.moml.MoMLSimpleApplication@5229ce20
reloadAllAccessors: .MatrixSplit5

===========================================================================================
----------------- testing Wed Mar 13 03:51:50 UTC 2019 /home/travis/build/icyphy/ptII/ptolemy/domains/sdf/lib/test/auto/MatrixSplit6.xml
----------------- Instantiating /home/travis/build/icyphy/ptII/ptolemy/domains/sdf/lib/test/auto/MatrixSplit6.xml
2 ms. Memory: 333824K Free: 253969K (76%)
----------------- Invoking toplevel() on ptolemy.moml.MoMLSimpleApplication@421bc8b2
----------------- Done invoking toplevel() on ptolemy.moml.MoMLSimpleApplication@421bc8b2
reloadAllAccessors: .MatrixSplit6

===========================================================================================
----------------- testing Wed Mar 13 03:51:50 UTC 2019 /home/travis/build/icyphy/ptII/ptolemy/domains/sdf/lib/test/auto/MatrixSplit7.xml
----------------- Instantiating /home/travis/build/icyphy/ptII/ptolemy/domains/sdf/lib/test/auto/MatrixSplit7.xml
2 ms. Memory: 333824K Free: 249053K (75%)
----------------- Invoking toplevel() on ptolemy.moml.MoMLSimpleApplication@3575ea3f
----------------- Done invoking toplevel() on ptolemy.moml.MoMLSimpleApplication@3575ea3f
reloadAllAccessors: .MatrixSplit7

===========================================================================================
----------------- testing Wed Mar 13 03:51:50 UTC 2019 /home/travis/build/icyphy/ptII/ptolemy/domains/sdf/lib/test/auto/MatrixSplit8.xml
----------------- Instantiating /home/travis/build/icyphy/ptII/ptolemy/domains/sdf/lib/test/auto/MatrixSplit8.xml
2 ms. Memory: 333824K Free: 242767K (73%)
----------------- Invoking toplevel() on ptolemy.moml.MoMLSimpleApplication@23d6d3d9
----------------- Done invoking toplevel() on ptolemy.moml.MoMLSimpleApplication@23d6d3d9
reloadAllAccessors: .MatrixSplit8

===========================================================================================
----------------- testing Wed Mar 13 03:51:50 UTC 2019 /home/travis/build/icyphy/ptII/ptolemy/domains/sdf/lib/test/auto/MatrixSplit9.xml
----------------- Instantiating /home/travis/build/icyphy/ptII/ptolemy/domains/sdf/lib/test/auto/MatrixSplit9.xml
4 ms. Memory: 333824K Free: 237852K (71%)
----------------- Invoking toplevel() on ptolemy.moml.MoMLSimpleApplication@4965c431
----------------- Done invoking toplevel() on ptolemy.moml.MoMLSimpleApplication@4965c431
reloadAllAccessors: .MatrixSplit9

===========================================================================================
----------------- testing Wed Mar 13 03:51:50 UTC 2019 /home/travis/build/icyphy/ptII/ptolemy/domains/sdf/lib/test/auto/MatrixToSequence.xml
----------------- Instantiating /home/travis/build/icyphy/ptII/ptolemy/domains/sdf/lib/test/auto/MatrixToSequence.xml
14 ms. Memory: 333824K Free: 228021K (68%)
----------------- Invoking toplevel() on ptolemy.moml.MoMLSimpleApplication@690380c3
----------------- Done invoking toplevel() on ptolemy.moml.MoMLSimpleApplication@690380c3
reloadAllAccessors: .MatrixToSequence

===========================================================================================
----------------- testing Wed Mar 13 03:51:50 UTC 2019 /home/travis/build/icyphy/ptII/ptolemy/domains/sdf/lib/test/auto/MaximumEntropySpectrum.xml
----------------- Instantiating /home/travis/build/icyphy/ptII/ptolemy/domains/sdf/lib/test/auto/MaximumEntropySpectrum.xml
18 ms. Memory: 333824K Free: 203713K (61%)
----------------- Invoking toplevel() on ptolemy.moml.MoMLSimpleApplication@42b3d5a5
----------------- Done invoking toplevel() on ptolemy.moml.MoMLSimpleApplication@42b3d5a5
reloadAllAccessors: .MaximumEntropySpectrum

===========================================================================================
----------------- testing Wed Mar 13 03:51:50 UTC 2019 /home/travis/build/icyphy/ptII/ptolemy/domains/sdf/lib/test/auto/SampleDelayConversion.xml
----------------- Instantiating /home/travis/build/icyphy/ptII/ptolemy/domains/sdf/lib/test/auto/SampleDelayConversion.xml
2 ms. Memory: 333824K Free: 198798K (60%)
----------------- Invoking toplevel() on ptolemy.moml.MoMLSimpleApplication@776e48bf
----------------- Done invoking toplevel() on ptolemy.moml.MoMLSimpleApplication@776e48bf
reloadAllAccessors: .SampleDelayConversion

===========================================================================================
----------------- testing Wed Mar 13 03:51:50 UTC 2019 /home/travis/build/icyphy/ptII/ptolemy/domains/sdf/lib/test/auto/SequenceToArray.xml
----------------- Instantiating /home/travis/build/icyphy/ptII/ptolemy/domains/sdf/lib/test/auto/SequenceToArray.xml
11 ms. Memory: 333824K Free: 185690K (56%)
----------------- Invoking toplevel() on ptolemy.moml.MoMLSimpleApplication@230e8948
----------------- Done invoking toplevel() on ptolemy.moml.MoMLSimpleApplication@230e8948
reloadAllAccessors: .SequenceToArray

===========================================================================================
----------------- testing Wed Mar 13 03:51:50 UTC 2019 /home/travis/build/icyphy/ptII/ptolemy/domains/sdf/lib/test/auto/SequenceToMatrix.xml
----------------- Instantiating /home/travis/build/icyphy/ptII/ptolemy/domains/sdf/lib/test/auto/SequenceToMatrix.xml
4825 ms. Memory: 579584K Free: 513659K (89%)
----------------- Invoking toplevel() on ptolemy.moml.MoMLSimpleApplication@bbc8662
----------------- Done invoking toplevel() on ptolemy.moml.MoMLSimpleApplication@bbc8662
reloadAllAccessors: .SequenceToMatrix

===========================================================================================
----------------- testing Wed Mar 13 03:51:55 UTC 2019 /home/travis/build/icyphy/ptII/ptolemy/domains/sdf/lib/test/auto/SmoothedPeriodogram.xml
----------------- Instantiating /home/travis/build/icyphy/ptII/ptolemy/domains/sdf/lib/test/auto/SmoothedPeriodogram.xml
14 ms. Memory: 579584K Free: 490373K (85%)
----------------- Invoking toplevel() on ptolemy.moml.MoMLSimpleApplication@1a3aa2db
----------------- Done invoking toplevel() on ptolemy.moml.MoMLSimpleApplication@1a3aa2db
reloadAllAccessors: .SmoothedPeriodogram

===========================================================================================
----------------- testing Wed Mar 13 03:51:55 UTC 2019 /home/travis/build/icyphy/ptII/ptolemy/domains/sdf/lib/test/auto/UpDownSample1.xml
----------------- Instantiating /home/travis/build/icyphy/ptII/ptolemy/domains/sdf/lib/test/auto/UpDownSample1.xml
2 ms. Memory: 579584K Free: 483585K (83%)
----------------- Invoking toplevel() on ptolemy.moml.MoMLSimpleApplication@3613d973
----------------- Done invoking toplevel() on ptolemy.moml.MoMLSimpleApplication@3613d973
reloadAllAccessors: .UpDownSample1

===========================================================================================
----------------- testing Wed Mar 13 03:51:55 UTC 2019 /home/travis/build/icyphy/ptII/ptolemy/domains/sdf/lib/test/auto/UpSample1.xml
----------------- Instantiating /home/travis/build/icyphy/ptII/ptolemy/domains/sdf/lib/test/auto/UpSample1.xml
2 ms. Memory: 579584K Free: 477038K (82%)
----------------- Invoking toplevel() on ptolemy.moml.MoMLSimpleApplication@26c328af
----------------- Done invoking toplevel() on ptolemy.moml.MoMLSimpleApplication@26c328af
reloadAllAccessors: .UpSample1

===========================================================================================
----------------- testing Wed Mar 13 03:51:55 UTC 2019 /home/travis/build/icyphy/ptII/ptolemy/domains/sdf/lib/test/auto/VariableFIR.xml
----------------- Instantiating /home/travis/build/icyphy/ptII/ptolemy/domains/sdf/lib/test/auto/VariableFIR.xml
3 ms. Memory: 579584K Free: 467218K (81%)
----------------- Invoking toplevel() on ptolemy.moml.MoMLSimpleApplication@72ad34ef
----------------- Done invoking toplevel() on ptolemy.moml.MoMLSimpleApplication@72ad34ef
reloadAllAccessors: .VariableFIR

===========================================================================================
----------------- testing Wed Mar 13 03:51:55 UTC 2019 /home/travis/build/icyphy/ptII/ptolemy/domains/sdf/lib/test/auto/VariableFIR2.xml
----------------- Instantiating /home/travis/build/icyphy/ptII/ptolemy/domains/sdf/lib/test/auto/VariableFIR2.xml
3 ms. Memory: 579584K Free: 455520K (79%)
----------------- Invoking toplevel() on ptolemy.moml.MoMLSimpleApplication@6fb9bfa5
----------------- Done invoking toplevel() on ptolemy.moml.MoMLSimpleApplication@6fb9bfa5
reloadAllAccessors: .VariableFIR2

===========================================================================================
----------------- testing Wed Mar 13 03:51:55 UTC 2019 /home/travis/build/icyphy/ptII/ptolemy/domains/sdf/lib/test/auto/VariableLattice.xml
----------------- Instantiating /home/travis/build/icyphy/ptII/ptolemy/domains/sdf/lib/test/auto/VariableLattice.xml
3 ms. Memory: 579584K Free: 445700K (77%)
----------------- Invoking toplevel() on ptolemy.moml.MoMLSimpleApplication@208cf9d7
----------------- Done invoking toplevel() on ptolemy.moml.MoMLSimpleApplication@208cf9d7
reloadAllAccessors: .VariableLattice

===========================================================================================
----------------- testing Wed Mar 13 03:51:55 UTC 2019 /home/travis/build/icyphy/ptII/ptolemy/domains/sdf/lib/test/auto/VariableLattice2.xml
----------------- Instantiating /home/travis/build/icyphy/ptII/ptolemy/domains/sdf/lib/test/auto/VariableLattice2.xml
1.0
-1.999999602036
1.9099998677481
-0.9099996420674
0.205
0.0
0.0
1.0
-0.25
-0.5
0.0
0.0
0.0
0.0
7 ms. Memory: 579584K Free: 439153K (76%)
----------------- Invoking toplevel() on ptolemy.moml.MoMLSimpleApplication@70bda608
----------------- Done invoking toplevel() on ptolemy.moml.MoMLSimpleApplication@70bda608
reloadAllAccessors: .VariableLattice2

===========================================================================================
----------------- testing Wed Mar 13 03:51:55 UTC 2019 /home/travis/build/icyphy/ptII/ptolemy/domains/sdf/lib/test/auto/VariableRecursiveLattice.xml
----------------- Instantiating /home/travis/build/icyphy/ptII/ptolemy/domains/sdf/lib/test/auto/VariableRecursiveLattice.xml
3 ms. Memory: 579584K Free: 429333K (74%)
----------------- Invoking toplevel() on ptolemy.moml.MoMLSimpleApplication@8bcfaef
----------------- Done invoking toplevel() on ptolemy.moml.MoMLSimpleApplication@8bcfaef
reloadAllAccessors: .VariableRecursiveLattice

===========================================================================================
----------------- testing Wed Mar 13 03:51:55 UTC 2019 /home/travis/build/icyphy/ptII/ptolemy/domains/sdf/lib/test/auto/VariableRecursiveLattice2.xml
----------------- Instantiating /home/travis/build/icyphy/ptII/ptolemy/domains/sdf/lib/test/auto/VariableRecursiveLattice2.xml
2 ms. Memory: 579584K Free: 420909K (73%)
----------------- Invoking toplevel() on ptolemy.moml.MoMLSimpleApplication@eb31ee0
----------------- Done invoking toplevel() on ptolemy.moml.MoMLSimpleApplication@eb31ee0
reloadAllAccessors: .VariableRecursiveLattice2
AutoTests.java: About to close Vertx.
AutoTests.java: Vertx closed.
]]></system-out>
  <system-err><![CDATA[]]></system-err>
</testsuite>
