<?xml version="1.0" encoding="UTF-8" ?>
<testsuite errors="0" failures="0" hostname="travis-job-3cae4418-bcd0-4141-92c6-888cf46995e6" name="ptolemy.domains.sdf.lib.test.junit.JUnitTclTest" skipped="0" tests="82" time="9.431" timestamp="2019-07-02T05:18:11">
  <properties>
[...]
</properties>
  <testcase classname="ptolemy.util.test.junit.TclTests" name="[0] /home/travis/build/icyphy/ptII/ptolemy/domains/sdf/lib/test/ArrayToSequence.tcl (RunTclFile)" time="0.672" />
  <testcase classname="ptolemy.util.test.junit.TclTests" name="[1] /home/travis/build/icyphy/ptII/ptolemy/domains/sdf/lib/test/BitsToInt.tcl (RunTclFile)" time="0.075" />
  <testcase classname="ptolemy.util.test.junit.TclTests" name="[2] /home/travis/build/icyphy/ptII/ptolemy/domains/sdf/lib/test/DelayLine.tcl (RunTclFile)" time="0.022" />
  <testcase classname="ptolemy.util.test.junit.TclTests" name="[3] /home/travis/build/icyphy/ptII/ptolemy/domains/sdf/lib/test/FFT.tcl (RunTclFile)" time="0.017" />
  <testcase classname="ptolemy.util.test.junit.TclTests" name="[4] /home/travis/build/icyphy/ptII/ptolemy/domains/sdf/lib/test/FIR.tcl (RunTclFile)" time="0.123" />
  <testcase classname="ptolemy.util.test.junit.TclTests" name="[5] /home/travis/build/icyphy/ptII/ptolemy/domains/sdf/lib/test/IntToBits.tcl (RunTclFile)" time="0.031" />
  <testcase classname="ptolemy.util.test.junit.TclTests" name="[6] /home/travis/build/icyphy/ptII/ptolemy/domains/sdf/lib/test/MaximumEntropySpectrum.tcl (RunTclFile)" time="0.386" />
  <testcase classname="ptolemy.util.test.junit.TclTests" name="[7] /home/travis/build/icyphy/ptII/ptolemy/domains/sdf/lib/test/Repeat.tcl (RunTclFile)" time="0.047" />
  <testcase classname="ptolemy.util.test.junit.TclTests" name="[8] /home/travis/build/icyphy/ptII/ptolemy/domains/sdf/lib/test/SampleDelay.tcl (RunTclFile)" time="0.057" />
  <testcase classname="ptolemy.util.test.junit.TclTests" name="[9] /home/travis/build/icyphy/ptII/ptolemy/domains/sdf/lib/test/SequenceToArray.tcl (RunTclFile)" time="0.039" />
  <testcase classname="ptolemy.util.test.junit.AutoKnownFailedTests" name="[0] ThereAreNoKnowFailedTests (RunModel)" time="0.001" />
  <testcase classname="ptolemy.util.test.junit.AutoNameArchTests" name="[0] ThereAreNoAutoArchTests (RunModel)" time="0.001" />
  <testcase classname="ptolemy.util.test.junit.AutoTests" name="[0] /home/travis/build/icyphy/ptII/ptolemy/domains/sdf/lib/test/auto/ArrayToSequence.xml (RunModel)" time="0.258" />
  <testcase classname="ptolemy.util.test.junit.AutoTests" name="[1] /home/travis/build/icyphy/ptII/ptolemy/domains/sdf/lib/test/auto/ArrayToSequenceTest.xml (RunModel)" time="0.073" />
  <testcase classname="ptolemy.util.test.junit.AutoTests" name="[2] /home/travis/build/icyphy/ptII/ptolemy/domains/sdf/lib/test/auto/Autocorrelation.xml (RunModel)" time="0.032" />
  <testcase classname="ptolemy.util.test.junit.AutoTests" name="[3] /home/travis/build/icyphy/ptII/ptolemy/domains/sdf/lib/test/auto/Autocorrelation2.xml (RunModel)" time="0.027" />
  <testcase classname="ptolemy.util.test.junit.AutoTests" name="[4] /home/travis/build/icyphy/ptII/ptolemy/domains/sdf/lib/test/auto/Autocorrelation3.xml (RunModel)" time="0.04" />
  <testcase classname="ptolemy.util.test.junit.AutoTests" name="[5] /home/travis/build/icyphy/ptII/ptolemy/domains/sdf/lib/test/auto/Autocorrelation4.xml (RunModel)" time="0.026" />
  <testcase classname="ptolemy.util.test.junit.AutoTests" name="[6] /home/travis/build/icyphy/ptII/ptolemy/domains/sdf/lib/test/auto/Autocorrelation5.xml (RunModel)" time="0.156" />
  <testcase classname="ptolemy.util.test.junit.AutoTests" name="[7] /home/travis/build/icyphy/ptII/ptolemy/domains/sdf/lib/test/auto/BitsToInt.xml (RunModel)" time="0.035" />
  <testcase classname="ptolemy.util.test.junit.AutoTests" name="[8] /home/travis/build/icyphy/ptII/ptolemy/domains/sdf/lib/test/auto/BooleanJoin.xml (RunModel)" time="0.064" />
  <testcase classname="ptolemy.util.test.junit.AutoTests" name="[9] /home/travis/build/icyphy/ptII/ptolemy/domains/sdf/lib/test/auto/BootstrapSampleDelay.xml (RunModel)" time="0.054" />
  <testcase classname="ptolemy.util.test.junit.AutoTests" name="[10] /home/travis/build/icyphy/ptII/ptolemy/domains/sdf/lib/test/auto/Chop.xml (RunModel)" time="0.041" />
  <testcase classname="ptolemy.util.test.junit.AutoTests" name="[11] /home/travis/build/icyphy/ptII/ptolemy/domains/sdf/lib/test/auto/Chop2.xml (RunModel)" time="0.036" />
  <testcase classname="ptolemy.util.test.junit.AutoTests" name="[12] /home/travis/build/icyphy/ptII/ptolemy/domains/sdf/lib/test/auto/ComplexJoin.xml (RunModel)" time="0.044" />
  <testcase classname="ptolemy.util.test.junit.AutoTests" name="[13] /home/travis/build/icyphy/ptII/ptolemy/domains/sdf/lib/test/auto/CountTrues.xml (RunModel)" time="0.043" />
  <testcase classname="ptolemy.util.test.junit.AutoTests" name="[14] /home/travis/build/icyphy/ptII/ptolemy/domains/sdf/lib/test/auto/DelayLine.xml (RunModel)" time="0.039" />
  <testcase classname="ptolemy.util.test.junit.AutoTests" name="[15] /home/travis/build/icyphy/ptII/ptolemy/domains/sdf/lib/test/auto/DotProduct.xml (RunModel)" time="0.019" />
  <testcase classname="ptolemy.util.test.junit.AutoTests" name="[16] /home/travis/build/icyphy/ptII/ptolemy/domains/sdf/lib/test/auto/DotProductMatrix.xml (RunModel)" time="0.018" />
  <testcase classname="ptolemy.util.test.junit.AutoTests" name="[17] /home/travis/build/icyphy/ptII/ptolemy/domains/sdf/lib/test/auto/DownSample1.xml (RunModel)" time="0.026" />
  <testcase classname="ptolemy.util.test.junit.AutoTests" name="[18] /home/travis/build/icyphy/ptII/ptolemy/domains/sdf/lib/test/auto/DynamicRateChange.xml (RunModel)" time="0.041" />
  <testcase classname="ptolemy.util.test.junit.AutoTests" name="[19] /home/travis/build/icyphy/ptII/ptolemy/domains/sdf/lib/test/auto/DynamicRates.xml (RunModel)" time="0.034" />
  <testcase classname="ptolemy.util.test.junit.AutoTests" name="[20] /home/travis/build/icyphy/ptII/ptolemy/domains/sdf/lib/test/auto/FFT1.xml (RunModel)" time="0.025" />
  <testcase classname="ptolemy.util.test.junit.AutoTests" name="[21] /home/travis/build/icyphy/ptII/ptolemy/domains/sdf/lib/test/auto/FIR1.xml (RunModel)" time="0.064" />
  <testcase classname="ptolemy.util.test.junit.AutoTests" name="[22] /home/travis/build/icyphy/ptII/ptolemy/domains/sdf/lib/test/auto/FIR2.xml (RunModel)" time="0.031" />
  <testcase classname="ptolemy.util.test.junit.AutoTests" name="[23] /home/travis/build/icyphy/ptII/ptolemy/domains/sdf/lib/test/auto/FIR4.xml (RunModel)" time="0.054" />
  <testcase classname="ptolemy.util.test.junit.AutoTests" name="[24] /home/travis/build/icyphy/ptII/ptolemy/domains/sdf/lib/test/auto/FixJoin.xml (RunModel)" time="0.055" />
  <testcase classname="ptolemy.util.test.junit.AutoTests" name="[25] /home/travis/build/icyphy/ptII/ptolemy/domains/sdf/lib/test/auto/IntJoin1.xml (RunModel)" time="0.037" />
  <testcase classname="ptolemy.util.test.junit.AutoTests" name="[26] /home/travis/build/icyphy/ptII/ptolemy/domains/sdf/lib/test/auto/IntJoin2.xml (RunModel)" time="0.041" />
  <testcase classname="ptolemy.util.test.junit.AutoTests" name="[27] /home/travis/build/icyphy/ptII/ptolemy/domains/sdf/lib/test/auto/IntJoin3.xml (RunModel)" time="0.03" />
  <testcase classname="ptolemy.util.test.junit.AutoTests" name="[28] /home/travis/build/icyphy/ptII/ptolemy/domains/sdf/lib/test/auto/IntJoin4.xml (RunModel)" time="0.029" />
  <testcase classname="ptolemy.util.test.junit.AutoTests" name="[29] /home/travis/build/icyphy/ptII/ptolemy/domains/sdf/lib/test/auto/IntJoin5.xml (RunModel)" time="0.029" />
  <testcase classname="ptolemy.util.test.junit.AutoTests" name="[30] /home/travis/build/icyphy/ptII/ptolemy/domains/sdf/lib/test/auto/IntToBits.xml (RunModel)" time="0.025" />
  <testcase classname="ptolemy.util.test.junit.AutoTests" name="[31] /home/travis/build/icyphy/ptII/ptolemy/domains/sdf/lib/test/auto/LMSAdaptive.xml (RunModel)" time="0.069" />
  <testcase classname="ptolemy.util.test.junit.AutoTests" name="[32] /home/travis/build/icyphy/ptII/ptolemy/domains/sdf/lib/test/auto/LMSAdaptiveFIR.xml (RunModel)" time="0.394" />
  <testcase classname="ptolemy.util.test.junit.AutoTests" name="[33] /home/travis/build/icyphy/ptII/ptolemy/domains/sdf/lib/test/auto/LMSAdaptiveFIR2.xml (RunModel)" time="0.531" />
  <testcase classname="ptolemy.util.test.junit.AutoTests" name="[34] /home/travis/build/icyphy/ptII/ptolemy/domains/sdf/lib/test/auto/LongJoin.xml (RunModel)" time="0.038" />
  <testcase classname="ptolemy.util.test.junit.AutoTests" name="[35] /home/travis/build/icyphy/ptII/ptolemy/domains/sdf/lib/test/auto/Matrix1.xml (RunModel)" time="0.024" />
  <testcase classname="ptolemy.util.test.junit.AutoTests" name="[36] /home/travis/build/icyphy/ptII/ptolemy/domains/sdf/lib/test/auto/Matrix2.xml (RunModel)" time="0.023" />
  <testcase classname="ptolemy.util.test.junit.AutoTests" name="[37] /home/travis/build/icyphy/ptII/ptolemy/domains/sdf/lib/test/auto/MatrixJoin1.xml (RunModel)" time="0.035" />
  <testcase classname="ptolemy.util.test.junit.AutoTests" name="[38] /home/travis/build/icyphy/ptII/ptolemy/domains/sdf/lib/test/auto/MatrixJoin2.xml (RunModel)" time="0.02" />
  <testcase classname="ptolemy.util.test.junit.AutoTests" name="[39] /home/travis/build/icyphy/ptII/ptolemy/domains/sdf/lib/test/auto/MatrixJoin3.xml (RunModel)" time="0.024" />
  <testcase classname="ptolemy.util.test.junit.AutoTests" name="[40] /home/travis/build/icyphy/ptII/ptolemy/domains/sdf/lib/test/auto/MatrixJoin4.xml (RunModel)" time="0.024" />
  <testcase classname="ptolemy.util.test.junit.AutoTests" name="[41] /home/travis/build/icyphy/ptII/ptolemy/domains/sdf/lib/test/auto/MatrixJoin5.xml (RunModel)" time="0.016" />
  <testcase classname="ptolemy.util.test.junit.AutoTests" name="[42] /home/travis/build/icyphy/ptII/ptolemy/domains/sdf/lib/test/auto/MatrixSplit1.xml (RunModel)" time="0.027" />
  <testcase classname="ptolemy.util.test.junit.AutoTests" name="[43] /home/travis/build/icyphy/ptII/ptolemy/domains/sdf/lib/test/auto/MatrixSplit10.xml (RunModel)" time="0.018" />
  <testcase classname="ptolemy.util.test.junit.AutoTests" name="[44] /home/travis/build/icyphy/ptII/ptolemy/domains/sdf/lib/test/auto/MatrixSplit11.xml (RunModel)" time="0.013" />
  <testcase classname="ptolemy.util.test.junit.AutoTests" name="[45] /home/travis/build/icyphy/ptII/ptolemy/domains/sdf/lib/test/auto/MatrixSplit12.xml (RunModel)" time="0.018" />
  <testcase classname="ptolemy.util.test.junit.AutoTests" name="[46] /home/travis/build/icyphy/ptII/ptolemy/domains/sdf/lib/test/auto/MatrixSplit13.xml (RunModel)" time="0.027" />
  <testcase classname="ptolemy.util.test.junit.AutoTests" name="[47] /home/travis/build/icyphy/ptII/ptolemy/domains/sdf/lib/test/auto/MatrixSplit14.xml (RunModel)" time="0.03" />
  <testcase classname="ptolemy.util.test.junit.AutoTests" name="[48] /home/travis/build/icyphy/ptII/ptolemy/domains/sdf/lib/test/auto/MatrixSplit2.xml (RunModel)" time="0.032" />
  <testcase classname="ptolemy.util.test.junit.AutoTests" name="[49] /home/travis/build/icyphy/ptII/ptolemy/domains/sdf/lib/test/auto/MatrixSplit3.xml (RunModel)" time="0.018" />
  <testcase classname="ptolemy.util.test.junit.AutoTests" name="[50] /home/travis/build/icyphy/ptII/ptolemy/domains/sdf/lib/test/auto/MatrixSplit4.xml (RunModel)" time="0.015" />
  <testcase classname="ptolemy.util.test.junit.AutoTests" name="[51] /home/travis/build/icyphy/ptII/ptolemy/domains/sdf/lib/test/auto/MatrixSplit5.xml (RunModel)" time="0.026" />
  <testcase classname="ptolemy.util.test.junit.AutoTests" name="[52] /home/travis/build/icyphy/ptII/ptolemy/domains/sdf/lib/test/auto/MatrixSplit6.xml (RunModel)" time="0.013" />
  <testcase classname="ptolemy.util.test.junit.AutoTests" name="[53] /home/travis/build/icyphy/ptII/ptolemy/domains/sdf/lib/test/auto/MatrixSplit7.xml (RunModel)" time="0.015" />
  <testcase classname="ptolemy.util.test.junit.AutoTests" name="[54] /home/travis/build/icyphy/ptII/ptolemy/domains/sdf/lib/test/auto/MatrixSplit8.xml (RunModel)" time="0.013" />
  <testcase classname="ptolemy.util.test.junit.AutoTests" name="[55] /home/travis/build/icyphy/ptII/ptolemy/domains/sdf/lib/test/auto/MatrixSplit9.xml (RunModel)" time="0.034" />
  <testcase classname="ptolemy.util.test.junit.AutoTests" name="[56] /home/travis/build/icyphy/ptII/ptolemy/domains/sdf/lib/test/auto/MatrixToSequence.xml (RunModel)" time="0.047" />
  <testcase classname="ptolemy.util.test.junit.AutoTests" name="[57] /home/travis/build/icyphy/ptII/ptolemy/domains/sdf/lib/test/auto/MaximumEntropySpectrum.xml (RunModel)" time="0.095" />
  <testcase classname="ptolemy.util.test.junit.AutoTests" name="[58] /home/travis/build/icyphy/ptII/ptolemy/domains/sdf/lib/test/auto/SampleDelayConversion.xml (RunModel)" time="0.018" />
  <testcase classname="ptolemy.util.test.junit.AutoTests" name="[59] /home/travis/build/icyphy/ptII/ptolemy/domains/sdf/lib/test/auto/SequenceToArray.xml (RunModel)" time="0.037" />
  <testcase classname="ptolemy.util.test.junit.AutoTests" name="[60] /home/travis/build/icyphy/ptII/ptolemy/domains/sdf/lib/test/auto/SequenceToMatrix.xml (RunModel)" time="3.775" />
  <testcase classname="ptolemy.util.test.junit.AutoTests" name="[61] /home/travis/build/icyphy/ptII/ptolemy/domains/sdf/lib/test/auto/SmoothedPeriodogram.xml (RunModel)" time="0.053" />
  <testcase classname="ptolemy.util.test.junit.AutoTests" name="[62] /home/travis/build/icyphy/ptII/ptolemy/domains/sdf/lib/test/auto/UpDownSample1.xml (RunModel)" time="0.014" />
  <testcase classname="ptolemy.util.test.junit.AutoTests" name="[63] /home/travis/build/icyphy/ptII/ptolemy/domains/sdf/lib/test/auto/UpSample1.xml (RunModel)" time="0.009" />
  <testcase classname="ptolemy.util.test.junit.AutoTests" name="[64] /home/travis/build/icyphy/ptII/ptolemy/domains/sdf/lib/test/auto/VariableFIR.xml (RunModel)" time="0.017" />
  <testcase classname="ptolemy.util.test.junit.AutoTests" name="[65] /home/travis/build/icyphy/ptII/ptolemy/domains/sdf/lib/test/auto/VariableFIR2.xml (RunModel)" time="0.036" />
  <testcase classname="ptolemy.util.test.junit.AutoTests" name="[66] /home/travis/build/icyphy/ptII/ptolemy/domains/sdf/lib/test/auto/VariableLattice.xml (RunModel)" time="0.029" />
  <testcase classname="ptolemy.util.test.junit.AutoTests" name="[67] /home/travis/build/icyphy/ptII/ptolemy/domains/sdf/lib/test/auto/VariableLattice2.xml (RunModel)" time="0.022" />
  <testcase classname="ptolemy.util.test.junit.AutoTests" name="[68] /home/travis/build/icyphy/ptII/ptolemy/domains/sdf/lib/test/auto/VariableRecursiveLattice.xml (RunModel)" time="0.021" />
  <testcase classname="ptolemy.util.test.junit.AutoTests" name="[69] /home/travis/build/icyphy/ptII/ptolemy/domains/sdf/lib/test/auto/VariableRecursiveLattice2.xml (RunModel)" time="0.019" />
  <system-out><![CDATA[/home/travis/build/icyphy/ptII/ptolemy/domains/sdf/lib/test/ArrayToSequence.tcl
testDefs.tcl: setting time out to 9000 seconds at Tue Jul 02 05:18:11 UTC 2019
106 ms. Memory: 120832K Free: 101496K (84%)
15 ms. Memory: 120832K Free: 99280K (82%)
29 ms. Memory: 120832K Free: 97386K (81%)
17 ms. Memory: 120832K Free: 107917K (89%)
/home/travis/build/icyphy/ptII/ptolemy/domains/sdf/lib/test/BitsToInt.tcl
25 ms. Memory: 120832K Free: 106273K (88%)
15 ms. Memory: 120832K Free: 104427K (86%)
/home/travis/build/icyphy/ptII/ptolemy/domains/sdf/lib/test/DelayLine.tcl
7 ms. Memory: 120832K Free: 102767K (85%)
/home/travis/build/icyphy/ptII/ptolemy/domains/sdf/lib/test/FFT.tcl
5 ms. Memory: 120832K Free: 100749K (83%)
/home/travis/build/icyphy/ptII/ptolemy/domains/sdf/lib/test/FIR.tcl
9 ms. Memory: 120832K Free: 99105K (82%)
52 ms. Memory: 120832K Free: 94604K (78%)
ptolemy.kernel.util.IllegalActionException: multiplyReverse method not supported between ptolemy.data.FixToken 'fix(-0.0625,6,2)' and ptolemy.data.IntToken '1' because the types are incomparable.
  in .top.FIRclone
Because:
multiplyReverse method not supported between ptolemy.data.FixToken 'fix(-0.0625,6,2)' and ptolemy.data.IntToken '1' because the types are incomparable.
19 ms. Memory: 120832K Free: 92557K (77%)
/home/travis/build/icyphy/ptII/ptolemy/domains/sdf/lib/test/IntToBits.tcl
6 ms. Memory: 120832K Free: 91085K (75%)
6 ms. Memory: 120832K Free: 89045K (74%)
/home/travis/build/icyphy/ptII/ptolemy/domains/sdf/lib/test/MaximumEntropySpectrum.tcl
/home/travis/build/icyphy/ptII/ptolemy/domains/sdf/lib/test/Repeat.tcl
15 ms. Memory: 158720K Free: 125568K (79%)
/home/travis/build/icyphy/ptII/ptolemy/domains/sdf/lib/test/SampleDelay.tcl
14 ms. Memory: 158720K Free: 123490K (78%)
6 ms. Memory: 158720K Free: 122482K (77%)
4 ms. Memory: 158720K Free: 121986K (77%)
4 ms. Memory: 158720K Free: 120962K (76%)
2 ms. Memory: 158720K Free: 120434K (76%)
2 ms. Memory: 158720K Free: 119938K (76%)
/home/travis/build/icyphy/ptII/ptolemy/domains/sdf/lib/test/SequenceToArray.tcl
5 ms. Memory: 158720K Free: 118386K (75%)
5 ms. Memory: 158720K Free: 117376K (74%)
5 ms. Memory: 158720K Free: 115842K (73%)
7 ms. Memory: 158720K Free: 114818K (72%)
07/02/19 05:18:13
Failed: 0  Total Tests: 41  ((Passed: 41, Newly Passed: 0)  Known Failed: 0) /home/travis/build/icyphy/ptII/ptolemy/domains/sdf/lib/test
No auto/knownFailedTests/*.xml tests in /home/travis/build/icyphy/ptII/ptolemy/domains/sdf/lib/test
No auto/linux-amd64/*.xml tests in /home/travis/build/icyphy/ptII/ptolemy/domains/sdf/lib/test
AutoTests.java: About to close Vertx.
AutoTests.java: Vertx closed.

===========================================================================================
----------------- testing Tue Jul 02 05:18:13 UTC 2019 /home/travis/build/icyphy/ptII/ptolemy/domains/sdf/lib/test/auto/ArrayToSequence.xml
----------------- Instantiating /home/travis/build/icyphy/ptII/ptolemy/domains/sdf/lib/test/auto/ArrayToSequence.xml
49 ms. Memory: 158720K Free: 124314K (78%)
----------------- Invoking toplevel() on ptolemy.moml.MoMLSimpleApplication@64f76c9d
----------------- Done invoking toplevel() on ptolemy.moml.MoMLSimpleApplication@64f76c9d
reloadAllAccessors: .ArrayToSequence

===========================================================================================
----------------- testing Tue Jul 02 05:18:14 UTC 2019 /home/travis/build/icyphy/ptII/ptolemy/domains/sdf/lib/test/auto/ArrayToSequenceTest.xml
----------------- Instantiating /home/travis/build/icyphy/ptII/ptolemy/domains/sdf/lib/test/auto/ArrayToSequenceTest.xml
13 ms. Memory: 158720K Free: 117666K (74%)
----------------- Invoking toplevel() on ptolemy.moml.MoMLSimpleApplication@30adbe9
----------------- Done invoking toplevel() on ptolemy.moml.MoMLSimpleApplication@30adbe9
reloadAllAccessors: .ArrayToSequenceTest

===========================================================================================
----------------- testing Tue Jul 02 05:18:14 UTC 2019 /home/travis/build/icyphy/ptII/ptolemy/domains/sdf/lib/test/auto/Autocorrelation.xml
----------------- Instantiating /home/travis/build/icyphy/ptII/ptolemy/domains/sdf/lib/test/auto/Autocorrelation.xml
4 ms. Memory: 158720K Free: 113570K (72%)
----------------- Invoking toplevel() on ptolemy.moml.MoMLSimpleApplication@27c028b1
----------------- Done invoking toplevel() on ptolemy.moml.MoMLSimpleApplication@27c028b1
reloadAllAccessors: .Autocorrelation

===========================================================================================
----------------- testing Tue Jul 02 05:18:14 UTC 2019 /home/travis/build/icyphy/ptII/ptolemy/domains/sdf/lib/test/auto/Autocorrelation2.xml
----------------- Instantiating /home/travis/build/icyphy/ptII/ptolemy/domains/sdf/lib/test/auto/Autocorrelation2.xml
4 ms. Memory: 158720K Free: 108960K (69%)
----------------- Invoking toplevel() on ptolemy.moml.MoMLSimpleApplication@1fe3a9e4
----------------- Done invoking toplevel() on ptolemy.moml.MoMLSimpleApplication@1fe3a9e4
reloadAllAccessors: .Autocorrelation2

===========================================================================================
----------------- testing Tue Jul 02 05:18:14 UTC 2019 /home/travis/build/icyphy/ptII/ptolemy/domains/sdf/lib/test/auto/Autocorrelation3.xml
----------------- Instantiating /home/travis/build/icyphy/ptII/ptolemy/domains/sdf/lib/test/auto/Autocorrelation3.xml
3 ms. Memory: 158720K Free: 105378K (66%)
----------------- Invoking toplevel() on ptolemy.moml.MoMLSimpleApplication@77529c94
----------------- Done invoking toplevel() on ptolemy.moml.MoMLSimpleApplication@77529c94
reloadAllAccessors: .Autocorrelation3

===========================================================================================
----------------- testing Tue Jul 02 05:18:14 UTC 2019 /home/travis/build/icyphy/ptII/ptolemy/domains/sdf/lib/test/auto/Autocorrelation4.xml
----------------- Instantiating /home/travis/build/icyphy/ptII/ptolemy/domains/sdf/lib/test/auto/Autocorrelation4.xml
4 ms. Memory: 158720K Free: 101282K (64%)
----------------- Invoking toplevel() on ptolemy.moml.MoMLSimpleApplication@192409eb
----------------- Done invoking toplevel() on ptolemy.moml.MoMLSimpleApplication@192409eb
reloadAllAccessors: .Autocorrelation4

===========================================================================================
----------------- testing Tue Jul 02 05:18:14 UTC 2019 /home/travis/build/icyphy/ptII/ptolemy/domains/sdf/lib/test/auto/Autocorrelation5.xml
----------------- Instantiating /home/travis/build/icyphy/ptII/ptolemy/domains/sdf/lib/test/auto/Autocorrelation5.xml
74 ms. Memory: 158720K Free: 94114K (59%)
----------------- Invoking toplevel() on ptolemy.moml.MoMLSimpleApplication@3d235565
----------------- Done invoking toplevel() on ptolemy.moml.MoMLSimpleApplication@3d235565
reloadAllAccessors: .Autocorrelation5

===========================================================================================
----------------- testing Tue Jul 02 05:18:14 UTC 2019 /home/travis/build/icyphy/ptII/ptolemy/domains/sdf/lib/test/auto/BitsToInt.xml
----------------- Instantiating /home/travis/build/icyphy/ptII/ptolemy/domains/sdf/lib/test/auto/BitsToInt.xml
4 ms. Memory: 158720K Free: 91042K (57%)
----------------- Invoking toplevel() on ptolemy.moml.MoMLSimpleApplication@23ab3580
----------------- Done invoking toplevel() on ptolemy.moml.MoMLSimpleApplication@23ab3580
reloadAllAccessors: .BitsToInt

===========================================================================================
----------------- testing Tue Jul 02 05:18:14 UTC 2019 /home/travis/build/icyphy/ptII/ptolemy/domains/sdf/lib/test/auto/BooleanJoin.xml
----------------- Instantiating /home/travis/build/icyphy/ptII/ptolemy/domains/sdf/lib/test/auto/BooleanJoin.xml
15 ms. Memory: 158720K Free: 139851K (88%)
----------------- Invoking toplevel() on ptolemy.moml.MoMLSimpleApplication@56b4808
----------------- Done invoking toplevel() on ptolemy.moml.MoMLSimpleApplication@56b4808
reloadAllAccessors: .BooleanJoin

===========================================================================================
----------------- testing Tue Jul 02 05:18:14 UTC 2019 /home/travis/build/icyphy/ptII/ptolemy/domains/sdf/lib/test/auto/BootstrapSampleDelay.xml
----------------- Instantiating /home/travis/build/icyphy/ptII/ptolemy/domains/sdf/lib/test/auto/BootstrapSampleDelay.xml
16 ms. Memory: 158720K Free: 136269K (86%)
----------------- Invoking toplevel() on ptolemy.moml.MoMLSimpleApplication@5881d3cc
----------------- Done invoking toplevel() on ptolemy.moml.MoMLSimpleApplication@5881d3cc
reloadAllAccessors: .BootstrapSampleDelay

===========================================================================================
----------------- testing Tue Jul 02 05:18:14 UTC 2019 /home/travis/build/icyphy/ptII/ptolemy/domains/sdf/lib/test/auto/Chop.xml
----------------- Instantiating /home/travis/build/icyphy/ptII/ptolemy/domains/sdf/lib/test/auto/Chop.xml
16 ms. Memory: 158720K Free: 129099K (81%)
----------------- Invoking toplevel() on ptolemy.moml.MoMLSimpleApplication@1fb26c67
----------------- Done invoking toplevel() on ptolemy.moml.MoMLSimpleApplication@1fb26c67
reloadAllAccessors: .Chop

===========================================================================================
----------------- testing Tue Jul 02 05:18:14 UTC 2019 /home/travis/build/icyphy/ptII/ptolemy/domains/sdf/lib/test/auto/Chop2.xml
----------------- Instantiating /home/travis/build/icyphy/ptII/ptolemy/domains/sdf/lib/test/auto/Chop2.xml
4 ms. Memory: 158720K Free: 122443K (77%)
----------------- Invoking toplevel() on ptolemy.moml.MoMLSimpleApplication@3c594272
----------------- Done invoking toplevel() on ptolemy.moml.MoMLSimpleApplication@3c594272
reloadAllAccessors: .Chop2

===========================================================================================
----------------- testing Tue Jul 02 05:18:14 UTC 2019 /home/travis/build/icyphy/ptII/ptolemy/domains/sdf/lib/test/auto/ComplexJoin.xml
----------------- Instantiating /home/travis/build/icyphy/ptII/ptolemy/domains/sdf/lib/test/auto/ComplexJoin.xml
5 ms. Memory: 158720K Free: 118347K (75%)
----------------- Invoking toplevel() on ptolemy.moml.MoMLSimpleApplication@11bf8ef6
----------------- Done invoking toplevel() on ptolemy.moml.MoMLSimpleApplication@11bf8ef6
reloadAllAccessors: .ComplexJoin

===========================================================================================
----------------- testing Tue Jul 02 05:18:14 UTC 2019 /home/travis/build/icyphy/ptII/ptolemy/domains/sdf/lib/test/auto/CountTrues.xml
----------------- Instantiating /home/travis/build/icyphy/ptII/ptolemy/domains/sdf/lib/test/auto/CountTrues.xml
5 ms. Memory: 158720K Free: 114765K (72%)
----------------- Invoking toplevel() on ptolemy.moml.MoMLSimpleApplication@794b7c55
----------------- Done invoking toplevel() on ptolemy.moml.MoMLSimpleApplication@794b7c55
reloadAllAccessors: .CountTrues

===========================================================================================
----------------- testing Tue Jul 02 05:18:14 UTC 2019 /home/travis/build/icyphy/ptII/ptolemy/domains/sdf/lib/test/auto/DelayLine.xml
----------------- Instantiating /home/travis/build/icyphy/ptII/ptolemy/domains/sdf/lib/test/auto/DelayLine.xml
7 ms. Memory: 158720K Free: 109645K (69%)
----------------- Invoking toplevel() on ptolemy.moml.MoMLSimpleApplication@30575781
----------------- Done invoking toplevel() on ptolemy.moml.MoMLSimpleApplication@30575781
reloadAllAccessors: .DelayLine

===========================================================================================
----------------- testing Tue Jul 02 05:18:14 UTC 2019 /home/travis/build/icyphy/ptII/ptolemy/domains/sdf/lib/test/auto/DotProduct.xml
----------------- Instantiating /home/travis/build/icyphy/ptII/ptolemy/domains/sdf/lib/test/auto/DotProduct.xml
2 ms. Memory: 158720K Free: 106573K (67%)
----------------- Invoking toplevel() on ptolemy.moml.MoMLSimpleApplication@329a8ccb
----------------- Done invoking toplevel() on ptolemy.moml.MoMLSimpleApplication@329a8ccb
reloadAllAccessors: .DotProduct

===========================================================================================
----------------- testing Tue Jul 02 05:18:14 UTC 2019 /home/travis/build/icyphy/ptII/ptolemy/domains/sdf/lib/test/auto/DotProductMatrix.xml
----------------- Instantiating /home/travis/build/icyphy/ptII/ptolemy/domains/sdf/lib/test/auto/DotProductMatrix.xml
2 ms. Memory: 158720K Free: 103501K (65%)
----------------- Invoking toplevel() on ptolemy.moml.MoMLSimpleApplication@77a561cb
----------------- Done invoking toplevel() on ptolemy.moml.MoMLSimpleApplication@77a561cb
reloadAllAccessors: .DotProductMatrix

===========================================================================================
----------------- testing Tue Jul 02 05:18:14 UTC 2019 /home/travis/build/icyphy/ptII/ptolemy/domains/sdf/lib/test/auto/DownSample1.xml
----------------- Instantiating /home/travis/build/icyphy/ptII/ptolemy/domains/sdf/lib/test/auto/DownSample1.xml
7 ms. Memory: 158720K Free: 100429K (63%)
----------------- Invoking toplevel() on ptolemy.moml.MoMLSimpleApplication@22f20ec4
----------------- Done invoking toplevel() on ptolemy.moml.MoMLSimpleApplication@22f20ec4
reloadAllAccessors: .DownSample1

===========================================================================================
----------------- testing Tue Jul 02 05:18:14 UTC 2019 /home/travis/build/icyphy/ptII/ptolemy/domains/sdf/lib/test/auto/DynamicRateChange.xml
----------------- Instantiating /home/travis/build/icyphy/ptII/ptolemy/domains/sdf/lib/test/auto/DynamicRateChange.xml
14 ms. Memory: 158720K Free: 94285K (59%)
----------------- Invoking toplevel() on ptolemy.moml.MoMLSimpleApplication@19a1a7fa
----------------- Done invoking toplevel() on ptolemy.moml.MoMLSimpleApplication@19a1a7fa
reloadAllAccessors: .DynamicRateChange

===========================================================================================
----------------- testing Tue Jul 02 05:18:14 UTC 2019 /home/travis/build/icyphy/ptII/ptolemy/domains/sdf/lib/test/auto/DynamicRates.xml
----------------- Instantiating /home/travis/build/icyphy/ptII/ptolemy/domains/sdf/lib/test/auto/DynamicRates.xml
12 ms. Memory: 158720K Free: 89165K (56%)
----------------- Invoking toplevel() on ptolemy.moml.MoMLSimpleApplication@70925b9e
----------------- Done invoking toplevel() on ptolemy.moml.MoMLSimpleApplication@70925b9e
reloadAllAccessors: .DynamicRates

===========================================================================================
----------------- testing Tue Jul 02 05:18:14 UTC 2019 /home/travis/build/icyphy/ptII/ptolemy/domains/sdf/lib/test/auto/FFT1.xml
----------------- Instantiating /home/travis/build/icyphy/ptII/ptolemy/domains/sdf/lib/test/auto/FFT1.xml
6 ms. Memory: 158720K Free: 84045K (53%)
----------------- Invoking toplevel() on ptolemy.moml.MoMLSimpleApplication@692be171
----------------- Done invoking toplevel() on ptolemy.moml.MoMLSimpleApplication@692be171
reloadAllAccessors: .FFT1

===========================================================================================
----------------- testing Tue Jul 02 05:18:14 UTC 2019 /home/travis/build/icyphy/ptII/ptolemy/domains/sdf/lib/test/auto/FIR1.xml
----------------- Instantiating /home/travis/build/icyphy/ptII/ptolemy/domains/sdf/lib/test/auto/FIR1.xml
24 ms. Memory: 158720K Free: 77387K (49%)
----------------- Invoking toplevel() on ptolemy.moml.MoMLSimpleApplication@7638260e
----------------- Done invoking toplevel() on ptolemy.moml.MoMLSimpleApplication@7638260e
reloadAllAccessors: .FIR1

===========================================================================================
----------------- testing Tue Jul 02 05:18:15 UTC 2019 /home/travis/build/icyphy/ptII/ptolemy/domains/sdf/lib/test/auto/FIR2.xml
----------------- Instantiating /home/travis/build/icyphy/ptII/ptolemy/domains/sdf/lib/test/auto/FIR2.xml
7 ms. Memory: 158720K Free: 73291K (46%)
----------------- Invoking toplevel() on ptolemy.moml.MoMLSimpleApplication@2c5e9764
----------------- Done invoking toplevel() on ptolemy.moml.MoMLSimpleApplication@2c5e9764
reloadAllAccessors: .FIR2

===========================================================================================
----------------- testing Tue Jul 02 05:18:15 UTC 2019 /home/travis/build/icyphy/ptII/ptolemy/domains/sdf/lib/test/auto/FIR4.xml
----------------- Instantiating /home/travis/build/icyphy/ptII/ptolemy/domains/sdf/lib/test/auto/FIR4.xml
8 ms. Memory: 158720K Free: 66123K (42%)
----------------- Invoking toplevel() on ptolemy.moml.MoMLSimpleApplication@42f5cfac
----------------- Done invoking toplevel() on ptolemy.moml.MoMLSimpleApplication@42f5cfac
reloadAllAccessors: .FIR4

===========================================================================================
----------------- testing Tue Jul 02 05:18:15 UTC 2019 /home/travis/build/icyphy/ptII/ptolemy/domains/sdf/lib/test/auto/FixJoin.xml
----------------- Instantiating /home/travis/build/icyphy/ptII/ptolemy/domains/sdf/lib/test/auto/FixJoin.xml
4 ms. Memory: 158720K Free: 61517K (39%)
----------------- Invoking toplevel() on ptolemy.moml.MoMLSimpleApplication@1922c815
----------------- Done invoking toplevel() on ptolemy.moml.MoMLSimpleApplication@1922c815
reloadAllAccessors: .FixJoin

===========================================================================================
----------------- testing Tue Jul 02 05:18:15 UTC 2019 /home/travis/build/icyphy/ptII/ptolemy/domains/sdf/lib/test/auto/IntJoin1.xml
----------------- Instantiating /home/travis/build/icyphy/ptII/ptolemy/domains/sdf/lib/test/auto/IntJoin1.xml
8 ms. Memory: 158720K Free: 56907K (36%)
----------------- Invoking toplevel() on ptolemy.moml.MoMLSimpleApplication@1380ff55
----------------- Done invoking toplevel() on ptolemy.moml.MoMLSimpleApplication@1380ff55
reloadAllAccessors: .IntJoin1

===========================================================================================
----------------- testing Tue Jul 02 05:18:15 UTC 2019 /home/travis/build/icyphy/ptII/ptolemy/domains/sdf/lib/test/auto/IntJoin2.xml
----------------- Instantiating /home/travis/build/icyphy/ptII/ptolemy/domains/sdf/lib/test/auto/IntJoin2.xml
18 ms. Memory: 158720K Free: 143902K (91%)
----------------- Invoking toplevel() on ptolemy.moml.MoMLSimpleApplication@87c3e6a
----------------- Done invoking toplevel() on ptolemy.moml.MoMLSimpleApplication@87c3e6a
reloadAllAccessors: .IntJoin2

===========================================================================================
----------------- testing Tue Jul 02 05:18:15 UTC 2019 /home/travis/build/icyphy/ptII/ptolemy/domains/sdf/lib/test/auto/IntJoin3.xml
----------------- Instantiating /home/travis/build/icyphy/ptII/ptolemy/domains/sdf/lib/test/auto/IntJoin3.xml
5 ms. Memory: 158720K Free: 138827K (87%)
----------------- Invoking toplevel() on ptolemy.moml.MoMLSimpleApplication@257c02b4
----------------- Done invoking toplevel() on ptolemy.moml.MoMLSimpleApplication@257c02b4
reloadAllAccessors: .IntJoin3

===========================================================================================
----------------- testing Tue Jul 02 05:18:15 UTC 2019 /home/travis/build/icyphy/ptII/ptolemy/domains/sdf/lib/test/auto/IntJoin4.xml
----------------- Instantiating /home/travis/build/icyphy/ptII/ptolemy/domains/sdf/lib/test/auto/IntJoin4.xml
5 ms. Memory: 158720K Free: 134731K (85%)
----------------- Invoking toplevel() on ptolemy.moml.MoMLSimpleApplication@7355a511
----------------- Done invoking toplevel() on ptolemy.moml.MoMLSimpleApplication@7355a511
reloadAllAccessors: .IntJoin4

===========================================================================================
----------------- testing Tue Jul 02 05:18:15 UTC 2019 /home/travis/build/icyphy/ptII/ptolemy/domains/sdf/lib/test/auto/IntJoin5.xml
----------------- Instantiating /home/travis/build/icyphy/ptII/ptolemy/domains/sdf/lib/test/auto/IntJoin5.xml
3 ms. Memory: 158720K Free: 130125K (82%)
----------------- Invoking toplevel() on ptolemy.moml.MoMLSimpleApplication@2cf78a06
----------------- Done invoking toplevel() on ptolemy.moml.MoMLSimpleApplication@2cf78a06
reloadAllAccessors: .IntJoin5

===========================================================================================
----------------- testing Tue Jul 02 05:18:15 UTC 2019 /home/travis/build/icyphy/ptII/ptolemy/domains/sdf/lib/test/auto/IntToBits.xml
----------------- Instantiating /home/travis/build/icyphy/ptII/ptolemy/domains/sdf/lib/test/auto/IntToBits.xml
8 ms. Memory: 158720K Free: 127053K (80%)
----------------- Invoking toplevel() on ptolemy.moml.MoMLSimpleApplication@50fca8aa
----------------- Done invoking toplevel() on ptolemy.moml.MoMLSimpleApplication@50fca8aa
reloadAllAccessors: .IntToBits

===========================================================================================
----------------- testing Tue Jul 02 05:18:15 UTC 2019 /home/travis/build/icyphy/ptII/ptolemy/domains/sdf/lib/test/auto/LMSAdaptive.xml
----------------- Instantiating /home/travis/build/icyphy/ptII/ptolemy/domains/sdf/lib/test/auto/LMSAdaptive.xml
12 ms. Memory: 158720K Free: 118861K (75%)
----------------- Invoking toplevel() on ptolemy.moml.MoMLSimpleApplication@1116adcc
----------------- Done invoking toplevel() on ptolemy.moml.MoMLSimpleApplication@1116adcc
reloadAllAccessors: .LMSAdaptive

===========================================================================================
----------------- testing Tue Jul 02 05:18:15 UTC 2019 /home/travis/build/icyphy/ptII/ptolemy/domains/sdf/lib/test/auto/LMSAdaptiveFIR.xml
----------------- Instantiating /home/travis/build/icyphy/ptII/ptolemy/domains/sdf/lib/test/auto/LMSAdaptiveFIR.xml
269 ms. Memory: 158720K Free: 84045K (53%)
----------------- Invoking toplevel() on ptolemy.moml.MoMLSimpleApplication@66023b08
----------------- Done invoking toplevel() on ptolemy.moml.MoMLSimpleApplication@66023b08
reloadAllAccessors: .LMSAdaptiveFIR

===========================================================================================
----------------- testing Tue Jul 02 05:18:15 UTC 2019 /home/travis/build/icyphy/ptII/ptolemy/domains/sdf/lib/test/auto/LMSAdaptiveFIR2.xml
----------------- Instantiating /home/travis/build/icyphy/ptII/ptolemy/domains/sdf/lib/test/auto/LMSAdaptiveFIR2.xml
433 ms. Memory: 190464K Free: 147651K (78%)
----------------- Invoking toplevel() on ptolemy.moml.MoMLSimpleApplication@696ad0cc
----------------- Done invoking toplevel() on ptolemy.moml.MoMLSimpleApplication@696ad0cc
reloadAllAccessors: .LMSAdaptiveFIR2

===========================================================================================
----------------- testing Tue Jul 02 05:18:16 UTC 2019 /home/travis/build/icyphy/ptII/ptolemy/domains/sdf/lib/test/auto/LongJoin.xml
----------------- Instantiating /home/travis/build/icyphy/ptII/ptolemy/domains/sdf/lib/test/auto/LongJoin.xml
4 ms. Memory: 190464K Free: 142526K (75%)
----------------- Invoking toplevel() on ptolemy.moml.MoMLSimpleApplication@1cdf4048
----------------- Done invoking toplevel() on ptolemy.moml.MoMLSimpleApplication@1cdf4048
reloadAllAccessors: .LongJoin

===========================================================================================
----------------- testing Tue Jul 02 05:18:16 UTC 2019 /home/travis/build/icyphy/ptII/ptolemy/domains/sdf/lib/test/auto/Matrix1.xml
----------------- Instantiating /home/travis/build/icyphy/ptII/ptolemy/domains/sdf/lib/test/auto/Matrix1.xml
3 ms. Memory: 190464K Free: 138944K (73%)
----------------- Invoking toplevel() on ptolemy.moml.MoMLSimpleApplication@607f762
----------------- Done invoking toplevel() on ptolemy.moml.MoMLSimpleApplication@607f762
reloadAllAccessors: .Matrix1

===========================================================================================
----------------- testing Tue Jul 02 05:18:16 UTC 2019 /home/travis/build/icyphy/ptII/ptolemy/domains/sdf/lib/test/auto/Matrix2.xml
----------------- Instantiating /home/travis/build/icyphy/ptII/ptolemy/domains/sdf/lib/test/auto/Matrix2.xml
4 ms. Memory: 190464K Free: 134848K (71%)
----------------- Invoking toplevel() on ptolemy.moml.MoMLSimpleApplication@26eeb15b
----------------- Done invoking toplevel() on ptolemy.moml.MoMLSimpleApplication@26eeb15b
reloadAllAccessors: .Matrix2

===========================================================================================
----------------- testing Tue Jul 02 05:18:16 UTC 2019 /home/travis/build/icyphy/ptII/ptolemy/domains/sdf/lib/test/auto/MatrixJoin1.xml
----------------- Instantiating /home/travis/build/icyphy/ptII/ptolemy/domains/sdf/lib/test/auto/MatrixJoin1.xml
3 ms. Memory: 190464K Free: 130752K (69%)
----------------- Invoking toplevel() on ptolemy.moml.MoMLSimpleApplication@4ba0fa4d
----------------- Done invoking toplevel() on ptolemy.moml.MoMLSimpleApplication@4ba0fa4d
reloadAllAccessors: .MatrixJoin1

===========================================================================================
----------------- testing Tue Jul 02 05:18:16 UTC 2019 /home/travis/build/icyphy/ptII/ptolemy/domains/sdf/lib/test/auto/MatrixJoin2.xml
----------------- Instantiating /home/travis/build/icyphy/ptII/ptolemy/domains/sdf/lib/test/auto/MatrixJoin2.xml
2 ms. Memory: 190464K Free: 126142K (66%)
----------------- Invoking toplevel() on ptolemy.moml.MoMLSimpleApplication@4f698b4a
----------------- Done invoking toplevel() on ptolemy.moml.MoMLSimpleApplication@4f698b4a
reloadAllAccessors: .MatrixJoin2

===========================================================================================
----------------- testing Tue Jul 02 05:18:16 UTC 2019 /home/travis/build/icyphy/ptII/ptolemy/domains/sdf/lib/test/auto/MatrixJoin3.xml
----------------- Instantiating /home/travis/build/icyphy/ptII/ptolemy/domains/sdf/lib/test/auto/MatrixJoin3.xml
6 ms. Memory: 190464K Free: 122046K (64%)
----------------- Invoking toplevel() on ptolemy.moml.MoMLSimpleApplication@6fa3d336
----------------- Done invoking toplevel() on ptolemy.moml.MoMLSimpleApplication@6fa3d336
reloadAllAccessors: .MatrixJoin3

===========================================================================================
----------------- testing Tue Jul 02 05:18:16 UTC 2019 /home/travis/build/icyphy/ptII/ptolemy/domains/sdf/lib/test/auto/MatrixJoin4.xml
----------------- Instantiating /home/travis/build/icyphy/ptII/ptolemy/domains/sdf/lib/test/auto/MatrixJoin4.xml
8 ms. Memory: 190464K Free: 117440K (62%)
----------------- Invoking toplevel() on ptolemy.moml.MoMLSimpleApplication@1239c443
----------------- Done invoking toplevel() on ptolemy.moml.MoMLSimpleApplication@1239c443
reloadAllAccessors: .MatrixJoin4

===========================================================================================
----------------- testing Tue Jul 02 05:18:16 UTC 2019 /home/travis/build/icyphy/ptII/ptolemy/domains/sdf/lib/test/auto/MatrixJoin5.xml
----------------- Instantiating /home/travis/build/icyphy/ptII/ptolemy/domains/sdf/lib/test/auto/MatrixJoin5.xml
2 ms. Memory: 190464K Free: 113344K (60%)
----------------- Invoking toplevel() on ptolemy.moml.MoMLSimpleApplication@d6882be
----------------- Done invoking toplevel() on ptolemy.moml.MoMLSimpleApplication@d6882be
reloadAllAccessors: .MatrixJoin5

===========================================================================================
----------------- testing Tue Jul 02 05:18:16 UTC 2019 /home/travis/build/icyphy/ptII/ptolemy/domains/sdf/lib/test/auto/MatrixSplit1.xml
----------------- Instantiating /home/travis/build/icyphy/ptII/ptolemy/domains/sdf/lib/test/auto/MatrixSplit1.xml
3 ms. Memory: 190464K Free: 107710K (57%)
----------------- Invoking toplevel() on ptolemy.moml.MoMLSimpleApplication@572bb1ea
----------------- Done invoking toplevel() on ptolemy.moml.MoMLSimpleApplication@572bb1ea
reloadAllAccessors: .MatrixSplit1

===========================================================================================
----------------- testing Tue Jul 02 05:18:16 UTC 2019 /home/travis/build/icyphy/ptII/ptolemy/domains/sdf/lib/test/auto/MatrixSplit10.xml
----------------- Instantiating /home/travis/build/icyphy/ptII/ptolemy/domains/sdf/lib/test/auto/MatrixSplit10.xml
2 ms. Memory: 190464K Free: 104624K (55%)
----------------- Invoking toplevel() on ptolemy.moml.MoMLSimpleApplication@139e45f5
----------------- Done invoking toplevel() on ptolemy.moml.MoMLSimpleApplication@139e45f5
reloadAllAccessors: .MatrixSplit10

===========================================================================================
----------------- testing Tue Jul 02 05:18:16 UTC 2019 /home/travis/build/icyphy/ptII/ptolemy/domains/sdf/lib/test/auto/MatrixSplit11.xml
----------------- Instantiating /home/travis/build/icyphy/ptII/ptolemy/domains/sdf/lib/test/auto/MatrixSplit11.xml
2 ms. Memory: 190464K Free: 101056K (53%)
----------------- Invoking toplevel() on ptolemy.moml.MoMLSimpleApplication@7669303e
----------------- Done invoking toplevel() on ptolemy.moml.MoMLSimpleApplication@7669303e
reloadAllAccessors: .MatrixSplit11

===========================================================================================
----------------- testing Tue Jul 02 05:18:16 UTC 2019 /home/travis/build/icyphy/ptII/ptolemy/domains/sdf/lib/test/auto/MatrixSplit12.xml
----------------- Instantiating /home/travis/build/icyphy/ptII/ptolemy/domains/sdf/lib/test/auto/MatrixSplit12.xml
3 ms. Memory: 190464K Free: 97984K (51%)
----------------- Invoking toplevel() on ptolemy.moml.MoMLSimpleApplication@3b37d303
----------------- Done invoking toplevel() on ptolemy.moml.MoMLSimpleApplication@3b37d303
reloadAllAccessors: .MatrixSplit12

===========================================================================================
----------------- testing Tue Jul 02 05:18:16 UTC 2019 /home/travis/build/icyphy/ptII/ptolemy/domains/sdf/lib/test/auto/MatrixSplit13.xml
----------------- Instantiating /home/travis/build/icyphy/ptII/ptolemy/domains/sdf/lib/test/auto/MatrixSplit13.xml
7 ms. Memory: 190464K Free: 93888K (49%)
----------------- Invoking toplevel() on ptolemy.moml.MoMLSimpleApplication@5676b048
----------------- Done invoking toplevel() on ptolemy.moml.MoMLSimpleApplication@5676b048
reloadAllAccessors: .MatrixSplit13

===========================================================================================
----------------- testing Tue Jul 02 05:18:16 UTC 2019 /home/travis/build/icyphy/ptII/ptolemy/domains/sdf/lib/test/auto/MatrixSplit14.xml
----------------- Instantiating /home/travis/build/icyphy/ptII/ptolemy/domains/sdf/lib/test/auto/MatrixSplit14.xml
2 ms. Memory: 190464K Free: 90816K (48%)
----------------- Invoking toplevel() on ptolemy.moml.MoMLSimpleApplication@ef33f6
----------------- Done invoking toplevel() on ptolemy.moml.MoMLSimpleApplication@ef33f6
reloadAllAccessors: .MatrixSplit14

===========================================================================================
----------------- testing Tue Jul 02 05:18:16 UTC 2019 /home/travis/build/icyphy/ptII/ptolemy/domains/sdf/lib/test/auto/MatrixSplit2.xml
----------------- Instantiating /home/travis/build/icyphy/ptII/ptolemy/domains/sdf/lib/test/auto/MatrixSplit2.xml
2 ms. Memory: 190464K Free: 87230K (46%)
----------------- Invoking toplevel() on ptolemy.moml.MoMLSimpleApplication@134f2d50
----------------- Done invoking toplevel() on ptolemy.moml.MoMLSimpleApplication@134f2d50
reloadAllAccessors: .MatrixSplit2

===========================================================================================
----------------- testing Tue Jul 02 05:18:16 UTC 2019 /home/travis/build/icyphy/ptII/ptolemy/domains/sdf/lib/test/auto/MatrixSplit3.xml
----------------- Instantiating /home/travis/build/icyphy/ptII/ptolemy/domains/sdf/lib/test/auto/MatrixSplit3.xml
4 ms. Memory: 190464K Free: 84158K (44%)
----------------- Invoking toplevel() on ptolemy.moml.MoMLSimpleApplication@244eac09
----------------- Done invoking toplevel() on ptolemy.moml.MoMLSimpleApplication@244eac09
reloadAllAccessors: .MatrixSplit3

===========================================================================================
----------------- testing Tue Jul 02 05:18:16 UTC 2019 /home/travis/build/icyphy/ptII/ptolemy/domains/sdf/lib/test/auto/MatrixSplit4.xml
----------------- Instantiating /home/travis/build/icyphy/ptII/ptolemy/domains/sdf/lib/test/auto/MatrixSplit4.xml
2 ms. Memory: 190464K Free: 80576K (42%)
----------------- Invoking toplevel() on ptolemy.moml.MoMLSimpleApplication@3745f7ca
----------------- Done invoking toplevel() on ptolemy.moml.MoMLSimpleApplication@3745f7ca
reloadAllAccessors: .MatrixSplit4

===========================================================================================
----------------- testing Tue Jul 02 05:18:16 UTC 2019 /home/travis/build/icyphy/ptII/ptolemy/domains/sdf/lib/test/auto/MatrixSplit5.xml
----------------- Instantiating /home/travis/build/icyphy/ptII/ptolemy/domains/sdf/lib/test/auto/MatrixSplit5.xml
11 ms. Memory: 190464K Free: 77504K (41%)
----------------- Invoking toplevel() on ptolemy.moml.MoMLSimpleApplication@2556427
----------------- Done invoking toplevel() on ptolemy.moml.MoMLSimpleApplication@2556427
reloadAllAccessors: .MatrixSplit5

===========================================================================================
----------------- testing Tue Jul 02 05:18:16 UTC 2019 /home/travis/build/icyphy/ptII/ptolemy/domains/sdf/lib/test/auto/MatrixSplit6.xml
----------------- Instantiating /home/travis/build/icyphy/ptII/ptolemy/domains/sdf/lib/test/auto/MatrixSplit6.xml
2 ms. Memory: 190464K Free: 73918K (39%)
----------------- Invoking toplevel() on ptolemy.moml.MoMLSimpleApplication@27ca06c5
----------------- Done invoking toplevel() on ptolemy.moml.MoMLSimpleApplication@27ca06c5
reloadAllAccessors: .MatrixSplit6

===========================================================================================
----------------- testing Tue Jul 02 05:18:16 UTC 2019 /home/travis/build/icyphy/ptII/ptolemy/domains/sdf/lib/test/auto/MatrixSplit7.xml
----------------- Instantiating /home/travis/build/icyphy/ptII/ptolemy/domains/sdf/lib/test/auto/MatrixSplit7.xml
1 ms. Memory: 190464K Free: 70336K (37%)
----------------- Invoking toplevel() on ptolemy.moml.MoMLSimpleApplication@67d66ac2
----------------- Done invoking toplevel() on ptolemy.moml.MoMLSimpleApplication@67d66ac2
reloadAllAccessors: .MatrixSplit7

===========================================================================================
----------------- testing Tue Jul 02 05:18:16 UTC 2019 /home/travis/build/icyphy/ptII/ptolemy/domains/sdf/lib/test/auto/MatrixSplit8.xml
----------------- Instantiating /home/travis/build/icyphy/ptII/ptolemy/domains/sdf/lib/test/auto/MatrixSplit8.xml
2 ms. Memory: 190464K Free: 67264K (35%)
----------------- Invoking toplevel() on ptolemy.moml.MoMLSimpleApplication@546a2085
----------------- Done invoking toplevel() on ptolemy.moml.MoMLSimpleApplication@546a2085
reloadAllAccessors: .MatrixSplit8

===========================================================================================
----------------- testing Tue Jul 02 05:18:16 UTC 2019 /home/travis/build/icyphy/ptII/ptolemy/domains/sdf/lib/test/auto/MatrixSplit9.xml
----------------- Instantiating /home/travis/build/icyphy/ptII/ptolemy/domains/sdf/lib/test/auto/MatrixSplit9.xml
4 ms. Memory: 190464K Free: 172122K (90%)
----------------- Invoking toplevel() on ptolemy.moml.MoMLSimpleApplication@15f2c58d
----------------- Done invoking toplevel() on ptolemy.moml.MoMLSimpleApplication@15f2c58d
reloadAllAccessors: .MatrixSplit9

===========================================================================================
----------------- testing Tue Jul 02 05:18:16 UTC 2019 /home/travis/build/icyphy/ptII/ptolemy/domains/sdf/lib/test/auto/MatrixToSequence.xml
----------------- Instantiating /home/travis/build/icyphy/ptII/ptolemy/domains/sdf/lib/test/auto/MatrixToSequence.xml
12 ms. Memory: 190464K Free: 162920K (86%)
----------------- Invoking toplevel() on ptolemy.moml.MoMLSimpleApplication@5c20feb2
----------------- Done invoking toplevel() on ptolemy.moml.MoMLSimpleApplication@5c20feb2
reloadAllAccessors: .MatrixToSequence

===========================================================================================
----------------- testing Tue Jul 02 05:18:16 UTC 2019 /home/travis/build/icyphy/ptII/ptolemy/domains/sdf/lib/test/auto/MaximumEntropySpectrum.xml
----------------- Instantiating /home/travis/build/icyphy/ptII/ptolemy/domains/sdf/lib/test/auto/MaximumEntropySpectrum.xml
15 ms. Memory: 190464K Free: 141930K (75%)
----------------- Invoking toplevel() on ptolemy.moml.MoMLSimpleApplication@7f29dfd6
----------------- Done invoking toplevel() on ptolemy.moml.MoMLSimpleApplication@7f29dfd6
reloadAllAccessors: .MaximumEntropySpectrum

===========================================================================================
----------------- testing Tue Jul 02 05:18:17 UTC 2019 /home/travis/build/icyphy/ptII/ptolemy/domains/sdf/lib/test/auto/SampleDelayConversion.xml
----------------- Instantiating /home/travis/build/icyphy/ptII/ptolemy/domains/sdf/lib/test/auto/SampleDelayConversion.xml
3 ms. Memory: 190464K Free: 138344K (73%)
----------------- Invoking toplevel() on ptolemy.moml.MoMLSimpleApplication@fd6a96e
----------------- Done invoking toplevel() on ptolemy.moml.MoMLSimpleApplication@fd6a96e
reloadAllAccessors: .SampleDelayConversion

===========================================================================================
----------------- testing Tue Jul 02 05:18:17 UTC 2019 /home/travis/build/icyphy/ptII/ptolemy/domains/sdf/lib/test/auto/SequenceToArray.xml
----------------- Instantiating /home/travis/build/icyphy/ptII/ptolemy/domains/sdf/lib/test/auto/SequenceToArray.xml
8 ms. Memory: 190464K Free: 127066K (67%)
----------------- Invoking toplevel() on ptolemy.moml.MoMLSimpleApplication@55a29f6b
----------------- Done invoking toplevel() on ptolemy.moml.MoMLSimpleApplication@55a29f6b
reloadAllAccessors: .SequenceToArray

===========================================================================================
----------------- testing Tue Jul 02 05:18:17 UTC 2019 /home/travis/build/icyphy/ptII/ptolemy/domains/sdf/lib/test/auto/SequenceToMatrix.xml
----------------- Instantiating /home/travis/build/icyphy/ptII/ptolemy/domains/sdf/lib/test/auto/SequenceToMatrix.xml
3753 ms. Memory: 190464K Free: 99036K (52%)
----------------- Invoking toplevel() on ptolemy.moml.MoMLSimpleApplication@76268284
----------------- Done invoking toplevel() on ptolemy.moml.MoMLSimpleApplication@76268284
reloadAllAccessors: .SequenceToMatrix

===========================================================================================
----------------- testing Tue Jul 02 05:18:20 UTC 2019 /home/travis/build/icyphy/ptII/ptolemy/domains/sdf/lib/test/auto/SmoothedPeriodogram.xml
----------------- Instantiating /home/travis/build/icyphy/ptII/ptolemy/domains/sdf/lib/test/auto/SmoothedPeriodogram.xml
14 ms. Memory: 190464K Free: 83166K (44%)
----------------- Invoking toplevel() on ptolemy.moml.MoMLSimpleApplication@2f78b468
----------------- Done invoking toplevel() on ptolemy.moml.MoMLSimpleApplication@2f78b468
reloadAllAccessors: .SmoothedPeriodogram

===========================================================================================
----------------- testing Tue Jul 02 05:18:20 UTC 2019 /home/travis/build/icyphy/ptII/ptolemy/domains/sdf/lib/test/auto/UpDownSample1.xml
----------------- Instantiating /home/travis/build/icyphy/ptII/ptolemy/domains/sdf/lib/test/auto/UpDownSample1.xml
3 ms. Memory: 190464K Free: 79070K (42%)
----------------- Invoking toplevel() on ptolemy.moml.MoMLSimpleApplication@56d39878
----------------- Done invoking toplevel() on ptolemy.moml.MoMLSimpleApplication@56d39878
reloadAllAccessors: .UpDownSample1

===========================================================================================
----------------- testing Tue Jul 02 05:18:20 UTC 2019 /home/travis/build/icyphy/ptII/ptolemy/domains/sdf/lib/test/auto/UpSample1.xml
----------------- Instantiating /home/travis/build/icyphy/ptII/ptolemy/domains/sdf/lib/test/auto/UpSample1.xml
2 ms. Memory: 190464K Free: 75484K (40%)
----------------- Invoking toplevel() on ptolemy.moml.MoMLSimpleApplication@39a87519
----------------- Done invoking toplevel() on ptolemy.moml.MoMLSimpleApplication@39a87519
reloadAllAccessors: .UpSample1

===========================================================================================
----------------- testing Tue Jul 02 05:18:20 UTC 2019 /home/travis/build/icyphy/ptII/ptolemy/domains/sdf/lib/test/auto/VariableFIR.xml
----------------- Instantiating /home/travis/build/icyphy/ptII/ptolemy/domains/sdf/lib/test/auto/VariableFIR.xml
3 ms. Memory: 190464K Free: 70364K (37%)
----------------- Invoking toplevel() on ptolemy.moml.MoMLSimpleApplication@2b210952
----------------- Done invoking toplevel() on ptolemy.moml.MoMLSimpleApplication@2b210952
reloadAllAccessors: .VariableFIR

===========================================================================================
----------------- testing Tue Jul 02 05:18:20 UTC 2019 /home/travis/build/icyphy/ptII/ptolemy/domains/sdf/lib/test/auto/VariableFIR2.xml
----------------- Instantiating /home/travis/build/icyphy/ptII/ptolemy/domains/sdf/lib/test/auto/VariableFIR2.xml
20 ms. Memory: 229376K Free: 213652K (93%)
----------------- Invoking toplevel() on ptolemy.moml.MoMLSimpleApplication@62b63816
----------------- Done invoking toplevel() on ptolemy.moml.MoMLSimpleApplication@62b63816
reloadAllAccessors: .VariableFIR2

===========================================================================================
----------------- testing Tue Jul 02 05:18:21 UTC 2019 /home/travis/build/icyphy/ptII/ptolemy/domains/sdf/lib/test/auto/VariableLattice.xml
----------------- Instantiating /home/travis/build/icyphy/ptII/ptolemy/domains/sdf/lib/test/auto/VariableLattice.xml
5 ms. Memory: 229376K Free: 206482K (90%)
----------------- Invoking toplevel() on ptolemy.moml.MoMLSimpleApplication@2d8fa48f
----------------- Done invoking toplevel() on ptolemy.moml.MoMLSimpleApplication@2d8fa48f
reloadAllAccessors: .VariableLattice

===========================================================================================
----------------- testing Tue Jul 02 05:18:21 UTC 2019 /home/travis/build/icyphy/ptII/ptolemy/domains/sdf/lib/test/auto/VariableLattice2.xml
----------------- Instantiating /home/travis/build/icyphy/ptII/ptolemy/domains/sdf/lib/test/auto/VariableLattice2.xml
1.0
-1.999999602036
1.9099998677481
-0.9099996420674
0.205
0.0
0.0
1.0
-0.25
-0.5
0.0
0.0
0.0
0.0
4 ms. Memory: 229376K Free: 201874K (88%)
----------------- Invoking toplevel() on ptolemy.moml.MoMLSimpleApplication@2956d0c8
----------------- Done invoking toplevel() on ptolemy.moml.MoMLSimpleApplication@2956d0c8
reloadAllAccessors: .VariableLattice2

===========================================================================================
----------------- testing Tue Jul 02 05:18:21 UTC 2019 /home/travis/build/icyphy/ptII/ptolemy/domains/sdf/lib/test/auto/VariableRecursiveLattice.xml
----------------- Instantiating /home/travis/build/icyphy/ptII/ptolemy/domains/sdf/lib/test/auto/VariableRecursiveLattice.xml
3 ms. Memory: 229376K Free: 197268K (86%)
----------------- Invoking toplevel() on ptolemy.moml.MoMLSimpleApplication@6aa2d2cc
----------------- Done invoking toplevel() on ptolemy.moml.MoMLSimpleApplication@6aa2d2cc
reloadAllAccessors: .VariableRecursiveLattice

===========================================================================================
----------------- testing Tue Jul 02 05:18:21 UTC 2019 /home/travis/build/icyphy/ptII/ptolemy/domains/sdf/lib/test/auto/VariableRecursiveLattice2.xml
----------------- Instantiating /home/travis/build/icyphy/ptII/ptolemy/domains/sdf/lib/test/auto/VariableRecursiveLattice2.xml
3 ms. Memory: 229376K Free: 193652K (84%)
----------------- Invoking toplevel() on ptolemy.moml.MoMLSimpleApplication@726e200c
----------------- Done invoking toplevel() on ptolemy.moml.MoMLSimpleApplication@726e200c
reloadAllAccessors: .VariableRecursiveLattice2
AutoTests.java: About to close Vertx.
AutoTests.java: Vertx closed.
]]></system-out>
  <system-err><![CDATA[]]></system-err>
</testsuite>
