<?xml version="1.0" encoding="UTF-8" ?>
<testsuite errors="0" failures="1" hostname="travis-job-49a9a367-8c0f-4133-a69b-97aa544a2d5c" name="ptolemy.vergil.basic.export.test.junit.ExportModelJUnitTestBatch7" skipped="0" tests="50" time="731.845" timestamp="2019-10-10T17:57:41">
  <properties>
[...]
</properties>
  <testcase classname="ptolemy.vergil.basic.export.test.junit.ExportModelJUnitTestBatch7" name="[0] ptolemy/domains/taskpt/demo/SharedMemory/SharedMemory.xml (RunExportModel)" time="7.595" />
  <testcase classname="ptolemy.vergil.basic.export.test.junit.ExportModelJUnitTestBatch7" name="[1] ptolemy/domains/taskpt/demo/Task/Task.xml (RunExportModel)" time="4.673" />
  <testcase classname="ptolemy.vergil.basic.export.test.junit.ExportModelJUnitTestBatch7" name="[2] ptolemy/domains/tcs/demo/TCS/TCS.xml (RunExportModel)" time="36.235" />
  <testcase classname="ptolemy.vergil.basic.export.test.junit.ExportModelJUnitTestBatch7" name="[3] ptolemy/domains/tm/demo/Controllers/Controllers.xml (RunExportModel)" time="6.931" />
  <testcase classname="ptolemy.vergil.basic.export.test.junit.ExportModelJUnitTestBatch7" name="[4] ptolemy/domains/tm/demo/FFT/FFT.xml (RunExportModel)" time="14.74" />
  <testcase classname="ptolemy.vergil.basic.export.test.junit.ExportModelJUnitTestBatch7" name="[5] ptolemy/domains/tm/demo/MergedEvents/MergedEvents.xml (RunExportModel)" time="34.497" />
  <testcase classname="ptolemy.vergil.basic.export.test.junit.ExportModelJUnitTestBatch7" name="[6] ptolemy/domains/tm/demo/SimpleTasks/SimpleTasks.xml (RunExportModel)" time="4.301" />
  <testcase classname="ptolemy.vergil.basic.export.test.junit.ExportModelJUnitTestBatch7" name="[7] ptolemy/domains/wireless/demo/AntennaPattern/AntennaGainTest.xml (RunExportModel)" time="5.042" />
  <testcase classname="ptolemy.vergil.basic.export.test.junit.ExportModelJUnitTestBatch7" name="[8] ptolemy/domains/wireless/demo/AntennaPattern/AntennaModel.xml (RunExportModel)" time="3.474" />
  <testcase classname="ptolemy.vergil.basic.export.test.junit.ExportModelJUnitTestBatch7" name="[9] ptolemy/domains/wireless/demo/AntennaPattern/AntennaPattern.xml (RunExportModel)" time="3.224" />
  <testcase classname="ptolemy.vergil.basic.export.test.junit.ExportModelJUnitTestBatch7" name="[10] ptolemy/domains/wireless/demo/AntennaPattern/ReceiveAntennaPattern.xml (RunExportModel)" time="4.114" />
  <testcase classname="ptolemy.vergil.basic.export.test.junit.ExportModelJUnitTestBatch7" name="[11] ptolemy/domains/wireless/demo/AntennaPattern/TransmitAntennaPattern.xml (RunExportModel)" time="3.91" />
  <testcase classname="ptolemy.vergil.basic.export.test.junit.ExportModelJUnitTestBatch7" name="[12] ptolemy/domains/wireless/demo/CircularRange/CircularRange.xml (RunExportModel)" time="34.512" />
  <testcase classname="ptolemy.vergil.basic.export.test.junit.ExportModelJUnitTestBatch7" name="[13] ptolemy/domains/wireless/demo/Collisions/Collisions.xml (RunExportModel)" time="24.945" />
  <testcase classname="ptolemy.vergil.basic.export.test.junit.ExportModelJUnitTestBatch7" name="[14] ptolemy/domains/wireless/demo/Collisions/CollisionsDeterministic.xml (RunExportModel)" time="4.753" />
  <testcase classname="ptolemy.vergil.basic.export.test.junit.ExportModelJUnitTestBatch7" name="[15] ptolemy/domains/wireless/demo/EvaderAndPursuer/EvaderAndPursuer.xml (RunExportModel)" time="34.989" />
  <testcase classname="ptolemy.vergil.basic.export.test.junit.ExportModelJUnitTestBatch7" name="[16] ptolemy/domains/wireless/demo/Intersections/Intersections.xml (RunExportModel)" time="80.541" />
  <testcase classname="ptolemy.vergil.basic.export.test.junit.ExportModelJUnitTestBatch7" name="[17] ptolemy/domains/wireless/demo/LinkVisualizer/LinkVisualizer.xml (RunExportModel)" time="24.305" />
  <testcase classname="ptolemy.vergil.basic.export.test.junit.ExportModelJUnitTestBatch7" name="[18] ptolemy/domains/wireless/demo/MatlabWirelessSoundDetection/MatlabWirelessSoundDetection.xml (RunExportModel)" time="3.413" />
  <testcase classname="ptolemy.vergil.basic.export.test.junit.ExportModelJUnitTestBatch7" name="[19] ptolemy/domains/wireless/demo/PowerVariability/PowerVariability.xml (RunExportModel)" time="29.358" />
  <testcase classname="ptolemy.vergil.basic.export.test.junit.ExportModelJUnitTestBatch7" name="[20] ptolemy/domains/wireless/demo/SmallWorld/SmallWorld.xml (RunExportModel)" time="5.504" />
  <testcase classname="ptolemy.vergil.basic.export.test.junit.ExportModelJUnitTestBatch7" name="[21] ptolemy/domains/wireless/demo/SmartParking/SmartParking.xml (RunExportModel)" time="34.946" />
  <testcase classname="ptolemy.vergil.basic.export.test.junit.ExportModelJUnitTestBatch7" name="[22] ptolemy/domains/wireless/demo/TerrainModel/TerrainModel.xml (RunExportModel)" time="34.261" />
  <testcase classname="ptolemy.vergil.basic.export.test.junit.ExportModelJUnitTestBatch7" name="[23] ptolemy/domains/wireless/demo/WirelessSoundDetection/WirelessSoundDetection.xml (RunExportModel)" time="34.28" />
  <testcase classname="ptolemy.vergil.basic.export.test.junit.ExportModelJUnitTestBatch7" name="[24] ptolemy/domains/wireless/demo/Zigbee/Zigbee.xml (RunExportModel)" time="41.239" />
  <testcase classname="ptolemy.vergil.basic.export.test.junit.ExportModelJUnitTestBatch7" name="[25] ptolemy/matlab/demo/MatlabContinuous/MatlabContinuous.xml (RunExportModel)" time="3.159" />
  <testcase classname="ptolemy.vergil.basic.export.test.junit.ExportModelJUnitTestBatch7" name="[26] ptolemy/matlab/demo/MatlabExpression/MatlabExpression.xml (RunExportModel)" time="3.133" />
  <testcase classname="ptolemy.vergil.basic.export.test.junit.ExportModelJUnitTestBatch7" name="[27] ptolemy/moml/demo/Networked/Networked.xml (RunExportModel)" time="4.77">
    <failure message="Exporting HTML for ptolemy/moml/demo/Networked/Networked.xml failed: &#xa;java.lang.reflect.InvocationTargetException&#xa;&#x9;at java.desktop/java.awt.EventQueue.invokeAndWait(EventQueue.java:1367)&#xa;&#x9;at java.desktop/java.awt.EventQueue.invokeAndWait(EventQueue.java:1342)&#xa;&#x9;at java.desktop/javax.swing.SwingUtilities.invokeAndWait(SwingUtilities.java:1480)&#xa;&#x9;at ptolemy.vergil.basic.export.ExportModel.exportModel(ExportModel.java:227)&#xa;&#x9;at ptolemy.vergil.basic.export.test.junit.ExportModelJUnitTest.RunExportModel(ExportModelJUnitTest.java:153)&#xa;&#x9;at ptolemy.vergil.basic.export.test.junit.ExportModelJUnitTestBatch.RunExportModel(ExportModelJUnitTestBatch.java:84)&#xa;&#x9;at jdk.internal.reflect.GeneratedMethodAccessor26.invoke(Unknown Source)&#xa;&#x9;at java.base/jdk.internal.reflect.DelegatingMethodAccessorImpl.invoke(DelegatingMethodAccessorImpl.java:43)&#xa;&#x9;at java.base/java.lang.reflect.Method.invoke(Method.java:566)&#xa;&#x9;at org.junit.runners.model.FrameworkMethod$1.runReflectiveCall(FrameworkMethod.java:44)&#xa;&#x9;at org.junit.internal.runners.model.ReflectiveCallable.run(ReflectiveCallable.java:15)&#xa;&#x9;at org.junit.runners.model.FrameworkMethod.invokeExplosively(FrameworkMethod.java:41)&#xa;&#x9;at junitparams.internal.InvokeParameterisedMethod.evaluate(InvokeParameterisedMethod.java:102)&#xa;&#x9;at junitparams.internal.ParameterisedTestMethodRunner.runMethodInvoker(ParameterisedTestMethodRunner.java:47)&#xa;&#x9;at junitparams.internal.ParameterisedTestMethodRunner.runTestMethod(ParameterisedTestMethodRunner.java:41)&#xa;&#x9;at junitparams.internal.ParameterisedTestClassRunner.runParameterisedTest(ParameterisedTestClassRunner.java:143)&#xa;&#x9;at junitparams.JUnitParamsRunner.runChild(JUnitParamsRunner.java:237)&#xa;&#x9;at junitparams.JUnitParamsRunner.runChild(JUnitParamsRunner.java:215)&#xa;&#x9;at org.junit.runners.ParentRunner$3.run(ParentRunner.java:193)&#xa;&#x9;at org.junit.runners.ParentRunner$1.schedule(ParentRunner.java:52)&#xa;&#x9;at org.junit.runners.ParentRunner.runChildren(ParentRunner.java:191)&#xa;&#x9;at org.junit.runners.ParentRunner.access$000(ParentRunner.java:42)&#xa;&#x9;at org.junit.runners.ParentRunner$2.evaluate(ParentRunner.java:184)&#xa;&#x9;at org.junit.runners.ParentRunner.run(ParentRunner.java:236)&#xa;&#x9;at junit.framework.JUnit4TestAdapter.run(JUnit4TestAdapter.java:39)&#xa;&#x9;at org.apache.tools.ant.taskdefs.optional.junit.JUnitTestRunner.run(JUnitTestRunner.java:535)&#xa;&#x9;at org.apache.tools.ant.taskdefs.optional.junit.JUnitTestRunner.launch(JUnitTestRunner.java:1182)&#xa;&#x9;at org.apache.tools.ant.taskdefs.optional.junit.JUnitTestRunner.main(JUnitTestRunner.java:1033)&#xa;Caused by: java.lang.RuntimeException: ptolemy.kernel.util.InternalErrorException: Failed to get the model directory? This can happen in a headless environment when the model attempts to interact with the graphical display.  It can also happen when the model fails to parse because of a missing class.&#xa;&#x9;at ptolemy.vergil.basic.export.ExportModel$1.run(ExportModel.java:223)&#xa;&#x9;at java.desktop/java.awt.event.InvocationEvent.dispatch(InvocationEvent.java:303)&#xa;&#x9;at java.desktop/java.awt.EventQueue.dispatchEventImpl(EventQueue.java:770)&#xa;&#x9;at java.desktop/java.awt.EventQueue$4.run(EventQueue.java:721)&#xa;&#x9;at java.desktop/java.awt.EventQueue$4.run(EventQueue.java:715)&#xa;&#x9;at java.base/java.security.AccessController.doPrivileged(Native Method)&#xa;&#x9;at java.base/java.security.ProtectionDomain$JavaSecurityAccessImpl.doIntersectionPrivilege(ProtectionDomain.java:85)&#xa;&#x9;at java.desktop/java.awt.EventQueue.dispatchEvent(EventQueue.java:740)&#xa;&#x9;at java.desktop/java.awt.EventDispatchThread.pumpOneEventForFilters(EventDispatchThread.java:203)&#xa;&#x9;at java.desktop/java.awt.EventDispatchThread.pumpEventsForFilter(EventDispatchThread.java:124)&#xa;&#x9;at java.desktop/java.awt.EventDispatchThread.pumpEventsForHierarchy(EventDispatchThread.java:113)&#xa;&#x9;at java.desktop/java.awt.EventDispatchThread.pumpEvents(EventDispatchThread.java:109)&#xa;&#x9;at java.desktop/java.awt.EventDispatchThread.pumpEvents(EventDispatchThread.java:101)&#xa;&#x9;at java.desktop/java.awt.EventDispatchThread.run(EventDispatchThread.java:90)&#xa;Caused by: ptolemy.kernel.util.InternalErrorException: Failed to get the model directory? This can happen in a headless environment when the model attempts to interact with the graphical display.  It can also happen when the model fails to parse because of a missing class.&#xa;&#x9;at ptolemy.actor.gui.ConfigurationApplication.models(ConfigurationApplication.java:557)&#xa;&#x9;at ptolemy.actor.gui.ConfigurationApplication.openModelOrEntity(ConfigurationApplication.java:707)&#xa;&#x9;at ptolemy.vergil.basic.export.ExportModel$1.run(ExportModel.java:220)&#xa;&#x9;... 13 more&#xa;" type="junit.framework.AssertionFailedError">junit.framework.AssertionFailedError: Exporting HTML for ptolemy/moml/demo/Networked/Networked.xml failed: 
java.lang.reflect.InvocationTargetException
	at java.desktop/java.awt.EventQueue.invokeAndWait(EventQueue.java:1367)
	at java.desktop/java.awt.EventQueue.invokeAndWait(EventQueue.java:1342)
	at java.desktop/javax.swing.SwingUtilities.invokeAndWait(SwingUtilities.java:1480)
	at ptolemy.vergil.basic.export.ExportModel.exportModel(ExportModel.java:227)
	at ptolemy.vergil.basic.export.test.junit.ExportModelJUnitTest.RunExportModel(ExportModelJUnitTest.java:153)
	at ptolemy.vergil.basic.export.test.junit.ExportModelJUnitTestBatch.RunExportModel(ExportModelJUnitTestBatch.java:84)
	at jdk.internal.reflect.GeneratedMethodAccessor26.invoke(Unknown Source)
	at java.base/jdk.internal.reflect.DelegatingMethodAccessorImpl.invoke(DelegatingMethodAccessorImpl.java:43)
	at junitparams.internal.InvokeParameterisedMethod.evaluate(InvokeParameterisedMethod.java:102)
	at junitparams.internal.ParameterisedTestMethodRunner.runMethodInvoker(ParameterisedTestMethodRunner.java:47)
	at junitparams.internal.ParameterisedTestMethodRunner.runTestMethod(ParameterisedTestMethodRunner.java:41)
	at junitparams.internal.ParameterisedTestClassRunner.runParameterisedTest(ParameterisedTestClassRunner.java:143)
	at junitparams.JUnitParamsRunner.runChild(JUnitParamsRunner.java:237)
	at junitparams.JUnitParamsRunner.runChild(JUnitParamsRunner.java:215)
Caused by: java.lang.RuntimeException: ptolemy.kernel.util.InternalErrorException: Failed to get the model directory? This can happen in a headless environment when the model attempts to interact with the graphical display.  It can also happen when the model fails to parse because of a missing class.
	at ptolemy.vergil.basic.export.ExportModel$1.run(ExportModel.java:223)
	at java.desktop/java.awt.event.InvocationEvent.dispatch(InvocationEvent.java:303)
	at java.desktop/java.awt.EventQueue.dispatchEventImpl(EventQueue.java:770)
	at java.desktop/java.awt.EventQueue$4.run(EventQueue.java:721)
	at java.desktop/java.awt.EventQueue$4.run(EventQueue.java:715)
	at java.base/java.security.AccessController.doPrivileged(Native Method)
	at java.base/java.security.ProtectionDomain$JavaSecurityAccessImpl.doIntersectionPrivilege(ProtectionDomain.java:85)
	at java.desktop/java.awt.EventQueue.dispatchEvent(EventQueue.java:740)
	at java.desktop/java.awt.EventDispatchThread.pumpOneEventForFilters(EventDispatchThread.java:203)
	at java.desktop/java.awt.EventDispatchThread.pumpEventsForFilter(EventDispatchThread.java:124)
	at java.desktop/java.awt.EventDispatchThread.pumpEventsForHierarchy(EventDispatchThread.java:113)
	at java.desktop/java.awt.EventDispatchThread.pumpEvents(EventDispatchThread.java:109)
	at java.desktop/java.awt.EventDispatchThread.pumpEvents(EventDispatchThread.java:101)
	at java.desktop/java.awt.EventDispatchThread.run(EventDispatchThread.java:90)
Caused by: ptolemy.kernel.util.InternalErrorException: Failed to get the model directory? This can happen in a headless environment when the model attempts to interact with the graphical display.  It can also happen when the model fails to parse because of a missing class.
	at ptolemy.actor.gui.ConfigurationApplication.models(ConfigurationApplication.java:557)
	at ptolemy.actor.gui.ConfigurationApplication.openModelOrEntity(ConfigurationApplication.java:707)
	at ptolemy.vergil.basic.export.ExportModel$1.run(ExportModel.java:220)

	at ptolemy.vergil.basic.export.test.junit.ExportModelJUnitTest.RunExportModel(ExportModelJUnitTest.java:162)
	at ptolemy.vergil.basic.export.test.junit.ExportModelJUnitTestBatch.RunExportModel(ExportModelJUnitTestBatch.java:84)
	at jdk.internal.reflect.GeneratedMethodAccessor26.invoke(Unknown Source)
	at java.base/jdk.internal.reflect.DelegatingMethodAccessorImpl.invoke(DelegatingMethodAccessorImpl.java:43)
	at junitparams.internal.InvokeParameterisedMethod.evaluate(InvokeParameterisedMethod.java:102)
	at junitparams.internal.ParameterisedTestMethodRunner.runMethodInvoker(ParameterisedTestMethodRunner.java:47)
	at junitparams.internal.ParameterisedTestMethodRunner.runTestMethod(ParameterisedTestMethodRunner.java:41)
	at junitparams.internal.ParameterisedTestClassRunner.runParameterisedTest(ParameterisedTestClassRunner.java:143)
	at junitparams.JUnitParamsRunner.runChild(JUnitParamsRunner.java:237)
	at junitparams.JUnitParamsRunner.runChild(JUnitParamsRunner.java:215)
</failure>
  </testcase>
  <testcase classname="ptolemy.vergil.basic.export.test.junit.ExportModelJUnitTestBatch7" name="[28] ptolemy/vergil/basic/export/html/demo/ExportExamples/ExportExample1.xml (RunExportModel)" time="3.307" />
  <testcase classname="ptolemy.vergil.basic.export.test.junit.ExportModelJUnitTestBatch7" name="[29] ptolemy/vergil/basic/export/html/demo/ExportExamples/ExportExample2.xml (RunExportModel)" time="4.256" />
  <testcase classname="ptolemy.vergil.basic.export.test.junit.ExportModelJUnitTestBatch7" name="[30] ptolemy/vergil/basic/export/html/demo/ExportExamples/ExportExample3.xml (RunExportModel)" time="3.337" />
  <testcase classname="ptolemy.vergil.basic.export.test.junit.ExportModelJUnitTestBatch7" name="[31] ptolemy/vergil/basic/export/html/demo/ExportExamples/ExportExample4.xml (RunExportModel)" time="3.175" />
  <testcase classname="ptolemy.vergil.basic.export.test.junit.ExportModelJUnitTestBatch7" name="[32] ptolemy/vergil/basic/export/html/demo/ExportExamples/ExportExample5.xml (RunExportModel)" time="4.265" />
  <testcase classname="ptolemy.vergil.basic.export.test.junit.ExportModelJUnitTestBatch7" name="[33] ptolemy/vergil/basic/export/html/demo/ExportExamples/ExportExamples.xml (RunExportModel)" time="3.212" />
  <testcase classname="ptolemy.vergil.basic.export.test.junit.ExportModelJUnitTestBatch7" name="[34] ptolemy/vergil/basic/export/html/demo/PageAssembler/PageAssembler.xml (RunExportModel)" time="3.214" />
  <testcase classname="ptolemy.vergil.basic.export.test.junit.ExportModelJUnitTestBatch7" name="[35] ptolemy/vergil/basic/imprt/g4ltl/demo/Arbitor/Arbitor.xml (RunExportModel)" time="3.267" />
  <testcase classname="ptolemy.vergil.basic.export.test.junit.ExportModelJUnitTestBatch7" name="[36] ptolemy/vergil/basic/imprt/g4ltl/demo/AutomaticDoor/AutomaticDoor.xml (RunExportModel)" time="3.168" />
  <testcase classname="ptolemy.vergil.basic.export.test.junit.ExportModelJUnitTestBatch7" name="[37] ptolemy/vergil/basic/imprt/g4ltl/demo/ErrorHandling/ErrorHandling.xml (RunExportModel)" time="3.269" />
  <testcase classname="ptolemy.vergil.basic.export.test.junit.ExportModelJUnitTestBatch7" name="[38] ptolemy/vergil/basic/imprt/g4ltl/demo/ErrorHandling/ErrorHandlingSynthesized.xml (RunExportModel)" time="3.805" />
  <testcase classname="ptolemy.vergil.basic.export.test.junit.ExportModelJUnitTestBatch7" name="[39] ptolemy/vergil/basic/imprt/g4ltl/demo/HydraulicRamp/HydraulicRamp.xml (RunExportModel)" time="3.17" />
  <testcase classname="ptolemy.vergil.basic.export.test.junit.ExportModelJUnitTestBatch7" name="[40] ptolemy/vergil/basic/imprt/g4ltl/demo/Numerical/Numerical.xml (RunExportModel)" time="3.596" />
  <testcase classname="ptolemy.vergil.basic.export.test.junit.ExportModelJUnitTestBatch7" name="[41] ptolemy/vergil/basic/imprt/g4ltl/demo/PriorityArbitor/PriorityArbitor.xml (RunExportModel)" time="3.153" />
  <testcase classname="ptolemy.vergil.basic.export.test.junit.ExportModelJUnitTestBatch7" name="[42] ptolemy/vergil/kernel/attributes/demo/AnimateVergil/AnimateVergil.xml (RunExportModel)" time="6.185" />
  <testcase classname="ptolemy.vergil.basic.export.test.junit.ExportModelJUnitTestBatch7" name="[43] ptolemy/verification/demo/iRobotHillClimbing/iRobotCreateVerification.xml (RunExportModel)" time="5.575" />
  <testcase classname="ptolemy.vergil.basic.export.test.junit.ExportModelJUnitTestBatch7" name="[44] ptolemy/verification/demo/RailroadControl/RailroadControl.xml (RunExportModel)" time="34.269" />
  <testcase classname="ptolemy.vergil.basic.export.test.junit.ExportModelJUnitTestBatch7" name="[45] ptolemy/verification/demo/SimpleTrafficLight/SimpleTrafficLight.xml (RunExportModel)" time="34.327" />
  <testcase classname="ptolemy.vergil.basic.export.test.junit.ExportModelJUnitTestBatch7" name="[46] ptolemy/verification/demo/SimpleTrafficLight/SimpleTrafficLightDECTA.xml (RunExportModel)" time="34.255" />
  <testcase classname="ptolemy.vergil.basic.export.test.junit.ExportModelJUnitTestBatch7" name="[47] ptolemy/verification/demo/SimpleTrafficLight/SimpleTrafficLightGraphicalSpec.xml (RunExportModel)" time="34.271" />
  <testcase classname="ptolemy.vergil.basic.export.test.junit.ExportModelJUnitTestBatch7" name="[48] ptolemy/verification/demo/SimpleTrafficLight/SimpleTrafficLightRTMaudeCG.xml (RunExportModel)" time="4.416" />
  <testcase classname="ptolemy.vergil.basic.export.test.junit.ExportModelJUnitTestBatch7" name="[49] ptolemy/verification/demo/SimpleTrafficLight/SimpleTrafficLightSMVModule.xml (RunExportModel)" time="3.247" />
  <system-out><![CDATA[ExportModeJUnitTestBatch: There are 741 demos. Exporting demos: 691 to 830.
ExportModeJUnitTestBatch: There are 741 demos, which is less than the end index 691. Setting the end index to 740
####### 1 Thu Oct 10 17:57:41 UTC 2019 $PTII/bin/ptinvoke ptolemy.vergil.basic.export.ExportModel -force htm -run -openComposites -timeOut 30000 -whiteBackground ptolemy/domains/taskpt/demo/SharedMemory/SharedMemory.xml $PTII/ptolemy/domains/taskpt/demo/SharedMemory/SharedMemory
Running .SharedMemory
195 ms. Memory: 145408K Free: 123890K (85%)
Exported /home/travis/build/icyphy/ptII/ptolemy/domains/taskpt/demo/SharedMemory/SharedMemory/index.html
7532 ms. Memory: 145408K Free: 104991K (72%)
####### 2 Thu Oct 10 17:57:48 UTC 2019 $PTII/bin/ptinvoke ptolemy.vergil.basic.export.ExportModel -force htm -run -openComposites -timeOut 30000 -whiteBackground ptolemy/domains/taskpt/demo/Task/Task.xml $PTII/ptolemy/domains/taskpt/demo/Task/Task
Running .Task
101 ms. Memory: 145408K Free: 76523K (53%)
Exported /home/travis/build/icyphy/ptII/ptolemy/domains/taskpt/demo/Task/Task/index.html
4672 ms. Memory: 145408K Free: 88464K (61%)
####### 3 Thu Oct 10 17:57:53 UTC 2019 $PTII/bin/ptinvoke ptolemy.vergil.basic.export.ExportModel -force htm -run -openComposites -timeOut 30000 -whiteBackground ptolemy/domains/tcs/demo/TCS/TCS.xml $PTII/ptolemy/domains/tcs/demo/TCS/TCS
Running .TCS
ExportHTMLTimer went off after 30000 ms., calling getDirector().finish and getDirector().stopFire()
30004 ms. Memory: 210944K Free: 81982K (39%)
Exported /home/travis/build/icyphy/ptII/ptolemy/domains/tcs/demo/TCS/TCS/index.html
36234 ms. Memory: 210944K Free: 131260K (62%)
####### 4 Thu Oct 10 17:58:29 UTC 2019 $PTII/bin/ptinvoke ptolemy.vergil.basic.export.ExportModel -force htm -run -openComposites -timeOut 30000 -whiteBackground ptolemy/domains/tm/demo/Controllers/Controllers.xml $PTII/ptolemy/domains/tm/demo/Controllers/Controllers
Running .Controllers
1727 ms. Memory: 210944K Free: 160344K (76%)
Exported /home/travis/build/icyphy/ptII/ptolemy/domains/tm/demo/Controllers/Controllers/index.html
6930 ms. Memory: 210944K Free: 135298K (64%)
####### 5 Thu Oct 10 17:58:36 UTC 2019 $PTII/bin/ptinvoke ptolemy.vergil.basic.export.ExportModel -force htm -run -openComposites -timeOut 30000 -whiteBackground ptolemy/domains/tm/demo/FFT/FFT.xml $PTII/ptolemy/domains/tm/demo/FFT/FFT
Running .FFT
10134 ms. Memory: 210944K Free: 124041K (59%)
Exported /home/travis/build/icyphy/ptII/ptolemy/domains/tm/demo/FFT/FFT/index.html
14739 ms. Memory: 210944K Free: 109110K (52%)
####### 6 Thu Oct 10 17:58:51 UTC 2019 $PTII/bin/ptinvoke ptolemy.vergil.basic.export.ExportModel -force htm -run -openComposites -timeOut 30000 -whiteBackground ptolemy/domains/tm/demo/MergedEvents/MergedEvents.xml $PTII/ptolemy/domains/tm/demo/MergedEvents/MergedEvents
Running .MergedEvents
ExportHTMLTimer went off after 30000 ms., calling getDirector().finish and getDirector().stopFire()
30057 ms. Memory: 210944K Free: 134961K (64%)
Exported /home/travis/build/icyphy/ptII/ptolemy/domains/tm/demo/MergedEvents/MergedEvents/index.html
34495 ms. Memory: 210944K Free: 31488K (15%)
####### 7 Thu Oct 10 17:59:26 UTC 2019 $PTII/bin/ptinvoke ptolemy.vergil.basic.export.ExportModel -force htm -run -openComposites -timeOut 30000 -whiteBackground ptolemy/domains/tm/demo/SimpleTasks/SimpleTasks.xml $PTII/ptolemy/domains/tm/demo/SimpleTasks/SimpleTasks
Running .SimpleTasks
17 ms. Memory: 210944K Free: 75561K (36%)
Exported /home/travis/build/icyphy/ptII/ptolemy/domains/tm/demo/SimpleTasks/SimpleTasks/index.html
4299 ms. Memory: 210944K Free: 35100K (17%)
####### 8 Thu Oct 10 17:59:30 UTC 2019 $PTII/bin/ptinvoke ptolemy.vergil.basic.export.ExportModel -force htm -run -openComposites -timeOut 30000 -whiteBackground ptolemy/domains/wireless/demo/AntennaPattern/AntennaGainTest.xml $PTII/ptolemy/domains/wireless/demo/AntennaPattern/AntennaGainTest
Running .AntennaGainTest
395 ms. Memory: 210944K Free: 138723K (66%)
Exported /home/travis/build/icyphy/ptII/ptolemy/domains/wireless/demo/AntennaPattern/AntennaGainTest/index.html
5040 ms. Memory: 210944K Free: 112768K (53%)
####### 9 Thu Oct 10 17:59:35 UTC 2019 $PTII/bin/ptinvoke ptolemy.vergil.basic.export.ExportModel -force htm  -openComposites -timeOut 30000 -whiteBackground ptolemy/domains/wireless/demo/AntennaPattern/AntennaModel.xml $PTII/ptolemy/domains/wireless/demo/AntennaPattern/AntennaModel
Warning: not running ptolemy/domains/wireless/demo/AntennaPattern/AntennaModel.xml. See ptolemy/vergil/basic/export/test/junit/ExportModelJUnitTest.java
Exported /home/travis/build/icyphy/ptII/ptolemy/domains/wireless/demo/AntennaPattern/AntennaModel/index.html
3471 ms. Memory: 210944K Free: 104339K (49%)
####### 10 Thu Oct 10 17:59:38 UTC 2019 $PTII/bin/ptinvoke ptolemy.vergil.basic.export.ExportModel -force htm  -openComposites -timeOut 30000 -whiteBackground ptolemy/domains/wireless/demo/AntennaPattern/AntennaPattern.xml $PTII/ptolemy/domains/wireless/demo/AntennaPattern/AntennaPattern
Warning: not running ptolemy/domains/wireless/demo/AntennaPattern/AntennaPattern.xml. See ptolemy/vergil/basic/export/test/junit/ExportModelJUnitTest.java
Exported /home/travis/build/icyphy/ptII/ptolemy/domains/wireless/demo/AntennaPattern/AntennaPattern/index.html
3224 ms. Memory: 210944K Free: 114308K (54%)
####### 11 Thu Oct 10 17:59:42 UTC 2019 $PTII/bin/ptinvoke ptolemy.vergil.basic.export.ExportModel -force htm  -openComposites -timeOut 30000 -whiteBackground ptolemy/domains/wireless/demo/AntennaPattern/ReceiveAntennaPattern.xml $PTII/ptolemy/domains/wireless/demo/AntennaPattern/ReceiveAntennaPattern
Warning: not running ptolemy/domains/wireless/demo/AntennaPattern/ReceiveAntennaPattern.xml. See ptolemy/vergil/basic/export/test/junit/ExportModelJUnitTest.java
Exported /home/travis/build/icyphy/ptII/ptolemy/domains/wireless/demo/AntennaPattern/ReceiveAntennaPattern/index.html
4113 ms. Memory: 210944K Free: 99930K (47%)
####### 12 Thu Oct 10 17:59:46 UTC 2019 $PTII/bin/ptinvoke ptolemy.vergil.basic.export.ExportModel -force htm  -openComposites -timeOut 30000 -whiteBackground ptolemy/domains/wireless/demo/AntennaPattern/TransmitAntennaPattern.xml $PTII/ptolemy/domains/wireless/demo/AntennaPattern/TransmitAntennaPattern
Warning: not running ptolemy/domains/wireless/demo/AntennaPattern/TransmitAntennaPattern.xml. See ptolemy/vergil/basic/export/test/junit/ExportModelJUnitTest.java
Exported /home/travis/build/icyphy/ptII/ptolemy/domains/wireless/demo/AntennaPattern/TransmitAntennaPattern/index.html
3910 ms. Memory: 210944K Free: 85254K (40%)
####### 13 Thu Oct 10 17:59:50 UTC 2019 $PTII/bin/ptinvoke ptolemy.vergil.basic.export.ExportModel -force htm -run -openComposites -timeOut 30000 -whiteBackground ptolemy/domains/wireless/demo/CircularRange/CircularRange.xml $PTII/ptolemy/domains/wireless/demo/CircularRange/CircularRange
Running .CircularRange
ExportHTMLTimer went off after 30000 ms., calling getDirector().finish and getDirector().stopFire()
30001 ms. Memory: 253952K Free: 127486K (50%)
Exported /home/travis/build/icyphy/ptII/ptolemy/domains/wireless/demo/CircularRange/CircularRange/index.html
34512 ms. Memory: 253952K Free: 90044K (35%)
####### 14 Thu Oct 10 18:00:24 UTC 2019 $PTII/bin/ptinvoke ptolemy.vergil.basic.export.ExportModel -force htm -run -openComposites -timeOut 30000 -whiteBackground ptolemy/domains/wireless/demo/Collisions/Collisions.xml $PTII/ptolemy/domains/wireless/demo/Collisions/Collisions
Running .Collisions
20058 ms. Memory: 253952K Free: 77310K (30%)
Exported /home/travis/build/icyphy/ptII/ptolemy/domains/wireless/demo/Collisions/Collisions/index.html
24943 ms. Memory: 253952K Free: 154520K (61%)
####### 15 Thu Oct 10 18:00:49 UTC 2019 $PTII/bin/ptinvoke ptolemy.vergil.basic.export.ExportModel -force htm -run -openComposites -timeOut 30000 -whiteBackground ptolemy/domains/wireless/demo/Collisions/CollisionsDeterministic.xml $PTII/ptolemy/domains/wireless/demo/Collisions/CollisionsDeterministic
Running .CollisionsDeterministic
54 ms. Memory: 253952K Free: 158586K (62%)
Exported /home/travis/build/icyphy/ptII/ptolemy/domains/wireless/demo/Collisions/CollisionsDeterministic/index.html
4752 ms. Memory: 253952K Free: 30936K (12%)
####### 16 Thu Oct 10 18:00:54 UTC 2019 $PTII/bin/ptinvoke ptolemy.vergil.basic.export.ExportModel -force htm -run -openComposites -timeOut 30000 -whiteBackground ptolemy/domains/wireless/demo/EvaderAndPursuer/EvaderAndPursuer.xml $PTII/ptolemy/domains/wireless/demo/EvaderAndPursuer/EvaderAndPursuer
Running .EvaderAndPursuer
ExportHTMLTimer went off after 30000 ms., calling getDirector().finish and getDirector().stopFire()
30001 ms. Memory: 253952K Free: 45559K (18%)
Exported /home/travis/build/icyphy/ptII/ptolemy/domains/wireless/demo/EvaderAndPursuer/EvaderAndPursuer/index.html
34988 ms. Memory: 253952K Free: 127320K (50%)
####### 17 Thu Oct 10 18:01:29 UTC 2019 $PTII/bin/ptinvoke ptolemy.vergil.basic.export.ExportModel -force htm -run -openComposites -timeOut 30000 -whiteBackground ptolemy/domains/wireless/demo/Intersections/Intersections.xml $PTII/ptolemy/domains/wireless/demo/Intersections/Intersections
Running .Intersections
ExportHTMLTimer went off after 30000 ms., calling getDirector().finish and getDirector().stopFire()
30011 ms. Memory: 1428480K Free: 1142197K (80%)
Exported /home/travis/build/icyphy/ptII/ptolemy/domains/wireless/demo/Intersections/Intersections/index.html
80539 ms. Memory: 1428480K Free: 544247K (38%)
####### 18 Thu Oct 10 18:02:49 UTC 2019 $PTII/bin/ptinvoke ptolemy.vergil.basic.export.ExportModel -force htm -run -openComposites -timeOut 30000 -whiteBackground ptolemy/domains/wireless/demo/LinkVisualizer/LinkVisualizer.xml $PTII/ptolemy/domains/wireless/demo/LinkVisualizer/LinkVisualizer
Running .LinkVisualizer
20021 ms. Memory: 1428480K Free: 1074070K (75%)
Exported /home/travis/build/icyphy/ptII/ptolemy/domains/wireless/demo/LinkVisualizer/LinkVisualizer/index.html
24304 ms. Memory: 1428480K Free: 937949K (66%)
####### 19 Thu Oct 10 18:03:14 UTC 2019 $PTII/bin/ptinvoke ptolemy.vergil.basic.export.ExportModel -force htm  -openComposites -timeOut 30000 -whiteBackground ptolemy/domains/wireless/demo/MatlabWirelessSoundDetection/MatlabWirelessSoundDetection.xml $PTII/ptolemy/domains/wireless/demo/MatlabWirelessSoundDetection/MatlabWirelessSoundDetection
Warning: not running ptolemy/domains/wireless/demo/MatlabWirelessSoundDetection/MatlabWirelessSoundDetection.xml. See ptolemy/vergil/basic/export/test/junit/ExportModelJUnitTest.java
Exported /home/travis/build/icyphy/ptII/ptolemy/domains/wireless/demo/MatlabWirelessSoundDetection/MatlabWirelessSoundDetection/index.html
3413 ms. Memory: 1428480K Free: 644595K (45%)
####### 20 Thu Oct 10 18:03:17 UTC 2019 $PTII/bin/ptinvoke ptolemy.vergil.basic.export.ExportModel -force htm -run -openComposites -timeOut 30000 -whiteBackground ptolemy/domains/wireless/demo/PowerVariability/PowerVariability.xml $PTII/ptolemy/domains/wireless/demo/PowerVariability/PowerVariability
Running .PowerVariability
25020 ms. Memory: 1428480K Free: 552448K (39%)
Exported /home/travis/build/icyphy/ptII/ptolemy/domains/wireless/demo/PowerVariability/PowerVariability/index.html
29357 ms. Memory: 1428480K Free: 379357K (27%)
####### 21 Thu Oct 10 18:03:46 UTC 2019 $PTII/bin/ptinvoke ptolemy.vergil.basic.export.ExportModel -force htm -run -openComposites -timeOut 30000 -whiteBackground ptolemy/domains/wireless/demo/SmallWorld/SmallWorld.xml $PTII/ptolemy/domains/wireless/demo/SmallWorld/SmallWorld
Running .SmallWorld
305 ms. Memory: 1428480K Free: 1176574K (82%)
Exported /home/travis/build/icyphy/ptII/ptolemy/domains/wireless/demo/SmallWorld/SmallWorld/index.html
5503 ms. Memory: 1428480K Free: 1054701K (74%)
####### 22 Thu Oct 10 18:03:52 UTC 2019 $PTII/bin/ptinvoke ptolemy.vergil.basic.export.ExportModel -force htm -run -openComposites -timeOut 30000 -whiteBackground ptolemy/domains/wireless/demo/SmartParking/SmartParking.xml $PTII/ptolemy/domains/wireless/demo/SmartParking/SmartParking
Running .SmartParking
ExportHTMLTimer went off after 30000 ms., calling getDirector().finish and getDirector().stopFire()
30001 ms. Memory: 1428480K Free: 1143815K (80%)
Exported /home/travis/build/icyphy/ptII/ptolemy/domains/wireless/demo/SmartParking/SmartParking/index.html
34945 ms. Memory: 1428480K Free: 987641K (69%)
####### 23 Thu Oct 10 18:04:27 UTC 2019 $PTII/bin/ptinvoke ptolemy.vergil.basic.export.ExportModel -force htm -run -openComposites -timeOut 30000 -whiteBackground ptolemy/domains/wireless/demo/TerrainModel/TerrainModel.xml $PTII/ptolemy/domains/wireless/demo/TerrainModel/TerrainModel
Running .TerrainModel
ExportHTMLTimer went off after 30000 ms., calling getDirector().finish and getDirector().stopFire()
30001 ms. Memory: 1428480K Free: 877056K (61%)
Exported /home/travis/build/icyphy/ptII/ptolemy/domains/wireless/demo/TerrainModel/TerrainModel/index.html
34260 ms. Memory: 1428480K Free: 762848K (53%)
####### 24 Thu Oct 10 18:05:01 UTC 2019 $PTII/bin/ptinvoke ptolemy.vergil.basic.export.ExportModel -force htm -run -openComposites -timeOut 30000 -whiteBackground ptolemy/domains/wireless/demo/WirelessSoundDetection/WirelessSoundDetection.xml $PTII/ptolemy/domains/wireless/demo/WirelessSoundDetection/WirelessSoundDetection
Running .WirelessSoundDetection
ExportHTMLTimer went off after 30000 ms., calling getDirector().finish and getDirector().stopFire()
30000 ms. Memory: 1428480K Free: 622080K (44%)
Exported /home/travis/build/icyphy/ptII/ptolemy/domains/wireless/demo/WirelessSoundDetection/WirelessSoundDetection/index.html
34280 ms. Memory: 1428480K Free: 489984K (34%)
####### 25 Thu Oct 10 18:05:35 UTC 2019 $PTII/bin/ptinvoke ptolemy.vergil.basic.export.ExportModel -force htm -run -openComposites -timeOut 30000 -whiteBackground ptolemy/domains/wireless/demo/Zigbee/Zigbee.xml $PTII/ptolemy/domains/wireless/demo/Zigbee/Zigbee
Running .Zigbee
3949 ms. Memory: 1428480K Free: 781061K (55%)
Exported /home/travis/build/icyphy/ptII/ptolemy/domains/wireless/demo/Zigbee/Zigbee/index.html
41239 ms. Memory: 1428480K Free: 721156K (50%)
####### 26 Thu Oct 10 18:06:17 UTC 2019 $PTII/bin/ptinvoke ptolemy.vergil.basic.export.ExportModel -force htm  -openComposites -timeOut 30000 -whiteBackground ptolemy/matlab/demo/MatlabContinuous/MatlabContinuous.xml $PTII/ptolemy/matlab/demo/MatlabContinuous/MatlabContinuous
Warning: not running ptolemy/matlab/demo/MatlabContinuous/MatlabContinuous.xml. See ptolemy/vergil/basic/export/test/junit/ExportModelJUnitTest.java
Exported /home/travis/build/icyphy/ptII/ptolemy/matlab/demo/MatlabContinuous/MatlabContinuous/index.html
3158 ms. Memory: 1428480K Free: 563962K (39%)
####### 27 Thu Oct 10 18:06:20 UTC 2019 $PTII/bin/ptinvoke ptolemy.vergil.basic.export.ExportModel -force htm  -openComposites -timeOut 30000 -whiteBackground ptolemy/matlab/demo/MatlabExpression/MatlabExpression.xml $PTII/ptolemy/matlab/demo/MatlabExpression/MatlabExpression
Warning: not running ptolemy/matlab/demo/MatlabExpression/MatlabExpression.xml. See ptolemy/vergil/basic/export/test/junit/ExportModelJUnitTest.java
Exported /home/travis/build/icyphy/ptII/ptolemy/matlab/demo/MatlabExpression/MatlabExpression/index.html
3132 ms. Memory: 1428480K Free: 404732K (28%)
####### 28 Thu Oct 10 18:06:23 UTC 2019 $PTII/bin/ptinvoke ptolemy.vergil.basic.export.ExportModel -force htm -run -openComposites -timeOut 30000 -whiteBackground ptolemy/moml/demo/Networked/Networked.xml $PTII/ptolemy/moml/demo/Networked/Networked
TableauFrame._addMenus: configuration == null?
####### 29 Thu Oct 10 18:06:28 UTC 2019 $PTII/bin/ptinvoke ptolemy.vergil.basic.export.ExportModel -force htm -run -openComposites -timeOut 30000 -whiteBackground ptolemy/vergil/basic/export/html/demo/ExportExamples/ExportExample1.xml $PTII/ptolemy/vergil/basic/export/html/demo/ExportExamples/ExportExample1
Model ".ExportExample1" contains actors such cannot be run  as part of the export process from ExportModel or it has a WebExportParameters value that runBeforeExport set to false. To export run this model and export it, use vergil.
Exported /home/travis/build/icyphy/ptII/ptolemy/vergil/basic/export/html/demo/ExportExamples/ExportExample1/index.html
3292 ms. Memory: 1428480K Free: 1081086K (76%)
####### 30 Thu Oct 10 18:06:31 UTC 2019 $PTII/bin/ptinvoke ptolemy.vergil.basic.export.ExportModel -force htm -run -openComposites -timeOut 30000 -whiteBackground ptolemy/vergil/basic/export/html/demo/ExportExamples/ExportExample2.xml $PTII/ptolemy/vergil/basic/export/html/demo/ExportExamples/ExportExample2
Running .ExportExample2
6 ms. Memory: 1428480K Free: 969955K (68%)
Exported /home/travis/build/icyphy/ptII/ptolemy/vergil/basic/export/html/demo/ExportExamples/ExportExample2/index.html
4256 ms. Memory: 1428480K Free: 933527K (65%)
####### 31 Thu Oct 10 18:06:35 UTC 2019 $PTII/bin/ptinvoke ptolemy.vergil.basic.export.ExportModel -force htm -run -openComposites -timeOut 30000 -whiteBackground ptolemy/vergil/basic/export/html/demo/ExportExamples/ExportExample3.xml $PTII/ptolemy/vergil/basic/export/html/demo/ExportExamples/ExportExample3
Model ".ExportExample3" contains actors such cannot be run  as part of the export process from ExportModel or it has a WebExportParameters value that runBeforeExport set to false. To export run this model and export it, use vergil.
Exported /home/travis/build/icyphy/ptII/ptolemy/vergil/basic/export/html/demo/ExportExamples/ExportExample3/index.html
3336 ms. Memory: 1428480K Free: 824570K (58%)
####### 32 Thu Oct 10 18:06:39 UTC 2019 $PTII/bin/ptinvoke ptolemy.vergil.basic.export.ExportModel -force htm -run -openComposites -timeOut 30000 -whiteBackground ptolemy/vergil/basic/export/html/demo/ExportExamples/ExportExample4.xml $PTII/ptolemy/vergil/basic/export/html/demo/ExportExamples/ExportExample4
Model ".ExportExample4" contains actors such cannot be run  as part of the export process from ExportModel or it has a WebExportParameters value that runBeforeExport set to false. To export run this model and export it, use vergil.
Exported /home/travis/build/icyphy/ptII/ptolemy/vergil/basic/export/html/demo/ExportExamples/ExportExample4/index.html
3174 ms. Memory: 1428480K Free: 714988K (50%)
####### 33 Thu Oct 10 18:06:42 UTC 2019 $PTII/bin/ptinvoke ptolemy.vergil.basic.export.ExportModel -force htm -run -openComposites -timeOut 30000 -whiteBackground ptolemy/vergil/basic/export/html/demo/ExportExamples/ExportExample5.xml $PTII/ptolemy/vergil/basic/export/html/demo/ExportExamples/ExportExample5
Running .ExportExample5
16 ms. Memory: 1428480K Free: 623848K (44%)
Exported /home/travis/build/icyphy/ptII/ptolemy/vergil/basic/export/html/demo/ExportExamples/ExportExample5/index.html
4264 ms. Memory: 1428480K Free: 547049K (38%)
####### 34 Thu Oct 10 18:06:46 UTC 2019 $PTII/bin/ptinvoke ptolemy.vergil.basic.export.ExportModel -force htm  -openComposites -timeOut 30000 -whiteBackground ptolemy/vergil/basic/export/html/demo/ExportExamples/ExportExamples.xml $PTII/ptolemy/vergil/basic/export/html/demo/ExportExamples/ExportExamples
Warning: not running ptolemy/vergil/basic/export/html/demo/ExportExamples/ExportExamples.xml. See ptolemy/vergil/basic/export/test/junit/ExportModelJUnitTest.java
Exported /home/travis/build/icyphy/ptII/ptolemy/vergil/basic/export/html/demo/ExportExamples/ExportExamples/index.html
3212 ms. Memory: 1428480K Free: 432372K (30%)
####### 35 Thu Oct 10 18:06:49 UTC 2019 $PTII/bin/ptinvoke ptolemy.vergil.basic.export.ExportModel -force htm  -openComposites -timeOut 30000 -whiteBackground ptolemy/vergil/basic/export/html/demo/PageAssembler/PageAssembler.xml $PTII/ptolemy/vergil/basic/export/html/demo/PageAssembler/PageAssembler
Warning: not running ptolemy/vergil/basic/export/html/demo/PageAssembler/PageAssembler.xml. See ptolemy/vergil/basic/export/test/junit/ExportModelJUnitTest.java
Exported /home/travis/build/icyphy/ptII/ptolemy/vergil/basic/export/html/demo/PageAssembler/PageAssembler/index.html
3213 ms. Memory: 1428480K Free: 277730K (19%)
####### 36 Thu Oct 10 18:06:53 UTC 2019 $PTII/bin/ptinvoke ptolemy.vergil.basic.export.ExportModel -force htm  -openComposites -timeOut 30000 -whiteBackground ptolemy/vergil/basic/imprt/g4ltl/demo/Arbitor/Arbitor.xml $PTII/ptolemy/vergil/basic/imprt/g4ltl/demo/Arbitor/Arbitor
Warning: not running ptolemy/vergil/basic/imprt/g4ltl/demo/Arbitor/Arbitor.xml. See ptolemy/vergil/basic/export/test/junit/ExportModelJUnitTest.java
Exported /home/travis/build/icyphy/ptII/ptolemy/vergil/basic/imprt/g4ltl/demo/Arbitor/Arbitor/index.html
3266 ms. Memory: 1428480K Free: 952558K (67%)
####### 37 Thu Oct 10 18:06:56 UTC 2019 $PTII/bin/ptinvoke ptolemy.vergil.basic.export.ExportModel -force htm  -openComposites -timeOut 30000 -whiteBackground ptolemy/vergil/basic/imprt/g4ltl/demo/AutomaticDoor/AutomaticDoor.xml $PTII/ptolemy/vergil/basic/imprt/g4ltl/demo/AutomaticDoor/AutomaticDoor
Warning: not running ptolemy/vergil/basic/imprt/g4ltl/demo/AutomaticDoor/AutomaticDoor.xml. See ptolemy/vergil/basic/export/test/junit/ExportModelJUnitTest.java
Exported /home/travis/build/icyphy/ptII/ptolemy/vergil/basic/imprt/g4ltl/demo/AutomaticDoor/AutomaticDoor/index.html
3167 ms. Memory: 1428480K Free: 710393K (50%)
####### 38 Thu Oct 10 18:06:59 UTC 2019 $PTII/bin/ptinvoke ptolemy.vergil.basic.export.ExportModel -force htm  -openComposites -timeOut 30000 -whiteBackground ptolemy/vergil/basic/imprt/g4ltl/demo/ErrorHandling/ErrorHandling.xml $PTII/ptolemy/vergil/basic/imprt/g4ltl/demo/ErrorHandling/ErrorHandling
Warning: not running ptolemy/vergil/basic/imprt/g4ltl/demo/ErrorHandling/ErrorHandling.xml. See ptolemy/vergil/basic/export/test/junit/ExportModelJUnitTest.java
Exported /home/travis/build/icyphy/ptII/ptolemy/vergil/basic/imprt/g4ltl/demo/ErrorHandling/ErrorHandling/index.html
3268 ms. Memory: 1428480K Free: 471284K (33%)
####### 39 Thu Oct 10 18:07:02 UTC 2019 $PTII/bin/ptinvoke ptolemy.vergil.basic.export.ExportModel -force htm  -openComposites -timeOut 30000 -whiteBackground ptolemy/vergil/basic/imprt/g4ltl/demo/ErrorHandling/ErrorHandlingSynthesized.xml $PTII/ptolemy/vergil/basic/imprt/g4ltl/demo/ErrorHandling/ErrorHandlingSynthesized
Warning: not running ptolemy/vergil/basic/imprt/g4ltl/demo/ErrorHandling/ErrorHandlingSynthesized.xml. See ptolemy/vergil/basic/export/test/junit/ExportModelJUnitTest.java
Exported /home/travis/build/icyphy/ptII/ptolemy/vergil/basic/imprt/g4ltl/demo/ErrorHandling/ErrorHandlingSynthesized/index.html
3805 ms. Memory: 1428480K Free: 729103K (51%)
####### 40 Thu Oct 10 18:07:06 UTC 2019 $PTII/bin/ptinvoke ptolemy.vergil.basic.export.ExportModel -force htm  -openComposites -timeOut 30000 -whiteBackground ptolemy/vergil/basic/imprt/g4ltl/demo/HydraulicRamp/HydraulicRamp.xml $PTII/ptolemy/vergil/basic/imprt/g4ltl/demo/HydraulicRamp/HydraulicRamp
Warning: not running ptolemy/vergil/basic/imprt/g4ltl/demo/HydraulicRamp/HydraulicRamp.xml. See ptolemy/vergil/basic/export/test/junit/ExportModelJUnitTest.java
Exported /home/travis/build/icyphy/ptII/ptolemy/vergil/basic/imprt/g4ltl/demo/HydraulicRamp/HydraulicRamp/index.html
3170 ms. Memory: 1428480K Free: 492565K (34%)
####### 41 Thu Oct 10 18:07:09 UTC 2019 $PTII/bin/ptinvoke ptolemy.vergil.basic.export.ExportModel -force htm  -openComposites -timeOut 30000 -whiteBackground ptolemy/vergil/basic/imprt/g4ltl/demo/Numerical/Numerical.xml $PTII/ptolemy/vergil/basic/imprt/g4ltl/demo/Numerical/Numerical
Warning: not running ptolemy/vergil/basic/imprt/g4ltl/demo/Numerical/Numerical.xml. See ptolemy/vergil/basic/export/test/junit/ExportModelJUnitTest.java
Exported /home/travis/build/icyphy/ptII/ptolemy/vergil/basic/imprt/g4ltl/demo/Numerical/Numerical/index.html
3596 ms. Memory: 1428480K Free: 847700K (59%)
####### 42 Thu Oct 10 18:07:13 UTC 2019 $PTII/bin/ptinvoke ptolemy.vergil.basic.export.ExportModel -force htm  -openComposites -timeOut 30000 -whiteBackground ptolemy/vergil/basic/imprt/g4ltl/demo/PriorityArbitor/PriorityArbitor.xml $PTII/ptolemy/vergil/basic/imprt/g4ltl/demo/PriorityArbitor/PriorityArbitor
Warning: not running ptolemy/vergil/basic/imprt/g4ltl/demo/PriorityArbitor/PriorityArbitor.xml. See ptolemy/vergil/basic/export/test/junit/ExportModelJUnitTest.java
Exported /home/travis/build/icyphy/ptII/ptolemy/vergil/basic/imprt/g4ltl/demo/PriorityArbitor/PriorityArbitor/index.html
3153 ms. Memory: 1428480K Free: 638322K (45%)
####### 43 Thu Oct 10 18:07:16 UTC 2019 $PTII/bin/ptinvoke ptolemy.vergil.basic.export.ExportModel -force htm -run -openComposites -timeOut 30000 -whiteBackground ptolemy/vergil/kernel/attributes/demo/AnimateVergil/AnimateVergil.xml $PTII/ptolemy/vergil/kernel/attributes/demo/AnimateVergil/AnimateVergil
Running .AnimateVergil
2015 ms. Memory: 1428480K Free: 536443K (38%)
Exported /home/travis/build/icyphy/ptII/ptolemy/vergil/kernel/attributes/demo/AnimateVergil/AnimateVergil/index.html
6184 ms. Memory: 1428480K Free: 509810K (36%)
####### 44 Thu Oct 10 18:07:22 UTC 2019 $PTII/bin/ptinvoke ptolemy.vergil.basic.export.ExportModel -force htm  -openComposites -timeOut 30000 -whiteBackground ptolemy/verification/demo/iRobotHillClimbing/iRobotCreateVerification.xml $PTII/ptolemy/verification/demo/iRobotHillClimbing/iRobotCreateVerification
Warning: not running ptolemy/verification/demo/iRobotHillClimbing/iRobotCreateVerification.xml. See ptolemy/vergil/basic/export/test/junit/ExportModelJUnitTest.java
Exported /home/travis/build/icyphy/ptII/ptolemy/verification/demo/iRobotHillClimbing/iRobotCreateVerification/index.html
5575 ms. Memory: 1428480K Free: 948847K (66%)
####### 45 Thu Oct 10 18:07:28 UTC 2019 $PTII/bin/ptinvoke ptolemy.vergil.basic.export.ExportModel -force htm -run -openComposites -timeOut 30000 -whiteBackground ptolemy/verification/demo/RailroadControl/RailroadControl.xml $PTII/ptolemy/verification/demo/RailroadControl/RailroadControl
Running .RailroadControl
ExportHTMLTimer went off after 30000 ms., calling getDirector().finish and getDirector().stopFire()
30001 ms. Memory: 1428480K Free: 639744K (45%)
Exported /home/travis/build/icyphy/ptII/ptolemy/verification/demo/RailroadControl/RailroadControl/index.html
34268 ms. Memory: 1428480K Free: 468212K (33%)
####### 46 Thu Oct 10 18:08:02 UTC 2019 $PTII/bin/ptinvoke ptolemy.vergil.basic.export.ExportModel -force htm -run -openComposites -timeOut 30000 -whiteBackground ptolemy/verification/demo/SimpleTrafficLight/SimpleTrafficLight.xml $PTII/ptolemy/verification/demo/SimpleTrafficLight/SimpleTrafficLight
Running .SimpleTrafficLight
ExportHTMLTimer went off after 30000 ms., calling getDirector().finish and getDirector().stopFire()
30004 ms. Memory: 1428480K Free: 333568K (23%)
Exported /home/travis/build/icyphy/ptII/ptolemy/verification/demo/SimpleTrafficLight/SimpleTrafficLight/index.html
34326 ms. Memory: 1428480K Free: 1096031K (77%)
####### 47 Thu Oct 10 18:08:36 UTC 2019 $PTII/bin/ptinvoke ptolemy.vergil.basic.export.ExportModel -force htm -run -openComposites -timeOut 30000 -whiteBackground ptolemy/verification/demo/SimpleTrafficLight/SimpleTrafficLightDECTA.xml $PTII/ptolemy/verification/demo/SimpleTrafficLight/SimpleTrafficLightDECTA
Running .SimpleTrafficLightDECTA
ExportHTMLTimer went off after 30000 ms., calling getDirector().finish and getDirector().stopFire()
30012 ms. Memory: 1428480K Free: 988004K (69%)
Exported /home/travis/build/icyphy/ptII/ptolemy/verification/demo/SimpleTrafficLight/SimpleTrafficLightDECTA/index.html
34254 ms. Memory: 1428480K Free: 653142K (46%)
####### 48 Thu Oct 10 18:09:11 UTC 2019 $PTII/bin/ptinvoke ptolemy.vergil.basic.export.ExportModel -force htm -run -openComposites -timeOut 30000 -whiteBackground ptolemy/verification/demo/SimpleTrafficLight/SimpleTrafficLightGraphicalSpec.xml $PTII/ptolemy/verification/demo/SimpleTrafficLight/SimpleTrafficLightGraphicalSpec
Running .SimpleTrafficLightGraphicalSpec
ExportHTMLTimer went off after 30000 ms., calling getDirector().finish and getDirector().stopFire()
30010 ms. Memory: 1428480K Free: 512870K (36%)
Exported /home/travis/build/icyphy/ptII/ptolemy/verification/demo/SimpleTrafficLight/SimpleTrafficLightGraphicalSpec/index.html
34271 ms. Memory: 1428480K Free: 418636K (29%)
####### 49 Thu Oct 10 18:09:45 UTC 2019 $PTII/bin/ptinvoke ptolemy.vergil.basic.export.ExportModel -force htm -run -openComposites -timeOut 30000 -whiteBackground ptolemy/verification/demo/SimpleTrafficLight/SimpleTrafficLightRTMaudeCG.xml $PTII/ptolemy/verification/demo/SimpleTrafficLight/SimpleTrafficLightRTMaudeCG
Running .SimpleTrafficLightRTMaudeCG
71 ms. Memory: 1428480K Free: 309094K (22%)
Exported /home/travis/build/icyphy/ptII/ptolemy/verification/demo/SimpleTrafficLight/SimpleTrafficLightRTMaudeCG/index.html
4415 ms. Memory: 1428480K Free: 1000617K (70%)
####### 50 Thu Oct 10 18:09:49 UTC 2019 $PTII/bin/ptinvoke ptolemy.vergil.basic.export.ExportModel -force htm  -openComposites -timeOut 30000 -whiteBackground ptolemy/verification/demo/SimpleTrafficLight/SimpleTrafficLightSMVModule.xml $PTII/ptolemy/verification/demo/SimpleTrafficLight/SimpleTrafficLightSMVModule
Warning: not running ptolemy/verification/demo/SimpleTrafficLight/SimpleTrafficLightSMVModule.xml. See ptolemy/vergil/basic/export/test/junit/ExportModelJUnitTest.java
Exported /home/travis/build/icyphy/ptII/ptolemy/verification/demo/SimpleTrafficLight/SimpleTrafficLightSMVModule/index.html
3247 ms. Memory: 1428480K Free: 814292K (57%)
]]></system-out>
  <system-err><![CDATA[ptolemy.kernel.util.InternalErrorException: Element <entity name="Remotely Defined Signal Source" class="Waveform" source="http://ptolemy.eecs.berkeley.edu/xml/models/Waveform.xml"> caused an exception to be thrown.
  in .Networked
Because:
Cannot find class: Waveform. In Ptolemy, classes are typically Java .class files. Entities like actors may instead be defined within a .xml file.  In any case, the class was not found. If the class uses a third party package, then the class would be present only if the third party package was found at compile time.  It may be necessary to upgrade Java or install the third party package, reconfigure and recompile.
Because:
-- Server returned HTTP response code: 503 for URL: http://ptolemy.eecs.berkeley.edu/xml/models/Waveform.xml
-- XML file not found relative to classpath.
-- /home/travis/build/icyphy/ptII/ptolemy/vergil/basic/export/test/http://ptolemy.eecs.berkeley.edu/xml/models/Waveform.xml
Server returned HTTP response code: 503 for URL: http://ptolemy.eecs.berkeley.edu/xml/models/Waveform.xml
 in file:/home/travis/build/icyphy/ptII/ptolemy/moml/demo/Networked/Networked.xml at line 201 and column 118
	at ptolemy.moml.SimpleErrorHandler.handleError(SimpleErrorHandler.java:75)
	at ptolemy.moml.MoMLParser.startElement(MoMLParser.java:3805)
	at com.microstar.xml.XmlParser.parseElement(XmlParser.java:921)
	at com.microstar.xml.XmlParser.parseContent(XmlParser.java:1104)
	at com.microstar.xml.XmlParser.parseElement(XmlParser.java:924)
	at com.microstar.xml.XmlParser.parseDocument(XmlParser.java:481)
	at com.microstar.xml.XmlParser.doParse(XmlParser.java:159)
	at com.microstar.xml.XmlParser.parse(XmlParser.java:132)
	at ptolemy.moml.MoMLParser.parse(MoMLParser.java:1676)
	at ptolemy.moml.MoMLParser.parse(MoMLParser.java:1595)
	at ptolemy.moml.MoMLParser.parse(MoMLParser.java:1537)
	at ptolemy.actor.gui.PtolemyEffigy$Factory.createEffigy(PtolemyEffigy.java:424)
	at ptolemy.actor.gui.EffigyFactory.createEffigy(EffigyFactory.java:234)
	at ptolemy.actor.gui.Configuration.openModel(Configuration.java:1126)
	at ptolemy.actor.gui.Configuration.openModel(Configuration.java:1052)
	at ptolemy.actor.gui.ConfigurationApplication._openModel(ConfigurationApplication.java:1261)
	at ptolemy.actor.gui.ConfigurationApplication._parseArg(ConfigurationApplication.java:1408)
	at ptolemy.actor.gui.ConfigurationApplication._parseArgs(ConfigurationApplication.java:1487)
	at ptolemy.actor.gui.ConfigurationApplication.<init>(ConfigurationApplication.java:286)
	at ptolemy.actor.gui.ConfigurationApplication.<init>(ConfigurationApplication.java:214)
	at ptolemy.actor.gui.ConfigurationApplication.<init>(ConfigurationApplication.java:201)
	at ptolemy.actor.gui.ConfigurationApplication.openModelOrEntity(ConfigurationApplication.java:689)
	at ptolemy.vergil.basic.export.ExportModel$1.run(ExportModel.java:220)
	at java.desktop/java.awt.event.InvocationEvent.dispatch(InvocationEvent.java:303)
	at java.desktop/java.awt.EventQueue.dispatchEventImpl(EventQueue.java:770)
	at java.desktop/java.awt.EventQueue$4.run(EventQueue.java:721)
	at java.desktop/java.awt.EventQueue$4.run(EventQueue.java:715)
	at java.base/java.security.AccessController.doPrivileged(Native Method)
	at java.base/java.security.ProtectionDomain$JavaSecurityAccessImpl.doIntersectionPrivilege(ProtectionDomain.java:85)
	at java.desktop/java.awt.EventQueue.dispatchEvent(EventQueue.java:740)
	at java.desktop/java.awt.EventDispatchThread.pumpOneEventForFilters(EventDispatchThread.java:203)
	at java.desktop/java.awt.EventDispatchThread.pumpEventsForFilter(EventDispatchThread.java:124)
	at java.desktop/java.awt.EventDispatchThread.pumpEventsForHierarchy(EventDispatchThread.java:113)
	at java.desktop/java.awt.EventDispatchThread.pumpEvents(EventDispatchThread.java:109)
	at java.desktop/java.awt.EventDispatchThread.pumpEvents(EventDispatchThread.java:101)
	at java.desktop/java.awt.EventDispatchThread.run(EventDispatchThread.java:90)
Caused by: ptolemy.kernel.util.IllegalActionException: Cannot find class: Waveform. In Ptolemy, classes are typically Java .class files. Entities like actors may instead be defined within a .xml file.  In any case, the class was not found. If the class uses a third party package, then the class would be present only if the third party package was found at compile time.  It may be necessary to upgrade Java or install the third party package, reconfigure and recompile.
Because:
-- Server returned HTTP response code: 503 for URL: http://ptolemy.eecs.berkeley.edu/xml/models/Waveform.xml
-- XML file not found relative to classpath.
-- /home/travis/build/icyphy/ptII/ptolemy/vergil/basic/export/test/http://ptolemy.eecs.berkeley.edu/xml/models/Waveform.xml
Server returned HTTP response code: 503 for URL: http://ptolemy.eecs.berkeley.edu/xml/models/Waveform.xml
 in file:/home/travis/build/icyphy/ptII/ptolemy/moml/demo/Networked/Networked.xml at line 201 and column 118
	at ptolemy.moml.MoMLParser._createEntity(MoMLParser.java:4330)
	at ptolemy.moml.MoMLParser.startElement(MoMLParser.java:2864)
	... 34 more
Caused by: com.microstar.xml.XmlException: -- Server returned HTTP response code: 503 for URL: http://ptolemy.eecs.berkeley.edu/xml/models/Waveform.xml
-- XML file not found relative to classpath.
-- /home/travis/build/icyphy/ptII/ptolemy/vergil/basic/export/test/http://ptolemy.eecs.berkeley.edu/xml/models/Waveform.xml
Server returned HTTP response code: 503 for URL: http://ptolemy.eecs.berkeley.edu/xml/models/Waveform.xml
 in file:/home/travis/build/icyphy/ptII/ptolemy/moml/demo/Networked/Networked.xml at line 201 and column 118
	at ptolemy.moml.MoMLParser.fileNameToURL(MoMLParser.java:1414)
	at ptolemy.moml.MoMLParser._findOrParse(MoMLParser.java:5283)
	at ptolemy.moml.MoMLParser._attemptToFindMoMLClass(MoMLParser.java:4075)
	at ptolemy.moml.MoMLParser._createEntity(MoMLParser.java:4323)
	... 35 more
Caused by: ptolemy.kernel.util.IllegalActionException: Cannot find class: Waveform. In Ptolemy, classes are typically Java .class files. Entities like actors may instead be defined within a .xml file.  In any case, the class was not found. If the class uses a third party package, then the class would be present only if the third party package was found at compile time.  It may be necessary to upgrade Java or install the third party package, reconfigure and recompile.
Because:
-- Server returned HTTP response code: 503 for URL: http://ptolemy.eecs.berkeley.edu/xml/models/Waveform.xml
-- XML file not found relative to classpath.
-- /home/travis/build/icyphy/ptII/ptolemy/vergil/basic/export/test/http://ptolemy.eecs.berkeley.edu/xml/models/Waveform.xml
Server returned HTTP response code: 503 for URL: http://ptolemy.eecs.berkeley.edu/xml/models/Waveform.xml
 in file:/home/travis/build/icyphy/ptII/ptolemy/moml/demo/Networked/Networked.xml at line 201 and column 118
	at ptolemy.moml.MoMLParser._createEntity(MoMLParser.java:4330)
	at ptolemy.moml.MoMLParser.startElement(MoMLParser.java:2864)
	at com.microstar.xml.XmlParser.parseElement(XmlParser.java:921)
	at com.microstar.xml.XmlParser.parseContent(XmlParser.java:1104)
	at com.microstar.xml.XmlParser.parseElement(XmlParser.java:924)
	at com.microstar.xml.XmlParser.parseDocument(XmlParser.java:481)
	at com.microstar.xml.XmlParser.doParse(XmlParser.java:159)
	at com.microstar.xml.XmlParser.parse(XmlParser.java:132)
	at ptolemy.moml.MoMLParser.parse(MoMLParser.java:1676)
	at ptolemy.moml.MoMLParser.parse(MoMLParser.java:1595)
	at ptolemy.moml.MoMLParser.parse(MoMLParser.java:1537)
	at ptolemy.actor.gui.PtolemyEffigy$Factory.createEffigy(PtolemyEffigy.java:424)
	at ptolemy.actor.gui.EffigyFactory.createEffigy(EffigyFactory.java:234)
	at ptolemy.actor.gui.Configuration.openModel(Configuration.java:1126)
	at ptolemy.actor.gui.Configuration.openModel(Configuration.java:1052)
	at ptolemy.actor.gui.ConfigurationApplication._openModel(ConfigurationApplication.java:1261)
	at ptolemy.actor.gui.ConfigurationApplication._parseArg(ConfigurationApplication.java:1408)
	at ptolemy.actor.gui.ConfigurationApplication._parseArgs(ConfigurationApplication.java:1487)
	at ptolemy.actor.gui.ConfigurationApplication.<init>(ConfigurationApplication.java:286)
	at ptolemy.actor.gui.ConfigurationApplication.<init>(ConfigurationApplication.java:214)
	at ptolemy.actor.gui.ConfigurationApplication.<init>(ConfigurationApplication.java:201)
	at ptolemy.actor.gui.ConfigurationApplication.openModelOrEntity(ConfigurationApplication.java:689)
	at ptolemy.vergil.basic.export.ExportModel$1.run(ExportModel.java:220)
	at java.desktop/java.awt.event.InvocationEvent.dispatch(InvocationEvent.java:303)
	at java.desktop/java.awt.EventQueue.dispatchEventImpl(EventQueue.java:770)
	at java.desktop/java.awt.EventQueue$4.run(EventQueue.java:721)
	at java.desktop/java.awt.EventQueue$4.run(EventQueue.java:715)
	at java.base/java.security.AccessController.doPrivileged(Native Method)
	at java.base/java.security.ProtectionDomain$JavaSecurityAccessImpl.doIntersectionPrivilege(ProtectionDomain.java:85)
	at java.desktop/java.awt.EventQueue.dispatchEvent(EventQueue.java:740)
	at java.desktop/java.awt.EventDispatchThread.pumpOneEventForFilters(EventDispatchThread.java:203)
	at java.desktop/java.awt.EventDispatchThread.pumpEventsForFilter(EventDispatchThread.java:124)
	at java.desktop/java.awt.EventDispatchThread.pumpEventsForHierarchy(EventDispatchThread.java:113)
	at java.desktop/java.awt.EventDispatchThread.pumpEvents(EventDispatchThread.java:109)
	at java.desktop/java.awt.EventDispatchThread.pumpEvents(EventDispatchThread.java:101)
	at java.desktop/java.awt.EventDispatchThread.run(EventDispatchThread.java:90)
Caused by: com.microstar.xml.XmlException: -- Server returned HTTP response code: 503 for URL: http://ptolemy.eecs.berkeley.edu/xml/models/Waveform.xml
-- XML file not found relative to classpath.
-- /home/travis/build/icyphy/ptII/ptolemy/vergil/basic/export/test/http://ptolemy.eecs.berkeley.edu/xml/models/Waveform.xml
Server returned HTTP response code: 503 for URL: http://ptolemy.eecs.berkeley.edu/xml/models/Waveform.xml
 in file:/home/travis/build/icyphy/ptII/ptolemy/moml/demo/Networked/Networked.xml at line 201 and column 118
	at ptolemy.moml.MoMLParser.fileNameToURL(MoMLParser.java:1414)
	at ptolemy.moml.MoMLParser._findOrParse(MoMLParser.java:5283)
	at ptolemy.moml.MoMLParser._attemptToFindMoMLClass(MoMLParser.java:4075)
	at ptolemy.moml.MoMLParser._createEntity(MoMLParser.java:4323)
	... 35 more
Caused by: com.microstar.xml.XmlException: -- Server returned HTTP response code: 503 for URL: http://ptolemy.eecs.berkeley.edu/xml/models/Waveform.xml
-- XML file not found relative to classpath.
-- /home/travis/build/icyphy/ptII/ptolemy/vergil/basic/export/test/http://ptolemy.eecs.berkeley.edu/xml/models/Waveform.xml
Server returned HTTP response code: 503 for URL: http://ptolemy.eecs.berkeley.edu/xml/models/Waveform.xml
 in file:/home/travis/build/icyphy/ptII/ptolemy/moml/demo/Networked/Networked.xml at line 201 and column 118
	at ptolemy.moml.MoMLParser.fileNameToURL(MoMLParser.java:1414)
	at ptolemy.moml.MoMLParser._findOrParse(MoMLParser.java:5283)
	at ptolemy.moml.MoMLParser._attemptToFindMoMLClass(MoMLParser.java:4075)
	at ptolemy.moml.MoMLParser._createEntity(MoMLParser.java:4323)
	at ptolemy.moml.MoMLParser.startElement(MoMLParser.java:2864)
	at com.microstar.xml.XmlParser.parseElement(XmlParser.java:921)
	at com.microstar.xml.XmlParser.parseContent(XmlParser.java:1104)
	at com.microstar.xml.XmlParser.parseElement(XmlParser.java:924)
	at com.microstar.xml.XmlParser.parseDocument(XmlParser.java:481)
	at com.microstar.xml.XmlParser.doParse(XmlParser.java:159)
	at com.microstar.xml.XmlParser.parse(XmlParser.java:132)
	at ptolemy.moml.MoMLParser.parse(MoMLParser.java:1676)
	at ptolemy.moml.MoMLParser.parse(MoMLParser.java:1595)
	at ptolemy.moml.MoMLParser.parse(MoMLParser.java:1537)
	at ptolemy.actor.gui.PtolemyEffigy$Factory.createEffigy(PtolemyEffigy.java:424)
	at ptolemy.actor.gui.EffigyFactory.createEffigy(EffigyFactory.java:234)
	at ptolemy.actor.gui.Configuration.openModel(Configuration.java:1126)
	at ptolemy.actor.gui.Configuration.openModel(Configuration.java:1052)
	at ptolemy.actor.gui.ConfigurationApplication._openModel(ConfigurationApplication.java:1261)
	at ptolemy.actor.gui.ConfigurationApplication._parseArg(ConfigurationApplication.java:1408)
	at ptolemy.actor.gui.ConfigurationApplication._parseArgs(ConfigurationApplication.java:1487)
	at ptolemy.actor.gui.ConfigurationApplication.<init>(ConfigurationApplication.java:286)
	at ptolemy.actor.gui.ConfigurationApplication.<init>(ConfigurationApplication.java:214)
	at ptolemy.actor.gui.ConfigurationApplication.<init>(ConfigurationApplication.java:201)
	at ptolemy.actor.gui.ConfigurationApplication.openModelOrEntity(ConfigurationApplication.java:689)
	at ptolemy.vergil.basic.export.ExportModel$1.run(ExportModel.java:220)
	at java.desktop/java.awt.event.InvocationEvent.dispatch(InvocationEvent.java:303)
	at java.desktop/java.awt.EventQueue.dispatchEventImpl(EventQueue.java:770)
	at java.desktop/java.awt.EventQueue$4.run(EventQueue.java:721)
	at java.desktop/java.awt.EventQueue$4.run(EventQueue.java:715)
	at java.base/java.security.AccessController.doPrivileged(Native Method)
	at java.base/java.security.ProtectionDomain$JavaSecurityAccessImpl.doIntersectionPrivilege(ProtectionDomain.java:85)
	at java.desktop/java.awt.EventQueue.dispatchEvent(EventQueue.java:740)
	at java.desktop/java.awt.EventDispatchThread.pumpOneEventForFilters(EventDispatchThread.java:203)
	at java.desktop/java.awt.EventDispatchThread.pumpEventsForFilter(EventDispatchThread.java:124)
	at java.desktop/java.awt.EventDispatchThread.pumpEventsForHierarchy(EventDispatchThread.java:113)
	at java.desktop/java.awt.EventDispatchThread.pumpEvents(EventDispatchThread.java:109)
	at java.desktop/java.awt.EventDispatchThread.pumpEvents(EventDispatchThread.java:101)
	at java.desktop/java.awt.EventDispatchThread.run(EventDispatchThread.java:90)
Failed to read file:/home/travis/build/icyphy/ptII/ptolemy/moml/demo/Networked/Networked.xml
ptolemy.kernel.util.InternalErrorException: Element <entity name="Remotely Defined Signal Source" class="Waveform" source="http://ptolemy.eecs.berkeley.edu/xml/models/Waveform.xml"> caused an exception to be thrown.
  in .Networked
Because:
Cannot find class: Waveform. In Ptolemy, classes are typically Java .class files. Entities like actors may instead be defined within a .xml file.  In any case, the class was not found. If the class uses a third party package, then the class would be present only if the third party package was found at compile time.  It may be necessary to upgrade Java or install the third party package, reconfigure and recompile.
Because:
-- Server returned HTTP response code: 503 for URL: http://ptolemy.eecs.berkeley.edu/xml/models/Waveform.xml
-- XML file not found relative to classpath.
-- /home/travis/build/icyphy/ptII/ptolemy/vergil/basic/export/test/http://ptolemy.eecs.berkeley.edu/xml/models/Waveform.xml
Server returned HTTP response code: 503 for URL: http://ptolemy.eecs.berkeley.edu/xml/models/Waveform.xml
 in file:/home/travis/build/icyphy/ptII/ptolemy/moml/demo/Networked/Networked.xml at line 201 and column 118
	at ptolemy.moml.SimpleErrorHandler.handleError(SimpleErrorHandler.java:75)
	at ptolemy.moml.MoMLParser.startElement(MoMLParser.java:3805)
	at com.microstar.xml.XmlParser.parseElement(XmlParser.java:921)
	at com.microstar.xml.XmlParser.parseContent(XmlParser.java:1104)
	at com.microstar.xml.XmlParser.parseElement(XmlParser.java:924)
	at com.microstar.xml.XmlParser.parseDocument(XmlParser.java:481)
	at com.microstar.xml.XmlParser.doParse(XmlParser.java:159)
	at com.microstar.xml.XmlParser.parse(XmlParser.java:132)
	at ptolemy.moml.MoMLParser.parse(MoMLParser.java:1676)
	at ptolemy.moml.MoMLParser.parse(MoMLParser.java:1595)
	at ptolemy.moml.MoMLParser.parse(MoMLParser.java:1537)
	at ptolemy.actor.gui.PtolemyEffigy$Factory.createEffigy(PtolemyEffigy.java:424)
	at ptolemy.actor.gui.EffigyFactory.createEffigy(EffigyFactory.java:234)
	at ptolemy.actor.gui.Configuration.openModel(Configuration.java:1126)
	at ptolemy.actor.gui.Configuration.openModel(Configuration.java:1052)
	at ptolemy.actor.gui.ConfigurationApplication._openModel(ConfigurationApplication.java:1261)
	at ptolemy.actor.gui.ConfigurationApplication._parseArg(ConfigurationApplication.java:1408)
	at ptolemy.actor.gui.ConfigurationApplication._parseArgs(ConfigurationApplication.java:1487)
	at ptolemy.actor.gui.ConfigurationApplication.<init>(ConfigurationApplication.java:286)
	at ptolemy.actor.gui.ConfigurationApplication.<init>(ConfigurationApplication.java:214)
	at ptolemy.actor.gui.ConfigurationApplication.<init>(ConfigurationApplication.java:201)
	at ptolemy.actor.gui.ConfigurationApplication.openModelOrEntity(ConfigurationApplication.java:689)
	at ptolemy.vergil.basic.export.ExportModel$1.run(ExportModel.java:220)
	at java.desktop/java.awt.event.InvocationEvent.dispatch(InvocationEvent.java:303)
	at java.desktop/java.awt.EventQueue.dispatchEventImpl(EventQueue.java:770)
	at java.desktop/java.awt.EventQueue$4.run(EventQueue.java:721)
	at java.desktop/java.awt.EventQueue$4.run(EventQueue.java:715)
	at java.base/java.security.AccessController.doPrivileged(Native Method)
	at java.base/java.security.ProtectionDomain$JavaSecurityAccessImpl.doIntersectionPrivilege(ProtectionDomain.java:85)
	at java.desktop/java.awt.EventQueue.dispatchEvent(EventQueue.java:740)
	at java.desktop/java.awt.EventDispatchThread.pumpOneEventForFilters(EventDispatchThread.java:203)
	at java.desktop/java.awt.EventDispatchThread.pumpEventsForFilter(EventDispatchThread.java:124)
	at java.desktop/java.awt.EventDispatchThread.pumpEventsForHierarchy(EventDispatchThread.java:113)
	at java.desktop/java.awt.EventDispatchThread.pumpEvents(EventDispatchThread.java:109)
	at java.desktop/java.awt.EventDispatchThread.pumpEvents(EventDispatchThread.java:101)
	at java.desktop/java.awt.EventDispatchThread.run(EventDispatchThread.java:90)
Caused by: ptolemy.kernel.util.IllegalActionException: Cannot find class: Waveform. In Ptolemy, classes are typically Java .class files. Entities like actors may instead be defined within a .xml file.  In any case, the class was not found. If the class uses a third party package, then the class would be present only if the third party package was found at compile time.  It may be necessary to upgrade Java or install the third party package, reconfigure and recompile.
Because:
-- Server returned HTTP response code: 503 for URL: http://ptolemy.eecs.berkeley.edu/xml/models/Waveform.xml
-- XML file not found relative to classpath.
-- /home/travis/build/icyphy/ptII/ptolemy/vergil/basic/export/test/http://ptolemy.eecs.berkeley.edu/xml/models/Waveform.xml
Server returned HTTP response code: 503 for URL: http://ptolemy.eecs.berkeley.edu/xml/models/Waveform.xml
 in file:/home/travis/build/icyphy/ptII/ptolemy/moml/demo/Networked/Networked.xml at line 201 and column 118
	at ptolemy.moml.MoMLParser._createEntity(MoMLParser.java:4330)
	at ptolemy.moml.MoMLParser.startElement(MoMLParser.java:2864)
	... 34 more
Caused by: com.microstar.xml.XmlException: -- Server returned HTTP response code: 503 for URL: http://ptolemy.eecs.berkeley.edu/xml/models/Waveform.xml
-- XML file not found relative to classpath.
-- /home/travis/build/icyphy/ptII/ptolemy/vergil/basic/export/test/http://ptolemy.eecs.berkeley.edu/xml/models/Waveform.xml
Server returned HTTP response code: 503 for URL: http://ptolemy.eecs.berkeley.edu/xml/models/Waveform.xml
 in file:/home/travis/build/icyphy/ptII/ptolemy/moml/demo/Networked/Networked.xml at line 201 and column 118
	at ptolemy.moml.MoMLParser.fileNameToURL(MoMLParser.java:1414)
	at ptolemy.moml.MoMLParser._findOrParse(MoMLParser.java:5283)
	at ptolemy.moml.MoMLParser._attemptToFindMoMLClass(MoMLParser.java:4075)
	at ptolemy.moml.MoMLParser._createEntity(MoMLParser.java:4323)
	... 35 more
Caused by: ptolemy.kernel.util.IllegalActionException: Cannot find class: Waveform. In Ptolemy, classes are typically Java .class files. Entities like actors may instead be defined within a .xml file.  In any case, the class was not found. If the class uses a third party package, then the class would be present only if the third party package was found at compile time.  It may be necessary to upgrade Java or install the third party package, reconfigure and recompile.
Because:
-- Server returned HTTP response code: 503 for URL: http://ptolemy.eecs.berkeley.edu/xml/models/Waveform.xml
-- XML file not found relative to classpath.
-- /home/travis/build/icyphy/ptII/ptolemy/vergil/basic/export/test/http://ptolemy.eecs.berkeley.edu/xml/models/Waveform.xml
Server returned HTTP response code: 503 for URL: http://ptolemy.eecs.berkeley.edu/xml/models/Waveform.xml
 in file:/home/travis/build/icyphy/ptII/ptolemy/moml/demo/Networked/Networked.xml at line 201 and column 118
	at ptolemy.moml.MoMLParser._createEntity(MoMLParser.java:4330)
	at ptolemy.moml.MoMLParser.startElement(MoMLParser.java:2864)
	at com.microstar.xml.XmlParser.parseElement(XmlParser.java:921)
	at com.microstar.xml.XmlParser.parseContent(XmlParser.java:1104)
	at com.microstar.xml.XmlParser.parseElement(XmlParser.java:924)
	at com.microstar.xml.XmlParser.parseDocument(XmlParser.java:481)
	at com.microstar.xml.XmlParser.doParse(XmlParser.java:159)
	at com.microstar.xml.XmlParser.parse(XmlParser.java:132)
	at ptolemy.moml.MoMLParser.parse(MoMLParser.java:1676)
	at ptolemy.moml.MoMLParser.parse(MoMLParser.java:1595)
	at ptolemy.moml.MoMLParser.parse(MoMLParser.java:1537)
	at ptolemy.actor.gui.PtolemyEffigy$Factory.createEffigy(PtolemyEffigy.java:424)
	at ptolemy.actor.gui.EffigyFactory.createEffigy(EffigyFactory.java:234)
	at ptolemy.actor.gui.Configuration.openModel(Configuration.java:1126)
	at ptolemy.actor.gui.Configuration.openModel(Configuration.java:1052)
	at ptolemy.actor.gui.ConfigurationApplication._openModel(ConfigurationApplication.java:1261)
	at ptolemy.actor.gui.ConfigurationApplication._parseArg(ConfigurationApplication.java:1408)
	at ptolemy.actor.gui.ConfigurationApplication._parseArgs(ConfigurationApplication.java:1487)
	at ptolemy.actor.gui.ConfigurationApplication.<init>(ConfigurationApplication.java:286)
	at ptolemy.actor.gui.ConfigurationApplication.<init>(ConfigurationApplication.java:214)
	at ptolemy.actor.gui.ConfigurationApplication.<init>(ConfigurationApplication.java:201)
	at ptolemy.actor.gui.ConfigurationApplication.openModelOrEntity(ConfigurationApplication.java:689)
	at ptolemy.vergil.basic.export.ExportModel$1.run(ExportModel.java:220)
	at java.desktop/java.awt.event.InvocationEvent.dispatch(InvocationEvent.java:303)
	at java.desktop/java.awt.EventQueue.dispatchEventImpl(EventQueue.java:770)
	at java.desktop/java.awt.EventQueue$4.run(EventQueue.java:721)
	at java.desktop/java.awt.EventQueue$4.run(EventQueue.java:715)
	at java.base/java.security.AccessController.doPrivileged(Native Method)
	at java.base/java.security.ProtectionDomain$JavaSecurityAccessImpl.doIntersectionPrivilege(ProtectionDomain.java:85)
	at java.desktop/java.awt.EventQueue.dispatchEvent(EventQueue.java:740)
	at java.desktop/java.awt.EventDispatchThread.pumpOneEventForFilters(EventDispatchThread.java:203)
	at java.desktop/java.awt.EventDispatchThread.pumpEventsForFilter(EventDispatchThread.java:124)
	at java.desktop/java.awt.EventDispatchThread.pumpEventsForHierarchy(EventDispatchThread.java:113)
	at java.desktop/java.awt.EventDispatchThread.pumpEvents(EventDispatchThread.java:109)
	at java.desktop/java.awt.EventDispatchThread.pumpEvents(EventDispatchThread.java:101)
	at java.desktop/java.awt.EventDispatchThread.run(EventDispatchThread.java:90)
Caused by: com.microstar.xml.XmlException: -- Server returned HTTP response code: 503 for URL: http://ptolemy.eecs.berkeley.edu/xml/models/Waveform.xml
-- XML file not found relative to classpath.
-- /home/travis/build/icyphy/ptII/ptolemy/vergil/basic/export/test/http://ptolemy.eecs.berkeley.edu/xml/models/Waveform.xml
Server returned HTTP response code: 503 for URL: http://ptolemy.eecs.berkeley.edu/xml/models/Waveform.xml
 in file:/home/travis/build/icyphy/ptII/ptolemy/moml/demo/Networked/Networked.xml at line 201 and column 118
	at ptolemy.moml.MoMLParser.fileNameToURL(MoMLParser.java:1414)
	at ptolemy.moml.MoMLParser._findOrParse(MoMLParser.java:5283)
	at ptolemy.moml.MoMLParser._attemptToFindMoMLClass(MoMLParser.java:4075)
	at ptolemy.moml.MoMLParser._createEntity(MoMLParser.java:4323)
	... 35 more
Caused by: com.microstar.xml.XmlException: -- Server returned HTTP response code: 503 for URL: http://ptolemy.eecs.berkeley.edu/xml/models/Waveform.xml
-- XML file not found relative to classpath.
-- /home/travis/build/icyphy/ptII/ptolemy/vergil/basic/export/test/http://ptolemy.eecs.berkeley.edu/xml/models/Waveform.xml
Server returned HTTP response code: 503 for URL: http://ptolemy.eecs.berkeley.edu/xml/models/Waveform.xml
 in file:/home/travis/build/icyphy/ptII/ptolemy/moml/demo/Networked/Networked.xml at line 201 and column 118
	at ptolemy.moml.MoMLParser.fileNameToURL(MoMLParser.java:1414)
	at ptolemy.moml.MoMLParser._findOrParse(MoMLParser.java:5283)
	at ptolemy.moml.MoMLParser._attemptToFindMoMLClass(MoMLParser.java:4075)
	at ptolemy.moml.MoMLParser._createEntity(MoMLParser.java:4323)
	at ptolemy.moml.MoMLParser.startElement(MoMLParser.java:2864)
	at com.microstar.xml.XmlParser.parseElement(XmlParser.java:921)
	at com.microstar.xml.XmlParser.parseContent(XmlParser.java:1104)
	at com.microstar.xml.XmlParser.parseElement(XmlParser.java:924)
	at com.microstar.xml.XmlParser.parseDocument(XmlParser.java:481)
	at com.microstar.xml.XmlParser.doParse(XmlParser.java:159)
	at com.microstar.xml.XmlParser.parse(XmlParser.java:132)
	at ptolemy.moml.MoMLParser.parse(MoMLParser.java:1676)
	at ptolemy.moml.MoMLParser.parse(MoMLParser.java:1595)
	at ptolemy.moml.MoMLParser.parse(MoMLParser.java:1537)
	at ptolemy.actor.gui.PtolemyEffigy$Factory.createEffigy(PtolemyEffigy.java:424)
	at ptolemy.actor.gui.EffigyFactory.createEffigy(EffigyFactory.java:234)
	at ptolemy.actor.gui.Configuration.openModel(Configuration.java:1126)
	at ptolemy.actor.gui.Configuration.openModel(Configuration.java:1052)
	at ptolemy.actor.gui.ConfigurationApplication._openModel(ConfigurationApplication.java:1261)
	at ptolemy.actor.gui.ConfigurationApplication._parseArg(ConfigurationApplication.java:1408)
	at ptolemy.actor.gui.ConfigurationApplication._parseArgs(ConfigurationApplication.java:1487)
	at ptolemy.actor.gui.ConfigurationApplication.<init>(ConfigurationApplication.java:286)
	at ptolemy.actor.gui.ConfigurationApplication.<init>(ConfigurationApplication.java:214)
	at ptolemy.actor.gui.ConfigurationApplication.<init>(ConfigurationApplication.java:201)
	at ptolemy.actor.gui.ConfigurationApplication.openModelOrEntity(ConfigurationApplication.java:689)
	at ptolemy.vergil.basic.export.ExportModel$1.run(ExportModel.java:220)
	at java.desktop/java.awt.event.InvocationEvent.dispatch(InvocationEvent.java:303)
	at java.desktop/java.awt.EventQueue.dispatchEventImpl(EventQueue.java:770)
	at java.desktop/java.awt.EventQueue$4.run(EventQueue.java:721)
	at java.desktop/java.awt.EventQueue$4.run(EventQueue.java:715)
	at java.base/java.security.AccessController.doPrivileged(Native Method)
	at java.base/java.security.ProtectionDomain$JavaSecurityAccessImpl.doIntersectionPrivilege(ProtectionDomain.java:85)
	at java.desktop/java.awt.EventQueue.dispatchEvent(EventQueue.java:740)
	at java.desktop/java.awt.EventDispatchThread.pumpOneEventForFilters(EventDispatchThread.java:203)
	at java.desktop/java.awt.EventDispatchThread.pumpEventsForFilter(EventDispatchThread.java:124)
	at java.desktop/java.awt.EventDispatchThread.pumpEventsForHierarchy(EventDispatchThread.java:113)
	at java.desktop/java.awt.EventDispatchThread.pumpEvents(EventDispatchThread.java:109)
	at java.desktop/java.awt.EventDispatchThread.pumpEvents(EventDispatchThread.java:101)
	at java.desktop/java.awt.EventDispatchThread.run(EventDispatchThread.java:90)
Failed to read file:/home/travis/build/icyphy/ptII/ptolemy/moml/demo/Networked/Networked.xml
ptolemy.kernel.util.InternalErrorException: Element <entity name="Remotely Defined Signal Source" class="Waveform" source="http://ptolemy.eecs.berkeley.edu/xml/models/Waveform.xml"> caused an exception to be thrown.
  in .Networked
Because:
Cannot find class: Waveform. In Ptolemy, classes are typically Java .class files. Entities like actors may instead be defined within a .xml file.  In any case, the class was not found. If the class uses a third party package, then the class would be present only if the third party package was found at compile time.  It may be necessary to upgrade Java or install the third party package, reconfigure and recompile.
Because:
-- Server returned HTTP response code: 503 for URL: http://ptolemy.eecs.berkeley.edu/xml/models/Waveform.xml
-- XML file not found relative to classpath.
-- /home/travis/build/icyphy/ptII/ptolemy/vergil/basic/export/test/http://ptolemy.eecs.berkeley.edu/xml/models/Waveform.xml
Server returned HTTP response code: 503 for URL: http://ptolemy.eecs.berkeley.edu/xml/models/Waveform.xml
 in file:/home/travis/build/icyphy/ptII/ptolemy/moml/demo/Networked/Networked.xml at line 201 and column 118
	at ptolemy.moml.SimpleErrorHandler.handleError(SimpleErrorHandler.java:75)
	at ptolemy.moml.MoMLParser.startElement(MoMLParser.java:3805)
	at com.microstar.xml.XmlParser.parseElement(XmlParser.java:921)
	at com.microstar.xml.XmlParser.parseContent(XmlParser.java:1104)
	at com.microstar.xml.XmlParser.parseElement(XmlParser.java:924)
	at com.microstar.xml.XmlParser.parseDocument(XmlParser.java:481)
	at com.microstar.xml.XmlParser.doParse(XmlParser.java:159)
	at com.microstar.xml.XmlParser.parse(XmlParser.java:132)
	at ptolemy.moml.MoMLParser.parse(MoMLParser.java:1676)
	at ptolemy.moml.MoMLParser.parse(MoMLParser.java:1595)
	at ptolemy.moml.MoMLParser.parse(MoMLParser.java:1537)
	at ptolemy.actor.gui.PtolemyEffigy$Factory.createEffigy(PtolemyEffigy.java:424)
	at ptolemy.actor.gui.EffigyFactory.createEffigy(EffigyFactory.java:234)
	at ptolemy.actor.gui.Configuration.openModel(Configuration.java:1126)
	at ptolemy.actor.gui.Configuration.openModel(Configuration.java:1052)
	at ptolemy.actor.gui.ConfigurationApplication._openModel(ConfigurationApplication.java:1261)
	at ptolemy.actor.gui.ConfigurationApplication._parseArg(ConfigurationApplication.java:1408)
	at ptolemy.actor.gui.ConfigurationApplication._parseArgs(ConfigurationApplication.java:1487)
	at ptolemy.actor.gui.ConfigurationApplication.<init>(ConfigurationApplication.java:286)
	at ptolemy.actor.gui.ConfigurationApplication.<init>(ConfigurationApplication.java:214)
[...]
	at ptolemy.moml.MoMLParser._createEntity(MoMLParser.java:4330)
	at ptolemy.moml.MoMLParser.startElement(MoMLParser.java:2864)
	... 34 more
Caused by: com.microstar.xml.XmlException: -- Server returned HTTP response code: 503 for URL: http://ptolemy.eecs.berkeley.edu/xml/models/Waveform.xml
-- XML file not found relative to classpath.
-- /home/travis/build/icyphy/ptII/ptolemy/vergil/basic/export/test/http://ptolemy.eecs.berkeley.edu/xml/models/Waveform.xml
Server returned HTTP response code: 503 for URL: http://ptolemy.eecs.berkeley.edu/xml/models/Waveform.xml
 in file:/home/travis/build/icyphy/ptII/ptolemy/moml/demo/Networked/Networked.xml at line 201 and column 118
	at ptolemy.moml.MoMLParser.fileNameToURL(MoMLParser.java:1414)
	at ptolemy.moml.MoMLParser._findOrParse(MoMLParser.java:5283)
	at ptolemy.moml.MoMLParser._attemptToFindMoMLClass(MoMLParser.java:4075)
	at ptolemy.moml.MoMLParser._createEntity(MoMLParser.java:4323)
	... 35 more
Caused by: ptolemy.kernel.util.IllegalActionException: Cannot find class: Waveform. In Ptolemy, classes are typically Java .class files. Entities like actors may instead be defined within a .xml file.  In any case, the class was not found. If the class uses a third party package, then the class would be present only if the third party package was found at compile time.  It may be necessary to upgrade Java or install the third party package, reconfigure and recompile.
Because:
-- Server returned HTTP response code: 503 for URL: http://ptolemy.eecs.berkeley.edu/xml/models/Waveform.xml
-- XML file not found relative to classpath.
-- /home/travis/build/icyphy/ptII/ptolemy/vergil/basic/export/test/http://ptolemy.eecs.berkeley.edu/xml/models/Waveform.xml
Server returned HTTP response code: 503 for URL: http://ptolemy.eecs.berkeley.edu/xml/models/Waveform.xml
 in file:/home/travis/build/icyphy/ptII/ptolemy/moml/demo/Networked/Networked.xml at line 201 and column 118
	at ptolemy.moml.MoMLParser._createEntity(MoMLParser.java:4330)
	at ptolemy.moml.MoMLParser.startElement(MoMLParser.java:2864)
	at com.microstar.xml.XmlParser.parseElement(XmlParser.java:921)
	at com.microstar.xml.XmlParser.parseContent(XmlParser.java:1104)
	at com.microstar.xml.XmlParser.parseElement(XmlParser.java:924)
	at com.microstar.xml.XmlParser.parseDocument(XmlParser.java:481)
	at com.microstar.xml.XmlParser.doParse(XmlParser.java:159)
	at com.microstar.xml.XmlParser.parse(XmlParser.java:132)
	at ptolemy.moml.MoMLParser.parse(MoMLParser.java:1676)
	at ptolemy.moml.MoMLParser.parse(MoMLParser.java:1595)
	at ptolemy.moml.MoMLParser.parse(MoMLParser.java:1537)
	at ptolemy.actor.gui.PtolemyEffigy$Factory.createEffigy(PtolemyEffigy.java:424)
	at ptolemy.actor.gui.EffigyFactory.createEffigy(EffigyFactory.java:234)
	at ptolemy.actor.gui.Configuration.openModel(Configuration.java:1126)
	at ptolemy.actor.gui.Configuration.openModel(Configuration.java:1052)
	at ptolemy.actor.gui.ConfigurationApplication._openModel(ConfigurationApplication.java:1261)
	at ptolemy.actor.gui.ConfigurationApplication._parseArg(ConfigurationApplication.java:1408)
	at ptolemy.actor.gui.ConfigurationApplication._parseArgs(ConfigurationApplication.java:1487)
	at ptolemy.actor.gui.ConfigurationApplication.<init>(ConfigurationApplication.java:286)
	at ptolemy.actor.gui.ConfigurationApplication.<init>(ConfigurationApplication.java:214)
	at ptolemy.actor.gui.ConfigurationApplication.<init>(ConfigurationApplication.java:201)
	at ptolemy.actor.gui.ConfigurationApplication.openModelOrEntity(ConfigurationApplication.java:689)
	at ptolemy.vergil.basic.export.ExportModel$1.run(ExportModel.java:220)
	at java.desktop/java.awt.event.InvocationEvent.dispatch(InvocationEvent.java:303)
	at java.desktop/java.awt.EventQueue.dispatchEventImpl(EventQueue.java:770)
	at java.desktop/java.awt.EventQueue$4.run(EventQueue.java:721)
	at java.desktop/java.awt.EventQueue$4.run(EventQueue.java:715)
	at java.base/java.security.AccessController.doPrivileged(Native Method)
	at java.base/java.security.ProtectionDomain$JavaSecurityAccessImpl.doIntersectionPrivilege(ProtectionDomain.java:85)
	at java.desktop/java.awt.EventQueue.dispatchEvent(EventQueue.java:740)
	at java.desktop/java.awt.EventDispatchThread.pumpOneEventForFilters(EventDispatchThread.java:203)
	at java.desktop/java.awt.EventDispatchThread.pumpEventsForFilter(EventDispatchThread.java:124)
	at java.desktop/java.awt.EventDispatchThread.pumpEventsForHierarchy(EventDispatchThread.java:113)
	at java.desktop/java.awt.EventDispatchThread.pumpEvents(EventDispatchThread.java:109)
	at java.desktop/java.awt.EventDispatchThread.pumpEvents(EventDispatchThread.java:101)
	at java.desktop/java.awt.EventDispatchThread.run(EventDispatchThread.java:90)
Caused by: com.microstar.xml.XmlException: -- Server returned HTTP response code: 503 for URL: http://ptolemy.eecs.berkeley.edu/xml/models/Waveform.xml
-- XML file not found relative to classpath.
-- /home/travis/build/icyphy/ptII/ptolemy/vergil/basic/export/test/http://ptolemy.eecs.berkeley.edu/xml/models/Waveform.xml
Server returned HTTP response code: 503 for URL: http://ptolemy.eecs.berkeley.edu/xml/models/Waveform.xml
 in file:/home/travis/build/icyphy/ptII/ptolemy/moml/demo/Networked/Networked.xml at line 201 and column 118
	at ptolemy.moml.MoMLParser.fileNameToURL(MoMLParser.java:1414)
	at ptolemy.moml.MoMLParser._findOrParse(MoMLParser.java:5283)
	at ptolemy.moml.MoMLParser._attemptToFindMoMLClass(MoMLParser.java:4075)
	at ptolemy.moml.MoMLParser._createEntity(MoMLParser.java:4323)
	... 35 more
Caused by: com.microstar.xml.XmlException: -- Server returned HTTP response code: 503 for URL: http://ptolemy.eecs.berkeley.edu/xml/models/Waveform.xml
-- XML file not found relative to classpath.
-- /home/travis/build/icyphy/ptII/ptolemy/vergil/basic/export/test/http://ptolemy.eecs.berkeley.edu/xml/models/Waveform.xml
Server returned HTTP response code: 503 for URL: http://ptolemy.eecs.berkeley.edu/xml/models/Waveform.xml
 in file:/home/travis/build/icyphy/ptII/ptolemy/moml/demo/Networked/Networked.xml at line 201 and column 118
	at ptolemy.moml.MoMLParser.fileNameToURL(MoMLParser.java:1414)
	at ptolemy.moml.MoMLParser._findOrParse(MoMLParser.java:5283)
	at ptolemy.moml.MoMLParser._attemptToFindMoMLClass(MoMLParser.java:4075)
	at ptolemy.moml.MoMLParser._createEntity(MoMLParser.java:4323)
	at ptolemy.moml.MoMLParser.startElement(MoMLParser.java:2864)
	at com.microstar.xml.XmlParser.parseElement(XmlParser.java:921)
	at com.microstar.xml.XmlParser.parseContent(XmlParser.java:1104)
	at com.microstar.xml.XmlParser.parseElement(XmlParser.java:924)
	at com.microstar.xml.XmlParser.parseDocument(XmlParser.java:481)
	at com.microstar.xml.XmlParser.doParse(XmlParser.java:159)
	at com.microstar.xml.XmlParser.parse(XmlParser.java:132)
	at ptolemy.moml.MoMLParser.parse(MoMLParser.java:1676)
	at ptolemy.moml.MoMLParser.parse(MoMLParser.java:1595)
	at ptolemy.moml.MoMLParser.parse(MoMLParser.java:1537)
	at ptolemy.actor.gui.PtolemyEffigy$Factory.createEffigy(PtolemyEffigy.java:424)
	at ptolemy.actor.gui.EffigyFactory.createEffigy(EffigyFactory.java:234)
	at ptolemy.actor.gui.Configuration.openModel(Configuration.java:1126)
	at ptolemy.actor.gui.Configuration.openModel(Configuration.java:1052)
	at ptolemy.actor.gui.ConfigurationApplication._openModel(ConfigurationApplication.java:1261)
	at ptolemy.actor.gui.ConfigurationApplication._parseArg(ConfigurationApplication.java:1408)
	at ptolemy.actor.gui.ConfigurationApplication._parseArgs(ConfigurationApplication.java:1487)
	at ptolemy.actor.gui.ConfigurationApplication.<init>(ConfigurationApplication.java:286)
	at ptolemy.actor.gui.ConfigurationApplication.<init>(ConfigurationApplication.java:214)
	at ptolemy.actor.gui.ConfigurationApplication.<init>(ConfigurationApplication.java:201)
	at ptolemy.actor.gui.ConfigurationApplication.openModelOrEntity(ConfigurationApplication.java:689)
	at ptolemy.vergil.basic.export.ExportModel$1.run(ExportModel.java:220)
	at java.desktop/java.awt.event.InvocationEvent.dispatch(InvocationEvent.java:303)
	at java.desktop/java.awt.EventQueue.dispatchEventImpl(EventQueue.java:770)
	at java.desktop/java.awt.EventQueue$4.run(EventQueue.java:721)
	at java.desktop/java.awt.EventQueue$4.run(EventQueue.java:715)
	at java.base/java.security.AccessController.doPrivileged(Native Method)
	at java.base/java.security.ProtectionDomain$JavaSecurityAccessImpl.doIntersectionPrivilege(ProtectionDomain.java:85)
	at java.desktop/java.awt.EventQueue.dispatchEvent(EventQueue.java:740)
	at java.desktop/java.awt.EventDispatchThread.pumpOneEventForFilters(EventDispatchThread.java:203)
	at java.desktop/java.awt.EventDispatchThread.pumpEventsForFilter(EventDispatchThread.java:124)
	at java.desktop/java.awt.EventDispatchThread.pumpEventsForHierarchy(EventDispatchThread.java:113)
	at java.desktop/java.awt.EventDispatchThread.pumpEvents(EventDispatchThread.java:109)
	at java.desktop/java.awt.EventDispatchThread.pumpEvents(EventDispatchThread.java:101)
	at java.desktop/java.awt.EventDispatchThread.run(EventDispatchThread.java:90)
ptolemy.kernel.util.InternalErrorException: Failed to get the model directory? This can happen in a headless environment when the model attempts to interact with the graphical display.  It can also happen when the model fails to parse because of a missing class.
	at ptolemy.actor.gui.ConfigurationApplication.models(ConfigurationApplication.java:557)
	at ptolemy.actor.gui.ConfigurationApplication.openModelOrEntity(ConfigurationApplication.java:707)
	at ptolemy.vergil.basic.export.ExportModel$1.run(ExportModel.java:220)
	at java.desktop/java.awt.event.InvocationEvent.dispatch(InvocationEvent.java:303)
	at java.desktop/java.awt.EventQueue.dispatchEventImpl(EventQueue.java:770)
	at java.desktop/java.awt.EventQueue$4.run(EventQueue.java:721)
	at java.desktop/java.awt.EventQueue$4.run(EventQueue.java:715)
	at java.base/java.security.AccessController.doPrivileged(Native Method)
	at java.base/java.security.ProtectionDomain$JavaSecurityAccessImpl.doIntersectionPrivilege(ProtectionDomain.java:85)
	at java.desktop/java.awt.EventQueue.dispatchEvent(EventQueue.java:740)
	at java.desktop/java.awt.EventDispatchThread.pumpOneEventForFilters(EventDispatchThread.java:203)
	at java.desktop/java.awt.EventDispatchThread.pumpEventsForFilter(EventDispatchThread.java:124)
	at java.desktop/java.awt.EventDispatchThread.pumpEventsForHierarchy(EventDispatchThread.java:113)
	at java.desktop/java.awt.EventDispatchThread.pumpEvents(EventDispatchThread.java:109)
	at java.desktop/java.awt.EventDispatchThread.pumpEvents(EventDispatchThread.java:101)
	at java.desktop/java.awt.EventDispatchThread.run(EventDispatchThread.java:90)
ptolemy.kernel.util.InternalErrorException: Failed to get the model directory? This can happen in a headless environment when the model attempts to interact with the graphical display.  It can also happen when the model fails to parse because of a missing class.
	at ptolemy.actor.gui.ConfigurationApplication.models(ConfigurationApplication.java:557)
	at ptolemy.actor.gui.ConfigurationApplication.openModelOrEntity(ConfigurationApplication.java:707)
	at ptolemy.vergil.basic.export.ExportModel$1.run(ExportModel.java:220)
	at java.desktop/java.awt.event.InvocationEvent.dispatch(InvocationEvent.java:303)
	at java.desktop/java.awt.EventQueue.dispatchEventImpl(EventQueue.java:770)
	at java.desktop/java.awt.EventQueue$4.run(EventQueue.java:721)
	at java.desktop/java.awt.EventQueue$4.run(EventQueue.java:715)
	at java.base/java.security.AccessController.doPrivileged(Native Method)
	at java.base/java.security.ProtectionDomain$JavaSecurityAccessImpl.doIntersectionPrivilege(ProtectionDomain.java:85)
	at java.desktop/java.awt.EventQueue.dispatchEvent(EventQueue.java:740)
	at java.desktop/java.awt.EventDispatchThread.pumpOneEventForFilters(EventDispatchThread.java:203)
	at java.desktop/java.awt.EventDispatchThread.pumpEventsForFilter(EventDispatchThread.java:124)
	at java.desktop/java.awt.EventDispatchThread.pumpEventsForHierarchy(EventDispatchThread.java:113)
	at java.desktop/java.awt.EventDispatchThread.pumpEvents(EventDispatchThread.java:109)
	at java.desktop/java.awt.EventDispatchThread.pumpEvents(EventDispatchThread.java:101)
	at java.desktop/java.awt.EventDispatchThread.run(EventDispatchThread.java:90)
java.lang.reflect.InvocationTargetException
	at java.desktop/java.awt.EventQueue.invokeAndWait(EventQueue.java:1367)
	at java.desktop/java.awt.EventQueue.invokeAndWait(EventQueue.java:1342)
	at java.desktop/javax.swing.SwingUtilities.invokeAndWait(SwingUtilities.java:1480)
	at ptolemy.vergil.basic.export.ExportModel.exportModel(ExportModel.java:227)
	at ptolemy.vergil.basic.export.test.junit.ExportModelJUnitTest.RunExportModel(ExportModelJUnitTest.java:153)
	at ptolemy.vergil.basic.export.test.junit.ExportModelJUnitTestBatch.RunExportModel(ExportModelJUnitTestBatch.java:84)
	at jdk.internal.reflect.GeneratedMethodAccessor26.invoke(Unknown Source)
	at java.base/jdk.internal.reflect.DelegatingMethodAccessorImpl.invoke(DelegatingMethodAccessorImpl.java:43)
	at java.base/java.lang.reflect.Method.invoke(Method.java:566)
	at org.junit.runners.model.FrameworkMethod$1.runReflectiveCall(FrameworkMethod.java:44)
	at org.junit.internal.runners.model.ReflectiveCallable.run(ReflectiveCallable.java:15)
	at org.junit.runners.model.FrameworkMethod.invokeExplosively(FrameworkMethod.java:41)
	at junitparams.internal.InvokeParameterisedMethod.evaluate(InvokeParameterisedMethod.java:102)
	at junitparams.internal.ParameterisedTestMethodRunner.runMethodInvoker(ParameterisedTestMethodRunner.java:47)
	at junitparams.internal.ParameterisedTestMethodRunner.runTestMethod(ParameterisedTestMethodRunner.java:41)
	at junitparams.internal.ParameterisedTestClassRunner.runParameterisedTest(ParameterisedTestClassRunner.java:143)
	at junitparams.JUnitParamsRunner.runChild(JUnitParamsRunner.java:237)
	at junitparams.JUnitParamsRunner.runChild(JUnitParamsRunner.java:215)
	at org.junit.runners.ParentRunner$3.run(ParentRunner.java:193)
	at org.junit.runners.ParentRunner$1.schedule(ParentRunner.java:52)
	at org.junit.runners.ParentRunner.runChildren(ParentRunner.java:191)
	at org.junit.runners.ParentRunner.access$000(ParentRunner.java:42)
	at org.junit.runners.ParentRunner$2.evaluate(ParentRunner.java:184)
	at org.junit.runners.ParentRunner.run(ParentRunner.java:236)
	at junit.framework.JUnit4TestAdapter.run(JUnit4TestAdapter.java:39)
	at org.apache.tools.ant.taskdefs.optional.junit.JUnitTestRunner.run(JUnitTestRunner.java:535)
	at org.apache.tools.ant.taskdefs.optional.junit.JUnitTestRunner.launch(JUnitTestRunner.java:1182)
	at org.apache.tools.ant.taskdefs.optional.junit.JUnitTestRunner.main(JUnitTestRunner.java:1033)
Caused by: java.lang.RuntimeException: ptolemy.kernel.util.InternalErrorException: Failed to get the model directory? This can happen in a headless environment when the model attempts to interact with the graphical display.  It can also happen when the model fails to parse because of a missing class.
	at ptolemy.vergil.basic.export.ExportModel$1.run(ExportModel.java:223)
	at java.desktop/java.awt.event.InvocationEvent.dispatch(InvocationEvent.java:303)
	at java.desktop/java.awt.EventQueue.dispatchEventImpl(EventQueue.java:770)
	at java.desktop/java.awt.EventQueue$4.run(EventQueue.java:721)
	at java.desktop/java.awt.EventQueue$4.run(EventQueue.java:715)
	at java.base/java.security.AccessController.doPrivileged(Native Method)
	at java.base/java.security.ProtectionDomain$JavaSecurityAccessImpl.doIntersectionPrivilege(ProtectionDomain.java:85)
	at java.desktop/java.awt.EventQueue.dispatchEvent(EventQueue.java:740)
	at java.desktop/java.awt.EventDispatchThread.pumpOneEventForFilters(EventDispatchThread.java:203)
	at java.desktop/java.awt.EventDispatchThread.pumpEventsForFilter(EventDispatchThread.java:124)
	at java.desktop/java.awt.EventDispatchThread.pumpEventsForHierarchy(EventDispatchThread.java:113)
	at java.desktop/java.awt.EventDispatchThread.pumpEvents(EventDispatchThread.java:109)
	at java.desktop/java.awt.EventDispatchThread.pumpEvents(EventDispatchThread.java:101)
	at java.desktop/java.awt.EventDispatchThread.run(EventDispatchThread.java:90)
Caused by: ptolemy.kernel.util.InternalErrorException: Failed to get the model directory? This can happen in a headless environment when the model attempts to interact with the graphical display.  It can also happen when the model fails to parse because of a missing class.
	at ptolemy.actor.gui.ConfigurationApplication.models(ConfigurationApplication.java:557)
	at ptolemy.actor.gui.ConfigurationApplication.openModelOrEntity(ConfigurationApplication.java:707)
	at ptolemy.vergil.basic.export.ExportModel$1.run(ExportModel.java:220)
	... 13 more
Unable to export to web.
java.util.ConcurrentModificationException
	at java.base/java.util.LinkedList$ListItr.checkForComodification(LinkedList.java:970)
	at java.base/java.util.LinkedList$ListItr.next(LinkedList.java:892)
	at java.base/java.util.Collections$UnmodifiableCollection$1.next(Collections.java:1045)
	at ptolemy.vergil.basic.export.web.DefaultIconScript._provideAttributes(DefaultIconScript.java:196)
	at ptolemy.vergil.basic.export.web.WebContent.provideContent(WebContent.java:176)
	at ptolemy.vergil.basic.export.html.ExportHTMLAction.writeHTML(ExportHTMLAction.java:745)
	at ptolemy.vergil.basic.BasicGraphFrame.writeHTML(BasicGraphFrame.java:1657)
	at ptolemy.vergil.basic.export.html.ExportHTMLAction$1$1.run(ExportHTMLAction.java:559)
	at java.desktop/java.awt.event.InvocationEvent.dispatch(InvocationEvent.java:313)
	at java.desktop/java.awt.EventQueue.dispatchEventImpl(EventQueue.java:770)
	at java.desktop/java.awt.EventQueue$4.run(EventQueue.java:721)
	at java.desktop/java.awt.EventQueue$4.run(EventQueue.java:715)
	at java.base/java.security.AccessController.doPrivileged(Native Method)
	at java.base/java.security.ProtectionDomain$JavaSecurityAccessImpl.doIntersectionPrivilege(ProtectionDomain.java:85)
	at java.desktop/java.awt.EventQueue.dispatchEvent(EventQueue.java:740)
	at java.desktop/java.awt.EventDispatchThread.pumpOneEventForFilters(EventDispatchThread.java:203)
	at java.desktop/java.awt.EventDispatchThread.pumpEventsForFilter(EventDispatchThread.java:124)
	at java.desktop/java.awt.EventDispatchThread.pumpEventsForHierarchy(EventDispatchThread.java:113)
	at java.desktop/java.awt.EventDispatchThread.pumpEvents(EventDispatchThread.java:109)
	at java.desktop/java.awt.EventDispatchThread.pumpEvents(EventDispatchThread.java:101)
	at java.desktop/java.awt.EventDispatchThread.run(EventDispatchThread.java:90)
Oct 10, 2019 6:06:34 PM sun.awt.X11.XToolkit processException
WARNING: Exception on Toolkit thread
java.lang.NullPointerException
	at java.desktop/java.awt.Component$BltBufferStrategy.contentsLost(Component.java:4584)
	at java.desktop/java.awt.Component$BltSubRegionBufferStrategy.showIfNotLost(Component.java:4647)
	at java.desktop/javax.swing.BufferStrategyPaintManager.show(BufferStrategyPaintManager.java:208)
	at java.desktop/javax.swing.RepaintManager.show(RepaintManager.java:1430)
	at java.desktop/javax.swing.SwingPaintEventDispatcher.createPaintEvent(SwingPaintEventDispatcher.java:61)
	at java.desktop/sun.awt.X11.XWindow.postPaintEvent(XWindow.java:568)
	at java.desktop/sun.awt.X11.XContentWindow.postPaintEvent(XContentWindow.java:180)
	at java.desktop/sun.awt.X11.XWindow.handleExposeEvent(XWindow.java:562)
	at java.desktop/sun.awt.X11.XContentWindow.handleExposeEvent(XContentWindow.java:151)
	at java.desktop/sun.awt.X11.XBaseWindow.dispatchEvent(XBaseWindow.java:1132)
	at java.desktop/sun.awt.X11.XBaseWindow.dispatchToWindow(XBaseWindow.java:1108)
	at java.desktop/sun.awt.X11.XToolkit.dispatchEvent(XToolkit.java:621)
	at java.desktop/sun.awt.X11.XToolkit.run(XToolkit.java:736)
	at java.desktop/sun.awt.X11.XToolkit.run(XToolkit.java:652)
	at java.base/java.lang.Thread.run(Thread.java:834)

]]></system-err>
</testsuite>
