<?xml version="1.0" encoding="UTF-8" ?>
<testsuite errors="0" failures="0" hostname="travis-job-340e329b-7d13-4f81-9357-a36fb792bb8f" name="ptolemy.actor.lib.hoc.test.junit.JUnitTclTest" skipped="0" tests="58" time="33.37" timestamp="2019-07-19T06:54:20">
  <properties>
[...]
</properties>
  <testcase classname="ptolemy.util.test.junit.TclTests" name="[0] /home/travis/build/icyphy/ptII/ptolemy/actor/lib/hoc/test/IterateOverArray.tcl (RunTclFile)" time="0.301" />
  <testcase classname="ptolemy.util.test.junit.AutoKnownFailedTests" name="[0] /home/travis/build/icyphy/ptII/ptolemy/actor/lib/hoc/test/auto/knownFailedTests/PreinitializeMustBeInvokedRunComposite.xml (RunModel)" time="0.436" />
  <testcase classname="ptolemy.util.test.junit.AutoNameArchTests" name="[0] ThereAreNoAutoArchTests (RunModel)" time="0.001" />
  <testcase classname="ptolemy.util.test.junit.AutoTests" name="[0] /home/travis/build/icyphy/ptII/ptolemy/actor/lib/hoc/test/auto/AllToAllMultiInstanceComposite.xml (RunModel)" time="0.556" />
  <testcase classname="ptolemy.util.test.junit.AutoTests" name="[1] /home/travis/build/icyphy/ptII/ptolemy/actor/lib/hoc/test/auto/ApplyFFTTest.xml (RunModel)" time="0.365" />
  <testcase classname="ptolemy.util.test.junit.AutoTests" name="[2] /home/travis/build/icyphy/ptII/ptolemy/actor/lib/hoc/test/auto/ApplyFunction.xml (RunModel)" time="0.027" />
  <testcase classname="ptolemy.util.test.junit.AutoTests" name="[3] /home/travis/build/icyphy/ptII/ptolemy/actor/lib/hoc/test/auto/BackgroundExecution.xml (RunModel)" time="0.741" />
  <testcase classname="ptolemy.util.test.junit.AutoTests" name="[4] /home/travis/build/icyphy/ptII/ptolemy/actor/lib/hoc/test/auto/Case.xml (RunModel)" time="0.107" />
  <testcase classname="ptolemy.util.test.junit.AutoTests" name="[5] /home/travis/build/icyphy/ptII/ptolemy/actor/lib/hoc/test/auto/Case1.xml (RunModel)" time="0.061" />
  <testcase classname="ptolemy.util.test.junit.AutoTests" name="[6] /home/travis/build/icyphy/ptII/ptolemy/actor/lib/hoc/test/auto/Case2.xml (RunModel)" time="0.101" />
  <testcase classname="ptolemy.util.test.junit.AutoTests" name="[7] /home/travis/build/icyphy/ptII/ptolemy/actor/lib/hoc/test/auto/Case3.xml (RunModel)" time="0.061" />
  <testcase classname="ptolemy.util.test.junit.AutoTests" name="[8] /home/travis/build/icyphy/ptII/ptolemy/actor/lib/hoc/test/auto/Case4.xml (RunModel)" time="0.073" />
  <testcase classname="ptolemy.util.test.junit.AutoTests" name="[9] /home/travis/build/icyphy/ptII/ptolemy/actor/lib/hoc/test/auto/Case5.xml (RunModel)" time="0.096" />
  <testcase classname="ptolemy.util.test.junit.AutoTests" name="[10] /home/travis/build/icyphy/ptII/ptolemy/actor/lib/hoc/test/auto/Case6.xml (RunModel)" time="0.118" />
  <testcase classname="ptolemy.util.test.junit.AutoTests" name="[11] /home/travis/build/icyphy/ptII/ptolemy/actor/lib/hoc/test/auto/CaseString2.xml (RunModel)" time="0.041" />
  <testcase classname="ptolemy.util.test.junit.AutoTests" name="[12] /home/travis/build/icyphy/ptII/ptolemy/actor/lib/hoc/test/auto/CatchUpComposite1.xml (RunModel)" time="0.083" />
  <testcase classname="ptolemy.util.test.junit.AutoTests" name="[13] /home/travis/build/icyphy/ptII/ptolemy/actor/lib/hoc/test/auto/CatchUpComposite2.xml (RunModel)" time="0.088" />
  <testcase classname="ptolemy.util.test.junit.AutoTests" name="[14] /home/travis/build/icyphy/ptII/ptolemy/actor/lib/hoc/test/auto/CatchUpComposite3.xml (RunModel)" time="0.068" />
  <testcase classname="ptolemy.util.test.junit.AutoTests" name="[15] /home/travis/build/icyphy/ptII/ptolemy/actor/lib/hoc/test/auto/CatchUpComposite4.xml (RunModel)" time="0.06" />
  <testcase classname="ptolemy.util.test.junit.AutoTests" name="[16] /home/travis/build/icyphy/ptII/ptolemy/actor/lib/hoc/test/auto/CatchUpComposite5.xml (RunModel)" time="0.06" />
  <testcase classname="ptolemy.util.test.junit.AutoTests" name="[17] /home/travis/build/icyphy/ptII/ptolemy/actor/lib/hoc/test/auto/CatchUpComposite6.xml (RunModel)" time="0.157" />
  <testcase classname="ptolemy.util.test.junit.AutoTests" name="[18] /home/travis/build/icyphy/ptII/ptolemy/actor/lib/hoc/test/auto/CatchUpComposite7.xml (RunModel)" time="0.082" />
  <testcase classname="ptolemy.util.test.junit.AutoTests" name="[19] /home/travis/build/icyphy/ptII/ptolemy/actor/lib/hoc/test/auto/ConcurrentExecutionTimeSDF.xml (RunModel)" time="2.264" />
  <testcase classname="ptolemy.util.test.junit.AutoTests" name="[20] /home/travis/build/icyphy/ptII/ptolemy/actor/lib/hoc/test/auto/ConcurrentSleep.xml (RunModel)" time="0.78" />
  <testcase classname="ptolemy.util.test.junit.AutoTests" name="[21] /home/travis/build/icyphy/ptII/ptolemy/actor/lib/hoc/test/auto/DEInPNInRunCompositeActor.xml (RunModel)" time="0.026" />
  <testcase classname="ptolemy.util.test.junit.AutoTests" name="[22] /home/travis/build/icyphy/ptII/ptolemy/actor/lib/hoc/test/auto/DFTSubSetTest.xml (RunModel)" time="0.272" />
  <testcase classname="ptolemy.util.test.junit.AutoTests" name="[23] /home/travis/build/icyphy/ptII/ptolemy/actor/lib/hoc/test/auto/HocDE.xml (RunModel)" time="0.19" />
  <testcase classname="ptolemy.util.test.junit.AutoTests" name="[24] /home/travis/build/icyphy/ptII/ptolemy/actor/lib/hoc/test/auto/IterateOverArray.xml (RunModel)" time="0.042" />
  <testcase classname="ptolemy.util.test.junit.AutoTests" name="[25] /home/travis/build/icyphy/ptII/ptolemy/actor/lib/hoc/test/auto/IterateOverArray10.xml (RunModel)" time="0.019" />
  <testcase classname="ptolemy.util.test.junit.AutoTests" name="[26] /home/travis/build/icyphy/ptII/ptolemy/actor/lib/hoc/test/auto/IterateOverArray11.xml (RunModel)" time="0.021" />
  <testcase classname="ptolemy.util.test.junit.AutoTests" name="[27] /home/travis/build/icyphy/ptII/ptolemy/actor/lib/hoc/test/auto/IterateOverArray12.xml (RunModel)" time="0.033" />
  <testcase classname="ptolemy.util.test.junit.AutoTests" name="[28] /home/travis/build/icyphy/ptII/ptolemy/actor/lib/hoc/test/auto/IterateOverArray13.xml (RunModel)" time="0.116" />
  <testcase classname="ptolemy.util.test.junit.AutoTests" name="[29] /home/travis/build/icyphy/ptII/ptolemy/actor/lib/hoc/test/auto/IterateOverArray14.xml (RunModel)" time="0.127" />
  <testcase classname="ptolemy.util.test.junit.AutoTests" name="[30] /home/travis/build/icyphy/ptII/ptolemy/actor/lib/hoc/test/auto/IterateOverArray2.xml (RunModel)" time="0.017" />
  <testcase classname="ptolemy.util.test.junit.AutoTests" name="[31] /home/travis/build/icyphy/ptII/ptolemy/actor/lib/hoc/test/auto/IterateOverArray3.xml (RunModel)" time="0.024" />
  <testcase classname="ptolemy.util.test.junit.AutoTests" name="[32] /home/travis/build/icyphy/ptII/ptolemy/actor/lib/hoc/test/auto/IterateOverArray4.xml (RunModel)" time="0.023" />
  <testcase classname="ptolemy.util.test.junit.AutoTests" name="[33] /home/travis/build/icyphy/ptII/ptolemy/actor/lib/hoc/test/auto/IterateOverArray5.xml (RunModel)" time="0.015" />
  <testcase classname="ptolemy.util.test.junit.AutoTests" name="[34] /home/travis/build/icyphy/ptII/ptolemy/actor/lib/hoc/test/auto/IterateOverArray6.xml (RunModel)" time="0.018" />
  <testcase classname="ptolemy.util.test.junit.AutoTests" name="[35] /home/travis/build/icyphy/ptII/ptolemy/actor/lib/hoc/test/auto/IterateOverArray7.xml (RunModel)" time="0.03" />
  <testcase classname="ptolemy.util.test.junit.AutoTests" name="[36] /home/travis/build/icyphy/ptII/ptolemy/actor/lib/hoc/test/auto/IterateOverArray8.xml (RunModel)" time="0.029" />
  <testcase classname="ptolemy.util.test.junit.AutoTests" name="[37] /home/travis/build/icyphy/ptII/ptolemy/actor/lib/hoc/test/auto/IterateOverArray9.xml (RunModel)" time="0.027" />
  <testcase classname="ptolemy.util.test.junit.AutoTests" name="[38] /home/travis/build/icyphy/ptII/ptolemy/actor/lib/hoc/test/auto/IterateOverArrayCoercedOutputType.xml (RunModel)" time="0.035" />
  <testcase classname="ptolemy.util.test.junit.AutoTests" name="[39] /home/travis/build/icyphy/ptII/ptolemy/actor/lib/hoc/test/auto/IterateOverArrayInferredOutputType.xml (RunModel)" time="0.029" />
  <testcase classname="ptolemy.util.test.junit.AutoTests" name="[40] /home/travis/build/icyphy/ptII/ptolemy/actor/lib/hoc/test/auto/MobileFunctionTest.xml (RunModel)" time="0.022" />
  <testcase classname="ptolemy.util.test.junit.AutoTests" name="[41] /home/travis/build/icyphy/ptII/ptolemy/actor/lib/hoc/test/auto/MobileModelTest.xml (RunModel)" time="0.204" />
  <testcase classname="ptolemy.util.test.junit.AutoTests" name="[42] /home/travis/build/icyphy/ptII/ptolemy/actor/lib/hoc/test/auto/ModelReference.xml (RunModel)" time="0.067" />
  <testcase classname="ptolemy.util.test.junit.AutoTests" name="[43] /home/travis/build/icyphy/ptII/ptolemy/actor/lib/hoc/test/auto/ModelReference3.xml (RunModel)" time="0.041" />
  <testcase classname="ptolemy.util.test.junit.AutoTests" name="[44] /home/travis/build/icyphy/ptII/ptolemy/actor/lib/hoc/test/auto/ModelReference4.xml (RunModel)" time="10.031" />
  <testcase classname="ptolemy.util.test.junit.AutoTests" name="[45] /home/travis/build/icyphy/ptII/ptolemy/actor/lib/hoc/test/auto/MultiInstanceComposite.xml (RunModel)" time="0.059" />
  <testcase classname="ptolemy.util.test.junit.AutoTests" name="[46] /home/travis/build/icyphy/ptII/ptolemy/actor/lib/hoc/test/auto/MultiInstanceComposite2.xml (RunModel)" time="0.04" />
  <testcase classname="ptolemy.util.test.junit.AutoTests" name="[47] /home/travis/build/icyphy/ptII/ptolemy/actor/lib/hoc/test/auto/MulticoreExecution.xml (RunModel)" time="1.091" />
  <testcase classname="ptolemy.util.test.junit.AutoTests" name="[48] /home/travis/build/icyphy/ptII/ptolemy/actor/lib/hoc/test/auto/ParallelExecution.xml (RunModel)" time="0.932" />
  <testcase classname="ptolemy.util.test.junit.AutoTests" name="[49] /home/travis/build/icyphy/ptII/ptolemy/actor/lib/hoc/test/auto/RunCompositeActor.xml (RunModel)" time="0.024" />
  <testcase classname="ptolemy.util.test.junit.AutoTests" name="[50] /home/travis/build/icyphy/ptII/ptolemy/actor/lib/hoc/test/auto/RunCompositeActor2.xml (RunModel)" time="0.022" />
  <testcase classname="ptolemy.util.test.junit.AutoTests" name="[51] /home/travis/build/icyphy/ptII/ptolemy/actor/lib/hoc/test/auto/RunCompositeActor3.xml (RunModel)" time="0.018" />
  <testcase classname="ptolemy.util.test.junit.AutoTests" name="[52] /home/travis/build/icyphy/ptII/ptolemy/actor/lib/hoc/test/auto/RunCompositeActor4.xml (RunModel)" time="0.023" />
  <testcase classname="ptolemy.util.test.junit.AutoTests" name="[53] /home/travis/build/icyphy/ptII/ptolemy/actor/lib/hoc/test/auto/RunCompositeIterateOverArray.xml (RunModel)" time="0.023" />
  <testcase classname="ptolemy.util.test.junit.AutoTests" name="[54] /home/travis/build/icyphy/ptII/ptolemy/actor/lib/hoc/test/auto/ThreadedJS.xml (RunModel)" time="12.275" />
  <system-out><![CDATA[/home/travis/build/icyphy/ptII/ptolemy/actor/lib/hoc/test/IterateOverArray.tcl
testDefs.tcl: setting time out to 9000 seconds at Fri Jul 19 06:54:20 UTC 2019
07/19/19 06:54:20
Failed: 0  Total Tests: 2  ((Passed: 2, Newly Passed: 0)  Known Failed: 0) /home/travis/build/icyphy/ptII/ptolemy/actor/lib/hoc/test
----------------- testing (KnownFailure) /home/travis/build/icyphy/ptII/ptolemy/actor/lib/hoc/test/auto/knownFailedTests/PreinitializeMustBeInvokedRunComposite.xml
140 ms. Memory: 120832K Free: 79815K (66%)
Known Failure: java.lang.reflect.InvocationTargetException
No auto/linux-amd64/*.xml tests in /home/travis/build/icyphy/ptII/ptolemy/actor/lib/hoc/test
AutoTests.java: About to close Vertx.
AutoTests.java: Vertx closed.

===========================================================================================
----------------- testing Fri Jul 19 06:54:21 UTC 2019 /home/travis/build/icyphy/ptII/ptolemy/actor/lib/hoc/test/auto/AllToAllMultiInstanceComposite.xml
----------------- Instantiating /home/travis/build/icyphy/ptII/ptolemy/actor/lib/hoc/test/auto/AllToAllMultiInstanceComposite.xml
261 ms. Memory: 120832K Free: 89623K (74%)
----------------- Invoking toplevel() on ptolemy.moml.MoMLSimpleApplication@132a7218
----------------- Done invoking toplevel() on ptolemy.moml.MoMLSimpleApplication@132a7218
reloadAllAccessors: .AllToAllMultiInstanceComposite

===========================================================================================
----------------- testing Fri Jul 19 06:54:21 UTC 2019 /home/travis/build/icyphy/ptII/ptolemy/actor/lib/hoc/test/auto/ApplyFFTTest.xml
----------------- Instantiating /home/travis/build/icyphy/ptII/ptolemy/actor/lib/hoc/test/auto/ApplyFFTTest.xml
112 ms. Memory: 120832K Free: 92368K (76%)
----------------- Invoking toplevel() on ptolemy.moml.MoMLSimpleApplication@7fe77ff1
----------------- Done invoking toplevel() on ptolemy.moml.MoMLSimpleApplication@7fe77ff1
reloadAllAccessors: .ApplyFFTTest

===========================================================================================
----------------- testing Fri Jul 19 06:54:22 UTC 2019 /home/travis/build/icyphy/ptII/ptolemy/actor/lib/hoc/test/auto/ApplyFunction.xml
----------------- Instantiating /home/travis/build/icyphy/ptII/ptolemy/actor/lib/hoc/test/auto/ApplyFunction.xml
9 ms. Memory: 120832K Free: 89242K (74%)
----------------- Invoking toplevel() on ptolemy.moml.MoMLSimpleApplication@30ef25c1
----------------- Done invoking toplevel() on ptolemy.moml.MoMLSimpleApplication@30ef25c1
reloadAllAccessors: .ApplyFunction

===========================================================================================
----------------- testing Fri Jul 19 06:54:22 UTC 2019 /home/travis/build/icyphy/ptII/ptolemy/actor/lib/hoc/test/auto/BackgroundExecution.xml
----------------- Instantiating /home/travis/build/icyphy/ptII/ptolemy/actor/lib/hoc/test/auto/BackgroundExecution.xml
622 ms. Memory: 120832K Free: 81740K (68%)
----------------- Invoking toplevel() on ptolemy.moml.MoMLSimpleApplication@3f9db033
----------------- Done invoking toplevel() on ptolemy.moml.MoMLSimpleApplication@3f9db033
reloadAllAccessors: .BackgroundExecution

===========================================================================================
----------------- testing Fri Jul 19 06:54:23 UTC 2019 /home/travis/build/icyphy/ptII/ptolemy/actor/lib/hoc/test/auto/Case.xml
----------------- Instantiating /home/travis/build/icyphy/ptII/ptolemy/actor/lib/hoc/test/auto/Case.xml
35 ms. Memory: 120832K Free: 106608K (88%)
----------------- Invoking toplevel() on ptolemy.moml.MoMLSimpleApplication@e4e550f
----------------- Done invoking toplevel() on ptolemy.moml.MoMLSimpleApplication@e4e550f
reloadAllAccessors: .Case

===========================================================================================
----------------- testing Fri Jul 19 06:54:23 UTC 2019 /home/travis/build/icyphy/ptII/ptolemy/actor/lib/hoc/test/auto/Case1.xml
----------------- Instantiating /home/travis/build/icyphy/ptII/ptolemy/actor/lib/hoc/test/auto/Case1.xml
18 ms. Memory: 120832K Free: 100113K (83%)
----------------- Invoking toplevel() on ptolemy.moml.MoMLSimpleApplication@bda3854
----------------- Done invoking toplevel() on ptolemy.moml.MoMLSimpleApplication@bda3854
reloadAllAccessors: .Case1

===========================================================================================
----------------- testing Fri Jul 19 06:54:23 UTC 2019 /home/travis/build/icyphy/ptII/ptolemy/actor/lib/hoc/test/auto/Case2.xml
----------------- Instantiating /home/travis/build/icyphy/ptII/ptolemy/actor/lib/hoc/test/auto/Case2.xml
43 ms. Memory: 120832K Free: 89943K (74%)
----------------- Invoking toplevel() on ptolemy.moml.MoMLSimpleApplication@662a4727
----------------- Done invoking toplevel() on ptolemy.moml.MoMLSimpleApplication@662a4727
reloadAllAccessors: .Case2

===========================================================================================
----------------- testing Fri Jul 19 06:54:23 UTC 2019 /home/travis/build/icyphy/ptII/ptolemy/actor/lib/hoc/test/auto/Case3.xml
----------------- Instantiating /home/travis/build/icyphy/ptII/ptolemy/actor/lib/hoc/test/auto/Case3.xml
13 ms. Memory: 120832K Free: 84107K (70%)
----------------- Invoking toplevel() on ptolemy.moml.MoMLSimpleApplication@354b71b9
----------------- Done invoking toplevel() on ptolemy.moml.MoMLSimpleApplication@354b71b9
reloadAllAccessors: .Case3

===========================================================================================
----------------- testing Fri Jul 19 06:54:23 UTC 2019 /home/travis/build/icyphy/ptII/ptolemy/actor/lib/hoc/test/auto/Case4.xml
----------------- Instantiating /home/travis/build/icyphy/ptII/ptolemy/actor/lib/hoc/test/auto/Case4.xml
21 ms. Memory: 120832K Free: 76415K (63%)
----------------- Invoking toplevel() on ptolemy.moml.MoMLSimpleApplication@2737512e
----------------- Done invoking toplevel() on ptolemy.moml.MoMLSimpleApplication@2737512e
reloadAllAccessors: .Case4

===========================================================================================
----------------- testing Fri Jul 19 06:54:23 UTC 2019 /home/travis/build/icyphy/ptII/ptolemy/actor/lib/hoc/test/auto/Case5.xml
----------------- Instantiating /home/travis/build/icyphy/ptII/ptolemy/actor/lib/hoc/test/auto/Case5.xml
61 ms. Memory: 120832K Free: 70272K (58%)
----------------- Invoking toplevel() on ptolemy.moml.MoMLSimpleApplication@7f4ae292
----------------- Done invoking toplevel() on ptolemy.moml.MoMLSimpleApplication@7f4ae292
reloadAllAccessors: .junk

===========================================================================================
----------------- testing Fri Jul 19 06:54:23 UTC 2019 /home/travis/build/icyphy/ptII/ptolemy/actor/lib/hoc/test/auto/Case6.xml
----------------- Instantiating /home/travis/build/icyphy/ptII/ptolemy/actor/lib/hoc/test/auto/Case6.xml
53 ms. Memory: 151552K Free: 130910K (86%)
----------------- Invoking toplevel() on ptolemy.moml.MoMLSimpleApplication@11a6c01e
----------------- Done invoking toplevel() on ptolemy.moml.MoMLSimpleApplication@11a6c01e
reloadAllAccessors: .Case6

===========================================================================================
----------------- testing Fri Jul 19 06:54:23 UTC 2019 /home/travis/build/icyphy/ptII/ptolemy/actor/lib/hoc/test/auto/CaseString2.xml
----------------- Instantiating /home/travis/build/icyphy/ptII/ptolemy/actor/lib/hoc/test/auto/CaseString2.xml
10 ms. Memory: 151552K Free: 123370K (81%)
----------------- Invoking toplevel() on ptolemy.moml.MoMLSimpleApplication@2393a41d
----------------- Done invoking toplevel() on ptolemy.moml.MoMLSimpleApplication@2393a41d
reloadAllAccessors: .CaseString2

===========================================================================================
----------------- testing Fri Jul 19 06:54:23 UTC 2019 /home/travis/build/icyphy/ptII/ptolemy/actor/lib/hoc/test/auto/CatchUpComposite1.xml
----------------- Instantiating /home/travis/build/icyphy/ptII/ptolemy/actor/lib/hoc/test/auto/CatchUpComposite1.xml
28 ms. Memory: 151552K Free: 114526K (76%)
----------------- Invoking toplevel() on ptolemy.moml.MoMLSimpleApplication@48e94cb
----------------- Done invoking toplevel() on ptolemy.moml.MoMLSimpleApplication@48e94cb
reloadAllAccessors: .CatchUpComposite1

===========================================================================================
----------------- testing Fri Jul 19 06:54:23 UTC 2019 /home/travis/build/icyphy/ptII/ptolemy/actor/lib/hoc/test/auto/CatchUpComposite2.xml
----------------- Instantiating /home/travis/build/icyphy/ptII/ptolemy/actor/lib/hoc/test/auto/CatchUpComposite2.xml
12 ms. Memory: 151552K Free: 106334K (70%)
----------------- Invoking toplevel() on ptolemy.moml.MoMLSimpleApplication@685cf430
----------------- Done invoking toplevel() on ptolemy.moml.MoMLSimpleApplication@685cf430
reloadAllAccessors: .CatchUpComposite2

===========================================================================================
----------------- testing Fri Jul 19 06:54:23 UTC 2019 /home/travis/build/icyphy/ptII/ptolemy/actor/lib/hoc/test/auto/CatchUpComposite3.xml
----------------- Instantiating /home/travis/build/icyphy/ptII/ptolemy/actor/lib/hoc/test/auto/CatchUpComposite3.xml
22 ms. Memory: 151552K Free: 97792K (65%)
----------------- Invoking toplevel() on ptolemy.moml.MoMLSimpleApplication@7df969d8
----------------- Done invoking toplevel() on ptolemy.moml.MoMLSimpleApplication@7df969d8
reloadAllAccessors: .CatchUpComposite3

===========================================================================================
----------------- testing Fri Jul 19 06:54:24 UTC 2019 /home/travis/build/icyphy/ptII/ptolemy/actor/lib/hoc/test/auto/CatchUpComposite4.xml
----------------- Instantiating /home/travis/build/icyphy/ptII/ptolemy/actor/lib/hoc/test/auto/CatchUpComposite4.xml
17 ms. Memory: 151552K Free: 89950K (59%)
----------------- Invoking toplevel() on ptolemy.moml.MoMLSimpleApplication@63fd545f
----------------- Done invoking toplevel() on ptolemy.moml.MoMLSimpleApplication@63fd545f
reloadAllAccessors: .CatchUpComposite4

===========================================================================================
----------------- testing Fri Jul 19 06:54:24 UTC 2019 /home/travis/build/icyphy/ptII/ptolemy/actor/lib/hoc/test/auto/CatchUpComposite5.xml
----------------- Instantiating /home/travis/build/icyphy/ptII/ptolemy/actor/lib/hoc/test/auto/CatchUpComposite5.xml
17 ms. Memory: 151552K Free: 134246K (89%)
----------------- Invoking toplevel() on ptolemy.moml.MoMLSimpleApplication@7ed84db1
----------------- Done invoking toplevel() on ptolemy.moml.MoMLSimpleApplication@7ed84db1
reloadAllAccessors: .CatchUpComposite5

===========================================================================================
----------------- testing Fri Jul 19 06:54:24 UTC 2019 /home/travis/build/icyphy/ptII/ptolemy/actor/lib/hoc/test/auto/CatchUpComposite6.xml
----------------- Instantiating /home/travis/build/icyphy/ptII/ptolemy/actor/lib/hoc/test/auto/CatchUpComposite6.xml
WARNING: The execution aspects in this model can influence the timing of actors by delaying the 
execution, potentially changing the behavior. There is no guarantee that actors fire at the 
time they request to be fired. 
Use Ptides for deterministic DE behavior that is not influenced by execution aspects. 

92 ms. Memory: 151552K Free: 119400K (79%)
----------------- Invoking toplevel() on ptolemy.moml.MoMLSimpleApplication@6f72d336
----------------- Done invoking toplevel() on ptolemy.moml.MoMLSimpleApplication@6f72d336
reloadAllAccessors: .CatchUpComposite6

===========================================================================================
----------------- testing Fri Jul 19 06:54:24 UTC 2019 /home/travis/build/icyphy/ptII/ptolemy/actor/lib/hoc/test/auto/CatchUpComposite7.xml
----------------- Instantiating /home/travis/build/icyphy/ptII/ptolemy/actor/lib/hoc/test/auto/CatchUpComposite7.xml
WARNING: The execution aspects in this model can influence the timing of actors by delaying the 
execution, potentially changing the behavior. There is no guarantee that actors fire at the 
time they request to be fired. 
Use Ptides for deterministic DE behavior that is not influenced by execution aspects. 

34 ms. Memory: 151552K Free: 105574K (70%)
----------------- Invoking toplevel() on ptolemy.moml.MoMLSimpleApplication@34369be6
----------------- Done invoking toplevel() on ptolemy.moml.MoMLSimpleApplication@34369be6
reloadAllAccessors: .CatchUpComposite7

===========================================================================================
----------------- testing Fri Jul 19 06:54:24 UTC 2019 /home/travis/build/icyphy/ptII/ptolemy/actor/lib/hoc/test/auto/ConcurrentExecutionTimeSDF.xml
----------------- Instantiating /home/travis/build/icyphy/ptII/ptolemy/actor/lib/hoc/test/auto/ConcurrentExecutionTimeSDF.xml
Fired ExecutionTime: 40400000
Fired ExecutionTime: 40400000
Fired ExecutionTime: 40400000
Fired ExecutionTime: 40400000
Fired ExecutionTime: 40400000
Fired ExecutionTime: 40400000
Fired ExecutionTime: 40400000
Fired ExecutionTime: 40400000
Fired ExecutionTime: 40400000
Fired ExecutionTime: 40400000
Fired ExecutionTime: 40400000
Fired ExecutionTime: 40400000
Fired ExecutionTime: 40400000
Fired ExecutionTime: 40400000
Fired ExecutionTime: 40400000
Fired ExecutionTime: 40400000
Fired ExecutionTime: 40400000
Fired ExecutionTime: 40400000
Fired ExecutionTime: 40400000
Fired ExecutionTime: 40400000
2235 ms. Memory: 151552K Free: 98406K (65%)
----------------- Invoking toplevel() on ptolemy.moml.MoMLSimpleApplication@124e8ddd
----------------- Done invoking toplevel() on ptolemy.moml.MoMLSimpleApplication@124e8ddd
reloadAllAccessors: .ConcurrentExecutionTimeSDF

===========================================================================================
----------------- testing Fri Jul 19 06:54:26 UTC 2019 /home/travis/build/icyphy/ptII/ptolemy/actor/lib/hoc/test/auto/ConcurrentSleep.xml
----------------- Instantiating /home/travis/build/icyphy/ptII/ptolemy/actor/lib/hoc/test/auto/ConcurrentSleep.xml
736 ms. Memory: 151552K Free: 87076K (57%)
----------------- Invoking toplevel() on ptolemy.moml.MoMLSimpleApplication@484e6c13
----------------- Done invoking toplevel() on ptolemy.moml.MoMLSimpleApplication@484e6c13
reloadAllAccessors: .ConcurrentSleep

===========================================================================================
----------------- testing Fri Jul 19 06:54:27 UTC 2019 /home/travis/build/icyphy/ptII/ptolemy/actor/lib/hoc/test/auto/DEInPNInRunCompositeActor.xml
----------------- Instantiating /home/travis/build/icyphy/ptII/ptolemy/actor/lib/hoc/test/auto/DEInPNInRunCompositeActor.xml
11 ms. Memory: 151552K Free: 80488K (53%)
----------------- Invoking toplevel() on ptolemy.moml.MoMLSimpleApplication@ebc6378
----------------- Done invoking toplevel() on ptolemy.moml.MoMLSimpleApplication@ebc6378
reloadAllAccessors: .DEInPNInRunCompositeActor

===========================================================================================
----------------- testing Fri Jul 19 06:54:27 UTC 2019 /home/travis/build/icyphy/ptII/ptolemy/actor/lib/hoc/test/auto/DFTSubSetTest.xml
----------------- Instantiating /home/travis/build/icyphy/ptII/ptolemy/actor/lib/hoc/test/auto/DFTSubSetTest.xml
184 ms. Memory: 151552K Free: 124890K (82%)
----------------- Invoking toplevel() on ptolemy.moml.MoMLSimpleApplication@271dc024
----------------- Done invoking toplevel() on ptolemy.moml.MoMLSimpleApplication@271dc024
reloadAllAccessors: .DFTSubSetTest

===========================================================================================
----------------- testing Fri Jul 19 06:54:27 UTC 2019 /home/travis/build/icyphy/ptII/ptolemy/actor/lib/hoc/test/auto/HocDE.xml
----------------- Instantiating /home/travis/build/icyphy/ptII/ptolemy/actor/lib/hoc/test/auto/HocDE.xml
143 ms. Memory: 151552K Free: 99692K (66%)
----------------- Invoking toplevel() on ptolemy.moml.MoMLSimpleApplication@66fd9f90
----------------- Done invoking toplevel() on ptolemy.moml.MoMLSimpleApplication@66fd9f90
reloadAllAccessors: .HocDE

===========================================================================================
----------------- testing Fri Jul 19 06:54:27 UTC 2019 /home/travis/build/icyphy/ptII/ptolemy/actor/lib/hoc/test/auto/IterateOverArray.xml
----------------- Instantiating /home/travis/build/icyphy/ptII/ptolemy/actor/lib/hoc/test/auto/IterateOverArray.xml
8 ms. Memory: 151552K Free: 95075K (63%)
----------------- Invoking toplevel() on ptolemy.moml.MoMLSimpleApplication@37036aff
----------------- Done invoking toplevel() on ptolemy.moml.MoMLSimpleApplication@37036aff
reloadAllAccessors: .IterateOverArray

===========================================================================================
----------------- testing Fri Jul 19 06:54:27 UTC 2019 /home/travis/build/icyphy/ptII/ptolemy/actor/lib/hoc/test/auto/IterateOverArray10.xml
----------------- Instantiating /home/travis/build/icyphy/ptII/ptolemy/actor/lib/hoc/test/auto/IterateOverArray10.xml
4 ms. Memory: 151552K Free: 91937K (61%)
----------------- Invoking toplevel() on ptolemy.moml.MoMLSimpleApplication@64cb1742
----------------- Done invoking toplevel() on ptolemy.moml.MoMLSimpleApplication@64cb1742
reloadAllAccessors: .IterateOverArray10

===========================================================================================
----------------- testing Fri Jul 19 06:54:27 UTC 2019 /home/travis/build/icyphy/ptII/ptolemy/actor/lib/hoc/test/auto/IterateOverArray11.xml
----------------- Instantiating /home/travis/build/icyphy/ptII/ptolemy/actor/lib/hoc/test/auto/IterateOverArray11.xml
5 ms. Memory: 151552K Free: 87899K (58%)
----------------- Invoking toplevel() on ptolemy.moml.MoMLSimpleApplication@68f39df4
----------------- Done invoking toplevel() on ptolemy.moml.MoMLSimpleApplication@68f39df4
reloadAllAccessors: .IterateOverArray11

===========================================================================================
----------------- testing Fri Jul 19 06:54:28 UTC 2019 /home/travis/build/icyphy/ptII/ptolemy/actor/lib/hoc/test/auto/IterateOverArray12.xml
----------------- Instantiating /home/travis/build/icyphy/ptII/ptolemy/actor/lib/hoc/test/auto/IterateOverArray12.xml
12 ms. Memory: 151552K Free: 81849K (54%)
----------------- Invoking toplevel() on ptolemy.moml.MoMLSimpleApplication@71981091
----------------- Done invoking toplevel() on ptolemy.moml.MoMLSimpleApplication@71981091
reloadAllAccessors: .IterateOverArray12

===========================================================================================
----------------- testing Fri Jul 19 06:54:28 UTC 2019 /home/travis/build/icyphy/ptII/ptolemy/actor/lib/hoc/test/auto/IterateOverArray13.xml
----------------- Instantiating /home/travis/build/icyphy/ptII/ptolemy/actor/lib/hoc/test/auto/IterateOverArray13.xml
60 ms. Memory: 151552K Free: 56249K (37%)
----------------- Invoking toplevel() on ptolemy.moml.MoMLSimpleApplication@74535644
----------------- Done invoking toplevel() on ptolemy.moml.MoMLSimpleApplication@74535644
reloadAllAccessors: .IterateOverArray13

===========================================================================================
----------------- testing Fri Jul 19 06:54:28 UTC 2019 /home/travis/build/icyphy/ptII/ptolemy/actor/lib/hoc/test/auto/IterateOverArray14.xml
----------------- Instantiating /home/travis/build/icyphy/ptII/ptolemy/actor/lib/hoc/test/auto/IterateOverArray14.xml
50 ms. Memory: 151552K Free: 109184K (72%)
----------------- Invoking toplevel() on ptolemy.moml.MoMLSimpleApplication@6a0fdf36
----------------- Done invoking toplevel() on ptolemy.moml.MoMLSimpleApplication@6a0fdf36
reloadAllAccessors: .IterateOverArray14

===========================================================================================
----------------- testing Fri Jul 19 06:54:28 UTC 2019 /home/travis/build/icyphy/ptII/ptolemy/actor/lib/hoc/test/auto/IterateOverArray2.xml
----------------- Instantiating /home/travis/build/icyphy/ptII/ptolemy/actor/lib/hoc/test/auto/IterateOverArray2.xml
4 ms. Memory: 151552K Free: 104574K (69%)
----------------- Invoking toplevel() on ptolemy.moml.MoMLSimpleApplication@3bc4f6b5
----------------- Done invoking toplevel() on ptolemy.moml.MoMLSimpleApplication@3bc4f6b5
reloadAllAccessors: .IterateOverArray2

===========================================================================================
----------------- testing Fri Jul 19 06:54:28 UTC 2019 /home/travis/build/icyphy/ptII/ptolemy/actor/lib/hoc/test/auto/IterateOverArray3.xml
----------------- Instantiating /home/travis/build/icyphy/ptII/ptolemy/actor/lib/hoc/test/auto/IterateOverArray3.xml
7 ms. Memory: 151552K Free: 98944K (65%)
----------------- Invoking toplevel() on ptolemy.moml.MoMLSimpleApplication@4fb01785
----------------- Done invoking toplevel() on ptolemy.moml.MoMLSimpleApplication@4fb01785
reloadAllAccessors: .IterateOverArray3

===========================================================================================
----------------- testing Fri Jul 19 06:54:28 UTC 2019 /home/travis/build/icyphy/ptII/ptolemy/actor/lib/hoc/test/auto/IterateOverArray4.xml
----------------- Instantiating /home/travis/build/icyphy/ptII/ptolemy/actor/lib/hoc/test/auto/IterateOverArray4.xml
5 ms. Memory: 151552K Free: 94848K (63%)
----------------- Invoking toplevel() on ptolemy.moml.MoMLSimpleApplication@76c6d12d
----------------- Done invoking toplevel() on ptolemy.moml.MoMLSimpleApplication@76c6d12d
reloadAllAccessors: .IterateOverArray4

===========================================================================================
----------------- testing Fri Jul 19 06:54:28 UTC 2019 /home/travis/build/icyphy/ptII/ptolemy/actor/lib/hoc/test/auto/IterateOverArray5.xml
----------------- Instantiating /home/travis/build/icyphy/ptII/ptolemy/actor/lib/hoc/test/auto/IterateOverArray5.xml
3 ms. Memory: 151552K Free: 90752K (60%)
----------------- Invoking toplevel() on ptolemy.moml.MoMLSimpleApplication@f68408c
----------------- Done invoking toplevel() on ptolemy.moml.MoMLSimpleApplication@f68408c
reloadAllAccessors: .IterateOverArray5

===========================================================================================
----------------- testing Fri Jul 19 06:54:28 UTC 2019 /home/travis/build/icyphy/ptII/ptolemy/actor/lib/hoc/test/auto/IterateOverArray6.xml
----------------- Instantiating /home/travis/build/icyphy/ptII/ptolemy/actor/lib/hoc/test/auto/IterateOverArray6.xml
2 ms. Memory: 151552K Free: 87166K (58%)
----------------- Invoking toplevel() on ptolemy.moml.MoMLSimpleApplication@5796bda9
----------------- Done invoking toplevel() on ptolemy.moml.MoMLSimpleApplication@5796bda9
reloadAllAccessors: .IterateOverArray6

===========================================================================================
----------------- testing Fri Jul 19 06:54:28 UTC 2019 /home/travis/build/icyphy/ptII/ptolemy/actor/lib/hoc/test/auto/IterateOverArray7.xml
----------------- Instantiating /home/travis/build/icyphy/ptII/ptolemy/actor/lib/hoc/test/auto/IterateOverArray7.xml
7 ms. Memory: 151552K Free: 82560K (54%)
----------------- Invoking toplevel() on ptolemy.moml.MoMLSimpleApplication@7dae0a19
----------------- Done invoking toplevel() on ptolemy.moml.MoMLSimpleApplication@7dae0a19
reloadAllAccessors: .IterateOverArray7

===========================================================================================
----------------- testing Fri Jul 19 06:54:28 UTC 2019 /home/travis/build/icyphy/ptII/ptolemy/actor/lib/hoc/test/auto/IterateOverArray8.xml
----------------- Instantiating /home/travis/build/icyphy/ptII/ptolemy/actor/lib/hoc/test/auto/IterateOverArray8.xml
11 ms. Memory: 151552K Free: 78464K (52%)
----------------- Invoking toplevel() on ptolemy.moml.MoMLSimpleApplication@66aa2b11
----------------- Done invoking toplevel() on ptolemy.moml.MoMLSimpleApplication@66aa2b11
reloadAllAccessors: .IterateOverArray8

===========================================================================================
----------------- testing Fri Jul 19 06:54:28 UTC 2019 /home/travis/build/icyphy/ptII/ptolemy/actor/lib/hoc/test/auto/IterateOverArray9.xml
----------------- Instantiating /home/travis/build/icyphy/ptII/ptolemy/actor/lib/hoc/test/auto/IterateOverArray9.xml
7 ms. Memory: 151552K Free: 74368K (49%)
----------------- Invoking toplevel() on ptolemy.moml.MoMLSimpleApplication@6631b2d0
----------------- Done invoking toplevel() on ptolemy.moml.MoMLSimpleApplication@6631b2d0
reloadAllAccessors: .IterateOverArray9

===========================================================================================
----------------- testing Fri Jul 19 06:54:28 UTC 2019 /home/travis/build/icyphy/ptII/ptolemy/actor/lib/hoc/test/auto/IterateOverArrayCoercedOutputType.xml
----------------- Instantiating /home/travis/build/icyphy/ptII/ptolemy/actor/lib/hoc/test/auto/IterateOverArrayCoercedOutputType.xml
7 ms. Memory: 151552K Free: 69248K (46%)
----------------- Invoking toplevel() on ptolemy.moml.MoMLSimpleApplication@4fa93e37
----------------- Done invoking toplevel() on ptolemy.moml.MoMLSimpleApplication@4fa93e37
reloadAllAccessors: .IterateOverArrayCoercedOutputType

===========================================================================================
----------------- testing Fri Jul 19 06:54:28 UTC 2019 /home/travis/build/icyphy/ptII/ptolemy/actor/lib/hoc/test/auto/IterateOverArrayInferredOutputType.xml
----------------- Instantiating /home/travis/build/icyphy/ptII/ptolemy/actor/lib/hoc/test/auto/IterateOverArrayInferredOutputType.xml
12 ms. Memory: 151552K Free: 64638K (43%)
----------------- Invoking toplevel() on ptolemy.moml.MoMLSimpleApplication@68cf2a70
----------------- Done invoking toplevel() on ptolemy.moml.MoMLSimpleApplication@68cf2a70
reloadAllAccessors: .IterateOverArrayInferredOutputType

===========================================================================================
----------------- testing Fri Jul 19 06:54:28 UTC 2019 /home/travis/build/icyphy/ptII/ptolemy/actor/lib/hoc/test/auto/MobileFunctionTest.xml
----------------- Instantiating /home/travis/build/icyphy/ptII/ptolemy/actor/lib/hoc/test/auto/MobileFunctionTest.xml
4 ms. Memory: 151552K Free: 60032K (40%)
----------------- Invoking toplevel() on ptolemy.moml.MoMLSimpleApplication@30cd07e0
----------------- Done invoking toplevel() on ptolemy.moml.MoMLSimpleApplication@30cd07e0
reloadAllAccessors: .MobileFunctionTest

===========================================================================================
----------------- testing Fri Jul 19 06:54:28 UTC 2019 /home/travis/build/icyphy/ptII/ptolemy/actor/lib/hoc/test/auto/MobileModelTest.xml
----------------- Instantiating /home/travis/build/icyphy/ptII/ptolemy/actor/lib/hoc/test/auto/MobileModelTest.xml
171 ms. Memory: 151552K Free: 126834K (84%)
----------------- Invoking toplevel() on ptolemy.moml.MoMLSimpleApplication@42bbf27b
----------------- Done invoking toplevel() on ptolemy.moml.MoMLSimpleApplication@42bbf27b
reloadAllAccessors: .MobileModelTest

===========================================================================================
----------------- testing Fri Jul 19 06:54:28 UTC 2019 /home/travis/build/icyphy/ptII/ptolemy/actor/lib/hoc/test/auto/ModelReference.xml
----------------- Instantiating /home/travis/build/icyphy/ptII/ptolemy/actor/lib/hoc/test/auto/ModelReference.xml
3 ms. Memory: 151552K Free: 120099K (79%)
2 ms. Memory: 151552K Free: 119515K (79%)
2 ms. Memory: 151552K Free: 118515K (78%)
5 ms. Memory: 151552K Free: 117491K (78%)
1 ms. Memory: 151552K Free: 117019K (77%)
1 ms. Memory: 151552K Free: 116011K (77%)
1 ms. Memory: 151552K Free: 115443K (76%)
2 ms. Memory: 151552K Free: 114411K (75%)
2 ms. Memory: 151552K Free: 113395K (75%)
1 ms. Memory: 151552K Free: 112923K (75%)
27 ms. Memory: 151552K Free: 112923K (75%)
----------------- Invoking toplevel() on ptolemy.moml.MoMLSimpleApplication@64ac0907
----------------- Done invoking toplevel() on ptolemy.moml.MoMLSimpleApplication@64ac0907
reloadAllAccessors: .ModelReference

===========================================================================================
----------------- testing Fri Jul 19 06:54:28 UTC 2019 /home/travis/build/icyphy/ptII/ptolemy/actor/lib/hoc/test/auto/ModelReference3.xml
----------------- Instantiating /home/travis/build/icyphy/ptII/ptolemy/actor/lib/hoc/test/auto/ModelReference3.xml
1 ms. Memory: 151552K Free: 108732K (72%)
3 ms. Memory: 151552K Free: 107795K (71%)
1 ms. Memory: 151552K Free: 106779K (70%)
3 ms. Memory: 151552K Free: 106227K (70%)
1 ms. Memory: 151552K Free: 105203K (69%)
1 ms. Memory: 151552K Free: 104636K (69%)
3 ms. Memory: 151552K Free: 103723K (68%)
2 ms. Memory: 151552K Free: 102699K (68%)
1 ms. Memory: 151552K Free: 102131K (67%)
1 ms. Memory: 151552K Free: 101107K (67%)
28 ms. Memory: 151552K Free: 101107K (67%)
----------------- Invoking toplevel() on ptolemy.moml.MoMLSimpleApplication@2bd0c1e8
----------------- Done invoking toplevel() on ptolemy.moml.MoMLSimpleApplication@2bd0c1e8
reloadAllAccessors: .ModelReference3

===========================================================================================
----------------- testing Fri Jul 19 06:54:28 UTC 2019 /home/travis/build/icyphy/ptII/ptolemy/actor/lib/hoc/test/auto/ModelReference4.xml
----------------- Instantiating /home/travis/build/icyphy/ptII/ptolemy/actor/lib/hoc/test/auto/ModelReference4.xml
3 ms. Memory: 151552K Free: 96539K (64%)
2 ms. Memory: 151552K Free: 94947K (63%)
3 ms. Memory: 151552K Free: 93923K (62%)
2 ms. Memory: 151552K Free: 92899K (61%)
6 ms. Memory: 151552K Free: 91419K (60%)
2 ms. Memory: 151552K Free: 90441K (60%)
3 ms. Memory: 151552K Free: 88803K (59%)
2 ms. Memory: 151552K Free: 87779K (58%)
4 ms. Memory: 151552K Free: 86755K (57%)
2 ms. Memory: 151552K Free: 85275K (56%)
10018 ms. Memory: 151552K Free: 85275K (56%)
----------------- Invoking toplevel() on ptolemy.moml.MoMLSimpleApplication@3d6cf5d0
----------------- Done invoking toplevel() on ptolemy.moml.MoMLSimpleApplication@3d6cf5d0
reloadAllAccessors: .ModelReference4

===========================================================================================
----------------- testing Fri Jul 19 06:54:38 UTC 2019 /home/travis/build/icyphy/ptII/ptolemy/actor/lib/hoc/test/auto/MultiInstanceComposite.xml
----------------- Instantiating /home/travis/build/icyphy/ptII/ptolemy/actor/lib/hoc/test/auto/MultiInstanceComposite.xml
29 ms. Memory: 151552K Free: 66305K (44%)
----------------- Invoking toplevel() on ptolemy.moml.MoMLSimpleApplication@62a2b94d
----------------- Done invoking toplevel() on ptolemy.moml.MoMLSimpleApplication@62a2b94d
reloadAllAccessors: .MultiInstanceComposite

===========================================================================================
----------------- testing Fri Jul 19 06:54:38 UTC 2019 /home/travis/build/icyphy/ptII/ptolemy/actor/lib/hoc/test/auto/MultiInstanceComposite2.xml
----------------- Instantiating /home/travis/build/icyphy/ptII/ptolemy/actor/lib/hoc/test/auto/MultiInstanceComposite2.xml
24 ms. Memory: 151552K Free: 55041K (36%)
----------------- Invoking toplevel() on ptolemy.moml.MoMLSimpleApplication@7fc3da14
----------------- Done invoking toplevel() on ptolemy.moml.MoMLSimpleApplication@7fc3da14
reloadAllAccessors: .MultiInstanceComposite2

===========================================================================================
----------------- testing Fri Jul 19 06:54:39 UTC 2019 /home/travis/build/icyphy/ptII/ptolemy/actor/lib/hoc/test/auto/MulticoreExecution.xml
----------------- Instantiating /home/travis/build/icyphy/ptII/ptolemy/actor/lib/hoc/test/auto/MulticoreExecution.xml
Fired ExecutionTime: 2400000
Fired ExecutionTime: 9600000
Fired ExecutionTime: 88400000
Fired ExecutionTime: 99600000
Fired ExecutionTime: 89200000
Fired ExecutionTime: 88800000
Fired ExecutionTime: 88800000
Fired ExecutionTime: 88800000
Fired ExecutionTime: 88000000
Fired ExecutionTime: 88800000
Fired ExecutionTime: 89200000
Fired ExecutionTime: 88000000
Fired ExecutionTime: 88000000
Fired ExecutionTime: 88000000
Fired ExecutionTime: 88800000
Fired ExecutionTime: 88000000
Fired ExecutionTime: 88800000
Fired ExecutionTime: 86800000
Fired ExecutionTime: 87200000
Fired ExecutionTime: 87600000
1058 ms. Memory: 151552K Free: 134213K (89%)
----------------- Invoking toplevel() on ptolemy.moml.MoMLSimpleApplication@24b6c3c0
----------------- Done invoking toplevel() on ptolemy.moml.MoMLSimpleApplication@24b6c3c0
reloadAllAccessors: .MulticoreExecution

===========================================================================================
----------------- testing Fri Jul 19 06:54:40 UTC 2019 /home/travis/build/icyphy/ptII/ptolemy/actor/lib/hoc/test/auto/ParallelExecution.xml
----------------- Instantiating /home/travis/build/icyphy/ptII/ptolemy/actor/lib/hoc/test/auto/ParallelExecution.xml
913 ms. Memory: 151552K Free: 127045K (84%)
----------------- Invoking toplevel() on ptolemy.moml.MoMLSimpleApplication@5f61443
----------------- Done invoking toplevel() on ptolemy.moml.MoMLSimpleApplication@5f61443
reloadAllAccessors: .ParallelExecution

===========================================================================================
----------------- testing Fri Jul 19 06:54:41 UTC 2019 /home/travis/build/icyphy/ptII/ptolemy/actor/lib/hoc/test/auto/RunCompositeActor.xml
----------------- Instantiating /home/travis/build/icyphy/ptII/ptolemy/actor/lib/hoc/test/auto/RunCompositeActor.xml
8 ms. Memory: 151552K Free: 119988K (79%)
----------------- Invoking toplevel() on ptolemy.moml.MoMLSimpleApplication@31830bab
----------------- Done invoking toplevel() on ptolemy.moml.MoMLSimpleApplication@31830bab
reloadAllAccessors: .RunCompositeActor

===========================================================================================
----------------- testing Fri Jul 19 06:54:41 UTC 2019 /home/travis/build/icyphy/ptII/ptolemy/actor/lib/hoc/test/auto/RunCompositeActor2.xml
----------------- Instantiating /home/travis/build/icyphy/ptII/ptolemy/actor/lib/hoc/test/auto/RunCompositeActor2.xml
7 ms. Memory: 151552K Free: 113834K (75%)
----------------- Invoking toplevel() on ptolemy.moml.MoMLSimpleApplication@55016ddd
----------------- Done invoking toplevel() on ptolemy.moml.MoMLSimpleApplication@55016ddd
reloadAllAccessors: .RunCompositeActor2

===========================================================================================
----------------- testing Fri Jul 19 06:54:41 UTC 2019 /home/travis/build/icyphy/ptII/ptolemy/actor/lib/hoc/test/auto/RunCompositeActor3.xml
----------------- Instantiating /home/travis/build/icyphy/ptII/ptolemy/actor/lib/hoc/test/auto/RunCompositeActor3.xml
3 ms. Memory: 151552K Free: 108613K (72%)
----------------- Invoking toplevel() on ptolemy.moml.MoMLSimpleApplication@7107f3dc
----------------- Done invoking toplevel() on ptolemy.moml.MoMLSimpleApplication@7107f3dc
reloadAllAccessors: .RunCompositeActor3

===========================================================================================
----------------- testing Fri Jul 19 06:54:41 UTC 2019 /home/travis/build/icyphy/ptII/ptolemy/actor/lib/hoc/test/auto/RunCompositeActor4.xml
----------------- Instantiating /home/travis/build/icyphy/ptII/ptolemy/actor/lib/hoc/test/auto/RunCompositeActor4.xml
10 ms. Memory: 151552K Free: 100562K (66%)
----------------- Invoking toplevel() on ptolemy.moml.MoMLSimpleApplication@28066e4c
----------------- Done invoking toplevel() on ptolemy.moml.MoMLSimpleApplication@28066e4c
reloadAllAccessors: .RunCompositeActor4

===========================================================================================
----------------- testing Fri Jul 19 06:54:41 UTC 2019 /home/travis/build/icyphy/ptII/ptolemy/actor/lib/hoc/test/auto/RunCompositeIterateOverArray.xml
----------------- Instantiating /home/travis/build/icyphy/ptII/ptolemy/actor/lib/hoc/test/auto/RunCompositeIterateOverArray.xml
5 ms. Memory: 151552K Free: 94859K (63%)
----------------- Invoking toplevel() on ptolemy.moml.MoMLSimpleApplication@71efb87e
----------------- Done invoking toplevel() on ptolemy.moml.MoMLSimpleApplication@71efb87e
reloadAllAccessors: .RunCompositeIterateOverArray

===========================================================================================
----------------- testing Fri Jul 19 06:54:41 UTC 2019 /home/travis/build/icyphy/ptII/ptolemy/actor/lib/hoc/test/auto/ThreadedJS.xml
----------------- Instantiating /home/travis/build/icyphy/ptII/ptolemy/actor/lib/hoc/test/auto/ThreadedJS.xml
5534 ms. Memory: 219136K Free: 90624K (41%)
----------------- Invoking toplevel() on ptolemy.moml.MoMLSimpleApplication@58e6ec8b
----------------- Done invoking toplevel() on ptolemy.moml.MoMLSimpleApplication@58e6ec8b
reloadAllAccessors: .ThreadedJS
AutoTests.java: About to close Vertx.
AutoTests.java: Vertx closed.
]]></system-out>
  <system-err><![CDATA[java.lang.RuntimeException: Execution failed
	at ptolemy.moml.MoMLSimpleApplication$UnloadThread.run(MoMLSimpleApplication.java:402)
Caused by: ptolemy.kernel.util.IllegalActionException: initialize() was called after wrapup() was called but preinitialize() was not called after wrapup().
	at ptolemy.actor.lib.hoc.test.PreinitializeMustBeInvoked.initialize(PreinitializeMustBeInvoked.java:78)
	at ptolemy.actor.Director.initialize(Director.java:938)
	at ptolemy.actor.Director.initialize(Director.java:907)
	at ptolemy.actor.sched.StaticSchedulingDirector.initialize(StaticSchedulingDirector.java:159)
	at ptolemy.domains.sdf.kernel.SDFDirector.initialize(SDFDirector.java:544)
	at ptolemy.actor.CompositeActor.initialize(CompositeActor.java:935)
	at ptolemy.actor.lib.hoc.LifeCycleManager._executeInsideModel(LifeCycleManager.java:339)
	at ptolemy.actor.lib.hoc.RunCompositeActor.fire(RunCompositeActor.java:205)
	at ptolemy.actor.CompositeActor.iterate(CompositeActor.java:1146)
	at ptolemy.actor.sched.StaticSchedulingDirector.fire(StaticSchedulingDirector.java:216)
	at ptolemy.domains.sdf.kernel.SDFDirector.fire(SDFDirector.java:500)
	at ptolemy.actor.CompositeActor.fire(CompositeActor.java:455)
	at ptolemy.actor.Manager.iterate(Manager.java:851)
	at ptolemy.actor.Manager.execute(Manager.java:369)
	at ptolemy.actor.Manager.run(Manager.java:1263)
	at ptolemy.actor.Manager$PtolemyRunThread.run(Manager.java:1933)
java.lang.reflect.InvocationTargetException
	at java.base/jdk.internal.reflect.NativeConstructorAccessorImpl.newInstance0(Native Method)
	at java.base/jdk.internal.reflect.NativeConstructorAccessorImpl.newInstance(NativeConstructorAccessorImpl.java:62)
	at java.base/jdk.internal.reflect.DelegatingConstructorAccessorImpl.newInstance(DelegatingConstructorAccessorImpl.java:45)
	at java.base/java.lang.reflect.Constructor.newInstance(Constructor.java:490)
	at ptolemy.util.test.junit.AutoKnownFailedTests.RunModel(AutoKnownFailedTests.java:105)
	at java.base/jdk.internal.reflect.NativeMethodAccessorImpl.invoke0(Native Method)
	at java.base/jdk.internal.reflect.NativeMethodAccessorImpl.invoke(NativeMethodAccessorImpl.java:62)
	at java.base/jdk.internal.reflect.DelegatingMethodAccessorImpl.invoke(DelegatingMethodAccessorImpl.java:43)
	at java.base/java.lang.reflect.Method.invoke(Method.java:566)
	at org.junit.runners.model.FrameworkMethod$1.runReflectiveCall(FrameworkMethod.java:44)
	at org.junit.internal.runners.model.ReflectiveCallable.run(ReflectiveCallable.java:15)
	at org.junit.runners.model.FrameworkMethod.invokeExplosively(FrameworkMethod.java:41)
	at junitparams.internal.InvokeParameterisedMethod.evaluate(InvokeParameterisedMethod.java:102)
	at org.junit.internal.runners.statements.FailOnTimeout$1.run(FailOnTimeout.java:28)
Caused by: ptolemy.kernel.util.IllegalActionException: initialize() was called after wrapup() was called but preinitialize() was not called after wrapup().
	at ptolemy.actor.lib.hoc.test.PreinitializeMustBeInvoked.initialize(PreinitializeMustBeInvoked.java:78)
	at ptolemy.actor.Director.initialize(Director.java:938)
	at ptolemy.actor.Director.initialize(Director.java:907)
	at ptolemy.actor.sched.StaticSchedulingDirector.initialize(StaticSchedulingDirector.java:159)
	at ptolemy.domains.sdf.kernel.SDFDirector.initialize(SDFDirector.java:544)
	at ptolemy.actor.CompositeActor.initialize(CompositeActor.java:935)
	at ptolemy.actor.lib.hoc.LifeCycleManager._executeInsideModel(LifeCycleManager.java:339)
	at ptolemy.actor.lib.hoc.RunCompositeActor.fire(RunCompositeActor.java:205)
	at ptolemy.actor.CompositeActor.iterate(CompositeActor.java:1146)
	at ptolemy.actor.sched.StaticSchedulingDirector.fire(StaticSchedulingDirector.java:216)
	at ptolemy.domains.sdf.kernel.SDFDirector.fire(SDFDirector.java:500)
	at ptolemy.actor.CompositeActor.fire(CompositeActor.java:455)
	at ptolemy.actor.Manager.iterate(Manager.java:851)
	at ptolemy.actor.Manager.execute(Manager.java:369)
	at ptolemy.actor.Manager.run(Manager.java:1263)
	at ptolemy.actor.Manager$PtolemyRunThread.run(Manager.java:1933)
Warning: Nashorn engine is planned to be removed from a future JDK release
Warning: Nashorn engine is planned to be removed from a future JDK release
Warning: Nashorn engine is planned to be removed from a future JDK release
Warning: Nashorn engine is planned to be removed from a future JDK release
Warning: Nashorn engine is planned to be removed from a future JDK release
Warning: Nashorn engine is planned to be removed from a future JDK release
Warning: Nashorn engine is planned to be removed from a future JDK release
Warning: Nashorn engine is planned to be removed from a future JDK release
]]></system-err>
</testsuite>
