<?xml version="1.0" encoding="UTF-8" ?>
<testsuite errors="0" failures="0" hostname="travis-job-bb5d9908-6b13-4475-aacc-55dd9c0a40d0" name="ptolemy.domains.de.test.junit.JUnitTclTest" skipped="0" tests="101" time="131.602" timestamp="2019-11-26T06:16:39">
  <properties>
[...]
</properties>
  <testcase classname="ptolemy.util.test.junit.TclTests" name="[0] /home/travis/build/icyphy/ptII/ptolemy/domains/de/test/DependencyLoop.tcl (RunTclFile)" time="0.997" />
  <testcase classname="ptolemy.util.test.junit.TclTests" name="[1] /home/travis/build/icyphy/ptII/ptolemy/domains/de/test/RunDETestsAsQSS.tcl (RunTclFile)" time="88.832" />
  <testcase classname="ptolemy.util.test.junit.AutoKnownFailedTests" name="[0] /home/travis/build/icyphy/ptII/ptolemy/domains/de/test/auto/knownFailedTests/DESDFClockTest.xml (RunModel)" time="2.054" />
  <testcase classname="ptolemy.util.test.junit.AutoKnownFailedTests" name="[1] /home/travis/build/icyphy/ptII/ptolemy/domains/de/test/auto/knownFailedTests/DirectFeedback.xml (RunModel)" time="0.012" />
  <testcase classname="ptolemy.util.test.junit.AutoKnownFailedTests" name="[2] /home/travis/build/icyphy/ptII/ptolemy/domains/de/test/auto/knownFailedTests/FSMSource.xml (RunModel)" time="0.034" />
  <testcase classname="ptolemy.util.test.junit.AutoKnownFailedTests" name="[3] /home/travis/build/icyphy/ptII/ptolemy/domains/de/test/auto/knownFailedTests/HierarchicalModel.xml (RunModel)" time="0.048" />
  <testcase classname="ptolemy.util.test.junit.AutoKnownFailedTests" name="[4] /home/travis/build/icyphy/ptII/ptolemy/domains/de/test/auto/knownFailedTests/dependencyLoop.xml (RunModel)" time="0.095" />
  <testcase classname="ptolemy.util.test.junit.AutoKnownFailedTests" name="[5] /home/travis/build/icyphy/ptII/ptolemy/domains/de/test/auto/knownFailedTests/dependencyLoop2.xml (RunModel)" time="0.091" />
  <testcase classname="ptolemy.util.test.junit.AutoNameArchTests" name="[0] ThereAreNoAutoArchTests (RunModel)" time="0.008" />
  <testcase classname="ptolemy.util.test.junit.AutoTests" name="[0] /home/travis/build/icyphy/ptII/ptolemy/domains/de/test/auto/ActorDepthCalculation_actorWithoutPorts.xml (RunModel)" time="0.041" />
  <testcase classname="ptolemy.util.test.junit.AutoTests" name="[1] /home/travis/build/icyphy/ptII/ptolemy/domains/de/test/auto/AssemblyLine.xml (RunModel)" time="0.05" />
  <testcase classname="ptolemy.util.test.junit.AutoTests" name="[2] /home/travis/build/icyphy/ptII/ptolemy/domains/de/test/auto/CQBug1.xml (RunModel)" time="0.02" />
  <testcase classname="ptolemy.util.test.junit.AutoTests" name="[3] /home/travis/build/icyphy/ptII/ptolemy/domains/de/test/auto/CancelFireAt.xml (RunModel)" time="0.012" />
  <testcase classname="ptolemy.util.test.junit.AutoTests" name="[4] /home/travis/build/icyphy/ptII/ptolemy/domains/de/test/auto/CausalityAndComposabilityAnalysis.xml (RunModel)" time="0.011" />
  <testcase classname="ptolemy.util.test.junit.AutoTests" name="[5] /home/travis/build/icyphy/ptII/ptolemy/domains/de/test/auto/CausalityInterface1.xml (RunModel)" time="0.012" />
  <testcase classname="ptolemy.util.test.junit.AutoTests" name="[6] /home/travis/build/icyphy/ptII/ptolemy/domains/de/test/auto/CausalityInterface15.xml (RunModel)" time="0.016" />
  <testcase classname="ptolemy.util.test.junit.AutoTests" name="[7] /home/travis/build/icyphy/ptII/ptolemy/domains/de/test/auto/CausalityInterface2.xml (RunModel)" time="0.011" />
  <testcase classname="ptolemy.util.test.junit.AutoTests" name="[8] /home/travis/build/icyphy/ptII/ptolemy/domains/de/test/auto/CausalityInterface3.xml (RunModel)" time="0.011" />
  <testcase classname="ptolemy.util.test.junit.AutoTests" name="[9] /home/travis/build/icyphy/ptII/ptolemy/domains/de/test/auto/ClockDrift.xml (RunModel)" time="0.039" />
  <testcase classname="ptolemy.util.test.junit.AutoTests" name="[10] /home/travis/build/icyphy/ptII/ptolemy/domains/de/test/auto/ClockDriftAndValueChange.xml (RunModel)" time="0.036" />
  <testcase classname="ptolemy.util.test.junit.AutoTests" name="[11] /home/travis/build/icyphy/ptII/ptolemy/domains/de/test/auto/ClockDriftChange.xml (RunModel)" time="0.028" />
  <testcase classname="ptolemy.util.test.junit.AutoTests" name="[12] /home/travis/build/icyphy/ptII/ptolemy/domains/de/test/auto/ComposableCausalityAnalysis.xml (RunModel)" time="0.015" />
  <testcase classname="ptolemy.util.test.junit.AutoTests" name="[13] /home/travis/build/icyphy/ptII/ptolemy/domains/de/test/auto/DEFixedPointLimitation.xml (RunModel)" time="0.012" />
  <testcase classname="ptolemy.util.test.junit.AutoTests" name="[14] /home/travis/build/icyphy/ptII/ptolemy/domains/de/test/auto/DEScheduleTest.xml (RunModel)" time="0.015" />
  <testcase classname="ptolemy.util.test.junit.AutoTests" name="[15] /home/travis/build/icyphy/ptII/ptolemy/domains/de/test/auto/DEinDEwithStartTimes.xml (RunModel)" time="0.015" />
  <testcase classname="ptolemy.util.test.junit.AutoTests" name="[16] /home/travis/build/icyphy/ptII/ptolemy/domains/de/test/auto/DEinDEwithStartTimes2.xml (RunModel)" time="0.018" />
  <testcase classname="ptolemy.util.test.junit.AutoTests" name="[17] /home/travis/build/icyphy/ptII/ptolemy/domains/de/test/auto/DateDemo.xml (RunModel)" time="0.032" />
  <testcase classname="ptolemy.util.test.junit.AutoTests" name="[18] /home/travis/build/icyphy/ptII/ptolemy/domains/de/test/auto/DateToEvent.xml (RunModel)" time="2.041" />
  <testcase classname="ptolemy.util.test.junit.AutoTests" name="[19] /home/travis/build/icyphy/ptII/ptolemy/domains/de/test/auto/DepthTest1.xml (RunModel)" time="0.016" />
  <testcase classname="ptolemy.util.test.junit.AutoTests" name="[20] /home/travis/build/icyphy/ptII/ptolemy/domains/de/test/auto/DepthTest2.xml (RunModel)" time="0.022" />
  <testcase classname="ptolemy.util.test.junit.AutoTests" name="[21] /home/travis/build/icyphy/ptII/ptolemy/domains/de/test/auto/DepthTest3.xml (RunModel)" time="0.009" />
  <testcase classname="ptolemy.util.test.junit.AutoTests" name="[22] /home/travis/build/icyphy/ptII/ptolemy/domains/de/test/auto/DepthTest4.xml (RunModel)" time="0.02" />
  <testcase classname="ptolemy.util.test.junit.AutoTests" name="[23] /home/travis/build/icyphy/ptII/ptolemy/domains/de/test/auto/DepthTest5.xml (RunModel)" time="0.015" />
  <testcase classname="ptolemy.util.test.junit.AutoTests" name="[24] /home/travis/build/icyphy/ptII/ptolemy/domains/de/test/auto/DepthTest6.xml (RunModel)" time="0.013" />
  <testcase classname="ptolemy.util.test.junit.AutoTests" name="[25] /home/travis/build/icyphy/ptII/ptolemy/domains/de/test/auto/DepthTest7.xml (RunModel)" time="0.014" />
  <testcase classname="ptolemy.util.test.junit.AutoTests" name="[26] /home/travis/build/icyphy/ptII/ptolemy/domains/de/test/auto/EventToDate.xml (RunModel)" time="3.05" />
  <testcase classname="ptolemy.util.test.junit.AutoTests" name="[27] /home/travis/build/icyphy/ptII/ptolemy/domains/de/test/auto/FSM1.xml (RunModel)" time="0.046" />
  <testcase classname="ptolemy.util.test.junit.AutoTests" name="[28] /home/travis/build/icyphy/ptII/ptolemy/domains/de/test/auto/FSM7.xml (RunModel)" time="0.042" />
  <testcase classname="ptolemy.util.test.junit.AutoTests" name="[29] /home/travis/build/icyphy/ptII/ptolemy/domains/de/test/auto/Inspection.xml (RunModel)" time="0.042" />
  <testcase classname="ptolemy.util.test.junit.AutoTests" name="[30] /home/travis/build/icyphy/ptII/ptolemy/domains/de/test/auto/Iteration.xml (RunModel)" time="0.022" />
  <testcase classname="ptolemy.util.test.junit.AutoTests" name="[31] /home/travis/build/icyphy/ptII/ptolemy/domains/de/test/auto/LineFault.xml (RunModel)" time="0.627" />
  <testcase classname="ptolemy.util.test.junit.AutoTests" name="[32] /home/travis/build/icyphy/ptII/ptolemy/domains/de/test/auto/MergeModel1Add.xml (RunModel)" time="0.052" />
  <testcase classname="ptolemy.util.test.junit.AutoTests" name="[33] /home/travis/build/icyphy/ptII/ptolemy/domains/de/test/auto/MergeModel2Add.xml (RunModel)" time="0.045" />
  <testcase classname="ptolemy.util.test.junit.AutoTests" name="[34] /home/travis/build/icyphy/ptII/ptolemy/domains/de/test/auto/MergeModel3Add.xml (RunModel)" time="0.049" />
  <testcase classname="ptolemy.util.test.junit.AutoTests" name="[35] /home/travis/build/icyphy/ptII/ptolemy/domains/de/test/auto/MergeWithoutDiscard.xml (RunModel)" time="0.018" />
  <testcase classname="ptolemy.util.test.junit.AutoTests" name="[36] /home/travis/build/icyphy/ptII/ptolemy/domains/de/test/auto/Modal1.xml (RunModel)" time="0.025" />
  <testcase classname="ptolemy.util.test.junit.AutoTests" name="[37] /home/travis/build/icyphy/ptII/ptolemy/domains/de/test/auto/Modal2.xml (RunModel)" time="0.039" />
  <testcase classname="ptolemy.util.test.junit.AutoTests" name="[38] /home/travis/build/icyphy/ptII/ptolemy/domains/de/test/auto/Modal3.xml (RunModel)" time="0.027" />
  <testcase classname="ptolemy.util.test.junit.AutoTests" name="[39] /home/travis/build/icyphy/ptII/ptolemy/domains/de/test/auto/Modal4.xml (RunModel)" time="0.042" />
  <testcase classname="ptolemy.util.test.junit.AutoTests" name="[40] /home/travis/build/icyphy/ptII/ptolemy/domains/de/test/auto/Modal5.xml (RunModel)" time="0.029" />
  <testcase classname="ptolemy.util.test.junit.AutoTests" name="[41] /home/travis/build/icyphy/ptII/ptolemy/domains/de/test/auto/Modal6.xml (RunModel)" time="0.044" />
  <testcase classname="ptolemy.util.test.junit.AutoTests" name="[42] /home/travis/build/icyphy/ptII/ptolemy/domains/de/test/auto/Modal7.xml (RunModel)" time="0.049" />
  <testcase classname="ptolemy.util.test.junit.AutoTests" name="[43] /home/travis/build/icyphy/ptII/ptolemy/domains/de/test/auto/ModalModel.xml (RunModel)" time="0.179" />
  <testcase classname="ptolemy.util.test.junit.AutoTests" name="[44] /home/travis/build/icyphy/ptII/ptolemy/domains/de/test/auto/ModalSource.xml (RunModel)" time="0.026" />
  <testcase classname="ptolemy.util.test.junit.AutoTests" name="[45] /home/travis/build/icyphy/ptII/ptolemy/domains/de/test/auto/NonInterruptibleTimerZeroDelay.xml (RunModel)" time="0.01" />
  <testcase classname="ptolemy.util.test.junit.AutoTests" name="[46] /home/travis/build/icyphy/ptII/ptolemy/domains/de/test/auto/OpenQueueingNetwork.xml (RunModel)" time="2.423" />
  <testcase classname="ptolemy.util.test.junit.AutoTests" name="[47] /home/travis/build/icyphy/ptII/ptolemy/domains/de/test/auto/OpenQueuingNetwork.xml (RunModel)" time="0.312" />
  <testcase classname="ptolemy.util.test.junit.AutoTests" name="[48] /home/travis/build/icyphy/ptII/ptolemy/domains/de/test/auto/PeriodicSampler.xml (RunModel)" time="0.015" />
  <testcase classname="ptolemy.util.test.junit.AutoTests" name="[49] /home/travis/build/icyphy/ptII/ptolemy/domains/de/test/auto/PersistentIO.xml (RunModel)" time="0.023" />
  <testcase classname="ptolemy.util.test.junit.AutoTests" name="[50] /home/travis/build/icyphy/ptII/ptolemy/domains/de/test/auto/PortParameterResetOnInitialize.xml (RunModel)" time="0.009" />
  <testcase classname="ptolemy.util.test.junit.AutoTests" name="[51] /home/travis/build/icyphy/ptII/ptolemy/domains/de/test/auto/PortParameterUpdates.xml (RunModel)" time="0.015" />
  <testcase classname="ptolemy.util.test.junit.AutoTests" name="[52] /home/travis/build/icyphy/ptII/ptolemy/domains/de/test/auto/QueueAndServer.xml (RunModel)" time="0.024" />
  <testcase classname="ptolemy.util.test.junit.AutoTests" name="[53] /home/travis/build/icyphy/ptII/ptolemy/domains/de/test/auto/Records.xml (RunModel)" time="0.014" />
  <testcase classname="ptolemy.util.test.junit.AutoTests" name="[54] /home/travis/build/icyphy/ptII/ptolemy/domains/de/test/auto/ResetTransitionWithStartTime1.xml (RunModel)" time="0.023" />
  <testcase classname="ptolemy.util.test.junit.AutoTests" name="[55] /home/travis/build/icyphy/ptII/ptolemy/domains/de/test/auto/ResetTransitionWithStartTime2.xml (RunModel)" time="0.025" />
  <testcase classname="ptolemy.util.test.junit.AutoTests" name="[56] /home/travis/build/icyphy/ptII/ptolemy/domains/de/test/auto/ResetTransitionWithStartTime3.xml (RunModel)" time="0.02" />
  <testcase classname="ptolemy.util.test.junit.AutoTests" name="[57] /home/travis/build/icyphy/ptII/ptolemy/domains/de/test/auto/ResetTransitionWithStartTime4.xml (RunModel)" time="0.017" />
  <testcase classname="ptolemy.util.test.junit.AutoTests" name="[58] /home/travis/build/icyphy/ptII/ptolemy/domains/de/test/auto/ResettableTimer1.xml (RunModel)" time="0.009" />
  <testcase classname="ptolemy.util.test.junit.AutoTests" name="[59] /home/travis/build/icyphy/ptII/ptolemy/domains/de/test/auto/ResettableTimer2.xml (RunModel)" time="0.008" />
  <testcase classname="ptolemy.util.test.junit.AutoTests" name="[60] /home/travis/build/icyphy/ptII/ptolemy/domains/de/test/auto/ResettableTimer3.xml (RunModel)" time="0.009" />
  <testcase classname="ptolemy.util.test.junit.AutoTests" name="[61] /home/travis/build/icyphy/ptII/ptolemy/domains/de/test/auto/ResettableTimer4.xml (RunModel)" time="0.008" />
  <testcase classname="ptolemy.util.test.junit.AutoTests" name="[62] /home/travis/build/icyphy/ptII/ptolemy/domains/de/test/auto/ResettableTimer5.xml (RunModel)" time="0.008" />
  <testcase classname="ptolemy.util.test.junit.AutoTests" name="[63] /home/travis/build/icyphy/ptII/ptolemy/domains/de/test/auto/ResettableTimer6.xml (RunModel)" time="0.016" />
  <testcase classname="ptolemy.util.test.junit.AutoTests" name="[64] /home/travis/build/icyphy/ptII/ptolemy/domains/de/test/auto/ServerZeroDelay.xml (RunModel)" time="0.008" />
  <testcase classname="ptolemy.util.test.junit.AutoTests" name="[65] /home/travis/build/icyphy/ptII/ptolemy/domains/de/test/auto/SmartSender.xml (RunModel)" time="3.007" />
  <testcase classname="ptolemy.util.test.junit.AutoTests" name="[66] /home/travis/build/icyphy/ptII/ptolemy/domains/de/test/auto/ThreadedComposite.xml (RunModel)" time="0.233" />
  <testcase classname="ptolemy.util.test.junit.AutoTests" name="[67] /home/travis/build/icyphy/ptII/ptolemy/domains/de/test/auto/Time.xml (RunModel)" time="0.484" />
  <testcase classname="ptolemy.util.test.junit.AutoTests" name="[68] /home/travis/build/icyphy/ptII/ptolemy/domains/de/test/auto/TimeDelayZeroDelay.xml (RunModel)" time="0.011" />
  <testcase classname="ptolemy.util.test.junit.AutoTests" name="[69] /home/travis/build/icyphy/ptII/ptolemy/domains/de/test/auto/TimerZeroDelay.xml (RunModel)" time="0.014" />
  <testcase classname="ptolemy.util.test.junit.AutoTests" name="[70] /home/travis/build/icyphy/ptII/ptolemy/domains/de/test/auto/TimingParadox.xml (RunModel)" time="0.383" />
  <testcase classname="ptolemy.util.test.junit.AutoTests" name="[71] /home/travis/build/icyphy/ptII/ptolemy/domains/de/test/auto/TransferInputs.xml (RunModel)" time="0.014" />
  <testcase classname="ptolemy.util.test.junit.AutoTests" name="[72] /home/travis/build/icyphy/ptII/ptolemy/domains/de/test/auto/TransferOutputs2.xml (RunModel)" time="0.014" />
  <testcase classname="ptolemy.util.test.junit.AutoTests" name="[73] /home/travis/build/icyphy/ptII/ptolemy/domains/de/test/auto/Trilateration.xml (RunModel)" time="12.501" />
  <testcase classname="ptolemy.util.test.junit.AutoTests" name="[74] /home/travis/build/icyphy/ptII/ptolemy/domains/de/test/auto/TwoSigmaDelta.xml (RunModel)" time="2.124" />
  <testcase classname="ptolemy.util.test.junit.AutoTests" name="[75] /home/travis/build/icyphy/ptII/ptolemy/domains/de/test/auto/VariableDelay.xml (RunModel)" time="0.014" />
  <testcase classname="ptolemy.util.test.junit.AutoTests" name="[76] /home/travis/build/icyphy/ptII/ptolemy/domains/de/test/auto/VariableDelay2.xml (RunModel)" time="0.012" />
  <testcase classname="ptolemy.util.test.junit.AutoTests" name="[77] /home/travis/build/icyphy/ptII/ptolemy/domains/de/test/auto/VariableDelayZeroDelay.xml (RunModel)" time="0.012" />
  <testcase classname="ptolemy.util.test.junit.AutoTests" name="[78] /home/travis/build/icyphy/ptII/ptolemy/domains/de/test/auto/VariableDelayZeroDelay2.xml (RunModel)" time="0.015" />
  <testcase classname="ptolemy.util.test.junit.AutoTests" name="[79] /home/travis/build/icyphy/ptII/ptolemy/domains/de/test/auto/deInCt.xml (RunModel)" time="0.014" />
  <testcase classname="ptolemy.util.test.junit.AutoTests" name="[80] /home/travis/build/icyphy/ptII/ptolemy/domains/de/test/auto/deInCt2.xml (RunModel)" time="0.014" />
  <testcase classname="ptolemy.util.test.junit.AutoTests" name="[81] /home/travis/build/icyphy/ptII/ptolemy/domains/de/test/auto/dynamicCausalityInterface1.xml (RunModel)" time="0.016" />
  <testcase classname="ptolemy.util.test.junit.AutoTests" name="[82] /home/travis/build/icyphy/ptII/ptolemy/domains/de/test/auto/fsm_de_test.xml (RunModel)" time="0.022" />
  <testcase classname="ptolemy.util.test.junit.AutoTests" name="[83] /home/travis/build/icyphy/ptII/ptolemy/domains/de/test/auto/functionDependencyReconstruction.xml (RunModel)" time="0.028" />
  <testcase classname="ptolemy.util.test.junit.AutoTests" name="[84] /home/travis/build/icyphy/ptII/ptolemy/domains/de/test/auto/multirate.xml (RunModel)" time="0.014" />
  <testcase classname="ptolemy.util.test.junit.AutoTests" name="[85] /home/travis/build/icyphy/ptII/ptolemy/domains/de/test/auto/multirate2.xml (RunModel)" time="0.015" />
  <testcase classname="ptolemy.util.test.junit.AutoTests" name="[86] /home/travis/build/icyphy/ptII/ptolemy/domains/de/test/auto/realtime.xml (RunModel)" time="10.015" />
  <testcase classname="ptolemy.util.test.junit.AutoTests" name="[87] /home/travis/build/icyphy/ptII/ptolemy/domains/de/test/auto/relationGroup.xml (RunModel)" time="0.008" />
  <testcase classname="ptolemy.util.test.junit.AutoTests" name="[88] /home/travis/build/icyphy/ptII/ptolemy/domains/de/test/auto/relationGroup2.xml (RunModel)" time="0.008" />
  <testcase classname="ptolemy.util.test.junit.AutoTests" name="[89] /home/travis/build/icyphy/ptII/ptolemy/domains/de/test/auto/sortWithOpaquePorts.xml (RunModel)" time="0.013" />
  <testcase classname="ptolemy.util.test.junit.AutoTests" name="[90] /home/travis/build/icyphy/ptII/ptolemy/domains/de/test/auto/transferInputsandOutputs.xml (RunModel)" time="0.02" />
  <testcase classname="ptolemy.util.test.junit.AutoTests" name="[91] /home/travis/build/icyphy/ptII/ptolemy/domains/de/test/auto/triggerType.xml (RunModel)" time="0.011" />
  <system-out><![CDATA[/home/travis/build/icyphy/ptII/ptolemy/domains/de/test/DependencyLoop.tcl
testDefs.tcl: setting time out to 9000 seconds at Tue Nov 26 06:16:39 UTC 2019
65 ms. Memory: 120832K Free: 71623K (59%)
15 ms. Memory: 120832K Free: 54215K (45%)
/home/travis/build/icyphy/ptII/ptolemy/domains/de/test/RunDETestsAsQSS.tcl
Run the DE tests using ptolemy.domains.qss.test.QSSDirectorTest, which extends QSSDirector and prints a message in the constructors.
------------------ testing $PTII/ptolemy/domains/de/test/auto/knownFailedTests/DirectFeedback.xml (Known Failure) 
33 ms. Memory: 120832K Free: 48581K (40%)


==== $PTIIhome/travis/build/icyphy/ptII/ptolemy/domains/de/test/../../../../: Auto Automatic test in file $PTII/ptolemy/domains/de/test/auto/knownFailedTests/DirectFeedback.xml
==== Contents of test case:

	    # FIXME: we should use $relativeFilename here, but it
	    # might have backslashes under Windows, which causes no end
	    # of trouble.
	    createAndExecute $file
	    list {}
	
.... Test generated KNOWN error:
    while executing
ptolemy.kernel.util.IllegalActionException: Test fails in iteration 1.
Value was: 1.0. Should have been: 2.0
  in .DirectFeedback.Test
	at ptolemy.actor.lib.Test.fire(Test.java:268)
	at ptolemy.domains.de.kernel.DEDirector._fire(DEDirector.java:1949)
	at ptolemy.domains.de.kernel.DEDirector.fire(DEDirector.java:502)
	at ptolemy.actor.CompositeActor.fire(CompositeActor.java:455)
	at ptolemy.actor.Manager.iterate(Manager.java:851)
	at ptolemy.actor.Manager.execute(Manager.java:369)
	at ptolemy.actor.Manager.run(Manager.java:1263)
	at ptolemy.actor.Manager$PtolemyRunThread.run(Manager.java:1933)

    while executing
ptolemy.kernel.util.IllegalActionException: Test fails in iteration 1.
Value was: 1.0. Should have been: 2.0
  in .DirectFeedback.Test
    while executing
"java::new ptolemy.moml.MoMLSimpleApplication $file
"
    (procedure "createAndExecute" line 2)
    invoked from within
"createAndExecute $file"
    ("uplevel" body line 5)
    invoked from within
"uplevel $contents_of_test"
------------------ testing $PTII/ptolemy/domains/de/test/auto/knownFailedTests/dependencyLoop.xml (Known Failure) 
39 ms. Memory: 120832K Free: 108101K (89%)


==== $PTIIhome/travis/build/icyphy/ptII/ptolemy/domains/de/test/../../../../: Auto Automatic test in file $PTII/ptolemy/domains/de/test/auto/knownFailedTests/dependencyLoop.xml
==== Contents of test case:

	    # FIXME: we should use $relativeFilename here, but it
	    # might have backslashes under Windows, which causes no end
	    # of trouble.
	    createAndExecute $file
	    list {}
	
.... Test generated KNOWN error:
    while executing
ptolemy.kernel.util.IllegalActionException: Found a zero delay loop containing .dependencyLoop.original
  in .dependencyLoop and .dependencyLoop.original
	at ptolemy.actor.util.CausalityInterfaceForComposites._computeOutputPortDepth(CausalityInterfaceForComposites.java:759)
	at ptolemy.actor.util.CausalityInterfaceForComposites._computeInputDepth(CausalityInterfaceForComposites.java:696)
	at ptolemy.actor.util.CausalityInterfaceForComposites._computeOutputPortDepth(CausalityInterfaceForComposites.java:765)
	at ptolemy.actor.util.CausalityInterfaceForComposites._computeInputDepth(CausalityInterfaceForComposites.java:696)
	at ptolemy.actor.util.CausalityInterfaceForComposites._computeOutputPortDepth(CausalityInterfaceForComposites.java:765)
	at ptolemy.actor.util.CausalityInterfaceForComposites._computeInputDepth(CausalityInterfaceForComposites.java:696)
	at ptolemy.actor.util.CausalityInterfaceForComposites._computeActorDepth(CausalityInterfaceForComposites.java:532)
	at ptolemy.actor.util.CausalityInterfaceForComposites.checkForCycles(CausalityInterfaceForComposites.java:96)
	at ptolemy.domains.de.kernel.DEDirector.preinitialize(DEDirector.java:1338)
	at ptolemy.actor.CompositeActor.preinitialize(CompositeActor.java:1828)
	at ptolemy.actor.Manager.preinitializeAndResolveTypes(Manager.java:1040)
	at ptolemy.actor.Manager.initialize(Manager.java:710)
	at ptolemy.actor.Manager.execute(Manager.java:356)
	at ptolemy.actor.Manager.run(Manager.java:1263)
	at ptolemy.actor.Manager$PtolemyRunThread.run(Manager.java:1933)

    while executing
ptolemy.kernel.util.IllegalActionException: Found a zero delay loop containing .dependencyLoop.original
  in .dependencyLoop and .dependencyLoop.original
    while executing
"java::new ptolemy.moml.MoMLSimpleApplication $file
"
    (procedure "createAndExecute" line 2)
    invoked from within
"createAndExecute $file"
    ("uplevel" body line 5)
    invoked from within
"uplevel $contents_of_test"
------------------ testing $PTII/ptolemy/domains/de/test/auto/knownFailedTests/FSMSource.xml (Known Failure) 
39 ms. Memory: 120832K Free: 99232K (82%)
!!!! Auto was marked as failing, but now passes
------------------ testing $PTII/ptolemy/domains/de/test/auto/knownFailedTests/HierarchicalModel.xml (Known Failure) 
13 ms. Memory: 120832K Free: 81786K (68%)


==== $PTIIhome/travis/build/icyphy/ptII/ptolemy/domains/de/test/../../../../: Auto Automatic test in file $PTII/ptolemy/domains/de/test/auto/knownFailedTests/HierarchicalModel.xml
==== Contents of test case:

	    # FIXME: we should use $relativeFilename here, but it
	    # might have backslashes under Windows, which causes no end
	    # of trouble.
	    createAndExecute $file
	    list {}
	
.... Test generated KNOWN error:
    while executing
ptolemy.kernel.util.IllegalActionException: Found a zero delay loop containing .HierarchicalModel.A
  in .HierarchicalModel and .HierarchicalModel.A
	at ptolemy.actor.util.CausalityInterfaceForComposites._computeOutputPortDepth(CausalityInterfaceForComposites.java:759)
	at ptolemy.actor.util.CausalityInterfaceForComposites._computeInputDepth(CausalityInterfaceForComposites.java:696)
	at ptolemy.actor.util.CausalityInterfaceForComposites._computeOutputPortDepth(CausalityInterfaceForComposites.java:765)
	at ptolemy.actor.util.CausalityInterfaceForComposites._computeInputDepth(CausalityInterfaceForComposites.java:696)
	at ptolemy.actor.util.CausalityInterfaceForComposites._computeOutputPortDepth(CausalityInterfaceForComposites.java:765)
	at ptolemy.actor.util.CausalityInterfaceForComposites._computeInputDepth(CausalityInterfaceForComposites.java:696)
	at ptolemy.actor.util.CausalityInterfaceForComposites._computeActorDepth(CausalityInterfaceForComposites.java:532)
	at ptolemy.actor.util.CausalityInterfaceForComposites.checkForCycles(CausalityInterfaceForComposites.java:96)
	at ptolemy.domains.de.kernel.DEDirector.preinitialize(DEDirector.java:1338)
	at ptolemy.actor.CompositeActor.preinitialize(CompositeActor.java:1828)
	at ptolemy.actor.Manager.preinitializeAndResolveTypes(Manager.java:1040)
	at ptolemy.actor.Manager.initialize(Manager.java:710)
	at ptolemy.actor.Manager.execute(Manager.java:356)
	at ptolemy.actor.Manager.run(Manager.java:1263)
	at ptolemy.actor.Manager$PtolemyRunThread.run(Manager.java:1933)

    while executing
ptolemy.kernel.util.IllegalActionException: Found a zero delay loop containing .HierarchicalModel.A
  in .HierarchicalModel and .HierarchicalModel.A
    while executing
"java::new ptolemy.moml.MoMLSimpleApplication $file
"
    (procedure "createAndExecute" line 2)
    invoked from within
"createAndExecute $file"
    ("uplevel" body line 5)
    invoked from within
"uplevel $contents_of_test"
------------------ testing $PTII/ptolemy/domains/de/test/auto/knownFailedTests/dependencyLoop2.xml (Known Failure) 
5 ms. Memory: 120832K Free: 65877K (55%)


==== $PTIIhome/travis/build/icyphy/ptII/ptolemy/domains/de/test/../../../../: Auto Automatic test in file $PTII/ptolemy/domains/de/test/auto/knownFailedTests/dependencyLoop2.xml
==== Contents of test case:

	    # FIXME: we should use $relativeFilename here, but it
	    # might have backslashes under Windows, which causes no end
	    # of trouble.
	    createAndExecute $file
	    list {}
	
.... Test generated KNOWN error:
    while executing
ptolemy.kernel.util.IllegalActionException: Found a zero delay loop containing .dependencyLoop2.original
  in .dependencyLoop2 and .dependencyLoop2.original
	at ptolemy.actor.util.CausalityInterfaceForComposites._computeOutputPortDepth(CausalityInterfaceForComposites.java:759)
	at ptolemy.actor.util.CausalityInterfaceForComposites._computeInputDepth(CausalityInterfaceForComposites.java:696)
	at ptolemy.actor.util.CausalityInterfaceForComposites._computeOutputPortDepth(CausalityInterfaceForComposites.java:765)
	at ptolemy.actor.util.CausalityInterfaceForComposites._computeInputDepth(CausalityInterfaceForComposites.java:696)
	at ptolemy.actor.util.CausalityInterfaceForComposites._computeOutputPortDepth(CausalityInterfaceForComposites.java:765)
	at ptolemy.actor.util.CausalityInterfaceForComposites._computeInputDepth(CausalityInterfaceForComposites.java:696)
	at ptolemy.actor.util.CausalityInterfaceForComposites._computeActorDepth(CausalityInterfaceForComposites.java:532)
	at ptolemy.actor.util.CausalityInterfaceForComposites.checkForCycles(CausalityInterfaceForComposites.java:96)
	at ptolemy.domains.de.kernel.DEDirector.preinitialize(DEDirector.java:1338)
	at ptolemy.actor.CompositeActor.preinitialize(CompositeActor.java:1828)
	at ptolemy.actor.Manager.preinitializeAndResolveTypes(Manager.java:1040)
	at ptolemy.actor.Manager.initialize(Manager.java:710)
	at ptolemy.actor.Manager.execute(Manager.java:356)
	at ptolemy.actor.Manager.run(Manager.java:1263)
	at ptolemy.actor.Manager$PtolemyRunThread.run(Manager.java:1933)

    while executing
ptolemy.kernel.util.IllegalActionException: Found a zero delay loop containing .dependencyLoop2.original
  in .dependencyLoop2 and .dependencyLoop2.original
    while executing
"java::new ptolemy.moml.MoMLSimpleApplication $file
"
    (procedure "createAndExecute" line 2)
    invoked from within
"createAndExecute $file"
    ("uplevel" body line 5)
    invoked from within
"uplevel $contents_of_test"
------------------ testing $PTII/ptolemy/domains/de/test/auto/knownFailedTests/DESDFClockTest.xml (Known Failure) 
2064 ms. Memory: 120832K Free: 95718K (79%)


==== $PTIIhome/travis/build/icyphy/ptII/ptolemy/domains/de/test/../../../../: Auto Automatic test in file $PTII/ptolemy/domains/de/test/auto/knownFailedTests/DESDFClockTest.xml
==== Contents of test case:

	    # FIXME: we should use $relativeFilename here, but it
	    # might have backslashes under Windows, which causes no end
	    # of trouble.
	    createAndExecute $file
	    list {}
	
.... Test generated KNOWN error:
    while executing
ptolemy.kernel.util.IllegalActionException: Actor is not ready to fire.  Perhaps UpSample.prefire() returned false? Try debugging the actor by selecting "Listen to Actor".  Also, for SDF check moml for tokenConsumptionRate on input.
  in .DESDFClockTest.Play Bell.Copy1:SDF Director and .DESDFClockTest.Play Bell.UpSample
	at ptolemy.actor.sched.StaticSchedulingDirector.fire(StaticSchedulingDirector.java:227)
	at ptolemy.domains.sdf.kernel.SDFDirector.fire(SDFDirector.java:500)
	at ptolemy.actor.CompositeActor.fire(CompositeActor.java:455)
	at ptolemy.domains.de.kernel.DEDirector._fire(DEDirector.java:1949)
	at ptolemy.domains.de.kernel.DEDirector.fire(DEDirector.java:502)
	at ptolemy.actor.CompositeActor.fire(CompositeActor.java:455)
	at ptolemy.actor.Manager.iterate(Manager.java:851)
	at ptolemy.actor.Manager.execute(Manager.java:369)
	at ptolemy.actor.Manager.run(Manager.java:1263)
	at ptolemy.actor.Manager$PtolemyRunThread.run(Manager.java:1933)

    while executing
ptolemy.kernel.util.IllegalActionException: Actor is not ready to fire.  Perhaps UpSample.prefire() returned false? Try debugging the actor by selecting "Listen to Actor".  Also, for SDF check moml for tokenConsumptionRate on input.
  in .DESDFClockTest.Play Bell.Copy1:SDF Director and .DESDFClockTest.Play Bell.UpSample
    while executing
"java::new ptolemy.moml.MoMLSimpleApplication $file
"
    (procedure "createAndExecute" line 2)
    invoked from within
"createAndExecute $file"
    ("uplevel" body line 5)
    invoked from within
"uplevel $contents_of_test"
------------------ testing $PTII/ptolemy/domains/de/test/auto/ActorDepthCalculation_actorWithoutPorts.xml
auto.tcl: Setting watchdog for 200 seconds at Tue Nov 26 06:16:43 UTC 2019
8 ms. Memory: 120832K Free: 88512K (73%)
ptolemy.util.test.WatchDog.cancel(): canceling Tue Nov 26 06:16:43 UTC 2019
auto.tcl: Setting watchdog for 200 seconds at Tue Nov 26 06:16:43 UTC 2019
4 ms. Memory: 120832K Free: 87269K (72%)
ptolemy.util.test.WatchDog.cancel(): canceling Tue Nov 26 06:16:43 UTC 2019
------------------ testing $PTII/ptolemy/domains/de/test/auto/AssemblyLine.xml
auto.tcl: Setting watchdog for 200 seconds at Tue Nov 26 06:16:43 UTC 2019
11 ms. Memory: 48128K Free: 25525K (53%)
ptolemy.util.test.WatchDog.cancel(): canceling Tue Nov 26 06:16:44 UTC 2019
auto.tcl: Setting watchdog for 200 seconds at Tue Nov 26 06:16:44 UTC 2019
7 ms. Memory: 48128K Free: 25087K (52%)
ptolemy.util.test.WatchDog.cancel(): canceling Tue Nov 26 06:16:44 UTC 2019
------------------ testing $PTII/ptolemy/domains/de/test/auto/CQBug1.xml
auto.tcl: Setting watchdog for 200 seconds at Tue Nov 26 06:16:44 UTC 2019
6 ms. Memory: 48128K Free: 31557K (66%)
ptolemy.util.test.WatchDog.cancel(): canceling Tue Nov 26 06:16:44 UTC 2019
auto.tcl: Setting watchdog for 200 seconds at Tue Nov 26 06:16:44 UTC 2019
2 ms. Memory: 48128K Free: 31126K (65%)
ptolemy.util.test.WatchDog.cancel(): canceling Tue Nov 26 06:16:44 UTC 2019
------------------ testing $PTII/ptolemy/domains/de/test/auto/CancelFireAt.xml
auto.tcl: Setting watchdog for 200 seconds at Tue Nov 26 06:16:44 UTC 2019
8 ms. Memory: 45056K Free: 29743K (66%)
ptolemy.util.test.WatchDog.cancel(): canceling Tue Nov 26 06:16:44 UTC 2019
auto.tcl: Setting watchdog for 200 seconds at Tue Nov 26 06:16:44 UTC 2019
2 ms. Memory: 45056K Free: 28954K (64%)
ptolemy.util.test.WatchDog.cancel(): canceling Tue Nov 26 06:16:44 UTC 2019
------------------ testing $PTII/ptolemy/domains/de/test/auto/CausalityAndComposabilityAnalysis.xml
auto.tcl: Setting watchdog for 200 seconds at Tue Nov 26 06:16:44 UTC 2019
6 ms. Memory: 45056K Free: 27463K (61%)
ptolemy.util.test.WatchDog.cancel(): canceling Tue Nov 26 06:16:44 UTC 2019
auto.tcl: Setting watchdog for 200 seconds at Tue Nov 26 06:16:44 UTC 2019
8 ms. Memory: 45056K Free: 27037K (60%)
ptolemy.util.test.WatchDog.cancel(): canceling Tue Nov 26 06:16:44 UTC 2019
------------------ testing $PTII/ptolemy/domains/de/test/auto/CausalityInterface1.xml
auto.tcl: Setting watchdog for 200 seconds at Tue Nov 26 06:16:44 UTC 2019
20 ms. Memory: 45056K Free: 26411K (59%)
ptolemy.util.test.WatchDog.cancel(): canceling Tue Nov 26 06:16:44 UTC 2019
auto.tcl: Setting watchdog for 200 seconds at Tue Nov 26 06:16:44 UTC 2019
5 ms. Memory: 45056K Free: 25419K (56%)
ptolemy.util.test.WatchDog.cancel(): canceling Tue Nov 26 06:16:44 UTC 2019
------------------ testing $PTII/ptolemy/domains/de/test/auto/CausalityInterface15.xml
auto.tcl: Setting watchdog for 200 seconds at Tue Nov 26 06:16:44 UTC 2019
8 ms. Memory: 45056K Free: 26271K (58%)
ptolemy.util.test.WatchDog.cancel(): canceling Tue Nov 26 06:16:44 UTC 2019
auto.tcl: Setting watchdog for 200 seconds at Tue Nov 26 06:16:44 UTC 2019
6 ms. Memory: 45056K Free: 25361K (56%)
ptolemy.util.test.WatchDog.cancel(): canceling Tue Nov 26 06:16:44 UTC 2019
------------------ testing $PTII/ptolemy/domains/de/test/auto/CausalityInterface2.xml
auto.tcl: Setting watchdog for 200 seconds at Tue Nov 26 06:16:44 UTC 2019
3 ms. Memory: 45056K Free: 27101K (60%)
ptolemy.util.test.WatchDog.cancel(): canceling Tue Nov 26 06:16:44 UTC 2019
auto.tcl: Setting watchdog for 200 seconds at Tue Nov 26 06:16:44 UTC 2019
3 ms. Memory: 45056K Free: 26346K (58%)
ptolemy.util.test.WatchDog.cancel(): canceling Tue Nov 26 06:16:44 UTC 2019
------------------ testing $PTII/ptolemy/domains/de/test/auto/CausalityInterface3.xml
auto.tcl: Setting watchdog for 200 seconds at Tue Nov 26 06:16:44 UTC 2019
3 ms. Memory: 45056K Free: 26572K (59%)
ptolemy.util.test.WatchDog.cancel(): canceling Tue Nov 26 06:16:44 UTC 2019
auto.tcl: Setting watchdog for 200 seconds at Tue Nov 26 06:16:44 UTC 2019
2 ms. Memory: 45056K Free: 25811K (57%)
ptolemy.util.test.WatchDog.cancel(): canceling Tue Nov 26 06:16:44 UTC 2019
------------------ testing $PTII/ptolemy/domains/de/test/auto/ClockDrift.xml
auto.tcl: Setting watchdog for 200 seconds at Tue Nov 26 06:16:44 UTC 2019
71 ms. Memory: 45056K Free: 18741K (42%)
ptolemy.util.test.WatchDog.cancel(): canceling Tue Nov 26 06:16:44 UTC 2019
auto.tcl: Setting watchdog for 200 seconds at Tue Nov 26 06:16:44 UTC 2019
70 ms. Memory: 45056K Free: 15777K (35%)
ptolemy.util.test.WatchDog.cancel(): canceling Tue Nov 26 06:16:44 UTC 2019
------------------ testing $PTII/ptolemy/domains/de/test/auto/ClockDriftAndValueChange.xml
auto.tcl: Setting watchdog for 200 seconds at Tue Nov 26 06:16:44 UTC 2019
52 ms. Memory: 45056K Free: 19229K (43%)
ptolemy.util.test.WatchDog.cancel(): canceling Tue Nov 26 06:16:45 UTC 2019
auto.tcl: Setting watchdog for 200 seconds at Tue Nov 26 06:16:45 UTC 2019
32 ms. Memory: 45056K Free: 16374K (36%)
ptolemy.util.test.WatchDog.cancel(): canceling Tue Nov 26 06:16:45 UTC 2019
------------------ testing $PTII/ptolemy/domains/de/test/auto/ClockDriftChange.xml
auto.tcl: Setting watchdog for 200 seconds at Tue Nov 26 06:16:45 UTC 2019
29 ms. Memory: 45056K Free: 21276K (47%)
ptolemy.util.test.WatchDog.cancel(): canceling Tue Nov 26 06:16:45 UTC 2019
auto.tcl: Setting watchdog for 200 seconds at Tue Nov 26 06:16:45 UTC 2019
26 ms. Memory: 45056K Free: 18422K (41%)
ptolemy.util.test.WatchDog.cancel(): canceling Tue Nov 26 06:16:45 UTC 2019
------------------ testing $PTII/ptolemy/domains/de/test/auto/ComposableCausalityAnalysis.xml
auto.tcl: Setting watchdog for 200 seconds at Tue Nov 26 06:16:45 UTC 2019
2 ms. Memory: 45056K Free: 25854K (57%)
ptolemy.util.test.WatchDog.cancel(): canceling Tue Nov 26 06:16:45 UTC 2019
auto.tcl: Setting watchdog for 200 seconds at Tue Nov 26 06:16:45 UTC 2019
5 ms. Memory: 45056K Free: 24604K (55%)
ptolemy.util.test.WatchDog.cancel(): canceling Tue Nov 26 06:16:45 UTC 2019
------------------ testing $PTII/ptolemy/domains/de/test/auto/DEFixedPointLimitation.xml
auto.tcl: Setting watchdog for 200 seconds at Tue Nov 26 06:16:45 UTC 2019
2 ms. Memory: 45056K Free: 27040K (60%)
ptolemy.util.test.WatchDog.cancel(): canceling Tue Nov 26 06:16:45 UTC 2019
auto.tcl: Setting watchdog for 200 seconds at Tue Nov 26 06:16:45 UTC 2019
2 ms. Memory: 45056K Free: 26172K (58%)
ptolemy.util.test.WatchDog.cancel(): canceling Tue Nov 26 06:16:45 UTC 2019
------------------ testing $PTII/ptolemy/domains/de/test/auto/DEScheduleTest.xml
auto.tcl: Setting watchdog for 200 seconds at Tue Nov 26 06:16:45 UTC 2019
3 ms. Memory: 45056K Free: 27305K (61%)
ptolemy.util.test.WatchDog.cancel(): canceling Tue Nov 26 06:16:45 UTC 2019
auto.tcl: Setting watchdog for 200 seconds at Tue Nov 26 06:16:45 UTC 2019
2 ms. Memory: 45056K Free: 26582K (59%)
ptolemy.util.test.WatchDog.cancel(): canceling Tue Nov 26 06:16:45 UTC 2019
------------------ testing $PTII/ptolemy/domains/de/test/auto/DEinDEwithStartTimes.xml
auto.tcl: Setting watchdog for 200 seconds at Tue Nov 26 06:16:45 UTC 2019
3 ms. Memory: 45056K Free: 25514K (57%)
ptolemy.util.test.WatchDog.cancel(): canceling Tue Nov 26 06:16:45 UTC 2019
auto.tcl: Setting watchdog for 200 seconds at Tue Nov 26 06:16:45 UTC 2019
4 ms. Memory: 45056K Free: 24469K (54%)
ptolemy.util.test.WatchDog.cancel(): canceling Tue Nov 26 06:16:45 UTC 2019
------------------ testing $PTII/ptolemy/domains/de/test/auto/DEinDEwithStartTimes2.xml
auto.tcl: Setting watchdog for 200 seconds at Tue Nov 26 06:16:45 UTC 2019
4 ms. Memory: 45056K Free: 24781K (55%)
ptolemy.util.test.WatchDog.cancel(): canceling Tue Nov 26 06:16:45 UTC 2019
auto.tcl: Setting watchdog for 200 seconds at Tue Nov 26 06:16:45 UTC 2019
4 ms. Memory: 45056K Free: 23427K (52%)
ptolemy.util.test.WatchDog.cancel(): canceling Tue Nov 26 06:16:45 UTC 2019
------------------ testing $PTII/ptolemy/domains/de/test/auto/DateDemo.xml
auto.tcl: Setting watchdog for 200 seconds at Tue Nov 26 06:16:45 UTC 2019
25 ms. Memory: 45056K Free: 19089K (42%)
ptolemy.util.test.WatchDog.cancel(): canceling Tue Nov 26 06:16:45 UTC 2019
auto.tcl: Setting watchdog for 200 seconds at Tue Nov 26 06:16:45 UTC 2019
6 ms. Memory: 45056K Free: 17557K (39%)
ptolemy.util.test.WatchDog.cancel(): canceling Tue Nov 26 06:16:45 UTC 2019
------------------ testing $PTII/ptolemy/domains/de/test/auto/DateToEvent.xml
auto.tcl: Setting watchdog for 200 seconds at Tue Nov 26 06:16:45 UTC 2019
2016 ms. Memory: 45056K Free: 14991K (33%)
ptolemy.util.test.WatchDog.cancel(): canceling Tue Nov 26 06:16:47 UTC 2019
auto.tcl: Setting watchdog for 200 seconds at Tue Nov 26 06:16:47 UTC 2019
2004 ms. Memory: 45056K Free: 14264K (32%)
ptolemy.util.test.WatchDog.cancel(): canceling Tue Nov 26 06:16:49 UTC 2019
------------------ testing $PTII/ptolemy/domains/de/test/auto/DepthTest1.xml
auto.tcl: Setting watchdog for 200 seconds at Tue Nov 26 06:16:49 UTC 2019
4 ms. Memory: 45056K Free: 28279K (63%)
ptolemy.util.test.WatchDog.cancel(): canceling Tue Nov 26 06:16:49 UTC 2019
auto.tcl: Setting watchdog for 200 seconds at Tue Nov 26 06:16:49 UTC 2019
4 ms. Memory: 45056K Free: 27761K (62%)
ptolemy.util.test.WatchDog.cancel(): canceling Tue Nov 26 06:16:50 UTC 2019
------------------ testing $PTII/ptolemy/domains/de/test/auto/DepthTest2.xml
auto.tcl: Setting watchdog for 200 seconds at Tue Nov 26 06:16:50 UTC 2019
5 ms. Memory: 45056K Free: 24795K (55%)
ptolemy.util.test.WatchDog.cancel(): canceling Tue Nov 26 06:16:50 UTC 2019
auto.tcl: Setting watchdog for 200 seconds at Tue Nov 26 06:16:50 UTC 2019
2 ms. Memory: 45056K Free: 24070K (53%)
ptolemy.util.test.WatchDog.cancel(): canceling Tue Nov 26 06:16:50 UTC 2019
------------------ testing $PTII/ptolemy/domains/de/test/auto/DepthTest3.xml
auto.tcl: Setting watchdog for 200 seconds at Tue Nov 26 06:16:50 UTC 2019
2 ms. Memory: 45056K Free: 28609K (63%)
ptolemy.util.test.WatchDog.cancel(): canceling Tue Nov 26 06:16:50 UTC 2019
auto.tcl: Setting watchdog for 200 seconds at Tue Nov 26 06:16:50 UTC 2019
2 ms. Memory: 45056K Free: 28071K (62%)
ptolemy.util.test.WatchDog.cancel(): canceling Tue Nov 26 06:16:50 UTC 2019
------------------ testing $PTII/ptolemy/domains/de/test/auto/DepthTest4.xml
auto.tcl: Setting watchdog for 200 seconds at Tue Nov 26 06:16:50 UTC 2019
6 ms. Memory: 45056K Free: 26831K (60%)
ptolemy.util.test.WatchDog.cancel(): canceling Tue Nov 26 06:16:50 UTC 2019
auto.tcl: Setting watchdog for 200 seconds at Tue Nov 26 06:16:50 UTC 2019
2 ms. Memory: 45056K Free: 26106K (58%)
ptolemy.util.test.WatchDog.cancel(): canceling Tue Nov 26 06:16:50 UTC 2019
------------------ testing $PTII/ptolemy/domains/de/test/auto/DepthTest5.xml
auto.tcl: Setting watchdog for 200 seconds at Tue Nov 26 06:16:50 UTC 2019
3 ms. Memory: 45056K Free: 25982K (58%)
ptolemy.util.test.WatchDog.cancel(): canceling Tue Nov 26 06:16:50 UTC 2019
auto.tcl: Setting watchdog for 200 seconds at Tue Nov 26 06:16:50 UTC 2019
2 ms. Memory: 45056K Free: 25602K (57%)
ptolemy.util.test.WatchDog.cancel(): canceling Tue Nov 26 06:16:50 UTC 2019
------------------ testing $PTII/ptolemy/domains/de/test/auto/DepthTest6.xml
auto.tcl: Setting watchdog for 200 seconds at Tue Nov 26 06:16:50 UTC 2019
4 ms. Memory: 45056K Free: 25896K (57%)
ptolemy.util.test.WatchDog.cancel(): canceling Tue Nov 26 06:16:50 UTC 2019
auto.tcl: Setting watchdog for 200 seconds at Tue Nov 26 06:16:50 UTC 2019
3 ms. Memory: 45056K Free: 25406K (56%)
ptolemy.util.test.WatchDog.cancel(): canceling Tue Nov 26 06:16:50 UTC 2019
------------------ testing $PTII/ptolemy/domains/de/test/auto/DepthTest7.xml
auto.tcl: Setting watchdog for 200 seconds at Tue Nov 26 06:16:50 UTC 2019
3 ms. Memory: 45056K Free: 26756K (59%)
ptolemy.util.test.WatchDog.cancel(): canceling Tue Nov 26 06:16:50 UTC 2019
auto.tcl: Setting watchdog for 200 seconds at Tue Nov 26 06:16:50 UTC 2019
2 ms. Memory: 45056K Free: 26038K (58%)
ptolemy.util.test.WatchDog.cancel(): canceling Tue Nov 26 06:16:50 UTC 2019
------------------ testing $PTII/ptolemy/domains/de/test/auto/EventToDate.xml
auto.tcl: Setting watchdog for 200 seconds at Tue Nov 26 06:16:50 UTC 2019
3005 ms. Memory: 45056K Free: 17570K (39%)
ptolemy.util.test.WatchDog.cancel(): canceling Tue Nov 26 06:16:53 UTC 2019
auto.tcl: Setting watchdog for 200 seconds at Tue Nov 26 06:16:53 UTC 2019
3005 ms. Memory: 45056K Free: 16865K (37%)
ptolemy.util.test.WatchDog.cancel(): canceling Tue Nov 26 06:16:56 UTC 2019
------------------ testing $PTII/ptolemy/domains/de/test/auto/FSM1.xml
auto.tcl: Setting watchdog for 200 seconds at Tue Nov 26 06:16:56 UTC 2019
22 ms. Memory: 45056K Free: 18753K (42%)
ptolemy.util.test.WatchDog.cancel(): canceling Tue Nov 26 06:16:56 UTC 2019
auto.tcl: Setting watchdog for 200 seconds at Tue Nov 26 06:16:56 UTC 2019
33 ms. Memory: 45056K Free: 15503K (34%)
ptolemy.util.test.WatchDog.cancel(): canceling Tue Nov 26 06:16:56 UTC 2019
------------------ testing $PTII/ptolemy/domains/de/test/auto/FSM7.xml
auto.tcl: Setting watchdog for 200 seconds at Tue Nov 26 06:16:56 UTC 2019
18 ms. Memory: 45056K Free: 18461K (41%)
ptolemy.util.test.WatchDog.cancel(): canceling Tue Nov 26 06:16:56 UTC 2019
auto.tcl: Setting watchdog for 200 seconds at Tue Nov 26 06:16:56 UTC 2019
24 ms. Memory: 45056K Free: 15345K (34%)
ptolemy.util.test.WatchDog.cancel(): canceling Tue Nov 26 06:16:56 UTC 2019
------------------ testing $PTII/ptolemy/domains/de/test/auto/Inspection.xml
auto.tcl: Setting watchdog for 200 seconds at Tue Nov 26 06:16:56 UTC 2019
29 ms. Memory: 45056K Free: 18512K (41%)
ptolemy.util.test.WatchDog.cancel(): canceling Tue Nov 26 06:16:56 UTC 2019
auto.tcl: Setting watchdog for 200 seconds at Tue Nov 26 06:16:56 UTC 2019
28 ms. Memory: 45056K Free: 16760K (37%)
ptolemy.util.test.WatchDog.cancel(): canceling Tue Nov 26 06:16:56 UTC 2019
------------------ testing $PTII/ptolemy/domains/de/test/auto/Iteration.xml
auto.tcl: Setting watchdog for 200 seconds at Tue Nov 26 06:16:57 UTC 2019
8 ms. Memory: 45056K Free: 23989K (53%)
ptolemy.util.test.WatchDog.cancel(): canceling Tue Nov 26 06:16:57 UTC 2019
auto.tcl: Setting watchdog for 200 seconds at Tue Nov 26 06:16:57 UTC 2019
8 ms. Memory: 45056K Free: 22600K (50%)
ptolemy.util.test.WatchDog.cancel(): canceling Tue Nov 26 06:16:57 UTC 2019
------------------ testing $PTII/ptolemy/domains/de/test/auto/LineFault.xml
auto.tcl: Setting watchdog for 200 seconds at Tue Nov 26 06:16:57 UTC 2019
738 ms. Memory: 45056K Free: 10964K (24%)
ptolemy.util.test.WatchDog.cancel(): canceling Tue Nov 26 06:16:58 UTC 2019
auto.tcl: Setting watchdog for 200 seconds at Tue Nov 26 06:16:58 UTC 2019
641 ms. Memory: 54272K Free: 24479K (45%)
ptolemy.util.test.WatchDog.cancel(): canceling Tue Nov 26 06:16:58 UTC 2019
------------------ testing $PTII/ptolemy/domains/de/test/auto/MergeModel1Add.xml
auto.tcl: Setting watchdog for 200 seconds at Tue Nov 26 06:16:58 UTC 2019
35 ms. Memory: 54272K Free: 19196K (35%)
ptolemy.util.test.WatchDog.cancel(): canceling Tue Nov 26 06:16:59 UTC 2019
auto.tcl: Setting watchdog for 200 seconds at Tue Nov 26 06:16:59 UTC 2019
8 ms. Memory: 54272K Free: 17577K (32%)
ptolemy.util.test.WatchDog.cancel(): canceling Tue Nov 26 06:16:59 UTC 2019
------------------ testing $PTII/ptolemy/domains/de/test/auto/MergeModel2Add.xml
auto.tcl: Setting watchdog for 200 seconds at Tue Nov 26 06:16:59 UTC 2019
8 ms. Memory: 51200K Free: 17971K (35%)
ptolemy.util.test.WatchDog.cancel(): canceling Tue Nov 26 06:16:59 UTC 2019
auto.tcl: Setting watchdog for 200 seconds at Tue Nov 26 06:16:59 UTC 2019
7 ms. Memory: 51200K Free: 16211K (32%)
ptolemy.util.test.WatchDog.cancel(): canceling Tue Nov 26 06:16:59 UTC 2019
------------------ testing $PTII/ptolemy/domains/de/test/auto/MergeModel3Add.xml
auto.tcl: Setting watchdog for 200 seconds at Tue Nov 26 06:16:59 UTC 2019
9 ms. Memory: 48128K Free: 15134K (31%)
ptolemy.util.test.WatchDog.cancel(): canceling Tue Nov 26 06:16:59 UTC 2019
auto.tcl: Setting watchdog for 200 seconds at Tue Nov 26 06:16:59 UTC 2019
10 ms. Memory: 48128K Free: 13569K (28%)
ptolemy.util.test.WatchDog.cancel(): canceling Tue Nov 26 06:16:59 UTC 2019
------------------ testing $PTII/ptolemy/domains/de/test/auto/MergeWithoutDiscard.xml
auto.tcl: Setting watchdog for 200 seconds at Tue Nov 26 06:16:59 UTC 2019
1 ms. Memory: 48128K Free: 29679K (62%)
ptolemy.util.test.WatchDog.cancel(): canceling Tue Nov 26 06:16:59 UTC 2019
auto.tcl: Setting watchdog for 200 seconds at Tue Nov 26 06:16:59 UTC 2019
1 ms. Memory: 48128K Free: 29300K (61%)
ptolemy.util.test.WatchDog.cancel(): canceling Tue Nov 26 06:16:59 UTC 2019
------------------ testing $PTII/ptolemy/domains/de/test/auto/Modal1.xml
auto.tcl: Setting watchdog for 200 seconds at Tue Nov 26 06:16:59 UTC 2019
18 ms. Memory: 48128K Free: 21622K (45%)
ptolemy.util.test.WatchDog.cancel(): canceling Tue Nov 26 06:16:59 UTC 2019
auto.tcl: Setting watchdog for 200 seconds at Tue Nov 26 06:16:59 UTC 2019
27 ms. Memory: 48128K Free: 17974K (37%)
ptolemy.util.test.WatchDog.cancel(): canceling Tue Nov 26 06:16:59 UTC 2019
------------------ testing $PTII/ptolemy/domains/de/test/auto/Modal2.xml
auto.tcl: Setting watchdog for 200 seconds at Tue Nov 26 06:16:59 UTC 2019
11 ms. Memory: 48128K Free: 21707K (45%)
ptolemy.util.test.WatchDog.cancel(): canceling Tue Nov 26 06:16:59 UTC 2019
auto.tcl: Setting watchdog for 200 seconds at Tue Nov 26 06:16:59 UTC 2019
12 ms. Memory: 48128K Free: 18480K (38%)
ptolemy.util.test.WatchDog.cancel(): canceling Tue Nov 26 06:16:59 UTC 2019
------------------ testing $PTII/ptolemy/domains/de/test/auto/Modal3.xml
auto.tcl: Setting watchdog for 200 seconds at Tue Nov 26 06:16:59 UTC 2019
9 ms. Memory: 48128K Free: 21430K (45%)
ptolemy.util.test.WatchDog.cancel(): canceling Tue Nov 26 06:16:59 UTC 2019
auto.tcl: Setting watchdog for 200 seconds at Tue Nov 26 06:16:59 UTC 2019
11 ms. Memory: 48128K Free: 18489K (38%)
ptolemy.util.test.WatchDog.cancel(): canceling Tue Nov 26 06:16:59 UTC 2019
------------------ testing $PTII/ptolemy/domains/de/test/auto/Modal4.xml
auto.tcl: Setting watchdog for 200 seconds at Tue Nov 26 06:16:59 UTC 2019
26 ms. Memory: 48128K Free: 20670K (43%)
ptolemy.util.test.WatchDog.cancel(): canceling Tue Nov 26 06:16:59 UTC 2019
auto.tcl: Setting watchdog for 200 seconds at Tue Nov 26 06:16:59 UTC 2019
19 ms. Memory: 48128K Free: 16821K (35%)
ptolemy.util.test.WatchDog.cancel(): canceling Tue Nov 26 06:16:59 UTC 2019
------------------ testing $PTII/ptolemy/domains/de/test/auto/Modal5.xml
auto.tcl: Setting watchdog for 200 seconds at Tue Nov 26 06:16:59 UTC 2019
15 ms. Memory: 48128K Free: 20673K (43%)
ptolemy.util.test.WatchDog.cancel(): canceling Tue Nov 26 06:16:59 UTC 2019
auto.tcl: Setting watchdog for 200 seconds at Tue Nov 26 06:16:59 UTC 2019
15 ms. Memory: 48128K Free: 16808K (35%)
ptolemy.util.test.WatchDog.cancel(): canceling Tue Nov 26 06:16:59 UTC 2019
------------------ testing $PTII/ptolemy/domains/de/test/auto/Modal6.xml
auto.tcl: Setting watchdog for 200 seconds at Tue Nov 26 06:16:59 UTC 2019
18 ms. Memory: 48128K Free: 21448K (45%)
ptolemy.util.test.WatchDog.cancel(): canceling Tue Nov 26 06:16:59 UTC 2019
auto.tcl: Setting watchdog for 200 seconds at Tue Nov 26 06:16:59 UTC 2019
17 ms. Memory: 48128K Free: 17472K (36%)
ptolemy.util.test.WatchDog.cancel(): canceling Tue Nov 26 06:16:59 UTC 2019
------------------ testing $PTII/ptolemy/domains/de/test/auto/Modal7.xml
auto.tcl: Setting watchdog for 200 seconds at Tue Nov 26 06:17:00 UTC 2019
17 ms. Memory: 48128K Free: 20457K (43%)
ptolemy.util.test.WatchDog.cancel(): canceling Tue Nov 26 06:17:00 UTC 2019
auto.tcl: Setting watchdog for 200 seconds at Tue Nov 26 06:17:00 UTC 2019
21 ms. Memory: 48128K Free: 16840K (35%)
ptolemy.util.test.WatchDog.cancel(): canceling Tue Nov 26 06:17:00 UTC 2019
------------------ testing $PTII/ptolemy/domains/de/test/auto/ModalModel.xml
auto.tcl: Setting watchdog for 200 seconds at Tue Nov 26 06:17:00 UTC 2019
204 ms. Memory: 58368K Free: 38058K (65%)
ptolemy.util.test.WatchDog.cancel(): canceling Tue Nov 26 06:17:00 UTC 2019
auto.tcl: Setting watchdog for 200 seconds at Tue Nov 26 06:17:00 UTC 2019
182 ms. Memory: 58368K Free: 32838K (56%)
ptolemy.util.test.WatchDog.cancel(): canceling Tue Nov 26 06:17:00 UTC 2019
------------------ testing $PTII/ptolemy/domains/de/test/auto/ModalSource.xml
auto.tcl: Setting watchdog for 200 seconds at Tue Nov 26 06:17:00 UTC 2019
7 ms. Memory: 51200K Free: 28562K (56%)
ptolemy.util.test.WatchDog.cancel(): canceling Tue Nov 26 06:17:00 UTC 2019
auto.tcl: Setting watchdog for 200 seconds at Tue Nov 26 06:17:00 UTC 2019
7 ms. Memory: 51200K Free: 26505K (52%)
ptolemy.util.test.WatchDog.cancel(): canceling Tue Nov 26 06:17:00 UTC 2019
------------------ testing $PTII/ptolemy/domains/de/test/auto/NonInterruptibleTimerZeroDelay.xml
auto.tcl: Setting watchdog for 200 seconds at Tue Nov 26 06:17:00 UTC 2019
4 ms. Memory: 48128K Free: 30487K (63%)
ptolemy.util.test.WatchDog.cancel(): canceling Tue Nov 26 06:17:00 UTC 2019
auto.tcl: Setting watchdog for 200 seconds at Tue Nov 26 06:17:00 UTC 2019
2 ms. Memory: 48128K Free: 29768K (62%)
ptolemy.util.test.WatchDog.cancel(): canceling Tue Nov 26 06:17:00 UTC 2019
------------------ testing $PTII/ptolemy/domains/de/test/auto/OpenQueueingNetwork.xml
auto.tcl: Setting watchdog for 200 seconds at Tue Nov 26 06:17:00 UTC 2019
3182 ms. Memory: 109568K Free: 92500K (84%)
ptolemy.util.test.WatchDog.cancel(): canceling Tue Nov 26 06:17:04 UTC 2019
auto.tcl: Setting watchdog for 200 seconds at Tue Nov 26 06:17:04 UTC 2019
2670 ms. Memory: 132096K Free: 83196K (63%)
ptolemy.util.test.WatchDog.cancel(): canceling Tue Nov 26 06:17:06 UTC 2019
------------------ testing $PTII/ptolemy/domains/de/test/auto/OpenQueuingNetwork.xml
auto.tcl: Setting watchdog for 200 seconds at Tue Nov 26 06:17:06 UTC 2019
245 ms. Memory: 55296K Free: 26181K (47%)
ptolemy.util.test.WatchDog.cancel(): canceling Tue Nov 26 06:17:07 UTC 2019
auto.tcl: Setting watchdog for 200 seconds at Tue Nov 26 06:17:07 UTC 2019
263 ms. Memory: 55296K Free: 35657K (64%)
ptolemy.util.test.WatchDog.cancel(): canceling Tue Nov 26 06:17:07 UTC 2019
------------------ testing $PTII/ptolemy/domains/de/test/auto/PeriodicSampler.xml
auto.tcl: Setting watchdog for 200 seconds at Tue Nov 26 06:17:07 UTC 2019
4 ms. Memory: 51200K Free: 32686K (64%)
ptolemy.util.test.WatchDog.cancel(): canceling Tue Nov 26 06:17:07 UTC 2019
auto.tcl: Setting watchdog for 200 seconds at Tue Nov 26 06:17:07 UTC 2019
2 ms. Memory: 51200K Free: 32167K (63%)
ptolemy.util.test.WatchDog.cancel(): canceling Tue Nov 26 06:17:07 UTC 2019
------------------ testing $PTII/ptolemy/domains/de/test/auto/PersistentIO.xml
auto.tcl: Setting watchdog for 200 seconds at Tue Nov 26 06:17:07 UTC 2019
17 ms. Memory: 48128K Free: 24523K (51%)
ptolemy.util.test.WatchDog.cancel(): canceling Tue Nov 26 06:17:07 UTC 2019
auto.tcl: Setting watchdog for 200 seconds at Tue Nov 26 06:17:07 UTC 2019
4 ms. Memory: 48128K Free: 23047K (48%)
ptolemy.util.test.WatchDog.cancel(): canceling Tue Nov 26 06:17:07 UTC 2019
------------------ testing $PTII/ptolemy/domains/de/test/auto/PortParameterResetOnInitialize.xml
auto.tcl: Setting watchdog for 200 seconds at Tue Nov 26 06:17:07 UTC 2019
7 ms. Memory: 48128K Free: 29523K (61%)
ptolemy.util.test.WatchDog.cancel(): canceling Tue Nov 26 06:17:07 UTC 2019
auto.tcl: Setting watchdog for 200 seconds at Tue Nov 26 06:17:07 UTC 2019
2 ms. Memory: 48128K Free: 29047K (60%)
ptolemy.util.test.WatchDog.cancel(): canceling Tue Nov 26 06:17:07 UTC 2019
------------------ testing $PTII/ptolemy/domains/de/test/auto/PortParameterUpdates.xml
auto.tcl: Setting watchdog for 200 seconds at Tue Nov 26 06:17:07 UTC 2019
6 ms. Memory: 48128K Free: 27591K (57%)
ptolemy.util.test.WatchDog.cancel(): canceling Tue Nov 26 06:17:07 UTC 2019
auto.tcl: Setting watchdog for 200 seconds at Tue Nov 26 06:17:07 UTC 2019
4 ms. Memory: 48128K Free: 26137K (54%)
ptolemy.util.test.WatchDog.cancel(): canceling Tue Nov 26 06:17:07 UTC 2019
------------------ testing $PTII/ptolemy/domains/de/test/auto/QueueAndServer.xml
auto.tcl: Setting watchdog for 200 seconds at Tue Nov 26 06:17:07 UTC 2019
14 ms. Memory: 48128K Free: 26539K (55%)
ptolemy.util.test.WatchDog.cancel(): canceling Tue Nov 26 06:17:07 UTC 2019
auto.tcl: Setting watchdog for 200 seconds at Tue Nov 26 06:17:07 UTC 2019
8 ms. Memory: 48128K Free: 25097K (52%)
ptolemy.util.test.WatchDog.cancel(): canceling Tue Nov 26 06:17:07 UTC 2019
------------------ testing $PTII/ptolemy/domains/de/test/auto/Records.xml
auto.tcl: Setting watchdog for 200 seconds at Tue Nov 26 06:17:08 UTC 2019
5 ms. Memory: 48128K Free: 28785K (60%)
ptolemy.util.test.WatchDog.cancel(): canceling Tue Nov 26 06:17:08 UTC 2019
auto.tcl: Setting watchdog for 200 seconds at Tue Nov 26 06:17:08 UTC 2019
2 ms. Memory: 48128K Free: 28275K (59%)
ptolemy.util.test.WatchDog.cancel(): canceling Tue Nov 26 06:17:08 UTC 2019
------------------ testing $PTII/ptolemy/domains/de/test/auto/ResetTransitionWithStartTime1.xml
auto.tcl: Setting watchdog for 200 seconds at Tue Nov 26 06:17:08 UTC 2019
7 ms. Memory: 48128K Free: 26023K (54%)
ptolemy.util.test.WatchDog.cancel(): canceling Tue Nov 26 06:17:08 UTC 2019
auto.tcl: Setting watchdog for 200 seconds at Tue Nov 26 06:17:08 UTC 2019
6 ms. Memory: 48128K Free: 23975K (50%)
ptolemy.util.test.WatchDog.cancel(): canceling Tue Nov 26 06:17:08 UTC 2019
------------------ testing $PTII/ptolemy/domains/de/test/auto/ResetTransitionWithStartTime2.xml
auto.tcl: Setting watchdog for 200 seconds at Tue Nov 26 06:17:08 UTC 2019
4 ms. Memory: 48128K Free: 25978K (54%)
ptolemy.util.test.WatchDog.cancel(): canceling Tue Nov 26 06:17:08 UTC 2019
auto.tcl: Setting watchdog for 200 seconds at Tue Nov 26 06:17:08 UTC 2019
5 ms. Memory: 48128K Free: 23966K (50%)
ptolemy.util.test.WatchDog.cancel(): canceling Tue Nov 26 06:17:08 UTC 2019
------------------ testing $PTII/ptolemy/domains/de/test/auto/ResetTransitionWithStartTime3.xml
auto.tcl: Setting watchdog for 200 seconds at Tue Nov 26 06:17:08 UTC 2019
11 ms. Memory: 48128K Free: 26090K (54%)
ptolemy.util.test.WatchDog.cancel(): canceling Tue Nov 26 06:17:08 UTC 2019
auto.tcl: Setting watchdog for 200 seconds at Tue Nov 26 06:17:08 UTC 2019
6 ms. Memory: 48128K Free: 24014K (50%)
ptolemy.util.test.WatchDog.cancel(): canceling Tue Nov 26 06:17:08 UTC 2019
------------------ testing $PTII/ptolemy/domains/de/test/auto/ResetTransitionWithStartTime4.xml
auto.tcl: Setting watchdog for 200 seconds at Tue Nov 26 06:17:08 UTC 2019
7 ms. Memory: 48128K Free: 26441K (55%)
ptolemy.util.test.WatchDog.cancel(): canceling Tue Nov 26 06:17:08 UTC 2019
auto.tcl: Setting watchdog for 200 seconds at Tue Nov 26 06:17:08 UTC 2019
3 ms. Memory: 48128K Free: 25023K (52%)
ptolemy.util.test.WatchDog.cancel(): canceling Tue Nov 26 06:17:08 UTC 2019
------------------ testing $PTII/ptolemy/domains/de/test/auto/ResettableTimer1.xml
auto.tcl: Setting watchdog for 200 seconds at Tue Nov 26 06:17:08 UTC 2019
8 ms. Memory: 48128K Free: 30465K (63%)
ptolemy.util.test.WatchDog.cancel(): canceling Tue Nov 26 06:17:08 UTC 2019
auto.tcl: Setting watchdog for 200 seconds at Tue Nov 26 06:17:08 UTC 2019
2 ms. Memory: 48128K Free: 29591K (61%)
ptolemy.util.test.WatchDog.cancel(): canceling Tue Nov 26 06:17:08 UTC 2019
------------------ testing $PTII/ptolemy/domains/de/test/auto/ResettableTimer2.xml
auto.tcl: Setting watchdog for 200 seconds at Tue Nov 26 06:17:08 UTC 2019
3 ms. Memory: 48128K Free: 30271K (63%)
ptolemy.util.test.WatchDog.cancel(): canceling Tue Nov 26 06:17:08 UTC 2019
auto.tcl: Setting watchdog for 200 seconds at Tue Nov 26 06:17:08 UTC 2019
3 ms. Memory: 48128K Free: 29157K (61%)
ptolemy.util.test.WatchDog.cancel(): canceling Tue Nov 26 06:17:08 UTC 2019
------------------ testing $PTII/ptolemy/domains/de/test/auto/ResettableTimer3.xml
auto.tcl: Setting watchdog for 200 seconds at Tue Nov 26 06:17:08 UTC 2019
2 ms. Memory: 48128K Free: 30109K (63%)
ptolemy.util.test.WatchDog.cancel(): canceling Tue Nov 26 06:17:08 UTC 2019
auto.tcl: Setting watchdog for 200 seconds at Tue Nov 26 06:17:08 UTC 2019
1 ms. Memory: 48128K Free: 29647K (62%)
ptolemy.util.test.WatchDog.cancel(): canceling Tue Nov 26 06:17:08 UTC 2019
------------------ testing $PTII/ptolemy/domains/de/test/auto/ResettableTimer4.xml
auto.tcl: Setting watchdog for 200 seconds at Tue Nov 26 06:17:08 UTC 2019
1 ms. Memory: 48128K Free: 30159K (63%)
ptolemy.util.test.WatchDog.cancel(): canceling Tue Nov 26 06:17:08 UTC 2019
auto.tcl: Setting watchdog for 200 seconds at Tue Nov 26 06:17:08 UTC 2019
2 ms. Memory: 48128K Free: 29661K (62%)
ptolemy.util.test.WatchDog.cancel(): canceling Tue Nov 26 06:17:08 UTC 2019
------------------ testing $PTII/ptolemy/domains/de/test/auto/ResettableTimer5.xml
auto.tcl: Setting watchdog for 200 seconds at Tue Nov 26 06:17:08 UTC 2019
2 ms. Memory: 48128K Free: 29593K (61%)
ptolemy.util.test.WatchDog.cancel(): canceling Tue Nov 26 06:17:08 UTC 2019
auto.tcl: Setting watchdog for 200 seconds at Tue Nov 26 06:17:08 UTC 2019
1 ms. Memory: 48128K Free: 29117K (60%)
ptolemy.util.test.WatchDog.cancel(): canceling Tue Nov 26 06:17:08 UTC 2019
------------------ testing $PTII/ptolemy/domains/de/test/auto/ResettableTimer6.xml
auto.tcl: Setting watchdog for 200 seconds at Tue Nov 26 06:17:08 UTC 2019
1 ms. Memory: 48128K Free: 29584K (61%)
ptolemy.util.test.WatchDog.cancel(): canceling Tue Nov 26 06:17:08 UTC 2019
auto.tcl: Setting watchdog for 200 seconds at Tue Nov 26 06:17:08 UTC 2019
1 ms. Memory: 48128K Free: 29091K (60%)
ptolemy.util.test.WatchDog.cancel(): canceling Tue Nov 26 06:17:08 UTC 2019
------------------ testing $PTII/ptolemy/domains/de/test/auto/ServerZeroDelay.xml
auto.tcl: Setting watchdog for 200 seconds at Tue Nov 26 06:17:08 UTC 2019
3 ms. Memory: 48128K Free: 30103K (63%)
ptolemy.util.test.WatchDog.cancel(): canceling Tue Nov 26 06:17:08 UTC 2019
auto.tcl: Setting watchdog for 200 seconds at Tue Nov 26 06:17:08 UTC 2019
2 ms. Memory: 48128K Free: 29102K (60%)
ptolemy.util.test.WatchDog.cancel(): canceling Tue Nov 26 06:17:08 UTC 2019
------------------ testing $PTII/ptolemy/domains/de/test/auto/SmartSender.xml
auto.tcl: Setting watchdog for 200 seconds at Tue Nov 26 06:17:08 UTC 2019
3001 ms. Memory: 48128K Free: 30133K (63%)
ptolemy.util.test.WatchDog.cancel(): canceling Tue Nov 26 06:17:11 UTC 2019
auto.tcl: Setting watchdog for 200 seconds at Tue Nov 26 06:17:11 UTC 2019
3001 ms. Memory: 48128K Free: 29635K (62%)
ptolemy.util.test.WatchDog.cancel(): canceling Tue Nov 26 06:17:14 UTC 2019
------------------ testing $PTII/ptolemy/domains/de/test/auto/ThreadedComposite.xml
auto.tcl: Setting watchdog for 200 seconds at Tue Nov 26 06:17:14 UTC 2019
196 ms. Memory: 48128K Free: 11678K (24%)
ptolemy.util.test.WatchDog.cancel(): canceling Tue Nov 26 06:17:15 UTC 2019
auto.tcl: Setting watchdog for 200 seconds at Tue Nov 26 06:17:15 UTC 2019
169 ms. Memory: 48128K Free: 24510K (51%)
ptolemy.util.test.WatchDog.cancel(): canceling Tue Nov 26 06:17:15 UTC 2019
------------------ testing $PTII/ptolemy/domains/de/test/auto/Time.xml
auto.tcl: Setting watchdog for 200 seconds at Tue Nov 26 06:17:15 UTC 2019
583 ms. Memory: 72704K Free: 28131K (39%)
ptolemy.util.test.WatchDog.cancel(): canceling Tue Nov 26 06:17:15 UTC 2019
auto.tcl: Setting watchdog for 200 seconds at Tue Nov 26 06:17:15 UTC 2019
503 ms. Memory: 72704K Free: 55272K (76%)
ptolemy.util.test.WatchDog.cancel(): canceling Tue Nov 26 06:17:16 UTC 2019
------------------ testing $PTII/ptolemy/domains/de/test/auto/TimeDelayZeroDelay.xml
auto.tcl: Setting watchdog for 200 seconds at Tue Nov 26 06:17:16 UTC 2019
3 ms. Memory: 48128K Free: 30537K (63%)
ptolemy.util.test.WatchDog.cancel(): canceling Tue Nov 26 06:17:16 UTC 2019
auto.tcl: Setting watchdog for 200 seconds at Tue Nov 26 06:17:16 UTC 2019
3 ms. Memory: 48128K Free: 29655K (62%)
ptolemy.util.test.WatchDog.cancel(): canceling Tue Nov 26 06:17:16 UTC 2019
------------------ testing $PTII/ptolemy/domains/de/test/auto/TimerZeroDelay.xml
auto.tcl: Setting watchdog for 200 seconds at Tue Nov 26 06:17:16 UTC 2019
4 ms. Memory: 48128K Free: 30546K (63%)
ptolemy.util.test.WatchDog.cancel(): canceling Tue Nov 26 06:17:16 UTC 2019
auto.tcl: Setting watchdog for 200 seconds at Tue Nov 26 06:17:16 UTC 2019
2 ms. Memory: 48128K Free: 29719K (62%)
ptolemy.util.test.WatchDog.cancel(): canceling Tue Nov 26 06:17:16 UTC 2019
------------------ testing $PTII/ptolemy/domains/de/test/auto/TimingParadox.xml
auto.tcl: Setting watchdog for 200 seconds at Tue Nov 26 06:17:16 UTC 2019
364 ms. Memory: 48128K Free: 13138K (27%)
ptolemy.util.test.WatchDog.cancel(): canceling Tue Nov 26 06:17:17 UTC 2019
auto.tcl: Setting watchdog for 200 seconds at Tue Nov 26 06:17:17 UTC 2019
351 ms. Memory: 48128K Free: 25262K (52%)
ptolemy.util.test.WatchDog.cancel(): canceling Tue Nov 26 06:17:17 UTC 2019
------------------ testing $PTII/ptolemy/domains/de/test/auto/TransferInputs.xml
auto.tcl: Setting watchdog for 200 seconds at Tue Nov 26 06:17:17 UTC 2019
1 ms. Memory: 48128K Free: 28552K (59%)
ptolemy.util.test.WatchDog.cancel(): canceling Tue Nov 26 06:17:17 UTC 2019
auto.tcl: Setting watchdog for 200 seconds at Tue Nov 26 06:17:17 UTC 2019
1 ms. Memory: 48128K Free: 27683K (58%)
ptolemy.util.test.WatchDog.cancel(): canceling Tue Nov 26 06:17:17 UTC 2019
------------------ testing $PTII/ptolemy/domains/de/test/auto/TransferOutputs2.xml
auto.tcl: Setting watchdog for 200 seconds at Tue Nov 26 06:17:17 UTC 2019
3 ms. Memory: 48128K Free: 25980K (54%)
ptolemy.util.test.WatchDog.cancel(): canceling Tue Nov 26 06:17:17 UTC 2019
auto.tcl: Setting watchdog for 200 seconds at Tue Nov 26 06:17:17 UTC 2019
4 ms. Memory: 48128K Free: 24576K (51%)
ptolemy.util.test.WatchDog.cancel(): canceling Tue Nov 26 06:17:17 UTC 2019
------------------ testing $PTII/ptolemy/domains/de/test/auto/Trilateration.xml
auto.tcl: Setting watchdog for 200 seconds at Tue Nov 26 06:17:17 UTC 2019
13410 ms. Memory: 386048K Free: 238756K (62%)
ptolemy.util.test.WatchDog.cancel(): canceling Tue Nov 26 06:17:32 UTC 2019
auto.tcl: Setting watchdog for 200 seconds at Tue Nov 26 06:17:32 UTC 2019
10729 ms. Memory: 386048K Free: 357467K (93%)
ptolemy.util.test.WatchDog.cancel(): canceling Tue Nov 26 06:17:43 UTC 2019
------------------ testing $PTII/ptolemy/domains/de/test/auto/TwoSigmaDelta.xml
auto.tcl: Setting watchdog for 200 seconds at Tue Nov 26 06:17:43 UTC 2019
2865 ms. Memory: 89088K Free: 22610K (25%)
ptolemy.util.test.WatchDog.cancel(): canceling Tue Nov 26 06:17:46 UTC 2019
auto.tcl: Setting watchdog for 200 seconds at Tue Nov 26 06:17:46 UTC 2019
1982 ms. Memory: 89088K Free: 21561K (24%)
ptolemy.util.test.WatchDog.cancel(): canceling Tue Nov 26 06:17:48 UTC 2019
------------------ testing $PTII/ptolemy/domains/de/test/auto/VariableDelay.xml
auto.tcl: Setting watchdog for 200 seconds at Tue Nov 26 06:17:48 UTC 2019
2 ms. Memory: 51200K Free: 32101K (63%)
ptolemy.util.test.WatchDog.cancel(): canceling Tue Nov 26 06:17:48 UTC 2019
auto.tcl: Setting watchdog for 200 seconds at Tue Nov 26 06:17:48 UTC 2019
2 ms. Memory: 51200K Free: 31085K (61%)
ptolemy.util.test.WatchDog.cancel(): canceling Tue Nov 26 06:17:48 UTC 2019
------------------ testing $PTII/ptolemy/domains/de/test/auto/VariableDelay2.xml
auto.tcl: Setting watchdog for 200 seconds at Tue Nov 26 06:17:48 UTC 2019
2 ms. Memory: 51200K Free: 32410K (63%)
ptolemy.util.test.WatchDog.cancel(): canceling Tue Nov 26 06:17:48 UTC 2019
auto.tcl: Setting watchdog for 200 seconds at Tue Nov 26 06:17:48 UTC 2019
1 ms. Memory: 51200K Free: 31459K (61%)
ptolemy.util.test.WatchDog.cancel(): canceling Tue Nov 26 06:17:48 UTC 2019
------------------ testing $PTII/ptolemy/domains/de/test/auto/VariableDelayZeroDelay.xml
auto.tcl: Setting watchdog for 200 seconds at Tue Nov 26 06:17:48 UTC 2019
2 ms. Memory: 51200K Free: 33125K (65%)
ptolemy.util.test.WatchDog.cancel(): canceling Tue Nov 26 06:17:48 UTC 2019
auto.tcl: Setting watchdog for 200 seconds at Tue Nov 26 06:17:48 UTC 2019
2 ms. Memory: 51200K Free: 32498K (63%)
ptolemy.util.test.WatchDog.cancel(): canceling Tue Nov 26 06:17:48 UTC 2019
------------------ testing $PTII/ptolemy/domains/de/test/auto/VariableDelayZeroDelay2.xml
auto.tcl: Setting watchdog for 200 seconds at Tue Nov 26 06:17:48 UTC 2019
2 ms. Memory: 51200K Free: 33025K (65%)
ptolemy.util.test.WatchDog.cancel(): canceling Tue Nov 26 06:17:48 UTC 2019
auto.tcl: Setting watchdog for 200 seconds at Tue Nov 26 06:17:48 UTC 2019
2 ms. Memory: 51200K Free: 32001K (63%)
ptolemy.util.test.WatchDog.cancel(): canceling Tue Nov 26 06:17:48 UTC 2019
------------------ testing $PTII/ptolemy/domains/de/test/auto/deInCt.xml
auto.tcl: Setting watchdog for 200 seconds at Tue Nov 26 06:17:48 UTC 2019
0
1
1
1
0
0
0
0
1
1
1
0
0
0
0
0
0
1
1
0
0
0
0
1
1
1
1
1
1
15 ms. Memory: 51200K Free: 31998K (62%)
ptolemy.util.test.WatchDog.cancel(): canceling Tue Nov 26 06:17:48 UTC 2019
auto.tcl: Setting watchdog for 200 seconds at Tue Nov 26 06:17:48 UTC 2019
0
1
1
1
0
0
1
1
0
0
0
0
0
0
1
1
1
0
0
1
1
1
0
0
1
1
1
0
0
0
1
1
1
1
0
0
0
1
1
1
0
0
0
1
1
1
0
0
0
0
11 ms. Memory: 51200K Free: 30460K (59%)
ptolemy.util.test.WatchDog.cancel(): canceling Tue Nov 26 06:17:48 UTC 2019
------------------ testing $PTII/ptolemy/domains/de/test/auto/deInCt2.xml
auto.tcl: Setting watchdog for 200 seconds at Tue Nov 26 06:17:48 UTC 2019
0
1
1
1
0
0
1
1
1
0
0
1
1
1
0
0
1
1
1
0
0
1
1
1
0
0
1
1
1
0
0
1
1
1
0
0
1
1
1
0
0
0
13 ms. Memory: 51200K Free: 32046K (63%)
ptolemy.util.test.WatchDog.cancel(): canceling Tue Nov 26 06:17:48 UTC 2019
auto.tcl: Setting watchdog for 200 seconds at Tue Nov 26 06:17:48 UTC 2019
0
1
1
1
0
0
1
1
1
0
0
1
1
1
0
0
1
1
1
0
0
1
1
1
0
0
1
1
1
0
0
1
1
1
0
0
1
1
1
0
0
0
6 ms. Memory: 51200K Free: 30433K (59%)
ptolemy.util.test.WatchDog.cancel(): canceling Tue Nov 26 06:17:48 UTC 2019
------------------ testing $PTII/ptolemy/domains/de/test/auto/dynamicCausalityInterface1.xml
auto.tcl: Setting watchdog for 200 seconds at Tue Nov 26 06:17:48 UTC 2019
1 ms. Memory: 51200K Free: 27899K (54%)
ptolemy.util.test.WatchDog.cancel(): canceling Tue Nov 26 06:17:48 UTC 2019
auto.tcl: Setting watchdog for 200 seconds at Tue Nov 26 06:17:48 UTC 2019
1 ms. Memory: 51200K Free: 27385K (53%)
ptolemy.util.test.WatchDog.cancel(): canceling Tue Nov 26 06:17:48 UTC 2019
------------------ testing $PTII/ptolemy/domains/de/test/auto/fsm_de_test.xml
auto.tcl: Setting watchdog for 200 seconds at Tue Nov 26 06:17:48 UTC 2019
7 ms. Memory: 48128K Free: 24726K (51%)
ptolemy.util.test.WatchDog.cancel(): canceling Tue Nov 26 06:17:48 UTC 2019
auto.tcl: Setting watchdog for 200 seconds at Tue Nov 26 06:17:48 UTC 2019
6 ms. Memory: 48128K Free: 22716K (47%)
ptolemy.util.test.WatchDog.cancel(): canceling Tue Nov 26 06:17:48 UTC 2019
------------------ testing $PTII/ptolemy/domains/de/test/auto/functionDependencyReconstruction.xml
auto.tcl: Setting watchdog for 200 seconds at Tue Nov 26 06:17:48 UTC 2019
3 ms. Memory: 48128K Free: 18571K (39%)
ptolemy.util.test.WatchDog.cancel(): canceling Tue Nov 26 06:17:48 UTC 2019
auto.tcl: Setting watchdog for 200 seconds at Tue Nov 26 06:17:48 UTC 2019
3 ms. Memory: 48128K Free: 16557K (34%)
ptolemy.util.test.WatchDog.cancel(): canceling Tue Nov 26 06:17:48 UTC 2019
------------------ testing $PTII/ptolemy/domains/de/test/auto/multirate.xml
auto.tcl: Setting watchdog for 200 seconds at Tue Nov 26 06:17:48 UTC 2019
9 ms. Memory: 48128K Free: 27141K (56%)
ptolemy.util.test.WatchDog.cancel(): canceling Tue Nov 26 06:17:48 UTC 2019
auto.tcl: Setting watchdog for 200 seconds at Tue Nov 26 06:17:48 UTC 2019
3 ms. Memory: 48128K Free: 25658K (53%)
ptolemy.util.test.WatchDog.cancel(): canceling Tue Nov 26 06:17:48 UTC 2019
------------------ testing $PTII/ptolemy/domains/de/test/auto/multirate2.xml
auto.tcl: Setting watchdog for 200 seconds at Tue Nov 26 06:17:48 UTC 2019
2 ms. Memory: 48128K Free: 27322K (57%)
ptolemy.util.test.WatchDog.cancel(): canceling Tue Nov 26 06:17:49 UTC 2019
auto.tcl: Setting watchdog for 200 seconds at Tue Nov 26 06:17:49 UTC 2019
3 ms. Memory: 48128K Free: 25819K (54%)
ptolemy.util.test.WatchDog.cancel(): canceling Tue Nov 26 06:17:49 UTC 2019
------------------ testing $PTII/ptolemy/domains/de/test/auto/realtime.xml
auto.tcl: Setting watchdog for 200 seconds at Tue Nov 26 06:17:49 UTC 2019
10001 ms. Memory: 48128K Free: 29541K (61%)
ptolemy.util.test.WatchDog.cancel(): canceling Tue Nov 26 06:17:59 UTC 2019
auto.tcl: Setting watchdog for 200 seconds at Tue Nov 26 06:17:59 UTC 2019
10001 ms. Memory: 48128K Free: 28872K (60%)
ptolemy.util.test.WatchDog.cancel(): canceling Tue Nov 26 06:18:09 UTC 2019
------------------ testing $PTII/ptolemy/domains/de/test/auto/relationGroup.xml
auto.tcl: Setting watchdog for 200 seconds at Tue Nov 26 06:18:09 UTC 2019
11 ms. Memory: 48128K Free: 30675K (64%)
ptolemy.util.test.WatchDog.cancel(): canceling Tue Nov 26 06:18:09 UTC 2019
auto.tcl: Setting watchdog for 200 seconds at Tue Nov 26 06:18:09 UTC 2019
2 ms. Memory: 48128K Free: 29953K (62%)
ptolemy.util.test.WatchDog.cancel(): canceling Tue Nov 26 06:18:09 UTC 2019
------------------ testing $PTII/ptolemy/domains/de/test/auto/relationGroup2.xml
auto.tcl: Setting watchdog for 200 seconds at Tue Nov 26 06:18:09 UTC 2019
1 ms. Memory: 48128K Free: 30713K (64%)
ptolemy.util.test.WatchDog.cancel(): canceling Tue Nov 26 06:18:09 UTC 2019
auto.tcl: Setting watchdog for 200 seconds at Tue Nov 26 06:18:09 UTC 2019
2 ms. Memory: 48128K Free: 29980K (62%)
ptolemy.util.test.WatchDog.cancel(): canceling Tue Nov 26 06:18:09 UTC 2019
------------------ testing $PTII/ptolemy/domains/de/test/auto/sortWithOpaquePorts.xml
auto.tcl: Setting watchdog for 200 seconds at Tue Nov 26 06:18:09 UTC 2019
2 ms. Memory: 48128K Free: 29453K (61%)
ptolemy.util.test.WatchDog.cancel(): canceling Tue Nov 26 06:18:09 UTC 2019
auto.tcl: Setting watchdog for 200 seconds at Tue Nov 26 06:18:09 UTC 2019
2 ms. Memory: 48128K Free: 28493K (59%)
ptolemy.util.test.WatchDog.cancel(): canceling Tue Nov 26 06:18:09 UTC 2019
------------------ testing $PTII/ptolemy/domains/de/test/auto/transferInputsandOutputs.xml
auto.tcl: Setting watchdog for 200 seconds at Tue Nov 26 06:18:09 UTC 2019
4 ms. Memory: 48128K Free: 26896K (56%)
ptolemy.util.test.WatchDog.cancel(): canceling Tue Nov 26 06:18:09 UTC 2019
auto.tcl: Setting watchdog for 200 seconds at Tue Nov 26 06:18:09 UTC 2019
3 ms. Memory: 48128K Free: 25925K (54%)
ptolemy.util.test.WatchDog.cancel(): canceling Tue Nov 26 06:18:09 UTC 2019
------------------ testing $PTII/ptolemy/domains/de/test/auto/triggerType.xml
auto.tcl: Setting watchdog for 200 seconds at Tue Nov 26 06:18:09 UTC 2019
1 ms. Memory: 48128K Free: 29920K (62%)
ptolemy.util.test.WatchDog.cancel(): canceling Tue Nov 26 06:18:09 UTC 2019
auto.tcl: Setting watchdog for 200 seconds at Tue Nov 26 06:18:09 UTC 2019
2 ms. Memory: 48128K Free: 28960K (60%)
ptolemy.util.test.WatchDog.cancel(): canceling Tue Nov 26 06:18:09 UTC 2019
11/26/19 06:18:09
Failed: 0  Total Tests: 192  ((Passed: 187, Newly Passed: 1)  Known Failed: 5) /home/travis/build/icyphy/ptII/ptolemy/domains/de/test
11/26/19 06:18:09
Failed: 0  Total Tests: 192  ((Passed: 187, Newly Passed: 1)  Known Failed: 5) /home/travis/build/icyphy/ptII/ptolemy/domains/de/test
----------------- testing (KnownFailure) /home/travis/build/icyphy/ptII/ptolemy/domains/de/test/auto/knownFailedTests/DESDFClockTest.xml
2011 ms. Memory: 48128K Free: 23316K (48%)
Known Failure: java.lang.reflect.InvocationTargetException
----------------- testing (KnownFailure) /home/travis/build/icyphy/ptII/ptolemy/domains/de/test/auto/knownFailedTests/DirectFeedback.xml
2 ms. Memory: 48128K Free: 19734K (41%)
Known Failure: java.lang.reflect.InvocationTargetException
----------------- testing (KnownFailure) /home/travis/build/icyphy/ptII/ptolemy/domains/de/test/auto/knownFailedTests/FSMSource.xml
15 ms. Memory: 48128K Free: 12038K (25%)
----------------- testing (KnownFailure) /home/travis/build/icyphy/ptII/ptolemy/domains/de/test/auto/knownFailedTests/HierarchicalModel.xml
3 ms. Memory: 48128K Free: 21744K (45%)
Known Failure: java.lang.reflect.InvocationTargetException
----------------- testing (KnownFailure) /home/travis/build/icyphy/ptII/ptolemy/domains/de/test/auto/knownFailedTests/dependencyLoop.xml
14 ms. Memory: 48128K Free: 31623K (66%)
Known Failure: java.lang.reflect.InvocationTargetException
----------------- testing (KnownFailure) /home/travis/build/icyphy/ptII/ptolemy/domains/de/test/auto/knownFailedTests/dependencyLoop2.xml
2 ms. Memory: 48128K Free: 16005K (33%)
Known Failure: java.lang.reflect.InvocationTargetException
No auto/linux-amd64/*.xml tests in /home/travis/build/icyphy/ptII/ptolemy/domains/de/test
AutoTests.java: About to close Vertx.
AutoTests.java: Vertx closed.

===========================================================================================
----------------- testing Tue Nov 26 06:18:11 UTC 2019 /home/travis/build/icyphy/ptII/ptolemy/domains/de/test/auto/ActorDepthCalculation_actorWithoutPorts.xml
----------------- Instantiating /home/travis/build/icyphy/ptII/ptolemy/domains/de/test/auto/ActorDepthCalculation_actorWithoutPorts.xml
2 ms. Memory: 48128K Free: 9502K (20%)
----------------- Invoking toplevel() on ptolemy.moml.MoMLSimpleApplication@1b09d1e9
----------------- Done invoking toplevel() on ptolemy.moml.MoMLSimpleApplication@1b09d1e9
reloadAllAccessors: .ActorDepthCalculation_actorWithoutPorts

===========================================================================================
----------------- testing Tue Nov 26 06:18:11 UTC 2019 /home/travis/build/icyphy/ptII/ptolemy/domains/de/test/auto/AssemblyLine.xml
----------------- Instantiating /home/travis/build/icyphy/ptII/ptolemy/domains/de/test/auto/AssemblyLine.xml
2 ms. Memory: 48128K Free: 28017K (58%)
----------------- Invoking toplevel() on ptolemy.moml.MoMLSimpleApplication@4abceec6
----------------- Done invoking toplevel() on ptolemy.moml.MoMLSimpleApplication@4abceec6
reloadAllAccessors: .AssemblyLine

===========================================================================================
----------------- testing Tue Nov 26 06:18:11 UTC 2019 /home/travis/build/icyphy/ptII/ptolemy/domains/de/test/auto/CQBug1.xml
----------------- Instantiating /home/travis/build/icyphy/ptII/ptolemy/domains/de/test/auto/CQBug1.xml
2 ms. Memory: 48128K Free: 25263K (52%)
----------------- Invoking toplevel() on ptolemy.moml.MoMLSimpleApplication@25951dbb
----------------- Done invoking toplevel() on ptolemy.moml.MoMLSimpleApplication@25951dbb
reloadAllAccessors: .CQBug1

===========================================================================================
----------------- testing Tue Nov 26 06:18:12 UTC 2019 /home/travis/build/icyphy/ptII/ptolemy/domains/de/test/auto/CancelFireAt.xml
----------------- Instantiating /home/travis/build/icyphy/ptII/ptolemy/domains/de/test/auto/CancelFireAt.xml
1 ms. Memory: 48128K Free: 22657K (47%)
----------------- Invoking toplevel() on ptolemy.moml.MoMLSimpleApplication@753b8cf5
----------------- Done invoking toplevel() on ptolemy.moml.MoMLSimpleApplication@753b8cf5
reloadAllAccessors: .CancelFireAt

===========================================================================================
----------------- testing Tue Nov 26 06:18:12 UTC 2019 /home/travis/build/icyphy/ptII/ptolemy/domains/de/test/auto/CausalityAndComposabilityAnalysis.xml
----------------- Instantiating /home/travis/build/icyphy/ptII/ptolemy/domains/de/test/auto/CausalityAndComposabilityAnalysis.xml
2 ms. Memory: 48128K Free: 18512K (38%)
----------------- Invoking toplevel() on ptolemy.moml.MoMLSimpleApplication@1189c274
----------------- Done invoking toplevel() on ptolemy.moml.MoMLSimpleApplication@1189c274
reloadAllAccessors: .CausalityAndComposabilityAnalysis

===========================================================================================
----------------- testing Tue Nov 26 06:18:12 UTC 2019 /home/travis/build/icyphy/ptII/ptolemy/domains/de/test/auto/CausalityInterface1.xml
----------------- Instantiating /home/travis/build/icyphy/ptII/ptolemy/domains/de/test/auto/CausalityInterface1.xml
3 ms. Memory: 48128K Free: 13233K (27%)
----------------- Invoking toplevel() on ptolemy.moml.MoMLSimpleApplication@3c5abe86
----------------- Done invoking toplevel() on ptolemy.moml.MoMLSimpleApplication@3c5abe86
reloadAllAccessors: .CausalityInterface1

===========================================================================================
----------------- testing Tue Nov 26 06:18:12 UTC 2019 /home/travis/build/icyphy/ptII/ptolemy/domains/de/test/auto/CausalityInterface15.xml
----------------- Instantiating /home/travis/build/icyphy/ptII/ptolemy/domains/de/test/auto/CausalityInterface15.xml
6 ms. Memory: 48128K Free: 33525K (70%)
----------------- Invoking toplevel() on ptolemy.moml.MoMLSimpleApplication@7ed13b54
----------------- Done invoking toplevel() on ptolemy.moml.MoMLSimpleApplication@7ed13b54
reloadAllAccessors: .CausalityInterface15

===========================================================================================
----------------- testing Tue Nov 26 06:18:12 UTC 2019 /home/travis/build/icyphy/ptII/ptolemy/domains/de/test/auto/CausalityInterface2.xml
----------------- Instantiating /home/travis/build/icyphy/ptII/ptolemy/domains/de/test/auto/CausalityInterface2.xml
1 ms. Memory: 48128K Free: 28680K (60%)
[...]
	at ptolemy.actor.Manager.run(Manager.java:1263)
	at ptolemy.actor.Manager$PtolemyRunThread.run(Manager.java:1933)
java.lang.RuntimeException: Execution failed
	at ptolemy.moml.MoMLSimpleApplication$UnloadThread.run(MoMLSimpleApplication.java:402)
Caused by: ptolemy.kernel.util.IllegalActionException: Actor is not ready to fire.  Perhaps UpSample.prefire() returned false? Try debugging the actor by selecting "Listen to Actor".  Also, for SDF check moml for tokenConsumptionRate on input.
  in .DESDFClockTest.Play Bell.Copy1:SDF Director and .DESDFClockTest.Play Bell.UpSample
	at ptolemy.actor.sched.StaticSchedulingDirector.fire(StaticSchedulingDirector.java:227)
	at ptolemy.domains.sdf.kernel.SDFDirector.fire(SDFDirector.java:500)
	at ptolemy.actor.CompositeActor.fire(CompositeActor.java:455)
	at ptolemy.domains.de.kernel.DEDirector._fire(DEDirector.java:1949)
	at ptolemy.domains.de.kernel.DEDirector.fire(DEDirector.java:502)
	at ptolemy.actor.CompositeActor.fire(CompositeActor.java:455)
	at ptolemy.actor.Manager.iterate(Manager.java:851)
	at ptolemy.actor.Manager.execute(Manager.java:369)
	at ptolemy.actor.Manager.run(Manager.java:1263)
	at ptolemy.actor.Manager$PtolemyRunThread.run(Manager.java:1933)
java.lang.reflect.InvocationTargetException
	at java.base/jdk.internal.reflect.NativeConstructorAccessorImpl.newInstance0(Native Method)
	at java.base/jdk.internal.reflect.NativeConstructorAccessorImpl.newInstance(NativeConstructorAccessorImpl.java:62)
	at java.base/jdk.internal.reflect.DelegatingConstructorAccessorImpl.newInstance(DelegatingConstructorAccessorImpl.java:45)
	at java.base/java.lang.reflect.Constructor.newInstance(Constructor.java:490)
	at ptolemy.util.test.junit.AutoKnownFailedTests.RunModel(AutoKnownFailedTests.java:105)
	at java.base/jdk.internal.reflect.NativeMethodAccessorImpl.invoke0(Native Method)
	at java.base/jdk.internal.reflect.NativeMethodAccessorImpl.invoke(NativeMethodAccessorImpl.java:62)
	at java.base/jdk.internal.reflect.DelegatingMethodAccessorImpl.invoke(DelegatingMethodAccessorImpl.java:43)
	at java.base/java.lang.reflect.Method.invoke(Method.java:566)
	at org.junit.runners.model.FrameworkMethod$1.runReflectiveCall(FrameworkMethod.java:44)
	at org.junit.internal.runners.model.ReflectiveCallable.run(ReflectiveCallable.java:15)
	at org.junit.runners.model.FrameworkMethod.invokeExplosively(FrameworkMethod.java:41)
	at junitparams.internal.InvokeParameterisedMethod.evaluate(InvokeParameterisedMethod.java:102)
	at org.junit.internal.runners.statements.FailOnTimeout$1.run(FailOnTimeout.java:28)
Caused by: ptolemy.kernel.util.IllegalActionException: Actor is not ready to fire.  Perhaps UpSample.prefire() returned false? Try debugging the actor by selecting "Listen to Actor".  Also, for SDF check moml for tokenConsumptionRate on input.
  in .DESDFClockTest.Play Bell.Copy1:SDF Director and .DESDFClockTest.Play Bell.UpSample
	at ptolemy.actor.sched.StaticSchedulingDirector.fire(StaticSchedulingDirector.java:227)
	at ptolemy.domains.sdf.kernel.SDFDirector.fire(SDFDirector.java:500)
	at ptolemy.actor.CompositeActor.fire(CompositeActor.java:455)
	at ptolemy.domains.de.kernel.DEDirector._fire(DEDirector.java:1949)
	at ptolemy.domains.de.kernel.DEDirector.fire(DEDirector.java:502)
	at ptolemy.actor.CompositeActor.fire(CompositeActor.java:455)
	at ptolemy.actor.Manager.iterate(Manager.java:851)
	at ptolemy.actor.Manager.execute(Manager.java:369)
	at ptolemy.actor.Manager.run(Manager.java:1263)
	at ptolemy.actor.Manager$PtolemyRunThread.run(Manager.java:1933)
java.lang.RuntimeException: Execution failed
	at ptolemy.moml.MoMLSimpleApplication$UnloadThread.run(MoMLSimpleApplication.java:402)
Caused by: ptolemy.kernel.util.IllegalActionException: Test fails in iteration 1.
Value was: 1.0. Should have been: 2.0
  in .DirectFeedback.Test
	at ptolemy.actor.lib.Test.fire(Test.java:268)
	at ptolemy.domains.de.kernel.DEDirector._fire(DEDirector.java:1949)
	at ptolemy.domains.de.kernel.DEDirector.fire(DEDirector.java:502)
	at ptolemy.actor.CompositeActor.fire(CompositeActor.java:455)
	at ptolemy.actor.Manager.iterate(Manager.java:851)
	at ptolemy.actor.Manager.execute(Manager.java:369)
	at ptolemy.actor.Manager.run(Manager.java:1263)
	at ptolemy.actor.Manager$PtolemyRunThread.run(Manager.java:1933)
java.lang.reflect.InvocationTargetException
	at java.base/jdk.internal.reflect.NativeConstructorAccessorImpl.newInstance0(Native Method)
	at java.base/jdk.internal.reflect.NativeConstructorAccessorImpl.newInstance(NativeConstructorAccessorImpl.java:62)
	at java.base/jdk.internal.reflect.DelegatingConstructorAccessorImpl.newInstance(DelegatingConstructorAccessorImpl.java:45)
	at java.base/java.lang.reflect.Constructor.newInstance(Constructor.java:490)
	at ptolemy.util.test.junit.AutoKnownFailedTests.RunModel(AutoKnownFailedTests.java:105)
	at java.base/jdk.internal.reflect.NativeMethodAccessorImpl.invoke0(Native Method)
	at java.base/jdk.internal.reflect.NativeMethodAccessorImpl.invoke(NativeMethodAccessorImpl.java:62)
	at java.base/jdk.internal.reflect.DelegatingMethodAccessorImpl.invoke(DelegatingMethodAccessorImpl.java:43)
	at java.base/java.lang.reflect.Method.invoke(Method.java:566)
	at org.junit.runners.model.FrameworkMethod$1.runReflectiveCall(FrameworkMethod.java:44)
	at org.junit.internal.runners.model.ReflectiveCallable.run(ReflectiveCallable.java:15)
	at org.junit.runners.model.FrameworkMethod.invokeExplosively(FrameworkMethod.java:41)
	at junitparams.internal.InvokeParameterisedMethod.evaluate(InvokeParameterisedMethod.java:102)
	at org.junit.internal.runners.statements.FailOnTimeout$1.run(FailOnTimeout.java:28)
Caused by: ptolemy.kernel.util.IllegalActionException: Test fails in iteration 1.
Value was: 1.0. Should have been: 2.0
  in .DirectFeedback.Test
	at ptolemy.actor.lib.Test.fire(Test.java:268)
	at ptolemy.domains.de.kernel.DEDirector._fire(DEDirector.java:1949)
	at ptolemy.domains.de.kernel.DEDirector.fire(DEDirector.java:502)
	at ptolemy.actor.CompositeActor.fire(CompositeActor.java:455)
	at ptolemy.actor.Manager.iterate(Manager.java:851)
	at ptolemy.actor.Manager.execute(Manager.java:369)
	at ptolemy.actor.Manager.run(Manager.java:1263)
	at ptolemy.actor.Manager$PtolemyRunThread.run(Manager.java:1933)
java.lang.RuntimeException: Execution failed
	at ptolemy.moml.MoMLSimpleApplication$UnloadThread.run(MoMLSimpleApplication.java:402)
Caused by: ptolemy.kernel.util.IllegalActionException: Found a zero delay loop containing .HierarchicalModel.A
  in .HierarchicalModel and .HierarchicalModel.A
	at ptolemy.actor.util.CausalityInterfaceForComposites._computeOutputPortDepth(CausalityInterfaceForComposites.java:759)
	at ptolemy.actor.util.CausalityInterfaceForComposites._computeInputDepth(CausalityInterfaceForComposites.java:696)
	at ptolemy.actor.util.CausalityInterfaceForComposites._computeOutputPortDepth(CausalityInterfaceForComposites.java:765)
	at ptolemy.actor.util.CausalityInterfaceForComposites._computeInputDepth(CausalityInterfaceForComposites.java:696)
	at ptolemy.actor.util.CausalityInterfaceForComposites._computeOutputPortDepth(CausalityInterfaceForComposites.java:765)
	at ptolemy.actor.util.CausalityInterfaceForComposites._computeInputDepth(CausalityInterfaceForComposites.java:696)
	at ptolemy.actor.util.CausalityInterfaceForComposites._computeActorDepth(CausalityInterfaceForComposites.java:532)
	at ptolemy.actor.util.CausalityInterfaceForComposites.checkForCycles(CausalityInterfaceForComposites.java:96)
	at ptolemy.domains.de.kernel.DEDirector.preinitialize(DEDirector.java:1338)
	at ptolemy.actor.CompositeActor.preinitialize(CompositeActor.java:1828)
	at ptolemy.actor.Manager.preinitializeAndResolveTypes(Manager.java:1040)
	at ptolemy.actor.Manager.initialize(Manager.java:710)
	at ptolemy.actor.Manager.execute(Manager.java:356)
	at ptolemy.actor.Manager.run(Manager.java:1263)
	at ptolemy.actor.Manager$PtolemyRunThread.run(Manager.java:1933)
java.lang.reflect.InvocationTargetException
	at java.base/jdk.internal.reflect.NativeConstructorAccessorImpl.newInstance0(Native Method)
	at java.base/jdk.internal.reflect.NativeConstructorAccessorImpl.newInstance(NativeConstructorAccessorImpl.java:62)
	at java.base/jdk.internal.reflect.DelegatingConstructorAccessorImpl.newInstance(DelegatingConstructorAccessorImpl.java:45)
	at java.base/java.lang.reflect.Constructor.newInstance(Constructor.java:490)
	at ptolemy.util.test.junit.AutoKnownFailedTests.RunModel(AutoKnownFailedTests.java:105)
	at java.base/jdk.internal.reflect.NativeMethodAccessorImpl.invoke0(Native Method)
	at java.base/jdk.internal.reflect.NativeMethodAccessorImpl.invoke(NativeMethodAccessorImpl.java:62)
	at java.base/jdk.internal.reflect.DelegatingMethodAccessorImpl.invoke(DelegatingMethodAccessorImpl.java:43)
	at java.base/java.lang.reflect.Method.invoke(Method.java:566)
	at org.junit.runners.model.FrameworkMethod$1.runReflectiveCall(FrameworkMethod.java:44)
	at org.junit.internal.runners.model.ReflectiveCallable.run(ReflectiveCallable.java:15)
	at org.junit.runners.model.FrameworkMethod.invokeExplosively(FrameworkMethod.java:41)
	at junitparams.internal.InvokeParameterisedMethod.evaluate(InvokeParameterisedMethod.java:102)
	at org.junit.internal.runners.statements.FailOnTimeout$1.run(FailOnTimeout.java:28)
Caused by: ptolemy.kernel.util.IllegalActionException: Found a zero delay loop containing .HierarchicalModel.A
  in .HierarchicalModel and .HierarchicalModel.A
	at ptolemy.actor.util.CausalityInterfaceForComposites._computeOutputPortDepth(CausalityInterfaceForComposites.java:759)
	at ptolemy.actor.util.CausalityInterfaceForComposites._computeInputDepth(CausalityInterfaceForComposites.java:696)
	at ptolemy.actor.util.CausalityInterfaceForComposites._computeOutputPortDepth(CausalityInterfaceForComposites.java:765)
	at ptolemy.actor.util.CausalityInterfaceForComposites._computeInputDepth(CausalityInterfaceForComposites.java:696)
	at ptolemy.actor.util.CausalityInterfaceForComposites._computeOutputPortDepth(CausalityInterfaceForComposites.java:765)
	at ptolemy.actor.util.CausalityInterfaceForComposites._computeInputDepth(CausalityInterfaceForComposites.java:696)
	at ptolemy.actor.util.CausalityInterfaceForComposites._computeActorDepth(CausalityInterfaceForComposites.java:532)
	at ptolemy.actor.util.CausalityInterfaceForComposites.checkForCycles(CausalityInterfaceForComposites.java:96)
	at ptolemy.domains.de.kernel.DEDirector.preinitialize(DEDirector.java:1338)
	at ptolemy.actor.CompositeActor.preinitialize(CompositeActor.java:1828)
	at ptolemy.actor.Manager.preinitializeAndResolveTypes(Manager.java:1040)
	at ptolemy.actor.Manager.initialize(Manager.java:710)
	at ptolemy.actor.Manager.execute(Manager.java:356)
	at ptolemy.actor.Manager.run(Manager.java:1263)
	at ptolemy.actor.Manager$PtolemyRunThread.run(Manager.java:1933)
java.lang.RuntimeException: Execution failed
	at ptolemy.moml.MoMLSimpleApplication$UnloadThread.run(MoMLSimpleApplication.java:402)
Caused by: ptolemy.kernel.util.IllegalActionException: Found a zero delay loop containing .dependencyLoop.original
  in .dependencyLoop and .dependencyLoop.original
	at ptolemy.actor.util.CausalityInterfaceForComposites._computeOutputPortDepth(CausalityInterfaceForComposites.java:759)
	at ptolemy.actor.util.CausalityInterfaceForComposites._computeInputDepth(CausalityInterfaceForComposites.java:696)
	at ptolemy.actor.util.CausalityInterfaceForComposites._computeOutputPortDepth(CausalityInterfaceForComposites.java:765)
	at ptolemy.actor.util.CausalityInterfaceForComposites._computeInputDepth(CausalityInterfaceForComposites.java:696)
	at ptolemy.actor.util.CausalityInterfaceForComposites._computeOutputPortDepth(CausalityInterfaceForComposites.java:765)
	at ptolemy.actor.util.CausalityInterfaceForComposites._computeInputDepth(CausalityInterfaceForComposites.java:696)
	at ptolemy.actor.util.CausalityInterfaceForComposites._computeActorDepth(CausalityInterfaceForComposites.java:532)
	at ptolemy.actor.util.CausalityInterfaceForComposites.checkForCycles(CausalityInterfaceForComposites.java:96)
	at ptolemy.domains.de.kernel.DEDirector.preinitialize(DEDirector.java:1338)
	at ptolemy.actor.CompositeActor.preinitialize(CompositeActor.java:1828)
	at ptolemy.actor.Manager.preinitializeAndResolveTypes(Manager.java:1040)
	at ptolemy.actor.Manager.initialize(Manager.java:710)
	at ptolemy.actor.Manager.execute(Manager.java:356)
	at ptolemy.actor.Manager.run(Manager.java:1263)
	at ptolemy.actor.Manager$PtolemyRunThread.run(Manager.java:1933)
java.lang.reflect.InvocationTargetException
	at java.base/jdk.internal.reflect.NativeConstructorAccessorImpl.newInstance0(Native Method)
	at java.base/jdk.internal.reflect.NativeConstructorAccessorImpl.newInstance(NativeConstructorAccessorImpl.java:62)
	at java.base/jdk.internal.reflect.DelegatingConstructorAccessorImpl.newInstance(DelegatingConstructorAccessorImpl.java:45)
	at java.base/java.lang.reflect.Constructor.newInstance(Constructor.java:490)
	at ptolemy.util.test.junit.AutoKnownFailedTests.RunModel(AutoKnownFailedTests.java:105)
	at java.base/jdk.internal.reflect.NativeMethodAccessorImpl.invoke0(Native Method)
	at java.base/jdk.internal.reflect.NativeMethodAccessorImpl.invoke(NativeMethodAccessorImpl.java:62)
	at java.base/jdk.internal.reflect.DelegatingMethodAccessorImpl.invoke(DelegatingMethodAccessorImpl.java:43)
	at java.base/java.lang.reflect.Method.invoke(Method.java:566)
	at org.junit.runners.model.FrameworkMethod$1.runReflectiveCall(FrameworkMethod.java:44)
	at org.junit.internal.runners.model.ReflectiveCallable.run(ReflectiveCallable.java:15)
	at org.junit.runners.model.FrameworkMethod.invokeExplosively(FrameworkMethod.java:41)
	at junitparams.internal.InvokeParameterisedMethod.evaluate(InvokeParameterisedMethod.java:102)
	at org.junit.internal.runners.statements.FailOnTimeout$1.run(FailOnTimeout.java:28)
Caused by: ptolemy.kernel.util.IllegalActionException: Found a zero delay loop containing .dependencyLoop.original
  in .dependencyLoop and .dependencyLoop.original
	at ptolemy.actor.util.CausalityInterfaceForComposites._computeOutputPortDepth(CausalityInterfaceForComposites.java:759)
	at ptolemy.actor.util.CausalityInterfaceForComposites._computeInputDepth(CausalityInterfaceForComposites.java:696)
	at ptolemy.actor.util.CausalityInterfaceForComposites._computeOutputPortDepth(CausalityInterfaceForComposites.java:765)
	at ptolemy.actor.util.CausalityInterfaceForComposites._computeInputDepth(CausalityInterfaceForComposites.java:696)
	at ptolemy.actor.util.CausalityInterfaceForComposites._computeOutputPortDepth(CausalityInterfaceForComposites.java:765)
	at ptolemy.actor.util.CausalityInterfaceForComposites._computeInputDepth(CausalityInterfaceForComposites.java:696)
	at ptolemy.actor.util.CausalityInterfaceForComposites._computeActorDepth(CausalityInterfaceForComposites.java:532)
	at ptolemy.actor.util.CausalityInterfaceForComposites.checkForCycles(CausalityInterfaceForComposites.java:96)
	at ptolemy.domains.de.kernel.DEDirector.preinitialize(DEDirector.java:1338)
	at ptolemy.actor.CompositeActor.preinitialize(CompositeActor.java:1828)
	at ptolemy.actor.Manager.preinitializeAndResolveTypes(Manager.java:1040)
	at ptolemy.actor.Manager.initialize(Manager.java:710)
	at ptolemy.actor.Manager.execute(Manager.java:356)
	at ptolemy.actor.Manager.run(Manager.java:1263)
	at ptolemy.actor.Manager$PtolemyRunThread.run(Manager.java:1933)
java.lang.RuntimeException: Execution failed
	at ptolemy.moml.MoMLSimpleApplication$UnloadThread.run(MoMLSimpleApplication.java:402)
Caused by: ptolemy.kernel.util.IllegalActionException: Found a zero delay loop containing .dependencyLoop2.original
  in .dependencyLoop2 and .dependencyLoop2.original
	at ptolemy.actor.util.CausalityInterfaceForComposites._computeOutputPortDepth(CausalityInterfaceForComposites.java:759)
	at ptolemy.actor.util.CausalityInterfaceForComposites._computeInputDepth(CausalityInterfaceForComposites.java:696)
	at ptolemy.actor.util.CausalityInterfaceForComposites._computeOutputPortDepth(CausalityInterfaceForComposites.java:765)
	at ptolemy.actor.util.CausalityInterfaceForComposites._computeInputDepth(CausalityInterfaceForComposites.java:696)
	at ptolemy.actor.util.CausalityInterfaceForComposites._computeOutputPortDepth(CausalityInterfaceForComposites.java:765)
	at ptolemy.actor.util.CausalityInterfaceForComposites._computeInputDepth(CausalityInterfaceForComposites.java:696)
	at ptolemy.actor.util.CausalityInterfaceForComposites._computeActorDepth(CausalityInterfaceForComposites.java:532)
	at ptolemy.actor.util.CausalityInterfaceForComposites.checkForCycles(CausalityInterfaceForComposites.java:96)
	at ptolemy.domains.de.kernel.DEDirector.preinitialize(DEDirector.java:1338)
	at ptolemy.actor.CompositeActor.preinitialize(CompositeActor.java:1828)
	at ptolemy.actor.Manager.preinitializeAndResolveTypes(Manager.java:1040)
	at ptolemy.actor.Manager.initialize(Manager.java:710)
	at ptolemy.actor.Manager.execute(Manager.java:356)
	at ptolemy.actor.Manager.run(Manager.java:1263)
	at ptolemy.actor.Manager$PtolemyRunThread.run(Manager.java:1933)
java.lang.reflect.InvocationTargetException
	at java.base/jdk.internal.reflect.NativeConstructorAccessorImpl.newInstance0(Native Method)
	at java.base/jdk.internal.reflect.NativeConstructorAccessorImpl.newInstance(NativeConstructorAccessorImpl.java:62)
	at java.base/jdk.internal.reflect.DelegatingConstructorAccessorImpl.newInstance(DelegatingConstructorAccessorImpl.java:45)
	at java.base/java.lang.reflect.Constructor.newInstance(Constructor.java:490)
	at ptolemy.util.test.junit.AutoKnownFailedTests.RunModel(AutoKnownFailedTests.java:105)
	at java.base/jdk.internal.reflect.NativeMethodAccessorImpl.invoke0(Native Method)
	at java.base/jdk.internal.reflect.NativeMethodAccessorImpl.invoke(NativeMethodAccessorImpl.java:62)
	at java.base/jdk.internal.reflect.DelegatingMethodAccessorImpl.invoke(DelegatingMethodAccessorImpl.java:43)
	at java.base/java.lang.reflect.Method.invoke(Method.java:566)
	at org.junit.runners.model.FrameworkMethod$1.runReflectiveCall(FrameworkMethod.java:44)
	at org.junit.internal.runners.model.ReflectiveCallable.run(ReflectiveCallable.java:15)
	at org.junit.runners.model.FrameworkMethod.invokeExplosively(FrameworkMethod.java:41)
	at junitparams.internal.InvokeParameterisedMethod.evaluate(InvokeParameterisedMethod.java:102)
	at org.junit.internal.runners.statements.FailOnTimeout$1.run(FailOnTimeout.java:28)
Caused by: ptolemy.kernel.util.IllegalActionException: Found a zero delay loop containing .dependencyLoop2.original
  in .dependencyLoop2 and .dependencyLoop2.original
	at ptolemy.actor.util.CausalityInterfaceForComposites._computeOutputPortDepth(CausalityInterfaceForComposites.java:759)
	at ptolemy.actor.util.CausalityInterfaceForComposites._computeInputDepth(CausalityInterfaceForComposites.java:696)
	at ptolemy.actor.util.CausalityInterfaceForComposites._computeOutputPortDepth(CausalityInterfaceForComposites.java:765)
	at ptolemy.actor.util.CausalityInterfaceForComposites._computeInputDepth(CausalityInterfaceForComposites.java:696)
	at ptolemy.actor.util.CausalityInterfaceForComposites._computeOutputPortDepth(CausalityInterfaceForComposites.java:765)
	at ptolemy.actor.util.CausalityInterfaceForComposites._computeInputDepth(CausalityInterfaceForComposites.java:696)
	at ptolemy.actor.util.CausalityInterfaceForComposites._computeActorDepth(CausalityInterfaceForComposites.java:532)
	at ptolemy.actor.util.CausalityInterfaceForComposites.checkForCycles(CausalityInterfaceForComposites.java:96)
	at ptolemy.domains.de.kernel.DEDirector.preinitialize(DEDirector.java:1338)
	at ptolemy.actor.CompositeActor.preinitialize(CompositeActor.java:1828)
	at ptolemy.actor.Manager.preinitializeAndResolveTypes(Manager.java:1040)
	at ptolemy.actor.Manager.initialize(Manager.java:710)
	at ptolemy.actor.Manager.execute(Manager.java:356)
	at ptolemy.actor.Manager.run(Manager.java:1263)
	at ptolemy.actor.Manager$PtolemyRunThread.run(Manager.java:1933)
]]></system-err>
</testsuite>
