<?xml version="1.0" encoding="UTF-8" ?>
<testsuite errors="0" failures="0" hostname="travis-job-87a5d062-d087-4a25-bb30-f56c965fcfd6" name="ptolemy.domains.continuous.test.junit.JUnitTclTest" skipped="0" tests="155" time="81.31" timestamp="2018-08-05T01:48:58">
  <properties>
[...]
</properties>
  <testcase classname="ptolemy.util.test.junit.TclTests" name="[0] ThereAreNoTclTests (RunTclFile)" time="0.002" />
  <testcase classname="ptolemy.util.test.junit.AutoKnownFailedTests" name="[0] ThereAreNoKnowFailedTests (RunModel)" time="0.001" />
  <testcase classname="ptolemy.util.test.junit.AutoNameArchTests" name="[0] ThereAreNoAutoArchTests (RunModel)" time="0.001" />
  <testcase classname="ptolemy.util.test.junit.AutoTests" name="[0] /home/travis/build/icyphy/ptII/ptolemy/domains/continuous/test/auto/BouncingBall.xml (RunModel)" time="3.156" />
  <testcase classname="ptolemy.util.test.junit.AutoTests" name="[1] /home/travis/build/icyphy/ptII/ptolemy/domains/continuous/test/auto/BouncingBallWithoutGR.xml (RunModel)" time="1.006" />
  <testcase classname="ptolemy.util.test.junit.AutoTests" name="[2] /home/travis/build/icyphy/ptII/ptolemy/domains/continuous/test/auto/Brownian.xml (RunModel)" time="0.134" />
  <testcase classname="ptolemy.util.test.junit.AutoTests" name="[3] /home/travis/build/icyphy/ptII/ptolemy/domains/continuous/test/auto/CarTracking.xml (RunModel)" time="3.987" />
  <testcase classname="ptolemy.util.test.junit.AutoTests" name="[4] /home/travis/build/icyphy/ptII/ptolemy/domains/continuous/test/auto/CartPendulum.xml (RunModel)" time="0.531" />
  <testcase classname="ptolemy.util.test.junit.AutoTests" name="[5] /home/travis/build/icyphy/ptII/ptolemy/domains/continuous/test/auto/CausalityInterface10.xml (RunModel)" time="0.051" />
  <testcase classname="ptolemy.util.test.junit.AutoTests" name="[6] /home/travis/build/icyphy/ptII/ptolemy/domains/continuous/test/auto/CausalityInterface11.xml (RunModel)" time="0.043" />
  <testcase classname="ptolemy.util.test.junit.AutoTests" name="[7] /home/travis/build/icyphy/ptII/ptolemy/domains/continuous/test/auto/CausalityInterface12.xml (RunModel)" time="0.042" />
  <testcase classname="ptolemy.util.test.junit.AutoTests" name="[8] /home/travis/build/icyphy/ptII/ptolemy/domains/continuous/test/auto/CausalityInterface13.xml (RunModel)" time="0.029" />
  <testcase classname="ptolemy.util.test.junit.AutoTests" name="[9] /home/travis/build/icyphy/ptII/ptolemy/domains/continuous/test/auto/CausalityInterface14.xml (RunModel)" time="0.031" />
  <testcase classname="ptolemy.util.test.junit.AutoTests" name="[10] /home/travis/build/icyphy/ptII/ptolemy/domains/continuous/test/auto/CausalityInterface4.xml (RunModel)" time="0.04" />
  <testcase classname="ptolemy.util.test.junit.AutoTests" name="[11] /home/travis/build/icyphy/ptII/ptolemy/domains/continuous/test/auto/CausalityInterface5.xml (RunModel)" time="0.052" />
  <testcase classname="ptolemy.util.test.junit.AutoTests" name="[12] /home/travis/build/icyphy/ptII/ptolemy/domains/continuous/test/auto/CausalityInterface6.xml (RunModel)" time="0.033" />
  <testcase classname="ptolemy.util.test.junit.AutoTests" name="[13] /home/travis/build/icyphy/ptII/ptolemy/domains/continuous/test/auto/CausalityInterface7.xml (RunModel)" time="0.057" />
  <testcase classname="ptolemy.util.test.junit.AutoTests" name="[14] /home/travis/build/icyphy/ptII/ptolemy/domains/continuous/test/auto/CausalityInterface8.xml (RunModel)" time="0.043" />
  <testcase classname="ptolemy.util.test.junit.AutoTests" name="[15] /home/travis/build/icyphy/ptII/ptolemy/domains/continuous/test/auto/CausalityInterface9.xml (RunModel)" time="0.066" />
  <testcase classname="ptolemy.util.test.junit.AutoTests" name="[16] /home/travis/build/icyphy/ptII/ptolemy/domains/continuous/test/auto/CausalityInterfaceFeedback1.xml (RunModel)" time="0.032" />
  <testcase classname="ptolemy.util.test.junit.AutoTests" name="[17] /home/travis/build/icyphy/ptII/ptolemy/domains/continuous/test/auto/CausalityInterfaceFeedback2.xml (RunModel)" time="0.034" />
  <testcase classname="ptolemy.util.test.junit.AutoTests" name="[18] /home/travis/build/icyphy/ptII/ptolemy/domains/continuous/test/auto/CompareWithCurrentTime.xml (RunModel)" time="0.029" />
  <testcase classname="ptolemy.util.test.junit.AutoTests" name="[19] /home/travis/build/icyphy/ptII/ptolemy/domains/continuous/test/auto/ComparedClocks.xml (RunModel)" time="0.089" />
  <testcase classname="ptolemy.util.test.junit.AutoTests" name="[20] /home/travis/build/icyphy/ptII/ptolemy/domains/continuous/test/auto/ContinuousAOCClone.xml (RunModel)" time="2.539" />
  <testcase classname="ptolemy.util.test.junit.AutoTests" name="[21] /home/travis/build/icyphy/ptII/ptolemy/domains/continuous/test/auto/ContinuousClock.xml (RunModel)" time="0.123" />
  <testcase classname="ptolemy.util.test.junit.AutoTests" name="[22] /home/travis/build/icyphy/ptII/ptolemy/domains/continuous/test/auto/ContinuousInContinuous.xml (RunModel)" time="0.097" />
  <testcase classname="ptolemy.util.test.junit.AutoTests" name="[23] /home/travis/build/icyphy/ptII/ptolemy/domains/continuous/test/auto/ContinuousInContinuousInContinuous.xml (RunModel)" time="0.039" />
  <testcase classname="ptolemy.util.test.junit.AutoTests" name="[24] /home/travis/build/icyphy/ptII/ptolemy/domains/continuous/test/auto/ContinuousInDE.xml (RunModel)" time="0.15" />
  <testcase classname="ptolemy.util.test.junit.AutoTests" name="[25] /home/travis/build/icyphy/ptII/ptolemy/domains/continuous/test/auto/ContinuousInDE2.xml (RunModel)" time="0.087" />
  <testcase classname="ptolemy.util.test.junit.AutoTests" name="[26] /home/travis/build/icyphy/ptII/ptolemy/domains/continuous/test/auto/ContinuousInDE3.xml (RunModel)" time="0.063" />
  <testcase classname="ptolemy.util.test.junit.AutoTests" name="[27] /home/travis/build/icyphy/ptII/ptolemy/domains/continuous/test/auto/ContinuousInDE4.xml (RunModel)" time="0.042" />
  <testcase classname="ptolemy.util.test.junit.AutoTests" name="[28] /home/travis/build/icyphy/ptII/ptolemy/domains/continuous/test/auto/ContinuousInDEDifferentRefinements.xml (RunModel)" time="0.122" />
  <testcase classname="ptolemy.util.test.junit.AutoTests" name="[29] /home/travis/build/icyphy/ptII/ptolemy/domains/continuous/test/auto/ContinuousInDEDifferentRefinementsPreemptive.xml (RunModel)" time="0.111" />
  <testcase classname="ptolemy.util.test.junit.AutoTests" name="[30] /home/travis/build/icyphy/ptII/ptolemy/domains/continuous/test/auto/ContinuousInDEInContinuous2.xml (RunModel)" time="0.071" />
  <testcase classname="ptolemy.util.test.junit.AutoTests" name="[31] /home/travis/build/icyphy/ptII/ptolemy/domains/continuous/test/auto/ContinuousInDEInContinuous3.xml (RunModel)" time="0.092" />
  <testcase classname="ptolemy.util.test.junit.AutoTests" name="[32] /home/travis/build/icyphy/ptII/ptolemy/domains/continuous/test/auto/ContinuousInDEInput.xml (RunModel)" time="0.049" />
  <testcase classname="ptolemy.util.test.junit.AutoTests" name="[33] /home/travis/build/icyphy/ptII/ptolemy/domains/continuous/test/auto/ContinuousInDEInput2.xml (RunModel)" time="0.038" />
  <testcase classname="ptolemy.util.test.junit.AutoTests" name="[34] /home/travis/build/icyphy/ptII/ptolemy/domains/continuous/test/auto/ContinuousInDEInput3.xml (RunModel)" time="0.033" />
  <testcase classname="ptolemy.util.test.junit.AutoTests" name="[35] /home/travis/build/icyphy/ptII/ptolemy/domains/continuous/test/auto/ContinuousInDESharingRefinement.xml (RunModel)" time="0.216" />
  <testcase classname="ptolemy.util.test.junit.AutoTests" name="[36] /home/travis/build/icyphy/ptII/ptolemy/domains/continuous/test/auto/ContinuousInDEwithNoPorts.xml (RunModel)" time="0.021" />
  <testcase classname="ptolemy.util.test.junit.AutoTests" name="[37] /home/travis/build/icyphy/ptII/ptolemy/domains/continuous/test/auto/ContinuousInsideDE.xml (RunModel)" time="0.094" />
  <testcase classname="ptolemy.util.test.junit.AutoTests" name="[38] /home/travis/build/icyphy/ptII/ptolemy/domains/continuous/test/auto/ContinuousMerge1.xml (RunModel)" time="0.019" />
  <testcase classname="ptolemy.util.test.junit.AutoTests" name="[39] /home/travis/build/icyphy/ptII/ptolemy/domains/continuous/test/auto/ContinuousMerge2.xml (RunModel)" time="0.055" />
  <testcase classname="ptolemy.util.test.junit.AutoTests" name="[40] /home/travis/build/icyphy/ptII/ptolemy/domains/continuous/test/auto/ContinuousMerge3.xml (RunModel)" time="0.087" />
  <testcase classname="ptolemy.util.test.junit.AutoTests" name="[41] /home/travis/build/icyphy/ptII/ptolemy/domains/continuous/test/auto/ContinuousWithinContinuous.xml (RunModel)" time="0.058" />
  <testcase classname="ptolemy.util.test.junit.AutoTests" name="[42] /home/travis/build/icyphy/ptII/ptolemy/domains/continuous/test/auto/ContinuousWithinContinuous2.xml (RunModel)" time="0.102" />
  <testcase classname="ptolemy.util.test.junit.AutoTests" name="[43] /home/travis/build/icyphy/ptII/ptolemy/domains/continuous/test/auto/ContinuousWithinContinuous3.xml (RunModel)" time="0.036" />
  <testcase classname="ptolemy.util.test.junit.AutoTests" name="[44] /home/travis/build/icyphy/ptII/ptolemy/domains/continuous/test/auto/ContinuousWithinContinuous4.xml (RunModel)" time="0.113" />
  <testcase classname="ptolemy.util.test.junit.AutoTests" name="[45] /home/travis/build/icyphy/ptII/ptolemy/domains/continuous/test/auto/ContinuousWithinContinuous5.xml (RunModel)" time="0.04" />
  <testcase classname="ptolemy.util.test.junit.AutoTests" name="[46] /home/travis/build/icyphy/ptII/ptolemy/domains/continuous/test/auto/ContinuousWithinContinuous6.xml (RunModel)" time="0.036" />
  <testcase classname="ptolemy.util.test.junit.AutoTests" name="[47] /home/travis/build/icyphy/ptII/ptolemy/domains/continuous/test/auto/ContinuousWithinContinuous7.xml (RunModel)" time="0.085" />
  <testcase classname="ptolemy.util.test.junit.AutoTests" name="[48] /home/travis/build/icyphy/ptII/ptolemy/domains/continuous/test/auto/DCMotor.xml (RunModel)" time="15.754" />
  <testcase classname="ptolemy.util.test.junit.AutoTests" name="[49] /home/travis/build/icyphy/ptII/ptolemy/domains/continuous/test/auto/DEInContinuous.xml (RunModel)" time="0.043" />
  <testcase classname="ptolemy.util.test.junit.AutoTests" name="[50] /home/travis/build/icyphy/ptII/ptolemy/domains/continuous/test/auto/DEinContinuous2.xml (RunModel)" time="0.026" />
  <testcase classname="ptolemy.util.test.junit.AutoTests" name="[51] /home/travis/build/icyphy/ptII/ptolemy/domains/continuous/test/auto/Derivative.xml (RunModel)" time="0.22" />
  <testcase classname="ptolemy.util.test.junit.AutoTests" name="[52] /home/travis/build/icyphy/ptII/ptolemy/domains/continuous/test/auto/Derivative1.xml (RunModel)" time="0.062" />
  <testcase classname="ptolemy.util.test.junit.AutoTests" name="[53] /home/travis/build/icyphy/ptII/ptolemy/domains/continuous/test/auto/DiscreteClock.xml (RunModel)" time="0.028" />
  <testcase classname="ptolemy.util.test.junit.AutoTests" name="[54] /home/travis/build/icyphy/ptII/ptolemy/domains/continuous/test/auto/EfficiencyCurve.xml (RunModel)" time="0.117" />
  <testcase classname="ptolemy.util.test.junit.AutoTests" name="[55] /home/travis/build/icyphy/ptII/ptolemy/domains/continuous/test/auto/ExponentialResponse.xml (RunModel)" time="0.158" />
  <testcase classname="ptolemy.util.test.junit.AutoTests" name="[56] /home/travis/build/icyphy/ptII/ptolemy/domains/continuous/test/auto/ExponentialResponseRK45.xml (RunModel)" time="0.038" />
  <testcase classname="ptolemy.util.test.junit.AutoTests" name="[57] /home/travis/build/icyphy/ptII/ptolemy/domains/continuous/test/auto/Friction.xml (RunModel)" time="1.685" />
  <testcase classname="ptolemy.util.test.junit.AutoTests" name="[58] /home/travis/build/icyphy/ptII/ptolemy/domains/continuous/test/auto/FurutaPendulum.xml (RunModel)" time="3.548" />
  <testcase classname="ptolemy.util.test.junit.AutoTests" name="[59] /home/travis/build/icyphy/ptII/ptolemy/domains/continuous/test/auto/HierarchicalExecution.xml (RunModel)" time="3.015" />
  <testcase classname="ptolemy.util.test.junit.AutoTests" name="[60] /home/travis/build/icyphy/ptII/ptolemy/domains/continuous/test/auto/HybridPlant.xml (RunModel)" time="0.71" />
  <testcase classname="ptolemy.util.test.junit.AutoTests" name="[61] /home/travis/build/icyphy/ptII/ptolemy/domains/continuous/test/auto/Hysteresis.xml (RunModel)" time="0.211" />
  <testcase classname="ptolemy.util.test.junit.AutoTests" name="[62] /home/travis/build/icyphy/ptII/ptolemy/domains/continuous/test/auto/HysteresisWithRandomDelay.xml (RunModel)" time="0.268" />
  <testcase classname="ptolemy.util.test.junit.AutoTests" name="[63] /home/travis/build/icyphy/ptII/ptolemy/domains/continuous/test/auto/HysteresisWithRandomLosses.xml (RunModel)" time="2.993" />
  <testcase classname="ptolemy.util.test.junit.AutoTests" name="[64] /home/travis/build/icyphy/ptII/ptolemy/domains/continuous/test/auto/ImmediateTransitions.xml (RunModel)" time="0.043" />
  <testcase classname="ptolemy.util.test.junit.AutoTests" name="[65] /home/travis/build/icyphy/ptII/ptolemy/domains/continuous/test/auto/ImpulseFeedback.xml (RunModel)" time="0.026" />
  <testcase classname="ptolemy.util.test.junit.AutoTests" name="[66] /home/travis/build/icyphy/ptII/ptolemy/domains/continuous/test/auto/ImpulseFeedback2.xml (RunModel)" time="0.02" />
  <testcase classname="ptolemy.util.test.junit.AutoTests" name="[67] /home/travis/build/icyphy/ptII/ptolemy/domains/continuous/test/auto/IncreasingRatePoisson.xml (RunModel)" time="0.794" />
  <testcase classname="ptolemy.util.test.junit.AutoTests" name="[68] /home/travis/build/icyphy/ptII/ptolemy/domains/continuous/test/auto/InitialStateFeedback.xml (RunModel)" time="0.027" />
  <testcase classname="ptolemy.util.test.junit.AutoTests" name="[69] /home/travis/build/icyphy/ptII/ptolemy/domains/continuous/test/auto/Integration.xml (RunModel)" time="0.014" />
  <testcase classname="ptolemy.util.test.junit.AutoTests" name="[70] /home/travis/build/icyphy/ptII/ptolemy/domains/continuous/test/auto/Integration2.xml (RunModel)" time="0.103" />
  <testcase classname="ptolemy.util.test.junit.AutoTests" name="[71] /home/travis/build/icyphy/ptII/ptolemy/domains/continuous/test/auto/Integration3.xml (RunModel)" time="0.015" />
  <testcase classname="ptolemy.util.test.junit.AutoTests" name="[72] /home/travis/build/icyphy/ptII/ptolemy/domains/continuous/test/auto/Integration5.xml (RunModel)" time="0.029" />
  <testcase classname="ptolemy.util.test.junit.AutoTests" name="[73] /home/travis/build/icyphy/ptII/ptolemy/domains/continuous/test/auto/IntegratorImpulse.xml (RunModel)" time="0.012" />
  <testcase classname="ptolemy.util.test.junit.AutoTests" name="[74] /home/travis/build/icyphy/ptII/ptolemy/domains/continuous/test/auto/IntegratorImpulse2.xml (RunModel)" time="0.013" />
  <testcase classname="ptolemy.util.test.junit.AutoTests" name="[75] /home/travis/build/icyphy/ptII/ptolemy/domains/continuous/test/auto/LevelCrossing1.xml (RunModel)" time="0.013" />
  <testcase classname="ptolemy.util.test.junit.AutoTests" name="[76] /home/travis/build/icyphy/ptII/ptolemy/domains/continuous/test/auto/LevelCrossing2.xml (RunModel)" time="0.014" />
  <testcase classname="ptolemy.util.test.junit.AutoTests" name="[77] /home/travis/build/icyphy/ptII/ptolemy/domains/continuous/test/auto/LevelCrossing3.xml (RunModel)" time="0.014" />
  <testcase classname="ptolemy.util.test.junit.AutoTests" name="[78] /home/travis/build/icyphy/ptII/ptolemy/domains/continuous/test/auto/LevelCrossing4.xml (RunModel)" time="0.014" />
  <testcase classname="ptolemy.util.test.junit.AutoTests" name="[79] /home/travis/build/icyphy/ptII/ptolemy/domains/continuous/test/auto/LevelCrossing5.xml (RunModel)" time="0.015" />
  <testcase classname="ptolemy.util.test.junit.AutoTests" name="[80] /home/travis/build/icyphy/ptII/ptolemy/domains/continuous/test/auto/LevelCrossing6.xml (RunModel)" time="0.018" />
  <testcase classname="ptolemy.util.test.junit.AutoTests" name="[81] /home/travis/build/icyphy/ptII/ptolemy/domains/continuous/test/auto/LevelCrossingDetector.xml (RunModel)" time="0.058" />
  <testcase classname="ptolemy.util.test.junit.AutoTests" name="[82] /home/travis/build/icyphy/ptII/ptolemy/domains/continuous/test/auto/LevelCrossingDetectorDetectingDirections.xml (RunModel)" time="0.118" />
  <testcase classname="ptolemy.util.test.junit.AutoTests" name="[83] /home/travis/build/icyphy/ptII/ptolemy/domains/continuous/test/auto/LevelCrossingDetectorDetectsGlitches.xml (RunModel)" time="0.076" />
  <testcase classname="ptolemy.util.test.junit.AutoTests" name="[84] /home/travis/build/icyphy/ptII/ptolemy/domains/continuous/test/auto/LevelCrossingNoInitialOuput.xml (RunModel)" time="0.013" />
  <testcase classname="ptolemy.util.test.junit.AutoTests" name="[85] /home/travis/build/icyphy/ptII/ptolemy/domains/continuous/test/auto/LinearStateSpaceExample.xml (RunModel)" time="0.058" />
  <testcase classname="ptolemy.util.test.junit.AutoTests" name="[86] /home/travis/build/icyphy/ptII/ptolemy/domains/continuous/test/auto/Lorenz.xml (RunModel)" time="5.115" />
  <testcase classname="ptolemy.util.test.junit.AutoTests" name="[87] /home/travis/build/icyphy/ptII/ptolemy/domains/continuous/test/auto/LorenzDifferentialSystem.xml (RunModel)" time="1.145" />
  <testcase classname="ptolemy.util.test.junit.AutoTests" name="[88] /home/travis/build/icyphy/ptII/ptolemy/domains/continuous/test/auto/LorenzDifferentialSystemWithInput.xml (RunModel)" time="1.33" />
  <testcase classname="ptolemy.util.test.junit.AutoTests" name="[89] /home/travis/build/icyphy/ptII/ptolemy/domains/continuous/test/auto/LorenzDifferentialSystemWithTime.xml (RunModel)" time="0.693" />
  <testcase classname="ptolemy.util.test.junit.AutoTests" name="[90] /home/travis/build/icyphy/ptII/ptolemy/domains/continuous/test/auto/Microsteps.xml (RunModel)" time="0.029" />
  <testcase classname="ptolemy.util.test.junit.AutoTests" name="[91] /home/travis/build/icyphy/ptII/ptolemy/domains/continuous/test/auto/Modal1.xml (RunModel)" time="0.037" />
  <testcase classname="ptolemy.util.test.junit.AutoTests" name="[92] /home/travis/build/icyphy/ptII/ptolemy/domains/continuous/test/auto/Modal2.xml (RunModel)" time="0.052" />
  <testcase classname="ptolemy.util.test.junit.AutoTests" name="[93] /home/travis/build/icyphy/ptII/ptolemy/domains/continuous/test/auto/ModalTransitionGuardWithReset.xml (RunModel)" time="0.048" />
  <testcase classname="ptolemy.util.test.junit.AutoTests" name="[94] /home/travis/build/icyphy/ptII/ptolemy/domains/continuous/test/auto/ModalTransitionGuardWithResetUsingPreemptiveTransition.xml (RunModel)" time="0.03" />
  <testcase classname="ptolemy.util.test.junit.AutoTests" name="[95] /home/travis/build/icyphy/ptII/ptolemy/domains/continuous/test/auto/ModalTransitionGuardWithResetUsingPreemptiveTransition2.xml (RunModel)" time="0.032" />
  <testcase classname="ptolemy.util.test.junit.AutoTests" name="[96] /home/travis/build/icyphy/ptII/ptolemy/domains/continuous/test/auto/ModalTransitionGuardWithResetUsingPreemptiveTransition3.xml (RunModel)" time="0.036" />
  <testcase classname="ptolemy.util.test.junit.AutoTests" name="[97] /home/travis/build/icyphy/ptII/ptolemy/domains/continuous/test/auto/NewtonsCradle.xml (RunModel)" time="0.689" />
  <testcase classname="ptolemy.util.test.junit.AutoTests" name="[98] /home/travis/build/icyphy/ptII/ptolemy/domains/continuous/test/auto/NewtonsCradleAnimated.xml (RunModel)" time="1.166" />
  <testcase classname="ptolemy.util.test.junit.AutoTests" name="[99] /home/travis/build/icyphy/ptII/ptolemy/domains/continuous/test/auto/NewtonsCradleComplicated.xml (RunModel)" time="0.9" />
  <testcase classname="ptolemy.util.test.junit.AutoTests" name="[100] /home/travis/build/icyphy/ptII/ptolemy/domains/continuous/test/auto/NewtonsCradleNondeterministic.xml (RunModel)" time="0.689" />
  <testcase classname="ptolemy.util.test.junit.AutoTests" name="[101] /home/travis/build/icyphy/ptII/ptolemy/domains/continuous/test/auto/NewtonsCradlePerfectlyInelastic1.xml (RunModel)" time="1.192" />
  <testcase classname="ptolemy.util.test.junit.AutoTests" name="[102] /home/travis/build/icyphy/ptII/ptolemy/domains/continuous/test/auto/Noise.xml (RunModel)" time="0.185" />
  <testcase classname="ptolemy.util.test.junit.AutoTests" name="[103] /home/travis/build/icyphy/ptII/ptolemy/domains/continuous/test/auto/NoiseSpectrum.xml (RunModel)" time="0.923" />
  <testcase classname="ptolemy.util.test.junit.AutoTests" name="[104] /home/travis/build/icyphy/ptII/ptolemy/domains/continuous/test/auto/ParameterizedNewtonsCradleAnimated.xml (RunModel)" time="0.412" />
  <testcase classname="ptolemy.util.test.junit.AutoTests" name="[105] /home/travis/build/icyphy/ptII/ptolemy/domains/continuous/test/auto/ParameterizedNewtonsCradleAnimatedNondeterministic.xml (RunModel)" time="1.246" />
  <testcase classname="ptolemy.util.test.junit.AutoTests" name="[106] /home/travis/build/icyphy/ptII/ptolemy/domains/continuous/test/auto/Pendulum3D.xml (RunModel)" time="0.199" />
  <testcase classname="ptolemy.util.test.junit.AutoTests" name="[107] /home/travis/build/icyphy/ptII/ptolemy/domains/continuous/test/auto/PeriodicSampler.xml (RunModel)" time="0.014" />
  <testcase classname="ptolemy.util.test.junit.AutoTests" name="[108] /home/travis/build/icyphy/ptII/ptolemy/domains/continuous/test/auto/PeriodicSampler1.xml (RunModel)" time="0.048" />
  <testcase classname="ptolemy.util.test.junit.AutoTests" name="[109] /home/travis/build/icyphy/ptII/ptolemy/domains/continuous/test/auto/PeriodicSampler2.xml (RunModel)" time="0.096" />
  <testcase classname="ptolemy.util.test.junit.AutoTests" name="[110] /home/travis/build/icyphy/ptII/ptolemy/domains/continuous/test/auto/Poisson.xml (RunModel)" time="0.588" />
  <testcase classname="ptolemy.util.test.junit.AutoTests" name="[111] /home/travis/build/icyphy/ptII/ptolemy/domains/continuous/test/auto/PoissonClock.xml (RunModel)" time="0.013" />
  <testcase classname="ptolemy.util.test.junit.AutoTests" name="[112] /home/travis/build/icyphy/ptII/ptolemy/domains/continuous/test/auto/PoissonClock2.xml (RunModel)" time="0.014" />
  <testcase classname="ptolemy.util.test.junit.AutoTests" name="[113] /home/travis/build/icyphy/ptII/ptolemy/domains/continuous/test/auto/PortParameterHierarchy.xml (RunModel)" time="0.028" />
  <testcase classname="ptolemy.util.test.junit.AutoTests" name="[114] /home/travis/build/icyphy/ptII/ptolemy/domains/continuous/test/auto/RandomHybridPlant.xml (RunModel)" time="0.655" />
  <testcase classname="ptolemy.util.test.junit.AutoTests" name="[115] /home/travis/build/icyphy/ptII/ptolemy/domains/continuous/test/auto/ResetTransitionWithStartTime1.xml (RunModel)" time="0.032" />
  <testcase classname="ptolemy.util.test.junit.AutoTests" name="[116] /home/travis/build/icyphy/ptII/ptolemy/domains/continuous/test/auto/ResetTransitionWithStartTime2.xml (RunModel)" time="0.046" />
  <testcase classname="ptolemy.util.test.junit.AutoTests" name="[117] /home/travis/build/icyphy/ptII/ptolemy/domains/continuous/test/auto/ResetTransitionWithStartTime3.xml (RunModel)" time="0.044" />
  <testcase classname="ptolemy.util.test.junit.AutoTests" name="[118] /home/travis/build/icyphy/ptII/ptolemy/domains/continuous/test/auto/ResetTransitionWithStartTime4.xml (RunModel)" time="0.027" />
  <testcase classname="ptolemy.util.test.junit.AutoTests" name="[119] /home/travis/build/icyphy/ptII/ptolemy/domains/continuous/test/auto/ResetTransitionWithStartTime5.xml (RunModel)" time="0.045" />
  <testcase classname="ptolemy.util.test.junit.AutoTests" name="[120] /home/travis/build/icyphy/ptII/ptolemy/domains/continuous/test/auto/ResetTransitionWithStartTime6.xml (RunModel)" time="0.037" />
  <testcase classname="ptolemy.util.test.junit.AutoTests" name="[121] /home/travis/build/icyphy/ptII/ptolemy/domains/continuous/test/auto/SRinContinuous.xml (RunModel)" time="0.025" />
  <testcase classname="ptolemy.util.test.junit.AutoTests" name="[122] /home/travis/build/icyphy/ptII/ptolemy/domains/continuous/test/auto/SampledClocks.xml (RunModel)" time="0.027" />
  <testcase classname="ptolemy.util.test.junit.AutoTests" name="[123] /home/travis/build/icyphy/ptII/ptolemy/domains/continuous/test/auto/Satellite.xml (RunModel)" time="0.825" />
  <testcase classname="ptolemy.util.test.junit.AutoTests" name="[124] /home/travis/build/icyphy/ptII/ptolemy/domains/continuous/test/auto/SigmaDelta.xml (RunModel)" time="2.91" />
  <testcase classname="ptolemy.util.test.junit.AutoTests" name="[125] /home/travis/build/icyphy/ptII/ptolemy/domains/continuous/test/auto/SinuBouncingBall.xml (RunModel)" time="0.813" />
  <testcase classname="ptolemy.util.test.junit.AutoTests" name="[126] /home/travis/build/icyphy/ptII/ptolemy/domains/continuous/test/auto/Sinusoid.xml (RunModel)" time="0.02" />
  <testcase classname="ptolemy.util.test.junit.AutoTests" name="[127] /home/travis/build/icyphy/ptII/ptolemy/domains/continuous/test/auto/SinusoidInNoise.xml (RunModel)" time="0.918" />
  <testcase classname="ptolemy.util.test.junit.AutoTests" name="[128] /home/travis/build/icyphy/ptII/ptolemy/domains/continuous/test/auto/SinusoidRK45.xml (RunModel)" time="0.01" />
  <testcase classname="ptolemy.util.test.junit.AutoTests" name="[129] /home/travis/build/icyphy/ptII/ptolemy/domains/continuous/test/auto/SinusoidWithMultipleImpulses.xml (RunModel)" time="0.011" />
  <testcase classname="ptolemy.util.test.junit.AutoTests" name="[130] /home/travis/build/icyphy/ptII/ptolemy/domains/continuous/test/auto/SquareWave.xml (RunModel)" time="0.241" />
  <testcase classname="ptolemy.util.test.junit.AutoTests" name="[131] /home/travis/build/icyphy/ptII/ptolemy/domains/continuous/test/auto/Starmac.xml (RunModel)" time="3.485" />
  <testcase classname="ptolemy.util.test.junit.AutoTests" name="[132] /home/travis/build/icyphy/ptII/ptolemy/domains/continuous/test/auto/StaticUnits.xml (RunModel)" time="2.544" />
  <testcase classname="ptolemy.util.test.junit.AutoTests" name="[133] /home/travis/build/icyphy/ptII/ptolemy/domains/continuous/test/auto/StickyMasses.xml (RunModel)" time="0.206" />
  <testcase classname="ptolemy.util.test.junit.AutoTests" name="[134] /home/travis/build/icyphy/ptII/ptolemy/domains/continuous/test/auto/StopTime.xml (RunModel)" time="0.072" />
  <testcase classname="ptolemy.util.test.junit.AutoTests" name="[135] /home/travis/build/icyphy/ptII/ptolemy/domains/continuous/test/auto/StopTime2.xml (RunModel)" time="0.072" />
  <testcase classname="ptolemy.util.test.junit.AutoTests" name="[136] /home/travis/build/icyphy/ptII/ptolemy/domains/continuous/test/auto/Switch.xml (RunModel)" time="0.08" />
  <testcase classname="ptolemy.util.test.junit.AutoTests" name="[137] /home/travis/build/icyphy/ptII/ptolemy/domains/continuous/test/auto/Thermostat.xml (RunModel)" time="0.271" />
  <testcase classname="ptolemy.util.test.junit.AutoTests" name="[138] /home/travis/build/icyphy/ptII/ptolemy/domains/continuous/test/auto/TimeDelay.xml (RunModel)" time="0.017" />
  <testcase classname="ptolemy.util.test.junit.AutoTests" name="[139] /home/travis/build/icyphy/ptII/ptolemy/domains/continuous/test/auto/TimeDelay2.xml (RunModel)" time="0.03" />
  <testcase classname="ptolemy.util.test.junit.AutoTests" name="[140] /home/travis/build/icyphy/ptII/ptolemy/domains/continuous/test/auto/TimeDelay3.xml (RunModel)" time="0.017" />
  <testcase classname="ptolemy.util.test.junit.AutoTests" name="[141] /home/travis/build/icyphy/ptII/ptolemy/domains/continuous/test/auto/TransferAbsentToInside.xml (RunModel)" time="0.247" />
  <testcase classname="ptolemy.util.test.junit.AutoTests" name="[142] /home/travis/build/icyphy/ptII/ptolemy/domains/continuous/test/auto/Transmission.xml (RunModel)" time="1.028" />
  <testcase classname="ptolemy.util.test.junit.AutoTests" name="[143] /home/travis/build/icyphy/ptII/ptolemy/domains/continuous/test/auto/TriggeredContinuousClock.xml (RunModel)" time="0.086" />
  <testcase classname="ptolemy.util.test.junit.AutoTests" name="[144] /home/travis/build/icyphy/ptII/ptolemy/domains/continuous/test/auto/TwoMachineInfiniteBusControl.xml (RunModel)" time="2.924" />
  <testcase classname="ptolemy.util.test.junit.AutoTests" name="[145] /home/travis/build/icyphy/ptII/ptolemy/domains/continuous/test/auto/V2V.xml (RunModel)" time="0.822" />
  <testcase classname="ptolemy.util.test.junit.AutoTests" name="[146] /home/travis/build/icyphy/ptII/ptolemy/domains/continuous/test/auto/hierarchicalModalModel.xml (RunModel)" time="0.059" />
  <testcase classname="ptolemy.util.test.junit.AutoTests" name="[147] /home/travis/build/icyphy/ptII/ptolemy/domains/continuous/test/auto/hierarchicalModalModel1.xml (RunModel)" time="0.035" />
  <testcase classname="ptolemy.util.test.junit.AutoTests" name="[148] /home/travis/build/icyphy/ptII/ptolemy/domains/continuous/test/auto/hierarchicalModalModel2.xml (RunModel)" time="0.039" />
  <testcase classname="ptolemy.util.test.junit.AutoTests" name="[149] /home/travis/build/icyphy/ptII/ptolemy/domains/continuous/test/auto/hierarchicalModalModel3.xml (RunModel)" time="0.027" />
  <testcase classname="ptolemy.util.test.junit.AutoTests" name="[150] /home/travis/build/icyphy/ptII/ptolemy/domains/continuous/test/auto/hierarchicalModalModel4.xml (RunModel)" time="0.037" />
  <testcase classname="ptolemy.util.test.junit.AutoTests" name="[151] /home/travis/build/icyphy/ptII/ptolemy/domains/continuous/test/auto/junk.xml (RunModel)" time="0.188" />
  <system-out><![CDATA[No tcl tests in /home/travis/build/icyphy/ptII/ptolemy/domains/continuous/test
No auto/knownFailedTests/*.xml tests in /home/travis/build/icyphy/ptII/ptolemy/domains/continuous/test
No auto/linux-amd64/*.xml tests in /home/travis/build/icyphy/ptII/ptolemy/domains/continuous/test
AutoTests.java: About to close Vertx.
AutoTests.java: Vertx closed.

===========================================================================================
----------------- testing Sun Aug 05 01:48:58 UTC 2018 /home/travis/build/icyphy/ptII/ptolemy/domains/continuous/test/auto/BouncingBall.xml
----------------- Instantiating /home/travis/build/icyphy/ptII/ptolemy/domains/continuous/test/auto/BouncingBall.xml
2630 ms. Memory: 331264K Free: 312583K (94%)
----------------- Invoking toplevel() on ptolemy.moml.MoMLSimpleApplication@38e1ae61
----------------- Done invoking toplevel() on ptolemy.moml.MoMLSimpleApplication@38e1ae61
reloadAllAccessors: .BouncingBall

===========================================================================================
----------------- testing Sun Aug 05 01:49:01 UTC 2018 /home/travis/build/icyphy/ptII/ptolemy/domains/continuous/test/auto/BouncingBallWithoutGR.xml
----------------- Instantiating /home/travis/build/icyphy/ptII/ptolemy/domains/continuous/test/auto/BouncingBallWithoutGR.xml
829 ms. Memory: 331264K Free: 117625K (36%)
----------------- Invoking toplevel() on ptolemy.moml.MoMLSimpleApplication@7fc03b98
----------------- Done invoking toplevel() on ptolemy.moml.MoMLSimpleApplication@7fc03b98
reloadAllAccessors: .BouncingBallWithoutGR

===========================================================================================
----------------- testing Sun Aug 05 01:49:02 UTC 2018 /home/travis/build/icyphy/ptII/ptolemy/domains/continuous/test/auto/Brownian.xml
----------------- Instantiating /home/travis/build/icyphy/ptII/ptolemy/domains/continuous/test/auto/Brownian.xml
51 ms. Memory: 331264K Free: 105356K (32%)
----------------- Invoking toplevel() on ptolemy.moml.MoMLSimpleApplication@22da416f
----------------- Done invoking toplevel() on ptolemy.moml.MoMLSimpleApplication@22da416f
reloadAllAccessors: .Brownian

===========================================================================================
----------------- testing Sun Aug 05 01:49:02 UTC 2018 /home/travis/build/icyphy/ptII/ptolemy/domains/continuous/test/auto/CarTracking.xml
----------------- Instantiating /home/travis/build/icyphy/ptII/ptolemy/domains/continuous/test/auto/CarTracking.xml
3501 ms. Memory: 478720K Free: 316778K (66%)
----------------- Invoking toplevel() on ptolemy.moml.MoMLSimpleApplication@1eeb8334
----------------- Done invoking toplevel() on ptolemy.moml.MoMLSimpleApplication@1eeb8334
reloadAllAccessors: .CarTracking

===========================================================================================
----------------- testing Sun Aug 05 01:49:06 UTC 2018 /home/travis/build/icyphy/ptII/ptolemy/domains/continuous/test/auto/CartPendulum.xml
----------------- Instantiating /home/travis/build/icyphy/ptII/ptolemy/domains/continuous/test/auto/CartPendulum.xml
369 ms. Memory: 478720K Free: 212793K (44%)
----------------- Invoking toplevel() on ptolemy.moml.MoMLSimpleApplication@3f384268
----------------- Done invoking toplevel() on ptolemy.moml.MoMLSimpleApplication@3f384268
reloadAllAccessors: .CartPendulum

===========================================================================================
----------------- testing Sun Aug 05 01:49:07 UTC 2018 /home/travis/build/icyphy/ptII/ptolemy/domains/continuous/test/auto/CausalityInterface10.xml
----------------- Instantiating /home/travis/build/icyphy/ptII/ptolemy/domains/continuous/test/auto/CausalityInterface10.xml
11 ms. Memory: 478720K Free: 197109K (41%)
----------------- Invoking toplevel() on ptolemy.moml.MoMLSimpleApplication@5057d7d5
----------------- Done invoking toplevel() on ptolemy.moml.MoMLSimpleApplication@5057d7d5
reloadAllAccessors: .CausalityInterface10

===========================================================================================
----------------- testing Sun Aug 05 01:49:07 UTC 2018 /home/travis/build/icyphy/ptII/ptolemy/domains/continuous/test/auto/CausalityInterface11.xml
----------------- Instantiating /home/travis/build/icyphy/ptII/ptolemy/domains/continuous/test/auto/CausalityInterface11.xml
9 ms. Memory: 478720K Free: 185343K (39%)
----------------- Invoking toplevel() on ptolemy.moml.MoMLSimpleApplication@259b72a
----------------- Done invoking toplevel() on ptolemy.moml.MoMLSimpleApplication@259b72a
reloadAllAccessors: .CausalityInterface11

===========================================================================================
----------------- testing Sun Aug 05 01:49:07 UTC 2018 /home/travis/build/icyphy/ptII/ptolemy/domains/continuous/test/auto/CausalityInterface12.xml
----------------- Instantiating /home/travis/build/icyphy/ptII/ptolemy/domains/continuous/test/auto/CausalityInterface12.xml
6 ms. Memory: 478720K Free: 173592K (36%)
----------------- Invoking toplevel() on ptolemy.moml.MoMLSimpleApplication@5ad12732
----------------- Done invoking toplevel() on ptolemy.moml.MoMLSimpleApplication@5ad12732
reloadAllAccessors: .CausalityInterface12

===========================================================================================
----------------- testing Sun Aug 05 01:49:07 UTC 2018 /home/travis/build/icyphy/ptII/ptolemy/domains/continuous/test/auto/CausalityInterface13.xml
----------------- Instantiating /home/travis/build/icyphy/ptII/ptolemy/domains/continuous/test/auto/CausalityInterface13.xml
4 ms. Memory: 478720K Free: 161826K (34%)
----------------- Invoking toplevel() on ptolemy.moml.MoMLSimpleApplication@4e1680f2
----------------- Done invoking toplevel() on ptolemy.moml.MoMLSimpleApplication@4e1680f2
reloadAllAccessors: .CausalityInterface13

===========================================================================================
----------------- testing Sun Aug 05 01:49:07 UTC 2018 /home/travis/build/icyphy/ptII/ptolemy/domains/continuous/test/auto/CausalityInterface14.xml
----------------- Instantiating /home/travis/build/icyphy/ptII/ptolemy/domains/continuous/test/auto/CausalityInterface14.xml
2 ms. Memory: 478720K Free: 146210K (31%)
----------------- Invoking toplevel() on ptolemy.moml.MoMLSimpleApplication@78b6bf7f
----------------- Done invoking toplevel() on ptolemy.moml.MoMLSimpleApplication@78b6bf7f
reloadAllAccessors: .CausalityInterface14

===========================================================================================
----------------- testing Sun Aug 05 01:49:07 UTC 2018 /home/travis/build/icyphy/ptII/ptolemy/domains/continuous/test/auto/CausalityInterface4.xml
----------------- Instantiating /home/travis/build/icyphy/ptII/ptolemy/domains/continuous/test/auto/CausalityInterface4.xml
5 ms. Memory: 478720K Free: 134444K (28%)
----------------- Invoking toplevel() on ptolemy.moml.MoMLSimpleApplication@7f217b4b
----------------- Done invoking toplevel() on ptolemy.moml.MoMLSimpleApplication@7f217b4b
reloadAllAccessors: .CausalityInterface4

===========================================================================================
----------------- testing Sun Aug 05 01:49:07 UTC 2018 /home/travis/build/icyphy/ptII/ptolemy/domains/continuous/test/auto/CausalityInterface5.xml
----------------- Instantiating /home/travis/build/icyphy/ptII/ptolemy/domains/continuous/test/auto/CausalityInterface5.xml
7 ms. Memory: 478720K Free: 122685K (26%)
----------------- Invoking toplevel() on ptolemy.moml.MoMLSimpleApplication@462f7ae3
----------------- Done invoking toplevel() on ptolemy.moml.MoMLSimpleApplication@462f7ae3
reloadAllAccessors: .CausalityInterface5

===========================================================================================
----------------- testing Sun Aug 05 01:49:07 UTC 2018 /home/travis/build/icyphy/ptII/ptolemy/domains/continuous/test/auto/CausalityInterface6.xml
----------------- Instantiating /home/travis/build/icyphy/ptII/ptolemy/domains/continuous/test/auto/CausalityInterface6.xml
5 ms. Memory: 478720K Free: 110919K (23%)
----------------- Invoking toplevel() on ptolemy.moml.MoMLSimpleApplication@a43400a
----------------- Done invoking toplevel() on ptolemy.moml.MoMLSimpleApplication@a43400a
reloadAllAccessors: .CausalityInterface6

===========================================================================================
----------------- testing Sun Aug 05 01:49:07 UTC 2018 /home/travis/build/icyphy/ptII/ptolemy/domains/continuous/test/auto/CausalityInterface7.xml
----------------- Instantiating /home/travis/build/icyphy/ptII/ptolemy/domains/continuous/test/auto/CausalityInterface7.xml
13 ms. Memory: 478720K Free: 99153K (21%)
----------------- Invoking toplevel() on ptolemy.moml.MoMLSimpleApplication@43dac989
----------------- Done invoking toplevel() on ptolemy.moml.MoMLSimpleApplication@43dac989
reloadAllAccessors: .CausalityInterface7

===========================================================================================
----------------- testing Sun Aug 05 01:49:07 UTC 2018 /home/travis/build/icyphy/ptII/ptolemy/domains/continuous/test/auto/CausalityInterface8.xml
----------------- Instantiating /home/travis/build/icyphy/ptII/ptolemy/domains/continuous/test/auto/CausalityInterface8.xml
3 ms. Memory: 478720K Free: 80021K (17%)
----------------- Invoking toplevel() on ptolemy.moml.MoMLSimpleApplication@643ff814
----------------- Done invoking toplevel() on ptolemy.moml.MoMLSimpleApplication@643ff814
reloadAllAccessors: .CausalityInterface8

===========================================================================================
----------------- testing Sun Aug 05 01:49:07 UTC 2018 /home/travis/build/icyphy/ptII/ptolemy/domains/continuous/test/auto/CausalityInterface9.xml
----------------- Instantiating /home/travis/build/icyphy/ptII/ptolemy/domains/continuous/test/auto/CausalityInterface9.xml
14 ms. Memory: 714240K Free: 688136K (96%)
----------------- Invoking toplevel() on ptolemy.moml.MoMLSimpleApplication@404b2a3b
----------------- Done invoking toplevel() on ptolemy.moml.MoMLSimpleApplication@404b2a3b
reloadAllAccessors: .CausalityInterface9

===========================================================================================
----------------- testing Sun Aug 05 01:49:07 UTC 2018 /home/travis/build/icyphy/ptII/ptolemy/domains/continuous/test/auto/CausalityInterfaceFeedback1.xml
----------------- Instantiating /home/travis/build/icyphy/ptII/ptolemy/domains/continuous/test/auto/CausalityInterfaceFeedback1.xml
5 ms. Memory: 714240K Free: 671496K (94%)
----------------- Invoking toplevel() on ptolemy.moml.MoMLSimpleApplication@562fd80a
----------------- Done invoking toplevel() on ptolemy.moml.MoMLSimpleApplication@562fd80a
reloadAllAccessors: .CausalityInterfaceFeedback1

===========================================================================================
----------------- testing Sun Aug 05 01:49:07 UTC 2018 /home/travis/build/icyphy/ptII/ptolemy/domains/continuous/test/auto/CausalityInterfaceFeedback2.xml
----------------- Instantiating /home/travis/build/icyphy/ptII/ptolemy/domains/continuous/test/auto/CausalityInterfaceFeedback2.xml
5 ms. Memory: 714240K Free: 658962K (92%)
----------------- Invoking toplevel() on ptolemy.moml.MoMLSimpleApplication@741246b2
----------------- Done invoking toplevel() on ptolemy.moml.MoMLSimpleApplication@741246b2
reloadAllAccessors: .CausalityInterfaceFeedback2

===========================================================================================
----------------- testing Sun Aug 05 01:49:08 UTC 2018 /home/travis/build/icyphy/ptII/ptolemy/domains/continuous/test/auto/CompareWithCurrentTime.xml
----------------- Instantiating /home/travis/build/icyphy/ptII/ptolemy/domains/continuous/test/auto/CompareWithCurrentTime.xml
4 ms. Memory: 714240K Free: 646428K (91%)
----------------- Invoking toplevel() on ptolemy.moml.MoMLSimpleApplication@53ef5dec
----------------- Done invoking toplevel() on ptolemy.moml.MoMLSimpleApplication@53ef5dec
reloadAllAccessors: .CompareWithCurrentTime

===========================================================================================
----------------- testing Sun Aug 05 01:49:08 UTC 2018 /home/travis/build/icyphy/ptII/ptolemy/domains/continuous/test/auto/ComparedClocks.xml
----------------- Instantiating /home/travis/build/icyphy/ptII/ptolemy/domains/continuous/test/auto/ComparedClocks.xml
13 ms. Memory: 714240K Free: 621328K (87%)
----------------- Invoking toplevel() on ptolemy.moml.MoMLSimpleApplication@658ee331
----------------- Done invoking toplevel() on ptolemy.moml.MoMLSimpleApplication@658ee331
reloadAllAccessors: .ComparedClocks

===========================================================================================
----------------- testing Sun Aug 05 01:49:08 UTC 2018 /home/travis/build/icyphy/ptII/ptolemy/domains/continuous/test/auto/ContinuousAOCClone.xml
----------------- Instantiating /home/travis/build/icyphy/ptII/ptolemy/domains/continuous/test/auto/ContinuousAOCClone.xml
2298 ms. Memory: 714240K Free: 106962K (15%)
----------------- Invoking toplevel() on ptolemy.moml.MoMLSimpleApplication@6dee2035
----------------- Done invoking toplevel() on ptolemy.moml.MoMLSimpleApplication@6dee2035
reloadAllAccessors: .ContinuousAOCClone

===========================================================================================
----------------- testing Sun Aug 05 01:49:10 UTC 2018 /home/travis/build/icyphy/ptII/ptolemy/domains/continuous/test/auto/ContinuousClock.xml
----------------- Instantiating /home/travis/build/icyphy/ptII/ptolemy/domains/continuous/test/auto/ContinuousClock.xml
37 ms. Memory: 678912K Free: 665258K (98%)
----------------- Invoking toplevel() on ptolemy.moml.MoMLSimpleApplication@5b68c0f0
----------------- Done invoking toplevel() on ptolemy.moml.MoMLSimpleApplication@5b68c0f0
reloadAllAccessors: .ContinuousClock

===========================================================================================
----------------- testing Sun Aug 05 01:49:10 UTC 2018 /home/travis/build/icyphy/ptII/ptolemy/domains/continuous/test/auto/ContinuousInContinuous.xml
----------------- Instantiating /home/travis/build/icyphy/ptII/ptolemy/domains/continuous/test/auto/ContinuousInContinuous.xml
47 ms. Memory: 678912K Free: 631660K (93%)
----------------- Invoking toplevel() on ptolemy.moml.MoMLSimpleApplication@5e5459fa
----------------- Done invoking toplevel() on ptolemy.moml.MoMLSimpleApplication@5e5459fa
reloadAllAccessors: .ContinuousInContinuous

===========================================================================================
----------------- testing Sun Aug 05 01:49:10 UTC 2018 /home/travis/build/icyphy/ptII/ptolemy/domains/continuous/test/auto/ContinuousInContinuousInContinuous.xml
----------------- Instantiating /home/travis/build/icyphy/ptII/ptolemy/domains/continuous/test/auto/ContinuousInContinuousInContinuous.xml
10 ms. Memory: 678912K Free: 619712K (91%)
----------------- Invoking toplevel() on ptolemy.moml.MoMLSimpleApplication@6662c02b
----------------- Done invoking toplevel() on ptolemy.moml.MoMLSimpleApplication@6662c02b
reloadAllAccessors: .ContinuousInContinuousInContinuous

===========================================================================================
----------------- testing Sun Aug 05 01:49:10 UTC 2018 /home/travis/build/icyphy/ptII/ptolemy/domains/continuous/test/auto/ContinuousInDE.xml
----------------- Instantiating /home/travis/build/icyphy/ptII/ptolemy/domains/continuous/test/auto/ContinuousInDE.xml
125 ms. Memory: 678912K Free: 603776K (89%)
----------------- Invoking toplevel() on ptolemy.moml.MoMLSimpleApplication@16fbbcf2
----------------- Done invoking toplevel() on ptolemy.moml.MoMLSimpleApplication@16fbbcf2
reloadAllAccessors: .ContinuousInDE

===========================================================================================
----------------- testing Sun Aug 05 01:49:11 UTC 2018 /home/travis/build/icyphy/ptII/ptolemy/domains/continuous/test/auto/ContinuousInDE2.xml
----------------- Instantiating /home/travis/build/icyphy/ptII/ptolemy/domains/continuous/test/auto/ContinuousInDE2.xml
66 ms. Memory: 678912K Free: 585260K (86%)
----------------- Invoking toplevel() on ptolemy.moml.MoMLSimpleApplication@5cb5a188
----------------- Done invoking toplevel() on ptolemy.moml.MoMLSimpleApplication@5cb5a188
reloadAllAccessors: .ContinuousInDE2

===========================================================================================
----------------- testing Sun Aug 05 01:49:11 UTC 2018 /home/travis/build/icyphy/ptII/ptolemy/domains/continuous/test/auto/ContinuousInDE3.xml
----------------- Instantiating /home/travis/build/icyphy/ptII/ptolemy/domains/continuous/test/auto/ContinuousInDE3.xml
41 ms. Memory: 678912K Free: 569324K (84%)
----------------- Invoking toplevel() on ptolemy.moml.MoMLSimpleApplication@1354221f
----------------- Done invoking toplevel() on ptolemy.moml.MoMLSimpleApplication@1354221f
reloadAllAccessors: .ContinuousInDE3

===========================================================================================
----------------- testing Sun Aug 05 01:49:11 UTC 2018 /home/travis/build/icyphy/ptII/ptolemy/domains/continuous/test/auto/ContinuousInDE4.xml
----------------- Instantiating /home/travis/build/icyphy/ptII/ptolemy/domains/continuous/test/auto/ContinuousInDE4.xml
20 ms. Memory: 678912K Free: 557376K (82%)
----------------- Invoking toplevel() on ptolemy.moml.MoMLSimpleApplication@663184af
----------------- Done invoking toplevel() on ptolemy.moml.MoMLSimpleApplication@663184af
reloadAllAccessors: .ContinuousInDE4

===========================================================================================
----------------- testing Sun Aug 05 01:49:11 UTC 2018 /home/travis/build/icyphy/ptII/ptolemy/domains/continuous/test/auto/ContinuousInDEDifferentRefinements.xml
----------------- Instantiating /home/travis/build/icyphy/ptII/ptolemy/domains/continuous/test/auto/ContinuousInDEDifferentRefinements.xml
63 ms. Memory: 678912K Free: 518904K (76%)
----------------- Invoking toplevel() on ptolemy.moml.MoMLSimpleApplication@7dc399f4
----------------- Done invoking toplevel() on ptolemy.moml.MoMLSimpleApplication@7dc399f4
reloadAllAccessors: .ContinuousInDEDifferentRefinements

===========================================================================================
----------------- testing Sun Aug 05 01:49:11 UTC 2018 /home/travis/build/icyphy/ptII/ptolemy/domains/continuous/test/auto/ContinuousInDEDifferentRefinementsPreemptive.xml
----------------- Instantiating /home/travis/build/icyphy/ptII/ptolemy/domains/continuous/test/auto/ContinuousInDEDifferentRefinementsPreemptive.xml
62 ms. Memory: 678912K Free: 482981K (71%)
----------------- Invoking toplevel() on ptolemy.moml.MoMLSimpleApplication@511a2b3e
----------------- Done invoking toplevel() on ptolemy.moml.MoMLSimpleApplication@511a2b3e
reloadAllAccessors: .ContinuousInDEDifferentRefinementsPreemptive

===========================================================================================
----------------- testing Sun Aug 05 01:49:11 UTC 2018 /home/travis/build/icyphy/ptII/ptolemy/domains/continuous/test/auto/ContinuousInDEInContinuous2.xml
----------------- Instantiating /home/travis/build/icyphy/ptII/ptolemy/domains/continuous/test/auto/ContinuousInDEInContinuous2.xml
43 ms. Memory: 678912K Free: 463049K (68%)
----------------- Invoking toplevel() on ptolemy.moml.MoMLSimpleApplication@d9e11df
----------------- Done invoking toplevel() on ptolemy.moml.MoMLSimpleApplication@d9e11df
reloadAllAccessors: .ContinuousInDEInContinuous2

===========================================================================================
----------------- testing Sun Aug 05 01:49:11 UTC 2018 /home/travis/build/icyphy/ptII/ptolemy/domains/continuous/test/auto/ContinuousInDEInContinuous3.xml
----------------- Instantiating /home/travis/build/icyphy/ptII/ptolemy/domains/continuous/test/auto/ContinuousInDEInContinuous3.xml
42 ms. Memory: 678912K Free: 440545K (65%)
----------------- Invoking toplevel() on ptolemy.moml.MoMLSimpleApplication@5d1f5fd4
----------------- Done invoking toplevel() on ptolemy.moml.MoMLSimpleApplication@5d1f5fd4
reloadAllAccessors: .ContinuousInDEInContinuous3

===========================================================================================
----------------- testing Sun Aug 05 01:49:11 UTC 2018 /home/travis/build/icyphy/ptII/ptolemy/domains/continuous/test/auto/ContinuousInDEInput.xml
----------------- Instantiating /home/travis/build/icyphy/ptII/ptolemy/domains/continuous/test/auto/ContinuousInDEInput.xml
25 ms. Memory: 678912K Free: 428597K (63%)
----------------- Invoking toplevel() on ptolemy.moml.MoMLSimpleApplication@317d58f0
----------------- Done invoking toplevel() on ptolemy.moml.MoMLSimpleApplication@317d58f0
reloadAllAccessors: .ContinuousInDEInput

===========================================================================================
----------------- testing Sun Aug 05 01:49:11 UTC 2018 /home/travis/build/icyphy/ptII/ptolemy/domains/continuous/test/auto/ContinuousInDEInput2.xml
----------------- Instantiating /home/travis/build/icyphy/ptII/ptolemy/domains/continuous/test/auto/ContinuousInDEInput2.xml
18 ms. Memory: 678912K Free: 416657K (61%)
----------------- Invoking toplevel() on ptolemy.moml.MoMLSimpleApplication@23f24b2b
----------------- Done invoking toplevel() on ptolemy.moml.MoMLSimpleApplication@23f24b2b
reloadAllAccessors: .ContinuousInDEInput2

===========================================================================================
----------------- testing Sun Aug 05 01:49:11 UTC 2018 /home/travis/build/icyphy/ptII/ptolemy/domains/continuous/test/auto/ContinuousInDEInput3.xml
----------------- Instantiating /home/travis/build/icyphy/ptII/ptolemy/domains/continuous/test/auto/ContinuousInDEInput3.xml
14 ms. Memory: 678912K Free: 404701K (60%)
----------------- Invoking toplevel() on ptolemy.moml.MoMLSimpleApplication@682e0723
----------------- Done invoking toplevel() on ptolemy.moml.MoMLSimpleApplication@682e0723
reloadAllAccessors: .ContinuousInDEInput3

===========================================================================================
----------------- testing Sun Aug 05 01:49:11 UTC 2018 /home/travis/build/icyphy/ptII/ptolemy/domains/continuous/test/auto/ContinuousInDESharingRefinement.xml
----------------- Instantiating /home/travis/build/icyphy/ptII/ptolemy/domains/continuous/test/auto/ContinuousInDESharingRefinement.xml
181 ms. Memory: 678912K Free: 302510K (45%)
----------------- Invoking toplevel() on ptolemy.moml.MoMLSimpleApplication@5b89b328
----------------- Done invoking toplevel() on ptolemy.moml.MoMLSimpleApplication@5b89b328
reloadAllAccessors: .ContinuousInDESharingRefinement

===========================================================================================
----------------- testing Sun Aug 05 01:49:12 UTC 2018 /home/travis/build/icyphy/ptII/ptolemy/domains/continuous/test/auto/ContinuousInDEwithNoPorts.xml
----------------- Instantiating /home/travis/build/icyphy/ptII/ptolemy/domains/continuous/test/auto/ContinuousInDEwithNoPorts.xml
7 ms. Memory: 678912K Free: 294550K (43%)
----------------- Invoking toplevel() on ptolemy.moml.MoMLSimpleApplication@3bfe3237
----------------- Done invoking toplevel() on ptolemy.moml.MoMLSimpleApplication@3bfe3237
reloadAllAccessors: .ContinuousInDEwithNoPorts

===========================================================================================
----------------- testing Sun Aug 05 01:49:12 UTC 2018 /home/travis/build/icyphy/ptII/ptolemy/domains/continuous/test/auto/ContinuousInsideDE.xml
----------------- Instantiating /home/travis/build/icyphy/ptII/ptolemy/domains/continuous/test/auto/ContinuousInsideDE.xml
53 ms. Memory: 678912K Free: 274633K (40%)
----------------- Invoking toplevel() on ptolemy.moml.MoMLSimpleApplication@44f52825
----------------- Done invoking toplevel() on ptolemy.moml.MoMLSimpleApplication@44f52825
reloadAllAccessors: .ContinuousInsideDE

===========================================================================================
----------------- testing Sun Aug 05 01:49:12 UTC 2018 /home/travis/build/icyphy/ptII/ptolemy/domains/continuous/test/auto/ContinuousMerge1.xml
----------------- Instantiating /home/travis/build/icyphy/ptII/ptolemy/domains/continuous/test/auto/ContinuousMerge1.xml
3 ms. Memory: 678912K Free: 264093K (39%)
----------------- Invoking toplevel() on ptolemy.moml.MoMLSimpleApplication@679d42e8
----------------- Done invoking toplevel() on ptolemy.moml.MoMLSimpleApplication@679d42e8
reloadAllAccessors: .ContinuousMerge1

===========================================================================================
----------------- testing Sun Aug 05 01:49:12 UTC 2018 /home/travis/build/icyphy/ptII/ptolemy/domains/continuous/test/auto/ContinuousMerge2.xml
----------------- Instantiating /home/travis/build/icyphy/ptII/ptolemy/domains/continuous/test/auto/ContinuousMerge2.xml
13 ms. Memory: 678912K Free: 248165K (37%)
----------------- Invoking toplevel() on ptolemy.moml.MoMLSimpleApplication@7e11347e
----------------- Done invoking toplevel() on ptolemy.moml.MoMLSimpleApplication@7e11347e
reloadAllAccessors: .ContinuousMerge2

===========================================================================================
----------------- testing Sun Aug 05 01:49:12 UTC 2018 /home/travis/build/icyphy/ptII/ptolemy/domains/continuous/test/auto/ContinuousMerge3.xml
----------------- Instantiating /home/travis/build/icyphy/ptII/ptolemy/domains/continuous/test/auto/ContinuousMerge3.xml
56 ms. Memory: 678912K Free: 232246K (34%)
----------------- Invoking toplevel() on ptolemy.moml.MoMLSimpleApplication@2a17f142
----------------- Done invoking toplevel() on ptolemy.moml.MoMLSimpleApplication@2a17f142
reloadAllAccessors: .ContinuousMerge3

===========================================================================================
----------------- testing Sun Aug 05 01:49:12 UTC 2018 /home/travis/build/icyphy/ptII/ptolemy/domains/continuous/test/auto/ContinuousWithinContinuous.xml
----------------- Instantiating /home/travis/build/icyphy/ptII/ptolemy/domains/continuous/test/auto/ContinuousWithinContinuous.xml
39 ms. Memory: 678912K Free: 213737K (31%)
----------------- Invoking toplevel() on ptolemy.moml.MoMLSimpleApplication@5cfacf6c
----------------- Done invoking toplevel() on ptolemy.moml.MoMLSimpleApplication@5cfacf6c
reloadAllAccessors: .ContinuousWithinContinuous

===========================================================================================
----------------- testing Sun Aug 05 01:49:12 UTC 2018 /home/travis/build/icyphy/ptII/ptolemy/domains/continuous/test/auto/ContinuousWithinContinuous2.xml
----------------- Instantiating /home/travis/build/icyphy/ptII/ptolemy/domains/continuous/test/auto/ContinuousWithinContinuous2.xml
85 ms. Memory: 678912K Free: 201797K (30%)
----------------- Invoking toplevel() on ptolemy.moml.MoMLSimpleApplication@3231ceb5
----------------- Done invoking toplevel() on ptolemy.moml.MoMLSimpleApplication@3231ceb5
reloadAllAccessors: .ContinuousWithinContinuous2

===========================================================================================
----------------- testing Sun Aug 05 01:49:12 UTC 2018 /home/travis/build/icyphy/ptII/ptolemy/domains/continuous/test/auto/ContinuousWithinContinuous3.xml
----------------- Instantiating /home/travis/build/icyphy/ptII/ptolemy/domains/continuous/test/auto/ContinuousWithinContinuous3.xml
14 ms. Memory: 678912K Free: 189858K (28%)
----------------- Invoking toplevel() on ptolemy.moml.MoMLSimpleApplication@7c318f20
----------------- Done invoking toplevel() on ptolemy.moml.MoMLSimpleApplication@7c318f20
reloadAllAccessors: .ContinuousWithinContinuous3

===========================================================================================
----------------- testing Sun Aug 05 01:49:12 UTC 2018 /home/travis/build/icyphy/ptII/ptolemy/domains/continuous/test/auto/ContinuousWithinContinuous4.xml
----------------- Instantiating /home/travis/build/icyphy/ptII/ptolemy/domains/continuous/test/auto/ContinuousWithinContinuous4.xml
86 ms. Memory: 678912K Free: 167361K (25%)
----------------- Invoking toplevel() on ptolemy.moml.MoMLSimpleApplication@22849aeb
----------------- Done invoking toplevel() on ptolemy.moml.MoMLSimpleApplication@22849aeb
reloadAllAccessors: .ContinuousWithinContinuous4

===========================================================================================
----------------- testing Sun Aug 05 01:49:12 UTC 2018 /home/travis/build/icyphy/ptII/ptolemy/domains/continuous/test/auto/ContinuousWithinContinuous5.xml
----------------- Instantiating /home/travis/build/icyphy/ptII/ptolemy/domains/continuous/test/auto/ContinuousWithinContinuous5.xml
14 ms. Memory: 678912K Free: 155406K (23%)
----------------- Invoking toplevel() on ptolemy.moml.MoMLSimpleApplication@69afb181
----------------- Done invoking toplevel() on ptolemy.moml.MoMLSimpleApplication@69afb181
reloadAllAccessors: .ContinuousWithinContinuous5

===========================================================================================
----------------- testing Sun Aug 05 01:49:12 UTC 2018 /home/travis/build/icyphy/ptII/ptolemy/domains/continuous/test/auto/ContinuousWithinContinuous6.xml
----------------- Instantiating /home/travis/build/icyphy/ptII/ptolemy/domains/continuous/test/auto/ContinuousWithinContinuous6.xml
15 ms. Memory: 678912K Free: 143458K (21%)
----------------- Invoking toplevel() on ptolemy.moml.MoMLSimpleApplication@24ff0b12
----------------- Done invoking toplevel() on ptolemy.moml.MoMLSimpleApplication@24ff0b12
reloadAllAccessors: .ContinuousWithinContinuous6

===========================================================================================
----------------- testing Sun Aug 05 01:49:12 UTC 2018 /home/travis/build/icyphy/ptII/ptolemy/domains/continuous/test/auto/ContinuousWithinContinuous7.xml
----------------- Instantiating /home/travis/build/icyphy/ptII/ptolemy/domains/continuous/test/auto/ContinuousWithinContinuous7.xml
69 ms. Memory: 678912K Free: 128938K (19%)
----------------- Invoking toplevel() on ptolemy.moml.MoMLSimpleApplication@3330bbb6
----------------- Done invoking toplevel() on ptolemy.moml.MoMLSimpleApplication@3330bbb6
reloadAllAccessors: .ContinuousWithinContinuous7

===========================================================================================
----------------- testing Sun Aug 05 01:49:12 UTC 2018 /home/travis/build/icyphy/ptII/ptolemy/domains/continuous/test/auto/DCMotor.xml
----------------- Instantiating /home/travis/build/icyphy/ptII/ptolemy/domains/continuous/test/auto/DCMotor.xml
15652 ms. Memory: 508416K Free: 275329K (54%)
----------------- Invoking toplevel() on ptolemy.moml.MoMLSimpleApplication@711a3dd5
----------------- Done invoking toplevel() on ptolemy.moml.MoMLSimpleApplication@711a3dd5
reloadAllAccessors: .DCMotor

===========================================================================================
----------------- testing Sun Aug 05 01:49:28 UTC 2018 /home/travis/build/icyphy/ptII/ptolemy/domains/continuous/test/auto/DEInContinuous.xml
----------------- Instantiating /home/travis/build/icyphy/ptII/ptolemy/domains/continuous/test/auto/DEInContinuous.xml
20 ms. Memory: 508416K Free: 255321K (50%)
----------------- Invoking toplevel() on ptolemy.moml.MoMLSimpleApplication@29927fdf
----------------- Done invoking toplevel() on ptolemy.moml.MoMLSimpleApplication@29927fdf
reloadAllAccessors: .DEInContinuous

===========================================================================================
----------------- testing Sun Aug 05 01:49:28 UTC 2018 /home/travis/build/icyphy/ptII/ptolemy/domains/continuous/test/auto/DEinContinuous2.xml
----------------- Instantiating /home/travis/build/icyphy/ptII/ptolemy/domains/continuous/test/auto/DEinContinuous2.xml
7 ms. Memory: 508416K Free: 236935K (47%)
----------------- Invoking toplevel() on ptolemy.moml.MoMLSimpleApplication@3428f545
----------------- Done invoking toplevel() on ptolemy.moml.MoMLSimpleApplication@3428f545
reloadAllAccessors: .DEinContinuous2

===========================================================================================
----------------- testing Sun Aug 05 01:49:28 UTC 2018 /home/travis/build/icyphy/ptII/ptolemy/domains/continuous/test/auto/Derivative.xml
----------------- Instantiating /home/travis/build/icyphy/ptII/ptolemy/domains/continuous/test/auto/Derivative.xml
166 ms. Memory: 508416K Free: 194202K (38%)
----------------- Invoking toplevel() on ptolemy.moml.MoMLSimpleApplication@763db5ef
----------------- Done invoking toplevel() on ptolemy.moml.MoMLSimpleApplication@763db5ef
reloadAllAccessors: .Derivative2

===========================================================================================
----------------- testing Sun Aug 05 01:49:28 UTC 2018 /home/travis/build/icyphy/ptII/ptolemy/domains/continuous/test/auto/Derivative1.xml
----------------- Instantiating /home/travis/build/icyphy/ptII/ptolemy/domains/continuous/test/auto/Derivative1.xml
31 ms. Memory: 508416K Free: 167268K (33%)
----------------- Invoking toplevel() on ptolemy.moml.MoMLSimpleApplication@4958d7c7
----------------- Done invoking toplevel() on ptolemy.moml.MoMLSimpleApplication@4958d7c7
reloadAllAccessors: .Derivative1

===========================================================================================
----------------- testing Sun Aug 05 01:49:28 UTC 2018 /home/travis/build/icyphy/ptII/ptolemy/domains/continuous/test/auto/DiscreteClock.xml
----------------- Instantiating /home/travis/build/icyphy/ptII/ptolemy/domains/continuous/test/auto/DiscreteClock.xml
11 ms. Memory: 508416K Free: 148881K (29%)
----------------- Invoking toplevel() on ptolemy.moml.MoMLSimpleApplication@6470a1b6
----------------- Done invoking toplevel() on ptolemy.moml.MoMLSimpleApplication@6470a1b6
reloadAllAccessors: .DiscreteClock

===========================================================================================
----------------- testing Sun Aug 05 01:49:28 UTC 2018 /home/travis/build/icyphy/ptII/ptolemy/domains/continuous/test/auto/EfficiencyCurve.xml
----------------- Instantiating /home/travis/build/icyphy/ptII/ptolemy/domains/continuous/test/auto/EfficiencyCurve.xml
79 ms. Memory: 508416K Free: 131801K (26%)
----------------- Invoking toplevel() on ptolemy.moml.MoMLSimpleApplication@398b7e66
----------------- Done invoking toplevel() on ptolemy.moml.MoMLSimpleApplication@398b7e66
reloadAllAccessors: .EfficiencyCurve

===========================================================================================
----------------- testing Sun Aug 05 01:49:29 UTC 2018 /home/travis/build/icyphy/ptII/ptolemy/domains/continuous/test/auto/ExponentialResponse.xml
----------------- Instantiating /home/travis/build/icyphy/ptII/ptolemy/domains/continuous/test/auto/ExponentialResponse.xml
145 ms. Memory: 508416K Free: 104874K (21%)
----------------- Invoking toplevel() on ptolemy.moml.MoMLSimpleApplication@35758127
----------------- Done invoking toplevel() on ptolemy.moml.MoMLSimpleApplication@35758127
reloadAllAccessors: .ExponentialResponse

===========================================================================================
----------------- testing Sun Aug 05 01:49:29 UTC 2018 /home/travis/build/icyphy/ptII/ptolemy/domains/continuous/test/auto/ExponentialResponseRK45.xml
----------------- Instantiating /home/travis/build/icyphy/ptII/ptolemy/domains/continuous/test/auto/ExponentialResponseRK45.xml
29 ms. Memory: 508416K Free: 86488K (17%)
----------------- Invoking toplevel() on ptolemy.moml.MoMLSimpleApplication@537065ed
----------------- Done invoking toplevel() on ptolemy.moml.MoMLSimpleApplication@537065ed
reloadAllAccessors: .ExponentialResponseRK45

===========================================================================================
----------------- testing Sun Aug 05 01:49:29 UTC 2018 /home/travis/build/icyphy/ptII/ptolemy/domains/continuous/test/auto/Friction.xml
----------------- Instantiating /home/travis/build/icyphy/ptII/ptolemy/domains/continuous/test/auto/Friction.xml
1573 ms. Memory: 470528K Free: 428557K (91%)
----------------- Invoking toplevel() on ptolemy.moml.MoMLSimpleApplication@5037e545
----------------- Done invoking toplevel() on ptolemy.moml.MoMLSimpleApplication@5037e545
reloadAllAccessors: .Friction

===========================================================================================
----------------- testing Sun Aug 05 01:49:30 UTC 2018 /home/travis/build/icyphy/ptII/ptolemy/domains/continuous/test/auto/FurutaPendulum.xml
----------------- Instantiating /home/travis/build/icyphy/ptII/ptolemy/domains/continuous/test/auto/FurutaPendulum.xml
3354 ms. Memory: 455168K Free: 289230K (64%)
----------------- Invoking toplevel() on ptolemy.moml.MoMLSimpleApplication@67482e1d
----------------- Done invoking toplevel() on ptolemy.moml.MoMLSimpleApplication@67482e1d
reloadAllAccessors: .FurutaPendulum

===========================================================================================
----------------- testing Sun Aug 05 01:49:34 UTC 2018 /home/travis/build/icyphy/ptII/ptolemy/domains/continuous/test/auto/HierarchicalExecution.xml
----------------- Instantiating /home/travis/build/icyphy/ptII/ptolemy/domains/continuous/test/auto/HierarchicalExecution.xml
2623 ms. Memory: 440320K Free: 328371K (75%)
----------------- Invoking toplevel() on ptolemy.moml.MoMLSimpleApplication@501a912f
----------------- Done invoking toplevel() on ptolemy.moml.MoMLSimpleApplication@501a912f
reloadAllAccessors: .HierarchicalExecution

===========================================================================================
----------------- testing Sun Aug 05 01:49:37 UTC 2018 /home/travis/build/icyphy/ptII/ptolemy/domains/continuous/test/auto/HybridPlant.xml
----------------- Instantiating /home/travis/build/icyphy/ptII/ptolemy/domains/continuous/test/auto/HybridPlant.xml
634 ms. Memory: 419840K Free: 381420K (91%)
----------------- Invoking toplevel() on ptolemy.moml.MoMLSimpleApplication@2939d41c
----------------- Done invoking toplevel() on ptolemy.moml.MoMLSimpleApplication@2939d41c
reloadAllAccessors: .HybridPlant

===========================================================================================
----------------- testing Sun Aug 05 01:49:38 UTC 2018 /home/travis/build/icyphy/ptII/ptolemy/domains/continuous/test/auto/Hysteresis.xml
----------------- Instantiating /home/travis/build/icyphy/ptII/ptolemy/domains/continuous/test/auto/Hysteresis.xml
166 ms. Memory: 419840K Free: 316173K (75%)
----------------- Invoking toplevel() on ptolemy.moml.MoMLSimpleApplication@39eb7a8c
----------------- Done invoking toplevel() on ptolemy.moml.MoMLSimpleApplication@39eb7a8c
reloadAllAccessors: .Hysteresis

===========================================================================================
----------------- testing Sun Aug 05 01:49:38 UTC 2018 /home/travis/build/icyphy/ptII/ptolemy/domains/continuous/test/auto/HysteresisWithRandomDelay.xml
----------------- Instantiating /home/travis/build/icyphy/ptII/ptolemy/domains/continuous/test/auto/HysteresisWithRandomDelay.xml
207 ms. Memory: 419840K Free: 237299K (57%)
----------------- Invoking toplevel() on ptolemy.moml.MoMLSimpleApplication@7edda79a
----------------- Done invoking toplevel() on ptolemy.moml.MoMLSimpleApplication@7edda79a
reloadAllAccessors: .HysteresisWithRandomDelay

===========================================================================================
----------------- testing Sun Aug 05 01:49:38 UTC 2018 /home/travis/build/icyphy/ptII/ptolemy/domains/continuous/test/auto/HysteresisWithRandomLosses.xml
----------------- Instantiating /home/travis/build/icyphy/ptII/ptolemy/domains/continuous/test/auto/HysteresisWithRandomLosses.xml
2902 ms. Memory: 389632K Free: 96269K (25%)
----------------- Invoking toplevel() on ptolemy.moml.MoMLSimpleApplication@235544af
----------------- Done invoking toplevel() on ptolemy.moml.MoMLSimpleApplication@235544af
reloadAllAccessors: .HysteresisWithRandomLosses

===========================================================================================
----------------- testing Sun Aug 05 01:49:41 UTC 2018 /home/travis/build/icyphy/ptII/ptolemy/domains/continuous/test/auto/ImmediateTransitions.xml
----------------- Instantiating /home/travis/build/icyphy/ptII/ptolemy/domains/continuous/test/auto/ImmediateTransitions.xml
11 ms. Memory: 389632K Free: 81943K (21%)
----------------- Invoking toplevel() on ptolemy.moml.MoMLSimpleApplication@12dfa2f2
----------------- Done invoking toplevel() on ptolemy.moml.MoMLSimpleApplication@12dfa2f2
reloadAllAccessors: .ImmediateTransitions

===========================================================================================
----------------- testing Sun Aug 05 01:49:41 UTC 2018 /home/travis/build/icyphy/ptII/ptolemy/domains/continuous/test/auto/ImpulseFeedback.xml
----------------- Instantiating /home/travis/build/icyphy/ptII/ptolemy/domains/continuous/test/auto/ImpulseFeedback.xml
9 ms. Memory: 389632K Free: 72865K (19%)
----------------- Invoking toplevel() on ptolemy.moml.MoMLSimpleApplication@6c4cf22b
----------------- Done invoking toplevel() on ptolemy.moml.MoMLSimpleApplication@6c4cf22b
reloadAllAccessors: .ImpulseFeedback

===========================================================================================
----------------- testing Sun Aug 05 01:49:41 UTC 2018 /home/travis/build/icyphy/ptII/ptolemy/domains/continuous/test/auto/ImpulseFeedback2.xml
----------------- Instantiating /home/travis/build/icyphy/ptII/ptolemy/domains/continuous/test/auto/ImpulseFeedback2.xml
7 ms. Memory: 389632K Free: 63797K (16%)
----------------- Invoking toplevel() on ptolemy.moml.MoMLSimpleApplication@2ebbc22
----------------- Done invoking toplevel() on ptolemy.moml.MoMLSimpleApplication@2ebbc22
reloadAllAccessors: .ImpulseFeedback2

===========================================================================================
----------------- testing Sun Aug 05 01:49:41 UTC 2018 /home/travis/build/icyphy/ptII/ptolemy/domains/continuous/test/auto/IncreasingRatePoisson.xml
----------------- Instantiating /home/travis/build/icyphy/ptII/ptolemy/domains/continuous/test/auto/IncreasingRatePoisson.xml
759 ms. Memory: 369152K Free: 340982K (92%)
----------------- Invoking toplevel() on ptolemy.moml.MoMLSimpleApplication@1cdc6864
----------------- Done invoking toplevel() on ptolemy.moml.MoMLSimpleApplication@1cdc6864
reloadAllAccessors: .IncreasingRatePoisson

===========================================================================================
----------------- testing Sun Aug 05 01:49:42 UTC 2018 /home/travis/build/icyphy/ptII/ptolemy/domains/continuous/test/auto/InitialStateFeedback.xml
----------------- Instantiating /home/travis/build/icyphy/ptII/ptolemy/domains/continuous/test/auto/InitialStateFeedback.xml
11 ms. Memory: 369152K Free: 333736K (90%)
----------------- Invoking toplevel() on ptolemy.moml.MoMLSimpleApplication@5e470103
----------------- Done invoking toplevel() on ptolemy.moml.MoMLSimpleApplication@5e470103
reloadAllAccessors: .InitialStateFeedback

===========================================================================================
----------------- testing Sun Aug 05 01:49:42 UTC 2018 /home/travis/build/icyphy/ptII/ptolemy/domains/continuous/test/auto/Integration.xml
----------------- Instantiating /home/travis/build/icyphy/ptII/ptolemy/domains/continuous/test/auto/Integration.xml
2 ms. Memory: 369152K Free: 327267K (89%)
----------------- Invoking toplevel() on ptolemy.moml.MoMLSimpleApplication@4b9390a8
----------------- Done invoking toplevel() on ptolemy.moml.MoMLSimpleApplication@4b9390a8
reloadAllAccessors: .Integration

===========================================================================================
----------------- testing Sun Aug 05 01:49:42 UTC 2018 /home/travis/build/icyphy/ptII/ptolemy/domains/continuous/test/auto/Integration2.xml
----------------- Instantiating /home/travis/build/icyphy/ptII/ptolemy/domains/continuous/test/auto/Integration2.xml
91 ms. Memory: 369152K Free: 311430K (84%)
----------------- Invoking toplevel() on ptolemy.moml.MoMLSimpleApplication@128f1acb
----------------- Done invoking toplevel() on ptolemy.moml.MoMLSimpleApplication@128f1acb
reloadAllAccessors: .Integration2

===========================================================================================
----------------- testing Sun Aug 05 01:49:42 UTC 2018 /home/travis/build/icyphy/ptII/ptolemy/domains/continuous/test/auto/Integration3.xml
----------------- Instantiating /home/travis/build/icyphy/ptII/ptolemy/domains/continuous/test/auto/Integration3.xml
2 ms. Memory: 369152K Free: 304964K (83%)
----------------- Invoking toplevel() on ptolemy.moml.MoMLSimpleApplication@46581ecf
----------------- Done invoking toplevel() on ptolemy.moml.MoMLSimpleApplication@46581ecf
reloadAllAccessors: .Integration3

===========================================================================================
----------------- testing Sun Aug 05 01:49:42 UTC 2018 /home/travis/build/icyphy/ptII/ptolemy/domains/continuous/test/auto/Integration5.xml
----------------- Instantiating /home/travis/build/icyphy/ptII/ptolemy/domains/continuous/test/auto/Integration5.xml
2 ms. Memory: 369152K Free: 298505K (81%)
----------------- Invoking toplevel() on ptolemy.moml.MoMLSimpleApplication@549262ae
----------------- Done invoking toplevel() on ptolemy.moml.MoMLSimpleApplication@549262ae
reloadAllAccessors: .Integration5

===========================================================================================
----------------- testing Sun Aug 05 01:49:42 UTC 2018 /home/travis/build/icyphy/ptII/ptolemy/domains/continuous/test/auto/IntegratorImpulse.xml
----------------- Instantiating /home/travis/build/icyphy/ptII/ptolemy/domains/continuous/test/auto/IntegratorImpulse.xml
2 ms. Memory: 369152K Free: 291934K (79%)
----------------- Invoking toplevel() on ptolemy.moml.MoMLSimpleApplication@11d2e50a
----------------- Done invoking toplevel() on ptolemy.moml.MoMLSimpleApplication@11d2e50a
reloadAllAccessors: .IntegratorImpulse

===========================================================================================
----------------- testing Sun Aug 05 01:49:42 UTC 2018 /home/travis/build/icyphy/ptII/ptolemy/domains/continuous/test/auto/IntegratorImpulse2.xml
----------------- Instantiating /home/travis/build/icyphy/ptII/ptolemy/domains/continuous/test/auto/IntegratorImpulse2.xml
4 ms. Memory: 369152K Free: 285468K (77%)
----------------- Invoking toplevel() on ptolemy.moml.MoMLSimpleApplication@4b971a8a
----------------- Done invoking toplevel() on ptolemy.moml.MoMLSimpleApplication@4b971a8a
reloadAllAccessors: .IntegratorImpulse2

===========================================================================================
----------------- testing Sun Aug 05 01:49:42 UTC 2018 /home/travis/build/icyphy/ptII/ptolemy/domains/continuous/test/auto/LevelCrossing1.xml
----------------- Instantiating /home/travis/build/icyphy/ptII/ptolemy/domains/continuous/test/auto/LevelCrossing1.xml
2 ms. Memory: 369152K Free: 277119K (75%)
----------------- Invoking toplevel() on ptolemy.moml.MoMLSimpleApplication@7543579
----------------- Done invoking toplevel() on ptolemy.moml.MoMLSimpleApplication@7543579
reloadAllAccessors: .LevelCrossing1

===========================================================================================
----------------- testing Sun Aug 05 01:49:42 UTC 2018 /home/travis/build/icyphy/ptII/ptolemy/domains/continuous/test/auto/LevelCrossing2.xml
----------------- Instantiating /home/travis/build/icyphy/ptII/ptolemy/domains/continuous/test/auto/LevelCrossing2.xml
4 ms. Memory: 369152K Free: 270652K (73%)
----------------- Invoking toplevel() on ptolemy.moml.MoMLSimpleApplication@25f6541f
----------------- Done invoking toplevel() on ptolemy.moml.MoMLSimpleApplication@25f6541f
reloadAllAccessors: .LevelCrossing2

===========================================================================================
----------------- testing Sun Aug 05 01:49:42 UTC 2018 /home/travis/build/icyphy/ptII/ptolemy/domains/continuous/test/auto/LevelCrossing3.xml
----------------- Instantiating /home/travis/build/icyphy/ptII/ptolemy/domains/continuous/test/auto/LevelCrossing3.xml
2 ms. Memory: 369152K Free: 264083K (72%)
----------------- Invoking toplevel() on ptolemy.moml.MoMLSimpleApplication@37d26ee5
----------------- Done invoking toplevel() on ptolemy.moml.MoMLSimpleApplication@37d26ee5
reloadAllAccessors: .LevelCrossing3

===========================================================================================
----------------- testing Sun Aug 05 01:49:42 UTC 2018 /home/travis/build/icyphy/ptII/ptolemy/domains/continuous/test/auto/LevelCrossing4.xml
----------------- Instantiating /home/travis/build/icyphy/ptII/ptolemy/domains/continuous/test/auto/LevelCrossing4.xml
3 ms. Memory: 369152K Free: 255743K (69%)
----------------- Invoking toplevel() on ptolemy.moml.MoMLSimpleApplication@25e5b2e0
----------------- Done invoking toplevel() on ptolemy.moml.MoMLSimpleApplication@25e5b2e0
reloadAllAccessors: .LevelCrossing4

===========================================================================================
----------------- testing Sun Aug 05 01:49:42 UTC 2018 /home/travis/build/icyphy/ptII/ptolemy/domains/continuous/test/auto/LevelCrossing5.xml
----------------- Instantiating /home/travis/build/icyphy/ptII/ptolemy/domains/continuous/test/auto/LevelCrossing5.xml
4 ms. Memory: 369152K Free: 249285K (68%)
----------------- Invoking toplevel() on ptolemy.moml.MoMLSimpleApplication@7a8446b9
----------------- Done invoking toplevel() on ptolemy.moml.MoMLSimpleApplication@7a8446b9
reloadAllAccessors: .LevelCrossing5

===========================================================================================
----------------- testing Sun Aug 05 01:49:42 UTC 2018 /home/travis/build/icyphy/ptII/ptolemy/domains/continuous/test/auto/LevelCrossing6.xml
----------------- Instantiating /home/travis/build/icyphy/ptII/ptolemy/domains/continuous/test/auto/LevelCrossing6.xml
[...]
----------------- testing Sun Aug 05 01:50:01 UTC 2018 /home/travis/build/icyphy/ptII/ptolemy/domains/continuous/test/auto/ResetTransitionWithStartTime6.xml
----------------- Instantiating /home/travis/build/icyphy/ptII/ptolemy/domains/continuous/test/auto/ResetTransitionWithStartTime6.xml
18 ms. Memory: 552448K Free: 86043K (16%)
----------------- Invoking toplevel() on ptolemy.moml.MoMLSimpleApplication@362c4899
----------------- Done invoking toplevel() on ptolemy.moml.MoMLSimpleApplication@362c4899
reloadAllAccessors: .ResetTransitionWithStartTime6

===========================================================================================
----------------- testing Sun Aug 05 01:50:01 UTC 2018 /home/travis/build/icyphy/ptII/ptolemy/domains/continuous/test/auto/SRinContinuous.xml
----------------- Instantiating /home/travis/build/icyphy/ptII/ptolemy/domains/continuous/test/auto/SRinContinuous.xml
5 ms. Memory: 552448K Free: 72473K (13%)
----------------- Invoking toplevel() on ptolemy.moml.MoMLSimpleApplication@5c380fce
----------------- Done invoking toplevel() on ptolemy.moml.MoMLSimpleApplication@5c380fce
reloadAllAccessors: .SRinContinuous

===========================================================================================
----------------- testing Sun Aug 05 01:50:01 UTC 2018 /home/travis/build/icyphy/ptII/ptolemy/domains/continuous/test/auto/SampledClocks.xml
----------------- Instantiating /home/travis/build/icyphy/ptII/ptolemy/domains/continuous/test/auto/SampledClocks.xml
5 ms. Memory: 552448K Free: 59000K (11%)
----------------- Invoking toplevel() on ptolemy.moml.MoMLSimpleApplication@4940d1c
----------------- Done invoking toplevel() on ptolemy.moml.MoMLSimpleApplication@4940d1c
reloadAllAccessors: .SampledClocks

===========================================================================================
----------------- testing Sun Aug 05 01:50:01 UTC 2018 /home/travis/build/icyphy/ptII/ptolemy/domains/continuous/test/auto/Satellite.xml
----------------- Instantiating /home/travis/build/icyphy/ptII/ptolemy/domains/continuous/test/auto/Satellite.xml
798 ms. Memory: 530944K Free: 323492K (61%)
----------------- Invoking toplevel() on ptolemy.moml.MoMLSimpleApplication@690c9c32
----------------- Done invoking toplevel() on ptolemy.moml.MoMLSimpleApplication@690c9c32
reloadAllAccessors: .Satellite

===========================================================================================
----------------- testing Sun Aug 05 01:50:02 UTC 2018 /home/travis/build/icyphy/ptII/ptolemy/domains/continuous/test/auto/SigmaDelta.xml
----------------- Instantiating /home/travis/build/icyphy/ptII/ptolemy/domains/continuous/test/auto/SigmaDelta.xml
2812 ms. Memory: 515584K Free: 374223K (73%)
----------------- Invoking toplevel() on ptolemy.moml.MoMLSimpleApplication@7b546a7b
----------------- Done invoking toplevel() on ptolemy.moml.MoMLSimpleApplication@7b546a7b
reloadAllAccessors: .SigmaDelta

===========================================================================================
----------------- testing Sun Aug 05 01:50:05 UTC 2018 /home/travis/build/icyphy/ptII/ptolemy/domains/continuous/test/auto/SinuBouncingBall.xml
----------------- Instantiating /home/travis/build/icyphy/ptII/ptolemy/domains/continuous/test/auto/SinuBouncingBall.xml
716 ms. Memory: 515584K Free: 148354K (29%)
----------------- Invoking toplevel() on ptolemy.moml.MoMLSimpleApplication@117217c
----------------- Done invoking toplevel() on ptolemy.moml.MoMLSimpleApplication@117217c
reloadAllAccessors: .SinuBouncingBall

===========================================================================================
----------------- testing Sun Aug 05 01:50:05 UTC 2018 /home/travis/build/icyphy/ptII/ptolemy/domains/continuous/test/auto/Sinusoid.xml
----------------- Instantiating /home/travis/build/icyphy/ptII/ptolemy/domains/continuous/test/auto/Sinusoid.xml
7 ms. Memory: 515584K Free: 141715K (27%)
----------------- Invoking toplevel() on ptolemy.moml.MoMLSimpleApplication@309f032c
----------------- Done invoking toplevel() on ptolemy.moml.MoMLSimpleApplication@309f032c
reloadAllAccessors: .Sinusoid

===========================================================================================
----------------- testing Sun Aug 05 01:50:05 UTC 2018 /home/travis/build/icyphy/ptII/ptolemy/domains/continuous/test/auto/SinusoidInNoise.xml
----------------- Instantiating /home/travis/build/icyphy/ptII/ptolemy/domains/continuous/test/auto/SinusoidInNoise.xml
881 ms. Memory: 491008K Free: 341779K (70%)
----------------- Invoking toplevel() on ptolemy.moml.MoMLSimpleApplication@1616e92f
----------------- Done invoking toplevel() on ptolemy.moml.MoMLSimpleApplication@1616e92f
reloadAllAccessors: .SinusoidInNoise

===========================================================================================
----------------- testing Sun Aug 05 01:50:06 UTC 2018 /home/travis/build/icyphy/ptII/ptolemy/domains/continuous/test/auto/SinusoidRK45.xml
----------------- Instantiating /home/travis/build/icyphy/ptII/ptolemy/domains/continuous/test/auto/SinusoidRK45.xml
2 ms. Memory: 491008K Free: 333930K (68%)
----------------- Invoking toplevel() on ptolemy.moml.MoMLSimpleApplication@79c79466
----------------- Done invoking toplevel() on ptolemy.moml.MoMLSimpleApplication@79c79466
reloadAllAccessors: .SinusoidRK45

===========================================================================================
----------------- testing Sun Aug 05 01:50:06 UTC 2018 /home/travis/build/icyphy/ptII/ptolemy/domains/continuous/test/auto/SinusoidWithMultipleImpulses.xml
----------------- Instantiating /home/travis/build/icyphy/ptII/ptolemy/domains/continuous/test/auto/SinusoidWithMultipleImpulses.xml
3 ms. Memory: 491008K Free: 324814K (66%)
----------------- Invoking toplevel() on ptolemy.moml.MoMLSimpleApplication@2481fa77
----------------- Done invoking toplevel() on ptolemy.moml.MoMLSimpleApplication@2481fa77
reloadAllAccessors: .SinusoidWithMultipleImpulses

===========================================================================================
----------------- testing Sun Aug 05 01:50:06 UTC 2018 /home/travis/build/icyphy/ptII/ptolemy/domains/continuous/test/auto/SquareWave.xml
----------------- Instantiating /home/travis/build/icyphy/ptII/ptolemy/domains/continuous/test/auto/SquareWave.xml
207 ms. Memory: 491008K Free: 293919K (60%)
----------------- Invoking toplevel() on ptolemy.moml.MoMLSimpleApplication@2eb6552c
----------------- Done invoking toplevel() on ptolemy.moml.MoMLSimpleApplication@2eb6552c
reloadAllAccessors: .SquareWave

===========================================================================================
----------------- testing Sun Aug 05 01:50:07 UTC 2018 /home/travis/build/icyphy/ptII/ptolemy/domains/continuous/test/auto/Starmac.xml
----------------- Instantiating /home/travis/build/icyphy/ptII/ptolemy/domains/continuous/test/auto/Starmac.xml
3079 ms. Memory: 475136K Free: 313682K (66%)
----------------- Invoking toplevel() on ptolemy.moml.MoMLSimpleApplication@5f92d03e
----------------- Done invoking toplevel() on ptolemy.moml.MoMLSimpleApplication@5f92d03e
reloadAllAccessors: .Starmac

===========================================================================================
----------------- testing Sun Aug 05 01:50:10 UTC 2018 /home/travis/build/icyphy/ptII/ptolemy/domains/continuous/test/auto/StaticUnits.xml
----------------- Instantiating /home/travis/build/icyphy/ptII/ptolemy/domains/continuous/test/auto/StaticUnits.xml
2117 ms. Memory: 429056K Free: 258298K (60%)
----------------- Invoking toplevel() on ptolemy.moml.MoMLSimpleApplication@3a7088e
----------------- Done invoking toplevel() on ptolemy.moml.MoMLSimpleApplication@3a7088e
reloadAllAccessors: .StaticUnits

===========================================================================================
----------------- testing Sun Aug 05 01:50:13 UTC 2018 /home/travis/build/icyphy/ptII/ptolemy/domains/continuous/test/auto/StickyMasses.xml
----------------- Instantiating /home/travis/build/icyphy/ptII/ptolemy/domains/continuous/test/auto/StickyMasses.xml
147 ms. Memory: 429056K Free: 199818K (47%)
----------------- Invoking toplevel() on ptolemy.moml.MoMLSimpleApplication@d77a195
----------------- Done invoking toplevel() on ptolemy.moml.MoMLSimpleApplication@d77a195
reloadAllAccessors: .StickyMasses

===========================================================================================
----------------- testing Sun Aug 05 01:50:13 UTC 2018 /home/travis/build/icyphy/ptII/ptolemy/domains/continuous/test/auto/StopTime.xml
----------------- Instantiating /home/travis/build/icyphy/ptII/ptolemy/domains/continuous/test/auto/StopTime.xml
46 ms. Memory: 429056K Free: 170907K (40%)
----------------- Invoking toplevel() on ptolemy.moml.MoMLSimpleApplication@73ab2c5f
----------------- Done invoking toplevel() on ptolemy.moml.MoMLSimpleApplication@73ab2c5f
reloadAllAccessors: .StopTime

===========================================================================================
----------------- testing Sun Aug 05 01:50:13 UTC 2018 /home/travis/build/icyphy/ptII/ptolemy/domains/continuous/test/auto/StopTime2.xml
----------------- Instantiating /home/travis/build/icyphy/ptII/ptolemy/domains/continuous/test/auto/StopTime2.xml
44 ms. Memory: 429056K Free: 145764K (34%)
----------------- Invoking toplevel() on ptolemy.moml.MoMLSimpleApplication@4b5563ef
----------------- Done invoking toplevel() on ptolemy.moml.MoMLSimpleApplication@4b5563ef
reloadAllAccessors: .StopTime2

===========================================================================================
----------------- testing Sun Aug 05 01:50:13 UTC 2018 /home/travis/build/icyphy/ptII/ptolemy/domains/continuous/test/auto/Switch.xml
----------------- Instantiating /home/travis/build/icyphy/ptII/ptolemy/domains/continuous/test/auto/Switch.xml
53 ms. Memory: 429056K Free: 116932K (27%)
----------------- Invoking toplevel() on ptolemy.moml.MoMLSimpleApplication@c09e331
----------------- Done invoking toplevel() on ptolemy.moml.MoMLSimpleApplication@c09e331
reloadAllAccessors: .Switch

===========================================================================================
----------------- testing Sun Aug 05 01:50:13 UTC 2018 /home/travis/build/icyphy/ptII/ptolemy/domains/continuous/test/auto/Thermostat.xml
----------------- Instantiating /home/travis/build/icyphy/ptII/ptolemy/domains/continuous/test/auto/Thermostat.xml
242 ms. Memory: 407552K Free: 389571K (96%)
----------------- Invoking toplevel() on ptolemy.moml.MoMLSimpleApplication@6d48c68d
----------------- Done invoking toplevel() on ptolemy.moml.MoMLSimpleApplication@6d48c68d
reloadAllAccessors: .Thermostat

===========================================================================================
----------------- testing Sun Aug 05 01:50:13 UTC 2018 /home/travis/build/icyphy/ptII/ptolemy/domains/continuous/test/auto/TimeDelay.xml
----------------- Instantiating /home/travis/build/icyphy/ptII/ptolemy/domains/continuous/test/auto/TimeDelay.xml
6 ms. Memory: 407552K Free: 380514K (93%)
----------------- Invoking toplevel() on ptolemy.moml.MoMLSimpleApplication@10a9ebbe
----------------- Done invoking toplevel() on ptolemy.moml.MoMLSimpleApplication@10a9ebbe
reloadAllAccessors: .TimeDelay

===========================================================================================
----------------- testing Sun Aug 05 01:50:13 UTC 2018 /home/travis/build/icyphy/ptII/ptolemy/domains/continuous/test/auto/TimeDelay2.xml
----------------- Instantiating /home/travis/build/icyphy/ptII/ptolemy/domains/continuous/test/auto/TimeDelay2.xml
9 ms. Memory: 407552K Free: 367793K (90%)
----------------- Invoking toplevel() on ptolemy.moml.MoMLSimpleApplication@3b434d67
----------------- Done invoking toplevel() on ptolemy.moml.MoMLSimpleApplication@3b434d67
reloadAllAccessors: .TimeDelay2

===========================================================================================
----------------- testing Sun Aug 05 01:50:13 UTC 2018 /home/travis/build/icyphy/ptII/ptolemy/domains/continuous/test/auto/TimeDelay3.xml
----------------- Instantiating /home/travis/build/icyphy/ptII/ptolemy/domains/continuous/test/auto/TimeDelay3.xml
7 ms. Memory: 407552K Free: 359726K (88%)
----------------- Invoking toplevel() on ptolemy.moml.MoMLSimpleApplication@7ad842e7
----------------- Done invoking toplevel() on ptolemy.moml.MoMLSimpleApplication@7ad842e7
reloadAllAccessors: .TimeDelay3

===========================================================================================
----------------- testing Sun Aug 05 01:50:13 UTC 2018 /home/travis/build/icyphy/ptII/ptolemy/domains/continuous/test/auto/TransferAbsentToInside.xml
----------------- Instantiating /home/travis/build/icyphy/ptII/ptolemy/domains/continuous/test/auto/TransferAbsentToInside.xml
65 ms. Memory: 407552K Free: 299496K (73%)
----------------- Invoking toplevel() on ptolemy.moml.MoMLSimpleApplication@1353efef
----------------- Done invoking toplevel() on ptolemy.moml.MoMLSimpleApplication@1353efef
reloadAllAccessors: .TransferAbsentToInside

===========================================================================================
----------------- testing Sun Aug 05 01:50:14 UTC 2018 /home/travis/build/icyphy/ptII/ptolemy/domains/continuous/test/auto/Transmission.xml
----------------- Instantiating /home/travis/build/icyphy/ptII/ptolemy/domains/continuous/test/auto/Transmission.xml
934 ms. Memory: 407552K Free: 61717K (15%)
----------------- Invoking toplevel() on ptolemy.moml.MoMLSimpleApplication@295718ca
----------------- Done invoking toplevel() on ptolemy.moml.MoMLSimpleApplication@295718ca
reloadAllAccessors: .Transmission

===========================================================================================
----------------- testing Sun Aug 05 01:50:15 UTC 2018 /home/travis/build/icyphy/ptII/ptolemy/domains/continuous/test/auto/TriggeredContinuousClock.xml
----------------- Instantiating /home/travis/build/icyphy/ptII/ptolemy/domains/continuous/test/auto/TriggeredContinuousClock.xml
46 ms. Memory: 392192K Free: 367147K (94%)
----------------- Invoking toplevel() on ptolemy.moml.MoMLSimpleApplication@3efc74bf
----------------- Done invoking toplevel() on ptolemy.moml.MoMLSimpleApplication@3efc74bf
reloadAllAccessors: .TriggeredContinuousClock

===========================================================================================
----------------- testing Sun Aug 05 01:50:15 UTC 2018 /home/travis/build/icyphy/ptII/ptolemy/domains/continuous/test/auto/TwoMachineInfiniteBusControl.xml
----------------- Instantiating /home/travis/build/icyphy/ptII/ptolemy/domains/continuous/test/auto/TwoMachineInfiniteBusControl.xml
2765 ms. Memory: 384000K Free: 121616K (32%)
----------------- Invoking toplevel() on ptolemy.moml.MoMLSimpleApplication@4486dbcc
----------------- Done invoking toplevel() on ptolemy.moml.MoMLSimpleApplication@4486dbcc
reloadAllAccessors: .TwoMachineInfiniteBusControl

===========================================================================================
----------------- testing Sun Aug 05 01:50:18 UTC 2018 /home/travis/build/icyphy/ptII/ptolemy/domains/continuous/test/auto/V2V.xml
----------------- Instantiating /home/travis/build/icyphy/ptII/ptolemy/domains/continuous/test/auto/V2V.xml
703 ms. Memory: 362496K Free: 221068K (61%)
----------------- Invoking toplevel() on ptolemy.moml.MoMLSimpleApplication@5a564d69
----------------- Done invoking toplevel() on ptolemy.moml.MoMLSimpleApplication@5a564d69
reloadAllAccessors: .V2V

===========================================================================================
----------------- testing Sun Aug 05 01:50:18 UTC 2018 /home/travis/build/icyphy/ptII/ptolemy/domains/continuous/test/auto/hierarchicalModalModel.xml
----------------- Instantiating /home/travis/build/icyphy/ptII/ptolemy/domains/continuous/test/auto/hierarchicalModalModel.xml
13 ms. Memory: 362496K Free: 203454K (56%)
----------------- Invoking toplevel() on ptolemy.moml.MoMLSimpleApplication@255b6c50
----------------- Done invoking toplevel() on ptolemy.moml.MoMLSimpleApplication@255b6c50
reloadAllAccessors: .hierarchicalModalModel

===========================================================================================
----------------- testing Sun Aug 05 01:50:19 UTC 2018 /home/travis/build/icyphy/ptII/ptolemy/domains/continuous/test/auto/hierarchicalModalModel1.xml
----------------- Instantiating /home/travis/build/icyphy/ptII/ptolemy/domains/continuous/test/auto/hierarchicalModalModel1.xml
10 ms. Memory: 362496K Free: 185445K (51%)
----------------- Invoking toplevel() on ptolemy.moml.MoMLSimpleApplication@795e500a
----------------- Done invoking toplevel() on ptolemy.moml.MoMLSimpleApplication@795e500a
reloadAllAccessors: .hierarchicalModalModel1

===========================================================================================
----------------- testing Sun Aug 05 01:50:19 UTC 2018 /home/travis/build/icyphy/ptII/ptolemy/domains/continuous/test/auto/hierarchicalModalModel2.xml
----------------- Instantiating /home/travis/build/icyphy/ptII/ptolemy/domains/continuous/test/auto/hierarchicalModalModel2.xml
8 ms. Memory: 362496K Free: 170561K (47%)
----------------- Invoking toplevel() on ptolemy.moml.MoMLSimpleApplication@2be9e5cb
----------------- Done invoking toplevel() on ptolemy.moml.MoMLSimpleApplication@2be9e5cb
reloadAllAccessors: .hierarchicalModalModel2

===========================================================================================
----------------- testing Sun Aug 05 01:50:19 UTC 2018 /home/travis/build/icyphy/ptII/ptolemy/domains/continuous/test/auto/hierarchicalModalModel3.xml
----------------- Instantiating /home/travis/build/icyphy/ptII/ptolemy/domains/continuous/test/auto/hierarchicalModalModel3.xml
6 ms. Memory: 362496K Free: 157216K (43%)
----------------- Invoking toplevel() on ptolemy.moml.MoMLSimpleApplication@57e78c5c
----------------- Done invoking toplevel() on ptolemy.moml.MoMLSimpleApplication@57e78c5c
reloadAllAccessors: .hierarchicalModalModel3

===========================================================================================
----------------- testing Sun Aug 05 01:50:19 UTC 2018 /home/travis/build/icyphy/ptII/ptolemy/domains/continuous/test/auto/hierarchicalModalModel4.xml
----------------- Instantiating /home/travis/build/icyphy/ptII/ptolemy/domains/continuous/test/auto/hierarchicalModalModel4.xml
6 ms. Memory: 362496K Free: 142350K (39%)
----------------- Invoking toplevel() on ptolemy.moml.MoMLSimpleApplication@67c6a04e
----------------- Done invoking toplevel() on ptolemy.moml.MoMLSimpleApplication@67c6a04e
reloadAllAccessors: .hierarchicalModalModel4

===========================================================================================
----------------- testing Sun Aug 05 01:50:19 UTC 2018 /home/travis/build/icyphy/ptII/ptolemy/domains/continuous/test/auto/junk.xml
----------------- Instantiating /home/travis/build/icyphy/ptII/ptolemy/domains/continuous/test/auto/junk.xml
170 ms. Memory: 362496K Free: 110471K (30%)
----------------- Invoking toplevel() on ptolemy.moml.MoMLSimpleApplication@126d0364
----------------- Done invoking toplevel() on ptolemy.moml.MoMLSimpleApplication@126d0364
reloadAllAccessors: .junk
AutoTests.java: About to close Vertx.
AutoTests.java: Vertx closed.
]]></system-out>
  <system-err><![CDATA[Warning: '.HysteresisWithRandomDelay.NonStrictTest3' The test produced only 25 tokens, yet the correctValues parameter was expecting 30 tokens.
Warning: '.IncreasingRatePoisson.NonStrictTest' The test produced only 374 tokens, yet the correctValues parameter was expecting 402 tokens.
Warning: '.Poisson.NonStrictTest' The test produced only 425 tokens, yet the correctValues parameter was expecting 430 tokens.
]]></system-err>
</testsuite>
