<?xml version="1.0" encoding="UTF-8" ?>
<testsuite errors="0" failures="0" hostname="travis-job-d2ae62cf-d427-4faf-87b9-225fa23cf256" name="ptolemy.cg.kernel.generic.accessor.test.junit.JUnitTclTest" skipped="0" tests="9" time="244.643" timestamp="2019-07-17T15:54:35">
  <properties>
[...]
</properties>
  <testcase classname="ptolemy.util.test.junit.TclTests" name="[0] /home/travis/build/icyphy/ptII/ptolemy/cg/kernel/generic/accessor/test/AccessorSSHCodeGenerator.tcl (RunTclFile)" time="48.035" />
  <testcase classname="ptolemy.util.test.junit.AutoKnownFailedTests" name="[0] ThereAreNoKnowFailedTests (RunModel)" time="0.002" />
  <testcase classname="ptolemy.util.test.junit.AutoNameArchTests" name="[0] ThereAreNoAutoArchTests (RunModel)" time="0.004" />
  <testcase classname="ptolemy.util.test.junit.AutoTests" name="[0] /home/travis/build/icyphy/ptII/ptolemy/cg/kernel/generic/accessor/test/auto/AccessorStatusTest.xml (RunModel)" time="70.939" />
  <testcase classname="ptolemy.util.test.junit.AutoTests" name="[1] /home/travis/build/icyphy/ptII/ptolemy/cg/kernel/generic/accessor/test/auto/RampJSDisplay.xml (RunModel)" time="22.407" />
  <testcase classname="ptolemy.util.test.junit.AutoTests" name="[2] /home/travis/build/icyphy/ptII/ptolemy/cg/kernel/generic/accessor/test/auto/RampJSInspect.xml (RunModel)" time="32.625" />
  <testcase classname="ptolemy.util.test.junit.AutoTests" name="[3] /home/travis/build/icyphy/ptII/ptolemy/cg/kernel/generic/accessor/test/auto/RampJSTest.xml (RunModel)" time="24.418" />
  <testcase classname="ptolemy.util.test.junit.AutoTests" name="[4] /home/travis/build/icyphy/ptII/ptolemy/cg/kernel/generic/accessor/test/auto/RampJSTextDisplay.xml (RunModel)" time="32.635" />
  <testcase classname="ptolemy.util.test.junit.AutoTests" name="[5] /home/travis/build/icyphy/ptII/ptolemy/cg/kernel/generic/accessor/test/auto/TestComposite.xml (RunModel)" time="13.0" />
  <system-out><![CDATA[/home/travis/build/icyphy/ptII/ptolemy/cg/kernel/generic/accessor/test/AccessorSSHCodeGenerator.tcl
testDefs.tcl: setting time out to 9000 seconds at Wed Jul 17 15:54:36 UTC 2019
JSAccessor: found node
RunnableCodeGenerator: run command: (cd /home/travis/build/icyphy/ptII/org/terraswarm/accessor/accessors/web/cg; /home/travis/build/icyphy/ptII/ptolemy/cg/kernel/generic/accessor/accessorInvokeSSH localhost /home/travis/build/icyphy/ptII/org/terraswarm/accessor/accessors/web/cg/top.js   npmInstall  )
In "/home/travis/build/icyphy/ptII/org/terraswarm/accessor/accessors/web/cg", about to execute:
    /home/travis/build/icyphy/ptII/ptolemy/cg/kernel/generic/accessor/accessorInvok
eSSH localhost
/home/travis/build/icyphy/ptII/org/terraswarm/accessor/accessors/web/cg/top.js
npmInstall
/home/travis/build/icyphy/ptII/ptolemy/cg/kernel/generic/accessor/accessorInvokeSSH: Note that the timeout defaults to 15000
### accessorInvokeSSH: Creating cg/node_modules and cg/top on localhost
### accessorInvokeSSH: Running npm install @terraswarm/accessors pm2 
### accessorInvokeSSH:   Ignore messages like: 'npm WARN enoent ENOENT: no such file or directory, open cg/top/package.json'
/home/travis/pthla/certi-tools/share/scripts:/home/travis/.rvm/gems/ruby-2.5.3/bin:/home/travis/.rvm/gems/ruby-2.5.3@global/bin:/home/travis/.rvm/rubies/ruby-2.5.3/bin:/home/travis/.rvm/bin:/home/travis/.nvm/versions/node/v7.10.1/bin:./node_modules/.bin:/home/travis/build/icyphy/ptII/bin:/home/travis/pthla/certi-tools/bin:/home/travis/bin:/home/travis/.local/bin:/usr/local/lib/jvm/openjdk11/bin:/opt/pyenv/shims:/home/travis/.phpenv/shims:/home/travis/perl5/perlbrew/bin:/home/travis/gopath/bin:/home/travis/.gimme/versions/go1.11.1.linux.amd64/bin:/usr/local/maven-3.6.0/bin:/usr/local/cmake-3.12.4/bin:/usr/local/clang-7.0.0/bin:/usr/local/sbin:/usr/local/bin:/usr/sbin:/usr/bin:/sbin:/bin:/snap/bin:/home/travis/.phpenv/bin:/opt/pyenv/bin:/home/travis/.yarn/bin
/usr/local/bin/npm
/home/travis/cg
├─┬ @terraswarm/accessors@0.0.27 
│ ├── @accessors-hosts/common@0.1.0 
│ ├── @accessors-modules/local-storage@0.1.1 
│ ├─┬ express@4.17.1 
│ │ ├─┬ accepts@1.3.7 
│ │ │ ├─┬ mime-types@2.1.24 
│ │ │ │ └── mime-db@1.40.0 
│ │ │ └── negotiator@0.6.2 
│ │ ├── array-flatten@1.1.1 
│ │ ├─┬ body-parser@1.19.0 
│ │ │ ├── bytes@3.1.0 
│ │ │ ├─┬ http-errors@1.7.2 
│ │ │ │ └── toidentifier@1.0.0 
│ │ │ └── raw-body@2.4.0 
│ │ ├── content-disposition@0.5.3 
│ │ ├── content-type@1.0.4 
│ │ ├── cookie@0.4.0 
│ │ ├── cookie-signature@1.0.6 
│ │ ├── depd@1.1.2 
│ │ ├── encodeurl@1.0.2 
│ │ ├── escape-html@1.0.3 
│ │ ├── etag@1.8.1 
│ │ ├─┬ finalhandler@1.1.2 
│ │ │ └── unpipe@1.0.0 
│ │ ├── fresh@0.5.2 
│ │ ├── merge-descriptors@1.0.1 
│ │ ├── methods@1.1.2 
│ │ ├─┬ on-finished@2.3.0 
│ │ │ └── ee-first@1.1.1 
│ │ ├── parseurl@1.3.3 
│ │ ├── path-to-regexp@0.1.7 
│ │ ├─┬ proxy-addr@2.0.5 
│ │ │ ├── forwarded@0.1.2 
│ │ │ └── ipaddr.js@1.9.0 
│ │ ├── qs@6.7.0 
│ │ ├── range-parser@1.2.1 
│ │ ├─┬ send@0.17.1 
│ │ │ ├── destroy@1.0.4 
│ │ │ ├── mime@1.6.0 
│ │ │ └── ms@2.1.1 
│ │ ├── serve-static@1.14.1 
│ │ ├── setprototypeof@1.1.1 
│ │ ├── statuses@1.5.0 
│ │ ├─┬ type-is@1.6.18 
│ │ │ └── media-typer@0.3.0 
│ │ ├── utils-merge@1.0.1 
│ │ └── vary@1.1.2 
│ ├─┬ helmet@3.19.0 
│ │ ├── depd@2.0.0 
│ │ ├── dns-prefetch-control@0.2.0 
│ │ ├── dont-sniff-mimetype@1.1.0 
│ │ ├── expect-ct@0.2.0 
│ │ ├── feature-policy@0.3.0 
│ │ ├── frameguard@3.1.0 
│ │ ├── helmet-crossdomain@0.4.0 
│ │ ├─┬ helmet-csp@2.7.1 
│ │ │ ├── camelize@1.0.0 
│ │ │ ├── content-security-policy-builder@2.0.0 
│ │ │ ├── dasherize@2.0.0 
│ │ │ └── platform@1.3.5 
│ │ ├── hide-powered-by@1.1.0 
│ │ ├── hpkp@2.0.0 
│ │ ├─┬ hsts@2.2.0 
│ │ │ └── depd@2.0.0 
│ │ ├── ienoopen@1.1.0 
│ │ ├── nocache@2.1.0 
│ │ ├── referrer-policy@1.2.0 
│ │ └── x-xss-protection@1.2.0 
│ ├─┬ node-localstorage@1.3.1 
│ │ └─┬ write-file-atomic@1.3.4 
│ │   ├── imurmurhash@0.1.4 
│ │   └── slide@1.1.6 
│ └─┬ portscanner@2.2.0 
│   └─┬ is-number-like@1.0.8 
│     └── lodash.isfinite@3.3.2 
└─┬ pm2@3.5.1 
  ├─┬ @pm2/agent@0.5.26 
  │ ├─┬ nssocket@0.6.0 
  │ │ ├── eventemitter2@0.4.14 
  │ │ └── lazy@1.0.11 
  │ ├─┬ proxy-agent@3.1.0 
  │ │ ├─┬ agent-base@4.3.0 
  │ │ │ └─┬ es6-promisify@5.0.0 
  │ │ │   └── es6-promise@4.2.8 
  │ │ ├─┬ debug@3.2.6 
  │ │ │ └── ms@2.1.2 
  │ │ ├─┬ http-proxy-agent@2.1.0 
  │ │ │ └── debug@3.1.0 
  │ │ ├─┬ https-proxy-agent@2.2.2 
  │ │ │ └─┬ debug@3.2.6 
  │ │ │   └── ms@2.1.2 
  │ │ ├─┬ lru-cache@4.1.5 
  │ │ │ ├── pseudomap@1.0.2 
  │ │ │ └── yallist@2.1.2 
  │ │ ├─┬ pac-proxy-agent@3.0.0 
  │ │ │ ├─┬ debug@3.2.6 
  │ │ │ │ └── ms@2.1.2 
  │ │ │ ├─┬ get-uri@2.0.3 
npm WARN optional SKIPPING OPTIONAL DEPENDENCY: fsevents@^1.2.7 (node_modules/chokidar/node_modules/fsevents):
npm WARN notsup SKIPPING OPTIONAL DEPENDENCY: Unsupported platform for fsevents@1.2.9: wanted {"os":"darwin","arch":"any"} (current: {"os":"linux","arch":"x64"})
npm WARN enoent ENOENT: no such file or directory, open '/home/travis/cg/package.json'
npm WARN cg No description
npm WARN cg No repository field.
npm WARN cg No README data
npm WARN cg No license field.
  │ │ │ │ ├─┬ data-uri-to-buffer@2.0.1 
  │ │ │ │ │ └── @types/node@8.10.50 
  │ │ │ │ ├─┬ debug@4.1.1 
  │ │ │ │ │ └── ms@2.1.2 
  │ │ │ │ ├── extend@3.0.2 
  │ │ │ │ ├── file-uri-to-path@1.0.0 
  │ │ │ │ ├─┬ ftp@0.3.10 
  │ │ │ │ │ ├─┬ readable-stream@1.1.14 
  │ │ │ │ │ │ ├── isarray@0.0.1 
  │ │ │ │ │ │ └── string_decoder@0.10.31 
  │ │ │ │ │ └── xregexp@2.0.0 
  │ │ │ │ └─┬ readable-stream@3.4.0 
  │ │ │ │   └── string_decoder@1.2.0 
  │ │ │ └─┬ pac-resolver@3.0.0 
  │ │ │   ├── co@4.6.0 
  │ │ │   ├─┬ degenerator@1.0.4 
  │ │ │   │ ├── ast-types@0.13.2 
  │ │ │   │ ├─┬ escodegen@1.11.1 
  │ │ │   │ │ ├── estraverse@4.2.0 
  │ │ │   │ │ ├── esutils@2.0.2 
  │ │ │   │ │ └─┬ optionator@0.8.2 
  │ │ │   │ │   ├── deep-is@0.1.3 
  │ │ │   │ │   ├── fast-levenshtein@2.0.6 
  │ │ │   │ │   ├── levn@0.3.0 
  │ │ │   │ │   ├── prelude-ls@1.1.2 
  │ │ │   │ │   ├── type-check@0.3.2 
  │ │ │   │ │   └── wordwrap@1.0.0 
  │ │ │   │ └── esprima@3.1.3 
  │ │ │   ├── ip@1.1.5 
  │ │ │   ├── netmask@1.0.6 
  │ │ │   └── thunkify@2.1.2 
  │ │ ├── proxy-from-env@1.0.0 
  │ │ └─┬ socks-proxy-agent@4.0.2 
  │ │   ├── agent-base@4.2.1 
  │ │   └─┬ socks@2.3.2 
  │ │     └── smart-buffer@4.0.2 
  │ └─┬ ws@5.2.2 
  │   └── async-limiter@1.0.0 
  ├─┬ @pm2/io@4.2.5 
  │ ├─┬ @opencensus/core@0.0.9 
  │ │ ├─┬ continuation-local-storage@3.2.1 
  │ │ │ ├── async-listener@0.6.10 
  │ │ │ └── emitter-listener@1.1.2 
  │ │ ├── log-driver@1.2.7 
  │ │ └── uuid@3.3.2 
  │ ├─┬ @opencensus/propagation-b3@0.0.8 
  │ │ └── @opencensus/core@0.0.8 
  │ ├─┬ @pm2/agent-node@1.1.10 
  │ │ ├─┬ debug@3.2.6 
  │ │ │ └── ms@2.1.2 
  │ │ └── ws@6.2.1 
  │ ├─┬ debug@3.1.0 
  │ │ └── ms@2.0.0 
  │ ├── event-loop-inspector@1.2.2 
  │ ├─┬ require-in-the-middle@4.0.0 
  │ │ ├─┬ debug@4.1.1 
  │ │ │ └── ms@2.1.2 
  │ │ ├── module-details-from-path@1.0.3 
  │ │ └─┬ resolve@1.11.1 
  │ │   └── path-parse@1.0.6 
  │ ├── semver@5.5.0 
  │ ├── shimmer@1.2.1 
  │ ├── signal-exit@3.0.2 
  │ └── tslib@1.9.3 
  ├─┬ @pm2/js-api@0.5.60 
  │ ├─┬ axios@0.19.0 
  │ │ ├─┬ follow-redirects@1.5.10 
  │ │ │ └── debug@3.1.0 
  │ │ └── is-buffer@2.0.3 
  │ ├── debug@2.6.9 
  │ ├── eventemitter2@4.1.2 
  │ └─┬ ws@3.3.3 
  │   └── ultron@1.1.1 
  ├─┬ async@2.6.3 
  │ └── lodash@4.17.14 
  ├── blessed@0.1.81 
  ├─┬ chalk@2.4.2 
  │ ├─┬ ansi-styles@3.2.1 
  │ │ └─┬ color-convert@1.9.3 
  │ │   └── color-name@1.1.3 
  │ ├── escape-string-regexp@1.0.5 
  │ └─┬ supports-color@5.5.0 
  │   └── has-flag@3.0.0 
  ├─┬ chokidar@2.1.6 
  │ ├─┬ anymatch@2.0.0 
  │ │ ├─┬ micromatch@3.1.10 
  │ │ │ ├── arr-diff@4.0.0 
  │ │ │ ├─┬ define-property@2.0.2 
  │ │ │ │ └─┬ is-descriptor@1.0.2 
  │ │ │ │   ├── is-accessor-descriptor@1.0.0 
  │ │ │ │   └── is-data-descriptor@1.0.0 
  │ │ │ ├─┬ extend-shallow@3.0.2 
  │ │ │ │ ├── assign-symbols@1.0.0 
  │ │ │ │ └─┬ is-extendable@1.0.1 
  │ │ │ │   └── is-plain-object@2.0.4 
  │ │ │ ├─┬ extglob@2.0.4 
  │ │ │ │ ├─┬ define-property@1.0.0 
  │ │ │ │ │ └─┬ is-descriptor@1.0.2 
  │ │ │ │ │   ├── is-accessor-descriptor@1.0.0 
  │ │ │ │ │   └── is-data-descriptor@1.0.0 
  │ │ │ │ ├─┬ expand-brackets@2.1.4 
  │ │ │ │ │ ├── define-property@0.2.5 
  │ │ │ │ │ ├── extend-shallow@2.0.1 
  │ │ │ │ │ └── posix-character-classes@0.1.1 
  │ │ │ │ └── extend-shallow@2.0.1 
  │ │ │ ├── fragment-cache@0.2.1 
  │ │ │ ├── kind-of@6.0.2 
  │ │ │ ├─┬ nanomatch@1.2.13 
  │ │ │ │ └── is-windows@1.0.2 
  │ │ │ ├── object.pick@1.3.0 
  │ │ │ └── regex-not@1.0.2 
  │ │ └─┬ normalize-path@2.1.1 
  │ │   └── remove-trailing-separator@1.1.0 
  │ ├── async-each@1.0.3 
  │ ├─┬ braces@2.3.2 
  │ │ ├── arr-flatten@1.1.0 
  │ │ ├── array-unique@0.3.2 
  │ │ ├─┬ extend-shallow@2.0.1 
  │ │ │ └── is-extendable@0.1.1 
  │ │ ├─┬ fill-range@4.0.0 
  │ │ │ ├── extend-shallow@2.0.1 
  │ │ │ ├─┬ is-number@3.0.0 
  │ │ │ │ └─┬ kind-of@3.2.2 
  │ │ │ │   └── is-buffer@1.1.6 
  │ │ │ ├── repeat-string@1.6.1 
  │ │ │ └── to-regex-range@2.1.1 
  │ │ ├── isobject@3.0.1 
  │ │ ├── repeat-element@1.1.3 
  │ │ ├─┬ snapdragon@0.8.2 
  │ │ │ ├─┬ base@0.11.2 
  │ │ │ │ ├─┬ cache-base@1.0.1 
  │ │ │ │ │ ├─┬ collection-visit@1.0.0 
  │ │ │ │ │ │ ├── map-visit@1.0.0 
  │ │ │ │ │ │ └── object-visit@1.0.1 
  │ │ │ │ │ ├── get-value@2.0.6 
  │ │ │ │ │ ├─┬ has-value@1.0.0 
  │ │ │ │ │ │ └─┬ has-values@1.0.0 
  │ │ │ │ │ │   └─┬ kind-of@4.0.0 
  │ │ │ │ │ │     └── is-buffer@1.1.6 
  │ │ │ │ │ ├─┬ set-value@2.0.1 
  │ │ │ │ │ │ └── extend-shallow@2.0.1 
  │ │ │ │ │ ├─┬ to-object-path@0.3.0 
  │ │ │ │ │ │ └─┬ kind-of@3.2.2 
  │ │ │ │ │ │   └── is-buffer@1.1.6 
  │ │ │ │ │ ├── union-value@1.0.1 
  │ │ │ │ │ └─┬ unset-value@1.0.0 
  │ │ │ │ │   └─┬ has-value@0.3.1 
  │ │ │ │ │     ├── has-values@0.1.4 
  │ │ │ │ │     └─┬ isobject@2.1.0 
  │ │ │ │ │       └── isarray@1.0.0 
  │ │ │ │ ├─┬ class-utils@0.3.6 
  │ │ │ │ │ ├── arr-union@3.1.0 
  │ │ │ │ │ ├── define-property@0.2.5 
  │ │ │ │ │ └─┬ static-extend@0.1.2 
  │ │ │ │ │   ├── define-property@0.2.5 
  │ │ │ │ │   └─┬ object-copy@0.1.0 
  │ │ │ │ │     ├── copy-descriptor@0.1.1 
  │ │ │ │ │     ├── define-property@0.2.5 
  │ │ │ │ │     └─┬ kind-of@3.2.2 
  │ │ │ │ │       └── is-buffer@1.1.6 
  │ │ │ │ ├── component-emitter@1.3.0 
  │ │ │ │ ├─┬ define-property@1.0.0 
  │ │ │ │ │ └─┬ is-descriptor@1.0.2 
  │ │ │ │ │   ├── is-accessor-descriptor@1.0.0 
  │ │ │ │ │   └── is-data-descriptor@1.0.0 
  │ │ │ │ ├─┬ mixin-deep@1.3.2 
  │ │ │ │ │ ├── for-in@1.0.2 
  │ │ │ │ │ └── is-extendable@1.0.1 
  │ │ │ │ └── pascalcase@0.1.1 
  │ │ │ ├─┬ define-property@0.2.5 
  │ │ │ │ └─┬ is-descriptor@0.1.6 
  │ │ │ │   ├─┬ is-accessor-descriptor@0.1.6 
  │ │ │ │   │ └─┬ kind-of@3.2.2 
  │ │ │ │   │   └── is-buffer@1.1.6 
  │ │ │ │   ├─┬ is-data-descriptor@0.1.4 
  │ │ │ │   │ └─┬ kind-of@3.2.2 
  │ │ │ │   │   └── is-buffer@1.1.6 
  │ │ │ │   └── kind-of@5.1.0 
  │ │ │ ├── extend-shallow@2.0.1 
  │ │ │ ├── map-cache@0.2.2 
  │ │ │ ├── source-map@0.5.7 
  │ │ │ ├─┬ source-map-resolve@0.5.2 
  │ │ │ │ ├── atob@2.1.2 
  │ │ │ │ ├── decode-uri-component@0.2.0 
  │ │ │ │ ├── resolve-url@0.2.1 
  │ │ │ │ ├── source-map-url@0.4.0 
  │ │ │ │ └── urix@0.1.0 
  │ │ │ └── use@3.1.1 
  │ │ ├─┬ snapdragon-node@2.1.1 
  │ │ │ ├─┬ define-property@1.0.0 
  │ │ │ │ └─┬ is-descriptor@1.0.2 
  │ │ │ │   ├── is-accessor-descriptor@1.0.0 
  │ │ │ │   └── is-data-descriptor@1.0.0 
  │ │ │ └─┬ snapdragon-util@3.0.1 
  │ │ │   └─┬ kind-of@3.2.2 
  │ │ │     └── is-buffer@1.1.6 
  │ │ ├── split-string@3.1.0 
  │ │ └─┬ to-regex@3.0.2 
  │ │   └─┬ safe-regex@1.1.0 
  │ │     └── ret@0.1.15 
  │ ├─┬ glob-parent@3.1.0 
  │ │ ├── is-glob@3.1.0 
  │ │ └── path-dirname@1.0.2 
  │ ├── inherits@2.0.3 
  │ ├─┬ is-binary-path@1.0.1 
  │ │ └── binary-extensions@1.13.1 
  │ ├─┬ is-glob@4.0.1 
  │ │ └── is-extglob@2.1.1 
  │ ├── normalize-path@3.0.0 
  │ ├── path-is-absolute@1.0.1 
  │ ├─┬ readdirp@2.2.1 
  │ │ ├── graceful-fs@4.2.0 
  │ │ └─┬ readable-stream@2.3.6 
  │ │   ├── core-util-is@1.0.2 
  │ │   ├── isarray@1.0.0 
  │ │   ├── process-nextick-args@2.0.1 
  │ │   ├── string_decoder@1.1.1 
  │ │   └── util-deprecate@1.0.2 
  │ └── upath@1.1.2 
  ├─┬ cli-table-redemption@1.0.1 
  │ └─┬ chalk@1.1.3 
  │   ├── ansi-styles@2.2.1 
  │   ├─┬ has-ansi@2.0.0 
  │   │ └── ansi-regex@2.1.1 
  │   ├── strip-ansi@3.0.1 
  │   └── supports-color@2.0.0 
  ├── commander@2.15.1 
  ├─┬ cron@1.7.1 
  │ └── moment-timezone@0.5.26 
  ├── date-fns@1.30.1 
  ├─┬ debug@3.2.6 
  │ └── ms@2.1.2 
  ├── eventemitter2@5.0.1 
  ├── fclone@1.0.11 
  ├─┬ mkdirp@0.5.1 
  │ └── minimist@0.0.8 
  ├── moment@2.24.0 
  ├─┬ needle@2.4.0 
  │ ├─┬ debug@3.2.6 
  │ │ └── ms@2.1.2 
  │ ├─┬ iconv-lite@0.4.24 
  │ │ └── safer-buffer@2.1.2 
  │ └── sax@1.2.4 
  ├─┬ pidusage@2.0.17 
  │ └── safe-buffer@5.1.2 
  ├─┬ pm2-axon@3.3.0 
  │ ├── amp@0.3.1 
  │ ├── amp-message@0.1.2 
  │ ├─┬ debug@3.2.6 
  │ │ └── ms@2.1.2 
  │ └── escape-regexp@0.0.1 
  ├─┬ pm2-axon-rpc@0.5.1 
  │ └─┬ debug@3.2.6 
  │   └── ms@2.1.2 
  ├─┬ pm2-deploy@0.4.0 
  │ └── tv4@1.3.0 
  ├─┬ pm2-multimeter@0.1.2 
  │ └── charm@0.1.2 
  ├─┬ promptly@2.2.0 
  │ └─┬ read@1.0.7 
  │   └── mute-stream@0.0.8 
  ├── semver@5.7.0 
  ├─┬ shelljs@0.8.3 
  │ ├─┬ glob@7.1.4 
  │ │ ├── fs.realpath@1.0.0 
  │ │ ├─┬ inflight@1.0.6 
  │ │ │ └── wrappy@1.0.2 
  │ │ ├─┬ minimatch@3.0.4 
  │ │ │ └─┬ brace-expansion@1.1.11 
  │ │ │   ├── balanced-match@1.0.0 
  │ │ │   └── concat-map@0.0.1 
  │ │ └── once@1.4.0 
  │ ├── interpret@1.2.0 
  │ └── rechoir@0.6.2 
  ├─┬ source-map-support@0.5.12 
  │ ├── buffer-from@1.1.1 
  │ └── source-map@0.6.1 
  ├── sprintf-js@1.1.1 
  ├── v8-compile-cache@2.0.3 
  ├─┬ vizion@2.0.2 
  │ ├── async@2.6.1 
  │ ├── git-node-fs@1.0.0 
  │ ├── ini@1.3.5 
  │ ├─┬ js-git@0.7.8 
  │ │ ├── bodec@0.1.0 
  │ │ ├── culvert@0.1.2 
  │ │ ├── git-sha1@0.1.2 
  │ │ └── pako@0.2.9 
  │ ├── lodash.findindex@4.6.0 
  │ ├── lodash.foreach@4.5.0 
  │ ├── lodash.get@4.4.2 
  │ └── lodash.last@3.0.0 
  └─┬ yamljs@0.3.0 
    └─┬ argparse@1.0.10 
      └── sprintf-js@1.0.3 

### accessorInvokeSSH: Running npm update @terraswarm/accessors pm2 
### accessorInvokeSSH: Creating cg/top/invoke.js
### accessorInvokeSSH: Copying the accessor to cg/top
### accessorInvokeSSH: Creating the runit.sh command in cg/top
### accessorInvokeSSH: Invoking cg/top/runit.sh   on localhost
Running top.js *once* for 15000 ms.
commonHost.js: processCommandLineArguments(): Setting timeout to stop after 15000 ms.
commonHost.js: processCommandLineArguments(): Maximum time reached. Calling stopAllAccessors().
commonHost.js: invoking wrapup() for accessor: top
All initialized accessors have wrapped up. Terminating.
All Done
### accessorInvokeSSH: ssh cg/top/runit.sh returned.
07/17/19 03:55:24
Failed: 0  Total Tests: 2  ((Passed: 2, Newly Passed: 0)  Known Failed: 0) /home/travis/build/icyphy/ptII/ptolemy/cg/kernel/generic/accessor/test
No auto/knownFailedTests/*.xml tests in /home/travis/build/icyphy/ptII/ptolemy/cg/kernel/generic/accessor/test
No auto/linux-amd64/*.xml tests in /home/travis/build/icyphy/ptII/ptolemy/cg/kernel/generic/accessor/test
AutoTests.java: About to close Vertx.
AutoTests.java: Vertx closed.

===========================================================================================
----------------- testing Wed Jul 17 15:55:24 UTC 2019 /home/travis/build/icyphy/ptII/ptolemy/cg/kernel/generic/accessor/test/auto/AccessorStatusTest.xml
----------------- Instantiating /home/travis/build/icyphy/ptII/ptolemy/cg/kernel/generic/accessor/test/auto/AccessorStatusTest.xml
JSAccessor: PT_NO_NET environment variable is set, so git pull and ptdoc are not being run.
preinitialize() finished: 18555 ms. Memory: 1199104K Free: 1003006K (84%)
Manager.initialize() finished: 30306 ms. Memory: 1454080K Free: 780104K (54%)
TextDisplayHelper: [ { utilization: 0,
    startMonitoringTime: 1563378979468,
    initialize: { count: 0, utilization: 0, latestStart: 0, latestEnd: 0 },
    react: { count: 0, utilization: 0, latestStart: 0, latestEnd: 0 },
    wrapup: { count: 0, utilization: 0, latestStart: 0, latestEnd: 0 },
    accessorName: 'monitor',
    currentMonitoringTime: 1563378980608,
    containedAccessors: [] },
  { utilization: 0.008057296329453895,
    startMonitoringTime: 1563378979520,
    initialize: { count: 0, utilization: 0, latestStart: 0, latestEnd: 0 },
    react: 
     { count: 1,
       utilization: 0.008057296329453895,
       latestStart: 1563378980509,
       latestEnd: 1563378980518 },
    wrapup: { count: 0, utilization: 0, latestStart: 0, latestEnd: 0 },
    accessorName: 'TestSpontaneous2',
    currentMonitoringTime: 1563378980637,
    containedAccessors: [] },
  { utilization: 0,
    startMonitoringTime: 1563378979572,
    initialize: { count: 0, utilization: 0, latestStart: 0, latestEnd: 0 },
    react: { count: 0, utilization: 0, latestStart: 0, latestEnd: 0 },
    wrapup: { count: 0, utilization: 0, latestStart: 0, latestEnd: 0 },
    accessorName: 'TextDisplay',
    currentMonitoringTime: 1563378980666,
    containedAccessors: [] },
  { utilization: 0.008395522388059701,
    startMonitoringTime: 1563378979615,
    initialize: { count: 0, utilization: 0, latestStart: 0, latestEnd: 0 },
    react: 
     { count: 1,
       utilization: 0.008395522388059701,
       latestStart: 1563378980570,
       latestEnd: 1563378980579 },
    wrapup: { count: 0, utilization: 0, latestStart: 0, latestEnd: 0 },
    accessorName: 'TestSpontaneous',
    currentMonitoringTime: 1563378980687,
    containedAccessors: [] },
  { utilization: 0,
    startMonitoringTime: 1563378979660,
    initialize: { count: 0, utilization: 0, latestStart: 0, latestEnd: 0 },
    react: { count: 0, utilization: 0, latestStart: 0, latestEnd: 0 },
    wrapup: { count: 0, utilization: 0, latestStart: 0, latestEnd: 0 },
    accessorName: 'JavaScriptRamp',
    currentMonitoringTime: 1563378980714,
    containedAccessors: [] },
  { utilization: 0.022482893450635387,
    startMonitoringTime: 1563378979713,
    initialize: { count: 0, utilization: 0, latestStart: 0, latestEnd: 0 },
    react: 
     { count: 1,
       utilization: 0.022482893450635387,
       latestStart: 1563378979816,
       latestEnd: 1563378979839 },
    wrapup: { count: 0, utilization: 0, latestStart: 0, latestEnd: 0 },
    accessorName: 'AccessorStatus',
    currentMonitoringTime: 1563378980736,
    containedAccessors: [] },
  { utilization: 0,
    startMonitoringTime: 1563378979763,
    initialize: { count: 0, utilization: 0, latestStart: 0, latestEnd: 0 },
    react: { count: 0, utilization: 0, latestStart: 0, latestEnd: 0 },
    wrapup: { count: 0, utilization: 0, latestStart: 0, latestEnd: 0 },
    accessorName: 'status',
    currentMonitoringTime: 1563378980762,
    containedAccessors: [] } ]
TextDisplayHelper: [ { accessorClass: 'https://accessors.org/utilities/TextDisplay.js',
    accessorName: 'monitor',
    initialized: true },
  { accessorClass: 'https://accessors.org/test/TestSpontaneous.js',
    accessorName: 'TestSpontaneous2',
    initialized: true },
  { accessorClass: 'https://accessors.org/utilities/TextDisplay.js',
    accessorName: 'TextDisplay',
    initialized: true },
  { accessorClass: 'https://accessors.org/test/TestSpontaneous.js',
    accessorName: 'TestSpontaneous',
    initialized: true },
  { accessorClass: 'JavaScript',
    accessorName: 'JavaScriptRamp',
    initialized: true },
  { accessorClass: 'https://accessors.org/trusted/AccessorStatus.js',
    accessorName: 'AccessorStatus',
    initialized: true },
  { accessorClass: 'https://accessors.org/utilities/TextDisplay.js',
    accessorName: 'status',
    initialized: true } ]
TextDisplayHelper: 1
TextDisplayHelper: [ { utilization: 0.2135265700483092,
    startMonitoringTime: 1563378979468,
    initialize: { count: 0, utilization: 0, latestStart: 0, latestEnd: 0 },
    react: 
     { count: 1,
       utilization: 0.2135265700483092,
       latestStart: 1563378981077,
       latestEnd: 1563378981740 },
    wrapup: { count: 0, utilization: 0, latestStart: 0, latestEnd: 0 },
    accessorName: 'monitor',
    currentMonitoringTime: 1563378982573,
    containedAccessors: [] },
  { utilization: 0.0029536693031019232,
    startMonitoringTime: 1563378979520,
    initialize: { count: 0, utilization: 0, latestStart: 0, latestEnd: 0 },
    react: 
     { count: 2,
       utilization: 0.0029536693031019232,
       latestStart: 1563378982555,
       latestEnd: 1563378982556 },
    wrapup: { count: 0, utilization: 0, latestStart: 0, latestEnd: 0 },
    accessorName: 'TestSpontaneous2',
    currentMonitoringTime: 1563378982581,
    containedAccessors: [] },
  { utilization: 0.05345285524568393,
    startMonitoringTime: 1563378979572,
    initialize: { count: 0, utilization: 0, latestStart: 0, latestEnd: 0 },
    react: 
     { count: 1,
       utilization: 0.05345285524568393,
       latestStart: 1563378982376,
       latestEnd: 1563378982537 },
    wrapup: { count: 0, utilization: 0, latestStart: 0, latestEnd: 0 },
    accessorName: 'TextDisplay',
    currentMonitoringTime: 1563378982584,
    containedAccessors: [] },
  { utilization: 0.003054512456194005,
    startMonitoringTime: 1563378979615,
    initialize: { count: 0, utilization: 0, latestStart: 0, latestEnd: 0 },
    react: 
     { count: 2,
       utilization: 0.003054512456194005,
       latestStart: 1563378982565,
       latestEnd: 1563378982566 },
    wrapup: { count: 0, utilization: 0, latestStart: 0, latestEnd: 0 },
    accessorName: 'TestSpontaneous',
    currentMonitoringTime: 1563378982592,
    containedAccessors: [] },
  { utilization: 0.02112436115843271,
    startMonitoringTime: 1563378979660,
    initialize: { count: 0, utilization: 0, latestStart: 0, latestEnd: 0 },
    react: 
     { count: 1,
       utilization: 0.02112436115843271,
       latestStart: 1563378980982,
       latestEnd: 1563378981044 },
    wrapup: { count: 0, utilization: 0, latestStart: 0, latestEnd: 0 },
    accessorName: 'JavaScriptRamp',
    currentMonitoringTime: 1563378982595,
    containedAccessors: [] },
  { utilization: 0.04284873514698272,
    startMonitoringTime: 1563378979713,
    initialize: { count: 0, utilization: 0, latestStart: 0, latestEnd: 0 },
    react: 
     { count: 2,
       utilization: 0.04284873514698272,
       latestStart: 1563378980839,
       latestEnd: 1563378980960 },
    wrapup: { count: 0, utilization: 0, latestStart: 0, latestEnd: 0 },
    accessorName: 'AccessorStatus',
    currentMonitoringTime: 1563378982603,
    containedAccessors: [] },
  { utilization: 0.1741731175228712,
    startMonitoringTime: 1563378979763,
    initialize: { count: 0, utilization: 0, latestStart: 0, latestEnd: 0 },
    react: 
     { count: 1,
       utilization: 0.1741731175228712,
       latestStart: 1563378981851,
       latestEnd: 1563378982346 },
    wrapup: { count: 0, utilization: 0, latestStart: 0, latestEnd: 0 },
    accessorName: 'status',
    currentMonitoringTime: 1563378982605,
    containedAccessors: [] } ]
TextDisplayHelper: [ { accessorClass: 'https://accessors.org/utilities/TextDisplay.js',
    accessorName: 'monitor',
    initialized: true },
  { accessorClass: 'https://accessors.org/test/TestSpontaneous.js',
    accessorName: 'TestSpontaneous2',
    initialized: true },
  { accessorClass: 'https://accessors.org/utilities/TextDisplay.js',
    accessorName: 'TextDisplay',
    initialized: true },
  { accessorClass: 'https://accessors.org/test/TestSpontaneous.js',
    accessorName: 'TestSpontaneous',
    initialized: true },
  { accessorClass: 'JavaScript',
    accessorName: 'JavaScriptRamp',
    initialized: true },
  { accessorClass: 'https://accessors.org/trusted/AccessorStatus.js',
    accessorName: 'AccessorStatus',
    initialized: true },
  { accessorClass: 'https://accessors.org/utilities/TextDisplay.js',
    accessorName: 'status',
    initialized: true } ]
TextDisplayHelper: 2
TextDisplayHelper: [ { utilization: 0.1662064688511573,
    startMonitoringTime: 1563378979468,
    initialize: { count: 0, utilization: 0, latestStart: 0, latestEnd: 0 },
    react: 
     { count: 2,
       utilization: 0.1662064688511573,
       latestStart: 1563378982648,
       latestEnd: 1563378982717 },
    wrapup: { count: 0, utilization: 0, latestStart: 0, latestEnd: 0 },
    accessorName: 'monitor',
    currentMonitoringTime: 1563378982802,
    containedAccessors: [] },
  { utilization: 0.0030360463004012912,
    startMonitoringTime: 1563378979520,
    initialize: { count: 0, utilization: 0, latestStart: 0, latestEnd: 0 },
    react: 
     { count: 3,
       utilization: 0.0030360463004012912,
       latestStart: 1563378982795,
       latestEnd: 1563378982796 },
    wrapup: { count: 0, utilization: 0, latestStart: 0, latestEnd: 0 },
    accessorName: 'TestSpontaneous2',
    currentMonitoringTime: 1563378982803,
    containedAccessors: [] },
  { utilization: 0.052131100186711896,
    startMonitoringTime: 1563378979572,
    initialize: { count: 0, utilization: 0, latestStart: 0, latestEnd: 0 },
    react: 
     { count: 2,
       utilization: 0.052131100186711896,
       latestStart: 1563378982778,
       latestEnd: 1563378982788 },
    wrapup: { count: 0, utilization: 0, latestStart: 0, latestEnd: 0 },
    accessorName: 'TextDisplay',
    currentMonitoringTime: 1563378982804,
    containedAccessors: [] },
  { utilization: 0.003138159278667662,
    startMonitoringTime: 1563378979615,
    initialize: { count: 0, utilization: 0, latestStart: 0, latestEnd: 0 },
    react: 
     { count: 3,
       utilization: 0.003138159278667662,
       latestStart: 1563378982799,
       latestEnd: 1563378982800 },
    wrapup: { count: 0, utilization: 0, latestStart: 0, latestEnd: 0 },
    accessorName: 'TestSpontaneous',
    currentMonitoringTime: 1563378982806,
    containedAccessors: [] },
  { utilization: 0.01056456320510835,
    startMonitoringTime: 1563378979660,
    initialize: { count: 0, utilization: 0, latestStart: 0, latestEnd: 0 },
    react: 
     { count: 2,
       utilization: 0.01056456320510835,
       latestStart: 1563378982636,
       latestEnd: 1563378982640 },
    wrapup: { count: 0, utilization: 0, latestStart: 0, latestEnd: 0 },
    accessorName: 'JavaScriptRamp',
    currentMonitoringTime: 1563378982806,
    containedAccessors: [] },
  { utilization: 0.020488492483296983,
    startMonitoringTime: 1563378979713,
    initialize: { count: 0, utilization: 0, latestStart: 0, latestEnd: 0 },
    react: 
     { count: 3,
       utilization: 0.020488492483296983,
       latestStart: 1563378982622,
       latestEnd: 1563378982632 },
    wrapup: { count: 0, utilization: 0, latestStart: 0, latestEnd: 0 },
    accessorName: 'AccessorStatus',
    currentMonitoringTime: 1563378982809,
    containedAccessors: [] },
  { utilization: 0.16209030605893546,
    startMonitoringTime: 1563378979763,
    initialize: { count: 0, utilization: 0, latestStart: 0, latestEnd: 0 },
    react: 
     { count: 2,
       utilization: 0.16209030605893546,
       latestStart: 1563378982727,
       latestEnd: 1563378982771 },
    wrapup: { count: 0, utilization: 0, latestStart: 0, latestEnd: 0 },
    accessorName: 'status',
    currentMonitoringTime: 1563378982810,
    containedAccessors: [] } ]
TextDisplayHelper: [ { accessorClass: 'https://accessors.org/utilities/TextDisplay.js',
    accessorName: 'monitor',
    initialized: true },
  { accessorClass: 'https://accessors.org/test/TestSpontaneous.js',
    accessorName: 'TestSpontaneous2',
    initialized: true },
  { accessorClass: 'https://accessors.org/utilities/TextDisplay.js',
    accessorName: 'TextDisplay',
    initialized: true },
  { accessorClass: 'https://accessors.org/test/TestSpontaneous.js',
    accessorName: 'TestSpontaneous',
    initialized: true },
  { accessorClass: 'JavaScript',
    accessorName: 'JavaScriptRamp',
    initialized: true },
  { accessorClass: 'https://accessors.org/trusted/AccessorStatus.js',
    accessorName: 'AccessorStatus',
    initialized: true },
  { accessorClass: 'https://accessors.org/utilities/TextDisplay.js',
    accessorName: 'status',
    initialized: true } ]
TextDisplayHelper: 3
TextDisplayHelper: [ { utilization: 0.1547029366272523,
    startMonitoringTime: 1563378979468,
    initialize: { count: 0, utilization: 0, latestStart: 0, latestEnd: 0 },
    react: 
     { count: 3,
       utilization: 0.1547029366272523,
       latestStart: 1563378982839,
       latestEnd: 1563378982911 },
    wrapup: { count: 0, utilization: 0, latestStart: 0, latestEnd: 0 },
    accessorName: 'monitor',
    currentMonitoringTime: 1563378983424,
    containedAccessors: [] },
  { utilization: 0.002803813442652313,
    startMonitoringTime: 1563378979520,
    initialize: { count: 0, utilization: 0, latestStart: 0, latestEnd: 0 },
    react: 
     { count: 4,
       utilization: 0.002803813442652313,
       latestStart: 1563378983421,
       latestEnd: 1563378983422 },
    wrapup: { count: 0, utilization: 0, latestStart: 0, latestEnd: 0 },
    accessorName: 'TestSpontaneous2',
    currentMonitoringTime: 1563378983424,
    containedAccessors: [] },
  { utilization: 0.04429110256954722,
    startMonitoringTime: 1563378979572,
    initialize: { count: 0, utilization: 0, latestStart: 0, latestEnd: 0 },
    react: 
     { count: 3,
       utilization: 0.04429110256954722,
       latestStart: 1563378982936,
       latestEnd: 1563378982939 },
    wrapup: { count: 0, utilization: 0, latestStart: 0, latestEnd: 0 },
    accessorName: 'TextDisplay',
    currentMonitoringTime: 1563378983425,
    containedAccessors: [] },
  { utilization: 0.0028858365623507885,
    startMonitoringTime: 1563378979615,
    initialize: { count: 0, utilization: 0, latestStart: 0, latestEnd: 0 },
    react: 
     { count: 4,
       utilization: 0.0028858365623507885,
       latestStart: 1563378983423,
       latestEnd: 1563378983424 },
    wrapup: { count: 0, utilization: 0, latestStart: 0, latestEnd: 0 },
    accessorName: 'TestSpontaneous',
    currentMonitoringTime: 1563378983425,
    containedAccessors: [] },
  { utilization: 0.008893067291161457,
    startMonitoringTime: 1563378979660,
    initialize: { count: 0, utilization: 0, latestStart: 0, latestEnd: 0 },
    react: 
     { count: 3,
       utilization: 0.008893067291161457,
       latestStart: 1563378982835,
       latestEnd: 1563378982837 },
    wrapup: { count: 0, utilization: 0, latestStart: 0, latestEnd: 0 },
    accessorName: 'JavaScriptRamp',
    currentMonitoringTime: 1563378983425,
    containedAccessors: [] },
  { utilization: 0.018805471325092644,
    startMonitoringTime: 1563378979713,
    initialize: { count: 0, utilization: 0, latestStart: 0, latestEnd: 0 },
    react: 
     { count: 4,
       utilization: 0.018805471325092644,
       latestStart: 1563378982824,
       latestEnd: 1563378982834 },
    wrapup: { count: 0, utilization: 0, latestStart: 0, latestEnd: 0 },
    accessorName: 'AccessorStatus',
    currentMonitoringTime: 1563378983425,
    containedAccessors: [] },
  { utilization: 0.13829310418380505,
    startMonitoringTime: 1563378979763,
    initialize: { count: 0, utilization: 0, latestStart: 0, latestEnd: 0 },
    react: 
     { count: 3,
       utilization: 0.13829310418380505,
       latestStart: 1563378982915,
       latestEnd: 1563378982934 },
    wrapup: { count: 0, utilization: 0, latestStart: 0, latestEnd: 0 },
    accessorName: 'status',
    currentMonitoringTime: 1563378983426,
    containedAccessors: [] } ]
TextDisplayHelper: [ { accessorClass: 'https://accessors.org/utilities/TextDisplay.js',
    accessorName: 'monitor',
    initialized: true },
  { accessorClass: 'https://accessors.org/test/TestSpontaneous.js',
    accessorName: 'TestSpontaneous2',
    initialized: true },
  { accessorClass: 'https://accessors.org/utilities/TextDisplay.js',
    accessorName: 'TextDisplay',
    initialized: true },
  { accessorClass: 'https://accessors.org/test/TestSpontaneous.js',
    accessorName: 'TestSpontaneous',
    initialized: true },
  { accessorClass: 'JavaScript',
    accessorName: 'JavaScriptRamp',
    initialized: true },
  { accessorClass: 'https://accessors.org/trusted/AccessorStatus.js',
    accessorName: 'AccessorStatus',
    initialized: true },
  { accessorClass: 'https://accessors.org/utilities/TextDisplay.js',
    accessorName: 'status',
    initialized: true } ]
TextDisplayHelper: 4
TextDisplayHelper: [ { utilization: 0.11816832340751204,
    startMonitoringTime: 1563378979468,
    initialize: { count: 0, utilization: 0, latestStart: 0, latestEnd: 0 },
    react: 
     { count: 4,
       utilization: 0.11816832340751204,
       latestStart: 1563378983437,
       latestEnd: 1563378983490 },
    wrapup: { count: 0, utilization: 0, latestStart: 0, latestEnd: 0 },
    accessorName: 'monitor',
    currentMonitoringTime: 1563378984424,
    containedAccessors: [] },
  { utilization: 0.002434845035324087,
    startMonitoringTime: 1563378979520,
    initialize: { count: 0, utilization: 0, latestStart: 0, latestEnd: 0 },
    react: 
     { count: 5,
       utilization: 0.002434845035324087,
       latestStart: 1563378984421,
       latestEnd: 1563378984422 },
    wrapup: { count: 0, utilization: 0, latestStart: 0, latestEnd: 0 },
    accessorName: 'TestSpontaneous2',
    currentMonitoringTime: 1563378984424,
    containedAccessors: [] },
  { utilization: 0.031971999660277306,
    startMonitoringTime: 1563378979572,
    initialize: { count: 0, utilization: 0, latestStart: 0, latestEnd: 0 },
    react: 
     { count: 4,
       utilization: 0.031971999660277306,
       latestStart: 1563378983517,
       latestEnd: 1563378983523 },
    wrapup: { count: 0, utilization: 0, latestStart: 0, latestEnd: 0 },
    accessorName: 'TextDisplay',
    currentMonitoringTime: 1563378984424,
    containedAccessors: [] },
  { utilization: 0.0022862211867708307,
    startMonitoringTime: 1563378979615,
    initialize: { count: 0, utilization: 0, latestStart: 0, latestEnd: 0 },
    react: 
     { count: 5,
       utilization: 0.0022862211867708307,
       latestStart: 1563378984423,
       latestEnd: 1563378984423 },
    wrapup: { count: 0, utilization: 0, latestStart: 0, latestEnd: 0 },
    accessorName: 'TestSpontaneous',
    currentMonitoringTime: 1563378984425,
    containedAccessors: [] },
  { utilization: 0.006552049220968543,
    startMonitoringTime: 1563378979660,
    initialize: { count: 0, utilization: 0, latestStart: 0, latestEnd: 0 },
    react: 
     { count: 4,
       utilization: 0.006552049220968543,
       latestStart: 1563378983434,
       latestEnd: 1563378983437 },
    wrapup: { count: 0, utilization: 0, latestStart: 0, latestEnd: 0 },
    accessorName: 'JavaScriptRamp',
    currentMonitoringTime: 1563378984430,
    containedAccessors: [] },
  { utilization: 0.013290624550691993,
    startMonitoringTime: 1563378979713,
    initialize: { count: 0, utilization: 0, latestStart: 0, latestEnd: 0 },
    react: 
     { count: 5,
       utilization: 0.013290624550691993,
       latestStart: 1563378983430,
       latestEnd: 1563378983434 },
    wrapup: { count: 0, utilization: 0, latestStart: 0, latestEnd: 0 },
    accessorName: 'AccessorStatus',
    currentMonitoringTime: 1563378984430,
    containedAccessors: [] },
  { utilization: 0.09908471151817606,
    startMonitoringTime: 1563378979763,
    initialize: { count: 0, utilization: 0, latestStart: 0, latestEnd: 0 },
    react: 
     { count: 4,
       utilization: 0.09908471151817606,
       latestStart: 1563378983492,
       latestEnd: 1563378983516 },
    wrapup: { count: 0, utilization: 0, latestStart: 0, latestEnd: 0 },
    accessorName: 'status',
    currentMonitoringTime: 1563378984431,
    containedAccessors: [] } ]
TextDisplayHelper: [ { accessorClass: 'https://accessors.org/utilities/TextDisplay.js',
    accessorName: 'monitor',
    initialized: true },
  { accessorClass: 'https://accessors.org/test/TestSpontaneous.js',
    accessorName: 'TestSpontaneous2',
    initialized: true },
  { accessorClass: 'https://accessors.org/utilities/TextDisplay.js',
    accessorName: 'TextDisplay',
    initialized: true },
  { accessorClass: 'https://accessors.org/test/TestSpontaneous.js',
    accessorName: 'TestSpontaneous',
    initialized: true },
  { accessorClass: 'JavaScript',
    accessorName: 'JavaScriptRamp',
    initialized: true },
  { accessorClass: 'https://accessors.org/trusted/AccessorStatus.js',
    accessorName: 'AccessorStatus',
    initialized: true },
  { accessorClass: 'https://accessors.org/utilities/TextDisplay.js',
    accessorName: 'status',
    initialized: true } ]
TextDisplayHelper: 5
AccessorStatus: *** Final monitoring information: (Thread[AccessorStatusTest,1,main])
AccessorStatus: { utilization: 0.1056452383744004,
  startMonitoringTime: 1563378979468,
  initialize: { count: 0, utilization: 0, latestStart: 0, latestEnd: 0 },
  react: 
   { count: 5,
     utilization: 0.1021254162180462,
     latestStart: 1563378984441,
     latestEnd: 1563378984517 },
  wrapup: 
   { count: 2,
     utilization: 0.0035198221563542053,
     latestStart: 1563378984553,
     latestEnd: 1563378984572 },
  accessorName: 'monitor',
  currentMonitoringTime: 1563378984866,
  containedAccessors: [] } (Thread[AccessorStatusTest,1,main])
AccessorStatus: { utilization: 0.007223353022065726,
  startMonitoringTime: 1563378979520,
  initialize: { count: 0, utilization: 0, latestStart: 0, latestEnd: 0 },
  react: 
   { count: 5,
     utilization: 0.0020080098188355777,
     latestStart: 1563378984421,
     latestEnd: 1563378984422 },
  wrapup: 
   { count: 2,
     utilization: 0.005215343203230148,
     latestStart: 1563378984603,
     latestEnd: 1563378984634 },
  accessorName: 'TestSpontaneous2',
  currentMonitoringTime: 1563378985464,
  containedAccessors: [] } (Thread[AccessorStatusTest,1,main])
AccessorStatus: { utilization: 0.027121952027194963,
  startMonitoringTime: 1563378979572,
  initialize: { count: 0, utilization: 0, latestStart: 0, latestEnd: 0 },
  react: 
   { count: 5,
     utilization: 0.022750734811324082,
     latestStart: 1563378984539,
     latestEnd: 1563378984548 },
  wrapup: 
   { count: 2,
     utilization: 0.00437121721587088,
     latestStart: 1563378984652,
     latestEnd: 1563378984678 },
  accessorName: 'TextDisplay',
  currentMonitoringTime: 1563378985520,
  containedAccessors: [] } (Thread[AccessorStatusTest,1,main])
AccessorStatus: { utilization: 0.0063150947808618164,
  startMonitoringTime: 1563378979615,
  initialize: { count: 0, utilization: 0, latestStart: 0, latestEnd: 0 },
  react: 
   { count: 5,
     utilization: 0.0022862211867708307,
     latestStart: 1563378984423,
     latestEnd: 1563378984423 },
  wrapup: 
   { count: 2,
     utilization: 0.004028873594090985,
     latestStart: 1563378984696,
     latestEnd: 1563378984720 },
  accessorName: 'TestSpontaneous',
  currentMonitoringTime: 1563378985572,
  containedAccessors: [] } (Thread[AccessorStatusTest,1,main])
AccessorStatus: { utilization: 0.008683854658096691,
  startMonitoringTime: 1563378979660,
  initialize: { count: 0, utilization: 0, latestStart: 0, latestEnd: 0 },
  react: 
   { count: 5,
     utilization: 0.0043207064788719895,
     latestStart: 1563378984438,
     latestEnd: 1563378984439 },
  wrapup: 
   { count: 2,
     utilization: 0.004363148179224702,
     latestStart: 1563378984737,
     latestEnd: 1563378984763 },
  accessorName: 'JavaScriptRamp',
  currentMonitoringTime: 1563378985619,
  containedAccessors: [] } (Thread[AccessorStatusTest,1,main])
AccessorStatus: { utilization: 0.15637889310136552,
  startMonitoringTime: 1563378979713,
  initialize: { count: 0, utilization: 0, latestStart: 0, latestEnd: 0 },
  react: 
   { count: 6,
     utilization: 0.008815867891281496,
     latestStart: 1563378984434,
     latestEnd: 1563378984437 },
  wrapup: 
   { count: 1,
     utilization: 0.14756302521008402,
     latestStart: 1563378984785,
     latestEnd: 0 },
  accessorName: 'AccessorStatus',
  currentMonitoringTime: 1563378985663,
  containedAccessors: [] } (Thread[AccessorStatusTest,1,main])
AccessorStatus: { utilization: 0.06558136280666356,
  startMonitoringTime: 1563378979763,
  initialize: { count: 0, utilization: 0, latestStart: 0, latestEnd: 0 },
  react: 
   { count: 5,
     utilization: 0.06558136280666356,
     latestStart: 1563378984518,
     latestEnd: 1563378984537 },
  wrapup: { count: 0, utilization: 0, latestStart: 0, latestEnd: 0 },
  accessorName: 'status',
  currentMonitoringTime: 1563378985723,
  containedAccessors: [] } (Thread[AccessorStatusTest,1,main])
36682 ms. Memory: 1454080K Free: 1026376K (71%)
----------------- Invoking toplevel() on ptolemy.moml.MoMLSimpleApplication@cc64d
----------------- Done invoking toplevel() on ptolemy.moml.MoMLSimpleApplication@cc64d
reloadAllAccessors: .AccessorStatusTest
This is the first time that the reloadAllAccessors method has been invoked in this JVM, so the the accessors repo will be checked out or updated and JSDoc invoked. Note that running the tests may end up invoking a new JVM for each directory, so the repo may be checked out or updated and JSDoc invoked more than once when the tests are run.
-------------- Reloaded accessors, but skipping rerun for now. Wed Jul 17 15:56:35 UTC 2019 /home/travis/build/icyphy/ptII/ptolemy/cg/kernel/generic/accessor/test/auto/AccessorStatusTest.xml

===========================================================================================
----------------- testing Wed Jul 17 15:56:35 UTC 2019 /home/travis/build/icyphy/ptII/ptolemy/cg/kernel/generic/accessor/test/auto/RampJSDisplay.xml
----------------- Instantiating /home/travis/build/icyphy/ptII/ptolemy/cg/kernel/generic/accessor/test/auto/RampJSDisplay.xml
TextDisplayHelper: 1
TextDisplayHelper: 2
TextDisplayHelper: 3
TextDisplayHelper: 4
TextDisplayHelper: 5
14693 ms. Memory: 1454080K Free: 520909K (36%)
----------------- Invoking toplevel() on ptolemy.moml.MoMLSimpleApplication@d12b3cc
----------------- Done invoking toplevel() on ptolemy.moml.MoMLSimpleApplication@d12b3cc
reloadAllAccessors: .RampJSDisplay
-------------- Reloaded accessors, but skipping rerun for now. Wed Jul 17 15:56:57 UTC 2019 /home/travis/build/icyphy/ptII/ptolemy/cg/kernel/generic/accessor/test/auto/RampJSDisplay.xml

===========================================================================================
----------------- testing Wed Jul 17 15:56:57 UTC 2019 /home/travis/build/icyphy/ptII/ptolemy/cg/kernel/generic/accessor/test/auto/RampJSInspect.xml
----------------- Instantiating /home/travis/build/icyphy/ptII/ptolemy/cg/kernel/generic/accessor/test/auto/RampJSInspect.xml
Manager.initialize() finished: 15187 ms. Memory: 1454080K Free: 510464K (35%)
19273 ms. Memory: 1454080K Free: 419838K (29%)
----------------- Invoking toplevel() on ptolemy.moml.MoMLSimpleApplication@9d922af
----------------- Done invoking toplevel() on ptolemy.moml.MoMLSimpleApplication@9d922af
reloadAllAccessors: .RampJSInspect
-------------- Reloaded accessors, but skipping rerun for now. Wed Jul 17 15:57:30 UTC 2019 /home/travis/build/icyphy/ptII/ptolemy/cg/kernel/generic/accessor/test/auto/RampJSInspect.xml

===========================================================================================
----------------- testing Wed Jul 17 15:57:30 UTC 2019 /home/travis/build/icyphy/ptII/ptolemy/cg/kernel/generic/accessor/test/auto/RampJSTest.xml
----------------- Instantiating /home/travis/build/icyphy/ptII/ptolemy/cg/kernel/generic/accessor/test/auto/RampJSTest.xml
Manager.initialize() finished: 10473 ms. Memory: 1642496K Free: 1265801K (77%)
14520 ms. Memory: 1642496K Free: 1206409K (73%)
----------------- Invoking toplevel() on ptolemy.moml.MoMLSimpleApplication@6b07a7b9
----------------- Done invoking toplevel() on ptolemy.moml.MoMLSimpleApplication@6b07a7b9
reloadAllAccessors: .RampJSTest
-------------- Reloaded accessors, but skipping rerun for now. Wed Jul 17 15:57:54 UTC 2019 /home/travis/build/icyphy/ptII/ptolemy/cg/kernel/generic/accessor/test/auto/RampJSTest.xml

===========================================================================================
----------------- testing Wed Jul 17 15:57:54 UTC 2019 /home/travis/build/icyphy/ptII/ptolemy/cg/kernel/generic/accessor/test/auto/RampJSTextDisplay.xml
----------------- Instantiating /home/travis/build/icyphy/ptII/ptolemy/cg/kernel/generic/accessor/test/auto/RampJSTextDisplay.xml
Manager.initialize() finished: 14214 ms. Memory: 1822720K Free: 625664K (34%)
TextDisplayHelper: 1
TextDisplayHelper: 2
TextDisplayHelper: 3
TextDisplayHelper: 4
TextDisplayHelper: 5
19276 ms. Memory: 1822720K Free: 535552K (29%)
----------------- Invoking toplevel() on ptolemy.moml.MoMLSimpleApplication@7c0e3fb6
----------------- Done invoking toplevel() on ptolemy.moml.MoMLSimpleApplication@7c0e3fb6
reloadAllAccessors: .RampJSTextDisplay
-------------- Reloaded accessors, but skipping rerun for now. Wed Jul 17 15:58:27 UTC 2019 /home/travis/build/icyphy/ptII/ptolemy/cg/kernel/generic/accessor/test/auto/RampJSTextDisplay.xml

===========================================================================================
----------------- testing Wed Jul 17 15:58:27 UTC 2019 /home/travis/build/icyphy/ptII/ptolemy/cg/kernel/generic/accessor/test/auto/TestComposite.xml
----------------- Instantiating /home/travis/build/icyphy/ptII/ptolemy/cg/kernel/generic/accessor/test/auto/TestComposite.xml
7739 ms. Memory: 1822720K Free: 937979K (51%)
----------------- Invoking toplevel() on ptolemy.moml.MoMLSimpleApplication@68cc8df7
----------------- Done invoking toplevel() on ptolemy.moml.MoMLSimpleApplication@68cc8df7
reloadAllAccessors: .TestComposite
-------------- Reloaded accessors, but skipping rerun for now. Wed Jul 17 15:58:40 UTC 2019 /home/travis/build/icyphy/ptII/ptolemy/cg/kernel/generic/accessor/test/auto/TestComposite.xml
AutoTests.java: About to close Vertx.
AutoTests.java: Vertx closed.
]]></system-out>
  <system-err><![CDATA[Warning: Nashorn engine is planned to be removed from a future JDK release
Warning: Nashorn engine is planned to be removed from a future JDK release
Warning: Nashorn engine is planned to be removed from a future JDK release
Warning: Nashorn engine is planned to be removed from a future JDK release
Warning: Nashorn engine is planned to be removed from a future JDK release
Warning: Nashorn engine is planned to be removed from a future JDK release
Warning: Nashorn engine is planned to be removed from a future JDK release
Warning: Nashorn engine is planned to be removed from a future JDK release
Warning: Nashorn engine is planned to be removed from a future JDK release
Warning: Nashorn engine is planned to be removed from a future JDK release
Warning: Nashorn engine is planned to be removed from a future JDK release
Warning: Nashorn engine is planned to be removed from a future JDK release
Warning: Nashorn engine is planned to be removed from a future JDK release
Warning: Nashorn engine is planned to be removed from a future JDK release
Warning: Nashorn engine is planned to be removed from a future JDK release
Warning: Nashorn engine is planned to be removed from a future JDK release
Warning: Nashorn engine is planned to be removed from a future JDK release
Warning: Nashorn engine is planned to be removed from a future JDK release
Warning: Nashorn engine is planned to be removed from a future JDK release
Warning: Nashorn engine is planned to be removed from a future JDK release
Warning: Nashorn engine is planned to be removed from a future JDK release
Warning: Nashorn engine is planned to be removed from a future JDK release
Warning: Nashorn engine is planned to be removed from a future JDK release
Warning: Nashorn engine is planned to be removed from a future JDK release
Warning: Nashorn engine is planned to be removed from a future JDK release
Warning: Nashorn engine is planned to be removed from a future JDK release
Warning: Nashorn engine is planned to be removed from a future JDK release
Warning: Nashorn engine is planned to be removed from a future JDK release
Warning: Nashorn engine is planned to be removed from a future JDK release
Warning: Nashorn engine is planned to be removed from a future JDK release
Warning: Nashorn engine is planned to be removed from a future JDK release
Warning: Nashorn engine is planned to be removed from a future JDK release
Warning: Nashorn engine is planned to be removed from a future JDK release
Warning: Nashorn engine is planned to be removed from a future JDK release
Warning: Nashorn engine is planned to be removed from a future JDK release
Warning: Nashorn engine is planned to be removed from a future JDK release
Warning: Nashorn engine is planned to be removed from a future JDK release
Warning: Nashorn engine is planned to be removed from a future JDK release
Warning: Nashorn engine is planned to be removed from a future JDK release
Warning: Nashorn engine is planned to be removed from a future JDK release
Warning: Nashorn engine is planned to be removed from a future JDK release
Warning: Nashorn engine is planned to be removed from a future JDK release
Warning: Nashorn engine is planned to be removed from a future JDK release
Warning: Nashorn engine is planned to be removed from a future JDK release
Warning: Nashorn engine is planned to be removed from a future JDK release
Warning: Nashorn engine is planned to be removed from a future JDK release
Warning: Nashorn engine is planned to be removed from a future JDK release
Warning: Nashorn engine is planned to be removed from a future JDK release
Warning: Nashorn engine is planned to be removed from a future JDK release
Warning: Nashorn engine is planned to be removed from a future JDK release
Warning: Nashorn engine is planned to be removed from a future JDK release
Warning: Nashorn engine is planned to be removed from a future JDK release
Warning: Nashorn engine is planned to be removed from a future JDK release
Warning: Nashorn engine is planned to be removed from a future JDK release
Warning: Nashorn engine is planned to be removed from a future JDK release
Warning: Nashorn engine is planned to be removed from a future JDK release
WARNING: TestSpontaneous2: Model stopped before executing actions (e.g. producing outputs) scheduled for execution at times [6.0]
WARNING: TestSpontaneous: Model stopped before executing actions (e.g. producing outputs) scheduled for execution at times [6.0]
WARNING: AccessorStatus: Model stopped before executing actions (e.g. producing outputs) scheduled for execution at times [6.0]
Warning: Nashorn engine is planned to be removed from a future JDK release
Warning: Nashorn engine is planned to be removed from a future JDK release
Warning: Nashorn engine is planned to be removed from a future JDK release
Warning: Nashorn engine is planned to be removed from a future JDK release
Warning: Nashorn engine is planned to be removed from a future JDK release
Warning: Nashorn engine is planned to be removed from a future JDK release
Warning: Nashorn engine is planned to be removed from a future JDK release
Warning: Nashorn engine is planned to be removed from a future JDK release
Warning: Nashorn engine is planned to be removed from a future JDK release
Warning: Nashorn engine is planned to be removed from a future JDK release
Warning: Nashorn engine is planned to be removed from a future JDK release
Warning: Nashorn engine is planned to be removed from a future JDK release
Warning: Nashorn engine is planned to be removed from a future JDK release
Warning: Nashorn engine is planned to be removed from a future JDK release
Warning: Nashorn engine is planned to be removed from a future JDK release
Warning: Nashorn engine is planned to be removed from a future JDK release
Warning: Nashorn engine is planned to be removed from a future JDK release
Warning: Nashorn engine is planned to be removed from a future JDK release
Warning: Nashorn engine is planned to be removed from a future JDK release
Warning: Nashorn engine is planned to be removed from a future JDK release
Warning: Nashorn engine is planned to be removed from a future JDK release
Warning: Nashorn engine is planned to be removed from a future JDK release
Warning: Nashorn engine is planned to be removed from a future JDK release
Warning: Nashorn engine is planned to be removed from a future JDK release
Warning: Nashorn engine is planned to be removed from a future JDK release
Warning: Nashorn engine is planned to be removed from a future JDK release
Warning: Nashorn engine is planned to be removed from a future JDK release
Warning: Nashorn engine is planned to be removed from a future JDK release
Warning: Nashorn engine is planned to be removed from a future JDK release
Warning: Nashorn engine is planned to be removed from a future JDK release
Warning: Nashorn engine is planned to be removed from a future JDK release
Warning: Nashorn engine is planned to be removed from a future JDK release
Warning: Nashorn engine is planned to be removed from a future JDK release
Warning: Nashorn engine is planned to be removed from a future JDK release
Warning: Nashorn engine is planned to be removed from a future JDK release
Warning: Nashorn engine is planned to be removed from a future JDK release
WARNING: TestSpontaneous: Model stopped before executing actions (e.g. producing outputs) scheduled for execution at times [6.0]
Warning: Nashorn engine is planned to be removed from a future JDK release
Warning: Nashorn engine is planned to be removed from a future JDK release
Warning: Nashorn engine is planned to be removed from a future JDK release
Warning: Nashorn engine is planned to be removed from a future JDK release
Warning: Nashorn engine is planned to be removed from a future JDK release
Warning: Nashorn engine is planned to be removed from a future JDK release
Warning: Nashorn engine is planned to be removed from a future JDK release
Warning: Nashorn engine is planned to be removed from a future JDK release
Warning: Nashorn engine is planned to be removed from a future JDK release
Warning: Nashorn engine is planned to be removed from a future JDK release
Warning: Nashorn engine is planned to be removed from a future JDK release
Warning: Nashorn engine is planned to be removed from a future JDK release
Warning: Nashorn engine is planned to be removed from a future JDK release
Warning: Nashorn engine is planned to be removed from a future JDK release
Warning: Nashorn engine is planned to be removed from a future JDK release
Warning: Nashorn engine is planned to be removed from a future JDK release
Warning: Nashorn engine is planned to be removed from a future JDK release
Warning: Nashorn engine is planned to be removed from a future JDK release
Warning: Nashorn engine is planned to be removed from a future JDK release
Warning: Nashorn engine is planned to be removed from a future JDK release
Warning: Nashorn engine is planned to be removed from a future JDK release
Warning: Nashorn engine is planned to be removed from a future JDK release
Warning: Nashorn engine is planned to be removed from a future JDK release
Warning: Nashorn engine is planned to be removed from a future JDK release
Warning: Nashorn engine is planned to be removed from a future JDK release
Warning: Nashorn engine is planned to be removed from a future JDK release
Warning: Nashorn engine is planned to be removed from a future JDK release
Warning: Nashorn engine is planned to be removed from a future JDK release
Warning: Nashorn engine is planned to be removed from a future JDK release
Warning: Nashorn engine is planned to be removed from a future JDK release
Warning: Nashorn engine is planned to be removed from a future JDK release
Warning: Nashorn engine is planned to be removed from a future JDK release
Warning: Nashorn engine is planned to be removed from a future JDK release
Warning: Nashorn engine is planned to be removed from a future JDK release
Warning: Nashorn engine is planned to be removed from a future JDK release
Warning: Nashorn engine is planned to be removed from a future JDK release
Warning: Nashorn engine is planned to be removed from a future JDK release
Warning: Nashorn engine is planned to be removed from a future JDK release
Warning: Nashorn engine is planned to be removed from a future JDK release
Warning: Nashorn engine is planned to be removed from a future JDK release
Warning: Nashorn engine is planned to be removed from a future JDK release
Warning: Nashorn engine is planned to be removed from a future JDK release
Warning: Nashorn engine is planned to be removed from a future JDK release
Warning: Nashorn engine is planned to be removed from a future JDK release
WARNING: TestSpontaneous: Model stopped before executing actions (e.g. producing outputs) scheduled for execution at times [5.0]
Warning: Nashorn engine is planned to be removed from a future JDK release
Warning: Nashorn engine is planned to be removed from a future JDK release
Warning: Nashorn engine is planned to be removed from a future JDK release
Warning: Nashorn engine is planned to be removed from a future JDK release
Warning: Nashorn engine is planned to be removed from a future JDK release
Warning: Nashorn engine is planned to be removed from a future JDK release
Warning: Nashorn engine is planned to be removed from a future JDK release
Warning: Nashorn engine is planned to be removed from a future JDK release
Warning: Nashorn engine is planned to be removed from a future JDK release
Warning: Nashorn engine is planned to be removed from a future JDK release
Warning: Nashorn engine is planned to be removed from a future JDK release
Warning: Nashorn engine is planned to be removed from a future JDK release
Warning: Nashorn engine is planned to be removed from a future JDK release
Warning: Nashorn engine is planned to be removed from a future JDK release
Warning: Nashorn engine is planned to be removed from a future JDK release
Warning: Nashorn engine is planned to be removed from a future JDK release
Warning: Nashorn engine is planned to be removed from a future JDK release
Warning: Nashorn engine is planned to be removed from a future JDK release
Warning: Nashorn engine is planned to be removed from a future JDK release
Warning: Nashorn engine is planned to be removed from a future JDK release
Warning: Nashorn engine is planned to be removed from a future JDK release
Warning: Nashorn engine is planned to be removed from a future JDK release
Warning: Nashorn engine is planned to be removed from a future JDK release
Warning: Nashorn engine is planned to be removed from a future JDK release
Warning: Nashorn engine is planned to be removed from a future JDK release
Warning: Nashorn engine is planned to be removed from a future JDK release
Warning: Nashorn engine is planned to be removed from a future JDK release
Warning: Nashorn engine is planned to be removed from a future JDK release
Warning: Nashorn engine is planned to be removed from a future JDK release
Warning: Nashorn engine is planned to be removed from a future JDK release
Warning: Nashorn engine is planned to be removed from a future JDK release
Warning: Nashorn engine is planned to be removed from a future JDK release
Warning: Nashorn engine is planned to be removed from a future JDK release
Warning: Nashorn engine is planned to be removed from a future JDK release
Warning: Nashorn engine is planned to be removed from a future JDK release
Warning: Nashorn engine is planned to be removed from a future JDK release
Warning: Nashorn engine is planned to be removed from a future JDK release
Warning: Nashorn engine is planned to be removed from a future JDK release
WARNING: TestSpontaneous: Model stopped before executing actions (e.g. producing outputs) scheduled for execution at times [5.0]
Warning: Nashorn engine is planned to be removed from a future JDK release
Warning: Nashorn engine is planned to be removed from a future JDK release
Warning: Nashorn engine is planned to be removed from a future JDK release
Warning: Nashorn engine is planned to be removed from a future JDK release
Warning: Nashorn engine is planned to be removed from a future JDK release
Warning: Nashorn engine is planned to be removed from a future JDK release
Warning: Nashorn engine is planned to be removed from a future JDK release
Warning: Nashorn engine is planned to be removed from a future JDK release
Warning: Nashorn engine is planned to be removed from a future JDK release
Warning: Nashorn engine is planned to be removed from a future JDK release
Warning: Nashorn engine is planned to be removed from a future JDK release
Warning: Nashorn engine is planned to be removed from a future JDK release
Warning: Nashorn engine is planned to be removed from a future JDK release
Warning: Nashorn engine is planned to be removed from a future JDK release
Warning: Nashorn engine is planned to be removed from a future JDK release
Warning: Nashorn engine is planned to be removed from a future JDK release
Warning: Nashorn engine is planned to be removed from a future JDK release
Warning: Nashorn engine is planned to be removed from a future JDK release
Warning: Nashorn engine is planned to be removed from a future JDK release
Warning: Nashorn engine is planned to be removed from a future JDK release
Warning: Nashorn engine is planned to be removed from a future JDK release
Warning: Nashorn engine is planned to be removed from a future JDK release
Warning: Nashorn engine is planned to be removed from a future JDK release
Warning: Nashorn engine is planned to be removed from a future JDK release
Warning: Nashorn engine is planned to be removed from a future JDK release
Warning: Nashorn engine is planned to be removed from a future JDK release
Warning: Nashorn engine is planned to be removed from a future JDK release
Warning: Nashorn engine is planned to be removed from a future JDK release
Warning: Nashorn engine is planned to be removed from a future JDK release
Warning: Nashorn engine is planned to be removed from a future JDK release
Warning: Nashorn engine is planned to be removed from a future JDK release
Warning: Nashorn engine is planned to be removed from a future JDK release
Warning: Nashorn engine is planned to be removed from a future JDK release
Warning: Nashorn engine is planned to be removed from a future JDK release
Warning: Nashorn engine is planned to be removed from a future JDK release
Warning: Nashorn engine is planned to be removed from a future JDK release
Warning: Nashorn engine is planned to be removed from a future JDK release
Warning: Nashorn engine is planned to be removed from a future JDK release
Warning: Nashorn engine is planned to be removed from a future JDK release
Warning: Nashorn engine is planned to be removed from a future JDK release
Warning: Nashorn engine is planned to be removed from a future JDK release
Warning: Nashorn engine is planned to be removed from a future JDK release
Warning: Nashorn engine is planned to be removed from a future JDK release
Warning: Nashorn engine is planned to be removed from a future JDK release
Warning: Nashorn engine is planned to be removed from a future JDK release
Warning: Nashorn engine is planned to be removed from a future JDK release
WARNING: TestSpontaneous: Model stopped before executing actions (e.g. producing outputs) scheduled for execution at times [6.0]
Warning: Nashorn engine is planned to be removed from a future JDK release
Warning: Nashorn engine is planned to be removed from a future JDK release
Warning: Nashorn engine is planned to be removed from a future JDK release
Warning: Nashorn engine is planned to be removed from a future JDK release
Warning: Nashorn engine is planned to be removed from a future JDK release
Warning: Nashorn engine is planned to be removed from a future JDK release
Warning: Nashorn engine is planned to be removed from a future JDK release
Warning: Nashorn engine is planned to be removed from a future JDK release
Warning: Nashorn engine is planned to be removed from a future JDK release
Warning: Nashorn engine is planned to be removed from a future JDK release
Warning: Nashorn engine is planned to be removed from a future JDK release
Warning: Nashorn engine is planned to be removed from a future JDK release
Warning: Nashorn engine is planned to be removed from a future JDK release
Warning: Nashorn engine is planned to be removed from a future JDK release
Warning: Nashorn engine is planned to be removed from a future JDK release
Warning: Nashorn engine is planned to be removed from a future JDK release
Warning: Nashorn engine is planned to be removed from a future JDK release
Warning: Nashorn engine is planned to be removed from a future JDK release
Warning: Nashorn engine is planned to be removed from a future JDK release
Warning: Nashorn engine is planned to be removed from a future JDK release
Warning: Nashorn engine is planned to be removed from a future JDK release
Warning: Nashorn engine is planned to be removed from a future JDK release
Warning: Nashorn engine is planned to be removed from a future JDK release
Warning: Nashorn engine is planned to be removed from a future JDK release
Warning: Nashorn engine is planned to be removed from a future JDK release
Warning: Nashorn engine is planned to be removed from a future JDK release
Warning: Nashorn engine is planned to be removed from a future JDK release
Warning: Nashorn engine is planned to be removed from a future JDK release
]]></system-err>
</testsuite>
