<?xml version="1.0" encoding="UTF-8" ?>
<testsuite errors="0" failures="0" hostname="travis-job-864f3f1f-b01e-48f5-a941-f1f5abde4f27" name="ptolemy.domains.de.test.junit.JUnitTclTest" skipped="0" tests="101" time="124.751" timestamp="2020-08-30T15:34:10">
  <properties>
[...]
</properties>
  <testcase classname="ptolemy.util.test.junit.TclTests" name="[0] /home/travis/build/icyphy/ptII/ptolemy/domains/de/test/DependencyLoop.tcl (RunTclFile)" time="1.081" />
  <testcase classname="ptolemy.util.test.junit.TclTests" name="[1] /home/travis/build/icyphy/ptII/ptolemy/domains/de/test/RunDETestsAsQSS.tcl (RunTclFile)" time="84.819" />
  <testcase classname="ptolemy.util.test.junit.AutoKnownFailedTests" name="[0] /home/travis/build/icyphy/ptII/ptolemy/domains/de/test/auto/knownFailedTests/DESDFClockTest.xml (RunModel)" time="2.059" />
  <testcase classname="ptolemy.util.test.junit.AutoKnownFailedTests" name="[1] /home/travis/build/icyphy/ptII/ptolemy/domains/de/test/auto/knownFailedTests/DirectFeedback.xml (RunModel)" time="0.016" />
  <testcase classname="ptolemy.util.test.junit.AutoKnownFailedTests" name="[2] /home/travis/build/icyphy/ptII/ptolemy/domains/de/test/auto/knownFailedTests/FSMSource.xml (RunModel)" time="0.025" />
  <testcase classname="ptolemy.util.test.junit.AutoKnownFailedTests" name="[3] /home/travis/build/icyphy/ptII/ptolemy/domains/de/test/auto/knownFailedTests/HierarchicalModel.xml (RunModel)" time="0.043" />
  <testcase classname="ptolemy.util.test.junit.AutoKnownFailedTests" name="[4] /home/travis/build/icyphy/ptII/ptolemy/domains/de/test/auto/knownFailedTests/dependencyLoop.xml (RunModel)" time="0.035" />
  <testcase classname="ptolemy.util.test.junit.AutoKnownFailedTests" name="[5] /home/travis/build/icyphy/ptII/ptolemy/domains/de/test/auto/knownFailedTests/dependencyLoop2.xml (RunModel)" time="0.049" />
  <testcase classname="ptolemy.util.test.junit.AutoNameArchTests" name="[0] ThereAreNoAutoArchTests (RunModel)" time="0.002" />
  <testcase classname="ptolemy.util.test.junit.AutoTests" name="[0] /home/travis/build/icyphy/ptII/ptolemy/domains/de/test/auto/ActorDepthCalculation_actorWithoutPorts.xml (RunModel)" time="0.02" />
  <testcase classname="ptolemy.util.test.junit.AutoTests" name="[1] /home/travis/build/icyphy/ptII/ptolemy/domains/de/test/auto/AssemblyLine.xml (RunModel)" time="0.029" />
  <testcase classname="ptolemy.util.test.junit.AutoTests" name="[2] /home/travis/build/icyphy/ptII/ptolemy/domains/de/test/auto/CQBug1.xml (RunModel)" time="0.01" />
  <testcase classname="ptolemy.util.test.junit.AutoTests" name="[3] /home/travis/build/icyphy/ptII/ptolemy/domains/de/test/auto/CancelFireAt.xml (RunModel)" time="0.017" />
  <testcase classname="ptolemy.util.test.junit.AutoTests" name="[4] /home/travis/build/icyphy/ptII/ptolemy/domains/de/test/auto/CausalityAndComposabilityAnalysis.xml (RunModel)" time="0.012" />
  <testcase classname="ptolemy.util.test.junit.AutoTests" name="[5] /home/travis/build/icyphy/ptII/ptolemy/domains/de/test/auto/CausalityInterface1.xml (RunModel)" time="0.022" />
  <testcase classname="ptolemy.util.test.junit.AutoTests" name="[6] /home/travis/build/icyphy/ptII/ptolemy/domains/de/test/auto/CausalityInterface15.xml (RunModel)" time="0.017" />
  <testcase classname="ptolemy.util.test.junit.AutoTests" name="[7] /home/travis/build/icyphy/ptII/ptolemy/domains/de/test/auto/CausalityInterface2.xml (RunModel)" time="0.015" />
  <testcase classname="ptolemy.util.test.junit.AutoTests" name="[8] /home/travis/build/icyphy/ptII/ptolemy/domains/de/test/auto/CausalityInterface3.xml (RunModel)" time="0.014" />
  <testcase classname="ptolemy.util.test.junit.AutoTests" name="[9] /home/travis/build/icyphy/ptII/ptolemy/domains/de/test/auto/ClockDrift.xml (RunModel)" time="0.037" />
  <testcase classname="ptolemy.util.test.junit.AutoTests" name="[10] /home/travis/build/icyphy/ptII/ptolemy/domains/de/test/auto/ClockDriftAndValueChange.xml (RunModel)" time="0.032" />
  <testcase classname="ptolemy.util.test.junit.AutoTests" name="[11] /home/travis/build/icyphy/ptII/ptolemy/domains/de/test/auto/ClockDriftChange.xml (RunModel)" time="0.039" />
  <testcase classname="ptolemy.util.test.junit.AutoTests" name="[12] /home/travis/build/icyphy/ptII/ptolemy/domains/de/test/auto/ComposableCausalityAnalysis.xml (RunModel)" time="0.015" />
  <testcase classname="ptolemy.util.test.junit.AutoTests" name="[13] /home/travis/build/icyphy/ptII/ptolemy/domains/de/test/auto/DEFixedPointLimitation.xml (RunModel)" time="0.015" />
  <testcase classname="ptolemy.util.test.junit.AutoTests" name="[14] /home/travis/build/icyphy/ptII/ptolemy/domains/de/test/auto/DEScheduleTest.xml (RunModel)" time="0.017" />
  <testcase classname="ptolemy.util.test.junit.AutoTests" name="[15] /home/travis/build/icyphy/ptII/ptolemy/domains/de/test/auto/DEinDEwithStartTimes.xml (RunModel)" time="0.015" />
  <testcase classname="ptolemy.util.test.junit.AutoTests" name="[16] /home/travis/build/icyphy/ptII/ptolemy/domains/de/test/auto/DEinDEwithStartTimes2.xml (RunModel)" time="0.021" />
  <testcase classname="ptolemy.util.test.junit.AutoTests" name="[17] /home/travis/build/icyphy/ptII/ptolemy/domains/de/test/auto/DateDemo.xml (RunModel)" time="0.032" />
  <testcase classname="ptolemy.util.test.junit.AutoTests" name="[18] /home/travis/build/icyphy/ptII/ptolemy/domains/de/test/auto/DateToEvent.xml (RunModel)" time="2.039" />
  <testcase classname="ptolemy.util.test.junit.AutoTests" name="[19] /home/travis/build/icyphy/ptII/ptolemy/domains/de/test/auto/DepthTest1.xml (RunModel)" time="0.014" />
  <testcase classname="ptolemy.util.test.junit.AutoTests" name="[20] /home/travis/build/icyphy/ptII/ptolemy/domains/de/test/auto/DepthTest2.xml (RunModel)" time="0.025" />
  <testcase classname="ptolemy.util.test.junit.AutoTests" name="[21] /home/travis/build/icyphy/ptII/ptolemy/domains/de/test/auto/DepthTest3.xml (RunModel)" time="0.014" />
  <testcase classname="ptolemy.util.test.junit.AutoTests" name="[22] /home/travis/build/icyphy/ptII/ptolemy/domains/de/test/auto/DepthTest4.xml (RunModel)" time="0.02" />
  <testcase classname="ptolemy.util.test.junit.AutoTests" name="[23] /home/travis/build/icyphy/ptII/ptolemy/domains/de/test/auto/DepthTest5.xml (RunModel)" time="0.016" />
  <testcase classname="ptolemy.util.test.junit.AutoTests" name="[24] /home/travis/build/icyphy/ptII/ptolemy/domains/de/test/auto/DepthTest6.xml (RunModel)" time="0.013" />
  <testcase classname="ptolemy.util.test.junit.AutoTests" name="[25] /home/travis/build/icyphy/ptII/ptolemy/domains/de/test/auto/DepthTest7.xml (RunModel)" time="0.018" />
  <testcase classname="ptolemy.util.test.junit.AutoTests" name="[26] /home/travis/build/icyphy/ptII/ptolemy/domains/de/test/auto/EventToDate.xml (RunModel)" time="3.041" />
  <testcase classname="ptolemy.util.test.junit.AutoTests" name="[27] /home/travis/build/icyphy/ptII/ptolemy/domains/de/test/auto/FSM1.xml (RunModel)" time="0.048" />
  <testcase classname="ptolemy.util.test.junit.AutoTests" name="[28] /home/travis/build/icyphy/ptII/ptolemy/domains/de/test/auto/FSM7.xml (RunModel)" time="0.039" />
  <testcase classname="ptolemy.util.test.junit.AutoTests" name="[29] /home/travis/build/icyphy/ptII/ptolemy/domains/de/test/auto/Inspection.xml (RunModel)" time="0.045" />
  <testcase classname="ptolemy.util.test.junit.AutoTests" name="[30] /home/travis/build/icyphy/ptII/ptolemy/domains/de/test/auto/Iteration.xml (RunModel)" time="0.023" />
  <testcase classname="ptolemy.util.test.junit.AutoTests" name="[31] /home/travis/build/icyphy/ptII/ptolemy/domains/de/test/auto/LineFault.xml (RunModel)" time="0.543" />
  <testcase classname="ptolemy.util.test.junit.AutoTests" name="[32] /home/travis/build/icyphy/ptII/ptolemy/domains/de/test/auto/MergeModel1Add.xml (RunModel)" time="0.051" />
  <testcase classname="ptolemy.util.test.junit.AutoTests" name="[33] /home/travis/build/icyphy/ptII/ptolemy/domains/de/test/auto/MergeModel2Add.xml (RunModel)" time="0.043" />
  <testcase classname="ptolemy.util.test.junit.AutoTests" name="[34] /home/travis/build/icyphy/ptII/ptolemy/domains/de/test/auto/MergeModel3Add.xml (RunModel)" time="0.045" />
  <testcase classname="ptolemy.util.test.junit.AutoTests" name="[35] /home/travis/build/icyphy/ptII/ptolemy/domains/de/test/auto/MergeWithoutDiscard.xml (RunModel)" time="0.012" />
  <testcase classname="ptolemy.util.test.junit.AutoTests" name="[36] /home/travis/build/icyphy/ptII/ptolemy/domains/de/test/auto/Modal1.xml (RunModel)" time="0.036" />
  <testcase classname="ptolemy.util.test.junit.AutoTests" name="[37] /home/travis/build/icyphy/ptII/ptolemy/domains/de/test/auto/Modal2.xml (RunModel)" time="0.03" />
  <testcase classname="ptolemy.util.test.junit.AutoTests" name="[38] /home/travis/build/icyphy/ptII/ptolemy/domains/de/test/auto/Modal3.xml (RunModel)" time="0.029" />
  <testcase classname="ptolemy.util.test.junit.AutoTests" name="[39] /home/travis/build/icyphy/ptII/ptolemy/domains/de/test/auto/Modal4.xml (RunModel)" time="0.031" />
  <testcase classname="ptolemy.util.test.junit.AutoTests" name="[40] /home/travis/build/icyphy/ptII/ptolemy/domains/de/test/auto/Modal5.xml (RunModel)" time="0.037" />
  <testcase classname="ptolemy.util.test.junit.AutoTests" name="[41] /home/travis/build/icyphy/ptII/ptolemy/domains/de/test/auto/Modal6.xml (RunModel)" time="0.025" />
  <testcase classname="ptolemy.util.test.junit.AutoTests" name="[42] /home/travis/build/icyphy/ptII/ptolemy/domains/de/test/auto/Modal7.xml (RunModel)" time="0.033" />
  <testcase classname="ptolemy.util.test.junit.AutoTests" name="[43] /home/travis/build/icyphy/ptII/ptolemy/domains/de/test/auto/ModalModel.xml (RunModel)" time="0.169" />
  <testcase classname="ptolemy.util.test.junit.AutoTests" name="[44] /home/travis/build/icyphy/ptII/ptolemy/domains/de/test/auto/ModalSource.xml (RunModel)" time="0.021" />
  <testcase classname="ptolemy.util.test.junit.AutoTests" name="[45] /home/travis/build/icyphy/ptII/ptolemy/domains/de/test/auto/NonInterruptibleTimerZeroDelay.xml (RunModel)" time="0.011" />
  <testcase classname="ptolemy.util.test.junit.AutoTests" name="[46] /home/travis/build/icyphy/ptII/ptolemy/domains/de/test/auto/OpenQueueingNetwork.xml (RunModel)" time="2.314" />
  <testcase classname="ptolemy.util.test.junit.AutoTests" name="[47] /home/travis/build/icyphy/ptII/ptolemy/domains/de/test/auto/OpenQueuingNetwork.xml (RunModel)" time="0.27" />
  <testcase classname="ptolemy.util.test.junit.AutoTests" name="[48] /home/travis/build/icyphy/ptII/ptolemy/domains/de/test/auto/PeriodicSampler.xml (RunModel)" time="0.014" />
  <testcase classname="ptolemy.util.test.junit.AutoTests" name="[49] /home/travis/build/icyphy/ptII/ptolemy/domains/de/test/auto/PersistentIO.xml (RunModel)" time="0.025" />
  <testcase classname="ptolemy.util.test.junit.AutoTests" name="[50] /home/travis/build/icyphy/ptII/ptolemy/domains/de/test/auto/PortParameterResetOnInitialize.xml (RunModel)" time="0.009" />
  <testcase classname="ptolemy.util.test.junit.AutoTests" name="[51] /home/travis/build/icyphy/ptII/ptolemy/domains/de/test/auto/PortParameterUpdates.xml (RunModel)" time="0.015" />
  <testcase classname="ptolemy.util.test.junit.AutoTests" name="[52] /home/travis/build/icyphy/ptII/ptolemy/domains/de/test/auto/QueueAndServer.xml (RunModel)" time="0.02" />
  <testcase classname="ptolemy.util.test.junit.AutoTests" name="[53] /home/travis/build/icyphy/ptII/ptolemy/domains/de/test/auto/Records.xml (RunModel)" time="0.014" />
  <testcase classname="ptolemy.util.test.junit.AutoTests" name="[54] /home/travis/build/icyphy/ptII/ptolemy/domains/de/test/auto/ResetTransitionWithStartTime1.xml (RunModel)" time="0.017" />
  <testcase classname="ptolemy.util.test.junit.AutoTests" name="[55] /home/travis/build/icyphy/ptII/ptolemy/domains/de/test/auto/ResetTransitionWithStartTime2.xml (RunModel)" time="0.019" />
  <testcase classname="ptolemy.util.test.junit.AutoTests" name="[56] /home/travis/build/icyphy/ptII/ptolemy/domains/de/test/auto/ResetTransitionWithStartTime3.xml (RunModel)" time="0.025" />
  <testcase classname="ptolemy.util.test.junit.AutoTests" name="[57] /home/travis/build/icyphy/ptII/ptolemy/domains/de/test/auto/ResetTransitionWithStartTime4.xml (RunModel)" time="0.017" />
  <testcase classname="ptolemy.util.test.junit.AutoTests" name="[58] /home/travis/build/icyphy/ptII/ptolemy/domains/de/test/auto/ResettableTimer1.xml (RunModel)" time="0.011" />
  <testcase classname="ptolemy.util.test.junit.AutoTests" name="[59] /home/travis/build/icyphy/ptII/ptolemy/domains/de/test/auto/ResettableTimer2.xml (RunModel)" time="0.011" />
  <testcase classname="ptolemy.util.test.junit.AutoTests" name="[60] /home/travis/build/icyphy/ptII/ptolemy/domains/de/test/auto/ResettableTimer3.xml (RunModel)" time="0.011" />
  <testcase classname="ptolemy.util.test.junit.AutoTests" name="[61] /home/travis/build/icyphy/ptII/ptolemy/domains/de/test/auto/ResettableTimer4.xml (RunModel)" time="0.009" />
  <testcase classname="ptolemy.util.test.junit.AutoTests" name="[62] /home/travis/build/icyphy/ptII/ptolemy/domains/de/test/auto/ResettableTimer5.xml (RunModel)" time="0.015" />
  <testcase classname="ptolemy.util.test.junit.AutoTests" name="[63] /home/travis/build/icyphy/ptII/ptolemy/domains/de/test/auto/ResettableTimer6.xml (RunModel)" time="0.016" />
  <testcase classname="ptolemy.util.test.junit.AutoTests" name="[64] /home/travis/build/icyphy/ptII/ptolemy/domains/de/test/auto/ServerZeroDelay.xml (RunModel)" time="0.01" />
  <testcase classname="ptolemy.util.test.junit.AutoTests" name="[65] /home/travis/build/icyphy/ptII/ptolemy/domains/de/test/auto/SmartSender.xml (RunModel)" time="3.008" />
  <testcase classname="ptolemy.util.test.junit.AutoTests" name="[66] /home/travis/build/icyphy/ptII/ptolemy/domains/de/test/auto/ThreadedComposite.xml (RunModel)" time="0.121" />
  <testcase classname="ptolemy.util.test.junit.AutoTests" name="[67] /home/travis/build/icyphy/ptII/ptolemy/domains/de/test/auto/Time.xml (RunModel)" time="0.366" />
  <testcase classname="ptolemy.util.test.junit.AutoTests" name="[68] /home/travis/build/icyphy/ptII/ptolemy/domains/de/test/auto/TimeDelayZeroDelay.xml (RunModel)" time="0.013" />
  <testcase classname="ptolemy.util.test.junit.AutoTests" name="[69] /home/travis/build/icyphy/ptII/ptolemy/domains/de/test/auto/TimerZeroDelay.xml (RunModel)" time="0.01" />
  <testcase classname="ptolemy.util.test.junit.AutoTests" name="[70] /home/travis/build/icyphy/ptII/ptolemy/domains/de/test/auto/TimingParadox.xml (RunModel)" time="0.295" />
  <testcase classname="ptolemy.util.test.junit.AutoTests" name="[71] /home/travis/build/icyphy/ptII/ptolemy/domains/de/test/auto/TransferInputs.xml (RunModel)" time="0.014" />
  <testcase classname="ptolemy.util.test.junit.AutoTests" name="[72] /home/travis/build/icyphy/ptII/ptolemy/domains/de/test/auto/TransferOutputs2.xml (RunModel)" time="0.016" />
  <testcase classname="ptolemy.util.test.junit.AutoTests" name="[73] /home/travis/build/icyphy/ptII/ptolemy/domains/de/test/auto/Trilateration.xml (RunModel)" time="10.728" />
  <testcase classname="ptolemy.util.test.junit.AutoTests" name="[74] /home/travis/build/icyphy/ptII/ptolemy/domains/de/test/auto/TwoSigmaDelta.xml (RunModel)" time="1.775" />
  <testcase classname="ptolemy.util.test.junit.AutoTests" name="[75] /home/travis/build/icyphy/ptII/ptolemy/domains/de/test/auto/VariableDelay.xml (RunModel)" time="0.021" />
  <testcase classname="ptolemy.util.test.junit.AutoTests" name="[76] /home/travis/build/icyphy/ptII/ptolemy/domains/de/test/auto/VariableDelay2.xml (RunModel)" time="0.011" />
  <testcase classname="ptolemy.util.test.junit.AutoTests" name="[77] /home/travis/build/icyphy/ptII/ptolemy/domains/de/test/auto/VariableDelayZeroDelay.xml (RunModel)" time="0.012" />
  <testcase classname="ptolemy.util.test.junit.AutoTests" name="[78] /home/travis/build/icyphy/ptII/ptolemy/domains/de/test/auto/VariableDelayZeroDelay2.xml (RunModel)" time="0.009" />
  <testcase classname="ptolemy.util.test.junit.AutoTests" name="[79] /home/travis/build/icyphy/ptII/ptolemy/domains/de/test/auto/deInCt.xml (RunModel)" time="0.015" />
  <testcase classname="ptolemy.util.test.junit.AutoTests" name="[80] /home/travis/build/icyphy/ptII/ptolemy/domains/de/test/auto/deInCt2.xml (RunModel)" time="0.014" />
  <testcase classname="ptolemy.util.test.junit.AutoTests" name="[81] /home/travis/build/icyphy/ptII/ptolemy/domains/de/test/auto/dynamicCausalityInterface1.xml (RunModel)" time="0.017" />
  <testcase classname="ptolemy.util.test.junit.AutoTests" name="[82] /home/travis/build/icyphy/ptII/ptolemy/domains/de/test/auto/fsm_de_test.xml (RunModel)" time="0.024" />
  <testcase classname="ptolemy.util.test.junit.AutoTests" name="[83] /home/travis/build/icyphy/ptII/ptolemy/domains/de/test/auto/functionDependencyReconstruction.xml (RunModel)" time="0.031" />
  <testcase classname="ptolemy.util.test.junit.AutoTests" name="[84] /home/travis/build/icyphy/ptII/ptolemy/domains/de/test/auto/multirate.xml (RunModel)" time="0.014" />
  <testcase classname="ptolemy.util.test.junit.AutoTests" name="[85] /home/travis/build/icyphy/ptII/ptolemy/domains/de/test/auto/multirate2.xml (RunModel)" time="0.013" />
  <testcase classname="ptolemy.util.test.junit.AutoTests" name="[86] /home/travis/build/icyphy/ptII/ptolemy/domains/de/test/auto/realtime.xml (RunModel)" time="10.011" />
  <testcase classname="ptolemy.util.test.junit.AutoTests" name="[87] /home/travis/build/icyphy/ptII/ptolemy/domains/de/test/auto/relationGroup.xml (RunModel)" time="0.011" />
  <testcase classname="ptolemy.util.test.junit.AutoTests" name="[88] /home/travis/build/icyphy/ptII/ptolemy/domains/de/test/auto/relationGroup2.xml (RunModel)" time="0.009" />
  <testcase classname="ptolemy.util.test.junit.AutoTests" name="[89] /home/travis/build/icyphy/ptII/ptolemy/domains/de/test/auto/sortWithOpaquePorts.xml (RunModel)" time="0.009" />
  <testcase classname="ptolemy.util.test.junit.AutoTests" name="[90] /home/travis/build/icyphy/ptII/ptolemy/domains/de/test/auto/transferInputsandOutputs.xml (RunModel)" time="0.014" />
  <testcase classname="ptolemy.util.test.junit.AutoTests" name="[91] /home/travis/build/icyphy/ptII/ptolemy/domains/de/test/auto/triggerType.xml (RunModel)" time="0.007" />
  <system-out><![CDATA[/home/travis/build/icyphy/ptII/ptolemy/domains/de/test/DependencyLoop.tcl
testDefs.tcl: setting time out to 9000 seconds at Sun Aug 30 15:34:10 UTC 2020
97 ms. Memory: 129024K Free: 78282K (61%)
33 ms. Memory: 129024K Free: 60874K (47%)
/home/travis/build/icyphy/ptII/ptolemy/domains/de/test/RunDETestsAsQSS.tcl
Run the DE tests using ptolemy.domains.qss.test.QSSDirectorTest, which extends QSSDirector and prints a message in the constructors.
------------------ testing $PTII/ptolemy/domains/de/test/auto/knownFailedTests/DirectFeedback.xml (Known Failure) 
51 ms. Memory: 129024K Free: 55244K (43%)


==== $PTIIhome/travis/build/icyphy/ptII/ptolemy/domains/de/test/../../../../: Auto Automatic test in file $PTII/ptolemy/domains/de/test/auto/knownFailedTests/DirectFeedback.xml
==== Contents of test case:

	    # FIXME: we should use $relativeFilename here, but it
	    # might have backslashes under Windows, which causes no end
	    # of trouble.
	    createAndExecute $file
	    list {}
	
.... Test generated KNOWN error:
    while executing
ptolemy.kernel.util.IllegalActionException: Test fails in iteration 1.
Value was: 1.0. Should have been: 2.0
  in .DirectFeedback.Test
	at ptolemy.actor.lib.Test.fire(Test.java:268)
	at ptolemy.domains.de.kernel.DEDirector._fire(DEDirector.java:1949)
	at ptolemy.domains.de.kernel.DEDirector.fire(DEDirector.java:502)
	at ptolemy.actor.CompositeActor.fire(CompositeActor.java:455)
	at ptolemy.actor.Manager.iterate(Manager.java:851)
	at ptolemy.actor.Manager.execute(Manager.java:369)
	at ptolemy.actor.Manager.run(Manager.java:1263)
	at ptolemy.actor.Manager$PtolemyRunThread.run(Manager.java:1933)

    while executing
ptolemy.kernel.util.IllegalActionException: Test fails in iteration 1.
Value was: 1.0. Should have been: 2.0
  in .DirectFeedback.Test
    while executing
"java::new ptolemy.moml.MoMLSimpleApplication $file
"
    (procedure "createAndExecute" line 2)
    invoked from within
"createAndExecute $file"
    ("uplevel" body line 5)
    invoked from within
"uplevel $contents_of_test"
------------------ testing $PTII/ptolemy/domains/de/test/auto/knownFailedTests/dependencyLoop.xml (Known Failure) 
16 ms. Memory: 129024K Free: 52172K (40%)


==== $PTIIhome/travis/build/icyphy/ptII/ptolemy/domains/de/test/../../../../: Auto Automatic test in file $PTII/ptolemy/domains/de/test/auto/knownFailedTests/dependencyLoop.xml
==== Contents of test case:

	    # FIXME: we should use $relativeFilename here, but it
	    # might have backslashes under Windows, which causes no end
	    # of trouble.
	    createAndExecute $file
	    list {}
	
.... Test generated KNOWN error:
    while executing
ptolemy.kernel.util.IllegalActionException: Found a zero delay loop containing .dependencyLoop.original
  in .dependencyLoop and .dependencyLoop.original
	at ptolemy.actor.util.CausalityInterfaceForComposites._computeOutputPortDepth(CausalityInterfaceForComposites.java:759)
	at ptolemy.actor.util.CausalityInterfaceForComposites._computeInputDepth(CausalityInterfaceForComposites.java:696)
	at ptolemy.actor.util.CausalityInterfaceForComposites._computeOutputPortDepth(CausalityInterfaceForComposites.java:765)
	at ptolemy.actor.util.CausalityInterfaceForComposites._computeInputDepth(CausalityInterfaceForComposites.java:696)
	at ptolemy.actor.util.CausalityInterfaceForComposites._computeOutputPortDepth(CausalityInterfaceForComposites.java:765)
	at ptolemy.actor.util.CausalityInterfaceForComposites._computeInputDepth(CausalityInterfaceForComposites.java:696)
	at ptolemy.actor.util.CausalityInterfaceForComposites._computeActorDepth(CausalityInterfaceForComposites.java:532)
	at ptolemy.actor.util.CausalityInterfaceForComposites.checkForCycles(CausalityInterfaceForComposites.java:96)
	at ptolemy.domains.de.kernel.DEDirector.preinitialize(DEDirector.java:1338)
	at ptolemy.actor.CompositeActor.preinitialize(CompositeActor.java:1828)
	at ptolemy.actor.Manager.preinitializeAndResolveTypes(Manager.java:1040)
	at ptolemy.actor.Manager.initialize(Manager.java:710)
	at ptolemy.actor.Manager.execute(Manager.java:356)
	at ptolemy.actor.Manager.run(Manager.java:1263)
	at ptolemy.actor.Manager$PtolemyRunThread.run(Manager.java:1933)

    while executing
ptolemy.kernel.util.IllegalActionException: Found a zero delay loop containing .dependencyLoop.original
  in .dependencyLoop and .dependencyLoop.original
    while executing
"java::new ptolemy.moml.MoMLSimpleApplication $file
"
    (procedure "createAndExecute" line 2)
    invoked from within
"createAndExecute $file"
    ("uplevel" body line 5)
    invoked from within
"uplevel $contents_of_test"
------------------ testing $PTII/ptolemy/domains/de/test/auto/knownFailedTests/FSMSource.xml (Known Failure) 
81 ms. Memory: 129024K Free: 110939K (86%)
!!!! Auto was marked as failing, but now passes
------------------ testing $PTII/ptolemy/domains/de/test/auto/knownFailedTests/HierarchicalModel.xml (Known Failure) 
6 ms. Memory: 129024K Free: 93229K (72%)


==== $PTIIhome/travis/build/icyphy/ptII/ptolemy/domains/de/test/../../../../: Auto Automatic test in file $PTII/ptolemy/domains/de/test/auto/knownFailedTests/HierarchicalModel.xml
==== Contents of test case:

	    # FIXME: we should use $relativeFilename here, but it
	    # might have backslashes under Windows, which causes no end
	    # of trouble.
	    createAndExecute $file
	    list {}
	
.... Test generated KNOWN error:
    while executing
ptolemy.kernel.util.IllegalActionException: Found a zero delay loop containing .HierarchicalModel.A
  in .HierarchicalModel and .HierarchicalModel.A
	at ptolemy.actor.util.CausalityInterfaceForComposites._computeOutputPortDepth(CausalityInterfaceForComposites.java:759)
	at ptolemy.actor.util.CausalityInterfaceForComposites._computeInputDepth(CausalityInterfaceForComposites.java:696)
	at ptolemy.actor.util.CausalityInterfaceForComposites._computeOutputPortDepth(CausalityInterfaceForComposites.java:765)
	at ptolemy.actor.util.CausalityInterfaceForComposites._computeInputDepth(CausalityInterfaceForComposites.java:696)
	at ptolemy.actor.util.CausalityInterfaceForComposites._computeOutputPortDepth(CausalityInterfaceForComposites.java:765)
	at ptolemy.actor.util.CausalityInterfaceForComposites._computeInputDepth(CausalityInterfaceForComposites.java:696)
	at ptolemy.actor.util.CausalityInterfaceForComposites._computeActorDepth(CausalityInterfaceForComposites.java:532)
	at ptolemy.actor.util.CausalityInterfaceForComposites.checkForCycles(CausalityInterfaceForComposites.java:96)
	at ptolemy.domains.de.kernel.DEDirector.preinitialize(DEDirector.java:1338)
	at ptolemy.actor.CompositeActor.preinitialize(CompositeActor.java:1828)
	at ptolemy.actor.Manager.preinitializeAndResolveTypes(Manager.java:1040)
	at ptolemy.actor.Manager.initialize(Manager.java:710)
	at ptolemy.actor.Manager.execute(Manager.java:356)
	at ptolemy.actor.Manager.run(Manager.java:1263)
	at ptolemy.actor.Manager$PtolemyRunThread.run(Manager.java:1933)

    while executing
ptolemy.kernel.util.IllegalActionException: Found a zero delay loop containing .HierarchicalModel.A
  in .HierarchicalModel and .HierarchicalModel.A
    while executing
"java::new ptolemy.moml.MoMLSimpleApplication $file
"
    (procedure "createAndExecute" line 2)
    invoked from within
"createAndExecute $file"
    ("uplevel" body line 5)
    invoked from within
"uplevel $contents_of_test"
------------------ testing $PTII/ptolemy/domains/de/test/auto/knownFailedTests/dependencyLoop2.xml (Known Failure) 
14 ms. Memory: 129024K Free: 77614K (60%)


==== $PTIIhome/travis/build/icyphy/ptII/ptolemy/domains/de/test/../../../../: Auto Automatic test in file $PTII/ptolemy/domains/de/test/auto/knownFailedTests/dependencyLoop2.xml
==== Contents of test case:

	    # FIXME: we should use $relativeFilename here, but it
	    # might have backslashes under Windows, which causes no end
	    # of trouble.
	    createAndExecute $file
	    list {}
	
.... Test generated KNOWN error:
    while executing
ptolemy.kernel.util.IllegalActionException: Found a zero delay loop containing .dependencyLoop2.original
  in .dependencyLoop2 and .dependencyLoop2.original
	at ptolemy.actor.util.CausalityInterfaceForComposites._computeOutputPortDepth(CausalityInterfaceForComposites.java:759)
	at ptolemy.actor.util.CausalityInterfaceForComposites._computeInputDepth(CausalityInterfaceForComposites.java:696)
	at ptolemy.actor.util.CausalityInterfaceForComposites._computeOutputPortDepth(CausalityInterfaceForComposites.java:765)
	at ptolemy.actor.util.CausalityInterfaceForComposites._computeInputDepth(CausalityInterfaceForComposites.java:696)
	at ptolemy.actor.util.CausalityInterfaceForComposites._computeOutputPortDepth(CausalityInterfaceForComposites.java:765)
	at ptolemy.actor.util.CausalityInterfaceForComposites._computeInputDepth(CausalityInterfaceForComposites.java:696)
	at ptolemy.actor.util.CausalityInterfaceForComposites._computeActorDepth(CausalityInterfaceForComposites.java:532)
	at ptolemy.actor.util.CausalityInterfaceForComposites.checkForCycles(CausalityInterfaceForComposites.java:96)
	at ptolemy.domains.de.kernel.DEDirector.preinitialize(DEDirector.java:1338)
	at ptolemy.actor.CompositeActor.preinitialize(CompositeActor.java:1828)
	at ptolemy.actor.Manager.preinitializeAndResolveTypes(Manager.java:1040)
	at ptolemy.actor.Manager.initialize(Manager.java:710)
	at ptolemy.actor.Manager.execute(Manager.java:356)
	at ptolemy.actor.Manager.run(Manager.java:1263)
	at ptolemy.actor.Manager$PtolemyRunThread.run(Manager.java:1933)

    while executing
ptolemy.kernel.util.IllegalActionException: Found a zero delay loop containing .dependencyLoop2.original
  in .dependencyLoop2 and .dependencyLoop2.original
    while executing
"java::new ptolemy.moml.MoMLSimpleApplication $file
"
    (procedure "createAndExecute" line 2)
    invoked from within
"createAndExecute $file"
    ("uplevel" body line 5)
    invoked from within
"uplevel $contents_of_test"
------------------ testing $PTII/ptolemy/domains/de/test/auto/knownFailedTests/DESDFClockTest.xml (Known Failure) 
2061 ms. Memory: 129024K Free: 107765K (84%)


==== $PTIIhome/travis/build/icyphy/ptII/ptolemy/domains/de/test/../../../../: Auto Automatic test in file $PTII/ptolemy/domains/de/test/auto/knownFailedTests/DESDFClockTest.xml
==== Contents of test case:

	    # FIXME: we should use $relativeFilename here, but it
	    # might have backslashes under Windows, which causes no end
	    # of trouble.
	    createAndExecute $file
	    list {}
	
.... Test generated KNOWN error:
    while executing
ptolemy.kernel.util.IllegalActionException: Actor is not ready to fire.  Perhaps UpSample.prefire() returned false? Try debugging the actor by selecting "Listen to Actor".  Also, for SDF check moml for tokenConsumptionRate on input.
  in .DESDFClockTest.Play Bell.Copy1:SDF Director and .DESDFClockTest.Play Bell.UpSample
	at ptolemy.actor.sched.StaticSchedulingDirector.fire(StaticSchedulingDirector.java:227)
	at ptolemy.domains.sdf.kernel.SDFDirector.fire(SDFDirector.java:500)
	at ptolemy.actor.CompositeActor.fire(CompositeActor.java:455)
	at ptolemy.domains.de.kernel.DEDirector._fire(DEDirector.java:1949)
	at ptolemy.domains.de.kernel.DEDirector.fire(DEDirector.java:502)
	at ptolemy.actor.CompositeActor.fire(CompositeActor.java:455)
	at ptolemy.actor.Manager.iterate(Manager.java:851)
	at ptolemy.actor.Manager.execute(Manager.java:369)
	at ptolemy.actor.Manager.run(Manager.java:1263)
	at ptolemy.actor.Manager$PtolemyRunThread.run(Manager.java:1933)

    while executing
ptolemy.kernel.util.IllegalActionException: Actor is not ready to fire.  Perhaps UpSample.prefire() returned false? Try debugging the actor by selecting "Listen to Actor".  Also, for SDF check moml for tokenConsumptionRate on input.
  in .DESDFClockTest.Play Bell.Copy1:SDF Director and .DESDFClockTest.Play Bell.UpSample
    while executing
"java::new ptolemy.moml.MoMLSimpleApplication $file
"
    (procedure "createAndExecute" line 2)
    invoked from within
"createAndExecute $file"
    ("uplevel" body line 5)
    invoked from within
"uplevel $contents_of_test"
------------------ testing $PTII/ptolemy/domains/de/test/auto/ActorDepthCalculation_actorWithoutPorts.xml
auto.tcl: Setting watchdog for 200 seconds at Sun Aug 30 15:34:14 UTC 2020
8 ms. Memory: 129024K Free: 100087K (78%)
ptolemy.util.test.WatchDog.cancel(): canceling Sun Aug 30 15:34:14 UTC 2020
auto.tcl: Setting watchdog for 200 seconds at Sun Aug 30 15:34:14 UTC 2020
6 ms. Memory: 129024K Free: 98535K (76%)
ptolemy.util.test.WatchDog.cancel(): canceling Sun Aug 30 15:34:14 UTC 2020
------------------ testing $PTII/ptolemy/domains/de/test/auto/AssemblyLine.xml
auto.tcl: Setting watchdog for 200 seconds at Sun Aug 30 15:34:14 UTC 2020
28 ms. Memory: 51200K Free: 28176K (55%)
ptolemy.util.test.WatchDog.cancel(): canceling Sun Aug 30 15:34:14 UTC 2020
auto.tcl: Setting watchdog for 200 seconds at Sun Aug 30 15:34:14 UTC 2020
7 ms. Memory: 51200K Free: 27285K (53%)
ptolemy.util.test.WatchDog.cancel(): canceling Sun Aug 30 15:34:14 UTC 2020
------------------ testing $PTII/ptolemy/domains/de/test/auto/CQBug1.xml
auto.tcl: Setting watchdog for 200 seconds at Sun Aug 30 15:34:14 UTC 2020
3 ms. Memory: 51200K Free: 33263K (65%)
ptolemy.util.test.WatchDog.cancel(): canceling Sun Aug 30 15:34:14 UTC 2020
auto.tcl: Setting watchdog for 200 seconds at Sun Aug 30 15:34:14 UTC 2020
2 ms. Memory: 51200K Free: 32804K (64%)
ptolemy.util.test.WatchDog.cancel(): canceling Sun Aug 30 15:34:14 UTC 2020
------------------ testing $PTII/ptolemy/domains/de/test/auto/CancelFireAt.xml
auto.tcl: Setting watchdog for 200 seconds at Sun Aug 30 15:34:15 UTC 2020
11 ms. Memory: 48128K Free: 31671K (66%)
ptolemy.util.test.WatchDog.cancel(): canceling Sun Aug 30 15:34:15 UTC 2020
auto.tcl: Setting watchdog for 200 seconds at Sun Aug 30 15:34:15 UTC 2020
1 ms. Memory: 48128K Free: 31125K (65%)
ptolemy.util.test.WatchDog.cancel(): canceling Sun Aug 30 15:34:15 UTC 2020
------------------ testing $PTII/ptolemy/domains/de/test/auto/CausalityAndComposabilityAnalysis.xml
auto.tcl: Setting watchdog for 200 seconds at Sun Aug 30 15:34:15 UTC 2020
9 ms. Memory: 48128K Free: 29384K (61%)
ptolemy.util.test.WatchDog.cancel(): canceling Sun Aug 30 15:34:15 UTC 2020
auto.tcl: Setting watchdog for 200 seconds at Sun Aug 30 15:34:15 UTC 2020
6 ms. Memory: 48128K Free: 28934K (60%)
ptolemy.util.test.WatchDog.cancel(): canceling Sun Aug 30 15:34:15 UTC 2020
------------------ testing $PTII/ptolemy/domains/de/test/auto/CausalityInterface1.xml
auto.tcl: Setting watchdog for 200 seconds at Sun Aug 30 15:34:15 UTC 2020
25 ms. Memory: 48128K Free: 28356K (59%)
ptolemy.util.test.WatchDog.cancel(): canceling Sun Aug 30 15:34:15 UTC 2020
auto.tcl: Setting watchdog for 200 seconds at Sun Aug 30 15:34:15 UTC 2020
4 ms. Memory: 48128K Free: 27374K (57%)
ptolemy.util.test.WatchDog.cancel(): canceling Sun Aug 30 15:34:15 UTC 2020
------------------ testing $PTII/ptolemy/domains/de/test/auto/CausalityInterface15.xml
auto.tcl: Setting watchdog for 200 seconds at Sun Aug 30 15:34:15 UTC 2020
14 ms. Memory: 48128K Free: 28285K (59%)
ptolemy.util.test.WatchDog.cancel(): canceling Sun Aug 30 15:34:15 UTC 2020
auto.tcl: Setting watchdog for 200 seconds at Sun Aug 30 15:34:15 UTC 2020
5 ms. Memory: 48128K Free: 27338K (57%)
ptolemy.util.test.WatchDog.cancel(): canceling Sun Aug 30 15:34:15 UTC 2020
------------------ testing $PTII/ptolemy/domains/de/test/auto/CausalityInterface2.xml
auto.tcl: Setting watchdog for 200 seconds at Sun Aug 30 15:34:15 UTC 2020
4 ms. Memory: 48128K Free: 29050K (60%)
ptolemy.util.test.WatchDog.cancel(): canceling Sun Aug 30 15:34:15 UTC 2020
auto.tcl: Setting watchdog for 200 seconds at Sun Aug 30 15:34:15 UTC 2020
3 ms. Memory: 48128K Free: 27917K (58%)
ptolemy.util.test.WatchDog.cancel(): canceling Sun Aug 30 15:34:15 UTC 2020
------------------ testing $PTII/ptolemy/domains/de/test/auto/CausalityInterface3.xml
auto.tcl: Setting watchdog for 200 seconds at Sun Aug 30 15:34:15 UTC 2020
7 ms. Memory: 48128K Free: 28538K (59%)
ptolemy.util.test.WatchDog.cancel(): canceling Sun Aug 30 15:34:15 UTC 2020
auto.tcl: Setting watchdog for 200 seconds at Sun Aug 30 15:34:15 UTC 2020
3 ms. Memory: 48128K Free: 27752K (58%)
ptolemy.util.test.WatchDog.cancel(): canceling Sun Aug 30 15:34:15 UTC 2020
------------------ testing $PTII/ptolemy/domains/de/test/auto/ClockDrift.xml
auto.tcl: Setting watchdog for 200 seconds at Sun Aug 30 15:34:15 UTC 2020
77 ms. Memory: 48128K Free: 21122K (44%)
ptolemy.util.test.WatchDog.cancel(): canceling Sun Aug 30 15:34:15 UTC 2020
auto.tcl: Setting watchdog for 200 seconds at Sun Aug 30 15:34:15 UTC 2020
36 ms. Memory: 48128K Free: 17689K (37%)
ptolemy.util.test.WatchDog.cancel(): canceling Sun Aug 30 15:34:15 UTC 2020
------------------ testing $PTII/ptolemy/domains/de/test/auto/ClockDriftAndValueChange.xml
auto.tcl: Setting watchdog for 200 seconds at Sun Aug 30 15:34:15 UTC 2020
44 ms. Memory: 48128K Free: 21202K (44%)
ptolemy.util.test.WatchDog.cancel(): canceling Sun Aug 30 15:34:15 UTC 2020
auto.tcl: Setting watchdog for 200 seconds at Sun Aug 30 15:34:15 UTC 2020
34 ms. Memory: 48128K Free: 18368K (38%)
ptolemy.util.test.WatchDog.cancel(): canceling Sun Aug 30 15:34:15 UTC 2020
------------------ testing $PTII/ptolemy/domains/de/test/auto/ClockDriftChange.xml
auto.tcl: Setting watchdog for 200 seconds at Sun Aug 30 15:34:15 UTC 2020
24 ms. Memory: 48128K Free: 23248K (48%)
ptolemy.util.test.WatchDog.cancel(): canceling Sun Aug 30 15:34:16 UTC 2020
auto.tcl: Setting watchdog for 200 seconds at Sun Aug 30 15:34:16 UTC 2020
27 ms. Memory: 48128K Free: 20666K (43%)
ptolemy.util.test.WatchDog.cancel(): canceling Sun Aug 30 15:34:16 UTC 2020
------------------ testing $PTII/ptolemy/domains/de/test/auto/ComposableCausalityAnalysis.xml
auto.tcl: Setting watchdog for 200 seconds at Sun Aug 30 15:34:16 UTC 2020
2 ms. Memory: 48128K Free: 27896K (58%)
ptolemy.util.test.WatchDog.cancel(): canceling Sun Aug 30 15:34:16 UTC 2020
auto.tcl: Setting watchdog for 200 seconds at Sun Aug 30 15:34:16 UTC 2020
5 ms. Memory: 48128K Free: 26848K (56%)
ptolemy.util.test.WatchDog.cancel(): canceling Sun Aug 30 15:34:16 UTC 2020
------------------ testing $PTII/ptolemy/domains/de/test/auto/DEFixedPointLimitation.xml
auto.tcl: Setting watchdog for 200 seconds at Sun Aug 30 15:34:16 UTC 2020
3 ms. Memory: 48128K Free: 29236K (61%)
ptolemy.util.test.WatchDog.cancel(): canceling Sun Aug 30 15:34:16 UTC 2020
auto.tcl: Setting watchdog for 200 seconds at Sun Aug 30 15:34:16 UTC 2020
1 ms. Memory: 48128K Free: 28310K (59%)
ptolemy.util.test.WatchDog.cancel(): canceling Sun Aug 30 15:34:16 UTC 2020
------------------ testing $PTII/ptolemy/domains/de/test/auto/DEScheduleTest.xml
auto.tcl: Setting watchdog for 200 seconds at Sun Aug 30 15:34:16 UTC 2020
7 ms. Memory: 48128K Free: 29534K (61%)
ptolemy.util.test.WatchDog.cancel(): canceling Sun Aug 30 15:34:16 UTC 2020
auto.tcl: Setting watchdog for 200 seconds at Sun Aug 30 15:34:16 UTC 2020
3 ms. Memory: 48128K Free: 28758K (60%)
ptolemy.util.test.WatchDog.cancel(): canceling Sun Aug 30 15:34:16 UTC 2020
------------------ testing $PTII/ptolemy/domains/de/test/auto/DEinDEwithStartTimes.xml
auto.tcl: Setting watchdog for 200 seconds at Sun Aug 30 15:34:16 UTC 2020
5 ms. Memory: 48128K Free: 27685K (58%)
ptolemy.util.test.WatchDog.cancel(): canceling Sun Aug 30 15:34:16 UTC 2020
auto.tcl: Setting watchdog for 200 seconds at Sun Aug 30 15:34:16 UTC 2020
7 ms. Memory: 48128K Free: 26661K (55%)
ptolemy.util.test.WatchDog.cancel(): canceling Sun Aug 30 15:34:16 UTC 2020
------------------ testing $PTII/ptolemy/domains/de/test/auto/DEinDEwithStartTimes2.xml
auto.tcl: Setting watchdog for 200 seconds at Sun Aug 30 15:34:16 UTC 2020
7 ms. Memory: 48128K Free: 26939K (56%)
ptolemy.util.test.WatchDog.cancel(): canceling Sun Aug 30 15:34:16 UTC 2020
auto.tcl: Setting watchdog for 200 seconds at Sun Aug 30 15:34:16 UTC 2020
4 ms. Memory: 48128K Free: 25616K (53%)
ptolemy.util.test.WatchDog.cancel(): canceling Sun Aug 30 15:34:16 UTC 2020
------------------ testing $PTII/ptolemy/domains/de/test/auto/DateDemo.xml
auto.tcl: Setting watchdog for 200 seconds at Sun Aug 30 15:34:16 UTC 2020
19 ms. Memory: 48128K Free: 21258K (44%)
ptolemy.util.test.WatchDog.cancel(): canceling Sun Aug 30 15:34:16 UTC 2020
auto.tcl: Setting watchdog for 200 seconds at Sun Aug 30 15:34:16 UTC 2020
8 ms. Memory: 48128K Free: 19646K (41%)
ptolemy.util.test.WatchDog.cancel(): canceling Sun Aug 30 15:34:16 UTC 2020
------------------ testing $PTII/ptolemy/domains/de/test/auto/DateToEvent.xml
auto.tcl: Setting watchdog for 200 seconds at Sun Aug 30 15:34:16 UTC 2020
2021 ms. Memory: 48128K Free: 17180K (36%)
ptolemy.util.test.WatchDog.cancel(): canceling Sun Aug 30 15:34:18 UTC 2020
auto.tcl: Setting watchdog for 200 seconds at Sun Aug 30 15:34:18 UTC 2020
2005 ms. Memory: 48128K Free: 16433K (34%)
ptolemy.util.test.WatchDog.cancel(): canceling Sun Aug 30 15:34:20 UTC 2020
------------------ testing $PTII/ptolemy/domains/de/test/auto/DepthTest1.xml
auto.tcl: Setting watchdog for 200 seconds at Sun Aug 30 15:34:20 UTC 2020
2 ms. Memory: 48128K Free: 30322K (63%)
ptolemy.util.test.WatchDog.cancel(): canceling Sun Aug 30 15:34:20 UTC 2020
auto.tcl: Setting watchdog for 200 seconds at Sun Aug 30 15:34:20 UTC 2020
2 ms. Memory: 48128K Free: 29916K (62%)
ptolemy.util.test.WatchDog.cancel(): canceling Sun Aug 30 15:34:20 UTC 2020
------------------ testing $PTII/ptolemy/domains/de/test/auto/DepthTest2.xml
auto.tcl: Setting watchdog for 200 seconds at Sun Aug 30 15:34:20 UTC 2020
3 ms. Memory: 48128K Free: 27147K (56%)
ptolemy.util.test.WatchDog.cancel(): canceling Sun Aug 30 15:34:20 UTC 2020
auto.tcl: Setting watchdog for 200 seconds at Sun Aug 30 15:34:20 UTC 2020
3 ms. Memory: 48128K Free: 26715K (56%)
ptolemy.util.test.WatchDog.cancel(): canceling Sun Aug 30 15:34:20 UTC 2020
------------------ testing $PTII/ptolemy/domains/de/test/auto/DepthTest3.xml
auto.tcl: Setting watchdog for 200 seconds at Sun Aug 30 15:34:20 UTC 2020
2 ms. Memory: 48128K Free: 30653K (64%)
ptolemy.util.test.WatchDog.cancel(): canceling Sun Aug 30 15:34:20 UTC 2020
auto.tcl: Setting watchdog for 200 seconds at Sun Aug 30 15:34:20 UTC 2020
1 ms. Memory: 48128K Free: 30221K (63%)
ptolemy.util.test.WatchDog.cancel(): canceling Sun Aug 30 15:34:20 UTC 2020
------------------ testing $PTII/ptolemy/domains/de/test/auto/DepthTest4.xml
auto.tcl: Setting watchdog for 200 seconds at Sun Aug 30 15:34:21 UTC 2020
6 ms. Memory: 48128K Free: 29003K (60%)
ptolemy.util.test.WatchDog.cancel(): canceling Sun Aug 30 15:34:21 UTC 2020
auto.tcl: Setting watchdog for 200 seconds at Sun Aug 30 15:34:21 UTC 2020
2 ms. Memory: 48128K Free: 28264K (59%)
ptolemy.util.test.WatchDog.cancel(): canceling Sun Aug 30 15:34:21 UTC 2020
------------------ testing $PTII/ptolemy/domains/de/test/auto/DepthTest5.xml
auto.tcl: Setting watchdog for 200 seconds at Sun Aug 30 15:34:21 UTC 2020
3 ms. Memory: 48128K Free: 28400K (59%)
ptolemy.util.test.WatchDog.cancel(): canceling Sun Aug 30 15:34:21 UTC 2020
auto.tcl: Setting watchdog for 200 seconds at Sun Aug 30 15:34:21 UTC 2020
3 ms. Memory: 48128K Free: 27614K (57%)
ptolemy.util.test.WatchDog.cancel(): canceling Sun Aug 30 15:34:21 UTC 2020
------------------ testing $PTII/ptolemy/domains/de/test/auto/DepthTest6.xml
auto.tcl: Setting watchdog for 200 seconds at Sun Aug 30 15:34:21 UTC 2020
4 ms. Memory: 48128K Free: 28097K (58%)
ptolemy.util.test.WatchDog.cancel(): canceling Sun Aug 30 15:34:21 UTC 2020
auto.tcl: Setting watchdog for 200 seconds at Sun Aug 30 15:34:21 UTC 2020
3 ms. Memory: 48128K Free: 27657K (57%)
ptolemy.util.test.WatchDog.cancel(): canceling Sun Aug 30 15:34:21 UTC 2020
------------------ testing $PTII/ptolemy/domains/de/test/auto/DepthTest7.xml
auto.tcl: Setting watchdog for 200 seconds at Sun Aug 30 15:34:21 UTC 2020
3 ms. Memory: 48128K Free: 28928K (60%)
ptolemy.util.test.WatchDog.cancel(): canceling Sun Aug 30 15:34:21 UTC 2020
auto.tcl: Setting watchdog for 200 seconds at Sun Aug 30 15:34:21 UTC 2020
2 ms. Memory: 48128K Free: 28211K (59%)
ptolemy.util.test.WatchDog.cancel(): canceling Sun Aug 30 15:34:21 UTC 2020
------------------ testing $PTII/ptolemy/domains/de/test/auto/EventToDate.xml
auto.tcl: Setting watchdog for 200 seconds at Sun Aug 30 15:34:21 UTC 2020
3007 ms. Memory: 48128K Free: 19703K (41%)
ptolemy.util.test.WatchDog.cancel(): canceling Sun Aug 30 15:34:24 UTC 2020
auto.tcl: Setting watchdog for 200 seconds at Sun Aug 30 15:34:24 UTC 2020
3005 ms. Memory: 48128K Free: 18994K (39%)
ptolemy.util.test.WatchDog.cancel(): canceling Sun Aug 30 15:34:27 UTC 2020
------------------ testing $PTII/ptolemy/domains/de/test/auto/FSM1.xml
auto.tcl: Setting watchdog for 200 seconds at Sun Aug 30 15:34:27 UTC 2020
33 ms. Memory: 48128K Free: 20426K (42%)
ptolemy.util.test.WatchDog.cancel(): canceling Sun Aug 30 15:34:27 UTC 2020
auto.tcl: Setting watchdog for 200 seconds at Sun Aug 30 15:34:27 UTC 2020
40 ms. Memory: 48128K Free: 17303K (36%)
ptolemy.util.test.WatchDog.cancel(): canceling Sun Aug 30 15:34:27 UTC 2020
------------------ testing $PTII/ptolemy/domains/de/test/auto/FSM7.xml
auto.tcl: Setting watchdog for 200 seconds at Sun Aug 30 15:34:27 UTC 2020
19 ms. Memory: 48128K Free: 20649K (43%)
ptolemy.util.test.WatchDog.cancel(): canceling Sun Aug 30 15:34:27 UTC 2020
auto.tcl: Setting watchdog for 200 seconds at Sun Aug 30 15:34:27 UTC 2020
16 ms. Memory: 48128K Free: 17474K (36%)
ptolemy.util.test.WatchDog.cancel(): canceling Sun Aug 30 15:34:27 UTC 2020
------------------ testing $PTII/ptolemy/domains/de/test/auto/Inspection.xml
auto.tcl: Setting watchdog for 200 seconds at Sun Aug 30 15:34:27 UTC 2020
27 ms. Memory: 48128K Free: 20637K (43%)
ptolemy.util.test.WatchDog.cancel(): canceling Sun Aug 30 15:34:27 UTC 2020
auto.tcl: Setting watchdog for 200 seconds at Sun Aug 30 15:34:27 UTC 2020
30 ms. Memory: 48128K Free: 18912K (39%)
ptolemy.util.test.WatchDog.cancel(): canceling Sun Aug 30 15:34:27 UTC 2020
------------------ testing $PTII/ptolemy/domains/de/test/auto/Iteration.xml
auto.tcl: Setting watchdog for 200 seconds at Sun Aug 30 15:34:27 UTC 2020
8 ms. Memory: 48128K Free: 26380K (55%)
ptolemy.util.test.WatchDog.cancel(): canceling Sun Aug 30 15:34:27 UTC 2020
auto.tcl: Setting watchdog for 200 seconds at Sun Aug 30 15:34:27 UTC 2020
7 ms. Memory: 48128K Free: 24972K (52%)
ptolemy.util.test.WatchDog.cancel(): canceling Sun Aug 30 15:34:27 UTC 2020
------------------ testing $PTII/ptolemy/domains/de/test/auto/LineFault.xml
auto.tcl: Setting watchdog for 200 seconds at Sun Aug 30 15:34:27 UTC 2020
630 ms. Memory: 58368K Free: 37960K (65%)
ptolemy.util.test.WatchDog.cancel(): canceling Sun Aug 30 15:34:28 UTC 2020
auto.tcl: Setting watchdog for 200 seconds at Sun Aug 30 15:34:28 UTC 2020
525 ms. Memory: 58368K Free: 33873K (58%)
ptolemy.util.test.WatchDog.cancel(): canceling Sun Aug 30 15:34:29 UTC 2020
------------------ testing $PTII/ptolemy/domains/de/test/auto/MergeModel1Add.xml
auto.tcl: Setting watchdog for 200 seconds at Sun Aug 30 15:34:29 UTC 2020
17 ms. Memory: 55296K Free: 19522K (35%)
ptolemy.util.test.WatchDog.cancel(): canceling Sun Aug 30 15:34:29 UTC 2020
auto.tcl: Setting watchdog for 200 seconds at Sun Aug 30 15:34:29 UTC 2020
13 ms. Memory: 55296K Free: 17812K (32%)
ptolemy.util.test.WatchDog.cancel(): canceling Sun Aug 30 15:34:29 UTC 2020
------------------ testing $PTII/ptolemy/domains/de/test/auto/MergeModel2Add.xml
auto.tcl: Setting watchdog for 200 seconds at Sun Aug 30 15:34:29 UTC 2020
10 ms. Memory: 55296K Free: 21308K (39%)
ptolemy.util.test.WatchDog.cancel(): canceling Sun Aug 30 15:34:29 UTC 2020
auto.tcl: Setting watchdog for 200 seconds at Sun Aug 30 15:34:29 UTC 2020
10 ms. Memory: 55296K Free: 19582K (35%)
ptolemy.util.test.WatchDog.cancel(): canceling Sun Aug 30 15:34:29 UTC 2020
------------------ testing $PTII/ptolemy/domains/de/test/auto/MergeModel3Add.xml
auto.tcl: Setting watchdog for 200 seconds at Sun Aug 30 15:34:29 UTC 2020
9 ms. Memory: 55296K Free: 21317K (39%)
ptolemy.util.test.WatchDog.cancel(): canceling Sun Aug 30 15:34:29 UTC 2020
auto.tcl: Setting watchdog for 200 seconds at Sun Aug 30 15:34:29 UTC 2020
9 ms. Memory: 55296K Free: 19589K (35%)
ptolemy.util.test.WatchDog.cancel(): canceling Sun Aug 30 15:34:29 UTC 2020
------------------ testing $PTII/ptolemy/domains/de/test/auto/MergeWithoutDiscard.xml
auto.tcl: Setting watchdog for 200 seconds at Sun Aug 30 15:34:29 UTC 2020
2 ms. Memory: 51200K Free: 32356K (63%)
ptolemy.util.test.WatchDog.cancel(): canceling Sun Aug 30 15:34:29 UTC 2020
auto.tcl: Setting watchdog for 200 seconds at Sun Aug 30 15:34:29 UTC 2020
2 ms. Memory: 51200K Free: 31446K (61%)
ptolemy.util.test.WatchDog.cancel(): canceling Sun Aug 30 15:34:29 UTC 2020
------------------ testing $PTII/ptolemy/domains/de/test/auto/Modal1.xml
auto.tcl: Setting watchdog for 200 seconds at Sun Aug 30 15:34:29 UTC 2020
15 ms. Memory: 51200K Free: 23946K (47%)
ptolemy.util.test.WatchDog.cancel(): canceling Sun Aug 30 15:34:30 UTC 2020
auto.tcl: Setting watchdog for 200 seconds at Sun Aug 30 15:34:30 UTC 2020
19 ms. Memory: 51200K Free: 20461K (40%)
ptolemy.util.test.WatchDog.cancel(): canceling Sun Aug 30 15:34:30 UTC 2020
------------------ testing $PTII/ptolemy/domains/de/test/auto/Modal2.xml
auto.tcl: Setting watchdog for 200 seconds at Sun Aug 30 15:34:30 UTC 2020
11 ms. Memory: 51200K Free: 24079K (47%)
ptolemy.util.test.WatchDog.cancel(): canceling Sun Aug 30 15:34:30 UTC 2020
auto.tcl: Setting watchdog for 200 seconds at Sun Aug 30 15:34:30 UTC 2020
12 ms. Memory: 51200K Free: 20833K (41%)
ptolemy.util.test.WatchDog.cancel(): canceling Sun Aug 30 15:34:30 UTC 2020
------------------ testing $PTII/ptolemy/domains/de/test/auto/Modal3.xml
auto.tcl: Setting watchdog for 200 seconds at Sun Aug 30 15:34:30 UTC 2020
11 ms. Memory: 51200K Free: 23804K (46%)
ptolemy.util.test.WatchDog.cancel(): canceling Sun Aug 30 15:34:30 UTC 2020
auto.tcl: Setting watchdog for 200 seconds at Sun Aug 30 15:34:30 UTC 2020
13 ms. Memory: 51200K Free: 20841K (41%)
ptolemy.util.test.WatchDog.cancel(): canceling Sun Aug 30 15:34:30 UTC 2020
------------------ testing $PTII/ptolemy/domains/de/test/auto/Modal4.xml
auto.tcl: Setting watchdog for 200 seconds at Sun Aug 30 15:34:30 UTC 2020
32 ms. Memory: 51200K Free: 23063K (45%)
ptolemy.util.test.WatchDog.cancel(): canceling Sun Aug 30 15:34:30 UTC 2020
auto.tcl: Setting watchdog for 200 seconds at Sun Aug 30 15:34:30 UTC 2020
17 ms. Memory: 51200K Free: 19225K (38%)
ptolemy.util.test.WatchDog.cancel(): canceling Sun Aug 30 15:34:30 UTC 2020
------------------ testing $PTII/ptolemy/domains/de/test/auto/Modal5.xml
auto.tcl: Setting watchdog for 200 seconds at Sun Aug 30 15:34:30 UTC 2020
14 ms. Memory: 51200K Free: 23028K (45%)
ptolemy.util.test.WatchDog.cancel(): canceling Sun Aug 30 15:34:30 UTC 2020
auto.tcl: Setting watchdog for 200 seconds at Sun Aug 30 15:34:30 UTC 2020
15 ms. Memory: 51200K Free: 19212K (38%)
ptolemy.util.test.WatchDog.cancel(): canceling Sun Aug 30 15:34:30 UTC 2020
------------------ testing $PTII/ptolemy/domains/de/test/auto/Modal6.xml
auto.tcl: Setting watchdog for 200 seconds at Sun Aug 30 15:34:30 UTC 2020
19 ms. Memory: 51200K Free: 23800K (46%)
ptolemy.util.test.WatchDog.cancel(): canceling Sun Aug 30 15:34:30 UTC 2020
auto.tcl: Setting watchdog for 200 seconds at Sun Aug 30 15:34:30 UTC 2020
19 ms. Memory: 51200K Free: 19824K (39%)
ptolemy.util.test.WatchDog.cancel(): canceling Sun Aug 30 15:34:30 UTC 2020
------------------ testing $PTII/ptolemy/domains/de/test/auto/Modal7.xml
auto.tcl: Setting watchdog for 200 seconds at Sun Aug 30 15:34:30 UTC 2020
18 ms. Memory: 51200K Free: 22787K (45%)
ptolemy.util.test.WatchDog.cancel(): canceling Sun Aug 30 15:34:30 UTC 2020
auto.tcl: Setting watchdog for 200 seconds at Sun Aug 30 15:34:30 UTC 2020
13 ms. Memory: 51200K Free: 19211K (38%)
ptolemy.util.test.WatchDog.cancel(): canceling Sun Aug 30 15:34:30 UTC 2020
------------------ testing $PTII/ptolemy/domains/de/test/auto/ModalModel.xml
auto.tcl: Setting watchdog for 200 seconds at Sun Aug 30 15:34:30 UTC 2020
219 ms. Memory: 51200K Free: 17258K (34%)
ptolemy.util.test.WatchDog.cancel(): canceling Sun Aug 30 15:34:31 UTC 2020
auto.tcl: Setting watchdog for 200 seconds at Sun Aug 30 15:34:31 UTC 2020
205 ms. Memory: 66560K Free: 31191K (47%)
ptolemy.util.test.WatchDog.cancel(): canceling Sun Aug 30 15:34:31 UTC 2020
------------------ testing $PTII/ptolemy/domains/de/test/auto/ModalSource.xml
auto.tcl: Setting watchdog for 200 seconds at Sun Aug 30 15:34:31 UTC 2020
8 ms. Memory: 55296K Free: 31453K (57%)
ptolemy.util.test.WatchDog.cancel(): canceling Sun Aug 30 15:34:31 UTC 2020
auto.tcl: Setting watchdog for 200 seconds at Sun Aug 30 15:34:31 UTC 2020
9 ms. Memory: 55296K Free: 29468K (53%)
ptolemy.util.test.WatchDog.cancel(): canceling Sun Aug 30 15:34:31 UTC 2020
------------------ testing $PTII/ptolemy/domains/de/test/auto/NonInterruptibleTimerZeroDelay.xml
auto.tcl: Setting watchdog for 200 seconds at Sun Aug 30 15:34:31 UTC 2020
4 ms. Memory: 51200K Free: 32775K (64%)
ptolemy.util.test.WatchDog.cancel(): canceling Sun Aug 30 15:34:31 UTC 2020
auto.tcl: Setting watchdog for 200 seconds at Sun Aug 30 15:34:31 UTC 2020
2 ms. Memory: 51200K Free: 32170K (63%)
ptolemy.util.test.WatchDog.cancel(): canceling Sun Aug 30 15:34:31 UTC 2020
------------------ testing $PTII/ptolemy/domains/de/test/auto/OpenQueueingNetwork.xml
auto.tcl: Setting watchdog for 200 seconds at Sun Aug 30 15:34:31 UTC 2020
2873 ms. Memory: 116736K Free: 61153K (52%)
ptolemy.util.test.WatchDog.cancel(): canceling Sun Aug 30 15:34:34 UTC 2020
auto.tcl: Setting watchdog for 200 seconds at Sun Aug 30 15:34:34 UTC 2020
2181 ms. Memory: 140288K Free: 50362K (36%)
ptolemy.util.test.WatchDog.cancel(): canceling Sun Aug 30 15:34:36 UTC 2020
------------------ testing $PTII/ptolemy/domains/de/test/auto/OpenQueuingNetwork.xml
auto.tcl: Setting watchdog for 200 seconds at Sun Aug 30 15:34:36 UTC 2020
238 ms. Memory: 58368K Free: 32023K (55%)
ptolemy.util.test.WatchDog.cancel(): canceling Sun Aug 30 15:34:37 UTC 2020
auto.tcl: Setting watchdog for 200 seconds at Sun Aug 30 15:34:37 UTC 2020
217 ms. Memory: 58368K Free: 13515K (23%)
ptolemy.util.test.WatchDog.cancel(): canceling Sun Aug 30 15:34:37 UTC 2020
------------------ testing $PTII/ptolemy/domains/de/test/auto/PeriodicSampler.xml
auto.tcl: Setting watchdog for 200 seconds at Sun Aug 30 15:34:37 UTC 2020
4 ms. Memory: 55296K Free: 36119K (65%)
ptolemy.util.test.WatchDog.cancel(): canceling Sun Aug 30 15:34:37 UTC 2020
auto.tcl: Setting watchdog for 200 seconds at Sun Aug 30 15:34:37 UTC 2020
2 ms. Memory: 55296K Free: 35599K (64%)
ptolemy.util.test.WatchDog.cancel(): canceling Sun Aug 30 15:34:37 UTC 2020
------------------ testing $PTII/ptolemy/domains/de/test/auto/PersistentIO.xml
auto.tcl: Setting watchdog for 200 seconds at Sun Aug 30 15:34:37 UTC 2020
5 ms. Memory: 51200K Free: 26948K (53%)
ptolemy.util.test.WatchDog.cancel(): canceling Sun Aug 30 15:34:37 UTC 2020
auto.tcl: Setting watchdog for 200 seconds at Sun Aug 30 15:34:37 UTC 2020
5 ms. Memory: 51200K Free: 25428K (50%)
ptolemy.util.test.WatchDog.cancel(): canceling Sun Aug 30 15:34:37 UTC 2020
------------------ testing $PTII/ptolemy/domains/de/test/auto/PortParameterResetOnInitialize.xml
auto.tcl: Setting watchdog for 200 seconds at Sun Aug 30 15:34:37 UTC 2020
2 ms. Memory: 51200K Free: 31946K (62%)
ptolemy.util.test.WatchDog.cancel(): canceling Sun Aug 30 15:34:37 UTC 2020
auto.tcl: Setting watchdog for 200 seconds at Sun Aug 30 15:34:37 UTC 2020
3 ms. Memory: 51200K Free: 31436K (61%)
ptolemy.util.test.WatchDog.cancel(): canceling Sun Aug 30 15:34:37 UTC 2020
------------------ testing $PTII/ptolemy/domains/de/test/auto/PortParameterUpdates.xml
auto.tcl: Setting watchdog for 200 seconds at Sun Aug 30 15:34:37 UTC 2020
5 ms. Memory: 51200K Free: 30016K (59%)
ptolemy.util.test.WatchDog.cancel(): canceling Sun Aug 30 15:34:37 UTC 2020
auto.tcl: Setting watchdog for 200 seconds at Sun Aug 30 15:34:37 UTC 2020
5 ms. Memory: 51200K Free: 28990K (57%)
ptolemy.util.test.WatchDog.cancel(): canceling Sun Aug 30 15:34:37 UTC 2020
------------------ testing $PTII/ptolemy/domains/de/test/auto/QueueAndServer.xml
auto.tcl: Setting watchdog for 200 seconds at Sun Aug 30 15:34:37 UTC 2020
13 ms. Memory: 51200K Free: 28888K (56%)
ptolemy.util.test.WatchDog.cancel(): canceling Sun Aug 30 15:34:37 UTC 2020
auto.tcl: Setting watchdog for 200 seconds at Sun Aug 30 15:34:37 UTC 2020
6 ms. Memory: 51200K Free: 27436K (54%)
ptolemy.util.test.WatchDog.cancel(): canceling Sun Aug 30 15:34:37 UTC 2020
------------------ testing $PTII/ptolemy/domains/de/test/auto/Records.xml
auto.tcl: Setting watchdog for 200 seconds at Sun Aug 30 15:34:37 UTC 2020
3 ms. Memory: 51200K Free: 31178K (61%)
ptolemy.util.test.WatchDog.cancel(): canceling Sun Aug 30 15:34:37 UTC 2020
auto.tcl: Setting watchdog for 200 seconds at Sun Aug 30 15:34:37 UTC 2020
2 ms. Memory: 51200K Free: 30633K (60%)
ptolemy.util.test.WatchDog.cancel(): canceling Sun Aug 30 15:34:37 UTC 2020
------------------ testing $PTII/ptolemy/domains/de/test/auto/ResetTransitionWithStartTime1.xml
auto.tcl: Setting watchdog for 200 seconds at Sun Aug 30 15:34:37 UTC 2020
9 ms. Memory: 51200K Free: 28432K (56%)
ptolemy.util.test.WatchDog.cancel(): canceling Sun Aug 30 15:34:37 UTC 2020
auto.tcl: Setting watchdog for 200 seconds at Sun Aug 30 15:34:37 UTC 2020
5 ms. Memory: 51200K Free: 26384K (52%)
ptolemy.util.test.WatchDog.cancel(): canceling Sun Aug 30 15:34:37 UTC 2020
------------------ testing $PTII/ptolemy/domains/de/test/auto/ResetTransitionWithStartTime2.xml
auto.tcl: Setting watchdog for 200 seconds at Sun Aug 30 15:34:37 UTC 2020
6 ms. Memory: 51200K Free: 28387K (55%)
ptolemy.util.test.WatchDog.cancel(): canceling Sun Aug 30 15:34:37 UTC 2020
auto.tcl: Setting watchdog for 200 seconds at Sun Aug 30 15:34:37 UTC 2020
6 ms. Memory: 51200K Free: 26339K (51%)
ptolemy.util.test.WatchDog.cancel(): canceling Sun Aug 30 15:34:37 UTC 2020
------------------ testing $PTII/ptolemy/domains/de/test/auto/ResetTransitionWithStartTime3.xml
auto.tcl: Setting watchdog for 200 seconds at Sun Aug 30 15:34:37 UTC 2020
6 ms. Memory: 51200K Free: 28423K (56%)
ptolemy.util.test.WatchDog.cancel(): canceling Sun Aug 30 15:34:37 UTC 2020
auto.tcl: Setting watchdog for 200 seconds at Sun Aug 30 15:34:37 UTC 2020
7 ms. Memory: 51200K Free: 26338K (51%)
ptolemy.util.test.WatchDog.cancel(): canceling Sun Aug 30 15:34:37 UTC 2020
------------------ testing $PTII/ptolemy/domains/de/test/auto/ResetTransitionWithStartTime4.xml
auto.tcl: Setting watchdog for 200 seconds at Sun Aug 30 15:34:38 UTC 2020
7 ms. Memory: 51200K Free: 28810K (56%)
ptolemy.util.test.WatchDog.cancel(): canceling Sun Aug 30 15:34:38 UTC 2020
auto.tcl: Setting watchdog for 200 seconds at Sun Aug 30 15:34:38 UTC 2020
5 ms. Memory: 51200K Free: 27361K (53%)
ptolemy.util.test.WatchDog.cancel(): canceling Sun Aug 30 15:34:38 UTC 2020
------------------ testing $PTII/ptolemy/domains/de/test/auto/ResettableTimer1.xml
auto.tcl: Setting watchdog for 200 seconds at Sun Aug 30 15:34:38 UTC 2020
4 ms. Memory: 51200K Free: 32552K (64%)
ptolemy.util.test.WatchDog.cancel(): canceling Sun Aug 30 15:34:38 UTC 2020
auto.tcl: Setting watchdog for 200 seconds at Sun Aug 30 15:34:38 UTC 2020
2 ms. Memory: 51200K Free: 31932K (62%)
ptolemy.util.test.WatchDog.cancel(): canceling Sun Aug 30 15:34:38 UTC 2020
------------------ testing $PTII/ptolemy/domains/de/test/auto/ResettableTimer2.xml
auto.tcl: Setting watchdog for 200 seconds at Sun Aug 30 15:34:38 UTC 2020
3 ms. Memory: 51200K Free: 32619K (64%)
ptolemy.util.test.WatchDog.cancel(): canceling Sun Aug 30 15:34:38 UTC 2020
auto.tcl: Setting watchdog for 200 seconds at Sun Aug 30 15:34:38 UTC 2020
2 ms. Memory: 51200K Free: 32006K (63%)
ptolemy.util.test.WatchDog.cancel(): canceling Sun Aug 30 15:34:38 UTC 2020
------------------ testing $PTII/ptolemy/domains/de/test/auto/ResettableTimer3.xml
auto.tcl: Setting watchdog for 200 seconds at Sun Aug 30 15:34:38 UTC 2020
2 ms. Memory: 51200K Free: 32519K (64%)
ptolemy.util.test.WatchDog.cancel(): canceling Sun Aug 30 15:34:38 UTC 2020
auto.tcl: Setting watchdog for 200 seconds at Sun Aug 30 15:34:38 UTC 2020
1 ms. Memory: 51200K Free: 32519K (64%)
ptolemy.util.test.WatchDog.cancel(): canceling Sun Aug 30 15:34:38 UTC 2020
------------------ testing $PTII/ptolemy/domains/de/test/auto/ResettableTimer4.xml
auto.tcl: Setting watchdog for 200 seconds at Sun Aug 30 15:34:38 UTC 2020
1 ms. Memory: 51200K Free: 32532K (64%)
ptolemy.util.test.WatchDog.cancel(): canceling Sun Aug 30 15:34:38 UTC 2020
auto.tcl: Setting watchdog for 200 seconds at Sun Aug 30 15:34:38 UTC 2020
1 ms. Memory: 51200K Free: 32018K (63%)
ptolemy.util.test.WatchDog.cancel(): canceling Sun Aug 30 15:34:38 UTC 2020
------------------ testing $PTII/ptolemy/domains/de/test/auto/ResettableTimer5.xml
auto.tcl: Setting watchdog for 200 seconds at Sun Aug 30 15:34:38 UTC 2020
2 ms. Memory: 51200K Free: 32016K (63%)
ptolemy.util.test.WatchDog.cancel(): canceling Sun Aug 30 15:34:38 UTC 2020
auto.tcl: Setting watchdog for 200 seconds at Sun Aug 30 15:34:38 UTC 2020
2 ms. Memory: 51200K Free: 31506K (62%)
ptolemy.util.test.WatchDog.cancel(): canceling Sun Aug 30 15:34:38 UTC 2020
------------------ testing $PTII/ptolemy/domains/de/test/auto/ResettableTimer6.xml
auto.tcl: Setting watchdog for 200 seconds at Sun Aug 30 15:34:38 UTC 2020
1 ms. Memory: 51200K Free: 32007K (63%)
ptolemy.util.test.WatchDog.cancel(): canceling Sun Aug 30 15:34:38 UTC 2020
auto.tcl: Setting watchdog for 200 seconds at Sun Aug 30 15:34:38 UTC 2020
1 ms. Memory: 51200K Free: 31497K (62%)
ptolemy.util.test.WatchDog.cancel(): canceling Sun Aug 30 15:34:38 UTC 2020
------------------ testing $PTII/ptolemy/domains/de/test/auto/ServerZeroDelay.xml
auto.tcl: Setting watchdog for 200 seconds at Sun Aug 30 15:34:38 UTC 2020
2 ms. Memory: 51200K Free: 32512K (64%)
ptolemy.util.test.WatchDog.cancel(): canceling Sun Aug 30 15:34:38 UTC 2020
auto.tcl: Setting watchdog for 200 seconds at Sun Aug 30 15:34:38 UTC 2020
2 ms. Memory: 51200K Free: 31488K (62%)
ptolemy.util.test.WatchDog.cancel(): canceling Sun Aug 30 15:34:38 UTC 2020
------------------ testing $PTII/ptolemy/domains/de/test/auto/SmartSender.xml
auto.tcl: Setting watchdog for 200 seconds at Sun Aug 30 15:34:38 UTC 2020
3002 ms. Memory: 51200K Free: 32506K (63%)
ptolemy.util.test.WatchDog.cancel(): canceling Sun Aug 30 15:34:41 UTC 2020
auto.tcl: Setting watchdog for 200 seconds at Sun Aug 30 15:34:41 UTC 2020
3002 ms. Memory: 51200K Free: 31992K (62%)
ptolemy.util.test.WatchDog.cancel(): canceling Sun Aug 30 15:34:44 UTC 2020
------------------ testing $PTII/ptolemy/domains/de/test/auto/ThreadedComposite.xml
auto.tcl: Setting watchdog for 200 seconds at Sun Aug 30 15:34:44 UTC 2020
210 ms. Memory: 51200K Free: 13574K (27%)
ptolemy.util.test.WatchDog.cancel(): canceling Sun Aug 30 15:34:44 UTC 2020
auto.tcl: Setting watchdog for 200 seconds at Sun Aug 30 15:34:44 UTC 2020
143 ms. Memory: 51200K Free: 30001K (59%)
ptolemy.util.test.WatchDog.cancel(): canceling Sun Aug 30 15:34:44 UTC 2020
------------------ testing $PTII/ptolemy/domains/de/test/auto/Time.xml
auto.tcl: Setting watchdog for 200 seconds at Sun Aug 30 15:34:45 UTC 2020
544 ms. Memory: 51200K Free: 8527K (17%)
ptolemy.util.test.WatchDog.cancel(): canceling Sun Aug 30 15:34:45 UTC 2020
auto.tcl: Setting watchdog for 200 seconds at Sun Aug 30 15:34:45 UTC 2020
515 ms. Memory: 51200K Free: 12305K (24%)
ptolemy.util.test.WatchDog.cancel(): canceling Sun Aug 30 15:34:46 UTC 2020
------------------ testing $PTII/ptolemy/domains/de/test/auto/TimeDelayZeroDelay.xml
auto.tcl: Setting watchdog for 200 seconds at Sun Aug 30 15:34:46 UTC 2020
2 ms. Memory: 51200K Free: 32435K (63%)
ptolemy.util.test.WatchDog.cancel(): canceling Sun Aug 30 15:34:46 UTC 2020
auto.tcl: Setting watchdog for 200 seconds at Sun Aug 30 15:34:46 UTC 2020
2 ms. Memory: 51200K Free: 31574K (62%)
ptolemy.util.test.WatchDog.cancel(): canceling Sun Aug 30 15:34:46 UTC 2020
------------------ testing $PTII/ptolemy/domains/de/test/auto/TimerZeroDelay.xml
auto.tcl: Setting watchdog for 200 seconds at Sun Aug 30 15:34:46 UTC 2020
4 ms. Memory: 51200K Free: 32884K (64%)
ptolemy.util.test.WatchDog.cancel(): canceling Sun Aug 30 15:34:46 UTC 2020
auto.tcl: Setting watchdog for 200 seconds at Sun Aug 30 15:34:46 UTC 2020
3 ms. Memory: 51200K Free: 32053K (63%)
ptolemy.util.test.WatchDog.cancel(): canceling Sun Aug 30 15:34:46 UTC 2020
------------------ testing $PTII/ptolemy/domains/de/test/auto/TimingParadox.xml
auto.tcl: Setting watchdog for 200 seconds at Sun Aug 30 15:34:46 UTC 2020
320 ms. Memory: 66560K Free: 46658K (70%)
ptolemy.util.test.WatchDog.cancel(): canceling Sun Aug 30 15:34:46 UTC 2020
auto.tcl: Setting watchdog for 200 seconds at Sun Aug 30 15:34:46 UTC 2020
286 ms. Memory: 66560K Free: 49169K (74%)
ptolemy.util.test.WatchDog.cancel(): canceling Sun Aug 30 15:34:47 UTC 2020
------------------ testing $PTII/ptolemy/domains/de/test/auto/TransferInputs.xml
auto.tcl: Setting watchdog for 200 seconds at Sun Aug 30 15:34:47 UTC 2020
2 ms. Memory: 55296K Free: 35048K (63%)
ptolemy.util.test.WatchDog.cancel(): canceling Sun Aug 30 15:34:47 UTC 2020
auto.tcl: Setting watchdog for 200 seconds at Sun Aug 30 15:34:47 UTC 2020
1 ms. Memory: 55296K Free: 34124K (62%)
ptolemy.util.test.WatchDog.cancel(): canceling Sun Aug 30 15:34:47 UTC 2020
------------------ testing $PTII/ptolemy/domains/de/test/auto/TransferOutputs2.xml
auto.tcl: Setting watchdog for 200 seconds at Sun Aug 30 15:34:47 UTC 2020
3 ms. Memory: 51200K Free: 28386K (55%)
ptolemy.util.test.WatchDog.cancel(): canceling Sun Aug 30 15:34:47 UTC 2020
auto.tcl: Setting watchdog for 200 seconds at Sun Aug 30 15:34:47 UTC 2020
2 ms. Memory: 51200K Free: 26956K (53%)
ptolemy.util.test.WatchDog.cancel(): canceling Sun Aug 30 15:34:47 UTC 2020
------------------ testing $PTII/ptolemy/domains/de/test/auto/Trilateration.xml
auto.tcl: Setting watchdog for 200 seconds at Sun Aug 30 15:34:47 UTC 2020
12788 ms. Memory: 406528K Free: 174809K (43%)
ptolemy.util.test.WatchDog.cancel(): canceling Sun Aug 30 15:35:01 UTC 2020
auto.tcl: Setting watchdog for 200 seconds at Sun Aug 30 15:35:01 UTC 2020
9379 ms. Memory: 406528K Free: 207890K (51%)
ptolemy.util.test.WatchDog.cancel(): canceling Sun Aug 30 15:35:10 UTC 2020
------------------ testing $PTII/ptolemy/domains/de/test/auto/TwoSigmaDelta.xml
auto.tcl: Setting watchdog for 200 seconds at Sun Aug 30 15:35:10 UTC 2020
2427 ms. Memory: 92160K Free: 26562K (29%)
ptolemy.util.test.WatchDog.cancel(): canceling Sun Aug 30 15:35:13 UTC 2020
auto.tcl: Setting watchdog for 200 seconds at Sun Aug 30 15:35:13 UTC 2020
1797 ms. Memory: 92160K Free: 28586K (31%)
ptolemy.util.test.WatchDog.cancel(): canceling Sun Aug 30 15:35:14 UTC 2020
------------------ testing $PTII/ptolemy/domains/de/test/auto/VariableDelay.xml
auto.tcl: Setting watchdog for 200 seconds at Sun Aug 30 15:35:14 UTC 2020
3 ms. Memory: 51200K Free: 31441K (61%)
ptolemy.util.test.WatchDog.cancel(): canceling Sun Aug 30 15:35:15 UTC 2020
auto.tcl: Setting watchdog for 200 seconds at Sun Aug 30 15:35:15 UTC 2020
2 ms. Memory: 51200K Free: 30425K (59%)
ptolemy.util.test.WatchDog.cancel(): canceling Sun Aug 30 15:35:15 UTC 2020
------------------ testing $PTII/ptolemy/domains/de/test/auto/VariableDelay2.xml
auto.tcl: Setting watchdog for 200 seconds at Sun Aug 30 15:35:15 UTC 2020
2 ms. Memory: 51200K Free: 31749K (62%)
ptolemy.util.test.WatchDog.cancel(): canceling Sun Aug 30 15:35:15 UTC 2020
auto.tcl: Setting watchdog for 200 seconds at Sun Aug 30 15:35:15 UTC 2020
1 ms. Memory: 51200K Free: 30799K (60%)
ptolemy.util.test.WatchDog.cancel(): canceling Sun Aug 30 15:35:15 UTC 2020
------------------ testing $PTII/ptolemy/domains/de/test/auto/VariableDelayZeroDelay.xml
auto.tcl: Setting watchdog for 200 seconds at Sun Aug 30 15:35:15 UTC 2020
2 ms. Memory: 51200K Free: 32366K (63%)
ptolemy.util.test.WatchDog.cancel(): canceling Sun Aug 30 15:35:15 UTC 2020
auto.tcl: Setting watchdog for 200 seconds at Sun Aug 30 15:35:15 UTC 2020
3 ms. Memory: 51200K Free: 31838K (62%)
ptolemy.util.test.WatchDog.cancel(): canceling Sun Aug 30 15:35:15 UTC 2020
------------------ testing $PTII/ptolemy/domains/de/test/auto/VariableDelayZeroDelay2.xml
auto.tcl: Setting watchdog for 200 seconds at Sun Aug 30 15:35:15 UTC 2020
4 ms. Memory: 51200K Free: 32365K (63%)
ptolemy.util.test.WatchDog.cancel(): canceling Sun Aug 30 15:35:15 UTC 2020
auto.tcl: Setting watchdog for 200 seconds at Sun Aug 30 15:35:15 UTC 2020
2 ms. Memory: 51200K Free: 31341K (61%)
ptolemy.util.test.WatchDog.cancel(): canceling Sun Aug 30 15:35:15 UTC 2020
------------------ testing $PTII/ptolemy/domains/de/test/auto/deInCt.xml
auto.tcl: Setting watchdog for 200 seconds at Sun Aug 30 15:35:15 UTC 2020
0
1
1
1
1
0
0
0
1
1
1
0
0
0
1
1
1
0
0
0
0
1
1
1
1
0
0
0
1
1
1
1
1
12 ms. Memory: 51200K Free: 31338K (61%)
ptolemy.util.test.WatchDog.cancel(): canceling Sun Aug 30 15:35:15 UTC 2020
auto.tcl: Setting watchdog for 200 seconds at Sun Aug 30 15:35:15 UTC 2020
0
1
1
1
0
0
0
1
1
1
0
0
0
0
0
1
1
1
0
0
1
1
1
0
0
0
1
1
1
0
0
1
1
1
1
0
0
0
0
11 ms. Memory: 51200K Free: 29800K (58%)
ptolemy.util.test.WatchDog.cancel(): canceling Sun Aug 30 15:35:15 UTC 2020
------------------ testing $PTII/ptolemy/domains/de/test/auto/deInCt2.xml
auto.tcl: Setting watchdog for 200 seconds at Sun Aug 30 15:35:15 UTC 2020
0
1
1
1
0
0
1
1
1
0
0
1
1
1
0
0
1
1
1
0
0
1
1
1
0
0
1
1
1
0
0
1
1
1
0
0
1
1
1
0
0
0
14 ms. Memory: 51200K Free: 31341K (61%)
ptolemy.util.test.WatchDog.cancel(): canceling Sun Aug 30 15:35:15 UTC 2020
auto.tcl: Setting watchdog for 200 seconds at Sun Aug 30 15:35:15 UTC 2020
0
1
1
1
0
0
1
1
1
0
0
1
1
1
0
0
1
1
1
0
0
1
1
1
0
0
1
1
1
0
0
1
1
1
0
0
1
1
1
0
0
0
10 ms. Memory: 51200K Free: 29789K (58%)
ptolemy.util.test.WatchDog.cancel(): canceling Sun Aug 30 15:35:15 UTC 2020
------------------ testing $PTII/ptolemy/domains/de/test/auto/dynamicCausalityInterface1.xml
auto.tcl: Setting watchdog for 200 seconds at Sun Aug 30 15:35:15 UTC 2020
2 ms. Memory: 51200K Free: 27239K (53%)
ptolemy.util.test.WatchDog.cancel(): canceling Sun Aug 30 15:35:15 UTC 2020
auto.tcl: Setting watchdog for 200 seconds at Sun Aug 30 15:35:15 UTC 2020
1 ms. Memory: 51200K Free: 26725K (52%)
ptolemy.util.test.WatchDog.cancel(): canceling Sun Aug 30 15:35:15 UTC 2020
------------------ testing $PTII/ptolemy/domains/de/test/auto/fsm_de_test.xml
auto.tcl: Setting watchdog for 200 seconds at Sun Aug 30 15:35:15 UTC 2020
7 ms. Memory: 51200K Free: 27137K (53%)
ptolemy.util.test.WatchDog.cancel(): canceling Sun Aug 30 15:35:15 UTC 2020
auto.tcl: Setting watchdog for 200 seconds at Sun Aug 30 15:35:15 UTC 2020
6 ms. Memory: 51200K Free: 25089K (49%)
ptolemy.util.test.WatchDog.cancel(): canceling Sun Aug 30 15:35:15 UTC 2020
------------------ testing $PTII/ptolemy/domains/de/test/auto/functionDependencyReconstruction.xml
auto.tcl: Setting watchdog for 200 seconds at Sun Aug 30 15:35:15 UTC 2020
2 ms. Memory: 51200K Free: 20983K (41%)
ptolemy.util.test.WatchDog.cancel(): canceling Sun Aug 30 15:35:15 UTC 2020
auto.tcl: Setting watchdog for 200 seconds at Sun Aug 30 15:35:15 UTC 2020
2 ms. Memory: 51200K Free: 18935K (37%)
ptolemy.util.test.WatchDog.cancel(): canceling Sun Aug 30 15:35:15 UTC 2020
------------------ testing $PTII/ptolemy/domains/de/test/auto/multirate.xml
auto.tcl: Setting watchdog for 200 seconds at Sun Aug 30 15:35:15 UTC 2020
3 ms. Memory: 51200K Free: 29554K (58%)
ptolemy.util.test.WatchDog.cancel(): canceling Sun Aug 30 15:35:15 UTC 2020
auto.tcl: Setting watchdog for 200 seconds at Sun Aug 30 15:35:15 UTC 2020
3 ms. Memory: 51200K Free: 28034K (55%)
ptolemy.util.test.WatchDog.cancel(): canceling Sun Aug 30 15:35:15 UTC 2020
------------------ testing $PTII/ptolemy/domains/de/test/auto/multirate2.xml
auto.tcl: Setting watchdog for 200 seconds at Sun Aug 30 15:35:15 UTC 2020
3 ms. Memory: 51200K Free: 29735K (58%)
ptolemy.util.test.WatchDog.cancel(): canceling Sun Aug 30 15:35:15 UTC 2020
auto.tcl: Setting watchdog for 200 seconds at Sun Aug 30 15:35:15 UTC 2020
3 ms. Memory: 51200K Free: 28215K (55%)
ptolemy.util.test.WatchDog.cancel(): canceling Sun Aug 30 15:35:15 UTC 2020
------------------ testing $PTII/ptolemy/domains/de/test/auto/realtime.xml
auto.tcl: Setting watchdog for 200 seconds at Sun Aug 30 15:35:15 UTC 2020
10002 ms. Memory: 51200K Free: 32010K (63%)
ptolemy.util.test.WatchDog.cancel(): canceling Sun Aug 30 15:35:25 UTC 2020
auto.tcl: Setting watchdog for 200 seconds at Sun Aug 30 15:35:25 UTC 2020
10002 ms. Memory: 51200K Free: 31285K (61%)
ptolemy.util.test.WatchDog.cancel(): canceling Sun Aug 30 15:35:35 UTC 2020
------------------ testing $PTII/ptolemy/domains/de/test/auto/relationGroup.xml
auto.tcl: Setting watchdog for 200 seconds at Sun Aug 30 15:35:35 UTC 2020
2 ms. Memory: 51200K Free: 33089K (65%)
ptolemy.util.test.WatchDog.cancel(): canceling Sun Aug 30 15:35:35 UTC 2020
auto.tcl: Setting watchdog for 200 seconds at Sun Aug 30 15:35:35 UTC 2020
2 ms. Memory: 51200K Free: 32577K (64%)
ptolemy.util.test.WatchDog.cancel(): canceling Sun Aug 30 15:35:35 UTC 2020
------------------ testing $PTII/ptolemy/domains/de/test/auto/relationGroup2.xml
auto.tcl: Setting watchdog for 200 seconds at Sun Aug 30 15:35:35 UTC 2020
2 ms. Memory: 51200K Free: 32900K (64%)
ptolemy.util.test.WatchDog.cancel(): canceling Sun Aug 30 15:35:35 UTC 2020
auto.tcl: Setting watchdog for 200 seconds at Sun Aug 30 15:35:35 UTC 2020
1 ms. Memory: 51200K Free: 32390K (63%)
ptolemy.util.test.WatchDog.cancel(): canceling Sun Aug 30 15:35:35 UTC 2020
------------------ testing $PTII/ptolemy/domains/de/test/auto/sortWithOpaquePorts.xml
auto.tcl: Setting watchdog for 200 seconds at Sun Aug 30 15:35:35 UTC 2020
1 ms. Memory: 51200K Free: 31863K (62%)
ptolemy.util.test.WatchDog.cancel(): canceling Sun Aug 30 15:35:35 UTC 2020
auto.tcl: Setting watchdog for 200 seconds at Sun Aug 30 15:35:35 UTC 2020
2 ms. Memory: 51200K Free: 30839K (60%)
ptolemy.util.test.WatchDog.cancel(): canceling Sun Aug 30 15:35:35 UTC 2020
------------------ testing $PTII/ptolemy/domains/de/test/auto/transferInputsandOutputs.xml
auto.tcl: Setting watchdog for 200 seconds at Sun Aug 30 15:35:36 UTC 2020
4 ms. Memory: 51200K Free: 29306K (57%)
ptolemy.util.test.WatchDog.cancel(): canceling Sun Aug 30 15:35:36 UTC 2020
auto.tcl: Setting watchdog for 200 seconds at Sun Aug 30 15:35:36 UTC 2020
2 ms. Memory: 51200K Free: 28282K (55%)
ptolemy.util.test.WatchDog.cancel(): canceling Sun Aug 30 15:35:36 UTC 2020
------------------ testing $PTII/ptolemy/domains/de/test/auto/triggerType.xml
auto.tcl: Setting watchdog for 200 seconds at Sun Aug 30 15:35:36 UTC 2020
2 ms. Memory: 51200K Free: 32331K (63%)
ptolemy.util.test.WatchDog.cancel(): canceling Sun Aug 30 15:35:36 UTC 2020
auto.tcl: Setting watchdog for 200 seconds at Sun Aug 30 15:35:36 UTC 2020
2 ms. Memory: 51200K Free: 31307K (61%)
ptolemy.util.test.WatchDog.cancel(): canceling Sun Aug 30 15:35:36 UTC 2020
08/30/20 03:35:36
Failed: 0  Total Tests: 192  ((Passed: 187, Newly Passed: 1)  Known Failed: 5) /home/travis/build/icyphy/ptII/ptolemy/domains/de/test
08/30/20 03:35:36
Failed: 0  Total Tests: 192  ((Passed: 187, Newly Passed: 1)  Known Failed: 5) /home/travis/build/icyphy/ptII/ptolemy/domains/de/test
----------------- testing (KnownFailure) /home/travis/build/icyphy/ptII/ptolemy/domains/de/test/auto/knownFailedTests/DESDFClockTest.xml
2017 ms. Memory: 51200K Free: 25726K (50%)
Known Failure: java.lang.reflect.InvocationTargetException
----------------- testing (KnownFailure) /home/travis/build/icyphy/ptII/ptolemy/domains/de/test/auto/knownFailedTests/DirectFeedback.xml
1 ms. Memory: 51200K Free: 22144K (43%)
Known Failure: java.lang.reflect.InvocationTargetException
----------------- testing (KnownFailure) /home/travis/build/icyphy/ptII/ptolemy/domains/de/test/auto/knownFailedTests/FSMSource.xml
12 ms. Memory: 51200K Free: 14448K (28%)
----------------- testing (KnownFailure) /home/travis/build/icyphy/ptII/ptolemy/domains/de/test/auto/knownFailedTests/HierarchicalModel.xml
2 ms. Memory: 51200K Free: 27490K (54%)
Known Failure: java.lang.reflect.InvocationTargetException
----------------- testing (KnownFailure) /home/travis/build/icyphy/ptII/ptolemy/domains/de/test/auto/knownFailedTests/dependencyLoop.xml
2 ms. Memory: 51200K Free: 12154K (24%)
Known Failure: java.lang.reflect.InvocationTargetException
----------------- testing (KnownFailure) /home/travis/build/icyphy/ptII/ptolemy/domains/de/test/auto/knownFailedTests/dependencyLoop2.xml
9 ms. Memory: 51200K Free: 25884K (51%)
Known Failure: java.lang.reflect.InvocationTargetException
No auto/linux-amd64/*.xml tests in /home/travis/build/icyphy/ptII/ptolemy/domains/de/test
AutoTests.java: About to close Vertx.
AutoTests.java: Vertx closed.

===========================================================================================
----------------- testing Sun Aug 30 15:35:38 UTC 2020 /home/travis/build/icyphy/ptII/ptolemy/domains/de/test/auto/ActorDepthCalculation_actorWithoutPorts.xml
----------------- Instantiating /home/travis/build/icyphy/ptII/ptolemy/domains/de/test/auto/ActorDepthCalculation_actorWithoutPorts.xml
2 ms. Memory: 51200K Free: 18957K (37%)
----------------- Invoking toplevel() on ptolemy.moml.MoMLSimpleApplication@4b4f17ff
----------------- Done invoking toplevel() on ptolemy.moml.MoMLSimpleApplication@4b4f17ff
reloadAllAccessors: .ActorDepthCalculation_actorWithoutPorts

===========================================================================================
----------------- testing Sun Aug 30 15:35:38 UTC 2020 /home/travis/build/icyphy/ptII/ptolemy/domains/de/test/auto/AssemblyLine.xml
----------------- Instantiating /home/travis/build/icyphy/ptII/ptolemy/domains/de/test/auto/AssemblyLine.xml
3 ms. Memory: 51200K Free: 11821K (23%)
----------------- Invoking toplevel() on ptolemy.moml.MoMLSimpleApplication@365febb1
----------------- Done invoking toplevel() on ptolemy.moml.MoMLSimpleApplication@365febb1
reloadAllAccessors: .AssemblyLine

===========================================================================================
----------------- testing Sun Aug 30 15:35:38 UTC 2020 /home/travis/build/icyphy/ptII/ptolemy/domains/de/test/auto/CQBug1.xml
----------------- Instantiating /home/travis/build/icyphy/ptII/ptolemy/domains/de/test/auto/CQBug1.xml
1 ms. Memory: 51200K Free: 8765K (17%)
----------------- Invoking toplevel() on ptolemy.moml.MoMLSimpleApplication@5fed3a83
----------------- Done invoking toplevel() on ptolemy.moml.MoMLSimpleApplication@5fed3a83
reloadAllAccessors: .CQBug1

===========================================================================================
----------------- testing Sun Aug 30 15:35:38 UTC 2020 /home/travis/build/icyphy/ptII/ptolemy/domains/de/test/auto/CancelFireAt.xml
----------------- Instantiating /home/travis/build/icyphy/ptII/ptolemy/domains/de/test/auto/CancelFireAt.xml
2 ms. Memory: 51200K Free: 35157K (69%)
----------------- Invoking toplevel() on ptolemy.moml.MoMLSimpleApplication@15b687f6
----------------- Done invoking toplevel() on ptolemy.moml.MoMLSimpleApplication@15b687f6
reloadAllAccessors: .CancelFireAt

===========================================================================================
----------------- testing Sun Aug 30 15:35:38 UTC 2020 /home/travis/build/icyphy/ptII/ptolemy/domains/de/test/auto/CausalityAndComposabilityAnalysis.xml
----------------- Instantiating /home/travis/build/icyphy/ptII/ptolemy/domains/de/test/auto/CausalityAndComposabilityAnalysis.xml
2 ms. Memory: 51200K Free: 30773K (60%)
----------------- Invoking toplevel() on ptolemy.moml.MoMLSimpleApplication@290e7060
----------------- Done invoking toplevel() on ptolemy.moml.MoMLSimpleApplication@290e7060
reloadAllAccessors: .CausalityAndComposabilityAnalysis

===========================================================================================
----------------- testing Sun Aug 30 15:35:38 UTC 2020 /home/travis/build/icyphy/ptII/ptolemy/domains/de/test/auto/CausalityInterface1.xml
----------------- Instantiating /home/travis/build/icyphy/ptII/ptolemy/domains/de/test/auto/CausalityInterface1.xml
6 ms. Memory: 51200K Free: 26009K (51%)
----------------- Invoking toplevel() on ptolemy.moml.MoMLSimpleApplication@37b41e3
----------------- Done invoking toplevel() on ptolemy.moml.MoMLSimpleApplication@37b41e3
reloadAllAccessors: .CausalityInterface1

===========================================================================================
----------------- testing Sun Aug 30 15:35:38 UTC 2020 /home/travis/build/icyphy/ptII/ptolemy/domains/de/test/auto/CausalityInterface15.xml
----------------- Instantiating /home/travis/build/icyphy/ptII/ptolemy/domains/de/test/auto/CausalityInterface15.xml
1 ms. Memory: 51200K Free: 20533K (40%)
----------------- Invoking toplevel() on ptolemy.moml.MoMLSimpleApplication@6c9efd32
----------------- Done invoking toplevel() on ptolemy.moml.MoMLSimpleApplication@6c9efd32
reloadAllAccessors: .CausalityInterface15

===========================================================================================
----------------- testing Sun Aug 30 15:35:38 UTC 2020 /home/travis/build/icyphy/ptII/ptolemy/domains/de/test/auto/CausalityInterface2.xml
----------------- Instantiating /home/travis/build/icyphy/ptII/ptolemy/domains/de/test/auto/CausalityInterface2.xml
1 ms. Memory: 51200K Free: 15863K (31%)
[...]
	at ptolemy.actor.Manager.run(Manager.java:1263)
	at ptolemy.actor.Manager$PtolemyRunThread.run(Manager.java:1933)
java.lang.RuntimeException: Execution failed
	at ptolemy.moml.MoMLSimpleApplication$UnloadThread.run(MoMLSimpleApplication.java:402)
Caused by: ptolemy.kernel.util.IllegalActionException: Actor is not ready to fire.  Perhaps UpSample.prefire() returned false? Try debugging the actor by selecting "Listen to Actor".  Also, for SDF check moml for tokenConsumptionRate on input.
  in .DESDFClockTest.Play Bell.Copy1:SDF Director and .DESDFClockTest.Play Bell.UpSample
	at ptolemy.actor.sched.StaticSchedulingDirector.fire(StaticSchedulingDirector.java:227)
	at ptolemy.domains.sdf.kernel.SDFDirector.fire(SDFDirector.java:500)
	at ptolemy.actor.CompositeActor.fire(CompositeActor.java:455)
	at ptolemy.domains.de.kernel.DEDirector._fire(DEDirector.java:1949)
	at ptolemy.domains.de.kernel.DEDirector.fire(DEDirector.java:502)
	at ptolemy.actor.CompositeActor.fire(CompositeActor.java:455)
	at ptolemy.actor.Manager.iterate(Manager.java:851)
	at ptolemy.actor.Manager.execute(Manager.java:369)
	at ptolemy.actor.Manager.run(Manager.java:1263)
	at ptolemy.actor.Manager$PtolemyRunThread.run(Manager.java:1933)
java.lang.reflect.InvocationTargetException
	at java.base/jdk.internal.reflect.NativeConstructorAccessorImpl.newInstance0(Native Method)
	at java.base/jdk.internal.reflect.NativeConstructorAccessorImpl.newInstance(NativeConstructorAccessorImpl.java:62)
	at java.base/jdk.internal.reflect.DelegatingConstructorAccessorImpl.newInstance(DelegatingConstructorAccessorImpl.java:45)
	at java.base/java.lang.reflect.Constructor.newInstance(Constructor.java:490)
	at ptolemy.util.test.junit.AutoKnownFailedTests.RunModel(AutoKnownFailedTests.java:105)
	at java.base/jdk.internal.reflect.NativeMethodAccessorImpl.invoke0(Native Method)
	at java.base/jdk.internal.reflect.NativeMethodAccessorImpl.invoke(NativeMethodAccessorImpl.java:62)
	at java.base/jdk.internal.reflect.DelegatingMethodAccessorImpl.invoke(DelegatingMethodAccessorImpl.java:43)
	at java.base/java.lang.reflect.Method.invoke(Method.java:566)
	at org.junit.runners.model.FrameworkMethod$1.runReflectiveCall(FrameworkMethod.java:44)
	at org.junit.internal.runners.model.ReflectiveCallable.run(ReflectiveCallable.java:15)
	at org.junit.runners.model.FrameworkMethod.invokeExplosively(FrameworkMethod.java:41)
	at junitparams.internal.InvokeParameterisedMethod.evaluate(InvokeParameterisedMethod.java:102)
	at org.junit.internal.runners.statements.FailOnTimeout$1.run(FailOnTimeout.java:28)
Caused by: ptolemy.kernel.util.IllegalActionException: Actor is not ready to fire.  Perhaps UpSample.prefire() returned false? Try debugging the actor by selecting "Listen to Actor".  Also, for SDF check moml for tokenConsumptionRate on input.
  in .DESDFClockTest.Play Bell.Copy1:SDF Director and .DESDFClockTest.Play Bell.UpSample
	at ptolemy.actor.sched.StaticSchedulingDirector.fire(StaticSchedulingDirector.java:227)
	at ptolemy.domains.sdf.kernel.SDFDirector.fire(SDFDirector.java:500)
	at ptolemy.actor.CompositeActor.fire(CompositeActor.java:455)
	at ptolemy.domains.de.kernel.DEDirector._fire(DEDirector.java:1949)
	at ptolemy.domains.de.kernel.DEDirector.fire(DEDirector.java:502)
	at ptolemy.actor.CompositeActor.fire(CompositeActor.java:455)
	at ptolemy.actor.Manager.iterate(Manager.java:851)
	at ptolemy.actor.Manager.execute(Manager.java:369)
	at ptolemy.actor.Manager.run(Manager.java:1263)
	at ptolemy.actor.Manager$PtolemyRunThread.run(Manager.java:1933)
java.lang.RuntimeException: Execution failed
	at ptolemy.moml.MoMLSimpleApplication$UnloadThread.run(MoMLSimpleApplication.java:402)
Caused by: ptolemy.kernel.util.IllegalActionException: Test fails in iteration 1.
Value was: 1.0. Should have been: 2.0
  in .DirectFeedback.Test
	at ptolemy.actor.lib.Test.fire(Test.java:268)
	at ptolemy.domains.de.kernel.DEDirector._fire(DEDirector.java:1949)
	at ptolemy.domains.de.kernel.DEDirector.fire(DEDirector.java:502)
	at ptolemy.actor.CompositeActor.fire(CompositeActor.java:455)
	at ptolemy.actor.Manager.iterate(Manager.java:851)
	at ptolemy.actor.Manager.execute(Manager.java:369)
	at ptolemy.actor.Manager.run(Manager.java:1263)
	at ptolemy.actor.Manager$PtolemyRunThread.run(Manager.java:1933)
java.lang.reflect.InvocationTargetException
	at java.base/jdk.internal.reflect.NativeConstructorAccessorImpl.newInstance0(Native Method)
	at java.base/jdk.internal.reflect.NativeConstructorAccessorImpl.newInstance(NativeConstructorAccessorImpl.java:62)
	at java.base/jdk.internal.reflect.DelegatingConstructorAccessorImpl.newInstance(DelegatingConstructorAccessorImpl.java:45)
	at java.base/java.lang.reflect.Constructor.newInstance(Constructor.java:490)
	at ptolemy.util.test.junit.AutoKnownFailedTests.RunModel(AutoKnownFailedTests.java:105)
	at java.base/jdk.internal.reflect.NativeMethodAccessorImpl.invoke0(Native Method)
	at java.base/jdk.internal.reflect.NativeMethodAccessorImpl.invoke(NativeMethodAccessorImpl.java:62)
	at java.base/jdk.internal.reflect.DelegatingMethodAccessorImpl.invoke(DelegatingMethodAccessorImpl.java:43)
	at java.base/java.lang.reflect.Method.invoke(Method.java:566)
	at org.junit.runners.model.FrameworkMethod$1.runReflectiveCall(FrameworkMethod.java:44)
	at org.junit.internal.runners.model.ReflectiveCallable.run(ReflectiveCallable.java:15)
	at org.junit.runners.model.FrameworkMethod.invokeExplosively(FrameworkMethod.java:41)
	at junitparams.internal.InvokeParameterisedMethod.evaluate(InvokeParameterisedMethod.java:102)
	at org.junit.internal.runners.statements.FailOnTimeout$1.run(FailOnTimeout.java:28)
Caused by: ptolemy.kernel.util.IllegalActionException: Test fails in iteration 1.
Value was: 1.0. Should have been: 2.0
  in .DirectFeedback.Test
	at ptolemy.actor.lib.Test.fire(Test.java:268)
	at ptolemy.domains.de.kernel.DEDirector._fire(DEDirector.java:1949)
	at ptolemy.domains.de.kernel.DEDirector.fire(DEDirector.java:502)
	at ptolemy.actor.CompositeActor.fire(CompositeActor.java:455)
	at ptolemy.actor.Manager.iterate(Manager.java:851)
	at ptolemy.actor.Manager.execute(Manager.java:369)
	at ptolemy.actor.Manager.run(Manager.java:1263)
	at ptolemy.actor.Manager$PtolemyRunThread.run(Manager.java:1933)
java.lang.RuntimeException: Execution failed
	at ptolemy.moml.MoMLSimpleApplication$UnloadThread.run(MoMLSimpleApplication.java:402)
Caused by: ptolemy.kernel.util.IllegalActionException: Found a zero delay loop containing .HierarchicalModel.A
  in .HierarchicalModel and .HierarchicalModel.A
	at ptolemy.actor.util.CausalityInterfaceForComposites._computeOutputPortDepth(CausalityInterfaceForComposites.java:759)
	at ptolemy.actor.util.CausalityInterfaceForComposites._computeInputDepth(CausalityInterfaceForComposites.java:696)
	at ptolemy.actor.util.CausalityInterfaceForComposites._computeOutputPortDepth(CausalityInterfaceForComposites.java:765)
	at ptolemy.actor.util.CausalityInterfaceForComposites._computeInputDepth(CausalityInterfaceForComposites.java:696)
	at ptolemy.actor.util.CausalityInterfaceForComposites._computeOutputPortDepth(CausalityInterfaceForComposites.java:765)
	at ptolemy.actor.util.CausalityInterfaceForComposites._computeInputDepth(CausalityInterfaceForComposites.java:696)
	at ptolemy.actor.util.CausalityInterfaceForComposites._computeActorDepth(CausalityInterfaceForComposites.java:532)
	at ptolemy.actor.util.CausalityInterfaceForComposites.checkForCycles(CausalityInterfaceForComposites.java:96)
	at ptolemy.domains.de.kernel.DEDirector.preinitialize(DEDirector.java:1338)
	at ptolemy.actor.CompositeActor.preinitialize(CompositeActor.java:1828)
	at ptolemy.actor.Manager.preinitializeAndResolveTypes(Manager.java:1040)
	at ptolemy.actor.Manager.initialize(Manager.java:710)
	at ptolemy.actor.Manager.execute(Manager.java:356)
	at ptolemy.actor.Manager.run(Manager.java:1263)
	at ptolemy.actor.Manager$PtolemyRunThread.run(Manager.java:1933)
java.lang.reflect.InvocationTargetException
	at java.base/jdk.internal.reflect.NativeConstructorAccessorImpl.newInstance0(Native Method)
	at java.base/jdk.internal.reflect.NativeConstructorAccessorImpl.newInstance(NativeConstructorAccessorImpl.java:62)
	at java.base/jdk.internal.reflect.DelegatingConstructorAccessorImpl.newInstance(DelegatingConstructorAccessorImpl.java:45)
	at java.base/java.lang.reflect.Constructor.newInstance(Constructor.java:490)
	at ptolemy.util.test.junit.AutoKnownFailedTests.RunModel(AutoKnownFailedTests.java:105)
	at java.base/jdk.internal.reflect.NativeMethodAccessorImpl.invoke0(Native Method)
	at java.base/jdk.internal.reflect.NativeMethodAccessorImpl.invoke(NativeMethodAccessorImpl.java:62)
	at java.base/jdk.internal.reflect.DelegatingMethodAccessorImpl.invoke(DelegatingMethodAccessorImpl.java:43)
	at java.base/java.lang.reflect.Method.invoke(Method.java:566)
	at org.junit.runners.model.FrameworkMethod$1.runReflectiveCall(FrameworkMethod.java:44)
	at org.junit.internal.runners.model.ReflectiveCallable.run(ReflectiveCallable.java:15)
	at org.junit.runners.model.FrameworkMethod.invokeExplosively(FrameworkMethod.java:41)
	at junitparams.internal.InvokeParameterisedMethod.evaluate(InvokeParameterisedMethod.java:102)
	at org.junit.internal.runners.statements.FailOnTimeout$1.run(FailOnTimeout.java:28)
Caused by: ptolemy.kernel.util.IllegalActionException: Found a zero delay loop containing .HierarchicalModel.A
  in .HierarchicalModel and .HierarchicalModel.A
	at ptolemy.actor.util.CausalityInterfaceForComposites._computeOutputPortDepth(CausalityInterfaceForComposites.java:759)
	at ptolemy.actor.util.CausalityInterfaceForComposites._computeInputDepth(CausalityInterfaceForComposites.java:696)
	at ptolemy.actor.util.CausalityInterfaceForComposites._computeOutputPortDepth(CausalityInterfaceForComposites.java:765)
	at ptolemy.actor.util.CausalityInterfaceForComposites._computeInputDepth(CausalityInterfaceForComposites.java:696)
	at ptolemy.actor.util.CausalityInterfaceForComposites._computeOutputPortDepth(CausalityInterfaceForComposites.java:765)
	at ptolemy.actor.util.CausalityInterfaceForComposites._computeInputDepth(CausalityInterfaceForComposites.java:696)
	at ptolemy.actor.util.CausalityInterfaceForComposites._computeActorDepth(CausalityInterfaceForComposites.java:532)
	at ptolemy.actor.util.CausalityInterfaceForComposites.checkForCycles(CausalityInterfaceForComposites.java:96)
	at ptolemy.domains.de.kernel.DEDirector.preinitialize(DEDirector.java:1338)
	at ptolemy.actor.CompositeActor.preinitialize(CompositeActor.java:1828)
	at ptolemy.actor.Manager.preinitializeAndResolveTypes(Manager.java:1040)
	at ptolemy.actor.Manager.initialize(Manager.java:710)
	at ptolemy.actor.Manager.execute(Manager.java:356)
	at ptolemy.actor.Manager.run(Manager.java:1263)
	at ptolemy.actor.Manager$PtolemyRunThread.run(Manager.java:1933)
java.lang.RuntimeException: Execution failed
	at ptolemy.moml.MoMLSimpleApplication$UnloadThread.run(MoMLSimpleApplication.java:402)
Caused by: ptolemy.kernel.util.IllegalActionException: Found a zero delay loop containing .dependencyLoop.original
  in .dependencyLoop and .dependencyLoop.original
	at ptolemy.actor.util.CausalityInterfaceForComposites._computeOutputPortDepth(CausalityInterfaceForComposites.java:759)
	at ptolemy.actor.util.CausalityInterfaceForComposites._computeInputDepth(CausalityInterfaceForComposites.java:696)
	at ptolemy.actor.util.CausalityInterfaceForComposites._computeOutputPortDepth(CausalityInterfaceForComposites.java:765)
	at ptolemy.actor.util.CausalityInterfaceForComposites._computeInputDepth(CausalityInterfaceForComposites.java:696)
	at ptolemy.actor.util.CausalityInterfaceForComposites._computeOutputPortDepth(CausalityInterfaceForComposites.java:765)
	at ptolemy.actor.util.CausalityInterfaceForComposites._computeInputDepth(CausalityInterfaceForComposites.java:696)
	at ptolemy.actor.util.CausalityInterfaceForComposites._computeActorDepth(CausalityInterfaceForComposites.java:532)
	at ptolemy.actor.util.CausalityInterfaceForComposites.checkForCycles(CausalityInterfaceForComposites.java:96)
	at ptolemy.domains.de.kernel.DEDirector.preinitialize(DEDirector.java:1338)
	at ptolemy.actor.CompositeActor.preinitialize(CompositeActor.java:1828)
	at ptolemy.actor.Manager.preinitializeAndResolveTypes(Manager.java:1040)
	at ptolemy.actor.Manager.initialize(Manager.java:710)
	at ptolemy.actor.Manager.execute(Manager.java:356)
	at ptolemy.actor.Manager.run(Manager.java:1263)
	at ptolemy.actor.Manager$PtolemyRunThread.run(Manager.java:1933)
java.lang.reflect.InvocationTargetException
	at java.base/jdk.internal.reflect.NativeConstructorAccessorImpl.newInstance0(Native Method)
	at java.base/jdk.internal.reflect.NativeConstructorAccessorImpl.newInstance(NativeConstructorAccessorImpl.java:62)
	at java.base/jdk.internal.reflect.DelegatingConstructorAccessorImpl.newInstance(DelegatingConstructorAccessorImpl.java:45)
	at java.base/java.lang.reflect.Constructor.newInstance(Constructor.java:490)
	at ptolemy.util.test.junit.AutoKnownFailedTests.RunModel(AutoKnownFailedTests.java:105)
	at java.base/jdk.internal.reflect.NativeMethodAccessorImpl.invoke0(Native Method)
	at java.base/jdk.internal.reflect.NativeMethodAccessorImpl.invoke(NativeMethodAccessorImpl.java:62)
	at java.base/jdk.internal.reflect.DelegatingMethodAccessorImpl.invoke(DelegatingMethodAccessorImpl.java:43)
	at java.base/java.lang.reflect.Method.invoke(Method.java:566)
	at org.junit.runners.model.FrameworkMethod$1.runReflectiveCall(FrameworkMethod.java:44)
	at org.junit.internal.runners.model.ReflectiveCallable.run(ReflectiveCallable.java:15)
	at org.junit.runners.model.FrameworkMethod.invokeExplosively(FrameworkMethod.java:41)
	at junitparams.internal.InvokeParameterisedMethod.evaluate(InvokeParameterisedMethod.java:102)
	at org.junit.internal.runners.statements.FailOnTimeout$1.run(FailOnTimeout.java:28)
Caused by: ptolemy.kernel.util.IllegalActionException: Found a zero delay loop containing .dependencyLoop.original
  in .dependencyLoop and .dependencyLoop.original
	at ptolemy.actor.util.CausalityInterfaceForComposites._computeOutputPortDepth(CausalityInterfaceForComposites.java:759)
	at ptolemy.actor.util.CausalityInterfaceForComposites._computeInputDepth(CausalityInterfaceForComposites.java:696)
	at ptolemy.actor.util.CausalityInterfaceForComposites._computeOutputPortDepth(CausalityInterfaceForComposites.java:765)
	at ptolemy.actor.util.CausalityInterfaceForComposites._computeInputDepth(CausalityInterfaceForComposites.java:696)
	at ptolemy.actor.util.CausalityInterfaceForComposites._computeOutputPortDepth(CausalityInterfaceForComposites.java:765)
	at ptolemy.actor.util.CausalityInterfaceForComposites._computeInputDepth(CausalityInterfaceForComposites.java:696)
	at ptolemy.actor.util.CausalityInterfaceForComposites._computeActorDepth(CausalityInterfaceForComposites.java:532)
	at ptolemy.actor.util.CausalityInterfaceForComposites.checkForCycles(CausalityInterfaceForComposites.java:96)
	at ptolemy.domains.de.kernel.DEDirector.preinitialize(DEDirector.java:1338)
	at ptolemy.actor.CompositeActor.preinitialize(CompositeActor.java:1828)
	at ptolemy.actor.Manager.preinitializeAndResolveTypes(Manager.java:1040)
	at ptolemy.actor.Manager.initialize(Manager.java:710)
	at ptolemy.actor.Manager.execute(Manager.java:356)
	at ptolemy.actor.Manager.run(Manager.java:1263)
	at ptolemy.actor.Manager$PtolemyRunThread.run(Manager.java:1933)
java.lang.RuntimeException: Execution failed
	at ptolemy.moml.MoMLSimpleApplication$UnloadThread.run(MoMLSimpleApplication.java:402)
Caused by: ptolemy.kernel.util.IllegalActionException: Found a zero delay loop containing .dependencyLoop2.original
  in .dependencyLoop2 and .dependencyLoop2.original
	at ptolemy.actor.util.CausalityInterfaceForComposites._computeOutputPortDepth(CausalityInterfaceForComposites.java:759)
	at ptolemy.actor.util.CausalityInterfaceForComposites._computeInputDepth(CausalityInterfaceForComposites.java:696)
	at ptolemy.actor.util.CausalityInterfaceForComposites._computeOutputPortDepth(CausalityInterfaceForComposites.java:765)
	at ptolemy.actor.util.CausalityInterfaceForComposites._computeInputDepth(CausalityInterfaceForComposites.java:696)
	at ptolemy.actor.util.CausalityInterfaceForComposites._computeOutputPortDepth(CausalityInterfaceForComposites.java:765)
	at ptolemy.actor.util.CausalityInterfaceForComposites._computeInputDepth(CausalityInterfaceForComposites.java:696)
	at ptolemy.actor.util.CausalityInterfaceForComposites._computeActorDepth(CausalityInterfaceForComposites.java:532)
	at ptolemy.actor.util.CausalityInterfaceForComposites.checkForCycles(CausalityInterfaceForComposites.java:96)
	at ptolemy.domains.de.kernel.DEDirector.preinitialize(DEDirector.java:1338)
	at ptolemy.actor.CompositeActor.preinitialize(CompositeActor.java:1828)
	at ptolemy.actor.Manager.preinitializeAndResolveTypes(Manager.java:1040)
	at ptolemy.actor.Manager.initialize(Manager.java:710)
	at ptolemy.actor.Manager.execute(Manager.java:356)
	at ptolemy.actor.Manager.run(Manager.java:1263)
	at ptolemy.actor.Manager$PtolemyRunThread.run(Manager.java:1933)
java.lang.reflect.InvocationTargetException
	at java.base/jdk.internal.reflect.NativeConstructorAccessorImpl.newInstance0(Native Method)
	at java.base/jdk.internal.reflect.NativeConstructorAccessorImpl.newInstance(NativeConstructorAccessorImpl.java:62)
	at java.base/jdk.internal.reflect.DelegatingConstructorAccessorImpl.newInstance(DelegatingConstructorAccessorImpl.java:45)
	at java.base/java.lang.reflect.Constructor.newInstance(Constructor.java:490)
	at ptolemy.util.test.junit.AutoKnownFailedTests.RunModel(AutoKnownFailedTests.java:105)
	at java.base/jdk.internal.reflect.NativeMethodAccessorImpl.invoke0(Native Method)
	at java.base/jdk.internal.reflect.NativeMethodAccessorImpl.invoke(NativeMethodAccessorImpl.java:62)
	at java.base/jdk.internal.reflect.DelegatingMethodAccessorImpl.invoke(DelegatingMethodAccessorImpl.java:43)
	at java.base/java.lang.reflect.Method.invoke(Method.java:566)
	at org.junit.runners.model.FrameworkMethod$1.runReflectiveCall(FrameworkMethod.java:44)
	at org.junit.internal.runners.model.ReflectiveCallable.run(ReflectiveCallable.java:15)
	at org.junit.runners.model.FrameworkMethod.invokeExplosively(FrameworkMethod.java:41)
	at junitparams.internal.InvokeParameterisedMethod.evaluate(InvokeParameterisedMethod.java:102)
	at org.junit.internal.runners.statements.FailOnTimeout$1.run(FailOnTimeout.java:28)
Caused by: ptolemy.kernel.util.IllegalActionException: Found a zero delay loop containing .dependencyLoop2.original
  in .dependencyLoop2 and .dependencyLoop2.original
	at ptolemy.actor.util.CausalityInterfaceForComposites._computeOutputPortDepth(CausalityInterfaceForComposites.java:759)
	at ptolemy.actor.util.CausalityInterfaceForComposites._computeInputDepth(CausalityInterfaceForComposites.java:696)
	at ptolemy.actor.util.CausalityInterfaceForComposites._computeOutputPortDepth(CausalityInterfaceForComposites.java:765)
	at ptolemy.actor.util.CausalityInterfaceForComposites._computeInputDepth(CausalityInterfaceForComposites.java:696)
	at ptolemy.actor.util.CausalityInterfaceForComposites._computeOutputPortDepth(CausalityInterfaceForComposites.java:765)
	at ptolemy.actor.util.CausalityInterfaceForComposites._computeInputDepth(CausalityInterfaceForComposites.java:696)
	at ptolemy.actor.util.CausalityInterfaceForComposites._computeActorDepth(CausalityInterfaceForComposites.java:532)
	at ptolemy.actor.util.CausalityInterfaceForComposites.checkForCycles(CausalityInterfaceForComposites.java:96)
	at ptolemy.domains.de.kernel.DEDirector.preinitialize(DEDirector.java:1338)
	at ptolemy.actor.CompositeActor.preinitialize(CompositeActor.java:1828)
	at ptolemy.actor.Manager.preinitializeAndResolveTypes(Manager.java:1040)
	at ptolemy.actor.Manager.initialize(Manager.java:710)
	at ptolemy.actor.Manager.execute(Manager.java:356)
	at ptolemy.actor.Manager.run(Manager.java:1263)
	at ptolemy.actor.Manager$PtolemyRunThread.run(Manager.java:1933)
]]></system-err>
</testsuite>
