<?xml version="1.0" encoding="UTF-8" ?>
<testsuite errors="0" failures="0" hostname="travis-job-69fbb5a0-353d-47ba-8e1f-c9598074845f" name="ptolemy.domains.de.test.junit.JUnitTclTest" skipped="0" tests="101" time="125.434" timestamp="2019-02-12T03:31:40">
  <properties>
[...]
</properties>
  <testcase classname="ptolemy.util.test.junit.TclTests" name="[0] /home/travis/build/icyphy/ptII/ptolemy/domains/de/test/DependencyLoop.tcl (RunTclFile)" time="0.706" />
  <testcase classname="ptolemy.util.test.junit.TclTests" name="[1] /home/travis/build/icyphy/ptII/ptolemy/domains/de/test/RunDETestsAsQSS.tcl (RunTclFile)" time="85.695" />
  <testcase classname="ptolemy.util.test.junit.AutoKnownFailedTests" name="[0] /home/travis/build/icyphy/ptII/ptolemy/domains/de/test/auto/knownFailedTests/DESDFClockTest.xml (RunModel)" time="2.035" />
  <testcase classname="ptolemy.util.test.junit.AutoKnownFailedTests" name="[1] /home/travis/build/icyphy/ptII/ptolemy/domains/de/test/auto/knownFailedTests/DirectFeedback.xml (RunModel)" time="0.014" />
  <testcase classname="ptolemy.util.test.junit.AutoKnownFailedTests" name="[2] /home/travis/build/icyphy/ptII/ptolemy/domains/de/test/auto/knownFailedTests/FSMSource.xml (RunModel)" time="0.028" />
  <testcase classname="ptolemy.util.test.junit.AutoKnownFailedTests" name="[3] /home/travis/build/icyphy/ptII/ptolemy/domains/de/test/auto/knownFailedTests/HierarchicalModel.xml (RunModel)" time="0.062" />
  <testcase classname="ptolemy.util.test.junit.AutoKnownFailedTests" name="[4] /home/travis/build/icyphy/ptII/ptolemy/domains/de/test/auto/knownFailedTests/dependencyLoop.xml (RunModel)" time="0.051" />
  <testcase classname="ptolemy.util.test.junit.AutoKnownFailedTests" name="[5] /home/travis/build/icyphy/ptII/ptolemy/domains/de/test/auto/knownFailedTests/dependencyLoop2.xml (RunModel)" time="0.046" />
  <testcase classname="ptolemy.util.test.junit.AutoNameArchTests" name="[0] ThereAreNoAutoArchTests (RunModel)" time="0.001" />
  <testcase classname="ptolemy.util.test.junit.AutoTests" name="[0] /home/travis/build/icyphy/ptII/ptolemy/domains/de/test/auto/ActorDepthCalculation_actorWithoutPorts.xml (RunModel)" time="0.021" />
  <testcase classname="ptolemy.util.test.junit.AutoTests" name="[1] /home/travis/build/icyphy/ptII/ptolemy/domains/de/test/auto/AssemblyLine.xml (RunModel)" time="0.022" />
  <testcase classname="ptolemy.util.test.junit.AutoTests" name="[2] /home/travis/build/icyphy/ptII/ptolemy/domains/de/test/auto/CQBug1.xml (RunModel)" time="0.011" />
  <testcase classname="ptolemy.util.test.junit.AutoTests" name="[3] /home/travis/build/icyphy/ptII/ptolemy/domains/de/test/auto/CancelFireAt.xml (RunModel)" time="0.005" />
  <testcase classname="ptolemy.util.test.junit.AutoTests" name="[4] /home/travis/build/icyphy/ptII/ptolemy/domains/de/test/auto/CausalityAndComposabilityAnalysis.xml (RunModel)" time="0.011" />
  <testcase classname="ptolemy.util.test.junit.AutoTests" name="[5] /home/travis/build/icyphy/ptII/ptolemy/domains/de/test/auto/CausalityInterface1.xml (RunModel)" time="0.013" />
  <testcase classname="ptolemy.util.test.junit.AutoTests" name="[6] /home/travis/build/icyphy/ptII/ptolemy/domains/de/test/auto/CausalityInterface15.xml (RunModel)" time="0.013" />
  <testcase classname="ptolemy.util.test.junit.AutoTests" name="[7] /home/travis/build/icyphy/ptII/ptolemy/domains/de/test/auto/CausalityInterface2.xml (RunModel)" time="0.01" />
  <testcase classname="ptolemy.util.test.junit.AutoTests" name="[8] /home/travis/build/icyphy/ptII/ptolemy/domains/de/test/auto/CausalityInterface3.xml (RunModel)" time="0.011" />
  <testcase classname="ptolemy.util.test.junit.AutoTests" name="[9] /home/travis/build/icyphy/ptII/ptolemy/domains/de/test/auto/ClockDrift.xml (RunModel)" time="0.033" />
  <testcase classname="ptolemy.util.test.junit.AutoTests" name="[10] /home/travis/build/icyphy/ptII/ptolemy/domains/de/test/auto/ClockDriftAndValueChange.xml (RunModel)" time="0.033" />
  <testcase classname="ptolemy.util.test.junit.AutoTests" name="[11] /home/travis/build/icyphy/ptII/ptolemy/domains/de/test/auto/ClockDriftChange.xml (RunModel)" time="0.038" />
  <testcase classname="ptolemy.util.test.junit.AutoTests" name="[12] /home/travis/build/icyphy/ptII/ptolemy/domains/de/test/auto/ComposableCausalityAnalysis.xml (RunModel)" time="0.018" />
  <testcase classname="ptolemy.util.test.junit.AutoTests" name="[13] /home/travis/build/icyphy/ptII/ptolemy/domains/de/test/auto/DEFixedPointLimitation.xml (RunModel)" time="0.013" />
  <testcase classname="ptolemy.util.test.junit.AutoTests" name="[14] /home/travis/build/icyphy/ptII/ptolemy/domains/de/test/auto/DEScheduleTest.xml (RunModel)" time="0.012" />
  <testcase classname="ptolemy.util.test.junit.AutoTests" name="[15] /home/travis/build/icyphy/ptII/ptolemy/domains/de/test/auto/DEinDEwithStartTimes.xml (RunModel)" time="0.014" />
  <testcase classname="ptolemy.util.test.junit.AutoTests" name="[16] /home/travis/build/icyphy/ptII/ptolemy/domains/de/test/auto/DEinDEwithStartTimes2.xml (RunModel)" time="0.015" />
  <testcase classname="ptolemy.util.test.junit.AutoTests" name="[17] /home/travis/build/icyphy/ptII/ptolemy/domains/de/test/auto/DateDemo.xml (RunModel)" time="0.023" />
  <testcase classname="ptolemy.util.test.junit.AutoTests" name="[18] /home/travis/build/icyphy/ptII/ptolemy/domains/de/test/auto/DateToEvent.xml (RunModel)" time="2.029" />
  <testcase classname="ptolemy.util.test.junit.AutoTests" name="[19] /home/travis/build/icyphy/ptII/ptolemy/domains/de/test/auto/DepthTest1.xml (RunModel)" time="0.012" />
  <testcase classname="ptolemy.util.test.junit.AutoTests" name="[20] /home/travis/build/icyphy/ptII/ptolemy/domains/de/test/auto/DepthTest2.xml (RunModel)" time="0.015" />
  <testcase classname="ptolemy.util.test.junit.AutoTests" name="[21] /home/travis/build/icyphy/ptII/ptolemy/domains/de/test/auto/DepthTest3.xml (RunModel)" time="0.007" />
  <testcase classname="ptolemy.util.test.junit.AutoTests" name="[22] /home/travis/build/icyphy/ptII/ptolemy/domains/de/test/auto/DepthTest4.xml (RunModel)" time="0.014" />
  <testcase classname="ptolemy.util.test.junit.AutoTests" name="[23] /home/travis/build/icyphy/ptII/ptolemy/domains/de/test/auto/DepthTest5.xml (RunModel)" time="0.012" />
  <testcase classname="ptolemy.util.test.junit.AutoTests" name="[24] /home/travis/build/icyphy/ptII/ptolemy/domains/de/test/auto/DepthTest6.xml (RunModel)" time="0.011" />
  <testcase classname="ptolemy.util.test.junit.AutoTests" name="[25] /home/travis/build/icyphy/ptII/ptolemy/domains/de/test/auto/DepthTest7.xml (RunModel)" time="0.01" />
  <testcase classname="ptolemy.util.test.junit.AutoTests" name="[26] /home/travis/build/icyphy/ptII/ptolemy/domains/de/test/auto/EventToDate.xml (RunModel)" time="3.03" />
  <testcase classname="ptolemy.util.test.junit.AutoTests" name="[27] /home/travis/build/icyphy/ptII/ptolemy/domains/de/test/auto/FSM1.xml (RunModel)" time="0.035" />
  <testcase classname="ptolemy.util.test.junit.AutoTests" name="[28] /home/travis/build/icyphy/ptII/ptolemy/domains/de/test/auto/FSM7.xml (RunModel)" time="0.046" />
  <testcase classname="ptolemy.util.test.junit.AutoTests" name="[29] /home/travis/build/icyphy/ptII/ptolemy/domains/de/test/auto/Inspection.xml (RunModel)" time="0.048" />
  <testcase classname="ptolemy.util.test.junit.AutoTests" name="[30] /home/travis/build/icyphy/ptII/ptolemy/domains/de/test/auto/Iteration.xml (RunModel)" time="0.023" />
  <testcase classname="ptolemy.util.test.junit.AutoTests" name="[31] /home/travis/build/icyphy/ptII/ptolemy/domains/de/test/auto/LineFault.xml (RunModel)" time="0.516" />
  <testcase classname="ptolemy.util.test.junit.AutoTests" name="[32] /home/travis/build/icyphy/ptII/ptolemy/domains/de/test/auto/MergeModel1Add.xml (RunModel)" time="0.038" />
  <testcase classname="ptolemy.util.test.junit.AutoTests" name="[33] /home/travis/build/icyphy/ptII/ptolemy/domains/de/test/auto/MergeModel2Add.xml (RunModel)" time="0.035" />
  <testcase classname="ptolemy.util.test.junit.AutoTests" name="[34] /home/travis/build/icyphy/ptII/ptolemy/domains/de/test/auto/MergeModel3Add.xml (RunModel)" time="0.031" />
  <testcase classname="ptolemy.util.test.junit.AutoTests" name="[35] /home/travis/build/icyphy/ptII/ptolemy/domains/de/test/auto/MergeWithoutDiscard.xml (RunModel)" time="0.009" />
  <testcase classname="ptolemy.util.test.junit.AutoTests" name="[36] /home/travis/build/icyphy/ptII/ptolemy/domains/de/test/auto/Modal1.xml (RunModel)" time="0.031" />
  <testcase classname="ptolemy.util.test.junit.AutoTests" name="[37] /home/travis/build/icyphy/ptII/ptolemy/domains/de/test/auto/Modal2.xml (RunModel)" time="0.029" />
  <testcase classname="ptolemy.util.test.junit.AutoTests" name="[38] /home/travis/build/icyphy/ptII/ptolemy/domains/de/test/auto/Modal3.xml (RunModel)" time="0.026" />
  <testcase classname="ptolemy.util.test.junit.AutoTests" name="[39] /home/travis/build/icyphy/ptII/ptolemy/domains/de/test/auto/Modal4.xml (RunModel)" time="0.027" />
  <testcase classname="ptolemy.util.test.junit.AutoTests" name="[40] /home/travis/build/icyphy/ptII/ptolemy/domains/de/test/auto/Modal5.xml (RunModel)" time="0.027" />
  <testcase classname="ptolemy.util.test.junit.AutoTests" name="[41] /home/travis/build/icyphy/ptII/ptolemy/domains/de/test/auto/Modal6.xml (RunModel)" time="0.024" />
  <testcase classname="ptolemy.util.test.junit.AutoTests" name="[42] /home/travis/build/icyphy/ptII/ptolemy/domains/de/test/auto/Modal7.xml (RunModel)" time="0.023" />
  <testcase classname="ptolemy.util.test.junit.AutoTests" name="[43] /home/travis/build/icyphy/ptII/ptolemy/domains/de/test/auto/ModalModel.xml (RunModel)" time="0.143" />
  <testcase classname="ptolemy.util.test.junit.AutoTests" name="[44] /home/travis/build/icyphy/ptII/ptolemy/domains/de/test/auto/ModalSource.xml (RunModel)" time="0.015" />
  <testcase classname="ptolemy.util.test.junit.AutoTests" name="[45] /home/travis/build/icyphy/ptII/ptolemy/domains/de/test/auto/NonInterruptibleTimerZeroDelay.xml (RunModel)" time="0.008" />
  <testcase classname="ptolemy.util.test.junit.AutoTests" name="[46] /home/travis/build/icyphy/ptII/ptolemy/domains/de/test/auto/OpenQueueingNetwork.xml (RunModel)" time="2.29" />
  <testcase classname="ptolemy.util.test.junit.AutoTests" name="[47] /home/travis/build/icyphy/ptII/ptolemy/domains/de/test/auto/OpenQueuingNetwork.xml (RunModel)" time="0.258" />
  <testcase classname="ptolemy.util.test.junit.AutoTests" name="[48] /home/travis/build/icyphy/ptII/ptolemy/domains/de/test/auto/PeriodicSampler.xml (RunModel)" time="0.006" />
  <testcase classname="ptolemy.util.test.junit.AutoTests" name="[49] /home/travis/build/icyphy/ptII/ptolemy/domains/de/test/auto/PersistentIO.xml (RunModel)" time="0.022" />
  <testcase classname="ptolemy.util.test.junit.AutoTests" name="[50] /home/travis/build/icyphy/ptII/ptolemy/domains/de/test/auto/PortParameterResetOnInitialize.xml (RunModel)" time="0.009" />
  <testcase classname="ptolemy.util.test.junit.AutoTests" name="[51] /home/travis/build/icyphy/ptII/ptolemy/domains/de/test/auto/PortParameterUpdates.xml (RunModel)" time="0.012" />
  <testcase classname="ptolemy.util.test.junit.AutoTests" name="[52] /home/travis/build/icyphy/ptII/ptolemy/domains/de/test/auto/QueueAndServer.xml (RunModel)" time="0.019" />
  <testcase classname="ptolemy.util.test.junit.AutoTests" name="[53] /home/travis/build/icyphy/ptII/ptolemy/domains/de/test/auto/Records.xml (RunModel)" time="0.012" />
  <testcase classname="ptolemy.util.test.junit.AutoTests" name="[54] /home/travis/build/icyphy/ptII/ptolemy/domains/de/test/auto/ResetTransitionWithStartTime1.xml (RunModel)" time="0.016" />
  <testcase classname="ptolemy.util.test.junit.AutoTests" name="[55] /home/travis/build/icyphy/ptII/ptolemy/domains/de/test/auto/ResetTransitionWithStartTime2.xml (RunModel)" time="0.016" />
  <testcase classname="ptolemy.util.test.junit.AutoTests" name="[56] /home/travis/build/icyphy/ptII/ptolemy/domains/de/test/auto/ResetTransitionWithStartTime3.xml (RunModel)" time="0.018" />
  <testcase classname="ptolemy.util.test.junit.AutoTests" name="[57] /home/travis/build/icyphy/ptII/ptolemy/domains/de/test/auto/ResetTransitionWithStartTime4.xml (RunModel)" time="0.02" />
  <testcase classname="ptolemy.util.test.junit.AutoTests" name="[58] /home/travis/build/icyphy/ptII/ptolemy/domains/de/test/auto/ResettableTimer1.xml (RunModel)" time="0.008" />
  <testcase classname="ptolemy.util.test.junit.AutoTests" name="[59] /home/travis/build/icyphy/ptII/ptolemy/domains/de/test/auto/ResettableTimer2.xml (RunModel)" time="0.007" />
  <testcase classname="ptolemy.util.test.junit.AutoTests" name="[60] /home/travis/build/icyphy/ptII/ptolemy/domains/de/test/auto/ResettableTimer3.xml (RunModel)" time="0.007" />
  <testcase classname="ptolemy.util.test.junit.AutoTests" name="[61] /home/travis/build/icyphy/ptII/ptolemy/domains/de/test/auto/ResettableTimer4.xml (RunModel)" time="0.009" />
  <testcase classname="ptolemy.util.test.junit.AutoTests" name="[62] /home/travis/build/icyphy/ptII/ptolemy/domains/de/test/auto/ResettableTimer5.xml (RunModel)" time="0.01" />
  <testcase classname="ptolemy.util.test.junit.AutoTests" name="[63] /home/travis/build/icyphy/ptII/ptolemy/domains/de/test/auto/ResettableTimer6.xml (RunModel)" time="0.016" />
  <testcase classname="ptolemy.util.test.junit.AutoTests" name="[64] /home/travis/build/icyphy/ptII/ptolemy/domains/de/test/auto/ServerZeroDelay.xml (RunModel)" time="0.008" />
  <testcase classname="ptolemy.util.test.junit.AutoTests" name="[65] /home/travis/build/icyphy/ptII/ptolemy/domains/de/test/auto/SmartSender.xml (RunModel)" time="3.006" />
  <testcase classname="ptolemy.util.test.junit.AutoTests" name="[66] /home/travis/build/icyphy/ptII/ptolemy/domains/de/test/auto/ThreadedComposite.xml (RunModel)" time="0.102" />
  <testcase classname="ptolemy.util.test.junit.AutoTests" name="[67] /home/travis/build/icyphy/ptII/ptolemy/domains/de/test/auto/Time.xml (RunModel)" time="0.422" />
  <testcase classname="ptolemy.util.test.junit.AutoTests" name="[68] /home/travis/build/icyphy/ptII/ptolemy/domains/de/test/auto/TimeDelayZeroDelay.xml (RunModel)" time="0.017" />
  <testcase classname="ptolemy.util.test.junit.AutoTests" name="[69] /home/travis/build/icyphy/ptII/ptolemy/domains/de/test/auto/TimerZeroDelay.xml (RunModel)" time="0.008" />
  <testcase classname="ptolemy.util.test.junit.AutoTests" name="[70] /home/travis/build/icyphy/ptII/ptolemy/domains/de/test/auto/TimingParadox.xml (RunModel)" time="0.324" />
  <testcase classname="ptolemy.util.test.junit.AutoTests" name="[71] /home/travis/build/icyphy/ptII/ptolemy/domains/de/test/auto/TransferInputs.xml (RunModel)" time="0.008" />
  <testcase classname="ptolemy.util.test.junit.AutoTests" name="[72] /home/travis/build/icyphy/ptII/ptolemy/domains/de/test/auto/TransferOutputs2.xml (RunModel)" time="0.014" />
  <testcase classname="ptolemy.util.test.junit.AutoTests" name="[73] /home/travis/build/icyphy/ptII/ptolemy/domains/de/test/auto/Trilateration.xml (RunModel)" time="11.146" />
  <testcase classname="ptolemy.util.test.junit.AutoTests" name="[74] /home/travis/build/icyphy/ptII/ptolemy/domains/de/test/auto/TwoSigmaDelta.xml (RunModel)" time="1.924" />
  <testcase classname="ptolemy.util.test.junit.AutoTests" name="[75] /home/travis/build/icyphy/ptII/ptolemy/domains/de/test/auto/VariableDelay.xml (RunModel)" time="0.009" />
  <testcase classname="ptolemy.util.test.junit.AutoTests" name="[76] /home/travis/build/icyphy/ptII/ptolemy/domains/de/test/auto/VariableDelay2.xml (RunModel)" time="0.007" />
  <testcase classname="ptolemy.util.test.junit.AutoTests" name="[77] /home/travis/build/icyphy/ptII/ptolemy/domains/de/test/auto/VariableDelayZeroDelay.xml (RunModel)" time="0.008" />
  <testcase classname="ptolemy.util.test.junit.AutoTests" name="[78] /home/travis/build/icyphy/ptII/ptolemy/domains/de/test/auto/VariableDelayZeroDelay2.xml (RunModel)" time="0.008" />
  <testcase classname="ptolemy.util.test.junit.AutoTests" name="[79] /home/travis/build/icyphy/ptII/ptolemy/domains/de/test/auto/deInCt.xml (RunModel)" time="0.011" />
  <testcase classname="ptolemy.util.test.junit.AutoTests" name="[80] /home/travis/build/icyphy/ptII/ptolemy/domains/de/test/auto/deInCt2.xml (RunModel)" time="0.012" />
  <testcase classname="ptolemy.util.test.junit.AutoTests" name="[81] /home/travis/build/icyphy/ptII/ptolemy/domains/de/test/auto/dynamicCausalityInterface1.xml (RunModel)" time="0.017" />
  <testcase classname="ptolemy.util.test.junit.AutoTests" name="[82] /home/travis/build/icyphy/ptII/ptolemy/domains/de/test/auto/fsm_de_test.xml (RunModel)" time="0.019" />
  <testcase classname="ptolemy.util.test.junit.AutoTests" name="[83] /home/travis/build/icyphy/ptII/ptolemy/domains/de/test/auto/functionDependencyReconstruction.xml (RunModel)" time="0.027" />
  <testcase classname="ptolemy.util.test.junit.AutoTests" name="[84] /home/travis/build/icyphy/ptII/ptolemy/domains/de/test/auto/multirate.xml (RunModel)" time="0.013" />
  <testcase classname="ptolemy.util.test.junit.AutoTests" name="[85] /home/travis/build/icyphy/ptII/ptolemy/domains/de/test/auto/multirate2.xml (RunModel)" time="0.012" />
  <testcase classname="ptolemy.util.test.junit.AutoTests" name="[86] /home/travis/build/icyphy/ptII/ptolemy/domains/de/test/auto/realtime.xml (RunModel)" time="10.009" />
  <testcase classname="ptolemy.util.test.junit.AutoTests" name="[87] /home/travis/build/icyphy/ptII/ptolemy/domains/de/test/auto/relationGroup.xml (RunModel)" time="0.006" />
  <testcase classname="ptolemy.util.test.junit.AutoTests" name="[88] /home/travis/build/icyphy/ptII/ptolemy/domains/de/test/auto/relationGroup2.xml (RunModel)" time="0.006" />
  <testcase classname="ptolemy.util.test.junit.AutoTests" name="[89] /home/travis/build/icyphy/ptII/ptolemy/domains/de/test/auto/sortWithOpaquePorts.xml (RunModel)" time="0.006" />
  <testcase classname="ptolemy.util.test.junit.AutoTests" name="[90] /home/travis/build/icyphy/ptII/ptolemy/domains/de/test/auto/transferInputsandOutputs.xml (RunModel)" time="0.012" />
  <testcase classname="ptolemy.util.test.junit.AutoTests" name="[91] /home/travis/build/icyphy/ptII/ptolemy/domains/de/test/auto/triggerType.xml (RunModel)" time="0.006" />
  <system-out><![CDATA[/home/travis/build/icyphy/ptII/ptolemy/domains/de/test/DependencyLoop.tcl
testDefs.tcl: setting time out to 9000 seconds at Tue Feb 12 03:31:40 UTC 2019
15 ms. Memory: 116224K Free: 97594K (84%)
26 ms. Memory: 146944K Free: 141232K (96%)
/home/travis/build/icyphy/ptII/ptolemy/domains/de/test/RunDETestsAsQSS.tcl
Run the DE tests using ptolemy.domains.qss.test.QSSDirectorTest, which extends QSSDirector and prints a message in the constructors.
------------------ testing $PTII/ptolemy/domains/de/test/auto/knownFailedTests/dependencyLoop.xml (Known Failure) 
14 ms. Memory: 146944K Free: 136987K (93%)


==== $PTIIhome/travis/build/icyphy/ptII/ptolemy/domains/de/test/../../../../: Auto Automatic test in file $PTII/ptolemy/domains/de/test/auto/knownFailedTests/dependencyLoop.xml
==== Contents of test case:

	    # FIXME: we should use $relativeFilename here, but it
	    # might have backslashes under Windows, which causes no end
	    # of trouble.
	    createAndExecute $file
	    list {}
	
.... Test generated KNOWN error:
    while executing
ptolemy.kernel.util.IllegalActionException: Found a zero delay loop containing .dependencyLoop.original
  in .dependencyLoop and .dependencyLoop.original
	at ptolemy.actor.util.CausalityInterfaceForComposites._computeOutputPortDepth(CausalityInterfaceForComposites.java:759)
	at ptolemy.actor.util.CausalityInterfaceForComposites._computeInputDepth(CausalityInterfaceForComposites.java:696)
	at ptolemy.actor.util.CausalityInterfaceForComposites._computeOutputPortDepth(CausalityInterfaceForComposites.java:765)
	at ptolemy.actor.util.CausalityInterfaceForComposites._computeInputDepth(CausalityInterfaceForComposites.java:696)
	at ptolemy.actor.util.CausalityInterfaceForComposites._computeOutputPortDepth(CausalityInterfaceForComposites.java:765)
	at ptolemy.actor.util.CausalityInterfaceForComposites._computeInputDepth(CausalityInterfaceForComposites.java:696)
	at ptolemy.actor.util.CausalityInterfaceForComposites._computeActorDepth(CausalityInterfaceForComposites.java:532)
	at ptolemy.actor.util.CausalityInterfaceForComposites.checkForCycles(CausalityInterfaceForComposites.java:96)
	at ptolemy.domains.de.kernel.DEDirector.preinitialize(DEDirector.java:1338)
	at ptolemy.actor.CompositeActor.preinitialize(CompositeActor.java:1828)
	at ptolemy.actor.Manager.preinitializeAndResolveTypes(Manager.java:1040)
	at ptolemy.actor.Manager.initialize(Manager.java:710)
	at ptolemy.actor.Manager.execute(Manager.java:356)
	at ptolemy.actor.Manager.run(Manager.java:1263)
	at ptolemy.actor.Manager$PtolemyRunThread.run(Manager.java:1915)

    while executing
ptolemy.kernel.util.IllegalActionException: Found a zero delay loop containing .dependencyLoop.original
  in .dependencyLoop and .dependencyLoop.original
    while executing
"java::new ptolemy.moml.MoMLSimpleApplication $file
"
    (procedure "createAndExecute" line 2)
    invoked from within
"createAndExecute $file"
    ("uplevel" body line 5)
    invoked from within
"uplevel $contents_of_test"
------------------ testing $PTII/ptolemy/domains/de/test/auto/knownFailedTests/DESDFClockTest.xml (Known Failure) 
2065 ms. Memory: 146944K Free: 121424K (83%)


==== $PTIIhome/travis/build/icyphy/ptII/ptolemy/domains/de/test/../../../../: Auto Automatic test in file $PTII/ptolemy/domains/de/test/auto/knownFailedTests/DESDFClockTest.xml
==== Contents of test case:

	    # FIXME: we should use $relativeFilename here, but it
	    # might have backslashes under Windows, which causes no end
	    # of trouble.
	    createAndExecute $file
	    list {}
	
.... Test generated KNOWN error:
    while executing
ptolemy.kernel.util.IllegalActionException: Actor is not ready to fire.  Perhaps UpSample.prefire() returned false? Try debugging the actor by selecting "Listen to Actor".  Also, for SDF check moml for tokenConsumptionRate on input.
  in .DESDFClockTest.Play Bell.Copy1:SDF Director and .DESDFClockTest.Play Bell.UpSample
	at ptolemy.actor.sched.StaticSchedulingDirector.fire(StaticSchedulingDirector.java:227)
	at ptolemy.domains.sdf.kernel.SDFDirector.fire(SDFDirector.java:500)
	at ptolemy.actor.CompositeActor.fire(CompositeActor.java:455)
	at ptolemy.domains.de.kernel.DEDirector._fire(DEDirector.java:1949)
	at ptolemy.domains.de.kernel.DEDirector.fire(DEDirector.java:502)
	at ptolemy.actor.CompositeActor.fire(CompositeActor.java:455)
	at ptolemy.actor.Manager.iterate(Manager.java:851)
	at ptolemy.actor.Manager.execute(Manager.java:369)
	at ptolemy.actor.Manager.run(Manager.java:1263)
	at ptolemy.actor.Manager$PtolemyRunThread.run(Manager.java:1915)

    while executing
ptolemy.kernel.util.IllegalActionException: Actor is not ready to fire.  Perhaps UpSample.prefire() returned false? Try debugging the actor by selecting "Listen to Actor".  Also, for SDF check moml for tokenConsumptionRate on input.
  in .DESDFClockTest.Play Bell.Copy1:SDF Director and .DESDFClockTest.Play Bell.UpSample
    while executing
"java::new ptolemy.moml.MoMLSimpleApplication $file
"
    (procedure "createAndExecute" line 2)
    invoked from within
"createAndExecute $file"
    ("uplevel" body line 5)
    invoked from within
"uplevel $contents_of_test"
------------------ testing $PTII/ptolemy/domains/de/test/auto/knownFailedTests/FSMSource.xml (Known Failure) 
33 ms. Memory: 146944K Free: 112572K (77%)
!!!! Auto was marked as failing, but now passes
------------------ testing $PTII/ptolemy/domains/de/test/auto/knownFailedTests/dependencyLoop2.xml (Known Failure) 
16 ms. Memory: 146944K Free: 110689K (75%)


==== $PTIIhome/travis/build/icyphy/ptII/ptolemy/domains/de/test/../../../../: Auto Automatic test in file $PTII/ptolemy/domains/de/test/auto/knownFailedTests/dependencyLoop2.xml
==== Contents of test case:

	    # FIXME: we should use $relativeFilename here, but it
	    # might have backslashes under Windows, which causes no end
	    # of trouble.
	    createAndExecute $file
	    list {}
	
.... Test generated KNOWN error:
    while executing
ptolemy.kernel.util.IllegalActionException: Found a zero delay loop containing .dependencyLoop2.original
  in .dependencyLoop2 and .dependencyLoop2.original
	at ptolemy.actor.util.CausalityInterfaceForComposites._computeOutputPortDepth(CausalityInterfaceForComposites.java:759)
	at ptolemy.actor.util.CausalityInterfaceForComposites._computeInputDepth(CausalityInterfaceForComposites.java:696)
	at ptolemy.actor.util.CausalityInterfaceForComposites._computeOutputPortDepth(CausalityInterfaceForComposites.java:765)
	at ptolemy.actor.util.CausalityInterfaceForComposites._computeInputDepth(CausalityInterfaceForComposites.java:696)
	at ptolemy.actor.util.CausalityInterfaceForComposites._computeOutputPortDepth(CausalityInterfaceForComposites.java:765)
	at ptolemy.actor.util.CausalityInterfaceForComposites._computeInputDepth(CausalityInterfaceForComposites.java:696)
	at ptolemy.actor.util.CausalityInterfaceForComposites._computeActorDepth(CausalityInterfaceForComposites.java:532)
	at ptolemy.actor.util.CausalityInterfaceForComposites.checkForCycles(CausalityInterfaceForComposites.java:96)
	at ptolemy.domains.de.kernel.DEDirector.preinitialize(DEDirector.java:1338)
	at ptolemy.actor.CompositeActor.preinitialize(CompositeActor.java:1828)
	at ptolemy.actor.Manager.preinitializeAndResolveTypes(Manager.java:1040)
	at ptolemy.actor.Manager.initialize(Manager.java:710)
	at ptolemy.actor.Manager.execute(Manager.java:356)
	at ptolemy.actor.Manager.run(Manager.java:1263)
	at ptolemy.actor.Manager$PtolemyRunThread.run(Manager.java:1915)

    while executing
ptolemy.kernel.util.IllegalActionException: Found a zero delay loop containing .dependencyLoop2.original
  in .dependencyLoop2 and .dependencyLoop2.original
    while executing
"java::new ptolemy.moml.MoMLSimpleApplication $file
"
    (procedure "createAndExecute" line 2)
    invoked from within
"createAndExecute $file"
    ("uplevel" body line 5)
    invoked from within
"uplevel $contents_of_test"
------------------ testing $PTII/ptolemy/domains/de/test/auto/knownFailedTests/HierarchicalModel.xml (Known Failure) 
9 ms. Memory: 146944K Free: 90537K (62%)


==== $PTIIhome/travis/build/icyphy/ptII/ptolemy/domains/de/test/../../../../: Auto Automatic test in file $PTII/ptolemy/domains/de/test/auto/knownFailedTests/HierarchicalModel.xml
==== Contents of test case:

	    # FIXME: we should use $relativeFilename here, but it
	    # might have backslashes under Windows, which causes no end
	    # of trouble.
	    createAndExecute $file
	    list {}
	
.... Test generated KNOWN error:
    while executing
ptolemy.kernel.util.IllegalActionException: Found a zero delay loop containing .HierarchicalModel.A
  in .HierarchicalModel and .HierarchicalModel.A
	at ptolemy.actor.util.CausalityInterfaceForComposites._computeOutputPortDepth(CausalityInterfaceForComposites.java:759)
	at ptolemy.actor.util.CausalityInterfaceForComposites._computeInputDepth(CausalityInterfaceForComposites.java:696)
	at ptolemy.actor.util.CausalityInterfaceForComposites._computeOutputPortDepth(CausalityInterfaceForComposites.java:765)
	at ptolemy.actor.util.CausalityInterfaceForComposites._computeInputDepth(CausalityInterfaceForComposites.java:696)
	at ptolemy.actor.util.CausalityInterfaceForComposites._computeOutputPortDepth(CausalityInterfaceForComposites.java:765)
	at ptolemy.actor.util.CausalityInterfaceForComposites._computeInputDepth(CausalityInterfaceForComposites.java:696)
	at ptolemy.actor.util.CausalityInterfaceForComposites._computeActorDepth(CausalityInterfaceForComposites.java:532)
	at ptolemy.actor.util.CausalityInterfaceForComposites.checkForCycles(CausalityInterfaceForComposites.java:96)
	at ptolemy.domains.de.kernel.DEDirector.preinitialize(DEDirector.java:1338)
	at ptolemy.actor.CompositeActor.preinitialize(CompositeActor.java:1828)
	at ptolemy.actor.Manager.preinitializeAndResolveTypes(Manager.java:1040)
	at ptolemy.actor.Manager.initialize(Manager.java:710)
	at ptolemy.actor.Manager.execute(Manager.java:356)
	at ptolemy.actor.Manager.run(Manager.java:1263)
	at ptolemy.actor.Manager$PtolemyRunThread.run(Manager.java:1915)

    while executing
ptolemy.kernel.util.IllegalActionException: Found a zero delay loop containing .HierarchicalModel.A
  in .HierarchicalModel and .HierarchicalModel.A
    while executing
"java::new ptolemy.moml.MoMLSimpleApplication $file
"
    (procedure "createAndExecute" line 2)
    invoked from within
"createAndExecute $file"
    ("uplevel" body line 5)
    invoked from within
"uplevel $contents_of_test"
------------------ testing $PTII/ptolemy/domains/de/test/auto/knownFailedTests/DirectFeedback.xml (Known Failure) 
5 ms. Memory: 146944K Free: 86427K (59%)


==== $PTIIhome/travis/build/icyphy/ptII/ptolemy/domains/de/test/../../../../: Auto Automatic test in file $PTII/ptolemy/domains/de/test/auto/knownFailedTests/DirectFeedback.xml
==== Contents of test case:

	    # FIXME: we should use $relativeFilename here, but it
	    # might have backslashes under Windows, which causes no end
	    # of trouble.
	    createAndExecute $file
	    list {}
	
.... Test generated KNOWN error:
    while executing
ptolemy.kernel.util.IllegalActionException: Test fails in iteration 1.
Value was: 1.0. Should have been: 2.0
  in .DirectFeedback.Test
	at ptolemy.actor.lib.Test.fire(Test.java:268)
	at ptolemy.domains.de.kernel.DEDirector._fire(DEDirector.java:1949)
	at ptolemy.domains.de.kernel.DEDirector.fire(DEDirector.java:502)
	at ptolemy.actor.CompositeActor.fire(CompositeActor.java:455)
	at ptolemy.actor.Manager.iterate(Manager.java:851)
	at ptolemy.actor.Manager.execute(Manager.java:369)
	at ptolemy.actor.Manager.run(Manager.java:1263)
	at ptolemy.actor.Manager$PtolemyRunThread.run(Manager.java:1915)

    while executing
ptolemy.kernel.util.IllegalActionException: Test fails in iteration 1.
Value was: 1.0. Should have been: 2.0
  in .DirectFeedback.Test
    while executing
"java::new ptolemy.moml.MoMLSimpleApplication $file
"
    (procedure "createAndExecute" line 2)
    invoked from within
"createAndExecute $file"
    ("uplevel" body line 5)
    invoked from within
"uplevel $contents_of_test"
------------------ testing $PTII/ptolemy/domains/de/test/auto/ActorDepthCalculation_actorWithoutPorts.xml
auto.tcl: Setting watchdog for 200 seconds at Tue Feb 12 03:31:43 UTC 2019
5 ms. Memory: 146944K Free: 138690K (94%)
ptolemy.util.test.WatchDog.cancel(): canceling Tue Feb 12 03:31:43 UTC 2019
auto.tcl: Setting watchdog for 200 seconds at Tue Feb 12 03:31:43 UTC 2019
4 ms. Memory: 146944K Free: 137669K (94%)
ptolemy.util.test.WatchDog.cancel(): canceling Tue Feb 12 03:31:43 UTC 2019
------------------ testing $PTII/ptolemy/domains/de/test/auto/AssemblyLine.xml
auto.tcl: Setting watchdog for 200 seconds at Tue Feb 12 03:31:43 UTC 2019
11 ms. Memory: 208384K Free: 186259K (89%)
ptolemy.util.test.WatchDog.cancel(): canceling Tue Feb 12 03:31:44 UTC 2019
auto.tcl: Setting watchdog for 200 seconds at Tue Feb 12 03:31:44 UTC 2019
7 ms. Memory: 208384K Free: 186259K (89%)
ptolemy.util.test.WatchDog.cancel(): canceling Tue Feb 12 03:31:44 UTC 2019
------------------ testing $PTII/ptolemy/domains/de/test/auto/CQBug1.xml
auto.tcl: Setting watchdog for 200 seconds at Tue Feb 12 03:31:44 UTC 2019
3 ms. Memory: 208384K Free: 197905K (95%)
ptolemy.util.test.WatchDog.cancel(): canceling Tue Feb 12 03:31:44 UTC 2019
auto.tcl: Setting watchdog for 200 seconds at Tue Feb 12 03:31:44 UTC 2019
2 ms. Memory: 208384K Free: 197905K (95%)
ptolemy.util.test.WatchDog.cancel(): canceling Tue Feb 12 03:31:44 UTC 2019
------------------ testing $PTII/ptolemy/domains/de/test/auto/CancelFireAt.xml
auto.tcl: Setting watchdog for 200 seconds at Tue Feb 12 03:31:44 UTC 2019
3 ms. Memory: 208384K Free: 201565K (97%)
ptolemy.util.test.WatchDog.cancel(): canceling Tue Feb 12 03:31:44 UTC 2019
auto.tcl: Setting watchdog for 200 seconds at Tue Feb 12 03:31:44 UTC 2019
7 ms. Memory: 208384K Free: 199004K (95%)
ptolemy.util.test.WatchDog.cancel(): canceling Tue Feb 12 03:31:44 UTC 2019
------------------ testing $PTII/ptolemy/domains/de/test/auto/CausalityAndComposabilityAnalysis.xml
auto.tcl: Setting watchdog for 200 seconds at Tue Feb 12 03:31:44 UTC 2019
19 ms. Memory: 208384K Free: 198602K (95%)
ptolemy.util.test.WatchDog.cancel(): canceling Tue Feb 12 03:31:44 UTC 2019
auto.tcl: Setting watchdog for 200 seconds at Tue Feb 12 03:31:44 UTC 2019
5 ms. Memory: 208384K Free: 196561K (94%)
ptolemy.util.test.WatchDog.cancel(): canceling Tue Feb 12 03:31:44 UTC 2019
------------------ testing $PTII/ptolemy/domains/de/test/auto/CausalityInterface1.xml
auto.tcl: Setting watchdog for 200 seconds at Tue Feb 12 03:31:44 UTC 2019
10 ms. Memory: 208384K Free: 196497K (94%)
ptolemy.util.test.WatchDog.cancel(): canceling Tue Feb 12 03:31:44 UTC 2019
auto.tcl: Setting watchdog for 200 seconds at Tue Feb 12 03:31:44 UTC 2019
10 ms. Memory: 208384K Free: 196497K (94%)
ptolemy.util.test.WatchDog.cancel(): canceling Tue Feb 12 03:31:44 UTC 2019
------------------ testing $PTII/ptolemy/domains/de/test/auto/CausalityInterface15.xml
auto.tcl: Setting watchdog for 200 seconds at Tue Feb 12 03:31:44 UTC 2019
7 ms. Memory: 208384K Free: 196457K (94%)
ptolemy.util.test.WatchDog.cancel(): canceling Tue Feb 12 03:31:44 UTC 2019
auto.tcl: Setting watchdog for 200 seconds at Tue Feb 12 03:31:44 UTC 2019
4 ms. Memory: 208384K Free: 196457K (94%)
ptolemy.util.test.WatchDog.cancel(): canceling Tue Feb 12 03:31:44 UTC 2019
------------------ testing $PTII/ptolemy/domains/de/test/auto/CausalityInterface2.xml
auto.tcl: Setting watchdog for 200 seconds at Tue Feb 12 03:31:44 UTC 2019
5 ms. Memory: 208384K Free: 196473K (94%)
ptolemy.util.test.WatchDog.cancel(): canceling Tue Feb 12 03:31:44 UTC 2019
auto.tcl: Setting watchdog for 200 seconds at Tue Feb 12 03:31:44 UTC 2019
3 ms. Memory: 208384K Free: 196473K (94%)
ptolemy.util.test.WatchDog.cancel(): canceling Tue Feb 12 03:31:44 UTC 2019
------------------ testing $PTII/ptolemy/domains/de/test/auto/CausalityInterface3.xml
auto.tcl: Setting watchdog for 200 seconds at Tue Feb 12 03:31:44 UTC 2019
4 ms. Memory: 208384K Free: 196485K (94%)
ptolemy.util.test.WatchDog.cancel(): canceling Tue Feb 12 03:31:44 UTC 2019
auto.tcl: Setting watchdog for 200 seconds at Tue Feb 12 03:31:44 UTC 2019
2 ms. Memory: 208384K Free: 196485K (94%)
ptolemy.util.test.WatchDog.cancel(): canceling Tue Feb 12 03:31:44 UTC 2019
------------------ testing $PTII/ptolemy/domains/de/test/auto/ClockDrift.xml
auto.tcl: Setting watchdog for 200 seconds at Tue Feb 12 03:31:44 UTC 2019
62 ms. Memory: 208384K Free: 187894K (90%)
ptolemy.util.test.WatchDog.cancel(): canceling Tue Feb 12 03:31:44 UTC 2019
auto.tcl: Setting watchdog for 200 seconds at Tue Feb 12 03:31:44 UTC 2019
59 ms. Memory: 208384K Free: 185853K (89%)
ptolemy.util.test.WatchDog.cancel(): canceling Tue Feb 12 03:31:45 UTC 2019
------------------ testing $PTII/ptolemy/domains/de/test/auto/ClockDriftAndValueChange.xml
auto.tcl: Setting watchdog for 200 seconds at Tue Feb 12 03:31:45 UTC 2019
37 ms. Memory: 208384K Free: 187726K (90%)
ptolemy.util.test.WatchDog.cancel(): canceling Tue Feb 12 03:31:45 UTC 2019
auto.tcl: Setting watchdog for 200 seconds at Tue Feb 12 03:31:45 UTC 2019
27 ms. Memory: 208384K Free: 185685K (89%)
ptolemy.util.test.WatchDog.cancel(): canceling Tue Feb 12 03:31:45 UTC 2019
------------------ testing $PTII/ptolemy/domains/de/test/auto/ClockDriftChange.xml
auto.tcl: Setting watchdog for 200 seconds at Tue Feb 12 03:31:45 UTC 2019
35 ms. Memory: 208384K Free: 190991K (92%)
ptolemy.util.test.WatchDog.cancel(): canceling Tue Feb 12 03:31:45 UTC 2019
auto.tcl: Setting watchdog for 200 seconds at Tue Feb 12 03:31:45 UTC 2019
24 ms. Memory: 208384K Free: 188950K (91%)
ptolemy.util.test.WatchDog.cancel(): canceling Tue Feb 12 03:31:45 UTC 2019
------------------ testing $PTII/ptolemy/domains/de/test/auto/ComposableCausalityAnalysis.xml
auto.tcl: Setting watchdog for 200 seconds at Tue Feb 12 03:31:45 UTC 2019
1 ms. Memory: 208384K Free: 196095K (94%)
ptolemy.util.test.WatchDog.cancel(): canceling Tue Feb 12 03:31:45 UTC 2019
auto.tcl: Setting watchdog for 200 seconds at Tue Feb 12 03:31:45 UTC 2019
1 ms. Memory: 208384K Free: 194054K (93%)
ptolemy.util.test.WatchDog.cancel(): canceling Tue Feb 12 03:31:45 UTC 2019
------------------ testing $PTII/ptolemy/domains/de/test/auto/DEFixedPointLimitation.xml
auto.tcl: Setting watchdog for 200 seconds at Tue Feb 12 03:31:45 UTC 2019
3 ms. Memory: 208384K Free: 198216K (95%)
ptolemy.util.test.WatchDog.cancel(): canceling Tue Feb 12 03:31:45 UTC 2019
auto.tcl: Setting watchdog for 200 seconds at Tue Feb 12 03:31:45 UTC 2019
3 ms. Memory: 208384K Free: 196175K (94%)
ptolemy.util.test.WatchDog.cancel(): canceling Tue Feb 12 03:31:45 UTC 2019
------------------ testing $PTII/ptolemy/domains/de/test/auto/DEScheduleTest.xml
auto.tcl: Setting watchdog for 200 seconds at Tue Feb 12 03:31:45 UTC 2019
3 ms. Memory: 208384K Free: 198252K (95%)
ptolemy.util.test.WatchDog.cancel(): canceling Tue Feb 12 03:31:45 UTC 2019
auto.tcl: Setting watchdog for 200 seconds at Tue Feb 12 03:31:45 UTC 2019
8 ms. Memory: 208384K Free: 196211K (94%)
ptolemy.util.test.WatchDog.cancel(): canceling Tue Feb 12 03:31:45 UTC 2019
------------------ testing $PTII/ptolemy/domains/de/test/auto/DEinDEwithStartTimes.xml
auto.tcl: Setting watchdog for 200 seconds at Tue Feb 12 03:31:45 UTC 2019
7 ms. Memory: 208384K Free: 196180K (94%)
ptolemy.util.test.WatchDog.cancel(): canceling Tue Feb 12 03:31:45 UTC 2019
auto.tcl: Setting watchdog for 200 seconds at Tue Feb 12 03:31:45 UTC 2019
3 ms. Memory: 208384K Free: 196180K (94%)
ptolemy.util.test.WatchDog.cancel(): canceling Tue Feb 12 03:31:45 UTC 2019
------------------ testing $PTII/ptolemy/domains/de/test/auto/DEinDEwithStartTimes2.xml
auto.tcl: Setting watchdog for 200 seconds at Tue Feb 12 03:31:45 UTC 2019
7 ms. Memory: 208384K Free: 196160K (94%)
ptolemy.util.test.WatchDog.cancel(): canceling Tue Feb 12 03:31:45 UTC 2019
auto.tcl: Setting watchdog for 200 seconds at Tue Feb 12 03:31:45 UTC 2019
4 ms. Memory: 208384K Free: 194119K (93%)
ptolemy.util.test.WatchDog.cancel(): canceling Tue Feb 12 03:31:45 UTC 2019
------------------ testing $PTII/ptolemy/domains/de/test/auto/DateDemo.xml
auto.tcl: Setting watchdog for 200 seconds at Tue Feb 12 03:31:45 UTC 2019
15 ms. Memory: 208384K Free: 188766K (91%)
ptolemy.util.test.WatchDog.cancel(): canceling Tue Feb 12 03:31:45 UTC 2019
auto.tcl: Setting watchdog for 200 seconds at Tue Feb 12 03:31:45 UTC 2019
8 ms. Memory: 208384K Free: 186725K (90%)
ptolemy.util.test.WatchDog.cancel(): canceling Tue Feb 12 03:31:45 UTC 2019
------------------ testing $PTII/ptolemy/domains/de/test/auto/DateToEvent.xml
auto.tcl: Setting watchdog for 200 seconds at Tue Feb 12 03:31:45 UTC 2019
2009 ms. Memory: 208384K Free: 184169K (88%)
ptolemy.util.test.WatchDog.cancel(): canceling Tue Feb 12 03:31:47 UTC 2019
auto.tcl: Setting watchdog for 200 seconds at Tue Feb 12 03:31:47 UTC 2019
2004 ms. Memory: 208384K Free: 184169K (88%)
ptolemy.util.test.WatchDog.cancel(): canceling Tue Feb 12 03:31:49 UTC 2019
------------------ testing $PTII/ptolemy/domains/de/test/auto/DepthTest1.xml
auto.tcl: Setting watchdog for 200 seconds at Tue Feb 12 03:31:50 UTC 2019
3 ms. Memory: 208384K Free: 195322K (94%)
ptolemy.util.test.WatchDog.cancel(): canceling Tue Feb 12 03:31:50 UTC 2019
auto.tcl: Setting watchdog for 200 seconds at Tue Feb 12 03:31:50 UTC 2019
3 ms. Memory: 208384K Free: 195322K (94%)
ptolemy.util.test.WatchDog.cancel(): canceling Tue Feb 12 03:31:50 UTC 2019
------------------ testing $PTII/ptolemy/domains/de/test/auto/DepthTest2.xml
auto.tcl: Setting watchdog for 200 seconds at Tue Feb 12 03:31:50 UTC 2019
9 ms. Memory: 208384K Free: 194650K (93%)
ptolemy.util.test.WatchDog.cancel(): canceling Tue Feb 12 03:31:50 UTC 2019
auto.tcl: Setting watchdog for 200 seconds at Tue Feb 12 03:31:50 UTC 2019
3 ms. Memory: 208384K Free: 194650K (93%)
ptolemy.util.test.WatchDog.cancel(): canceling Tue Feb 12 03:31:50 UTC 2019
------------------ testing $PTII/ptolemy/domains/de/test/auto/DepthTest3.xml
auto.tcl: Setting watchdog for 200 seconds at Tue Feb 12 03:31:50 UTC 2019
3 ms. Memory: 208384K Free: 198115K (95%)
ptolemy.util.test.WatchDog.cancel(): canceling Tue Feb 12 03:31:50 UTC 2019
auto.tcl: Setting watchdog for 200 seconds at Tue Feb 12 03:31:50 UTC 2019
2 ms. Memory: 208384K Free: 198115K (95%)
ptolemy.util.test.WatchDog.cancel(): canceling Tue Feb 12 03:31:50 UTC 2019
------------------ testing $PTII/ptolemy/domains/de/test/auto/DepthTest4.xml
auto.tcl: Setting watchdog for 200 seconds at Tue Feb 12 03:31:50 UTC 2019
3 ms. Memory: 208384K Free: 196161K (94%)
ptolemy.util.test.WatchDog.cancel(): canceling Tue Feb 12 03:31:50 UTC 2019
auto.tcl: Setting watchdog for 200 seconds at Tue Feb 12 03:31:50 UTC 2019
2 ms. Memory: 208384K Free: 196161K (94%)
ptolemy.util.test.WatchDog.cancel(): canceling Tue Feb 12 03:31:50 UTC 2019
------------------ testing $PTII/ptolemy/domains/de/test/auto/DepthTest5.xml
auto.tcl: Setting watchdog for 200 seconds at Tue Feb 12 03:31:50 UTC 2019
3 ms. Memory: 208384K Free: 196628K (94%)
ptolemy.util.test.WatchDog.cancel(): canceling Tue Feb 12 03:31:50 UTC 2019
auto.tcl: Setting watchdog for 200 seconds at Tue Feb 12 03:31:50 UTC 2019
2 ms. Memory: 208384K Free: 196628K (94%)
ptolemy.util.test.WatchDog.cancel(): canceling Tue Feb 12 03:31:50 UTC 2019
------------------ testing $PTII/ptolemy/domains/de/test/auto/DepthTest6.xml
auto.tcl: Setting watchdog for 200 seconds at Tue Feb 12 03:31:50 UTC 2019
6 ms. Memory: 208384K Free: 196603K (94%)
ptolemy.util.test.WatchDog.cancel(): canceling Tue Feb 12 03:31:50 UTC 2019
auto.tcl: Setting watchdog for 200 seconds at Tue Feb 12 03:31:50 UTC 2019
2 ms. Memory: 208384K Free: 196603K (94%)
ptolemy.util.test.WatchDog.cancel(): canceling Tue Feb 12 03:31:50 UTC 2019
------------------ testing $PTII/ptolemy/domains/de/test/auto/DepthTest7.xml
auto.tcl: Setting watchdog for 200 seconds at Tue Feb 12 03:31:50 UTC 2019
5 ms. Memory: 208384K Free: 194836K (93%)
ptolemy.util.test.WatchDog.cancel(): canceling Tue Feb 12 03:31:50 UTC 2019
auto.tcl: Setting watchdog for 200 seconds at Tue Feb 12 03:31:50 UTC 2019
2 ms. Memory: 208384K Free: 194836K (93%)
ptolemy.util.test.WatchDog.cancel(): canceling Tue Feb 12 03:31:50 UTC 2019
------------------ testing $PTII/ptolemy/domains/de/test/auto/EventToDate.xml
auto.tcl: Setting watchdog for 200 seconds at Tue Feb 12 03:31:50 UTC 2019
3005 ms. Memory: 208384K Free: 185873K (89%)
ptolemy.util.test.WatchDog.cancel(): canceling Tue Feb 12 03:31:53 UTC 2019
auto.tcl: Setting watchdog for 200 seconds at Tue Feb 12 03:31:53 UTC 2019
3008 ms. Memory: 208384K Free: 185873K (89%)
ptolemy.util.test.WatchDog.cancel(): canceling Tue Feb 12 03:31:56 UTC 2019
------------------ testing $PTII/ptolemy/domains/de/test/auto/FSM1.xml
auto.tcl: Setting watchdog for 200 seconds at Tue Feb 12 03:31:56 UTC 2019
19 ms. Memory: 208384K Free: 189234K (91%)
ptolemy.util.test.WatchDog.cancel(): canceling Tue Feb 12 03:31:56 UTC 2019
auto.tcl: Setting watchdog for 200 seconds at Tue Feb 12 03:31:56 UTC 2019
13 ms. Memory: 208384K Free: 185152K (89%)
ptolemy.util.test.WatchDog.cancel(): canceling Tue Feb 12 03:31:56 UTC 2019
------------------ testing $PTII/ptolemy/domains/de/test/auto/FSM7.xml
auto.tcl: Setting watchdog for 200 seconds at Tue Feb 12 03:31:56 UTC 2019
20 ms. Memory: 208384K Free: 189437K (91%)
ptolemy.util.test.WatchDog.cancel(): canceling Tue Feb 12 03:31:56 UTC 2019
auto.tcl: Setting watchdog for 200 seconds at Tue Feb 12 03:31:56 UTC 2019
12 ms. Memory: 208384K Free: 185355K (89%)
ptolemy.util.test.WatchDog.cancel(): canceling Tue Feb 12 03:31:56 UTC 2019
------------------ testing $PTII/ptolemy/domains/de/test/auto/Inspection.xml
auto.tcl: Setting watchdog for 200 seconds at Tue Feb 12 03:31:56 UTC 2019
31 ms. Memory: 208384K Free: 188609K (91%)
ptolemy.util.test.WatchDog.cancel(): canceling Tue Feb 12 03:31:56 UTC 2019
auto.tcl: Setting watchdog for 200 seconds at Tue Feb 12 03:31:56 UTC 2019
15 ms. Memory: 208384K Free: 186568K (90%)
ptolemy.util.test.WatchDog.cancel(): canceling Tue Feb 12 03:31:56 UTC 2019
------------------ testing $PTII/ptolemy/domains/de/test/auto/Iteration.xml
auto.tcl: Setting watchdog for 200 seconds at Tue Feb 12 03:31:57 UTC 2019
15 ms. Memory: 208384K Free: 195870K (94%)
ptolemy.util.test.WatchDog.cancel(): canceling Tue Feb 12 03:31:57 UTC 2019
auto.tcl: Setting watchdog for 200 seconds at Tue Feb 12 03:31:57 UTC 2019
6 ms. Memory: 208384K Free: 193829K (93%)
ptolemy.util.test.WatchDog.cancel(): canceling Tue Feb 12 03:31:57 UTC 2019
------------------ testing $PTII/ptolemy/domains/de/test/auto/LineFault.xml
auto.tcl: Setting watchdog for 200 seconds at Tue Feb 12 03:31:57 UTC 2019
694 ms. Memory: 208384K Free: 199592K (96%)
ptolemy.util.test.WatchDog.cancel(): canceling Tue Feb 12 03:31:58 UTC 2019
auto.tcl: Setting watchdog for 200 seconds at Tue Feb 12 03:31:58 UTC 2019
535 ms. Memory: 208384K Free: 143973K (69%)
ptolemy.util.test.WatchDog.cancel(): canceling Tue Feb 12 03:31:58 UTC 2019
------------------ testing $PTII/ptolemy/domains/de/test/auto/MergeModel1Add.xml
auto.tcl: Setting watchdog for 200 seconds at Tue Feb 12 03:31:58 UTC 2019
12 ms. Memory: 331264K Free: 300517K (91%)
ptolemy.util.test.WatchDog.cancel(): canceling Tue Feb 12 03:31:58 UTC 2019
auto.tcl: Setting watchdog for 200 seconds at Tue Feb 12 03:31:58 UTC 2019
8 ms. Memory: 331264K Free: 300517K (91%)
ptolemy.util.test.WatchDog.cancel(): canceling Tue Feb 12 03:31:58 UTC 2019
------------------ testing $PTII/ptolemy/domains/de/test/auto/MergeModel2Add.xml
auto.tcl: Setting watchdog for 200 seconds at Tue Feb 12 03:31:58 UTC 2019
9 ms. Memory: 331264K Free: 305445K (92%)
ptolemy.util.test.WatchDog.cancel(): canceling Tue Feb 12 03:31:58 UTC 2019
auto.tcl: Setting watchdog for 200 seconds at Tue Feb 12 03:31:58 UTC 2019
8 ms. Memory: 331264K Free: 301863K (91%)
ptolemy.util.test.WatchDog.cancel(): canceling Tue Feb 12 03:31:58 UTC 2019
------------------ testing $PTII/ptolemy/domains/de/test/auto/MergeModel3Add.xml
auto.tcl: Setting watchdog for 200 seconds at Tue Feb 12 03:31:58 UTC 2019
10 ms. Memory: 331264K Free: 305463K (92%)
ptolemy.util.test.WatchDog.cancel(): canceling Tue Feb 12 03:31:58 UTC 2019
auto.tcl: Setting watchdog for 200 seconds at Tue Feb 12 03:31:58 UTC 2019
6 ms. Memory: 331264K Free: 301896K (91%)
ptolemy.util.test.WatchDog.cancel(): canceling Tue Feb 12 03:31:58 UTC 2019
------------------ testing $PTII/ptolemy/domains/de/test/auto/MergeWithoutDiscard.xml
auto.tcl: Setting watchdog for 200 seconds at Tue Feb 12 03:31:59 UTC 2019
3 ms. Memory: 331264K Free: 316176K (95%)
ptolemy.util.test.WatchDog.cancel(): canceling Tue Feb 12 03:31:59 UTC 2019
auto.tcl: Setting watchdog for 200 seconds at Tue Feb 12 03:31:59 UTC 2019
1 ms. Memory: 331264K Free: 316176K (95%)
ptolemy.util.test.WatchDog.cancel(): canceling Tue Feb 12 03:31:59 UTC 2019
------------------ testing $PTII/ptolemy/domains/de/test/auto/Modal1.xml
auto.tcl: Setting watchdog for 200 seconds at Tue Feb 12 03:31:59 UTC 2019
18 ms. Memory: 331264K Free: 310450K (94%)
ptolemy.util.test.WatchDog.cancel(): canceling Tue Feb 12 03:31:59 UTC 2019
auto.tcl: Setting watchdog for 200 seconds at Tue Feb 12 03:31:59 UTC 2019
14 ms. Memory: 331264K Free: 306875K (93%)
ptolemy.util.test.WatchDog.cancel(): canceling Tue Feb 12 03:31:59 UTC 2019
------------------ testing $PTII/ptolemy/domains/de/test/auto/Modal2.xml
auto.tcl: Setting watchdog for 200 seconds at Tue Feb 12 03:31:59 UTC 2019
16 ms. Memory: 331264K Free: 305393K (92%)
ptolemy.util.test.WatchDog.cancel(): canceling Tue Feb 12 03:31:59 UTC 2019
auto.tcl: Setting watchdog for 200 seconds at Tue Feb 12 03:31:59 UTC 2019
16 ms. Memory: 331264K Free: 301826K (91%)
ptolemy.util.test.WatchDog.cancel(): canceling Tue Feb 12 03:31:59 UTC 2019
------------------ testing $PTII/ptolemy/domains/de/test/auto/Modal3.xml
auto.tcl: Setting watchdog for 200 seconds at Tue Feb 12 03:31:59 UTC 2019
9 ms. Memory: 331264K Free: 310998K (94%)
ptolemy.util.test.WatchDog.cancel(): canceling Tue Feb 12 03:31:59 UTC 2019
auto.tcl: Setting watchdog for 200 seconds at Tue Feb 12 03:31:59 UTC 2019
10 ms. Memory: 331264K Free: 306756K (93%)
ptolemy.util.test.WatchDog.cancel(): canceling Tue Feb 12 03:31:59 UTC 2019
------------------ testing $PTII/ptolemy/domains/de/test/auto/Modal4.xml
auto.tcl: Setting watchdog for 200 seconds at Tue Feb 12 03:31:59 UTC 2019
21 ms. Memory: 331264K Free: 310336K (94%)
ptolemy.util.test.WatchDog.cancel(): canceling Tue Feb 12 03:31:59 UTC 2019
auto.tcl: Setting watchdog for 200 seconds at Tue Feb 12 03:31:59 UTC 2019
20 ms. Memory: 331264K Free: 306770K (93%)
ptolemy.util.test.WatchDog.cancel(): canceling Tue Feb 12 03:31:59 UTC 2019
------------------ testing $PTII/ptolemy/domains/de/test/auto/Modal5.xml
auto.tcl: Setting watchdog for 200 seconds at Tue Feb 12 03:31:59 UTC 2019
16 ms. Memory: 331264K Free: 310331K (94%)
ptolemy.util.test.WatchDog.cancel(): canceling Tue Feb 12 03:31:59 UTC 2019
auto.tcl: Setting watchdog for 200 seconds at Tue Feb 12 03:31:59 UTC 2019
12 ms. Memory: 331264K Free: 306748K (93%)
ptolemy.util.test.WatchDog.cancel(): canceling Tue Feb 12 03:31:59 UTC 2019
------------------ testing $PTII/ptolemy/domains/de/test/auto/Modal6.xml
auto.tcl: Setting watchdog for 200 seconds at Tue Feb 12 03:31:59 UTC 2019
12 ms. Memory: 331264K Free: 310320K (94%)
ptolemy.util.test.WatchDog.cancel(): canceling Tue Feb 12 03:31:59 UTC 2019
auto.tcl: Setting watchdog for 200 seconds at Tue Feb 12 03:31:59 UTC 2019
12 ms. Memory: 331264K Free: 306753K (93%)
ptolemy.util.test.WatchDog.cancel(): canceling Tue Feb 12 03:31:59 UTC 2019
------------------ testing $PTII/ptolemy/domains/de/test/auto/Modal7.xml
auto.tcl: Setting watchdog for 200 seconds at Tue Feb 12 03:31:59 UTC 2019
8 ms. Memory: 331264K Free: 306730K (93%)
ptolemy.util.test.WatchDog.cancel(): canceling Tue Feb 12 03:31:59 UTC 2019
auto.tcl: Setting watchdog for 200 seconds at Tue Feb 12 03:31:59 UTC 2019
8 ms. Memory: 331264K Free: 303163K (92%)
ptolemy.util.test.WatchDog.cancel(): canceling Tue Feb 12 03:31:59 UTC 2019
------------------ testing $PTII/ptolemy/domains/de/test/auto/ModalModel.xml
auto.tcl: Setting watchdog for 200 seconds at Tue Feb 12 03:31:59 UTC 2019
192 ms. Memory: 331264K Free: 250220K (76%)
ptolemy.util.test.WatchDog.cancel(): canceling Tue Feb 12 03:32:00 UTC 2019
auto.tcl: Setting watchdog for 200 seconds at Tue Feb 12 03:32:00 UTC 2019
168 ms. Memory: 331264K Free: 192988K (58%)
ptolemy.util.test.WatchDog.cancel(): canceling Tue Feb 12 03:32:00 UTC 2019
------------------ testing $PTII/ptolemy/domains/de/test/auto/ModalSource.xml
auto.tcl: Setting watchdog for 200 seconds at Tue Feb 12 03:32:00 UTC 2019
8 ms. Memory: 331264K Free: 316562K (96%)
ptolemy.util.test.WatchDog.cancel(): canceling Tue Feb 12 03:32:00 UTC 2019
auto.tcl: Setting watchdog for 200 seconds at Tue Feb 12 03:32:00 UTC 2019
5 ms. Memory: 331264K Free: 313262K (95%)
ptolemy.util.test.WatchDog.cancel(): canceling Tue Feb 12 03:32:00 UTC 2019
------------------ testing $PTII/ptolemy/domains/de/test/auto/NonInterruptibleTimerZeroDelay.xml
auto.tcl: Setting watchdog for 200 seconds at Tue Feb 12 03:32:00 UTC 2019
4 ms. Memory: 331264K Free: 320953K (97%)
ptolemy.util.test.WatchDog.cancel(): canceling Tue Feb 12 03:32:00 UTC 2019
auto.tcl: Setting watchdog for 200 seconds at Tue Feb 12 03:32:00 UTC 2019
2 ms. Memory: 331264K Free: 317653K (96%)
ptolemy.util.test.WatchDog.cancel(): canceling Tue Feb 12 03:32:00 UTC 2019
------------------ testing $PTII/ptolemy/domains/de/test/auto/OpenQueueingNetwork.xml
auto.tcl: Setting watchdog for 200 seconds at Tue Feb 12 03:32:00 UTC 2019
2719 ms. Memory: 573952K Free: 413450K (72%)
ptolemy.util.test.WatchDog.cancel(): canceling Tue Feb 12 03:32:03 UTC 2019
auto.tcl: Setting watchdog for 200 seconds at Tue Feb 12 03:32:03 UTC 2019
2283 ms. Memory: 574464K Free: 344167K (60%)
ptolemy.util.test.WatchDog.cancel(): canceling Tue Feb 12 03:32:05 UTC 2019
------------------ testing $PTII/ptolemy/domains/de/test/auto/OpenQueuingNetwork.xml
auto.tcl: Setting watchdog for 200 seconds at Tue Feb 12 03:32:05 UTC 2019
259 ms. Memory: 1064960K Free: 946283K (89%)
ptolemy.util.test.WatchDog.cancel(): canceling Tue Feb 12 03:32:05 UTC 2019
auto.tcl: Setting watchdog for 200 seconds at Tue Feb 12 03:32:05 UTC 2019
239 ms. Memory: 1064960K Free: 880796K (83%)
ptolemy.util.test.WatchDog.cancel(): canceling Tue Feb 12 03:32:06 UTC 2019
------------------ testing $PTII/ptolemy/domains/de/test/auto/PeriodicSampler.xml
auto.tcl: Setting watchdog for 200 seconds at Tue Feb 12 03:32:06 UTC 2019
3 ms. Memory: 1065472K Free: 1039559K (98%)
ptolemy.util.test.WatchDog.cancel(): canceling Tue Feb 12 03:32:06 UTC 2019
auto.tcl: Setting watchdog for 200 seconds at Tue Feb 12 03:32:06 UTC 2019
1 ms. Memory: 1065472K Free: 1039559K (98%)
ptolemy.util.test.WatchDog.cancel(): canceling Tue Feb 12 03:32:06 UTC 2019
------------------ testing $PTII/ptolemy/domains/de/test/auto/PersistentIO.xml
auto.tcl: Setting watchdog for 200 seconds at Tue Feb 12 03:32:06 UTC 2019
4 ms. Memory: 1064960K Free: 1029816K (97%)
ptolemy.util.test.WatchDog.cancel(): canceling Tue Feb 12 03:32:06 UTC 2019
auto.tcl: Setting watchdog for 200 seconds at Tue Feb 12 03:32:06 UTC 2019
3 ms. Memory: 1064960K Free: 1029816K (97%)
ptolemy.util.test.WatchDog.cancel(): canceling Tue Feb 12 03:32:06 UTC 2019
------------------ testing $PTII/ptolemy/domains/de/test/auto/PortParameterResetOnInitialize.xml
auto.tcl: Setting watchdog for 200 seconds at Tue Feb 12 03:32:06 UTC 2019
2 ms. Memory: 1065472K Free: 1030190K (97%)
ptolemy.util.test.WatchDog.cancel(): canceling Tue Feb 12 03:32:06 UTC 2019
auto.tcl: Setting watchdog for 200 seconds at Tue Feb 12 03:32:06 UTC 2019
2 ms. Memory: 1065472K Free: 1030190K (97%)
ptolemy.util.test.WatchDog.cancel(): canceling Tue Feb 12 03:32:06 UTC 2019
------------------ testing $PTII/ptolemy/domains/de/test/auto/PortParameterUpdates.xml
auto.tcl: Setting watchdog for 200 seconds at Tue Feb 12 03:32:06 UTC 2019
5 ms. Memory: 1065472K Free: 1040144K (98%)
ptolemy.util.test.WatchDog.cancel(): canceling Tue Feb 12 03:32:06 UTC 2019
auto.tcl: Setting watchdog for 200 seconds at Tue Feb 12 03:32:06 UTC 2019
3 ms. Memory: 1065472K Free: 1040144K (98%)
ptolemy.util.test.WatchDog.cancel(): canceling Tue Feb 12 03:32:06 UTC 2019
------------------ testing $PTII/ptolemy/domains/de/test/auto/QueueAndServer.xml
auto.tcl: Setting watchdog for 200 seconds at Tue Feb 12 03:32:06 UTC 2019
19 ms. Memory: 1065472K Free: 1029148K (97%)
ptolemy.util.test.WatchDog.cancel(): canceling Tue Feb 12 03:32:06 UTC 2019
auto.tcl: Setting watchdog for 200 seconds at Tue Feb 12 03:32:06 UTC 2019
6 ms. Memory: 1065472K Free: 1029148K (97%)
ptolemy.util.test.WatchDog.cancel(): canceling Tue Feb 12 03:32:06 UTC 2019
------------------ testing $PTII/ptolemy/domains/de/test/auto/Records.xml
auto.tcl: Setting watchdog for 200 seconds at Tue Feb 12 03:32:06 UTC 2019
8 ms. Memory: 1065472K Free: 1038911K (98%)
ptolemy.util.test.WatchDog.cancel(): canceling Tue Feb 12 03:32:06 UTC 2019
auto.tcl: Setting watchdog for 200 seconds at Tue Feb 12 03:32:06 UTC 2019
2 ms. Memory: 1065472K Free: 1038911K (98%)
ptolemy.util.test.WatchDog.cancel(): canceling Tue Feb 12 03:32:06 UTC 2019
------------------ testing $PTII/ptolemy/domains/de/test/auto/ResetTransitionWithStartTime1.xml
auto.tcl: Setting watchdog for 200 seconds at Tue Feb 12 03:32:06 UTC 2019
14 ms. Memory: 1065472K Free: 1038936K (98%)
ptolemy.util.test.WatchDog.cancel(): canceling Tue Feb 12 03:32:06 UTC 2019
auto.tcl: Setting watchdog for 200 seconds at Tue Feb 12 03:32:06 UTC 2019
5 ms. Memory: 1065472K Free: 1038936K (98%)
ptolemy.util.test.WatchDog.cancel(): canceling Tue Feb 12 03:32:06 UTC 2019
------------------ testing $PTII/ptolemy/domains/de/test/auto/ResetTransitionWithStartTime2.xml
auto.tcl: Setting watchdog for 200 seconds at Tue Feb 12 03:32:06 UTC 2019
7 ms. Memory: 1064448K Free: 1039043K (98%)
ptolemy.util.test.WatchDog.cancel(): canceling Tue Feb 12 03:32:06 UTC 2019
auto.tcl: Setting watchdog for 200 seconds at Tue Feb 12 03:32:06 UTC 2019
5 ms. Memory: 1064448K Free: 1039043K (98%)
ptolemy.util.test.WatchDog.cancel(): canceling Tue Feb 12 03:32:06 UTC 2019
------------------ testing $PTII/ptolemy/domains/de/test/auto/ResetTransitionWithStartTime3.xml
auto.tcl: Setting watchdog for 200 seconds at Tue Feb 12 03:32:06 UTC 2019
6 ms. Memory: 1064960K Free: 1039554K (98%)
ptolemy.util.test.WatchDog.cancel(): canceling Tue Feb 12 03:32:06 UTC 2019
auto.tcl: Setting watchdog for 200 seconds at Tue Feb 12 03:32:06 UTC 2019
8 ms. Memory: 1064960K Free: 1038414K (98%)
ptolemy.util.test.WatchDog.cancel(): canceling Tue Feb 12 03:32:06 UTC 2019
------------------ testing $PTII/ptolemy/domains/de/test/auto/ResetTransitionWithStartTime4.xml
auto.tcl: Setting watchdog for 200 seconds at Tue Feb 12 03:32:06 UTC 2019
4 ms. Memory: 1064960K Free: 1038412K (98%)
ptolemy.util.test.WatchDog.cancel(): canceling Tue Feb 12 03:32:06 UTC 2019
auto.tcl: Setting watchdog for 200 seconds at Tue Feb 12 03:32:06 UTC 2019
3 ms. Memory: 1064960K Free: 1038412K (98%)
ptolemy.util.test.WatchDog.cancel(): canceling Tue Feb 12 03:32:06 UTC 2019
------------------ testing $PTII/ptolemy/domains/de/test/auto/ResettableTimer1.xml
auto.tcl: Setting watchdog for 200 seconds at Tue Feb 12 03:32:06 UTC 2019
2 ms. Memory: 1064960K Free: 1038408K (98%)
ptolemy.util.test.WatchDog.cancel(): canceling Tue Feb 12 03:32:06 UTC 2019
auto.tcl: Setting watchdog for 200 seconds at Tue Feb 12 03:32:06 UTC 2019
2 ms. Memory: 1064960K Free: 1038408K (98%)
ptolemy.util.test.WatchDog.cancel(): canceling Tue Feb 12 03:32:06 UTC 2019
------------------ testing $PTII/ptolemy/domains/de/test/auto/ResettableTimer2.xml
auto.tcl: Setting watchdog for 200 seconds at Tue Feb 12 03:32:06 UTC 2019
6 ms. Memory: 1064960K Free: 1039606K (98%)
ptolemy.util.test.WatchDog.cancel(): canceling Tue Feb 12 03:32:06 UTC 2019
auto.tcl: Setting watchdog for 200 seconds at Tue Feb 12 03:32:06 UTC 2019
2 ms. Memory: 1064960K Free: 1039606K (98%)
ptolemy.util.test.WatchDog.cancel(): canceling Tue Feb 12 03:32:06 UTC 2019
------------------ testing $PTII/ptolemy/domains/de/test/auto/ResettableTimer3.xml
auto.tcl: Setting watchdog for 200 seconds at Tue Feb 12 03:32:06 UTC 2019
1 ms. Memory: 1064960K Free: 1038465K (98%)
ptolemy.util.test.WatchDog.cancel(): canceling Tue Feb 12 03:32:06 UTC 2019
auto.tcl: Setting watchdog for 200 seconds at Tue Feb 12 03:32:06 UTC 2019
1 ms. Memory: 1064960K Free: 1038465K (98%)
ptolemy.util.test.WatchDog.cancel(): canceling Tue Feb 12 03:32:06 UTC 2019
------------------ testing $PTII/ptolemy/domains/de/test/auto/ResettableTimer4.xml
auto.tcl: Setting watchdog for 200 seconds at Tue Feb 12 03:32:07 UTC 2019
1 ms. Memory: 1063936K Free: 1038594K (98%)
ptolemy.util.test.WatchDog.cancel(): canceling Tue Feb 12 03:32:07 UTC 2019
auto.tcl: Setting watchdog for 200 seconds at Tue Feb 12 03:32:07 UTC 2019
1 ms. Memory: 1063936K Free: 1038594K (98%)
ptolemy.util.test.WatchDog.cancel(): canceling Tue Feb 12 03:32:07 UTC 2019
------------------ testing $PTII/ptolemy/domains/de/test/auto/ResettableTimer5.xml
auto.tcl: Setting watchdog for 200 seconds at Tue Feb 12 03:32:07 UTC 2019
2 ms. Memory: 1064448K Free: 1029284K (97%)
ptolemy.util.test.WatchDog.cancel(): canceling Tue Feb 12 03:32:07 UTC 2019
auto.tcl: Setting watchdog for 200 seconds at Tue Feb 12 03:32:07 UTC 2019
1 ms. Memory: 1064448K Free: 1029284K (97%)
ptolemy.util.test.WatchDog.cancel(): canceling Tue Feb 12 03:32:07 UTC 2019
------------------ testing $PTII/ptolemy/domains/de/test/auto/ResettableTimer6.xml
auto.tcl: Setting watchdog for 200 seconds at Tue Feb 12 03:32:07 UTC 2019
1 ms. Memory: 1064448K Free: 1028093K (97%)
ptolemy.util.test.WatchDog.cancel(): canceling Tue Feb 12 03:32:07 UTC 2019
auto.tcl: Setting watchdog for 200 seconds at Tue Feb 12 03:32:07 UTC 2019
1 ms. Memory: 1064448K Free: 1028093K (97%)
ptolemy.util.test.WatchDog.cancel(): canceling Tue Feb 12 03:32:07 UTC 2019
------------------ testing $PTII/ptolemy/domains/de/test/auto/ServerZeroDelay.xml
auto.tcl: Setting watchdog for 200 seconds at Tue Feb 12 03:32:07 UTC 2019
2 ms. Memory: 1064448K Free: 1039044K (98%)
ptolemy.util.test.WatchDog.cancel(): canceling Tue Feb 12 03:32:07 UTC 2019
auto.tcl: Setting watchdog for 200 seconds at Tue Feb 12 03:32:07 UTC 2019
2 ms. Memory: 1064448K Free: 1039044K (98%)
ptolemy.util.test.WatchDog.cancel(): canceling Tue Feb 12 03:32:07 UTC 2019
------------------ testing $PTII/ptolemy/domains/de/test/auto/SmartSender.xml
auto.tcl: Setting watchdog for 200 seconds at Tue Feb 12 03:32:07 UTC 2019
3002 ms. Memory: 1064448K Free: 1029219K (97%)
ptolemy.util.test.WatchDog.cancel(): canceling Tue Feb 12 03:32:10 UTC 2019
auto.tcl: Setting watchdog for 200 seconds at Tue Feb 12 03:32:10 UTC 2019
3000 ms. Memory: 1064448K Free: 1029219K (97%)
ptolemy.util.test.WatchDog.cancel(): canceling Tue Feb 12 03:32:13 UTC 2019
------------------ testing $PTII/ptolemy/domains/de/test/auto/ThreadedComposite.xml
auto.tcl: Setting watchdog for 200 seconds at Tue Feb 12 03:32:13 UTC 2019
320 ms. Memory: 1064448K Free: 977892K (92%)
ptolemy.util.test.WatchDog.cancel(): canceling Tue Feb 12 03:32:13 UTC 2019
auto.tcl: Setting watchdog for 200 seconds at Tue Feb 12 03:32:13 UTC 2019
123 ms. Memory: 1064448K Free: 958252K (90%)
ptolemy.util.test.WatchDog.cancel(): canceling Tue Feb 12 03:32:13 UTC 2019
------------------ testing $PTII/ptolemy/domains/de/test/auto/Time.xml
auto.tcl: Setting watchdog for 200 seconds at Tue Feb 12 03:32:13 UTC 2019
495 ms. Memory: 1064448K Free: 988523K (93%)
ptolemy.util.test.WatchDog.cancel(): canceling Tue Feb 12 03:32:14 UTC 2019
auto.tcl: Setting watchdog for 200 seconds at Tue Feb 12 03:32:14 UTC 2019
499 ms. Memory: 1064448K Free: 933922K (88%)
ptolemy.util.test.WatchDog.cancel(): canceling Tue Feb 12 03:32:14 UTC 2019
------------------ testing $PTII/ptolemy/domains/de/test/auto/TimeDelayZeroDelay.xml
auto.tcl: Setting watchdog for 200 seconds at Tue Feb 12 03:32:14 UTC 2019
1 ms. Memory: 1064448K Free: 1037822K (97%)
ptolemy.util.test.WatchDog.cancel(): canceling Tue Feb 12 03:32:14 UTC 2019
auto.tcl: Setting watchdog for 200 seconds at Tue Feb 12 03:32:14 UTC 2019
2 ms. Memory: 1064448K Free: 1037822K (97%)
ptolemy.util.test.WatchDog.cancel(): canceling Tue Feb 12 03:32:14 UTC 2019
------------------ testing $PTII/ptolemy/domains/de/test/auto/TimerZeroDelay.xml
auto.tcl: Setting watchdog for 200 seconds at Tue Feb 12 03:32:15 UTC 2019
2 ms. Memory: 1063424K Free: 1037981K (98%)
ptolemy.util.test.WatchDog.cancel(): canceling Tue Feb 12 03:32:15 UTC 2019
auto.tcl: Setting watchdog for 200 seconds at Tue Feb 12 03:32:15 UTC 2019
1 ms. Memory: 1063424K Free: 1037981K (98%)
ptolemy.util.test.WatchDog.cancel(): canceling Tue Feb 12 03:32:15 UTC 2019
------------------ testing $PTII/ptolemy/domains/de/test/auto/TimingParadox.xml
auto.tcl: Setting watchdog for 200 seconds at Tue Feb 12 03:32:15 UTC 2019
324 ms. Memory: 1063936K Free: 975100K (92%)
ptolemy.util.test.WatchDog.cancel(): canceling Tue Feb 12 03:32:15 UTC 2019
auto.tcl: Setting watchdog for 200 seconds at Tue Feb 12 03:32:15 UTC 2019
357 ms. Memory: 1063936K Free: 942340K (89%)
ptolemy.util.test.WatchDog.cancel(): canceling Tue Feb 12 03:32:15 UTC 2019
------------------ testing $PTII/ptolemy/domains/de/test/auto/TransferInputs.xml
auto.tcl: Setting watchdog for 200 seconds at Tue Feb 12 03:32:15 UTC 2019
7 ms. Memory: 1063424K Free: 1036954K (98%)
ptolemy.util.test.WatchDog.cancel(): canceling Tue Feb 12 03:32:15 UTC 2019
auto.tcl: Setting watchdog for 200 seconds at Tue Feb 12 03:32:15 UTC 2019
2 ms. Memory: 1063424K Free: 1036954K (98%)
ptolemy.util.test.WatchDog.cancel(): canceling Tue Feb 12 03:32:15 UTC 2019
------------------ testing $PTII/ptolemy/domains/de/test/auto/TransferOutputs2.xml
auto.tcl: Setting watchdog for 200 seconds at Tue Feb 12 03:32:15 UTC 2019
2 ms. Memory: 1063936K Free: 1038567K (98%)
ptolemy.util.test.WatchDog.cancel(): canceling Tue Feb 12 03:32:16 UTC 2019
auto.tcl: Setting watchdog for 200 seconds at Tue Feb 12 03:32:16 UTC 2019
3 ms. Memory: 1063936K Free: 1038567K (98%)
ptolemy.util.test.WatchDog.cancel(): canceling Tue Feb 12 03:32:16 UTC 2019
------------------ testing $PTII/ptolemy/domains/de/test/auto/Trilateration.xml
auto.tcl: Setting watchdog for 200 seconds at Tue Feb 12 03:32:16 UTC 2019
13314 ms. Memory: 933376K Free: 822841K (88%)
ptolemy.util.test.WatchDog.cancel(): canceling Tue Feb 12 03:32:30 UTC 2019
auto.tcl: Setting watchdog for 200 seconds at Tue Feb 12 03:32:30 UTC 2019
10318 ms. Memory: 812544K Free: 548500K (68%)
ptolemy.util.test.WatchDog.cancel(): canceling Tue Feb 12 03:32:40 UTC 2019
------------------ testing $PTII/ptolemy/domains/de/test/auto/TwoSigmaDelta.xml
auto.tcl: Setting watchdog for 200 seconds at Tue Feb 12 03:32:40 UTC 2019
2568 ms. Memory: 816640K Free: 511919K (63%)
ptolemy.util.test.WatchDog.cancel(): canceling Tue Feb 12 03:32:43 UTC 2019
auto.tcl: Setting watchdog for 200 seconds at Tue Feb 12 03:32:43 UTC 2019
2050 ms. Memory: 816640K Free: 277646K (34%)
ptolemy.util.test.WatchDog.cancel(): canceling Tue Feb 12 03:32:45 UTC 2019
------------------ testing $PTII/ptolemy/domains/de/test/auto/VariableDelay.xml
auto.tcl: Setting watchdog for 200 seconds at Tue Feb 12 03:32:45 UTC 2019
2 ms. Memory: 813056K Free: 790034K (97%)
ptolemy.util.test.WatchDog.cancel(): canceling Tue Feb 12 03:32:45 UTC 2019
auto.tcl: Setting watchdog for 200 seconds at Tue Feb 12 03:32:45 UTC 2019
2 ms. Memory: 813056K Free: 790034K (97%)
ptolemy.util.test.WatchDog.cancel(): canceling Tue Feb 12 03:32:45 UTC 2019
------------------ testing $PTII/ptolemy/domains/de/test/auto/VariableDelay2.xml
auto.tcl: Setting watchdog for 200 seconds at Tue Feb 12 03:32:45 UTC 2019
2 ms. Memory: 812544K Free: 790034K (97%)
ptolemy.util.test.WatchDog.cancel(): canceling Tue Feb 12 03:32:45 UTC 2019
auto.tcl: Setting watchdog for 200 seconds at Tue Feb 12 03:32:45 UTC 2019
1 ms. Memory: 812544K Free: 790034K (97%)
ptolemy.util.test.WatchDog.cancel(): canceling Tue Feb 12 03:32:45 UTC 2019
------------------ testing $PTII/ptolemy/domains/de/test/auto/VariableDelayZeroDelay.xml
auto.tcl: Setting watchdog for 200 seconds at Tue Feb 12 03:32:45 UTC 2019
2 ms. Memory: 812544K Free: 790033K (97%)
ptolemy.util.test.WatchDog.cancel(): canceling Tue Feb 12 03:32:45 UTC 2019
auto.tcl: Setting watchdog for 200 seconds at Tue Feb 12 03:32:45 UTC 2019
1 ms. Memory: 812544K Free: 790033K (97%)
ptolemy.util.test.WatchDog.cancel(): canceling Tue Feb 12 03:32:45 UTC 2019
------------------ testing $PTII/ptolemy/domains/de/test/auto/VariableDelayZeroDelay2.xml
auto.tcl: Setting watchdog for 200 seconds at Tue Feb 12 03:32:45 UTC 2019
1 ms. Memory: 815616K Free: 785693K (96%)
ptolemy.util.test.WatchDog.cancel(): canceling Tue Feb 12 03:32:45 UTC 2019
auto.tcl: Setting watchdog for 200 seconds at Tue Feb 12 03:32:45 UTC 2019
2 ms. Memory: 815616K Free: 785693K (96%)
ptolemy.util.test.WatchDog.cancel(): canceling Tue Feb 12 03:32:45 UTC 2019
------------------ testing $PTII/ptolemy/domains/de/test/auto/deInCt.xml
auto.tcl: Setting watchdog for 200 seconds at Tue Feb 12 03:32:45 UTC 2019
0
1
1
0
0
0
1
1
1
0
0
0
1
1
1
1
0
0
0
1
1
1
0
0
0
0
0
0
0
0
1
1
1
0
0
0
1
1
0
0
0
0
17 ms. Memory: 812544K Free: 789929K (97%)
ptolemy.util.test.WatchDog.cancel(): canceling Tue Feb 12 03:32:45 UTC 2019
auto.tcl: Setting watchdog for 200 seconds at Tue Feb 12 03:32:45 UTC 2019
0
1
1
1
0
0
1
1
1
0
0
0
0
0
1
1
1
1
0
0
0
0
1
1
1
1
0
0
0
1
1
1
1
8 ms. Memory: 812544K Free: 789929K (97%)
ptolemy.util.test.WatchDog.cancel(): canceling Tue Feb 12 03:32:45 UTC 2019
------------------ testing $PTII/ptolemy/domains/de/test/auto/deInCt2.xml
auto.tcl: Setting watchdog for 200 seconds at Tue Feb 12 03:32:45 UTC 2019
0
1
1
1
0
0
1
1
1
0
0
1
1
1
0
0
1
1
1
0
0
1
1
1
0
0
1
1
1
0
0
1
1
1
0
0
1
1
1
0
0
0
15 ms. Memory: 815616K Free: 793099K (97%)
ptolemy.util.test.WatchDog.cancel(): canceling Tue Feb 12 03:32:45 UTC 2019
auto.tcl: Setting watchdog for 200 seconds at Tue Feb 12 03:32:45 UTC 2019
0
1
1
1
0
0
1
1
1
0
0
1
1
1
0
0
1
1
1
0
0
1
1
1
0
0
1
1
1
0
0
1
1
1
0
0
1
1
1
0
0
0
6 ms. Memory: 815616K Free: 793099K (97%)
ptolemy.util.test.WatchDog.cancel(): canceling Tue Feb 12 03:32:45 UTC 2019
------------------ testing $PTII/ptolemy/domains/de/test/auto/dynamicCausalityInterface1.xml
auto.tcl: Setting watchdog for 200 seconds at Tue Feb 12 03:32:45 UTC 2019
1 ms. Memory: 812544K Free: 782712K (96%)
ptolemy.util.test.WatchDog.cancel(): canceling Tue Feb 12 03:32:45 UTC 2019
auto.tcl: Setting watchdog for 200 seconds at Tue Feb 12 03:32:45 UTC 2019
1 ms. Memory: 812544K Free: 782712K (96%)
ptolemy.util.test.WatchDog.cancel(): canceling Tue Feb 12 03:32:45 UTC 2019
------------------ testing $PTII/ptolemy/domains/de/test/auto/fsm_de_test.xml
auto.tcl: Setting watchdog for 200 seconds at Tue Feb 12 03:32:45 UTC 2019
9 ms. Memory: 815104K Free: 785166K (96%)
ptolemy.util.test.WatchDog.cancel(): canceling Tue Feb 12 03:32:45 UTC 2019
auto.tcl: Setting watchdog for 200 seconds at Tue Feb 12 03:32:45 UTC 2019
4 ms. Memory: 815104K Free: 785166K (96%)
ptolemy.util.test.WatchDog.cancel(): canceling Tue Feb 12 03:32:45 UTC 2019
------------------ testing $PTII/ptolemy/domains/de/test/auto/functionDependencyReconstruction.xml
auto.tcl: Setting watchdog for 200 seconds at Tue Feb 12 03:32:46 UTC 2019
4 ms. Memory: 812544K Free: 772166K (95%)
ptolemy.util.test.WatchDog.cancel(): canceling Tue Feb 12 03:32:46 UTC 2019
auto.tcl: Setting watchdog for 200 seconds at Tue Feb 12 03:32:46 UTC 2019
2 ms. Memory: 812544K Free: 772166K (95%)
ptolemy.util.test.WatchDog.cancel(): canceling Tue Feb 12 03:32:46 UTC 2019
------------------ testing $PTII/ptolemy/domains/de/test/auto/multirate.xml
auto.tcl: Setting watchdog for 200 seconds at Tue Feb 12 03:32:46 UTC 2019
5 ms. Memory: 814592K Free: 784519K (96%)
ptolemy.util.test.WatchDog.cancel(): canceling Tue Feb 12 03:32:46 UTC 2019
auto.tcl: Setting watchdog for 200 seconds at Tue Feb 12 03:32:46 UTC 2019
4 ms. Memory: 814592K Free: 784421K (96%)
ptolemy.util.test.WatchDog.cancel(): canceling Tue Feb 12 03:32:46 UTC 2019
------------------ testing $PTII/ptolemy/domains/de/test/auto/multirate2.xml
auto.tcl: Setting watchdog for 200 seconds at Tue Feb 12 03:32:46 UTC 2019
4 ms. Memory: 812544K Free: 789971K (97%)
ptolemy.util.test.WatchDog.cancel(): canceling Tue Feb 12 03:32:46 UTC 2019
auto.tcl: Setting watchdog for 200 seconds at Tue Feb 12 03:32:46 UTC 2019
2 ms. Memory: 812544K Free: 789971K (97%)
ptolemy.util.test.WatchDog.cancel(): canceling Tue Feb 12 03:32:46 UTC 2019
------------------ testing $PTII/ptolemy/domains/de/test/auto/realtime.xml
auto.tcl: Setting watchdog for 200 seconds at Tue Feb 12 03:32:46 UTC 2019
10002 ms. Memory: 814592K Free: 784607K (96%)
ptolemy.util.test.WatchDog.cancel(): canceling Tue Feb 12 03:32:56 UTC 2019
auto.tcl: Setting watchdog for 200 seconds at Tue Feb 12 03:32:56 UTC 2019
10002 ms. Memory: 814592K Free: 784607K (96%)
ptolemy.util.test.WatchDog.cancel(): canceling Tue Feb 12 03:33:06 UTC 2019
------------------ testing $PTII/ptolemy/domains/de/test/auto/relationGroup.xml
auto.tcl: Setting watchdog for 200 seconds at Tue Feb 12 03:33:06 UTC 2019
1 ms. Memory: 812544K Free: 789994K (97%)
ptolemy.util.test.WatchDog.cancel(): canceling Tue Feb 12 03:33:06 UTC 2019
auto.tcl: Setting watchdog for 200 seconds at Tue Feb 12 03:33:06 UTC 2019
1 ms. Memory: 812544K Free: 789994K (97%)
ptolemy.util.test.WatchDog.cancel(): canceling Tue Feb 12 03:33:06 UTC 2019
------------------ testing $PTII/ptolemy/domains/de/test/auto/relationGroup2.xml
auto.tcl: Setting watchdog for 200 seconds at Tue Feb 12 03:33:06 UTC 2019
1 ms. Memory: 814080K Free: 784245K (96%)
ptolemy.util.test.WatchDog.cancel(): canceling Tue Feb 12 03:33:06 UTC 2019
auto.tcl: Setting watchdog for 200 seconds at Tue Feb 12 03:33:06 UTC 2019
1 ms. Memory: 814080K Free: 784245K (96%)
ptolemy.util.test.WatchDog.cancel(): canceling Tue Feb 12 03:33:06 UTC 2019
------------------ testing $PTII/ptolemy/domains/de/test/auto/sortWithOpaquePorts.xml
auto.tcl: Setting watchdog for 200 seconds at Tue Feb 12 03:33:06 UTC 2019
1 ms. Memory: 812544K Free: 782710K (96%)
ptolemy.util.test.WatchDog.cancel(): canceling Tue Feb 12 03:33:06 UTC 2019
auto.tcl: Setting watchdog for 200 seconds at Tue Feb 12 03:33:06 UTC 2019
1 ms. Memory: 812544K Free: 782710K (96%)
ptolemy.util.test.WatchDog.cancel(): canceling Tue Feb 12 03:33:06 UTC 2019
------------------ testing $PTII/ptolemy/domains/de/test/auto/transferInputsandOutputs.xml
auto.tcl: Setting watchdog for 200 seconds at Tue Feb 12 03:33:06 UTC 2019
3 ms. Memory: 814080K Free: 784233K (96%)
ptolemy.util.test.WatchDog.cancel(): canceling Tue Feb 12 03:33:06 UTC 2019
auto.tcl: Setting watchdog for 200 seconds at Tue Feb 12 03:33:06 UTC 2019
2 ms. Memory: 814080K Free: 784233K (96%)
ptolemy.util.test.WatchDog.cancel(): canceling Tue Feb 12 03:33:06 UTC 2019
------------------ testing $PTII/ptolemy/domains/de/test/auto/triggerType.xml
auto.tcl: Setting watchdog for 200 seconds at Tue Feb 12 03:33:06 UTC 2019
4 ms. Memory: 812544K Free: 782647K (96%)
ptolemy.util.test.WatchDog.cancel(): canceling Tue Feb 12 03:33:06 UTC 2019
auto.tcl: Setting watchdog for 200 seconds at Tue Feb 12 03:33:06 UTC 2019
2 ms. Memory: 812544K Free: 782647K (96%)
ptolemy.util.test.WatchDog.cancel(): canceling Tue Feb 12 03:33:06 UTC 2019
02/12/19 03:33:06
Failed: 0  Total Tests: 192  ((Passed: 187, Newly Passed: 1)  Known Failed: 5) /home/travis/build/icyphy/ptII/ptolemy/domains/de/test
02/12/19 03:33:06
Failed: 0  Total Tests: 192  ((Passed: 187, Newly Passed: 1)  Known Failed: 5) /home/travis/build/icyphy/ptII/ptolemy/domains/de/test
----------------- testing (KnownFailure) /home/travis/build/icyphy/ptII/ptolemy/domains/de/test/auto/knownFailedTests/DESDFClockTest.xml
2015 ms. Memory: 813568K Free: 769003K (95%)
Known Failure: java.lang.reflect.InvocationTargetException
----------------- testing (KnownFailure) /home/travis/build/icyphy/ptII/ptolemy/domains/de/test/auto/knownFailedTests/DirectFeedback.xml
2 ms. Memory: 813568K Free: 710512K (87%)
Known Failure: java.lang.reflect.InvocationTargetException
----------------- testing (KnownFailure) /home/travis/build/icyphy/ptII/ptolemy/domains/de/test/auto/knownFailedTests/FSMSource.xml
5 ms. Memory: 813568K Free: 652021K (80%)
----------------- testing (KnownFailure) /home/travis/build/icyphy/ptII/ptolemy/domains/de/test/auto/knownFailedTests/HierarchicalModel.xml
4 ms. Memory: 813568K Free: 608136K (75%)
Known Failure: java.lang.reflect.InvocationTargetException
----------------- testing (KnownFailure) /home/travis/build/icyphy/ptII/ptolemy/domains/de/test/auto/knownFailedTests/dependencyLoop.xml
3 ms. Memory: 813568K Free: 549645K (68%)
Known Failure: java.lang.reflect.InvocationTargetException
----------------- testing (KnownFailure) /home/travis/build/icyphy/ptII/ptolemy/domains/de/test/auto/knownFailedTests/dependencyLoop2.xml
4 ms. Memory: 813568K Free: 491154K (60%)
Known Failure: java.lang.reflect.InvocationTargetException
No auto/linux-amd64/*.xml tests in /home/travis/build/icyphy/ptII/ptolemy/domains/de/test
AutoTests.java: About to close Vertx.
AutoTests.java: Vertx closed.

===========================================================================================
----------------- testing Tue Feb 12 03:33:08 UTC 2019 /home/travis/build/icyphy/ptII/ptolemy/domains/de/test/auto/ActorDepthCalculation_actorWithoutPorts.xml
----------------- Instantiating /home/travis/build/icyphy/ptII/ptolemy/domains/de/test/auto/ActorDepthCalculation_actorWithoutPorts.xml
2 ms. Memory: 813568K Free: 418040K (51%)
----------------- Invoking toplevel() on ptolemy.moml.MoMLSimpleApplication@7c91e548
----------------- Done invoking toplevel() on ptolemy.moml.MoMLSimpleApplication@7c91e548
reloadAllAccessors: .ActorDepthCalculation_actorWithoutPorts

===========================================================================================
----------------- testing Tue Feb 12 03:33:08 UTC 2019 /home/travis/build/icyphy/ptII/ptolemy/domains/de/test/auto/AssemblyLine.xml
----------------- Instantiating /home/travis/build/icyphy/ptII/ptolemy/domains/de/test/auto/AssemblyLine.xml
2 ms. Memory: 813568K Free: 388795K (48%)
----------------- Invoking toplevel() on ptolemy.moml.MoMLSimpleApplication@3443f04b
----------------- Done invoking toplevel() on ptolemy.moml.MoMLSimpleApplication@3443f04b
reloadAllAccessors: .AssemblyLine

===========================================================================================
----------------- testing Tue Feb 12 03:33:08 UTC 2019 /home/travis/build/icyphy/ptII/ptolemy/domains/de/test/auto/CQBug1.xml
----------------- Instantiating /home/travis/build/icyphy/ptII/ptolemy/domains/de/test/auto/CQBug1.xml
1 ms. Memory: 813568K Free: 359549K (44%)
----------------- Invoking toplevel() on ptolemy.moml.MoMLSimpleApplication@62b55fa6
----------------- Done invoking toplevel() on ptolemy.moml.MoMLSimpleApplication@62b55fa6
reloadAllAccessors: .CQBug1

===========================================================================================
----------------- testing Tue Feb 12 03:33:08 UTC 2019 /home/travis/build/icyphy/ptII/ptolemy/domains/de/test/auto/CancelFireAt.xml
----------------- Instantiating /home/travis/build/icyphy/ptII/ptolemy/domains/de/test/auto/CancelFireAt.xml
1 ms. Memory: 813568K Free: 330304K (41%)
----------------- Invoking toplevel() on ptolemy.moml.MoMLSimpleApplication@5ba996e6
----------------- Done invoking toplevel() on ptolemy.moml.MoMLSimpleApplication@5ba996e6
reloadAllAccessors: .CancelFireAt

===========================================================================================
----------------- testing Tue Feb 12 03:33:08 UTC 2019 /home/travis/build/icyphy/ptII/ptolemy/domains/de/test/auto/CausalityAndComposabilityAnalysis.xml
----------------- Instantiating /home/travis/build/icyphy/ptII/ptolemy/domains/de/test/auto/CausalityAndComposabilityAnalysis.xml
1 ms. Memory: 813568K Free: 301058K (37%)
----------------- Invoking toplevel() on ptolemy.moml.MoMLSimpleApplication@250894b5
----------------- Done invoking toplevel() on ptolemy.moml.MoMLSimpleApplication@250894b5
reloadAllAccessors: .CausalityAndComposabilityAnalysis

===========================================================================================
----------------- testing Tue Feb 12 03:33:08 UTC 2019 /home/travis/build/icyphy/ptII/ptolemy/domains/de/test/auto/CausalityInterface1.xml
----------------- Instantiating /home/travis/build/icyphy/ptII/ptolemy/domains/de/test/auto/CausalityInterface1.xml
4 ms. Memory: 813568K Free: 271813K (33%)
----------------- Invoking toplevel() on ptolemy.moml.MoMLSimpleApplication@e2b67c0
----------------- Done invoking toplevel() on ptolemy.moml.MoMLSimpleApplication@e2b67c0
reloadAllAccessors: .CausalityInterface1

===========================================================================================
----------------- testing Tue Feb 12 03:33:08 UTC 2019 /home/travis/build/icyphy/ptII/ptolemy/domains/de/test/auto/CausalityInterface15.xml
----------------- Instantiating /home/travis/build/icyphy/ptII/ptolemy/domains/de/test/auto/CausalityInterface15.xml
1 ms. Memory: 813568K Free: 242567K (30%)
----------------- Invoking toplevel() on ptolemy.moml.MoMLSimpleApplication@569d1d40
[...]
java.lang.RuntimeException: Execution failed
	at ptolemy.moml.MoMLSimpleApplication$UnloadThread.run(MoMLSimpleApplication.java:402)
Caused by: ptolemy.kernel.util.IllegalActionException: Test fails in iteration 1.
Value was: 1.0. Should have been: 2.0
  in .DirectFeedback.Test
	at ptolemy.actor.lib.Test.fire(Test.java:268)
	at ptolemy.domains.de.kernel.DEDirector._fire(DEDirector.java:1949)
	at ptolemy.domains.de.kernel.DEDirector.fire(DEDirector.java:502)
	at ptolemy.actor.CompositeActor.fire(CompositeActor.java:455)
	at ptolemy.actor.Manager.iterate(Manager.java:851)
	at ptolemy.actor.Manager.execute(Manager.java:369)
	at ptolemy.actor.Manager.run(Manager.java:1263)
	at ptolemy.actor.Manager$PtolemyRunThread.run(Manager.java:1915)
java.lang.RuntimeException: Execution failed
	at ptolemy.moml.MoMLSimpleApplication$UnloadThread.run(MoMLSimpleApplication.java:402)
Caused by: ptolemy.kernel.util.IllegalActionException: Actor is not ready to fire.  Perhaps UpSample.prefire() returned false? Try debugging the actor by selecting "Listen to Actor".  Also, for SDF check moml for tokenConsumptionRate on input.
  in .DESDFClockTest.Play Bell.Copy1:SDF Director and .DESDFClockTest.Play Bell.UpSample
	at ptolemy.actor.sched.StaticSchedulingDirector.fire(StaticSchedulingDirector.java:227)
	at ptolemy.domains.sdf.kernel.SDFDirector.fire(SDFDirector.java:500)
	at ptolemy.actor.CompositeActor.fire(CompositeActor.java:455)
	at ptolemy.domains.de.kernel.DEDirector._fire(DEDirector.java:1949)
	at ptolemy.domains.de.kernel.DEDirector.fire(DEDirector.java:502)
	at ptolemy.actor.CompositeActor.fire(CompositeActor.java:455)
	at ptolemy.actor.Manager.iterate(Manager.java:851)
	at ptolemy.actor.Manager.execute(Manager.java:369)
	at ptolemy.actor.Manager.run(Manager.java:1263)
	at ptolemy.actor.Manager$PtolemyRunThread.run(Manager.java:1915)
java.lang.reflect.InvocationTargetException
	at sun.reflect.NativeConstructorAccessorImpl.newInstance0(Native Method)
	at sun.reflect.NativeConstructorAccessorImpl.newInstance(NativeConstructorAccessorImpl.java:62)
	at sun.reflect.DelegatingConstructorAccessorImpl.newInstance(DelegatingConstructorAccessorImpl.java:45)
	at java.lang.reflect.Constructor.newInstance(Constructor.java:423)
	at ptolemy.util.test.junit.AutoKnownFailedTests.RunModel(AutoKnownFailedTests.java:105)
	at sun.reflect.NativeMethodAccessorImpl.invoke0(Native Method)
	at sun.reflect.NativeMethodAccessorImpl.invoke(NativeMethodAccessorImpl.java:62)
	at sun.reflect.DelegatingMethodAccessorImpl.invoke(DelegatingMethodAccessorImpl.java:43)
	at java.lang.reflect.Method.invoke(Method.java:498)
	at org.junit.runners.model.FrameworkMethod$1.runReflectiveCall(FrameworkMethod.java:44)
	at org.junit.internal.runners.model.ReflectiveCallable.run(ReflectiveCallable.java:15)
	at org.junit.runners.model.FrameworkMethod.invokeExplosively(FrameworkMethod.java:41)
	at junitparams.internal.InvokeParameterisedMethod.evaluate(InvokeParameterisedMethod.java:102)
	at org.junit.internal.runners.statements.FailOnTimeout$1.run(FailOnTimeout.java:28)
Caused by: ptolemy.kernel.util.IllegalActionException: Actor is not ready to fire.  Perhaps UpSample.prefire() returned false? Try debugging the actor by selecting "Listen to Actor".  Also, for SDF check moml for tokenConsumptionRate on input.
  in .DESDFClockTest.Play Bell.Copy1:SDF Director and .DESDFClockTest.Play Bell.UpSample
	at ptolemy.actor.sched.StaticSchedulingDirector.fire(StaticSchedulingDirector.java:227)
	at ptolemy.domains.sdf.kernel.SDFDirector.fire(SDFDirector.java:500)
	at ptolemy.actor.CompositeActor.fire(CompositeActor.java:455)
	at ptolemy.domains.de.kernel.DEDirector._fire(DEDirector.java:1949)
	at ptolemy.domains.de.kernel.DEDirector.fire(DEDirector.java:502)
	at ptolemy.actor.CompositeActor.fire(CompositeActor.java:455)
	at ptolemy.actor.Manager.iterate(Manager.java:851)
	at ptolemy.actor.Manager.execute(Manager.java:369)
	at ptolemy.actor.Manager.run(Manager.java:1263)
	at ptolemy.actor.Manager$PtolemyRunThread.run(Manager.java:1915)
java.lang.RuntimeException: Execution failed
	at ptolemy.moml.MoMLSimpleApplication$UnloadThread.run(MoMLSimpleApplication.java:402)
Caused by: ptolemy.kernel.util.IllegalActionException: Test fails in iteration 1.
Value was: 1.0. Should have been: 2.0
  in .DirectFeedback.Test
	at ptolemy.actor.lib.Test.fire(Test.java:268)
	at ptolemy.domains.de.kernel.DEDirector._fire(DEDirector.java:1949)
	at ptolemy.domains.de.kernel.DEDirector.fire(DEDirector.java:502)
	at ptolemy.actor.CompositeActor.fire(CompositeActor.java:455)
	at ptolemy.actor.Manager.iterate(Manager.java:851)
	at ptolemy.actor.Manager.execute(Manager.java:369)
	at ptolemy.actor.Manager.run(Manager.java:1263)
	at ptolemy.actor.Manager$PtolemyRunThread.run(Manager.java:1915)
java.lang.reflect.InvocationTargetException
	at sun.reflect.NativeConstructorAccessorImpl.newInstance0(Native Method)
	at sun.reflect.NativeConstructorAccessorImpl.newInstance(NativeConstructorAccessorImpl.java:62)
	at sun.reflect.DelegatingConstructorAccessorImpl.newInstance(DelegatingConstructorAccessorImpl.java:45)
	at java.lang.reflect.Constructor.newInstance(Constructor.java:423)
	at ptolemy.util.test.junit.AutoKnownFailedTests.RunModel(AutoKnownFailedTests.java:105)
	at sun.reflect.NativeMethodAccessorImpl.invoke0(Native Method)
	at sun.reflect.NativeMethodAccessorImpl.invoke(NativeMethodAccessorImpl.java:62)
	at sun.reflect.DelegatingMethodAccessorImpl.invoke(DelegatingMethodAccessorImpl.java:43)
	at java.lang.reflect.Method.invoke(Method.java:498)
	at org.junit.runners.model.FrameworkMethod$1.runReflectiveCall(FrameworkMethod.java:44)
	at org.junit.internal.runners.model.ReflectiveCallable.run(ReflectiveCallable.java:15)
	at org.junit.runners.model.FrameworkMethod.invokeExplosively(FrameworkMethod.java:41)
	at junitparams.internal.InvokeParameterisedMethod.evaluate(InvokeParameterisedMethod.java:102)
	at org.junit.internal.runners.statements.FailOnTimeout$1.run(FailOnTimeout.java:28)
Caused by: ptolemy.kernel.util.IllegalActionException: Test fails in iteration 1.
Value was: 1.0. Should have been: 2.0
  in .DirectFeedback.Test
	at ptolemy.actor.lib.Test.fire(Test.java:268)
	at ptolemy.domains.de.kernel.DEDirector._fire(DEDirector.java:1949)
	at ptolemy.domains.de.kernel.DEDirector.fire(DEDirector.java:502)
	at ptolemy.actor.CompositeActor.fire(CompositeActor.java:455)
	at ptolemy.actor.Manager.iterate(Manager.java:851)
	at ptolemy.actor.Manager.execute(Manager.java:369)
	at ptolemy.actor.Manager.run(Manager.java:1263)
	at ptolemy.actor.Manager$PtolemyRunThread.run(Manager.java:1915)
java.lang.RuntimeException: Execution failed
	at ptolemy.moml.MoMLSimpleApplication$UnloadThread.run(MoMLSimpleApplication.java:402)
Caused by: ptolemy.kernel.util.IllegalActionException: Found a zero delay loop containing .HierarchicalModel.A
  in .HierarchicalModel and .HierarchicalModel.A
	at ptolemy.actor.util.CausalityInterfaceForComposites._computeOutputPortDepth(CausalityInterfaceForComposites.java:759)
	at ptolemy.actor.util.CausalityInterfaceForComposites._computeInputDepth(CausalityInterfaceForComposites.java:696)
	at ptolemy.actor.util.CausalityInterfaceForComposites._computeOutputPortDepth(CausalityInterfaceForComposites.java:765)
	at ptolemy.actor.util.CausalityInterfaceForComposites._computeInputDepth(CausalityInterfaceForComposites.java:696)
	at ptolemy.actor.util.CausalityInterfaceForComposites._computeOutputPortDepth(CausalityInterfaceForComposites.java:765)
	at ptolemy.actor.util.CausalityInterfaceForComposites._computeInputDepth(CausalityInterfaceForComposites.java:696)
	at ptolemy.actor.util.CausalityInterfaceForComposites._computeActorDepth(CausalityInterfaceForComposites.java:532)
	at ptolemy.actor.util.CausalityInterfaceForComposites.checkForCycles(CausalityInterfaceForComposites.java:96)
	at ptolemy.domains.de.kernel.DEDirector.preinitialize(DEDirector.java:1338)
	at ptolemy.actor.CompositeActor.preinitialize(CompositeActor.java:1828)
	at ptolemy.actor.Manager.preinitializeAndResolveTypes(Manager.java:1040)
	at ptolemy.actor.Manager.initialize(Manager.java:710)
	at ptolemy.actor.Manager.execute(Manager.java:356)
	at ptolemy.actor.Manager.run(Manager.java:1263)
	at ptolemy.actor.Manager$PtolemyRunThread.run(Manager.java:1915)
java.lang.reflect.InvocationTargetException
	at sun.reflect.NativeConstructorAccessorImpl.newInstance0(Native Method)
	at sun.reflect.NativeConstructorAccessorImpl.newInstance(NativeConstructorAccessorImpl.java:62)
	at sun.reflect.DelegatingConstructorAccessorImpl.newInstance(DelegatingConstructorAccessorImpl.java:45)
	at java.lang.reflect.Constructor.newInstance(Constructor.java:423)
	at ptolemy.util.test.junit.AutoKnownFailedTests.RunModel(AutoKnownFailedTests.java:105)
	at sun.reflect.NativeMethodAccessorImpl.invoke0(Native Method)
	at sun.reflect.NativeMethodAccessorImpl.invoke(NativeMethodAccessorImpl.java:62)
	at sun.reflect.DelegatingMethodAccessorImpl.invoke(DelegatingMethodAccessorImpl.java:43)
	at java.lang.reflect.Method.invoke(Method.java:498)
	at org.junit.runners.model.FrameworkMethod$1.runReflectiveCall(FrameworkMethod.java:44)
	at org.junit.internal.runners.model.ReflectiveCallable.run(ReflectiveCallable.java:15)
	at org.junit.runners.model.FrameworkMethod.invokeExplosively(FrameworkMethod.java:41)
	at junitparams.internal.InvokeParameterisedMethod.evaluate(InvokeParameterisedMethod.java:102)
	at org.junit.internal.runners.statements.FailOnTimeout$1.run(FailOnTimeout.java:28)
Caused by: ptolemy.kernel.util.IllegalActionException: Found a zero delay loop containing .HierarchicalModel.A
  in .HierarchicalModel and .HierarchicalModel.A
	at ptolemy.actor.util.CausalityInterfaceForComposites._computeOutputPortDepth(CausalityInterfaceForComposites.java:759)
	at ptolemy.actor.util.CausalityInterfaceForComposites._computeInputDepth(CausalityInterfaceForComposites.java:696)
	at ptolemy.actor.util.CausalityInterfaceForComposites._computeOutputPortDepth(CausalityInterfaceForComposites.java:765)
	at ptolemy.actor.util.CausalityInterfaceForComposites._computeInputDepth(CausalityInterfaceForComposites.java:696)
	at ptolemy.actor.util.CausalityInterfaceForComposites._computeOutputPortDepth(CausalityInterfaceForComposites.java:765)
	at ptolemy.actor.util.CausalityInterfaceForComposites._computeInputDepth(CausalityInterfaceForComposites.java:696)
	at ptolemy.actor.util.CausalityInterfaceForComposites._computeActorDepth(CausalityInterfaceForComposites.java:532)
	at ptolemy.actor.util.CausalityInterfaceForComposites.checkForCycles(CausalityInterfaceForComposites.java:96)
	at ptolemy.domains.de.kernel.DEDirector.preinitialize(DEDirector.java:1338)
	at ptolemy.actor.CompositeActor.preinitialize(CompositeActor.java:1828)
	at ptolemy.actor.Manager.preinitializeAndResolveTypes(Manager.java:1040)
	at ptolemy.actor.Manager.initialize(Manager.java:710)
	at ptolemy.actor.Manager.execute(Manager.java:356)
	at ptolemy.actor.Manager.run(Manager.java:1263)
	at ptolemy.actor.Manager$PtolemyRunThread.run(Manager.java:1915)
java.lang.RuntimeException: Execution failed
	at ptolemy.moml.MoMLSimpleApplication$UnloadThread.run(MoMLSimpleApplication.java:402)
Caused by: ptolemy.kernel.util.IllegalActionException: Found a zero delay loop containing .dependencyLoop.original
  in .dependencyLoop and .dependencyLoop.original
	at ptolemy.actor.util.CausalityInterfaceForComposites._computeOutputPortDepth(CausalityInterfaceForComposites.java:759)
	at ptolemy.actor.util.CausalityInterfaceForComposites._computeInputDepth(CausalityInterfaceForComposites.java:696)
	at ptolemy.actor.util.CausalityInterfaceForComposites._computeOutputPortDepth(CausalityInterfaceForComposites.java:765)
	at ptolemy.actor.util.CausalityInterfaceForComposites._computeInputDepth(CausalityInterfaceForComposites.java:696)
	at ptolemy.actor.util.CausalityInterfaceForComposites._computeOutputPortDepth(CausalityInterfaceForComposites.java:765)
	at ptolemy.actor.util.CausalityInterfaceForComposites._computeInputDepth(CausalityInterfaceForComposites.java:696)
	at ptolemy.actor.util.CausalityInterfaceForComposites._computeActorDepth(CausalityInterfaceForComposites.java:532)
	at ptolemy.actor.util.CausalityInterfaceForComposites.checkForCycles(CausalityInterfaceForComposites.java:96)
	at ptolemy.domains.de.kernel.DEDirector.preinitialize(DEDirector.java:1338)
	at ptolemy.actor.CompositeActor.preinitialize(CompositeActor.java:1828)
	at ptolemy.actor.Manager.preinitializeAndResolveTypes(Manager.java:1040)
	at ptolemy.actor.Manager.initialize(Manager.java:710)
	at ptolemy.actor.Manager.execute(Manager.java:356)
	at ptolemy.actor.Manager.run(Manager.java:1263)
	at ptolemy.actor.Manager$PtolemyRunThread.run(Manager.java:1915)
java.lang.reflect.InvocationTargetException
	at sun.reflect.NativeConstructorAccessorImpl.newInstance0(Native Method)
	at sun.reflect.NativeConstructorAccessorImpl.newInstance(NativeConstructorAccessorImpl.java:62)
	at sun.reflect.DelegatingConstructorAccessorImpl.newInstance(DelegatingConstructorAccessorImpl.java:45)
	at java.lang.reflect.Constructor.newInstance(Constructor.java:423)
	at ptolemy.util.test.junit.AutoKnownFailedTests.RunModel(AutoKnownFailedTests.java:105)
	at sun.reflect.NativeMethodAccessorImpl.invoke0(Native Method)
	at sun.reflect.NativeMethodAccessorImpl.invoke(NativeMethodAccessorImpl.java:62)
	at sun.reflect.DelegatingMethodAccessorImpl.invoke(DelegatingMethodAccessorImpl.java:43)
	at java.lang.reflect.Method.invoke(Method.java:498)
	at org.junit.runners.model.FrameworkMethod$1.runReflectiveCall(FrameworkMethod.java:44)
	at org.junit.internal.runners.model.ReflectiveCallable.run(ReflectiveCallable.java:15)
	at org.junit.runners.model.FrameworkMethod.invokeExplosively(FrameworkMethod.java:41)
	at junitparams.internal.InvokeParameterisedMethod.evaluate(InvokeParameterisedMethod.java:102)
	at org.junit.internal.runners.statements.FailOnTimeout$1.run(FailOnTimeout.java:28)
Caused by: ptolemy.kernel.util.IllegalActionException: Found a zero delay loop containing .dependencyLoop.original
  in .dependencyLoop and .dependencyLoop.original
	at ptolemy.actor.util.CausalityInterfaceForComposites._computeOutputPortDepth(CausalityInterfaceForComposites.java:759)
	at ptolemy.actor.util.CausalityInterfaceForComposites._computeInputDepth(CausalityInterfaceForComposites.java:696)
	at ptolemy.actor.util.CausalityInterfaceForComposites._computeOutputPortDepth(CausalityInterfaceForComposites.java:765)
	at ptolemy.actor.util.CausalityInterfaceForComposites._computeInputDepth(CausalityInterfaceForComposites.java:696)
	at ptolemy.actor.util.CausalityInterfaceForComposites._computeOutputPortDepth(CausalityInterfaceForComposites.java:765)
	at ptolemy.actor.util.CausalityInterfaceForComposites._computeInputDepth(CausalityInterfaceForComposites.java:696)
	at ptolemy.actor.util.CausalityInterfaceForComposites._computeActorDepth(CausalityInterfaceForComposites.java:532)
	at ptolemy.actor.util.CausalityInterfaceForComposites.checkForCycles(CausalityInterfaceForComposites.java:96)
	at ptolemy.domains.de.kernel.DEDirector.preinitialize(DEDirector.java:1338)
	at ptolemy.actor.CompositeActor.preinitialize(CompositeActor.java:1828)
	at ptolemy.actor.Manager.preinitializeAndResolveTypes(Manager.java:1040)
	at ptolemy.actor.Manager.initialize(Manager.java:710)
	at ptolemy.actor.Manager.execute(Manager.java:356)
	at ptolemy.actor.Manager.run(Manager.java:1263)
	at ptolemy.actor.Manager$PtolemyRunThread.run(Manager.java:1915)
java.lang.RuntimeException: Execution failed
	at ptolemy.moml.MoMLSimpleApplication$UnloadThread.run(MoMLSimpleApplication.java:402)
Caused by: ptolemy.kernel.util.IllegalActionException: Found a zero delay loop containing .dependencyLoop2.original
  in .dependencyLoop2 and .dependencyLoop2.original
	at ptolemy.actor.util.CausalityInterfaceForComposites._computeOutputPortDepth(CausalityInterfaceForComposites.java:759)
	at ptolemy.actor.util.CausalityInterfaceForComposites._computeInputDepth(CausalityInterfaceForComposites.java:696)
	at ptolemy.actor.util.CausalityInterfaceForComposites._computeOutputPortDepth(CausalityInterfaceForComposites.java:765)
	at ptolemy.actor.util.CausalityInterfaceForComposites._computeInputDepth(CausalityInterfaceForComposites.java:696)
	at ptolemy.actor.util.CausalityInterfaceForComposites._computeOutputPortDepth(CausalityInterfaceForComposites.java:765)
	at ptolemy.actor.util.CausalityInterfaceForComposites._computeInputDepth(CausalityInterfaceForComposites.java:696)
	at ptolemy.actor.util.CausalityInterfaceForComposites._computeActorDepth(CausalityInterfaceForComposites.java:532)
	at ptolemy.actor.util.CausalityInterfaceForComposites.checkForCycles(CausalityInterfaceForComposites.java:96)
	at ptolemy.domains.de.kernel.DEDirector.preinitialize(DEDirector.java:1338)
	at ptolemy.actor.CompositeActor.preinitialize(CompositeActor.java:1828)
	at ptolemy.actor.Manager.preinitializeAndResolveTypes(Manager.java:1040)
	at ptolemy.actor.Manager.initialize(Manager.java:710)
	at ptolemy.actor.Manager.execute(Manager.java:356)
	at ptolemy.actor.Manager.run(Manager.java:1263)
	at ptolemy.actor.Manager$PtolemyRunThread.run(Manager.java:1915)
java.lang.reflect.InvocationTargetException
	at sun.reflect.NativeConstructorAccessorImpl.newInstance0(Native Method)
	at sun.reflect.NativeConstructorAccessorImpl.newInstance(NativeConstructorAccessorImpl.java:62)
	at sun.reflect.DelegatingConstructorAccessorImpl.newInstance(DelegatingConstructorAccessorImpl.java:45)
	at java.lang.reflect.Constructor.newInstance(Constructor.java:423)
	at ptolemy.util.test.junit.AutoKnownFailedTests.RunModel(AutoKnownFailedTests.java:105)
	at sun.reflect.NativeMethodAccessorImpl.invoke0(Native Method)
	at sun.reflect.NativeMethodAccessorImpl.invoke(NativeMethodAccessorImpl.java:62)
	at sun.reflect.DelegatingMethodAccessorImpl.invoke(DelegatingMethodAccessorImpl.java:43)
	at java.lang.reflect.Method.invoke(Method.java:498)
	at org.junit.runners.model.FrameworkMethod$1.runReflectiveCall(FrameworkMethod.java:44)
	at org.junit.internal.runners.model.ReflectiveCallable.run(ReflectiveCallable.java:15)
	at org.junit.runners.model.FrameworkMethod.invokeExplosively(FrameworkMethod.java:41)
	at junitparams.internal.InvokeParameterisedMethod.evaluate(InvokeParameterisedMethod.java:102)
	at org.junit.internal.runners.statements.FailOnTimeout$1.run(FailOnTimeout.java:28)
Caused by: ptolemy.kernel.util.IllegalActionException: Found a zero delay loop containing .dependencyLoop2.original
  in .dependencyLoop2 and .dependencyLoop2.original
	at ptolemy.actor.util.CausalityInterfaceForComposites._computeOutputPortDepth(CausalityInterfaceForComposites.java:759)
	at ptolemy.actor.util.CausalityInterfaceForComposites._computeInputDepth(CausalityInterfaceForComposites.java:696)
	at ptolemy.actor.util.CausalityInterfaceForComposites._computeOutputPortDepth(CausalityInterfaceForComposites.java:765)
	at ptolemy.actor.util.CausalityInterfaceForComposites._computeInputDepth(CausalityInterfaceForComposites.java:696)
	at ptolemy.actor.util.CausalityInterfaceForComposites._computeOutputPortDepth(CausalityInterfaceForComposites.java:765)
	at ptolemy.actor.util.CausalityInterfaceForComposites._computeInputDepth(CausalityInterfaceForComposites.java:696)
	at ptolemy.actor.util.CausalityInterfaceForComposites._computeActorDepth(CausalityInterfaceForComposites.java:532)
	at ptolemy.actor.util.CausalityInterfaceForComposites.checkForCycles(CausalityInterfaceForComposites.java:96)
	at ptolemy.domains.de.kernel.DEDirector.preinitialize(DEDirector.java:1338)
	at ptolemy.actor.CompositeActor.preinitialize(CompositeActor.java:1828)
	at ptolemy.actor.Manager.preinitializeAndResolveTypes(Manager.java:1040)
	at ptolemy.actor.Manager.initialize(Manager.java:710)
	at ptolemy.actor.Manager.execute(Manager.java:356)
	at ptolemy.actor.Manager.run(Manager.java:1263)
	at ptolemy.actor.Manager$PtolemyRunThread.run(Manager.java:1915)
]]></system-err>
</testsuite>
