<?xml version="1.0" encoding="UTF-8" ?>
<testsuite errors="0" failures="0" hostname="travis-job-026907bd-9f2c-4104-9f23-8383b22448a7" name="ptolemy.domains.sdf.test.junit.JUnitTclTest" skipped="0" tests="66" time="21.718" timestamp="2019-07-28T05:46:00">
  <properties>
[...]
</properties>
  <testcase classname="ptolemy.util.test.junit.TclTests" name="[0] /home/travis/build/icyphy/ptII/ptolemy/domains/sdf/test/SDFSchedulerErrors.tcl (RunTclFile)" time="0.999" />
  <testcase classname="ptolemy.util.test.junit.TclTests" name="[1] /home/travis/build/icyphy/ptII/ptolemy/domains/sdf/test/composition.tcl (RunTclFile)" time="0.186" />
  <testcase classname="ptolemy.util.test.junit.TclTests" name="[2] /home/travis/build/icyphy/ptII/ptolemy/domains/sdf/test/cycle.tcl (RunTclFile)" time="0.052" />
  <testcase classname="ptolemy.util.test.junit.AutoKnownFailedTests" name="[0] ThereAreNoKnowFailedTests (RunModel)" time="0.001" />
  <testcase classname="ptolemy.util.test.junit.AutoNameArchTests" name="[0] ThereAreNoAutoArchTests (RunModel)" time="0.002" />
  <testcase classname="ptolemy.util.test.junit.AutoTests" name="[0] /home/travis/build/icyphy/ptII/ptolemy/domains/sdf/test/auto/Array.xml (RunModel)" time="0.346" />
  <testcase classname="ptolemy.util.test.junit.AutoTests" name="[1] /home/travis/build/icyphy/ptII/ptolemy/domains/sdf/test/auto/Butterfly.xml (RunModel)" time="0.2" />
  <testcase classname="ptolemy.util.test.junit.AutoTests" name="[2] /home/travis/build/icyphy/ptII/ptolemy/domains/sdf/test/auto/Expression.xml (RunModel)" time="0.148" />
  <testcase classname="ptolemy.util.test.junit.AutoTests" name="[3] /home/travis/build/icyphy/ptII/ptolemy/domains/sdf/test/auto/Eye.xml (RunModel)" time="0.322" />
  <testcase classname="ptolemy.util.test.junit.AutoTests" name="[4] /home/travis/build/icyphy/ptII/ptolemy/domains/sdf/test/auto/FixFIR.xml (RunModel)" time="0.454" />
  <testcase classname="ptolemy.util.test.junit.AutoTests" name="[5] /home/travis/build/icyphy/ptII/ptolemy/domains/sdf/test/auto/FixPoint.xml (RunModel)" time="0.054" />
  <testcase classname="ptolemy.util.test.junit.AutoTests" name="[6] /home/travis/build/icyphy/ptII/ptolemy/domains/sdf/test/auto/Gravitation.xml (RunModel)" time="3.334" />
  <testcase classname="ptolemy.util.test.junit.AutoTests" name="[7] /home/travis/build/icyphy/ptII/ptolemy/domains/sdf/test/auto/GravitationWithCollisionDetection.xml (RunModel)" time="6.911" />
  <testcase classname="ptolemy.util.test.junit.AutoTests" name="[8] /home/travis/build/icyphy/ptII/ptolemy/domains/sdf/test/auto/HDF.xml (RunModel)" time="0.069" />
  <testcase classname="ptolemy.util.test.junit.AutoTests" name="[9] /home/travis/build/icyphy/ptII/ptolemy/domains/sdf/test/auto/HDFwithTransientStates.xml (RunModel)" time="0.111" />
  <testcase classname="ptolemy.util.test.junit.AutoTests" name="[10] /home/travis/build/icyphy/ptII/ptolemy/domains/sdf/test/auto/HTVQ.xml (RunModel)" time="0.992" />
  <testcase classname="ptolemy.util.test.junit.AutoTests" name="[11] /home/travis/build/icyphy/ptII/ptolemy/domains/sdf/test/auto/InferInitProduction.xml (RunModel)" time="0.032" />
  <testcase classname="ptolemy.util.test.junit.AutoTests" name="[12] /home/travis/build/icyphy/ptII/ptolemy/domains/sdf/test/auto/InferInitProductionDeeper.xml (RunModel)" time="0.029" />
  <testcase classname="ptolemy.util.test.junit.AutoTests" name="[13] /home/travis/build/icyphy/ptII/ptolemy/domains/sdf/test/auto/LMSAdaptive.xml (RunModel)" time="0.09" />
  <testcase classname="ptolemy.util.test.junit.AutoTests" name="[14] /home/travis/build/icyphy/ptII/ptolemy/domains/sdf/test/auto/LogisticMap.xml (RunModel)" time="0.484" />
  <testcase classname="ptolemy.util.test.junit.AutoTests" name="[15] /home/travis/build/icyphy/ptII/ptolemy/domains/sdf/test/auto/MaximumEntropySpectrum.xml (RunModel)" time="0.368" />
  <testcase classname="ptolemy.util.test.junit.AutoTests" name="[16] /home/travis/build/icyphy/ptII/ptolemy/domains/sdf/test/auto/MultirateSDF.xml (RunModel)" time="0.067" />
  <testcase classname="ptolemy.util.test.junit.AutoTests" name="[17] /home/travis/build/icyphy/ptII/ptolemy/domains/sdf/test/auto/MultirateSDFwithTransientStates.xml (RunModel)" time="0.086" />
  <testcase classname="ptolemy.util.test.junit.AutoTests" name="[18] /home/travis/build/icyphy/ptII/ptolemy/domains/sdf/test/auto/NoisySinewave.xml (RunModel)" time="0.078" />
  <testcase classname="ptolemy.util.test.junit.AutoTests" name="[19] /home/travis/build/icyphy/ptII/ptolemy/domains/sdf/test/auto/Objects.xml (RunModel)" time="0.048" />
  <testcase classname="ptolemy.util.test.junit.AutoTests" name="[20] /home/travis/build/icyphy/ptII/ptolemy/domains/sdf/test/auto/OrthogonalCom.xml (RunModel)" time="0.046" />
  <testcase classname="ptolemy.util.test.junit.AutoTests" name="[21] /home/travis/build/icyphy/ptII/ptolemy/domains/sdf/test/auto/RijndaelEncryption.xml (RunModel)" time="0.597" />
  <testcase classname="ptolemy.util.test.junit.AutoTests" name="[22] /home/travis/build/icyphy/ptII/ptolemy/domains/sdf/test/auto/SDFEmptyIterations.xml (RunModel)" time="0.024" />
  <testcase classname="ptolemy.util.test.junit.AutoTests" name="[23] /home/travis/build/icyphy/ptII/ptolemy/domains/sdf/test/auto/Spectrum.xml (RunModel)" time="0.1" />
  <testcase classname="ptolemy.util.test.junit.AutoTests" name="[24] /home/travis/build/icyphy/ptII/ptolemy/domains/sdf/test/auto/de_inside_sdf.xml (RunModel)" time="0.02" />
  <testcase classname="ptolemy.util.test.junit.AutoTests" name="[25] /home/travis/build/icyphy/ptII/ptolemy/domains/sdf/test/auto/disconnectedHierarchicalSDF.xml (RunModel)" time="0.023" />
  <testcase classname="ptolemy.util.test.junit.AutoTests" name="[26] /home/travis/build/icyphy/ptII/ptolemy/domains/sdf/test/auto/disconnectedSDF.xml (RunModel)" time="0.015" />
  <testcase classname="ptolemy.util.test.junit.AutoTests" name="[27] /home/travis/build/icyphy/ptII/ptolemy/domains/sdf/test/auto/emptyRefinement.xml (RunModel)" time="0.015" />
  <testcase classname="ptolemy.util.test.junit.AutoTests" name="[28] /home/travis/build/icyphy/ptII/ptolemy/domains/sdf/test/auto/filePortParameter.xml (RunModel)" time="0.057" />
  <testcase classname="ptolemy.util.test.junit.AutoTests" name="[29] /home/travis/build/icyphy/ptII/ptolemy/domains/sdf/test/auto/inferRelationWidth1.xml (RunModel)" time="0.02" />
  <testcase classname="ptolemy.util.test.junit.AutoTests" name="[30] /home/travis/build/icyphy/ptII/ptolemy/domains/sdf/test/auto/initProductionInference.xml (RunModel)" time="0.017" />
  <testcase classname="ptolemy.util.test.junit.AutoTests" name="[31] /home/travis/build/icyphy/ptII/ptolemy/domains/sdf/test/auto/relationGroup.xml (RunModel)" time="0.02" />
  <testcase classname="ptolemy.util.test.junit.AutoTests" name="[32] /home/travis/build/icyphy/ptII/ptolemy/domains/sdf/test/auto/relationGroup10.xml (RunModel)" time="0.013" />
  <testcase classname="ptolemy.util.test.junit.AutoTests" name="[33] /home/travis/build/icyphy/ptII/ptolemy/domains/sdf/test/auto/relationGroup11.xml (RunModel)" time="0.014" />
  <testcase classname="ptolemy.util.test.junit.AutoTests" name="[34] /home/travis/build/icyphy/ptII/ptolemy/domains/sdf/test/auto/relationGroup12.xml (RunModel)" time="0.015" />
  <testcase classname="ptolemy.util.test.junit.AutoTests" name="[35] /home/travis/build/icyphy/ptII/ptolemy/domains/sdf/test/auto/relationGroup13.xml (RunModel)" time="0.016" />
  <testcase classname="ptolemy.util.test.junit.AutoTests" name="[36] /home/travis/build/icyphy/ptII/ptolemy/domains/sdf/test/auto/relationGroup14.xml (RunModel)" time="0.022" />
  <testcase classname="ptolemy.util.test.junit.AutoTests" name="[37] /home/travis/build/icyphy/ptII/ptolemy/domains/sdf/test/auto/relationGroup15.xml (RunModel)" time="0.017" />
  <testcase classname="ptolemy.util.test.junit.AutoTests" name="[38] /home/travis/build/icyphy/ptII/ptolemy/domains/sdf/test/auto/relationGroup2.xml (RunModel)" time="0.012" />
  <testcase classname="ptolemy.util.test.junit.AutoTests" name="[39] /home/travis/build/icyphy/ptII/ptolemy/domains/sdf/test/auto/relationGroup3.xml (RunModel)" time="0.01" />
  <testcase classname="ptolemy.util.test.junit.AutoTests" name="[40] /home/travis/build/icyphy/ptII/ptolemy/domains/sdf/test/auto/relationGroup4.xml (RunModel)" time="0.016" />
  <testcase classname="ptolemy.util.test.junit.AutoTests" name="[41] /home/travis/build/icyphy/ptII/ptolemy/domains/sdf/test/auto/relationGroup5.xml (RunModel)" time="0.017" />
  <testcase classname="ptolemy.util.test.junit.AutoTests" name="[42] /home/travis/build/icyphy/ptII/ptolemy/domains/sdf/test/auto/relationGroup6.xml (RunModel)" time="0.011" />
  <testcase classname="ptolemy.util.test.junit.AutoTests" name="[43] /home/travis/build/icyphy/ptII/ptolemy/domains/sdf/test/auto/relationGroup7.xml (RunModel)" time="0.008" />
  <testcase classname="ptolemy.util.test.junit.AutoTests" name="[44] /home/travis/build/icyphy/ptII/ptolemy/domains/sdf/test/auto/relationGroup8.xml (RunModel)" time="0.017" />
  <testcase classname="ptolemy.util.test.junit.AutoTests" name="[45] /home/travis/build/icyphy/ptII/ptolemy/domains/sdf/test/auto/relationGroup9.xml (RunModel)" time="0.015" />
  <testcase classname="ptolemy.util.test.junit.AutoTests" name="[46] /home/travis/build/icyphy/ptII/ptolemy/domains/sdf/test/auto/sdf_inside_de.xml (RunModel)" time="0.041" />
  <testcase classname="ptolemy.util.test.junit.AutoTests" name="[47] /home/travis/build/icyphy/ptII/ptolemy/domains/sdf/test/auto/sdf_inside_pn.xml (RunModel)" time="0.068" />
  <testcase classname="ptolemy.util.test.junit.AutoTests" name="[48] /home/travis/build/icyphy/ptII/ptolemy/domains/sdf/test/auto/sdf_sdf1.xml (RunModel)" time="0.021" />
  <testcase classname="ptolemy.util.test.junit.AutoTests" name="[49] /home/travis/build/icyphy/ptII/ptolemy/domains/sdf/test/auto/test1.xml (RunModel)" time="0.016" />
  <testcase classname="ptolemy.util.test.junit.AutoTests" name="[50] /home/travis/build/icyphy/ptII/ptolemy/domains/sdf/test/auto/time1.xml (RunModel)" time="0.011" />
  <testcase classname="ptolemy.util.test.junit.AutoTests" name="[51] /home/travis/build/icyphy/ptII/ptolemy/domains/sdf/test/auto/time2.xml (RunModel)" time="0.01" />
  <testcase classname="ptolemy.util.test.junit.AutoTests" name="[52] /home/travis/build/icyphy/ptII/ptolemy/domains/sdf/test/auto/time3.xml (RunModel)" time="0.023" />
  <testcase classname="ptolemy.util.test.junit.AutoTests" name="[53] /home/travis/build/icyphy/ptII/ptolemy/domains/sdf/test/auto/time4.xml (RunModel)" time="0.016" />
  <testcase classname="ptolemy.util.test.junit.AutoTests" name="[54] /home/travis/build/icyphy/ptII/ptolemy/domains/sdf/test/auto/time5.xml (RunModel)" time="4.009" />
  <testcase classname="ptolemy.util.test.junit.AutoTests" name="[55] /home/travis/build/icyphy/ptII/ptolemy/domains/sdf/test/auto/typeSystem_Const_Integer_smallest_Type.xml (RunModel)" time="0.044" />
  <testcase classname="ptolemy.util.test.junit.AutoTests" name="[56] /home/travis/build/icyphy/ptII/ptolemy/domains/sdf/test/auto/typeSystem_declared_Inports_OutportTypeException.xml (RunModel)" time="0.024" />
  <testcase classname="ptolemy.util.test.junit.AutoTests" name="[57] /home/travis/build/icyphy/ptII/ptolemy/domains/sdf/test/auto/typeSystem_oneDeclaredInportType_wrongTypeOutport.xml (RunModel)" time="0.018" />
  <testcase classname="ptolemy.util.test.junit.AutoTests" name="[58] /home/travis/build/icyphy/ptII/ptolemy/domains/sdf/test/auto/width.xml (RunModel)" time="0.012" />
  <testcase classname="ptolemy.util.test.junit.AutoTests" name="[59] /home/travis/build/icyphy/ptII/ptolemy/domains/sdf/test/auto/width2.xml (RunModel)" time="0.039" />
  <testcase classname="ptolemy.util.test.junit.AutoTests" name="[60] /home/travis/build/icyphy/ptII/ptolemy/domains/sdf/test/auto/width3.xml (RunModel)" time="0.038" />
  <system-out><![CDATA[/home/travis/build/icyphy/ptII/ptolemy/domains/sdf/test/SDFSchedulerErrors.tcl
testDefs.tcl: setting time out to 9000 seconds at Sun Jul 28 05:46:00 UTC 2019
85 ms. Memory: 120832K Free: 82373K (68%)
11 ms. Memory: 120832K Free: 74695K (62%)
17 ms. Memory: 120832K Free: 68023K (56%)
6 ms. Memory: 120832K Free: 64965K (54%)
/home/travis/build/icyphy/ptII/ptolemy/domains/sdf/test/composition.tcl
59 ms. Memory: 120832K Free: 61383K (51%)
9 ms. Memory: 120832K Free: 59335K (49%)
/home/travis/build/icyphy/ptII/ptolemy/domains/sdf/test/cycle.tcl
.Toplevel.Director Preinitializing ...
Invoking preinitialize():  .Toplevel.Actor1
Invoking preinitialize():  .Toplevel.Actor2
Invoking preinitialize():  .Toplevel.Delay
.Toplevel.Director Finished preinitialize().
### Schedule:
Execute Schedule{
Fire Actor ptolemy.domains.sdf.kernel.test.SDFTestDelay {.Toplevel.Actor1}
Fire Actor ptolemy.domains.sdf.kernel.test.SDFTestDelay {.Toplevel.Actor2}
Fire Actor ptolemy.domains.sdf.lib.SampleDelay {.Toplevel.Delay}
}
### End schedule
Called initialize().
Invoking initialize():  .Toplevel.Actor1
Initializing actor: .Toplevel.Actor1.
Invoking initialize():  .Toplevel.Actor2
Initializing actor: .Toplevel.Actor2.
Invoking initialize():  .Toplevel.Delay
Initializing actor: .Toplevel.Delay.
Director: Called prefire().
-- Setting current time to 0.0
Director prefire returns true.
The actor .Toplevel.Actor1 will be iterated.
The actor .Toplevel.Actor1 was iterated.
The actor .Toplevel.Actor2 will be iterated.
The actor .Toplevel.Actor2 was iterated.
The actor .Toplevel.Delay will be iterated.
The actor .Toplevel.Delay was iterated.
Director: Called postfire().
Postfire returns: true
Director: Called prefire().
-- Setting current time to 0.0
Director prefire returns true.
The actor .Toplevel.Actor1 will be iterated.
The actor .Toplevel.Actor1 was iterated.
The actor .Toplevel.Actor2 will be iterated.
The actor .Toplevel.Actor2 was iterated.
The actor .Toplevel.Delay will be iterated.
The actor .Toplevel.Delay was iterated.
Director: Called postfire().
Postfire returns: true
Director: Called prefire().
-- Setting current time to 0.0
Director prefire returns true.
The actor .Toplevel.Actor1 will be iterated.
The actor .Toplevel.Actor1 was iterated.
The actor .Toplevel.Actor2 will be iterated.
The actor .Toplevel.Actor2 was iterated.
The actor .Toplevel.Delay will be iterated.
The actor .Toplevel.Delay was iterated.
Director: Called postfire().
Postfire returns: true
Director: Called prefire().
-- Setting current time to 0.0
Director prefire returns true.
The actor .Toplevel.Actor1 will be iterated.
The actor .Toplevel.Actor1 was iterated.
The actor .Toplevel.Actor2 will be iterated.
The actor .Toplevel.Actor2 was iterated.
The actor .Toplevel.Delay will be iterated.
The actor .Toplevel.Delay was iterated.
Director: Called postfire().
Postfire returns: true
Director: Called prefire().
-- Setting current time to 0.0
Director prefire returns true.
The actor .Toplevel.Actor1 will be iterated.
The actor .Toplevel.Actor1 was iterated.
The actor .Toplevel.Actor2 will be iterated.
The actor .Toplevel.Actor2 was iterated.
The actor .Toplevel.Delay will be iterated.
The actor .Toplevel.Delay was iterated.
Director: Called postfire().
Postfire returns: true
Director: Called prefire().
-- Setting current time to 0.0
Director prefire returns true.
The actor .Toplevel.Actor1 will be iterated.
The actor .Toplevel.Actor1 was iterated.
The actor .Toplevel.Actor2 will be iterated.
The actor .Toplevel.Actor2 was iterated.
The actor .Toplevel.Delay will be iterated.
The actor .Toplevel.Delay was iterated.
Reached specified number of iterations: 6
Director: Called wrapup().
27 ms. Memory: 120832K Free: 56263K (47%)
07/28/19 05:46:02
Failed: 0  Total Tests: 8  ((Passed: 8, Newly Passed: 0)  Known Failed: 0) /home/travis/build/icyphy/ptII/ptolemy/domains/sdf/test
No auto/knownFailedTests/*.xml tests in /home/travis/build/icyphy/ptII/ptolemy/domains/sdf/test
No auto/linux-amd64/*.xml tests in /home/travis/build/icyphy/ptII/ptolemy/domains/sdf/test
AutoTests.java: About to close Vertx.
AutoTests.java: Vertx closed.

===========================================================================================
----------------- testing Sun Jul 28 05:46:02 UTC 2019 /home/travis/build/icyphy/ptII/ptolemy/domains/sdf/test/auto/Array.xml
----------------- Instantiating /home/travis/build/icyphy/ptII/ptolemy/domains/sdf/test/auto/Array.xml
61 ms. Memory: 120832K Free: 97910K (81%)
----------------- Invoking toplevel() on ptolemy.moml.MoMLSimpleApplication@286bf2c3
----------------- Done invoking toplevel() on ptolemy.moml.MoMLSimpleApplication@286bf2c3
reloadAllAccessors: .Array

===========================================================================================
----------------- testing Sun Jul 28 05:46:02 UTC 2019 /home/travis/build/icyphy/ptII/ptolemy/domains/sdf/test/auto/Butterfly.xml
----------------- Instantiating /home/travis/build/icyphy/ptII/ptolemy/domains/sdf/test/auto/Butterfly.xml
122 ms. Memory: 120832K Free: 92353K (76%)
----------------- Invoking toplevel() on ptolemy.moml.MoMLSimpleApplication@6c0f7cc1
----------------- Done invoking toplevel() on ptolemy.moml.MoMLSimpleApplication@6c0f7cc1
reloadAllAccessors: .Butterfly

===========================================================================================
----------------- testing Sun Jul 28 05:46:03 UTC 2019 /home/travis/build/icyphy/ptII/ptolemy/domains/sdf/test/auto/Expression.xml
----------------- Instantiating /home/travis/build/icyphy/ptII/ptolemy/domains/sdf/test/auto/Expression.xml
74 ms. Memory: 120832K Free: 88043K (73%)
----------------- Invoking toplevel() on ptolemy.moml.MoMLSimpleApplication@115ec40c
----------------- Done invoking toplevel() on ptolemy.moml.MoMLSimpleApplication@115ec40c
reloadAllAccessors: .Expression

===========================================================================================
----------------- testing Sun Jul 28 05:46:03 UTC 2019 /home/travis/build/icyphy/ptII/ptolemy/domains/sdf/test/auto/Eye.xml
----------------- Instantiating /home/travis/build/icyphy/ptII/ptolemy/domains/sdf/test/auto/Eye.xml
189 ms. Memory: 120832K Free: 84133K (70%)
----------------- Invoking toplevel() on ptolemy.moml.MoMLSimpleApplication@525e5687
----------------- Done invoking toplevel() on ptolemy.moml.MoMLSimpleApplication@525e5687
reloadAllAccessors: .Eye

===========================================================================================
----------------- testing Sun Jul 28 05:46:03 UTC 2019 /home/travis/build/icyphy/ptII/ptolemy/domains/sdf/test/auto/FixFIR.xml
----------------- Instantiating /home/travis/build/icyphy/ptII/ptolemy/domains/sdf/test/auto/FixFIR.xml
212 ms. Memory: 120832K Free: 83671K (69%)
----------------- Invoking toplevel() on ptolemy.moml.MoMLSimpleApplication@2a9e3d5f
----------------- Done invoking toplevel() on ptolemy.moml.MoMLSimpleApplication@2a9e3d5f
reloadAllAccessors: .FixFIR

===========================================================================================
----------------- testing Sun Jul 28 05:46:03 UTC 2019 /home/travis/build/icyphy/ptII/ptolemy/domains/sdf/test/auto/FixPoint.xml
----------------- Instantiating /home/travis/build/icyphy/ptII/ptolemy/domains/sdf/test/auto/FixPoint.xml
21 ms. Memory: 120832K Free: 79193K (66%)
----------------- Invoking toplevel() on ptolemy.moml.MoMLSimpleApplication@56f9ce10
----------------- Done invoking toplevel() on ptolemy.moml.MoMLSimpleApplication@56f9ce10
reloadAllAccessors: .FixPoint

===========================================================================================
----------------- testing Sun Jul 28 05:46:04 UTC 2019 /home/travis/build/icyphy/ptII/ptolemy/domains/sdf/test/auto/Gravitation.xml
----------------- Instantiating /home/travis/build/icyphy/ptII/ptolemy/domains/sdf/test/auto/Gravitation.xml
3211 ms. Memory: 149504K Free: 94707K (63%)
----------------- Invoking toplevel() on ptolemy.moml.MoMLSimpleApplication@74883a65
----------------- Done invoking toplevel() on ptolemy.moml.MoMLSimpleApplication@74883a65
reloadAllAccessors: .Gravitation

===========================================================================================
----------------- testing Sun Jul 28 05:46:07 UTC 2019 /home/travis/build/icyphy/ptII/ptolemy/domains/sdf/test/auto/GravitationWithCollisionDetection.xml
----------------- Instantiating /home/travis/build/icyphy/ptII/ptolemy/domains/sdf/test/auto/GravitationWithCollisionDetection.xml
6685 ms. Memory: 267264K Free: 126435K (47%)
----------------- Invoking toplevel() on ptolemy.moml.MoMLSimpleApplication@5b650afa
----------------- Done invoking toplevel() on ptolemy.moml.MoMLSimpleApplication@5b650afa
reloadAllAccessors: .GravitationWithCollisionDetection

===========================================================================================
----------------- testing Sun Jul 28 05:46:14 UTC 2019 /home/travis/build/icyphy/ptII/ptolemy/domains/sdf/test/auto/HDF.xml
----------------- Instantiating /home/travis/build/icyphy/ptII/ptolemy/domains/sdf/test/auto/HDF.xml
22 ms. Memory: 267264K Free: 110547K (41%)
----------------- Invoking toplevel() on ptolemy.moml.MoMLSimpleApplication@21ba847
----------------- Done invoking toplevel() on ptolemy.moml.MoMLSimpleApplication@21ba847
reloadAllAccessors: .HDF

===========================================================================================
----------------- testing Sun Jul 28 05:46:14 UTC 2019 /home/travis/build/icyphy/ptII/ptolemy/domains/sdf/test/auto/HDFwithTransientStates.xml
----------------- Instantiating /home/travis/build/icyphy/ptII/ptolemy/domains/sdf/test/auto/HDFwithTransientStates.xml
50 ms. Memory: 335872K Free: 315395K (94%)
----------------- Invoking toplevel() on ptolemy.moml.MoMLSimpleApplication@6455e87f
----------------- Done invoking toplevel() on ptolemy.moml.MoMLSimpleApplication@6455e87f
reloadAllAccessors: .HDFwithTransientStates

===========================================================================================
----------------- testing Sun Jul 28 05:46:14 UTC 2019 /home/travis/build/icyphy/ptII/ptolemy/domains/sdf/test/auto/HTVQ.xml
----------------- Instantiating /home/travis/build/icyphy/ptII/ptolemy/domains/sdf/test/auto/HTVQ.xml
930 ms. Memory: 335872K Free: 153504K (46%)
----------------- Invoking toplevel() on ptolemy.moml.MoMLSimpleApplication@28ad954e
----------------- Done invoking toplevel() on ptolemy.moml.MoMLSimpleApplication@28ad954e
reloadAllAccessors: .HTVQ

===========================================================================================
----------------- testing Sun Jul 28 05:46:15 UTC 2019 /home/travis/build/icyphy/ptII/ptolemy/domains/sdf/test/auto/InferInitProduction.xml
----------------- Instantiating /home/travis/build/icyphy/ptII/ptolemy/domains/sdf/test/auto/InferInitProduction.xml
10 ms. Memory: 335872K Free: 148483K (44%)
----------------- Invoking toplevel() on ptolemy.moml.MoMLSimpleApplication@6d9173e7
----------------- Done invoking toplevel() on ptolemy.moml.MoMLSimpleApplication@6d9173e7
reloadAllAccessors: .InferInitProduction

===========================================================================================
----------------- testing Sun Jul 28 05:46:15 UTC 2019 /home/travis/build/icyphy/ptII/ptolemy/domains/sdf/test/auto/InferInitProductionDeeper.xml
----------------- Instantiating /home/travis/build/icyphy/ptII/ptolemy/domains/sdf/test/auto/InferInitProductionDeeper.xml
5 ms. Memory: 335872K Free: 142339K (42%)
----------------- Invoking toplevel() on ptolemy.moml.MoMLSimpleApplication@459bfa36
----------------- Done invoking toplevel() on ptolemy.moml.MoMLSimpleApplication@459bfa36
reloadAllAccessors: .InferInitProductionDeeper

===========================================================================================
----------------- testing Sun Jul 28 05:46:15 UTC 2019 /home/travis/build/icyphy/ptII/ptolemy/domains/sdf/test/auto/LMSAdaptive.xml
----------------- Instantiating /home/travis/build/icyphy/ptII/ptolemy/domains/sdf/test/auto/LMSAdaptive.xml
14 ms. Memory: 335872K Free: 133123K (40%)
----------------- Invoking toplevel() on ptolemy.moml.MoMLSimpleApplication@deb4788
----------------- Done invoking toplevel() on ptolemy.moml.MoMLSimpleApplication@deb4788
reloadAllAccessors: .LMSAdaptive

===========================================================================================
----------------- testing Sun Jul 28 05:46:15 UTC 2019 /home/travis/build/icyphy/ptII/ptolemy/domains/sdf/test/auto/LogisticMap.xml
----------------- Instantiating /home/travis/build/icyphy/ptII/ptolemy/domains/sdf/test/auto/LogisticMap.xml
452 ms. Memory: 335872K Free: 126979K (38%)
----------------- Invoking toplevel() on ptolemy.moml.MoMLSimpleApplication@626bcd1
----------------- Done invoking toplevel() on ptolemy.moml.MoMLSimpleApplication@626bcd1
reloadAllAccessors: .LogisticMap

===========================================================================================
----------------- testing Sun Jul 28 05:46:16 UTC 2019 /home/travis/build/icyphy/ptII/ptolemy/domains/sdf/test/auto/MaximumEntropySpectrum.xml
----------------- Instantiating /home/travis/build/icyphy/ptII/ptolemy/domains/sdf/test/auto/MaximumEntropySpectrum.xml
104 ms. Memory: 335872K Free: 262324K (78%)
----------------- Invoking toplevel() on ptolemy.moml.MoMLSimpleApplication@4fb54a32
----------------- Done invoking toplevel() on ptolemy.moml.MoMLSimpleApplication@4fb54a32
reloadAllAccessors: .MaximumEntropySpectrum

===========================================================================================
----------------- testing Sun Jul 28 05:46:16 UTC 2019 /home/travis/build/icyphy/ptII/ptolemy/domains/sdf/test/auto/MultirateSDF.xml
----------------- Instantiating /home/travis/build/icyphy/ptII/ptolemy/domains/sdf/test/auto/MultirateSDF.xml
25 ms. Memory: 335872K Free: 247460K (74%)
----------------- Invoking toplevel() on ptolemy.moml.MoMLSimpleApplication@43856715
----------------- Done invoking toplevel() on ptolemy.moml.MoMLSimpleApplication@43856715
reloadAllAccessors: .MultirateSDF

===========================================================================================
----------------- testing Sun Jul 28 05:46:16 UTC 2019 /home/travis/build/icyphy/ptII/ptolemy/domains/sdf/test/auto/MultirateSDFwithTransientStates.xml
----------------- Instantiating /home/travis/build/icyphy/ptII/ptolemy/domains/sdf/test/auto/MultirateSDFwithTransientStates.xml
20 ms. Memory: 335872K Free: 229036K (68%)
----------------- Invoking toplevel() on ptolemy.moml.MoMLSimpleApplication@6a52e225
----------------- Done invoking toplevel() on ptolemy.moml.MoMLSimpleApplication@6a52e225
reloadAllAccessors: .MultirateSDFwithTransientStates

===========================================================================================
----------------- testing Sun Jul 28 05:46:16 UTC 2019 /home/travis/build/icyphy/ptII/ptolemy/domains/sdf/test/auto/NoisySinewave.xml
----------------- Instantiating /home/travis/build/icyphy/ptII/ptolemy/domains/sdf/test/auto/NoisySinewave.xml
17 ms. Memory: 335872K Free: 212658K (63%)
----------------- Invoking toplevel() on ptolemy.moml.MoMLSimpleApplication@4938af73
----------------- Done invoking toplevel() on ptolemy.moml.MoMLSimpleApplication@4938af73
reloadAllAccessors: .NoisySinewave

===========================================================================================
----------------- testing Sun Jul 28 05:46:16 UTC 2019 /home/travis/build/icyphy/ptII/ptolemy/domains/sdf/test/auto/Objects.xml
----------------- Instantiating /home/travis/build/icyphy/ptII/ptolemy/domains/sdf/test/auto/Objects.xml
6 ms. Memory: 335872K Free: 204466K (61%)
----------------- Invoking toplevel() on ptolemy.moml.MoMLSimpleApplication@520e6015
----------------- Done invoking toplevel() on ptolemy.moml.MoMLSimpleApplication@520e6015
reloadAllAccessors: .Objects

===========================================================================================
----------------- testing Sun Jul 28 05:46:16 UTC 2019 /home/travis/build/icyphy/ptII/ptolemy/domains/sdf/test/auto/OrthogonalCom.xml
----------------- Instantiating /home/travis/build/icyphy/ptII/ptolemy/domains/sdf/test/auto/OrthogonalCom.xml
9 ms. Memory: 335872K Free: 196788K (59%)
----------------- Invoking toplevel() on ptolemy.moml.MoMLSimpleApplication@2d295126
----------------- Done invoking toplevel() on ptolemy.moml.MoMLSimpleApplication@2d295126
reloadAllAccessors: .OrthogonalCom

===========================================================================================
----------------- testing Sun Jul 28 05:46:16 UTC 2019 /home/travis/build/icyphy/ptII/ptolemy/domains/sdf/test/auto/RijndaelEncryption.xml
----------------- Instantiating /home/travis/build/icyphy/ptII/ptolemy/domains/sdf/test/auto/RijndaelEncryption.xml
317 ms. Memory: 335872K Free: 249585K (74%)
----------------- Invoking toplevel() on ptolemy.moml.MoMLSimpleApplication@59bb2ac1
----------------- Done invoking toplevel() on ptolemy.moml.MoMLSimpleApplication@59bb2ac1
reloadAllAccessors: .RijndaelEncryption

===========================================================================================
----------------- testing Sun Jul 28 05:46:17 UTC 2019 /home/travis/build/icyphy/ptII/ptolemy/domains/sdf/test/auto/SDFEmptyIterations.xml
----------------- Instantiating /home/travis/build/icyphy/ptII/ptolemy/domains/sdf/test/auto/SDFEmptyIterations.xml
7 ms. Memory: 335872K Free: 244979K (73%)
----------------- Invoking toplevel() on ptolemy.moml.MoMLSimpleApplication@352413e4
----------------- Done invoking toplevel() on ptolemy.moml.MoMLSimpleApplication@352413e4
reloadAllAccessors: .SDFEmptyIterations

===========================================================================================
----------------- testing Sun Jul 28 05:46:17 UTC 2019 /home/travis/build/icyphy/ptII/ptolemy/domains/sdf/test/auto/Spectrum.xml
----------------- Instantiating /home/travis/build/icyphy/ptII/ptolemy/domains/sdf/test/auto/Spectrum.xml
25 ms. Memory: 335872K Free: 220403K (66%)
----------------- Invoking toplevel() on ptolemy.moml.MoMLSimpleApplication@40a19ee1
----------------- Done invoking toplevel() on ptolemy.moml.MoMLSimpleApplication@40a19ee1
reloadAllAccessors: .Spectrum

===========================================================================================
----------------- testing Sun Jul 28 05:46:17 UTC 2019 /home/travis/build/icyphy/ptII/ptolemy/domains/sdf/test/auto/de_inside_sdf.xml
----------------- Instantiating /home/travis/build/icyphy/ptII/ptolemy/domains/sdf/test/auto/de_inside_sdf.xml
5 ms. Memory: 335872K Free: 215283K (64%)
----------------- Invoking toplevel() on ptolemy.moml.MoMLSimpleApplication@79c74896
----------------- Done invoking toplevel() on ptolemy.moml.MoMLSimpleApplication@79c74896
reloadAllAccessors: .de_inside_sdf

===========================================================================================
----------------- testing Sun Jul 28 05:46:17 UTC 2019 /home/travis/build/icyphy/ptII/ptolemy/domains/sdf/test/auto/disconnectedHierarchicalSDF.xml
----------------- Instantiating /home/travis/build/icyphy/ptII/ptolemy/domains/sdf/test/auto/disconnectedHierarchicalSDF.xml
5 ms. Memory: 335872K Free: 209139K (62%)
----------------- Invoking toplevel() on ptolemy.moml.MoMLSimpleApplication@48b713a1
----------------- Done invoking toplevel() on ptolemy.moml.MoMLSimpleApplication@48b713a1
reloadAllAccessors: .disconnectedHierarchicalSDF

===========================================================================================
----------------- testing Sun Jul 28 05:46:17 UTC 2019 /home/travis/build/icyphy/ptII/ptolemy/domains/sdf/test/auto/disconnectedSDF.xml
----------------- Instantiating /home/travis/build/icyphy/ptII/ptolemy/domains/sdf/test/auto/disconnectedSDF.xml
3 ms. Memory: 335872K Free: 205043K (61%)
----------------- Invoking toplevel() on ptolemy.moml.MoMLSimpleApplication@2e6690d4
----------------- Done invoking toplevel() on ptolemy.moml.MoMLSimpleApplication@2e6690d4
reloadAllAccessors: .disconnectedSDF

===========================================================================================
----------------- testing Sun Jul 28 05:46:17 UTC 2019 /home/travis/build/icyphy/ptII/ptolemy/domains/sdf/test/auto/emptyRefinement.xml
----------------- Instantiating /home/travis/build/icyphy/ptII/ptolemy/domains/sdf/test/auto/emptyRefinement.xml
3 ms. Memory: 335872K Free: 200433K (60%)
----------------- Invoking toplevel() on ptolemy.moml.MoMLSimpleApplication@2515fda2
----------------- Done invoking toplevel() on ptolemy.moml.MoMLSimpleApplication@2515fda2
reloadAllAccessors: .emptyRefinement

===========================================================================================
----------------- testing Sun Jul 28 05:46:17 UTC 2019 /home/travis/build/icyphy/ptII/ptolemy/domains/sdf/test/auto/filePortParameter.xml
----------------- Instantiating /home/travis/build/icyphy/ptII/ptolemy/domains/sdf/test/auto/filePortParameter.xml
20 ms. Memory: 335872K Free: 193265K (58%)
----------------- Invoking toplevel() on ptolemy.moml.MoMLSimpleApplication@10744391
----------------- Done invoking toplevel() on ptolemy.moml.MoMLSimpleApplication@10744391
reloadAllAccessors: .filePortParameter

===========================================================================================
----------------- testing Sun Jul 28 05:46:17 UTC 2019 /home/travis/build/icyphy/ptII/ptolemy/domains/sdf/test/auto/inferRelationWidth1.xml
----------------- Instantiating /home/travis/build/icyphy/ptII/ptolemy/domains/sdf/test/auto/inferRelationWidth1.xml
2 ms. Memory: 335872K Free: 190193K (57%)
----------------- Invoking toplevel() on ptolemy.moml.MoMLSimpleApplication@6d95bc39
----------------- Done invoking toplevel() on ptolemy.moml.MoMLSimpleApplication@6d95bc39
reloadAllAccessors: .inferRelationWidth1

===========================================================================================
----------------- testing Sun Jul 28 05:46:17 UTC 2019 /home/travis/build/icyphy/ptII/ptolemy/domains/sdf/test/auto/initProductionInference.xml
----------------- Instantiating /home/travis/build/icyphy/ptII/ptolemy/domains/sdf/test/auto/initProductionInference.xml
3 ms. Memory: 335872K Free: 186097K (55%)
----------------- Invoking toplevel() on ptolemy.moml.MoMLSimpleApplication@21118274
----------------- Done invoking toplevel() on ptolemy.moml.MoMLSimpleApplication@21118274
reloadAllAccessors: .initProductionInference

===========================================================================================
----------------- testing Sun Jul 28 05:46:17 UTC 2019 /home/travis/build/icyphy/ptII/ptolemy/domains/sdf/test/auto/relationGroup.xml
----------------- Instantiating /home/travis/build/icyphy/ptII/ptolemy/domains/sdf/test/auto/relationGroup.xml
2 ms. Memory: 335872K Free: 182515K (54%)
----------------- Invoking toplevel() on ptolemy.moml.MoMLSimpleApplication@454f3d6b
----------------- Done invoking toplevel() on ptolemy.moml.MoMLSimpleApplication@454f3d6b
reloadAllAccessors: .relationGroup

===========================================================================================
----------------- testing Sun Jul 28 05:46:17 UTC 2019 /home/travis/build/icyphy/ptII/ptolemy/domains/sdf/test/auto/relationGroup10.xml
----------------- Instantiating /home/travis/build/icyphy/ptII/ptolemy/domains/sdf/test/auto/relationGroup10.xml
2 ms. Memory: 335872K Free: 178929K (53%)
----------------- Invoking toplevel() on ptolemy.moml.MoMLSimpleApplication@5ac7011
----------------- Done invoking toplevel() on ptolemy.moml.MoMLSimpleApplication@5ac7011
reloadAllAccessors: .relationGroup10

===========================================================================================
----------------- testing Sun Jul 28 05:46:17 UTC 2019 /home/travis/build/icyphy/ptII/ptolemy/domains/sdf/test/auto/relationGroup11.xml
----------------- Instantiating /home/travis/build/icyphy/ptII/ptolemy/domains/sdf/test/auto/relationGroup11.xml
2 ms. Memory: 335872K Free: 175347K (52%)
----------------- Invoking toplevel() on ptolemy.moml.MoMLSimpleApplication@588fcb26
----------------- Done invoking toplevel() on ptolemy.moml.MoMLSimpleApplication@588fcb26
reloadAllAccessors: .relationGroup11

===========================================================================================
----------------- testing Sun Jul 28 05:46:17 UTC 2019 /home/travis/build/icyphy/ptII/ptolemy/domains/sdf/test/auto/relationGroup12.xml
----------------- Instantiating /home/travis/build/icyphy/ptII/ptolemy/domains/sdf/test/auto/relationGroup12.xml
3 ms. Memory: 335872K Free: 171251K (51%)
----------------- Invoking toplevel() on ptolemy.moml.MoMLSimpleApplication@25b4bcfd
----------------- Done invoking toplevel() on ptolemy.moml.MoMLSimpleApplication@25b4bcfd
reloadAllAccessors: .relationGroup12

===========================================================================================
----------------- testing Sun Jul 28 05:46:17 UTC 2019 /home/travis/build/icyphy/ptII/ptolemy/domains/sdf/test/auto/relationGroup13.xml
----------------- Instantiating /home/travis/build/icyphy/ptII/ptolemy/domains/sdf/test/auto/relationGroup13.xml
6 ms. Memory: 335872K Free: 166641K (50%)
----------------- Invoking toplevel() on ptolemy.moml.MoMLSimpleApplication@270795d3
----------------- Done invoking toplevel() on ptolemy.moml.MoMLSimpleApplication@270795d3
reloadAllAccessors: .relationGroup13

===========================================================================================
----------------- testing Sun Jul 28 05:46:17 UTC 2019 /home/travis/build/icyphy/ptII/ptolemy/domains/sdf/test/auto/relationGroup14.xml
----------------- Instantiating /home/travis/build/icyphy/ptII/ptolemy/domains/sdf/test/auto/relationGroup14.xml
5 ms. Memory: 335872K Free: 162035K (48%)
----------------- Invoking toplevel() on ptolemy.moml.MoMLSimpleApplication@4fcc20f5
----------------- Done invoking toplevel() on ptolemy.moml.MoMLSimpleApplication@4fcc20f5
reloadAllAccessors: .relationGroup14

===========================================================================================
----------------- testing Sun Jul 28 05:46:17 UTC 2019 /home/travis/build/icyphy/ptII/ptolemy/domains/sdf/test/auto/relationGroup15.xml
----------------- Instantiating /home/travis/build/icyphy/ptII/ptolemy/domains/sdf/test/auto/relationGroup15.xml
2 ms. Memory: 335872K Free: 158449K (47%)
----------------- Invoking toplevel() on ptolemy.moml.MoMLSimpleApplication@1b538e41
----------------- Done invoking toplevel() on ptolemy.moml.MoMLSimpleApplication@1b538e41
reloadAllAccessors: .relationGroup15

===========================================================================================
----------------- testing Sun Jul 28 05:46:17 UTC 2019 /home/travis/build/icyphy/ptII/ptolemy/domains/sdf/test/auto/relationGroup2.xml
----------------- Instantiating /home/travis/build/icyphy/ptII/ptolemy/domains/sdf/test/auto/relationGroup2.xml
2 ms. Memory: 335872K Free: 155377K (46%)
----------------- Invoking toplevel() on ptolemy.moml.MoMLSimpleApplication@22a428d8
----------------- Done invoking toplevel() on ptolemy.moml.MoMLSimpleApplication@22a428d8
reloadAllAccessors: .relationGroup2

===========================================================================================
----------------- testing Sun Jul 28 05:46:17 UTC 2019 /home/travis/build/icyphy/ptII/ptolemy/domains/sdf/test/auto/relationGroup3.xml
----------------- Instantiating /home/travis/build/icyphy/ptII/ptolemy/domains/sdf/test/auto/relationGroup3.xml
2 ms. Memory: 335872K Free: 152305K (45%)
----------------- Invoking toplevel() on ptolemy.moml.MoMLSimpleApplication@3dd0a377
----------------- Done invoking toplevel() on ptolemy.moml.MoMLSimpleApplication@3dd0a377
reloadAllAccessors: .relationGroup3

===========================================================================================
----------------- testing Sun Jul 28 05:46:17 UTC 2019 /home/travis/build/icyphy/ptII/ptolemy/domains/sdf/test/auto/relationGroup4.xml
----------------- Instantiating /home/travis/build/icyphy/ptII/ptolemy/domains/sdf/test/auto/relationGroup4.xml
6 ms. Memory: 335872K Free: 147699K (44%)
----------------- Invoking toplevel() on ptolemy.moml.MoMLSimpleApplication@17ea7509
----------------- Done invoking toplevel() on ptolemy.moml.MoMLSimpleApplication@17ea7509
reloadAllAccessors: .relationGroup4

===========================================================================================
----------------- testing Sun Jul 28 05:46:17 UTC 2019 /home/travis/build/icyphy/ptII/ptolemy/domains/sdf/test/auto/relationGroup5.xml
----------------- Instantiating /home/travis/build/icyphy/ptII/ptolemy/domains/sdf/test/auto/relationGroup5.xml
2 ms. Memory: 335872K Free: 143089K (43%)
----------------- Invoking toplevel() on ptolemy.moml.MoMLSimpleApplication@6994f3ad
----------------- Done invoking toplevel() on ptolemy.moml.MoMLSimpleApplication@6994f3ad
reloadAllAccessors: .relationGroup5

===========================================================================================
----------------- testing Sun Jul 28 05:46:17 UTC 2019 /home/travis/build/icyphy/ptII/ptolemy/domains/sdf/test/auto/relationGroup6.xml
----------------- Instantiating /home/travis/build/icyphy/ptII/ptolemy/domains/sdf/test/auto/relationGroup6.xml
3 ms. Memory: 335872K Free: 138483K (41%)
----------------- Invoking toplevel() on ptolemy.moml.MoMLSimpleApplication@75dfae1b
----------------- Done invoking toplevel() on ptolemy.moml.MoMLSimpleApplication@75dfae1b
reloadAllAccessors: .relationGroup6

===========================================================================================
----------------- testing Sun Jul 28 05:46:17 UTC 2019 /home/travis/build/icyphy/ptII/ptolemy/domains/sdf/test/auto/relationGroup7.xml
----------------- Instantiating /home/travis/build/icyphy/ptII/ptolemy/domains/sdf/test/auto/relationGroup7.xml
2 ms. Memory: 335872K Free: 135411K (40%)
----------------- Invoking toplevel() on ptolemy.moml.MoMLSimpleApplication@424b9243
----------------- Done invoking toplevel() on ptolemy.moml.MoMLSimpleApplication@424b9243
reloadAllAccessors: .relationGroup7

===========================================================================================
----------------- testing Sun Jul 28 05:46:17 UTC 2019 /home/travis/build/icyphy/ptII/ptolemy/domains/sdf/test/auto/relationGroup8.xml
----------------- Instantiating /home/travis/build/icyphy/ptII/ptolemy/domains/sdf/test/auto/relationGroup8.xml
1 ms. Memory: 335872K Free: 132339K (39%)
----------------- Invoking toplevel() on ptolemy.moml.MoMLSimpleApplication@3860e799
----------------- Done invoking toplevel() on ptolemy.moml.MoMLSimpleApplication@3860e799
reloadAllAccessors: .relationGroup8

===========================================================================================
----------------- testing Sun Jul 28 05:46:17 UTC 2019 /home/travis/build/icyphy/ptII/ptolemy/domains/sdf/test/auto/relationGroup9.xml
----------------- Instantiating /home/travis/build/icyphy/ptII/ptolemy/domains/sdf/test/auto/relationGroup9.xml
4 ms. Memory: 335872K Free: 127729K (38%)
----------------- Invoking toplevel() on ptolemy.moml.MoMLSimpleApplication@2a3731b8
----------------- Done invoking toplevel() on ptolemy.moml.MoMLSimpleApplication@2a3731b8
reloadAllAccessors: .relationGroup9

===========================================================================================
----------------- testing Sun Jul 28 05:46:17 UTC 2019 /home/travis/build/icyphy/ptII/ptolemy/domains/sdf/test/auto/sdf_inside_de.xml
----------------- Instantiating /home/travis/build/icyphy/ptII/ptolemy/domains/sdf/test/auto/sdf_inside_de.xml
11 ms. Memory: 335872K Free: 119027K (35%)
----------------- Invoking toplevel() on ptolemy.moml.MoMLSimpleApplication@7a7810c1
----------------- Done invoking toplevel() on ptolemy.moml.MoMLSimpleApplication@7a7810c1
reloadAllAccessors: .sdf_inside_de

===========================================================================================
----------------- testing Sun Jul 28 05:46:17 UTC 2019 /home/travis/build/icyphy/ptII/ptolemy/domains/sdf/test/auto/sdf_inside_pn.xml
----------------- Instantiating /home/travis/build/icyphy/ptII/ptolemy/domains/sdf/test/auto/sdf_inside_pn.xml
49 ms. Memory: 335872K Free: 308937K (92%)
----------------- Invoking toplevel() on ptolemy.moml.MoMLSimpleApplication@46a683df
----------------- Done invoking toplevel() on ptolemy.moml.MoMLSimpleApplication@46a683df
reloadAllAccessors: .sdf_inside_pn

===========================================================================================
----------------- testing Sun Jul 28 05:46:18 UTC 2019 /home/travis/build/icyphy/ptII/ptolemy/domains/sdf/test/auto/sdf_sdf1.xml
----------------- Instantiating /home/travis/build/icyphy/ptII/ptolemy/domains/sdf/test/auto/sdf_sdf1.xml
4 ms. Memory: 335872K Free: 303289K (90%)
----------------- Invoking toplevel() on ptolemy.moml.MoMLSimpleApplication@337d3ff3
----------------- Done invoking toplevel() on ptolemy.moml.MoMLSimpleApplication@337d3ff3
reloadAllAccessors: .sdf_sdf1

===========================================================================================
----------------- testing Sun Jul 28 05:46:18 UTC 2019 /home/travis/build/icyphy/ptII/ptolemy/domains/sdf/test/auto/test1.xml
----------------- Instantiating /home/travis/build/icyphy/ptII/ptolemy/domains/sdf/test/auto/test1.xml
3 ms. Memory: 335872K Free: 298183K (89%)
----------------- Invoking toplevel() on ptolemy.moml.MoMLSimpleApplication@4a4e7351
----------------- Done invoking toplevel() on ptolemy.moml.MoMLSimpleApplication@4a4e7351
reloadAllAccessors: .test1

===========================================================================================
----------------- testing Sun Jul 28 05:46:18 UTC 2019 /home/travis/build/icyphy/ptII/ptolemy/domains/sdf/test/auto/time1.xml
----------------- Instantiating /home/travis/build/icyphy/ptII/ptolemy/domains/sdf/test/auto/time1.xml
2 ms. Memory: 335872K Free: 294601K (88%)
----------------- Invoking toplevel() on ptolemy.moml.MoMLSimpleApplication@51da96d3
----------------- Done invoking toplevel() on ptolemy.moml.MoMLSimpleApplication@51da96d3
reloadAllAccessors: .time1

===========================================================================================
----------------- testing Sun Jul 28 05:46:18 UTC 2019 /home/travis/build/icyphy/ptII/ptolemy/domains/sdf/test/auto/time2.xml
----------------- Instantiating /home/travis/build/icyphy/ptII/ptolemy/domains/sdf/test/auto/time2.xml
3 ms. Memory: 335872K Free: 291015K (87%)
----------------- Invoking toplevel() on ptolemy.moml.MoMLSimpleApplication@57b6cf24
----------------- Done invoking toplevel() on ptolemy.moml.MoMLSimpleApplication@57b6cf24
reloadAllAccessors: .time2

===========================================================================================
----------------- testing Sun Jul 28 05:46:18 UTC 2019 /home/travis/build/icyphy/ptII/ptolemy/domains/sdf/test/auto/time3.xml
----------------- Instantiating /home/travis/build/icyphy/ptII/ptolemy/domains/sdf/test/auto/time3.xml
7 ms. Memory: 335872K Free: 285895K (85%)
----------------- Invoking toplevel() on ptolemy.moml.MoMLSimpleApplication@16a9e696
----------------- Done invoking toplevel() on ptolemy.moml.MoMLSimpleApplication@16a9e696
reloadAllAccessors: .time3

===========================================================================================
----------------- testing Sun Jul 28 05:46:18 UTC 2019 /home/travis/build/icyphy/ptII/ptolemy/domains/sdf/test/auto/time4.xml
----------------- Instantiating /home/travis/build/icyphy/ptII/ptolemy/domains/sdf/test/auto/time4.xml
6 ms. Memory: 335872K Free: 280265K (83%)
----------------- Invoking toplevel() on ptolemy.moml.MoMLSimpleApplication@4113b72d
----------------- Done invoking toplevel() on ptolemy.moml.MoMLSimpleApplication@4113b72d
reloadAllAccessors: .time4

===========================================================================================
----------------- testing Sun Jul 28 05:46:18 UTC 2019 /home/travis/build/icyphy/ptII/ptolemy/domains/sdf/test/auto/time5.xml
----------------- Instantiating /home/travis/build/icyphy/ptII/ptolemy/domains/sdf/test/auto/time5.xml
4002 ms. Memory: 335872K Free: 276679K (82%)
----------------- Invoking toplevel() on ptolemy.moml.MoMLSimpleApplication@7bddcfc9
----------------- Done invoking toplevel() on ptolemy.moml.MoMLSimpleApplication@7bddcfc9
reloadAllAccessors: .time5

===========================================================================================
----------------- testing Sun Jul 28 05:46:22 UTC 2019 /home/travis/build/icyphy/ptII/ptolemy/domains/sdf/test/auto/typeSystem_Const_Integer_smallest_Type.xml
----------------- Instantiating /home/travis/build/icyphy/ptII/ptolemy/domains/sdf/test/auto/typeSystem_Const_Integer_smallest_Type.xml
5 ms. Memory: 335872K Free: 271559K (81%)
----------------- Invoking toplevel() on ptolemy.moml.MoMLSimpleApplication@1d934d69
----------------- Done invoking toplevel() on ptolemy.moml.MoMLSimpleApplication@1d934d69
reloadAllAccessors: .typeSystem_Const_Integer_smallest_Type

===========================================================================================
----------------- testing Sun Jul 28 05:46:22 UTC 2019 /home/travis/build/icyphy/ptII/ptolemy/domains/sdf/test/auto/typeSystem_declared_Inports_OutportTypeException.xml
----------------- Instantiating /home/travis/build/icyphy/ptII/ptolemy/domains/sdf/test/auto/typeSystem_declared_Inports_OutportTypeException.xml
.typeSystem_declared_Inports_OutportTypeException.TestExceptionAttribute: initialize() was not invoked, but wrapup() was.  This is unusual, but not always a problem.  For example, exporting JNLP will do this.
6 ms. Memory: 335872K Free: 267463K (80%)
----------------- Invoking toplevel() on ptolemy.moml.MoMLSimpleApplication@2e43a47d
----------------- Done invoking toplevel() on ptolemy.moml.MoMLSimpleApplication@2e43a47d
reloadAllAccessors: .typeSystem_declared_Inports_OutportTypeException

===========================================================================================
----------------- testing Sun Jul 28 05:46:22 UTC 2019 /home/travis/build/icyphy/ptII/ptolemy/domains/sdf/test/auto/typeSystem_oneDeclaredInportType_wrongTypeOutport.xml
----------------- Instantiating /home/travis/build/icyphy/ptII/ptolemy/domains/sdf/test/auto/typeSystem_oneDeclaredInportType_wrongTypeOutport.xml
4 ms. Memory: 335872K Free: 263367K (78%)
----------------- Invoking toplevel() on ptolemy.moml.MoMLSimpleApplication@45161f4c
----------------- Done invoking toplevel() on ptolemy.moml.MoMLSimpleApplication@45161f4c
reloadAllAccessors: .typeSystem_oneDeclaredInportType_wrongTypeOutport

===========================================================================================
----------------- testing Sun Jul 28 05:46:22 UTC 2019 /home/travis/build/icyphy/ptII/ptolemy/domains/sdf/test/auto/width.xml
----------------- Instantiating /home/travis/build/icyphy/ptII/ptolemy/domains/sdf/test/auto/width.xml
2 ms. Memory: 335872K Free: 259785K (77%)
----------------- Invoking toplevel() on ptolemy.moml.MoMLSimpleApplication@2acb18f2
----------------- Done invoking toplevel() on ptolemy.moml.MoMLSimpleApplication@2acb18f2
reloadAllAccessors: .width

===========================================================================================
----------------- testing Sun Jul 28 05:46:22 UTC 2019 /home/travis/build/icyphy/ptII/ptolemy/domains/sdf/test/auto/width2.xml
----------------- Instantiating /home/travis/build/icyphy/ptII/ptolemy/domains/sdf/test/auto/width2.xml
30 ms. Memory: 335872K Free: 254665K (76%)
----------------- Invoking toplevel() on ptolemy.moml.MoMLSimpleApplication@3bfc4166
----------------- Done invoking toplevel() on ptolemy.moml.MoMLSimpleApplication@3bfc4166
reloadAllAccessors: .width2

===========================================================================================
----------------- testing Sun Jul 28 05:46:22 UTC 2019 /home/travis/build/icyphy/ptII/ptolemy/domains/sdf/test/auto/width3.xml
----------------- Instantiating /home/travis/build/icyphy/ptII/ptolemy/domains/sdf/test/auto/width3.xml
27 ms. Memory: 335872K Free: 249545K (74%)
----------------- Invoking toplevel() on ptolemy.moml.MoMLSimpleApplication@fd9efad
----------------- Done invoking toplevel() on ptolemy.moml.MoMLSimpleApplication@fd9efad
reloadAllAccessors: .width3
AutoTests.java: About to close Vertx.
AutoTests.java: Vertx closed.
]]></system-out>
  <system-err><![CDATA[java.lang.RuntimeException: Execution failed
	at ptolemy.moml.MoMLSimpleApplication$UnloadThread.run(MoMLSimpleApplication.java:402)
Caused by: ptolemy.actor.sched.NotSchedulableException: No solution exists for the balance equations.
Graph is not consistent under the SDF domain detected on external port .rateConsistency.actor.port2
  in .rateConsistency.SDF Director.Scheduler
	at ptolemy.domains.sdf.kernel.SDFScheduler._propagatePort(SDFScheduler.java:1425)
	at ptolemy.domains.sdf.kernel.SDFScheduler._solveBalanceEquations(SDFScheduler.java:710)
	at ptolemy.domains.sdf.kernel.SDFScheduler._getSchedule(SDFScheduler.java:566)
	at ptolemy.actor.sched.Scheduler.getSchedule(Scheduler.java:189)
	at ptolemy.domains.sdf.kernel.SDFDirector.createSchedule(SDFDirector.java:408)
	at ptolemy.domains.sdf.kernel.SDFDirector.preinitialize(SDFDirector.java:764)
	at ptolemy.actor.CompositeActor.preinitialize(CompositeActor.java:1828)
	at ptolemy.actor.Manager.preinitializeAndResolveTypes(Manager.java:1040)
	at ptolemy.actor.Manager.initialize(Manager.java:710)
	at ptolemy.actor.Manager.execute(Manager.java:356)
	at ptolemy.actor.Manager.run(Manager.java:1263)
	at ptolemy.actor.Manager$PtolemyRunThread.run(Manager.java:1933)
java.lang.RuntimeException: Execution failed
	at ptolemy.moml.MoMLSimpleApplication$UnloadThread.run(MoMLSimpleApplication.java:402)
Caused by: ptolemy.kernel.util.IllegalActionException: Failed to compute schedule:
  in .badRateChanges.typed composite actor.SDF Director
Because:
The SDF rate parameter may change. This is not allowed in SDF models that will be run through the code generator.  If you don't care about code generation, then you might consider setting the allowRateChanges parameter of the SDF director to false.
  in .badRateChanges.typed composite actor.Repeat.output.tokenProductionRate
	at ptolemy.domains.sdf.kernel.SDFDirector.createSchedule(SDFDirector.java:418)
	at ptolemy.domains.sdf.kernel.SDFDirector.preinitialize(SDFDirector.java:764)
	at ptolemy.actor.CompositeActor.preinitialize(CompositeActor.java:1828)
	at ptolemy.actor.Director.preinitialize(Director.java:1302)
	at ptolemy.actor.Director.preinitialize(Director.java:1257)
	at ptolemy.domains.sdf.kernel.SDFDirector.preinitialize(SDFDirector.java:763)
	at ptolemy.actor.CompositeActor.preinitialize(CompositeActor.java:1828)
	at ptolemy.actor.Manager.preinitializeAndResolveTypes(Manager.java:1040)
	at ptolemy.actor.Manager.initialize(Manager.java:710)
	at ptolemy.actor.Manager.execute(Manager.java:356)
	at ptolemy.actor.Manager.run(Manager.java:1263)
	at ptolemy.actor.Manager$PtolemyRunThread.run(Manager.java:1933)
Caused by: ptolemy.kernel.util.IllegalActionException: The SDF rate parameter may change. This is not allowed in SDF models that will be run through the code generator.  If you don't care about code generation, then you might consider setting the allowRateChanges parameter of the SDF director to false.
  in .badRateChanges.typed composite actor.Repeat.output.tokenProductionRate
	at ptolemy.domains.sdf.kernel.SDFScheduler._assertDynamicRateVariable(SDFScheduler.java:931)
	at ptolemy.domains.sdf.kernel.SDFScheduler._checkDynamicRateVariables(SDFScheduler.java:339)
	at ptolemy.domains.sdf.kernel.SDFScheduler._getSchedule(SDFScheduler.java:527)
	at ptolemy.actor.sched.Scheduler.getSchedule(Scheduler.java:189)
	at ptolemy.domains.sdf.kernel.SDFDirector.createSchedule(SDFDirector.java:408)
	... 11 more
java.lang.RuntimeException: Execution failed
	at ptolemy.moml.MoMLSimpleApplication$UnloadThread.run(MoMLSimpleApplication.java:402)
Caused by: ptolemy.kernel.util.IllegalActionException: Failed to compute schedule:
  in .badRateChanges2.typed composite actor.SDF Director
Because:
The SDF rate parameter may change. This is not allowed in SDF models that will be run through the code generator.  If you don't care about code generation, then you might consider setting the allowRateChanges parameter of the SDF director to false.
  in .badRateChanges2.typed composite actor.Repeat.output.tokenProductionRate
	at ptolemy.domains.sdf.kernel.SDFDirector.createSchedule(SDFDirector.java:418)
	at ptolemy.domains.sdf.kernel.SDFDirector.preinitialize(SDFDirector.java:764)
	at ptolemy.actor.CompositeActor.preinitialize(CompositeActor.java:1828)
	at ptolemy.actor.Director.preinitialize(Director.java:1302)
	at ptolemy.actor.Director.preinitialize(Director.java:1257)
	at ptolemy.domains.sdf.kernel.SDFDirector.preinitialize(SDFDirector.java:763)
	at ptolemy.actor.CompositeActor.preinitialize(CompositeActor.java:1828)
	at ptolemy.actor.Manager.preinitializeAndResolveTypes(Manager.java:1040)
	at ptolemy.actor.Manager.initialize(Manager.java:710)
	at ptolemy.actor.Manager.execute(Manager.java:356)
	at ptolemy.actor.Manager.run(Manager.java:1263)
	at ptolemy.actor.Manager$PtolemyRunThread.run(Manager.java:1933)
Caused by: ptolemy.kernel.util.IllegalActionException: The SDF rate parameter may change. This is not allowed in SDF models that will be run through the code generator.  If you don't care about code generation, then you might consider setting the allowRateChanges parameter of the SDF director to false.
  in .badRateChanges2.typed composite actor.Repeat.output.tokenProductionRate
	at ptolemy.domains.sdf.kernel.SDFScheduler._assertDynamicRateVariable(SDFScheduler.java:931)
	at ptolemy.domains.sdf.kernel.SDFScheduler._checkDynamicRateVariables(SDFScheduler.java:339)
	at ptolemy.domains.sdf.kernel.SDFScheduler._getSchedule(SDFScheduler.java:527)
	at ptolemy.actor.sched.Scheduler.getSchedule(Scheduler.java:189)
	at ptolemy.domains.sdf.kernel.SDFDirector.createSchedule(SDFDirector.java:408)
	... 11 more
java.lang.RuntimeException: Execution failed
	at ptolemy.moml.MoMLSimpleApplication$UnloadThread.run(MoMLSimpleApplication.java:402)
Caused by: ptolemy.actor.sched.NotSchedulableException: Actors remain that cannot be scheduled!

There are several possible reasons:
* SDF Graphs with feedback loops should have an actor with a delay in the loop, such as a SampleDelay.
* The SDF director has an "allowDisconnectedGraphs"parameter, which, when true, permits disconnected SDF graphs.
* The token consumption rate and production rates might be mismatched.
Usually, actors produce one token or consume one token on a port.  To produce or consume multiple tokens per firing, add a "tokenConsumptionRate" or "tokenProductionRate" parameter to the appropriate port.
Unscheduled actors:
.partiallyConnected.Const2 
Scheduled actors:
.partiallyConnected.Const 
  in .partiallyConnected.SDF Director.Scheduler
	at ptolemy.domains.sdf.kernel.SDFScheduler._scheduleConnectedActors(SDFScheduler.java:1828)
	at ptolemy.domains.sdf.kernel.SDFScheduler._getSchedule(SDFScheduler.java:587)
	at ptolemy.actor.sched.Scheduler.getSchedule(Scheduler.java:189)
	at ptolemy.domains.sdf.kernel.SDFDirector.createSchedule(SDFDirector.java:408)
	at ptolemy.domains.sdf.kernel.SDFDirector.preinitialize(SDFDirector.java:764)
	at ptolemy.actor.CompositeActor.preinitialize(CompositeActor.java:1828)
	at ptolemy.actor.Manager.preinitializeAndResolveTypes(Manager.java:1040)
	at ptolemy.actor.Manager.initialize(Manager.java:710)
	at ptolemy.actor.Manager.execute(Manager.java:356)
	at ptolemy.actor.Manager.run(Manager.java:1263)
	at ptolemy.actor.Manager$PtolemyRunThread.run(Manager.java:1933)
]]></system-err>
</testsuite>
