<?xml version="1.0" encoding="UTF-8" ?>
<testsuite errors="0" failures="0" hostname="travis-job-6abef6fe-ed76-4a83-bc7c-abb99650e526" name="ptolemy.domains.modal.test.junit.JUnitTclTest" skipped="0" tests="148" time="11.05" timestamp="2019-07-25T05:10:33">
  <properties>
[...]
</properties>
  <testcase classname="ptolemy.util.test.junit.TclTests" name="[0] /home/travis/build/icyphy/ptII/ptolemy/domains/modal/test/SystemLevelType.tcl (RunTclFile)" time="2.101" />
  <testcase classname="ptolemy.util.test.junit.AutoKnownFailedTests" name="[0] /home/travis/build/icyphy/ptII/ptolemy/domains/modal/test/auto/knownFailedTests/CannotAnalysisWithPreemption.xml (RunModel)" time="0.336" />
  <testcase classname="ptolemy.util.test.junit.AutoNameArchTests" name="[0] ThereAreNoAutoArchTests (RunModel)" time="0.002" />
  <testcase classname="ptolemy.util.test.junit.AutoTests" name="[0] /home/travis/build/icyphy/ptII/ptolemy/domains/modal/test/auto/ABPTest.xml (RunModel)" time="0.675" />
  <testcase classname="ptolemy.util.test.junit.AutoTests" name="[1] /home/travis/build/icyphy/ptII/ptolemy/domains/modal/test/auto/ABROFlat.xml (RunModel)" time="0.092" />
  <testcase classname="ptolemy.util.test.junit.AutoTests" name="[2] /home/travis/build/icyphy/ptII/ptolemy/domains/modal/test/auto/ABROFlat2.xml (RunModel)" time="0.061" />
  <testcase classname="ptolemy.util.test.junit.AutoTests" name="[3] /home/travis/build/icyphy/ptII/ptolemy/domains/modal/test/auto/ABRO_present_hmm.xml (RunModel)" time="0.177" />
  <testcase classname="ptolemy.util.test.junit.AutoTests" name="[4] /home/travis/build/icyphy/ptII/ptolemy/domains/modal/test/auto/AMICoderExample.xml (RunModel)" time="0.082" />
  <testcase classname="ptolemy.util.test.junit.AutoTests" name="[5] /home/travis/build/icyphy/ptII/ptolemy/domains/modal/test/auto/AbsentToPresent.xml (RunModel)" time="0.023" />
  <testcase classname="ptolemy.util.test.junit.AutoTests" name="[6] /home/travis/build/icyphy/ptII/ptolemy/domains/modal/test/auto/Blending.xml (RunModel)" time="0.304" />
  <testcase classname="ptolemy.util.test.junit.AutoTests" name="[7] /home/travis/build/icyphy/ptII/ptolemy/domains/modal/test/auto/Broadcast.xml (RunModel)" time="0.042" />
  <testcase classname="ptolemy.util.test.junit.AutoTests" name="[8] /home/travis/build/icyphy/ptII/ptolemy/domains/modal/test/auto/BroadcastHierarchy.xml (RunModel)" time="0.11" />
  <testcase classname="ptolemy.util.test.junit.AutoTests" name="[9] /home/travis/build/icyphy/ptII/ptolemy/domains/modal/test/auto/BroadcastHierarchy2.xml (RunModel)" time="0.135" />
  <testcase classname="ptolemy.util.test.junit.AutoTests" name="[10] /home/travis/build/icyphy/ptII/ptolemy/domains/modal/test/auto/BroadcastHierarchy3.xml (RunModel)" time="0.074" />
  <testcase classname="ptolemy.util.test.junit.AutoTests" name="[11] /home/travis/build/icyphy/ptII/ptolemy/domains/modal/test/auto/BroadcastHierarchy4.xml (RunModel)" time="0.099" />
  <testcase classname="ptolemy.util.test.junit.AutoTests" name="[12] /home/travis/build/icyphy/ptII/ptolemy/domains/modal/test/auto/CannotAnalysisWithPreemption2.xml (RunModel)" time="0.035" />
  <testcase classname="ptolemy.util.test.junit.AutoTests" name="[13] /home/travis/build/icyphy/ptII/ptolemy/domains/modal/test/auto/CannotAnalysisWithPreemption3.xml (RunModel)" time="0.038" />
  <testcase classname="ptolemy.util.test.junit.AutoTests" name="[14] /home/travis/build/icyphy/ptII/ptolemy/domains/modal/test/auto/CannotProduce.xml (RunModel)" time="0.03" />
  <testcase classname="ptolemy.util.test.junit.AutoTests" name="[15] /home/travis/build/icyphy/ptII/ptolemy/domains/modal/test/auto/CannotProduceModal.xml (RunModel)" time="0.046" />
  <testcase classname="ptolemy.util.test.junit.AutoTests" name="[16] /home/travis/build/icyphy/ptII/ptolemy/domains/modal/test/auto/Case.xml (RunModel)" time="0.066" />
  <testcase classname="ptolemy.util.test.junit.AutoTests" name="[17] /home/travis/build/icyphy/ptII/ptolemy/domains/modal/test/auto/Case1.xml (RunModel)" time="0.04" />
  <testcase classname="ptolemy.util.test.junit.AutoTests" name="[18] /home/travis/build/icyphy/ptII/ptolemy/domains/modal/test/auto/Case2.xml (RunModel)" time="0.056" />
  <testcase classname="ptolemy.util.test.junit.AutoTests" name="[19] /home/travis/build/icyphy/ptII/ptolemy/domains/modal/test/auto/CausalityInterface1.xml (RunModel)" time="0.056" />
  <testcase classname="ptolemy.util.test.junit.AutoTests" name="[20] /home/travis/build/icyphy/ptII/ptolemy/domains/modal/test/auto/CausalityInterface10.xml (RunModel)" time="0.062" />
  <testcase classname="ptolemy.util.test.junit.AutoTests" name="[21] /home/travis/build/icyphy/ptII/ptolemy/domains/modal/test/auto/CausalityInterface11.xml (RunModel)" time="0.059" />
  <testcase classname="ptolemy.util.test.junit.AutoTests" name="[22] /home/travis/build/icyphy/ptII/ptolemy/domains/modal/test/auto/CausalityInterface12.xml (RunModel)" time="0.051" />
  <testcase classname="ptolemy.util.test.junit.AutoTests" name="[23] /home/travis/build/icyphy/ptII/ptolemy/domains/modal/test/auto/CausalityInterface13.xml (RunModel)" time="0.063" />
  <testcase classname="ptolemy.util.test.junit.AutoTests" name="[24] /home/travis/build/icyphy/ptII/ptolemy/domains/modal/test/auto/CausalityInterface14.xml (RunModel)" time="0.054" />
  <testcase classname="ptolemy.util.test.junit.AutoTests" name="[25] /home/travis/build/icyphy/ptII/ptolemy/domains/modal/test/auto/CausalityInterface2.xml (RunModel)" time="0.03" />
  <testcase classname="ptolemy.util.test.junit.AutoTests" name="[26] /home/travis/build/icyphy/ptII/ptolemy/domains/modal/test/auto/CausalityInterface3.xml (RunModel)" time="0.035" />
  <testcase classname="ptolemy.util.test.junit.AutoTests" name="[27] /home/travis/build/icyphy/ptII/ptolemy/domains/modal/test/auto/CausalityInterface4.xml (RunModel)" time="0.027" />
  <testcase classname="ptolemy.util.test.junit.AutoTests" name="[28] /home/travis/build/icyphy/ptII/ptolemy/domains/modal/test/auto/CausalityInterface5.xml (RunModel)" time="0.032" />
  <testcase classname="ptolemy.util.test.junit.AutoTests" name="[29] /home/travis/build/icyphy/ptII/ptolemy/domains/modal/test/auto/CausalityInterface6.xml (RunModel)" time="0.037" />
  <testcase classname="ptolemy.util.test.junit.AutoTests" name="[30] /home/travis/build/icyphy/ptII/ptolemy/domains/modal/test/auto/CausalityInterface7.xml (RunModel)" time="0.04" />
  <testcase classname="ptolemy.util.test.junit.AutoTests" name="[31] /home/travis/build/icyphy/ptII/ptolemy/domains/modal/test/auto/CausalityInterface8.xml (RunModel)" time="0.036" />
  <testcase classname="ptolemy.util.test.junit.AutoTests" name="[32] /home/travis/build/icyphy/ptII/ptolemy/domains/modal/test/auto/CausalityInterface9.xml (RunModel)" time="0.044" />
  <testcase classname="ptolemy.util.test.junit.AutoTests" name="[33] /home/travis/build/icyphy/ptII/ptolemy/domains/modal/test/auto/ChainedTransitions.xml (RunModel)" time="0.133" />
  <testcase classname="ptolemy.util.test.junit.AutoTests" name="[34] /home/travis/build/icyphy/ptII/ptolemy/domains/modal/test/auto/CycleOfImmediateTransitionsFSM.xml (RunModel)" time="0.024" />
  <testcase classname="ptolemy.util.test.junit.AutoTests" name="[35] /home/travis/build/icyphy/ptII/ptolemy/domains/modal/test/auto/CycleOfImmediateTransitionsModal.xml (RunModel)" time="0.026" />
  <testcase classname="ptolemy.util.test.junit.AutoTests" name="[36] /home/travis/build/icyphy/ptII/ptolemy/domains/modal/test/auto/CycleOfImmediateTransitionsModal2.xml (RunModel)" time="0.029" />
  <testcase classname="ptolemy.util.test.junit.AutoTests" name="[37] /home/travis/build/icyphy/ptII/ptolemy/domains/modal/test/auto/CycleOfImmediateTransitionsModal3.xml (RunModel)" time="0.082" />
  <testcase classname="ptolemy.util.test.junit.AutoTests" name="[38] /home/travis/build/icyphy/ptII/ptolemy/domains/modal/test/auto/DeepModal1.xml (RunModel)" time="0.055" />
  <testcase classname="ptolemy.util.test.junit.AutoTests" name="[39] /home/travis/build/icyphy/ptII/ptolemy/domains/modal/test/auto/DeepModal2.xml (RunModel)" time="0.057" />
  <testcase classname="ptolemy.util.test.junit.AutoTests" name="[40] /home/travis/build/icyphy/ptII/ptolemy/domains/modal/test/auto/DeepModal3.xml (RunModel)" time="0.052" />
  <testcase classname="ptolemy.util.test.junit.AutoTests" name="[41] /home/travis/build/icyphy/ptII/ptolemy/domains/modal/test/auto/DeepModal4.xml (RunModel)" time="0.068" />
  <testcase classname="ptolemy.util.test.junit.AutoTests" name="[42] /home/travis/build/icyphy/ptII/ptolemy/domains/modal/test/auto/Default1.xml (RunModel)" time="0.016" />
  <testcase classname="ptolemy.util.test.junit.AutoTests" name="[43] /home/travis/build/icyphy/ptII/ptolemy/domains/modal/test/auto/Default2.xml (RunModel)" time="0.028" />
  <testcase classname="ptolemy.util.test.junit.AutoTests" name="[44] /home/travis/build/icyphy/ptII/ptolemy/domains/modal/test/auto/Default3.xml (RunModel)" time="0.016" />
  <testcase classname="ptolemy.util.test.junit.AutoTests" name="[45] /home/travis/build/icyphy/ptII/ptolemy/domains/modal/test/auto/Default4.xml (RunModel)" time="0.015" />
  <testcase classname="ptolemy.util.test.junit.AutoTests" name="[46] /home/travis/build/icyphy/ptII/ptolemy/domains/modal/test/auto/Default5.xml (RunModel)" time="0.02" />
  <testcase classname="ptolemy.util.test.junit.AutoTests" name="[47] /home/travis/build/icyphy/ptII/ptolemy/domains/modal/test/auto/EmptyGuard.xml (RunModel)" time="0.051" />
  <testcase classname="ptolemy.util.test.junit.AutoTests" name="[48] /home/travis/build/icyphy/ptII/ptolemy/domains/modal/test/auto/ErrorTransition1.xml (RunModel)" time="0.031" />
  <testcase classname="ptolemy.util.test.junit.AutoTests" name="[49] /home/travis/build/icyphy/ptII/ptolemy/domains/modal/test/auto/ErrorTransition10.xml (RunModel)" time="0.051" />
  <testcase classname="ptolemy.util.test.junit.AutoTests" name="[50] /home/travis/build/icyphy/ptII/ptolemy/domains/modal/test/auto/ErrorTransition11.xml (RunModel)" time="0.042" />
  <testcase classname="ptolemy.util.test.junit.AutoTests" name="[51] /home/travis/build/icyphy/ptII/ptolemy/domains/modal/test/auto/ErrorTransition2.xml (RunModel)" time="0.027" />
  <testcase classname="ptolemy.util.test.junit.AutoTests" name="[52] /home/travis/build/icyphy/ptII/ptolemy/domains/modal/test/auto/ErrorTransition3.xml (RunModel)" time="0.038" />
  <testcase classname="ptolemy.util.test.junit.AutoTests" name="[53] /home/travis/build/icyphy/ptII/ptolemy/domains/modal/test/auto/ErrorTransition4.xml (RunModel)" time="0.037" />
  <testcase classname="ptolemy.util.test.junit.AutoTests" name="[54] /home/travis/build/icyphy/ptII/ptolemy/domains/modal/test/auto/ErrorTransition5.xml (RunModel)" time="0.028" />
  <testcase classname="ptolemy.util.test.junit.AutoTests" name="[55] /home/travis/build/icyphy/ptII/ptolemy/domains/modal/test/auto/ErrorTransition6.xml (RunModel)" time="0.03" />
  <testcase classname="ptolemy.util.test.junit.AutoTests" name="[56] /home/travis/build/icyphy/ptII/ptolemy/domains/modal/test/auto/ErrorTransition7.xml (RunModel)" time="0.054" />
  <testcase classname="ptolemy.util.test.junit.AutoTests" name="[57] /home/travis/build/icyphy/ptII/ptolemy/domains/modal/test/auto/ErrorTransition8.xml (RunModel)" time="0.057" />
  <testcase classname="ptolemy.util.test.junit.AutoTests" name="[58] /home/travis/build/icyphy/ptII/ptolemy/domains/modal/test/auto/ErrorTransition9.xml (RunModel)" time="0.039" />
  <testcase classname="ptolemy.util.test.junit.AutoTests" name="[59] /home/travis/build/icyphy/ptII/ptolemy/domains/modal/test/auto/ExtendedFSM.xml (RunModel)" time="0.032" />
  <testcase classname="ptolemy.util.test.junit.AutoTests" name="[60] /home/travis/build/icyphy/ptII/ptolemy/domains/modal/test/auto/FinalStates.xml (RunModel)" time="0.046" />
  <testcase classname="ptolemy.util.test.junit.AutoTests" name="[61] /home/travis/build/icyphy/ptII/ptolemy/domains/modal/test/auto/FixedPointFSM.xml (RunModel)" time="0.056" />
  <testcase classname="ptolemy.util.test.junit.AutoTests" name="[62] /home/travis/build/icyphy/ptII/ptolemy/domains/modal/test/auto/FixedPointIterationFSMActor.xml (RunModel)" time="0.037" />
  <testcase classname="ptolemy.util.test.junit.AutoTests" name="[63] /home/travis/build/icyphy/ptII/ptolemy/domains/modal/test/auto/FixedPointIterationFSMActor2.xml (RunModel)" time="0.038" />
  <testcase classname="ptolemy.util.test.junit.AutoTests" name="[64] /home/travis/build/icyphy/ptII/ptolemy/domains/modal/test/auto/ForbiddenInstantanousLoop.xml (RunModel)" time="0.038" />
  <testcase classname="ptolemy.util.test.junit.AutoTests" name="[65] /home/travis/build/icyphy/ptII/ptolemy/domains/modal/test/auto/FunctionDependencyOfFSMActorTest.xml (RunModel)" time="0.028" />
  <testcase classname="ptolemy.util.test.junit.AutoTests" name="[66] /home/travis/build/icyphy/ptII/ptolemy/domains/modal/test/auto/GuardExpression.xml (RunModel)" time="0.015" />
  <testcase classname="ptolemy.util.test.junit.AutoTests" name="[67] /home/travis/build/icyphy/ptII/ptolemy/domains/modal/test/auto/GuardNotEvaluated.xml (RunModel)" time="0.029" />
  <testcase classname="ptolemy.util.test.junit.AutoTests" name="[68] /home/travis/build/icyphy/ptII/ptolemy/domains/modal/test/auto/GuardNotEvaluated2.xml (RunModel)" time="0.025" />
  <testcase classname="ptolemy.util.test.junit.AutoTests" name="[69] /home/travis/build/icyphy/ptII/ptolemy/domains/modal/test/auto/GuardOnAbsent.xml (RunModel)" time="0.026" />
  <testcase classname="ptolemy.util.test.junit.AutoTests" name="[70] /home/travis/build/icyphy/ptII/ptolemy/domains/modal/test/auto/HierarchicalFSMTypeInference.xml (RunModel)" time="0.029" />
  <testcase classname="ptolemy.util.test.junit.AutoTests" name="[71] /home/travis/build/icyphy/ptII/ptolemy/domains/modal/test/auto/Hysteresis.xml (RunModel)" time="0.046" />
  <testcase classname="ptolemy.util.test.junit.AutoTests" name="[72] /home/travis/build/icyphy/ptII/ptolemy/domains/modal/test/auto/HysteresisWithDefault.xml (RunModel)" time="0.094" />
  <testcase classname="ptolemy.util.test.junit.AutoTests" name="[73] /home/travis/build/icyphy/ptII/ptolemy/domains/modal/test/auto/HysteresisWithDefault2.xml (RunModel)" time="0.076" />
  <testcase classname="ptolemy.util.test.junit.AutoTests" name="[74] /home/travis/build/icyphy/ptII/ptolemy/domains/modal/test/auto/ImmediateNonConstructiveness.xml (RunModel)" time="0.021" />
  <testcase classname="ptolemy.util.test.junit.AutoTests" name="[75] /home/travis/build/icyphy/ptII/ptolemy/domains/modal/test/auto/ImmediateNonConstructiveness2.xml (RunModel)" time="0.018" />
  <testcase classname="ptolemy.util.test.junit.AutoTests" name="[76] /home/travis/build/icyphy/ptII/ptolemy/domains/modal/test/auto/ImmediateTransitionReset.xml (RunModel)" time="0.04" />
  <testcase classname="ptolemy.util.test.junit.AutoTests" name="[77] /home/travis/build/icyphy/ptII/ptolemy/domains/modal/test/auto/ImmediateTransitions1.xml (RunModel)" time="0.015" />
  <testcase classname="ptolemy.util.test.junit.AutoTests" name="[78] /home/travis/build/icyphy/ptII/ptolemy/domains/modal/test/auto/ImmediateTransitionsInstantaneousCommunication.xml (RunModel)" time="0.033" />
  <testcase classname="ptolemy.util.test.junit.AutoTests" name="[79] /home/travis/build/icyphy/ptII/ptolemy/domains/modal/test/auto/InitialImmediateTransition.xml (RunModel)" time="0.016" />
  <testcase classname="ptolemy.util.test.junit.AutoTests" name="[80] /home/travis/build/icyphy/ptII/ptolemy/domains/modal/test/auto/InitialOutputs.xml (RunModel)" time="0.015" />
  <testcase classname="ptolemy.util.test.junit.AutoTests" name="[81] /home/travis/build/icyphy/ptII/ptolemy/domains/modal/test/auto/InitialStateTransition1.xml (RunModel)" time="0.019" />
  <testcase classname="ptolemy.util.test.junit.AutoTests" name="[82] /home/travis/build/icyphy/ptII/ptolemy/domains/modal/test/auto/InitialStateTransition2.xml (RunModel)" time="0.024" />
  <testcase classname="ptolemy.util.test.junit.AutoTests" name="[83] /home/travis/build/icyphy/ptII/ptolemy/domains/modal/test/auto/InitialStateTransition3.xml (RunModel)" time="0.023" />
  <testcase classname="ptolemy.util.test.junit.AutoTests" name="[84] /home/travis/build/icyphy/ptII/ptolemy/domains/modal/test/auto/InitialStateTransition4.xml (RunModel)" time="0.025" />
  <testcase classname="ptolemy.util.test.junit.AutoTests" name="[85] /home/travis/build/icyphy/ptII/ptolemy/domains/modal/test/auto/MalformedGuardExpressionNotCaught.xml (RunModel)" time="0.027" />
  <testcase classname="ptolemy.util.test.junit.AutoTests" name="[86] /home/travis/build/icyphy/ptII/ptolemy/domains/modal/test/auto/ModalBSC.xml (RunModel)" time="0.119" />
  <testcase classname="ptolemy.util.test.junit.AutoTests" name="[87] /home/travis/build/icyphy/ptII/ptolemy/domains/modal/test/auto/ModalClocks.xml (RunModel)" time="0.076" />
  <testcase classname="ptolemy.util.test.junit.AutoTests" name="[88] /home/travis/build/icyphy/ptII/ptolemy/domains/modal/test/auto/ModalDelay.xml (RunModel)" time="0.041" />
  <testcase classname="ptolemy.util.test.junit.AutoTests" name="[89] /home/travis/build/icyphy/ptII/ptolemy/domains/modal/test/auto/ModalDelay2.xml (RunModel)" time="0.046" />
  <testcase classname="ptolemy.util.test.junit.AutoTests" name="[90] /home/travis/build/icyphy/ptII/ptolemy/domains/modal/test/auto/ModalModelFromMemo.xml (RunModel)" time="0.06" />
  <testcase classname="ptolemy.util.test.junit.AutoTests" name="[91] /home/travis/build/icyphy/ptII/ptolemy/domains/modal/test/auto/ModalModelWithMultirateTransient.xml (RunModel)" time="0.053" />
  <testcase classname="ptolemy.util.test.junit.AutoTests" name="[92] /home/travis/build/icyphy/ptII/ptolemy/domains/modal/test/auto/ModalModelWithReset.xml (RunModel)" time="0.053" />
  <testcase classname="ptolemy.util.test.junit.AutoTests" name="[93] /home/travis/build/icyphy/ptII/ptolemy/domains/modal/test/auto/MouseClickFSM.xml (RunModel)" time="0.042" />
  <testcase classname="ptolemy.util.test.junit.AutoTests" name="[94] /home/travis/build/icyphy/ptII/ptolemy/domains/modal/test/auto/MouseClickFSMModal.xml (RunModel)" time="0.048" />
  <testcase classname="ptolemy.util.test.junit.AutoTests" name="[95] /home/travis/build/icyphy/ptII/ptolemy/domains/modal/test/auto/NonStrictFSM_FeedbackLoop.xml (RunModel)" time="0.046" />
  <testcase classname="ptolemy.util.test.junit.AutoTests" name="[96] /home/travis/build/icyphy/ptII/ptolemy/domains/modal/test/auto/NonStrictFSM_FeedbackLoop_Refinement.xml (RunModel)" time="0.089" />
  <testcase classname="ptolemy.util.test.junit.AutoTests" name="[97] /home/travis/build/icyphy/ptII/ptolemy/domains/modal/test/auto/NonStrictFSM_FeedbackLoop_preemptive.xml (RunModel)" time="0.049" />
  <testcase classname="ptolemy.util.test.junit.AutoTests" name="[98] /home/travis/build/icyphy/ptII/ptolemy/domains/modal/test/auto/NormalTermination.xml (RunModel)" time="0.04" />
  <testcase classname="ptolemy.util.test.junit.AutoTests" name="[99] /home/travis/build/icyphy/ptII/ptolemy/domains/modal/test/auto/Pong.xml (RunModel)" time="0.074" />
  <testcase classname="ptolemy.util.test.junit.AutoTests" name="[100] /home/travis/build/icyphy/ptII/ptolemy/domains/modal/test/auto/Pong_test.xml (RunModel)" time="0.107" />
  <testcase classname="ptolemy.util.test.junit.AutoTests" name="[101] /home/travis/build/icyphy/ptII/ptolemy/domains/modal/test/auto/PreemptionHierarchy.xml (RunModel)" time="0.027" />
  <testcase classname="ptolemy.util.test.junit.AutoTests" name="[102] /home/travis/build/icyphy/ptII/ptolemy/domains/modal/test/auto/PreemptionHierarchy2.xml (RunModel)" time="0.029" />
  <testcase classname="ptolemy.util.test.junit.AutoTests" name="[103] /home/travis/build/icyphy/ptII/ptolemy/domains/modal/test/auto/PreemptiveTransition.xml (RunModel)" time="0.025" />
  <testcase classname="ptolemy.util.test.junit.AutoTests" name="[104] /home/travis/build/icyphy/ptII/ptolemy/domains/modal/test/auto/Priorities.xml (RunModel)" time="0.099" />
  <testcase classname="ptolemy.util.test.junit.AutoTests" name="[105] /home/travis/build/icyphy/ptII/ptolemy/domains/modal/test/auto/ResetFinal.xml (RunModel)" time="0.042" />
  <testcase classname="ptolemy.util.test.junit.AutoTests" name="[106] /home/travis/build/icyphy/ptII/ptolemy/domains/modal/test/auto/ResetFinal2.xml (RunModel)" time="0.035" />
  <testcase classname="ptolemy.util.test.junit.AutoTests" name="[107] /home/travis/build/icyphy/ptII/ptolemy/domains/modal/test/auto/ResetTransitionWithStartTime.xml (RunModel)" time="0.03" />
  <testcase classname="ptolemy.util.test.junit.AutoTests" name="[108] /home/travis/build/icyphy/ptII/ptolemy/domains/modal/test/auto/SDF-FSMComposite.xml (RunModel)" time="0.024" />
  <testcase classname="ptolemy.util.test.junit.AutoTests" name="[109] /home/travis/build/icyphy/ptII/ptolemy/domains/modal/test/auto/SeeminglyNondeterminate.xml (RunModel)" time="0.07" />
  <testcase classname="ptolemy.util.test.junit.AutoTests" name="[110] /home/travis/build/icyphy/ptII/ptolemy/domains/modal/test/auto/SeeminglyNondeterminate2.xml (RunModel)" time="0.095" />
  <testcase classname="ptolemy.util.test.junit.AutoTests" name="[111] /home/travis/build/icyphy/ptII/ptolemy/domains/modal/test/auto/SpontaneousFSM.xml (RunModel)" time="0.043" />
  <testcase classname="ptolemy.util.test.junit.AutoTests" name="[112] /home/travis/build/icyphy/ptII/ptolemy/domains/modal/test/auto/SpontaneousFSM2.xml (RunModel)" time="0.032" />
  <testcase classname="ptolemy.util.test.junit.AutoTests" name="[113] /home/travis/build/icyphy/ptII/ptolemy/domains/modal/test/auto/SpontaneousFSM3.xml (RunModel)" time="0.038" />
  <testcase classname="ptolemy.util.test.junit.AutoTests" name="[114] /home/travis/build/icyphy/ptII/ptolemy/domains/modal/test/auto/SpontaneousFSM4.xml (RunModel)" time="0.061" />
  <testcase classname="ptolemy.util.test.junit.AutoTests" name="[115] /home/travis/build/icyphy/ptII/ptolemy/domains/modal/test/auto/StateTrackerTest.xml (RunModel)" time="0.049" />
  <testcase classname="ptolemy.util.test.junit.AutoTests" name="[116] /home/travis/build/icyphy/ptII/ptolemy/domains/modal/test/auto/StrongImmediateTransition.xml (RunModel)" time="0.026" />
  <testcase classname="ptolemy.util.test.junit.AutoTests" name="[117] /home/travis/build/icyphy/ptII/ptolemy/domains/modal/test/auto/SustainHierarchy.xml (RunModel)" time="0.027" />
  <testcase classname="ptolemy.util.test.junit.AutoTests" name="[118] /home/travis/build/icyphy/ptII/ptolemy/domains/modal/test/auto/TerminationTransition1.xml (RunModel)" time="0.018" />
  <testcase classname="ptolemy.util.test.junit.AutoTests" name="[119] /home/travis/build/icyphy/ptII/ptolemy/domains/modal/test/auto/TerminationTransition2.xml (RunModel)" time="0.025" />
  <testcase classname="ptolemy.util.test.junit.AutoTests" name="[120] /home/travis/build/icyphy/ptII/ptolemy/domains/modal/test/auto/TerminationTransition3.xml (RunModel)" time="0.021" />
  <testcase classname="ptolemy.util.test.junit.AutoTests" name="[121] /home/travis/build/icyphy/ptII/ptolemy/domains/modal/test/auto/TerminationTransition4.xml (RunModel)" time="0.034" />
  <testcase classname="ptolemy.util.test.junit.AutoTests" name="[122] /home/travis/build/icyphy/ptII/ptolemy/domains/modal/test/auto/TerminationTransition5.xml (RunModel)" time="0.031" />
  <testcase classname="ptolemy.util.test.junit.AutoTests" name="[123] /home/travis/build/icyphy/ptII/ptolemy/domains/modal/test/auto/TerminationTransition6.xml (RunModel)" time="0.021" />
  <testcase classname="ptolemy.util.test.junit.AutoTests" name="[124] /home/travis/build/icyphy/ptII/ptolemy/domains/modal/test/auto/TerminationTransition7.xml (RunModel)" time="0.021" />
  <testcase classname="ptolemy.util.test.junit.AutoTests" name="[125] /home/travis/build/icyphy/ptII/ptolemy/domains/modal/test/auto/TerminationTransition8.xml (RunModel)" time="0.028" />
  <testcase classname="ptolemy.util.test.junit.AutoTests" name="[126] /home/travis/build/icyphy/ptII/ptolemy/domains/modal/test/auto/Thermostat_NoHysteresis.xml (RunModel)" time="0.081" />
  <testcase classname="ptolemy.util.test.junit.AutoTests" name="[127] /home/travis/build/icyphy/ptII/ptolemy/domains/modal/test/auto/TimedFSM.xml (RunModel)" time="0.037" />
  <testcase classname="ptolemy.util.test.junit.AutoTests" name="[128] /home/travis/build/icyphy/ptII/ptolemy/domains/modal/test/auto/Timeout1.xml (RunModel)" time="0.015" />
  <testcase classname="ptolemy.util.test.junit.AutoTests" name="[129] /home/travis/build/icyphy/ptII/ptolemy/domains/modal/test/auto/Timeout2.xml (RunModel)" time="0.021" />
  <testcase classname="ptolemy.util.test.junit.AutoTests" name="[130] /home/travis/build/icyphy/ptII/ptolemy/domains/modal/test/auto/Timeout3.xml (RunModel)" time="0.034" />
  <testcase classname="ptolemy.util.test.junit.AutoTests" name="[131] /home/travis/build/icyphy/ptII/ptolemy/domains/modal/test/auto/Timeout4.xml (RunModel)" time="0.013" />
  <testcase classname="ptolemy.util.test.junit.AutoTests" name="[132] /home/travis/build/icyphy/ptII/ptolemy/domains/modal/test/auto/TransientstateModelAdvanced.xml (RunModel)" time="0.027" />
  <testcase classname="ptolemy.util.test.junit.AutoTests" name="[133] /home/travis/build/icyphy/ptII/ptolemy/domains/modal/test/auto/TransientstateModelAdvanced2.xml (RunModel)" time="0.031" />
  <testcase classname="ptolemy.util.test.junit.AutoTests" name="[134] /home/travis/build/icyphy/ptII/ptolemy/domains/modal/test/auto/TransitionRefinements.xml (RunModel)" time="0.026" />
  <testcase classname="ptolemy.util.test.junit.AutoTests" name="[135] /home/travis/build/icyphy/ptII/ptolemy/domains/modal/test/auto/TwoRefinements1.xml (RunModel)" time="0.025" />
  <testcase classname="ptolemy.util.test.junit.AutoTests" name="[136] /home/travis/build/icyphy/ptII/ptolemy/domains/modal/test/auto/TwoRefinements2.xml (RunModel)" time="0.024" />
  <testcase classname="ptolemy.util.test.junit.AutoTests" name="[137] /home/travis/build/icyphy/ptII/ptolemy/domains/modal/test/auto/WeakImmediateTransition.xml (RunModel)" time="0.027" />
  <testcase classname="ptolemy.util.test.junit.AutoTests" name="[138] /home/travis/build/icyphy/ptII/ptolemy/domains/modal/test/auto/booleanSelect.xml (RunModel)" time="0.081" />
  <testcase classname="ptolemy.util.test.junit.AutoTests" name="[139] /home/travis/build/icyphy/ptII/ptolemy/domains/modal/test/auto/modalChangingParams.xml (RunModel)" time="0.325" />
  <testcase classname="ptolemy.util.test.junit.AutoTests" name="[140] /home/travis/build/icyphy/ptII/ptolemy/domains/modal/test/auto/modalModel.xml (RunModel)" time="0.024" />
  <testcase classname="ptolemy.util.test.junit.AutoTests" name="[141] /home/travis/build/icyphy/ptII/ptolemy/domains/modal/test/auto/modalModel2.xml (RunModel)" time="0.03" />
  <testcase classname="ptolemy.util.test.junit.AutoTests" name="[142] /home/travis/build/icyphy/ptII/ptolemy/domains/modal/test/auto/modalModel3.xml (RunModel)" time="0.054" />
  <testcase classname="ptolemy.util.test.junit.AutoTests" name="[143] /home/travis/build/icyphy/ptII/ptolemy/domains/modal/test/auto/model1.xml (RunModel)" time="0.019" />
  <testcase classname="ptolemy.util.test.junit.AutoTests" name="[144] /home/travis/build/icyphy/ptII/ptolemy/domains/modal/test/auto/test-direct-in-out.xml (RunModel)" time="0.025" />
  <system-out><![CDATA[/home/travis/build/icyphy/ptII/ptolemy/domains/modal/test/SystemLevelType.tcl
testDefs.tcl: setting time out to 9000 seconds at Thu Jul 25 05:10:34 UTC 2019
07/25/19 05:10:36
Failed: 0  Total Tests: 1  ((Passed: 1, Newly Passed: 0)  Known Failed: 0) /home/travis/build/icyphy/ptII/ptolemy/domains/modal/test
----------------- testing (KnownFailure) /home/travis/build/icyphy/ptII/ptolemy/domains/modal/test/auto/knownFailedTests/CannotAnalysisWithPreemption.xml
148 ms. Memory: 120832K Free: 43939K (36%)
Known Failure: java.lang.reflect.InvocationTargetException
No auto/linux-amd64/*.xml tests in /home/travis/build/icyphy/ptII/ptolemy/domains/modal/test
AutoTests.java: About to close Vertx.
AutoTests.java: Vertx closed.

===========================================================================================
----------------- testing Thu Jul 25 05:10:36 UTC 2019 /home/travis/build/icyphy/ptII/ptolemy/domains/modal/test/auto/ABPTest.xml
----------------- Instantiating /home/travis/build/icyphy/ptII/ptolemy/domains/modal/test/auto/ABPTest.xml
270 ms. Memory: 162816K Free: 108120K (66%)
----------------- Invoking toplevel() on ptolemy.moml.MoMLSimpleApplication@30e7cfc0
----------------- Done invoking toplevel() on ptolemy.moml.MoMLSimpleApplication@30e7cfc0
reloadAllAccessors: .ABPTest

===========================================================================================
----------------- testing Thu Jul 25 05:10:37 UTC 2019 /home/travis/build/icyphy/ptII/ptolemy/domains/modal/test/auto/ABROFlat.xml
----------------- Instantiating /home/travis/build/icyphy/ptII/ptolemy/domains/modal/test/auto/ABROFlat.xml
33 ms. Memory: 162816K Free: 92924K (57%)
----------------- Invoking toplevel() on ptolemy.moml.MoMLSimpleApplication@40135cba
----------------- Done invoking toplevel() on ptolemy.moml.MoMLSimpleApplication@40135cba
reloadAllAccessors: .ABROFlat

===========================================================================================
----------------- testing Thu Jul 25 05:10:37 UTC 2019 /home/travis/build/icyphy/ptII/ptolemy/domains/modal/test/auto/ABROFlat2.xml
----------------- Instantiating /home/travis/build/icyphy/ptII/ptolemy/domains/modal/test/auto/ABROFlat2.xml
18 ms. Memory: 162816K Free: 76044K (47%)
----------------- Invoking toplevel() on ptolemy.moml.MoMLSimpleApplication@382de173
----------------- Done invoking toplevel() on ptolemy.moml.MoMLSimpleApplication@382de173
reloadAllAccessors: .ABROFlat2

===========================================================================================
----------------- testing Thu Jul 25 05:10:37 UTC 2019 /home/travis/build/icyphy/ptII/ptolemy/domains/modal/test/auto/ABRO_present_hmm.xml
----------------- Instantiating /home/travis/build/icyphy/ptII/ptolemy/domains/modal/test/auto/ABRO_present_hmm.xml
41 ms. Memory: 162816K Free: 128395K (79%)
----------------- Invoking toplevel() on ptolemy.moml.MoMLSimpleApplication@68b030dd
----------------- Done invoking toplevel() on ptolemy.moml.MoMLSimpleApplication@68b030dd
reloadAllAccessors: .ABRO_present_hmm

===========================================================================================
----------------- testing Thu Jul 25 05:10:37 UTC 2019 /home/travis/build/icyphy/ptII/ptolemy/domains/modal/test/auto/AMICoderExample.xml
----------------- Instantiating /home/travis/build/icyphy/ptII/ptolemy/domains/modal/test/auto/AMICoderExample.xml
46 ms. Memory: 162816K Free: 118665K (73%)
----------------- Invoking toplevel() on ptolemy.moml.MoMLSimpleApplication@525a5e80
----------------- Done invoking toplevel() on ptolemy.moml.MoMLSimpleApplication@525a5e80
reloadAllAccessors: .AMICoderExample

===========================================================================================
----------------- testing Thu Jul 25 05:10:37 UTC 2019 /home/travis/build/icyphy/ptII/ptolemy/domains/modal/test/auto/AbsentToPresent.xml
----------------- Instantiating /home/travis/build/icyphy/ptII/ptolemy/domains/modal/test/auto/AbsentToPresent.xml
6 ms. Memory: 162816K Free: 114059K (70%)
----------------- Invoking toplevel() on ptolemy.moml.MoMLSimpleApplication@1537f06e
----------------- Done invoking toplevel() on ptolemy.moml.MoMLSimpleApplication@1537f06e
reloadAllAccessors: .AbsentToPresent

===========================================================================================
----------------- testing Thu Jul 25 05:10:37 UTC 2019 /home/travis/build/icyphy/ptII/ptolemy/domains/modal/test/auto/Blending.xml
----------------- Instantiating /home/travis/build/icyphy/ptII/ptolemy/domains/modal/test/auto/Blending.xml
184 ms. Memory: 162816K Free: 69003K (42%)
----------------- Invoking toplevel() on ptolemy.moml.MoMLSimpleApplication@14dd55c7
----------------- Done invoking toplevel() on ptolemy.moml.MoMLSimpleApplication@14dd55c7
reloadAllAccessors: .Blending

===========================================================================================
----------------- testing Thu Jul 25 05:10:38 UTC 2019 /home/travis/build/icyphy/ptII/ptolemy/domains/modal/test/auto/Broadcast.xml
----------------- Instantiating /home/travis/build/icyphy/ptII/ptolemy/domains/modal/test/auto/Broadcast.xml
7 ms. Memory: 162816K Free: 58763K (36%)
----------------- Invoking toplevel() on ptolemy.moml.MoMLSimpleApplication@7ce6816c
----------------- Done invoking toplevel() on ptolemy.moml.MoMLSimpleApplication@7ce6816c
reloadAllAccessors: .Broadcast

===========================================================================================
----------------- testing Thu Jul 25 05:10:38 UTC 2019 /home/travis/build/icyphy/ptII/ptolemy/domains/modal/test/auto/BroadcastHierarchy.xml
----------------- Instantiating /home/travis/build/icyphy/ptII/ptolemy/domains/modal/test/auto/BroadcastHierarchy.xml
22 ms. Memory: 200704K Free: 174987K (87%)
----------------- Invoking toplevel() on ptolemy.moml.MoMLSimpleApplication@7c2cd8d4
----------------- Done invoking toplevel() on ptolemy.moml.MoMLSimpleApplication@7c2cd8d4
reloadAllAccessors: .BroadcastHierarchy

===========================================================================================
----------------- testing Thu Jul 25 05:10:38 UTC 2019 /home/travis/build/icyphy/ptII/ptolemy/domains/modal/test/auto/BroadcastHierarchy2.xml
----------------- Instantiating /home/travis/build/icyphy/ptII/ptolemy/domains/modal/test/auto/BroadcastHierarchy2.xml
31 ms. Memory: 200704K Free: 148363K (74%)
----------------- Invoking toplevel() on ptolemy.moml.MoMLSimpleApplication@52c5bc0c
----------------- Done invoking toplevel() on ptolemy.moml.MoMLSimpleApplication@52c5bc0c
reloadAllAccessors: .BroadcastHierarchy2

===========================================================================================
----------------- testing Thu Jul 25 05:10:38 UTC 2019 /home/travis/build/icyphy/ptII/ptolemy/domains/modal/test/auto/BroadcastHierarchy3.xml
----------------- Instantiating /home/travis/build/icyphy/ptII/ptolemy/domains/modal/test/auto/BroadcastHierarchy3.xml
17 ms. Memory: 200704K Free: 128393K (64%)
----------------- Invoking toplevel() on ptolemy.moml.MoMLSimpleApplication@79c40b4c
----------------- Done invoking toplevel() on ptolemy.moml.MoMLSimpleApplication@79c40b4c
reloadAllAccessors: .BroadcastHierarchy3

===========================================================================================
----------------- testing Thu Jul 25 05:10:38 UTC 2019 /home/travis/build/icyphy/ptII/ptolemy/domains/modal/test/auto/BroadcastHierarchy4.xml
----------------- Instantiating /home/travis/build/icyphy/ptII/ptolemy/domains/modal/test/auto/BroadcastHierarchy4.xml
17 ms. Memory: 200704K Free: 103817K (52%)
----------------- Invoking toplevel() on ptolemy.moml.MoMLSimpleApplication@e558b56
----------------- Done invoking toplevel() on ptolemy.moml.MoMLSimpleApplication@e558b56
reloadAllAccessors: .BroadcastHierarchy4

===========================================================================================
----------------- testing Thu Jul 25 05:10:38 UTC 2019 /home/travis/build/icyphy/ptII/ptolemy/domains/modal/test/auto/CannotAnalysisWithPreemption2.xml
----------------- Instantiating /home/travis/build/icyphy/ptII/ptolemy/domains/modal/test/auto/CannotAnalysisWithPreemption2.xml
4 ms. Memory: 200704K Free: 96635K (48%)
----------------- Invoking toplevel() on ptolemy.moml.MoMLSimpleApplication@52b0ebc1
----------------- Done invoking toplevel() on ptolemy.moml.MoMLSimpleApplication@52b0ebc1
reloadAllAccessors: .CannotAnalysisWithPreemption2

===========================================================================================
----------------- testing Thu Jul 25 05:10:38 UTC 2019 /home/travis/build/icyphy/ptII/ptolemy/domains/modal/test/auto/CannotAnalysisWithPreemption3.xml
----------------- Instantiating /home/travis/build/icyphy/ptII/ptolemy/domains/modal/test/auto/CannotAnalysisWithPreemption3.xml
6 ms. Memory: 200704K Free: 86379K (43%)
----------------- Invoking toplevel() on ptolemy.moml.MoMLSimpleApplication@52b77df
----------------- Done invoking toplevel() on ptolemy.moml.MoMLSimpleApplication@52b77df
reloadAllAccessors: .CannotAnalysisWithPreemption3

===========================================================================================
----------------- testing Thu Jul 25 05:10:38 UTC 2019 /home/travis/build/icyphy/ptII/ptolemy/domains/modal/test/auto/CannotProduce.xml
----------------- Instantiating /home/travis/build/icyphy/ptII/ptolemy/domains/modal/test/auto/CannotProduce.xml
15 ms. Memory: 200704K Free: 80265K (40%)
----------------- Invoking toplevel() on ptolemy.moml.MoMLSimpleApplication@2f2d9feb
----------------- Done invoking toplevel() on ptolemy.moml.MoMLSimpleApplication@2f2d9feb
reloadAllAccessors: .CannotProduce

===========================================================================================
----------------- testing Thu Jul 25 05:10:38 UTC 2019 /home/travis/build/icyphy/ptII/ptolemy/domains/modal/test/auto/CannotProduceModal.xml
----------------- Instantiating /home/travis/build/icyphy/ptII/ptolemy/domains/modal/test/auto/CannotProduceModal.xml
6 ms. Memory: 200704K Free: 178057K (89%)
----------------- Invoking toplevel() on ptolemy.moml.MoMLSimpleApplication@4aa2114b
----------------- Done invoking toplevel() on ptolemy.moml.MoMLSimpleApplication@4aa2114b
reloadAllAccessors: .CannotProduceModal

===========================================================================================
----------------- testing Thu Jul 25 05:10:38 UTC 2019 /home/travis/build/icyphy/ptII/ptolemy/domains/modal/test/auto/Case.xml
----------------- Instantiating /home/travis/build/icyphy/ptII/ptolemy/domains/modal/test/auto/Case.xml
21 ms. Memory: 200704K Free: 166793K (83%)
----------------- Invoking toplevel() on ptolemy.moml.MoMLSimpleApplication@6a11dcf
----------------- Done invoking toplevel() on ptolemy.moml.MoMLSimpleApplication@6a11dcf
reloadAllAccessors: .Case

===========================================================================================
----------------- testing Thu Jul 25 05:10:38 UTC 2019 /home/travis/build/icyphy/ptII/ptolemy/domains/modal/test/auto/Case1.xml
----------------- Instantiating /home/travis/build/icyphy/ptII/ptolemy/domains/modal/test/auto/Case1.xml
16 ms. Memory: 200704K Free: 159625K (80%)
----------------- Invoking toplevel() on ptolemy.moml.MoMLSimpleApplication@30507a06
----------------- Done invoking toplevel() on ptolemy.moml.MoMLSimpleApplication@30507a06
reloadAllAccessors: .Case1

===========================================================================================
----------------- testing Thu Jul 25 05:10:38 UTC 2019 /home/travis/build/icyphy/ptII/ptolemy/domains/modal/test/auto/Case2.xml
----------------- Instantiating /home/travis/build/icyphy/ptII/ptolemy/domains/modal/test/auto/Case2.xml
29 ms. Memory: 200704K Free: 148875K (74%)
----------------- Invoking toplevel() on ptolemy.moml.MoMLSimpleApplication@7ed4467f
----------------- Done invoking toplevel() on ptolemy.moml.MoMLSimpleApplication@7ed4467f
reloadAllAccessors: .Case2

===========================================================================================
----------------- testing Thu Jul 25 05:10:38 UTC 2019 /home/travis/build/icyphy/ptII/ptolemy/domains/modal/test/auto/CausalityInterface1.xml
----------------- Instantiating /home/travis/build/icyphy/ptII/ptolemy/domains/modal/test/auto/CausalityInterface1.xml
3 ms. Memory: 200704K Free: 143755K (72%)
----------------- Invoking toplevel() on ptolemy.moml.MoMLSimpleApplication@6ddd27d3
----------------- Done invoking toplevel() on ptolemy.moml.MoMLSimpleApplication@6ddd27d3
reloadAllAccessors: .CausalityInterface1

===========================================================================================
----------------- testing Thu Jul 25 05:10:39 UTC 2019 /home/travis/build/icyphy/ptII/ptolemy/domains/modal/test/auto/CausalityInterface10.xml
----------------- Instantiating /home/travis/build/icyphy/ptII/ptolemy/domains/modal/test/auto/CausalityInterface10.xml
6 ms. Memory: 200704K Free: 130443K (65%)
----------------- Invoking toplevel() on ptolemy.moml.MoMLSimpleApplication@cad289a
----------------- Done invoking toplevel() on ptolemy.moml.MoMLSimpleApplication@cad289a
reloadAllAccessors: .CausalityInterface10

===========================================================================================
----------------- testing Thu Jul 25 05:10:39 UTC 2019 /home/travis/build/icyphy/ptII/ptolemy/domains/modal/test/auto/CausalityInterface11.xml
----------------- Instantiating /home/travis/build/icyphy/ptII/ptolemy/domains/modal/test/auto/CausalityInterface11.xml
9 ms. Memory: 200704K Free: 117131K (58%)
----------------- Invoking toplevel() on ptolemy.moml.MoMLSimpleApplication@7e503b26
----------------- Done invoking toplevel() on ptolemy.moml.MoMLSimpleApplication@7e503b26
reloadAllAccessors: .CausalityInterface11

===========================================================================================
----------------- testing Thu Jul 25 05:10:39 UTC 2019 /home/travis/build/icyphy/ptII/ptolemy/domains/modal/test/auto/CausalityInterface12.xml
----------------- Instantiating /home/travis/build/icyphy/ptII/ptolemy/domains/modal/test/auto/CausalityInterface12.xml
9 ms. Memory: 200704K Free: 103819K (52%)
----------------- Invoking toplevel() on ptolemy.moml.MoMLSimpleApplication@61eaf4c6
----------------- Done invoking toplevel() on ptolemy.moml.MoMLSimpleApplication@61eaf4c6
reloadAllAccessors: .CausalityInterface12

===========================================================================================
----------------- testing Thu Jul 25 05:10:39 UTC 2019 /home/travis/build/icyphy/ptII/ptolemy/domains/modal/test/auto/CausalityInterface13.xml
----------------- Instantiating /home/travis/build/icyphy/ptII/ptolemy/domains/modal/test/auto/CausalityInterface13.xml
10 ms. Memory: 200704K Free: 89987K (45%)
----------------- Invoking toplevel() on ptolemy.moml.MoMLSimpleApplication@65fd9957
----------------- Done invoking toplevel() on ptolemy.moml.MoMLSimpleApplication@65fd9957
reloadAllAccessors: .CausalityInterface13

===========================================================================================
----------------- testing Thu Jul 25 05:10:39 UTC 2019 /home/travis/build/icyphy/ptII/ptolemy/domains/modal/test/auto/CausalityInterface14.xml
----------------- Instantiating /home/travis/build/icyphy/ptII/ptolemy/domains/modal/test/auto/CausalityInterface14.xml
10 ms. Memory: 200704K Free: 76171K (38%)
----------------- Invoking toplevel() on ptolemy.moml.MoMLSimpleApplication@73d2f3cf
----------------- Done invoking toplevel() on ptolemy.moml.MoMLSimpleApplication@73d2f3cf
reloadAllAccessors: .CausalityInterface14

===========================================================================================
----------------- testing Thu Jul 25 05:10:39 UTC 2019 /home/travis/build/icyphy/ptII/ptolemy/domains/modal/test/auto/CausalityInterface2.xml
----------------- Instantiating /home/travis/build/icyphy/ptII/ptolemy/domains/modal/test/auto/CausalityInterface2.xml
7 ms. Memory: 200704K Free: 69483K (35%)
----------------- Invoking toplevel() on ptolemy.moml.MoMLSimpleApplication@76db2e26
----------------- Done invoking toplevel() on ptolemy.moml.MoMLSimpleApplication@76db2e26
reloadAllAccessors: .CausalityInterface2

===========================================================================================
----------------- testing Thu Jul 25 05:10:39 UTC 2019 /home/travis/build/icyphy/ptII/ptolemy/domains/modal/test/auto/CausalityInterface3.xml
----------------- Instantiating /home/travis/build/icyphy/ptII/ptolemy/domains/modal/test/auto/CausalityInterface3.xml
3 ms. Memory: 200704K Free: 178043K (89%)
----------------- Invoking toplevel() on ptolemy.moml.MoMLSimpleApplication@2b5a99e7
----------------- Done invoking toplevel() on ptolemy.moml.MoMLSimpleApplication@2b5a99e7
reloadAllAccessors: .CausalityInterface3

===========================================================================================
----------------- testing Thu Jul 25 05:10:39 UTC 2019 /home/travis/build/icyphy/ptII/ptolemy/domains/modal/test/auto/CausalityInterface4.xml
----------------- Instantiating /home/travis/build/icyphy/ptII/ptolemy/domains/modal/test/auto/CausalityInterface4.xml
3 ms. Memory: 200704K Free: 171403K (85%)
----------------- Invoking toplevel() on ptolemy.moml.MoMLSimpleApplication@64fd1f55
----------------- Done invoking toplevel() on ptolemy.moml.MoMLSimpleApplication@64fd1f55
reloadAllAccessors: .CausalityInterface4

===========================================================================================
----------------- testing Thu Jul 25 05:10:39 UTC 2019 /home/travis/build/icyphy/ptII/ptolemy/domains/modal/test/auto/CausalityInterface5.xml
----------------- Instantiating /home/travis/build/icyphy/ptII/ptolemy/domains/modal/test/auto/CausalityInterface5.xml
5 ms. Memory: 200704K Free: 162683K (81%)
----------------- Invoking toplevel() on ptolemy.moml.MoMLSimpleApplication@66b08d9e
----------------- Done invoking toplevel() on ptolemy.moml.MoMLSimpleApplication@66b08d9e
reloadAllAccessors: .CausalityInterface5

===========================================================================================
----------------- testing Thu Jul 25 05:10:39 UTC 2019 /home/travis/build/icyphy/ptII/ptolemy/domains/modal/test/auto/CausalityInterface6.xml
----------------- Instantiating /home/travis/build/icyphy/ptII/ptolemy/domains/modal/test/auto/CausalityInterface6.xml
5 ms. Memory: 200704K Free: 154505K (77%)
----------------- Invoking toplevel() on ptolemy.moml.MoMLSimpleApplication@19e5481
----------------- Done invoking toplevel() on ptolemy.moml.MoMLSimpleApplication@19e5481
reloadAllAccessors: .CausalityInterface6

===========================================================================================
----------------- testing Thu Jul 25 05:10:39 UTC 2019 /home/travis/build/icyphy/ptII/ptolemy/domains/modal/test/auto/CausalityInterface7.xml
----------------- Instantiating /home/travis/build/icyphy/ptII/ptolemy/domains/modal/test/auto/CausalityInterface7.xml
6 ms. Memory: 200704K Free: 146299K (73%)
----------------- Invoking toplevel() on ptolemy.moml.MoMLSimpleApplication@6c6118d0
----------------- Done invoking toplevel() on ptolemy.moml.MoMLSimpleApplication@6c6118d0
reloadAllAccessors: .CausalityInterface7

===========================================================================================
----------------- testing Thu Jul 25 05:10:39 UTC 2019 /home/travis/build/icyphy/ptII/ptolemy/domains/modal/test/auto/CausalityInterface8.xml
----------------- Instantiating /home/travis/build/icyphy/ptII/ptolemy/domains/modal/test/auto/CausalityInterface8.xml
12 ms. Memory: 200704K Free: 137611K (69%)
----------------- Invoking toplevel() on ptolemy.moml.MoMLSimpleApplication@2ae85db7
----------------- Done invoking toplevel() on ptolemy.moml.MoMLSimpleApplication@2ae85db7
reloadAllAccessors: .CausalityInterface8

===========================================================================================
----------------- testing Thu Jul 25 05:10:39 UTC 2019 /home/travis/build/icyphy/ptII/ptolemy/domains/modal/test/auto/CausalityInterface9.xml
----------------- Instantiating /home/travis/build/icyphy/ptII/ptolemy/domains/modal/test/auto/CausalityInterface9.xml
7 ms. Memory: 200704K Free: 128395K (64%)
----------------- Invoking toplevel() on ptolemy.moml.MoMLSimpleApplication@760e5672
----------------- Done invoking toplevel() on ptolemy.moml.MoMLSimpleApplication@760e5672
reloadAllAccessors: .CausalityInterface9

===========================================================================================
----------------- testing Thu Jul 25 05:10:39 UTC 2019 /home/travis/build/icyphy/ptII/ptolemy/domains/modal/test/auto/ChainedTransitions.xml
----------------- Instantiating /home/travis/build/icyphy/ptII/ptolemy/domains/modal/test/auto/ChainedTransitions.xml
67 ms. Memory: 200704K Free: 103819K (52%)
----------------- Invoking toplevel() on ptolemy.moml.MoMLSimpleApplication@451e67aa
----------------- Done invoking toplevel() on ptolemy.moml.MoMLSimpleApplication@451e67aa
reloadAllAccessors: .ChainedTransitions

===========================================================================================
----------------- testing Thu Jul 25 05:10:39 UTC 2019 /home/travis/build/icyphy/ptII/ptolemy/domains/modal/test/auto/CycleOfImmediateTransitionsFSM.xml
----------------- Instantiating /home/travis/build/icyphy/ptII/ptolemy/domains/modal/test/auto/CycleOfImmediateTransitionsFSM.xml
3 ms. Memory: 200704K Free: 98185K (49%)
----------------- Invoking toplevel() on ptolemy.moml.MoMLSimpleApplication@632b4e81
----------------- Done invoking toplevel() on ptolemy.moml.MoMLSimpleApplication@632b4e81
reloadAllAccessors: .CycleOfImmediateTransitionsFSM

===========================================================================================
----------------- testing Thu Jul 25 05:10:39 UTC 2019 /home/travis/build/icyphy/ptII/ptolemy/domains/modal/test/auto/CycleOfImmediateTransitionsModal.xml
----------------- Instantiating /home/travis/build/icyphy/ptII/ptolemy/domains/modal/test/auto/CycleOfImmediateTransitionsModal.xml
4 ms. Memory: 200704K Free: 92041K (46%)
----------------- Invoking toplevel() on ptolemy.moml.MoMLSimpleApplication@4c95ab19
----------------- Done invoking toplevel() on ptolemy.moml.MoMLSimpleApplication@4c95ab19
reloadAllAccessors: .CycleOfImmediateTransitionsModal

===========================================================================================
----------------- testing Thu Jul 25 05:10:39 UTC 2019 /home/travis/build/icyphy/ptII/ptolemy/domains/modal/test/auto/CycleOfImmediateTransitionsModal2.xml
----------------- Instantiating /home/travis/build/icyphy/ptII/ptolemy/domains/modal/test/auto/CycleOfImmediateTransitionsModal2.xml
5 ms. Memory: 200704K Free: 85387K (43%)
----------------- Invoking toplevel() on ptolemy.moml.MoMLSimpleApplication@1d7bb10c
----------------- Done invoking toplevel() on ptolemy.moml.MoMLSimpleApplication@1d7bb10c
reloadAllAccessors: .CycleOfImmediateTransitionsModal2

===========================================================================================
----------------- testing Thu Jul 25 05:10:39 UTC 2019 /home/travis/build/icyphy/ptII/ptolemy/domains/modal/test/auto/CycleOfImmediateTransitionsModal3.xml
----------------- Instantiating /home/travis/build/icyphy/ptII/ptolemy/domains/modal/test/auto/CycleOfImmediateTransitionsModal3.xml
6 ms. Memory: 200704K Free: 177070K (88%)
----------------- Invoking toplevel() on ptolemy.moml.MoMLSimpleApplication@bc1874e
----------------- Done invoking toplevel() on ptolemy.moml.MoMLSimpleApplication@bc1874e
reloadAllAccessors: .CycleOfImmediateTransitionsModal3

===========================================================================================
----------------- testing Thu Jul 25 05:10:39 UTC 2019 /home/travis/build/icyphy/ptII/ptolemy/domains/modal/test/auto/DeepModal1.xml
----------------- Instantiating /home/travis/build/icyphy/ptII/ptolemy/domains/modal/test/auto/DeepModal1.xml
27 ms. Memory: 200704K Free: 163214K (81%)
----------------- Invoking toplevel() on ptolemy.moml.MoMLSimpleApplication@47fd2711
----------------- Done invoking toplevel() on ptolemy.moml.MoMLSimpleApplication@47fd2711
reloadAllAccessors: .DeepModal1

===========================================================================================
----------------- testing Thu Jul 25 05:10:40 UTC 2019 /home/travis/build/icyphy/ptII/ptolemy/domains/modal/test/auto/DeepModal2.xml
----------------- Instantiating /home/travis/build/icyphy/ptII/ptolemy/domains/modal/test/auto/DeepModal2.xml
23 ms. Memory: 200704K Free: 144302K (72%)
----------------- Invoking toplevel() on ptolemy.moml.MoMLSimpleApplication@160a7ba6
----------------- Done invoking toplevel() on ptolemy.moml.MoMLSimpleApplication@160a7ba6
reloadAllAccessors: .DeepModal2

===========================================================================================
----------------- testing Thu Jul 25 05:10:40 UTC 2019 /home/travis/build/icyphy/ptII/ptolemy/domains/modal/test/auto/DeepModal3.xml
----------------- Instantiating /home/travis/build/icyphy/ptII/ptolemy/domains/modal/test/auto/DeepModal3.xml
17 ms. Memory: 200704K Free: 124846K (62%)
----------------- Invoking toplevel() on ptolemy.moml.MoMLSimpleApplication@270ae392
----------------- Done invoking toplevel() on ptolemy.moml.MoMLSimpleApplication@270ae392
reloadAllAccessors: .DeepModal3

===========================================================================================
----------------- testing Thu Jul 25 05:10:40 UTC 2019 /home/travis/build/icyphy/ptII/ptolemy/domains/modal/test/auto/DeepModal4.xml
----------------- Instantiating /home/travis/build/icyphy/ptII/ptolemy/domains/modal/test/auto/DeepModal4.xml
30 ms. Memory: 200704K Free: 105390K (53%)
----------------- Invoking toplevel() on ptolemy.moml.MoMLSimpleApplication@722b0dfa
----------------- Done invoking toplevel() on ptolemy.moml.MoMLSimpleApplication@722b0dfa
reloadAllAccessors: .DeepModal4

===========================================================================================
----------------- testing Thu Jul 25 05:10:40 UTC 2019 /home/travis/build/icyphy/ptII/ptolemy/domains/modal/test/auto/Default1.xml
----------------- Instantiating /home/travis/build/icyphy/ptII/ptolemy/domains/modal/test/auto/Default1.xml
2 ms. Memory: 200704K Free: 99246K (49%)
----------------- Invoking toplevel() on ptolemy.moml.MoMLSimpleApplication@1a1ad244
----------------- Done invoking toplevel() on ptolemy.moml.MoMLSimpleApplication@1a1ad244
reloadAllAccessors: .Default1

===========================================================================================
----------------- testing Thu Jul 25 05:10:40 UTC 2019 /home/travis/build/icyphy/ptII/ptolemy/domains/modal/test/auto/Default2.xml
----------------- Instantiating /home/travis/build/icyphy/ptII/ptolemy/domains/modal/test/auto/Default2.xml
15 ms. Memory: 200704K Free: 93612K (47%)
----------------- Invoking toplevel() on ptolemy.moml.MoMLSimpleApplication@1c54ed0b
----------------- Done invoking toplevel() on ptolemy.moml.MoMLSimpleApplication@1c54ed0b
reloadAllAccessors: .Default2

===========================================================================================
----------------- testing Thu Jul 25 05:10:40 UTC 2019 /home/travis/build/icyphy/ptII/ptolemy/domains/modal/test/auto/Default3.xml
----------------- Instantiating /home/travis/build/icyphy/ptII/ptolemy/domains/modal/test/auto/Default3.xml
3 ms. Memory: 200704K Free: 87468K (44%)
----------------- Invoking toplevel() on ptolemy.moml.MoMLSimpleApplication@80557c8
----------------- Done invoking toplevel() on ptolemy.moml.MoMLSimpleApplication@80557c8
reloadAllAccessors: .Default3

===========================================================================================
----------------- testing Thu Jul 25 05:10:40 UTC 2019 /home/travis/build/icyphy/ptII/ptolemy/domains/modal/test/auto/Default4.xml
----------------- Instantiating /home/travis/build/icyphy/ptII/ptolemy/domains/modal/test/auto/Default4.xml
3 ms. Memory: 200704K Free: 81324K (41%)
----------------- Invoking toplevel() on ptolemy.moml.MoMLSimpleApplication@76d3606a
----------------- Done invoking toplevel() on ptolemy.moml.MoMLSimpleApplication@76d3606a
reloadAllAccessors: .Default4

===========================================================================================
----------------- testing Thu Jul 25 05:10:40 UTC 2019 /home/travis/build/icyphy/ptII/ptolemy/domains/modal/test/auto/Default5.xml
----------------- Instantiating /home/travis/build/icyphy/ptII/ptolemy/domains/modal/test/auto/Default5.xml
3 ms. Memory: 200704K Free: 73126K (36%)
----------------- Invoking toplevel() on ptolemy.moml.MoMLSimpleApplication@7e8f7f55
----------------- Done invoking toplevel() on ptolemy.moml.MoMLSimpleApplication@7e8f7f55
reloadAllAccessors: .Default5

===========================================================================================
----------------- testing Thu Jul 25 05:10:40 UTC 2019 /home/travis/build/icyphy/ptII/ptolemy/domains/modal/test/auto/EmptyGuard.xml
----------------- Instantiating /home/travis/build/icyphy/ptII/ptolemy/domains/modal/test/auto/EmptyGuard.xml
19 ms. Memory: 241664K Free: 220565K (91%)
----------------- Invoking toplevel() on ptolemy.moml.MoMLSimpleApplication@212d23b1
----------------- Done invoking toplevel() on ptolemy.moml.MoMLSimpleApplication@212d23b1
reloadAllAccessors: .EmptyGuard

===========================================================================================
----------------- testing Thu Jul 25 05:10:40 UTC 2019 /home/travis/build/icyphy/ptII/ptolemy/domains/modal/test/auto/ErrorTransition1.xml
----------------- Instantiating /home/travis/build/icyphy/ptII/ptolemy/domains/modal/test/auto/ErrorTransition1.xml
7 ms. Memory: 241664K Free: 210835K (87%)
----------------- Invoking toplevel() on ptolemy.moml.MoMLSimpleApplication@436d3e1e
----------------- Done invoking toplevel() on ptolemy.moml.MoMLSimpleApplication@436d3e1e
reloadAllAccessors: .ErrorTransition1

===========================================================================================
----------------- testing Thu Jul 25 05:10:40 UTC 2019 /home/travis/build/icyphy/ptII/ptolemy/domains/modal/test/auto/ErrorTransition10.xml
----------------- Instantiating /home/travis/build/icyphy/ptII/ptolemy/domains/modal/test/auto/ErrorTransition10.xml
17 ms. Memory: 241664K Free: 197013K (82%)
----------------- Invoking toplevel() on ptolemy.moml.MoMLSimpleApplication@23b70490
----------------- Done invoking toplevel() on ptolemy.moml.MoMLSimpleApplication@23b70490
reloadAllAccessors: .ErrorTransition10

===========================================================================================
----------------- testing Thu Jul 25 05:10:40 UTC 2019 /home/travis/build/icyphy/ptII/ptolemy/domains/modal/test/auto/ErrorTransition11.xml
----------------- Instantiating /home/travis/build/icyphy/ptII/ptolemy/domains/modal/test/auto/ErrorTransition11.xml
5 ms. Memory: 241664K Free: 185749K (77%)
----------------- Invoking toplevel() on ptolemy.moml.MoMLSimpleApplication@3c663386
----------------- Done invoking toplevel() on ptolemy.moml.MoMLSimpleApplication@3c663386
reloadAllAccessors: .ErrorTransition11

===========================================================================================
----------------- testing Thu Jul 25 05:10:40 UTC 2019 /home/travis/build/icyphy/ptII/ptolemy/domains/modal/test/auto/ErrorTransition2.xml
----------------- Instantiating /home/travis/build/icyphy/ptII/ptolemy/domains/modal/test/auto/ErrorTransition2.xml
7 ms. Memory: 241664K Free: 177043K (73%)
----------------- Invoking toplevel() on ptolemy.moml.MoMLSimpleApplication@707f0281
----------------- Done invoking toplevel() on ptolemy.moml.MoMLSimpleApplication@707f0281
reloadAllAccessors: .ErrorTransition2

===========================================================================================
----------------- testing Thu Jul 25 05:10:40 UTC 2019 /home/travis/build/icyphy/ptII/ptolemy/domains/modal/test/auto/ErrorTransition3.xml
----------------- Instantiating /home/travis/build/icyphy/ptII/ptolemy/domains/modal/test/auto/ErrorTransition3.xml
17 ms. Memory: 241664K Free: 167317K (69%)
----------------- Invoking toplevel() on ptolemy.moml.MoMLSimpleApplication@71a10715
----------------- Done invoking toplevel() on ptolemy.moml.MoMLSimpleApplication@71a10715
reloadAllAccessors: .ErrorTransition3

===========================================================================================
----------------- testing Thu Jul 25 05:10:40 UTC 2019 /home/travis/build/icyphy/ptII/ptolemy/domains/modal/test/auto/ErrorTransition4.xml
----------------- Instantiating /home/travis/build/icyphy/ptII/ptolemy/domains/modal/test/auto/ErrorTransition4.xml
15 ms. Memory: 241664K Free: 156053K (65%)
----------------- Invoking toplevel() on ptolemy.moml.MoMLSimpleApplication@18039c1c
----------------- Done invoking toplevel() on ptolemy.moml.MoMLSimpleApplication@18039c1c
reloadAllAccessors: .ErrorTransition4

===========================================================================================
----------------- testing Thu Jul 25 05:10:40 UTC 2019 /home/travis/build/icyphy/ptII/ptolemy/domains/modal/test/auto/ErrorTransition5.xml
----------------- Instantiating /home/travis/build/icyphy/ptII/ptolemy/domains/modal/test/auto/ErrorTransition5.xml
6 ms. Memory: 241664K Free: 145813K (60%)
----------------- Invoking toplevel() on ptolemy.moml.MoMLSimpleApplication@6b182b58
----------------- Done invoking toplevel() on ptolemy.moml.MoMLSimpleApplication@6b182b58
reloadAllAccessors: .ErrorTransition5

===========================================================================================
----------------- testing Thu Jul 25 05:10:40 UTC 2019 /home/travis/build/icyphy/ptII/ptolemy/domains/modal/test/auto/ErrorTransition6.xml
----------------- Instantiating /home/travis/build/icyphy/ptII/ptolemy/domains/modal/test/auto/ErrorTransition6.xml
7 ms. Memory: 241664K Free: 135059K (56%)
----------------- Invoking toplevel() on ptolemy.moml.MoMLSimpleApplication@2efb9a98
----------------- Done invoking toplevel() on ptolemy.moml.MoMLSimpleApplication@2efb9a98
reloadAllAccessors: .ErrorTransition6

===========================================================================================
----------------- testing Thu Jul 25 05:10:40 UTC 2019 /home/travis/build/icyphy/ptII/ptolemy/domains/modal/test/auto/ErrorTransition7.xml
----------------- Instantiating /home/travis/build/icyphy/ptII/ptolemy/domains/modal/test/auto/ErrorTransition7.xml
21 ms. Memory: 241664K Free: 122261K (51%)
----------------- Invoking toplevel() on ptolemy.moml.MoMLSimpleApplication@36274a61
----------------- Done invoking toplevel() on ptolemy.moml.MoMLSimpleApplication@36274a61
reloadAllAccessors: .ErrorTransition7

===========================================================================================
----------------- testing Thu Jul 25 05:10:40 UTC 2019 /home/travis/build/icyphy/ptII/ptolemy/domains/modal/test/auto/ErrorTransition8.xml
----------------- Instantiating /home/travis/build/icyphy/ptII/ptolemy/domains/modal/test/auto/ErrorTransition8.xml
30 ms. Memory: 241664K Free: 108949K (45%)
----------------- Invoking toplevel() on ptolemy.moml.MoMLSimpleApplication@11af94ea
----------------- Done invoking toplevel() on ptolemy.moml.MoMLSimpleApplication@11af94ea
reloadAllAccessors: .ErrorTransition8

===========================================================================================
----------------- testing Thu Jul 25 05:10:40 UTC 2019 /home/travis/build/icyphy/ptII/ptolemy/domains/modal/test/auto/ErrorTransition9.xml
----------------- Instantiating /home/travis/build/icyphy/ptII/ptolemy/domains/modal/test/auto/ErrorTransition9.xml
14 ms. Memory: 241664K Free: 95637K (40%)
----------------- Invoking toplevel() on ptolemy.moml.MoMLSimpleApplication@536dc599
----------------- Done invoking toplevel() on ptolemy.moml.MoMLSimpleApplication@536dc599
reloadAllAccessors: .ErrorTransition9

===========================================================================================
----------------- testing Thu Jul 25 05:10:40 UTC 2019 /home/travis/build/icyphy/ptII/ptolemy/domains/modal/test/auto/ExtendedFSM.xml
----------------- Instantiating /home/travis/build/icyphy/ptII/ptolemy/domains/modal/test/auto/ExtendedFSM.xml
8 ms. Memory: 241664K Free: 86917K (36%)
----------------- Invoking toplevel() on ptolemy.moml.MoMLSimpleApplication@725e6c8f
----------------- Done invoking toplevel() on ptolemy.moml.MoMLSimpleApplication@725e6c8f
reloadAllAccessors: .ExtendedFSM

===========================================================================================
----------------- testing Thu Jul 25 05:10:40 UTC 2019 /home/travis/build/icyphy/ptII/ptolemy/domains/modal/test/auto/FinalStates.xml
----------------- Instantiating /home/travis/build/icyphy/ptII/ptolemy/domains/modal/test/auto/FinalStates.xml
7 ms. Memory: 241664K Free: 218011K (90%)
----------------- Invoking toplevel() on ptolemy.moml.MoMLSimpleApplication@3cd93aaf
----------------- Done invoking toplevel() on ptolemy.moml.MoMLSimpleApplication@3cd93aaf
reloadAllAccessors: .FinalStates

===========================================================================================
----------------- testing Thu Jul 25 05:10:40 UTC 2019 /home/travis/build/icyphy/ptII/ptolemy/domains/modal/test/auto/FixedPointFSM.xml
----------------- Instantiating /home/travis/build/icyphy/ptII/ptolemy/domains/modal/test/auto/FixedPointFSM.xml
30 ms. Memory: 241664K Free: 202651K (84%)
----------------- Invoking toplevel() on ptolemy.moml.MoMLSimpleApplication@72bfae3e
----------------- Done invoking toplevel() on ptolemy.moml.MoMLSimpleApplication@72bfae3e
reloadAllAccessors: .FixedPointFSM

===========================================================================================
----------------- testing Thu Jul 25 05:10:40 UTC 2019 /home/travis/build/icyphy/ptII/ptolemy/domains/modal/test/auto/FixedPointIterationFSMActor.xml
----------------- Instantiating /home/travis/build/icyphy/ptII/ptolemy/domains/modal/test/auto/FixedPointIterationFSMActor.xml
10 ms. Memory: 241664K Free: 191891K (79%)
----------------- Invoking toplevel() on ptolemy.moml.MoMLSimpleApplication@80df359
----------------- Done invoking toplevel() on ptolemy.moml.MoMLSimpleApplication@80df359
reloadAllAccessors: .FixedPointIterationFSMActor

===========================================================================================
----------------- testing Thu Jul 25 05:10:41 UTC 2019 /home/travis/build/icyphy/ptII/ptolemy/domains/modal/test/auto/FixedPointIterationFSMActor2.xml
----------------- Instantiating /home/travis/build/icyphy/ptII/ptolemy/domains/modal/test/auto/FixedPointIterationFSMActor2.xml
13 ms. Memory: 241664K Free: 180123K (75%)
----------------- Invoking toplevel() on ptolemy.moml.MoMLSimpleApplication@740a93f1
----------------- Done invoking toplevel() on ptolemy.moml.MoMLSimpleApplication@740a93f1
reloadAllAccessors: .FixedPointIterationFSMActor2

===========================================================================================
----------------- testing Thu Jul 25 05:10:41 UTC 2019 /home/travis/build/icyphy/ptII/ptolemy/domains/modal/test/auto/ForbiddenInstantanousLoop.xml
----------------- Instantiating /home/travis/build/icyphy/ptII/ptolemy/domains/modal/test/auto/ForbiddenInstantanousLoop.xml
11 ms. Memory: 241664K Free: 167835K (69%)
----------------- Invoking toplevel() on ptolemy.moml.MoMLSimpleApplication@7f785a08
----------------- Done invoking toplevel() on ptolemy.moml.MoMLSimpleApplication@7f785a08
reloadAllAccessors: .ForbiddenInstantanousLoop

===========================================================================================
----------------- testing Thu Jul 25 05:10:41 UTC 2019 /home/travis/build/icyphy/ptII/ptolemy/domains/modal/test/auto/FunctionDependencyOfFSMActorTest.xml
----------------- Instantiating /home/travis/build/icyphy/ptII/ptolemy/domains/modal/test/auto/FunctionDependencyOfFSMActorTest.xml
13 ms. Memory: 241664K Free: 161163K (67%)
----------------- Invoking toplevel() on ptolemy.moml.MoMLSimpleApplication@7e2ffa00
----------------- Done invoking toplevel() on ptolemy.moml.MoMLSimpleApplication@7e2ffa00
reloadAllAccessors: .FunctionDependencyOfFSMActorTest

===========================================================================================
----------------- testing Thu Jul 25 05:10:41 UTC 2019 /home/travis/build/icyphy/ptII/ptolemy/domains/modal/test/auto/GuardExpression.xml
----------------- Instantiating /home/travis/build/icyphy/ptII/ptolemy/domains/modal/test/auto/GuardExpression.xml
2 ms. Memory: 241664K Free: 156057K (65%)
----------------- Invoking toplevel() on ptolemy.moml.MoMLSimpleApplication@661d2d62
----------------- Done invoking toplevel() on ptolemy.moml.MoMLSimpleApplication@661d2d62
reloadAllAccessors: .GuardExpression

===========================================================================================
----------------- testing Thu Jul 25 05:10:41 UTC 2019 /home/travis/build/icyphy/ptII/ptolemy/domains/modal/test/auto/GuardNotEvaluated.xml
----------------- Instantiating /home/travis/build/icyphy/ptII/ptolemy/domains/modal/test/auto/GuardNotEvaluated.xml
6 ms. Memory: 241664K Free: 146841K (61%)
----------------- Invoking toplevel() on ptolemy.moml.MoMLSimpleApplication@4d7d00d3
----------------- Done invoking toplevel() on ptolemy.moml.MoMLSimpleApplication@4d7d00d3
reloadAllAccessors: .GuardNotEvaluated

===========================================================================================
----------------- testing Thu Jul 25 05:10:41 UTC 2019 /home/travis/build/icyphy/ptII/ptolemy/domains/modal/test/auto/GuardNotEvaluated2.xml
----------------- Instantiating /home/travis/build/icyphy/ptII/ptolemy/domains/modal/test/auto/GuardNotEvaluated2.xml
8 ms. Memory: 241664K Free: 137115K (57%)
----------------- Invoking toplevel() on ptolemy.moml.MoMLSimpleApplication@6f90e25a
----------------- Done invoking toplevel() on ptolemy.moml.MoMLSimpleApplication@6f90e25a
reloadAllAccessors: .GuardNotEvaluated2

===========================================================================================
----------------- testing Thu Jul 25 05:10:41 UTC 2019 /home/travis/build/icyphy/ptII/ptolemy/domains/modal/test/auto/GuardOnAbsent.xml
----------------- Instantiating /home/travis/build/icyphy/ptII/ptolemy/domains/modal/test/auto/GuardOnAbsent.xml
9 ms. Memory: 241664K Free: 129403K (54%)
----------------- Invoking toplevel() on ptolemy.moml.MoMLSimpleApplication@3c71efef
----------------- Done invoking toplevel() on ptolemy.moml.MoMLSimpleApplication@3c71efef
reloadAllAccessors: .GuardOnAbsent

===========================================================================================
----------------- testing Thu Jul 25 05:10:41 UTC 2019 /home/travis/build/icyphy/ptII/ptolemy/domains/modal/test/auto/HierarchicalFSMTypeInference.xml
----------------- Instantiating /home/travis/build/icyphy/ptII/ptolemy/domains/modal/test/auto/HierarchicalFSMTypeInference.xml
7 ms. Memory: 241664K Free: 119193K (49%)
----------------- Invoking toplevel() on ptolemy.moml.MoMLSimpleApplication@325bdee0
----------------- Done invoking toplevel() on ptolemy.moml.MoMLSimpleApplication@325bdee0
reloadAllAccessors: .HierarchicalFSMTypeInference

===========================================================================================
----------------- testing Thu Jul 25 05:10:41 UTC 2019 /home/travis/build/icyphy/ptII/ptolemy/domains/modal/test/auto/Hysteresis.xml
----------------- Instantiating /home/travis/build/icyphy/ptII/ptolemy/domains/modal/test/auto/Hysteresis.xml
15 ms. Memory: 241664K Free: 105867K (44%)
----------------- Invoking toplevel() on ptolemy.moml.MoMLSimpleApplication@59339967
----------------- Done invoking toplevel() on ptolemy.moml.MoMLSimpleApplication@59339967
reloadAllAccessors: .Hysteresis

===========================================================================================
----------------- testing Thu Jul 25 05:10:41 UTC 2019 /home/travis/build/icyphy/ptII/ptolemy/domains/modal/test/auto/HysteresisWithDefault.xml
----------------- Instantiating /home/travis/build/icyphy/ptII/ptolemy/domains/modal/test/auto/HysteresisWithDefault.xml
63 ms. Memory: 241664K Free: 220555K (91%)
----------------- Invoking toplevel() on ptolemy.moml.MoMLSimpleApplication@1dde3c2a
----------------- Done invoking toplevel() on ptolemy.moml.MoMLSimpleApplication@1dde3c2a
reloadAllAccessors: .HysteresisWithDefault

===========================================================================================
----------------- testing Thu Jul 25 05:10:41 UTC 2019 /home/travis/build/icyphy/ptII/ptolemy/domains/modal/test/auto/HysteresisWithDefault2.xml
----------------- Instantiating /home/travis/build/icyphy/ptII/ptolemy/domains/modal/test/auto/HysteresisWithDefault2.xml
44 ms. Memory: 241664K Free: 190857K (79%)
----------------- Invoking toplevel() on ptolemy.moml.MoMLSimpleApplication@6084912e
----------------- Done invoking toplevel() on ptolemy.moml.MoMLSimpleApplication@6084912e
reloadAllAccessors: .HysteresisWithDefault2

===========================================================================================
----------------- testing Thu Jul 25 05:10:41 UTC 2019 /home/travis/build/icyphy/ptII/ptolemy/domains/modal/test/auto/ImmediateNonConstructiveness.xml
----------------- Instantiating /home/travis/build/icyphy/ptII/ptolemy/domains/modal/test/auto/ImmediateNonConstructiveness.xml
3 ms. Memory: 241664K Free: 183691K (76%)
----------------- Invoking toplevel() on ptolemy.moml.MoMLSimpleApplication@eaae9ee
----------------- Done invoking toplevel() on ptolemy.moml.MoMLSimpleApplication@eaae9ee
reloadAllAccessors: .ImmediateNonConstructiveness

===========================================================================================
----------------- testing Thu Jul 25 05:10:41 UTC 2019 /home/travis/build/icyphy/ptII/ptolemy/domains/modal/test/auto/ImmediateNonConstructiveness2.xml
----------------- Instantiating /home/travis/build/icyphy/ptII/ptolemy/domains/modal/test/auto/ImmediateNonConstructiveness2.xml
2 ms. Memory: 241664K Free: 177547K (73%)
----------------- Invoking toplevel() on ptolemy.moml.MoMLSimpleApplication@17cffa00
----------------- Done invoking toplevel() on ptolemy.moml.MoMLSimpleApplication@17cffa00
reloadAllAccessors: .ImmediateNonConstructiveness2

===========================================================================================
----------------- testing Thu Jul 25 05:10:41 UTC 2019 /home/travis/build/icyphy/ptII/ptolemy/domains/modal/test/auto/ImmediateTransitionReset.xml
----------------- Instantiating /home/travis/build/icyphy/ptII/ptolemy/domains/modal/test/auto/ImmediateTransitionReset.xml
7 ms. Memory: 241664K Free: 165769K (69%)
----------------- Invoking toplevel() on ptolemy.moml.MoMLSimpleApplication@51d99670
----------------- Done invoking toplevel() on ptolemy.moml.MoMLSimpleApplication@51d99670
reloadAllAccessors: .ImmediateTransitionReset

===========================================================================================
----------------- testing Thu Jul 25 05:10:41 UTC 2019 /home/travis/build/icyphy/ptII/ptolemy/domains/modal/test/auto/ImmediateTransitions1.xml
----------------- Instantiating /home/travis/build/icyphy/ptII/ptolemy/domains/modal/test/auto/ImmediateTransitions1.xml
3 ms. Memory: 241664K Free: 160649K (66%)
----------------- Invoking toplevel() on ptolemy.moml.MoMLSimpleApplication@5a9ebb4b
----------------- Done invoking toplevel() on ptolemy.moml.MoMLSimpleApplication@5a9ebb4b
reloadAllAccessors: .ImmediateTransitions1

===========================================================================================
----------------- testing Thu Jul 25 05:10:41 UTC 2019 /home/travis/build/icyphy/ptII/ptolemy/domains/modal/test/auto/ImmediateTransitionsInstantaneousCommunication.xml
----------------- Instantiating /home/travis/build/icyphy/ptII/ptolemy/domains/modal/test/auto/ImmediateTransitionsInstantaneousCommunication.xml
6 ms. Memory: 241664K Free: 148361K (61%)
----------------- Invoking toplevel() on ptolemy.moml.MoMLSimpleApplication@1752245b
----------------- Done invoking toplevel() on ptolemy.moml.MoMLSimpleApplication@1752245b
reloadAllAccessors: .ImmediateTransitionsInstantaneousCommunication

===========================================================================================
----------------- testing Thu Jul 25 05:10:41 UTC 2019 /home/travis/build/icyphy/ptII/ptolemy/domains/modal/test/auto/InitialImmediateTransition.xml
----------------- Instantiating /home/travis/build/icyphy/ptII/ptolemy/domains/modal/test/auto/InitialImmediateTransition.xml
5 ms. Memory: 241664K Free: 141187K (58%)
----------------- Invoking toplevel() on ptolemy.moml.MoMLSimpleApplication@7ae09433
----------------- Done invoking toplevel() on ptolemy.moml.MoMLSimpleApplication@7ae09433
reloadAllAccessors: .InitialImmediateTransition

===========================================================================================
----------------- testing Thu Jul 25 05:10:41 UTC 2019 /home/travis/build/icyphy/ptII/ptolemy/domains/modal/test/auto/InitialOutputs.xml
----------------- Instantiating /home/travis/build/icyphy/ptII/ptolemy/domains/modal/test/auto/InitialOutputs.xml
4 ms. Memory: 241664K Free: 135049K (56%)
----------------- Invoking toplevel() on ptolemy.moml.MoMLSimpleApplication@5024eb1
----------------- Done invoking toplevel() on ptolemy.moml.MoMLSimpleApplication@5024eb1
reloadAllAccessors: .InitialOutputs

===========================================================================================
----------------- testing Thu Jul 25 05:10:41 UTC 2019 /home/travis/build/icyphy/ptII/ptolemy/domains/modal/test/auto/InitialStateTransition1.xml
----------------- Instantiating /home/travis/build/icyphy/ptII/ptolemy/domains/modal/test/auto/InitialStateTransition1.xml
2 ms. Memory: 241664K Free: 127881K (53%)
----------------- Invoking toplevel() on ptolemy.moml.MoMLSimpleApplication@31d4f791
----------------- Done invoking toplevel() on ptolemy.moml.MoMLSimpleApplication@31d4f791
reloadAllAccessors: .InitialStateTransition1

===========================================================================================
----------------- testing Thu Jul 25 05:10:41 UTC 2019 /home/travis/build/icyphy/ptII/ptolemy/domains/modal/test/auto/InitialStateTransition2.xml
----------------- Instantiating /home/travis/build/icyphy/ptII/ptolemy/domains/modal/test/auto/InitialStateTransition2.xml
.InitialStateTransition2.TestExceptionAttributeNonConstructive: initialize() was not invoked, but wrapup() was.  This is unusual, but not always a problem.  For example, exporting JNLP will do this.
4 ms. Memory: 241664K Free: 120713K (50%)
----------------- Invoking toplevel() on ptolemy.moml.MoMLSimpleApplication@7534de5d
----------------- Done invoking toplevel() on ptolemy.moml.MoMLSimpleApplication@7534de5d
reloadAllAccessors: .InitialStateTransition2

===========================================================================================
----------------- testing Thu Jul 25 05:10:41 UTC 2019 /home/travis/build/icyphy/ptII/ptolemy/domains/modal/test/auto/InitialStateTransition3.xml
----------------- Instantiating /home/travis/build/icyphy/ptII/ptolemy/domains/modal/test/auto/InitialStateTransition3.xml
4 ms. Memory: 241664K Free: 112521K (47%)
----------------- Invoking toplevel() on ptolemy.moml.MoMLSimpleApplication@3063fd3
----------------- Done invoking toplevel() on ptolemy.moml.MoMLSimpleApplication@3063fd3
reloadAllAccessors: .InitialStateTransition3

===========================================================================================
----------------- testing Thu Jul 25 05:10:41 UTC 2019 /home/travis/build/icyphy/ptII/ptolemy/domains/modal/test/auto/InitialStateTransition4.xml
----------------- Instantiating /home/travis/build/icyphy/ptII/ptolemy/domains/modal/test/auto/InitialStateTransition4.xml
3 ms. Memory: 241664K Free: 102795K (43%)
----------------- Invoking toplevel() on ptolemy.moml.MoMLSimpleApplication@6b7d33ca
----------------- Done invoking toplevel() on ptolemy.moml.MoMLSimpleApplication@6b7d33ca
[...]
reloadAllAccessors: .TerminationTransition3

===========================================================================================
----------------- testing Thu Jul 25 05:10:43 UTC 2019 /home/travis/build/icyphy/ptII/ptolemy/domains/modal/test/auto/TerminationTransition4.xml
----------------- Instantiating /home/travis/build/icyphy/ptII/ptolemy/domains/modal/test/auto/TerminationTransition4.xml
6 ms. Memory: 299008K Free: 197810K (66%)
----------------- Invoking toplevel() on ptolemy.moml.MoMLSimpleApplication@60f19ffe
----------------- Done invoking toplevel() on ptolemy.moml.MoMLSimpleApplication@60f19ffe
reloadAllAccessors: .TerminationTransition4

===========================================================================================
----------------- testing Thu Jul 25 05:10:43 UTC 2019 /home/travis/build/icyphy/ptII/ptolemy/domains/modal/test/auto/TerminationTransition5.xml
----------------- Instantiating /home/travis/build/icyphy/ptII/ptolemy/domains/modal/test/auto/TerminationTransition5.xml
2 ms. Memory: 299008K Free: 183984K (62%)
----------------- Invoking toplevel() on ptolemy.moml.MoMLSimpleApplication@72123947
----------------- Done invoking toplevel() on ptolemy.moml.MoMLSimpleApplication@72123947
reloadAllAccessors: .TerminationTransition5

===========================================================================================
----------------- testing Thu Jul 25 05:10:43 UTC 2019 /home/travis/build/icyphy/ptII/ptolemy/domains/modal/test/auto/TerminationTransition6.xml
----------------- Instantiating /home/travis/build/icyphy/ptII/ptolemy/domains/modal/test/auto/TerminationTransition6.xml
2 ms. Memory: 299008K Free: 175792K (59%)
----------------- Invoking toplevel() on ptolemy.moml.MoMLSimpleApplication@5e4a5537
----------------- Done invoking toplevel() on ptolemy.moml.MoMLSimpleApplication@5e4a5537
reloadAllAccessors: .TerminationTransition6

===========================================================================================
----------------- testing Thu Jul 25 05:10:43 UTC 2019 /home/travis/build/icyphy/ptII/ptolemy/domains/modal/test/auto/TerminationTransition7.xml
----------------- Instantiating /home/travis/build/icyphy/ptII/ptolemy/domains/modal/test/auto/TerminationTransition7.xml
2 ms. Memory: 299008K Free: 166066K (56%)
----------------- Invoking toplevel() on ptolemy.moml.MoMLSimpleApplication@6eb1b51f
----------------- Done invoking toplevel() on ptolemy.moml.MoMLSimpleApplication@6eb1b51f
reloadAllAccessors: .TerminationTransition7

===========================================================================================
----------------- testing Thu Jul 25 05:10:43 UTC 2019 /home/travis/build/icyphy/ptII/ptolemy/domains/modal/test/auto/TerminationTransition8.xml
----------------- Instantiating /home/travis/build/icyphy/ptII/ptolemy/domains/modal/test/auto/TerminationTransition8.xml
2 ms. Memory: 299008K Free: 156336K (52%)
----------------- Invoking toplevel() on ptolemy.moml.MoMLSimpleApplication@22f76b38
----------------- Done invoking toplevel() on ptolemy.moml.MoMLSimpleApplication@22f76b38
reloadAllAccessors: .TerminationTransition8

===========================================================================================
----------------- testing Thu Jul 25 05:10:43 UTC 2019 /home/travis/build/icyphy/ptII/ptolemy/domains/modal/test/auto/Thermostat_NoHysteresis.xml
----------------- Instantiating /home/travis/build/icyphy/ptII/ptolemy/domains/modal/test/auto/Thermostat_NoHysteresis.xml
43 ms. Memory: 299008K Free: 131760K (44%)
----------------- Invoking toplevel() on ptolemy.moml.MoMLSimpleApplication@e8e241f
----------------- Done invoking toplevel() on ptolemy.moml.MoMLSimpleApplication@e8e241f
reloadAllAccessors: .Thermostat_NoHysteresis

===========================================================================================
----------------- testing Thu Jul 25 05:10:43 UTC 2019 /home/travis/build/icyphy/ptII/ptolemy/domains/modal/test/auto/TimedFSM.xml
----------------- Instantiating /home/travis/build/icyphy/ptII/ptolemy/domains/modal/test/auto/TimedFSM.xml
9 ms. Memory: 299008K Free: 119986K (40%)
----------------- Invoking toplevel() on ptolemy.moml.MoMLSimpleApplication@2ff20dff
----------------- Done invoking toplevel() on ptolemy.moml.MoMLSimpleApplication@2ff20dff
reloadAllAccessors: .TimedFSM

===========================================================================================
----------------- testing Thu Jul 25 05:10:43 UTC 2019 /home/travis/build/icyphy/ptII/ptolemy/domains/modal/test/auto/Timeout1.xml
----------------- Instantiating /home/travis/build/icyphy/ptII/ptolemy/domains/modal/test/auto/Timeout1.xml
3 ms. Memory: 299008K Free: 114337K (38%)
----------------- Invoking toplevel() on ptolemy.moml.MoMLSimpleApplication@74399ce1
----------------- Done invoking toplevel() on ptolemy.moml.MoMLSimpleApplication@74399ce1
reloadAllAccessors: .Timeout1

===========================================================================================
----------------- testing Thu Jul 25 05:10:43 UTC 2019 /home/travis/build/icyphy/ptII/ptolemy/domains/modal/test/auto/Timeout2.xml
----------------- Instantiating /home/travis/build/icyphy/ptII/ptolemy/domains/modal/test/auto/Timeout2.xml
8 ms. Memory: 299008K Free: 105650K (35%)
----------------- Invoking toplevel() on ptolemy.moml.MoMLSimpleApplication@d0d591
----------------- Done invoking toplevel() on ptolemy.moml.MoMLSimpleApplication@d0d591
reloadAllAccessors: .Timeout2

===========================================================================================
----------------- testing Thu Jul 25 05:10:43 UTC 2019 /home/travis/build/icyphy/ptII/ptolemy/domains/modal/test/auto/Timeout3.xml
----------------- Instantiating /home/travis/build/icyphy/ptII/ptolemy/domains/modal/test/auto/Timeout3.xml
2 ms. Memory: 299008K Free: 276365K (92%)
----------------- Invoking toplevel() on ptolemy.moml.MoMLSimpleApplication@53c708f0
----------------- Done invoking toplevel() on ptolemy.moml.MoMLSimpleApplication@53c708f0
reloadAllAccessors: .Timeout3

===========================================================================================
----------------- testing Thu Jul 25 05:10:44 UTC 2019 /home/travis/build/icyphy/ptII/ptolemy/domains/modal/test/auto/Timeout4.xml
----------------- Instantiating /home/travis/build/icyphy/ptII/ptolemy/domains/modal/test/auto/Timeout4.xml
2 ms. Memory: 299008K Free: 270749K (91%)
----------------- Invoking toplevel() on ptolemy.moml.MoMLSimpleApplication@13aeebe7
----------------- Done invoking toplevel() on ptolemy.moml.MoMLSimpleApplication@13aeebe7
reloadAllAccessors: .Timeout4

===========================================================================================
----------------- testing Thu Jul 25 05:10:44 UTC 2019 /home/travis/build/icyphy/ptII/ptolemy/domains/modal/test/auto/TransientstateModelAdvanced.xml
----------------- Instantiating /home/travis/build/icyphy/ptII/ptolemy/domains/modal/test/auto/TransientstateModelAdvanced.xml
3 ms. Memory: 299008K Free: 258461K (86%)
----------------- Invoking toplevel() on ptolemy.moml.MoMLSimpleApplication@74e5df4b
----------------- Done invoking toplevel() on ptolemy.moml.MoMLSimpleApplication@74e5df4b
reloadAllAccessors: .TransientstateModelAdvanced

===========================================================================================
----------------- testing Thu Jul 25 05:10:44 UTC 2019 /home/travis/build/icyphy/ptII/ptolemy/domains/modal/test/auto/TransientstateModelAdvanced2.xml
----------------- Instantiating /home/travis/build/icyphy/ptII/ptolemy/domains/modal/test/auto/TransientstateModelAdvanced2.xml
3 ms. Memory: 299008K Free: 244125K (82%)
----------------- Invoking toplevel() on ptolemy.moml.MoMLSimpleApplication@25609b83
----------------- Done invoking toplevel() on ptolemy.moml.MoMLSimpleApplication@25609b83
reloadAllAccessors: .transientstatemodelAdvanced

===========================================================================================
----------------- testing Thu Jul 25 05:10:44 UTC 2019 /home/travis/build/icyphy/ptII/ptolemy/domains/modal/test/auto/TransitionRefinements.xml
----------------- Instantiating /home/travis/build/icyphy/ptII/ptolemy/domains/modal/test/auto/TransitionRefinements.xml
10 ms. Memory: 299008K Free: 234381K (78%)
----------------- Invoking toplevel() on ptolemy.moml.MoMLSimpleApplication@5d798f97
----------------- Done invoking toplevel() on ptolemy.moml.MoMLSimpleApplication@5d798f97
reloadAllAccessors: .TransitionRefinements

===========================================================================================
----------------- testing Thu Jul 25 05:10:44 UTC 2019 /home/travis/build/icyphy/ptII/ptolemy/domains/modal/test/auto/TwoRefinements1.xml
----------------- Instantiating /home/travis/build/icyphy/ptII/ptolemy/domains/modal/test/auto/TwoRefinements1.xml
3 ms. Memory: 299008K Free: 224155K (75%)
----------------- Invoking toplevel() on ptolemy.moml.MoMLSimpleApplication@5553a595
----------------- Done invoking toplevel() on ptolemy.moml.MoMLSimpleApplication@5553a595
reloadAllAccessors: .TwoRefinements1

===========================================================================================
----------------- testing Thu Jul 25 05:10:44 UTC 2019 /home/travis/build/icyphy/ptII/ptolemy/domains/modal/test/auto/TwoRefinements2.xml
----------------- Instantiating /home/travis/build/icyphy/ptII/ptolemy/domains/modal/test/auto/TwoRefinements2.xml
3 ms. Memory: 299008K Free: 214429K (72%)
----------------- Invoking toplevel() on ptolemy.moml.MoMLSimpleApplication@3e107ced
----------------- Done invoking toplevel() on ptolemy.moml.MoMLSimpleApplication@3e107ced
reloadAllAccessors: .TwoRefinements2

===========================================================================================
----------------- testing Thu Jul 25 05:10:44 UTC 2019 /home/travis/build/icyphy/ptII/ptolemy/domains/modal/test/auto/WeakImmediateTransition.xml
----------------- Instantiating /home/travis/build/icyphy/ptII/ptolemy/domains/modal/test/auto/WeakImmediateTransition.xml
3 ms. Memory: 299008K Free: 205723K (69%)
----------------- Invoking toplevel() on ptolemy.moml.MoMLSimpleApplication@4d3c899e
----------------- Done invoking toplevel() on ptolemy.moml.MoMLSimpleApplication@4d3c899e
reloadAllAccessors: .WeakImmediateTransition

===========================================================================================
----------------- testing Thu Jul 25 05:10:44 UTC 2019 /home/travis/build/icyphy/ptII/ptolemy/domains/modal/test/auto/booleanSelect.xml
----------------- Instantiating /home/travis/build/icyphy/ptII/ptolemy/domains/modal/test/auto/booleanSelect.xml
36 ms. Memory: 299008K Free: 187277K (63%)
----------------- Invoking toplevel() on ptolemy.moml.MoMLSimpleApplication@6320f37b
----------------- Done invoking toplevel() on ptolemy.moml.MoMLSimpleApplication@6320f37b
reloadAllAccessors: .booleanSelect

===========================================================================================
----------------- testing Thu Jul 25 05:10:44 UTC 2019 /home/travis/build/icyphy/ptII/ptolemy/domains/modal/test/auto/modalChangingParams.xml
----------------- Instantiating /home/travis/build/icyphy/ptII/ptolemy/domains/modal/test/auto/modalChangingParams.xml
0
1
0
2
4
6
8
7
0
2
4
6
8
13
0
2
4
6
8
19
0
2
4
6
8
25
0
2
4
6
8
31
0
2
4
6
8
37
0
2
4
6
8
43
0
2
4
6
8
49
0
2
4
6
8
55
0
2
4
6
8
61
0
2
4
6
8
67
0
2
4
6
8
73
0
2
4
6
8
79
0
2
4
6
8
85
0
2
4
6
8
91
0
2
4
6
8
97
0
2
4
6
8
103
0
2
4
6
8
109
0
2
4
6
8
115
0
2
4
6
8
121
0
2
4
6
8
127
0
2
4
6
8
133
0
2
4
6
8
139
0
2
4
6
8
145
0
2
4
6
8
151
0
2
4
6
8
157
0
2
4
6
8
163
0
2
4
6
8
169
0
2
4
6
8
175
0
2
4
6
8
181
0
2
4
6
8
187
0
2
4
6
8
193
0
2
4
6
8
199
0
2
4
6
8
205
0
2
4
6
8
211
0
2
4
6
8
217
0
2
4
6
8
223
0
2
4
6
8
229
0
2
4
6
8
235
0
2
4
6
8
241
0
2
4
6
8
247
0
2
4
6
8
253
0
2
4
6
8
259
0
2
4
6
8
265
0
2
4
6
8
271
0
2
4
6
8
277
0
2
4
6
8
283
0
2
4
6
8
289
0
2
4
6
8
295
0
2
4
6
8
301
0
2
4
6
8
307
0
2
4
6
8
313
0
2
4
6
8
319
0
2
4
6
8
325
0
2
4
6
8
331
0
2
4
6
8
337
0
2
4
6
8
343
0
2
4
6
8
349
0
2
4
6
8
355
0
2
4
6
8
361
0
2
4
6
8
367
0
2
4
6
8
373
0
2
4
6
8
379
0
2
4
6
8
385
0
2
4
6
8
391
0
2
4
6
8
397
0
2
4
6
8
403
0
2
4
6
8
409
0
2
4
6
8
415
0
2
4
6
8
421
0
2
4
6
8
427
0
2
4
6
8
433
0
2
4
6
8
439
0
2
4
6
8
445
0
2
4
6
8
451
0
2
4
6
8
457
0
2
4
6
8
463
0
2
4
6
8
469
0
2
4
6
8
475
0
2
4
6
8
481
0
2
4
6
8
487
0
2
4
6
8
493
0
2
4
6
8
499
0
2
4
6
8
505
0
2
4
6
8
511
0
2
4
6
8
517
0
2
4
6
8
523
0
2
4
6
8
529
0
2
4
6
8
535
0
2
4
6
8
541
0
2
4
6
8
547
0
2
4
6
8
553
0
2
4
6
8
559
0
2
4
6
8
565
0
2
4
6
8
571
0
2
4
6
8
577
0
2
4
6
8
583
0
2
4
6
8
589
0
2
4
6
8
595
0
2
4
6
8
601
0
2
4
6
8
607
0
2
4
6
8
613
0
2
4
6
8
619
0
2
4
6
8
625
0
2
4
6
8
631
0
2
4
6
8
637
0
2
4
6
8
643
0
2
4
6
8
649
0
2
4
6
8
655
0
2
4
6
8
661
0
2
4
6
8
667
0
2
4
6
8
673
0
2
4
6
8
679
0
2
4
6
8
685
0
2
4
6
8
691
0
2
4
6
8
697
0
2
4
6
8
703
0
2
4
6
8
709
0
2
4
6
8
715
0
2
4
6
8
721
0
2
4
6
8
727
0
2
4
6
8
733
0
2
4
6
8
739
0
2
4
6
8
745
0
2
4
6
8
751
0
2
4
6
8
757
0
2
4
6
8
763
0
2
4
6
8
769
0
2
4
6
8
775
0
2
4
6
8
781
0
2
4
6
8
787
0
2
4
6
8
793
0
2
4
6
8
799
0
2
4
6
8
805
0
2
4
6
8
811
0
2
4
6
8
817
0
2
4
6
8
823
0
2
4
6
8
829
0
2
4
6
8
835
0
2
4
6
8
841
0
2
4
6
8
847
0
2
4
6
8
853
0
2
4
6
8
859
0
2
4
6
8
865
0
2
4
6
8
871
0
2
4
6
8
877
0
2
4
6
8
883
0
2
4
6
8
889
0
2
4
6
8
895
0
2
4
6
8
901
0
2
4
6
8
907
0
2
4
6
8
913
0
2
4
6
8
919
0
2
4
6
8
925
0
2
4
6
8
931
0
2
4
6
8
937
0
2
4
6
8
943
0
2
4
6
8
949
0
2
4
6
8
955
0
2
4
6
8
961
0
2
4
6
8
967
0
2
4
6
8
973
0
2
4
6
8
979
0
2
4
6
8
985
0
2
4
6
8
991
0
2
4
6
8
997
0
2
297 ms. Memory: 366592K Free: 315918K (86%)
----------------- Invoking toplevel() on ptolemy.moml.MoMLSimpleApplication@1810b2af
----------------- Done invoking toplevel() on ptolemy.moml.MoMLSimpleApplication@1810b2af
reloadAllAccessors: .modalChangingParams

===========================================================================================
----------------- testing Thu Jul 25 05:10:44 UTC 2019 /home/travis/build/icyphy/ptII/ptolemy/domains/modal/test/auto/modalModel.xml
----------------- Instantiating /home/travis/build/icyphy/ptII/ptolemy/domains/modal/test/auto/modalModel.xml
7 ms. Memory: 366592K Free: 306672K (84%)
----------------- Invoking toplevel() on ptolemy.moml.MoMLSimpleApplication@1a0a3601
----------------- Done invoking toplevel() on ptolemy.moml.MoMLSimpleApplication@1a0a3601
reloadAllAccessors: .modalModel

===========================================================================================
----------------- testing Thu Jul 25 05:10:44 UTC 2019 /home/travis/build/icyphy/ptII/ptolemy/domains/modal/test/auto/modalModel2.xml
----------------- Instantiating /home/travis/build/icyphy/ptII/ptolemy/domains/modal/test/auto/modalModel2.xml
8 ms. Memory: 366592K Free: 295952K (81%)
----------------- Invoking toplevel() on ptolemy.moml.MoMLSimpleApplication@7fdb0c31
----------------- Done invoking toplevel() on ptolemy.moml.MoMLSimpleApplication@7fdb0c31
reloadAllAccessors: .modalModel2

===========================================================================================
----------------- testing Thu Jul 25 05:10:44 UTC 2019 /home/travis/build/icyphy/ptII/ptolemy/domains/modal/test/auto/modalModel3.xml
----------------- Instantiating /home/travis/build/icyphy/ptII/ptolemy/domains/modal/test/auto/modalModel3.xml
0	0	0
1	0	1
4	2	2
7	4	3
10	6	4
5	0	5
8	2	6
11	4	7
14	6	8
9	0	9
12	2	10
15	4	11
18	6	12
13	0	13
16	2	14
23 ms. Memory: 366592K Free: 281102K (77%)
----------------- Invoking toplevel() on ptolemy.moml.MoMLSimpleApplication@1991ad54
----------------- Done invoking toplevel() on ptolemy.moml.MoMLSimpleApplication@1991ad54
reloadAllAccessors: .modalModel3

===========================================================================================
----------------- testing Thu Jul 25 05:10:44 UTC 2019 /home/travis/build/icyphy/ptII/ptolemy/domains/modal/test/auto/model1.xml
----------------- Instantiating /home/travis/build/icyphy/ptII/ptolemy/domains/modal/test/auto/model1.xml
11 ms. Memory: 366592K Free: 275472K (75%)
----------------- Invoking toplevel() on ptolemy.moml.MoMLSimpleApplication@27ad3f44
----------------- Done invoking toplevel() on ptolemy.moml.MoMLSimpleApplication@27ad3f44
reloadAllAccessors: .model1

===========================================================================================
----------------- testing Thu Jul 25 05:10:44 UTC 2019 /home/travis/build/icyphy/ptII/ptolemy/domains/modal/test/auto/test-direct-in-out.xml
----------------- Instantiating /home/travis/build/icyphy/ptII/ptolemy/domains/modal/test/auto/test-direct-in-out.xml
4 ms. Memory: 366592K Free: 267784K (73%)
----------------- Invoking toplevel() on ptolemy.moml.MoMLSimpleApplication@23f65f5e
----------------- Done invoking toplevel() on ptolemy.moml.MoMLSimpleApplication@23f65f5e
reloadAllAccessors: .test-direct-in-out
AutoTests.java: About to close Vertx.
AutoTests.java: Vertx closed.
]]></system-out>
  <system-err><![CDATA[java.lang.RuntimeException: Execution failed
	at ptolemy.moml.MoMLSimpleApplication$UnloadThread.run(MoMLSimpleApplication.java:402)
Caused by: ptolemy.kernel.util.IllegalActionException: Unknown inputs remain. Possible causality loop:
L_model_1893289564i

  in .CannotAnalysisWithPreemption.model_1893289564_region_1 and .CannotAnalysisWithPreemption.model_1893289564_region_1.L_model_1893289564i
	at ptolemy.actor.sched.FixedPointDirector.postfire(FixedPointDirector.java:515)
	at ptolemy.domains.sr.kernel.SRDirector.postfire(SRDirector.java:417)
	at ptolemy.actor.CompositeActor.postfire(CompositeActor.java:1668)
	at ptolemy.actor.Manager.iterate(Manager.java:852)
	at ptolemy.actor.Manager.execute(Manager.java:369)
	at ptolemy.actor.Manager.run(Manager.java:1263)
	at ptolemy.actor.Manager$PtolemyRunThread.run(Manager.java:1933)
java.lang.reflect.InvocationTargetException
	at java.base/jdk.internal.reflect.NativeConstructorAccessorImpl.newInstance0(Native Method)
	at java.base/jdk.internal.reflect.NativeConstructorAccessorImpl.newInstance(NativeConstructorAccessorImpl.java:62)
	at java.base/jdk.internal.reflect.DelegatingConstructorAccessorImpl.newInstance(DelegatingConstructorAccessorImpl.java:45)
	at java.base/java.lang.reflect.Constructor.newInstance(Constructor.java:490)
	at ptolemy.util.test.junit.AutoKnownFailedTests.RunModel(AutoKnownFailedTests.java:105)
	at java.base/jdk.internal.reflect.NativeMethodAccessorImpl.invoke0(Native Method)
	at java.base/jdk.internal.reflect.NativeMethodAccessorImpl.invoke(NativeMethodAccessorImpl.java:62)
	at java.base/jdk.internal.reflect.DelegatingMethodAccessorImpl.invoke(DelegatingMethodAccessorImpl.java:43)
	at java.base/java.lang.reflect.Method.invoke(Method.java:566)
	at org.junit.runners.model.FrameworkMethod$1.runReflectiveCall(FrameworkMethod.java:44)
	at org.junit.internal.runners.model.ReflectiveCallable.run(ReflectiveCallable.java:15)
	at org.junit.runners.model.FrameworkMethod.invokeExplosively(FrameworkMethod.java:41)
	at junitparams.internal.InvokeParameterisedMethod.evaluate(InvokeParameterisedMethod.java:102)
	at org.junit.internal.runners.statements.FailOnTimeout$1.run(FailOnTimeout.java:28)
Caused by: ptolemy.kernel.util.IllegalActionException: Unknown inputs remain. Possible causality loop:
L_model_1893289564i

  in .CannotAnalysisWithPreemption.model_1893289564_region_1 and .CannotAnalysisWithPreemption.model_1893289564_region_1.L_model_1893289564i
	at ptolemy.actor.sched.FixedPointDirector.postfire(FixedPointDirector.java:515)
	at ptolemy.domains.sr.kernel.SRDirector.postfire(SRDirector.java:417)
	at ptolemy.actor.CompositeActor.postfire(CompositeActor.java:1668)
	at ptolemy.actor.Manager.iterate(Manager.java:852)
	at ptolemy.actor.Manager.execute(Manager.java:369)
	at ptolemy.actor.Manager.run(Manager.java:1263)
	at ptolemy.actor.Manager$PtolemyRunThread.run(Manager.java:1933)
]]></system-err>
</testsuite>
