<?xml version="1.0" encoding="UTF-8" ?>
<testsuite errors="0" failures="0" hostname="travis-job-16c4147e-9db1-4b66-9d86-e8cfccc53763" name="ptolemy.domains.continuous.test.junit.JUnitTclTest" skipped="0" tests="156" time="68.016" timestamp="2020-03-25T13:37:01">
  <properties>
[...]
</properties>
  <testcase classname="ptolemy.util.test.junit.TclTests" name="[0] ThereAreNoTclTests (RunTclFile)" time="0.008" />
  <testcase classname="ptolemy.util.test.junit.AutoKnownFailedTests" name="[0] ThereAreNoKnowFailedTests (RunModel)" time="0.002" />
  <testcase classname="ptolemy.util.test.junit.AutoNameArchTests" name="[0] ThereAreNoAutoArchTests (RunModel)" time="0.008" />
  <testcase classname="ptolemy.util.test.junit.AutoTests" name="[0] /home/travis/build/icyphy/ptII/ptolemy/domains/continuous/test/auto/BouncingBall.xml (RunModel)" time="3.128" />
  <testcase classname="ptolemy.util.test.junit.AutoTests" name="[1] /home/travis/build/icyphy/ptII/ptolemy/domains/continuous/test/auto/BouncingBallWithoutGR.xml (RunModel)" time="1.0" />
  <testcase classname="ptolemy.util.test.junit.AutoTests" name="[2] /home/travis/build/icyphy/ptII/ptolemy/domains/continuous/test/auto/Brownian.xml (RunModel)" time="0.08" />
  <testcase classname="ptolemy.util.test.junit.AutoTests" name="[3] /home/travis/build/icyphy/ptII/ptolemy/domains/continuous/test/auto/CarTracking.xml (RunModel)" time="3.779" />
  <testcase classname="ptolemy.util.test.junit.AutoTests" name="[4] /home/travis/build/icyphy/ptII/ptolemy/domains/continuous/test/auto/CartPendulum.xml (RunModel)" time="0.464" />
  <testcase classname="ptolemy.util.test.junit.AutoTests" name="[5] /home/travis/build/icyphy/ptII/ptolemy/domains/continuous/test/auto/CausalityInterface10.xml (RunModel)" time="0.046" />
  <testcase classname="ptolemy.util.test.junit.AutoTests" name="[6] /home/travis/build/icyphy/ptII/ptolemy/domains/continuous/test/auto/CausalityInterface11.xml (RunModel)" time="0.041" />
  <testcase classname="ptolemy.util.test.junit.AutoTests" name="[7] /home/travis/build/icyphy/ptII/ptolemy/domains/continuous/test/auto/CausalityInterface12.xml (RunModel)" time="0.029" />
  <testcase classname="ptolemy.util.test.junit.AutoTests" name="[8] /home/travis/build/icyphy/ptII/ptolemy/domains/continuous/test/auto/CausalityInterface13.xml (RunModel)" time="0.033" />
  <testcase classname="ptolemy.util.test.junit.AutoTests" name="[9] /home/travis/build/icyphy/ptII/ptolemy/domains/continuous/test/auto/CausalityInterface14.xml (RunModel)" time="0.024" />
  <testcase classname="ptolemy.util.test.junit.AutoTests" name="[10] /home/travis/build/icyphy/ptII/ptolemy/domains/continuous/test/auto/CausalityInterface4.xml (RunModel)" time="0.031" />
  <testcase classname="ptolemy.util.test.junit.AutoTests" name="[11] /home/travis/build/icyphy/ptII/ptolemy/domains/continuous/test/auto/CausalityInterface5.xml (RunModel)" time="0.034" />
  <testcase classname="ptolemy.util.test.junit.AutoTests" name="[12] /home/travis/build/icyphy/ptII/ptolemy/domains/continuous/test/auto/CausalityInterface6.xml (RunModel)" time="0.028" />
  <testcase classname="ptolemy.util.test.junit.AutoTests" name="[13] /home/travis/build/icyphy/ptII/ptolemy/domains/continuous/test/auto/CausalityInterface7.xml (RunModel)" time="0.037" />
  <testcase classname="ptolemy.util.test.junit.AutoTests" name="[14] /home/travis/build/icyphy/ptII/ptolemy/domains/continuous/test/auto/CausalityInterface8.xml (RunModel)" time="0.039" />
  <testcase classname="ptolemy.util.test.junit.AutoTests" name="[15] /home/travis/build/icyphy/ptII/ptolemy/domains/continuous/test/auto/CausalityInterface9.xml (RunModel)" time="0.048" />
  <testcase classname="ptolemy.util.test.junit.AutoTests" name="[16] /home/travis/build/icyphy/ptII/ptolemy/domains/continuous/test/auto/CausalityInterfaceFeedback1.xml (RunModel)" time="0.025" />
  <testcase classname="ptolemy.util.test.junit.AutoTests" name="[17] /home/travis/build/icyphy/ptII/ptolemy/domains/continuous/test/auto/CausalityInterfaceFeedback2.xml (RunModel)" time="0.036" />
  <testcase classname="ptolemy.util.test.junit.AutoTests" name="[18] /home/travis/build/icyphy/ptII/ptolemy/domains/continuous/test/auto/CompareWithCurrentTime.xml (RunModel)" time="0.02" />
  <testcase classname="ptolemy.util.test.junit.AutoTests" name="[19] /home/travis/build/icyphy/ptII/ptolemy/domains/continuous/test/auto/ComparedClocks.xml (RunModel)" time="0.077" />
  <testcase classname="ptolemy.util.test.junit.AutoTests" name="[20] /home/travis/build/icyphy/ptII/ptolemy/domains/continuous/test/auto/ContinuousAOCClone.xml (RunModel)" time="2.639" />
  <testcase classname="ptolemy.util.test.junit.AutoTests" name="[21] /home/travis/build/icyphy/ptII/ptolemy/domains/continuous/test/auto/ContinuousClock.xml (RunModel)" time="0.068" />
  <testcase classname="ptolemy.util.test.junit.AutoTests" name="[22] /home/travis/build/icyphy/ptII/ptolemy/domains/continuous/test/auto/ContinuousInContinuous.xml (RunModel)" time="0.073" />
  <testcase classname="ptolemy.util.test.junit.AutoTests" name="[23] /home/travis/build/icyphy/ptII/ptolemy/domains/continuous/test/auto/ContinuousInContinuousInContinuous.xml (RunModel)" time="0.021" />
  <testcase classname="ptolemy.util.test.junit.AutoTests" name="[24] /home/travis/build/icyphy/ptII/ptolemy/domains/continuous/test/auto/ContinuousInDE.xml (RunModel)" time="0.103" />
  <testcase classname="ptolemy.util.test.junit.AutoTests" name="[25] /home/travis/build/icyphy/ptII/ptolemy/domains/continuous/test/auto/ContinuousInDE2.xml (RunModel)" time="0.047" />
  <testcase classname="ptolemy.util.test.junit.AutoTests" name="[26] /home/travis/build/icyphy/ptII/ptolemy/domains/continuous/test/auto/ContinuousInDE3.xml (RunModel)" time="0.049" />
  <testcase classname="ptolemy.util.test.junit.AutoTests" name="[27] /home/travis/build/icyphy/ptII/ptolemy/domains/continuous/test/auto/ContinuousInDE4.xml (RunModel)" time="0.033" />
  <testcase classname="ptolemy.util.test.junit.AutoTests" name="[28] /home/travis/build/icyphy/ptII/ptolemy/domains/continuous/test/auto/ContinuousInDEDifferentRefinements.xml (RunModel)" time="0.105" />
  <testcase classname="ptolemy.util.test.junit.AutoTests" name="[29] /home/travis/build/icyphy/ptII/ptolemy/domains/continuous/test/auto/ContinuousInDEDifferentRefinementsPreemptive.xml (RunModel)" time="0.078" />
  <testcase classname="ptolemy.util.test.junit.AutoTests" name="[30] /home/travis/build/icyphy/ptII/ptolemy/domains/continuous/test/auto/ContinuousInDEInContinuous2.xml (RunModel)" time="0.055" />
  <testcase classname="ptolemy.util.test.junit.AutoTests" name="[31] /home/travis/build/icyphy/ptII/ptolemy/domains/continuous/test/auto/ContinuousInDEInContinuous3.xml (RunModel)" time="0.057" />
  <testcase classname="ptolemy.util.test.junit.AutoTests" name="[32] /home/travis/build/icyphy/ptII/ptolemy/domains/continuous/test/auto/ContinuousInDEInput.xml (RunModel)" time="0.03" />
  <testcase classname="ptolemy.util.test.junit.AutoTests" name="[33] /home/travis/build/icyphy/ptII/ptolemy/domains/continuous/test/auto/ContinuousInDEInput2.xml (RunModel)" time="0.032" />
  <testcase classname="ptolemy.util.test.junit.AutoTests" name="[34] /home/travis/build/icyphy/ptII/ptolemy/domains/continuous/test/auto/ContinuousInDEInput3.xml (RunModel)" time="0.027" />
  <testcase classname="ptolemy.util.test.junit.AutoTests" name="[35] /home/travis/build/icyphy/ptII/ptolemy/domains/continuous/test/auto/ContinuousInDESharingRefinement.xml (RunModel)" time="0.19" />
  <testcase classname="ptolemy.util.test.junit.AutoTests" name="[36] /home/travis/build/icyphy/ptII/ptolemy/domains/continuous/test/auto/ContinuousInDEwithNoPorts.xml (RunModel)" time="0.02" />
  <testcase classname="ptolemy.util.test.junit.AutoTests" name="[37] /home/travis/build/icyphy/ptII/ptolemy/domains/continuous/test/auto/ContinuousInsideDE.xml (RunModel)" time="0.081" />
  <testcase classname="ptolemy.util.test.junit.AutoTests" name="[38] /home/travis/build/icyphy/ptII/ptolemy/domains/continuous/test/auto/ContinuousMerge1.xml (RunModel)" time="0.021" />
  <testcase classname="ptolemy.util.test.junit.AutoTests" name="[39] /home/travis/build/icyphy/ptII/ptolemy/domains/continuous/test/auto/ContinuousMerge2.xml (RunModel)" time="0.041" />
  <testcase classname="ptolemy.util.test.junit.AutoTests" name="[40] /home/travis/build/icyphy/ptII/ptolemy/domains/continuous/test/auto/ContinuousMerge3.xml (RunModel)" time="0.063" />
  <testcase classname="ptolemy.util.test.junit.AutoTests" name="[41] /home/travis/build/icyphy/ptII/ptolemy/domains/continuous/test/auto/ContinuousWithinContinuous.xml (RunModel)" time="0.046" />
  <testcase classname="ptolemy.util.test.junit.AutoTests" name="[42] /home/travis/build/icyphy/ptII/ptolemy/domains/continuous/test/auto/ContinuousWithinContinuous2.xml (RunModel)" time="0.066" />
  <testcase classname="ptolemy.util.test.junit.AutoTests" name="[43] /home/travis/build/icyphy/ptII/ptolemy/domains/continuous/test/auto/ContinuousWithinContinuous3.xml (RunModel)" time="0.028" />
  <testcase classname="ptolemy.util.test.junit.AutoTests" name="[44] /home/travis/build/icyphy/ptII/ptolemy/domains/continuous/test/auto/ContinuousWithinContinuous4.xml (RunModel)" time="0.077" />
  <testcase classname="ptolemy.util.test.junit.AutoTests" name="[45] /home/travis/build/icyphy/ptII/ptolemy/domains/continuous/test/auto/ContinuousWithinContinuous5.xml (RunModel)" time="0.027" />
  <testcase classname="ptolemy.util.test.junit.AutoTests" name="[46] /home/travis/build/icyphy/ptII/ptolemy/domains/continuous/test/auto/ContinuousWithinContinuous6.xml (RunModel)" time="0.028" />
  <testcase classname="ptolemy.util.test.junit.AutoTests" name="[47] /home/travis/build/icyphy/ptII/ptolemy/domains/continuous/test/auto/ContinuousWithinContinuous7.xml (RunModel)" time="0.067" />
  <testcase classname="ptolemy.util.test.junit.AutoTests" name="[48] /home/travis/build/icyphy/ptII/ptolemy/domains/continuous/test/auto/DCMotor.xml (RunModel)" time="12.4" />
  <testcase classname="ptolemy.util.test.junit.AutoTests" name="[49] /home/travis/build/icyphy/ptII/ptolemy/domains/continuous/test/auto/DEInContinuous.xml (RunModel)" time="0.031" />
  <testcase classname="ptolemy.util.test.junit.AutoTests" name="[50] /home/travis/build/icyphy/ptII/ptolemy/domains/continuous/test/auto/DEinContinuous2.xml (RunModel)" time="0.025" />
  <testcase classname="ptolemy.util.test.junit.AutoTests" name="[51] /home/travis/build/icyphy/ptII/ptolemy/domains/continuous/test/auto/Derivative.xml (RunModel)" time="0.147" />
  <testcase classname="ptolemy.util.test.junit.AutoTests" name="[52] /home/travis/build/icyphy/ptII/ptolemy/domains/continuous/test/auto/Derivative1.xml (RunModel)" time="0.043" />
  <testcase classname="ptolemy.util.test.junit.AutoTests" name="[53] /home/travis/build/icyphy/ptII/ptolemy/domains/continuous/test/auto/DiscreteClock.xml (RunModel)" time="0.012" />
  <testcase classname="ptolemy.util.test.junit.AutoTests" name="[54] /home/travis/build/icyphy/ptII/ptolemy/domains/continuous/test/auto/EfficiencyCurve.xml (RunModel)" time="0.093" />
  <testcase classname="ptolemy.util.test.junit.AutoTests" name="[55] /home/travis/build/icyphy/ptII/ptolemy/domains/continuous/test/auto/ExponentialResponse.xml (RunModel)" time="0.099" />
  <testcase classname="ptolemy.util.test.junit.AutoTests" name="[56] /home/travis/build/icyphy/ptII/ptolemy/domains/continuous/test/auto/ExponentialResponseRK45.xml (RunModel)" time="0.032" />
  <testcase classname="ptolemy.util.test.junit.AutoTests" name="[57] /home/travis/build/icyphy/ptII/ptolemy/domains/continuous/test/auto/Friction.xml (RunModel)" time="1.503" />
  <testcase classname="ptolemy.util.test.junit.AutoTests" name="[58] /home/travis/build/icyphy/ptII/ptolemy/domains/continuous/test/auto/FurutaPendulum.xml (RunModel)" time="2.937" />
  <testcase classname="ptolemy.util.test.junit.AutoTests" name="[59] /home/travis/build/icyphy/ptII/ptolemy/domains/continuous/test/auto/HierarchicalExecution.xml (RunModel)" time="1.774" />
  <testcase classname="ptolemy.util.test.junit.AutoTests" name="[60] /home/travis/build/icyphy/ptII/ptolemy/domains/continuous/test/auto/HybridPlant.xml (RunModel)" time="0.523" />
  <testcase classname="ptolemy.util.test.junit.AutoTests" name="[61] /home/travis/build/icyphy/ptII/ptolemy/domains/continuous/test/auto/Hysteresis.xml (RunModel)" time="0.166" />
  <testcase classname="ptolemy.util.test.junit.AutoTests" name="[62] /home/travis/build/icyphy/ptII/ptolemy/domains/continuous/test/auto/HysteresisWithRandomDelay.xml (RunModel)" time="0.196" />
  <testcase classname="ptolemy.util.test.junit.AutoTests" name="[63] /home/travis/build/icyphy/ptII/ptolemy/domains/continuous/test/auto/HysteresisWithRandomLosses.xml (RunModel)" time="2.306" />
  <testcase classname="ptolemy.util.test.junit.AutoTests" name="[64] /home/travis/build/icyphy/ptII/ptolemy/domains/continuous/test/auto/ImmediateTransitions.xml (RunModel)" time="0.037" />
  <testcase classname="ptolemy.util.test.junit.AutoTests" name="[65] /home/travis/build/icyphy/ptII/ptolemy/domains/continuous/test/auto/ImpulseFeedback.xml (RunModel)" time="0.02" />
  <testcase classname="ptolemy.util.test.junit.AutoTests" name="[66] /home/travis/build/icyphy/ptII/ptolemy/domains/continuous/test/auto/ImpulseFeedback2.xml (RunModel)" time="0.022" />
  <testcase classname="ptolemy.util.test.junit.AutoTests" name="[67] /home/travis/build/icyphy/ptII/ptolemy/domains/continuous/test/auto/IncreasingRatePoisson.xml (RunModel)" time="0.657" />
  <testcase classname="ptolemy.util.test.junit.AutoTests" name="[68] /home/travis/build/icyphy/ptII/ptolemy/domains/continuous/test/auto/InitialStateFeedback.xml (RunModel)" time="0.01" />
  <testcase classname="ptolemy.util.test.junit.AutoTests" name="[69] /home/travis/build/icyphy/ptII/ptolemy/domains/continuous/test/auto/Integration.xml (RunModel)" time="0.01" />
  <testcase classname="ptolemy.util.test.junit.AutoTests" name="[70] /home/travis/build/icyphy/ptII/ptolemy/domains/continuous/test/auto/Integration2.xml (RunModel)" time="0.072" />
  <testcase classname="ptolemy.util.test.junit.AutoTests" name="[71] /home/travis/build/icyphy/ptII/ptolemy/domains/continuous/test/auto/Integration3.xml (RunModel)" time="0.023" />
  <testcase classname="ptolemy.util.test.junit.AutoTests" name="[72] /home/travis/build/icyphy/ptII/ptolemy/domains/continuous/test/auto/Integration5.xml (RunModel)" time="0.011" />
  <testcase classname="ptolemy.util.test.junit.AutoTests" name="[73] /home/travis/build/icyphy/ptII/ptolemy/domains/continuous/test/auto/IntegratorImpulse.xml (RunModel)" time="0.008" />
  <testcase classname="ptolemy.util.test.junit.AutoTests" name="[74] /home/travis/build/icyphy/ptII/ptolemy/domains/continuous/test/auto/IntegratorImpulse2.xml (RunModel)" time="0.01" />
  <testcase classname="ptolemy.util.test.junit.AutoTests" name="[75] /home/travis/build/icyphy/ptII/ptolemy/domains/continuous/test/auto/LevelCrossing1.xml (RunModel)" time="0.014" />
  <testcase classname="ptolemy.util.test.junit.AutoTests" name="[76] /home/travis/build/icyphy/ptII/ptolemy/domains/continuous/test/auto/LevelCrossing2.xml (RunModel)" time="0.011" />
  <testcase classname="ptolemy.util.test.junit.AutoTests" name="[77] /home/travis/build/icyphy/ptII/ptolemy/domains/continuous/test/auto/LevelCrossing3.xml (RunModel)" time="0.012" />
  <testcase classname="ptolemy.util.test.junit.AutoTests" name="[78] /home/travis/build/icyphy/ptII/ptolemy/domains/continuous/test/auto/LevelCrossing4.xml (RunModel)" time="0.012" />
  <testcase classname="ptolemy.util.test.junit.AutoTests" name="[79] /home/travis/build/icyphy/ptII/ptolemy/domains/continuous/test/auto/LevelCrossing5.xml (RunModel)" time="0.014" />
  <testcase classname="ptolemy.util.test.junit.AutoTests" name="[80] /home/travis/build/icyphy/ptII/ptolemy/domains/continuous/test/auto/LevelCrossing6.xml (RunModel)" time="0.012" />
  <testcase classname="ptolemy.util.test.junit.AutoTests" name="[81] /home/travis/build/icyphy/ptII/ptolemy/domains/continuous/test/auto/LevelCrossingDetector.xml (RunModel)" time="0.035" />
  <testcase classname="ptolemy.util.test.junit.AutoTests" name="[82] /home/travis/build/icyphy/ptII/ptolemy/domains/continuous/test/auto/LevelCrossingDetectorDetectingDirections.xml (RunModel)" time="0.084" />
  <testcase classname="ptolemy.util.test.junit.AutoTests" name="[83] /home/travis/build/icyphy/ptII/ptolemy/domains/continuous/test/auto/LevelCrossingDetectorDetectsGlitches.xml (RunModel)" time="0.062" />
  <testcase classname="ptolemy.util.test.junit.AutoTests" name="[84] /home/travis/build/icyphy/ptII/ptolemy/domains/continuous/test/auto/LevelCrossingNoInitialOuput.xml (RunModel)" time="0.012" />
  <testcase classname="ptolemy.util.test.junit.AutoTests" name="[85] /home/travis/build/icyphy/ptII/ptolemy/domains/continuous/test/auto/LinearStateSpaceExample.xml (RunModel)" time="0.067" />
  <testcase classname="ptolemy.util.test.junit.AutoTests" name="[86] /home/travis/build/icyphy/ptII/ptolemy/domains/continuous/test/auto/Lorenz.xml (RunModel)" time="3.233" />
  <testcase classname="ptolemy.util.test.junit.AutoTests" name="[87] /home/travis/build/icyphy/ptII/ptolemy/domains/continuous/test/auto/LorenzDifferentialSystem.xml (RunModel)" time="0.914" />
  <testcase classname="ptolemy.util.test.junit.AutoTests" name="[88] /home/travis/build/icyphy/ptII/ptolemy/domains/continuous/test/auto/LorenzDifferentialSystemWithInput.xml (RunModel)" time="1.225" />
  <testcase classname="ptolemy.util.test.junit.AutoTests" name="[89] /home/travis/build/icyphy/ptII/ptolemy/domains/continuous/test/auto/LorenzDifferentialSystemWithTime.xml (RunModel)" time="0.671" />
  <testcase classname="ptolemy.util.test.junit.AutoTests" name="[90] /home/travis/build/icyphy/ptII/ptolemy/domains/continuous/test/auto/Microsteps.xml (RunModel)" time="0.038" />
  <testcase classname="ptolemy.util.test.junit.AutoTests" name="[91] /home/travis/build/icyphy/ptII/ptolemy/domains/continuous/test/auto/Modal1.xml (RunModel)" time="0.035" />
  <testcase classname="ptolemy.util.test.junit.AutoTests" name="[92] /home/travis/build/icyphy/ptII/ptolemy/domains/continuous/test/auto/Modal2.xml (RunModel)" time="0.053" />
  <testcase classname="ptolemy.util.test.junit.AutoTests" name="[93] /home/travis/build/icyphy/ptII/ptolemy/domains/continuous/test/auto/ModalTransitionGuardWithReset.xml (RunModel)" time="0.029" />
  <testcase classname="ptolemy.util.test.junit.AutoTests" name="[94] /home/travis/build/icyphy/ptII/ptolemy/domains/continuous/test/auto/ModalTransitionGuardWithResetUsingPreemptiveTransition.xml (RunModel)" time="0.024" />
  <testcase classname="ptolemy.util.test.junit.AutoTests" name="[95] /home/travis/build/icyphy/ptII/ptolemy/domains/continuous/test/auto/ModalTransitionGuardWithResetUsingPreemptiveTransition2.xml (RunModel)" time="0.031" />
  <testcase classname="ptolemy.util.test.junit.AutoTests" name="[96] /home/travis/build/icyphy/ptII/ptolemy/domains/continuous/test/auto/ModalTransitionGuardWithResetUsingPreemptiveTransition3.xml (RunModel)" time="0.03" />
  <testcase classname="ptolemy.util.test.junit.AutoTests" name="[97] /home/travis/build/icyphy/ptII/ptolemy/domains/continuous/test/auto/NewtonsCradle.xml (RunModel)" time="0.705" />
  <testcase classname="ptolemy.util.test.junit.AutoTests" name="[98] /home/travis/build/icyphy/ptII/ptolemy/domains/continuous/test/auto/NewtonsCradleAnimated.xml (RunModel)" time="1.152" />
  <testcase classname="ptolemy.util.test.junit.AutoTests" name="[99] /home/travis/build/icyphy/ptII/ptolemy/domains/continuous/test/auto/NewtonsCradleComplicated.xml (RunModel)" time="0.921" />
  <testcase classname="ptolemy.util.test.junit.AutoTests" name="[100] /home/travis/build/icyphy/ptII/ptolemy/domains/continuous/test/auto/NewtonsCradleNondeterministic.xml (RunModel)" time="0.71" />
  <testcase classname="ptolemy.util.test.junit.AutoTests" name="[101] /home/travis/build/icyphy/ptII/ptolemy/domains/continuous/test/auto/NewtonsCradlePerfectlyInelastic1.xml (RunModel)" time="1.103" />
  <testcase classname="ptolemy.util.test.junit.AutoTests" name="[102] /home/travis/build/icyphy/ptII/ptolemy/domains/continuous/test/auto/Noise.xml (RunModel)" time="0.173" />
  <testcase classname="ptolemy.util.test.junit.AutoTests" name="[103] /home/travis/build/icyphy/ptII/ptolemy/domains/continuous/test/auto/NoiseSpectrum.xml (RunModel)" time="0.658" />
  <testcase classname="ptolemy.util.test.junit.AutoTests" name="[104] /home/travis/build/icyphy/ptII/ptolemy/domains/continuous/test/auto/ParameterizedNewtonsCradleAnimated.xml (RunModel)" time="0.332" />
  <testcase classname="ptolemy.util.test.junit.AutoTests" name="[105] /home/travis/build/icyphy/ptII/ptolemy/domains/continuous/test/auto/ParameterizedNewtonsCradleAnimatedNondeterministic.xml (RunModel)" time="1.069" />
  <testcase classname="ptolemy.util.test.junit.AutoTests" name="[106] /home/travis/build/icyphy/ptII/ptolemy/domains/continuous/test/auto/Pendulum3D.xml (RunModel)" time="0.153" />
  <testcase classname="ptolemy.util.test.junit.AutoTests" name="[107] /home/travis/build/icyphy/ptII/ptolemy/domains/continuous/test/auto/PeriodicSampler.xml (RunModel)" time="0.008" />
  <testcase classname="ptolemy.util.test.junit.AutoTests" name="[108] /home/travis/build/icyphy/ptII/ptolemy/domains/continuous/test/auto/PeriodicSampler1.xml (RunModel)" time="0.039" />
  <testcase classname="ptolemy.util.test.junit.AutoTests" name="[109] /home/travis/build/icyphy/ptII/ptolemy/domains/continuous/test/auto/PeriodicSampler2.xml (RunModel)" time="0.07" />
  <testcase classname="ptolemy.util.test.junit.AutoTests" name="[110] /home/travis/build/icyphy/ptII/ptolemy/domains/continuous/test/auto/Poisson.xml (RunModel)" time="0.435" />
  <testcase classname="ptolemy.util.test.junit.AutoTests" name="[111] /home/travis/build/icyphy/ptII/ptolemy/domains/continuous/test/auto/PoissonClock.xml (RunModel)" time="0.01" />
  <testcase classname="ptolemy.util.test.junit.AutoTests" name="[112] /home/travis/build/icyphy/ptII/ptolemy/domains/continuous/test/auto/PoissonClock2.xml (RunModel)" time="0.015" />
  <testcase classname="ptolemy.util.test.junit.AutoTests" name="[113] /home/travis/build/icyphy/ptII/ptolemy/domains/continuous/test/auto/PortParameterHierarchy.xml (RunModel)" time="0.021" />
  <testcase classname="ptolemy.util.test.junit.AutoTests" name="[114] /home/travis/build/icyphy/ptII/ptolemy/domains/continuous/test/auto/RandomHybridPlant.xml (RunModel)" time="0.515" />
  <testcase classname="ptolemy.util.test.junit.AutoTests" name="[115] /home/travis/build/icyphy/ptII/ptolemy/domains/continuous/test/auto/ResetTransitionWithStartTime1.xml (RunModel)" time="0.034" />
  <testcase classname="ptolemy.util.test.junit.AutoTests" name="[116] /home/travis/build/icyphy/ptII/ptolemy/domains/continuous/test/auto/ResetTransitionWithStartTime2.xml (RunModel)" time="0.032" />
  <testcase classname="ptolemy.util.test.junit.AutoTests" name="[117] /home/travis/build/icyphy/ptII/ptolemy/domains/continuous/test/auto/ResetTransitionWithStartTime3.xml (RunModel)" time="0.034" />
  <testcase classname="ptolemy.util.test.junit.AutoTests" name="[118] /home/travis/build/icyphy/ptII/ptolemy/domains/continuous/test/auto/ResetTransitionWithStartTime4.xml (RunModel)" time="0.031" />
  <testcase classname="ptolemy.util.test.junit.AutoTests" name="[119] /home/travis/build/icyphy/ptII/ptolemy/domains/continuous/test/auto/ResetTransitionWithStartTime5.xml (RunModel)" time="0.03" />
  <testcase classname="ptolemy.util.test.junit.AutoTests" name="[120] /home/travis/build/icyphy/ptII/ptolemy/domains/continuous/test/auto/ResetTransitionWithStartTime6.xml (RunModel)" time="0.029" />
  <testcase classname="ptolemy.util.test.junit.AutoTests" name="[121] /home/travis/build/icyphy/ptII/ptolemy/domains/continuous/test/auto/SRinContinuous.xml (RunModel)" time="0.018" />
  <testcase classname="ptolemy.util.test.junit.AutoTests" name="[122] /home/travis/build/icyphy/ptII/ptolemy/domains/continuous/test/auto/SampledClocks.xml (RunModel)" time="0.032" />
  <testcase classname="ptolemy.util.test.junit.AutoTests" name="[123] /home/travis/build/icyphy/ptII/ptolemy/domains/continuous/test/auto/Satellite.xml (RunModel)" time="0.732" />
  <testcase classname="ptolemy.util.test.junit.AutoTests" name="[124] /home/travis/build/icyphy/ptII/ptolemy/domains/continuous/test/auto/SigmaDelta.xml (RunModel)" time="1.892" />
  <testcase classname="ptolemy.util.test.junit.AutoTests" name="[125] /home/travis/build/icyphy/ptII/ptolemy/domains/continuous/test/auto/SingleRefinement.xml (RunModel)" time="0.423" />
  <testcase classname="ptolemy.util.test.junit.AutoTests" name="[126] /home/travis/build/icyphy/ptII/ptolemy/domains/continuous/test/auto/SinuBouncingBall.xml (RunModel)" time="0.9" />
  <testcase classname="ptolemy.util.test.junit.AutoTests" name="[127] /home/travis/build/icyphy/ptII/ptolemy/domains/continuous/test/auto/Sinusoid.xml (RunModel)" time="0.019" />
  <testcase classname="ptolemy.util.test.junit.AutoTests" name="[128] /home/travis/build/icyphy/ptII/ptolemy/domains/continuous/test/auto/SinusoidInNoise.xml (RunModel)" time="0.985" />
  <testcase classname="ptolemy.util.test.junit.AutoTests" name="[129] /home/travis/build/icyphy/ptII/ptolemy/domains/continuous/test/auto/SinusoidRK45.xml (RunModel)" time="0.018" />
  <testcase classname="ptolemy.util.test.junit.AutoTests" name="[130] /home/travis/build/icyphy/ptII/ptolemy/domains/continuous/test/auto/SinusoidWithMultipleImpulses.xml (RunModel)" time="0.011" />
  <testcase classname="ptolemy.util.test.junit.AutoTests" name="[131] /home/travis/build/icyphy/ptII/ptolemy/domains/continuous/test/auto/SquareWave.xml (RunModel)" time="0.163" />
  <testcase classname="ptolemy.util.test.junit.AutoTests" name="[132] /home/travis/build/icyphy/ptII/ptolemy/domains/continuous/test/auto/Starmac.xml (RunModel)" time="3.353" />
  <testcase classname="ptolemy.util.test.junit.AutoTests" name="[133] /home/travis/build/icyphy/ptII/ptolemy/domains/continuous/test/auto/StaticUnits.xml (RunModel)" time="2.45" />
  <testcase classname="ptolemy.util.test.junit.AutoTests" name="[134] /home/travis/build/icyphy/ptII/ptolemy/domains/continuous/test/auto/StickyMasses.xml (RunModel)" time="0.174" />
  <testcase classname="ptolemy.util.test.junit.AutoTests" name="[135] /home/travis/build/icyphy/ptII/ptolemy/domains/continuous/test/auto/StopTime.xml (RunModel)" time="0.06" />
  <testcase classname="ptolemy.util.test.junit.AutoTests" name="[136] /home/travis/build/icyphy/ptII/ptolemy/domains/continuous/test/auto/StopTime2.xml (RunModel)" time="0.048" />
  <testcase classname="ptolemy.util.test.junit.AutoTests" name="[137] /home/travis/build/icyphy/ptII/ptolemy/domains/continuous/test/auto/Switch.xml (RunModel)" time="0.062" />
  <testcase classname="ptolemy.util.test.junit.AutoTests" name="[138] /home/travis/build/icyphy/ptII/ptolemy/domains/continuous/test/auto/Thermostat.xml (RunModel)" time="0.195" />
  <testcase classname="ptolemy.util.test.junit.AutoTests" name="[139] /home/travis/build/icyphy/ptII/ptolemy/domains/continuous/test/auto/TimeDelay.xml (RunModel)" time="0.011" />
  <testcase classname="ptolemy.util.test.junit.AutoTests" name="[140] /home/travis/build/icyphy/ptII/ptolemy/domains/continuous/test/auto/TimeDelay2.xml (RunModel)" time="0.022" />
  <testcase classname="ptolemy.util.test.junit.AutoTests" name="[141] /home/travis/build/icyphy/ptII/ptolemy/domains/continuous/test/auto/TimeDelay3.xml (RunModel)" time="0.011" />
  <testcase classname="ptolemy.util.test.junit.AutoTests" name="[142] /home/travis/build/icyphy/ptII/ptolemy/domains/continuous/test/auto/TransferAbsentToInside.xml (RunModel)" time="0.093" />
  <testcase classname="ptolemy.util.test.junit.AutoTests" name="[143] /home/travis/build/icyphy/ptII/ptolemy/domains/continuous/test/auto/Transmission.xml (RunModel)" time="0.71" />
  <testcase classname="ptolemy.util.test.junit.AutoTests" name="[144] /home/travis/build/icyphy/ptII/ptolemy/domains/continuous/test/auto/TriggeredContinuousClock.xml (RunModel)" time="0.064" />
  <testcase classname="ptolemy.util.test.junit.AutoTests" name="[145] /home/travis/build/icyphy/ptII/ptolemy/domains/continuous/test/auto/TwoMachineInfiniteBusControl.xml (RunModel)" time="2.417" />
  <testcase classname="ptolemy.util.test.junit.AutoTests" name="[146] /home/travis/build/icyphy/ptII/ptolemy/domains/continuous/test/auto/V2V.xml (RunModel)" time="0.745" />
  <testcase classname="ptolemy.util.test.junit.AutoTests" name="[147] /home/travis/build/icyphy/ptII/ptolemy/domains/continuous/test/auto/hierarchicalModalModel.xml (RunModel)" time="0.028" />
  <testcase classname="ptolemy.util.test.junit.AutoTests" name="[148] /home/travis/build/icyphy/ptII/ptolemy/domains/continuous/test/auto/hierarchicalModalModel1.xml (RunModel)" time="0.029" />
  <testcase classname="ptolemy.util.test.junit.AutoTests" name="[149] /home/travis/build/icyphy/ptII/ptolemy/domains/continuous/test/auto/hierarchicalModalModel2.xml (RunModel)" time="0.035" />
  <testcase classname="ptolemy.util.test.junit.AutoTests" name="[150] /home/travis/build/icyphy/ptII/ptolemy/domains/continuous/test/auto/hierarchicalModalModel3.xml (RunModel)" time="0.028" />
  <testcase classname="ptolemy.util.test.junit.AutoTests" name="[151] /home/travis/build/icyphy/ptII/ptolemy/domains/continuous/test/auto/hierarchicalModalModel4.xml (RunModel)" time="0.024" />
  <testcase classname="ptolemy.util.test.junit.AutoTests" name="[152] /home/travis/build/icyphy/ptII/ptolemy/domains/continuous/test/auto/junk.xml (RunModel)" time="0.143" />
  <system-out><![CDATA[No tcl tests in /home/travis/build/icyphy/ptII/ptolemy/domains/continuous/test
No auto/knownFailedTests/*.xml tests in /home/travis/build/icyphy/ptII/ptolemy/domains/continuous/test
No auto/linux-amd64/*.xml tests in /home/travis/build/icyphy/ptII/ptolemy/domains/continuous/test
AutoTests.java: About to close Vertx.
AutoTests.java: Vertx closed.

===========================================================================================
----------------- testing Wed Mar 25 13:37:01 UTC 2020 /home/travis/build/icyphy/ptII/ptolemy/domains/continuous/test/auto/BouncingBall.xml
----------------- Instantiating /home/travis/build/icyphy/ptII/ptolemy/domains/continuous/test/auto/BouncingBall.xml
2399 ms. Memory: 159744K Free: 114245K (72%)
----------------- Invoking toplevel() on ptolemy.moml.MoMLSimpleApplication@34cb5e90
----------------- Done invoking toplevel() on ptolemy.moml.MoMLSimpleApplication@34cb5e90
reloadAllAccessors: .BouncingBall

===========================================================================================
----------------- testing Wed Mar 25 13:37:04 UTC 2020 /home/travis/build/icyphy/ptII/ptolemy/domains/continuous/test/auto/BouncingBallWithoutGR.xml
----------------- Instantiating /home/travis/build/icyphy/ptII/ptolemy/domains/continuous/test/auto/BouncingBallWithoutGR.xml
822 ms. Memory: 192512K Free: 155077K (81%)
----------------- Invoking toplevel() on ptolemy.moml.MoMLSimpleApplication@39f90d8b
----------------- Done invoking toplevel() on ptolemy.moml.MoMLSimpleApplication@39f90d8b
reloadAllAccessors: .BouncingBallWithoutGR

===========================================================================================
----------------- testing Wed Mar 25 13:37:05 UTC 2020 /home/travis/build/icyphy/ptII/ptolemy/domains/continuous/test/auto/Brownian.xml
----------------- Instantiating /home/travis/build/icyphy/ptII/ptolemy/domains/continuous/test/auto/Brownian.xml
19 ms. Memory: 192512K Free: 146371K (76%)
----------------- Invoking toplevel() on ptolemy.moml.MoMLSimpleApplication@7ffa8987
----------------- Done invoking toplevel() on ptolemy.moml.MoMLSimpleApplication@7ffa8987
reloadAllAccessors: .Brownian

===========================================================================================
----------------- testing Wed Mar 25 13:37:05 UTC 2020 /home/travis/build/icyphy/ptII/ptolemy/domains/continuous/test/auto/CarTracking.xml
----------------- Instantiating /home/travis/build/icyphy/ptII/ptolemy/domains/continuous/test/auto/CarTracking.xml
3369 ms. Memory: 231424K Free: 153949K (67%)
----------------- Invoking toplevel() on ptolemy.moml.MoMLSimpleApplication@71e819d4
----------------- Done invoking toplevel() on ptolemy.moml.MoMLSimpleApplication@71e819d4
reloadAllAccessors: .CarTracking

===========================================================================================
----------------- testing Wed Mar 25 13:37:09 UTC 2020 /home/travis/build/icyphy/ptII/ptolemy/domains/continuous/test/auto/CartPendulum.xml
----------------- Instantiating /home/travis/build/icyphy/ptII/ptolemy/domains/continuous/test/auto/CartPendulum.xml
340 ms. Memory: 231424K Free: 197975K (86%)
----------------- Invoking toplevel() on ptolemy.moml.MoMLSimpleApplication@367e2300
----------------- Done invoking toplevel() on ptolemy.moml.MoMLSimpleApplication@367e2300
reloadAllAccessors: .CartPendulum

===========================================================================================
----------------- testing Wed Mar 25 13:37:10 UTC 2020 /home/travis/build/icyphy/ptII/ptolemy/domains/continuous/test/auto/CausalityInterface10.xml
----------------- Instantiating /home/travis/build/icyphy/ptII/ptolemy/domains/continuous/test/auto/CausalityInterface10.xml
6 ms. Memory: 231424K Free: 187223K (81%)
----------------- Invoking toplevel() on ptolemy.moml.MoMLSimpleApplication@4ea74871
----------------- Done invoking toplevel() on ptolemy.moml.MoMLSimpleApplication@4ea74871
reloadAllAccessors: .CausalityInterface10

===========================================================================================
----------------- testing Wed Mar 25 13:37:10 UTC 2020 /home/travis/build/icyphy/ptII/ptolemy/domains/continuous/test/auto/CausalityInterface11.xml
----------------- Instantiating /home/travis/build/icyphy/ptII/ptolemy/domains/continuous/test/auto/CausalityInterface11.xml
15 ms. Memory: 231424K Free: 181081K (78%)
----------------- Invoking toplevel() on ptolemy.moml.MoMLSimpleApplication@4b2e60dd
----------------- Done invoking toplevel() on ptolemy.moml.MoMLSimpleApplication@4b2e60dd
reloadAllAccessors: .CausalityInterface11

===========================================================================================
----------------- testing Wed Mar 25 13:37:10 UTC 2020 /home/travis/build/icyphy/ptII/ptolemy/domains/continuous/test/auto/CausalityInterface12.xml
----------------- Instantiating /home/travis/build/icyphy/ptII/ptolemy/domains/continuous/test/auto/CausalityInterface12.xml
8 ms. Memory: 231424K Free: 174937K (76%)
----------------- Invoking toplevel() on ptolemy.moml.MoMLSimpleApplication@7c4a6dd4
----------------- Done invoking toplevel() on ptolemy.moml.MoMLSimpleApplication@7c4a6dd4
reloadAllAccessors: .CausalityInterface12

===========================================================================================
----------------- testing Wed Mar 25 13:37:10 UTC 2020 /home/travis/build/icyphy/ptII/ptolemy/domains/continuous/test/auto/CausalityInterface13.xml
----------------- Instantiating /home/travis/build/icyphy/ptII/ptolemy/domains/continuous/test/auto/CausalityInterface13.xml
8 ms. Memory: 231424K Free: 168793K (73%)
----------------- Invoking toplevel() on ptolemy.moml.MoMLSimpleApplication@4bec941b
----------------- Done invoking toplevel() on ptolemy.moml.MoMLSimpleApplication@4bec941b
reloadAllAccessors: .CausalityInterface13

===========================================================================================
----------------- testing Wed Mar 25 13:37:10 UTC 2020 /home/travis/build/icyphy/ptII/ptolemy/domains/continuous/test/auto/CausalityInterface14.xml
----------------- Instantiating /home/travis/build/icyphy/ptII/ptolemy/domains/continuous/test/auto/CausalityInterface14.xml
3 ms. Memory: 231424K Free: 163145K (70%)
----------------- Invoking toplevel() on ptolemy.moml.MoMLSimpleApplication@5c1ceb77
----------------- Done invoking toplevel() on ptolemy.moml.MoMLSimpleApplication@5c1ceb77
reloadAllAccessors: .CausalityInterface14

===========================================================================================
----------------- testing Wed Mar 25 13:37:10 UTC 2020 /home/travis/build/icyphy/ptII/ptolemy/domains/continuous/test/auto/CausalityInterface4.xml
----------------- Instantiating /home/travis/build/icyphy/ptII/ptolemy/domains/continuous/test/auto/CausalityInterface4.xml
4 ms. Memory: 231424K Free: 156505K (68%)
----------------- Invoking toplevel() on ptolemy.moml.MoMLSimpleApplication@5e8781e5
----------------- Done invoking toplevel() on ptolemy.moml.MoMLSimpleApplication@5e8781e5
reloadAllAccessors: .CausalityInterface4

===========================================================================================
----------------- testing Wed Mar 25 13:37:10 UTC 2020 /home/travis/build/icyphy/ptII/ptolemy/domains/continuous/test/auto/CausalityInterface5.xml
----------------- Instantiating /home/travis/build/icyphy/ptII/ptolemy/domains/continuous/test/auto/CausalityInterface5.xml
6 ms. Memory: 231424K Free: 148313K (64%)
----------------- Invoking toplevel() on ptolemy.moml.MoMLSimpleApplication@7fd798b6
----------------- Done invoking toplevel() on ptolemy.moml.MoMLSimpleApplication@7fd798b6
reloadAllAccessors: .CausalityInterface5

===========================================================================================
----------------- testing Wed Mar 25 13:37:10 UTC 2020 /home/travis/build/icyphy/ptII/ptolemy/domains/continuous/test/auto/CausalityInterface6.xml
----------------- Instantiating /home/travis/build/icyphy/ptII/ptolemy/domains/continuous/test/auto/CausalityInterface6.xml
7 ms. Memory: 231424K Free: 143193K (62%)
----------------- Invoking toplevel() on ptolemy.moml.MoMLSimpleApplication@50d14efc
----------------- Done invoking toplevel() on ptolemy.moml.MoMLSimpleApplication@50d14efc
reloadAllAccessors: .CausalityInterface6

===========================================================================================
----------------- testing Wed Mar 25 13:37:10 UTC 2020 /home/travis/build/icyphy/ptII/ptolemy/domains/continuous/test/auto/CausalityInterface7.xml
----------------- Instantiating /home/travis/build/icyphy/ptII/ptolemy/domains/continuous/test/auto/CausalityInterface7.xml
8 ms. Memory: 231424K Free: 134487K (58%)
----------------- Invoking toplevel() on ptolemy.moml.MoMLSimpleApplication@7abde631
----------------- Done invoking toplevel() on ptolemy.moml.MoMLSimpleApplication@7abde631
reloadAllAccessors: .CausalityInterface7

===========================================================================================
----------------- testing Wed Mar 25 13:37:10 UTC 2020 /home/travis/build/icyphy/ptII/ptolemy/domains/continuous/test/auto/CausalityInterface8.xml
----------------- Instantiating /home/travis/build/icyphy/ptII/ptolemy/domains/continuous/test/auto/CausalityInterface8.xml
7 ms. Memory: 231424K Free: 125271K (54%)
----------------- Invoking toplevel() on ptolemy.moml.MoMLSimpleApplication@57028cb9
----------------- Done invoking toplevel() on ptolemy.moml.MoMLSimpleApplication@57028cb9
reloadAllAccessors: .CausalityInterface8

===========================================================================================
----------------- testing Wed Mar 25 13:37:10 UTC 2020 /home/travis/build/icyphy/ptII/ptolemy/domains/continuous/test/auto/CausalityInterface9.xml
----------------- Instantiating /home/travis/build/icyphy/ptII/ptolemy/domains/continuous/test/auto/CausalityInterface9.xml
10 ms. Memory: 231424K Free: 114007K (49%)
----------------- Invoking toplevel() on ptolemy.moml.MoMLSimpleApplication@497bb9cf
----------------- Done invoking toplevel() on ptolemy.moml.MoMLSimpleApplication@497bb9cf
reloadAllAccessors: .CausalityInterface9

===========================================================================================
----------------- testing Wed Mar 25 13:37:10 UTC 2020 /home/travis/build/icyphy/ptII/ptolemy/domains/continuous/test/auto/CausalityInterfaceFeedback1.xml
----------------- Instantiating /home/travis/build/icyphy/ptII/ptolemy/domains/continuous/test/auto/CausalityInterfaceFeedback1.xml
5 ms. Memory: 231424K Free: 107353K (46%)
----------------- Invoking toplevel() on ptolemy.moml.MoMLSimpleApplication@3cda9fca
----------------- Done invoking toplevel() on ptolemy.moml.MoMLSimpleApplication@3cda9fca
reloadAllAccessors: .CausalityInterfaceFeedback1

===========================================================================================
----------------- testing Wed Mar 25 13:37:10 UTC 2020 /home/travis/build/icyphy/ptII/ptolemy/domains/continuous/test/auto/CausalityInterfaceFeedback2.xml
----------------- Instantiating /home/travis/build/icyphy/ptII/ptolemy/domains/continuous/test/auto/CausalityInterfaceFeedback2.xml
5 ms. Memory: 231424K Free: 100681K (44%)
----------------- Invoking toplevel() on ptolemy.moml.MoMLSimpleApplication@4c11e21d
----------------- Done invoking toplevel() on ptolemy.moml.MoMLSimpleApplication@4c11e21d
reloadAllAccessors: .CausalityInterfaceFeedback2

===========================================================================================
----------------- testing Wed Mar 25 13:37:10 UTC 2020 /home/travis/build/icyphy/ptII/ptolemy/domains/continuous/test/auto/CompareWithCurrentTime.xml
----------------- Instantiating /home/travis/build/icyphy/ptII/ptolemy/domains/continuous/test/auto/CompareWithCurrentTime.xml
5 ms. Memory: 231424K Free: 96599K (42%)
----------------- Invoking toplevel() on ptolemy.moml.MoMLSimpleApplication@145680d4
----------------- Done invoking toplevel() on ptolemy.moml.MoMLSimpleApplication@145680d4
reloadAllAccessors: .CompareWithCurrentTime

===========================================================================================
----------------- testing Wed Mar 25 13:37:10 UTC 2020 /home/travis/build/icyphy/ptII/ptolemy/domains/continuous/test/auto/ComparedClocks.xml
----------------- Instantiating /home/travis/build/icyphy/ptII/ptolemy/domains/continuous/test/auto/ComparedClocks.xml
10 ms. Memory: 231424K Free: 81225K (35%)
----------------- Invoking toplevel() on ptolemy.moml.MoMLSimpleApplication@898545a
----------------- Done invoking toplevel() on ptolemy.moml.MoMLSimpleApplication@898545a
reloadAllAccessors: .ComparedClocks

===========================================================================================
----------------- testing Wed Mar 25 13:37:10 UTC 2020 /home/travis/build/icyphy/ptII/ptolemy/domains/continuous/test/auto/ContinuousAOCClone.xml
----------------- Instantiating /home/travis/build/icyphy/ptII/ptolemy/domains/continuous/test/auto/ContinuousAOCClone.xml
2438 ms. Memory: 278528K Free: 210931K (76%)
----------------- Invoking toplevel() on ptolemy.moml.MoMLSimpleApplication@5649de0c
----------------- Done invoking toplevel() on ptolemy.moml.MoMLSimpleApplication@5649de0c
reloadAllAccessors: .ContinuousAOCClone

===========================================================================================
----------------- testing Wed Mar 25 13:37:13 UTC 2020 /home/travis/build/icyphy/ptII/ptolemy/domains/continuous/test/auto/ContinuousClock.xml
----------------- Instantiating /home/travis/build/icyphy/ptII/ptolemy/domains/continuous/test/auto/ContinuousClock.xml
35 ms. Memory: 278528K Free: 189427K (68%)
----------------- Invoking toplevel() on ptolemy.moml.MoMLSimpleApplication@7370383e
----------------- Done invoking toplevel() on ptolemy.moml.MoMLSimpleApplication@7370383e
reloadAllAccessors: .ContinuousClock

===========================================================================================
----------------- testing Wed Mar 25 13:37:13 UTC 2020 /home/travis/build/icyphy/ptII/ptolemy/domains/continuous/test/auto/ContinuousInContinuous.xml
----------------- Instantiating /home/travis/build/icyphy/ptII/ptolemy/domains/continuous/test/auto/ContinuousInContinuous.xml
40 ms. Memory: 278528K Free: 165875K (60%)
----------------- Invoking toplevel() on ptolemy.moml.MoMLSimpleApplication@6803a7f4
----------------- Done invoking toplevel() on ptolemy.moml.MoMLSimpleApplication@6803a7f4
reloadAllAccessors: .ContinuousInContinuous

===========================================================================================
----------------- testing Wed Mar 25 13:37:13 UTC 2020 /home/travis/build/icyphy/ptII/ptolemy/domains/continuous/test/auto/ContinuousInContinuousInContinuous.xml
----------------- Instantiating /home/travis/build/icyphy/ptII/ptolemy/domains/continuous/test/auto/ContinuousInContinuousInContinuous.xml
5 ms. Memory: 278528K Free: 157683K (57%)
----------------- Invoking toplevel() on ptolemy.moml.MoMLSimpleApplication@11b2e7b2
----------------- Done invoking toplevel() on ptolemy.moml.MoMLSimpleApplication@11b2e7b2
reloadAllAccessors: .ContinuousInContinuousInContinuous

===========================================================================================
----------------- testing Wed Mar 25 13:37:13 UTC 2020 /home/travis/build/icyphy/ptII/ptolemy/domains/continuous/test/auto/ContinuousInDE.xml
----------------- Instantiating /home/travis/build/icyphy/ptII/ptolemy/domains/continuous/test/auto/ContinuousInDE.xml
84 ms. Memory: 278528K Free: 146933K (53%)
----------------- Invoking toplevel() on ptolemy.moml.MoMLSimpleApplication@33e2717d
----------------- Done invoking toplevel() on ptolemy.moml.MoMLSimpleApplication@33e2717d
reloadAllAccessors: .ContinuousInDE

===========================================================================================
----------------- testing Wed Mar 25 13:37:13 UTC 2020 /home/travis/build/icyphy/ptII/ptolemy/domains/continuous/test/auto/ContinuousInDE2.xml
----------------- Instantiating /home/travis/build/icyphy/ptII/ptolemy/domains/continuous/test/auto/ContinuousInDE2.xml
30 ms. Memory: 278528K Free: 137203K (49%)
----------------- Invoking toplevel() on ptolemy.moml.MoMLSimpleApplication@1b034a71
----------------- Done invoking toplevel() on ptolemy.moml.MoMLSimpleApplication@1b034a71
reloadAllAccessors: .ContinuousInDE2

===========================================================================================
----------------- testing Wed Mar 25 13:37:13 UTC 2020 /home/travis/build/icyphy/ptII/ptolemy/domains/continuous/test/auto/ContinuousInDE3.xml
----------------- Instantiating /home/travis/build/icyphy/ptII/ptolemy/domains/continuous/test/auto/ContinuousInDE3.xml
33 ms. Memory: 278528K Free: 127477K (46%)
----------------- Invoking toplevel() on ptolemy.moml.MoMLSimpleApplication@45d59c58
----------------- Done invoking toplevel() on ptolemy.moml.MoMLSimpleApplication@45d59c58
reloadAllAccessors: .ContinuousInDE3

===========================================================================================
----------------- testing Wed Mar 25 13:37:13 UTC 2020 /home/travis/build/icyphy/ptII/ptolemy/domains/continuous/test/auto/ContinuousInDE4.xml
----------------- Instantiating /home/travis/build/icyphy/ptII/ptolemy/domains/continuous/test/auto/ContinuousInDE4.xml
11 ms. Memory: 278528K Free: 121333K (44%)
----------------- Invoking toplevel() on ptolemy.moml.MoMLSimpleApplication@37ae1de
----------------- Done invoking toplevel() on ptolemy.moml.MoMLSimpleApplication@37ae1de
reloadAllAccessors: .ContinuousInDE4

===========================================================================================
----------------- testing Wed Mar 25 13:37:13 UTC 2020 /home/travis/build/icyphy/ptII/ptolemy/domains/continuous/test/auto/ContinuousInDEDifferentRefinements.xml
----------------- Instantiating /home/travis/build/icyphy/ptII/ptolemy/domains/continuous/test/auto/ContinuousInDEDifferentRefinements.xml
61 ms. Memory: 278528K Free: 255566K (92%)
----------------- Invoking toplevel() on ptolemy.moml.MoMLSimpleApplication@6fa8e80
----------------- Done invoking toplevel() on ptolemy.moml.MoMLSimpleApplication@6fa8e80
reloadAllAccessors: .ContinuousInDEDifferentRefinements

===========================================================================================
----------------- testing Wed Mar 25 13:37:13 UTC 2020 /home/travis/build/icyphy/ptII/ptolemy/domains/continuous/test/auto/ContinuousInDEDifferentRefinementsPreemptive.xml
----------------- Instantiating /home/travis/build/icyphy/ptII/ptolemy/domains/continuous/test/auto/ContinuousInDEDifferentRefinementsPreemptive.xml
41 ms. Memory: 278528K Free: 224703K (81%)
----------------- Invoking toplevel() on ptolemy.moml.MoMLSimpleApplication@3aeac3b7
----------------- Done invoking toplevel() on ptolemy.moml.MoMLSimpleApplication@3aeac3b7
reloadAllAccessors: .ContinuousInDEDifferentRefinementsPreemptive

===========================================================================================
----------------- testing Wed Mar 25 13:37:14 UTC 2020 /home/travis/build/icyphy/ptII/ptolemy/domains/continuous/test/auto/ContinuousInDEInContinuous2.xml
----------------- Instantiating /home/travis/build/icyphy/ptII/ptolemy/domains/continuous/test/auto/ContinuousInDEInContinuous2.xml
33 ms. Memory: 278528K Free: 212960K (76%)
----------------- Invoking toplevel() on ptolemy.moml.MoMLSimpleApplication@2a73e08
----------------- Done invoking toplevel() on ptolemy.moml.MoMLSimpleApplication@2a73e08
reloadAllAccessors: .ContinuousInDEInContinuous2

===========================================================================================
----------------- testing Wed Mar 25 13:37:14 UTC 2020 /home/travis/build/icyphy/ptII/ptolemy/domains/continuous/test/auto/ContinuousInDEInContinuous3.xml
----------------- Instantiating /home/travis/build/icyphy/ptII/ptolemy/domains/continuous/test/auto/ContinuousInDEInContinuous3.xml
32 ms. Memory: 278528K Free: 201182K (72%)
----------------- Invoking toplevel() on ptolemy.moml.MoMLSimpleApplication@345fbd17
----------------- Done invoking toplevel() on ptolemy.moml.MoMLSimpleApplication@345fbd17
reloadAllAccessors: .ContinuousInDEInContinuous3

===========================================================================================
----------------- testing Wed Mar 25 13:37:14 UTC 2020 /home/travis/build/icyphy/ptII/ptolemy/domains/continuous/test/auto/ContinuousInDEInput.xml
----------------- Instantiating /home/travis/build/icyphy/ptII/ptolemy/domains/continuous/test/auto/ContinuousInDEInput.xml
12 ms. Memory: 278528K Free: 194014K (70%)
----------------- Invoking toplevel() on ptolemy.moml.MoMLSimpleApplication@2f9a2bd9
----------------- Done invoking toplevel() on ptolemy.moml.MoMLSimpleApplication@2f9a2bd9
reloadAllAccessors: .ContinuousInDEInput

===========================================================================================
----------------- testing Wed Mar 25 13:37:14 UTC 2020 /home/travis/build/icyphy/ptII/ptolemy/domains/continuous/test/auto/ContinuousInDEInput2.xml
----------------- Instantiating /home/travis/build/icyphy/ptII/ptolemy/domains/continuous/test/auto/ContinuousInDEInput2.xml
10 ms. Memory: 278528K Free: 186846K (67%)
----------------- Invoking toplevel() on ptolemy.moml.MoMLSimpleApplication@5016be11
----------------- Done invoking toplevel() on ptolemy.moml.MoMLSimpleApplication@5016be11
reloadAllAccessors: .ContinuousInDEInput2

===========================================================================================
----------------- testing Wed Mar 25 13:37:14 UTC 2020 /home/travis/build/icyphy/ptII/ptolemy/domains/continuous/test/auto/ContinuousInDEInput3.xml
----------------- Instantiating /home/travis/build/icyphy/ptII/ptolemy/domains/continuous/test/auto/ContinuousInDEInput3.xml
10 ms. Memory: 278528K Free: 179678K (65%)
----------------- Invoking toplevel() on ptolemy.moml.MoMLSimpleApplication@35fcad7c
----------------- Done invoking toplevel() on ptolemy.moml.MoMLSimpleApplication@35fcad7c
reloadAllAccessors: .ContinuousInDEInput3

===========================================================================================
----------------- testing Wed Mar 25 13:37:14 UTC 2020 /home/travis/build/icyphy/ptII/ptolemy/domains/continuous/test/auto/ContinuousInDESharingRefinement.xml
----------------- Instantiating /home/travis/build/icyphy/ptII/ptolemy/domains/continuous/test/auto/ContinuousInDESharingRefinement.xml
165 ms. Memory: 278528K Free: 251581K (90%)
----------------- Invoking toplevel() on ptolemy.moml.MoMLSimpleApplication@3a4143c3
----------------- Done invoking toplevel() on ptolemy.moml.MoMLSimpleApplication@3a4143c3
reloadAllAccessors: .ContinuousInDESharingRefinement

===========================================================================================
----------------- testing Wed Mar 25 13:37:14 UTC 2020 /home/travis/build/icyphy/ptII/ptolemy/domains/continuous/test/auto/ContinuousInDEwithNoPorts.xml
----------------- Instantiating /home/travis/build/icyphy/ptII/ptolemy/domains/continuous/test/auto/ContinuousInDEwithNoPorts.xml
4 ms. Memory: 278528K Free: 246989K (89%)
----------------- Invoking toplevel() on ptolemy.moml.MoMLSimpleApplication@320bdc53
----------------- Done invoking toplevel() on ptolemy.moml.MoMLSimpleApplication@320bdc53
reloadAllAccessors: .ContinuousInDEwithNoPorts

===========================================================================================
----------------- testing Wed Mar 25 13:37:14 UTC 2020 /home/travis/build/icyphy/ptII/ptolemy/domains/continuous/test/auto/ContinuousInsideDE.xml
----------------- Instantiating /home/travis/build/icyphy/ptII/ptolemy/domains/continuous/test/auto/ContinuousInsideDE.xml
33 ms. Memory: 278528K Free: 235725K (85%)
----------------- Invoking toplevel() on ptolemy.moml.MoMLSimpleApplication@122083d4
----------------- Done invoking toplevel() on ptolemy.moml.MoMLSimpleApplication@122083d4
reloadAllAccessors: .ContinuousInsideDE

===========================================================================================
----------------- testing Wed Mar 25 13:37:14 UTC 2020 /home/travis/build/icyphy/ptII/ptolemy/domains/continuous/test/auto/ContinuousMerge1.xml
----------------- Instantiating /home/travis/build/icyphy/ptII/ptolemy/domains/continuous/test/auto/ContinuousMerge1.xml
3 ms. Memory: 278528K Free: 231101K (83%)
----------------- Invoking toplevel() on ptolemy.moml.MoMLSimpleApplication@5580a455
----------------- Done invoking toplevel() on ptolemy.moml.MoMLSimpleApplication@5580a455
reloadAllAccessors: .ContinuousMerge1

===========================================================================================
----------------- testing Wed Mar 25 13:37:14 UTC 2020 /home/travis/build/icyphy/ptII/ptolemy/domains/continuous/test/auto/ContinuousMerge2.xml
----------------- Instantiating /home/travis/build/icyphy/ptII/ptolemy/domains/continuous/test/auto/ContinuousMerge2.xml
12 ms. Memory: 278528K Free: 220875K (79%)
----------------- Invoking toplevel() on ptolemy.moml.MoMLSimpleApplication@919fd34
----------------- Done invoking toplevel() on ptolemy.moml.MoMLSimpleApplication@919fd34
reloadAllAccessors: .ContinuousMerge2

===========================================================================================
----------------- testing Wed Mar 25 13:37:14 UTC 2020 /home/travis/build/icyphy/ptII/ptolemy/domains/continuous/test/auto/ContinuousMerge3.xml
----------------- Instantiating /home/travis/build/icyphy/ptII/ptolemy/domains/continuous/test/auto/ContinuousMerge3.xml
38 ms. Memory: 278528K Free: 210125K (75%)
----------------- Invoking toplevel() on ptolemy.moml.MoMLSimpleApplication@61b70014
----------------- Done invoking toplevel() on ptolemy.moml.MoMLSimpleApplication@61b70014
reloadAllAccessors: .ContinuousMerge3

===========================================================================================
----------------- testing Wed Mar 25 13:37:14 UTC 2020 /home/travis/build/icyphy/ptII/ptolemy/domains/continuous/test/auto/ContinuousWithinContinuous.xml
----------------- Instantiating /home/travis/build/icyphy/ptII/ptolemy/domains/continuous/test/auto/ContinuousWithinContinuous.xml
32 ms. Memory: 278528K Free: 200909K (72%)
----------------- Invoking toplevel() on ptolemy.moml.MoMLSimpleApplication@49466690
----------------- Done invoking toplevel() on ptolemy.moml.MoMLSimpleApplication@49466690
reloadAllAccessors: .ContinuousWithinContinuous

===========================================================================================
----------------- testing Wed Mar 25 13:37:14 UTC 2020 /home/travis/build/icyphy/ptII/ptolemy/domains/continuous/test/auto/ContinuousWithinContinuous2.xml
----------------- Instantiating /home/travis/build/icyphy/ptII/ptolemy/domains/continuous/test/auto/ContinuousWithinContinuous2.xml
58 ms. Memory: 278528K Free: 190155K (68%)
----------------- Invoking toplevel() on ptolemy.moml.MoMLSimpleApplication@3bf7ca6f
----------------- Done invoking toplevel() on ptolemy.moml.MoMLSimpleApplication@3bf7ca6f
reloadAllAccessors: .ContinuousWithinContinuous2

===========================================================================================
----------------- testing Wed Mar 25 13:37:14 UTC 2020 /home/travis/build/icyphy/ptII/ptolemy/domains/continuous/test/auto/ContinuousWithinContinuous3.xml
----------------- Instantiating /home/travis/build/icyphy/ptII/ptolemy/domains/continuous/test/auto/ContinuousWithinContinuous3.xml
14 ms. Memory: 278528K Free: 183501K (66%)
----------------- Invoking toplevel() on ptolemy.moml.MoMLSimpleApplication@4b7548c2
----------------- Done invoking toplevel() on ptolemy.moml.MoMLSimpleApplication@4b7548c2
reloadAllAccessors: .ContinuousWithinContinuous3

===========================================================================================
----------------- testing Wed Mar 25 13:37:14 UTC 2020 /home/travis/build/icyphy/ptII/ptolemy/domains/continuous/test/auto/ContinuousWithinContinuous4.xml
----------------- Instantiating /home/travis/build/icyphy/ptII/ptolemy/domains/continuous/test/auto/ContinuousWithinContinuous4.xml
60 ms. Memory: 278528K Free: 171213K (61%)
----------------- Invoking toplevel() on ptolemy.moml.MoMLSimpleApplication@4e6d8775
----------------- Done invoking toplevel() on ptolemy.moml.MoMLSimpleApplication@4e6d8775
reloadAllAccessors: .ContinuousWithinContinuous4

===========================================================================================
----------------- testing Wed Mar 25 13:37:14 UTC 2020 /home/travis/build/icyphy/ptII/ptolemy/domains/continuous/test/auto/ContinuousWithinContinuous5.xml
----------------- Instantiating /home/travis/build/icyphy/ptII/ptolemy/domains/continuous/test/auto/ContinuousWithinContinuous5.xml
11 ms. Memory: 278528K Free: 164045K (59%)
----------------- Invoking toplevel() on ptolemy.moml.MoMLSimpleApplication@1701ebbb
----------------- Done invoking toplevel() on ptolemy.moml.MoMLSimpleApplication@1701ebbb
reloadAllAccessors: .ContinuousWithinContinuous5

===========================================================================================
----------------- testing Wed Mar 25 13:37:14 UTC 2020 /home/travis/build/icyphy/ptII/ptolemy/domains/continuous/test/auto/ContinuousWithinContinuous6.xml
----------------- Instantiating /home/travis/build/icyphy/ptII/ptolemy/domains/continuous/test/auto/ContinuousWithinContinuous6.xml
10 ms. Memory: 278528K Free: 157387K (57%)
----------------- Invoking toplevel() on ptolemy.moml.MoMLSimpleApplication@326c5b74
----------------- Done invoking toplevel() on ptolemy.moml.MoMLSimpleApplication@326c5b74
reloadAllAccessors: .ContinuousWithinContinuous6

===========================================================================================
----------------- testing Wed Mar 25 13:37:14 UTC 2020 /home/travis/build/icyphy/ptII/ptolemy/domains/continuous/test/auto/ContinuousWithinContinuous7.xml
----------------- Instantiating /home/travis/build/icyphy/ptII/ptolemy/domains/continuous/test/auto/ContinuousWithinContinuous7.xml
50 ms. Memory: 278528K Free: 146637K (53%)
----------------- Invoking toplevel() on ptolemy.moml.MoMLSimpleApplication@69958016
----------------- Done invoking toplevel() on ptolemy.moml.MoMLSimpleApplication@69958016
reloadAllAccessors: .ContinuousWithinContinuous7

===========================================================================================
----------------- testing Wed Mar 25 13:37:15 UTC 2020 /home/travis/build/icyphy/ptII/ptolemy/domains/continuous/test/auto/DCMotor.xml
----------------- Instantiating /home/travis/build/icyphy/ptII/ptolemy/domains/continuous/test/auto/DCMotor.xml
12320 ms. Memory: 278528K Free: 233062K (84%)
----------------- Invoking toplevel() on ptolemy.moml.MoMLSimpleApplication@3a86f36f
----------------- Done invoking toplevel() on ptolemy.moml.MoMLSimpleApplication@3a86f36f
reloadAllAccessors: .DCMotor

===========================================================================================
----------------- testing Wed Mar 25 13:37:27 UTC 2020 /home/travis/build/icyphy/ptII/ptolemy/domains/continuous/test/auto/DEInContinuous.xml
----------------- Instantiating /home/travis/build/icyphy/ptII/ptolemy/domains/continuous/test/auto/DEInContinuous.xml
11 ms. Memory: 278528K Free: 226918K (81%)
----------------- Invoking toplevel() on ptolemy.moml.MoMLSimpleApplication@788db9f2
----------------- Done invoking toplevel() on ptolemy.moml.MoMLSimpleApplication@788db9f2
reloadAllAccessors: .DEInContinuous

===========================================================================================
----------------- testing Wed Mar 25 13:37:27 UTC 2020 /home/travis/build/icyphy/ptII/ptolemy/domains/continuous/test/auto/DEinContinuous2.xml
----------------- Instantiating /home/travis/build/icyphy/ptII/ptolemy/domains/continuous/test/auto/DEinContinuous2.xml
6 ms. Memory: 278528K Free: 218726K (79%)
----------------- Invoking toplevel() on ptolemy.moml.MoMLSimpleApplication@63c69952
----------------- Done invoking toplevel() on ptolemy.moml.MoMLSimpleApplication@63c69952
reloadAllAccessors: .DEinContinuous2

===========================================================================================
----------------- testing Wed Mar 25 13:37:27 UTC 2020 /home/travis/build/icyphy/ptII/ptolemy/domains/continuous/test/auto/Derivative.xml
----------------- Instantiating /home/travis/build/icyphy/ptII/ptolemy/domains/continuous/test/auto/Derivative.xml
108 ms. Memory: 278528K Free: 189540K (68%)
----------------- Invoking toplevel() on ptolemy.moml.MoMLSimpleApplication@29f18ca9
----------------- Done invoking toplevel() on ptolemy.moml.MoMLSimpleApplication@29f18ca9
reloadAllAccessors: .Derivative2

===========================================================================================
----------------- testing Wed Mar 25 13:37:27 UTC 2020 /home/travis/build/icyphy/ptII/ptolemy/domains/continuous/test/auto/Derivative1.xml
----------------- Instantiating /home/travis/build/icyphy/ptII/ptolemy/domains/continuous/test/auto/Derivative1.xml
21 ms. Memory: 278528K Free: 175204K (63%)
----------------- Invoking toplevel() on ptolemy.moml.MoMLSimpleApplication@36400a80
----------------- Done invoking toplevel() on ptolemy.moml.MoMLSimpleApplication@36400a80
reloadAllAccessors: .Derivative1

===========================================================================================
----------------- testing Wed Mar 25 13:37:27 UTC 2020 /home/travis/build/icyphy/ptII/ptolemy/domains/continuous/test/auto/DiscreteClock.xml
----------------- Instantiating /home/travis/build/icyphy/ptII/ptolemy/domains/continuous/test/auto/DiscreteClock.xml
4 ms. Memory: 278528K Free: 170084K (61%)
----------------- Invoking toplevel() on ptolemy.moml.MoMLSimpleApplication@5e512442
----------------- Done invoking toplevel() on ptolemy.moml.MoMLSimpleApplication@5e512442
reloadAllAccessors: .DiscreteClock

===========================================================================================
----------------- testing Wed Mar 25 13:37:27 UTC 2020 /home/travis/build/icyphy/ptII/ptolemy/domains/continuous/test/auto/EfficiencyCurve.xml
----------------- Instantiating /home/travis/build/icyphy/ptII/ptolemy/domains/continuous/test/auto/EfficiencyCurve.xml
50 ms. Memory: 278528K Free: 160868K (58%)
----------------- Invoking toplevel() on ptolemy.moml.MoMLSimpleApplication@29ff67f5
----------------- Done invoking toplevel() on ptolemy.moml.MoMLSimpleApplication@29ff67f5
reloadAllAccessors: .EfficiencyCurve

===========================================================================================
----------------- testing Wed Mar 25 13:37:27 UTC 2020 /home/travis/build/icyphy/ptII/ptolemy/domains/continuous/test/auto/ExponentialResponse.xml
----------------- Instantiating /home/travis/build/icyphy/ptII/ptolemy/domains/continuous/test/auto/ExponentialResponse.xml
89 ms. Memory: 278528K Free: 144998K (52%)
----------------- Invoking toplevel() on ptolemy.moml.MoMLSimpleApplication@20dc75ef
----------------- Done invoking toplevel() on ptolemy.moml.MoMLSimpleApplication@20dc75ef
reloadAllAccessors: .ExponentialResponse

===========================================================================================
----------------- testing Wed Mar 25 13:37:27 UTC 2020 /home/travis/build/icyphy/ptII/ptolemy/domains/continuous/test/auto/ExponentialResponseRK45.xml
----------------- Instantiating /home/travis/build/icyphy/ptII/ptolemy/domains/continuous/test/auto/ExponentialResponseRK45.xml
21 ms. Memory: 278528K Free: 138340K (50%)
----------------- Invoking toplevel() on ptolemy.moml.MoMLSimpleApplication@68052328
----------------- Done invoking toplevel() on ptolemy.moml.MoMLSimpleApplication@68052328
reloadAllAccessors: .ExponentialResponseRK45

===========================================================================================
----------------- testing Wed Mar 25 13:37:27 UTC 2020 /home/travis/build/icyphy/ptII/ptolemy/domains/continuous/test/auto/Friction.xml
----------------- Instantiating /home/travis/build/icyphy/ptII/ptolemy/domains/continuous/test/auto/Friction.xml
1383 ms. Memory: 278528K Free: 209456K (75%)
----------------- Invoking toplevel() on ptolemy.moml.MoMLSimpleApplication@362db251
----------------- Done invoking toplevel() on ptolemy.moml.MoMLSimpleApplication@362db251
reloadAllAccessors: .Friction

===========================================================================================
----------------- testing Wed Mar 25 13:37:29 UTC 2020 /home/travis/build/icyphy/ptII/ptolemy/domains/continuous/test/auto/FurutaPendulum.xml
----------------- Instantiating /home/travis/build/icyphy/ptII/ptolemy/domains/continuous/test/auto/FurutaPendulum.xml
2792 ms. Memory: 278528K Free: 188899K (68%)
----------------- Invoking toplevel() on ptolemy.moml.MoMLSimpleApplication@2a2a0239
----------------- Done invoking toplevel() on ptolemy.moml.MoMLSimpleApplication@2a2a0239
reloadAllAccessors: .FurutaPendulum

===========================================================================================
----------------- testing Wed Mar 25 13:37:32 UTC 2020 /home/travis/build/icyphy/ptII/ptolemy/domains/continuous/test/auto/HierarchicalExecution.xml
----------------- Instantiating /home/travis/build/icyphy/ptII/ptolemy/domains/continuous/test/auto/HierarchicalExecution.xml
1514 ms. Memory: 278528K Free: 230548K (83%)
----------------- Invoking toplevel() on ptolemy.moml.MoMLSimpleApplication@545d7056
----------------- Done invoking toplevel() on ptolemy.moml.MoMLSimpleApplication@545d7056
reloadAllAccessors: .HierarchicalExecution

===========================================================================================
----------------- testing Wed Mar 25 13:37:34 UTC 2020 /home/travis/build/icyphy/ptII/ptolemy/domains/continuous/test/auto/HybridPlant.xml
----------------- Instantiating /home/travis/build/icyphy/ptII/ptolemy/domains/continuous/test/auto/HybridPlant.xml
465 ms. Memory: 278528K Free: 132191K (47%)
----------------- Invoking toplevel() on ptolemy.moml.MoMLSimpleApplication@facc6e
----------------- Done invoking toplevel() on ptolemy.moml.MoMLSimpleApplication@facc6e
reloadAllAccessors: .HybridPlant

===========================================================================================
----------------- testing Wed Mar 25 13:37:34 UTC 2020 /home/travis/build/icyphy/ptII/ptolemy/domains/continuous/test/auto/Hysteresis.xml
----------------- Instantiating /home/travis/build/icyphy/ptII/ptolemy/domains/continuous/test/auto/Hysteresis.xml
126 ms. Memory: 278528K Free: 235710K (85%)
----------------- Invoking toplevel() on ptolemy.moml.MoMLSimpleApplication@65b06a00
----------------- Done invoking toplevel() on ptolemy.moml.MoMLSimpleApplication@65b06a00
reloadAllAccessors: .Hysteresis

===========================================================================================
----------------- testing Wed Mar 25 13:37:34 UTC 2020 /home/travis/build/icyphy/ptII/ptolemy/domains/continuous/test/auto/HysteresisWithRandomDelay.xml
----------------- Instantiating /home/travis/build/icyphy/ptII/ptolemy/domains/continuous/test/auto/HysteresisWithRandomDelay.xml
153 ms. Memory: 278528K Free: 163968K (59%)
----------------- Invoking toplevel() on ptolemy.moml.MoMLSimpleApplication@1d65c626
----------------- Done invoking toplevel() on ptolemy.moml.MoMLSimpleApplication@1d65c626
reloadAllAccessors: .HysteresisWithRandomDelay

===========================================================================================
----------------- testing Wed Mar 25 13:37:35 UTC 2020 /home/travis/build/icyphy/ptII/ptolemy/domains/continuous/test/auto/HysteresisWithRandomLosses.xml
----------------- Instantiating /home/travis/build/icyphy/ptII/ptolemy/domains/continuous/test/auto/HysteresisWithRandomLosses.xml
2235 ms. Memory: 334848K Free: 140569K (42%)
----------------- Invoking toplevel() on ptolemy.moml.MoMLSimpleApplication@be2df97
----------------- Done invoking toplevel() on ptolemy.moml.MoMLSimpleApplication@be2df97
reloadAllAccessors: .HysteresisWithRandomLosses

===========================================================================================
----------------- testing Wed Mar 25 13:37:37 UTC 2020 /home/travis/build/icyphy/ptII/ptolemy/domains/continuous/test/auto/ImmediateTransitions.xml
----------------- Instantiating /home/travis/build/icyphy/ptII/ptolemy/domains/continuous/test/auto/ImmediateTransitions.xml
10 ms. Memory: 334848K Free: 129305K (39%)
----------------- Invoking toplevel() on ptolemy.moml.MoMLSimpleApplication@2e196a7f
----------------- Done invoking toplevel() on ptolemy.moml.MoMLSimpleApplication@2e196a7f
reloadAllAccessors: .ImmediateTransitions

===========================================================================================
----------------- testing Wed Mar 25 13:37:37 UTC 2020 /home/travis/build/icyphy/ptII/ptolemy/domains/continuous/test/auto/ImpulseFeedback.xml
----------------- Instantiating /home/travis/build/icyphy/ptII/ptolemy/domains/continuous/test/auto/ImpulseFeedback.xml
6 ms. Memory: 334848K Free: 123671K (37%)
----------------- Invoking toplevel() on ptolemy.moml.MoMLSimpleApplication@2c139f49
----------------- Done invoking toplevel() on ptolemy.moml.MoMLSimpleApplication@2c139f49
reloadAllAccessors: .ImpulseFeedback

===========================================================================================
----------------- testing Wed Mar 25 13:37:37 UTC 2020 /home/travis/build/icyphy/ptII/ptolemy/domains/continuous/test/auto/ImpulseFeedback2.xml
----------------- Instantiating /home/travis/build/icyphy/ptII/ptolemy/domains/continuous/test/auto/ImpulseFeedback2.xml
11 ms. Memory: 334848K Free: 317404K (95%)
----------------- Invoking toplevel() on ptolemy.moml.MoMLSimpleApplication@6037b9db
----------------- Done invoking toplevel() on ptolemy.moml.MoMLSimpleApplication@6037b9db
reloadAllAccessors: .ImpulseFeedback2

===========================================================================================
----------------- testing Wed Mar 25 13:37:37 UTC 2020 /home/travis/build/icyphy/ptII/ptolemy/domains/continuous/test/auto/IncreasingRatePoisson.xml
----------------- Instantiating /home/travis/build/icyphy/ptII/ptolemy/domains/continuous/test/auto/IncreasingRatePoisson.xml
633 ms. Memory: 334848K Free: 210360K (63%)
----------------- Invoking toplevel() on ptolemy.moml.MoMLSimpleApplication@6ab6d227
----------------- Done invoking toplevel() on ptolemy.moml.MoMLSimpleApplication@6ab6d227
reloadAllAccessors: .IncreasingRatePoisson

===========================================================================================
----------------- testing Wed Mar 25 13:37:38 UTC 2020 /home/travis/build/icyphy/ptII/ptolemy/domains/continuous/test/auto/InitialStateFeedback.xml
----------------- Instantiating /home/travis/build/icyphy/ptII/ptolemy/domains/continuous/test/auto/InitialStateFeedback.xml
3 ms. Memory: 334848K Free: 205768K (61%)
----------------- Invoking toplevel() on ptolemy.moml.MoMLSimpleApplication@4613c18e
----------------- Done invoking toplevel() on ptolemy.moml.MoMLSimpleApplication@4613c18e
reloadAllAccessors: .InitialStateFeedback

===========================================================================================
----------------- testing Wed Mar 25 13:37:38 UTC 2020 /home/travis/build/icyphy/ptII/ptolemy/domains/continuous/test/auto/Integration.xml
----------------- Instantiating /home/travis/build/icyphy/ptII/ptolemy/domains/continuous/test/auto/Integration.xml
2 ms. Memory: 334848K Free: 201672K (60%)
----------------- Invoking toplevel() on ptolemy.moml.MoMLSimpleApplication@172ce38f
----------------- Done invoking toplevel() on ptolemy.moml.MoMLSimpleApplication@172ce38f
reloadAllAccessors: .Integration

===========================================================================================
----------------- testing Wed Mar 25 13:37:38 UTC 2020 /home/travis/build/icyphy/ptII/ptolemy/domains/continuous/test/auto/Integration2.xml
----------------- Instantiating /home/travis/build/icyphy/ptII/ptolemy/domains/continuous/test/auto/Integration2.xml
64 ms. Memory: 334848K Free: 187336K (56%)
----------------- Invoking toplevel() on ptolemy.moml.MoMLSimpleApplication@68ff420e
----------------- Done invoking toplevel() on ptolemy.moml.MoMLSimpleApplication@68ff420e
reloadAllAccessors: .Integration2

===========================================================================================
----------------- testing Wed Mar 25 13:37:38 UTC 2020 /home/travis/build/icyphy/ptII/ptolemy/domains/continuous/test/auto/Integration3.xml
----------------- Instantiating /home/travis/build/icyphy/ptII/ptolemy/domains/continuous/test/auto/Integration3.xml
2 ms. Memory: 334848K Free: 182712K (55%)
----------------- Invoking toplevel() on ptolemy.moml.MoMLSimpleApplication@40395312
----------------- Done invoking toplevel() on ptolemy.moml.MoMLSimpleApplication@40395312
reloadAllAccessors: .Integration3

===========================================================================================
----------------- testing Wed Mar 25 13:37:38 UTC 2020 /home/travis/build/icyphy/ptII/ptolemy/domains/continuous/test/auto/Integration5.xml
----------------- Instantiating /home/travis/build/icyphy/ptII/ptolemy/domains/continuous/test/auto/Integration5.xml
2 ms. Memory: 334848K Free: 178630K (53%)
----------------- Invoking toplevel() on ptolemy.moml.MoMLSimpleApplication@4dcb228
----------------- Done invoking toplevel() on ptolemy.moml.MoMLSimpleApplication@4dcb228
reloadAllAccessors: .Integration5

===========================================================================================
----------------- testing Wed Mar 25 13:37:38 UTC 2020 /home/travis/build/icyphy/ptII/ptolemy/domains/continuous/test/auto/IntegratorImpulse.xml
----------------- Instantiating /home/travis/build/icyphy/ptII/ptolemy/domains/continuous/test/auto/IntegratorImpulse.xml
2 ms. Memory: 334848K Free: 174504K (52%)
----------------- Invoking toplevel() on ptolemy.moml.MoMLSimpleApplication@1cb70f8f
----------------- Done invoking toplevel() on ptolemy.moml.MoMLSimpleApplication@1cb70f8f
reloadAllAccessors: .IntegratorImpulse

===========================================================================================
----------------- testing Wed Mar 25 13:37:38 UTC 2020 /home/travis/build/icyphy/ptII/ptolemy/domains/continuous/test/auto/IntegratorImpulse2.xml
----------------- Instantiating /home/travis/build/icyphy/ptII/ptolemy/domains/continuous/test/auto/IntegratorImpulse2.xml
3 ms. Memory: 334848K Free: 169928K (51%)
----------------- Invoking toplevel() on ptolemy.moml.MoMLSimpleApplication@1067be46
----------------- Done invoking toplevel() on ptolemy.moml.MoMLSimpleApplication@1067be46
reloadAllAccessors: .IntegratorImpulse2

===========================================================================================
----------------- testing Wed Mar 25 13:37:38 UTC 2020 /home/travis/build/icyphy/ptII/ptolemy/domains/continuous/test/auto/LevelCrossing1.xml
----------------- Instantiating /home/travis/build/icyphy/ptII/ptolemy/domains/continuous/test/auto/LevelCrossing1.xml
2 ms. Memory: 334848K Free: 164808K (49%)
----------------- Invoking toplevel() on ptolemy.moml.MoMLSimpleApplication@4655719e
----------------- Done invoking toplevel() on ptolemy.moml.MoMLSimpleApplication@4655719e
reloadAllAccessors: .LevelCrossing1

===========================================================================================
----------------- testing Wed Mar 25 13:37:38 UTC 2020 /home/travis/build/icyphy/ptII/ptolemy/domains/continuous/test/auto/LevelCrossing2.xml
----------------- Instantiating /home/travis/build/icyphy/ptII/ptolemy/domains/continuous/test/auto/LevelCrossing2.xml
2 ms. Memory: 334848K Free: 159688K (48%)
----------------- Invoking toplevel() on ptolemy.moml.MoMLSimpleApplication@36a8caa3
----------------- Done invoking toplevel() on ptolemy.moml.MoMLSimpleApplication@36a8caa3
reloadAllAccessors: .LevelCrossing2

===========================================================================================
----------------- testing Wed Mar 25 13:37:38 UTC 2020 /home/travis/build/icyphy/ptII/ptolemy/domains/continuous/test/auto/LevelCrossing3.xml
----------------- Instantiating /home/travis/build/icyphy/ptII/ptolemy/domains/continuous/test/auto/LevelCrossing3.xml
2 ms. Memory: 334848K Free: 154568K (46%)
----------------- Invoking toplevel() on ptolemy.moml.MoMLSimpleApplication@4551761
----------------- Done invoking toplevel() on ptolemy.moml.MoMLSimpleApplication@4551761
reloadAllAccessors: .LevelCrossing3

===========================================================================================
----------------- testing Wed Mar 25 13:37:38 UTC 2020 /home/travis/build/icyphy/ptII/ptolemy/domains/continuous/test/auto/LevelCrossing4.xml
----------------- Instantiating /home/travis/build/icyphy/ptII/ptolemy/domains/continuous/test/auto/LevelCrossing4.xml
3 ms. Memory: 334848K Free: 149448K (45%)
----------------- Invoking toplevel() on ptolemy.moml.MoMLSimpleApplication@373dfca3
----------------- Done invoking toplevel() on ptolemy.moml.MoMLSimpleApplication@373dfca3
reloadAllAccessors: .LevelCrossing4

===========================================================================================
----------------- testing Wed Mar 25 13:37:38 UTC 2020 /home/travis/build/icyphy/ptII/ptolemy/domains/continuous/test/auto/LevelCrossing5.xml
----------------- Instantiating /home/travis/build/icyphy/ptII/ptolemy/domains/continuous/test/auto/LevelCrossing5.xml
3 ms. Memory: 334848K Free: 144328K (43%)
----------------- Invoking toplevel() on ptolemy.moml.MoMLSimpleApplication@7c866cd0
----------------- Done invoking toplevel() on ptolemy.moml.MoMLSimpleApplication@7c866cd0
reloadAllAccessors: .LevelCrossing5

===========================================================================================
[...]
reloadAllAccessors: .ResetTransitionWithStartTime6

===========================================================================================
----------------- testing Wed Mar 25 13:37:53 UTC 2020 /home/travis/build/icyphy/ptII/ptolemy/domains/continuous/test/auto/SRinContinuous.xml
----------------- Instantiating /home/travis/build/icyphy/ptII/ptolemy/domains/continuous/test/auto/SRinContinuous.xml
4 ms. Memory: 334848K Free: 139953K (42%)
----------------- Invoking toplevel() on ptolemy.moml.MoMLSimpleApplication@45ce1998
----------------- Done invoking toplevel() on ptolemy.moml.MoMLSimpleApplication@45ce1998
reloadAllAccessors: .SRinContinuous

===========================================================================================
----------------- testing Wed Mar 25 13:37:53 UTC 2020 /home/travis/build/icyphy/ptII/ptolemy/domains/continuous/test/auto/SampledClocks.xml
----------------- Instantiating /home/travis/build/icyphy/ptII/ptolemy/domains/continuous/test/auto/SampledClocks.xml
6 ms. Memory: 334848K Free: 127155K (38%)
----------------- Invoking toplevel() on ptolemy.moml.MoMLSimpleApplication@25851ad9
----------------- Done invoking toplevel() on ptolemy.moml.MoMLSimpleApplication@25851ad9
reloadAllAccessors: .SampledClocks

===========================================================================================
----------------- testing Wed Mar 25 13:37:53 UTC 2020 /home/travis/build/icyphy/ptII/ptolemy/domains/continuous/test/auto/Satellite.xml
----------------- Instantiating /home/travis/build/icyphy/ptII/ptolemy/domains/continuous/test/auto/Satellite.xml
715 ms. Memory: 334848K Free: 126377K (38%)
----------------- Invoking toplevel() on ptolemy.moml.MoMLSimpleApplication@7f8345f4
----------------- Done invoking toplevel() on ptolemy.moml.MoMLSimpleApplication@7f8345f4
reloadAllAccessors: .Satellite

===========================================================================================
----------------- testing Wed Mar 25 13:37:54 UTC 2020 /home/travis/build/icyphy/ptII/ptolemy/domains/continuous/test/auto/SigmaDelta.xml
----------------- Instantiating /home/travis/build/icyphy/ptII/ptolemy/domains/continuous/test/auto/SigmaDelta.xml
1759 ms. Memory: 334848K Free: 262592K (78%)
----------------- Invoking toplevel() on ptolemy.moml.MoMLSimpleApplication@5e82a5d6
----------------- Done invoking toplevel() on ptolemy.moml.MoMLSimpleApplication@5e82a5d6
reloadAllAccessors: .SigmaDelta

===========================================================================================
----------------- testing Wed Mar 25 13:37:55 UTC 2020 /home/travis/build/icyphy/ptII/ptolemy/domains/continuous/test/auto/SingleRefinement.xml
----------------- Instantiating /home/travis/build/icyphy/ptII/ptolemy/domains/continuous/test/auto/SingleRefinement.xml
310 ms. Memory: 334848K Free: 278460K (83%)
----------------- Invoking toplevel() on ptolemy.moml.MoMLSimpleApplication@6334d943
----------------- Done invoking toplevel() on ptolemy.moml.MoMLSimpleApplication@6334d943
reloadAllAccessors: .SingleRefinement

===========================================================================================
----------------- testing Wed Mar 25 13:37:56 UTC 2020 /home/travis/build/icyphy/ptII/ptolemy/domains/continuous/test/auto/SinuBouncingBall.xml
----------------- Instantiating /home/travis/build/icyphy/ptII/ptolemy/domains/continuous/test/auto/SinuBouncingBall.xml
834 ms. Memory: 334848K Free: 259345K (77%)
----------------- Invoking toplevel() on ptolemy.moml.MoMLSimpleApplication@6fcf4ec7
----------------- Done invoking toplevel() on ptolemy.moml.MoMLSimpleApplication@6fcf4ec7
reloadAllAccessors: .SinuBouncingBall

===========================================================================================
----------------- testing Wed Mar 25 13:37:57 UTC 2020 /home/travis/build/icyphy/ptII/ptolemy/domains/continuous/test/auto/Sinusoid.xml
----------------- Instantiating /home/travis/build/icyphy/ptII/ptolemy/domains/continuous/test/auto/Sinusoid.xml
6 ms. Memory: 334848K Free: 254721K (76%)
----------------- Invoking toplevel() on ptolemy.moml.MoMLSimpleApplication@2406fbec
----------------- Done invoking toplevel() on ptolemy.moml.MoMLSimpleApplication@2406fbec
reloadAllAccessors: .Sinusoid

===========================================================================================
----------------- testing Wed Mar 25 13:37:57 UTC 2020 /home/travis/build/icyphy/ptII/ptolemy/domains/continuous/test/auto/SinusoidInNoise.xml
----------------- Instantiating /home/travis/build/icyphy/ptII/ptolemy/domains/continuous/test/auto/SinusoidInNoise.xml
944 ms. Memory: 334848K Free: 120081K (36%)
----------------- Invoking toplevel() on ptolemy.moml.MoMLSimpleApplication@1592ea33
----------------- Done invoking toplevel() on ptolemy.moml.MoMLSimpleApplication@1592ea33
reloadAllAccessors: .SinusoidInNoise

===========================================================================================
----------------- testing Wed Mar 25 13:37:58 UTC 2020 /home/travis/build/icyphy/ptII/ptolemy/domains/continuous/test/auto/SinusoidRK45.xml
----------------- Instantiating /home/travis/build/icyphy/ptII/ptolemy/domains/continuous/test/auto/SinusoidRK45.xml
3 ms. Memory: 334848K Free: 316134K (94%)
----------------- Invoking toplevel() on ptolemy.moml.MoMLSimpleApplication@66d6a0b9
----------------- Done invoking toplevel() on ptolemy.moml.MoMLSimpleApplication@66d6a0b9
reloadAllAccessors: .SinusoidRK45

===========================================================================================
----------------- testing Wed Mar 25 13:37:58 UTC 2020 /home/travis/build/icyphy/ptII/ptolemy/domains/continuous/test/auto/SinusoidWithMultipleImpulses.xml
----------------- Instantiating /home/travis/build/icyphy/ptII/ptolemy/domains/continuous/test/auto/SinusoidWithMultipleImpulses.xml
3 ms. Memory: 334848K Free: 311542K (93%)
----------------- Invoking toplevel() on ptolemy.moml.MoMLSimpleApplication@21963c46
----------------- Done invoking toplevel() on ptolemy.moml.MoMLSimpleApplication@21963c46
reloadAllAccessors: .SinusoidWithMultipleImpulses

===========================================================================================
----------------- testing Wed Mar 25 13:37:58 UTC 2020 /home/travis/build/icyphy/ptII/ptolemy/domains/continuous/test/auto/SquareWave.xml
----------------- Instantiating /home/travis/build/icyphy/ptII/ptolemy/domains/continuous/test/auto/SquareWave.xml
138 ms. Memory: 334848K Free: 284404K (85%)
----------------- Invoking toplevel() on ptolemy.moml.MoMLSimpleApplication@21a23d24
----------------- Done invoking toplevel() on ptolemy.moml.MoMLSimpleApplication@21a23d24
reloadAllAccessors: .SquareWave

===========================================================================================
----------------- testing Wed Mar 25 13:37:58 UTC 2020 /home/travis/build/icyphy/ptII/ptolemy/domains/continuous/test/auto/Starmac.xml
----------------- Instantiating /home/travis/build/icyphy/ptII/ptolemy/domains/continuous/test/auto/Starmac.xml
3073 ms. Memory: 334848K Free: 168550K (50%)
----------------- Invoking toplevel() on ptolemy.moml.MoMLSimpleApplication@f8917a8
----------------- Done invoking toplevel() on ptolemy.moml.MoMLSimpleApplication@f8917a8
reloadAllAccessors: .Starmac

===========================================================================================
----------------- testing Wed Mar 25 13:38:01 UTC 2020 /home/travis/build/icyphy/ptII/ptolemy/domains/continuous/test/auto/StaticUnits.xml
----------------- Instantiating /home/travis/build/icyphy/ptII/ptolemy/domains/continuous/test/auto/StaticUnits.xml
1770 ms. Memory: 334848K Free: 282299K (84%)
----------------- Invoking toplevel() on ptolemy.moml.MoMLSimpleApplication@5a5dcaff
----------------- Done invoking toplevel() on ptolemy.moml.MoMLSimpleApplication@5a5dcaff
reloadAllAccessors: .StaticUnits

===========================================================================================
----------------- testing Wed Mar 25 13:38:04 UTC 2020 /home/travis/build/icyphy/ptII/ptolemy/domains/continuous/test/auto/StickyMasses.xml
----------------- Instantiating /home/travis/build/icyphy/ptII/ptolemy/domains/continuous/test/auto/StickyMasses.xml
129 ms. Memory: 334848K Free: 233147K (70%)
----------------- Invoking toplevel() on ptolemy.moml.MoMLSimpleApplication@4ff67e16
----------------- Done invoking toplevel() on ptolemy.moml.MoMLSimpleApplication@4ff67e16
reloadAllAccessors: .StickyMasses

===========================================================================================
----------------- testing Wed Mar 25 13:38:04 UTC 2020 /home/travis/build/icyphy/ptII/ptolemy/domains/continuous/test/auto/StopTime.xml
----------------- Instantiating /home/travis/build/icyphy/ptII/ptolemy/domains/continuous/test/auto/StopTime.xml
39 ms. Memory: 334848K Free: 208043K (62%)
----------------- Invoking toplevel() on ptolemy.moml.MoMLSimpleApplication@2933fef8
----------------- Done invoking toplevel() on ptolemy.moml.MoMLSimpleApplication@2933fef8
reloadAllAccessors: .StopTime

===========================================================================================
----------------- testing Wed Mar 25 13:38:04 UTC 2020 /home/travis/build/icyphy/ptII/ptolemy/domains/continuous/test/auto/StopTime2.xml
----------------- Instantiating /home/travis/build/icyphy/ptII/ptolemy/domains/continuous/test/auto/StopTime2.xml
30 ms. Memory: 334848K Free: 186043K (56%)
----------------- Invoking toplevel() on ptolemy.moml.MoMLSimpleApplication@1ef830c8
----------------- Done invoking toplevel() on ptolemy.moml.MoMLSimpleApplication@1ef830c8
reloadAllAccessors: .StopTime2

===========================================================================================
----------------- testing Wed Mar 25 13:38:04 UTC 2020 /home/travis/build/icyphy/ptII/ptolemy/domains/continuous/test/auto/Switch.xml
----------------- Instantiating /home/travis/build/icyphy/ptII/ptolemy/domains/continuous/test/auto/Switch.xml
42 ms. Memory: 334848K Free: 161467K (48%)
----------------- Invoking toplevel() on ptolemy.moml.MoMLSimpleApplication@56102446
----------------- Done invoking toplevel() on ptolemy.moml.MoMLSimpleApplication@56102446
reloadAllAccessors: .Switch

===========================================================================================
----------------- testing Wed Mar 25 13:38:04 UTC 2020 /home/travis/build/icyphy/ptII/ptolemy/domains/continuous/test/auto/Thermostat.xml
----------------- Instantiating /home/travis/build/icyphy/ptII/ptolemy/domains/continuous/test/auto/Thermostat.xml
172 ms. Memory: 334848K Free: 284479K (85%)
----------------- Invoking toplevel() on ptolemy.moml.MoMLSimpleApplication@37a5276d
----------------- Done invoking toplevel() on ptolemy.moml.MoMLSimpleApplication@37a5276d
reloadAllAccessors: .Thermostat

===========================================================================================
----------------- testing Wed Mar 25 13:38:04 UTC 2020 /home/travis/build/icyphy/ptII/ptolemy/domains/continuous/test/auto/TimeDelay.xml
----------------- Instantiating /home/travis/build/icyphy/ptII/ptolemy/domains/continuous/test/auto/TimeDelay.xml
5 ms. Memory: 334848K Free: 279359K (83%)
----------------- Invoking toplevel() on ptolemy.moml.MoMLSimpleApplication@3670495f
----------------- Done invoking toplevel() on ptolemy.moml.MoMLSimpleApplication@3670495f
reloadAllAccessors: .TimeDelay

===========================================================================================
----------------- testing Wed Mar 25 13:38:04 UTC 2020 /home/travis/build/icyphy/ptII/ptolemy/domains/continuous/test/auto/TimeDelay2.xml
----------------- Instantiating /home/travis/build/icyphy/ptII/ptolemy/domains/continuous/test/auto/TimeDelay2.xml
6 ms. Memory: 334848K Free: 269647K (81%)
----------------- Invoking toplevel() on ptolemy.moml.MoMLSimpleApplication@560c41e6
----------------- Done invoking toplevel() on ptolemy.moml.MoMLSimpleApplication@560c41e6
reloadAllAccessors: .TimeDelay2

===========================================================================================
----------------- testing Wed Mar 25 13:38:04 UTC 2020 /home/travis/build/icyphy/ptII/ptolemy/domains/continuous/test/auto/TimeDelay3.xml
----------------- Instantiating /home/travis/build/icyphy/ptII/ptolemy/domains/continuous/test/auto/TimeDelay3.xml
4 ms. Memory: 334848K Free: 265020K (79%)
----------------- Invoking toplevel() on ptolemy.moml.MoMLSimpleApplication@4cf1ea0c
----------------- Done invoking toplevel() on ptolemy.moml.MoMLSimpleApplication@4cf1ea0c
reloadAllAccessors: .TimeDelay3

===========================================================================================
----------------- testing Wed Mar 25 13:38:04 UTC 2020 /home/travis/build/icyphy/ptII/ptolemy/domains/continuous/test/auto/TransferAbsentToInside.xml
----------------- Instantiating /home/travis/build/icyphy/ptII/ptolemy/domains/continuous/test/auto/TransferAbsentToInside.xml
26 ms. Memory: 334848K Free: 211789K (63%)
----------------- Invoking toplevel() on ptolemy.moml.MoMLSimpleApplication@2eac5965
----------------- Done invoking toplevel() on ptolemy.moml.MoMLSimpleApplication@2eac5965
reloadAllAccessors: .TransferAbsentToInside

===========================================================================================
----------------- testing Wed Mar 25 13:38:04 UTC 2020 /home/travis/build/icyphy/ptII/ptolemy/domains/continuous/test/auto/Transmission.xml
----------------- Instantiating /home/travis/build/icyphy/ptII/ptolemy/domains/continuous/test/auto/Transmission.xml
683 ms. Memory: 334848K Free: 174256K (52%)
----------------- Invoking toplevel() on ptolemy.moml.MoMLSimpleApplication@25dab2c1
----------------- Done invoking toplevel() on ptolemy.moml.MoMLSimpleApplication@25dab2c1
reloadAllAccessors: .Transmission

===========================================================================================
----------------- testing Wed Mar 25 13:38:05 UTC 2020 /home/travis/build/icyphy/ptII/ptolemy/domains/continuous/test/auto/TriggeredContinuousClock.xml
----------------- Instantiating /home/travis/build/icyphy/ptII/ptolemy/domains/continuous/test/auto/TriggeredContinuousClock.xml
35 ms. Memory: 334848K Free: 145040K (43%)
----------------- Invoking toplevel() on ptolemy.moml.MoMLSimpleApplication@7e294b7d
----------------- Done invoking toplevel() on ptolemy.moml.MoMLSimpleApplication@7e294b7d
reloadAllAccessors: .TriggeredContinuousClock

===========================================================================================
----------------- testing Wed Mar 25 13:38:05 UTC 2020 /home/travis/build/icyphy/ptII/ptolemy/domains/continuous/test/auto/TwoMachineInfiniteBusControl.xml
----------------- Instantiating /home/travis/build/icyphy/ptII/ptolemy/domains/continuous/test/auto/TwoMachineInfiniteBusControl.xml
2292 ms. Memory: 334848K Free: 147745K (44%)
----------------- Invoking toplevel() on ptolemy.moml.MoMLSimpleApplication@7dd6ac48
----------------- Done invoking toplevel() on ptolemy.moml.MoMLSimpleApplication@7dd6ac48
reloadAllAccessors: .TwoMachineInfiniteBusControl

===========================================================================================
----------------- testing Wed Mar 25 13:38:08 UTC 2020 /home/travis/build/icyphy/ptII/ptolemy/domains/continuous/test/auto/V2V.xml
----------------- Instantiating /home/travis/build/icyphy/ptII/ptolemy/domains/continuous/test/auto/V2V.xml
660 ms. Memory: 334848K Free: 154377K (46%)
----------------- Invoking toplevel() on ptolemy.moml.MoMLSimpleApplication@54c7de39
----------------- Done invoking toplevel() on ptolemy.moml.MoMLSimpleApplication@54c7de39
reloadAllAccessors: .V2V

===========================================================================================
----------------- testing Wed Mar 25 13:38:08 UTC 2020 /home/travis/build/icyphy/ptII/ptolemy/domains/continuous/test/auto/hierarchicalModalModel.xml
----------------- Instantiating /home/travis/build/icyphy/ptII/ptolemy/domains/continuous/test/auto/hierarchicalModalModel.xml
7 ms. Memory: 334848K Free: 140536K (42%)
----------------- Invoking toplevel() on ptolemy.moml.MoMLSimpleApplication@2ac2f64b
----------------- Done invoking toplevel() on ptolemy.moml.MoMLSimpleApplication@2ac2f64b
reloadAllAccessors: .hierarchicalModalModel

===========================================================================================
----------------- testing Wed Mar 25 13:38:08 UTC 2020 /home/travis/build/icyphy/ptII/ptolemy/domains/continuous/test/auto/hierarchicalModalModel1.xml
----------------- Instantiating /home/travis/build/icyphy/ptII/ptolemy/domains/continuous/test/auto/hierarchicalModalModel1.xml
7 ms. Memory: 334848K Free: 126215K (38%)
----------------- Invoking toplevel() on ptolemy.moml.MoMLSimpleApplication@38ad02c0
----------------- Done invoking toplevel() on ptolemy.moml.MoMLSimpleApplication@38ad02c0
reloadAllAccessors: .hierarchicalModalModel1

===========================================================================================
----------------- testing Wed Mar 25 13:38:08 UTC 2020 /home/travis/build/icyphy/ptII/ptolemy/domains/continuous/test/auto/hierarchicalModalModel2.xml
----------------- Instantiating /home/travis/build/icyphy/ptII/ptolemy/domains/continuous/test/auto/hierarchicalModalModel2.xml
6 ms. Memory: 334848K Free: 308465K (92%)
----------------- Invoking toplevel() on ptolemy.moml.MoMLSimpleApplication@488ff4f0
----------------- Done invoking toplevel() on ptolemy.moml.MoMLSimpleApplication@488ff4f0
reloadAllAccessors: .hierarchicalModalModel2

===========================================================================================
----------------- testing Wed Mar 25 13:38:08 UTC 2020 /home/travis/build/icyphy/ptII/ptolemy/domains/continuous/test/auto/hierarchicalModalModel3.xml
----------------- Instantiating /home/travis/build/icyphy/ptII/ptolemy/domains/continuous/test/auto/hierarchicalModalModel3.xml
6 ms. Memory: 334848K Free: 297729K (89%)
----------------- Invoking toplevel() on ptolemy.moml.MoMLSimpleApplication@73eb05c8
----------------- Done invoking toplevel() on ptolemy.moml.MoMLSimpleApplication@73eb05c8
reloadAllAccessors: .hierarchicalModalModel3

===========================================================================================
----------------- testing Wed Mar 25 13:38:09 UTC 2020 /home/travis/build/icyphy/ptII/ptolemy/domains/continuous/test/auto/hierarchicalModalModel4.xml
----------------- Instantiating /home/travis/build/icyphy/ptII/ptolemy/domains/continuous/test/auto/hierarchicalModalModel4.xml
5 ms. Memory: 334848K Free: 285951K (85%)
----------------- Invoking toplevel() on ptolemy.moml.MoMLSimpleApplication@124a1595
----------------- Done invoking toplevel() on ptolemy.moml.MoMLSimpleApplication@124a1595
reloadAllAccessors: .hierarchicalModalModel4

===========================================================================================
----------------- testing Wed Mar 25 13:38:09 UTC 2020 /home/travis/build/icyphy/ptII/ptolemy/domains/continuous/test/auto/junk.xml
----------------- Instantiating /home/travis/build/icyphy/ptII/ptolemy/domains/continuous/test/auto/junk.xml
122 ms. Memory: 334848K Free: 257793K (77%)
----------------- Invoking toplevel() on ptolemy.moml.MoMLSimpleApplication@26ec4ba5
----------------- Done invoking toplevel() on ptolemy.moml.MoMLSimpleApplication@26ec4ba5
reloadAllAccessors: .junk
AutoTests.java: About to close Vertx.
AutoTests.java: Vertx closed.
]]></system-out>
  <system-err><![CDATA[Warning: '.HysteresisWithRandomDelay.NonStrictTest3' The test produced only 26 tokens, yet the correctValues parameter was expecting 30 tokens.
Warning: '.IncreasingRatePoisson.NonStrictTest' The test produced only 396 tokens, yet the correctValues parameter was expecting 402 tokens.
]]></system-err>
</testsuite>
