<?xml version="1.0" encoding="UTF-8" ?>
<testsuite errors="0" failures="0" hostname="travis-job-ad7b81e3-edbb-431d-9010-984f4e71f675" name="ptolemy.actor.lib.fmi.test.junit.JUnitTclTest" skipped="0" tests="63" time="24.569" timestamp="2019-07-19T08:44:31">
  <properties>
[...]
</properties>
  <testcase classname="ptolemy.util.test.junit.TclTests" name="[0] /home/travis/build/icyphy/ptII/ptolemy/actor/lib/fmi/test/FMUImport.tcl (RunTclFile)" time="2.987" />
  <testcase classname="ptolemy.util.test.junit.TclTests" name="[1] /home/travis/build/icyphy/ptII/ptolemy/actor/lib/fmi/test/FMUQSS.tcl (RunTclFile)" time="0.075" />
  <testcase classname="ptolemy.util.test.junit.AutoKnownFailedTests" name="[0] /home/travis/build/icyphy/ptII/ptolemy/actor/lib/fmi/test/auto/knownFailedTests/FMUContinuousInc20.xml (RunModel)" time="0.369" />
  <testcase classname="ptolemy.util.test.junit.AutoNameArchTests" name="[0] /home/travis/build/icyphy/ptII/ptolemy/actor/lib/fmi/test/auto/linux-amd64/FMUQSSAirOulet1_QSS1.xml (RunModel)" time="1.515" />
  <testcase classname="ptolemy.util.test.junit.AutoNameArchTests" name="[1] /home/travis/build/icyphy/ptII/ptolemy/actor/lib/fmi/test/auto/linux-amd64/FMUQSSAirToOulet1_QSS1.xml (RunModel)" time="1.136" />
  <testcase classname="ptolemy.util.test.junit.AutoNameArchTests" name="[2] /home/travis/build/icyphy/ptII/ptolemy/actor/lib/fmi/test/auto/linux-amd64/FMUQSSAirToOulet2_QSS1.xml (RunModel)" time="2.522" />
  <testcase classname="ptolemy.util.test.junit.AutoNameArchTests" name="[3] /home/travis/build/icyphy/ptII/ptolemy/actor/lib/fmi/test/auto/linux-amd64/FMUQSSStateEvent1_QSS1.xml (RunModel)" time="0.119" />
  <testcase classname="ptolemy.util.test.junit.AutoNameArchTests" name="[4] /home/travis/build/icyphy/ptII/ptolemy/actor/lib/fmi/test/auto/linux-amd64/FMUQSSStateEvent1_QSS2.xml (RunModel)" time="1.199" />
  <testcase classname="ptolemy.util.test.junit.AutoNameArchTests" name="[5] /home/travis/build/icyphy/ptII/ptolemy/actor/lib/fmi/test/auto/linux-amd64/FMUQSSStateEvent1_QSS3.xml (RunModel)" time="0.261" />
  <testcase classname="ptolemy.util.test.junit.AutoNameArchTests" name="[6] /home/travis/build/icyphy/ptII/ptolemy/actor/lib/fmi/test/auto/linux-amd64/FMUQSSStateEvent2_QSS1.xml (RunModel)" time="0.865" />
  <testcase classname="ptolemy.util.test.junit.AutoNameArchTests" name="[7] /home/travis/build/icyphy/ptII/ptolemy/actor/lib/fmi/test/auto/linux-amd64/FMUQSSStateEvent2_QSS2.xml (RunModel)" time="0.992" />
  <testcase classname="ptolemy.util.test.junit.AutoNameArchTests" name="[8] /home/travis/build/icyphy/ptII/ptolemy/actor/lib/fmi/test/auto/linux-amd64/FMUQSSStateEvent4_QSS1.xml (RunModel)" time="0.211" />
  <testcase classname="ptolemy.util.test.junit.AutoNameArchTests" name="[9] /home/travis/build/icyphy/ptII/ptolemy/actor/lib/fmi/test/auto/linux-amd64/FMUQSSStateEvent4_QSS2.xml (RunModel)" time="0.135" />
  <testcase classname="ptolemy.util.test.junit.AutoNameArchTests" name="[10] /home/travis/build/icyphy/ptII/ptolemy/actor/lib/fmi/test/auto/linux-amd64/FMUQSSStateEvent4_QSS3.xml (RunModel)" time="0.127" />
  <testcase classname="ptolemy.util.test.junit.AutoNameArchTests" name="[11] /home/travis/build/icyphy/ptII/ptolemy/actor/lib/fmi/test/auto/linux-amd64/FMUQSSStateEvent5_QSS1.xml (RunModel)" time="0.258" />
  <testcase classname="ptolemy.util.test.junit.AutoNameArchTests" name="[12] /home/travis/build/icyphy/ptII/ptolemy/actor/lib/fmi/test/auto/linux-amd64/FMUQSSStateEvent5_QSS2.xml (RunModel)" time="0.633" />
  <testcase classname="ptolemy.util.test.junit.AutoNameArchTests" name="[13] /home/travis/build/icyphy/ptII/ptolemy/actor/lib/fmi/test/auto/linux-amd64/FMUQSSStateEvent5_QSS3.xml (RunModel)" time="0.118" />
  <testcase classname="ptolemy.util.test.junit.AutoNameArchTests" name="[14] /home/travis/build/icyphy/ptII/ptolemy/actor/lib/fmi/test/auto/linux-amd64/FMUQSSStateEvent6_QSS1.xml (RunModel)" time="1.114" />
  <testcase classname="ptolemy.util.test.junit.AutoNameArchTests" name="[15] /home/travis/build/icyphy/ptII/ptolemy/actor/lib/fmi/test/auto/linux-amd64/FMUQSSStateEvent6_QSS2.xml (RunModel)" time="0.803" />
  <testcase classname="ptolemy.util.test.junit.AutoTests" name="[0] /home/travis/build/icyphy/ptII/ptolemy/actor/lib/fmi/test/auto/FMU30Inc.xml (RunModel)" time="0.446" />
  <testcase classname="ptolemy.util.test.junit.AutoTests" name="[1] /home/travis/build/icyphy/ptII/ptolemy/actor/lib/fmi/test/auto/FMUBouncingBall.xml (RunModel)" time="0.181" />
  <testcase classname="ptolemy.util.test.junit.AutoTests" name="[2] /home/travis/build/icyphy/ptII/ptolemy/actor/lib/fmi/test/auto/FMUBouncingBallME20.xml (RunModel)" time="0.329" />
  <testcase classname="ptolemy.util.test.junit.AutoTests" name="[3] /home/travis/build/icyphy/ptII/ptolemy/actor/lib/fmi/test/auto/FMUDQ.xml (RunModel)" time="0.033" />
  <testcase classname="ptolemy.util.test.junit.AutoTests" name="[4] /home/travis/build/icyphy/ptII/ptolemy/actor/lib/fmi/test/auto/FMUDq20.xml (RunModel)" time="0.072" />
  <testcase classname="ptolemy.util.test.junit.AutoTests" name="[5] /home/travis/build/icyphy/ptII/ptolemy/actor/lib/fmi/test/auto/FMUDqME20.xml (RunModel)" time="0.03" />
  <testcase classname="ptolemy.util.test.junit.AutoTests" name="[6] /home/travis/build/icyphy/ptII/ptolemy/actor/lib/fmi/test/auto/FMUFourInputsFourOutputsME20.xml (RunModel)" time="0.039" />
  <testcase classname="ptolemy.util.test.junit.AutoTests" name="[7] /home/travis/build/icyphy/ptII/ptolemy/actor/lib/fmi/test/auto/FMUHeaterFlowResistance.xml (RunModel)" time="0.437" />
  <testcase classname="ptolemy.util.test.junit.AutoTests" name="[8] /home/travis/build/icyphy/ptII/ptolemy/actor/lib/fmi/test/auto/FMUHelloWorld.xml (RunModel)" time="0.028" />
  <testcase classname="ptolemy.util.test.junit.AutoTests" name="[9] /home/travis/build/icyphy/ptII/ptolemy/actor/lib/fmi/test/auto/FMUHelloWorldUnBuilt.xml (RunModel)" time="0.115" />
  <testcase classname="ptolemy.util.test.junit.AutoTests" name="[10] /home/travis/build/icyphy/ptII/ptolemy/actor/lib/fmi/test/auto/FMUInc.xml (RunModel)" time="0.025" />
  <testcase classname="ptolemy.util.test.junit.AutoTests" name="[11] /home/travis/build/icyphy/ptII/ptolemy/actor/lib/fmi/test/auto/FMUInc2.xml (RunModel)" time="0.027" />
  <testcase classname="ptolemy.util.test.junit.AutoTests" name="[12] /home/travis/build/icyphy/ptII/ptolemy/actor/lib/fmi/test/auto/FMUIncME1.xml (RunModel)" time="0.018" />
  <testcase classname="ptolemy.util.test.junit.AutoTests" name="[13] /home/travis/build/icyphy/ptII/ptolemy/actor/lib/fmi/test/auto/FMUIncME20.xml (RunModel)" time="0.028" />
  <testcase classname="ptolemy.util.test.junit.AutoTests" name="[14] /home/travis/build/icyphy/ptII/ptolemy/actor/lib/fmi/test/auto/FMUIncScale20RC1pt.xml (RunModel)" time="0.039" />
  <testcase classname="ptolemy.util.test.junit.AutoTests" name="[15] /home/travis/build/icyphy/ptII/ptolemy/actor/lib/fmi/test/auto/FMULevelStairs.xml (RunModel)" time="0.049" />
  <testcase classname="ptolemy.util.test.junit.AutoTests" name="[16] /home/travis/build/icyphy/ptII/ptolemy/actor/lib/fmi/test/auto/FMUPumpConstantSpeed.xml (RunModel)" time="0.147" />
  <testcase classname="ptolemy.util.test.junit.AutoTests" name="[17] /home/travis/build/icyphy/ptII/ptolemy/actor/lib/fmi/test/auto/FMUQSSTankOpen.xml (RunModel)" time="3.373" />
  <testcase classname="ptolemy.util.test.junit.AutoTests" name="[18] /home/travis/build/icyphy/ptII/ptolemy/actor/lib/fmi/test/auto/FMUSDFBouncingBall.xml (RunModel)" time="0.032" />
  <testcase classname="ptolemy.util.test.junit.AutoTests" name="[19] /home/travis/build/icyphy/ptII/ptolemy/actor/lib/fmi/test/auto/FMUSDFBouncingBall20.xml (RunModel)" time="0.427" />
  <testcase classname="ptolemy.util.test.junit.AutoTests" name="[20] /home/travis/build/icyphy/ptII/ptolemy/actor/lib/fmi/test/auto/FMUSDFBouncingBall20RC1.xml (RunModel)" time="0.031" />
  <testcase classname="ptolemy.util.test.junit.AutoTests" name="[21] /home/travis/build/icyphy/ptII/ptolemy/actor/lib/fmi/test/auto/FMUSDFInc20.xml (RunModel)" time="0.035" />
  <testcase classname="ptolemy.util.test.junit.AutoTests" name="[22] /home/travis/build/icyphy/ptII/ptolemy/actor/lib/fmi/test/auto/FMUStairs.xml (RunModel)" time="0.047" />
  <testcase classname="ptolemy.util.test.junit.AutoTests" name="[23] /home/travis/build/icyphy/ptII/ptolemy/actor/lib/fmi/test/auto/FMUStepCounter1.xml (RunModel)" time="0.114" />
  <testcase classname="ptolemy.util.test.junit.AutoTests" name="[24] /home/travis/build/icyphy/ptII/ptolemy/actor/lib/fmi/test/auto/FMUStepCounter2.xml (RunModel)" time="0.125" />
  <testcase classname="ptolemy.util.test.junit.AutoTests" name="[25] /home/travis/build/icyphy/ptII/ptolemy/actor/lib/fmi/test/auto/FMUStepCounterContinuous1.xml (RunModel)" time="0.018" />
  <testcase classname="ptolemy.util.test.junit.AutoTests" name="[26] /home/travis/build/icyphy/ptII/ptolemy/actor/lib/fmi/test/auto/FMUStepCounterContinuous2.xml (RunModel)" time="0.027" />
  <testcase classname="ptolemy.util.test.junit.AutoTests" name="[27] /home/travis/build/icyphy/ptII/ptolemy/actor/lib/fmi/test/auto/FMUStepCounterContinuousTwoFMUs1.xml (RunModel)" time="0.031" />
  <testcase classname="ptolemy.util.test.junit.AutoTests" name="[28] /home/travis/build/icyphy/ptII/ptolemy/actor/lib/fmi/test/auto/FMUStepCounterContinuousTwoFMUs2.xml (RunModel)" time="0.046" />
  <testcase classname="ptolemy.util.test.junit.AutoTests" name="[29] /home/travis/build/icyphy/ptII/ptolemy/actor/lib/fmi/test/auto/FMUStepCounterExtendedFMI.xml (RunModel)" time="0.156" />
  <testcase classname="ptolemy.util.test.junit.AutoTests" name="[30] /home/travis/build/icyphy/ptII/ptolemy/actor/lib/fmi/test/auto/FMUStepCounterPeriodInNameContinuous2.xml (RunModel)" time="0.115" />
  <testcase classname="ptolemy.util.test.junit.AutoTests" name="[31] /home/travis/build/icyphy/ptII/ptolemy/actor/lib/fmi/test/auto/FMUTankOpen.xml (RunModel)" time="0.059" />
  <testcase classname="ptolemy.util.test.junit.AutoTests" name="[32] /home/travis/build/icyphy/ptII/ptolemy/actor/lib/fmi/test/auto/FMUTwoBallCollision.xml (RunModel)" time="0.372" />
  <testcase classname="ptolemy.util.test.junit.AutoTests" name="[33] /home/travis/build/icyphy/ptII/ptolemy/actor/lib/fmi/test/auto/FMUValues.xml (RunModel)" time="0.072" />
  <testcase classname="ptolemy.util.test.junit.AutoTests" name="[34] /home/travis/build/icyphy/ptII/ptolemy/actor/lib/fmi/test/auto/FMUValues20.xml (RunModel)" time="0.035" />
  <testcase classname="ptolemy.util.test.junit.AutoTests" name="[35] /home/travis/build/icyphy/ptII/ptolemy/actor/lib/fmi/test/auto/FMUValuesME20.xml (RunModel)" time="0.095" />
  <testcase classname="ptolemy.util.test.junit.AutoTests" name="[36] /home/travis/build/icyphy/ptII/ptolemy/actor/lib/fmi/test/auto/FMUVanDerPol.xml (RunModel)" time="0.029" />
  <testcase classname="ptolemy.util.test.junit.AutoTests" name="[37] /home/travis/build/icyphy/ptII/ptolemy/actor/lib/fmi/test/auto/FMUVanDerPol20.xml (RunModel)" time="0.102" />
  <testcase classname="ptolemy.util.test.junit.AutoTests" name="[38] /home/travis/build/icyphy/ptII/ptolemy/actor/lib/fmi/test/auto/FMUVanDerPolME20.xml (RunModel)" time="0.045" />
  <testcase classname="ptolemy.util.test.junit.AutoTests" name="[39] /home/travis/build/icyphy/ptII/ptolemy/actor/lib/fmi/test/auto/FMUdq20RC1.xml (RunModel)" time="0.016" />
  <testcase classname="ptolemy.util.test.junit.AutoTests" name="[40] /home/travis/build/icyphy/ptII/ptolemy/actor/lib/fmi/test/auto/FMUvalues20RC1.xml (RunModel)" time="0.041" />
  <testcase classname="ptolemy.util.test.junit.AutoTests" name="[41] /home/travis/build/icyphy/ptII/ptolemy/actor/lib/fmi/test/auto/FMUvanDerPol20RC1.xml (RunModel)" time="0.03" />
  <testcase classname="ptolemy.util.test.junit.AutoTests" name="[42] /home/travis/build/icyphy/ptII/ptolemy/actor/lib/fmi/test/auto/TestZeroDelayFeedback.xml (RunModel)" time="0.988" />
  <testcase classname="ptolemy.util.test.junit.AutoTests" name="[43] /home/travis/build/icyphy/ptII/ptolemy/actor/lib/fmi/test/auto/helloWorldME2.xml (RunModel)" time="0.016" />
  <system-out><![CDATA[/home/travis/build/icyphy/ptII/ptolemy/actor/lib/fmi/test/FMUImport.tcl
testDefs.tcl: setting time out to 9000 seconds at Fri Jul 19 08:44:31 UTC 2019
.top.qss1State1OutputNoBinaries
.top.helloWorld
FMUImport.tcl: auto/valuesME20.fmu is to be imported as a modelExchange fmu.
.top.valuesME
Warning: FMU modelDescription provides Integer representation of time, but precision is not specified
.top.HybridSequenceCheck
.top.inc
.top.values
.top.stairsB
.top.values20RC
.top.stepCounter
Warning: FMU modelDescription provides Integer representation of time, but precision is not specified
.top.HybridConstantSignalGenerator
.top.bouncingBall20RC
.top.SamplerFP
Warning: FMU modelDescription provides Integer representation of time, but precision is not specified
.top.HybridTriggeredConst
Warning: FMU modelDescription provides Integer representation of time, but precision is not specified
.top.HybridDelay
FMUImport.tcl: auto/dqME20.fmu is to be imported as a modelExchange fmu.
.top.dqME
.top.inc20pt
Warning: FMU modelDescription provides Integer representation of time, but precision is not specified
.top.ConstantIT
Warning: FMU modelDescription provides Integer representation of time, but precision is not specified
.top.SamplerIT
Warning: FMU modelDescription provides Integer representation of time, but precision is not specified
.top.ZeroCrossingDetectorIT
Warning: FMU modelDescription provides Integer representation of time, but precision is not specified
.top.HybridAdder
FMUImport.tcl: auto/incME20.fmu is to be imported as a modelExchange fmu.
.top.incME
.top.stepCounterExtendedFMI
.top.ballDynamics
.top.inc20RC
Warning: FMU modelDescription provides Integer representation of time, but precision is not specified
.top.DelayW
Warning: FMU modelDescription provides Integer representation of time, but precision is not specified
.top.Adder
FMUImport.tcl: auto/vanDerPolME1.fmu is to be imported as a modelExchange fmu.
.top.vanDerPolME
.top.bouncingBall
.top.fmuB20pt
.top.ClockFP
.top.onOffSupervisor
.top.fmuD20pt
.top.scale20pt
.top.stairsA
.top.dq
.top.pumpConstantSpeed
FMUImport.tcl: auto/bouncingBallME1.fmu is to be imported as a modelExchange fmu.
.top.bouncingBallME
FMUImport.tcl: auto/valuesME1.fmu is to be imported as a modelExchange fmu.
.top.valuesME
Warning: FMU modelDescription provides Integer representation of time, but precision is not specified
.top.CheckEqualityIT
Warning: FMU modelDescription provides Integer representation of time, but precision is not specified
.top.CTClockW
.top.dq20RC
.top.stepCounter
.top.helloWorldME
.top.scale20RC
Warning: FMU modelDescription provides Integer representation of time, but precision is not specified
.top.ClockW
Warning: FMU modelDescription provides Integer representation of time, but precision is not specified
.top.HybridIntegratorReset
Warning: FMU modelDescription provides Integer representation of time, but precision is not specified
.top.HybridZeroCrossingDetector
.top.fmuC20pt
.top.vanDerPol20RC
.top.levelStairs
.top.fmuA20pt
Warning: FMU modelDescription provides Integer representation of time, but precision is not specified
.top.CTClockIT
.top.stepCounterPeriodInName
Warning: FMU modelDescription provides Integer representation of time, but precision is not specified
.top.IntegratorIT
FMUImport.tcl: auto/fourInputsFourOutputsME20.fmu is to be imported as a modelExchange fmu.
.top.fourInputsFourOutputsME
Warning: FMU modelDescription provides Integer representation of time, but precision is not specified
.top.Clock
FMUImport.tcl: auto/dqME1.fmu is to be imported as a modelExchange fmu.
.top.dqME
FMUImport.tcl: auto/incME1.fmu is to be imported as a modelExchange fmu.
.top.incME
.top.CheckEqualityFP
.top.vanDerPol
Warning: FMU modelDescription provides Integer representation of time, but precision is not specified
.top.ClockIT
FMUImport.tcl: auto/tankOpen.fmu is to be imported as a modelExchange fmu.
.top.tankOpen
.top.heaterFlowResistance
FMUImport.tcl: auto/vanDerPolME20.fmu is to be imported as a modelExchange fmu.
.top.vanDerPolME
Warning: FMU modelDescription provides Integer representation of time, but precision is not specified
.top.Constant
Warning: FMU modelDescription provides Integer representation of time, but precision is not specified
.top.ZeroCrossingDetector
Warning: FMU modelDescription provides Integer representation of time, but precision is not specified
.top.Integrator
Warning: FMU modelDescription provides Integer representation of time, but precision is not specified
.top.AdderIT
Warning: FMU modelDescription provides Integer representation of time, but precision is not specified
.top.DelayIT
.top.out20pt
Warning: FMU modelDescription provides Integer representation of time, but precision is not specified
.top.Delay
.top.stairsA20RC1F
FMUImport.tcl: auto/bouncingBallME20.fmu is to be imported as a modelExchange fmu.
.top.bouncingBallME
.top.helloWorldUnBuilt
/home/travis/build/icyphy/ptII/ptolemy/actor/lib/fmi/test/FMUQSS.tcl
07/19/19 08:44:34
Failed: 0  Total Tests: 80  ((Passed: 80, Newly Passed: 0)  Known Failed: 0) /home/travis/build/icyphy/ptII/ptolemy/actor/lib/fmi/test
----------------- testing (KnownFailure) /home/travis/build/icyphy/ptII/ptolemy/actor/lib/fmi/test/auto/knownFailedTests/FMUContinuousInc20.xml
193 ms. Memory: 120832K Free: 98228K (81%)
Known Failure: java.lang.reflect.InvocationTargetException

===========================================================================================
----------------- testing Fri Jul 19 08:44:35 UTC 2019 /home/travis/build/icyphy/ptII/ptolemy/actor/lib/fmi/test/auto/linux-amd64/FMUQSSAirOulet1_QSS1.xml
----------------- Instantiating /home/travis/build/icyphy/ptII/ptolemy/actor/lib/fmi/test/auto/linux-amd64/FMUQSSAirOulet1_QSS1.xml
 Number of steps: 1811
  stateEvents: 3
  stepEvents: 0
  timeEvents: 0
1294 ms. Memory: 120832K Free: 44131K (37%)
----------------- Invoking toplevel() on ptolemy.moml.MoMLSimpleApplication@9ae959d
----------------- Done invoking toplevel() on ptolemy.moml.MoMLSimpleApplication@9ae959d
reloadAllAccessors: .FMUQSSAirOulet1_QSS1

===========================================================================================
----------------- testing Fri Jul 19 08:44:36 UTC 2019 /home/travis/build/icyphy/ptII/ptolemy/actor/lib/fmi/test/auto/linux-amd64/FMUQSSAirToOulet1_QSS1.xml
----------------- Instantiating /home/travis/build/icyphy/ptII/ptolemy/actor/lib/fmi/test/auto/linux-amd64/FMUQSSAirToOulet1_QSS1.xml
 Number of steps: 1811
  stateEvents: 3
  stepEvents: 0
  timeEvents: 0
1018 ms. Memory: 149504K Free: 82560K (55%)
----------------- Invoking toplevel() on ptolemy.moml.MoMLSimpleApplication@70a0c69a
----------------- Done invoking toplevel() on ptolemy.moml.MoMLSimpleApplication@70a0c69a
reloadAllAccessors: .FMUQSSAirToOulet1_QSS1

===========================================================================================
----------------- testing Fri Jul 19 08:44:38 UTC 2019 /home/travis/build/icyphy/ptII/ptolemy/actor/lib/fmi/test/auto/linux-amd64/FMUQSSAirToOulet2_QSS1.xml
----------------- Instantiating /home/travis/build/icyphy/ptII/ptolemy/actor/lib/fmi/test/auto/linux-amd64/FMUQSSAirToOulet2_QSS1.xml
 Number of steps: 9936
  stateEvents: 1
  stepEvents: 0
  timeEvents: 8
2429 ms. Memory: 149504K Free: 105483K (71%)
----------------- Invoking toplevel() on ptolemy.moml.MoMLSimpleApplication@14ed9f7f
----------------- Done invoking toplevel() on ptolemy.moml.MoMLSimpleApplication@14ed9f7f
reloadAllAccessors: .FMUQSSAirToOulet2_QSS1

===========================================================================================
----------------- testing Fri Jul 19 08:44:40 UTC 2019 /home/travis/build/icyphy/ptII/ptolemy/actor/lib/fmi/test/auto/linux-amd64/FMUQSSStateEvent1_QSS1.xml
----------------- Instantiating /home/travis/build/icyphy/ptII/ptolemy/actor/lib/fmi/test/auto/linux-amd64/FMUQSSStateEvent1_QSS1.xml
 Number of steps: 295
  stateEvents: 1
  stepEvents: 0
  timeEvents: 0
59 ms. Memory: 149504K Free: 93195K (62%)
----------------- Invoking toplevel() on ptolemy.moml.MoMLSimpleApplication@526cd1f0
----------------- Done invoking toplevel() on ptolemy.moml.MoMLSimpleApplication@526cd1f0
reloadAllAccessors: .FMUQSSStateEvent1_QSS1

===========================================================================================
----------------- testing Fri Jul 19 08:44:40 UTC 2019 /home/travis/build/icyphy/ptII/ptolemy/actor/lib/fmi/test/auto/linux-amd64/FMUQSSStateEvent1_QSS2.xml
----------------- Instantiating /home/travis/build/icyphy/ptII/ptolemy/actor/lib/fmi/test/auto/linux-amd64/FMUQSSStateEvent1_QSS2.xml
 Number of steps: 6179
  stateEvents: 1
  stepEvents: 0
  timeEvents: 0
1138 ms. Memory: 232448K Free: 129988K (56%)
----------------- Invoking toplevel() on ptolemy.moml.MoMLSimpleApplication@2b46cbf
----------------- Done invoking toplevel() on ptolemy.moml.MoMLSimpleApplication@2b46cbf
reloadAllAccessors: .FMUQSSStateEvent1_QSS2

===========================================================================================
----------------- testing Fri Jul 19 08:44:41 UTC 2019 /home/travis/build/icyphy/ptII/ptolemy/actor/lib/fmi/test/auto/linux-amd64/FMUQSSStateEvent1_QSS3.xml
----------------- Instantiating /home/travis/build/icyphy/ptII/ptolemy/actor/lib/fmi/test/auto/linux-amd64/FMUQSSStateEvent1_QSS3.xml
 Number of steps: 1067
  stateEvents: 1
  stepEvents: 0
  timeEvents: 0
231 ms. Memory: 232448K Free: 101826K (44%)
----------------- Invoking toplevel() on ptolemy.moml.MoMLSimpleApplication@39db9aac
----------------- Done invoking toplevel() on ptolemy.moml.MoMLSimpleApplication@39db9aac
reloadAllAccessors: .FMUQSSStateEvent1_QSS3

===========================================================================================
----------------- testing Fri Jul 19 08:44:42 UTC 2019 /home/travis/build/icyphy/ptII/ptolemy/actor/lib/fmi/test/auto/linux-amd64/FMUQSSStateEvent2_QSS1.xml
----------------- Instantiating /home/travis/build/icyphy/ptII/ptolemy/actor/lib/fmi/test/auto/linux-amd64/FMUQSSStateEvent2_QSS1.xml
 Number of steps: 3368
  stateEvents: 8
  stepEvents: 0
  timeEvents: 0
769 ms. Memory: 232448K Free: 148498K (64%)
----------------- Invoking toplevel() on ptolemy.moml.MoMLSimpleApplication@278cb466
----------------- Done invoking toplevel() on ptolemy.moml.MoMLSimpleApplication@278cb466
reloadAllAccessors: .FMUQSSStateEvent2_QSS1

===========================================================================================
----------------- testing Fri Jul 19 08:44:42 UTC 2019 /home/travis/build/icyphy/ptII/ptolemy/actor/lib/fmi/test/auto/linux-amd64/FMUQSSStateEvent2_QSS2.xml
----------------- Instantiating /home/travis/build/icyphy/ptII/ptolemy/actor/lib/fmi/test/auto/linux-amd64/FMUQSSStateEvent2_QSS2.xml
 Number of steps: 2499
  stateEvents: 8
  stepEvents: 0
  timeEvents: 0
780 ms. Memory: 232448K Free: 170103K (73%)
----------------- Invoking toplevel() on ptolemy.moml.MoMLSimpleApplication@5f38dab3
----------------- Done invoking toplevel() on ptolemy.moml.MoMLSimpleApplication@5f38dab3
reloadAllAccessors: .FMUQSSStateEvent2_QSS2

===========================================================================================
----------------- testing Fri Jul 19 08:44:43 UTC 2019 /home/travis/build/icyphy/ptII/ptolemy/actor/lib/fmi/test/auto/linux-amd64/FMUQSSStateEvent4_QSS1.xml
----------------- Instantiating /home/travis/build/icyphy/ptII/ptolemy/actor/lib/fmi/test/auto/linux-amd64/FMUQSSStateEvent4_QSS1.xml
 Number of steps: 707
  stateEvents: 1
  stepEvents: 0
  timeEvents: 1
131 ms. Memory: 232448K Free: 149109K (64%)
----------------- Invoking toplevel() on ptolemy.moml.MoMLSimpleApplication@407c33f3
----------------- Done invoking toplevel() on ptolemy.moml.MoMLSimpleApplication@407c33f3
reloadAllAccessors: .FMUQSSStateEvent4_QSS1

===========================================================================================
----------------- testing Fri Jul 19 08:44:44 UTC 2019 /home/travis/build/icyphy/ptII/ptolemy/actor/lib/fmi/test/auto/linux-amd64/FMUQSSStateEvent4_QSS2.xml
----------------- Instantiating /home/travis/build/icyphy/ptII/ptolemy/actor/lib/fmi/test/auto/linux-amd64/FMUQSSStateEvent4_QSS2.xml
 Number of steps: 528
  stateEvents: 1
  stepEvents: 0
  timeEvents: 1
94 ms. Memory: 232448K Free: 133239K (57%)
----------------- Invoking toplevel() on ptolemy.moml.MoMLSimpleApplication@14030b21
----------------- Done invoking toplevel() on ptolemy.moml.MoMLSimpleApplication@14030b21
reloadAllAccessors: .FMUQSSStateEvent4_QSS2

===========================================================================================
----------------- testing Fri Jul 19 08:44:44 UTC 2019 /home/travis/build/icyphy/ptII/ptolemy/actor/lib/fmi/test/auto/linux-amd64/FMUQSSStateEvent4_QSS3.xml
----------------- Instantiating /home/travis/build/icyphy/ptII/ptolemy/actor/lib/fmi/test/auto/linux-amd64/FMUQSSStateEvent4_QSS3.xml
 Number of steps: 546
  stateEvents: 1
  stepEvents: 0
  timeEvents: 1
98 ms. Memory: 232448K Free: 116855K (50%)
----------------- Invoking toplevel() on ptolemy.moml.MoMLSimpleApplication@20e23471
----------------- Done invoking toplevel() on ptolemy.moml.MoMLSimpleApplication@20e23471
reloadAllAccessors: .FMUQSSStateEvent4_QSS3

===========================================================================================
----------------- testing Fri Jul 19 08:44:44 UTC 2019 /home/travis/build/icyphy/ptII/ptolemy/actor/lib/fmi/test/auto/linux-amd64/FMUQSSStateEvent5_QSS1.xml
----------------- Instantiating /home/travis/build/icyphy/ptII/ptolemy/actor/lib/fmi/test/auto/linux-amd64/FMUQSSStateEvent5_QSS1.xml
 Number of steps: 991
  stateEvents: 2
  stepEvents: 0
  timeEvents: 0
173 ms. Memory: 232448K Free: 90231K (39%)
----------------- Invoking toplevel() on ptolemy.moml.MoMLSimpleApplication@1439d592
----------------- Done invoking toplevel() on ptolemy.moml.MoMLSimpleApplication@1439d592
reloadAllAccessors: .FMUQSSStateEvent5_QSS1

===========================================================================================
----------------- testing Fri Jul 19 08:44:44 UTC 2019 /home/travis/build/icyphy/ptII/ptolemy/actor/lib/fmi/test/auto/linux-amd64/FMUQSSStateEvent5_QSS2.xml
----------------- Instantiating /home/travis/build/icyphy/ptII/ptolemy/actor/lib/fmi/test/auto/linux-amd64/FMUQSSStateEvent5_QSS2.xml
 Number of steps: 3082
  stateEvents: 2
  stepEvents: 0
  timeEvents: 0
601 ms. Memory: 232448K Free: 148923K (64%)
----------------- Invoking toplevel() on ptolemy.moml.MoMLSimpleApplication@603afd57
----------------- Done invoking toplevel() on ptolemy.moml.MoMLSimpleApplication@603afd57
reloadAllAccessors: .FMUQSSStateEvent5_QSS2

===========================================================================================
----------------- testing Fri Jul 19 08:44:45 UTC 2019 /home/travis/build/icyphy/ptII/ptolemy/actor/lib/fmi/test/auto/linux-amd64/FMUQSSStateEvent5_QSS3.xml
----------------- Instantiating /home/travis/build/icyphy/ptII/ptolemy/actor/lib/fmi/test/auto/linux-amd64/FMUQSSStateEvent5_QSS3.xml
 Number of steps: 416
  stateEvents: 2
  stepEvents: 0
  timeEvents: 0
87 ms. Memory: 232448K Free: 133785K (58%)
----------------- Invoking toplevel() on ptolemy.moml.MoMLSimpleApplication@1f1918cd
----------------- Done invoking toplevel() on ptolemy.moml.MoMLSimpleApplication@1f1918cd
reloadAllAccessors: .FMUQSSStateEvent5_QSS3

===========================================================================================
----------------- testing Fri Jul 19 08:44:45 UTC 2019 /home/travis/build/icyphy/ptII/ptolemy/actor/lib/fmi/test/auto/linux-amd64/FMUQSSStateEvent6_QSS1.xml
----------------- Instantiating /home/travis/build/icyphy/ptII/ptolemy/actor/lib/fmi/test/auto/linux-amd64/FMUQSSStateEvent6_QSS1.xml
 Number of steps: 4328
  stateEvents: 8
  stepEvents: 0
  timeEvents: 0
1016 ms. Memory: 391168K Free: 320667K (82%)
----------------- Invoking toplevel() on ptolemy.moml.MoMLSimpleApplication@4766f99
----------------- Done invoking toplevel() on ptolemy.moml.MoMLSimpleApplication@4766f99
reloadAllAccessors: .FMUQSSStateEvent6_QSS1

===========================================================================================
----------------- testing Fri Jul 19 08:44:46 UTC 2019 /home/travis/build/icyphy/ptII/ptolemy/actor/lib/fmi/test/auto/linux-amd64/FMUQSSStateEvent6_QSS2.xml
----------------- Instantiating /home/travis/build/icyphy/ptII/ptolemy/actor/lib/fmi/test/auto/linux-amd64/FMUQSSStateEvent6_QSS2.xml
 Number of steps: 2682
  stateEvents: 9
  stepEvents: 0
  timeEvents: 0
624 ms. Memory: 391168K Free: 211609K (54%)
----------------- Invoking toplevel() on ptolemy.moml.MoMLSimpleApplication@22084606
----------------- Done invoking toplevel() on ptolemy.moml.MoMLSimpleApplication@22084606
reloadAllAccessors: .FMUQSSStateEvent6_QSS2
AutoTests.java: About to close Vertx.
AutoTests.java: Vertx closed.

===========================================================================================
----------------- testing Fri Jul 19 08:44:47 UTC 2019 /home/travis/build/icyphy/ptII/ptolemy/actor/lib/fmi/test/auto/FMU30Inc.xml
----------------- Instantiating /home/travis/build/icyphy/ptII/ptolemy/actor/lib/fmi/test/auto/FMU30Inc.xml
241 ms. Memory: 391168K Free: 152731K (39%)
----------------- Invoking toplevel() on ptolemy.moml.MoMLSimpleApplication@56c6eabc
----------------- Done invoking toplevel() on ptolemy.moml.MoMLSimpleApplication@56c6eabc
reloadAllAccessors: .FMU30Inc

===========================================================================================
----------------- testing Fri Jul 19 08:44:48 UTC 2019 /home/travis/build/icyphy/ptII/ptolemy/actor/lib/fmi/test/auto/FMUBouncingBall.xml
----------------- Instantiating /home/travis/build/icyphy/ptII/ptolemy/actor/lib/fmi/test/auto/FMUBouncingBall.xml
126 ms. Memory: 391168K Free: 141977K (36%)
----------------- Invoking toplevel() on ptolemy.moml.MoMLSimpleApplication@1f28b395
----------------- Done invoking toplevel() on ptolemy.moml.MoMLSimpleApplication@1f28b395
reloadAllAccessors: .FMUBouncingBall

===========================================================================================
----------------- testing Fri Jul 19 08:44:48 UTC 2019 /home/travis/build/icyphy/ptII/ptolemy/actor/lib/fmi/test/auto/FMUBouncingBallME20.xml
----------------- Instantiating /home/travis/build/icyphy/ptII/ptolemy/actor/lib/fmi/test/auto/FMUBouncingBallME20.xml
137 ms. Memory: 391168K Free: 345241K (88%)
----------------- Invoking toplevel() on ptolemy.moml.MoMLSimpleApplication@1732a8e7
----------------- Done invoking toplevel() on ptolemy.moml.MoMLSimpleApplication@1732a8e7
reloadAllAccessors: .FMUBouncingBallME20

===========================================================================================
----------------- testing Fri Jul 19 08:44:48 UTC 2019 /home/travis/build/icyphy/ptII/ptolemy/actor/lib/fmi/test/auto/FMUDQ.xml
----------------- Instantiating /home/travis/build/icyphy/ptII/ptolemy/actor/lib/fmi/test/auto/FMUDQ.xml
5 ms. Memory: 391168K Free: 340121K (87%)
----------------- Invoking toplevel() on ptolemy.moml.MoMLSimpleApplication@580782cd
----------------- Done invoking toplevel() on ptolemy.moml.MoMLSimpleApplication@580782cd
reloadAllAccessors: .FMUDQ

===========================================================================================
----------------- testing Fri Jul 19 08:44:48 UTC 2019 /home/travis/build/icyphy/ptII/ptolemy/actor/lib/fmi/test/auto/FMUDq20.xml
----------------- Instantiating /home/travis/build/icyphy/ptII/ptolemy/actor/lib/fmi/test/auto/FMUDq20.xml
28 ms. Memory: 391168K Free: 329881K (84%)
----------------- Invoking toplevel() on ptolemy.moml.MoMLSimpleApplication@a4d86c7
----------------- Done invoking toplevel() on ptolemy.moml.MoMLSimpleApplication@a4d86c7
reloadAllAccessors: .FMUDq20

===========================================================================================
----------------- testing Fri Jul 19 08:44:48 UTC 2019 /home/travis/build/icyphy/ptII/ptolemy/actor/lib/fmi/test/auto/FMUDqME20.xml
----------------- Instantiating /home/travis/build/icyphy/ptII/ptolemy/actor/lib/fmi/test/auto/FMUDqME20.xml
7 ms. Memory: 391168K Free: 323737K (83%)
----------------- Invoking toplevel() on ptolemy.moml.MoMLSimpleApplication@2bad3f43
----------------- Done invoking toplevel() on ptolemy.moml.MoMLSimpleApplication@2bad3f43
reloadAllAccessors: .FMUDqME20

===========================================================================================
----------------- testing Fri Jul 19 08:44:48 UTC 2019 /home/travis/build/icyphy/ptII/ptolemy/actor/lib/fmi/test/auto/FMUFourInputsFourOutputsME20.xml
----------------- Instantiating /home/travis/build/icyphy/ptII/ptolemy/actor/lib/fmi/test/auto/FMUFourInputsFourOutputsME20.xml
13 ms. Memory: 391168K Free: 315035K (81%)
----------------- Invoking toplevel() on ptolemy.moml.MoMLSimpleApplication@506c7081
----------------- Done invoking toplevel() on ptolemy.moml.MoMLSimpleApplication@506c7081
reloadAllAccessors: .FMUFourInputsFourOutputsME20

===========================================================================================
----------------- testing Fri Jul 19 08:44:48 UTC 2019 /home/travis/build/icyphy/ptII/ptolemy/actor/lib/fmi/test/auto/FMUHeaterFlowResistance.xml
----------------- Instantiating /home/travis/build/icyphy/ptII/ptolemy/actor/lib/fmi/test/auto/FMUHeaterFlowResistance.xml
FMU Builder messages:

Attempting to build /tmp/FMUFile18195871669029499414.tmp/binaries/linux64/heaterFlowResistance.so
architecture: linux64 isWindows: false  command: make target: linux64
make ARCH=linux64 CBITSFLAGS=-fvisibility=hidden PIC=-fPIC SHARED_LIBRARY_SUFFIX=so heaterFlowResistance.so
make[1]: Entering directory '/tmp/FMUFile18195871669029499414.tmp/sources'
echo `pwd`
/tmp/FMUFile18195871669029499414.tmp/sources
cc -g -c -fvisibility=hidden -fPIC -Wall -DFMI_COSIMULATION -I.  heaterFlowResistance.c -o heaterFlowResistance.o
Creating ../binaries/linux64/
cc -fvisibility=hidden -g -Wall -shared -Wl,-soname,heaterFlowResistance.so -DFMI_COSIMULATION -I. -o ../binaries/linux64/heaterFlowResistance.so heaterFlowResistance.o 
rm heaterFlowResistance.o
make[1]: Leaving directory '/tmp/FMUFile18195871669029499414.tmp/sources'

414 ms. Memory: 391168K Free: 305305K (78%)
----------------- Invoking toplevel() on ptolemy.moml.MoMLSimpleApplication@29de16e3
----------------- Done invoking toplevel() on ptolemy.moml.MoMLSimpleApplication@29de16e3
reloadAllAccessors: .FMUHeaterFlowResistance

===========================================================================================
----------------- testing Fri Jul 19 08:44:49 UTC 2019 /home/travis/build/icyphy/ptII/ptolemy/actor/lib/fmi/test/auto/FMUHelloWorld.xml
----------------- Instantiating /home/travis/build/icyphy/ptII/ptolemy/actor/lib/fmi/test/auto/FMUHelloWorld.xml
9 ms. Memory: 391168K Free: 301721K (77%)
----------------- Invoking toplevel() on ptolemy.moml.MoMLSimpleApplication@6d6c924a
----------------- Done invoking toplevel() on ptolemy.moml.MoMLSimpleApplication@6d6c924a
reloadAllAccessors: .FMUHelloWorld

===========================================================================================
----------------- testing Fri Jul 19 08:44:49 UTC 2019 /home/travis/build/icyphy/ptII/ptolemy/actor/lib/fmi/test/auto/FMUHelloWorldUnBuilt.xml
----------------- Instantiating /home/travis/build/icyphy/ptII/ptolemy/actor/lib/fmi/test/auto/FMUHelloWorldUnBuilt.xml
FMU Builder messages:

Attempting to build /tmp/FMUFile5223458771430107561.tmp/binaries/linux64/helloWorld.so
architecture: linux64 isWindows: false  command: make target: linux64
make ARCH=linux64 CBITSFLAGS=-fvisibility=hidden PIC=-fPIC SHARED_LIBRARY_SUFFIX=so helloWorld.so
make[1]: Entering directory '/tmp/FMUFile5223458771430107561.tmp/sources'
echo `pwd`
/tmp/FMUFile5223458771430107561.tmp/sources
cc -g -c -fvisibility=hidden -fPIC -Wall -DFMI_COSIMULATION -I.  helloWorld.c -o helloWorld.o
Creating ../binaries/linux64/
cc -fvisibility=hidden -g -Wall -shared -Wl,-soname,helloWorld.so -DFMI_COSIMULATION -I. -o ../binaries/linux64/helloWorld.so helloWorld.o 
rm helloWorld.o
make[1]: Leaving directory '/tmp/FMUFile5223458771430107561.tmp/sources'

96 ms. Memory: 391168K Free: 297113K (76%)
----------------- Invoking toplevel() on ptolemy.moml.MoMLSimpleApplication@60b70a7d
----------------- Done invoking toplevel() on ptolemy.moml.MoMLSimpleApplication@60b70a7d
reloadAllAccessors: .FMUHelloWorldUnBuilt

===========================================================================================
----------------- testing Fri Jul 19 08:44:49 UTC 2019 /home/travis/build/icyphy/ptII/ptolemy/actor/lib/fmi/test/auto/FMUInc.xml
----------------- Instantiating /home/travis/build/icyphy/ptII/ptolemy/actor/lib/fmi/test/auto/FMUInc.xml
5 ms. Memory: 391168K Free: 293531K (75%)
----------------- Invoking toplevel() on ptolemy.moml.MoMLSimpleApplication@3c6aa35e
----------------- Done invoking toplevel() on ptolemy.moml.MoMLSimpleApplication@3c6aa35e
reloadAllAccessors: .FMUInc

===========================================================================================
----------------- testing Fri Jul 19 08:44:49 UTC 2019 /home/travis/build/icyphy/ptII/ptolemy/actor/lib/fmi/test/auto/FMUInc2.xml
----------------- Instantiating /home/travis/build/icyphy/ptII/ptolemy/actor/lib/fmi/test/auto/FMUInc2.xml
10 ms. Memory: 391168K Free: 289435K (74%)
----------------- Invoking toplevel() on ptolemy.moml.MoMLSimpleApplication@27dddaae
----------------- Done invoking toplevel() on ptolemy.moml.MoMLSimpleApplication@27dddaae
reloadAllAccessors: .FMUInc2

===========================================================================================
----------------- testing Fri Jul 19 08:44:49 UTC 2019 /home/travis/build/icyphy/ptII/ptolemy/actor/lib/fmi/test/auto/FMUIncME1.xml
----------------- Instantiating /home/travis/build/icyphy/ptII/ptolemy/actor/lib/fmi/test/auto/FMUIncME1.xml
6 ms. Memory: 391168K Free: 285849K (73%)
----------------- Invoking toplevel() on ptolemy.moml.MoMLSimpleApplication@2b3698b4
----------------- Done invoking toplevel() on ptolemy.moml.MoMLSimpleApplication@2b3698b4
reloadAllAccessors: .FMUIncME1

===========================================================================================
----------------- testing Fri Jul 19 08:44:49 UTC 2019 /home/travis/build/icyphy/ptII/ptolemy/actor/lib/fmi/test/auto/FMUIncME20.xml
----------------- Instantiating /home/travis/build/icyphy/ptII/ptolemy/actor/lib/fmi/test/auto/FMUIncME20.xml
10 ms. Memory: 391168K Free: 281753K (72%)
----------------- Invoking toplevel() on ptolemy.moml.MoMLSimpleApplication@7cf743e1
----------------- Done invoking toplevel() on ptolemy.moml.MoMLSimpleApplication@7cf743e1
reloadAllAccessors: .FMUIncME20

===========================================================================================
----------------- testing Fri Jul 19 08:44:49 UTC 2019 /home/travis/build/icyphy/ptII/ptolemy/actor/lib/fmi/test/auto/FMUIncScale20RC1pt.xml
----------------- Instantiating /home/travis/build/icyphy/ptII/ptolemy/actor/lib/fmi/test/auto/FMUIncScale20RC1pt.xml
16 ms. Memory: 391168K Free: 276633K (71%)
----------------- Invoking toplevel() on ptolemy.moml.MoMLSimpleApplication@ffc99fb
----------------- Done invoking toplevel() on ptolemy.moml.MoMLSimpleApplication@ffc99fb
reloadAllAccessors: .FMUIncScale20RC1pt

===========================================================================================
----------------- testing Fri Jul 19 08:44:49 UTC 2019 /home/travis/build/icyphy/ptII/ptolemy/actor/lib/fmi/test/auto/FMULevelStairs.xml
----------------- Instantiating /home/travis/build/icyphy/ptII/ptolemy/actor/lib/fmi/test/auto/FMULevelStairs.xml
33 ms. Memory: 391168K Free: 272027K (70%)
----------------- Invoking toplevel() on ptolemy.moml.MoMLSimpleApplication@21486543
----------------- Done invoking toplevel() on ptolemy.moml.MoMLSimpleApplication@21486543
reloadAllAccessors: .FMULevelStairs

===========================================================================================
----------------- testing Fri Jul 19 08:44:49 UTC 2019 /home/travis/build/icyphy/ptII/ptolemy/actor/lib/fmi/test/auto/FMUPumpConstantSpeed.xml
----------------- Instantiating /home/travis/build/icyphy/ptII/ptolemy/actor/lib/fmi/test/auto/FMUPumpConstantSpeed.xml
FMU Builder messages:

Attempting to build /tmp/FMUFile5285188488135513369.tmp/binaries/linux64/pumpConstantSpeed.so
architecture: linux64 isWindows: false  command: make target: linux64
make ARCH=linux64 CBITSFLAGS=-fvisibility=hidden PIC=-fPIC SHARED_LIBRARY_SUFFIX=so pumpConstantSpeed.so
make[1]: Entering directory '/tmp/FMUFile5285188488135513369.tmp/sources'
echo `pwd`
/tmp/FMUFile5285188488135513369.tmp/sources
cc -g -c -fvisibility=hidden -fPIC -Wall -DFMI_COSIMULATION -I.  pumpConstantSpeed.c -o pumpConstantSpeed.o
Creating ../binaries/linux64/
cc -fvisibility=hidden -g -Wall -shared -Wl,-soname,pumpConstantSpeed.so -DFMI_COSIMULATION -I. -o ../binaries/linux64/pumpConstantSpeed.so pumpConstantSpeed.o 
rm pumpConstantSpeed.o
make[1]: Leaving directory '/tmp/FMUFile5285188488135513369.tmp/sources'

117 ms. Memory: 391168K Free: 263835K (67%)
----------------- Invoking toplevel() on ptolemy.moml.MoMLSimpleApplication@5dc5cb2
----------------- Done invoking toplevel() on ptolemy.moml.MoMLSimpleApplication@5dc5cb2
reloadAllAccessors: .FMUPumpConstantSpeed

===========================================================================================
----------------- testing Fri Jul 19 08:44:49 UTC 2019 /home/travis/build/icyphy/ptII/ptolemy/actor/lib/fmi/test/auto/FMUQSSTankOpen.xml
----------------- Instantiating /home/travis/build/icyphy/ptII/ptolemy/actor/lib/fmi/test/auto/FMUQSSTankOpen.xml
FMU Builder messages:

Attempting to build /tmp/FMUFile377060755503027748.tmp/binaries/linux64/tankOpen.so
architecture: linux64 isWindows: false  command: make target: linux64
make ARCH=linux64 CBITSFLAGS=-fvisibility=hidden PIC=-fPIC SHARED_LIBRARY_SUFFIX=so tankOpen.so
make[1]: Entering directory '/tmp/FMUFile377060755503027748.tmp/sources'
echo `pwd`
/tmp/FMUFile377060755503027748.tmp/sources
cc -g -c -fvisibility=hidden -fPIC -Wall -DFMI_COSIMULATION -I.  tankOpen.c -o tankOpen.o
Creating ../binaries/linux64/
cc -fvisibility=hidden -g -Wall -shared -Wl,-soname,tankOpen.so -DFMI_COSIMULATION -I. -o ../binaries/linux64/tankOpen.so tankOpen.o -lm
rm tankOpen.o
make[1]: Leaving directory '/tmp/FMUFile377060755503027748.tmp/sources'

 Number of steps: 39894
  stateEvents: 0
  stepEvents: 0
  timeEvents: 0
3288 ms. Memory: 391168K Free: 168445K (43%)
----------------- Invoking toplevel() on ptolemy.moml.MoMLSimpleApplication@e3ca33f
----------------- Done invoking toplevel() on ptolemy.moml.MoMLSimpleApplication@e3ca33f
reloadAllAccessors: .FMUQSSTankOpen

===========================================================================================
----------------- testing Fri Jul 19 08:44:53 UTC 2019 /home/travis/build/icyphy/ptII/ptolemy/actor/lib/fmi/test/auto/FMUSDFBouncingBall.xml
----------------- Instantiating /home/travis/build/icyphy/ptII/ptolemy/actor/lib/fmi/test/auto/FMUSDFBouncingBall.xml
7 ms. Memory: 391168K Free: 162815K (42%)
----------------- Invoking toplevel() on ptolemy.moml.MoMLSimpleApplication@25761b8f
----------------- Done invoking toplevel() on ptolemy.moml.MoMLSimpleApplication@25761b8f
reloadAllAccessors: .FMUSDFBouncingBall

===========================================================================================
----------------- testing Fri Jul 19 08:44:53 UTC 2019 /home/travis/build/icyphy/ptII/ptolemy/actor/lib/fmi/test/auto/FMUSDFBouncingBall20.xml
----------------- Instantiating /home/travis/build/icyphy/ptII/ptolemy/actor/lib/fmi/test/auto/FMUSDFBouncingBall20.xml
358 ms. Memory: 391168K Free: 339597K (87%)
----------------- Invoking toplevel() on ptolemy.moml.MoMLSimpleApplication@e1116c7
----------------- Done invoking toplevel() on ptolemy.moml.MoMLSimpleApplication@e1116c7
reloadAllAccessors: .FMUSDFBouncingBall20

===========================================================================================
----------------- testing Fri Jul 19 08:44:53 UTC 2019 /home/travis/build/icyphy/ptII/ptolemy/actor/lib/fmi/test/auto/FMUSDFBouncingBall20RC1.xml
----------------- Instantiating /home/travis/build/icyphy/ptII/ptolemy/actor/lib/fmi/test/auto/FMUSDFBouncingBall20RC1.xml
10 ms. Memory: 391168K Free: 333309K (85%)
----------------- Invoking toplevel() on ptolemy.moml.MoMLSimpleApplication@6be9dbda
----------------- Done invoking toplevel() on ptolemy.moml.MoMLSimpleApplication@6be9dbda
reloadAllAccessors: .FMUSDFBouncingBall20RC1

===========================================================================================
----------------- testing Fri Jul 19 08:44:53 UTC 2019 /home/travis/build/icyphy/ptII/ptolemy/actor/lib/fmi/test/auto/FMUSDFInc20.xml
----------------- Instantiating /home/travis/build/icyphy/ptII/ptolemy/actor/lib/fmi/test/auto/FMUSDFInc20.xml
10 ms. Memory: 391168K Free: 327679K (84%)
----------------- Invoking toplevel() on ptolemy.moml.MoMLSimpleApplication@66f0eaea
----------------- Done invoking toplevel() on ptolemy.moml.MoMLSimpleApplication@66f0eaea
reloadAllAccessors: .FMUSDFInc20

===========================================================================================
----------------- testing Fri Jul 19 08:44:53 UTC 2019 /home/travis/build/icyphy/ptII/ptolemy/actor/lib/fmi/test/auto/FMUStairs.xml
----------------- Instantiating /home/travis/build/icyphy/ptII/ptolemy/actor/lib/fmi/test/auto/FMUStairs.xml
28 ms. Memory: 391168K Free: 321535K (82%)
----------------- Invoking toplevel() on ptolemy.moml.MoMLSimpleApplication@7d57fca1
----------------- Done invoking toplevel() on ptolemy.moml.MoMLSimpleApplication@7d57fca1
reloadAllAccessors: .FMUStairs

===========================================================================================
----------------- testing Fri Jul 19 08:44:53 UTC 2019 /home/travis/build/icyphy/ptII/ptolemy/actor/lib/fmi/test/auto/FMUStepCounter1.xml
----------------- Instantiating /home/travis/build/icyphy/ptII/ptolemy/actor/lib/fmi/test/auto/FMUStepCounter1.xml
FMU Builder messages:

Attempting to build /tmp/FMUFile4900964826482558217.tmp/binaries/linux64/stepCounter1.so
architecture: linux64 isWindows: false  command: make target: linux64
make ARCH=linux64 CBITSFLAGS=-fvisibility=hidden PIC=-fPIC SHARED_LIBRARY_SUFFIX=so stepCounter1.so
make[1]: Entering directory '/tmp/FMUFile4900964826482558217.tmp/sources'
echo `pwd`
/tmp/FMUFile4900964826482558217.tmp/sources
cc -g -c -fvisibility=hidden -fPIC -Wall -DFMI_COSIMULATION -I.  stepCounter1.c -o stepCounter1.o
Creating ../binaries/linux64/
cc -fvisibility=hidden -g -Wall -shared -Wl,-soname,stepCounter1.so -DFMI_COSIMULATION -I. -o ../binaries/linux64/stepCounter1.so stepCounter1.o 

102 ms. Memory: 391168K Free: 315901K (81%)
----------------- Invoking toplevel() on ptolemy.moml.MoMLSimpleApplication@d5f5cae
----------------- Done invoking toplevel() on ptolemy.moml.MoMLSimpleApplication@d5f5cae
reloadAllAccessors: .FMUStepCounter1

===========================================================================================
----------------- testing Fri Jul 19 08:44:53 UTC 2019 /home/travis/build/icyphy/ptII/ptolemy/actor/lib/fmi/test/auto/FMUStepCounter2.xml
----------------- Instantiating /home/travis/build/icyphy/ptII/ptolemy/actor/lib/fmi/test/auto/FMUStepCounter2.xml
FMU Builder messages:

Attempting to build /tmp/FMUFile13433857754528683821.tmp/binaries/linux64/stepCounter.so
architecture: linux64 isWindows: false  command: make target: linux64
make ARCH=linux64 CBITSFLAGS=-fvisibility=hidden PIC=-fPIC SHARED_LIBRARY_SUFFIX=so stepCounter.so
make[1]: Entering directory '/tmp/FMUFile13433857754528683821.tmp/sources'
echo `pwd`
/tmp/FMUFile13433857754528683821.tmp/sources
cc -g -c -fvisibility=hidden -fPIC -Wall -DFMI_COSIMULATION -I.  stepCounter.c -o stepCounter.o
Creating ../binaries/linux64/
cc -fvisibility=hidden -g -Wall -shared -Wl,-soname,stepCounter.so -DFMI_COSIMULATION -I. -o ../binaries/linux64/stepCounter.so stepCounter.o 
rm stepCounter.o
make[1]: Leaving directory '/tmp/FMUFile13433857754528683821.tmp/sources'

109 ms. Memory: 391168K Free: 310781K (79%)
----------------- Invoking toplevel() on ptolemy.moml.MoMLSimpleApplication@55cdb90
----------------- Done invoking toplevel() on ptolemy.moml.MoMLSimpleApplication@55cdb90
reloadAllAccessors: .FMUStepCounter2

===========================================================================================
----------------- testing Fri Jul 19 08:44:53 UTC 2019 /home/travis/build/icyphy/ptII/ptolemy/actor/lib/fmi/test/auto/FMUStepCounterContinuous1.xml
----------------- Instantiating /home/travis/build/icyphy/ptII/ptolemy/actor/lib/fmi/test/auto/FMUStepCounterContinuous1.xml
6 ms. Memory: 391168K Free: 306685K (78%)
----------------- Invoking toplevel() on ptolemy.moml.MoMLSimpleApplication@4ecc1ff6
----------------- Done invoking toplevel() on ptolemy.moml.MoMLSimpleApplication@4ecc1ff6
reloadAllAccessors: .FMUStepCounterContinuous

===========================================================================================
----------------- testing Fri Jul 19 08:44:53 UTC 2019 /home/travis/build/icyphy/ptII/ptolemy/actor/lib/fmi/test/auto/FMUStepCounterContinuous2.xml
----------------- Instantiating /home/travis/build/icyphy/ptII/ptolemy/actor/lib/fmi/test/auto/FMUStepCounterContinuous2.xml
11 ms. Memory: 391168K Free: 302589K (77%)
----------------- Invoking toplevel() on ptolemy.moml.MoMLSimpleApplication@3b629721
----------------- Done invoking toplevel() on ptolemy.moml.MoMLSimpleApplication@3b629721
reloadAllAccessors: .FMUStepCounterContinuous2

===========================================================================================
----------------- testing Fri Jul 19 08:44:54 UTC 2019 /home/travis/build/icyphy/ptII/ptolemy/actor/lib/fmi/test/auto/FMUStepCounterContinuousTwoFMUs1.xml
----------------- Instantiating /home/travis/build/icyphy/ptII/ptolemy/actor/lib/fmi/test/auto/FMUStepCounterContinuousTwoFMUs1.xml
13 ms. Memory: 391168K Free: 297469K (76%)
----------------- Invoking toplevel() on ptolemy.moml.MoMLSimpleApplication@5c72ea53
----------------- Done invoking toplevel() on ptolemy.moml.MoMLSimpleApplication@5c72ea53
reloadAllAccessors: .FMUStepCounterContinuousTwoFMUs

===========================================================================================
----------------- testing Fri Jul 19 08:44:54 UTC 2019 /home/travis/build/icyphy/ptII/ptolemy/actor/lib/fmi/test/auto/FMUStepCounterContinuousTwoFMUs2.xml
----------------- Instantiating /home/travis/build/icyphy/ptII/ptolemy/actor/lib/fmi/test/auto/FMUStepCounterContinuousTwoFMUs2.xml
20 ms. Memory: 391168K Free: 291839K (75%)
----------------- Invoking toplevel() on ptolemy.moml.MoMLSimpleApplication@1f3c6b38
----------------- Done invoking toplevel() on ptolemy.moml.MoMLSimpleApplication@1f3c6b38
reloadAllAccessors: .FMUStepCounterContinuousTwoFMUs2

===========================================================================================
----------------- testing Fri Jul 19 08:44:54 UTC 2019 /home/travis/build/icyphy/ptII/ptolemy/actor/lib/fmi/test/auto/FMUStepCounterExtendedFMI.xml
----------------- Instantiating /home/travis/build/icyphy/ptII/ptolemy/actor/lib/fmi/test/auto/FMUStepCounterExtendedFMI.xml
FMU Builder messages:

Attempting to build /tmp/FMUFile9463354944661307370.tmp/binaries/linux64/stepCounterExtendedFMI.so
architecture: linux64 isWindows: false  command: make target: linux64
make ARCH=linux64 CBITSFLAGS=-fvisibility=hidden PIC=-fPIC SHARED_LIBRARY_SUFFIX=so stepCounterExtendedFMI.so
make[1]: Entering directory '/tmp/FMUFile9463354944661307370.tmp/sources'
echo `pwd`
/tmp/FMUFile9463354944661307370.tmp/sources
cc -g -c -fvisibility=hidden -fPIC -Wall -DFMI_COSIMULATION -I.  stepCounterExtendedFMI.c -o stepCounterExtendedFMI.o
Creating ../binaries/linux64/
cc -fvisibility=hidden -g -Wall -shared -Wl,-soname,stepCounterExtendedFMI.so -DFMI_COSIMULATION -I. -o ../binaries/linux64/stepCounterExtendedFMI.so stepCounterExtendedFMI.o 
rm stepCounterExtendedFMI.o
make[1]: Leaving directory '/tmp/FMUFile9463354944661307370.tmp/sources'

130 ms. Memory: 391168K Free: 283647K (73%)
----------------- Invoking toplevel() on ptolemy.moml.MoMLSimpleApplication@7c6a8acc
----------------- Done invoking toplevel() on ptolemy.moml.MoMLSimpleApplication@7c6a8acc
reloadAllAccessors: .FMUStepCounterExtendedFMI

===========================================================================================
----------------- testing Fri Jul 19 08:44:54 UTC 2019 /home/travis/build/icyphy/ptII/ptolemy/actor/lib/fmi/test/auto/FMUStepCounterPeriodInNameContinuous2.xml
----------------- Instantiating /home/travis/build/icyphy/ptII/ptolemy/actor/lib/fmi/test/auto/FMUStepCounterPeriodInNameContinuous2.xml
FMU Builder messages:

Attempting to build /tmp/FMUFile10191526100310964256.tmp/binaries/linux64/stepCounterPeriodInName.so
architecture: linux64 isWindows: false  command: make target: linux64
make ARCH=linux64 CBITSFLAGS=-fvisibility=hidden PIC=-fPIC SHARED_LIBRARY_SUFFIX=so stepCounterPeriodInName.so
make[1]: Entering directory '/tmp/FMUFile10191526100310964256.tmp/sources'
echo `pwd`
/tmp/FMUFile10191526100310964256.tmp/sources
cc -g -c -fvisibility=hidden -fPIC -Wall -DFMI_COSIMULATION -I.  stepCounterPeriodInName.c -o stepCounterPeriodInName.o
Creating ../binaries/linux64/
cc -fvisibility=hidden -g -Wall -shared -Wl,-soname,stepCounterPeriodInName.so -DFMI_COSIMULATION -I. -o ../binaries/linux64/stepCounterPeriodInName.so stepCounterPeriodInName.o 
rm stepCounterPeriodInName.o
make[1]: Leaving directory '/tmp/FMUFile10191526100310964256.tmp/sources'

104 ms. Memory: 391168K Free: 278013K (71%)
----------------- Invoking toplevel() on ptolemy.moml.MoMLSimpleApplication@3a5d046e
----------------- Done invoking toplevel() on ptolemy.moml.MoMLSimpleApplication@3a5d046e
reloadAllAccessors: .FMUStepCounterPeriodInNameContinuous2

===========================================================================================
----------------- testing Fri Jul 19 08:44:54 UTC 2019 /home/travis/build/icyphy/ptII/ptolemy/actor/lib/fmi/test/auto/FMUTankOpen.xml
----------------- Instantiating /home/travis/build/icyphy/ptII/ptolemy/actor/lib/fmi/test/auto/FMUTankOpen.xml
31 ms. Memory: 391168K Free: 268797K (69%)
----------------- Invoking toplevel() on ptolemy.moml.MoMLSimpleApplication@8e52aad
----------------- Done invoking toplevel() on ptolemy.moml.MoMLSimpleApplication@8e52aad
reloadAllAccessors: .FMUTankOpen

===========================================================================================
----------------- testing Fri Jul 19 08:44:54 UTC 2019 /home/travis/build/icyphy/ptII/ptolemy/actor/lib/fmi/test/auto/FMUTwoBallCollision.xml
----------------- Instantiating /home/travis/build/icyphy/ptII/ptolemy/actor/lib/fmi/test/auto/FMUTwoBallCollision.xml
137 ms. Memory: 391168K Free: 236029K (60%)
----------------- Invoking toplevel() on ptolemy.moml.MoMLSimpleApplication@5a5fb050
----------------- Done invoking toplevel() on ptolemy.moml.MoMLSimpleApplication@5a5fb050
reloadAllAccessors: .FMUTwoBallCollision

===========================================================================================
----------------- testing Fri Jul 19 08:44:54 UTC 2019 /home/travis/build/icyphy/ptII/ptolemy/actor/lib/fmi/test/auto/FMUValues.xml
----------------- Instantiating /home/travis/build/icyphy/ptII/ptolemy/actor/lib/fmi/test/auto/FMUValues.xml
15 ms. Memory: 391168K Free: 228351K (58%)
----------------- Invoking toplevel() on ptolemy.moml.MoMLSimpleApplication@4d3350b1
----------------- Done invoking toplevel() on ptolemy.moml.MoMLSimpleApplication@4d3350b1
reloadAllAccessors: .FMUValues

===========================================================================================
----------------- testing Fri Jul 19 08:44:54 UTC 2019 /home/travis/build/icyphy/ptII/ptolemy/actor/lib/fmi/test/auto/FMUValues20.xml
----------------- Instantiating /home/travis/build/icyphy/ptII/ptolemy/actor/lib/fmi/test/auto/FMUValues20.xml
13 ms. Memory: 391168K Free: 219615K (56%)
----------------- Invoking toplevel() on ptolemy.moml.MoMLSimpleApplication@32f32d3b
----------------- Done invoking toplevel() on ptolemy.moml.MoMLSimpleApplication@32f32d3b
reloadAllAccessors: .FMUValues20

===========================================================================================
----------------- testing Fri Jul 19 08:44:54 UTC 2019 /home/travis/build/icyphy/ptII/ptolemy/actor/lib/fmi/test/auto/FMUValuesME20.xml
----------------- Instantiating /home/travis/build/icyphy/ptII/ptolemy/actor/lib/fmi/test/auto/FMUValuesME20.xml
60 ms. Memory: 391168K Free: 206333K (53%)
----------------- Invoking toplevel() on ptolemy.moml.MoMLSimpleApplication@14dde183
----------------- Done invoking toplevel() on ptolemy.moml.MoMLSimpleApplication@14dde183
reloadAllAccessors: .FMUValuesME20

===========================================================================================
----------------- testing Fri Jul 19 08:44:54 UTC 2019 /home/travis/build/icyphy/ptII/ptolemy/actor/lib/fmi/test/auto/FMUVanDerPol.xml
----------------- Instantiating /home/travis/build/icyphy/ptII/ptolemy/actor/lib/fmi/test/auto/FMUVanDerPol.xml
10 ms. Memory: 391168K Free: 201213K (51%)
----------------- Invoking toplevel() on ptolemy.moml.MoMLSimpleApplication@708824e6
----------------- Done invoking toplevel() on ptolemy.moml.MoMLSimpleApplication@708824e6
reloadAllAccessors: .FMUVanDerPol

===========================================================================================
----------------- testing Fri Jul 19 08:44:55 UTC 2019 /home/travis/build/icyphy/ptII/ptolemy/actor/lib/fmi/test/auto/FMUVanDerPol20.xml
----------------- Instantiating /home/travis/build/icyphy/ptII/ptolemy/actor/lib/fmi/test/auto/FMUVanDerPol20.xml
69 ms. Memory: 391168K Free: 186367K (48%)
----------------- Invoking toplevel() on ptolemy.moml.MoMLSimpleApplication@2dbab54b
----------------- Done invoking toplevel() on ptolemy.moml.MoMLSimpleApplication@2dbab54b
reloadAllAccessors: .FMUVanDerPol20

===========================================================================================
----------------- testing Fri Jul 19 08:44:55 UTC 2019 /home/travis/build/icyphy/ptII/ptolemy/actor/lib/fmi/test/auto/FMUVanDerPolME20.xml
----------------- Instantiating /home/travis/build/icyphy/ptII/ptolemy/actor/lib/fmi/test/auto/FMUVanDerPolME20.xml
18 ms. Memory: 391168K Free: 176637K (45%)
----------------- Invoking toplevel() on ptolemy.moml.MoMLSimpleApplication@4c17ae9b
----------------- Done invoking toplevel() on ptolemy.moml.MoMLSimpleApplication@4c17ae9b
reloadAllAccessors: .FMUVanDerPolME20

===========================================================================================
----------------- testing Fri Jul 19 08:44:55 UTC 2019 /home/travis/build/icyphy/ptII/ptolemy/actor/lib/fmi/test/auto/FMUdq20RC1.xml
----------------- Instantiating /home/travis/build/icyphy/ptII/ptolemy/actor/lib/fmi/test/auto/FMUdq20RC1.xml
4 ms. Memory: 391168K Free: 172031K (44%)
----------------- Invoking toplevel() on ptolemy.moml.MoMLSimpleApplication@117b9328
----------------- Done invoking toplevel() on ptolemy.moml.MoMLSimpleApplication@117b9328
reloadAllAccessors: .FMUdq20RC1

===========================================================================================
----------------- testing Fri Jul 19 08:44:55 UTC 2019 /home/travis/build/icyphy/ptII/ptolemy/actor/lib/fmi/test/auto/FMUvalues20RC1.xml
----------------- Instantiating /home/travis/build/icyphy/ptII/ptolemy/actor/lib/fmi/test/auto/FMUvalues20RC1.xml
14 ms. Memory: 391168K Free: 163839K (42%)
----------------- Invoking toplevel() on ptolemy.moml.MoMLSimpleApplication@4611819b
----------------- Done invoking toplevel() on ptolemy.moml.MoMLSimpleApplication@4611819b
reloadAllAccessors: .FMUvalues20RC1

===========================================================================================
----------------- testing Fri Jul 19 08:44:55 UTC 2019 /home/travis/build/icyphy/ptII/ptolemy/actor/lib/fmi/test/auto/FMUvanDerPol20RC1.xml
----------------- Instantiating /home/travis/build/icyphy/ptII/ptolemy/actor/lib/fmi/test/auto/FMUvanDerPol20RC1.xml
9 ms. Memory: 391168K Free: 157695K (40%)
----------------- Invoking toplevel() on ptolemy.moml.MoMLSimpleApplication@3701c092
----------------- Done invoking toplevel() on ptolemy.moml.MoMLSimpleApplication@3701c092
reloadAllAccessors: .FMUvanDerPol20RC1

===========================================================================================
----------------- testing Fri Jul 19 08:44:55 UTC 2019 /home/travis/build/icyphy/ptII/ptolemy/actor/lib/fmi/test/auto/TestZeroDelayFeedback.xml
----------------- Instantiating /home/travis/build/icyphy/ptII/ptolemy/actor/lib/fmi/test/auto/TestZeroDelayFeedback.xml
FMU Builder messages:

Attempting to build /tmp/FMUFile4588636683513174957.tmp/binaries/linux64/Constant.so
architecture: linux64 isWindows: false  command: make target: linux64
make ARCH=linux64 CBITSFLAGS=-fvisibility=hidden PIC=-fPIC SHARED_LIBRARY_SUFFIX=so Constant.so
make[1]: Entering directory '/tmp/FMUFile4588636683513174957.tmp/sources'
echo `pwd`
/tmp/FMUFile4588636683513174957.tmp/sources
cc -g -c -fvisibility=hidden -fPIC -Wall -DFMI_COSIMULATION -I.  Constant.c -o Constant.o
Creating ../binaries/linux64/
cc -fvisibility=hidden -g -Wall -shared -Wl,-soname,Constant.so -DFMI_COSIMULATION -I. -o ../binaries/linux64/Constant.so Constant.o 
rm Constant.o
make[1]: Leaving directory '/tmp/FMUFile4588636683513174957.tmp/sources'

FMU Builder messages:

Attempting to build /tmp/FMUFile17108159050611015205.tmp/binaries/linux64/Integrator.so
architecture: linux64 isWindows: false  command: make target: linux64
make ARCH=linux64 CBITSFLAGS=-fvisibility=hidden PIC=-fPIC SHARED_LIBRARY_SUFFIX=so Integrator.so
make[1]: Entering directory '/tmp/FMUFile17108159050611015205.tmp/sources'
echo `pwd`
/tmp/FMUFile17108159050611015205.tmp/sources
cc -g -c -fvisibility=hidden -fPIC -Wall -DFMI_COSIMULATION -I.  Integrator.c -o Integrator.o
Integrator.c: In function ‘fmi2HybridGetMaxStepSize’:
Integrator.c:112:20: warning: unused variable ‘comp’ [-Wunused-variable]
     ModelInstance *comp = (ModelInstance *)c;
                    ^
In file included from Integrator.c:123:0:
fmuTemplate.c: In function ‘fmi2HybridDoStep’:
fmuTemplate.c:992:12: warning: variable ‘prevState’ set but not used [-Wunused-but-set-variable]
     double prevState[max(NUMBER_OF_STATES, 1)];
            ^
Creating ../binaries/linux64/
cc -fvisibility=hidden -g -Wall -shared -Wl,-soname,Integrator.so -DFMI_COSIMULATION -I. -o ../binaries/linux64/Integrator.so Integrator.o 
rm Integrator.o
make[1]: Leaving directory '/tmp/FMUFile17108159050611015205.tmp/sources'

FMU Builder messages:

Attempting to build /tmp/FMUFile12024940758083689776.tmp/binaries/linux64/Adder.so
architecture: linux64 isWindows: false  command: make target: linux64
make ARCH=linux64 CBITSFLAGS=-fvisibility=hidden PIC=-fPIC SHARED_LIBRARY_SUFFIX=so Adder.so
make[1]: Entering directory '/tmp/FMUFile12024940758083689776.tmp/sources'
echo `pwd`
/tmp/FMUFile12024940758083689776.tmp/sources
cc -g -c -fvisibility=hidden -fPIC -Wall -DFMI_COSIMULATION -I.  Adder.c -o Adder.o
Creating ../binaries/linux64/
cc -fvisibility=hidden -g -Wall -shared -Wl,-soname,Adder.so -DFMI_COSIMULATION -I. -o ../binaries/linux64/Adder.so Adder.o 
rm Adder.o
make[1]: Leaving directory '/tmp/FMUFile12024940758083689776.tmp/sources'

FMU Builder messages:

Attempting to build /tmp/FMUFile2774748007912321290.tmp/binaries/linux64/ZeroCrossingDetector.so
architecture: linux64 isWindows: false  command: make target: linux64
make ARCH=linux64 CBITSFLAGS=-fvisibility=hidden PIC=-fPIC SHARED_LIBRARY_SUFFIX=so ZeroCrossingDetector.so
make[1]: Entering directory '/tmp/FMUFile2774748007912321290.tmp/sources'
echo `pwd`
/tmp/FMUFile2774748007912321290.tmp/sources
cc -g -c -fvisibility=hidden -fPIC -Wall -DFMI_COSIMULATION -I.  ZeroCrossingDetector.c -o ZeroCrossingDetector.o
Creating ../binaries/linux64/
cc -fvisibility=hidden -g -Wall -shared -Wl,-soname,ZeroCrossingDetector.so -DFMI_COSIMULATION -I. -o ../binaries/linux64/ZeroCrossingDetector.so ZeroCrossingDetector.o 
rm ZeroCrossingDetector.o
make[1]: Leaving directory '/tmp/FMUFile2774748007912321290.tmp/sources'

FMU Builder messages:

Attempting to build /tmp/FMUFile8919924490259998657.tmp/binaries/linux64/Delay.so
architecture: linux64 isWindows: false  command: make target: linux64
make ARCH=linux64 CBITSFLAGS=-fvisibility=hidden PIC=-fPIC SHARED_LIBRARY_SUFFIX=so Delay.so
make[1]: Entering directory '/tmp/FMUFile8919924490259998657.tmp/sources'
echo `pwd`
/tmp/FMUFile8919924490259998657.tmp/sources
cc -g -c -fvisibility=hidden -fPIC -Wall -DFMI_COSIMULATION -I.  Delay.c -o Delay.o
Creating ../binaries/linux64/
cc -fvisibility=hidden -g -Wall -shared -Wl,-soname,Delay.so -DFMI_COSIMULATION -I. -o ../binaries/linux64/Delay.so Delay.o 
rm Delay.o
make[1]: Leaving directory '/tmp/FMUFile8919924490259998657.tmp/sources'

962 ms. Memory: 391168K Free: 141311K (36%)
----------------- Invoking toplevel() on ptolemy.moml.MoMLSimpleApplication@7c011b96
----------------- Done invoking toplevel() on ptolemy.moml.MoMLSimpleApplication@7c011b96
reloadAllAccessors: .TestZeroDelayFeedback

===========================================================================================
----------------- testing Fri Jul 19 08:44:56 UTC 2019 /home/travis/build/icyphy/ptII/ptolemy/actor/lib/fmi/test/auto/helloWorldME2.xml
----------------- Instantiating /home/travis/build/icyphy/ptII/ptolemy/actor/lib/fmi/test/auto/helloWorldME2.xml
5 ms. Memory: 391168K Free: 137725K (35%)
----------------- Invoking toplevel() on ptolemy.moml.MoMLSimpleApplication@61ce2bed
----------------- Done invoking toplevel() on ptolemy.moml.MoMLSimpleApplication@61ce2bed
reloadAllAccessors: .helloWorldME2
AutoTests.java: About to close Vertx.
AutoTests.java: Vertx closed.
]]></system-out>
  <system-err><![CDATA[java.lang.RuntimeException: Execution failed
	at ptolemy.moml.MoMLSimpleApplication$UnloadThread.run(MoMLSimpleApplication.java:402)
Caused by: ptolemy.kernel.util.IllegalActionException: Could not simulate, inc20_fmiDoStep(Component, /* time */ 0.0, /* stepSize */0.0, /* newStep */ 1) returned fmiError
  in .FMUInc20.inc20
	at ptolemy.actor.lib.fmi.FMUImport._fmiDoStep(FMUImport.java:2739)
	at ptolemy.actor.lib.fmi.FMUImport.fire(FMUImport.java:675)
	at ptolemy.actor.sched.FixedPointDirector._fireActor(FixedPointDirector.java:768)
	at ptolemy.actor.sched.FixedPointDirector.fire(FixedPointDirector.java:244)
	at ptolemy.domains.continuous.kernel.ContinuousDirector.fire(ContinuousDirector.java:494)
	at ptolemy.actor.CompositeActor.fire(CompositeActor.java:455)
	at ptolemy.actor.Manager.iterate(Manager.java:851)
	at ptolemy.actor.Manager.execute(Manager.java:369)
	at ptolemy.actor.Manager.run(Manager.java:1263)
	at ptolemy.actor.Manager$PtolemyRunThread.run(Manager.java:1933)
java.lang.reflect.InvocationTargetException
	at java.base/jdk.internal.reflect.NativeConstructorAccessorImpl.newInstance0(Native Method)
	at java.base/jdk.internal.reflect.NativeConstructorAccessorImpl.newInstance(NativeConstructorAccessorImpl.java:62)
	at java.base/jdk.internal.reflect.DelegatingConstructorAccessorImpl.newInstance(DelegatingConstructorAccessorImpl.java:45)
	at java.base/java.lang.reflect.Constructor.newInstance(Constructor.java:490)
	at ptolemy.util.test.junit.AutoKnownFailedTests.RunModel(AutoKnownFailedTests.java:105)
	at java.base/jdk.internal.reflect.NativeMethodAccessorImpl.invoke0(Native Method)
	at java.base/jdk.internal.reflect.NativeMethodAccessorImpl.invoke(NativeMethodAccessorImpl.java:62)
	at java.base/jdk.internal.reflect.DelegatingMethodAccessorImpl.invoke(DelegatingMethodAccessorImpl.java:43)
	at java.base/java.lang.reflect.Method.invoke(Method.java:566)
	at org.junit.runners.model.FrameworkMethod$1.runReflectiveCall(FrameworkMethod.java:44)
	at org.junit.internal.runners.model.ReflectiveCallable.run(ReflectiveCallable.java:15)
	at org.junit.runners.model.FrameworkMethod.invokeExplosively(FrameworkMethod.java:41)
	at junitparams.internal.InvokeParameterisedMethod.evaluate(InvokeParameterisedMethod.java:102)
	at org.junit.internal.runners.statements.FailOnTimeout$1.run(FailOnTimeout.java:28)
Caused by: ptolemy.kernel.util.IllegalActionException: Could not simulate, inc20_fmiDoStep(Component, /* time */ 0.0, /* stepSize */0.0, /* newStep */ 1) returned fmiError
  in .FMUInc20.inc20
	at ptolemy.actor.lib.fmi.FMUImport._fmiDoStep(FMUImport.java:2739)
	at ptolemy.actor.lib.fmi.FMUImport.fire(FMUImport.java:675)
	at ptolemy.actor.sched.FixedPointDirector._fireActor(FixedPointDirector.java:768)
	at ptolemy.actor.sched.FixedPointDirector.fire(FixedPointDirector.java:244)
	at ptolemy.domains.continuous.kernel.ContinuousDirector.fire(ContinuousDirector.java:494)
	at ptolemy.actor.CompositeActor.fire(CompositeActor.java:455)
	at ptolemy.actor.Manager.iterate(Manager.java:851)
	at ptolemy.actor.Manager.execute(Manager.java:369)
	at ptolemy.actor.Manager.run(Manager.java:1263)
	at ptolemy.actor.Manager$PtolemyRunThread.run(Manager.java:1933)
]]></system-err>
</testsuite>
