<?xml version="1.0" encoding="UTF-8" ?>
<testsuite errors="0" failures="0" hostname="travis-job-10fe9cb0-60e1-408e-a813-5f35515e74e0" name="ptolemy.domains.sdf.lib.test.junit.JUnitTclTest" skipped="0" tests="82" time="8.489" timestamp="2018-12-13T03:05:41">
  <properties>
[...]
</properties>
  <testcase classname="ptolemy.util.test.junit.TclTests" name="[0] /home/travis/build/icyphy/ptII/ptolemy/domains/sdf/lib/test/ArrayToSequence.tcl (RunTclFile)" time="0.514" />
  <testcase classname="ptolemy.util.test.junit.TclTests" name="[1] /home/travis/build/icyphy/ptII/ptolemy/domains/sdf/lib/test/BitsToInt.tcl (RunTclFile)" time="0.058" />
  <testcase classname="ptolemy.util.test.junit.TclTests" name="[2] /home/travis/build/icyphy/ptII/ptolemy/domains/sdf/lib/test/DelayLine.tcl (RunTclFile)" time="0.039" />
  <testcase classname="ptolemy.util.test.junit.TclTests" name="[3] /home/travis/build/icyphy/ptII/ptolemy/domains/sdf/lib/test/FFT.tcl (RunTclFile)" time="0.02" />
  <testcase classname="ptolemy.util.test.junit.TclTests" name="[4] /home/travis/build/icyphy/ptII/ptolemy/domains/sdf/lib/test/FIR.tcl (RunTclFile)" time="0.077" />
  <testcase classname="ptolemy.util.test.junit.TclTests" name="[5] /home/travis/build/icyphy/ptII/ptolemy/domains/sdf/lib/test/IntToBits.tcl (RunTclFile)" time="0.038" />
  <testcase classname="ptolemy.util.test.junit.TclTests" name="[6] /home/travis/build/icyphy/ptII/ptolemy/domains/sdf/lib/test/MaximumEntropySpectrum.tcl (RunTclFile)" time="0.209" />
  <testcase classname="ptolemy.util.test.junit.TclTests" name="[7] /home/travis/build/icyphy/ptII/ptolemy/domains/sdf/lib/test/Repeat.tcl (RunTclFile)" time="0.02" />
  <testcase classname="ptolemy.util.test.junit.TclTests" name="[8] /home/travis/build/icyphy/ptII/ptolemy/domains/sdf/lib/test/SampleDelay.tcl (RunTclFile)" time="0.036" />
  <testcase classname="ptolemy.util.test.junit.TclTests" name="[9] /home/travis/build/icyphy/ptII/ptolemy/domains/sdf/lib/test/SequenceToArray.tcl (RunTclFile)" time="0.031" />
  <testcase classname="ptolemy.util.test.junit.AutoKnownFailedTests" name="[0] ThereAreNoKnowFailedTests (RunModel)" time="0.001" />
  <testcase classname="ptolemy.util.test.junit.AutoNameArchTests" name="[0] ThereAreNoAutoArchTests (RunModel)" time="0.003" />
  <testcase classname="ptolemy.util.test.junit.AutoTests" name="[0] /home/travis/build/icyphy/ptII/ptolemy/domains/sdf/lib/test/auto/ArrayToSequence.xml (RunModel)" time="0.145" />
  <testcase classname="ptolemy.util.test.junit.AutoTests" name="[1] /home/travis/build/icyphy/ptII/ptolemy/domains/sdf/lib/test/auto/ArrayToSequenceTest.xml (RunModel)" time="0.083" />
  <testcase classname="ptolemy.util.test.junit.AutoTests" name="[2] /home/travis/build/icyphy/ptII/ptolemy/domains/sdf/lib/test/auto/Autocorrelation.xml (RunModel)" time="0.055" />
  <testcase classname="ptolemy.util.test.junit.AutoTests" name="[3] /home/travis/build/icyphy/ptII/ptolemy/domains/sdf/lib/test/auto/Autocorrelation2.xml (RunModel)" time="0.046" />
  <testcase classname="ptolemy.util.test.junit.AutoTests" name="[4] /home/travis/build/icyphy/ptII/ptolemy/domains/sdf/lib/test/auto/Autocorrelation3.xml (RunModel)" time="0.046" />
  <testcase classname="ptolemy.util.test.junit.AutoTests" name="[5] /home/travis/build/icyphy/ptII/ptolemy/domains/sdf/lib/test/auto/Autocorrelation4.xml (RunModel)" time="0.048" />
  <testcase classname="ptolemy.util.test.junit.AutoTests" name="[6] /home/travis/build/icyphy/ptII/ptolemy/domains/sdf/lib/test/auto/Autocorrelation5.xml (RunModel)" time="0.076" />
  <testcase classname="ptolemy.util.test.junit.AutoTests" name="[7] /home/travis/build/icyphy/ptII/ptolemy/domains/sdf/lib/test/auto/BitsToInt.xml (RunModel)" time="0.013" />
  <testcase classname="ptolemy.util.test.junit.AutoTests" name="[8] /home/travis/build/icyphy/ptII/ptolemy/domains/sdf/lib/test/auto/BooleanJoin.xml (RunModel)" time="0.038" />
  <testcase classname="ptolemy.util.test.junit.AutoTests" name="[9] /home/travis/build/icyphy/ptII/ptolemy/domains/sdf/lib/test/auto/BootstrapSampleDelay.xml (RunModel)" time="0.043" />
  <testcase classname="ptolemy.util.test.junit.AutoTests" name="[10] /home/travis/build/icyphy/ptII/ptolemy/domains/sdf/lib/test/auto/Chop.xml (RunModel)" time="0.08" />
  <testcase classname="ptolemy.util.test.junit.AutoTests" name="[11] /home/travis/build/icyphy/ptII/ptolemy/domains/sdf/lib/test/auto/Chop2.xml (RunModel)" time="0.049" />
  <testcase classname="ptolemy.util.test.junit.AutoTests" name="[12] /home/travis/build/icyphy/ptII/ptolemy/domains/sdf/lib/test/auto/ComplexJoin.xml (RunModel)" time="0.041" />
  <testcase classname="ptolemy.util.test.junit.AutoTests" name="[13] /home/travis/build/icyphy/ptII/ptolemy/domains/sdf/lib/test/auto/CountTrues.xml (RunModel)" time="0.027" />
  <testcase classname="ptolemy.util.test.junit.AutoTests" name="[14] /home/travis/build/icyphy/ptII/ptolemy/domains/sdf/lib/test/auto/DelayLine.xml (RunModel)" time="0.032" />
  <testcase classname="ptolemy.util.test.junit.AutoTests" name="[15] /home/travis/build/icyphy/ptII/ptolemy/domains/sdf/lib/test/auto/DotProduct.xml (RunModel)" time="0.027" />
  <testcase classname="ptolemy.util.test.junit.AutoTests" name="[16] /home/travis/build/icyphy/ptII/ptolemy/domains/sdf/lib/test/auto/DotProductMatrix.xml (RunModel)" time="0.025" />
  <testcase classname="ptolemy.util.test.junit.AutoTests" name="[17] /home/travis/build/icyphy/ptII/ptolemy/domains/sdf/lib/test/auto/DownSample1.xml (RunModel)" time="0.021" />
  <testcase classname="ptolemy.util.test.junit.AutoTests" name="[18] /home/travis/build/icyphy/ptII/ptolemy/domains/sdf/lib/test/auto/DynamicRateChange.xml (RunModel)" time="0.043" />
  <testcase classname="ptolemy.util.test.junit.AutoTests" name="[19] /home/travis/build/icyphy/ptII/ptolemy/domains/sdf/lib/test/auto/DynamicRates.xml (RunModel)" time="0.034" />
  <testcase classname="ptolemy.util.test.junit.AutoTests" name="[20] /home/travis/build/icyphy/ptII/ptolemy/domains/sdf/lib/test/auto/FFT1.xml (RunModel)" time="0.031" />
  <testcase classname="ptolemy.util.test.junit.AutoTests" name="[21] /home/travis/build/icyphy/ptII/ptolemy/domains/sdf/lib/test/auto/FIR1.xml (RunModel)" time="0.055" />
  <testcase classname="ptolemy.util.test.junit.AutoTests" name="[22] /home/travis/build/icyphy/ptII/ptolemy/domains/sdf/lib/test/auto/FIR2.xml (RunModel)" time="0.018" />
  <testcase classname="ptolemy.util.test.junit.AutoTests" name="[23] /home/travis/build/icyphy/ptII/ptolemy/domains/sdf/lib/test/auto/FIR4.xml (RunModel)" time="0.036" />
  <testcase classname="ptolemy.util.test.junit.AutoTests" name="[24] /home/travis/build/icyphy/ptII/ptolemy/domains/sdf/lib/test/auto/FixJoin.xml (RunModel)" time="0.042" />
  <testcase classname="ptolemy.util.test.junit.AutoTests" name="[25] /home/travis/build/icyphy/ptII/ptolemy/domains/sdf/lib/test/auto/IntJoin1.xml (RunModel)" time="0.02" />
  <testcase classname="ptolemy.util.test.junit.AutoTests" name="[26] /home/travis/build/icyphy/ptII/ptolemy/domains/sdf/lib/test/auto/IntJoin2.xml (RunModel)" time="0.026" />
  <testcase classname="ptolemy.util.test.junit.AutoTests" name="[27] /home/travis/build/icyphy/ptII/ptolemy/domains/sdf/lib/test/auto/IntJoin3.xml (RunModel)" time="0.021" />
  <testcase classname="ptolemy.util.test.junit.AutoTests" name="[28] /home/travis/build/icyphy/ptII/ptolemy/domains/sdf/lib/test/auto/IntJoin4.xml (RunModel)" time="0.022" />
  <testcase classname="ptolemy.util.test.junit.AutoTests" name="[29] /home/travis/build/icyphy/ptII/ptolemy/domains/sdf/lib/test/auto/IntJoin5.xml (RunModel)" time="0.022" />
  <testcase classname="ptolemy.util.test.junit.AutoTests" name="[30] /home/travis/build/icyphy/ptII/ptolemy/domains/sdf/lib/test/auto/IntToBits.xml (RunModel)" time="0.018" />
  <testcase classname="ptolemy.util.test.junit.AutoTests" name="[31] /home/travis/build/icyphy/ptII/ptolemy/domains/sdf/lib/test/auto/LMSAdaptive.xml (RunModel)" time="0.074" />
  <testcase classname="ptolemy.util.test.junit.AutoTests" name="[32] /home/travis/build/icyphy/ptII/ptolemy/domains/sdf/lib/test/auto/LMSAdaptiveFIR.xml (RunModel)" time="0.403" />
  <testcase classname="ptolemy.util.test.junit.AutoTests" name="[33] /home/travis/build/icyphy/ptII/ptolemy/domains/sdf/lib/test/auto/LMSAdaptiveFIR2.xml (RunModel)" time="0.474" />
  <testcase classname="ptolemy.util.test.junit.AutoTests" name="[34] /home/travis/build/icyphy/ptII/ptolemy/domains/sdf/lib/test/auto/LongJoin.xml (RunModel)" time="0.022" />
  <testcase classname="ptolemy.util.test.junit.AutoTests" name="[35] /home/travis/build/icyphy/ptII/ptolemy/domains/sdf/lib/test/auto/Matrix1.xml (RunModel)" time="0.033" />
  <testcase classname="ptolemy.util.test.junit.AutoTests" name="[36] /home/travis/build/icyphy/ptII/ptolemy/domains/sdf/lib/test/auto/Matrix2.xml (RunModel)" time="0.024" />
  <testcase classname="ptolemy.util.test.junit.AutoTests" name="[37] /home/travis/build/icyphy/ptII/ptolemy/domains/sdf/lib/test/auto/MatrixJoin1.xml (RunModel)" time="0.054" />
  <testcase classname="ptolemy.util.test.junit.AutoTests" name="[38] /home/travis/build/icyphy/ptII/ptolemy/domains/sdf/lib/test/auto/MatrixJoin2.xml (RunModel)" time="0.028" />
  <testcase classname="ptolemy.util.test.junit.AutoTests" name="[39] /home/travis/build/icyphy/ptII/ptolemy/domains/sdf/lib/test/auto/MatrixJoin3.xml (RunModel)" time="0.03" />
  <testcase classname="ptolemy.util.test.junit.AutoTests" name="[40] /home/travis/build/icyphy/ptII/ptolemy/domains/sdf/lib/test/auto/MatrixJoin4.xml (RunModel)" time="0.02" />
  <testcase classname="ptolemy.util.test.junit.AutoTests" name="[41] /home/travis/build/icyphy/ptII/ptolemy/domains/sdf/lib/test/auto/MatrixJoin5.xml (RunModel)" time="0.027" />
  <testcase classname="ptolemy.util.test.junit.AutoTests" name="[42] /home/travis/build/icyphy/ptII/ptolemy/domains/sdf/lib/test/auto/MatrixSplit1.xml (RunModel)" time="0.029" />
  <testcase classname="ptolemy.util.test.junit.AutoTests" name="[43] /home/travis/build/icyphy/ptII/ptolemy/domains/sdf/lib/test/auto/MatrixSplit10.xml (RunModel)" time="0.028" />
  <testcase classname="ptolemy.util.test.junit.AutoTests" name="[44] /home/travis/build/icyphy/ptII/ptolemy/domains/sdf/lib/test/auto/MatrixSplit11.xml (RunModel)" time="0.02" />
  <testcase classname="ptolemy.util.test.junit.AutoTests" name="[45] /home/travis/build/icyphy/ptII/ptolemy/domains/sdf/lib/test/auto/MatrixSplit12.xml (RunModel)" time="0.025" />
  <testcase classname="ptolemy.util.test.junit.AutoTests" name="[46] /home/travis/build/icyphy/ptII/ptolemy/domains/sdf/lib/test/auto/MatrixSplit13.xml (RunModel)" time="0.041" />
  <testcase classname="ptolemy.util.test.junit.AutoTests" name="[47] /home/travis/build/icyphy/ptII/ptolemy/domains/sdf/lib/test/auto/MatrixSplit14.xml (RunModel)" time="0.023" />
  <testcase classname="ptolemy.util.test.junit.AutoTests" name="[48] /home/travis/build/icyphy/ptII/ptolemy/domains/sdf/lib/test/auto/MatrixSplit2.xml (RunModel)" time="0.016" />
  <testcase classname="ptolemy.util.test.junit.AutoTests" name="[49] /home/travis/build/icyphy/ptII/ptolemy/domains/sdf/lib/test/auto/MatrixSplit3.xml (RunModel)" time="0.015" />
  <testcase classname="ptolemy.util.test.junit.AutoTests" name="[50] /home/travis/build/icyphy/ptII/ptolemy/domains/sdf/lib/test/auto/MatrixSplit4.xml (RunModel)" time="0.027" />
  <testcase classname="ptolemy.util.test.junit.AutoTests" name="[51] /home/travis/build/icyphy/ptII/ptolemy/domains/sdf/lib/test/auto/MatrixSplit5.xml (RunModel)" time="0.018" />
  <testcase classname="ptolemy.util.test.junit.AutoTests" name="[52] /home/travis/build/icyphy/ptII/ptolemy/domains/sdf/lib/test/auto/MatrixSplit6.xml (RunModel)" time="0.023" />
  <testcase classname="ptolemy.util.test.junit.AutoTests" name="[53] /home/travis/build/icyphy/ptII/ptolemy/domains/sdf/lib/test/auto/MatrixSplit7.xml (RunModel)" time="0.022" />
  <testcase classname="ptolemy.util.test.junit.AutoTests" name="[54] /home/travis/build/icyphy/ptII/ptolemy/domains/sdf/lib/test/auto/MatrixSplit8.xml (RunModel)" time="0.02" />
  <testcase classname="ptolemy.util.test.junit.AutoTests" name="[55] /home/travis/build/icyphy/ptII/ptolemy/domains/sdf/lib/test/auto/MatrixSplit9.xml (RunModel)" time="0.034" />
  <testcase classname="ptolemy.util.test.junit.AutoTests" name="[56] /home/travis/build/icyphy/ptII/ptolemy/domains/sdf/lib/test/auto/MatrixToSequence.xml (RunModel)" time="0.044" />
  <testcase classname="ptolemy.util.test.junit.AutoTests" name="[57] /home/travis/build/icyphy/ptII/ptolemy/domains/sdf/lib/test/auto/MaximumEntropySpectrum.xml (RunModel)" time="0.089" />
  <testcase classname="ptolemy.util.test.junit.AutoTests" name="[58] /home/travis/build/icyphy/ptII/ptolemy/domains/sdf/lib/test/auto/SampleDelayConversion.xml (RunModel)" time="0.024" />
  <testcase classname="ptolemy.util.test.junit.AutoTests" name="[59] /home/travis/build/icyphy/ptII/ptolemy/domains/sdf/lib/test/auto/SequenceToArray.xml (RunModel)" time="0.053" />
  <testcase classname="ptolemy.util.test.junit.AutoTests" name="[60] /home/travis/build/icyphy/ptII/ptolemy/domains/sdf/lib/test/auto/SequenceToMatrix.xml (RunModel)" time="3.701" />
  <testcase classname="ptolemy.util.test.junit.AutoTests" name="[61] /home/travis/build/icyphy/ptII/ptolemy/domains/sdf/lib/test/auto/SmoothedPeriodogram.xml (RunModel)" time="0.07" />
  <testcase classname="ptolemy.util.test.junit.AutoTests" name="[62] /home/travis/build/icyphy/ptII/ptolemy/domains/sdf/lib/test/auto/UpDownSample1.xml (RunModel)" time="0.023" />
  <testcase classname="ptolemy.util.test.junit.AutoTests" name="[63] /home/travis/build/icyphy/ptII/ptolemy/domains/sdf/lib/test/auto/UpSample1.xml (RunModel)" time="0.013" />
  <testcase classname="ptolemy.util.test.junit.AutoTests" name="[64] /home/travis/build/icyphy/ptII/ptolemy/domains/sdf/lib/test/auto/VariableFIR.xml (RunModel)" time="0.021" />
  <testcase classname="ptolemy.util.test.junit.AutoTests" name="[65] /home/travis/build/icyphy/ptII/ptolemy/domains/sdf/lib/test/auto/VariableFIR2.xml (RunModel)" time="0.022" />
  <testcase classname="ptolemy.util.test.junit.AutoTests" name="[66] /home/travis/build/icyphy/ptII/ptolemy/domains/sdf/lib/test/auto/VariableLattice.xml (RunModel)" time="0.027" />
  <testcase classname="ptolemy.util.test.junit.AutoTests" name="[67] /home/travis/build/icyphy/ptII/ptolemy/domains/sdf/lib/test/auto/VariableLattice2.xml (RunModel)" time="0.026" />
  <testcase classname="ptolemy.util.test.junit.AutoTests" name="[68] /home/travis/build/icyphy/ptII/ptolemy/domains/sdf/lib/test/auto/VariableRecursiveLattice.xml (RunModel)" time="0.018" />
  <testcase classname="ptolemy.util.test.junit.AutoTests" name="[69] /home/travis/build/icyphy/ptII/ptolemy/domains/sdf/lib/test/auto/VariableRecursiveLattice2.xml (RunModel)" time="0.015" />
  <system-out><![CDATA[/home/travis/build/icyphy/ptII/ptolemy/domains/sdf/lib/test/ArrayToSequence.tcl
testDefs.tcl: setting time out to 9000 seconds at Thu Dec 13 03:05:41 UTC 2018
48 ms. Memory: 116224K Free: 110148K (95%)
13 ms. Memory: 116224K Free: 108348K (93%)
27 ms. Memory: 116224K Free: 106533K (92%)
16 ms. Memory: 116224K Free: 105314K (91%)
/home/travis/build/icyphy/ptII/ptolemy/domains/sdf/lib/test/BitsToInt.tcl
15 ms. Memory: 116224K Free: 103539K (89%)
11 ms. Memory: 116224K Free: 101763K (88%)
/home/travis/build/icyphy/ptII/ptolemy/domains/sdf/lib/test/DelayLine.tcl
15 ms. Memory: 116224K Free: 99988K (86%)
/home/travis/build/icyphy/ptII/ptolemy/domains/sdf/lib/test/FFT.tcl
5 ms. Memory: 116224K Free: 98188K (84%)
/home/travis/build/icyphy/ptII/ptolemy/domains/sdf/lib/test/FIR.tcl
8 ms. Memory: 116224K Free: 95824K (82%)
15 ms. Memory: 116224K Free: 95235K (82%)
ptolemy.kernel.util.IllegalActionException: multiplyReverse method not supported between ptolemy.data.FixToken 'fix(-0.0625,6,2)' and ptolemy.data.IntToken '1' because the types are incomparable.
  in .top.FIRclone
Because:
multiplyReverse method not supported between ptolemy.data.FixToken 'fix(-0.0625,6,2)' and ptolemy.data.IntToken '1' because the types are incomparable.
15 ms. Memory: 116224K Free: 92846K (80%)
/home/travis/build/icyphy/ptII/ptolemy/domains/sdf/lib/test/IntToBits.tcl
5 ms. Memory: 116224K Free: 91063K (78%)
8 ms. Memory: 116224K Free: 89231K (77%)
/home/travis/build/icyphy/ptII/ptolemy/domains/sdf/lib/test/MaximumEntropySpectrum.tcl
/home/travis/build/icyphy/ptII/ptolemy/domains/sdf/lib/test/Repeat.tcl
6 ms. Memory: 146944K Free: 119448K (81%)
/home/travis/build/icyphy/ptII/ptolemy/domains/sdf/lib/test/SampleDelay.tcl
4 ms. Memory: 146944K Free: 117059K (80%)
4 ms. Memory: 146944K Free: 117059K (80%)
3 ms. Memory: 146944K Free: 115869K (79%)
3 ms. Memory: 146944K Free: 114662K (78%)
2 ms. Memory: 146944K Free: 114662K (78%)
2 ms. Memory: 146944K Free: 113456K (77%)
/home/travis/build/icyphy/ptII/ptolemy/domains/sdf/lib/test/SequenceToArray.tcl
5 ms. Memory: 146944K Free: 112249K (76%)
4 ms. Memory: 146944K Free: 111059K (76%)
5 ms. Memory: 146944K Free: 109860K (75%)
5 ms. Memory: 146944K Free: 108662K (74%)
12/13/18 03:05:42
Failed: 0  Total Tests: 41  ((Passed: 41, Newly Passed: 0)  Known Failed: 0) /home/travis/build/icyphy/ptII/ptolemy/domains/sdf/lib/test
No auto/knownFailedTests/*.xml tests in /home/travis/build/icyphy/ptII/ptolemy/domains/sdf/lib/test
No auto/linux-amd64/*.xml tests in /home/travis/build/icyphy/ptII/ptolemy/domains/sdf/lib/test
AutoTests.java: About to close Vertx.
AutoTests.java: Vertx closed.

===========================================================================================
----------------- testing Thu Dec 13 03:05:42 UTC 2018 /home/travis/build/icyphy/ptII/ptolemy/domains/sdf/lib/test/auto/ArrayToSequence.xml
----------------- Instantiating /home/travis/build/icyphy/ptII/ptolemy/domains/sdf/lib/test/auto/ArrayToSequence.xml
17 ms. Memory: 146944K Free: 126023K (86%)
----------------- Invoking toplevel() on ptolemy.moml.MoMLSimpleApplication@1a9ee642
----------------- Done invoking toplevel() on ptolemy.moml.MoMLSimpleApplication@1a9ee642
reloadAllAccessors: .ArrayToSequence

===========================================================================================
----------------- testing Thu Dec 13 03:05:42 UTC 2018 /home/travis/build/icyphy/ptII/ptolemy/domains/sdf/lib/test/auto/ArrayToSequenceTest.xml
----------------- Instantiating /home/travis/build/icyphy/ptII/ptolemy/domains/sdf/lib/test/auto/ArrayToSequenceTest.xml
23 ms. Memory: 146944K Free: 118819K (81%)
----------------- Invoking toplevel() on ptolemy.moml.MoMLSimpleApplication@1ef1309e
----------------- Done invoking toplevel() on ptolemy.moml.MoMLSimpleApplication@1ef1309e
reloadAllAccessors: .ArrayToSequenceTest

===========================================================================================
----------------- testing Thu Dec 13 03:05:43 UTC 2018 /home/travis/build/icyphy/ptII/ptolemy/domains/sdf/lib/test/auto/Autocorrelation.xml
----------------- Instantiating /home/travis/build/icyphy/ptII/ptolemy/domains/sdf/lib/test/auto/Autocorrelation.xml
8 ms. Memory: 146944K Free: 114472K (78%)
----------------- Invoking toplevel() on ptolemy.moml.MoMLSimpleApplication@3e3d0ea1
----------------- Done invoking toplevel() on ptolemy.moml.MoMLSimpleApplication@3e3d0ea1
reloadAllAccessors: .Autocorrelation

===========================================================================================
----------------- testing Thu Dec 13 03:05:43 UTC 2018 /home/travis/build/icyphy/ptII/ptolemy/domains/sdf/lib/test/auto/Autocorrelation2.xml
----------------- Instantiating /home/travis/build/icyphy/ptII/ptolemy/domains/sdf/lib/test/auto/Autocorrelation2.xml
8 ms. Memory: 146944K Free: 109818K (75%)
----------------- Invoking toplevel() on ptolemy.moml.MoMLSimpleApplication@79aaacf6
----------------- Done invoking toplevel() on ptolemy.moml.MoMLSimpleApplication@79aaacf6
reloadAllAccessors: .Autocorrelation2

===========================================================================================
----------------- testing Thu Dec 13 03:05:43 UTC 2018 /home/travis/build/icyphy/ptII/ptolemy/domains/sdf/lib/test/auto/Autocorrelation3.xml
----------------- Instantiating /home/travis/build/icyphy/ptII/ptolemy/domains/sdf/lib/test/auto/Autocorrelation3.xml
3 ms. Memory: 146944K Free: 104750K (71%)
----------------- Invoking toplevel() on ptolemy.moml.MoMLSimpleApplication@28289f6
----------------- Done invoking toplevel() on ptolemy.moml.MoMLSimpleApplication@28289f6
reloadAllAccessors: .Autocorrelation3

===========================================================================================
----------------- testing Thu Dec 13 03:05:43 UTC 2018 /home/travis/build/icyphy/ptII/ptolemy/domains/sdf/lib/test/auto/Autocorrelation4.xml
----------------- Instantiating /home/travis/build/icyphy/ptII/ptolemy/domains/sdf/lib/test/auto/Autocorrelation4.xml
3 ms. Memory: 146944K Free: 100128K (68%)
----------------- Invoking toplevel() on ptolemy.moml.MoMLSimpleApplication@51a8cf1e
----------------- Done invoking toplevel() on ptolemy.moml.MoMLSimpleApplication@51a8cf1e
reloadAllAccessors: .Autocorrelation4

===========================================================================================
----------------- testing Thu Dec 13 03:05:43 UTC 2018 /home/travis/build/icyphy/ptII/ptolemy/domains/sdf/lib/test/auto/Autocorrelation5.xml
----------------- Instantiating /home/travis/build/icyphy/ptII/ptolemy/domains/sdf/lib/test/auto/Autocorrelation5.xml
31 ms. Memory: 146944K Free: 92939K (63%)
----------------- Invoking toplevel() on ptolemy.moml.MoMLSimpleApplication@3bce6c3d
----------------- Done invoking toplevel() on ptolemy.moml.MoMLSimpleApplication@3bce6c3d
reloadAllAccessors: .Autocorrelation5

===========================================================================================
----------------- testing Thu Dec 13 03:05:43 UTC 2018 /home/travis/build/icyphy/ptII/ptolemy/domains/sdf/lib/test/auto/BitsToInt.xml
----------------- Instantiating /home/travis/build/icyphy/ptII/ptolemy/domains/sdf/lib/test/auto/BitsToInt.xml
2 ms. Memory: 146944K Free: 88573K (60%)
----------------- Invoking toplevel() on ptolemy.moml.MoMLSimpleApplication@6ffa6318
----------------- Done invoking toplevel() on ptolemy.moml.MoMLSimpleApplication@6ffa6318
reloadAllAccessors: .BitsToInt

===========================================================================================
----------------- testing Thu Dec 13 03:05:43 UTC 2018 /home/travis/build/icyphy/ptII/ptolemy/domains/sdf/lib/test/auto/BooleanJoin.xml
----------------- Instantiating /home/travis/build/icyphy/ptII/ptolemy/domains/sdf/lib/test/auto/BooleanJoin.xml
4 ms. Memory: 146944K Free: 84127K (57%)
----------------- Invoking toplevel() on ptolemy.moml.MoMLSimpleApplication@1a57bea
----------------- Done invoking toplevel() on ptolemy.moml.MoMLSimpleApplication@1a57bea
reloadAllAccessors: .BooleanJoin

===========================================================================================
----------------- testing Thu Dec 13 03:05:43 UTC 2018 /home/travis/build/icyphy/ptII/ptolemy/domains/sdf/lib/test/auto/BootstrapSampleDelay.xml
----------------- Instantiating /home/travis/build/icyphy/ptII/ptolemy/domains/sdf/lib/test/auto/BootstrapSampleDelay.xml
10 ms. Memory: 146944K Free: 80272K (55%)
----------------- Invoking toplevel() on ptolemy.moml.MoMLSimpleApplication@521fb7aa
----------------- Done invoking toplevel() on ptolemy.moml.MoMLSimpleApplication@521fb7aa
reloadAllAccessors: .BootstrapSampleDelay

===========================================================================================
----------------- testing Thu Dec 13 03:05:43 UTC 2018 /home/travis/build/icyphy/ptII/ptolemy/domains/sdf/lib/test/auto/Chop.xml
----------------- Instantiating /home/travis/build/icyphy/ptII/ptolemy/domains/sdf/lib/test/auto/Chop.xml
9 ms. Memory: 208384K Free: 193307K (93%)
----------------- Invoking toplevel() on ptolemy.moml.MoMLSimpleApplication@34971f3d
----------------- Done invoking toplevel() on ptolemy.moml.MoMLSimpleApplication@34971f3d
reloadAllAccessors: .Chop

===========================================================================================
----------------- testing Thu Dec 13 03:05:43 UTC 2018 /home/travis/build/icyphy/ptII/ptolemy/domains/sdf/lib/test/auto/Chop2.xml
----------------- Instantiating /home/travis/build/icyphy/ptII/ptolemy/domains/sdf/lib/test/auto/Chop2.xml
11 ms. Memory: 208384K Free: 184934K (89%)
----------------- Invoking toplevel() on ptolemy.moml.MoMLSimpleApplication@562e3c82
----------------- Done invoking toplevel() on ptolemy.moml.MoMLSimpleApplication@562e3c82
reloadAllAccessors: .Chop2

===========================================================================================
----------------- testing Thu Dec 13 03:05:43 UTC 2018 /home/travis/build/icyphy/ptII/ptolemy/domains/sdf/lib/test/auto/ComplexJoin.xml
----------------- Instantiating /home/travis/build/icyphy/ptII/ptolemy/domains/sdf/lib/test/auto/ComplexJoin.xml
5 ms. Memory: 208384K Free: 179946K (86%)
----------------- Invoking toplevel() on ptolemy.moml.MoMLSimpleApplication@23f7bafa
----------------- Done invoking toplevel() on ptolemy.moml.MoMLSimpleApplication@23f7bafa
reloadAllAccessors: .ComplexJoin

===========================================================================================
----------------- testing Thu Dec 13 03:05:43 UTC 2018 /home/travis/build/icyphy/ptII/ptolemy/domains/sdf/lib/test/auto/CountTrues.xml
----------------- Instantiating /home/travis/build/icyphy/ptII/ptolemy/domains/sdf/lib/test/auto/CountTrues.xml
4 ms. Memory: 208384K Free: 176874K (85%)
----------------- Invoking toplevel() on ptolemy.moml.MoMLSimpleApplication@18e9968b
----------------- Done invoking toplevel() on ptolemy.moml.MoMLSimpleApplication@18e9968b
reloadAllAccessors: .CountTrues

===========================================================================================
----------------- testing Thu Dec 13 03:05:43 UTC 2018 /home/travis/build/icyphy/ptII/ptolemy/domains/sdf/lib/test/auto/DelayLine.xml
----------------- Instantiating /home/travis/build/icyphy/ptII/ptolemy/domains/sdf/lib/test/auto/DelayLine.xml
5 ms. Memory: 208384K Free: 171296K (82%)
----------------- Invoking toplevel() on ptolemy.moml.MoMLSimpleApplication@2a9abf33
----------------- Done invoking toplevel() on ptolemy.moml.MoMLSimpleApplication@2a9abf33
reloadAllAccessors: .DelayLine

===========================================================================================
----------------- testing Thu Dec 13 03:05:43 UTC 2018 /home/travis/build/icyphy/ptII/ptolemy/domains/sdf/lib/test/auto/DotProduct.xml
----------------- Instantiating /home/travis/build/icyphy/ptII/ptolemy/domains/sdf/lib/test/auto/DotProduct.xml
4 ms. Memory: 208384K Free: 166655K (80%)
----------------- Invoking toplevel() on ptolemy.moml.MoMLSimpleApplication@78ab7ae7
----------------- Done invoking toplevel() on ptolemy.moml.MoMLSimpleApplication@78ab7ae7
reloadAllAccessors: .DotProduct

===========================================================================================
----------------- testing Thu Dec 13 03:05:43 UTC 2018 /home/travis/build/icyphy/ptII/ptolemy/domains/sdf/lib/test/auto/DotProductMatrix.xml
----------------- Instantiating /home/travis/build/icyphy/ptII/ptolemy/domains/sdf/lib/test/auto/DotProductMatrix.xml
8 ms. Memory: 208384K Free: 163535K (78%)
----------------- Invoking toplevel() on ptolemy.moml.MoMLSimpleApplication@555006fa
----------------- Done invoking toplevel() on ptolemy.moml.MoMLSimpleApplication@555006fa
reloadAllAccessors: .DotProductMatrix

===========================================================================================
----------------- testing Thu Dec 13 03:05:43 UTC 2018 /home/travis/build/icyphy/ptII/ptolemy/domains/sdf/lib/test/auto/DownSample1.xml
----------------- Instantiating /home/travis/build/icyphy/ptII/ptolemy/domains/sdf/lib/test/auto/DownSample1.xml
4 ms. Memory: 208384K Free: 159833K (77%)
----------------- Invoking toplevel() on ptolemy.moml.MoMLSimpleApplication@1931f33b
----------------- Done invoking toplevel() on ptolemy.moml.MoMLSimpleApplication@1931f33b
reloadAllAccessors: .DownSample1

===========================================================================================
----------------- testing Thu Dec 13 03:05:43 UTC 2018 /home/travis/build/icyphy/ptII/ptolemy/domains/sdf/lib/test/auto/DynamicRateChange.xml
----------------- Instantiating /home/travis/build/icyphy/ptII/ptolemy/domains/sdf/lib/test/auto/DynamicRateChange.xml
15 ms. Memory: 208384K Free: 153640K (74%)
----------------- Invoking toplevel() on ptolemy.moml.MoMLSimpleApplication@40586115
----------------- Done invoking toplevel() on ptolemy.moml.MoMLSimpleApplication@40586115
reloadAllAccessors: .DynamicRateChange

===========================================================================================
----------------- testing Thu Dec 13 03:05:43 UTC 2018 /home/travis/build/icyphy/ptII/ptolemy/domains/sdf/lib/test/auto/DynamicRates.xml
----------------- Instantiating /home/travis/build/icyphy/ptII/ptolemy/domains/sdf/lib/test/auto/DynamicRates.xml
11 ms. Memory: 208384K Free: 146528K (70%)
----------------- Invoking toplevel() on ptolemy.moml.MoMLSimpleApplication@2673a4c0
----------------- Done invoking toplevel() on ptolemy.moml.MoMLSimpleApplication@2673a4c0
reloadAllAccessors: .DynamicRates

===========================================================================================
----------------- testing Thu Dec 13 03:05:43 UTC 2018 /home/travis/build/icyphy/ptII/ptolemy/domains/sdf/lib/test/auto/FFT1.xml
----------------- Instantiating /home/travis/build/icyphy/ptII/ptolemy/domains/sdf/lib/test/auto/FFT1.xml
10 ms. Memory: 208384K Free: 141596K (68%)
----------------- Invoking toplevel() on ptolemy.moml.MoMLSimpleApplication@5e442745
----------------- Done invoking toplevel() on ptolemy.moml.MoMLSimpleApplication@5e442745
reloadAllAccessors: .FFT1

===========================================================================================
----------------- testing Thu Dec 13 03:05:43 UTC 2018 /home/travis/build/icyphy/ptII/ptolemy/domains/sdf/lib/test/auto/FIR1.xml
----------------- Instantiating /home/travis/build/icyphy/ptII/ptolemy/domains/sdf/lib/test/auto/FIR1.xml
21 ms. Memory: 208384K Free: 133497K (64%)
----------------- Invoking toplevel() on ptolemy.moml.MoMLSimpleApplication@18de3b4a
----------------- Done invoking toplevel() on ptolemy.moml.MoMLSimpleApplication@18de3b4a
reloadAllAccessors: .FIR1

===========================================================================================
----------------- testing Thu Dec 13 03:05:43 UTC 2018 /home/travis/build/icyphy/ptII/ptolemy/domains/sdf/lib/test/auto/FIR2.xml
----------------- Instantiating /home/travis/build/icyphy/ptII/ptolemy/domains/sdf/lib/test/auto/FIR2.xml
3 ms. Memory: 208384K Free: 129794K (62%)
----------------- Invoking toplevel() on ptolemy.moml.MoMLSimpleApplication@7081107d
----------------- Done invoking toplevel() on ptolemy.moml.MoMLSimpleApplication@7081107d
reloadAllAccessors: .FIR2

===========================================================================================
----------------- testing Thu Dec 13 03:05:43 UTC 2018 /home/travis/build/icyphy/ptII/ptolemy/domains/sdf/lib/test/auto/FIR4.xml
----------------- Instantiating /home/travis/build/icyphy/ptII/ptolemy/domains/sdf/lib/test/auto/FIR4.xml
6 ms. Memory: 208384K Free: 119530K (57%)
----------------- Invoking toplevel() on ptolemy.moml.MoMLSimpleApplication@39ef5ddc
----------------- Done invoking toplevel() on ptolemy.moml.MoMLSimpleApplication@39ef5ddc
reloadAllAccessors: .FIR4

===========================================================================================
----------------- testing Thu Dec 13 03:05:44 UTC 2018 /home/travis/build/icyphy/ptII/ptolemy/domains/sdf/lib/test/auto/FixJoin.xml
----------------- Instantiating /home/travis/build/icyphy/ptII/ptolemy/domains/sdf/lib/test/auto/FixJoin.xml
3 ms. Memory: 208384K Free: 114566K (55%)
----------------- Invoking toplevel() on ptolemy.moml.MoMLSimpleApplication@7a43b875
----------------- Done invoking toplevel() on ptolemy.moml.MoMLSimpleApplication@7a43b875
reloadAllAccessors: .FixJoin

===========================================================================================
----------------- testing Thu Dec 13 03:05:44 UTC 2018 /home/travis/build/icyphy/ptII/ptolemy/domains/sdf/lib/test/auto/IntJoin1.xml
----------------- Instantiating /home/travis/build/icyphy/ptII/ptolemy/domains/sdf/lib/test/auto/IntJoin1.xml
3 ms. Memory: 208384K Free: 110201K (53%)
----------------- Invoking toplevel() on ptolemy.moml.MoMLSimpleApplication@c5b3398
----------------- Done invoking toplevel() on ptolemy.moml.MoMLSimpleApplication@c5b3398
reloadAllAccessors: .IntJoin1

===========================================================================================
----------------- testing Thu Dec 13 03:05:44 UTC 2018 /home/travis/build/icyphy/ptII/ptolemy/domains/sdf/lib/test/auto/IntJoin2.xml
----------------- Instantiating /home/travis/build/icyphy/ptII/ptolemy/domains/sdf/lib/test/auto/IntJoin2.xml
5 ms. Memory: 208384K Free: 105254K (51%)
----------------- Invoking toplevel() on ptolemy.moml.MoMLSimpleApplication@71c5acd9
----------------- Done invoking toplevel() on ptolemy.moml.MoMLSimpleApplication@71c5acd9
reloadAllAccessors: .IntJoin2

===========================================================================================
----------------- testing Thu Dec 13 03:05:44 UTC 2018 /home/travis/build/icyphy/ptII/ptolemy/domains/sdf/lib/test/auto/IntJoin3.xml
----------------- Instantiating /home/travis/build/icyphy/ptII/ptolemy/domains/sdf/lib/test/auto/IntJoin3.xml
4 ms. Memory: 208384K Free: 99363K (48%)
----------------- Invoking toplevel() on ptolemy.moml.MoMLSimpleApplication@7ef78645
----------------- Done invoking toplevel() on ptolemy.moml.MoMLSimpleApplication@7ef78645
reloadAllAccessors: .IntJoin3

===========================================================================================
----------------- testing Thu Dec 13 03:05:44 UTC 2018 /home/travis/build/icyphy/ptII/ptolemy/domains/sdf/lib/test/auto/IntJoin4.xml
----------------- Instantiating /home/travis/build/icyphy/ptII/ptolemy/domains/sdf/lib/test/auto/IntJoin4.xml
2 ms. Memory: 208384K Free: 95013K (46%)
----------------- Invoking toplevel() on ptolemy.moml.MoMLSimpleApplication@46c50c2c
----------------- Done invoking toplevel() on ptolemy.moml.MoMLSimpleApplication@46c50c2c
reloadAllAccessors: .IntJoin4

===========================================================================================
----------------- testing Thu Dec 13 03:05:44 UTC 2018 /home/travis/build/icyphy/ptII/ptolemy/domains/sdf/lib/test/auto/IntJoin5.xml
----------------- Instantiating /home/travis/build/icyphy/ptII/ptolemy/domains/sdf/lib/test/auto/IntJoin5.xml
2 ms. Memory: 208384K Free: 90090K (43%)
----------------- Invoking toplevel() on ptolemy.moml.MoMLSimpleApplication@326a8ac4
----------------- Done invoking toplevel() on ptolemy.moml.MoMLSimpleApplication@326a8ac4
reloadAllAccessors: .IntJoin5

===========================================================================================
----------------- testing Thu Dec 13 03:05:44 UTC 2018 /home/travis/build/icyphy/ptII/ptolemy/domains/sdf/lib/test/auto/IntToBits.xml
----------------- Instantiating /home/travis/build/icyphy/ptII/ptolemy/domains/sdf/lib/test/auto/IntToBits.xml
4 ms. Memory: 208384K Free: 86348K (41%)
----------------- Invoking toplevel() on ptolemy.moml.MoMLSimpleApplication@71b78608
----------------- Done invoking toplevel() on ptolemy.moml.MoMLSimpleApplication@71b78608
reloadAllAccessors: .IntToBits

===========================================================================================
----------------- testing Thu Dec 13 03:05:44 UTC 2018 /home/travis/build/icyphy/ptII/ptolemy/domains/sdf/lib/test/auto/LMSAdaptive.xml
----------------- Instantiating /home/travis/build/icyphy/ptII/ptolemy/domains/sdf/lib/test/auto/LMSAdaptive.xml
9 ms. Memory: 208384K Free: 196185K (94%)
----------------- Invoking toplevel() on ptolemy.moml.MoMLSimpleApplication@53f657fa
----------------- Done invoking toplevel() on ptolemy.moml.MoMLSimpleApplication@53f657fa
reloadAllAccessors: .LMSAdaptive

===========================================================================================
----------------- testing Thu Dec 13 03:05:44 UTC 2018 /home/travis/build/icyphy/ptII/ptolemy/domains/sdf/lib/test/auto/LMSAdaptiveFIR.xml
----------------- Instantiating /home/travis/build/icyphy/ptII/ptolemy/domains/sdf/lib/test/auto/LMSAdaptiveFIR.xml
286 ms. Memory: 208384K Free: 155736K (75%)
----------------- Invoking toplevel() on ptolemy.moml.MoMLSimpleApplication@3bb91505
----------------- Done invoking toplevel() on ptolemy.moml.MoMLSimpleApplication@3bb91505
reloadAllAccessors: .LMSAdaptiveFIR

===========================================================================================
----------------- testing Thu Dec 13 03:05:44 UTC 2018 /home/travis/build/icyphy/ptII/ptolemy/domains/sdf/lib/test/auto/LMSAdaptiveFIR2.xml
----------------- Instantiating /home/travis/build/icyphy/ptII/ptolemy/domains/sdf/lib/test/auto/LMSAdaptiveFIR2.xml
379 ms. Memory: 208384K Free: 94704K (45%)
----------------- Invoking toplevel() on ptolemy.moml.MoMLSimpleApplication@7e4db929
----------------- Done invoking toplevel() on ptolemy.moml.MoMLSimpleApplication@7e4db929
reloadAllAccessors: .LMSAdaptiveFIR2

===========================================================================================
----------------- testing Thu Dec 13 03:05:45 UTC 2018 /home/travis/build/icyphy/ptII/ptolemy/domains/sdf/lib/test/auto/LongJoin.xml
----------------- Instantiating /home/travis/build/icyphy/ptII/ptolemy/domains/sdf/lib/test/auto/LongJoin.xml
3 ms. Memory: 208384K Free: 88710K (43%)
----------------- Invoking toplevel() on ptolemy.moml.MoMLSimpleApplication@5caa1f52
----------------- Done invoking toplevel() on ptolemy.moml.MoMLSimpleApplication@5caa1f52
reloadAllAccessors: .LongJoin

===========================================================================================
----------------- testing Thu Dec 13 03:05:45 UTC 2018 /home/travis/build/icyphy/ptII/ptolemy/domains/sdf/lib/test/auto/Matrix1.xml
----------------- Instantiating /home/travis/build/icyphy/ptII/ptolemy/domains/sdf/lib/test/auto/Matrix1.xml
10 ms. Memory: 208384K Free: 84377K (40%)
----------------- Invoking toplevel() on ptolemy.moml.MoMLSimpleApplication@73702534
----------------- Done invoking toplevel() on ptolemy.moml.MoMLSimpleApplication@73702534
reloadAllAccessors: .Matrix1

===========================================================================================
----------------- testing Thu Dec 13 03:05:45 UTC 2018 /home/travis/build/icyphy/ptII/ptolemy/domains/sdf/lib/test/auto/Matrix2.xml
----------------- Instantiating /home/travis/build/icyphy/ptII/ptolemy/domains/sdf/lib/test/auto/Matrix2.xml
4 ms. Memory: 208384K Free: 80044K (38%)
----------------- Invoking toplevel() on ptolemy.moml.MoMLSimpleApplication@1144d70
----------------- Done invoking toplevel() on ptolemy.moml.MoMLSimpleApplication@1144d70
reloadAllAccessors: .Matrix2

===========================================================================================
----------------- testing Thu Dec 13 03:05:45 UTC 2018 /home/travis/build/icyphy/ptII/ptolemy/domains/sdf/lib/test/auto/MatrixJoin1.xml
----------------- Instantiating /home/travis/build/icyphy/ptII/ptolemy/domains/sdf/lib/test/auto/MatrixJoin1.xml
5 ms. Memory: 333824K Free: 321842K (96%)
----------------- Invoking toplevel() on ptolemy.moml.MoMLSimpleApplication@494e5b88
----------------- Done invoking toplevel() on ptolemy.moml.MoMLSimpleApplication@494e5b88
reloadAllAccessors: .MatrixJoin1

===========================================================================================
----------------- testing Thu Dec 13 03:05:45 UTC 2018 /home/travis/build/icyphy/ptII/ptolemy/domains/sdf/lib/test/auto/MatrixJoin2.xml
----------------- Instantiating /home/travis/build/icyphy/ptII/ptolemy/domains/sdf/lib/test/auto/MatrixJoin2.xml
8 ms. Memory: 333824K Free: 313992K (94%)
----------------- Invoking toplevel() on ptolemy.moml.MoMLSimpleApplication@1487b191
----------------- Done invoking toplevel() on ptolemy.moml.MoMLSimpleApplication@1487b191
reloadAllAccessors: .MatrixJoin2

===========================================================================================
----------------- testing Thu Dec 13 03:05:45 UTC 2018 /home/travis/build/icyphy/ptII/ptolemy/domains/sdf/lib/test/auto/MatrixJoin3.xml
----------------- Instantiating /home/travis/build/icyphy/ptII/ptolemy/domains/sdf/lib/test/auto/MatrixJoin3.xml
4 ms. Memory: 333824K Free: 307832K (92%)
----------------- Invoking toplevel() on ptolemy.moml.MoMLSimpleApplication@6798a0f
----------------- Done invoking toplevel() on ptolemy.moml.MoMLSimpleApplication@6798a0f
reloadAllAccessors: .MatrixJoin3

===========================================================================================
----------------- testing Thu Dec 13 03:05:45 UTC 2018 /home/travis/build/icyphy/ptII/ptolemy/domains/sdf/lib/test/auto/MatrixJoin4.xml
----------------- Instantiating /home/travis/build/icyphy/ptII/ptolemy/domains/sdf/lib/test/auto/MatrixJoin4.xml
2 ms. Memory: 333824K Free: 301672K (90%)
----------------- Invoking toplevel() on ptolemy.moml.MoMLSimpleApplication@320b34d6
----------------- Done invoking toplevel() on ptolemy.moml.MoMLSimpleApplication@320b34d6
reloadAllAccessors: .MatrixJoin4

===========================================================================================
----------------- testing Thu Dec 13 03:05:45 UTC 2018 /home/travis/build/icyphy/ptII/ptolemy/domains/sdf/lib/test/auto/MatrixJoin5.xml
----------------- Instantiating /home/travis/build/icyphy/ptII/ptolemy/domains/sdf/lib/test/auto/MatrixJoin5.xml
2 ms. Memory: 333824K Free: 295330K (88%)
----------------- Invoking toplevel() on ptolemy.moml.MoMLSimpleApplication@5dcbc5d6
----------------- Done invoking toplevel() on ptolemy.moml.MoMLSimpleApplication@5dcbc5d6
reloadAllAccessors: .MatrixJoin5

===========================================================================================
----------------- testing Thu Dec 13 03:05:45 UTC 2018 /home/travis/build/icyphy/ptII/ptolemy/domains/sdf/lib/test/auto/MatrixSplit1.xml
----------------- Instantiating /home/travis/build/icyphy/ptII/ptolemy/domains/sdf/lib/test/auto/MatrixSplit1.xml
5 ms. Memory: 333824K Free: 289186K (87%)
----------------- Invoking toplevel() on ptolemy.moml.MoMLSimpleApplication@5bd8207f
----------------- Done invoking toplevel() on ptolemy.moml.MoMLSimpleApplication@5bd8207f
reloadAllAccessors: .MatrixSplit1

===========================================================================================
----------------- testing Thu Dec 13 03:05:45 UTC 2018 /home/travis/build/icyphy/ptII/ptolemy/domains/sdf/lib/test/auto/MatrixSplit10.xml
----------------- Instantiating /home/travis/build/icyphy/ptII/ptolemy/domains/sdf/lib/test/auto/MatrixSplit10.xml
1 ms. Memory: 333824K Free: 284270K (85%)
----------------- Invoking toplevel() on ptolemy.moml.MoMLSimpleApplication@46593ff
----------------- Done invoking toplevel() on ptolemy.moml.MoMLSimpleApplication@46593ff
reloadAllAccessors: .MatrixSplit10

===========================================================================================
----------------- testing Thu Dec 13 03:05:45 UTC 2018 /home/travis/build/icyphy/ptII/ptolemy/domains/sdf/lib/test/auto/MatrixSplit11.xml
----------------- Instantiating /home/travis/build/icyphy/ptII/ptolemy/domains/sdf/lib/test/auto/MatrixSplit11.xml
2 ms. Memory: 333824K Free: 279355K (84%)
----------------- Invoking toplevel() on ptolemy.moml.MoMLSimpleApplication@2d4e9298
----------------- Done invoking toplevel() on ptolemy.moml.MoMLSimpleApplication@2d4e9298
reloadAllAccessors: .MatrixSplit11

===========================================================================================
----------------- testing Thu Dec 13 03:05:45 UTC 2018 /home/travis/build/icyphy/ptII/ptolemy/domains/sdf/lib/test/auto/MatrixSplit12.xml
----------------- Instantiating /home/travis/build/icyphy/ptII/ptolemy/domains/sdf/lib/test/auto/MatrixSplit12.xml
3 ms. Memory: 333824K Free: 273029K (82%)
----------------- Invoking toplevel() on ptolemy.moml.MoMLSimpleApplication@34f7082e
----------------- Done invoking toplevel() on ptolemy.moml.MoMLSimpleApplication@34f7082e
reloadAllAccessors: .MatrixSplit12

===========================================================================================
----------------- testing Thu Dec 13 03:05:45 UTC 2018 /home/travis/build/icyphy/ptII/ptolemy/domains/sdf/lib/test/auto/MatrixSplit13.xml
----------------- Instantiating /home/travis/build/icyphy/ptII/ptolemy/domains/sdf/lib/test/auto/MatrixSplit13.xml
4 ms. Memory: 333824K Free: 268113K (80%)
----------------- Invoking toplevel() on ptolemy.moml.MoMLSimpleApplication@1f59b4db
----------------- Done invoking toplevel() on ptolemy.moml.MoMLSimpleApplication@1f59b4db
reloadAllAccessors: .MatrixSplit13

===========================================================================================
----------------- testing Thu Dec 13 03:05:45 UTC 2018 /home/travis/build/icyphy/ptII/ptolemy/domains/sdf/lib/test/auto/MatrixSplit14.xml
----------------- Instantiating /home/travis/build/icyphy/ptII/ptolemy/domains/sdf/lib/test/auto/MatrixSplit14.xml
2 ms. Memory: 333824K Free: 263198K (79%)
----------------- Invoking toplevel() on ptolemy.moml.MoMLSimpleApplication@2ffdbd86
----------------- Done invoking toplevel() on ptolemy.moml.MoMLSimpleApplication@2ffdbd86
reloadAllAccessors: .MatrixSplit14

===========================================================================================
----------------- testing Thu Dec 13 03:05:45 UTC 2018 /home/travis/build/icyphy/ptII/ptolemy/domains/sdf/lib/test/auto/MatrixSplit2.xml
----------------- Instantiating /home/travis/build/icyphy/ptII/ptolemy/domains/sdf/lib/test/auto/MatrixSplit2.xml
2 ms. Memory: 333824K Free: 256871K (77%)
----------------- Invoking toplevel() on ptolemy.moml.MoMLSimpleApplication@77f31933
----------------- Done invoking toplevel() on ptolemy.moml.MoMLSimpleApplication@77f31933
reloadAllAccessors: .MatrixSplit2

===========================================================================================
----------------- testing Thu Dec 13 03:05:45 UTC 2018 /home/travis/build/icyphy/ptII/ptolemy/domains/sdf/lib/test/auto/MatrixSplit3.xml
----------------- Instantiating /home/travis/build/icyphy/ptII/ptolemy/domains/sdf/lib/test/auto/MatrixSplit3.xml
1 ms. Memory: 333824K Free: 251956K (75%)
----------------- Invoking toplevel() on ptolemy.moml.MoMLSimpleApplication@175fab03
----------------- Done invoking toplevel() on ptolemy.moml.MoMLSimpleApplication@175fab03
reloadAllAccessors: .MatrixSplit3

===========================================================================================
----------------- testing Thu Dec 13 03:05:45 UTC 2018 /home/travis/build/icyphy/ptII/ptolemy/domains/sdf/lib/test/auto/MatrixSplit4.xml
----------------- Instantiating /home/travis/build/icyphy/ptII/ptolemy/domains/sdf/lib/test/auto/MatrixSplit4.xml
8 ms. Memory: 333824K Free: 247041K (74%)
----------------- Invoking toplevel() on ptolemy.moml.MoMLSimpleApplication@76d6e292
----------------- Done invoking toplevel() on ptolemy.moml.MoMLSimpleApplication@76d6e292
reloadAllAccessors: .MatrixSplit4

===========================================================================================
----------------- testing Thu Dec 13 03:05:45 UTC 2018 /home/travis/build/icyphy/ptII/ptolemy/domains/sdf/lib/test/auto/MatrixSplit5.xml
----------------- Instantiating /home/travis/build/icyphy/ptII/ptolemy/domains/sdf/lib/test/auto/MatrixSplit5.xml
3 ms. Memory: 333824K Free: 242125K (73%)
----------------- Invoking toplevel() on ptolemy.moml.MoMLSimpleApplication@7df132c2
----------------- Done invoking toplevel() on ptolemy.moml.MoMLSimpleApplication@7df132c2
reloadAllAccessors: .MatrixSplit5

===========================================================================================
----------------- testing Thu Dec 13 03:05:45 UTC 2018 /home/travis/build/icyphy/ptII/ptolemy/domains/sdf/lib/test/auto/MatrixSplit6.xml
----------------- Instantiating /home/travis/build/icyphy/ptII/ptolemy/domains/sdf/lib/test/auto/MatrixSplit6.xml
1 ms. Memory: 333824K Free: 235799K (71%)
----------------- Invoking toplevel() on ptolemy.moml.MoMLSimpleApplication@209827fb
----------------- Done invoking toplevel() on ptolemy.moml.MoMLSimpleApplication@209827fb
reloadAllAccessors: .MatrixSplit6

===========================================================================================
----------------- testing Thu Dec 13 03:05:45 UTC 2018 /home/travis/build/icyphy/ptII/ptolemy/domains/sdf/lib/test/auto/MatrixSplit7.xml
----------------- Instantiating /home/travis/build/icyphy/ptII/ptolemy/domains/sdf/lib/test/auto/MatrixSplit7.xml
2 ms. Memory: 333824K Free: 230884K (69%)
----------------- Invoking toplevel() on ptolemy.moml.MoMLSimpleApplication@56c865af
----------------- Done invoking toplevel() on ptolemy.moml.MoMLSimpleApplication@56c865af
reloadAllAccessors: .MatrixSplit7

===========================================================================================
----------------- testing Thu Dec 13 03:05:45 UTC 2018 /home/travis/build/icyphy/ptII/ptolemy/domains/sdf/lib/test/auto/MatrixSplit8.xml
----------------- Instantiating /home/travis/build/icyphy/ptII/ptolemy/domains/sdf/lib/test/auto/MatrixSplit8.xml
1 ms. Memory: 333824K Free: 225968K (68%)
----------------- Invoking toplevel() on ptolemy.moml.MoMLSimpleApplication@5d55d67e
----------------- Done invoking toplevel() on ptolemy.moml.MoMLSimpleApplication@5d55d67e
reloadAllAccessors: .MatrixSplit8

===========================================================================================
----------------- testing Thu Dec 13 03:05:45 UTC 2018 /home/travis/build/icyphy/ptII/ptolemy/domains/sdf/lib/test/auto/MatrixSplit9.xml
----------------- Instantiating /home/travis/build/icyphy/ptII/ptolemy/domains/sdf/lib/test/auto/MatrixSplit9.xml
2 ms. Memory: 333824K Free: 219642K (66%)
----------------- Invoking toplevel() on ptolemy.moml.MoMLSimpleApplication@23d6d3d9
----------------- Done invoking toplevel() on ptolemy.moml.MoMLSimpleApplication@23d6d3d9
reloadAllAccessors: .MatrixSplit9

===========================================================================================
----------------- testing Thu Dec 13 03:05:45 UTC 2018 /home/travis/build/icyphy/ptII/ptolemy/domains/sdf/lib/test/auto/MatrixToSequence.xml
----------------- Instantiating /home/travis/build/icyphy/ptII/ptolemy/domains/sdf/lib/test/auto/MatrixToSequence.xml
5 ms. Memory: 333824K Free: 208582K (62%)
----------------- Invoking toplevel() on ptolemy.moml.MoMLSimpleApplication@66abf628
----------------- Done invoking toplevel() on ptolemy.moml.MoMLSimpleApplication@66abf628
reloadAllAccessors: .MatrixToSequence

===========================================================================================
----------------- testing Thu Dec 13 03:05:45 UTC 2018 /home/travis/build/icyphy/ptII/ptolemy/domains/sdf/lib/test/auto/MaximumEntropySpectrum.xml
----------------- Instantiating /home/travis/build/icyphy/ptII/ptolemy/domains/sdf/lib/test/auto/MaximumEntropySpectrum.xml
15 ms. Memory: 333824K Free: 185215K (55%)
----------------- Invoking toplevel() on ptolemy.moml.MoMLSimpleApplication@68e4c15a
----------------- Done invoking toplevel() on ptolemy.moml.MoMLSimpleApplication@68e4c15a
reloadAllAccessors: .MaximumEntropySpectrum

===========================================================================================
----------------- testing Thu Dec 13 03:05:45 UTC 2018 /home/travis/build/icyphy/ptII/ptolemy/domains/sdf/lib/test/auto/SampleDelayConversion.xml
----------------- Instantiating /home/travis/build/icyphy/ptII/ptolemy/domains/sdf/lib/test/auto/SampleDelayConversion.xml
2 ms. Memory: 333824K Free: 178888K (54%)
----------------- Invoking toplevel() on ptolemy.moml.MoMLSimpleApplication@266e22a1
----------------- Done invoking toplevel() on ptolemy.moml.MoMLSimpleApplication@266e22a1
reloadAllAccessors: .SampleDelayConversion

===========================================================================================
----------------- testing Thu Dec 13 03:05:45 UTC 2018 /home/travis/build/icyphy/ptII/ptolemy/domains/sdf/lib/test/auto/SequenceToArray.xml
----------------- Instantiating /home/travis/build/icyphy/ptII/ptolemy/domains/sdf/lib/test/auto/SequenceToArray.xml
17 ms. Memory: 333824K Free: 165371K (50%)
----------------- Invoking toplevel() on ptolemy.moml.MoMLSimpleApplication@70f0974f
----------------- Done invoking toplevel() on ptolemy.moml.MoMLSimpleApplication@70f0974f
reloadAllAccessors: .SequenceToArray

===========================================================================================
----------------- testing Thu Dec 13 03:05:45 UTC 2018 /home/travis/build/icyphy/ptII/ptolemy/domains/sdf/lib/test/auto/SequenceToMatrix.xml
----------------- Instantiating /home/travis/build/icyphy/ptII/ptolemy/domains/sdf/lib/test/auto/SequenceToMatrix.xml
3668 ms. Memory: 580096K Free: 543485K (94%)
----------------- Invoking toplevel() on ptolemy.moml.MoMLSimpleApplication@7daccfb5
----------------- Done invoking toplevel() on ptolemy.moml.MoMLSimpleApplication@7daccfb5
reloadAllAccessors: .SequenceToMatrix

===========================================================================================
----------------- testing Thu Dec 13 03:05:49 UTC 2018 /home/travis/build/icyphy/ptII/ptolemy/domains/sdf/lib/test/auto/SmoothedPeriodogram.xml
----------------- Instantiating /home/travis/build/icyphy/ptII/ptolemy/domains/sdf/lib/test/auto/SmoothedPeriodogram.xml
17 ms. Memory: 580096K Free: 520169K (90%)
----------------- Invoking toplevel() on ptolemy.moml.MoMLSimpleApplication@20ac707d
----------------- Done invoking toplevel() on ptolemy.moml.MoMLSimpleApplication@20ac707d
reloadAllAccessors: .SmoothedPeriodogram

===========================================================================================
----------------- testing Thu Dec 13 03:05:49 UTC 2018 /home/travis/build/icyphy/ptII/ptolemy/domains/sdf/lib/test/auto/UpDownSample1.xml
----------------- Instantiating /home/travis/build/icyphy/ptII/ptolemy/domains/sdf/lib/test/auto/UpDownSample1.xml
6 ms. Memory: 580096K Free: 513622K (89%)
----------------- Invoking toplevel() on ptolemy.moml.MoMLSimpleApplication@53afafdf
----------------- Done invoking toplevel() on ptolemy.moml.MoMLSimpleApplication@53afafdf
reloadAllAccessors: .UpDownSample1

===========================================================================================
----------------- testing Thu Dec 13 03:05:49 UTC 2018 /home/travis/build/icyphy/ptII/ptolemy/domains/sdf/lib/test/auto/UpSample1.xml
----------------- Instantiating /home/travis/build/icyphy/ptII/ptolemy/domains/sdf/lib/test/auto/UpSample1.xml
2 ms. Memory: 580096K Free: 507075K (87%)
----------------- Invoking toplevel() on ptolemy.moml.MoMLSimpleApplication@56549d36
----------------- Done invoking toplevel() on ptolemy.moml.MoMLSimpleApplication@56549d36
reloadAllAccessors: .UpSample1

===========================================================================================
----------------- testing Thu Dec 13 03:05:49 UTC 2018 /home/travis/build/icyphy/ptII/ptolemy/domains/sdf/lib/test/auto/VariableFIR.xml
----------------- Instantiating /home/travis/build/icyphy/ptII/ptolemy/domains/sdf/lib/test/auto/VariableFIR.xml
3 ms. Memory: 580096K Free: 497255K (86%)
----------------- Invoking toplevel() on ptolemy.moml.MoMLSimpleApplication@5c9b8c95
----------------- Done invoking toplevel() on ptolemy.moml.MoMLSimpleApplication@5c9b8c95
reloadAllAccessors: .VariableFIR

===========================================================================================
----------------- testing Thu Dec 13 03:05:49 UTC 2018 /home/travis/build/icyphy/ptII/ptolemy/domains/sdf/lib/test/auto/VariableFIR2.xml
----------------- Instantiating /home/travis/build/icyphy/ptII/ptolemy/domains/sdf/lib/test/auto/VariableFIR2.xml
3 ms. Memory: 580096K Free: 485481K (84%)
----------------- Invoking toplevel() on ptolemy.moml.MoMLSimpleApplication@36ed45f8
----------------- Done invoking toplevel() on ptolemy.moml.MoMLSimpleApplication@36ed45f8
reloadAllAccessors: .VariableFIR2

===========================================================================================
----------------- testing Thu Dec 13 03:05:49 UTC 2018 /home/travis/build/icyphy/ptII/ptolemy/domains/sdf/lib/test/auto/VariableLattice.xml
----------------- Instantiating /home/travis/build/icyphy/ptII/ptolemy/domains/sdf/lib/test/auto/VariableLattice.xml
3 ms. Memory: 580096K Free: 475661K (82%)
----------------- Invoking toplevel() on ptolemy.moml.MoMLSimpleApplication@67bb3139
----------------- Done invoking toplevel() on ptolemy.moml.MoMLSimpleApplication@67bb3139
reloadAllAccessors: .VariableLattice

===========================================================================================
----------------- testing Thu Dec 13 03:05:49 UTC 2018 /home/travis/build/icyphy/ptII/ptolemy/domains/sdf/lib/test/auto/VariableLattice2.xml
----------------- Instantiating /home/travis/build/icyphy/ptII/ptolemy/domains/sdf/lib/test/auto/VariableLattice2.xml
1.0
-1.999999602036
1.9099998677481
-0.9099996420674
0.205
0.0
0.0
1.0
-0.25
-0.5
0.0
0.0
0.0
0.0
3 ms. Memory: 580096K Free: 465840K (80%)
----------------- Invoking toplevel() on ptolemy.moml.MoMLSimpleApplication@5ca8d1e4
----------------- Done invoking toplevel() on ptolemy.moml.MoMLSimpleApplication@5ca8d1e4
reloadAllAccessors: .VariableLattice2

===========================================================================================
----------------- testing Thu Dec 13 03:05:49 UTC 2018 /home/travis/build/icyphy/ptII/ptolemy/domains/sdf/lib/test/auto/VariableRecursiveLattice.xml
----------------- Instantiating /home/travis/build/icyphy/ptII/ptolemy/domains/sdf/lib/test/auto/VariableRecursiveLattice.xml
6 ms. Memory: 580096K Free: 456020K (79%)
----------------- Invoking toplevel() on ptolemy.moml.MoMLSimpleApplication@5c417b9c
----------------- Done invoking toplevel() on ptolemy.moml.MoMLSimpleApplication@5c417b9c
reloadAllAccessors: .VariableRecursiveLattice

===========================================================================================
----------------- testing Thu Dec 13 03:05:49 UTC 2018 /home/travis/build/icyphy/ptII/ptolemy/domains/sdf/lib/test/auto/VariableRecursiveLattice2.xml
----------------- Instantiating /home/travis/build/icyphy/ptII/ptolemy/domains/sdf/lib/test/auto/VariableRecursiveLattice2.xml
1 ms. Memory: 580096K Free: 449474K (77%)
----------------- Invoking toplevel() on ptolemy.moml.MoMLSimpleApplication@129c2413
----------------- Done invoking toplevel() on ptolemy.moml.MoMLSimpleApplication@129c2413
reloadAllAccessors: .VariableRecursiveLattice2
AutoTests.java: About to close Vertx.
AutoTests.java: Vertx closed.
]]></system-out>
  <system-err><![CDATA[]]></system-err>
</testsuite>
