<?xml version="1.0" encoding="UTF-8" ?>
<testsuite errors="0" failures="0" hostname="travis-job-cc6c7169-8c28-46e4-a41d-03f0dc90b8a2" name="ptolemy.domains.sdf.lib.test.junit.JUnitTclTest" skipped="0" tests="82" time="8.168" timestamp="2019-12-11T06:47:19">
  <properties>
[...]
</properties>
  <testcase classname="ptolemy.util.test.junit.TclTests" name="[0] /home/travis/build/icyphy/ptII/ptolemy/domains/sdf/lib/test/ArrayToSequence.tcl (RunTclFile)" time="0.559" />
  <testcase classname="ptolemy.util.test.junit.TclTests" name="[1] /home/travis/build/icyphy/ptII/ptolemy/domains/sdf/lib/test/BitsToInt.tcl (RunTclFile)" time="0.046" />
  <testcase classname="ptolemy.util.test.junit.TclTests" name="[2] /home/travis/build/icyphy/ptII/ptolemy/domains/sdf/lib/test/DelayLine.tcl (RunTclFile)" time="0.041" />
  <testcase classname="ptolemy.util.test.junit.TclTests" name="[3] /home/travis/build/icyphy/ptII/ptolemy/domains/sdf/lib/test/FFT.tcl (RunTclFile)" time="0.044" />
  <testcase classname="ptolemy.util.test.junit.TclTests" name="[4] /home/travis/build/icyphy/ptII/ptolemy/domains/sdf/lib/test/FIR.tcl (RunTclFile)" time="0.211" />
  <testcase classname="ptolemy.util.test.junit.TclTests" name="[5] /home/travis/build/icyphy/ptII/ptolemy/domains/sdf/lib/test/IntToBits.tcl (RunTclFile)" time="0.058" />
  <testcase classname="ptolemy.util.test.junit.TclTests" name="[6] /home/travis/build/icyphy/ptII/ptolemy/domains/sdf/lib/test/MaximumEntropySpectrum.tcl (RunTclFile)" time="0.33" />
  <testcase classname="ptolemy.util.test.junit.TclTests" name="[7] /home/travis/build/icyphy/ptII/ptolemy/domains/sdf/lib/test/Repeat.tcl (RunTclFile)" time="0.045" />
  <testcase classname="ptolemy.util.test.junit.TclTests" name="[8] /home/travis/build/icyphy/ptII/ptolemy/domains/sdf/lib/test/SampleDelay.tcl (RunTclFile)" time="0.081" />
  <testcase classname="ptolemy.util.test.junit.TclTests" name="[9] /home/travis/build/icyphy/ptII/ptolemy/domains/sdf/lib/test/SequenceToArray.tcl (RunTclFile)" time="0.031" />
  <testcase classname="ptolemy.util.test.junit.AutoKnownFailedTests" name="[0] ThereAreNoKnowFailedTests (RunModel)" time="0.005" />
  <testcase classname="ptolemy.util.test.junit.AutoNameArchTests" name="[0] ThereAreNoAutoArchTests (RunModel)" time="0.003" />
  <testcase classname="ptolemy.util.test.junit.AutoTests" name="[0] /home/travis/build/icyphy/ptII/ptolemy/domains/sdf/lib/test/auto/ArrayToSequence.xml (RunModel)" time="0.201" />
  <testcase classname="ptolemy.util.test.junit.AutoTests" name="[1] /home/travis/build/icyphy/ptII/ptolemy/domains/sdf/lib/test/auto/ArrayToSequenceTest.xml (RunModel)" time="0.091" />
  <testcase classname="ptolemy.util.test.junit.AutoTests" name="[2] /home/travis/build/icyphy/ptII/ptolemy/domains/sdf/lib/test/auto/Autocorrelation.xml (RunModel)" time="0.066" />
  <testcase classname="ptolemy.util.test.junit.AutoTests" name="[3] /home/travis/build/icyphy/ptII/ptolemy/domains/sdf/lib/test/auto/Autocorrelation2.xml (RunModel)" time="0.053" />
  <testcase classname="ptolemy.util.test.junit.AutoTests" name="[4] /home/travis/build/icyphy/ptII/ptolemy/domains/sdf/lib/test/auto/Autocorrelation3.xml (RunModel)" time="0.025" />
  <testcase classname="ptolemy.util.test.junit.AutoTests" name="[5] /home/travis/build/icyphy/ptII/ptolemy/domains/sdf/lib/test/auto/Autocorrelation4.xml (RunModel)" time="0.026" />
  <testcase classname="ptolemy.util.test.junit.AutoTests" name="[6] /home/travis/build/icyphy/ptII/ptolemy/domains/sdf/lib/test/auto/Autocorrelation5.xml (RunModel)" time="0.104" />
  <testcase classname="ptolemy.util.test.junit.AutoTests" name="[7] /home/travis/build/icyphy/ptII/ptolemy/domains/sdf/lib/test/auto/BitsToInt.xml (RunModel)" time="0.018" />
  <testcase classname="ptolemy.util.test.junit.AutoTests" name="[8] /home/travis/build/icyphy/ptII/ptolemy/domains/sdf/lib/test/auto/BooleanJoin.xml (RunModel)" time="0.025" />
  <testcase classname="ptolemy.util.test.junit.AutoTests" name="[9] /home/travis/build/icyphy/ptII/ptolemy/domains/sdf/lib/test/auto/BootstrapSampleDelay.xml (RunModel)" time="0.028" />
  <testcase classname="ptolemy.util.test.junit.AutoTests" name="[10] /home/travis/build/icyphy/ptII/ptolemy/domains/sdf/lib/test/auto/Chop.xml (RunModel)" time="0.048" />
  <testcase classname="ptolemy.util.test.junit.AutoTests" name="[11] /home/travis/build/icyphy/ptII/ptolemy/domains/sdf/lib/test/auto/Chop2.xml (RunModel)" time="0.057" />
  <testcase classname="ptolemy.util.test.junit.AutoTests" name="[12] /home/travis/build/icyphy/ptII/ptolemy/domains/sdf/lib/test/auto/ComplexJoin.xml (RunModel)" time="0.04" />
  <testcase classname="ptolemy.util.test.junit.AutoTests" name="[13] /home/travis/build/icyphy/ptII/ptolemy/domains/sdf/lib/test/auto/CountTrues.xml (RunModel)" time="0.031" />
  <testcase classname="ptolemy.util.test.junit.AutoTests" name="[14] /home/travis/build/icyphy/ptII/ptolemy/domains/sdf/lib/test/auto/DelayLine.xml (RunModel)" time="0.044" />
  <testcase classname="ptolemy.util.test.junit.AutoTests" name="[15] /home/travis/build/icyphy/ptII/ptolemy/domains/sdf/lib/test/auto/DotProduct.xml (RunModel)" time="0.038" />
  <testcase classname="ptolemy.util.test.junit.AutoTests" name="[16] /home/travis/build/icyphy/ptII/ptolemy/domains/sdf/lib/test/auto/DotProductMatrix.xml (RunModel)" time="0.033" />
  <testcase classname="ptolemy.util.test.junit.AutoTests" name="[17] /home/travis/build/icyphy/ptII/ptolemy/domains/sdf/lib/test/auto/DownSample1.xml (RunModel)" time="0.024" />
  <testcase classname="ptolemy.util.test.junit.AutoTests" name="[18] /home/travis/build/icyphy/ptII/ptolemy/domains/sdf/lib/test/auto/DynamicRateChange.xml (RunModel)" time="0.037" />
  <testcase classname="ptolemy.util.test.junit.AutoTests" name="[19] /home/travis/build/icyphy/ptII/ptolemy/domains/sdf/lib/test/auto/DynamicRates.xml (RunModel)" time="0.047" />
  <testcase classname="ptolemy.util.test.junit.AutoTests" name="[20] /home/travis/build/icyphy/ptII/ptolemy/domains/sdf/lib/test/auto/FFT1.xml (RunModel)" time="0.037" />
  <testcase classname="ptolemy.util.test.junit.AutoTests" name="[21] /home/travis/build/icyphy/ptII/ptolemy/domains/sdf/lib/test/auto/FIR1.xml (RunModel)" time="0.05" />
  <testcase classname="ptolemy.util.test.junit.AutoTests" name="[22] /home/travis/build/icyphy/ptII/ptolemy/domains/sdf/lib/test/auto/FIR2.xml (RunModel)" time="0.03" />
  <testcase classname="ptolemy.util.test.junit.AutoTests" name="[23] /home/travis/build/icyphy/ptII/ptolemy/domains/sdf/lib/test/auto/FIR4.xml (RunModel)" time="0.041" />
  <testcase classname="ptolemy.util.test.junit.AutoTests" name="[24] /home/travis/build/icyphy/ptII/ptolemy/domains/sdf/lib/test/auto/FixJoin.xml (RunModel)" time="0.057" />
  <testcase classname="ptolemy.util.test.junit.AutoTests" name="[25] /home/travis/build/icyphy/ptII/ptolemy/domains/sdf/lib/test/auto/IntJoin1.xml (RunModel)" time="0.024" />
  <testcase classname="ptolemy.util.test.junit.AutoTests" name="[26] /home/travis/build/icyphy/ptII/ptolemy/domains/sdf/lib/test/auto/IntJoin2.xml (RunModel)" time="0.025" />
  <testcase classname="ptolemy.util.test.junit.AutoTests" name="[27] /home/travis/build/icyphy/ptII/ptolemy/domains/sdf/lib/test/auto/IntJoin3.xml (RunModel)" time="0.025" />
  <testcase classname="ptolemy.util.test.junit.AutoTests" name="[28] /home/travis/build/icyphy/ptII/ptolemy/domains/sdf/lib/test/auto/IntJoin4.xml (RunModel)" time="0.026" />
  <testcase classname="ptolemy.util.test.junit.AutoTests" name="[29] /home/travis/build/icyphy/ptII/ptolemy/domains/sdf/lib/test/auto/IntJoin5.xml (RunModel)" time="0.027" />
  <testcase classname="ptolemy.util.test.junit.AutoTests" name="[30] /home/travis/build/icyphy/ptII/ptolemy/domains/sdf/lib/test/auto/IntToBits.xml (RunModel)" time="0.025" />
  <testcase classname="ptolemy.util.test.junit.AutoTests" name="[31] /home/travis/build/icyphy/ptII/ptolemy/domains/sdf/lib/test/auto/LMSAdaptive.xml (RunModel)" time="0.085" />
  <testcase classname="ptolemy.util.test.junit.AutoTests" name="[32] /home/travis/build/icyphy/ptII/ptolemy/domains/sdf/lib/test/auto/LMSAdaptiveFIR.xml (RunModel)" time="0.346" />
  <testcase classname="ptolemy.util.test.junit.AutoTests" name="[33] /home/travis/build/icyphy/ptII/ptolemy/domains/sdf/lib/test/auto/LMSAdaptiveFIR2.xml (RunModel)" time="0.471" />
  <testcase classname="ptolemy.util.test.junit.AutoTests" name="[34] /home/travis/build/icyphy/ptII/ptolemy/domains/sdf/lib/test/auto/LongJoin.xml (RunModel)" time="0.029" />
  <testcase classname="ptolemy.util.test.junit.AutoTests" name="[35] /home/travis/build/icyphy/ptII/ptolemy/domains/sdf/lib/test/auto/Matrix1.xml (RunModel)" time="0.027" />
  <testcase classname="ptolemy.util.test.junit.AutoTests" name="[36] /home/travis/build/icyphy/ptII/ptolemy/domains/sdf/lib/test/auto/Matrix2.xml (RunModel)" time="0.018" />
  <testcase classname="ptolemy.util.test.junit.AutoTests" name="[37] /home/travis/build/icyphy/ptII/ptolemy/domains/sdf/lib/test/auto/MatrixJoin1.xml (RunModel)" time="0.042" />
  <testcase classname="ptolemy.util.test.junit.AutoTests" name="[38] /home/travis/build/icyphy/ptII/ptolemy/domains/sdf/lib/test/auto/MatrixJoin2.xml (RunModel)" time="0.022" />
  <testcase classname="ptolemy.util.test.junit.AutoTests" name="[39] /home/travis/build/icyphy/ptII/ptolemy/domains/sdf/lib/test/auto/MatrixJoin3.xml (RunModel)" time="0.024" />
  <testcase classname="ptolemy.util.test.junit.AutoTests" name="[40] /home/travis/build/icyphy/ptII/ptolemy/domains/sdf/lib/test/auto/MatrixJoin4.xml (RunModel)" time="0.014" />
  <testcase classname="ptolemy.util.test.junit.AutoTests" name="[41] /home/travis/build/icyphy/ptII/ptolemy/domains/sdf/lib/test/auto/MatrixJoin5.xml (RunModel)" time="0.017" />
  <testcase classname="ptolemy.util.test.junit.AutoTests" name="[42] /home/travis/build/icyphy/ptII/ptolemy/domains/sdf/lib/test/auto/MatrixSplit1.xml (RunModel)" time="0.023" />
  <testcase classname="ptolemy.util.test.junit.AutoTests" name="[43] /home/travis/build/icyphy/ptII/ptolemy/domains/sdf/lib/test/auto/MatrixSplit10.xml (RunModel)" time="0.014" />
  <testcase classname="ptolemy.util.test.junit.AutoTests" name="[44] /home/travis/build/icyphy/ptII/ptolemy/domains/sdf/lib/test/auto/MatrixSplit11.xml (RunModel)" time="0.011" />
  <testcase classname="ptolemy.util.test.junit.AutoTests" name="[45] /home/travis/build/icyphy/ptII/ptolemy/domains/sdf/lib/test/auto/MatrixSplit12.xml (RunModel)" time="0.019" />
  <testcase classname="ptolemy.util.test.junit.AutoTests" name="[46] /home/travis/build/icyphy/ptII/ptolemy/domains/sdf/lib/test/auto/MatrixSplit13.xml (RunModel)" time="0.027" />
  <testcase classname="ptolemy.util.test.junit.AutoTests" name="[47] /home/travis/build/icyphy/ptII/ptolemy/domains/sdf/lib/test/auto/MatrixSplit14.xml (RunModel)" time="0.015" />
  <testcase classname="ptolemy.util.test.junit.AutoTests" name="[48] /home/travis/build/icyphy/ptII/ptolemy/domains/sdf/lib/test/auto/MatrixSplit2.xml (RunModel)" time="0.01" />
  <testcase classname="ptolemy.util.test.junit.AutoTests" name="[49] /home/travis/build/icyphy/ptII/ptolemy/domains/sdf/lib/test/auto/MatrixSplit3.xml (RunModel)" time="0.014" />
  <testcase classname="ptolemy.util.test.junit.AutoTests" name="[50] /home/travis/build/icyphy/ptII/ptolemy/domains/sdf/lib/test/auto/MatrixSplit4.xml (RunModel)" time="0.013" />
  <testcase classname="ptolemy.util.test.junit.AutoTests" name="[51] /home/travis/build/icyphy/ptII/ptolemy/domains/sdf/lib/test/auto/MatrixSplit5.xml (RunModel)" time="0.019" />
  <testcase classname="ptolemy.util.test.junit.AutoTests" name="[52] /home/travis/build/icyphy/ptII/ptolemy/domains/sdf/lib/test/auto/MatrixSplit6.xml (RunModel)" time="0.019" />
  <testcase classname="ptolemy.util.test.junit.AutoTests" name="[53] /home/travis/build/icyphy/ptII/ptolemy/domains/sdf/lib/test/auto/MatrixSplit7.xml (RunModel)" time="0.014" />
  <testcase classname="ptolemy.util.test.junit.AutoTests" name="[54] /home/travis/build/icyphy/ptII/ptolemy/domains/sdf/lib/test/auto/MatrixSplit8.xml (RunModel)" time="0.013" />
  <testcase classname="ptolemy.util.test.junit.AutoTests" name="[55] /home/travis/build/icyphy/ptII/ptolemy/domains/sdf/lib/test/auto/MatrixSplit9.xml (RunModel)" time="0.023" />
  <testcase classname="ptolemy.util.test.junit.AutoTests" name="[56] /home/travis/build/icyphy/ptII/ptolemy/domains/sdf/lib/test/auto/MatrixToSequence.xml (RunModel)" time="0.034" />
  <testcase classname="ptolemy.util.test.junit.AutoTests" name="[57] /home/travis/build/icyphy/ptII/ptolemy/domains/sdf/lib/test/auto/MaximumEntropySpectrum.xml (RunModel)" time="0.081" />
  <testcase classname="ptolemy.util.test.junit.AutoTests" name="[58] /home/travis/build/icyphy/ptII/ptolemy/domains/sdf/lib/test/auto/SampleDelayConversion.xml (RunModel)" time="0.02" />
  <testcase classname="ptolemy.util.test.junit.AutoTests" name="[59] /home/travis/build/icyphy/ptII/ptolemy/domains/sdf/lib/test/auto/SequenceToArray.xml (RunModel)" time="0.042" />
  <testcase classname="ptolemy.util.test.junit.AutoTests" name="[60] /home/travis/build/icyphy/ptII/ptolemy/domains/sdf/lib/test/auto/SequenceToMatrix.xml (RunModel)" time="2.979" />
  <testcase classname="ptolemy.util.test.junit.AutoTests" name="[61] /home/travis/build/icyphy/ptII/ptolemy/domains/sdf/lib/test/auto/SmoothedPeriodogram.xml (RunModel)" time="0.063" />
  <testcase classname="ptolemy.util.test.junit.AutoTests" name="[62] /home/travis/build/icyphy/ptII/ptolemy/domains/sdf/lib/test/auto/UpDownSample1.xml (RunModel)" time="0.024" />
  <testcase classname="ptolemy.util.test.junit.AutoTests" name="[63] /home/travis/build/icyphy/ptII/ptolemy/domains/sdf/lib/test/auto/UpSample1.xml (RunModel)" time="0.017" />
  <testcase classname="ptolemy.util.test.junit.AutoTests" name="[64] /home/travis/build/icyphy/ptII/ptolemy/domains/sdf/lib/test/auto/VariableFIR.xml (RunModel)" time="0.018" />
  <testcase classname="ptolemy.util.test.junit.AutoTests" name="[65] /home/travis/build/icyphy/ptII/ptolemy/domains/sdf/lib/test/auto/VariableFIR2.xml (RunModel)" time="0.02" />
  <testcase classname="ptolemy.util.test.junit.AutoTests" name="[66] /home/travis/build/icyphy/ptII/ptolemy/domains/sdf/lib/test/auto/VariableLattice.xml (RunModel)" time="0.034" />
  <testcase classname="ptolemy.util.test.junit.AutoTests" name="[67] /home/travis/build/icyphy/ptII/ptolemy/domains/sdf/lib/test/auto/VariableLattice2.xml (RunModel)" time="0.016" />
  <testcase classname="ptolemy.util.test.junit.AutoTests" name="[68] /home/travis/build/icyphy/ptII/ptolemy/domains/sdf/lib/test/auto/VariableRecursiveLattice.xml (RunModel)" time="0.019" />
  <testcase classname="ptolemy.util.test.junit.AutoTests" name="[69] /home/travis/build/icyphy/ptII/ptolemy/domains/sdf/lib/test/auto/VariableRecursiveLattice2.xml (RunModel)" time="0.014" />
  <system-out><![CDATA[/home/travis/build/icyphy/ptII/ptolemy/domains/sdf/lib/test/ArrayToSequence.tcl
testDefs.tcl: setting time out to 9000 seconds at Wed Dec 11 06:47:19 UTC 2019
85 ms. Memory: 129024K Free: 95685K (74%)
10 ms. Memory: 129024K Free: 93637K (73%)
21 ms. Memory: 129024K Free: 91574K (71%)
21 ms. Memory: 129024K Free: 90055K (70%)
/home/travis/build/icyphy/ptII/ptolemy/domains/sdf/lib/test/BitsToInt.tcl
10 ms. Memory: 129024K Free: 88502K (69%)
13 ms. Memory: 129024K Free: 86454K (67%)
/home/travis/build/icyphy/ptII/ptolemy/domains/sdf/lib/test/DelayLine.tcl
13 ms. Memory: 129024K Free: 84935K (66%)
/home/travis/build/icyphy/ptII/ptolemy/domains/sdf/lib/test/FFT.tcl
17 ms. Memory: 129024K Free: 83366K (65%)
/home/travis/build/icyphy/ptII/ptolemy/domains/sdf/lib/test/FIR.tcl
8 ms. Memory: 129024K Free: 81342K (63%)
100 ms. Memory: 129024K Free: 77253K (60%)
ptolemy.kernel.util.IllegalActionException: multiplyReverse method not supported between ptolemy.data.FixToken 'fix(-0.0625,6,2)' and ptolemy.data.IntToken '1' because the types are incomparable.
  in .top.FIRclone
Because:
multiplyReverse method not supported between ptolemy.data.FixToken 'fix(-0.0625,6,2)' and ptolemy.data.IntToken '1' because the types are incomparable.
37 ms. Memory: 129024K Free: 74695K (58%)
/home/travis/build/icyphy/ptII/ptolemy/domains/sdf/lib/test/IntToBits.tcl
9 ms. Memory: 129024K Free: 73150K (57%)
5 ms. Memory: 129024K Free: 71623K (56%)
/home/travis/build/icyphy/ptII/ptolemy/domains/sdf/lib/test/MaximumEntropySpectrum.tcl
/home/travis/build/icyphy/ptII/ptolemy/domains/sdf/lib/test/Repeat.tcl
13 ms. Memory: 129024K Free: 50119K (39%)
/home/travis/build/icyphy/ptII/ptolemy/domains/sdf/lib/test/SampleDelay.tcl
33 ms. Memory: 129024K Free: 114801K (89%)
5 ms. Memory: 129024K Free: 113777K (88%)
3 ms. Memory: 129024K Free: 113263K (88%)
7 ms. Memory: 129024K Free: 112207K (87%)
1 ms. Memory: 129024K Free: 111729K (87%)
1 ms. Memory: 129024K Free: 111215K (86%)
/home/travis/build/icyphy/ptII/ptolemy/domains/sdf/lib/test/SequenceToArray.tcl
4 ms. Memory: 129024K Free: 109681K (85%)
3 ms. Memory: 129024K Free: 108657K (84%)
4 ms. Memory: 129024K Free: 107633K (83%)
4 ms. Memory: 129024K Free: 106095K (82%)
12/11/19 06:47:20
Failed: 0  Total Tests: 41  ((Passed: 41, Newly Passed: 0)  Known Failed: 0) /home/travis/build/icyphy/ptII/ptolemy/domains/sdf/lib/test
No auto/knownFailedTests/*.xml tests in /home/travis/build/icyphy/ptII/ptolemy/domains/sdf/lib/test
No auto/linux-amd64/*.xml tests in /home/travis/build/icyphy/ptII/ptolemy/domains/sdf/lib/test
AutoTests.java: About to close Vertx.
AutoTests.java: Vertx closed.

===========================================================================================
----------------- testing Wed Dec 11 06:47:20 UTC 2019 /home/travis/build/icyphy/ptII/ptolemy/domains/sdf/lib/test/auto/ArrayToSequence.xml
----------------- Instantiating /home/travis/build/icyphy/ptII/ptolemy/domains/sdf/lib/test/auto/ArrayToSequence.xml
28 ms. Memory: 129024K Free: 93279K (72%)
----------------- Invoking toplevel() on ptolemy.moml.MoMLSimpleApplication@5a9cfa38
----------------- Done invoking toplevel() on ptolemy.moml.MoMLSimpleApplication@5a9cfa38
reloadAllAccessors: .ArrayToSequence

===========================================================================================
----------------- testing Wed Dec 11 06:47:21 UTC 2019 /home/travis/build/icyphy/ptII/ptolemy/domains/sdf/lib/test/auto/ArrayToSequenceTest.xml
----------------- Instantiating /home/travis/build/icyphy/ptII/ptolemy/domains/sdf/lib/test/auto/ArrayToSequenceTest.xml
19 ms. Memory: 129024K Free: 87436K (68%)
----------------- Invoking toplevel() on ptolemy.moml.MoMLSimpleApplication@23bee950
----------------- Done invoking toplevel() on ptolemy.moml.MoMLSimpleApplication@23bee950
reloadAllAccessors: .ArrayToSequenceTest

===========================================================================================
----------------- testing Wed Dec 11 06:47:21 UTC 2019 /home/travis/build/icyphy/ptII/ptolemy/domains/sdf/lib/test/auto/Autocorrelation.xml
----------------- Instantiating /home/travis/build/icyphy/ptII/ptolemy/domains/sdf/lib/test/auto/Autocorrelation.xml
6 ms. Memory: 129024K Free: 111662K (87%)
----------------- Invoking toplevel() on ptolemy.moml.MoMLSimpleApplication@5b2cd40c
----------------- Done invoking toplevel() on ptolemy.moml.MoMLSimpleApplication@5b2cd40c
reloadAllAccessors: .Autocorrelation

===========================================================================================
----------------- testing Wed Dec 11 06:47:21 UTC 2019 /home/travis/build/icyphy/ptII/ptolemy/domains/sdf/lib/test/auto/Autocorrelation2.xml
----------------- Instantiating /home/travis/build/icyphy/ptII/ptolemy/domains/sdf/lib/test/auto/Autocorrelation2.xml
13 ms. Memory: 129024K Free: 106957K (83%)
----------------- Invoking toplevel() on ptolemy.moml.MoMLSimpleApplication@48908eb
----------------- Done invoking toplevel() on ptolemy.moml.MoMLSimpleApplication@48908eb
reloadAllAccessors: .Autocorrelation2

===========================================================================================
----------------- testing Wed Dec 11 06:47:21 UTC 2019 /home/travis/build/icyphy/ptII/ptolemy/domains/sdf/lib/test/auto/Autocorrelation3.xml
----------------- Instantiating /home/travis/build/icyphy/ptII/ptolemy/domains/sdf/lib/test/auto/Autocorrelation3.xml
3 ms. Memory: 129024K Free: 103492K (80%)
----------------- Invoking toplevel() on ptolemy.moml.MoMLSimpleApplication@48478ca5
----------------- Done invoking toplevel() on ptolemy.moml.MoMLSimpleApplication@48478ca5
reloadAllAccessors: .Autocorrelation3

===========================================================================================
----------------- testing Wed Dec 11 06:47:21 UTC 2019 /home/travis/build/icyphy/ptII/ptolemy/domains/sdf/lib/test/auto/Autocorrelation4.xml
----------------- Instantiating /home/travis/build/icyphy/ptII/ptolemy/domains/sdf/lib/test/auto/Autocorrelation4.xml
13 ms. Memory: 129024K Free: 98709K (77%)
----------------- Invoking toplevel() on ptolemy.moml.MoMLSimpleApplication@3408268f
----------------- Done invoking toplevel() on ptolemy.moml.MoMLSimpleApplication@3408268f
reloadAllAccessors: .Autocorrelation4

===========================================================================================
----------------- testing Wed Dec 11 06:47:21 UTC 2019 /home/travis/build/icyphy/ptII/ptolemy/domains/sdf/lib/test/auto/Autocorrelation5.xml
----------------- Instantiating /home/travis/build/icyphy/ptII/ptolemy/domains/sdf/lib/test/auto/Autocorrelation5.xml
31 ms. Memory: 129024K Free: 92242K (71%)
----------------- Invoking toplevel() on ptolemy.moml.MoMLSimpleApplication@330bf696
----------------- Done invoking toplevel() on ptolemy.moml.MoMLSimpleApplication@330bf696
reloadAllAccessors: .Autocorrelation5

===========================================================================================
----------------- testing Wed Dec 11 06:47:21 UTC 2019 /home/travis/build/icyphy/ptII/ptolemy/domains/sdf/lib/test/auto/BitsToInt.xml
----------------- Instantiating /home/travis/build/icyphy/ptII/ptolemy/domains/sdf/lib/test/auto/BitsToInt.xml
1 ms. Memory: 129024K Free: 88869K (69%)
----------------- Invoking toplevel() on ptolemy.moml.MoMLSimpleApplication@5563367
----------------- Done invoking toplevel() on ptolemy.moml.MoMLSimpleApplication@5563367
reloadAllAccessors: .BitsToInt

===========================================================================================
----------------- testing Wed Dec 11 06:47:21 UTC 2019 /home/travis/build/icyphy/ptII/ptolemy/domains/sdf/lib/test/auto/BooleanJoin.xml
----------------- Instantiating /home/travis/build/icyphy/ptII/ptolemy/domains/sdf/lib/test/auto/BooleanJoin.xml
4 ms. Memory: 129024K Free: 84757K (66%)
----------------- Invoking toplevel() on ptolemy.moml.MoMLSimpleApplication@6c0f7cc1
----------------- Done invoking toplevel() on ptolemy.moml.MoMLSimpleApplication@6c0f7cc1
reloadAllAccessors: .BooleanJoin

===========================================================================================
----------------- testing Wed Dec 11 06:47:21 UTC 2019 /home/travis/build/icyphy/ptII/ptolemy/domains/sdf/lib/test/auto/BootstrapSampleDelay.xml
----------------- Instantiating /home/travis/build/icyphy/ptII/ptolemy/domains/sdf/lib/test/auto/BootstrapSampleDelay.xml
9 ms. Memory: 129024K Free: 80978K (63%)
----------------- Invoking toplevel() on ptolemy.moml.MoMLSimpleApplication@6af6d1d2
----------------- Done invoking toplevel() on ptolemy.moml.MoMLSimpleApplication@6af6d1d2
reloadAllAccessors: .BootstrapSampleDelay

===========================================================================================
----------------- testing Wed Dec 11 06:47:21 UTC 2019 /home/travis/build/icyphy/ptII/ptolemy/domains/sdf/lib/test/auto/Chop.xml
----------------- Instantiating /home/travis/build/icyphy/ptII/ptolemy/domains/sdf/lib/test/auto/Chop.xml
8 ms. Memory: 129024K Free: 73477K (57%)
----------------- Invoking toplevel() on ptolemy.moml.MoMLSimpleApplication@7e560fdf
----------------- Done invoking toplevel() on ptolemy.moml.MoMLSimpleApplication@7e560fdf
reloadAllAccessors: .Chop

===========================================================================================
----------------- testing Wed Dec 11 06:47:21 UTC 2019 /home/travis/build/icyphy/ptII/ptolemy/domains/sdf/lib/test/auto/Chop2.xml
----------------- Instantiating /home/travis/build/icyphy/ptII/ptolemy/domains/sdf/lib/test/auto/Chop2.xml
5 ms. Memory: 129024K Free: 110200K (85%)
----------------- Invoking toplevel() on ptolemy.moml.MoMLSimpleApplication@74de31a2
----------------- Done invoking toplevel() on ptolemy.moml.MoMLSimpleApplication@74de31a2
reloadAllAccessors: .Chop2

===========================================================================================
----------------- testing Wed Dec 11 06:47:21 UTC 2019 /home/travis/build/icyphy/ptII/ptolemy/domains/sdf/lib/test/auto/ComplexJoin.xml
----------------- Instantiating /home/travis/build/icyphy/ptII/ptolemy/domains/sdf/lib/test/auto/ComplexJoin.xml
10 ms. Memory: 129024K Free: 105498K (82%)
----------------- Invoking toplevel() on ptolemy.moml.MoMLSimpleApplication@6265ca77
----------------- Done invoking toplevel() on ptolemy.moml.MoMLSimpleApplication@6265ca77
reloadAllAccessors: .ComplexJoin

===========================================================================================
----------------- testing Wed Dec 11 06:47:21 UTC 2019 /home/travis/build/icyphy/ptII/ptolemy/domains/sdf/lib/test/auto/CountTrues.xml
----------------- Instantiating /home/travis/build/icyphy/ptII/ptolemy/domains/sdf/lib/test/auto/CountTrues.xml
2 ms. Memory: 129024K Free: 102615K (80%)
----------------- Invoking toplevel() on ptolemy.moml.MoMLSimpleApplication@626d03fd
----------------- Done invoking toplevel() on ptolemy.moml.MoMLSimpleApplication@626d03fd
reloadAllAccessors: .CountTrues

===========================================================================================
----------------- testing Wed Dec 11 06:47:21 UTC 2019 /home/travis/build/icyphy/ptII/ptolemy/domains/sdf/lib/test/auto/DelayLine.xml
----------------- Instantiating /home/travis/build/icyphy/ptII/ptolemy/domains/sdf/lib/test/auto/DelayLine.xml
11 ms. Memory: 129024K Free: 97495K (76%)
----------------- Invoking toplevel() on ptolemy.moml.MoMLSimpleApplication@6ca3a4a6
----------------- Done invoking toplevel() on ptolemy.moml.MoMLSimpleApplication@6ca3a4a6
reloadAllAccessors: .DelayLine

===========================================================================================
----------------- testing Wed Dec 11 06:47:21 UTC 2019 /home/travis/build/icyphy/ptII/ptolemy/domains/sdf/lib/test/auto/DotProduct.xml
----------------- Instantiating /home/travis/build/icyphy/ptII/ptolemy/domains/sdf/lib/test/auto/DotProduct.xml
6 ms. Memory: 129024K Free: 94234K (73%)
----------------- Invoking toplevel() on ptolemy.moml.MoMLSimpleApplication@5648a54b
----------------- Done invoking toplevel() on ptolemy.moml.MoMLSimpleApplication@5648a54b
reloadAllAccessors: .DotProduct

===========================================================================================
----------------- testing Wed Dec 11 06:47:21 UTC 2019 /home/travis/build/icyphy/ptII/ptolemy/domains/sdf/lib/test/auto/DotProductMatrix.xml
----------------- Instantiating /home/travis/build/icyphy/ptII/ptolemy/domains/sdf/lib/test/auto/DotProductMatrix.xml
2 ms. Memory: 129024K Free: 91162K (71%)
----------------- Invoking toplevel() on ptolemy.moml.MoMLSimpleApplication@3122fde0
----------------- Done invoking toplevel() on ptolemy.moml.MoMLSimpleApplication@3122fde0
reloadAllAccessors: .DotProductMatrix

===========================================================================================
----------------- testing Wed Dec 11 06:47:21 UTC 2019 /home/travis/build/icyphy/ptII/ptolemy/domains/sdf/lib/test/auto/DownSample1.xml
----------------- Instantiating /home/travis/build/icyphy/ptII/ptolemy/domains/sdf/lib/test/auto/DownSample1.xml
5 ms. Memory: 129024K Free: 88263K (68%)
----------------- Invoking toplevel() on ptolemy.moml.MoMLSimpleApplication@2ef7ac4c
----------------- Done invoking toplevel() on ptolemy.moml.MoMLSimpleApplication@2ef7ac4c
reloadAllAccessors: .DownSample1

===========================================================================================
----------------- testing Wed Dec 11 06:47:21 UTC 2019 /home/travis/build/icyphy/ptII/ptolemy/domains/sdf/lib/test/auto/DynamicRateChange.xml
----------------- Instantiating /home/travis/build/icyphy/ptII/ptolemy/domains/sdf/lib/test/auto/DynamicRateChange.xml
16 ms. Memory: 129024K Free: 82552K (64%)
----------------- Invoking toplevel() on ptolemy.moml.MoMLSimpleApplication@74c8da65
----------------- Done invoking toplevel() on ptolemy.moml.MoMLSimpleApplication@74c8da65
reloadAllAccessors: .DynamicRateChange

===========================================================================================
----------------- testing Wed Dec 11 06:47:21 UTC 2019 /home/travis/build/icyphy/ptII/ptolemy/domains/sdf/lib/test/auto/DynamicRates.xml
----------------- Instantiating /home/travis/build/icyphy/ptII/ptolemy/domains/sdf/lib/test/auto/DynamicRates.xml
17 ms. Memory: 129024K Free: 77432K (60%)
----------------- Invoking toplevel() on ptolemy.moml.MoMLSimpleApplication@6b427f11
----------------- Done invoking toplevel() on ptolemy.moml.MoMLSimpleApplication@6b427f11
reloadAllAccessors: .DynamicRates

===========================================================================================
----------------- testing Wed Dec 11 06:47:22 UTC 2019 /home/travis/build/icyphy/ptII/ptolemy/domains/sdf/lib/test/auto/FFT1.xml
----------------- Instantiating /home/travis/build/icyphy/ptII/ptolemy/domains/sdf/lib/test/auto/FFT1.xml
12 ms. Memory: 129024K Free: 72933K (57%)
----------------- Invoking toplevel() on ptolemy.moml.MoMLSimpleApplication@66d1c7c2
----------------- Done invoking toplevel() on ptolemy.moml.MoMLSimpleApplication@66d1c7c2
reloadAllAccessors: .FFT1

===========================================================================================
----------------- testing Wed Dec 11 06:47:22 UTC 2019 /home/travis/build/icyphy/ptII/ptolemy/domains/sdf/lib/test/auto/FIR1.xml
----------------- Instantiating /home/travis/build/icyphy/ptII/ptolemy/domains/sdf/lib/test/auto/FIR1.xml
16 ms. Memory: 129024K Free: 65765K (51%)
----------------- Invoking toplevel() on ptolemy.moml.MoMLSimpleApplication@600d7139
----------------- Done invoking toplevel() on ptolemy.moml.MoMLSimpleApplication@600d7139
reloadAllAccessors: .FIR1

===========================================================================================
----------------- testing Wed Dec 11 06:47:22 UTC 2019 /home/travis/build/icyphy/ptII/ptolemy/domains/sdf/lib/test/auto/FIR2.xml
----------------- Instantiating /home/travis/build/icyphy/ptII/ptolemy/domains/sdf/lib/test/auto/FIR2.xml
7 ms. Memory: 129024K Free: 62490K (48%)
----------------- Invoking toplevel() on ptolemy.moml.MoMLSimpleApplication@398068c7
----------------- Done invoking toplevel() on ptolemy.moml.MoMLSimpleApplication@398068c7
reloadAllAccessors: .FIR2

===========================================================================================
----------------- testing Wed Dec 11 06:47:22 UTC 2019 /home/travis/build/icyphy/ptII/ptolemy/domains/sdf/lib/test/auto/FIR4.xml
----------------- Instantiating /home/travis/build/icyphy/ptII/ptolemy/domains/sdf/lib/test/auto/FIR4.xml
6 ms. Memory: 129024K Free: 54910K (43%)
----------------- Invoking toplevel() on ptolemy.moml.MoMLSimpleApplication@182b3b5e
----------------- Done invoking toplevel() on ptolemy.moml.MoMLSimpleApplication@182b3b5e
reloadAllAccessors: .FIR4

===========================================================================================
----------------- testing Wed Dec 11 06:47:22 UTC 2019 /home/travis/build/icyphy/ptII/ptolemy/domains/sdf/lib/test/auto/FixJoin.xml
----------------- Instantiating /home/travis/build/icyphy/ptII/ptolemy/domains/sdf/lib/test/auto/FixJoin.xml
4 ms. Memory: 129024K Free: 111842K (87%)
----------------- Invoking toplevel() on ptolemy.moml.MoMLSimpleApplication@537ef56e
----------------- Done invoking toplevel() on ptolemy.moml.MoMLSimpleApplication@537ef56e
reloadAllAccessors: .FixJoin

===========================================================================================
----------------- testing Wed Dec 11 06:47:22 UTC 2019 /home/travis/build/icyphy/ptII/ptolemy/domains/sdf/lib/test/auto/IntJoin1.xml
----------------- Instantiating /home/travis/build/icyphy/ptII/ptolemy/domains/sdf/lib/test/auto/IntJoin1.xml
3 ms. Memory: 129024K Free: 107166K (83%)
----------------- Invoking toplevel() on ptolemy.moml.MoMLSimpleApplication@2f47491
----------------- Done invoking toplevel() on ptolemy.moml.MoMLSimpleApplication@2f47491
reloadAllAccessors: .IntJoin1

===========================================================================================
----------------- testing Wed Dec 11 06:47:22 UTC 2019 /home/travis/build/icyphy/ptII/ptolemy/domains/sdf/lib/test/auto/IntJoin2.xml
----------------- Instantiating /home/travis/build/icyphy/ptII/ptolemy/domains/sdf/lib/test/auto/IntJoin2.xml
6 ms. Memory: 129024K Free: 103070K (80%)
----------------- Invoking toplevel() on ptolemy.moml.MoMLSimpleApplication@732ef1c1
----------------- Done invoking toplevel() on ptolemy.moml.MoMLSimpleApplication@732ef1c1
reloadAllAccessors: .IntJoin2

===========================================================================================
----------------- testing Wed Dec 11 06:47:22 UTC 2019 /home/travis/build/icyphy/ptII/ptolemy/domains/sdf/lib/test/auto/IntJoin3.xml
----------------- Instantiating /home/travis/build/icyphy/ptII/ptolemy/domains/sdf/lib/test/auto/IntJoin3.xml
4 ms. Memory: 129024K Free: 98396K (76%)
----------------- Invoking toplevel() on ptolemy.moml.MoMLSimpleApplication@4d35e580
----------------- Done invoking toplevel() on ptolemy.moml.MoMLSimpleApplication@4d35e580
reloadAllAccessors: .IntJoin3

===========================================================================================
----------------- testing Wed Dec 11 06:47:22 UTC 2019 /home/travis/build/icyphy/ptII/ptolemy/domains/sdf/lib/test/auto/IntJoin4.xml
----------------- Instantiating /home/travis/build/icyphy/ptII/ptolemy/domains/sdf/lib/test/auto/IntJoin4.xml
4 ms. Memory: 129024K Free: 94300K (73%)
----------------- Invoking toplevel() on ptolemy.moml.MoMLSimpleApplication@5346baa1
----------------- Done invoking toplevel() on ptolemy.moml.MoMLSimpleApplication@5346baa1
reloadAllAccessors: .IntJoin4

===========================================================================================
----------------- testing Wed Dec 11 06:47:22 UTC 2019 /home/travis/build/icyphy/ptII/ptolemy/domains/sdf/lib/test/auto/IntJoin5.xml
----------------- Instantiating /home/travis/build/icyphy/ptII/ptolemy/domains/sdf/lib/test/auto/IntJoin5.xml
2 ms. Memory: 129024K Free: 89744K (70%)
----------------- Invoking toplevel() on ptolemy.moml.MoMLSimpleApplication@1203a54d
----------------- Done invoking toplevel() on ptolemy.moml.MoMLSimpleApplication@1203a54d
reloadAllAccessors: .IntJoin5

===========================================================================================
----------------- testing Wed Dec 11 06:47:22 UTC 2019 /home/travis/build/icyphy/ptII/ptolemy/domains/sdf/lib/test/auto/IntToBits.xml
----------------- Instantiating /home/travis/build/icyphy/ptII/ptolemy/domains/sdf/lib/test/auto/IntToBits.xml
8 ms. Memory: 129024K Free: 86664K (67%)
----------------- Invoking toplevel() on ptolemy.moml.MoMLSimpleApplication@5f9421de
----------------- Done invoking toplevel() on ptolemy.moml.MoMLSimpleApplication@5f9421de
reloadAllAccessors: .IntToBits

===========================================================================================
----------------- testing Wed Dec 11 06:47:22 UTC 2019 /home/travis/build/icyphy/ptII/ptolemy/domains/sdf/lib/test/auto/LMSAdaptive.xml
----------------- Instantiating /home/travis/build/icyphy/ptII/ptolemy/domains/sdf/lib/test/auto/LMSAdaptive.xml
10 ms. Memory: 129024K Free: 78034K (60%)
----------------- Invoking toplevel() on ptolemy.moml.MoMLSimpleApplication@77ad30e4
----------------- Done invoking toplevel() on ptolemy.moml.MoMLSimpleApplication@77ad30e4
reloadAllAccessors: .LMSAdaptive

===========================================================================================
----------------- testing Wed Dec 11 06:47:22 UTC 2019 /home/travis/build/icyphy/ptII/ptolemy/domains/sdf/lib/test/auto/LMSAdaptiveFIR.xml
----------------- Instantiating /home/travis/build/icyphy/ptII/ptolemy/domains/sdf/lib/test/auto/LMSAdaptiveFIR.xml
259 ms. Memory: 155648K Free: 135891K (87%)
----------------- Invoking toplevel() on ptolemy.moml.MoMLSimpleApplication@3a42c3b9
----------------- Done invoking toplevel() on ptolemy.moml.MoMLSimpleApplication@3a42c3b9
reloadAllAccessors: .LMSAdaptiveFIR

===========================================================================================
----------------- testing Wed Dec 11 06:47:22 UTC 2019 /home/travis/build/icyphy/ptII/ptolemy/domains/sdf/lib/test/auto/LMSAdaptiveFIR2.xml
----------------- Instantiating /home/travis/build/icyphy/ptII/ptolemy/domains/sdf/lib/test/auto/LMSAdaptiveFIR2.xml
373 ms. Memory: 155648K Free: 76989K (49%)
----------------- Invoking toplevel() on ptolemy.moml.MoMLSimpleApplication@4bcd02df
----------------- Done invoking toplevel() on ptolemy.moml.MoMLSimpleApplication@4bcd02df
reloadAllAccessors: .LMSAdaptiveFIR2

===========================================================================================
----------------- testing Wed Dec 11 06:47:23 UTC 2019 /home/travis/build/icyphy/ptII/ptolemy/domains/sdf/lib/test/auto/LongJoin.xml
----------------- Instantiating /home/travis/build/icyphy/ptII/ptolemy/domains/sdf/lib/test/auto/LongJoin.xml
10 ms. Memory: 155648K Free: 72893K (47%)
----------------- Invoking toplevel() on ptolemy.moml.MoMLSimpleApplication@2184b0e0
----------------- Done invoking toplevel() on ptolemy.moml.MoMLSimpleApplication@2184b0e0
reloadAllAccessors: .LongJoin

===========================================================================================
----------------- testing Wed Dec 11 06:47:23 UTC 2019 /home/travis/build/icyphy/ptII/ptolemy/domains/sdf/lib/test/auto/Matrix1.xml
----------------- Instantiating /home/travis/build/icyphy/ptII/ptolemy/domains/sdf/lib/test/auto/Matrix1.xml
3 ms. Memory: 155648K Free: 68797K (44%)
----------------- Invoking toplevel() on ptolemy.moml.MoMLSimpleApplication@5efd59f4
----------------- Done invoking toplevel() on ptolemy.moml.MoMLSimpleApplication@5efd59f4
reloadAllAccessors: .Matrix1

===========================================================================================
----------------- testing Wed Dec 11 06:47:23 UTC 2019 /home/travis/build/icyphy/ptII/ptolemy/domains/sdf/lib/test/auto/Matrix2.xml
----------------- Instantiating /home/travis/build/icyphy/ptII/ptolemy/domains/sdf/lib/test/auto/Matrix2.xml
4 ms. Memory: 155648K Free: 64701K (42%)
----------------- Invoking toplevel() on ptolemy.moml.MoMLSimpleApplication@fdc9036
----------------- Done invoking toplevel() on ptolemy.moml.MoMLSimpleApplication@fdc9036
reloadAllAccessors: .Matrix2

===========================================================================================
----------------- testing Wed Dec 11 06:47:23 UTC 2019 /home/travis/build/icyphy/ptII/ptolemy/domains/sdf/lib/test/auto/MatrixJoin1.xml
----------------- Instantiating /home/travis/build/icyphy/ptII/ptolemy/domains/sdf/lib/test/auto/MatrixJoin1.xml
10 ms. Memory: 155648K Free: 139590K (90%)
----------------- Invoking toplevel() on ptolemy.moml.MoMLSimpleApplication@4a5bcdb2
----------------- Done invoking toplevel() on ptolemy.moml.MoMLSimpleApplication@4a5bcdb2
reloadAllAccessors: .MatrixJoin1

===========================================================================================
----------------- testing Wed Dec 11 06:47:23 UTC 2019 /home/travis/build/icyphy/ptII/ptolemy/domains/sdf/lib/test/auto/MatrixJoin2.xml
----------------- Instantiating /home/travis/build/icyphy/ptII/ptolemy/domains/sdf/lib/test/auto/MatrixJoin2.xml
2 ms. Memory: 155648K Free: 134470K (86%)
----------------- Invoking toplevel() on ptolemy.moml.MoMLSimpleApplication@4ec2c6fc
----------------- Done invoking toplevel() on ptolemy.moml.MoMLSimpleApplication@4ec2c6fc
reloadAllAccessors: .MatrixJoin2

===========================================================================================
----------------- testing Wed Dec 11 06:47:23 UTC 2019 /home/travis/build/icyphy/ptII/ptolemy/domains/sdf/lib/test/auto/MatrixJoin3.xml
----------------- Instantiating /home/travis/build/icyphy/ptII/ptolemy/domains/sdf/lib/test/auto/MatrixJoin3.xml
4 ms. Memory: 155648K Free: 129864K (83%)
----------------- Invoking toplevel() on ptolemy.moml.MoMLSimpleApplication@6c6aa68
----------------- Done invoking toplevel() on ptolemy.moml.MoMLSimpleApplication@6c6aa68
reloadAllAccessors: .MatrixJoin3

===========================================================================================
----------------- testing Wed Dec 11 06:47:23 UTC 2019 /home/travis/build/icyphy/ptII/ptolemy/domains/sdf/lib/test/auto/MatrixJoin4.xml
----------------- Instantiating /home/travis/build/icyphy/ptII/ptolemy/domains/sdf/lib/test/auto/MatrixJoin4.xml
2 ms. Memory: 155648K Free: 125768K (81%)
----------------- Invoking toplevel() on ptolemy.moml.MoMLSimpleApplication@35d90939
----------------- Done invoking toplevel() on ptolemy.moml.MoMLSimpleApplication@35d90939
reloadAllAccessors: .MatrixJoin4

===========================================================================================
----------------- testing Wed Dec 11 06:47:23 UTC 2019 /home/travis/build/icyphy/ptII/ptolemy/domains/sdf/lib/test/auto/MatrixJoin5.xml
----------------- Instantiating /home/travis/build/icyphy/ptII/ptolemy/domains/sdf/lib/test/auto/MatrixJoin5.xml
1 ms. Memory: 155648K Free: 121158K (78%)
----------------- Invoking toplevel() on ptolemy.moml.MoMLSimpleApplication@1c1bf873
----------------- Done invoking toplevel() on ptolemy.moml.MoMLSimpleApplication@1c1bf873
reloadAllAccessors: .MatrixJoin5

===========================================================================================
----------------- testing Wed Dec 11 06:47:23 UTC 2019 /home/travis/build/icyphy/ptII/ptolemy/domains/sdf/lib/test/auto/MatrixSplit1.xml
----------------- Instantiating /home/travis/build/icyphy/ptII/ptolemy/domains/sdf/lib/test/auto/MatrixSplit1.xml
3 ms. Memory: 155648K Free: 116038K (75%)
----------------- Invoking toplevel() on ptolemy.moml.MoMLSimpleApplication@3460716c
----------------- Done invoking toplevel() on ptolemy.moml.MoMLSimpleApplication@3460716c
reloadAllAccessors: .MatrixSplit1

===========================================================================================
----------------- testing Wed Dec 11 06:47:23 UTC 2019 /home/travis/build/icyphy/ptII/ptolemy/domains/sdf/lib/test/auto/MatrixSplit10.xml
----------------- Instantiating /home/travis/build/icyphy/ptII/ptolemy/domains/sdf/lib/test/auto/MatrixSplit10.xml
2 ms. Memory: 155648K Free: 112456K (72%)
----------------- Invoking toplevel() on ptolemy.moml.MoMLSimpleApplication@2c855e7f
----------------- Done invoking toplevel() on ptolemy.moml.MoMLSimpleApplication@2c855e7f
reloadAllAccessors: .MatrixSplit10

===========================================================================================
----------------- testing Wed Dec 11 06:47:23 UTC 2019 /home/travis/build/icyphy/ptII/ptolemy/domains/sdf/lib/test/auto/MatrixSplit11.xml
----------------- Instantiating /home/travis/build/icyphy/ptII/ptolemy/domains/sdf/lib/test/auto/MatrixSplit11.xml
1 ms. Memory: 155648K Free: 108870K (70%)
----------------- Invoking toplevel() on ptolemy.moml.MoMLSimpleApplication@743d6d7b
----------------- Done invoking toplevel() on ptolemy.moml.MoMLSimpleApplication@743d6d7b
reloadAllAccessors: .MatrixSplit11

===========================================================================================
----------------- testing Wed Dec 11 06:47:23 UTC 2019 /home/travis/build/icyphy/ptII/ptolemy/domains/sdf/lib/test/auto/MatrixSplit12.xml
----------------- Instantiating /home/travis/build/icyphy/ptII/ptolemy/domains/sdf/lib/test/auto/MatrixSplit12.xml
2 ms. Memory: 155648K Free: 105288K (68%)
----------------- Invoking toplevel() on ptolemy.moml.MoMLSimpleApplication@424a55f4
----------------- Done invoking toplevel() on ptolemy.moml.MoMLSimpleApplication@424a55f4
reloadAllAccessors: .MatrixSplit12

===========================================================================================
----------------- testing Wed Dec 11 06:47:23 UTC 2019 /home/travis/build/icyphy/ptII/ptolemy/domains/sdf/lib/test/auto/MatrixSplit13.xml
----------------- Instantiating /home/travis/build/icyphy/ptII/ptolemy/domains/sdf/lib/test/auto/MatrixSplit13.xml
5 ms. Memory: 155648K Free: 101702K (65%)
----------------- Invoking toplevel() on ptolemy.moml.MoMLSimpleApplication@526c7cc
----------------- Done invoking toplevel() on ptolemy.moml.MoMLSimpleApplication@526c7cc
reloadAllAccessors: .MatrixSplit13

===========================================================================================
----------------- testing Wed Dec 11 06:47:23 UTC 2019 /home/travis/build/icyphy/ptII/ptolemy/domains/sdf/lib/test/auto/MatrixSplit14.xml
----------------- Instantiating /home/travis/build/icyphy/ptII/ptolemy/domains/sdf/lib/test/auto/MatrixSplit14.xml
1 ms. Memory: 155648K Free: 98120K (63%)
----------------- Invoking toplevel() on ptolemy.moml.MoMLSimpleApplication@697351b8
----------------- Done invoking toplevel() on ptolemy.moml.MoMLSimpleApplication@697351b8
reloadAllAccessors: .MatrixSplit14

===========================================================================================
----------------- testing Wed Dec 11 06:47:23 UTC 2019 /home/travis/build/icyphy/ptII/ptolemy/domains/sdf/lib/test/auto/MatrixSplit2.xml
----------------- Instantiating /home/travis/build/icyphy/ptII/ptolemy/domains/sdf/lib/test/auto/MatrixSplit2.xml
2 ms. Memory: 155648K Free: 94534K (61%)
----------------- Invoking toplevel() on ptolemy.moml.MoMLSimpleApplication@6491cd43
----------------- Done invoking toplevel() on ptolemy.moml.MoMLSimpleApplication@6491cd43
reloadAllAccessors: .MatrixSplit2

===========================================================================================
----------------- testing Wed Dec 11 06:47:23 UTC 2019 /home/travis/build/icyphy/ptII/ptolemy/domains/sdf/lib/test/auto/MatrixSplit3.xml
----------------- Instantiating /home/travis/build/icyphy/ptII/ptolemy/domains/sdf/lib/test/auto/MatrixSplit3.xml
3 ms. Memory: 155648K Free: 90952K (58%)
----------------- Invoking toplevel() on ptolemy.moml.MoMLSimpleApplication@5cde204d
----------------- Done invoking toplevel() on ptolemy.moml.MoMLSimpleApplication@5cde204d
reloadAllAccessors: .MatrixSplit3

===========================================================================================
----------------- testing Wed Dec 11 06:47:23 UTC 2019 /home/travis/build/icyphy/ptII/ptolemy/domains/sdf/lib/test/auto/MatrixSplit4.xml
----------------- Instantiating /home/travis/build/icyphy/ptII/ptolemy/domains/sdf/lib/test/auto/MatrixSplit4.xml
2 ms. Memory: 155648K Free: 87366K (56%)
----------------- Invoking toplevel() on ptolemy.moml.MoMLSimpleApplication@74765bd0
----------------- Done invoking toplevel() on ptolemy.moml.MoMLSimpleApplication@74765bd0
reloadAllAccessors: .MatrixSplit4

===========================================================================================
----------------- testing Wed Dec 11 06:47:23 UTC 2019 /home/travis/build/icyphy/ptII/ptolemy/domains/sdf/lib/test/auto/MatrixSplit5.xml
----------------- Instantiating /home/travis/build/icyphy/ptII/ptolemy/domains/sdf/lib/test/auto/MatrixSplit5.xml
8 ms. Memory: 155648K Free: 83784K (54%)
----------------- Invoking toplevel() on ptolemy.moml.MoMLSimpleApplication@1a46c572
----------------- Done invoking toplevel() on ptolemy.moml.MoMLSimpleApplication@1a46c572
reloadAllAccessors: .MatrixSplit5

===========================================================================================
----------------- testing Wed Dec 11 06:47:23 UTC 2019 /home/travis/build/icyphy/ptII/ptolemy/domains/sdf/lib/test/auto/MatrixSplit6.xml
----------------- Instantiating /home/travis/build/icyphy/ptII/ptolemy/domains/sdf/lib/test/auto/MatrixSplit6.xml
2 ms. Memory: 155648K Free: 80198K (52%)
----------------- Invoking toplevel() on ptolemy.moml.MoMLSimpleApplication@4dc69435
----------------- Done invoking toplevel() on ptolemy.moml.MoMLSimpleApplication@4dc69435
reloadAllAccessors: .MatrixSplit6

===========================================================================================
----------------- testing Wed Dec 11 06:47:23 UTC 2019 /home/travis/build/icyphy/ptII/ptolemy/domains/sdf/lib/test/auto/MatrixSplit7.xml
----------------- Instantiating /home/travis/build/icyphy/ptII/ptolemy/domains/sdf/lib/test/auto/MatrixSplit7.xml
2 ms. Memory: 155648K Free: 76616K (49%)
----------------- Invoking toplevel() on ptolemy.moml.MoMLSimpleApplication@131f032c
----------------- Done invoking toplevel() on ptolemy.moml.MoMLSimpleApplication@131f032c
reloadAllAccessors: .MatrixSplit7

===========================================================================================
----------------- testing Wed Dec 11 06:47:23 UTC 2019 /home/travis/build/icyphy/ptII/ptolemy/domains/sdf/lib/test/auto/MatrixSplit8.xml
----------------- Instantiating /home/travis/build/icyphy/ptII/ptolemy/domains/sdf/lib/test/auto/MatrixSplit8.xml
1 ms. Memory: 155648K Free: 73030K (47%)
----------------- Invoking toplevel() on ptolemy.moml.MoMLSimpleApplication@78cadc7e
----------------- Done invoking toplevel() on ptolemy.moml.MoMLSimpleApplication@78cadc7e
reloadAllAccessors: .MatrixSplit8

===========================================================================================
----------------- testing Wed Dec 11 06:47:23 UTC 2019 /home/travis/build/icyphy/ptII/ptolemy/domains/sdf/lib/test/auto/MatrixSplit9.xml
----------------- Instantiating /home/travis/build/icyphy/ptII/ptolemy/domains/sdf/lib/test/auto/MatrixSplit9.xml
1 ms. Memory: 155648K Free: 69448K (45%)
----------------- Invoking toplevel() on ptolemy.moml.MoMLSimpleApplication@52efb0d1
----------------- Done invoking toplevel() on ptolemy.moml.MoMLSimpleApplication@52efb0d1
reloadAllAccessors: .MatrixSplit9

===========================================================================================
----------------- testing Wed Dec 11 06:47:23 UTC 2019 /home/travis/build/icyphy/ptII/ptolemy/domains/sdf/lib/test/auto/MatrixToSequence.xml
----------------- Instantiating /home/travis/build/icyphy/ptII/ptolemy/domains/sdf/lib/test/auto/MatrixToSequence.xml
10 ms. Memory: 155648K Free: 60232K (39%)
----------------- Invoking toplevel() on ptolemy.moml.MoMLSimpleApplication@544289ef
----------------- Done invoking toplevel() on ptolemy.moml.MoMLSimpleApplication@544289ef
reloadAllAccessors: .MatrixToSequence

===========================================================================================
----------------- testing Wed Dec 11 06:47:23 UTC 2019 /home/travis/build/icyphy/ptII/ptolemy/domains/sdf/lib/test/auto/MaximumEntropySpectrum.xml
----------------- Instantiating /home/travis/build/icyphy/ptII/ptolemy/domains/sdf/lib/test/auto/MaximumEntropySpectrum.xml
14 ms. Memory: 155648K Free: 122881K (79%)
----------------- Invoking toplevel() on ptolemy.moml.MoMLSimpleApplication@13480d36
----------------- Done invoking toplevel() on ptolemy.moml.MoMLSimpleApplication@13480d36
reloadAllAccessors: .MaximumEntropySpectrum

===========================================================================================
----------------- testing Wed Dec 11 06:47:23 UTC 2019 /home/travis/build/icyphy/ptII/ptolemy/domains/sdf/lib/test/auto/SampleDelayConversion.xml
----------------- Instantiating /home/travis/build/icyphy/ptII/ptolemy/domains/sdf/lib/test/auto/SampleDelayConversion.xml
2 ms. Memory: 155648K Free: 118785K (76%)
----------------- Invoking toplevel() on ptolemy.moml.MoMLSimpleApplication@3202016c
----------------- Done invoking toplevel() on ptolemy.moml.MoMLSimpleApplication@3202016c
reloadAllAccessors: .SampleDelayConversion

===========================================================================================
----------------- testing Wed Dec 11 06:47:23 UTC 2019 /home/travis/build/icyphy/ptII/ptolemy/domains/sdf/lib/test/auto/SequenceToArray.xml
----------------- Instantiating /home/travis/build/icyphy/ptII/ptolemy/domains/sdf/lib/test/auto/SequenceToArray.xml
8 ms. Memory: 155648K Free: 108035K (69%)
----------------- Invoking toplevel() on ptolemy.moml.MoMLSimpleApplication@24492d43
----------------- Done invoking toplevel() on ptolemy.moml.MoMLSimpleApplication@24492d43
reloadAllAccessors: .SequenceToArray

===========================================================================================
----------------- testing Wed Dec 11 06:47:23 UTC 2019 /home/travis/build/icyphy/ptII/ptolemy/domains/sdf/lib/test/auto/SequenceToMatrix.xml
----------------- Instantiating /home/travis/build/icyphy/ptII/ptolemy/domains/sdf/lib/test/auto/SequenceToMatrix.xml
2958 ms. Memory: 155648K Free: 117513K (75%)
----------------- Invoking toplevel() on ptolemy.moml.MoMLSimpleApplication@120d60eb
----------------- Done invoking toplevel() on ptolemy.moml.MoMLSimpleApplication@120d60eb
reloadAllAccessors: .SequenceToMatrix

===========================================================================================
----------------- testing Wed Dec 11 06:47:26 UTC 2019 /home/travis/build/icyphy/ptII/ptolemy/domains/sdf/lib/test/auto/SmoothedPeriodogram.xml
----------------- Instantiating /home/travis/build/icyphy/ptII/ptolemy/domains/sdf/lib/test/auto/SmoothedPeriodogram.xml
15 ms. Memory: 155648K Free: 102151K (66%)
----------------- Invoking toplevel() on ptolemy.moml.MoMLSimpleApplication@36c33d03
----------------- Done invoking toplevel() on ptolemy.moml.MoMLSimpleApplication@36c33d03
reloadAllAccessors: .SmoothedPeriodogram

===========================================================================================
----------------- testing Wed Dec 11 06:47:26 UTC 2019 /home/travis/build/icyphy/ptII/ptolemy/domains/sdf/lib/test/auto/UpDownSample1.xml
----------------- Instantiating /home/travis/build/icyphy/ptII/ptolemy/domains/sdf/lib/test/auto/UpDownSample1.xml
5 ms. Memory: 155648K Free: 98057K (63%)
----------------- Invoking toplevel() on ptolemy.moml.MoMLSimpleApplication@574a9998
----------------- Done invoking toplevel() on ptolemy.moml.MoMLSimpleApplication@574a9998
reloadAllAccessors: .UpDownSample1

===========================================================================================
----------------- testing Wed Dec 11 06:47:27 UTC 2019 /home/travis/build/icyphy/ptII/ptolemy/domains/sdf/lib/test/auto/UpSample1.xml
----------------- Instantiating /home/travis/build/icyphy/ptII/ptolemy/domains/sdf/lib/test/auto/UpSample1.xml
2 ms. Memory: 155648K Free: 94471K (61%)
----------------- Invoking toplevel() on ptolemy.moml.MoMLSimpleApplication@15fe2fb6
----------------- Done invoking toplevel() on ptolemy.moml.MoMLSimpleApplication@15fe2fb6
reloadAllAccessors: .UpSample1

===========================================================================================
----------------- testing Wed Dec 11 06:47:27 UTC 2019 /home/travis/build/icyphy/ptII/ptolemy/domains/sdf/lib/test/auto/VariableFIR.xml
----------------- Instantiating /home/travis/build/icyphy/ptII/ptolemy/domains/sdf/lib/test/auto/VariableFIR.xml
3 ms. Memory: 155648K Free: 89351K (57%)
----------------- Invoking toplevel() on ptolemy.moml.MoMLSimpleApplication@7492ba68
----------------- Done invoking toplevel() on ptolemy.moml.MoMLSimpleApplication@7492ba68
reloadAllAccessors: .VariableFIR

===========================================================================================
----------------- testing Wed Dec 11 06:47:27 UTC 2019 /home/travis/build/icyphy/ptII/ptolemy/domains/sdf/lib/test/auto/VariableFIR2.xml
----------------- Instantiating /home/travis/build/icyphy/ptII/ptolemy/domains/sdf/lib/test/auto/VariableFIR2.xml
4 ms. Memory: 155648K Free: 84201K (54%)
----------------- Invoking toplevel() on ptolemy.moml.MoMLSimpleApplication@287d3c2b
----------------- Done invoking toplevel() on ptolemy.moml.MoMLSimpleApplication@287d3c2b
reloadAllAccessors: .VariableFIR2

===========================================================================================
----------------- testing Wed Dec 11 06:47:27 UTC 2019 /home/travis/build/icyphy/ptII/ptolemy/domains/sdf/lib/test/auto/VariableLattice.xml
----------------- Instantiating /home/travis/build/icyphy/ptII/ptolemy/domains/sdf/lib/test/auto/VariableLattice.xml
7 ms. Memory: 155648K Free: 78087K (50%)
----------------- Invoking toplevel() on ptolemy.moml.MoMLSimpleApplication@37f1747d
----------------- Done invoking toplevel() on ptolemy.moml.MoMLSimpleApplication@37f1747d
reloadAllAccessors: .VariableLattice

===========================================================================================
----------------- testing Wed Dec 11 06:47:27 UTC 2019 /home/travis/build/icyphy/ptII/ptolemy/domains/sdf/lib/test/auto/VariableLattice2.xml
----------------- Instantiating /home/travis/build/icyphy/ptII/ptolemy/domains/sdf/lib/test/auto/VariableLattice2.xml
1.0
-1.999999602036
1.9099998677481
-0.9099996420674
0.205
0.0
0.0
1.0
-0.25
-0.5
0.0
0.0
0.0
0.0
4 ms. Memory: 155648K Free: 73481K (47%)
----------------- Invoking toplevel() on ptolemy.moml.MoMLSimpleApplication@5e269545
----------------- Done invoking toplevel() on ptolemy.moml.MoMLSimpleApplication@5e269545
reloadAllAccessors: .VariableLattice2

===========================================================================================
----------------- testing Wed Dec 11 06:47:27 UTC 2019 /home/travis/build/icyphy/ptII/ptolemy/domains/sdf/lib/test/auto/VariableRecursiveLattice.xml
----------------- Instantiating /home/travis/build/icyphy/ptII/ptolemy/domains/sdf/lib/test/auto/VariableRecursiveLattice.xml
3 ms. Memory: 155648K Free: 68871K (44%)
----------------- Invoking toplevel() on ptolemy.moml.MoMLSimpleApplication@7902ebe2
----------------- Done invoking toplevel() on ptolemy.moml.MoMLSimpleApplication@7902ebe2
reloadAllAccessors: .VariableRecursiveLattice

===========================================================================================
----------------- testing Wed Dec 11 06:47:27 UTC 2019 /home/travis/build/icyphy/ptII/ptolemy/domains/sdf/lib/test/auto/VariableRecursiveLattice2.xml
----------------- Instantiating /home/travis/build/icyphy/ptII/ptolemy/domains/sdf/lib/test/auto/VariableRecursiveLattice2.xml
3 ms. Memory: 155648K Free: 64775K (42%)
----------------- Invoking toplevel() on ptolemy.moml.MoMLSimpleApplication@70190bdc
----------------- Done invoking toplevel() on ptolemy.moml.MoMLSimpleApplication@70190bdc
reloadAllAccessors: .VariableRecursiveLattice2
AutoTests.java: About to close Vertx.
AutoTests.java: Vertx closed.
]]></system-out>
  <system-err><![CDATA[]]></system-err>
</testsuite>
