<?xml version="1.0" encoding="UTF-8" ?>
<testsuite errors="0" failures="0" hostname="travis-job-336dfc27-2c76-4d19-a74f-f93f85105351" name="ptolemy.domains.de.test.junit.JUnitTclTest" skipped="0" tests="101" time="129.657" timestamp="2018-08-23T01:59:14">
  <properties>
[...]
</properties>
  <testcase classname="ptolemy.util.test.junit.TclTests" name="[0] /home/travis/build/icyphy/ptII/ptolemy/domains/de/test/DependencyLoop.tcl (RunTclFile)" time="0.724" />
  <testcase classname="ptolemy.util.test.junit.TclTests" name="[1] /home/travis/build/icyphy/ptII/ptolemy/domains/de/test/RunDETestsAsQSS.tcl (RunTclFile)" time="88.829" />
  <testcase classname="ptolemy.util.test.junit.AutoKnownFailedTests" name="[0] /home/travis/build/icyphy/ptII/ptolemy/domains/de/test/auto/knownFailedTests/DESDFClockTest.xml (RunModel)" time="2.04" />
  <testcase classname="ptolemy.util.test.junit.AutoKnownFailedTests" name="[1] /home/travis/build/icyphy/ptII/ptolemy/domains/de/test/auto/knownFailedTests/DirectFeedback.xml (RunModel)" time="0.02" />
  <testcase classname="ptolemy.util.test.junit.AutoKnownFailedTests" name="[2] /home/travis/build/icyphy/ptII/ptolemy/domains/de/test/auto/knownFailedTests/FSMSource.xml (RunModel)" time="0.032" />
  <testcase classname="ptolemy.util.test.junit.AutoKnownFailedTests" name="[3] /home/travis/build/icyphy/ptII/ptolemy/domains/de/test/auto/knownFailedTests/HierarchicalModel.xml (RunModel)" time="0.04" />
  <testcase classname="ptolemy.util.test.junit.AutoKnownFailedTests" name="[4] /home/travis/build/icyphy/ptII/ptolemy/domains/de/test/auto/knownFailedTests/dependencyLoop.xml (RunModel)" time="0.039" />
  <testcase classname="ptolemy.util.test.junit.AutoKnownFailedTests" name="[5] /home/travis/build/icyphy/ptII/ptolemy/domains/de/test/auto/knownFailedTests/dependencyLoop2.xml (RunModel)" time="0.037" />
  <testcase classname="ptolemy.util.test.junit.AutoNameArchTests" name="[0] ThereAreNoAutoArchTests (RunModel)" time="0.005" />
  <testcase classname="ptolemy.util.test.junit.AutoTests" name="[0] /home/travis/build/icyphy/ptII/ptolemy/domains/de/test/auto/ActorDepthCalculation_actorWithoutPorts.xml (RunModel)" time="0.034" />
  <testcase classname="ptolemy.util.test.junit.AutoTests" name="[1] /home/travis/build/icyphy/ptII/ptolemy/domains/de/test/auto/AssemblyLine.xml (RunModel)" time="0.019" />
  <testcase classname="ptolemy.util.test.junit.AutoTests" name="[2] /home/travis/build/icyphy/ptII/ptolemy/domains/de/test/auto/CQBug1.xml (RunModel)" time="0.009" />
  <testcase classname="ptolemy.util.test.junit.AutoTests" name="[3] /home/travis/build/icyphy/ptII/ptolemy/domains/de/test/auto/CancelFireAt.xml (RunModel)" time="0.006" />
  <testcase classname="ptolemy.util.test.junit.AutoTests" name="[4] /home/travis/build/icyphy/ptII/ptolemy/domains/de/test/auto/CausalityAndComposabilityAnalysis.xml (RunModel)" time="0.011" />
  <testcase classname="ptolemy.util.test.junit.AutoTests" name="[5] /home/travis/build/icyphy/ptII/ptolemy/domains/de/test/auto/CausalityInterface1.xml (RunModel)" time="0.015" />
  <testcase classname="ptolemy.util.test.junit.AutoTests" name="[6] /home/travis/build/icyphy/ptII/ptolemy/domains/de/test/auto/CausalityInterface15.xml (RunModel)" time="0.022" />
  <testcase classname="ptolemy.util.test.junit.AutoTests" name="[7] /home/travis/build/icyphy/ptII/ptolemy/domains/de/test/auto/CausalityInterface2.xml (RunModel)" time="0.01" />
  <testcase classname="ptolemy.util.test.junit.AutoTests" name="[8] /home/travis/build/icyphy/ptII/ptolemy/domains/de/test/auto/CausalityInterface3.xml (RunModel)" time="0.012" />
  <testcase classname="ptolemy.util.test.junit.AutoTests" name="[9] /home/travis/build/icyphy/ptII/ptolemy/domains/de/test/auto/ClockDrift.xml (RunModel)" time="0.039" />
  <testcase classname="ptolemy.util.test.junit.AutoTests" name="[10] /home/travis/build/icyphy/ptII/ptolemy/domains/de/test/auto/ClockDriftAndValueChange.xml (RunModel)" time="0.031" />
  <testcase classname="ptolemy.util.test.junit.AutoTests" name="[11] /home/travis/build/icyphy/ptII/ptolemy/domains/de/test/auto/ClockDriftChange.xml (RunModel)" time="0.026" />
  <testcase classname="ptolemy.util.test.junit.AutoTests" name="[12] /home/travis/build/icyphy/ptII/ptolemy/domains/de/test/auto/ComposableCausalityAnalysis.xml (RunModel)" time="0.013" />
  <testcase classname="ptolemy.util.test.junit.AutoTests" name="[13] /home/travis/build/icyphy/ptII/ptolemy/domains/de/test/auto/DEFixedPointLimitation.xml (RunModel)" time="0.007" />
  <testcase classname="ptolemy.util.test.junit.AutoTests" name="[14] /home/travis/build/icyphy/ptII/ptolemy/domains/de/test/auto/DEScheduleTest.xml (RunModel)" time="0.008" />
  <testcase classname="ptolemy.util.test.junit.AutoTests" name="[15] /home/travis/build/icyphy/ptII/ptolemy/domains/de/test/auto/DEinDEwithStartTimes.xml (RunModel)" time="0.009" />
  <testcase classname="ptolemy.util.test.junit.AutoTests" name="[16] /home/travis/build/icyphy/ptII/ptolemy/domains/de/test/auto/DEinDEwithStartTimes2.xml (RunModel)" time="0.01" />
  <testcase classname="ptolemy.util.test.junit.AutoTests" name="[17] /home/travis/build/icyphy/ptII/ptolemy/domains/de/test/auto/DateDemo.xml (RunModel)" time="0.021" />
  <testcase classname="ptolemy.util.test.junit.AutoTests" name="[18] /home/travis/build/icyphy/ptII/ptolemy/domains/de/test/auto/DateToEvent.xml (RunModel)" time="2.029" />
  <testcase classname="ptolemy.util.test.junit.AutoTests" name="[19] /home/travis/build/icyphy/ptII/ptolemy/domains/de/test/auto/DepthTest1.xml (RunModel)" time="0.007" />
  <testcase classname="ptolemy.util.test.junit.AutoTests" name="[20] /home/travis/build/icyphy/ptII/ptolemy/domains/de/test/auto/DepthTest2.xml (RunModel)" time="0.017" />
  <testcase classname="ptolemy.util.test.junit.AutoTests" name="[21] /home/travis/build/icyphy/ptII/ptolemy/domains/de/test/auto/DepthTest3.xml (RunModel)" time="0.008" />
  <testcase classname="ptolemy.util.test.junit.AutoTests" name="[22] /home/travis/build/icyphy/ptII/ptolemy/domains/de/test/auto/DepthTest4.xml (RunModel)" time="0.013" />
  <testcase classname="ptolemy.util.test.junit.AutoTests" name="[23] /home/travis/build/icyphy/ptII/ptolemy/domains/de/test/auto/DepthTest5.xml (RunModel)" time="0.014" />
  <testcase classname="ptolemy.util.test.junit.AutoTests" name="[24] /home/travis/build/icyphy/ptII/ptolemy/domains/de/test/auto/DepthTest6.xml (RunModel)" time="0.013" />
  <testcase classname="ptolemy.util.test.junit.AutoTests" name="[25] /home/travis/build/icyphy/ptII/ptolemy/domains/de/test/auto/DepthTest7.xml (RunModel)" time="0.011" />
  <testcase classname="ptolemy.util.test.junit.AutoTests" name="[26] /home/travis/build/icyphy/ptII/ptolemy/domains/de/test/auto/EventToDate.xml (RunModel)" time="3.04" />
  <testcase classname="ptolemy.util.test.junit.AutoTests" name="[27] /home/travis/build/icyphy/ptII/ptolemy/domains/de/test/auto/FSM1.xml (RunModel)" time="0.03" />
  <testcase classname="ptolemy.util.test.junit.AutoTests" name="[28] /home/travis/build/icyphy/ptII/ptolemy/domains/de/test/auto/FSM7.xml (RunModel)" time="0.045" />
  <testcase classname="ptolemy.util.test.junit.AutoTests" name="[29] /home/travis/build/icyphy/ptII/ptolemy/domains/de/test/auto/Inspection.xml (RunModel)" time="0.036" />
  <testcase classname="ptolemy.util.test.junit.AutoTests" name="[30] /home/travis/build/icyphy/ptII/ptolemy/domains/de/test/auto/Iteration.xml (RunModel)" time="0.026" />
  <testcase classname="ptolemy.util.test.junit.AutoTests" name="[31] /home/travis/build/icyphy/ptII/ptolemy/domains/de/test/auto/LineFault.xml (RunModel)" time="0.575" />
  <testcase classname="ptolemy.util.test.junit.AutoTests" name="[32] /home/travis/build/icyphy/ptII/ptolemy/domains/de/test/auto/MergeModel1Add.xml (RunModel)" time="0.04" />
  <testcase classname="ptolemy.util.test.junit.AutoTests" name="[33] /home/travis/build/icyphy/ptII/ptolemy/domains/de/test/auto/MergeModel2Add.xml (RunModel)" time="0.043" />
  <testcase classname="ptolemy.util.test.junit.AutoTests" name="[34] /home/travis/build/icyphy/ptII/ptolemy/domains/de/test/auto/MergeModel3Add.xml (RunModel)" time="0.039" />
  <testcase classname="ptolemy.util.test.junit.AutoTests" name="[35] /home/travis/build/icyphy/ptII/ptolemy/domains/de/test/auto/MergeWithoutDiscard.xml (RunModel)" time="0.01" />
  <testcase classname="ptolemy.util.test.junit.AutoTests" name="[36] /home/travis/build/icyphy/ptII/ptolemy/domains/de/test/auto/Modal1.xml (RunModel)" time="0.029" />
  <testcase classname="ptolemy.util.test.junit.AutoTests" name="[37] /home/travis/build/icyphy/ptII/ptolemy/domains/de/test/auto/Modal2.xml (RunModel)" time="0.033" />
  <testcase classname="ptolemy.util.test.junit.AutoTests" name="[38] /home/travis/build/icyphy/ptII/ptolemy/domains/de/test/auto/Modal3.xml (RunModel)" time="0.031" />
  <testcase classname="ptolemy.util.test.junit.AutoTests" name="[39] /home/travis/build/icyphy/ptII/ptolemy/domains/de/test/auto/Modal4.xml (RunModel)" time="0.033" />
  <testcase classname="ptolemy.util.test.junit.AutoTests" name="[40] /home/travis/build/icyphy/ptII/ptolemy/domains/de/test/auto/Modal5.xml (RunModel)" time="0.029" />
  <testcase classname="ptolemy.util.test.junit.AutoTests" name="[41] /home/travis/build/icyphy/ptII/ptolemy/domains/de/test/auto/Modal6.xml (RunModel)" time="0.027" />
  <testcase classname="ptolemy.util.test.junit.AutoTests" name="[42] /home/travis/build/icyphy/ptII/ptolemy/domains/de/test/auto/Modal7.xml (RunModel)" time="0.029" />
  <testcase classname="ptolemy.util.test.junit.AutoTests" name="[43] /home/travis/build/icyphy/ptII/ptolemy/domains/de/test/auto/ModalModel.xml (RunModel)" time="0.158" />
  <testcase classname="ptolemy.util.test.junit.AutoTests" name="[44] /home/travis/build/icyphy/ptII/ptolemy/domains/de/test/auto/ModalSource.xml (RunModel)" time="0.018" />
  <testcase classname="ptolemy.util.test.junit.AutoTests" name="[45] /home/travis/build/icyphy/ptII/ptolemy/domains/de/test/auto/NonInterruptibleTimerZeroDelay.xml (RunModel)" time="0.01" />
  <testcase classname="ptolemy.util.test.junit.AutoTests" name="[46] /home/travis/build/icyphy/ptII/ptolemy/domains/de/test/auto/OpenQueueingNetwork.xml (RunModel)" time="2.169" />
  <testcase classname="ptolemy.util.test.junit.AutoTests" name="[47] /home/travis/build/icyphy/ptII/ptolemy/domains/de/test/auto/OpenQueuingNetwork.xml (RunModel)" time="0.254" />
  <testcase classname="ptolemy.util.test.junit.AutoTests" name="[48] /home/travis/build/icyphy/ptII/ptolemy/domains/de/test/auto/PeriodicSampler.xml (RunModel)" time="0.008" />
  <testcase classname="ptolemy.util.test.junit.AutoTests" name="[49] /home/travis/build/icyphy/ptII/ptolemy/domains/de/test/auto/PersistentIO.xml (RunModel)" time="0.022" />
  <testcase classname="ptolemy.util.test.junit.AutoTests" name="[50] /home/travis/build/icyphy/ptII/ptolemy/domains/de/test/auto/PortParameterResetOnInitialize.xml (RunModel)" time="0.01" />
  <testcase classname="ptolemy.util.test.junit.AutoTests" name="[51] /home/travis/build/icyphy/ptII/ptolemy/domains/de/test/auto/PortParameterUpdates.xml (RunModel)" time="0.013" />
  <testcase classname="ptolemy.util.test.junit.AutoTests" name="[52] /home/travis/build/icyphy/ptII/ptolemy/domains/de/test/auto/QueueAndServer.xml (RunModel)" time="0.021" />
  <testcase classname="ptolemy.util.test.junit.AutoTests" name="[53] /home/travis/build/icyphy/ptII/ptolemy/domains/de/test/auto/Records.xml (RunModel)" time="0.013" />
  <testcase classname="ptolemy.util.test.junit.AutoTests" name="[54] /home/travis/build/icyphy/ptII/ptolemy/domains/de/test/auto/ResetTransitionWithStartTime1.xml (RunModel)" time="0.019" />
  <testcase classname="ptolemy.util.test.junit.AutoTests" name="[55] /home/travis/build/icyphy/ptII/ptolemy/domains/de/test/auto/ResetTransitionWithStartTime2.xml (RunModel)" time="0.016" />
  <testcase classname="ptolemy.util.test.junit.AutoTests" name="[56] /home/travis/build/icyphy/ptII/ptolemy/domains/de/test/auto/ResetTransitionWithStartTime3.xml (RunModel)" time="0.018" />
  <testcase classname="ptolemy.util.test.junit.AutoTests" name="[57] /home/travis/build/icyphy/ptII/ptolemy/domains/de/test/auto/ResetTransitionWithStartTime4.xml (RunModel)" time="0.017" />
  <testcase classname="ptolemy.util.test.junit.AutoTests" name="[58] /home/travis/build/icyphy/ptII/ptolemy/domains/de/test/auto/ResettableTimer1.xml (RunModel)" time="0.011" />
  <testcase classname="ptolemy.util.test.junit.AutoTests" name="[59] /home/travis/build/icyphy/ptII/ptolemy/domains/de/test/auto/ResettableTimer2.xml (RunModel)" time="0.009" />
  <testcase classname="ptolemy.util.test.junit.AutoTests" name="[60] /home/travis/build/icyphy/ptII/ptolemy/domains/de/test/auto/ResettableTimer3.xml (RunModel)" time="0.01" />
  <testcase classname="ptolemy.util.test.junit.AutoTests" name="[61] /home/travis/build/icyphy/ptII/ptolemy/domains/de/test/auto/ResettableTimer4.xml (RunModel)" time="0.01" />
  <testcase classname="ptolemy.util.test.junit.AutoTests" name="[62] /home/travis/build/icyphy/ptII/ptolemy/domains/de/test/auto/ResettableTimer5.xml (RunModel)" time="0.009" />
  <testcase classname="ptolemy.util.test.junit.AutoTests" name="[63] /home/travis/build/icyphy/ptII/ptolemy/domains/de/test/auto/ResettableTimer6.xml (RunModel)" time="0.025" />
  <testcase classname="ptolemy.util.test.junit.AutoTests" name="[64] /home/travis/build/icyphy/ptII/ptolemy/domains/de/test/auto/ServerZeroDelay.xml (RunModel)" time="0.012" />
  <testcase classname="ptolemy.util.test.junit.AutoTests" name="[65] /home/travis/build/icyphy/ptII/ptolemy/domains/de/test/auto/SmartSender.xml (RunModel)" time="3.009" />
  <testcase classname="ptolemy.util.test.junit.AutoTests" name="[66] /home/travis/build/icyphy/ptII/ptolemy/domains/de/test/auto/ThreadedComposite.xml (RunModel)" time="0.137" />
  <testcase classname="ptolemy.util.test.junit.AutoTests" name="[67] /home/travis/build/icyphy/ptII/ptolemy/domains/de/test/auto/Time.xml (RunModel)" time="0.434" />
  <testcase classname="ptolemy.util.test.junit.AutoTests" name="[68] /home/travis/build/icyphy/ptII/ptolemy/domains/de/test/auto/TimeDelayZeroDelay.xml (RunModel)" time="0.012" />
  <testcase classname="ptolemy.util.test.junit.AutoTests" name="[69] /home/travis/build/icyphy/ptII/ptolemy/domains/de/test/auto/TimerZeroDelay.xml (RunModel)" time="0.01" />
  <testcase classname="ptolemy.util.test.junit.AutoTests" name="[70] /home/travis/build/icyphy/ptII/ptolemy/domains/de/test/auto/TimingParadox.xml (RunModel)" time="0.355" />
  <testcase classname="ptolemy.util.test.junit.AutoTests" name="[71] /home/travis/build/icyphy/ptII/ptolemy/domains/de/test/auto/TransferInputs.xml (RunModel)" time="0.016" />
  <testcase classname="ptolemy.util.test.junit.AutoTests" name="[72] /home/travis/build/icyphy/ptII/ptolemy/domains/de/test/auto/TransferOutputs2.xml (RunModel)" time="0.02" />
  <testcase classname="ptolemy.util.test.junit.AutoTests" name="[73] /home/travis/build/icyphy/ptII/ptolemy/domains/de/test/auto/Trilateration.xml (RunModel)" time="11.873" />
  <testcase classname="ptolemy.util.test.junit.AutoTests" name="[74] /home/travis/build/icyphy/ptII/ptolemy/domains/de/test/auto/TwoSigmaDelta.xml (RunModel)" time="2.11" />
  <testcase classname="ptolemy.util.test.junit.AutoTests" name="[75] /home/travis/build/icyphy/ptII/ptolemy/domains/de/test/auto/VariableDelay.xml (RunModel)" time="0.014" />
  <testcase classname="ptolemy.util.test.junit.AutoTests" name="[76] /home/travis/build/icyphy/ptII/ptolemy/domains/de/test/auto/VariableDelay2.xml (RunModel)" time="0.009" />
  <testcase classname="ptolemy.util.test.junit.AutoTests" name="[77] /home/travis/build/icyphy/ptII/ptolemy/domains/de/test/auto/VariableDelayZeroDelay.xml (RunModel)" time="0.013" />
  <testcase classname="ptolemy.util.test.junit.AutoTests" name="[78] /home/travis/build/icyphy/ptII/ptolemy/domains/de/test/auto/VariableDelayZeroDelay2.xml (RunModel)" time="0.014" />
  <testcase classname="ptolemy.util.test.junit.AutoTests" name="[79] /home/travis/build/icyphy/ptII/ptolemy/domains/de/test/auto/deInCt.xml (RunModel)" time="0.013" />
  <testcase classname="ptolemy.util.test.junit.AutoTests" name="[80] /home/travis/build/icyphy/ptII/ptolemy/domains/de/test/auto/deInCt2.xml (RunModel)" time="0.03" />
  <testcase classname="ptolemy.util.test.junit.AutoTests" name="[81] /home/travis/build/icyphy/ptII/ptolemy/domains/de/test/auto/dynamicCausalityInterface1.xml (RunModel)" time="0.027" />
  <testcase classname="ptolemy.util.test.junit.AutoTests" name="[82] /home/travis/build/icyphy/ptII/ptolemy/domains/de/test/auto/fsm_de_test.xml (RunModel)" time="0.024" />
  <testcase classname="ptolemy.util.test.junit.AutoTests" name="[83] /home/travis/build/icyphy/ptII/ptolemy/domains/de/test/auto/functionDependencyReconstruction.xml (RunModel)" time="0.034" />
  <testcase classname="ptolemy.util.test.junit.AutoTests" name="[84] /home/travis/build/icyphy/ptII/ptolemy/domains/de/test/auto/multirate.xml (RunModel)" time="0.016" />
  <testcase classname="ptolemy.util.test.junit.AutoTests" name="[85] /home/travis/build/icyphy/ptII/ptolemy/domains/de/test/auto/multirate2.xml (RunModel)" time="0.017" />
  <testcase classname="ptolemy.util.test.junit.AutoTests" name="[86] /home/travis/build/icyphy/ptII/ptolemy/domains/de/test/auto/realtime.xml (RunModel)" time="10.01" />
  <testcase classname="ptolemy.util.test.junit.AutoTests" name="[87] /home/travis/build/icyphy/ptII/ptolemy/domains/de/test/auto/relationGroup.xml (RunModel)" time="0.008" />
  <testcase classname="ptolemy.util.test.junit.AutoTests" name="[88] /home/travis/build/icyphy/ptII/ptolemy/domains/de/test/auto/relationGroup2.xml (RunModel)" time="0.012" />
  <testcase classname="ptolemy.util.test.junit.AutoTests" name="[89] /home/travis/build/icyphy/ptII/ptolemy/domains/de/test/auto/sortWithOpaquePorts.xml (RunModel)" time="0.013" />
  <testcase classname="ptolemy.util.test.junit.AutoTests" name="[90] /home/travis/build/icyphy/ptII/ptolemy/domains/de/test/auto/transferInputsandOutputs.xml (RunModel)" time="0.023" />
  <testcase classname="ptolemy.util.test.junit.AutoTests" name="[91] /home/travis/build/icyphy/ptII/ptolemy/domains/de/test/auto/triggerType.xml (RunModel)" time="0.009" />
  <system-out><![CDATA[/home/travis/build/icyphy/ptII/ptolemy/domains/de/test/DependencyLoop.tcl
testDefs.tcl: setting time out to 9000 seconds at Thu Aug 23 01:59:14 UTC 2018
14 ms. Memory: 116224K Free: 93486K (80%)
6 ms. Memory: 146944K Free: 135474K (92%)
/home/travis/build/icyphy/ptII/ptolemy/domains/de/test/RunDETestsAsQSS.tcl
Run the DE tests using ptolemy.domains.qss.test.QSSDirectorTest, which extends QSSDirector and prints a message in the constructors.
------------------ testing $PTII/ptolemy/domains/de/test/auto/knownFailedTests/dependencyLoop.xml (Known Failure) 
6 ms. Memory: 146944K Free: 132362K (90%)


==== $PTIIhome/travis/build/icyphy/ptII/ptolemy/domains/de/test/../../../../: Auto Automatic test in file $PTII/ptolemy/domains/de/test/auto/knownFailedTests/dependencyLoop.xml
==== Contents of test case:

	    # FIXME: we should use $relativeFilename here, but it
	    # might have backslashes under Windows, which causes no end
	    # of trouble.
	    createAndExecute $file
	    list {}
	
.... Test generated KNOWN error:
    while executing
ptolemy.kernel.util.IllegalActionException: Found a zero delay loop containing .dependencyLoop.original
  in .dependencyLoop and .dependencyLoop.original
	at ptolemy.actor.util.CausalityInterfaceForComposites._computeOutputPortDepth(CausalityInterfaceForComposites.java:759)
	at ptolemy.actor.util.CausalityInterfaceForComposites._computeInputDepth(CausalityInterfaceForComposites.java:696)
	at ptolemy.actor.util.CausalityInterfaceForComposites._computeOutputPortDepth(CausalityInterfaceForComposites.java:765)
	at ptolemy.actor.util.CausalityInterfaceForComposites._computeInputDepth(CausalityInterfaceForComposites.java:696)
	at ptolemy.actor.util.CausalityInterfaceForComposites._computeOutputPortDepth(CausalityInterfaceForComposites.java:765)
	at ptolemy.actor.util.CausalityInterfaceForComposites._computeInputDepth(CausalityInterfaceForComposites.java:696)
	at ptolemy.actor.util.CausalityInterfaceForComposites._computeActorDepth(CausalityInterfaceForComposites.java:532)
	at ptolemy.actor.util.CausalityInterfaceForComposites.checkForCycles(CausalityInterfaceForComposites.java:96)
	at ptolemy.domains.de.kernel.DEDirector.preinitialize(DEDirector.java:1338)
	at ptolemy.actor.CompositeActor.preinitialize(CompositeActor.java:1828)
	at ptolemy.actor.Manager.preinitializeAndResolveTypes(Manager.java:1040)
	at ptolemy.actor.Manager.initialize(Manager.java:710)
	at ptolemy.actor.Manager.execute(Manager.java:356)
	at ptolemy.actor.Manager.run(Manager.java:1263)
	at ptolemy.actor.Manager$PtolemyRunThread.run(Manager.java:1915)

    while executing
ptolemy.kernel.util.IllegalActionException: Found a zero delay loop containing .dependencyLoop.original
  in .dependencyLoop and .dependencyLoop.original
    while executing
"java::new ptolemy.moml.MoMLSimpleApplication $file
"
    (procedure "createAndExecute" line 2)
    invoked from within
"createAndExecute $file"
    ("uplevel" body line 5)
    invoked from within
"uplevel $contents_of_test"
------------------ testing $PTII/ptolemy/domains/de/test/auto/knownFailedTests/DESDFClockTest.xml (Known Failure) 
2085 ms. Memory: 146944K Free: 116601K (79%)


==== $PTIIhome/travis/build/icyphy/ptII/ptolemy/domains/de/test/../../../../: Auto Automatic test in file $PTII/ptolemy/domains/de/test/auto/knownFailedTests/DESDFClockTest.xml
==== Contents of test case:

	    # FIXME: we should use $relativeFilename here, but it
	    # might have backslashes under Windows, which causes no end
	    # of trouble.
	    createAndExecute $file
	    list {}
	
.... Test generated KNOWN error:
    while executing
ptolemy.kernel.util.IllegalActionException: Actor is not ready to fire.  Perhaps UpSample.prefire() returned false? Try debugging the actor by selecting "Listen to Actor".  Also, for SDF check moml for tokenConsumptionRate on input.
  in .DESDFClockTest.Play Bell.Copy1:SDF Director and .DESDFClockTest.Play Bell.UpSample
	at ptolemy.actor.sched.StaticSchedulingDirector.fire(StaticSchedulingDirector.java:227)
	at ptolemy.domains.sdf.kernel.SDFDirector.fire(SDFDirector.java:500)
	at ptolemy.actor.CompositeActor.fire(CompositeActor.java:455)
	at ptolemy.domains.de.kernel.DEDirector._fire(DEDirector.java:1949)
	at ptolemy.domains.de.kernel.DEDirector.fire(DEDirector.java:502)
	at ptolemy.actor.CompositeActor.fire(CompositeActor.java:455)
	at ptolemy.actor.Manager.iterate(Manager.java:851)
	at ptolemy.actor.Manager.execute(Manager.java:369)
	at ptolemy.actor.Manager.run(Manager.java:1263)
	at ptolemy.actor.Manager$PtolemyRunThread.run(Manager.java:1915)

    while executing
ptolemy.kernel.util.IllegalActionException: Actor is not ready to fire.  Perhaps UpSample.prefire() returned false? Try debugging the actor by selecting "Listen to Actor".  Also, for SDF check moml for tokenConsumptionRate on input.
  in .DESDFClockTest.Play Bell.Copy1:SDF Director and .DESDFClockTest.Play Bell.UpSample
    while executing
"java::new ptolemy.moml.MoMLSimpleApplication $file
"
    (procedure "createAndExecute" line 2)
    invoked from within
"createAndExecute $file"
    ("uplevel" body line 5)
    invoked from within
"uplevel $contents_of_test"
------------------ testing $PTII/ptolemy/domains/de/test/auto/knownFailedTests/FSMSource.xml (Known Failure) 
22 ms. Memory: 146944K Free: 107666K (73%)
!!!! Auto was marked as failing, but now passes
------------------ testing $PTII/ptolemy/domains/de/test/auto/knownFailedTests/dependencyLoop2.xml (Known Failure) 
6 ms. Memory: 146944K Free: 105783K (72%)


==== $PTIIhome/travis/build/icyphy/ptII/ptolemy/domains/de/test/../../../../: Auto Automatic test in file $PTII/ptolemy/domains/de/test/auto/knownFailedTests/dependencyLoop2.xml
==== Contents of test case:

	    # FIXME: we should use $relativeFilename here, but it
	    # might have backslashes under Windows, which causes no end
	    # of trouble.
	    createAndExecute $file
	    list {}
	
.... Test generated KNOWN error:
    while executing
ptolemy.kernel.util.IllegalActionException: Found a zero delay loop containing .dependencyLoop2.original
  in .dependencyLoop2 and .dependencyLoop2.original
	at ptolemy.actor.util.CausalityInterfaceForComposites._computeOutputPortDepth(CausalityInterfaceForComposites.java:759)
	at ptolemy.actor.util.CausalityInterfaceForComposites._computeInputDepth(CausalityInterfaceForComposites.java:696)
	at ptolemy.actor.util.CausalityInterfaceForComposites._computeOutputPortDepth(CausalityInterfaceForComposites.java:765)
	at ptolemy.actor.util.CausalityInterfaceForComposites._computeInputDepth(CausalityInterfaceForComposites.java:696)
	at ptolemy.actor.util.CausalityInterfaceForComposites._computeOutputPortDepth(CausalityInterfaceForComposites.java:765)
	at ptolemy.actor.util.CausalityInterfaceForComposites._computeInputDepth(CausalityInterfaceForComposites.java:696)
	at ptolemy.actor.util.CausalityInterfaceForComposites._computeActorDepth(CausalityInterfaceForComposites.java:532)
	at ptolemy.actor.util.CausalityInterfaceForComposites.checkForCycles(CausalityInterfaceForComposites.java:96)
	at ptolemy.domains.de.kernel.DEDirector.preinitialize(DEDirector.java:1338)
	at ptolemy.actor.CompositeActor.preinitialize(CompositeActor.java:1828)
	at ptolemy.actor.Manager.preinitializeAndResolveTypes(Manager.java:1040)
	at ptolemy.actor.Manager.initialize(Manager.java:710)
	at ptolemy.actor.Manager.execute(Manager.java:356)
	at ptolemy.actor.Manager.run(Manager.java:1263)
	at ptolemy.actor.Manager$PtolemyRunThread.run(Manager.java:1915)

    while executing
ptolemy.kernel.util.IllegalActionException: Found a zero delay loop containing .dependencyLoop2.original
  in .dependencyLoop2 and .dependencyLoop2.original
    while executing
"java::new ptolemy.moml.MoMLSimpleApplication $file
"
    (procedure "createAndExecute" line 2)
    invoked from within
"createAndExecute $file"
    ("uplevel" body line 5)
    invoked from within
"uplevel $contents_of_test"
------------------ testing $PTII/ptolemy/domains/de/test/auto/knownFailedTests/HierarchicalModel.xml (Known Failure) 
5 ms. Memory: 146944K Free: 84128K (57%)


==== $PTIIhome/travis/build/icyphy/ptII/ptolemy/domains/de/test/../../../../: Auto Automatic test in file $PTII/ptolemy/domains/de/test/auto/knownFailedTests/HierarchicalModel.xml
==== Contents of test case:

	    # FIXME: we should use $relativeFilename here, but it
	    # might have backslashes under Windows, which causes no end
	    # of trouble.
	    createAndExecute $file
	    list {}
	
.... Test generated KNOWN error:
    while executing
ptolemy.kernel.util.IllegalActionException: Found a zero delay loop containing .HierarchicalModel.A
  in .HierarchicalModel and .HierarchicalModel.A
	at ptolemy.actor.util.CausalityInterfaceForComposites._computeOutputPortDepth(CausalityInterfaceForComposites.java:759)
	at ptolemy.actor.util.CausalityInterfaceForComposites._computeInputDepth(CausalityInterfaceForComposites.java:696)
	at ptolemy.actor.util.CausalityInterfaceForComposites._computeOutputPortDepth(CausalityInterfaceForComposites.java:765)
	at ptolemy.actor.util.CausalityInterfaceForComposites._computeInputDepth(CausalityInterfaceForComposites.java:696)
	at ptolemy.actor.util.CausalityInterfaceForComposites._computeOutputPortDepth(CausalityInterfaceForComposites.java:765)
	at ptolemy.actor.util.CausalityInterfaceForComposites._computeInputDepth(CausalityInterfaceForComposites.java:696)
	at ptolemy.actor.util.CausalityInterfaceForComposites._computeActorDepth(CausalityInterfaceForComposites.java:532)
	at ptolemy.actor.util.CausalityInterfaceForComposites.checkForCycles(CausalityInterfaceForComposites.java:96)
	at ptolemy.domains.de.kernel.DEDirector.preinitialize(DEDirector.java:1338)
	at ptolemy.actor.CompositeActor.preinitialize(CompositeActor.java:1828)
	at ptolemy.actor.Manager.preinitializeAndResolveTypes(Manager.java:1040)
	at ptolemy.actor.Manager.initialize(Manager.java:710)
	at ptolemy.actor.Manager.execute(Manager.java:356)
	at ptolemy.actor.Manager.run(Manager.java:1263)
	at ptolemy.actor.Manager$PtolemyRunThread.run(Manager.java:1915)

    while executing
ptolemy.kernel.util.IllegalActionException: Found a zero delay loop containing .HierarchicalModel.A
  in .HierarchicalModel and .HierarchicalModel.A
    while executing
"java::new ptolemy.moml.MoMLSimpleApplication $file
"
    (procedure "createAndExecute" line 2)
    invoked from within
"createAndExecute $file"
    ("uplevel" body line 5)
    invoked from within
"uplevel $contents_of_test"
------------------ testing $PTII/ptolemy/domains/de/test/auto/knownFailedTests/DirectFeedback.xml (Known Failure) 
4 ms. Memory: 146944K Free: 141149K (96%)


==== $PTIIhome/travis/build/icyphy/ptII/ptolemy/domains/de/test/../../../../: Auto Automatic test in file $PTII/ptolemy/domains/de/test/auto/knownFailedTests/DirectFeedback.xml
==== Contents of test case:

	    # FIXME: we should use $relativeFilename here, but it
	    # might have backslashes under Windows, which causes no end
	    # of trouble.
	    createAndExecute $file
	    list {}
	
.... Test generated KNOWN error:
    while executing
ptolemy.kernel.util.IllegalActionException: Test fails in iteration 1.
Value was: 1.0. Should have been: 2.0
  in .DirectFeedback.Test
	at ptolemy.actor.lib.Test.fire(Test.java:268)
	at ptolemy.domains.de.kernel.DEDirector._fire(DEDirector.java:1949)
	at ptolemy.domains.de.kernel.DEDirector.fire(DEDirector.java:502)
	at ptolemy.actor.CompositeActor.fire(CompositeActor.java:455)
	at ptolemy.actor.Manager.iterate(Manager.java:851)
	at ptolemy.actor.Manager.execute(Manager.java:369)
	at ptolemy.actor.Manager.run(Manager.java:1263)
	at ptolemy.actor.Manager$PtolemyRunThread.run(Manager.java:1915)

    while executing
ptolemy.kernel.util.IllegalActionException: Test fails in iteration 1.
Value was: 1.0. Should have been: 2.0
  in .DirectFeedback.Test
    while executing
"java::new ptolemy.moml.MoMLSimpleApplication $file
"
    (procedure "createAndExecute" line 2)
    invoked from within
"createAndExecute $file"
    ("uplevel" body line 5)
    invoked from within
"uplevel $contents_of_test"
------------------ testing $PTII/ptolemy/domains/de/test/auto/ActorDepthCalculation_actorWithoutPorts.xml
auto.tcl: Setting watchdog for 200 seconds at Thu Aug 23 01:59:17 UTC 2018
4 ms. Memory: 146944K Free: 132494K (90%)
ptolemy.util.test.WatchDog.cancel(): canceling Thu Aug 23 01:59:17 UTC 2018
auto.tcl: Setting watchdog for 200 seconds at Thu Aug 23 01:59:17 UTC 2018
4 ms. Memory: 146944K Free: 131462K (89%)
ptolemy.util.test.WatchDog.cancel(): canceling Thu Aug 23 01:59:17 UTC 2018
------------------ testing $PTII/ptolemy/domains/de/test/auto/AssemblyLine.xml
auto.tcl: Setting watchdog for 200 seconds at Thu Aug 23 01:59:18 UTC 2018
20 ms. Memory: 208384K Free: 182876K (88%)
ptolemy.util.test.WatchDog.cancel(): canceling Thu Aug 23 01:59:18 UTC 2018
auto.tcl: Setting watchdog for 200 seconds at Thu Aug 23 01:59:18 UTC 2018
12 ms. Memory: 208384K Free: 182876K (88%)
ptolemy.util.test.WatchDog.cancel(): canceling Thu Aug 23 01:59:18 UTC 2018
------------------ testing $PTII/ptolemy/domains/de/test/auto/CQBug1.xml
auto.tcl: Setting watchdog for 200 seconds at Thu Aug 23 01:59:18 UTC 2018
4 ms. Memory: 208384K Free: 197734K (95%)
ptolemy.util.test.WatchDog.cancel(): canceling Thu Aug 23 01:59:18 UTC 2018
auto.tcl: Setting watchdog for 200 seconds at Thu Aug 23 01:59:18 UTC 2018
2 ms. Memory: 208384K Free: 197734K (95%)
ptolemy.util.test.WatchDog.cancel(): canceling Thu Aug 23 01:59:18 UTC 2018
------------------ testing $PTII/ptolemy/domains/de/test/auto/CancelFireAt.xml
auto.tcl: Setting watchdog for 200 seconds at Thu Aug 23 01:59:18 UTC 2018
4 ms. Memory: 208384K Free: 201447K (97%)
ptolemy.util.test.WatchDog.cancel(): canceling Thu Aug 23 01:59:18 UTC 2018
auto.tcl: Setting watchdog for 200 seconds at Thu Aug 23 01:59:18 UTC 2018
3 ms. Memory: 208384K Free: 199355K (96%)
ptolemy.util.test.WatchDog.cancel(): canceling Thu Aug 23 01:59:18 UTC 2018
------------------ testing $PTII/ptolemy/domains/de/test/auto/CausalityAndComposabilityAnalysis.xml
auto.tcl: Setting watchdog for 200 seconds at Thu Aug 23 01:59:18 UTC 2018
12 ms. Memory: 208384K Free: 196523K (94%)
ptolemy.util.test.WatchDog.cancel(): canceling Thu Aug 23 01:59:18 UTC 2018
auto.tcl: Setting watchdog for 200 seconds at Thu Aug 23 01:59:18 UTC 2018
6 ms. Memory: 208384K Free: 196523K (94%)
ptolemy.util.test.WatchDog.cancel(): canceling Thu Aug 23 01:59:18 UTC 2018
------------------ testing $PTII/ptolemy/domains/de/test/auto/CausalityInterface1.xml
auto.tcl: Setting watchdog for 200 seconds at Thu Aug 23 01:59:18 UTC 2018
15 ms. Memory: 208384K Free: 196461K (94%)
ptolemy.util.test.WatchDog.cancel(): canceling Thu Aug 23 01:59:18 UTC 2018
auto.tcl: Setting watchdog for 200 seconds at Thu Aug 23 01:59:18 UTC 2018
4 ms. Memory: 208384K Free: 196461K (94%)
ptolemy.util.test.WatchDog.cancel(): canceling Thu Aug 23 01:59:18 UTC 2018
------------------ testing $PTII/ptolemy/domains/de/test/auto/CausalityInterface15.xml
auto.tcl: Setting watchdog for 200 seconds at Thu Aug 23 01:59:18 UTC 2018
19 ms. Memory: 208384K Free: 196452K (94%)
ptolemy.util.test.WatchDog.cancel(): canceling Thu Aug 23 01:59:18 UTC 2018
auto.tcl: Setting watchdog for 200 seconds at Thu Aug 23 01:59:18 UTC 2018
4 ms. Memory: 208384K Free: 196452K (94%)
ptolemy.util.test.WatchDog.cancel(): canceling Thu Aug 23 01:59:18 UTC 2018
------------------ testing $PTII/ptolemy/domains/de/test/auto/CausalityInterface2.xml
auto.tcl: Setting watchdog for 200 seconds at Thu Aug 23 01:59:19 UTC 2018
7 ms. Memory: 208384K Free: 196436K (94%)
ptolemy.util.test.WatchDog.cancel(): canceling Thu Aug 23 01:59:19 UTC 2018
auto.tcl: Setting watchdog for 200 seconds at Thu Aug 23 01:59:19 UTC 2018
7 ms. Memory: 208384K Free: 196436K (94%)
ptolemy.util.test.WatchDog.cancel(): canceling Thu Aug 23 01:59:19 UTC 2018
------------------ testing $PTII/ptolemy/domains/de/test/auto/CausalityInterface3.xml
auto.tcl: Setting watchdog for 200 seconds at Thu Aug 23 01:59:19 UTC 2018
7 ms. Memory: 208384K Free: 196448K (94%)
ptolemy.util.test.WatchDog.cancel(): canceling Thu Aug 23 01:59:19 UTC 2018
auto.tcl: Setting watchdog for 200 seconds at Thu Aug 23 01:59:19 UTC 2018
3 ms. Memory: 208384K Free: 196448K (94%)
ptolemy.util.test.WatchDog.cancel(): canceling Thu Aug 23 01:59:19 UTC 2018
------------------ testing $PTII/ptolemy/domains/de/test/auto/ClockDrift.xml
auto.tcl: Setting watchdog for 200 seconds at Thu Aug 23 01:59:19 UTC 2018
52 ms. Memory: 208384K Free: 187704K (90%)
ptolemy.util.test.WatchDog.cancel(): canceling Thu Aug 23 01:59:19 UTC 2018
auto.tcl: Setting watchdog for 200 seconds at Thu Aug 23 01:59:19 UTC 2018
72 ms. Memory: 208384K Free: 185611K (89%)
ptolemy.util.test.WatchDog.cancel(): canceling Thu Aug 23 01:59:19 UTC 2018
------------------ testing $PTII/ptolemy/domains/de/test/auto/ClockDriftAndValueChange.xml
auto.tcl: Setting watchdog for 200 seconds at Thu Aug 23 01:59:19 UTC 2018
45 ms. Memory: 208384K Free: 187537K (90%)
ptolemy.util.test.WatchDog.cancel(): canceling Thu Aug 23 01:59:19 UTC 2018
auto.tcl: Setting watchdog for 200 seconds at Thu Aug 23 01:59:19 UTC 2018
22 ms. Memory: 208384K Free: 185445K (89%)
ptolemy.util.test.WatchDog.cancel(): canceling Thu Aug 23 01:59:19 UTC 2018
------------------ testing $PTII/ptolemy/domains/de/test/auto/ClockDriftChange.xml
auto.tcl: Setting watchdog for 200 seconds at Thu Aug 23 01:59:19 UTC 2018
19 ms. Memory: 208384K Free: 190852K (92%)
ptolemy.util.test.WatchDog.cancel(): canceling Thu Aug 23 01:59:19 UTC 2018
auto.tcl: Setting watchdog for 200 seconds at Thu Aug 23 01:59:19 UTC 2018
29 ms. Memory: 208384K Free: 188759K (91%)
ptolemy.util.test.WatchDog.cancel(): canceling Thu Aug 23 01:59:19 UTC 2018
------------------ testing $PTII/ptolemy/domains/de/test/auto/ComposableCausalityAnalysis.xml
auto.tcl: Setting watchdog for 200 seconds at Thu Aug 23 01:59:19 UTC 2018
4 ms. Memory: 208384K Free: 196302K (94%)
ptolemy.util.test.WatchDog.cancel(): canceling Thu Aug 23 01:59:19 UTC 2018
auto.tcl: Setting watchdog for 200 seconds at Thu Aug 23 01:59:19 UTC 2018
2 ms. Memory: 208384K Free: 194210K (93%)
ptolemy.util.test.WatchDog.cancel(): canceling Thu Aug 23 01:59:19 UTC 2018
------------------ testing $PTII/ptolemy/domains/de/test/auto/DEFixedPointLimitation.xml
auto.tcl: Setting watchdog for 200 seconds at Thu Aug 23 01:59:19 UTC 2018
2 ms. Memory: 208384K Free: 196383K (94%)
ptolemy.util.test.WatchDog.cancel(): canceling Thu Aug 23 01:59:19 UTC 2018
auto.tcl: Setting watchdog for 200 seconds at Thu Aug 23 01:59:19 UTC 2018
4 ms. Memory: 208384K Free: 196383K (94%)
ptolemy.util.test.WatchDog.cancel(): canceling Thu Aug 23 01:59:19 UTC 2018
------------------ testing $PTII/ptolemy/domains/de/test/auto/DEScheduleTest.xml
auto.tcl: Setting watchdog for 200 seconds at Thu Aug 23 01:59:19 UTC 2018
4 ms. Memory: 208384K Free: 198849K (95%)
ptolemy.util.test.WatchDog.cancel(): canceling Thu Aug 23 01:59:19 UTC 2018
auto.tcl: Setting watchdog for 200 seconds at Thu Aug 23 01:59:19 UTC 2018
7 ms. Memory: 208384K Free: 196419K (94%)
ptolemy.util.test.WatchDog.cancel(): canceling Thu Aug 23 01:59:19 UTC 2018
------------------ testing $PTII/ptolemy/domains/de/test/auto/DEinDEwithStartTimes.xml
auto.tcl: Setting watchdog for 200 seconds at Thu Aug 23 01:59:19 UTC 2018
7 ms. Memory: 208384K Free: 196388K (94%)
ptolemy.util.test.WatchDog.cancel(): canceling Thu Aug 23 01:59:20 UTC 2018
auto.tcl: Setting watchdog for 200 seconds at Thu Aug 23 01:59:20 UTC 2018
4 ms. Memory: 208384K Free: 194296K (93%)
ptolemy.util.test.WatchDog.cancel(): canceling Thu Aug 23 01:59:20 UTC 2018
------------------ testing $PTII/ptolemy/domains/de/test/auto/DEinDEwithStartTimes2.xml
auto.tcl: Setting watchdog for 200 seconds at Thu Aug 23 01:59:20 UTC 2018
4 ms. Memory: 208384K Free: 196705K (94%)
ptolemy.util.test.WatchDog.cancel(): canceling Thu Aug 23 01:59:20 UTC 2018
auto.tcl: Setting watchdog for 200 seconds at Thu Aug 23 01:59:20 UTC 2018
7 ms. Memory: 208384K Free: 194275K (93%)
ptolemy.util.test.WatchDog.cancel(): canceling Thu Aug 23 01:59:20 UTC 2018
------------------ testing $PTII/ptolemy/domains/de/test/auto/DateDemo.xml
auto.tcl: Setting watchdog for 200 seconds at Thu Aug 23 01:59:20 UTC 2018
13 ms. Memory: 208384K Free: 188829K (91%)
ptolemy.util.test.WatchDog.cancel(): canceling Thu Aug 23 01:59:20 UTC 2018
auto.tcl: Setting watchdog for 200 seconds at Thu Aug 23 01:59:20 UTC 2018
11 ms. Memory: 208384K Free: 186737K (90%)
ptolemy.util.test.WatchDog.cancel(): canceling Thu Aug 23 01:59:20 UTC 2018
------------------ testing $PTII/ptolemy/domains/de/test/auto/DateToEvent.xml
auto.tcl: Setting watchdog for 200 seconds at Thu Aug 23 01:59:20 UTC 2018
2010 ms. Memory: 208384K Free: 183567K (88%)
ptolemy.util.test.WatchDog.cancel(): canceling Thu Aug 23 01:59:22 UTC 2018
auto.tcl: Setting watchdog for 200 seconds at Thu Aug 23 01:59:22 UTC 2018
2006 ms. Memory: 208384K Free: 181109K (87%)
ptolemy.util.test.WatchDog.cancel(): canceling Thu Aug 23 01:59:24 UTC 2018
------------------ testing $PTII/ptolemy/domains/de/test/auto/DepthTest1.xml
auto.tcl: Setting watchdog for 200 seconds at Thu Aug 23 01:59:24 UTC 2018
5 ms. Memory: 208384K Free: 198039K (95%)
ptolemy.util.test.WatchDog.cancel(): canceling Thu Aug 23 01:59:24 UTC 2018
auto.tcl: Setting watchdog for 200 seconds at Thu Aug 23 01:59:24 UTC 2018
1 ms. Memory: 208384K Free: 198039K (95%)
ptolemy.util.test.WatchDog.cancel(): canceling Thu Aug 23 01:59:24 UTC 2018
------------------ testing $PTII/ptolemy/domains/de/test/auto/DepthTest2.xml
auto.tcl: Setting watchdog for 200 seconds at Thu Aug 23 01:59:24 UTC 2018
3 ms. Memory: 208384K Free: 194255K (93%)
ptolemy.util.test.WatchDog.cancel(): canceling Thu Aug 23 01:59:24 UTC 2018
auto.tcl: Setting watchdog for 200 seconds at Thu Aug 23 01:59:24 UTC 2018
5 ms. Memory: 208384K Free: 194255K (93%)
ptolemy.util.test.WatchDog.cancel(): canceling Thu Aug 23 01:59:24 UTC 2018
------------------ testing $PTII/ptolemy/domains/de/test/auto/DepthTest3.xml
auto.tcl: Setting watchdog for 200 seconds at Thu Aug 23 01:59:24 UTC 2018
6 ms. Memory: 208384K Free: 198373K (95%)
ptolemy.util.test.WatchDog.cancel(): canceling Thu Aug 23 01:59:24 UTC 2018
auto.tcl: Setting watchdog for 200 seconds at Thu Aug 23 01:59:24 UTC 2018
2 ms. Memory: 208384K Free: 198373K (95%)
ptolemy.util.test.WatchDog.cancel(): canceling Thu Aug 23 01:59:24 UTC 2018
------------------ testing $PTII/ptolemy/domains/de/test/auto/DepthTest4.xml
auto.tcl: Setting watchdog for 200 seconds at Thu Aug 23 01:59:24 UTC 2018
14 ms. Memory: 208384K Free: 196368K (94%)
ptolemy.util.test.WatchDog.cancel(): canceling Thu Aug 23 01:59:24 UTC 2018
auto.tcl: Setting watchdog for 200 seconds at Thu Aug 23 01:59:24 UTC 2018
3 ms. Memory: 208384K Free: 196368K (94%)
ptolemy.util.test.WatchDog.cancel(): canceling Thu Aug 23 01:59:24 UTC 2018
------------------ testing $PTII/ptolemy/domains/de/test/auto/DepthTest5.xml
auto.tcl: Setting watchdog for 200 seconds at Thu Aug 23 01:59:24 UTC 2018
5 ms. Memory: 208384K Free: 196316K (94%)
ptolemy.util.test.WatchDog.cancel(): canceling Thu Aug 23 01:59:24 UTC 2018
auto.tcl: Setting watchdog for 200 seconds at Thu Aug 23 01:59:24 UTC 2018
2 ms. Memory: 208384K Free: 196316K (94%)
ptolemy.util.test.WatchDog.cancel(): canceling Thu Aug 23 01:59:24 UTC 2018
------------------ testing $PTII/ptolemy/domains/de/test/auto/DepthTest6.xml
auto.tcl: Setting watchdog for 200 seconds at Thu Aug 23 01:59:24 UTC 2018
7 ms. Memory: 208384K Free: 196629K (94%)
ptolemy.util.test.WatchDog.cancel(): canceling Thu Aug 23 01:59:24 UTC 2018
auto.tcl: Setting watchdog for 200 seconds at Thu Aug 23 01:59:24 UTC 2018
2 ms. Memory: 208384K Free: 196629K (94%)
ptolemy.util.test.WatchDog.cancel(): canceling Thu Aug 23 01:59:24 UTC 2018
------------------ testing $PTII/ptolemy/domains/de/test/auto/DepthTest7.xml
auto.tcl: Setting watchdog for 200 seconds at Thu Aug 23 01:59:24 UTC 2018
3 ms. Memory: 208384K Free: 196273K (94%)
ptolemy.util.test.WatchDog.cancel(): canceling Thu Aug 23 01:59:24 UTC 2018
auto.tcl: Setting watchdog for 200 seconds at Thu Aug 23 01:59:24 UTC 2018
2 ms. Memory: 208384K Free: 196273K (94%)
ptolemy.util.test.WatchDog.cancel(): canceling Thu Aug 23 01:59:24 UTC 2018
------------------ testing $PTII/ptolemy/domains/de/test/auto/EventToDate.xml
auto.tcl: Setting watchdog for 200 seconds at Thu Aug 23 01:59:24 UTC 2018
3010 ms. Memory: 208384K Free: 185833K (89%)
ptolemy.util.test.WatchDog.cancel(): canceling Thu Aug 23 01:59:28 UTC 2018
auto.tcl: Setting watchdog for 200 seconds at Thu Aug 23 01:59:28 UTC 2018
3005 ms. Memory: 208384K Free: 185833K (89%)
ptolemy.util.test.WatchDog.cancel(): canceling Thu Aug 23 01:59:31 UTC 2018
------------------ testing $PTII/ptolemy/domains/de/test/auto/FSM1.xml
auto.tcl: Setting watchdog for 200 seconds at Thu Aug 23 01:59:31 UTC 2018
19 ms. Memory: 208384K Free: 189341K (91%)
ptolemy.util.test.WatchDog.cancel(): canceling Thu Aug 23 01:59:31 UTC 2018
auto.tcl: Setting watchdog for 200 seconds at Thu Aug 23 01:59:31 UTC 2018
13 ms. Memory: 208384K Free: 185156K (89%)
ptolemy.util.test.WatchDog.cancel(): canceling Thu Aug 23 01:59:31 UTC 2018
------------------ testing $PTII/ptolemy/domains/de/test/auto/FSM7.xml
auto.tcl: Setting watchdog for 200 seconds at Thu Aug 23 01:59:31 UTC 2018
14 ms. Memory: 208384K Free: 187789K (90%)
ptolemy.util.test.WatchDog.cancel(): canceling Thu Aug 23 01:59:31 UTC 2018
auto.tcl: Setting watchdog for 200 seconds at Thu Aug 23 01:59:31 UTC 2018
13 ms. Memory: 208384K Free: 185697K (89%)
ptolemy.util.test.WatchDog.cancel(): canceling Thu Aug 23 01:59:31 UTC 2018
------------------ testing $PTII/ptolemy/domains/de/test/auto/Inspection.xml
auto.tcl: Setting watchdog for 200 seconds at Thu Aug 23 01:59:31 UTC 2018
35 ms. Memory: 208384K Free: 188668K (91%)
ptolemy.util.test.WatchDog.cancel(): canceling Thu Aug 23 01:59:31 UTC 2018
auto.tcl: Setting watchdog for 200 seconds at Thu Aug 23 01:59:31 UTC 2018
29 ms. Memory: 208384K Free: 186575K (90%)
ptolemy.util.test.WatchDog.cancel(): canceling Thu Aug 23 01:59:31 UTC 2018
------------------ testing $PTII/ptolemy/domains/de/test/auto/Iteration.xml
auto.tcl: Setting watchdog for 200 seconds at Thu Aug 23 01:59:31 UTC 2018
11 ms. Memory: 208384K Free: 196082K (94%)
ptolemy.util.test.WatchDog.cancel(): canceling Thu Aug 23 01:59:31 UTC 2018
auto.tcl: Setting watchdog for 200 seconds at Thu Aug 23 01:59:31 UTC 2018
14 ms. Memory: 208384K Free: 193990K (93%)
ptolemy.util.test.WatchDog.cancel(): canceling Thu Aug 23 01:59:31 UTC 2018
------------------ testing $PTII/ptolemy/domains/de/test/auto/LineFault.xml
auto.tcl: Setting watchdog for 200 seconds at Thu Aug 23 01:59:31 UTC 2018
797 ms. Memory: 208384K Free: 196208K (94%)
ptolemy.util.test.WatchDog.cancel(): canceling Thu Aug 23 01:59:32 UTC 2018
auto.tcl: Setting watchdog for 200 seconds at Thu Aug 23 01:59:32 UTC 2018
653 ms. Memory: 208384K Free: 139087K (67%)
ptolemy.util.test.WatchDog.cancel(): canceling Thu Aug 23 01:59:33 UTC 2018
------------------ testing $PTII/ptolemy/domains/de/test/auto/MergeModel1Add.xml
auto.tcl: Setting watchdog for 200 seconds at Thu Aug 23 01:59:33 UTC 2018
33 ms. Memory: 331264K Free: 298889K (90%)
ptolemy.util.test.WatchDog.cancel(): canceling Thu Aug 23 01:59:33 UTC 2018
auto.tcl: Setting watchdog for 200 seconds at Thu Aug 23 01:59:33 UTC 2018
8 ms. Memory: 331264K Free: 298889K (90%)
ptolemy.util.test.WatchDog.cancel(): canceling Thu Aug 23 01:59:33 UTC 2018
------------------ testing $PTII/ptolemy/domains/de/test/auto/MergeModel2Add.xml
auto.tcl: Setting watchdog for 200 seconds at Thu Aug 23 01:59:33 UTC 2018
10 ms. Memory: 331264K Free: 304171K (92%)
ptolemy.util.test.WatchDog.cancel(): canceling Thu Aug 23 01:59:33 UTC 2018
auto.tcl: Setting watchdog for 200 seconds at Thu Aug 23 01:59:33 UTC 2018
7 ms. Memory: 331264K Free: 300227K (91%)
ptolemy.util.test.WatchDog.cancel(): canceling Thu Aug 23 01:59:33 UTC 2018
------------------ testing $PTII/ptolemy/domains/de/test/auto/MergeModel3Add.xml
auto.tcl: Setting watchdog for 200 seconds at Thu Aug 23 01:59:33 UTC 2018
12 ms. Memory: 331264K Free: 304182K (92%)
ptolemy.util.test.WatchDog.cancel(): canceling Thu Aug 23 01:59:33 UTC 2018
auto.tcl: Setting watchdog for 200 seconds at Thu Aug 23 01:59:33 UTC 2018
10 ms. Memory: 331264K Free: 300238K (91%)
ptolemy.util.test.WatchDog.cancel(): canceling Thu Aug 23 01:59:33 UTC 2018
------------------ testing $PTII/ptolemy/domains/de/test/auto/MergeWithoutDiscard.xml
auto.tcl: Setting watchdog for 200 seconds at Thu Aug 23 01:59:33 UTC 2018
2 ms. Memory: 331264K Free: 320241K (97%)
ptolemy.util.test.WatchDog.cancel(): canceling Thu Aug 23 01:59:33 UTC 2018
auto.tcl: Setting watchdog for 200 seconds at Thu Aug 23 01:59:33 UTC 2018
1 ms. Memory: 331264K Free: 316297K (95%)
ptolemy.util.test.WatchDog.cancel(): canceling Thu Aug 23 01:59:33 UTC 2018
------------------ testing $PTII/ptolemy/domains/de/test/auto/Modal1.xml
auto.tcl: Setting watchdog for 200 seconds at Thu Aug 23 01:59:33 UTC 2018
19 ms. Memory: 331264K Free: 309908K (94%)
ptolemy.util.test.WatchDog.cancel(): canceling Thu Aug 23 01:59:33 UTC 2018
auto.tcl: Setting watchdog for 200 seconds at Thu Aug 23 01:59:33 UTC 2018
27 ms. Memory: 331264K Free: 305964K (92%)
ptolemy.util.test.WatchDog.cancel(): canceling Thu Aug 23 01:59:33 UTC 2018
------------------ testing $PTII/ptolemy/domains/de/test/auto/Modal2.xml
auto.tcl: Setting watchdog for 200 seconds at Thu Aug 23 01:59:34 UTC 2018
16 ms. Memory: 331264K Free: 309789K (94%)
ptolemy.util.test.WatchDog.cancel(): canceling Thu Aug 23 01:59:34 UTC 2018
auto.tcl: Setting watchdog for 200 seconds at Thu Aug 23 01:59:34 UTC 2018
20 ms. Memory: 331264K Free: 305845K (92%)
ptolemy.util.test.WatchDog.cancel(): canceling Thu Aug 23 01:59:34 UTC 2018
------------------ testing $PTII/ptolemy/domains/de/test/auto/Modal3.xml
auto.tcl: Setting watchdog for 200 seconds at Thu Aug 23 01:59:34 UTC 2018
18 ms. Memory: 331264K Free: 309779K (94%)
ptolemy.util.test.WatchDog.cancel(): canceling Thu Aug 23 01:59:34 UTC 2018
auto.tcl: Setting watchdog for 200 seconds at Thu Aug 23 01:59:34 UTC 2018
15 ms. Memory: 331264K Free: 305835K (92%)
ptolemy.util.test.WatchDog.cancel(): canceling Thu Aug 23 01:59:34 UTC 2018
------------------ testing $PTII/ptolemy/domains/de/test/auto/Modal4.xml
auto.tcl: Setting watchdog for 200 seconds at Thu Aug 23 01:59:34 UTC 2018
15 ms. Memory: 331264K Free: 309792K (94%)
ptolemy.util.test.WatchDog.cancel(): canceling Thu Aug 23 01:59:34 UTC 2018
auto.tcl: Setting watchdog for 200 seconds at Thu Aug 23 01:59:34 UTC 2018
13 ms. Memory: 331264K Free: 305848K (92%)
ptolemy.util.test.WatchDog.cancel(): canceling Thu Aug 23 01:59:34 UTC 2018
------------------ testing $PTII/ptolemy/domains/de/test/auto/Modal5.xml
auto.tcl: Setting watchdog for 200 seconds at Thu Aug 23 01:59:34 UTC 2018
20 ms. Memory: 331264K Free: 309780K (94%)
ptolemy.util.test.WatchDog.cancel(): canceling Thu Aug 23 01:59:34 UTC 2018
auto.tcl: Setting watchdog for 200 seconds at Thu Aug 23 01:59:34 UTC 2018
19 ms. Memory: 331264K Free: 305836K (92%)
ptolemy.util.test.WatchDog.cancel(): canceling Thu Aug 23 01:59:34 UTC 2018
------------------ testing $PTII/ptolemy/domains/de/test/auto/Modal6.xml
auto.tcl: Setting watchdog for 200 seconds at Thu Aug 23 01:59:34 UTC 2018
17 ms. Memory: 331264K Free: 309777K (94%)
ptolemy.util.test.WatchDog.cancel(): canceling Thu Aug 23 01:59:34 UTC 2018
auto.tcl: Setting watchdog for 200 seconds at Thu Aug 23 01:59:34 UTC 2018
17 ms. Memory: 331264K Free: 305832K (92%)
ptolemy.util.test.WatchDog.cancel(): canceling Thu Aug 23 01:59:34 UTC 2018
------------------ testing $PTII/ptolemy/domains/de/test/auto/Modal7.xml
auto.tcl: Setting watchdog for 200 seconds at Thu Aug 23 01:59:34 UTC 2018
18 ms. Memory: 331264K Free: 309777K (94%)
ptolemy.util.test.WatchDog.cancel(): canceling Thu Aug 23 01:59:34 UTC 2018
auto.tcl: Setting watchdog for 200 seconds at Thu Aug 23 01:59:34 UTC 2018
11 ms. Memory: 331264K Free: 305832K (92%)
ptolemy.util.test.WatchDog.cancel(): canceling Thu Aug 23 01:59:34 UTC 2018
------------------ testing $PTII/ptolemy/domains/de/test/auto/ModalModel.xml
auto.tcl: Setting watchdog for 200 seconds at Thu Aug 23 01:59:34 UTC 2018
211 ms. Memory: 331264K Free: 246262K (74%)
ptolemy.util.test.WatchDog.cancel(): canceling Thu Aug 23 01:59:34 UTC 2018
auto.tcl: Setting watchdog for 200 seconds at Thu Aug 23 01:59:34 UTC 2018
166 ms. Memory: 331264K Free: 190931K (58%)
ptolemy.util.test.WatchDog.cancel(): canceling Thu Aug 23 01:59:35 UTC 2018
------------------ testing $PTII/ptolemy/domains/de/test/auto/ModalSource.xml
auto.tcl: Setting watchdog for 200 seconds at Thu Aug 23 01:59:35 UTC 2018
6 ms. Memory: 331264K Free: 316292K (95%)
ptolemy.util.test.WatchDog.cancel(): canceling Thu Aug 23 01:59:35 UTC 2018
auto.tcl: Setting watchdog for 200 seconds at Thu Aug 23 01:59:35 UTC 2018
6 ms. Memory: 331264K Free: 312763K (94%)
ptolemy.util.test.WatchDog.cancel(): canceling Thu Aug 23 01:59:35 UTC 2018
------------------ testing $PTII/ptolemy/domains/de/test/auto/NonInterruptibleTimerZeroDelay.xml
auto.tcl: Setting watchdog for 200 seconds at Thu Aug 23 01:59:35 UTC 2018
3 ms. Memory: 331264K Free: 320659K (97%)
ptolemy.util.test.WatchDog.cancel(): canceling Thu Aug 23 01:59:35 UTC 2018
auto.tcl: Setting watchdog for 200 seconds at Thu Aug 23 01:59:35 UTC 2018
2 ms. Memory: 331264K Free: 317130K (96%)
ptolemy.util.test.WatchDog.cancel(): canceling Thu Aug 23 01:59:35 UTC 2018
------------------ testing $PTII/ptolemy/domains/de/test/auto/OpenQueueingNetwork.xml
auto.tcl: Setting watchdog for 200 seconds at Thu Aug 23 01:59:35 UTC 2018
2710 ms. Memory: 573952K Free: 421122K (73%)
ptolemy.util.test.WatchDog.cancel(): canceling Thu Aug 23 01:59:38 UTC 2018
auto.tcl: Setting watchdog for 200 seconds at Thu Aug 23 01:59:38 UTC 2018
2598 ms. Memory: 550912K Free: 314966K (57%)
ptolemy.util.test.WatchDog.cancel(): canceling Thu Aug 23 01:59:40 UTC 2018
------------------ testing $PTII/ptolemy/domains/de/test/auto/OpenQueuingNetwork.xml
auto.tcl: Setting watchdog for 200 seconds at Thu Aug 23 01:59:40 UTC 2018
244 ms. Memory: 549888K Free: 445261K (81%)
ptolemy.util.test.WatchDog.cancel(): canceling Thu Aug 23 01:59:41 UTC 2018
auto.tcl: Setting watchdog for 200 seconds at Thu Aug 23 01:59:41 UTC 2018
230 ms. Memory: 549888K Free: 385178K (70%)
ptolemy.util.test.WatchDog.cancel(): canceling Thu Aug 23 01:59:41 UTC 2018
------------------ testing $PTII/ptolemy/domains/de/test/auto/PeriodicSampler.xml
auto.tcl: Setting watchdog for 200 seconds at Thu Aug 23 01:59:41 UTC 2018
3 ms. Memory: 551936K Free: 531866K (96%)
ptolemy.util.test.WatchDog.cancel(): canceling Thu Aug 23 01:59:41 UTC 2018
auto.tcl: Setting watchdog for 200 seconds at Thu Aug 23 01:59:41 UTC 2018
2 ms. Memory: 551936K Free: 531866K (96%)
ptolemy.util.test.WatchDog.cancel(): canceling Thu Aug 23 01:59:41 UTC 2018
------------------ testing $PTII/ptolemy/domains/de/test/auto/PersistentIO.xml
auto.tcl: Setting watchdog for 200 seconds at Thu Aug 23 01:59:41 UTC 2018
14 ms. Memory: 549376K Free: 524427K (95%)
ptolemy.util.test.WatchDog.cancel(): canceling Thu Aug 23 01:59:41 UTC 2018
auto.tcl: Setting watchdog for 200 seconds at Thu Aug 23 01:59:41 UTC 2018
4 ms. Memory: 549376K Free: 524427K (95%)
ptolemy.util.test.WatchDog.cancel(): canceling Thu Aug 23 01:59:41 UTC 2018
------------------ testing $PTII/ptolemy/domains/de/test/auto/PortParameterResetOnInitialize.xml
auto.tcl: Setting watchdog for 200 seconds at Thu Aug 23 01:59:41 UTC 2018
6 ms. Memory: 551424K Free: 531815K (96%)
ptolemy.util.test.WatchDog.cancel(): canceling Thu Aug 23 01:59:41 UTC 2018
auto.tcl: Setting watchdog for 200 seconds at Thu Aug 23 01:59:41 UTC 2018
1 ms. Memory: 551424K Free: 531815K (96%)
ptolemy.util.test.WatchDog.cancel(): canceling Thu Aug 23 01:59:41 UTC 2018
------------------ testing $PTII/ptolemy/domains/de/test/auto/PortParameterUpdates.xml
auto.tcl: Setting watchdog for 200 seconds at Thu Aug 23 01:59:41 UTC 2018
10 ms. Memory: 549376K Free: 529900K (96%)
ptolemy.util.test.WatchDog.cancel(): canceling Thu Aug 23 01:59:41 UTC 2018
auto.tcl: Setting watchdog for 200 seconds at Thu Aug 23 01:59:41 UTC 2018
3 ms. Memory: 549376K Free: 524438K (95%)
ptolemy.util.test.WatchDog.cancel(): canceling Thu Aug 23 01:59:41 UTC 2018
------------------ testing $PTII/ptolemy/domains/de/test/auto/QueueAndServer.xml
auto.tcl: Setting watchdog for 200 seconds at Thu Aug 23 01:59:41 UTC 2018
9 ms. Memory: 551424K Free: 526203K (95%)
ptolemy.util.test.WatchDog.cancel(): canceling Thu Aug 23 01:59:41 UTC 2018
auto.tcl: Setting watchdog for 200 seconds at Thu Aug 23 01:59:41 UTC 2018
6 ms. Memory: 551424K Free: 526203K (95%)
ptolemy.util.test.WatchDog.cancel(): canceling Thu Aug 23 01:59:41 UTC 2018
------------------ testing $PTII/ptolemy/domains/de/test/auto/Records.xml
auto.tcl: Setting watchdog for 200 seconds at Thu Aug 23 01:59:41 UTC 2018
3 ms. Memory: 549376K Free: 529576K (96%)
ptolemy.util.test.WatchDog.cancel(): canceling Thu Aug 23 01:59:41 UTC 2018
auto.tcl: Setting watchdog for 200 seconds at Thu Aug 23 01:59:41 UTC 2018
2 ms. Memory: 549376K Free: 524114K (95%)
ptolemy.util.test.WatchDog.cancel(): canceling Thu Aug 23 01:59:41 UTC 2018
------------------ testing $PTII/ptolemy/domains/de/test/auto/ResetTransitionWithStartTime1.xml
auto.tcl: Setting watchdog for 200 seconds at Thu Aug 23 01:59:41 UTC 2018
10 ms. Memory: 551424K Free: 531081K (96%)
ptolemy.util.test.WatchDog.cancel(): canceling Thu Aug 23 01:59:41 UTC 2018
auto.tcl: Setting watchdog for 200 seconds at Thu Aug 23 01:59:41 UTC 2018
5 ms. Memory: 551424K Free: 530851K (96%)
ptolemy.util.test.WatchDog.cancel(): canceling Thu Aug 23 01:59:41 UTC 2018
------------------ testing $PTII/ptolemy/domains/de/test/auto/ResetTransitionWithStartTime2.xml
auto.tcl: Setting watchdog for 200 seconds at Thu Aug 23 01:59:41 UTC 2018
6 ms. Memory: 549376K Free: 529024K (96%)
ptolemy.util.test.WatchDog.cancel(): canceling Thu Aug 23 01:59:41 UTC 2018
auto.tcl: Setting watchdog for 200 seconds at Thu Aug 23 01:59:41 UTC 2018
6 ms. Memory: 549376K Free: 529024K (96%)
ptolemy.util.test.WatchDog.cancel(): canceling Thu Aug 23 01:59:41 UTC 2018
------------------ testing $PTII/ptolemy/domains/de/test/auto/ResetTransitionWithStartTime3.xml
auto.tcl: Setting watchdog for 200 seconds at Thu Aug 23 01:59:42 UTC 2018
4 ms. Memory: 550912K Free: 525511K (95%)
ptolemy.util.test.WatchDog.cancel(): canceling Thu Aug 23 01:59:42 UTC 2018
auto.tcl: Setting watchdog for 200 seconds at Thu Aug 23 01:59:42 UTC 2018
5 ms. Memory: 550912K Free: 525511K (95%)
ptolemy.util.test.WatchDog.cancel(): canceling Thu Aug 23 01:59:42 UTC 2018
------------------ testing $PTII/ptolemy/domains/de/test/auto/ResetTransitionWithStartTime4.xml
auto.tcl: Setting watchdog for 200 seconds at Thu Aug 23 01:59:42 UTC 2018
4 ms. Memory: 549376K Free: 528651K (96%)
ptolemy.util.test.WatchDog.cancel(): canceling Thu Aug 23 01:59:42 UTC 2018
auto.tcl: Setting watchdog for 200 seconds at Thu Aug 23 01:59:42 UTC 2018
4 ms. Memory: 549376K Free: 528651K (96%)
ptolemy.util.test.WatchDog.cancel(): canceling Thu Aug 23 01:59:42 UTC 2018
------------------ testing $PTII/ptolemy/domains/de/test/auto/ResettableTimer1.xml
auto.tcl: Setting watchdog for 200 seconds at Thu Aug 23 01:59:42 UTC 2018
2 ms. Memory: 550912K Free: 535661K (97%)
ptolemy.util.test.WatchDog.cancel(): canceling Thu Aug 23 01:59:42 UTC 2018
auto.tcl: Setting watchdog for 200 seconds at Thu Aug 23 01:59:42 UTC 2018
2 ms. Memory: 550912K Free: 535661K (97%)
ptolemy.util.test.WatchDog.cancel(): canceling Thu Aug 23 01:59:42 UTC 2018
------------------ testing $PTII/ptolemy/domains/de/test/auto/ResettableTimer2.xml
auto.tcl: Setting watchdog for 200 seconds at Thu Aug 23 01:59:42 UTC 2018
3 ms. Memory: 549376K Free: 534413K (97%)
ptolemy.util.test.WatchDog.cancel(): canceling Thu Aug 23 01:59:42 UTC 2018
auto.tcl: Setting watchdog for 200 seconds at Thu Aug 23 01:59:42 UTC 2018
2 ms. Memory: 549376K Free: 534413K (97%)
ptolemy.util.test.WatchDog.cancel(): canceling Thu Aug 23 01:59:42 UTC 2018
------------------ testing $PTII/ptolemy/domains/de/test/auto/ResettableTimer3.xml
auto.tcl: Setting watchdog for 200 seconds at Thu Aug 23 01:59:42 UTC 2018
2 ms. Memory: 550912K Free: 535718K (97%)
ptolemy.util.test.WatchDog.cancel(): canceling Thu Aug 23 01:59:42 UTC 2018
auto.tcl: Setting watchdog for 200 seconds at Thu Aug 23 01:59:42 UTC 2018
1 ms. Memory: 550912K Free: 535718K (97%)
ptolemy.util.test.WatchDog.cancel(): canceling Thu Aug 23 01:59:42 UTC 2018
------------------ testing $PTII/ptolemy/domains/de/test/auto/ResettableTimer4.xml
auto.tcl: Setting watchdog for 200 seconds at Thu Aug 23 01:59:42 UTC 2018
2 ms. Memory: 549376K Free: 534425K (97%)
ptolemy.util.test.WatchDog.cancel(): canceling Thu Aug 23 01:59:42 UTC 2018
auto.tcl: Setting watchdog for 200 seconds at Thu Aug 23 01:59:42 UTC 2018
1 ms. Memory: 549376K Free: 534425K (97%)
ptolemy.util.test.WatchDog.cancel(): canceling Thu Aug 23 01:59:42 UTC 2018
------------------ testing $PTII/ptolemy/domains/de/test/auto/ResettableTimer5.xml
auto.tcl: Setting watchdog for 200 seconds at Thu Aug 23 01:59:42 UTC 2018
1 ms. Memory: 550400K Free: 530768K (96%)
ptolemy.util.test.WatchDog.cancel(): canceling Thu Aug 23 01:59:42 UTC 2018
auto.tcl: Setting watchdog for 200 seconds at Thu Aug 23 01:59:42 UTC 2018
1 ms. Memory: 550400K Free: 530768K (96%)
ptolemy.util.test.WatchDog.cancel(): canceling Thu Aug 23 01:59:42 UTC 2018
------------------ testing $PTII/ptolemy/domains/de/test/auto/ResettableTimer6.xml
auto.tcl: Setting watchdog for 200 seconds at Thu Aug 23 01:59:42 UTC 2018
2 ms. Memory: 549376K Free: 529464K (96%)
ptolemy.util.test.WatchDog.cancel(): canceling Thu Aug 23 01:59:42 UTC 2018
auto.tcl: Setting watchdog for 200 seconds at Thu Aug 23 01:59:42 UTC 2018
1 ms. Memory: 549376K Free: 529464K (96%)
ptolemy.util.test.WatchDog.cancel(): canceling Thu Aug 23 01:59:42 UTC 2018
------------------ testing $PTII/ptolemy/domains/de/test/auto/ServerZeroDelay.xml
auto.tcl: Setting watchdog for 200 seconds at Thu Aug 23 01:59:42 UTC 2018
4 ms. Memory: 550400K Free: 535387K (97%)
ptolemy.util.test.WatchDog.cancel(): canceling Thu Aug 23 01:59:42 UTC 2018
auto.tcl: Setting watchdog for 200 seconds at Thu Aug 23 01:59:42 UTC 2018
2 ms. Memory: 550400K Free: 535387K (97%)
ptolemy.util.test.WatchDog.cancel(): canceling Thu Aug 23 01:59:42 UTC 2018
------------------ testing $PTII/ptolemy/domains/de/test/auto/SmartSender.xml
auto.tcl: Setting watchdog for 200 seconds at Thu Aug 23 01:59:42 UTC 2018
3002 ms. Memory: 549376K Free: 529679K (96%)
ptolemy.util.test.WatchDog.cancel(): canceling Thu Aug 23 01:59:45 UTC 2018
auto.tcl: Setting watchdog for 200 seconds at Thu Aug 23 01:59:45 UTC 2018
3001 ms. Memory: 549376K Free: 529679K (96%)
ptolemy.util.test.WatchDog.cancel(): canceling Thu Aug 23 01:59:48 UTC 2018
------------------ testing $PTII/ptolemy/domains/de/test/auto/ThreadedComposite.xml
auto.tcl: Setting watchdog for 200 seconds at Thu Aug 23 01:59:48 UTC 2018
161 ms. Memory: 550400K Free: 510187K (93%)
ptolemy.util.test.WatchDog.cancel(): canceling Thu Aug 23 01:59:48 UTC 2018
auto.tcl: Setting watchdog for 200 seconds at Thu Aug 23 01:59:48 UTC 2018
108 ms. Memory: 550400K Free: 495366K (90%)
ptolemy.util.test.WatchDog.cancel(): canceling Thu Aug 23 01:59:48 UTC 2018
------------------ testing $PTII/ptolemy/domains/de/test/auto/Time.xml
auto.tcl: Setting watchdog for 200 seconds at Thu Aug 23 01:59:49 UTC 2018
500 ms. Memory: 549376K Free: 482378K (88%)
ptolemy.util.test.WatchDog.cancel(): canceling Thu Aug 23 01:59:49 UTC 2018
auto.tcl: Setting watchdog for 200 seconds at Thu Aug 23 01:59:49 UTC 2018
489 ms. Memory: 549376K Free: 427757K (78%)
ptolemy.util.test.WatchDog.cancel(): canceling Thu Aug 23 01:59:50 UTC 2018
------------------ testing $PTII/ptolemy/domains/de/test/auto/TimeDelayZeroDelay.xml
auto.tcl: Setting watchdog for 200 seconds at Thu Aug 23 01:59:50 UTC 2018
2 ms. Memory: 550400K Free: 535076K (97%)
ptolemy.util.test.WatchDog.cancel(): canceling Thu Aug 23 01:59:50 UTC 2018
auto.tcl: Setting watchdog for 200 seconds at Thu Aug 23 01:59:50 UTC 2018
2 ms. Memory: 550400K Free: 535076K (97%)
ptolemy.util.test.WatchDog.cancel(): canceling Thu Aug 23 01:59:50 UTC 2018
------------------ testing $PTII/ptolemy/domains/de/test/auto/TimerZeroDelay.xml
auto.tcl: Setting watchdog for 200 seconds at Thu Aug 23 01:59:50 UTC 2018
3 ms. Memory: 549376K Free: 534326K (97%)
ptolemy.util.test.WatchDog.cancel(): canceling Thu Aug 23 01:59:50 UTC 2018
auto.tcl: Setting watchdog for 200 seconds at Thu Aug 23 01:59:50 UTC 2018
2 ms. Memory: 549376K Free: 534326K (97%)
ptolemy.util.test.WatchDog.cancel(): canceling Thu Aug 23 01:59:50 UTC 2018
------------------ testing $PTII/ptolemy/domains/de/test/auto/TimingParadox.xml
auto.tcl: Setting watchdog for 200 seconds at Thu Aug 23 01:59:50 UTC 2018
340 ms. Memory: 549888K Free: 455022K (83%)
ptolemy.util.test.WatchDog.cancel(): canceling Thu Aug 23 01:59:50 UTC 2018
auto.tcl: Setting watchdog for 200 seconds at Thu Aug 23 01:59:50 UTC 2018
315 ms. Memory: 549888K Free: 416787K (76%)
ptolemy.util.test.WatchDog.cancel(): canceling Thu Aug 23 01:59:50 UTC 2018
------------------ testing $PTII/ptolemy/domains/de/test/auto/TransferInputs.xml
auto.tcl: Setting watchdog for 200 seconds at Thu Aug 23 01:59:50 UTC 2018
3 ms. Memory: 549888K Free: 533742K (97%)
ptolemy.util.test.WatchDog.cancel(): canceling Thu Aug 23 01:59:50 UTC 2018
auto.tcl: Setting watchdog for 200 seconds at Thu Aug 23 01:59:50 UTC 2018
2 ms. Memory: 549888K Free: 533742K (97%)
ptolemy.util.test.WatchDog.cancel(): canceling Thu Aug 23 01:59:50 UTC 2018
------------------ testing $PTII/ptolemy/domains/de/test/auto/TransferOutputs2.xml
auto.tcl: Setting watchdog for 200 seconds at Thu Aug 23 01:59:51 UTC 2018
3 ms. Memory: 549376K Free: 528870K (96%)
ptolemy.util.test.WatchDog.cancel(): canceling Thu Aug 23 01:59:51 UTC 2018
auto.tcl: Setting watchdog for 200 seconds at Thu Aug 23 01:59:51 UTC 2018
3 ms. Memory: 549376K Free: 528870K (96%)
ptolemy.util.test.WatchDog.cancel(): canceling Thu Aug 23 01:59:51 UTC 2018
------------------ testing $PTII/ptolemy/domains/de/test/auto/Trilateration.xml
auto.tcl: Setting watchdog for 200 seconds at Thu Aug 23 01:59:51 UTC 2018
14313 ms. Memory: 440832K Free: 416763K (95%)
ptolemy.util.test.WatchDog.cancel(): canceling Thu Aug 23 02:00:06 UTC 2018
auto.tcl: Setting watchdog for 200 seconds at Thu Aug 23 02:00:06 UTC 2018
11463 ms. Memory: 331264K Free: 98249K (30%)
ptolemy.util.test.WatchDog.cancel(): canceling Thu Aug 23 02:00:17 UTC 2018
------------------ testing $PTII/ptolemy/domains/de/test/auto/TwoSigmaDelta.xml
auto.tcl: Setting watchdog for 200 seconds at Thu Aug 23 02:00:18 UTC 2018
2688 ms. Memory: 320000K Free: 270905K (85%)
ptolemy.util.test.WatchDog.cancel(): canceling Thu Aug 23 02:00:20 UTC 2018
auto.tcl: Setting watchdog for 200 seconds at Thu Aug 23 02:00:20 UTC 2018
2077 ms. Memory: 307712K Free: 263186K (86%)
ptolemy.util.test.WatchDog.cancel(): canceling Thu Aug 23 02:00:22 UTC 2018
------------------ testing $PTII/ptolemy/domains/de/test/auto/VariableDelay.xml
auto.tcl: Setting watchdog for 200 seconds at Thu Aug 23 02:00:22 UTC 2018
3 ms. Memory: 309760K Free: 293031K (95%)
ptolemy.util.test.WatchDog.cancel(): canceling Thu Aug 23 02:00:22 UTC 2018
auto.tcl: Setting watchdog for 200 seconds at Thu Aug 23 02:00:22 UTC 2018
1 ms. Memory: 309760K Free: 293023K (95%)
ptolemy.util.test.WatchDog.cancel(): canceling Thu Aug 23 02:00:22 UTC 2018
------------------ testing $PTII/ptolemy/domains/de/test/auto/VariableDelay2.xml
auto.tcl: Setting watchdog for 200 seconds at Thu Aug 23 02:00:22 UTC 2018
7 ms. Memory: 307712K Free: 293652K (95%)
ptolemy.util.test.WatchDog.cancel(): canceling Thu Aug 23 02:00:23 UTC 2018
auto.tcl: Setting watchdog for 200 seconds at Thu Aug 23 02:00:23 UTC 2018
2 ms. Memory: 307712K Free: 293652K (95%)
ptolemy.util.test.WatchDog.cancel(): canceling Thu Aug 23 02:00:23 UTC 2018
------------------ testing $PTII/ptolemy/domains/de/test/auto/VariableDelayZeroDelay.xml
auto.tcl: Setting watchdog for 200 seconds at Thu Aug 23 02:00:23 UTC 2018
2 ms. Memory: 309248K Free: 296308K (96%)
ptolemy.util.test.WatchDog.cancel(): canceling Thu Aug 23 02:00:23 UTC 2018
auto.tcl: Setting watchdog for 200 seconds at Thu Aug 23 02:00:23 UTC 2018
2 ms. Memory: 309248K Free: 292924K (95%)
ptolemy.util.test.WatchDog.cancel(): canceling Thu Aug 23 02:00:23 UTC 2018
------------------ testing $PTII/ptolemy/domains/de/test/auto/VariableDelayZeroDelay2.xml
auto.tcl: Setting watchdog for 200 seconds at Thu Aug 23 02:00:23 UTC 2018
2 ms. Memory: 307712K Free: 291402K (95%)
ptolemy.util.test.WatchDog.cancel(): canceling Thu Aug 23 02:00:23 UTC 2018
auto.tcl: Setting watchdog for 200 seconds at Thu Aug 23 02:00:23 UTC 2018
2 ms. Memory: 307712K Free: 291402K (95%)
ptolemy.util.test.WatchDog.cancel(): canceling Thu Aug 23 02:00:23 UTC 2018
------------------ testing $PTII/ptolemy/domains/de/test/auto/deInCt.xml
auto.tcl: Setting watchdog for 200 seconds at Thu Aug 23 02:00:23 UTC 2018
0
1
1
1
0
0
0
0
1
1
1
1
0
0
0
0
0
1
1
0
0
0
1
1
1
0
0
0
0
1
1
1
0
0
0
1
1
1
0
0
0
0
9 ms. Memory: 309248K Free: 292928K (95%)
ptolemy.util.test.WatchDog.cancel(): canceling Thu Aug 23 02:00:23 UTC 2018
auto.tcl: Setting watchdog for 200 seconds at Thu Aug 23 02:00:23 UTC 2018
0
1
1
1
0
0
0
1
1
1
0
0
0
1
1
1
0
0
1
1
1
0
0
1
1
1
0
0
0
0
1
1
1
0
0
1
1
1
0
0
0
0
1
1
0
0
0
1
1
1
0
0
0
1
1
0
0
0
0
10 ms. Memory: 309248K Free: 292928K (95%)
ptolemy.util.test.WatchDog.cancel(): canceling Thu Aug 23 02:00:23 UTC 2018
------------------ testing $PTII/ptolemy/domains/de/test/auto/deInCt2.xml
auto.tcl: Setting watchdog for 200 seconds at Thu Aug 23 02:00:23 UTC 2018
0
1
1
1
0
0
1
1
1
0
0
1
1
1
0
0
1
1
1
0
0
1
1
1
0
0
1
1
1
0
0
1
1
1
0
0
1
1
1
0
0
0
5 ms. Memory: 307712K Free: 291384K (95%)
ptolemy.util.test.WatchDog.cancel(): canceling Thu Aug 23 02:00:23 UTC 2018
auto.tcl: Setting watchdog for 200 seconds at Thu Aug 23 02:00:23 UTC 2018
0
1
1
1
0
0
1
1
1
0
0
1
1
1
0
0
1
1
1
0
0
1
1
1
0
0
1
1
1
0
0
1
1
1
0
0
1
1
1
0
0
0
8 ms. Memory: 307712K Free: 291384K (95%)
ptolemy.util.test.WatchDog.cancel(): canceling Thu Aug 23 02:00:23 UTC 2018
------------------ testing $PTII/ptolemy/domains/de/test/auto/dynamicCausalityInterface1.xml
auto.tcl: Setting watchdog for 200 seconds at Thu Aug 23 02:00:23 UTC 2018
2 ms. Memory: 308736K Free: 289043K (94%)
ptolemy.util.test.WatchDog.cancel(): canceling Thu Aug 23 02:00:23 UTC 2018
auto.tcl: Setting watchdog for 200 seconds at Thu Aug 23 02:00:23 UTC 2018
1 ms. Memory: 308736K Free: 289043K (94%)
ptolemy.util.test.WatchDog.cancel(): canceling Thu Aug 23 02:00:23 UTC 2018
------------------ testing $PTII/ptolemy/domains/de/test/auto/fsm_de_test.xml
auto.tcl: Setting watchdog for 200 seconds at Thu Aug 23 02:00:23 UTC 2018
16 ms. Memory: 307712K Free: 287914K (94%)
ptolemy.util.test.WatchDog.cancel(): canceling Thu Aug 23 02:00:23 UTC 2018
auto.tcl: Setting watchdog for 200 seconds at Thu Aug 23 02:00:23 UTC 2018
5 ms. Memory: 307712K Free: 287914K (94%)
ptolemy.util.test.WatchDog.cancel(): canceling Thu Aug 23 02:00:23 UTC 2018
------------------ testing $PTII/ptolemy/domains/de/test/auto/functionDependencyReconstruction.xml
auto.tcl: Setting watchdog for 200 seconds at Thu Aug 23 02:00:23 UTC 2018
2 ms. Memory: 308736K Free: 282185K (91%)
ptolemy.util.test.WatchDog.cancel(): canceling Thu Aug 23 02:00:23 UTC 2018
auto.tcl: Setting watchdog for 200 seconds at Thu Aug 23 02:00:23 UTC 2018
3 ms. Memory: 308736K Free: 278801K (90%)
ptolemy.util.test.WatchDog.cancel(): canceling Thu Aug 23 02:00:23 UTC 2018
------------------ testing $PTII/ptolemy/domains/de/test/auto/multirate.xml
auto.tcl: Setting watchdog for 200 seconds at Thu Aug 23 02:00:23 UTC 2018
6 ms. Memory: 307712K Free: 291140K (95%)
ptolemy.util.test.WatchDog.cancel(): canceling Thu Aug 23 02:00:23 UTC 2018
auto.tcl: Setting watchdog for 200 seconds at Thu Aug 23 02:00:23 UTC 2018
2 ms. Memory: 307712K Free: 287772K (94%)
ptolemy.util.test.WatchDog.cancel(): canceling Thu Aug 23 02:00:23 UTC 2018
------------------ testing $PTII/ptolemy/domains/de/test/auto/multirate2.xml
auto.tcl: Setting watchdog for 200 seconds at Thu Aug 23 02:00:23 UTC 2018
2 ms. Memory: 308736K Free: 292368K (95%)
ptolemy.util.test.WatchDog.cancel(): canceling Thu Aug 23 02:00:23 UTC 2018
auto.tcl: Setting watchdog for 200 seconds at Thu Aug 23 02:00:23 UTC 2018
3 ms. Memory: 308736K Free: 288984K (94%)
ptolemy.util.test.WatchDog.cancel(): canceling Thu Aug 23 02:00:23 UTC 2018
------------------ testing $PTII/ptolemy/domains/de/test/auto/realtime.xml
auto.tcl: Setting watchdog for 200 seconds at Thu Aug 23 02:00:23 UTC 2018
10002 ms. Memory: 307712K Free: 291335K (95%)
ptolemy.util.test.WatchDog.cancel(): canceling Thu Aug 23 02:00:33 UTC 2018
auto.tcl: Setting watchdog for 200 seconds at Thu Aug 23 02:00:33 UTC 2018
10002 ms. Memory: 307712K Free: 291335K (95%)
ptolemy.util.test.WatchDog.cancel(): canceling Thu Aug 23 02:00:43 UTC 2018
------------------ testing $PTII/ptolemy/domains/de/test/auto/relationGroup.xml
auto.tcl: Setting watchdog for 200 seconds at Thu Aug 23 02:00:43 UTC 2018
2 ms. Memory: 308224K Free: 295249K (96%)
ptolemy.util.test.WatchDog.cancel(): canceling Thu Aug 23 02:00:43 UTC 2018
auto.tcl: Setting watchdog for 200 seconds at Thu Aug 23 02:00:43 UTC 2018
1 ms. Memory: 308224K Free: 295249K (96%)
ptolemy.util.test.WatchDog.cancel(): canceling Thu Aug 23 02:00:43 UTC 2018
------------------ testing $PTII/ptolemy/domains/de/test/auto/relationGroup2.xml
auto.tcl: Setting watchdog for 200 seconds at Thu Aug 23 02:00:43 UTC 2018
2 ms. Memory: 307712K Free: 294764K (96%)
ptolemy.util.test.WatchDog.cancel(): canceling Thu Aug 23 02:00:43 UTC 2018
auto.tcl: Setting watchdog for 200 seconds at Thu Aug 23 02:00:43 UTC 2018
1 ms. Memory: 307712K Free: 294764K (96%)
ptolemy.util.test.WatchDog.cancel(): canceling Thu Aug 23 02:00:43 UTC 2018
------------------ testing $PTII/ptolemy/domains/de/test/auto/sortWithOpaquePorts.xml
auto.tcl: Setting watchdog for 200 seconds at Thu Aug 23 02:00:43 UTC 2018
1 ms. Memory: 308224K Free: 291892K (95%)
ptolemy.util.test.WatchDog.cancel(): canceling Thu Aug 23 02:00:43 UTC 2018
auto.tcl: Setting watchdog for 200 seconds at Thu Aug 23 02:00:43 UTC 2018
2 ms. Memory: 308224K Free: 291892K (95%)
ptolemy.util.test.WatchDog.cancel(): canceling Thu Aug 23 02:00:43 UTC 2018
------------------ testing $PTII/ptolemy/domains/de/test/auto/transferInputsandOutputs.xml
auto.tcl: Setting watchdog for 200 seconds at Thu Aug 23 02:00:44 UTC 2018
2 ms. Memory: 307712K Free: 291368K (95%)
ptolemy.util.test.WatchDog.cancel(): canceling Thu Aug 23 02:00:44 UTC 2018
auto.tcl: Setting watchdog for 200 seconds at Thu Aug 23 02:00:44 UTC 2018
3 ms. Memory: 307712K Free: 287999K (94%)
ptolemy.util.test.WatchDog.cancel(): canceling Thu Aug 23 02:00:44 UTC 2018
------------------ testing $PTII/ptolemy/domains/de/test/auto/triggerType.xml
auto.tcl: Setting watchdog for 200 seconds at Thu Aug 23 02:00:44 UTC 2018
2 ms. Memory: 308224K Free: 295215K (96%)
ptolemy.util.test.WatchDog.cancel(): canceling Thu Aug 23 02:00:44 UTC 2018
auto.tcl: Setting watchdog for 200 seconds at Thu Aug 23 02:00:44 UTC 2018
2 ms. Memory: 308224K Free: 291847K (95%)
ptolemy.util.test.WatchDog.cancel(): canceling Thu Aug 23 02:00:44 UTC 2018
08/23/18 02:00:44
Failed: 0  Total Tests: 192  ((Passed: 187, Newly Passed: 1)  Known Failed: 5) /home/travis/build/icyphy/ptII/ptolemy/domains/de/test
08/23/18 02:00:44
Failed: 0  Total Tests: 192  ((Passed: 187, Newly Passed: 1)  Known Failed: 5) /home/travis/build/icyphy/ptII/ptolemy/domains/de/test
----------------- testing (KnownFailure) /home/travis/build/icyphy/ptII/ptolemy/domains/de/test/auto/knownFailedTests/DESDFClockTest.xml
2016 ms. Memory: 307712K Free: 285679K (93%)
Known Failure: java.lang.reflect.InvocationTargetException
----------------- testing (KnownFailure) /home/travis/build/icyphy/ptII/ptolemy/domains/de/test/auto/knownFailedTests/DirectFeedback.xml
2 ms. Memory: 307712K Free: 267574K (87%)
Known Failure: java.lang.reflect.InvocationTargetException
----------------- testing (KnownFailure) /home/travis/build/icyphy/ptII/ptolemy/domains/de/test/auto/knownFailedTests/FSMSource.xml
16 ms. Memory: 307712K Free: 244928K (80%)
----------------- testing (KnownFailure) /home/travis/build/icyphy/ptII/ptolemy/domains/de/test/auto/knownFailedTests/HierarchicalModel.xml
2 ms. Memory: 307712K Free: 222273K (72%)
Known Failure: java.lang.reflect.InvocationTargetException
----------------- testing (KnownFailure) /home/travis/build/icyphy/ptII/ptolemy/domains/de/test/auto/knownFailedTests/dependencyLoop.xml
2 ms. Memory: 307712K Free: 190558K (62%)
Known Failure: java.lang.reflect.InvocationTargetException
----------------- testing (KnownFailure) /home/travis/build/icyphy/ptII/ptolemy/domains/de/test/auto/knownFailedTests/dependencyLoop2.xml
2 ms. Memory: 307712K Free: 158843K (52%)
Known Failure: java.lang.reflect.InvocationTargetException
No auto/linux-amd64/*.xml tests in /home/travis/build/icyphy/ptII/ptolemy/domains/de/test
AutoTests.java: About to close Vertx.
AutoTests.java: Vertx closed.

===========================================================================================
----------------- testing Thu Aug 23 02:00:46 UTC 2018 /home/travis/build/icyphy/ptII/ptolemy/domains/de/test/auto/ActorDepthCalculation_actorWithoutPorts.xml
----------------- Instantiating /home/travis/build/icyphy/ptII/ptolemy/domains/de/test/auto/ActorDepthCalculation_actorWithoutPorts.xml
2 ms. Memory: 307712K Free: 131670K (43%)
----------------- Invoking toplevel() on ptolemy.moml.MoMLSimpleApplication@4597d37c
----------------- Done invoking toplevel() on ptolemy.moml.MoMLSimpleApplication@4597d37c
reloadAllAccessors: .ActorDepthCalculation_actorWithoutPorts

===========================================================================================
----------------- testing Thu Aug 23 02:00:46 UTC 2018 /home/travis/build/icyphy/ptII/ptolemy/domains/de/test/auto/AssemblyLine.xml
----------------- Instantiating /home/travis/build/icyphy/ptII/ptolemy/domains/de/test/auto/AssemblyLine.xml
1 ms. Memory: 307712K Free: 118076K (38%)
----------------- Invoking toplevel() on ptolemy.moml.MoMLSimpleApplication@6ad557fc
----------------- Done invoking toplevel() on ptolemy.moml.MoMLSimpleApplication@6ad557fc
reloadAllAccessors: .AssemblyLine

===========================================================================================
----------------- testing Thu Aug 23 02:00:46 UTC 2018 /home/travis/build/icyphy/ptII/ptolemy/domains/de/test/auto/CQBug1.xml
----------------- Instantiating /home/travis/build/icyphy/ptII/ptolemy/domains/de/test/auto/CQBug1.xml
1 ms. Memory: 307712K Free: 109024K (35%)
----------------- Invoking toplevel() on ptolemy.moml.MoMLSimpleApplication@5cca4c0c
----------------- Done invoking toplevel() on ptolemy.moml.MoMLSimpleApplication@5cca4c0c
reloadAllAccessors: .CQBug1

===========================================================================================
----------------- testing Thu Aug 23 02:00:46 UTC 2018 /home/travis/build/icyphy/ptII/ptolemy/domains/de/test/auto/CancelFireAt.xml
----------------- Instantiating /home/travis/build/icyphy/ptII/ptolemy/domains/de/test/auto/CancelFireAt.xml
1 ms. Memory: 307712K Free: 99972K (32%)
----------------- Invoking toplevel() on ptolemy.moml.MoMLSimpleApplication@98cb0bd
----------------- Done invoking toplevel() on ptolemy.moml.MoMLSimpleApplication@98cb0bd
reloadAllAccessors: .CancelFireAt

===========================================================================================
----------------- testing Thu Aug 23 02:00:46 UTC 2018 /home/travis/build/icyphy/ptII/ptolemy/domains/de/test/auto/CausalityAndComposabilityAnalysis.xml
----------------- Instantiating /home/travis/build/icyphy/ptII/ptolemy/domains/de/test/auto/CausalityAndComposabilityAnalysis.xml
2 ms. Memory: 307712K Free: 90919K (30%)
----------------- Invoking toplevel() on ptolemy.moml.MoMLSimpleApplication@15cda1a7
----------------- Done invoking toplevel() on ptolemy.moml.MoMLSimpleApplication@15cda1a7
reloadAllAccessors: .CausalityAndComposabilityAnalysis

===========================================================================================
----------------- testing Thu Aug 23 02:00:46 UTC 2018 /home/travis/build/icyphy/ptII/ptolemy/domains/de/test/auto/CausalityInterface1.xml
----------------- Instantiating /home/travis/build/icyphy/ptII/ptolemy/domains/de/test/auto/CausalityInterface1.xml
4 ms. Memory: 307712K Free: 78499K (26%)
----------------- Invoking toplevel() on ptolemy.moml.MoMLSimpleApplication@1e36ca7f
----------------- Done invoking toplevel() on ptolemy.moml.MoMLSimpleApplication@1e36ca7f
reloadAllAccessors: .CausalityInterface1

===========================================================================================
----------------- testing Thu Aug 23 02:00:46 UTC 2018 /home/travis/build/icyphy/ptII/ptolemy/domains/de/test/auto/CausalityInterface15.xml
----------------- Instantiating /home/travis/build/icyphy/ptII/ptolemy/domains/de/test/auto/CausalityInterface15.xml
2 ms. Memory: 298496K Free: 286232K (96%)
----------------- Invoking toplevel() on ptolemy.moml.MoMLSimpleApplication@4e7cce6
----------------- Done invoking toplevel() on ptolemy.moml.MoMLSimpleApplication@4e7cce6
reloadAllAccessors: .CausalityInterface15

[...]
java.lang.RuntimeException: Execution failed
	at ptolemy.moml.MoMLSimpleApplication$UnloadThread.run(MoMLSimpleApplication.java:402)
Caused by: ptolemy.kernel.util.IllegalActionException: Test fails in iteration 1.
Value was: 1.0. Should have been: 2.0
  in .DirectFeedback.Test
	at ptolemy.actor.lib.Test.fire(Test.java:268)
	at ptolemy.domains.de.kernel.DEDirector._fire(DEDirector.java:1949)
	at ptolemy.domains.de.kernel.DEDirector.fire(DEDirector.java:502)
	at ptolemy.actor.CompositeActor.fire(CompositeActor.java:455)
	at ptolemy.actor.Manager.iterate(Manager.java:851)
	at ptolemy.actor.Manager.execute(Manager.java:369)
	at ptolemy.actor.Manager.run(Manager.java:1263)
	at ptolemy.actor.Manager$PtolemyRunThread.run(Manager.java:1915)
java.lang.RuntimeException: Execution failed
	at ptolemy.moml.MoMLSimpleApplication$UnloadThread.run(MoMLSimpleApplication.java:402)
Caused by: ptolemy.kernel.util.IllegalActionException: Actor is not ready to fire.  Perhaps UpSample.prefire() returned false? Try debugging the actor by selecting "Listen to Actor".  Also, for SDF check moml for tokenConsumptionRate on input.
  in .DESDFClockTest.Play Bell.Copy1:SDF Director and .DESDFClockTest.Play Bell.UpSample
	at ptolemy.actor.sched.StaticSchedulingDirector.fire(StaticSchedulingDirector.java:227)
	at ptolemy.domains.sdf.kernel.SDFDirector.fire(SDFDirector.java:500)
	at ptolemy.actor.CompositeActor.fire(CompositeActor.java:455)
	at ptolemy.domains.de.kernel.DEDirector._fire(DEDirector.java:1949)
	at ptolemy.domains.de.kernel.DEDirector.fire(DEDirector.java:502)
	at ptolemy.actor.CompositeActor.fire(CompositeActor.java:455)
	at ptolemy.actor.Manager.iterate(Manager.java:851)
	at ptolemy.actor.Manager.execute(Manager.java:369)
	at ptolemy.actor.Manager.run(Manager.java:1263)
	at ptolemy.actor.Manager$PtolemyRunThread.run(Manager.java:1915)
java.lang.reflect.InvocationTargetException
	at sun.reflect.NativeConstructorAccessorImpl.newInstance0(Native Method)
	at sun.reflect.NativeConstructorAccessorImpl.newInstance(NativeConstructorAccessorImpl.java:62)
	at sun.reflect.DelegatingConstructorAccessorImpl.newInstance(DelegatingConstructorAccessorImpl.java:45)
	at java.lang.reflect.Constructor.newInstance(Constructor.java:423)
	at ptolemy.util.test.junit.AutoKnownFailedTests.RunModel(AutoKnownFailedTests.java:107)
	at sun.reflect.NativeMethodAccessorImpl.invoke0(Native Method)
	at sun.reflect.NativeMethodAccessorImpl.invoke(NativeMethodAccessorImpl.java:62)
	at sun.reflect.DelegatingMethodAccessorImpl.invoke(DelegatingMethodAccessorImpl.java:43)
	at java.lang.reflect.Method.invoke(Method.java:498)
	at org.junit.runners.model.FrameworkMethod$1.runReflectiveCall(FrameworkMethod.java:44)
	at org.junit.internal.runners.model.ReflectiveCallable.run(ReflectiveCallable.java:15)
	at org.junit.runners.model.FrameworkMethod.invokeExplosively(FrameworkMethod.java:41)
	at junitparams.internal.InvokeParameterisedMethod.evaluate(InvokeParameterisedMethod.java:102)
	at org.junit.internal.runners.statements.FailOnTimeout$1.run(FailOnTimeout.java:28)
Caused by: ptolemy.kernel.util.IllegalActionException: Actor is not ready to fire.  Perhaps UpSample.prefire() returned false? Try debugging the actor by selecting "Listen to Actor".  Also, for SDF check moml for tokenConsumptionRate on input.
  in .DESDFClockTest.Play Bell.Copy1:SDF Director and .DESDFClockTest.Play Bell.UpSample
	at ptolemy.actor.sched.StaticSchedulingDirector.fire(StaticSchedulingDirector.java:227)
	at ptolemy.domains.sdf.kernel.SDFDirector.fire(SDFDirector.java:500)
	at ptolemy.actor.CompositeActor.fire(CompositeActor.java:455)
	at ptolemy.domains.de.kernel.DEDirector._fire(DEDirector.java:1949)
	at ptolemy.domains.de.kernel.DEDirector.fire(DEDirector.java:502)
	at ptolemy.actor.CompositeActor.fire(CompositeActor.java:455)
	at ptolemy.actor.Manager.iterate(Manager.java:851)
	at ptolemy.actor.Manager.execute(Manager.java:369)
	at ptolemy.actor.Manager.run(Manager.java:1263)
	at ptolemy.actor.Manager$PtolemyRunThread.run(Manager.java:1915)
java.lang.RuntimeException: Execution failed
	at ptolemy.moml.MoMLSimpleApplication$UnloadThread.run(MoMLSimpleApplication.java:402)
Caused by: ptolemy.kernel.util.IllegalActionException: Test fails in iteration 1.
Value was: 1.0. Should have been: 2.0
  in .DirectFeedback.Test
	at ptolemy.actor.lib.Test.fire(Test.java:268)
	at ptolemy.domains.de.kernel.DEDirector._fire(DEDirector.java:1949)
	at ptolemy.domains.de.kernel.DEDirector.fire(DEDirector.java:502)
	at ptolemy.actor.CompositeActor.fire(CompositeActor.java:455)
	at ptolemy.actor.Manager.iterate(Manager.java:851)
	at ptolemy.actor.Manager.execute(Manager.java:369)
	at ptolemy.actor.Manager.run(Manager.java:1263)
	at ptolemy.actor.Manager$PtolemyRunThread.run(Manager.java:1915)
java.lang.reflect.InvocationTargetException
	at sun.reflect.NativeConstructorAccessorImpl.newInstance0(Native Method)
	at sun.reflect.NativeConstructorAccessorImpl.newInstance(NativeConstructorAccessorImpl.java:62)
	at sun.reflect.DelegatingConstructorAccessorImpl.newInstance(DelegatingConstructorAccessorImpl.java:45)
	at java.lang.reflect.Constructor.newInstance(Constructor.java:423)
	at ptolemy.util.test.junit.AutoKnownFailedTests.RunModel(AutoKnownFailedTests.java:107)
	at sun.reflect.NativeMethodAccessorImpl.invoke0(Native Method)
	at sun.reflect.NativeMethodAccessorImpl.invoke(NativeMethodAccessorImpl.java:62)
	at sun.reflect.DelegatingMethodAccessorImpl.invoke(DelegatingMethodAccessorImpl.java:43)
	at java.lang.reflect.Method.invoke(Method.java:498)
	at org.junit.runners.model.FrameworkMethod$1.runReflectiveCall(FrameworkMethod.java:44)
	at org.junit.internal.runners.model.ReflectiveCallable.run(ReflectiveCallable.java:15)
	at org.junit.runners.model.FrameworkMethod.invokeExplosively(FrameworkMethod.java:41)
	at junitparams.internal.InvokeParameterisedMethod.evaluate(InvokeParameterisedMethod.java:102)
	at org.junit.internal.runners.statements.FailOnTimeout$1.run(FailOnTimeout.java:28)
Caused by: ptolemy.kernel.util.IllegalActionException: Test fails in iteration 1.
Value was: 1.0. Should have been: 2.0
  in .DirectFeedback.Test
	at ptolemy.actor.lib.Test.fire(Test.java:268)
	at ptolemy.domains.de.kernel.DEDirector._fire(DEDirector.java:1949)
	at ptolemy.domains.de.kernel.DEDirector.fire(DEDirector.java:502)
	at ptolemy.actor.CompositeActor.fire(CompositeActor.java:455)
	at ptolemy.actor.Manager.iterate(Manager.java:851)
	at ptolemy.actor.Manager.execute(Manager.java:369)
	at ptolemy.actor.Manager.run(Manager.java:1263)
	at ptolemy.actor.Manager$PtolemyRunThread.run(Manager.java:1915)
java.lang.RuntimeException: Execution failed
	at ptolemy.moml.MoMLSimpleApplication$UnloadThread.run(MoMLSimpleApplication.java:402)
Caused by: ptolemy.kernel.util.IllegalActionException: Found a zero delay loop containing .HierarchicalModel.A
  in .HierarchicalModel and .HierarchicalModel.A
	at ptolemy.actor.util.CausalityInterfaceForComposites._computeOutputPortDepth(CausalityInterfaceForComposites.java:759)
	at ptolemy.actor.util.CausalityInterfaceForComposites._computeInputDepth(CausalityInterfaceForComposites.java:696)
	at ptolemy.actor.util.CausalityInterfaceForComposites._computeOutputPortDepth(CausalityInterfaceForComposites.java:765)
	at ptolemy.actor.util.CausalityInterfaceForComposites._computeInputDepth(CausalityInterfaceForComposites.java:696)
	at ptolemy.actor.util.CausalityInterfaceForComposites._computeOutputPortDepth(CausalityInterfaceForComposites.java:765)
	at ptolemy.actor.util.CausalityInterfaceForComposites._computeInputDepth(CausalityInterfaceForComposites.java:696)
	at ptolemy.actor.util.CausalityInterfaceForComposites._computeActorDepth(CausalityInterfaceForComposites.java:532)
	at ptolemy.actor.util.CausalityInterfaceForComposites.checkForCycles(CausalityInterfaceForComposites.java:96)
	at ptolemy.domains.de.kernel.DEDirector.preinitialize(DEDirector.java:1338)
	at ptolemy.actor.CompositeActor.preinitialize(CompositeActor.java:1828)
	at ptolemy.actor.Manager.preinitializeAndResolveTypes(Manager.java:1040)
	at ptolemy.actor.Manager.initialize(Manager.java:710)
	at ptolemy.actor.Manager.execute(Manager.java:356)
	at ptolemy.actor.Manager.run(Manager.java:1263)
	at ptolemy.actor.Manager$PtolemyRunThread.run(Manager.java:1915)
java.lang.reflect.InvocationTargetException
	at sun.reflect.NativeConstructorAccessorImpl.newInstance0(Native Method)
	at sun.reflect.NativeConstructorAccessorImpl.newInstance(NativeConstructorAccessorImpl.java:62)
	at sun.reflect.DelegatingConstructorAccessorImpl.newInstance(DelegatingConstructorAccessorImpl.java:45)
	at java.lang.reflect.Constructor.newInstance(Constructor.java:423)
	at ptolemy.util.test.junit.AutoKnownFailedTests.RunModel(AutoKnownFailedTests.java:107)
	at sun.reflect.NativeMethodAccessorImpl.invoke0(Native Method)
	at sun.reflect.NativeMethodAccessorImpl.invoke(NativeMethodAccessorImpl.java:62)
	at sun.reflect.DelegatingMethodAccessorImpl.invoke(DelegatingMethodAccessorImpl.java:43)
	at java.lang.reflect.Method.invoke(Method.java:498)
	at org.junit.runners.model.FrameworkMethod$1.runReflectiveCall(FrameworkMethod.java:44)
	at org.junit.internal.runners.model.ReflectiveCallable.run(ReflectiveCallable.java:15)
	at org.junit.runners.model.FrameworkMethod.invokeExplosively(FrameworkMethod.java:41)
	at junitparams.internal.InvokeParameterisedMethod.evaluate(InvokeParameterisedMethod.java:102)
	at org.junit.internal.runners.statements.FailOnTimeout$1.run(FailOnTimeout.java:28)
Caused by: ptolemy.kernel.util.IllegalActionException: Found a zero delay loop containing .HierarchicalModel.A
  in .HierarchicalModel and .HierarchicalModel.A
	at ptolemy.actor.util.CausalityInterfaceForComposites._computeOutputPortDepth(CausalityInterfaceForComposites.java:759)
	at ptolemy.actor.util.CausalityInterfaceForComposites._computeInputDepth(CausalityInterfaceForComposites.java:696)
	at ptolemy.actor.util.CausalityInterfaceForComposites._computeOutputPortDepth(CausalityInterfaceForComposites.java:765)
	at ptolemy.actor.util.CausalityInterfaceForComposites._computeInputDepth(CausalityInterfaceForComposites.java:696)
	at ptolemy.actor.util.CausalityInterfaceForComposites._computeOutputPortDepth(CausalityInterfaceForComposites.java:765)
	at ptolemy.actor.util.CausalityInterfaceForComposites._computeInputDepth(CausalityInterfaceForComposites.java:696)
	at ptolemy.actor.util.CausalityInterfaceForComposites._computeActorDepth(CausalityInterfaceForComposites.java:532)
	at ptolemy.actor.util.CausalityInterfaceForComposites.checkForCycles(CausalityInterfaceForComposites.java:96)
	at ptolemy.domains.de.kernel.DEDirector.preinitialize(DEDirector.java:1338)
	at ptolemy.actor.CompositeActor.preinitialize(CompositeActor.java:1828)
	at ptolemy.actor.Manager.preinitializeAndResolveTypes(Manager.java:1040)
	at ptolemy.actor.Manager.initialize(Manager.java:710)
	at ptolemy.actor.Manager.execute(Manager.java:356)
	at ptolemy.actor.Manager.run(Manager.java:1263)
	at ptolemy.actor.Manager$PtolemyRunThread.run(Manager.java:1915)
java.lang.RuntimeException: Execution failed
	at ptolemy.moml.MoMLSimpleApplication$UnloadThread.run(MoMLSimpleApplication.java:402)
Caused by: ptolemy.kernel.util.IllegalActionException: Found a zero delay loop containing .dependencyLoop.original
  in .dependencyLoop and .dependencyLoop.original
	at ptolemy.actor.util.CausalityInterfaceForComposites._computeOutputPortDepth(CausalityInterfaceForComposites.java:759)
	at ptolemy.actor.util.CausalityInterfaceForComposites._computeInputDepth(CausalityInterfaceForComposites.java:696)
	at ptolemy.actor.util.CausalityInterfaceForComposites._computeOutputPortDepth(CausalityInterfaceForComposites.java:765)
	at ptolemy.actor.util.CausalityInterfaceForComposites._computeInputDepth(CausalityInterfaceForComposites.java:696)
	at ptolemy.actor.util.CausalityInterfaceForComposites._computeOutputPortDepth(CausalityInterfaceForComposites.java:765)
	at ptolemy.actor.util.CausalityInterfaceForComposites._computeInputDepth(CausalityInterfaceForComposites.java:696)
	at ptolemy.actor.util.CausalityInterfaceForComposites._computeActorDepth(CausalityInterfaceForComposites.java:532)
	at ptolemy.actor.util.CausalityInterfaceForComposites.checkForCycles(CausalityInterfaceForComposites.java:96)
	at ptolemy.domains.de.kernel.DEDirector.preinitialize(DEDirector.java:1338)
	at ptolemy.actor.CompositeActor.preinitialize(CompositeActor.java:1828)
	at ptolemy.actor.Manager.preinitializeAndResolveTypes(Manager.java:1040)
	at ptolemy.actor.Manager.initialize(Manager.java:710)
	at ptolemy.actor.Manager.execute(Manager.java:356)
	at ptolemy.actor.Manager.run(Manager.java:1263)
	at ptolemy.actor.Manager$PtolemyRunThread.run(Manager.java:1915)
java.lang.reflect.InvocationTargetException
	at sun.reflect.NativeConstructorAccessorImpl.newInstance0(Native Method)
	at sun.reflect.NativeConstructorAccessorImpl.newInstance(NativeConstructorAccessorImpl.java:62)
	at sun.reflect.DelegatingConstructorAccessorImpl.newInstance(DelegatingConstructorAccessorImpl.java:45)
	at java.lang.reflect.Constructor.newInstance(Constructor.java:423)
	at ptolemy.util.test.junit.AutoKnownFailedTests.RunModel(AutoKnownFailedTests.java:107)
	at sun.reflect.NativeMethodAccessorImpl.invoke0(Native Method)
	at sun.reflect.NativeMethodAccessorImpl.invoke(NativeMethodAccessorImpl.java:62)
	at sun.reflect.DelegatingMethodAccessorImpl.invoke(DelegatingMethodAccessorImpl.java:43)
	at java.lang.reflect.Method.invoke(Method.java:498)
	at org.junit.runners.model.FrameworkMethod$1.runReflectiveCall(FrameworkMethod.java:44)
	at org.junit.internal.runners.model.ReflectiveCallable.run(ReflectiveCallable.java:15)
	at org.junit.runners.model.FrameworkMethod.invokeExplosively(FrameworkMethod.java:41)
	at junitparams.internal.InvokeParameterisedMethod.evaluate(InvokeParameterisedMethod.java:102)
	at org.junit.internal.runners.statements.FailOnTimeout$1.run(FailOnTimeout.java:28)
Caused by: ptolemy.kernel.util.IllegalActionException: Found a zero delay loop containing .dependencyLoop.original
  in .dependencyLoop and .dependencyLoop.original
	at ptolemy.actor.util.CausalityInterfaceForComposites._computeOutputPortDepth(CausalityInterfaceForComposites.java:759)
	at ptolemy.actor.util.CausalityInterfaceForComposites._computeInputDepth(CausalityInterfaceForComposites.java:696)
	at ptolemy.actor.util.CausalityInterfaceForComposites._computeOutputPortDepth(CausalityInterfaceForComposites.java:765)
	at ptolemy.actor.util.CausalityInterfaceForComposites._computeInputDepth(CausalityInterfaceForComposites.java:696)
	at ptolemy.actor.util.CausalityInterfaceForComposites._computeOutputPortDepth(CausalityInterfaceForComposites.java:765)
	at ptolemy.actor.util.CausalityInterfaceForComposites._computeInputDepth(CausalityInterfaceForComposites.java:696)
	at ptolemy.actor.util.CausalityInterfaceForComposites._computeActorDepth(CausalityInterfaceForComposites.java:532)
	at ptolemy.actor.util.CausalityInterfaceForComposites.checkForCycles(CausalityInterfaceForComposites.java:96)
	at ptolemy.domains.de.kernel.DEDirector.preinitialize(DEDirector.java:1338)
	at ptolemy.actor.CompositeActor.preinitialize(CompositeActor.java:1828)
	at ptolemy.actor.Manager.preinitializeAndResolveTypes(Manager.java:1040)
	at ptolemy.actor.Manager.initialize(Manager.java:710)
	at ptolemy.actor.Manager.execute(Manager.java:356)
	at ptolemy.actor.Manager.run(Manager.java:1263)
	at ptolemy.actor.Manager$PtolemyRunThread.run(Manager.java:1915)
java.lang.RuntimeException: Execution failed
	at ptolemy.moml.MoMLSimpleApplication$UnloadThread.run(MoMLSimpleApplication.java:402)
Caused by: ptolemy.kernel.util.IllegalActionException: Found a zero delay loop containing .dependencyLoop2.original
  in .dependencyLoop2 and .dependencyLoop2.original
	at ptolemy.actor.util.CausalityInterfaceForComposites._computeOutputPortDepth(CausalityInterfaceForComposites.java:759)
	at ptolemy.actor.util.CausalityInterfaceForComposites._computeInputDepth(CausalityInterfaceForComposites.java:696)
	at ptolemy.actor.util.CausalityInterfaceForComposites._computeOutputPortDepth(CausalityInterfaceForComposites.java:765)
	at ptolemy.actor.util.CausalityInterfaceForComposites._computeInputDepth(CausalityInterfaceForComposites.java:696)
	at ptolemy.actor.util.CausalityInterfaceForComposites._computeOutputPortDepth(CausalityInterfaceForComposites.java:765)
	at ptolemy.actor.util.CausalityInterfaceForComposites._computeInputDepth(CausalityInterfaceForComposites.java:696)
	at ptolemy.actor.util.CausalityInterfaceForComposites._computeActorDepth(CausalityInterfaceForComposites.java:532)
	at ptolemy.actor.util.CausalityInterfaceForComposites.checkForCycles(CausalityInterfaceForComposites.java:96)
	at ptolemy.domains.de.kernel.DEDirector.preinitialize(DEDirector.java:1338)
	at ptolemy.actor.CompositeActor.preinitialize(CompositeActor.java:1828)
	at ptolemy.actor.Manager.preinitializeAndResolveTypes(Manager.java:1040)
	at ptolemy.actor.Manager.initialize(Manager.java:710)
	at ptolemy.actor.Manager.execute(Manager.java:356)
	at ptolemy.actor.Manager.run(Manager.java:1263)
	at ptolemy.actor.Manager$PtolemyRunThread.run(Manager.java:1915)
java.lang.reflect.InvocationTargetException
	at sun.reflect.NativeConstructorAccessorImpl.newInstance0(Native Method)
	at sun.reflect.NativeConstructorAccessorImpl.newInstance(NativeConstructorAccessorImpl.java:62)
	at sun.reflect.DelegatingConstructorAccessorImpl.newInstance(DelegatingConstructorAccessorImpl.java:45)
	at java.lang.reflect.Constructor.newInstance(Constructor.java:423)
	at ptolemy.util.test.junit.AutoKnownFailedTests.RunModel(AutoKnownFailedTests.java:107)
	at sun.reflect.NativeMethodAccessorImpl.invoke0(Native Method)
	at sun.reflect.NativeMethodAccessorImpl.invoke(NativeMethodAccessorImpl.java:62)
	at sun.reflect.DelegatingMethodAccessorImpl.invoke(DelegatingMethodAccessorImpl.java:43)
	at java.lang.reflect.Method.invoke(Method.java:498)
	at org.junit.runners.model.FrameworkMethod$1.runReflectiveCall(FrameworkMethod.java:44)
	at org.junit.internal.runners.model.ReflectiveCallable.run(ReflectiveCallable.java:15)
	at org.junit.runners.model.FrameworkMethod.invokeExplosively(FrameworkMethod.java:41)
	at junitparams.internal.InvokeParameterisedMethod.evaluate(InvokeParameterisedMethod.java:102)
	at org.junit.internal.runners.statements.FailOnTimeout$1.run(FailOnTimeout.java:28)
Caused by: ptolemy.kernel.util.IllegalActionException: Found a zero delay loop containing .dependencyLoop2.original
  in .dependencyLoop2 and .dependencyLoop2.original
	at ptolemy.actor.util.CausalityInterfaceForComposites._computeOutputPortDepth(CausalityInterfaceForComposites.java:759)
	at ptolemy.actor.util.CausalityInterfaceForComposites._computeInputDepth(CausalityInterfaceForComposites.java:696)
	at ptolemy.actor.util.CausalityInterfaceForComposites._computeOutputPortDepth(CausalityInterfaceForComposites.java:765)
	at ptolemy.actor.util.CausalityInterfaceForComposites._computeInputDepth(CausalityInterfaceForComposites.java:696)
	at ptolemy.actor.util.CausalityInterfaceForComposites._computeOutputPortDepth(CausalityInterfaceForComposites.java:765)
	at ptolemy.actor.util.CausalityInterfaceForComposites._computeInputDepth(CausalityInterfaceForComposites.java:696)
	at ptolemy.actor.util.CausalityInterfaceForComposites._computeActorDepth(CausalityInterfaceForComposites.java:532)
	at ptolemy.actor.util.CausalityInterfaceForComposites.checkForCycles(CausalityInterfaceForComposites.java:96)
	at ptolemy.domains.de.kernel.DEDirector.preinitialize(DEDirector.java:1338)
	at ptolemy.actor.CompositeActor.preinitialize(CompositeActor.java:1828)
	at ptolemy.actor.Manager.preinitializeAndResolveTypes(Manager.java:1040)
	at ptolemy.actor.Manager.initialize(Manager.java:710)
	at ptolemy.actor.Manager.execute(Manager.java:356)
	at ptolemy.actor.Manager.run(Manager.java:1263)
	at ptolemy.actor.Manager$PtolemyRunThread.run(Manager.java:1915)
]]></system-err>
</testsuite>
