<?xml version="1.0" encoding="UTF-8" ?>
<testsuite errors="0" failures="0" hostname="travis-job-e039a82f-0a15-43ad-874d-7961c80a0cc9" name="ptolemy.actor.lib.hoc.test.junit.JUnitTclTest" skipped="0" tests="58" time="30.727" timestamp="2020-08-30T15:34:08">
  <properties>
[...]
</properties>
  <testcase classname="ptolemy.util.test.junit.TclTests" name="[0] /home/travis/build/icyphy/ptII/ptolemy/actor/lib/hoc/test/IterateOverArray.tcl (RunTclFile)" time="0.287" />
  <testcase classname="ptolemy.util.test.junit.AutoKnownFailedTests" name="[0] /home/travis/build/icyphy/ptII/ptolemy/actor/lib/hoc/test/auto/knownFailedTests/PreinitializeMustBeInvokedRunComposite.xml (RunModel)" time="0.389" />
  <testcase classname="ptolemy.util.test.junit.AutoNameArchTests" name="[0] ThereAreNoAutoArchTests (RunModel)" time="0.006" />
  <testcase classname="ptolemy.util.test.junit.AutoTests" name="[0] /home/travis/build/icyphy/ptII/ptolemy/actor/lib/hoc/test/auto/AllToAllMultiInstanceComposite.xml (RunModel)" time="0.396" />
  <testcase classname="ptolemy.util.test.junit.AutoTests" name="[1] /home/travis/build/icyphy/ptII/ptolemy/actor/lib/hoc/test/auto/ApplyFFTTest.xml (RunModel)" time="0.36" />
  <testcase classname="ptolemy.util.test.junit.AutoTests" name="[2] /home/travis/build/icyphy/ptII/ptolemy/actor/lib/hoc/test/auto/ApplyFunction.xml (RunModel)" time="0.069" />
  <testcase classname="ptolemy.util.test.junit.AutoTests" name="[3] /home/travis/build/icyphy/ptII/ptolemy/actor/lib/hoc/test/auto/BackgroundExecution.xml (RunModel)" time="0.752" />
  <testcase classname="ptolemy.util.test.junit.AutoTests" name="[4] /home/travis/build/icyphy/ptII/ptolemy/actor/lib/hoc/test/auto/Case.xml (RunModel)" time="0.063" />
  <testcase classname="ptolemy.util.test.junit.AutoTests" name="[5] /home/travis/build/icyphy/ptII/ptolemy/actor/lib/hoc/test/auto/Case1.xml (RunModel)" time="0.059" />
  <testcase classname="ptolemy.util.test.junit.AutoTests" name="[6] /home/travis/build/icyphy/ptII/ptolemy/actor/lib/hoc/test/auto/Case2.xml (RunModel)" time="0.075" />
  <testcase classname="ptolemy.util.test.junit.AutoTests" name="[7] /home/travis/build/icyphy/ptII/ptolemy/actor/lib/hoc/test/auto/Case3.xml (RunModel)" time="0.065" />
  <testcase classname="ptolemy.util.test.junit.AutoTests" name="[8] /home/travis/build/icyphy/ptII/ptolemy/actor/lib/hoc/test/auto/Case4.xml (RunModel)" time="0.044" />
  <testcase classname="ptolemy.util.test.junit.AutoTests" name="[9] /home/travis/build/icyphy/ptII/ptolemy/actor/lib/hoc/test/auto/Case5.xml (RunModel)" time="0.04" />
  <testcase classname="ptolemy.util.test.junit.AutoTests" name="[10] /home/travis/build/icyphy/ptII/ptolemy/actor/lib/hoc/test/auto/Case6.xml (RunModel)" time="0.075" />
  <testcase classname="ptolemy.util.test.junit.AutoTests" name="[11] /home/travis/build/icyphy/ptII/ptolemy/actor/lib/hoc/test/auto/CaseString2.xml (RunModel)" time="0.057" />
  <testcase classname="ptolemy.util.test.junit.AutoTests" name="[12] /home/travis/build/icyphy/ptII/ptolemy/actor/lib/hoc/test/auto/CatchUpComposite1.xml (RunModel)" time="0.08" />
  <testcase classname="ptolemy.util.test.junit.AutoTests" name="[13] /home/travis/build/icyphy/ptII/ptolemy/actor/lib/hoc/test/auto/CatchUpComposite2.xml (RunModel)" time="0.038" />
  <testcase classname="ptolemy.util.test.junit.AutoTests" name="[14] /home/travis/build/icyphy/ptII/ptolemy/actor/lib/hoc/test/auto/CatchUpComposite3.xml (RunModel)" time="0.067" />
  <testcase classname="ptolemy.util.test.junit.AutoTests" name="[15] /home/travis/build/icyphy/ptII/ptolemy/actor/lib/hoc/test/auto/CatchUpComposite4.xml (RunModel)" time="0.073" />
  <testcase classname="ptolemy.util.test.junit.AutoTests" name="[16] /home/travis/build/icyphy/ptII/ptolemy/actor/lib/hoc/test/auto/CatchUpComposite5.xml (RunModel)" time="0.04" />
  <testcase classname="ptolemy.util.test.junit.AutoTests" name="[17] /home/travis/build/icyphy/ptII/ptolemy/actor/lib/hoc/test/auto/CatchUpComposite6.xml (RunModel)" time="0.179" />
  <testcase classname="ptolemy.util.test.junit.AutoTests" name="[18] /home/travis/build/icyphy/ptII/ptolemy/actor/lib/hoc/test/auto/CatchUpComposite7.xml (RunModel)" time="0.08" />
  <testcase classname="ptolemy.util.test.junit.AutoTests" name="[19] /home/travis/build/icyphy/ptII/ptolemy/actor/lib/hoc/test/auto/ConcurrentExecutionTimeSDF.xml (RunModel)" time="1.004" />
  <testcase classname="ptolemy.util.test.junit.AutoTests" name="[20] /home/travis/build/icyphy/ptII/ptolemy/actor/lib/hoc/test/auto/ConcurrentSleep.xml (RunModel)" time="0.756" />
  <testcase classname="ptolemy.util.test.junit.AutoTests" name="[21] /home/travis/build/icyphy/ptII/ptolemy/actor/lib/hoc/test/auto/DEInPNInRunCompositeActor.xml (RunModel)" time="0.04" />
  <testcase classname="ptolemy.util.test.junit.AutoTests" name="[22] /home/travis/build/icyphy/ptII/ptolemy/actor/lib/hoc/test/auto/DFTSubSetTest.xml (RunModel)" time="0.275" />
  <testcase classname="ptolemy.util.test.junit.AutoTests" name="[23] /home/travis/build/icyphy/ptII/ptolemy/actor/lib/hoc/test/auto/HocDE.xml (RunModel)" time="0.128" />
  <testcase classname="ptolemy.util.test.junit.AutoTests" name="[24] /home/travis/build/icyphy/ptII/ptolemy/actor/lib/hoc/test/auto/IterateOverArray.xml (RunModel)" time="0.019" />
  <testcase classname="ptolemy.util.test.junit.AutoTests" name="[25] /home/travis/build/icyphy/ptII/ptolemy/actor/lib/hoc/test/auto/IterateOverArray10.xml (RunModel)" time="0.023" />
  <testcase classname="ptolemy.util.test.junit.AutoTests" name="[26] /home/travis/build/icyphy/ptII/ptolemy/actor/lib/hoc/test/auto/IterateOverArray11.xml (RunModel)" time="0.024" />
  <testcase classname="ptolemy.util.test.junit.AutoTests" name="[27] /home/travis/build/icyphy/ptII/ptolemy/actor/lib/hoc/test/auto/IterateOverArray12.xml (RunModel)" time="0.034" />
  <testcase classname="ptolemy.util.test.junit.AutoTests" name="[28] /home/travis/build/icyphy/ptII/ptolemy/actor/lib/hoc/test/auto/IterateOverArray13.xml (RunModel)" time="0.12" />
  <testcase classname="ptolemy.util.test.junit.AutoTests" name="[29] /home/travis/build/icyphy/ptII/ptolemy/actor/lib/hoc/test/auto/IterateOverArray14.xml (RunModel)" time="0.167" />
  <testcase classname="ptolemy.util.test.junit.AutoTests" name="[30] /home/travis/build/icyphy/ptII/ptolemy/actor/lib/hoc/test/auto/IterateOverArray2.xml (RunModel)" time="0.025" />
  <testcase classname="ptolemy.util.test.junit.AutoTests" name="[31] /home/travis/build/icyphy/ptII/ptolemy/actor/lib/hoc/test/auto/IterateOverArray3.xml (RunModel)" time="0.04" />
  <testcase classname="ptolemy.util.test.junit.AutoTests" name="[32] /home/travis/build/icyphy/ptII/ptolemy/actor/lib/hoc/test/auto/IterateOverArray4.xml (RunModel)" time="0.027" />
  <testcase classname="ptolemy.util.test.junit.AutoTests" name="[33] /home/travis/build/icyphy/ptII/ptolemy/actor/lib/hoc/test/auto/IterateOverArray5.xml (RunModel)" time="0.015" />
  <testcase classname="ptolemy.util.test.junit.AutoTests" name="[34] /home/travis/build/icyphy/ptII/ptolemy/actor/lib/hoc/test/auto/IterateOverArray6.xml (RunModel)" time="0.016" />
  <testcase classname="ptolemy.util.test.junit.AutoTests" name="[35] /home/travis/build/icyphy/ptII/ptolemy/actor/lib/hoc/test/auto/IterateOverArray7.xml (RunModel)" time="0.021" />
  <testcase classname="ptolemy.util.test.junit.AutoTests" name="[36] /home/travis/build/icyphy/ptII/ptolemy/actor/lib/hoc/test/auto/IterateOverArray8.xml (RunModel)" time="0.018" />
  <testcase classname="ptolemy.util.test.junit.AutoTests" name="[37] /home/travis/build/icyphy/ptII/ptolemy/actor/lib/hoc/test/auto/IterateOverArray9.xml (RunModel)" time="0.017" />
  <testcase classname="ptolemy.util.test.junit.AutoTests" name="[38] /home/travis/build/icyphy/ptII/ptolemy/actor/lib/hoc/test/auto/IterateOverArrayCoercedOutputType.xml (RunModel)" time="0.043" />
  <testcase classname="ptolemy.util.test.junit.AutoTests" name="[39] /home/travis/build/icyphy/ptII/ptolemy/actor/lib/hoc/test/auto/IterateOverArrayInferredOutputType.xml (RunModel)" time="0.015" />
  <testcase classname="ptolemy.util.test.junit.AutoTests" name="[40] /home/travis/build/icyphy/ptII/ptolemy/actor/lib/hoc/test/auto/MobileFunctionTest.xml (RunModel)" time="0.014" />
  <testcase classname="ptolemy.util.test.junit.AutoTests" name="[41] /home/travis/build/icyphy/ptII/ptolemy/actor/lib/hoc/test/auto/MobileModelTest.xml (RunModel)" time="0.192" />
  <testcase classname="ptolemy.util.test.junit.AutoTests" name="[42] /home/travis/build/icyphy/ptII/ptolemy/actor/lib/hoc/test/auto/ModelReference.xml (RunModel)" time="0.075" />
  <testcase classname="ptolemy.util.test.junit.AutoTests" name="[43] /home/travis/build/icyphy/ptII/ptolemy/actor/lib/hoc/test/auto/ModelReference3.xml (RunModel)" time="0.042" />
  <testcase classname="ptolemy.util.test.junit.AutoTests" name="[44] /home/travis/build/icyphy/ptII/ptolemy/actor/lib/hoc/test/auto/ModelReference4.xml (RunModel)" time="10.026" />
  <testcase classname="ptolemy.util.test.junit.AutoTests" name="[45] /home/travis/build/icyphy/ptII/ptolemy/actor/lib/hoc/test/auto/MultiInstanceComposite.xml (RunModel)" time="0.052" />
  <testcase classname="ptolemy.util.test.junit.AutoTests" name="[46] /home/travis/build/icyphy/ptII/ptolemy/actor/lib/hoc/test/auto/MultiInstanceComposite2.xml (RunModel)" time="0.045" />
  <testcase classname="ptolemy.util.test.junit.AutoTests" name="[47] /home/travis/build/icyphy/ptII/ptolemy/actor/lib/hoc/test/auto/MulticoreExecution.xml (RunModel)" time="1.052" />
  <testcase classname="ptolemy.util.test.junit.AutoTests" name="[48] /home/travis/build/icyphy/ptII/ptolemy/actor/lib/hoc/test/auto/ParallelExecution.xml (RunModel)" time="0.951" />
  <testcase classname="ptolemy.util.test.junit.AutoTests" name="[49] /home/travis/build/icyphy/ptII/ptolemy/actor/lib/hoc/test/auto/RunCompositeActor.xml (RunModel)" time="0.027" />
  <testcase classname="ptolemy.util.test.junit.AutoTests" name="[50] /home/travis/build/icyphy/ptII/ptolemy/actor/lib/hoc/test/auto/RunCompositeActor2.xml (RunModel)" time="0.039" />
  <testcase classname="ptolemy.util.test.junit.AutoTests" name="[51] /home/travis/build/icyphy/ptII/ptolemy/actor/lib/hoc/test/auto/RunCompositeActor3.xml (RunModel)" time="0.034" />
  <testcase classname="ptolemy.util.test.junit.AutoTests" name="[52] /home/travis/build/icyphy/ptII/ptolemy/actor/lib/hoc/test/auto/RunCompositeActor4.xml (RunModel)" time="0.023" />
  <testcase classname="ptolemy.util.test.junit.AutoTests" name="[53] /home/travis/build/icyphy/ptII/ptolemy/actor/lib/hoc/test/auto/RunCompositeIterateOverArray.xml (RunModel)" time="0.026" />
  <testcase classname="ptolemy.util.test.junit.AutoTests" name="[54] /home/travis/build/icyphy/ptII/ptolemy/actor/lib/hoc/test/auto/ThreadedJS.xml (RunModel)" time="11.342" />
  <system-out><![CDATA[/home/travis/build/icyphy/ptII/ptolemy/actor/lib/hoc/test/IterateOverArray.tcl
testDefs.tcl: setting time out to 9000 seconds at Sun Aug 30 15:34:08 UTC 2020
08/30/20 03:34:08
Failed: 0  Total Tests: 2  ((Passed: 2, Newly Passed: 0)  Known Failed: 0) /home/travis/build/icyphy/ptII/ptolemy/actor/lib/hoc/test
----------------- testing (KnownFailure) /home/travis/build/icyphy/ptII/ptolemy/actor/lib/hoc/test/auto/knownFailedTests/PreinitializeMustBeInvokedRunComposite.xml
115 ms. Memory: 129024K Free: 86470K (67%)
Known Failure: java.lang.reflect.InvocationTargetException
No auto/linux-amd64/*.xml tests in /home/travis/build/icyphy/ptII/ptolemy/actor/lib/hoc/test
AutoTests.java: About to close Vertx.
AutoTests.java: Vertx closed.

===========================================================================================
----------------- testing Sun Aug 30 15:34:09 UTC 2020 /home/travis/build/icyphy/ptII/ptolemy/actor/lib/hoc/test/auto/AllToAllMultiInstanceComposite.xml
----------------- Instantiating /home/travis/build/icyphy/ptII/ptolemy/actor/lib/hoc/test/auto/AllToAllMultiInstanceComposite.xml
130 ms. Memory: 129024K Free: 100451K (78%)
----------------- Invoking toplevel() on ptolemy.moml.MoMLSimpleApplication@2280ca15
----------------- Done invoking toplevel() on ptolemy.moml.MoMLSimpleApplication@2280ca15
reloadAllAccessors: .AllToAllMultiInstanceComposite

===========================================================================================
----------------- testing Sun Aug 30 15:34:10 UTC 2020 /home/travis/build/icyphy/ptII/ptolemy/actor/lib/hoc/test/auto/ApplyFFTTest.xml
----------------- Instantiating /home/travis/build/icyphy/ptII/ptolemy/actor/lib/hoc/test/auto/ApplyFFTTest.xml
160 ms. Memory: 129024K Free: 81316K (63%)
----------------- Invoking toplevel() on ptolemy.moml.MoMLSimpleApplication@612e9793
----------------- Done invoking toplevel() on ptolemy.moml.MoMLSimpleApplication@612e9793
reloadAllAccessors: .ApplyFFTTest

===========================================================================================
----------------- testing Sun Aug 30 15:34:10 UTC 2020 /home/travis/build/icyphy/ptII/ptolemy/actor/lib/hoc/test/auto/ApplyFunction.xml
----------------- Instantiating /home/travis/build/icyphy/ptII/ptolemy/actor/lib/hoc/test/auto/ApplyFunction.xml
6 ms. Memory: 129024K Free: 78212K (61%)
----------------- Invoking toplevel() on ptolemy.moml.MoMLSimpleApplication@61726634
----------------- Done invoking toplevel() on ptolemy.moml.MoMLSimpleApplication@61726634
reloadAllAccessors: .ApplyFunction

===========================================================================================
----------------- testing Sun Aug 30 15:34:10 UTC 2020 /home/travis/build/icyphy/ptII/ptolemy/actor/lib/hoc/test/auto/BackgroundExecution.xml
----------------- Instantiating /home/travis/build/icyphy/ptII/ptolemy/actor/lib/hoc/test/auto/BackgroundExecution.xml
629 ms. Memory: 129024K Free: 71376K (55%)
----------------- Invoking toplevel() on ptolemy.moml.MoMLSimpleApplication@6cd6912d
----------------- Done invoking toplevel() on ptolemy.moml.MoMLSimpleApplication@6cd6912d
reloadAllAccessors: .BackgroundExecution

===========================================================================================
----------------- testing Sun Aug 30 15:34:11 UTC 2020 /home/travis/build/icyphy/ptII/ptolemy/actor/lib/hoc/test/auto/Case.xml
----------------- Instantiating /home/travis/build/icyphy/ptII/ptolemy/actor/lib/hoc/test/auto/Case.xml
20 ms. Memory: 129024K Free: 107976K (84%)
----------------- Invoking toplevel() on ptolemy.moml.MoMLSimpleApplication@4a19e66b
----------------- Done invoking toplevel() on ptolemy.moml.MoMLSimpleApplication@4a19e66b
reloadAllAccessors: .Case

===========================================================================================
----------------- testing Sun Aug 30 15:34:11 UTC 2020 /home/travis/build/icyphy/ptII/ptolemy/actor/lib/hoc/test/auto/Case1.xml
----------------- Instantiating /home/travis/build/icyphy/ptII/ptolemy/actor/lib/hoc/test/auto/Case1.xml
23 ms. Memory: 129024K Free: 101634K (79%)
----------------- Invoking toplevel() on ptolemy.moml.MoMLSimpleApplication@6db0fd7a
----------------- Done invoking toplevel() on ptolemy.moml.MoMLSimpleApplication@6db0fd7a
reloadAllAccessors: .Case1

===========================================================================================
----------------- testing Sun Aug 30 15:34:11 UTC 2020 /home/travis/build/icyphy/ptII/ptolemy/actor/lib/hoc/test/auto/Case2.xml
----------------- Instantiating /home/travis/build/icyphy/ptII/ptolemy/actor/lib/hoc/test/auto/Case2.xml
23 ms. Memory: 129024K Free: 91051K (71%)
----------------- Invoking toplevel() on ptolemy.moml.MoMLSimpleApplication@4bbdc310
----------------- Done invoking toplevel() on ptolemy.moml.MoMLSimpleApplication@4bbdc310
reloadAllAccessors: .Case2

===========================================================================================
----------------- testing Sun Aug 30 15:34:11 UTC 2020 /home/travis/build/icyphy/ptII/ptolemy/actor/lib/hoc/test/auto/Case3.xml
----------------- Instantiating /home/travis/build/icyphy/ptII/ptolemy/actor/lib/hoc/test/auto/Case3.xml
15 ms. Memory: 129024K Free: 85250K (66%)
----------------- Invoking toplevel() on ptolemy.moml.MoMLSimpleApplication@195e58cc
----------------- Done invoking toplevel() on ptolemy.moml.MoMLSimpleApplication@195e58cc
reloadAllAccessors: .Case3

===========================================================================================
----------------- testing Sun Aug 30 15:34:11 UTC 2020 /home/travis/build/icyphy/ptII/ptolemy/actor/lib/hoc/test/auto/Case4.xml
----------------- Instantiating /home/travis/build/icyphy/ptII/ptolemy/actor/lib/hoc/test/auto/Case4.xml
12 ms. Memory: 129024K Free: 77373K (60%)
----------------- Invoking toplevel() on ptolemy.moml.MoMLSimpleApplication@349ac25a
----------------- Done invoking toplevel() on ptolemy.moml.MoMLSimpleApplication@349ac25a
reloadAllAccessors: .Case4

===========================================================================================
----------------- testing Sun Aug 30 15:34:11 UTC 2020 /home/travis/build/icyphy/ptII/ptolemy/actor/lib/hoc/test/auto/Case5.xml
----------------- Instantiating /home/travis/build/icyphy/ptII/ptolemy/actor/lib/hoc/test/auto/Case5.xml
22 ms. Memory: 129024K Free: 71223K (55%)
----------------- Invoking toplevel() on ptolemy.moml.MoMLSimpleApplication@1b1d7ab3
----------------- Done invoking toplevel() on ptolemy.moml.MoMLSimpleApplication@1b1d7ab3
reloadAllAccessors: .junk

===========================================================================================
----------------- testing Sun Aug 30 15:34:11 UTC 2020 /home/travis/build/icyphy/ptII/ptolemy/actor/lib/hoc/test/auto/Case6.xml
----------------- Instantiating /home/travis/build/icyphy/ptII/ptolemy/actor/lib/hoc/test/auto/Case6.xml
29 ms. Memory: 129024K Free: 110928K (86%)
----------------- Invoking toplevel() on ptolemy.moml.MoMLSimpleApplication@406a9388
----------------- Done invoking toplevel() on ptolemy.moml.MoMLSimpleApplication@406a9388
reloadAllAccessors: .Case6

===========================================================================================
----------------- testing Sun Aug 30 15:34:11 UTC 2020 /home/travis/build/icyphy/ptII/ptolemy/actor/lib/hoc/test/auto/CaseString2.xml
----------------- Instantiating /home/travis/build/icyphy/ptII/ptolemy/actor/lib/hoc/test/auto/CaseString2.xml
18 ms. Memory: 129024K Free: 103037K (80%)
----------------- Invoking toplevel() on ptolemy.moml.MoMLSimpleApplication@71b0357f
----------------- Done invoking toplevel() on ptolemy.moml.MoMLSimpleApplication@71b0357f
reloadAllAccessors: .CaseString2

===========================================================================================
----------------- testing Sun Aug 30 15:34:11 UTC 2020 /home/travis/build/icyphy/ptII/ptolemy/actor/lib/hoc/test/auto/CatchUpComposite1.xml
----------------- Instantiating /home/travis/build/icyphy/ptII/ptolemy/actor/lib/hoc/test/auto/CatchUpComposite1.xml
40 ms. Memory: 129024K Free: 94189K (73%)
----------------- Invoking toplevel() on ptolemy.moml.MoMLSimpleApplication@2b520bb
----------------- Done invoking toplevel() on ptolemy.moml.MoMLSimpleApplication@2b520bb
reloadAllAccessors: .CatchUpComposite1

===========================================================================================
----------------- testing Sun Aug 30 15:34:11 UTC 2020 /home/travis/build/icyphy/ptII/ptolemy/actor/lib/hoc/test/auto/CatchUpComposite2.xml
----------------- Instantiating /home/travis/build/icyphy/ptII/ptolemy/actor/lib/hoc/test/auto/CatchUpComposite2.xml
10 ms. Memory: 129024K Free: 85667K (66%)
----------------- Invoking toplevel() on ptolemy.moml.MoMLSimpleApplication@3352cbd0
----------------- Done invoking toplevel() on ptolemy.moml.MoMLSimpleApplication@3352cbd0
reloadAllAccessors: .CatchUpComposite2

===========================================================================================
----------------- testing Sun Aug 30 15:34:11 UTC 2020 /home/travis/build/icyphy/ptII/ptolemy/actor/lib/hoc/test/auto/CatchUpComposite3.xml
----------------- Instantiating /home/travis/build/icyphy/ptII/ptolemy/actor/lib/hoc/test/auto/CatchUpComposite3.xml
23 ms. Memory: 129024K Free: 77460K (60%)
----------------- Invoking toplevel() on ptolemy.moml.MoMLSimpleApplication@2e439b16
----------------- Done invoking toplevel() on ptolemy.moml.MoMLSimpleApplication@2e439b16
reloadAllAccessors: .CatchUpComposite3

===========================================================================================
----------------- testing Sun Aug 30 15:34:12 UTC 2020 /home/travis/build/icyphy/ptII/ptolemy/actor/lib/hoc/test/auto/CatchUpComposite4.xml
----------------- Instantiating /home/travis/build/icyphy/ptII/ptolemy/actor/lib/hoc/test/auto/CatchUpComposite4.xml
19 ms. Memory: 129024K Free: 69164K (54%)
----------------- Invoking toplevel() on ptolemy.moml.MoMLSimpleApplication@78819a17
----------------- Done invoking toplevel() on ptolemy.moml.MoMLSimpleApplication@78819a17
reloadAllAccessors: .CatchUpComposite4

===========================================================================================
----------------- testing Sun Aug 30 15:34:12 UTC 2020 /home/travis/build/icyphy/ptII/ptolemy/actor/lib/hoc/test/auto/CatchUpComposite5.xml
----------------- Instantiating /home/travis/build/icyphy/ptII/ptolemy/actor/lib/hoc/test/auto/CatchUpComposite5.xml
9 ms. Memory: 129024K Free: 61746K (48%)
----------------- Invoking toplevel() on ptolemy.moml.MoMLSimpleApplication@4b575176
----------------- Done invoking toplevel() on ptolemy.moml.MoMLSimpleApplication@4b575176
reloadAllAccessors: .CatchUpComposite5

===========================================================================================
----------------- testing Sun Aug 30 15:34:12 UTC 2020 /home/travis/build/icyphy/ptII/ptolemy/actor/lib/hoc/test/auto/CatchUpComposite6.xml
----------------- Instantiating /home/travis/build/icyphy/ptII/ptolemy/actor/lib/hoc/test/auto/CatchUpComposite6.xml
WARNING: The execution aspects in this model can influence the timing of actors by delaying the 
execution, potentially changing the behavior. There is no guarantee that actors fire at the 
time they request to be fired. 
Use Ptides for deterministic DE behavior that is not influenced by execution aspects. 

95 ms. Memory: 129024K Free: 111354K (86%)
----------------- Invoking toplevel() on ptolemy.moml.MoMLSimpleApplication@3302a2e0
----------------- Done invoking toplevel() on ptolemy.moml.MoMLSimpleApplication@3302a2e0
reloadAllAccessors: .CatchUpComposite6

===========================================================================================
----------------- testing Sun Aug 30 15:34:12 UTC 2020 /home/travis/build/icyphy/ptII/ptolemy/actor/lib/hoc/test/auto/CatchUpComposite7.xml
----------------- Instantiating /home/travis/build/icyphy/ptII/ptolemy/actor/lib/hoc/test/auto/CatchUpComposite7.xml
WARNING: The execution aspects in this model can influence the timing of actors by delaying the 
execution, potentially changing the behavior. There is no guarantee that actors fire at the 
time they request to be fired. 
Use Ptides for deterministic DE behavior that is not influenced by execution aspects. 

35 ms. Memory: 129024K Free: 97050K (75%)
----------------- Invoking toplevel() on ptolemy.moml.MoMLSimpleApplication@69cb8625
----------------- Done invoking toplevel() on ptolemy.moml.MoMLSimpleApplication@69cb8625
reloadAllAccessors: .CatchUpComposite7

===========================================================================================
----------------- testing Sun Aug 30 15:34:12 UTC 2020 /home/travis/build/icyphy/ptII/ptolemy/actor/lib/hoc/test/auto/ConcurrentExecutionTimeSDF.xml
----------------- Instantiating /home/travis/build/icyphy/ptII/ptolemy/actor/lib/hoc/test/auto/ConcurrentExecutionTimeSDF.xml
Fired ExecutionTime: 40400000
Fired ExecutionTime: 40400000
Fired ExecutionTime: 40400000
Fired ExecutionTime: 40400000
Fired ExecutionTime: 40400000
Fired ExecutionTime: 40400000
Fired ExecutionTime: 40400000
Fired ExecutionTime: 40400000
Fired ExecutionTime: 40400000
Fired ExecutionTime: 40400000
Fired ExecutionTime: 40400000
Fired ExecutionTime: 40400000
Fired ExecutionTime: 40400000
Fired ExecutionTime: 40400000
Fired ExecutionTime: 40400000
Fired ExecutionTime: 40400000
Fired ExecutionTime: 40400000
Fired ExecutionTime: 40400000
Fired ExecutionTime: 40400000
Fired ExecutionTime: 40400000
976 ms. Memory: 129024K Free: 90257K (70%)
----------------- Invoking toplevel() on ptolemy.moml.MoMLSimpleApplication@ee6d72b
----------------- Done invoking toplevel() on ptolemy.moml.MoMLSimpleApplication@ee6d72b
reloadAllAccessors: .ConcurrentExecutionTimeSDF

===========================================================================================
----------------- testing Sun Aug 30 15:34:13 UTC 2020 /home/travis/build/icyphy/ptII/ptolemy/actor/lib/hoc/test/auto/ConcurrentSleep.xml
----------------- Instantiating /home/travis/build/icyphy/ptII/ptolemy/actor/lib/hoc/test/auto/ConcurrentSleep.xml
721 ms. Memory: 129024K Free: 79642K (62%)
----------------- Invoking toplevel() on ptolemy.moml.MoMLSimpleApplication@6486ff86
----------------- Done invoking toplevel() on ptolemy.moml.MoMLSimpleApplication@6486ff86
reloadAllAccessors: .ConcurrentSleep

===========================================================================================
----------------- testing Sun Aug 30 15:34:14 UTC 2020 /home/travis/build/icyphy/ptII/ptolemy/actor/lib/hoc/test/auto/DEInPNInRunCompositeActor.xml
----------------- Instantiating /home/travis/build/icyphy/ptII/ptolemy/actor/lib/hoc/test/auto/DEInPNInRunCompositeActor.xml
16 ms. Memory: 129024K Free: 74148K (57%)
----------------- Invoking toplevel() on ptolemy.moml.MoMLSimpleApplication@5a42aa79
----------------- Done invoking toplevel() on ptolemy.moml.MoMLSimpleApplication@5a42aa79
reloadAllAccessors: .DEInPNInRunCompositeActor

===========================================================================================
----------------- testing Sun Aug 30 15:34:14 UTC 2020 /home/travis/build/icyphy/ptII/ptolemy/actor/lib/hoc/test/auto/DFTSubSetTest.xml
----------------- Instantiating /home/travis/build/icyphy/ptII/ptolemy/actor/lib/hoc/test/auto/DFTSubSetTest.xml
184 ms. Memory: 159744K Free: 135828K (85%)
----------------- Invoking toplevel() on ptolemy.moml.MoMLSimpleApplication@62aa30f9
----------------- Done invoking toplevel() on ptolemy.moml.MoMLSimpleApplication@62aa30f9
reloadAllAccessors: .DFTSubSetTest

===========================================================================================
----------------- testing Sun Aug 30 15:34:14 UTC 2020 /home/travis/build/icyphy/ptII/ptolemy/actor/lib/hoc/test/auto/HocDE.xml
----------------- Instantiating /home/travis/build/icyphy/ptII/ptolemy/actor/lib/hoc/test/auto/HocDE.xml
92 ms. Memory: 159744K Free: 110688K (69%)
----------------- Invoking toplevel() on ptolemy.moml.MoMLSimpleApplication@5aeaccae
----------------- Done invoking toplevel() on ptolemy.moml.MoMLSimpleApplication@5aeaccae
reloadAllAccessors: .HocDE

===========================================================================================
----------------- testing Sun Aug 30 15:34:14 UTC 2020 /home/travis/build/icyphy/ptII/ptolemy/actor/lib/hoc/test/auto/IterateOverArray.xml
----------------- Instantiating /home/travis/build/icyphy/ptII/ptolemy/actor/lib/hoc/test/auto/IterateOverArray.xml
4 ms. Memory: 159744K Free: 106160K (66%)
----------------- Invoking toplevel() on ptolemy.moml.MoMLSimpleApplication@58a42a91
----------------- Done invoking toplevel() on ptolemy.moml.MoMLSimpleApplication@58a42a91
reloadAllAccessors: .IterateOverArray

===========================================================================================
----------------- testing Sun Aug 30 15:34:14 UTC 2020 /home/travis/build/icyphy/ptII/ptolemy/actor/lib/hoc/test/auto/IterateOverArray10.xml
----------------- Instantiating /home/travis/build/icyphy/ptII/ptolemy/actor/lib/hoc/test/auto/IterateOverArray10.xml
2 ms. Memory: 159744K Free: 102658K (64%)
----------------- Invoking toplevel() on ptolemy.moml.MoMLSimpleApplication@3cf56a95
----------------- Done invoking toplevel() on ptolemy.moml.MoMLSimpleApplication@3cf56a95
reloadAllAccessors: .IterateOverArray10

===========================================================================================
----------------- testing Sun Aug 30 15:34:14 UTC 2020 /home/travis/build/icyphy/ptII/ptolemy/actor/lib/hoc/test/auto/IterateOverArray11.xml
----------------- Instantiating /home/travis/build/icyphy/ptII/ptolemy/actor/lib/hoc/test/auto/IterateOverArray11.xml
5 ms. Memory: 159744K Free: 98532K (62%)
----------------- Invoking toplevel() on ptolemy.moml.MoMLSimpleApplication@5b23637
----------------- Done invoking toplevel() on ptolemy.moml.MoMLSimpleApplication@5b23637
reloadAllAccessors: .IterateOverArray11

===========================================================================================
----------------- testing Sun Aug 30 15:34:14 UTC 2020 /home/travis/build/icyphy/ptII/ptolemy/actor/lib/hoc/test/auto/IterateOverArray12.xml
----------------- Instantiating /home/travis/build/icyphy/ptII/ptolemy/actor/lib/hoc/test/auto/IterateOverArray12.xml
14 ms. Memory: 159744K Free: 92388K (58%)
----------------- Invoking toplevel() on ptolemy.moml.MoMLSimpleApplication@75ced1fe
----------------- Done invoking toplevel() on ptolemy.moml.MoMLSimpleApplication@75ced1fe
reloadAllAccessors: .IterateOverArray12

===========================================================================================
----------------- testing Sun Aug 30 15:34:14 UTC 2020 /home/travis/build/icyphy/ptII/ptolemy/actor/lib/hoc/test/auto/IterateOverArray13.xml
----------------- Instantiating /home/travis/build/icyphy/ptII/ptolemy/actor/lib/hoc/test/auto/IterateOverArray13.xml
57 ms. Memory: 159744K Free: 66818K (42%)
----------------- Invoking toplevel() on ptolemy.moml.MoMLSimpleApplication@370310e5
----------------- Done invoking toplevel() on ptolemy.moml.MoMLSimpleApplication@370310e5
reloadAllAccessors: .IterateOverArray13

===========================================================================================
----------------- testing Sun Aug 30 15:34:14 UTC 2020 /home/travis/build/icyphy/ptII/ptolemy/actor/lib/hoc/test/auto/IterateOverArray14.xml
----------------- Instantiating /home/travis/build/icyphy/ptII/ptolemy/actor/lib/hoc/test/auto/IterateOverArray14.xml
66 ms. Memory: 159744K Free: 119527K (75%)
----------------- Invoking toplevel() on ptolemy.moml.MoMLSimpleApplication@54d13353
----------------- Done invoking toplevel() on ptolemy.moml.MoMLSimpleApplication@54d13353
reloadAllAccessors: .IterateOverArray14

===========================================================================================
----------------- testing Sun Aug 30 15:34:15 UTC 2020 /home/travis/build/icyphy/ptII/ptolemy/actor/lib/hoc/test/auto/IterateOverArray2.xml
----------------- Instantiating /home/travis/build/icyphy/ptII/ptolemy/actor/lib/hoc/test/auto/IterateOverArray2.xml
6 ms. Memory: 159744K Free: 114954K (72%)
----------------- Invoking toplevel() on ptolemy.moml.MoMLSimpleApplication@6d1e2c56
----------------- Done invoking toplevel() on ptolemy.moml.MoMLSimpleApplication@6d1e2c56
reloadAllAccessors: .IterateOverArray2

===========================================================================================
----------------- testing Sun Aug 30 15:34:15 UTC 2020 /home/travis/build/icyphy/ptII/ptolemy/actor/lib/hoc/test/auto/IterateOverArray3.xml
----------------- Instantiating /home/travis/build/icyphy/ptII/ptolemy/actor/lib/hoc/test/auto/IterateOverArray3.xml
19 ms. Memory: 159744K Free: 109265K (68%)
----------------- Invoking toplevel() on ptolemy.moml.MoMLSimpleApplication@7483e0fd
----------------- Done invoking toplevel() on ptolemy.moml.MoMLSimpleApplication@7483e0fd
reloadAllAccessors: .IterateOverArray3

===========================================================================================
----------------- testing Sun Aug 30 15:34:15 UTC 2020 /home/travis/build/icyphy/ptII/ptolemy/actor/lib/hoc/test/auto/IterateOverArray4.xml
----------------- Instantiating /home/travis/build/icyphy/ptII/ptolemy/actor/lib/hoc/test/auto/IterateOverArray4.xml
7 ms. Memory: 159744K Free: 105191K (66%)
----------------- Invoking toplevel() on ptolemy.moml.MoMLSimpleApplication@62065b45
----------------- Done invoking toplevel() on ptolemy.moml.MoMLSimpleApplication@62065b45
reloadAllAccessors: .IterateOverArray4

===========================================================================================
----------------- testing Sun Aug 30 15:34:15 UTC 2020 /home/travis/build/icyphy/ptII/ptolemy/actor/lib/hoc/test/auto/IterateOverArray5.xml
----------------- Instantiating /home/travis/build/icyphy/ptII/ptolemy/actor/lib/hoc/test/auto/IterateOverArray5.xml
3 ms. Memory: 159744K Free: 101095K (63%)
----------------- Invoking toplevel() on ptolemy.moml.MoMLSimpleApplication@7305a045
----------------- Done invoking toplevel() on ptolemy.moml.MoMLSimpleApplication@7305a045
reloadAllAccessors: .IterateOverArray5

===========================================================================================
----------------- testing Sun Aug 30 15:34:15 UTC 2020 /home/travis/build/icyphy/ptII/ptolemy/actor/lib/hoc/test/auto/IterateOverArray6.xml
----------------- Instantiating /home/travis/build/icyphy/ptII/ptolemy/actor/lib/hoc/test/auto/IterateOverArray6.xml
3 ms. Memory: 159744K Free: 97528K (61%)
----------------- Invoking toplevel() on ptolemy.moml.MoMLSimpleApplication@26fdcf67
----------------- Done invoking toplevel() on ptolemy.moml.MoMLSimpleApplication@26fdcf67
reloadAllAccessors: .IterateOverArray6

===========================================================================================
----------------- testing Sun Aug 30 15:34:15 UTC 2020 /home/travis/build/icyphy/ptII/ptolemy/actor/lib/hoc/test/auto/IterateOverArray7.xml
----------------- Instantiating /home/travis/build/icyphy/ptII/ptolemy/actor/lib/hoc/test/auto/IterateOverArray7.xml
6 ms. Memory: 159744K Free: 93361K (58%)
----------------- Invoking toplevel() on ptolemy.moml.MoMLSimpleApplication@1a2d6895
----------------- Done invoking toplevel() on ptolemy.moml.MoMLSimpleApplication@1a2d6895
reloadAllAccessors: .IterateOverArray7

===========================================================================================
----------------- testing Sun Aug 30 15:34:15 UTC 2020 /home/travis/build/icyphy/ptII/ptolemy/actor/lib/hoc/test/auto/IterateOverArray8.xml
----------------- Instantiating /home/travis/build/icyphy/ptII/ptolemy/actor/lib/hoc/test/auto/IterateOverArray8.xml
5 ms. Memory: 159744K Free: 89346K (56%)
----------------- Invoking toplevel() on ptolemy.moml.MoMLSimpleApplication@330d7ff5
----------------- Done invoking toplevel() on ptolemy.moml.MoMLSimpleApplication@330d7ff5
reloadAllAccessors: .IterateOverArray8

===========================================================================================
----------------- testing Sun Aug 30 15:34:15 UTC 2020 /home/travis/build/icyphy/ptII/ptolemy/actor/lib/hoc/test/auto/IterateOverArray9.xml
----------------- Instantiating /home/travis/build/icyphy/ptII/ptolemy/actor/lib/hoc/test/auto/IterateOverArray9.xml
3 ms. Memory: 159744K Free: 85250K (53%)
----------------- Invoking toplevel() on ptolemy.moml.MoMLSimpleApplication@60bcd29a
----------------- Done invoking toplevel() on ptolemy.moml.MoMLSimpleApplication@60bcd29a
reloadAllAccessors: .IterateOverArray9

===========================================================================================
----------------- testing Sun Aug 30 15:34:15 UTC 2020 /home/travis/build/icyphy/ptII/ptolemy/actor/lib/hoc/test/auto/IterateOverArrayCoercedOutputType.xml
----------------- Instantiating /home/travis/build/icyphy/ptII/ptolemy/actor/lib/hoc/test/auto/IterateOverArrayCoercedOutputType.xml
15 ms. Memory: 159744K Free: 80130K (50%)
----------------- Invoking toplevel() on ptolemy.moml.MoMLSimpleApplication@2779e10b
----------------- Done invoking toplevel() on ptolemy.moml.MoMLSimpleApplication@2779e10b
reloadAllAccessors: .IterateOverArrayCoercedOutputType

===========================================================================================
----------------- testing Sun Aug 30 15:34:15 UTC 2020 /home/travis/build/icyphy/ptII/ptolemy/actor/lib/hoc/test/auto/IterateOverArrayInferredOutputType.xml
----------------- Instantiating /home/travis/build/icyphy/ptII/ptolemy/actor/lib/hoc/test/auto/IterateOverArrayInferredOutputType.xml
4 ms. Memory: 159744K Free: 75494K (47%)
----------------- Invoking toplevel() on ptolemy.moml.MoMLSimpleApplication@24f46964
----------------- Done invoking toplevel() on ptolemy.moml.MoMLSimpleApplication@24f46964
reloadAllAccessors: .IterateOverArrayInferredOutputType

===========================================================================================
----------------- testing Sun Aug 30 15:34:15 UTC 2020 /home/travis/build/icyphy/ptII/ptolemy/actor/lib/hoc/test/auto/MobileFunctionTest.xml
----------------- Instantiating /home/travis/build/icyphy/ptII/ptolemy/actor/lib/hoc/test/auto/MobileFunctionTest.xml
3 ms. Memory: 159744K Free: 70906K (44%)
----------------- Invoking toplevel() on ptolemy.moml.MoMLSimpleApplication@63a3ce37
----------------- Done invoking toplevel() on ptolemy.moml.MoMLSimpleApplication@63a3ce37
reloadAllAccessors: .MobileFunctionTest

===========================================================================================
----------------- testing Sun Aug 30 15:34:15 UTC 2020 /home/travis/build/icyphy/ptII/ptolemy/actor/lib/hoc/test/auto/MobileModelTest.xml
----------------- Instantiating /home/travis/build/icyphy/ptII/ptolemy/actor/lib/hoc/test/auto/MobileModelTest.xml
173 ms. Memory: 159744K Free: 142189K (89%)
----------------- Invoking toplevel() on ptolemy.moml.MoMLSimpleApplication@6c8bafc2
----------------- Done invoking toplevel() on ptolemy.moml.MoMLSimpleApplication@6c8bafc2
reloadAllAccessors: .MobileModelTest

===========================================================================================
----------------- testing Sun Aug 30 15:34:15 UTC 2020 /home/travis/build/icyphy/ptII/ptolemy/actor/lib/hoc/test/auto/ModelReference.xml
----------------- Instantiating /home/travis/build/icyphy/ptII/ptolemy/actor/lib/hoc/test/auto/ModelReference.xml
2 ms. Memory: 159744K Free: 135460K (85%)
2 ms. Memory: 159744K Free: 134865K (84%)
2 ms. Memory: 159744K Free: 133889K (84%)
2 ms. Memory: 159744K Free: 132873K (83%)
3 ms. Memory: 159744K Free: 132388K (83%)
2 ms. Memory: 159744K Free: 131380K (82%)
1 ms. Memory: 159744K Free: 130809K (82%)
1 ms. Memory: 159744K Free: 129777K (81%)
2 ms. Memory: 159744K Free: 128761K (81%)
5 ms. Memory: 159744K Free: 128276K (80%)
29 ms. Memory: 159744K Free: 128276K (80%)
----------------- Invoking toplevel() on ptolemy.moml.MoMLSimpleApplication@49fd79f8
----------------- Done invoking toplevel() on ptolemy.moml.MoMLSimpleApplication@49fd79f8
reloadAllAccessors: .ModelReference

===========================================================================================
----------------- testing Sun Aug 30 15:34:15 UTC 2020 /home/travis/build/icyphy/ptII/ptolemy/actor/lib/hoc/test/auto/ModelReference3.xml
----------------- Instantiating /home/travis/build/icyphy/ptII/ptolemy/actor/lib/hoc/test/auto/ModelReference3.xml
2 ms. Memory: 159744K Free: 123196K (77%)
4 ms. Memory: 159744K Free: 122625K (77%)
2 ms. Memory: 159744K Free: 121601K (76%)
3 ms. Memory: 159744K Free: 121132K (76%)
2 ms. Memory: 159744K Free: 120076K (75%)
1 ms. Memory: 159744K Free: 119537K (75%)
3 ms. Memory: 159744K Free: 118537K (74%)
3 ms. Memory: 159744K Free: 117513K (74%)
2 ms. Memory: 159744K Free: 117028K (73%)
2 ms. Memory: 159744K Free: 116012K (73%)
30 ms. Memory: 159744K Free: 116012K (73%)
----------------- Invoking toplevel() on ptolemy.moml.MoMLSimpleApplication@1c1cb1ba
----------------- Done invoking toplevel() on ptolemy.moml.MoMLSimpleApplication@1c1cb1ba
reloadAllAccessors: .ModelReference3

===========================================================================================
----------------- testing Sun Aug 30 15:34:15 UTC 2020 /home/travis/build/icyphy/ptII/ptolemy/actor/lib/hoc/test/auto/ModelReference4.xml
----------------- Instantiating /home/travis/build/icyphy/ptII/ptolemy/actor/lib/hoc/test/auto/ModelReference4.xml
2 ms. Memory: 159744K Free: 111353K (70%)
5 ms. Memory: 159744K Free: 109866K (69%)
2 ms. Memory: 159744K Free: 108820K (68%)
1 ms. Memory: 159744K Free: 107257K (67%)
2 ms. Memory: 159744K Free: 106241K (67%)
2 ms. Memory: 159744K Free: 104748K (66%)
2 ms. Memory: 159744K Free: 103700K (65%)
3 ms. Memory: 159744K Free: 102698K (64%)
2 ms. Memory: 159744K Free: 101113K (63%)
7 ms. Memory: 159744K Free: 100097K (63%)
10015 ms. Memory: 159744K Free: 100097K (63%)
----------------- Invoking toplevel() on ptolemy.moml.MoMLSimpleApplication@3e7e20c7
----------------- Done invoking toplevel() on ptolemy.moml.MoMLSimpleApplication@3e7e20c7
reloadAllAccessors: .ModelReference4

===========================================================================================
----------------- testing Sun Aug 30 15:34:25 UTC 2020 /home/travis/build/icyphy/ptII/ptolemy/actor/lib/hoc/test/auto/MultiInstanceComposite.xml
----------------- Instantiating /home/travis/build/icyphy/ptII/ptolemy/actor/lib/hoc/test/auto/MultiInstanceComposite.xml
22 ms. Memory: 159744K Free: 81196K (51%)
----------------- Invoking toplevel() on ptolemy.moml.MoMLSimpleApplication@39d97ffe
----------------- Done invoking toplevel() on ptolemy.moml.MoMLSimpleApplication@39d97ffe
reloadAllAccessors: .MultiInstanceComposite

===========================================================================================
----------------- testing Sun Aug 30 15:34:25 UTC 2020 /home/travis/build/icyphy/ptII/ptolemy/actor/lib/hoc/test/auto/MultiInstanceComposite2.xml
----------------- Instantiating /home/travis/build/icyphy/ptII/ptolemy/actor/lib/hoc/test/auto/MultiInstanceComposite2.xml
17 ms. Memory: 159744K Free: 69876K (44%)
----------------- Invoking toplevel() on ptolemy.moml.MoMLSimpleApplication@1f1d072
----------------- Done invoking toplevel() on ptolemy.moml.MoMLSimpleApplication@1f1d072
reloadAllAccessors: .MultiInstanceComposite2

===========================================================================================
----------------- testing Sun Aug 30 15:34:25 UTC 2020 /home/travis/build/icyphy/ptII/ptolemy/actor/lib/hoc/test/auto/MulticoreExecution.xml
----------------- Instantiating /home/travis/build/icyphy/ptII/ptolemy/actor/lib/hoc/test/auto/MulticoreExecution.xml
Fired ExecutionTime: 29600000
Fired ExecutionTime: 21600000
Fired ExecutionTime: 48000000
Fired ExecutionTime: 38800000
Fired ExecutionTime: 108800000
Fired ExecutionTime: 110000000
Fired ExecutionTime: 111200000
Fired ExecutionTime: 110800000
Fired ExecutionTime: 108400000
Fired ExecutionTime: 108800000
Fired ExecutionTime: 108800000
Fired ExecutionTime: 108400000
Fired ExecutionTime: 108400000
Fired ExecutionTime: 109200000
Fired ExecutionTime: 108000000
Fired ExecutionTime: 109600000
Fired ExecutionTime: 108800000
Fired ExecutionTime: 108000000
Fired ExecutionTime: 105200000
Fired ExecutionTime: 106800000
1031 ms. Memory: 159744K Free: 60716K (38%)
----------------- Invoking toplevel() on ptolemy.moml.MoMLSimpleApplication@80dfab9
----------------- Done invoking toplevel() on ptolemy.moml.MoMLSimpleApplication@80dfab9
reloadAllAccessors: .MulticoreExecution

===========================================================================================
----------------- testing Sun Aug 30 15:34:26 UTC 2020 /home/travis/build/icyphy/ptII/ptolemy/actor/lib/hoc/test/auto/ParallelExecution.xml
----------------- Instantiating /home/travis/build/icyphy/ptII/ptolemy/actor/lib/hoc/test/auto/ParallelExecution.xml
917 ms. Memory: 159744K Free: 53478K (33%)
----------------- Invoking toplevel() on ptolemy.moml.MoMLSimpleApplication@6bc9b302
----------------- Done invoking toplevel() on ptolemy.moml.MoMLSimpleApplication@6bc9b302
reloadAllAccessors: .ParallelExecution

===========================================================================================
----------------- testing Sun Aug 30 15:34:27 UTC 2020 /home/travis/build/icyphy/ptII/ptolemy/actor/lib/hoc/test/auto/RunCompositeActor.xml
----------------- Instantiating /home/travis/build/icyphy/ptII/ptolemy/actor/lib/hoc/test/auto/RunCompositeActor.xml
7 ms. Memory: 159744K Free: 138883K (87%)
----------------- Invoking toplevel() on ptolemy.moml.MoMLSimpleApplication@23a68903
----------------- Done invoking toplevel() on ptolemy.moml.MoMLSimpleApplication@23a68903
reloadAllAccessors: .RunCompositeActor

===========================================================================================
----------------- testing Sun Aug 30 15:34:27 UTC 2020 /home/travis/build/icyphy/ptII/ptolemy/actor/lib/hoc/test/auto/RunCompositeActor2.xml
----------------- Instantiating /home/travis/build/icyphy/ptII/ptolemy/actor/lib/hoc/test/auto/RunCompositeActor2.xml
5 ms. Memory: 159744K Free: 132739K (83%)
----------------- Invoking toplevel() on ptolemy.moml.MoMLSimpleApplication@4831a46d
----------------- Done invoking toplevel() on ptolemy.moml.MoMLSimpleApplication@4831a46d
reloadAllAccessors: .RunCompositeActor2

===========================================================================================
----------------- testing Sun Aug 30 15:34:27 UTC 2020 /home/travis/build/icyphy/ptII/ptolemy/actor/lib/hoc/test/auto/RunCompositeActor3.xml
----------------- Instantiating /home/travis/build/icyphy/ptII/ptolemy/actor/lib/hoc/test/auto/RunCompositeActor3.xml
4 ms. Memory: 159744K Free: 127075K (80%)
----------------- Invoking toplevel() on ptolemy.moml.MoMLSimpleApplication@3bb3139e
----------------- Done invoking toplevel() on ptolemy.moml.MoMLSimpleApplication@3bb3139e
reloadAllAccessors: .RunCompositeActor3

===========================================================================================
----------------- testing Sun Aug 30 15:34:27 UTC 2020 /home/travis/build/icyphy/ptII/ptolemy/actor/lib/hoc/test/auto/RunCompositeActor4.xml
----------------- Instantiating /home/travis/build/icyphy/ptII/ptolemy/actor/lib/hoc/test/auto/RunCompositeActor4.xml
12 ms. Memory: 159744K Free: 118907K (74%)
----------------- Invoking toplevel() on ptolemy.moml.MoMLSimpleApplication@5beaf694
----------------- Done invoking toplevel() on ptolemy.moml.MoMLSimpleApplication@5beaf694
reloadAllAccessors: .RunCompositeActor4

===========================================================================================
----------------- testing Sun Aug 30 15:34:27 UTC 2020 /home/travis/build/icyphy/ptII/ptolemy/actor/lib/hoc/test/auto/RunCompositeIterateOverArray.xml
----------------- Instantiating /home/travis/build/icyphy/ptII/ptolemy/actor/lib/hoc/test/auto/RunCompositeIterateOverArray.xml
10 ms. Memory: 159744K Free: 112769K (71%)
----------------- Invoking toplevel() on ptolemy.moml.MoMLSimpleApplication@6a3a69cf
----------------- Done invoking toplevel() on ptolemy.moml.MoMLSimpleApplication@6a3a69cf
reloadAllAccessors: .RunCompositeIterateOverArray

===========================================================================================
----------------- testing Sun Aug 30 15:34:27 UTC 2020 /home/travis/build/icyphy/ptII/ptolemy/actor/lib/hoc/test/auto/ThreadedJS.xml
----------------- Instantiating /home/travis/build/icyphy/ptII/ptolemy/actor/lib/hoc/test/auto/ThreadedJS.xml
5063 ms. Memory: 231424K Free: 130114K (56%)
----------------- Invoking toplevel() on ptolemy.moml.MoMLSimpleApplication@14024558
----------------- Done invoking toplevel() on ptolemy.moml.MoMLSimpleApplication@14024558
reloadAllAccessors: .ThreadedJS
AutoTests.java: About to close Vertx.
AutoTests.java: Vertx closed.
]]></system-out>
  <system-err><![CDATA[java.lang.RuntimeException: Execution failed
	at ptolemy.moml.MoMLSimpleApplication$UnloadThread.run(MoMLSimpleApplication.java:402)
Caused by: ptolemy.kernel.util.IllegalActionException: initialize() was called after wrapup() was called but preinitialize() was not called after wrapup().
	at ptolemy.actor.lib.hoc.test.PreinitializeMustBeInvoked.initialize(PreinitializeMustBeInvoked.java:78)
	at ptolemy.actor.Director.initialize(Director.java:938)
	at ptolemy.actor.Director.initialize(Director.java:907)
	at ptolemy.actor.sched.StaticSchedulingDirector.initialize(StaticSchedulingDirector.java:159)
	at ptolemy.domains.sdf.kernel.SDFDirector.initialize(SDFDirector.java:544)
	at ptolemy.actor.CompositeActor.initialize(CompositeActor.java:935)
	at ptolemy.actor.lib.hoc.LifeCycleManager._executeInsideModel(LifeCycleManager.java:339)
	at ptolemy.actor.lib.hoc.RunCompositeActor.fire(RunCompositeActor.java:205)
	at ptolemy.actor.CompositeActor.iterate(CompositeActor.java:1146)
	at ptolemy.actor.sched.StaticSchedulingDirector.fire(StaticSchedulingDirector.java:216)
	at ptolemy.domains.sdf.kernel.SDFDirector.fire(SDFDirector.java:500)
	at ptolemy.actor.CompositeActor.fire(CompositeActor.java:455)
	at ptolemy.actor.Manager.iterate(Manager.java:851)
	at ptolemy.actor.Manager.execute(Manager.java:369)
	at ptolemy.actor.Manager.run(Manager.java:1263)
	at ptolemy.actor.Manager$PtolemyRunThread.run(Manager.java:1933)
java.lang.reflect.InvocationTargetException
	at java.base/jdk.internal.reflect.NativeConstructorAccessorImpl.newInstance0(Native Method)
	at java.base/jdk.internal.reflect.NativeConstructorAccessorImpl.newInstance(NativeConstructorAccessorImpl.java:62)
	at java.base/jdk.internal.reflect.DelegatingConstructorAccessorImpl.newInstance(DelegatingConstructorAccessorImpl.java:45)
	at java.base/java.lang.reflect.Constructor.newInstance(Constructor.java:490)
	at ptolemy.util.test.junit.AutoKnownFailedTests.RunModel(AutoKnownFailedTests.java:105)
	at java.base/jdk.internal.reflect.NativeMethodAccessorImpl.invoke0(Native Method)
	at java.base/jdk.internal.reflect.NativeMethodAccessorImpl.invoke(NativeMethodAccessorImpl.java:62)
	at java.base/jdk.internal.reflect.DelegatingMethodAccessorImpl.invoke(DelegatingMethodAccessorImpl.java:43)
	at java.base/java.lang.reflect.Method.invoke(Method.java:566)
	at org.junit.runners.model.FrameworkMethod$1.runReflectiveCall(FrameworkMethod.java:44)
	at org.junit.internal.runners.model.ReflectiveCallable.run(ReflectiveCallable.java:15)
	at org.junit.runners.model.FrameworkMethod.invokeExplosively(FrameworkMethod.java:41)
	at junitparams.internal.InvokeParameterisedMethod.evaluate(InvokeParameterisedMethod.java:102)
	at org.junit.internal.runners.statements.FailOnTimeout$1.run(FailOnTimeout.java:28)
Caused by: ptolemy.kernel.util.IllegalActionException: initialize() was called after wrapup() was called but preinitialize() was not called after wrapup().
	at ptolemy.actor.lib.hoc.test.PreinitializeMustBeInvoked.initialize(PreinitializeMustBeInvoked.java:78)
	at ptolemy.actor.Director.initialize(Director.java:938)
	at ptolemy.actor.Director.initialize(Director.java:907)
	at ptolemy.actor.sched.StaticSchedulingDirector.initialize(StaticSchedulingDirector.java:159)
	at ptolemy.domains.sdf.kernel.SDFDirector.initialize(SDFDirector.java:544)
	at ptolemy.actor.CompositeActor.initialize(CompositeActor.java:935)
	at ptolemy.actor.lib.hoc.LifeCycleManager._executeInsideModel(LifeCycleManager.java:339)
	at ptolemy.actor.lib.hoc.RunCompositeActor.fire(RunCompositeActor.java:205)
	at ptolemy.actor.CompositeActor.iterate(CompositeActor.java:1146)
	at ptolemy.actor.sched.StaticSchedulingDirector.fire(StaticSchedulingDirector.java:216)
	at ptolemy.domains.sdf.kernel.SDFDirector.fire(SDFDirector.java:500)
	at ptolemy.actor.CompositeActor.fire(CompositeActor.java:455)
	at ptolemy.actor.Manager.iterate(Manager.java:851)
	at ptolemy.actor.Manager.execute(Manager.java:369)
	at ptolemy.actor.Manager.run(Manager.java:1263)
	at ptolemy.actor.Manager$PtolemyRunThread.run(Manager.java:1933)
Warning: Nashorn engine is planned to be removed from a future JDK release
Warning: Nashorn engine is planned to be removed from a future JDK release
Warning: Nashorn engine is planned to be removed from a future JDK release
Warning: Nashorn engine is planned to be removed from a future JDK release
Warning: Nashorn engine is planned to be removed from a future JDK release
Warning: Nashorn engine is planned to be removed from a future JDK release
Warning: Nashorn engine is planned to be removed from a future JDK release
Warning: Nashorn engine is planned to be removed from a future JDK release
]]></system-err>
</testsuite>
