<?xml version="1.0" encoding="UTF-8" ?>
<testsuite errors="0" failures="0" hostname="travis-job-955115c8-96f6-4b61-82f2-36239a271c54" name="ptolemy.actor.lib.hoc.test.junit.JUnitTclTest" skipped="0" tests="58" time="24.665" timestamp="2019-04-29T09:09:07">
  <properties>
[...]
</properties>
  <testcase classname="ptolemy.util.test.junit.TclTests" name="[0] /home/travis/build/icyphy/ptII/ptolemy/actor/lib/hoc/test/IterateOverArray.tcl (RunTclFile)" time="0.292" />
  <testcase classname="ptolemy.util.test.junit.AutoKnownFailedTests" name="[0] /home/travis/build/icyphy/ptII/ptolemy/actor/lib/hoc/test/auto/knownFailedTests/PreinitializeMustBeInvokedRunComposite.xml (RunModel)" time="0.26" />
  <testcase classname="ptolemy.util.test.junit.AutoNameArchTests" name="[0] ThereAreNoAutoArchTests (RunModel)" time="0.0" />
  <testcase classname="ptolemy.util.test.junit.AutoTests" name="[0] /home/travis/build/icyphy/ptII/ptolemy/actor/lib/hoc/test/auto/AllToAllMultiInstanceComposite.xml (RunModel)" time="0.31" />
  <testcase classname="ptolemy.util.test.junit.AutoTests" name="[1] /home/travis/build/icyphy/ptII/ptolemy/actor/lib/hoc/test/auto/ApplyFFTTest.xml (RunModel)" time="0.365" />
  <testcase classname="ptolemy.util.test.junit.AutoTests" name="[2] /home/travis/build/icyphy/ptII/ptolemy/actor/lib/hoc/test/auto/ApplyFunction.xml (RunModel)" time="0.06" />
  <testcase classname="ptolemy.util.test.junit.AutoTests" name="[3] /home/travis/build/icyphy/ptII/ptolemy/actor/lib/hoc/test/auto/BackgroundExecution.xml (RunModel)" time="0.73" />
  <testcase classname="ptolemy.util.test.junit.AutoTests" name="[4] /home/travis/build/icyphy/ptII/ptolemy/actor/lib/hoc/test/auto/Case.xml (RunModel)" time="0.074" />
  <testcase classname="ptolemy.util.test.junit.AutoTests" name="[5] /home/travis/build/icyphy/ptII/ptolemy/actor/lib/hoc/test/auto/Case1.xml (RunModel)" time="0.069" />
  <testcase classname="ptolemy.util.test.junit.AutoTests" name="[6] /home/travis/build/icyphy/ptII/ptolemy/actor/lib/hoc/test/auto/Case2.xml (RunModel)" time="0.137" />
  <testcase classname="ptolemy.util.test.junit.AutoTests" name="[7] /home/travis/build/icyphy/ptII/ptolemy/actor/lib/hoc/test/auto/Case3.xml (RunModel)" time="0.055" />
  <testcase classname="ptolemy.util.test.junit.AutoTests" name="[8] /home/travis/build/icyphy/ptII/ptolemy/actor/lib/hoc/test/auto/Case4.xml (RunModel)" time="0.045" />
  <testcase classname="ptolemy.util.test.junit.AutoTests" name="[9] /home/travis/build/icyphy/ptII/ptolemy/actor/lib/hoc/test/auto/Case5.xml (RunModel)" time="0.079" />
  <testcase classname="ptolemy.util.test.junit.AutoTests" name="[10] /home/travis/build/icyphy/ptII/ptolemy/actor/lib/hoc/test/auto/Case6.xml (RunModel)" time="0.073" />
  <testcase classname="ptolemy.util.test.junit.AutoTests" name="[11] /home/travis/build/icyphy/ptII/ptolemy/actor/lib/hoc/test/auto/CaseString2.xml (RunModel)" time="0.059" />
  <testcase classname="ptolemy.util.test.junit.AutoTests" name="[12] /home/travis/build/icyphy/ptII/ptolemy/actor/lib/hoc/test/auto/CatchUpComposite1.xml (RunModel)" time="0.095" />
  <testcase classname="ptolemy.util.test.junit.AutoTests" name="[13] /home/travis/build/icyphy/ptII/ptolemy/actor/lib/hoc/test/auto/CatchUpComposite2.xml (RunModel)" time="0.069" />
  <testcase classname="ptolemy.util.test.junit.AutoTests" name="[14] /home/travis/build/icyphy/ptII/ptolemy/actor/lib/hoc/test/auto/CatchUpComposite3.xml (RunModel)" time="0.064" />
  <testcase classname="ptolemy.util.test.junit.AutoTests" name="[15] /home/travis/build/icyphy/ptII/ptolemy/actor/lib/hoc/test/auto/CatchUpComposite4.xml (RunModel)" time="0.062" />
  <testcase classname="ptolemy.util.test.junit.AutoTests" name="[16] /home/travis/build/icyphy/ptII/ptolemy/actor/lib/hoc/test/auto/CatchUpComposite5.xml (RunModel)" time="0.047" />
  <testcase classname="ptolemy.util.test.junit.AutoTests" name="[17] /home/travis/build/icyphy/ptII/ptolemy/actor/lib/hoc/test/auto/CatchUpComposite6.xml (RunModel)" time="0.171" />
  <testcase classname="ptolemy.util.test.junit.AutoTests" name="[18] /home/travis/build/icyphy/ptII/ptolemy/actor/lib/hoc/test/auto/CatchUpComposite7.xml (RunModel)" time="0.118" />
  <testcase classname="ptolemy.util.test.junit.AutoTests" name="[19] /home/travis/build/icyphy/ptII/ptolemy/actor/lib/hoc/test/auto/ConcurrentExecutionTimeSDF.xml (RunModel)" time="1.147" />
  <testcase classname="ptolemy.util.test.junit.AutoTests" name="[20] /home/travis/build/icyphy/ptII/ptolemy/actor/lib/hoc/test/auto/ConcurrentSleep.xml (RunModel)" time="0.786" />
  <testcase classname="ptolemy.util.test.junit.AutoTests" name="[21] /home/travis/build/icyphy/ptII/ptolemy/actor/lib/hoc/test/auto/DEInPNInRunCompositeActor.xml (RunModel)" time="0.034" />
  <testcase classname="ptolemy.util.test.junit.AutoTests" name="[22] /home/travis/build/icyphy/ptII/ptolemy/actor/lib/hoc/test/auto/DFTSubSetTest.xml (RunModel)" time="0.302" />
  <testcase classname="ptolemy.util.test.junit.AutoTests" name="[23] /home/travis/build/icyphy/ptII/ptolemy/actor/lib/hoc/test/auto/HocDE.xml (RunModel)" time="0.192" />
  <testcase classname="ptolemy.util.test.junit.AutoTests" name="[24] /home/travis/build/icyphy/ptII/ptolemy/actor/lib/hoc/test/auto/IterateOverArray.xml (RunModel)" time="0.026" />
  <testcase classname="ptolemy.util.test.junit.AutoTests" name="[25] /home/travis/build/icyphy/ptII/ptolemy/actor/lib/hoc/test/auto/IterateOverArray10.xml (RunModel)" time="0.029" />
  <testcase classname="ptolemy.util.test.junit.AutoTests" name="[26] /home/travis/build/icyphy/ptII/ptolemy/actor/lib/hoc/test/auto/IterateOverArray11.xml (RunModel)" time="0.026" />
  <testcase classname="ptolemy.util.test.junit.AutoTests" name="[27] /home/travis/build/icyphy/ptII/ptolemy/actor/lib/hoc/test/auto/IterateOverArray12.xml (RunModel)" time="0.038" />
  <testcase classname="ptolemy.util.test.junit.AutoTests" name="[28] /home/travis/build/icyphy/ptII/ptolemy/actor/lib/hoc/test/auto/IterateOverArray13.xml (RunModel)" time="0.171" />
  <testcase classname="ptolemy.util.test.junit.AutoTests" name="[29] /home/travis/build/icyphy/ptII/ptolemy/actor/lib/hoc/test/auto/IterateOverArray14.xml (RunModel)" time="0.158" />
  <testcase classname="ptolemy.util.test.junit.AutoTests" name="[30] /home/travis/build/icyphy/ptII/ptolemy/actor/lib/hoc/test/auto/IterateOverArray2.xml (RunModel)" time="0.03" />
  <testcase classname="ptolemy.util.test.junit.AutoTests" name="[31] /home/travis/build/icyphy/ptII/ptolemy/actor/lib/hoc/test/auto/IterateOverArray3.xml (RunModel)" time="0.05" />
  <testcase classname="ptolemy.util.test.junit.AutoTests" name="[32] /home/travis/build/icyphy/ptII/ptolemy/actor/lib/hoc/test/auto/IterateOverArray4.xml (RunModel)" time="0.021" />
  <testcase classname="ptolemy.util.test.junit.AutoTests" name="[33] /home/travis/build/icyphy/ptII/ptolemy/actor/lib/hoc/test/auto/IterateOverArray5.xml (RunModel)" time="0.022" />
  <testcase classname="ptolemy.util.test.junit.AutoTests" name="[34] /home/travis/build/icyphy/ptII/ptolemy/actor/lib/hoc/test/auto/IterateOverArray6.xml (RunModel)" time="0.016" />
  <testcase classname="ptolemy.util.test.junit.AutoTests" name="[35] /home/travis/build/icyphy/ptII/ptolemy/actor/lib/hoc/test/auto/IterateOverArray7.xml (RunModel)" time="0.028" />
  <testcase classname="ptolemy.util.test.junit.AutoTests" name="[36] /home/travis/build/icyphy/ptII/ptolemy/actor/lib/hoc/test/auto/IterateOverArray8.xml (RunModel)" time="0.019" />
  <testcase classname="ptolemy.util.test.junit.AutoTests" name="[37] /home/travis/build/icyphy/ptII/ptolemy/actor/lib/hoc/test/auto/IterateOverArray9.xml (RunModel)" time="0.02" />
  <testcase classname="ptolemy.util.test.junit.AutoTests" name="[38] /home/travis/build/icyphy/ptII/ptolemy/actor/lib/hoc/test/auto/IterateOverArrayCoercedOutputType.xml (RunModel)" time="0.054" />
  <testcase classname="ptolemy.util.test.junit.AutoTests" name="[39] /home/travis/build/icyphy/ptII/ptolemy/actor/lib/hoc/test/auto/IterateOverArrayInferredOutputType.xml (RunModel)" time="0.02" />
  <testcase classname="ptolemy.util.test.junit.AutoTests" name="[40] /home/travis/build/icyphy/ptII/ptolemy/actor/lib/hoc/test/auto/MobileFunctionTest.xml (RunModel)" time="0.028" />
  <testcase classname="ptolemy.util.test.junit.AutoTests" name="[41] /home/travis/build/icyphy/ptII/ptolemy/actor/lib/hoc/test/auto/MobileModelTest.xml (RunModel)" time="0.102" />
  <testcase classname="ptolemy.util.test.junit.AutoTests" name="[42] /home/travis/build/icyphy/ptII/ptolemy/actor/lib/hoc/test/auto/ModelReference.xml (RunModel)" time="0.097" />
  <testcase classname="ptolemy.util.test.junit.AutoTests" name="[43] /home/travis/build/icyphy/ptII/ptolemy/actor/lib/hoc/test/auto/ModelReference3.xml (RunModel)" time="0.07" />
  <testcase classname="ptolemy.util.test.junit.AutoTests" name="[44] /home/travis/build/icyphy/ptII/ptolemy/actor/lib/hoc/test/auto/ModelReference4.xml (RunModel)" time="10.033" />
  <testcase classname="ptolemy.util.test.junit.AutoTests" name="[45] /home/travis/build/icyphy/ptII/ptolemy/actor/lib/hoc/test/auto/MultiInstanceComposite.xml (RunModel)" time="0.056" />
  <testcase classname="ptolemy.util.test.junit.AutoTests" name="[46] /home/travis/build/icyphy/ptII/ptolemy/actor/lib/hoc/test/auto/MultiInstanceComposite2.xml (RunModel)" time="0.036" />
  <testcase classname="ptolemy.util.test.junit.AutoTests" name="[47] /home/travis/build/icyphy/ptII/ptolemy/actor/lib/hoc/test/auto/MulticoreExecution.xml (RunModel)" time="1.128" />
  <testcase classname="ptolemy.util.test.junit.AutoTests" name="[48] /home/travis/build/icyphy/ptII/ptolemy/actor/lib/hoc/test/auto/ParallelExecution.xml (RunModel)" time="0.933" />
  <testcase classname="ptolemy.util.test.junit.AutoTests" name="[49] /home/travis/build/icyphy/ptII/ptolemy/actor/lib/hoc/test/auto/RunCompositeActor.xml (RunModel)" time="0.022" />
  <testcase classname="ptolemy.util.test.junit.AutoTests" name="[50] /home/travis/build/icyphy/ptII/ptolemy/actor/lib/hoc/test/auto/RunCompositeActor2.xml (RunModel)" time="0.023" />
  <testcase classname="ptolemy.util.test.junit.AutoTests" name="[51] /home/travis/build/icyphy/ptII/ptolemy/actor/lib/hoc/test/auto/RunCompositeActor3.xml (RunModel)" time="0.022" />
  <testcase classname="ptolemy.util.test.junit.AutoTests" name="[52] /home/travis/build/icyphy/ptII/ptolemy/actor/lib/hoc/test/auto/RunCompositeActor4.xml (RunModel)" time="0.033" />
  <testcase classname="ptolemy.util.test.junit.AutoTests" name="[53] /home/travis/build/icyphy/ptII/ptolemy/actor/lib/hoc/test/auto/RunCompositeIterateOverArray.xml (RunModel)" time="0.026" />
  <testcase classname="ptolemy.util.test.junit.AutoTests" name="[54] /home/travis/build/icyphy/ptII/ptolemy/actor/lib/hoc/test/auto/ThreadedJS.xml (RunModel)" time="5.151" />
  <system-out><![CDATA[/home/travis/build/icyphy/ptII/ptolemy/actor/lib/hoc/test/IterateOverArray.tcl
testDefs.tcl: setting time out to 9000 seconds at Mon Apr 29 09:09:07 UTC 2019
04/29/19 09:09:08
Failed: 0  Total Tests: 2  ((Passed: 2, Newly Passed: 0)  Known Failed: 0) /home/travis/build/icyphy/ptII/ptolemy/actor/lib/hoc/test
----------------- testing (KnownFailure) /home/travis/build/icyphy/ptII/ptolemy/actor/lib/hoc/test/auto/knownFailedTests/PreinitializeMustBeInvokedRunComposite.xml
40 ms. Memory: 116224K Free: 106918K (92%)
Known Failure: java.lang.reflect.InvocationTargetException
No auto/linux-amd64/*.xml tests in /home/travis/build/icyphy/ptII/ptolemy/actor/lib/hoc/test
AutoTests.java: About to close Vertx.
AutoTests.java: Vertx closed.

===========================================================================================
----------------- testing Mon Apr 29 09:09:08 UTC 2019 /home/travis/build/icyphy/ptII/ptolemy/actor/lib/hoc/test/auto/AllToAllMultiInstanceComposite.xml
----------------- Instantiating /home/travis/build/icyphy/ptII/ptolemy/actor/lib/hoc/test/auto/AllToAllMultiInstanceComposite.xml
112 ms. Memory: 116224K Free: 93510K (80%)
----------------- Invoking toplevel() on ptolemy.moml.MoMLSimpleApplication@761d7e24
----------------- Done invoking toplevel() on ptolemy.moml.MoMLSimpleApplication@761d7e24
reloadAllAccessors: .AllToAllMultiInstanceComposite

===========================================================================================
----------------- testing Mon Apr 29 09:09:09 UTC 2019 /home/travis/build/icyphy/ptII/ptolemy/actor/lib/hoc/test/auto/ApplyFFTTest.xml
----------------- Instantiating /home/travis/build/icyphy/ptII/ptolemy/actor/lib/hoc/test/auto/ApplyFFTTest.xml
155 ms. Memory: 116224K Free: 104871K (90%)
----------------- Invoking toplevel() on ptolemy.moml.MoMLSimpleApplication@1c52b3d8
----------------- Done invoking toplevel() on ptolemy.moml.MoMLSimpleApplication@1c52b3d8
reloadAllAccessors: .ApplyFFTTest

===========================================================================================
----------------- testing Mon Apr 29 09:09:09 UTC 2019 /home/travis/build/icyphy/ptII/ptolemy/actor/lib/hoc/test/auto/ApplyFunction.xml
----------------- Instantiating /home/travis/build/icyphy/ptII/ptolemy/actor/lib/hoc/test/auto/ApplyFunction.xml
6 ms. Memory: 116224K Free: 101340K (87%)
----------------- Invoking toplevel() on ptolemy.moml.MoMLSimpleApplication@6e99b078
----------------- Done invoking toplevel() on ptolemy.moml.MoMLSimpleApplication@6e99b078
reloadAllAccessors: .ApplyFunction

===========================================================================================
----------------- testing Mon Apr 29 09:09:09 UTC 2019 /home/travis/build/icyphy/ptII/ptolemy/actor/lib/hoc/test/auto/BackgroundExecution.xml
----------------- Instantiating /home/travis/build/icyphy/ptII/ptolemy/actor/lib/hoc/test/auto/BackgroundExecution.xml
636 ms. Memory: 116224K Free: 93685K (81%)
----------------- Invoking toplevel() on ptolemy.moml.MoMLSimpleApplication@6b74df98
----------------- Done invoking toplevel() on ptolemy.moml.MoMLSimpleApplication@6b74df98
reloadAllAccessors: .BackgroundExecution

===========================================================================================
----------------- testing Mon Apr 29 09:09:10 UTC 2019 /home/travis/build/icyphy/ptII/ptolemy/actor/lib/hoc/test/auto/Case.xml
----------------- Instantiating /home/travis/build/icyphy/ptII/ptolemy/actor/lib/hoc/test/auto/Case.xml
30 ms. Memory: 116224K Free: 85805K (74%)
----------------- Invoking toplevel() on ptolemy.moml.MoMLSimpleApplication@2522c44c
----------------- Done invoking toplevel() on ptolemy.moml.MoMLSimpleApplication@2522c44c
reloadAllAccessors: .Case

===========================================================================================
----------------- testing Mon Apr 29 09:09:10 UTC 2019 /home/travis/build/icyphy/ptII/ptolemy/actor/lib/hoc/test/auto/Case1.xml
----------------- Instantiating /home/travis/build/icyphy/ptII/ptolemy/actor/lib/hoc/test/auto/Case1.xml
19 ms. Memory: 146944K Free: 140552K (96%)
----------------- Invoking toplevel() on ptolemy.moml.MoMLSimpleApplication@6e744830
----------------- Done invoking toplevel() on ptolemy.moml.MoMLSimpleApplication@6e744830
reloadAllAccessors: .Case1

===========================================================================================
----------------- testing Mon Apr 29 09:09:10 UTC 2019 /home/travis/build/icyphy/ptII/ptolemy/actor/lib/hoc/test/auto/Case2.xml
----------------- Instantiating /home/travis/build/icyphy/ptII/ptolemy/actor/lib/hoc/test/auto/Case2.xml
48 ms. Memory: 146944K Free: 128875K (88%)
----------------- Invoking toplevel() on ptolemy.moml.MoMLSimpleApplication@48489e8b
----------------- Done invoking toplevel() on ptolemy.moml.MoMLSimpleApplication@48489e8b
reloadAllAccessors: .Case2

===========================================================================================
----------------- testing Mon Apr 29 09:09:10 UTC 2019 /home/travis/build/icyphy/ptII/ptolemy/actor/lib/hoc/test/auto/Case3.xml
----------------- Instantiating /home/travis/build/icyphy/ptII/ptolemy/actor/lib/hoc/test/auto/Case3.xml
16 ms. Memory: 146944K Free: 122193K (83%)
----------------- Invoking toplevel() on ptolemy.moml.MoMLSimpleApplication@599a1812
----------------- Done invoking toplevel() on ptolemy.moml.MoMLSimpleApplication@599a1812
reloadAllAccessors: .Case3

===========================================================================================
----------------- testing Mon Apr 29 09:09:10 UTC 2019 /home/travis/build/icyphy/ptII/ptolemy/actor/lib/hoc/test/auto/Case4.xml
----------------- Instantiating /home/travis/build/icyphy/ptII/ptolemy/actor/lib/hoc/test/auto/Case4.xml
9 ms. Memory: 146944K Free: 113743K (77%)
----------------- Invoking toplevel() on ptolemy.moml.MoMLSimpleApplication@727927a8
----------------- Done invoking toplevel() on ptolemy.moml.MoMLSimpleApplication@727927a8
reloadAllAccessors: .Case4

===========================================================================================
----------------- testing Mon Apr 29 09:09:10 UTC 2019 /home/travis/build/icyphy/ptII/ptolemy/actor/lib/hoc/test/auto/Case5.xml
----------------- Instantiating /home/travis/build/icyphy/ptII/ptolemy/actor/lib/hoc/test/auto/Case5.xml
55 ms. Memory: 146944K Free: 107398K (73%)
----------------- Invoking toplevel() on ptolemy.moml.MoMLSimpleApplication@f0337d9
----------------- Done invoking toplevel() on ptolemy.moml.MoMLSimpleApplication@f0337d9
reloadAllAccessors: .junk

===========================================================================================
----------------- testing Mon Apr 29 09:09:10 UTC 2019 /home/travis/build/icyphy/ptII/ptolemy/actor/lib/hoc/test/auto/Case6.xml
----------------- Instantiating /home/travis/build/icyphy/ptII/ptolemy/actor/lib/hoc/test/auto/Case6.xml
28 ms. Memory: 146944K Free: 94399K (64%)
----------------- Invoking toplevel() on ptolemy.moml.MoMLSimpleApplication@1aeef210
----------------- Done invoking toplevel() on ptolemy.moml.MoMLSimpleApplication@1aeef210
reloadAllAccessors: .Case6

===========================================================================================
----------------- testing Mon Apr 29 09:09:10 UTC 2019 /home/travis/build/icyphy/ptII/ptolemy/actor/lib/hoc/test/auto/CaseString2.xml
----------------- Instantiating /home/travis/build/icyphy/ptII/ptolemy/actor/lib/hoc/test/auto/CaseString2.xml
20 ms. Memory: 146944K Free: 85924K (58%)
----------------- Invoking toplevel() on ptolemy.moml.MoMLSimpleApplication@58e6789
----------------- Done invoking toplevel() on ptolemy.moml.MoMLSimpleApplication@58e6789
reloadAllAccessors: .CaseString2

===========================================================================================
----------------- testing Mon Apr 29 09:09:10 UTC 2019 /home/travis/build/icyphy/ptII/ptolemy/actor/lib/hoc/test/auto/CatchUpComposite1.xml
----------------- Instantiating /home/travis/build/icyphy/ptII/ptolemy/actor/lib/hoc/test/auto/CatchUpComposite1.xml
27 ms. Memory: 146944K Free: 138005K (94%)
----------------- Invoking toplevel() on ptolemy.moml.MoMLSimpleApplication@23767899
----------------- Done invoking toplevel() on ptolemy.moml.MoMLSimpleApplication@23767899
reloadAllAccessors: .CatchUpComposite1

===========================================================================================
----------------- testing Mon Apr 29 09:09:10 UTC 2019 /home/travis/build/icyphy/ptII/ptolemy/actor/lib/hoc/test/auto/CatchUpComposite2.xml
----------------- Instantiating /home/travis/build/icyphy/ptII/ptolemy/actor/lib/hoc/test/auto/CatchUpComposite2.xml
17 ms. Memory: 146944K Free: 129009K (88%)
----------------- Invoking toplevel() on ptolemy.moml.MoMLSimpleApplication@7e3b81b2
----------------- Done invoking toplevel() on ptolemy.moml.MoMLSimpleApplication@7e3b81b2
reloadAllAccessors: .CatchUpComposite2

===========================================================================================
----------------- testing Mon Apr 29 09:09:11 UTC 2019 /home/travis/build/icyphy/ptII/ptolemy/actor/lib/hoc/test/auto/CatchUpComposite3.xml
----------------- Instantiating /home/travis/build/icyphy/ptII/ptolemy/actor/lib/hoc/test/auto/CatchUpComposite3.xml
13 ms. Memory: 146944K Free: 119877K (82%)
----------------- Invoking toplevel() on ptolemy.moml.MoMLSimpleApplication@367a91a7
----------------- Done invoking toplevel() on ptolemy.moml.MoMLSimpleApplication@367a91a7
reloadAllAccessors: .CatchUpComposite3

===========================================================================================
----------------- testing Mon Apr 29 09:09:11 UTC 2019 /home/travis/build/icyphy/ptII/ptolemy/actor/lib/hoc/test/auto/CatchUpComposite4.xml
----------------- Instantiating /home/travis/build/icyphy/ptII/ptolemy/actor/lib/hoc/test/auto/CatchUpComposite4.xml
20 ms. Memory: 146944K Free: 110992K (76%)
----------------- Invoking toplevel() on ptolemy.moml.MoMLSimpleApplication@290b94f6
----------------- Done invoking toplevel() on ptolemy.moml.MoMLSimpleApplication@290b94f6
reloadAllAccessors: .CatchUpComposite4

===========================================================================================
----------------- testing Mon Apr 29 09:09:11 UTC 2019 /home/travis/build/icyphy/ptII/ptolemy/actor/lib/hoc/test/auto/CatchUpComposite5.xml
----------------- Instantiating /home/travis/build/icyphy/ptII/ptolemy/actor/lib/hoc/test/auto/CatchUpComposite5.xml
15 ms. Memory: 146944K Free: 102768K (70%)
----------------- Invoking toplevel() on ptolemy.moml.MoMLSimpleApplication@4161aac4
----------------- Done invoking toplevel() on ptolemy.moml.MoMLSimpleApplication@4161aac4
reloadAllAccessors: .CatchUpComposite5

===========================================================================================
----------------- testing Mon Apr 29 09:09:11 UTC 2019 /home/travis/build/icyphy/ptII/ptolemy/actor/lib/hoc/test/auto/CatchUpComposite6.xml
----------------- Instantiating /home/travis/build/icyphy/ptII/ptolemy/actor/lib/hoc/test/auto/CatchUpComposite6.xml
WARNING: The execution aspects in this model can influence the timing of actors by delaying the 
execution, potentially changing the behavior. There is no guarantee that actors fire at the 
time they request to be fired. 
Use Ptides for deterministic DE behavior that is not influenced by execution aspects. 

93 ms. Memory: 146944K Free: 85982K (59%)
----------------- Invoking toplevel() on ptolemy.moml.MoMLSimpleApplication@de5bb96
----------------- Done invoking toplevel() on ptolemy.moml.MoMLSimpleApplication@de5bb96
reloadAllAccessors: .CatchUpComposite6

===========================================================================================
----------------- testing Mon Apr 29 09:09:11 UTC 2019 /home/travis/build/icyphy/ptII/ptolemy/actor/lib/hoc/test/auto/CatchUpComposite7.xml
----------------- Instantiating /home/travis/build/icyphy/ptII/ptolemy/actor/lib/hoc/test/auto/CatchUpComposite7.xml
WARNING: The execution aspects in this model can influence the timing of actors by delaying the 
execution, potentially changing the behavior. There is no guarantee that actors fire at the 
time they request to be fired. 
Use Ptides for deterministic DE behavior that is not influenced by execution aspects. 

43 ms. Memory: 208896K Free: 193229K (93%)
----------------- Invoking toplevel() on ptolemy.moml.MoMLSimpleApplication@110e988f
----------------- Done invoking toplevel() on ptolemy.moml.MoMLSimpleApplication@110e988f
reloadAllAccessors: .CatchUpComposite7

===========================================================================================
----------------- testing Mon Apr 29 09:09:11 UTC 2019 /home/travis/build/icyphy/ptII/ptolemy/actor/lib/hoc/test/auto/ConcurrentExecutionTimeSDF.xml
----------------- Instantiating /home/travis/build/icyphy/ptII/ptolemy/actor/lib/hoc/test/auto/ConcurrentExecutionTimeSDF.xml
Fired ExecutionTime: 40400000
Fired ExecutionTime: 40400000
Fired ExecutionTime: 40400000
Fired ExecutionTime: 40400000
Fired ExecutionTime: 40400000
Fired ExecutionTime: 40400000
Fired ExecutionTime: 40400000
Fired ExecutionTime: 40400000
Fired ExecutionTime: 40400000
Fired ExecutionTime: 40400000
Fired ExecutionTime: 40400000
Fired ExecutionTime: 40400000
Fired ExecutionTime: 40400000
Fired ExecutionTime: 40400000
Fired ExecutionTime: 40400000
Fired ExecutionTime: 40400000
Fired ExecutionTime: 40400000
Fired ExecutionTime: 40400000
Fired ExecutionTime: 40400000
Fired ExecutionTime: 40400000
1114 ms. Memory: 208896K Free: 184600K (88%)
----------------- Invoking toplevel() on ptolemy.moml.MoMLSimpleApplication@48e3245d
----------------- Done invoking toplevel() on ptolemy.moml.MoMLSimpleApplication@48e3245d
reloadAllAccessors: .ConcurrentExecutionTimeSDF

===========================================================================================
----------------- testing Mon Apr 29 09:09:12 UTC 2019 /home/travis/build/icyphy/ptII/ptolemy/actor/lib/hoc/test/auto/ConcurrentSleep.xml
----------------- Instantiating /home/travis/build/icyphy/ptII/ptolemy/actor/lib/hoc/test/auto/ConcurrentSleep.xml
749 ms. Memory: 208896K Free: 170235K (81%)
----------------- Invoking toplevel() on ptolemy.moml.MoMLSimpleApplication@5b65b323
----------------- Done invoking toplevel() on ptolemy.moml.MoMLSimpleApplication@5b65b323
reloadAllAccessors: .ConcurrentSleep

===========================================================================================
----------------- testing Mon Apr 29 09:09:13 UTC 2019 /home/travis/build/icyphy/ptII/ptolemy/actor/lib/hoc/test/auto/DEInPNInRunCompositeActor.xml
----------------- Instantiating /home/travis/build/icyphy/ptII/ptolemy/actor/lib/hoc/test/auto/DEInPNInRunCompositeActor.xml
14 ms. Memory: 208896K Free: 162425K (78%)
----------------- Invoking toplevel() on ptolemy.moml.MoMLSimpleApplication@6a1c54f4
----------------- Done invoking toplevel() on ptolemy.moml.MoMLSimpleApplication@6a1c54f4
reloadAllAccessors: .DEInPNInRunCompositeActor

===========================================================================================
----------------- testing Mon Apr 29 09:09:13 UTC 2019 /home/travis/build/icyphy/ptII/ptolemy/actor/lib/hoc/test/auto/DFTSubSetTest.xml
----------------- Instantiating /home/travis/build/icyphy/ptII/ptolemy/actor/lib/hoc/test/auto/DFTSubSetTest.xml
190 ms. Memory: 208896K Free: 116022K (56%)
----------------- Invoking toplevel() on ptolemy.moml.MoMLSimpleApplication@3ef18540
----------------- Done invoking toplevel() on ptolemy.moml.MoMLSimpleApplication@3ef18540
reloadAllAccessors: .DFTSubSetTest

===========================================================================================
----------------- testing Mon Apr 29 09:09:13 UTC 2019 /home/travis/build/icyphy/ptII/ptolemy/actor/lib/hoc/test/auto/HocDE.xml
----------------- Instantiating /home/travis/build/icyphy/ptII/ptolemy/actor/lib/hoc/test/auto/HocDE.xml
145 ms. Memory: 208896K Free: 88987K (43%)
----------------- Invoking toplevel() on ptolemy.moml.MoMLSimpleApplication@1f97a65b
----------------- Done invoking toplevel() on ptolemy.moml.MoMLSimpleApplication@1f97a65b
reloadAllAccessors: .HocDE

===========================================================================================
----------------- testing Mon Apr 29 09:09:13 UTC 2019 /home/travis/build/icyphy/ptII/ptolemy/actor/lib/hoc/test/auto/IterateOverArray.xml
----------------- Instantiating /home/travis/build/icyphy/ptII/ptolemy/actor/lib/hoc/test/auto/IterateOverArray.xml
6 ms. Memory: 208896K Free: 83571K (40%)
----------------- Invoking toplevel() on ptolemy.moml.MoMLSimpleApplication@50f8103
----------------- Done invoking toplevel() on ptolemy.moml.MoMLSimpleApplication@50f8103
reloadAllAccessors: .IterateOverArray

===========================================================================================
----------------- testing Mon Apr 29 09:09:14 UTC 2019 /home/travis/build/icyphy/ptII/ptolemy/actor/lib/hoc/test/auto/IterateOverArray10.xml
----------------- Instantiating /home/travis/build/icyphy/ptII/ptolemy/actor/lib/hoc/test/auto/IterateOverArray10.xml
14 ms. Memory: 209408K Free: 203113K (97%)
----------------- Invoking toplevel() on ptolemy.moml.MoMLSimpleApplication@5af9e1d3
----------------- Done invoking toplevel() on ptolemy.moml.MoMLSimpleApplication@5af9e1d3
reloadAllAccessors: .IterateOverArray10

===========================================================================================
----------------- testing Mon Apr 29 09:09:14 UTC 2019 /home/travis/build/icyphy/ptII/ptolemy/actor/lib/hoc/test/auto/IterateOverArray11.xml
----------------- Instantiating /home/travis/build/icyphy/ptII/ptolemy/actor/lib/hoc/test/auto/IterateOverArray11.xml
3 ms. Memory: 209408K Free: 197782K (94%)
----------------- Invoking toplevel() on ptolemy.moml.MoMLSimpleApplication@352df600
----------------- Done invoking toplevel() on ptolemy.moml.MoMLSimpleApplication@352df600
reloadAllAccessors: .IterateOverArray11

===========================================================================================
----------------- testing Mon Apr 29 09:09:14 UTC 2019 /home/travis/build/icyphy/ptII/ptolemy/actor/lib/hoc/test/auto/IterateOverArray12.xml
----------------- Instantiating /home/travis/build/icyphy/ptII/ptolemy/actor/lib/hoc/test/auto/IterateOverArray12.xml
19 ms. Memory: 209408K Free: 190636K (91%)
----------------- Invoking toplevel() on ptolemy.moml.MoMLSimpleApplication@7fd1b5a8
----------------- Done invoking toplevel() on ptolemy.moml.MoMLSimpleApplication@7fd1b5a8
reloadAllAccessors: .IterateOverArray12

===========================================================================================
----------------- testing Mon Apr 29 09:09:14 UTC 2019 /home/travis/build/icyphy/ptII/ptolemy/actor/lib/hoc/test/auto/IterateOverArray13.xml
----------------- Instantiating /home/travis/build/icyphy/ptII/ptolemy/actor/lib/hoc/test/auto/IterateOverArray13.xml
74 ms. Memory: 209408K Free: 158135K (76%)
----------------- Invoking toplevel() on ptolemy.moml.MoMLSimpleApplication@719bce52
----------------- Done invoking toplevel() on ptolemy.moml.MoMLSimpleApplication@719bce52
reloadAllAccessors: .IterateOverArray13

===========================================================================================
----------------- testing Mon Apr 29 09:09:14 UTC 2019 /home/travis/build/icyphy/ptII/ptolemy/actor/lib/hoc/test/auto/IterateOverArray14.xml
----------------- Instantiating /home/travis/build/icyphy/ptII/ptolemy/actor/lib/hoc/test/auto/IterateOverArray14.xml
69 ms. Memory: 209408K Free: 122005K (58%)
----------------- Invoking toplevel() on ptolemy.moml.MoMLSimpleApplication@63421c6c
----------------- Done invoking toplevel() on ptolemy.moml.MoMLSimpleApplication@63421c6c
reloadAllAccessors: .IterateOverArray14

===========================================================================================
----------------- testing Mon Apr 29 09:09:14 UTC 2019 /home/travis/build/icyphy/ptII/ptolemy/actor/lib/hoc/test/auto/IterateOverArray2.xml
----------------- Instantiating /home/travis/build/icyphy/ptII/ptolemy/actor/lib/hoc/test/auto/IterateOverArray2.xml
11 ms. Memory: 209408K Free: 116755K (56%)
----------------- Invoking toplevel() on ptolemy.moml.MoMLSimpleApplication@6094c7a0
----------------- Done invoking toplevel() on ptolemy.moml.MoMLSimpleApplication@6094c7a0
reloadAllAccessors: .IterateOverArray2

===========================================================================================
----------------- testing Mon Apr 29 09:09:14 UTC 2019 /home/travis/build/icyphy/ptII/ptolemy/actor/lib/hoc/test/auto/IterateOverArray3.xml
----------------- Instantiating /home/travis/build/icyphy/ptII/ptolemy/actor/lib/hoc/test/auto/IterateOverArray3.xml
21 ms. Memory: 209408K Free: 109615K (52%)
----------------- Invoking toplevel() on ptolemy.moml.MoMLSimpleApplication@6daeed58
----------------- Done invoking toplevel() on ptolemy.moml.MoMLSimpleApplication@6daeed58
reloadAllAccessors: .IterateOverArray3

===========================================================================================
----------------- testing Mon Apr 29 09:09:14 UTC 2019 /home/travis/build/icyphy/ptII/ptolemy/actor/lib/hoc/test/auto/IterateOverArray4.xml
----------------- Instantiating /home/travis/build/icyphy/ptII/ptolemy/actor/lib/hoc/test/auto/IterateOverArray4.xml
5 ms. Memory: 209408K Free: 104988K (50%)
----------------- Invoking toplevel() on ptolemy.moml.MoMLSimpleApplication@d961f10
----------------- Done invoking toplevel() on ptolemy.moml.MoMLSimpleApplication@d961f10
reloadAllAccessors: .IterateOverArray4

===========================================================================================
----------------- testing Mon Apr 29 09:09:14 UTC 2019 /home/travis/build/icyphy/ptII/ptolemy/actor/lib/hoc/test/auto/IterateOverArray5.xml
----------------- Instantiating /home/travis/build/icyphy/ptII/ptolemy/actor/lib/hoc/test/auto/IterateOverArray5.xml
3 ms. Memory: 209408K Free: 100098K (48%)
----------------- Invoking toplevel() on ptolemy.moml.MoMLSimpleApplication@584d71c4
----------------- Done invoking toplevel() on ptolemy.moml.MoMLSimpleApplication@584d71c4
reloadAllAccessors: .IterateOverArray5

===========================================================================================
----------------- testing Mon Apr 29 09:09:14 UTC 2019 /home/travis/build/icyphy/ptII/ptolemy/actor/lib/hoc/test/auto/IterateOverArray6.xml
----------------- Instantiating /home/travis/build/icyphy/ptII/ptolemy/actor/lib/hoc/test/auto/IterateOverArray6.xml
2 ms. Memory: 209408K Free: 96109K (46%)
----------------- Invoking toplevel() on ptolemy.moml.MoMLSimpleApplication@5f8401c3
----------------- Done invoking toplevel() on ptolemy.moml.MoMLSimpleApplication@5f8401c3
reloadAllAccessors: .IterateOverArray6

===========================================================================================
----------------- testing Mon Apr 29 09:09:14 UTC 2019 /home/travis/build/icyphy/ptII/ptolemy/actor/lib/hoc/test/auto/IterateOverArray7.xml
----------------- Instantiating /home/travis/build/icyphy/ptII/ptolemy/actor/lib/hoc/test/auto/IterateOverArray7.xml
3 ms. Memory: 209408K Free: 91442K (44%)
----------------- Invoking toplevel() on ptolemy.moml.MoMLSimpleApplication@6c32e8e7
----------------- Done invoking toplevel() on ptolemy.moml.MoMLSimpleApplication@6c32e8e7
reloadAllAccessors: .IterateOverArray7

===========================================================================================
----------------- testing Mon Apr 29 09:09:14 UTC 2019 /home/travis/build/icyphy/ptII/ptolemy/actor/lib/hoc/test/auto/IterateOverArray8.xml
----------------- Instantiating /home/travis/build/icyphy/ptII/ptolemy/actor/lib/hoc/test/auto/IterateOverArray8.xml
3 ms. Memory: 209408K Free: 86815K (41%)
----------------- Invoking toplevel() on ptolemy.moml.MoMLSimpleApplication@6ec7c946
----------------- Done invoking toplevel() on ptolemy.moml.MoMLSimpleApplication@6ec7c946
reloadAllAccessors: .IterateOverArray8

===========================================================================================
----------------- testing Mon Apr 29 09:09:14 UTC 2019 /home/travis/build/icyphy/ptII/ptolemy/actor/lib/hoc/test/auto/IterateOverArray9.xml
----------------- Instantiating /home/travis/build/icyphy/ptII/ptolemy/actor/lib/hoc/test/auto/IterateOverArray9.xml
4 ms. Memory: 209408K Free: 82148K (39%)
----------------- Invoking toplevel() on ptolemy.moml.MoMLSimpleApplication@39d047e2
----------------- Done invoking toplevel() on ptolemy.moml.MoMLSimpleApplication@39d047e2
reloadAllAccessors: .IterateOverArray9

===========================================================================================
----------------- testing Mon Apr 29 09:09:14 UTC 2019 /home/travis/build/icyphy/ptII/ptolemy/actor/lib/hoc/test/auto/IterateOverArrayCoercedOutputType.xml
----------------- Instantiating /home/travis/build/icyphy/ptII/ptolemy/actor/lib/hoc/test/auto/IterateOverArrayCoercedOutputType.xml
4 ms. Memory: 333312K Free: 322013K (97%)
----------------- Invoking toplevel() on ptolemy.moml.MoMLSimpleApplication@57264eea
----------------- Done invoking toplevel() on ptolemy.moml.MoMLSimpleApplication@57264eea
reloadAllAccessors: .IterateOverArrayCoercedOutputType

===========================================================================================
----------------- testing Mon Apr 29 09:09:14 UTC 2019 /home/travis/build/icyphy/ptII/ptolemy/actor/lib/hoc/test/auto/IterateOverArrayInferredOutputType.xml
----------------- Instantiating /home/travis/build/icyphy/ptII/ptolemy/actor/lib/hoc/test/auto/IterateOverArrayInferredOutputType.xml
8 ms. Memory: 333312K Free: 315042K (95%)
----------------- Invoking toplevel() on ptolemy.moml.MoMLSimpleApplication@41a6aabe
----------------- Done invoking toplevel() on ptolemy.moml.MoMLSimpleApplication@41a6aabe
reloadAllAccessors: .IterateOverArrayInferredOutputType

===========================================================================================
----------------- testing Mon Apr 29 09:09:14 UTC 2019 /home/travis/build/icyphy/ptII/ptolemy/actor/lib/hoc/test/auto/MobileFunctionTest.xml
----------------- Instantiating /home/travis/build/icyphy/ptII/ptolemy/actor/lib/hoc/test/auto/MobileFunctionTest.xml
4 ms. Memory: 333312K Free: 309693K (93%)
----------------- Invoking toplevel() on ptolemy.moml.MoMLSimpleApplication@855b36e
----------------- Done invoking toplevel() on ptolemy.moml.MoMLSimpleApplication@855b36e
reloadAllAccessors: .MobileFunctionTest

===========================================================================================
----------------- testing Mon Apr 29 09:09:14 UTC 2019 /home/travis/build/icyphy/ptII/ptolemy/actor/lib/hoc/test/auto/MobileModelTest.xml
----------------- Instantiating /home/travis/build/icyphy/ptII/ptolemy/actor/lib/hoc/test/auto/MobileModelTest.xml
74 ms. Memory: 333312K Free: 287832K (86%)
----------------- Invoking toplevel() on ptolemy.moml.MoMLSimpleApplication@12df2305
----------------- Done invoking toplevel() on ptolemy.moml.MoMLSimpleApplication@12df2305
reloadAllAccessors: .MobileModelTest

===========================================================================================
----------------- testing Mon Apr 29 09:09:14 UTC 2019 /home/travis/build/icyphy/ptII/ptolemy/actor/lib/hoc/test/auto/ModelReference.xml
----------------- Instantiating /home/travis/build/icyphy/ptII/ptolemy/actor/lib/hoc/test/auto/ModelReference.xml
4 ms. Memory: 333312K Free: 279189K (84%)
1 ms. Memory: 333312K Free: 279189K (84%)
2 ms. Memory: 333312K Free: 277535K (83%)
5 ms. Memory: 333312K Free: 277535K (83%)
1 ms. Memory: 333312K Free: 275897K (83%)
1 ms. Memory: 333312K Free: 275897K (83%)
3 ms. Memory: 333312K Free: 275897K (83%)
2 ms. Memory: 333312K Free: 274258K (82%)
3 ms. Memory: 333312K Free: 274258K (82%)
2 ms. Memory: 333312K Free: 272612K (82%)
34 ms. Memory: 333312K Free: 272612K (82%)
----------------- Invoking toplevel() on ptolemy.moml.MoMLSimpleApplication@2b83f820
----------------- Done invoking toplevel() on ptolemy.moml.MoMLSimpleApplication@2b83f820
reloadAllAccessors: .ModelReference

===========================================================================================
----------------- testing Mon Apr 29 09:09:14 UTC 2019 /home/travis/build/icyphy/ptII/ptolemy/actor/lib/hoc/test/auto/ModelReference3.xml
----------------- Instantiating /home/travis/build/icyphy/ptII/ptolemy/actor/lib/hoc/test/auto/ModelReference3.xml
2 ms. Memory: 333312K Free: 267696K (80%)
5 ms. Memory: 333312K Free: 266042K (80%)
2 ms. Memory: 333312K Free: 266042K (80%)
2 ms. Memory: 333312K Free: 264396K (79%)
3 ms. Memory: 333312K Free: 264396K (79%)
1 ms. Memory: 333312K Free: 262741K (79%)
2 ms. Memory: 333312K Free: 262741K (79%)
2 ms. Memory: 333312K Free: 261087K (78%)
3 ms. Memory: 333312K Free: 261087K (78%)
3 ms. Memory: 333312K Free: 259440K (78%)
29 ms. Memory: 333312K Free: 259440K (78%)
----------------- Invoking toplevel() on ptolemy.moml.MoMLSimpleApplication@7d7c0e18
----------------- Done invoking toplevel() on ptolemy.moml.MoMLSimpleApplication@7d7c0e18
reloadAllAccessors: .ModelReference3

===========================================================================================
----------------- testing Mon Apr 29 09:09:15 UTC 2019 /home/travis/build/icyphy/ptII/ptolemy/actor/lib/hoc/test/auto/ModelReference4.xml
----------------- Instantiating /home/travis/build/icyphy/ptII/ptolemy/actor/lib/hoc/test/auto/ModelReference4.xml
2 ms. Memory: 333312K Free: 252453K (76%)
1 ms. Memory: 333312K Free: 250815K (75%)
11 ms. Memory: 333312K Free: 249176K (75%)
6 ms. Memory: 333312K Free: 247538K (74%)
1 ms. Memory: 333312K Free: 244261K (73%)
4 ms. Memory: 333312K Free: 242623K (73%)
8 ms. Memory: 333312K Free: 240984K (72%)
2 ms. Memory: 333312K Free: 239346K (72%)
8 ms. Memory: 333312K Free: 237707K (71%)
2 ms. Memory: 333312K Free: 236069K (71%)
10013 ms. Memory: 333312K Free: 236069K (71%)
----------------- Invoking toplevel() on ptolemy.moml.MoMLSimpleApplication@60f8e773
----------------- Done invoking toplevel() on ptolemy.moml.MoMLSimpleApplication@60f8e773
reloadAllAccessors: .ModelReference4

===========================================================================================
----------------- testing Mon Apr 29 09:09:25 UTC 2019 /home/travis/build/icyphy/ptII/ptolemy/actor/lib/hoc/test/auto/MultiInstanceComposite.xml
----------------- Instantiating /home/travis/build/icyphy/ptII/ptolemy/actor/lib/hoc/test/auto/MultiInstanceComposite.xml
24 ms. Memory: 333312K Free: 215886K (65%)
----------------- Invoking toplevel() on ptolemy.moml.MoMLSimpleApplication@1074c2dc
----------------- Done invoking toplevel() on ptolemy.moml.MoMLSimpleApplication@1074c2dc
reloadAllAccessors: .MultiInstanceComposite

===========================================================================================
----------------- testing Mon Apr 29 09:09:25 UTC 2019 /home/travis/build/icyphy/ptII/ptolemy/actor/lib/hoc/test/auto/MultiInstanceComposite2.xml
----------------- Instantiating /home/travis/build/icyphy/ptII/ptolemy/actor/lib/hoc/test/auto/MultiInstanceComposite2.xml
17 ms. Memory: 333312K Free: 202313K (61%)
----------------- Invoking toplevel() on ptolemy.moml.MoMLSimpleApplication@348642a7
----------------- Done invoking toplevel() on ptolemy.moml.MoMLSimpleApplication@348642a7
reloadAllAccessors: .MultiInstanceComposite2

===========================================================================================
----------------- testing Mon Apr 29 09:09:25 UTC 2019 /home/travis/build/icyphy/ptII/ptolemy/actor/lib/hoc/test/auto/MulticoreExecution.xml
----------------- Instantiating /home/travis/build/icyphy/ptII/ptolemy/actor/lib/hoc/test/auto/MulticoreExecution.xml
Fired ExecutionTime: 2400000
Fired ExecutionTime: 2400000
Fired ExecutionTime: 15600000
Fired ExecutionTime: 4800000
Fired ExecutionTime: 11600000
Fired ExecutionTime: 13600000
Fired ExecutionTime: 6400000
Fired ExecutionTime: 18400000
Fired ExecutionTime: 13600000
Fired ExecutionTime: 14000000
Fired ExecutionTime: 9200000
Fired ExecutionTime: 16400000
Fired ExecutionTime: 12800000
Fired ExecutionTime: 13600000
Fired ExecutionTime: 22800000
Fired ExecutionTime: 22800000
Fired ExecutionTime: 68800000
Fired ExecutionTime: 70000000
Fired ExecutionTime: 66000000
Fired ExecutionTime: 70800000
1104 ms. Memory: 333312K Free: 188740K (57%)
----------------- Invoking toplevel() on ptolemy.moml.MoMLSimpleApplication@7e69cb74
----------------- Done invoking toplevel() on ptolemy.moml.MoMLSimpleApplication@7e69cb74
reloadAllAccessors: .MulticoreExecution

===========================================================================================
----------------- testing Mon Apr 29 09:09:26 UTC 2019 /home/travis/build/icyphy/ptII/ptolemy/actor/lib/hoc/test/auto/ParallelExecution.xml
----------------- Instantiating /home/travis/build/icyphy/ptII/ptolemy/actor/lib/hoc/test/auto/ParallelExecution.xml
914 ms. Memory: 333312K Free: 176821K (53%)
----------------- Invoking toplevel() on ptolemy.moml.MoMLSimpleApplication@2f45ecbc
----------------- Done invoking toplevel() on ptolemy.moml.MoMLSimpleApplication@2f45ecbc
reloadAllAccessors: .ParallelExecution

===========================================================================================
----------------- testing Mon Apr 29 09:09:27 UTC 2019 /home/travis/build/icyphy/ptII/ptolemy/actor/lib/hoc/test/auto/RunCompositeActor.xml
----------------- Instantiating /home/travis/build/icyphy/ptII/ptolemy/actor/lib/hoc/test/auto/RunCompositeActor.xml
7 ms. Memory: 333312K Free: 168629K (51%)
----------------- Invoking toplevel() on ptolemy.moml.MoMLSimpleApplication@123b9214
----------------- Done invoking toplevel() on ptolemy.moml.MoMLSimpleApplication@123b9214
reloadAllAccessors: .RunCompositeActor

===========================================================================================
----------------- testing Mon Apr 29 09:09:27 UTC 2019 /home/travis/build/icyphy/ptII/ptolemy/actor/lib/hoc/test/auto/RunCompositeActor2.xml
----------------- Instantiating /home/travis/build/icyphy/ptII/ptolemy/actor/lib/hoc/test/auto/RunCompositeActor2.xml
9 ms. Memory: 333312K Free: 161657K (49%)
----------------- Invoking toplevel() on ptolemy.moml.MoMLSimpleApplication@5a9752d7
----------------- Done invoking toplevel() on ptolemy.moml.MoMLSimpleApplication@5a9752d7
reloadAllAccessors: .RunCompositeActor2

===========================================================================================
----------------- testing Mon Apr 29 09:09:27 UTC 2019 /home/travis/build/icyphy/ptII/ptolemy/actor/lib/hoc/test/auto/RunCompositeActor3.xml
----------------- Instantiating /home/travis/build/icyphy/ptII/ptolemy/actor/lib/hoc/test/auto/RunCompositeActor3.xml
3 ms. Memory: 333312K Free: 154670K (46%)
----------------- Invoking toplevel() on ptolemy.moml.MoMLSimpleApplication@719fa190
----------------- Done invoking toplevel() on ptolemy.moml.MoMLSimpleApplication@719fa190
reloadAllAccessors: .RunCompositeActor3

===========================================================================================
----------------- testing Mon Apr 29 09:09:27 UTC 2019 /home/travis/build/icyphy/ptII/ptolemy/actor/lib/hoc/test/auto/RunCompositeActor4.xml
----------------- Instantiating /home/travis/build/icyphy/ptII/ptolemy/actor/lib/hoc/test/auto/RunCompositeActor4.xml
18 ms. Memory: 333312K Free: 146028K (44%)
----------------- Invoking toplevel() on ptolemy.moml.MoMLSimpleApplication@72008587
----------------- Done invoking toplevel() on ptolemy.moml.MoMLSimpleApplication@72008587
reloadAllAccessors: .RunCompositeActor4

===========================================================================================
----------------- testing Mon Apr 29 09:09:27 UTC 2019 /home/travis/build/icyphy/ptII/ptolemy/actor/lib/hoc/test/auto/RunCompositeIterateOverArray.xml
----------------- Instantiating /home/travis/build/icyphy/ptII/ptolemy/actor/lib/hoc/test/auto/RunCompositeIterateOverArray.xml
11 ms. Memory: 333312K Free: 139025K (42%)
----------------- Invoking toplevel() on ptolemy.moml.MoMLSimpleApplication@68864650
----------------- Done invoking toplevel() on ptolemy.moml.MoMLSimpleApplication@68864650
reloadAllAccessors: .RunCompositeIterateOverArray

===========================================================================================
----------------- testing Mon Apr 29 09:09:27 UTC 2019 /home/travis/build/icyphy/ptII/ptolemy/actor/lib/hoc/test/auto/ThreadedJS.xml
----------------- Instantiating /home/travis/build/icyphy/ptII/ptolemy/actor/lib/hoc/test/auto/ThreadedJS.xml
1992 ms. Memory: 421376K Free: 270792K (64%)
----------------- Invoking toplevel() on ptolemy.moml.MoMLSimpleApplication@9062a1a
----------------- Done invoking toplevel() on ptolemy.moml.MoMLSimpleApplication@9062a1a
reloadAllAccessors: .ThreadedJS
AutoTests.java: About to close Vertx.
AutoTests.java: Vertx closed.
]]></system-out>
  <system-err><![CDATA[java.lang.RuntimeException: Execution failed
	at ptolemy.moml.MoMLSimpleApplication$UnloadThread.run(MoMLSimpleApplication.java:402)
Caused by: ptolemy.kernel.util.IllegalActionException: initialize() was called after wrapup() was called but preinitialize() was not called after wrapup().
	at ptolemy.actor.lib.hoc.test.PreinitializeMustBeInvoked.initialize(PreinitializeMustBeInvoked.java:78)
	at ptolemy.actor.Director.initialize(Director.java:938)
	at ptolemy.actor.Director.initialize(Director.java:907)
	at ptolemy.actor.sched.StaticSchedulingDirector.initialize(StaticSchedulingDirector.java:159)
	at ptolemy.domains.sdf.kernel.SDFDirector.initialize(SDFDirector.java:544)
	at ptolemy.actor.CompositeActor.initialize(CompositeActor.java:935)
	at ptolemy.actor.lib.hoc.LifeCycleManager._executeInsideModel(LifeCycleManager.java:339)
	at ptolemy.actor.lib.hoc.RunCompositeActor.fire(RunCompositeActor.java:205)
	at ptolemy.actor.CompositeActor.iterate(CompositeActor.java:1146)
	at ptolemy.actor.sched.StaticSchedulingDirector.fire(StaticSchedulingDirector.java:216)
	at ptolemy.domains.sdf.kernel.SDFDirector.fire(SDFDirector.java:500)
	at ptolemy.actor.CompositeActor.fire(CompositeActor.java:455)
	at ptolemy.actor.Manager.iterate(Manager.java:851)
	at ptolemy.actor.Manager.execute(Manager.java:369)
	at ptolemy.actor.Manager.run(Manager.java:1263)
	at ptolemy.actor.Manager$PtolemyRunThread.run(Manager.java:1915)
java.lang.reflect.InvocationTargetException
	at sun.reflect.NativeConstructorAccessorImpl.newInstance0(Native Method)
	at sun.reflect.NativeConstructorAccessorImpl.newInstance(NativeConstructorAccessorImpl.java:62)
	at sun.reflect.DelegatingConstructorAccessorImpl.newInstance(DelegatingConstructorAccessorImpl.java:45)
	at java.lang.reflect.Constructor.newInstance(Constructor.java:423)
	at ptolemy.util.test.junit.AutoKnownFailedTests.RunModel(AutoKnownFailedTests.java:105)
	at sun.reflect.NativeMethodAccessorImpl.invoke0(Native Method)
	at sun.reflect.NativeMethodAccessorImpl.invoke(NativeMethodAccessorImpl.java:62)
	at sun.reflect.DelegatingMethodAccessorImpl.invoke(DelegatingMethodAccessorImpl.java:43)
	at java.lang.reflect.Method.invoke(Method.java:498)
	at org.junit.runners.model.FrameworkMethod$1.runReflectiveCall(FrameworkMethod.java:44)
	at org.junit.internal.runners.model.ReflectiveCallable.run(ReflectiveCallable.java:15)
	at org.junit.runners.model.FrameworkMethod.invokeExplosively(FrameworkMethod.java:41)
	at junitparams.internal.InvokeParameterisedMethod.evaluate(InvokeParameterisedMethod.java:102)
	at org.junit.internal.runners.statements.FailOnTimeout$1.run(FailOnTimeout.java:28)
Caused by: ptolemy.kernel.util.IllegalActionException: initialize() was called after wrapup() was called but preinitialize() was not called after wrapup().
	at ptolemy.actor.lib.hoc.test.PreinitializeMustBeInvoked.initialize(PreinitializeMustBeInvoked.java:78)
	at ptolemy.actor.Director.initialize(Director.java:938)
	at ptolemy.actor.Director.initialize(Director.java:907)
	at ptolemy.actor.sched.StaticSchedulingDirector.initialize(StaticSchedulingDirector.java:159)
	at ptolemy.domains.sdf.kernel.SDFDirector.initialize(SDFDirector.java:544)
	at ptolemy.actor.CompositeActor.initialize(CompositeActor.java:935)
	at ptolemy.actor.lib.hoc.LifeCycleManager._executeInsideModel(LifeCycleManager.java:339)
	at ptolemy.actor.lib.hoc.RunCompositeActor.fire(RunCompositeActor.java:205)
	at ptolemy.actor.CompositeActor.iterate(CompositeActor.java:1146)
	at ptolemy.actor.sched.StaticSchedulingDirector.fire(StaticSchedulingDirector.java:216)
	at ptolemy.domains.sdf.kernel.SDFDirector.fire(SDFDirector.java:500)
	at ptolemy.actor.CompositeActor.fire(CompositeActor.java:455)
	at ptolemy.actor.Manager.iterate(Manager.java:851)
	at ptolemy.actor.Manager.execute(Manager.java:369)
	at ptolemy.actor.Manager.run(Manager.java:1263)
	at ptolemy.actor.Manager$PtolemyRunThread.run(Manager.java:1915)
]]></system-err>
</testsuite>
