<?xml version="1.0" encoding="UTF-8" ?>
<testsuite errors="0" failures="0" hostname="travis-job-9c0c4ec9-5f20-4bfb-b9c1-9a6dd122586b" name="ptolemy.domains.continuous.test.junit.JUnitTclTest" skipped="0" tests="156" time="75.762" timestamp="2019-07-04T04:40:48">
  <properties>
[...]
</properties>
  <testcase classname="ptolemy.util.test.junit.TclTests" name="[0] ThereAreNoTclTests (RunTclFile)" time="0.009" />
  <testcase classname="ptolemy.util.test.junit.AutoKnownFailedTests" name="[0] ThereAreNoKnowFailedTests (RunModel)" time="0.007" />
  <testcase classname="ptolemy.util.test.junit.AutoNameArchTests" name="[0] ThereAreNoAutoArchTests (RunModel)" time="0.024" />
  <testcase classname="ptolemy.util.test.junit.AutoTests" name="[0] /home/travis/build/icyphy/ptII/ptolemy/domains/continuous/test/auto/BouncingBall.xml (RunModel)" time="3.185" />
  <testcase classname="ptolemy.util.test.junit.AutoTests" name="[1] /home/travis/build/icyphy/ptII/ptolemy/domains/continuous/test/auto/BouncingBallWithoutGR.xml (RunModel)" time="0.987" />
  <testcase classname="ptolemy.util.test.junit.AutoTests" name="[2] /home/travis/build/icyphy/ptII/ptolemy/domains/continuous/test/auto/Brownian.xml (RunModel)" time="0.098" />
  <testcase classname="ptolemy.util.test.junit.AutoTests" name="[3] /home/travis/build/icyphy/ptII/ptolemy/domains/continuous/test/auto/CarTracking.xml (RunModel)" time="3.689" />
  <testcase classname="ptolemy.util.test.junit.AutoTests" name="[4] /home/travis/build/icyphy/ptII/ptolemy/domains/continuous/test/auto/CartPendulum.xml (RunModel)" time="0.558" />
  <testcase classname="ptolemy.util.test.junit.AutoTests" name="[5] /home/travis/build/icyphy/ptII/ptolemy/domains/continuous/test/auto/CausalityInterface10.xml (RunModel)" time="0.05" />
  <testcase classname="ptolemy.util.test.junit.AutoTests" name="[6] /home/travis/build/icyphy/ptII/ptolemy/domains/continuous/test/auto/CausalityInterface11.xml (RunModel)" time="0.027" />
  <testcase classname="ptolemy.util.test.junit.AutoTests" name="[7] /home/travis/build/icyphy/ptII/ptolemy/domains/continuous/test/auto/CausalityInterface12.xml (RunModel)" time="0.038" />
  <testcase classname="ptolemy.util.test.junit.AutoTests" name="[8] /home/travis/build/icyphy/ptII/ptolemy/domains/continuous/test/auto/CausalityInterface13.xml (RunModel)" time="0.033" />
  <testcase classname="ptolemy.util.test.junit.AutoTests" name="[9] /home/travis/build/icyphy/ptII/ptolemy/domains/continuous/test/auto/CausalityInterface14.xml (RunModel)" time="0.026" />
  <testcase classname="ptolemy.util.test.junit.AutoTests" name="[10] /home/travis/build/icyphy/ptII/ptolemy/domains/continuous/test/auto/CausalityInterface4.xml (RunModel)" time="0.031" />
  <testcase classname="ptolemy.util.test.junit.AutoTests" name="[11] /home/travis/build/icyphy/ptII/ptolemy/domains/continuous/test/auto/CausalityInterface5.xml (RunModel)" time="0.039" />
  <testcase classname="ptolemy.util.test.junit.AutoTests" name="[12] /home/travis/build/icyphy/ptII/ptolemy/domains/continuous/test/auto/CausalityInterface6.xml (RunModel)" time="0.024" />
  <testcase classname="ptolemy.util.test.junit.AutoTests" name="[13] /home/travis/build/icyphy/ptII/ptolemy/domains/continuous/test/auto/CausalityInterface7.xml (RunModel)" time="0.034" />
  <testcase classname="ptolemy.util.test.junit.AutoTests" name="[14] /home/travis/build/icyphy/ptII/ptolemy/domains/continuous/test/auto/CausalityInterface8.xml (RunModel)" time="0.052" />
  <testcase classname="ptolemy.util.test.junit.AutoTests" name="[15] /home/travis/build/icyphy/ptII/ptolemy/domains/continuous/test/auto/CausalityInterface9.xml (RunModel)" time="0.046" />
  <testcase classname="ptolemy.util.test.junit.AutoTests" name="[16] /home/travis/build/icyphy/ptII/ptolemy/domains/continuous/test/auto/CausalityInterfaceFeedback1.xml (RunModel)" time="0.03" />
  <testcase classname="ptolemy.util.test.junit.AutoTests" name="[17] /home/travis/build/icyphy/ptII/ptolemy/domains/continuous/test/auto/CausalityInterfaceFeedback2.xml (RunModel)" time="0.031" />
  <testcase classname="ptolemy.util.test.junit.AutoTests" name="[18] /home/travis/build/icyphy/ptII/ptolemy/domains/continuous/test/auto/CompareWithCurrentTime.xml (RunModel)" time="0.02" />
  <testcase classname="ptolemy.util.test.junit.AutoTests" name="[19] /home/travis/build/icyphy/ptII/ptolemy/domains/continuous/test/auto/ComparedClocks.xml (RunModel)" time="0.076" />
  <testcase classname="ptolemy.util.test.junit.AutoTests" name="[20] /home/travis/build/icyphy/ptII/ptolemy/domains/continuous/test/auto/ContinuousAOCClone.xml (RunModel)" time="2.681" />
  <testcase classname="ptolemy.util.test.junit.AutoTests" name="[21] /home/travis/build/icyphy/ptII/ptolemy/domains/continuous/test/auto/ContinuousClock.xml (RunModel)" time="0.111" />
  <testcase classname="ptolemy.util.test.junit.AutoTests" name="[22] /home/travis/build/icyphy/ptII/ptolemy/domains/continuous/test/auto/ContinuousInContinuous.xml (RunModel)" time="0.091" />
  <testcase classname="ptolemy.util.test.junit.AutoTests" name="[23] /home/travis/build/icyphy/ptII/ptolemy/domains/continuous/test/auto/ContinuousInContinuousInContinuous.xml (RunModel)" time="0.031" />
  <testcase classname="ptolemy.util.test.junit.AutoTests" name="[24] /home/travis/build/icyphy/ptII/ptolemy/domains/continuous/test/auto/ContinuousInDE.xml (RunModel)" time="0.126" />
  <testcase classname="ptolemy.util.test.junit.AutoTests" name="[25] /home/travis/build/icyphy/ptII/ptolemy/domains/continuous/test/auto/ContinuousInDE2.xml (RunModel)" time="0.047" />
  <testcase classname="ptolemy.util.test.junit.AutoTests" name="[26] /home/travis/build/icyphy/ptII/ptolemy/domains/continuous/test/auto/ContinuousInDE3.xml (RunModel)" time="0.057" />
  <testcase classname="ptolemy.util.test.junit.AutoTests" name="[27] /home/travis/build/icyphy/ptII/ptolemy/domains/continuous/test/auto/ContinuousInDE4.xml (RunModel)" time="0.036" />
  <testcase classname="ptolemy.util.test.junit.AutoTests" name="[28] /home/travis/build/icyphy/ptII/ptolemy/domains/continuous/test/auto/ContinuousInDEDifferentRefinements.xml (RunModel)" time="0.109" />
  <testcase classname="ptolemy.util.test.junit.AutoTests" name="[29] /home/travis/build/icyphy/ptII/ptolemy/domains/continuous/test/auto/ContinuousInDEDifferentRefinementsPreemptive.xml (RunModel)" time="0.078" />
  <testcase classname="ptolemy.util.test.junit.AutoTests" name="[30] /home/travis/build/icyphy/ptII/ptolemy/domains/continuous/test/auto/ContinuousInDEInContinuous2.xml (RunModel)" time="0.05" />
  <testcase classname="ptolemy.util.test.junit.AutoTests" name="[31] /home/travis/build/icyphy/ptII/ptolemy/domains/continuous/test/auto/ContinuousInDEInContinuous3.xml (RunModel)" time="0.052" />
  <testcase classname="ptolemy.util.test.junit.AutoTests" name="[32] /home/travis/build/icyphy/ptII/ptolemy/domains/continuous/test/auto/ContinuousInDEInput.xml (RunModel)" time="0.034" />
  <testcase classname="ptolemy.util.test.junit.AutoTests" name="[33] /home/travis/build/icyphy/ptII/ptolemy/domains/continuous/test/auto/ContinuousInDEInput2.xml (RunModel)" time="0.027" />
  <testcase classname="ptolemy.util.test.junit.AutoTests" name="[34] /home/travis/build/icyphy/ptII/ptolemy/domains/continuous/test/auto/ContinuousInDEInput3.xml (RunModel)" time="0.039" />
  <testcase classname="ptolemy.util.test.junit.AutoTests" name="[35] /home/travis/build/icyphy/ptII/ptolemy/domains/continuous/test/auto/ContinuousInDESharingRefinement.xml (RunModel)" time="0.176" />
  <testcase classname="ptolemy.util.test.junit.AutoTests" name="[36] /home/travis/build/icyphy/ptII/ptolemy/domains/continuous/test/auto/ContinuousInDEwithNoPorts.xml (RunModel)" time="0.016" />
  <testcase classname="ptolemy.util.test.junit.AutoTests" name="[37] /home/travis/build/icyphy/ptII/ptolemy/domains/continuous/test/auto/ContinuousInsideDE.xml (RunModel)" time="0.083" />
  <testcase classname="ptolemy.util.test.junit.AutoTests" name="[38] /home/travis/build/icyphy/ptII/ptolemy/domains/continuous/test/auto/ContinuousMerge1.xml (RunModel)" time="0.018" />
  <testcase classname="ptolemy.util.test.junit.AutoTests" name="[39] /home/travis/build/icyphy/ptII/ptolemy/domains/continuous/test/auto/ContinuousMerge2.xml (RunModel)" time="0.054" />
  <testcase classname="ptolemy.util.test.junit.AutoTests" name="[40] /home/travis/build/icyphy/ptII/ptolemy/domains/continuous/test/auto/ContinuousMerge3.xml (RunModel)" time="0.071" />
  <testcase classname="ptolemy.util.test.junit.AutoTests" name="[41] /home/travis/build/icyphy/ptII/ptolemy/domains/continuous/test/auto/ContinuousWithinContinuous.xml (RunModel)" time="0.069" />
  <testcase classname="ptolemy.util.test.junit.AutoTests" name="[42] /home/travis/build/icyphy/ptII/ptolemy/domains/continuous/test/auto/ContinuousWithinContinuous2.xml (RunModel)" time="0.072" />
  <testcase classname="ptolemy.util.test.junit.AutoTests" name="[43] /home/travis/build/icyphy/ptII/ptolemy/domains/continuous/test/auto/ContinuousWithinContinuous3.xml (RunModel)" time="0.025" />
  <testcase classname="ptolemy.util.test.junit.AutoTests" name="[44] /home/travis/build/icyphy/ptII/ptolemy/domains/continuous/test/auto/ContinuousWithinContinuous4.xml (RunModel)" time="0.081" />
  <testcase classname="ptolemy.util.test.junit.AutoTests" name="[45] /home/travis/build/icyphy/ptII/ptolemy/domains/continuous/test/auto/ContinuousWithinContinuous5.xml (RunModel)" time="0.029" />
  <testcase classname="ptolemy.util.test.junit.AutoTests" name="[46] /home/travis/build/icyphy/ptII/ptolemy/domains/continuous/test/auto/ContinuousWithinContinuous6.xml (RunModel)" time="0.03" />
  <testcase classname="ptolemy.util.test.junit.AutoTests" name="[47] /home/travis/build/icyphy/ptII/ptolemy/domains/continuous/test/auto/ContinuousWithinContinuous7.xml (RunModel)" time="0.064" />
  <testcase classname="ptolemy.util.test.junit.AutoTests" name="[48] /home/travis/build/icyphy/ptII/ptolemy/domains/continuous/test/auto/DCMotor.xml (RunModel)" time="13.227" />
  <testcase classname="ptolemy.util.test.junit.AutoTests" name="[49] /home/travis/build/icyphy/ptII/ptolemy/domains/continuous/test/auto/DEInContinuous.xml (RunModel)" time="0.038" />
  <testcase classname="ptolemy.util.test.junit.AutoTests" name="[50] /home/travis/build/icyphy/ptII/ptolemy/domains/continuous/test/auto/DEinContinuous2.xml (RunModel)" time="0.037" />
  <testcase classname="ptolemy.util.test.junit.AutoTests" name="[51] /home/travis/build/icyphy/ptII/ptolemy/domains/continuous/test/auto/Derivative.xml (RunModel)" time="0.206" />
  <testcase classname="ptolemy.util.test.junit.AutoTests" name="[52] /home/travis/build/icyphy/ptII/ptolemy/domains/continuous/test/auto/Derivative1.xml (RunModel)" time="0.057" />
  <testcase classname="ptolemy.util.test.junit.AutoTests" name="[53] /home/travis/build/icyphy/ptII/ptolemy/domains/continuous/test/auto/DiscreteClock.xml (RunModel)" time="0.013" />
  <testcase classname="ptolemy.util.test.junit.AutoTests" name="[54] /home/travis/build/icyphy/ptII/ptolemy/domains/continuous/test/auto/EfficiencyCurve.xml (RunModel)" time="0.103" />
  <testcase classname="ptolemy.util.test.junit.AutoTests" name="[55] /home/travis/build/icyphy/ptII/ptolemy/domains/continuous/test/auto/ExponentialResponse.xml (RunModel)" time="0.121" />
  <testcase classname="ptolemy.util.test.junit.AutoTests" name="[56] /home/travis/build/icyphy/ptII/ptolemy/domains/continuous/test/auto/ExponentialResponseRK45.xml (RunModel)" time="0.05" />
  <testcase classname="ptolemy.util.test.junit.AutoTests" name="[57] /home/travis/build/icyphy/ptII/ptolemy/domains/continuous/test/auto/Friction.xml (RunModel)" time="1.567" />
  <testcase classname="ptolemy.util.test.junit.AutoTests" name="[58] /home/travis/build/icyphy/ptII/ptolemy/domains/continuous/test/auto/FurutaPendulum.xml (RunModel)" time="3.468" />
  <testcase classname="ptolemy.util.test.junit.AutoTests" name="[59] /home/travis/build/icyphy/ptII/ptolemy/domains/continuous/test/auto/HierarchicalExecution.xml (RunModel)" time="2.199" />
  <testcase classname="ptolemy.util.test.junit.AutoTests" name="[60] /home/travis/build/icyphy/ptII/ptolemy/domains/continuous/test/auto/HybridPlant.xml (RunModel)" time="0.558" />
  <testcase classname="ptolemy.util.test.junit.AutoTests" name="[61] /home/travis/build/icyphy/ptII/ptolemy/domains/continuous/test/auto/Hysteresis.xml (RunModel)" time="0.189" />
  <testcase classname="ptolemy.util.test.junit.AutoTests" name="[62] /home/travis/build/icyphy/ptII/ptolemy/domains/continuous/test/auto/HysteresisWithRandomDelay.xml (RunModel)" time="0.217" />
  <testcase classname="ptolemy.util.test.junit.AutoTests" name="[63] /home/travis/build/icyphy/ptII/ptolemy/domains/continuous/test/auto/HysteresisWithRandomLosses.xml (RunModel)" time="2.502" />
  <testcase classname="ptolemy.util.test.junit.AutoTests" name="[64] /home/travis/build/icyphy/ptII/ptolemy/domains/continuous/test/auto/ImmediateTransitions.xml (RunModel)" time="0.037" />
  <testcase classname="ptolemy.util.test.junit.AutoTests" name="[65] /home/travis/build/icyphy/ptII/ptolemy/domains/continuous/test/auto/ImpulseFeedback.xml (RunModel)" time="0.019" />
  <testcase classname="ptolemy.util.test.junit.AutoTests" name="[66] /home/travis/build/icyphy/ptII/ptolemy/domains/continuous/test/auto/ImpulseFeedback2.xml (RunModel)" time="0.017" />
  <testcase classname="ptolemy.util.test.junit.AutoTests" name="[67] /home/travis/build/icyphy/ptII/ptolemy/domains/continuous/test/auto/IncreasingRatePoisson.xml (RunModel)" time="0.712" />
  <testcase classname="ptolemy.util.test.junit.AutoTests" name="[68] /home/travis/build/icyphy/ptII/ptolemy/domains/continuous/test/auto/InitialStateFeedback.xml (RunModel)" time="0.02" />
  <testcase classname="ptolemy.util.test.junit.AutoTests" name="[69] /home/travis/build/icyphy/ptII/ptolemy/domains/continuous/test/auto/Integration.xml (RunModel)" time="0.012" />
  <testcase classname="ptolemy.util.test.junit.AutoTests" name="[70] /home/travis/build/icyphy/ptII/ptolemy/domains/continuous/test/auto/Integration2.xml (RunModel)" time="0.097" />
  <testcase classname="ptolemy.util.test.junit.AutoTests" name="[71] /home/travis/build/icyphy/ptII/ptolemy/domains/continuous/test/auto/Integration3.xml (RunModel)" time="0.028" />
  <testcase classname="ptolemy.util.test.junit.AutoTests" name="[72] /home/travis/build/icyphy/ptII/ptolemy/domains/continuous/test/auto/Integration5.xml (RunModel)" time="0.01" />
  <testcase classname="ptolemy.util.test.junit.AutoTests" name="[73] /home/travis/build/icyphy/ptII/ptolemy/domains/continuous/test/auto/IntegratorImpulse.xml (RunModel)" time="0.01" />
  <testcase classname="ptolemy.util.test.junit.AutoTests" name="[74] /home/travis/build/icyphy/ptII/ptolemy/domains/continuous/test/auto/IntegratorImpulse2.xml (RunModel)" time="0.011" />
  <testcase classname="ptolemy.util.test.junit.AutoTests" name="[75] /home/travis/build/icyphy/ptII/ptolemy/domains/continuous/test/auto/LevelCrossing1.xml (RunModel)" time="0.016" />
  <testcase classname="ptolemy.util.test.junit.AutoTests" name="[76] /home/travis/build/icyphy/ptII/ptolemy/domains/continuous/test/auto/LevelCrossing2.xml (RunModel)" time="0.013" />
  <testcase classname="ptolemy.util.test.junit.AutoTests" name="[77] /home/travis/build/icyphy/ptII/ptolemy/domains/continuous/test/auto/LevelCrossing3.xml (RunModel)" time="0.012" />
  <testcase classname="ptolemy.util.test.junit.AutoTests" name="[78] /home/travis/build/icyphy/ptII/ptolemy/domains/continuous/test/auto/LevelCrossing4.xml (RunModel)" time="0.014" />
  <testcase classname="ptolemy.util.test.junit.AutoTests" name="[79] /home/travis/build/icyphy/ptII/ptolemy/domains/continuous/test/auto/LevelCrossing5.xml (RunModel)" time="0.014" />
  <testcase classname="ptolemy.util.test.junit.AutoTests" name="[80] /home/travis/build/icyphy/ptII/ptolemy/domains/continuous/test/auto/LevelCrossing6.xml (RunModel)" time="0.013" />
  <testcase classname="ptolemy.util.test.junit.AutoTests" name="[81] /home/travis/build/icyphy/ptII/ptolemy/domains/continuous/test/auto/LevelCrossingDetector.xml (RunModel)" time="0.038" />
  <testcase classname="ptolemy.util.test.junit.AutoTests" name="[82] /home/travis/build/icyphy/ptII/ptolemy/domains/continuous/test/auto/LevelCrossingDetectorDetectingDirections.xml (RunModel)" time="0.094" />
  <testcase classname="ptolemy.util.test.junit.AutoTests" name="[83] /home/travis/build/icyphy/ptII/ptolemy/domains/continuous/test/auto/LevelCrossingDetectorDetectsGlitches.xml (RunModel)" time="0.062" />
  <testcase classname="ptolemy.util.test.junit.AutoTests" name="[84] /home/travis/build/icyphy/ptII/ptolemy/domains/continuous/test/auto/LevelCrossingNoInitialOuput.xml (RunModel)" time="0.016" />
  <testcase classname="ptolemy.util.test.junit.AutoTests" name="[85] /home/travis/build/icyphy/ptII/ptolemy/domains/continuous/test/auto/LinearStateSpaceExample.xml (RunModel)" time="0.06" />
  <testcase classname="ptolemy.util.test.junit.AutoTests" name="[86] /home/travis/build/icyphy/ptII/ptolemy/domains/continuous/test/auto/Lorenz.xml (RunModel)" time="4.304" />
  <testcase classname="ptolemy.util.test.junit.AutoTests" name="[87] /home/travis/build/icyphy/ptII/ptolemy/domains/continuous/test/auto/LorenzDifferentialSystem.xml (RunModel)" time="1.19" />
  <testcase classname="ptolemy.util.test.junit.AutoTests" name="[88] /home/travis/build/icyphy/ptII/ptolemy/domains/continuous/test/auto/LorenzDifferentialSystemWithInput.xml (RunModel)" time="1.363" />
  <testcase classname="ptolemy.util.test.junit.AutoTests" name="[89] /home/travis/build/icyphy/ptII/ptolemy/domains/continuous/test/auto/LorenzDifferentialSystemWithTime.xml (RunModel)" time="0.789" />
  <testcase classname="ptolemy.util.test.junit.AutoTests" name="[90] /home/travis/build/icyphy/ptII/ptolemy/domains/continuous/test/auto/Microsteps.xml (RunModel)" time="0.032" />
  <testcase classname="ptolemy.util.test.junit.AutoTests" name="[91] /home/travis/build/icyphy/ptII/ptolemy/domains/continuous/test/auto/Modal1.xml (RunModel)" time="0.046" />
  <testcase classname="ptolemy.util.test.junit.AutoTests" name="[92] /home/travis/build/icyphy/ptII/ptolemy/domains/continuous/test/auto/Modal2.xml (RunModel)" time="0.066" />
  <testcase classname="ptolemy.util.test.junit.AutoTests" name="[93] /home/travis/build/icyphy/ptII/ptolemy/domains/continuous/test/auto/ModalTransitionGuardWithReset.xml (RunModel)" time="0.029" />
  <testcase classname="ptolemy.util.test.junit.AutoTests" name="[94] /home/travis/build/icyphy/ptII/ptolemy/domains/continuous/test/auto/ModalTransitionGuardWithResetUsingPreemptiveTransition.xml (RunModel)" time="0.029" />
  <testcase classname="ptolemy.util.test.junit.AutoTests" name="[95] /home/travis/build/icyphy/ptII/ptolemy/domains/continuous/test/auto/ModalTransitionGuardWithResetUsingPreemptiveTransition2.xml (RunModel)" time="0.03" />
  <testcase classname="ptolemy.util.test.junit.AutoTests" name="[96] /home/travis/build/icyphy/ptII/ptolemy/domains/continuous/test/auto/ModalTransitionGuardWithResetUsingPreemptiveTransition3.xml (RunModel)" time="0.031" />
  <testcase classname="ptolemy.util.test.junit.AutoTests" name="[97] /home/travis/build/icyphy/ptII/ptolemy/domains/continuous/test/auto/NewtonsCradle.xml (RunModel)" time="0.82" />
  <testcase classname="ptolemy.util.test.junit.AutoTests" name="[98] /home/travis/build/icyphy/ptII/ptolemy/domains/continuous/test/auto/NewtonsCradleAnimated.xml (RunModel)" time="1.459" />
  <testcase classname="ptolemy.util.test.junit.AutoTests" name="[99] /home/travis/build/icyphy/ptII/ptolemy/domains/continuous/test/auto/NewtonsCradleComplicated.xml (RunModel)" time="0.92" />
  <testcase classname="ptolemy.util.test.junit.AutoTests" name="[100] /home/travis/build/icyphy/ptII/ptolemy/domains/continuous/test/auto/NewtonsCradleNondeterministic.xml (RunModel)" time="0.676" />
  <testcase classname="ptolemy.util.test.junit.AutoTests" name="[101] /home/travis/build/icyphy/ptII/ptolemy/domains/continuous/test/auto/NewtonsCradlePerfectlyInelastic1.xml (RunModel)" time="1.274" />
  <testcase classname="ptolemy.util.test.junit.AutoTests" name="[102] /home/travis/build/icyphy/ptII/ptolemy/domains/continuous/test/auto/Noise.xml (RunModel)" time="0.181" />
  <testcase classname="ptolemy.util.test.junit.AutoTests" name="[103] /home/travis/build/icyphy/ptII/ptolemy/domains/continuous/test/auto/NoiseSpectrum.xml (RunModel)" time="0.819" />
  <testcase classname="ptolemy.util.test.junit.AutoTests" name="[104] /home/travis/build/icyphy/ptII/ptolemy/domains/continuous/test/auto/ParameterizedNewtonsCradleAnimated.xml (RunModel)" time="0.336" />
  <testcase classname="ptolemy.util.test.junit.AutoTests" name="[105] /home/travis/build/icyphy/ptII/ptolemy/domains/continuous/test/auto/ParameterizedNewtonsCradleAnimatedNondeterministic.xml (RunModel)" time="1.192" />
  <testcase classname="ptolemy.util.test.junit.AutoTests" name="[106] /home/travis/build/icyphy/ptII/ptolemy/domains/continuous/test/auto/Pendulum3D.xml (RunModel)" time="0.177" />
  <testcase classname="ptolemy.util.test.junit.AutoTests" name="[107] /home/travis/build/icyphy/ptII/ptolemy/domains/continuous/test/auto/PeriodicSampler.xml (RunModel)" time="0.01" />
  <testcase classname="ptolemy.util.test.junit.AutoTests" name="[108] /home/travis/build/icyphy/ptII/ptolemy/domains/continuous/test/auto/PeriodicSampler1.xml (RunModel)" time="0.042" />
  <testcase classname="ptolemy.util.test.junit.AutoTests" name="[109] /home/travis/build/icyphy/ptII/ptolemy/domains/continuous/test/auto/PeriodicSampler2.xml (RunModel)" time="0.074" />
  <testcase classname="ptolemy.util.test.junit.AutoTests" name="[110] /home/travis/build/icyphy/ptII/ptolemy/domains/continuous/test/auto/Poisson.xml (RunModel)" time="0.505" />
  <testcase classname="ptolemy.util.test.junit.AutoTests" name="[111] /home/travis/build/icyphy/ptII/ptolemy/domains/continuous/test/auto/PoissonClock.xml (RunModel)" time="0.01" />
  <testcase classname="ptolemy.util.test.junit.AutoTests" name="[112] /home/travis/build/icyphy/ptII/ptolemy/domains/continuous/test/auto/PoissonClock2.xml (RunModel)" time="0.012" />
  <testcase classname="ptolemy.util.test.junit.AutoTests" name="[113] /home/travis/build/icyphy/ptII/ptolemy/domains/continuous/test/auto/PortParameterHierarchy.xml (RunModel)" time="0.023" />
  <testcase classname="ptolemy.util.test.junit.AutoTests" name="[114] /home/travis/build/icyphy/ptII/ptolemy/domains/continuous/test/auto/RandomHybridPlant.xml (RunModel)" time="0.555" />
  <testcase classname="ptolemy.util.test.junit.AutoTests" name="[115] /home/travis/build/icyphy/ptII/ptolemy/domains/continuous/test/auto/ResetTransitionWithStartTime1.xml (RunModel)" time="0.033" />
  <testcase classname="ptolemy.util.test.junit.AutoTests" name="[116] /home/travis/build/icyphy/ptII/ptolemy/domains/continuous/test/auto/ResetTransitionWithStartTime2.xml (RunModel)" time="0.035" />
  <testcase classname="ptolemy.util.test.junit.AutoTests" name="[117] /home/travis/build/icyphy/ptII/ptolemy/domains/continuous/test/auto/ResetTransitionWithStartTime3.xml (RunModel)" time="0.042" />
  <testcase classname="ptolemy.util.test.junit.AutoTests" name="[118] /home/travis/build/icyphy/ptII/ptolemy/domains/continuous/test/auto/ResetTransitionWithStartTime4.xml (RunModel)" time="0.027" />
  <testcase classname="ptolemy.util.test.junit.AutoTests" name="[119] /home/travis/build/icyphy/ptII/ptolemy/domains/continuous/test/auto/ResetTransitionWithStartTime5.xml (RunModel)" time="0.035" />
  <testcase classname="ptolemy.util.test.junit.AutoTests" name="[120] /home/travis/build/icyphy/ptII/ptolemy/domains/continuous/test/auto/ResetTransitionWithStartTime6.xml (RunModel)" time="0.029" />
  <testcase classname="ptolemy.util.test.junit.AutoTests" name="[121] /home/travis/build/icyphy/ptII/ptolemy/domains/continuous/test/auto/SRinContinuous.xml (RunModel)" time="0.037" />
  <testcase classname="ptolemy.util.test.junit.AutoTests" name="[122] /home/travis/build/icyphy/ptII/ptolemy/domains/continuous/test/auto/SampledClocks.xml (RunModel)" time="0.051" />
  <testcase classname="ptolemy.util.test.junit.AutoTests" name="[123] /home/travis/build/icyphy/ptII/ptolemy/domains/continuous/test/auto/Satellite.xml (RunModel)" time="0.917" />
  <testcase classname="ptolemy.util.test.junit.AutoTests" name="[124] /home/travis/build/icyphy/ptII/ptolemy/domains/continuous/test/auto/SigmaDelta.xml (RunModel)" time="2.396" />
  <testcase classname="ptolemy.util.test.junit.AutoTests" name="[125] /home/travis/build/icyphy/ptII/ptolemy/domains/continuous/test/auto/SingleRefinement.xml (RunModel)" time="0.471" />
  <testcase classname="ptolemy.util.test.junit.AutoTests" name="[126] /home/travis/build/icyphy/ptII/ptolemy/domains/continuous/test/auto/SinuBouncingBall.xml (RunModel)" time="0.866" />
  <testcase classname="ptolemy.util.test.junit.AutoTests" name="[127] /home/travis/build/icyphy/ptII/ptolemy/domains/continuous/test/auto/Sinusoid.xml (RunModel)" time="0.016" />
  <testcase classname="ptolemy.util.test.junit.AutoTests" name="[128] /home/travis/build/icyphy/ptII/ptolemy/domains/continuous/test/auto/SinusoidInNoise.xml (RunModel)" time="0.976" />
  <testcase classname="ptolemy.util.test.junit.AutoTests" name="[129] /home/travis/build/icyphy/ptII/ptolemy/domains/continuous/test/auto/SinusoidRK45.xml (RunModel)" time="0.009" />
  <testcase classname="ptolemy.util.test.junit.AutoTests" name="[130] /home/travis/build/icyphy/ptII/ptolemy/domains/continuous/test/auto/SinusoidWithMultipleImpulses.xml (RunModel)" time="0.014" />
  <testcase classname="ptolemy.util.test.junit.AutoTests" name="[131] /home/travis/build/icyphy/ptII/ptolemy/domains/continuous/test/auto/SquareWave.xml (RunModel)" time="0.208" />
  <testcase classname="ptolemy.util.test.junit.AutoTests" name="[132] /home/travis/build/icyphy/ptII/ptolemy/domains/continuous/test/auto/Starmac.xml (RunModel)" time="3.421" />
  <testcase classname="ptolemy.util.test.junit.AutoTests" name="[133] /home/travis/build/icyphy/ptII/ptolemy/domains/continuous/test/auto/StaticUnits.xml (RunModel)" time="2.911" />
  <testcase classname="ptolemy.util.test.junit.AutoTests" name="[134] /home/travis/build/icyphy/ptII/ptolemy/domains/continuous/test/auto/StickyMasses.xml (RunModel)" time="0.189" />
  <testcase classname="ptolemy.util.test.junit.AutoTests" name="[135] /home/travis/build/icyphy/ptII/ptolemy/domains/continuous/test/auto/StopTime.xml (RunModel)" time="0.062" />
  <testcase classname="ptolemy.util.test.junit.AutoTests" name="[136] /home/travis/build/icyphy/ptII/ptolemy/domains/continuous/test/auto/StopTime2.xml (RunModel)" time="0.056" />
  <testcase classname="ptolemy.util.test.junit.AutoTests" name="[137] /home/travis/build/icyphy/ptII/ptolemy/domains/continuous/test/auto/Switch.xml (RunModel)" time="0.062" />
  <testcase classname="ptolemy.util.test.junit.AutoTests" name="[138] /home/travis/build/icyphy/ptII/ptolemy/domains/continuous/test/auto/Thermostat.xml (RunModel)" time="0.223" />
  <testcase classname="ptolemy.util.test.junit.AutoTests" name="[139] /home/travis/build/icyphy/ptII/ptolemy/domains/continuous/test/auto/TimeDelay.xml (RunModel)" time="0.015" />
  <testcase classname="ptolemy.util.test.junit.AutoTests" name="[140] /home/travis/build/icyphy/ptII/ptolemy/domains/continuous/test/auto/TimeDelay2.xml (RunModel)" time="0.025" />
  <testcase classname="ptolemy.util.test.junit.AutoTests" name="[141] /home/travis/build/icyphy/ptII/ptolemy/domains/continuous/test/auto/TimeDelay3.xml (RunModel)" time="0.014" />
  <testcase classname="ptolemy.util.test.junit.AutoTests" name="[142] /home/travis/build/icyphy/ptII/ptolemy/domains/continuous/test/auto/TransferAbsentToInside.xml (RunModel)" time="0.116" />
  <testcase classname="ptolemy.util.test.junit.AutoTests" name="[143] /home/travis/build/icyphy/ptII/ptolemy/domains/continuous/test/auto/Transmission.xml (RunModel)" time="0.77" />
  <testcase classname="ptolemy.util.test.junit.AutoTests" name="[144] /home/travis/build/icyphy/ptII/ptolemy/domains/continuous/test/auto/TriggeredContinuousClock.xml (RunModel)" time="0.061" />
  <testcase classname="ptolemy.util.test.junit.AutoTests" name="[145] /home/travis/build/icyphy/ptII/ptolemy/domains/continuous/test/auto/TwoMachineInfiniteBusControl.xml (RunModel)" time="3.051" />
  <testcase classname="ptolemy.util.test.junit.AutoTests" name="[146] /home/travis/build/icyphy/ptII/ptolemy/domains/continuous/test/auto/V2V.xml (RunModel)" time="0.77" />
  <testcase classname="ptolemy.util.test.junit.AutoTests" name="[147] /home/travis/build/icyphy/ptII/ptolemy/domains/continuous/test/auto/hierarchicalModalModel.xml (RunModel)" time="0.033" />
  <testcase classname="ptolemy.util.test.junit.AutoTests" name="[148] /home/travis/build/icyphy/ptII/ptolemy/domains/continuous/test/auto/hierarchicalModalModel1.xml (RunModel)" time="0.031" />
  <testcase classname="ptolemy.util.test.junit.AutoTests" name="[149] /home/travis/build/icyphy/ptII/ptolemy/domains/continuous/test/auto/hierarchicalModalModel2.xml (RunModel)" time="0.029" />
  <testcase classname="ptolemy.util.test.junit.AutoTests" name="[150] /home/travis/build/icyphy/ptII/ptolemy/domains/continuous/test/auto/hierarchicalModalModel3.xml (RunModel)" time="0.037" />
  <testcase classname="ptolemy.util.test.junit.AutoTests" name="[151] /home/travis/build/icyphy/ptII/ptolemy/domains/continuous/test/auto/hierarchicalModalModel4.xml (RunModel)" time="0.031" />
  <testcase classname="ptolemy.util.test.junit.AutoTests" name="[152] /home/travis/build/icyphy/ptII/ptolemy/domains/continuous/test/auto/junk.xml (RunModel)" time="0.161" />
  <system-out><![CDATA[No tcl tests in /home/travis/build/icyphy/ptII/ptolemy/domains/continuous/test
No auto/knownFailedTests/*.xml tests in /home/travis/build/icyphy/ptII/ptolemy/domains/continuous/test
No auto/linux-amd64/*.xml tests in /home/travis/build/icyphy/ptII/ptolemy/domains/continuous/test
AutoTests.java: About to close Vertx.
AutoTests.java: Vertx closed.

===========================================================================================
----------------- testing Thu Jul 04 04:40:49 UTC 2019 /home/travis/build/icyphy/ptII/ptolemy/domains/continuous/test/auto/BouncingBall.xml
----------------- Instantiating /home/travis/build/icyphy/ptII/ptolemy/domains/continuous/test/auto/BouncingBall.xml
2523 ms. Memory: 219136K Free: 91186K (42%)
----------------- Invoking toplevel() on ptolemy.moml.MoMLSimpleApplication@7dcca185
----------------- Done invoking toplevel() on ptolemy.moml.MoMLSimpleApplication@7dcca185
reloadAllAccessors: .BouncingBall

===========================================================================================
----------------- testing Thu Jul 04 04:40:52 UTC 2019 /home/travis/build/icyphy/ptII/ptolemy/domains/continuous/test/auto/BouncingBallWithoutGR.xml
----------------- Instantiating /home/travis/build/icyphy/ptII/ptolemy/domains/continuous/test/auto/BouncingBallWithoutGR.xml
824 ms. Memory: 219136K Free: 170298K (78%)
----------------- Invoking toplevel() on ptolemy.moml.MoMLSimpleApplication@49709841
----------------- Done invoking toplevel() on ptolemy.moml.MoMLSimpleApplication@49709841
reloadAllAccessors: .BouncingBallWithoutGR

===========================================================================================
----------------- testing Thu Jul 04 04:40:53 UTC 2019 /home/travis/build/icyphy/ptII/ptolemy/domains/continuous/test/auto/Brownian.xml
----------------- Instantiating /home/travis/build/icyphy/ptII/ptolemy/domains/continuous/test/auto/Brownian.xml
31 ms. Memory: 219136K Free: 161082K (74%)
----------------- Invoking toplevel() on ptolemy.moml.MoMLSimpleApplication@2056e0af
----------------- Done invoking toplevel() on ptolemy.moml.MoMLSimpleApplication@2056e0af
reloadAllAccessors: .Brownian

===========================================================================================
----------------- testing Thu Jul 04 04:40:53 UTC 2019 /home/travis/build/icyphy/ptII/ptolemy/domains/continuous/test/auto/CarTracking.xml
----------------- Instantiating /home/travis/build/icyphy/ptII/ptolemy/domains/continuous/test/auto/CarTracking.xml
3295 ms. Memory: 316416K Free: 276381K (87%)
----------------- Invoking toplevel() on ptolemy.moml.MoMLSimpleApplication@5647e40f
----------------- Done invoking toplevel() on ptolemy.moml.MoMLSimpleApplication@5647e40f
reloadAllAccessors: .CarTracking

===========================================================================================
----------------- testing Thu Jul 04 04:40:57 UTC 2019 /home/travis/build/icyphy/ptII/ptolemy/domains/continuous/test/auto/CartPendulum.xml
----------------- Instantiating /home/travis/build/icyphy/ptII/ptolemy/domains/continuous/test/auto/CartPendulum.xml
418 ms. Memory: 316416K Free: 185245K (59%)
----------------- Invoking toplevel() on ptolemy.moml.MoMLSimpleApplication@1f2a08e9
----------------- Done invoking toplevel() on ptolemy.moml.MoMLSimpleApplication@1f2a08e9
reloadAllAccessors: .CartPendulum

===========================================================================================
----------------- testing Thu Jul 04 04:40:58 UTC 2019 /home/travis/build/icyphy/ptII/ptolemy/domains/continuous/test/auto/CausalityInterface10.xml
----------------- Instantiating /home/travis/build/icyphy/ptII/ptolemy/domains/continuous/test/auto/CausalityInterface10.xml
9 ms. Memory: 316416K Free: 175005K (55%)
----------------- Invoking toplevel() on ptolemy.moml.MoMLSimpleApplication@1f5556d5
----------------- Done invoking toplevel() on ptolemy.moml.MoMLSimpleApplication@1f5556d5
reloadAllAccessors: .CausalityInterface10

===========================================================================================
----------------- testing Thu Jul 04 04:40:58 UTC 2019 /home/travis/build/icyphy/ptII/ptolemy/domains/continuous/test/auto/CausalityInterface11.xml
----------------- Instantiating /home/travis/build/icyphy/ptII/ptolemy/domains/continuous/test/auto/CausalityInterface11.xml
8 ms. Memory: 316416K Free: 168861K (53%)
----------------- Invoking toplevel() on ptolemy.moml.MoMLSimpleApplication@20d2539
----------------- Done invoking toplevel() on ptolemy.moml.MoMLSimpleApplication@20d2539
reloadAllAccessors: .CausalityInterface11

===========================================================================================
----------------- testing Thu Jul 04 04:40:58 UTC 2019 /home/travis/build/icyphy/ptII/ptolemy/domains/continuous/test/auto/CausalityInterface12.xml
----------------- Instantiating /home/travis/build/icyphy/ptII/ptolemy/domains/continuous/test/auto/CausalityInterface12.xml
12 ms. Memory: 316416K Free: 162717K (51%)
----------------- Invoking toplevel() on ptolemy.moml.MoMLSimpleApplication@97809a0
----------------- Done invoking toplevel() on ptolemy.moml.MoMLSimpleApplication@97809a0
reloadAllAccessors: .CausalityInterface12

===========================================================================================
----------------- testing Thu Jul 04 04:40:58 UTC 2019 /home/travis/build/icyphy/ptII/ptolemy/domains/continuous/test/auto/CausalityInterface13.xml
----------------- Instantiating /home/travis/build/icyphy/ptII/ptolemy/domains/continuous/test/auto/CausalityInterface13.xml
8 ms. Memory: 316416K Free: 156573K (49%)
----------------- Invoking toplevel() on ptolemy.moml.MoMLSimpleApplication@7a6e5c16
----------------- Done invoking toplevel() on ptolemy.moml.MoMLSimpleApplication@7a6e5c16
reloadAllAccessors: .CausalityInterface13

===========================================================================================
----------------- testing Thu Jul 04 04:40:58 UTC 2019 /home/travis/build/icyphy/ptII/ptolemy/domains/continuous/test/auto/CausalityInterface14.xml
----------------- Instantiating /home/travis/build/icyphy/ptII/ptolemy/domains/continuous/test/auto/CausalityInterface14.xml
4 ms. Memory: 316416K Free: 150939K (48%)
----------------- Invoking toplevel() on ptolemy.moml.MoMLSimpleApplication@aad11fd
----------------- Done invoking toplevel() on ptolemy.moml.MoMLSimpleApplication@aad11fd
reloadAllAccessors: .CausalityInterface14

===========================================================================================
----------------- testing Thu Jul 04 04:40:58 UTC 2019 /home/travis/build/icyphy/ptII/ptolemy/domains/continuous/test/auto/CausalityInterface4.xml
----------------- Instantiating /home/travis/build/icyphy/ptII/ptolemy/domains/continuous/test/auto/CausalityInterface4.xml
5 ms. Memory: 316416K Free: 144285K (46%)
----------------- Invoking toplevel() on ptolemy.moml.MoMLSimpleApplication@a3d13d1
----------------- Done invoking toplevel() on ptolemy.moml.MoMLSimpleApplication@a3d13d1
reloadAllAccessors: .CausalityInterface4

===========================================================================================
----------------- testing Thu Jul 04 04:40:58 UTC 2019 /home/travis/build/icyphy/ptII/ptolemy/domains/continuous/test/auto/CausalityInterface5.xml
----------------- Instantiating /home/travis/build/icyphy/ptII/ptolemy/domains/continuous/test/auto/CausalityInterface5.xml
7 ms. Memory: 316416K Free: 136603K (43%)
----------------- Invoking toplevel() on ptolemy.moml.MoMLSimpleApplication@231fec29
----------------- Done invoking toplevel() on ptolemy.moml.MoMLSimpleApplication@231fec29
reloadAllAccessors: .CausalityInterface5

===========================================================================================
----------------- testing Thu Jul 04 04:40:58 UTC 2019 /home/travis/build/icyphy/ptII/ptolemy/domains/continuous/test/auto/CausalityInterface6.xml
----------------- Instantiating /home/travis/build/icyphy/ptII/ptolemy/domains/continuous/test/auto/CausalityInterface6.xml
5 ms. Memory: 316416K Free: 130973K (41%)
----------------- Invoking toplevel() on ptolemy.moml.MoMLSimpleApplication@6dbbcee2
----------------- Done invoking toplevel() on ptolemy.moml.MoMLSimpleApplication@6dbbcee2
reloadAllAccessors: .CausalityInterface6

===========================================================================================
----------------- testing Thu Jul 04 04:40:58 UTC 2019 /home/travis/build/icyphy/ptII/ptolemy/domains/continuous/test/auto/CausalityInterface7.xml
----------------- Instantiating /home/travis/build/icyphy/ptII/ptolemy/domains/continuous/test/auto/CausalityInterface7.xml
9 ms. Memory: 316416K Free: 122267K (39%)
----------------- Invoking toplevel() on ptolemy.moml.MoMLSimpleApplication@70b0a302
----------------- Done invoking toplevel() on ptolemy.moml.MoMLSimpleApplication@70b0a302
reloadAllAccessors: .CausalityInterface7

===========================================================================================
----------------- testing Thu Jul 04 04:40:58 UTC 2019 /home/travis/build/icyphy/ptII/ptolemy/domains/continuous/test/auto/CausalityInterface8.xml
----------------- Instantiating /home/travis/build/icyphy/ptII/ptolemy/domains/continuous/test/auto/CausalityInterface8.xml
7 ms. Memory: 316416K Free: 299525K (95%)
----------------- Invoking toplevel() on ptolemy.moml.MoMLSimpleApplication@1eadafa7
----------------- Done invoking toplevel() on ptolemy.moml.MoMLSimpleApplication@1eadafa7
reloadAllAccessors: .CausalityInterface8

===========================================================================================
----------------- testing Thu Jul 04 04:40:58 UTC 2019 /home/travis/build/icyphy/ptII/ptolemy/domains/continuous/test/auto/CausalityInterface9.xml
----------------- Instantiating /home/travis/build/icyphy/ptII/ptolemy/domains/continuous/test/auto/CausalityInterface9.xml
8 ms. Memory: 316416K Free: 288773K (91%)
----------------- Invoking toplevel() on ptolemy.moml.MoMLSimpleApplication@42159ac0
----------------- Done invoking toplevel() on ptolemy.moml.MoMLSimpleApplication@42159ac0
reloadAllAccessors: .CausalityInterface9

===========================================================================================
----------------- testing Thu Jul 04 04:40:58 UTC 2019 /home/travis/build/icyphy/ptII/ptolemy/domains/continuous/test/auto/CausalityInterfaceFeedback1.xml
----------------- Instantiating /home/travis/build/icyphy/ptII/ptolemy/domains/continuous/test/auto/CausalityInterfaceFeedback1.xml
8 ms. Memory: 316416K Free: 282119K (89%)
----------------- Invoking toplevel() on ptolemy.moml.MoMLSimpleApplication@133a42c4
----------------- Done invoking toplevel() on ptolemy.moml.MoMLSimpleApplication@133a42c4
reloadAllAccessors: .CausalityInterfaceFeedback1

===========================================================================================
----------------- testing Thu Jul 04 04:40:58 UTC 2019 /home/travis/build/icyphy/ptII/ptolemy/domains/continuous/test/auto/CausalityInterfaceFeedback2.xml
----------------- Instantiating /home/travis/build/icyphy/ptII/ptolemy/domains/continuous/test/auto/CausalityInterfaceFeedback2.xml
3 ms. Memory: 316416K Free: 275447K (87%)
----------------- Invoking toplevel() on ptolemy.moml.MoMLSimpleApplication@744c28b8
----------------- Done invoking toplevel() on ptolemy.moml.MoMLSimpleApplication@744c28b8
reloadAllAccessors: .CausalityInterfaceFeedback2

===========================================================================================
----------------- testing Thu Jul 04 04:40:58 UTC 2019 /home/travis/build/icyphy/ptII/ptolemy/domains/continuous/test/auto/CompareWithCurrentTime.xml
----------------- Instantiating /home/travis/build/icyphy/ptII/ptolemy/domains/continuous/test/auto/CompareWithCurrentTime.xml
4 ms. Memory: 316416K Free: 271365K (86%)
----------------- Invoking toplevel() on ptolemy.moml.MoMLSimpleApplication@65e8267d
----------------- Done invoking toplevel() on ptolemy.moml.MoMLSimpleApplication@65e8267d
reloadAllAccessors: .CompareWithCurrentTime

===========================================================================================
----------------- testing Thu Jul 04 04:40:58 UTC 2019 /home/travis/build/icyphy/ptII/ptolemy/domains/continuous/test/auto/ComparedClocks.xml
----------------- Instantiating /home/travis/build/icyphy/ptII/ptolemy/domains/continuous/test/auto/ComparedClocks.xml
9 ms. Memory: 316416K Free: 255991K (81%)
----------------- Invoking toplevel() on ptolemy.moml.MoMLSimpleApplication@f3bada1
----------------- Done invoking toplevel() on ptolemy.moml.MoMLSimpleApplication@f3bada1
reloadAllAccessors: .ComparedClocks

===========================================================================================
----------------- testing Thu Jul 04 04:40:58 UTC 2019 /home/travis/build/icyphy/ptII/ptolemy/domains/continuous/test/auto/ContinuousAOCClone.xml
----------------- Instantiating /home/travis/build/icyphy/ptII/ptolemy/domains/continuous/test/auto/ContinuousAOCClone.xml
2498 ms. Memory: 382976K Free: 354661K (93%)
----------------- Invoking toplevel() on ptolemy.moml.MoMLSimpleApplication@7d4353d2
----------------- Done invoking toplevel() on ptolemy.moml.MoMLSimpleApplication@7d4353d2
reloadAllAccessors: .ContinuousAOCClone

===========================================================================================
----------------- testing Thu Jul 04 04:41:01 UTC 2019 /home/travis/build/icyphy/ptII/ptolemy/domains/continuous/test/auto/ContinuousClock.xml
----------------- Instantiating /home/travis/build/icyphy/ptII/ptolemy/domains/continuous/test/auto/ContinuousClock.xml
41 ms. Memory: 382976K Free: 332628K (87%)
----------------- Invoking toplevel() on ptolemy.moml.MoMLSimpleApplication@5b055e
----------------- Done invoking toplevel() on ptolemy.moml.MoMLSimpleApplication@5b055e
reloadAllAccessors: .ContinuousClock

===========================================================================================
----------------- testing Thu Jul 04 04:41:01 UTC 2019 /home/travis/build/icyphy/ptII/ptolemy/domains/continuous/test/auto/ContinuousInContinuous.xml
----------------- Instantiating /home/travis/build/icyphy/ptII/ptolemy/domains/continuous/test/auto/ContinuousInContinuous.xml
45 ms. Memory: 382976K Free: 309076K (81%)
----------------- Invoking toplevel() on ptolemy.moml.MoMLSimpleApplication@452c21d1
----------------- Done invoking toplevel() on ptolemy.moml.MoMLSimpleApplication@452c21d1
reloadAllAccessors: .ContinuousInContinuous

===========================================================================================
----------------- testing Thu Jul 04 04:41:01 UTC 2019 /home/travis/build/icyphy/ptII/ptolemy/domains/continuous/test/auto/ContinuousInContinuousInContinuous.xml
----------------- Instantiating /home/travis/build/icyphy/ptII/ptolemy/domains/continuous/test/auto/ContinuousInContinuousInContinuous.xml
7 ms. Memory: 382976K Free: 300899K (79%)
----------------- Invoking toplevel() on ptolemy.moml.MoMLSimpleApplication@782950ea
----------------- Done invoking toplevel() on ptolemy.moml.MoMLSimpleApplication@782950ea
reloadAllAccessors: .ContinuousInContinuousInContinuous

===========================================================================================
----------------- testing Thu Jul 04 04:41:01 UTC 2019 /home/travis/build/icyphy/ptII/ptolemy/domains/continuous/test/auto/ContinuousInDE.xml
----------------- Instantiating /home/travis/build/icyphy/ptII/ptolemy/domains/continuous/test/auto/ContinuousInDE.xml
100 ms. Memory: 382976K Free: 290149K (76%)
----------------- Invoking toplevel() on ptolemy.moml.MoMLSimpleApplication@289e9c14
----------------- Done invoking toplevel() on ptolemy.moml.MoMLSimpleApplication@289e9c14
reloadAllAccessors: .ContinuousInDE

===========================================================================================
----------------- testing Thu Jul 04 04:41:01 UTC 2019 /home/travis/build/icyphy/ptII/ptolemy/domains/continuous/test/auto/ContinuousInDE2.xml
----------------- Instantiating /home/travis/build/icyphy/ptII/ptolemy/domains/continuous/test/auto/ContinuousInDE2.xml
34 ms. Memory: 382976K Free: 280419K (73%)
----------------- Invoking toplevel() on ptolemy.moml.MoMLSimpleApplication@33574e8b
----------------- Done invoking toplevel() on ptolemy.moml.MoMLSimpleApplication@33574e8b
reloadAllAccessors: .ContinuousInDE2

===========================================================================================
----------------- testing Thu Jul 04 04:41:01 UTC 2019 /home/travis/build/icyphy/ptII/ptolemy/domains/continuous/test/auto/ContinuousInDE3.xml
----------------- Instantiating /home/travis/build/icyphy/ptII/ptolemy/domains/continuous/test/auto/ContinuousInDE3.xml
36 ms. Memory: 382976K Free: 270693K (71%)
----------------- Invoking toplevel() on ptolemy.moml.MoMLSimpleApplication@58f157be
----------------- Done invoking toplevel() on ptolemy.moml.MoMLSimpleApplication@58f157be
reloadAllAccessors: .ContinuousInDE3

===========================================================================================
----------------- testing Thu Jul 04 04:41:01 UTC 2019 /home/travis/build/icyphy/ptII/ptolemy/domains/continuous/test/auto/ContinuousInDE4.xml
----------------- Instantiating /home/travis/build/icyphy/ptII/ptolemy/domains/continuous/test/auto/ContinuousInDE4.xml
19 ms. Memory: 382976K Free: 264549K (69%)
----------------- Invoking toplevel() on ptolemy.moml.MoMLSimpleApplication@e8689d1
----------------- Done invoking toplevel() on ptolemy.moml.MoMLSimpleApplication@e8689d1
reloadAllAccessors: .ContinuousInDE4

===========================================================================================
----------------- testing Thu Jul 04 04:41:01 UTC 2019 /home/travis/build/icyphy/ptII/ptolemy/domains/continuous/test/auto/ContinuousInDEDifferentRefinements.xml
----------------- Instantiating /home/travis/build/icyphy/ptII/ptolemy/domains/continuous/test/auto/ContinuousInDEDifferentRefinements.xml
60 ms. Memory: 382976K Free: 233308K (61%)
----------------- Invoking toplevel() on ptolemy.moml.MoMLSimpleApplication@22f15bad
----------------- Done invoking toplevel() on ptolemy.moml.MoMLSimpleApplication@22f15bad
reloadAllAccessors: .ContinuousInDEDifferentRefinements

===========================================================================================
----------------- testing Thu Jul 04 04:41:02 UTC 2019 /home/travis/build/icyphy/ptII/ptolemy/domains/continuous/test/auto/ContinuousInDEDifferentRefinementsPreemptive.xml
----------------- Instantiating /home/travis/build/icyphy/ptII/ptolemy/domains/continuous/test/auto/ContinuousInDEDifferentRefinementsPreemptive.xml
39 ms. Memory: 382976K Free: 202580K (53%)
----------------- Invoking toplevel() on ptolemy.moml.MoMLSimpleApplication@76c53a6a
----------------- Done invoking toplevel() on ptolemy.moml.MoMLSimpleApplication@76c53a6a
reloadAllAccessors: .ContinuousInDEDifferentRefinementsPreemptive

===========================================================================================
----------------- testing Thu Jul 04 04:41:02 UTC 2019 /home/travis/build/icyphy/ptII/ptolemy/domains/continuous/test/auto/ContinuousInDEInContinuous2.xml
----------------- Instantiating /home/travis/build/icyphy/ptII/ptolemy/domains/continuous/test/auto/ContinuousInDEInContinuous2.xml
31 ms. Memory: 382976K Free: 191331K (50%)
----------------- Invoking toplevel() on ptolemy.moml.MoMLSimpleApplication@7b6df071
----------------- Done invoking toplevel() on ptolemy.moml.MoMLSimpleApplication@7b6df071
reloadAllAccessors: .ContinuousInDEInContinuous2

===========================================================================================
----------------- testing Thu Jul 04 04:41:02 UTC 2019 /home/travis/build/icyphy/ptII/ptolemy/domains/continuous/test/auto/ContinuousInDEInContinuous3.xml
----------------- Instantiating /home/travis/build/icyphy/ptII/ptolemy/domains/continuous/test/auto/ContinuousInDEInContinuous3.xml
30 ms. Memory: 382976K Free: 179043K (47%)
----------------- Invoking toplevel() on ptolemy.moml.MoMLSimpleApplication@7139e034
----------------- Done invoking toplevel() on ptolemy.moml.MoMLSimpleApplication@7139e034
reloadAllAccessors: .ContinuousInDEInContinuous3

===========================================================================================
----------------- testing Thu Jul 04 04:41:02 UTC 2019 /home/travis/build/icyphy/ptII/ptolemy/domains/continuous/test/auto/ContinuousInDEInput.xml
----------------- Instantiating /home/travis/build/icyphy/ptII/ptolemy/domains/continuous/test/auto/ContinuousInDEInput.xml
14 ms. Memory: 382976K Free: 171875K (45%)
----------------- Invoking toplevel() on ptolemy.moml.MoMLSimpleApplication@3daab4ed
----------------- Done invoking toplevel() on ptolemy.moml.MoMLSimpleApplication@3daab4ed
reloadAllAccessors: .ContinuousInDEInput

===========================================================================================
----------------- testing Thu Jul 04 04:41:02 UTC 2019 /home/travis/build/icyphy/ptII/ptolemy/domains/continuous/test/auto/ContinuousInDEInput2.xml
----------------- Instantiating /home/travis/build/icyphy/ptII/ptolemy/domains/continuous/test/auto/ContinuousInDEInput2.xml
12 ms. Memory: 382976K Free: 164707K (43%)
----------------- Invoking toplevel() on ptolemy.moml.MoMLSimpleApplication@2d4add12
----------------- Done invoking toplevel() on ptolemy.moml.MoMLSimpleApplication@2d4add12
reloadAllAccessors: .ContinuousInDEInput2

===========================================================================================
----------------- testing Thu Jul 04 04:41:02 UTC 2019 /home/travis/build/icyphy/ptII/ptolemy/domains/continuous/test/auto/ContinuousInDEInput3.xml
----------------- Instantiating /home/travis/build/icyphy/ptII/ptolemy/domains/continuous/test/auto/ContinuousInDEInput3.xml
21 ms. Memory: 382976K Free: 158053K (41%)
----------------- Invoking toplevel() on ptolemy.moml.MoMLSimpleApplication@6203dfef
----------------- Done invoking toplevel() on ptolemy.moml.MoMLSimpleApplication@6203dfef
reloadAllAccessors: .ContinuousInDEInput3

===========================================================================================
----------------- testing Thu Jul 04 04:41:02 UTC 2019 /home/travis/build/icyphy/ptII/ptolemy/domains/continuous/test/auto/ContinuousInDESharingRefinement.xml
----------------- Instantiating /home/travis/build/icyphy/ptII/ptolemy/domains/continuous/test/auto/ContinuousInDESharingRefinement.xml
148 ms. Memory: 382976K Free: 291587K (76%)
----------------- Invoking toplevel() on ptolemy.moml.MoMLSimpleApplication@3aae2ac6
----------------- Done invoking toplevel() on ptolemy.moml.MoMLSimpleApplication@3aae2ac6
reloadAllAccessors: .ContinuousInDESharingRefinement

===========================================================================================
----------------- testing Thu Jul 04 04:41:02 UTC 2019 /home/travis/build/icyphy/ptII/ptolemy/domains/continuous/test/auto/ContinuousInDEwithNoPorts.xml
----------------- Instantiating /home/travis/build/icyphy/ptII/ptolemy/domains/continuous/test/auto/ContinuousInDEwithNoPorts.xml
3 ms. Memory: 382976K Free: 286947K (75%)
----------------- Invoking toplevel() on ptolemy.moml.MoMLSimpleApplication@5609915d
----------------- Done invoking toplevel() on ptolemy.moml.MoMLSimpleApplication@5609915d
reloadAllAccessors: .ContinuousInDEwithNoPorts

===========================================================================================
----------------- testing Thu Jul 04 04:41:02 UTC 2019 /home/travis/build/icyphy/ptII/ptolemy/domains/continuous/test/auto/ContinuousInsideDE.xml
----------------- Instantiating /home/travis/build/icyphy/ptII/ptolemy/domains/continuous/test/auto/ContinuousInsideDE.xml
32 ms. Memory: 382976K Free: 275713K (72%)
----------------- Invoking toplevel() on ptolemy.moml.MoMLSimpleApplication@46057168
----------------- Done invoking toplevel() on ptolemy.moml.MoMLSimpleApplication@46057168
reloadAllAccessors: .ContinuousInsideDE

===========================================================================================
----------------- testing Thu Jul 04 04:41:02 UTC 2019 /home/travis/build/icyphy/ptII/ptolemy/domains/continuous/test/auto/ContinuousMerge1.xml
----------------- Instantiating /home/travis/build/icyphy/ptII/ptolemy/domains/continuous/test/auto/ContinuousMerge1.xml
3 ms. Memory: 382976K Free: 271107K (71%)
----------------- Invoking toplevel() on ptolemy.moml.MoMLSimpleApplication@9d9f31a
----------------- Done invoking toplevel() on ptolemy.moml.MoMLSimpleApplication@9d9f31a
reloadAllAccessors: .ContinuousMerge1

===========================================================================================
----------------- testing Thu Jul 04 04:41:02 UTC 2019 /home/travis/build/icyphy/ptII/ptolemy/domains/continuous/test/auto/ContinuousMerge2.xml
----------------- Instantiating /home/travis/build/icyphy/ptII/ptolemy/domains/continuous/test/auto/ContinuousMerge2.xml
15 ms. Memory: 382976K Free: 260867K (68%)
----------------- Invoking toplevel() on ptolemy.moml.MoMLSimpleApplication@1e1a40dd
----------------- Done invoking toplevel() on ptolemy.moml.MoMLSimpleApplication@1e1a40dd
reloadAllAccessors: .ContinuousMerge2

===========================================================================================
----------------- testing Thu Jul 04 04:41:02 UTC 2019 /home/travis/build/icyphy/ptII/ptolemy/domains/continuous/test/auto/ContinuousMerge3.xml
----------------- Instantiating /home/travis/build/icyphy/ptII/ptolemy/domains/continuous/test/auto/ContinuousMerge3.xml
36 ms. Memory: 382976K Free: 250113K (65%)
----------------- Invoking toplevel() on ptolemy.moml.MoMLSimpleApplication@697fd84c
----------------- Done invoking toplevel() on ptolemy.moml.MoMLSimpleApplication@697fd84c
reloadAllAccessors: .ContinuousMerge3

===========================================================================================
----------------- testing Thu Jul 04 04:41:02 UTC 2019 /home/travis/build/icyphy/ptII/ptolemy/domains/continuous/test/auto/ContinuousWithinContinuous.xml
----------------- Instantiating /home/travis/build/icyphy/ptII/ptolemy/domains/continuous/test/auto/ContinuousWithinContinuous.xml
31 ms. Memory: 382976K Free: 240897K (63%)
----------------- Invoking toplevel() on ptolemy.moml.MoMLSimpleApplication@1865082c
----------------- Done invoking toplevel() on ptolemy.moml.MoMLSimpleApplication@1865082c
reloadAllAccessors: .ContinuousWithinContinuous

===========================================================================================
----------------- testing Thu Jul 04 04:41:02 UTC 2019 /home/travis/build/icyphy/ptII/ptolemy/domains/continuous/test/auto/ContinuousWithinContinuous2.xml
----------------- Instantiating /home/travis/build/icyphy/ptII/ptolemy/domains/continuous/test/auto/ContinuousWithinContinuous2.xml
59 ms. Memory: 382976K Free: 230147K (60%)
----------------- Invoking toplevel() on ptolemy.moml.MoMLSimpleApplication@707fa94a
----------------- Done invoking toplevel() on ptolemy.moml.MoMLSimpleApplication@707fa94a
reloadAllAccessors: .ContinuousWithinContinuous2

===========================================================================================
----------------- testing Thu Jul 04 04:41:02 UTC 2019 /home/travis/build/icyphy/ptII/ptolemy/domains/continuous/test/auto/ContinuousWithinContinuous3.xml
----------------- Instantiating /home/travis/build/icyphy/ptII/ptolemy/domains/continuous/test/auto/ContinuousWithinContinuous3.xml
11 ms. Memory: 382976K Free: 223489K (58%)
----------------- Invoking toplevel() on ptolemy.moml.MoMLSimpleApplication@650a0304
----------------- Done invoking toplevel() on ptolemy.moml.MoMLSimpleApplication@650a0304
reloadAllAccessors: .ContinuousWithinContinuous3

===========================================================================================
----------------- testing Thu Jul 04 04:41:02 UTC 2019 /home/travis/build/icyphy/ptII/ptolemy/domains/continuous/test/auto/ContinuousWithinContinuous4.xml
----------------- Instantiating /home/travis/build/icyphy/ptII/ptolemy/domains/continuous/test/auto/ContinuousWithinContinuous4.xml
61 ms. Memory: 382976K Free: 211715K (55%)
----------------- Invoking toplevel() on ptolemy.moml.MoMLSimpleApplication@4299ac6c
----------------- Done invoking toplevel() on ptolemy.moml.MoMLSimpleApplication@4299ac6c
reloadAllAccessors: .ContinuousWithinContinuous4

===========================================================================================
----------------- testing Thu Jul 04 04:41:02 UTC 2019 /home/travis/build/icyphy/ptII/ptolemy/domains/continuous/test/auto/ContinuousWithinContinuous5.xml
----------------- Instantiating /home/travis/build/icyphy/ptII/ptolemy/domains/continuous/test/auto/ContinuousWithinContinuous5.xml
12 ms. Memory: 382976K Free: 204547K (53%)
----------------- Invoking toplevel() on ptolemy.moml.MoMLSimpleApplication@4b1e5104
----------------- Done invoking toplevel() on ptolemy.moml.MoMLSimpleApplication@4b1e5104
reloadAllAccessors: .ContinuousWithinContinuous5

===========================================================================================
----------------- testing Thu Jul 04 04:41:03 UTC 2019 /home/travis/build/icyphy/ptII/ptolemy/domains/continuous/test/auto/ContinuousWithinContinuous6.xml
----------------- Instantiating /home/travis/build/icyphy/ptII/ptolemy/domains/continuous/test/auto/ContinuousWithinContinuous6.xml
11 ms. Memory: 382976K Free: 197379K (52%)
----------------- Invoking toplevel() on ptolemy.moml.MoMLSimpleApplication@6d43ac2f
----------------- Done invoking toplevel() on ptolemy.moml.MoMLSimpleApplication@6d43ac2f
reloadAllAccessors: .ContinuousWithinContinuous6

===========================================================================================
----------------- testing Thu Jul 04 04:41:03 UTC 2019 /home/travis/build/icyphy/ptII/ptolemy/domains/continuous/test/auto/ContinuousWithinContinuous7.xml
----------------- Instantiating /home/travis/build/icyphy/ptII/ptolemy/domains/continuous/test/auto/ContinuousWithinContinuous7.xml
51 ms. Memory: 382976K Free: 186625K (49%)
----------------- Invoking toplevel() on ptolemy.moml.MoMLSimpleApplication@75fd6eca
----------------- Done invoking toplevel() on ptolemy.moml.MoMLSimpleApplication@75fd6eca
reloadAllAccessors: .ContinuousWithinContinuous7

===========================================================================================
----------------- testing Thu Jul 04 04:41:03 UTC 2019 /home/travis/build/icyphy/ptII/ptolemy/domains/continuous/test/auto/DCMotor.xml
----------------- Instantiating /home/travis/build/icyphy/ptII/ptolemy/domains/continuous/test/auto/DCMotor.xml
13151 ms. Memory: 382976K Free: 327546K (86%)
----------------- Invoking toplevel() on ptolemy.moml.MoMLSimpleApplication@16588535
----------------- Done invoking toplevel() on ptolemy.moml.MoMLSimpleApplication@16588535
reloadAllAccessors: .DCMotor

===========================================================================================
----------------- testing Thu Jul 04 04:41:16 UTC 2019 /home/travis/build/icyphy/ptII/ptolemy/domains/continuous/test/auto/DEInContinuous.xml
----------------- Instantiating /home/travis/build/icyphy/ptII/ptolemy/domains/continuous/test/auto/DEInContinuous.xml
18 ms. Memory: 382976K Free: 321402K (84%)
----------------- Invoking toplevel() on ptolemy.moml.MoMLSimpleApplication@6ed561a9
----------------- Done invoking toplevel() on ptolemy.moml.MoMLSimpleApplication@6ed561a9
reloadAllAccessors: .DEInContinuous

===========================================================================================
----------------- testing Thu Jul 04 04:41:16 UTC 2019 /home/travis/build/icyphy/ptII/ptolemy/domains/continuous/test/auto/DEinContinuous2.xml
----------------- Instantiating /home/travis/build/icyphy/ptII/ptolemy/domains/continuous/test/auto/DEinContinuous2.xml
7 ms. Memory: 382976K Free: 313210K (82%)
----------------- Invoking toplevel() on ptolemy.moml.MoMLSimpleApplication@e6e7d6c
----------------- Done invoking toplevel() on ptolemy.moml.MoMLSimpleApplication@e6e7d6c
reloadAllAccessors: .DEinContinuous2

===========================================================================================
----------------- testing Thu Jul 04 04:41:16 UTC 2019 /home/travis/build/icyphy/ptII/ptolemy/domains/continuous/test/auto/Derivative.xml
----------------- Instantiating /home/travis/build/icyphy/ptII/ptolemy/domains/continuous/test/auto/Derivative.xml
154 ms. Memory: 382976K Free: 284024K (74%)
----------------- Invoking toplevel() on ptolemy.moml.MoMLSimpleApplication@9e62723
----------------- Done invoking toplevel() on ptolemy.moml.MoMLSimpleApplication@9e62723
reloadAllAccessors: .Derivative2

===========================================================================================
----------------- testing Thu Jul 04 04:41:16 UTC 2019 /home/travis/build/icyphy/ptII/ptolemy/domains/continuous/test/auto/Derivative1.xml
----------------- Instantiating /home/travis/build/icyphy/ptII/ptolemy/domains/continuous/test/auto/Derivative1.xml
24 ms. Memory: 382976K Free: 270202K (71%)
----------------- Invoking toplevel() on ptolemy.moml.MoMLSimpleApplication@6206eaa5
----------------- Done invoking toplevel() on ptolemy.moml.MoMLSimpleApplication@6206eaa5
reloadAllAccessors: .Derivative1

===========================================================================================
----------------- testing Thu Jul 04 04:41:16 UTC 2019 /home/travis/build/icyphy/ptII/ptolemy/domains/continuous/test/auto/DiscreteClock.xml
----------------- Instantiating /home/travis/build/icyphy/ptII/ptolemy/domains/continuous/test/auto/DiscreteClock.xml
3 ms. Memory: 382976K Free: 265082K (69%)
----------------- Invoking toplevel() on ptolemy.moml.MoMLSimpleApplication@412bf748
----------------- Done invoking toplevel() on ptolemy.moml.MoMLSimpleApplication@412bf748
reloadAllAccessors: .DiscreteClock

===========================================================================================
----------------- testing Thu Jul 04 04:41:16 UTC 2019 /home/travis/build/icyphy/ptII/ptolemy/domains/continuous/test/auto/EfficiencyCurve.xml
----------------- Instantiating /home/travis/build/icyphy/ptII/ptolemy/domains/continuous/test/auto/EfficiencyCurve.xml
78 ms. Memory: 382976K Free: 255866K (67%)
----------------- Invoking toplevel() on ptolemy.moml.MoMLSimpleApplication@1329b3cb
----------------- Done invoking toplevel() on ptolemy.moml.MoMLSimpleApplication@1329b3cb
reloadAllAccessors: .EfficiencyCurve

===========================================================================================
----------------- testing Thu Jul 04 04:41:16 UTC 2019 /home/travis/build/icyphy/ptII/ptolemy/domains/continuous/test/auto/ExponentialResponse.xml
----------------- Instantiating /home/travis/build/icyphy/ptII/ptolemy/domains/continuous/test/auto/ExponentialResponse.xml
112 ms. Memory: 382976K Free: 239992K (63%)
----------------- Invoking toplevel() on ptolemy.moml.MoMLSimpleApplication@d260408
----------------- Done invoking toplevel() on ptolemy.moml.MoMLSimpleApplication@d260408
reloadAllAccessors: .ExponentialResponse

===========================================================================================
----------------- testing Thu Jul 04 04:41:16 UTC 2019 /home/travis/build/icyphy/ptII/ptolemy/domains/continuous/test/auto/ExponentialResponseRK45.xml
----------------- Instantiating /home/travis/build/icyphy/ptII/ptolemy/domains/continuous/test/auto/ExponentialResponseRK45.xml
24 ms. Memory: 382976K Free: 233338K (61%)
----------------- Invoking toplevel() on ptolemy.moml.MoMLSimpleApplication@22a39e0
----------------- Done invoking toplevel() on ptolemy.moml.MoMLSimpleApplication@22a39e0
reloadAllAccessors: .ExponentialResponseRK45

===========================================================================================
----------------- testing Thu Jul 04 04:41:17 UTC 2019 /home/travis/build/icyphy/ptII/ptolemy/domains/continuous/test/auto/Friction.xml
----------------- Instantiating /home/travis/build/icyphy/ptII/ptolemy/domains/continuous/test/auto/Friction.xml
1440 ms. Memory: 382976K Free: 260434K (68%)
----------------- Invoking toplevel() on ptolemy.moml.MoMLSimpleApplication@37d813f8
----------------- Done invoking toplevel() on ptolemy.moml.MoMLSimpleApplication@37d813f8
reloadAllAccessors: .Friction

===========================================================================================
----------------- testing Thu Jul 04 04:41:18 UTC 2019 /home/travis/build/icyphy/ptII/ptolemy/domains/continuous/test/auto/FurutaPendulum.xml
----------------- Instantiating /home/travis/build/icyphy/ptII/ptolemy/domains/continuous/test/auto/FurutaPendulum.xml
3331 ms. Memory: 382976K Free: 202670K (53%)
----------------- Invoking toplevel() on ptolemy.moml.MoMLSimpleApplication@2484f3b4
----------------- Done invoking toplevel() on ptolemy.moml.MoMLSimpleApplication@2484f3b4
reloadAllAccessors: .FurutaPendulum

===========================================================================================
----------------- testing Thu Jul 04 04:41:22 UTC 2019 /home/travis/build/icyphy/ptII/ptolemy/domains/continuous/test/auto/HierarchicalExecution.xml
----------------- Instantiating /home/travis/build/icyphy/ptII/ptolemy/domains/continuous/test/auto/HierarchicalExecution.xml
1904 ms. Memory: 382976K Free: 144935K (38%)
----------------- Invoking toplevel() on ptolemy.moml.MoMLSimpleApplication@c75663c
----------------- Done invoking toplevel() on ptolemy.moml.MoMLSimpleApplication@c75663c
reloadAllAccessors: .HierarchicalExecution

===========================================================================================
----------------- testing Thu Jul 04 04:41:24 UTC 2019 /home/travis/build/icyphy/ptII/ptolemy/domains/continuous/test/auto/HybridPlant.xml
----------------- Instantiating /home/travis/build/icyphy/ptII/ptolemy/domains/continuous/test/auto/HybridPlant.xml
494 ms. Memory: 382976K Free: 339447K (89%)
----------------- Invoking toplevel() on ptolemy.moml.MoMLSimpleApplication@5a6c1ce7
----------------- Done invoking toplevel() on ptolemy.moml.MoMLSimpleApplication@5a6c1ce7
reloadAllAccessors: .HybridPlant

===========================================================================================
----------------- testing Thu Jul 04 04:41:24 UTC 2019 /home/travis/build/icyphy/ptII/ptolemy/domains/continuous/test/auto/Hysteresis.xml
----------------- Instantiating /home/travis/build/icyphy/ptII/ptolemy/domains/continuous/test/auto/Hysteresis.xml
136 ms. Memory: 382976K Free: 276977K (72%)
----------------- Invoking toplevel() on ptolemy.moml.MoMLSimpleApplication@45d531ae
----------------- Done invoking toplevel() on ptolemy.moml.MoMLSimpleApplication@45d531ae
reloadAllAccessors: .Hysteresis

===========================================================================================
----------------- testing Thu Jul 04 04:41:24 UTC 2019 /home/travis/build/icyphy/ptII/ptolemy/domains/continuous/test/auto/HysteresisWithRandomDelay.xml
----------------- Instantiating /home/travis/build/icyphy/ptII/ptolemy/domains/continuous/test/auto/HysteresisWithRandomDelay.xml
170 ms. Memory: 382976K Free: 205303K (54%)
----------------- Invoking toplevel() on ptolemy.moml.MoMLSimpleApplication@d750610
----------------- Done invoking toplevel() on ptolemy.moml.MoMLSimpleApplication@d750610
reloadAllAccessors: .HysteresisWithRandomDelay

===========================================================================================
----------------- testing Thu Jul 04 04:41:25 UTC 2019 /home/travis/build/icyphy/ptII/ptolemy/domains/continuous/test/auto/HysteresisWithRandomLosses.xml
----------------- Instantiating /home/travis/build/icyphy/ptII/ptolemy/domains/continuous/test/auto/HysteresisWithRandomLosses.xml
2428 ms. Memory: 459776K Free: 261729K (57%)
----------------- Invoking toplevel() on ptolemy.moml.MoMLSimpleApplication@10d0f069
----------------- Done invoking toplevel() on ptolemy.moml.MoMLSimpleApplication@10d0f069
reloadAllAccessors: .HysteresisWithRandomLosses

===========================================================================================
----------------- testing Thu Jul 04 04:41:27 UTC 2019 /home/travis/build/icyphy/ptII/ptolemy/domains/continuous/test/auto/ImmediateTransitions.xml
----------------- Instantiating /home/travis/build/icyphy/ptII/ptolemy/domains/continuous/test/auto/ImmediateTransitions.xml
9 ms. Memory: 459776K Free: 250465K (54%)
----------------- Invoking toplevel() on ptolemy.moml.MoMLSimpleApplication@22cf21c0
----------------- Done invoking toplevel() on ptolemy.moml.MoMLSimpleApplication@22cf21c0
reloadAllAccessors: .ImmediateTransitions

===========================================================================================
----------------- testing Thu Jul 04 04:41:27 UTC 2019 /home/travis/build/icyphy/ptII/ptolemy/domains/continuous/test/auto/ImpulseFeedback.xml
----------------- Instantiating /home/travis/build/icyphy/ptII/ptolemy/domains/continuous/test/auto/ImpulseFeedback.xml
9 ms. Memory: 459776K Free: 244831K (53%)
----------------- Invoking toplevel() on ptolemy.moml.MoMLSimpleApplication@7965ae42
----------------- Done invoking toplevel() on ptolemy.moml.MoMLSimpleApplication@7965ae42
reloadAllAccessors: .ImpulseFeedback

===========================================================================================
----------------- testing Thu Jul 04 04:41:27 UTC 2019 /home/travis/build/icyphy/ptII/ptolemy/domains/continuous/test/auto/ImpulseFeedback2.xml
----------------- Instantiating /home/travis/build/icyphy/ptII/ptolemy/domains/continuous/test/auto/ImpulseFeedback2.xml
6 ms. Memory: 459776K Free: 239201K (52%)
----------------- Invoking toplevel() on ptolemy.moml.MoMLSimpleApplication@31ab12f2
----------------- Done invoking toplevel() on ptolemy.moml.MoMLSimpleApplication@31ab12f2
reloadAllAccessors: .ImpulseFeedback2

===========================================================================================
----------------- testing Thu Jul 04 04:41:27 UTC 2019 /home/travis/build/icyphy/ptII/ptolemy/domains/continuous/test/auto/IncreasingRatePoisson.xml
----------------- Instantiating /home/travis/build/icyphy/ptII/ptolemy/domains/continuous/test/auto/IncreasingRatePoisson.xml
687 ms. Memory: 459776K Free: 207413K (45%)
----------------- Invoking toplevel() on ptolemy.moml.MoMLSimpleApplication@654cc75a
----------------- Done invoking toplevel() on ptolemy.moml.MoMLSimpleApplication@654cc75a
reloadAllAccessors: .IncreasingRatePoisson

===========================================================================================
----------------- testing Thu Jul 04 04:41:28 UTC 2019 /home/travis/build/icyphy/ptII/ptolemy/domains/continuous/test/auto/InitialStateFeedback.xml
----------------- Instantiating /home/travis/build/icyphy/ptII/ptolemy/domains/continuous/test/auto/InitialStateFeedback.xml
3 ms. Memory: 459776K Free: 202821K (44%)
----------------- Invoking toplevel() on ptolemy.moml.MoMLSimpleApplication@6bb97a79
----------------- Done invoking toplevel() on ptolemy.moml.MoMLSimpleApplication@6bb97a79
reloadAllAccessors: .InitialStateFeedback

===========================================================================================
----------------- testing Thu Jul 04 04:41:28 UTC 2019 /home/travis/build/icyphy/ptII/ptolemy/domains/continuous/test/auto/Integration.xml
----------------- Instantiating /home/travis/build/icyphy/ptII/ptolemy/domains/continuous/test/auto/Integration.xml
4 ms. Memory: 459776K Free: 198725K (43%)
----------------- Invoking toplevel() on ptolemy.moml.MoMLSimpleApplication@36373951
----------------- Done invoking toplevel() on ptolemy.moml.MoMLSimpleApplication@36373951
reloadAllAccessors: .Integration

===========================================================================================
----------------- testing Thu Jul 04 04:41:28 UTC 2019 /home/travis/build/icyphy/ptII/ptolemy/domains/continuous/test/auto/Integration2.xml
----------------- Instantiating /home/travis/build/icyphy/ptII/ptolemy/domains/continuous/test/auto/Integration2.xml
87 ms. Memory: 459776K Free: 184389K (40%)
----------------- Invoking toplevel() on ptolemy.moml.MoMLSimpleApplication@4b67314f
----------------- Done invoking toplevel() on ptolemy.moml.MoMLSimpleApplication@4b67314f
reloadAllAccessors: .Integration2

===========================================================================================
----------------- testing Thu Jul 04 04:41:28 UTC 2019 /home/travis/build/icyphy/ptII/ptolemy/domains/continuous/test/auto/Integration3.xml
----------------- Instantiating /home/travis/build/icyphy/ptII/ptolemy/domains/continuous/test/auto/Integration3.xml
1 ms. Memory: 459776K Free: 179779K (39%)
----------------- Invoking toplevel() on ptolemy.moml.MoMLSimpleApplication@6ad1ba9
----------------- Done invoking toplevel() on ptolemy.moml.MoMLSimpleApplication@6ad1ba9
reloadAllAccessors: .Integration3

===========================================================================================
----------------- testing Thu Jul 04 04:41:28 UTC 2019 /home/travis/build/icyphy/ptII/ptolemy/domains/continuous/test/auto/Integration5.xml
----------------- Instantiating /home/travis/build/icyphy/ptII/ptolemy/domains/continuous/test/auto/Integration5.xml
2 ms. Memory: 459776K Free: 175683K (38%)
----------------- Invoking toplevel() on ptolemy.moml.MoMLSimpleApplication@1f34fb4a
----------------- Done invoking toplevel() on ptolemy.moml.MoMLSimpleApplication@1f34fb4a
reloadAllAccessors: .Integration5

===========================================================================================
----------------- testing Thu Jul 04 04:41:28 UTC 2019 /home/travis/build/icyphy/ptII/ptolemy/domains/continuous/test/auto/IntegratorImpulse.xml
----------------- Instantiating /home/travis/build/icyphy/ptII/ptolemy/domains/continuous/test/auto/IntegratorImpulse.xml
2 ms. Memory: 459776K Free: 171557K (37%)
----------------- Invoking toplevel() on ptolemy.moml.MoMLSimpleApplication@2e594991
----------------- Done invoking toplevel() on ptolemy.moml.MoMLSimpleApplication@2e594991
reloadAllAccessors: .IntegratorImpulse

===========================================================================================
----------------- testing Thu Jul 04 04:41:28 UTC 2019 /home/travis/build/icyphy/ptII/ptolemy/domains/continuous/test/auto/IntegratorImpulse2.xml
----------------- Instantiating /home/travis/build/icyphy/ptII/ptolemy/domains/continuous/test/auto/IntegratorImpulse2.xml
3 ms. Memory: 459776K Free: 441760K (96%)
----------------- Invoking toplevel() on ptolemy.moml.MoMLSimpleApplication@66d00650
----------------- Done invoking toplevel() on ptolemy.moml.MoMLSimpleApplication@66d00650
reloadAllAccessors: .IntegratorImpulse2

===========================================================================================
----------------- testing Thu Jul 04 04:41:28 UTC 2019 /home/travis/build/icyphy/ptII/ptolemy/domains/continuous/test/auto/LevelCrossing1.xml
----------------- Instantiating /home/travis/build/icyphy/ptII/ptolemy/domains/continuous/test/auto/LevelCrossing1.xml
2 ms. Memory: 459776K Free: 436640K (95%)
----------------- Invoking toplevel() on ptolemy.moml.MoMLSimpleApplication@5dd46acf
----------------- Done invoking toplevel() on ptolemy.moml.MoMLSimpleApplication@5dd46acf
reloadAllAccessors: .LevelCrossing1

===========================================================================================
----------------- testing Thu Jul 04 04:41:28 UTC 2019 /home/travis/build/icyphy/ptII/ptolemy/domains/continuous/test/auto/LevelCrossing2.xml
----------------- Instantiating /home/travis/build/icyphy/ptII/ptolemy/domains/continuous/test/auto/LevelCrossing2.xml
3 ms. Memory: 459776K Free: 431520K (94%)
----------------- Invoking toplevel() on ptolemy.moml.MoMLSimpleApplication@3017c86e
----------------- Done invoking toplevel() on ptolemy.moml.MoMLSimpleApplication@3017c86e
reloadAllAccessors: .LevelCrossing2

===========================================================================================
----------------- testing Thu Jul 04 04:41:28 UTC 2019 /home/travis/build/icyphy/ptII/ptolemy/domains/continuous/test/auto/LevelCrossing3.xml
----------------- Instantiating /home/travis/build/icyphy/ptII/ptolemy/domains/continuous/test/auto/LevelCrossing3.xml
3 ms. Memory: 459776K Free: 426400K (93%)
----------------- Invoking toplevel() on ptolemy.moml.MoMLSimpleApplication@691f82d9
----------------- Done invoking toplevel() on ptolemy.moml.MoMLSimpleApplication@691f82d9
reloadAllAccessors: .LevelCrossing3

===========================================================================================
----------------- testing Thu Jul 04 04:41:28 UTC 2019 /home/travis/build/icyphy/ptII/ptolemy/domains/continuous/test/auto/LevelCrossing4.xml
----------------- Instantiating /home/travis/build/icyphy/ptII/ptolemy/domains/continuous/test/auto/LevelCrossing4.xml
3 ms. Memory: 459776K Free: 421280K (92%)
----------------- Invoking toplevel() on ptolemy.moml.MoMLSimpleApplication@55a68385
----------------- Done invoking toplevel() on ptolemy.moml.MoMLSimpleApplication@55a68385
reloadAllAccessors: .LevelCrossing4

===========================================================================================
----------------- testing Thu Jul 04 04:41:28 UTC 2019 /home/travis/build/icyphy/ptII/ptolemy/domains/continuous/test/auto/LevelCrossing5.xml
----------------- Instantiating /home/travis/build/icyphy/ptII/ptolemy/domains/continuous/test/auto/LevelCrossing5.xml
3 ms. Memory: 459776K Free: 416160K (91%)
----------------- Invoking toplevel() on ptolemy.moml.MoMLSimpleApplication@2241c016
----------------- Done invoking toplevel() on ptolemy.moml.MoMLSimpleApplication@2241c016
reloadAllAccessors: .LevelCrossing5

===========================================================================================
[...]
----------------- Instantiating /home/travis/build/icyphy/ptII/ptolemy/domains/continuous/test/auto/SRinContinuous.xml
4 ms. Memory: 551936K Free: 316432K (57%)
----------------- Invoking toplevel() on ptolemy.moml.MoMLSimpleApplication@4278033b
----------------- Done invoking toplevel() on ptolemy.moml.MoMLSimpleApplication@4278033b
reloadAllAccessors: .SRinContinuous

===========================================================================================
----------------- testing Thu Jul 04 04:41:46 UTC 2019 /home/travis/build/icyphy/ptII/ptolemy/domains/continuous/test/auto/SampledClocks.xml
----------------- Instantiating /home/travis/build/icyphy/ptII/ptolemy/domains/continuous/test/auto/SampledClocks.xml
7 ms. Memory: 551936K Free: 303634K (55%)
----------------- Invoking toplevel() on ptolemy.moml.MoMLSimpleApplication@30032490
----------------- Done invoking toplevel() on ptolemy.moml.MoMLSimpleApplication@30032490
reloadAllAccessors: .SampledClocks

===========================================================================================
----------------- testing Thu Jul 04 04:41:46 UTC 2019 /home/travis/build/icyphy/ptII/ptolemy/domains/continuous/test/auto/Satellite.xml
----------------- Instantiating /home/travis/build/icyphy/ptII/ptolemy/domains/continuous/test/auto/Satellite.xml
861 ms. Memory: 551936K Free: 432275K (78%)
----------------- Invoking toplevel() on ptolemy.moml.MoMLSimpleApplication@5e5a994e
----------------- Done invoking toplevel() on ptolemy.moml.MoMLSimpleApplication@5e5a994e
reloadAllAccessors: .Satellite

===========================================================================================
----------------- testing Thu Jul 04 04:41:47 UTC 2019 /home/travis/build/icyphy/ptII/ptolemy/domains/continuous/test/auto/SigmaDelta.xml
----------------- Instantiating /home/travis/build/icyphy/ptII/ptolemy/domains/continuous/test/auto/SigmaDelta.xml
2274 ms. Memory: 551936K Free: 495868K (90%)
----------------- Invoking toplevel() on ptolemy.moml.MoMLSimpleApplication@4fa125e7
----------------- Done invoking toplevel() on ptolemy.moml.MoMLSimpleApplication@4fa125e7
reloadAllAccessors: .SigmaDelta

===========================================================================================
----------------- testing Thu Jul 04 04:41:49 UTC 2019 /home/travis/build/icyphy/ptII/ptolemy/domains/continuous/test/auto/SingleRefinement.xml
----------------- Instantiating /home/travis/build/icyphy/ptII/ptolemy/domains/continuous/test/auto/SingleRefinement.xml
311 ms. Memory: 551936K Free: 312572K (57%)
----------------- Invoking toplevel() on ptolemy.moml.MoMLSimpleApplication@3cf1ea03
----------------- Done invoking toplevel() on ptolemy.moml.MoMLSimpleApplication@3cf1ea03
reloadAllAccessors: .SingleRefinement

===========================================================================================
----------------- testing Thu Jul 04 04:41:50 UTC 2019 /home/travis/build/icyphy/ptII/ptolemy/domains/continuous/test/auto/SinuBouncingBall.xml
----------------- Instantiating /home/travis/build/icyphy/ptII/ptolemy/domains/continuous/test/auto/SinuBouncingBall.xml
795 ms. Memory: 551936K Free: 423536K (77%)
----------------- Invoking toplevel() on ptolemy.moml.MoMLSimpleApplication@1b70684b
----------------- Done invoking toplevel() on ptolemy.moml.MoMLSimpleApplication@1b70684b
reloadAllAccessors: .SinuBouncingBall

===========================================================================================
----------------- testing Thu Jul 04 04:41:51 UTC 2019 /home/travis/build/icyphy/ptII/ptolemy/domains/continuous/test/auto/Sinusoid.xml
----------------- Instantiating /home/travis/build/icyphy/ptII/ptolemy/domains/continuous/test/auto/Sinusoid.xml
4 ms. Memory: 551936K Free: 418930K (76%)
----------------- Invoking toplevel() on ptolemy.moml.MoMLSimpleApplication@220bf87d
----------------- Done invoking toplevel() on ptolemy.moml.MoMLSimpleApplication@220bf87d
reloadAllAccessors: .Sinusoid

===========================================================================================
----------------- testing Thu Jul 04 04:41:51 UTC 2019 /home/travis/build/icyphy/ptII/ptolemy/domains/continuous/test/auto/SinusoidInNoise.xml
----------------- Instantiating /home/travis/build/icyphy/ptII/ptolemy/domains/continuous/test/auto/SinusoidInNoise.xml
937 ms. Memory: 551936K Free: 281200K (51%)
----------------- Invoking toplevel() on ptolemy.moml.MoMLSimpleApplication@5630187f
----------------- Done invoking toplevel() on ptolemy.moml.MoMLSimpleApplication@5630187f
reloadAllAccessors: .SinusoidInNoise

===========================================================================================
----------------- testing Thu Jul 04 04:41:52 UTC 2019 /home/travis/build/icyphy/ptII/ptolemy/domains/continuous/test/auto/SinusoidRK45.xml
----------------- Instantiating /home/travis/build/icyphy/ptII/ptolemy/domains/continuous/test/auto/SinusoidRK45.xml
2 ms. Memory: 551936K Free: 277090K (50%)
----------------- Invoking toplevel() on ptolemy.moml.MoMLSimpleApplication@29709bdb
----------------- Done invoking toplevel() on ptolemy.moml.MoMLSimpleApplication@29709bdb
reloadAllAccessors: .SinusoidRK45

===========================================================================================
----------------- testing Thu Jul 04 04:41:52 UTC 2019 /home/travis/build/icyphy/ptII/ptolemy/domains/continuous/test/auto/SinusoidWithMultipleImpulses.xml
----------------- Instantiating /home/travis/build/icyphy/ptII/ptolemy/domains/continuous/test/auto/SinusoidWithMultipleImpulses.xml
3 ms. Memory: 551936K Free: 272498K (49%)
----------------- Invoking toplevel() on ptolemy.moml.MoMLSimpleApplication@3428c916
----------------- Done invoking toplevel() on ptolemy.moml.MoMLSimpleApplication@3428c916
reloadAllAccessors: .SinusoidWithMultipleImpulses

===========================================================================================
----------------- testing Thu Jul 04 04:41:52 UTC 2019 /home/travis/build/icyphy/ptII/ptolemy/domains/continuous/test/auto/SquareWave.xml
----------------- Instantiating /home/travis/build/icyphy/ptII/ptolemy/domains/continuous/test/auto/SquareWave.xml
172 ms. Memory: 551936K Free: 244850K (44%)
----------------- Invoking toplevel() on ptolemy.moml.MoMLSimpleApplication@7e3cf6bb
----------------- Done invoking toplevel() on ptolemy.moml.MoMLSimpleApplication@7e3cf6bb
reloadAllAccessors: .SquareWave

===========================================================================================
----------------- testing Thu Jul 04 04:41:52 UTC 2019 /home/travis/build/icyphy/ptII/ptolemy/domains/continuous/test/auto/Starmac.xml
----------------- Instantiating /home/travis/build/icyphy/ptII/ptolemy/domains/continuous/test/auto/Starmac.xml
3085 ms. Memory: 551936K Free: 262250K (48%)
----------------- Invoking toplevel() on ptolemy.moml.MoMLSimpleApplication@57dafa30
----------------- Done invoking toplevel() on ptolemy.moml.MoMLSimpleApplication@57dafa30
reloadAllAccessors: .Starmac

===========================================================================================
----------------- testing Thu Jul 04 04:41:55 UTC 2019 /home/travis/build/icyphy/ptII/ptolemy/domains/continuous/test/auto/StaticUnits.xml
----------------- Instantiating /home/travis/build/icyphy/ptII/ptolemy/domains/continuous/test/auto/StaticUnits.xml
2143 ms. Memory: 551936K Free: 453491K (82%)
----------------- Invoking toplevel() on ptolemy.moml.MoMLSimpleApplication@1213dfa6
----------------- Done invoking toplevel() on ptolemy.moml.MoMLSimpleApplication@1213dfa6
reloadAllAccessors: .StaticUnits

===========================================================================================
----------------- testing Thu Jul 04 04:41:58 UTC 2019 /home/travis/build/icyphy/ptII/ptolemy/domains/continuous/test/auto/StickyMasses.xml
----------------- Instantiating /home/travis/build/icyphy/ptII/ptolemy/domains/continuous/test/auto/StickyMasses.xml
143 ms. Memory: 551936K Free: 403315K (73%)
----------------- Invoking toplevel() on ptolemy.moml.MoMLSimpleApplication@978c381
----------------- Done invoking toplevel() on ptolemy.moml.MoMLSimpleApplication@978c381
reloadAllAccessors: .StickyMasses

===========================================================================================
----------------- testing Thu Jul 04 04:41:58 UTC 2019 /home/travis/build/icyphy/ptII/ptolemy/domains/continuous/test/auto/StopTime.xml
----------------- Instantiating /home/travis/build/icyphy/ptII/ptolemy/domains/continuous/test/auto/StopTime.xml
41 ms. Memory: 551936K Free: 377715K (68%)
----------------- Invoking toplevel() on ptolemy.moml.MoMLSimpleApplication@72a3033f
----------------- Done invoking toplevel() on ptolemy.moml.MoMLSimpleApplication@72a3033f
reloadAllAccessors: .StopTime

===========================================================================================
----------------- testing Thu Jul 04 04:41:58 UTC 2019 /home/travis/build/icyphy/ptII/ptolemy/domains/continuous/test/auto/StopTime2.xml
----------------- Instantiating /home/travis/build/icyphy/ptII/ptolemy/domains/continuous/test/auto/StopTime2.xml
33 ms. Memory: 551936K Free: 355682K (64%)
----------------- Invoking toplevel() on ptolemy.moml.MoMLSimpleApplication@3c5fa75a
----------------- Done invoking toplevel() on ptolemy.moml.MoMLSimpleApplication@3c5fa75a
reloadAllAccessors: .StopTime2

===========================================================================================
----------------- testing Thu Jul 04 04:41:58 UTC 2019 /home/travis/build/icyphy/ptII/ptolemy/domains/continuous/test/auto/Switch.xml
----------------- Instantiating /home/travis/build/icyphy/ptII/ptolemy/domains/continuous/test/auto/Switch.xml
42 ms. Memory: 551936K Free: 330097K (60%)
----------------- Invoking toplevel() on ptolemy.moml.MoMLSimpleApplication@2c3ddffc
----------------- Done invoking toplevel() on ptolemy.moml.MoMLSimpleApplication@2c3ddffc
reloadAllAccessors: .Switch

===========================================================================================
----------------- testing Thu Jul 04 04:41:59 UTC 2019 /home/travis/build/icyphy/ptII/ptolemy/domains/continuous/test/auto/Thermostat.xml
----------------- Instantiating /home/travis/build/icyphy/ptII/ptolemy/domains/continuous/test/auto/Thermostat.xml
197 ms. Memory: 551936K Free: 257378K (47%)
----------------- Invoking toplevel() on ptolemy.moml.MoMLSimpleApplication@2de3477f
----------------- Done invoking toplevel() on ptolemy.moml.MoMLSimpleApplication@2de3477f
reloadAllAccessors: .Thermostat

===========================================================================================
----------------- testing Thu Jul 04 04:41:59 UTC 2019 /home/travis/build/icyphy/ptII/ptolemy/domains/continuous/test/auto/TimeDelay.xml
----------------- Instantiating /home/travis/build/icyphy/ptII/ptolemy/domains/continuous/test/auto/TimeDelay.xml
6 ms. Memory: 551936K Free: 252787K (46%)
----------------- Invoking toplevel() on ptolemy.moml.MoMLSimpleApplication@3d737983
----------------- Done invoking toplevel() on ptolemy.moml.MoMLSimpleApplication@3d737983
reloadAllAccessors: .TimeDelay

===========================================================================================
----------------- testing Thu Jul 04 04:41:59 UTC 2019 /home/travis/build/icyphy/ptII/ptolemy/domains/continuous/test/auto/TimeDelay2.xml
----------------- Instantiating /home/travis/build/icyphy/ptII/ptolemy/domains/continuous/test/auto/TimeDelay2.xml
7 ms. Memory: 551936K Free: 242033K (44%)
----------------- Invoking toplevel() on ptolemy.moml.MoMLSimpleApplication@4120f38b
----------------- Done invoking toplevel() on ptolemy.moml.MoMLSimpleApplication@4120f38b
reloadAllAccessors: .TimeDelay2

===========================================================================================
----------------- testing Thu Jul 04 04:41:59 UTC 2019 /home/travis/build/icyphy/ptII/ptolemy/domains/continuous/test/auto/TimeDelay3.xml
----------------- Instantiating /home/travis/build/icyphy/ptII/ptolemy/domains/continuous/test/auto/TimeDelay3.xml
5 ms. Memory: 551936K Free: 237427K (43%)
----------------- Invoking toplevel() on ptolemy.moml.MoMLSimpleApplication@480e0c3a
----------------- Done invoking toplevel() on ptolemy.moml.MoMLSimpleApplication@480e0c3a
reloadAllAccessors: .TimeDelay3

===========================================================================================
----------------- testing Thu Jul 04 04:41:59 UTC 2019 /home/travis/build/icyphy/ptII/ptolemy/domains/continuous/test/auto/TransferAbsentToInside.xml
----------------- Instantiating /home/travis/build/icyphy/ptII/ptolemy/domains/continuous/test/auto/TransferAbsentToInside.xml
32 ms. Memory: 551936K Free: 508778K (92%)
----------------- Invoking toplevel() on ptolemy.moml.MoMLSimpleApplication@9fd242e
----------------- Done invoking toplevel() on ptolemy.moml.MoMLSimpleApplication@9fd242e
reloadAllAccessors: .TransferAbsentToInside

===========================================================================================
----------------- testing Thu Jul 04 04:41:59 UTC 2019 /home/travis/build/icyphy/ptII/ptolemy/domains/continuous/test/auto/Transmission.xml
----------------- Instantiating /home/travis/build/icyphy/ptII/ptolemy/domains/continuous/test/auto/Transmission.xml
742 ms. Memory: 551936K Free: 277354K (50%)
----------------- Invoking toplevel() on ptolemy.moml.MoMLSimpleApplication@462b6946
----------------- Done invoking toplevel() on ptolemy.moml.MoMLSimpleApplication@462b6946
reloadAllAccessors: .Transmission

===========================================================================================
----------------- testing Thu Jul 04 04:42:00 UTC 2019 /home/travis/build/icyphy/ptII/ptolemy/domains/continuous/test/auto/TriggeredContinuousClock.xml
----------------- Instantiating /home/travis/build/icyphy/ptII/ptolemy/domains/continuous/test/auto/TriggeredContinuousClock.xml
35 ms. Memory: 551936K Free: 248154K (45%)
----------------- Invoking toplevel() on ptolemy.moml.MoMLSimpleApplication@142b97a8
----------------- Done invoking toplevel() on ptolemy.moml.MoMLSimpleApplication@142b97a8
reloadAllAccessors: .TriggeredContinuousClock

===========================================================================================
----------------- testing Thu Jul 04 04:42:00 UTC 2019 /home/travis/build/icyphy/ptII/ptolemy/domains/continuous/test/auto/TwoMachineInfiniteBusControl.xml
----------------- Instantiating /home/travis/build/icyphy/ptII/ptolemy/domains/continuous/test/auto/TwoMachineInfiniteBusControl.xml
2912 ms. Memory: 551936K Free: 303435K (55%)
----------------- Invoking toplevel() on ptolemy.moml.MoMLSimpleApplication@24a9c74a
----------------- Done invoking toplevel() on ptolemy.moml.MoMLSimpleApplication@24a9c74a
reloadAllAccessors: .TwoMachineInfiniteBusControl

===========================================================================================
----------------- testing Thu Jul 04 04:42:03 UTC 2019 /home/travis/build/icyphy/ptII/ptolemy/domains/continuous/test/auto/V2V.xml
----------------- Instantiating /home/travis/build/icyphy/ptII/ptolemy/domains/continuous/test/auto/V2V.xml
698 ms. Memory: 551936K Free: 437057K (79%)
----------------- Invoking toplevel() on ptolemy.moml.MoMLSimpleApplication@37b6050c
----------------- Done invoking toplevel() on ptolemy.moml.MoMLSimpleApplication@37b6050c
reloadAllAccessors: .V2V

===========================================================================================
----------------- testing Thu Jul 04 04:42:04 UTC 2019 /home/travis/build/icyphy/ptII/ptolemy/domains/continuous/test/auto/hierarchicalModalModel.xml
----------------- Instantiating /home/travis/build/icyphy/ptII/ptolemy/domains/continuous/test/auto/hierarchicalModalModel.xml
7 ms. Memory: 551936K Free: 422706K (77%)
----------------- Invoking toplevel() on ptolemy.moml.MoMLSimpleApplication@51fe7a2c
----------------- Done invoking toplevel() on ptolemy.moml.MoMLSimpleApplication@51fe7a2c
reloadAllAccessors: .hierarchicalModalModel

===========================================================================================
----------------- testing Thu Jul 04 04:42:04 UTC 2019 /home/travis/build/icyphy/ptII/ptolemy/domains/continuous/test/auto/hierarchicalModalModel1.xml
----------------- Instantiating /home/travis/build/icyphy/ptII/ptolemy/domains/continuous/test/auto/hierarchicalModalModel1.xml
9 ms. Memory: 551936K Free: 408385K (74%)
----------------- Invoking toplevel() on ptolemy.moml.MoMLSimpleApplication@732fe543
----------------- Done invoking toplevel() on ptolemy.moml.MoMLSimpleApplication@732fe543
reloadAllAccessors: .hierarchicalModalModel1

===========================================================================================
----------------- testing Thu Jul 04 04:42:04 UTC 2019 /home/travis/build/icyphy/ptII/ptolemy/domains/continuous/test/auto/hierarchicalModalModel2.xml
----------------- Instantiating /home/travis/build/icyphy/ptII/ptolemy/domains/continuous/test/auto/hierarchicalModalModel2.xml
6 ms. Memory: 551936K Free: 396066K (72%)
----------------- Invoking toplevel() on ptolemy.moml.MoMLSimpleApplication@7f1bc1d9
----------------- Done invoking toplevel() on ptolemy.moml.MoMLSimpleApplication@7f1bc1d9
reloadAllAccessors: .hierarchicalModalModel2

===========================================================================================
----------------- testing Thu Jul 04 04:42:04 UTC 2019 /home/travis/build/icyphy/ptII/ptolemy/domains/continuous/test/auto/hierarchicalModalModel3.xml
----------------- Instantiating /home/travis/build/icyphy/ptII/ptolemy/domains/continuous/test/auto/hierarchicalModalModel3.xml
20 ms. Memory: 551936K Free: 385347K (70%)
----------------- Invoking toplevel() on ptolemy.moml.MoMLSimpleApplication@d78c7d9
----------------- Done invoking toplevel() on ptolemy.moml.MoMLSimpleApplication@d78c7d9
reloadAllAccessors: .hierarchicalModalModel3

===========================================================================================
----------------- testing Thu Jul 04 04:42:04 UTC 2019 /home/travis/build/icyphy/ptII/ptolemy/domains/continuous/test/auto/hierarchicalModalModel4.xml
----------------- Instantiating /home/travis/build/icyphy/ptII/ptolemy/domains/continuous/test/auto/hierarchicalModalModel4.xml
6 ms. Memory: 551936K Free: 373569K (68%)
----------------- Invoking toplevel() on ptolemy.moml.MoMLSimpleApplication@4f96cab0
----------------- Done invoking toplevel() on ptolemy.moml.MoMLSimpleApplication@4f96cab0
reloadAllAccessors: .hierarchicalModalModel4

===========================================================================================
----------------- testing Thu Jul 04 04:42:04 UTC 2019 /home/travis/build/icyphy/ptII/ptolemy/domains/continuous/test/auto/junk.xml
----------------- Instantiating /home/travis/build/icyphy/ptII/ptolemy/domains/continuous/test/auto/junk.xml
145 ms. Memory: 551936K Free: 347459K (63%)
----------------- Invoking toplevel() on ptolemy.moml.MoMLSimpleApplication@6c7cb00a
----------------- Done invoking toplevel() on ptolemy.moml.MoMLSimpleApplication@6c7cb00a
reloadAllAccessors: .junk
AutoTests.java: About to close Vertx.
AutoTests.java: Vertx closed.
]]></system-out>
  <system-err><![CDATA[Warning: '.HysteresisWithRandomDelay.NonStrictTest' The test produced only 221 tokens, yet the correctValues parameter was expecting 222 tokens.
Warning: '.HysteresisWithRandomDelay.NonStrictTest2' The test produced only 220 tokens, yet the correctValues parameter was expecting 221 tokens.
Warning: '.HysteresisWithRandomDelay.NonStrictTest3' The test produced only 24 tokens, yet the correctValues parameter was expecting 30 tokens.
Warning: '.IncreasingRatePoisson.NonStrictTest' The test produced only 390 tokens, yet the correctValues parameter was expecting 402 tokens.
]]></system-err>
</testsuite>
