<?xml version="1.0" encoding="UTF-8" ?>
<testsuite errors="0" failures="0" hostname="travis-job-131e5add-7278-44f5-bdb2-a9be79e107f3" name="org.hlacerti.test.junit.JUnitTclTest" skipped="0" tests="16" time="13.395" timestamp="2019-01-18T03:25:40">
  <properties>
[...]
</properties>
  <testcase classname="ptolemy.util.test.junit.TclTests" name="[0] ThereAreNoTclTests (RunTclFile)" time="0.001" />
  <testcase classname="ptolemy.util.test.junit.AutoKnownFailedTests" name="[0] /home/travis/build/icyphy/ptII/org/hlacerti/test/auto/knownFailedTests/1ProdNER1ConsNER.xml (RunModel)" time="2.526" />
  <testcase classname="ptolemy.util.test.junit.AutoKnownFailedTests" name="[1] /home/travis/build/icyphy/ptII/org/hlacerti/test/auto/knownFailedTests/1ProdNER1ConsTAR.xml (RunModel)" time="1.148" />
  <testcase classname="ptolemy.util.test.junit.AutoKnownFailedTests" name="[2] /home/travis/build/icyphy/ptII/org/hlacerti/test/auto/knownFailedTests/1ProdTAR1ConsNER.xml (RunModel)" time="1.27" />
  <testcase classname="ptolemy.util.test.junit.AutoKnownFailedTests" name="[3] /home/travis/build/icyphy/ptII/org/hlacerti/test/auto/knownFailedTests/1ProdTAR1ConsTAR.xml (RunModel)" time="1.211" />
  <testcase classname="ptolemy.util.test.junit.AutoKnownFailedTests" name="[4] /home/travis/build/icyphy/ptII/org/hlacerti/test/auto/knownFailedTests/1Value2Instances.xml (RunModel)" time="1.165" />
  <testcase classname="ptolemy.util.test.junit.AutoKnownFailedTests" name="[5] /home/travis/build/icyphy/ptII/org/hlacerti/test/auto/knownFailedTests/2Classes2Values2Instances.xml (RunModel)" time="1.144" />
  <testcase classname="ptolemy.util.test.junit.AutoKnownFailedTests" name="[6] /home/travis/build/icyphy/ptII/org/hlacerti/test/auto/knownFailedTests/2Values1Instance.xml (RunModel)" time="1.14" />
  <testcase classname="ptolemy.util.test.junit.AutoKnownFailedTests" name="[7] /home/travis/build/icyphy/ptII/org/hlacerti/test/auto/knownFailedTests/2Values2Instances.xml (RunModel)" time="1.097" />
  <testcase classname="ptolemy.util.test.junit.AutoKnownFailedTests" name="[8] /home/travis/build/icyphy/ptII/org/hlacerti/test/auto/knownFailedTests/3MultiDataTypes.xml (RunModel)" time="1.122" />
  <testcase classname="ptolemy.util.test.junit.AutoKnownFailedTests" name="[9] /home/travis/build/icyphy/ptII/org/hlacerti/test/auto/knownFailedTests/MultiDataTypes.xml (RunModel)" time="1.045" />
  <testcase classname="ptolemy.util.test.junit.AutoNameArchTests" name="[0] ThereAreNoAutoArchTests (RunModel)" time="0.003" />
  <testcase classname="ptolemy.util.test.junit.AutoTests" name="[0] /home/travis/build/icyphy/ptII/org/hlacerti/test/auto/1PublisherBadAttributeN.xml (RunModel)" time="0.056" />
  <testcase classname="ptolemy.util.test.junit.AutoTests" name="[1] /home/travis/build/icyphy/ptII/org/hlacerti/test/auto/1PublisherBadClassN.xml (RunModel)" time="0.006" />
  <testcase classname="ptolemy.util.test.junit.AutoTests" name="[2] /home/travis/build/icyphy/ptII/org/hlacerti/test/auto/1SubscriberBadAttributeN.xml (RunModel)" time="0.007" />
  <testcase classname="ptolemy.util.test.junit.AutoTests" name="[3] /home/travis/build/icyphy/ptII/org/hlacerti/test/auto/1SubscriberBadClassN.xml (RunModel)" time="0.001" />
  <system-out><![CDATA[No tcl tests in /home/travis/build/icyphy/ptII/org/hlacerti/test
----------------- testing (KnownFailure) /home/travis/build/icyphy/ptII/org/hlacerti/test/auto/knownFailedTests/1ProdNER1ConsNER.xml
Federate: cons1 - Federation: TestNERNER - preinitialize() - CERTI_FOM_PATH = /home/travis/pthla/certi-tools/share/federations
Federate: cons1 - Federation: TestNERNER - Creating RTI Ambassador
Federate: cons1 - Federation: TestNERNER - preinitialize() - **** No RTI running.
Federate: cons1 - Federation: TestNERNER - preinitialize() - Launching CERTI RTI  in directory /home/travis/build/icyphy/ptII/org/hlacerti/test
CertiRtig: the os.name property is: Linux
CertiRtig: .cons1Signal.HlaManager: About to invoke rtig: 
command: [/bin/sh, -c, /home/travis/pthla/certi-tools/bin/rtig]
environment: [LD_LIBRARY_PATH=/home/travis/pthla/certi-tools/lib:/home/travis/pthla/certi-tools/lib:/usr/lib/jni:/usr/local/share/OpenCV/java/:/usr/share/OpenCV/java:, CERTI_FOM_PATH=/home/travis/pthla/certi-tools/share/federations]
directory: /home/travis/build/icyphy/ptII/org/hlacerti/test/auto/knownFailedTests/FederatesDifferentTimeManagement/1ProdNER1ConsNER
Federate: cons1 - Federation: TestNERNER - RTI launched.
Federate: cons1 - Federation: TestNERNER - Creating RTI Ambassador
Federate: cons1 - Federation: TestNERNER - RTI Ambassador created.
Federate: cons1 - Federation: TestNERNER - Creating Federation execution.
Federate: cons1 - Federation: TestNERNER - createFederationExecution: FED file on RTIG machine = Signal.fed
Federate: cons1 - Federation: TestNERNER - Joining the federation.
Federate: cons1 - Federation: TestNERNER - initialize() - federation joined
Federate: cons1 - Federation: TestNERNER - Initializing the RTI Ambassador
Federate: cons1 - Federation: TestNERNER - RTI Ambassador initialized.
Federate: prod1 - Federation: TestNERNER - preinitialize() - CERTI_FOM_PATH = /home/travis/pthla/certi-tools/share/federations
Federate: prod1 - Federation: TestNERNER - Creating RTI Ambassador
Federate: prod1 - Federation: TestNERNER - RTI Ambassador created.
Federate: prod1 - Federation: TestNERNER - Creating Federation execution.
Federate: prod1 - Federation: TestNERNER - initialize() - Federation execution already exists. No need to create one.
Federate: prod1 - Federation: TestNERNER - Joining the federation.
Federate: prod1 - Federation: TestNERNER - initialize() - federation joined
Federate: prod1 - Federation: TestNERNER - Initializing the RTI Ambassador
Federate: prod1 - Federation: TestNERNER - RTI Ambassador initialized.
Federate: prod1 - Federation: TestNERNER - wrapup() - Unsubscribing to HLA attributes.
Federate: prod1 - Federation: TestNERNER - wrapup() - Unpublishing HLA attributes.
Federate: prod1 - Federation: TestNERNER - wrapup() - Resigning Federation execution
Federate: prod1 - Federation: TestNERNER - wrapup() - Resigned Federation execution
Federate: prod1 - Federation: TestNERNER - ----------------------- End execution.
101 ms. Memory: 116224K Free: 101320K (87%)
Federate: cons1 - Federation: TestNERNER - wrapup() - Unsubscribing to HLA attributes.
Federate: cons1 - Federation: TestNERNER - wrapup() - Unpublishing HLA attributes.
Federate: cons1 - Federation: TestNERNER - wrapup() - Resigning Federation execution
Federate: cons1 - Federation: TestNERNER - wrapup() - Resigned Federation execution
Federate: cons1 - Federation: TestNERNER - wrapup() - Destroying the federation.
Federate: cons1 - Federation: TestNERNER - wrapup() - Federation destroyed by this federate.
Federate: cons1 - Federation: TestNERNER - **** Killing the RTIG process (if authorized by the system)
CertiRtig: .cons1Signal.HlaManager: About to terminate RTIG by sending it SIGINT.
Federate: cons1 - Federation: TestNERNER - ----------------------- End execution.
2110 ms. Memory: 116224K Free: 100975K (87%)
2135 ms. Memory: 116224K Free: 100975K (87%)
----------------- testing (KnownFailure) /home/travis/build/icyphy/ptII/org/hlacerti/test/auto/knownFailedTests/1ProdNER1ConsTAR.xml
Federate: cons1NT - Federation: TestNERTAR - preinitialize() - CERTI_FOM_PATH = /home/travis/pthla/certi-tools/share/federations
Federate: cons1NT - Federation: TestNERTAR - Creating RTI Ambassador
Federate: cons1NT - Federation: TestNERTAR - ****** WARNING: Expected to launch a new RTIG, but one is running already. Will try using that one.
Federate: cons1NT - Federation: TestNERTAR - RTI Ambassador created.
Federate: cons1NT - Federation: TestNERTAR - Creating Federation execution.
Federate: cons1NT - Federation: TestNERTAR - createFederationExecution: FED file on RTIG machine = Signal.fed
Federate: cons1NT - Federation: TestNERTAR - Joining the federation.
Federate: cons1NT - Federation: TestNERTAR - initialize() - federation joined
Federate: cons1NT - Federation: TestNERTAR - Initializing the RTI Ambassador
Federate: cons1NT - Federation: TestNERTAR - RTI Ambassador initialized.
Federate: prod1NT - Federation: TestNERTAR - preinitialize() - CERTI_FOM_PATH = /home/travis/pthla/certi-tools/share/federations
Federate: prod1NT - Federation: TestNERTAR - Creating RTI Ambassador
Federate: prod1NT - Federation: TestNERTAR - RTI Ambassador created.
Federate: prod1NT - Federation: TestNERTAR - Creating Federation execution.
Federate: prod1NT - Federation: TestNERTAR - initialize() - Federation execution already exists. No need to create one.
Federate: prod1NT - Federation: TestNERTAR - Joining the federation.
Federate: prod1NT - Federation: TestNERTAR - initialize() - federation joined
Federate: prod1NT - Federation: TestNERTAR - Initializing the RTI Ambassador
Federate: prod1NT - Federation: TestNERTAR - RTI Ambassador initialized.
Federate: prod1NT - Federation: TestNERTAR - wrapup() - Unsubscribing to HLA attributes.
Federate: prod1NT - Federation: TestNERTAR - wrapup() - Unpublishing HLA attributes.
Federate: prod1NT - Federation: TestNERTAR - wrapup() - Resigning Federation execution
Federate: prod1NT - Federation: TestNERTAR - wrapup() - Resigned Federation execution
Federate: prod1NT - Federation: TestNERTAR - ----------------------- End execution.
54 ms. Memory: 116224K Free: 91510K (79%)
Federate: cons1NT - Federation: TestNERTAR - wrapup() - Unsubscribing to HLA attributes.
Federate: cons1NT - Federation: TestNERTAR - wrapup() - Unpublishing HLA attributes.
Federate: cons1NT - Federation: TestNERTAR - wrapup() - Resigning Federation execution
Federate: cons1NT - Federation: TestNERTAR - wrapup() - Resigned Federation execution
Federate: cons1NT - Federation: TestNERTAR - wrapup() - Destroying the federation.
Federate: cons1NT - Federation: TestNERTAR - wrapup() - Federation destroyed by this federate.
Federate: cons1NT - Federation: TestNERTAR - ----------------------- End execution.
1059 ms. Memory: 116224K Free: 91510K (79%)
1065 ms. Memory: 116224K Free: 91510K (79%)
----------------- testing (KnownFailure) /home/travis/build/icyphy/ptII/org/hlacerti/test/auto/knownFailedTests/1ProdTAR1ConsNER.xml
Federate: consTN - Federation: TestTARNER - preinitialize() - CERTI_FOM_PATH = /home/travis/pthla/certi-tools/share/federations
Federate: consTN - Federation: TestTARNER - Creating RTI Ambassador
Federate: consTN - Federation: TestTARNER - ****** WARNING: Expected to launch a new RTIG, but one is running already. Will try using that one.
Federate: consTN - Federation: TestTARNER - RTI Ambassador created.
Federate: consTN - Federation: TestTARNER - Creating Federation execution.
Federate: consTN - Federation: TestTARNER - createFederationExecution: FED file on RTIG machine = Signal.fed
Federate: consTN - Federation: TestTARNER - Joining the federation.
Federate: consTN - Federation: TestTARNER - initialize() - federation joined
Federate: consTN - Federation: TestTARNER - Initializing the RTI Ambassador
Federate: consTN - Federation: TestTARNER - RTI Ambassador initialized.
Federate: prodTN - Federation: TestTARNER - preinitialize() - CERTI_FOM_PATH = /home/travis/pthla/certi-tools/share/federations
Federate: prodTN - Federation: TestTARNER - Creating RTI Ambassador
Federate: prodTN - Federation: TestTARNER - RTI Ambassador created.
Federate: prodTN - Federation: TestTARNER - Creating Federation execution.
Federate: prodTN - Federation: TestTARNER - initialize() - Federation execution already exists. No need to create one.
Federate: prodTN - Federation: TestTARNER - Joining the federation.
Federate: prodTN - Federation: TestTARNER - initialize() - federation joined
Federate: prodTN - Federation: TestTARNER - Initializing the RTI Ambassador
Federate: prodTN - Federation: TestTARNER - RTI Ambassador initialized.
Federate: prodTN - Federation: TestTARNER - wrapup() - Unsubscribing to HLA attributes.
Federate: prodTN - Federation: TestTARNER - wrapup() - Unpublishing HLA attributes.
Federate: prodTN - Federation: TestTARNER - wrapup() - Resigning Federation execution
Federate: prodTN - Federation: TestTARNER - wrapup() - Resigned Federation execution
Federate: prodTN - Federation: TestTARNER - ----------------------- End execution.
60 ms. Memory: 146432K Free: 106910K (73%)
Federate: consTN - Federation: TestTARNER - wrapup() - Unsubscribing to HLA attributes.
Federate: consTN - Federation: TestTARNER - wrapup() - Unpublishing HLA attributes.
Federate: consTN - Federation: TestTARNER - wrapup() - Resigning Federation execution
Federate: consTN - Federation: TestTARNER - wrapup() - Resigned Federation execution
Federate: consTN - Federation: TestTARNER - wrapup() - Destroying the federation.
Federate: consTN - Federation: TestTARNER - wrapup() - Federation destroyed by this federate.
Federate: consTN - Federation: TestTARNER - ----------------------- End execution.
1065 ms. Memory: 146432K Free: 106910K (73%)
1088 ms. Memory: 146432K Free: 106910K (73%)
----------------- testing (KnownFailure) /home/travis/build/icyphy/ptII/org/hlacerti/test/auto/knownFailedTests/1ProdTAR1ConsTAR.xml
Federate: consTT - Federation: testTarTar - preinitialize() - CERTI_FOM_PATH = /home/travis/pthla/certi-tools/share/federations
Federate: consTT - Federation: testTarTar - Creating RTI Ambassador
Federate: consTT - Federation: testTarTar - ****** WARNING: Expected to launch a new RTIG, but one is running already. Will try using that one.
Federate: consTT - Federation: testTarTar - RTI Ambassador created.
Federate: consTT - Federation: testTarTar - Creating Federation execution.
Federate: consTT - Federation: testTarTar - createFederationExecution: FED file on RTIG machine = Signal.fed
Federate: consTT - Federation: testTarTar - Joining the federation.
Federate: consTT - Federation: testTarTar - initialize() - federation joined
Federate: consTT - Federation: testTarTar - Initializing the RTI Ambassador
Federate: consTT - Federation: testTarTar - RTI Ambassador initialized.
Federate: prodTT - Federation: testTarTar - preinitialize() - CERTI_FOM_PATH = /home/travis/pthla/certi-tools/share/federations
Federate: prodTT - Federation: testTarTar - Creating RTI Ambassador
Federate: prodTT - Federation: testTarTar - RTI Ambassador created.
Federate: prodTT - Federation: testTarTar - Creating Federation execution.
Federate: prodTT - Federation: testTarTar - initialize() - Federation execution already exists. No need to create one.
Federate: prodTT - Federation: testTarTar - Joining the federation.
Federate: prodTT - Federation: testTarTar - initialize() - federation joined
Federate: prodTT - Federation: testTarTar - Initializing the RTI Ambassador
Federate: prodTT - Federation: testTarTar - RTI Ambassador initialized.
Federate: prodTT - Federation: testTarTar - wrapup() - Unsubscribing to HLA attributes.
Federate: prodTT - Federation: testTarTar - wrapup() - Unpublishing HLA attributes.
Federate: prodTT - Federation: testTarTar - wrapup() - Resigning Federation execution
Federate: prodTT - Federation: testTarTar - wrapup() - Resigned Federation execution
Federate: prodTT - Federation: testTarTar - ----------------------- End execution.
55 ms. Memory: 207872K Free: 108648K (52%)
Federate: consTT - Federation: testTarTar - wrapup() - Unsubscribing to HLA attributes.
Federate: consTT - Federation: testTarTar - wrapup() - Unpublishing HLA attributes.
Federate: consTT - Federation: testTarTar - wrapup() - Resigning Federation execution
Federate: consTT - Federation: testTarTar - wrapup() - Resigned Federation execution
Federate: consTT - Federation: testTarTar - wrapup() - Destroying the federation.
Federate: consTT - Federation: testTarTar - wrapup() - Federation destroyed by this federate.
Federate: consTT - Federation: testTarTar - ----------------------- End execution.
1062 ms. Memory: 207872K Free: 108648K (52%)
1075 ms. Memory: 207872K Free: 108648K (52%)
----------------- testing (KnownFailure) /home/travis/build/icyphy/ptII/org/hlacerti/test/auto/knownFailedTests/1Value2Instances.xml
Federate: Receiver12 - Federation: StaticMultiInstance12 - preinitialize() - CERTI_FOM_PATH = /home/travis/pthla/certi-tools/share/federations
Federate: Receiver12 - Federation: StaticMultiInstance12 - Creating RTI Ambassador
Federate: Receiver12 - Federation: StaticMultiInstance12 - ****** WARNING: Expected to launch a new RTIG, but one is running already. Will try using that one.
Federate: Receiver12 - Federation: StaticMultiInstance12 - RTI Ambassador created.
Federate: Receiver12 - Federation: StaticMultiInstance12 - Creating Federation execution.
Federate: Receiver12 - Federation: StaticMultiInstance12 - createFederationExecution: RTIG failed to open FED file: StaticMultiInstance12.fed
Federate: Receiver12 - Federation: StaticMultiInstance12 - wrapup() - Unsubscribing to HLA attributes.
Federate: Receiver12 - Federation: StaticMultiInstance12 - wrapup() - Resigning Federation execution
Federate: Receiver12 - Federation: StaticMultiInstance12 - wrapup() - RTIexception.
Federate: Receiver12 - Federation: StaticMultiInstance12 - ----------------------- End execution.
29 ms. Memory: 199680K Free: 193722K (97%)
Federate: Sender12 - Federation: StaticMultiInstance12 - preinitialize() - CERTI_FOM_PATH = /home/travis/pthla/certi-tools/share/federations
Federate: Sender12 - Federation: StaticMultiInstance12 - Creating RTI Ambassador
Federate: Sender12 - Federation: StaticMultiInstance12 - RTI Ambassador created.
Federate: Sender12 - Federation: StaticMultiInstance12 - Creating Federation execution.
Federate: Sender12 - Federation: StaticMultiInstance12 - createFederationExecution: RTIG failed to open FED file: StaticMultiInstance12.fed
Federate: Sender12 - Federation: StaticMultiInstance12 - wrapup() - Unsubscribing to HLA attributes.
Federate: Sender12 - Federation: StaticMultiInstance12 - wrapup() - Unpublishing HLA attributes.
Federate: Sender12 - Federation: StaticMultiInstance12 - wrapup() - Resigning Federation execution
Federate: Sender12 - Federation: StaticMultiInstance12 - wrapup() - RTIexception.
Federate: Sender12 - Federation: StaticMultiInstance12 - ----------------------- End execution.
13 ms. Memory: 199680K Free: 190426K (95%)
1029 ms. Memory: 199680K Free: 190426K (95%)
Known Failure: java.lang.reflect.InvocationTargetException
----------------- testing (KnownFailure) /home/travis/build/icyphy/ptII/org/hlacerti/test/auto/knownFailedTests/2Classes2Values2Instances.xml
Federate: ReceiverTAR222 - Federation: StaticMultiInstance222 - preinitialize() - CERTI_FOM_PATH = /home/travis/pthla/certi-tools/share/federations
Federate: ReceiverTAR222 - Federation: StaticMultiInstance222 - Creating RTI Ambassador
Federate: ReceiverTAR222 - Federation: StaticMultiInstance222 - ****** WARNING: Expected to launch a new RTIG, but one is running already. Will try using that one.
Federate: ReceiverTAR222 - Federation: StaticMultiInstance222 - RTI Ambassador created.
Federate: ReceiverTAR222 - Federation: StaticMultiInstance222 - Creating Federation execution.
Federate: ReceiverTAR222 - Federation: StaticMultiInstance222 - createFederationExecution: RTIG failed to open FED file: StaticMultiInstance222.fed
Federate: ReceiverTAR222 - Federation: StaticMultiInstance222 - wrapup() - Unsubscribing to HLA attributes.
Federate: ReceiverTAR222 - Federation: StaticMultiInstance222 - wrapup() - Resigning Federation execution
Federate: ReceiverTAR222 - Federation: StaticMultiInstance222 - wrapup() - RTIexception.
Federate: ReceiverTAR222 - Federation: StaticMultiInstance222 - ----------------------- End execution.
25 ms. Memory: 199680K Free: 162282K (81%)
Federate: SenderTAR222 - Federation: StaticMultiInstance222 - preinitialize() - CERTI_FOM_PATH = /home/travis/pthla/certi-tools/share/federations
Federate: SenderTAR222 - Federation: StaticMultiInstance222 - Creating RTI Ambassador
Federate: SenderTAR222 - Federation: StaticMultiInstance222 - RTI Ambassador created.
Federate: SenderTAR222 - Federation: StaticMultiInstance222 - Creating Federation execution.
Federate: SenderTAR222 - Federation: StaticMultiInstance222 - createFederationExecution: RTIG failed to open FED file: StaticMultiInstance222.fed
Federate: SenderTAR222 - Federation: StaticMultiInstance222 - wrapup() - Unsubscribing to HLA attributes.
Federate: SenderTAR222 - Federation: StaticMultiInstance222 - wrapup() - Unpublishing HLA attributes.
Federate: SenderTAR222 - Federation: StaticMultiInstance222 - wrapup() - Resigning Federation execution
Federate: SenderTAR222 - Federation: StaticMultiInstance222 - wrapup() - RTIexception.
Federate: SenderTAR222 - Federation: StaticMultiInstance222 - ----------------------- End execution.
11 ms. Memory: 199680K Free: 159051K (80%)
1032 ms. Memory: 199680K Free: 159051K (80%)
Known Failure: java.lang.reflect.InvocationTargetException
----------------- testing (KnownFailure) /home/travis/build/icyphy/ptII/org/hlacerti/test/auto/knownFailedTests/2Values1Instance.xml
Federate: ReceiverNER21 - Federation: StaticMultiInstance21 - preinitialize() - CERTI_FOM_PATH = /home/travis/pthla/certi-tools/share/federations
Federate: ReceiverNER21 - Federation: StaticMultiInstance21 - Creating RTI Ambassador
Federate: ReceiverNER21 - Federation: StaticMultiInstance21 - ****** WARNING: Expected to launch a new RTIG, but one is running already. Will try using that one.
Federate: ReceiverNER21 - Federation: StaticMultiInstance21 - RTI Ambassador created.
Federate: ReceiverNER21 - Federation: StaticMultiInstance21 - Creating Federation execution.
Federate: ReceiverNER21 - Federation: StaticMultiInstance21 - createFederationExecution: RTIG failed to open FED file: StaticMultiInstance21.fed
Federate: ReceiverNER21 - Federation: StaticMultiInstance21 - wrapup() - Unsubscribing to HLA attributes.
Federate: ReceiverNER21 - Federation: StaticMultiInstance21 - wrapup() - Resigning Federation execution
Federate: ReceiverNER21 - Federation: StaticMultiInstance21 - wrapup() - RTIexception.
Federate: ReceiverNER21 - Federation: StaticMultiInstance21 - ----------------------- End execution.
19 ms. Memory: 199680K Free: 132425K (66%)
Federate: SenderNER21 - Federation: StaticMultiInstance21 - preinitialize() - CERTI_FOM_PATH = /home/travis/pthla/certi-tools/share/federations
Federate: SenderNER21 - Federation: StaticMultiInstance21 - Creating RTI Ambassador
Federate: SenderNER21 - Federation: StaticMultiInstance21 - RTI Ambassador created.
Federate: SenderNER21 - Federation: StaticMultiInstance21 - Creating Federation execution.
Federate: SenderNER21 - Federation: StaticMultiInstance21 - createFederationExecution: RTIG failed to open FED file: StaticMultiInstance21.fed
Federate: SenderNER21 - Federation: StaticMultiInstance21 - wrapup() - Unsubscribing to HLA attributes.
Federate: SenderNER21 - Federation: StaticMultiInstance21 - wrapup() - Unpublishing HLA attributes.
Federate: SenderNER21 - Federation: StaticMultiInstance21 - wrapup() - Resigning Federation execution
Federate: SenderNER21 - Federation: StaticMultiInstance21 - wrapup() - RTIexception.
Federate: SenderNER21 - Federation: StaticMultiInstance21 - ----------------------- End execution.
12 ms. Memory: 199680K Free: 129113K (65%)
1023 ms. Memory: 199680K Free: 129113K (65%)
Known Failure: java.lang.reflect.InvocationTargetException
----------------- testing (KnownFailure) /home/travis/build/icyphy/ptII/org/hlacerti/test/auto/knownFailedTests/2Values2Instances.xml
Federate: ReceiverTAR22 - Federation: StaticMultiInstance22 - preinitialize() - CERTI_FOM_PATH = /home/travis/pthla/certi-tools/share/federations
Federate: ReceiverTAR22 - Federation: StaticMultiInstance22 - Creating RTI Ambassador
Federate: ReceiverTAR22 - Federation: StaticMultiInstance22 - ****** WARNING: Expected to launch a new RTIG, but one is running already. Will try using that one.
Federate: ReceiverTAR22 - Federation: StaticMultiInstance22 - RTI Ambassador created.
Federate: ReceiverTAR22 - Federation: StaticMultiInstance22 - Creating Federation execution.
Federate: ReceiverTAR22 - Federation: StaticMultiInstance22 - createFederationExecution: RTIG failed to open FED file: StaticMultiInstance22.fed
Federate: ReceiverTAR22 - Federation: StaticMultiInstance22 - wrapup() - Unsubscribing to HLA attributes.
Federate: ReceiverTAR22 - Federation: StaticMultiInstance22 - wrapup() - Resigning Federation execution
Federate: ReceiverTAR22 - Federation: StaticMultiInstance22 - wrapup() - RTIexception.
Federate: ReceiverTAR22 - Federation: StaticMultiInstance22 - ----------------------- End execution.
17 ms. Memory: 199680K Free: 102052K (51%)
Federate: SenderTAR22 - Federation: StaticMultiInstance22 - preinitialize() - CERTI_FOM_PATH = /home/travis/pthla/certi-tools/share/federations
Federate: SenderTAR22 - Federation: StaticMultiInstance22 - Creating RTI Ambassador
Federate: SenderTAR22 - Federation: StaticMultiInstance22 - RTI Ambassador created.
Federate: SenderTAR22 - Federation: StaticMultiInstance22 - Creating Federation execution.
Federate: SenderTAR22 - Federation: StaticMultiInstance22 - createFederationExecution: RTIG failed to open FED file: StaticMultiInstance22.fed
Federate: SenderTAR22 - Federation: StaticMultiInstance22 - wrapup() - Unsubscribing to HLA attributes.
Federate: SenderTAR22 - Federation: StaticMultiInstance22 - wrapup() - Unpublishing HLA attributes.
Federate: SenderTAR22 - Federation: StaticMultiInstance22 - wrapup() - Resigning Federation execution
Federate: SenderTAR22 - Federation: StaticMultiInstance22 - wrapup() - RTIexception.
Federate: SenderTAR22 - Federation: StaticMultiInstance22 - ----------------------- End execution.
9 ms. Memory: 199680K Free: 98740K (49%)
1018 ms. Memory: 199680K Free: 98740K (49%)
Known Failure: java.lang.reflect.InvocationTargetException
----------------- testing (KnownFailure) /home/travis/build/icyphy/ptII/org/hlacerti/test/auto/knownFailedTests/3MultiDataTypes.xml
Federate: Consumer - Federation: MultiDataTypes - preinitialize() - CERTI_FOM_PATH = /home/travis/pthla/certi-tools/share/federations
Federate: Consumer - Federation: MultiDataTypes - Creating RTI Ambassador
Federate: Consumer - Federation: MultiDataTypes - ****** WARNING: Expected to launch a new RTIG, but one is running already. Will try using that one.
Federate: Consumer - Federation: MultiDataTypes - RTI Ambassador created.
Federate: Consumer - Federation: MultiDataTypes - Creating Federation execution.
Federate: Consumer - Federation: MultiDataTypes - createFederationExecution: RTIG failed to open FED file: MultiDataTypes.fed
Federate: Consumer - Federation: MultiDataTypes - wrapup() - Unsubscribing to HLA attributes.
Federate: Consumer - Federation: MultiDataTypes - wrapup() - Resigning Federation execution
Federate: Consumer - Federation: MultiDataTypes - wrapup() - RTIexception.
Federate: Consumer - Federation: MultiDataTypes - ----------------------- End execution.
18 ms. Memory: 195584K Free: 182300K (93%)
Federate: Producer - Federation: MultiDataTypes - preinitialize() - CERTI_FOM_PATH = /home/travis/pthla/certi-tools/share/federations
Federate: Producer - Federation: MultiDataTypes - Creating RTI Ambassador
Federate: Producer - Federation: MultiDataTypes - RTI Ambassador created.
Federate: Producer - Federation: MultiDataTypes - Creating Federation execution.
Federate: Producer - Federation: MultiDataTypes - createFederationExecution: RTIG failed to open FED file: MultiDataTypes.fed
Federate: Producer - Federation: MultiDataTypes - wrapup() - Unsubscribing to HLA attributes.
Federate: Producer - Federation: MultiDataTypes - wrapup() - Unpublishing HLA attributes.
Federate: Producer - Federation: MultiDataTypes - wrapup() - Resigning Federation execution
Federate: Producer - Federation: MultiDataTypes - wrapup() - RTIexception.
Federate: Producer - Federation: MultiDataTypes - ----------------------- End execution.
11 ms. Memory: 195584K Free: 178674K (91%)
1021 ms. Memory: 195584K Free: 178485K (91%)
Known Failure: java.lang.reflect.InvocationTargetException
----------------- testing (KnownFailure) /home/travis/build/icyphy/ptII/org/hlacerti/test/auto/knownFailedTests/MultiDataTypes.xml
Federate: Consumer - Federation: MultiDataTypes - preinitialize() - CERTI_FOM_PATH = /home/travis/pthla/certi-tools/share/federations
Federate: Consumer - Federation: MultiDataTypes - Creating RTI Ambassador
Federate: Consumer - Federation: MultiDataTypes - ****** WARNING: Expected to launch a new RTIG, but one is running already. Will try using that one.
Federate: Consumer - Federation: MultiDataTypes - RTI Ambassador created.
Federate: Consumer - Federation: MultiDataTypes - Creating Federation execution.
Federate: Consumer - Federation: MultiDataTypes - createFederationExecution: RTIG failed to open FED file: MultiDataTypes.fed
Federate: Consumer - Federation: MultiDataTypes - wrapup() - Unsubscribing to HLA attributes.
Federate: Consumer - Federation: MultiDataTypes - wrapup() - Resigning Federation execution
Federate: Consumer - Federation: MultiDataTypes - wrapup() - RTIexception.
Federate: Consumer - Federation: MultiDataTypes - ----------------------- End execution.
14 ms. Memory: 195584K Free: 171554K (88%)
Federate: Producer - Federation: MultiDataTypes - preinitialize() - CERTI_FOM_PATH = /home/travis/pthla/certi-tools/share/federations
Federate: Producer - Federation: MultiDataTypes - Creating RTI Ambassador
Federate: Producer - Federation: MultiDataTypes - RTI Ambassador created.
Federate: Producer - Federation: MultiDataTypes - Creating Federation execution.
Federate: Producer - Federation: MultiDataTypes - createFederationExecution: RTIG failed to open FED file: MultiDataTypes.fed
Federate: Producer - Federation: MultiDataTypes - wrapup() - Unsubscribing to HLA attributes.
Federate: Producer - Federation: MultiDataTypes - wrapup() - Unpublishing HLA attributes.
Federate: Producer - Federation: MultiDataTypes - wrapup() - Resigning Federation execution
Federate: Producer - Federation: MultiDataTypes - wrapup() - RTIexception.
Federate: Producer - Federation: MultiDataTypes - ----------------------- End execution.
10 ms. Memory: 195584K Free: 168116K (86%)
1028 ms. Memory: 195584K Free: 168116K (86%)
Known Failure: java.lang.reflect.InvocationTargetException
No auto/linux-amd64/*.xml tests in /home/travis/build/icyphy/ptII/org/hlacerti/test
AutoTests.java: About to close Vertx.
AutoTests.java: Vertx closed.

===========================================================================================
----------------- *** Skipping testing of /home/travis/build/icyphy/ptII/org/hlacerti/test/auto/1PublisherBadAttributeN.xml because it does fails under Travis.  To updated this list, edit ptolemy/util/test/junit/AutoTests.java

===========================================================================================
----------------- *** Skipping testing of /home/travis/build/icyphy/ptII/org/hlacerti/test/auto/1PublisherBadClassN.xml because it does fails under Travis.  To updated this list, edit ptolemy/util/test/junit/AutoTests.java

===========================================================================================
----------------- *** Skipping testing of /home/travis/build/icyphy/ptII/org/hlacerti/test/auto/1SubscriberBadAttributeN.xml because it does fails under Travis.  To updated this list, edit ptolemy/util/test/junit/AutoTests.java

===========================================================================================
----------------- *** Skipping testing of /home/travis/build/icyphy/ptII/org/hlacerti/test/auto/1SubscriberBadClassN.xml because it does fails under Travis.  To updated this list, edit ptolemy/util/test/junit/AutoTests.java
AutoTests.java: About to close Vertx.
AutoTests.java: Vertx closed.
]]></system-out>
  <system-err><![CDATA[ptolemy.kernel.util.InternalErrorException: Stdout-0 IOExeception throwed.
  in .cons1Signal.HlaManager
Because:
Stream closed
	at org.hlacerti.lib.CertiRtig$_StreamReaderThread._read(CertiRtig.java:396)
	at org.hlacerti.lib.CertiRtig$_StreamReaderThread.run(CertiRtig.java:365)
Caused by: java.io.IOException: Stream closed
	at java.io.BufferedInputStream.getBufIfOpen(BufferedInputStream.java:170)
	at java.io.BufferedInputStream.read1(BufferedInputStream.java:283)
	at java.io.BufferedInputStream.read(BufferedInputStream.java:345)
	at sun.nio.cs.StreamDecoder.readBytes(StreamDecoder.java:284)
	at sun.nio.cs.StreamDecoder.implRead(StreamDecoder.java:326)
	at sun.nio.cs.StreamDecoder.read(StreamDecoder.java:178)
	at java.io.InputStreamReader.read(InputStreamReader.java:184)
	at org.hlacerti.lib.CertiRtig$_StreamReaderThread._read(CertiRtig.java:385)
	... 1 more
Caused by: java.io.IOException: Stream closed
	at java.io.BufferedInputStream.getBufIfOpen(BufferedInputStream.java:170)
	at java.io.BufferedInputStream.read1(BufferedInputStream.java:283)
	at java.io.BufferedInputStream.read(BufferedInputStream.java:345)
	at sun.nio.cs.StreamDecoder.readBytes(StreamDecoder.java:284)
	at sun.nio.cs.StreamDecoder.implRead(StreamDecoder.java:326)
	at sun.nio.cs.StreamDecoder.read(StreamDecoder.java:178)
	at java.io.InputStreamReader.read(InputStreamReader.java:184)
	at org.hlacerti.lib.CertiRtig$_StreamReaderThread._read(CertiRtig.java:385)
	at org.hlacerti.lib.CertiRtig$_StreamReaderThread.run(CertiRtig.java:365)
ptolemy.kernel.util.IllegalActionException: Exceptions occurred during wrapup:
ptolemy.kernel.util.IllegalActionException: The test produced only 2 tokens, yet the correctValues parameter was expecting 4 tokens.
  in .cons1Signal.timestamp

  in .cons1Signal.DE Director
Because:
The test produced only 2 tokens, yet the correctValues parameter was expecting 4 tokens.
  in .cons1Signal.timestamp
	at ptolemy.actor.Director.wrapup(Director.java:1736)
	at ptolemy.domains.de.kernel.DEDirector.wrapup(DEDirector.java:1527)
	at ptolemy.actor.CompositeActor.wrapup(CompositeActor.java:2755)
	at ptolemy.actor.Manager.wrapup(Manager.java:1512)
	at ptolemy.actor.Manager.execute(Manager.java:407)
	at ptolemy.actor.lib.hoc.ModelReference$1.run(ModelReference.java:626)
Caused by: ptolemy.kernel.util.IllegalActionException: The test produced only 2 tokens, yet the correctValues parameter was expecting 4 tokens.
  in .cons1Signal.timestamp
	at ptolemy.actor.lib.NonStrictTest.wrapup(NonStrictTest.java:410)
	at ptolemy.actor.Director.wrapup(Director.java:1722)
	... 5 more
Caused by: ptolemy.kernel.util.IllegalActionException: The test produced only 2 tokens, yet the correctValues parameter was expecting 4 tokens.
  in .cons1Signal.timestamp
	at ptolemy.actor.lib.NonStrictTest.wrapup(NonStrictTest.java:410)
	at ptolemy.actor.Director.wrapup(Director.java:1722)
	at ptolemy.domains.de.kernel.DEDirector.wrapup(DEDirector.java:1527)
	at ptolemy.actor.CompositeActor.wrapup(CompositeActor.java:2755)
	at ptolemy.actor.Manager.wrapup(Manager.java:1512)
	at ptolemy.actor.Manager.execute(Manager.java:407)
	at ptolemy.actor.lib.hoc.ModelReference$1.run(ModelReference.java:626)
java.lang.RuntimeException: ptolemy.kernel.util.IllegalActionException: Exceptions occurred during wrapup:
ptolemy.kernel.util.IllegalActionException: The test produced only 2 tokens, yet the correctValues parameter was expecting 4 tokens.
  in .cons1Signal.timestamp

  in .cons1Signal.DE Director
Because:
The test produced only 2 tokens, yet the correctValues parameter was expecting 4 tokens.
  in .cons1Signal.timestamp
	at ptolemy.util.MessageHandler.error(MessageHandler.java:115)
	at ptolemy.actor.lib.hoc.ModelReference.executionError(ModelReference.java:450)
	at ptolemy.actor.Manager$ErrorReportingThread.run(Manager.java:1890)
Caused by: ptolemy.kernel.util.IllegalActionException: Exceptions occurred during wrapup:
ptolemy.kernel.util.IllegalActionException: The test produced only 2 tokens, yet the correctValues parameter was expecting 4 tokens.
  in .cons1Signal.timestamp

  in .cons1Signal.DE Director
Because:
The test produced only 2 tokens, yet the correctValues parameter was expecting 4 tokens.
  in .cons1Signal.timestamp
	at ptolemy.actor.Director.wrapup(Director.java:1736)
	at ptolemy.domains.de.kernel.DEDirector.wrapup(DEDirector.java:1527)
	at ptolemy.actor.CompositeActor.wrapup(CompositeActor.java:2755)
	at ptolemy.actor.Manager.wrapup(Manager.java:1512)
	at ptolemy.actor.Manager.execute(Manager.java:407)
	at ptolemy.actor.lib.hoc.ModelReference$1.run(ModelReference.java:626)
Caused by: ptolemy.kernel.util.IllegalActionException: The test produced only 2 tokens, yet the correctValues parameter was expecting 4 tokens.
  in .cons1Signal.timestamp
	at ptolemy.actor.lib.NonStrictTest.wrapup(NonStrictTest.java:410)
	at ptolemy.actor.Director.wrapup(Director.java:1722)
	... 5 more
ptolemy.kernel.util.IllegalActionException: Exceptions occurred during wrapup:
ptolemy.kernel.util.IllegalActionException: The test produced only 3 tokens, yet the correctValues parameter was expecting 4 tokens.
  in .cons1Signal.timestamp

  in .cons1Signal.DE Director
Because:
The test produced only 3 tokens, yet the correctValues parameter was expecting 4 tokens.
  in .cons1Signal.timestamp
	at ptolemy.actor.Director.wrapup(Director.java:1736)
	at ptolemy.domains.de.kernel.DEDirector.wrapup(DEDirector.java:1527)
	at ptolemy.actor.CompositeActor.wrapup(CompositeActor.java:2755)
	at ptolemy.actor.Manager.wrapup(Manager.java:1512)
	at ptolemy.actor.Manager.execute(Manager.java:407)
	at ptolemy.actor.lib.hoc.ModelReference$1.run(ModelReference.java:626)
Caused by: ptolemy.kernel.util.IllegalActionException: The test produced only 3 tokens, yet the correctValues parameter was expecting 4 tokens.
  in .cons1Signal.timestamp
	at ptolemy.actor.lib.NonStrictTest.wrapup(NonStrictTest.java:410)
	at ptolemy.actor.Director.wrapup(Director.java:1722)
	... 5 more
Caused by: ptolemy.kernel.util.IllegalActionException: The test produced only 3 tokens, yet the correctValues parameter was expecting 4 tokens.
  in .cons1Signal.timestamp
	at ptolemy.actor.lib.NonStrictTest.wrapup(NonStrictTest.java:410)
	at ptolemy.actor.Director.wrapup(Director.java:1722)
	at ptolemy.domains.de.kernel.DEDirector.wrapup(DEDirector.java:1527)
	at ptolemy.actor.CompositeActor.wrapup(CompositeActor.java:2755)
	at ptolemy.actor.Manager.wrapup(Manager.java:1512)
	at ptolemy.actor.Manager.execute(Manager.java:407)
	at ptolemy.actor.lib.hoc.ModelReference$1.run(ModelReference.java:626)
java.lang.RuntimeException: ptolemy.kernel.util.IllegalActionException: Exceptions occurred during wrapup:
ptolemy.kernel.util.IllegalActionException: The test produced only 3 tokens, yet the correctValues parameter was expecting 4 tokens.
  in .cons1Signal.timestamp

  in .cons1Signal.DE Director
Because:
The test produced only 3 tokens, yet the correctValues parameter was expecting 4 tokens.
  in .cons1Signal.timestamp
	at ptolemy.util.MessageHandler.error(MessageHandler.java:115)
	at ptolemy.actor.lib.hoc.ModelReference.executionError(ModelReference.java:450)
	at ptolemy.actor.Manager$ErrorReportingThread.run(Manager.java:1890)
Caused by: ptolemy.kernel.util.IllegalActionException: Exceptions occurred during wrapup:
ptolemy.kernel.util.IllegalActionException: The test produced only 3 tokens, yet the correctValues parameter was expecting 4 tokens.
  in .cons1Signal.timestamp

  in .cons1Signal.DE Director
Because:
The test produced only 3 tokens, yet the correctValues parameter was expecting 4 tokens.
  in .cons1Signal.timestamp
	at ptolemy.actor.Director.wrapup(Director.java:1736)
	at ptolemy.domains.de.kernel.DEDirector.wrapup(DEDirector.java:1527)
	at ptolemy.actor.CompositeActor.wrapup(CompositeActor.java:2755)
	at ptolemy.actor.Manager.wrapup(Manager.java:1512)
	at ptolemy.actor.Manager.execute(Manager.java:407)
	at ptolemy.actor.lib.hoc.ModelReference$1.run(ModelReference.java:626)
Caused by: ptolemy.kernel.util.IllegalActionException: The test produced only 3 tokens, yet the correctValues parameter was expecting 4 tokens.
  in .cons1Signal.timestamp
	at ptolemy.actor.lib.NonStrictTest.wrapup(NonStrictTest.java:410)
	at ptolemy.actor.Director.wrapup(Director.java:1722)
	... 5 more
ptolemy.kernel.util.IllegalActionException: Exceptions occurred during wrapup:
ptolemy.kernel.util.IllegalActionException: The test produced only 1 tokens, yet the correctValues parameter was expecting 4 tokens.
  in .cons1Signal.timestamp2

  in .cons1Signal.DE Director
Because:
The test produced only 1 tokens, yet the correctValues parameter was expecting 4 tokens.
  in .cons1Signal.timestamp2
	at ptolemy.actor.Director.wrapup(Director.java:1736)
	at ptolemy.domains.de.kernel.DEDirector.wrapup(DEDirector.java:1527)
	at ptolemy.actor.CompositeActor.wrapup(CompositeActor.java:2755)
	at ptolemy.actor.Manager.wrapup(Manager.java:1512)
	at ptolemy.actor.Manager.execute(Manager.java:407)
	at ptolemy.actor.lib.hoc.ModelReference$1.run(ModelReference.java:626)
Caused by: ptolemy.kernel.util.IllegalActionException: The test produced only 1 tokens, yet the correctValues parameter was expecting 4 tokens.
  in .cons1Signal.timestamp2
	at ptolemy.actor.lib.NonStrictTest.wrapup(NonStrictTest.java:410)
	at ptolemy.actor.Director.wrapup(Director.java:1722)
	... 5 more
Caused by: ptolemy.kernel.util.IllegalActionException: The test produced only 1 tokens, yet the correctValues parameter was expecting 4 tokens.
  in .cons1Signal.timestamp2
	at ptolemy.actor.lib.NonStrictTest.wrapup(NonStrictTest.java:410)
	at ptolemy.actor.Director.wrapup(Director.java:1722)
	at ptolemy.domains.de.kernel.DEDirector.wrapup(DEDirector.java:1527)
	at ptolemy.actor.CompositeActor.wrapup(CompositeActor.java:2755)
	at ptolemy.actor.Manager.wrapup(Manager.java:1512)
	at ptolemy.actor.Manager.execute(Manager.java:407)
	at ptolemy.actor.lib.hoc.ModelReference$1.run(ModelReference.java:626)
java.lang.RuntimeException: ptolemy.kernel.util.IllegalActionException: Exceptions occurred during wrapup:
ptolemy.kernel.util.IllegalActionException: The test produced only 1 tokens, yet the correctValues parameter was expecting 4 tokens.
  in .cons1Signal.timestamp2

  in .cons1Signal.DE Director
Because:
The test produced only 1 tokens, yet the correctValues parameter was expecting 4 tokens.
  in .cons1Signal.timestamp2
	at ptolemy.util.MessageHandler.error(MessageHandler.java:115)
	at ptolemy.actor.lib.hoc.ModelReference.executionError(ModelReference.java:450)
	at ptolemy.actor.Manager$ErrorReportingThread.run(Manager.java:1890)
Caused by: ptolemy.kernel.util.IllegalActionException: Exceptions occurred during wrapup:
ptolemy.kernel.util.IllegalActionException: The test produced only 1 tokens, yet the correctValues parameter was expecting 4 tokens.
  in .cons1Signal.timestamp2

  in .cons1Signal.DE Director
Because:
The test produced only 1 tokens, yet the correctValues parameter was expecting 4 tokens.
  in .cons1Signal.timestamp2
	at ptolemy.actor.Director.wrapup(Director.java:1736)
	at ptolemy.domains.de.kernel.DEDirector.wrapup(DEDirector.java:1527)
	at ptolemy.actor.CompositeActor.wrapup(CompositeActor.java:2755)
	at ptolemy.actor.Manager.wrapup(Manager.java:1512)
	at ptolemy.actor.Manager.execute(Manager.java:407)
	at ptolemy.actor.lib.hoc.ModelReference$1.run(ModelReference.java:626)
Caused by: ptolemy.kernel.util.IllegalActionException: The test produced only 1 tokens, yet the correctValues parameter was expecting 4 tokens.
  in .cons1Signal.timestamp2
	at ptolemy.actor.lib.NonStrictTest.wrapup(NonStrictTest.java:410)
	at ptolemy.actor.Director.wrapup(Director.java:1722)
	... 5 more
ptolemy.kernel.util.IllegalActionException: RTIG could not find FED file: StaticMultiInstance12.fed
This federate expected to launch its own RTIG (launchRTIG is true)
but a pre-existing RTIG was found and we are trying to use that one.
That pre-existing RTIG cannot find this FED file.
Try killing the pre-existing RTIG so that a new one can start.
Alternatively, adjust the CERTI_FOM_PATH used by the RTIG.
  in .DistributedReceiver1.HlaManager
Because:
Module not found
	at org.hlacerti.lib.HlaManager.initialize(HlaManager.java:738)
	at ptolemy.actor.CompositeActor.initialize(CompositeActor.java:912)
	at ptolemy.actor.Manager.initialize(Manager.java:724)
	at ptolemy.actor.Manager.execute(Manager.java:356)
	at ptolemy.actor.lib.hoc.ModelReference$1.run(ModelReference.java:626)
Caused by: hla.rti.CouldNotOpenFED: Module not found serial:0
	at certi.rti.impl.CertiRtiAmbassador.translateException(Unknown Source)
	at certi.rti.impl.CertiRtiAmbassador.processRequest(Unknown Source)
	at certi.rti.impl.CertiRtiAmbassador.createFederationExecution(Unknown Source)
	at org.hlacerti.lib.HlaManager.initialize(HlaManager.java:719)
	... 4 more
Caused by: hla.rti.CouldNotOpenFED: Module not found serial:0
	at certi.rti.impl.CertiRtiAmbassador.translateException(Unknown Source)
	at certi.rti.impl.CertiRtiAmbassador.processRequest(Unknown Source)
	at certi.rti.impl.CertiRtiAmbassador.createFederationExecution(Unknown Source)
	at org.hlacerti.lib.HlaManager.initialize(HlaManager.java:719)
	at ptolemy.actor.CompositeActor.initialize(CompositeActor.java:912)
	at ptolemy.actor.Manager.initialize(Manager.java:724)
	at ptolemy.actor.Manager.execute(Manager.java:356)
	at ptolemy.actor.lib.hoc.ModelReference$1.run(ModelReference.java:626)
java.lang.RuntimeException: ptolemy.kernel.util.IllegalActionException: RTIG could not find FED file: StaticMultiInstance12.fed
This federate expected to launch its own RTIG (launchRTIG is true)
but a pre-existing RTIG was found and we are trying to use that one.
That pre-existing RTIG cannot find this FED file.
Try killing the pre-existing RTIG so that a new one can start.
Alternatively, adjust the CERTI_FOM_PATH used by the RTIG.
  in .DistributedReceiver1.HlaManager
Because:
Module not found
	at ptolemy.util.MessageHandler.error(MessageHandler.java:115)
	at ptolemy.actor.lib.hoc.ModelReference.executionError(ModelReference.java:450)
	at ptolemy.actor.Manager$ErrorReportingThread.run(Manager.java:1890)
Caused by: ptolemy.kernel.util.IllegalActionException: RTIG could not find FED file: StaticMultiInstance12.fed
This federate expected to launch its own RTIG (launchRTIG is true)
but a pre-existing RTIG was found and we are trying to use that one.
That pre-existing RTIG cannot find this FED file.
Try killing the pre-existing RTIG so that a new one can start.
Alternatively, adjust the CERTI_FOM_PATH used by the RTIG.
  in .DistributedReceiver1.HlaManager
Because:
Module not found
	at org.hlacerti.lib.HlaManager.initialize(HlaManager.java:738)
	at ptolemy.actor.CompositeActor.initialize(CompositeActor.java:912)
	at ptolemy.actor.Manager.initialize(Manager.java:724)
	at ptolemy.actor.Manager.execute(Manager.java:356)
	at ptolemy.actor.lib.hoc.ModelReference$1.run(ModelReference.java:626)
Caused by: hla.rti.CouldNotOpenFED: Module not found serial:0
	at certi.rti.impl.CertiRtiAmbassador.translateException(Unknown Source)
	at certi.rti.impl.CertiRtiAmbassador.processRequest(Unknown Source)
	at certi.rti.impl.CertiRtiAmbassador.createFederationExecution(Unknown Source)
	at org.hlacerti.lib.HlaManager.initialize(HlaManager.java:719)
	... 4 more
java.lang.RuntimeException: Execution failed
	at ptolemy.moml.MoMLSimpleApplication$UnloadThread.run(MoMLSimpleApplication.java:402)
Caused by: ptolemy.kernel.util.IllegalActionException: Execution failed.
  in .1Value2Instances.DistributedSender1
Because:
RTIG could not find FED file: StaticMultiInstance12.fed
  in .DistributedSender1.HlaManager
Because:
Module not found
	at ptolemy.actor.lib.hoc.ModelReference.fire(ModelReference.java:588)
	at ptolemy.vergil.actor.lib.VisualModelReference.fire(VisualModelReference.java:414)
	at ptolemy.actor.AtomicActor.iterate(AtomicActor.java:512)
	at ptolemy.actor.Director.fire(Director.java:360)
	at ptolemy.actor.CompositeActor.fire(CompositeActor.java:455)
	at ptolemy.actor.Manager.iterate(Manager.java:851)
	at ptolemy.actor.Manager.execute(Manager.java:369)
	at ptolemy.actor.Manager.run(Manager.java:1263)
	at ptolemy.actor.Manager$PtolemyRunThread.run(Manager.java:1915)
Caused by: ptolemy.kernel.util.IllegalActionException: RTIG could not find FED file: StaticMultiInstance12.fed
  in .DistributedSender1.HlaManager
Because:
Module not found
	at org.hlacerti.lib.HlaManager.initialize(HlaManager.java:738)
	at ptolemy.actor.CompositeActor.initialize(CompositeActor.java:912)
	at ptolemy.actor.Manager.initialize(Manager.java:724)
	at ptolemy.actor.Manager.execute(Manager.java:356)
	at ptolemy.actor.lib.hoc.ModelReference.fire(ModelReference.java:586)
	... 8 more
Caused by: hla.rti.CouldNotOpenFED: Module not found serial:0
	at certi.rti.impl.CertiRtiAmbassador.translateException(Unknown Source)
	at certi.rti.impl.CertiRtiAmbassador.processRequest(Unknown Source)
	at certi.rti.impl.CertiRtiAmbassador.createFederationExecution(Unknown Source)
	at org.hlacerti.lib.HlaManager.initialize(HlaManager.java:719)
	... 12 more
java.lang.reflect.InvocationTargetException
	at sun.reflect.NativeConstructorAccessorImpl.newInstance0(Native Method)
	at sun.reflect.NativeConstructorAccessorImpl.newInstance(NativeConstructorAccessorImpl.java:62)
	at sun.reflect.DelegatingConstructorAccessorImpl.newInstance(DelegatingConstructorAccessorImpl.java:45)
	at java.lang.reflect.Constructor.newInstance(Constructor.java:423)
	at ptolemy.util.test.junit.AutoKnownFailedTests.RunModel(AutoKnownFailedTests.java:105)
	at sun.reflect.NativeMethodAccessorImpl.invoke0(Native Method)
	at sun.reflect.NativeMethodAccessorImpl.invoke(NativeMethodAccessorImpl.java:62)
	at sun.reflect.DelegatingMethodAccessorImpl.invoke(DelegatingMethodAccessorImpl.java:43)
	at java.lang.reflect.Method.invoke(Method.java:498)
	at org.junit.runners.model.FrameworkMethod$1.runReflectiveCall(FrameworkMethod.java:44)
	at org.junit.internal.runners.model.ReflectiveCallable.run(ReflectiveCallable.java:15)
	at org.junit.runners.model.FrameworkMethod.invokeExplosively(FrameworkMethod.java:41)
	at junitparams.internal.InvokeParameterisedMethod.evaluate(InvokeParameterisedMethod.java:102)
	at org.junit.internal.runners.statements.FailOnTimeout$1.run(FailOnTimeout.java:28)
Caused by: ptolemy.kernel.util.IllegalActionException: Execution failed.
  in .1Value2Instances.DistributedSender1
Because:
RTIG could not find FED file: StaticMultiInstance12.fed
  in .DistributedSender1.HlaManager
Because:
Module not found
	at ptolemy.actor.lib.hoc.ModelReference.fire(ModelReference.java:588)
	at ptolemy.vergil.actor.lib.VisualModelReference.fire(VisualModelReference.java:414)
	at ptolemy.actor.AtomicActor.iterate(AtomicActor.java:512)
	at ptolemy.actor.Director.fire(Director.java:360)
	at ptolemy.actor.CompositeActor.fire(CompositeActor.java:455)
	at ptolemy.actor.Manager.iterate(Manager.java:851)
	at ptolemy.actor.Manager.execute(Manager.java:369)
	at ptolemy.actor.Manager.run(Manager.java:1263)
	at ptolemy.actor.Manager$PtolemyRunThread.run(Manager.java:1915)
Caused by: ptolemy.kernel.util.IllegalActionException: RTIG could not find FED file: StaticMultiInstance12.fed
  in .DistributedSender1.HlaManager
Because:
Module not found
	at org.hlacerti.lib.HlaManager.initialize(HlaManager.java:738)
	at ptolemy.actor.CompositeActor.initialize(CompositeActor.java:912)
	at ptolemy.actor.Manager.initialize(Manager.java:724)
	at ptolemy.actor.Manager.execute(Manager.java:356)
	at ptolemy.actor.lib.hoc.ModelReference.fire(ModelReference.java:586)
	... 8 more
Caused by: hla.rti.CouldNotOpenFED: Module not found serial:0
	at certi.rti.impl.CertiRtiAmbassador.translateException(Unknown Source)
	at certi.rti.impl.CertiRtiAmbassador.processRequest(Unknown Source)
	at certi.rti.impl.CertiRtiAmbassador.createFederationExecution(Unknown Source)
	at org.hlacerti.lib.HlaManager.initialize(HlaManager.java:719)
	... 12 more
ptolemy.kernel.util.IllegalActionException: RTIG could not find FED file: StaticMultiInstance222.fed
This federate expected to launch its own RTIG (launchRTIG is true)
but a pre-existing RTIG was found and we are trying to use that one.
That pre-existing RTIG cannot find this FED file.
Try killing the pre-existing RTIG so that a new one can start.
Alternatively, adjust the CERTI_FOM_PATH used by the RTIG.
  in .DistributedReceiver1.HlaManager
Because:
Module not found
	at org.hlacerti.lib.HlaManager.initialize(HlaManager.java:738)
	at ptolemy.actor.CompositeActor.initialize(CompositeActor.java:912)
	at ptolemy.actor.Manager.initialize(Manager.java:724)
	at ptolemy.actor.Manager.execute(Manager.java:356)
	at ptolemy.actor.lib.hoc.ModelReference$1.run(ModelReference.java:626)
Caused by: hla.rti.CouldNotOpenFED: Module not found serial:0
	at certi.rti.impl.CertiRtiAmbassador.translateException(Unknown Source)
	at certi.rti.impl.CertiRtiAmbassador.processRequest(Unknown Source)
	at certi.rti.impl.CertiRtiAmbassador.createFederationExecution(Unknown Source)
	at org.hlacerti.lib.HlaManager.initialize(HlaManager.java:719)
	... 4 more
Caused by: hla.rti.CouldNotOpenFED: Module not found serial:0
	at certi.rti.impl.CertiRtiAmbassador.translateException(Unknown Source)
	at certi.rti.impl.CertiRtiAmbassador.processRequest(Unknown Source)
	at certi.rti.impl.CertiRtiAmbassador.createFederationExecution(Unknown Source)
	at org.hlacerti.lib.HlaManager.initialize(HlaManager.java:719)
	at ptolemy.actor.CompositeActor.initialize(CompositeActor.java:912)
	at ptolemy.actor.Manager.initialize(Manager.java:724)
	at ptolemy.actor.Manager.execute(Manager.java:356)
	at ptolemy.actor.lib.hoc.ModelReference$1.run(ModelReference.java:626)
java.lang.RuntimeException: ptolemy.kernel.util.IllegalActionException: RTIG could not find FED file: StaticMultiInstance222.fed
This federate expected to launch its own RTIG (launchRTIG is true)
but a pre-existing RTIG was found and we are trying to use that one.
That pre-existing RTIG cannot find this FED file.
Try killing the pre-existing RTIG so that a new one can start.
Alternatively, adjust the CERTI_FOM_PATH used by the RTIG.
  in .DistributedReceiver1.HlaManager
Because:
Module not found
	at ptolemy.util.MessageHandler.error(MessageHandler.java:115)
	at ptolemy.actor.lib.hoc.ModelReference.executionError(ModelReference.java:450)
	at ptolemy.actor.Manager$ErrorReportingThread.run(Manager.java:1890)
Caused by: ptolemy.kernel.util.IllegalActionException: RTIG could not find FED file: StaticMultiInstance222.fed
This federate expected to launch its own RTIG (launchRTIG is true)
but a pre-existing RTIG was found and we are trying to use that one.
That pre-existing RTIG cannot find this FED file.
Try killing the pre-existing RTIG so that a new one can start.
Alternatively, adjust the CERTI_FOM_PATH used by the RTIG.
  in .DistributedReceiver1.HlaManager
Because:
Module not found
	at org.hlacerti.lib.HlaManager.initialize(HlaManager.java:738)
	at ptolemy.actor.CompositeActor.initialize(CompositeActor.java:912)
	at ptolemy.actor.Manager.initialize(Manager.java:724)
	at ptolemy.actor.Manager.execute(Manager.java:356)
	at ptolemy.actor.lib.hoc.ModelReference$1.run(ModelReference.java:626)
Caused by: hla.rti.CouldNotOpenFED: Module not found serial:0
	at certi.rti.impl.CertiRtiAmbassador.translateException(Unknown Source)
	at certi.rti.impl.CertiRtiAmbassador.processRequest(Unknown Source)
	at certi.rti.impl.CertiRtiAmbassador.createFederationExecution(Unknown Source)
	at org.hlacerti.lib.HlaManager.initialize(HlaManager.java:719)
	... 4 more
java.lang.RuntimeException: Execution failed
	at ptolemy.moml.MoMLSimpleApplication$UnloadThread.run(MoMLSimpleApplication.java:402)
Caused by: ptolemy.kernel.util.IllegalActionException: Execution failed.
  in .2Classes2Values2Instances.DistributedSender1
Because:
RTIG could not find FED file: StaticMultiInstance222.fed
  in .DistributedSender1.HlaManager
Because:
Module not found
	at ptolemy.actor.lib.hoc.ModelReference.fire(ModelReference.java:588)
	at ptolemy.vergil.actor.lib.VisualModelReference.fire(VisualModelReference.java:414)
	at ptolemy.actor.AtomicActor.iterate(AtomicActor.java:512)
	at ptolemy.actor.Director.fire(Director.java:360)
	at ptolemy.actor.CompositeActor.fire(CompositeActor.java:455)
	at ptolemy.actor.Manager.iterate(Manager.java:851)
	at ptolemy.actor.Manager.execute(Manager.java:369)
	at ptolemy.actor.Manager.run(Manager.java:1263)
	at ptolemy.actor.Manager$PtolemyRunThread.run(Manager.java:1915)
Caused by: ptolemy.kernel.util.IllegalActionException: RTIG could not find FED file: StaticMultiInstance222.fed
  in .DistributedSender1.HlaManager
Because:
Module not found
	at org.hlacerti.lib.HlaManager.initialize(HlaManager.java:738)
	at ptolemy.actor.CompositeActor.initialize(CompositeActor.java:912)
	at ptolemy.actor.Manager.initialize(Manager.java:724)
	at ptolemy.actor.Manager.execute(Manager.java:356)
	at ptolemy.actor.lib.hoc.ModelReference.fire(ModelReference.java:586)
	... 8 more
Caused by: hla.rti.CouldNotOpenFED: Module not found serial:0
	at certi.rti.impl.CertiRtiAmbassador.translateException(Unknown Source)
	at certi.rti.impl.CertiRtiAmbassador.processRequest(Unknown Source)
	at certi.rti.impl.CertiRtiAmbassador.createFederationExecution(Unknown Source)
	at org.hlacerti.lib.HlaManager.initialize(HlaManager.java:719)
	... 12 more
java.lang.reflect.InvocationTargetException
	at sun.reflect.NativeConstructorAccessorImpl.newInstance0(Native Method)
	at sun.reflect.NativeConstructorAccessorImpl.newInstance(NativeConstructorAccessorImpl.java:62)
	at sun.reflect.DelegatingConstructorAccessorImpl.newInstance(DelegatingConstructorAccessorImpl.java:45)
	at java.lang.reflect.Constructor.newInstance(Constructor.java:423)
	at ptolemy.util.test.junit.AutoKnownFailedTests.RunModel(AutoKnownFailedTests.java:105)
	at sun.reflect.NativeMethodAccessorImpl.invoke0(Native Method)
	at sun.reflect.NativeMethodAccessorImpl.invoke(NativeMethodAccessorImpl.java:62)
	at sun.reflect.DelegatingMethodAccessorImpl.invoke(DelegatingMethodAccessorImpl.java:43)
	at java.lang.reflect.Method.invoke(Method.java:498)
	at org.junit.runners.model.FrameworkMethod$1.runReflectiveCall(FrameworkMethod.java:44)
	at org.junit.internal.runners.model.ReflectiveCallable.run(ReflectiveCallable.java:15)
	at org.junit.runners.model.FrameworkMethod.invokeExplosively(FrameworkMethod.java:41)
	at junitparams.internal.InvokeParameterisedMethod.evaluate(InvokeParameterisedMethod.java:102)
	at org.junit.internal.runners.statements.FailOnTimeout$1.run(FailOnTimeout.java:28)
Caused by: ptolemy.kernel.util.IllegalActionException: Execution failed.
  in .2Classes2Values2Instances.DistributedSender1
Because:
RTIG could not find FED file: StaticMultiInstance222.fed
  in .DistributedSender1.HlaManager
Because:
Module not found
	at ptolemy.actor.lib.hoc.ModelReference.fire(ModelReference.java:588)
	at ptolemy.vergil.actor.lib.VisualModelReference.fire(VisualModelReference.java:414)
	at ptolemy.actor.AtomicActor.iterate(AtomicActor.java:512)
	at ptolemy.actor.Director.fire(Director.java:360)
	at ptolemy.actor.CompositeActor.fire(CompositeActor.java:455)
	at ptolemy.actor.Manager.iterate(Manager.java:851)
	at ptolemy.actor.Manager.execute(Manager.java:369)
	at ptolemy.actor.Manager.run(Manager.java:1263)
	at ptolemy.actor.Manager$PtolemyRunThread.run(Manager.java:1915)
Caused by: ptolemy.kernel.util.IllegalActionException: RTIG could not find FED file: StaticMultiInstance222.fed
  in .DistributedSender1.HlaManager
Because:
Module not found
	at org.hlacerti.lib.HlaManager.initialize(HlaManager.java:738)
	at ptolemy.actor.CompositeActor.initialize(CompositeActor.java:912)
	at ptolemy.actor.Manager.initialize(Manager.java:724)
	at ptolemy.actor.Manager.execute(Manager.java:356)
	at ptolemy.actor.lib.hoc.ModelReference.fire(ModelReference.java:586)
	... 8 more
Caused by: hla.rti.CouldNotOpenFED: Module not found serial:0
	at certi.rti.impl.CertiRtiAmbassador.translateException(Unknown Source)
	at certi.rti.impl.CertiRtiAmbassador.processRequest(Unknown Source)
	at certi.rti.impl.CertiRtiAmbassador.createFederationExecution(Unknown Source)
	at org.hlacerti.lib.HlaManager.initialize(HlaManager.java:719)
	... 12 more
ptolemy.kernel.util.IllegalActionException: RTIG could not find FED file: StaticMultiInstance21.fed
This federate expected to launch its own RTIG (launchRTIG is true)
but a pre-existing RTIG was found and we are trying to use that one.
That pre-existing RTIG cannot find this FED file.
Try killing the pre-existing RTIG so that a new one can start.
Alternatively, adjust the CERTI_FOM_PATH used by the RTIG.
  in .DistributedReceiver1.HlaManager
Because:
Module not found
	at org.hlacerti.lib.HlaManager.initialize(HlaManager.java:738)
	at ptolemy.actor.CompositeActor.initialize(CompositeActor.java:912)
	at ptolemy.actor.Manager.initialize(Manager.java:724)
	at ptolemy.actor.Manager.execute(Manager.java:356)
	at ptolemy.actor.lib.hoc.ModelReference$1.run(ModelReference.java:626)
Caused by: hla.rti.CouldNotOpenFED: Module not found serial:0
	at certi.rti.impl.CertiRtiAmbassador.translateException(Unknown Source)
	at certi.rti.impl.CertiRtiAmbassador.processRequest(Unknown Source)
	at certi.rti.impl.CertiRtiAmbassador.createFederationExecution(Unknown Source)
	at org.hlacerti.lib.HlaManager.initialize(HlaManager.java:719)
	... 4 more
Caused by: hla.rti.CouldNotOpenFED: Module not found serial:0
	at certi.rti.impl.CertiRtiAmbassador.translateException(Unknown Source)
	at certi.rti.impl.CertiRtiAmbassador.processRequest(Unknown Source)
	at certi.rti.impl.CertiRtiAmbassador.createFederationExecution(Unknown Source)
	at org.hlacerti.lib.HlaManager.initialize(HlaManager.java:719)
	at ptolemy.actor.CompositeActor.initialize(CompositeActor.java:912)
	at ptolemy.actor.Manager.initialize(Manager.java:724)
	at ptolemy.actor.Manager.execute(Manager.java:356)
	at ptolemy.actor.lib.hoc.ModelReference$1.run(ModelReference.java:626)
java.lang.RuntimeException: ptolemy.kernel.util.IllegalActionException: RTIG could not find FED file: StaticMultiInstance21.fed
This federate expected to launch its own RTIG (launchRTIG is true)
but a pre-existing RTIG was found and we are trying to use that one.
That pre-existing RTIG cannot find this FED file.
Try killing the pre-existing RTIG so that a new one can start.
Alternatively, adjust the CERTI_FOM_PATH used by the RTIG.
  in .DistributedReceiver1.HlaManager
Because:
Module not found
	at ptolemy.util.MessageHandler.error(MessageHandler.java:115)
	at ptolemy.actor.lib.hoc.ModelReference.executionError(ModelReference.java:450)
	at ptolemy.actor.Manager$ErrorReportingThread.run(Manager.java:1890)
Caused by: ptolemy.kernel.util.IllegalActionException: RTIG could not find FED file: StaticMultiInstance21.fed
This federate expected to launch its own RTIG (launchRTIG is true)
but a pre-existing RTIG was found and we are trying to use that one.
That pre-existing RTIG cannot find this FED file.
Try killing the pre-existing RTIG so that a new one can start.
Alternatively, adjust the CERTI_FOM_PATH used by the RTIG.
  in .DistributedReceiver1.HlaManager
Because:
Module not found
	at org.hlacerti.lib.HlaManager.initialize(HlaManager.java:738)
	at ptolemy.actor.CompositeActor.initialize(CompositeActor.java:912)
	at ptolemy.actor.Manager.initialize(Manager.java:724)
	at ptolemy.actor.Manager.execute(Manager.java:356)
	at ptolemy.actor.lib.hoc.ModelReference$1.run(ModelReference.java:626)
Caused by: hla.rti.CouldNotOpenFED: Module not found serial:0
	at certi.rti.impl.CertiRtiAmbassador.translateException(Unknown Source)
	at certi.rti.impl.CertiRtiAmbassador.processRequest(Unknown Source)
	at certi.rti.impl.CertiRtiAmbassador.createFederationExecution(Unknown Source)
	at org.hlacerti.lib.HlaManager.initialize(HlaManager.java:719)
	... 4 more
java.lang.RuntimeException: Execution failed
	at ptolemy.moml.MoMLSimpleApplication$UnloadThread.run(MoMLSimpleApplication.java:402)
Caused by: ptolemy.kernel.util.IllegalActionException: Execution failed.
  in .2Values1Instance.DistributedSender1
Because:
RTIG could not find FED file: StaticMultiInstance21.fed
  in .DistributedSender1.HlaManager
Because:
Module not found
	at ptolemy.actor.lib.hoc.ModelReference.fire(ModelReference.java:588)
	at ptolemy.vergil.actor.lib.VisualModelReference.fire(VisualModelReference.java:414)
	at ptolemy.actor.AtomicActor.iterate(AtomicActor.java:512)
	at ptolemy.actor.Director.fire(Director.java:360)
	at ptolemy.actor.CompositeActor.fire(CompositeActor.java:455)
	at ptolemy.actor.Manager.iterate(Manager.java:851)
	at ptolemy.actor.Manager.execute(Manager.java:369)
	at ptolemy.actor.Manager.run(Manager.java:1263)
	at ptolemy.actor.Manager$PtolemyRunThread.run(Manager.java:1915)
Caused by: ptolemy.kernel.util.IllegalActionException: RTIG could not find FED file: StaticMultiInstance21.fed
  in .DistributedSender1.HlaManager
Because:
Module not found
	at org.hlacerti.lib.HlaManager.initialize(HlaManager.java:738)
	at ptolemy.actor.CompositeActor.initialize(CompositeActor.java:912)
	at ptolemy.actor.Manager.initialize(Manager.java:724)
	at ptolemy.actor.Manager.execute(Manager.java:356)
	at ptolemy.actor.lib.hoc.ModelReference.fire(ModelReference.java:586)
	... 8 more
Caused by: hla.rti.CouldNotOpenFED: Module not found serial:0
	at certi.rti.impl.CertiRtiAmbassador.translateException(Unknown Source)
	at certi.rti.impl.CertiRtiAmbassador.processRequest(Unknown Source)
	at certi.rti.impl.CertiRtiAmbassador.createFederationExecution(Unknown Source)
	at org.hlacerti.lib.HlaManager.initialize(HlaManager.java:719)
	... 12 more
java.lang.reflect.InvocationTargetException
	at sun.reflect.NativeConstructorAccessorImpl.newInstance0(Native Method)
	at sun.reflect.NativeConstructorAccessorImpl.newInstance(NativeConstructorAccessorImpl.java:62)
	at sun.reflect.DelegatingConstructorAccessorImpl.newInstance(DelegatingConstructorAccessorImpl.java:45)
	at java.lang.reflect.Constructor.newInstance(Constructor.java:423)
	at ptolemy.util.test.junit.AutoKnownFailedTests.RunModel(AutoKnownFailedTests.java:105)
	at sun.reflect.NativeMethodAccessorImpl.invoke0(Native Method)
	at sun.reflect.NativeMethodAccessorImpl.invoke(NativeMethodAccessorImpl.java:62)
	at sun.reflect.DelegatingMethodAccessorImpl.invoke(DelegatingMethodAccessorImpl.java:43)
	at java.lang.reflect.Method.invoke(Method.java:498)
	at org.junit.runners.model.FrameworkMethod$1.runReflectiveCall(FrameworkMethod.java:44)
	at org.junit.internal.runners.model.ReflectiveCallable.run(ReflectiveCallable.java:15)
	at org.junit.runners.model.FrameworkMethod.invokeExplosively(FrameworkMethod.java:41)
	at junitparams.internal.InvokeParameterisedMethod.evaluate(InvokeParameterisedMethod.java:102)
	at org.junit.internal.runners.statements.FailOnTimeout$1.run(FailOnTimeout.java:28)
Caused by: ptolemy.kernel.util.IllegalActionException: Execution failed.
  in .2Values1Instance.DistributedSender1
Because:
RTIG could not find FED file: StaticMultiInstance21.fed
  in .DistributedSender1.HlaManager
Because:
Module not found
	at ptolemy.actor.lib.hoc.ModelReference.fire(ModelReference.java:588)
	at ptolemy.vergil.actor.lib.VisualModelReference.fire(VisualModelReference.java:414)
	at ptolemy.actor.AtomicActor.iterate(AtomicActor.java:512)
	at ptolemy.actor.Director.fire(Director.java:360)
	at ptolemy.actor.CompositeActor.fire(CompositeActor.java:455)
	at ptolemy.actor.Manager.iterate(Manager.java:851)
	at ptolemy.actor.Manager.execute(Manager.java:369)
	at ptolemy.actor.Manager.run(Manager.java:1263)
	at ptolemy.actor.Manager$PtolemyRunThread.run(Manager.java:1915)
Caused by: ptolemy.kernel.util.IllegalActionException: RTIG could not find FED file: StaticMultiInstance21.fed
  in .DistributedSender1.HlaManager
Because:
Module not found
	at org.hlacerti.lib.HlaManager.initialize(HlaManager.java:738)
	at ptolemy.actor.CompositeActor.initialize(CompositeActor.java:912)
	at ptolemy.actor.Manager.initialize(Manager.java:724)
	at ptolemy.actor.Manager.execute(Manager.java:356)
	at ptolemy.actor.lib.hoc.ModelReference.fire(ModelReference.java:586)
	... 8 more
Caused by: hla.rti.CouldNotOpenFED: Module not found serial:0
	at certi.rti.impl.CertiRtiAmbassador.translateException(Unknown Source)
	at certi.rti.impl.CertiRtiAmbassador.processRequest(Unknown Source)
	at certi.rti.impl.CertiRtiAmbassador.createFederationExecution(Unknown Source)
	at org.hlacerti.lib.HlaManager.initialize(HlaManager.java:719)
	... 12 more
ptolemy.kernel.util.IllegalActionException: RTIG could not find FED file: StaticMultiInstance22.fed
This federate expected to launch its own RTIG (launchRTIG is true)
but a pre-existing RTIG was found and we are trying to use that one.
That pre-existing RTIG cannot find this FED file.
Try killing the pre-existing RTIG so that a new one can start.
Alternatively, adjust the CERTI_FOM_PATH used by the RTIG.
  in .DistributedReceiver1.HlaManager
Because:
Module not found
	at org.hlacerti.lib.HlaManager.initialize(HlaManager.java:738)
	at ptolemy.actor.CompositeActor.initialize(CompositeActor.java:912)
	at ptolemy.actor.Manager.initialize(Manager.java:724)
	at ptolemy.actor.Manager.execute(Manager.java:356)
	at ptolemy.actor.lib.hoc.ModelReference$1.run(ModelReference.java:626)
Caused by: hla.rti.CouldNotOpenFED: Module not found serial:0
	at certi.rti.impl.CertiRtiAmbassador.translateException(Unknown Source)
	at certi.rti.impl.CertiRtiAmbassador.processRequest(Unknown Source)
	at certi.rti.impl.CertiRtiAmbassador.createFederationExecution(Unknown Source)
	at org.hlacerti.lib.HlaManager.initialize(HlaManager.java:719)
	... 4 more
Caused by: hla.rti.CouldNotOpenFED: Module not found serial:0
	at certi.rti.impl.CertiRtiAmbassador.translateException(Unknown Source)
	at certi.rti.impl.CertiRtiAmbassador.processRequest(Unknown Source)
	at certi.rti.impl.CertiRtiAmbassador.createFederationExecution(Unknown Source)
	at org.hlacerti.lib.HlaManager.initialize(HlaManager.java:719)
	at ptolemy.actor.CompositeActor.initialize(CompositeActor.java:912)
	at ptolemy.actor.Manager.initialize(Manager.java:724)
	at ptolemy.actor.Manager.execute(Manager.java:356)
	at ptolemy.actor.lib.hoc.ModelReference$1.run(ModelReference.java:626)
java.lang.RuntimeException: ptolemy.kernel.util.IllegalActionException: RTIG could not find FED file: StaticMultiInstance22.fed
This federate expected to launch its own RTIG (launchRTIG is true)
but a pre-existing RTIG was found and we are trying to use that one.
That pre-existing RTIG cannot find this FED file.
Try killing the pre-existing RTIG so that a new one can start.
Alternatively, adjust the CERTI_FOM_PATH used by the RTIG.
  in .DistributedReceiver1.HlaManager
Because:
Module not found
	at ptolemy.util.MessageHandler.error(MessageHandler.java:115)
	at ptolemy.actor.lib.hoc.ModelReference.executionError(ModelReference.java:450)
	at ptolemy.actor.Manager$ErrorReportingThread.run(Manager.java:1890)
Caused by: ptolemy.kernel.util.IllegalActionException: RTIG could not find FED file: StaticMultiInstance22.fed
This federate expected to launch its own RTIG (launchRTIG is true)
but a pre-existing RTIG was found and we are trying to use that one.
That pre-existing RTIG cannot find this FED file.
Try killing the pre-existing RTIG so that a new one can start.
Alternatively, adjust the CERTI_FOM_PATH used by the RTIG.
  in .DistributedReceiver1.HlaManager
Because:
Module not found
	at org.hlacerti.lib.HlaManager.initialize(HlaManager.java:738)
	at ptolemy.actor.CompositeActor.initialize(CompositeActor.java:912)
	at ptolemy.actor.Manager.initialize(Manager.java:724)
	at ptolemy.actor.Manager.execute(Manager.java:356)
	at ptolemy.actor.lib.hoc.ModelReference$1.run(ModelReference.java:626)
Caused by: hla.rti.CouldNotOpenFED: Module not found serial:0
	at certi.rti.impl.CertiRtiAmbassador.translateException(Unknown Source)
	at certi.rti.impl.CertiRtiAmbassador.processRequest(Unknown Source)
	at certi.rti.impl.CertiRtiAmbassador.createFederationExecution(Unknown Source)
	at org.hlacerti.lib.HlaManager.initialize(HlaManager.java:719)
	... 4 more
java.lang.RuntimeException: Execution failed
	at ptolemy.moml.MoMLSimpleApplication$UnloadThread.run(MoMLSimpleApplication.java:402)
Caused by: ptolemy.kernel.util.IllegalActionException: Execution failed.
  in .2Values2Instances.DistributedSender1
Because:
RTIG could not find FED file: StaticMultiInstance22.fed
  in .DistributedSender1.HlaManager
Because:
Module not found
	at ptolemy.actor.lib.hoc.ModelReference.fire(ModelReference.java:588)
	at ptolemy.vergil.actor.lib.VisualModelReference.fire(VisualModelReference.java:414)
	at ptolemy.actor.AtomicActor.iterate(AtomicActor.java:512)
	at ptolemy.actor.Director.fire(Director.java:360)
	at ptolemy.actor.CompositeActor.fire(CompositeActor.java:455)
	at ptolemy.actor.Manager.iterate(Manager.java:851)
	at ptolemy.actor.Manager.execute(Manager.java:369)
	at ptolemy.actor.Manager.run(Manager.java:1263)
	at ptolemy.actor.Manager$PtolemyRunThread.run(Manager.java:1915)
Caused by: ptolemy.kernel.util.IllegalActionException: RTIG could not find FED file: StaticMultiInstance22.fed
  in .DistributedSender1.HlaManager
Because:
Module not found
	at org.hlacerti.lib.HlaManager.initialize(HlaManager.java:738)
	at ptolemy.actor.CompositeActor.initialize(CompositeActor.java:912)
	at ptolemy.actor.Manager.initialize(Manager.java:724)
	at ptolemy.actor.Manager.execute(Manager.java:356)
	at ptolemy.actor.lib.hoc.ModelReference.fire(ModelReference.java:586)
	... 8 more
Caused by: hla.rti.CouldNotOpenFED: Module not found serial:0
	at certi.rti.impl.CertiRtiAmbassador.translateException(Unknown Source)
	at certi.rti.impl.CertiRtiAmbassador.processRequest(Unknown Source)
	at certi.rti.impl.CertiRtiAmbassador.createFederationExecution(Unknown Source)
	at org.hlacerti.lib.HlaManager.initialize(HlaManager.java:719)
	... 12 more
java.lang.reflect.InvocationTargetException
	at sun.reflect.NativeConstructorAccessorImpl.newInstance0(Native Method)
	at sun.reflect.NativeConstructorAccessorImpl.newInstance(NativeConstructorAccessorImpl.java:62)
	at sun.reflect.DelegatingConstructorAccessorImpl.newInstance(DelegatingConstructorAccessorImpl.java:45)
	at java.lang.reflect.Constructor.newInstance(Constructor.java:423)
	at ptolemy.util.test.junit.AutoKnownFailedTests.RunModel(AutoKnownFailedTests.java:105)
	at sun.reflect.NativeMethodAccessorImpl.invoke0(Native Method)
	at sun.reflect.NativeMethodAccessorImpl.invoke(NativeMethodAccessorImpl.java:62)
	at sun.reflect.DelegatingMethodAccessorImpl.invoke(DelegatingMethodAccessorImpl.java:43)
	at java.lang.reflect.Method.invoke(Method.java:498)
	at org.junit.runners.model.FrameworkMethod$1.runReflectiveCall(FrameworkMethod.java:44)
	at org.junit.internal.runners.model.ReflectiveCallable.run(ReflectiveCallable.java:15)
	at org.junit.runners.model.FrameworkMethod.invokeExplosively(FrameworkMethod.java:41)
	at junitparams.internal.InvokeParameterisedMethod.evaluate(InvokeParameterisedMethod.java:102)
	at org.junit.internal.runners.statements.FailOnTimeout$1.run(FailOnTimeout.java:28)
Caused by: ptolemy.kernel.util.IllegalActionException: Execution failed.
  in .2Values2Instances.DistributedSender1
Because:
RTIG could not find FED file: StaticMultiInstance22.fed
  in .DistributedSender1.HlaManager
Because:
Module not found
	at ptolemy.actor.lib.hoc.ModelReference.fire(ModelReference.java:588)
	at ptolemy.vergil.actor.lib.VisualModelReference.fire(VisualModelReference.java:414)
	at ptolemy.actor.AtomicActor.iterate(AtomicActor.java:512)
	at ptolemy.actor.Director.fire(Director.java:360)
	at ptolemy.actor.CompositeActor.fire(CompositeActor.java:455)
	at ptolemy.actor.Manager.iterate(Manager.java:851)
	at ptolemy.actor.Manager.execute(Manager.java:369)
	at ptolemy.actor.Manager.run(Manager.java:1263)
	at ptolemy.actor.Manager$PtolemyRunThread.run(Manager.java:1915)
Caused by: ptolemy.kernel.util.IllegalActionException: RTIG could not find FED file: StaticMultiInstance22.fed
  in .DistributedSender1.HlaManager
Because:
Module not found
	at org.hlacerti.lib.HlaManager.initialize(HlaManager.java:738)
	at ptolemy.actor.CompositeActor.initialize(CompositeActor.java:912)
	at ptolemy.actor.Manager.initialize(Manager.java:724)
	at ptolemy.actor.Manager.execute(Manager.java:356)
	at ptolemy.actor.lib.hoc.ModelReference.fire(ModelReference.java:586)
	... 8 more
Caused by: hla.rti.CouldNotOpenFED: Module not found serial:0
	at certi.rti.impl.CertiRtiAmbassador.translateException(Unknown Source)
	at certi.rti.impl.CertiRtiAmbassador.processRequest(Unknown Source)
	at certi.rti.impl.CertiRtiAmbassador.createFederationExecution(Unknown Source)
	at org.hlacerti.lib.HlaManager.initialize(HlaManager.java:719)
	... 12 more
ptolemy.kernel.util.IllegalActionException: RTIG could not find FED file: MultiDataTypes.fed
This federate expected to launch its own RTIG (launchRTIG is true)
but a pre-existing RTIG was found and we are trying to use that one.
That pre-existing RTIG cannot find this FED file.
Try killing the pre-existing RTIG so that a new one can start.
Alternatively, adjust the CERTI_FOM_PATH used by the RTIG.
  in .MultiDataTypesConsumer.HlaManager
Because:
Module not found
	at org.hlacerti.lib.HlaManager.initialize(HlaManager.java:738)
	at ptolemy.actor.CompositeActor.initialize(CompositeActor.java:912)
	at ptolemy.actor.Manager.initialize(Manager.java:724)
	at ptolemy.actor.Manager.execute(Manager.java:356)
	at ptolemy.actor.lib.hoc.ModelReference$1.run(ModelReference.java:626)
Caused by: hla.rti.CouldNotOpenFED: Module not found serial:0
	at certi.rti.impl.CertiRtiAmbassador.translateException(Unknown Source)
	at certi.rti.impl.CertiRtiAmbassador.processRequest(Unknown Source)
	at certi.rti.impl.CertiRtiAmbassador.createFederationExecution(Unknown Source)
	at org.hlacerti.lib.HlaManager.initialize(HlaManager.java:719)
	... 4 more
Caused by: hla.rti.CouldNotOpenFED: Module not found serial:0
	at certi.rti.impl.CertiRtiAmbassador.translateException(Unknown Source)
	at certi.rti.impl.CertiRtiAmbassador.processRequest(Unknown Source)
	at certi.rti.impl.CertiRtiAmbassador.createFederationExecution(Unknown Source)
	at org.hlacerti.lib.HlaManager.initialize(HlaManager.java:719)
	at ptolemy.actor.CompositeActor.initialize(CompositeActor.java:912)
	at ptolemy.actor.Manager.initialize(Manager.java:724)
	at ptolemy.actor.Manager.execute(Manager.java:356)
	at ptolemy.actor.lib.hoc.ModelReference$1.run(ModelReference.java:626)
java.lang.RuntimeException: ptolemy.kernel.util.IllegalActionException: RTIG could not find FED file: MultiDataTypes.fed
This federate expected to launch its own RTIG (launchRTIG is true)
but a pre-existing RTIG was found and we are trying to use that one.
That pre-existing RTIG cannot find this FED file.
Try killing the pre-existing RTIG so that a new one can start.
Alternatively, adjust the CERTI_FOM_PATH used by the RTIG.
  in .MultiDataTypesConsumer.HlaManager
Because:
Module not found
	at ptolemy.util.MessageHandler.error(MessageHandler.java:115)
	at ptolemy.actor.lib.hoc.ModelReference.executionError(ModelReference.java:450)
	at ptolemy.actor.Manager$ErrorReportingThread.run(Manager.java:1890)
Caused by: ptolemy.kernel.util.IllegalActionException: RTIG could not find FED file: MultiDataTypes.fed
This federate expected to launch its own RTIG (launchRTIG is true)
but a pre-existing RTIG was found and we are trying to use that one.
That pre-existing RTIG cannot find this FED file.
Try killing the pre-existing RTIG so that a new one can start.
Alternatively, adjust the CERTI_FOM_PATH used by the RTIG.
  in .MultiDataTypesConsumer.HlaManager
Because:
Module not found
	at org.hlacerti.lib.HlaManager.initialize(HlaManager.java:738)
	at ptolemy.actor.CompositeActor.initialize(CompositeActor.java:912)
	at ptolemy.actor.Manager.initialize(Manager.java:724)
	at ptolemy.actor.Manager.execute(Manager.java:356)
	at ptolemy.actor.lib.hoc.ModelReference$1.run(ModelReference.java:626)
Caused by: hla.rti.CouldNotOpenFED: Module not found serial:0
	at certi.rti.impl.CertiRtiAmbassador.translateException(Unknown Source)
	at certi.rti.impl.CertiRtiAmbassador.processRequest(Unknown Source)
	at certi.rti.impl.CertiRtiAmbassador.createFederationExecution(Unknown Source)
	at org.hlacerti.lib.HlaManager.initialize(HlaManager.java:719)
	... 4 more
java.lang.RuntimeException: Execution failed
	at ptolemy.moml.MoMLSimpleApplication$UnloadThread.run(MoMLSimpleApplication.java:402)
Caused by: ptolemy.kernel.util.IllegalActionException: Execution failed.
  in .3MultiDataTypes.Producer
Because:
RTIG could not find FED file: MultiDataTypes.fed
  in .MultiDataTypesProducer.HlaManager
Because:
Module not found
	at ptolemy.actor.lib.hoc.ModelReference.fire(ModelReference.java:588)
	at ptolemy.vergil.actor.lib.VisualModelReference.fire(VisualModelReference.java:414)
	at ptolemy.actor.AtomicActor.iterate(AtomicActor.java:512)
	at ptolemy.actor.Director.fire(Director.java:360)
	at ptolemy.actor.CompositeActor.fire(CompositeActor.java:455)
	at ptolemy.actor.Manager.iterate(Manager.java:851)
	at ptolemy.actor.Manager.execute(Manager.java:369)
	at ptolemy.actor.Manager.run(Manager.java:1263)
	at ptolemy.actor.Manager$PtolemyRunThread.run(Manager.java:1915)
Caused by: ptolemy.kernel.util.IllegalActionException: RTIG could not find FED file: MultiDataTypes.fed
  in .MultiDataTypesProducer.HlaManager
Because:
Module not found
	at org.hlacerti.lib.HlaManager.initialize(HlaManager.java:738)
	at ptolemy.actor.CompositeActor.initialize(CompositeActor.java:912)
	at ptolemy.actor.Manager.initialize(Manager.java:724)
	at ptolemy.actor.Manager.execute(Manager.java:356)
	at ptolemy.actor.lib.hoc.ModelReference.fire(ModelReference.java:586)
	... 8 more
Caused by: hla.rti.CouldNotOpenFED: Module not found serial:0
	at certi.rti.impl.CertiRtiAmbassador.translateException(Unknown Source)
	at certi.rti.impl.CertiRtiAmbassador.processRequest(Unknown Source)
	at certi.rti.impl.CertiRtiAmbassador.createFederationExecution(Unknown Source)
	at org.hlacerti.lib.HlaManager.initialize(HlaManager.java:719)
	... 12 more
java.lang.reflect.InvocationTargetException
	at sun.reflect.NativeConstructorAccessorImpl.newInstance0(Native Method)
	at sun.reflect.NativeConstructorAccessorImpl.newInstance(NativeConstructorAccessorImpl.java:62)
	at sun.reflect.DelegatingConstructorAccessorImpl.newInstance(DelegatingConstructorAccessorImpl.java:45)
	at java.lang.reflect.Constructor.newInstance(Constructor.java:423)
	at ptolemy.util.test.junit.AutoKnownFailedTests.RunModel(AutoKnownFailedTests.java:105)
	at sun.reflect.NativeMethodAccessorImpl.invoke0(Native Method)
	at sun.reflect.NativeMethodAccessorImpl.invoke(NativeMethodAccessorImpl.java:62)
	at sun.reflect.DelegatingMethodAccessorImpl.invoke(DelegatingMethodAccessorImpl.java:43)
	at java.lang.reflect.Method.invoke(Method.java:498)
	at org.junit.runners.model.FrameworkMethod$1.runReflectiveCall(FrameworkMethod.java:44)
	at org.junit.internal.runners.model.ReflectiveCallable.run(ReflectiveCallable.java:15)
	at org.junit.runners.model.FrameworkMethod.invokeExplosively(FrameworkMethod.java:41)
	at junitparams.internal.InvokeParameterisedMethod.evaluate(InvokeParameterisedMethod.java:102)
	at org.junit.internal.runners.statements.FailOnTimeout$1.run(FailOnTimeout.java:28)
Caused by: ptolemy.kernel.util.IllegalActionException: Execution failed.
  in .3MultiDataTypes.Producer
Because:
RTIG could not find FED file: MultiDataTypes.fed
  in .MultiDataTypesProducer.HlaManager
Because:
Module not found
	at ptolemy.actor.lib.hoc.ModelReference.fire(ModelReference.java:588)
	at ptolemy.vergil.actor.lib.VisualModelReference.fire(VisualModelReference.java:414)
	at ptolemy.actor.AtomicActor.iterate(AtomicActor.java:512)
	at ptolemy.actor.Director.fire(Director.java:360)
	at ptolemy.actor.CompositeActor.fire(CompositeActor.java:455)
	at ptolemy.actor.Manager.iterate(Manager.java:851)
	at ptolemy.actor.Manager.execute(Manager.java:369)
	at ptolemy.actor.Manager.run(Manager.java:1263)
	at ptolemy.actor.Manager$PtolemyRunThread.run(Manager.java:1915)
Caused by: ptolemy.kernel.util.IllegalActionException: RTIG could not find FED file: MultiDataTypes.fed
  in .MultiDataTypesProducer.HlaManager
Because:
Module not found
	at org.hlacerti.lib.HlaManager.initialize(HlaManager.java:738)
	at ptolemy.actor.CompositeActor.initialize(CompositeActor.java:912)
	at ptolemy.actor.Manager.initialize(Manager.java:724)
	at ptolemy.actor.Manager.execute(Manager.java:356)
	at ptolemy.actor.lib.hoc.ModelReference.fire(ModelReference.java:586)
	... 8 more
Caused by: hla.rti.CouldNotOpenFED: Module not found serial:0
	at certi.rti.impl.CertiRtiAmbassador.translateException(Unknown Source)
	at certi.rti.impl.CertiRtiAmbassador.processRequest(Unknown Source)
	at certi.rti.impl.CertiRtiAmbassador.createFederationExecution(Unknown Source)
	at org.hlacerti.lib.HlaManager.initialize(HlaManager.java:719)
	... 12 more
ptolemy.kernel.util.IllegalActionException: RTIG could not find FED file: MultiDataTypes.fed
This federate expected to launch its own RTIG (launchRTIG is true)
but a pre-existing RTIG was found and we are trying to use that one.
That pre-existing RTIG cannot find this FED file.
Try killing the pre-existing RTIG so that a new one can start.
Alternatively, adjust the CERTI_FOM_PATH used by the RTIG.
  in .MultiDataTypesConsumer.HlaManager
Because:
Module not found
	at org.hlacerti.lib.HlaManager.initialize(HlaManager.java:738)
	at ptolemy.actor.CompositeActor.initialize(CompositeActor.java:912)
	at ptolemy.actor.Manager.initialize(Manager.java:724)
	at ptolemy.actor.Manager.execute(Manager.java:356)
	at ptolemy.actor.lib.hoc.ModelReference$1.run(ModelReference.java:626)
Caused by: hla.rti.CouldNotOpenFED: Module not found serial:0
	at certi.rti.impl.CertiRtiAmbassador.translateException(Unknown Source)
	at certi.rti.impl.CertiRtiAmbassador.processRequest(Unknown Source)
	at certi.rti.impl.CertiRtiAmbassador.createFederationExecution(Unknown Source)
	at org.hlacerti.lib.HlaManager.initialize(HlaManager.java:719)
	... 4 more
Caused by: hla.rti.CouldNotOpenFED: Module not found serial:0
	at certi.rti.impl.CertiRtiAmbassador.translateException(Unknown Source)
	at certi.rti.impl.CertiRtiAmbassador.processRequest(Unknown Source)
	at certi.rti.impl.CertiRtiAmbassador.createFederationExecution(Unknown Source)
	at org.hlacerti.lib.HlaManager.initialize(HlaManager.java:719)
	at ptolemy.actor.CompositeActor.initialize(CompositeActor.java:912)
	at ptolemy.actor.Manager.initialize(Manager.java:724)
	at ptolemy.actor.Manager.execute(Manager.java:356)
	at ptolemy.actor.lib.hoc.ModelReference$1.run(ModelReference.java:626)
java.lang.RuntimeException: ptolemy.kernel.util.IllegalActionException: RTIG could not find FED file: MultiDataTypes.fed
This federate expected to launch its own RTIG (launchRTIG is true)
but a pre-existing RTIG was found and we are trying to use that one.
That pre-existing RTIG cannot find this FED file.
Try killing the pre-existing RTIG so that a new one can start.
Alternatively, adjust the CERTI_FOM_PATH used by the RTIG.
  in .MultiDataTypesConsumer.HlaManager
Because:
Module not found
	at ptolemy.util.MessageHandler.error(MessageHandler.java:115)
	at ptolemy.actor.lib.hoc.ModelReference.executionError(ModelReference.java:450)
	at ptolemy.actor.Manager$ErrorReportingThread.run(Manager.java:1890)
Caused by: ptolemy.kernel.util.IllegalActionException: RTIG could not find FED file: MultiDataTypes.fed
This federate expected to launch its own RTIG (launchRTIG is true)
but a pre-existing RTIG was found and we are trying to use that one.
That pre-existing RTIG cannot find this FED file.
Try killing the pre-existing RTIG so that a new one can start.
Alternatively, adjust the CERTI_FOM_PATH used by the RTIG.
  in .MultiDataTypesConsumer.HlaManager
Because:
Module not found
	at org.hlacerti.lib.HlaManager.initialize(HlaManager.java:738)
	at ptolemy.actor.CompositeActor.initialize(CompositeActor.java:912)
	at ptolemy.actor.Manager.initialize(Manager.java:724)
	at ptolemy.actor.Manager.execute(Manager.java:356)
	at ptolemy.actor.lib.hoc.ModelReference$1.run(ModelReference.java:626)
Caused by: hla.rti.CouldNotOpenFED: Module not found serial:0
	at certi.rti.impl.CertiRtiAmbassador.translateException(Unknown Source)
	at certi.rti.impl.CertiRtiAmbassador.processRequest(Unknown Source)
	at certi.rti.impl.CertiRtiAmbassador.createFederationExecution(Unknown Source)
	at org.hlacerti.lib.HlaManager.initialize(HlaManager.java:719)
	... 4 more
java.lang.RuntimeException: Execution failed
	at ptolemy.moml.MoMLSimpleApplication$UnloadThread.run(MoMLSimpleApplication.java:402)
Caused by: ptolemy.kernel.util.IllegalActionException: Execution failed.
  in .MultiDataTypes.producer
Because:
RTIG could not find FED file: MultiDataTypes.fed
  in .MultiDataTypesProducer.HlaManager
Because:
Module not found
	at ptolemy.actor.lib.hoc.ModelReference.fire(ModelReference.java:588)
	at ptolemy.vergil.actor.lib.VisualModelReference.fire(VisualModelReference.java:414)
	at ptolemy.actor.AtomicActor.iterate(AtomicActor.java:512)
	at ptolemy.actor.Director.fire(Director.java:360)
	at ptolemy.actor.CompositeActor.fire(CompositeActor.java:455)
	at ptolemy.actor.Manager.iterate(Manager.java:851)
	at ptolemy.actor.Manager.execute(Manager.java:369)
	at ptolemy.actor.Manager.run(Manager.java:1263)
	at ptolemy.actor.Manager$PtolemyRunThread.run(Manager.java:1915)
Caused by: ptolemy.kernel.util.IllegalActionException: RTIG could not find FED file: MultiDataTypes.fed
  in .MultiDataTypesProducer.HlaManager
Because:
Module not found
	at org.hlacerti.lib.HlaManager.initialize(HlaManager.java:738)
	at ptolemy.actor.CompositeActor.initialize(CompositeActor.java:912)
	at ptolemy.actor.Manager.initialize(Manager.java:724)
	at ptolemy.actor.Manager.execute(Manager.java:356)
	at ptolemy.actor.lib.hoc.ModelReference.fire(ModelReference.java:586)
	... 8 more
Caused by: hla.rti.CouldNotOpenFED: Module not found serial:0
	at certi.rti.impl.CertiRtiAmbassador.translateException(Unknown Source)
	at certi.rti.impl.CertiRtiAmbassador.processRequest(Unknown Source)
	at certi.rti.impl.CertiRtiAmbassador.createFederationExecution(Unknown Source)
	at org.hlacerti.lib.HlaManager.initialize(HlaManager.java:719)
	... 12 more
java.lang.reflect.InvocationTargetException
	at sun.reflect.NativeConstructorAccessorImpl.newInstance0(Native Method)
	at sun.reflect.NativeConstructorAccessorImpl.newInstance(NativeConstructorAccessorImpl.java:62)
	at sun.reflect.DelegatingConstructorAccessorImpl.newInstance(DelegatingConstructorAccessorImpl.java:45)
	at java.lang.reflect.Constructor.newInstance(Constructor.java:423)
	at ptolemy.util.test.junit.AutoKnownFailedTests.RunModel(AutoKnownFailedTests.java:105)
	at sun.reflect.NativeMethodAccessorImpl.invoke0(Native Method)
	at sun.reflect.NativeMethodAccessorImpl.invoke(NativeMethodAccessorImpl.java:62)
	at sun.reflect.DelegatingMethodAccessorImpl.invoke(DelegatingMethodAccessorImpl.java:43)
	at java.lang.reflect.Method.invoke(Method.java:498)
	at org.junit.runners.model.FrameworkMethod$1.runReflectiveCall(FrameworkMethod.java:44)
	at org.junit.internal.runners.model.ReflectiveCallable.run(ReflectiveCallable.java:15)
	at org.junit.runners.model.FrameworkMethod.invokeExplosively(FrameworkMethod.java:41)
	at junitparams.internal.InvokeParameterisedMethod.evaluate(InvokeParameterisedMethod.java:102)
	at org.junit.internal.runners.statements.FailOnTimeout$1.run(FailOnTimeout.java:28)
Caused by: ptolemy.kernel.util.IllegalActionException: Execution failed.
  in .MultiDataTypes.producer
Because:
RTIG could not find FED file: MultiDataTypes.fed
  in .MultiDataTypesProducer.HlaManager
Because:
Module not found
	at ptolemy.actor.lib.hoc.ModelReference.fire(ModelReference.java:588)
	at ptolemy.vergil.actor.lib.VisualModelReference.fire(VisualModelReference.java:414)
	at ptolemy.actor.AtomicActor.iterate(AtomicActor.java:512)
	at ptolemy.actor.Director.fire(Director.java:360)
	at ptolemy.actor.CompositeActor.fire(CompositeActor.java:455)
	at ptolemy.actor.Manager.iterate(Manager.java:851)
	at ptolemy.actor.Manager.execute(Manager.java:369)
	at ptolemy.actor.Manager.run(Manager.java:1263)
	at ptolemy.actor.Manager$PtolemyRunThread.run(Manager.java:1915)
Caused by: ptolemy.kernel.util.IllegalActionException: RTIG could not find FED file: MultiDataTypes.fed
  in .MultiDataTypesProducer.HlaManager
Because:
Module not found
	at org.hlacerti.lib.HlaManager.initialize(HlaManager.java:738)
	at ptolemy.actor.CompositeActor.initialize(CompositeActor.java:912)
	at ptolemy.actor.Manager.initialize(Manager.java:724)
	at ptolemy.actor.Manager.execute(Manager.java:356)
	at ptolemy.actor.lib.hoc.ModelReference.fire(ModelReference.java:586)
	... 8 more
Caused by: hla.rti.CouldNotOpenFED: Module not found serial:0
	at certi.rti.impl.CertiRtiAmbassador.translateException(Unknown Source)
	at certi.rti.impl.CertiRtiAmbassador.processRequest(Unknown Source)
	at certi.rti.impl.CertiRtiAmbassador.createFederationExecution(Unknown Source)
	at org.hlacerti.lib.HlaManager.initialize(HlaManager.java:719)
	... 12 more
]]></system-err>
</testsuite>
