<?xml version="1.0" encoding="UTF-8" ?>
<testsuite errors="0" failures="1" hostname="travis-job-4ec69716-05c4-4bfe-a563-1a5a7c63c604" name="ptolemy.cg.kernel.generic.accessor.test.junit.JUnitTclTest" skipped="0" tests="9" time="164.79" timestamp="2021-07-14T14:26:03">
  <properties>
[...]
</properties>
  <testcase classname="ptolemy.util.test.junit.TclTests" name="[0] /home/travis/build/icyphy/ptII/ptolemy/cg/kernel/generic/accessor/test/AccessorSSHCodeGenerator.tcl (RunTclFile)" time="0.902">
    <failure message="Number of failed tests is has increased. expected:&lt;0&gt; but was:&lt;1&gt;" type="junit.framework.AssertionFailedError">junit.framework.AssertionFailedError: Number of failed tests is has increased. expected:&lt;0&gt; but was:&lt;1&gt;
	at ptolemy.util.test.junit.TclTests.RunTclFile(TclTests.java:286)
	at java.base/jdk.internal.reflect.NativeMethodAccessorImpl.invoke0(Native Method)
	at java.base/jdk.internal.reflect.NativeMethodAccessorImpl.invoke(NativeMethodAccessorImpl.java:62)
	at java.base/jdk.internal.reflect.DelegatingMethodAccessorImpl.invoke(DelegatingMethodAccessorImpl.java:43)
	at junitparams.internal.InvokeParameterisedMethod.evaluate(InvokeParameterisedMethod.java:102)
	at junitparams.internal.ParameterisedTestMethodRunner.runMethodInvoker(ParameterisedTestMethodRunner.java:47)
	at junitparams.internal.ParameterisedTestMethodRunner.runTestMethod(ParameterisedTestMethodRunner.java:41)
	at junitparams.internal.ParameterisedTestClassRunner.runParameterisedTest(ParameterisedTestClassRunner.java:143)
	at junitparams.JUnitParamsRunner.runChild(JUnitParamsRunner.java:237)
	at junitparams.JUnitParamsRunner.runChild(JUnitParamsRunner.java:215)
</failure>
  </testcase>
  <testcase classname="ptolemy.util.test.junit.AutoKnownFailedTests" name="[0] ThereAreNoKnowFailedTests (RunModel)" time="0.002" />
  <testcase classname="ptolemy.util.test.junit.AutoNameArchTests" name="[0] ThereAreNoAutoArchTests (RunModel)" time="0.005" />
  <testcase classname="ptolemy.util.test.junit.AutoTests" name="[0] /home/travis/build/icyphy/ptII/ptolemy/cg/kernel/generic/accessor/test/auto/AccessorStatusTest.xml (RunModel)" time="60.175" />
  <testcase classname="ptolemy.util.test.junit.AutoTests" name="[1] /home/travis/build/icyphy/ptII/ptolemy/cg/kernel/generic/accessor/test/auto/RampJSDisplay.xml (RunModel)" time="18.716" />
  <testcase classname="ptolemy.util.test.junit.AutoTests" name="[2] /home/travis/build/icyphy/ptII/ptolemy/cg/kernel/generic/accessor/test/auto/RampJSInspect.xml (RunModel)" time="27.19" />
  <testcase classname="ptolemy.util.test.junit.AutoTests" name="[3] /home/travis/build/icyphy/ptII/ptolemy/cg/kernel/generic/accessor/test/auto/RampJSTest.xml (RunModel)" time="20.693" />
  <testcase classname="ptolemy.util.test.junit.AutoTests" name="[4] /home/travis/build/icyphy/ptII/ptolemy/cg/kernel/generic/accessor/test/auto/RampJSTextDisplay.xml (RunModel)" time="28.108" />
  <testcase classname="ptolemy.util.test.junit.AutoTests" name="[5] /home/travis/build/icyphy/ptII/ptolemy/cg/kernel/generic/accessor/test/auto/TestComposite.xml (RunModel)" time="8.569" />
  <system-out><![CDATA[/home/travis/build/icyphy/ptII/ptolemy/cg/kernel/generic/accessor/test/AccessorSSHCodeGenerator.tcl
testDefs.tcl: setting time out to 9000 seconds at Wed Jul 14 14:26:03 UTC 2021
JSAccessor: found node
RunnableCodeGenerator: run command: (cd /home/travis/build/icyphy/ptII/org/terraswarm/accessor/accessors/web/cg; /home/travis/build/icyphy/ptII/ptolemy/cg/kernel/generic/accessor/accessorInvokeSSH localhost /home/travis/build/icyphy/ptII/org/terraswarm/accessor/accessors/web/cg/top.js   npmInstall  )
In "/home/travis/build/icyphy/ptII/org/terraswarm/accessor/accessors/web/cg", about to execute:
    /home/travis/build/icyphy/ptII/ptolemy/cg/kernel/generic/accessor/accessorInvok
eSSH localhost
/home/travis/build/icyphy/ptII/org/terraswarm/accessor/accessors/web/cg/top.js
npmInstall
/home/travis/build/icyphy/ptII/ptolemy/cg/kernel/generic/accessor/accessorInvokeSSH: Note that the timeout defaults to 15000
### accessorInvokeSSH: Creating cg/node_modules and cg/top on localhost
### accessorInvokeSSH: Running npm install @terraswarm/accessors pm2 
### accessorInvokeSSH:   Ignore messages like: 'npm WARN enoent ENOENT: no such file or directory, open cg/top/package.json'
/home/travis/pthla/certi-tools/share/scripts:/home/travis/.rvm/gems/ruby-2.5.3/bin:/home/travis/.rvm/gems/ruby-2.5.3@global/bin:/home/travis/.rvm/rubies/ruby-2.5.3/bin:/home/travis/.rvm/bin:./node_modules/.bin:/home/travis/build/icyphy/ptII/bin:/home/travis/pthla/certi-tools/bin:/home/travis/bin:/home/travis/.local/bin:/usr/local/lib/jvm/openjdk11/bin:/opt/pyenv/shims:/home/travis/.phpenv/shims:/home/travis/perl5/perlbrew/bin:/home/travis/.nvm/versions/node/v7.10.1/bin:/home/travis/gopath/bin:/home/travis/.gimme/versions/go1.11.1.linux.amd64/bin:/usr/local/maven-3.6.3/bin:/usr/local/cmake-3.12.4/bin:/usr/local/clang-7.0.0/bin:/usr/local/sbin:/usr/local/bin:/usr/sbin:/usr/bin:/sbin:/bin:/snap/bin:/home/travis/.phpenv/bin:/opt/pyenv/bin:/home/travis/.yarn/bin
/usr/local/bin/npm
/usr/local/bin/npm: $PTII must be set.
All Done


==== $PTII/ptolemy/cg/kernel/generic/accessor/test/AccessorSSHCodeGenerator.tcl: AccessorSSHCodeGenerator-5.1 generateCode(StringBuffer)
==== Contents of test case:

    set stringBuffer [java::new StringBuffer]
    set generatorUserHostParameter [java::cast  ptolemy.data.expr.StringParameter [$codeGenerator getAttribute userHost]]
    $generatorUserHostParameter setExpression localhost
    set result [$codeGenerator {generateCode StringBuffer} $stringBuffer]
    list $result [string range [$stringBuffer toString] 0 120]

==== Result was:
3 exports.setup\ =\ function\ ()\ \{\n\ \ \ \ //\ \ This\ composite\ accessor\ was\ created\ by\ Cape\ Code.\n\ \ \ \ //\ \ To\ run\ the\ code,\ run:\ \n\ \ 
---- Result should have been:
0 exports.setup\ =\ function\ ()\ \{\n\ \ \ \ //\ \ This\ composite\ accessor\ was\ created\ by\ Cape\ Code.\n\ \ \ \ //\ \ To\ run\ the\ code,\ run:\ \n\ \ 
---- AccessorSSHCodeGenerator-5.1 FAILED
07/14/21 02:26:04
Failed: 1  Total Tests: 2  ((Passed: 1, Newly Passed: 0)  Known Failed: 0) /home/travis/build/icyphy/ptII/ptolemy/cg/kernel/generic/accessor/test
No auto/knownFailedTests/*.xml tests in /home/travis/build/icyphy/ptII/ptolemy/cg/kernel/generic/accessor/test
No auto/linux-amd64/*.xml tests in /home/travis/build/icyphy/ptII/ptolemy/cg/kernel/generic/accessor/test
AutoTests.java: About to close Vertx.
AutoTests.java: Vertx closed.

===========================================================================================
----------------- testing Wed Jul 14 14:26:04 UTC 2021 /home/travis/build/icyphy/ptII/ptolemy/cg/kernel/generic/accessor/test/auto/AccessorStatusTest.xml
----------------- Instantiating /home/travis/build/icyphy/ptII/ptolemy/cg/kernel/generic/accessor/test/auto/AccessorStatusTest.xml
JSAccessor: PT_NO_NET environment variable is set, so git pull and ptdoc are not being run.
preinitialize() finished: 15030 ms. Memory: 771072K Free: 186878K (24%)
Manager.initialize() finished: 24759 ms. Memory: 902144K Free: 605184K (67%)
TextDisplayHelper: [ { utilization: 0,
    startMonitoringTime: 1626272811447,
    initialize: { count: 0, utilization: 0, latestStart: 0, latestEnd: 0 },
    react: { count: 0, utilization: 0, latestStart: 0, latestEnd: 0 },
    wrapup: { count: 0, utilization: 0, latestStart: 0, latestEnd: 0 },
    accessorName: 'monitor',
    currentMonitoringTime: 1626272812567,
    containedAccessors: [] },
  { utilization: 0.007326007326007326,
    startMonitoringTime: 1626272811496,
    initialize: { count: 0, utilization: 0, latestStart: 0, latestEnd: 0 },
    react: 
     { count: 1,
       utilization: 0.007326007326007326,
       latestStart: 1626272812480,
       latestEnd: 1626272812488 },
    wrapup: { count: 0, utilization: 0, latestStart: 0, latestEnd: 0 },
    accessorName: 'TestSpontaneous2',
    currentMonitoringTime: 1626272812588,
    containedAccessors: [] },
  { utilization: 0,
    startMonitoringTime: 1626272811536,
    initialize: { count: 0, utilization: 0, latestStart: 0, latestEnd: 0 },
    react: { count: 0, utilization: 0, latestStart: 0, latestEnd: 0 },
    wrapup: { count: 0, utilization: 0, latestStart: 0, latestEnd: 0 },
    accessorName: 'TextDisplay',
    currentMonitoringTime: 1626272812614,
    containedAccessors: [] },
  { utilization: 0.007462686567164179,
    startMonitoringTime: 1626272811566,
    initialize: { count: 0, utilization: 0, latestStart: 0, latestEnd: 0 },
    react: 
     { count: 1,
       utilization: 0.007462686567164179,
       latestStart: 1626272812534,
       latestEnd: 1626272812542 },
    wrapup: { count: 0, utilization: 0, latestStart: 0, latestEnd: 0 },
    accessorName: 'TestSpontaneous',
    currentMonitoringTime: 1626272812638,
    containedAccessors: [] },
  { utilization: 0,
    startMonitoringTime: 1626272811603,
    initialize: { count: 0, utilization: 0, latestStart: 0, latestEnd: 0 },
    react: { count: 0, utilization: 0, latestStart: 0, latestEnd: 0 },
    wrapup: { count: 0, utilization: 0, latestStart: 0, latestEnd: 0 },
    accessorName: 'JavaScriptRamp',
    currentMonitoringTime: 1626272812661,
    containedAccessors: [] },
  { utilization: 0.01727447216890595,
    startMonitoringTime: 1626272811641,
    initialize: { count: 0, utilization: 0, latestStart: 0, latestEnd: 0 },
    react: 
     { count: 1,
       utilization: 0.01727447216890595,
       latestStart: 1626272811722,
       latestEnd: 1626272811740 },
    wrapup: { count: 0, utilization: 0, latestStart: 0, latestEnd: 0 },
    accessorName: 'AccessorStatus',
    currentMonitoringTime: 1626272812683,
    containedAccessors: [] },
  { utilization: 0,
    startMonitoringTime: 1626272811680,
    initialize: { count: 0, utilization: 0, latestStart: 0, latestEnd: 0 },
    react: { count: 0, utilization: 0, latestStart: 0, latestEnd: 0 },
    wrapup: { count: 0, utilization: 0, latestStart: 0, latestEnd: 0 },
    accessorName: 'status',
    currentMonitoringTime: 1626272812704,
    containedAccessors: [] } ]
TextDisplayHelper: [ { accessorClass: 'https://accessors.org/utilities/TextDisplay.js',
    accessorName: 'monitor',
    initialized: true },
  { accessorClass: 'https://accessors.org/test/TestSpontaneous.js',
    accessorName: 'TestSpontaneous2',
    initialized: true },
  { accessorClass: 'https://accessors.org/utilities/TextDisplay.js',
    accessorName: 'TextDisplay',
    initialized: true },
  { accessorClass: 'https://accessors.org/test/TestSpontaneous.js',
    accessorName: 'TestSpontaneous',
    initialized: true },
  { accessorClass: 'JavaScript',
    accessorName: 'JavaScriptRamp',
    initialized: true },
  { accessorClass: 'https://accessors.org/trusted/AccessorStatus.js',
    accessorName: 'AccessorStatus',
    initialized: true },
  { accessorClass: 'https://accessors.org/utilities/TextDisplay.js',
    accessorName: 'status',
    initialized: true } ]
TextDisplayHelper: 1
TextDisplayHelper: [ { utilization: 0.20540129326740206,
    startMonitoringTime: 1626272811447,
    initialize: { count: 0, utilization: 0, latestStart: 0, latestEnd: 0 },
    react: 
     { count: 1,
       utilization: 0.20540129326740206,
       latestStart: 1626272812985,
       latestEnd: 1626272813525 },
    wrapup: { count: 0, utilization: 0, latestStart: 0, latestEnd: 0 },
    accessorName: 'monitor',
    currentMonitoringTime: 1626272814076,
    containedAccessors: [] },
  { utilization: 0.0031969834754057487,
    startMonitoringTime: 1626272811496,
    initialize: { count: 0, utilization: 0, latestStart: 0, latestEnd: 0 },
    react: 
     { count: 2,
       utilization: 0.0031969834754057487,
       latestStart: 1626272814063,
       latestEnd: 1626272814064 },
    wrapup: { count: 0, utilization: 0, latestStart: 0, latestEnd: 0 },
    accessorName: 'TestSpontaneous2',
    currentMonitoringTime: 1626272814082,
    containedAccessors: [] },
  { utilization: 0.049843014128728415,
    startMonitoringTime: 1626272811536,
    initialize: { count: 0, utilization: 0, latestStart: 0, latestEnd: 0 },
    react: 
     { count: 1,
       utilization: 0.049843014128728415,
       latestStart: 1626272813922,
       latestEnd: 1626272814049 },
    wrapup: { count: 0, utilization: 0, latestStart: 0, latestEnd: 0 },
    accessorName: 'TextDisplay',
    currentMonitoringTime: 1626272814084,
    containedAccessors: [] },
  { utilization: 0.003279327826426064,
    startMonitoringTime: 1626272811566,
    initialize: { count: 0, utilization: 0, latestStart: 0, latestEnd: 0 },
    react: 
     { count: 2,
       utilization: 0.003279327826426064,
       latestStart: 1626272814071,
       latestEnd: 1626272814072 },
    wrapup: { count: 0, utilization: 0, latestStart: 0, latestEnd: 0 },
    accessorName: 'TestSpontaneous',
    currentMonitoringTime: 1626272814092,
    containedAccessors: [] },
  { utilization: 0.020875150541951024,
    startMonitoringTime: 1626272811603,
    initialize: { count: 0, utilization: 0, latestStart: 0, latestEnd: 0 },
    react: 
     { count: 1,
       utilization: 0.020875150541951024,
       latestStart: 1626272812907,
       latestEnd: 1626272812959 },
    wrapup: { count: 0, utilization: 0, latestStart: 0, latestEnd: 0 },
    accessorName: 'JavaScriptRamp',
    currentMonitoringTime: 1626272814094,
    containedAccessors: [] },
  { utilization: 0.04297161493687873,
    startMonitoringTime: 1626272811641,
    initialize: { count: 0, utilization: 0, latestStart: 0, latestEnd: 0 },
    react: 
     { count: 2,
       utilization: 0.04297161493687873,
       latestStart: 1626272812785,
       latestEnd: 1626272812889 },
    wrapup: { count: 0, utilization: 0, latestStart: 0, latestEnd: 0 },
    accessorName: 'AccessorStatus',
    currentMonitoringTime: 1626272814101,
    containedAccessors: [] },
  { utilization: 0.11597193561700371,
    startMonitoringTime: 1626272811680,
    initialize: { count: 0, utilization: 0, latestStart: 0, latestEnd: 0 },
    react: 
     { count: 1,
       utilization: 0.11597193561700371,
       latestStart: 1626272813617,
       latestEnd: 1626272813898 },
    wrapup: { count: 0, utilization: 0, latestStart: 0, latestEnd: 0 },
    accessorName: 'status',
    currentMonitoringTime: 1626272814103,
    containedAccessors: [] } ]
TextDisplayHelper: [ { accessorClass: 'https://accessors.org/utilities/TextDisplay.js',
    accessorName: 'monitor',
    initialized: true },
  { accessorClass: 'https://accessors.org/test/TestSpontaneous.js',
    accessorName: 'TestSpontaneous2',
    initialized: true },
  { accessorClass: 'https://accessors.org/utilities/TextDisplay.js',
    accessorName: 'TextDisplay',
    initialized: true },
  { accessorClass: 'https://accessors.org/test/TestSpontaneous.js',
    accessorName: 'TestSpontaneous',
    initialized: true },
  { accessorClass: 'JavaScript',
    accessorName: 'JavaScriptRamp',
    initialized: true },
  { accessorClass: 'https://accessors.org/trusted/AccessorStatus.js',
    accessorName: 'AccessorStatus',
    initialized: true },
  { accessorClass: 'https://accessors.org/utilities/TextDisplay.js',
    accessorName: 'status',
    initialized: true } ]
TextDisplayHelper: 2
TextDisplayHelper: [ { utilization: 0.16470600248646358,
    startMonitoringTime: 1626272811447,
    initialize: { count: 0, utilization: 0, latestStart: 0, latestEnd: 0 },
    react: 
     { count: 2,
       utilization: 0.16470600248646358,
       latestStart: 1626272814137,
       latestEnd: 1626272814201 },
    wrapup: { count: 0, utilization: 0, latestStart: 0, latestEnd: 0 },
    accessorName: 'monitor',
    currentMonitoringTime: 1626272814427,
    containedAccessors: [] },
  { utilization: 0.002805828286002038,
    startMonitoringTime: 1626272811496,
    initialize: { count: 0, utilization: 0, latestStart: 0, latestEnd: 0 },
    react: 
     { count: 3,
       utilization: 0.002805828286002038,
       latestStart: 1626272814422,
       latestEnd: 1626272814422 },
    wrapup: { count: 0, utilization: 0, latestStart: 0, latestEnd: 0 },
    accessorName: 'TestSpontaneous2',
    currentMonitoringTime: 1626272814428,
    containedAccessors: [] },
  { utilization: 0.04665591393773526,
    startMonitoringTime: 1626272811536,
    initialize: { count: 0, utilization: 0, latestStart: 0, latestEnd: 0 },
    react: 
     { count: 2,
       utilization: 0.04665591393773526,
       latestStart: 1626272814239,
       latestEnd: 1626272814249 },
    wrapup: { count: 0, utilization: 0, latestStart: 0, latestEnd: 0 },
    accessorName: 'TextDisplay',
    currentMonitoringTime: 1626272814435,
    containedAccessors: [] },
  { utilization: 0.003210726413453053,
    startMonitoringTime: 1626272811566,
    initialize: { count: 0, utilization: 0, latestStart: 0, latestEnd: 0 },
    react: 
     { count: 3,
       utilization: 0.003210726413453053,
       latestStart: 1626272814424,
       latestEnd: 1626272814425 },
    wrapup: { count: 0, utilization: 0, latestStart: 0, latestEnd: 0 },
    accessorName: 'TestSpontaneous',
    currentMonitoringTime: 1626272814437,
    containedAccessors: [] },
  { utilization: 0.011042929148107792,
    startMonitoringTime: 1626272811603,
    initialize: { count: 0, utilization: 0, latestStart: 0, latestEnd: 0 },
    react: 
     { count: 2,
       utilization: 0.011042929148107792,
       latestStart: 1626272814129,
       latestEnd: 1626272814132 },
    wrapup: { count: 0, utilization: 0, latestStart: 0, latestEnd: 0 },
    accessorName: 'JavaScriptRamp',
    currentMonitoringTime: 1626272814438,
    containedAccessors: [] },
  { utilization: 0.022010205514723092,
    startMonitoringTime: 1626272811641,
    initialize: { count: 0, utilization: 0, latestStart: 0, latestEnd: 0 },
    react: 
     { count: 3,
       utilization: 0.022010205514723092,
       latestStart: 1626272814118,
       latestEnd: 1626272814126 },
    wrapup: { count: 0, utilization: 0, latestStart: 0, latestEnd: 0 },
    accessorName: 'AccessorStatus',
    currentMonitoringTime: 1626272814441,
    containedAccessors: [] },
  { utilization: 0.10221867192992184,
    startMonitoringTime: 1626272811680,
    initialize: { count: 0, utilization: 0, latestStart: 0, latestEnd: 0 },
    react: 
     { count: 2,
       utilization: 0.10221867192992184,
       latestStart: 1626272814208,
       latestEnd: 1626272814233 },
    wrapup: { count: 0, utilization: 0, latestStart: 0, latestEnd: 0 },
    accessorName: 'status',
    currentMonitoringTime: 1626272814441,
    containedAccessors: [] } ]
TextDisplayHelper: [ { accessorClass: 'https://accessors.org/utilities/TextDisplay.js',
    accessorName: 'monitor',
    initialized: true },
  { accessorClass: 'https://accessors.org/test/TestSpontaneous.js',
    accessorName: 'TestSpontaneous2',
    initialized: true },
  { accessorClass: 'https://accessors.org/utilities/TextDisplay.js',
    accessorName: 'TextDisplay',
    initialized: true },
  { accessorClass: 'https://accessors.org/test/TestSpontaneous.js',
    accessorName: 'TestSpontaneous',
    initialized: true },
  { accessorClass: 'JavaScript',
    accessorName: 'JavaScriptRamp',
    initialized: true },
  { accessorClass: 'https://accessors.org/trusted/AccessorStatus.js',
    accessorName: 'AccessorStatus',
    initialized: true },
  { accessorClass: 'https://accessors.org/utilities/TextDisplay.js',
    accessorName: 'status',
    initialized: true } ]
TextDisplayHelper: 3
TextDisplayHelper: [ { utilization: 0.12813686971277868,
    startMonitoringTime: 1626272811447,
    initialize: { count: 0, utilization: 0, latestStart: 0, latestEnd: 0 },
    react: 
     { count: 3,
       utilization: 0.12813686971277868,
       latestStart: 1626272814471,
       latestEnd: 1626272814527 },
    wrapup: { count: 0, utilization: 0, latestStart: 0, latestEnd: 0 },
    accessorName: 'monitor',
    currentMonitoringTime: 1626272815424,
    containedAccessors: [] },
  { utilization: 0.002091149659918992,
    startMonitoringTime: 1626272811496,
    initialize: { count: 0, utilization: 0, latestStart: 0, latestEnd: 0 },
    react: 
     { count: 4,
       utilization: 0.002091149659918992,
       latestStart: 1626272815422,
       latestEnd: 1626272815422 },
    wrapup: { count: 0, utilization: 0, latestStart: 0, latestEnd: 0 },
    accessorName: 'TestSpontaneous2',
    currentMonitoringTime: 1626272815424,
    containedAccessors: [] },
  { utilization: 0.03279627108305289,
    startMonitoringTime: 1626272811536,
    initialize: { count: 0, utilization: 0, latestStart: 0, latestEnd: 0 },
    react: 
     { count: 3,
       utilization: 0.03279627108305289,
       latestStart: 1626272814546,
       latestEnd: 1626272814547 },
    wrapup: { count: 0, utilization: 0, latestStart: 0, latestEnd: 0 },
    accessorName: 'TextDisplay',
    currentMonitoringTime: 1626272815426,
    containedAccessors: [] },
  { utilization: 0.0023799499134203473,
    startMonitoringTime: 1626272811566,
    initialize: { count: 0, utilization: 0, latestStart: 0, latestEnd: 0 },
    react: 
     { count: 4,
       utilization: 0.0023799499134203473,
       latestStart: 1626272815423,
       latestEnd: 1626272815423 },
    wrapup: { count: 0, utilization: 0, latestStart: 0, latestEnd: 0 },
    accessorName: 'TestSpontaneous',
    currentMonitoringTime: 1626272815426,
    containedAccessors: [] },
  { utilization: 0.007554862317985011,
    startMonitoringTime: 1626272811603,
    initialize: { count: 0, utilization: 0, latestStart: 0, latestEnd: 0 },
    react: 
     { count: 3,
       utilization: 0.007554862317985011,
       latestStart: 1626272814469,
       latestEnd: 1626272814470 },
    wrapup: { count: 0, utilization: 0, latestStart: 0, latestEnd: 0 },
    accessorName: 'JavaScriptRamp',
    currentMonitoringTime: 1626272815432,
    containedAccessors: [] },
  { utilization: 0.017329295886068817,
    startMonitoringTime: 1626272811641,
    initialize: { count: 0, utilization: 0, latestStart: 0, latestEnd: 0 },
    react: 
     { count: 4,
       utilization: 0.017329295886068817,
       latestStart: 1626272814457,
       latestEnd: 1626272814468 },
    wrapup: { count: 0, utilization: 0, latestStart: 0, latestEnd: 0 },
    accessorName: 'AccessorStatus',
    currentMonitoringTime: 1626272815432,
    containedAccessors: [] },
  { utilization: 0.0735512445194804,
    startMonitoringTime: 1626272811680,
    initialize: { count: 0, utilization: 0, latestStart: 0, latestEnd: 0 },
    react: 
     { count: 3,
       utilization: 0.0735512445194804,
       latestStart: 1626272814529,
       latestEnd: 1626272814544 },
    wrapup: { count: 0, utilization: 0, latestStart: 0, latestEnd: 0 },
    accessorName: 'status',
    currentMonitoringTime: 1626272815432,
    containedAccessors: [] } ]
TextDisplayHelper: [ { accessorClass: 'https://accessors.org/utilities/TextDisplay.js',
    accessorName: 'monitor',
    initialized: true },
  { accessorClass: 'https://accessors.org/test/TestSpontaneous.js',
    accessorName: 'TestSpontaneous2',
    initialized: true },
  { accessorClass: 'https://accessors.org/utilities/TextDisplay.js',
    accessorName: 'TextDisplay',
    initialized: true },
  { accessorClass: 'https://accessors.org/test/TestSpontaneous.js',
    accessorName: 'TestSpontaneous',
    initialized: true },
  { accessorClass: 'JavaScript',
    accessorName: 'JavaScriptRamp',
    initialized: true },
  { accessorClass: 'https://accessors.org/trusted/AccessorStatus.js',
    accessorName: 'AccessorStatus',
    initialized: true },
  { accessorClass: 'https://accessors.org/utilities/TextDisplay.js',
    accessorName: 'status',
    initialized: true } ]
TextDisplayHelper: 4
TextDisplayHelper: [ { utilization: 0.09095068489358214,
    startMonitoringTime: 1626272811447,
    initialize: { count: 0, utilization: 0, latestStart: 0, latestEnd: 0 },
    react: 
     { count: 4,
       utilization: 0.09095068489358214,
       latestStart: 1626272815443,
       latestEnd: 1626272815501 },
    wrapup: { count: 0, utilization: 0, latestStart: 0, latestEnd: 0 },
    accessorName: 'monitor',
    currentMonitoringTime: 1626272816424,
    containedAccessors: [] },
  { utilization: 0.0016666369396755912,
    startMonitoringTime: 1626272811496,
    initialize: { count: 0, utilization: 0, latestStart: 0, latestEnd: 0 },
    react: 
     { count: 5,
       utilization: 0.0016666369396755912,
       latestStart: 1626272816422,
       latestEnd: 1626272816422 },
    wrapup: { count: 0, utilization: 0, latestStart: 0, latestEnd: 0 },
    accessorName: 'TestSpontaneous2',
    currentMonitoringTime: 1626272816424,
    containedAccessors: [] },
  { utilization: 0.020407031962166994,
    startMonitoringTime: 1626272811536,
    initialize: { count: 0, utilization: 0, latestStart: 0, latestEnd: 0 },
    react: 
     { count: 4,
       utilization: 0.020407031962166994,
       latestStart: 1626272815523,
       latestEnd: 1626272815524 },
    wrapup: { count: 0, utilization: 0, latestStart: 0, latestEnd: 0 },
    accessorName: 'TextDisplay',
    currentMonitoringTime: 1626272816424,
    containedAccessors: [] },
  { utilization: 0.0018899458134779244,
    startMonitoringTime: 1626272811566,
    initialize: { count: 0, utilization: 0, latestStart: 0, latestEnd: 0 },
    react: 
     { count: 5,
       utilization: 0.0018899458134779244,
       latestStart: 1626272816423,
       latestEnd: 1626272816423 },
    wrapup: { count: 0, utilization: 0, latestStart: 0, latestEnd: 0 },
    accessorName: 'TestSpontaneous',
    currentMonitoringTime: 1626272816425,
    containedAccessors: [] },
  { utilization: 0.004698277061095382,
    startMonitoringTime: 1626272811603,
    initialize: { count: 0, utilization: 0, latestStart: 0, latestEnd: 0 },
    react: 
     { count: 4,
       utilization: 0.004698277061095382,
       latestStart: 1626272815442,
       latestEnd: 1626272815443 },
    wrapup: { count: 0, utilization: 0, latestStart: 0, latestEnd: 0 },
    accessorName: 'JavaScriptRamp',
    currentMonitoringTime: 1626272816426,
    containedAccessors: [] },
  { utilization: 0.011074173347944942,
    startMonitoringTime: 1626272811641,
    initialize: { count: 0, utilization: 0, latestStart: 0, latestEnd: 0 },
    react: 
     { count: 5,
       utilization: 0.011074173347944942,
       latestStart: 1626272815437,
       latestEnd: 1626272815441 },
    wrapup: { count: 0, utilization: 0, latestStart: 0, latestEnd: 0 },
    accessorName: 'AccessorStatus',
    currentMonitoringTime: 1626272816426,
    containedAccessors: [] },
  { utilization: 0.047756166098565506,
    startMonitoringTime: 1626272811680,
    initialize: { count: 0, utilization: 0, latestStart: 0, latestEnd: 0 },
    react: 
     { count: 4,
       utilization: 0.047756166098565506,
       latestStart: 1626272815502,
       latestEnd: 1626272815518 },
    wrapup: { count: 0, utilization: 0, latestStart: 0, latestEnd: 0 },
    accessorName: 'status',
    currentMonitoringTime: 1626272816426,
    containedAccessors: [] } ]
TextDisplayHelper: [ { accessorClass: 'https://accessors.org/utilities/TextDisplay.js',
    accessorName: 'monitor',
    initialized: true },
  { accessorClass: 'https://accessors.org/test/TestSpontaneous.js',
    accessorName: 'TestSpontaneous2',
    initialized: true },
  { accessorClass: 'https://accessors.org/utilities/TextDisplay.js',
    accessorName: 'TextDisplay',
    initialized: true },
  { accessorClass: 'https://accessors.org/test/TestSpontaneous.js',
    accessorName: 'TestSpontaneous',
    initialized: true },
  { accessorClass: 'JavaScript',
    accessorName: 'JavaScriptRamp',
    initialized: true },
  { accessorClass: 'https://accessors.org/trusted/AccessorStatus.js',
    accessorName: 'AccessorStatus',
    initialized: true },
  { accessorClass: 'https://accessors.org/utilities/TextDisplay.js',
    accessorName: 'status',
    initialized: true } ]
TextDisplayHelper: 5
AccessorStatus: *** Final monitoring information: (Thread[AccessorStatusTest,1,main])
AccessorStatus: { utilization: 0.08090171172515986,
  startMonitoringTime: 1626272811447,
  initialize: { count: 0, utilization: 0, latestStart: 0, latestEnd: 0 },
  react: 
   { count: 5,
     utilization: 0.07773066154795412,
     latestStart: 1626272816434,
     latestEnd: 1626272816482 },
  wrapup: 
   { count: 2,
     utilization: 0.003171050177205745,
     latestStart: 1626272816509,
     latestEnd: 1626272816526 },
  accessorName: 'monitor',
  currentMonitoringTime: 1626272816808,
  containedAccessors: [] } (Thread[AccessorStatusTest,1,main])
AccessorStatus: { utilization: 0.003404256401013558,
  startMonitoringTime: 1626272811496,
  initialize: { count: 0, utilization: 0, latestStart: 0, latestEnd: 0 },
  react: 
   { count: 5,
     utilization: 0.0016666369396755912,
     latestStart: 1626272816422,
     latestEnd: 1626272816422 },
  wrapup: 
   { count: 2,
     utilization: 0.0017376194613379669,
     latestStart: 1626272816534,
     latestEnd: 1626272816544 },
  accessorName: 'TestSpontaneous2',
  currentMonitoringTime: 1626272817251,
  containedAccessors: [] } (Thread[AccessorStatusTest,1,main])
AccessorStatus: { utilization: 0.01850143364610817,
  startMonitoringTime: 1626272811536,
  initialize: { count: 0, utilization: 0, latestStart: 0, latestEnd: 0 },
  react: 
   { count: 5,
     utilization: 0.01432752060262991,
     latestStart: 1626272816504,
     latestEnd: 1626272816505 },
  wrapup: 
   { count: 2,
     utilization: 0.0041739130434782605,
     latestStart: 1626272816564,
     latestEnd: 1626272816588 },
  accessorName: 'TextDisplay',
  currentMonitoringTime: 1626272817286,
  containedAccessors: [] } (Thread[AccessorStatusTest,1,main])
AccessorStatus: { utilization: 0.004671103470352598,
  startMonitoringTime: 1626272811566,
  initialize: { count: 0, utilization: 0, latestStart: 0, latestEnd: 0 },
  react: 
   { count: 5,
     utilization: 0.0018899458134779244,
     latestStart: 1626272816423,
     latestEnd: 1626272816423 },
  wrapup: 
   { count: 2,
     utilization: 0.0027811576568746743,
     latestStart: 1626272816604,
     latestEnd: 1626272816620 },
  accessorName: 'TestSpontaneous',
  currentMonitoringTime: 1626272817319,
  containedAccessors: [] } (Thread[AccessorStatusTest,1,main])
AccessorStatus: { utilization: 0.006614742464720269,
  startMonitoringTime: 1626272811603,
  initialize: { count: 0, utilization: 0, latestStart: 0, latestEnd: 0 },
  react: 
   { count: 5,
     utilization: 0.0033109692078953693,
     latestStart: 1626272816433,
     latestEnd: 1626272816434 },
  wrapup: 
   { count: 2,
     utilization: 0.0033037732568249,
     latestStart: 1626272816630,
     latestEnd: 1626272816649 },
  accessorName: 'JavaScriptRamp',
  currentMonitoringTime: 1626272817354,
  containedAccessors: [] } (Thread[AccessorStatusTest,1,main])
AccessorStatus: { utilization: 0.11350423998645619,
  startMonitoringTime: 1626272811641,
  initialize: { count: 0, utilization: 0, latestStart: 0, latestEnd: 0 },
  react: 
   { count: 6,
     utilization: 0.007673082458170719,
     latestStart: 1626272816430,
     latestEnd: 1626272816432 },
  wrapup: 
   { count: 1,
     utilization: 0.10583115752828547,
     latestStart: 1626272816778,
     latestEnd: 0 },
  accessorName: 'AccessorStatus',
  currentMonitoringTime: 1626272817386,
  containedAccessors: [] } (Thread[AccessorStatusTest,1,main])
AccessorStatus: { utilization: 0.03535446356283381,
  startMonitoringTime: 1626272811680,
  initialize: { count: 0, utilization: 0, latestStart: 0, latestEnd: 0 },
  react: 
   { count: 5,
     utilization: 0.03535446356283381,
     latestStart: 1626272816483,
     latestEnd: 1626272816503 },
  wrapup: { count: 0, utilization: 0, latestStart: 0, latestEnd: 0 },
  accessorName: 'status',
  currentMonitoringTime: 1626272817430,
  containedAccessors: [] } (Thread[AccessorStatusTest,1,main])
30821 ms. Memory: 902144K Free: 607727K (67%)
----------------- Invoking toplevel() on ptolemy.moml.MoMLSimpleApplication@4835bc0
----------------- Done invoking toplevel() on ptolemy.moml.MoMLSimpleApplication@4835bc0
reloadAllAccessors: .AccessorStatusTest
This is the first time that the reloadAllAccessors method has been invoked in this JVM, so the the accessors repo will be checked out or updated and JSDoc invoked. Note that running the tests may end up invoking a new JVM for each directory, so the repo may be checked out or updated and JSDoc invoked more than once when the tests are run.
-------------- Reloaded accessors, but skipping rerun for now. Wed Jul 14 14:27:05 UTC 2021 /home/travis/build/icyphy/ptII/ptolemy/cg/kernel/generic/accessor/test/auto/AccessorStatusTest.xml

===========================================================================================
----------------- testing Wed Jul 14 14:27:05 UTC 2021 /home/travis/build/icyphy/ptII/ptolemy/cg/kernel/generic/accessor/test/auto/RampJSDisplay.xml
----------------- Instantiating /home/travis/build/icyphy/ptII/ptolemy/cg/kernel/generic/accessor/test/auto/RampJSDisplay.xml
TextDisplayHelper: 1
TextDisplayHelper: 2
TextDisplayHelper: 3
TextDisplayHelper: 4
TextDisplayHelper: 5
12018 ms. Memory: 902144K Free: 343359K (38%)
----------------- Invoking toplevel() on ptolemy.moml.MoMLSimpleApplication@3f220772
----------------- Done invoking toplevel() on ptolemy.moml.MoMLSimpleApplication@3f220772
reloadAllAccessors: .RampJSDisplay
-------------- Reloaded accessors, but skipping rerun for now. Wed Jul 14 14:27:23 UTC 2021 /home/travis/build/icyphy/ptII/ptolemy/cg/kernel/generic/accessor/test/auto/RampJSDisplay.xml

===========================================================================================
----------------- testing Wed Jul 14 14:27:23 UTC 2021 /home/travis/build/icyphy/ptII/ptolemy/cg/kernel/generic/accessor/test/auto/RampJSInspect.xml
----------------- Instantiating /home/travis/build/icyphy/ptII/ptolemy/cg/kernel/generic/accessor/test/auto/RampJSInspect.xml
Manager.initialize() finished: 12831 ms. Memory: 902144K Free: 626929K (69%)
16879 ms. Memory: 902144K Free: 536307K (59%)
----------------- Invoking toplevel() on ptolemy.moml.MoMLSimpleApplication@67bb1553
----------------- Done invoking toplevel() on ptolemy.moml.MoMLSimpleApplication@67bb1553
reloadAllAccessors: .RampJSInspect
-------------- Reloaded accessors, but skipping rerun for now. Wed Jul 14 14:27:51 UTC 2021 /home/travis/build/icyphy/ptII/ptolemy/cg/kernel/generic/accessor/test/auto/RampJSInspect.xml

===========================================================================================
----------------- testing Wed Jul 14 14:27:51 UTC 2021 /home/travis/build/icyphy/ptII/ptolemy/cg/kernel/generic/accessor/test/auto/RampJSTest.xml
----------------- Instantiating /home/travis/build/icyphy/ptII/ptolemy/cg/kernel/generic/accessor/test/auto/RampJSTest.xml
13016 ms. Memory: 997376K Free: 451072K (45%)
----------------- Invoking toplevel() on ptolemy.moml.MoMLSimpleApplication@79c7213f
----------------- Done invoking toplevel() on ptolemy.moml.MoMLSimpleApplication@79c7213f
reloadAllAccessors: .RampJSTest
-------------- Reloaded accessors, but skipping rerun for now. Wed Jul 14 14:28:11 UTC 2021 /home/travis/build/icyphy/ptII/ptolemy/cg/kernel/generic/accessor/test/auto/RampJSTest.xml

===========================================================================================
----------------- testing Wed Jul 14 14:28:11 UTC 2021 /home/travis/build/icyphy/ptII/ptolemy/cg/kernel/generic/accessor/test/auto/RampJSTextDisplay.xml
----------------- Instantiating /home/travis/build/icyphy/ptII/ptolemy/cg/kernel/generic/accessor/test/auto/RampJSTextDisplay.xml
Manager.initialize() finished: 12730 ms. Memory: 997376K Free: 645118K (65%)
TextDisplayHelper: 1
TextDisplayHelper: 2
TextDisplayHelper: 3
TextDisplayHelper: 4
TextDisplayHelper: 5
17773 ms. Memory: 997376K Free: 555520K (56%)
----------------- Invoking toplevel() on ptolemy.moml.MoMLSimpleApplication@35325cdd
----------------- Done invoking toplevel() on ptolemy.moml.MoMLSimpleApplication@35325cdd
reloadAllAccessors: .RampJSTextDisplay
-------------- Reloaded accessors, but skipping rerun for now. Wed Jul 14 14:28:39 UTC 2021 /home/travis/build/icyphy/ptII/ptolemy/cg/kernel/generic/accessor/test/auto/RampJSTextDisplay.xml

===========================================================================================
----------------- testing Wed Jul 14 14:28:39 UTC 2021 /home/travis/build/icyphy/ptII/ptolemy/cg/kernel/generic/accessor/test/auto/TestComposite.xml
----------------- Instantiating /home/travis/build/icyphy/ptII/ptolemy/cg/kernel/generic/accessor/test/auto/TestComposite.xml
4421 ms. Memory: 1089536K Free: 544766K (50%)
----------------- Invoking toplevel() on ptolemy.moml.MoMLSimpleApplication@56f15d98
----------------- Done invoking toplevel() on ptolemy.moml.MoMLSimpleApplication@56f15d98
reloadAllAccessors: .TestComposite
-------------- Reloaded accessors, but skipping rerun for now. Wed Jul 14 14:28:48 UTC 2021 /home/travis/build/icyphy/ptII/ptolemy/cg/kernel/generic/accessor/test/auto/TestComposite.xml
AutoTests.java: About to close Vertx.
AutoTests.java: Vertx closed.
]]></system-out>
  <system-err><![CDATA[Warning: Nashorn engine is planned to be removed from a future JDK release
Warning: Nashorn engine is planned to be removed from a future JDK release
Warning: Nashorn engine is planned to be removed from a future JDK release
Warning: Nashorn engine is planned to be removed from a future JDK release
Warning: Nashorn engine is planned to be removed from a future JDK release
Warning: Nashorn engine is planned to be removed from a future JDK release
Warning: Nashorn engine is planned to be removed from a future JDK release
Warning: Nashorn engine is planned to be removed from a future JDK release
Warning: Nashorn engine is planned to be removed from a future JDK release
Warning: Nashorn engine is planned to be removed from a future JDK release
Warning: Nashorn engine is planned to be removed from a future JDK release
Warning: Nashorn engine is planned to be removed from a future JDK release
Warning: Nashorn engine is planned to be removed from a future JDK release
Warning: Nashorn engine is planned to be removed from a future JDK release
Warning: Nashorn engine is planned to be removed from a future JDK release
Warning: Nashorn engine is planned to be removed from a future JDK release
Warning: Nashorn engine is planned to be removed from a future JDK release
Warning: Nashorn engine is planned to be removed from a future JDK release
Warning: Nashorn engine is planned to be removed from a future JDK release
Warning: Nashorn engine is planned to be removed from a future JDK release
Warning: Nashorn engine is planned to be removed from a future JDK release
Warning: Nashorn engine is planned to be removed from a future JDK release
Warning: Nashorn engine is planned to be removed from a future JDK release
Warning: Nashorn engine is planned to be removed from a future JDK release
Warning: Nashorn engine is planned to be removed from a future JDK release
Warning: Nashorn engine is planned to be removed from a future JDK release
Warning: Nashorn engine is planned to be removed from a future JDK release
Warning: Nashorn engine is planned to be removed from a future JDK release
Warning: Nashorn engine is planned to be removed from a future JDK release
Warning: Nashorn engine is planned to be removed from a future JDK release
Warning: Nashorn engine is planned to be removed from a future JDK release
Warning: Nashorn engine is planned to be removed from a future JDK release
Warning: Nashorn engine is planned to be removed from a future JDK release
Warning: Nashorn engine is planned to be removed from a future JDK release
Warning: Nashorn engine is planned to be removed from a future JDK release
Warning: Nashorn engine is planned to be removed from a future JDK release
Warning: Nashorn engine is planned to be removed from a future JDK release
Warning: Nashorn engine is planned to be removed from a future JDK release
Warning: Nashorn engine is planned to be removed from a future JDK release
Warning: Nashorn engine is planned to be removed from a future JDK release
Warning: Nashorn engine is planned to be removed from a future JDK release
Warning: Nashorn engine is planned to be removed from a future JDK release
Warning: Nashorn engine is planned to be removed from a future JDK release
Warning: Nashorn engine is planned to be removed from a future JDK release
Warning: Nashorn engine is planned to be removed from a future JDK release
Warning: Nashorn engine is planned to be removed from a future JDK release
Warning: Nashorn engine is planned to be removed from a future JDK release
Warning: Nashorn engine is planned to be removed from a future JDK release
Warning: Nashorn engine is planned to be removed from a future JDK release
Warning: Nashorn engine is planned to be removed from a future JDK release
Warning: Nashorn engine is planned to be removed from a future JDK release
Warning: Nashorn engine is planned to be removed from a future JDK release
Warning: Nashorn engine is planned to be removed from a future JDK release
Warning: Nashorn engine is planned to be removed from a future JDK release
Warning: Nashorn engine is planned to be removed from a future JDK release
Warning: Nashorn engine is planned to be removed from a future JDK release
WARNING: TestSpontaneous2: Model stopped before executing actions (e.g. producing outputs) scheduled for execution at times [6.0]
WARNING: TestSpontaneous: Model stopped before executing actions (e.g. producing outputs) scheduled for execution at times [6.0]
WARNING: AccessorStatus: Model stopped before executing actions (e.g. producing outputs) scheduled for execution at times [6.0]
Warning: Nashorn engine is planned to be removed from a future JDK release
Warning: Nashorn engine is planned to be removed from a future JDK release
Warning: Nashorn engine is planned to be removed from a future JDK release
Warning: Nashorn engine is planned to be removed from a future JDK release
Warning: Nashorn engine is planned to be removed from a future JDK release
Warning: Nashorn engine is planned to be removed from a future JDK release
Warning: Nashorn engine is planned to be removed from a future JDK release
Warning: Nashorn engine is planned to be removed from a future JDK release
Warning: Nashorn engine is planned to be removed from a future JDK release
Warning: Nashorn engine is planned to be removed from a future JDK release
Warning: Nashorn engine is planned to be removed from a future JDK release
Warning: Nashorn engine is planned to be removed from a future JDK release
Warning: Nashorn engine is planned to be removed from a future JDK release
Warning: Nashorn engine is planned to be removed from a future JDK release
Warning: Nashorn engine is planned to be removed from a future JDK release
Warning: Nashorn engine is planned to be removed from a future JDK release
Warning: Nashorn engine is planned to be removed from a future JDK release
Warning: Nashorn engine is planned to be removed from a future JDK release
Warning: Nashorn engine is planned to be removed from a future JDK release
Warning: Nashorn engine is planned to be removed from a future JDK release
Warning: Nashorn engine is planned to be removed from a future JDK release
Warning: Nashorn engine is planned to be removed from a future JDK release
Warning: Nashorn engine is planned to be removed from a future JDK release
Warning: Nashorn engine is planned to be removed from a future JDK release
Warning: Nashorn engine is planned to be removed from a future JDK release
Warning: Nashorn engine is planned to be removed from a future JDK release
Warning: Nashorn engine is planned to be removed from a future JDK release
Warning: Nashorn engine is planned to be removed from a future JDK release
Warning: Nashorn engine is planned to be removed from a future JDK release
Warning: Nashorn engine is planned to be removed from a future JDK release
Warning: Nashorn engine is planned to be removed from a future JDK release
Warning: Nashorn engine is planned to be removed from a future JDK release
Warning: Nashorn engine is planned to be removed from a future JDK release
Warning: Nashorn engine is planned to be removed from a future JDK release
Warning: Nashorn engine is planned to be removed from a future JDK release
Warning: Nashorn engine is planned to be removed from a future JDK release
WARNING: TestSpontaneous: Model stopped before executing actions (e.g. producing outputs) scheduled for execution at times [6.0]
Warning: Nashorn engine is planned to be removed from a future JDK release
Warning: Nashorn engine is planned to be removed from a future JDK release
Warning: Nashorn engine is planned to be removed from a future JDK release
Warning: Nashorn engine is planned to be removed from a future JDK release
Warning: Nashorn engine is planned to be removed from a future JDK release
Warning: Nashorn engine is planned to be removed from a future JDK release
Warning: Nashorn engine is planned to be removed from a future JDK release
Warning: Nashorn engine is planned to be removed from a future JDK release
Warning: Nashorn engine is planned to be removed from a future JDK release
Warning: Nashorn engine is planned to be removed from a future JDK release
Warning: Nashorn engine is planned to be removed from a future JDK release
Warning: Nashorn engine is planned to be removed from a future JDK release
Warning: Nashorn engine is planned to be removed from a future JDK release
Warning: Nashorn engine is planned to be removed from a future JDK release
Warning: Nashorn engine is planned to be removed from a future JDK release
Warning: Nashorn engine is planned to be removed from a future JDK release
Warning: Nashorn engine is planned to be removed from a future JDK release
Warning: Nashorn engine is planned to be removed from a future JDK release
Warning: Nashorn engine is planned to be removed from a future JDK release
Warning: Nashorn engine is planned to be removed from a future JDK release
Warning: Nashorn engine is planned to be removed from a future JDK release
Warning: Nashorn engine is planned to be removed from a future JDK release
Warning: Nashorn engine is planned to be removed from a future JDK release
Warning: Nashorn engine is planned to be removed from a future JDK release
Warning: Nashorn engine is planned to be removed from a future JDK release
Warning: Nashorn engine is planned to be removed from a future JDK release
Warning: Nashorn engine is planned to be removed from a future JDK release
Warning: Nashorn engine is planned to be removed from a future JDK release
Warning: Nashorn engine is planned to be removed from a future JDK release
Warning: Nashorn engine is planned to be removed from a future JDK release
Warning: Nashorn engine is planned to be removed from a future JDK release
Warning: Nashorn engine is planned to be removed from a future JDK release
Warning: Nashorn engine is planned to be removed from a future JDK release
Warning: Nashorn engine is planned to be removed from a future JDK release
Warning: Nashorn engine is planned to be removed from a future JDK release
Warning: Nashorn engine is planned to be removed from a future JDK release
Warning: Nashorn engine is planned to be removed from a future JDK release
Warning: Nashorn engine is planned to be removed from a future JDK release
Warning: Nashorn engine is planned to be removed from a future JDK release
Warning: Nashorn engine is planned to be removed from a future JDK release
Warning: Nashorn engine is planned to be removed from a future JDK release
Warning: Nashorn engine is planned to be removed from a future JDK release
Warning: Nashorn engine is planned to be removed from a future JDK release
Warning: Nashorn engine is planned to be removed from a future JDK release
WARNING: TestSpontaneous: Model stopped before executing actions (e.g. producing outputs) scheduled for execution at times [5.0]
Warning: Nashorn engine is planned to be removed from a future JDK release
Warning: Nashorn engine is planned to be removed from a future JDK release
Warning: Nashorn engine is planned to be removed from a future JDK release
Warning: Nashorn engine is planned to be removed from a future JDK release
Warning: Nashorn engine is planned to be removed from a future JDK release
Warning: Nashorn engine is planned to be removed from a future JDK release
Warning: Nashorn engine is planned to be removed from a future JDK release
Warning: Nashorn engine is planned to be removed from a future JDK release
Warning: Nashorn engine is planned to be removed from a future JDK release
Warning: Nashorn engine is planned to be removed from a future JDK release
Warning: Nashorn engine is planned to be removed from a future JDK release
Warning: Nashorn engine is planned to be removed from a future JDK release
Warning: Nashorn engine is planned to be removed from a future JDK release
Warning: Nashorn engine is planned to be removed from a future JDK release
Warning: Nashorn engine is planned to be removed from a future JDK release
Warning: Nashorn engine is planned to be removed from a future JDK release
Warning: Nashorn engine is planned to be removed from a future JDK release
Warning: Nashorn engine is planned to be removed from a future JDK release
Warning: Nashorn engine is planned to be removed from a future JDK release
Warning: Nashorn engine is planned to be removed from a future JDK release
Warning: Nashorn engine is planned to be removed from a future JDK release
Warning: Nashorn engine is planned to be removed from a future JDK release
Warning: Nashorn engine is planned to be removed from a future JDK release
Warning: Nashorn engine is planned to be removed from a future JDK release
Warning: Nashorn engine is planned to be removed from a future JDK release
Warning: Nashorn engine is planned to be removed from a future JDK release
Warning: Nashorn engine is planned to be removed from a future JDK release
Warning: Nashorn engine is planned to be removed from a future JDK release
Warning: Nashorn engine is planned to be removed from a future JDK release
Warning: Nashorn engine is planned to be removed from a future JDK release
Warning: Nashorn engine is planned to be removed from a future JDK release
Warning: Nashorn engine is planned to be removed from a future JDK release
Warning: Nashorn engine is planned to be removed from a future JDK release
Warning: Nashorn engine is planned to be removed from a future JDK release
Warning: Nashorn engine is planned to be removed from a future JDK release
Warning: Nashorn engine is planned to be removed from a future JDK release
Warning: Nashorn engine is planned to be removed from a future JDK release
Warning: Nashorn engine is planned to be removed from a future JDK release
WARNING: TestSpontaneous: Model stopped before executing actions (e.g. producing outputs) scheduled for execution at times [5.0]
Warning: Nashorn engine is planned to be removed from a future JDK release
Warning: Nashorn engine is planned to be removed from a future JDK release
Warning: Nashorn engine is planned to be removed from a future JDK release
Warning: Nashorn engine is planned to be removed from a future JDK release
Warning: Nashorn engine is planned to be removed from a future JDK release
Warning: Nashorn engine is planned to be removed from a future JDK release
Warning: Nashorn engine is planned to be removed from a future JDK release
Warning: Nashorn engine is planned to be removed from a future JDK release
Warning: Nashorn engine is planned to be removed from a future JDK release
Warning: Nashorn engine is planned to be removed from a future JDK release
Warning: Nashorn engine is planned to be removed from a future JDK release
Warning: Nashorn engine is planned to be removed from a future JDK release
Warning: Nashorn engine is planned to be removed from a future JDK release
Warning: Nashorn engine is planned to be removed from a future JDK release
Warning: Nashorn engine is planned to be removed from a future JDK release
Warning: Nashorn engine is planned to be removed from a future JDK release
Warning: Nashorn engine is planned to be removed from a future JDK release
Warning: Nashorn engine is planned to be removed from a future JDK release
Warning: Nashorn engine is planned to be removed from a future JDK release
Warning: Nashorn engine is planned to be removed from a future JDK release
Warning: Nashorn engine is planned to be removed from a future JDK release
Warning: Nashorn engine is planned to be removed from a future JDK release
Warning: Nashorn engine is planned to be removed from a future JDK release
Warning: Nashorn engine is planned to be removed from a future JDK release
Warning: Nashorn engine is planned to be removed from a future JDK release
Warning: Nashorn engine is planned to be removed from a future JDK release
Warning: Nashorn engine is planned to be removed from a future JDK release
Warning: Nashorn engine is planned to be removed from a future JDK release
Warning: Nashorn engine is planned to be removed from a future JDK release
Warning: Nashorn engine is planned to be removed from a future JDK release
Warning: Nashorn engine is planned to be removed from a future JDK release
Warning: Nashorn engine is planned to be removed from a future JDK release
Warning: Nashorn engine is planned to be removed from a future JDK release
Warning: Nashorn engine is planned to be removed from a future JDK release
Warning: Nashorn engine is planned to be removed from a future JDK release
Warning: Nashorn engine is planned to be removed from a future JDK release
Warning: Nashorn engine is planned to be removed from a future JDK release
Warning: Nashorn engine is planned to be removed from a future JDK release
Warning: Nashorn engine is planned to be removed from a future JDK release
Warning: Nashorn engine is planned to be removed from a future JDK release
Warning: Nashorn engine is planned to be removed from a future JDK release
Warning: Nashorn engine is planned to be removed from a future JDK release
Warning: Nashorn engine is planned to be removed from a future JDK release
Warning: Nashorn engine is planned to be removed from a future JDK release
Warning: Nashorn engine is planned to be removed from a future JDK release
Warning: Nashorn engine is planned to be removed from a future JDK release
WARNING: TestSpontaneous: Model stopped before executing actions (e.g. producing outputs) scheduled for execution at times [6.0]
Warning: Nashorn engine is planned to be removed from a future JDK release
Warning: Nashorn engine is planned to be removed from a future JDK release
Warning: Nashorn engine is planned to be removed from a future JDK release
Warning: Nashorn engine is planned to be removed from a future JDK release
Warning: Nashorn engine is planned to be removed from a future JDK release
Warning: Nashorn engine is planned to be removed from a future JDK release
Warning: Nashorn engine is planned to be removed from a future JDK release
Warning: Nashorn engine is planned to be removed from a future JDK release
Warning: Nashorn engine is planned to be removed from a future JDK release
Warning: Nashorn engine is planned to be removed from a future JDK release
Warning: Nashorn engine is planned to be removed from a future JDK release
Warning: Nashorn engine is planned to be removed from a future JDK release
Warning: Nashorn engine is planned to be removed from a future JDK release
Warning: Nashorn engine is planned to be removed from a future JDK release
Warning: Nashorn engine is planned to be removed from a future JDK release
Warning: Nashorn engine is planned to be removed from a future JDK release
Warning: Nashorn engine is planned to be removed from a future JDK release
Warning: Nashorn engine is planned to be removed from a future JDK release
Warning: Nashorn engine is planned to be removed from a future JDK release
Warning: Nashorn engine is planned to be removed from a future JDK release
Warning: Nashorn engine is planned to be removed from a future JDK release
Warning: Nashorn engine is planned to be removed from a future JDK release
Warning: Nashorn engine is planned to be removed from a future JDK release
Warning: Nashorn engine is planned to be removed from a future JDK release
Warning: Nashorn engine is planned to be removed from a future JDK release
Warning: Nashorn engine is planned to be removed from a future JDK release
Warning: Nashorn engine is planned to be removed from a future JDK release
Warning: Nashorn engine is planned to be removed from a future JDK release
]]></system-err>
</testsuite>
