<?xml version="1.0" encoding="UTF-8" ?>
<testsuite errors="0" failures="0" hostname="travis-job-447f8bee-c272-4240-bd28-ef26be535376" name="ptolemy.domains.de.test.junit.JUnitTclTest" skipped="0" tests="101" time="126.56" timestamp="2019-05-12T04:17:48">
  <properties>
[...]
</properties>
  <testcase classname="ptolemy.util.test.junit.TclTests" name="[0] /home/travis/build/icyphy/ptII/ptolemy/domains/de/test/DependencyLoop.tcl (RunTclFile)" time="0.755" />
  <testcase classname="ptolemy.util.test.junit.TclTests" name="[1] /home/travis/build/icyphy/ptII/ptolemy/domains/de/test/RunDETestsAsQSS.tcl (RunTclFile)" time="86.816" />
  <testcase classname="ptolemy.util.test.junit.AutoKnownFailedTests" name="[0] /home/travis/build/icyphy/ptII/ptolemy/domains/de/test/auto/knownFailedTests/DESDFClockTest.xml (RunModel)" time="2.03" />
  <testcase classname="ptolemy.util.test.junit.AutoKnownFailedTests" name="[1] /home/travis/build/icyphy/ptII/ptolemy/domains/de/test/auto/knownFailedTests/DirectFeedback.xml (RunModel)" time="0.033" />
  <testcase classname="ptolemy.util.test.junit.AutoKnownFailedTests" name="[2] /home/travis/build/icyphy/ptII/ptolemy/domains/de/test/auto/knownFailedTests/FSMSource.xml (RunModel)" time="0.047" />
  <testcase classname="ptolemy.util.test.junit.AutoKnownFailedTests" name="[3] /home/travis/build/icyphy/ptII/ptolemy/domains/de/test/auto/knownFailedTests/HierarchicalModel.xml (RunModel)" time="0.043" />
  <testcase classname="ptolemy.util.test.junit.AutoKnownFailedTests" name="[4] /home/travis/build/icyphy/ptII/ptolemy/domains/de/test/auto/knownFailedTests/dependencyLoop.xml (RunModel)" time="0.031" />
  <testcase classname="ptolemy.util.test.junit.AutoKnownFailedTests" name="[5] /home/travis/build/icyphy/ptII/ptolemy/domains/de/test/auto/knownFailedTests/dependencyLoop2.xml (RunModel)" time="0.044" />
  <testcase classname="ptolemy.util.test.junit.AutoNameArchTests" name="[0] ThereAreNoAutoArchTests (RunModel)" time="0.001" />
  <testcase classname="ptolemy.util.test.junit.AutoTests" name="[0] /home/travis/build/icyphy/ptII/ptolemy/domains/de/test/auto/ActorDepthCalculation_actorWithoutPorts.xml (RunModel)" time="0.021" />
  <testcase classname="ptolemy.util.test.junit.AutoTests" name="[1] /home/travis/build/icyphy/ptII/ptolemy/domains/de/test/auto/AssemblyLine.xml (RunModel)" time="0.027" />
  <testcase classname="ptolemy.util.test.junit.AutoTests" name="[2] /home/travis/build/icyphy/ptII/ptolemy/domains/de/test/auto/CQBug1.xml (RunModel)" time="0.007" />
  <testcase classname="ptolemy.util.test.junit.AutoTests" name="[3] /home/travis/build/icyphy/ptII/ptolemy/domains/de/test/auto/CancelFireAt.xml (RunModel)" time="0.006" />
  <testcase classname="ptolemy.util.test.junit.AutoTests" name="[4] /home/travis/build/icyphy/ptII/ptolemy/domains/de/test/auto/CausalityAndComposabilityAnalysis.xml (RunModel)" time="0.011" />
  <testcase classname="ptolemy.util.test.junit.AutoTests" name="[5] /home/travis/build/icyphy/ptII/ptolemy/domains/de/test/auto/CausalityInterface1.xml (RunModel)" time="0.012" />
  <testcase classname="ptolemy.util.test.junit.AutoTests" name="[6] /home/travis/build/icyphy/ptII/ptolemy/domains/de/test/auto/CausalityInterface15.xml (RunModel)" time="0.013" />
  <testcase classname="ptolemy.util.test.junit.AutoTests" name="[7] /home/travis/build/icyphy/ptII/ptolemy/domains/de/test/auto/CausalityInterface2.xml (RunModel)" time="0.011" />
  <testcase classname="ptolemy.util.test.junit.AutoTests" name="[8] /home/travis/build/icyphy/ptII/ptolemy/domains/de/test/auto/CausalityInterface3.xml (RunModel)" time="0.011" />
  <testcase classname="ptolemy.util.test.junit.AutoTests" name="[9] /home/travis/build/icyphy/ptII/ptolemy/domains/de/test/auto/ClockDrift.xml (RunModel)" time="0.031" />
  <testcase classname="ptolemy.util.test.junit.AutoTests" name="[10] /home/travis/build/icyphy/ptII/ptolemy/domains/de/test/auto/ClockDriftAndValueChange.xml (RunModel)" time="0.029" />
  <testcase classname="ptolemy.util.test.junit.AutoTests" name="[11] /home/travis/build/icyphy/ptII/ptolemy/domains/de/test/auto/ClockDriftChange.xml (RunModel)" time="0.026" />
  <testcase classname="ptolemy.util.test.junit.AutoTests" name="[12] /home/travis/build/icyphy/ptII/ptolemy/domains/de/test/auto/ComposableCausalityAnalysis.xml (RunModel)" time="0.015" />
  <testcase classname="ptolemy.util.test.junit.AutoTests" name="[13] /home/travis/build/icyphy/ptII/ptolemy/domains/de/test/auto/DEFixedPointLimitation.xml (RunModel)" time="0.008" />
  <testcase classname="ptolemy.util.test.junit.AutoTests" name="[14] /home/travis/build/icyphy/ptII/ptolemy/domains/de/test/auto/DEScheduleTest.xml (RunModel)" time="0.01" />
  <testcase classname="ptolemy.util.test.junit.AutoTests" name="[15] /home/travis/build/icyphy/ptII/ptolemy/domains/de/test/auto/DEinDEwithStartTimes.xml (RunModel)" time="0.012" />
  <testcase classname="ptolemy.util.test.junit.AutoTests" name="[16] /home/travis/build/icyphy/ptII/ptolemy/domains/de/test/auto/DEinDEwithStartTimes2.xml (RunModel)" time="0.013" />
  <testcase classname="ptolemy.util.test.junit.AutoTests" name="[17] /home/travis/build/icyphy/ptII/ptolemy/domains/de/test/auto/DateDemo.xml (RunModel)" time="0.027" />
  <testcase classname="ptolemy.util.test.junit.AutoTests" name="[18] /home/travis/build/icyphy/ptII/ptolemy/domains/de/test/auto/DateToEvent.xml (RunModel)" time="2.037" />
  <testcase classname="ptolemy.util.test.junit.AutoTests" name="[19] /home/travis/build/icyphy/ptII/ptolemy/domains/de/test/auto/DepthTest1.xml (RunModel)" time="0.007" />
  <testcase classname="ptolemy.util.test.junit.AutoTests" name="[20] /home/travis/build/icyphy/ptII/ptolemy/domains/de/test/auto/DepthTest2.xml (RunModel)" time="0.017" />
  <testcase classname="ptolemy.util.test.junit.AutoTests" name="[21] /home/travis/build/icyphy/ptII/ptolemy/domains/de/test/auto/DepthTest3.xml (RunModel)" time="0.006" />
  <testcase classname="ptolemy.util.test.junit.AutoTests" name="[22] /home/travis/build/icyphy/ptII/ptolemy/domains/de/test/auto/DepthTest4.xml (RunModel)" time="0.011" />
  <testcase classname="ptolemy.util.test.junit.AutoTests" name="[23] /home/travis/build/icyphy/ptII/ptolemy/domains/de/test/auto/DepthTest5.xml (RunModel)" time="0.012" />
  <testcase classname="ptolemy.util.test.junit.AutoTests" name="[24] /home/travis/build/icyphy/ptII/ptolemy/domains/de/test/auto/DepthTest6.xml (RunModel)" time="0.012" />
  <testcase classname="ptolemy.util.test.junit.AutoTests" name="[25] /home/travis/build/icyphy/ptII/ptolemy/domains/de/test/auto/DepthTest7.xml (RunModel)" time="0.009" />
  <testcase classname="ptolemy.util.test.junit.AutoTests" name="[26] /home/travis/build/icyphy/ptII/ptolemy/domains/de/test/auto/EventToDate.xml (RunModel)" time="3.03" />
  <testcase classname="ptolemy.util.test.junit.AutoTests" name="[27] /home/travis/build/icyphy/ptII/ptolemy/domains/de/test/auto/FSM1.xml (RunModel)" time="0.026" />
  <testcase classname="ptolemy.util.test.junit.AutoTests" name="[28] /home/travis/build/icyphy/ptII/ptolemy/domains/de/test/auto/FSM7.xml (RunModel)" time="0.028" />
  <testcase classname="ptolemy.util.test.junit.AutoTests" name="[29] /home/travis/build/icyphy/ptII/ptolemy/domains/de/test/auto/Inspection.xml (RunModel)" time="0.036" />
  <testcase classname="ptolemy.util.test.junit.AutoTests" name="[30] /home/travis/build/icyphy/ptII/ptolemy/domains/de/test/auto/Iteration.xml (RunModel)" time="0.02" />
  <testcase classname="ptolemy.util.test.junit.AutoTests" name="[31] /home/travis/build/icyphy/ptII/ptolemy/domains/de/test/auto/LineFault.xml (RunModel)" time="0.561" />
  <testcase classname="ptolemy.util.test.junit.AutoTests" name="[32] /home/travis/build/icyphy/ptII/ptolemy/domains/de/test/auto/MergeModel1Add.xml (RunModel)" time="0.04" />
  <testcase classname="ptolemy.util.test.junit.AutoTests" name="[33] /home/travis/build/icyphy/ptII/ptolemy/domains/de/test/auto/MergeModel2Add.xml (RunModel)" time="0.033" />
  <testcase classname="ptolemy.util.test.junit.AutoTests" name="[34] /home/travis/build/icyphy/ptII/ptolemy/domains/de/test/auto/MergeModel3Add.xml (RunModel)" time="0.033" />
  <testcase classname="ptolemy.util.test.junit.AutoTests" name="[35] /home/travis/build/icyphy/ptII/ptolemy/domains/de/test/auto/MergeWithoutDiscard.xml (RunModel)" time="0.009" />
  <testcase classname="ptolemy.util.test.junit.AutoTests" name="[36] /home/travis/build/icyphy/ptII/ptolemy/domains/de/test/auto/Modal1.xml (RunModel)" time="0.025" />
  <testcase classname="ptolemy.util.test.junit.AutoTests" name="[37] /home/travis/build/icyphy/ptII/ptolemy/domains/de/test/auto/Modal2.xml (RunModel)" time="0.024" />
  <testcase classname="ptolemy.util.test.junit.AutoTests" name="[38] /home/travis/build/icyphy/ptII/ptolemy/domains/de/test/auto/Modal3.xml (RunModel)" time="0.027" />
  <testcase classname="ptolemy.util.test.junit.AutoTests" name="[39] /home/travis/build/icyphy/ptII/ptolemy/domains/de/test/auto/Modal4.xml (RunModel)" time="0.026" />
  <testcase classname="ptolemy.util.test.junit.AutoTests" name="[40] /home/travis/build/icyphy/ptII/ptolemy/domains/de/test/auto/Modal5.xml (RunModel)" time="0.026" />
  <testcase classname="ptolemy.util.test.junit.AutoTests" name="[41] /home/travis/build/icyphy/ptII/ptolemy/domains/de/test/auto/Modal6.xml (RunModel)" time="0.023" />
  <testcase classname="ptolemy.util.test.junit.AutoTests" name="[42] /home/travis/build/icyphy/ptII/ptolemy/domains/de/test/auto/Modal7.xml (RunModel)" time="0.028" />
  <testcase classname="ptolemy.util.test.junit.AutoTests" name="[43] /home/travis/build/icyphy/ptII/ptolemy/domains/de/test/auto/ModalModel.xml (RunModel)" time="0.156" />
  <testcase classname="ptolemy.util.test.junit.AutoTests" name="[44] /home/travis/build/icyphy/ptII/ptolemy/domains/de/test/auto/ModalSource.xml (RunModel)" time="0.016" />
  <testcase classname="ptolemy.util.test.junit.AutoTests" name="[45] /home/travis/build/icyphy/ptII/ptolemy/domains/de/test/auto/NonInterruptibleTimerZeroDelay.xml (RunModel)" time="0.009" />
  <testcase classname="ptolemy.util.test.junit.AutoTests" name="[46] /home/travis/build/icyphy/ptII/ptolemy/domains/de/test/auto/OpenQueueingNetwork.xml (RunModel)" time="2.252" />
  <testcase classname="ptolemy.util.test.junit.AutoTests" name="[47] /home/travis/build/icyphy/ptII/ptolemy/domains/de/test/auto/OpenQueuingNetwork.xml (RunModel)" time="0.264" />
  <testcase classname="ptolemy.util.test.junit.AutoTests" name="[48] /home/travis/build/icyphy/ptII/ptolemy/domains/de/test/auto/PeriodicSampler.xml (RunModel)" time="0.008" />
  <testcase classname="ptolemy.util.test.junit.AutoTests" name="[49] /home/travis/build/icyphy/ptII/ptolemy/domains/de/test/auto/PersistentIO.xml (RunModel)" time="0.027" />
  <testcase classname="ptolemy.util.test.junit.AutoTests" name="[50] /home/travis/build/icyphy/ptII/ptolemy/domains/de/test/auto/PortParameterResetOnInitialize.xml (RunModel)" time="0.011" />
  <testcase classname="ptolemy.util.test.junit.AutoTests" name="[51] /home/travis/build/icyphy/ptII/ptolemy/domains/de/test/auto/PortParameterUpdates.xml (RunModel)" time="0.015" />
  <testcase classname="ptolemy.util.test.junit.AutoTests" name="[52] /home/travis/build/icyphy/ptII/ptolemy/domains/de/test/auto/QueueAndServer.xml (RunModel)" time="0.021" />
  <testcase classname="ptolemy.util.test.junit.AutoTests" name="[53] /home/travis/build/icyphy/ptII/ptolemy/domains/de/test/auto/Records.xml (RunModel)" time="0.023" />
  <testcase classname="ptolemy.util.test.junit.AutoTests" name="[54] /home/travis/build/icyphy/ptII/ptolemy/domains/de/test/auto/ResetTransitionWithStartTime1.xml (RunModel)" time="0.025" />
  <testcase classname="ptolemy.util.test.junit.AutoTests" name="[55] /home/travis/build/icyphy/ptII/ptolemy/domains/de/test/auto/ResetTransitionWithStartTime2.xml (RunModel)" time="0.025" />
  <testcase classname="ptolemy.util.test.junit.AutoTests" name="[56] /home/travis/build/icyphy/ptII/ptolemy/domains/de/test/auto/ResetTransitionWithStartTime3.xml (RunModel)" time="0.019" />
  <testcase classname="ptolemy.util.test.junit.AutoTests" name="[57] /home/travis/build/icyphy/ptII/ptolemy/domains/de/test/auto/ResetTransitionWithStartTime4.xml (RunModel)" time="0.025" />
  <testcase classname="ptolemy.util.test.junit.AutoTests" name="[58] /home/travis/build/icyphy/ptII/ptolemy/domains/de/test/auto/ResettableTimer1.xml (RunModel)" time="0.01" />
  <testcase classname="ptolemy.util.test.junit.AutoTests" name="[59] /home/travis/build/icyphy/ptII/ptolemy/domains/de/test/auto/ResettableTimer2.xml (RunModel)" time="0.008" />
  <testcase classname="ptolemy.util.test.junit.AutoTests" name="[60] /home/travis/build/icyphy/ptII/ptolemy/domains/de/test/auto/ResettableTimer3.xml (RunModel)" time="0.009" />
  <testcase classname="ptolemy.util.test.junit.AutoTests" name="[61] /home/travis/build/icyphy/ptII/ptolemy/domains/de/test/auto/ResettableTimer4.xml (RunModel)" time="0.008" />
  <testcase classname="ptolemy.util.test.junit.AutoTests" name="[62] /home/travis/build/icyphy/ptII/ptolemy/domains/de/test/auto/ResettableTimer5.xml (RunModel)" time="0.013" />
  <testcase classname="ptolemy.util.test.junit.AutoTests" name="[63] /home/travis/build/icyphy/ptII/ptolemy/domains/de/test/auto/ResettableTimer6.xml (RunModel)" time="0.009" />
  <testcase classname="ptolemy.util.test.junit.AutoTests" name="[64] /home/travis/build/icyphy/ptII/ptolemy/domains/de/test/auto/ServerZeroDelay.xml (RunModel)" time="0.009" />
  <testcase classname="ptolemy.util.test.junit.AutoTests" name="[65] /home/travis/build/icyphy/ptII/ptolemy/domains/de/test/auto/SmartSender.xml (RunModel)" time="3.007" />
  <testcase classname="ptolemy.util.test.junit.AutoTests" name="[66] /home/travis/build/icyphy/ptII/ptolemy/domains/de/test/auto/ThreadedComposite.xml (RunModel)" time="0.129" />
  <testcase classname="ptolemy.util.test.junit.AutoTests" name="[67] /home/travis/build/icyphy/ptII/ptolemy/domains/de/test/auto/Time.xml (RunModel)" time="0.404" />
  <testcase classname="ptolemy.util.test.junit.AutoTests" name="[68] /home/travis/build/icyphy/ptII/ptolemy/domains/de/test/auto/TimeDelayZeroDelay.xml (RunModel)" time="0.01" />
  <testcase classname="ptolemy.util.test.junit.AutoTests" name="[69] /home/travis/build/icyphy/ptII/ptolemy/domains/de/test/auto/TimerZeroDelay.xml (RunModel)" time="0.012" />
  <testcase classname="ptolemy.util.test.junit.AutoTests" name="[70] /home/travis/build/icyphy/ptII/ptolemy/domains/de/test/auto/TimingParadox.xml (RunModel)" time="0.328" />
  <testcase classname="ptolemy.util.test.junit.AutoTests" name="[71] /home/travis/build/icyphy/ptII/ptolemy/domains/de/test/auto/TransferInputs.xml (RunModel)" time="0.009" />
  <testcase classname="ptolemy.util.test.junit.AutoTests" name="[72] /home/travis/build/icyphy/ptII/ptolemy/domains/de/test/auto/TransferOutputs2.xml (RunModel)" time="0.015" />
  <testcase classname="ptolemy.util.test.junit.AutoTests" name="[73] /home/travis/build/icyphy/ptII/ptolemy/domains/de/test/auto/Trilateration.xml (RunModel)" time="10.884" />
  <testcase classname="ptolemy.util.test.junit.AutoTests" name="[74] /home/travis/build/icyphy/ptII/ptolemy/domains/de/test/auto/TwoSigmaDelta.xml (RunModel)" time="2.053" />
  <testcase classname="ptolemy.util.test.junit.AutoTests" name="[75] /home/travis/build/icyphy/ptII/ptolemy/domains/de/test/auto/VariableDelay.xml (RunModel)" time="0.022" />
  <testcase classname="ptolemy.util.test.junit.AutoTests" name="[76] /home/travis/build/icyphy/ptII/ptolemy/domains/de/test/auto/VariableDelay2.xml (RunModel)" time="0.013" />
  <testcase classname="ptolemy.util.test.junit.AutoTests" name="[77] /home/travis/build/icyphy/ptII/ptolemy/domains/de/test/auto/VariableDelayZeroDelay.xml (RunModel)" time="0.016" />
  <testcase classname="ptolemy.util.test.junit.AutoTests" name="[78] /home/travis/build/icyphy/ptII/ptolemy/domains/de/test/auto/VariableDelayZeroDelay2.xml (RunModel)" time="0.008" />
  <testcase classname="ptolemy.util.test.junit.AutoTests" name="[79] /home/travis/build/icyphy/ptII/ptolemy/domains/de/test/auto/deInCt.xml (RunModel)" time="0.019" />
  <testcase classname="ptolemy.util.test.junit.AutoTests" name="[80] /home/travis/build/icyphy/ptII/ptolemy/domains/de/test/auto/deInCt2.xml (RunModel)" time="0.019" />
  <testcase classname="ptolemy.util.test.junit.AutoTests" name="[81] /home/travis/build/icyphy/ptII/ptolemy/domains/de/test/auto/dynamicCausalityInterface1.xml (RunModel)" time="0.023" />
  <testcase classname="ptolemy.util.test.junit.AutoTests" name="[82] /home/travis/build/icyphy/ptII/ptolemy/domains/de/test/auto/fsm_de_test.xml (RunModel)" time="0.028" />
  <testcase classname="ptolemy.util.test.junit.AutoTests" name="[83] /home/travis/build/icyphy/ptII/ptolemy/domains/de/test/auto/functionDependencyReconstruction.xml (RunModel)" time="0.038" />
  <testcase classname="ptolemy.util.test.junit.AutoTests" name="[84] /home/travis/build/icyphy/ptII/ptolemy/domains/de/test/auto/multirate.xml (RunModel)" time="0.015" />
  <testcase classname="ptolemy.util.test.junit.AutoTests" name="[85] /home/travis/build/icyphy/ptII/ptolemy/domains/de/test/auto/multirate2.xml (RunModel)" time="0.014" />
  <testcase classname="ptolemy.util.test.junit.AutoTests" name="[86] /home/travis/build/icyphy/ptII/ptolemy/domains/de/test/auto/realtime.xml (RunModel)" time="10.014" />
  <testcase classname="ptolemy.util.test.junit.AutoTests" name="[87] /home/travis/build/icyphy/ptII/ptolemy/domains/de/test/auto/relationGroup.xml (RunModel)" time="0.009" />
  <testcase classname="ptolemy.util.test.junit.AutoTests" name="[88] /home/travis/build/icyphy/ptII/ptolemy/domains/de/test/auto/relationGroup2.xml (RunModel)" time="0.007" />
  <testcase classname="ptolemy.util.test.junit.AutoTests" name="[89] /home/travis/build/icyphy/ptII/ptolemy/domains/de/test/auto/sortWithOpaquePorts.xml (RunModel)" time="0.008" />
  <testcase classname="ptolemy.util.test.junit.AutoTests" name="[90] /home/travis/build/icyphy/ptII/ptolemy/domains/de/test/auto/transferInputsandOutputs.xml (RunModel)" time="0.016" />
  <testcase classname="ptolemy.util.test.junit.AutoTests" name="[91] /home/travis/build/icyphy/ptII/ptolemy/domains/de/test/auto/triggerType.xml (RunModel)" time="0.013" />
  <system-out><![CDATA[/home/travis/build/icyphy/ptII/ptolemy/domains/de/test/DependencyLoop.tcl
testDefs.tcl: setting time out to 9000 seconds at Sun May 12 04:17:48 UTC 2019
14 ms. Memory: 116224K Free: 97618K (84%)
16 ms. Memory: 146944K Free: 141147K (96%)
/home/travis/build/icyphy/ptII/ptolemy/domains/de/test/RunDETestsAsQSS.tcl
Run the DE tests using ptolemy.domains.qss.test.QSSDirectorTest, which extends QSSDirector and prints a message in the constructors.
------------------ testing $PTII/ptolemy/domains/de/test/auto/knownFailedTests/dependencyLoop.xml (Known Failure) 
12 ms. Memory: 146944K Free: 136578K (93%)


==== $PTIIhome/travis/build/icyphy/ptII/ptolemy/domains/de/test/../../../../: Auto Automatic test in file $PTII/ptolemy/domains/de/test/auto/knownFailedTests/dependencyLoop.xml
==== Contents of test case:

	    # FIXME: we should use $relativeFilename here, but it
	    # might have backslashes under Windows, which causes no end
	    # of trouble.
	    createAndExecute $file
	    list {}
	
.... Test generated KNOWN error:
    while executing
ptolemy.kernel.util.IllegalActionException: Found a zero delay loop containing .dependencyLoop.original
  in .dependencyLoop and .dependencyLoop.original
	at ptolemy.actor.util.CausalityInterfaceForComposites._computeOutputPortDepth(CausalityInterfaceForComposites.java:759)
	at ptolemy.actor.util.CausalityInterfaceForComposites._computeInputDepth(CausalityInterfaceForComposites.java:696)
	at ptolemy.actor.util.CausalityInterfaceForComposites._computeOutputPortDepth(CausalityInterfaceForComposites.java:765)
	at ptolemy.actor.util.CausalityInterfaceForComposites._computeInputDepth(CausalityInterfaceForComposites.java:696)
	at ptolemy.actor.util.CausalityInterfaceForComposites._computeOutputPortDepth(CausalityInterfaceForComposites.java:765)
	at ptolemy.actor.util.CausalityInterfaceForComposites._computeInputDepth(CausalityInterfaceForComposites.java:696)
	at ptolemy.actor.util.CausalityInterfaceForComposites._computeActorDepth(CausalityInterfaceForComposites.java:532)
	at ptolemy.actor.util.CausalityInterfaceForComposites.checkForCycles(CausalityInterfaceForComposites.java:96)
	at ptolemy.domains.de.kernel.DEDirector.preinitialize(DEDirector.java:1338)
	at ptolemy.actor.CompositeActor.preinitialize(CompositeActor.java:1828)
	at ptolemy.actor.Manager.preinitializeAndResolveTypes(Manager.java:1040)
	at ptolemy.actor.Manager.initialize(Manager.java:710)
	at ptolemy.actor.Manager.execute(Manager.java:356)
	at ptolemy.actor.Manager.run(Manager.java:1263)
	at ptolemy.actor.Manager$PtolemyRunThread.run(Manager.java:1915)

    while executing
ptolemy.kernel.util.IllegalActionException: Found a zero delay loop containing .dependencyLoop.original
  in .dependencyLoop and .dependencyLoop.original
    while executing
"java::new ptolemy.moml.MoMLSimpleApplication $file
"
    (procedure "createAndExecute" line 2)
    invoked from within
"createAndExecute $file"
    ("uplevel" body line 5)
    invoked from within
"uplevel $contents_of_test"
------------------ testing $PTII/ptolemy/domains/de/test/auto/knownFailedTests/DESDFClockTest.xml (Known Failure) 
2068 ms. Memory: 146944K Free: 120981K (82%)


==== $PTIIhome/travis/build/icyphy/ptII/ptolemy/domains/de/test/../../../../: Auto Automatic test in file $PTII/ptolemy/domains/de/test/auto/knownFailedTests/DESDFClockTest.xml
==== Contents of test case:

	    # FIXME: we should use $relativeFilename here, but it
	    # might have backslashes under Windows, which causes no end
	    # of trouble.
	    createAndExecute $file
	    list {}
	
.... Test generated KNOWN error:
    while executing
ptolemy.kernel.util.IllegalActionException: Actor is not ready to fire.  Perhaps UpSample.prefire() returned false? Try debugging the actor by selecting "Listen to Actor".  Also, for SDF check moml for tokenConsumptionRate on input.
  in .DESDFClockTest.Play Bell.Copy1:SDF Director and .DESDFClockTest.Play Bell.UpSample
	at ptolemy.actor.sched.StaticSchedulingDirector.fire(StaticSchedulingDirector.java:227)
	at ptolemy.domains.sdf.kernel.SDFDirector.fire(SDFDirector.java:500)
	at ptolemy.actor.CompositeActor.fire(CompositeActor.java:455)
	at ptolemy.domains.de.kernel.DEDirector._fire(DEDirector.java:1949)
	at ptolemy.domains.de.kernel.DEDirector.fire(DEDirector.java:502)
	at ptolemy.actor.CompositeActor.fire(CompositeActor.java:455)
	at ptolemy.actor.Manager.iterate(Manager.java:851)
	at ptolemy.actor.Manager.execute(Manager.java:369)
	at ptolemy.actor.Manager.run(Manager.java:1263)
	at ptolemy.actor.Manager$PtolemyRunThread.run(Manager.java:1915)

    while executing
ptolemy.kernel.util.IllegalActionException: Actor is not ready to fire.  Perhaps UpSample.prefire() returned false? Try debugging the actor by selecting "Listen to Actor".  Also, for SDF check moml for tokenConsumptionRate on input.
  in .DESDFClockTest.Play Bell.Copy1:SDF Director and .DESDFClockTest.Play Bell.UpSample
    while executing
"java::new ptolemy.moml.MoMLSimpleApplication $file
"
    (procedure "createAndExecute" line 2)
    invoked from within
"createAndExecute $file"
    ("uplevel" body line 5)
    invoked from within
"uplevel $contents_of_test"
------------------ testing $PTII/ptolemy/domains/de/test/auto/knownFailedTests/FSMSource.xml (Known Failure) 
46 ms. Memory: 146944K Free: 111525K (76%)
!!!! Auto was marked as failing, but now passes
------------------ testing $PTII/ptolemy/domains/de/test/auto/knownFailedTests/dependencyLoop2.xml (Known Failure) 
5 ms. Memory: 146944K Free: 109666K (75%)


==== $PTIIhome/travis/build/icyphy/ptII/ptolemy/domains/de/test/../../../../: Auto Automatic test in file $PTII/ptolemy/domains/de/test/auto/knownFailedTests/dependencyLoop2.xml
==== Contents of test case:

	    # FIXME: we should use $relativeFilename here, but it
	    # might have backslashes under Windows, which causes no end
	    # of trouble.
	    createAndExecute $file
	    list {}
	
.... Test generated KNOWN error:
    while executing
ptolemy.kernel.util.IllegalActionException: Found a zero delay loop containing .dependencyLoop2.original
  in .dependencyLoop2 and .dependencyLoop2.original
	at ptolemy.actor.util.CausalityInterfaceForComposites._computeOutputPortDepth(CausalityInterfaceForComposites.java:759)
	at ptolemy.actor.util.CausalityInterfaceForComposites._computeInputDepth(CausalityInterfaceForComposites.java:696)
	at ptolemy.actor.util.CausalityInterfaceForComposites._computeOutputPortDepth(CausalityInterfaceForComposites.java:765)
	at ptolemy.actor.util.CausalityInterfaceForComposites._computeInputDepth(CausalityInterfaceForComposites.java:696)
	at ptolemy.actor.util.CausalityInterfaceForComposites._computeOutputPortDepth(CausalityInterfaceForComposites.java:765)
	at ptolemy.actor.util.CausalityInterfaceForComposites._computeInputDepth(CausalityInterfaceForComposites.java:696)
	at ptolemy.actor.util.CausalityInterfaceForComposites._computeActorDepth(CausalityInterfaceForComposites.java:532)
	at ptolemy.actor.util.CausalityInterfaceForComposites.checkForCycles(CausalityInterfaceForComposites.java:96)
	at ptolemy.domains.de.kernel.DEDirector.preinitialize(DEDirector.java:1338)
	at ptolemy.actor.CompositeActor.preinitialize(CompositeActor.java:1828)
	at ptolemy.actor.Manager.preinitializeAndResolveTypes(Manager.java:1040)
	at ptolemy.actor.Manager.initialize(Manager.java:710)
	at ptolemy.actor.Manager.execute(Manager.java:356)
	at ptolemy.actor.Manager.run(Manager.java:1263)
	at ptolemy.actor.Manager$PtolemyRunThread.run(Manager.java:1915)

    while executing
ptolemy.kernel.util.IllegalActionException: Found a zero delay loop containing .dependencyLoop2.original
  in .dependencyLoop2 and .dependencyLoop2.original
    while executing
"java::new ptolemy.moml.MoMLSimpleApplication $file
"
    (procedure "createAndExecute" line 2)
    invoked from within
"createAndExecute $file"
    ("uplevel" body line 5)
    invoked from within
"uplevel $contents_of_test"
------------------ testing $PTII/ptolemy/domains/de/test/auto/knownFailedTests/HierarchicalModel.xml (Known Failure) 
8 ms. Memory: 146944K Free: 89561K (61%)


==== $PTIIhome/travis/build/icyphy/ptII/ptolemy/domains/de/test/../../../../: Auto Automatic test in file $PTII/ptolemy/domains/de/test/auto/knownFailedTests/HierarchicalModel.xml
==== Contents of test case:

	    # FIXME: we should use $relativeFilename here, but it
	    # might have backslashes under Windows, which causes no end
	    # of trouble.
	    createAndExecute $file
	    list {}
	
.... Test generated KNOWN error:
    while executing
ptolemy.kernel.util.IllegalActionException: Found a zero delay loop containing .HierarchicalModel.A
  in .HierarchicalModel and .HierarchicalModel.A
	at ptolemy.actor.util.CausalityInterfaceForComposites._computeOutputPortDepth(CausalityInterfaceForComposites.java:759)
	at ptolemy.actor.util.CausalityInterfaceForComposites._computeInputDepth(CausalityInterfaceForComposites.java:696)
	at ptolemy.actor.util.CausalityInterfaceForComposites._computeOutputPortDepth(CausalityInterfaceForComposites.java:765)
	at ptolemy.actor.util.CausalityInterfaceForComposites._computeInputDepth(CausalityInterfaceForComposites.java:696)
	at ptolemy.actor.util.CausalityInterfaceForComposites._computeOutputPortDepth(CausalityInterfaceForComposites.java:765)
	at ptolemy.actor.util.CausalityInterfaceForComposites._computeInputDepth(CausalityInterfaceForComposites.java:696)
	at ptolemy.actor.util.CausalityInterfaceForComposites._computeActorDepth(CausalityInterfaceForComposites.java:532)
	at ptolemy.actor.util.CausalityInterfaceForComposites.checkForCycles(CausalityInterfaceForComposites.java:96)
	at ptolemy.domains.de.kernel.DEDirector.preinitialize(DEDirector.java:1338)
	at ptolemy.actor.CompositeActor.preinitialize(CompositeActor.java:1828)
	at ptolemy.actor.Manager.preinitializeAndResolveTypes(Manager.java:1040)
	at ptolemy.actor.Manager.initialize(Manager.java:710)
	at ptolemy.actor.Manager.execute(Manager.java:356)
	at ptolemy.actor.Manager.run(Manager.java:1263)
	at ptolemy.actor.Manager$PtolemyRunThread.run(Manager.java:1915)

    while executing
ptolemy.kernel.util.IllegalActionException: Found a zero delay loop containing .HierarchicalModel.A
  in .HierarchicalModel and .HierarchicalModel.A
    while executing
"java::new ptolemy.moml.MoMLSimpleApplication $file
"
    (procedure "createAndExecute" line 2)
    invoked from within
"createAndExecute $file"
    ("uplevel" body line 5)
    invoked from within
"uplevel $contents_of_test"
------------------ testing $PTII/ptolemy/domains/de/test/auto/knownFailedTests/DirectFeedback.xml (Known Failure) 
5 ms. Memory: 146944K Free: 85445K (58%)


==== $PTIIhome/travis/build/icyphy/ptII/ptolemy/domains/de/test/../../../../: Auto Automatic test in file $PTII/ptolemy/domains/de/test/auto/knownFailedTests/DirectFeedback.xml
==== Contents of test case:

	    # FIXME: we should use $relativeFilename here, but it
	    # might have backslashes under Windows, which causes no end
	    # of trouble.
	    createAndExecute $file
	    list {}
	
.... Test generated KNOWN error:
    while executing
ptolemy.kernel.util.IllegalActionException: Test fails in iteration 1.
Value was: 1.0. Should have been: 2.0
  in .DirectFeedback.Test
	at ptolemy.actor.lib.Test.fire(Test.java:268)
	at ptolemy.domains.de.kernel.DEDirector._fire(DEDirector.java:1949)
	at ptolemy.domains.de.kernel.DEDirector.fire(DEDirector.java:502)
	at ptolemy.actor.CompositeActor.fire(CompositeActor.java:455)
	at ptolemy.actor.Manager.iterate(Manager.java:851)
	at ptolemy.actor.Manager.execute(Manager.java:369)
	at ptolemy.actor.Manager.run(Manager.java:1263)
	at ptolemy.actor.Manager$PtolemyRunThread.run(Manager.java:1915)

    while executing
ptolemy.kernel.util.IllegalActionException: Test fails in iteration 1.
Value was: 1.0. Should have been: 2.0
  in .DirectFeedback.Test
    while executing
"java::new ptolemy.moml.MoMLSimpleApplication $file
"
    (procedure "createAndExecute" line 2)
    invoked from within
"createAndExecute $file"
    ("uplevel" body line 5)
    invoked from within
"uplevel $contents_of_test"
------------------ testing $PTII/ptolemy/domains/de/test/auto/ActorDepthCalculation_actorWithoutPorts.xml
auto.tcl: Setting watchdog for 200 seconds at Sun May 12 04:17:51 UTC 2019
3 ms. Memory: 146944K Free: 138811K (94%)
ptolemy.util.test.WatchDog.cancel(): canceling Sun May 12 04:17:51 UTC 2019
auto.tcl: Setting watchdog for 200 seconds at Sun May 12 04:17:51 UTC 2019
4 ms. Memory: 146944K Free: 136794K (93%)
ptolemy.util.test.WatchDog.cancel(): canceling Sun May 12 04:17:51 UTC 2019
------------------ testing $PTII/ptolemy/domains/de/test/auto/AssemblyLine.xml
auto.tcl: Setting watchdog for 200 seconds at Sun May 12 04:17:51 UTC 2019
21 ms. Memory: 208384K Free: 183494K (88%)
ptolemy.util.test.WatchDog.cancel(): canceling Sun May 12 04:17:52 UTC 2019
auto.tcl: Setting watchdog for 200 seconds at Sun May 12 04:17:52 UTC 2019
7 ms. Memory: 208384K Free: 183494K (88%)
ptolemy.util.test.WatchDog.cancel(): canceling Sun May 12 04:17:52 UTC 2019
------------------ testing $PTII/ptolemy/domains/de/test/auto/CQBug1.xml
auto.tcl: Setting watchdog for 200 seconds at Sun May 12 04:17:52 UTC 2019
19 ms. Memory: 208384K Free: 197953K (95%)
ptolemy.util.test.WatchDog.cancel(): canceling Sun May 12 04:17:52 UTC 2019
auto.tcl: Setting watchdog for 200 seconds at Sun May 12 04:17:52 UTC 2019
2 ms. Memory: 208384K Free: 197953K (95%)
ptolemy.util.test.WatchDog.cancel(): canceling Sun May 12 04:17:52 UTC 2019
------------------ testing $PTII/ptolemy/domains/de/test/auto/CancelFireAt.xml
auto.tcl: Setting watchdog for 200 seconds at Sun May 12 04:17:52 UTC 2019
12 ms. Memory: 208384K Free: 201590K (97%)
ptolemy.util.test.WatchDog.cancel(): canceling Sun May 12 04:17:52 UTC 2019
auto.tcl: Setting watchdog for 200 seconds at Sun May 12 04:17:52 UTC 2019
4 ms. Memory: 208384K Free: 199054K (96%)
ptolemy.util.test.WatchDog.cancel(): canceling Sun May 12 04:17:52 UTC 2019
------------------ testing $PTII/ptolemy/domains/de/test/auto/CausalityAndComposabilityAnalysis.xml
auto.tcl: Setting watchdog for 200 seconds at Sun May 12 04:17:52 UTC 2019
8 ms. Memory: 208384K Free: 198652K (95%)
ptolemy.util.test.WatchDog.cancel(): canceling Sun May 12 04:17:52 UTC 2019
auto.tcl: Setting watchdog for 200 seconds at Sun May 12 04:17:52 UTC 2019
5 ms. Memory: 208384K Free: 196635K (94%)
ptolemy.util.test.WatchDog.cancel(): canceling Sun May 12 04:17:52 UTC 2019
------------------ testing $PTII/ptolemy/domains/de/test/auto/CausalityInterface1.xml
auto.tcl: Setting watchdog for 200 seconds at Sun May 12 04:17:52 UTC 2019
11 ms. Memory: 208384K Free: 196572K (94%)
ptolemy.util.test.WatchDog.cancel(): canceling Sun May 12 04:17:52 UTC 2019
auto.tcl: Setting watchdog for 200 seconds at Sun May 12 04:17:52 UTC 2019
4 ms. Memory: 208384K Free: 196572K (94%)
ptolemy.util.test.WatchDog.cancel(): canceling Sun May 12 04:17:52 UTC 2019
------------------ testing $PTII/ptolemy/domains/de/test/auto/CausalityInterface15.xml
auto.tcl: Setting watchdog for 200 seconds at Sun May 12 04:17:52 UTC 2019
9 ms. Memory: 208384K Free: 196558K (94%)
ptolemy.util.test.WatchDog.cancel(): canceling Sun May 12 04:17:52 UTC 2019
auto.tcl: Setting watchdog for 200 seconds at Sun May 12 04:17:52 UTC 2019
9 ms. Memory: 208384K Free: 196558K (94%)
ptolemy.util.test.WatchDog.cancel(): canceling Sun May 12 04:17:52 UTC 2019
------------------ testing $PTII/ptolemy/domains/de/test/auto/CausalityInterface2.xml
auto.tcl: Setting watchdog for 200 seconds at Sun May 12 04:17:52 UTC 2019
8 ms. Memory: 208384K Free: 196547K (94%)
ptolemy.util.test.WatchDog.cancel(): canceling Sun May 12 04:17:52 UTC 2019
auto.tcl: Setting watchdog for 200 seconds at Sun May 12 04:17:52 UTC 2019
3 ms. Memory: 208384K Free: 196547K (94%)
ptolemy.util.test.WatchDog.cancel(): canceling Sun May 12 04:17:52 UTC 2019
------------------ testing $PTII/ptolemy/domains/de/test/auto/CausalityInterface3.xml
auto.tcl: Setting watchdog for 200 seconds at Sun May 12 04:17:52 UTC 2019
3 ms. Memory: 208384K Free: 196559K (94%)
ptolemy.util.test.WatchDog.cancel(): canceling Sun May 12 04:17:52 UTC 2019
auto.tcl: Setting watchdog for 200 seconds at Sun May 12 04:17:52 UTC 2019
7 ms. Memory: 208384K Free: 196559K (94%)
ptolemy.util.test.WatchDog.cancel(): canceling Sun May 12 04:17:52 UTC 2019
------------------ testing $PTII/ptolemy/domains/de/test/auto/ClockDrift.xml
auto.tcl: Setting watchdog for 200 seconds at Sun May 12 04:17:52 UTC 2019
86 ms. Memory: 208384K Free: 188040K (90%)
ptolemy.util.test.WatchDog.cancel(): canceling Sun May 12 04:17:53 UTC 2019
auto.tcl: Setting watchdog for 200 seconds at Sun May 12 04:17:53 UTC 2019
53 ms. Memory: 208384K Free: 186023K (89%)
ptolemy.util.test.WatchDog.cancel(): canceling Sun May 12 04:17:53 UTC 2019
------------------ testing $PTII/ptolemy/domains/de/test/auto/ClockDriftAndValueChange.xml
auto.tcl: Setting watchdog for 200 seconds at Sun May 12 04:17:53 UTC 2019
43 ms. Memory: 208384K Free: 187875K (90%)
ptolemy.util.test.WatchDog.cancel(): canceling Sun May 12 04:17:53 UTC 2019
auto.tcl: Setting watchdog for 200 seconds at Sun May 12 04:17:53 UTC 2019
40 ms. Memory: 208384K Free: 185858K (89%)
ptolemy.util.test.WatchDog.cancel(): canceling Sun May 12 04:17:53 UTC 2019
------------------ testing $PTII/ptolemy/domains/de/test/auto/ClockDriftChange.xml
auto.tcl: Setting watchdog for 200 seconds at Sun May 12 04:17:53 UTC 2019
23 ms. Memory: 208384K Free: 191113K (92%)
ptolemy.util.test.WatchDog.cancel(): canceling Sun May 12 04:17:53 UTC 2019
auto.tcl: Setting watchdog for 200 seconds at Sun May 12 04:17:53 UTC 2019
25 ms. Memory: 208384K Free: 189096K (91%)
ptolemy.util.test.WatchDog.cancel(): canceling Sun May 12 04:17:53 UTC 2019
------------------ testing $PTII/ptolemy/domains/de/test/auto/ComposableCausalityAnalysis.xml
auto.tcl: Setting watchdog for 200 seconds at Sun May 12 04:17:53 UTC 2019
4 ms. Memory: 208384K Free: 196413K (94%)
ptolemy.util.test.WatchDog.cancel(): canceling Sun May 12 04:17:53 UTC 2019
auto.tcl: Setting watchdog for 200 seconds at Sun May 12 04:17:53 UTC 2019
1 ms. Memory: 208384K Free: 194396K (93%)
ptolemy.util.test.WatchDog.cancel(): canceling Sun May 12 04:17:53 UTC 2019
------------------ testing $PTII/ptolemy/domains/de/test/auto/DEFixedPointLimitation.xml
auto.tcl: Setting watchdog for 200 seconds at Sun May 12 04:17:53 UTC 2019
3 ms. Memory: 208384K Free: 196494K (94%)
ptolemy.util.test.WatchDog.cancel(): canceling Sun May 12 04:17:53 UTC 2019
auto.tcl: Setting watchdog for 200 seconds at Sun May 12 04:17:53 UTC 2019
1 ms. Memory: 208384K Free: 196494K (94%)
ptolemy.util.test.WatchDog.cancel(): canceling Sun May 12 04:17:53 UTC 2019
------------------ testing $PTII/ptolemy/domains/de/test/auto/DEScheduleTest.xml
auto.tcl: Setting watchdog for 200 seconds at Sun May 12 04:17:53 UTC 2019
6 ms. Memory: 208384K Free: 198547K (95%)
ptolemy.util.test.WatchDog.cancel(): canceling Sun May 12 04:17:53 UTC 2019
auto.tcl: Setting watchdog for 200 seconds at Sun May 12 04:17:53 UTC 2019
4 ms. Memory: 208384K Free: 196530K (94%)
ptolemy.util.test.WatchDog.cancel(): canceling Sun May 12 04:17:53 UTC 2019
------------------ testing $PTII/ptolemy/domains/de/test/auto/DEinDEwithStartTimes.xml
auto.tcl: Setting watchdog for 200 seconds at Sun May 12 04:17:53 UTC 2019
4 ms. Memory: 208384K Free: 196499K (94%)
ptolemy.util.test.WatchDog.cancel(): canceling Sun May 12 04:17:53 UTC 2019
auto.tcl: Setting watchdog for 200 seconds at Sun May 12 04:17:53 UTC 2019
3 ms. Memory: 208384K Free: 194482K (93%)
ptolemy.util.test.WatchDog.cancel(): canceling Sun May 12 04:17:53 UTC 2019
------------------ testing $PTII/ptolemy/domains/de/test/auto/DEinDEwithStartTimes2.xml
auto.tcl: Setting watchdog for 200 seconds at Sun May 12 04:17:53 UTC 2019
8 ms. Memory: 208384K Free: 196479K (94%)
ptolemy.util.test.WatchDog.cancel(): canceling Sun May 12 04:17:53 UTC 2019
auto.tcl: Setting watchdog for 200 seconds at Sun May 12 04:17:53 UTC 2019
3 ms. Memory: 208384K Free: 194462K (93%)
ptolemy.util.test.WatchDog.cancel(): canceling Sun May 12 04:17:53 UTC 2019
------------------ testing $PTII/ptolemy/domains/de/test/auto/DateDemo.xml
auto.tcl: Setting watchdog for 200 seconds at Sun May 12 04:17:53 UTC 2019
8 ms. Memory: 208384K Free: 189165K (91%)
ptolemy.util.test.WatchDog.cancel(): canceling Sun May 12 04:17:53 UTC 2019
auto.tcl: Setting watchdog for 200 seconds at Sun May 12 04:17:53 UTC 2019
8 ms. Memory: 208384K Free: 187148K (90%)
ptolemy.util.test.WatchDog.cancel(): canceling Sun May 12 04:17:53 UTC 2019
------------------ testing $PTII/ptolemy/domains/de/test/auto/DateToEvent.xml
auto.tcl: Setting watchdog for 200 seconds at Sun May 12 04:17:53 UTC 2019
2011 ms. Memory: 208384K Free: 184128K (88%)
ptolemy.util.test.WatchDog.cancel(): canceling Sun May 12 04:17:56 UTC 2019
auto.tcl: Setting watchdog for 200 seconds at Sun May 12 04:17:56 UTC 2019
2005 ms. Memory: 208384K Free: 184128K (88%)
ptolemy.util.test.WatchDog.cancel(): canceling Sun May 12 04:17:58 UTC 2019
------------------ testing $PTII/ptolemy/domains/de/test/auto/DepthTest1.xml
auto.tcl: Setting watchdog for 200 seconds at Sun May 12 04:17:58 UTC 2019
3 ms. Memory: 208384K Free: 195617K (94%)
ptolemy.util.test.WatchDog.cancel(): canceling Sun May 12 04:17:58 UTC 2019
auto.tcl: Setting watchdog for 200 seconds at Sun May 12 04:17:58 UTC 2019
2 ms. Memory: 208384K Free: 195617K (94%)
ptolemy.util.test.WatchDog.cancel(): canceling Sun May 12 04:17:58 UTC 2019
------------------ testing $PTII/ptolemy/domains/de/test/auto/DepthTest2.xml
auto.tcl: Setting watchdog for 200 seconds at Sun May 12 04:17:58 UTC 2019
11 ms. Memory: 208384K Free: 194442K (93%)
ptolemy.util.test.WatchDog.cancel(): canceling Sun May 12 04:17:58 UTC 2019
auto.tcl: Setting watchdog for 200 seconds at Sun May 12 04:17:58 UTC 2019
5 ms. Memory: 208384K Free: 194442K (93%)
ptolemy.util.test.WatchDog.cancel(): canceling Sun May 12 04:17:58 UTC 2019
------------------ testing $PTII/ptolemy/domains/de/test/auto/DepthTest3.xml
auto.tcl: Setting watchdog for 200 seconds at Sun May 12 04:17:58 UTC 2019
1 ms. Memory: 208384K Free: 198409K (95%)
ptolemy.util.test.WatchDog.cancel(): canceling Sun May 12 04:17:58 UTC 2019
auto.tcl: Setting watchdog for 200 seconds at Sun May 12 04:17:58 UTC 2019
1 ms. Memory: 208384K Free: 198409K (95%)
ptolemy.util.test.WatchDog.cancel(): canceling Sun May 12 04:17:58 UTC 2019
------------------ testing $PTII/ptolemy/domains/de/test/auto/DepthTest4.xml
auto.tcl: Setting watchdog for 200 seconds at Sun May 12 04:17:58 UTC 2019
6 ms. Memory: 208384K Free: 196479K (94%)
ptolemy.util.test.WatchDog.cancel(): canceling Sun May 12 04:17:58 UTC 2019
auto.tcl: Setting watchdog for 200 seconds at Sun May 12 04:17:58 UTC 2019
2 ms. Memory: 208384K Free: 196479K (94%)
ptolemy.util.test.WatchDog.cancel(): canceling Sun May 12 04:17:58 UTC 2019
------------------ testing $PTII/ptolemy/domains/de/test/auto/DepthTest5.xml
auto.tcl: Setting watchdog for 200 seconds at Sun May 12 04:17:58 UTC 2019
3 ms. Memory: 208384K Free: 196427K (94%)
ptolemy.util.test.WatchDog.cancel(): canceling Sun May 12 04:17:58 UTC 2019
auto.tcl: Setting watchdog for 200 seconds at Sun May 12 04:17:58 UTC 2019
2 ms. Memory: 208384K Free: 196427K (94%)
ptolemy.util.test.WatchDog.cancel(): canceling Sun May 12 04:17:58 UTC 2019
------------------ testing $PTII/ptolemy/domains/de/test/auto/DepthTest6.xml
auto.tcl: Setting watchdog for 200 seconds at Sun May 12 04:17:58 UTC 2019
8 ms. Memory: 208384K Free: 196922K (94%)
ptolemy.util.test.WatchDog.cancel(): canceling Sun May 12 04:17:58 UTC 2019
auto.tcl: Setting watchdog for 200 seconds at Sun May 12 04:17:58 UTC 2019
2 ms. Memory: 208384K Free: 196922K (94%)
ptolemy.util.test.WatchDog.cancel(): canceling Sun May 12 04:17:58 UTC 2019
------------------ testing $PTII/ptolemy/domains/de/test/auto/DepthTest7.xml
auto.tcl: Setting watchdog for 200 seconds at Sun May 12 04:17:58 UTC 2019
3 ms. Memory: 208384K Free: 196383K (94%)
ptolemy.util.test.WatchDog.cancel(): canceling Sun May 12 04:17:58 UTC 2019
auto.tcl: Setting watchdog for 200 seconds at Sun May 12 04:17:58 UTC 2019
2 ms. Memory: 208384K Free: 196383K (94%)
ptolemy.util.test.WatchDog.cancel(): canceling Sun May 12 04:17:58 UTC 2019
------------------ testing $PTII/ptolemy/domains/de/test/auto/EventToDate.xml
auto.tcl: Setting watchdog for 200 seconds at Sun May 12 04:17:58 UTC 2019
3009 ms. Memory: 208384K Free: 186319K (89%)
ptolemy.util.test.WatchDog.cancel(): canceling Sun May 12 04:18:01 UTC 2019
auto.tcl: Setting watchdog for 200 seconds at Sun May 12 04:18:01 UTC 2019
3004 ms. Memory: 208384K Free: 186319K (89%)
ptolemy.util.test.WatchDog.cancel(): canceling Sun May 12 04:18:04 UTC 2019
------------------ testing $PTII/ptolemy/domains/de/test/auto/FSM1.xml
auto.tcl: Setting watchdog for 200 seconds at Sun May 12 04:18:04 UTC 2019
26 ms. Memory: 208384K Free: 189599K (91%)
ptolemy.util.test.WatchDog.cancel(): canceling Sun May 12 04:18:04 UTC 2019
auto.tcl: Setting watchdog for 200 seconds at Sun May 12 04:18:04 UTC 2019
15 ms. Memory: 208384K Free: 185565K (89%)
ptolemy.util.test.WatchDog.cancel(): canceling Sun May 12 04:18:04 UTC 2019
------------------ testing $PTII/ptolemy/domains/de/test/auto/FSM7.xml
auto.tcl: Setting watchdog for 200 seconds at Sun May 12 04:18:04 UTC 2019
12 ms. Memory: 208384K Free: 187786K (90%)
ptolemy.util.test.WatchDog.cancel(): canceling Sun May 12 04:18:05 UTC 2019
auto.tcl: Setting watchdog for 200 seconds at Sun May 12 04:18:05 UTC 2019
14 ms. Memory: 208384K Free: 185769K (89%)
ptolemy.util.test.WatchDog.cancel(): canceling Sun May 12 04:18:05 UTC 2019
------------------ testing $PTII/ptolemy/domains/de/test/auto/Inspection.xml
auto.tcl: Setting watchdog for 200 seconds at Sun May 12 04:18:05 UTC 2019
32 ms. Memory: 208384K Free: 189519K (91%)
ptolemy.util.test.WatchDog.cancel(): canceling Sun May 12 04:18:05 UTC 2019
auto.tcl: Setting watchdog for 200 seconds at Sun May 12 04:18:05 UTC 2019
28 ms. Memory: 208384K Free: 186983K (90%)
ptolemy.util.test.WatchDog.cancel(): canceling Sun May 12 04:18:05 UTC 2019
------------------ testing $PTII/ptolemy/domains/de/test/auto/Iteration.xml
auto.tcl: Setting watchdog for 200 seconds at Sun May 12 04:18:05 UTC 2019
8 ms. Memory: 208384K Free: 196189K (94%)
ptolemy.util.test.WatchDog.cancel(): canceling Sun May 12 04:18:05 UTC 2019
auto.tcl: Setting watchdog for 200 seconds at Sun May 12 04:18:05 UTC 2019
6 ms. Memory: 208384K Free: 194171K (93%)
ptolemy.util.test.WatchDog.cancel(): canceling Sun May 12 04:18:05 UTC 2019
------------------ testing $PTII/ptolemy/domains/de/test/auto/LineFault.xml
auto.tcl: Setting watchdog for 200 seconds at Sun May 12 04:18:05 UTC 2019
502 ms. Memory: 208384K Free: 201068K (96%)
ptolemy.util.test.WatchDog.cancel(): canceling Sun May 12 04:18:06 UTC 2019
auto.tcl: Setting watchdog for 200 seconds at Sun May 12 04:18:06 UTC 2019
436 ms. Memory: 208384K Free: 144331K (69%)
ptolemy.util.test.WatchDog.cancel(): canceling Sun May 12 04:18:06 UTC 2019
------------------ testing $PTII/ptolemy/domains/de/test/auto/MergeModel1Add.xml
auto.tcl: Setting watchdog for 200 seconds at Sun May 12 04:18:06 UTC 2019
25 ms. Memory: 331264K Free: 301076K (91%)
ptolemy.util.test.WatchDog.cancel(): canceling Sun May 12 04:18:06 UTC 2019
auto.tcl: Setting watchdog for 200 seconds at Sun May 12 04:18:06 UTC 2019
14 ms. Memory: 331264K Free: 301076K (91%)
ptolemy.util.test.WatchDog.cancel(): canceling Sun May 12 04:18:06 UTC 2019
------------------ testing $PTII/ptolemy/domains/de/test/auto/MergeModel2Add.xml
auto.tcl: Setting watchdog for 200 seconds at Sun May 12 04:18:06 UTC 2019
11 ms. Memory: 331264K Free: 305941K (92%)
ptolemy.util.test.WatchDog.cancel(): canceling Sun May 12 04:18:06 UTC 2019
auto.tcl: Setting watchdog for 200 seconds at Sun May 12 04:18:06 UTC 2019
7 ms. Memory: 331264K Free: 302417K (91%)
ptolemy.util.test.WatchDog.cancel(): canceling Sun May 12 04:18:06 UTC 2019
------------------ testing $PTII/ptolemy/domains/de/test/auto/MergeModel3Add.xml
auto.tcl: Setting watchdog for 200 seconds at Sun May 12 04:18:06 UTC 2019
12 ms. Memory: 331264K Free: 302395K (91%)
ptolemy.util.test.WatchDog.cancel(): canceling Sun May 12 04:18:06 UTC 2019
auto.tcl: Setting watchdog for 200 seconds at Sun May 12 04:18:06 UTC 2019
8 ms. Memory: 331264K Free: 302395K (91%)
ptolemy.util.test.WatchDog.cancel(): canceling Sun May 12 04:18:06 UTC 2019
------------------ testing $PTII/ptolemy/domains/de/test/auto/MergeWithoutDiscard.xml
auto.tcl: Setting watchdog for 200 seconds at Sun May 12 04:18:07 UTC 2019
5 ms. Memory: 331264K Free: 317199K (96%)
ptolemy.util.test.WatchDog.cancel(): canceling Sun May 12 04:18:07 UTC 2019
auto.tcl: Setting watchdog for 200 seconds at Sun May 12 04:18:07 UTC 2019
1 ms. Memory: 331264K Free: 317199K (96%)
ptolemy.util.test.WatchDog.cancel(): canceling Sun May 12 04:18:07 UTC 2019
------------------ testing $PTII/ptolemy/domains/de/test/auto/Modal1.xml
auto.tcl: Setting watchdog for 200 seconds at Sun May 12 04:18:07 UTC 2019
11 ms. Memory: 331264K Free: 311515K (94%)
ptolemy.util.test.WatchDog.cancel(): canceling Sun May 12 04:18:07 UTC 2019
auto.tcl: Setting watchdog for 200 seconds at Sun May 12 04:18:07 UTC 2019
11 ms. Memory: 331264K Free: 307315K (93%)
ptolemy.util.test.WatchDog.cancel(): canceling Sun May 12 04:18:07 UTC 2019
------------------ testing $PTII/ptolemy/domains/de/test/auto/Modal2.xml
auto.tcl: Setting watchdog for 200 seconds at Sun May 12 04:18:07 UTC 2019
18 ms. Memory: 331264K Free: 310714K (94%)
ptolemy.util.test.WatchDog.cancel(): canceling Sun May 12 04:18:07 UTC 2019
auto.tcl: Setting watchdog for 200 seconds at Sun May 12 04:18:07 UTC 2019
13 ms. Memory: 331264K Free: 307189K (93%)
ptolemy.util.test.WatchDog.cancel(): canceling Sun May 12 04:18:07 UTC 2019
------------------ testing $PTII/ptolemy/domains/de/test/auto/Modal3.xml
auto.tcl: Setting watchdog for 200 seconds at Sun May 12 04:18:07 UTC 2019
20 ms. Memory: 331264K Free: 305796K (92%)
ptolemy.util.test.WatchDog.cancel(): canceling Sun May 12 04:18:07 UTC 2019
auto.tcl: Setting watchdog for 200 seconds at Sun May 12 04:18:07 UTC 2019
13 ms. Memory: 331264K Free: 302271K (91%)
ptolemy.util.test.WatchDog.cancel(): canceling Sun May 12 04:18:07 UTC 2019
------------------ testing $PTII/ptolemy/domains/de/test/auto/Modal4.xml
auto.tcl: Setting watchdog for 200 seconds at Sun May 12 04:18:07 UTC 2019
12 ms. Memory: 331264K Free: 311399K (94%)
ptolemy.util.test.WatchDog.cancel(): canceling Sun May 12 04:18:07 UTC 2019
auto.tcl: Setting watchdog for 200 seconds at Sun May 12 04:18:07 UTC 2019
13 ms. Memory: 331264K Free: 307874K (93%)
ptolemy.util.test.WatchDog.cancel(): canceling Sun May 12 04:18:07 UTC 2019
------------------ testing $PTII/ptolemy/domains/de/test/auto/Modal5.xml
auto.tcl: Setting watchdog for 200 seconds at Sun May 12 04:18:07 UTC 2019
22 ms. Memory: 331264K Free: 310713K (94%)
ptolemy.util.test.WatchDog.cancel(): canceling Sun May 12 04:18:07 UTC 2019
auto.tcl: Setting watchdog for 200 seconds at Sun May 12 04:18:07 UTC 2019
17 ms. Memory: 331264K Free: 307188K (93%)
ptolemy.util.test.WatchDog.cancel(): canceling Sun May 12 04:18:07 UTC 2019
------------------ testing $PTII/ptolemy/domains/de/test/auto/Modal6.xml
auto.tcl: Setting watchdog for 200 seconds at Sun May 12 04:18:07 UTC 2019
20 ms. Memory: 331264K Free: 310710K (94%)
ptolemy.util.test.WatchDog.cancel(): canceling Sun May 12 04:18:07 UTC 2019
auto.tcl: Setting watchdog for 200 seconds at Sun May 12 04:18:07 UTC 2019
19 ms. Memory: 331264K Free: 307185K (93%)
ptolemy.util.test.WatchDog.cancel(): canceling Sun May 12 04:18:07 UTC 2019
------------------ testing $PTII/ptolemy/domains/de/test/auto/Modal7.xml
auto.tcl: Setting watchdog for 200 seconds at Sun May 12 04:18:07 UTC 2019
18 ms. Memory: 331264K Free: 307185K (93%)
ptolemy.util.test.WatchDog.cancel(): canceling Sun May 12 04:18:07 UTC 2019
auto.tcl: Setting watchdog for 200 seconds at Sun May 12 04:18:07 UTC 2019
10 ms. Memory: 331264K Free: 303660K (92%)
ptolemy.util.test.WatchDog.cancel(): canceling Sun May 12 04:18:07 UTC 2019
------------------ testing $PTII/ptolemy/domains/de/test/auto/ModalModel.xml
auto.tcl: Setting watchdog for 200 seconds at Sun May 12 04:18:07 UTC 2019
224 ms. Memory: 331264K Free: 248493K (75%)
ptolemy.util.test.WatchDog.cancel(): canceling Sun May 12 04:18:08 UTC 2019
auto.tcl: Setting watchdog for 200 seconds at Sun May 12 04:18:08 UTC 2019
170 ms. Memory: 331264K Free: 192094K (58%)
ptolemy.util.test.WatchDog.cancel(): canceling Sun May 12 04:18:08 UTC 2019
------------------ testing $PTII/ptolemy/domains/de/test/auto/ModalSource.xml
auto.tcl: Setting watchdog for 200 seconds at Sun May 12 04:18:08 UTC 2019
6 ms. Memory: 331264K Free: 316927K (96%)
ptolemy.util.test.WatchDog.cancel(): canceling Sun May 12 04:18:08 UTC 2019
auto.tcl: Setting watchdog for 200 seconds at Sun May 12 04:18:08 UTC 2019
7 ms. Memory: 331264K Free: 313692K (95%)
ptolemy.util.test.WatchDog.cancel(): canceling Sun May 12 04:18:08 UTC 2019
------------------ testing $PTII/ptolemy/domains/de/test/auto/NonInterruptibleTimerZeroDelay.xml
auto.tcl: Setting watchdog for 200 seconds at Sun May 12 04:18:08 UTC 2019
4 ms. Memory: 331264K Free: 321252K (97%)
ptolemy.util.test.WatchDog.cancel(): canceling Sun May 12 04:18:08 UTC 2019
auto.tcl: Setting watchdog for 200 seconds at Sun May 12 04:18:08 UTC 2019
2 ms. Memory: 331264K Free: 318018K (96%)
ptolemy.util.test.WatchDog.cancel(): canceling Sun May 12 04:18:08 UTC 2019
------------------ testing $PTII/ptolemy/domains/de/test/auto/OpenQueueingNetwork.xml
auto.tcl: Setting watchdog for 200 seconds at Sun May 12 04:18:08 UTC 2019
2942 ms. Memory: 573952K Free: 414360K (72%)
ptolemy.util.test.WatchDog.cancel(): canceling Sun May 12 04:18:11 UTC 2019
auto.tcl: Setting watchdog for 200 seconds at Sun May 12 04:18:11 UTC 2019
2193 ms. Memory: 550912K Free: 326731K (59%)
ptolemy.util.test.WatchDog.cancel(): canceling Sun May 12 04:18:13 UTC 2019
------------------ testing $PTII/ptolemy/domains/de/test/auto/OpenQueuingNetwork.xml
auto.tcl: Setting watchdog for 200 seconds at Sun May 12 04:18:13 UTC 2019
226 ms. Memory: 549888K Free: 446646K (81%)
ptolemy.util.test.WatchDog.cancel(): canceling Sun May 12 04:18:14 UTC 2019
auto.tcl: Setting watchdog for 200 seconds at Sun May 12 04:18:14 UTC 2019
212 ms. Memory: 549888K Free: 389550K (71%)
ptolemy.util.test.WatchDog.cancel(): canceling Sun May 12 04:18:14 UTC 2019
------------------ testing $PTII/ptolemy/domains/de/test/auto/PeriodicSampler.xml
auto.tcl: Setting watchdog for 200 seconds at Sun May 12 04:18:14 UTC 2019
3 ms. Memory: 551936K Free: 537129K (97%)
ptolemy.util.test.WatchDog.cancel(): canceling Sun May 12 04:18:14 UTC 2019
auto.tcl: Setting watchdog for 200 seconds at Sun May 12 04:18:14 UTC 2019
2 ms. Memory: 551936K Free: 537129K (97%)
ptolemy.util.test.WatchDog.cancel(): canceling Sun May 12 04:18:14 UTC 2019
------------------ testing $PTII/ptolemy/domains/de/test/auto/PersistentIO.xml
auto.tcl: Setting watchdog for 200 seconds at Sun May 12 04:18:14 UTC 2019
5 ms. Memory: 549376K Free: 525283K (96%)
ptolemy.util.test.WatchDog.cancel(): canceling Sun May 12 04:18:14 UTC 2019
auto.tcl: Setting watchdog for 200 seconds at Sun May 12 04:18:14 UTC 2019
4 ms. Memory: 549376K Free: 525283K (96%)
ptolemy.util.test.WatchDog.cancel(): canceling Sun May 12 04:18:14 UTC 2019
------------------ testing $PTII/ptolemy/domains/de/test/auto/PortParameterResetOnInitialize.xml
auto.tcl: Setting watchdog for 200 seconds at Sun May 12 04:18:14 UTC 2019
3 ms. Memory: 551424K Free: 532399K (97%)
ptolemy.util.test.WatchDog.cancel(): canceling Sun May 12 04:18:14 UTC 2019
auto.tcl: Setting watchdog for 200 seconds at Sun May 12 04:18:14 UTC 2019
5 ms. Memory: 551424K Free: 532399K (97%)
ptolemy.util.test.WatchDog.cancel(): canceling Sun May 12 04:18:14 UTC 2019
------------------ testing $PTII/ptolemy/domains/de/test/auto/PortParameterUpdates.xml
auto.tcl: Setting watchdog for 200 seconds at Sun May 12 04:18:14 UTC 2019
5 ms. Memory: 549376K Free: 529941K (96%)
ptolemy.util.test.WatchDog.cancel(): canceling Sun May 12 04:18:14 UTC 2019
auto.tcl: Setting watchdog for 200 seconds at Sun May 12 04:18:14 UTC 2019
4 ms. Memory: 549376K Free: 524735K (96%)
ptolemy.util.test.WatchDog.cancel(): canceling Sun May 12 04:18:14 UTC 2019
------------------ testing $PTII/ptolemy/domains/de/test/auto/QueueAndServer.xml
auto.tcl: Setting watchdog for 200 seconds at Sun May 12 04:18:14 UTC 2019
8 ms. Memory: 551424K Free: 526753K (96%)
ptolemy.util.test.WatchDog.cancel(): canceling Sun May 12 04:18:14 UTC 2019
auto.tcl: Setting watchdog for 200 seconds at Sun May 12 04:18:14 UTC 2019
5 ms. Memory: 551424K Free: 526753K (96%)
ptolemy.util.test.WatchDog.cancel(): canceling Sun May 12 04:18:14 UTC 2019
------------------ testing $PTII/ptolemy/domains/de/test/auto/Records.xml
auto.tcl: Setting watchdog for 200 seconds at Sun May 12 04:18:14 UTC 2019
9 ms. Memory: 549376K Free: 534526K (97%)
ptolemy.util.test.WatchDog.cancel(): canceling Sun May 12 04:18:14 UTC 2019
auto.tcl: Setting watchdog for 200 seconds at Sun May 12 04:18:14 UTC 2019
1 ms. Memory: 549376K Free: 529336K (96%)
ptolemy.util.test.WatchDog.cancel(): canceling Sun May 12 04:18:14 UTC 2019
------------------ testing $PTII/ptolemy/domains/de/test/auto/ResetTransitionWithStartTime1.xml
auto.tcl: Setting watchdog for 200 seconds at Sun May 12 04:18:14 UTC 2019
15 ms. Memory: 551424K Free: 531393K (96%)
ptolemy.util.test.WatchDog.cancel(): canceling Sun May 12 04:18:14 UTC 2019
auto.tcl: Setting watchdog for 200 seconds at Sun May 12 04:18:14 UTC 2019
7 ms. Memory: 551424K Free: 531393K (96%)
ptolemy.util.test.WatchDog.cancel(): canceling Sun May 12 04:18:14 UTC 2019
------------------ testing $PTII/ptolemy/domains/de/test/auto/ResetTransitionWithStartTime2.xml
auto.tcl: Setting watchdog for 200 seconds at Sun May 12 04:18:14 UTC 2019
10 ms. Memory: 549376K Free: 529880K (96%)
ptolemy.util.test.WatchDog.cancel(): canceling Sun May 12 04:18:14 UTC 2019
auto.tcl: Setting watchdog for 200 seconds at Sun May 12 04:18:14 UTC 2019
7 ms. Memory: 549376K Free: 529880K (96%)
ptolemy.util.test.WatchDog.cancel(): canceling Sun May 12 04:18:14 UTC 2019
------------------ testing $PTII/ptolemy/domains/de/test/auto/ResetTransitionWithStartTime3.xml
auto.tcl: Setting watchdog for 200 seconds at Sun May 12 04:18:15 UTC 2019
5 ms. Memory: 550912K Free: 530871K (96%)
ptolemy.util.test.WatchDog.cancel(): canceling Sun May 12 04:18:15 UTC 2019
auto.tcl: Setting watchdog for 200 seconds at Sun May 12 04:18:15 UTC 2019
8 ms. Memory: 550912K Free: 530871K (96%)
ptolemy.util.test.WatchDog.cancel(): canceling Sun May 12 04:18:15 UTC 2019
------------------ testing $PTII/ptolemy/domains/de/test/auto/ResetTransitionWithStartTime4.xml
auto.tcl: Setting watchdog for 200 seconds at Sun May 12 04:18:15 UTC 2019
8 ms. Memory: 549376K Free: 529349K (96%)
ptolemy.util.test.WatchDog.cancel(): canceling Sun May 12 04:18:15 UTC 2019
auto.tcl: Setting watchdog for 200 seconds at Sun May 12 04:18:15 UTC 2019
4 ms. Memory: 549376K Free: 529349K (96%)
ptolemy.util.test.WatchDog.cancel(): canceling Sun May 12 04:18:15 UTC 2019
------------------ testing $PTII/ptolemy/domains/de/test/auto/ResettableTimer1.xml
auto.tcl: Setting watchdog for 200 seconds at Sun May 12 04:18:15 UTC 2019
3 ms. Memory: 550912K Free: 536071K (97%)
ptolemy.util.test.WatchDog.cancel(): canceling Sun May 12 04:18:15 UTC 2019
auto.tcl: Setting watchdog for 200 seconds at Sun May 12 04:18:15 UTC 2019
2 ms. Memory: 550912K Free: 536071K (97%)
ptolemy.util.test.WatchDog.cancel(): canceling Sun May 12 04:18:15 UTC 2019
------------------ testing $PTII/ptolemy/domains/de/test/auto/ResettableTimer2.xml
auto.tcl: Setting watchdog for 200 seconds at Sun May 12 04:18:15 UTC 2019
3 ms. Memory: 549376K Free: 535136K (97%)
ptolemy.util.test.WatchDog.cancel(): canceling Sun May 12 04:18:15 UTC 2019
auto.tcl: Setting watchdog for 200 seconds at Sun May 12 04:18:15 UTC 2019
3 ms. Memory: 549376K Free: 535136K (97%)
ptolemy.util.test.WatchDog.cancel(): canceling Sun May 12 04:18:15 UTC 2019
------------------ testing $PTII/ptolemy/domains/de/test/auto/ResettableTimer3.xml
auto.tcl: Setting watchdog for 200 seconds at Sun May 12 04:18:15 UTC 2019
2 ms. Memory: 550912K Free: 536128K (97%)
ptolemy.util.test.WatchDog.cancel(): canceling Sun May 12 04:18:15 UTC 2019
auto.tcl: Setting watchdog for 200 seconds at Sun May 12 04:18:15 UTC 2019
1 ms. Memory: 550912K Free: 536128K (97%)
ptolemy.util.test.WatchDog.cancel(): canceling Sun May 12 04:18:15 UTC 2019
------------------ testing $PTII/ptolemy/domains/de/test/auto/ResettableTimer4.xml
auto.tcl: Setting watchdog for 200 seconds at Sun May 12 04:18:15 UTC 2019
2 ms. Memory: 549376K Free: 535148K (97%)
ptolemy.util.test.WatchDog.cancel(): canceling Sun May 12 04:18:15 UTC 2019
auto.tcl: Setting watchdog for 200 seconds at Sun May 12 04:18:15 UTC 2019
1 ms. Memory: 549376K Free: 535148K (97%)
ptolemy.util.test.WatchDog.cancel(): canceling Sun May 12 04:18:15 UTC 2019
------------------ testing $PTII/ptolemy/domains/de/test/auto/ResettableTimer5.xml
auto.tcl: Setting watchdog for 200 seconds at Sun May 12 04:18:15 UTC 2019
1 ms. Memory: 550400K Free: 531491K (97%)
ptolemy.util.test.WatchDog.cancel(): canceling Sun May 12 04:18:15 UTC 2019
auto.tcl: Setting watchdog for 200 seconds at Sun May 12 04:18:15 UTC 2019
1 ms. Memory: 550400K Free: 531491K (97%)
ptolemy.util.test.WatchDog.cancel(): canceling Sun May 12 04:18:15 UTC 2019
------------------ testing $PTII/ptolemy/domains/de/test/auto/ResettableTimer6.xml
auto.tcl: Setting watchdog for 200 seconds at Sun May 12 04:18:15 UTC 2019
1 ms. Memory: 549376K Free: 529873K (96%)
ptolemy.util.test.WatchDog.cancel(): canceling Sun May 12 04:18:15 UTC 2019
auto.tcl: Setting watchdog for 200 seconds at Sun May 12 04:18:15 UTC 2019
2 ms. Memory: 549376K Free: 529873K (96%)
ptolemy.util.test.WatchDog.cancel(): canceling Sun May 12 04:18:15 UTC 2019
------------------ testing $PTII/ptolemy/domains/de/test/auto/ServerZeroDelay.xml
auto.tcl: Setting watchdog for 200 seconds at Sun May 12 04:18:15 UTC 2019
6 ms. Memory: 550400K Free: 536110K (97%)
ptolemy.util.test.WatchDog.cancel(): canceling Sun May 12 04:18:15 UTC 2019
auto.tcl: Setting watchdog for 200 seconds at Sun May 12 04:18:15 UTC 2019
2 ms. Memory: 550400K Free: 536110K (97%)
ptolemy.util.test.WatchDog.cancel(): canceling Sun May 12 04:18:15 UTC 2019
------------------ testing $PTII/ptolemy/domains/de/test/auto/SmartSender.xml
auto.tcl: Setting watchdog for 200 seconds at Sun May 12 04:18:15 UTC 2019
3002 ms. Memory: 549376K Free: 530402K (97%)
ptolemy.util.test.WatchDog.cancel(): canceling Sun May 12 04:18:18 UTC 2019
auto.tcl: Setting watchdog for 200 seconds at Sun May 12 04:18:18 UTC 2019
3002 ms. Memory: 549376K Free: 530402K (97%)
ptolemy.util.test.WatchDog.cancel(): canceling Sun May 12 04:18:21 UTC 2019
------------------ testing $PTII/ptolemy/domains/de/test/auto/ThreadedComposite.xml
auto.tcl: Setting watchdog for 200 seconds at Sun May 12 04:18:21 UTC 2019
205 ms. Memory: 550400K Free: 511140K (93%)
ptolemy.util.test.WatchDog.cancel(): canceling Sun May 12 04:18:21 UTC 2019
auto.tcl: Setting watchdog for 200 seconds at Sun May 12 04:18:21 UTC 2019
207 ms. Memory: 550400K Free: 487231K (89%)
ptolemy.util.test.WatchDog.cancel(): canceling Sun May 12 04:18:22 UTC 2019
------------------ testing $PTII/ptolemy/domains/de/test/auto/Time.xml
auto.tcl: Setting watchdog for 200 seconds at Sun May 12 04:18:22 UTC 2019
475 ms. Memory: 549376K Free: 482787K (88%)
ptolemy.util.test.WatchDog.cancel(): canceling Sun May 12 04:18:22 UTC 2019
auto.tcl: Setting watchdog for 200 seconds at Sun May 12 04:18:22 UTC 2019
457 ms. Memory: 549376K Free: 430882K (78%)
ptolemy.util.test.WatchDog.cancel(): canceling Sun May 12 04:18:23 UTC 2019
------------------ testing $PTII/ptolemy/domains/de/test/auto/TimeDelayZeroDelay.xml
auto.tcl: Setting watchdog for 200 seconds at Sun May 12 04:18:23 UTC 2019
2 ms. Memory: 550400K Free: 535485K (97%)
ptolemy.util.test.WatchDog.cancel(): canceling Sun May 12 04:18:23 UTC 2019
auto.tcl: Setting watchdog for 200 seconds at Sun May 12 04:18:23 UTC 2019
1 ms. Memory: 550400K Free: 535485K (97%)
ptolemy.util.test.WatchDog.cancel(): canceling Sun May 12 04:18:23 UTC 2019
------------------ testing $PTII/ptolemy/domains/de/test/auto/TimerZeroDelay.xml
auto.tcl: Setting watchdog for 200 seconds at Sun May 12 04:18:23 UTC 2019
3 ms. Memory: 549376K Free: 535048K (97%)
ptolemy.util.test.WatchDog.cancel(): canceling Sun May 12 04:18:23 UTC 2019
auto.tcl: Setting watchdog for 200 seconds at Sun May 12 04:18:23 UTC 2019
3 ms. Memory: 549376K Free: 535048K (97%)
ptolemy.util.test.WatchDog.cancel(): canceling Sun May 12 04:18:23 UTC 2019
------------------ testing $PTII/ptolemy/domains/de/test/auto/TimingParadox.xml
auto.tcl: Setting watchdog for 200 seconds at Sun May 12 04:18:23 UTC 2019
368 ms. Memory: 549888K Free: 471044K (86%)
ptolemy.util.test.WatchDog.cancel(): canceling Sun May 12 04:18:23 UTC 2019
auto.tcl: Setting watchdog for 200 seconds at Sun May 12 04:18:23 UTC 2019
354 ms. Memory: 549888K Free: 434711K (79%)
ptolemy.util.test.WatchDog.cancel(): canceling Sun May 12 04:18:24 UTC 2019
------------------ testing $PTII/ptolemy/domains/de/test/auto/TransferInputs.xml
auto.tcl: Setting watchdog for 200 seconds at Sun May 12 04:18:24 UTC 2019
2 ms. Memory: 549888K Free: 534522K (97%)
ptolemy.util.test.WatchDog.cancel(): canceling Sun May 12 04:18:24 UTC 2019
auto.tcl: Setting watchdog for 200 seconds at Sun May 12 04:18:24 UTC 2019
2 ms. Memory: 549888K Free: 534522K (97%)
ptolemy.util.test.WatchDog.cancel(): canceling Sun May 12 04:18:24 UTC 2019
------------------ testing $PTII/ptolemy/domains/de/test/auto/TransferOutputs2.xml
auto.tcl: Setting watchdog for 200 seconds at Sun May 12 04:18:24 UTC 2019
3 ms. Memory: 549376K Free: 525241K (96%)
ptolemy.util.test.WatchDog.cancel(): canceling Sun May 12 04:18:24 UTC 2019
auto.tcl: Setting watchdog for 200 seconds at Sun May 12 04:18:24 UTC 2019
3 ms. Memory: 549376K Free: 525241K (96%)
ptolemy.util.test.WatchDog.cancel(): canceling Sun May 12 04:18:24 UTC 2019
------------------ testing $PTII/ptolemy/domains/de/test/auto/Trilateration.xml
auto.tcl: Setting watchdog for 200 seconds at Sun May 12 04:18:24 UTC 2019
13457 ms. Memory: 766976K Free: 249455K (33%)
ptolemy.util.test.WatchDog.cancel(): canceling Sun May 12 04:18:38 UTC 2019
auto.tcl: Setting watchdog for 200 seconds at Sun May 12 04:18:38 UTC 2019
10641 ms. Memory: 646144K Free: 111337K (17%)
ptolemy.util.test.WatchDog.cancel(): canceling Sun May 12 04:18:49 UTC 2019
------------------ testing $PTII/ptolemy/domains/de/test/auto/TwoSigmaDelta.xml
auto.tcl: Setting watchdog for 200 seconds at Sun May 12 04:18:49 UTC 2019
2800 ms. Memory: 649728K Free: 341646K (53%)
ptolemy.util.test.WatchDog.cancel(): canceling Sun May 12 04:18:52 UTC 2019
auto.tcl: Setting watchdog for 200 seconds at Sun May 12 04:18:52 UTC 2019
2088 ms. Memory: 649728K Free: 106443K (16%)
ptolemy.util.test.WatchDog.cancel(): canceling Sun May 12 04:18:54 UTC 2019
------------------ testing $PTII/ptolemy/domains/de/test/auto/VariableDelay.xml
auto.tcl: Setting watchdog for 200 seconds at Sun May 12 04:18:54 UTC 2019
3 ms. Memory: 646656K Free: 627511K (97%)
ptolemy.util.test.WatchDog.cancel(): canceling Sun May 12 04:18:54 UTC 2019
auto.tcl: Setting watchdog for 200 seconds at Sun May 12 04:18:54 UTC 2019
2 ms. Memory: 646656K Free: 627511K (97%)
ptolemy.util.test.WatchDog.cancel(): canceling Sun May 12 04:18:54 UTC 2019
------------------ testing $PTII/ptolemy/domains/de/test/auto/VariableDelay2.xml
auto.tcl: Setting watchdog for 200 seconds at Sun May 12 04:18:54 UTC 2019
6 ms. Memory: 646144K Free: 627488K (97%)
ptolemy.util.test.WatchDog.cancel(): canceling Sun May 12 04:18:54 UTC 2019
auto.tcl: Setting watchdog for 200 seconds at Sun May 12 04:18:54 UTC 2019
2 ms. Memory: 646144K Free: 627488K (97%)
ptolemy.util.test.WatchDog.cancel(): canceling Sun May 12 04:18:54 UTC 2019
------------------ testing $PTII/ptolemy/domains/de/test/auto/VariableDelayZeroDelay.xml
auto.tcl: Setting watchdog for 200 seconds at Sun May 12 04:18:54 UTC 2019
2 ms. Memory: 646144K Free: 621840K (96%)
ptolemy.util.test.WatchDog.cancel(): canceling Sun May 12 04:18:54 UTC 2019
auto.tcl: Setting watchdog for 200 seconds at Sun May 12 04:18:54 UTC 2019
2 ms. Memory: 646144K Free: 621840K (96%)
ptolemy.util.test.WatchDog.cancel(): canceling Sun May 12 04:18:54 UTC 2019
------------------ testing $PTII/ptolemy/domains/de/test/auto/VariableDelayZeroDelay2.xml
auto.tcl: Setting watchdog for 200 seconds at Sun May 12 04:18:54 UTC 2019
2 ms. Memory: 649216K Free: 624909K (96%)
ptolemy.util.test.WatchDog.cancel(): canceling Sun May 12 04:18:54 UTC 2019
auto.tcl: Setting watchdog for 200 seconds at Sun May 12 04:18:54 UTC 2019
2 ms. Memory: 649216K Free: 624909K (96%)
ptolemy.util.test.WatchDog.cancel(): canceling Sun May 12 04:18:54 UTC 2019
------------------ testing $PTII/ptolemy/domains/de/test/auto/deInCt.xml
auto.tcl: Setting watchdog for 200 seconds at Sun May 12 04:18:54 UTC 2019
0
1
1
1
1
1
1
1
0
0
0
1
1
1
0
0
0
1
1
1
1
0
0
0
0
0
19 ms. Memory: 646144K Free: 621759K (96%)
ptolemy.util.test.WatchDog.cancel(): canceling Sun May 12 04:18:54 UTC 2019
auto.tcl: Setting watchdog for 200 seconds at Sun May 12 04:18:54 UTC 2019
0
1
1
1
0
0
1
1
1
0
0
0
1
1
1
0
0
0
1
1
1
1
0
0
0
0
1
1
1
1
0
0
0
0
1
1
1
0
0
0
1
1
1
0
0
0
0
14 ms. Memory: 646144K Free: 621759K (96%)
ptolemy.util.test.WatchDog.cancel(): canceling Sun May 12 04:18:54 UTC 2019
------------------ testing $PTII/ptolemy/domains/de/test/auto/deInCt2.xml
auto.tcl: Setting watchdog for 200 seconds at Sun May 12 04:18:54 UTC 2019
0
1
1
1
0
0
1
1
1
0
0
1
1
1
0
0
1
1
1
0
0
1
1
1
0
0
1
1
1
0
0
1
1
1
0
0
1
1
1
0
0
0
11 ms. Memory: 648704K Free: 624394K (96%)
ptolemy.util.test.WatchDog.cancel(): canceling Sun May 12 04:18:54 UTC 2019
auto.tcl: Setting watchdog for 200 seconds at Sun May 12 04:18:54 UTC 2019
0
1
1
1
0
0
1
1
1
0
0
1
1
1
0
0
1
1
1
0
0
1
1
1
0
0
1
1
1
0
0
1
1
1
0
0
1
1
1
0
0
0
7 ms. Memory: 648704K Free: 624394K (96%)
ptolemy.util.test.WatchDog.cancel(): canceling Sun May 12 04:18:54 UTC 2019
------------------ testing $PTII/ptolemy/domains/de/test/auto/dynamicCausalityInterface1.xml
auto.tcl: Setting watchdog for 200 seconds at Sun May 12 04:18:54 UTC 2019
1 ms. Memory: 646144K Free: 613326K (95%)
ptolemy.util.test.WatchDog.cancel(): canceling Sun May 12 04:18:54 UTC 2019
auto.tcl: Setting watchdog for 200 seconds at Sun May 12 04:18:54 UTC 2019
1 ms. Memory: 646144K Free: 613326K (95%)
ptolemy.util.test.WatchDog.cancel(): canceling Sun May 12 04:18:54 UTC 2019
------------------ testing $PTII/ptolemy/domains/de/test/auto/fsm_de_test.xml
auto.tcl: Setting watchdog for 200 seconds at Sun May 12 04:18:54 UTC 2019
10 ms. Memory: 648192K Free: 623772K (96%)
ptolemy.util.test.WatchDog.cancel(): canceling Sun May 12 04:18:55 UTC 2019
auto.tcl: Setting watchdog for 200 seconds at Sun May 12 04:18:55 UTC 2019
4 ms. Memory: 648192K Free: 615268K (95%)
ptolemy.util.test.WatchDog.cancel(): canceling Sun May 12 04:18:55 UTC 2019
------------------ testing $PTII/ptolemy/domains/de/test/auto/functionDependencyReconstruction.xml
auto.tcl: Setting watchdog for 200 seconds at Sun May 12 04:18:55 UTC 2019
2 ms. Memory: 646144K Free: 613219K (95%)
ptolemy.util.test.WatchDog.cancel(): canceling Sun May 12 04:18:55 UTC 2019
auto.tcl: Setting watchdog for 200 seconds at Sun May 12 04:18:55 UTC 2019
2 ms. Memory: 646144K Free: 613219K (95%)
ptolemy.util.test.WatchDog.cancel(): canceling Sun May 12 04:18:55 UTC 2019
------------------ testing $PTII/ptolemy/domains/de/test/auto/multirate.xml
auto.tcl: Setting watchdog for 200 seconds at Sun May 12 04:18:55 UTC 2019
3 ms. Memory: 648192K Free: 623639K (96%)
ptolemy.util.test.WatchDog.cancel(): canceling Sun May 12 04:18:55 UTC 2019
auto.tcl: Setting watchdog for 200 seconds at Sun May 12 04:18:55 UTC 2019
3 ms. Memory: 648192K Free: 623639K (96%)
ptolemy.util.test.WatchDog.cancel(): canceling Sun May 12 04:18:55 UTC 2019
------------------ testing $PTII/ptolemy/domains/de/test/auto/multirate2.xml
auto.tcl: Setting watchdog for 200 seconds at Sun May 12 04:18:55 UTC 2019
4 ms. Memory: 646144K Free: 621779K (96%)
ptolemy.util.test.WatchDog.cancel(): canceling Sun May 12 04:18:55 UTC 2019
auto.tcl: Setting watchdog for 200 seconds at Sun May 12 04:18:55 UTC 2019
3 ms. Memory: 646144K Free: 621779K (96%)
ptolemy.util.test.WatchDog.cancel(): canceling Sun May 12 04:18:55 UTC 2019
------------------ testing $PTII/ptolemy/domains/de/test/auto/realtime.xml
auto.tcl: Setting watchdog for 200 seconds at Sun May 12 04:18:55 UTC 2019
10001 ms. Memory: 647680K Free: 623237K (96%)
ptolemy.util.test.WatchDog.cancel(): canceling Sun May 12 04:19:05 UTC 2019
auto.tcl: Setting watchdog for 200 seconds at Sun May 12 04:19:05 UTC 2019
10001 ms. Memory: 647680K Free: 623237K (96%)
ptolemy.util.test.WatchDog.cancel(): canceling Sun May 12 04:19:15 UTC 2019
------------------ testing $PTII/ptolemy/domains/de/test/auto/relationGroup.xml
auto.tcl: Setting watchdog for 200 seconds at Sun May 12 04:19:15 UTC 2019
2 ms. Memory: 646144K Free: 621803K (96%)
ptolemy.util.test.WatchDog.cancel(): canceling Sun May 12 04:19:15 UTC 2019
auto.tcl: Setting watchdog for 200 seconds at Sun May 12 04:19:15 UTC 2019
1 ms. Memory: 646144K Free: 621803K (96%)
ptolemy.util.test.WatchDog.cancel(): canceling Sun May 12 04:19:15 UTC 2019
------------------ testing $PTII/ptolemy/domains/de/test/auto/relationGroup2.xml
auto.tcl: Setting watchdog for 200 seconds at Sun May 12 04:19:15 UTC 2019
1 ms. Memory: 647680K Free: 623366K (96%)
ptolemy.util.test.WatchDog.cancel(): canceling Sun May 12 04:19:15 UTC 2019
auto.tcl: Setting watchdog for 200 seconds at Sun May 12 04:19:15 UTC 2019
2 ms. Memory: 647680K Free: 623366K (96%)
ptolemy.util.test.WatchDog.cancel(): canceling Sun May 12 04:19:15 UTC 2019
------------------ testing $PTII/ptolemy/domains/de/test/auto/sortWithOpaquePorts.xml
auto.tcl: Setting watchdog for 200 seconds at Sun May 12 04:19:15 UTC 2019
2 ms. Memory: 646144K Free: 627478K (97%)
ptolemy.util.test.WatchDog.cancel(): canceling Sun May 12 04:19:15 UTC 2019
auto.tcl: Setting watchdog for 200 seconds at Sun May 12 04:19:15 UTC 2019
2 ms. Memory: 646144K Free: 627478K (97%)
ptolemy.util.test.WatchDog.cancel(): canceling Sun May 12 04:19:15 UTC 2019
------------------ testing $PTII/ptolemy/domains/de/test/auto/transferInputsandOutputs.xml
auto.tcl: Setting watchdog for 200 seconds at Sun May 12 04:19:15 UTC 2019
2 ms. Memory: 647168K Free: 622842K (96%)
ptolemy.util.test.WatchDog.cancel(): canceling Sun May 12 04:19:15 UTC 2019
auto.tcl: Setting watchdog for 200 seconds at Sun May 12 04:19:15 UTC 2019
2 ms. Memory: 647168K Free: 622842K (96%)
ptolemy.util.test.WatchDog.cancel(): canceling Sun May 12 04:19:15 UTC 2019
------------------ testing $PTII/ptolemy/domains/de/test/auto/triggerType.xml
auto.tcl: Setting watchdog for 200 seconds at Sun May 12 04:19:15 UTC 2019
2 ms. Memory: 646144K Free: 621768K (96%)
ptolemy.util.test.WatchDog.cancel(): canceling Sun May 12 04:19:15 UTC 2019
auto.tcl: Setting watchdog for 200 seconds at Sun May 12 04:19:15 UTC 2019
1 ms. Memory: 646144K Free: 621768K (96%)
ptolemy.util.test.WatchDog.cancel(): canceling Sun May 12 04:19:15 UTC 2019
05/12/19 04:19:15
Failed: 0  Total Tests: 192  ((Passed: 187, Newly Passed: 1)  Known Failed: 5) /home/travis/build/icyphy/ptII/ptolemy/domains/de/test
05/12/19 04:19:15
Failed: 0  Total Tests: 192  ((Passed: 187, Newly Passed: 1)  Known Failed: 5) /home/travis/build/icyphy/ptII/ptolemy/domains/de/test
----------------- testing (KnownFailure) /home/travis/build/icyphy/ptII/ptolemy/domains/de/test/auto/knownFailedTests/DESDFClockTest.xml
2010 ms. Memory: 647168K Free: 611475K (94%)
Known Failure: java.lang.reflect.InvocationTargetException
----------------- testing (KnownFailure) /home/travis/build/icyphy/ptII/ptolemy/domains/de/test/auto/knownFailedTests/DirectFeedback.xml
6 ms. Memory: 647168K Free: 566296K (88%)
Known Failure: java.lang.reflect.InvocationTargetException
----------------- testing (KnownFailure) /home/travis/build/icyphy/ptII/ptolemy/domains/de/test/auto/knownFailedTests/FSMSource.xml
25 ms. Memory: 647168K Free: 521117K (81%)
----------------- testing (KnownFailure) /home/travis/build/icyphy/ptII/ptolemy/domains/de/test/auto/knownFailedTests/HierarchicalModel.xml
2 ms. Memory: 647168K Free: 487224K (75%)
Known Failure: java.lang.reflect.InvocationTargetException
----------------- testing (KnownFailure) /home/travis/build/icyphy/ptII/ptolemy/domains/de/test/auto/knownFailedTests/dependencyLoop.xml
2 ms. Memory: 647168K Free: 430734K (67%)
Known Failure: java.lang.reflect.InvocationTargetException
----------------- testing (KnownFailure) /home/travis/build/icyphy/ptII/ptolemy/domains/de/test/auto/knownFailedTests/dependencyLoop2.xml
3 ms. Memory: 647168K Free: 374245K (58%)
Known Failure: java.lang.reflect.InvocationTargetException
No auto/linux-amd64/*.xml tests in /home/travis/build/icyphy/ptII/ptolemy/domains/de/test
AutoTests.java: About to close Vertx.
AutoTests.java: Vertx closed.

===========================================================================================
----------------- testing Sun May 12 04:19:17 UTC 2019 /home/travis/build/icyphy/ptII/ptolemy/domains/de/test/auto/ActorDepthCalculation_actorWithoutPorts.xml
----------------- Instantiating /home/travis/build/icyphy/ptII/ptolemy/domains/de/test/auto/ActorDepthCalculation_actorWithoutPorts.xml
3 ms. Memory: 647168K Free: 317771K (49%)
----------------- Invoking toplevel() on ptolemy.moml.MoMLSimpleApplication@b8c70b0
----------------- Done invoking toplevel() on ptolemy.moml.MoMLSimpleApplication@b8c70b0
reloadAllAccessors: .ActorDepthCalculation_actorWithoutPorts

===========================================================================================
----------------- testing Sun May 12 04:19:17 UTC 2019 /home/travis/build/icyphy/ptII/ptolemy/domains/de/test/auto/AssemblyLine.xml
----------------- Instantiating /home/travis/build/icyphy/ptII/ptolemy/domains/de/test/auto/AssemblyLine.xml
4 ms. Memory: 647168K Free: 295181K (46%)
----------------- Invoking toplevel() on ptolemy.moml.MoMLSimpleApplication@313e91f6
----------------- Done invoking toplevel() on ptolemy.moml.MoMLSimpleApplication@313e91f6
reloadAllAccessors: .AssemblyLine

===========================================================================================
----------------- testing Sun May 12 04:19:17 UTC 2019 /home/travis/build/icyphy/ptII/ptolemy/domains/de/test/auto/CQBug1.xml
----------------- Instantiating /home/travis/build/icyphy/ptII/ptolemy/domains/de/test/auto/CQBug1.xml
1 ms. Memory: 647168K Free: 272592K (42%)
----------------- Invoking toplevel() on ptolemy.moml.MoMLSimpleApplication@76c9b0f8
----------------- Done invoking toplevel() on ptolemy.moml.MoMLSimpleApplication@76c9b0f8
reloadAllAccessors: .CQBug1

===========================================================================================
----------------- testing Sun May 12 04:19:17 UTC 2019 /home/travis/build/icyphy/ptII/ptolemy/domains/de/test/auto/CancelFireAt.xml
----------------- Instantiating /home/travis/build/icyphy/ptII/ptolemy/domains/de/test/auto/CancelFireAt.xml
1 ms. Memory: 647168K Free: 250002K (39%)
----------------- Invoking toplevel() on ptolemy.moml.MoMLSimpleApplication@1db57dfc
----------------- Done invoking toplevel() on ptolemy.moml.MoMLSimpleApplication@1db57dfc
reloadAllAccessors: .CancelFireAt

===========================================================================================
----------------- testing Sun May 12 04:19:17 UTC 2019 /home/travis/build/icyphy/ptII/ptolemy/domains/de/test/auto/CausalityAndComposabilityAnalysis.xml
----------------- Instantiating /home/travis/build/icyphy/ptII/ptolemy/domains/de/test/auto/CausalityAndComposabilityAnalysis.xml
2 ms. Memory: 647168K Free: 227413K (35%)
----------------- Invoking toplevel() on ptolemy.moml.MoMLSimpleApplication@507f00e1
----------------- Done invoking toplevel() on ptolemy.moml.MoMLSimpleApplication@507f00e1
reloadAllAccessors: .CausalityAndComposabilityAnalysis

===========================================================================================
----------------- testing Sun May 12 04:19:17 UTC 2019 /home/travis/build/icyphy/ptII/ptolemy/domains/de/test/auto/CausalityInterface1.xml
----------------- Instantiating /home/travis/build/icyphy/ptII/ptolemy/domains/de/test/auto/CausalityInterface1.xml
4 ms. Memory: 647168K Free: 204823K (32%)
----------------- Invoking toplevel() on ptolemy.moml.MoMLSimpleApplication@749f1ee6
----------------- Done invoking toplevel() on ptolemy.moml.MoMLSimpleApplication@749f1ee6
reloadAllAccessors: .CausalityInterface1

===========================================================================================
----------------- testing Sun May 12 04:19:17 UTC 2019 /home/travis/build/icyphy/ptII/ptolemy/domains/de/test/auto/CausalityInterface15.xml
----------------- Instantiating /home/travis/build/icyphy/ptII/ptolemy/domains/de/test/auto/CausalityInterface15.xml
1 ms. Memory: 647168K Free: 182234K (28%)
----------------- Invoking toplevel() on ptolemy.moml.MoMLSimpleApplication@3947668f
----------------- Done invoking toplevel() on ptolemy.moml.MoMLSimpleApplication@3947668f
reloadAllAccessors: .CausalityInterface15

[...]
java.lang.RuntimeException: Execution failed
	at ptolemy.moml.MoMLSimpleApplication$UnloadThread.run(MoMLSimpleApplication.java:402)
Caused by: ptolemy.kernel.util.IllegalActionException: Test fails in iteration 1.
Value was: 1.0. Should have been: 2.0
  in .DirectFeedback.Test
	at ptolemy.actor.lib.Test.fire(Test.java:268)
	at ptolemy.domains.de.kernel.DEDirector._fire(DEDirector.java:1949)
	at ptolemy.domains.de.kernel.DEDirector.fire(DEDirector.java:502)
	at ptolemy.actor.CompositeActor.fire(CompositeActor.java:455)
	at ptolemy.actor.Manager.iterate(Manager.java:851)
	at ptolemy.actor.Manager.execute(Manager.java:369)
	at ptolemy.actor.Manager.run(Manager.java:1263)
	at ptolemy.actor.Manager$PtolemyRunThread.run(Manager.java:1915)
java.lang.RuntimeException: Execution failed
	at ptolemy.moml.MoMLSimpleApplication$UnloadThread.run(MoMLSimpleApplication.java:402)
Caused by: ptolemy.kernel.util.IllegalActionException: Actor is not ready to fire.  Perhaps UpSample.prefire() returned false? Try debugging the actor by selecting "Listen to Actor".  Also, for SDF check moml for tokenConsumptionRate on input.
  in .DESDFClockTest.Play Bell.Copy1:SDF Director and .DESDFClockTest.Play Bell.UpSample
	at ptolemy.actor.sched.StaticSchedulingDirector.fire(StaticSchedulingDirector.java:227)
	at ptolemy.domains.sdf.kernel.SDFDirector.fire(SDFDirector.java:500)
	at ptolemy.actor.CompositeActor.fire(CompositeActor.java:455)
	at ptolemy.domains.de.kernel.DEDirector._fire(DEDirector.java:1949)
	at ptolemy.domains.de.kernel.DEDirector.fire(DEDirector.java:502)
	at ptolemy.actor.CompositeActor.fire(CompositeActor.java:455)
	at ptolemy.actor.Manager.iterate(Manager.java:851)
	at ptolemy.actor.Manager.execute(Manager.java:369)
	at ptolemy.actor.Manager.run(Manager.java:1263)
	at ptolemy.actor.Manager$PtolemyRunThread.run(Manager.java:1915)
java.lang.reflect.InvocationTargetException
	at sun.reflect.NativeConstructorAccessorImpl.newInstance0(Native Method)
	at sun.reflect.NativeConstructorAccessorImpl.newInstance(NativeConstructorAccessorImpl.java:62)
	at sun.reflect.DelegatingConstructorAccessorImpl.newInstance(DelegatingConstructorAccessorImpl.java:45)
	at java.lang.reflect.Constructor.newInstance(Constructor.java:423)
	at ptolemy.util.test.junit.AutoKnownFailedTests.RunModel(AutoKnownFailedTests.java:105)
	at sun.reflect.NativeMethodAccessorImpl.invoke0(Native Method)
	at sun.reflect.NativeMethodAccessorImpl.invoke(NativeMethodAccessorImpl.java:62)
	at sun.reflect.DelegatingMethodAccessorImpl.invoke(DelegatingMethodAccessorImpl.java:43)
	at java.lang.reflect.Method.invoke(Method.java:498)
	at org.junit.runners.model.FrameworkMethod$1.runReflectiveCall(FrameworkMethod.java:44)
	at org.junit.internal.runners.model.ReflectiveCallable.run(ReflectiveCallable.java:15)
	at org.junit.runners.model.FrameworkMethod.invokeExplosively(FrameworkMethod.java:41)
	at junitparams.internal.InvokeParameterisedMethod.evaluate(InvokeParameterisedMethod.java:102)
	at org.junit.internal.runners.statements.FailOnTimeout$1.run(FailOnTimeout.java:28)
Caused by: ptolemy.kernel.util.IllegalActionException: Actor is not ready to fire.  Perhaps UpSample.prefire() returned false? Try debugging the actor by selecting "Listen to Actor".  Also, for SDF check moml for tokenConsumptionRate on input.
  in .DESDFClockTest.Play Bell.Copy1:SDF Director and .DESDFClockTest.Play Bell.UpSample
	at ptolemy.actor.sched.StaticSchedulingDirector.fire(StaticSchedulingDirector.java:227)
	at ptolemy.domains.sdf.kernel.SDFDirector.fire(SDFDirector.java:500)
	at ptolemy.actor.CompositeActor.fire(CompositeActor.java:455)
	at ptolemy.domains.de.kernel.DEDirector._fire(DEDirector.java:1949)
	at ptolemy.domains.de.kernel.DEDirector.fire(DEDirector.java:502)
	at ptolemy.actor.CompositeActor.fire(CompositeActor.java:455)
	at ptolemy.actor.Manager.iterate(Manager.java:851)
	at ptolemy.actor.Manager.execute(Manager.java:369)
	at ptolemy.actor.Manager.run(Manager.java:1263)
	at ptolemy.actor.Manager$PtolemyRunThread.run(Manager.java:1915)
java.lang.RuntimeException: Execution failed
	at ptolemy.moml.MoMLSimpleApplication$UnloadThread.run(MoMLSimpleApplication.java:402)
Caused by: ptolemy.kernel.util.IllegalActionException: Test fails in iteration 1.
Value was: 1.0. Should have been: 2.0
  in .DirectFeedback.Test
	at ptolemy.actor.lib.Test.fire(Test.java:268)
	at ptolemy.domains.de.kernel.DEDirector._fire(DEDirector.java:1949)
	at ptolemy.domains.de.kernel.DEDirector.fire(DEDirector.java:502)
	at ptolemy.actor.CompositeActor.fire(CompositeActor.java:455)
	at ptolemy.actor.Manager.iterate(Manager.java:851)
	at ptolemy.actor.Manager.execute(Manager.java:369)
	at ptolemy.actor.Manager.run(Manager.java:1263)
	at ptolemy.actor.Manager$PtolemyRunThread.run(Manager.java:1915)
java.lang.reflect.InvocationTargetException
	at sun.reflect.NativeConstructorAccessorImpl.newInstance0(Native Method)
	at sun.reflect.NativeConstructorAccessorImpl.newInstance(NativeConstructorAccessorImpl.java:62)
	at sun.reflect.DelegatingConstructorAccessorImpl.newInstance(DelegatingConstructorAccessorImpl.java:45)
	at java.lang.reflect.Constructor.newInstance(Constructor.java:423)
	at ptolemy.util.test.junit.AutoKnownFailedTests.RunModel(AutoKnownFailedTests.java:105)
	at sun.reflect.NativeMethodAccessorImpl.invoke0(Native Method)
	at sun.reflect.NativeMethodAccessorImpl.invoke(NativeMethodAccessorImpl.java:62)
	at sun.reflect.DelegatingMethodAccessorImpl.invoke(DelegatingMethodAccessorImpl.java:43)
	at java.lang.reflect.Method.invoke(Method.java:498)
	at org.junit.runners.model.FrameworkMethod$1.runReflectiveCall(FrameworkMethod.java:44)
	at org.junit.internal.runners.model.ReflectiveCallable.run(ReflectiveCallable.java:15)
	at org.junit.runners.model.FrameworkMethod.invokeExplosively(FrameworkMethod.java:41)
	at junitparams.internal.InvokeParameterisedMethod.evaluate(InvokeParameterisedMethod.java:102)
	at org.junit.internal.runners.statements.FailOnTimeout$1.run(FailOnTimeout.java:28)
Caused by: ptolemy.kernel.util.IllegalActionException: Test fails in iteration 1.
Value was: 1.0. Should have been: 2.0
  in .DirectFeedback.Test
	at ptolemy.actor.lib.Test.fire(Test.java:268)
	at ptolemy.domains.de.kernel.DEDirector._fire(DEDirector.java:1949)
	at ptolemy.domains.de.kernel.DEDirector.fire(DEDirector.java:502)
	at ptolemy.actor.CompositeActor.fire(CompositeActor.java:455)
	at ptolemy.actor.Manager.iterate(Manager.java:851)
	at ptolemy.actor.Manager.execute(Manager.java:369)
	at ptolemy.actor.Manager.run(Manager.java:1263)
	at ptolemy.actor.Manager$PtolemyRunThread.run(Manager.java:1915)
java.lang.RuntimeException: Execution failed
	at ptolemy.moml.MoMLSimpleApplication$UnloadThread.run(MoMLSimpleApplication.java:402)
Caused by: ptolemy.kernel.util.IllegalActionException: Found a zero delay loop containing .HierarchicalModel.A
  in .HierarchicalModel and .HierarchicalModel.A
	at ptolemy.actor.util.CausalityInterfaceForComposites._computeOutputPortDepth(CausalityInterfaceForComposites.java:759)
	at ptolemy.actor.util.CausalityInterfaceForComposites._computeInputDepth(CausalityInterfaceForComposites.java:696)
	at ptolemy.actor.util.CausalityInterfaceForComposites._computeOutputPortDepth(CausalityInterfaceForComposites.java:765)
	at ptolemy.actor.util.CausalityInterfaceForComposites._computeInputDepth(CausalityInterfaceForComposites.java:696)
	at ptolemy.actor.util.CausalityInterfaceForComposites._computeOutputPortDepth(CausalityInterfaceForComposites.java:765)
	at ptolemy.actor.util.CausalityInterfaceForComposites._computeInputDepth(CausalityInterfaceForComposites.java:696)
	at ptolemy.actor.util.CausalityInterfaceForComposites._computeActorDepth(CausalityInterfaceForComposites.java:532)
	at ptolemy.actor.util.CausalityInterfaceForComposites.checkForCycles(CausalityInterfaceForComposites.java:96)
	at ptolemy.domains.de.kernel.DEDirector.preinitialize(DEDirector.java:1338)
	at ptolemy.actor.CompositeActor.preinitialize(CompositeActor.java:1828)
	at ptolemy.actor.Manager.preinitializeAndResolveTypes(Manager.java:1040)
	at ptolemy.actor.Manager.initialize(Manager.java:710)
	at ptolemy.actor.Manager.execute(Manager.java:356)
	at ptolemy.actor.Manager.run(Manager.java:1263)
	at ptolemy.actor.Manager$PtolemyRunThread.run(Manager.java:1915)
java.lang.reflect.InvocationTargetException
	at sun.reflect.NativeConstructorAccessorImpl.newInstance0(Native Method)
	at sun.reflect.NativeConstructorAccessorImpl.newInstance(NativeConstructorAccessorImpl.java:62)
	at sun.reflect.DelegatingConstructorAccessorImpl.newInstance(DelegatingConstructorAccessorImpl.java:45)
	at java.lang.reflect.Constructor.newInstance(Constructor.java:423)
	at ptolemy.util.test.junit.AutoKnownFailedTests.RunModel(AutoKnownFailedTests.java:105)
	at sun.reflect.NativeMethodAccessorImpl.invoke0(Native Method)
	at sun.reflect.NativeMethodAccessorImpl.invoke(NativeMethodAccessorImpl.java:62)
	at sun.reflect.DelegatingMethodAccessorImpl.invoke(DelegatingMethodAccessorImpl.java:43)
	at java.lang.reflect.Method.invoke(Method.java:498)
	at org.junit.runners.model.FrameworkMethod$1.runReflectiveCall(FrameworkMethod.java:44)
	at org.junit.internal.runners.model.ReflectiveCallable.run(ReflectiveCallable.java:15)
	at org.junit.runners.model.FrameworkMethod.invokeExplosively(FrameworkMethod.java:41)
	at junitparams.internal.InvokeParameterisedMethod.evaluate(InvokeParameterisedMethod.java:102)
	at org.junit.internal.runners.statements.FailOnTimeout$1.run(FailOnTimeout.java:28)
Caused by: ptolemy.kernel.util.IllegalActionException: Found a zero delay loop containing .HierarchicalModel.A
  in .HierarchicalModel and .HierarchicalModel.A
	at ptolemy.actor.util.CausalityInterfaceForComposites._computeOutputPortDepth(CausalityInterfaceForComposites.java:759)
	at ptolemy.actor.util.CausalityInterfaceForComposites._computeInputDepth(CausalityInterfaceForComposites.java:696)
	at ptolemy.actor.util.CausalityInterfaceForComposites._computeOutputPortDepth(CausalityInterfaceForComposites.java:765)
	at ptolemy.actor.util.CausalityInterfaceForComposites._computeInputDepth(CausalityInterfaceForComposites.java:696)
	at ptolemy.actor.util.CausalityInterfaceForComposites._computeOutputPortDepth(CausalityInterfaceForComposites.java:765)
	at ptolemy.actor.util.CausalityInterfaceForComposites._computeInputDepth(CausalityInterfaceForComposites.java:696)
	at ptolemy.actor.util.CausalityInterfaceForComposites._computeActorDepth(CausalityInterfaceForComposites.java:532)
	at ptolemy.actor.util.CausalityInterfaceForComposites.checkForCycles(CausalityInterfaceForComposites.java:96)
	at ptolemy.domains.de.kernel.DEDirector.preinitialize(DEDirector.java:1338)
	at ptolemy.actor.CompositeActor.preinitialize(CompositeActor.java:1828)
	at ptolemy.actor.Manager.preinitializeAndResolveTypes(Manager.java:1040)
	at ptolemy.actor.Manager.initialize(Manager.java:710)
	at ptolemy.actor.Manager.execute(Manager.java:356)
	at ptolemy.actor.Manager.run(Manager.java:1263)
	at ptolemy.actor.Manager$PtolemyRunThread.run(Manager.java:1915)
java.lang.RuntimeException: Execution failed
	at ptolemy.moml.MoMLSimpleApplication$UnloadThread.run(MoMLSimpleApplication.java:402)
Caused by: ptolemy.kernel.util.IllegalActionException: Found a zero delay loop containing .dependencyLoop.original
  in .dependencyLoop and .dependencyLoop.original
	at ptolemy.actor.util.CausalityInterfaceForComposites._computeOutputPortDepth(CausalityInterfaceForComposites.java:759)
	at ptolemy.actor.util.CausalityInterfaceForComposites._computeInputDepth(CausalityInterfaceForComposites.java:696)
	at ptolemy.actor.util.CausalityInterfaceForComposites._computeOutputPortDepth(CausalityInterfaceForComposites.java:765)
	at ptolemy.actor.util.CausalityInterfaceForComposites._computeInputDepth(CausalityInterfaceForComposites.java:696)
	at ptolemy.actor.util.CausalityInterfaceForComposites._computeOutputPortDepth(CausalityInterfaceForComposites.java:765)
	at ptolemy.actor.util.CausalityInterfaceForComposites._computeInputDepth(CausalityInterfaceForComposites.java:696)
	at ptolemy.actor.util.CausalityInterfaceForComposites._computeActorDepth(CausalityInterfaceForComposites.java:532)
	at ptolemy.actor.util.CausalityInterfaceForComposites.checkForCycles(CausalityInterfaceForComposites.java:96)
	at ptolemy.domains.de.kernel.DEDirector.preinitialize(DEDirector.java:1338)
	at ptolemy.actor.CompositeActor.preinitialize(CompositeActor.java:1828)
	at ptolemy.actor.Manager.preinitializeAndResolveTypes(Manager.java:1040)
	at ptolemy.actor.Manager.initialize(Manager.java:710)
	at ptolemy.actor.Manager.execute(Manager.java:356)
	at ptolemy.actor.Manager.run(Manager.java:1263)
	at ptolemy.actor.Manager$PtolemyRunThread.run(Manager.java:1915)
java.lang.reflect.InvocationTargetException
	at sun.reflect.NativeConstructorAccessorImpl.newInstance0(Native Method)
	at sun.reflect.NativeConstructorAccessorImpl.newInstance(NativeConstructorAccessorImpl.java:62)
	at sun.reflect.DelegatingConstructorAccessorImpl.newInstance(DelegatingConstructorAccessorImpl.java:45)
	at java.lang.reflect.Constructor.newInstance(Constructor.java:423)
	at ptolemy.util.test.junit.AutoKnownFailedTests.RunModel(AutoKnownFailedTests.java:105)
	at sun.reflect.NativeMethodAccessorImpl.invoke0(Native Method)
	at sun.reflect.NativeMethodAccessorImpl.invoke(NativeMethodAccessorImpl.java:62)
	at sun.reflect.DelegatingMethodAccessorImpl.invoke(DelegatingMethodAccessorImpl.java:43)
	at java.lang.reflect.Method.invoke(Method.java:498)
	at org.junit.runners.model.FrameworkMethod$1.runReflectiveCall(FrameworkMethod.java:44)
	at org.junit.internal.runners.model.ReflectiveCallable.run(ReflectiveCallable.java:15)
	at org.junit.runners.model.FrameworkMethod.invokeExplosively(FrameworkMethod.java:41)
	at junitparams.internal.InvokeParameterisedMethod.evaluate(InvokeParameterisedMethod.java:102)
	at org.junit.internal.runners.statements.FailOnTimeout$1.run(FailOnTimeout.java:28)
Caused by: ptolemy.kernel.util.IllegalActionException: Found a zero delay loop containing .dependencyLoop.original
  in .dependencyLoop and .dependencyLoop.original
	at ptolemy.actor.util.CausalityInterfaceForComposites._computeOutputPortDepth(CausalityInterfaceForComposites.java:759)
	at ptolemy.actor.util.CausalityInterfaceForComposites._computeInputDepth(CausalityInterfaceForComposites.java:696)
	at ptolemy.actor.util.CausalityInterfaceForComposites._computeOutputPortDepth(CausalityInterfaceForComposites.java:765)
	at ptolemy.actor.util.CausalityInterfaceForComposites._computeInputDepth(CausalityInterfaceForComposites.java:696)
	at ptolemy.actor.util.CausalityInterfaceForComposites._computeOutputPortDepth(CausalityInterfaceForComposites.java:765)
	at ptolemy.actor.util.CausalityInterfaceForComposites._computeInputDepth(CausalityInterfaceForComposites.java:696)
	at ptolemy.actor.util.CausalityInterfaceForComposites._computeActorDepth(CausalityInterfaceForComposites.java:532)
	at ptolemy.actor.util.CausalityInterfaceForComposites.checkForCycles(CausalityInterfaceForComposites.java:96)
	at ptolemy.domains.de.kernel.DEDirector.preinitialize(DEDirector.java:1338)
	at ptolemy.actor.CompositeActor.preinitialize(CompositeActor.java:1828)
	at ptolemy.actor.Manager.preinitializeAndResolveTypes(Manager.java:1040)
	at ptolemy.actor.Manager.initialize(Manager.java:710)
	at ptolemy.actor.Manager.execute(Manager.java:356)
	at ptolemy.actor.Manager.run(Manager.java:1263)
	at ptolemy.actor.Manager$PtolemyRunThread.run(Manager.java:1915)
java.lang.RuntimeException: Execution failed
	at ptolemy.moml.MoMLSimpleApplication$UnloadThread.run(MoMLSimpleApplication.java:402)
Caused by: ptolemy.kernel.util.IllegalActionException: Found a zero delay loop containing .dependencyLoop2.original
  in .dependencyLoop2 and .dependencyLoop2.original
	at ptolemy.actor.util.CausalityInterfaceForComposites._computeOutputPortDepth(CausalityInterfaceForComposites.java:759)
	at ptolemy.actor.util.CausalityInterfaceForComposites._computeInputDepth(CausalityInterfaceForComposites.java:696)
	at ptolemy.actor.util.CausalityInterfaceForComposites._computeOutputPortDepth(CausalityInterfaceForComposites.java:765)
	at ptolemy.actor.util.CausalityInterfaceForComposites._computeInputDepth(CausalityInterfaceForComposites.java:696)
	at ptolemy.actor.util.CausalityInterfaceForComposites._computeOutputPortDepth(CausalityInterfaceForComposites.java:765)
	at ptolemy.actor.util.CausalityInterfaceForComposites._computeInputDepth(CausalityInterfaceForComposites.java:696)
	at ptolemy.actor.util.CausalityInterfaceForComposites._computeActorDepth(CausalityInterfaceForComposites.java:532)
	at ptolemy.actor.util.CausalityInterfaceForComposites.checkForCycles(CausalityInterfaceForComposites.java:96)
	at ptolemy.domains.de.kernel.DEDirector.preinitialize(DEDirector.java:1338)
	at ptolemy.actor.CompositeActor.preinitialize(CompositeActor.java:1828)
	at ptolemy.actor.Manager.preinitializeAndResolveTypes(Manager.java:1040)
	at ptolemy.actor.Manager.initialize(Manager.java:710)
	at ptolemy.actor.Manager.execute(Manager.java:356)
	at ptolemy.actor.Manager.run(Manager.java:1263)
	at ptolemy.actor.Manager$PtolemyRunThread.run(Manager.java:1915)
java.lang.reflect.InvocationTargetException
	at sun.reflect.NativeConstructorAccessorImpl.newInstance0(Native Method)
	at sun.reflect.NativeConstructorAccessorImpl.newInstance(NativeConstructorAccessorImpl.java:62)
	at sun.reflect.DelegatingConstructorAccessorImpl.newInstance(DelegatingConstructorAccessorImpl.java:45)
	at java.lang.reflect.Constructor.newInstance(Constructor.java:423)
	at ptolemy.util.test.junit.AutoKnownFailedTests.RunModel(AutoKnownFailedTests.java:105)
	at sun.reflect.NativeMethodAccessorImpl.invoke0(Native Method)
	at sun.reflect.NativeMethodAccessorImpl.invoke(NativeMethodAccessorImpl.java:62)
	at sun.reflect.DelegatingMethodAccessorImpl.invoke(DelegatingMethodAccessorImpl.java:43)
	at java.lang.reflect.Method.invoke(Method.java:498)
	at org.junit.runners.model.FrameworkMethod$1.runReflectiveCall(FrameworkMethod.java:44)
	at org.junit.internal.runners.model.ReflectiveCallable.run(ReflectiveCallable.java:15)
	at org.junit.runners.model.FrameworkMethod.invokeExplosively(FrameworkMethod.java:41)
	at junitparams.internal.InvokeParameterisedMethod.evaluate(InvokeParameterisedMethod.java:102)
	at org.junit.internal.runners.statements.FailOnTimeout$1.run(FailOnTimeout.java:28)
Caused by: ptolemy.kernel.util.IllegalActionException: Found a zero delay loop containing .dependencyLoop2.original
  in .dependencyLoop2 and .dependencyLoop2.original
	at ptolemy.actor.util.CausalityInterfaceForComposites._computeOutputPortDepth(CausalityInterfaceForComposites.java:759)
	at ptolemy.actor.util.CausalityInterfaceForComposites._computeInputDepth(CausalityInterfaceForComposites.java:696)
	at ptolemy.actor.util.CausalityInterfaceForComposites._computeOutputPortDepth(CausalityInterfaceForComposites.java:765)
	at ptolemy.actor.util.CausalityInterfaceForComposites._computeInputDepth(CausalityInterfaceForComposites.java:696)
	at ptolemy.actor.util.CausalityInterfaceForComposites._computeOutputPortDepth(CausalityInterfaceForComposites.java:765)
	at ptolemy.actor.util.CausalityInterfaceForComposites._computeInputDepth(CausalityInterfaceForComposites.java:696)
	at ptolemy.actor.util.CausalityInterfaceForComposites._computeActorDepth(CausalityInterfaceForComposites.java:532)
	at ptolemy.actor.util.CausalityInterfaceForComposites.checkForCycles(CausalityInterfaceForComposites.java:96)
	at ptolemy.domains.de.kernel.DEDirector.preinitialize(DEDirector.java:1338)
	at ptolemy.actor.CompositeActor.preinitialize(CompositeActor.java:1828)
	at ptolemy.actor.Manager.preinitializeAndResolveTypes(Manager.java:1040)
	at ptolemy.actor.Manager.initialize(Manager.java:710)
	at ptolemy.actor.Manager.execute(Manager.java:356)
	at ptolemy.actor.Manager.run(Manager.java:1263)
	at ptolemy.actor.Manager$PtolemyRunThread.run(Manager.java:1915)
]]></system-err>
</testsuite>
