<?xml version="1.0" encoding="UTF-8" ?>
<testsuite errors="0" failures="0" hostname="travis-job-29bf93a4-e9c5-4439-bdfb-186d2d001a9b" name="ptolemy.domains.modal.test.junit.JUnitTclTest" skipped="0" tests="148" time="10.944" timestamp="2019-07-10T06:43:13">
  <properties>
[...]
</properties>
  <testcase classname="ptolemy.util.test.junit.TclTests" name="[0] /home/travis/build/icyphy/ptII/ptolemy/domains/modal/test/SystemLevelType.tcl (RunTclFile)" time="1.967" />
  <testcase classname="ptolemy.util.test.junit.AutoKnownFailedTests" name="[0] /home/travis/build/icyphy/ptII/ptolemy/domains/modal/test/auto/knownFailedTests/CannotAnalysisWithPreemption.xml (RunModel)" time="0.269" />
  <testcase classname="ptolemy.util.test.junit.AutoNameArchTests" name="[0] ThereAreNoAutoArchTests (RunModel)" time="0.009" />
  <testcase classname="ptolemy.util.test.junit.AutoTests" name="[0] /home/travis/build/icyphy/ptII/ptolemy/domains/modal/test/auto/ABPTest.xml (RunModel)" time="0.8" />
  <testcase classname="ptolemy.util.test.junit.AutoTests" name="[1] /home/travis/build/icyphy/ptII/ptolemy/domains/modal/test/auto/ABROFlat.xml (RunModel)" time="0.075" />
  <testcase classname="ptolemy.util.test.junit.AutoTests" name="[2] /home/travis/build/icyphy/ptII/ptolemy/domains/modal/test/auto/ABROFlat2.xml (RunModel)" time="0.082" />
  <testcase classname="ptolemy.util.test.junit.AutoTests" name="[3] /home/travis/build/icyphy/ptII/ptolemy/domains/modal/test/auto/ABRO_present_hmm.xml (RunModel)" time="0.097" />
  <testcase classname="ptolemy.util.test.junit.AutoTests" name="[4] /home/travis/build/icyphy/ptII/ptolemy/domains/modal/test/auto/AMICoderExample.xml (RunModel)" time="0.085" />
  <testcase classname="ptolemy.util.test.junit.AutoTests" name="[5] /home/travis/build/icyphy/ptII/ptolemy/domains/modal/test/auto/AbsentToPresent.xml (RunModel)" time="0.026" />
  <testcase classname="ptolemy.util.test.junit.AutoTests" name="[6] /home/travis/build/icyphy/ptII/ptolemy/domains/modal/test/auto/Blending.xml (RunModel)" time="0.28" />
  <testcase classname="ptolemy.util.test.junit.AutoTests" name="[7] /home/travis/build/icyphy/ptII/ptolemy/domains/modal/test/auto/Broadcast.xml (RunModel)" time="0.039" />
  <testcase classname="ptolemy.util.test.junit.AutoTests" name="[8] /home/travis/build/icyphy/ptII/ptolemy/domains/modal/test/auto/BroadcastHierarchy.xml (RunModel)" time="0.058" />
  <testcase classname="ptolemy.util.test.junit.AutoTests" name="[9] /home/travis/build/icyphy/ptII/ptolemy/domains/modal/test/auto/BroadcastHierarchy2.xml (RunModel)" time="0.118" />
  <testcase classname="ptolemy.util.test.junit.AutoTests" name="[10] /home/travis/build/icyphy/ptII/ptolemy/domains/modal/test/auto/BroadcastHierarchy3.xml (RunModel)" time="0.066" />
  <testcase classname="ptolemy.util.test.junit.AutoTests" name="[11] /home/travis/build/icyphy/ptII/ptolemy/domains/modal/test/auto/BroadcastHierarchy4.xml (RunModel)" time="0.107" />
  <testcase classname="ptolemy.util.test.junit.AutoTests" name="[12] /home/travis/build/icyphy/ptII/ptolemy/domains/modal/test/auto/CannotAnalysisWithPreemption2.xml (RunModel)" time="0.036" />
  <testcase classname="ptolemy.util.test.junit.AutoTests" name="[13] /home/travis/build/icyphy/ptII/ptolemy/domains/modal/test/auto/CannotAnalysisWithPreemption3.xml (RunModel)" time="0.038" />
  <testcase classname="ptolemy.util.test.junit.AutoTests" name="[14] /home/travis/build/icyphy/ptII/ptolemy/domains/modal/test/auto/CannotProduce.xml (RunModel)" time="0.035" />
  <testcase classname="ptolemy.util.test.junit.AutoTests" name="[15] /home/travis/build/icyphy/ptII/ptolemy/domains/modal/test/auto/CannotProduceModal.xml (RunModel)" time="0.031" />
  <testcase classname="ptolemy.util.test.junit.AutoTests" name="[16] /home/travis/build/icyphy/ptII/ptolemy/domains/modal/test/auto/Case.xml (RunModel)" time="0.078" />
  <testcase classname="ptolemy.util.test.junit.AutoTests" name="[17] /home/travis/build/icyphy/ptII/ptolemy/domains/modal/test/auto/Case1.xml (RunModel)" time="0.041" />
  <testcase classname="ptolemy.util.test.junit.AutoTests" name="[18] /home/travis/build/icyphy/ptII/ptolemy/domains/modal/test/auto/Case2.xml (RunModel)" time="0.05" />
  <testcase classname="ptolemy.util.test.junit.AutoTests" name="[19] /home/travis/build/icyphy/ptII/ptolemy/domains/modal/test/auto/CausalityInterface1.xml (RunModel)" time="0.033" />
  <testcase classname="ptolemy.util.test.junit.AutoTests" name="[20] /home/travis/build/icyphy/ptII/ptolemy/domains/modal/test/auto/CausalityInterface10.xml (RunModel)" time="0.065" />
  <testcase classname="ptolemy.util.test.junit.AutoTests" name="[21] /home/travis/build/icyphy/ptII/ptolemy/domains/modal/test/auto/CausalityInterface11.xml (RunModel)" time="0.054" />
  <testcase classname="ptolemy.util.test.junit.AutoTests" name="[22] /home/travis/build/icyphy/ptII/ptolemy/domains/modal/test/auto/CausalityInterface12.xml (RunModel)" time="0.08" />
  <testcase classname="ptolemy.util.test.junit.AutoTests" name="[23] /home/travis/build/icyphy/ptII/ptolemy/domains/modal/test/auto/CausalityInterface13.xml (RunModel)" time="0.054" />
  <testcase classname="ptolemy.util.test.junit.AutoTests" name="[24] /home/travis/build/icyphy/ptII/ptolemy/domains/modal/test/auto/CausalityInterface14.xml (RunModel)" time="0.047" />
  <testcase classname="ptolemy.util.test.junit.AutoTests" name="[25] /home/travis/build/icyphy/ptII/ptolemy/domains/modal/test/auto/CausalityInterface2.xml (RunModel)" time="0.032" />
  <testcase classname="ptolemy.util.test.junit.AutoTests" name="[26] /home/travis/build/icyphy/ptII/ptolemy/domains/modal/test/auto/CausalityInterface3.xml (RunModel)" time="0.029" />
  <testcase classname="ptolemy.util.test.junit.AutoTests" name="[27] /home/travis/build/icyphy/ptII/ptolemy/domains/modal/test/auto/CausalityInterface4.xml (RunModel)" time="0.027" />
  <testcase classname="ptolemy.util.test.junit.AutoTests" name="[28] /home/travis/build/icyphy/ptII/ptolemy/domains/modal/test/auto/CausalityInterface5.xml (RunModel)" time="0.03" />
  <testcase classname="ptolemy.util.test.junit.AutoTests" name="[29] /home/travis/build/icyphy/ptII/ptolemy/domains/modal/test/auto/CausalityInterface6.xml (RunModel)" time="0.033" />
  <testcase classname="ptolemy.util.test.junit.AutoTests" name="[30] /home/travis/build/icyphy/ptII/ptolemy/domains/modal/test/auto/CausalityInterface7.xml (RunModel)" time="0.035" />
  <testcase classname="ptolemy.util.test.junit.AutoTests" name="[31] /home/travis/build/icyphy/ptII/ptolemy/domains/modal/test/auto/CausalityInterface8.xml (RunModel)" time="0.032" />
  <testcase classname="ptolemy.util.test.junit.AutoTests" name="[32] /home/travis/build/icyphy/ptII/ptolemy/domains/modal/test/auto/CausalityInterface9.xml (RunModel)" time="0.027" />
  <testcase classname="ptolemy.util.test.junit.AutoTests" name="[33] /home/travis/build/icyphy/ptII/ptolemy/domains/modal/test/auto/ChainedTransitions.xml (RunModel)" time="0.166" />
  <testcase classname="ptolemy.util.test.junit.AutoTests" name="[34] /home/travis/build/icyphy/ptII/ptolemy/domains/modal/test/auto/CycleOfImmediateTransitionsFSM.xml (RunModel)" time="0.023" />
  <testcase classname="ptolemy.util.test.junit.AutoTests" name="[35] /home/travis/build/icyphy/ptII/ptolemy/domains/modal/test/auto/CycleOfImmediateTransitionsModal.xml (RunModel)" time="0.019" />
  <testcase classname="ptolemy.util.test.junit.AutoTests" name="[36] /home/travis/build/icyphy/ptII/ptolemy/domains/modal/test/auto/CycleOfImmediateTransitionsModal2.xml (RunModel)" time="0.033" />
  <testcase classname="ptolemy.util.test.junit.AutoTests" name="[37] /home/travis/build/icyphy/ptII/ptolemy/domains/modal/test/auto/CycleOfImmediateTransitionsModal3.xml (RunModel)" time="0.09" />
  <testcase classname="ptolemy.util.test.junit.AutoTests" name="[38] /home/travis/build/icyphy/ptII/ptolemy/domains/modal/test/auto/DeepModal1.xml (RunModel)" time="0.061" />
  <testcase classname="ptolemy.util.test.junit.AutoTests" name="[39] /home/travis/build/icyphy/ptII/ptolemy/domains/modal/test/auto/DeepModal2.xml (RunModel)" time="0.069" />
  <testcase classname="ptolemy.util.test.junit.AutoTests" name="[40] /home/travis/build/icyphy/ptII/ptolemy/domains/modal/test/auto/DeepModal3.xml (RunModel)" time="0.082" />
  <testcase classname="ptolemy.util.test.junit.AutoTests" name="[41] /home/travis/build/icyphy/ptII/ptolemy/domains/modal/test/auto/DeepModal4.xml (RunModel)" time="0.098" />
  <testcase classname="ptolemy.util.test.junit.AutoTests" name="[42] /home/travis/build/icyphy/ptII/ptolemy/domains/modal/test/auto/Default1.xml (RunModel)" time="0.024" />
  <testcase classname="ptolemy.util.test.junit.AutoTests" name="[43] /home/travis/build/icyphy/ptII/ptolemy/domains/modal/test/auto/Default2.xml (RunModel)" time="0.024" />
  <testcase classname="ptolemy.util.test.junit.AutoTests" name="[44] /home/travis/build/icyphy/ptII/ptolemy/domains/modal/test/auto/Default3.xml (RunModel)" time="0.027" />
  <testcase classname="ptolemy.util.test.junit.AutoTests" name="[45] /home/travis/build/icyphy/ptII/ptolemy/domains/modal/test/auto/Default4.xml (RunModel)" time="0.027" />
  <testcase classname="ptolemy.util.test.junit.AutoTests" name="[46] /home/travis/build/icyphy/ptII/ptolemy/domains/modal/test/auto/Default5.xml (RunModel)" time="0.037" />
  <testcase classname="ptolemy.util.test.junit.AutoTests" name="[47] /home/travis/build/icyphy/ptII/ptolemy/domains/modal/test/auto/EmptyGuard.xml (RunModel)" time="0.027" />
  <testcase classname="ptolemy.util.test.junit.AutoTests" name="[48] /home/travis/build/icyphy/ptII/ptolemy/domains/modal/test/auto/ErrorTransition1.xml (RunModel)" time="0.033" />
  <testcase classname="ptolemy.util.test.junit.AutoTests" name="[49] /home/travis/build/icyphy/ptII/ptolemy/domains/modal/test/auto/ErrorTransition10.xml (RunModel)" time="0.04" />
  <testcase classname="ptolemy.util.test.junit.AutoTests" name="[50] /home/travis/build/icyphy/ptII/ptolemy/domains/modal/test/auto/ErrorTransition11.xml (RunModel)" time="0.033" />
  <testcase classname="ptolemy.util.test.junit.AutoTests" name="[51] /home/travis/build/icyphy/ptII/ptolemy/domains/modal/test/auto/ErrorTransition2.xml (RunModel)" time="0.026" />
  <testcase classname="ptolemy.util.test.junit.AutoTests" name="[52] /home/travis/build/icyphy/ptII/ptolemy/domains/modal/test/auto/ErrorTransition3.xml (RunModel)" time="0.044" />
  <testcase classname="ptolemy.util.test.junit.AutoTests" name="[53] /home/travis/build/icyphy/ptII/ptolemy/domains/modal/test/auto/ErrorTransition4.xml (RunModel)" time="0.047" />
  <testcase classname="ptolemy.util.test.junit.AutoTests" name="[54] /home/travis/build/icyphy/ptII/ptolemy/domains/modal/test/auto/ErrorTransition5.xml (RunModel)" time="0.03" />
  <testcase classname="ptolemy.util.test.junit.AutoTests" name="[55] /home/travis/build/icyphy/ptII/ptolemy/domains/modal/test/auto/ErrorTransition6.xml (RunModel)" time="0.055" />
  <testcase classname="ptolemy.util.test.junit.AutoTests" name="[56] /home/travis/build/icyphy/ptII/ptolemy/domains/modal/test/auto/ErrorTransition7.xml (RunModel)" time="0.048" />
  <testcase classname="ptolemy.util.test.junit.AutoTests" name="[57] /home/travis/build/icyphy/ptII/ptolemy/domains/modal/test/auto/ErrorTransition8.xml (RunModel)" time="0.067" />
  <testcase classname="ptolemy.util.test.junit.AutoTests" name="[58] /home/travis/build/icyphy/ptII/ptolemy/domains/modal/test/auto/ErrorTransition9.xml (RunModel)" time="0.05" />
  <testcase classname="ptolemy.util.test.junit.AutoTests" name="[59] /home/travis/build/icyphy/ptII/ptolemy/domains/modal/test/auto/ExtendedFSM.xml (RunModel)" time="0.024" />
  <testcase classname="ptolemy.util.test.junit.AutoTests" name="[60] /home/travis/build/icyphy/ptII/ptolemy/domains/modal/test/auto/FinalStates.xml (RunModel)" time="0.022" />
  <testcase classname="ptolemy.util.test.junit.AutoTests" name="[61] /home/travis/build/icyphy/ptII/ptolemy/domains/modal/test/auto/FixedPointFSM.xml (RunModel)" time="0.045" />
  <testcase classname="ptolemy.util.test.junit.AutoTests" name="[62] /home/travis/build/icyphy/ptII/ptolemy/domains/modal/test/auto/FixedPointIterationFSMActor.xml (RunModel)" time="0.031" />
  <testcase classname="ptolemy.util.test.junit.AutoTests" name="[63] /home/travis/build/icyphy/ptII/ptolemy/domains/modal/test/auto/FixedPointIterationFSMActor2.xml (RunModel)" time="0.038" />
  <testcase classname="ptolemy.util.test.junit.AutoTests" name="[64] /home/travis/build/icyphy/ptII/ptolemy/domains/modal/test/auto/ForbiddenInstantanousLoop.xml (RunModel)" time="0.032" />
  <testcase classname="ptolemy.util.test.junit.AutoTests" name="[65] /home/travis/build/icyphy/ptII/ptolemy/domains/modal/test/auto/FunctionDependencyOfFSMActorTest.xml (RunModel)" time="0.03" />
  <testcase classname="ptolemy.util.test.junit.AutoTests" name="[66] /home/travis/build/icyphy/ptII/ptolemy/domains/modal/test/auto/GuardExpression.xml (RunModel)" time="0.013" />
  <testcase classname="ptolemy.util.test.junit.AutoTests" name="[67] /home/travis/build/icyphy/ptII/ptolemy/domains/modal/test/auto/GuardNotEvaluated.xml (RunModel)" time="0.025" />
  <testcase classname="ptolemy.util.test.junit.AutoTests" name="[68] /home/travis/build/icyphy/ptII/ptolemy/domains/modal/test/auto/GuardNotEvaluated2.xml (RunModel)" time="0.031" />
  <testcase classname="ptolemy.util.test.junit.AutoTests" name="[69] /home/travis/build/icyphy/ptII/ptolemy/domains/modal/test/auto/GuardOnAbsent.xml (RunModel)" time="0.026" />
  <testcase classname="ptolemy.util.test.junit.AutoTests" name="[70] /home/travis/build/icyphy/ptII/ptolemy/domains/modal/test/auto/HierarchicalFSMTypeInference.xml (RunModel)" time="0.031" />
  <testcase classname="ptolemy.util.test.junit.AutoTests" name="[71] /home/travis/build/icyphy/ptII/ptolemy/domains/modal/test/auto/Hysteresis.xml (RunModel)" time="0.046" />
  <testcase classname="ptolemy.util.test.junit.AutoTests" name="[72] /home/travis/build/icyphy/ptII/ptolemy/domains/modal/test/auto/HysteresisWithDefault.xml (RunModel)" time="0.066" />
  <testcase classname="ptolemy.util.test.junit.AutoTests" name="[73] /home/travis/build/icyphy/ptII/ptolemy/domains/modal/test/auto/HysteresisWithDefault2.xml (RunModel)" time="0.098" />
  <testcase classname="ptolemy.util.test.junit.AutoTests" name="[74] /home/travis/build/icyphy/ptII/ptolemy/domains/modal/test/auto/ImmediateNonConstructiveness.xml (RunModel)" time="0.016" />
  <testcase classname="ptolemy.util.test.junit.AutoTests" name="[75] /home/travis/build/icyphy/ptII/ptolemy/domains/modal/test/auto/ImmediateNonConstructiveness2.xml (RunModel)" time="0.018" />
  <testcase classname="ptolemy.util.test.junit.AutoTests" name="[76] /home/travis/build/icyphy/ptII/ptolemy/domains/modal/test/auto/ImmediateTransitionReset.xml (RunModel)" time="0.038" />
  <testcase classname="ptolemy.util.test.junit.AutoTests" name="[77] /home/travis/build/icyphy/ptII/ptolemy/domains/modal/test/auto/ImmediateTransitions1.xml (RunModel)" time="0.014" />
  <testcase classname="ptolemy.util.test.junit.AutoTests" name="[78] /home/travis/build/icyphy/ptII/ptolemy/domains/modal/test/auto/ImmediateTransitionsInstantaneousCommunication.xml (RunModel)" time="0.03" />
  <testcase classname="ptolemy.util.test.junit.AutoTests" name="[79] /home/travis/build/icyphy/ptII/ptolemy/domains/modal/test/auto/InitialImmediateTransition.xml (RunModel)" time="0.015" />
  <testcase classname="ptolemy.util.test.junit.AutoTests" name="[80] /home/travis/build/icyphy/ptII/ptolemy/domains/modal/test/auto/InitialOutputs.xml (RunModel)" time="0.016" />
  <testcase classname="ptolemy.util.test.junit.AutoTests" name="[81] /home/travis/build/icyphy/ptII/ptolemy/domains/modal/test/auto/InitialStateTransition1.xml (RunModel)" time="0.021" />
  <testcase classname="ptolemy.util.test.junit.AutoTests" name="[82] /home/travis/build/icyphy/ptII/ptolemy/domains/modal/test/auto/InitialStateTransition2.xml (RunModel)" time="0.023" />
  <testcase classname="ptolemy.util.test.junit.AutoTests" name="[83] /home/travis/build/icyphy/ptII/ptolemy/domains/modal/test/auto/InitialStateTransition3.xml (RunModel)" time="0.026" />
  <testcase classname="ptolemy.util.test.junit.AutoTests" name="[84] /home/travis/build/icyphy/ptII/ptolemy/domains/modal/test/auto/InitialStateTransition4.xml (RunModel)" time="0.026" />
  <testcase classname="ptolemy.util.test.junit.AutoTests" name="[85] /home/travis/build/icyphy/ptII/ptolemy/domains/modal/test/auto/MalformedGuardExpressionNotCaught.xml (RunModel)" time="0.026" />
  <testcase classname="ptolemy.util.test.junit.AutoTests" name="[86] /home/travis/build/icyphy/ptII/ptolemy/domains/modal/test/auto/ModalBSC.xml (RunModel)" time="0.104" />
  <testcase classname="ptolemy.util.test.junit.AutoTests" name="[87] /home/travis/build/icyphy/ptII/ptolemy/domains/modal/test/auto/ModalClocks.xml (RunModel)" time="0.076" />
  <testcase classname="ptolemy.util.test.junit.AutoTests" name="[88] /home/travis/build/icyphy/ptII/ptolemy/domains/modal/test/auto/ModalDelay.xml (RunModel)" time="0.048" />
  <testcase classname="ptolemy.util.test.junit.AutoTests" name="[89] /home/travis/build/icyphy/ptII/ptolemy/domains/modal/test/auto/ModalDelay2.xml (RunModel)" time="0.044" />
  <testcase classname="ptolemy.util.test.junit.AutoTests" name="[90] /home/travis/build/icyphy/ptII/ptolemy/domains/modal/test/auto/ModalModelFromMemo.xml (RunModel)" time="0.08" />
  <testcase classname="ptolemy.util.test.junit.AutoTests" name="[91] /home/travis/build/icyphy/ptII/ptolemy/domains/modal/test/auto/ModalModelWithMultirateTransient.xml (RunModel)" time="0.053" />
  <testcase classname="ptolemy.util.test.junit.AutoTests" name="[92] /home/travis/build/icyphy/ptII/ptolemy/domains/modal/test/auto/ModalModelWithReset.xml (RunModel)" time="0.052" />
  <testcase classname="ptolemy.util.test.junit.AutoTests" name="[93] /home/travis/build/icyphy/ptII/ptolemy/domains/modal/test/auto/MouseClickFSM.xml (RunModel)" time="0.04" />
  <testcase classname="ptolemy.util.test.junit.AutoTests" name="[94] /home/travis/build/icyphy/ptII/ptolemy/domains/modal/test/auto/MouseClickFSMModal.xml (RunModel)" time="0.03" />
  <testcase classname="ptolemy.util.test.junit.AutoTests" name="[95] /home/travis/build/icyphy/ptII/ptolemy/domains/modal/test/auto/NonStrictFSM_FeedbackLoop.xml (RunModel)" time="0.072" />
  <testcase classname="ptolemy.util.test.junit.AutoTests" name="[96] /home/travis/build/icyphy/ptII/ptolemy/domains/modal/test/auto/NonStrictFSM_FeedbackLoop_Refinement.xml (RunModel)" time="0.082" />
  <testcase classname="ptolemy.util.test.junit.AutoTests" name="[97] /home/travis/build/icyphy/ptII/ptolemy/domains/modal/test/auto/NonStrictFSM_FeedbackLoop_preemptive.xml (RunModel)" time="0.059" />
  <testcase classname="ptolemy.util.test.junit.AutoTests" name="[98] /home/travis/build/icyphy/ptII/ptolemy/domains/modal/test/auto/NormalTermination.xml (RunModel)" time="0.047" />
  <testcase classname="ptolemy.util.test.junit.AutoTests" name="[99] /home/travis/build/icyphy/ptII/ptolemy/domains/modal/test/auto/Pong.xml (RunModel)" time="0.079" />
  <testcase classname="ptolemy.util.test.junit.AutoTests" name="[100] /home/travis/build/icyphy/ptII/ptolemy/domains/modal/test/auto/Pong_test.xml (RunModel)" time="0.112" />
  <testcase classname="ptolemy.util.test.junit.AutoTests" name="[101] /home/travis/build/icyphy/ptII/ptolemy/domains/modal/test/auto/PreemptionHierarchy.xml (RunModel)" time="0.03" />
  <testcase classname="ptolemy.util.test.junit.AutoTests" name="[102] /home/travis/build/icyphy/ptII/ptolemy/domains/modal/test/auto/PreemptionHierarchy2.xml (RunModel)" time="0.03" />
  <testcase classname="ptolemy.util.test.junit.AutoTests" name="[103] /home/travis/build/icyphy/ptII/ptolemy/domains/modal/test/auto/PreemptiveTransition.xml (RunModel)" time="0.024" />
  <testcase classname="ptolemy.util.test.junit.AutoTests" name="[104] /home/travis/build/icyphy/ptII/ptolemy/domains/modal/test/auto/Priorities.xml (RunModel)" time="0.14" />
  <testcase classname="ptolemy.util.test.junit.AutoTests" name="[105] /home/travis/build/icyphy/ptII/ptolemy/domains/modal/test/auto/ResetFinal.xml (RunModel)" time="0.049" />
  <testcase classname="ptolemy.util.test.junit.AutoTests" name="[106] /home/travis/build/icyphy/ptII/ptolemy/domains/modal/test/auto/ResetFinal2.xml (RunModel)" time="0.035" />
  <testcase classname="ptolemy.util.test.junit.AutoTests" name="[107] /home/travis/build/icyphy/ptII/ptolemy/domains/modal/test/auto/ResetTransitionWithStartTime.xml (RunModel)" time="0.036" />
  <testcase classname="ptolemy.util.test.junit.AutoTests" name="[108] /home/travis/build/icyphy/ptII/ptolemy/domains/modal/test/auto/SDF-FSMComposite.xml (RunModel)" time="0.026" />
  <testcase classname="ptolemy.util.test.junit.AutoTests" name="[109] /home/travis/build/icyphy/ptII/ptolemy/domains/modal/test/auto/SeeminglyNondeterminate.xml (RunModel)" time="0.087" />
  <testcase classname="ptolemy.util.test.junit.AutoTests" name="[110] /home/travis/build/icyphy/ptII/ptolemy/domains/modal/test/auto/SeeminglyNondeterminate2.xml (RunModel)" time="0.089" />
  <testcase classname="ptolemy.util.test.junit.AutoTests" name="[111] /home/travis/build/icyphy/ptII/ptolemy/domains/modal/test/auto/SpontaneousFSM.xml (RunModel)" time="0.048" />
  <testcase classname="ptolemy.util.test.junit.AutoTests" name="[112] /home/travis/build/icyphy/ptII/ptolemy/domains/modal/test/auto/SpontaneousFSM2.xml (RunModel)" time="0.028" />
  <testcase classname="ptolemy.util.test.junit.AutoTests" name="[113] /home/travis/build/icyphy/ptII/ptolemy/domains/modal/test/auto/SpontaneousFSM3.xml (RunModel)" time="0.043" />
  <testcase classname="ptolemy.util.test.junit.AutoTests" name="[114] /home/travis/build/icyphy/ptII/ptolemy/domains/modal/test/auto/SpontaneousFSM4.xml (RunModel)" time="0.048" />
  <testcase classname="ptolemy.util.test.junit.AutoTests" name="[115] /home/travis/build/icyphy/ptII/ptolemy/domains/modal/test/auto/StateTrackerTest.xml (RunModel)" time="0.07" />
  <testcase classname="ptolemy.util.test.junit.AutoTests" name="[116] /home/travis/build/icyphy/ptII/ptolemy/domains/modal/test/auto/StrongImmediateTransition.xml (RunModel)" time="0.023" />
  <testcase classname="ptolemy.util.test.junit.AutoTests" name="[117] /home/travis/build/icyphy/ptII/ptolemy/domains/modal/test/auto/SustainHierarchy.xml (RunModel)" time="0.029" />
  <testcase classname="ptolemy.util.test.junit.AutoTests" name="[118] /home/travis/build/icyphy/ptII/ptolemy/domains/modal/test/auto/TerminationTransition1.xml (RunModel)" time="0.018" />
  <testcase classname="ptolemy.util.test.junit.AutoTests" name="[119] /home/travis/build/icyphy/ptII/ptolemy/domains/modal/test/auto/TerminationTransition2.xml (RunModel)" time="0.028" />
  <testcase classname="ptolemy.util.test.junit.AutoTests" name="[120] /home/travis/build/icyphy/ptII/ptolemy/domains/modal/test/auto/TerminationTransition3.xml (RunModel)" time="0.023" />
  <testcase classname="ptolemy.util.test.junit.AutoTests" name="[121] /home/travis/build/icyphy/ptII/ptolemy/domains/modal/test/auto/TerminationTransition4.xml (RunModel)" time="0.034" />
  <testcase classname="ptolemy.util.test.junit.AutoTests" name="[122] /home/travis/build/icyphy/ptII/ptolemy/domains/modal/test/auto/TerminationTransition5.xml (RunModel)" time="0.064" />
  <testcase classname="ptolemy.util.test.junit.AutoTests" name="[123] /home/travis/build/icyphy/ptII/ptolemy/domains/modal/test/auto/TerminationTransition6.xml (RunModel)" time="0.02" />
  <testcase classname="ptolemy.util.test.junit.AutoTests" name="[124] /home/travis/build/icyphy/ptII/ptolemy/domains/modal/test/auto/TerminationTransition7.xml (RunModel)" time="0.02" />
  <testcase classname="ptolemy.util.test.junit.AutoTests" name="[125] /home/travis/build/icyphy/ptII/ptolemy/domains/modal/test/auto/TerminationTransition8.xml (RunModel)" time="0.023" />
  <testcase classname="ptolemy.util.test.junit.AutoTests" name="[126] /home/travis/build/icyphy/ptII/ptolemy/domains/modal/test/auto/Thermostat_NoHysteresis.xml (RunModel)" time="0.077" />
  <testcase classname="ptolemy.util.test.junit.AutoTests" name="[127] /home/travis/build/icyphy/ptII/ptolemy/domains/modal/test/auto/TimedFSM.xml (RunModel)" time="0.035" />
  <testcase classname="ptolemy.util.test.junit.AutoTests" name="[128] /home/travis/build/icyphy/ptII/ptolemy/domains/modal/test/auto/Timeout1.xml (RunModel)" time="0.014" />
  <testcase classname="ptolemy.util.test.junit.AutoTests" name="[129] /home/travis/build/icyphy/ptII/ptolemy/domains/modal/test/auto/Timeout2.xml (RunModel)" time="0.023" />
  <testcase classname="ptolemy.util.test.junit.AutoTests" name="[130] /home/travis/build/icyphy/ptII/ptolemy/domains/modal/test/auto/Timeout3.xml (RunModel)" time="0.011" />
  <testcase classname="ptolemy.util.test.junit.AutoTests" name="[131] /home/travis/build/icyphy/ptII/ptolemy/domains/modal/test/auto/Timeout4.xml (RunModel)" time="0.013" />
  <testcase classname="ptolemy.util.test.junit.AutoTests" name="[132] /home/travis/build/icyphy/ptII/ptolemy/domains/modal/test/auto/TransientstateModelAdvanced.xml (RunModel)" time="0.028" />
  <testcase classname="ptolemy.util.test.junit.AutoTests" name="[133] /home/travis/build/icyphy/ptII/ptolemy/domains/modal/test/auto/TransientstateModelAdvanced2.xml (RunModel)" time="0.032" />
  <testcase classname="ptolemy.util.test.junit.AutoTests" name="[134] /home/travis/build/icyphy/ptII/ptolemy/domains/modal/test/auto/TransitionRefinements.xml (RunModel)" time="0.026" />
  <testcase classname="ptolemy.util.test.junit.AutoTests" name="[135] /home/travis/build/icyphy/ptII/ptolemy/domains/modal/test/auto/TwoRefinements1.xml (RunModel)" time="0.024" />
  <testcase classname="ptolemy.util.test.junit.AutoTests" name="[136] /home/travis/build/icyphy/ptII/ptolemy/domains/modal/test/auto/TwoRefinements2.xml (RunModel)" time="0.023" />
  <testcase classname="ptolemy.util.test.junit.AutoTests" name="[137] /home/travis/build/icyphy/ptII/ptolemy/domains/modal/test/auto/WeakImmediateTransition.xml (RunModel)" time="0.019" />
  <testcase classname="ptolemy.util.test.junit.AutoTests" name="[138] /home/travis/build/icyphy/ptII/ptolemy/domains/modal/test/auto/booleanSelect.xml (RunModel)" time="0.052" />
  <testcase classname="ptolemy.util.test.junit.AutoTests" name="[139] /home/travis/build/icyphy/ptII/ptolemy/domains/modal/test/auto/modalChangingParams.xml (RunModel)" time="0.289" />
  <testcase classname="ptolemy.util.test.junit.AutoTests" name="[140] /home/travis/build/icyphy/ptII/ptolemy/domains/modal/test/auto/modalModel.xml (RunModel)" time="0.021" />
  <testcase classname="ptolemy.util.test.junit.AutoTests" name="[141] /home/travis/build/icyphy/ptII/ptolemy/domains/modal/test/auto/modalModel2.xml (RunModel)" time="0.026" />
  <testcase classname="ptolemy.util.test.junit.AutoTests" name="[142] /home/travis/build/icyphy/ptII/ptolemy/domains/modal/test/auto/modalModel3.xml (RunModel)" time="0.035" />
  <testcase classname="ptolemy.util.test.junit.AutoTests" name="[143] /home/travis/build/icyphy/ptII/ptolemy/domains/modal/test/auto/model1.xml (RunModel)" time="0.02" />
  <testcase classname="ptolemy.util.test.junit.AutoTests" name="[144] /home/travis/build/icyphy/ptII/ptolemy/domains/modal/test/auto/test-direct-in-out.xml (RunModel)" time="0.019" />
  <system-out><![CDATA[/home/travis/build/icyphy/ptII/ptolemy/domains/modal/test/SystemLevelType.tcl
testDefs.tcl: setting time out to 9000 seconds at Wed Jul 10 06:43:13 UTC 2019
07/10/19 06:43:15
Failed: 0  Total Tests: 1  ((Passed: 1, Newly Passed: 0)  Known Failed: 0) /home/travis/build/icyphy/ptII/ptolemy/domains/modal/test
----------------- testing (KnownFailure) /home/travis/build/icyphy/ptII/ptolemy/domains/modal/test/auto/knownFailedTests/CannotAnalysisWithPreemption.xml
91 ms. Memory: 190464K Free: 127923K (67%)
Known Failure: java.lang.reflect.InvocationTargetException
No auto/linux-amd64/*.xml tests in /home/travis/build/icyphy/ptII/ptolemy/domains/modal/test
AutoTests.java: About to close Vertx.
AutoTests.java: Vertx closed.

===========================================================================================
----------------- testing Wed Jul 10 06:43:16 UTC 2019 /home/travis/build/icyphy/ptII/ptolemy/domains/modal/test/auto/ABPTest.xml
----------------- Instantiating /home/travis/build/icyphy/ptII/ptolemy/domains/modal/test/auto/ABPTest.xml
302 ms. Memory: 252928K Free: 133914K (53%)
----------------- Invoking toplevel() on ptolemy.moml.MoMLSimpleApplication@55090a9
----------------- Done invoking toplevel() on ptolemy.moml.MoMLSimpleApplication@55090a9
reloadAllAccessors: .ABPTest

===========================================================================================
----------------- testing Wed Jul 10 06:43:16 UTC 2019 /home/travis/build/icyphy/ptII/ptolemy/domains/modal/test/auto/ABROFlat.xml
----------------- Instantiating /home/travis/build/icyphy/ptII/ptolemy/domains/modal/test/auto/ABROFlat.xml
15 ms. Memory: 252928K Free: 118584K (47%)
----------------- Invoking toplevel() on ptolemy.moml.MoMLSimpleApplication@1ca55a49
----------------- Done invoking toplevel() on ptolemy.moml.MoMLSimpleApplication@1ca55a49
reloadAllAccessors: .ABROFlat

===========================================================================================
----------------- testing Wed Jul 10 06:43:16 UTC 2019 /home/travis/build/icyphy/ptII/ptolemy/domains/modal/test/auto/ABROFlat2.xml
----------------- Instantiating /home/travis/build/icyphy/ptII/ptolemy/domains/modal/test/auto/ABROFlat2.xml
24 ms. Memory: 252928K Free: 223960K (89%)
----------------- Invoking toplevel() on ptolemy.moml.MoMLSimpleApplication@4f06f26c
----------------- Done invoking toplevel() on ptolemy.moml.MoMLSimpleApplication@4f06f26c
reloadAllAccessors: .ABROFlat2

===========================================================================================
----------------- testing Wed Jul 10 06:43:16 UTC 2019 /home/travis/build/icyphy/ptII/ptolemy/domains/modal/test/auto/ABRO_present_hmm.xml
----------------- Instantiating /home/travis/build/icyphy/ptII/ptolemy/domains/modal/test/auto/ABRO_present_hmm.xml
19 ms. Memory: 252928K Free: 197328K (78%)
----------------- Invoking toplevel() on ptolemy.moml.MoMLSimpleApplication@51563ca9
----------------- Done invoking toplevel() on ptolemy.moml.MoMLSimpleApplication@51563ca9
reloadAllAccessors: .ABRO_present_hmm

===========================================================================================
----------------- testing Wed Jul 10 06:43:17 UTC 2019 /home/travis/build/icyphy/ptII/ptolemy/domains/modal/test/auto/AMICoderExample.xml
----------------- Instantiating /home/travis/build/icyphy/ptII/ptolemy/domains/modal/test/auto/AMICoderExample.xml
51 ms. Memory: 252928K Free: 187072K (74%)
----------------- Invoking toplevel() on ptolemy.moml.MoMLSimpleApplication@18f26ccf
----------------- Done invoking toplevel() on ptolemy.moml.MoMLSimpleApplication@18f26ccf
reloadAllAccessors: .AMICoderExample

===========================================================================================
----------------- testing Wed Jul 10 06:43:17 UTC 2019 /home/travis/build/icyphy/ptII/ptolemy/domains/modal/test/auto/AbsentToPresent.xml
----------------- Instantiating /home/travis/build/icyphy/ptII/ptolemy/domains/modal/test/auto/AbsentToPresent.xml
6 ms. Memory: 252928K Free: 182497K (72%)
----------------- Invoking toplevel() on ptolemy.moml.MoMLSimpleApplication@3c5745df
----------------- Done invoking toplevel() on ptolemy.moml.MoMLSimpleApplication@3c5745df
reloadAllAccessors: .AbsentToPresent

===========================================================================================
----------------- testing Wed Jul 10 06:43:17 UTC 2019 /home/travis/build/icyphy/ptII/ptolemy/domains/modal/test/auto/Blending.xml
----------------- Instantiating /home/travis/build/icyphy/ptII/ptolemy/domains/modal/test/auto/Blending.xml
165 ms. Memory: 252928K Free: 137441K (54%)
----------------- Invoking toplevel() on ptolemy.moml.MoMLSimpleApplication@49220d4a
----------------- Done invoking toplevel() on ptolemy.moml.MoMLSimpleApplication@49220d4a
reloadAllAccessors: .Blending

===========================================================================================
----------------- testing Wed Jul 10 06:43:17 UTC 2019 /home/travis/build/icyphy/ptII/ptolemy/domains/modal/test/auto/Broadcast.xml
----------------- Instantiating /home/travis/build/icyphy/ptII/ptolemy/domains/modal/test/auto/Broadcast.xml
11 ms. Memory: 252928K Free: 127696K (50%)
----------------- Invoking toplevel() on ptolemy.moml.MoMLSimpleApplication@4f69210a
----------------- Done invoking toplevel() on ptolemy.moml.MoMLSimpleApplication@4f69210a
reloadAllAccessors: .Broadcast

===========================================================================================
----------------- testing Wed Jul 10 06:43:17 UTC 2019 /home/travis/build/icyphy/ptII/ptolemy/domains/modal/test/auto/BroadcastHierarchy.xml
----------------- Instantiating /home/travis/build/icyphy/ptII/ptolemy/domains/modal/test/auto/BroadcastHierarchy.xml
8 ms. Memory: 252928K Free: 114384K (45%)
----------------- Invoking toplevel() on ptolemy.moml.MoMLSimpleApplication@466e155b
----------------- Done invoking toplevel() on ptolemy.moml.MoMLSimpleApplication@466e155b
reloadAllAccessors: .BroadcastHierarchy

===========================================================================================
----------------- testing Wed Jul 10 06:43:17 UTC 2019 /home/travis/build/icyphy/ptII/ptolemy/domains/modal/test/auto/BroadcastHierarchy2.xml
----------------- Instantiating /home/travis/build/icyphy/ptII/ptolemy/domains/modal/test/auto/BroadcastHierarchy2.xml
14 ms. Memory: 252928K Free: 231128K (91%)
----------------- Invoking toplevel() on ptolemy.moml.MoMLSimpleApplication@17535a79
----------------- Done invoking toplevel() on ptolemy.moml.MoMLSimpleApplication@17535a79
reloadAllAccessors: .BroadcastHierarchy2

===========================================================================================
----------------- testing Wed Jul 10 06:43:17 UTC 2019 /home/travis/build/icyphy/ptII/ptolemy/domains/modal/test/auto/BroadcastHierarchy3.xml
----------------- Instantiating /home/travis/build/icyphy/ptII/ptolemy/domains/modal/test/auto/BroadcastHierarchy3.xml
14 ms. Memory: 252928K Free: 210655K (83%)
----------------- Invoking toplevel() on ptolemy.moml.MoMLSimpleApplication@589d74a1
----------------- Done invoking toplevel() on ptolemy.moml.MoMLSimpleApplication@589d74a1
reloadAllAccessors: .BroadcastHierarchy3

===========================================================================================
----------------- testing Wed Jul 10 06:43:17 UTC 2019 /home/travis/build/icyphy/ptII/ptolemy/domains/modal/test/auto/BroadcastHierarchy4.xml
----------------- Instantiating /home/travis/build/icyphy/ptII/ptolemy/domains/modal/test/auto/BroadcastHierarchy4.xml
25 ms. Memory: 252928K Free: 186593K (74%)
----------------- Invoking toplevel() on ptolemy.moml.MoMLSimpleApplication@479bc38f
----------------- Done invoking toplevel() on ptolemy.moml.MoMLSimpleApplication@479bc38f
reloadAllAccessors: .BroadcastHierarchy4

===========================================================================================
----------------- testing Wed Jul 10 06:43:17 UTC 2019 /home/travis/build/icyphy/ptII/ptolemy/domains/modal/test/auto/CannotAnalysisWithPreemption2.xml
----------------- Instantiating /home/travis/build/icyphy/ptII/ptolemy/domains/modal/test/auto/CannotAnalysisWithPreemption2.xml
4 ms. Memory: 252928K Free: 179425K (71%)
----------------- Invoking toplevel() on ptolemy.moml.MoMLSimpleApplication@d979131
----------------- Done invoking toplevel() on ptolemy.moml.MoMLSimpleApplication@d979131
reloadAllAccessors: .CannotAnalysisWithPreemption2

===========================================================================================
----------------- testing Wed Jul 10 06:43:17 UTC 2019 /home/travis/build/icyphy/ptII/ptolemy/domains/modal/test/auto/CannotAnalysisWithPreemption3.xml
----------------- Instantiating /home/travis/build/icyphy/ptII/ptolemy/domains/modal/test/auto/CannotAnalysisWithPreemption3.xml
6 ms. Memory: 252928K Free: 169185K (67%)
----------------- Invoking toplevel() on ptolemy.moml.MoMLSimpleApplication@41a7968
----------------- Done invoking toplevel() on ptolemy.moml.MoMLSimpleApplication@41a7968
reloadAllAccessors: .CannotAnalysisWithPreemption3

===========================================================================================
----------------- testing Wed Jul 10 06:43:17 UTC 2019 /home/travis/build/icyphy/ptII/ptolemy/domains/modal/test/auto/CannotProduce.xml
----------------- Instantiating /home/travis/build/icyphy/ptII/ptolemy/domains/modal/test/auto/CannotProduce.xml
11 ms. Memory: 252928K Free: 162512K (64%)
----------------- Invoking toplevel() on ptolemy.moml.MoMLSimpleApplication@54395842
----------------- Done invoking toplevel() on ptolemy.moml.MoMLSimpleApplication@54395842
reloadAllAccessors: .CannotProduce

===========================================================================================
----------------- testing Wed Jul 10 06:43:17 UTC 2019 /home/travis/build/icyphy/ptII/ptolemy/domains/modal/test/auto/CannotProduceModal.xml
----------------- Instantiating /home/travis/build/icyphy/ptII/ptolemy/domains/modal/test/auto/CannotProduceModal.xml
9 ms. Memory: 252928K Free: 155873K (62%)
----------------- Invoking toplevel() on ptolemy.moml.MoMLSimpleApplication@4ff1f3b5
----------------- Done invoking toplevel() on ptolemy.moml.MoMLSimpleApplication@4ff1f3b5
reloadAllAccessors: .CannotProduceModal

===========================================================================================
----------------- testing Wed Jul 10 06:43:18 UTC 2019 /home/travis/build/icyphy/ptII/ptolemy/domains/modal/test/auto/Case.xml
----------------- Instantiating /home/travis/build/icyphy/ptII/ptolemy/domains/modal/test/auto/Case.xml
39 ms. Memory: 252928K Free: 144609K (57%)
----------------- Invoking toplevel() on ptolemy.moml.MoMLSimpleApplication@6ff70d3c
----------------- Done invoking toplevel() on ptolemy.moml.MoMLSimpleApplication@6ff70d3c
reloadAllAccessors: .Case

===========================================================================================
----------------- testing Wed Jul 10 06:43:18 UTC 2019 /home/travis/build/icyphy/ptII/ptolemy/domains/modal/test/auto/Case1.xml
----------------- Instantiating /home/travis/build/icyphy/ptII/ptolemy/domains/modal/test/auto/Case1.xml
10 ms. Memory: 252928K Free: 136927K (54%)
----------------- Invoking toplevel() on ptolemy.moml.MoMLSimpleApplication@64353f99
----------------- Done invoking toplevel() on ptolemy.moml.MoMLSimpleApplication@64353f99
reloadAllAccessors: .Case1

===========================================================================================
----------------- testing Wed Jul 10 06:43:18 UTC 2019 /home/travis/build/icyphy/ptII/ptolemy/domains/modal/test/auto/Case2.xml
----------------- Instantiating /home/travis/build/icyphy/ptII/ptolemy/domains/modal/test/auto/Case2.xml
19 ms. Memory: 252928K Free: 126177K (50%)
----------------- Invoking toplevel() on ptolemy.moml.MoMLSimpleApplication@11938703
----------------- Done invoking toplevel() on ptolemy.moml.MoMLSimpleApplication@11938703
reloadAllAccessors: .Case2

===========================================================================================
----------------- testing Wed Jul 10 06:43:18 UTC 2019 /home/travis/build/icyphy/ptII/ptolemy/domains/modal/test/auto/CausalityInterface1.xml
----------------- Instantiating /home/travis/build/icyphy/ptII/ptolemy/domains/modal/test/auto/CausalityInterface1.xml
5 ms. Memory: 252928K Free: 121057K (48%)
----------------- Invoking toplevel() on ptolemy.moml.MoMLSimpleApplication@52c50609
----------------- Done invoking toplevel() on ptolemy.moml.MoMLSimpleApplication@52c50609
reloadAllAccessors: .CausalityInterface1

===========================================================================================
----------------- testing Wed Jul 10 06:43:18 UTC 2019 /home/travis/build/icyphy/ptII/ptolemy/domains/modal/test/auto/CausalityInterface10.xml
----------------- Instantiating /home/travis/build/icyphy/ptII/ptolemy/domains/modal/test/auto/CausalityInterface10.xml
16 ms. Memory: 252928K Free: 107745K (43%)
----------------- Invoking toplevel() on ptolemy.moml.MoMLSimpleApplication@32973551
----------------- Done invoking toplevel() on ptolemy.moml.MoMLSimpleApplication@32973551
reloadAllAccessors: .CausalityInterface10

===========================================================================================
----------------- testing Wed Jul 10 06:43:18 UTC 2019 /home/travis/build/icyphy/ptII/ptolemy/domains/modal/test/auto/CausalityInterface11.xml
----------------- Instantiating /home/travis/build/icyphy/ptII/ptolemy/domains/modal/test/auto/CausalityInterface11.xml
10 ms. Memory: 252928K Free: 94912K (38%)
----------------- Invoking toplevel() on ptolemy.moml.MoMLSimpleApplication@78a344e9
----------------- Done invoking toplevel() on ptolemy.moml.MoMLSimpleApplication@78a344e9
reloadAllAccessors: .CausalityInterface11

===========================================================================================
----------------- testing Wed Jul 10 06:43:18 UTC 2019 /home/travis/build/icyphy/ptII/ptolemy/domains/modal/test/auto/CausalityInterface12.xml
----------------- Instantiating /home/travis/build/icyphy/ptII/ptolemy/domains/modal/test/auto/CausalityInterface12.xml
6 ms. Memory: 252928K Free: 224991K (89%)
----------------- Invoking toplevel() on ptolemy.moml.MoMLSimpleApplication@7dcd9dfa
----------------- Done invoking toplevel() on ptolemy.moml.MoMLSimpleApplication@7dcd9dfa
reloadAllAccessors: .CausalityInterface12

===========================================================================================
----------------- testing Wed Jul 10 06:43:18 UTC 2019 /home/travis/build/icyphy/ptII/ptolemy/domains/modal/test/auto/CausalityInterface13.xml
----------------- Instantiating /home/travis/build/icyphy/ptII/ptolemy/domains/modal/test/auto/CausalityInterface13.xml
10 ms. Memory: 252928K Free: 211169K (83%)
----------------- Invoking toplevel() on ptolemy.moml.MoMLSimpleApplication@606e4b2a
----------------- Done invoking toplevel() on ptolemy.moml.MoMLSimpleApplication@606e4b2a
reloadAllAccessors: .CausalityInterface13

===========================================================================================
----------------- testing Wed Jul 10 06:43:18 UTC 2019 /home/travis/build/icyphy/ptII/ptolemy/domains/modal/test/auto/CausalityInterface14.xml
----------------- Instantiating /home/travis/build/icyphy/ptII/ptolemy/domains/modal/test/auto/CausalityInterface14.xml
7 ms. Memory: 252928K Free: 197328K (78%)
----------------- Invoking toplevel() on ptolemy.moml.MoMLSimpleApplication@63cecf19
----------------- Done invoking toplevel() on ptolemy.moml.MoMLSimpleApplication@63cecf19
reloadAllAccessors: .CausalityInterface14

===========================================================================================
----------------- testing Wed Jul 10 06:43:18 UTC 2019 /home/travis/build/icyphy/ptII/ptolemy/domains/modal/test/auto/CausalityInterface2.xml
----------------- Instantiating /home/travis/build/icyphy/ptII/ptolemy/domains/modal/test/auto/CausalityInterface2.xml
6 ms. Memory: 252928K Free: 190689K (75%)
----------------- Invoking toplevel() on ptolemy.moml.MoMLSimpleApplication@6a8b0648
----------------- Done invoking toplevel() on ptolemy.moml.MoMLSimpleApplication@6a8b0648
reloadAllAccessors: .CausalityInterface2

===========================================================================================
----------------- testing Wed Jul 10 06:43:18 UTC 2019 /home/travis/build/icyphy/ptII/ptolemy/domains/modal/test/auto/CausalityInterface3.xml
----------------- Instantiating /home/travis/build/icyphy/ptII/ptolemy/domains/modal/test/auto/CausalityInterface3.xml
4 ms. Memory: 252928K Free: 184024K (73%)
----------------- Invoking toplevel() on ptolemy.moml.MoMLSimpleApplication@6f5114ba
----------------- Done invoking toplevel() on ptolemy.moml.MoMLSimpleApplication@6f5114ba
reloadAllAccessors: .CausalityInterface3

===========================================================================================
----------------- testing Wed Jul 10 06:43:18 UTC 2019 /home/travis/build/icyphy/ptII/ptolemy/domains/modal/test/auto/CausalityInterface4.xml
----------------- Instantiating /home/travis/build/icyphy/ptII/ptolemy/domains/modal/test/auto/CausalityInterface4.xml
3 ms. Memory: 252928K Free: 177377K (70%)
----------------- Invoking toplevel() on ptolemy.moml.MoMLSimpleApplication@5d242dbf
----------------- Done invoking toplevel() on ptolemy.moml.MoMLSimpleApplication@5d242dbf
reloadAllAccessors: .CausalityInterface4

===========================================================================================
----------------- testing Wed Jul 10 06:43:18 UTC 2019 /home/travis/build/icyphy/ptII/ptolemy/domains/modal/test/auto/CausalityInterface5.xml
----------------- Instantiating /home/travis/build/icyphy/ptII/ptolemy/domains/modal/test/auto/CausalityInterface5.xml
7 ms. Memory: 252928K Free: 169185K (67%)
----------------- Invoking toplevel() on ptolemy.moml.MoMLSimpleApplication@6965493b
----------------- Done invoking toplevel() on ptolemy.moml.MoMLSimpleApplication@6965493b
reloadAllAccessors: .CausalityInterface5

===========================================================================================
----------------- testing Wed Jul 10 06:43:18 UTC 2019 /home/travis/build/icyphy/ptII/ptolemy/domains/modal/test/auto/CausalityInterface6.xml
----------------- Instantiating /home/travis/build/icyphy/ptII/ptolemy/domains/modal/test/auto/CausalityInterface6.xml
3 ms. Memory: 252928K Free: 161488K (64%)
----------------- Invoking toplevel() on ptolemy.moml.MoMLSimpleApplication@78f4481
----------------- Done invoking toplevel() on ptolemy.moml.MoMLSimpleApplication@78f4481
reloadAllAccessors: .CausalityInterface6

===========================================================================================
----------------- testing Wed Jul 10 06:43:18 UTC 2019 /home/travis/build/icyphy/ptII/ptolemy/domains/modal/test/auto/CausalityInterface7.xml
----------------- Instantiating /home/travis/build/icyphy/ptII/ptolemy/domains/modal/test/auto/CausalityInterface7.xml
6 ms. Memory: 252928K Free: 153296K (61%)
----------------- Invoking toplevel() on ptolemy.moml.MoMLSimpleApplication@7e0ce8b
----------------- Done invoking toplevel() on ptolemy.moml.MoMLSimpleApplication@7e0ce8b
reloadAllAccessors: .CausalityInterface7

===========================================================================================
----------------- testing Wed Jul 10 06:43:18 UTC 2019 /home/travis/build/icyphy/ptII/ptolemy/domains/modal/test/auto/CausalityInterface8.xml
----------------- Instantiating /home/travis/build/icyphy/ptII/ptolemy/domains/modal/test/auto/CausalityInterface8.xml
5 ms. Memory: 252928K Free: 144609K (57%)
----------------- Invoking toplevel() on ptolemy.moml.MoMLSimpleApplication@587bf592
----------------- Done invoking toplevel() on ptolemy.moml.MoMLSimpleApplication@587bf592
reloadAllAccessors: .CausalityInterface8

===========================================================================================
----------------- testing Wed Jul 10 06:43:18 UTC 2019 /home/travis/build/icyphy/ptII/ptolemy/domains/modal/test/auto/CausalityInterface9.xml
----------------- Instantiating /home/travis/build/icyphy/ptII/ptolemy/domains/modal/test/auto/CausalityInterface9.xml
5 ms. Memory: 252928K Free: 135393K (54%)
----------------- Invoking toplevel() on ptolemy.moml.MoMLSimpleApplication@4465143c
----------------- Done invoking toplevel() on ptolemy.moml.MoMLSimpleApplication@4465143c
reloadAllAccessors: .CausalityInterface9

===========================================================================================
----------------- testing Wed Jul 10 06:43:18 UTC 2019 /home/travis/build/icyphy/ptII/ptolemy/domains/modal/test/auto/ChainedTransitions.xml
----------------- Instantiating /home/travis/build/icyphy/ptII/ptolemy/domains/modal/test/auto/ChainedTransitions.xml
104 ms. Memory: 252928K Free: 110288K (44%)
----------------- Invoking toplevel() on ptolemy.moml.MoMLSimpleApplication@eff9a8
----------------- Done invoking toplevel() on ptolemy.moml.MoMLSimpleApplication@eff9a8
reloadAllAccessors: .ChainedTransitions

===========================================================================================
----------------- testing Wed Jul 10 06:43:18 UTC 2019 /home/travis/build/icyphy/ptII/ptolemy/domains/modal/test/auto/CycleOfImmediateTransitionsFSM.xml
----------------- Instantiating /home/travis/build/icyphy/ptII/ptolemy/domains/modal/test/auto/CycleOfImmediateTransitionsFSM.xml
5 ms. Memory: 252928K Free: 104159K (41%)
----------------- Invoking toplevel() on ptolemy.moml.MoMLSimpleApplication@1d1fca70
----------------- Done invoking toplevel() on ptolemy.moml.MoMLSimpleApplication@1d1fca70
reloadAllAccessors: .CycleOfImmediateTransitionsFSM

===========================================================================================
----------------- testing Wed Jul 10 06:43:18 UTC 2019 /home/travis/build/icyphy/ptII/ptolemy/domains/modal/test/auto/CycleOfImmediateTransitionsModal.xml
----------------- Instantiating /home/travis/build/icyphy/ptII/ptolemy/domains/modal/test/auto/CycleOfImmediateTransitionsModal.xml
2 ms. Memory: 252928K Free: 98015K (39%)
----------------- Invoking toplevel() on ptolemy.moml.MoMLSimpleApplication@1ff870da
----------------- Done invoking toplevel() on ptolemy.moml.MoMLSimpleApplication@1ff870da
reloadAllAccessors: .CycleOfImmediateTransitionsModal

===========================================================================================
----------------- testing Wed Jul 10 06:43:19 UTC 2019 /home/travis/build/icyphy/ptII/ptolemy/domains/modal/test/auto/CycleOfImmediateTransitionsModal2.xml
----------------- Instantiating /home/travis/build/icyphy/ptII/ptolemy/domains/modal/test/auto/CycleOfImmediateTransitionsModal2.xml
9 ms. Memory: 252928K Free: 91361K (36%)
----------------- Invoking toplevel() on ptolemy.moml.MoMLSimpleApplication@42d03ca0
----------------- Done invoking toplevel() on ptolemy.moml.MoMLSimpleApplication@42d03ca0
reloadAllAccessors: .CycleOfImmediateTransitionsModal2

===========================================================================================
----------------- testing Wed Jul 10 06:43:19 UTC 2019 /home/travis/build/icyphy/ptII/ptolemy/domains/modal/test/auto/CycleOfImmediateTransitionsModal3.xml
----------------- Instantiating /home/travis/build/icyphy/ptII/ptolemy/domains/modal/test/auto/CycleOfImmediateTransitionsModal3.xml
17 ms. Memory: 364544K Free: 323809K (89%)
----------------- Invoking toplevel() on ptolemy.moml.MoMLSimpleApplication@2418c3ac
----------------- Done invoking toplevel() on ptolemy.moml.MoMLSimpleApplication@2418c3ac
reloadAllAccessors: .CycleOfImmediateTransitionsModal3

===========================================================================================
----------------- testing Wed Jul 10 06:43:19 UTC 2019 /home/travis/build/icyphy/ptII/ptolemy/domains/modal/test/auto/DeepModal1.xml
----------------- Instantiating /home/travis/build/icyphy/ptII/ptolemy/domains/modal/test/auto/DeepModal1.xml
31 ms. Memory: 364544K Free: 310497K (85%)
----------------- Invoking toplevel() on ptolemy.moml.MoMLSimpleApplication@501a59a5
----------------- Done invoking toplevel() on ptolemy.moml.MoMLSimpleApplication@501a59a5
reloadAllAccessors: .DeepModal1

===========================================================================================
----------------- testing Wed Jul 10 06:43:19 UTC 2019 /home/travis/build/icyphy/ptII/ptolemy/domains/modal/test/auto/DeepModal2.xml
----------------- Instantiating /home/travis/build/icyphy/ptII/ptolemy/domains/modal/test/auto/DeepModal2.xml
28 ms. Memory: 364544K Free: 291551K (80%)
----------------- Invoking toplevel() on ptolemy.moml.MoMLSimpleApplication@65577b44
----------------- Done invoking toplevel() on ptolemy.moml.MoMLSimpleApplication@65577b44
reloadAllAccessors: .DeepModal2

===========================================================================================
----------------- testing Wed Jul 10 06:43:19 UTC 2019 /home/travis/build/icyphy/ptII/ptolemy/domains/modal/test/auto/DeepModal3.xml
----------------- Instantiating /home/travis/build/icyphy/ptII/ptolemy/domains/modal/test/auto/DeepModal3.xml
32 ms. Memory: 364544K Free: 272095K (75%)
----------------- Invoking toplevel() on ptolemy.moml.MoMLSimpleApplication@53cd2a2b
----------------- Done invoking toplevel() on ptolemy.moml.MoMLSimpleApplication@53cd2a2b
reloadAllAccessors: .DeepModal3

===========================================================================================
----------------- testing Wed Jul 10 06:43:19 UTC 2019 /home/travis/build/icyphy/ptII/ptolemy/domains/modal/test/auto/DeepModal4.xml
----------------- Instantiating /home/travis/build/icyphy/ptII/ptolemy/domains/modal/test/auto/DeepModal4.xml
40 ms. Memory: 364544K Free: 252639K (69%)
----------------- Invoking toplevel() on ptolemy.moml.MoMLSimpleApplication@62f90425
----------------- Done invoking toplevel() on ptolemy.moml.MoMLSimpleApplication@62f90425
reloadAllAccessors: .DeepModal4

===========================================================================================
----------------- testing Wed Jul 10 06:43:19 UTC 2019 /home/travis/build/icyphy/ptII/ptolemy/domains/modal/test/auto/Default1.xml
----------------- Instantiating /home/travis/build/icyphy/ptII/ptolemy/domains/modal/test/auto/Default1.xml
3 ms. Memory: 364544K Free: 246495K (68%)
----------------- Invoking toplevel() on ptolemy.moml.MoMLSimpleApplication@3d86e01a
----------------- Done invoking toplevel() on ptolemy.moml.MoMLSimpleApplication@3d86e01a
reloadAllAccessors: .Default1

===========================================================================================
----------------- testing Wed Jul 10 06:43:19 UTC 2019 /home/travis/build/icyphy/ptII/ptolemy/domains/modal/test/auto/Default2.xml
----------------- Instantiating /home/travis/build/icyphy/ptII/ptolemy/domains/modal/test/auto/Default2.xml
9 ms. Memory: 364544K Free: 240863K (66%)
----------------- Invoking toplevel() on ptolemy.moml.MoMLSimpleApplication@540d52b1
----------------- Done invoking toplevel() on ptolemy.moml.MoMLSimpleApplication@540d52b1
reloadAllAccessors: .Default2

===========================================================================================
----------------- testing Wed Jul 10 06:43:19 UTC 2019 /home/travis/build/icyphy/ptII/ptolemy/domains/modal/test/auto/Default3.xml
----------------- Instantiating /home/travis/build/icyphy/ptII/ptolemy/domains/modal/test/auto/Default3.xml
6 ms. Memory: 364544K Free: 234207K (64%)
----------------- Invoking toplevel() on ptolemy.moml.MoMLSimpleApplication@2199ffcb
----------------- Done invoking toplevel() on ptolemy.moml.MoMLSimpleApplication@2199ffcb
reloadAllAccessors: .Default3

===========================================================================================
----------------- testing Wed Jul 10 06:43:19 UTC 2019 /home/travis/build/icyphy/ptII/ptolemy/domains/modal/test/auto/Default4.xml
----------------- Instantiating /home/travis/build/icyphy/ptII/ptolemy/domains/modal/test/auto/Default4.xml
7 ms. Memory: 364544K Free: 228063K (63%)
----------------- Invoking toplevel() on ptolemy.moml.MoMLSimpleApplication@62b8908e
----------------- Done invoking toplevel() on ptolemy.moml.MoMLSimpleApplication@62b8908e
reloadAllAccessors: .Default4

===========================================================================================
----------------- testing Wed Jul 10 06:43:19 UTC 2019 /home/travis/build/icyphy/ptII/ptolemy/domains/modal/test/auto/Default5.xml
----------------- Instantiating /home/travis/build/icyphy/ptII/ptolemy/domains/modal/test/auto/Default5.xml
8 ms. Memory: 364544K Free: 219856K (60%)
----------------- Invoking toplevel() on ptolemy.moml.MoMLSimpleApplication@4725d86a
----------------- Done invoking toplevel() on ptolemy.moml.MoMLSimpleApplication@4725d86a
reloadAllAccessors: .Default5

===========================================================================================
----------------- testing Wed Jul 10 06:43:19 UTC 2019 /home/travis/build/icyphy/ptII/ptolemy/domains/modal/test/auto/EmptyGuard.xml
----------------- Instantiating /home/travis/build/icyphy/ptII/ptolemy/domains/modal/test/auto/EmptyGuard.xml
10 ms. Memory: 364544K Free: 212193K (58%)
----------------- Invoking toplevel() on ptolemy.moml.MoMLSimpleApplication@53277a4c
----------------- Done invoking toplevel() on ptolemy.moml.MoMLSimpleApplication@53277a4c
reloadAllAccessors: .EmptyGuard

===========================================================================================
----------------- testing Wed Jul 10 06:43:19 UTC 2019 /home/travis/build/icyphy/ptII/ptolemy/domains/modal/test/auto/ErrorTransition1.xml
----------------- Instantiating /home/travis/build/icyphy/ptII/ptolemy/domains/modal/test/auto/ErrorTransition1.xml
10 ms. Memory: 364544K Free: 203487K (56%)
----------------- Invoking toplevel() on ptolemy.moml.MoMLSimpleApplication@78911ce7
----------------- Done invoking toplevel() on ptolemy.moml.MoMLSimpleApplication@78911ce7
reloadAllAccessors: .ErrorTransition1

===========================================================================================
----------------- testing Wed Jul 10 06:43:19 UTC 2019 /home/travis/build/icyphy/ptII/ptolemy/domains/modal/test/auto/ErrorTransition10.xml
----------------- Instantiating /home/travis/build/icyphy/ptII/ptolemy/domains/modal/test/auto/ErrorTransition10.xml
14 ms. Memory: 364544K Free: 189665K (52%)
----------------- Invoking toplevel() on ptolemy.moml.MoMLSimpleApplication@4928e8ef
----------------- Done invoking toplevel() on ptolemy.moml.MoMLSimpleApplication@4928e8ef
reloadAllAccessors: .ErrorTransition10

===========================================================================================
----------------- testing Wed Jul 10 06:43:19 UTC 2019 /home/travis/build/icyphy/ptII/ptolemy/domains/modal/test/auto/ErrorTransition11.xml
----------------- Instantiating /home/travis/build/icyphy/ptII/ptolemy/domains/modal/test/auto/ErrorTransition11.xml
3 ms. Memory: 364544K Free: 178401K (49%)
----------------- Invoking toplevel() on ptolemy.moml.MoMLSimpleApplication@7a5cd2c5
----------------- Done invoking toplevel() on ptolemy.moml.MoMLSimpleApplication@7a5cd2c5
reloadAllAccessors: .ErrorTransition11

===========================================================================================
----------------- testing Wed Jul 10 06:43:19 UTC 2019 /home/travis/build/icyphy/ptII/ptolemy/domains/modal/test/auto/ErrorTransition2.xml
----------------- Instantiating /home/travis/build/icyphy/ptII/ptolemy/domains/modal/test/auto/ErrorTransition2.xml
8 ms. Memory: 364544K Free: 169695K (47%)
----------------- Invoking toplevel() on ptolemy.moml.MoMLSimpleApplication@78d0eed8
----------------- Done invoking toplevel() on ptolemy.moml.MoMLSimpleApplication@78d0eed8
reloadAllAccessors: .ErrorTransition2

===========================================================================================
----------------- testing Wed Jul 10 06:43:19 UTC 2019 /home/travis/build/icyphy/ptII/ptolemy/domains/modal/test/auto/ErrorTransition3.xml
----------------- Instantiating /home/travis/build/icyphy/ptII/ptolemy/domains/modal/test/auto/ErrorTransition3.xml
26 ms. Memory: 364544K Free: 159969K (44%)
----------------- Invoking toplevel() on ptolemy.moml.MoMLSimpleApplication@7343f907
----------------- Done invoking toplevel() on ptolemy.moml.MoMLSimpleApplication@7343f907
reloadAllAccessors: .ErrorTransition3

===========================================================================================
----------------- testing Wed Jul 10 06:43:19 UTC 2019 /home/travis/build/icyphy/ptII/ptolemy/domains/modal/test/auto/ErrorTransition4.xml
----------------- Instantiating /home/travis/build/icyphy/ptII/ptolemy/domains/modal/test/auto/ErrorTransition4.xml
15 ms. Memory: 364544K Free: 148705K (41%)
----------------- Invoking toplevel() on ptolemy.moml.MoMLSimpleApplication@726e1848
----------------- Done invoking toplevel() on ptolemy.moml.MoMLSimpleApplication@726e1848
reloadAllAccessors: .ErrorTransition4

===========================================================================================
----------------- testing Wed Jul 10 06:43:19 UTC 2019 /home/travis/build/icyphy/ptII/ptolemy/domains/modal/test/auto/ErrorTransition5.xml
----------------- Instantiating /home/travis/build/icyphy/ptII/ptolemy/domains/modal/test/auto/ErrorTransition5.xml
8 ms. Memory: 364544K Free: 138465K (38%)
----------------- Invoking toplevel() on ptolemy.moml.MoMLSimpleApplication@a1e79fc
----------------- Done invoking toplevel() on ptolemy.moml.MoMLSimpleApplication@a1e79fc
reloadAllAccessors: .ErrorTransition5

===========================================================================================
----------------- testing Wed Jul 10 06:43:19 UTC 2019 /home/travis/build/icyphy/ptII/ptolemy/domains/modal/test/auto/ErrorTransition6.xml
----------------- Instantiating /home/travis/build/icyphy/ptII/ptolemy/domains/modal/test/auto/ErrorTransition6.xml
12 ms. Memory: 364544K Free: 337631K (93%)
----------------- Invoking toplevel() on ptolemy.moml.MoMLSimpleApplication@7c8beb5c
----------------- Done invoking toplevel() on ptolemy.moml.MoMLSimpleApplication@7c8beb5c
reloadAllAccessors: .ErrorTransition6

===========================================================================================
----------------- testing Wed Jul 10 06:43:20 UTC 2019 /home/travis/build/icyphy/ptII/ptolemy/domains/modal/test/auto/ErrorTransition7.xml
----------------- Instantiating /home/travis/build/icyphy/ptII/ptolemy/domains/modal/test/auto/ErrorTransition7.xml
19 ms. Memory: 364544K Free: 324833K (89%)
----------------- Invoking toplevel() on ptolemy.moml.MoMLSimpleApplication@76a8a7b3
----------------- Done invoking toplevel() on ptolemy.moml.MoMLSimpleApplication@76a8a7b3
reloadAllAccessors: .ErrorTransition7

===========================================================================================
----------------- testing Wed Jul 10 06:43:20 UTC 2019 /home/travis/build/icyphy/ptII/ptolemy/domains/modal/test/auto/ErrorTransition8.xml
----------------- Instantiating /home/travis/build/icyphy/ptII/ptolemy/domains/modal/test/auto/ErrorTransition8.xml
41 ms. Memory: 364544K Free: 311521K (85%)
----------------- Invoking toplevel() on ptolemy.moml.MoMLSimpleApplication@6ae6161c
----------------- Done invoking toplevel() on ptolemy.moml.MoMLSimpleApplication@6ae6161c
reloadAllAccessors: .ErrorTransition8

===========================================================================================
----------------- testing Wed Jul 10 06:43:20 UTC 2019 /home/travis/build/icyphy/ptII/ptolemy/domains/modal/test/auto/ErrorTransition9.xml
----------------- Instantiating /home/travis/build/icyphy/ptII/ptolemy/domains/modal/test/auto/ErrorTransition9.xml
18 ms. Memory: 364544K Free: 298209K (82%)
----------------- Invoking toplevel() on ptolemy.moml.MoMLSimpleApplication@1849d2b1
----------------- Done invoking toplevel() on ptolemy.moml.MoMLSimpleApplication@1849d2b1
reloadAllAccessors: .ErrorTransition9

===========================================================================================
----------------- testing Wed Jul 10 06:43:20 UTC 2019 /home/travis/build/icyphy/ptII/ptolemy/domains/modal/test/auto/ExtendedFSM.xml
----------------- Instantiating /home/travis/build/icyphy/ptII/ptolemy/domains/modal/test/auto/ExtendedFSM.xml
8 ms. Memory: 364544K Free: 289488K (79%)
----------------- Invoking toplevel() on ptolemy.moml.MoMLSimpleApplication@d965054
----------------- Done invoking toplevel() on ptolemy.moml.MoMLSimpleApplication@d965054
reloadAllAccessors: .ExtendedFSM

===========================================================================================
----------------- testing Wed Jul 10 06:43:20 UTC 2019 /home/travis/build/icyphy/ptII/ptolemy/domains/modal/test/auto/FinalStates.xml
----------------- Instantiating /home/travis/build/icyphy/ptII/ptolemy/domains/modal/test/auto/FinalStates.xml
5 ms. Memory: 364544K Free: 281296K (77%)
----------------- Invoking toplevel() on ptolemy.moml.MoMLSimpleApplication@4c2c44b6
----------------- Done invoking toplevel() on ptolemy.moml.MoMLSimpleApplication@4c2c44b6
reloadAllAccessors: .FinalStates

===========================================================================================
----------------- testing Wed Jul 10 06:43:20 UTC 2019 /home/travis/build/icyphy/ptII/ptolemy/domains/modal/test/auto/FixedPointFSM.xml
----------------- Instantiating /home/travis/build/icyphy/ptII/ptolemy/domains/modal/test/auto/FixedPointFSM.xml
20 ms. Memory: 364544K Free: 266465K (73%)
----------------- Invoking toplevel() on ptolemy.moml.MoMLSimpleApplication@595723ea
----------------- Done invoking toplevel() on ptolemy.moml.MoMLSimpleApplication@595723ea
reloadAllAccessors: .FixedPointFSM

===========================================================================================
----------------- testing Wed Jul 10 06:43:20 UTC 2019 /home/travis/build/icyphy/ptII/ptolemy/domains/modal/test/auto/FixedPointIterationFSMActor.xml
----------------- Instantiating /home/travis/build/icyphy/ptII/ptolemy/domains/modal/test/auto/FixedPointIterationFSMActor.xml
8 ms. Memory: 364544K Free: 256225K (70%)
----------------- Invoking toplevel() on ptolemy.moml.MoMLSimpleApplication@3acbb382
----------------- Done invoking toplevel() on ptolemy.moml.MoMLSimpleApplication@3acbb382
reloadAllAccessors: .FixedPointIterationFSMActor

===========================================================================================
----------------- testing Wed Jul 10 06:43:20 UTC 2019 /home/travis/build/icyphy/ptII/ptolemy/domains/modal/test/auto/FixedPointIterationFSMActor2.xml
----------------- Instantiating /home/travis/build/icyphy/ptII/ptolemy/domains/modal/test/auto/FixedPointIterationFSMActor2.xml
15 ms. Memory: 364544K Free: 243937K (67%)
----------------- Invoking toplevel() on ptolemy.moml.MoMLSimpleApplication@fcf613
----------------- Done invoking toplevel() on ptolemy.moml.MoMLSimpleApplication@fcf613
reloadAllAccessors: .FixedPointIterationFSMActor2

===========================================================================================
----------------- testing Wed Jul 10 06:43:20 UTC 2019 /home/travis/build/icyphy/ptII/ptolemy/domains/modal/test/auto/ForbiddenInstantanousLoop.xml
----------------- Instantiating /home/travis/build/icyphy/ptII/ptolemy/domains/modal/test/auto/ForbiddenInstantanousLoop.xml
7 ms. Memory: 364544K Free: 231649K (64%)
----------------- Invoking toplevel() on ptolemy.moml.MoMLSimpleApplication@610da9f
----------------- Done invoking toplevel() on ptolemy.moml.MoMLSimpleApplication@610da9f
reloadAllAccessors: .ForbiddenInstantanousLoop

===========================================================================================
----------------- testing Wed Jul 10 06:43:20 UTC 2019 /home/travis/build/icyphy/ptII/ptolemy/domains/modal/test/auto/FunctionDependencyOfFSMActorTest.xml
----------------- Instantiating /home/travis/build/icyphy/ptII/ptolemy/domains/modal/test/auto/FunctionDependencyOfFSMActorTest.xml
13 ms. Memory: 364544K Free: 224481K (62%)
----------------- Invoking toplevel() on ptolemy.moml.MoMLSimpleApplication@3901fd26
----------------- Done invoking toplevel() on ptolemy.moml.MoMLSimpleApplication@3901fd26
reloadAllAccessors: .FunctionDependencyOfFSMActorTest

===========================================================================================
----------------- testing Wed Jul 10 06:43:20 UTC 2019 /home/travis/build/icyphy/ptII/ptolemy/domains/modal/test/auto/GuardExpression.xml
----------------- Instantiating /home/travis/build/icyphy/ptII/ptolemy/domains/modal/test/auto/GuardExpression.xml
2 ms. Memory: 364544K Free: 219361K (60%)
----------------- Invoking toplevel() on ptolemy.moml.MoMLSimpleApplication@49ad802
----------------- Done invoking toplevel() on ptolemy.moml.MoMLSimpleApplication@49ad802
reloadAllAccessors: .GuardExpression

===========================================================================================
----------------- testing Wed Jul 10 06:43:20 UTC 2019 /home/travis/build/icyphy/ptII/ptolemy/domains/modal/test/auto/GuardNotEvaluated.xml
----------------- Instantiating /home/travis/build/icyphy/ptII/ptolemy/domains/modal/test/auto/GuardNotEvaluated.xml
7 ms. Memory: 364544K Free: 210640K (58%)
----------------- Invoking toplevel() on ptolemy.moml.MoMLSimpleApplication@7ff30af5
----------------- Done invoking toplevel() on ptolemy.moml.MoMLSimpleApplication@7ff30af5
reloadAllAccessors: .GuardNotEvaluated

===========================================================================================
----------------- testing Wed Jul 10 06:43:20 UTC 2019 /home/travis/build/icyphy/ptII/ptolemy/domains/modal/test/auto/GuardNotEvaluated2.xml
----------------- Instantiating /home/travis/build/icyphy/ptII/ptolemy/domains/modal/test/auto/GuardNotEvaluated2.xml
11 ms. Memory: 364544K Free: 200929K (55%)
----------------- Invoking toplevel() on ptolemy.moml.MoMLSimpleApplication@19be2641
----------------- Done invoking toplevel() on ptolemy.moml.MoMLSimpleApplication@19be2641
reloadAllAccessors: .GuardNotEvaluated2

===========================================================================================
----------------- testing Wed Jul 10 06:43:20 UTC 2019 /home/travis/build/icyphy/ptII/ptolemy/domains/modal/test/auto/GuardOnAbsent.xml
----------------- Instantiating /home/travis/build/icyphy/ptII/ptolemy/domains/modal/test/auto/GuardOnAbsent.xml
9 ms. Memory: 364544K Free: 193216K (53%)
----------------- Invoking toplevel() on ptolemy.moml.MoMLSimpleApplication@231d493c
----------------- Done invoking toplevel() on ptolemy.moml.MoMLSimpleApplication@231d493c
reloadAllAccessors: .GuardOnAbsent

===========================================================================================
----------------- testing Wed Jul 10 06:43:20 UTC 2019 /home/travis/build/icyphy/ptII/ptolemy/domains/modal/test/auto/HierarchicalFSMTypeInference.xml
----------------- Instantiating /home/travis/build/icyphy/ptII/ptolemy/domains/modal/test/auto/HierarchicalFSMTypeInference.xml
5 ms. Memory: 364544K Free: 183007K (50%)
----------------- Invoking toplevel() on ptolemy.moml.MoMLSimpleApplication@3cc03931
----------------- Done invoking toplevel() on ptolemy.moml.MoMLSimpleApplication@3cc03931
reloadAllAccessors: .HierarchicalFSMTypeInference

===========================================================================================
----------------- testing Wed Jul 10 06:43:20 UTC 2019 /home/travis/build/icyphy/ptII/ptolemy/domains/modal/test/auto/Hysteresis.xml
----------------- Instantiating /home/travis/build/icyphy/ptII/ptolemy/domains/modal/test/auto/Hysteresis.xml
15 ms. Memory: 364544K Free: 169680K (47%)
----------------- Invoking toplevel() on ptolemy.moml.MoMLSimpleApplication@ce1ed1
----------------- Done invoking toplevel() on ptolemy.moml.MoMLSimpleApplication@ce1ed1
reloadAllAccessors: .Hysteresis

===========================================================================================
----------------- testing Wed Jul 10 06:43:20 UTC 2019 /home/travis/build/icyphy/ptII/ptolemy/domains/modal/test/auto/HysteresisWithDefault.xml
----------------- Instantiating /home/travis/build/icyphy/ptII/ptolemy/domains/modal/test/auto/HysteresisWithDefault.xml
36 ms. Memory: 364544K Free: 146657K (40%)
----------------- Invoking toplevel() on ptolemy.moml.MoMLSimpleApplication@1bee38f0
----------------- Done invoking toplevel() on ptolemy.moml.MoMLSimpleApplication@1bee38f0
reloadAllAccessors: .HysteresisWithDefault

===========================================================================================
----------------- testing Wed Jul 10 06:43:20 UTC 2019 /home/travis/build/icyphy/ptII/ptolemy/domains/modal/test/auto/HysteresisWithDefault2.xml
----------------- Instantiating /home/travis/build/icyphy/ptII/ptolemy/domains/modal/test/auto/HysteresisWithDefault2.xml
71 ms. Memory: 364544K Free: 327385K (90%)
----------------- Invoking toplevel() on ptolemy.moml.MoMLSimpleApplication@12974c56
----------------- Done invoking toplevel() on ptolemy.moml.MoMLSimpleApplication@12974c56
reloadAllAccessors: .HysteresisWithDefault2

===========================================================================================
----------------- testing Wed Jul 10 06:43:20 UTC 2019 /home/travis/build/icyphy/ptII/ptolemy/domains/modal/test/auto/ImmediateNonConstructiveness.xml
----------------- Instantiating /home/travis/build/icyphy/ptII/ptolemy/domains/modal/test/auto/ImmediateNonConstructiveness.xml
3 ms. Memory: 364544K Free: 319713K (88%)
----------------- Invoking toplevel() on ptolemy.moml.MoMLSimpleApplication@7a0a9ff3
----------------- Done invoking toplevel() on ptolemy.moml.MoMLSimpleApplication@7a0a9ff3
reloadAllAccessors: .ImmediateNonConstructiveness

===========================================================================================
----------------- testing Wed Jul 10 06:43:20 UTC 2019 /home/travis/build/icyphy/ptII/ptolemy/domains/modal/test/auto/ImmediateNonConstructiveness2.xml
----------------- Instantiating /home/travis/build/icyphy/ptII/ptolemy/domains/modal/test/auto/ImmediateNonConstructiveness2.xml
2 ms. Memory: 364544K Free: 313055K (86%)
----------------- Invoking toplevel() on ptolemy.moml.MoMLSimpleApplication@2979bf5f
----------------- Done invoking toplevel() on ptolemy.moml.MoMLSimpleApplication@2979bf5f
reloadAllAccessors: .ImmediateNonConstructiveness2

===========================================================================================
----------------- testing Wed Jul 10 06:43:20 UTC 2019 /home/travis/build/icyphy/ptII/ptolemy/domains/modal/test/auto/ImmediateTransitionReset.xml
----------------- Instantiating /home/travis/build/icyphy/ptII/ptolemy/domains/modal/test/auto/ImmediateTransitionReset.xml
7 ms. Memory: 364544K Free: 301281K (83%)
----------------- Invoking toplevel() on ptolemy.moml.MoMLSimpleApplication@1c2869aa
----------------- Done invoking toplevel() on ptolemy.moml.MoMLSimpleApplication@1c2869aa
reloadAllAccessors: .ImmediateTransitionReset

===========================================================================================
----------------- testing Wed Jul 10 06:43:20 UTC 2019 /home/travis/build/icyphy/ptII/ptolemy/domains/modal/test/auto/ImmediateTransitions1.xml
----------------- Instantiating /home/travis/build/icyphy/ptII/ptolemy/domains/modal/test/auto/ImmediateTransitions1.xml
2 ms. Memory: 364544K Free: 295647K (81%)
----------------- Invoking toplevel() on ptolemy.moml.MoMLSimpleApplication@56980a3a
----------------- Done invoking toplevel() on ptolemy.moml.MoMLSimpleApplication@56980a3a
reloadAllAccessors: .ImmediateTransitions1

===========================================================================================
----------------- testing Wed Jul 10 06:43:20 UTC 2019 /home/travis/build/icyphy/ptII/ptolemy/domains/modal/test/auto/ImmediateTransitionsInstantaneousCommunication.xml
----------------- Instantiating /home/travis/build/icyphy/ptII/ptolemy/domains/modal/test/auto/ImmediateTransitionsInstantaneousCommunication.xml
4 ms. Memory: 364544K Free: 283359K (78%)
----------------- Invoking toplevel() on ptolemy.moml.MoMLSimpleApplication@39f04777
----------------- Done invoking toplevel() on ptolemy.moml.MoMLSimpleApplication@39f04777
reloadAllAccessors: .ImmediateTransitionsInstantaneousCommunication

===========================================================================================
----------------- testing Wed Jul 10 06:43:20 UTC 2019 /home/travis/build/icyphy/ptII/ptolemy/domains/modal/test/auto/InitialImmediateTransition.xml
----------------- Instantiating /home/travis/build/icyphy/ptII/ptolemy/domains/modal/test/auto/InitialImmediateTransition.xml
3 ms. Memory: 364544K Free: 276184K (76%)
----------------- Invoking toplevel() on ptolemy.moml.MoMLSimpleApplication@4d6f8295
----------------- Done invoking toplevel() on ptolemy.moml.MoMLSimpleApplication@4d6f8295
reloadAllAccessors: .InitialImmediateTransition

===========================================================================================
----------------- testing Wed Jul 10 06:43:20 UTC 2019 /home/travis/build/icyphy/ptII/ptolemy/domains/modal/test/auto/InitialOutputs.xml
----------------- Instantiating /home/travis/build/icyphy/ptII/ptolemy/domains/modal/test/auto/InitialOutputs.xml
3 ms. Memory: 364544K Free: 270047K (74%)
----------------- Invoking toplevel() on ptolemy.moml.MoMLSimpleApplication@7e1638d6
----------------- Done invoking toplevel() on ptolemy.moml.MoMLSimpleApplication@7e1638d6
reloadAllAccessors: .InitialOutputs

===========================================================================================
----------------- testing Wed Jul 10 06:43:20 UTC 2019 /home/travis/build/icyphy/ptII/ptolemy/domains/modal/test/auto/InitialStateTransition1.xml
----------------- Instantiating /home/travis/build/icyphy/ptII/ptolemy/domains/modal/test/auto/InitialStateTransition1.xml
3 ms. Memory: 364544K Free: 262879K (72%)
----------------- Invoking toplevel() on ptolemy.moml.MoMLSimpleApplication@2f01d959
----------------- Done invoking toplevel() on ptolemy.moml.MoMLSimpleApplication@2f01d959
reloadAllAccessors: .InitialStateTransition1

===========================================================================================
----------------- testing Wed Jul 10 06:43:20 UTC 2019 /home/travis/build/icyphy/ptII/ptolemy/domains/modal/test/auto/InitialStateTransition2.xml
----------------- Instantiating /home/travis/build/icyphy/ptII/ptolemy/domains/modal/test/auto/InitialStateTransition2.xml
.InitialStateTransition2.TestExceptionAttributeNonConstructive: initialize() was not invoked, but wrapup() was.  This is unusual, but not always a problem.  For example, exporting JNLP will do this.
2 ms. Memory: 364544K Free: 255711K (70%)
----------------- Invoking toplevel() on ptolemy.moml.MoMLSimpleApplication@a17a520
----------------- Done invoking toplevel() on ptolemy.moml.MoMLSimpleApplication@a17a520
reloadAllAccessors: .InitialStateTransition2

===========================================================================================
----------------- testing Wed Jul 10 06:43:20 UTC 2019 /home/travis/build/icyphy/ptII/ptolemy/domains/modal/test/auto/InitialStateTransition3.xml
----------------- Instantiating /home/travis/build/icyphy/ptII/ptolemy/domains/modal/test/auto/InitialStateTransition3.xml
4 ms. Memory: 364544K Free: 247519K (68%)
----------------- Invoking toplevel() on ptolemy.moml.MoMLSimpleApplication@223cdc7f
----------------- Done invoking toplevel() on ptolemy.moml.MoMLSimpleApplication@223cdc7f
reloadAllAccessors: .InitialStateTransition3

===========================================================================================
----------------- testing Wed Jul 10 06:43:21 UTC 2019 /home/travis/build/icyphy/ptII/ptolemy/domains/modal/test/auto/InitialStateTransition4.xml
----------------- Instantiating /home/travis/build/icyphy/ptII/ptolemy/domains/modal/test/auto/InitialStateTransition4.xml
4 ms. Memory: 364544K Free: 237793K (65%)
----------------- Invoking toplevel() on ptolemy.moml.MoMLSimpleApplication@28785f27
----------------- Done invoking toplevel() on ptolemy.moml.MoMLSimpleApplication@28785f27
[...]
reloadAllAccessors: .TerminationTransition3

===========================================================================================
----------------- testing Wed Jul 10 06:43:23 UTC 2019 /home/travis/build/icyphy/ptII/ptolemy/domains/modal/test/auto/TerminationTransition4.xml
----------------- Instantiating /home/travis/build/icyphy/ptII/ptolemy/domains/modal/test/auto/TerminationTransition4.xml
6 ms. Memory: 489472K Free: 196833K (40%)
----------------- Invoking toplevel() on ptolemy.moml.MoMLSimpleApplication@5cc8478b
----------------- Done invoking toplevel() on ptolemy.moml.MoMLSimpleApplication@5cc8478b
reloadAllAccessors: .TerminationTransition4

===========================================================================================
----------------- testing Wed Jul 10 06:43:23 UTC 2019 /home/travis/build/icyphy/ptII/ptolemy/domains/modal/test/auto/TerminationTransition5.xml
----------------- Instantiating /home/travis/build/icyphy/ptII/ptolemy/domains/modal/test/auto/TerminationTransition5.xml
3 ms. Memory: 489472K Free: 467167K (95%)
----------------- Invoking toplevel() on ptolemy.moml.MoMLSimpleApplication@6d24a45a
----------------- Done invoking toplevel() on ptolemy.moml.MoMLSimpleApplication@6d24a45a
reloadAllAccessors: .TerminationTransition5

===========================================================================================
----------------- testing Wed Jul 10 06:43:23 UTC 2019 /home/travis/build/icyphy/ptII/ptolemy/domains/modal/test/auto/TerminationTransition6.xml
----------------- Instantiating /home/travis/build/icyphy/ptII/ptolemy/domains/modal/test/auto/TerminationTransition6.xml
2 ms. Memory: 489472K Free: 458465K (94%)
----------------- Invoking toplevel() on ptolemy.moml.MoMLSimpleApplication@58c96a76
----------------- Done invoking toplevel() on ptolemy.moml.MoMLSimpleApplication@58c96a76
reloadAllAccessors: .TerminationTransition6

===========================================================================================
----------------- testing Wed Jul 10 06:43:23 UTC 2019 /home/travis/build/icyphy/ptII/ptolemy/domains/modal/test/auto/TerminationTransition7.xml
----------------- Instantiating /home/travis/build/icyphy/ptII/ptolemy/domains/modal/test/auto/TerminationTransition7.xml
2 ms. Memory: 489472K Free: 449249K (92%)
----------------- Invoking toplevel() on ptolemy.moml.MoMLSimpleApplication@28036a0a
----------------- Done invoking toplevel() on ptolemy.moml.MoMLSimpleApplication@28036a0a
reloadAllAccessors: .TerminationTransition7

===========================================================================================
----------------- testing Wed Jul 10 06:43:23 UTC 2019 /home/travis/build/icyphy/ptII/ptolemy/domains/modal/test/auto/TerminationTransition8.xml
----------------- Instantiating /home/travis/build/icyphy/ptII/ptolemy/domains/modal/test/auto/TerminationTransition8.xml
2 ms. Memory: 489472K Free: 439519K (90%)
----------------- Invoking toplevel() on ptolemy.moml.MoMLSimpleApplication@2eca24e4
----------------- Done invoking toplevel() on ptolemy.moml.MoMLSimpleApplication@2eca24e4
reloadAllAccessors: .TerminationTransition8

===========================================================================================
----------------- testing Wed Jul 10 06:43:23 UTC 2019 /home/travis/build/icyphy/ptII/ptolemy/domains/modal/test/auto/Thermostat_NoHysteresis.xml
----------------- Instantiating /home/travis/build/icyphy/ptII/ptolemy/domains/modal/test/auto/Thermostat_NoHysteresis.xml
39 ms. Memory: 489472K Free: 414433K (85%)
----------------- Invoking toplevel() on ptolemy.moml.MoMLSimpleApplication@16e9a37f
----------------- Done invoking toplevel() on ptolemy.moml.MoMLSimpleApplication@16e9a37f
reloadAllAccessors: .Thermostat_NoHysteresis

===========================================================================================
----------------- testing Wed Jul 10 06:43:23 UTC 2019 /home/travis/build/icyphy/ptII/ptolemy/domains/modal/test/auto/TimedFSM.xml
----------------- Instantiating /home/travis/build/icyphy/ptII/ptolemy/domains/modal/test/auto/TimedFSM.xml
10 ms. Memory: 489472K Free: 403169K (82%)
----------------- Invoking toplevel() on ptolemy.moml.MoMLSimpleApplication@3aeae0ec
----------------- Done invoking toplevel() on ptolemy.moml.MoMLSimpleApplication@3aeae0ec
reloadAllAccessors: .TimedFSM

===========================================================================================
----------------- testing Wed Jul 10 06:43:23 UTC 2019 /home/travis/build/icyphy/ptII/ptolemy/domains/modal/test/auto/Timeout1.xml
----------------- Instantiating /home/travis/build/icyphy/ptII/ptolemy/domains/modal/test/auto/Timeout1.xml
4 ms. Memory: 489472K Free: 397025K (81%)
----------------- Invoking toplevel() on ptolemy.moml.MoMLSimpleApplication@5044e476
----------------- Done invoking toplevel() on ptolemy.moml.MoMLSimpleApplication@5044e476
reloadAllAccessors: .Timeout1

===========================================================================================
----------------- testing Wed Jul 10 06:43:23 UTC 2019 /home/travis/build/icyphy/ptII/ptolemy/domains/modal/test/auto/Timeout2.xml
----------------- Instantiating /home/travis/build/icyphy/ptII/ptolemy/domains/modal/test/auto/Timeout2.xml
8 ms. Memory: 489472K Free: 388304K (79%)
----------------- Invoking toplevel() on ptolemy.moml.MoMLSimpleApplication@2e426518
----------------- Done invoking toplevel() on ptolemy.moml.MoMLSimpleApplication@2e426518
reloadAllAccessors: .Timeout2

===========================================================================================
----------------- testing Wed Jul 10 06:43:23 UTC 2019 /home/travis/build/icyphy/ptII/ptolemy/domains/modal/test/auto/Timeout3.xml
----------------- Instantiating /home/travis/build/icyphy/ptII/ptolemy/domains/modal/test/auto/Timeout3.xml
2 ms. Memory: 489472K Free: 383184K (78%)
----------------- Invoking toplevel() on ptolemy.moml.MoMLSimpleApplication@1f6018bd
----------------- Done invoking toplevel() on ptolemy.moml.MoMLSimpleApplication@1f6018bd
reloadAllAccessors: .Timeout3

===========================================================================================
----------------- testing Wed Jul 10 06:43:23 UTC 2019 /home/travis/build/icyphy/ptII/ptolemy/domains/modal/test/auto/Timeout4.xml
----------------- Instantiating /home/travis/build/icyphy/ptII/ptolemy/domains/modal/test/auto/Timeout4.xml
2 ms. Memory: 489472K Free: 378079K (77%)
----------------- Invoking toplevel() on ptolemy.moml.MoMLSimpleApplication@1cbf10a9
----------------- Done invoking toplevel() on ptolemy.moml.MoMLSimpleApplication@1cbf10a9
reloadAllAccessors: .Timeout4

===========================================================================================
----------------- testing Wed Jul 10 06:43:23 UTC 2019 /home/travis/build/icyphy/ptII/ptolemy/domains/modal/test/auto/TransientstateModelAdvanced.xml
----------------- Instantiating /home/travis/build/icyphy/ptII/ptolemy/domains/modal/test/auto/TransientstateModelAdvanced.xml
3 ms. Memory: 489472K Free: 365281K (75%)
----------------- Invoking toplevel() on ptolemy.moml.MoMLSimpleApplication@6a0ec69
----------------- Done invoking toplevel() on ptolemy.moml.MoMLSimpleApplication@6a0ec69
reloadAllAccessors: .TransientstateModelAdvanced

===========================================================================================
----------------- testing Wed Jul 10 06:43:23 UTC 2019 /home/travis/build/icyphy/ptII/ptolemy/domains/modal/test/auto/TransientstateModelAdvanced2.xml
----------------- Instantiating /home/travis/build/icyphy/ptII/ptolemy/domains/modal/test/auto/TransientstateModelAdvanced2.xml
3 ms. Memory: 489472K Free: 350945K (72%)
----------------- Invoking toplevel() on ptolemy.moml.MoMLSimpleApplication@1bfeaa3f
----------------- Done invoking toplevel() on ptolemy.moml.MoMLSimpleApplication@1bfeaa3f
reloadAllAccessors: .transientstatemodelAdvanced

===========================================================================================
----------------- testing Wed Jul 10 06:43:23 UTC 2019 /home/travis/build/icyphy/ptII/ptolemy/domains/modal/test/auto/TransitionRefinements.xml
----------------- Instantiating /home/travis/build/icyphy/ptII/ptolemy/domains/modal/test/auto/TransitionRefinements.xml
9 ms. Memory: 489472K Free: 341200K (70%)
----------------- Invoking toplevel() on ptolemy.moml.MoMLSimpleApplication@33589731
----------------- Done invoking toplevel() on ptolemy.moml.MoMLSimpleApplication@33589731
reloadAllAccessors: .TransitionRefinements

===========================================================================================
----------------- testing Wed Jul 10 06:43:23 UTC 2019 /home/travis/build/icyphy/ptII/ptolemy/domains/modal/test/auto/TwoRefinements1.xml
----------------- Instantiating /home/travis/build/icyphy/ptII/ptolemy/domains/modal/test/auto/TwoRefinements1.xml
3 ms. Memory: 489472K Free: 331489K (68%)
----------------- Invoking toplevel() on ptolemy.moml.MoMLSimpleApplication@5015597
----------------- Done invoking toplevel() on ptolemy.moml.MoMLSimpleApplication@5015597
reloadAllAccessors: .TwoRefinements1

===========================================================================================
----------------- testing Wed Jul 10 06:43:23 UTC 2019 /home/travis/build/icyphy/ptII/ptolemy/domains/modal/test/auto/TwoRefinements2.xml
----------------- Instantiating /home/travis/build/icyphy/ptII/ptolemy/domains/modal/test/auto/TwoRefinements2.xml
2 ms. Memory: 489472K Free: 321759K (66%)
----------------- Invoking toplevel() on ptolemy.moml.MoMLSimpleApplication@571b1ceb
----------------- Done invoking toplevel() on ptolemy.moml.MoMLSimpleApplication@571b1ceb
reloadAllAccessors: .TwoRefinements2

===========================================================================================
----------------- testing Wed Jul 10 06:43:23 UTC 2019 /home/travis/build/icyphy/ptII/ptolemy/domains/modal/test/auto/WeakImmediateTransition.xml
----------------- Instantiating /home/travis/build/icyphy/ptII/ptolemy/domains/modal/test/auto/WeakImmediateTransition.xml
3 ms. Memory: 489472K Free: 313057K (64%)
----------------- Invoking toplevel() on ptolemy.moml.MoMLSimpleApplication@1a0d6519
----------------- Done invoking toplevel() on ptolemy.moml.MoMLSimpleApplication@1a0d6519
reloadAllAccessors: .WeakImmediateTransition

===========================================================================================
----------------- testing Wed Jul 10 06:43:23 UTC 2019 /home/travis/build/icyphy/ptII/ptolemy/domains/modal/test/auto/booleanSelect.xml
----------------- Instantiating /home/travis/build/icyphy/ptII/ptolemy/domains/modal/test/auto/booleanSelect.xml
27 ms. Memory: 489472K Free: 295135K (60%)
----------------- Invoking toplevel() on ptolemy.moml.MoMLSimpleApplication@6bba066c
----------------- Done invoking toplevel() on ptolemy.moml.MoMLSimpleApplication@6bba066c
reloadAllAccessors: .booleanSelect

===========================================================================================
----------------- testing Wed Jul 10 06:43:23 UTC 2019 /home/travis/build/icyphy/ptII/ptolemy/domains/modal/test/auto/modalChangingParams.xml
----------------- Instantiating /home/travis/build/icyphy/ptII/ptolemy/domains/modal/test/auto/modalChangingParams.xml
0
1
0
2
4
6
8
7
0
2
4
6
8
13
0
2
4
6
8
19
0
2
4
6
8
25
0
2
4
6
8
31
0
2
4
6
8
37
0
2
4
6
8
43
0
2
4
6
8
49
0
2
4
6
8
55
0
2
4
6
8
61
0
2
4
6
8
67
0
2
4
6
8
73
0
2
4
6
8
79
0
2
4
6
8
85
0
2
4
6
8
91
0
2
4
6
8
97
0
2
4
6
8
103
0
2
4
6
8
109
0
2
4
6
8
115
0
2
4
6
8
121
0
2
4
6
8
127
0
2
4
6
8
133
0
2
4
6
8
139
0
2
4
6
8
145
0
2
4
6
8
151
0
2
4
6
8
157
0
2
4
6
8
163
0
2
4
6
8
169
0
2
4
6
8
175
0
2
4
6
8
181
0
2
4
6
8
187
0
2
4
6
8
193
0
2
4
6
8
199
0
2
4
6
8
205
0
2
4
6
8
211
0
2
4
6
8
217
0
2
4
6
8
223
0
2
4
6
8
229
0
2
4
6
8
235
0
2
4
6
8
241
0
2
4
6
8
247
0
2
4
6
8
253
0
2
4
6
8
259
0
2
4
6
8
265
0
2
4
6
8
271
0
2
4
6
8
277
0
2
4
6
8
283
0
2
4
6
8
289
0
2
4
6
8
295
0
2
4
6
8
301
0
2
4
6
8
307
0
2
4
6
8
313
0
2
4
6
8
319
0
2
4
6
8
325
0
2
4
6
8
331
0
2
4
6
8
337
0
2
4
6
8
343
0
2
4
6
8
349
0
2
4
6
8
355
0
2
4
6
8
361
0
2
4
6
8
367
0
2
4
6
8
373
0
2
4
6
8
379
0
2
4
6
8
385
0
2
4
6
8
391
0
2
4
6
8
397
0
2
4
6
8
403
0
2
4
6
8
409
0
2
4
6
8
415
0
2
4
6
8
421
0
2
4
6
8
427
0
2
4
6
8
433
0
2
4
6
8
439
0
2
4
6
8
445
0
2
4
6
8
451
0
2
4
6
8
457
0
2
4
6
8
463
0
2
4
6
8
469
0
2
4
6
8
475
0
2
4
6
8
481
0
2
4
6
8
487
0
2
4
6
8
493
0
2
4
6
8
499
0
2
4
6
8
505
0
2
4
6
8
511
0
2
4
6
8
517
0
2
4
6
8
523
0
2
4
6
8
529
0
2
4
6
8
535
0
2
4
6
8
541
0
2
4
6
8
547
0
2
4
6
8
553
0
2
4
6
8
559
0
2
4
6
8
565
0
2
4
6
8
571
0
2
4
6
8
577
0
2
4
6
8
583
0
2
4
6
8
589
0
2
4
6
8
595
0
2
4
6
8
601
0
2
4
6
8
607
0
2
4
6
8
613
0
2
4
6
8
619
0
2
4
6
8
625
0
2
4
6
8
631
0
2
4
6
8
637
0
2
4
6
8
643
0
2
4
6
8
649
0
2
4
6
8
655
0
2
4
6
8
661
0
2
4
6
8
667
0
2
4
6
8
673
0
2
4
6
8
679
0
2
4
6
8
685
0
2
4
6
8
691
0
2
4
6
8
697
0
2
4
6
8
703
0
2
4
6
8
709
0
2
4
6
8
715
0
2
4
6
8
721
0
2
4
6
8
727
0
2
4
6
8
733
0
2
4
6
8
739
0
2
4
6
8
745
0
2
4
6
8
751
0
2
4
6
8
757
0
2
4
6
8
763
0
2
4
6
8
769
0
2
4
6
8
775
0
2
4
6
8
781
0
2
4
6
8
787
0
2
4
6
8
793
0
2
4
6
8
799
0
2
4
6
8
805
0
2
4
6
8
811
0
2
4
6
8
817
0
2
4
6
8
823
0
2
4
6
8
829
0
2
4
6
8
835
0
2
4
6
8
841
0
2
4
6
8
847
0
2
4
6
8
853
0
2
4
6
8
859
0
2
4
6
8
865
0
2
4
6
8
871
0
2
4
6
8
877
0
2
4
6
8
883
0
2
4
6
8
889
0
2
4
6
8
895
0
2
4
6
8
901
0
2
4
6
8
907
0
2
4
6
8
913
0
2
4
6
8
919
0
2
4
6
8
925
0
2
4
6
8
931
0
2
4
6
8
937
0
2
4
6
8
943
0
2
4
6
8
949
0
2
4
6
8
955
0
2
4
6
8
961
0
2
4
6
8
967
0
2
4
6
8
973
0
2
4
6
8
979
0
2
4
6
8
985
0
2
4
6
8
991
0
2
4
6
8
997
0
2
264 ms. Memory: 489472K Free: 464414K (95%)
----------------- Invoking toplevel() on ptolemy.moml.MoMLSimpleApplication@56c9862b
----------------- Done invoking toplevel() on ptolemy.moml.MoMLSimpleApplication@56c9862b
reloadAllAccessors: .modalChangingParams

===========================================================================================
----------------- testing Wed Jul 10 06:43:23 UTC 2019 /home/travis/build/icyphy/ptII/ptolemy/domains/modal/test/auto/modalModel.xml
----------------- Instantiating /home/travis/build/icyphy/ptII/ptolemy/domains/modal/test/auto/modalModel.xml
6 ms. Memory: 489472K Free: 455198K (93%)
----------------- Invoking toplevel() on ptolemy.moml.MoMLSimpleApplication@15aff1c3
----------------- Done invoking toplevel() on ptolemy.moml.MoMLSimpleApplication@15aff1c3
reloadAllAccessors: .modalModel

===========================================================================================
----------------- testing Wed Jul 10 06:43:23 UTC 2019 /home/travis/build/icyphy/ptII/ptolemy/domains/modal/test/auto/modalModel2.xml
----------------- Instantiating /home/travis/build/icyphy/ptII/ptolemy/domains/modal/test/auto/modalModel2.xml
7 ms. Memory: 489472K Free: 444462K (91%)
----------------- Invoking toplevel() on ptolemy.moml.MoMLSimpleApplication@7e8c1461
----------------- Done invoking toplevel() on ptolemy.moml.MoMLSimpleApplication@7e8c1461
reloadAllAccessors: .modalModel2

===========================================================================================
----------------- testing Wed Jul 10 06:43:23 UTC 2019 /home/travis/build/icyphy/ptII/ptolemy/domains/modal/test/auto/modalModel3.xml
----------------- Instantiating /home/travis/build/icyphy/ptII/ptolemy/domains/modal/test/auto/modalModel3.xml
0	0	0
1	0	1
4	2	2
7	4	3
10	6	4
5	0	5
8	2	6
11	4	7
14	6	8
9	0	9
12	2	10
15	4	11
18	6	12
13	0	13
16	2	14
13 ms. Memory: 489472K Free: 429582K (88%)
----------------- Invoking toplevel() on ptolemy.moml.MoMLSimpleApplication@2eb7a2cb
----------------- Done invoking toplevel() on ptolemy.moml.MoMLSimpleApplication@2eb7a2cb
reloadAllAccessors: .modalModel3

===========================================================================================
----------------- testing Wed Jul 10 06:43:24 UTC 2019 /home/travis/build/icyphy/ptII/ptolemy/domains/modal/test/auto/model1.xml
----------------- Instantiating /home/travis/build/icyphy/ptII/ptolemy/domains/modal/test/auto/model1.xml
10 ms. Memory: 489472K Free: 423982K (87%)
----------------- Invoking toplevel() on ptolemy.moml.MoMLSimpleApplication@5642e2a0
----------------- Done invoking toplevel() on ptolemy.moml.MoMLSimpleApplication@5642e2a0
reloadAllAccessors: .model1

===========================================================================================
----------------- testing Wed Jul 10 06:43:24 UTC 2019 /home/travis/build/icyphy/ptII/ptolemy/domains/modal/test/auto/test-direct-in-out.xml
----------------- Instantiating /home/travis/build/icyphy/ptII/ptolemy/domains/modal/test/auto/test-direct-in-out.xml
6 ms. Memory: 489472K Free: 416294K (85%)
----------------- Invoking toplevel() on ptolemy.moml.MoMLSimpleApplication@11507d65
----------------- Done invoking toplevel() on ptolemy.moml.MoMLSimpleApplication@11507d65
reloadAllAccessors: .test-direct-in-out
AutoTests.java: About to close Vertx.
AutoTests.java: Vertx closed.
]]></system-out>
  <system-err><![CDATA[java.lang.RuntimeException: Execution failed
	at ptolemy.moml.MoMLSimpleApplication$UnloadThread.run(MoMLSimpleApplication.java:402)
Caused by: ptolemy.kernel.util.IllegalActionException: Unknown inputs remain. Possible causality loop:
L_model_1893289564i

  in .CannotAnalysisWithPreemption.model_1893289564_region_1 and .CannotAnalysisWithPreemption.model_1893289564_region_1.L_model_1893289564i
	at ptolemy.actor.sched.FixedPointDirector.postfire(FixedPointDirector.java:515)
	at ptolemy.domains.sr.kernel.SRDirector.postfire(SRDirector.java:417)
	at ptolemy.actor.CompositeActor.postfire(CompositeActor.java:1668)
	at ptolemy.actor.Manager.iterate(Manager.java:852)
	at ptolemy.actor.Manager.execute(Manager.java:369)
	at ptolemy.actor.Manager.run(Manager.java:1263)
	at ptolemy.actor.Manager$PtolemyRunThread.run(Manager.java:1915)
java.lang.reflect.InvocationTargetException
	at java.base/jdk.internal.reflect.NativeConstructorAccessorImpl.newInstance0(Native Method)
	at java.base/jdk.internal.reflect.NativeConstructorAccessorImpl.newInstance(NativeConstructorAccessorImpl.java:62)
	at java.base/jdk.internal.reflect.DelegatingConstructorAccessorImpl.newInstance(DelegatingConstructorAccessorImpl.java:45)
	at java.base/java.lang.reflect.Constructor.newInstance(Constructor.java:488)
	at ptolemy.util.test.junit.AutoKnownFailedTests.RunModel(AutoKnownFailedTests.java:105)
	at java.base/jdk.internal.reflect.NativeMethodAccessorImpl.invoke0(Native Method)
	at java.base/jdk.internal.reflect.NativeMethodAccessorImpl.invoke(NativeMethodAccessorImpl.java:62)
	at java.base/jdk.internal.reflect.DelegatingMethodAccessorImpl.invoke(DelegatingMethodAccessorImpl.java:43)
	at java.base/java.lang.reflect.Method.invoke(Method.java:564)
	at org.junit.runners.model.FrameworkMethod$1.runReflectiveCall(FrameworkMethod.java:44)
	at org.junit.internal.runners.model.ReflectiveCallable.run(ReflectiveCallable.java:15)
	at org.junit.runners.model.FrameworkMethod.invokeExplosively(FrameworkMethod.java:41)
	at junitparams.internal.InvokeParameterisedMethod.evaluate(InvokeParameterisedMethod.java:102)
	at org.junit.internal.runners.statements.FailOnTimeout$1.run(FailOnTimeout.java:28)
Caused by: ptolemy.kernel.util.IllegalActionException: Unknown inputs remain. Possible causality loop:
L_model_1893289564i

  in .CannotAnalysisWithPreemption.model_1893289564_region_1 and .CannotAnalysisWithPreemption.model_1893289564_region_1.L_model_1893289564i
	at ptolemy.actor.sched.FixedPointDirector.postfire(FixedPointDirector.java:515)
	at ptolemy.domains.sr.kernel.SRDirector.postfire(SRDirector.java:417)
	at ptolemy.actor.CompositeActor.postfire(CompositeActor.java:1668)
	at ptolemy.actor.Manager.iterate(Manager.java:852)
	at ptolemy.actor.Manager.execute(Manager.java:369)
	at ptolemy.actor.Manager.run(Manager.java:1263)
	at ptolemy.actor.Manager$PtolemyRunThread.run(Manager.java:1915)
]]></system-err>
</testsuite>
