<?xml version="1.0" encoding="UTF-8" ?>
<testsuite errors="0" failures="0" hostname="travis-job-3c6cff5c-35af-4e92-b934-55e3d9dcf4da" name="ptolemy.domains.de.test.junit.JUnitTclTest" skipped="0" tests="101" time="125.592" timestamp="2018-06-01T21:48:46">
  <properties>
[...]
</properties>
  <testcase classname="ptolemy.util.test.junit.TclTests" name="[0] /home/travis/build/icyphy/ptII/ptolemy/domains/de/test/DependencyLoop.tcl (RunTclFile)" time="0.639" />
  <testcase classname="ptolemy.util.test.junit.TclTests" name="[1] /home/travis/build/icyphy/ptII/ptolemy/domains/de/test/RunDETestsAsQSS.tcl (RunTclFile)" time="86.812" />
  <testcase classname="ptolemy.util.test.junit.AutoKnownFailedTests" name="[0] /home/travis/build/icyphy/ptII/ptolemy/domains/de/test/auto/knownFailedTests/DESDFClockTest.xml (RunModel)" time="2.038" />
  <testcase classname="ptolemy.util.test.junit.AutoKnownFailedTests" name="[1] /home/travis/build/icyphy/ptII/ptolemy/domains/de/test/auto/knownFailedTests/DirectFeedback.xml (RunModel)" time="0.007" />
  <testcase classname="ptolemy.util.test.junit.AutoKnownFailedTests" name="[2] /home/travis/build/icyphy/ptII/ptolemy/domains/de/test/auto/knownFailedTests/FSMSource.xml (RunModel)" time="0.011" />
  <testcase classname="ptolemy.util.test.junit.AutoKnownFailedTests" name="[3] /home/travis/build/icyphy/ptII/ptolemy/domains/de/test/auto/knownFailedTests/HierarchicalModel.xml (RunModel)" time="0.024" />
  <testcase classname="ptolemy.util.test.junit.AutoKnownFailedTests" name="[4] /home/travis/build/icyphy/ptII/ptolemy/domains/de/test/auto/knownFailedTests/dependencyLoop.xml (RunModel)" time="0.022" />
  <testcase classname="ptolemy.util.test.junit.AutoKnownFailedTests" name="[5] /home/travis/build/icyphy/ptII/ptolemy/domains/de/test/auto/knownFailedTests/dependencyLoop2.xml (RunModel)" time="0.025" />
  <testcase classname="ptolemy.util.test.junit.AutoNameArchTests" name="[0] ThereAreNoAutoArchTests (RunModel)" time="0.004" />
  <testcase classname="ptolemy.util.test.junit.AutoTests" name="[0] /home/travis/build/icyphy/ptII/ptolemy/domains/de/test/auto/ActorDepthCalculation_actorWithoutPorts.xml (RunModel)" time="0.008" />
  <testcase classname="ptolemy.util.test.junit.AutoTests" name="[1] /home/travis/build/icyphy/ptII/ptolemy/domains/de/test/auto/AssemblyLine.xml (RunModel)" time="0.011" />
  <testcase classname="ptolemy.util.test.junit.AutoTests" name="[2] /home/travis/build/icyphy/ptII/ptolemy/domains/de/test/auto/CQBug1.xml (RunModel)" time="0.005" />
  <testcase classname="ptolemy.util.test.junit.AutoTests" name="[3] /home/travis/build/icyphy/ptII/ptolemy/domains/de/test/auto/CancelFireAt.xml (RunModel)" time="0.003" />
  <testcase classname="ptolemy.util.test.junit.AutoTests" name="[4] /home/travis/build/icyphy/ptII/ptolemy/domains/de/test/auto/CausalityAndComposabilityAnalysis.xml (RunModel)" time="0.007" />
  <testcase classname="ptolemy.util.test.junit.AutoTests" name="[5] /home/travis/build/icyphy/ptII/ptolemy/domains/de/test/auto/CausalityInterface1.xml (RunModel)" time="0.008" />
  <testcase classname="ptolemy.util.test.junit.AutoTests" name="[6] /home/travis/build/icyphy/ptII/ptolemy/domains/de/test/auto/CausalityInterface15.xml (RunModel)" time="0.008" />
  <testcase classname="ptolemy.util.test.junit.AutoTests" name="[7] /home/travis/build/icyphy/ptII/ptolemy/domains/de/test/auto/CausalityInterface2.xml (RunModel)" time="0.007" />
  <testcase classname="ptolemy.util.test.junit.AutoTests" name="[8] /home/travis/build/icyphy/ptII/ptolemy/domains/de/test/auto/CausalityInterface3.xml (RunModel)" time="0.008" />
  <testcase classname="ptolemy.util.test.junit.AutoTests" name="[9] /home/travis/build/icyphy/ptII/ptolemy/domains/de/test/auto/ClockDrift.xml (RunModel)" time="0.022" />
  <testcase classname="ptolemy.util.test.junit.AutoTests" name="[10] /home/travis/build/icyphy/ptII/ptolemy/domains/de/test/auto/ClockDriftAndValueChange.xml (RunModel)" time="0.021" />
  <testcase classname="ptolemy.util.test.junit.AutoTests" name="[11] /home/travis/build/icyphy/ptII/ptolemy/domains/de/test/auto/ClockDriftChange.xml (RunModel)" time="0.017" />
  <testcase classname="ptolemy.util.test.junit.AutoTests" name="[12] /home/travis/build/icyphy/ptII/ptolemy/domains/de/test/auto/ComposableCausalityAnalysis.xml (RunModel)" time="0.016" />
  <testcase classname="ptolemy.util.test.junit.AutoTests" name="[13] /home/travis/build/icyphy/ptII/ptolemy/domains/de/test/auto/DEFixedPointLimitation.xml (RunModel)" time="0.006" />
  <testcase classname="ptolemy.util.test.junit.AutoTests" name="[14] /home/travis/build/icyphy/ptII/ptolemy/domains/de/test/auto/DEScheduleTest.xml (RunModel)" time="0.008" />
  <testcase classname="ptolemy.util.test.junit.AutoTests" name="[15] /home/travis/build/icyphy/ptII/ptolemy/domains/de/test/auto/DEinDEwithStartTimes.xml (RunModel)" time="0.009" />
  <testcase classname="ptolemy.util.test.junit.AutoTests" name="[16] /home/travis/build/icyphy/ptII/ptolemy/domains/de/test/auto/DEinDEwithStartTimes2.xml (RunModel)" time="0.009" />
  <testcase classname="ptolemy.util.test.junit.AutoTests" name="[17] /home/travis/build/icyphy/ptII/ptolemy/domains/de/test/auto/DateDemo.xml (RunModel)" time="0.018" />
  <testcase classname="ptolemy.util.test.junit.AutoTests" name="[18] /home/travis/build/icyphy/ptII/ptolemy/domains/de/test/auto/DateToEvent.xml (RunModel)" time="2.031" />
  <testcase classname="ptolemy.util.test.junit.AutoTests" name="[19] /home/travis/build/icyphy/ptII/ptolemy/domains/de/test/auto/DepthTest1.xml (RunModel)" time="0.006" />
  <testcase classname="ptolemy.util.test.junit.AutoTests" name="[20] /home/travis/build/icyphy/ptII/ptolemy/domains/de/test/auto/DepthTest2.xml (RunModel)" time="0.01" />
  <testcase classname="ptolemy.util.test.junit.AutoTests" name="[21] /home/travis/build/icyphy/ptII/ptolemy/domains/de/test/auto/DepthTest3.xml (RunModel)" time="0.005" />
  <testcase classname="ptolemy.util.test.junit.AutoTests" name="[22] /home/travis/build/icyphy/ptII/ptolemy/domains/de/test/auto/DepthTest4.xml (RunModel)" time="0.007" />
  <testcase classname="ptolemy.util.test.junit.AutoTests" name="[23] /home/travis/build/icyphy/ptII/ptolemy/domains/de/test/auto/DepthTest5.xml (RunModel)" time="0.008" />
  <testcase classname="ptolemy.util.test.junit.AutoTests" name="[24] /home/travis/build/icyphy/ptII/ptolemy/domains/de/test/auto/DepthTest6.xml (RunModel)" time="0.008" />
  <testcase classname="ptolemy.util.test.junit.AutoTests" name="[25] /home/travis/build/icyphy/ptII/ptolemy/domains/de/test/auto/DepthTest7.xml (RunModel)" time="0.007" />
  <testcase classname="ptolemy.util.test.junit.AutoTests" name="[26] /home/travis/build/icyphy/ptII/ptolemy/domains/de/test/auto/EventToDate.xml (RunModel)" time="3.022" />
  <testcase classname="ptolemy.util.test.junit.AutoTests" name="[27] /home/travis/build/icyphy/ptII/ptolemy/domains/de/test/auto/FSM1.xml (RunModel)" time="0.029" />
  <testcase classname="ptolemy.util.test.junit.AutoTests" name="[28] /home/travis/build/icyphy/ptII/ptolemy/domains/de/test/auto/FSM7.xml (RunModel)" time="0.02" />
  <testcase classname="ptolemy.util.test.junit.AutoTests" name="[29] /home/travis/build/icyphy/ptII/ptolemy/domains/de/test/auto/Inspection.xml (RunModel)" time="0.037" />
  <testcase classname="ptolemy.util.test.junit.AutoTests" name="[30] /home/travis/build/icyphy/ptII/ptolemy/domains/de/test/auto/Iteration.xml (RunModel)" time="0.013" />
  <testcase classname="ptolemy.util.test.junit.AutoTests" name="[31] /home/travis/build/icyphy/ptII/ptolemy/domains/de/test/auto/LineFault.xml (RunModel)" time="0.37" />
  <testcase classname="ptolemy.util.test.junit.AutoTests" name="[32] /home/travis/build/icyphy/ptII/ptolemy/domains/de/test/auto/MergeModel1Add.xml (RunModel)" time="0.035" />
  <testcase classname="ptolemy.util.test.junit.AutoTests" name="[33] /home/travis/build/icyphy/ptII/ptolemy/domains/de/test/auto/MergeModel2Add.xml (RunModel)" time="0.026" />
  <testcase classname="ptolemy.util.test.junit.AutoTests" name="[34] /home/travis/build/icyphy/ptII/ptolemy/domains/de/test/auto/MergeModel3Add.xml (RunModel)" time="0.033" />
  <testcase classname="ptolemy.util.test.junit.AutoTests" name="[35] /home/travis/build/icyphy/ptII/ptolemy/domains/de/test/auto/MergeWithoutDiscard.xml (RunModel)" time="0.007" />
  <testcase classname="ptolemy.util.test.junit.AutoTests" name="[36] /home/travis/build/icyphy/ptII/ptolemy/domains/de/test/auto/Modal1.xml (RunModel)" time="0.017" />
  <testcase classname="ptolemy.util.test.junit.AutoTests" name="[37] /home/travis/build/icyphy/ptII/ptolemy/domains/de/test/auto/Modal2.xml (RunModel)" time="0.02" />
  <testcase classname="ptolemy.util.test.junit.AutoTests" name="[38] /home/travis/build/icyphy/ptII/ptolemy/domains/de/test/auto/Modal3.xml (RunModel)" time="0.017" />
  <testcase classname="ptolemy.util.test.junit.AutoTests" name="[39] /home/travis/build/icyphy/ptII/ptolemy/domains/de/test/auto/Modal4.xml (RunModel)" time="0.018" />
  <testcase classname="ptolemy.util.test.junit.AutoTests" name="[40] /home/travis/build/icyphy/ptII/ptolemy/domains/de/test/auto/Modal5.xml (RunModel)" time="0.018" />
  <testcase classname="ptolemy.util.test.junit.AutoTests" name="[41] /home/travis/build/icyphy/ptII/ptolemy/domains/de/test/auto/Modal6.xml (RunModel)" time="0.019" />
  <testcase classname="ptolemy.util.test.junit.AutoTests" name="[42] /home/travis/build/icyphy/ptII/ptolemy/domains/de/test/auto/Modal7.xml (RunModel)" time="0.018" />
  <testcase classname="ptolemy.util.test.junit.AutoTests" name="[43] /home/travis/build/icyphy/ptII/ptolemy/domains/de/test/auto/ModalModel.xml (RunModel)" time="0.092" />
  <testcase classname="ptolemy.util.test.junit.AutoTests" name="[44] /home/travis/build/icyphy/ptII/ptolemy/domains/de/test/auto/ModalSource.xml (RunModel)" time="0.011" />
  <testcase classname="ptolemy.util.test.junit.AutoTests" name="[45] /home/travis/build/icyphy/ptII/ptolemy/domains/de/test/auto/NonInterruptibleTimerZeroDelay.xml (RunModel)" time="0.006" />
  <testcase classname="ptolemy.util.test.junit.AutoTests" name="[46] /home/travis/build/icyphy/ptII/ptolemy/domains/de/test/auto/OpenQueueingNetwork.xml (RunModel)" time="1.804" />
  <testcase classname="ptolemy.util.test.junit.AutoTests" name="[47] /home/travis/build/icyphy/ptII/ptolemy/domains/de/test/auto/OpenQueuingNetwork.xml (RunModel)" time="0.252" />
  <testcase classname="ptolemy.util.test.junit.AutoTests" name="[48] /home/travis/build/icyphy/ptII/ptolemy/domains/de/test/auto/PeriodicSampler.xml (RunModel)" time="0.008" />
  <testcase classname="ptolemy.util.test.junit.AutoTests" name="[49] /home/travis/build/icyphy/ptII/ptolemy/domains/de/test/auto/PersistentIO.xml (RunModel)" time="0.017" />
  <testcase classname="ptolemy.util.test.junit.AutoTests" name="[50] /home/travis/build/icyphy/ptII/ptolemy/domains/de/test/auto/PortParameterResetOnInitialize.xml (RunModel)" time="0.008" />
  <testcase classname="ptolemy.util.test.junit.AutoTests" name="[51] /home/travis/build/icyphy/ptII/ptolemy/domains/de/test/auto/PortParameterUpdates.xml (RunModel)" time="0.011" />
  <testcase classname="ptolemy.util.test.junit.AutoTests" name="[52] /home/travis/build/icyphy/ptII/ptolemy/domains/de/test/auto/QueueAndServer.xml (RunModel)" time="0.016" />
  <testcase classname="ptolemy.util.test.junit.AutoTests" name="[53] /home/travis/build/icyphy/ptII/ptolemy/domains/de/test/auto/Records.xml (RunModel)" time="0.011" />
  <testcase classname="ptolemy.util.test.junit.AutoTests" name="[54] /home/travis/build/icyphy/ptII/ptolemy/domains/de/test/auto/ResetTransitionWithStartTime1.xml (RunModel)" time="0.015" />
  <testcase classname="ptolemy.util.test.junit.AutoTests" name="[55] /home/travis/build/icyphy/ptII/ptolemy/domains/de/test/auto/ResetTransitionWithStartTime2.xml (RunModel)" time="0.015" />
  <testcase classname="ptolemy.util.test.junit.AutoTests" name="[56] /home/travis/build/icyphy/ptII/ptolemy/domains/de/test/auto/ResetTransitionWithStartTime3.xml (RunModel)" time="0.016" />
  <testcase classname="ptolemy.util.test.junit.AutoTests" name="[57] /home/travis/build/icyphy/ptII/ptolemy/domains/de/test/auto/ResetTransitionWithStartTime4.xml (RunModel)" time="0.016" />
  <testcase classname="ptolemy.util.test.junit.AutoTests" name="[58] /home/travis/build/icyphy/ptII/ptolemy/domains/de/test/auto/ResettableTimer1.xml (RunModel)" time="0.009" />
  <testcase classname="ptolemy.util.test.junit.AutoTests" name="[59] /home/travis/build/icyphy/ptII/ptolemy/domains/de/test/auto/ResettableTimer2.xml (RunModel)" time="0.009" />
  <testcase classname="ptolemy.util.test.junit.AutoTests" name="[60] /home/travis/build/icyphy/ptII/ptolemy/domains/de/test/auto/ResettableTimer3.xml (RunModel)" time="0.007" />
  <testcase classname="ptolemy.util.test.junit.AutoTests" name="[61] /home/travis/build/icyphy/ptII/ptolemy/domains/de/test/auto/ResettableTimer4.xml (RunModel)" time="0.007" />
  <testcase classname="ptolemy.util.test.junit.AutoTests" name="[62] /home/travis/build/icyphy/ptII/ptolemy/domains/de/test/auto/ResettableTimer5.xml (RunModel)" time="0.009" />
  <testcase classname="ptolemy.util.test.junit.AutoTests" name="[63] /home/travis/build/icyphy/ptII/ptolemy/domains/de/test/auto/ResettableTimer6.xml (RunModel)" time="0.01" />
  <testcase classname="ptolemy.util.test.junit.AutoTests" name="[64] /home/travis/build/icyphy/ptII/ptolemy/domains/de/test/auto/ServerZeroDelay.xml (RunModel)" time="0.009" />
  <testcase classname="ptolemy.util.test.junit.AutoTests" name="[65] /home/travis/build/icyphy/ptII/ptolemy/domains/de/test/auto/SmartSender.xml (RunModel)" time="3.013" />
  <testcase classname="ptolemy.util.test.junit.AutoTests" name="[66] /home/travis/build/icyphy/ptII/ptolemy/domains/de/test/auto/ThreadedComposite.xml (RunModel)" time="0.153" />
  <testcase classname="ptolemy.util.test.junit.AutoTests" name="[67] /home/travis/build/icyphy/ptII/ptolemy/domains/de/test/auto/Time.xml (RunModel)" time="0.406" />
  <testcase classname="ptolemy.util.test.junit.AutoTests" name="[68] /home/travis/build/icyphy/ptII/ptolemy/domains/de/test/auto/TimeDelayZeroDelay.xml (RunModel)" time="0.011" />
  <testcase classname="ptolemy.util.test.junit.AutoTests" name="[69] /home/travis/build/icyphy/ptII/ptolemy/domains/de/test/auto/TimerZeroDelay.xml (RunModel)" time="0.008" />
  <testcase classname="ptolemy.util.test.junit.AutoTests" name="[70] /home/travis/build/icyphy/ptII/ptolemy/domains/de/test/auto/TimingParadox.xml (RunModel)" time="0.325" />
  <testcase classname="ptolemy.util.test.junit.AutoTests" name="[71] /home/travis/build/icyphy/ptII/ptolemy/domains/de/test/auto/TransferInputs.xml (RunModel)" time="0.009" />
  <testcase classname="ptolemy.util.test.junit.AutoTests" name="[72] /home/travis/build/icyphy/ptII/ptolemy/domains/de/test/auto/TransferOutputs2.xml (RunModel)" time="0.014" />
  <testcase classname="ptolemy.util.test.junit.AutoTests" name="[73] /home/travis/build/icyphy/ptII/ptolemy/domains/de/test/auto/Trilateration.xml (RunModel)" time="11.413" />
  <testcase classname="ptolemy.util.test.junit.AutoTests" name="[74] /home/travis/build/icyphy/ptII/ptolemy/domains/de/test/auto/TwoSigmaDelta.xml (RunModel)" time="1.862" />
  <testcase classname="ptolemy.util.test.junit.AutoTests" name="[75] /home/travis/build/icyphy/ptII/ptolemy/domains/de/test/auto/VariableDelay.xml (RunModel)" time="0.012" />
  <testcase classname="ptolemy.util.test.junit.AutoTests" name="[76] /home/travis/build/icyphy/ptII/ptolemy/domains/de/test/auto/VariableDelay2.xml (RunModel)" time="0.008" />
  <testcase classname="ptolemy.util.test.junit.AutoTests" name="[77] /home/travis/build/icyphy/ptII/ptolemy/domains/de/test/auto/VariableDelayZeroDelay.xml (RunModel)" time="0.009" />
  <testcase classname="ptolemy.util.test.junit.AutoTests" name="[78] /home/travis/build/icyphy/ptII/ptolemy/domains/de/test/auto/VariableDelayZeroDelay2.xml (RunModel)" time="0.009" />
  <testcase classname="ptolemy.util.test.junit.AutoTests" name="[79] /home/travis/build/icyphy/ptII/ptolemy/domains/de/test/auto/deInCt.xml (RunModel)" time="0.013" />
  <testcase classname="ptolemy.util.test.junit.AutoTests" name="[80] /home/travis/build/icyphy/ptII/ptolemy/domains/de/test/auto/deInCt2.xml (RunModel)" time="0.012" />
  <testcase classname="ptolemy.util.test.junit.AutoTests" name="[81] /home/travis/build/icyphy/ptII/ptolemy/domains/de/test/auto/dynamicCausalityInterface1.xml (RunModel)" time="0.016" />
  <testcase classname="ptolemy.util.test.junit.AutoTests" name="[82] /home/travis/build/icyphy/ptII/ptolemy/domains/de/test/auto/fsm_de_test.xml (RunModel)" time="0.024" />
  <testcase classname="ptolemy.util.test.junit.AutoTests" name="[83] /home/travis/build/icyphy/ptII/ptolemy/domains/de/test/auto/functionDependencyReconstruction.xml (RunModel)" time="0.03" />
  <testcase classname="ptolemy.util.test.junit.AutoTests" name="[84] /home/travis/build/icyphy/ptII/ptolemy/domains/de/test/auto/multirate.xml (RunModel)" time="0.016" />
  <testcase classname="ptolemy.util.test.junit.AutoTests" name="[85] /home/travis/build/icyphy/ptII/ptolemy/domains/de/test/auto/multirate2.xml (RunModel)" time="0.014" />
  <testcase classname="ptolemy.util.test.junit.AutoTests" name="[86] /home/travis/build/icyphy/ptII/ptolemy/domains/de/test/auto/realtime.xml (RunModel)" time="10.011" />
  <testcase classname="ptolemy.util.test.junit.AutoTests" name="[87] /home/travis/build/icyphy/ptII/ptolemy/domains/de/test/auto/relationGroup.xml (RunModel)" time="0.007" />
  <testcase classname="ptolemy.util.test.junit.AutoTests" name="[88] /home/travis/build/icyphy/ptII/ptolemy/domains/de/test/auto/relationGroup2.xml (RunModel)" time="0.007" />
  <testcase classname="ptolemy.util.test.junit.AutoTests" name="[89] /home/travis/build/icyphy/ptII/ptolemy/domains/de/test/auto/sortWithOpaquePorts.xml (RunModel)" time="0.012" />
  <testcase classname="ptolemy.util.test.junit.AutoTests" name="[90] /home/travis/build/icyphy/ptII/ptolemy/domains/de/test/auto/transferInputsandOutputs.xml (RunModel)" time="0.019" />
  <testcase classname="ptolemy.util.test.junit.AutoTests" name="[91] /home/travis/build/icyphy/ptII/ptolemy/domains/de/test/auto/triggerType.xml (RunModel)" time="0.009" />
  <system-out><![CDATA[/home/travis/build/icyphy/ptII/ptolemy/domains/de/test/DependencyLoop.tcl
testDefs.tcl: setting time out to 9000 seconds at Fri Jun 01 21:48:46 UTC 2018
13 ms. Memory: 116224K Free: 95180K (82%)
6 ms. Memory: 146944K Free: 137443K (94%)
/home/travis/build/icyphy/ptII/ptolemy/domains/de/test/RunDETestsAsQSS.tcl
Run the DE tests using ptolemy.domains.qss.test.QSSDirectorTest, which extends QSSDirector and prints a message in the constructors.
------------------ testing $PTII/ptolemy/domains/de/test/auto/knownFailedTests/dependencyLoop.xml (Known Failure) 
10 ms. Memory: 146944K Free: 133175K (91%)


==== $PTIIhome/travis/build/icyphy/ptII/ptolemy/domains/de/test/../../../../: Auto Automatic test in file $PTII/ptolemy/domains/de/test/auto/knownFailedTests/dependencyLoop.xml
==== Contents of test case:

	    # FIXME: we should use $relativeFilename here, but it
	    # might have backslashes under Windows, which causes no end
	    # of trouble.
	    createAndExecute $file
	    list {}
	
.... Test generated KNOWN error:
    while executing
ptolemy.kernel.util.IllegalActionException: Found a zero delay loop containing .dependencyLoop.original
  in .dependencyLoop and .dependencyLoop.original
	at ptolemy.actor.util.CausalityInterfaceForComposites._computeOutputPortDepth(CausalityInterfaceForComposites.java:759)
	at ptolemy.actor.util.CausalityInterfaceForComposites._computeInputDepth(CausalityInterfaceForComposites.java:696)
	at ptolemy.actor.util.CausalityInterfaceForComposites._computeOutputPortDepth(CausalityInterfaceForComposites.java:765)
	at ptolemy.actor.util.CausalityInterfaceForComposites._computeInputDepth(CausalityInterfaceForComposites.java:696)
	at ptolemy.actor.util.CausalityInterfaceForComposites._computeOutputPortDepth(CausalityInterfaceForComposites.java:765)
	at ptolemy.actor.util.CausalityInterfaceForComposites._computeInputDepth(CausalityInterfaceForComposites.java:696)
	at ptolemy.actor.util.CausalityInterfaceForComposites._computeActorDepth(CausalityInterfaceForComposites.java:532)
	at ptolemy.actor.util.CausalityInterfaceForComposites.checkForCycles(CausalityInterfaceForComposites.java:96)
	at ptolemy.domains.de.kernel.DEDirector.preinitialize(DEDirector.java:1337)
	at ptolemy.actor.CompositeActor.preinitialize(CompositeActor.java:1828)
	at ptolemy.actor.Manager.preinitializeAndResolveTypes(Manager.java:1040)
	at ptolemy.actor.Manager.initialize(Manager.java:710)
	at ptolemy.actor.Manager.execute(Manager.java:356)
	at ptolemy.actor.Manager.run(Manager.java:1263)
	at ptolemy.actor.Manager$PtolemyRunThread.run(Manager.java:1915)

    while executing
ptolemy.kernel.util.IllegalActionException: Found a zero delay loop containing .dependencyLoop.original
  in .dependencyLoop and .dependencyLoop.original
    while executing
"java::new ptolemy.moml.MoMLSimpleApplication $file
"
    (procedure "createAndExecute" line 2)
    invoked from within
"createAndExecute $file"
    ("uplevel" body line 5)
    invoked from within
"uplevel $contents_of_test"
------------------ testing $PTII/ptolemy/domains/de/test/auto/knownFailedTests/DESDFClockTest.xml (Known Failure) 
2087 ms. Memory: 146944K Free: 117734K (80%)


==== $PTIIhome/travis/build/icyphy/ptII/ptolemy/domains/de/test/../../../../: Auto Automatic test in file $PTII/ptolemy/domains/de/test/auto/knownFailedTests/DESDFClockTest.xml
==== Contents of test case:

	    # FIXME: we should use $relativeFilename here, but it
	    # might have backslashes under Windows, which causes no end
	    # of trouble.
	    createAndExecute $file
	    list {}
	
.... Test generated KNOWN error:
    while executing
ptolemy.kernel.util.IllegalActionException: Actor is not ready to fire.  Perhaps UpSample.prefire() returned false? Try debugging the actor by selecting "Listen to Actor".  Also, for SDF check moml for tokenConsumptionRate on input.
  in .DESDFClockTest.Play Bell.Copy1:SDF Director and .DESDFClockTest.Play Bell.UpSample
	at ptolemy.actor.sched.StaticSchedulingDirector.fire(StaticSchedulingDirector.java:227)
	at ptolemy.domains.sdf.kernel.SDFDirector.fire(SDFDirector.java:500)
	at ptolemy.actor.CompositeActor.fire(CompositeActor.java:455)
	at ptolemy.domains.de.kernel.DEDirector._fire(DEDirector.java:1948)
	at ptolemy.domains.de.kernel.DEDirector.fire(DEDirector.java:502)
	at ptolemy.actor.CompositeActor.fire(CompositeActor.java:455)
	at ptolemy.actor.Manager.iterate(Manager.java:851)
	at ptolemy.actor.Manager.execute(Manager.java:369)
	at ptolemy.actor.Manager.run(Manager.java:1263)
	at ptolemy.actor.Manager$PtolemyRunThread.run(Manager.java:1915)

    while executing
ptolemy.kernel.util.IllegalActionException: Actor is not ready to fire.  Perhaps UpSample.prefire() returned false? Try debugging the actor by selecting "Listen to Actor".  Also, for SDF check moml for tokenConsumptionRate on input.
  in .DESDFClockTest.Play Bell.Copy1:SDF Director and .DESDFClockTest.Play Bell.UpSample
    while executing
"java::new ptolemy.moml.MoMLSimpleApplication $file
"
    (procedure "createAndExecute" line 2)
    invoked from within
"createAndExecute $file"
    ("uplevel" body line 5)
    invoked from within
"uplevel $contents_of_test"
------------------ testing $PTII/ptolemy/domains/de/test/auto/knownFailedTests/FSMSource.xml (Known Failure) 
28 ms. Memory: 146944K Free: 108794K (74%)
!!!! Auto was marked as failing, but now passes
------------------ testing $PTII/ptolemy/domains/de/test/auto/knownFailedTests/dependencyLoop2.xml (Known Failure) 
12 ms. Memory: 146944K Free: 106911K (73%)


==== $PTIIhome/travis/build/icyphy/ptII/ptolemy/domains/de/test/../../../../: Auto Automatic test in file $PTII/ptolemy/domains/de/test/auto/knownFailedTests/dependencyLoop2.xml
==== Contents of test case:

	    # FIXME: we should use $relativeFilename here, but it
	    # might have backslashes under Windows, which causes no end
	    # of trouble.
	    createAndExecute $file
	    list {}
	
.... Test generated KNOWN error:
    while executing
ptolemy.kernel.util.IllegalActionException: Found a zero delay loop containing .dependencyLoop2.original
  in .dependencyLoop2 and .dependencyLoop2.original
	at ptolemy.actor.util.CausalityInterfaceForComposites._computeOutputPortDepth(CausalityInterfaceForComposites.java:759)
	at ptolemy.actor.util.CausalityInterfaceForComposites._computeInputDepth(CausalityInterfaceForComposites.java:696)
	at ptolemy.actor.util.CausalityInterfaceForComposites._computeOutputPortDepth(CausalityInterfaceForComposites.java:765)
	at ptolemy.actor.util.CausalityInterfaceForComposites._computeInputDepth(CausalityInterfaceForComposites.java:696)
	at ptolemy.actor.util.CausalityInterfaceForComposites._computeOutputPortDepth(CausalityInterfaceForComposites.java:765)
	at ptolemy.actor.util.CausalityInterfaceForComposites._computeInputDepth(CausalityInterfaceForComposites.java:696)
	at ptolemy.actor.util.CausalityInterfaceForComposites._computeActorDepth(CausalityInterfaceForComposites.java:532)
	at ptolemy.actor.util.CausalityInterfaceForComposites.checkForCycles(CausalityInterfaceForComposites.java:96)
	at ptolemy.domains.de.kernel.DEDirector.preinitialize(DEDirector.java:1337)
	at ptolemy.actor.CompositeActor.preinitialize(CompositeActor.java:1828)
	at ptolemy.actor.Manager.preinitializeAndResolveTypes(Manager.java:1040)
	at ptolemy.actor.Manager.initialize(Manager.java:710)
	at ptolemy.actor.Manager.execute(Manager.java:356)
	at ptolemy.actor.Manager.run(Manager.java:1263)
	at ptolemy.actor.Manager$PtolemyRunThread.run(Manager.java:1915)

    while executing
ptolemy.kernel.util.IllegalActionException: Found a zero delay loop containing .dependencyLoop2.original
  in .dependencyLoop2 and .dependencyLoop2.original
    while executing
"java::new ptolemy.moml.MoMLSimpleApplication $file
"
    (procedure "createAndExecute" line 2)
    invoked from within
"createAndExecute $file"
    ("uplevel" body line 5)
    invoked from within
"uplevel $contents_of_test"
------------------ testing $PTII/ptolemy/domains/de/test/auto/knownFailedTests/HierarchicalModel.xml (Known Failure) 
7 ms. Memory: 146944K Free: 86466K (59%)


==== $PTIIhome/travis/build/icyphy/ptII/ptolemy/domains/de/test/../../../../: Auto Automatic test in file $PTII/ptolemy/domains/de/test/auto/knownFailedTests/HierarchicalModel.xml
==== Contents of test case:

	    # FIXME: we should use $relativeFilename here, but it
	    # might have backslashes under Windows, which causes no end
	    # of trouble.
	    createAndExecute $file
	    list {}
	
.... Test generated KNOWN error:
    while executing
ptolemy.kernel.util.IllegalActionException: Found a zero delay loop containing .HierarchicalModel.A
  in .HierarchicalModel and .HierarchicalModel.A
	at ptolemy.actor.util.CausalityInterfaceForComposites._computeOutputPortDepth(CausalityInterfaceForComposites.java:759)
	at ptolemy.actor.util.CausalityInterfaceForComposites._computeInputDepth(CausalityInterfaceForComposites.java:696)
	at ptolemy.actor.util.CausalityInterfaceForComposites._computeOutputPortDepth(CausalityInterfaceForComposites.java:765)
	at ptolemy.actor.util.CausalityInterfaceForComposites._computeInputDepth(CausalityInterfaceForComposites.java:696)
	at ptolemy.actor.util.CausalityInterfaceForComposites._computeOutputPortDepth(CausalityInterfaceForComposites.java:765)
	at ptolemy.actor.util.CausalityInterfaceForComposites._computeInputDepth(CausalityInterfaceForComposites.java:696)
	at ptolemy.actor.util.CausalityInterfaceForComposites._computeActorDepth(CausalityInterfaceForComposites.java:532)
	at ptolemy.actor.util.CausalityInterfaceForComposites.checkForCycles(CausalityInterfaceForComposites.java:96)
	at ptolemy.domains.de.kernel.DEDirector.preinitialize(DEDirector.java:1337)
	at ptolemy.actor.CompositeActor.preinitialize(CompositeActor.java:1828)
	at ptolemy.actor.Manager.preinitializeAndResolveTypes(Manager.java:1040)
	at ptolemy.actor.Manager.initialize(Manager.java:710)
	at ptolemy.actor.Manager.execute(Manager.java:356)
	at ptolemy.actor.Manager.run(Manager.java:1263)
	at ptolemy.actor.Manager$PtolemyRunThread.run(Manager.java:1915)

    while executing
ptolemy.kernel.util.IllegalActionException: Found a zero delay loop containing .HierarchicalModel.A
  in .HierarchicalModel and .HierarchicalModel.A
    while executing
"java::new ptolemy.moml.MoMLSimpleApplication $file
"
    (procedure "createAndExecute" line 2)
    invoked from within
"createAndExecute $file"
    ("uplevel" body line 5)
    invoked from within
"uplevel $contents_of_test"
------------------ testing $PTII/ptolemy/domains/de/test/auto/knownFailedTests/DirectFeedback.xml (Known Failure) 
18 ms. Memory: 146944K Free: 142299K (97%)


==== $PTIIhome/travis/build/icyphy/ptII/ptolemy/domains/de/test/../../../../: Auto Automatic test in file $PTII/ptolemy/domains/de/test/auto/knownFailedTests/DirectFeedback.xml
==== Contents of test case:

	    # FIXME: we should use $relativeFilename here, but it
	    # might have backslashes under Windows, which causes no end
	    # of trouble.
	    createAndExecute $file
	    list {}
	
.... Test generated KNOWN error:
    while executing
ptolemy.kernel.util.IllegalActionException: Test fails in iteration 1.
Value was: 1.0. Should have been: 2.0
  in .DirectFeedback.Test
	at ptolemy.actor.lib.Test.fire(Test.java:268)
	at ptolemy.domains.de.kernel.DEDirector._fire(DEDirector.java:1948)
	at ptolemy.domains.de.kernel.DEDirector.fire(DEDirector.java:502)
	at ptolemy.actor.CompositeActor.fire(CompositeActor.java:455)
	at ptolemy.actor.Manager.iterate(Manager.java:851)
	at ptolemy.actor.Manager.execute(Manager.java:369)
	at ptolemy.actor.Manager.run(Manager.java:1263)
	at ptolemy.actor.Manager$PtolemyRunThread.run(Manager.java:1915)

    while executing
ptolemy.kernel.util.IllegalActionException: Test fails in iteration 1.
Value was: 1.0. Should have been: 2.0
  in .DirectFeedback.Test
    while executing
"java::new ptolemy.moml.MoMLSimpleApplication $file
"
    (procedure "createAndExecute" line 2)
    invoked from within
"createAndExecute $file"
    ("uplevel" body line 5)
    invoked from within
"uplevel $contents_of_test"
------------------ testing $PTII/ptolemy/domains/de/test/auto/ActorDepthCalculation_actorWithoutPorts.xml
auto.tcl: Setting watchdog for 200 seconds at Fri Jun 01 21:48:49 UTC 2018
7 ms. Memory: 146944K Free: 133621K (91%)
ptolemy.util.test.WatchDog.cancel(): canceling Fri Jun 01 21:48:50 UTC 2018
auto.tcl: Setting watchdog for 200 seconds at Fri Jun 01 21:48:50 UTC 2018
8 ms. Memory: 146944K Free: 132585K (90%)
ptolemy.util.test.WatchDog.cancel(): canceling Fri Jun 01 21:48:50 UTC 2018
------------------ testing $PTII/ptolemy/domains/de/test/auto/AssemblyLine.xml
auto.tcl: Setting watchdog for 200 seconds at Fri Jun 01 21:48:50 UTC 2018
17 ms. Memory: 208384K Free: 182858K (88%)
ptolemy.util.test.WatchDog.cancel(): canceling Fri Jun 01 21:48:50 UTC 2018
auto.tcl: Setting watchdog for 200 seconds at Fri Jun 01 21:48:50 UTC 2018
26 ms. Memory: 208384K Free: 182858K (88%)
ptolemy.util.test.WatchDog.cancel(): canceling Fri Jun 01 21:48:50 UTC 2018
------------------ testing $PTII/ptolemy/domains/de/test/auto/CQBug1.xml
auto.tcl: Setting watchdog for 200 seconds at Fri Jun 01 21:48:50 UTC 2018
8 ms. Memory: 208384K Free: 197388K (95%)
ptolemy.util.test.WatchDog.cancel(): canceling Fri Jun 01 21:48:50 UTC 2018
auto.tcl: Setting watchdog for 200 seconds at Fri Jun 01 21:48:50 UTC 2018
2 ms. Memory: 208384K Free: 197388K (95%)
ptolemy.util.test.WatchDog.cancel(): canceling Fri Jun 01 21:48:50 UTC 2018
------------------ testing $PTII/ptolemy/domains/de/test/auto/CancelFireAt.xml
auto.tcl: Setting watchdog for 200 seconds at Fri Jun 01 21:48:50 UTC 2018
9 ms. Memory: 208384K Free: 201097K (97%)
ptolemy.util.test.WatchDog.cancel(): canceling Fri Jun 01 21:48:50 UTC 2018
auto.tcl: Setting watchdog for 200 seconds at Fri Jun 01 21:48:50 UTC 2018
6 ms. Memory: 208384K Free: 198998K (95%)
ptolemy.util.test.WatchDog.cancel(): canceling Fri Jun 01 21:48:50 UTC 2018
------------------ testing $PTII/ptolemy/domains/de/test/auto/CausalityAndComposabilityAnalysis.xml
auto.tcl: Setting watchdog for 200 seconds at Fri Jun 01 21:48:50 UTC 2018
15 ms. Memory: 208384K Free: 196911K (94%)
ptolemy.util.test.WatchDog.cancel(): canceling Fri Jun 01 21:48:50 UTC 2018
auto.tcl: Setting watchdog for 200 seconds at Fri Jun 01 21:48:50 UTC 2018
8 ms. Memory: 208384K Free: 196911K (94%)
ptolemy.util.test.WatchDog.cancel(): canceling Fri Jun 01 21:48:50 UTC 2018
------------------ testing $PTII/ptolemy/domains/de/test/auto/CausalityInterface1.xml
auto.tcl: Setting watchdog for 200 seconds at Fri Jun 01 21:48:50 UTC 2018
16 ms. Memory: 208384K Free: 196439K (94%)
ptolemy.util.test.WatchDog.cancel(): canceling Fri Jun 01 21:48:50 UTC 2018
auto.tcl: Setting watchdog for 200 seconds at Fri Jun 01 21:48:50 UTC 2018
4 ms. Memory: 208384K Free: 196439K (94%)
ptolemy.util.test.WatchDog.cancel(): canceling Fri Jun 01 21:48:51 UTC 2018
------------------ testing $PTII/ptolemy/domains/de/test/auto/CausalityInterface15.xml
auto.tcl: Setting watchdog for 200 seconds at Fri Jun 01 21:48:51 UTC 2018
13 ms. Memory: 208384K Free: 196430K (94%)
ptolemy.util.test.WatchDog.cancel(): canceling Fri Jun 01 21:48:51 UTC 2018
auto.tcl: Setting watchdog for 200 seconds at Fri Jun 01 21:48:51 UTC 2018
3 ms. Memory: 208384K Free: 196430K (94%)
ptolemy.util.test.WatchDog.cancel(): canceling Fri Jun 01 21:48:51 UTC 2018
------------------ testing $PTII/ptolemy/domains/de/test/auto/CausalityInterface2.xml
auto.tcl: Setting watchdog for 200 seconds at Fri Jun 01 21:48:51 UTC 2018
7 ms. Memory: 208384K Free: 196414K (94%)
ptolemy.util.test.WatchDog.cancel(): canceling Fri Jun 01 21:48:51 UTC 2018
auto.tcl: Setting watchdog for 200 seconds at Fri Jun 01 21:48:51 UTC 2018
2 ms. Memory: 208384K Free: 196414K (94%)
ptolemy.util.test.WatchDog.cancel(): canceling Fri Jun 01 21:48:51 UTC 2018
------------------ testing $PTII/ptolemy/domains/de/test/auto/CausalityInterface3.xml
auto.tcl: Setting watchdog for 200 seconds at Fri Jun 01 21:48:51 UTC 2018
6 ms. Memory: 208384K Free: 196426K (94%)
ptolemy.util.test.WatchDog.cancel(): canceling Fri Jun 01 21:48:51 UTC 2018
auto.tcl: Setting watchdog for 200 seconds at Fri Jun 01 21:48:51 UTC 2018
7 ms. Memory: 208384K Free: 196426K (94%)
ptolemy.util.test.WatchDog.cancel(): canceling Fri Jun 01 21:48:51 UTC 2018
------------------ testing $PTII/ptolemy/domains/de/test/auto/ClockDrift.xml
auto.tcl: Setting watchdog for 200 seconds at Fri Jun 01 21:48:51 UTC 2018
83 ms. Memory: 208384K Free: 187669K (90%)
ptolemy.util.test.WatchDog.cancel(): canceling Fri Jun 01 21:48:51 UTC 2018
auto.tcl: Setting watchdog for 200 seconds at Fri Jun 01 21:48:51 UTC 2018
52 ms. Memory: 208384K Free: 185572K (89%)
ptolemy.util.test.WatchDog.cancel(): canceling Fri Jun 01 21:48:51 UTC 2018
------------------ testing $PTII/ptolemy/domains/de/test/auto/ClockDriftAndValueChange.xml
auto.tcl: Setting watchdog for 200 seconds at Fri Jun 01 21:48:51 UTC 2018
51 ms. Memory: 208384K Free: 187503K (90%)
ptolemy.util.test.WatchDog.cancel(): canceling Fri Jun 01 21:48:51 UTC 2018
auto.tcl: Setting watchdog for 200 seconds at Fri Jun 01 21:48:51 UTC 2018
38 ms. Memory: 208384K Free: 185407K (89%)
ptolemy.util.test.WatchDog.cancel(): canceling Fri Jun 01 21:48:51 UTC 2018
------------------ testing $PTII/ptolemy/domains/de/test/auto/ClockDriftChange.xml
auto.tcl: Setting watchdog for 200 seconds at Fri Jun 01 21:48:51 UTC 2018
26 ms. Memory: 208384K Free: 190823K (92%)
ptolemy.util.test.WatchDog.cancel(): canceling Fri Jun 01 21:48:51 UTC 2018
auto.tcl: Setting watchdog for 200 seconds at Fri Jun 01 21:48:51 UTC 2018
24 ms. Memory: 208384K Free: 188726K (91%)
ptolemy.util.test.WatchDog.cancel(): canceling Fri Jun 01 21:48:51 UTC 2018
------------------ testing $PTII/ptolemy/domains/de/test/auto/ComposableCausalityAnalysis.xml
auto.tcl: Setting watchdog for 200 seconds at Fri Jun 01 21:48:51 UTC 2018
6 ms. Memory: 208384K Free: 196283K (94%)
ptolemy.util.test.WatchDog.cancel(): canceling Fri Jun 01 21:48:51 UTC 2018
auto.tcl: Setting watchdog for 200 seconds at Fri Jun 01 21:48:51 UTC 2018
2 ms. Memory: 208384K Free: 194186K (93%)
ptolemy.util.test.WatchDog.cancel(): canceling Fri Jun 01 21:48:51 UTC 2018
------------------ testing $PTII/ptolemy/domains/de/test/auto/DEFixedPointLimitation.xml
auto.tcl: Setting watchdog for 200 seconds at Fri Jun 01 21:48:51 UTC 2018
2 ms. Memory: 208384K Free: 196160K (94%)
ptolemy.util.test.WatchDog.cancel(): canceling Fri Jun 01 21:48:52 UTC 2018
auto.tcl: Setting watchdog for 200 seconds at Fri Jun 01 21:48:52 UTC 2018
1 ms. Memory: 208384K Free: 196160K (94%)
ptolemy.util.test.WatchDog.cancel(): canceling Fri Jun 01 21:48:52 UTC 2018
------------------ testing $PTII/ptolemy/domains/de/test/auto/DEScheduleTest.xml
auto.tcl: Setting watchdog for 200 seconds at Fri Jun 01 21:48:52 UTC 2018
3 ms. Memory: 208384K Free: 198291K (95%)
ptolemy.util.test.WatchDog.cancel(): canceling Fri Jun 01 21:48:52 UTC 2018
auto.tcl: Setting watchdog for 200 seconds at Fri Jun 01 21:48:52 UTC 2018
6 ms. Memory: 208384K Free: 196195K (94%)
ptolemy.util.test.WatchDog.cancel(): canceling Fri Jun 01 21:48:52 UTC 2018
------------------ testing $PTII/ptolemy/domains/de/test/auto/DEinDEwithStartTimes.xml
auto.tcl: Setting watchdog for 200 seconds at Fri Jun 01 21:48:52 UTC 2018
3 ms. Memory: 208384K Free: 196164K (94%)
ptolemy.util.test.WatchDog.cancel(): canceling Fri Jun 01 21:48:52 UTC 2018
auto.tcl: Setting watchdog for 200 seconds at Fri Jun 01 21:48:52 UTC 2018
4 ms. Memory: 208384K Free: 194067K (93%)
ptolemy.util.test.WatchDog.cancel(): canceling Fri Jun 01 21:48:52 UTC 2018
------------------ testing $PTII/ptolemy/domains/de/test/auto/DEinDEwithStartTimes2.xml
auto.tcl: Setting watchdog for 200 seconds at Fri Jun 01 21:48:52 UTC 2018
4 ms. Memory: 208384K Free: 196143K (94%)
ptolemy.util.test.WatchDog.cancel(): canceling Fri Jun 01 21:48:52 UTC 2018
auto.tcl: Setting watchdog for 200 seconds at Fri Jun 01 21:48:52 UTC 2018
4 ms. Memory: 208384K Free: 194047K (93%)
ptolemy.util.test.WatchDog.cancel(): canceling Fri Jun 01 21:48:52 UTC 2018
------------------ testing $PTII/ptolemy/domains/de/test/auto/DateDemo.xml
auto.tcl: Setting watchdog for 200 seconds at Fri Jun 01 21:48:52 UTC 2018
7 ms. Memory: 208384K Free: 188592K (91%)
ptolemy.util.test.WatchDog.cancel(): canceling Fri Jun 01 21:48:52 UTC 2018
auto.tcl: Setting watchdog for 200 seconds at Fri Jun 01 21:48:52 UTC 2018
10 ms. Memory: 208384K Free: 186496K (89%)
ptolemy.util.test.WatchDog.cancel(): canceling Fri Jun 01 21:48:52 UTC 2018
------------------ testing $PTII/ptolemy/domains/de/test/auto/DateToEvent.xml
auto.tcl: Setting watchdog for 200 seconds at Fri Jun 01 21:48:52 UTC 2018
2009 ms. Memory: 208384K Free: 183324K (88%)
ptolemy.util.test.WatchDog.cancel(): canceling Fri Jun 01 21:48:54 UTC 2018
auto.tcl: Setting watchdog for 200 seconds at Fri Jun 01 21:48:54 UTC 2018
2005 ms. Memory: 208384K Free: 180866K (87%)
ptolemy.util.test.WatchDog.cancel(): canceling Fri Jun 01 21:48:56 UTC 2018
------------------ testing $PTII/ptolemy/domains/de/test/auto/DepthTest1.xml
auto.tcl: Setting watchdog for 200 seconds at Fri Jun 01 21:48:56 UTC 2018
3 ms. Memory: 208384K Free: 198158K (95%)
ptolemy.util.test.WatchDog.cancel(): canceling Fri Jun 01 21:48:56 UTC 2018
auto.tcl: Setting watchdog for 200 seconds at Fri Jun 01 21:48:56 UTC 2018
1 ms. Memory: 208384K Free: 198158K (95%)
ptolemy.util.test.WatchDog.cancel(): canceling Fri Jun 01 21:48:56 UTC 2018
------------------ testing $PTII/ptolemy/domains/de/test/auto/DepthTest2.xml
auto.tcl: Setting watchdog for 200 seconds at Fri Jun 01 21:48:56 UTC 2018
6 ms. Memory: 208384K Free: 194029K (93%)
ptolemy.util.test.WatchDog.cancel(): canceling Fri Jun 01 21:48:56 UTC 2018
auto.tcl: Setting watchdog for 200 seconds at Fri Jun 01 21:48:56 UTC 2018
5 ms. Memory: 208384K Free: 194029K (93%)
ptolemy.util.test.WatchDog.cancel(): canceling Fri Jun 01 21:48:56 UTC 2018
------------------ testing $PTII/ptolemy/domains/de/test/auto/DepthTest3.xml
auto.tcl: Setting watchdog for 200 seconds at Fri Jun 01 21:48:56 UTC 2018
1 ms. Memory: 208384K Free: 198154K (95%)
ptolemy.util.test.WatchDog.cancel(): canceling Fri Jun 01 21:48:56 UTC 2018
auto.tcl: Setting watchdog for 200 seconds at Fri Jun 01 21:48:56 UTC 2018
2 ms. Memory: 208384K Free: 198154K (95%)
ptolemy.util.test.WatchDog.cancel(): canceling Fri Jun 01 21:48:56 UTC 2018
------------------ testing $PTII/ptolemy/domains/de/test/auto/DepthTest4.xml
auto.tcl: Setting watchdog for 200 seconds at Fri Jun 01 21:48:56 UTC 2018
3 ms. Memory: 208384K Free: 196144K (94%)
ptolemy.util.test.WatchDog.cancel(): canceling Fri Jun 01 21:48:56 UTC 2018
auto.tcl: Setting watchdog for 200 seconds at Fri Jun 01 21:48:56 UTC 2018
2 ms. Memory: 208384K Free: 196144K (94%)
ptolemy.util.test.WatchDog.cancel(): canceling Fri Jun 01 21:48:56 UTC 2018
------------------ testing $PTII/ptolemy/domains/de/test/auto/DepthTest5.xml
auto.tcl: Setting watchdog for 200 seconds at Fri Jun 01 21:48:56 UTC 2018
3 ms. Memory: 208384K Free: 196092K (94%)
ptolemy.util.test.WatchDog.cancel(): canceling Fri Jun 01 21:48:56 UTC 2018
auto.tcl: Setting watchdog for 200 seconds at Fri Jun 01 21:48:56 UTC 2018
2 ms. Memory: 208384K Free: 196092K (94%)
ptolemy.util.test.WatchDog.cancel(): canceling Fri Jun 01 21:48:56 UTC 2018
------------------ testing $PTII/ptolemy/domains/de/test/auto/DepthTest6.xml
auto.tcl: Setting watchdog for 200 seconds at Fri Jun 01 21:48:56 UTC 2018
6 ms. Memory: 208384K Free: 196061K (94%)
ptolemy.util.test.WatchDog.cancel(): canceling Fri Jun 01 21:48:56 UTC 2018
auto.tcl: Setting watchdog for 200 seconds at Fri Jun 01 21:48:56 UTC 2018
3 ms. Memory: 208384K Free: 196061K (94%)
ptolemy.util.test.WatchDog.cancel(): canceling Fri Jun 01 21:48:56 UTC 2018
------------------ testing $PTII/ptolemy/domains/de/test/auto/DepthTest7.xml
auto.tcl: Setting watchdog for 200 seconds at Fri Jun 01 21:48:56 UTC 2018
3 ms. Memory: 208384K Free: 196048K (94%)
ptolemy.util.test.WatchDog.cancel(): canceling Fri Jun 01 21:48:56 UTC 2018
auto.tcl: Setting watchdog for 200 seconds at Fri Jun 01 21:48:56 UTC 2018
2 ms. Memory: 208384K Free: 196048K (94%)
ptolemy.util.test.WatchDog.cancel(): canceling Fri Jun 01 21:48:56 UTC 2018
------------------ testing $PTII/ptolemy/domains/de/test/auto/EventToDate.xml
auto.tcl: Setting watchdog for 200 seconds at Fri Jun 01 21:48:57 UTC 2018
3005 ms. Memory: 208384K Free: 185587K (89%)
ptolemy.util.test.WatchDog.cancel(): canceling Fri Jun 01 21:49:00 UTC 2018
auto.tcl: Setting watchdog for 200 seconds at Fri Jun 01 21:49:00 UTC 2018
3004 ms. Memory: 208384K Free: 185587K (89%)
ptolemy.util.test.WatchDog.cancel(): canceling Fri Jun 01 21:49:03 UTC 2018
------------------ testing $PTII/ptolemy/domains/de/test/auto/FSM1.xml
auto.tcl: Setting watchdog for 200 seconds at Fri Jun 01 21:49:03 UTC 2018
25 ms. Memory: 208384K Free: 187011K (90%)
ptolemy.util.test.WatchDog.cancel(): canceling Fri Jun 01 21:49:03 UTC 2018
auto.tcl: Setting watchdog for 200 seconds at Fri Jun 01 21:49:03 UTC 2018
14 ms. Memory: 208384K Free: 184914K (89%)
ptolemy.util.test.WatchDog.cancel(): canceling Fri Jun 01 21:49:03 UTC 2018
------------------ testing $PTII/ptolemy/domains/de/test/auto/FSM7.xml
auto.tcl: Setting watchdog for 200 seconds at Fri Jun 01 21:49:03 UTC 2018
15 ms. Memory: 208384K Free: 187551K (90%)
ptolemy.util.test.WatchDog.cancel(): canceling Fri Jun 01 21:49:03 UTC 2018
auto.tcl: Setting watchdog for 200 seconds at Fri Jun 01 21:49:03 UTC 2018
20 ms. Memory: 208384K Free: 185116K (89%)
ptolemy.util.test.WatchDog.cancel(): canceling Fri Jun 01 21:49:03 UTC 2018
------------------ testing $PTII/ptolemy/domains/de/test/auto/Inspection.xml
auto.tcl: Setting watchdog for 200 seconds at Fri Jun 01 21:49:03 UTC 2018
43 ms. Memory: 208384K Free: 188363K (90%)
ptolemy.util.test.WatchDog.cancel(): canceling Fri Jun 01 21:49:03 UTC 2018
auto.tcl: Setting watchdog for 200 seconds at Fri Jun 01 21:49:03 UTC 2018
16 ms. Memory: 208384K Free: 186259K (89%)
ptolemy.util.test.WatchDog.cancel(): canceling Fri Jun 01 21:49:03 UTC 2018
------------------ testing $PTII/ptolemy/domains/de/test/auto/Iteration.xml
auto.tcl: Setting watchdog for 200 seconds at Fri Jun 01 21:49:03 UTC 2018
11 ms. Memory: 208384K Free: 193733K (93%)
ptolemy.util.test.WatchDog.cancel(): canceling Fri Jun 01 21:49:03 UTC 2018
auto.tcl: Setting watchdog for 200 seconds at Fri Jun 01 21:49:03 UTC 2018
6 ms. Memory: 208384K Free: 193733K (93%)
ptolemy.util.test.WatchDog.cancel(): canceling Fri Jun 01 21:49:03 UTC 2018
------------------ testing $PTII/ptolemy/domains/de/test/auto/LineFault.xml
auto.tcl: Setting watchdog for 200 seconds at Fri Jun 01 21:49:03 UTC 2018
663 ms. Memory: 208384K Free: 196072K (94%)
ptolemy.util.test.WatchDog.cancel(): canceling Fri Jun 01 21:49:04 UTC 2018
auto.tcl: Setting watchdog for 200 seconds at Fri Jun 01 21:49:04 UTC 2018
604 ms. Memory: 208384K Free: 138761K (67%)
ptolemy.util.test.WatchDog.cancel(): canceling Fri Jun 01 21:49:05 UTC 2018
------------------ testing $PTII/ptolemy/domains/de/test/auto/MergeModel1Add.xml
auto.tcl: Setting watchdog for 200 seconds at Fri Jun 01 21:49:05 UTC 2018
22 ms. Memory: 331264K Free: 302529K (91%)
ptolemy.util.test.WatchDog.cancel(): canceling Fri Jun 01 21:49:05 UTC 2018
auto.tcl: Setting watchdog for 200 seconds at Fri Jun 01 21:49:05 UTC 2018
12 ms. Memory: 331264K Free: 298563K (90%)
ptolemy.util.test.WatchDog.cancel(): canceling Fri Jun 01 21:49:05 UTC 2018
------------------ testing $PTII/ptolemy/domains/de/test/auto/MergeModel2Add.xml
auto.tcl: Setting watchdog for 200 seconds at Fri Jun 01 21:49:05 UTC 2018
11 ms. Memory: 331264K Free: 303875K (92%)
ptolemy.util.test.WatchDog.cancel(): canceling Fri Jun 01 21:49:05 UTC 2018
auto.tcl: Setting watchdog for 200 seconds at Fri Jun 01 21:49:05 UTC 2018
10 ms. Memory: 331264K Free: 299917K (91%)
ptolemy.util.test.WatchDog.cancel(): canceling Fri Jun 01 21:49:05 UTC 2018
------------------ testing $PTII/ptolemy/domains/de/test/auto/MergeModel3Add.xml
auto.tcl: Setting watchdog for 200 seconds at Fri Jun 01 21:49:05 UTC 2018
12 ms. Memory: 331264K Free: 303885K (92%)
ptolemy.util.test.WatchDog.cancel(): canceling Fri Jun 01 21:49:05 UTC 2018
auto.tcl: Setting watchdog for 200 seconds at Fri Jun 01 21:49:05 UTC 2018
9 ms. Memory: 331264K Free: 299927K (91%)
ptolemy.util.test.WatchDog.cancel(): canceling Fri Jun 01 21:49:05 UTC 2018
------------------ testing $PTII/ptolemy/domains/de/test/auto/MergeWithoutDiscard.xml
auto.tcl: Setting watchdog for 200 seconds at Fri Jun 01 21:49:05 UTC 2018
2 ms. Memory: 331264K Free: 315656K (95%)
ptolemy.util.test.WatchDog.cancel(): canceling Fri Jun 01 21:49:05 UTC 2018
auto.tcl: Setting watchdog for 200 seconds at Fri Jun 01 21:49:05 UTC 2018
1 ms. Memory: 331264K Free: 315371K (95%)
ptolemy.util.test.WatchDog.cancel(): canceling Fri Jun 01 21:49:05 UTC 2018
------------------ testing $PTII/ptolemy/domains/de/test/auto/Modal1.xml
auto.tcl: Setting watchdog for 200 seconds at Fri Jun 01 21:49:05 UTC 2018
17 ms. Memory: 331264K Free: 309252K (93%)
ptolemy.util.test.WatchDog.cancel(): canceling Fri Jun 01 21:49:05 UTC 2018
auto.tcl: Setting watchdog for 200 seconds at Fri Jun 01 21:49:05 UTC 2018
17 ms. Memory: 331264K Free: 305295K (92%)
ptolemy.util.test.WatchDog.cancel(): canceling Fri Jun 01 21:49:05 UTC 2018
------------------ testing $PTII/ptolemy/domains/de/test/auto/Modal2.xml
auto.tcl: Setting watchdog for 200 seconds at Fri Jun 01 21:49:05 UTC 2018
14 ms. Memory: 331264K Free: 309126K (93%)
ptolemy.util.test.WatchDog.cancel(): canceling Fri Jun 01 21:49:05 UTC 2018
auto.tcl: Setting watchdog for 200 seconds at Fri Jun 01 21:49:05 UTC 2018
17 ms. Memory: 331264K Free: 305168K (92%)
ptolemy.util.test.WatchDog.cancel(): canceling Fri Jun 01 21:49:05 UTC 2018
------------------ testing $PTII/ptolemy/domains/de/test/auto/Modal3.xml
auto.tcl: Setting watchdog for 200 seconds at Fri Jun 01 21:49:05 UTC 2018
13 ms. Memory: 331264K Free: 309416K (93%)
ptolemy.util.test.WatchDog.cancel(): canceling Fri Jun 01 21:49:05 UTC 2018
auto.tcl: Setting watchdog for 200 seconds at Fri Jun 01 21:49:05 UTC 2018
14 ms. Memory: 331264K Free: 305164K (92%)
ptolemy.util.test.WatchDog.cancel(): canceling Fri Jun 01 21:49:05 UTC 2018
------------------ testing $PTII/ptolemy/domains/de/test/auto/Modal4.xml
auto.tcl: Setting watchdog for 200 seconds at Fri Jun 01 21:49:06 UTC 2018
25 ms. Memory: 331264K Free: 309122K (93%)
ptolemy.util.test.WatchDog.cancel(): canceling Fri Jun 01 21:49:06 UTC 2018
auto.tcl: Setting watchdog for 200 seconds at Fri Jun 01 21:49:06 UTC 2018
21 ms. Memory: 331264K Free: 300241K (91%)
ptolemy.util.test.WatchDog.cancel(): canceling Fri Jun 01 21:49:06 UTC 2018
------------------ testing $PTII/ptolemy/domains/de/test/auto/Modal5.xml
auto.tcl: Setting watchdog for 200 seconds at Fri Jun 01 21:49:06 UTC 2018
16 ms. Memory: 331264K Free: 309125K (93%)
ptolemy.util.test.WatchDog.cancel(): canceling Fri Jun 01 21:49:06 UTC 2018
auto.tcl: Setting watchdog for 200 seconds at Fri Jun 01 21:49:06 UTC 2018
13 ms. Memory: 331264K Free: 305151K (92%)
ptolemy.util.test.WatchDog.cancel(): canceling Fri Jun 01 21:49:06 UTC 2018
------------------ testing $PTII/ptolemy/domains/de/test/auto/Modal6.xml
auto.tcl: Setting watchdog for 200 seconds at Fri Jun 01 21:49:06 UTC 2018
13 ms. Memory: 331264K Free: 309106K (93%)
ptolemy.util.test.WatchDog.cancel(): canceling Fri Jun 01 21:49:06 UTC 2018
auto.tcl: Setting watchdog for 200 seconds at Fri Jun 01 21:49:06 UTC 2018
17 ms. Memory: 331264K Free: 305148K (92%)
ptolemy.util.test.WatchDog.cancel(): canceling Fri Jun 01 21:49:06 UTC 2018
------------------ testing $PTII/ptolemy/domains/de/test/auto/Modal7.xml
auto.tcl: Setting watchdog for 200 seconds at Fri Jun 01 21:49:06 UTC 2018
16 ms. Memory: 331264K Free: 309091K (93%)
ptolemy.util.test.WatchDog.cancel(): canceling Fri Jun 01 21:49:06 UTC 2018
auto.tcl: Setting watchdog for 200 seconds at Fri Jun 01 21:49:06 UTC 2018
10 ms. Memory: 331264K Free: 305117K (92%)
ptolemy.util.test.WatchDog.cancel(): canceling Fri Jun 01 21:49:06 UTC 2018
------------------ testing $PTII/ptolemy/domains/de/test/auto/ModalModel.xml
auto.tcl: Setting watchdog for 200 seconds at Fri Jun 01 21:49:06 UTC 2018
144 ms. Memory: 331264K Free: 247848K (75%)
ptolemy.util.test.WatchDog.cancel(): canceling Fri Jun 01 21:49:06 UTC 2018
auto.tcl: Setting watchdog for 200 seconds at Fri Jun 01 21:49:06 UTC 2018
160 ms. Memory: 331264K Free: 192335K (58%)
ptolemy.util.test.WatchDog.cancel(): canceling Fri Jun 01 21:49:06 UTC 2018
------------------ testing $PTII/ptolemy/domains/de/test/auto/ModalSource.xml
auto.tcl: Setting watchdog for 200 seconds at Fri Jun 01 21:49:06 UTC 2018
9 ms. Memory: 331264K Free: 315891K (95%)
ptolemy.util.test.WatchDog.cancel(): canceling Fri Jun 01 21:49:06 UTC 2018
auto.tcl: Setting watchdog for 200 seconds at Fri Jun 01 21:49:06 UTC 2018
6 ms. Memory: 331264K Free: 312352K (94%)
ptolemy.util.test.WatchDog.cancel(): canceling Fri Jun 01 21:49:06 UTC 2018
------------------ testing $PTII/ptolemy/domains/de/test/auto/NonInterruptibleTimerZeroDelay.xml
auto.tcl: Setting watchdog for 200 seconds at Fri Jun 01 21:49:06 UTC 2018
4 ms. Memory: 331264K Free: 320269K (97%)
ptolemy.util.test.WatchDog.cancel(): canceling Fri Jun 01 21:49:06 UTC 2018
auto.tcl: Setting watchdog for 200 seconds at Fri Jun 01 21:49:06 UTC 2018
2 ms. Memory: 331264K Free: 316729K (96%)
ptolemy.util.test.WatchDog.cancel(): canceling Fri Jun 01 21:49:06 UTC 2018
------------------ testing $PTII/ptolemy/domains/de/test/auto/OpenQueueingNetwork.xml
auto.tcl: Setting watchdog for 200 seconds at Fri Jun 01 21:49:06 UTC 2018
2610 ms. Memory: 573952K Free: 405145K (71%)
ptolemy.util.test.WatchDog.cancel(): canceling Fri Jun 01 21:49:09 UTC 2018
auto.tcl: Setting watchdog for 200 seconds at Fri Jun 01 21:49:09 UTC 2018
2198 ms. Memory: 574464K Free: 334632K (58%)
ptolemy.util.test.WatchDog.cancel(): canceling Fri Jun 01 21:49:11 UTC 2018
------------------ testing $PTII/ptolemy/domains/de/test/auto/OpenQueuingNetwork.xml
auto.tcl: Setting watchdog for 200 seconds at Fri Jun 01 21:49:12 UTC 2018
242 ms. Memory: 1064960K Free: 945662K (89%)
ptolemy.util.test.WatchDog.cancel(): canceling Fri Jun 01 21:49:12 UTC 2018
auto.tcl: Setting watchdog for 200 seconds at Fri Jun 01 21:49:12 UTC 2018
211 ms. Memory: 1064960K Free: 888869K (83%)
ptolemy.util.test.WatchDog.cancel(): canceling Fri Jun 01 21:49:12 UTC 2018
------------------ testing $PTII/ptolemy/domains/de/test/auto/PeriodicSampler.xml
auto.tcl: Setting watchdog for 200 seconds at Fri Jun 01 21:49:12 UTC 2018
3 ms. Memory: 1065472K Free: 1028871K (97%)
ptolemy.util.test.WatchDog.cancel(): canceling Fri Jun 01 21:49:12 UTC 2018
auto.tcl: Setting watchdog for 200 seconds at Fri Jun 01 21:49:12 UTC 2018
2 ms. Memory: 1065472K Free: 1028871K (97%)
ptolemy.util.test.WatchDog.cancel(): canceling Fri Jun 01 21:49:12 UTC 2018
------------------ testing $PTII/ptolemy/domains/de/test/auto/PersistentIO.xml
auto.tcl: Setting watchdog for 200 seconds at Fri Jun 01 21:49:12 UTC 2018
5 ms. Memory: 1065472K Free: 1029455K (97%)
ptolemy.util.test.WatchDog.cancel(): canceling Fri Jun 01 21:49:12 UTC 2018
auto.tcl: Setting watchdog for 200 seconds at Fri Jun 01 21:49:12 UTC 2018
4 ms. Memory: 1065472K Free: 1029455K (97%)
ptolemy.util.test.WatchDog.cancel(): canceling Fri Jun 01 21:49:12 UTC 2018
------------------ testing $PTII/ptolemy/domains/de/test/auto/PortParameterResetOnInitialize.xml
auto.tcl: Setting watchdog for 200 seconds at Fri Jun 01 21:49:12 UTC 2018
5 ms. Memory: 1065472K Free: 1029317K (97%)
ptolemy.util.test.WatchDog.cancel(): canceling Fri Jun 01 21:49:12 UTC 2018
auto.tcl: Setting watchdog for 200 seconds at Fri Jun 01 21:49:12 UTC 2018
2 ms. Memory: 1065472K Free: 1029317K (97%)
ptolemy.util.test.WatchDog.cancel(): canceling Fri Jun 01 21:49:12 UTC 2018
------------------ testing $PTII/ptolemy/domains/de/test/auto/PortParameterUpdates.xml
auto.tcl: Setting watchdog for 200 seconds at Fri Jun 01 21:49:12 UTC 2018
10 ms. Memory: 1065472K Free: 1029451K (97%)
ptolemy.util.test.WatchDog.cancel(): canceling Fri Jun 01 21:49:12 UTC 2018
auto.tcl: Setting watchdog for 200 seconds at Fri Jun 01 21:49:12 UTC 2018
3 ms. Memory: 1065472K Free: 1029451K (97%)
ptolemy.util.test.WatchDog.cancel(): canceling Fri Jun 01 21:49:12 UTC 2018
------------------ testing $PTII/ptolemy/domains/de/test/auto/QueueAndServer.xml
auto.tcl: Setting watchdog for 200 seconds at Fri Jun 01 21:49:12 UTC 2018
13 ms. Memory: 1065472K Free: 1009292K (95%)
ptolemy.util.test.WatchDog.cancel(): canceling Fri Jun 01 21:49:12 UTC 2018
auto.tcl: Setting watchdog for 200 seconds at Fri Jun 01 21:49:12 UTC 2018
6 ms. Memory: 1065472K Free: 1009292K (95%)
ptolemy.util.test.WatchDog.cancel(): canceling Fri Jun 01 21:49:12 UTC 2018
------------------ testing $PTII/ptolemy/domains/de/test/auto/Records.xml
auto.tcl: Setting watchdog for 200 seconds at Fri Jun 01 21:49:12 UTC 2018
6 ms. Memory: 1065472K Free: 1038694K (97%)
ptolemy.util.test.WatchDog.cancel(): canceling Fri Jun 01 21:49:12 UTC 2018
auto.tcl: Setting watchdog for 200 seconds at Fri Jun 01 21:49:12 UTC 2018
1 ms. Memory: 1065472K Free: 1038694K (97%)
ptolemy.util.test.WatchDog.cancel(): canceling Fri Jun 01 21:49:12 UTC 2018
------------------ testing $PTII/ptolemy/domains/de/test/auto/ResetTransitionWithStartTime1.xml
auto.tcl: Setting watchdog for 200 seconds at Fri Jun 01 21:49:13 UTC 2018
11 ms. Memory: 1065472K Free: 1038717K (97%)
ptolemy.util.test.WatchDog.cancel(): canceling Fri Jun 01 21:49:13 UTC 2018
auto.tcl: Setting watchdog for 200 seconds at Fri Jun 01 21:49:13 UTC 2018
4 ms. Memory: 1065472K Free: 1038717K (97%)
ptolemy.util.test.WatchDog.cancel(): canceling Fri Jun 01 21:49:13 UTC 2018
------------------ testing $PTII/ptolemy/domains/de/test/auto/ResetTransitionWithStartTime2.xml
auto.tcl: Setting watchdog for 200 seconds at Fri Jun 01 21:49:13 UTC 2018
5 ms. Memory: 1064448K Free: 1038165K (98%)
ptolemy.util.test.WatchDog.cancel(): canceling Fri Jun 01 21:49:13 UTC 2018
auto.tcl: Setting watchdog for 200 seconds at Fri Jun 01 21:49:13 UTC 2018
6 ms. Memory: 1064448K Free: 1038165K (98%)
ptolemy.util.test.WatchDog.cancel(): canceling Fri Jun 01 21:49:13 UTC 2018
------------------ testing $PTII/ptolemy/domains/de/test/auto/ResetTransitionWithStartTime3.xml
auto.tcl: Setting watchdog for 200 seconds at Fri Jun 01 21:49:13 UTC 2018
6 ms. Memory: 1064960K Free: 1038194K (97%)
ptolemy.util.test.WatchDog.cancel(): canceling Fri Jun 01 21:49:13 UTC 2018
auto.tcl: Setting watchdog for 200 seconds at Fri Jun 01 21:49:13 UTC 2018
5 ms. Memory: 1064960K Free: 1038194K (97%)
ptolemy.util.test.WatchDog.cancel(): canceling Fri Jun 01 21:49:13 UTC 2018
------------------ testing $PTII/ptolemy/domains/de/test/auto/ResetTransitionWithStartTime4.xml
auto.tcl: Setting watchdog for 200 seconds at Fri Jun 01 21:49:13 UTC 2018
5 ms. Memory: 1064960K Free: 1038193K (97%)
ptolemy.util.test.WatchDog.cancel(): canceling Fri Jun 01 21:49:13 UTC 2018
auto.tcl: Setting watchdog for 200 seconds at Fri Jun 01 21:49:13 UTC 2018
2 ms. Memory: 1064960K Free: 1038193K (97%)
ptolemy.util.test.WatchDog.cancel(): canceling Fri Jun 01 21:49:13 UTC 2018
------------------ testing $PTII/ptolemy/domains/de/test/auto/ResettableTimer1.xml
auto.tcl: Setting watchdog for 200 seconds at Fri Jun 01 21:49:13 UTC 2018
2 ms. Memory: 1064960K Free: 1038189K (97%)
ptolemy.util.test.WatchDog.cancel(): canceling Fri Jun 01 21:49:13 UTC 2018
auto.tcl: Setting watchdog for 200 seconds at Fri Jun 01 21:49:13 UTC 2018
2 ms. Memory: 1064960K Free: 1038189K (97%)
ptolemy.util.test.WatchDog.cancel(): canceling Fri Jun 01 21:49:13 UTC 2018
------------------ testing $PTII/ptolemy/domains/de/test/auto/ResettableTimer2.xml
auto.tcl: Setting watchdog for 200 seconds at Fri Jun 01 21:49:13 UTC 2018
5 ms. Memory: 1064960K Free: 1038729K (98%)
ptolemy.util.test.WatchDog.cancel(): canceling Fri Jun 01 21:49:13 UTC 2018
auto.tcl: Setting watchdog for 200 seconds at Fri Jun 01 21:49:13 UTC 2018
2 ms. Memory: 1064960K Free: 1038729K (98%)
ptolemy.util.test.WatchDog.cancel(): canceling Fri Jun 01 21:49:13 UTC 2018
------------------ testing $PTII/ptolemy/domains/de/test/auto/ResettableTimer3.xml
auto.tcl: Setting watchdog for 200 seconds at Fri Jun 01 21:49:13 UTC 2018
1 ms. Memory: 1064960K Free: 1038246K (97%)
ptolemy.util.test.WatchDog.cancel(): canceling Fri Jun 01 21:49:13 UTC 2018
auto.tcl: Setting watchdog for 200 seconds at Fri Jun 01 21:49:13 UTC 2018
1 ms. Memory: 1064960K Free: 1038246K (97%)
ptolemy.util.test.WatchDog.cancel(): canceling Fri Jun 01 21:49:13 UTC 2018
------------------ testing $PTII/ptolemy/domains/de/test/auto/ResettableTimer4.xml
auto.tcl: Setting watchdog for 200 seconds at Fri Jun 01 21:49:13 UTC 2018
1 ms. Memory: 1063936K Free: 1037717K (98%)
ptolemy.util.test.WatchDog.cancel(): canceling Fri Jun 01 21:49:13 UTC 2018
auto.tcl: Setting watchdog for 200 seconds at Fri Jun 01 21:49:13 UTC 2018
1 ms. Memory: 1063936K Free: 1037717K (98%)
ptolemy.util.test.WatchDog.cancel(): canceling Fri Jun 01 21:49:13 UTC 2018
------------------ testing $PTII/ptolemy/domains/de/test/auto/ResettableTimer5.xml
auto.tcl: Setting watchdog for 200 seconds at Fri Jun 01 21:49:13 UTC 2018
1 ms. Memory: 1064448K Free: 1028407K (97%)
ptolemy.util.test.WatchDog.cancel(): canceling Fri Jun 01 21:49:13 UTC 2018
auto.tcl: Setting watchdog for 200 seconds at Fri Jun 01 21:49:13 UTC 2018
1 ms. Memory: 1064448K Free: 1028407K (97%)
ptolemy.util.test.WatchDog.cancel(): canceling Fri Jun 01 21:49:13 UTC 2018
------------------ testing $PTII/ptolemy/domains/de/test/auto/ResettableTimer6.xml
auto.tcl: Setting watchdog for 200 seconds at Fri Jun 01 21:49:13 UTC 2018
2 ms. Memory: 1064448K Free: 1027874K (97%)
ptolemy.util.test.WatchDog.cancel(): canceling Fri Jun 01 21:49:13 UTC 2018
auto.tcl: Setting watchdog for 200 seconds at Fri Jun 01 21:49:13 UTC 2018
1 ms. Memory: 1064448K Free: 1027874K (97%)
ptolemy.util.test.WatchDog.cancel(): canceling Fri Jun 01 21:49:13 UTC 2018
------------------ testing $PTII/ptolemy/domains/de/test/auto/ServerZeroDelay.xml
auto.tcl: Setting watchdog for 200 seconds at Fri Jun 01 21:49:13 UTC 2018
4 ms. Memory: 1064448K Free: 1038166K (98%)
ptolemy.util.test.WatchDog.cancel(): canceling Fri Jun 01 21:49:13 UTC 2018
auto.tcl: Setting watchdog for 200 seconds at Fri Jun 01 21:49:13 UTC 2018
2 ms. Memory: 1064448K Free: 1038166K (98%)
ptolemy.util.test.WatchDog.cancel(): canceling Fri Jun 01 21:49:13 UTC 2018
------------------ testing $PTII/ptolemy/domains/de/test/auto/SmartSender.xml
auto.tcl: Setting watchdog for 200 seconds at Fri Jun 01 21:49:13 UTC 2018
3001 ms. Memory: 1064448K Free: 1028341K (97%)
ptolemy.util.test.WatchDog.cancel(): canceling Fri Jun 01 21:49:16 UTC 2018
auto.tcl: Setting watchdog for 200 seconds at Fri Jun 01 21:49:16 UTC 2018
3001 ms. Memory: 1064448K Free: 1028341K (97%)
ptolemy.util.test.WatchDog.cancel(): canceling Fri Jun 01 21:49:19 UTC 2018
------------------ testing $PTII/ptolemy/domains/de/test/auto/ThreadedComposite.xml
auto.tcl: Setting watchdog for 200 seconds at Fri Jun 01 21:49:19 UTC 2018
211 ms. Memory: 1064448K Free: 996869K (94%)
ptolemy.util.test.WatchDog.cancel(): canceling Fri Jun 01 21:49:20 UTC 2018
auto.tcl: Setting watchdog for 200 seconds at Fri Jun 01 21:49:20 UTC 2018
187 ms. Memory: 1064448K Free: 977228K (92%)
ptolemy.util.test.WatchDog.cancel(): canceling Fri Jun 01 21:49:20 UTC 2018
------------------ testing $PTII/ptolemy/domains/de/test/auto/Time.xml
auto.tcl: Setting watchdog for 200 seconds at Fri Jun 01 21:49:20 UTC 2018
491 ms. Memory: 1064448K Free: 988303K (93%)
ptolemy.util.test.WatchDog.cancel(): canceling Fri Jun 01 21:49:20 UTC 2018
auto.tcl: Setting watchdog for 200 seconds at Fri Jun 01 21:49:20 UTC 2018
463 ms. Memory: 1064448K Free: 942845K (89%)
ptolemy.util.test.WatchDog.cancel(): canceling Fri Jun 01 21:49:21 UTC 2018
------------------ testing $PTII/ptolemy/domains/de/test/auto/TimeDelayZeroDelay.xml
auto.tcl: Setting watchdog for 200 seconds at Fri Jun 01 21:49:21 UTC 2018
2 ms. Memory: 1064448K Free: 1037601K (97%)
ptolemy.util.test.WatchDog.cancel(): canceling Fri Jun 01 21:49:21 UTC 2018
auto.tcl: Setting watchdog for 200 seconds at Fri Jun 01 21:49:21 UTC 2018
2 ms. Memory: 1064448K Free: 1037601K (97%)
ptolemy.util.test.WatchDog.cancel(): canceling Fri Jun 01 21:49:21 UTC 2018
------------------ testing $PTII/ptolemy/domains/de/test/auto/TimerZeroDelay.xml
auto.tcl: Setting watchdog for 200 seconds at Fri Jun 01 21:49:21 UTC 2018
4 ms. Memory: 1063424K Free: 1037103K (98%)
ptolemy.util.test.WatchDog.cancel(): canceling Fri Jun 01 21:49:21 UTC 2018
auto.tcl: Setting watchdog for 200 seconds at Fri Jun 01 21:49:21 UTC 2018
2 ms. Memory: 1063424K Free: 1037103K (98%)
ptolemy.util.test.WatchDog.cancel(): canceling Fri Jun 01 21:49:21 UTC 2018
------------------ testing $PTII/ptolemy/domains/de/test/auto/TimingParadox.xml
auto.tcl: Setting watchdog for 200 seconds at Fri Jun 01 21:49:21 UTC 2018
339 ms. Memory: 1063936K Free: 973530K (92%)
ptolemy.util.test.WatchDog.cancel(): canceling Fri Jun 01 21:49:21 UTC 2018
auto.tcl: Setting watchdog for 200 seconds at Fri Jun 01 21:49:21 UTC 2018
314 ms. Memory: 1063936K Free: 939437K (88%)
ptolemy.util.test.WatchDog.cancel(): canceling Fri Jun 01 21:49:22 UTC 2018
------------------ testing $PTII/ptolemy/domains/de/test/auto/TransferInputs.xml
auto.tcl: Setting watchdog for 200 seconds at Fri Jun 01 21:49:22 UTC 2018
2 ms. Memory: 1063424K Free: 1036018K (97%)
ptolemy.util.test.WatchDog.cancel(): canceling Fri Jun 01 21:49:22 UTC 2018
auto.tcl: Setting watchdog for 200 seconds at Fri Jun 01 21:49:22 UTC 2018
1 ms. Memory: 1063424K Free: 1036018K (97%)
ptolemy.util.test.WatchDog.cancel(): canceling Fri Jun 01 21:49:22 UTC 2018
------------------ testing $PTII/ptolemy/domains/de/test/auto/TransferOutputs2.xml
auto.tcl: Setting watchdog for 200 seconds at Fri Jun 01 21:49:22 UTC 2018
8 ms. Memory: 1063936K Free: 1027817K (97%)
ptolemy.util.test.WatchDog.cancel(): canceling Fri Jun 01 21:49:22 UTC 2018
auto.tcl: Setting watchdog for 200 seconds at Fri Jun 01 21:49:22 UTC 2018
2 ms. Memory: 1063936K Free: 1027817K (97%)
ptolemy.util.test.WatchDog.cancel(): canceling Fri Jun 01 21:49:22 UTC 2018
------------------ testing $PTII/ptolemy/domains/de/test/auto/Trilateration.xml
auto.tcl: Setting watchdog for 200 seconds at Fri Jun 01 21:49:22 UTC 2018
14037 ms. Memory: 933376K Free: 791954K (85%)
ptolemy.util.test.WatchDog.cancel(): canceling Fri Jun 01 21:49:37 UTC 2018
auto.tcl: Setting watchdog for 200 seconds at Fri Jun 01 21:49:37 UTC 2018
10576 ms. Memory: 812544K Free: 510554K (63%)
ptolemy.util.test.WatchDog.cancel(): canceling Fri Jun 01 21:49:47 UTC 2018
------------------ testing $PTII/ptolemy/domains/de/test/auto/TwoSigmaDelta.xml
auto.tcl: Setting watchdog for 200 seconds at Fri Jun 01 21:49:48 UTC 2018
2671 ms. Memory: 816640K Free: 496827K (61%)
ptolemy.util.test.WatchDog.cancel(): canceling Fri Jun 01 21:49:50 UTC 2018
auto.tcl: Setting watchdog for 200 seconds at Fri Jun 01 21:49:50 UTC 2018
2021 ms. Memory: 816640K Free: 262161K (32%)
ptolemy.util.test.WatchDog.cancel(): canceling Fri Jun 01 21:49:52 UTC 2018
------------------ testing $PTII/ptolemy/domains/de/test/auto/VariableDelay.xml
auto.tcl: Setting watchdog for 200 seconds at Fri Jun 01 21:49:53 UTC 2018
2 ms. Memory: 813056K Free: 789632K (97%)
ptolemy.util.test.WatchDog.cancel(): canceling Fri Jun 01 21:49:53 UTC 2018
auto.tcl: Setting watchdog for 200 seconds at Fri Jun 01 21:49:53 UTC 2018
2 ms. Memory: 813056K Free: 789632K (97%)
ptolemy.util.test.WatchDog.cancel(): canceling Fri Jun 01 21:49:53 UTC 2018
------------------ testing $PTII/ptolemy/domains/de/test/auto/VariableDelay2.xml
auto.tcl: Setting watchdog for 200 seconds at Fri Jun 01 21:49:53 UTC 2018
3 ms. Memory: 812544K Free: 789576K (97%)
ptolemy.util.test.WatchDog.cancel(): canceling Fri Jun 01 21:49:53 UTC 2018
auto.tcl: Setting watchdog for 200 seconds at Fri Jun 01 21:49:53 UTC 2018
2 ms. Memory: 812544K Free: 789576K (97%)
ptolemy.util.test.WatchDog.cancel(): canceling Fri Jun 01 21:49:53 UTC 2018
------------------ testing $PTII/ptolemy/domains/de/test/auto/VariableDelayZeroDelay.xml
auto.tcl: Setting watchdog for 200 seconds at Fri Jun 01 21:49:53 UTC 2018
2 ms. Memory: 812544K Free: 789575K (97%)
ptolemy.util.test.WatchDog.cancel(): canceling Fri Jun 01 21:49:53 UTC 2018
auto.tcl: Setting watchdog for 200 seconds at Fri Jun 01 21:49:53 UTC 2018
2 ms. Memory: 812544K Free: 789575K (97%)
ptolemy.util.test.WatchDog.cancel(): canceling Fri Jun 01 21:49:53 UTC 2018
------------------ testing $PTII/ptolemy/domains/de/test/auto/VariableDelayZeroDelay2.xml
auto.tcl: Setting watchdog for 200 seconds at Fri Jun 01 21:49:53 UTC 2018
4 ms. Memory: 815616K Free: 785334K (96%)
ptolemy.util.test.WatchDog.cancel(): canceling Fri Jun 01 21:49:53 UTC 2018
auto.tcl: Setting watchdog for 200 seconds at Fri Jun 01 21:49:53 UTC 2018
2 ms. Memory: 815616K Free: 785334K (96%)
ptolemy.util.test.WatchDog.cancel(): canceling Fri Jun 01 21:49:53 UTC 2018
------------------ testing $PTII/ptolemy/domains/de/test/auto/deInCt.xml
auto.tcl: Setting watchdog for 200 seconds at Fri Jun 01 21:49:53 UTC 2018
0
1
1
1
1
0
0
1
1
1
0
0
0
1
1
1
0
0
0
1
1
1
1
0
0
0
1
1
1
1
0
0
0
0
1
1
1
1
1
10 ms. Memory: 812544K Free: 782217K (96%)
ptolemy.util.test.WatchDog.cancel(): canceling Fri Jun 01 21:49:53 UTC 2018
auto.tcl: Setting watchdog for 200 seconds at Fri Jun 01 21:49:53 UTC 2018
0
1
1
1
0
0
0
0
0
1
1
1
1
0
0
0
1
1
1
1
1
1
1
0
0
1
1
1
1
4 ms. Memory: 812544K Free: 782217K (96%)
ptolemy.util.test.WatchDog.cancel(): canceling Fri Jun 01 21:49:53 UTC 2018
------------------ testing $PTII/ptolemy/domains/de/test/auto/deInCt2.xml
auto.tcl: Setting watchdog for 200 seconds at Fri Jun 01 21:49:53 UTC 2018
0
1
1
1
0
0
1
1
1
0
0
1
1
1
0
0
1
1
1
0
0
1
1
1
0
0
1
1
1
0
0
1
1
1
0
0
1
1
1
0
0
0
12 ms. Memory: 815616K Free: 785289K (96%)
ptolemy.util.test.WatchDog.cancel(): canceling Fri Jun 01 21:49:53 UTC 2018
auto.tcl: Setting watchdog for 200 seconds at Fri Jun 01 21:49:53 UTC 2018
0
1
1
1
0
0
1
1
1
0
0
1
1
1
0
0
1
1
1
0
0
1
1
1
0
0
1
1
1
0
0
1
1
1
0
0
1
1
1
0
0
0
5 ms. Memory: 815616K Free: 785289K (96%)
ptolemy.util.test.WatchDog.cancel(): canceling Fri Jun 01 21:49:53 UTC 2018
------------------ testing $PTII/ptolemy/domains/de/test/auto/dynamicCausalityInterface1.xml
auto.tcl: Setting watchdog for 200 seconds at Fri Jun 01 21:49:53 UTC 2018
2 ms. Memory: 812544K Free: 789564K (97%)
ptolemy.util.test.WatchDog.cancel(): canceling Fri Jun 01 21:49:53 UTC 2018
auto.tcl: Setting watchdog for 200 seconds at Fri Jun 01 21:49:53 UTC 2018
0 ms. Memory: 812544K Free: 789564K (97%)
ptolemy.util.test.WatchDog.cancel(): canceling Fri Jun 01 21:49:53 UTC 2018
------------------ testing $PTII/ptolemy/domains/de/test/auto/fsm_de_test.xml
auto.tcl: Setting watchdog for 200 seconds at Fri Jun 01 21:49:53 UTC 2018
15 ms. Memory: 815104K Free: 784708K (96%)
ptolemy.util.test.WatchDog.cancel(): canceling Fri Jun 01 21:49:53 UTC 2018
auto.tcl: Setting watchdog for 200 seconds at Fri Jun 01 21:49:53 UTC 2018
5 ms. Memory: 815104K Free: 784708K (96%)
ptolemy.util.test.WatchDog.cancel(): canceling Fri Jun 01 21:49:53 UTC 2018
------------------ testing $PTII/ptolemy/domains/de/test/auto/functionDependencyReconstruction.xml
auto.tcl: Setting watchdog for 200 seconds at Fri Jun 01 21:49:53 UTC 2018
2 ms. Memory: 812544K Free: 771757K (95%)
ptolemy.util.test.WatchDog.cancel(): canceling Fri Jun 01 21:49:53 UTC 2018
auto.tcl: Setting watchdog for 200 seconds at Fri Jun 01 21:49:53 UTC 2018
2 ms. Memory: 812544K Free: 771757K (95%)
ptolemy.util.test.WatchDog.cancel(): canceling Fri Jun 01 21:49:53 UTC 2018
------------------ testing $PTII/ptolemy/domains/de/test/auto/multirate.xml
auto.tcl: Setting watchdog for 200 seconds at Fri Jun 01 21:49:53 UTC 2018
3 ms. Memory: 814592K Free: 791373K (97%)
ptolemy.util.test.WatchDog.cancel(): canceling Fri Jun 01 21:49:53 UTC 2018
auto.tcl: Setting watchdog for 200 seconds at Fri Jun 01 21:49:53 UTC 2018
2 ms. Memory: 814592K Free: 791373K (97%)
ptolemy.util.test.WatchDog.cancel(): canceling Fri Jun 01 21:49:53 UTC 2018
------------------ testing $PTII/ptolemy/domains/de/test/auto/multirate2.xml
auto.tcl: Setting watchdog for 200 seconds at Fri Jun 01 21:49:53 UTC 2018
4 ms. Memory: 812544K Free: 782202K (96%)
ptolemy.util.test.WatchDog.cancel(): canceling Fri Jun 01 21:49:53 UTC 2018
auto.tcl: Setting watchdog for 200 seconds at Fri Jun 01 21:49:53 UTC 2018
2 ms. Memory: 812544K Free: 782202K (96%)
ptolemy.util.test.WatchDog.cancel(): canceling Fri Jun 01 21:49:53 UTC 2018
------------------ testing $PTII/ptolemy/domains/de/test/auto/realtime.xml
auto.tcl: Setting watchdog for 200 seconds at Fri Jun 01 21:49:53 UTC 2018
10001 ms. Memory: 814592K Free: 784207K (96%)
ptolemy.util.test.WatchDog.cancel(): canceling Fri Jun 01 21:50:03 UTC 2018
auto.tcl: Setting watchdog for 200 seconds at Fri Jun 01 21:50:03 UTC 2018
10001 ms. Memory: 814592K Free: 784207K (96%)
ptolemy.util.test.WatchDog.cancel(): canceling Fri Jun 01 21:50:13 UTC 2018
------------------ testing $PTII/ptolemy/domains/de/test/auto/relationGroup.xml
auto.tcl: Setting watchdog for 200 seconds at Fri Jun 01 21:50:13 UTC 2018
1 ms. Memory: 812544K Free: 782227K (96%)
ptolemy.util.test.WatchDog.cancel(): canceling Fri Jun 01 21:50:13 UTC 2018
auto.tcl: Setting watchdog for 200 seconds at Fri Jun 01 21:50:13 UTC 2018
1 ms. Memory: 812544K Free: 782227K (96%)
ptolemy.util.test.WatchDog.cancel(): canceling Fri Jun 01 21:50:13 UTC 2018
------------------ testing $PTII/ptolemy/domains/de/test/auto/relationGroup2.xml
auto.tcl: Setting watchdog for 200 seconds at Fri Jun 01 21:50:13 UTC 2018
1 ms. Memory: 814080K Free: 783788K (96%)
ptolemy.util.test.WatchDog.cancel(): canceling Fri Jun 01 21:50:13 UTC 2018
auto.tcl: Setting watchdog for 200 seconds at Fri Jun 01 21:50:13 UTC 2018
1 ms. Memory: 814080K Free: 783788K (96%)
ptolemy.util.test.WatchDog.cancel(): canceling Fri Jun 01 21:50:13 UTC 2018
------------------ testing $PTII/ptolemy/domains/de/test/auto/sortWithOpaquePorts.xml
auto.tcl: Setting watchdog for 200 seconds at Fri Jun 01 21:50:14 UTC 2018
2 ms. Memory: 812544K Free: 789564K (97%)
ptolemy.util.test.WatchDog.cancel(): canceling Fri Jun 01 21:50:14 UTC 2018
auto.tcl: Setting watchdog for 200 seconds at Fri Jun 01 21:50:14 UTC 2018
1 ms. Memory: 812544K Free: 789564K (97%)
ptolemy.util.test.WatchDog.cancel(): canceling Fri Jun 01 21:50:14 UTC 2018
------------------ testing $PTII/ptolemy/domains/de/test/auto/transferInputsandOutputs.xml
auto.tcl: Setting watchdog for 200 seconds at Fri Jun 01 21:50:14 UTC 2018
4 ms. Memory: 814080K Free: 783776K (96%)
ptolemy.util.test.WatchDog.cancel(): canceling Fri Jun 01 21:50:14 UTC 2018
auto.tcl: Setting watchdog for 200 seconds at Fri Jun 01 21:50:14 UTC 2018
2 ms. Memory: 814080K Free: 783776K (96%)
ptolemy.util.test.WatchDog.cancel(): canceling Fri Jun 01 21:50:14 UTC 2018
------------------ testing $PTII/ptolemy/domains/de/test/auto/triggerType.xml
auto.tcl: Setting watchdog for 200 seconds at Fri Jun 01 21:50:14 UTC 2018
1 ms. Memory: 812544K Free: 782190K (96%)
ptolemy.util.test.WatchDog.cancel(): canceling Fri Jun 01 21:50:14 UTC 2018
auto.tcl: Setting watchdog for 200 seconds at Fri Jun 01 21:50:14 UTC 2018
1 ms. Memory: 812544K Free: 782190K (96%)
ptolemy.util.test.WatchDog.cancel(): canceling Fri Jun 01 21:50:14 UTC 2018
06/01/18 09:50:14
Failed: 0  Total Tests: 192  ((Passed: 187, Newly Passed: 1)  Known Failed: 5) /home/travis/build/icyphy/ptII/ptolemy/domains/de/test
06/01/18 09:50:14
Failed: 0  Total Tests: 192  ((Passed: 187, Newly Passed: 1)  Known Failed: 5) /home/travis/build/icyphy/ptII/ptolemy/domains/de/test
----------------- testing (KnownFailure) /home/travis/build/icyphy/ptII/ptolemy/domains/de/test/auto/knownFailedTests/DESDFClockTest.xml
2013 ms. Memory: 813568K Free: 768604K (94%)
Known Failure: java.lang.reflect.InvocationTargetException
----------------- testing (KnownFailure) /home/travis/build/icyphy/ptII/ptolemy/domains/de/test/auto/knownFailedTests/DirectFeedback.xml
1 ms. Memory: 813568K Free: 710113K (87%)
Known Failure: java.lang.reflect.InvocationTargetException
----------------- testing (KnownFailure) /home/travis/build/icyphy/ptII/ptolemy/domains/de/test/auto/knownFailedTests/FSMSource.xml
4 ms. Memory: 813568K Free: 651622K (80%)
----------------- testing (KnownFailure) /home/travis/build/icyphy/ptII/ptolemy/domains/de/test/auto/knownFailedTests/HierarchicalModel.xml
1 ms. Memory: 813568K Free: 607737K (75%)
Known Failure: java.lang.reflect.InvocationTargetException
----------------- testing (KnownFailure) /home/travis/build/icyphy/ptII/ptolemy/domains/de/test/auto/knownFailedTests/dependencyLoop.xml
1 ms. Memory: 813568K Free: 549246K (68%)
Known Failure: java.lang.reflect.InvocationTargetException
----------------- testing (KnownFailure) /home/travis/build/icyphy/ptII/ptolemy/domains/de/test/auto/knownFailedTests/dependencyLoop2.xml
1 ms. Memory: 813568K Free: 476132K (59%)
Known Failure: java.lang.reflect.InvocationTargetException
No auto/linux-amd64/*.xml tests in /home/travis/build/icyphy/ptII/ptolemy/domains/de/test
AutoTests.java: About to close Vertx.
AutoTests.java: Vertx closed.

===========================================================================================
----------------- testing Fri Jun 01 21:50:16 UTC 2018 /home/travis/build/icyphy/ptII/ptolemy/domains/de/test/auto/ActorDepthCalculation_actorWithoutPorts.xml
----------------- Instantiating /home/travis/build/icyphy/ptII/ptolemy/domains/de/test/auto/ActorDepthCalculation_actorWithoutPorts.xml
1 ms. Memory: 813568K Free: 388395K (48%)
----------------- Invoking toplevel() on ptolemy.moml.MoMLSimpleApplication@371d42b2
----------------- Done invoking toplevel() on ptolemy.moml.MoMLSimpleApplication@371d42b2
reloadAllAccessors: .ActorDepthCalculation_actorWithoutPorts

===========================================================================================
----------------- testing Fri Jun 01 21:50:16 UTC 2018 /home/travis/build/icyphy/ptII/ptolemy/domains/de/test/auto/AssemblyLine.xml
----------------- Instantiating /home/travis/build/icyphy/ptII/ptolemy/domains/de/test/auto/AssemblyLine.xml
1 ms. Memory: 813568K Free: 359150K (44%)
----------------- Invoking toplevel() on ptolemy.moml.MoMLSimpleApplication@41f7040c
----------------- Done invoking toplevel() on ptolemy.moml.MoMLSimpleApplication@41f7040c
reloadAllAccessors: .AssemblyLine

===========================================================================================
----------------- testing Fri Jun 01 21:50:16 UTC 2018 /home/travis/build/icyphy/ptII/ptolemy/domains/de/test/auto/CQBug1.xml
----------------- Instantiating /home/travis/build/icyphy/ptII/ptolemy/domains/de/test/auto/CQBug1.xml
0 ms. Memory: 813568K Free: 329904K (41%)
----------------- Invoking toplevel() on ptolemy.moml.MoMLSimpleApplication@3b403f0e
----------------- Done invoking toplevel() on ptolemy.moml.MoMLSimpleApplication@3b403f0e
reloadAllAccessors: .CQBug1

===========================================================================================
----------------- testing Fri Jun 01 21:50:16 UTC 2018 /home/travis/build/icyphy/ptII/ptolemy/domains/de/test/auto/CancelFireAt.xml
----------------- Instantiating /home/travis/build/icyphy/ptII/ptolemy/domains/de/test/auto/CancelFireAt.xml
0 ms. Memory: 813568K Free: 300659K (37%)
----------------- Invoking toplevel() on ptolemy.moml.MoMLSimpleApplication@1c56426f
----------------- Done invoking toplevel() on ptolemy.moml.MoMLSimpleApplication@1c56426f
reloadAllAccessors: .CancelFireAt

===========================================================================================
----------------- testing Fri Jun 01 21:50:16 UTC 2018 /home/travis/build/icyphy/ptII/ptolemy/domains/de/test/auto/CausalityAndComposabilityAnalysis.xml
----------------- Instantiating /home/travis/build/icyphy/ptII/ptolemy/domains/de/test/auto/CausalityAndComposabilityAnalysis.xml
1 ms. Memory: 813568K Free: 271413K (33%)
----------------- Invoking toplevel() on ptolemy.moml.MoMLSimpleApplication@479ce5d5
----------------- Done invoking toplevel() on ptolemy.moml.MoMLSimpleApplication@479ce5d5
reloadAllAccessors: .CausalityAndComposabilityAnalysis

===========================================================================================
----------------- testing Fri Jun 01 21:50:16 UTC 2018 /home/travis/build/icyphy/ptII/ptolemy/domains/de/test/auto/CausalityInterface1.xml
----------------- Instantiating /home/travis/build/icyphy/ptII/ptolemy/domains/de/test/auto/CausalityInterface1.xml
3 ms. Memory: 813568K Free: 242168K (30%)
----------------- Invoking toplevel() on ptolemy.moml.MoMLSimpleApplication@3ee4f0fe
----------------- Done invoking toplevel() on ptolemy.moml.MoMLSimpleApplication@3ee4f0fe
reloadAllAccessors: .CausalityInterface1

===========================================================================================
----------------- testing Fri Jun 01 21:50:16 UTC 2018 /home/travis/build/icyphy/ptII/ptolemy/domains/de/test/auto/CausalityInterface15.xml
----------------- Instantiating /home/travis/build/icyphy/ptII/ptolemy/domains/de/test/auto/CausalityInterface15.xml
1 ms. Memory: 813568K Free: 212922K (26%)
----------------- Invoking toplevel() on ptolemy.moml.MoMLSimpleApplication@5a66c95
----------------- Done invoking toplevel() on ptolemy.moml.MoMLSimpleApplication@5a66c95
[...]
java.lang.RuntimeException: Execution failed
	at ptolemy.moml.MoMLSimpleApplication$UnloadThread.run(MoMLSimpleApplication.java:402)
Caused by: ptolemy.kernel.util.IllegalActionException: Test fails in iteration 1.
Value was: 1.0. Should have been: 2.0
  in .DirectFeedback.Test
	at ptolemy.actor.lib.Test.fire(Test.java:268)
	at ptolemy.domains.de.kernel.DEDirector._fire(DEDirector.java:1948)
	at ptolemy.domains.de.kernel.DEDirector.fire(DEDirector.java:502)
	at ptolemy.actor.CompositeActor.fire(CompositeActor.java:455)
	at ptolemy.actor.Manager.iterate(Manager.java:851)
	at ptolemy.actor.Manager.execute(Manager.java:369)
	at ptolemy.actor.Manager.run(Manager.java:1263)
	at ptolemy.actor.Manager$PtolemyRunThread.run(Manager.java:1915)
java.lang.RuntimeException: Execution failed
	at ptolemy.moml.MoMLSimpleApplication$UnloadThread.run(MoMLSimpleApplication.java:402)
Caused by: ptolemy.kernel.util.IllegalActionException: Actor is not ready to fire.  Perhaps UpSample.prefire() returned false? Try debugging the actor by selecting "Listen to Actor".  Also, for SDF check moml for tokenConsumptionRate on input.
  in .DESDFClockTest.Play Bell.Copy1:SDF Director and .DESDFClockTest.Play Bell.UpSample
	at ptolemy.actor.sched.StaticSchedulingDirector.fire(StaticSchedulingDirector.java:227)
	at ptolemy.domains.sdf.kernel.SDFDirector.fire(SDFDirector.java:500)
	at ptolemy.actor.CompositeActor.fire(CompositeActor.java:455)
	at ptolemy.domains.de.kernel.DEDirector._fire(DEDirector.java:1948)
	at ptolemy.domains.de.kernel.DEDirector.fire(DEDirector.java:502)
	at ptolemy.actor.CompositeActor.fire(CompositeActor.java:455)
	at ptolemy.actor.Manager.iterate(Manager.java:851)
	at ptolemy.actor.Manager.execute(Manager.java:369)
	at ptolemy.actor.Manager.run(Manager.java:1263)
	at ptolemy.actor.Manager$PtolemyRunThread.run(Manager.java:1915)
java.lang.reflect.InvocationTargetException
	at sun.reflect.NativeConstructorAccessorImpl.newInstance0(Native Method)
	at sun.reflect.NativeConstructorAccessorImpl.newInstance(NativeConstructorAccessorImpl.java:62)
	at sun.reflect.DelegatingConstructorAccessorImpl.newInstance(DelegatingConstructorAccessorImpl.java:45)
	at java.lang.reflect.Constructor.newInstance(Constructor.java:423)
	at ptolemy.util.test.junit.AutoKnownFailedTests.RunModel(AutoKnownFailedTests.java:107)
	at sun.reflect.NativeMethodAccessorImpl.invoke0(Native Method)
	at sun.reflect.NativeMethodAccessorImpl.invoke(NativeMethodAccessorImpl.java:62)
	at sun.reflect.DelegatingMethodAccessorImpl.invoke(DelegatingMethodAccessorImpl.java:43)
	at java.lang.reflect.Method.invoke(Method.java:498)
	at org.junit.runners.model.FrameworkMethod$1.runReflectiveCall(FrameworkMethod.java:44)
	at org.junit.internal.runners.model.ReflectiveCallable.run(ReflectiveCallable.java:15)
	at org.junit.runners.model.FrameworkMethod.invokeExplosively(FrameworkMethod.java:41)
	at junitparams.internal.InvokeParameterisedMethod.evaluate(InvokeParameterisedMethod.java:102)
	at org.junit.internal.runners.statements.FailOnTimeout$1.run(FailOnTimeout.java:28)
Caused by: ptolemy.kernel.util.IllegalActionException: Actor is not ready to fire.  Perhaps UpSample.prefire() returned false? Try debugging the actor by selecting "Listen to Actor".  Also, for SDF check moml for tokenConsumptionRate on input.
  in .DESDFClockTest.Play Bell.Copy1:SDF Director and .DESDFClockTest.Play Bell.UpSample
	at ptolemy.actor.sched.StaticSchedulingDirector.fire(StaticSchedulingDirector.java:227)
	at ptolemy.domains.sdf.kernel.SDFDirector.fire(SDFDirector.java:500)
	at ptolemy.actor.CompositeActor.fire(CompositeActor.java:455)
	at ptolemy.domains.de.kernel.DEDirector._fire(DEDirector.java:1948)
	at ptolemy.domains.de.kernel.DEDirector.fire(DEDirector.java:502)
	at ptolemy.actor.CompositeActor.fire(CompositeActor.java:455)
	at ptolemy.actor.Manager.iterate(Manager.java:851)
	at ptolemy.actor.Manager.execute(Manager.java:369)
	at ptolemy.actor.Manager.run(Manager.java:1263)
	at ptolemy.actor.Manager$PtolemyRunThread.run(Manager.java:1915)
java.lang.RuntimeException: Execution failed
	at ptolemy.moml.MoMLSimpleApplication$UnloadThread.run(MoMLSimpleApplication.java:402)
Caused by: ptolemy.kernel.util.IllegalActionException: Test fails in iteration 1.
Value was: 1.0. Should have been: 2.0
  in .DirectFeedback.Test
	at ptolemy.actor.lib.Test.fire(Test.java:268)
	at ptolemy.domains.de.kernel.DEDirector._fire(DEDirector.java:1948)
	at ptolemy.domains.de.kernel.DEDirector.fire(DEDirector.java:502)
	at ptolemy.actor.CompositeActor.fire(CompositeActor.java:455)
	at ptolemy.actor.Manager.iterate(Manager.java:851)
	at ptolemy.actor.Manager.execute(Manager.java:369)
	at ptolemy.actor.Manager.run(Manager.java:1263)
	at ptolemy.actor.Manager$PtolemyRunThread.run(Manager.java:1915)
java.lang.reflect.InvocationTargetException
	at sun.reflect.NativeConstructorAccessorImpl.newInstance0(Native Method)
	at sun.reflect.NativeConstructorAccessorImpl.newInstance(NativeConstructorAccessorImpl.java:62)
	at sun.reflect.DelegatingConstructorAccessorImpl.newInstance(DelegatingConstructorAccessorImpl.java:45)
	at java.lang.reflect.Constructor.newInstance(Constructor.java:423)
	at ptolemy.util.test.junit.AutoKnownFailedTests.RunModel(AutoKnownFailedTests.java:107)
	at sun.reflect.NativeMethodAccessorImpl.invoke0(Native Method)
	at sun.reflect.NativeMethodAccessorImpl.invoke(NativeMethodAccessorImpl.java:62)
	at sun.reflect.DelegatingMethodAccessorImpl.invoke(DelegatingMethodAccessorImpl.java:43)
	at java.lang.reflect.Method.invoke(Method.java:498)
	at org.junit.runners.model.FrameworkMethod$1.runReflectiveCall(FrameworkMethod.java:44)
	at org.junit.internal.runners.model.ReflectiveCallable.run(ReflectiveCallable.java:15)
	at org.junit.runners.model.FrameworkMethod.invokeExplosively(FrameworkMethod.java:41)
	at junitparams.internal.InvokeParameterisedMethod.evaluate(InvokeParameterisedMethod.java:102)
	at org.junit.internal.runners.statements.FailOnTimeout$1.run(FailOnTimeout.java:28)
Caused by: ptolemy.kernel.util.IllegalActionException: Test fails in iteration 1.
Value was: 1.0. Should have been: 2.0
  in .DirectFeedback.Test
	at ptolemy.actor.lib.Test.fire(Test.java:268)
	at ptolemy.domains.de.kernel.DEDirector._fire(DEDirector.java:1948)
	at ptolemy.domains.de.kernel.DEDirector.fire(DEDirector.java:502)
	at ptolemy.actor.CompositeActor.fire(CompositeActor.java:455)
	at ptolemy.actor.Manager.iterate(Manager.java:851)
	at ptolemy.actor.Manager.execute(Manager.java:369)
	at ptolemy.actor.Manager.run(Manager.java:1263)
	at ptolemy.actor.Manager$PtolemyRunThread.run(Manager.java:1915)
java.lang.RuntimeException: Execution failed
	at ptolemy.moml.MoMLSimpleApplication$UnloadThread.run(MoMLSimpleApplication.java:402)
Caused by: ptolemy.kernel.util.IllegalActionException: Found a zero delay loop containing .HierarchicalModel.A
  in .HierarchicalModel and .HierarchicalModel.A
	at ptolemy.actor.util.CausalityInterfaceForComposites._computeOutputPortDepth(CausalityInterfaceForComposites.java:759)
	at ptolemy.actor.util.CausalityInterfaceForComposites._computeInputDepth(CausalityInterfaceForComposites.java:696)
	at ptolemy.actor.util.CausalityInterfaceForComposites._computeOutputPortDepth(CausalityInterfaceForComposites.java:765)
	at ptolemy.actor.util.CausalityInterfaceForComposites._computeInputDepth(CausalityInterfaceForComposites.java:696)
	at ptolemy.actor.util.CausalityInterfaceForComposites._computeOutputPortDepth(CausalityInterfaceForComposites.java:765)
	at ptolemy.actor.util.CausalityInterfaceForComposites._computeInputDepth(CausalityInterfaceForComposites.java:696)
	at ptolemy.actor.util.CausalityInterfaceForComposites._computeActorDepth(CausalityInterfaceForComposites.java:532)
	at ptolemy.actor.util.CausalityInterfaceForComposites.checkForCycles(CausalityInterfaceForComposites.java:96)
	at ptolemy.domains.de.kernel.DEDirector.preinitialize(DEDirector.java:1337)
	at ptolemy.actor.CompositeActor.preinitialize(CompositeActor.java:1828)
	at ptolemy.actor.Manager.preinitializeAndResolveTypes(Manager.java:1040)
	at ptolemy.actor.Manager.initialize(Manager.java:710)
	at ptolemy.actor.Manager.execute(Manager.java:356)
	at ptolemy.actor.Manager.run(Manager.java:1263)
	at ptolemy.actor.Manager$PtolemyRunThread.run(Manager.java:1915)
java.lang.reflect.InvocationTargetException
	at sun.reflect.NativeConstructorAccessorImpl.newInstance0(Native Method)
	at sun.reflect.NativeConstructorAccessorImpl.newInstance(NativeConstructorAccessorImpl.java:62)
	at sun.reflect.DelegatingConstructorAccessorImpl.newInstance(DelegatingConstructorAccessorImpl.java:45)
	at java.lang.reflect.Constructor.newInstance(Constructor.java:423)
	at ptolemy.util.test.junit.AutoKnownFailedTests.RunModel(AutoKnownFailedTests.java:107)
	at sun.reflect.NativeMethodAccessorImpl.invoke0(Native Method)
	at sun.reflect.NativeMethodAccessorImpl.invoke(NativeMethodAccessorImpl.java:62)
	at sun.reflect.DelegatingMethodAccessorImpl.invoke(DelegatingMethodAccessorImpl.java:43)
	at java.lang.reflect.Method.invoke(Method.java:498)
	at org.junit.runners.model.FrameworkMethod$1.runReflectiveCall(FrameworkMethod.java:44)
	at org.junit.internal.runners.model.ReflectiveCallable.run(ReflectiveCallable.java:15)
	at org.junit.runners.model.FrameworkMethod.invokeExplosively(FrameworkMethod.java:41)
	at junitparams.internal.InvokeParameterisedMethod.evaluate(InvokeParameterisedMethod.java:102)
	at org.junit.internal.runners.statements.FailOnTimeout$1.run(FailOnTimeout.java:28)
Caused by: ptolemy.kernel.util.IllegalActionException: Found a zero delay loop containing .HierarchicalModel.A
  in .HierarchicalModel and .HierarchicalModel.A
	at ptolemy.actor.util.CausalityInterfaceForComposites._computeOutputPortDepth(CausalityInterfaceForComposites.java:759)
	at ptolemy.actor.util.CausalityInterfaceForComposites._computeInputDepth(CausalityInterfaceForComposites.java:696)
	at ptolemy.actor.util.CausalityInterfaceForComposites._computeOutputPortDepth(CausalityInterfaceForComposites.java:765)
	at ptolemy.actor.util.CausalityInterfaceForComposites._computeInputDepth(CausalityInterfaceForComposites.java:696)
	at ptolemy.actor.util.CausalityInterfaceForComposites._computeOutputPortDepth(CausalityInterfaceForComposites.java:765)
	at ptolemy.actor.util.CausalityInterfaceForComposites._computeInputDepth(CausalityInterfaceForComposites.java:696)
	at ptolemy.actor.util.CausalityInterfaceForComposites._computeActorDepth(CausalityInterfaceForComposites.java:532)
	at ptolemy.actor.util.CausalityInterfaceForComposites.checkForCycles(CausalityInterfaceForComposites.java:96)
	at ptolemy.domains.de.kernel.DEDirector.preinitialize(DEDirector.java:1337)
	at ptolemy.actor.CompositeActor.preinitialize(CompositeActor.java:1828)
	at ptolemy.actor.Manager.preinitializeAndResolveTypes(Manager.java:1040)
	at ptolemy.actor.Manager.initialize(Manager.java:710)
	at ptolemy.actor.Manager.execute(Manager.java:356)
	at ptolemy.actor.Manager.run(Manager.java:1263)
	at ptolemy.actor.Manager$PtolemyRunThread.run(Manager.java:1915)
java.lang.RuntimeException: Execution failed
	at ptolemy.moml.MoMLSimpleApplication$UnloadThread.run(MoMLSimpleApplication.java:402)
Caused by: ptolemy.kernel.util.IllegalActionException: Found a zero delay loop containing .dependencyLoop.original
  in .dependencyLoop and .dependencyLoop.original
	at ptolemy.actor.util.CausalityInterfaceForComposites._computeOutputPortDepth(CausalityInterfaceForComposites.java:759)
	at ptolemy.actor.util.CausalityInterfaceForComposites._computeInputDepth(CausalityInterfaceForComposites.java:696)
	at ptolemy.actor.util.CausalityInterfaceForComposites._computeOutputPortDepth(CausalityInterfaceForComposites.java:765)
	at ptolemy.actor.util.CausalityInterfaceForComposites._computeInputDepth(CausalityInterfaceForComposites.java:696)
	at ptolemy.actor.util.CausalityInterfaceForComposites._computeOutputPortDepth(CausalityInterfaceForComposites.java:765)
	at ptolemy.actor.util.CausalityInterfaceForComposites._computeInputDepth(CausalityInterfaceForComposites.java:696)
	at ptolemy.actor.util.CausalityInterfaceForComposites._computeActorDepth(CausalityInterfaceForComposites.java:532)
	at ptolemy.actor.util.CausalityInterfaceForComposites.checkForCycles(CausalityInterfaceForComposites.java:96)
	at ptolemy.domains.de.kernel.DEDirector.preinitialize(DEDirector.java:1337)
	at ptolemy.actor.CompositeActor.preinitialize(CompositeActor.java:1828)
	at ptolemy.actor.Manager.preinitializeAndResolveTypes(Manager.java:1040)
	at ptolemy.actor.Manager.initialize(Manager.java:710)
	at ptolemy.actor.Manager.execute(Manager.java:356)
	at ptolemy.actor.Manager.run(Manager.java:1263)
	at ptolemy.actor.Manager$PtolemyRunThread.run(Manager.java:1915)
java.lang.reflect.InvocationTargetException
	at sun.reflect.NativeConstructorAccessorImpl.newInstance0(Native Method)
	at sun.reflect.NativeConstructorAccessorImpl.newInstance(NativeConstructorAccessorImpl.java:62)
	at sun.reflect.DelegatingConstructorAccessorImpl.newInstance(DelegatingConstructorAccessorImpl.java:45)
	at java.lang.reflect.Constructor.newInstance(Constructor.java:423)
	at ptolemy.util.test.junit.AutoKnownFailedTests.RunModel(AutoKnownFailedTests.java:107)
	at sun.reflect.NativeMethodAccessorImpl.invoke0(Native Method)
	at sun.reflect.NativeMethodAccessorImpl.invoke(NativeMethodAccessorImpl.java:62)
	at sun.reflect.DelegatingMethodAccessorImpl.invoke(DelegatingMethodAccessorImpl.java:43)
	at java.lang.reflect.Method.invoke(Method.java:498)
	at org.junit.runners.model.FrameworkMethod$1.runReflectiveCall(FrameworkMethod.java:44)
	at org.junit.internal.runners.model.ReflectiveCallable.run(ReflectiveCallable.java:15)
	at org.junit.runners.model.FrameworkMethod.invokeExplosively(FrameworkMethod.java:41)
	at junitparams.internal.InvokeParameterisedMethod.evaluate(InvokeParameterisedMethod.java:102)
	at org.junit.internal.runners.statements.FailOnTimeout$1.run(FailOnTimeout.java:28)
Caused by: ptolemy.kernel.util.IllegalActionException: Found a zero delay loop containing .dependencyLoop.original
  in .dependencyLoop and .dependencyLoop.original
	at ptolemy.actor.util.CausalityInterfaceForComposites._computeOutputPortDepth(CausalityInterfaceForComposites.java:759)
	at ptolemy.actor.util.CausalityInterfaceForComposites._computeInputDepth(CausalityInterfaceForComposites.java:696)
	at ptolemy.actor.util.CausalityInterfaceForComposites._computeOutputPortDepth(CausalityInterfaceForComposites.java:765)
	at ptolemy.actor.util.CausalityInterfaceForComposites._computeInputDepth(CausalityInterfaceForComposites.java:696)
	at ptolemy.actor.util.CausalityInterfaceForComposites._computeOutputPortDepth(CausalityInterfaceForComposites.java:765)
	at ptolemy.actor.util.CausalityInterfaceForComposites._computeInputDepth(CausalityInterfaceForComposites.java:696)
	at ptolemy.actor.util.CausalityInterfaceForComposites._computeActorDepth(CausalityInterfaceForComposites.java:532)
	at ptolemy.actor.util.CausalityInterfaceForComposites.checkForCycles(CausalityInterfaceForComposites.java:96)
	at ptolemy.domains.de.kernel.DEDirector.preinitialize(DEDirector.java:1337)
	at ptolemy.actor.CompositeActor.preinitialize(CompositeActor.java:1828)
	at ptolemy.actor.Manager.preinitializeAndResolveTypes(Manager.java:1040)
	at ptolemy.actor.Manager.initialize(Manager.java:710)
	at ptolemy.actor.Manager.execute(Manager.java:356)
	at ptolemy.actor.Manager.run(Manager.java:1263)
	at ptolemy.actor.Manager$PtolemyRunThread.run(Manager.java:1915)
java.lang.RuntimeException: Execution failed
	at ptolemy.moml.MoMLSimpleApplication$UnloadThread.run(MoMLSimpleApplication.java:402)
Caused by: ptolemy.kernel.util.IllegalActionException: Found a zero delay loop containing .dependencyLoop2.original
  in .dependencyLoop2 and .dependencyLoop2.original
	at ptolemy.actor.util.CausalityInterfaceForComposites._computeOutputPortDepth(CausalityInterfaceForComposites.java:759)
	at ptolemy.actor.util.CausalityInterfaceForComposites._computeInputDepth(CausalityInterfaceForComposites.java:696)
	at ptolemy.actor.util.CausalityInterfaceForComposites._computeOutputPortDepth(CausalityInterfaceForComposites.java:765)
	at ptolemy.actor.util.CausalityInterfaceForComposites._computeInputDepth(CausalityInterfaceForComposites.java:696)
	at ptolemy.actor.util.CausalityInterfaceForComposites._computeOutputPortDepth(CausalityInterfaceForComposites.java:765)
	at ptolemy.actor.util.CausalityInterfaceForComposites._computeInputDepth(CausalityInterfaceForComposites.java:696)
	at ptolemy.actor.util.CausalityInterfaceForComposites._computeActorDepth(CausalityInterfaceForComposites.java:532)
	at ptolemy.actor.util.CausalityInterfaceForComposites.checkForCycles(CausalityInterfaceForComposites.java:96)
	at ptolemy.domains.de.kernel.DEDirector.preinitialize(DEDirector.java:1337)
	at ptolemy.actor.CompositeActor.preinitialize(CompositeActor.java:1828)
	at ptolemy.actor.Manager.preinitializeAndResolveTypes(Manager.java:1040)
	at ptolemy.actor.Manager.initialize(Manager.java:710)
	at ptolemy.actor.Manager.execute(Manager.java:356)
	at ptolemy.actor.Manager.run(Manager.java:1263)
	at ptolemy.actor.Manager$PtolemyRunThread.run(Manager.java:1915)
java.lang.reflect.InvocationTargetException
	at sun.reflect.NativeConstructorAccessorImpl.newInstance0(Native Method)
	at sun.reflect.NativeConstructorAccessorImpl.newInstance(NativeConstructorAccessorImpl.java:62)
	at sun.reflect.DelegatingConstructorAccessorImpl.newInstance(DelegatingConstructorAccessorImpl.java:45)
	at java.lang.reflect.Constructor.newInstance(Constructor.java:423)
	at ptolemy.util.test.junit.AutoKnownFailedTests.RunModel(AutoKnownFailedTests.java:107)
	at sun.reflect.NativeMethodAccessorImpl.invoke0(Native Method)
	at sun.reflect.NativeMethodAccessorImpl.invoke(NativeMethodAccessorImpl.java:62)
	at sun.reflect.DelegatingMethodAccessorImpl.invoke(DelegatingMethodAccessorImpl.java:43)
	at java.lang.reflect.Method.invoke(Method.java:498)
	at org.junit.runners.model.FrameworkMethod$1.runReflectiveCall(FrameworkMethod.java:44)
	at org.junit.internal.runners.model.ReflectiveCallable.run(ReflectiveCallable.java:15)
	at org.junit.runners.model.FrameworkMethod.invokeExplosively(FrameworkMethod.java:41)
	at junitparams.internal.InvokeParameterisedMethod.evaluate(InvokeParameterisedMethod.java:102)
	at org.junit.internal.runners.statements.FailOnTimeout$1.run(FailOnTimeout.java:28)
Caused by: ptolemy.kernel.util.IllegalActionException: Found a zero delay loop containing .dependencyLoop2.original
  in .dependencyLoop2 and .dependencyLoop2.original
	at ptolemy.actor.util.CausalityInterfaceForComposites._computeOutputPortDepth(CausalityInterfaceForComposites.java:759)
	at ptolemy.actor.util.CausalityInterfaceForComposites._computeInputDepth(CausalityInterfaceForComposites.java:696)
	at ptolemy.actor.util.CausalityInterfaceForComposites._computeOutputPortDepth(CausalityInterfaceForComposites.java:765)
	at ptolemy.actor.util.CausalityInterfaceForComposites._computeInputDepth(CausalityInterfaceForComposites.java:696)
	at ptolemy.actor.util.CausalityInterfaceForComposites._computeOutputPortDepth(CausalityInterfaceForComposites.java:765)
	at ptolemy.actor.util.CausalityInterfaceForComposites._computeInputDepth(CausalityInterfaceForComposites.java:696)
	at ptolemy.actor.util.CausalityInterfaceForComposites._computeActorDepth(CausalityInterfaceForComposites.java:532)
	at ptolemy.actor.util.CausalityInterfaceForComposites.checkForCycles(CausalityInterfaceForComposites.java:96)
	at ptolemy.domains.de.kernel.DEDirector.preinitialize(DEDirector.java:1337)
	at ptolemy.actor.CompositeActor.preinitialize(CompositeActor.java:1828)
	at ptolemy.actor.Manager.preinitializeAndResolveTypes(Manager.java:1040)
	at ptolemy.actor.Manager.initialize(Manager.java:710)
	at ptolemy.actor.Manager.execute(Manager.java:356)
	at ptolemy.actor.Manager.run(Manager.java:1263)
	at ptolemy.actor.Manager$PtolemyRunThread.run(Manager.java:1915)
]]></system-err>
</testsuite>
