<?xml version="1.0" encoding="UTF-8" ?>
<testsuite errors="0" failures="0" hostname="travis-job-b6f64b44-c17a-4a46-8d71-f75be986446a" name="ptolemy.domains.hdf.kernel.test.junit.JUnitTclTest" skipped="0" tests="39" time="6.262" timestamp="2019-05-28T04:29:23">
  <properties>
[...]
</properties>
  <testcase classname="ptolemy.util.test.junit.TclTests" name="[0] /home/travis/build/icyphy/ptII/ptolemy/domains/hdf/kernel/test/RateErrorChecking.tcl (RunTclFile)" time="0.244" />
  <testcase classname="ptolemy.util.test.junit.AutoKnownFailedTests" name="[0] /home/travis/build/icyphy/ptII/ptolemy/domains/hdf/kernel/test/auto/knownFailedTests/badFSMRateChanges.xml (RunModel)" time="0.513" />
  <testcase classname="ptolemy.util.test.junit.AutoNameArchTests" name="[0] ThereAreNoAutoArchTests (RunModel)" time="0.001" />
  <testcase classname="ptolemy.util.test.junit.AutoTests" name="[0] /home/travis/build/icyphy/ptII/ptolemy/domains/hdf/kernel/test/auto/ConstVariableRateTest.xml (RunModel)" time="0.163" />
  <testcase classname="ptolemy.util.test.junit.AutoTests" name="[1] /home/travis/build/icyphy/ptII/ptolemy/domains/hdf/kernel/test/auto/DifferentRefinedRates.xml (RunModel)" time="0.124" />
  <testcase classname="ptolemy.util.test.junit.AutoTests" name="[2] /home/travis/build/icyphy/ptII/ptolemy/domains/hdf/kernel/test/auto/DifferentRefinedRates2.xml (RunModel)" time="0.107" />
  <testcase classname="ptolemy.util.test.junit.AutoTests" name="[3] /home/travis/build/icyphy/ptII/ptolemy/domains/hdf/kernel/test/auto/DifferentRefinedRates3.xml (RunModel)" time="0.106" />
  <testcase classname="ptolemy.util.test.junit.AutoTests" name="[4] /home/travis/build/icyphy/ptII/ptolemy/domains/hdf/kernel/test/auto/DifferentRefinedRates4.xml (RunModel)" time="0.235" />
  <testcase classname="ptolemy.util.test.junit.AutoTests" name="[5] /home/travis/build/icyphy/ptII/ptolemy/domains/hdf/kernel/test/auto/DifferentRefinedRates5.xml (RunModel)" time="0.199" />
  <testcase classname="ptolemy.util.test.junit.AutoTests" name="[6] /home/travis/build/icyphy/ptII/ptolemy/domains/hdf/kernel/test/auto/DifferentRefinedRates6.xml (RunModel)" time="0.136" />
  <testcase classname="ptolemy.util.test.junit.AutoTests" name="[7] /home/travis/build/icyphy/ptII/ptolemy/domains/hdf/kernel/test/auto/DownSample_PowerOfTwo.xml (RunModel)" time="0.302" />
  <testcase classname="ptolemy.util.test.junit.AutoTests" name="[8] /home/travis/build/icyphy/ptII/ptolemy/domains/hdf/kernel/test/auto/FibonacciWithNullInitial.xml (RunModel)" time="0.225" />
  <testcase classname="ptolemy.util.test.junit.AutoTests" name="[9] /home/travis/build/icyphy/ptII/ptolemy/domains/hdf/kernel/test/auto/FibonacciWithNullInitial1.xml (RunModel)" time="0.208" />
  <testcase classname="ptolemy.util.test.junit.AutoTests" name="[10] /home/travis/build/icyphy/ptII/ptolemy/domains/hdf/kernel/test/auto/FibonacciWithTransientStates.xml (RunModel)" time="0.251" />
  <testcase classname="ptolemy.util.test.junit.AutoTests" name="[11] /home/travis/build/icyphy/ptII/ptolemy/domains/hdf/kernel/test/auto/FibonacciWithTransientStates2.xml (RunModel)" time="0.14" />
  <testcase classname="ptolemy.util.test.junit.AutoTests" name="[12] /home/travis/build/icyphy/ptII/ptolemy/domains/hdf/kernel/test/auto/FibonacciWithoutHistoryInitial.xml (RunModel)" time="0.179" />
  <testcase classname="ptolemy.util.test.junit.AutoTests" name="[13] /home/travis/build/icyphy/ptII/ptolemy/domains/hdf/kernel/test/auto/GuardUsingPastTokens.xml (RunModel)" time="0.084" />
  <testcase classname="ptolemy.util.test.junit.AutoTests" name="[14] /home/travis/build/icyphy/ptII/ptolemy/domains/hdf/kernel/test/auto/GuardWithResets.xml (RunModel)" time="0.097" />
  <testcase classname="ptolemy.util.test.junit.AutoTests" name="[15] /home/travis/build/icyphy/ptII/ptolemy/domains/hdf/kernel/test/auto/Hierarchy_2Level_Test1.xml (RunModel)" time="0.089" />
  <testcase classname="ptolemy.util.test.junit.AutoTests" name="[16] /home/travis/build/icyphy/ptII/ptolemy/domains/hdf/kernel/test/auto/Hierarchy_2Level_Test2.xml (RunModel)" time="0.094" />
  <testcase classname="ptolemy.util.test.junit.AutoTests" name="[17] /home/travis/build/icyphy/ptII/ptolemy/domains/hdf/kernel/test/auto/Hysteresis.xml (RunModel)" time="0.061" />
  <testcase classname="ptolemy.util.test.junit.AutoTests" name="[18] /home/travis/build/icyphy/ptII/ptolemy/domains/hdf/kernel/test/auto/InitTransient.xml (RunModel)" time="0.129" />
  <testcase classname="ptolemy.util.test.junit.AutoTests" name="[19] /home/travis/build/icyphy/ptII/ptolemy/domains/hdf/kernel/test/auto/Merge.xml (RunModel)" time="0.089" />
  <testcase classname="ptolemy.util.test.junit.AutoTests" name="[20] /home/travis/build/icyphy/ptII/ptolemy/domains/hdf/kernel/test/auto/ModalModelBooleanSwitch.xml (RunModel)" time="0.135" />
  <testcase classname="ptolemy.util.test.junit.AutoTests" name="[21] /home/travis/build/icyphy/ptII/ptolemy/domains/hdf/kernel/test/auto/SameRates.xml (RunModel)" time="0.061" />
  <testcase classname="ptolemy.util.test.junit.AutoTests" name="[22] /home/travis/build/icyphy/ptII/ptolemy/domains/hdf/kernel/test/auto/SameRefinedRates.xml (RunModel)" time="0.061" />
  <testcase classname="ptolemy.util.test.junit.AutoTests" name="[23] /home/travis/build/icyphy/ptII/ptolemy/domains/hdf/kernel/test/auto/SameRefinedRates2.xml (RunModel)" time="0.07" />
  <testcase classname="ptolemy.util.test.junit.AutoTests" name="[24] /home/travis/build/icyphy/ptII/ptolemy/domains/hdf/kernel/test/auto/TransientStates.xml (RunModel)" time="0.085" />
  <testcase classname="ptolemy.util.test.junit.AutoTests" name="[25] /home/travis/build/icyphy/ptII/ptolemy/domains/hdf/kernel/test/auto/TwoHammingCodec.xml (RunModel)" time="0.09" />
  <testcase classname="ptolemy.util.test.junit.AutoTests" name="[26] /home/travis/build/icyphy/ptII/ptolemy/domains/hdf/kernel/test/auto/TwoHammingCodec1.xml (RunModel)" time="0.109" />
  <testcase classname="ptolemy.util.test.junit.AutoTests" name="[27] /home/travis/build/icyphy/ptII/ptolemy/domains/hdf/kernel/test/auto/TwoLevelHierarchy.xml (RunModel)" time="0.182" />
  <testcase classname="ptolemy.util.test.junit.AutoTests" name="[28] /home/travis/build/icyphy/ptII/ptolemy/domains/hdf/kernel/test/auto/TwoLevelHierarchy1.xml (RunModel)" time="0.196" />
  <testcase classname="ptolemy.util.test.junit.AutoTests" name="[29] /home/travis/build/icyphy/ptII/ptolemy/domains/hdf/kernel/test/auto/TwoLevelHierarchy2.xml (RunModel)" time="0.145" />
  <testcase classname="ptolemy.util.test.junit.AutoTests" name="[30] /home/travis/build/icyphy/ptII/ptolemy/domains/hdf/kernel/test/auto/TwoLevelHierarchyNullStates.xml (RunModel)" time="0.175" />
  <testcase classname="ptolemy.util.test.junit.AutoTests" name="[31] /home/travis/build/icyphy/ptII/ptolemy/domains/hdf/kernel/test/auto/TwoLevelHierarchyWithResets.xml (RunModel)" time="0.19" />
  <testcase classname="ptolemy.util.test.junit.AutoTests" name="[32] /home/travis/build/icyphy/ptII/ptolemy/domains/hdf/kernel/test/auto/TwoLevelHierarchyWithResetsNullStates.xml (RunModel)" time="0.19" />
  <testcase classname="ptolemy.util.test.junit.AutoTests" name="[33] /home/travis/build/icyphy/ptII/ptolemy/domains/hdf/kernel/test/auto/WaterTank_HDF.xml (RunModel)" time="0.16" />
  <testcase classname="ptolemy.util.test.junit.AutoTests" name="[34] /home/travis/build/icyphy/ptII/ptolemy/domains/hdf/kernel/test/auto/WaterTank_HDF2.xml (RunModel)" time="0.151" />
  <testcase classname="ptolemy.util.test.junit.AutoTests" name="[35] /home/travis/build/icyphy/ptII/ptolemy/domains/hdf/kernel/test/auto/badFSMRateChanges.xml (RunModel)" time="0.044" />
  <system-out><![CDATA[/home/travis/build/icyphy/ptII/ptolemy/domains/hdf/kernel/test/RateErrorChecking.tcl
testDefs.tcl: setting time out to 9000 seconds at Tue May 28 04:29:23 UTC 2019


==== $PTII/ptolemy/domains/hdf/kernel/test/RateErrorChecking.tcl: RateErrorChecking-1.0 
==== Contents of test case:

    catch {createAndExecute "badFSMRateChanges.xml"} foo
    list $foo

==== Result was:
{java.io.FileNotFoundException: /home/travis/build/icyphy/ptII/ptolemy/domains/hdf/kernel/test/badFSMRateChanges.xml (No such file or directory)}
---- KNOWN Failure, Result should have been:
{ptolemy.kernel.util.IllegalActionException: Failed to compute schedule:
  in .badFSMRateChanges.SDF Director
Because:
The SDF rate parameter may change. This is not allowed in SDF models that will be run through the code generator.  If you don't care about code generation, then you might consider setting the allowRateChanges parameter of the SDF director to false.
    in .badFSMRateChanges.typed composite actor.output.tokenProductionRate}
---- RateErrorChecking-1.0 Failed, but this is a KNOWN failure
05/28/19 04:29:23
Failed: 0  Total Tests: 1  ((Passed: 0, Newly Passed: 0)  Known Failed: 1) /home/travis/build/icyphy/ptII/ptolemy/domains/hdf/kernel/test
----------------- testing (KnownFailure) /home/travis/build/icyphy/ptII/ptolemy/domains/hdf/kernel/test/auto/knownFailedTests/badFSMRateChanges.xml
92 ms. Memory: 116224K Free: 97600K (84%)
No auto/linux-amd64/*.xml tests in /home/travis/build/icyphy/ptII/ptolemy/domains/hdf/kernel/test
AutoTests.java: About to close Vertx.
AutoTests.java: Vertx closed.

===========================================================================================
----------------- testing Tue May 28 04:29:24 UTC 2019 /home/travis/build/icyphy/ptII/ptolemy/domains/hdf/kernel/test/auto/ConstVariableRateTest.xml
----------------- Instantiating /home/travis/build/icyphy/ptII/ptolemy/domains/hdf/kernel/test/auto/ConstVariableRateTest.xml
35 ms. Memory: 146944K Free: 119641K (81%)
----------------- Invoking toplevel() on ptolemy.moml.MoMLSimpleApplication@21b5f906
----------------- Done invoking toplevel() on ptolemy.moml.MoMLSimpleApplication@21b5f906
reloadAllAccessors: .ConstVariableRateTest

===========================================================================================
----------------- testing Tue May 28 04:29:24 UTC 2019 /home/travis/build/icyphy/ptII/ptolemy/domains/hdf/kernel/test/auto/DifferentRefinedRates.xml
----------------- Instantiating /home/travis/build/icyphy/ptII/ptolemy/domains/hdf/kernel/test/auto/DifferentRefinedRates.xml
37 ms. Memory: 146944K Free: 104389K (71%)
----------------- Invoking toplevel() on ptolemy.moml.MoMLSimpleApplication@41b11257
----------------- Done invoking toplevel() on ptolemy.moml.MoMLSimpleApplication@41b11257
reloadAllAccessors: .DifferentRefinedRates

===========================================================================================
----------------- testing Tue May 28 04:29:24 UTC 2019 /home/travis/build/icyphy/ptII/ptolemy/domains/hdf/kernel/test/auto/DifferentRefinedRates2.xml
----------------- Instantiating /home/travis/build/icyphy/ptII/ptolemy/domains/hdf/kernel/test/auto/DifferentRefinedRates2.xml
34 ms. Memory: 146944K Free: 89096K (61%)
----------------- Invoking toplevel() on ptolemy.moml.MoMLSimpleApplication@12fb0d90
----------------- Done invoking toplevel() on ptolemy.moml.MoMLSimpleApplication@12fb0d90
reloadAllAccessors: .DifferentRefinedRates2

===========================================================================================
----------------- testing Tue May 28 04:29:24 UTC 2019 /home/travis/build/icyphy/ptII/ptolemy/domains/hdf/kernel/test/auto/DifferentRefinedRates3.xml
----------------- Instantiating /home/travis/build/icyphy/ptII/ptolemy/domains/hdf/kernel/test/auto/DifferentRefinedRates3.xml
55 ms. Memory: 146944K Free: 138763K (94%)
----------------- Invoking toplevel() on ptolemy.moml.MoMLSimpleApplication@6a4eecb9
----------------- Done invoking toplevel() on ptolemy.moml.MoMLSimpleApplication@6a4eecb9
reloadAllAccessors: .DifferentRefinedRates3

===========================================================================================
----------------- testing Tue May 28 04:29:25 UTC 2019 /home/travis/build/icyphy/ptII/ptolemy/domains/hdf/kernel/test/auto/DifferentRefinedRates4.xml
----------------- Instantiating /home/travis/build/icyphy/ptII/ptolemy/domains/hdf/kernel/test/auto/DifferentRefinedRates4.xml
88 ms. Memory: 146944K Free: 120529K (82%)
----------------- Invoking toplevel() on ptolemy.moml.MoMLSimpleApplication@64e4d1fa
----------------- Done invoking toplevel() on ptolemy.moml.MoMLSimpleApplication@64e4d1fa
reloadAllAccessors: .NewHDFtest1

===========================================================================================
----------------- testing Tue May 28 04:29:25 UTC 2019 /home/travis/build/icyphy/ptII/ptolemy/domains/hdf/kernel/test/auto/DifferentRefinedRates5.xml
----------------- Instantiating /home/travis/build/icyphy/ptII/ptolemy/domains/hdf/kernel/test/auto/DifferentRefinedRates5.xml
80 ms. Memory: 146944K Free: 103628K (71%)
----------------- Invoking toplevel() on ptolemy.moml.MoMLSimpleApplication@31cf7471
----------------- Done invoking toplevel() on ptolemy.moml.MoMLSimpleApplication@31cf7471
reloadAllAccessors: .NewHDFtest2

===========================================================================================
----------------- testing Tue May 28 04:29:25 UTC 2019 /home/travis/build/icyphy/ptII/ptolemy/domains/hdf/kernel/test/auto/DifferentRefinedRates6.xml
----------------- Instantiating /home/travis/build/icyphy/ptII/ptolemy/domains/hdf/kernel/test/auto/DifferentRefinedRates6.xml
68 ms. Memory: 146944K Free: 88932K (61%)
----------------- Invoking toplevel() on ptolemy.moml.MoMLSimpleApplication@692e858a
----------------- Done invoking toplevel() on ptolemy.moml.MoMLSimpleApplication@692e858a
reloadAllAccessors: .DifferentRefinedRates6

===========================================================================================
----------------- testing Tue May 28 04:29:25 UTC 2019 /home/travis/build/icyphy/ptII/ptolemy/domains/hdf/kernel/test/auto/DownSample_PowerOfTwo.xml
----------------- Instantiating /home/travis/build/icyphy/ptII/ptolemy/domains/hdf/kernel/test/auto/DownSample_PowerOfTwo.xml
240 ms. Memory: 208384K Free: 185488K (89%)
----------------- Invoking toplevel() on ptolemy.moml.MoMLSimpleApplication@5cb0bebe
----------------- Done invoking toplevel() on ptolemy.moml.MoMLSimpleApplication@5cb0bebe
reloadAllAccessors: .SDFDownSample

===========================================================================================
----------------- testing Tue May 28 04:29:25 UTC 2019 /home/travis/build/icyphy/ptII/ptolemy/domains/hdf/kernel/test/auto/FibonacciWithNullInitial.xml
----------------- Instantiating /home/travis/build/icyphy/ptII/ptolemy/domains/hdf/kernel/test/auto/FibonacciWithNullInitial.xml
159 ms. Memory: 208384K Free: 158915K (76%)
----------------- Invoking toplevel() on ptolemy.moml.MoMLSimpleApplication@32a8ab64
----------------- Done invoking toplevel() on ptolemy.moml.MoMLSimpleApplication@32a8ab64
reloadAllAccessors: .FibonacciWithNullInitial

===========================================================================================
----------------- testing Tue May 28 04:29:26 UTC 2019 /home/travis/build/icyphy/ptII/ptolemy/domains/hdf/kernel/test/auto/FibonacciWithNullInitial1.xml
----------------- Instantiating /home/travis/build/icyphy/ptII/ptolemy/domains/hdf/kernel/test/auto/FibonacciWithNullInitial1.xml
153 ms. Memory: 208384K Free: 133563K (64%)
----------------- Invoking toplevel() on ptolemy.moml.MoMLSimpleApplication@65a954
----------------- Done invoking toplevel() on ptolemy.moml.MoMLSimpleApplication@65a954
reloadAllAccessors: .FibonacciWithNullInitial1

===========================================================================================
----------------- testing Tue May 28 04:29:26 UTC 2019 /home/travis/build/icyphy/ptII/ptolemy/domains/hdf/kernel/test/auto/FibonacciWithTransientStates.xml
----------------- Instantiating /home/travis/build/icyphy/ptII/ptolemy/domains/hdf/kernel/test/auto/FibonacciWithTransientStates.xml
174 ms. Memory: 208384K Free: 103924K (50%)
----------------- Invoking toplevel() on ptolemy.moml.MoMLSimpleApplication@430f800b
----------------- Done invoking toplevel() on ptolemy.moml.MoMLSimpleApplication@430f800b
reloadAllAccessors: .FibonacciWithTransientStates

===========================================================================================
----------------- testing Tue May 28 04:29:26 UTC 2019 /home/travis/build/icyphy/ptII/ptolemy/domains/hdf/kernel/test/auto/FibonacciWithTransientStates2.xml
----------------- Instantiating /home/travis/build/icyphy/ptII/ptolemy/domains/hdf/kernel/test/auto/FibonacciWithTransientStates2.xml
75 ms. Memory: 208384K Free: 202801K (97%)
----------------- Invoking toplevel() on ptolemy.moml.MoMLSimpleApplication@e98435c
----------------- Done invoking toplevel() on ptolemy.moml.MoMLSimpleApplication@e98435c
reloadAllAccessors: .FibonacciWithTransientStates2

===========================================================================================
----------------- testing Tue May 28 04:29:26 UTC 2019 /home/travis/build/icyphy/ptII/ptolemy/domains/hdf/kernel/test/auto/FibonacciWithoutHistoryInitial.xml
----------------- Instantiating /home/travis/build/icyphy/ptII/ptolemy/domains/hdf/kernel/test/auto/FibonacciWithoutHistoryInitial.xml
140 ms. Memory: 208384K Free: 178897K (86%)
----------------- Invoking toplevel() on ptolemy.moml.MoMLSimpleApplication@47fd12d6
----------------- Done invoking toplevel() on ptolemy.moml.MoMLSimpleApplication@47fd12d6
reloadAllAccessors: .FibonacciWithoutHistoryInitial

===========================================================================================
----------------- testing Tue May 28 04:29:26 UTC 2019 /home/travis/build/icyphy/ptII/ptolemy/domains/hdf/kernel/test/auto/GuardUsingPastTokens.xml
----------------- Instantiating /home/travis/build/icyphy/ptII/ptolemy/domains/hdf/kernel/test/auto/GuardUsingPastTokens.xml
38 ms. Memory: 208384K Free: 162666K (78%)
----------------- Invoking toplevel() on ptolemy.moml.MoMLSimpleApplication@63d51745
----------------- Done invoking toplevel() on ptolemy.moml.MoMLSimpleApplication@63d51745
reloadAllAccessors: .GuardUsingPastTokens

===========================================================================================
----------------- testing Tue May 28 04:29:27 UTC 2019 /home/travis/build/icyphy/ptII/ptolemy/domains/hdf/kernel/test/auto/GuardWithResets.xml
----------------- Instantiating /home/travis/build/icyphy/ptII/ptolemy/domains/hdf/kernel/test/auto/GuardWithResets.xml
39 ms. Memory: 208384K Free: 142998K (69%)
----------------- Invoking toplevel() on ptolemy.moml.MoMLSimpleApplication@1c5641c9
----------------- Done invoking toplevel() on ptolemy.moml.MoMLSimpleApplication@1c5641c9
reloadAllAccessors: .GuardWithResets

===========================================================================================
----------------- testing Tue May 28 04:29:27 UTC 2019 /home/travis/build/icyphy/ptII/ptolemy/domains/hdf/kernel/test/auto/Hierarchy_2Level_Test1.xml
----------------- Instantiating /home/travis/build/icyphy/ptII/ptolemy/domains/hdf/kernel/test/auto/Hierarchy_2Level_Test1.xml
33 ms. Memory: 208384K Free: 123743K (59%)
----------------- Invoking toplevel() on ptolemy.moml.MoMLSimpleApplication@61d99619
----------------- Done invoking toplevel() on ptolemy.moml.MoMLSimpleApplication@61d99619
reloadAllAccessors: .Hierarchy_2Level_Test1

===========================================================================================
----------------- testing Tue May 28 04:29:27 UTC 2019 /home/travis/build/icyphy/ptII/ptolemy/domains/hdf/kernel/test/auto/Hierarchy_2Level_Test2.xml
----------------- Instantiating /home/travis/build/icyphy/ptII/ptolemy/domains/hdf/kernel/test/auto/Hierarchy_2Level_Test2.xml
37 ms. Memory: 208384K Free: 103963K (50%)
----------------- Invoking toplevel() on ptolemy.moml.MoMLSimpleApplication@f0d6ce3
----------------- Done invoking toplevel() on ptolemy.moml.MoMLSimpleApplication@f0d6ce3
reloadAllAccessors: .Hierarchy_4Level_Test2

===========================================================================================
----------------- testing Tue May 28 04:29:27 UTC 2019 /home/travis/build/icyphy/ptII/ptolemy/domains/hdf/kernel/test/auto/Hysteresis.xml
----------------- Instantiating /home/travis/build/icyphy/ptII/ptolemy/domains/hdf/kernel/test/auto/Hysteresis.xml
21 ms. Memory: 208384K Free: 92176K (44%)
----------------- Invoking toplevel() on ptolemy.moml.MoMLSimpleApplication@692d71d9
----------------- Done invoking toplevel() on ptolemy.moml.MoMLSimpleApplication@692d71d9
reloadAllAccessors: .Hysteresis

===========================================================================================
----------------- testing Tue May 28 04:29:27 UTC 2019 /home/travis/build/icyphy/ptII/ptolemy/domains/hdf/kernel/test/auto/InitTransient.xml
----------------- Instantiating /home/travis/build/icyphy/ptII/ptolemy/domains/hdf/kernel/test/auto/InitTransient.xml
41 ms. Memory: 331776K Free: 315965K (95%)
----------------- Invoking toplevel() on ptolemy.moml.MoMLSimpleApplication@3f0dd208
----------------- Done invoking toplevel() on ptolemy.moml.MoMLSimpleApplication@3f0dd208
reloadAllAccessors: .InitTransient

===========================================================================================
----------------- testing Tue May 28 04:29:27 UTC 2019 /home/travis/build/icyphy/ptII/ptolemy/domains/hdf/kernel/test/auto/Merge.xml
----------------- Instantiating /home/travis/build/icyphy/ptII/ptolemy/domains/hdf/kernel/test/auto/Merge.xml
33 ms. Memory: 331776K Free: 295620K (89%)
----------------- Invoking toplevel() on ptolemy.moml.MoMLSimpleApplication@ca07bab
----------------- Done invoking toplevel() on ptolemy.moml.MoMLSimpleApplication@ca07bab
reloadAllAccessors: .Merge

===========================================================================================
----------------- testing Tue May 28 04:29:27 UTC 2019 /home/travis/build/icyphy/ptII/ptolemy/domains/hdf/kernel/test/auto/ModalModelBooleanSwitch.xml
----------------- Instantiating /home/travis/build/icyphy/ptII/ptolemy/domains/hdf/kernel/test/auto/ModalModelBooleanSwitch.xml
42 ms. Memory: 331776K Free: 273500K (82%)
----------------- Invoking toplevel() on ptolemy.moml.MoMLSimpleApplication@73a13479
----------------- Done invoking toplevel() on ptolemy.moml.MoMLSimpleApplication@73a13479
reloadAllAccessors: .BooleanSwitchWithModel

===========================================================================================
----------------- testing Tue May 28 04:29:27 UTC 2019 /home/travis/build/icyphy/ptII/ptolemy/domains/hdf/kernel/test/auto/SameRates.xml
----------------- Instantiating /home/travis/build/icyphy/ptII/ptolemy/domains/hdf/kernel/test/auto/SameRates.xml
18 ms. Memory: 331776K Free: 258754K (78%)
----------------- Invoking toplevel() on ptolemy.moml.MoMLSimpleApplication@55e82f79
----------------- Done invoking toplevel() on ptolemy.moml.MoMLSimpleApplication@55e82f79
reloadAllAccessors: .SameRates

===========================================================================================
----------------- testing Tue May 28 04:29:27 UTC 2019 /home/travis/build/icyphy/ptII/ptolemy/domains/hdf/kernel/test/auto/SameRefinedRates.xml
----------------- Instantiating /home/travis/build/icyphy/ptII/ptolemy/domains/hdf/kernel/test/auto/SameRefinedRates.xml
22 ms. Memory: 331776K Free: 243325K (73%)
----------------- Invoking toplevel() on ptolemy.moml.MoMLSimpleApplication@5d482e35
----------------- Done invoking toplevel() on ptolemy.moml.MoMLSimpleApplication@5d482e35
reloadAllAccessors: .SameRefinedRates

===========================================================================================
----------------- testing Tue May 28 04:29:27 UTC 2019 /home/travis/build/icyphy/ptII/ptolemy/domains/hdf/kernel/test/auto/SameRefinedRates2.xml
----------------- Instantiating /home/travis/build/icyphy/ptII/ptolemy/domains/hdf/kernel/test/auto/SameRefinedRates2.xml
28 ms. Memory: 331776K Free: 227342K (69%)
----------------- Invoking toplevel() on ptolemy.moml.MoMLSimpleApplication@39fece95
----------------- Done invoking toplevel() on ptolemy.moml.MoMLSimpleApplication@39fece95
reloadAllAccessors: .SameRefinedRates2

===========================================================================================
----------------- testing Tue May 28 04:29:27 UTC 2019 /home/travis/build/icyphy/ptII/ptolemy/domains/hdf/kernel/test/auto/TransientStates.xml
----------------- Instantiating /home/travis/build/icyphy/ptII/ptolemy/domains/hdf/kernel/test/auto/TransientStates.xml
27 ms. Memory: 331776K Free: 205215K (62%)
----------------- Invoking toplevel() on ptolemy.moml.MoMLSimpleApplication@732f8a38
----------------- Done invoking toplevel() on ptolemy.moml.MoMLSimpleApplication@732f8a38
reloadAllAccessors: .TransientStates

===========================================================================================
----------------- testing Tue May 28 04:29:28 UTC 2019 /home/travis/build/icyphy/ptII/ptolemy/domains/hdf/kernel/test/auto/TwoHammingCodec.xml
----------------- Instantiating /home/travis/build/icyphy/ptII/ptolemy/domains/hdf/kernel/test/auto/TwoHammingCodec.xml
33 ms. Memory: 331776K Free: 182412K (55%)
----------------- Invoking toplevel() on ptolemy.moml.MoMLSimpleApplication@309580b2
----------------- Done invoking toplevel() on ptolemy.moml.MoMLSimpleApplication@309580b2
reloadAllAccessors: .TwoHammingCodec

===========================================================================================
----------------- testing Tue May 28 04:29:28 UTC 2019 /home/travis/build/icyphy/ptII/ptolemy/domains/hdf/kernel/test/auto/TwoHammingCodec1.xml
----------------- Instantiating /home/travis/build/icyphy/ptII/ptolemy/domains/hdf/kernel/test/auto/TwoHammingCodec1.xml
55 ms. Memory: 331776K Free: 156591K (47%)
----------------- Invoking toplevel() on ptolemy.moml.MoMLSimpleApplication@48273211
----------------- Done invoking toplevel() on ptolemy.moml.MoMLSimpleApplication@48273211
reloadAllAccessors: .twoHammingCodec1

===========================================================================================
----------------- testing Tue May 28 04:29:28 UTC 2019 /home/travis/build/icyphy/ptII/ptolemy/domains/hdf/kernel/test/auto/TwoLevelHierarchy.xml
----------------- Instantiating /home/travis/build/icyphy/ptII/ptolemy/domains/hdf/kernel/test/auto/TwoLevelHierarchy.xml
55 ms. Memory: 331776K Free: 109116K (33%)
----------------- Invoking toplevel() on ptolemy.moml.MoMLSimpleApplication@46bead94
----------------- Done invoking toplevel() on ptolemy.moml.MoMLSimpleApplication@46bead94
reloadAllAccessors: .TwoLevelHierarchy

===========================================================================================
----------------- testing Tue May 28 04:29:28 UTC 2019 /home/travis/build/icyphy/ptII/ptolemy/domains/hdf/kernel/test/auto/TwoLevelHierarchy1.xml
----------------- Instantiating /home/travis/build/icyphy/ptII/ptolemy/domains/hdf/kernel/test/auto/TwoLevelHierarchy1.xml
56 ms. Memory: 331776K Free: 306630K (92%)
----------------- Invoking toplevel() on ptolemy.moml.MoMLSimpleApplication@5d7db97d
----------------- Done invoking toplevel() on ptolemy.moml.MoMLSimpleApplication@5d7db97d
reloadAllAccessors: .TwoLevelHierarchy1

===========================================================================================
----------------- testing Tue May 28 04:29:28 UTC 2019 /home/travis/build/icyphy/ptII/ptolemy/domains/hdf/kernel/test/auto/TwoLevelHierarchy2.xml
----------------- Instantiating /home/travis/build/icyphy/ptII/ptolemy/domains/hdf/kernel/test/auto/TwoLevelHierarchy2.xml
50 ms. Memory: 331776K Free: 266837K (80%)
----------------- Invoking toplevel() on ptolemy.moml.MoMLSimpleApplication@c043c12
----------------- Done invoking toplevel() on ptolemy.moml.MoMLSimpleApplication@c043c12
reloadAllAccessors: .TwoLevelHierarchy2

===========================================================================================
----------------- testing Tue May 28 04:29:28 UTC 2019 /home/travis/build/icyphy/ptII/ptolemy/domains/hdf/kernel/test/auto/TwoLevelHierarchyNullStates.xml
----------------- Instantiating /home/travis/build/icyphy/ptII/ptolemy/domains/hdf/kernel/test/auto/TwoLevelHierarchyNullStates.xml
59 ms. Memory: 331776K Free: 212310K (64%)
----------------- Invoking toplevel() on ptolemy.moml.MoMLSimpleApplication@194cf355
----------------- Done invoking toplevel() on ptolemy.moml.MoMLSimpleApplication@194cf355
reloadAllAccessors: .TwoLevelHierarchyNullStates

===========================================================================================
----------------- testing Tue May 28 04:29:28 UTC 2019 /home/travis/build/icyphy/ptII/ptolemy/domains/hdf/kernel/test/auto/TwoLevelHierarchyWithResets.xml
----------------- Instantiating /home/travis/build/icyphy/ptII/ptolemy/domains/hdf/kernel/test/auto/TwoLevelHierarchyWithResets.xml
89 ms. Memory: 331776K Free: 161487K (49%)
----------------- Invoking toplevel() on ptolemy.moml.MoMLSimpleApplication@139df3e5
----------------- Done invoking toplevel() on ptolemy.moml.MoMLSimpleApplication@139df3e5
reloadAllAccessors: .TwoLevelHierarchy1

===========================================================================================
----------------- testing Tue May 28 04:29:29 UTC 2019 /home/travis/build/icyphy/ptII/ptolemy/domains/hdf/kernel/test/auto/TwoLevelHierarchyWithResetsNullStates.xml
----------------- Instantiating /home/travis/build/icyphy/ptII/ptolemy/domains/hdf/kernel/test/auto/TwoLevelHierarchyWithResetsNullStates.xml
82 ms. Memory: 331776K Free: 95491K (29%)
----------------- Invoking toplevel() on ptolemy.moml.MoMLSimpleApplication@2903713f
----------------- Done invoking toplevel() on ptolemy.moml.MoMLSimpleApplication@2903713f
reloadAllAccessors: .TwoLevelHierarchyWithResetsNullStates

===========================================================================================
----------------- testing Tue May 28 04:29:29 UTC 2019 /home/travis/build/icyphy/ptII/ptolemy/domains/hdf/kernel/test/auto/WaterTank_HDF.xml
----------------- Instantiating /home/travis/build/icyphy/ptII/ptolemy/domains/hdf/kernel/test/auto/WaterTank_HDF.xml
68 ms. Memory: 577536K Free: 551686K (96%)
----------------- Invoking toplevel() on ptolemy.moml.MoMLSimpleApplication@1554a1df
----------------- Done invoking toplevel() on ptolemy.moml.MoMLSimpleApplication@1554a1df
reloadAllAccessors: .WaterTank_HDF

===========================================================================================
----------------- testing Tue May 28 04:29:29 UTC 2019 /home/travis/build/icyphy/ptII/ptolemy/domains/hdf/kernel/test/auto/WaterTank_HDF2.xml
----------------- Instantiating /home/travis/build/icyphy/ptII/ptolemy/domains/hdf/kernel/test/auto/WaterTank_HDF2.xml
57 ms. Memory: 577536K Free: 511793K (89%)
----------------- Invoking toplevel() on ptolemy.moml.MoMLSimpleApplication@3980299
----------------- Done invoking toplevel() on ptolemy.moml.MoMLSimpleApplication@3980299
reloadAllAccessors: .WaterTank_HDF2

===========================================================================================
----------------- testing Tue May 28 04:29:29 UTC 2019 /home/travis/build/icyphy/ptII/ptolemy/domains/hdf/kernel/test/auto/badFSMRateChanges.xml
----------------- Instantiating /home/travis/build/icyphy/ptII/ptolemy/domains/hdf/kernel/test/auto/badFSMRateChanges.xml
15 ms. Memory: 577536K Free: 492153K (85%)
----------------- Invoking toplevel() on ptolemy.moml.MoMLSimpleApplication@6c5e7eec
----------------- Done invoking toplevel() on ptolemy.moml.MoMLSimpleApplication@6c5e7eec
reloadAllAccessors: .badFSMRateChanges
AutoTests.java: About to close Vertx.
AutoTests.java: Vertx closed.
]]></system-out>
  <system-err><![CDATA[]]></system-err>
</testsuite>
