<?xml version="1.0" encoding="UTF-8" ?>
<testsuite errors="0" failures="0" hostname="travis-job-c6caa71c-58cc-4a67-b387-238c878b35a5" name="ptolemy.domains.modal.test.junit.JUnitTclTest" skipped="0" tests="148" time="9.854" timestamp="2019-02-05T03:30:07">
  <properties>
[...]
</properties>
  <testcase classname="ptolemy.util.test.junit.TclTests" name="[0] /home/travis/build/icyphy/ptII/ptolemy/domains/modal/test/SystemLevelType.tcl (RunTclFile)" time="1.687" />
  <testcase classname="ptolemy.util.test.junit.AutoKnownFailedTests" name="[0] /home/travis/build/icyphy/ptII/ptolemy/domains/modal/test/auto/knownFailedTests/CannotAnalysisWithPreemption.xml (RunModel)" time="0.217" />
  <testcase classname="ptolemy.util.test.junit.AutoNameArchTests" name="[0] ThereAreNoAutoArchTests (RunModel)" time="0.007" />
  <testcase classname="ptolemy.util.test.junit.AutoTests" name="[0] /home/travis/build/icyphy/ptII/ptolemy/domains/modal/test/auto/ABPTest.xml (RunModel)" time="0.755" />
  <testcase classname="ptolemy.util.test.junit.AutoTests" name="[1] /home/travis/build/icyphy/ptII/ptolemy/domains/modal/test/auto/ABROFlat.xml (RunModel)" time="0.074" />
  <testcase classname="ptolemy.util.test.junit.AutoTests" name="[2] /home/travis/build/icyphy/ptII/ptolemy/domains/modal/test/auto/ABROFlat2.xml (RunModel)" time="0.07" />
  <testcase classname="ptolemy.util.test.junit.AutoTests" name="[3] /home/travis/build/icyphy/ptII/ptolemy/domains/modal/test/auto/ABRO_present_hmm.xml (RunModel)" time="0.156" />
  <testcase classname="ptolemy.util.test.junit.AutoTests" name="[4] /home/travis/build/icyphy/ptII/ptolemy/domains/modal/test/auto/AMICoderExample.xml (RunModel)" time="0.057" />
  <testcase classname="ptolemy.util.test.junit.AutoTests" name="[5] /home/travis/build/icyphy/ptII/ptolemy/domains/modal/test/auto/AbsentToPresent.xml (RunModel)" time="0.018" />
  <testcase classname="ptolemy.util.test.junit.AutoTests" name="[6] /home/travis/build/icyphy/ptII/ptolemy/domains/modal/test/auto/Blending.xml (RunModel)" time="0.256" />
  <testcase classname="ptolemy.util.test.junit.AutoTests" name="[7] /home/travis/build/icyphy/ptII/ptolemy/domains/modal/test/auto/Broadcast.xml (RunModel)" time="0.053" />
  <testcase classname="ptolemy.util.test.junit.AutoTests" name="[8] /home/travis/build/icyphy/ptII/ptolemy/domains/modal/test/auto/BroadcastHierarchy.xml (RunModel)" time="0.078" />
  <testcase classname="ptolemy.util.test.junit.AutoTests" name="[9] /home/travis/build/icyphy/ptII/ptolemy/domains/modal/test/auto/BroadcastHierarchy2.xml (RunModel)" time="0.14" />
  <testcase classname="ptolemy.util.test.junit.AutoTests" name="[10] /home/travis/build/icyphy/ptII/ptolemy/domains/modal/test/auto/BroadcastHierarchy3.xml (RunModel)" time="0.091" />
  <testcase classname="ptolemy.util.test.junit.AutoTests" name="[11] /home/travis/build/icyphy/ptII/ptolemy/domains/modal/test/auto/BroadcastHierarchy4.xml (RunModel)" time="0.119" />
  <testcase classname="ptolemy.util.test.junit.AutoTests" name="[12] /home/travis/build/icyphy/ptII/ptolemy/domains/modal/test/auto/CannotAnalysisWithPreemption2.xml (RunModel)" time="0.036" />
  <testcase classname="ptolemy.util.test.junit.AutoTests" name="[13] /home/travis/build/icyphy/ptII/ptolemy/domains/modal/test/auto/CannotAnalysisWithPreemption3.xml (RunModel)" time="0.045" />
  <testcase classname="ptolemy.util.test.junit.AutoTests" name="[14] /home/travis/build/icyphy/ptII/ptolemy/domains/modal/test/auto/CannotProduce.xml (RunModel)" time="0.035" />
  <testcase classname="ptolemy.util.test.junit.AutoTests" name="[15] /home/travis/build/icyphy/ptII/ptolemy/domains/modal/test/auto/CannotProduceModal.xml (RunModel)" time="0.04" />
  <testcase classname="ptolemy.util.test.junit.AutoTests" name="[16] /home/travis/build/icyphy/ptII/ptolemy/domains/modal/test/auto/Case.xml (RunModel)" time="0.07" />
  <testcase classname="ptolemy.util.test.junit.AutoTests" name="[17] /home/travis/build/icyphy/ptII/ptolemy/domains/modal/test/auto/Case1.xml (RunModel)" time="0.024" />
  <testcase classname="ptolemy.util.test.junit.AutoTests" name="[18] /home/travis/build/icyphy/ptII/ptolemy/domains/modal/test/auto/Case2.xml (RunModel)" time="0.042" />
  <testcase classname="ptolemy.util.test.junit.AutoTests" name="[19] /home/travis/build/icyphy/ptII/ptolemy/domains/modal/test/auto/CausalityInterface1.xml (RunModel)" time="0.025" />
  <testcase classname="ptolemy.util.test.junit.AutoTests" name="[20] /home/travis/build/icyphy/ptII/ptolemy/domains/modal/test/auto/CausalityInterface10.xml (RunModel)" time="0.052" />
  <testcase classname="ptolemy.util.test.junit.AutoTests" name="[21] /home/travis/build/icyphy/ptII/ptolemy/domains/modal/test/auto/CausalityInterface11.xml (RunModel)" time="0.059" />
  <testcase classname="ptolemy.util.test.junit.AutoTests" name="[22] /home/travis/build/icyphy/ptII/ptolemy/domains/modal/test/auto/CausalityInterface12.xml (RunModel)" time="0.051" />
  <testcase classname="ptolemy.util.test.junit.AutoTests" name="[23] /home/travis/build/icyphy/ptII/ptolemy/domains/modal/test/auto/CausalityInterface13.xml (RunModel)" time="0.056" />
  <testcase classname="ptolemy.util.test.junit.AutoTests" name="[24] /home/travis/build/icyphy/ptII/ptolemy/domains/modal/test/auto/CausalityInterface14.xml (RunModel)" time="0.054" />
  <testcase classname="ptolemy.util.test.junit.AutoTests" name="[25] /home/travis/build/icyphy/ptII/ptolemy/domains/modal/test/auto/CausalityInterface2.xml (RunModel)" time="0.032" />
  <testcase classname="ptolemy.util.test.junit.AutoTests" name="[26] /home/travis/build/icyphy/ptII/ptolemy/domains/modal/test/auto/CausalityInterface3.xml (RunModel)" time="0.023" />
  <testcase classname="ptolemy.util.test.junit.AutoTests" name="[27] /home/travis/build/icyphy/ptII/ptolemy/domains/modal/test/auto/CausalityInterface4.xml (RunModel)" time="0.024" />
  <testcase classname="ptolemy.util.test.junit.AutoTests" name="[28] /home/travis/build/icyphy/ptII/ptolemy/domains/modal/test/auto/CausalityInterface5.xml (RunModel)" time="0.028" />
  <testcase classname="ptolemy.util.test.junit.AutoTests" name="[29] /home/travis/build/icyphy/ptII/ptolemy/domains/modal/test/auto/CausalityInterface6.xml (RunModel)" time="0.038" />
  <testcase classname="ptolemy.util.test.junit.AutoTests" name="[30] /home/travis/build/icyphy/ptII/ptolemy/domains/modal/test/auto/CausalityInterface7.xml (RunModel)" time="0.058" />
  <testcase classname="ptolemy.util.test.junit.AutoTests" name="[31] /home/travis/build/icyphy/ptII/ptolemy/domains/modal/test/auto/CausalityInterface8.xml (RunModel)" time="0.033" />
  <testcase classname="ptolemy.util.test.junit.AutoTests" name="[32] /home/travis/build/icyphy/ptII/ptolemy/domains/modal/test/auto/CausalityInterface9.xml (RunModel)" time="0.029" />
  <testcase classname="ptolemy.util.test.junit.AutoTests" name="[33] /home/travis/build/icyphy/ptII/ptolemy/domains/modal/test/auto/ChainedTransitions.xml (RunModel)" time="0.148" />
  <testcase classname="ptolemy.util.test.junit.AutoTests" name="[34] /home/travis/build/icyphy/ptII/ptolemy/domains/modal/test/auto/CycleOfImmediateTransitionsFSM.xml (RunModel)" time="0.021" />
  <testcase classname="ptolemy.util.test.junit.AutoTests" name="[35] /home/travis/build/icyphy/ptII/ptolemy/domains/modal/test/auto/CycleOfImmediateTransitionsModal.xml (RunModel)" time="0.024" />
  <testcase classname="ptolemy.util.test.junit.AutoTests" name="[36] /home/travis/build/icyphy/ptII/ptolemy/domains/modal/test/auto/CycleOfImmediateTransitionsModal2.xml (RunModel)" time="0.025" />
  <testcase classname="ptolemy.util.test.junit.AutoTests" name="[37] /home/travis/build/icyphy/ptII/ptolemy/domains/modal/test/auto/CycleOfImmediateTransitionsModal3.xml (RunModel)" time="0.068" />
  <testcase classname="ptolemy.util.test.junit.AutoTests" name="[38] /home/travis/build/icyphy/ptII/ptolemy/domains/modal/test/auto/DeepModal1.xml (RunModel)" time="0.046" />
  <testcase classname="ptolemy.util.test.junit.AutoTests" name="[39] /home/travis/build/icyphy/ptII/ptolemy/domains/modal/test/auto/DeepModal2.xml (RunModel)" time="0.06" />
  <testcase classname="ptolemy.util.test.junit.AutoTests" name="[40] /home/travis/build/icyphy/ptII/ptolemy/domains/modal/test/auto/DeepModal3.xml (RunModel)" time="0.072" />
  <testcase classname="ptolemy.util.test.junit.AutoTests" name="[41] /home/travis/build/icyphy/ptII/ptolemy/domains/modal/test/auto/DeepModal4.xml (RunModel)" time="0.069" />
  <testcase classname="ptolemy.util.test.junit.AutoTests" name="[42] /home/travis/build/icyphy/ptII/ptolemy/domains/modal/test/auto/Default1.xml (RunModel)" time="0.024" />
  <testcase classname="ptolemy.util.test.junit.AutoTests" name="[43] /home/travis/build/icyphy/ptII/ptolemy/domains/modal/test/auto/Default2.xml (RunModel)" time="0.017" />
  <testcase classname="ptolemy.util.test.junit.AutoTests" name="[44] /home/travis/build/icyphy/ptII/ptolemy/domains/modal/test/auto/Default3.xml (RunModel)" time="0.018" />
  <testcase classname="ptolemy.util.test.junit.AutoTests" name="[45] /home/travis/build/icyphy/ptII/ptolemy/domains/modal/test/auto/Default4.xml (RunModel)" time="0.02" />
  <testcase classname="ptolemy.util.test.junit.AutoTests" name="[46] /home/travis/build/icyphy/ptII/ptolemy/domains/modal/test/auto/Default5.xml (RunModel)" time="0.027" />
  <testcase classname="ptolemy.util.test.junit.AutoTests" name="[47] /home/travis/build/icyphy/ptII/ptolemy/domains/modal/test/auto/EmptyGuard.xml (RunModel)" time="0.021" />
  <testcase classname="ptolemy.util.test.junit.AutoTests" name="[48] /home/travis/build/icyphy/ptII/ptolemy/domains/modal/test/auto/ErrorTransition1.xml (RunModel)" time="0.034" />
  <testcase classname="ptolemy.util.test.junit.AutoTests" name="[49] /home/travis/build/icyphy/ptII/ptolemy/domains/modal/test/auto/ErrorTransition10.xml (RunModel)" time="0.042" />
  <testcase classname="ptolemy.util.test.junit.AutoTests" name="[50] /home/travis/build/icyphy/ptII/ptolemy/domains/modal/test/auto/ErrorTransition11.xml (RunModel)" time="0.03" />
  <testcase classname="ptolemy.util.test.junit.AutoTests" name="[51] /home/travis/build/icyphy/ptII/ptolemy/domains/modal/test/auto/ErrorTransition2.xml (RunModel)" time="0.023" />
  <testcase classname="ptolemy.util.test.junit.AutoTests" name="[52] /home/travis/build/icyphy/ptII/ptolemy/domains/modal/test/auto/ErrorTransition3.xml (RunModel)" time="0.024" />
  <testcase classname="ptolemy.util.test.junit.AutoTests" name="[53] /home/travis/build/icyphy/ptII/ptolemy/domains/modal/test/auto/ErrorTransition4.xml (RunModel)" time="0.032" />
  <testcase classname="ptolemy.util.test.junit.AutoTests" name="[54] /home/travis/build/icyphy/ptII/ptolemy/domains/modal/test/auto/ErrorTransition5.xml (RunModel)" time="0.032" />
  <testcase classname="ptolemy.util.test.junit.AutoTests" name="[55] /home/travis/build/icyphy/ptII/ptolemy/domains/modal/test/auto/ErrorTransition6.xml (RunModel)" time="0.031" />
  <testcase classname="ptolemy.util.test.junit.AutoTests" name="[56] /home/travis/build/icyphy/ptII/ptolemy/domains/modal/test/auto/ErrorTransition7.xml (RunModel)" time="0.04" />
  <testcase classname="ptolemy.util.test.junit.AutoTests" name="[57] /home/travis/build/icyphy/ptII/ptolemy/domains/modal/test/auto/ErrorTransition8.xml (RunModel)" time="0.067" />
  <testcase classname="ptolemy.util.test.junit.AutoTests" name="[58] /home/travis/build/icyphy/ptII/ptolemy/domains/modal/test/auto/ErrorTransition9.xml (RunModel)" time="0.041" />
  <testcase classname="ptolemy.util.test.junit.AutoTests" name="[59] /home/travis/build/icyphy/ptII/ptolemy/domains/modal/test/auto/ExtendedFSM.xml (RunModel)" time="0.026" />
  <testcase classname="ptolemy.util.test.junit.AutoTests" name="[60] /home/travis/build/icyphy/ptII/ptolemy/domains/modal/test/auto/FinalStates.xml (RunModel)" time="0.021" />
  <testcase classname="ptolemy.util.test.junit.AutoTests" name="[61] /home/travis/build/icyphy/ptII/ptolemy/domains/modal/test/auto/FixedPointFSM.xml (RunModel)" time="0.045" />
  <testcase classname="ptolemy.util.test.junit.AutoTests" name="[62] /home/travis/build/icyphy/ptII/ptolemy/domains/modal/test/auto/FixedPointIterationFSMActor.xml (RunModel)" time="0.032" />
  <testcase classname="ptolemy.util.test.junit.AutoTests" name="[63] /home/travis/build/icyphy/ptII/ptolemy/domains/modal/test/auto/FixedPointIterationFSMActor2.xml (RunModel)" time="0.048" />
  <testcase classname="ptolemy.util.test.junit.AutoTests" name="[64] /home/travis/build/icyphy/ptII/ptolemy/domains/modal/test/auto/ForbiddenInstantanousLoop.xml (RunModel)" time="0.031" />
  <testcase classname="ptolemy.util.test.junit.AutoTests" name="[65] /home/travis/build/icyphy/ptII/ptolemy/domains/modal/test/auto/FunctionDependencyOfFSMActorTest.xml (RunModel)" time="0.029" />
  <testcase classname="ptolemy.util.test.junit.AutoTests" name="[66] /home/travis/build/icyphy/ptII/ptolemy/domains/modal/test/auto/GuardExpression.xml (RunModel)" time="0.018" />
  <testcase classname="ptolemy.util.test.junit.AutoTests" name="[67] /home/travis/build/icyphy/ptII/ptolemy/domains/modal/test/auto/GuardNotEvaluated.xml (RunModel)" time="0.028" />
  <testcase classname="ptolemy.util.test.junit.AutoTests" name="[68] /home/travis/build/icyphy/ptII/ptolemy/domains/modal/test/auto/GuardNotEvaluated2.xml (RunModel)" time="0.021" />
  <testcase classname="ptolemy.util.test.junit.AutoTests" name="[69] /home/travis/build/icyphy/ptII/ptolemy/domains/modal/test/auto/GuardOnAbsent.xml (RunModel)" time="0.026" />
  <testcase classname="ptolemy.util.test.junit.AutoTests" name="[70] /home/travis/build/icyphy/ptII/ptolemy/domains/modal/test/auto/HierarchicalFSMTypeInference.xml (RunModel)" time="0.026" />
  <testcase classname="ptolemy.util.test.junit.AutoTests" name="[71] /home/travis/build/icyphy/ptII/ptolemy/domains/modal/test/auto/Hysteresis.xml (RunModel)" time="0.04" />
  <testcase classname="ptolemy.util.test.junit.AutoTests" name="[72] /home/travis/build/icyphy/ptII/ptolemy/domains/modal/test/auto/HysteresisWithDefault.xml (RunModel)" time="0.06" />
  <testcase classname="ptolemy.util.test.junit.AutoTests" name="[73] /home/travis/build/icyphy/ptII/ptolemy/domains/modal/test/auto/HysteresisWithDefault2.xml (RunModel)" time="0.065" />
  <testcase classname="ptolemy.util.test.junit.AutoTests" name="[74] /home/travis/build/icyphy/ptII/ptolemy/domains/modal/test/auto/ImmediateNonConstructiveness.xml (RunModel)" time="0.017" />
  <testcase classname="ptolemy.util.test.junit.AutoTests" name="[75] /home/travis/build/icyphy/ptII/ptolemy/domains/modal/test/auto/ImmediateNonConstructiveness2.xml (RunModel)" time="0.018" />
  <testcase classname="ptolemy.util.test.junit.AutoTests" name="[76] /home/travis/build/icyphy/ptII/ptolemy/domains/modal/test/auto/ImmediateTransitionReset.xml (RunModel)" time="0.038" />
  <testcase classname="ptolemy.util.test.junit.AutoTests" name="[77] /home/travis/build/icyphy/ptII/ptolemy/domains/modal/test/auto/ImmediateTransitions1.xml (RunModel)" time="0.011" />
  <testcase classname="ptolemy.util.test.junit.AutoTests" name="[78] /home/travis/build/icyphy/ptII/ptolemy/domains/modal/test/auto/ImmediateTransitionsInstantaneousCommunication.xml (RunModel)" time="0.046" />
  <testcase classname="ptolemy.util.test.junit.AutoTests" name="[79] /home/travis/build/icyphy/ptII/ptolemy/domains/modal/test/auto/InitialImmediateTransition.xml (RunModel)" time="0.019" />
  <testcase classname="ptolemy.util.test.junit.AutoTests" name="[80] /home/travis/build/icyphy/ptII/ptolemy/domains/modal/test/auto/InitialOutputs.xml (RunModel)" time="0.018" />
  <testcase classname="ptolemy.util.test.junit.AutoTests" name="[81] /home/travis/build/icyphy/ptII/ptolemy/domains/modal/test/auto/InitialStateTransition1.xml (RunModel)" time="0.02" />
  <testcase classname="ptolemy.util.test.junit.AutoTests" name="[82] /home/travis/build/icyphy/ptII/ptolemy/domains/modal/test/auto/InitialStateTransition2.xml (RunModel)" time="0.022" />
  <testcase classname="ptolemy.util.test.junit.AutoTests" name="[83] /home/travis/build/icyphy/ptII/ptolemy/domains/modal/test/auto/InitialStateTransition3.xml (RunModel)" time="0.023" />
  <testcase classname="ptolemy.util.test.junit.AutoTests" name="[84] /home/travis/build/icyphy/ptII/ptolemy/domains/modal/test/auto/InitialStateTransition4.xml (RunModel)" time="0.025" />
  <testcase classname="ptolemy.util.test.junit.AutoTests" name="[85] /home/travis/build/icyphy/ptII/ptolemy/domains/modal/test/auto/MalformedGuardExpressionNotCaught.xml (RunModel)" time="0.027" />
  <testcase classname="ptolemy.util.test.junit.AutoTests" name="[86] /home/travis/build/icyphy/ptII/ptolemy/domains/modal/test/auto/ModalBSC.xml (RunModel)" time="0.098" />
  <testcase classname="ptolemy.util.test.junit.AutoTests" name="[87] /home/travis/build/icyphy/ptII/ptolemy/domains/modal/test/auto/ModalClocks.xml (RunModel)" time="0.077" />
  <testcase classname="ptolemy.util.test.junit.AutoTests" name="[88] /home/travis/build/icyphy/ptII/ptolemy/domains/modal/test/auto/ModalDelay.xml (RunModel)" time="0.039" />
  <testcase classname="ptolemy.util.test.junit.AutoTests" name="[89] /home/travis/build/icyphy/ptII/ptolemy/domains/modal/test/auto/ModalDelay2.xml (RunModel)" time="0.049" />
  <testcase classname="ptolemy.util.test.junit.AutoTests" name="[90] /home/travis/build/icyphy/ptII/ptolemy/domains/modal/test/auto/ModalModelFromMemo.xml (RunModel)" time="0.05" />
  <testcase classname="ptolemy.util.test.junit.AutoTests" name="[91] /home/travis/build/icyphy/ptII/ptolemy/domains/modal/test/auto/ModalModelWithMultirateTransient.xml (RunModel)" time="0.045" />
  <testcase classname="ptolemy.util.test.junit.AutoTests" name="[92] /home/travis/build/icyphy/ptII/ptolemy/domains/modal/test/auto/ModalModelWithReset.xml (RunModel)" time="0.053" />
  <testcase classname="ptolemy.util.test.junit.AutoTests" name="[93] /home/travis/build/icyphy/ptII/ptolemy/domains/modal/test/auto/MouseClickFSM.xml (RunModel)" time="0.048" />
  <testcase classname="ptolemy.util.test.junit.AutoTests" name="[94] /home/travis/build/icyphy/ptII/ptolemy/domains/modal/test/auto/MouseClickFSMModal.xml (RunModel)" time="0.034" />
  <testcase classname="ptolemy.util.test.junit.AutoTests" name="[95] /home/travis/build/icyphy/ptII/ptolemy/domains/modal/test/auto/NonStrictFSM_FeedbackLoop.xml (RunModel)" time="0.052" />
  <testcase classname="ptolemy.util.test.junit.AutoTests" name="[96] /home/travis/build/icyphy/ptII/ptolemy/domains/modal/test/auto/NonStrictFSM_FeedbackLoop_Refinement.xml (RunModel)" time="0.048" />
  <testcase classname="ptolemy.util.test.junit.AutoTests" name="[97] /home/travis/build/icyphy/ptII/ptolemy/domains/modal/test/auto/NonStrictFSM_FeedbackLoop_preemptive.xml (RunModel)" time="0.038" />
  <testcase classname="ptolemy.util.test.junit.AutoTests" name="[98] /home/travis/build/icyphy/ptII/ptolemy/domains/modal/test/auto/NormalTermination.xml (RunModel)" time="0.05" />
  <testcase classname="ptolemy.util.test.junit.AutoTests" name="[99] /home/travis/build/icyphy/ptII/ptolemy/domains/modal/test/auto/Pong.xml (RunModel)" time="0.074" />
  <testcase classname="ptolemy.util.test.junit.AutoTests" name="[100] /home/travis/build/icyphy/ptII/ptolemy/domains/modal/test/auto/Pong_test.xml (RunModel)" time="0.099" />
  <testcase classname="ptolemy.util.test.junit.AutoTests" name="[101] /home/travis/build/icyphy/ptII/ptolemy/domains/modal/test/auto/PreemptionHierarchy.xml (RunModel)" time="0.023" />
  <testcase classname="ptolemy.util.test.junit.AutoTests" name="[102] /home/travis/build/icyphy/ptII/ptolemy/domains/modal/test/auto/PreemptionHierarchy2.xml (RunModel)" time="0.027" />
  <testcase classname="ptolemy.util.test.junit.AutoTests" name="[103] /home/travis/build/icyphy/ptII/ptolemy/domains/modal/test/auto/PreemptiveTransition.xml (RunModel)" time="0.017" />
  <testcase classname="ptolemy.util.test.junit.AutoTests" name="[104] /home/travis/build/icyphy/ptII/ptolemy/domains/modal/test/auto/Priorities.xml (RunModel)" time="0.071" />
  <testcase classname="ptolemy.util.test.junit.AutoTests" name="[105] /home/travis/build/icyphy/ptII/ptolemy/domains/modal/test/auto/ResetFinal.xml (RunModel)" time="0.04" />
  <testcase classname="ptolemy.util.test.junit.AutoTests" name="[106] /home/travis/build/icyphy/ptII/ptolemy/domains/modal/test/auto/ResetFinal2.xml (RunModel)" time="0.028" />
  <testcase classname="ptolemy.util.test.junit.AutoTests" name="[107] /home/travis/build/icyphy/ptII/ptolemy/domains/modal/test/auto/ResetTransitionWithStartTime.xml (RunModel)" time="0.027" />
  <testcase classname="ptolemy.util.test.junit.AutoTests" name="[108] /home/travis/build/icyphy/ptII/ptolemy/domains/modal/test/auto/SDF-FSMComposite.xml (RunModel)" time="0.024" />
  <testcase classname="ptolemy.util.test.junit.AutoTests" name="[109] /home/travis/build/icyphy/ptII/ptolemy/domains/modal/test/auto/SeeminglyNondeterminate.xml (RunModel)" time="0.062" />
  <testcase classname="ptolemy.util.test.junit.AutoTests" name="[110] /home/travis/build/icyphy/ptII/ptolemy/domains/modal/test/auto/SeeminglyNondeterminate2.xml (RunModel)" time="0.062" />
  <testcase classname="ptolemy.util.test.junit.AutoTests" name="[111] /home/travis/build/icyphy/ptII/ptolemy/domains/modal/test/auto/SpontaneousFSM.xml (RunModel)" time="0.041" />
  <testcase classname="ptolemy.util.test.junit.AutoTests" name="[112] /home/travis/build/icyphy/ptII/ptolemy/domains/modal/test/auto/SpontaneousFSM2.xml (RunModel)" time="0.029" />
  <testcase classname="ptolemy.util.test.junit.AutoTests" name="[113] /home/travis/build/icyphy/ptII/ptolemy/domains/modal/test/auto/SpontaneousFSM3.xml (RunModel)" time="0.041" />
  <testcase classname="ptolemy.util.test.junit.AutoTests" name="[114] /home/travis/build/icyphy/ptII/ptolemy/domains/modal/test/auto/SpontaneousFSM4.xml (RunModel)" time="0.037" />
  <testcase classname="ptolemy.util.test.junit.AutoTests" name="[115] /home/travis/build/icyphy/ptII/ptolemy/domains/modal/test/auto/StateTrackerTest.xml (RunModel)" time="0.073" />
  <testcase classname="ptolemy.util.test.junit.AutoTests" name="[116] /home/travis/build/icyphy/ptII/ptolemy/domains/modal/test/auto/StrongImmediateTransition.xml (RunModel)" time="0.023" />
  <testcase classname="ptolemy.util.test.junit.AutoTests" name="[117] /home/travis/build/icyphy/ptII/ptolemy/domains/modal/test/auto/SustainHierarchy.xml (RunModel)" time="0.038" />
  <testcase classname="ptolemy.util.test.junit.AutoTests" name="[118] /home/travis/build/icyphy/ptII/ptolemy/domains/modal/test/auto/TerminationTransition1.xml (RunModel)" time="0.024" />
  <testcase classname="ptolemy.util.test.junit.AutoTests" name="[119] /home/travis/build/icyphy/ptII/ptolemy/domains/modal/test/auto/TerminationTransition2.xml (RunModel)" time="0.033" />
  <testcase classname="ptolemy.util.test.junit.AutoTests" name="[120] /home/travis/build/icyphy/ptII/ptolemy/domains/modal/test/auto/TerminationTransition3.xml (RunModel)" time="0.027" />
  <testcase classname="ptolemy.util.test.junit.AutoTests" name="[121] /home/travis/build/icyphy/ptII/ptolemy/domains/modal/test/auto/TerminationTransition4.xml (RunModel)" time="0.039" />
  <testcase classname="ptolemy.util.test.junit.AutoTests" name="[122] /home/travis/build/icyphy/ptII/ptolemy/domains/modal/test/auto/TerminationTransition5.xml (RunModel)" time="0.032" />
  <testcase classname="ptolemy.util.test.junit.AutoTests" name="[123] /home/travis/build/icyphy/ptII/ptolemy/domains/modal/test/auto/TerminationTransition6.xml (RunModel)" time="0.022" />
  <testcase classname="ptolemy.util.test.junit.AutoTests" name="[124] /home/travis/build/icyphy/ptII/ptolemy/domains/modal/test/auto/TerminationTransition7.xml (RunModel)" time="0.022" />
  <testcase classname="ptolemy.util.test.junit.AutoTests" name="[125] /home/travis/build/icyphy/ptII/ptolemy/domains/modal/test/auto/TerminationTransition8.xml (RunModel)" time="0.025" />
  <testcase classname="ptolemy.util.test.junit.AutoTests" name="[126] /home/travis/build/icyphy/ptII/ptolemy/domains/modal/test/auto/Thermostat_NoHysteresis.xml (RunModel)" time="0.055" />
  <testcase classname="ptolemy.util.test.junit.AutoTests" name="[127] /home/travis/build/icyphy/ptII/ptolemy/domains/modal/test/auto/TimedFSM.xml (RunModel)" time="0.031" />
  <testcase classname="ptolemy.util.test.junit.AutoTests" name="[128] /home/travis/build/icyphy/ptII/ptolemy/domains/modal/test/auto/Timeout1.xml (RunModel)" time="0.013" />
  <testcase classname="ptolemy.util.test.junit.AutoTests" name="[129] /home/travis/build/icyphy/ptII/ptolemy/domains/modal/test/auto/Timeout2.xml (RunModel)" time="0.019" />
  <testcase classname="ptolemy.util.test.junit.AutoTests" name="[130] /home/travis/build/icyphy/ptII/ptolemy/domains/modal/test/auto/Timeout3.xml (RunModel)" time="0.011" />
  <testcase classname="ptolemy.util.test.junit.AutoTests" name="[131] /home/travis/build/icyphy/ptII/ptolemy/domains/modal/test/auto/Timeout4.xml (RunModel)" time="0.014" />
  <testcase classname="ptolemy.util.test.junit.AutoTests" name="[132] /home/travis/build/icyphy/ptII/ptolemy/domains/modal/test/auto/TransientstateModelAdvanced.xml (RunModel)" time="0.033" />
  <testcase classname="ptolemy.util.test.junit.AutoTests" name="[133] /home/travis/build/icyphy/ptII/ptolemy/domains/modal/test/auto/TransientstateModelAdvanced2.xml (RunModel)" time="0.038" />
  <testcase classname="ptolemy.util.test.junit.AutoTests" name="[134] /home/travis/build/icyphy/ptII/ptolemy/domains/modal/test/auto/TransitionRefinements.xml (RunModel)" time="0.022" />
  <testcase classname="ptolemy.util.test.junit.AutoTests" name="[135] /home/travis/build/icyphy/ptII/ptolemy/domains/modal/test/auto/TwoRefinements1.xml (RunModel)" time="0.024" />
  <testcase classname="ptolemy.util.test.junit.AutoTests" name="[136] /home/travis/build/icyphy/ptII/ptolemy/domains/modal/test/auto/TwoRefinements2.xml (RunModel)" time="0.022" />
  <testcase classname="ptolemy.util.test.junit.AutoTests" name="[137] /home/travis/build/icyphy/ptII/ptolemy/domains/modal/test/auto/WeakImmediateTransition.xml (RunModel)" time="0.029" />
  <testcase classname="ptolemy.util.test.junit.AutoTests" name="[138] /home/travis/build/icyphy/ptII/ptolemy/domains/modal/test/auto/booleanSelect.xml (RunModel)" time="0.096" />
  <testcase classname="ptolemy.util.test.junit.AutoTests" name="[139] /home/travis/build/icyphy/ptII/ptolemy/domains/modal/test/auto/modalChangingParams.xml (RunModel)" time="0.217" />
  <testcase classname="ptolemy.util.test.junit.AutoTests" name="[140] /home/travis/build/icyphy/ptII/ptolemy/domains/modal/test/auto/modalModel.xml (RunModel)" time="0.03" />
  <testcase classname="ptolemy.util.test.junit.AutoTests" name="[141] /home/travis/build/icyphy/ptII/ptolemy/domains/modal/test/auto/modalModel2.xml (RunModel)" time="0.025" />
  <testcase classname="ptolemy.util.test.junit.AutoTests" name="[142] /home/travis/build/icyphy/ptII/ptolemy/domains/modal/test/auto/modalModel3.xml (RunModel)" time="0.051" />
  <testcase classname="ptolemy.util.test.junit.AutoTests" name="[143] /home/travis/build/icyphy/ptII/ptolemy/domains/modal/test/auto/model1.xml (RunModel)" time="0.019" />
  <testcase classname="ptolemy.util.test.junit.AutoTests" name="[144] /home/travis/build/icyphy/ptII/ptolemy/domains/modal/test/auto/test-direct-in-out.xml (RunModel)" time="0.018" />
  <system-out><![CDATA[/home/travis/build/icyphy/ptII/ptolemy/domains/modal/test/SystemLevelType.tcl
testDefs.tcl: setting time out to 9000 seconds at Tue Feb 05 03:30:07 UTC 2019
02/05/19 03:30:09
Failed: 0  Total Tests: 1  ((Passed: 1, Newly Passed: 0)  Known Failed: 0) /home/travis/build/icyphy/ptII/ptolemy/domains/modal/test
----------------- testing (KnownFailure) /home/travis/build/icyphy/ptII/ptolemy/domains/modal/test/auto/knownFailedTests/CannotAnalysisWithPreemption.xml
61 ms. Memory: 208384K Free: 79832K (38%)
Known Failure: java.lang.reflect.InvocationTargetException
No auto/linux-amd64/*.xml tests in /home/travis/build/icyphy/ptII/ptolemy/domains/modal/test
AutoTests.java: About to close Vertx.
AutoTests.java: Vertx closed.

===========================================================================================
----------------- testing Tue Feb 05 03:30:10 UTC 2019 /home/travis/build/icyphy/ptII/ptolemy/domains/modal/test/auto/ABPTest.xml
----------------- Instantiating /home/travis/build/icyphy/ptII/ptolemy/domains/modal/test/auto/ABPTest.xml
353 ms. Memory: 332288K Free: 309029K (93%)
----------------- Invoking toplevel() on ptolemy.moml.MoMLSimpleApplication@53750808
----------------- Done invoking toplevel() on ptolemy.moml.MoMLSimpleApplication@53750808
reloadAllAccessors: .ABPTest

===========================================================================================
----------------- testing Tue Feb 05 03:30:10 UTC 2019 /home/travis/build/icyphy/ptII/ptolemy/domains/modal/test/auto/ABROFlat.xml
----------------- Instantiating /home/travis/build/icyphy/ptII/ptolemy/domains/modal/test/auto/ABROFlat.xml
17 ms. Memory: 332288K Free: 287027K (86%)
----------------- Invoking toplevel() on ptolemy.moml.MoMLSimpleApplication@644272a8
----------------- Done invoking toplevel() on ptolemy.moml.MoMLSimpleApplication@644272a8
reloadAllAccessors: .ABROFlat

===========================================================================================
----------------- testing Tue Feb 05 03:30:10 UTC 2019 /home/travis/build/icyphy/ptII/ptolemy/domains/modal/test/auto/ABROFlat2.xml
----------------- Instantiating /home/travis/build/icyphy/ptII/ptolemy/domains/modal/test/auto/ABROFlat2.xml
18 ms. Memory: 332288K Free: 269045K (81%)
----------------- Invoking toplevel() on ptolemy.moml.MoMLSimpleApplication@72ee081e
----------------- Done invoking toplevel() on ptolemy.moml.MoMLSimpleApplication@72ee081e
reloadAllAccessors: .ABROFlat2

===========================================================================================
----------------- testing Tue Feb 05 03:30:11 UTC 2019 /home/travis/build/icyphy/ptII/ptolemy/domains/modal/test/auto/ABRO_present_hmm.xml
----------------- Instantiating /home/travis/build/icyphy/ptII/ptolemy/domains/modal/test/auto/ABRO_present_hmm.xml
28 ms. Memory: 332288K Free: 237973K (72%)
----------------- Invoking toplevel() on ptolemy.moml.MoMLSimpleApplication@61708d70
----------------- Done invoking toplevel() on ptolemy.moml.MoMLSimpleApplication@61708d70
reloadAllAccessors: .ABRO_present_hmm

===========================================================================================
----------------- testing Tue Feb 05 03:30:11 UTC 2019 /home/travis/build/icyphy/ptII/ptolemy/domains/modal/test/auto/AMICoderExample.xml
----------------- Instantiating /home/travis/build/icyphy/ptII/ptolemy/domains/modal/test/auto/AMICoderExample.xml
21 ms. Memory: 332288K Free: 226536K (68%)
----------------- Invoking toplevel() on ptolemy.moml.MoMLSimpleApplication@46bd430c
----------------- Done invoking toplevel() on ptolemy.moml.MoMLSimpleApplication@46bd430c
reloadAllAccessors: .AMICoderExample

===========================================================================================
----------------- testing Tue Feb 05 03:30:11 UTC 2019 /home/travis/build/icyphy/ptII/ptolemy/domains/modal/test/auto/AbsentToPresent.xml
----------------- Instantiating /home/travis/build/icyphy/ptII/ptolemy/domains/modal/test/auto/AbsentToPresent.xml
4 ms. Memory: 332288K Free: 218360K (66%)
----------------- Invoking toplevel() on ptolemy.moml.MoMLSimpleApplication@524f1fb8
----------------- Done invoking toplevel() on ptolemy.moml.MoMLSimpleApplication@524f1fb8
reloadAllAccessors: .AbsentToPresent

===========================================================================================
----------------- testing Tue Feb 05 03:30:11 UTC 2019 /home/travis/build/icyphy/ptII/ptolemy/domains/modal/test/auto/Blending.xml
----------------- Instantiating /home/travis/build/icyphy/ptII/ptolemy/domains/modal/test/auto/Blending.xml
161 ms. Memory: 332288K Free: 169267K (51%)
----------------- Invoking toplevel() on ptolemy.moml.MoMLSimpleApplication@41d433e5
----------------- Done invoking toplevel() on ptolemy.moml.MoMLSimpleApplication@41d433e5
reloadAllAccessors: .Blending

===========================================================================================
----------------- testing Tue Feb 05 03:30:11 UTC 2019 /home/travis/build/icyphy/ptII/ptolemy/domains/modal/test/auto/Broadcast.xml
----------------- Instantiating /home/travis/build/icyphy/ptII/ptolemy/domains/modal/test/auto/Broadcast.xml
22 ms. Memory: 332288K Free: 157838K (48%)
----------------- Invoking toplevel() on ptolemy.moml.MoMLSimpleApplication@34797d42
----------------- Done invoking toplevel() on ptolemy.moml.MoMLSimpleApplication@34797d42
reloadAllAccessors: .Broadcast

===========================================================================================
----------------- testing Tue Feb 05 03:30:11 UTC 2019 /home/travis/build/icyphy/ptII/ptolemy/domains/modal/test/auto/BroadcastHierarchy.xml
----------------- Instantiating /home/travis/build/icyphy/ptII/ptolemy/domains/modal/test/auto/BroadcastHierarchy.xml
19 ms. Memory: 332288K Free: 141491K (43%)
----------------- Invoking toplevel() on ptolemy.moml.MoMLSimpleApplication@6d184cca
----------------- Done invoking toplevel() on ptolemy.moml.MoMLSimpleApplication@6d184cca
reloadAllAccessors: .BroadcastHierarchy

===========================================================================================
----------------- testing Tue Feb 05 03:30:11 UTC 2019 /home/travis/build/icyphy/ptII/ptolemy/domains/modal/test/auto/BroadcastHierarchy2.xml
----------------- Instantiating /home/travis/build/icyphy/ptII/ptolemy/domains/modal/test/auto/BroadcastHierarchy2.xml
29 ms. Memory: 332288K Free: 107147K (32%)
----------------- Invoking toplevel() on ptolemy.moml.MoMLSimpleApplication@4fcfb2b7
----------------- Done invoking toplevel() on ptolemy.moml.MoMLSimpleApplication@4fcfb2b7
reloadAllAccessors: .BroadcastHierarchy2

===========================================================================================
----------------- testing Tue Feb 05 03:30:11 UTC 2019 /home/travis/build/icyphy/ptII/ptolemy/domains/modal/test/auto/BroadcastHierarchy3.xml
----------------- Instantiating /home/travis/build/icyphy/ptII/ptolemy/domains/modal/test/auto/BroadcastHierarchy3.xml
15 ms. Memory: 332288K Free: 79361K (24%)
----------------- Invoking toplevel() on ptolemy.moml.MoMLSimpleApplication@87d1006
----------------- Done invoking toplevel() on ptolemy.moml.MoMLSimpleApplication@87d1006
reloadAllAccessors: .BroadcastHierarchy3

===========================================================================================
----------------- testing Tue Feb 05 03:30:11 UTC 2019 /home/travis/build/icyphy/ptII/ptolemy/domains/modal/test/auto/BroadcastHierarchy4.xml
----------------- Instantiating /home/travis/build/icyphy/ptII/ptolemy/domains/modal/test/auto/BroadcastHierarchy4.xml
17 ms. Memory: 333824K Free: 297121K (89%)
----------------- Invoking toplevel() on ptolemy.moml.MoMLSimpleApplication@5ba7b444
----------------- Done invoking toplevel() on ptolemy.moml.MoMLSimpleApplication@5ba7b444
reloadAllAccessors: .BroadcastHierarchy4

===========================================================================================
----------------- testing Tue Feb 05 03:30:12 UTC 2019 /home/travis/build/icyphy/ptII/ptolemy/domains/modal/test/auto/CannotAnalysisWithPreemption2.xml
----------------- Instantiating /home/travis/build/icyphy/ptII/ptolemy/domains/modal/test/auto/CannotAnalysisWithPreemption2.xml
5 ms. Memory: 333824K Free: 286331K (86%)
----------------- Invoking toplevel() on ptolemy.moml.MoMLSimpleApplication@35fe5e17
----------------- Done invoking toplevel() on ptolemy.moml.MoMLSimpleApplication@35fe5e17
reloadAllAccessors: .CannotAnalysisWithPreemption2

===========================================================================================
----------------- testing Tue Feb 05 03:30:12 UTC 2019 /home/travis/build/icyphy/ptII/ptolemy/domains/modal/test/auto/CannotAnalysisWithPreemption3.xml
----------------- Instantiating /home/travis/build/icyphy/ptII/ptolemy/domains/modal/test/auto/CannotAnalysisWithPreemption3.xml
11 ms. Memory: 333824K Free: 275292K (82%)
----------------- Invoking toplevel() on ptolemy.moml.MoMLSimpleApplication@7be7bd52
----------------- Done invoking toplevel() on ptolemy.moml.MoMLSimpleApplication@7be7bd52
reloadAllAccessors: .CannotAnalysisWithPreemption3

===========================================================================================
----------------- testing Tue Feb 05 03:30:12 UTC 2019 /home/travis/build/icyphy/ptII/ptolemy/domains/modal/test/auto/CannotProduce.xml
----------------- Instantiating /home/travis/build/icyphy/ptII/ptolemy/domains/modal/test/auto/CannotProduce.xml
11 ms. Memory: 333824K Free: 267917K (80%)
----------------- Invoking toplevel() on ptolemy.moml.MoMLSimpleApplication@2001f772
----------------- Done invoking toplevel() on ptolemy.moml.MoMLSimpleApplication@2001f772
reloadAllAccessors: .CannotProduce

===========================================================================================
----------------- testing Tue Feb 05 03:30:12 UTC 2019 /home/travis/build/icyphy/ptII/ptolemy/domains/modal/test/auto/CannotProduceModal.xml
----------------- Instantiating /home/travis/build/icyphy/ptII/ptolemy/domains/modal/test/auto/CannotProduceModal.xml
10 ms. Memory: 333824K Free: 257143K (77%)
----------------- Invoking toplevel() on ptolemy.moml.MoMLSimpleApplication@6ec42d9c
----------------- Done invoking toplevel() on ptolemy.moml.MoMLSimpleApplication@6ec42d9c
reloadAllAccessors: .CannotProduceModal

===========================================================================================
----------------- testing Tue Feb 05 03:30:12 UTC 2019 /home/travis/build/icyphy/ptII/ptolemy/domains/modal/test/auto/Case.xml
----------------- Instantiating /home/travis/build/icyphy/ptII/ptolemy/domains/modal/test/auto/Case.xml
27 ms. Memory: 333824K Free: 244867K (73%)
----------------- Invoking toplevel() on ptolemy.moml.MoMLSimpleApplication@6e2c8d05
----------------- Done invoking toplevel() on ptolemy.moml.MoMLSimpleApplication@6e2c8d05
reloadAllAccessors: .Case

===========================================================================================
----------------- testing Tue Feb 05 03:30:12 UTC 2019 /home/travis/build/icyphy/ptII/ptolemy/domains/modal/test/auto/Case1.xml
----------------- Instantiating /home/travis/build/icyphy/ptII/ptolemy/domains/modal/test/auto/Case1.xml
5 ms. Memory: 333824K Free: 236310K (71%)
----------------- Invoking toplevel() on ptolemy.moml.MoMLSimpleApplication@2984515b
----------------- Done invoking toplevel() on ptolemy.moml.MoMLSimpleApplication@2984515b
reloadAllAccessors: .Case1

===========================================================================================
----------------- testing Tue Feb 05 03:30:12 UTC 2019 /home/travis/build/icyphy/ptII/ptolemy/domains/modal/test/auto/Case2.xml
----------------- Instantiating /home/travis/build/icyphy/ptII/ptolemy/domains/modal/test/auto/Case2.xml
17 ms. Memory: 333824K Free: 221833K (66%)
----------------- Invoking toplevel() on ptolemy.moml.MoMLSimpleApplication@777b07f9
----------------- Done invoking toplevel() on ptolemy.moml.MoMLSimpleApplication@777b07f9
reloadAllAccessors: .Case2

===========================================================================================
----------------- testing Tue Feb 05 03:30:12 UTC 2019 /home/travis/build/icyphy/ptII/ptolemy/domains/modal/test/auto/CausalityInterface1.xml
----------------- Instantiating /home/travis/build/icyphy/ptII/ptolemy/domains/modal/test/auto/CausalityInterface1.xml
3 ms. Memory: 333824K Free: 215703K (65%)
----------------- Invoking toplevel() on ptolemy.moml.MoMLSimpleApplication@715182ce
----------------- Done invoking toplevel() on ptolemy.moml.MoMLSimpleApplication@715182ce
reloadAllAccessors: .CausalityInterface1

===========================================================================================
----------------- testing Tue Feb 05 03:30:12 UTC 2019 /home/travis/build/icyphy/ptII/ptolemy/domains/modal/test/auto/CausalityInterface10.xml
----------------- Instantiating /home/travis/build/icyphy/ptII/ptolemy/domains/modal/test/auto/CausalityInterface10.xml
14 ms. Memory: 333824K Free: 199739K (60%)
----------------- Invoking toplevel() on ptolemy.moml.MoMLSimpleApplication@4f4a96db
----------------- Done invoking toplevel() on ptolemy.moml.MoMLSimpleApplication@4f4a96db
reloadAllAccessors: .CausalityInterface10

===========================================================================================
----------------- testing Tue Feb 05 03:30:12 UTC 2019 /home/travis/build/icyphy/ptII/ptolemy/domains/modal/test/auto/CausalityInterface11.xml
----------------- Instantiating /home/travis/build/icyphy/ptII/ptolemy/domains/modal/test/auto/CausalityInterface11.xml
4 ms. Memory: 333824K Free: 182811K (55%)
----------------- Invoking toplevel() on ptolemy.moml.MoMLSimpleApplication@60e780b2
----------------- Done invoking toplevel() on ptolemy.moml.MoMLSimpleApplication@60e780b2
reloadAllAccessors: .CausalityInterface11

===========================================================================================
----------------- testing Tue Feb 05 03:30:12 UTC 2019 /home/travis/build/icyphy/ptII/ptolemy/domains/modal/test/auto/CausalityInterface12.xml
----------------- Instantiating /home/travis/build/icyphy/ptII/ptolemy/domains/modal/test/auto/CausalityInterface12.xml
6 ms. Memory: 333824K Free: 168045K (50%)
----------------- Invoking toplevel() on ptolemy.moml.MoMLSimpleApplication@21dee985
----------------- Done invoking toplevel() on ptolemy.moml.MoMLSimpleApplication@21dee985
reloadAllAccessors: .CausalityInterface12

===========================================================================================
----------------- testing Tue Feb 05 03:30:12 UTC 2019 /home/travis/build/icyphy/ptII/ptolemy/domains/modal/test/auto/CausalityInterface13.xml
----------------- Instantiating /home/travis/build/icyphy/ptII/ptolemy/domains/modal/test/auto/CausalityInterface13.xml
12 ms. Memory: 333824K Free: 152058K (46%)
----------------- Invoking toplevel() on ptolemy.moml.MoMLSimpleApplication@15e2109c
----------------- Done invoking toplevel() on ptolemy.moml.MoMLSimpleApplication@15e2109c
reloadAllAccessors: .CausalityInterface13

===========================================================================================
----------------- testing Tue Feb 05 03:30:12 UTC 2019 /home/travis/build/icyphy/ptII/ptolemy/domains/modal/test/auto/CausalityInterface14.xml
----------------- Instantiating /home/travis/build/icyphy/ptII/ptolemy/domains/modal/test/auto/CausalityInterface14.xml
9 ms. Memory: 333824K Free: 133917K (40%)
----------------- Invoking toplevel() on ptolemy.moml.MoMLSimpleApplication@1478a7df
----------------- Done invoking toplevel() on ptolemy.moml.MoMLSimpleApplication@1478a7df
reloadAllAccessors: .CausalityInterface14

===========================================================================================
----------------- testing Tue Feb 05 03:30:12 UTC 2019 /home/travis/build/icyphy/ptII/ptolemy/domains/modal/test/auto/CausalityInterface2.xml
----------------- Instantiating /home/travis/build/icyphy/ptII/ptolemy/domains/modal/test/auto/CausalityInterface2.xml
3 ms. Memory: 333824K Free: 126542K (38%)
----------------- Invoking toplevel() on ptolemy.moml.MoMLSimpleApplication@455a26fc
----------------- Done invoking toplevel() on ptolemy.moml.MoMLSimpleApplication@455a26fc
reloadAllAccessors: .CausalityInterface2

===========================================================================================
----------------- testing Tue Feb 05 03:30:12 UTC 2019 /home/travis/build/icyphy/ptII/ptolemy/domains/modal/test/auto/CausalityInterface3.xml
----------------- Instantiating /home/travis/build/icyphy/ptII/ptolemy/domains/modal/test/auto/CausalityInterface3.xml
4 ms. Memory: 333824K Free: 119168K (36%)
----------------- Invoking toplevel() on ptolemy.moml.MoMLSimpleApplication@eb464c2
----------------- Done invoking toplevel() on ptolemy.moml.MoMLSimpleApplication@eb464c2
reloadAllAccessors: .CausalityInterface3

===========================================================================================
----------------- testing Tue Feb 05 03:30:12 UTC 2019 /home/travis/build/icyphy/ptII/ptolemy/domains/modal/test/auto/CausalityInterface4.xml
----------------- Instantiating /home/travis/build/icyphy/ptII/ptolemy/domains/modal/test/auto/CausalityInterface4.xml
2 ms. Memory: 333824K Free: 109606K (33%)
----------------- Invoking toplevel() on ptolemy.moml.MoMLSimpleApplication@221d681b
----------------- Done invoking toplevel() on ptolemy.moml.MoMLSimpleApplication@221d681b
reloadAllAccessors: .CausalityInterface4

===========================================================================================
----------------- testing Tue Feb 05 03:30:12 UTC 2019 /home/travis/build/icyphy/ptII/ptolemy/domains/modal/test/auto/CausalityInterface5.xml
----------------- Instantiating /home/travis/build/icyphy/ptII/ptolemy/domains/modal/test/auto/CausalityInterface5.xml
3 ms. Memory: 333824K Free: 99757K (30%)
----------------- Invoking toplevel() on ptolemy.moml.MoMLSimpleApplication@7527db7
----------------- Done invoking toplevel() on ptolemy.moml.MoMLSimpleApplication@7527db7
reloadAllAccessors: .CausalityInterface5

===========================================================================================
----------------- testing Tue Feb 05 03:30:12 UTC 2019 /home/travis/build/icyphy/ptII/ptolemy/domains/modal/test/auto/CausalityInterface6.xml
----------------- Instantiating /home/travis/build/icyphy/ptII/ptolemy/domains/modal/test/auto/CausalityInterface6.xml
6 ms. Memory: 333824K Free: 89924K (27%)
----------------- Invoking toplevel() on ptolemy.moml.MoMLSimpleApplication@2193f2d5
----------------- Done invoking toplevel() on ptolemy.moml.MoMLSimpleApplication@2193f2d5
reloadAllAccessors: .CausalityInterface6

===========================================================================================
----------------- testing Tue Feb 05 03:30:12 UTC 2019 /home/travis/build/icyphy/ptII/ptolemy/domains/modal/test/auto/CausalityInterface7.xml
----------------- Instantiating /home/travis/build/icyphy/ptII/ptolemy/domains/modal/test/auto/CausalityInterface7.xml
13 ms. Memory: 577536K Free: 566394K (98%)
----------------- Invoking toplevel() on ptolemy.moml.MoMLSimpleApplication@2c7edb2a
----------------- Done invoking toplevel() on ptolemy.moml.MoMLSimpleApplication@2c7edb2a
reloadAllAccessors: .CausalityInterface7

===========================================================================================
----------------- testing Tue Feb 05 03:30:12 UTC 2019 /home/travis/build/icyphy/ptII/ptolemy/domains/modal/test/auto/CausalityInterface8.xml
----------------- Instantiating /home/travis/build/icyphy/ptII/ptolemy/domains/modal/test/auto/CausalityInterface8.xml
5 ms. Memory: 577536K Free: 549797K (95%)
----------------- Invoking toplevel() on ptolemy.moml.MoMLSimpleApplication@49d30c25
----------------- Done invoking toplevel() on ptolemy.moml.MoMLSimpleApplication@49d30c25
reloadAllAccessors: .CausalityInterface8

===========================================================================================
----------------- testing Tue Feb 05 03:30:12 UTC 2019 /home/travis/build/icyphy/ptII/ptolemy/domains/modal/test/auto/CausalityInterface9.xml
----------------- Instantiating /home/travis/build/icyphy/ptII/ptolemy/domains/modal/test/auto/CausalityInterface9.xml
5 ms. Memory: 577536K Free: 537327K (93%)
----------------- Invoking toplevel() on ptolemy.moml.MoMLSimpleApplication@4f946c7f
----------------- Done invoking toplevel() on ptolemy.moml.MoMLSimpleApplication@4f946c7f
reloadAllAccessors: .CausalityInterface9

===========================================================================================
----------------- testing Tue Feb 05 03:30:12 UTC 2019 /home/travis/build/icyphy/ptII/ptolemy/domains/modal/test/auto/ChainedTransitions.xml
----------------- Instantiating /home/travis/build/icyphy/ptII/ptolemy/domains/modal/test/auto/ChainedTransitions.xml
93 ms. Memory: 577536K Free: 507978K (88%)
----------------- Invoking toplevel() on ptolemy.moml.MoMLSimpleApplication@42ad06bd
----------------- Done invoking toplevel() on ptolemy.moml.MoMLSimpleApplication@42ad06bd
reloadAllAccessors: .ChainedTransitions

===========================================================================================
----------------- testing Tue Feb 05 03:30:13 UTC 2019 /home/travis/build/icyphy/ptII/ptolemy/domains/modal/test/auto/CycleOfImmediateTransitionsFSM.xml
----------------- Instantiating /home/travis/build/icyphy/ptII/ptolemy/domains/modal/test/auto/CycleOfImmediateTransitionsFSM.xml
3 ms. Memory: 577536K Free: 498203K (86%)
----------------- Invoking toplevel() on ptolemy.moml.MoMLSimpleApplication@6b7c5125
----------------- Done invoking toplevel() on ptolemy.moml.MoMLSimpleApplication@6b7c5125
reloadAllAccessors: .CycleOfImmediateTransitionsFSM

===========================================================================================
----------------- testing Tue Feb 05 03:30:13 UTC 2019 /home/travis/build/icyphy/ptII/ptolemy/domains/modal/test/auto/CycleOfImmediateTransitionsModal.xml
----------------- Instantiating /home/travis/build/icyphy/ptII/ptolemy/domains/modal/test/auto/CycleOfImmediateTransitionsModal.xml
3 ms. Memory: 577536K Free: 485380K (84%)
----------------- Invoking toplevel() on ptolemy.moml.MoMLSimpleApplication@3c562a76
----------------- Done invoking toplevel() on ptolemy.moml.MoMLSimpleApplication@3c562a76
reloadAllAccessors: .CycleOfImmediateTransitionsModal

===========================================================================================
----------------- testing Tue Feb 05 03:30:13 UTC 2019 /home/travis/build/icyphy/ptII/ptolemy/domains/modal/test/auto/CycleOfImmediateTransitionsModal2.xml
----------------- Instantiating /home/travis/build/icyphy/ptII/ptolemy/domains/modal/test/auto/CycleOfImmediateTransitionsModal2.xml
4 ms. Memory: 577536K Free: 475598K (82%)
----------------- Invoking toplevel() on ptolemy.moml.MoMLSimpleApplication@89e588
----------------- Done invoking toplevel() on ptolemy.moml.MoMLSimpleApplication@89e588
reloadAllAccessors: .CycleOfImmediateTransitionsModal2

===========================================================================================
----------------- testing Tue Feb 05 03:30:13 UTC 2019 /home/travis/build/icyphy/ptII/ptolemy/domains/modal/test/auto/CycleOfImmediateTransitionsModal3.xml
----------------- Instantiating /home/travis/build/icyphy/ptII/ptolemy/domains/modal/test/auto/CycleOfImmediateTransitionsModal3.xml
9 ms. Memory: 577536K Free: 448713K (78%)
----------------- Invoking toplevel() on ptolemy.moml.MoMLSimpleApplication@187f36f7
----------------- Done invoking toplevel() on ptolemy.moml.MoMLSimpleApplication@187f36f7
reloadAllAccessors: .CycleOfImmediateTransitionsModal3

===========================================================================================
----------------- testing Tue Feb 05 03:30:13 UTC 2019 /home/travis/build/icyphy/ptII/ptolemy/domains/modal/test/auto/DeepModal1.xml
----------------- Instantiating /home/travis/build/icyphy/ptII/ptolemy/domains/modal/test/auto/DeepModal1.xml
20 ms. Memory: 577536K Free: 434042K (75%)
----------------- Invoking toplevel() on ptolemy.moml.MoMLSimpleApplication@1df4ff35
----------------- Done invoking toplevel() on ptolemy.moml.MoMLSimpleApplication@1df4ff35
reloadAllAccessors: .DeepModal1

===========================================================================================
----------------- testing Tue Feb 05 03:30:13 UTC 2019 /home/travis/build/icyphy/ptII/ptolemy/domains/modal/test/auto/DeepModal2.xml
----------------- Instantiating /home/travis/build/icyphy/ptII/ptolemy/domains/modal/test/auto/DeepModal2.xml
23 ms. Memory: 577536K Free: 408981K (71%)
----------------- Invoking toplevel() on ptolemy.moml.MoMLSimpleApplication@502f252c
----------------- Done invoking toplevel() on ptolemy.moml.MoMLSimpleApplication@502f252c
reloadAllAccessors: .DeepModal2

===========================================================================================
----------------- testing Tue Feb 05 03:30:13 UTC 2019 /home/travis/build/icyphy/ptII/ptolemy/domains/modal/test/auto/DeepModal3.xml
----------------- Instantiating /home/travis/build/icyphy/ptII/ptolemy/domains/modal/test/auto/DeepModal3.xml
31 ms. Memory: 577536K Free: 386952K (67%)
----------------- Invoking toplevel() on ptolemy.moml.MoMLSimpleApplication@22ddaf43
----------------- Done invoking toplevel() on ptolemy.moml.MoMLSimpleApplication@22ddaf43
reloadAllAccessors: .DeepModal3

===========================================================================================
----------------- testing Tue Feb 05 03:30:13 UTC 2019 /home/travis/build/icyphy/ptII/ptolemy/domains/modal/test/auto/DeepModal4.xml
----------------- Instantiating /home/travis/build/icyphy/ptII/ptolemy/domains/modal/test/auto/DeepModal4.xml
15 ms. Memory: 577536K Free: 364962K (63%)
----------------- Invoking toplevel() on ptolemy.moml.MoMLSimpleApplication@13be3c31
----------------- Done invoking toplevel() on ptolemy.moml.MoMLSimpleApplication@13be3c31
reloadAllAccessors: .DeepModal4

===========================================================================================
----------------- testing Tue Feb 05 03:30:13 UTC 2019 /home/travis/build/icyphy/ptII/ptolemy/domains/modal/test/auto/Default1.xml
----------------- Instantiating /home/travis/build/icyphy/ptII/ptolemy/domains/modal/test/auto/Default1.xml
1 ms. Memory: 577536K Free: 355195K (62%)
----------------- Invoking toplevel() on ptolemy.moml.MoMLSimpleApplication@17dfea87
----------------- Done invoking toplevel() on ptolemy.moml.MoMLSimpleApplication@17dfea87
reloadAllAccessors: .Default1

===========================================================================================
----------------- testing Tue Feb 05 03:30:13 UTC 2019 /home/travis/build/icyphy/ptII/ptolemy/domains/modal/test/auto/Default2.xml
----------------- Instantiating /home/travis/build/icyphy/ptII/ptolemy/domains/modal/test/auto/Default2.xml
2 ms. Memory: 577536K Free: 344821K (60%)
----------------- Invoking toplevel() on ptolemy.moml.MoMLSimpleApplication@7ecfda9c
----------------- Done invoking toplevel() on ptolemy.moml.MoMLSimpleApplication@7ecfda9c
reloadAllAccessors: .Default2

===========================================================================================
----------------- testing Tue Feb 05 03:30:13 UTC 2019 /home/travis/build/icyphy/ptII/ptolemy/domains/modal/test/auto/Default3.xml
----------------- Instantiating /home/travis/build/icyphy/ptII/ptolemy/domains/modal/test/auto/Default3.xml
2 ms. Memory: 577536K Free: 335038K (58%)
----------------- Invoking toplevel() on ptolemy.moml.MoMLSimpleApplication@6e3b4f06
----------------- Done invoking toplevel() on ptolemy.moml.MoMLSimpleApplication@6e3b4f06
reloadAllAccessors: .Default3

===========================================================================================
----------------- testing Tue Feb 05 03:30:13 UTC 2019 /home/travis/build/icyphy/ptII/ptolemy/domains/modal/test/auto/Default4.xml
----------------- Instantiating /home/travis/build/icyphy/ptII/ptolemy/domains/modal/test/auto/Default4.xml
2 ms. Memory: 577536K Free: 325256K (56%)
----------------- Invoking toplevel() on ptolemy.moml.MoMLSimpleApplication@79ec10b3
----------------- Done invoking toplevel() on ptolemy.moml.MoMLSimpleApplication@79ec10b3
reloadAllAccessors: .Default4

===========================================================================================
----------------- testing Tue Feb 05 03:30:13 UTC 2019 /home/travis/build/icyphy/ptII/ptolemy/domains/modal/test/auto/Default5.xml
----------------- Instantiating /home/travis/build/icyphy/ptII/ptolemy/domains/modal/test/auto/Default5.xml
7 ms. Memory: 577536K Free: 315497K (55%)
----------------- Invoking toplevel() on ptolemy.moml.MoMLSimpleApplication@71cd8110
----------------- Done invoking toplevel() on ptolemy.moml.MoMLSimpleApplication@71cd8110
reloadAllAccessors: .Default5

===========================================================================================
----------------- testing Tue Feb 05 03:30:13 UTC 2019 /home/travis/build/icyphy/ptII/ptolemy/domains/modal/test/auto/EmptyGuard.xml
----------------- Instantiating /home/travis/build/icyphy/ptII/ptolemy/domains/modal/test/auto/EmptyGuard.xml
5 ms. Memory: 577536K Free: 302683K (52%)
----------------- Invoking toplevel() on ptolemy.moml.MoMLSimpleApplication@77142c2b
----------------- Done invoking toplevel() on ptolemy.moml.MoMLSimpleApplication@77142c2b
reloadAllAccessors: .EmptyGuard

===========================================================================================
----------------- testing Tue Feb 05 03:30:13 UTC 2019 /home/travis/build/icyphy/ptII/ptolemy/domains/modal/test/auto/ErrorTransition1.xml
----------------- Instantiating /home/travis/build/icyphy/ptII/ptolemy/domains/modal/test/auto/ErrorTransition1.xml
8 ms. Memory: 577536K Free: 292908K (51%)
----------------- Invoking toplevel() on ptolemy.moml.MoMLSimpleApplication@1b1f64c6
----------------- Done invoking toplevel() on ptolemy.moml.MoMLSimpleApplication@1b1f64c6
reloadAllAccessors: .ErrorTransition1

===========================================================================================
----------------- testing Tue Feb 05 03:30:13 UTC 2019 /home/travis/build/icyphy/ptII/ptolemy/domains/modal/test/auto/ErrorTransition10.xml
----------------- Instantiating /home/travis/build/icyphy/ptII/ptolemy/domains/modal/test/auto/ErrorTransition10.xml
13 ms. Memory: 577536K Free: 275774K (48%)
----------------- Invoking toplevel() on ptolemy.moml.MoMLSimpleApplication@8fb43d2
----------------- Done invoking toplevel() on ptolemy.moml.MoMLSimpleApplication@8fb43d2
reloadAllAccessors: .ErrorTransition10

===========================================================================================
----------------- testing Tue Feb 05 03:30:13 UTC 2019 /home/travis/build/icyphy/ptII/ptolemy/domains/modal/test/auto/ErrorTransition11.xml
----------------- Instantiating /home/travis/build/icyphy/ptII/ptolemy/domains/modal/test/auto/ErrorTransition11.xml
4 ms. Memory: 577536K Free: 261119K (45%)
----------------- Invoking toplevel() on ptolemy.moml.MoMLSimpleApplication@2ea7385
----------------- Done invoking toplevel() on ptolemy.moml.MoMLSimpleApplication@2ea7385
reloadAllAccessors: .ErrorTransition11

===========================================================================================
----------------- testing Tue Feb 05 03:30:13 UTC 2019 /home/travis/build/icyphy/ptII/ptolemy/domains/modal/test/auto/ErrorTransition2.xml
----------------- Instantiating /home/travis/build/icyphy/ptII/ptolemy/domains/modal/test/auto/ErrorTransition2.xml
5 ms. Memory: 577536K Free: 248305K (43%)
----------------- Invoking toplevel() on ptolemy.moml.MoMLSimpleApplication@2aa65cc2
----------------- Done invoking toplevel() on ptolemy.moml.MoMLSimpleApplication@2aa65cc2
reloadAllAccessors: .ErrorTransition2

===========================================================================================
----------------- testing Tue Feb 05 03:30:13 UTC 2019 /home/travis/build/icyphy/ptII/ptolemy/domains/modal/test/auto/ErrorTransition3.xml
----------------- Instantiating /home/travis/build/icyphy/ptII/ptolemy/domains/modal/test/auto/ErrorTransition3.xml
4 ms. Memory: 577536K Free: 238539K (41%)
----------------- Invoking toplevel() on ptolemy.moml.MoMLSimpleApplication@5726c848
----------------- Done invoking toplevel() on ptolemy.moml.MoMLSimpleApplication@5726c848
reloadAllAccessors: .ErrorTransition3

===========================================================================================
----------------- testing Tue Feb 05 03:30:13 UTC 2019 /home/travis/build/icyphy/ptII/ptolemy/domains/modal/test/auto/ErrorTransition4.xml
----------------- Instantiating /home/travis/build/icyphy/ptII/ptolemy/domains/modal/test/auto/ErrorTransition4.xml
8 ms. Memory: 577536K Free: 226316K (39%)
----------------- Invoking toplevel() on ptolemy.moml.MoMLSimpleApplication@5755af28
----------------- Done invoking toplevel() on ptolemy.moml.MoMLSimpleApplication@5755af28
reloadAllAccessors: .ErrorTransition4

===========================================================================================
----------------- testing Tue Feb 05 03:30:13 UTC 2019 /home/travis/build/icyphy/ptII/ptolemy/domains/modal/test/auto/ErrorTransition5.xml
----------------- Instantiating /home/travis/build/icyphy/ptII/ptolemy/domains/modal/test/auto/ErrorTransition5.xml
9 ms. Memory: 577536K Free: 214101K (37%)
----------------- Invoking toplevel() on ptolemy.moml.MoMLSimpleApplication@1cc064cb
----------------- Done invoking toplevel() on ptolemy.moml.MoMLSimpleApplication@1cc064cb
reloadAllAccessors: .ErrorTransition5

===========================================================================================
----------------- testing Tue Feb 05 03:30:13 UTC 2019 /home/travis/build/icyphy/ptII/ptolemy/domains/modal/test/auto/ErrorTransition6.xml
----------------- Instantiating /home/travis/build/icyphy/ptII/ptolemy/domains/modal/test/auto/ErrorTransition6.xml
7 ms. Memory: 577536K Free: 198832K (34%)
----------------- Invoking toplevel() on ptolemy.moml.MoMLSimpleApplication@774e7346
----------------- Done invoking toplevel() on ptolemy.moml.MoMLSimpleApplication@774e7346
reloadAllAccessors: .ErrorTransition6

===========================================================================================
----------------- testing Tue Feb 05 03:30:13 UTC 2019 /home/travis/build/icyphy/ptII/ptolemy/domains/modal/test/auto/ErrorTransition7.xml
----------------- Instantiating /home/travis/build/icyphy/ptII/ptolemy/domains/modal/test/auto/ErrorTransition7.xml
14 ms. Memory: 577536K Free: 181690K (31%)
----------------- Invoking toplevel() on ptolemy.moml.MoMLSimpleApplication@48dc7ab0
----------------- Done invoking toplevel() on ptolemy.moml.MoMLSimpleApplication@48dc7ab0
reloadAllAccessors: .ErrorTransition7

===========================================================================================
----------------- testing Tue Feb 05 03:30:13 UTC 2019 /home/travis/build/icyphy/ptII/ptolemy/domains/modal/test/auto/ErrorTransition8.xml
----------------- Instantiating /home/travis/build/icyphy/ptII/ptolemy/domains/modal/test/auto/ErrorTransition8.xml
35 ms. Memory: 577536K Free: 164564K (28%)
----------------- Invoking toplevel() on ptolemy.moml.MoMLSimpleApplication@6a906695
----------------- Done invoking toplevel() on ptolemy.moml.MoMLSimpleApplication@6a906695
reloadAllAccessors: .ErrorTransition8

===========================================================================================
----------------- testing Tue Feb 05 03:30:14 UTC 2019 /home/travis/build/icyphy/ptII/ptolemy/domains/modal/test/auto/ErrorTransition9.xml
----------------- Instantiating /home/travis/build/icyphy/ptII/ptolemy/domains/modal/test/auto/ErrorTransition9.xml
11 ms. Memory: 577536K Free: 147438K (26%)
----------------- Invoking toplevel() on ptolemy.moml.MoMLSimpleApplication@5603a7ea
----------------- Done invoking toplevel() on ptolemy.moml.MoMLSimpleApplication@5603a7ea
reloadAllAccessors: .ErrorTransition9

===========================================================================================
----------------- testing Tue Feb 05 03:30:14 UTC 2019 /home/travis/build/icyphy/ptII/ptolemy/domains/modal/test/auto/ExtendedFSM.xml
----------------- Instantiating /home/travis/build/icyphy/ptII/ptolemy/domains/modal/test/auto/ExtendedFSM.xml
9 ms. Memory: 577536K Free: 134624K (23%)
----------------- Invoking toplevel() on ptolemy.moml.MoMLSimpleApplication@4efbe246
----------------- Done invoking toplevel() on ptolemy.moml.MoMLSimpleApplication@4efbe246
reloadAllAccessors: .ExtendedFSM

===========================================================================================
----------------- testing Tue Feb 05 03:30:14 UTC 2019 /home/travis/build/icyphy/ptII/ptolemy/domains/modal/test/auto/FinalStates.xml
----------------- Instantiating /home/travis/build/icyphy/ptII/ptolemy/domains/modal/test/auto/FinalStates.xml
6 ms. Memory: 577536K Free: 124833K (22%)
----------------- Invoking toplevel() on ptolemy.moml.MoMLSimpleApplication@61ac2a49
----------------- Done invoking toplevel() on ptolemy.moml.MoMLSimpleApplication@61ac2a49
reloadAllAccessors: .FinalStates

===========================================================================================
----------------- testing Tue Feb 05 03:30:14 UTC 2019 /home/travis/build/icyphy/ptII/ptolemy/domains/modal/test/auto/FixedPointFSM.xml
----------------- Instantiating /home/travis/build/icyphy/ptII/ptolemy/domains/modal/test/auto/FixedPointFSM.xml
18 ms. Memory: 577536K Free: 107738K (19%)
----------------- Invoking toplevel() on ptolemy.moml.MoMLSimpleApplication@f2b8e8b
----------------- Done invoking toplevel() on ptolemy.moml.MoMLSimpleApplication@f2b8e8b
reloadAllAccessors: .FixedPointFSM

===========================================================================================
----------------- testing Tue Feb 05 03:30:14 UTC 2019 /home/travis/build/icyphy/ptII/ptolemy/domains/modal/test/auto/FixedPointIterationFSMActor.xml
----------------- Instantiating /home/travis/build/icyphy/ptII/ptolemy/domains/modal/test/auto/FixedPointIterationFSMActor.xml
6 ms. Memory: 577536K Free: 92492K (16%)
----------------- Invoking toplevel() on ptolemy.moml.MoMLSimpleApplication@4815f4b0
----------------- Done invoking toplevel() on ptolemy.moml.MoMLSimpleApplication@4815f4b0
reloadAllAccessors: .FixedPointIterationFSMActor

===========================================================================================
----------------- testing Tue Feb 05 03:30:14 UTC 2019 /home/travis/build/icyphy/ptII/ptolemy/domains/modal/test/auto/FixedPointIterationFSMActor2.xml
----------------- Instantiating /home/travis/build/icyphy/ptII/ptolemy/domains/modal/test/auto/FixedPointIterationFSMActor2.xml
26 ms. Memory: 578048K Free: 566263K (98%)
----------------- Invoking toplevel() on ptolemy.moml.MoMLSimpleApplication@6b68fa0f
----------------- Done invoking toplevel() on ptolemy.moml.MoMLSimpleApplication@6b68fa0f
reloadAllAccessors: .FixedPointIterationFSMActor2

===========================================================================================
----------------- testing Tue Feb 05 03:30:14 UTC 2019 /home/travis/build/icyphy/ptII/ptolemy/domains/modal/test/auto/ForbiddenInstantanousLoop.xml
----------------- Instantiating /home/travis/build/icyphy/ptII/ptolemy/domains/modal/test/auto/ForbiddenInstantanousLoop.xml
4 ms. Memory: 578048K Free: 547993K (95%)
----------------- Invoking toplevel() on ptolemy.moml.MoMLSimpleApplication@3846fc74
----------------- Done invoking toplevel() on ptolemy.moml.MoMLSimpleApplication@3846fc74
reloadAllAccessors: .ForbiddenInstantanousLoop

===========================================================================================
----------------- testing Tue Feb 05 03:30:14 UTC 2019 /home/travis/build/icyphy/ptII/ptolemy/domains/modal/test/auto/FunctionDependencyOfFSMActorTest.xml
----------------- Instantiating /home/travis/build/icyphy/ptII/ptolemy/domains/modal/test/auto/FunctionDependencyOfFSMActorTest.xml
15 ms. Memory: 578048K Free: 540658K (94%)
----------------- Invoking toplevel() on ptolemy.moml.MoMLSimpleApplication@34d9fb07
----------------- Done invoking toplevel() on ptolemy.moml.MoMLSimpleApplication@34d9fb07
reloadAllAccessors: .FunctionDependencyOfFSMActorTest

===========================================================================================
----------------- testing Tue Feb 05 03:30:14 UTC 2019 /home/travis/build/icyphy/ptII/ptolemy/domains/modal/test/auto/GuardExpression.xml
----------------- Instantiating /home/travis/build/icyphy/ptII/ptolemy/domains/modal/test/auto/GuardExpression.xml
1 ms. Memory: 578048K Free: 531172K (92%)
----------------- Invoking toplevel() on ptolemy.moml.MoMLSimpleApplication@15dedf1b
----------------- Done invoking toplevel() on ptolemy.moml.MoMLSimpleApplication@15dedf1b
reloadAllAccessors: .GuardExpression

===========================================================================================
----------------- testing Tue Feb 05 03:30:14 UTC 2019 /home/travis/build/icyphy/ptII/ptolemy/domains/modal/test/auto/GuardNotEvaluated.xml
----------------- Instantiating /home/travis/build/icyphy/ptII/ptolemy/domains/modal/test/auto/GuardNotEvaluated.xml
5 ms. Memory: 578048K Free: 521413K (90%)
----------------- Invoking toplevel() on ptolemy.moml.MoMLSimpleApplication@46909137
----------------- Done invoking toplevel() on ptolemy.moml.MoMLSimpleApplication@46909137
reloadAllAccessors: .GuardNotEvaluated

===========================================================================================
----------------- testing Tue Feb 05 03:30:14 UTC 2019 /home/travis/build/icyphy/ptII/ptolemy/domains/modal/test/auto/GuardNotEvaluated2.xml
----------------- Instantiating /home/travis/build/icyphy/ptII/ptolemy/domains/modal/test/auto/GuardNotEvaluated2.xml
6 ms. Memory: 578048K Free: 511638K (89%)
----------------- Invoking toplevel() on ptolemy.moml.MoMLSimpleApplication@5b3466a4
----------------- Done invoking toplevel() on ptolemy.moml.MoMLSimpleApplication@5b3466a4
reloadAllAccessors: .GuardNotEvaluated2

===========================================================================================
----------------- testing Tue Feb 05 03:30:14 UTC 2019 /home/travis/build/icyphy/ptII/ptolemy/domains/modal/test/auto/GuardOnAbsent.xml
----------------- Instantiating /home/travis/build/icyphy/ptII/ptolemy/domains/modal/test/auto/GuardOnAbsent.xml
11 ms. Memory: 578048K Free: 499712K (86%)
----------------- Invoking toplevel() on ptolemy.moml.MoMLSimpleApplication@5f99d21a
----------------- Done invoking toplevel() on ptolemy.moml.MoMLSimpleApplication@5f99d21a
reloadAllAccessors: .GuardOnAbsent

===========================================================================================
----------------- testing Tue Feb 05 03:30:14 UTC 2019 /home/travis/build/icyphy/ptII/ptolemy/domains/modal/test/auto/HierarchicalFSMTypeInference.xml
----------------- Instantiating /home/travis/build/icyphy/ptII/ptolemy/domains/modal/test/auto/HierarchicalFSMTypeInference.xml
5 ms. Memory: 578048K Free: 485050K (84%)
----------------- Invoking toplevel() on ptolemy.moml.MoMLSimpleApplication@47d8e5fc
----------------- Done invoking toplevel() on ptolemy.moml.MoMLSimpleApplication@47d8e5fc
reloadAllAccessors: .HierarchicalFSMTypeInference

===========================================================================================
----------------- testing Tue Feb 05 03:30:14 UTC 2019 /home/travis/build/icyphy/ptII/ptolemy/domains/modal/test/auto/Hysteresis.xml
----------------- Instantiating /home/travis/build/icyphy/ptII/ptolemy/domains/modal/test/auto/Hysteresis.xml
14 ms. Memory: 578048K Free: 467948K (81%)
----------------- Invoking toplevel() on ptolemy.moml.MoMLSimpleApplication@3c5ac8c0
----------------- Done invoking toplevel() on ptolemy.moml.MoMLSimpleApplication@3c5ac8c0
reloadAllAccessors: .Hysteresis

===========================================================================================
----------------- testing Tue Feb 05 03:30:14 UTC 2019 /home/travis/build/icyphy/ptII/ptolemy/domains/modal/test/auto/HysteresisWithDefault.xml
----------------- Instantiating /home/travis/build/icyphy/ptII/ptolemy/domains/modal/test/auto/HysteresisWithDefault.xml
30 ms. Memory: 578048K Free: 438888K (76%)
----------------- Invoking toplevel() on ptolemy.moml.MoMLSimpleApplication@72e8faba
----------------- Done invoking toplevel() on ptolemy.moml.MoMLSimpleApplication@72e8faba
reloadAllAccessors: .HysteresisWithDefault

===========================================================================================
----------------- testing Tue Feb 05 03:30:14 UTC 2019 /home/travis/build/icyphy/ptII/ptolemy/domains/modal/test/auto/HysteresisWithDefault2.xml
----------------- Instantiating /home/travis/build/icyphy/ptII/ptolemy/domains/modal/test/auto/HysteresisWithDefault2.xml
37 ms. Memory: 578048K Free: 407068K (70%)
----------------- Invoking toplevel() on ptolemy.moml.MoMLSimpleApplication@6e0b0999
----------------- Done invoking toplevel() on ptolemy.moml.MoMLSimpleApplication@6e0b0999
reloadAllAccessors: .HysteresisWithDefault2

===========================================================================================
----------------- testing Tue Feb 05 03:30:14 UTC 2019 /home/travis/build/icyphy/ptII/ptolemy/domains/modal/test/auto/ImmediateNonConstructiveness.xml
----------------- Instantiating /home/travis/build/icyphy/ptII/ptolemy/domains/modal/test/auto/ImmediateNonConstructiveness.xml
3 ms. Memory: 578048K Free: 395143K (68%)
----------------- Invoking toplevel() on ptolemy.moml.MoMLSimpleApplication@150e77c2
----------------- Done invoking toplevel() on ptolemy.moml.MoMLSimpleApplication@150e77c2
reloadAllAccessors: .ImmediateNonConstructiveness

===========================================================================================
----------------- testing Tue Feb 05 03:30:14 UTC 2019 /home/travis/build/icyphy/ptII/ptolemy/domains/modal/test/auto/ImmediateNonConstructiveness2.xml
----------------- Instantiating /home/travis/build/icyphy/ptII/ptolemy/domains/modal/test/auto/ImmediateNonConstructiveness2.xml
1 ms. Memory: 578048K Free: 385368K (67%)
----------------- Invoking toplevel() on ptolemy.moml.MoMLSimpleApplication@a8518a1
----------------- Done invoking toplevel() on ptolemy.moml.MoMLSimpleApplication@a8518a1
reloadAllAccessors: .ImmediateNonConstructiveness2

===========================================================================================
----------------- testing Tue Feb 05 03:30:14 UTC 2019 /home/travis/build/icyphy/ptII/ptolemy/domains/modal/test/auto/ImmediateTransitionReset.xml
----------------- Instantiating /home/travis/build/icyphy/ptII/ptolemy/domains/modal/test/auto/ImmediateTransitionReset.xml
6 ms. Memory: 578048K Free: 370690K (64%)
----------------- Invoking toplevel() on ptolemy.moml.MoMLSimpleApplication@45905e30
----------------- Done invoking toplevel() on ptolemy.moml.MoMLSimpleApplication@45905e30
reloadAllAccessors: .ImmediateTransitionReset

===========================================================================================
----------------- testing Tue Feb 05 03:30:14 UTC 2019 /home/travis/build/icyphy/ptII/ptolemy/domains/modal/test/auto/ImmediateTransitions1.xml
----------------- Instantiating /home/travis/build/icyphy/ptII/ptolemy/domains/modal/test/auto/ImmediateTransitions1.xml
1 ms. Memory: 578048K Free: 361212K (62%)
----------------- Invoking toplevel() on ptolemy.moml.MoMLSimpleApplication@53d4c871
----------------- Done invoking toplevel() on ptolemy.moml.MoMLSimpleApplication@53d4c871
reloadAllAccessors: .ImmediateTransitions1

===========================================================================================
----------------- testing Tue Feb 05 03:30:14 UTC 2019 /home/travis/build/icyphy/ptII/ptolemy/domains/modal/test/auto/ImmediateTransitionsInstantaneousCommunication.xml
----------------- Instantiating /home/travis/build/icyphy/ptII/ptolemy/domains/modal/test/auto/ImmediateTransitionsInstantaneousCommunication.xml
4 ms. Memory: 578048K Free: 346525K (60%)
----------------- Invoking toplevel() on ptolemy.moml.MoMLSimpleApplication@6cced9fe
----------------- Done invoking toplevel() on ptolemy.moml.MoMLSimpleApplication@6cced9fe
reloadAllAccessors: .ImmediateTransitionsInstantaneousCommunication

===========================================================================================
----------------- testing Tue Feb 05 03:30:14 UTC 2019 /home/travis/build/icyphy/ptII/ptolemy/domains/modal/test/auto/InitialImmediateTransition.xml
----------------- Instantiating /home/travis/build/icyphy/ptII/ptolemy/domains/modal/test/auto/InitialImmediateTransition.xml
3 ms. Memory: 578048K Free: 336735K (58%)
----------------- Invoking toplevel() on ptolemy.moml.MoMLSimpleApplication@388e1c40
----------------- Done invoking toplevel() on ptolemy.moml.MoMLSimpleApplication@388e1c40
reloadAllAccessors: .InitialImmediateTransition

===========================================================================================
----------------- testing Tue Feb 05 03:30:14 UTC 2019 /home/travis/build/icyphy/ptII/ptolemy/domains/modal/test/auto/InitialOutputs.xml
----------------- Instantiating /home/travis/build/icyphy/ptII/ptolemy/domains/modal/test/auto/InitialOutputs.xml
6 ms. Memory: 578048K Free: 324793K (56%)
----------------- Invoking toplevel() on ptolemy.moml.MoMLSimpleApplication@3889d069
----------------- Done invoking toplevel() on ptolemy.moml.MoMLSimpleApplication@3889d069
reloadAllAccessors: .InitialOutputs

===========================================================================================
----------------- testing Tue Feb 05 03:30:14 UTC 2019 /home/travis/build/icyphy/ptII/ptolemy/domains/modal/test/auto/InitialStateTransition1.xml
----------------- Instantiating /home/travis/build/icyphy/ptII/ptolemy/domains/modal/test/auto/InitialStateTransition1.xml
2 ms. Memory: 578048K Free: 315026K (54%)
----------------- Invoking toplevel() on ptolemy.moml.MoMLSimpleApplication@6b7b6bf0
----------------- Done invoking toplevel() on ptolemy.moml.MoMLSimpleApplication@6b7b6bf0
reloadAllAccessors: .InitialStateTransition1

===========================================================================================
----------------- testing Tue Feb 05 03:30:14 UTC 2019 /home/travis/build/icyphy/ptII/ptolemy/domains/modal/test/auto/InitialStateTransition2.xml
----------------- Instantiating /home/travis/build/icyphy/ptII/ptolemy/domains/modal/test/auto/InitialStateTransition2.xml
.InitialStateTransition2.TestExceptionAttributeNonConstructive: initialize() was not invoked, but wrapup() was.  This is unusual, but not always a problem.  For example, exporting JNLP will do this.
1 ms. Memory: 578048K Free: 303109K (52%)
----------------- Invoking toplevel() on ptolemy.moml.MoMLSimpleApplication@5eade090
----------------- Done invoking toplevel() on ptolemy.moml.MoMLSimpleApplication@5eade090
reloadAllAccessors: .InitialStateTransition2

===========================================================================================
----------------- testing Tue Feb 05 03:30:14 UTC 2019 /home/travis/build/icyphy/ptII/ptolemy/domains/modal/test/auto/InitialStateTransition3.xml
----------------- Instantiating /home/travis/build/icyphy/ptII/ptolemy/domains/modal/test/auto/InitialStateTransition3.xml
4 ms. Memory: 578048K Free: 290902K (50%)
----------------- Invoking toplevel() on ptolemy.moml.MoMLSimpleApplication@550784ac
----------------- Done invoking toplevel() on ptolemy.moml.MoMLSimpleApplication@550784ac
reloadAllAccessors: .InitialStateTransition3

===========================================================================================
----------------- testing Tue Feb 05 03:30:14 UTC 2019 /home/travis/build/icyphy/ptII/ptolemy/domains/modal/test/auto/InitialStateTransition4.xml
----------------- Instantiating /home/travis/build/icyphy/ptII/ptolemy/domains/modal/test/auto/InitialStateTransition4.xml
3 ms. Memory: 578048K Free: 278688K (48%)
----------------- Invoking toplevel() on ptolemy.moml.MoMLSimpleApplication@20d9d83b
----------------- Done invoking toplevel() on ptolemy.moml.MoMLSimpleApplication@20d9d83b
[...]
----------------- Done invoking toplevel() on ptolemy.moml.MoMLSimpleApplication@3aa097c6
reloadAllAccessors: .TerminationTransition3

===========================================================================================
----------------- testing Tue Feb 05 03:30:16 UTC 2019 /home/travis/build/icyphy/ptII/ptolemy/domains/modal/test/auto/TerminationTransition4.xml
----------------- Instantiating /home/travis/build/icyphy/ptII/ptolemy/domains/modal/test/auto/TerminationTransition4.xml
5 ms. Memory: 870912K Free: 252834K (29%)
----------------- Invoking toplevel() on ptolemy.moml.MoMLSimpleApplication@7e932d05
----------------- Done invoking toplevel() on ptolemy.moml.MoMLSimpleApplication@7e932d05
reloadAllAccessors: .TerminationTransition4

===========================================================================================
----------------- testing Tue Feb 05 03:30:16 UTC 2019 /home/travis/build/icyphy/ptII/ptolemy/domains/modal/test/auto/TerminationTransition5.xml
----------------- Instantiating /home/travis/build/icyphy/ptII/ptolemy/domains/modal/test/auto/TerminationTransition5.xml
2 ms. Memory: 870912K Free: 230771K (26%)
----------------- Invoking toplevel() on ptolemy.moml.MoMLSimpleApplication@3728de0d
----------------- Done invoking toplevel() on ptolemy.moml.MoMLSimpleApplication@3728de0d
reloadAllAccessors: .TerminationTransition5

===========================================================================================
----------------- testing Tue Feb 05 03:30:16 UTC 2019 /home/travis/build/icyphy/ptII/ptolemy/domains/modal/test/auto/TerminationTransition6.xml
----------------- Instantiating /home/travis/build/icyphy/ptII/ptolemy/domains/modal/test/auto/TerminationTransition6.xml
2 ms. Memory: 870912K Free: 219043K (25%)
----------------- Invoking toplevel() on ptolemy.moml.MoMLSimpleApplication@405c8c9a
----------------- Done invoking toplevel() on ptolemy.moml.MoMLSimpleApplication@405c8c9a
reloadAllAccessors: .TerminationTransition6

===========================================================================================
----------------- testing Tue Feb 05 03:30:16 UTC 2019 /home/travis/build/icyphy/ptII/ptolemy/domains/modal/test/auto/TerminationTransition7.xml
----------------- Instantiating /home/travis/build/icyphy/ptII/ptolemy/domains/modal/test/auto/TerminationTransition7.xml
2 ms. Memory: 870912K Free: 203395K (23%)
----------------- Invoking toplevel() on ptolemy.moml.MoMLSimpleApplication@3fc2d91a
----------------- Done invoking toplevel() on ptolemy.moml.MoMLSimpleApplication@3fc2d91a
reloadAllAccessors: .TerminationTransition7

===========================================================================================
----------------- testing Tue Feb 05 03:30:16 UTC 2019 /home/travis/build/icyphy/ptII/ptolemy/domains/modal/test/auto/TerminationTransition8.xml
----------------- Instantiating /home/travis/build/icyphy/ptII/ptolemy/domains/modal/test/auto/TerminationTransition8.xml
2 ms. Memory: 870912K Free: 185243K (21%)
----------------- Invoking toplevel() on ptolemy.moml.MoMLSimpleApplication@70d9d162
----------------- Done invoking toplevel() on ptolemy.moml.MoMLSimpleApplication@70d9d162
reloadAllAccessors: .TerminationTransition8

===========================================================================================
----------------- testing Tue Feb 05 03:30:16 UTC 2019 /home/travis/build/icyphy/ptII/ptolemy/domains/modal/test/auto/Thermostat_NoHysteresis.xml
----------------- Instantiating /home/travis/build/icyphy/ptII/ptolemy/domains/modal/test/auto/Thermostat_NoHysteresis.xml
21 ms. Memory: 870912K Free: 153970K (18%)
----------------- Invoking toplevel() on ptolemy.moml.MoMLSimpleApplication@2bf11381
----------------- Done invoking toplevel() on ptolemy.moml.MoMLSimpleApplication@2bf11381
reloadAllAccessors: .Thermostat_NoHysteresis

===========================================================================================
----------------- testing Tue Feb 05 03:30:16 UTC 2019 /home/travis/build/icyphy/ptII/ptolemy/domains/modal/test/auto/TimedFSM.xml
----------------- Instantiating /home/travis/build/icyphy/ptII/ptolemy/domains/modal/test/auto/TimedFSM.xml
7 ms. Memory: 870912K Free: 138338K (16%)
----------------- Invoking toplevel() on ptolemy.moml.MoMLSimpleApplication@3a13ec14
----------------- Done invoking toplevel() on ptolemy.moml.MoMLSimpleApplication@3a13ec14
reloadAllAccessors: .TimedFSM

===========================================================================================
----------------- testing Tue Feb 05 03:30:16 UTC 2019 /home/travis/build/icyphy/ptII/ptolemy/domains/modal/test/auto/Timeout1.xml
----------------- Instantiating /home/travis/build/icyphy/ptII/ptolemy/domains/modal/test/auto/Timeout1.xml
2 ms. Memory: 870912K Free: 128019K (15%)
----------------- Invoking toplevel() on ptolemy.moml.MoMLSimpleApplication@1cad8f39
----------------- Done invoking toplevel() on ptolemy.moml.MoMLSimpleApplication@1cad8f39
reloadAllAccessors: .Timeout1

===========================================================================================
----------------- testing Tue Feb 05 03:30:16 UTC 2019 /home/travis/build/icyphy/ptII/ptolemy/domains/modal/test/auto/Timeout2.xml
----------------- Instantiating /home/travis/build/icyphy/ptII/ptolemy/domains/modal/test/auto/Timeout2.xml
4 ms. Memory: 870912K Free: 116291K (13%)
----------------- Invoking toplevel() on ptolemy.moml.MoMLSimpleApplication@198bb2ed
----------------- Done invoking toplevel() on ptolemy.moml.MoMLSimpleApplication@198bb2ed
reloadAllAccessors: .Timeout2

===========================================================================================
----------------- testing Tue Feb 05 03:30:16 UTC 2019 /home/travis/build/icyphy/ptII/ptolemy/domains/modal/test/auto/Timeout3.xml
----------------- Instantiating /home/travis/build/icyphy/ptII/ptolemy/domains/modal/test/auto/Timeout3.xml
2 ms. Memory: 870912K Free: 108483K (12%)
----------------- Invoking toplevel() on ptolemy.moml.MoMLSimpleApplication@29d68284
----------------- Done invoking toplevel() on ptolemy.moml.MoMLSimpleApplication@29d68284
reloadAllAccessors: .Timeout3

===========================================================================================
----------------- testing Tue Feb 05 03:30:16 UTC 2019 /home/travis/build/icyphy/ptII/ptolemy/domains/modal/test/auto/Timeout4.xml
----------------- Instantiating /home/travis/build/icyphy/ptII/ptolemy/domains/modal/test/auto/Timeout4.xml
3 ms. Memory: 870912K Free: 98163K (11%)
----------------- Invoking toplevel() on ptolemy.moml.MoMLSimpleApplication@1b4e5178
----------------- Done invoking toplevel() on ptolemy.moml.MoMLSimpleApplication@1b4e5178
reloadAllAccessors: .Timeout4

===========================================================================================
----------------- testing Tue Feb 05 03:30:16 UTC 2019 /home/travis/build/icyphy/ptII/ptolemy/domains/modal/test/auto/TransientstateModelAdvanced.xml
----------------- Instantiating /home/travis/build/icyphy/ptII/ptolemy/domains/modal/test/auto/TransientstateModelAdvanced.xml
3 ms. Memory: 870912K Free: 82531K (9%)
----------------- Invoking toplevel() on ptolemy.moml.MoMLSimpleApplication@7887d16e
----------------- Done invoking toplevel() on ptolemy.moml.MoMLSimpleApplication@7887d16e
reloadAllAccessors: .TransientstateModelAdvanced

===========================================================================================
----------------- testing Tue Feb 05 03:30:17 UTC 2019 /home/travis/build/icyphy/ptII/ptolemy/domains/modal/test/auto/TransientstateModelAdvanced2.xml
----------------- Instantiating /home/travis/build/icyphy/ptII/ptolemy/domains/modal/test/auto/TransientstateModelAdvanced2.xml
2 ms. Memory: 870912K Free: 843413K (97%)
----------------- Invoking toplevel() on ptolemy.moml.MoMLSimpleApplication@7101e57e
----------------- Done invoking toplevel() on ptolemy.moml.MoMLSimpleApplication@7101e57e
reloadAllAccessors: .transientstatemodelAdvanced

===========================================================================================
----------------- testing Tue Feb 05 03:30:17 UTC 2019 /home/travis/build/icyphy/ptII/ptolemy/domains/modal/test/auto/TransitionRefinements.xml
----------------- Instantiating /home/travis/build/icyphy/ptII/ptolemy/domains/modal/test/auto/TransitionRefinements.xml
4 ms. Memory: 870912K Free: 829721K (95%)
----------------- Invoking toplevel() on ptolemy.moml.MoMLSimpleApplication@7c8e817d
----------------- Done invoking toplevel() on ptolemy.moml.MoMLSimpleApplication@7c8e817d
reloadAllAccessors: .TransitionRefinements

===========================================================================================
----------------- testing Tue Feb 05 03:30:17 UTC 2019 /home/travis/build/icyphy/ptII/ptolemy/domains/modal/test/auto/TwoRefinements1.xml
----------------- Instantiating /home/travis/build/icyphy/ptII/ptolemy/domains/modal/test/auto/TwoRefinements1.xml
3 ms. Memory: 870912K Free: 814104K (93%)
----------------- Invoking toplevel() on ptolemy.moml.MoMLSimpleApplication@13faeea
----------------- Done invoking toplevel() on ptolemy.moml.MoMLSimpleApplication@13faeea
reloadAllAccessors: .TwoRefinements1

===========================================================================================
----------------- testing Tue Feb 05 03:30:17 UTC 2019 /home/travis/build/icyphy/ptII/ptolemy/domains/modal/test/auto/TwoRefinements2.xml
----------------- Instantiating /home/travis/build/icyphy/ptII/ptolemy/domains/modal/test/auto/TwoRefinements2.xml
2 ms. Memory: 870912K Free: 796630K (91%)
----------------- Invoking toplevel() on ptolemy.moml.MoMLSimpleApplication@12d99c02
----------------- Done invoking toplevel() on ptolemy.moml.MoMLSimpleApplication@12d99c02
reloadAllAccessors: .TwoRefinements2

===========================================================================================
----------------- testing Tue Feb 05 03:30:17 UTC 2019 /home/travis/build/icyphy/ptII/ptolemy/domains/modal/test/auto/WeakImmediateTransition.xml
----------------- Instantiating /home/travis/build/icyphy/ptII/ptolemy/domains/modal/test/auto/WeakImmediateTransition.xml
2 ms. Memory: 870912K Free: 784902K (90%)
----------------- Invoking toplevel() on ptolemy.moml.MoMLSimpleApplication@565a3561
----------------- Done invoking toplevel() on ptolemy.moml.MoMLSimpleApplication@565a3561
reloadAllAccessors: .WeakImmediateTransition

===========================================================================================
----------------- testing Tue Feb 05 03:30:17 UTC 2019 /home/travis/build/icyphy/ptII/ptolemy/domains/modal/test/auto/booleanSelect.xml
----------------- Instantiating /home/travis/build/icyphy/ptII/ptolemy/domains/modal/test/auto/booleanSelect.xml
52 ms. Memory: 870912K Free: 763475K (88%)
----------------- Invoking toplevel() on ptolemy.moml.MoMLSimpleApplication@1850e619
----------------- Done invoking toplevel() on ptolemy.moml.MoMLSimpleApplication@1850e619
reloadAllAccessors: .booleanSelect

===========================================================================================
----------------- testing Tue Feb 05 03:30:17 UTC 2019 /home/travis/build/icyphy/ptII/ptolemy/domains/modal/test/auto/modalChangingParams.xml
----------------- Instantiating /home/travis/build/icyphy/ptII/ptolemy/domains/modal/test/auto/modalChangingParams.xml
0
1
0
2
4
6
8
7
0
2
4
6
8
13
0
2
4
6
8
19
0
2
4
6
8
25
0
2
4
6
8
31
0
2
4
6
8
37
0
2
4
6
8
43
0
2
4
6
8
49
0
2
4
6
8
55
0
2
4
6
8
61
0
2
4
6
8
67
0
2
4
6
8
73
0
2
4
6
8
79
0
2
4
6
8
85
0
2
4
6
8
91
0
2
4
6
8
97
0
2
4
6
8
103
0
2
4
6
8
109
0
2
4
6
8
115
0
2
4
6
8
121
0
2
4
6
8
127
0
2
4
6
8
133
0
2
4
6
8
139
0
2
4
6
8
145
0
2
4
6
8
151
0
2
4
6
8
157
0
2
4
6
8
163
0
2
4
6
8
169
0
2
4
6
8
175
0
2
4
6
8
181
0
2
4
6
8
187
0
2
4
6
8
193
0
2
4
6
8
199
0
2
4
6
8
205
0
2
4
6
8
211
0
2
4
6
8
217
0
2
4
6
8
223
0
2
4
6
8
229
0
2
4
6
8
235
0
2
4
6
8
241
0
2
4
6
8
247
0
2
4
6
8
253
0
2
4
6
8
259
0
2
4
6
8
265
0
2
4
6
8
271
0
2
4
6
8
277
0
2
4
6
8
283
0
2
4
6
8
289
0
2
4
6
8
295
0
2
4
6
8
301
0
2
4
6
8
307
0
2
4
6
8
313
0
2
4
6
8
319
0
2
4
6
8
325
0
2
4
6
8
331
0
2
4
6
8
337
0
2
4
6
8
343
0
2
4
6
8
349
0
2
4
6
8
355
0
2
4
6
8
361
0
2
4
6
8
367
0
2
4
6
8
373
0
2
4
6
8
379
0
2
4
6
8
385
0
2
4
6
8
391
0
2
4
6
8
397
0
2
4
6
8
403
0
2
4
6
8
409
0
2
4
6
8
415
0
2
4
6
8
421
0
2
4
6
8
427
0
2
4
6
8
433
0
2
4
6
8
439
0
2
4
6
8
445
0
2
4
6
8
451
0
2
4
6
8
457
0
2
4
6
8
463
0
2
4
6
8
469
0
2
4
6
8
475
0
2
4
6
8
481
0
2
4
6
8
487
0
2
4
6
8
493
0
2
4
6
8
499
0
2
4
6
8
505
0
2
4
6
8
511
0
2
4
6
8
517
0
2
4
6
8
523
0
2
4
6
8
529
0
2
4
6
8
535
0
2
4
6
8
541
0
2
4
6
8
547
0
2
4
6
8
553
0
2
4
6
8
559
0
2
4
6
8
565
0
2
4
6
8
571
0
2
4
6
8
577
0
2
4
6
8
583
0
2
4
6
8
589
0
2
4
6
8
595
0
2
4
6
8
601
0
2
4
6
8
607
0
2
4
6
8
613
0
2
4
6
8
619
0
2
4
6
8
625
0
2
4
6
8
631
0
2
4
6
8
637
0
2
4
6
8
643
0
2
4
6
8
649
0
2
4
6
8
655
0
2
4
6
8
661
0
2
4
6
8
667
0
2
4
6
8
673
0
2
4
6
8
679
0
2
4
6
8
685
0
2
4
6
8
691
0
2
4
6
8
697
0
2
4
6
8
703
0
2
4
6
8
709
0
2
4
6
8
715
0
2
4
6
8
721
0
2
4
6
8
727
0
2
4
6
8
733
0
2
4
6
8
739
0
2
4
6
8
745
0
2
4
6
8
751
0
2
4
6
8
757
0
2
4
6
8
763
0
2
4
6
8
769
0
2
4
6
8
775
0
2
4
6
8
781
0
2
4
6
8
787
0
2
4
6
8
793
0
2
4
6
8
799
0
2
4
6
8
805
0
2
4
6
8
811
0
2
4
6
8
817
0
2
4
6
8
823
0
2
4
6
8
829
0
2
4
6
8
835
0
2
4
6
8
841
0
2
4
6
8
847
0
2
4
6
8
853
0
2
4
6
8
859
0
2
4
6
8
865
0
2
4
6
8
871
0
2
4
6
8
877
0
2
4
6
8
883
0
2
4
6
8
889
0
2
4
6
8
895
0
2
4
6
8
901
0
2
4
6
8
907
0
2
4
6
8
913
0
2
4
6
8
919
0
2
4
6
8
925
0
2
4
6
8
931
0
2
4
6
8
937
0
2
4
6
8
943
0
2
4
6
8
949
0
2
4
6
8
955
0
2
4
6
8
961
0
2
4
6
8
967
0
2
4
6
8
973
0
2
4
6
8
979
0
2
4
6
8
985
0
2
4
6
8
991
0
2
4
6
8
997
0
2
189 ms. Memory: 870912K Free: 646074K (74%)
----------------- Invoking toplevel() on ptolemy.moml.MoMLSimpleApplication@542d02e2
----------------- Done invoking toplevel() on ptolemy.moml.MoMLSimpleApplication@542d02e2
reloadAllAccessors: .modalChangingParams

===========================================================================================
----------------- testing Tue Feb 05 03:30:17 UTC 2019 /home/travis/build/icyphy/ptII/ptolemy/domains/modal/test/auto/modalModel.xml
----------------- Instantiating /home/travis/build/icyphy/ptII/ptolemy/domains/modal/test/auto/modalModel.xml
10 ms. Memory: 870912K Free: 632488K (73%)
----------------- Invoking toplevel() on ptolemy.moml.MoMLSimpleApplication@982be3
----------------- Done invoking toplevel() on ptolemy.moml.MoMLSimpleApplication@982be3
reloadAllAccessors: .modalModel

===========================================================================================
----------------- testing Tue Feb 05 03:30:17 UTC 2019 /home/travis/build/icyphy/ptII/ptolemy/domains/modal/test/auto/modalModel2.xml
----------------- Instantiating /home/travis/build/icyphy/ptII/ptolemy/domains/modal/test/auto/modalModel2.xml
5 ms. Memory: 870912K Free: 620776K (71%)
----------------- Invoking toplevel() on ptolemy.moml.MoMLSimpleApplication@679ee747
----------------- Done invoking toplevel() on ptolemy.moml.MoMLSimpleApplication@679ee747
reloadAllAccessors: .modalModel2

===========================================================================================
----------------- testing Tue Feb 05 03:30:17 UTC 2019 /home/travis/build/icyphy/ptII/ptolemy/domains/modal/test/auto/modalModel3.xml
----------------- Instantiating /home/travis/build/icyphy/ptII/ptolemy/domains/modal/test/auto/modalModel3.xml
0	0	0
3	2	1
6	4	2
9	6	3
4	0	4
7	2	5
10	4	6
13	6	7
8	0	8
11	2	9
14	4	10
17	6	11
12	0	12
15	2	13
18	4	14
27 ms. Memory: 870912K Free: 599365K (69%)
----------------- Invoking toplevel() on ptolemy.moml.MoMLSimpleApplication@63b6ecca
----------------- Done invoking toplevel() on ptolemy.moml.MoMLSimpleApplication@63b6ecca
reloadAllAccessors: .modalModel3

===========================================================================================
----------------- testing Tue Feb 05 03:30:17 UTC 2019 /home/travis/build/icyphy/ptII/ptolemy/domains/modal/test/auto/model1.xml
----------------- Instantiating /home/travis/build/icyphy/ptII/ptolemy/domains/modal/test/auto/model1.xml
9 ms. Memory: 870912K Free: 591557K (68%)
----------------- Invoking toplevel() on ptolemy.moml.MoMLSimpleApplication@4b083788
----------------- Done invoking toplevel() on ptolemy.moml.MoMLSimpleApplication@4b083788
reloadAllAccessors: .model1

===========================================================================================
----------------- testing Tue Feb 05 03:30:17 UTC 2019 /home/travis/build/icyphy/ptII/ptolemy/domains/modal/test/auto/test-direct-in-out.xml
----------------- Instantiating /home/travis/build/icyphy/ptII/ptolemy/domains/modal/test/auto/test-direct-in-out.xml
4 ms. Memory: 870912K Free: 577979K (66%)
----------------- Invoking toplevel() on ptolemy.moml.MoMLSimpleApplication@4b9df525
----------------- Done invoking toplevel() on ptolemy.moml.MoMLSimpleApplication@4b9df525
reloadAllAccessors: .test-direct-in-out
AutoTests.java: About to close Vertx.
AutoTests.java: Vertx closed.
]]></system-out>
  <system-err><![CDATA[java.lang.RuntimeException: Execution failed
	at ptolemy.moml.MoMLSimpleApplication$UnloadThread.run(MoMLSimpleApplication.java:402)
Caused by: ptolemy.kernel.util.IllegalActionException: Unknown inputs remain. Possible causality loop:
L_model_1893289564i

  in .CannotAnalysisWithPreemption.model_1893289564_region_1 and .CannotAnalysisWithPreemption.model_1893289564_region_1.L_model_1893289564i
	at ptolemy.actor.sched.FixedPointDirector.postfire(FixedPointDirector.java:515)
	at ptolemy.domains.sr.kernel.SRDirector.postfire(SRDirector.java:417)
	at ptolemy.actor.CompositeActor.postfire(CompositeActor.java:1668)
	at ptolemy.actor.Manager.iterate(Manager.java:852)
	at ptolemy.actor.Manager.execute(Manager.java:369)
	at ptolemy.actor.Manager.run(Manager.java:1263)
	at ptolemy.actor.Manager$PtolemyRunThread.run(Manager.java:1915)
java.lang.reflect.InvocationTargetException
	at sun.reflect.NativeConstructorAccessorImpl.newInstance0(Native Method)
	at sun.reflect.NativeConstructorAccessorImpl.newInstance(NativeConstructorAccessorImpl.java:62)
	at sun.reflect.DelegatingConstructorAccessorImpl.newInstance(DelegatingConstructorAccessorImpl.java:45)
	at java.lang.reflect.Constructor.newInstance(Constructor.java:423)
	at ptolemy.util.test.junit.AutoKnownFailedTests.RunModel(AutoKnownFailedTests.java:105)
	at sun.reflect.NativeMethodAccessorImpl.invoke0(Native Method)
	at sun.reflect.NativeMethodAccessorImpl.invoke(NativeMethodAccessorImpl.java:62)
	at sun.reflect.DelegatingMethodAccessorImpl.invoke(DelegatingMethodAccessorImpl.java:43)
	at java.lang.reflect.Method.invoke(Method.java:498)
	at org.junit.runners.model.FrameworkMethod$1.runReflectiveCall(FrameworkMethod.java:44)
	at org.junit.internal.runners.model.ReflectiveCallable.run(ReflectiveCallable.java:15)
	at org.junit.runners.model.FrameworkMethod.invokeExplosively(FrameworkMethod.java:41)
	at junitparams.internal.InvokeParameterisedMethod.evaluate(InvokeParameterisedMethod.java:102)
	at org.junit.internal.runners.statements.FailOnTimeout$1.run(FailOnTimeout.java:28)
Caused by: ptolemy.kernel.util.IllegalActionException: Unknown inputs remain. Possible causality loop:
L_model_1893289564i

  in .CannotAnalysisWithPreemption.model_1893289564_region_1 and .CannotAnalysisWithPreemption.model_1893289564_region_1.L_model_1893289564i
	at ptolemy.actor.sched.FixedPointDirector.postfire(FixedPointDirector.java:515)
	at ptolemy.domains.sr.kernel.SRDirector.postfire(SRDirector.java:417)
	at ptolemy.actor.CompositeActor.postfire(CompositeActor.java:1668)
	at ptolemy.actor.Manager.iterate(Manager.java:852)
	at ptolemy.actor.Manager.execute(Manager.java:369)
	at ptolemy.actor.Manager.run(Manager.java:1263)
	at ptolemy.actor.Manager$PtolemyRunThread.run(Manager.java:1915)
]]></system-err>
</testsuite>
