<?xml version="1.0" encoding="UTF-8" ?>
<testsuite errors="0" failures="0" hostname="travis-job-ab510610-999c-4f55-9f87-5b8875fa4a48" name="ptolemy.domains.sdf.test.junit.JUnitTclTest" skipped="0" tests="66" time="19.974" timestamp="2020-01-04T22:56:18">
  <properties>
[...]
</properties>
  <testcase classname="ptolemy.util.test.junit.TclTests" name="[0] /home/travis/build/icyphy/ptII/ptolemy/domains/sdf/test/SDFSchedulerErrors.tcl (RunTclFile)" time="0.81" />
  <testcase classname="ptolemy.util.test.junit.TclTests" name="[1] /home/travis/build/icyphy/ptII/ptolemy/domains/sdf/test/composition.tcl (RunTclFile)" time="0.206" />
  <testcase classname="ptolemy.util.test.junit.TclTests" name="[2] /home/travis/build/icyphy/ptII/ptolemy/domains/sdf/test/cycle.tcl (RunTclFile)" time="0.038" />
  <testcase classname="ptolemy.util.test.junit.AutoKnownFailedTests" name="[0] ThereAreNoKnowFailedTests (RunModel)" time="0.001" />
  <testcase classname="ptolemy.util.test.junit.AutoNameArchTests" name="[0] ThereAreNoAutoArchTests (RunModel)" time="0.001" />
  <testcase classname="ptolemy.util.test.junit.AutoTests" name="[0] /home/travis/build/icyphy/ptII/ptolemy/domains/sdf/test/auto/Array.xml (RunModel)" time="0.284" />
  <testcase classname="ptolemy.util.test.junit.AutoTests" name="[1] /home/travis/build/icyphy/ptII/ptolemy/domains/sdf/test/auto/Butterfly.xml (RunModel)" time="0.117" />
  <testcase classname="ptolemy.util.test.junit.AutoTests" name="[2] /home/travis/build/icyphy/ptII/ptolemy/domains/sdf/test/auto/Expression.xml (RunModel)" time="0.129" />
  <testcase classname="ptolemy.util.test.junit.AutoTests" name="[3] /home/travis/build/icyphy/ptII/ptolemy/domains/sdf/test/auto/Eye.xml (RunModel)" time="0.221" />
  <testcase classname="ptolemy.util.test.junit.AutoTests" name="[4] /home/travis/build/icyphy/ptII/ptolemy/domains/sdf/test/auto/FixFIR.xml (RunModel)" time="0.414" />
  <testcase classname="ptolemy.util.test.junit.AutoTests" name="[5] /home/travis/build/icyphy/ptII/ptolemy/domains/sdf/test/auto/FixPoint.xml (RunModel)" time="0.046" />
  <testcase classname="ptolemy.util.test.junit.AutoTests" name="[6] /home/travis/build/icyphy/ptII/ptolemy/domains/sdf/test/auto/Gravitation.xml (RunModel)" time="3.313" />
  <testcase classname="ptolemy.util.test.junit.AutoTests" name="[7] /home/travis/build/icyphy/ptII/ptolemy/domains/sdf/test/auto/GravitationWithCollisionDetection.xml (RunModel)" time="6.435" />
  <testcase classname="ptolemy.util.test.junit.AutoTests" name="[8] /home/travis/build/icyphy/ptII/ptolemy/domains/sdf/test/auto/HDF.xml (RunModel)" time="0.071" />
  <testcase classname="ptolemy.util.test.junit.AutoTests" name="[9] /home/travis/build/icyphy/ptII/ptolemy/domains/sdf/test/auto/HDFwithTransientStates.xml (RunModel)" time="0.064" />
  <testcase classname="ptolemy.util.test.junit.AutoTests" name="[10] /home/travis/build/icyphy/ptII/ptolemy/domains/sdf/test/auto/HTVQ.xml (RunModel)" time="0.814" />
  <testcase classname="ptolemy.util.test.junit.AutoTests" name="[11] /home/travis/build/icyphy/ptII/ptolemy/domains/sdf/test/auto/InferInitProduction.xml (RunModel)" time="0.028" />
  <testcase classname="ptolemy.util.test.junit.AutoTests" name="[12] /home/travis/build/icyphy/ptII/ptolemy/domains/sdf/test/auto/InferInitProductionDeeper.xml (RunModel)" time="0.019" />
  <testcase classname="ptolemy.util.test.junit.AutoTests" name="[13] /home/travis/build/icyphy/ptII/ptolemy/domains/sdf/test/auto/LMSAdaptive.xml (RunModel)" time="0.081" />
  <testcase classname="ptolemy.util.test.junit.AutoTests" name="[14] /home/travis/build/icyphy/ptII/ptolemy/domains/sdf/test/auto/LogisticMap.xml (RunModel)" time="0.465" />
  <testcase classname="ptolemy.util.test.junit.AutoTests" name="[15] /home/travis/build/icyphy/ptII/ptolemy/domains/sdf/test/auto/MaximumEntropySpectrum.xml (RunModel)" time="0.253" />
  <testcase classname="ptolemy.util.test.junit.AutoTests" name="[16] /home/travis/build/icyphy/ptII/ptolemy/domains/sdf/test/auto/MultirateSDF.xml (RunModel)" time="0.063" />
  <testcase classname="ptolemy.util.test.junit.AutoTests" name="[17] /home/travis/build/icyphy/ptII/ptolemy/domains/sdf/test/auto/MultirateSDFwithTransientStates.xml (RunModel)" time="0.097" />
  <testcase classname="ptolemy.util.test.junit.AutoTests" name="[18] /home/travis/build/icyphy/ptII/ptolemy/domains/sdf/test/auto/NoisySinewave.xml (RunModel)" time="0.078" />
  <testcase classname="ptolemy.util.test.junit.AutoTests" name="[19] /home/travis/build/icyphy/ptII/ptolemy/domains/sdf/test/auto/Objects.xml (RunModel)" time="0.039" />
  <testcase classname="ptolemy.util.test.junit.AutoTests" name="[20] /home/travis/build/icyphy/ptII/ptolemy/domains/sdf/test/auto/OrthogonalCom.xml (RunModel)" time="0.035" />
  <testcase classname="ptolemy.util.test.junit.AutoTests" name="[21] /home/travis/build/icyphy/ptII/ptolemy/domains/sdf/test/auto/RijndaelEncryption.xml (RunModel)" time="0.536" />
  <testcase classname="ptolemy.util.test.junit.AutoTests" name="[22] /home/travis/build/icyphy/ptII/ptolemy/domains/sdf/test/auto/SDFEmptyIterations.xml (RunModel)" time="0.015" />
  <testcase classname="ptolemy.util.test.junit.AutoTests" name="[23] /home/travis/build/icyphy/ptII/ptolemy/domains/sdf/test/auto/Spectrum.xml (RunModel)" time="0.076" />
  <testcase classname="ptolemy.util.test.junit.AutoTests" name="[24] /home/travis/build/icyphy/ptII/ptolemy/domains/sdf/test/auto/de_inside_sdf.xml (RunModel)" time="0.019" />
  <testcase classname="ptolemy.util.test.junit.AutoTests" name="[25] /home/travis/build/icyphy/ptII/ptolemy/domains/sdf/test/auto/disconnectedHierarchicalSDF.xml (RunModel)" time="0.024" />
  <testcase classname="ptolemy.util.test.junit.AutoTests" name="[26] /home/travis/build/icyphy/ptII/ptolemy/domains/sdf/test/auto/disconnectedSDF.xml (RunModel)" time="0.015" />
  <testcase classname="ptolemy.util.test.junit.AutoTests" name="[27] /home/travis/build/icyphy/ptII/ptolemy/domains/sdf/test/auto/emptyRefinement.xml (RunModel)" time="0.022" />
  <testcase classname="ptolemy.util.test.junit.AutoTests" name="[28] /home/travis/build/icyphy/ptII/ptolemy/domains/sdf/test/auto/filePortParameter.xml (RunModel)" time="0.051" />
  <testcase classname="ptolemy.util.test.junit.AutoTests" name="[29] /home/travis/build/icyphy/ptII/ptolemy/domains/sdf/test/auto/inferRelationWidth1.xml (RunModel)" time="0.015" />
  <testcase classname="ptolemy.util.test.junit.AutoTests" name="[30] /home/travis/build/icyphy/ptII/ptolemy/domains/sdf/test/auto/initProductionInference.xml (RunModel)" time="0.025" />
  <testcase classname="ptolemy.util.test.junit.AutoTests" name="[31] /home/travis/build/icyphy/ptII/ptolemy/domains/sdf/test/auto/relationGroup.xml (RunModel)" time="0.02" />
  <testcase classname="ptolemy.util.test.junit.AutoTests" name="[32] /home/travis/build/icyphy/ptII/ptolemy/domains/sdf/test/auto/relationGroup10.xml (RunModel)" time="0.013" />
  <testcase classname="ptolemy.util.test.junit.AutoTests" name="[33] /home/travis/build/icyphy/ptII/ptolemy/domains/sdf/test/auto/relationGroup11.xml (RunModel)" time="0.013" />
  <testcase classname="ptolemy.util.test.junit.AutoTests" name="[34] /home/travis/build/icyphy/ptII/ptolemy/domains/sdf/test/auto/relationGroup12.xml (RunModel)" time="0.012" />
  <testcase classname="ptolemy.util.test.junit.AutoTests" name="[35] /home/travis/build/icyphy/ptII/ptolemy/domains/sdf/test/auto/relationGroup13.xml (RunModel)" time="0.015" />
  <testcase classname="ptolemy.util.test.junit.AutoTests" name="[36] /home/travis/build/icyphy/ptII/ptolemy/domains/sdf/test/auto/relationGroup14.xml (RunModel)" time="0.017" />
  <testcase classname="ptolemy.util.test.junit.AutoTests" name="[37] /home/travis/build/icyphy/ptII/ptolemy/domains/sdf/test/auto/relationGroup15.xml (RunModel)" time="0.011" />
  <testcase classname="ptolemy.util.test.junit.AutoTests" name="[38] /home/travis/build/icyphy/ptII/ptolemy/domains/sdf/test/auto/relationGroup2.xml (RunModel)" time="0.012" />
  <testcase classname="ptolemy.util.test.junit.AutoTests" name="[39] /home/travis/build/icyphy/ptII/ptolemy/domains/sdf/test/auto/relationGroup3.xml (RunModel)" time="0.007" />
  <testcase classname="ptolemy.util.test.junit.AutoTests" name="[40] /home/travis/build/icyphy/ptII/ptolemy/domains/sdf/test/auto/relationGroup4.xml (RunModel)" time="0.012" />
  <testcase classname="ptolemy.util.test.junit.AutoTests" name="[41] /home/travis/build/icyphy/ptII/ptolemy/domains/sdf/test/auto/relationGroup5.xml (RunModel)" time="0.011" />
  <testcase classname="ptolemy.util.test.junit.AutoTests" name="[42] /home/travis/build/icyphy/ptII/ptolemy/domains/sdf/test/auto/relationGroup6.xml (RunModel)" time="0.009" />
  <testcase classname="ptolemy.util.test.junit.AutoTests" name="[43] /home/travis/build/icyphy/ptII/ptolemy/domains/sdf/test/auto/relationGroup7.xml (RunModel)" time="0.009" />
  <testcase classname="ptolemy.util.test.junit.AutoTests" name="[44] /home/travis/build/icyphy/ptII/ptolemy/domains/sdf/test/auto/relationGroup8.xml (RunModel)" time="0.013" />
  <testcase classname="ptolemy.util.test.junit.AutoTests" name="[45] /home/travis/build/icyphy/ptII/ptolemy/domains/sdf/test/auto/relationGroup9.xml (RunModel)" time="0.011" />
  <testcase classname="ptolemy.util.test.junit.AutoTests" name="[46] /home/travis/build/icyphy/ptII/ptolemy/domains/sdf/test/auto/sdf_inside_de.xml (RunModel)" time="0.031" />
  <testcase classname="ptolemy.util.test.junit.AutoTests" name="[47] /home/travis/build/icyphy/ptII/ptolemy/domains/sdf/test/auto/sdf_inside_pn.xml (RunModel)" time="0.041" />
  <testcase classname="ptolemy.util.test.junit.AutoTests" name="[48] /home/travis/build/icyphy/ptII/ptolemy/domains/sdf/test/auto/sdf_sdf1.xml (RunModel)" time="0.025" />
  <testcase classname="ptolemy.util.test.junit.AutoTests" name="[49] /home/travis/build/icyphy/ptII/ptolemy/domains/sdf/test/auto/test1.xml (RunModel)" time="0.013" />
  <testcase classname="ptolemy.util.test.junit.AutoTests" name="[50] /home/travis/build/icyphy/ptII/ptolemy/domains/sdf/test/auto/time1.xml (RunModel)" time="0.009" />
  <testcase classname="ptolemy.util.test.junit.AutoTests" name="[51] /home/travis/build/icyphy/ptII/ptolemy/domains/sdf/test/auto/time2.xml (RunModel)" time="0.008" />
  <testcase classname="ptolemy.util.test.junit.AutoTests" name="[52] /home/travis/build/icyphy/ptII/ptolemy/domains/sdf/test/auto/time3.xml (RunModel)" time="0.018" />
  <testcase classname="ptolemy.util.test.junit.AutoTests" name="[53] /home/travis/build/icyphy/ptII/ptolemy/domains/sdf/test/auto/time4.xml (RunModel)" time="0.015" />
  <testcase classname="ptolemy.util.test.junit.AutoTests" name="[54] /home/travis/build/icyphy/ptII/ptolemy/domains/sdf/test/auto/time5.xml (RunModel)" time="4.008" />
  <testcase classname="ptolemy.util.test.junit.AutoTests" name="[55] /home/travis/build/icyphy/ptII/ptolemy/domains/sdf/test/auto/typeSystem_Const_Integer_smallest_Type.xml (RunModel)" time="0.025" />
  <testcase classname="ptolemy.util.test.junit.AutoTests" name="[56] /home/travis/build/icyphy/ptII/ptolemy/domains/sdf/test/auto/typeSystem_declared_Inports_OutportTypeException.xml (RunModel)" time="0.018" />
  <testcase classname="ptolemy.util.test.junit.AutoTests" name="[57] /home/travis/build/icyphy/ptII/ptolemy/domains/sdf/test/auto/typeSystem_oneDeclaredInportType_wrongTypeOutport.xml (RunModel)" time="0.015" />
  <testcase classname="ptolemy.util.test.junit.AutoTests" name="[58] /home/travis/build/icyphy/ptII/ptolemy/domains/sdf/test/auto/width.xml (RunModel)" time="0.009" />
  <testcase classname="ptolemy.util.test.junit.AutoTests" name="[59] /home/travis/build/icyphy/ptII/ptolemy/domains/sdf/test/auto/width2.xml (RunModel)" time="0.03" />
  <testcase classname="ptolemy.util.test.junit.AutoTests" name="[60] /home/travis/build/icyphy/ptII/ptolemy/domains/sdf/test/auto/width3.xml (RunModel)" time="0.033" />
  <system-out><![CDATA[/home/travis/build/icyphy/ptII/ptolemy/domains/sdf/test/SDFSchedulerErrors.tcl
testDefs.tcl: setting time out to 9000 seconds at Sat Jan 04 22:56:18 UTC 2020
52 ms. Memory: 129024K Free: 89027K (69%)
8 ms. Memory: 129024K Free: 81330K (63%)
6 ms. Memory: 129024K Free: 74691K (58%)
5 ms. Memory: 129024K Free: 71619K (56%)
/home/travis/build/icyphy/ptII/ptolemy/domains/sdf/test/composition.tcl
39 ms. Memory: 129024K Free: 68033K (53%)
16 ms. Memory: 129024K Free: 65985K (51%)
/home/travis/build/icyphy/ptII/ptolemy/domains/sdf/test/cycle.tcl
.Toplevel.Director Preinitializing ...
Invoking preinitialize():  .Toplevel.Actor1
Invoking preinitialize():  .Toplevel.Actor2
Invoking preinitialize():  .Toplevel.Delay
.Toplevel.Director Finished preinitialize().
### Schedule:
Execute Schedule{
Fire Actor ptolemy.domains.sdf.kernel.test.SDFTestDelay {.Toplevel.Actor1}
Fire Actor ptolemy.domains.sdf.kernel.test.SDFTestDelay {.Toplevel.Actor2}
Fire Actor ptolemy.domains.sdf.lib.SampleDelay {.Toplevel.Delay}
}
### End schedule
Called initialize().
Invoking initialize():  .Toplevel.Actor1
Initializing actor: .Toplevel.Actor1.
Invoking initialize():  .Toplevel.Actor2
Initializing actor: .Toplevel.Actor2.
Invoking initialize():  .Toplevel.Delay
Initializing actor: .Toplevel.Delay.
Director: Called prefire().
-- Setting current time to 0.0
Director prefire returns true.
The actor .Toplevel.Actor1 will be iterated.
The actor .Toplevel.Actor1 was iterated.
The actor .Toplevel.Actor2 will be iterated.
The actor .Toplevel.Actor2 was iterated.
The actor .Toplevel.Delay will be iterated.
The actor .Toplevel.Delay was iterated.
Director: Called postfire().
Postfire returns: true
Director: Called prefire().
-- Setting current time to 0.0
Director prefire returns true.
The actor .Toplevel.Actor1 will be iterated.
The actor .Toplevel.Actor1 was iterated.
The actor .Toplevel.Actor2 will be iterated.
The actor .Toplevel.Actor2 was iterated.
The actor .Toplevel.Delay will be iterated.
The actor .Toplevel.Delay was iterated.
Director: Called postfire().
Postfire returns: true
Director: Called prefire().
-- Setting current time to 0.0
Director prefire returns true.
The actor .Toplevel.Actor1 will be iterated.
The actor .Toplevel.Actor1 was iterated.
The actor .Toplevel.Actor2 will be iterated.
The actor .Toplevel.Actor2 was iterated.
The actor .Toplevel.Delay will be iterated.
The actor .Toplevel.Delay was iterated.
Director: Called postfire().
Postfire returns: true
Director: Called prefire().
-- Setting current time to 0.0
Director prefire returns true.
The actor .Toplevel.Actor1 will be iterated.
The actor .Toplevel.Actor1 was iterated.
The actor .Toplevel.Actor2 will be iterated.
The actor .Toplevel.Actor2 was iterated.
The actor .Toplevel.Delay will be iterated.
The actor .Toplevel.Delay was iterated.
Director: Called postfire().
Postfire returns: true
Director: Called prefire().
-- Setting current time to 0.0
Director prefire returns true.
The actor .Toplevel.Actor1 will be iterated.
The actor .Toplevel.Actor1 was iterated.
The actor .Toplevel.Actor2 will be iterated.
The actor .Toplevel.Actor2 was iterated.
The actor .Toplevel.Delay will be iterated.
The actor .Toplevel.Delay was iterated.
Director: Called postfire().
Postfire returns: true
Director: Called prefire().
-- Setting current time to 0.0
Director prefire returns true.
The actor .Toplevel.Actor1 will be iterated.
The actor .Toplevel.Actor1 was iterated.
The actor .Toplevel.Actor2 will be iterated.
The actor .Toplevel.Actor2 was iterated.
The actor .Toplevel.Delay will be iterated.
The actor .Toplevel.Delay was iterated.
Reached specified number of iterations: 6
Director: Called wrapup().
20 ms. Memory: 129024K Free: 62913K (49%)
01/04/20 10:56:19
Failed: 0  Total Tests: 8  ((Passed: 8, Newly Passed: 0)  Known Failed: 0) /home/travis/build/icyphy/ptII/ptolemy/domains/sdf/test
No auto/knownFailedTests/*.xml tests in /home/travis/build/icyphy/ptII/ptolemy/domains/sdf/test
No auto/linux-amd64/*.xml tests in /home/travis/build/icyphy/ptII/ptolemy/domains/sdf/test
AutoTests.java: About to close Vertx.
AutoTests.java: Vertx closed.

===========================================================================================
----------------- testing Sat Jan 04 22:56:20 UTC 2020 /home/travis/build/icyphy/ptII/ptolemy/domains/sdf/test/auto/Array.xml
----------------- Instantiating /home/travis/build/icyphy/ptII/ptolemy/domains/sdf/test/auto/Array.xml
51 ms. Memory: 129024K Free: 110911K (86%)
----------------- Invoking toplevel() on ptolemy.moml.MoMLSimpleApplication@2269d620
----------------- Done invoking toplevel() on ptolemy.moml.MoMLSimpleApplication@2269d620
reloadAllAccessors: .Array

===========================================================================================
----------------- testing Sat Jan 04 22:56:20 UTC 2020 /home/travis/build/icyphy/ptII/ptolemy/domains/sdf/test/auto/Butterfly.xml
----------------- Instantiating /home/travis/build/icyphy/ptII/ptolemy/domains/sdf/test/auto/Butterfly.xml
77 ms. Memory: 129024K Free: 105052K (81%)
----------------- Invoking toplevel() on ptolemy.moml.MoMLSimpleApplication@5a9c3087
----------------- Done invoking toplevel() on ptolemy.moml.MoMLSimpleApplication@5a9c3087
reloadAllAccessors: .Butterfly

===========================================================================================
----------------- testing Sat Jan 04 22:56:20 UTC 2020 /home/travis/build/icyphy/ptII/ptolemy/domains/sdf/test/auto/Expression.xml
----------------- Instantiating /home/travis/build/icyphy/ptII/ptolemy/domains/sdf/test/auto/Expression.xml
66 ms. Memory: 129024K Free: 100383K (78%)
----------------- Invoking toplevel() on ptolemy.moml.MoMLSimpleApplication@7aa68be1
----------------- Done invoking toplevel() on ptolemy.moml.MoMLSimpleApplication@7aa68be1
reloadAllAccessors: .Expression

===========================================================================================
----------------- testing Sat Jan 04 22:56:20 UTC 2020 /home/travis/build/icyphy/ptII/ptolemy/domains/sdf/test/auto/Eye.xml
----------------- Instantiating /home/travis/build/icyphy/ptII/ptolemy/domains/sdf/test/auto/Eye.xml
130 ms. Memory: 129024K Free: 102370K (79%)
----------------- Invoking toplevel() on ptolemy.moml.MoMLSimpleApplication@1cfbec31
----------------- Done invoking toplevel() on ptolemy.moml.MoMLSimpleApplication@1cfbec31
reloadAllAccessors: .Eye

===========================================================================================
----------------- testing Sat Jan 04 22:56:20 UTC 2020 /home/travis/build/icyphy/ptII/ptolemy/domains/sdf/test/auto/FixFIR.xml
----------------- Instantiating /home/travis/build/icyphy/ptII/ptolemy/domains/sdf/test/auto/FixFIR.xml
202 ms. Memory: 129024K Free: 105976K (82%)
----------------- Invoking toplevel() on ptolemy.moml.MoMLSimpleApplication@2b09fcd1
----------------- Done invoking toplevel() on ptolemy.moml.MoMLSimpleApplication@2b09fcd1
reloadAllAccessors: .FixFIR

===========================================================================================
----------------- testing Sat Jan 04 22:56:21 UTC 2020 /home/travis/build/icyphy/ptII/ptolemy/domains/sdf/test/auto/FixPoint.xml
----------------- Instantiating /home/travis/build/icyphy/ptII/ptolemy/domains/sdf/test/auto/FixPoint.xml
9 ms. Memory: 129024K Free: 101387K (79%)
----------------- Invoking toplevel() on ptolemy.moml.MoMLSimpleApplication@2405f25d
----------------- Done invoking toplevel() on ptolemy.moml.MoMLSimpleApplication@2405f25d
reloadAllAccessors: .FixPoint

===========================================================================================
----------------- testing Sat Jan 04 22:56:21 UTC 2020 /home/travis/build/icyphy/ptII/ptolemy/domains/sdf/test/auto/Gravitation.xml
----------------- Instantiating /home/travis/build/icyphy/ptII/ptolemy/domains/sdf/test/auto/Gravitation.xml
3215 ms. Memory: 156672K Free: 70823K (45%)
----------------- Invoking toplevel() on ptolemy.moml.MoMLSimpleApplication@6e7e80c2
----------------- Done invoking toplevel() on ptolemy.moml.MoMLSimpleApplication@6e7e80c2
reloadAllAccessors: .Gravitation

===========================================================================================
----------------- testing Sat Jan 04 22:56:24 UTC 2020 /home/travis/build/icyphy/ptII/ptolemy/domains/sdf/test/auto/GravitationWithCollisionDetection.xml
----------------- Instantiating /home/travis/build/icyphy/ptII/ptolemy/domains/sdf/test/auto/GravitationWithCollisionDetection.xml
6234 ms. Memory: 327680K Free: 244406K (75%)
----------------- Invoking toplevel() on ptolemy.moml.MoMLSimpleApplication@5bdbad79
----------------- Done invoking toplevel() on ptolemy.moml.MoMLSimpleApplication@5bdbad79
reloadAllAccessors: .GravitationWithCollisionDetection

===========================================================================================
----------------- testing Sat Jan 04 22:56:31 UTC 2020 /home/travis/build/icyphy/ptII/ptolemy/domains/sdf/test/auto/HDF.xml
----------------- Instantiating /home/travis/build/icyphy/ptII/ptolemy/domains/sdf/test/auto/HDF.xml
23 ms. Memory: 327680K Free: 229032K (70%)
----------------- Invoking toplevel() on ptolemy.moml.MoMLSimpleApplication@4dac9737
----------------- Done invoking toplevel() on ptolemy.moml.MoMLSimpleApplication@4dac9737
reloadAllAccessors: .HDF

===========================================================================================
----------------- testing Sat Jan 04 22:56:31 UTC 2020 /home/travis/build/icyphy/ptII/ptolemy/domains/sdf/test/auto/HDFwithTransientStates.xml
----------------- Instantiating /home/travis/build/icyphy/ptII/ptolemy/domains/sdf/test/auto/HDFwithTransientStates.xml
23 ms. Memory: 327680K Free: 210104K (64%)
----------------- Invoking toplevel() on ptolemy.moml.MoMLSimpleApplication@32acb284
----------------- Done invoking toplevel() on ptolemy.moml.MoMLSimpleApplication@32acb284
reloadAllAccessors: .HDFwithTransientStates

===========================================================================================
----------------- testing Sat Jan 04 22:56:31 UTC 2020 /home/travis/build/icyphy/ptII/ptolemy/domains/sdf/test/auto/HTVQ.xml
----------------- Instantiating /home/travis/build/icyphy/ptII/ptolemy/domains/sdf/test/auto/HTVQ.xml
781 ms. Memory: 327680K Free: 235349K (72%)
----------------- Invoking toplevel() on ptolemy.moml.MoMLSimpleApplication@68a3e38
----------------- Done invoking toplevel() on ptolemy.moml.MoMLSimpleApplication@68a3e38
reloadAllAccessors: .HTVQ

===========================================================================================
----------------- testing Sat Jan 04 22:56:32 UTC 2020 /home/travis/build/icyphy/ptII/ptolemy/domains/sdf/test/auto/InferInitProduction.xml
----------------- Instantiating /home/travis/build/icyphy/ptII/ptolemy/domains/sdf/test/auto/InferInitProduction.xml
4 ms. Memory: 327680K Free: 229800K (70%)
----------------- Invoking toplevel() on ptolemy.moml.MoMLSimpleApplication@29db6115
----------------- Done invoking toplevel() on ptolemy.moml.MoMLSimpleApplication@29db6115
reloadAllAccessors: .InferInitProduction

===========================================================================================
----------------- testing Sat Jan 04 22:56:32 UTC 2020 /home/travis/build/icyphy/ptII/ptolemy/domains/sdf/test/auto/InferInitProductionDeeper.xml
----------------- Instantiating /home/travis/build/icyphy/ptII/ptolemy/domains/sdf/test/auto/InferInitProductionDeeper.xml
3 ms. Memory: 327680K Free: 224184K (68%)
----------------- Invoking toplevel() on ptolemy.moml.MoMLSimpleApplication@647fab05
----------------- Done invoking toplevel() on ptolemy.moml.MoMLSimpleApplication@647fab05
reloadAllAccessors: .InferInitProductionDeeper

===========================================================================================
----------------- testing Sat Jan 04 22:56:32 UTC 2020 /home/travis/build/icyphy/ptII/ptolemy/domains/sdf/test/auto/LMSAdaptive.xml
----------------- Instantiating /home/travis/build/icyphy/ptII/ptolemy/domains/sdf/test/auto/LMSAdaptive.xml
14 ms. Memory: 327680K Free: 214968K (66%)
----------------- Invoking toplevel() on ptolemy.moml.MoMLSimpleApplication@629170df
----------------- Done invoking toplevel() on ptolemy.moml.MoMLSimpleApplication@629170df
reloadAllAccessors: .LMSAdaptive

===========================================================================================
----------------- testing Sat Jan 04 22:56:32 UTC 2020 /home/travis/build/icyphy/ptII/ptolemy/domains/sdf/test/auto/LogisticMap.xml
----------------- Instantiating /home/travis/build/icyphy/ptII/ptolemy/domains/sdf/test/auto/LogisticMap.xml
439 ms. Memory: 327680K Free: 208824K (64%)
----------------- Invoking toplevel() on ptolemy.moml.MoMLSimpleApplication@6fc5b4b9
----------------- Done invoking toplevel() on ptolemy.moml.MoMLSimpleApplication@6fc5b4b9
reloadAllAccessors: .LogisticMap

===========================================================================================
----------------- testing Sat Jan 04 22:56:32 UTC 2020 /home/travis/build/icyphy/ptII/ptolemy/domains/sdf/test/auto/MaximumEntropySpectrum.xml
----------------- Instantiating /home/travis/build/icyphy/ptII/ptolemy/domains/sdf/test/auto/MaximumEntropySpectrum.xml
70 ms. Memory: 327680K Free: 147384K (45%)
----------------- Invoking toplevel() on ptolemy.moml.MoMLSimpleApplication@7b38440f
----------------- Done invoking toplevel() on ptolemy.moml.MoMLSimpleApplication@7b38440f
reloadAllAccessors: .MaximumEntropySpectrum

===========================================================================================
----------------- testing Sat Jan 04 22:56:32 UTC 2020 /home/travis/build/icyphy/ptII/ptolemy/domains/sdf/test/auto/MultirateSDF.xml
----------------- Instantiating /home/travis/build/icyphy/ptII/ptolemy/domains/sdf/test/auto/MultirateSDF.xml
21 ms. Memory: 327680K Free: 133048K (41%)
----------------- Invoking toplevel() on ptolemy.moml.MoMLSimpleApplication@10554a77
----------------- Done invoking toplevel() on ptolemy.moml.MoMLSimpleApplication@10554a77
reloadAllAccessors: .MultirateSDF

===========================================================================================
----------------- testing Sat Jan 04 22:56:33 UTC 2020 /home/travis/build/icyphy/ptII/ptolemy/domains/sdf/test/auto/MultirateSDFwithTransientStates.xml
----------------- Instantiating /home/travis/build/icyphy/ptII/ptolemy/domains/sdf/test/auto/MultirateSDFwithTransientStates.xml
34 ms. Memory: 327680K Free: 306670K (94%)
----------------- Invoking toplevel() on ptolemy.moml.MoMLSimpleApplication@255779d2
----------------- Done invoking toplevel() on ptolemy.moml.MoMLSimpleApplication@255779d2
reloadAllAccessors: .MultirateSDFwithTransientStates

===========================================================================================
----------------- testing Sat Jan 04 22:56:33 UTC 2020 /home/travis/build/icyphy/ptII/ptolemy/domains/sdf/test/auto/NoisySinewave.xml
----------------- Instantiating /home/travis/build/icyphy/ptII/ptolemy/domains/sdf/test/auto/NoisySinewave.xml
10 ms. Memory: 327680K Free: 287166K (88%)
----------------- Invoking toplevel() on ptolemy.moml.MoMLSimpleApplication@6f2010d4
----------------- Done invoking toplevel() on ptolemy.moml.MoMLSimpleApplication@6f2010d4
reloadAllAccessors: .NoisySinewave

===========================================================================================
----------------- testing Sat Jan 04 22:56:33 UTC 2020 /home/travis/build/icyphy/ptII/ptolemy/domains/sdf/test/auto/Objects.xml
----------------- Instantiating /home/travis/build/icyphy/ptII/ptolemy/domains/sdf/test/auto/Objects.xml
3 ms. Memory: 327680K Free: 278974K (85%)
----------------- Invoking toplevel() on ptolemy.moml.MoMLSimpleApplication@7527ea53
----------------- Done invoking toplevel() on ptolemy.moml.MoMLSimpleApplication@7527ea53
reloadAllAccessors: .Objects

===========================================================================================
----------------- testing Sat Jan 04 22:56:33 UTC 2020 /home/travis/build/icyphy/ptII/ptolemy/domains/sdf/test/auto/OrthogonalCom.xml
----------------- Instantiating /home/travis/build/icyphy/ptII/ptolemy/domains/sdf/test/auto/OrthogonalCom.xml
5 ms. Memory: 327680K Free: 271292K (83%)
----------------- Invoking toplevel() on ptolemy.moml.MoMLSimpleApplication@32b61e09
----------------- Done invoking toplevel() on ptolemy.moml.MoMLSimpleApplication@32b61e09
reloadAllAccessors: .OrthogonalCom

===========================================================================================
----------------- testing Sat Jan 04 22:56:33 UTC 2020 /home/travis/build/icyphy/ptII/ptolemy/domains/sdf/test/auto/RijndaelEncryption.xml
----------------- Instantiating /home/travis/build/icyphy/ptII/ptolemy/domains/sdf/test/auto/RijndaelEncryption.xml
279 ms. Memory: 327680K Free: 124350K (38%)
----------------- Invoking toplevel() on ptolemy.moml.MoMLSimpleApplication@1f672bbe
----------------- Done invoking toplevel() on ptolemy.moml.MoMLSimpleApplication@1f672bbe
reloadAllAccessors: .RijndaelEncryption

===========================================================================================
----------------- testing Sat Jan 04 22:56:33 UTC 2020 /home/travis/build/icyphy/ptII/ptolemy/domains/sdf/test/auto/SDFEmptyIterations.xml
----------------- Instantiating /home/travis/build/icyphy/ptII/ptolemy/domains/sdf/test/auto/SDFEmptyIterations.xml
5 ms. Memory: 327680K Free: 120254K (37%)
----------------- Invoking toplevel() on ptolemy.moml.MoMLSimpleApplication@34f335b1
----------------- Done invoking toplevel() on ptolemy.moml.MoMLSimpleApplication@34f335b1
reloadAllAccessors: .SDFEmptyIterations

===========================================================================================
----------------- testing Sat Jan 04 22:56:33 UTC 2020 /home/travis/build/icyphy/ptII/ptolemy/domains/sdf/test/auto/Spectrum.xml
----------------- Instantiating /home/travis/build/icyphy/ptII/ptolemy/domains/sdf/test/auto/Spectrum.xml
22 ms. Memory: 327680K Free: 291316K (89%)
----------------- Invoking toplevel() on ptolemy.moml.MoMLSimpleApplication@30f9ffc3
----------------- Done invoking toplevel() on ptolemy.moml.MoMLSimpleApplication@30f9ffc3
reloadAllAccessors: .Spectrum

===========================================================================================
----------------- testing Sat Jan 04 22:56:33 UTC 2020 /home/travis/build/icyphy/ptII/ptolemy/domains/sdf/test/auto/de_inside_sdf.xml
----------------- Instantiating /home/travis/build/icyphy/ptII/ptolemy/domains/sdf/test/auto/de_inside_sdf.xml
5 ms. Memory: 327680K Free: 286196K (87%)
----------------- Invoking toplevel() on ptolemy.moml.MoMLSimpleApplication@6d138f4e
----------------- Done invoking toplevel() on ptolemy.moml.MoMLSimpleApplication@6d138f4e
reloadAllAccessors: .de_inside_sdf

===========================================================================================
----------------- testing Sat Jan 04 22:56:33 UTC 2020 /home/travis/build/icyphy/ptII/ptolemy/domains/sdf/test/auto/disconnectedHierarchicalSDF.xml
----------------- Instantiating /home/travis/build/icyphy/ptII/ptolemy/domains/sdf/test/auto/disconnectedHierarchicalSDF.xml
3 ms. Memory: 327680K Free: 280052K (85%)
----------------- Invoking toplevel() on ptolemy.moml.MoMLSimpleApplication@25bb2cc9
----------------- Done invoking toplevel() on ptolemy.moml.MoMLSimpleApplication@25bb2cc9
reloadAllAccessors: .disconnectedHierarchicalSDF

===========================================================================================
----------------- testing Sat Jan 04 22:56:33 UTC 2020 /home/travis/build/icyphy/ptII/ptolemy/domains/sdf/test/auto/disconnectedSDF.xml
----------------- Instantiating /home/travis/build/icyphy/ptII/ptolemy/domains/sdf/test/auto/disconnectedSDF.xml
2 ms. Memory: 327680K Free: 275956K (84%)
----------------- Invoking toplevel() on ptolemy.moml.MoMLSimpleApplication@16484d0b
----------------- Done invoking toplevel() on ptolemy.moml.MoMLSimpleApplication@16484d0b
reloadAllAccessors: .disconnectedSDF

===========================================================================================
----------------- testing Sat Jan 04 22:56:33 UTC 2020 /home/travis/build/icyphy/ptII/ptolemy/domains/sdf/test/auto/emptyRefinement.xml
----------------- Instantiating /home/travis/build/icyphy/ptII/ptolemy/domains/sdf/test/auto/emptyRefinement.xml
5 ms. Memory: 327680K Free: 271346K (83%)
----------------- Invoking toplevel() on ptolemy.moml.MoMLSimpleApplication@2515fda2
----------------- Done invoking toplevel() on ptolemy.moml.MoMLSimpleApplication@2515fda2
reloadAllAccessors: .emptyRefinement

===========================================================================================
----------------- testing Sat Jan 04 22:56:34 UTC 2020 /home/travis/build/icyphy/ptII/ptolemy/domains/sdf/test/auto/filePortParameter.xml
----------------- Instantiating /home/travis/build/icyphy/ptII/ptolemy/domains/sdf/test/auto/filePortParameter.xml
21 ms. Memory: 327680K Free: 264178K (81%)
----------------- Invoking toplevel() on ptolemy.moml.MoMLSimpleApplication@2706c963
----------------- Done invoking toplevel() on ptolemy.moml.MoMLSimpleApplication@2706c963
reloadAllAccessors: .filePortParameter

===========================================================================================
----------------- testing Sat Jan 04 22:56:34 UTC 2020 /home/travis/build/icyphy/ptII/ptolemy/domains/sdf/test/auto/inferRelationWidth1.xml
----------------- Instantiating /home/travis/build/icyphy/ptII/ptolemy/domains/sdf/test/auto/inferRelationWidth1.xml
3 ms. Memory: 327680K Free: 261106K (80%)
----------------- Invoking toplevel() on ptolemy.moml.MoMLSimpleApplication@76471f0a
----------------- Done invoking toplevel() on ptolemy.moml.MoMLSimpleApplication@76471f0a
reloadAllAccessors: .inferRelationWidth1

===========================================================================================
----------------- testing Sat Jan 04 22:56:34 UTC 2020 /home/travis/build/icyphy/ptII/ptolemy/domains/sdf/test/auto/initProductionInference.xml
----------------- Instantiating /home/travis/build/icyphy/ptII/ptolemy/domains/sdf/test/auto/initProductionInference.xml
8 ms. Memory: 327680K Free: 256996K (78%)
----------------- Invoking toplevel() on ptolemy.moml.MoMLSimpleApplication@184b93ce
----------------- Done invoking toplevel() on ptolemy.moml.MoMLSimpleApplication@184b93ce
reloadAllAccessors: .initProductionInference

===========================================================================================
----------------- testing Sat Jan 04 22:56:34 UTC 2020 /home/travis/build/icyphy/ptII/ptolemy/domains/sdf/test/auto/relationGroup.xml
----------------- Instantiating /home/travis/build/icyphy/ptII/ptolemy/domains/sdf/test/auto/relationGroup.xml
3 ms. Memory: 327680K Free: 253938K (77%)
----------------- Invoking toplevel() on ptolemy.moml.MoMLSimpleApplication@5c256532
----------------- Done invoking toplevel() on ptolemy.moml.MoMLSimpleApplication@5c256532
reloadAllAccessors: .relationGroup

===========================================================================================
----------------- testing Sat Jan 04 22:56:34 UTC 2020 /home/travis/build/icyphy/ptII/ptolemy/domains/sdf/test/auto/relationGroup10.xml
----------------- Instantiating /home/travis/build/icyphy/ptII/ptolemy/domains/sdf/test/auto/relationGroup10.xml
2 ms. Memory: 327680K Free: 250356K (76%)
----------------- Invoking toplevel() on ptolemy.moml.MoMLSimpleApplication@201cd147
----------------- Done invoking toplevel() on ptolemy.moml.MoMLSimpleApplication@201cd147
reloadAllAccessors: .relationGroup10

===========================================================================================
----------------- testing Sat Jan 04 22:56:34 UTC 2020 /home/travis/build/icyphy/ptII/ptolemy/domains/sdf/test/auto/relationGroup11.xml
----------------- Instantiating /home/travis/build/icyphy/ptII/ptolemy/domains/sdf/test/auto/relationGroup11.xml
2 ms. Memory: 327680K Free: 246770K (75%)
----------------- Invoking toplevel() on ptolemy.moml.MoMLSimpleApplication@50337cde
----------------- Done invoking toplevel() on ptolemy.moml.MoMLSimpleApplication@50337cde
reloadAllAccessors: .relationGroup11

===========================================================================================
----------------- testing Sat Jan 04 22:56:34 UTC 2020 /home/travis/build/icyphy/ptII/ptolemy/domains/sdf/test/auto/relationGroup12.xml
----------------- Instantiating /home/travis/build/icyphy/ptII/ptolemy/domains/sdf/test/auto/relationGroup12.xml
2 ms. Memory: 327680K Free: 243188K (74%)
----------------- Invoking toplevel() on ptolemy.moml.MoMLSimpleApplication@286f1c8f
----------------- Done invoking toplevel() on ptolemy.moml.MoMLSimpleApplication@286f1c8f
reloadAllAccessors: .relationGroup12

===========================================================================================
----------------- testing Sat Jan 04 22:56:34 UTC 2020 /home/travis/build/icyphy/ptII/ptolemy/domains/sdf/test/auto/relationGroup13.xml
----------------- Instantiating /home/travis/build/icyphy/ptII/ptolemy/domains/sdf/test/auto/relationGroup13.xml
7 ms. Memory: 327680K Free: 238578K (73%)
----------------- Invoking toplevel() on ptolemy.moml.MoMLSimpleApplication@4e4af1d2
----------------- Done invoking toplevel() on ptolemy.moml.MoMLSimpleApplication@4e4af1d2
reloadAllAccessors: .relationGroup13

===========================================================================================
----------------- testing Sat Jan 04 22:56:34 UTC 2020 /home/travis/build/icyphy/ptII/ptolemy/domains/sdf/test/auto/relationGroup14.xml
----------------- Instantiating /home/travis/build/icyphy/ptII/ptolemy/domains/sdf/test/auto/relationGroup14.xml
2 ms. Memory: 327680K Free: 233972K (71%)
----------------- Invoking toplevel() on ptolemy.moml.MoMLSimpleApplication@58e1212d
----------------- Done invoking toplevel() on ptolemy.moml.MoMLSimpleApplication@58e1212d
reloadAllAccessors: .relationGroup14

===========================================================================================
----------------- testing Sat Jan 04 22:56:34 UTC 2020 /home/travis/build/icyphy/ptII/ptolemy/domains/sdf/test/auto/relationGroup15.xml
----------------- Instantiating /home/travis/build/icyphy/ptII/ptolemy/domains/sdf/test/auto/relationGroup15.xml
2 ms. Memory: 327680K Free: 230386K (70%)
----------------- Invoking toplevel() on ptolemy.moml.MoMLSimpleApplication@5a875070
----------------- Done invoking toplevel() on ptolemy.moml.MoMLSimpleApplication@5a875070
reloadAllAccessors: .relationGroup15

===========================================================================================
----------------- testing Sat Jan 04 22:56:34 UTC 2020 /home/travis/build/icyphy/ptII/ptolemy/domains/sdf/test/auto/relationGroup2.xml
----------------- Instantiating /home/travis/build/icyphy/ptII/ptolemy/domains/sdf/test/auto/relationGroup2.xml
1 ms. Memory: 327680K Free: 227314K (69%)
----------------- Invoking toplevel() on ptolemy.moml.MoMLSimpleApplication@501fc319
----------------- Done invoking toplevel() on ptolemy.moml.MoMLSimpleApplication@501fc319
reloadAllAccessors: .relationGroup2

===========================================================================================
----------------- testing Sat Jan 04 22:56:34 UTC 2020 /home/travis/build/icyphy/ptII/ptolemy/domains/sdf/test/auto/relationGroup3.xml
----------------- Instantiating /home/travis/build/icyphy/ptII/ptolemy/domains/sdf/test/auto/relationGroup3.xml
1 ms. Memory: 327680K Free: 224236K (68%)
----------------- Invoking toplevel() on ptolemy.moml.MoMLSimpleApplication@36d20102
----------------- Done invoking toplevel() on ptolemy.moml.MoMLSimpleApplication@36d20102
reloadAllAccessors: .relationGroup3

===========================================================================================
----------------- testing Sat Jan 04 22:56:34 UTC 2020 /home/travis/build/icyphy/ptII/ptolemy/domains/sdf/test/auto/relationGroup4.xml
----------------- Instantiating /home/travis/build/icyphy/ptII/ptolemy/domains/sdf/test/auto/relationGroup4.xml
5 ms. Memory: 327680K Free: 219636K (67%)
----------------- Invoking toplevel() on ptolemy.moml.MoMLSimpleApplication@37280999
----------------- Done invoking toplevel() on ptolemy.moml.MoMLSimpleApplication@37280999
reloadAllAccessors: .relationGroup4

===========================================================================================
----------------- testing Sat Jan 04 22:56:34 UTC 2020 /home/travis/build/icyphy/ptII/ptolemy/domains/sdf/test/auto/relationGroup5.xml
----------------- Instantiating /home/travis/build/icyphy/ptII/ptolemy/domains/sdf/test/auto/relationGroup5.xml
3 ms. Memory: 327680K Free: 215540K (66%)
----------------- Invoking toplevel() on ptolemy.moml.MoMLSimpleApplication@4875ad4e
----------------- Done invoking toplevel() on ptolemy.moml.MoMLSimpleApplication@4875ad4e
reloadAllAccessors: .relationGroup5

===========================================================================================
----------------- testing Sat Jan 04 22:56:34 UTC 2020 /home/travis/build/icyphy/ptII/ptolemy/domains/sdf/test/auto/relationGroup6.xml
----------------- Instantiating /home/travis/build/icyphy/ptII/ptolemy/domains/sdf/test/auto/relationGroup6.xml
3 ms. Memory: 327680K Free: 211444K (65%)
----------------- Invoking toplevel() on ptolemy.moml.MoMLSimpleApplication@6610b847
----------------- Done invoking toplevel() on ptolemy.moml.MoMLSimpleApplication@6610b847
reloadAllAccessors: .relationGroup6

===========================================================================================
----------------- testing Sat Jan 04 22:56:34 UTC 2020 /home/travis/build/icyphy/ptII/ptolemy/domains/sdf/test/auto/relationGroup7.xml
----------------- Instantiating /home/travis/build/icyphy/ptII/ptolemy/domains/sdf/test/auto/relationGroup7.xml
1 ms. Memory: 327680K Free: 207858K (63%)
----------------- Invoking toplevel() on ptolemy.moml.MoMLSimpleApplication@22de2795
----------------- Done invoking toplevel() on ptolemy.moml.MoMLSimpleApplication@22de2795
reloadAllAccessors: .relationGroup7

===========================================================================================
----------------- testing Sat Jan 04 22:56:34 UTC 2020 /home/travis/build/icyphy/ptII/ptolemy/domains/sdf/test/auto/relationGroup8.xml
----------------- Instantiating /home/travis/build/icyphy/ptII/ptolemy/domains/sdf/test/auto/relationGroup8.xml
1 ms. Memory: 327680K Free: 204786K (62%)
----------------- Invoking toplevel() on ptolemy.moml.MoMLSimpleApplication@26e9f200
----------------- Done invoking toplevel() on ptolemy.moml.MoMLSimpleApplication@26e9f200
reloadAllAccessors: .relationGroup8

===========================================================================================
----------------- testing Sat Jan 04 22:56:34 UTC 2020 /home/travis/build/icyphy/ptII/ptolemy/domains/sdf/test/auto/relationGroup9.xml
----------------- Instantiating /home/travis/build/icyphy/ptII/ptolemy/domains/sdf/test/auto/relationGroup9.xml
4 ms. Memory: 327680K Free: 200180K (61%)
----------------- Invoking toplevel() on ptolemy.moml.MoMLSimpleApplication@1e8940ce
----------------- Done invoking toplevel() on ptolemy.moml.MoMLSimpleApplication@1e8940ce
reloadAllAccessors: .relationGroup9

===========================================================================================
----------------- testing Sat Jan 04 22:56:34 UTC 2020 /home/travis/build/icyphy/ptII/ptolemy/domains/sdf/test/auto/sdf_inside_de.xml
----------------- Instantiating /home/travis/build/icyphy/ptII/ptolemy/domains/sdf/test/auto/sdf_inside_de.xml
9 ms. Memory: 327680K Free: 191474K (58%)
----------------- Invoking toplevel() on ptolemy.moml.MoMLSimpleApplication@74027d63
----------------- Done invoking toplevel() on ptolemy.moml.MoMLSimpleApplication@74027d63
reloadAllAccessors: .sdf_inside_de

===========================================================================================
----------------- testing Sat Jan 04 22:56:34 UTC 2020 /home/travis/build/icyphy/ptII/ptolemy/domains/sdf/test/auto/sdf_inside_pn.xml
----------------- Instantiating /home/travis/build/icyphy/ptII/ptolemy/domains/sdf/test/auto/sdf_inside_pn.xml
22 ms. Memory: 327680K Free: 182258K (56%)
----------------- Invoking toplevel() on ptolemy.moml.MoMLSimpleApplication@5f70117e
----------------- Done invoking toplevel() on ptolemy.moml.MoMLSimpleApplication@5f70117e
reloadAllAccessors: .sdf_inside_pn

===========================================================================================
----------------- testing Sat Jan 04 22:56:34 UTC 2020 /home/travis/build/icyphy/ptII/ptolemy/domains/sdf/test/auto/sdf_sdf1.xml
----------------- Instantiating /home/travis/build/icyphy/ptII/ptolemy/domains/sdf/test/auto/sdf_sdf1.xml
5 ms. Memory: 327680K Free: 177124K (54%)
----------------- Invoking toplevel() on ptolemy.moml.MoMLSimpleApplication@7b4d72a0
----------------- Done invoking toplevel() on ptolemy.moml.MoMLSimpleApplication@7b4d72a0
reloadAllAccessors: .sdf_sdf1

===========================================================================================
----------------- testing Sat Jan 04 22:56:34 UTC 2020 /home/travis/build/icyphy/ptII/ptolemy/domains/sdf/test/auto/test1.xml
----------------- Instantiating /home/travis/build/icyphy/ptII/ptolemy/domains/sdf/test/auto/test1.xml
3 ms. Memory: 327680K Free: 172018K (52%)
----------------- Invoking toplevel() on ptolemy.moml.MoMLSimpleApplication@510d95a7
----------------- Done invoking toplevel() on ptolemy.moml.MoMLSimpleApplication@510d95a7
reloadAllAccessors: .test1

===========================================================================================
----------------- testing Sat Jan 04 22:56:34 UTC 2020 /home/travis/build/icyphy/ptII/ptolemy/domains/sdf/test/auto/time1.xml
----------------- Instantiating /home/travis/build/icyphy/ptII/ptolemy/domains/sdf/test/auto/time1.xml
3 ms. Memory: 327680K Free: 168436K (51%)
----------------- Invoking toplevel() on ptolemy.moml.MoMLSimpleApplication@55a09edc
----------------- Done invoking toplevel() on ptolemy.moml.MoMLSimpleApplication@55a09edc
reloadAllAccessors: .time1

===========================================================================================
----------------- testing Sat Jan 04 22:56:34 UTC 2020 /home/travis/build/icyphy/ptII/ptolemy/domains/sdf/test/auto/time2.xml
----------------- Instantiating /home/travis/build/icyphy/ptII/ptolemy/domains/sdf/test/auto/time2.xml
2 ms. Memory: 327680K Free: 164850K (50%)
----------------- Invoking toplevel() on ptolemy.moml.MoMLSimpleApplication@37ae7f60
----------------- Done invoking toplevel() on ptolemy.moml.MoMLSimpleApplication@37ae7f60
reloadAllAccessors: .time2

===========================================================================================
----------------- testing Sat Jan 04 22:56:34 UTC 2020 /home/travis/build/icyphy/ptII/ptolemy/domains/sdf/test/auto/time3.xml
----------------- Instantiating /home/travis/build/icyphy/ptII/ptolemy/domains/sdf/test/auto/time3.xml
5 ms. Memory: 327680K Free: 159730K (49%)
----------------- Invoking toplevel() on ptolemy.moml.MoMLSimpleApplication@644caa3a
----------------- Done invoking toplevel() on ptolemy.moml.MoMLSimpleApplication@644caa3a
reloadAllAccessors: .time3

===========================================================================================
----------------- testing Sat Jan 04 22:56:34 UTC 2020 /home/travis/build/icyphy/ptII/ptolemy/domains/sdf/test/auto/time4.xml
----------------- Instantiating /home/travis/build/icyphy/ptII/ptolemy/domains/sdf/test/auto/time4.xml
5 ms. Memory: 327680K Free: 154100K (47%)
----------------- Invoking toplevel() on ptolemy.moml.MoMLSimpleApplication@6a3732c1
----------------- Done invoking toplevel() on ptolemy.moml.MoMLSimpleApplication@6a3732c1
reloadAllAccessors: .time4

===========================================================================================
----------------- testing Sat Jan 04 22:56:34 UTC 2020 /home/travis/build/icyphy/ptII/ptolemy/domains/sdf/test/auto/time5.xml
----------------- Instantiating /home/travis/build/icyphy/ptII/ptolemy/domains/sdf/test/auto/time5.xml
4002 ms. Memory: 327680K Free: 150514K (46%)
----------------- Invoking toplevel() on ptolemy.moml.MoMLSimpleApplication@7cbb7884
----------------- Done invoking toplevel() on ptolemy.moml.MoMLSimpleApplication@7cbb7884
reloadAllAccessors: .time5

===========================================================================================
----------------- testing Sat Jan 04 22:56:38 UTC 2020 /home/travis/build/icyphy/ptII/ptolemy/domains/sdf/test/auto/typeSystem_Const_Integer_smallest_Type.xml
----------------- Instantiating /home/travis/build/icyphy/ptII/ptolemy/domains/sdf/test/auto/typeSystem_Const_Integer_smallest_Type.xml
5 ms. Memory: 327680K Free: 145394K (44%)
----------------- Invoking toplevel() on ptolemy.moml.MoMLSimpleApplication@6ee827d3
----------------- Done invoking toplevel() on ptolemy.moml.MoMLSimpleApplication@6ee827d3
reloadAllAccessors: .typeSystem_Const_Integer_smallest_Type

===========================================================================================
----------------- testing Sat Jan 04 22:56:38 UTC 2020 /home/travis/build/icyphy/ptII/ptolemy/domains/sdf/test/auto/typeSystem_declared_Inports_OutportTypeException.xml
----------------- Instantiating /home/travis/build/icyphy/ptII/ptolemy/domains/sdf/test/auto/typeSystem_declared_Inports_OutportTypeException.xml
.typeSystem_declared_Inports_OutportTypeException.TestExceptionAttribute: initialize() was not invoked, but wrapup() was.  This is unusual, but not always a problem.  For example, exporting JNLP will do this.
4 ms. Memory: 327680K Free: 141298K (43%)
----------------- Invoking toplevel() on ptolemy.moml.MoMLSimpleApplication@4f53c5d7
----------------- Done invoking toplevel() on ptolemy.moml.MoMLSimpleApplication@4f53c5d7
reloadAllAccessors: .typeSystem_declared_Inports_OutportTypeException

===========================================================================================
----------------- testing Sat Jan 04 22:56:38 UTC 2020 /home/travis/build/icyphy/ptII/ptolemy/domains/sdf/test/auto/typeSystem_oneDeclaredInportType_wrongTypeOutport.xml
----------------- Instantiating /home/travis/build/icyphy/ptII/ptolemy/domains/sdf/test/auto/typeSystem_oneDeclaredInportType_wrongTypeOutport.xml
3 ms. Memory: 327680K Free: 137202K (42%)
----------------- Invoking toplevel() on ptolemy.moml.MoMLSimpleApplication@4c0a196c
----------------- Done invoking toplevel() on ptolemy.moml.MoMLSimpleApplication@4c0a196c
reloadAllAccessors: .typeSystem_oneDeclaredInportType_wrongTypeOutport

===========================================================================================
----------------- testing Sat Jan 04 22:56:38 UTC 2020 /home/travis/build/icyphy/ptII/ptolemy/domains/sdf/test/auto/width.xml
----------------- Instantiating /home/travis/build/icyphy/ptII/ptolemy/domains/sdf/test/auto/width.xml
2 ms. Memory: 327680K Free: 133106K (41%)
----------------- Invoking toplevel() on ptolemy.moml.MoMLSimpleApplication@1c10fa7c
----------------- Done invoking toplevel() on ptolemy.moml.MoMLSimpleApplication@1c10fa7c
reloadAllAccessors: .width

===========================================================================================
----------------- testing Sat Jan 04 22:56:38 UTC 2020 /home/travis/build/icyphy/ptII/ptolemy/domains/sdf/test/auto/width2.xml
----------------- Instantiating /home/travis/build/icyphy/ptII/ptolemy/domains/sdf/test/auto/width2.xml
23 ms. Memory: 327680K Free: 128500K (39%)
----------------- Invoking toplevel() on ptolemy.moml.MoMLSimpleApplication@37b95c11
----------------- Done invoking toplevel() on ptolemy.moml.MoMLSimpleApplication@37b95c11
reloadAllAccessors: .width2

===========================================================================================
----------------- testing Sat Jan 04 22:56:38 UTC 2020 /home/travis/build/icyphy/ptII/ptolemy/domains/sdf/test/auto/width3.xml
----------------- Instantiating /home/travis/build/icyphy/ptII/ptolemy/domains/sdf/test/auto/width3.xml
24 ms. Memory: 327680K Free: 123380K (38%)
----------------- Invoking toplevel() on ptolemy.moml.MoMLSimpleApplication@1af0d280
----------------- Done invoking toplevel() on ptolemy.moml.MoMLSimpleApplication@1af0d280
reloadAllAccessors: .width3
AutoTests.java: About to close Vertx.
AutoTests.java: Vertx closed.
]]></system-out>
  <system-err><![CDATA[java.lang.RuntimeException: Execution failed
	at ptolemy.moml.MoMLSimpleApplication$UnloadThread.run(MoMLSimpleApplication.java:402)
Caused by: ptolemy.actor.sched.NotSchedulableException: No solution exists for the balance equations.
Graph is not consistent under the SDF domain detected on external port .rateConsistency.actor.port2
  in .rateConsistency.SDF Director.Scheduler
	at ptolemy.domains.sdf.kernel.SDFScheduler._propagatePort(SDFScheduler.java:1425)
	at ptolemy.domains.sdf.kernel.SDFScheduler._solveBalanceEquations(SDFScheduler.java:710)
	at ptolemy.domains.sdf.kernel.SDFScheduler._getSchedule(SDFScheduler.java:566)
	at ptolemy.actor.sched.Scheduler.getSchedule(Scheduler.java:189)
	at ptolemy.domains.sdf.kernel.SDFDirector.createSchedule(SDFDirector.java:408)
	at ptolemy.domains.sdf.kernel.SDFDirector.preinitialize(SDFDirector.java:764)
	at ptolemy.actor.CompositeActor.preinitialize(CompositeActor.java:1828)
	at ptolemy.actor.Manager.preinitializeAndResolveTypes(Manager.java:1040)
	at ptolemy.actor.Manager.initialize(Manager.java:710)
	at ptolemy.actor.Manager.execute(Manager.java:356)
	at ptolemy.actor.Manager.run(Manager.java:1263)
	at ptolemy.actor.Manager$PtolemyRunThread.run(Manager.java:1933)
java.lang.RuntimeException: Execution failed
	at ptolemy.moml.MoMLSimpleApplication$UnloadThread.run(MoMLSimpleApplication.java:402)
Caused by: ptolemy.kernel.util.IllegalActionException: Failed to compute schedule:
  in .badRateChanges.typed composite actor.SDF Director
Because:
The SDF rate parameter may change. This is not allowed in SDF models that will be run through the code generator.  If you don't care about code generation, then you might consider setting the allowRateChanges parameter of the SDF director to false.
  in .badRateChanges.typed composite actor.Repeat.output.tokenProductionRate
	at ptolemy.domains.sdf.kernel.SDFDirector.createSchedule(SDFDirector.java:418)
	at ptolemy.domains.sdf.kernel.SDFDirector.preinitialize(SDFDirector.java:764)
	at ptolemy.actor.CompositeActor.preinitialize(CompositeActor.java:1828)
	at ptolemy.actor.Director.preinitialize(Director.java:1302)
	at ptolemy.actor.Director.preinitialize(Director.java:1257)
	at ptolemy.domains.sdf.kernel.SDFDirector.preinitialize(SDFDirector.java:763)
	at ptolemy.actor.CompositeActor.preinitialize(CompositeActor.java:1828)
	at ptolemy.actor.Manager.preinitializeAndResolveTypes(Manager.java:1040)
	at ptolemy.actor.Manager.initialize(Manager.java:710)
	at ptolemy.actor.Manager.execute(Manager.java:356)
	at ptolemy.actor.Manager.run(Manager.java:1263)
	at ptolemy.actor.Manager$PtolemyRunThread.run(Manager.java:1933)
Caused by: ptolemy.kernel.util.IllegalActionException: The SDF rate parameter may change. This is not allowed in SDF models that will be run through the code generator.  If you don't care about code generation, then you might consider setting the allowRateChanges parameter of the SDF director to false.
  in .badRateChanges.typed composite actor.Repeat.output.tokenProductionRate
	at ptolemy.domains.sdf.kernel.SDFScheduler._assertDynamicRateVariable(SDFScheduler.java:931)
	at ptolemy.domains.sdf.kernel.SDFScheduler._checkDynamicRateVariables(SDFScheduler.java:339)
	at ptolemy.domains.sdf.kernel.SDFScheduler._getSchedule(SDFScheduler.java:527)
	at ptolemy.actor.sched.Scheduler.getSchedule(Scheduler.java:189)
	at ptolemy.domains.sdf.kernel.SDFDirector.createSchedule(SDFDirector.java:408)
	... 11 more
java.lang.RuntimeException: Execution failed
	at ptolemy.moml.MoMLSimpleApplication$UnloadThread.run(MoMLSimpleApplication.java:402)
Caused by: ptolemy.kernel.util.IllegalActionException: Failed to compute schedule:
  in .badRateChanges2.typed composite actor.SDF Director
Because:
The SDF rate parameter may change. This is not allowed in SDF models that will be run through the code generator.  If you don't care about code generation, then you might consider setting the allowRateChanges parameter of the SDF director to false.
  in .badRateChanges2.typed composite actor.Repeat.output.tokenProductionRate
	at ptolemy.domains.sdf.kernel.SDFDirector.createSchedule(SDFDirector.java:418)
	at ptolemy.domains.sdf.kernel.SDFDirector.preinitialize(SDFDirector.java:764)
	at ptolemy.actor.CompositeActor.preinitialize(CompositeActor.java:1828)
	at ptolemy.actor.Director.preinitialize(Director.java:1302)
	at ptolemy.actor.Director.preinitialize(Director.java:1257)
	at ptolemy.domains.sdf.kernel.SDFDirector.preinitialize(SDFDirector.java:763)
	at ptolemy.actor.CompositeActor.preinitialize(CompositeActor.java:1828)
	at ptolemy.actor.Manager.preinitializeAndResolveTypes(Manager.java:1040)
	at ptolemy.actor.Manager.initialize(Manager.java:710)
	at ptolemy.actor.Manager.execute(Manager.java:356)
	at ptolemy.actor.Manager.run(Manager.java:1263)
	at ptolemy.actor.Manager$PtolemyRunThread.run(Manager.java:1933)
Caused by: ptolemy.kernel.util.IllegalActionException: The SDF rate parameter may change. This is not allowed in SDF models that will be run through the code generator.  If you don't care about code generation, then you might consider setting the allowRateChanges parameter of the SDF director to false.
  in .badRateChanges2.typed composite actor.Repeat.output.tokenProductionRate
	at ptolemy.domains.sdf.kernel.SDFScheduler._assertDynamicRateVariable(SDFScheduler.java:931)
	at ptolemy.domains.sdf.kernel.SDFScheduler._checkDynamicRateVariables(SDFScheduler.java:339)
	at ptolemy.domains.sdf.kernel.SDFScheduler._getSchedule(SDFScheduler.java:527)
	at ptolemy.actor.sched.Scheduler.getSchedule(Scheduler.java:189)
	at ptolemy.domains.sdf.kernel.SDFDirector.createSchedule(SDFDirector.java:408)
	... 11 more
java.lang.RuntimeException: Execution failed
	at ptolemy.moml.MoMLSimpleApplication$UnloadThread.run(MoMLSimpleApplication.java:402)
Caused by: ptolemy.actor.sched.NotSchedulableException: Actors remain that cannot be scheduled!

There are several possible reasons:
* SDF Graphs with feedback loops should have an actor with a delay in the loop, such as a SampleDelay.
* The SDF director has an "allowDisconnectedGraphs"parameter, which, when true, permits disconnected SDF graphs.
* The token consumption rate and production rates might be mismatched.
Usually, actors produce one token or consume one token on a port.  To produce or consume multiple tokens per firing, add a "tokenConsumptionRate" or "tokenProductionRate" parameter to the appropriate port.
Unscheduled actors:
.partiallyConnected.Const2 
Scheduled actors:
.partiallyConnected.Const 
  in .partiallyConnected.SDF Director.Scheduler
	at ptolemy.domains.sdf.kernel.SDFScheduler._scheduleConnectedActors(SDFScheduler.java:1828)
	at ptolemy.domains.sdf.kernel.SDFScheduler._getSchedule(SDFScheduler.java:587)
	at ptolemy.actor.sched.Scheduler.getSchedule(Scheduler.java:189)
	at ptolemy.domains.sdf.kernel.SDFDirector.createSchedule(SDFDirector.java:408)
	at ptolemy.domains.sdf.kernel.SDFDirector.preinitialize(SDFDirector.java:764)
	at ptolemy.actor.CompositeActor.preinitialize(CompositeActor.java:1828)
	at ptolemy.actor.Manager.preinitializeAndResolveTypes(Manager.java:1040)
	at ptolemy.actor.Manager.initialize(Manager.java:710)
	at ptolemy.actor.Manager.execute(Manager.java:356)
	at ptolemy.actor.Manager.run(Manager.java:1263)
	at ptolemy.actor.Manager$PtolemyRunThread.run(Manager.java:1933)
]]></system-err>
</testsuite>
