<?xml version="1.0" encoding="UTF-8" ?>
<testsuite errors="0" failures="0" hostname="travis-job-837ea271-750f-467c-ae09-fb05e6dbae85" name="ptolemy.domains.sdf.lib.test.junit.JUnitTclTest" skipped="0" tests="82" time="9.481" timestamp="2020-03-04T12:56:51">
  <properties>
[...]
</properties>
  <testcase classname="ptolemy.util.test.junit.TclTests" name="[0] /home/travis/build/icyphy/ptII/ptolemy/domains/sdf/lib/test/ArrayToSequence.tcl (RunTclFile)" time="0.728" />
  <testcase classname="ptolemy.util.test.junit.TclTests" name="[1] /home/travis/build/icyphy/ptII/ptolemy/domains/sdf/lib/test/BitsToInt.tcl (RunTclFile)" time="0.086" />
  <testcase classname="ptolemy.util.test.junit.TclTests" name="[2] /home/travis/build/icyphy/ptII/ptolemy/domains/sdf/lib/test/DelayLine.tcl (RunTclFile)" time="0.052" />
  <testcase classname="ptolemy.util.test.junit.TclTests" name="[3] /home/travis/build/icyphy/ptII/ptolemy/domains/sdf/lib/test/FFT.tcl (RunTclFile)" time="0.054" />
  <testcase classname="ptolemy.util.test.junit.TclTests" name="[4] /home/travis/build/icyphy/ptII/ptolemy/domains/sdf/lib/test/FIR.tcl (RunTclFile)" time="0.256" />
  <testcase classname="ptolemy.util.test.junit.TclTests" name="[5] /home/travis/build/icyphy/ptII/ptolemy/domains/sdf/lib/test/IntToBits.tcl (RunTclFile)" time="0.037" />
  <testcase classname="ptolemy.util.test.junit.TclTests" name="[6] /home/travis/build/icyphy/ptII/ptolemy/domains/sdf/lib/test/MaximumEntropySpectrum.tcl (RunTclFile)" time="0.404" />
  <testcase classname="ptolemy.util.test.junit.TclTests" name="[7] /home/travis/build/icyphy/ptII/ptolemy/domains/sdf/lib/test/Repeat.tcl (RunTclFile)" time="0.047" />
  <testcase classname="ptolemy.util.test.junit.TclTests" name="[8] /home/travis/build/icyphy/ptII/ptolemy/domains/sdf/lib/test/SampleDelay.tcl (RunTclFile)" time="0.108" />
  <testcase classname="ptolemy.util.test.junit.TclTests" name="[9] /home/travis/build/icyphy/ptII/ptolemy/domains/sdf/lib/test/SequenceToArray.tcl (RunTclFile)" time="0.044" />
  <testcase classname="ptolemy.util.test.junit.AutoKnownFailedTests" name="[0] ThereAreNoKnowFailedTests (RunModel)" time="0.002" />
  <testcase classname="ptolemy.util.test.junit.AutoNameArchTests" name="[0] ThereAreNoAutoArchTests (RunModel)" time="0.002" />
  <testcase classname="ptolemy.util.test.junit.AutoTests" name="[0] /home/travis/build/icyphy/ptII/ptolemy/domains/sdf/lib/test/auto/ArrayToSequence.xml (RunModel)" time="0.263" />
  <testcase classname="ptolemy.util.test.junit.AutoTests" name="[1] /home/travis/build/icyphy/ptII/ptolemy/domains/sdf/lib/test/auto/ArrayToSequenceTest.xml (RunModel)" time="0.093" />
  <testcase classname="ptolemy.util.test.junit.AutoTests" name="[2] /home/travis/build/icyphy/ptII/ptolemy/domains/sdf/lib/test/auto/Autocorrelation.xml (RunModel)" time="0.047" />
  <testcase classname="ptolemy.util.test.junit.AutoTests" name="[3] /home/travis/build/icyphy/ptII/ptolemy/domains/sdf/lib/test/auto/Autocorrelation2.xml (RunModel)" time="0.034" />
  <testcase classname="ptolemy.util.test.junit.AutoTests" name="[4] /home/travis/build/icyphy/ptII/ptolemy/domains/sdf/lib/test/auto/Autocorrelation3.xml (RunModel)" time="0.057" />
  <testcase classname="ptolemy.util.test.junit.AutoTests" name="[5] /home/travis/build/icyphy/ptII/ptolemy/domains/sdf/lib/test/auto/Autocorrelation4.xml (RunModel)" time="0.05" />
  <testcase classname="ptolemy.util.test.junit.AutoTests" name="[6] /home/travis/build/icyphy/ptII/ptolemy/domains/sdf/lib/test/auto/Autocorrelation5.xml (RunModel)" time="0.129" />
  <testcase classname="ptolemy.util.test.junit.AutoTests" name="[7] /home/travis/build/icyphy/ptII/ptolemy/domains/sdf/lib/test/auto/BitsToInt.xml (RunModel)" time="0.041" />
  <testcase classname="ptolemy.util.test.junit.AutoTests" name="[8] /home/travis/build/icyphy/ptII/ptolemy/domains/sdf/lib/test/auto/BooleanJoin.xml (RunModel)" time="0.06" />
  <testcase classname="ptolemy.util.test.junit.AutoTests" name="[9] /home/travis/build/icyphy/ptII/ptolemy/domains/sdf/lib/test/auto/BootstrapSampleDelay.xml (RunModel)" time="0.059" />
  <testcase classname="ptolemy.util.test.junit.AutoTests" name="[10] /home/travis/build/icyphy/ptII/ptolemy/domains/sdf/lib/test/auto/Chop.xml (RunModel)" time="0.064" />
  <testcase classname="ptolemy.util.test.junit.AutoTests" name="[11] /home/travis/build/icyphy/ptII/ptolemy/domains/sdf/lib/test/auto/Chop2.xml (RunModel)" time="0.054" />
  <testcase classname="ptolemy.util.test.junit.AutoTests" name="[12] /home/travis/build/icyphy/ptII/ptolemy/domains/sdf/lib/test/auto/ComplexJoin.xml (RunModel)" time="0.06" />
  <testcase classname="ptolemy.util.test.junit.AutoTests" name="[13] /home/travis/build/icyphy/ptII/ptolemy/domains/sdf/lib/test/auto/CountTrues.xml (RunModel)" time="0.043" />
  <testcase classname="ptolemy.util.test.junit.AutoTests" name="[14] /home/travis/build/icyphy/ptII/ptolemy/domains/sdf/lib/test/auto/DelayLine.xml (RunModel)" time="0.047" />
  <testcase classname="ptolemy.util.test.junit.AutoTests" name="[15] /home/travis/build/icyphy/ptII/ptolemy/domains/sdf/lib/test/auto/DotProduct.xml (RunModel)" time="0.029" />
  <testcase classname="ptolemy.util.test.junit.AutoTests" name="[16] /home/travis/build/icyphy/ptII/ptolemy/domains/sdf/lib/test/auto/DotProductMatrix.xml (RunModel)" time="0.023" />
  <testcase classname="ptolemy.util.test.junit.AutoTests" name="[17] /home/travis/build/icyphy/ptII/ptolemy/domains/sdf/lib/test/auto/DownSample1.xml (RunModel)" time="0.036" />
  <testcase classname="ptolemy.util.test.junit.AutoTests" name="[18] /home/travis/build/icyphy/ptII/ptolemy/domains/sdf/lib/test/auto/DynamicRateChange.xml (RunModel)" time="0.028" />
  <testcase classname="ptolemy.util.test.junit.AutoTests" name="[19] /home/travis/build/icyphy/ptII/ptolemy/domains/sdf/lib/test/auto/DynamicRates.xml (RunModel)" time="0.025" />
  <testcase classname="ptolemy.util.test.junit.AutoTests" name="[20] /home/travis/build/icyphy/ptII/ptolemy/domains/sdf/lib/test/auto/FFT1.xml (RunModel)" time="0.032" />
  <testcase classname="ptolemy.util.test.junit.AutoTests" name="[21] /home/travis/build/icyphy/ptII/ptolemy/domains/sdf/lib/test/auto/FIR1.xml (RunModel)" time="0.07" />
  <testcase classname="ptolemy.util.test.junit.AutoTests" name="[22] /home/travis/build/icyphy/ptII/ptolemy/domains/sdf/lib/test/auto/FIR2.xml (RunModel)" time="0.016" />
  <testcase classname="ptolemy.util.test.junit.AutoTests" name="[23] /home/travis/build/icyphy/ptII/ptolemy/domains/sdf/lib/test/auto/FIR4.xml (RunModel)" time="0.042" />
  <testcase classname="ptolemy.util.test.junit.AutoTests" name="[24] /home/travis/build/icyphy/ptII/ptolemy/domains/sdf/lib/test/auto/FixJoin.xml (RunModel)" time="0.048" />
  <testcase classname="ptolemy.util.test.junit.AutoTests" name="[25] /home/travis/build/icyphy/ptII/ptolemy/domains/sdf/lib/test/auto/IntJoin1.xml (RunModel)" time="0.044" />
  <testcase classname="ptolemy.util.test.junit.AutoTests" name="[26] /home/travis/build/icyphy/ptII/ptolemy/domains/sdf/lib/test/auto/IntJoin2.xml (RunModel)" time="0.025" />
  <testcase classname="ptolemy.util.test.junit.AutoTests" name="[27] /home/travis/build/icyphy/ptII/ptolemy/domains/sdf/lib/test/auto/IntJoin3.xml (RunModel)" time="0.03" />
  <testcase classname="ptolemy.util.test.junit.AutoTests" name="[28] /home/travis/build/icyphy/ptII/ptolemy/domains/sdf/lib/test/auto/IntJoin4.xml (RunModel)" time="0.027" />
  <testcase classname="ptolemy.util.test.junit.AutoTests" name="[29] /home/travis/build/icyphy/ptII/ptolemy/domains/sdf/lib/test/auto/IntJoin5.xml (RunModel)" time="0.035" />
  <testcase classname="ptolemy.util.test.junit.AutoTests" name="[30] /home/travis/build/icyphy/ptII/ptolemy/domains/sdf/lib/test/auto/IntToBits.xml (RunModel)" time="0.032" />
  <testcase classname="ptolemy.util.test.junit.AutoTests" name="[31] /home/travis/build/icyphy/ptII/ptolemy/domains/sdf/lib/test/auto/LMSAdaptive.xml (RunModel)" time="0.08" />
  <testcase classname="ptolemy.util.test.junit.AutoTests" name="[32] /home/travis/build/icyphy/ptII/ptolemy/domains/sdf/lib/test/auto/LMSAdaptiveFIR.xml (RunModel)" time="0.366" />
  <testcase classname="ptolemy.util.test.junit.AutoTests" name="[33] /home/travis/build/icyphy/ptII/ptolemy/domains/sdf/lib/test/auto/LMSAdaptiveFIR2.xml (RunModel)" time="0.507" />
  <testcase classname="ptolemy.util.test.junit.AutoTests" name="[34] /home/travis/build/icyphy/ptII/ptolemy/domains/sdf/lib/test/auto/LongJoin.xml (RunModel)" time="0.038" />
  <testcase classname="ptolemy.util.test.junit.AutoTests" name="[35] /home/travis/build/icyphy/ptII/ptolemy/domains/sdf/lib/test/auto/Matrix1.xml (RunModel)" time="0.03" />
  <testcase classname="ptolemy.util.test.junit.AutoTests" name="[36] /home/travis/build/icyphy/ptII/ptolemy/domains/sdf/lib/test/auto/Matrix2.xml (RunModel)" time="0.021" />
  <testcase classname="ptolemy.util.test.junit.AutoTests" name="[37] /home/travis/build/icyphy/ptII/ptolemy/domains/sdf/lib/test/auto/MatrixJoin1.xml (RunModel)" time="0.023" />
  <testcase classname="ptolemy.util.test.junit.AutoTests" name="[38] /home/travis/build/icyphy/ptII/ptolemy/domains/sdf/lib/test/auto/MatrixJoin2.xml (RunModel)" time="0.016" />
  <testcase classname="ptolemy.util.test.junit.AutoTests" name="[39] /home/travis/build/icyphy/ptII/ptolemy/domains/sdf/lib/test/auto/MatrixJoin3.xml (RunModel)" time="0.024" />
  <testcase classname="ptolemy.util.test.junit.AutoTests" name="[40] /home/travis/build/icyphy/ptII/ptolemy/domains/sdf/lib/test/auto/MatrixJoin4.xml (RunModel)" time="0.046" />
  <testcase classname="ptolemy.util.test.junit.AutoTests" name="[41] /home/travis/build/icyphy/ptII/ptolemy/domains/sdf/lib/test/auto/MatrixJoin5.xml (RunModel)" time="0.02" />
  <testcase classname="ptolemy.util.test.junit.AutoTests" name="[42] /home/travis/build/icyphy/ptII/ptolemy/domains/sdf/lib/test/auto/MatrixSplit1.xml (RunModel)" time="0.034" />
  <testcase classname="ptolemy.util.test.junit.AutoTests" name="[43] /home/travis/build/icyphy/ptII/ptolemy/domains/sdf/lib/test/auto/MatrixSplit10.xml (RunModel)" time="0.018" />
  <testcase classname="ptolemy.util.test.junit.AutoTests" name="[44] /home/travis/build/icyphy/ptII/ptolemy/domains/sdf/lib/test/auto/MatrixSplit11.xml (RunModel)" time="0.013" />
  <testcase classname="ptolemy.util.test.junit.AutoTests" name="[45] /home/travis/build/icyphy/ptII/ptolemy/domains/sdf/lib/test/auto/MatrixSplit12.xml (RunModel)" time="0.021" />
  <testcase classname="ptolemy.util.test.junit.AutoTests" name="[46] /home/travis/build/icyphy/ptII/ptolemy/domains/sdf/lib/test/auto/MatrixSplit13.xml (RunModel)" time="0.021" />
  <testcase classname="ptolemy.util.test.junit.AutoTests" name="[47] /home/travis/build/icyphy/ptII/ptolemy/domains/sdf/lib/test/auto/MatrixSplit14.xml (RunModel)" time="0.023" />
  <testcase classname="ptolemy.util.test.junit.AutoTests" name="[48] /home/travis/build/icyphy/ptII/ptolemy/domains/sdf/lib/test/auto/MatrixSplit2.xml (RunModel)" time="0.014" />
  <testcase classname="ptolemy.util.test.junit.AutoTests" name="[49] /home/travis/build/icyphy/ptII/ptolemy/domains/sdf/lib/test/auto/MatrixSplit3.xml (RunModel)" time="0.018" />
  <testcase classname="ptolemy.util.test.junit.AutoTests" name="[50] /home/travis/build/icyphy/ptII/ptolemy/domains/sdf/lib/test/auto/MatrixSplit4.xml (RunModel)" time="0.017" />
  <testcase classname="ptolemy.util.test.junit.AutoTests" name="[51] /home/travis/build/icyphy/ptII/ptolemy/domains/sdf/lib/test/auto/MatrixSplit5.xml (RunModel)" time="0.026" />
  <testcase classname="ptolemy.util.test.junit.AutoTests" name="[52] /home/travis/build/icyphy/ptII/ptolemy/domains/sdf/lib/test/auto/MatrixSplit6.xml (RunModel)" time="0.016" />
  <testcase classname="ptolemy.util.test.junit.AutoTests" name="[53] /home/travis/build/icyphy/ptII/ptolemy/domains/sdf/lib/test/auto/MatrixSplit7.xml (RunModel)" time="0.016" />
  <testcase classname="ptolemy.util.test.junit.AutoTests" name="[54] /home/travis/build/icyphy/ptII/ptolemy/domains/sdf/lib/test/auto/MatrixSplit8.xml (RunModel)" time="0.017" />
  <testcase classname="ptolemy.util.test.junit.AutoTests" name="[55] /home/travis/build/icyphy/ptII/ptolemy/domains/sdf/lib/test/auto/MatrixSplit9.xml (RunModel)" time="0.04" />
  <testcase classname="ptolemy.util.test.junit.AutoTests" name="[56] /home/travis/build/icyphy/ptII/ptolemy/domains/sdf/lib/test/auto/MatrixToSequence.xml (RunModel)" time="0.048" />
  <testcase classname="ptolemy.util.test.junit.AutoTests" name="[57] /home/travis/build/icyphy/ptII/ptolemy/domains/sdf/lib/test/auto/MaximumEntropySpectrum.xml (RunModel)" time="0.139" />
  <testcase classname="ptolemy.util.test.junit.AutoTests" name="[58] /home/travis/build/icyphy/ptII/ptolemy/domains/sdf/lib/test/auto/SampleDelayConversion.xml (RunModel)" time="0.017" />
  <testcase classname="ptolemy.util.test.junit.AutoTests" name="[59] /home/travis/build/icyphy/ptII/ptolemy/domains/sdf/lib/test/auto/SequenceToArray.xml (RunModel)" time="0.062" />
  <testcase classname="ptolemy.util.test.junit.AutoTests" name="[60] /home/travis/build/icyphy/ptII/ptolemy/domains/sdf/lib/test/auto/SequenceToMatrix.xml (RunModel)" time="3.354" />
  <testcase classname="ptolemy.util.test.junit.AutoTests" name="[61] /home/travis/build/icyphy/ptII/ptolemy/domains/sdf/lib/test/auto/SmoothedPeriodogram.xml (RunModel)" time="0.081" />
  <testcase classname="ptolemy.util.test.junit.AutoTests" name="[62] /home/travis/build/icyphy/ptII/ptolemy/domains/sdf/lib/test/auto/UpDownSample1.xml (RunModel)" time="0.029" />
  <testcase classname="ptolemy.util.test.junit.AutoTests" name="[63] /home/travis/build/icyphy/ptII/ptolemy/domains/sdf/lib/test/auto/UpSample1.xml (RunModel)" time="0.024" />
  <testcase classname="ptolemy.util.test.junit.AutoTests" name="[64] /home/travis/build/icyphy/ptII/ptolemy/domains/sdf/lib/test/auto/VariableFIR.xml (RunModel)" time="0.026" />
  <testcase classname="ptolemy.util.test.junit.AutoTests" name="[65] /home/travis/build/icyphy/ptII/ptolemy/domains/sdf/lib/test/auto/VariableFIR2.xml (RunModel)" time="0.04" />
  <testcase classname="ptolemy.util.test.junit.AutoTests" name="[66] /home/travis/build/icyphy/ptII/ptolemy/domains/sdf/lib/test/auto/VariableLattice.xml (RunModel)" time="0.025" />
  <testcase classname="ptolemy.util.test.junit.AutoTests" name="[67] /home/travis/build/icyphy/ptII/ptolemy/domains/sdf/lib/test/auto/VariableLattice2.xml (RunModel)" time="0.022" />
  <testcase classname="ptolemy.util.test.junit.AutoTests" name="[68] /home/travis/build/icyphy/ptII/ptolemy/domains/sdf/lib/test/auto/VariableRecursiveLattice.xml (RunModel)" time="0.016" />
  <testcase classname="ptolemy.util.test.junit.AutoTests" name="[69] /home/travis/build/icyphy/ptII/ptolemy/domains/sdf/lib/test/auto/VariableRecursiveLattice2.xml (RunModel)" time="0.016" />
  <system-out><![CDATA[/home/travis/build/icyphy/ptII/ptolemy/domains/sdf/lib/test/ArrayToSequence.tcl
testDefs.tcl: setting time out to 9000 seconds at Wed Mar 04 12:56:51 UTC 2020
117 ms. Memory: 129024K Free: 94152K (73%)
18 ms. Memory: 129024K Free: 92104K (71%)
33 ms. Memory: 129024K Free: 90056K (70%)
31 ms. Memory: 129024K Free: 88518K (69%)
/home/travis/build/icyphy/ptII/ptolemy/domains/sdf/lib/test/BitsToInt.tcl
22 ms. Memory: 129024K Free: 86984K (67%)
15 ms. Memory: 129024K Free: 84936K (66%)
/home/travis/build/icyphy/ptII/ptolemy/domains/sdf/lib/test/DelayLine.tcl
16 ms. Memory: 129024K Free: 83383K (65%)
/home/travis/build/icyphy/ptII/ptolemy/domains/sdf/lib/test/FFT.tcl
19 ms. Memory: 129024K Free: 81350K (63%)
/home/travis/build/icyphy/ptII/ptolemy/domains/sdf/lib/test/FIR.tcl
23 ms. Memory: 129024K Free: 79816K (62%)
103 ms. Memory: 129024K Free: 75720K (59%)
ptolemy.kernel.util.IllegalActionException: multiplyReverse method not supported between ptolemy.data.FixToken 'fix(-0.0625,6,2)' and ptolemy.data.IntToken '1' because the types are incomparable.
  in .top.FIRclone
Because:
multiplyReverse method not supported between ptolemy.data.FixToken 'fix(-0.0625,6,2)' and ptolemy.data.IntToken '1' because the types are incomparable.
34 ms. Memory: 129024K Free: 73158K (57%)
/home/travis/build/icyphy/ptII/ptolemy/domains/sdf/lib/test/IntToBits.tcl
7 ms. Memory: 129024K Free: 71624K (56%)
6 ms. Memory: 129024K Free: 70086K (54%)
/home/travis/build/icyphy/ptII/ptolemy/domains/sdf/lib/test/MaximumEntropySpectrum.tcl
/home/travis/build/icyphy/ptII/ptolemy/domains/sdf/lib/test/Repeat.tcl
16 ms. Memory: 129024K Free: 48567K (38%)
/home/travis/build/icyphy/ptII/ptolemy/domains/sdf/lib/test/SampleDelay.tcl
8 ms. Memory: 129024K Free: 113220K (88%)
5 ms. Memory: 129024K Free: 112166K (87%)
10 ms. Memory: 129024K Free: 111686K (87%)
13 ms. Memory: 129024K Free: 110662K (86%)
3 ms. Memory: 129024K Free: 110134K (85%)
2 ms. Memory: 129024K Free: 109638K (85%)
/home/travis/build/icyphy/ptII/ptolemy/domains/sdf/lib/test/SequenceToArray.tcl
5 ms. Memory: 129024K Free: 108086K (84%)
5 ms. Memory: 129024K Free: 107076K (83%)
6 ms. Memory: 129024K Free: 105542K (82%)
5 ms. Memory: 129024K Free: 104518K (81%)
03/04/20 12:56:53
Failed: 0  Total Tests: 41  ((Passed: 41, Newly Passed: 0)  Known Failed: 0) /home/travis/build/icyphy/ptII/ptolemy/domains/sdf/lib/test
No auto/knownFailedTests/*.xml tests in /home/travis/build/icyphy/ptII/ptolemy/domains/sdf/lib/test
No auto/linux-amd64/*.xml tests in /home/travis/build/icyphy/ptII/ptolemy/domains/sdf/lib/test
AutoTests.java: About to close Vertx.
AutoTests.java: Vertx closed.

===========================================================================================
----------------- testing Wed Mar 04 12:56:53 UTC 2020 /home/travis/build/icyphy/ptII/ptolemy/domains/sdf/lib/test/auto/ArrayToSequence.xml
----------------- Instantiating /home/travis/build/icyphy/ptII/ptolemy/domains/sdf/lib/test/auto/ArrayToSequence.xml
30 ms. Memory: 129024K Free: 92574K (72%)
----------------- Invoking toplevel() on ptolemy.moml.MoMLSimpleApplication@48168c95
----------------- Done invoking toplevel() on ptolemy.moml.MoMLSimpleApplication@48168c95
reloadAllAccessors: .ArrayToSequence

===========================================================================================
----------------- testing Wed Mar 04 12:56:54 UTC 2020 /home/travis/build/icyphy/ptII/ptolemy/domains/sdf/lib/test/auto/ArrayToSequenceTest.xml
----------------- Instantiating /home/travis/build/icyphy/ptII/ptolemy/domains/sdf/lib/test/auto/ArrayToSequenceTest.xml
14 ms. Memory: 129024K Free: 86439K (67%)
----------------- Invoking toplevel() on ptolemy.moml.MoMLSimpleApplication@e79ab00
----------------- Done invoking toplevel() on ptolemy.moml.MoMLSimpleApplication@e79ab00
reloadAllAccessors: .ArrayToSequenceTest

===========================================================================================
----------------- testing Wed Mar 04 12:56:54 UTC 2020 /home/travis/build/icyphy/ptII/ptolemy/domains/sdf/lib/test/auto/Autocorrelation.xml
----------------- Instantiating /home/travis/build/icyphy/ptII/ptolemy/domains/sdf/lib/test/auto/Autocorrelation.xml
6 ms. Memory: 129024K Free: 82343K (64%)
----------------- Invoking toplevel() on ptolemy.moml.MoMLSimpleApplication@3f0f4664
----------------- Done invoking toplevel() on ptolemy.moml.MoMLSimpleApplication@3f0f4664
reloadAllAccessors: .Autocorrelation

===========================================================================================
----------------- testing Wed Mar 04 12:56:54 UTC 2020 /home/travis/build/icyphy/ptII/ptolemy/domains/sdf/lib/test/auto/Autocorrelation2.xml
----------------- Instantiating /home/travis/build/icyphy/ptII/ptolemy/domains/sdf/lib/test/auto/Autocorrelation2.xml
5 ms. Memory: 129024K Free: 109131K (85%)
----------------- Invoking toplevel() on ptolemy.moml.MoMLSimpleApplication@3f5a72fd
----------------- Done invoking toplevel() on ptolemy.moml.MoMLSimpleApplication@3f5a72fd
reloadAllAccessors: .Autocorrelation2

===========================================================================================
----------------- testing Wed Mar 04 12:56:54 UTC 2020 /home/travis/build/icyphy/ptII/ptolemy/domains/sdf/lib/test/auto/Autocorrelation3.xml
----------------- Instantiating /home/travis/build/icyphy/ptII/ptolemy/domains/sdf/lib/test/auto/Autocorrelation3.xml
7 ms. Memory: 129024K Free: 105044K (81%)
----------------- Invoking toplevel() on ptolemy.moml.MoMLSimpleApplication@6d35a8c7
----------------- Done invoking toplevel() on ptolemy.moml.MoMLSimpleApplication@6d35a8c7
reloadAllAccessors: .Autocorrelation3

===========================================================================================
----------------- testing Wed Mar 04 12:56:54 UTC 2020 /home/travis/build/icyphy/ptII/ptolemy/domains/sdf/lib/test/auto/Autocorrelation4.xml
----------------- Instantiating /home/travis/build/icyphy/ptII/ptolemy/domains/sdf/lib/test/auto/Autocorrelation4.xml
11 ms. Memory: 129024K Free: 100981K (78%)
----------------- Invoking toplevel() on ptolemy.moml.MoMLSimpleApplication@1b0e13f4
----------------- Done invoking toplevel() on ptolemy.moml.MoMLSimpleApplication@1b0e13f4
reloadAllAccessors: .Autocorrelation4

===========================================================================================
----------------- testing Wed Mar 04 12:56:54 UTC 2020 /home/travis/build/icyphy/ptII/ptolemy/domains/sdf/lib/test/auto/Autocorrelation5.xml
----------------- Instantiating /home/travis/build/icyphy/ptII/ptolemy/domains/sdf/lib/test/auto/Autocorrelation5.xml
53 ms. Memory: 129024K Free: 93741K (73%)
----------------- Invoking toplevel() on ptolemy.moml.MoMLSimpleApplication@76131be1
----------------- Done invoking toplevel() on ptolemy.moml.MoMLSimpleApplication@76131be1
reloadAllAccessors: .Autocorrelation5

===========================================================================================
----------------- testing Wed Mar 04 12:56:54 UTC 2020 /home/travis/build/icyphy/ptII/ptolemy/domains/sdf/lib/test/auto/BitsToInt.xml
----------------- Instantiating /home/travis/build/icyphy/ptII/ptolemy/domains/sdf/lib/test/auto/BitsToInt.xml
3 ms. Memory: 129024K Free: 90772K (70%)
----------------- Invoking toplevel() on ptolemy.moml.MoMLSimpleApplication@93551bd
----------------- Done invoking toplevel() on ptolemy.moml.MoMLSimpleApplication@93551bd
reloadAllAccessors: .BitsToInt

===========================================================================================
----------------- testing Wed Mar 04 12:56:54 UTC 2020 /home/travis/build/icyphy/ptII/ptolemy/domains/sdf/lib/test/auto/BooleanJoin.xml
----------------- Instantiating /home/travis/build/icyphy/ptII/ptolemy/domains/sdf/lib/test/auto/BooleanJoin.xml
9 ms. Memory: 129024K Free: 86691K (67%)
----------------- Invoking toplevel() on ptolemy.moml.MoMLSimpleApplication@4f6bb776
----------------- Done invoking toplevel() on ptolemy.moml.MoMLSimpleApplication@4f6bb776
reloadAllAccessors: .BooleanJoin

===========================================================================================
----------------- testing Wed Mar 04 12:56:54 UTC 2020 /home/travis/build/icyphy/ptII/ptolemy/domains/sdf/lib/test/auto/BootstrapSampleDelay.xml
----------------- Instantiating /home/travis/build/icyphy/ptII/ptolemy/domains/sdf/lib/test/auto/BootstrapSampleDelay.xml
9 ms. Memory: 129024K Free: 82565K (64%)
----------------- Invoking toplevel() on ptolemy.moml.MoMLSimpleApplication@5667433
----------------- Done invoking toplevel() on ptolemy.moml.MoMLSimpleApplication@5667433
reloadAllAccessors: .BootstrapSampleDelay

===========================================================================================
----------------- testing Wed Mar 04 12:56:54 UTC 2020 /home/travis/build/icyphy/ptII/ptolemy/domains/sdf/lib/test/auto/Chop.xml
----------------- Instantiating /home/travis/build/icyphy/ptII/ptolemy/domains/sdf/lib/test/auto/Chop.xml
8 ms. Memory: 129024K Free: 75405K (58%)
----------------- Invoking toplevel() on ptolemy.moml.MoMLSimpleApplication@57f639fc
----------------- Done invoking toplevel() on ptolemy.moml.MoMLSimpleApplication@57f639fc
reloadAllAccessors: .Chop

===========================================================================================
----------------- testing Wed Mar 04 12:56:54 UTC 2020 /home/travis/build/icyphy/ptII/ptolemy/domains/sdf/lib/test/auto/Chop2.xml
----------------- Instantiating /home/travis/build/icyphy/ptII/ptolemy/domains/sdf/lib/test/auto/Chop2.xml
4 ms. Memory: 129024K Free: 69538K (54%)
----------------- Invoking toplevel() on ptolemy.moml.MoMLSimpleApplication@10762eb2
----------------- Done invoking toplevel() on ptolemy.moml.MoMLSimpleApplication@10762eb2
reloadAllAccessors: .Chop2

===========================================================================================
----------------- testing Wed Mar 04 12:56:54 UTC 2020 /home/travis/build/icyphy/ptII/ptolemy/domains/sdf/lib/test/auto/ComplexJoin.xml
----------------- Instantiating /home/travis/build/icyphy/ptII/ptolemy/domains/sdf/lib/test/auto/ComplexJoin.xml
6 ms. Memory: 129024K Free: 109055K (85%)
----------------- Invoking toplevel() on ptolemy.moml.MoMLSimpleApplication@13e98799
----------------- Done invoking toplevel() on ptolemy.moml.MoMLSimpleApplication@13e98799
reloadAllAccessors: .ComplexJoin

===========================================================================================
----------------- testing Wed Mar 04 12:56:54 UTC 2020 /home/travis/build/icyphy/ptII/ptolemy/domains/sdf/lib/test/auto/CountTrues.xml
----------------- Instantiating /home/travis/build/icyphy/ptII/ptolemy/domains/sdf/lib/test/auto/CountTrues.xml
5 ms. Memory: 129024K Free: 105543K (82%)
----------------- Invoking toplevel() on ptolemy.moml.MoMLSimpleApplication@1ab9444b
----------------- Done invoking toplevel() on ptolemy.moml.MoMLSimpleApplication@1ab9444b
reloadAllAccessors: .CountTrues

===========================================================================================
----------------- testing Wed Mar 04 12:56:55 UTC 2020 /home/travis/build/icyphy/ptII/ptolemy/domains/sdf/lib/test/auto/DelayLine.xml
----------------- Instantiating /home/travis/build/icyphy/ptII/ptolemy/domains/sdf/lib/test/auto/DelayLine.xml
5 ms. Memory: 129024K Free: 100437K (78%)
----------------- Invoking toplevel() on ptolemy.moml.MoMLSimpleApplication@35aa3399
----------------- Done invoking toplevel() on ptolemy.moml.MoMLSimpleApplication@35aa3399
reloadAllAccessors: .DelayLine

===========================================================================================
----------------- testing Wed Mar 04 12:56:55 UTC 2020 /home/travis/build/icyphy/ptII/ptolemy/domains/sdf/lib/test/auto/DotProduct.xml
----------------- Instantiating /home/travis/build/icyphy/ptII/ptolemy/domains/sdf/lib/test/auto/DotProduct.xml
4 ms. Memory: 129024K Free: 96942K (75%)
----------------- Invoking toplevel() on ptolemy.moml.MoMLSimpleApplication@39f1839
----------------- Done invoking toplevel() on ptolemy.moml.MoMLSimpleApplication@39f1839
reloadAllAccessors: .DotProduct

===========================================================================================
----------------- testing Wed Mar 04 12:56:55 UTC 2020 /home/travis/build/icyphy/ptII/ptolemy/domains/sdf/lib/test/auto/DotProductMatrix.xml
----------------- Instantiating /home/travis/build/icyphy/ptII/ptolemy/domains/sdf/lib/test/auto/DotProductMatrix.xml
5 ms. Memory: 129024K Free: 94247K (73%)
----------------- Invoking toplevel() on ptolemy.moml.MoMLSimpleApplication@7834b6c2
----------------- Done invoking toplevel() on ptolemy.moml.MoMLSimpleApplication@7834b6c2
reloadAllAccessors: .DotProductMatrix

===========================================================================================
----------------- testing Wed Mar 04 12:56:55 UTC 2020 /home/travis/build/icyphy/ptII/ptolemy/domains/sdf/lib/test/auto/DownSample1.xml
----------------- Instantiating /home/travis/build/icyphy/ptII/ptolemy/domains/sdf/lib/test/auto/DownSample1.xml
8 ms. Memory: 129024K Free: 90797K (70%)
----------------- Invoking toplevel() on ptolemy.moml.MoMLSimpleApplication@376a9aa
----------------- Done invoking toplevel() on ptolemy.moml.MoMLSimpleApplication@376a9aa
reloadAllAccessors: .DownSample1

===========================================================================================
----------------- testing Wed Mar 04 12:56:55 UTC 2020 /home/travis/build/icyphy/ptII/ptolemy/domains/sdf/lib/test/auto/DynamicRateChange.xml
----------------- Instantiating /home/travis/build/icyphy/ptII/ptolemy/domains/sdf/lib/test/auto/DynamicRateChange.xml
7 ms. Memory: 129024K Free: 85077K (66%)
----------------- Invoking toplevel() on ptolemy.moml.MoMLSimpleApplication@4f470f78
----------------- Done invoking toplevel() on ptolemy.moml.MoMLSimpleApplication@4f470f78
reloadAllAccessors: .DynamicRateChange

===========================================================================================
----------------- testing Wed Mar 04 12:56:55 UTC 2020 /home/travis/build/icyphy/ptII/ptolemy/domains/sdf/lib/test/auto/DynamicRates.xml
----------------- Instantiating /home/travis/build/icyphy/ptII/ptolemy/domains/sdf/lib/test/auto/DynamicRates.xml
7 ms. Memory: 129024K Free: 79534K (62%)
----------------- Invoking toplevel() on ptolemy.moml.MoMLSimpleApplication@60f13075
----------------- Done invoking toplevel() on ptolemy.moml.MoMLSimpleApplication@60f13075
reloadAllAccessors: .DynamicRates

===========================================================================================
----------------- testing Wed Mar 04 12:56:55 UTC 2020 /home/travis/build/icyphy/ptII/ptolemy/domains/sdf/lib/test/auto/FFT1.xml
----------------- Instantiating /home/travis/build/icyphy/ptII/ptolemy/domains/sdf/lib/test/auto/FFT1.xml
8 ms. Memory: 129024K Free: 75263K (58%)
----------------- Invoking toplevel() on ptolemy.moml.MoMLSimpleApplication@77aea853
----------------- Done invoking toplevel() on ptolemy.moml.MoMLSimpleApplication@77aea853
reloadAllAccessors: .FFT1

===========================================================================================
----------------- testing Wed Mar 04 12:56:55 UTC 2020 /home/travis/build/icyphy/ptII/ptolemy/domains/sdf/lib/test/auto/FIR1.xml
----------------- Instantiating /home/travis/build/icyphy/ptII/ptolemy/domains/sdf/lib/test/auto/FIR1.xml
24 ms. Memory: 129024K Free: 68270K (53%)
----------------- Invoking toplevel() on ptolemy.moml.MoMLSimpleApplication@42fe8699
----------------- Done invoking toplevel() on ptolemy.moml.MoMLSimpleApplication@42fe8699
reloadAllAccessors: .FIR1

===========================================================================================
----------------- testing Wed Mar 04 12:56:55 UTC 2020 /home/travis/build/icyphy/ptII/ptolemy/domains/sdf/lib/test/auto/FIR2.xml
----------------- Instantiating /home/travis/build/icyphy/ptII/ptolemy/domains/sdf/lib/test/auto/FIR2.xml
3 ms. Memory: 129024K Free: 64174K (50%)
----------------- Invoking toplevel() on ptolemy.moml.MoMLSimpleApplication@1110f35e
----------------- Done invoking toplevel() on ptolemy.moml.MoMLSimpleApplication@1110f35e
reloadAllAccessors: .FIR2

===========================================================================================
----------------- testing Wed Mar 04 12:56:55 UTC 2020 /home/travis/build/icyphy/ptII/ptolemy/domains/sdf/lib/test/auto/FIR4.xml
----------------- Instantiating /home/travis/build/icyphy/ptII/ptolemy/domains/sdf/lib/test/auto/FIR4.xml
13 ms. Memory: 129024K Free: 57383K (44%)
----------------- Invoking toplevel() on ptolemy.moml.MoMLSimpleApplication@5b925b1a
----------------- Done invoking toplevel() on ptolemy.moml.MoMLSimpleApplication@5b925b1a
reloadAllAccessors: .FIR4

===========================================================================================
----------------- testing Wed Mar 04 12:56:55 UTC 2020 /home/travis/build/icyphy/ptII/ptolemy/domains/sdf/lib/test/auto/FixJoin.xml
----------------- Instantiating /home/travis/build/icyphy/ptII/ptolemy/domains/sdf/lib/test/auto/FixJoin.xml
7 ms. Memory: 129024K Free: 52735K (41%)
----------------- Invoking toplevel() on ptolemy.moml.MoMLSimpleApplication@512fdd70
----------------- Done invoking toplevel() on ptolemy.moml.MoMLSimpleApplication@512fdd70
reloadAllAccessors: .FixJoin

===========================================================================================
----------------- testing Wed Mar 04 12:56:55 UTC 2020 /home/travis/build/icyphy/ptII/ptolemy/domains/sdf/lib/test/auto/IntJoin1.xml
----------------- Instantiating /home/travis/build/icyphy/ptII/ptolemy/domains/sdf/lib/test/auto/IntJoin1.xml
4 ms. Memory: 129024K Free: 111257K (86%)
----------------- Invoking toplevel() on ptolemy.moml.MoMLSimpleApplication@619709e1
----------------- Done invoking toplevel() on ptolemy.moml.MoMLSimpleApplication@619709e1
reloadAllAccessors: .IntJoin1

===========================================================================================
----------------- testing Wed Mar 04 12:56:55 UTC 2020 /home/travis/build/icyphy/ptII/ptolemy/domains/sdf/lib/test/auto/IntJoin2.xml
----------------- Instantiating /home/travis/build/icyphy/ptII/ptolemy/domains/sdf/lib/test/auto/IntJoin2.xml
7 ms. Memory: 129024K Free: 106590K (83%)
----------------- Invoking toplevel() on ptolemy.moml.MoMLSimpleApplication@7a22c05b
----------------- Done invoking toplevel() on ptolemy.moml.MoMLSimpleApplication@7a22c05b
reloadAllAccessors: .IntJoin2

===========================================================================================
----------------- testing Wed Mar 04 12:56:55 UTC 2020 /home/travis/build/icyphy/ptII/ptolemy/domains/sdf/lib/test/auto/IntJoin3.xml
----------------- Instantiating /home/travis/build/icyphy/ptII/ptolemy/domains/sdf/lib/test/auto/IntJoin3.xml
5 ms. Memory: 129024K Free: 102027K (79%)
----------------- Invoking toplevel() on ptolemy.moml.MoMLSimpleApplication@6ccdeca7
----------------- Done invoking toplevel() on ptolemy.moml.MoMLSimpleApplication@6ccdeca7
reloadAllAccessors: .IntJoin3

===========================================================================================
----------------- testing Wed Mar 04 12:56:55 UTC 2020 /home/travis/build/icyphy/ptII/ptolemy/domains/sdf/lib/test/auto/IntJoin4.xml
----------------- Instantiating /home/travis/build/icyphy/ptII/ptolemy/domains/sdf/lib/test/auto/IntJoin4.xml
6 ms. Memory: 129024K Free: 97908K (76%)
----------------- Invoking toplevel() on ptolemy.moml.MoMLSimpleApplication@94c5fa1
----------------- Done invoking toplevel() on ptolemy.moml.MoMLSimpleApplication@94c5fa1
reloadAllAccessors: .IntJoin4

===========================================================================================
----------------- testing Wed Mar 04 12:56:55 UTC 2020 /home/travis/build/icyphy/ptII/ptolemy/domains/sdf/lib/test/auto/IntJoin5.xml
----------------- Instantiating /home/travis/build/icyphy/ptII/ptolemy/domains/sdf/lib/test/auto/IntJoin5.xml
6 ms. Memory: 129024K Free: 93278K (72%)
----------------- Invoking toplevel() on ptolemy.moml.MoMLSimpleApplication@a01cff8
----------------- Done invoking toplevel() on ptolemy.moml.MoMLSimpleApplication@a01cff8
reloadAllAccessors: .IntJoin5

===========================================================================================
----------------- testing Wed Mar 04 12:56:55 UTC 2020 /home/travis/build/icyphy/ptII/ptolemy/domains/sdf/lib/test/auto/IntToBits.xml
----------------- Instantiating /home/travis/build/icyphy/ptII/ptolemy/domains/sdf/lib/test/auto/IntToBits.xml
8 ms. Memory: 129024K Free: 90327K (70%)
----------------- Invoking toplevel() on ptolemy.moml.MoMLSimpleApplication@2d983d77
----------------- Done invoking toplevel() on ptolemy.moml.MoMLSimpleApplication@2d983d77
reloadAllAccessors: .IntToBits

===========================================================================================
----------------- testing Wed Mar 04 12:56:55 UTC 2020 /home/travis/build/icyphy/ptII/ptolemy/domains/sdf/lib/test/auto/LMSAdaptive.xml
----------------- Instantiating /home/travis/build/icyphy/ptII/ptolemy/domains/sdf/lib/test/auto/LMSAdaptive.xml
15 ms. Memory: 129024K Free: 82119K (64%)
----------------- Invoking toplevel() on ptolemy.moml.MoMLSimpleApplication@36ccb29f
----------------- Done invoking toplevel() on ptolemy.moml.MoMLSimpleApplication@36ccb29f
reloadAllAccessors: .LMSAdaptive

===========================================================================================
----------------- testing Wed Mar 04 12:56:55 UTC 2020 /home/travis/build/icyphy/ptII/ptolemy/domains/sdf/lib/test/auto/LMSAdaptiveFIR.xml
----------------- Instantiating /home/travis/build/icyphy/ptII/ptolemy/domains/sdf/lib/test/auto/LMSAdaptiveFIR.xml
275 ms. Memory: 129024K Free: 47319K (37%)
----------------- Invoking toplevel() on ptolemy.moml.MoMLSimpleApplication@3d9b10c1
----------------- Done invoking toplevel() on ptolemy.moml.MoMLSimpleApplication@3d9b10c1
reloadAllAccessors: .LMSAdaptiveFIR

===========================================================================================
----------------- testing Wed Mar 04 12:56:56 UTC 2020 /home/travis/build/icyphy/ptII/ptolemy/domains/sdf/lib/test/auto/LMSAdaptiveFIR2.xml
----------------- Instantiating /home/travis/build/icyphy/ptII/ptolemy/domains/sdf/lib/test/auto/LMSAdaptiveFIR2.xml
402 ms. Memory: 161792K Free: 89452K (55%)
----------------- Invoking toplevel() on ptolemy.moml.MoMLSimpleApplication@73c0b1df
----------------- Done invoking toplevel() on ptolemy.moml.MoMLSimpleApplication@73c0b1df
reloadAllAccessors: .LMSAdaptiveFIR2

===========================================================================================
----------------- testing Wed Mar 04 12:56:56 UTC 2020 /home/travis/build/icyphy/ptII/ptolemy/domains/sdf/lib/test/auto/LongJoin.xml
----------------- Instantiating /home/travis/build/icyphy/ptII/ptolemy/domains/sdf/lib/test/auto/LongJoin.xml
4 ms. Memory: 161792K Free: 84846K (52%)
----------------- Invoking toplevel() on ptolemy.moml.MoMLSimpleApplication@495b0fe5
----------------- Done invoking toplevel() on ptolemy.moml.MoMLSimpleApplication@495b0fe5
reloadAllAccessors: .LongJoin

===========================================================================================
----------------- testing Wed Mar 04 12:56:56 UTC 2020 /home/travis/build/icyphy/ptII/ptolemy/domains/sdf/lib/test/auto/Matrix1.xml
----------------- Instantiating /home/travis/build/icyphy/ptII/ptolemy/domains/sdf/lib/test/auto/Matrix1.xml
3 ms. Memory: 161792K Free: 80750K (50%)
----------------- Invoking toplevel() on ptolemy.moml.MoMLSimpleApplication@2b6669e3
----------------- Done invoking toplevel() on ptolemy.moml.MoMLSimpleApplication@2b6669e3
reloadAllAccessors: .Matrix1

===========================================================================================
----------------- testing Wed Mar 04 12:56:56 UTC 2020 /home/travis/build/icyphy/ptII/ptolemy/domains/sdf/lib/test/auto/Matrix2.xml
----------------- Instantiating /home/travis/build/icyphy/ptII/ptolemy/domains/sdf/lib/test/auto/Matrix2.xml
3 ms. Memory: 161792K Free: 76654K (47%)
----------------- Invoking toplevel() on ptolemy.moml.MoMLSimpleApplication@1e90d66c
----------------- Done invoking toplevel() on ptolemy.moml.MoMLSimpleApplication@1e90d66c
reloadAllAccessors: .Matrix2

===========================================================================================
----------------- testing Wed Mar 04 12:56:56 UTC 2020 /home/travis/build/icyphy/ptII/ptolemy/domains/sdf/lib/test/auto/MatrixJoin1.xml
----------------- Instantiating /home/travis/build/icyphy/ptII/ptolemy/domains/sdf/lib/test/auto/MatrixJoin1.xml
3 ms. Memory: 161792K Free: 72044K (45%)
----------------- Invoking toplevel() on ptolemy.moml.MoMLSimpleApplication@52153855
----------------- Done invoking toplevel() on ptolemy.moml.MoMLSimpleApplication@52153855
reloadAllAccessors: .MatrixJoin1

===========================================================================================
----------------- testing Wed Mar 04 12:56:56 UTC 2020 /home/travis/build/icyphy/ptII/ptolemy/domains/sdf/lib/test/auto/MatrixJoin2.xml
----------------- Instantiating /home/travis/build/icyphy/ptII/ptolemy/domains/sdf/lib/test/auto/MatrixJoin2.xml
2 ms. Memory: 161792K Free: 67438K (42%)
----------------- Invoking toplevel() on ptolemy.moml.MoMLSimpleApplication@423d5116
----------------- Done invoking toplevel() on ptolemy.moml.MoMLSimpleApplication@423d5116
reloadAllAccessors: .MatrixJoin2

===========================================================================================
----------------- testing Wed Mar 04 12:56:56 UTC 2020 /home/travis/build/icyphy/ptII/ptolemy/domains/sdf/lib/test/auto/MatrixJoin3.xml
----------------- Instantiating /home/travis/build/icyphy/ptII/ptolemy/domains/sdf/lib/test/auto/MatrixJoin3.xml
4 ms. Memory: 161792K Free: 62828K (39%)
----------------- Invoking toplevel() on ptolemy.moml.MoMLSimpleApplication@2735198f
----------------- Done invoking toplevel() on ptolemy.moml.MoMLSimpleApplication@2735198f
reloadAllAccessors: .MatrixJoin3

===========================================================================================
----------------- testing Wed Mar 04 12:56:56 UTC 2020 /home/travis/build/icyphy/ptII/ptolemy/domains/sdf/lib/test/auto/MatrixJoin4.xml
----------------- Instantiating /home/travis/build/icyphy/ptII/ptolemy/domains/sdf/lib/test/auto/MatrixJoin4.xml
3 ms. Memory: 161792K Free: 142850K (88%)
----------------- Invoking toplevel() on ptolemy.moml.MoMLSimpleApplication@3bf017ee
----------------- Done invoking toplevel() on ptolemy.moml.MoMLSimpleApplication@3bf017ee
reloadAllAccessors: .MatrixJoin4

===========================================================================================
----------------- testing Wed Mar 04 12:56:56 UTC 2020 /home/travis/build/icyphy/ptII/ptolemy/domains/sdf/lib/test/auto/MatrixJoin5.xml
----------------- Instantiating /home/travis/build/icyphy/ptII/ptolemy/domains/sdf/lib/test/auto/MatrixJoin5.xml
4 ms. Memory: 161792K Free: 138754K (86%)
----------------- Invoking toplevel() on ptolemy.moml.MoMLSimpleApplication@66d5b8a4
----------------- Done invoking toplevel() on ptolemy.moml.MoMLSimpleApplication@66d5b8a4
reloadAllAccessors: .MatrixJoin5

===========================================================================================
----------------- testing Wed Mar 04 12:56:56 UTC 2020 /home/travis/build/icyphy/ptII/ptolemy/domains/sdf/lib/test/auto/MatrixSplit1.xml
----------------- Instantiating /home/travis/build/icyphy/ptII/ptolemy/domains/sdf/lib/test/auto/MatrixSplit1.xml
3 ms. Memory: 161792K Free: 133634K (83%)
----------------- Invoking toplevel() on ptolemy.moml.MoMLSimpleApplication@140ac643
----------------- Done invoking toplevel() on ptolemy.moml.MoMLSimpleApplication@140ac643
reloadAllAccessors: .MatrixSplit1

===========================================================================================
----------------- testing Wed Mar 04 12:56:56 UTC 2020 /home/travis/build/icyphy/ptII/ptolemy/domains/sdf/lib/test/auto/MatrixSplit10.xml
----------------- Instantiating /home/travis/build/icyphy/ptII/ptolemy/domains/sdf/lib/test/auto/MatrixSplit10.xml
4 ms. Memory: 161792K Free: 130052K (80%)
----------------- Invoking toplevel() on ptolemy.moml.MoMLSimpleApplication@3d6d1c9f
----------------- Done invoking toplevel() on ptolemy.moml.MoMLSimpleApplication@3d6d1c9f
reloadAllAccessors: .MatrixSplit10

===========================================================================================
----------------- testing Wed Mar 04 12:56:56 UTC 2020 /home/travis/build/icyphy/ptII/ptolemy/domains/sdf/lib/test/auto/MatrixSplit11.xml
----------------- Instantiating /home/travis/build/icyphy/ptII/ptolemy/domains/sdf/lib/test/auto/MatrixSplit11.xml
2 ms. Memory: 161792K Free: 126466K (78%)
----------------- Invoking toplevel() on ptolemy.moml.MoMLSimpleApplication@199d2c91
----------------- Done invoking toplevel() on ptolemy.moml.MoMLSimpleApplication@199d2c91
reloadAllAccessors: .MatrixSplit11

===========================================================================================
----------------- testing Wed Mar 04 12:56:56 UTC 2020 /home/travis/build/icyphy/ptII/ptolemy/domains/sdf/lib/test/auto/MatrixSplit12.xml
----------------- Instantiating /home/travis/build/icyphy/ptII/ptolemy/domains/sdf/lib/test/auto/MatrixSplit12.xml
2 ms. Memory: 161792K Free: 122884K (76%)
----------------- Invoking toplevel() on ptolemy.moml.MoMLSimpleApplication@77895e81
----------------- Done invoking toplevel() on ptolemy.moml.MoMLSimpleApplication@77895e81
reloadAllAccessors: .MatrixSplit12

===========================================================================================
----------------- testing Wed Mar 04 12:56:56 UTC 2020 /home/travis/build/icyphy/ptII/ptolemy/domains/sdf/lib/test/auto/MatrixSplit13.xml
----------------- Instantiating /home/travis/build/icyphy/ptII/ptolemy/domains/sdf/lib/test/auto/MatrixSplit13.xml
2 ms. Memory: 161792K Free: 119298K (74%)
----------------- Invoking toplevel() on ptolemy.moml.MoMLSimpleApplication@35272d33
----------------- Done invoking toplevel() on ptolemy.moml.MoMLSimpleApplication@35272d33
reloadAllAccessors: .MatrixSplit13

===========================================================================================
----------------- testing Wed Mar 04 12:56:56 UTC 2020 /home/travis/build/icyphy/ptII/ptolemy/domains/sdf/lib/test/auto/MatrixSplit14.xml
----------------- Instantiating /home/travis/build/icyphy/ptII/ptolemy/domains/sdf/lib/test/auto/MatrixSplit14.xml
2 ms. Memory: 161792K Free: 115716K (72%)
----------------- Invoking toplevel() on ptolemy.moml.MoMLSimpleApplication@48656f3a
----------------- Done invoking toplevel() on ptolemy.moml.MoMLSimpleApplication@48656f3a
reloadAllAccessors: .MatrixSplit14

===========================================================================================
----------------- testing Wed Mar 04 12:56:56 UTC 2020 /home/travis/build/icyphy/ptII/ptolemy/domains/sdf/lib/test/auto/MatrixSplit2.xml
----------------- Instantiating /home/travis/build/icyphy/ptII/ptolemy/domains/sdf/lib/test/auto/MatrixSplit2.xml
3 ms. Memory: 161792K Free: 112130K (69%)
----------------- Invoking toplevel() on ptolemy.moml.MoMLSimpleApplication@3fbfcaec
----------------- Done invoking toplevel() on ptolemy.moml.MoMLSimpleApplication@3fbfcaec
reloadAllAccessors: .MatrixSplit2

===========================================================================================
----------------- testing Wed Mar 04 12:56:56 UTC 2020 /home/travis/build/icyphy/ptII/ptolemy/domains/sdf/lib/test/auto/MatrixSplit3.xml
----------------- Instantiating /home/travis/build/icyphy/ptII/ptolemy/domains/sdf/lib/test/auto/MatrixSplit3.xml
2 ms. Memory: 161792K Free: 108548K (67%)
----------------- Invoking toplevel() on ptolemy.moml.MoMLSimpleApplication@2f941690
----------------- Done invoking toplevel() on ptolemy.moml.MoMLSimpleApplication@2f941690
reloadAllAccessors: .MatrixSplit3

===========================================================================================
----------------- testing Wed Mar 04 12:56:57 UTC 2020 /home/travis/build/icyphy/ptII/ptolemy/domains/sdf/lib/test/auto/MatrixSplit4.xml
----------------- Instantiating /home/travis/build/icyphy/ptII/ptolemy/domains/sdf/lib/test/auto/MatrixSplit4.xml
2 ms. Memory: 161792K Free: 104962K (65%)
----------------- Invoking toplevel() on ptolemy.moml.MoMLSimpleApplication@6cb61add
----------------- Done invoking toplevel() on ptolemy.moml.MoMLSimpleApplication@6cb61add
reloadAllAccessors: .MatrixSplit4

===========================================================================================
----------------- testing Wed Mar 04 12:56:57 UTC 2020 /home/travis/build/icyphy/ptII/ptolemy/domains/sdf/lib/test/auto/MatrixSplit5.xml
----------------- Instantiating /home/travis/build/icyphy/ptII/ptolemy/domains/sdf/lib/test/auto/MatrixSplit5.xml
11 ms. Memory: 161792K Free: 101380K (63%)
----------------- Invoking toplevel() on ptolemy.moml.MoMLSimpleApplication@24b0bf36
----------------- Done invoking toplevel() on ptolemy.moml.MoMLSimpleApplication@24b0bf36
reloadAllAccessors: .MatrixSplit5

===========================================================================================
----------------- testing Wed Mar 04 12:56:57 UTC 2020 /home/travis/build/icyphy/ptII/ptolemy/domains/sdf/lib/test/auto/MatrixSplit6.xml
----------------- Instantiating /home/travis/build/icyphy/ptII/ptolemy/domains/sdf/lib/test/auto/MatrixSplit6.xml
3 ms. Memory: 161792K Free: 97794K (60%)
----------------- Invoking toplevel() on ptolemy.moml.MoMLSimpleApplication@64132451
----------------- Done invoking toplevel() on ptolemy.moml.MoMLSimpleApplication@64132451
reloadAllAccessors: .MatrixSplit6

===========================================================================================
----------------- testing Wed Mar 04 12:56:57 UTC 2020 /home/travis/build/icyphy/ptII/ptolemy/domains/sdf/lib/test/auto/MatrixSplit7.xml
----------------- Instantiating /home/travis/build/icyphy/ptII/ptolemy/domains/sdf/lib/test/auto/MatrixSplit7.xml
3 ms. Memory: 161792K Free: 94212K (58%)
----------------- Invoking toplevel() on ptolemy.moml.MoMLSimpleApplication@3bc8948c
----------------- Done invoking toplevel() on ptolemy.moml.MoMLSimpleApplication@3bc8948c
reloadAllAccessors: .MatrixSplit7

===========================================================================================
----------------- testing Wed Mar 04 12:56:57 UTC 2020 /home/travis/build/icyphy/ptII/ptolemy/domains/sdf/lib/test/auto/MatrixSplit8.xml
----------------- Instantiating /home/travis/build/icyphy/ptII/ptolemy/domains/sdf/lib/test/auto/MatrixSplit8.xml
2 ms. Memory: 161792K Free: 90626K (56%)
----------------- Invoking toplevel() on ptolemy.moml.MoMLSimpleApplication@3fc3cfaa
----------------- Done invoking toplevel() on ptolemy.moml.MoMLSimpleApplication@3fc3cfaa
reloadAllAccessors: .MatrixSplit8

===========================================================================================
----------------- testing Wed Mar 04 12:56:57 UTC 2020 /home/travis/build/icyphy/ptII/ptolemy/domains/sdf/lib/test/auto/MatrixSplit9.xml
----------------- Instantiating /home/travis/build/icyphy/ptII/ptolemy/domains/sdf/lib/test/auto/MatrixSplit9.xml
8 ms. Memory: 161792K Free: 87044K (54%)
----------------- Invoking toplevel() on ptolemy.moml.MoMLSimpleApplication@58089c4d
----------------- Done invoking toplevel() on ptolemy.moml.MoMLSimpleApplication@58089c4d
reloadAllAccessors: .MatrixSplit9

===========================================================================================
----------------- testing Wed Mar 04 12:56:57 UTC 2020 /home/travis/build/icyphy/ptII/ptolemy/domains/sdf/lib/test/auto/MatrixToSequence.xml
----------------- Instantiating /home/travis/build/icyphy/ptII/ptolemy/domains/sdf/lib/test/auto/MatrixToSequence.xml
14 ms. Memory: 161792K Free: 78338K (48%)
----------------- Invoking toplevel() on ptolemy.moml.MoMLSimpleApplication@552d7b3a
----------------- Done invoking toplevel() on ptolemy.moml.MoMLSimpleApplication@552d7b3a
reloadAllAccessors: .MatrixToSequence

===========================================================================================
----------------- testing Wed Mar 04 12:56:57 UTC 2020 /home/travis/build/icyphy/ptII/ptolemy/domains/sdf/lib/test/auto/MaximumEntropySpectrum.xml
----------------- Instantiating /home/travis/build/icyphy/ptII/ptolemy/domains/sdf/lib/test/auto/MaximumEntropySpectrum.xml
17 ms. Memory: 161792K Free: 57348K (35%)
----------------- Invoking toplevel() on ptolemy.moml.MoMLSimpleApplication@51085fe8
----------------- Done invoking toplevel() on ptolemy.moml.MoMLSimpleApplication@51085fe8
reloadAllAccessors: .MaximumEntropySpectrum

===========================================================================================
----------------- testing Wed Mar 04 12:56:57 UTC 2020 /home/travis/build/icyphy/ptII/ptolemy/domains/sdf/lib/test/auto/SampleDelayConversion.xml
----------------- Instantiating /home/travis/build/icyphy/ptII/ptolemy/domains/sdf/lib/test/auto/SampleDelayConversion.xml
2 ms. Memory: 161792K Free: 140994K (87%)
----------------- Invoking toplevel() on ptolemy.moml.MoMLSimpleApplication@44e63304
----------------- Done invoking toplevel() on ptolemy.moml.MoMLSimpleApplication@44e63304
reloadAllAccessors: .SampleDelayConversion

===========================================================================================
----------------- testing Wed Mar 04 12:56:57 UTC 2020 /home/travis/build/icyphy/ptII/ptolemy/domains/sdf/lib/test/auto/SequenceToArray.xml
----------------- Instantiating /home/travis/build/icyphy/ptII/ptolemy/domains/sdf/lib/test/auto/SequenceToArray.xml
10 ms. Memory: 161792K Free: 130210K (80%)
----------------- Invoking toplevel() on ptolemy.moml.MoMLSimpleApplication@2b5f519c
----------------- Done invoking toplevel() on ptolemy.moml.MoMLSimpleApplication@2b5f519c
reloadAllAccessors: .SequenceToArray

===========================================================================================
----------------- testing Wed Mar 04 12:56:57 UTC 2020 /home/travis/build/icyphy/ptII/ptolemy/domains/sdf/lib/test/auto/SequenceToMatrix.xml
----------------- Instantiating /home/travis/build/icyphy/ptII/ptolemy/domains/sdf/lib/test/auto/SequenceToMatrix.xml
3331 ms. Memory: 161792K Free: 80750K (50%)
----------------- Invoking toplevel() on ptolemy.moml.MoMLSimpleApplication@69782960
----------------- Done invoking toplevel() on ptolemy.moml.MoMLSimpleApplication@69782960
reloadAllAccessors: .SequenceToMatrix

===========================================================================================
----------------- testing Wed Mar 04 12:57:00 UTC 2020 /home/travis/build/icyphy/ptII/ptolemy/domains/sdf/lib/test/auto/SmoothedPeriodogram.xml
----------------- Instantiating /home/travis/build/icyphy/ptII/ptolemy/domains/sdf/lib/test/auto/SmoothedPeriodogram.xml
15 ms. Memory: 161792K Free: 65390K (40%)
----------------- Invoking toplevel() on ptolemy.moml.MoMLSimpleApplication@54911ab8
----------------- Done invoking toplevel() on ptolemy.moml.MoMLSimpleApplication@54911ab8
reloadAllAccessors: .SmoothedPeriodogram

===========================================================================================
----------------- testing Wed Mar 04 12:57:00 UTC 2020 /home/travis/build/icyphy/ptII/ptolemy/domains/sdf/lib/test/auto/UpDownSample1.xml
----------------- Instantiating /home/travis/build/icyphy/ptII/ptolemy/domains/sdf/lib/test/auto/UpDownSample1.xml
3 ms. Memory: 161792K Free: 61294K (38%)
----------------- Invoking toplevel() on ptolemy.moml.MoMLSimpleApplication@176ef012
----------------- Done invoking toplevel() on ptolemy.moml.MoMLSimpleApplication@176ef012
reloadAllAccessors: .UpDownSample1

===========================================================================================
----------------- testing Wed Mar 04 12:57:00 UTC 2020 /home/travis/build/icyphy/ptII/ptolemy/domains/sdf/lib/test/auto/UpSample1.xml
----------------- Instantiating /home/travis/build/icyphy/ptII/ptolemy/domains/sdf/lib/test/auto/UpSample1.xml
5 ms. Memory: 161792K Free: 57708K (36%)
----------------- Invoking toplevel() on ptolemy.moml.MoMLSimpleApplication@bdae05c
----------------- Done invoking toplevel() on ptolemy.moml.MoMLSimpleApplication@bdae05c
reloadAllAccessors: .UpSample1

===========================================================================================
----------------- testing Wed Mar 04 12:57:00 UTC 2020 /home/travis/build/icyphy/ptII/ptolemy/domains/sdf/lib/test/auto/VariableFIR.xml
----------------- Instantiating /home/travis/build/icyphy/ptII/ptolemy/domains/sdf/lib/test/auto/VariableFIR.xml
5 ms. Memory: 161792K Free: 52588K (33%)
----------------- Invoking toplevel() on ptolemy.moml.MoMLSimpleApplication@6e020e67
----------------- Done invoking toplevel() on ptolemy.moml.MoMLSimpleApplication@6e020e67
reloadAllAccessors: .VariableFIR

===========================================================================================
----------------- testing Wed Mar 04 12:57:00 UTC 2020 /home/travis/build/icyphy/ptII/ptolemy/domains/sdf/lib/test/auto/VariableFIR2.xml
----------------- Instantiating /home/travis/build/icyphy/ptII/ptolemy/domains/sdf/lib/test/auto/VariableFIR2.xml
5 ms. Memory: 161792K Free: 141676K (88%)
----------------- Invoking toplevel() on ptolemy.moml.MoMLSimpleApplication@74af51f1
----------------- Done invoking toplevel() on ptolemy.moml.MoMLSimpleApplication@74af51f1
reloadAllAccessors: .VariableFIR2

===========================================================================================
----------------- testing Wed Mar 04 12:57:01 UTC 2020 /home/travis/build/icyphy/ptII/ptolemy/domains/sdf/lib/test/auto/VariableLattice.xml
----------------- Instantiating /home/travis/build/icyphy/ptII/ptolemy/domains/sdf/lib/test/auto/VariableLattice.xml
6 ms. Memory: 161792K Free: 135532K (84%)
----------------- Invoking toplevel() on ptolemy.moml.MoMLSimpleApplication@4435531d
----------------- Done invoking toplevel() on ptolemy.moml.MoMLSimpleApplication@4435531d
reloadAllAccessors: .VariableLattice

===========================================================================================
----------------- testing Wed Mar 04 12:57:01 UTC 2020 /home/travis/build/icyphy/ptII/ptolemy/domains/sdf/lib/test/auto/VariableLattice2.xml
----------------- Instantiating /home/travis/build/icyphy/ptII/ptolemy/domains/sdf/lib/test/auto/VariableLattice2.xml
1.0
-1.999999602036
1.9099998677481
-0.9099996420674
0.205
0.0
0.0
1.0
-0.25
-0.5
0.0
0.0
0.0
0.0
8 ms. Memory: 161792K Free: 130926K (81%)
----------------- Invoking toplevel() on ptolemy.moml.MoMLSimpleApplication@1652e11c
----------------- Done invoking toplevel() on ptolemy.moml.MoMLSimpleApplication@1652e11c
reloadAllAccessors: .VariableLattice2

===========================================================================================
----------------- testing Wed Mar 04 12:57:01 UTC 2020 /home/travis/build/icyphy/ptII/ptolemy/domains/sdf/lib/test/auto/VariableRecursiveLattice.xml
----------------- Instantiating /home/travis/build/icyphy/ptII/ptolemy/domains/sdf/lib/test/auto/VariableRecursiveLattice.xml
3 ms. Memory: 161792K Free: 126316K (78%)
----------------- Invoking toplevel() on ptolemy.moml.MoMLSimpleApplication@38e6f02a
----------------- Done invoking toplevel() on ptolemy.moml.MoMLSimpleApplication@38e6f02a
reloadAllAccessors: .VariableRecursiveLattice

===========================================================================================
----------------- testing Wed Mar 04 12:57:01 UTC 2020 /home/travis/build/icyphy/ptII/ptolemy/domains/sdf/lib/test/auto/VariableRecursiveLattice2.xml
----------------- Instantiating /home/travis/build/icyphy/ptII/ptolemy/domains/sdf/lib/test/auto/VariableRecursiveLattice2.xml
3 ms. Memory: 161792K Free: 122220K (76%)
----------------- Invoking toplevel() on ptolemy.moml.MoMLSimpleApplication@5bc88317
----------------- Done invoking toplevel() on ptolemy.moml.MoMLSimpleApplication@5bc88317
reloadAllAccessors: .VariableRecursiveLattice2
AutoTests.java: About to close Vertx.
AutoTests.java: Vertx closed.
]]></system-out>
  <system-err><![CDATA[]]></system-err>
</testsuite>
