<?xml version="1.0" encoding="UTF-8" ?>
<testsuite errors="0" failures="0" hostname="travis-job-c9d27d2d-9372-4ede-87eb-aa251f63903a" name="ptolemy.actor.lib.hoc.test.junit.JUnitTclTest" skipped="0" tests="58" time="26.186" timestamp="2019-03-14T17:05:31">
  <properties>
[...]
</properties>
  <testcase classname="ptolemy.util.test.junit.TclTests" name="[0] /home/travis/build/icyphy/ptII/ptolemy/actor/lib/hoc/test/IterateOverArray.tcl (RunTclFile)" time="0.33" />
  <testcase classname="ptolemy.util.test.junit.AutoKnownFailedTests" name="[0] /home/travis/build/icyphy/ptII/ptolemy/actor/lib/hoc/test/auto/knownFailedTests/PreinitializeMustBeInvokedRunComposite.xml (RunModel)" time="0.244" />
  <testcase classname="ptolemy.util.test.junit.AutoNameArchTests" name="[0] ThereAreNoAutoArchTests (RunModel)" time="0.0" />
  <testcase classname="ptolemy.util.test.junit.AutoTests" name="[0] /home/travis/build/icyphy/ptII/ptolemy/actor/lib/hoc/test/auto/AllToAllMultiInstanceComposite.xml (RunModel)" time="0.374" />
  <testcase classname="ptolemy.util.test.junit.AutoTests" name="[1] /home/travis/build/icyphy/ptII/ptolemy/actor/lib/hoc/test/auto/ApplyFFTTest.xml (RunModel)" time="0.379" />
  <testcase classname="ptolemy.util.test.junit.AutoTests" name="[2] /home/travis/build/icyphy/ptII/ptolemy/actor/lib/hoc/test/auto/ApplyFunction.xml (RunModel)" time="0.047" />
  <testcase classname="ptolemy.util.test.junit.AutoTests" name="[3] /home/travis/build/icyphy/ptII/ptolemy/actor/lib/hoc/test/auto/BackgroundExecution.xml (RunModel)" time="0.69" />
  <testcase classname="ptolemy.util.test.junit.AutoTests" name="[4] /home/travis/build/icyphy/ptII/ptolemy/actor/lib/hoc/test/auto/Case.xml (RunModel)" time="0.061" />
  <testcase classname="ptolemy.util.test.junit.AutoTests" name="[5] /home/travis/build/icyphy/ptII/ptolemy/actor/lib/hoc/test/auto/Case1.xml (RunModel)" time="0.095" />
  <testcase classname="ptolemy.util.test.junit.AutoTests" name="[6] /home/travis/build/icyphy/ptII/ptolemy/actor/lib/hoc/test/auto/Case2.xml (RunModel)" time="0.102" />
  <testcase classname="ptolemy.util.test.junit.AutoTests" name="[7] /home/travis/build/icyphy/ptII/ptolemy/actor/lib/hoc/test/auto/Case3.xml (RunModel)" time="0.067" />
  <testcase classname="ptolemy.util.test.junit.AutoTests" name="[8] /home/travis/build/icyphy/ptII/ptolemy/actor/lib/hoc/test/auto/Case4.xml (RunModel)" time="0.06" />
  <testcase classname="ptolemy.util.test.junit.AutoTests" name="[9] /home/travis/build/icyphy/ptII/ptolemy/actor/lib/hoc/test/auto/Case5.xml (RunModel)" time="0.098" />
  <testcase classname="ptolemy.util.test.junit.AutoTests" name="[10] /home/travis/build/icyphy/ptII/ptolemy/actor/lib/hoc/test/auto/Case6.xml (RunModel)" time="0.097" />
  <testcase classname="ptolemy.util.test.junit.AutoTests" name="[11] /home/travis/build/icyphy/ptII/ptolemy/actor/lib/hoc/test/auto/CaseString2.xml (RunModel)" time="0.058" />
  <testcase classname="ptolemy.util.test.junit.AutoTests" name="[12] /home/travis/build/icyphy/ptII/ptolemy/actor/lib/hoc/test/auto/CatchUpComposite1.xml (RunModel)" time="0.074" />
  <testcase classname="ptolemy.util.test.junit.AutoTests" name="[13] /home/travis/build/icyphy/ptII/ptolemy/actor/lib/hoc/test/auto/CatchUpComposite2.xml (RunModel)" time="0.07" />
  <testcase classname="ptolemy.util.test.junit.AutoTests" name="[14] /home/travis/build/icyphy/ptII/ptolemy/actor/lib/hoc/test/auto/CatchUpComposite3.xml (RunModel)" time="0.058" />
  <testcase classname="ptolemy.util.test.junit.AutoTests" name="[15] /home/travis/build/icyphy/ptII/ptolemy/actor/lib/hoc/test/auto/CatchUpComposite4.xml (RunModel)" time="0.068" />
  <testcase classname="ptolemy.util.test.junit.AutoTests" name="[16] /home/travis/build/icyphy/ptII/ptolemy/actor/lib/hoc/test/auto/CatchUpComposite5.xml (RunModel)" time="0.044" />
  <testcase classname="ptolemy.util.test.junit.AutoTests" name="[17] /home/travis/build/icyphy/ptII/ptolemy/actor/lib/hoc/test/auto/CatchUpComposite6.xml (RunModel)" time="0.186" />
  <testcase classname="ptolemy.util.test.junit.AutoTests" name="[18] /home/travis/build/icyphy/ptII/ptolemy/actor/lib/hoc/test/auto/CatchUpComposite7.xml (RunModel)" time="0.123" />
  <testcase classname="ptolemy.util.test.junit.AutoTests" name="[19] /home/travis/build/icyphy/ptII/ptolemy/actor/lib/hoc/test/auto/ConcurrentExecutionTimeSDF.xml (RunModel)" time="2.022" />
  <testcase classname="ptolemy.util.test.junit.AutoTests" name="[20] /home/travis/build/icyphy/ptII/ptolemy/actor/lib/hoc/test/auto/ConcurrentSleep.xml (RunModel)" time="0.78" />
  <testcase classname="ptolemy.util.test.junit.AutoTests" name="[21] /home/travis/build/icyphy/ptII/ptolemy/actor/lib/hoc/test/auto/DEInPNInRunCompositeActor.xml (RunModel)" time="0.058" />
  <testcase classname="ptolemy.util.test.junit.AutoTests" name="[22] /home/travis/build/icyphy/ptII/ptolemy/actor/lib/hoc/test/auto/DFTSubSetTest.xml (RunModel)" time="0.282" />
  <testcase classname="ptolemy.util.test.junit.AutoTests" name="[23] /home/travis/build/icyphy/ptII/ptolemy/actor/lib/hoc/test/auto/HocDE.xml (RunModel)" time="0.236" />
  <testcase classname="ptolemy.util.test.junit.AutoTests" name="[24] /home/travis/build/icyphy/ptII/ptolemy/actor/lib/hoc/test/auto/IterateOverArray.xml (RunModel)" time="0.052" />
  <testcase classname="ptolemy.util.test.junit.AutoTests" name="[25] /home/travis/build/icyphy/ptII/ptolemy/actor/lib/hoc/test/auto/IterateOverArray10.xml (RunModel)" time="0.022" />
  <testcase classname="ptolemy.util.test.junit.AutoTests" name="[26] /home/travis/build/icyphy/ptII/ptolemy/actor/lib/hoc/test/auto/IterateOverArray11.xml (RunModel)" time="0.034" />
  <testcase classname="ptolemy.util.test.junit.AutoTests" name="[27] /home/travis/build/icyphy/ptII/ptolemy/actor/lib/hoc/test/auto/IterateOverArray12.xml (RunModel)" time="0.045" />
  <testcase classname="ptolemy.util.test.junit.AutoTests" name="[28] /home/travis/build/icyphy/ptII/ptolemy/actor/lib/hoc/test/auto/IterateOverArray13.xml (RunModel)" time="0.168" />
  <testcase classname="ptolemy.util.test.junit.AutoTests" name="[29] /home/travis/build/icyphy/ptII/ptolemy/actor/lib/hoc/test/auto/IterateOverArray14.xml (RunModel)" time="0.208" />
  <testcase classname="ptolemy.util.test.junit.AutoTests" name="[30] /home/travis/build/icyphy/ptII/ptolemy/actor/lib/hoc/test/auto/IterateOverArray2.xml (RunModel)" time="0.03" />
  <testcase classname="ptolemy.util.test.junit.AutoTests" name="[31] /home/travis/build/icyphy/ptII/ptolemy/actor/lib/hoc/test/auto/IterateOverArray3.xml (RunModel)" time="0.049" />
  <testcase classname="ptolemy.util.test.junit.AutoTests" name="[32] /home/travis/build/icyphy/ptII/ptolemy/actor/lib/hoc/test/auto/IterateOverArray4.xml (RunModel)" time="0.024" />
  <testcase classname="ptolemy.util.test.junit.AutoTests" name="[33] /home/travis/build/icyphy/ptII/ptolemy/actor/lib/hoc/test/auto/IterateOverArray5.xml (RunModel)" time="0.025" />
  <testcase classname="ptolemy.util.test.junit.AutoTests" name="[34] /home/travis/build/icyphy/ptII/ptolemy/actor/lib/hoc/test/auto/IterateOverArray6.xml (RunModel)" time="0.016" />
  <testcase classname="ptolemy.util.test.junit.AutoTests" name="[35] /home/travis/build/icyphy/ptII/ptolemy/actor/lib/hoc/test/auto/IterateOverArray7.xml (RunModel)" time="0.033" />
  <testcase classname="ptolemy.util.test.junit.AutoTests" name="[36] /home/travis/build/icyphy/ptII/ptolemy/actor/lib/hoc/test/auto/IterateOverArray8.xml (RunModel)" time="0.024" />
  <testcase classname="ptolemy.util.test.junit.AutoTests" name="[37] /home/travis/build/icyphy/ptII/ptolemy/actor/lib/hoc/test/auto/IterateOverArray9.xml (RunModel)" time="0.025" />
  <testcase classname="ptolemy.util.test.junit.AutoTests" name="[38] /home/travis/build/icyphy/ptII/ptolemy/actor/lib/hoc/test/auto/IterateOverArrayCoercedOutputType.xml (RunModel)" time="0.032" />
  <testcase classname="ptolemy.util.test.junit.AutoTests" name="[39] /home/travis/build/icyphy/ptII/ptolemy/actor/lib/hoc/test/auto/IterateOverArrayInferredOutputType.xml (RunModel)" time="0.028" />
  <testcase classname="ptolemy.util.test.junit.AutoTests" name="[40] /home/travis/build/icyphy/ptII/ptolemy/actor/lib/hoc/test/auto/MobileFunctionTest.xml (RunModel)" time="0.029" />
  <testcase classname="ptolemy.util.test.junit.AutoTests" name="[41] /home/travis/build/icyphy/ptII/ptolemy/actor/lib/hoc/test/auto/MobileModelTest.xml (RunModel)" time="0.124" />
  <testcase classname="ptolemy.util.test.junit.AutoTests" name="[42] /home/travis/build/icyphy/ptII/ptolemy/actor/lib/hoc/test/auto/ModelReference.xml (RunModel)" time="0.084" />
  <testcase classname="ptolemy.util.test.junit.AutoTests" name="[43] /home/travis/build/icyphy/ptII/ptolemy/actor/lib/hoc/test/auto/ModelReference3.xml (RunModel)" time="0.056" />
  <testcase classname="ptolemy.util.test.junit.AutoTests" name="[44] /home/travis/build/icyphy/ptII/ptolemy/actor/lib/hoc/test/auto/ModelReference4.xml (RunModel)" time="10.051" />
  <testcase classname="ptolemy.util.test.junit.AutoTests" name="[45] /home/travis/build/icyphy/ptII/ptolemy/actor/lib/hoc/test/auto/MultiInstanceComposite.xml (RunModel)" time="0.057" />
  <testcase classname="ptolemy.util.test.junit.AutoTests" name="[46] /home/travis/build/icyphy/ptII/ptolemy/actor/lib/hoc/test/auto/MultiInstanceComposite2.xml (RunModel)" time="0.049" />
  <testcase classname="ptolemy.util.test.junit.AutoTests" name="[47] /home/travis/build/icyphy/ptII/ptolemy/actor/lib/hoc/test/auto/MulticoreExecution.xml (RunModel)" time="1.187" />
  <testcase classname="ptolemy.util.test.junit.AutoTests" name="[48] /home/travis/build/icyphy/ptII/ptolemy/actor/lib/hoc/test/auto/ParallelExecution.xml (RunModel)" time="0.947" />
  <testcase classname="ptolemy.util.test.junit.AutoTests" name="[49] /home/travis/build/icyphy/ptII/ptolemy/actor/lib/hoc/test/auto/RunCompositeActor.xml (RunModel)" time="0.047" />
  <testcase classname="ptolemy.util.test.junit.AutoTests" name="[50] /home/travis/build/icyphy/ptII/ptolemy/actor/lib/hoc/test/auto/RunCompositeActor2.xml (RunModel)" time="0.034" />
  <testcase classname="ptolemy.util.test.junit.AutoTests" name="[51] /home/travis/build/icyphy/ptII/ptolemy/actor/lib/hoc/test/auto/RunCompositeActor3.xml (RunModel)" time="0.027" />
  <testcase classname="ptolemy.util.test.junit.AutoTests" name="[52] /home/travis/build/icyphy/ptII/ptolemy/actor/lib/hoc/test/auto/RunCompositeActor4.xml (RunModel)" time="0.061" />
  <testcase classname="ptolemy.util.test.junit.AutoTests" name="[53] /home/travis/build/icyphy/ptII/ptolemy/actor/lib/hoc/test/auto/RunCompositeIterateOverArray.xml (RunModel)" time="0.038" />
  <testcase classname="ptolemy.util.test.junit.AutoTests" name="[54] /home/travis/build/icyphy/ptII/ptolemy/actor/lib/hoc/test/auto/ThreadedJS.xml (RunModel)" time="5.364" />
  <system-out><![CDATA[/home/travis/build/icyphy/ptII/ptolemy/actor/lib/hoc/test/IterateOverArray.tcl
testDefs.tcl: setting time out to 9000 seconds at Thu Mar 14 17:05:31 UTC 2019
03/14/19 05:05:32
Failed: 0  Total Tests: 2  ((Passed: 2, Newly Passed: 0)  Known Failed: 0) /home/travis/build/icyphy/ptII/ptolemy/actor/lib/hoc/test
----------------- testing (KnownFailure) /home/travis/build/icyphy/ptII/ptolemy/actor/lib/hoc/test/auto/knownFailedTests/PreinitializeMustBeInvokedRunComposite.xml
48 ms. Memory: 116224K Free: 106901K (92%)
Known Failure: java.lang.reflect.InvocationTargetException
No auto/linux-amd64/*.xml tests in /home/travis/build/icyphy/ptII/ptolemy/actor/lib/hoc/test
AutoTests.java: About to close Vertx.
AutoTests.java: Vertx closed.

===========================================================================================
----------------- testing Thu Mar 14 17:05:32 UTC 2019 /home/travis/build/icyphy/ptII/ptolemy/actor/lib/hoc/test/auto/AllToAllMultiInstanceComposite.xml
----------------- Instantiating /home/travis/build/icyphy/ptII/ptolemy/actor/lib/hoc/test/auto/AllToAllMultiInstanceComposite.xml
148 ms. Memory: 146944K Free: 121190K (82%)
----------------- Invoking toplevel() on ptolemy.moml.MoMLSimpleApplication@e1c7385
----------------- Done invoking toplevel() on ptolemy.moml.MoMLSimpleApplication@e1c7385
reloadAllAccessors: .AllToAllMultiInstanceComposite

===========================================================================================
----------------- testing Thu Mar 14 17:05:33 UTC 2019 /home/travis/build/icyphy/ptII/ptolemy/actor/lib/hoc/test/auto/ApplyFFTTest.xml
----------------- Instantiating /home/travis/build/icyphy/ptII/ptolemy/actor/lib/hoc/test/auto/ApplyFFTTest.xml
161 ms. Memory: 146944K Free: 101258K (69%)
----------------- Invoking toplevel() on ptolemy.moml.MoMLSimpleApplication@76dd290d
----------------- Done invoking toplevel() on ptolemy.moml.MoMLSimpleApplication@76dd290d
reloadAllAccessors: .ApplyFFTTest

===========================================================================================
----------------- testing Thu Mar 14 17:05:33 UTC 2019 /home/travis/build/icyphy/ptII/ptolemy/actor/lib/hoc/test/auto/ApplyFunction.xml
----------------- Instantiating /home/travis/build/icyphy/ptII/ptolemy/actor/lib/hoc/test/auto/ApplyFunction.xml
5 ms. Memory: 146944K Free: 97917K (67%)
----------------- Invoking toplevel() on ptolemy.moml.MoMLSimpleApplication@50bc3b58
----------------- Done invoking toplevel() on ptolemy.moml.MoMLSimpleApplication@50bc3b58
reloadAllAccessors: .ApplyFunction

===========================================================================================
----------------- testing Thu Mar 14 17:05:33 UTC 2019 /home/travis/build/icyphy/ptII/ptolemy/actor/lib/hoc/test/auto/BackgroundExecution.xml
----------------- Instantiating /home/travis/build/icyphy/ptII/ptolemy/actor/lib/hoc/test/auto/BackgroundExecution.xml
623 ms. Memory: 146944K Free: 90373K (62%)
----------------- Invoking toplevel() on ptolemy.moml.MoMLSimpleApplication@7d3a6421
----------------- Done invoking toplevel() on ptolemy.moml.MoMLSimpleApplication@7d3a6421
reloadAllAccessors: .BackgroundExecution

===========================================================================================
----------------- testing Thu Mar 14 17:05:34 UTC 2019 /home/travis/build/icyphy/ptII/ptolemy/actor/lib/hoc/test/auto/Case.xml
----------------- Instantiating /home/travis/build/icyphy/ptII/ptolemy/actor/lib/hoc/test/auto/Case.xml
17 ms. Memory: 146944K Free: 81868K (56%)
----------------- Invoking toplevel() on ptolemy.moml.MoMLSimpleApplication@5d0d3242
----------------- Done invoking toplevel() on ptolemy.moml.MoMLSimpleApplication@5d0d3242
reloadAllAccessors: .Case

===========================================================================================
----------------- testing Thu Mar 14 17:05:34 UTC 2019 /home/travis/build/icyphy/ptII/ptolemy/actor/lib/hoc/test/auto/Case1.xml
----------------- Instantiating /home/travis/build/icyphy/ptII/ptolemy/actor/lib/hoc/test/auto/Case1.xml
24 ms. Memory: 146944K Free: 136965K (93%)
----------------- Invoking toplevel() on ptolemy.moml.MoMLSimpleApplication@ddb637d
----------------- Done invoking toplevel() on ptolemy.moml.MoMLSimpleApplication@ddb637d
reloadAllAccessors: .Case1

===========================================================================================
----------------- testing Thu Mar 14 17:05:34 UTC 2019 /home/travis/build/icyphy/ptII/ptolemy/actor/lib/hoc/test/auto/Case2.xml
----------------- Instantiating /home/travis/build/icyphy/ptII/ptolemy/actor/lib/hoc/test/auto/Case2.xml
30 ms. Memory: 146944K Free: 125513K (85%)
----------------- Invoking toplevel() on ptolemy.moml.MoMLSimpleApplication@6ab49fcf
----------------- Done invoking toplevel() on ptolemy.moml.MoMLSimpleApplication@6ab49fcf
reloadAllAccessors: .Case2

===========================================================================================
----------------- testing Thu Mar 14 17:05:34 UTC 2019 /home/travis/build/icyphy/ptII/ptolemy/actor/lib/hoc/test/auto/Case3.xml
----------------- Instantiating /home/travis/build/icyphy/ptII/ptolemy/actor/lib/hoc/test/auto/Case3.xml
18 ms. Memory: 146944K Free: 119288K (81%)
----------------- Invoking toplevel() on ptolemy.moml.MoMLSimpleApplication@74c732c6
----------------- Done invoking toplevel() on ptolemy.moml.MoMLSimpleApplication@74c732c6
reloadAllAccessors: .Case3

===========================================================================================
----------------- testing Thu Mar 14 17:05:34 UTC 2019 /home/travis/build/icyphy/ptII/ptolemy/actor/lib/hoc/test/auto/Case4.xml
----------------- Instantiating /home/travis/build/icyphy/ptII/ptolemy/actor/lib/hoc/test/auto/Case4.xml
20 ms. Memory: 146944K Free: 110655K (75%)
----------------- Invoking toplevel() on ptolemy.moml.MoMLSimpleApplication@43bbc852
----------------- Done invoking toplevel() on ptolemy.moml.MoMLSimpleApplication@43bbc852
reloadAllAccessors: .Case4

===========================================================================================
----------------- testing Thu Mar 14 17:05:34 UTC 2019 /home/travis/build/icyphy/ptII/ptolemy/actor/lib/hoc/test/auto/Case5.xml
----------------- Instantiating /home/travis/build/icyphy/ptII/ptolemy/actor/lib/hoc/test/auto/Case5.xml
60 ms. Memory: 146944K Free: 103947K (71%)
----------------- Invoking toplevel() on ptolemy.moml.MoMLSimpleApplication@112a2af7
----------------- Done invoking toplevel() on ptolemy.moml.MoMLSimpleApplication@112a2af7
reloadAllAccessors: .junk

===========================================================================================
----------------- testing Thu Mar 14 17:05:34 UTC 2019 /home/travis/build/icyphy/ptII/ptolemy/actor/lib/hoc/test/auto/Case6.xml
----------------- Instantiating /home/travis/build/icyphy/ptII/ptolemy/actor/lib/hoc/test/auto/Case6.xml
35 ms. Memory: 146944K Free: 90415K (62%)
----------------- Invoking toplevel() on ptolemy.moml.MoMLSimpleApplication@4039575e
----------------- Done invoking toplevel() on ptolemy.moml.MoMLSimpleApplication@4039575e
reloadAllAccessors: .Case6

===========================================================================================
----------------- testing Thu Mar 14 17:05:34 UTC 2019 /home/travis/build/icyphy/ptII/ptolemy/actor/lib/hoc/test/auto/CaseString2.xml
----------------- Instantiating /home/travis/build/icyphy/ptII/ptolemy/actor/lib/hoc/test/auto/CaseString2.xml
19 ms. Memory: 146944K Free: 82448K (56%)
----------------- Invoking toplevel() on ptolemy.moml.MoMLSimpleApplication@59733542
----------------- Done invoking toplevel() on ptolemy.moml.MoMLSimpleApplication@59733542
reloadAllAccessors: .CaseString2

===========================================================================================
----------------- testing Thu Mar 14 17:05:34 UTC 2019 /home/travis/build/icyphy/ptII/ptolemy/actor/lib/hoc/test/auto/CatchUpComposite1.xml
----------------- Instantiating /home/travis/build/icyphy/ptII/ptolemy/actor/lib/hoc/test/auto/CatchUpComposite1.xml
13 ms. Memory: 208384K Free: 195281K (94%)
----------------- Invoking toplevel() on ptolemy.moml.MoMLSimpleApplication@a7cb05d
----------------- Done invoking toplevel() on ptolemy.moml.MoMLSimpleApplication@a7cb05d
reloadAllAccessors: .CatchUpComposite1

===========================================================================================
----------------- testing Thu Mar 14 17:05:34 UTC 2019 /home/travis/build/icyphy/ptII/ptolemy/actor/lib/hoc/test/auto/CatchUpComposite2.xml
----------------- Instantiating /home/travis/build/icyphy/ptII/ptolemy/actor/lib/hoc/test/auto/CatchUpComposite2.xml
22 ms. Memory: 208384K Free: 185412K (89%)
----------------- Invoking toplevel() on ptolemy.moml.MoMLSimpleApplication@35741fe9
----------------- Done invoking toplevel() on ptolemy.moml.MoMLSimpleApplication@35741fe9
reloadAllAccessors: .CatchUpComposite2

===========================================================================================
----------------- testing Thu Mar 14 17:05:35 UTC 2019 /home/travis/build/icyphy/ptII/ptolemy/actor/lib/hoc/test/auto/CatchUpComposite3.xml
----------------- Instantiating /home/travis/build/icyphy/ptII/ptolemy/actor/lib/hoc/test/auto/CatchUpComposite3.xml
12 ms. Memory: 208384K Free: 175536K (84%)
----------------- Invoking toplevel() on ptolemy.moml.MoMLSimpleApplication@3347e40
----------------- Done invoking toplevel() on ptolemy.moml.MoMLSimpleApplication@3347e40
reloadAllAccessors: .CatchUpComposite3

===========================================================================================
----------------- testing Thu Mar 14 17:05:35 UTC 2019 /home/travis/build/icyphy/ptII/ptolemy/actor/lib/hoc/test/auto/CatchUpComposite4.xml
----------------- Instantiating /home/travis/build/icyphy/ptII/ptolemy/actor/lib/hoc/test/auto/CatchUpComposite4.xml
21 ms. Memory: 208384K Free: 165636K (79%)
----------------- Invoking toplevel() on ptolemy.moml.MoMLSimpleApplication@74ffc422
----------------- Done invoking toplevel() on ptolemy.moml.MoMLSimpleApplication@74ffc422
reloadAllAccessors: .CatchUpComposite4

===========================================================================================
----------------- testing Thu Mar 14 17:05:35 UTC 2019 /home/travis/build/icyphy/ptII/ptolemy/actor/lib/hoc/test/auto/CatchUpComposite5.xml
----------------- Instantiating /home/travis/build/icyphy/ptII/ptolemy/actor/lib/hoc/test/auto/CatchUpComposite5.xml
16 ms. Memory: 208384K Free: 156624K (75%)
----------------- Invoking toplevel() on ptolemy.moml.MoMLSimpleApplication@673fcb61
----------------- Done invoking toplevel() on ptolemy.moml.MoMLSimpleApplication@673fcb61
reloadAllAccessors: .CatchUpComposite5

===========================================================================================
----------------- testing Thu Mar 14 17:05:35 UTC 2019 /home/travis/build/icyphy/ptII/ptolemy/actor/lib/hoc/test/auto/CatchUpComposite6.xml
----------------- Instantiating /home/travis/build/icyphy/ptII/ptolemy/actor/lib/hoc/test/auto/CatchUpComposite6.xml
WARNING: The execution aspects in this model can influence the timing of actors by delaying the 
execution, potentially changing the behavior. There is no guarantee that actors fire at the 
time they request to be fired. 
Use Ptides for deterministic DE behavior that is not influenced by execution aspects. 

107 ms. Memory: 208384K Free: 139388K (67%)
----------------- Invoking toplevel() on ptolemy.moml.MoMLSimpleApplication@24ba4afe
----------------- Done invoking toplevel() on ptolemy.moml.MoMLSimpleApplication@24ba4afe
reloadAllAccessors: .CatchUpComposite6

===========================================================================================
----------------- testing Thu Mar 14 17:05:35 UTC 2019 /home/travis/build/icyphy/ptII/ptolemy/actor/lib/hoc/test/auto/CatchUpComposite7.xml
----------------- Instantiating /home/travis/build/icyphy/ptII/ptolemy/actor/lib/hoc/test/auto/CatchUpComposite7.xml
WARNING: The execution aspects in this model can influence the timing of actors by delaying the 
execution, potentially changing the behavior. There is no guarantee that actors fire at the 
time they request to be fired. 
Use Ptides for deterministic DE behavior that is not influenced by execution aspects. 

52 ms. Memory: 208384K Free: 122838K (59%)
----------------- Invoking toplevel() on ptolemy.moml.MoMLSimpleApplication@269416ae
----------------- Done invoking toplevel() on ptolemy.moml.MoMLSimpleApplication@269416ae
reloadAllAccessors: .CatchUpComposite7

===========================================================================================
----------------- testing Thu Mar 14 17:05:35 UTC 2019 /home/travis/build/icyphy/ptII/ptolemy/actor/lib/hoc/test/auto/ConcurrentExecutionTimeSDF.xml
----------------- Instantiating /home/travis/build/icyphy/ptII/ptolemy/actor/lib/hoc/test/auto/ConcurrentExecutionTimeSDF.xml
Fired ExecutionTime: 40400000
Fired ExecutionTime: 40400000
Fired ExecutionTime: 40400000
Fired ExecutionTime: 40400000
Fired ExecutionTime: 40400000
Fired ExecutionTime: 40400000
Fired ExecutionTime: 40400000
Fired ExecutionTime: 40400000
Fired ExecutionTime: 40400000
Fired ExecutionTime: 40400000
Fired ExecutionTime: 40400000
Fired ExecutionTime: 40400000
Fired ExecutionTime: 40400000
Fired ExecutionTime: 40400000
Fired ExecutionTime: 40400000
Fired ExecutionTime: 40400000
Fired ExecutionTime: 40400000
Fired ExecutionTime: 40400000
Fired ExecutionTime: 40400000
Fired ExecutionTime: 40400000
1981 ms. Memory: 208384K Free: 114646K (55%)
----------------- Invoking toplevel() on ptolemy.moml.MoMLSimpleApplication@48e3245d
----------------- Done invoking toplevel() on ptolemy.moml.MoMLSimpleApplication@48e3245d
reloadAllAccessors: .ConcurrentExecutionTimeSDF

===========================================================================================
----------------- testing Thu Mar 14 17:05:37 UTC 2019 /home/travis/build/icyphy/ptII/ptolemy/actor/lib/hoc/test/auto/ConcurrentSleep.xml
----------------- Instantiating /home/travis/build/icyphy/ptII/ptolemy/actor/lib/hoc/test/auto/ConcurrentSleep.xml
745 ms. Memory: 208384K Free: 100719K (48%)
----------------- Invoking toplevel() on ptolemy.moml.MoMLSimpleApplication@47d0461c
----------------- Done invoking toplevel() on ptolemy.moml.MoMLSimpleApplication@47d0461c
reloadAllAccessors: .ConcurrentSleep

===========================================================================================
----------------- testing Thu Mar 14 17:05:38 UTC 2019 /home/travis/build/icyphy/ptII/ptolemy/actor/lib/hoc/test/auto/DEInPNInRunCompositeActor.xml
----------------- Instantiating /home/travis/build/icyphy/ptII/ptolemy/actor/lib/hoc/test/auto/DEInPNInRunCompositeActor.xml
10 ms. Memory: 208384K Free: 92489K (44%)
----------------- Invoking toplevel() on ptolemy.moml.MoMLSimpleApplication@a4d6dd6
----------------- Done invoking toplevel() on ptolemy.moml.MoMLSimpleApplication@a4d6dd6
reloadAllAccessors: .DEInPNInRunCompositeActor

===========================================================================================
----------------- testing Thu Mar 14 17:05:38 UTC 2019 /home/travis/build/icyphy/ptII/ptolemy/actor/lib/hoc/test/auto/DFTSubSetTest.xml
----------------- Instantiating /home/travis/build/icyphy/ptII/ptolemy/actor/lib/hoc/test/auto/DFTSubSetTest.xml
156 ms. Memory: 208384K Free: 168299K (81%)
----------------- Invoking toplevel() on ptolemy.moml.MoMLSimpleApplication@7ed64a2e
----------------- Done invoking toplevel() on ptolemy.moml.MoMLSimpleApplication@7ed64a2e
reloadAllAccessors: .DFTSubSetTest

===========================================================================================
----------------- testing Thu Mar 14 17:05:38 UTC 2019 /home/travis/build/icyphy/ptII/ptolemy/actor/lib/hoc/test/auto/HocDE.xml
----------------- Instantiating /home/travis/build/icyphy/ptII/ptolemy/actor/lib/hoc/test/auto/HocDE.xml
186 ms. Memory: 208384K Free: 141493K (68%)
----------------- Invoking toplevel() on ptolemy.moml.MoMLSimpleApplication@19bba1c0
----------------- Done invoking toplevel() on ptolemy.moml.MoMLSimpleApplication@19bba1c0
reloadAllAccessors: .HocDE

===========================================================================================
----------------- testing Thu Mar 14 17:05:38 UTC 2019 /home/travis/build/icyphy/ptII/ptolemy/actor/lib/hoc/test/auto/IterateOverArray.xml
----------------- Instantiating /home/travis/build/icyphy/ptII/ptolemy/actor/lib/hoc/test/auto/IterateOverArray.xml
7 ms. Memory: 208384K Free: 135970K (65%)
----------------- Invoking toplevel() on ptolemy.moml.MoMLSimpleApplication@3666d1a3
----------------- Done invoking toplevel() on ptolemy.moml.MoMLSimpleApplication@3666d1a3
reloadAllAccessors: .IterateOverArray

===========================================================================================
----------------- testing Thu Mar 14 17:05:38 UTC 2019 /home/travis/build/icyphy/ptII/ptolemy/actor/lib/hoc/test/auto/IterateOverArray10.xml
----------------- Instantiating /home/travis/build/icyphy/ptII/ptolemy/actor/lib/hoc/test/auto/IterateOverArray10.xml
2 ms. Memory: 208384K Free: 131874K (63%)
----------------- Invoking toplevel() on ptolemy.moml.MoMLSimpleApplication@20b1e166
----------------- Done invoking toplevel() on ptolemy.moml.MoMLSimpleApplication@20b1e166
reloadAllAccessors: .IterateOverArray10

===========================================================================================
----------------- testing Thu Mar 14 17:05:38 UTC 2019 /home/travis/build/icyphy/ptII/ptolemy/actor/lib/hoc/test/auto/IterateOverArray11.xml
----------------- Instantiating /home/travis/build/icyphy/ptII/ptolemy/actor/lib/hoc/test/auto/IterateOverArray11.xml
7 ms. Memory: 208384K Free: 126367K (61%)
----------------- Invoking toplevel() on ptolemy.moml.MoMLSimpleApplication@355db5cc
----------------- Done invoking toplevel() on ptolemy.moml.MoMLSimpleApplication@355db5cc
reloadAllAccessors: .IterateOverArray11

===========================================================================================
----------------- testing Thu Mar 14 17:05:39 UTC 2019 /home/travis/build/icyphy/ptII/ptolemy/actor/lib/hoc/test/auto/IterateOverArray12.xml
----------------- Instantiating /home/travis/build/icyphy/ptII/ptolemy/actor/lib/hoc/test/auto/IterateOverArray12.xml
20 ms. Memory: 208384K Free: 119781K (57%)
----------------- Invoking toplevel() on ptolemy.moml.MoMLSimpleApplication@6a547b42
----------------- Done invoking toplevel() on ptolemy.moml.MoMLSimpleApplication@6a547b42
reloadAllAccessors: .IterateOverArray12

===========================================================================================
----------------- testing Thu Mar 14 17:05:39 UTC 2019 /home/travis/build/icyphy/ptII/ptolemy/actor/lib/hoc/test/auto/IterateOverArray13.xml
----------------- Instantiating /home/travis/build/icyphy/ptII/ptolemy/actor/lib/hoc/test/auto/IterateOverArray13.xml
85 ms. Memory: 208384K Free: 91223K (44%)
----------------- Invoking toplevel() on ptolemy.moml.MoMLSimpleApplication@5008652f
----------------- Done invoking toplevel() on ptolemy.moml.MoMLSimpleApplication@5008652f
reloadAllAccessors: .IterateOverArray13

===========================================================================================
----------------- testing Thu Mar 14 17:05:39 UTC 2019 /home/travis/build/icyphy/ptII/ptolemy/actor/lib/hoc/test/auto/IterateOverArray14.xml
----------------- Instantiating /home/travis/build/icyphy/ptII/ptolemy/actor/lib/hoc/test/auto/IterateOverArray14.xml
82 ms. Memory: 331264K Free: 299887K (91%)
----------------- Invoking toplevel() on ptolemy.moml.MoMLSimpleApplication@69336538
----------------- Done invoking toplevel() on ptolemy.moml.MoMLSimpleApplication@69336538
reloadAllAccessors: .IterateOverArray14

===========================================================================================
----------------- testing Thu Mar 14 17:05:39 UTC 2019 /home/travis/build/icyphy/ptII/ptolemy/actor/lib/hoc/test/auto/IterateOverArray2.xml
----------------- Instantiating /home/travis/build/icyphy/ptII/ptolemy/actor/lib/hoc/test/auto/IterateOverArray2.xml
10 ms. Memory: 331264K Free: 292569K (88%)
----------------- Invoking toplevel() on ptolemy.moml.MoMLSimpleApplication@f17f073
----------------- Done invoking toplevel() on ptolemy.moml.MoMLSimpleApplication@f17f073
reloadAllAccessors: .IterateOverArray2

===========================================================================================
----------------- testing Thu Mar 14 17:05:39 UTC 2019 /home/travis/build/icyphy/ptII/ptolemy/actor/lib/hoc/test/auto/IterateOverArray3.xml
----------------- Instantiating /home/travis/build/icyphy/ptII/ptolemy/actor/lib/hoc/test/auto/IterateOverArray3.xml
19 ms. Memory: 331264K Free: 286043K (86%)
----------------- Invoking toplevel() on ptolemy.moml.MoMLSimpleApplication@ed5ef20
----------------- Done invoking toplevel() on ptolemy.moml.MoMLSimpleApplication@ed5ef20
reloadAllAccessors: .IterateOverArray3

===========================================================================================
----------------- testing Thu Mar 14 17:05:39 UTC 2019 /home/travis/build/icyphy/ptII/ptolemy/actor/lib/hoc/test/auto/IterateOverArray4.xml
----------------- Instantiating /home/travis/build/icyphy/ptII/ptolemy/actor/lib/hoc/test/auto/IterateOverArray4.xml
6 ms. Memory: 331264K Free: 280372K (85%)
----------------- Invoking toplevel() on ptolemy.moml.MoMLSimpleApplication@d961f10
----------------- Done invoking toplevel() on ptolemy.moml.MoMLSimpleApplication@d961f10
reloadAllAccessors: .IterateOverArray4

===========================================================================================
----------------- testing Thu Mar 14 17:05:39 UTC 2019 /home/travis/build/icyphy/ptII/ptolemy/actor/lib/hoc/test/auto/IterateOverArray5.xml
----------------- Instantiating /home/travis/build/icyphy/ptII/ptolemy/actor/lib/hoc/test/auto/IterateOverArray5.xml
4 ms. Memory: 331264K Free: 275478K (83%)
----------------- Invoking toplevel() on ptolemy.moml.MoMLSimpleApplication@584d71c4
----------------- Done invoking toplevel() on ptolemy.moml.MoMLSimpleApplication@584d71c4
reloadAllAccessors: .IterateOverArray5

===========================================================================================
----------------- testing Thu Mar 14 17:05:39 UTC 2019 /home/travis/build/icyphy/ptII/ptolemy/actor/lib/hoc/test/auto/IterateOverArray6.xml
----------------- Instantiating /home/travis/build/icyphy/ptII/ptolemy/actor/lib/hoc/test/auto/IterateOverArray6.xml
3 ms. Memory: 331264K Free: 269807K (81%)
----------------- Invoking toplevel() on ptolemy.moml.MoMLSimpleApplication@72cce28b
----------------- Done invoking toplevel() on ptolemy.moml.MoMLSimpleApplication@72cce28b
reloadAllAccessors: .IterateOverArray6

===========================================================================================
----------------- testing Thu Mar 14 17:05:39 UTC 2019 /home/travis/build/icyphy/ptII/ptolemy/actor/lib/hoc/test/auto/IterateOverArray7.xml
----------------- Instantiating /home/travis/build/icyphy/ptII/ptolemy/actor/lib/hoc/test/auto/IterateOverArray7.xml
5 ms. Memory: 331264K Free: 264913K (80%)
----------------- Invoking toplevel() on ptolemy.moml.MoMLSimpleApplication@136044f5
----------------- Done invoking toplevel() on ptolemy.moml.MoMLSimpleApplication@136044f5
reloadAllAccessors: .IterateOverArray7

===========================================================================================
----------------- testing Thu Mar 14 17:05:39 UTC 2019 /home/travis/build/icyphy/ptII/ptolemy/actor/lib/hoc/test/auto/IterateOverArray8.xml
----------------- Instantiating /home/travis/build/icyphy/ptII/ptolemy/actor/lib/hoc/test/auto/IterateOverArray8.xml
5 ms. Memory: 331264K Free: 260018K (78%)
----------------- Invoking toplevel() on ptolemy.moml.MoMLSimpleApplication@384a5639
----------------- Done invoking toplevel() on ptolemy.moml.MoMLSimpleApplication@384a5639
reloadAllAccessors: .IterateOverArray8

===========================================================================================
----------------- testing Thu Mar 14 17:05:39 UTC 2019 /home/travis/build/icyphy/ptII/ptolemy/actor/lib/hoc/test/auto/IterateOverArray9.xml
----------------- Instantiating /home/travis/build/icyphy/ptII/ptolemy/actor/lib/hoc/test/auto/IterateOverArray9.xml
6 ms. Memory: 331264K Free: 254348K (77%)
----------------- Invoking toplevel() on ptolemy.moml.MoMLSimpleApplication@202e2cf0
----------------- Done invoking toplevel() on ptolemy.moml.MoMLSimpleApplication@202e2cf0
reloadAllAccessors: .IterateOverArray9

===========================================================================================
----------------- testing Thu Mar 14 17:05:39 UTC 2019 /home/travis/build/icyphy/ptII/ptolemy/actor/lib/hoc/test/auto/IterateOverArrayCoercedOutputType.xml
----------------- Instantiating /home/travis/build/icyphy/ptII/ptolemy/actor/lib/hoc/test/auto/IterateOverArrayCoercedOutputType.xml
5 ms. Memory: 331264K Free: 247821K (75%)
----------------- Invoking toplevel() on ptolemy.moml.MoMLSimpleApplication@494d0ed6
----------------- Done invoking toplevel() on ptolemy.moml.MoMLSimpleApplication@494d0ed6
reloadAllAccessors: .IterateOverArrayCoercedOutputType

===========================================================================================
----------------- testing Thu Mar 14 17:05:39 UTC 2019 /home/travis/build/icyphy/ptII/ptolemy/actor/lib/hoc/test/auto/IterateOverArrayInferredOutputType.xml
----------------- Instantiating /home/travis/build/icyphy/ptII/ptolemy/actor/lib/hoc/test/auto/IterateOverArrayInferredOutputType.xml
5 ms. Memory: 331264K Free: 240519K (73%)
----------------- Invoking toplevel() on ptolemy.moml.MoMLSimpleApplication@4668bc0c
----------------- Done invoking toplevel() on ptolemy.moml.MoMLSimpleApplication@4668bc0c
reloadAllAccessors: .IterateOverArrayInferredOutputType

===========================================================================================
----------------- testing Thu Mar 14 17:05:39 UTC 2019 /home/travis/build/icyphy/ptII/ptolemy/actor/lib/hoc/test/auto/MobileFunctionTest.xml
----------------- Instantiating /home/travis/build/icyphy/ptII/ptolemy/actor/lib/hoc/test/auto/MobileFunctionTest.xml
8 ms. Memory: 331264K Free: 235624K (71%)
----------------- Invoking toplevel() on ptolemy.moml.MoMLSimpleApplication@4d5c6c44
----------------- Done invoking toplevel() on ptolemy.moml.MoMLSimpleApplication@4d5c6c44
reloadAllAccessors: .MobileFunctionTest

===========================================================================================
----------------- testing Thu Mar 14 17:05:39 UTC 2019 /home/travis/build/icyphy/ptII/ptolemy/actor/lib/hoc/test/auto/MobileModelTest.xml
----------------- Instantiating /home/travis/build/icyphy/ptII/ptolemy/actor/lib/hoc/test/auto/MobileModelTest.xml
88 ms. Memory: 331264K Free: 213622K (64%)
----------------- Invoking toplevel() on ptolemy.moml.MoMLSimpleApplication@42c90ae6
----------------- Done invoking toplevel() on ptolemy.moml.MoMLSimpleApplication@42c90ae6
reloadAllAccessors: .MobileModelTest

===========================================================================================
----------------- testing Thu Mar 14 17:05:39 UTC 2019 /home/travis/build/icyphy/ptII/ptolemy/actor/lib/hoc/test/auto/ModelReference.xml
----------------- Instantiating /home/travis/build/icyphy/ptII/ptolemy/actor/lib/hoc/test/auto/ModelReference.xml
3 ms. Memory: 331264K Free: 205464K (62%)
2 ms. Memory: 331264K Free: 205464K (62%)
2 ms. Memory: 331264K Free: 203832K (62%)
2 ms. Memory: 331264K Free: 203832K (62%)
3 ms. Memory: 331264K Free: 202201K (61%)
2 ms. Memory: 331264K Free: 202201K (61%)
2 ms. Memory: 331264K Free: 200569K (61%)
6 ms. Memory: 331264K Free: 200569K (61%)
4 ms. Memory: 331264K Free: 198938K (60%)
3 ms. Memory: 331264K Free: 198938K (60%)
43 ms. Memory: 331264K Free: 198938K (60%)
----------------- Invoking toplevel() on ptolemy.moml.MoMLSimpleApplication@1277ab31
----------------- Done invoking toplevel() on ptolemy.moml.MoMLSimpleApplication@1277ab31
reloadAllAccessors: .ModelReference

===========================================================================================
----------------- testing Thu Mar 14 17:05:39 UTC 2019 /home/travis/build/icyphy/ptII/ptolemy/actor/lib/hoc/test/auto/ModelReference3.xml
----------------- Instantiating /home/travis/build/icyphy/ptII/ptolemy/actor/lib/hoc/test/auto/ModelReference3.xml
1 ms. Memory: 331264K Free: 194043K (59%)
5 ms. Memory: 331264K Free: 192411K (58%)
2 ms. Memory: 331264K Free: 192411K (58%)
4 ms. Memory: 331264K Free: 190780K (58%)
2 ms. Memory: 331264K Free: 190780K (58%)
2 ms. Memory: 331264K Free: 189148K (57%)
3 ms. Memory: 331264K Free: 189148K (57%)
1 ms. Memory: 331264K Free: 187517K (57%)
4 ms. Memory: 331264K Free: 187517K (57%)
2 ms. Memory: 331264K Free: 185885K (56%)
38 ms. Memory: 331264K Free: 185885K (56%)
----------------- Invoking toplevel() on ptolemy.moml.MoMLSimpleApplication@30cd4c64
----------------- Done invoking toplevel() on ptolemy.moml.MoMLSimpleApplication@30cd4c64
reloadAllAccessors: .ModelReference3

===========================================================================================
----------------- testing Thu Mar 14 17:05:40 UTC 2019 /home/travis/build/icyphy/ptII/ptolemy/actor/lib/hoc/test/auto/ModelReference4.xml
----------------- Instantiating /home/travis/build/icyphy/ptII/ptolemy/actor/lib/hoc/test/auto/ModelReference4.xml
5 ms. Memory: 331264K Free: 178583K (54%)
2 ms. Memory: 331264K Free: 176951K (53%)
3 ms. Memory: 331264K Free: 175320K (53%)
2 ms. Memory: 331264K Free: 173688K (52%)
3 ms. Memory: 331264K Free: 170409K (51%)
2 ms. Memory: 331264K Free: 168777K (51%)
3 ms. Memory: 331264K Free: 167146K (50%)
2 ms. Memory: 331264K Free: 165514K (50%)
3 ms. Memory: 331264K Free: 163883K (49%)
3 ms. Memory: 331264K Free: 162251K (49%)
10032 ms. Memory: 331264K Free: 162251K (49%)
----------------- Invoking toplevel() on ptolemy.moml.MoMLSimpleApplication@73bfa72c
----------------- Done invoking toplevel() on ptolemy.moml.MoMLSimpleApplication@73bfa72c
reloadAllAccessors: .ModelReference4

===========================================================================================
----------------- testing Thu Mar 14 17:05:50 UTC 2019 /home/travis/build/icyphy/ptII/ptolemy/actor/lib/hoc/test/auto/MultiInstanceComposite.xml
----------------- Instantiating /home/travis/build/icyphy/ptII/ptolemy/actor/lib/hoc/test/auto/MultiInstanceComposite.xml
28 ms. Memory: 331264K Free: 144256K (44%)
----------------- Invoking toplevel() on ptolemy.moml.MoMLSimpleApplication@28635445
----------------- Done invoking toplevel() on ptolemy.moml.MoMLSimpleApplication@28635445
reloadAllAccessors: .MultiInstanceComposite

===========================================================================================
----------------- testing Thu Mar 14 17:05:50 UTC 2019 /home/travis/build/icyphy/ptII/ptolemy/actor/lib/hoc/test/auto/MultiInstanceComposite2.xml
----------------- Instantiating /home/travis/build/icyphy/ptII/ptolemy/actor/lib/hoc/test/auto/MultiInstanceComposite2.xml
28 ms. Memory: 331264K Free: 130371K (39%)
----------------- Invoking toplevel() on ptolemy.moml.MoMLSimpleApplication@3390b05f
----------------- Done invoking toplevel() on ptolemy.moml.MoMLSimpleApplication@3390b05f
reloadAllAccessors: .MultiInstanceComposite2

===========================================================================================
----------------- testing Thu Mar 14 17:05:50 UTC 2019 /home/travis/build/icyphy/ptII/ptolemy/actor/lib/hoc/test/auto/MulticoreExecution.xml
----------------- Instantiating /home/travis/build/icyphy/ptII/ptolemy/actor/lib/hoc/test/auto/MulticoreExecution.xml
Fired ExecutionTime: 4400000
Fired ExecutionTime: 2000000
Fired ExecutionTime: 2400000
Fired ExecutionTime: 2800000
Fired ExecutionTime: 2000000
Fired ExecutionTime: 4800000
Fired ExecutionTime: 2800000
Fired ExecutionTime: 3600000
Fired ExecutionTime: 3200000
Fired ExecutionTime: 3200000
Fired ExecutionTime: 2800000
Fired ExecutionTime: 2800000
Fired ExecutionTime: 3600000
Fired ExecutionTime: 2400000
Fired ExecutionTime: 4400000
Fired ExecutionTime: 2000000
Fired ExecutionTime: 2400000
Fired ExecutionTime: 2800000
Fired ExecutionTime: 2400000
Fired ExecutionTime: 2800000
1159 ms. Memory: 331264K Free: 117270K (35%)
----------------- Invoking toplevel() on ptolemy.moml.MoMLSimpleApplication@4e45db0c
----------------- Done invoking toplevel() on ptolemy.moml.MoMLSimpleApplication@4e45db0c
reloadAllAccessors: .MulticoreExecution

===========================================================================================
----------------- testing Thu Mar 14 17:05:51 UTC 2019 /home/travis/build/icyphy/ptII/ptolemy/actor/lib/hoc/test/auto/ParallelExecution.xml
----------------- Instantiating /home/travis/build/icyphy/ptII/ptolemy/actor/lib/hoc/test/auto/ParallelExecution.xml
926 ms. Memory: 331264K Free: 105057K (32%)
----------------- Invoking toplevel() on ptolemy.moml.MoMLSimpleApplication@e84924f
----------------- Done invoking toplevel() on ptolemy.moml.MoMLSimpleApplication@e84924f
reloadAllAccessors: .ParallelExecution

===========================================================================================
----------------- testing Thu Mar 14 17:05:52 UTC 2019 /home/travis/build/icyphy/ptII/ptolemy/actor/lib/hoc/test/auto/RunCompositeActor.xml
----------------- Instantiating /home/travis/build/icyphy/ptII/ptolemy/actor/lib/hoc/test/auto/RunCompositeActor.xml
18 ms. Memory: 331264K Free: 96883K (29%)
----------------- Invoking toplevel() on ptolemy.moml.MoMLSimpleApplication@218e286f
----------------- Done invoking toplevel() on ptolemy.moml.MoMLSimpleApplication@218e286f
reloadAllAccessors: .RunCompositeActor

===========================================================================================
----------------- testing Thu Mar 14 17:05:52 UTC 2019 /home/travis/build/icyphy/ptII/ptolemy/actor/lib/hoc/test/auto/RunCompositeActor2.xml
----------------- Instantiating /home/travis/build/icyphy/ptII/ptolemy/actor/lib/hoc/test/auto/RunCompositeActor2.xml
10 ms. Memory: 331264K Free: 90341K (27%)
----------------- Invoking toplevel() on ptolemy.moml.MoMLSimpleApplication@4b7db16b
----------------- Done invoking toplevel() on ptolemy.moml.MoMLSimpleApplication@4b7db16b
reloadAllAccessors: .RunCompositeActor2

===========================================================================================
----------------- testing Thu Mar 14 17:05:52 UTC 2019 /home/travis/build/icyphy/ptII/ptolemy/actor/lib/hoc/test/auto/RunCompositeActor3.xml
----------------- Instantiating /home/travis/build/icyphy/ptII/ptolemy/actor/lib/hoc/test/auto/RunCompositeActor3.xml
4 ms. Memory: 331264K Free: 83023K (25%)
----------------- Invoking toplevel() on ptolemy.moml.MoMLSimpleApplication@64c160c
----------------- Done invoking toplevel() on ptolemy.moml.MoMLSimpleApplication@64c160c
reloadAllAccessors: .RunCompositeActor3

===========================================================================================
----------------- testing Thu Mar 14 17:05:52 UTC 2019 /home/travis/build/icyphy/ptII/ptolemy/actor/lib/hoc/test/auto/RunCompositeActor4.xml
----------------- Instantiating /home/travis/build/icyphy/ptII/ptolemy/actor/lib/hoc/test/auto/RunCompositeActor4.xml
20 ms. Memory: 332288K Free: 317463K (96%)
----------------- Invoking toplevel() on ptolemy.moml.MoMLSimpleApplication@dace489
----------------- Done invoking toplevel() on ptolemy.moml.MoMLSimpleApplication@dace489
reloadAllAccessors: .RunCompositeActor4

===========================================================================================
----------------- testing Thu Mar 14 17:05:52 UTC 2019 /home/travis/build/icyphy/ptII/ptolemy/actor/lib/hoc/test/auto/RunCompositeIterateOverArray.xml
----------------- Instantiating /home/travis/build/icyphy/ptII/ptolemy/actor/lib/hoc/test/auto/RunCompositeIterateOverArray.xml
17 ms. Memory: 332288K Free: 310356K (93%)
----------------- Invoking toplevel() on ptolemy.moml.MoMLSimpleApplication@6a3326bf
----------------- Done invoking toplevel() on ptolemy.moml.MoMLSimpleApplication@6a3326bf
reloadAllAccessors: .RunCompositeIterateOverArray

===========================================================================================
----------------- testing Thu Mar 14 17:05:52 UTC 2019 /home/travis/build/icyphy/ptII/ptolemy/actor/lib/hoc/test/auto/ThreadedJS.xml
----------------- Instantiating /home/travis/build/icyphy/ptII/ptolemy/actor/lib/hoc/test/auto/ThreadedJS.xml
2001 ms. Memory: 538112K Free: 158675K (29%)
----------------- Invoking toplevel() on ptolemy.moml.MoMLSimpleApplication@f284313
----------------- Done invoking toplevel() on ptolemy.moml.MoMLSimpleApplication@f284313
reloadAllAccessors: .ThreadedJS
AutoTests.java: About to close Vertx.
AutoTests.java: Vertx closed.
]]></system-out>
  <system-err><![CDATA[java.lang.RuntimeException: Execution failed
	at ptolemy.moml.MoMLSimpleApplication$UnloadThread.run(MoMLSimpleApplication.java:402)
Caused by: ptolemy.kernel.util.IllegalActionException: initialize() was called after wrapup() was called but preinitialize() was not called after wrapup().
	at ptolemy.actor.lib.hoc.test.PreinitializeMustBeInvoked.initialize(PreinitializeMustBeInvoked.java:78)
	at ptolemy.actor.Director.initialize(Director.java:938)
	at ptolemy.actor.Director.initialize(Director.java:907)
	at ptolemy.actor.sched.StaticSchedulingDirector.initialize(StaticSchedulingDirector.java:159)
	at ptolemy.domains.sdf.kernel.SDFDirector.initialize(SDFDirector.java:544)
	at ptolemy.actor.CompositeActor.initialize(CompositeActor.java:935)
	at ptolemy.actor.lib.hoc.LifeCycleManager._executeInsideModel(LifeCycleManager.java:339)
	at ptolemy.actor.lib.hoc.RunCompositeActor.fire(RunCompositeActor.java:205)
	at ptolemy.actor.CompositeActor.iterate(CompositeActor.java:1146)
	at ptolemy.actor.sched.StaticSchedulingDirector.fire(StaticSchedulingDirector.java:216)
	at ptolemy.domains.sdf.kernel.SDFDirector.fire(SDFDirector.java:500)
	at ptolemy.actor.CompositeActor.fire(CompositeActor.java:455)
	at ptolemy.actor.Manager.iterate(Manager.java:851)
	at ptolemy.actor.Manager.execute(Manager.java:369)
	at ptolemy.actor.Manager.run(Manager.java:1263)
	at ptolemy.actor.Manager$PtolemyRunThread.run(Manager.java:1915)
java.lang.reflect.InvocationTargetException
	at sun.reflect.NativeConstructorAccessorImpl.newInstance0(Native Method)
	at sun.reflect.NativeConstructorAccessorImpl.newInstance(NativeConstructorAccessorImpl.java:62)
	at sun.reflect.DelegatingConstructorAccessorImpl.newInstance(DelegatingConstructorAccessorImpl.java:45)
	at java.lang.reflect.Constructor.newInstance(Constructor.java:423)
	at ptolemy.util.test.junit.AutoKnownFailedTests.RunModel(AutoKnownFailedTests.java:105)
	at sun.reflect.NativeMethodAccessorImpl.invoke0(Native Method)
	at sun.reflect.NativeMethodAccessorImpl.invoke(NativeMethodAccessorImpl.java:62)
	at sun.reflect.DelegatingMethodAccessorImpl.invoke(DelegatingMethodAccessorImpl.java:43)
	at java.lang.reflect.Method.invoke(Method.java:498)
	at org.junit.runners.model.FrameworkMethod$1.runReflectiveCall(FrameworkMethod.java:44)
	at org.junit.internal.runners.model.ReflectiveCallable.run(ReflectiveCallable.java:15)
	at org.junit.runners.model.FrameworkMethod.invokeExplosively(FrameworkMethod.java:41)
	at junitparams.internal.InvokeParameterisedMethod.evaluate(InvokeParameterisedMethod.java:102)
	at org.junit.internal.runners.statements.FailOnTimeout$1.run(FailOnTimeout.java:28)
Caused by: ptolemy.kernel.util.IllegalActionException: initialize() was called after wrapup() was called but preinitialize() was not called after wrapup().
	at ptolemy.actor.lib.hoc.test.PreinitializeMustBeInvoked.initialize(PreinitializeMustBeInvoked.java:78)
	at ptolemy.actor.Director.initialize(Director.java:938)
	at ptolemy.actor.Director.initialize(Director.java:907)
	at ptolemy.actor.sched.StaticSchedulingDirector.initialize(StaticSchedulingDirector.java:159)
	at ptolemy.domains.sdf.kernel.SDFDirector.initialize(SDFDirector.java:544)
	at ptolemy.actor.CompositeActor.initialize(CompositeActor.java:935)
	at ptolemy.actor.lib.hoc.LifeCycleManager._executeInsideModel(LifeCycleManager.java:339)
	at ptolemy.actor.lib.hoc.RunCompositeActor.fire(RunCompositeActor.java:205)
	at ptolemy.actor.CompositeActor.iterate(CompositeActor.java:1146)
	at ptolemy.actor.sched.StaticSchedulingDirector.fire(StaticSchedulingDirector.java:216)
	at ptolemy.domains.sdf.kernel.SDFDirector.fire(SDFDirector.java:500)
	at ptolemy.actor.CompositeActor.fire(CompositeActor.java:455)
	at ptolemy.actor.Manager.iterate(Manager.java:851)
	at ptolemy.actor.Manager.execute(Manager.java:369)
	at ptolemy.actor.Manager.run(Manager.java:1263)
	at ptolemy.actor.Manager$PtolemyRunThread.run(Manager.java:1915)
]]></system-err>
</testsuite>
