<?xml version="1.0" encoding="UTF-8" ?>
<testsuite errors="0" failures="0" hostname="travis-job-d50f9a7a-c810-4a23-93e2-574e59981a5c" name="ptolemy.domains.sdf.lib.test.junit.JUnitTclTest" skipped="0" tests="82" time="8.822" timestamp="2018-06-18T13:41:08">
  <properties>
[...]
</properties>
  <testcase classname="ptolemy.util.test.junit.TclTests" name="[0] /home/travis/build/icyphy/ptII/ptolemy/domains/sdf/lib/test/ArrayToSequence.tcl (RunTclFile)" time="0.514" />
  <testcase classname="ptolemy.util.test.junit.TclTests" name="[1] /home/travis/build/icyphy/ptII/ptolemy/domains/sdf/lib/test/BitsToInt.tcl (RunTclFile)" time="0.07" />
  <testcase classname="ptolemy.util.test.junit.TclTests" name="[2] /home/travis/build/icyphy/ptII/ptolemy/domains/sdf/lib/test/DelayLine.tcl (RunTclFile)" time="0.023" />
  <testcase classname="ptolemy.util.test.junit.TclTests" name="[3] /home/travis/build/icyphy/ptII/ptolemy/domains/sdf/lib/test/FFT.tcl (RunTclFile)" time="0.02" />
  <testcase classname="ptolemy.util.test.junit.TclTests" name="[4] /home/travis/build/icyphy/ptII/ptolemy/domains/sdf/lib/test/FIR.tcl (RunTclFile)" time="0.097" />
  <testcase classname="ptolemy.util.test.junit.TclTests" name="[5] /home/travis/build/icyphy/ptII/ptolemy/domains/sdf/lib/test/IntToBits.tcl (RunTclFile)" time="0.024" />
  <testcase classname="ptolemy.util.test.junit.TclTests" name="[6] /home/travis/build/icyphy/ptII/ptolemy/domains/sdf/lib/test/MaximumEntropySpectrum.tcl (RunTclFile)" time="0.274" />
  <testcase classname="ptolemy.util.test.junit.TclTests" name="[7] /home/travis/build/icyphy/ptII/ptolemy/domains/sdf/lib/test/Repeat.tcl (RunTclFile)" time="0.028" />
  <testcase classname="ptolemy.util.test.junit.TclTests" name="[8] /home/travis/build/icyphy/ptII/ptolemy/domains/sdf/lib/test/SampleDelay.tcl (RunTclFile)" time="0.064" />
  <testcase classname="ptolemy.util.test.junit.TclTests" name="[9] /home/travis/build/icyphy/ptII/ptolemy/domains/sdf/lib/test/SequenceToArray.tcl (RunTclFile)" time="0.063" />
  <testcase classname="ptolemy.util.test.junit.AutoKnownFailedTests" name="[0] ThereAreNoKnowFailedTests (RunModel)" time="0.002" />
  <testcase classname="ptolemy.util.test.junit.AutoNameArchTests" name="[0] ThereAreNoAutoArchTests (RunModel)" time="0.001" />
  <testcase classname="ptolemy.util.test.junit.AutoTests" name="[0] /home/travis/build/icyphy/ptII/ptolemy/domains/sdf/lib/test/auto/ArrayToSequence.xml (RunModel)" time="0.154" />
  <testcase classname="ptolemy.util.test.junit.AutoTests" name="[1] /home/travis/build/icyphy/ptII/ptolemy/domains/sdf/lib/test/auto/ArrayToSequenceTest.xml (RunModel)" time="0.066" />
  <testcase classname="ptolemy.util.test.junit.AutoTests" name="[2] /home/travis/build/icyphy/ptII/ptolemy/domains/sdf/lib/test/auto/Autocorrelation.xml (RunModel)" time="0.041" />
  <testcase classname="ptolemy.util.test.junit.AutoTests" name="[3] /home/travis/build/icyphy/ptII/ptolemy/domains/sdf/lib/test/auto/Autocorrelation2.xml (RunModel)" time="0.027" />
  <testcase classname="ptolemy.util.test.junit.AutoTests" name="[4] /home/travis/build/icyphy/ptII/ptolemy/domains/sdf/lib/test/auto/Autocorrelation3.xml (RunModel)" time="0.022" />
  <testcase classname="ptolemy.util.test.junit.AutoTests" name="[5] /home/travis/build/icyphy/ptII/ptolemy/domains/sdf/lib/test/auto/Autocorrelation4.xml (RunModel)" time="0.05" />
  <testcase classname="ptolemy.util.test.junit.AutoTests" name="[6] /home/travis/build/icyphy/ptII/ptolemy/domains/sdf/lib/test/auto/Autocorrelation5.xml (RunModel)" time="0.06" />
  <testcase classname="ptolemy.util.test.junit.AutoTests" name="[7] /home/travis/build/icyphy/ptII/ptolemy/domains/sdf/lib/test/auto/BitsToInt.xml (RunModel)" time="0.014" />
  <testcase classname="ptolemy.util.test.junit.AutoTests" name="[8] /home/travis/build/icyphy/ptII/ptolemy/domains/sdf/lib/test/auto/BooleanJoin.xml (RunModel)" time="0.024" />
  <testcase classname="ptolemy.util.test.junit.AutoTests" name="[9] /home/travis/build/icyphy/ptII/ptolemy/domains/sdf/lib/test/auto/BootstrapSampleDelay.xml (RunModel)" time="0.038" />
  <testcase classname="ptolemy.util.test.junit.AutoTests" name="[10] /home/travis/build/icyphy/ptII/ptolemy/domains/sdf/lib/test/auto/Chop.xml (RunModel)" time="0.034" />
  <testcase classname="ptolemy.util.test.junit.AutoTests" name="[11] /home/travis/build/icyphy/ptII/ptolemy/domains/sdf/lib/test/auto/Chop2.xml (RunModel)" time="0.051" />
  <testcase classname="ptolemy.util.test.junit.AutoTests" name="[12] /home/travis/build/icyphy/ptII/ptolemy/domains/sdf/lib/test/auto/ComplexJoin.xml (RunModel)" time="0.027" />
  <testcase classname="ptolemy.util.test.junit.AutoTests" name="[13] /home/travis/build/icyphy/ptII/ptolemy/domains/sdf/lib/test/auto/CountTrues.xml (RunModel)" time="0.032" />
  <testcase classname="ptolemy.util.test.junit.AutoTests" name="[14] /home/travis/build/icyphy/ptII/ptolemy/domains/sdf/lib/test/auto/DelayLine.xml (RunModel)" time="0.039" />
  <testcase classname="ptolemy.util.test.junit.AutoTests" name="[15] /home/travis/build/icyphy/ptII/ptolemy/domains/sdf/lib/test/auto/DotProduct.xml (RunModel)" time="0.029" />
  <testcase classname="ptolemy.util.test.junit.AutoTests" name="[16] /home/travis/build/icyphy/ptII/ptolemy/domains/sdf/lib/test/auto/DotProductMatrix.xml (RunModel)" time="0.027" />
  <testcase classname="ptolemy.util.test.junit.AutoTests" name="[17] /home/travis/build/icyphy/ptII/ptolemy/domains/sdf/lib/test/auto/DownSample1.xml (RunModel)" time="0.029" />
  <testcase classname="ptolemy.util.test.junit.AutoTests" name="[18] /home/travis/build/icyphy/ptII/ptolemy/domains/sdf/lib/test/auto/DynamicRateChange.xml (RunModel)" time="0.051" />
  <testcase classname="ptolemy.util.test.junit.AutoTests" name="[19] /home/travis/build/icyphy/ptII/ptolemy/domains/sdf/lib/test/auto/DynamicRates.xml (RunModel)" time="0.032" />
  <testcase classname="ptolemy.util.test.junit.AutoTests" name="[20] /home/travis/build/icyphy/ptII/ptolemy/domains/sdf/lib/test/auto/FFT1.xml (RunModel)" time="0.03" />
  <testcase classname="ptolemy.util.test.junit.AutoTests" name="[21] /home/travis/build/icyphy/ptII/ptolemy/domains/sdf/lib/test/auto/FIR1.xml (RunModel)" time="0.061" />
  <testcase classname="ptolemy.util.test.junit.AutoTests" name="[22] /home/travis/build/icyphy/ptII/ptolemy/domains/sdf/lib/test/auto/FIR2.xml (RunModel)" time="0.022" />
  <testcase classname="ptolemy.util.test.junit.AutoTests" name="[23] /home/travis/build/icyphy/ptII/ptolemy/domains/sdf/lib/test/auto/FIR4.xml (RunModel)" time="0.033" />
  <testcase classname="ptolemy.util.test.junit.AutoTests" name="[24] /home/travis/build/icyphy/ptII/ptolemy/domains/sdf/lib/test/auto/FixJoin.xml (RunModel)" time="0.031" />
  <testcase classname="ptolemy.util.test.junit.AutoTests" name="[25] /home/travis/build/icyphy/ptII/ptolemy/domains/sdf/lib/test/auto/IntJoin1.xml (RunModel)" time="0.022" />
  <testcase classname="ptolemy.util.test.junit.AutoTests" name="[26] /home/travis/build/icyphy/ptII/ptolemy/domains/sdf/lib/test/auto/IntJoin2.xml (RunModel)" time="0.019" />
  <testcase classname="ptolemy.util.test.junit.AutoTests" name="[27] /home/travis/build/icyphy/ptII/ptolemy/domains/sdf/lib/test/auto/IntJoin3.xml (RunModel)" time="0.025" />
  <testcase classname="ptolemy.util.test.junit.AutoTests" name="[28] /home/travis/build/icyphy/ptII/ptolemy/domains/sdf/lib/test/auto/IntJoin4.xml (RunModel)" time="0.02" />
  <testcase classname="ptolemy.util.test.junit.AutoTests" name="[29] /home/travis/build/icyphy/ptII/ptolemy/domains/sdf/lib/test/auto/IntJoin5.xml (RunModel)" time="0.026" />
  <testcase classname="ptolemy.util.test.junit.AutoTests" name="[30] /home/travis/build/icyphy/ptII/ptolemy/domains/sdf/lib/test/auto/IntToBits.xml (RunModel)" time="0.02" />
  <testcase classname="ptolemy.util.test.junit.AutoTests" name="[31] /home/travis/build/icyphy/ptII/ptolemy/domains/sdf/lib/test/auto/LMSAdaptive.xml (RunModel)" time="0.09" />
  <testcase classname="ptolemy.util.test.junit.AutoTests" name="[32] /home/travis/build/icyphy/ptII/ptolemy/domains/sdf/lib/test/auto/LMSAdaptiveFIR.xml (RunModel)" time="0.374" />
  <testcase classname="ptolemy.util.test.junit.AutoTests" name="[33] /home/travis/build/icyphy/ptII/ptolemy/domains/sdf/lib/test/auto/LMSAdaptiveFIR2.xml (RunModel)" time="0.469" />
  <testcase classname="ptolemy.util.test.junit.AutoTests" name="[34] /home/travis/build/icyphy/ptII/ptolemy/domains/sdf/lib/test/auto/LongJoin.xml (RunModel)" time="0.033" />
  <testcase classname="ptolemy.util.test.junit.AutoTests" name="[35] /home/travis/build/icyphy/ptII/ptolemy/domains/sdf/lib/test/auto/Matrix1.xml (RunModel)" time="0.024" />
  <testcase classname="ptolemy.util.test.junit.AutoTests" name="[36] /home/travis/build/icyphy/ptII/ptolemy/domains/sdf/lib/test/auto/Matrix2.xml (RunModel)" time="0.025" />
  <testcase classname="ptolemy.util.test.junit.AutoTests" name="[37] /home/travis/build/icyphy/ptII/ptolemy/domains/sdf/lib/test/auto/MatrixJoin1.xml (RunModel)" time="0.071" />
  <testcase classname="ptolemy.util.test.junit.AutoTests" name="[38] /home/travis/build/icyphy/ptII/ptolemy/domains/sdf/lib/test/auto/MatrixJoin2.xml (RunModel)" time="0.026" />
  <testcase classname="ptolemy.util.test.junit.AutoTests" name="[39] /home/travis/build/icyphy/ptII/ptolemy/domains/sdf/lib/test/auto/MatrixJoin3.xml (RunModel)" time="0.03" />
  <testcase classname="ptolemy.util.test.junit.AutoTests" name="[40] /home/travis/build/icyphy/ptII/ptolemy/domains/sdf/lib/test/auto/MatrixJoin4.xml (RunModel)" time="0.021" />
  <testcase classname="ptolemy.util.test.junit.AutoTests" name="[41] /home/travis/build/icyphy/ptII/ptolemy/domains/sdf/lib/test/auto/MatrixJoin5.xml (RunModel)" time="0.025" />
  <testcase classname="ptolemy.util.test.junit.AutoTests" name="[42] /home/travis/build/icyphy/ptII/ptolemy/domains/sdf/lib/test/auto/MatrixSplit1.xml (RunModel)" time="0.031" />
  <testcase classname="ptolemy.util.test.junit.AutoTests" name="[43] /home/travis/build/icyphy/ptII/ptolemy/domains/sdf/lib/test/auto/MatrixSplit10.xml (RunModel)" time="0.024" />
  <testcase classname="ptolemy.util.test.junit.AutoTests" name="[44] /home/travis/build/icyphy/ptII/ptolemy/domains/sdf/lib/test/auto/MatrixSplit11.xml (RunModel)" time="0.025" />
  <testcase classname="ptolemy.util.test.junit.AutoTests" name="[45] /home/travis/build/icyphy/ptII/ptolemy/domains/sdf/lib/test/auto/MatrixSplit12.xml (RunModel)" time="0.029" />
  <testcase classname="ptolemy.util.test.junit.AutoTests" name="[46] /home/travis/build/icyphy/ptII/ptolemy/domains/sdf/lib/test/auto/MatrixSplit13.xml (RunModel)" time="0.034" />
  <testcase classname="ptolemy.util.test.junit.AutoTests" name="[47] /home/travis/build/icyphy/ptII/ptolemy/domains/sdf/lib/test/auto/MatrixSplit14.xml (RunModel)" time="0.028" />
  <testcase classname="ptolemy.util.test.junit.AutoTests" name="[48] /home/travis/build/icyphy/ptII/ptolemy/domains/sdf/lib/test/auto/MatrixSplit2.xml (RunModel)" time="0.019" />
  <testcase classname="ptolemy.util.test.junit.AutoTests" name="[49] /home/travis/build/icyphy/ptII/ptolemy/domains/sdf/lib/test/auto/MatrixSplit3.xml (RunModel)" time="0.026" />
  <testcase classname="ptolemy.util.test.junit.AutoTests" name="[50] /home/travis/build/icyphy/ptII/ptolemy/domains/sdf/lib/test/auto/MatrixSplit4.xml (RunModel)" time="0.032" />
  <testcase classname="ptolemy.util.test.junit.AutoTests" name="[51] /home/travis/build/icyphy/ptII/ptolemy/domains/sdf/lib/test/auto/MatrixSplit5.xml (RunModel)" time="0.022" />
  <testcase classname="ptolemy.util.test.junit.AutoTests" name="[52] /home/travis/build/icyphy/ptII/ptolemy/domains/sdf/lib/test/auto/MatrixSplit6.xml (RunModel)" time="0.016" />
  <testcase classname="ptolemy.util.test.junit.AutoTests" name="[53] /home/travis/build/icyphy/ptII/ptolemy/domains/sdf/lib/test/auto/MatrixSplit7.xml (RunModel)" time="0.016" />
  <testcase classname="ptolemy.util.test.junit.AutoTests" name="[54] /home/travis/build/icyphy/ptII/ptolemy/domains/sdf/lib/test/auto/MatrixSplit8.xml (RunModel)" time="0.021" />
  <testcase classname="ptolemy.util.test.junit.AutoTests" name="[55] /home/travis/build/icyphy/ptII/ptolemy/domains/sdf/lib/test/auto/MatrixSplit9.xml (RunModel)" time="0.042" />
  <testcase classname="ptolemy.util.test.junit.AutoTests" name="[56] /home/travis/build/icyphy/ptII/ptolemy/domains/sdf/lib/test/auto/MatrixToSequence.xml (RunModel)" time="0.065" />
  <testcase classname="ptolemy.util.test.junit.AutoTests" name="[57] /home/travis/build/icyphy/ptII/ptolemy/domains/sdf/lib/test/auto/MaximumEntropySpectrum.xml (RunModel)" time="0.106" />
  <testcase classname="ptolemy.util.test.junit.AutoTests" name="[58] /home/travis/build/icyphy/ptII/ptolemy/domains/sdf/lib/test/auto/SampleDelayConversion.xml (RunModel)" time="0.033" />
  <testcase classname="ptolemy.util.test.junit.AutoTests" name="[59] /home/travis/build/icyphy/ptII/ptolemy/domains/sdf/lib/test/auto/SequenceToArray.xml (RunModel)" time="0.066" />
  <testcase classname="ptolemy.util.test.junit.AutoTests" name="[60] /home/travis/build/icyphy/ptII/ptolemy/domains/sdf/lib/test/auto/SequenceToMatrix.xml (RunModel)" time="3.882" />
  <testcase classname="ptolemy.util.test.junit.AutoTests" name="[61] /home/travis/build/icyphy/ptII/ptolemy/domains/sdf/lib/test/auto/SmoothedPeriodogram.xml (RunModel)" time="0.067" />
  <testcase classname="ptolemy.util.test.junit.AutoTests" name="[62] /home/travis/build/icyphy/ptII/ptolemy/domains/sdf/lib/test/auto/UpDownSample1.xml (RunModel)" time="0.018" />
  <testcase classname="ptolemy.util.test.junit.AutoTests" name="[63] /home/travis/build/icyphy/ptII/ptolemy/domains/sdf/lib/test/auto/UpSample1.xml (RunModel)" time="0.01" />
  <testcase classname="ptolemy.util.test.junit.AutoTests" name="[64] /home/travis/build/icyphy/ptII/ptolemy/domains/sdf/lib/test/auto/VariableFIR.xml (RunModel)" time="0.028" />
  <testcase classname="ptolemy.util.test.junit.AutoTests" name="[65] /home/travis/build/icyphy/ptII/ptolemy/domains/sdf/lib/test/auto/VariableFIR2.xml (RunModel)" time="0.027" />
  <testcase classname="ptolemy.util.test.junit.AutoTests" name="[66] /home/travis/build/icyphy/ptII/ptolemy/domains/sdf/lib/test/auto/VariableLattice.xml (RunModel)" time="0.041" />
  <testcase classname="ptolemy.util.test.junit.AutoTests" name="[67] /home/travis/build/icyphy/ptII/ptolemy/domains/sdf/lib/test/auto/VariableLattice2.xml (RunModel)" time="0.023" />
  <testcase classname="ptolemy.util.test.junit.AutoTests" name="[68] /home/travis/build/icyphy/ptII/ptolemy/domains/sdf/lib/test/auto/VariableRecursiveLattice.xml (RunModel)" time="0.03" />
  <testcase classname="ptolemy.util.test.junit.AutoTests" name="[69] /home/travis/build/icyphy/ptII/ptolemy/domains/sdf/lib/test/auto/VariableRecursiveLattice2.xml (RunModel)" time="0.014" />
  <system-out><![CDATA[/home/travis/build/icyphy/ptII/ptolemy/domains/sdf/lib/test/ArrayToSequence.tcl
testDefs.tcl: setting time out to 9000 seconds at Mon Jun 18 13:41:08 UTC 2018
72 ms. Memory: 116224K Free: 110170K (95%)
16 ms. Memory: 116224K Free: 108386K (93%)
17 ms. Memory: 116224K Free: 106556K (92%)
16 ms. Memory: 116224K Free: 105327K (91%)
/home/travis/build/icyphy/ptII/ptolemy/domains/sdf/lib/test/BitsToInt.tcl
16 ms. Memory: 116224K Free: 103536K (89%)
16 ms. Memory: 116224K Free: 101713K (88%)
/home/travis/build/icyphy/ptII/ptolemy/domains/sdf/lib/test/DelayLine.tcl
5 ms. Memory: 116224K Free: 99922K (86%)
/home/travis/build/icyphy/ptII/ptolemy/domains/sdf/lib/test/FFT.tcl
9 ms. Memory: 116224K Free: 98091K (84%)
/home/travis/build/icyphy/ptII/ptolemy/domains/sdf/lib/test/FIR.tcl
7 ms. Memory: 116224K Free: 96254K (83%)
8 ms. Memory: 116224K Free: 95025K (82%)
ptolemy.kernel.util.IllegalActionException: multiplyReverse method not supported between ptolemy.data.FixToken 'fix(-0.0625,6,2)' and ptolemy.data.IntToken '1' because the types are incomparable.
  in .top.FIRclone
Because:
multiplyReverse method not supported between ptolemy.data.FixToken 'fix(-0.0625,6,2)' and ptolemy.data.IntToken '1' because the types are incomparable.
27 ms. Memory: 116224K Free: 92592K (80%)
/home/travis/build/icyphy/ptII/ptolemy/domains/sdf/lib/test/IntToBits.tcl
5 ms. Memory: 116224K Free: 91371K (79%)
4 ms. Memory: 116224K Free: 89588K (77%)
/home/travis/build/icyphy/ptII/ptolemy/domains/sdf/lib/test/MaximumEntropySpectrum.tcl
/home/travis/build/icyphy/ptII/ptolemy/domains/sdf/lib/test/Repeat.tcl
5 ms. Memory: 146944K Free: 119509K (81%)
/home/travis/build/icyphy/ptII/ptolemy/domains/sdf/lib/test/SampleDelay.tcl
9 ms. Memory: 146944K Free: 117103K (80%)
7 ms. Memory: 146944K Free: 117103K (80%)
11 ms. Memory: 146944K Free: 115892K (79%)
6 ms. Memory: 146944K Free: 114697K (78%)
2 ms. Memory: 146944K Free: 114697K (78%)
1 ms. Memory: 146944K Free: 114697K (78%)
/home/travis/build/icyphy/ptII/ptolemy/domains/sdf/lib/test/SequenceToArray.tcl
14 ms. Memory: 146944K Free: 112307K (76%)
3 ms. Memory: 146944K Free: 111113K (76%)
14 ms. Memory: 146944K Free: 109918K (75%)
11 ms. Memory: 146944K Free: 108723K (74%)
06/18/18 01:41:09
Failed: 0  Total Tests: 41  ((Passed: 41, Newly Passed: 0)  Known Failed: 0) /home/travis/build/icyphy/ptII/ptolemy/domains/sdf/lib/test
No auto/knownFailedTests/*.xml tests in /home/travis/build/icyphy/ptII/ptolemy/domains/sdf/lib/test
No auto/linux-amd64/*.xml tests in /home/travis/build/icyphy/ptII/ptolemy/domains/sdf/lib/test
AutoTests.java: About to close Vertx.
AutoTests.java: Vertx closed.

===========================================================================================
----------------- testing Mon Jun 18 13:41:09 UTC 2018 /home/travis/build/icyphy/ptII/ptolemy/domains/sdf/lib/test/auto/ArrayToSequence.xml
----------------- Instantiating /home/travis/build/icyphy/ptII/ptolemy/domains/sdf/lib/test/auto/ArrayToSequence.xml
16 ms. Memory: 146944K Free: 126240K (86%)
----------------- Invoking toplevel() on ptolemy.moml.MoMLSimpleApplication@706ca279
----------------- Done invoking toplevel() on ptolemy.moml.MoMLSimpleApplication@706ca279
reloadAllAccessors: .ArrayToSequence

===========================================================================================
----------------- testing Mon Jun 18 13:41:10 UTC 2018 /home/travis/build/icyphy/ptII/ptolemy/domains/sdf/lib/test/auto/ArrayToSequenceTest.xml
----------------- Instantiating /home/travis/build/icyphy/ptII/ptolemy/domains/sdf/lib/test/auto/ArrayToSequenceTest.xml
8 ms. Memory: 146944K Free: 118411K (81%)
----------------- Invoking toplevel() on ptolemy.moml.MoMLSimpleApplication@4ced6ac9
----------------- Done invoking toplevel() on ptolemy.moml.MoMLSimpleApplication@4ced6ac9
reloadAllAccessors: .ArrayToSequenceTest

===========================================================================================
----------------- testing Mon Jun 18 13:41:10 UTC 2018 /home/travis/build/icyphy/ptII/ptolemy/domains/sdf/lib/test/auto/Autocorrelation.xml
----------------- Instantiating /home/travis/build/icyphy/ptII/ptolemy/domains/sdf/lib/test/auto/Autocorrelation.xml
12 ms. Memory: 146944K Free: 113809K (77%)
----------------- Invoking toplevel() on ptolemy.moml.MoMLSimpleApplication@55772d19
----------------- Done invoking toplevel() on ptolemy.moml.MoMLSimpleApplication@55772d19
reloadAllAccessors: .Autocorrelation

===========================================================================================
----------------- testing Mon Jun 18 13:41:10 UTC 2018 /home/travis/build/icyphy/ptII/ptolemy/domains/sdf/lib/test/auto/Autocorrelation2.xml
----------------- Instantiating /home/travis/build/icyphy/ptII/ptolemy/domains/sdf/lib/test/auto/Autocorrelation2.xml
3 ms. Memory: 146944K Free: 108877K (74%)
----------------- Invoking toplevel() on ptolemy.moml.MoMLSimpleApplication@3932e196
----------------- Done invoking toplevel() on ptolemy.moml.MoMLSimpleApplication@3932e196
reloadAllAccessors: .Autocorrelation2

===========================================================================================
----------------- testing Mon Jun 18 13:41:10 UTC 2018 /home/travis/build/icyphy/ptII/ptolemy/domains/sdf/lib/test/auto/Autocorrelation3.xml
----------------- Instantiating /home/travis/build/icyphy/ptII/ptolemy/domains/sdf/lib/test/auto/Autocorrelation3.xml
3 ms. Memory: 146944K Free: 103473K (70%)
----------------- Invoking toplevel() on ptolemy.moml.MoMLSimpleApplication@24a545b9
----------------- Done invoking toplevel() on ptolemy.moml.MoMLSimpleApplication@24a545b9
reloadAllAccessors: .Autocorrelation3

===========================================================================================
----------------- testing Mon Jun 18 13:41:10 UTC 2018 /home/travis/build/icyphy/ptII/ptolemy/domains/sdf/lib/test/auto/Autocorrelation4.xml
----------------- Instantiating /home/travis/build/icyphy/ptII/ptolemy/domains/sdf/lib/test/auto/Autocorrelation4.xml
9 ms. Memory: 146944K Free: 98838K (67%)
----------------- Invoking toplevel() on ptolemy.moml.MoMLSimpleApplication@2e187540
----------------- Done invoking toplevel() on ptolemy.moml.MoMLSimpleApplication@2e187540
reloadAllAccessors: .Autocorrelation4

===========================================================================================
----------------- testing Mon Jun 18 13:41:10 UTC 2018 /home/travis/build/icyphy/ptII/ptolemy/domains/sdf/lib/test/auto/Autocorrelation5.xml
----------------- Instantiating /home/travis/build/icyphy/ptII/ptolemy/domains/sdf/lib/test/auto/Autocorrelation5.xml
27 ms. Memory: 146944K Free: 91382K (62%)
----------------- Invoking toplevel() on ptolemy.moml.MoMLSimpleApplication@ba56cbf
----------------- Done invoking toplevel() on ptolemy.moml.MoMLSimpleApplication@ba56cbf
reloadAllAccessors: .Autocorrelation5

===========================================================================================
----------------- testing Mon Jun 18 13:41:10 UTC 2018 /home/travis/build/icyphy/ptII/ptolemy/domains/sdf/lib/test/auto/BitsToInt.xml
----------------- Instantiating /home/travis/build/icyphy/ptII/ptolemy/domains/sdf/lib/test/auto/BitsToInt.xml
3 ms. Memory: 146944K Free: 86853K (59%)
----------------- Invoking toplevel() on ptolemy.moml.MoMLSimpleApplication@43b5a00b
----------------- Done invoking toplevel() on ptolemy.moml.MoMLSimpleApplication@43b5a00b
reloadAllAccessors: .BitsToInt

===========================================================================================
----------------- testing Mon Jun 18 13:41:10 UTC 2018 /home/travis/build/icyphy/ptII/ptolemy/domains/sdf/lib/test/auto/BooleanJoin.xml
----------------- Instantiating /home/travis/build/icyphy/ptII/ptolemy/domains/sdf/lib/test/auto/BooleanJoin.xml
3 ms. Memory: 146944K Free: 81842K (56%)
----------------- Invoking toplevel() on ptolemy.moml.MoMLSimpleApplication@3a5a4284
----------------- Done invoking toplevel() on ptolemy.moml.MoMLSimpleApplication@3a5a4284
reloadAllAccessors: .BooleanJoin

===========================================================================================
----------------- testing Mon Jun 18 13:41:10 UTC 2018 /home/travis/build/icyphy/ptII/ptolemy/domains/sdf/lib/test/auto/BootstrapSampleDelay.xml
----------------- Instantiating /home/travis/build/icyphy/ptII/ptolemy/domains/sdf/lib/test/auto/BootstrapSampleDelay.xml
23 ms. Memory: 208384K Free: 199324K (96%)
----------------- Invoking toplevel() on ptolemy.moml.MoMLSimpleApplication@3d454540
----------------- Done invoking toplevel() on ptolemy.moml.MoMLSimpleApplication@3d454540
reloadAllAccessors: .BootstrapSampleDelay

===========================================================================================
----------------- testing Mon Jun 18 13:41:10 UTC 2018 /home/travis/build/icyphy/ptII/ptolemy/domains/sdf/lib/test/auto/Chop.xml
----------------- Instantiating /home/travis/build/icyphy/ptII/ptolemy/domains/sdf/lib/test/auto/Chop.xml
5 ms. Memory: 208384K Free: 188841K (91%)
----------------- Invoking toplevel() on ptolemy.moml.MoMLSimpleApplication@7b3cfa86
----------------- Done invoking toplevel() on ptolemy.moml.MoMLSimpleApplication@7b3cfa86
reloadAllAccessors: .Chop

===========================================================================================
----------------- testing Mon Jun 18 13:41:10 UTC 2018 /home/travis/build/icyphy/ptII/ptolemy/domains/sdf/lib/test/auto/Chop2.xml
----------------- Instantiating /home/travis/build/icyphy/ptII/ptolemy/domains/sdf/lib/test/auto/Chop2.xml
11 ms. Memory: 208384K Free: 182082K (87%)
----------------- Invoking toplevel() on ptolemy.moml.MoMLSimpleApplication@4e748e22
----------------- Done invoking toplevel() on ptolemy.moml.MoMLSimpleApplication@4e748e22
reloadAllAccessors: .Chop2

===========================================================================================
----------------- testing Mon Jun 18 13:41:10 UTC 2018 /home/travis/build/icyphy/ptII/ptolemy/domains/sdf/lib/test/auto/ComplexJoin.xml
----------------- Instantiating /home/travis/build/icyphy/ptII/ptolemy/domains/sdf/lib/test/auto/ComplexJoin.xml
3 ms. Memory: 208384K Free: 177725K (85%)
----------------- Invoking toplevel() on ptolemy.moml.MoMLSimpleApplication@17c76cf4
----------------- Done invoking toplevel() on ptolemy.moml.MoMLSimpleApplication@17c76cf4
reloadAllAccessors: .ComplexJoin

===========================================================================================
----------------- testing Mon Jun 18 13:41:10 UTC 2018 /home/travis/build/icyphy/ptII/ptolemy/domains/sdf/lib/test/auto/CountTrues.xml
----------------- Instantiating /home/travis/build/icyphy/ptII/ptolemy/domains/sdf/lib/test/auto/CountTrues.xml
4 ms. Memory: 208384K Free: 174637K (84%)
----------------- Invoking toplevel() on ptolemy.moml.MoMLSimpleApplication@55ce336c
----------------- Done invoking toplevel() on ptolemy.moml.MoMLSimpleApplication@55ce336c
reloadAllAccessors: .CountTrues

===========================================================================================
----------------- testing Mon Jun 18 13:41:10 UTC 2018 /home/travis/build/icyphy/ptII/ptolemy/domains/sdf/lib/test/auto/DelayLine.xml
----------------- Instantiating /home/travis/build/icyphy/ptII/ptolemy/domains/sdf/lib/test/auto/DelayLine.xml
7 ms. Memory: 208384K Free: 167536K (80%)
----------------- Invoking toplevel() on ptolemy.moml.MoMLSimpleApplication@4f968ffe
----------------- Done invoking toplevel() on ptolemy.moml.MoMLSimpleApplication@4f968ffe
reloadAllAccessors: .DelayLine

===========================================================================================
----------------- testing Mon Jun 18 13:41:10 UTC 2018 /home/travis/build/icyphy/ptII/ptolemy/domains/sdf/lib/test/auto/DotProduct.xml
----------------- Instantiating /home/travis/build/icyphy/ptII/ptolemy/domains/sdf/lib/test/auto/DotProduct.xml
4 ms. Memory: 208384K Free: 164446K (79%)
----------------- Invoking toplevel() on ptolemy.moml.MoMLSimpleApplication@7627447f
----------------- Done invoking toplevel() on ptolemy.moml.MoMLSimpleApplication@7627447f
reloadAllAccessors: .DotProduct

===========================================================================================
----------------- testing Mon Jun 18 13:41:10 UTC 2018 /home/travis/build/icyphy/ptII/ptolemy/domains/sdf/lib/test/auto/DotProductMatrix.xml
----------------- Instantiating /home/travis/build/icyphy/ptII/ptolemy/domains/sdf/lib/test/auto/DotProductMatrix.xml
2 ms. Memory: 208384K Free: 161358K (77%)
----------------- Invoking toplevel() on ptolemy.moml.MoMLSimpleApplication@7672593e
----------------- Done invoking toplevel() on ptolemy.moml.MoMLSimpleApplication@7672593e
reloadAllAccessors: .DotProductMatrix

===========================================================================================
----------------- testing Mon Jun 18 13:41:10 UTC 2018 /home/travis/build/icyphy/ptII/ptolemy/domains/sdf/lib/test/auto/DownSample1.xml
----------------- Instantiating /home/travis/build/icyphy/ptII/ptolemy/domains/sdf/lib/test/auto/DownSample1.xml
3 ms. Memory: 208384K Free: 157655K (76%)
----------------- Invoking toplevel() on ptolemy.moml.MoMLSimpleApplication@226b0aef
----------------- Done invoking toplevel() on ptolemy.moml.MoMLSimpleApplication@226b0aef
reloadAllAccessors: .DownSample1

===========================================================================================
----------------- testing Mon Jun 18 13:41:10 UTC 2018 /home/travis/build/icyphy/ptII/ptolemy/domains/sdf/lib/test/auto/DynamicRateChange.xml
----------------- Instantiating /home/travis/build/icyphy/ptII/ptolemy/domains/sdf/lib/test/auto/DynamicRateChange.xml
14 ms. Memory: 208384K Free: 149972K (72%)
----------------- Invoking toplevel() on ptolemy.moml.MoMLSimpleApplication@1c090209
----------------- Done invoking toplevel() on ptolemy.moml.MoMLSimpleApplication@1c090209
reloadAllAccessors: .DynamicRateChange

===========================================================================================
----------------- testing Mon Jun 18 13:41:10 UTC 2018 /home/travis/build/icyphy/ptII/ptolemy/domains/sdf/lib/test/auto/DynamicRates.xml
----------------- Instantiating /home/travis/build/icyphy/ptII/ptolemy/domains/sdf/lib/test/auto/DynamicRates.xml
12 ms. Memory: 208384K Free: 144442K (69%)
----------------- Invoking toplevel() on ptolemy.moml.MoMLSimpleApplication@108874d2
----------------- Done invoking toplevel() on ptolemy.moml.MoMLSimpleApplication@108874d2
reloadAllAccessors: .DynamicRates

===========================================================================================
----------------- testing Mon Jun 18 13:41:10 UTC 2018 /home/travis/build/icyphy/ptII/ptolemy/domains/sdf/lib/test/auto/FFT1.xml
----------------- Instantiating /home/travis/build/icyphy/ptII/ptolemy/domains/sdf/lib/test/auto/FFT1.xml
10 ms. Memory: 208384K Free: 139526K (67%)
----------------- Invoking toplevel() on ptolemy.moml.MoMLSimpleApplication@49b59034
----------------- Done invoking toplevel() on ptolemy.moml.MoMLSimpleApplication@49b59034
reloadAllAccessors: .FFT1

===========================================================================================
----------------- testing Mon Jun 18 13:41:10 UTC 2018 /home/travis/build/icyphy/ptII/ptolemy/domains/sdf/lib/test/auto/FIR1.xml
----------------- Instantiating /home/travis/build/icyphy/ptII/ptolemy/domains/sdf/lib/test/auto/FIR1.xml
20 ms. Memory: 208384K Free: 131459K (63%)
----------------- Invoking toplevel() on ptolemy.moml.MoMLSimpleApplication@7c72fee0
----------------- Done invoking toplevel() on ptolemy.moml.MoMLSimpleApplication@7c72fee0
reloadAllAccessors: .FIR1

===========================================================================================
----------------- testing Mon Jun 18 13:41:10 UTC 2018 /home/travis/build/icyphy/ptII/ptolemy/domains/sdf/lib/test/auto/FIR2.xml
----------------- Instantiating /home/travis/build/icyphy/ptII/ptolemy/domains/sdf/lib/test/auto/FIR2.xml
3 ms. Memory: 208384K Free: 126217K (61%)
----------------- Invoking toplevel() on ptolemy.moml.MoMLSimpleApplication@14e07694
----------------- Done invoking toplevel() on ptolemy.moml.MoMLSimpleApplication@14e07694
reloadAllAccessors: .FIR2

===========================================================================================
----------------- testing Mon Jun 18 13:41:10 UTC 2018 /home/travis/build/icyphy/ptII/ptolemy/domains/sdf/lib/test/auto/FIR4.xml
----------------- Instantiating /home/travis/build/icyphy/ptII/ptolemy/domains/sdf/lib/test/auto/FIR4.xml
5 ms. Memory: 208384K Free: 117567K (56%)
----------------- Invoking toplevel() on ptolemy.moml.MoMLSimpleApplication@48a0310c
----------------- Done invoking toplevel() on ptolemy.moml.MoMLSimpleApplication@48a0310c
reloadAllAccessors: .FIR4

===========================================================================================
----------------- testing Mon Jun 18 13:41:11 UTC 2018 /home/travis/build/icyphy/ptII/ptolemy/domains/sdf/lib/test/auto/FixJoin.xml
----------------- Instantiating /home/travis/build/icyphy/ptII/ptolemy/domains/sdf/lib/test/auto/FixJoin.xml
5 ms. Memory: 208384K Free: 112636K (54%)
----------------- Invoking toplevel() on ptolemy.moml.MoMLSimpleApplication@7ec6721f
----------------- Done invoking toplevel() on ptolemy.moml.MoMLSimpleApplication@7ec6721f
reloadAllAccessors: .FixJoin

===========================================================================================
----------------- testing Mon Jun 18 13:41:11 UTC 2018 /home/travis/build/icyphy/ptII/ptolemy/domains/sdf/lib/test/auto/IntJoin1.xml
----------------- Instantiating /home/travis/build/icyphy/ptII/ptolemy/domains/sdf/lib/test/auto/IntJoin1.xml
6 ms. Memory: 208384K Free: 107654K (52%)
----------------- Invoking toplevel() on ptolemy.moml.MoMLSimpleApplication@7ae8ba32
----------------- Done invoking toplevel() on ptolemy.moml.MoMLSimpleApplication@7ae8ba32
reloadAllAccessors: .IntJoin1

===========================================================================================
----------------- testing Mon Jun 18 13:41:11 UTC 2018 /home/travis/build/icyphy/ptII/ptolemy/domains/sdf/lib/test/auto/IntJoin2.xml
----------------- Instantiating /home/travis/build/icyphy/ptII/ptolemy/domains/sdf/lib/test/auto/IntJoin2.xml
3 ms. Memory: 208384K Free: 101734K (49%)
----------------- Invoking toplevel() on ptolemy.moml.MoMLSimpleApplication@5d2c394b
----------------- Done invoking toplevel() on ptolemy.moml.MoMLSimpleApplication@5d2c394b
reloadAllAccessors: .IntJoin2

===========================================================================================
----------------- testing Mon Jun 18 13:41:11 UTC 2018 /home/travis/build/icyphy/ptII/ptolemy/domains/sdf/lib/test/auto/IntJoin3.xml
----------------- Instantiating /home/travis/build/icyphy/ptII/ptolemy/domains/sdf/lib/test/auto/IntJoin3.xml
5 ms. Memory: 208384K Free: 97417K (47%)
----------------- Invoking toplevel() on ptolemy.moml.MoMLSimpleApplication@63d6cdd9
----------------- Done invoking toplevel() on ptolemy.moml.MoMLSimpleApplication@63d6cdd9
reloadAllAccessors: .IntJoin3

===========================================================================================
----------------- testing Mon Jun 18 13:41:11 UTC 2018 /home/travis/build/icyphy/ptII/ptolemy/domains/sdf/lib/test/auto/IntJoin4.xml
----------------- Instantiating /home/travis/build/icyphy/ptII/ptolemy/domains/sdf/lib/test/auto/IntJoin4.xml
4 ms. Memory: 208384K Free: 93050K (45%)
----------------- Invoking toplevel() on ptolemy.moml.MoMLSimpleApplication@406d95a
----------------- Done invoking toplevel() on ptolemy.moml.MoMLSimpleApplication@406d95a
reloadAllAccessors: .IntJoin4

===========================================================================================
----------------- testing Mon Jun 18 13:41:11 UTC 2018 /home/travis/build/icyphy/ptII/ptolemy/domains/sdf/lib/test/auto/IntJoin5.xml
----------------- Instantiating /home/travis/build/icyphy/ptII/ptolemy/domains/sdf/lib/test/auto/IntJoin5.xml
3 ms. Memory: 208384K Free: 88119K (42%)
----------------- Invoking toplevel() on ptolemy.moml.MoMLSimpleApplication@29143e21
----------------- Done invoking toplevel() on ptolemy.moml.MoMLSimpleApplication@29143e21
reloadAllAccessors: .IntJoin5

===========================================================================================
----------------- testing Mon Jun 18 13:41:11 UTC 2018 /home/travis/build/icyphy/ptII/ptolemy/domains/sdf/lib/test/auto/IntToBits.xml
----------------- Instantiating /home/travis/build/icyphy/ptII/ptolemy/domains/sdf/lib/test/auto/IntToBits.xml
8 ms. Memory: 208384K Free: 83492K (40%)
----------------- Invoking toplevel() on ptolemy.moml.MoMLSimpleApplication@5d235911
----------------- Done invoking toplevel() on ptolemy.moml.MoMLSimpleApplication@5d235911
reloadAllAccessors: .IntToBits

===========================================================================================
----------------- testing Mon Jun 18 13:41:11 UTC 2018 /home/travis/build/icyphy/ptII/ptolemy/domains/sdf/lib/test/auto/LMSAdaptive.xml
----------------- Instantiating /home/travis/build/icyphy/ptII/ptolemy/domains/sdf/lib/test/auto/LMSAdaptive.xml
5 ms. Memory: 208384K Free: 197224K (95%)
----------------- Invoking toplevel() on ptolemy.moml.MoMLSimpleApplication@6f6457a6
----------------- Done invoking toplevel() on ptolemy.moml.MoMLSimpleApplication@6f6457a6
reloadAllAccessors: .LMSAdaptive

===========================================================================================
----------------- testing Mon Jun 18 13:41:11 UTC 2018 /home/travis/build/icyphy/ptII/ptolemy/domains/sdf/lib/test/auto/LMSAdaptiveFIR.xml
----------------- Instantiating /home/travis/build/icyphy/ptII/ptolemy/domains/sdf/lib/test/auto/LMSAdaptiveFIR.xml
288 ms. Memory: 208384K Free: 156131K (75%)
----------------- Invoking toplevel() on ptolemy.moml.MoMLSimpleApplication@1ca4bacb
----------------- Done invoking toplevel() on ptolemy.moml.MoMLSimpleApplication@1ca4bacb
reloadAllAccessors: .LMSAdaptiveFIR

===========================================================================================
----------------- testing Mon Jun 18 13:41:11 UTC 2018 /home/travis/build/icyphy/ptII/ptolemy/domains/sdf/lib/test/auto/LMSAdaptiveFIR2.xml
----------------- Instantiating /home/travis/build/icyphy/ptII/ptolemy/domains/sdf/lib/test/auto/LMSAdaptiveFIR2.xml
381 ms. Memory: 208384K Free: 95132K (46%)
----------------- Invoking toplevel() on ptolemy.moml.MoMLSimpleApplication@7d8c883c
----------------- Done invoking toplevel() on ptolemy.moml.MoMLSimpleApplication@7d8c883c
reloadAllAccessors: .LMSAdaptiveFIR2

===========================================================================================
----------------- testing Mon Jun 18 13:41:12 UTC 2018 /home/travis/build/icyphy/ptII/ptolemy/domains/sdf/lib/test/auto/LongJoin.xml
----------------- Instantiating /home/travis/build/icyphy/ptII/ptolemy/domains/sdf/lib/test/auto/LongJoin.xml
5 ms. Memory: 208384K Free: 89707K (43%)
----------------- Invoking toplevel() on ptolemy.moml.MoMLSimpleApplication@4299af8e
----------------- Done invoking toplevel() on ptolemy.moml.MoMLSimpleApplication@4299af8e
reloadAllAccessors: .LongJoin

===========================================================================================
----------------- testing Mon Jun 18 13:41:12 UTC 2018 /home/travis/build/icyphy/ptII/ptolemy/domains/sdf/lib/test/auto/Matrix1.xml
----------------- Instantiating /home/travis/build/icyphy/ptII/ptolemy/domains/sdf/lib/test/auto/Matrix1.xml
4 ms. Memory: 208384K Free: 85358K (41%)
----------------- Invoking toplevel() on ptolemy.moml.MoMLSimpleApplication@27cad8e5
----------------- Done invoking toplevel() on ptolemy.moml.MoMLSimpleApplication@27cad8e5
reloadAllAccessors: .Matrix1

===========================================================================================
----------------- testing Mon Jun 18 13:41:12 UTC 2018 /home/travis/build/icyphy/ptII/ptolemy/domains/sdf/lib/test/auto/Matrix2.xml
----------------- Instantiating /home/travis/build/icyphy/ptII/ptolemy/domains/sdf/lib/test/auto/Matrix2.xml
8 ms. Memory: 208384K Free: 81041K (39%)
----------------- Invoking toplevel() on ptolemy.moml.MoMLSimpleApplication@78bf28be
----------------- Done invoking toplevel() on ptolemy.moml.MoMLSimpleApplication@78bf28be
reloadAllAccessors: .Matrix2

===========================================================================================
----------------- testing Mon Jun 18 13:41:12 UTC 2018 /home/travis/build/icyphy/ptII/ptolemy/domains/sdf/lib/test/auto/MatrixJoin1.xml
----------------- Instantiating /home/travis/build/icyphy/ptII/ptolemy/domains/sdf/lib/test/auto/MatrixJoin1.xml
8 ms. Memory: 333312K Free: 322386K (97%)
----------------- Invoking toplevel() on ptolemy.moml.MoMLSimpleApplication@4bef3011
----------------- Done invoking toplevel() on ptolemy.moml.MoMLSimpleApplication@4bef3011
reloadAllAccessors: .MatrixJoin1

===========================================================================================
----------------- testing Mon Jun 18 13:41:12 UTC 2018 /home/travis/build/icyphy/ptII/ptolemy/domains/sdf/lib/test/auto/MatrixJoin2.xml
----------------- Instantiating /home/travis/build/icyphy/ptII/ptolemy/domains/sdf/lib/test/auto/MatrixJoin2.xml
5 ms. Memory: 333312K Free: 314534K (94%)
----------------- Invoking toplevel() on ptolemy.moml.MoMLSimpleApplication@bd65113
----------------- Done invoking toplevel() on ptolemy.moml.MoMLSimpleApplication@bd65113
reloadAllAccessors: .MatrixJoin2

===========================================================================================
----------------- testing Mon Jun 18 13:41:12 UTC 2018 /home/travis/build/icyphy/ptII/ptolemy/domains/sdf/lib/test/auto/MatrixJoin3.xml
----------------- Instantiating /home/travis/build/icyphy/ptII/ptolemy/domains/sdf/lib/test/auto/MatrixJoin3.xml
4 ms. Memory: 333312K Free: 309603K (93%)
----------------- Invoking toplevel() on ptolemy.moml.MoMLSimpleApplication@30dec57b
----------------- Done invoking toplevel() on ptolemy.moml.MoMLSimpleApplication@30dec57b
reloadAllAccessors: .MatrixJoin3

===========================================================================================
----------------- testing Mon Jun 18 13:41:12 UTC 2018 /home/travis/build/icyphy/ptII/ptolemy/domains/sdf/lib/test/auto/MatrixJoin4.xml
----------------- Instantiating /home/travis/build/icyphy/ptII/ptolemy/domains/sdf/lib/test/auto/MatrixJoin4.xml
3 ms. Memory: 333312K Free: 304672K (91%)
----------------- Invoking toplevel() on ptolemy.moml.MoMLSimpleApplication@b9ef5d5
----------------- Done invoking toplevel() on ptolemy.moml.MoMLSimpleApplication@b9ef5d5
reloadAllAccessors: .MatrixJoin4

===========================================================================================
----------------- testing Mon Jun 18 13:41:12 UTC 2018 /home/travis/build/icyphy/ptII/ptolemy/domains/sdf/lib/test/auto/MatrixJoin5.xml
----------------- Instantiating /home/travis/build/icyphy/ptII/ptolemy/domains/sdf/lib/test/auto/MatrixJoin5.xml
4 ms. Memory: 333312K Free: 298326K (90%)
----------------- Invoking toplevel() on ptolemy.moml.MoMLSimpleApplication@2df6d9a1
----------------- Done invoking toplevel() on ptolemy.moml.MoMLSimpleApplication@2df6d9a1
reloadAllAccessors: .MatrixJoin5

===========================================================================================
----------------- testing Mon Jun 18 13:41:12 UTC 2018 /home/travis/build/icyphy/ptII/ptolemy/domains/sdf/lib/test/auto/MatrixSplit1.xml
----------------- Instantiating /home/travis/build/icyphy/ptII/ptolemy/domains/sdf/lib/test/auto/MatrixSplit1.xml
4 ms. Memory: 333312K Free: 292182K (88%)
----------------- Invoking toplevel() on ptolemy.moml.MoMLSimpleApplication@5b19c7a6
----------------- Done invoking toplevel() on ptolemy.moml.MoMLSimpleApplication@5b19c7a6
reloadAllAccessors: .MatrixSplit1

===========================================================================================
----------------- testing Mon Jun 18 13:41:12 UTC 2018 /home/travis/build/icyphy/ptII/ptolemy/domains/sdf/lib/test/auto/MatrixSplit10.xml
----------------- Instantiating /home/travis/build/icyphy/ptII/ptolemy/domains/sdf/lib/test/auto/MatrixSplit10.xml
4 ms. Memory: 333312K Free: 287267K (86%)
----------------- Invoking toplevel() on ptolemy.moml.MoMLSimpleApplication@5164988a
----------------- Done invoking toplevel() on ptolemy.moml.MoMLSimpleApplication@5164988a
reloadAllAccessors: .MatrixSplit10

===========================================================================================
----------------- testing Mon Jun 18 13:41:12 UTC 2018 /home/travis/build/icyphy/ptII/ptolemy/domains/sdf/lib/test/auto/MatrixSplit11.xml
----------------- Instantiating /home/travis/build/icyphy/ptII/ptolemy/domains/sdf/lib/test/auto/MatrixSplit11.xml
3 ms. Memory: 333312K Free: 282352K (85%)
----------------- Invoking toplevel() on ptolemy.moml.MoMLSimpleApplication@53b25159
----------------- Done invoking toplevel() on ptolemy.moml.MoMLSimpleApplication@53b25159
reloadAllAccessors: .MatrixSplit11

===========================================================================================
----------------- testing Mon Jun 18 13:41:12 UTC 2018 /home/travis/build/icyphy/ptII/ptolemy/domains/sdf/lib/test/auto/MatrixSplit12.xml
----------------- Instantiating /home/travis/build/icyphy/ptII/ptolemy/domains/sdf/lib/test/auto/MatrixSplit12.xml
3 ms. Memory: 333312K Free: 276023K (83%)
----------------- Invoking toplevel() on ptolemy.moml.MoMLSimpleApplication@65c8a29b
----------------- Done invoking toplevel() on ptolemy.moml.MoMLSimpleApplication@65c8a29b
reloadAllAccessors: .MatrixSplit12

===========================================================================================
----------------- testing Mon Jun 18 13:41:12 UTC 2018 /home/travis/build/icyphy/ptII/ptolemy/domains/sdf/lib/test/auto/MatrixSplit13.xml
----------------- Instantiating /home/travis/build/icyphy/ptII/ptolemy/domains/sdf/lib/test/auto/MatrixSplit13.xml
2 ms. Memory: 333312K Free: 271107K (81%)
----------------- Invoking toplevel() on ptolemy.moml.MoMLSimpleApplication@2a57ecc9
----------------- Done invoking toplevel() on ptolemy.moml.MoMLSimpleApplication@2a57ecc9
reloadAllAccessors: .MatrixSplit13

===========================================================================================
----------------- testing Mon Jun 18 13:41:12 UTC 2018 /home/travis/build/icyphy/ptII/ptolemy/domains/sdf/lib/test/auto/MatrixSplit14.xml
----------------- Instantiating /home/travis/build/icyphy/ptII/ptolemy/domains/sdf/lib/test/auto/MatrixSplit14.xml
2 ms. Memory: 333312K Free: 266192K (80%)
----------------- Invoking toplevel() on ptolemy.moml.MoMLSimpleApplication@45e8f2a2
----------------- Done invoking toplevel() on ptolemy.moml.MoMLSimpleApplication@45e8f2a2
reloadAllAccessors: .MatrixSplit14

===========================================================================================
----------------- testing Mon Jun 18 13:41:12 UTC 2018 /home/travis/build/icyphy/ptII/ptolemy/domains/sdf/lib/test/auto/MatrixSplit2.xml
----------------- Instantiating /home/travis/build/icyphy/ptII/ptolemy/domains/sdf/lib/test/auto/MatrixSplit2.xml
3 ms. Memory: 333312K Free: 259863K (78%)
----------------- Invoking toplevel() on ptolemy.moml.MoMLSimpleApplication@52db7ba
----------------- Done invoking toplevel() on ptolemy.moml.MoMLSimpleApplication@52db7ba
reloadAllAccessors: .MatrixSplit2

===========================================================================================
----------------- testing Mon Jun 18 13:41:12 UTC 2018 /home/travis/build/icyphy/ptII/ptolemy/domains/sdf/lib/test/auto/MatrixSplit3.xml
----------------- Instantiating /home/travis/build/icyphy/ptII/ptolemy/domains/sdf/lib/test/auto/MatrixSplit3.xml
2 ms. Memory: 333312K Free: 254948K (76%)
----------------- Invoking toplevel() on ptolemy.moml.MoMLSimpleApplication@201d8d78
----------------- Done invoking toplevel() on ptolemy.moml.MoMLSimpleApplication@201d8d78
reloadAllAccessors: .MatrixSplit3

===========================================================================================
----------------- testing Mon Jun 18 13:41:12 UTC 2018 /home/travis/build/icyphy/ptII/ptolemy/domains/sdf/lib/test/auto/MatrixSplit4.xml
----------------- Instantiating /home/travis/build/icyphy/ptII/ptolemy/domains/sdf/lib/test/auto/MatrixSplit4.xml
3 ms. Memory: 333312K Free: 250032K (75%)
----------------- Invoking toplevel() on ptolemy.moml.MoMLSimpleApplication@7d7ca434
----------------- Done invoking toplevel() on ptolemy.moml.MoMLSimpleApplication@7d7ca434
reloadAllAccessors: .MatrixSplit4

===========================================================================================
----------------- testing Mon Jun 18 13:41:12 UTC 2018 /home/travis/build/icyphy/ptII/ptolemy/domains/sdf/lib/test/auto/MatrixSplit5.xml
----------------- Instantiating /home/travis/build/icyphy/ptII/ptolemy/domains/sdf/lib/test/auto/MatrixSplit5.xml
2 ms. Memory: 333312K Free: 245117K (74%)
----------------- Invoking toplevel() on ptolemy.moml.MoMLSimpleApplication@541c6158
----------------- Done invoking toplevel() on ptolemy.moml.MoMLSimpleApplication@541c6158
reloadAllAccessors: .MatrixSplit5

===========================================================================================
----------------- testing Mon Jun 18 13:41:12 UTC 2018 /home/travis/build/icyphy/ptII/ptolemy/domains/sdf/lib/test/auto/MatrixSplit6.xml
----------------- Instantiating /home/travis/build/icyphy/ptII/ptolemy/domains/sdf/lib/test/auto/MatrixSplit6.xml
1 ms. Memory: 333312K Free: 238788K (72%)
----------------- Invoking toplevel() on ptolemy.moml.MoMLSimpleApplication@76d6e292
----------------- Done invoking toplevel() on ptolemy.moml.MoMLSimpleApplication@76d6e292
reloadAllAccessors: .MatrixSplit6

===========================================================================================
----------------- testing Mon Jun 18 13:41:12 UTC 2018 /home/travis/build/icyphy/ptII/ptolemy/domains/sdf/lib/test/auto/MatrixSplit7.xml
----------------- Instantiating /home/travis/build/icyphy/ptII/ptolemy/domains/sdf/lib/test/auto/MatrixSplit7.xml
1 ms. Memory: 333312K Free: 233873K (70%)
----------------- Invoking toplevel() on ptolemy.moml.MoMLSimpleApplication@7df132c2
----------------- Done invoking toplevel() on ptolemy.moml.MoMLSimpleApplication@7df132c2
reloadAllAccessors: .MatrixSplit7

===========================================================================================
----------------- testing Mon Jun 18 13:41:12 UTC 2018 /home/travis/build/icyphy/ptII/ptolemy/domains/sdf/lib/test/auto/MatrixSplit8.xml
----------------- Instantiating /home/travis/build/icyphy/ptII/ptolemy/domains/sdf/lib/test/auto/MatrixSplit8.xml
2 ms. Memory: 333312K Free: 228957K (69%)
----------------- Invoking toplevel() on ptolemy.moml.MoMLSimpleApplication@4b498c7f
----------------- Done invoking toplevel() on ptolemy.moml.MoMLSimpleApplication@4b498c7f
reloadAllAccessors: .MatrixSplit8

===========================================================================================
----------------- testing Mon Jun 18 13:41:12 UTC 2018 /home/travis/build/icyphy/ptII/ptolemy/domains/sdf/lib/test/auto/MatrixSplit9.xml
----------------- Instantiating /home/travis/build/icyphy/ptII/ptolemy/domains/sdf/lib/test/auto/MatrixSplit9.xml
2 ms. Memory: 333312K Free: 222628K (67%)
----------------- Invoking toplevel() on ptolemy.moml.MoMLSimpleApplication@2378f5ec
----------------- Done invoking toplevel() on ptolemy.moml.MoMLSimpleApplication@2378f5ec
reloadAllAccessors: .MatrixSplit9

===========================================================================================
----------------- testing Mon Jun 18 13:41:12 UTC 2018 /home/travis/build/icyphy/ptII/ptolemy/domains/sdf/lib/test/auto/MatrixToSequence.xml
----------------- Instantiating /home/travis/build/icyphy/ptII/ptolemy/domains/sdf/lib/test/auto/MatrixToSequence.xml
8 ms. Memory: 333312K Free: 212798K (64%)
----------------- Invoking toplevel() on ptolemy.moml.MoMLSimpleApplication@61f19d9f
----------------- Done invoking toplevel() on ptolemy.moml.MoMLSimpleApplication@61f19d9f
reloadAllAccessors: .MatrixToSequence

===========================================================================================
----------------- testing Mon Jun 18 13:41:12 UTC 2018 /home/travis/build/icyphy/ptII/ptolemy/domains/sdf/lib/test/auto/MaximumEntropySpectrum.xml
----------------- Instantiating /home/travis/build/icyphy/ptII/ptolemy/domains/sdf/lib/test/auto/MaximumEntropySpectrum.xml
19 ms. Memory: 333312K Free: 189430K (57%)
----------------- Invoking toplevel() on ptolemy.moml.MoMLSimpleApplication@6792d688
----------------- Done invoking toplevel() on ptolemy.moml.MoMLSimpleApplication@6792d688
reloadAllAccessors: .MaximumEntropySpectrum

===========================================================================================
----------------- testing Mon Jun 18 13:41:12 UTC 2018 /home/travis/build/icyphy/ptII/ptolemy/domains/sdf/lib/test/auto/SampleDelayConversion.xml
----------------- Instantiating /home/travis/build/icyphy/ptII/ptolemy/domains/sdf/lib/test/auto/SampleDelayConversion.xml
2 ms. Memory: 333312K Free: 183101K (55%)
----------------- Invoking toplevel() on ptolemy.moml.MoMLSimpleApplication@5250c0d
----------------- Done invoking toplevel() on ptolemy.moml.MoMLSimpleApplication@5250c0d
reloadAllAccessors: .SampleDelayConversion

===========================================================================================
----------------- testing Mon Jun 18 13:41:13 UTC 2018 /home/travis/build/icyphy/ptII/ptolemy/domains/sdf/lib/test/auto/SequenceToArray.xml
----------------- Instantiating /home/travis/build/icyphy/ptII/ptolemy/domains/sdf/lib/test/auto/SequenceToArray.xml
18 ms. Memory: 333312K Free: 169584K (51%)
----------------- Invoking toplevel() on ptolemy.moml.MoMLSimpleApplication@1f51b4c
----------------- Done invoking toplevel() on ptolemy.moml.MoMLSimpleApplication@1f51b4c
reloadAllAccessors: .SequenceToArray

===========================================================================================
----------------- testing Mon Jun 18 13:41:13 UTC 2018 /home/travis/build/icyphy/ptII/ptolemy/domains/sdf/lib/test/auto/SequenceToMatrix.xml
----------------- Instantiating /home/travis/build/icyphy/ptII/ptolemy/domains/sdf/lib/test/auto/SequenceToMatrix.xml
3857 ms. Memory: 579072K Free: 544018K (94%)
----------------- Invoking toplevel() on ptolemy.moml.MoMLSimpleApplication@21ef3f83
----------------- Done invoking toplevel() on ptolemy.moml.MoMLSimpleApplication@21ef3f83
reloadAllAccessors: .SequenceToMatrix

===========================================================================================
----------------- testing Mon Jun 18 13:41:16 UTC 2018 /home/travis/build/icyphy/ptII/ptolemy/domains/sdf/lib/test/auto/SmoothedPeriodogram.xml
----------------- Instantiating /home/travis/build/icyphy/ptII/ptolemy/domains/sdf/lib/test/auto/SmoothedPeriodogram.xml
17 ms. Memory: 579072K Free: 521070K (90%)
----------------- Invoking toplevel() on ptolemy.moml.MoMLSimpleApplication@4d3dc2ac
----------------- Done invoking toplevel() on ptolemy.moml.MoMLSimpleApplication@4d3dc2ac
reloadAllAccessors: .SmoothedPeriodogram

===========================================================================================
----------------- testing Mon Jun 18 13:41:17 UTC 2018 /home/travis/build/icyphy/ptII/ptolemy/domains/sdf/lib/test/auto/UpDownSample1.xml
----------------- Instantiating /home/travis/build/icyphy/ptII/ptolemy/domains/sdf/lib/test/auto/UpDownSample1.xml
3 ms. Memory: 579072K Free: 514282K (89%)
----------------- Invoking toplevel() on ptolemy.moml.MoMLSimpleApplication@51b24080
----------------- Done invoking toplevel() on ptolemy.moml.MoMLSimpleApplication@51b24080
reloadAllAccessors: .UpDownSample1

===========================================================================================
----------------- testing Mon Jun 18 13:41:17 UTC 2018 /home/travis/build/icyphy/ptII/ptolemy/domains/sdf/lib/test/auto/UpSample1.xml
----------------- Instantiating /home/travis/build/icyphy/ptII/ptolemy/domains/sdf/lib/test/auto/UpSample1.xml
1 ms. Memory: 579072K Free: 507735K (88%)
----------------- Invoking toplevel() on ptolemy.moml.MoMLSimpleApplication@7dfeaada
----------------- Done invoking toplevel() on ptolemy.moml.MoMLSimpleApplication@7dfeaada
reloadAllAccessors: .UpSample1

===========================================================================================
----------------- testing Mon Jun 18 13:41:17 UTC 2018 /home/travis/build/icyphy/ptII/ptolemy/domains/sdf/lib/test/auto/VariableFIR.xml
----------------- Instantiating /home/travis/build/icyphy/ptII/ptolemy/domains/sdf/lib/test/auto/VariableFIR.xml
10 ms. Memory: 579072K Free: 497914K (86%)
----------------- Invoking toplevel() on ptolemy.moml.MoMLSimpleApplication@656286e1
----------------- Done invoking toplevel() on ptolemy.moml.MoMLSimpleApplication@656286e1
reloadAllAccessors: .VariableFIR

===========================================================================================
----------------- testing Mon Jun 18 13:41:17 UTC 2018 /home/travis/build/icyphy/ptII/ptolemy/domains/sdf/lib/test/auto/VariableFIR2.xml
----------------- Instantiating /home/travis/build/icyphy/ptII/ptolemy/domains/sdf/lib/test/auto/VariableFIR2.xml
6 ms. Memory: 579072K Free: 486136K (84%)
----------------- Invoking toplevel() on ptolemy.moml.MoMLSimpleApplication@6491aef5
----------------- Done invoking toplevel() on ptolemy.moml.MoMLSimpleApplication@6491aef5
reloadAllAccessors: .VariableFIR2

===========================================================================================
----------------- testing Mon Jun 18 13:41:17 UTC 2018 /home/travis/build/icyphy/ptII/ptolemy/domains/sdf/lib/test/auto/VariableLattice.xml
----------------- Instantiating /home/travis/build/icyphy/ptII/ptolemy/domains/sdf/lib/test/auto/VariableLattice.xml
7 ms. Memory: 579072K Free: 476316K (82%)
----------------- Invoking toplevel() on ptolemy.moml.MoMLSimpleApplication@76bb7021
----------------- Done invoking toplevel() on ptolemy.moml.MoMLSimpleApplication@76bb7021
reloadAllAccessors: .VariableLattice

===========================================================================================
----------------- testing Mon Jun 18 13:41:17 UTC 2018 /home/travis/build/icyphy/ptII/ptolemy/domains/sdf/lib/test/auto/VariableLattice2.xml
----------------- Instantiating /home/travis/build/icyphy/ptII/ptolemy/domains/sdf/lib/test/auto/VariableLattice2.xml
1.0
-1.999999602036
1.9099998677481
-0.9099996420674
0.205
0.0
0.0
1.0
-0.25
-0.5
0.0
0.0
0.0
0.0
8 ms. Memory: 579072K Free: 466496K (81%)
----------------- Invoking toplevel() on ptolemy.moml.MoMLSimpleApplication@3d772fb
----------------- Done invoking toplevel() on ptolemy.moml.MoMLSimpleApplication@3d772fb
reloadAllAccessors: .VariableLattice2

===========================================================================================
----------------- testing Mon Jun 18 13:41:17 UTC 2018 /home/travis/build/icyphy/ptII/ptolemy/domains/sdf/lib/test/auto/VariableRecursiveLattice.xml
----------------- Instantiating /home/travis/build/icyphy/ptII/ptolemy/domains/sdf/lib/test/auto/VariableRecursiveLattice.xml
10 ms. Memory: 579072K Free: 456676K (79%)
----------------- Invoking toplevel() on ptolemy.moml.MoMLSimpleApplication@5c45649f
----------------- Done invoking toplevel() on ptolemy.moml.MoMLSimpleApplication@5c45649f
reloadAllAccessors: .VariableRecursiveLattice

===========================================================================================
----------------- testing Mon Jun 18 13:41:17 UTC 2018 /home/travis/build/icyphy/ptII/ptolemy/domains/sdf/lib/test/auto/VariableRecursiveLattice2.xml
----------------- Instantiating /home/travis/build/icyphy/ptII/ptolemy/domains/sdf/lib/test/auto/VariableRecursiveLattice2.xml
2 ms. Memory: 579072K Free: 450129K (78%)
----------------- Invoking toplevel() on ptolemy.moml.MoMLSimpleApplication@3a87e636
----------------- Done invoking toplevel() on ptolemy.moml.MoMLSimpleApplication@3a87e636
reloadAllAccessors: .VariableRecursiveLattice2
AutoTests.java: About to close Vertx.
AutoTests.java: Vertx closed.
]]></system-out>
  <system-err><![CDATA[]]></system-err>
</testsuite>
