<?xml version="1.0" encoding="UTF-8" ?>
<testsuite errors="0" failures="0" hostname="travis-job-f71fe8dc-c870-458c-bb43-f23a76255ef3" name="ptolemy.domains.modal.test.junit.JUnitTclTest" skipped="0" tests="148" time="10.179" timestamp="2020-06-04T14:35:16">
  <properties>
[...]
</properties>
  <testcase classname="ptolemy.util.test.junit.TclTests" name="[0] /home/travis/build/icyphy/ptII/ptolemy/domains/modal/test/SystemLevelType.tcl (RunTclFile)" time="1.705" />
  <testcase classname="ptolemy.util.test.junit.AutoKnownFailedTests" name="[0] /home/travis/build/icyphy/ptII/ptolemy/domains/modal/test/auto/knownFailedTests/CannotAnalysisWithPreemption.xml (RunModel)" time="0.309" />
  <testcase classname="ptolemy.util.test.junit.AutoNameArchTests" name="[0] ThereAreNoAutoArchTests (RunModel)" time="0.002" />
  <testcase classname="ptolemy.util.test.junit.AutoTests" name="[0] /home/travis/build/icyphy/ptII/ptolemy/domains/modal/test/auto/ABPTest.xml (RunModel)" time="0.718" />
  <testcase classname="ptolemy.util.test.junit.AutoTests" name="[1] /home/travis/build/icyphy/ptII/ptolemy/domains/modal/test/auto/ABROFlat.xml (RunModel)" time="0.087" />
  <testcase classname="ptolemy.util.test.junit.AutoTests" name="[2] /home/travis/build/icyphy/ptII/ptolemy/domains/modal/test/auto/ABROFlat2.xml (RunModel)" time="0.089" />
  <testcase classname="ptolemy.util.test.junit.AutoTests" name="[3] /home/travis/build/icyphy/ptII/ptolemy/domains/modal/test/auto/ABRO_present_hmm.xml (RunModel)" time="0.137" />
  <testcase classname="ptolemy.util.test.junit.AutoTests" name="[4] /home/travis/build/icyphy/ptII/ptolemy/domains/modal/test/auto/AMICoderExample.xml (RunModel)" time="0.069" />
  <testcase classname="ptolemy.util.test.junit.AutoTests" name="[5] /home/travis/build/icyphy/ptII/ptolemy/domains/modal/test/auto/AbsentToPresent.xml (RunModel)" time="0.022" />
  <testcase classname="ptolemy.util.test.junit.AutoTests" name="[6] /home/travis/build/icyphy/ptII/ptolemy/domains/modal/test/auto/Blending.xml (RunModel)" time="0.252" />
  <testcase classname="ptolemy.util.test.junit.AutoTests" name="[7] /home/travis/build/icyphy/ptII/ptolemy/domains/modal/test/auto/Broadcast.xml (RunModel)" time="0.041" />
  <testcase classname="ptolemy.util.test.junit.AutoTests" name="[8] /home/travis/build/icyphy/ptII/ptolemy/domains/modal/test/auto/BroadcastHierarchy.xml (RunModel)" time="0.061" />
  <testcase classname="ptolemy.util.test.junit.AutoTests" name="[9] /home/travis/build/icyphy/ptII/ptolemy/domains/modal/test/auto/BroadcastHierarchy2.xml (RunModel)" time="0.105" />
  <testcase classname="ptolemy.util.test.junit.AutoTests" name="[10] /home/travis/build/icyphy/ptII/ptolemy/domains/modal/test/auto/BroadcastHierarchy3.xml (RunModel)" time="0.073" />
  <testcase classname="ptolemy.util.test.junit.AutoTests" name="[11] /home/travis/build/icyphy/ptII/ptolemy/domains/modal/test/auto/BroadcastHierarchy4.xml (RunModel)" time="0.07" />
  <testcase classname="ptolemy.util.test.junit.AutoTests" name="[12] /home/travis/build/icyphy/ptII/ptolemy/domains/modal/test/auto/CannotAnalysisWithPreemption2.xml (RunModel)" time="0.024" />
  <testcase classname="ptolemy.util.test.junit.AutoTests" name="[13] /home/travis/build/icyphy/ptII/ptolemy/domains/modal/test/auto/CannotAnalysisWithPreemption3.xml (RunModel)" time="0.042" />
  <testcase classname="ptolemy.util.test.junit.AutoTests" name="[14] /home/travis/build/icyphy/ptII/ptolemy/domains/modal/test/auto/CannotProduce.xml (RunModel)" time="0.023" />
  <testcase classname="ptolemy.util.test.junit.AutoTests" name="[15] /home/travis/build/icyphy/ptII/ptolemy/domains/modal/test/auto/CannotProduceModal.xml (RunModel)" time="0.035" />
  <testcase classname="ptolemy.util.test.junit.AutoTests" name="[16] /home/travis/build/icyphy/ptII/ptolemy/domains/modal/test/auto/Case.xml (RunModel)" time="0.071" />
  <testcase classname="ptolemy.util.test.junit.AutoTests" name="[17] /home/travis/build/icyphy/ptII/ptolemy/domains/modal/test/auto/Case1.xml (RunModel)" time="0.036" />
  <testcase classname="ptolemy.util.test.junit.AutoTests" name="[18] /home/travis/build/icyphy/ptII/ptolemy/domains/modal/test/auto/Case2.xml (RunModel)" time="0.059" />
  <testcase classname="ptolemy.util.test.junit.AutoTests" name="[19] /home/travis/build/icyphy/ptII/ptolemy/domains/modal/test/auto/CausalityInterface1.xml (RunModel)" time="0.033" />
  <testcase classname="ptolemy.util.test.junit.AutoTests" name="[20] /home/travis/build/icyphy/ptII/ptolemy/domains/modal/test/auto/CausalityInterface10.xml (RunModel)" time="0.046" />
  <testcase classname="ptolemy.util.test.junit.AutoTests" name="[21] /home/travis/build/icyphy/ptII/ptolemy/domains/modal/test/auto/CausalityInterface11.xml (RunModel)" time="0.043" />
  <testcase classname="ptolemy.util.test.junit.AutoTests" name="[22] /home/travis/build/icyphy/ptII/ptolemy/domains/modal/test/auto/CausalityInterface12.xml (RunModel)" time="0.044" />
  <testcase classname="ptolemy.util.test.junit.AutoTests" name="[23] /home/travis/build/icyphy/ptII/ptolemy/domains/modal/test/auto/CausalityInterface13.xml (RunModel)" time="0.05" />
  <testcase classname="ptolemy.util.test.junit.AutoTests" name="[24] /home/travis/build/icyphy/ptII/ptolemy/domains/modal/test/auto/CausalityInterface14.xml (RunModel)" time="0.054" />
  <testcase classname="ptolemy.util.test.junit.AutoTests" name="[25] /home/travis/build/icyphy/ptII/ptolemy/domains/modal/test/auto/CausalityInterface2.xml (RunModel)" time="0.023" />
  <testcase classname="ptolemy.util.test.junit.AutoTests" name="[26] /home/travis/build/icyphy/ptII/ptolemy/domains/modal/test/auto/CausalityInterface3.xml (RunModel)" time="0.02" />
  <testcase classname="ptolemy.util.test.junit.AutoTests" name="[27] /home/travis/build/icyphy/ptII/ptolemy/domains/modal/test/auto/CausalityInterface4.xml (RunModel)" time="0.026" />
  <testcase classname="ptolemy.util.test.junit.AutoTests" name="[28] /home/travis/build/icyphy/ptII/ptolemy/domains/modal/test/auto/CausalityInterface5.xml (RunModel)" time="0.042" />
  <testcase classname="ptolemy.util.test.junit.AutoTests" name="[29] /home/travis/build/icyphy/ptII/ptolemy/domains/modal/test/auto/CausalityInterface6.xml (RunModel)" time="0.023" />
  <testcase classname="ptolemy.util.test.junit.AutoTests" name="[30] /home/travis/build/icyphy/ptII/ptolemy/domains/modal/test/auto/CausalityInterface7.xml (RunModel)" time="0.044" />
  <testcase classname="ptolemy.util.test.junit.AutoTests" name="[31] /home/travis/build/icyphy/ptII/ptolemy/domains/modal/test/auto/CausalityInterface8.xml (RunModel)" time="0.028" />
  <testcase classname="ptolemy.util.test.junit.AutoTests" name="[32] /home/travis/build/icyphy/ptII/ptolemy/domains/modal/test/auto/CausalityInterface9.xml (RunModel)" time="0.041" />
  <testcase classname="ptolemy.util.test.junit.AutoTests" name="[33] /home/travis/build/icyphy/ptII/ptolemy/domains/modal/test/auto/ChainedTransitions.xml (RunModel)" time="0.123" />
  <testcase classname="ptolemy.util.test.junit.AutoTests" name="[34] /home/travis/build/icyphy/ptII/ptolemy/domains/modal/test/auto/CycleOfImmediateTransitionsFSM.xml (RunModel)" time="0.019" />
  <testcase classname="ptolemy.util.test.junit.AutoTests" name="[35] /home/travis/build/icyphy/ptII/ptolemy/domains/modal/test/auto/CycleOfImmediateTransitionsModal.xml (RunModel)" time="0.021" />
  <testcase classname="ptolemy.util.test.junit.AutoTests" name="[36] /home/travis/build/icyphy/ptII/ptolemy/domains/modal/test/auto/CycleOfImmediateTransitionsModal2.xml (RunModel)" time="0.027" />
  <testcase classname="ptolemy.util.test.junit.AutoTests" name="[37] /home/travis/build/icyphy/ptII/ptolemy/domains/modal/test/auto/CycleOfImmediateTransitionsModal3.xml (RunModel)" time="0.077" />
  <testcase classname="ptolemy.util.test.junit.AutoTests" name="[38] /home/travis/build/icyphy/ptII/ptolemy/domains/modal/test/auto/DeepModal1.xml (RunModel)" time="0.054" />
  <testcase classname="ptolemy.util.test.junit.AutoTests" name="[39] /home/travis/build/icyphy/ptII/ptolemy/domains/modal/test/auto/DeepModal2.xml (RunModel)" time="0.069" />
  <testcase classname="ptolemy.util.test.junit.AutoTests" name="[40] /home/travis/build/icyphy/ptII/ptolemy/domains/modal/test/auto/DeepModal3.xml (RunModel)" time="0.068" />
  <testcase classname="ptolemy.util.test.junit.AutoTests" name="[41] /home/travis/build/icyphy/ptII/ptolemy/domains/modal/test/auto/DeepModal4.xml (RunModel)" time="0.067" />
  <testcase classname="ptolemy.util.test.junit.AutoTests" name="[42] /home/travis/build/icyphy/ptII/ptolemy/domains/modal/test/auto/Default1.xml (RunModel)" time="0.015" />
  <testcase classname="ptolemy.util.test.junit.AutoTests" name="[43] /home/travis/build/icyphy/ptII/ptolemy/domains/modal/test/auto/Default2.xml (RunModel)" time="0.019" />
  <testcase classname="ptolemy.util.test.junit.AutoTests" name="[44] /home/travis/build/icyphy/ptII/ptolemy/domains/modal/test/auto/Default3.xml (RunModel)" time="0.017" />
  <testcase classname="ptolemy.util.test.junit.AutoTests" name="[45] /home/travis/build/icyphy/ptII/ptolemy/domains/modal/test/auto/Default4.xml (RunModel)" time="0.015" />
  <testcase classname="ptolemy.util.test.junit.AutoTests" name="[46] /home/travis/build/icyphy/ptII/ptolemy/domains/modal/test/auto/Default5.xml (RunModel)" time="0.026" />
  <testcase classname="ptolemy.util.test.junit.AutoTests" name="[47] /home/travis/build/icyphy/ptII/ptolemy/domains/modal/test/auto/EmptyGuard.xml (RunModel)" time="0.029" />
  <testcase classname="ptolemy.util.test.junit.AutoTests" name="[48] /home/travis/build/icyphy/ptII/ptolemy/domains/modal/test/auto/ErrorTransition1.xml (RunModel)" time="0.03" />
  <testcase classname="ptolemy.util.test.junit.AutoTests" name="[49] /home/travis/build/icyphy/ptII/ptolemy/domains/modal/test/auto/ErrorTransition10.xml (RunModel)" time="0.043" />
  <testcase classname="ptolemy.util.test.junit.AutoTests" name="[50] /home/travis/build/icyphy/ptII/ptolemy/domains/modal/test/auto/ErrorTransition11.xml (RunModel)" time="0.058" />
  <testcase classname="ptolemy.util.test.junit.AutoTests" name="[51] /home/travis/build/icyphy/ptII/ptolemy/domains/modal/test/auto/ErrorTransition2.xml (RunModel)" time="0.031" />
  <testcase classname="ptolemy.util.test.junit.AutoTests" name="[52] /home/travis/build/icyphy/ptII/ptolemy/domains/modal/test/auto/ErrorTransition3.xml (RunModel)" time="0.038" />
  <testcase classname="ptolemy.util.test.junit.AutoTests" name="[53] /home/travis/build/icyphy/ptII/ptolemy/domains/modal/test/auto/ErrorTransition4.xml (RunModel)" time="0.043" />
  <testcase classname="ptolemy.util.test.junit.AutoTests" name="[54] /home/travis/build/icyphy/ptII/ptolemy/domains/modal/test/auto/ErrorTransition5.xml (RunModel)" time="0.034" />
  <testcase classname="ptolemy.util.test.junit.AutoTests" name="[55] /home/travis/build/icyphy/ptII/ptolemy/domains/modal/test/auto/ErrorTransition6.xml (RunModel)" time="0.026" />
  <testcase classname="ptolemy.util.test.junit.AutoTests" name="[56] /home/travis/build/icyphy/ptII/ptolemy/domains/modal/test/auto/ErrorTransition7.xml (RunModel)" time="0.036" />
  <testcase classname="ptolemy.util.test.junit.AutoTests" name="[57] /home/travis/build/icyphy/ptII/ptolemy/domains/modal/test/auto/ErrorTransition8.xml (RunModel)" time="0.059" />
  <testcase classname="ptolemy.util.test.junit.AutoTests" name="[58] /home/travis/build/icyphy/ptII/ptolemy/domains/modal/test/auto/ErrorTransition9.xml (RunModel)" time="0.033" />
  <testcase classname="ptolemy.util.test.junit.AutoTests" name="[59] /home/travis/build/icyphy/ptII/ptolemy/domains/modal/test/auto/ExtendedFSM.xml (RunModel)" time="0.022" />
  <testcase classname="ptolemy.util.test.junit.AutoTests" name="[60] /home/travis/build/icyphy/ptII/ptolemy/domains/modal/test/auto/FinalStates.xml (RunModel)" time="0.022" />
  <testcase classname="ptolemy.util.test.junit.AutoTests" name="[61] /home/travis/build/icyphy/ptII/ptolemy/domains/modal/test/auto/FixedPointFSM.xml (RunModel)" time="0.038" />
  <testcase classname="ptolemy.util.test.junit.AutoTests" name="[62] /home/travis/build/icyphy/ptII/ptolemy/domains/modal/test/auto/FixedPointIterationFSMActor.xml (RunModel)" time="0.043" />
  <testcase classname="ptolemy.util.test.junit.AutoTests" name="[63] /home/travis/build/icyphy/ptII/ptolemy/domains/modal/test/auto/FixedPointIterationFSMActor2.xml (RunModel)" time="0.031" />
  <testcase classname="ptolemy.util.test.junit.AutoTests" name="[64] /home/travis/build/icyphy/ptII/ptolemy/domains/modal/test/auto/ForbiddenInstantanousLoop.xml (RunModel)" time="0.031" />
  <testcase classname="ptolemy.util.test.junit.AutoTests" name="[65] /home/travis/build/icyphy/ptII/ptolemy/domains/modal/test/auto/FunctionDependencyOfFSMActorTest.xml (RunModel)" time="0.033" />
  <testcase classname="ptolemy.util.test.junit.AutoTests" name="[66] /home/travis/build/icyphy/ptII/ptolemy/domains/modal/test/auto/GuardExpression.xml (RunModel)" time="0.018" />
  <testcase classname="ptolemy.util.test.junit.AutoTests" name="[67] /home/travis/build/icyphy/ptII/ptolemy/domains/modal/test/auto/GuardNotEvaluated.xml (RunModel)" time="0.03" />
  <testcase classname="ptolemy.util.test.junit.AutoTests" name="[68] /home/travis/build/icyphy/ptII/ptolemy/domains/modal/test/auto/GuardNotEvaluated2.xml (RunModel)" time="0.03" />
  <testcase classname="ptolemy.util.test.junit.AutoTests" name="[69] /home/travis/build/icyphy/ptII/ptolemy/domains/modal/test/auto/GuardOnAbsent.xml (RunModel)" time="0.023" />
  <testcase classname="ptolemy.util.test.junit.AutoTests" name="[70] /home/travis/build/icyphy/ptII/ptolemy/domains/modal/test/auto/HierarchicalFSMTypeInference.xml (RunModel)" time="0.024" />
  <testcase classname="ptolemy.util.test.junit.AutoTests" name="[71] /home/travis/build/icyphy/ptII/ptolemy/domains/modal/test/auto/Hysteresis.xml (RunModel)" time="0.04" />
  <testcase classname="ptolemy.util.test.junit.AutoTests" name="[72] /home/travis/build/icyphy/ptII/ptolemy/domains/modal/test/auto/HysteresisWithDefault.xml (RunModel)" time="0.066" />
  <testcase classname="ptolemy.util.test.junit.AutoTests" name="[73] /home/travis/build/icyphy/ptII/ptolemy/domains/modal/test/auto/HysteresisWithDefault2.xml (RunModel)" time="0.081" />
  <testcase classname="ptolemy.util.test.junit.AutoTests" name="[74] /home/travis/build/icyphy/ptII/ptolemy/domains/modal/test/auto/ImmediateNonConstructiveness.xml (RunModel)" time="0.024" />
  <testcase classname="ptolemy.util.test.junit.AutoTests" name="[75] /home/travis/build/icyphy/ptII/ptolemy/domains/modal/test/auto/ImmediateNonConstructiveness2.xml (RunModel)" time="0.019" />
  <testcase classname="ptolemy.util.test.junit.AutoTests" name="[76] /home/travis/build/icyphy/ptII/ptolemy/domains/modal/test/auto/ImmediateTransitionReset.xml (RunModel)" time="0.036" />
  <testcase classname="ptolemy.util.test.junit.AutoTests" name="[77] /home/travis/build/icyphy/ptII/ptolemy/domains/modal/test/auto/ImmediateTransitions1.xml (RunModel)" time="0.012" />
  <testcase classname="ptolemy.util.test.junit.AutoTests" name="[78] /home/travis/build/icyphy/ptII/ptolemy/domains/modal/test/auto/ImmediateTransitionsInstantaneousCommunication.xml (RunModel)" time="0.028" />
  <testcase classname="ptolemy.util.test.junit.AutoTests" name="[79] /home/travis/build/icyphy/ptII/ptolemy/domains/modal/test/auto/InitialImmediateTransition.xml (RunModel)" time="0.021" />
  <testcase classname="ptolemy.util.test.junit.AutoTests" name="[80] /home/travis/build/icyphy/ptII/ptolemy/domains/modal/test/auto/InitialOutputs.xml (RunModel)" time="0.015" />
  <testcase classname="ptolemy.util.test.junit.AutoTests" name="[81] /home/travis/build/icyphy/ptII/ptolemy/domains/modal/test/auto/InitialStateTransition1.xml (RunModel)" time="0.017" />
  <testcase classname="ptolemy.util.test.junit.AutoTests" name="[82] /home/travis/build/icyphy/ptII/ptolemy/domains/modal/test/auto/InitialStateTransition2.xml (RunModel)" time="0.019" />
  <testcase classname="ptolemy.util.test.junit.AutoTests" name="[83] /home/travis/build/icyphy/ptII/ptolemy/domains/modal/test/auto/InitialStateTransition3.xml (RunModel)" time="0.019" />
  <testcase classname="ptolemy.util.test.junit.AutoTests" name="[84] /home/travis/build/icyphy/ptII/ptolemy/domains/modal/test/auto/InitialStateTransition4.xml (RunModel)" time="0.023" />
  <testcase classname="ptolemy.util.test.junit.AutoTests" name="[85] /home/travis/build/icyphy/ptII/ptolemy/domains/modal/test/auto/MalformedGuardExpressionNotCaught.xml (RunModel)" time="0.021" />
  <testcase classname="ptolemy.util.test.junit.AutoTests" name="[86] /home/travis/build/icyphy/ptII/ptolemy/domains/modal/test/auto/ModalBSC.xml (RunModel)" time="0.081" />
  <testcase classname="ptolemy.util.test.junit.AutoTests" name="[87] /home/travis/build/icyphy/ptII/ptolemy/domains/modal/test/auto/ModalClocks.xml (RunModel)" time="0.088" />
  <testcase classname="ptolemy.util.test.junit.AutoTests" name="[88] /home/travis/build/icyphy/ptII/ptolemy/domains/modal/test/auto/ModalDelay.xml (RunModel)" time="0.042" />
  <testcase classname="ptolemy.util.test.junit.AutoTests" name="[89] /home/travis/build/icyphy/ptII/ptolemy/domains/modal/test/auto/ModalDelay2.xml (RunModel)" time="0.044" />
  <testcase classname="ptolemy.util.test.junit.AutoTests" name="[90] /home/travis/build/icyphy/ptII/ptolemy/domains/modal/test/auto/ModalModelFromMemo.xml (RunModel)" time="0.049" />
  <testcase classname="ptolemy.util.test.junit.AutoTests" name="[91] /home/travis/build/icyphy/ptII/ptolemy/domains/modal/test/auto/ModalModelWithMultirateTransient.xml (RunModel)" time="0.045" />
  <testcase classname="ptolemy.util.test.junit.AutoTests" name="[92] /home/travis/build/icyphy/ptII/ptolemy/domains/modal/test/auto/ModalModelWithReset.xml (RunModel)" time="0.044" />
  <testcase classname="ptolemy.util.test.junit.AutoTests" name="[93] /home/travis/build/icyphy/ptII/ptolemy/domains/modal/test/auto/MouseClickFSM.xml (RunModel)" time="0.041" />
  <testcase classname="ptolemy.util.test.junit.AutoTests" name="[94] /home/travis/build/icyphy/ptII/ptolemy/domains/modal/test/auto/MouseClickFSMModal.xml (RunModel)" time="0.03" />
  <testcase classname="ptolemy.util.test.junit.AutoTests" name="[95] /home/travis/build/icyphy/ptII/ptolemy/domains/modal/test/auto/NonStrictFSM_FeedbackLoop.xml (RunModel)" time="0.036" />
  <testcase classname="ptolemy.util.test.junit.AutoTests" name="[96] /home/travis/build/icyphy/ptII/ptolemy/domains/modal/test/auto/NonStrictFSM_FeedbackLoop_Refinement.xml (RunModel)" time="0.095" />
  <testcase classname="ptolemy.util.test.junit.AutoTests" name="[97] /home/travis/build/icyphy/ptII/ptolemy/domains/modal/test/auto/NonStrictFSM_FeedbackLoop_preemptive.xml (RunModel)" time="0.05" />
  <testcase classname="ptolemy.util.test.junit.AutoTests" name="[98] /home/travis/build/icyphy/ptII/ptolemy/domains/modal/test/auto/NormalTermination.xml (RunModel)" time="0.053" />
  <testcase classname="ptolemy.util.test.junit.AutoTests" name="[99] /home/travis/build/icyphy/ptII/ptolemy/domains/modal/test/auto/Pong.xml (RunModel)" time="0.093" />
  <testcase classname="ptolemy.util.test.junit.AutoTests" name="[100] /home/travis/build/icyphy/ptII/ptolemy/domains/modal/test/auto/Pong_test.xml (RunModel)" time="0.113" />
  <testcase classname="ptolemy.util.test.junit.AutoTests" name="[101] /home/travis/build/icyphy/ptII/ptolemy/domains/modal/test/auto/PreemptionHierarchy.xml (RunModel)" time="0.029" />
  <testcase classname="ptolemy.util.test.junit.AutoTests" name="[102] /home/travis/build/icyphy/ptII/ptolemy/domains/modal/test/auto/PreemptionHierarchy2.xml (RunModel)" time="0.077" />
  <testcase classname="ptolemy.util.test.junit.AutoTests" name="[103] /home/travis/build/icyphy/ptII/ptolemy/domains/modal/test/auto/PreemptiveTransition.xml (RunModel)" time="0.056" />
  <testcase classname="ptolemy.util.test.junit.AutoTests" name="[104] /home/travis/build/icyphy/ptII/ptolemy/domains/modal/test/auto/Priorities.xml (RunModel)" time="0.087" />
  <testcase classname="ptolemy.util.test.junit.AutoTests" name="[105] /home/travis/build/icyphy/ptII/ptolemy/domains/modal/test/auto/ResetFinal.xml (RunModel)" time="0.039" />
  <testcase classname="ptolemy.util.test.junit.AutoTests" name="[106] /home/travis/build/icyphy/ptII/ptolemy/domains/modal/test/auto/ResetFinal2.xml (RunModel)" time="0.057" />
  <testcase classname="ptolemy.util.test.junit.AutoTests" name="[107] /home/travis/build/icyphy/ptII/ptolemy/domains/modal/test/auto/ResetTransitionWithStartTime.xml (RunModel)" time="0.027" />
  <testcase classname="ptolemy.util.test.junit.AutoTests" name="[108] /home/travis/build/icyphy/ptII/ptolemy/domains/modal/test/auto/SDF-FSMComposite.xml (RunModel)" time="0.021" />
  <testcase classname="ptolemy.util.test.junit.AutoTests" name="[109] /home/travis/build/icyphy/ptII/ptolemy/domains/modal/test/auto/SeeminglyNondeterminate.xml (RunModel)" time="0.074" />
  <testcase classname="ptolemy.util.test.junit.AutoTests" name="[110] /home/travis/build/icyphy/ptII/ptolemy/domains/modal/test/auto/SeeminglyNondeterminate2.xml (RunModel)" time="0.065" />
  <testcase classname="ptolemy.util.test.junit.AutoTests" name="[111] /home/travis/build/icyphy/ptII/ptolemy/domains/modal/test/auto/SpontaneousFSM.xml (RunModel)" time="0.039" />
  <testcase classname="ptolemy.util.test.junit.AutoTests" name="[112] /home/travis/build/icyphy/ptII/ptolemy/domains/modal/test/auto/SpontaneousFSM2.xml (RunModel)" time="0.032" />
  <testcase classname="ptolemy.util.test.junit.AutoTests" name="[113] /home/travis/build/icyphy/ptII/ptolemy/domains/modal/test/auto/SpontaneousFSM3.xml (RunModel)" time="0.045" />
  <testcase classname="ptolemy.util.test.junit.AutoTests" name="[114] /home/travis/build/icyphy/ptII/ptolemy/domains/modal/test/auto/SpontaneousFSM4.xml (RunModel)" time="0.042" />
  <testcase classname="ptolemy.util.test.junit.AutoTests" name="[115] /home/travis/build/icyphy/ptII/ptolemy/domains/modal/test/auto/StateTrackerTest.xml (RunModel)" time="0.051" />
  <testcase classname="ptolemy.util.test.junit.AutoTests" name="[116] /home/travis/build/icyphy/ptII/ptolemy/domains/modal/test/auto/StrongImmediateTransition.xml (RunModel)" time="0.028" />
  <testcase classname="ptolemy.util.test.junit.AutoTests" name="[117] /home/travis/build/icyphy/ptII/ptolemy/domains/modal/test/auto/SustainHierarchy.xml (RunModel)" time="0.05" />
  <testcase classname="ptolemy.util.test.junit.AutoTests" name="[118] /home/travis/build/icyphy/ptII/ptolemy/domains/modal/test/auto/TerminationTransition1.xml (RunModel)" time="0.017" />
  <testcase classname="ptolemy.util.test.junit.AutoTests" name="[119] /home/travis/build/icyphy/ptII/ptolemy/domains/modal/test/auto/TerminationTransition2.xml (RunModel)" time="0.023" />
  <testcase classname="ptolemy.util.test.junit.AutoTests" name="[120] /home/travis/build/icyphy/ptII/ptolemy/domains/modal/test/auto/TerminationTransition3.xml (RunModel)" time="0.02" />
  <testcase classname="ptolemy.util.test.junit.AutoTests" name="[121] /home/travis/build/icyphy/ptII/ptolemy/domains/modal/test/auto/TerminationTransition4.xml (RunModel)" time="0.03" />
  <testcase classname="ptolemy.util.test.junit.AutoTests" name="[122] /home/travis/build/icyphy/ptII/ptolemy/domains/modal/test/auto/TerminationTransition5.xml (RunModel)" time="0.028" />
  <testcase classname="ptolemy.util.test.junit.AutoTests" name="[123] /home/travis/build/icyphy/ptII/ptolemy/domains/modal/test/auto/TerminationTransition6.xml (RunModel)" time="0.021" />
  <testcase classname="ptolemy.util.test.junit.AutoTests" name="[124] /home/travis/build/icyphy/ptII/ptolemy/domains/modal/test/auto/TerminationTransition7.xml (RunModel)" time="0.018" />
  <testcase classname="ptolemy.util.test.junit.AutoTests" name="[125] /home/travis/build/icyphy/ptII/ptolemy/domains/modal/test/auto/TerminationTransition8.xml (RunModel)" time="0.023" />
  <testcase classname="ptolemy.util.test.junit.AutoTests" name="[126] /home/travis/build/icyphy/ptII/ptolemy/domains/modal/test/auto/Thermostat_NoHysteresis.xml (RunModel)" time="0.057" />
  <testcase classname="ptolemy.util.test.junit.AutoTests" name="[127] /home/travis/build/icyphy/ptII/ptolemy/domains/modal/test/auto/TimedFSM.xml (RunModel)" time="0.034" />
  <testcase classname="ptolemy.util.test.junit.AutoTests" name="[128] /home/travis/build/icyphy/ptII/ptolemy/domains/modal/test/auto/Timeout1.xml (RunModel)" time="0.014" />
  <testcase classname="ptolemy.util.test.junit.AutoTests" name="[129] /home/travis/build/icyphy/ptII/ptolemy/domains/modal/test/auto/Timeout2.xml (RunModel)" time="0.022" />
  <testcase classname="ptolemy.util.test.junit.AutoTests" name="[130] /home/travis/build/icyphy/ptII/ptolemy/domains/modal/test/auto/Timeout3.xml (RunModel)" time="0.012" />
  <testcase classname="ptolemy.util.test.junit.AutoTests" name="[131] /home/travis/build/icyphy/ptII/ptolemy/domains/modal/test/auto/Timeout4.xml (RunModel)" time="0.012" />
  <testcase classname="ptolemy.util.test.junit.AutoTests" name="[132] /home/travis/build/icyphy/ptII/ptolemy/domains/modal/test/auto/TransientstateModelAdvanced.xml (RunModel)" time="0.029" />
  <testcase classname="ptolemy.util.test.junit.AutoTests" name="[133] /home/travis/build/icyphy/ptII/ptolemy/domains/modal/test/auto/TransientstateModelAdvanced2.xml (RunModel)" time="0.032" />
  <testcase classname="ptolemy.util.test.junit.AutoTests" name="[134] /home/travis/build/icyphy/ptII/ptolemy/domains/modal/test/auto/TransitionRefinements.xml (RunModel)" time="0.043" />
  <testcase classname="ptolemy.util.test.junit.AutoTests" name="[135] /home/travis/build/icyphy/ptII/ptolemy/domains/modal/test/auto/TwoRefinements1.xml (RunModel)" time="0.026" />
  <testcase classname="ptolemy.util.test.junit.AutoTests" name="[136] /home/travis/build/icyphy/ptII/ptolemy/domains/modal/test/auto/TwoRefinements2.xml (RunModel)" time="0.026" />
  <testcase classname="ptolemy.util.test.junit.AutoTests" name="[137] /home/travis/build/icyphy/ptII/ptolemy/domains/modal/test/auto/WeakImmediateTransition.xml (RunModel)" time="0.026" />
  <testcase classname="ptolemy.util.test.junit.AutoTests" name="[138] /home/travis/build/icyphy/ptII/ptolemy/domains/modal/test/auto/booleanSelect.xml (RunModel)" time="0.075" />
  <testcase classname="ptolemy.util.test.junit.AutoTests" name="[139] /home/travis/build/icyphy/ptII/ptolemy/domains/modal/test/auto/modalChangingParams.xml (RunModel)" time="0.325" />
  <testcase classname="ptolemy.util.test.junit.AutoTests" name="[140] /home/travis/build/icyphy/ptII/ptolemy/domains/modal/test/auto/modalModel.xml (RunModel)" time="0.033" />
  <testcase classname="ptolemy.util.test.junit.AutoTests" name="[141] /home/travis/build/icyphy/ptII/ptolemy/domains/modal/test/auto/modalModel2.xml (RunModel)" time="0.038" />
  <testcase classname="ptolemy.util.test.junit.AutoTests" name="[142] /home/travis/build/icyphy/ptII/ptolemy/domains/modal/test/auto/modalModel3.xml (RunModel)" time="0.042" />
  <testcase classname="ptolemy.util.test.junit.AutoTests" name="[143] /home/travis/build/icyphy/ptII/ptolemy/domains/modal/test/auto/model1.xml (RunModel)" time="0.021" />
  <testcase classname="ptolemy.util.test.junit.AutoTests" name="[144] /home/travis/build/icyphy/ptII/ptolemy/domains/modal/test/auto/test-direct-in-out.xml (RunModel)" time="0.025" />
  <system-out><![CDATA[/home/travis/build/icyphy/ptII/ptolemy/domains/modal/test/SystemLevelType.tcl
testDefs.tcl: setting time out to 9000 seconds at Thu Jun 04 14:35:16 UTC 2020
06/04/20 02:35:18
Failed: 0  Total Tests: 1  ((Passed: 1, Newly Passed: 0)  Known Failed: 0) /home/travis/build/icyphy/ptII/ptolemy/domains/modal/test
----------------- testing (KnownFailure) /home/travis/build/icyphy/ptII/ptolemy/domains/modal/test/auto/knownFailedTests/CannotAnalysisWithPreemption.xml
153 ms. Memory: 167936K Free: 127787K (76%)
Known Failure: java.lang.reflect.InvocationTargetException
No auto/linux-amd64/*.xml tests in /home/travis/build/icyphy/ptII/ptolemy/domains/modal/test
AutoTests.java: About to close Vertx.
AutoTests.java: Vertx closed.

===========================================================================================
----------------- testing Thu Jun 04 14:35:19 UTC 2020 /home/travis/build/icyphy/ptII/ptolemy/domains/modal/test/auto/ABPTest.xml
----------------- Instantiating /home/travis/build/icyphy/ptII/ptolemy/domains/modal/test/auto/ABPTest.xml
375 ms. Memory: 167936K Free: 122753K (73%)
----------------- Invoking toplevel() on ptolemy.moml.MoMLSimpleApplication@118944b1
----------------- Done invoking toplevel() on ptolemy.moml.MoMLSimpleApplication@118944b1
reloadAllAccessors: .ABPTest

===========================================================================================
----------------- testing Thu Jun 04 14:35:19 UTC 2020 /home/travis/build/icyphy/ptII/ptolemy/domains/modal/test/auto/ABROFlat.xml
----------------- Instantiating /home/travis/build/icyphy/ptII/ptolemy/domains/modal/test/auto/ABROFlat.xml
24 ms. Memory: 167936K Free: 106731K (64%)
----------------- Invoking toplevel() on ptolemy.moml.MoMLSimpleApplication@26d57de2
----------------- Done invoking toplevel() on ptolemy.moml.MoMLSimpleApplication@26d57de2
reloadAllAccessors: .ABROFlat

===========================================================================================
----------------- testing Thu Jun 04 14:35:19 UTC 2020 /home/travis/build/icyphy/ptII/ptolemy/domains/modal/test/auto/ABROFlat2.xml
----------------- Instantiating /home/travis/build/icyphy/ptII/ptolemy/domains/modal/test/auto/ABROFlat2.xml
16 ms. Memory: 167936K Free: 89837K (53%)
----------------- Invoking toplevel() on ptolemy.moml.MoMLSimpleApplication@5595d772
----------------- Done invoking toplevel() on ptolemy.moml.MoMLSimpleApplication@5595d772
reloadAllAccessors: .ABROFlat2

===========================================================================================
----------------- testing Thu Jun 04 14:35:19 UTC 2020 /home/travis/build/icyphy/ptII/ptolemy/domains/modal/test/auto/ABRO_present_hmm.xml
----------------- Instantiating /home/travis/build/icyphy/ptII/ptolemy/domains/modal/test/auto/ABRO_present_hmm.xml
34 ms. Memory: 167936K Free: 63213K (38%)
----------------- Invoking toplevel() on ptolemy.moml.MoMLSimpleApplication@569a655a
----------------- Done invoking toplevel() on ptolemy.moml.MoMLSimpleApplication@569a655a
reloadAllAccessors: .ABRO_present_hmm

===========================================================================================
----------------- testing Thu Jun 04 14:35:20 UTC 2020 /home/travis/build/icyphy/ptII/ptolemy/domains/modal/test/auto/AMICoderExample.xml
----------------- Instantiating /home/travis/build/icyphy/ptII/ptolemy/domains/modal/test/auto/AMICoderExample.xml
25 ms. Memory: 167936K Free: 139916K (83%)
----------------- Invoking toplevel() on ptolemy.moml.MoMLSimpleApplication@3c160d25
----------------- Done invoking toplevel() on ptolemy.moml.MoMLSimpleApplication@3c160d25
reloadAllAccessors: .AMICoderExample

===========================================================================================
----------------- testing Thu Jun 04 14:35:20 UTC 2020 /home/travis/build/icyphy/ptII/ptolemy/domains/modal/test/auto/AbsentToPresent.xml
----------------- Instantiating /home/travis/build/icyphy/ptII/ptolemy/domains/modal/test/auto/AbsentToPresent.xml
3 ms. Memory: 167936K Free: 135291K (81%)
----------------- Invoking toplevel() on ptolemy.moml.MoMLSimpleApplication@16aa07d1
----------------- Done invoking toplevel() on ptolemy.moml.MoMLSimpleApplication@16aa07d1
reloadAllAccessors: .AbsentToPresent

===========================================================================================
----------------- testing Thu Jun 04 14:35:20 UTC 2020 /home/travis/build/icyphy/ptII/ptolemy/domains/modal/test/auto/Blending.xml
----------------- Instantiating /home/travis/build/icyphy/ptII/ptolemy/domains/modal/test/auto/Blending.xml
134 ms. Memory: 167936K Free: 90764K (54%)
----------------- Invoking toplevel() on ptolemy.moml.MoMLSimpleApplication@92d5ac6
----------------- Done invoking toplevel() on ptolemy.moml.MoMLSimpleApplication@92d5ac6
reloadAllAccessors: .Blending

===========================================================================================
----------------- testing Thu Jun 04 14:35:20 UTC 2020 /home/travis/build/icyphy/ptII/ptolemy/domains/modal/test/auto/Broadcast.xml
----------------- Instantiating /home/travis/build/icyphy/ptII/ptolemy/domains/modal/test/auto/Broadcast.xml
8 ms. Memory: 167936K Free: 80524K (48%)
----------------- Invoking toplevel() on ptolemy.moml.MoMLSimpleApplication@4dbe19f3
----------------- Done invoking toplevel() on ptolemy.moml.MoMLSimpleApplication@4dbe19f3
reloadAllAccessors: .Broadcast

===========================================================================================
----------------- testing Thu Jun 04 14:35:20 UTC 2020 /home/travis/build/icyphy/ptII/ptolemy/domains/modal/test/auto/BroadcastHierarchy.xml
----------------- Instantiating /home/travis/build/icyphy/ptII/ptolemy/domains/modal/test/auto/BroadcastHierarchy.xml
8 ms. Memory: 167936K Free: 66683K (40%)
----------------- Invoking toplevel() on ptolemy.moml.MoMLSimpleApplication@1a111c86
----------------- Done invoking toplevel() on ptolemy.moml.MoMLSimpleApplication@1a111c86
reloadAllAccessors: .BroadcastHierarchy

===========================================================================================
----------------- testing Thu Jun 04 14:35:20 UTC 2020 /home/travis/build/icyphy/ptII/ptolemy/domains/modal/test/auto/BroadcastHierarchy2.xml
----------------- Instantiating /home/travis/build/icyphy/ptII/ptolemy/domains/modal/test/auto/BroadcastHierarchy2.xml
15 ms. Memory: 201728K Free: 167052K (83%)
----------------- Invoking toplevel() on ptolemy.moml.MoMLSimpleApplication@40c37a57
----------------- Done invoking toplevel() on ptolemy.moml.MoMLSimpleApplication@40c37a57
reloadAllAccessors: .BroadcastHierarchy2

===========================================================================================
----------------- testing Thu Jun 04 14:35:20 UTC 2020 /home/travis/build/icyphy/ptII/ptolemy/domains/modal/test/auto/BroadcastHierarchy3.xml
----------------- Instantiating /home/travis/build/icyphy/ptII/ptolemy/domains/modal/test/auto/BroadcastHierarchy3.xml
15 ms. Memory: 201728K Free: 146572K (73%)
----------------- Invoking toplevel() on ptolemy.moml.MoMLSimpleApplication@25578c1d
----------------- Done invoking toplevel() on ptolemy.moml.MoMLSimpleApplication@25578c1d
reloadAllAccessors: .BroadcastHierarchy3

===========================================================================================
----------------- testing Thu Jun 04 14:35:20 UTC 2020 /home/travis/build/icyphy/ptII/ptolemy/domains/modal/test/auto/BroadcastHierarchy4.xml
----------------- Instantiating /home/travis/build/icyphy/ptII/ptolemy/domains/modal/test/auto/BroadcastHierarchy4.xml
13 ms. Memory: 201728K Free: 122506K (61%)
----------------- Invoking toplevel() on ptolemy.moml.MoMLSimpleApplication@28353c9
----------------- Done invoking toplevel() on ptolemy.moml.MoMLSimpleApplication@28353c9
reloadAllAccessors: .BroadcastHierarchy4

===========================================================================================
----------------- testing Thu Jun 04 14:35:20 UTC 2020 /home/travis/build/icyphy/ptII/ptolemy/domains/modal/test/auto/CannotAnalysisWithPreemption2.xml
----------------- Instantiating /home/travis/build/icyphy/ptII/ptolemy/domains/modal/test/auto/CannotAnalysisWithPreemption2.xml
3 ms. Memory: 201728K Free: 115323K (57%)
----------------- Invoking toplevel() on ptolemy.moml.MoMLSimpleApplication@3d36afcc
----------------- Done invoking toplevel() on ptolemy.moml.MoMLSimpleApplication@3d36afcc
reloadAllAccessors: .CannotAnalysisWithPreemption2

===========================================================================================
----------------- testing Thu Jun 04 14:35:20 UTC 2020 /home/travis/build/icyphy/ptII/ptolemy/domains/modal/test/auto/CannotAnalysisWithPreemption3.xml
----------------- Instantiating /home/travis/build/icyphy/ptII/ptolemy/domains/modal/test/auto/CannotAnalysisWithPreemption3.xml
6 ms. Memory: 201728K Free: 105067K (52%)
----------------- Invoking toplevel() on ptolemy.moml.MoMLSimpleApplication@4bf9ab35
----------------- Done invoking toplevel() on ptolemy.moml.MoMLSimpleApplication@4bf9ab35
reloadAllAccessors: .CannotAnalysisWithPreemption3

===========================================================================================
----------------- testing Thu Jun 04 14:35:20 UTC 2020 /home/travis/build/icyphy/ptII/ptolemy/domains/modal/test/auto/CannotProduce.xml
----------------- Instantiating /home/travis/build/icyphy/ptII/ptolemy/domains/modal/test/auto/CannotProduce.xml
8 ms. Memory: 201728K Free: 98444K (49%)
----------------- Invoking toplevel() on ptolemy.moml.MoMLSimpleApplication@14e51cc9
----------------- Done invoking toplevel() on ptolemy.moml.MoMLSimpleApplication@14e51cc9
reloadAllAccessors: .CannotProduce

===========================================================================================
----------------- testing Thu Jun 04 14:35:20 UTC 2020 /home/travis/build/icyphy/ptII/ptolemy/domains/modal/test/auto/CannotProduceModal.xml
----------------- Instantiating /home/travis/build/icyphy/ptII/ptolemy/domains/modal/test/auto/CannotProduceModal.xml
12 ms. Memory: 201728K Free: 92300K (46%)
----------------- Invoking toplevel() on ptolemy.moml.MoMLSimpleApplication@4ec10033
----------------- Done invoking toplevel() on ptolemy.moml.MoMLSimpleApplication@4ec10033
reloadAllAccessors: .CannotProduceModal

===========================================================================================
----------------- testing Thu Jun 04 14:35:20 UTC 2020 /home/travis/build/icyphy/ptII/ptolemy/domains/modal/test/auto/Case.xml
----------------- Instantiating /home/travis/build/icyphy/ptII/ptolemy/domains/modal/test/auto/Case.xml
32 ms. Memory: 201728K Free: 81036K (40%)
----------------- Invoking toplevel() on ptolemy.moml.MoMLSimpleApplication@76e31d02
----------------- Done invoking toplevel() on ptolemy.moml.MoMLSimpleApplication@76e31d02
reloadAllAccessors: .Case

===========================================================================================
----------------- testing Thu Jun 04 14:35:20 UTC 2020 /home/travis/build/icyphy/ptII/ptolemy/domains/modal/test/auto/Case1.xml
----------------- Instantiating /home/travis/build/icyphy/ptII/ptolemy/domains/modal/test/auto/Case1.xml
12 ms. Memory: 201728K Free: 73868K (37%)
----------------- Invoking toplevel() on ptolemy.moml.MoMLSimpleApplication@26baafe
----------------- Done invoking toplevel() on ptolemy.moml.MoMLSimpleApplication@26baafe
reloadAllAccessors: .Case1

===========================================================================================
----------------- testing Thu Jun 04 14:35:20 UTC 2020 /home/travis/build/icyphy/ptII/ptolemy/domains/modal/test/auto/Case2.xml
----------------- Instantiating /home/travis/build/icyphy/ptII/ptolemy/domains/modal/test/auto/Case2.xml
22 ms. Memory: 201728K Free: 177765K (88%)
----------------- Invoking toplevel() on ptolemy.moml.MoMLSimpleApplication@6df72323
----------------- Done invoking toplevel() on ptolemy.moml.MoMLSimpleApplication@6df72323
reloadAllAccessors: .Case2

===========================================================================================
----------------- testing Thu Jun 04 14:35:21 UTC 2020 /home/travis/build/icyphy/ptII/ptolemy/domains/modal/test/auto/CausalityInterface1.xml
----------------- Instantiating /home/travis/build/icyphy/ptII/ptolemy/domains/modal/test/auto/CausalityInterface1.xml
4 ms. Memory: 201728K Free: 172682K (86%)
----------------- Invoking toplevel() on ptolemy.moml.MoMLSimpleApplication@774db7e
----------------- Done invoking toplevel() on ptolemy.moml.MoMLSimpleApplication@774db7e
reloadAllAccessors: .CausalityInterface1

===========================================================================================
----------------- testing Thu Jun 04 14:35:21 UTC 2020 /home/travis/build/icyphy/ptII/ptolemy/domains/modal/test/auto/CausalityInterface10.xml
----------------- Instantiating /home/travis/build/icyphy/ptII/ptolemy/domains/modal/test/auto/CausalityInterface10.xml
15 ms. Memory: 201728K Free: 159355K (79%)
----------------- Invoking toplevel() on ptolemy.moml.MoMLSimpleApplication@7af03ed0
----------------- Done invoking toplevel() on ptolemy.moml.MoMLSimpleApplication@7af03ed0
reloadAllAccessors: .CausalityInterface10

===========================================================================================
----------------- testing Thu Jun 04 14:35:21 UTC 2020 /home/travis/build/icyphy/ptII/ptolemy/domains/modal/test/auto/CausalityInterface11.xml
----------------- Instantiating /home/travis/build/icyphy/ptII/ptolemy/domains/modal/test/auto/CausalityInterface11.xml
6 ms. Memory: 201728K Free: 146027K (72%)
----------------- Invoking toplevel() on ptolemy.moml.MoMLSimpleApplication@5c8cbacf
----------------- Done invoking toplevel() on ptolemy.moml.MoMLSimpleApplication@5c8cbacf
reloadAllAccessors: .CausalityInterface11

===========================================================================================
----------------- testing Thu Jun 04 14:35:21 UTC 2020 /home/travis/build/icyphy/ptII/ptolemy/domains/modal/test/auto/CausalityInterface12.xml
----------------- Instantiating /home/travis/build/icyphy/ptII/ptolemy/domains/modal/test/auto/CausalityInterface12.xml
7 ms. Memory: 201728K Free: 132715K (66%)
----------------- Invoking toplevel() on ptolemy.moml.MoMLSimpleApplication@2f416e6f
----------------- Done invoking toplevel() on ptolemy.moml.MoMLSimpleApplication@2f416e6f
reloadAllAccessors: .CausalityInterface12

===========================================================================================
----------------- testing Thu Jun 04 14:35:21 UTC 2020 /home/travis/build/icyphy/ptII/ptolemy/domains/modal/test/auto/CausalityInterface13.xml
----------------- Instantiating /home/travis/build/icyphy/ptII/ptolemy/domains/modal/test/auto/CausalityInterface13.xml
10 ms. Memory: 201728K Free: 118924K (59%)
----------------- Invoking toplevel() on ptolemy.moml.MoMLSimpleApplication@2029e84
----------------- Done invoking toplevel() on ptolemy.moml.MoMLSimpleApplication@2029e84
reloadAllAccessors: .CausalityInterface13

===========================================================================================
----------------- testing Thu Jun 04 14:35:21 UTC 2020 /home/travis/build/icyphy/ptII/ptolemy/domains/modal/test/auto/CausalityInterface14.xml
----------------- Instantiating /home/travis/build/icyphy/ptII/ptolemy/domains/modal/test/auto/CausalityInterface14.xml
6 ms. Memory: 201728K Free: 105067K (52%)
----------------- Invoking toplevel() on ptolemy.moml.MoMLSimpleApplication@1ebbdecd
----------------- Done invoking toplevel() on ptolemy.moml.MoMLSimpleApplication@1ebbdecd
reloadAllAccessors: .CausalityInterface14

===========================================================================================
----------------- testing Thu Jun 04 14:35:21 UTC 2020 /home/travis/build/icyphy/ptII/ptolemy/domains/modal/test/auto/CausalityInterface2.xml
----------------- Instantiating /home/travis/build/icyphy/ptII/ptolemy/domains/modal/test/auto/CausalityInterface2.xml
4 ms. Memory: 201728K Free: 98444K (49%)
----------------- Invoking toplevel() on ptolemy.moml.MoMLSimpleApplication@38bec85
----------------- Done invoking toplevel() on ptolemy.moml.MoMLSimpleApplication@38bec85
reloadAllAccessors: .CausalityInterface2

===========================================================================================
----------------- testing Thu Jun 04 14:35:21 UTC 2020 /home/travis/build/icyphy/ptII/ptolemy/domains/modal/test/auto/CausalityInterface3.xml
----------------- Instantiating /home/travis/build/icyphy/ptII/ptolemy/domains/modal/test/auto/CausalityInterface3.xml
3 ms. Memory: 201728K Free: 91779K (45%)
----------------- Invoking toplevel() on ptolemy.moml.MoMLSimpleApplication@5d185887
----------------- Done invoking toplevel() on ptolemy.moml.MoMLSimpleApplication@5d185887
reloadAllAccessors: .CausalityInterface3

===========================================================================================
----------------- testing Thu Jun 04 14:35:21 UTC 2020 /home/travis/build/icyphy/ptII/ptolemy/domains/modal/test/auto/CausalityInterface4.xml
----------------- Instantiating /home/travis/build/icyphy/ptII/ptolemy/domains/modal/test/auto/CausalityInterface4.xml
3 ms. Memory: 201728K Free: 85642K (42%)
----------------- Invoking toplevel() on ptolemy.moml.MoMLSimpleApplication@54c2bb0a
----------------- Done invoking toplevel() on ptolemy.moml.MoMLSimpleApplication@54c2bb0a
reloadAllAccessors: .CausalityInterface4

===========================================================================================
----------------- testing Thu Jun 04 14:35:21 UTC 2020 /home/travis/build/icyphy/ptII/ptolemy/domains/modal/test/auto/CausalityInterface5.xml
----------------- Instantiating /home/travis/build/icyphy/ptII/ptolemy/domains/modal/test/auto/CausalityInterface5.xml
5 ms. Memory: 201728K Free: 77435K (38%)
----------------- Invoking toplevel() on ptolemy.moml.MoMLSimpleApplication@483e61d2
----------------- Done invoking toplevel() on ptolemy.moml.MoMLSimpleApplication@483e61d2
reloadAllAccessors: .CausalityInterface5

===========================================================================================
----------------- testing Thu Jun 04 14:35:21 UTC 2020 /home/travis/build/icyphy/ptII/ptolemy/domains/modal/test/auto/CausalityInterface6.xml
----------------- Instantiating /home/travis/build/icyphy/ptII/ptolemy/domains/modal/test/auto/CausalityInterface6.xml
3 ms. Memory: 201728K Free: 69258K (34%)
----------------- Invoking toplevel() on ptolemy.moml.MoMLSimpleApplication@5ef0df58
----------------- Done invoking toplevel() on ptolemy.moml.MoMLSimpleApplication@5ef0df58
reloadAllAccessors: .CausalityInterface6

===========================================================================================
----------------- testing Thu Jun 04 14:35:21 UTC 2020 /home/travis/build/icyphy/ptII/ptolemy/domains/modal/test/auto/CausalityInterface7.xml
----------------- Instantiating /home/travis/build/icyphy/ptII/ptolemy/domains/modal/test/auto/CausalityInterface7.xml
5 ms. Memory: 201728K Free: 175754K (87%)
----------------- Invoking toplevel() on ptolemy.moml.MoMLSimpleApplication@3b302e93
----------------- Done invoking toplevel() on ptolemy.moml.MoMLSimpleApplication@3b302e93
reloadAllAccessors: .CausalityInterface7

===========================================================================================
----------------- testing Thu Jun 04 14:35:21 UTC 2020 /home/travis/build/icyphy/ptII/ptolemy/domains/modal/test/auto/CausalityInterface8.xml
----------------- Instantiating /home/travis/build/icyphy/ptII/ptolemy/domains/modal/test/auto/CausalityInterface8.xml
4 ms. Memory: 201728K Free: 167052K (83%)
----------------- Invoking toplevel() on ptolemy.moml.MoMLSimpleApplication@3b4e12e1
----------------- Done invoking toplevel() on ptolemy.moml.MoMLSimpleApplication@3b4e12e1
reloadAllAccessors: .CausalityInterface8

===========================================================================================
----------------- testing Thu Jun 04 14:35:21 UTC 2020 /home/travis/build/icyphy/ptII/ptolemy/domains/modal/test/auto/CausalityInterface9.xml
----------------- Instantiating /home/travis/build/icyphy/ptII/ptolemy/domains/modal/test/auto/CausalityInterface9.xml
6 ms. Memory: 201728K Free: 157322K (78%)
----------------- Invoking toplevel() on ptolemy.moml.MoMLSimpleApplication@4babdfab
----------------- Done invoking toplevel() on ptolemy.moml.MoMLSimpleApplication@4babdfab
reloadAllAccessors: .CausalityInterface9

===========================================================================================
----------------- testing Thu Jun 04 14:35:21 UTC 2020 /home/travis/build/icyphy/ptII/ptolemy/domains/modal/test/auto/ChainedTransitions.xml
----------------- Instantiating /home/travis/build/icyphy/ptII/ptolemy/domains/modal/test/auto/ChainedTransitions.xml
74 ms. Memory: 201728K Free: 132731K (66%)
----------------- Invoking toplevel() on ptolemy.moml.MoMLSimpleApplication@476cde57
----------------- Done invoking toplevel() on ptolemy.moml.MoMLSimpleApplication@476cde57
reloadAllAccessors: .ChainedTransitions

===========================================================================================
----------------- testing Thu Jun 04 14:35:21 UTC 2020 /home/travis/build/icyphy/ptII/ptolemy/domains/modal/test/auto/CycleOfImmediateTransitionsFSM.xml
----------------- Instantiating /home/travis/build/icyphy/ptII/ptolemy/domains/modal/test/auto/CycleOfImmediateTransitionsFSM.xml
3 ms. Memory: 201728K Free: 127116K (63%)
----------------- Invoking toplevel() on ptolemy.moml.MoMLSimpleApplication@574db52f
----------------- Done invoking toplevel() on ptolemy.moml.MoMLSimpleApplication@574db52f
reloadAllAccessors: .CycleOfImmediateTransitionsFSM

===========================================================================================
----------------- testing Thu Jun 04 14:35:21 UTC 2020 /home/travis/build/icyphy/ptII/ptolemy/domains/modal/test/auto/CycleOfImmediateTransitionsModal.xml
----------------- Instantiating /home/travis/build/icyphy/ptII/ptolemy/domains/modal/test/auto/CycleOfImmediateTransitionsModal.xml
3 ms. Memory: 201728K Free: 120972K (60%)
----------------- Invoking toplevel() on ptolemy.moml.MoMLSimpleApplication@51eb1b39
----------------- Done invoking toplevel() on ptolemy.moml.MoMLSimpleApplication@51eb1b39
reloadAllAccessors: .CycleOfImmediateTransitionsModal

===========================================================================================
----------------- testing Thu Jun 04 14:35:21 UTC 2020 /home/travis/build/icyphy/ptII/ptolemy/domains/modal/test/auto/CycleOfImmediateTransitionsModal2.xml
----------------- Instantiating /home/travis/build/icyphy/ptII/ptolemy/domains/modal/test/auto/CycleOfImmediateTransitionsModal2.xml
7 ms. Memory: 201728K Free: 114314K (57%)
----------------- Invoking toplevel() on ptolemy.moml.MoMLSimpleApplication@6249769a
----------------- Done invoking toplevel() on ptolemy.moml.MoMLSimpleApplication@6249769a
reloadAllAccessors: .CycleOfImmediateTransitionsModal2

===========================================================================================
----------------- testing Thu Jun 04 14:35:21 UTC 2020 /home/travis/build/icyphy/ptII/ptolemy/domains/modal/test/auto/CycleOfImmediateTransitionsModal3.xml
----------------- Instantiating /home/travis/build/icyphy/ptII/ptolemy/domains/modal/test/auto/CycleOfImmediateTransitionsModal3.xml
11 ms. Memory: 201728K Free: 91771K (45%)
----------------- Invoking toplevel() on ptolemy.moml.MoMLSimpleApplication@d828e91
----------------- Done invoking toplevel() on ptolemy.moml.MoMLSimpleApplication@d828e91
reloadAllAccessors: .CycleOfImmediateTransitionsModal3

===========================================================================================
----------------- testing Thu Jun 04 14:35:21 UTC 2020 /home/travis/build/icyphy/ptII/ptolemy/domains/modal/test/auto/DeepModal1.xml
----------------- Instantiating /home/travis/build/icyphy/ptII/ptolemy/domains/modal/test/auto/DeepModal1.xml
29 ms. Memory: 201728K Free: 77964K (39%)
----------------- Invoking toplevel() on ptolemy.moml.MoMLSimpleApplication@3d3aeb3
----------------- Done invoking toplevel() on ptolemy.moml.MoMLSimpleApplication@3d3aeb3
reloadAllAccessors: .DeepModal1

===========================================================================================
----------------- testing Thu Jun 04 14:35:21 UTC 2020 /home/travis/build/icyphy/ptII/ptolemy/domains/modal/test/auto/DeepModal2.xml
----------------- Instantiating /home/travis/build/icyphy/ptII/ptolemy/domains/modal/test/auto/DeepModal2.xml
24 ms. Memory: 201728K Free: 172684K (86%)
----------------- Invoking toplevel() on ptolemy.moml.MoMLSimpleApplication@1f8ef182
----------------- Done invoking toplevel() on ptolemy.moml.MoMLSimpleApplication@1f8ef182
reloadAllAccessors: .DeepModal2

===========================================================================================
----------------- testing Thu Jun 04 14:35:22 UTC 2020 /home/travis/build/icyphy/ptII/ptolemy/domains/modal/test/auto/DeepModal3.xml
----------------- Instantiating /home/travis/build/icyphy/ptII/ptolemy/domains/modal/test/auto/DeepModal3.xml
29 ms. Memory: 201728K Free: 153228K (76%)
----------------- Invoking toplevel() on ptolemy.moml.MoMLSimpleApplication@3676b36e
----------------- Done invoking toplevel() on ptolemy.moml.MoMLSimpleApplication@3676b36e
reloadAllAccessors: .DeepModal3

===========================================================================================
----------------- testing Thu Jun 04 14:35:22 UTC 2020 /home/travis/build/icyphy/ptII/ptolemy/domains/modal/test/auto/DeepModal4.xml
----------------- Instantiating /home/travis/build/icyphy/ptII/ptolemy/domains/modal/test/auto/DeepModal4.xml
29 ms. Memory: 201728K Free: 133772K (66%)
----------------- Invoking toplevel() on ptolemy.moml.MoMLSimpleApplication@85685a6
----------------- Done invoking toplevel() on ptolemy.moml.MoMLSimpleApplication@85685a6
reloadAllAccessors: .DeepModal4

===========================================================================================
----------------- testing Thu Jun 04 14:35:22 UTC 2020 /home/travis/build/icyphy/ptII/ptolemy/domains/modal/test/auto/Default1.xml
----------------- Instantiating /home/travis/build/icyphy/ptII/ptolemy/domains/modal/test/auto/Default1.xml
3 ms. Memory: 201728K Free: 127628K (63%)
----------------- Invoking toplevel() on ptolemy.moml.MoMLSimpleApplication@708a20f2
----------------- Done invoking toplevel() on ptolemy.moml.MoMLSimpleApplication@708a20f2
reloadAllAccessors: .Default1

===========================================================================================
----------------- testing Thu Jun 04 14:35:22 UTC 2020 /home/travis/build/icyphy/ptII/ptolemy/domains/modal/test/auto/Default2.xml
----------------- Instantiating /home/travis/build/icyphy/ptII/ptolemy/domains/modal/test/auto/Default2.xml
7 ms. Memory: 201728K Free: 121994K (60%)
----------------- Invoking toplevel() on ptolemy.moml.MoMLSimpleApplication@62715cc3
----------------- Done invoking toplevel() on ptolemy.moml.MoMLSimpleApplication@62715cc3
reloadAllAccessors: .Default2

===========================================================================================
----------------- testing Thu Jun 04 14:35:22 UTC 2020 /home/travis/build/icyphy/ptII/ptolemy/domains/modal/test/auto/Default3.xml
----------------- Instantiating /home/travis/build/icyphy/ptII/ptolemy/domains/modal/test/auto/Default3.xml
5 ms. Memory: 201728K Free: 115850K (57%)
----------------- Invoking toplevel() on ptolemy.moml.MoMLSimpleApplication@51e50334
----------------- Done invoking toplevel() on ptolemy.moml.MoMLSimpleApplication@51e50334
reloadAllAccessors: .Default3

===========================================================================================
----------------- testing Thu Jun 04 14:35:22 UTC 2020 /home/travis/build/icyphy/ptII/ptolemy/domains/modal/test/auto/Default4.xml
----------------- Instantiating /home/travis/build/icyphy/ptII/ptolemy/domains/modal/test/auto/Default4.xml
4 ms. Memory: 201728K Free: 109706K (54%)
----------------- Invoking toplevel() on ptolemy.moml.MoMLSimpleApplication@7ec627b7
----------------- Done invoking toplevel() on ptolemy.moml.MoMLSimpleApplication@7ec627b7
reloadAllAccessors: .Default4

===========================================================================================
----------------- testing Thu Jun 04 14:35:22 UTC 2020 /home/travis/build/icyphy/ptII/ptolemy/domains/modal/test/auto/Default5.xml
----------------- Instantiating /home/travis/build/icyphy/ptII/ptolemy/domains/modal/test/auto/Default5.xml
5 ms. Memory: 201728K Free: 102028K (51%)
----------------- Invoking toplevel() on ptolemy.moml.MoMLSimpleApplication@2d93a1f6
----------------- Done invoking toplevel() on ptolemy.moml.MoMLSimpleApplication@2d93a1f6
reloadAllAccessors: .Default5

===========================================================================================
----------------- testing Thu Jun 04 14:35:22 UTC 2020 /home/travis/build/icyphy/ptII/ptolemy/domains/modal/test/auto/EmptyGuard.xml
----------------- Instantiating /home/travis/build/icyphy/ptII/ptolemy/domains/modal/test/auto/EmptyGuard.xml
14 ms. Memory: 201728K Free: 94339K (47%)
----------------- Invoking toplevel() on ptolemy.moml.MoMLSimpleApplication@15e68d86
----------------- Done invoking toplevel() on ptolemy.moml.MoMLSimpleApplication@15e68d86
reloadAllAccessors: .EmptyGuard

===========================================================================================
----------------- testing Thu Jun 04 14:35:22 UTC 2020 /home/travis/build/icyphy/ptII/ptolemy/domains/modal/test/auto/ErrorTransition1.xml
----------------- Instantiating /home/travis/build/icyphy/ptII/ptolemy/domains/modal/test/auto/ErrorTransition1.xml
11 ms. Memory: 201728K Free: 85644K (42%)
----------------- Invoking toplevel() on ptolemy.moml.MoMLSimpleApplication@63e843ff
----------------- Done invoking toplevel() on ptolemy.moml.MoMLSimpleApplication@63e843ff
reloadAllAccessors: .ErrorTransition1

===========================================================================================
----------------- testing Thu Jun 04 14:35:22 UTC 2020 /home/travis/build/icyphy/ptII/ptolemy/domains/modal/test/auto/ErrorTransition10.xml
----------------- Instantiating /home/travis/build/icyphy/ptII/ptolemy/domains/modal/test/auto/ErrorTransition10.xml
11 ms. Memory: 201728K Free: 71803K (36%)
----------------- Invoking toplevel() on ptolemy.moml.MoMLSimpleApplication@5343c426
----------------- Done invoking toplevel() on ptolemy.moml.MoMLSimpleApplication@5343c426
reloadAllAccessors: .ErrorTransition10

===========================================================================================
----------------- testing Thu Jun 04 14:35:22 UTC 2020 /home/travis/build/icyphy/ptII/ptolemy/domains/modal/test/auto/ErrorTransition11.xml
----------------- Instantiating /home/travis/build/icyphy/ptII/ptolemy/domains/modal/test/auto/ErrorTransition11.xml
6 ms. Memory: 242688K Free: 215690K (89%)
----------------- Invoking toplevel() on ptolemy.moml.MoMLSimpleApplication@1c4e207c
----------------- Done invoking toplevel() on ptolemy.moml.MoMLSimpleApplication@1c4e207c
reloadAllAccessors: .ErrorTransition11

===========================================================================================
----------------- testing Thu Jun 04 14:35:22 UTC 2020 /home/travis/build/icyphy/ptII/ptolemy/domains/modal/test/auto/ErrorTransition2.xml
----------------- Instantiating /home/travis/build/icyphy/ptII/ptolemy/domains/modal/test/auto/ErrorTransition2.xml
6 ms. Memory: 242688K Free: 206474K (85%)
----------------- Invoking toplevel() on ptolemy.moml.MoMLSimpleApplication@1fd8d08b
----------------- Done invoking toplevel() on ptolemy.moml.MoMLSimpleApplication@1fd8d08b
reloadAllAccessors: .ErrorTransition2

===========================================================================================
----------------- testing Thu Jun 04 14:35:22 UTC 2020 /home/travis/build/icyphy/ptII/ptolemy/domains/modal/test/auto/ErrorTransition3.xml
----------------- Instantiating /home/travis/build/icyphy/ptII/ptolemy/domains/modal/test/auto/ErrorTransition3.xml
17 ms. Memory: 242688K Free: 196748K (81%)
----------------- Invoking toplevel() on ptolemy.moml.MoMLSimpleApplication@f31c02c
----------------- Done invoking toplevel() on ptolemy.moml.MoMLSimpleApplication@f31c02c
reloadAllAccessors: .ErrorTransition3

===========================================================================================
----------------- testing Thu Jun 04 14:35:22 UTC 2020 /home/travis/build/icyphy/ptII/ptolemy/domains/modal/test/auto/ErrorTransition4.xml
----------------- Instantiating /home/travis/build/icyphy/ptII/ptolemy/domains/modal/test/auto/ErrorTransition4.xml
12 ms. Memory: 242688K Free: 185484K (76%)
----------------- Invoking toplevel() on ptolemy.moml.MoMLSimpleApplication@42f821b8
----------------- Done invoking toplevel() on ptolemy.moml.MoMLSimpleApplication@42f821b8
reloadAllAccessors: .ErrorTransition4

===========================================================================================
----------------- testing Thu Jun 04 14:35:22 UTC 2020 /home/travis/build/icyphy/ptII/ptolemy/domains/modal/test/auto/ErrorTransition5.xml
----------------- Instantiating /home/travis/build/icyphy/ptII/ptolemy/domains/modal/test/auto/ErrorTransition5.xml
8 ms. Memory: 242688K Free: 175244K (72%)
----------------- Invoking toplevel() on ptolemy.moml.MoMLSimpleApplication@8e6366d
----------------- Done invoking toplevel() on ptolemy.moml.MoMLSimpleApplication@8e6366d
reloadAllAccessors: .ErrorTransition5

===========================================================================================
----------------- testing Thu Jun 04 14:35:22 UTC 2020 /home/travis/build/icyphy/ptII/ptolemy/domains/modal/test/auto/ErrorTransition6.xml
----------------- Instantiating /home/travis/build/icyphy/ptII/ptolemy/domains/modal/test/auto/ErrorTransition6.xml
7 ms. Memory: 242688K Free: 164490K (68%)
----------------- Invoking toplevel() on ptolemy.moml.MoMLSimpleApplication@78180836
----------------- Done invoking toplevel() on ptolemy.moml.MoMLSimpleApplication@78180836
reloadAllAccessors: .ErrorTransition6

===========================================================================================
----------------- testing Thu Jun 04 14:35:22 UTC 2020 /home/travis/build/icyphy/ptII/ptolemy/domains/modal/test/auto/ErrorTransition7.xml
----------------- Instantiating /home/travis/build/icyphy/ptII/ptolemy/domains/modal/test/auto/ErrorTransition7.xml
10 ms. Memory: 242688K Free: 151692K (63%)
----------------- Invoking toplevel() on ptolemy.moml.MoMLSimpleApplication@2235c8e6
----------------- Done invoking toplevel() on ptolemy.moml.MoMLSimpleApplication@2235c8e6
reloadAllAccessors: .ErrorTransition7

===========================================================================================
----------------- testing Thu Jun 04 14:35:22 UTC 2020 /home/travis/build/icyphy/ptII/ptolemy/domains/modal/test/auto/ErrorTransition8.xml
----------------- Instantiating /home/travis/build/icyphy/ptII/ptolemy/domains/modal/test/auto/ErrorTransition8.xml
35 ms. Memory: 242688K Free: 138380K (57%)
----------------- Invoking toplevel() on ptolemy.moml.MoMLSimpleApplication@2bdd4b10
----------------- Done invoking toplevel() on ptolemy.moml.MoMLSimpleApplication@2bdd4b10
reloadAllAccessors: .ErrorTransition8

===========================================================================================
----------------- testing Thu Jun 04 14:35:22 UTC 2020 /home/travis/build/icyphy/ptII/ptolemy/domains/modal/test/auto/ErrorTransition9.xml
----------------- Instantiating /home/travis/build/icyphy/ptII/ptolemy/domains/modal/test/auto/ErrorTransition9.xml
11 ms. Memory: 242688K Free: 125068K (52%)
----------------- Invoking toplevel() on ptolemy.moml.MoMLSimpleApplication@125a598e
----------------- Done invoking toplevel() on ptolemy.moml.MoMLSimpleApplication@125a598e
reloadAllAccessors: .ErrorTransition9

===========================================================================================
----------------- testing Thu Jun 04 14:35:22 UTC 2020 /home/travis/build/icyphy/ptII/ptolemy/domains/modal/test/auto/ExtendedFSM.xml
----------------- Instantiating /home/travis/build/icyphy/ptII/ptolemy/domains/modal/test/auto/ExtendedFSM.xml
7 ms. Memory: 242688K Free: 116347K (48%)
----------------- Invoking toplevel() on ptolemy.moml.MoMLSimpleApplication@434435ad
----------------- Done invoking toplevel() on ptolemy.moml.MoMLSimpleApplication@434435ad
reloadAllAccessors: .ExtendedFSM

===========================================================================================
----------------- testing Thu Jun 04 14:35:22 UTC 2020 /home/travis/build/icyphy/ptII/ptolemy/domains/modal/test/auto/FinalStates.xml
----------------- Instantiating /home/travis/build/icyphy/ptII/ptolemy/domains/modal/test/auto/FinalStates.xml
6 ms. Memory: 242688K Free: 108155K (45%)
----------------- Invoking toplevel() on ptolemy.moml.MoMLSimpleApplication@6de6567f
----------------- Done invoking toplevel() on ptolemy.moml.MoMLSimpleApplication@6de6567f
reloadAllAccessors: .FinalStates

===========================================================================================
----------------- testing Thu Jun 04 14:35:22 UTC 2020 /home/travis/build/icyphy/ptII/ptolemy/domains/modal/test/auto/FixedPointFSM.xml
----------------- Instantiating /home/travis/build/icyphy/ptII/ptolemy/domains/modal/test/auto/FixedPointFSM.xml
17 ms. Memory: 242688K Free: 93324K (38%)
----------------- Invoking toplevel() on ptolemy.moml.MoMLSimpleApplication@2cd03463
----------------- Done invoking toplevel() on ptolemy.moml.MoMLSimpleApplication@2cd03463
reloadAllAccessors: .FixedPointFSM

===========================================================================================
----------------- testing Thu Jun 04 14:35:22 UTC 2020 /home/travis/build/icyphy/ptII/ptolemy/domains/modal/test/auto/FixedPointIterationFSMActor.xml
----------------- Instantiating /home/travis/build/icyphy/ptII/ptolemy/domains/modal/test/auto/FixedPointIterationFSMActor.xml
25 ms. Memory: 242688K Free: 222469K (92%)
----------------- Invoking toplevel() on ptolemy.moml.MoMLSimpleApplication@4f00f1b7
----------------- Done invoking toplevel() on ptolemy.moml.MoMLSimpleApplication@4f00f1b7
reloadAllAccessors: .FixedPointIterationFSMActor

===========================================================================================
----------------- testing Thu Jun 04 14:35:22 UTC 2020 /home/travis/build/icyphy/ptII/ptolemy/domains/modal/test/auto/FixedPointIterationFSMActor2.xml
----------------- Instantiating /home/travis/build/icyphy/ptII/ptolemy/domains/modal/test/auto/FixedPointIterationFSMActor2.xml
9 ms. Memory: 242688K Free: 210060K (87%)
----------------- Invoking toplevel() on ptolemy.moml.MoMLSimpleApplication@d65ed8d
----------------- Done invoking toplevel() on ptolemy.moml.MoMLSimpleApplication@d65ed8d
reloadAllAccessors: .FixedPointIterationFSMActor2

===========================================================================================
----------------- testing Thu Jun 04 14:35:22 UTC 2020 /home/travis/build/icyphy/ptII/ptolemy/domains/modal/test/auto/ForbiddenInstantanousLoop.xml
----------------- Instantiating /home/travis/build/icyphy/ptII/ptolemy/domains/modal/test/auto/ForbiddenInstantanousLoop.xml
7 ms. Memory: 242688K Free: 197772K (81%)
----------------- Invoking toplevel() on ptolemy.moml.MoMLSimpleApplication@3db23a99
----------------- Done invoking toplevel() on ptolemy.moml.MoMLSimpleApplication@3db23a99
reloadAllAccessors: .ForbiddenInstantanousLoop

===========================================================================================
----------------- testing Thu Jun 04 14:35:22 UTC 2020 /home/travis/build/icyphy/ptII/ptolemy/domains/modal/test/auto/FunctionDependencyOfFSMActorTest.xml
----------------- Instantiating /home/travis/build/icyphy/ptII/ptolemy/domains/modal/test/auto/FunctionDependencyOfFSMActorTest.xml
12 ms. Memory: 242688K Free: 190604K (79%)
----------------- Invoking toplevel() on ptolemy.moml.MoMLSimpleApplication@710d22ba
----------------- Done invoking toplevel() on ptolemy.moml.MoMLSimpleApplication@710d22ba
reloadAllAccessors: .FunctionDependencyOfFSMActorTest

===========================================================================================
----------------- testing Thu Jun 04 14:35:22 UTC 2020 /home/travis/build/icyphy/ptII/ptolemy/domains/modal/test/auto/GuardExpression.xml
----------------- Instantiating /home/travis/build/icyphy/ptII/ptolemy/domains/modal/test/auto/GuardExpression.xml
3 ms. Memory: 242688K Free: 185484K (76%)
----------------- Invoking toplevel() on ptolemy.moml.MoMLSimpleApplication@67923eda
----------------- Done invoking toplevel() on ptolemy.moml.MoMLSimpleApplication@67923eda
reloadAllAccessors: .GuardExpression

===========================================================================================
----------------- testing Thu Jun 04 14:35:22 UTC 2020 /home/travis/build/icyphy/ptII/ptolemy/domains/modal/test/auto/GuardNotEvaluated.xml
----------------- Instantiating /home/travis/build/icyphy/ptII/ptolemy/domains/modal/test/auto/GuardNotEvaluated.xml
8 ms. Memory: 242688K Free: 176763K (73%)
----------------- Invoking toplevel() on ptolemy.moml.MoMLSimpleApplication@38225b
----------------- Done invoking toplevel() on ptolemy.moml.MoMLSimpleApplication@38225b
reloadAllAccessors: .GuardNotEvaluated

===========================================================================================
----------------- testing Thu Jun 04 14:35:23 UTC 2020 /home/travis/build/icyphy/ptII/ptolemy/domains/modal/test/auto/GuardNotEvaluated2.xml
----------------- Instantiating /home/travis/build/icyphy/ptII/ptolemy/domains/modal/test/auto/GuardNotEvaluated2.xml
9 ms. Memory: 242688K Free: 167052K (69%)
----------------- Invoking toplevel() on ptolemy.moml.MoMLSimpleApplication@6e95b546
----------------- Done invoking toplevel() on ptolemy.moml.MoMLSimpleApplication@6e95b546
reloadAllAccessors: .GuardNotEvaluated2

===========================================================================================
----------------- testing Thu Jun 04 14:35:23 UTC 2020 /home/travis/build/icyphy/ptII/ptolemy/domains/modal/test/auto/GuardOnAbsent.xml
----------------- Instantiating /home/travis/build/icyphy/ptII/ptolemy/domains/modal/test/auto/GuardOnAbsent.xml
8 ms. Memory: 242688K Free: 159355K (66%)
----------------- Invoking toplevel() on ptolemy.moml.MoMLSimpleApplication@6898d9af
----------------- Done invoking toplevel() on ptolemy.moml.MoMLSimpleApplication@6898d9af
reloadAllAccessors: .GuardOnAbsent

===========================================================================================
----------------- testing Thu Jun 04 14:35:23 UTC 2020 /home/travis/build/icyphy/ptII/ptolemy/domains/modal/test/auto/HierarchicalFSMTypeInference.xml
----------------- Instantiating /home/travis/build/icyphy/ptII/ptolemy/domains/modal/test/auto/HierarchicalFSMTypeInference.xml
4 ms. Memory: 242688K Free: 148620K (61%)
----------------- Invoking toplevel() on ptolemy.moml.MoMLSimpleApplication@58e38a2b
----------------- Done invoking toplevel() on ptolemy.moml.MoMLSimpleApplication@58e38a2b
reloadAllAccessors: .HierarchicalFSMTypeInference

===========================================================================================
----------------- testing Thu Jun 04 14:35:23 UTC 2020 /home/travis/build/icyphy/ptII/ptolemy/domains/modal/test/auto/Hysteresis.xml
----------------- Instantiating /home/travis/build/icyphy/ptII/ptolemy/domains/modal/test/auto/Hysteresis.xml
12 ms. Memory: 242688K Free: 135308K (56%)
----------------- Invoking toplevel() on ptolemy.moml.MoMLSimpleApplication@4b7c2a2b
----------------- Done invoking toplevel() on ptolemy.moml.MoMLSimpleApplication@4b7c2a2b
reloadAllAccessors: .Hysteresis

===========================================================================================
----------------- testing Thu Jun 04 14:35:23 UTC 2020 /home/travis/build/icyphy/ptII/ptolemy/domains/modal/test/auto/HysteresisWithDefault.xml
----------------- Instantiating /home/travis/build/icyphy/ptII/ptolemy/domains/modal/test/auto/HysteresisWithDefault.xml
39 ms. Memory: 242688K Free: 111756K (46%)
----------------- Invoking toplevel() on ptolemy.moml.MoMLSimpleApplication@2333f977
----------------- Done invoking toplevel() on ptolemy.moml.MoMLSimpleApplication@2333f977
reloadAllAccessors: .HysteresisWithDefault

===========================================================================================
----------------- testing Thu Jun 04 14:35:23 UTC 2020 /home/travis/build/icyphy/ptII/ptolemy/domains/modal/test/auto/HysteresisWithDefault2.xml
----------------- Instantiating /home/travis/build/icyphy/ptII/ptolemy/domains/modal/test/auto/HysteresisWithDefault2.xml
55 ms. Memory: 242688K Free: 221324K (91%)
----------------- Invoking toplevel() on ptolemy.moml.MoMLSimpleApplication@ae74312
----------------- Done invoking toplevel() on ptolemy.moml.MoMLSimpleApplication@ae74312
reloadAllAccessors: .HysteresisWithDefault2

===========================================================================================
----------------- testing Thu Jun 04 14:35:23 UTC 2020 /home/travis/build/icyphy/ptII/ptolemy/domains/modal/test/auto/ImmediateNonConstructiveness.xml
----------------- Instantiating /home/travis/build/icyphy/ptII/ptolemy/domains/modal/test/auto/ImmediateNonConstructiveness.xml
4 ms. Memory: 242688K Free: 213611K (88%)
----------------- Invoking toplevel() on ptolemy.moml.MoMLSimpleApplication@47ec6ced
----------------- Done invoking toplevel() on ptolemy.moml.MoMLSimpleApplication@47ec6ced
reloadAllAccessors: .ImmediateNonConstructiveness

===========================================================================================
----------------- testing Thu Jun 04 14:35:23 UTC 2020 /home/travis/build/icyphy/ptII/ptolemy/domains/modal/test/auto/ImmediateNonConstructiveness2.xml
----------------- Instantiating /home/travis/build/icyphy/ptII/ptolemy/domains/modal/test/auto/ImmediateNonConstructiveness2.xml
4 ms. Memory: 242688K Free: 206988K (85%)
----------------- Invoking toplevel() on ptolemy.moml.MoMLSimpleApplication@ded0712
----------------- Done invoking toplevel() on ptolemy.moml.MoMLSimpleApplication@ded0712
reloadAllAccessors: .ImmediateNonConstructiveness2

===========================================================================================
----------------- testing Thu Jun 04 14:35:23 UTC 2020 /home/travis/build/icyphy/ptII/ptolemy/domains/modal/test/auto/ImmediateTransitionReset.xml
----------------- Instantiating /home/travis/build/icyphy/ptII/ptolemy/domains/modal/test/auto/ImmediateTransitionReset.xml
6 ms. Memory: 242688K Free: 195210K (80%)
----------------- Invoking toplevel() on ptolemy.moml.MoMLSimpleApplication@6fa54ada
----------------- Done invoking toplevel() on ptolemy.moml.MoMLSimpleApplication@6fa54ada
reloadAllAccessors: .ImmediateTransitionReset

===========================================================================================
----------------- testing Thu Jun 04 14:35:23 UTC 2020 /home/travis/build/icyphy/ptII/ptolemy/domains/modal/test/auto/ImmediateTransitions1.xml
----------------- Instantiating /home/travis/build/icyphy/ptII/ptolemy/domains/modal/test/auto/ImmediateTransitions1.xml
2 ms. Memory: 242688K Free: 190090K (78%)
----------------- Invoking toplevel() on ptolemy.moml.MoMLSimpleApplication@5b28ad25
----------------- Done invoking toplevel() on ptolemy.moml.MoMLSimpleApplication@5b28ad25
reloadAllAccessors: .ImmediateTransitions1

===========================================================================================
----------------- testing Thu Jun 04 14:35:23 UTC 2020 /home/travis/build/icyphy/ptII/ptolemy/domains/modal/test/auto/ImmediateTransitionsInstantaneousCommunication.xml
----------------- Instantiating /home/travis/build/icyphy/ptII/ptolemy/domains/modal/test/auto/ImmediateTransitionsInstantaneousCommunication.xml
5 ms. Memory: 242688K Free: 177802K (73%)
----------------- Invoking toplevel() on ptolemy.moml.MoMLSimpleApplication@5dda262b
----------------- Done invoking toplevel() on ptolemy.moml.MoMLSimpleApplication@5dda262b
reloadAllAccessors: .ImmediateTransitionsInstantaneousCommunication

===========================================================================================
----------------- testing Thu Jun 04 14:35:23 UTC 2020 /home/travis/build/icyphy/ptII/ptolemy/domains/modal/test/auto/InitialImmediateTransition.xml
----------------- Instantiating /home/travis/build/icyphy/ptII/ptolemy/domains/modal/test/auto/InitialImmediateTransition.xml
5 ms. Memory: 242688K Free: 170627K (70%)
----------------- Invoking toplevel() on ptolemy.moml.MoMLSimpleApplication@3db76a67
----------------- Done invoking toplevel() on ptolemy.moml.MoMLSimpleApplication@3db76a67
reloadAllAccessors: .InitialImmediateTransition

===========================================================================================
----------------- testing Thu Jun 04 14:35:23 UTC 2020 /home/travis/build/icyphy/ptII/ptolemy/domains/modal/test/auto/InitialOutputs.xml
----------------- Instantiating /home/travis/build/icyphy/ptII/ptolemy/domains/modal/test/auto/InitialOutputs.xml
3 ms. Memory: 242688K Free: 163980K (68%)
----------------- Invoking toplevel() on ptolemy.moml.MoMLSimpleApplication@32db2ed9
----------------- Done invoking toplevel() on ptolemy.moml.MoMLSimpleApplication@32db2ed9
reloadAllAccessors: .InitialOutputs

===========================================================================================
----------------- testing Thu Jun 04 14:35:23 UTC 2020 /home/travis/build/icyphy/ptII/ptolemy/domains/modal/test/auto/InitialStateTransition1.xml
----------------- Instantiating /home/travis/build/icyphy/ptII/ptolemy/domains/modal/test/auto/InitialStateTransition1.xml
2 ms. Memory: 242688K Free: 156812K (65%)
----------------- Invoking toplevel() on ptolemy.moml.MoMLSimpleApplication@391478ee
----------------- Done invoking toplevel() on ptolemy.moml.MoMLSimpleApplication@391478ee
reloadAllAccessors: .InitialStateTransition1

===========================================================================================
----------------- testing Thu Jun 04 14:35:23 UTC 2020 /home/travis/build/icyphy/ptII/ptolemy/domains/modal/test/auto/InitialStateTransition2.xml
----------------- Instantiating /home/travis/build/icyphy/ptII/ptolemy/domains/modal/test/auto/InitialStateTransition2.xml
.InitialStateTransition2.TestExceptionAttributeNonConstructive: initialize() was not invoked, but wrapup() was.  This is unusual, but not always a problem.  For example, exporting JNLP will do this.
2 ms. Memory: 242688K Free: 149130K (61%)
----------------- Invoking toplevel() on ptolemy.moml.MoMLSimpleApplication@fce1cb0
----------------- Done invoking toplevel() on ptolemy.moml.MoMLSimpleApplication@fce1cb0
reloadAllAccessors: .InitialStateTransition2

===========================================================================================
----------------- testing Thu Jun 04 14:35:23 UTC 2020 /home/travis/build/icyphy/ptII/ptolemy/domains/modal/test/auto/InitialStateTransition3.xml
----------------- Instantiating /home/travis/build/icyphy/ptII/ptolemy/domains/modal/test/auto/InitialStateTransition3.xml
3 ms. Memory: 242688K Free: 140938K (58%)
----------------- Invoking toplevel() on ptolemy.moml.MoMLSimpleApplication@739a0c5f
----------------- Done invoking toplevel() on ptolemy.moml.MoMLSimpleApplication@739a0c5f
reloadAllAccessors: .InitialStateTransition3

===========================================================================================
----------------- testing Thu Jun 04 14:35:23 UTC 2020 /home/travis/build/icyphy/ptII/ptolemy/domains/modal/test/auto/InitialStateTransition4.xml
----------------- Instantiating /home/travis/build/icyphy/ptII/ptolemy/domains/modal/test/auto/InitialStateTransition4.xml
3 ms. Memory: 242688K Free: 131212K (54%)
----------------- Invoking toplevel() on ptolemy.moml.MoMLSimpleApplication@18aaa172
----------------- Done invoking toplevel() on ptolemy.moml.MoMLSimpleApplication@18aaa172
[...]
reloadAllAccessors: .TerminationTransition3

===========================================================================================
----------------- testing Thu Jun 04 14:35:25 UTC 2020 /home/travis/build/icyphy/ptII/ptolemy/domains/modal/test/auto/TerminationTransition4.xml
----------------- Instantiating /home/travis/build/icyphy/ptII/ptolemy/domains/modal/test/auto/TerminationTransition4.xml
5 ms. Memory: 310272K Free: 247324K (80%)
----------------- Invoking toplevel() on ptolemy.moml.MoMLSimpleApplication@e5dcdde
----------------- Done invoking toplevel() on ptolemy.moml.MoMLSimpleApplication@e5dcdde
reloadAllAccessors: .TerminationTransition4

===========================================================================================
----------------- testing Thu Jun 04 14:35:25 UTC 2020 /home/travis/build/icyphy/ptII/ptolemy/domains/modal/test/auto/TerminationTransition5.xml
----------------- Instantiating /home/travis/build/icyphy/ptII/ptolemy/domains/modal/test/auto/TerminationTransition5.xml
3 ms. Memory: 310272K Free: 233498K (75%)
----------------- Invoking toplevel() on ptolemy.moml.MoMLSimpleApplication@48c52383
----------------- Done invoking toplevel() on ptolemy.moml.MoMLSimpleApplication@48c52383
reloadAllAccessors: .TerminationTransition5

===========================================================================================
----------------- testing Thu Jun 04 14:35:25 UTC 2020 /home/travis/build/icyphy/ptII/ptolemy/domains/modal/test/auto/TerminationTransition6.xml
----------------- Instantiating /home/travis/build/icyphy/ptII/ptolemy/domains/modal/test/auto/TerminationTransition6.xml
2 ms. Memory: 310272K Free: 225306K (73%)
----------------- Invoking toplevel() on ptolemy.moml.MoMLSimpleApplication@3a289c22
----------------- Done invoking toplevel() on ptolemy.moml.MoMLSimpleApplication@3a289c22
reloadAllAccessors: .TerminationTransition6

===========================================================================================
----------------- testing Thu Jun 04 14:35:25 UTC 2020 /home/travis/build/icyphy/ptII/ptolemy/domains/modal/test/auto/TerminationTransition7.xml
----------------- Instantiating /home/travis/build/icyphy/ptII/ptolemy/domains/modal/test/auto/TerminationTransition7.xml
2 ms. Memory: 310272K Free: 215580K (69%)
----------------- Invoking toplevel() on ptolemy.moml.MoMLSimpleApplication@48aaa255
----------------- Done invoking toplevel() on ptolemy.moml.MoMLSimpleApplication@48aaa255
reloadAllAccessors: .TerminationTransition7

===========================================================================================
----------------- testing Thu Jun 04 14:35:25 UTC 2020 /home/travis/build/icyphy/ptII/ptolemy/domains/modal/test/auto/TerminationTransition8.xml
----------------- Instantiating /home/travis/build/icyphy/ptII/ptolemy/domains/modal/test/auto/TerminationTransition8.xml
2 ms. Memory: 310272K Free: 205835K (66%)
----------------- Invoking toplevel() on ptolemy.moml.MoMLSimpleApplication@1a8f9d31
----------------- Done invoking toplevel() on ptolemy.moml.MoMLSimpleApplication@1a8f9d31
reloadAllAccessors: .TerminationTransition8

===========================================================================================
----------------- testing Thu Jun 04 14:35:25 UTC 2020 /home/travis/build/icyphy/ptII/ptolemy/domains/modal/test/auto/Thermostat_NoHysteresis.xml
----------------- Instantiating /home/travis/build/icyphy/ptII/ptolemy/domains/modal/test/auto/Thermostat_NoHysteresis.xml
28 ms. Memory: 310272K Free: 181274K (58%)
----------------- Invoking toplevel() on ptolemy.moml.MoMLSimpleApplication@50082ac
----------------- Done invoking toplevel() on ptolemy.moml.MoMLSimpleApplication@50082ac
reloadAllAccessors: .Thermostat_NoHysteresis

===========================================================================================
----------------- testing Thu Jun 04 14:35:25 UTC 2020 /home/travis/build/icyphy/ptII/ptolemy/domains/modal/test/auto/TimedFSM.xml
----------------- Instantiating /home/travis/build/icyphy/ptII/ptolemy/domains/modal/test/auto/TimedFSM.xml
9 ms. Memory: 310272K Free: 169500K (55%)
----------------- Invoking toplevel() on ptolemy.moml.MoMLSimpleApplication@439fa0dc
----------------- Done invoking toplevel() on ptolemy.moml.MoMLSimpleApplication@439fa0dc
reloadAllAccessors: .TimedFSM

===========================================================================================
----------------- testing Thu Jun 04 14:35:25 UTC 2020 /home/travis/build/icyphy/ptII/ptolemy/domains/modal/test/auto/Timeout1.xml
----------------- Instantiating /home/travis/build/icyphy/ptII/ptolemy/domains/modal/test/auto/Timeout1.xml
3 ms. Memory: 310272K Free: 163851K (53%)
----------------- Invoking toplevel() on ptolemy.moml.MoMLSimpleApplication@3f4a17d8
----------------- Done invoking toplevel() on ptolemy.moml.MoMLSimpleApplication@3f4a17d8
reloadAllAccessors: .Timeout1

===========================================================================================
----------------- testing Thu Jun 04 14:35:25 UTC 2020 /home/travis/build/icyphy/ptII/ptolemy/domains/modal/test/auto/Timeout2.xml
----------------- Instantiating /home/travis/build/icyphy/ptII/ptolemy/domains/modal/test/auto/Timeout2.xml
7 ms. Memory: 310272K Free: 155164K (50%)
----------------- Invoking toplevel() on ptolemy.moml.MoMLSimpleApplication@4520de44
----------------- Done invoking toplevel() on ptolemy.moml.MoMLSimpleApplication@4520de44
reloadAllAccessors: .Timeout2

===========================================================================================
----------------- testing Thu Jun 04 14:35:25 UTC 2020 /home/travis/build/icyphy/ptII/ptolemy/domains/modal/test/auto/Timeout3.xml
----------------- Instantiating /home/travis/build/icyphy/ptII/ptolemy/domains/modal/test/auto/Timeout3.xml
2 ms. Memory: 310272K Free: 150044K (48%)
----------------- Invoking toplevel() on ptolemy.moml.MoMLSimpleApplication@78e412b9
----------------- Done invoking toplevel() on ptolemy.moml.MoMLSimpleApplication@78e412b9
reloadAllAccessors: .Timeout3

===========================================================================================
----------------- testing Thu Jun 04 14:35:25 UTC 2020 /home/travis/build/icyphy/ptII/ptolemy/domains/modal/test/auto/Timeout4.xml
----------------- Instantiating /home/travis/build/icyphy/ptII/ptolemy/domains/modal/test/auto/Timeout4.xml
2 ms. Memory: 310272K Free: 144924K (47%)
----------------- Invoking toplevel() on ptolemy.moml.MoMLSimpleApplication@2e082c78
----------------- Done invoking toplevel() on ptolemy.moml.MoMLSimpleApplication@2e082c78
reloadAllAccessors: .Timeout4

===========================================================================================
----------------- testing Thu Jun 04 14:35:25 UTC 2020 /home/travis/build/icyphy/ptII/ptolemy/domains/modal/test/auto/TransientstateModelAdvanced.xml
----------------- Instantiating /home/travis/build/icyphy/ptII/ptolemy/domains/modal/test/auto/TransientstateModelAdvanced.xml
4 ms. Memory: 310272K Free: 132636K (43%)
----------------- Invoking toplevel() on ptolemy.moml.MoMLSimpleApplication@7d7c79c6
----------------- Done invoking toplevel() on ptolemy.moml.MoMLSimpleApplication@7d7c79c6
reloadAllAccessors: .TransientstateModelAdvanced

===========================================================================================
----------------- testing Thu Jun 04 14:35:25 UTC 2020 /home/travis/build/icyphy/ptII/ptolemy/domains/modal/test/auto/TransientstateModelAdvanced2.xml
----------------- Instantiating /home/travis/build/icyphy/ptII/ptolemy/domains/modal/test/auto/TransientstateModelAdvanced2.xml
3 ms. Memory: 310272K Free: 118300K (38%)
----------------- Invoking toplevel() on ptolemy.moml.MoMLSimpleApplication@2f988e49
----------------- Done invoking toplevel() on ptolemy.moml.MoMLSimpleApplication@2f988e49
reloadAllAccessors: .transientstatemodelAdvanced

===========================================================================================
----------------- testing Thu Jun 04 14:35:25 UTC 2020 /home/travis/build/icyphy/ptII/ptolemy/domains/modal/test/auto/TransitionRefinements.xml
----------------- Instantiating /home/travis/build/icyphy/ptII/ptolemy/domains/modal/test/auto/TransitionRefinements.xml
24 ms. Memory: 310272K Free: 288299K (93%)
----------------- Invoking toplevel() on ptolemy.moml.MoMLSimpleApplication@9a43b8b
----------------- Done invoking toplevel() on ptolemy.moml.MoMLSimpleApplication@9a43b8b
reloadAllAccessors: .TransitionRefinements

===========================================================================================
----------------- testing Thu Jun 04 14:35:25 UTC 2020 /home/travis/build/icyphy/ptII/ptolemy/domains/modal/test/auto/TwoRefinements1.xml
----------------- Instantiating /home/travis/build/icyphy/ptII/ptolemy/domains/modal/test/auto/TwoRefinements1.xml
3 ms. Memory: 310272K Free: 277610K (89%)
----------------- Invoking toplevel() on ptolemy.moml.MoMLSimpleApplication@afcddc3
----------------- Done invoking toplevel() on ptolemy.moml.MoMLSimpleApplication@afcddc3
reloadAllAccessors: .TwoRefinements1

===========================================================================================
----------------- testing Thu Jun 04 14:35:25 UTC 2020 /home/travis/build/icyphy/ptII/ptolemy/domains/modal/test/auto/TwoRefinements2.xml
----------------- Instantiating /home/travis/build/icyphy/ptII/ptolemy/domains/modal/test/auto/TwoRefinements2.xml
2 ms. Memory: 310272K Free: 267370K (86%)
----------------- Invoking toplevel() on ptolemy.moml.MoMLSimpleApplication@4506fca
----------------- Done invoking toplevel() on ptolemy.moml.MoMLSimpleApplication@4506fca
reloadAllAccessors: .TwoRefinements2

===========================================================================================
----------------- testing Thu Jun 04 14:35:25 UTC 2020 /home/travis/build/icyphy/ptII/ptolemy/domains/modal/test/auto/WeakImmediateTransition.xml
----------------- Instantiating /home/travis/build/icyphy/ptII/ptolemy/domains/modal/test/auto/WeakImmediateTransition.xml
4 ms. Memory: 310272K Free: 258664K (83%)
----------------- Invoking toplevel() on ptolemy.moml.MoMLSimpleApplication@7175bb84
----------------- Done invoking toplevel() on ptolemy.moml.MoMLSimpleApplication@7175bb84
reloadAllAccessors: .WeakImmediateTransition

===========================================================================================
----------------- testing Thu Jun 04 14:35:26 UTC 2020 /home/travis/build/icyphy/ptII/ptolemy/domains/modal/test/auto/booleanSelect.xml
----------------- Instantiating /home/travis/build/icyphy/ptII/ptolemy/domains/modal/test/auto/booleanSelect.xml
35 ms. Memory: 310272K Free: 240746K (78%)
----------------- Invoking toplevel() on ptolemy.moml.MoMLSimpleApplication@421af559
----------------- Done invoking toplevel() on ptolemy.moml.MoMLSimpleApplication@421af559
reloadAllAccessors: .booleanSelect

===========================================================================================
----------------- testing Thu Jun 04 14:35:26 UTC 2020 /home/travis/build/icyphy/ptII/ptolemy/domains/modal/test/auto/modalChangingParams.xml
----------------- Instantiating /home/travis/build/icyphy/ptII/ptolemy/domains/modal/test/auto/modalChangingParams.xml
0
1
0
2
4
6
8
7
0
2
4
6
8
13
0
2
4
6
8
19
0
2
4
6
8
25
0
2
4
6
8
31
0
2
4
6
8
37
0
2
4
6
8
43
0
2
4
6
8
49
0
2
4
6
8
55
0
2
4
6
8
61
0
2
4
6
8
67
0
2
4
6
8
73
0
2
4
6
8
79
0
2
4
6
8
85
0
2
4
6
8
91
0
2
4
6
8
97
0
2
4
6
8
103
0
2
4
6
8
109
0
2
4
6
8
115
0
2
4
6
8
121
0
2
4
6
8
127
0
2
4
6
8
133
0
2
4
6
8
139
0
2
4
6
8
145
0
2
4
6
8
151
0
2
4
6
8
157
0
2
4
6
8
163
0
2
4
6
8
169
0
2
4
6
8
175
0
2
4
6
8
181
0
2
4
6
8
187
0
2
4
6
8
193
0
2
4
6
8
199
0
2
4
6
8
205
0
2
4
6
8
211
0
2
4
6
8
217
0
2
4
6
8
223
0
2
4
6
8
229
0
2
4
6
8
235
0
2
4
6
8
241
0
2
4
6
8
247
0
2
4
6
8
253
0
2
4
6
8
259
0
2
4
6
8
265
0
2
4
6
8
271
0
2
4
6
8
277
0
2
4
6
8
283
0
2
4
6
8
289
0
2
4
6
8
295
0
2
4
6
8
301
0
2
4
6
8
307
0
2
4
6
8
313
0
2
4
6
8
319
0
2
4
6
8
325
0
2
4
6
8
331
0
2
4
6
8
337
0
2
4
6
8
343
0
2
4
6
8
349
0
2
4
6
8
355
0
2
4
6
8
361
0
2
4
6
8
367
0
2
4
6
8
373
0
2
4
6
8
379
0
2
4
6
8
385
0
2
4
6
8
391
0
2
4
6
8
397
0
2
4
6
8
403
0
2
4
6
8
409
0
2
4
6
8
415
0
2
4
6
8
421
0
2
4
6
8
427
0
2
4
6
8
433
0
2
4
6
8
439
0
2
4
6
8
445
0
2
4
6
8
451
0
2
4
6
8
457
0
2
4
6
8
463
0
2
4
6
8
469
0
2
4
6
8
475
0
2
4
6
8
481
0
2
4
6
8
487
0
2
4
6
8
493
0
2
4
6
8
499
0
2
4
6
8
505
0
2
4
6
8
511
0
2
4
6
8
517
0
2
4
6
8
523
0
2
4
6
8
529
0
2
4
6
8
535
0
2
4
6
8
541
0
2
4
6
8
547
0
2
4
6
8
553
0
2
4
6
8
559
0
2
4
6
8
565
0
2
4
6
8
571
0
2
4
6
8
577
0
2
4
6
8
583
0
2
4
6
8
589
0
2
4
6
8
595
0
2
4
6
8
601
0
2
4
6
8
607
0
2
4
6
8
613
0
2
4
6
8
619
0
2
4
6
8
625
0
2
4
6
8
631
0
2
4
6
8
637
0
2
4
6
8
643
0
2
4
6
8
649
0
2
4
6
8
655
0
2
4
6
8
661
0
2
4
6
8
667
0
2
4
6
8
673
0
2
4
6
8
679
0
2
4
6
8
685
0
2
4
6
8
691
0
2
4
6
8
697
0
2
4
6
8
703
0
2
4
6
8
709
0
2
4
6
8
715
0
2
4
6
8
721
0
2
4
6
8
727
0
2
4
6
8
733
0
2
4
6
8
739
0
2
4
6
8
745
0
2
4
6
8
751
0
2
4
6
8
757
0
2
4
6
8
763
0
2
4
6
8
769
0
2
4
6
8
775
0
2
4
6
8
781
0
2
4
6
8
787
0
2
4
6
8
793
0
2
4
6
8
799
0
2
4
6
8
805
0
2
4
6
8
811
0
2
4
6
8
817
0
2
4
6
8
823
0
2
4
6
8
829
0
2
4
6
8
835
0
2
4
6
8
841
0
2
4
6
8
847
0
2
4
6
8
853
0
2
4
6
8
859
0
2
4
6
8
865
0
2
4
6
8
871
0
2
4
6
8
877
0
2
4
6
8
883
0
2
4
6
8
889
0
2
4
6
8
895
0
2
4
6
8
901
0
2
4
6
8
907
0
2
4
6
8
913
0
2
4
6
8
919
0
2
4
6
8
925
0
2
4
6
8
931
0
2
4
6
8
937
0
2
4
6
8
943
0
2
4
6
8
949
0
2
4
6
8
955
0
2
4
6
8
961
0
2
4
6
8
967
0
2
4
6
8
973
0
2
4
6
8
979
0
2
4
6
8
985
0
2
4
6
8
991
0
2
4
6
8
997
0
2
295 ms. Memory: 310272K Free: 126058K (41%)
----------------- Invoking toplevel() on ptolemy.moml.MoMLSimpleApplication@6fe63873
----------------- Done invoking toplevel() on ptolemy.moml.MoMLSimpleApplication@6fe63873
reloadAllAccessors: .modalChangingParams

===========================================================================================
----------------- testing Thu Jun 04 14:35:26 UTC 2020 /home/travis/build/icyphy/ptII/ptolemy/domains/modal/test/auto/modalModel.xml
----------------- Instantiating /home/travis/build/icyphy/ptII/ptolemy/domains/modal/test/auto/modalModel.xml
17 ms. Memory: 310272K Free: 117338K (38%)
----------------- Invoking toplevel() on ptolemy.moml.MoMLSimpleApplication@2192af25
----------------- Done invoking toplevel() on ptolemy.moml.MoMLSimpleApplication@2192af25
reloadAllAccessors: .modalModel

===========================================================================================
----------------- testing Thu Jun 04 14:35:26 UTC 2020 /home/travis/build/icyphy/ptII/ptolemy/domains/modal/test/auto/modalModel2.xml
----------------- Instantiating /home/travis/build/icyphy/ptII/ptolemy/domains/modal/test/auto/modalModel2.xml
18 ms. Memory: 378880K Free: 356778K (94%)
----------------- Invoking toplevel() on ptolemy.moml.MoMLSimpleApplication@2fce2741
----------------- Done invoking toplevel() on ptolemy.moml.MoMLSimpleApplication@2fce2741
reloadAllAccessors: .modalModel2

===========================================================================================
----------------- testing Thu Jun 04 14:35:26 UTC 2020 /home/travis/build/icyphy/ptII/ptolemy/domains/modal/test/auto/modalModel3.xml
----------------- Instantiating /home/travis/build/icyphy/ptII/ptolemy/domains/modal/test/auto/modalModel3.xml
0	0	0
1	0	1
4	2	2
7	4	3
10	6	4
5	0	5
8	2	6
11	4	7
14	6	8
9	0	9
12	2	10
15	4	11
18	6	12
13	0	13
16	2	14
17 ms. Memory: 378880K Free: 341418K (90%)
----------------- Invoking toplevel() on ptolemy.moml.MoMLSimpleApplication@61476e29
----------------- Done invoking toplevel() on ptolemy.moml.MoMLSimpleApplication@61476e29
reloadAllAccessors: .modalModel3

===========================================================================================
----------------- testing Thu Jun 04 14:35:26 UTC 2020 /home/travis/build/icyphy/ptII/ptolemy/domains/modal/test/auto/model1.xml
----------------- Instantiating /home/travis/build/icyphy/ptII/ptolemy/domains/modal/test/auto/model1.xml
11 ms. Memory: 378880K Free: 335784K (89%)
----------------- Invoking toplevel() on ptolemy.moml.MoMLSimpleApplication@3a29bd67
----------------- Done invoking toplevel() on ptolemy.moml.MoMLSimpleApplication@3a29bd67
reloadAllAccessors: .model1

===========================================================================================
----------------- testing Thu Jun 04 14:35:26 UTC 2020 /home/travis/build/icyphy/ptII/ptolemy/domains/modal/test/auto/test-direct-in-out.xml
----------------- Instantiating /home/travis/build/icyphy/ptII/ptolemy/domains/modal/test/auto/test-direct-in-out.xml
6 ms. Memory: 378880K Free: 328106K (87%)
----------------- Invoking toplevel() on ptolemy.moml.MoMLSimpleApplication@3dbbcbbc
----------------- Done invoking toplevel() on ptolemy.moml.MoMLSimpleApplication@3dbbcbbc
reloadAllAccessors: .test-direct-in-out
AutoTests.java: About to close Vertx.
AutoTests.java: Vertx closed.
]]></system-out>
  <system-err><![CDATA[java.lang.RuntimeException: Execution failed
	at ptolemy.moml.MoMLSimpleApplication$UnloadThread.run(MoMLSimpleApplication.java:402)
Caused by: ptolemy.kernel.util.IllegalActionException: Unknown inputs remain. Possible causality loop:
L_model_1893289564i

  in .CannotAnalysisWithPreemption.model_1893289564_region_1 and .CannotAnalysisWithPreemption.model_1893289564_region_1.L_model_1893289564i
	at ptolemy.actor.sched.FixedPointDirector.postfire(FixedPointDirector.java:515)
	at ptolemy.domains.sr.kernel.SRDirector.postfire(SRDirector.java:417)
	at ptolemy.actor.CompositeActor.postfire(CompositeActor.java:1668)
	at ptolemy.actor.Manager.iterate(Manager.java:852)
	at ptolemy.actor.Manager.execute(Manager.java:369)
	at ptolemy.actor.Manager.run(Manager.java:1263)
	at ptolemy.actor.Manager$PtolemyRunThread.run(Manager.java:1933)
java.lang.reflect.InvocationTargetException
	at java.base/jdk.internal.reflect.NativeConstructorAccessorImpl.newInstance0(Native Method)
	at java.base/jdk.internal.reflect.NativeConstructorAccessorImpl.newInstance(NativeConstructorAccessorImpl.java:62)
	at java.base/jdk.internal.reflect.DelegatingConstructorAccessorImpl.newInstance(DelegatingConstructorAccessorImpl.java:45)
	at java.base/java.lang.reflect.Constructor.newInstance(Constructor.java:490)
	at ptolemy.util.test.junit.AutoKnownFailedTests.RunModel(AutoKnownFailedTests.java:105)
	at java.base/jdk.internal.reflect.NativeMethodAccessorImpl.invoke0(Native Method)
	at java.base/jdk.internal.reflect.NativeMethodAccessorImpl.invoke(NativeMethodAccessorImpl.java:62)
	at java.base/jdk.internal.reflect.DelegatingMethodAccessorImpl.invoke(DelegatingMethodAccessorImpl.java:43)
	at java.base/java.lang.reflect.Method.invoke(Method.java:566)
	at org.junit.runners.model.FrameworkMethod$1.runReflectiveCall(FrameworkMethod.java:44)
	at org.junit.internal.runners.model.ReflectiveCallable.run(ReflectiveCallable.java:15)
	at org.junit.runners.model.FrameworkMethod.invokeExplosively(FrameworkMethod.java:41)
	at junitparams.internal.InvokeParameterisedMethod.evaluate(InvokeParameterisedMethod.java:102)
	at org.junit.internal.runners.statements.FailOnTimeout$1.run(FailOnTimeout.java:28)
Caused by: ptolemy.kernel.util.IllegalActionException: Unknown inputs remain. Possible causality loop:
L_model_1893289564i

  in .CannotAnalysisWithPreemption.model_1893289564_region_1 and .CannotAnalysisWithPreemption.model_1893289564_region_1.L_model_1893289564i
	at ptolemy.actor.sched.FixedPointDirector.postfire(FixedPointDirector.java:515)
	at ptolemy.domains.sr.kernel.SRDirector.postfire(SRDirector.java:417)
	at ptolemy.actor.CompositeActor.postfire(CompositeActor.java:1668)
	at ptolemy.actor.Manager.iterate(Manager.java:852)
	at ptolemy.actor.Manager.execute(Manager.java:369)
	at ptolemy.actor.Manager.run(Manager.java:1263)
	at ptolemy.actor.Manager$PtolemyRunThread.run(Manager.java:1933)
]]></system-err>
</testsuite>
